{
  "name": "serde_json::ser::<ser::MapKeySerializer<'a, W, F> as serde::Serializer>::serialize_u64",
  "name_with_impl": "serde_json::ser::{impl#11}::serialize_u64",
  "mod_info": {
    "name": "ser",
    "loc": "src/lib.rs:423:1:423:13"
  },
  "visible": true,
  "loc": "src/ser.rs:985:5:1000:6",
  "fn_tests": [
    {
      "chain_id": 0,
      "prompt_conds": [],
      "input_infer": "",
      "answers": [
        {
          "uses": [],
          "has_test_mod": false,
          "common": [],
          "chain_tests": [
            {
              "attrs": [],
              "prefix": [],
              "oracles": [],
              "codes": [
                [
                  "{",
                  "    struct MockWriter {",
                  "        output: Vec<u8>,",
                  "    }",
                  "",
                  "    impl io::Write for MockWriter {",
                  "        fn write(&mut self, buf: &[u8]) -> Result<usize, std::io::Error> {",
                  "            self.output.extend_from_slice(buf);",
                  "            Ok(buf.len())",
                  "        }",
                  "",
                  "        fn flush(&mut self) -> Result<(), std::io::Error> {",
                  "            Ok(())",
                  "        }",
                  "    }",
                  "",
                  "    struct MockFormatter;",
                  "",
                  "    impl Formatter for MockFormatter {",
                  "        fn begin_string(&mut self, _writer: &mut dyn io::Write) -> Result<()> {",
                  "            Ok(())",
                  "        }",
                  "",
                  "        fn write_u64(&mut self, _writer: &mut dyn io::Write, value: u64) -> Result<()> {",
                  "            let serialized = value.to_string().into_bytes();",
                  "            _writer.write(&serialized).map(|_| ())",
                  "        }",
                  "",
                  "        fn end_string(&mut self, _writer: &mut dyn io::Write) -> Result<()> {",
                  "            Ok(())",
                  "        }",
                  "    }",
                  "",
                  "    let mut writer = MockWriter { output: Vec::new() };",
                  "    let formatter = MockFormatter {};",
                  "    let serializer = Serializer { writer, formatter };",
                  "",
                  "    let mut map_key_serializer = MapKeySerializer { ser: &mut serializer };",
                  "    ",
                  "    let result = map_key_serializer.serialize_u64(12345);",
                  "    ",
                  "    assert!(result.is_ok());",
                  "    assert_eq!(map_key_serializer.ser.writer.output, b\"12345\");",
                  "}"
                ]
              ],
              "can_compile": [
                {
                  "Err": "   Compiling proc-macro2 v1.0.95\n   Compiling serde v1.0.219\n   Compiling syn v1.0.109\n   Compiling libc v0.2.172\n   Compiling target-triple v0.1.4\n   Compiling serde_json v1.0.140\n   Compiling ref-cast v1.0.24\n   Compiling rustversion v1.0.20\n   Compiling serde_json v1.0.140 (/home/abezbm/rust-utgen-test-crates-new/json)\n   Compiling psm v0.1.26\n   Compiling stacker v0.1.21\n   Compiling quote v1.0.40\n   Compiling syn v2.0.101\n   Compiling serde_derive v1.0.219\n   Compiling ref-cast-impl v1.0.24\n   Compiling automod v1.0.15\n   Compiling ntest_test_cases v0.9.3\n   Compiling ntest_timeout v0.9.3\n   Compiling ntest v0.9.3\n   Compiling serde_spanned v0.6.8\n   Compiling toml_datetime v0.6.9\n   Compiling serde_stacker v0.1.12\n   Compiling serde_bytes v0.11.17\n   Compiling toml_edit v0.22.25\n   Compiling toml v0.8.21\n   Compiling trybuild v1.0.104\nwarning: unused import: `ntest::timeout`\n    --> src/ser.rs:2281:8\n     |\n2281 |    use ntest::timeout;\n     |        ^^^^^^^^^^^^^^\n     |\n     = note: `#[warn(unused_imports)]` on by default\n\nerror[E0107]: type alias takes 1 generic argument but 2 generic arguments were supplied\n    --> src/ser.rs:2290:44\n     |\n2290 |         fn write(&mut self, buf: &[u8]) -> Result<usize, std::io::Error> {\n     |                                            ^^^^^^        -------------- help: remove this generic argument\n     |                                            |\n     |                                            expected 1 generic argument\n     |\nnote: type alias defined here, with 1 generic parameter: `T`\n    --> src/error.rs:25:10\n     |\n25   | pub type Result<T> = result::Result<T, Error>;\n     |          ^^^^^^ -\n\nerror[E0053]: method `write` has an incompatible type for trait\n    --> src/ser.rs:2290:44\n     |\n2290 |         fn write(&mut self, buf: &[u8]) -> Result<usize, std::io::Error> {\n     |                                            ^^^^^^^^^^^^^^^^^^^^^^^^^^^^^ expected `std::io::Error`, found `error::Error`\n     |\n     = note: expected signature `fn(&mut MockWriter, &_) -> std::result::Result<_, std::io::Error>`\n                found signature `fn(&mut MockWriter, &_) -> std::result::Result<_, error::Error>`\nhelp: change the output type to match the trait\n     |\n2290 |         fn write(&mut self, buf: &[u8]) -> std::result::Result<usize, std::io::Error> {\n     |                                            ~~~~~~~~~~~~~~~~~~~~~~~~~~~~~~~~~~~~~~~~~~\n\nerror[E0107]: type alias takes 1 generic argument but 2 generic arguments were supplied\n    --> src/ser.rs:2295:32\n     |\n2295 |         fn flush(&mut self) -> Result<(), std::io::Error> {\n     |                                ^^^^^^     -------------- help: remove this generic argument\n     |                                |\n     |                                expected 1 generic argument\n     |\nnote: type alias defined here, with 1 generic parameter: `T`\n    --> src/error.rs:25:10\n     |\n25   | pub type Result<T> = result::Result<T, Error>;\n     |          ^^^^^^ -\n\nerror[E0053]: method `flush` has an incompatible type for trait\n    --> src/ser.rs:2295:32\n     |\n2295 |         fn flush(&mut self) -> Result<(), std::io::Error> {\n     |                                ^^^^^^^^^^^^^^^^^^^^^^^^^^ expected `std::io::Error`, found `error::Error`\n     |\n     = note: expected signature `fn(&mut MockWriter) -> std::result::Result<_, std::io::Error>`\n                found signature `fn(&mut MockWriter) -> std::result::Result<_, error::Error>`\nhelp: change the output type to match the trait\n     |\n2295 |         fn flush(&mut self) -> std::result::Result<(), std::io::Error> {\n     |                                ~~~~~~~~~~~~~~~~~~~~~~~~~~~~~~~~~~~~~~~\n\nerror[E0049]: method `begin_string` has 0 type parameters but its trait declaration has 1 type parameter\n    --> src/ser.rs:2303:24\n     |\n1752 |     fn begin_string<W>(&mut self, writer: &mut W) -> io::Result<()>\n     |                     - expected 1 type parameter\n...\n2303 |         fn begin_string(&mut self, _writer: &mut dyn io::Write) -> Result<()> {\n     |                        ^ found 0 type parameters\n\nerror[E0049]: method `write_u64` has 0 type parameters but its trait declaration has 1 type parameter\n    --> src/ser.rs:2307:21\n     |\n1670 |     fn write_u64<W>(&mut self, writer: &mut W, value: u64) -> io::Result<()>\n     |                  - expected 1 type parameter\n...\n2307 |         fn write_u64(&mut self, _writer: &mut dyn io::Write, value: u64) -> Result<()> {\n     |                     ^ found 0 type parameters\n\nerror[E0049]: method `end_string` has 0 type parameters but its trait declaration has 1 type parameter\n    --> src/ser.rs:2312:22\n     |\n1762 |     fn end_string<W>(&mut self, writer: &mut W) -> io::Result<()>\n     |                   - expected 1 type parameter\n...\n2312 |         fn end_string(&mut self, _writer: &mut dyn io::Write) -> Result<()> {\n     |                      ^ found 0 type parameters\n\nerror[E0599]: no method named `serialize_u64` found for struct `ser::MapKeySerializer` in the current scope\n    --> src/ser.rs:2323:37\n     |\n771  | struct MapKeySerializer<'a, W: 'a, F: 'a> {\n     | ----------------------------------------- method `serialize_u64` not found for this struct\n...\n2323 |     let result = map_key_serializer.serialize_u64(12345);\n     |                                     ^^^^^^^^^^^^^\n     |\n    ::: /home/abezbm/.cargo/registry/src/index.crates.io-6f17d22bba15001f/serde-1.0.219/src/ser/mod.rs:603:8\n     |\n603  |     fn serialize_u64(self, v: u64) -> Result<Self::Ok, Self::Error>;\n     |        ------------- the method is available for `ser::MapKeySerializer<'_, MockWriter, MockFormatter>` here\n     |\n     = help: items from traits can only be used if the trait is in scope\nhelp: trait `Serializer` which provides `serialize_u64` is implemented but not in scope; perhaps you want to import it\n     |\n2280 +    use serde::Serializer;\n     |\nhelp: there is a method `serialize_f64` with a similar name\n     |\n2323 |     let result = map_key_serializer.serialize_f64(12345);\n     |                                     ~~~~~~~~~~~~~\n\nerror[E0308]: mismatched types\n    --> src/ser.rs:2309:13\n     |\n2307 |         fn write_u64(&mut self, _writer: &mut dyn io::Write, value: u64) -> Result<()> {\n     |                                                                             ---------- expected `std::result::Result<(), error::Error>` because of return type\n2308 |             let serialized = value.to_string().into_bytes();\n2309 |             _writer.write(&serialized).map(|_| ())\n     |             ^^^^^^^^^^^^^^^^^^^^^^^^^^^^^^^^^^^^^^ expected `error::Error`, found `std::io::Error`\n     |\n     = note: `std::io::Error` and `error::Error` have similar names, but are actually distinct types\nnote: `std::io::Error` is defined in crate `std`\n    --> /home/abezbm/.rustup/toolchains/nightly-2024-07-21-x86_64-unknown-linux-gnu/lib/rustlib/src/rust/library/std/src/io/error.rs:67:1\n     |\n67   | pub struct Error {\n     | ^^^^^^^^^^^^^^^^\nnote: `error::Error` is defined in the current crate\n    --> src/error.rs:17:1\n     |\n17   | pub struct Error {\n     | ^^^^^^^^^^^^^^^^\n\nSome errors have detailed explanations: E0049, E0053, E0107, E0308, E0599.\nFor more information about an error, try `rustc --explain E0049`.\nwarning: `serde_json` (lib test) generated 1 warning\nerror: could not compile `serde_json` (lib test) due to 9 previous errors; 1 warning emitted\n"
                }
              ],
              "repaired": [
                false
              ]
            }
          ]
        }
      ]
    }
  ]
}