{
  "name": "serde_json::ser::<ser::Compound<'a, W, F> as serde::ser::SerializeTuple>::serialize_element",
  "name_with_impl": "serde_json::ser::{impl#5}::serialize_element",
  "mod_info": {
    "name": "ser",
    "loc": "src/lib.rs:423:1:423:13"
  },
  "visible": true,
  "loc": "src/ser.rs:536:5:541:6",
  "fn_tests": [
    {
      "chain_id": 0,
      "prompt_conds": [],
      "input_infer": "",
      "answers": [
        {
          "uses": [],
          "has_test_mod": false,
          "common": [],
          "chain_tests": [
            {
              "attrs": [],
              "prefix": [],
              "oracles": [],
              "codes": [
                [
                  "{",
                  "    struct TestWriter;",
                  "    ",
                  "    impl io::Write for TestWriter {",
                  "        fn write(&mut self, buf: &[u8]) -> Result<usize> {",
                  "            Ok(buf.len())",
                  "        }",
                  "",
                  "        fn flush(&mut self) -> Result<()> {",
                  "            Ok(())",
                  "        }",
                  "    }",
                  "",
                  "    struct TestFormatter;",
                  "",
                  "    impl ser::Formatter for TestFormatter {}",
                  "",
                  "    let mut writer = TestWriter;",
                  "    let formatter = TestFormatter;",
                  "    let mut serializer = Serializer { writer, formatter };",
                  "",
                  "    struct SerializableStruct {",
                  "        value: String,",
                  "    }",
                  "",
                  "    impl Serialize for SerializableStruct {",
                  "        fn serialize<S>(&self, serializer: S) -> Result<S::Ok>",
                  "        where",
                  "            S: ser::Serializer,",
                  "        {",
                  "            serializer.serialize_str(&self.value)",
                  "        }",
                  "    }",
                  "",
                  "    let test_value = SerializableStruct { value: String::from(\"test\") };",
                  "    let result = serializer.serialize_element(&test_value);",
                  "    assert!(result.is_ok());",
                  "}"
                ]
              ],
              "can_compile": [
                {
                  "Err": "   Compiling proc-macro2 v1.0.95\n   Compiling serde v1.0.219\n   Compiling syn v1.0.109\n   Compiling libc v0.2.172\n   Compiling serde_json v1.0.140\n   Compiling target-triple v0.1.4\n   Compiling ref-cast v1.0.24\n   Compiling rustversion v1.0.20\n   Compiling psm v0.1.26\n   Compiling stacker v0.1.21\n   Compiling serde_json v1.0.140 (/home/abezbm/rust-utgen-test-crates-new/json)\n   Compiling quote v1.0.40\n   Compiling syn v2.0.101\n   Compiling serde_derive v1.0.219\n   Compiling ref-cast-impl v1.0.24\n   Compiling automod v1.0.15\n   Compiling ntest_timeout v0.9.3\n   Compiling ntest_test_cases v0.9.3\n   Compiling ntest v0.9.3\n   Compiling toml_datetime v0.6.9\n   Compiling serde_spanned v0.6.8\n   Compiling serde_bytes v0.11.17\n   Compiling serde_stacker v0.1.12\n   Compiling toml_edit v0.22.25\n   Compiling toml v0.8.21\n   Compiling trybuild v1.0.104\nerror[E0405]: cannot find trait `Formatter` in module `ser`\n    --> src/ser.rs:2299:15\n     |\n2299 |     impl ser::Formatter for TestFormatter {}\n     |               ^^^^^^^^^ not found in `ser`\n     |\nhelp: consider importing this trait\n     |\n2280 +    use crate::ser::Formatter;\n     |\nhelp: if you import `Formatter`, refer to it directly\n     |\n2299 -     impl ser::Formatter for TestFormatter {}\n2299 +     impl Formatter for TestFormatter {}\n     |\n\nwarning: unused import: `ntest::timeout`\n    --> src/ser.rs:2281:8\n     |\n2281 |    use ntest::timeout;\n     |        ^^^^^^^^^^^^^^\n     |\n     = note: `#[warn(unused_imports)]` on by default\n\nerror[E0053]: method `write` has an incompatible type for trait\n    --> src/ser.rs:2288:44\n     |\n2288 |         fn write(&mut self, buf: &[u8]) -> Result<usize> {\n     |                                            ^^^^^^^^^^^^^ expected `std::io::Error`, found `error::Error`\n     |\n     = note: expected signature `fn(&mut TestWriter, &_) -> std::result::Result<_, std::io::Error>`\n                found signature `fn(&mut TestWriter, &_) -> std::result::Result<_, error::Error>`\nhelp: change the output type to match the trait\n     |\n2288 |         fn write(&mut self, buf: &[u8]) -> std::result::Result<usize, std::io::Error> {\n     |                                            ~~~~~~~~~~~~~~~~~~~~~~~~~~~~~~~~~~~~~~~~~~\n\nerror[E0053]: method `flush` has an incompatible type for trait\n    --> src/ser.rs:2292:32\n     |\n2292 |         fn flush(&mut self) -> Result<()> {\n     |                                ^^^^^^^^^^ expected `std::io::Error`, found `error::Error`\n     |\n     = note: expected signature `fn(&mut TestWriter) -> std::result::Result<_, std::io::Error>`\n                found signature `fn(&mut TestWriter) -> std::result::Result<_, error::Error>`\nhelp: change the output type to match the trait\n     |\n2292 |         fn flush(&mut self) -> std::result::Result<(), std::io::Error> {\n     |                                ~~~~~~~~~~~~~~~~~~~~~~~~~~~~~~~~~~~~~~~\n\nerror[E0053]: method `serialize` has an incompatible type for trait\n    --> src/ser.rs:2310:50\n     |\n2310 |         fn serialize<S>(&self, serializer: S) -> Result<S::Ok>\n     |                                                  ^^^^^^^^^^^^^ expected associated type, found `error::Error`\n     |\n     = note: expected signature `fn(&SerializableStruct, _) -> std::result::Result<_, <S as serde::Serializer>::Error>`\n                found signature `fn(&SerializableStruct, _) -> std::result::Result<_, error::Error>`\nhelp: change the output type to match the trait\n     |\n2310 |         fn serialize<S>(&self, serializer: S) -> std::result::Result<<S as serde::Serializer>::Ok, <S as serde::Serializer>::Error>\n     |                                                  ~~~~~~~~~~~~~~~~~~~~~~~~~~~~~~~~~~~~~~~~~~~~~~~~~~~~~~~~~~~~~~~~~~~~~~~~~~~~~~~~~~\n\nSome errors have detailed explanations: E0053, E0405.\nFor more information about an error, try `rustc --explain E0053`.\nwarning: `serde_json` (lib test) generated 1 warning\nerror: could not compile `serde_json` (lib test) due to 4 previous errors; 1 warning emitted\n"
                }
              ],
              "repaired": [
                false
              ]
            },
            {
              "attrs": [
                "#[should_panic]"
              ],
              "prefix": [],
              "oracles": [],
              "codes": [
                [
                  "{",
                  "    struct TestWriter;",
                  "",
                  "    impl io::Write for TestWriter {",
                  "        fn write(&mut self, _buf: &[u8]) -> Result<usize> {",
                  "            Ok(0)",
                  "        }",
                  "",
                  "        fn flush(&mut self) -> Result<()> {",
                  "            Ok(())",
                  "        }",
                  "    }",
                  "",
                  "    struct TestFormatter;",
                  "",
                  "    impl ser::Formatter for TestFormatter {}",
                  "",
                  "    let mut writer = TestWriter;",
                  "    let formatter = TestFormatter;",
                  "    let mut serializer = Serializer { writer, formatter };",
                  "",
                  "    let invalid_value: &str = \"invalid_value\";",
                  "    let result: Result<()> = serializer.serialize_element(&invalid_value);",
                  "    result.unwrap(); // This should panic due to the conditions of the test case",
                  "}"
                ]
              ],
              "can_compile": [
                {
                  "Err": "   Compiling proc-macro2 v1.0.95\n   Compiling serde v1.0.219\n   Compiling syn v1.0.109\n   Compiling libc v0.2.172\n   Compiling target-triple v0.1.4\n   Compiling serde_json v1.0.140\n   Compiling ref-cast v1.0.24\n   Compiling rustversion v1.0.20\n   Compiling serde_json v1.0.140 (/home/abezbm/rust-utgen-test-crates-new/json)\n   Compiling psm v0.1.26\n   Compiling stacker v0.1.21\n   Compiling quote v1.0.40\n   Compiling syn v2.0.101\n   Compiling serde_derive v1.0.219\n   Compiling ref-cast-impl v1.0.24\n   Compiling automod v1.0.15\n   Compiling ntest_timeout v0.9.3\n   Compiling ntest_test_cases v0.9.3\n   Compiling ntest v0.9.3\n   Compiling serde_spanned v0.6.8\n   Compiling toml_datetime v0.6.9\n   Compiling serde_bytes v0.11.17\n   Compiling serde_stacker v0.1.12\n   Compiling toml_edit v0.22.25\n   Compiling toml v0.8.21\n   Compiling trybuild v1.0.104\nerror[E0405]: cannot find trait `Formatter` in module `ser`\n    --> src/ser.rs:2300:15\n     |\n2300 |     impl ser::Formatter for TestFormatter {}\n     |               ^^^^^^^^^ not found in `ser`\n     |\nhelp: consider importing this trait\n     |\n2280 +    use crate::ser::Formatter;\n     |\nhelp: if you import `Formatter`, refer to it directly\n     |\n2300 -     impl ser::Formatter for TestFormatter {}\n2300 +     impl Formatter for TestFormatter {}\n     |\n\nwarning: unused import: `ntest::timeout`\n    --> src/ser.rs:2281:8\n     |\n2281 |    use ntest::timeout;\n     |        ^^^^^^^^^^^^^^\n     |\n     = note: `#[warn(unused_imports)]` on by default\n\nerror[E0053]: method `write` has an incompatible type for trait\n    --> src/ser.rs:2289:45\n     |\n2289 |         fn write(&mut self, _buf: &[u8]) -> Result<usize> {\n     |                                             ^^^^^^^^^^^^^ expected `std::io::Error`, found `error::Error`\n     |\n     = note: expected signature `fn(&mut TestWriter, &_) -> std::result::Result<_, std::io::Error>`\n                found signature `fn(&mut TestWriter, &_) -> std::result::Result<_, error::Error>`\nhelp: change the output type to match the trait\n     |\n2289 |         fn write(&mut self, _buf: &[u8]) -> std::result::Result<usize, std::io::Error> {\n     |                                             ~~~~~~~~~~~~~~~~~~~~~~~~~~~~~~~~~~~~~~~~~~\n\nerror[E0053]: method `flush` has an incompatible type for trait\n    --> src/ser.rs:2293:32\n     |\n2293 |         fn flush(&mut self) -> Result<()> {\n     |                                ^^^^^^^^^^ expected `std::io::Error`, found `error::Error`\n     |\n     = note: expected signature `fn(&mut TestWriter) -> std::result::Result<_, std::io::Error>`\n                found signature `fn(&mut TestWriter) -> std::result::Result<_, error::Error>`\nhelp: change the output type to match the trait\n     |\n2293 |         fn flush(&mut self) -> std::result::Result<(), std::io::Error> {\n     |                                ~~~~~~~~~~~~~~~~~~~~~~~~~~~~~~~~~~~~~~~\n\nSome errors have detailed explanations: E0053, E0405.\nFor more information about an error, try `rustc --explain E0053`.\nwarning: `serde_json` (lib test) generated 1 warning\nerror: could not compile `serde_json` (lib test) due to 3 previous errors; 1 warning emitted\n"
                }
              ],
              "repaired": [
                false
              ]
            }
          ]
        }
      ]
    }
  ]
}