{
  "name": "serde_json::de::<de::UnitVariantAccess<'a, R> as serde::de::VariantAccess<'de>>::tuple_variant",
  "name_with_impl": "serde_json::de::{impl#17}::tuple_variant",
  "mod_info": {
    "name": "de",
    "loc": "src/lib.rs:418:1:418:12"
  },
  "visible": true,
  "loc": "src/de.rs:2128:5:2136:6",
  "fn_tests": [
    {
      "chain_id": 0,
      "prompt_conds": [],
      "input_infer": "",
      "answers": [
        {
          "uses": [],
          "has_test_mod": false,
          "common": [],
          "chain_tests": [
            {
              "attrs": [],
              "prefix": [],
              "oracles": [],
              "codes": [
                [
                  "{",
                  "    struct MockVisitor;",
                  "",
                  "    impl<'de> de::Visitor<'de> for MockVisitor {",
                  "        type Value = ();",
                  "",
                  "        fn expecting(&self, formatter: &mut std::fmt::Formatter) -> std::fmt::Result {",
                  "            formatter.write_str(\"mock visitor\")",
                  "        }",
                  "",
                  "        fn visit_unit<E>(self) -> Result<Self::Value, E> {",
                  "            Ok(())",
                  "        }",
                  "    }",
                  "",
                  "    struct MockDeserializer;",
                  "",
                  "    impl<'de> de::Deserializer<'de> for MockDeserializer {",
                  "        type Error = Error;",
                  "",
                  "        // Simplified implementations of necessary methods for demonstration",
                  "        fn deserialize_any<V>(self, visitor: V) -> Result<V::Value>",
                  "        where",
                  "            V: de::Visitor<'de>,",
                  "        {",
                  "            visitor.visit_unit()",
                  "        }",
                  "",
                  "        forward_to_deserialize_any! {",
                  "            bool, char, i8, i16, i32, i64, u8, u16,",
                  "            u32, u64, f32, f64, str, string, bytes,",
                  "            byte_buf, option, unit, seq, map,",
                  "            struct, newtype_struct, enum, identifier, ignored_any",
                  "        }",
                  "    }",
                  "",
                  "    let deserializer = MockDeserializer;",
                  "    let unit_variant_access = UnitVariantAccess { de: &mut deserializer };",
                  "    let result: Result<()> = unit_variant_access.tuple_variant(0, MockVisitor);",
                  "",
                  "    assert!(result.is_err());",
                  "}"
                ]
              ],
              "can_compile": [
                {
                  "Err": "   Compiling proc-macro2 v1.0.95\n   Compiling serde v1.0.219\n   Compiling syn v1.0.109\n   Compiling libc v0.2.172\n   Compiling serde_json v1.0.140\n   Compiling target-triple v0.1.4\n   Compiling ref-cast v1.0.24\n   Compiling rustversion v1.0.20\n   Compiling serde_json v1.0.140 (/home/abezbm/rust-utgen-test-crates-new/json)\n   Compiling psm v0.1.26\n   Compiling stacker v0.1.21\n   Compiling quote v1.0.40\n   Compiling syn v2.0.101\n   Compiling serde_derive v1.0.219\n   Compiling ref-cast-impl v1.0.24\n   Compiling automod v1.0.15\n   Compiling ntest_timeout v0.9.3\n   Compiling ntest_test_cases v0.9.3\n   Compiling ntest v0.9.3\n   Compiling serde_spanned v0.6.8\n   Compiling toml_datetime v0.6.9\n   Compiling serde_bytes v0.11.17\n   Compiling serde_stacker v0.1.12\n   Compiling toml_edit v0.22.25\n   Compiling toml v0.8.21\n   Compiling trybuild v1.0.104\nerror: no rules expected the token `,`\n    --> src/de.rs:2738:17\n     |\n2738 |             bool, char, i8, i16, i32, i64, u8, u16,\n     |                 ^ no rules expected this token in macro call\n     |\n     = note: while trying to match sequence end\n\nwarning: unused import: `ntest::timeout`\n    --> src/de.rs:2706:8\n     |\n2706 |    use ntest::timeout;\n     |        ^^^^^^^^^^^^^^\n     |\n     = note: `#[warn(unused_imports)]` on by default\n\nerror[E0107]: type alias takes 1 generic argument but 2 generic arguments were supplied\n    --> src/de.rs:2719:35\n     |\n2719 |         fn visit_unit<E>(self) -> Result<Self::Value, E> {\n     |                                   ^^^^^^              - help: remove this generic argument\n     |                                   |\n     |                                   expected 1 generic argument\n     |\nnote: type alias defined here, with 1 generic parameter: `T`\n    --> src/error.rs:25:10\n     |\n25   | pub type Result<T> = result::Result<T, Error>;\n     |          ^^^^^^ -\n\nerror[E0053]: method `visit_unit` has an incompatible type for trait\n    --> src/de.rs:2719:35\n     |\n2719 |         fn visit_unit<E>(self) -> Result<Self::Value, E> {\n     |                       -           ^^^^^^^^^^^^^^^^^^^^^^ expected type parameter `E`, found `error::Error`\n     |                       |\n     |                       expected this type parameter\n     |\n     = note: expected signature `fn(MockVisitor) -> std::result::Result<_, E>`\n                found signature `fn(MockVisitor) -> std::result::Result<_, error::Error>`\nhelp: change the output type to match the trait\n     |\n2719 |         fn visit_unit<E>(self) -> std::result::Result<(), E> {\n     |                                   ~~~~~~~~~~~~~~~~~~~~~~~~~~\n\nerror[E0046]: not all trait items implemented, missing: `deserialize_bool`, `deserialize_i8`, `deserialize_i16`, `deserialize_i32`, `deserialize_i64`, `deserialize_u8`, `deserialize_u16`, `deserialize_u32`, `deserialize_u64`, `deserialize_f32`, `deserialize_f64`, `deserialize_char`, `deserialize_str`, `deserialize_string`, `deserialize_bytes`, `deserialize_byte_buf`, `deserialize_option`, `deserialize_unit`, `deserialize_unit_struct`, `deserialize_newtype_struct`, `deserialize_seq`, `deserialize_tuple`, `deserialize_tuple_struct`, `deserialize_map`, `deserialize_struct`, `deserialize_enum`, `deserialize_identifier`, `deserialize_ignored_any`\n    --> src/de.rs:2726:5\n     |\n2726 |     impl<'de> de::Deserializer<'de> for MockDeserializer {\n     |     ^^^^^^^^^^^^^^^^^^^^^^^^^^^^^^^^^^^^^^^^^^^^^^^^^^^^ missing `deserialize_bool`, `deserialize_i8`, `deserialize_i16`, `deserialize_i32`, `deserialize_i64`, `deserialize_u8`, `deserialize_u16`, `deserialize_u32`, `deserialize_u64`, `deserialize_f32`, `deserialize_f64`, `deserialize_char`, `deserialize_str`, `deserialize_string`, `deserialize_bytes`, `deserialize_byte_buf`, `deserialize_option`, `deserialize_unit`, `deserialize_unit_struct`, `deserialize_newtype_struct`, `deserialize_seq`, `deserialize_tuple`, `deserialize_tuple_struct`, `deserialize_map`, `deserialize_struct`, `deserialize_enum`, `deserialize_identifier`, `deserialize_ignored_any` in implementation\n     |\n     = help: implement the missing item: `fn deserialize_bool<V>(self, _: V) -> std::result::Result<<V as serde::de::Visitor<'de>>::Value, <Self as serde::Deserializer<'de>>::Error> where V: serde::de::Visitor { todo!() }`\n     = help: implement the missing item: `fn deserialize_i8<V>(self, _: V) -> std::result::Result<<V as serde::de::Visitor<'de>>::Value, <Self as serde::Deserializer<'de>>::Error> where V: serde::de::Visitor { todo!() }`\n     = help: implement the missing item: `fn deserialize_i16<V>(self, _: V) -> std::result::Result<<V as serde::de::Visitor<'de>>::Value, <Self as serde::Deserializer<'de>>::Error> where V: serde::de::Visitor { todo!() }`\n     = help: implement the missing item: `fn deserialize_i32<V>(self, _: V) -> std::result::Result<<V as serde::de::Visitor<'de>>::Value, <Self as serde::Deserializer<'de>>::Error> where V: serde::de::Visitor { todo!() }`\n     = help: implement the missing item: `fn deserialize_i64<V>(self, _: V) -> std::result::Result<<V as serde::de::Visitor<'de>>::Value, <Self as serde::Deserializer<'de>>::Error> where V: serde::de::Visitor { todo!() }`\n     = help: implement the missing item: `fn deserialize_u8<V>(self, _: V) -> std::result::Result<<V as serde::de::Visitor<'de>>::Value, <Self as serde::Deserializer<'de>>::Error> where V: serde::de::Visitor { todo!() }`\n     = help: implement the missing item: `fn deserialize_u16<V>(self, _: V) -> std::result::Result<<V as serde::de::Visitor<'de>>::Value, <Self as serde::Deserializer<'de>>::Error> where V: serde::de::Visitor { todo!() }`\n     = help: implement the missing item: `fn deserialize_u32<V>(self, _: V) -> std::result::Result<<V as serde::de::Visitor<'de>>::Value, <Self as serde::Deserializer<'de>>::Error> where V: serde::de::Visitor { todo!() }`\n     = help: implement the missing item: `fn deserialize_u64<V>(self, _: V) -> std::result::Result<<V as serde::de::Visitor<'de>>::Value, <Self as serde::Deserializer<'de>>::Error> where V: serde::de::Visitor { todo!() }`\n     = help: implement the missing item: `fn deserialize_f32<V>(self, _: V) -> std::result::Result<<V as serde::de::Visitor<'de>>::Value, <Self as serde::Deserializer<'de>>::Error> where V: serde::de::Visitor { todo!() }`\n     = help: implement the missing item: `fn deserialize_f64<V>(self, _: V) -> std::result::Result<<V as serde::de::Visitor<'de>>::Value, <Self as serde::Deserializer<'de>>::Error> where V: serde::de::Visitor { todo!() }`\n     = help: implement the missing item: `fn deserialize_char<V>(self, _: V) -> std::result::Result<<V as serde::de::Visitor<'de>>::Value, <Self as serde::Deserializer<'de>>::Error> where V: serde::de::Visitor { todo!() }`\n     = help: implement the missing item: `fn deserialize_str<V>(self, _: V) -> std::result::Result<<V as serde::de::Visitor<'de>>::Value, <Self as serde::Deserializer<'de>>::Error> where V: serde::de::Visitor { todo!() }`\n     = help: implement the missing item: `fn deserialize_string<V>(self, _: V) -> std::result::Result<<V as serde::de::Visitor<'de>>::Value, <Self as serde::Deserializer<'de>>::Error> where V: serde::de::Visitor { todo!() }`\n     = help: implement the missing item: `fn deserialize_bytes<V>(self, _: V) -> std::result::Result<<V as serde::de::Visitor<'de>>::Value, <Self as serde::Deserializer<'de>>::Error> where V: serde::de::Visitor { todo!() }`\n     = help: implement the missing item: `fn deserialize_byte_buf<V>(self, _: V) -> std::result::Result<<V as serde::de::Visitor<'de>>::Value, <Self as serde::Deserializer<'de>>::Error> where V: serde::de::Visitor { todo!() }`\n     = help: implement the missing item: `fn deserialize_option<V>(self, _: V) -> std::result::Result<<V as serde::de::Visitor<'de>>::Value, <Self as serde::Deserializer<'de>>::Error> where V: serde::de::Visitor { todo!() }`\n     = help: implement the missing item: `fn deserialize_unit<V>(self, _: V) -> std::result::Result<<V as serde::de::Visitor<'de>>::Value, <Self as serde::Deserializer<'de>>::Error> where V: serde::de::Visitor { todo!() }`\n     = help: implement the missing item: `fn deserialize_unit_struct<V>(self, _: &'static str, _: V) -> std::result::Result<<V as serde::de::Visitor<'de>>::Value, <Self as serde::Deserializer<'de>>::Error> where V: serde::de::Visitor { todo!() }`\n     = help: implement the missing item: `fn deserialize_newtype_struct<V>(self, _: &'static str, _: V) -> std::result::Result<<V as serde::de::Visitor<'de>>::Value, <Self as serde::Deserializer<'de>>::Error> where V: serde::de::Visitor { todo!() }`\n     = help: implement the missing item: `fn deserialize_seq<V>(self, _: V) -> std::result::Result<<V as serde::de::Visitor<'de>>::Value, <Self as serde::Deserializer<'de>>::Error> where V: serde::de::Visitor { todo!() }`\n     = help: implement the missing item: `fn deserialize_tuple<V>(self, _: usize, _: V) -> std::result::Result<<V as serde::de::Visitor<'de>>::Value, <Self as serde::Deserializer<'de>>::Error> where V: serde::de::Visitor { todo!() }`\n     = help: implement the missing item: `fn deserialize_tuple_struct<V>(self, _: &'static str, _: usize, _: V) -> std::result::Result<<V as serde::de::Visitor<'de>>::Value, <Self as serde::Deserializer<'de>>::Error> where V: serde::de::Visitor { todo!() }`\n     = help: implement the missing item: `fn deserialize_map<V>(self, _: V) -> std::result::Result<<V as serde::de::Visitor<'de>>::Value, <Self as serde::Deserializer<'de>>::Error> where V: serde::de::Visitor { todo!() }`\n     = help: implement the missing item: `fn deserialize_struct<V>(self, _: &'static str, _: &'static [&'static str], _: V) -> std::result::Result<<V as serde::de::Visitor<'de>>::Value, <Self as serde::Deserializer<'de>>::Error> where V: serde::de::Visitor { todo!() }`\n     = help: implement the missing item: `fn deserialize_enum<V>(self, _: &'static str, _: &'static [&'static str], _: V) -> std::result::Result<<V as serde::de::Visitor<'de>>::Value, <Self as serde::Deserializer<'de>>::Error> where V: serde::de::Visitor { todo!() }`\n     = help: implement the missing item: `fn deserialize_identifier<V>(self, _: V) -> std::result::Result<<V as serde::de::Visitor<'de>>::Value, <Self as serde::Deserializer<'de>>::Error> where V: serde::de::Visitor { todo!() }`\n     = help: implement the missing item: `fn deserialize_ignored_any<V>(self, _: V) -> std::result::Result<<V as serde::de::Visitor<'de>>::Value, <Self as serde::Deserializer<'de>>::Error> where V: serde::de::Visitor { todo!() }`\n\nerror[E0308]: mismatched types\n    --> src/de.rs:2746:55\n     |\n2746 |     let unit_variant_access = UnitVariantAccess { de: &mut deserializer };\n     |                                                       ^^^^^^^^^^^^^^^^^ expected `&mut Deserializer<_>`, found `&mut MockDeserializer`\n     |\n     = note: expected mutable reference `&mut de::Deserializer<_>`\n                found mutable reference `&mut MockDeserializer`\n\nerror[E0599]: no method named `tuple_variant` found for struct `de::UnitVariantAccess` in the current scope\n    --> src/de.rs:2747:50\n     |\n2088 | struct UnitVariantAccess<'a, R: 'a> {\n     | ----------------------------------- method `tuple_variant` not found for this struct\n...\n2747 |     let result: Result<()> = unit_variant_access.tuple_variant(0, MockVisitor);\n     |                                                  ^^^^^^^^^^^^^\n     |\n    ::: /home/abezbm/.cargo/registry/src/index.crates.io-6f17d22bba15001f/serde-1.0.219/src/de/mod.rs:2169:8\n     |\n2169 |     fn tuple_variant<V>(self, len: usize, visitor: V) -> Result<V::Value, Self::Error>\n     |        ------------- the method is available for `de::UnitVariantAccess<'_, _>` here\n     |\n     = help: items from traits can only be used if the trait is in scope\nhelp: there is a method `variant` with a similar name, but with different arguments\n    --> /home/abezbm/.cargo/registry/src/index.crates.io-6f17d22bba15001f/serde-1.0.219/src/de/mod.rs:2005:5\n     |\n2005 | /     fn variant<V>(self) -> Result<(V, Self::Variant), Self::Error>\n2006 | |     where\n2007 | |         V: Deserialize<'de>,\n     | |____________________________^\nhelp: trait `VariantAccess` which provides `tuple_variant` is implemented but not in scope; perhaps you want to import it\n     |\n2705 +    use serde::de::VariantAccess;\n     |\n\nSome errors have detailed explanations: E0046, E0053, E0107, E0308, E0599.\nFor more information about an error, try `rustc --explain E0046`.\nwarning: `serde_json` (lib test) generated 1 warning\nerror: could not compile `serde_json` (lib test) due to 6 previous errors; 1 warning emitted\n"
                }
              ],
              "repaired": [
                false
              ]
            }
          ]
        }
      ]
    }
  ]
}