{
  "name": "serde_json::map::<map::Map<std::string::String, value::Value> as std::fmt::Debug>::fmt",
  "name_with_impl": "serde_json::map::{impl#8}::fmt",
  "mod_info": {
    "name": "map",
    "loc": "src/lib.rs:420:1:420:13"
  },
  "visible": true,
  "loc": "src/map.rs:485:5:487:6",
  "fn_tests": [
    {
      "chain_id": 0,
      "prompt_conds": [],
      "input_infer": "",
      "answers": [
        {
          "uses": [
            "use std::fmt::Formatter;"
          ],
          "has_test_mod": false,
          "common": [],
          "chain_tests": [
            {
              "attrs": [],
              "prefix": [],
              "oracles": [],
              "codes": [
                [
                  "{",
                  "    use std::fmt::Formatter;",
                  "    ",
                  "    let map = Map { map: MapImpl::new() };",
                  "    let mut formatter = Formatter::new();",
                  "    ",
                  "    // Capturing the result of the formatting.",
                  "    let result = map.fmt(&mut formatter);",
                  "    ",
                  "    assert!(result.is_ok());",
                  "}"
                ]
              ],
              "can_compile": [
                {
                  "Err": "   Compiling proc-macro2 v1.0.95\n   Compiling serde v1.0.219\n   Compiling syn v1.0.109\n   Compiling libc v0.2.172\n   Compiling serde_json v1.0.140\n   Compiling target-triple v0.1.4\n   Compiling rustversion v1.0.20\n   Compiling ref-cast v1.0.24\n   Compiling serde_json v1.0.140 (/home/abezbm/rust-utgen-test-crates-new/json)\n   Compiling psm v0.1.26\n   Compiling stacker v0.1.21\n   Compiling quote v1.0.40\n   Compiling syn v2.0.101\n   Compiling serde_derive v1.0.219\n   Compiling ref-cast-impl v1.0.24\n   Compiling automod v1.0.15\n   Compiling ntest_timeout v0.9.3\n   Compiling ntest_test_cases v0.9.3\n   Compiling ntest v0.9.3\n   Compiling serde_spanned v0.6.8\n   Compiling toml_datetime v0.6.9\n   Compiling serde_bytes v0.11.17\n   Compiling serde_stacker v0.1.12\n   Compiling toml_edit v0.22.25\n   Compiling toml v0.8.21\n   Compiling trybuild v1.0.104\nwarning: unused import: `ntest::timeout`\n    --> src/map.rs:1178:8\n     |\n1178 |    use ntest::timeout;\n     |        ^^^^^^^^^^^^^^\n     |\n     = note: `#[warn(unused_imports)]` on by default\n\nerror[E0658]: use of unstable library feature 'fmt_internals': internal to standard library\n    --> src/map.rs:1185:25\n     |\n1185 |     let mut formatter = Formatter::new();\n     |                         ^^^^^^^^^^^^^^\n     |\n     = help: add `#![feature(fmt_internals)]` to the crate attributes to enable\n     = note: this compiler was built on 2024-07-20; consider upgrading it if it is out of date\n\nerror[E0061]: this function takes 1 argument but 0 arguments were supplied\n    --> src/map.rs:1185:25\n     |\n1185 |     let mut formatter = Formatter::new();\n     |                         ^^^^^^^^^^^^^^-- argument #1 of type `&mut dyn std::fmt::Write` is missing\n     |\nnote: associated function defined here\n    --> /home/abezbm/.rustup/toolchains/nightly-2024-07-21-x86_64-unknown-linux-gnu/lib/rustlib/src/rust/library/core/src/fmt/mod.rs:286:12\n     |\n286  |     pub fn new(buf: &'a mut (dyn Write + 'a)) -> Formatter<'a> {\n     |            ^^^\nhelp: provide the argument\n     |\n1185 |     let mut formatter = Formatter::new(/* &mut dyn std::fmt::Write */);\n     |                                       ~~~~~~~~~~~~~~~~~~~~~~~~~~~~~~~~\n\nSome errors have detailed explanations: E0061, E0658.\nFor more information about an error, try `rustc --explain E0061`.\nwarning: `serde_json` (lib test) generated 1 warning\nerror: could not compile `serde_json` (lib test) due to 2 previous errors; 1 warning emitted\n"
                }
              ],
              "repaired": [
                false
              ]
            },
            {
              "attrs": [],
              "prefix": [],
              "oracles": [],
              "codes": [
                [
                  "{",
                  "    use std::fmt::Formatter;",
                  "    ",
                  "    let mut map_impl = MapImpl::new();",
                  "    map_impl.insert(\"key1\".to_string(), Value::Bool(true));",
                  "    map_impl.insert(\"key2\".to_string(), Value::Number(serde_json::Number::from(42)));",
                  "    ",
                  "    let map = Map { map: map_impl };",
                  "    let mut formatter = Formatter::new();",
                  "    ",
                  "    // Capturing the result of the formatting.",
                  "    let result = map.fmt(&mut formatter);",
                  "    ",
                  "    assert!(result.is_ok());",
                  "}"
                ]
              ],
              "can_compile": [
                {
                  "Err": "   Compiling proc-macro2 v1.0.95\n   Compiling serde v1.0.219\n   Compiling syn v1.0.109\n   Compiling libc v0.2.172\n   Compiling target-triple v0.1.4\n   Compiling serde_json v1.0.140\n   Compiling rustversion v1.0.20\n   Compiling ref-cast v1.0.24\n   Compiling serde_json v1.0.140 (/home/abezbm/rust-utgen-test-crates-new/json)\n   Compiling psm v0.1.26\n   Compiling stacker v0.1.21\n   Compiling quote v1.0.40\n   Compiling syn v2.0.101\n   Compiling serde_derive v1.0.219\n   Compiling ref-cast-impl v1.0.24\n   Compiling automod v1.0.15\n   Compiling ntest_timeout v0.9.3\n   Compiling ntest_test_cases v0.9.3\n   Compiling ntest v0.9.3\n   Compiling toml_datetime v0.6.9\n   Compiling serde_spanned v0.6.8\n   Compiling serde_bytes v0.11.17\n   Compiling serde_stacker v0.1.12\n   Compiling toml_edit v0.22.25\n   Compiling toml v0.8.21\n   Compiling trybuild v1.0.104\nerror[E0433]: failed to resolve: use of undeclared crate or module `serde_json`\n    --> src/map.rs:1186:55\n     |\n1186 |     map_impl.insert(\"key2\".to_string(), Value::Number(serde_json::Number::from(42)));\n     |                                                       ^^^^^^^^^^ use of undeclared crate or module `serde_json`\n     |\nhelp: consider importing this struct\n     |\n1177 +    use crate::number::Number;\n     |\nhelp: if you import `Number`, refer to it directly\n     |\n1186 -     map_impl.insert(\"key2\".to_string(), Value::Number(serde_json::Number::from(42)));\n1186 +     map_impl.insert(\"key2\".to_string(), Value::Number(Number::from(42)));\n     |\n\nwarning: unused import: `ntest::timeout`\n    --> src/map.rs:1178:8\n     |\n1178 |    use ntest::timeout;\n     |        ^^^^^^^^^^^^^^\n     |\n     = note: `#[warn(unused_imports)]` on by default\n\nerror[E0658]: use of unstable library feature 'fmt_internals': internal to standard library\n    --> src/map.rs:1189:25\n     |\n1189 |     let mut formatter = Formatter::new();\n     |                         ^^^^^^^^^^^^^^\n     |\n     = help: add `#![feature(fmt_internals)]` to the crate attributes to enable\n     = note: this compiler was built on 2024-07-20; consider upgrading it if it is out of date\n\nerror[E0061]: this function takes 1 argument but 0 arguments were supplied\n    --> src/map.rs:1189:25\n     |\n1189 |     let mut formatter = Formatter::new();\n     |                         ^^^^^^^^^^^^^^-- argument #1 of type `&mut dyn std::fmt::Write` is missing\n     |\nnote: associated function defined here\n    --> /home/abezbm/.rustup/toolchains/nightly-2024-07-21-x86_64-unknown-linux-gnu/lib/rustlib/src/rust/library/core/src/fmt/mod.rs:286:12\n     |\n286  |     pub fn new(buf: &'a mut (dyn Write + 'a)) -> Formatter<'a> {\n     |            ^^^\nhelp: provide the argument\n     |\n1189 |     let mut formatter = Formatter::new(/* &mut dyn std::fmt::Write */);\n     |                                       ~~~~~~~~~~~~~~~~~~~~~~~~~~~~~~~~\n\nSome errors have detailed explanations: E0061, E0433, E0658.\nFor more information about an error, try `rustc --explain E0061`.\nwarning: `serde_json` (lib test) generated 1 warning\nerror: could not compile `serde_json` (lib test) due to 3 previous errors; 1 warning emitted\n"
                }
              ],
              "repaired": [
                false
              ]
            },
            {
              "attrs": [],
              "prefix": [],
              "oracles": [],
              "codes": [
                [
                  "{",
                  "    use std::fmt::Formatter;",
                  "    ",
                  "    let mut map_impl = MapImpl::new();",
                  "    map_impl.insert(\"key1\".to_string(), Value::Null);",
                  "    ",
                  "    let map = Map { map: map_impl };",
                  "    let mut formatter = Formatter::new();",
                  "    ",
                  "    // Capturing the result of the formatting.",
                  "    let result = map.fmt(&mut formatter);",
                  "    ",
                  "    assert!(result.is_ok());",
                  "}"
                ]
              ],
              "can_compile": [
                {
                  "Err": "   Compiling proc-macro2 v1.0.95\n   Compiling serde v1.0.219\n   Compiling syn v1.0.109\n   Compiling libc v0.2.172\n   Compiling target-triple v0.1.4\n   Compiling serde_json v1.0.140\n   Compiling rustversion v1.0.20\n   Compiling ref-cast v1.0.24\n   Compiling serde_json v1.0.140 (/home/abezbm/rust-utgen-test-crates-new/json)\n   Compiling psm v0.1.26\n   Compiling stacker v0.1.21\n   Compiling quote v1.0.40\n   Compiling syn v2.0.101\n   Compiling serde_derive v1.0.219\n   Compiling ref-cast-impl v1.0.24\n   Compiling automod v1.0.15\n   Compiling ntest_test_cases v0.9.3\n   Compiling ntest_timeout v0.9.3\n   Compiling ntest v0.9.3\n   Compiling toml_datetime v0.6.9\n   Compiling serde_spanned v0.6.8\n   Compiling serde_stacker v0.1.12\n   Compiling serde_bytes v0.11.17\n   Compiling toml_edit v0.22.25\n   Compiling toml v0.8.21\n   Compiling trybuild v1.0.104\nwarning: unused import: `ntest::timeout`\n    --> src/map.rs:1178:8\n     |\n1178 |    use ntest::timeout;\n     |        ^^^^^^^^^^^^^^\n     |\n     = note: `#[warn(unused_imports)]` on by default\n\nerror[E0658]: use of unstable library feature 'fmt_internals': internal to standard library\n    --> src/map.rs:1188:25\n     |\n1188 |     let mut formatter = Formatter::new();\n     |                         ^^^^^^^^^^^^^^\n     |\n     = help: add `#![feature(fmt_internals)]` to the crate attributes to enable\n     = note: this compiler was built on 2024-07-20; consider upgrading it if it is out of date\n\nerror[E0061]: this function takes 1 argument but 0 arguments were supplied\n    --> src/map.rs:1188:25\n     |\n1188 |     let mut formatter = Formatter::new();\n     |                         ^^^^^^^^^^^^^^-- argument #1 of type `&mut dyn std::fmt::Write` is missing\n     |\nnote: associated function defined here\n    --> /home/abezbm/.rustup/toolchains/nightly-2024-07-21-x86_64-unknown-linux-gnu/lib/rustlib/src/rust/library/core/src/fmt/mod.rs:286:12\n     |\n286  |     pub fn new(buf: &'a mut (dyn Write + 'a)) -> Formatter<'a> {\n     |            ^^^\nhelp: provide the argument\n     |\n1188 |     let mut formatter = Formatter::new(/* &mut dyn std::fmt::Write */);\n     |                                       ~~~~~~~~~~~~~~~~~~~~~~~~~~~~~~~~\n\nSome errors have detailed explanations: E0061, E0658.\nFor more information about an error, try `rustc --explain E0061`.\nwarning: `serde_json` (lib test) generated 1 warning\nerror: could not compile `serde_json` (lib test) due to 2 previous errors; 1 warning emitted\n"
                }
              ],
              "repaired": [
                false
              ]
            }
          ]
        }
      ]
    }
  ]
}