{
  "name": "serde_json::de::<de::SeqAccess<'a, R> as serde::de::SeqAccess<'de>>::next_element_seed",
  "name_with_impl": "serde_json::de::{impl#9}::next_element_seed",
  "mod_info": {
    "name": "de",
    "loc": "src/lib.rs:418:1:418:12"
  },
  "visible": true,
  "loc": "src/de.rs:1931:5:1967:6",
  "fn_tests": [
    {
      "chain_id": 0,
      "prompt_conds": [],
      "input_infer": "",
      "answers": [
        {
          "uses": [],
          "has_test_mod": false,
          "common": [],
          "chain_tests": [
            {
              "attrs": [],
              "prefix": [],
              "oracles": [],
              "codes": [
                [
                  "{",
                  "    struct MockSeed {",
                  "        value: usize,",
                  "    }",
                  "",
                  "    impl<'de> de::DeserializeSeed<'de> for MockSeed {",
                  "        type Value = usize;",
                  "",
                  "        fn deserialize<Deserializer: de::Deserializer<'de>>(self, _: &mut Deserializer) -> Result<usize> {",
                  "            Ok(self.value)",
                  "        }",
                  "    }",
                  "",
                  "    struct MockReader {",
                  "        data: Vec<u8>,",
                  "        index: usize,",
                  "    }",
                  "",
                  "    impl<'de> Read<'de> for MockReader {",
                  "        const should_early_return_if_failed: bool = false;",
                  "",
                  "        fn next(&mut self) -> Result<Option<u8>> {",
                  "            if self.index < self.data.len() {",
                  "                let byte = self.data[self.index];",
                  "                self.index += 1;",
                  "                Ok(Some(byte))",
                  "            } else {",
                  "                Ok(None)",
                  "            }",
                  "        }",
                  "",
                  "        fn peek(&mut self) -> Result<Option<u8>> {",
                  "            if self.index < self.data.len() {",
                  "                Ok(Some(self.data[self.index]))",
                  "            } else {",
                  "                Ok(None)",
                  "            }",
                  "        }",
                  "",
                  "        fn discard(&mut self) {}",
                  "",
                  "        fn position(&self) -> Position {",
                  "            Position::default()",
                  "        }",
                  "",
                  "        fn peek_position(&self) -> Position {",
                  "            Position::default()",
                  "        }",
                  "",
                  "        fn byte_offset(&self) -> usize {",
                  "            self.index",
                  "        }",
                  "",
                  "        fn parse_str<'s>(&'s mut self, _: &'s mut Vec<u8>) -> Result<Reference<'de, 's, str>> {",
                  "            unimplemented!()",
                  "        }",
                  "",
                  "        fn parse_str_raw<'s>(&'s mut self, _: &'s mut Vec<u8>) -> Result<Reference<'de, 's, [u8]>> {",
                  "            unimplemented!()",
                  "        }",
                  "",
                  "        fn ignore_str(&mut self) -> Result<()> {",
                  "            unimplemented!()",
                  "        }",
                  "",
                  "        fn decode_hex_escape(&mut self) -> Result<u16> {",
                  "            unimplemented!()",
                  "        }",
                  "",
                  "        #[cfg(feature = \"raw_value\")]",
                  "        fn begin_raw_buffering(&mut self) {}",
                  "",
                  "        #[cfg(feature = \"raw_value\")]",
                  "        fn end_raw_buffering<V>(&mut self, _: V) -> Result<V::Value>",
                  "        where",
                  "            V: Visitor<'de>,",
                  "        {",
                  "            unimplemented!()",
                  "        }",
                  "",
                  "        fn set_failed(&mut self, _: &mut bool) {}",
                  "    }",
                  "",
                  "    struct TestDeserializer<R> {",
                  "        read: R,",
                  "        scratch: Vec<u8>,",
                  "        remaining_depth: u8,",
                  "    }",
                  "",
                  "    impl<R: Read<'de>> TestDeserializer<R> {",
                  "        pub fn new(read: R) -> Self {",
                  "            Self {",
                  "                read,",
                  "                scratch: Vec::new(),",
                  "                remaining_depth: 1,",
                  "            }",
                  "        }",
                  "    }",
                  "",
                  "    let mock_data = vec![b'1', b',', b'2', b']'];",
                  "    let reader = MockReader { data: mock_data, index: 0 };",
                  "    let mut deserializer = TestDeserializer::new(reader);",
                  "    ",
                  "    let mut seq_access = SeqAccess { de: &mut deserializer, first: true };",
                  "    let seed = MockSeed { value: 42 };",
                  "",
                  "    let result = seq_access.next_element_seed(seed).unwrap();",
                  "    assert_eq!(result, Some(42));",
                  "}"
                ]
              ],
              "can_compile": [
                {
                  "Err": "   Compiling proc-macro2 v1.0.95\n   Compiling serde v1.0.219\n   Compiling syn v1.0.109\n   Compiling libc v0.2.172\n   Compiling target-triple v0.1.4\n   Compiling serde_json v1.0.140\n   Compiling rustversion v1.0.20\n   Compiling ref-cast v1.0.24\n   Compiling serde_json v1.0.140 (/home/abezbm/rust-utgen-test-crates-new/json)\n   Compiling psm v0.1.26\n   Compiling stacker v0.1.21\n   Compiling quote v1.0.40\n   Compiling syn v2.0.101\n   Compiling serde_derive v1.0.219\n   Compiling ref-cast-impl v1.0.24\n   Compiling automod v1.0.15\n   Compiling ntest_timeout v0.9.3\n   Compiling ntest_test_cases v0.9.3\n   Compiling ntest v0.9.3\n   Compiling serde_spanned v0.6.8\n   Compiling toml_datetime v0.6.9\n   Compiling serde_bytes v0.11.17\n   Compiling serde_stacker v0.1.12\n   Compiling toml_edit v0.22.25\n   Compiling toml v0.8.21\n   Compiling trybuild v1.0.104\nerror[E0261]: use of undeclared lifetime name `'de`\n    --> src/de.rs:2798:18\n     |\n2798 |     impl<R: Read<'de>> TestDeserializer<R> {\n     |                  ^^^ undeclared lifetime\n     |\n     = note: for more information on higher-ranked polymorphism, visit https://doc.rust-lang.org/nomicon/hrtb.html\nhelp: consider making the bound lifetime-generic with a new `'de` lifetime\n     |\n2798 |     impl<R: for<'de> Read<'de>> TestDeserializer<R> {\n     |             ++++++++\nhelp: consider introducing lifetime `'de` here\n     |\n2798 |     impl<'de, R: Read<'de>> TestDeserializer<R> {\n     |          ++++\n\nerror[E0412]: cannot find type `Position` in this scope\n    --> src/de.rs:2750:31\n     |\n2750 |         fn position(&self) -> Position {\n     |                               ^^^^^^^^ not found in this scope\n     |\nhelp: consider importing this struct\n     |\n2705 +    use crate::read::Position;\n     |\n\nerror[E0433]: failed to resolve: use of undeclared type `Position`\n    --> src/de.rs:2751:13\n     |\n2751 |             Position::default()\n     |             ^^^^^^^^ use of undeclared type `Position`\n     |\nhelp: consider importing this struct\n     |\n2705 +    use crate::read::Position;\n     |\n\nerror[E0412]: cannot find type `Position` in this scope\n    --> src/de.rs:2754:36\n     |\n2754 |         fn peek_position(&self) -> Position {\n     |                                    ^^^^^^^^ not found in this scope\n     |\nhelp: consider importing this struct\n     |\n2705 +    use crate::read::Position;\n     |\n\nerror[E0433]: failed to resolve: use of undeclared type `Position`\n    --> src/de.rs:2755:13\n     |\n2755 |             Position::default()\n     |             ^^^^^^^^ use of undeclared type `Position`\n     |\nhelp: consider importing this struct\n     |\n2705 +    use crate::read::Position;\n     |\n\nwarning: unused import: `ntest::timeout`\n    --> src/de.rs:2706:8\n     |\n2706 |    use ntest::timeout;\n     |        ^^^^^^^^^^^^^^\n     |\n     = note: `#[warn(unused_imports)]` on by default\n\nerror[E0053]: method `deserialize` has an incompatible type for trait\n    --> src/de.rs:2717:70\n     |\n2717 |         fn deserialize<Deserializer: de::Deserializer<'de>>(self, _: &mut Deserializer) -> Result<usize> {\n     |                        ------------ expected this type parameter     ^^^^^^^^^^^^^^^^^ expected type parameter `Deserializer`, found `&mut Deserializer`\n     |\n     = note: expected signature `fn(MockSeed, _) -> std::result::Result<_, <Deserializer as serde::Deserializer<'de>>::Error>`\n                found signature `fn(MockSeed, &mut _) -> std::result::Result<_, error::Error>`\nhelp: change the parameter type to match the trait\n     |\n2717 |         fn deserialize<Deserializer: de::Deserializer<'de>>(self, _: Deserializer) -> Result<usize> {\n     |                                                                      ~~~~~~~~~~~~\n\nerror[E0277]: the trait bound `MockReader: read::private::Sealed` is not satisfied\n    --> src/de.rs:2727:29\n     |\n2727 |     impl<'de> Read<'de> for MockReader {\n     |                             ^^^^^^^^^^ the trait `read::private::Sealed` is not implemented for `MockReader`\n     |\n     = help: the following other types implement trait `read::private::Sealed`:\n               &mut R\n               IoRead<R>\n               SliceRead<'a>\n               StrRead<'a>\nnote: required by a bound in `read::Read`\n    --> src/read.rs:28:22\n     |\n28   | pub trait Read<'de>: private::Sealed {\n     |                      ^^^^^^^^^^^^^^^ required by this bound in `Read`\n     = note: `Read` is a \"sealed trait\", because to implement it you also need to implement `read::private::Sealed`, which is not accessible; this is usually done to force you to use one of the provided types that already implement it\n     = help: the following types implement the trait:\n               read::IoRead<R>\n               read::SliceRead<'a>\n               read::StrRead<'a>\n               &mut R\n\nerror[E0308]: mismatched types\n    --> src/de.rs:2812:42\n     |\n2812 |     let mut seq_access = SeqAccess { de: &mut deserializer, first: true };\n     |                                          ^^^^^^^^^^^^^^^^^ expected `&mut Deserializer<_>`, found `&mut TestDeserializer<MockReader>`\n     |\n     = note: expected mutable reference `&mut de::Deserializer<_>`\n                found mutable reference `&mut TestDeserializer<MockReader>`\n\nerror[E0599]: no method named `next_element_seed` found for struct `de::SeqAccess` in the current scope\n    --> src/de.rs:2815:29\n     |\n1917 | struct SeqAccess<'a, R: 'a> {\n     | --------------------------- method `next_element_seed` not found for this struct\n...\n2815 |     let result = seq_access.next_element_seed(seed).unwrap();\n     |                             ^^^^^^^^^^^^^^^^^\n     |\n    ::: /home/abezbm/.cargo/registry/src/index.crates.io-6f17d22bba15001f/serde-1.0.219/src/de/mod.rs:1720:8\n     |\n1720 |     fn next_element_seed<T>(&mut self, seed: T) -> Result<Option<T::Value>, Self::Error>\n     |        ----------------- the method is available for `de::SeqAccess<'_, _>` here\n     |\n     = help: items from traits can only be used if the trait is in scope\nhelp: there is a method `next_element` with a similar name, but with different arguments\n    --> /home/abezbm/.cargo/registry/src/index.crates.io-6f17d22bba15001f/serde-1.0.219/src/de/mod.rs:1730:5\n     |\n1730 | /     fn next_element<T>(&mut self) -> Result<Option<T>, Self::Error>\n1731 | |     where\n1732 | |         T: Deserialize<'de>,\n     | |____________________________^\nhelp: trait `SeqAccess` which provides `next_element_seed` is implemented but not in scope; perhaps you want to import it\n     |\n2705 +    use serde::de::SeqAccess;\n     |\n\nSome errors have detailed explanations: E0053, E0261, E0277, E0308, E0412, E0433, E0599.\nFor more information about an error, try `rustc --explain E0053`.\nwarning: `serde_json` (lib test) generated 1 warning\nerror: could not compile `serde_json` (lib test) due to 9 previous errors; 1 warning emitted\n"
                }
              ],
              "repaired": [
                false
              ]
            },
            {
              "attrs": [],
              "prefix": [],
              "oracles": [],
              "codes": [
                [
                  "{",
                  "    struct MockSeed {",
                  "        value: usize,",
                  "    }",
                  "",
                  "    impl<'de> de::DeserializeSeed<'de> for MockSeed {",
                  "        type Value = usize;",
                  "",
                  "        fn deserialize<Deserializer: de::Deserializer<'de>>(self, _: &mut Deserializer) -> Result<usize> {",
                  "            Ok(self.value)",
                  "        }",
                  "    }",
                  "",
                  "    struct MockReader {",
                  "        data: Vec<u8>,",
                  "        index: usize,",
                  "    }",
                  "",
                  "    impl<'de> Read<'de> for MockReader {",
                  "        const should_early_return_if_failed: bool = false;",
                  "",
                  "        fn next(&mut self) -> Result<Option<u8>> {",
                  "            if self.index < self.data.len() {",
                  "                let byte = self.data[self.index];",
                  "                self.index += 1;",
                  "                Ok(Some(byte))",
                  "            } else {",
                  "                Ok(None)",
                  "            }",
                  "        }",
                  "",
                  "        fn peek(&mut self) -> Result<Option<u8>> {",
                  "            if self.index < self.data.len() {",
                  "                Ok(Some(self.data[self.index]))",
                  "            } else {",
                  "                Ok(None)",
                  "            }",
                  "        }",
                  "",
                  "        fn discard(&mut self) {}",
                  "",
                  "        fn position(&self) -> Position {",
                  "            Position::default()",
                  "        }",
                  "",
                  "        fn peek_position(&self) -> Position {",
                  "            Position::default()",
                  "        }",
                  "",
                  "        fn byte_offset(&self) -> usize {",
                  "            self.index",
                  "        }",
                  "",
                  "        fn parse_str<'s>(&'s mut self, _: &'s mut Vec<u8>) -> Result<Reference<'de, 's, str>> {",
                  "            unimplemented!()",
                  "        }",
                  "",
                  "        fn parse_str_raw<'s>(&'s mut self, _: &'s mut Vec<u8>) -> Result<Reference<'de, 's, [u8]>> {",
                  "            unimplemented!()",
                  "        }",
                  "",
                  "        fn ignore_str(&mut self) -> Result<()> {",
                  "            unimplemented!()",
                  "        }",
                  "",
                  "        fn decode_hex_escape(&mut self) -> Result<u16> {",
                  "            unimplemented!()",
                  "        }",
                  "",
                  "        #[cfg(feature = \"raw_value\")]",
                  "        fn begin_raw_buffering(&mut self) {}",
                  "",
                  "        #[cfg(feature = \"raw_value\")]",
                  "        fn end_raw_buffering<V>(&mut self, _: V) -> Result<V::Value>",
                  "        where",
                  "            V: Visitor<'de>,",
                  "        {",
                  "            unimplemented!()",
                  "        }",
                  "",
                  "        fn set_failed(&mut self, _: &mut bool) {}",
                  "    }",
                  "",
                  "    let mock_data = vec![b'1', b',', b']']; // Trailing comma",
                  "    let reader = MockReader { data: mock_data, index: 0 };",
                  "    let mut deserializer = TestDeserializer::new(reader);",
                  "    ",
                  "    let mut seq_access = SeqAccess { de: &mut deserializer, first: true };",
                  "    let seed = MockSeed { value: 42 };",
                  "",
                  "    let result = seq_access.next_element_seed(seed);",
                  "    assert!(result.is_err());",
                  "}"
                ]
              ],
              "can_compile": [
                {
                  "Err": "   Compiling proc-macro2 v1.0.95\n   Compiling serde v1.0.219\n   Compiling syn v1.0.109\n   Compiling libc v0.2.172\n   Compiling target-triple v0.1.4\n   Compiling serde_json v1.0.140\n   Compiling rustversion v1.0.20\n   Compiling ref-cast v1.0.24\n   Compiling serde_json v1.0.140 (/home/abezbm/rust-utgen-test-crates-new/json)\n   Compiling psm v0.1.26\n   Compiling stacker v0.1.21\n   Compiling quote v1.0.40\n   Compiling syn v2.0.101\n   Compiling serde_derive v1.0.219\n   Compiling ref-cast-impl v1.0.24\n   Compiling automod v1.0.15\n   Compiling ntest_timeout v0.9.3\n   Compiling ntest_test_cases v0.9.3\n   Compiling ntest v0.9.3\n   Compiling toml_datetime v0.6.9\n   Compiling serde_spanned v0.6.8\n   Compiling serde_bytes v0.11.17\n   Compiling serde_stacker v0.1.12\n   Compiling toml_edit v0.22.25\n   Compiling toml v0.8.21\n   Compiling trybuild v1.0.104\nerror[E0412]: cannot find type `Position` in this scope\n    --> src/de.rs:2750:31\n     |\n2750 |         fn position(&self) -> Position {\n     |                               ^^^^^^^^ not found in this scope\n     |\nhelp: consider importing this struct\n     |\n2705 +    use crate::read::Position;\n     |\n\nerror[E0433]: failed to resolve: use of undeclared type `Position`\n    --> src/de.rs:2751:13\n     |\n2751 |             Position::default()\n     |             ^^^^^^^^ use of undeclared type `Position`\n     |\nhelp: consider importing this struct\n     |\n2705 +    use crate::read::Position;\n     |\n\nerror[E0412]: cannot find type `Position` in this scope\n    --> src/de.rs:2754:36\n     |\n2754 |         fn peek_position(&self) -> Position {\n     |                                    ^^^^^^^^ not found in this scope\n     |\nhelp: consider importing this struct\n     |\n2705 +    use crate::read::Position;\n     |\n\nerror[E0433]: failed to resolve: use of undeclared type `Position`\n    --> src/de.rs:2755:13\n     |\n2755 |             Position::default()\n     |             ^^^^^^^^ use of undeclared type `Position`\n     |\nhelp: consider importing this struct\n     |\n2705 +    use crate::read::Position;\n     |\n\nwarning: unused import: `ntest::timeout`\n    --> src/de.rs:2706:8\n     |\n2706 |    use ntest::timeout;\n     |        ^^^^^^^^^^^^^^\n     |\n     = note: `#[warn(unused_imports)]` on by default\n\nerror[E0053]: method `deserialize` has an incompatible type for trait\n    --> src/de.rs:2717:70\n     |\n2717 |         fn deserialize<Deserializer: de::Deserializer<'de>>(self, _: &mut Deserializer) -> Result<usize> {\n     |                        ------------ expected this type parameter     ^^^^^^^^^^^^^^^^^ expected type parameter `Deserializer`, found `&mut Deserializer`\n     |\n     = note: expected signature `fn(MockSeed, _) -> std::result::Result<_, <Deserializer as serde::Deserializer<'de>>::Error>`\n                found signature `fn(MockSeed, &mut _) -> std::result::Result<_, error::Error>`\nhelp: change the parameter type to match the trait\n     |\n2717 |         fn deserialize<Deserializer: de::Deserializer<'de>>(self, _: Deserializer) -> Result<usize> {\n     |                                                                      ~~~~~~~~~~~~\n\nerror[E0277]: the trait bound `MockReader: read::private::Sealed` is not satisfied\n    --> src/de.rs:2727:29\n     |\n2727 |     impl<'de> Read<'de> for MockReader {\n     |                             ^^^^^^^^^^ the trait `read::private::Sealed` is not implemented for `MockReader`\n     |\n     = help: the following other types implement trait `read::private::Sealed`:\n               &mut R\n               IoRead<R>\n               SliceRead<'a>\n               StrRead<'a>\nnote: required by a bound in `read::Read`\n    --> src/read.rs:28:22\n     |\n28   | pub trait Read<'de>: private::Sealed {\n     |                      ^^^^^^^^^^^^^^^ required by this bound in `Read`\n     = note: `Read` is a \"sealed trait\", because to implement it you also need to implement `read::private::Sealed`, which is not accessible; this is usually done to force you to use one of the provided types that already implement it\n     = help: the following types implement the trait:\n               read::IoRead<R>\n               read::SliceRead<'a>\n               read::StrRead<'a>\n               &mut R\n\nerror[E0433]: failed to resolve: use of undeclared type `TestDeserializer`\n    --> src/de.rs:2794:28\n     |\n2794 |     let mut deserializer = TestDeserializer::new(reader);\n     |                            ^^^^^^^^^^^^^^^^\n     |                            |\n     |                            use of undeclared type `TestDeserializer`\n     |                            help: a struct with a similar name exists: `Deserializer`\n\nerror[E0599]: no method named `next_element_seed` found for struct `de::SeqAccess` in the current scope\n    --> src/de.rs:2799:29\n     |\n1917 | struct SeqAccess<'a, R: 'a> {\n     | --------------------------- method `next_element_seed` not found for this struct\n...\n2799 |     let result = seq_access.next_element_seed(seed);\n     |                             ^^^^^^^^^^^^^^^^^\n     |\n    ::: /home/abezbm/.cargo/registry/src/index.crates.io-6f17d22bba15001f/serde-1.0.219/src/de/mod.rs:1720:8\n     |\n1720 |     fn next_element_seed<T>(&mut self, seed: T) -> Result<Option<T::Value>, Self::Error>\n     |        ----------------- the method is available for `de::SeqAccess<'_, _>` here\n     |\n     = help: items from traits can only be used if the trait is in scope\nhelp: there is a method `next_element` with a similar name, but with different arguments\n    --> /home/abezbm/.cargo/registry/src/index.crates.io-6f17d22bba15001f/serde-1.0.219/src/de/mod.rs:1730:5\n     |\n1730 | /     fn next_element<T>(&mut self) -> Result<Option<T>, Self::Error>\n1731 | |     where\n1732 | |         T: Deserialize<'de>,\n     | |____________________________^\nhelp: trait `SeqAccess` which provides `next_element_seed` is implemented but not in scope; perhaps you want to import it\n     |\n2705 +    use serde::de::SeqAccess;\n     |\n\nSome errors have detailed explanations: E0053, E0277, E0412, E0433, E0599.\nFor more information about an error, try `rustc --explain E0053`.\nwarning: `serde_json` (lib test) generated 1 warning\nerror: could not compile `serde_json` (lib test) due to 8 previous errors; 1 warning emitted\n"
                }
              ],
              "repaired": [
                false
              ]
            },
            {
              "attrs": [],
              "prefix": [],
              "oracles": [],
              "codes": [
                [
                  "{",
                  "    struct MockSeed {",
                  "        value: usize,",
                  "    }",
                  "",
                  "    impl<'de> de::DeserializeSeed<'de> for MockSeed {",
                  "        type Value = usize;",
                  "",
                  "        fn deserialize<Deserializer: de::Deserializer<'de>>(self, _: &mut Deserializer) -> Result<usize> {",
                  "            Ok(self.value)",
                  "        }",
                  "    }",
                  "",
                  "    struct MockReader {",
                  "        data: Vec<u8>,",
                  "        index: usize,",
                  "    }",
                  "",
                  "    impl<'de> Read<'de> for MockReader {",
                  "        const should_early_return_if_failed: bool = false;",
                  "",
                  "        fn next(&mut self) -> Result<Option<u8>> {",
                  "            if self.index < self.data.len() {",
                  "                let byte = self.data[self.index];",
                  "                self.index += 1;",
                  "                Ok(Some(byte))",
                  "            } else {",
                  "                Ok(None)",
                  "            }",
                  "        }",
                  "",
                  "        fn peek(&mut self) -> Result<Option<u8>> {",
                  "            if self.index < self.data.len() {",
                  "                Ok(Some(self.data[self.index]))",
                  "            } else {",
                  "                Ok(None)",
                  "            }",
                  "        }",
                  "",
                  "        fn discard(&mut self) {}",
                  "",
                  "        fn position(&self) -> Position {",
                  "            Position::default()",
                  "        }",
                  "",
                  "        fn peek_position(&self) -> Position {",
                  "            Position::default()",
                  "        }",
                  "",
                  "        fn byte_offset(&self) -> usize {",
                  "            self.index",
                  "        }",
                  "",
                  "        fn parse_str<'s>(&'s mut self, _: &'s mut Vec<u8>) -> Result<Reference<'de, 's, str>> {",
                  "            unimplemented!()",
                  "        }",
                  "",
                  "        fn parse_str_raw<'s>(&'s mut self, _: &'s mut Vec<u8>) -> Result<Reference<'de, 's, [u8]>> {",
                  "            unimplemented!()",
                  "        }",
                  "",
                  "        fn ignore_str(&mut self) -> Result<()> {",
                  "            unimplemented!()",
                  "        }",
                  "",
                  "        fn decode_hex_escape(&mut self) -> Result<u16> {",
                  "            unimplemented!()",
                  "        }",
                  "",
                  "        #[cfg(feature = \"raw_value\")]",
                  "        fn begin_raw_buffering(&mut self) {}",
                  "",
                  "        #[cfg(feature = \"raw_value\")]",
                  "        fn end_raw_buffering<V>(&mut self, _: V) -> Result<V::Value>",
                  "        where",
                  "            V: Visitor<'de>,",
                  "        {",
                  "            unimplemented!()",
                  "        }",
                  "",
                  "        fn set_failed(&mut self, _: &mut bool) {}",
                  "    }",
                  "",
                  "    let mock_data = vec![b']']; // No elements",
                  "    let reader = MockReader { data: mock_data, index: 0 };",
                  "    let mut deserializer = TestDeserializer::new(reader);",
                  "    ",
                  "    let mut seq_access = SeqAccess { de: &mut deserializer, first: true };",
                  "    let seed = MockSeed { value: 42 };",
                  "",
                  "    let result = seq_access.next_element_seed(seed).unwrap();",
                  "    assert_eq!(result, None);",
                  "}"
                ]
              ],
              "can_compile": [
                {
                  "Err": "   Compiling proc-macro2 v1.0.95\n   Compiling serde v1.0.219\n   Compiling syn v1.0.109\n   Compiling libc v0.2.172\n   Compiling target-triple v0.1.4\n   Compiling serde_json v1.0.140\n   Compiling ref-cast v1.0.24\n   Compiling rustversion v1.0.20\n   Compiling serde_json v1.0.140 (/home/abezbm/rust-utgen-test-crates-new/json)\n   Compiling psm v0.1.26\n   Compiling stacker v0.1.21\n   Compiling quote v1.0.40\n   Compiling syn v2.0.101\n   Compiling serde_derive v1.0.219\n   Compiling ref-cast-impl v1.0.24\n   Compiling automod v1.0.15\n   Compiling ntest_test_cases v0.9.3\n   Compiling ntest_timeout v0.9.3\n   Compiling ntest v0.9.3\n   Compiling toml_datetime v0.6.9\n   Compiling serde_spanned v0.6.8\n   Compiling serde_bytes v0.11.17\n   Compiling serde_stacker v0.1.12\n   Compiling toml_edit v0.22.25\n   Compiling toml v0.8.21\n   Compiling trybuild v1.0.104\nerror[E0412]: cannot find type `Position` in this scope\n    --> src/de.rs:2750:31\n     |\n2750 |         fn position(&self) -> Position {\n     |                               ^^^^^^^^ not found in this scope\n     |\nhelp: consider importing this struct\n     |\n2705 +    use crate::read::Position;\n     |\n\nerror[E0433]: failed to resolve: use of undeclared type `Position`\n    --> src/de.rs:2751:13\n     |\n2751 |             Position::default()\n     |             ^^^^^^^^ use of undeclared type `Position`\n     |\nhelp: consider importing this struct\n     |\n2705 +    use crate::read::Position;\n     |\n\nerror[E0412]: cannot find type `Position` in this scope\n    --> src/de.rs:2754:36\n     |\n2754 |         fn peek_position(&self) -> Position {\n     |                                    ^^^^^^^^ not found in this scope\n     |\nhelp: consider importing this struct\n     |\n2705 +    use crate::read::Position;\n     |\n\nerror[E0433]: failed to resolve: use of undeclared type `Position`\n    --> src/de.rs:2755:13\n     |\n2755 |             Position::default()\n     |             ^^^^^^^^ use of undeclared type `Position`\n     |\nhelp: consider importing this struct\n     |\n2705 +    use crate::read::Position;\n     |\n\nwarning: unused import: `ntest::timeout`\n    --> src/de.rs:2706:8\n     |\n2706 |    use ntest::timeout;\n     |        ^^^^^^^^^^^^^^\n     |\n     = note: `#[warn(unused_imports)]` on by default\n\nerror[E0053]: method `deserialize` has an incompatible type for trait\n    --> src/de.rs:2717:70\n     |\n2717 |         fn deserialize<Deserializer: de::Deserializer<'de>>(self, _: &mut Deserializer) -> Result<usize> {\n     |                        ------------ expected this type parameter     ^^^^^^^^^^^^^^^^^ expected type parameter `Deserializer`, found `&mut Deserializer`\n     |\n     = note: expected signature `fn(MockSeed, _) -> std::result::Result<_, <Deserializer as serde::Deserializer<'de>>::Error>`\n                found signature `fn(MockSeed, &mut _) -> std::result::Result<_, error::Error>`\nhelp: change the parameter type to match the trait\n     |\n2717 |         fn deserialize<Deserializer: de::Deserializer<'de>>(self, _: Deserializer) -> Result<usize> {\n     |                                                                      ~~~~~~~~~~~~\n\nerror[E0277]: the trait bound `MockReader: read::private::Sealed` is not satisfied\n    --> src/de.rs:2727:29\n     |\n2727 |     impl<'de> Read<'de> for MockReader {\n     |                             ^^^^^^^^^^ the trait `read::private::Sealed` is not implemented for `MockReader`\n     |\n     = help: the following other types implement trait `read::private::Sealed`:\n               &mut R\n               IoRead<R>\n               SliceRead<'a>\n               StrRead<'a>\nnote: required by a bound in `read::Read`\n    --> src/read.rs:28:22\n     |\n28   | pub trait Read<'de>: private::Sealed {\n     |                      ^^^^^^^^^^^^^^^ required by this bound in `Read`\n     = note: `Read` is a \"sealed trait\", because to implement it you also need to implement `read::private::Sealed`, which is not accessible; this is usually done to force you to use one of the provided types that already implement it\n     = help: the following types implement the trait:\n               read::IoRead<R>\n               read::SliceRead<'a>\n               read::StrRead<'a>\n               &mut R\n\nerror[E0433]: failed to resolve: use of undeclared type `TestDeserializer`\n    --> src/de.rs:2794:28\n     |\n2794 |     let mut deserializer = TestDeserializer::new(reader);\n     |                            ^^^^^^^^^^^^^^^^\n     |                            |\n     |                            use of undeclared type `TestDeserializer`\n     |                            help: a struct with a similar name exists: `Deserializer`\n\nerror[E0599]: no method named `next_element_seed` found for struct `de::SeqAccess` in the current scope\n    --> src/de.rs:2799:29\n     |\n1917 | struct SeqAccess<'a, R: 'a> {\n     | --------------------------- method `next_element_seed` not found for this struct\n...\n2799 |     let result = seq_access.next_element_seed(seed).unwrap();\n     |                             ^^^^^^^^^^^^^^^^^\n     |\n    ::: /home/abezbm/.cargo/registry/src/index.crates.io-6f17d22bba15001f/serde-1.0.219/src/de/mod.rs:1720:8\n     |\n1720 |     fn next_element_seed<T>(&mut self, seed: T) -> Result<Option<T::Value>, Self::Error>\n     |        ----------------- the method is available for `de::SeqAccess<'_, _>` here\n     |\n     = help: items from traits can only be used if the trait is in scope\nhelp: there is a method `next_element` with a similar name, but with different arguments\n    --> /home/abezbm/.cargo/registry/src/index.crates.io-6f17d22bba15001f/serde-1.0.219/src/de/mod.rs:1730:5\n     |\n1730 | /     fn next_element<T>(&mut self) -> Result<Option<T>, Self::Error>\n1731 | |     where\n1732 | |         T: Deserialize<'de>,\n     | |____________________________^\nhelp: trait `SeqAccess` which provides `next_element_seed` is implemented but not in scope; perhaps you want to import it\n     |\n2705 +    use serde::de::SeqAccess;\n     |\n\nSome errors have detailed explanations: E0053, E0277, E0412, E0433, E0599.\nFor more information about an error, try `rustc --explain E0053`.\nwarning: `serde_json` (lib test) generated 1 warning\nerror: could not compile `serde_json` (lib test) due to 8 previous errors; 1 warning emitted\n"
                }
              ],
              "repaired": [
                false
              ]
            }
          ]
        }
      ]
    }
  ]
}