{
  "name": "serde_json::ser::<ser::MapKeySerializer<'a, W, F> as serde::Serializer>::serialize_f64",
  "name_with_impl": "serde_json::ser::{impl#11}::serialize_f64",
  "mod_info": {
    "name": "ser",
    "loc": "src/lib.rs:423:1:423:13"
  },
  "visible": true,
  "loc": "src/ser.rs:1040:5:1059:6",
  "fn_tests": [
    {
      "chain_id": 0,
      "prompt_conds": [],
      "input_infer": "",
      "answers": [
        {
          "uses": [],
          "has_test_mod": false,
          "common": [],
          "chain_tests": [
            {
              "attrs": [],
              "prefix": [],
              "oracles": [],
              "codes": [
                [
                  "{",
                  "    struct MockWriter {",
                  "        output: Vec<u8>,",
                  "    }",
                  "",
                  "    impl io::Write for MockWriter {",
                  "        fn write(&mut self, buf: &[u8]) -> Result<usize> {",
                  "            self.output.extend_from_slice(buf);",
                  "            Ok(buf.len())",
                  "        }",
                  "",
                  "        fn flush(&mut self) -> Result<()> {",
                  "            Ok(())",
                  "        }",
                  "    }",
                  "",
                  "    struct MockFormatter;",
                  "",
                  "    impl Formatter for MockFormatter {",
                  "        fn begin_string(&mut self, _: &mut dyn io::Write) -> Result<()> {",
                  "            Ok(())",
                  "        }",
                  "        fn write_f64(&mut self, _: &mut dyn io::Write, value: f64) -> Result<()> {",
                  "            let s = value.to_string();",
                  "            let result = format!(\"{}{}\", b'\"' as char, s);",
                  "            let result_len = result.len();",
                  "            self.begin_string(&mut result.as_bytes()).unwrap(); // simulate writing",
                  "            Ok(())",
                  "        }",
                  "        fn end_string(&mut self, _: &mut dyn io::Write) -> Result<()> {",
                  "            Ok(())",
                  "        }",
                  "    }",
                  "",
                  "    let mut writer = MockWriter { output: vec![] };",
                  "    let formatter = MockFormatter;",
                  "    let mut serializer = Serializer { writer, formatter };",
                  "",
                  "    let result = serializer.serialize_f64(3.14);",
                  "    assert!(result.is_ok());",
                  "}"
                ]
              ],
              "can_compile": [
                {
                  "Err": "   Compiling proc-macro2 v1.0.95\n   Compiling serde v1.0.219\n   Compiling syn v1.0.109\n   Compiling libc v0.2.172\n   Compiling serde_json v1.0.140\n   Compiling target-triple v0.1.4\n   Compiling ref-cast v1.0.24\n   Compiling rustversion v1.0.20\n   Compiling serde_json v1.0.140 (/home/abezbm/rust-utgen-test-crates-new/json)\n   Compiling psm v0.1.26\n   Compiling stacker v0.1.21\n   Compiling quote v1.0.40\n   Compiling syn v2.0.101\n   Compiling serde_derive v1.0.219\n   Compiling ref-cast-impl v1.0.24\n   Compiling automod v1.0.15\n   Compiling ntest_test_cases v0.9.3\n   Compiling ntest_timeout v0.9.3\n   Compiling ntest v0.9.3\n   Compiling toml_datetime v0.6.9\n   Compiling serde_spanned v0.6.8\n   Compiling serde_bytes v0.11.17\n   Compiling serde_stacker v0.1.12\n   Compiling toml_edit v0.22.25\n   Compiling toml v0.8.21\n   Compiling trybuild v1.0.104\nwarning: unused import: `ntest::timeout`\n    --> src/ser.rs:2281:8\n     |\n2281 |    use ntest::timeout;\n     |        ^^^^^^^^^^^^^^\n     |\n     = note: `#[warn(unused_imports)]` on by default\n\nerror[E0053]: method `write` has an incompatible type for trait\n    --> src/ser.rs:2290:44\n     |\n2290 |         fn write(&mut self, buf: &[u8]) -> Result<usize> {\n     |                                            ^^^^^^^^^^^^^ expected `std::io::Error`, found `error::Error`\n     |\n     = note: expected signature `fn(&mut MockWriter, &_) -> std::result::Result<_, std::io::Error>`\n                found signature `fn(&mut MockWriter, &_) -> std::result::Result<_, error::Error>`\nhelp: change the output type to match the trait\n     |\n2290 |         fn write(&mut self, buf: &[u8]) -> std::result::Result<usize, std::io::Error> {\n     |                                            ~~~~~~~~~~~~~~~~~~~~~~~~~~~~~~~~~~~~~~~~~~\n\nerror[E0053]: method `flush` has an incompatible type for trait\n    --> src/ser.rs:2295:32\n     |\n2295 |         fn flush(&mut self) -> Result<()> {\n     |                                ^^^^^^^^^^ expected `std::io::Error`, found `error::Error`\n     |\n     = note: expected signature `fn(&mut MockWriter) -> std::result::Result<_, std::io::Error>`\n                found signature `fn(&mut MockWriter) -> std::result::Result<_, error::Error>`\nhelp: change the output type to match the trait\n     |\n2295 |         fn flush(&mut self) -> std::result::Result<(), std::io::Error> {\n     |                                ~~~~~~~~~~~~~~~~~~~~~~~~~~~~~~~~~~~~~~~\n\nerror[E0049]: method `begin_string` has 0 type parameters but its trait declaration has 1 type parameter\n    --> src/ser.rs:2303:24\n     |\n1752 |     fn begin_string<W>(&mut self, writer: &mut W) -> io::Result<()>\n     |                     - expected 1 type parameter\n...\n2303 |         fn begin_string(&mut self, _: &mut dyn io::Write) -> Result<()> {\n     |                        ^ found 0 type parameters\n\nerror[E0049]: method `write_f64` has 0 type parameters but its trait declaration has 1 type parameter\n    --> src/ser.rs:2306:21\n     |\n1731 |     fn write_f64<W>(&mut self, writer: &mut W, value: f64) -> io::Result<()>\n     |                  - expected 1 type parameter\n...\n2306 |         fn write_f64(&mut self, _: &mut dyn io::Write, value: f64) -> Result<()> {\n     |                     ^ found 0 type parameters\n\nerror[E0049]: method `end_string` has 0 type parameters but its trait declaration has 1 type parameter\n    --> src/ser.rs:2313:22\n     |\n1762 |     fn end_string<W>(&mut self, writer: &mut W) -> io::Result<()>\n     |                   - expected 1 type parameter\n...\n2313 |         fn end_string(&mut self, _: &mut dyn io::Write) -> Result<()> {\n     |                      ^ found 0 type parameters\n\nerror[E0599]: no method named `serialize_f64` found for struct `ser::Serializer` in the current scope\n    --> src/ser.rs:2322:29\n     |\n15   | pub struct Serializer<W, F = CompactFormatter> {\n     | ---------------------------------------------- method `serialize_f64` not found for this struct\n...\n2322 |     let result = serializer.serialize_f64(3.14);\n     |                             ^^^^^^^^^^^^^\n     |\n    ::: /home/abezbm/.cargo/registry/src/index.crates.io-6f17d22bba15001f/serde-1.0.219/src/ser/mod.rs:666:8\n     |\n666  |     fn serialize_f64(self, v: f64) -> Result<Self::Ok, Self::Error>;\n     |        ------------- the method is available for `ser::Serializer<MockWriter, MockFormatter>` here\n     |\n     = help: items from traits can only be used if the trait is in scope\nhelp: trait `Serializer` which provides `serialize_f64` is implemented but not in scope; perhaps you want to import it\n     |\n2280 +    use serde::Serializer;\n     |\nhelp: there is a method `serialize_i64` with a similar name\n     |\n2322 |     let result = serializer.serialize_i64(3.14);\n     |                             ~~~~~~~~~~~~~\n\nerror[E0277]: the trait bound `&[u8]: std::io::Write` is not satisfied\n    --> src/ser.rs:2310:31\n     |\n2310 |             self.begin_string(&mut result.as_bytes()).unwrap(); // simulate writing\n     |                  ------------ ^^^^^^^^^^^^^^^^^^^^^^ the trait `std::io::Write` is not implemented for `&[u8]`\n     |                  |\n     |                  required by a bound introduced by this call\n     |\n     = help: the trait `std::io::Write` is implemented for `&mut [u8]`\nnote: required by a bound in `ser::Formatter::begin_string`\n    --> src/ser.rs:1754:21\n     |\n1752 |     fn begin_string<W>(&mut self, writer: &mut W) -> io::Result<()>\n     |        ------------ required by a bound in this associated function\n1753 |     where\n1754 |         W: ?Sized + io::Write,\n     |                     ^^^^^^^^^ required by this bound in `Formatter::begin_string`\n\nSome errors have detailed explanations: E0049, E0053, E0277, E0599.\nFor more information about an error, try `rustc --explain E0049`.\nwarning: `serde_json` (lib test) generated 1 warning\nerror: could not compile `serde_json` (lib test) due to 7 previous errors; 1 warning emitted\n"
                }
              ],
              "repaired": [
                false
              ]
            },
            {
              "attrs": [],
              "prefix": [],
              "oracles": [],
              "codes": [
                [
                  "{",
                  "    struct MockWriter {",
                  "        output: Vec<u8>,",
                  "    }",
                  "",
                  "    impl io::Write for MockWriter {",
                  "        fn write(&mut self, _buf: &[u8]) -> Result<usize> {",
                  "            Ok(0)",
                  "        }",
                  "",
                  "        fn flush(&mut self) -> Result<()> {",
                  "            Ok(())",
                  "        }",
                  "    }",
                  "",
                  "    struct MockFormatter;",
                  "",
                  "    impl Formatter for MockFormatter {",
                  "        fn begin_string(&mut self, _: &mut dyn io::Write) -> Result<()> {",
                  "            Ok(())",
                  "        }",
                  "        fn write_f64(&mut self, _: &mut dyn io::Write, _: f64) -> Result<()> {",
                  "            Ok(())",
                  "        }",
                  "        fn end_string(&mut self, _: &mut dyn io::Write) -> Result<()> {",
                  "            Ok(())",
                  "        }",
                  "    }",
                  "",
                  "    let mut writer = MockWriter { output: vec![] };",
                  "    let formatter = MockFormatter;",
                  "    let mut serializer = Serializer { writer, formatter };",
                  "",
                  "    let result = serializer.serialize_f64(f64::INFINITY);",
                  "    assert!(result.is_err());",
                  "}"
                ]
              ],
              "can_compile": [
                {
                  "Err": "   Compiling proc-macro2 v1.0.95\n   Compiling serde v1.0.219\n   Compiling syn v1.0.109\n   Compiling libc v0.2.172\n   Compiling serde_json v1.0.140\n   Compiling target-triple v0.1.4\n   Compiling ref-cast v1.0.24\n   Compiling rustversion v1.0.20\n   Compiling serde_json v1.0.140 (/home/abezbm/rust-utgen-test-crates-new/json)\n   Compiling psm v0.1.26\n   Compiling stacker v0.1.21\n   Compiling quote v1.0.40\n   Compiling syn v2.0.101\n   Compiling serde_derive v1.0.219\n   Compiling ref-cast-impl v1.0.24\n   Compiling automod v1.0.15\n   Compiling ntest_timeout v0.9.3\n   Compiling ntest_test_cases v0.9.3\n   Compiling ntest v0.9.3\n   Compiling serde_spanned v0.6.8\n   Compiling toml_datetime v0.6.9\n   Compiling serde_stacker v0.1.12\n   Compiling serde_bytes v0.11.17\n   Compiling toml_edit v0.22.25\n   Compiling toml v0.8.21\n   Compiling trybuild v1.0.104\nwarning: unused import: `ntest::timeout`\n    --> src/ser.rs:2281:8\n     |\n2281 |    use ntest::timeout;\n     |        ^^^^^^^^^^^^^^\n     |\n     = note: `#[warn(unused_imports)]` on by default\n\nerror[E0053]: method `write` has an incompatible type for trait\n    --> src/ser.rs:2290:45\n     |\n2290 |         fn write(&mut self, _buf: &[u8]) -> Result<usize> {\n     |                                             ^^^^^^^^^^^^^ expected `std::io::Error`, found `error::Error`\n     |\n     = note: expected signature `fn(&mut MockWriter, &_) -> std::result::Result<_, std::io::Error>`\n                found signature `fn(&mut MockWriter, &_) -> std::result::Result<_, error::Error>`\nhelp: change the output type to match the trait\n     |\n2290 |         fn write(&mut self, _buf: &[u8]) -> std::result::Result<usize, std::io::Error> {\n     |                                             ~~~~~~~~~~~~~~~~~~~~~~~~~~~~~~~~~~~~~~~~~~\n\nerror[E0053]: method `flush` has an incompatible type for trait\n    --> src/ser.rs:2294:32\n     |\n2294 |         fn flush(&mut self) -> Result<()> {\n     |                                ^^^^^^^^^^ expected `std::io::Error`, found `error::Error`\n     |\n     = note: expected signature `fn(&mut MockWriter) -> std::result::Result<_, std::io::Error>`\n                found signature `fn(&mut MockWriter) -> std::result::Result<_, error::Error>`\nhelp: change the output type to match the trait\n     |\n2294 |         fn flush(&mut self) -> std::result::Result<(), std::io::Error> {\n     |                                ~~~~~~~~~~~~~~~~~~~~~~~~~~~~~~~~~~~~~~~\n\nerror[E0049]: method `begin_string` has 0 type parameters but its trait declaration has 1 type parameter\n    --> src/ser.rs:2302:24\n     |\n1752 |     fn begin_string<W>(&mut self, writer: &mut W) -> io::Result<()>\n     |                     - expected 1 type parameter\n...\n2302 |         fn begin_string(&mut self, _: &mut dyn io::Write) -> Result<()> {\n     |                        ^ found 0 type parameters\n\nerror[E0049]: method `write_f64` has 0 type parameters but its trait declaration has 1 type parameter\n    --> src/ser.rs:2305:21\n     |\n1731 |     fn write_f64<W>(&mut self, writer: &mut W, value: f64) -> io::Result<()>\n     |                  - expected 1 type parameter\n...\n2305 |         fn write_f64(&mut self, _: &mut dyn io::Write, _: f64) -> Result<()> {\n     |                     ^ found 0 type parameters\n\nerror[E0049]: method `end_string` has 0 type parameters but its trait declaration has 1 type parameter\n    --> src/ser.rs:2308:22\n     |\n1762 |     fn end_string<W>(&mut self, writer: &mut W) -> io::Result<()>\n     |                   - expected 1 type parameter\n...\n2308 |         fn end_string(&mut self, _: &mut dyn io::Write) -> Result<()> {\n     |                      ^ found 0 type parameters\n\nerror[E0599]: no method named `serialize_f64` found for struct `ser::Serializer` in the current scope\n    --> src/ser.rs:2317:29\n     |\n15   | pub struct Serializer<W, F = CompactFormatter> {\n     | ---------------------------------------------- method `serialize_f64` not found for this struct\n...\n2317 |     let result = serializer.serialize_f64(f64::INFINITY);\n     |                             ^^^^^^^^^^^^^\n     |\n    ::: /home/abezbm/.cargo/registry/src/index.crates.io-6f17d22bba15001f/serde-1.0.219/src/ser/mod.rs:666:8\n     |\n666  |     fn serialize_f64(self, v: f64) -> Result<Self::Ok, Self::Error>;\n     |        ------------- the method is available for `ser::Serializer<MockWriter, MockFormatter>` here\n     |\n     = help: items from traits can only be used if the trait is in scope\nhelp: trait `Serializer` which provides `serialize_f64` is implemented but not in scope; perhaps you want to import it\n     |\n2280 +    use serde::Serializer;\n     |\nhelp: there is a method `serialize_i64` with a similar name\n     |\n2317 |     let result = serializer.serialize_i64(f64::INFINITY);\n     |                             ~~~~~~~~~~~~~\n\nSome errors have detailed explanations: E0049, E0053, E0599.\nFor more information about an error, try `rustc --explain E0049`.\nwarning: `serde_json` (lib test) generated 1 warning\nerror: could not compile `serde_json` (lib test) due to 6 previous errors; 1 warning emitted\n"
                }
              ],
              "repaired": [
                false
              ]
            }
          ]
        }
      ]
    }
  ]
}