{
  "name": "regex_syntax::hir::literal::repeat_zero_or_one_literals",
  "name_with_impl": "regex_syntax::hir::literal::repeat_zero_or_one_literals",
  "mod_info": {
    "name": "hir::literal",
    "loc": "regex-syntax/src/hir/mod.rs:27:1:27:17"
  },
  "visible": false,
  "loc": "regex-syntax/src/hir/literal/mod.rs:765:1:782:2",
  "fn_tests": [
    {
      "chain_id": 1,
      "prompt_conds": [
        "// constraint: lits3.is_empty() is true\n"
      ],
      "input_infer": "",
      "answers": [
        {
          "uses": [],
          "has_test_mod": false,
          "common": [
            "#[derive(Clone)]",
            "struct Hir;",
            "",
            "#[derive(Clone)]",
            "struct Literals {",
            "    empty: bool,",
            "    limit_size: usize,",
            "}",
            "",
            "impl Literals {",
            "    fn new(limit_size: usize) -> Self {",
            "        Self {",
            "            empty: true,",
            "            limit_size,",
            "        }",
            "    }",
            "",
            "    fn is_empty(&self) -> bool {",
            "        self.empty",
            "    }",
            "",
            "    fn set_limit_size(&mut self, size: usize) {",
            "        self.limit_size = size;",
            "    }",
            "",
            "    fn cross_product(&self, _other: &Literals) -> bool {",
            "        !self.is_empty() // mock logic",
            "    }",
            "",
            "    fn cut(&mut self) {",
            "        self.empty = true; // simulating cut",
            "    }",
            "",
            "    fn add(&mut self, _literal: Literal) {",
            "        self.empty = false; // simulating adding a literal",
            "    }",
            "",
            "    fn union(&mut self, _other: Literals) -> bool {",
            "        true // mock logic for union success",
            "    }",
            "",
            "    fn to_empty(&self) -> Literals {",
            "        Literals::new(0) // return an empty Literals",
            "    }",
            "",
            "    fn limit_size(&self) -> usize {",
            "        self.limit_size",
            "    }",
            "}",
            "",
            "#[derive(Clone)]",
            "struct Literal;"
          ],
          "chain_tests": [
            {
              "attrs": [],
              "prefix": [],
              "oracles": [],
              "codes": [
                [
                  "{",
                  "    let e = Hir;",
                  "    let mut lits = Literals::new(10);",
                  "    ",
                  "    // Create a scenario where lits3.is_empty() is true",
                  "    lits.set_limit_size(0); // Setting limit size to 0 will result in lits3 being empty after to_empty() call",
                  "",
                  "    repeat_zero_or_one_literals(&e, &mut lits, |_, _| {",
                  "        // Callback, no operation needed",
                  "    });",
                  "",
                  "    // Since lits3 was empty, we expect lits to remain empty after the call",
                  "    assert!(lits.is_empty());",
                  "}"
                ]
              ],
              "can_compile": [
                {
                  "Err": "warning: /home/abezbm/rust-utgen-test-crates-new/regex/Cargo.toml: no edition set: defaulting to the 2015 edition while the latest is 2021\nwarning: /home/abezbm/rust-utgen-test-crates-new/regex/regex-capi/Cargo.toml: no edition set: defaulting to the 2015 edition while the latest is 2021\nwarning: /home/abezbm/rust-utgen-test-crates-new/regex/regex-debug/Cargo.toml: no edition set: defaulting to the 2015 edition while the latest is 2021\nwarning: /home/abezbm/rust-utgen-test-crates-new/regex/regex-syntax/Cargo.toml: no edition set: defaulting to the 2015 edition while the latest is 2021\n   Compiling proc-macro2 v1.0.95\n   Compiling syn v1.0.109\n   Compiling quote v1.0.40\n   Compiling ntest_timeout v0.9.3\n   Compiling ntest_test_cases v0.9.3\n   Compiling ntest v0.9.3\n   Compiling regex-syntax v0.6.0 (/home/abezbm/rust-utgen-test-crates-new/regex/regex-syntax)\nwarning: `...` range patterns are deprecated\n    --> regex-syntax/src/ast/parse.rs:1445:16\n     |\n1445 |             '0'...'7' => {\n     |                ^^^ help: use `..=` for an inclusive range\n     |\n     = warning: this is accepted in the current edition (Rust 2015) but is a hard error in Rust 2021!\n     = note: for more information, see <https://doc.rust-lang.org/nightly/edition-guide/rust-2021/warnings-promoted-to-error.html>\n     = note: `#[warn(ellipsis_inclusive_range_patterns)]` on by default\n\nwarning: `...` range patterns are deprecated\n    --> regex-syntax/src/ast/parse.rs:1456:16\n     |\n1456 |             '8'...'9' if !self.parser().octal => {\n     |                ^^^ help: use `..=` for an inclusive range\n     |\n     = warning: this is accepted in the current edition (Rust 2015) but is a hard error in Rust 2021!\n     = note: for more information, see <https://doc.rust-lang.org/nightly/edition-guide/rust-2021/warnings-promoted-to-error.html>\n\nwarning: unused import: `Primitive`\n    --> regex-syntax/src/ast/parse.rs:2261:49\n     |\n2261 |     use super::{Parser, ParserI, ParserBuilder, Primitive};\n     |                                                 ^^^^^^^^^\n     |\n     = note: `#[warn(unused_imports)]` on by default\n\nwarning: unused macro definition: `assert_eq`\n    --> regex-syntax/src/ast/parse.rs:2265:18\n     |\n2265 |     macro_rules! assert_eq {\n     |                  ^^^^^^^^^\n     |\n     = note: `#[warn(unused_macros)]` on by default\n\nwarning: unused import: `super::*`\n    --> regex-syntax/src/ast/mod.rs:1482:9\n     |\n1482 |     use super::*;\n     |         ^^^^^^^^\n\nwarning: unused import: `ast::parse::Parser`\n   --> regex-syntax/src/error.rs:288:9\n    |\n288 |     use ast::parse::Parser;\n    |         ^^^^^^^^^^^^^^^^^^\n\nwarning: unused import: `ParserBuilder`\n    --> regex-syntax/src/hir/literal/mod.rs:1004:9\n     |\n1004 |     use ParserBuilder;\n     |         ^^^^^^^^^^^^^\n\nwarning: unused import: `ntest::timeout`\n    --> regex-syntax/src/hir/literal/mod.rs:1556:8\n     |\n1556 |    use ntest::timeout;\n     |        ^^^^^^^^^^^^^^\n\nwarning: unused imports: `Position` and `self`\n    --> regex-syntax/src/hir/translate.rs:1094:15\n     |\n1094 |     use ast::{self, Ast, Position, Span};\n     |               ^^^^       ^^^^^^^^\n\nwarning: unused import: `ascii_class`\n    --> regex-syntax/src/hir/translate.rs:1099:36\n     |\n1099 |     use super::{TranslatorBuilder, ascii_class};\n     |                                    ^^^^^^^^^^^\n\nwarning: unused imports: `contains_simple_case_mapping` and `simple_fold`\n   --> regex-syntax/src/unicode.rs:375:17\n    |\n375 |     use super::{contains_simple_case_mapping, simple_fold};\n    |                 ^^^^^^^^^^^^^^^^^^^^^^^^^^^^  ^^^^^^^^^^^\n\nwarning: `...` range patterns are deprecated\n   --> regex-syntax/src/lib.rs:195:21\n    |\n195 |         b'_' | b'0' ... b'9' | b'a' ... b'z' | b'A' ... b'Z'  => true,\n    |                     ^^^ help: use `..=` for an inclusive range\n    |\n    = warning: this is accepted in the current edition (Rust 2015) but is a hard error in Rust 2021!\n    = note: for more information, see <https://doc.rust-lang.org/nightly/edition-guide/rust-2021/warnings-promoted-to-error.html>\n\nwarning: `...` range patterns are deprecated\n   --> regex-syntax/src/lib.rs:195:37\n    |\n195 |         b'_' | b'0' ... b'9' | b'a' ... b'z' | b'A' ... b'Z'  => true,\n    |                                     ^^^ help: use `..=` for an inclusive range\n    |\n    = warning: this is accepted in the current edition (Rust 2015) but is a hard error in Rust 2021!\n    = note: for more information, see <https://doc.rust-lang.org/nightly/edition-guide/rust-2021/warnings-promoted-to-error.html>\n\nwarning: `...` range patterns are deprecated\n   --> regex-syntax/src/lib.rs:195:53\n    |\n195 |         b'_' | b'0' ... b'9' | b'a' ... b'z' | b'A' ... b'Z'  => true,\n    |                                                     ^^^ help: use `..=` for an inclusive range\n    |\n    = warning: this is accepted in the current edition (Rust 2015) but is a hard error in Rust 2021!\n    = note: for more information, see <https://doc.rust-lang.org/nightly/edition-guide/rust-2021/warnings-promoted-to-error.html>\n\nwarning: unused import: `super::*`\n   --> regex-syntax/src/lib.rs:202:9\n    |\n202 |     use super::*;\n    |         ^^^^^^^^\n\nwarning: use of deprecated method `std::error::Error::description`: use the Display impl or to_string()\n  --> regex-syntax/src/error.rs:45:38\n   |\n45 |             Error::Parse(ref x) => x.description(),\n   |                                      ^^^^^^^^^^^\n   |\n   = note: `#[warn(deprecated)]` on by default\n\nwarning: use of deprecated method `std::error::Error::description`: use the Display impl or to_string()\n  --> regex-syntax/src/error.rs:46:42\n   |\n46 |             Error::Translate(ref x) => x.description(),\n   |                                          ^^^^^^^^^^^\n\nerror[E0308]: arguments to this function are incorrect\n    --> regex-syntax/src/hir/literal/mod.rs:1619:5\n     |\n1619 |     repeat_zero_or_one_literals(&e, &mut lits, |_, _| {\n     |     ^^^^^^^^^^^^^^^^^^^^^^^^^^^ --  --------- expected `literal::Literals`, found `llmtests::Literals`\n     |                                 |\n     |                                 expected `hir::Hir`, found `llmtests::Hir`\n     |\n     = note: `llmtests::Hir` and `hir::Hir` have similar names, but are actually distinct types\nnote: `llmtests::Hir` is defined in module `crate::hir::literal::llmtests` of the current crate\n    --> regex-syntax/src/hir/literal/mod.rs:1558:1\n     |\n1558 | struct Hir;\n     | ^^^^^^^^^^\nnote: `hir::Hir` is defined in module `crate::hir` of the current crate\n    --> regex-syntax/src/hir/mod.rs:161:1\n     |\n161  | pub struct Hir {\n     | ^^^^^^^^^^^^^^\n     = note: `llmtests::Literals` and `literal::Literals` have similar names, but are actually distinct types\nnote: `llmtests::Literals` is defined in module `crate::hir::literal::llmtests` of the current crate\n    --> regex-syntax/src/hir/literal/mod.rs:1561:1\n     |\n1561 | struct Literals {\n     | ^^^^^^^^^^^^^^^\nnote: `literal::Literals` is defined in module `crate::hir::literal` of the current crate\n    --> regex-syntax/src/hir/literal/mod.rs:45:1\n     |\n45   | pub struct Literals {\n     | ^^^^^^^^^^^^^^^^^^^\nnote: function defined here\n    --> regex-syntax/src/hir/literal/mod.rs:765:4\n     |\n765  | fn repeat_zero_or_one_literals<F: FnMut(&Hir, &mut Literals)>(\n     |    ^^^^^^^^^^^^^^^^^^^^^^^^^^^\n766  |     e: &Hir,\n     |     -------\n767  |     lits: &mut Literals,\n     |     -------------------\n768  |     mut f: F,\n     |     --------\n\nwarning: variable does not need to be mutable\n   --> regex-syntax/src/hir/literal/mod.rs:687:17\n    |\n687 |             let mut buf = &mut buf[..i];\n    |                 ----^^^\n    |                 |\n    |                 help: remove this `mut`\n    |\n    = note: `#[warn(unused_mut)]` on by default\n\nFor more information about this error, try `rustc --explain E0308`.\nwarning: `regex-syntax` (lib test) generated 18 warnings\nerror: could not compile `regex-syntax` (lib test) due to 1 previous error; 18 warnings emitted\n"
                }
              ],
              "repaired": [
                false
              ]
            },
            {
              "attrs": [],
              "prefix": [],
              "oracles": [],
              "codes": [
                [
                  "{",
                  "    let e = Hir;",
                  "    let mut lits = Literals::new(10);",
                  "    lits.add(Literal); // Make lits non-empty initially",
                  "",
                  "    // Setting limit size greater than zero to avoid panic",
                  "    lits.set_limit_size(5); ",
                  "",
                  "    repeat_zero_or_one_literals(&e, &mut lits, |_, _| {",
                  "        // Callback, no operation needed",
                  "    });",
                  "",
                  "    // Check that lits remains non-empty",
                  "    assert!(!lits.is_empty());",
                  "}"
                ]
              ],
              "can_compile": [
                {
                  "Err": "warning: /home/abezbm/rust-utgen-test-crates-new/regex/regex-syntax/Cargo.toml: no edition set: defaulting to the 2015 edition while the latest is 2021\nwarning: /home/abezbm/rust-utgen-test-crates-new/regex/regex-debug/Cargo.toml: no edition set: defaulting to the 2015 edition while the latest is 2021\nwarning: /home/abezbm/rust-utgen-test-crates-new/regex/regex-capi/Cargo.toml: no edition set: defaulting to the 2015 edition while the latest is 2021\nwarning: /home/abezbm/rust-utgen-test-crates-new/regex/Cargo.toml: no edition set: defaulting to the 2015 edition while the latest is 2021\n   Compiling proc-macro2 v1.0.95\n   Compiling syn v1.0.109\n   Compiling quote v1.0.40\n   Compiling ntest_timeout v0.9.3\n   Compiling ntest_test_cases v0.9.3\n   Compiling ntest v0.9.3\n   Compiling regex-syntax v0.6.0 (/home/abezbm/rust-utgen-test-crates-new/regex/regex-syntax)\nwarning: `...` range patterns are deprecated\n    --> regex-syntax/src/ast/parse.rs:1445:16\n     |\n1445 |             '0'...'7' => {\n     |                ^^^ help: use `..=` for an inclusive range\n     |\n     = warning: this is accepted in the current edition (Rust 2015) but is a hard error in Rust 2021!\n     = note: for more information, see <https://doc.rust-lang.org/nightly/edition-guide/rust-2021/warnings-promoted-to-error.html>\n     = note: `#[warn(ellipsis_inclusive_range_patterns)]` on by default\n\nwarning: `...` range patterns are deprecated\n    --> regex-syntax/src/ast/parse.rs:1456:16\n     |\n1456 |             '8'...'9' if !self.parser().octal => {\n     |                ^^^ help: use `..=` for an inclusive range\n     |\n     = warning: this is accepted in the current edition (Rust 2015) but is a hard error in Rust 2021!\n     = note: for more information, see <https://doc.rust-lang.org/nightly/edition-guide/rust-2021/warnings-promoted-to-error.html>\n\nwarning: unused import: `Primitive`\n    --> regex-syntax/src/ast/parse.rs:2261:49\n     |\n2261 |     use super::{Parser, ParserI, ParserBuilder, Primitive};\n     |                                                 ^^^^^^^^^\n     |\n     = note: `#[warn(unused_imports)]` on by default\n\nwarning: unused macro definition: `assert_eq`\n    --> regex-syntax/src/ast/parse.rs:2265:18\n     |\n2265 |     macro_rules! assert_eq {\n     |                  ^^^^^^^^^\n     |\n     = note: `#[warn(unused_macros)]` on by default\n\nwarning: unused import: `super::*`\n    --> regex-syntax/src/ast/mod.rs:1482:9\n     |\n1482 |     use super::*;\n     |         ^^^^^^^^\n\nwarning: unused import: `ast::parse::Parser`\n   --> regex-syntax/src/error.rs:288:9\n    |\n288 |     use ast::parse::Parser;\n    |         ^^^^^^^^^^^^^^^^^^\n\nwarning: unused import: `ParserBuilder`\n    --> regex-syntax/src/hir/literal/mod.rs:1004:9\n     |\n1004 |     use ParserBuilder;\n     |         ^^^^^^^^^^^^^\n\nwarning: unused import: `ntest::timeout`\n    --> regex-syntax/src/hir/literal/mod.rs:1556:8\n     |\n1556 |    use ntest::timeout;\n     |        ^^^^^^^^^^^^^^\n\nwarning: unused imports: `Position` and `self`\n    --> regex-syntax/src/hir/translate.rs:1094:15\n     |\n1094 |     use ast::{self, Ast, Position, Span};\n     |               ^^^^       ^^^^^^^^\n\nwarning: unused import: `ascii_class`\n    --> regex-syntax/src/hir/translate.rs:1099:36\n     |\n1099 |     use super::{TranslatorBuilder, ascii_class};\n     |                                    ^^^^^^^^^^^\n\nwarning: unused imports: `contains_simple_case_mapping` and `simple_fold`\n   --> regex-syntax/src/unicode.rs:375:17\n    |\n375 |     use super::{contains_simple_case_mapping, simple_fold};\n    |                 ^^^^^^^^^^^^^^^^^^^^^^^^^^^^  ^^^^^^^^^^^\n\nwarning: `...` range patterns are deprecated\n   --> regex-syntax/src/lib.rs:195:21\n    |\n195 |         b'_' | b'0' ... b'9' | b'a' ... b'z' | b'A' ... b'Z'  => true,\n    |                     ^^^ help: use `..=` for an inclusive range\n    |\n    = warning: this is accepted in the current edition (Rust 2015) but is a hard error in Rust 2021!\n    = note: for more information, see <https://doc.rust-lang.org/nightly/edition-guide/rust-2021/warnings-promoted-to-error.html>\n\nwarning: `...` range patterns are deprecated\n   --> regex-syntax/src/lib.rs:195:37\n    |\n195 |         b'_' | b'0' ... b'9' | b'a' ... b'z' | b'A' ... b'Z'  => true,\n    |                                     ^^^ help: use `..=` for an inclusive range\n    |\n    = warning: this is accepted in the current edition (Rust 2015) but is a hard error in Rust 2021!\n    = note: for more information, see <https://doc.rust-lang.org/nightly/edition-guide/rust-2021/warnings-promoted-to-error.html>\n\nwarning: `...` range patterns are deprecated\n   --> regex-syntax/src/lib.rs:195:53\n    |\n195 |         b'_' | b'0' ... b'9' | b'a' ... b'z' | b'A' ... b'Z'  => true,\n    |                                                     ^^^ help: use `..=` for an inclusive range\n    |\n    = warning: this is accepted in the current edition (Rust 2015) but is a hard error in Rust 2021!\n    = note: for more information, see <https://doc.rust-lang.org/nightly/edition-guide/rust-2021/warnings-promoted-to-error.html>\n\nwarning: unused import: `super::*`\n   --> regex-syntax/src/lib.rs:202:9\n    |\n202 |     use super::*;\n    |         ^^^^^^^^\n\nwarning: use of deprecated method `std::error::Error::description`: use the Display impl or to_string()\n  --> regex-syntax/src/error.rs:45:38\n   |\n45 |             Error::Parse(ref x) => x.description(),\n   |                                      ^^^^^^^^^^^\n   |\n   = note: `#[warn(deprecated)]` on by default\n\nwarning: use of deprecated method `std::error::Error::description`: use the Display impl or to_string()\n  --> regex-syntax/src/error.rs:46:42\n   |\n46 |             Error::Translate(ref x) => x.description(),\n   |                                          ^^^^^^^^^^^\n\nerror[E0308]: arguments to this function are incorrect\n    --> regex-syntax/src/hir/literal/mod.rs:1620:5\n     |\n1620 |     repeat_zero_or_one_literals(&e, &mut lits, |_, _| {\n     |     ^^^^^^^^^^^^^^^^^^^^^^^^^^^ --  --------- expected `literal::Literals`, found `llmtests::Literals`\n     |                                 |\n     |                                 expected `hir::Hir`, found `llmtests::Hir`\n     |\n     = note: `llmtests::Hir` and `hir::Hir` have similar names, but are actually distinct types\nnote: `llmtests::Hir` is defined in module `crate::hir::literal::llmtests` of the current crate\n    --> regex-syntax/src/hir/literal/mod.rs:1558:1\n     |\n1558 | struct Hir;\n     | ^^^^^^^^^^\nnote: `hir::Hir` is defined in module `crate::hir` of the current crate\n    --> regex-syntax/src/hir/mod.rs:161:1\n     |\n161  | pub struct Hir {\n     | ^^^^^^^^^^^^^^\n     = note: `llmtests::Literals` and `literal::Literals` have similar names, but are actually distinct types\nnote: `llmtests::Literals` is defined in module `crate::hir::literal::llmtests` of the current crate\n    --> regex-syntax/src/hir/literal/mod.rs:1561:1\n     |\n1561 | struct Literals {\n     | ^^^^^^^^^^^^^^^\nnote: `literal::Literals` is defined in module `crate::hir::literal` of the current crate\n    --> regex-syntax/src/hir/literal/mod.rs:45:1\n     |\n45   | pub struct Literals {\n     | ^^^^^^^^^^^^^^^^^^^\nnote: function defined here\n    --> regex-syntax/src/hir/literal/mod.rs:765:4\n     |\n765  | fn repeat_zero_or_one_literals<F: FnMut(&Hir, &mut Literals)>(\n     |    ^^^^^^^^^^^^^^^^^^^^^^^^^^^\n766  |     e: &Hir,\n     |     -------\n767  |     lits: &mut Literals,\n     |     -------------------\n768  |     mut f: F,\n     |     --------\n\nwarning: variable does not need to be mutable\n   --> regex-syntax/src/hir/literal/mod.rs:687:17\n    |\n687 |             let mut buf = &mut buf[..i];\n    |                 ----^^^\n    |                 |\n    |                 help: remove this `mut`\n    |\n    = note: `#[warn(unused_mut)]` on by default\n\nFor more information about this error, try `rustc --explain E0308`.\nwarning: `regex-syntax` (lib test) generated 18 warnings\nerror: could not compile `regex-syntax` (lib test) due to 1 previous error; 18 warnings emitted\n"
                }
              ],
              "repaired": [
                false
              ]
            }
          ]
        }
      ]
    },
    {
      "chain_id": 2,
      "prompt_conds": [
        "// constraint: lits3.is_empty() is false\n",
        "// constraint: lits2.cross_product(&lits3) is true\n",
        "// constraint: lits.union(lits2) is true\n"
      ],
      "input_infer": "",
      "answers": [
        {
          "uses": [],
          "has_test_mod": false,
          "common": [],
          "chain_tests": [
            {
              "attrs": [],
              "prefix": [],
              "oracles": [],
              "codes": [
                [
                  "{",
                  "    struct Hir; // Placeholder for the actual Hir structure.",
                  "    struct Literals {",
                  "        limit_size: usize,",
                  "        empty: bool,",
                  "    }",
                  "",
                  "    impl Literals {",
                  "        fn clone(&self) -> Self {",
                  "            Literals {",
                  "                limit_size: self.limit_size,",
                  "                empty: self.empty,",
                  "            }",
                  "        }",
                  "",
                  "        fn to_empty(&mut self) -> Self {",
                  "            Literals {",
                  "                limit_size: self.limit_size,",
                  "                empty: true,",
                  "            }",
                  "        }",
                  "",
                  "        fn set_limit_size(&mut self, size: usize) {",
                  "            self.limit_size = size;",
                  "        }",
                  "",
                  "        fn is_empty(&self) -> bool {",
                  "            self.empty",
                  "        }",
                  "",
                  "        fn cross_product(&self, _other: &Self) -> bool {",
                  "            // Return true to satisfy the condition for the test case.",
                  "            true",
                  "        }",
                  "",
                  "        fn add(&mut self, _literal: Literal) {",
                  "            // Simulated addition of a literal.",
                  "            self.empty = false;",
                  "        }",
                  "",
                  "        fn union(&mut self, _other: Self) -> bool {",
                  "            // Return true to satisfy the condition for the test case.",
                  "            true",
                  "        }",
                  "",
                  "        fn cut(&mut self) {",
                  "            self.empty = true;",
                  "        }",
                  "",
                  "        fn limit_size(&self) -> usize {",
                  "            self.limit_size",
                  "        }",
                  "    }",
                  "",
                  "    struct Literal;",
                  "",
                  "    let mut lits = Literals {",
                  "        limit_size: 10,",
                  "        empty: false,",
                  "    };",
                  "",
                  "    let e = Hir;",
                  "",
                  "    repeat_zero_or_one_literals(&e, &mut lits, |_, _| {});",
                  "",
                  "    assert!(!lits.is_empty()); // Expecting lits to not be empty after function call.",
                  "}"
                ]
              ],
              "can_compile": [
                {
                  "Err": "warning: /home/abezbm/rust-utgen-test-crates-new/regex/regex-debug/Cargo.toml: no edition set: defaulting to the 2015 edition while the latest is 2021\nwarning: /home/abezbm/rust-utgen-test-crates-new/regex/regex-syntax/Cargo.toml: no edition set: defaulting to the 2015 edition while the latest is 2021\nwarning: /home/abezbm/rust-utgen-test-crates-new/regex/regex-capi/Cargo.toml: no edition set: defaulting to the 2015 edition while the latest is 2021\nwarning: /home/abezbm/rust-utgen-test-crates-new/regex/Cargo.toml: no edition set: defaulting to the 2015 edition while the latest is 2021\n   Compiling proc-macro2 v1.0.95\n   Compiling syn v1.0.109\n   Compiling quote v1.0.40\n   Compiling ntest_test_cases v0.9.3\n   Compiling ntest_timeout v0.9.3\n   Compiling ntest v0.9.3\n   Compiling regex-syntax v0.6.0 (/home/abezbm/rust-utgen-test-crates-new/regex/regex-syntax)\nwarning: `...` range patterns are deprecated\n    --> regex-syntax/src/ast/parse.rs:1445:16\n     |\n1445 |             '0'...'7' => {\n     |                ^^^ help: use `..=` for an inclusive range\n     |\n     = warning: this is accepted in the current edition (Rust 2015) but is a hard error in Rust 2021!\n     = note: for more information, see <https://doc.rust-lang.org/nightly/edition-guide/rust-2021/warnings-promoted-to-error.html>\n     = note: `#[warn(ellipsis_inclusive_range_patterns)]` on by default\n\nwarning: `...` range patterns are deprecated\n    --> regex-syntax/src/ast/parse.rs:1456:16\n     |\n1456 |             '8'...'9' if !self.parser().octal => {\n     |                ^^^ help: use `..=` for an inclusive range\n     |\n     = warning: this is accepted in the current edition (Rust 2015) but is a hard error in Rust 2021!\n     = note: for more information, see <https://doc.rust-lang.org/nightly/edition-guide/rust-2021/warnings-promoted-to-error.html>\n\nwarning: unused import: `Primitive`\n    --> regex-syntax/src/ast/parse.rs:2261:49\n     |\n2261 |     use super::{Parser, ParserI, ParserBuilder, Primitive};\n     |                                                 ^^^^^^^^^\n     |\n     = note: `#[warn(unused_imports)]` on by default\n\nwarning: unused macro definition: `assert_eq`\n    --> regex-syntax/src/ast/parse.rs:2265:18\n     |\n2265 |     macro_rules! assert_eq {\n     |                  ^^^^^^^^^\n     |\n     = note: `#[warn(unused_macros)]` on by default\n\nwarning: unused import: `super::*`\n    --> regex-syntax/src/ast/mod.rs:1482:9\n     |\n1482 |     use super::*;\n     |         ^^^^^^^^\n\nwarning: unused import: `ast::parse::Parser`\n   --> regex-syntax/src/error.rs:288:9\n    |\n288 |     use ast::parse::Parser;\n    |         ^^^^^^^^^^^^^^^^^^\n\nwarning: unused import: `ParserBuilder`\n    --> regex-syntax/src/hir/literal/mod.rs:1004:9\n     |\n1004 |     use ParserBuilder;\n     |         ^^^^^^^^^^^^^\n\nwarning: unused import: `ntest::timeout`\n    --> regex-syntax/src/hir/literal/mod.rs:1556:8\n     |\n1556 |    use ntest::timeout;\n     |        ^^^^^^^^^^^^^^\n\nwarning: unused imports: `Position` and `self`\n    --> regex-syntax/src/hir/translate.rs:1094:15\n     |\n1094 |     use ast::{self, Ast, Position, Span};\n     |               ^^^^       ^^^^^^^^\n\nwarning: unused import: `ascii_class`\n    --> regex-syntax/src/hir/translate.rs:1099:36\n     |\n1099 |     use super::{TranslatorBuilder, ascii_class};\n     |                                    ^^^^^^^^^^^\n\nwarning: unused imports: `contains_simple_case_mapping` and `simple_fold`\n   --> regex-syntax/src/unicode.rs:375:17\n    |\n375 |     use super::{contains_simple_case_mapping, simple_fold};\n    |                 ^^^^^^^^^^^^^^^^^^^^^^^^^^^^  ^^^^^^^^^^^\n\nwarning: `...` range patterns are deprecated\n   --> regex-syntax/src/lib.rs:195:21\n    |\n195 |         b'_' | b'0' ... b'9' | b'a' ... b'z' | b'A' ... b'Z'  => true,\n    |                     ^^^ help: use `..=` for an inclusive range\n    |\n    = warning: this is accepted in the current edition (Rust 2015) but is a hard error in Rust 2021!\n    = note: for more information, see <https://doc.rust-lang.org/nightly/edition-guide/rust-2021/warnings-promoted-to-error.html>\n\nwarning: `...` range patterns are deprecated\n   --> regex-syntax/src/lib.rs:195:37\n    |\n195 |         b'_' | b'0' ... b'9' | b'a' ... b'z' | b'A' ... b'Z'  => true,\n    |                                     ^^^ help: use `..=` for an inclusive range\n    |\n    = warning: this is accepted in the current edition (Rust 2015) but is a hard error in Rust 2021!\n    = note: for more information, see <https://doc.rust-lang.org/nightly/edition-guide/rust-2021/warnings-promoted-to-error.html>\n\nwarning: `...` range patterns are deprecated\n   --> regex-syntax/src/lib.rs:195:53\n    |\n195 |         b'_' | b'0' ... b'9' | b'a' ... b'z' | b'A' ... b'Z'  => true,\n    |                                                     ^^^ help: use `..=` for an inclusive range\n    |\n    = warning: this is accepted in the current edition (Rust 2015) but is a hard error in Rust 2021!\n    = note: for more information, see <https://doc.rust-lang.org/nightly/edition-guide/rust-2021/warnings-promoted-to-error.html>\n\nwarning: unused import: `super::*`\n   --> regex-syntax/src/lib.rs:202:9\n    |\n202 |     use super::*;\n    |         ^^^^^^^^\n\nwarning: use of deprecated method `std::error::Error::description`: use the Display impl or to_string()\n  --> regex-syntax/src/error.rs:45:38\n   |\n45 |             Error::Parse(ref x) => x.description(),\n   |                                      ^^^^^^^^^^^\n   |\n   = note: `#[warn(deprecated)]` on by default\n\nwarning: use of deprecated method `std::error::Error::description`: use the Display impl or to_string()\n  --> regex-syntax/src/error.rs:46:42\n   |\n46 |             Error::Translate(ref x) => x.description(),\n   |                                          ^^^^^^^^^^^\n\nerror[E0308]: arguments to this function are incorrect\n    --> regex-syntax/src/hir/literal/mod.rs:1622:5\n     |\n1622 |     repeat_zero_or_one_literals(&e, &mut lits, |_, _| {});\n     |     ^^^^^^^^^^^^^^^^^^^^^^^^^^^ --  --------- expected `literal::Literals`, found `Literals`\n     |                                 |\n     |                                 expected `hir::Hir`, found `Hir`\n     |\n     = note: `Hir` and `hir::Hir` have similar names, but are actually distinct types\nnote: `Hir` is defined in module `crate::hir::literal::llmtests` of the current crate\n    --> regex-syntax/src/hir/literal/mod.rs:1560:5\n     |\n1560 |     struct Hir; // Placeholder for the actual Hir structure.\n     |     ^^^^^^^^^^\nnote: `hir::Hir` is defined in module `crate::hir` of the current crate\n    --> regex-syntax/src/hir/mod.rs:161:1\n     |\n161  | pub struct Hir {\n     | ^^^^^^^^^^^^^^\n     = note: `Literals` and `literal::Literals` have similar names, but are actually distinct types\nnote: `Literals` is defined in module `crate::hir::literal::llmtests` of the current crate\n    --> regex-syntax/src/hir/literal/mod.rs:1561:5\n     |\n1561 |     struct Literals {\n     |     ^^^^^^^^^^^^^^^\nnote: `literal::Literals` is defined in module `crate::hir::literal` of the current crate\n    --> regex-syntax/src/hir/literal/mod.rs:45:1\n     |\n45   | pub struct Literals {\n     | ^^^^^^^^^^^^^^^^^^^\nnote: function defined here\n    --> regex-syntax/src/hir/literal/mod.rs:765:4\n     |\n765  | fn repeat_zero_or_one_literals<F: FnMut(&Hir, &mut Literals)>(\n     |    ^^^^^^^^^^^^^^^^^^^^^^^^^^^\n766  |     e: &Hir,\n     |     -------\n767  |     lits: &mut Literals,\n     |     -------------------\n768  |     mut f: F,\n     |     --------\n\nwarning: variable does not need to be mutable\n   --> regex-syntax/src/hir/literal/mod.rs:687:17\n    |\n687 |             let mut buf = &mut buf[..i];\n    |                 ----^^^\n    |                 |\n    |                 help: remove this `mut`\n    |\n    = note: `#[warn(unused_mut)]` on by default\n\nFor more information about this error, try `rustc --explain E0308`.\nwarning: `regex-syntax` (lib test) generated 18 warnings\nerror: could not compile `regex-syntax` (lib test) due to 1 previous error; 18 warnings emitted\n"
                }
              ],
              "repaired": [
                false
              ]
            }
          ]
        }
      ]
    },
    {
      "chain_id": 3,
      "prompt_conds": [
        "// constraint: lits3.is_empty() is false\n",
        "// constraint: lits2.cross_product(&lits3) is true\n",
        "// constraint: lits.union(lits2) is false\n"
      ],
      "input_infer": "",
      "answers": [
        {
          "uses": [],
          "has_test_mod": false,
          "common": [
            "#[derive(Clone)]",
            "struct Literal {",
            "    // Define fields as necessary",
            "}",
            "",
            "impl Literal {",
            "    fn empty() -> Self {",
            "        Literal {}",
            "    }",
            "}",
            "",
            "#[derive(Clone)]",
            "struct Hir {",
            "    // Define fields as necessary",
            "}",
            "",
            "#[derive(Clone)]",
            "struct Literals {",
            "    limit_size: usize,",
            "    // Other fields as necessary",
            "}",
            "",
            "impl Literals {",
            "    fn clone(&self) -> Self {",
            "        Self { limit_size: self.limit_size }",
            "    }",
            "",
            "    fn to_empty(&self) -> Self {",
            "        Self { limit_size: 0 }",
            "    }",
            "",
            "    fn set_limit_size(&mut self, size: usize) {",
            "        self.limit_size = size;",
            "    }",
            "",
            "    fn limit_size(&self) -> usize {",
            "        self.limit_size",
            "    }",
            "",
            "    fn is_empty(&self) -> bool {",
            "        self.limit_size == 0",
            "    }",
            "",
            "    fn cross_product(&self, other: &Literals) -> bool {",
            "        // Ensure cross product condition is true",
            "        !other.is_empty() && self.limit_size + other.limit_size > 0",
            "    }",
            "",
            "    fn add(&mut self, _lit: Literal) {",
            "        // Adding a literal here; implementation would depend on the extra details",
            "    }",
            "",
            "    fn union(&mut self, _other: Literals) -> bool {",
            "        // Ensure union condition is false",
            "        false",
            "    }",
            "",
            "    fn cut(&mut self) {",
            "        // Implement clear or reset logic",
            "    }",
            "}"
          ],
          "chain_tests": [
            {
              "attrs": [],
              "prefix": [],
              "oracles": [],
              "codes": [
                [
                  "{",
                  "    let hir = Hir {};",
                  "    let mut lits = Literals { limit_size: 4 };",
                  "    let mut lits3 = lits.to_empty();",
                  "    lits3.set_limit_size(1); // Make sure lits3 is not empty",
                  "",
                  "    let callback = |e: &Hir, lits: &mut Literals| {",
                  "        // Add logic to manipulate lits based on the Hir parameter",
                  "        lits.add(Literal::empty());",
                  "    };",
                  "",
                  "    repeat_zero_or_one_literals(&hir, &mut lits, callback);",
                  "    ",
                  "    // Verify that the appropriate conditions have been met based on the behaviors.",
                  "}"
                ]
              ],
              "can_compile": [
                {
                  "Err": "warning: /home/abezbm/rust-utgen-test-crates-new/regex/Cargo.toml: no edition set: defaulting to the 2015 edition while the latest is 2021\nwarning: /home/abezbm/rust-utgen-test-crates-new/regex/regex-syntax/Cargo.toml: no edition set: defaulting to the 2015 edition while the latest is 2021\nwarning: /home/abezbm/rust-utgen-test-crates-new/regex/regex-debug/Cargo.toml: no edition set: defaulting to the 2015 edition while the latest is 2021\nwarning: /home/abezbm/rust-utgen-test-crates-new/regex/regex-capi/Cargo.toml: no edition set: defaulting to the 2015 edition while the latest is 2021\n   Compiling proc-macro2 v1.0.95\n   Compiling syn v1.0.109\n   Compiling quote v1.0.40\n   Compiling ntest_timeout v0.9.3\n   Compiling ntest_test_cases v0.9.3\n   Compiling ntest v0.9.3\n   Compiling regex-syntax v0.6.0 (/home/abezbm/rust-utgen-test-crates-new/regex/regex-syntax)\nwarning: `...` range patterns are deprecated\n    --> regex-syntax/src/ast/parse.rs:1445:16\n     |\n1445 |             '0'...'7' => {\n     |                ^^^ help: use `..=` for an inclusive range\n     |\n     = warning: this is accepted in the current edition (Rust 2015) but is a hard error in Rust 2021!\n     = note: for more information, see <https://doc.rust-lang.org/nightly/edition-guide/rust-2021/warnings-promoted-to-error.html>\n     = note: `#[warn(ellipsis_inclusive_range_patterns)]` on by default\n\nwarning: `...` range patterns are deprecated\n    --> regex-syntax/src/ast/parse.rs:1456:16\n     |\n1456 |             '8'...'9' if !self.parser().octal => {\n     |                ^^^ help: use `..=` for an inclusive range\n     |\n     = warning: this is accepted in the current edition (Rust 2015) but is a hard error in Rust 2021!\n     = note: for more information, see <https://doc.rust-lang.org/nightly/edition-guide/rust-2021/warnings-promoted-to-error.html>\n\nwarning: unused import: `Primitive`\n    --> regex-syntax/src/ast/parse.rs:2261:49\n     |\n2261 |     use super::{Parser, ParserI, ParserBuilder, Primitive};\n     |                                                 ^^^^^^^^^\n     |\n     = note: `#[warn(unused_imports)]` on by default\n\nwarning: unused macro definition: `assert_eq`\n    --> regex-syntax/src/ast/parse.rs:2265:18\n     |\n2265 |     macro_rules! assert_eq {\n     |                  ^^^^^^^^^\n     |\n     = note: `#[warn(unused_macros)]` on by default\n\nwarning: unused import: `super::*`\n    --> regex-syntax/src/ast/mod.rs:1482:9\n     |\n1482 |     use super::*;\n     |         ^^^^^^^^\n\nwarning: unused import: `ast::parse::Parser`\n   --> regex-syntax/src/error.rs:288:9\n    |\n288 |     use ast::parse::Parser;\n    |         ^^^^^^^^^^^^^^^^^^\n\nwarning: unused import: `ParserBuilder`\n    --> regex-syntax/src/hir/literal/mod.rs:1004:9\n     |\n1004 |     use ParserBuilder;\n     |         ^^^^^^^^^^^^^\n\nwarning: unused import: `ntest::timeout`\n    --> regex-syntax/src/hir/literal/mod.rs:1556:8\n     |\n1556 |    use ntest::timeout;\n     |        ^^^^^^^^^^^^^^\n\nwarning: unused imports: `Position` and `self`\n    --> regex-syntax/src/hir/translate.rs:1094:15\n     |\n1094 |     use ast::{self, Ast, Position, Span};\n     |               ^^^^       ^^^^^^^^\n\nwarning: unused import: `ascii_class`\n    --> regex-syntax/src/hir/translate.rs:1099:36\n     |\n1099 |     use super::{TranslatorBuilder, ascii_class};\n     |                                    ^^^^^^^^^^^\n\nwarning: unused imports: `contains_simple_case_mapping` and `simple_fold`\n   --> regex-syntax/src/unicode.rs:375:17\n    |\n375 |     use super::{contains_simple_case_mapping, simple_fold};\n    |                 ^^^^^^^^^^^^^^^^^^^^^^^^^^^^  ^^^^^^^^^^^\n\nwarning: `...` range patterns are deprecated\n   --> regex-syntax/src/lib.rs:195:21\n    |\n195 |         b'_' | b'0' ... b'9' | b'a' ... b'z' | b'A' ... b'Z'  => true,\n    |                     ^^^ help: use `..=` for an inclusive range\n    |\n    = warning: this is accepted in the current edition (Rust 2015) but is a hard error in Rust 2021!\n    = note: for more information, see <https://doc.rust-lang.org/nightly/edition-guide/rust-2021/warnings-promoted-to-error.html>\n\nwarning: `...` range patterns are deprecated\n   --> regex-syntax/src/lib.rs:195:37\n    |\n195 |         b'_' | b'0' ... b'9' | b'a' ... b'z' | b'A' ... b'Z'  => true,\n    |                                     ^^^ help: use `..=` for an inclusive range\n    |\n    = warning: this is accepted in the current edition (Rust 2015) but is a hard error in Rust 2021!\n    = note: for more information, see <https://doc.rust-lang.org/nightly/edition-guide/rust-2021/warnings-promoted-to-error.html>\n\nwarning: `...` range patterns are deprecated\n   --> regex-syntax/src/lib.rs:195:53\n    |\n195 |         b'_' | b'0' ... b'9' | b'a' ... b'z' | b'A' ... b'Z'  => true,\n    |                                                     ^^^ help: use `..=` for an inclusive range\n    |\n    = warning: this is accepted in the current edition (Rust 2015) but is a hard error in Rust 2021!\n    = note: for more information, see <https://doc.rust-lang.org/nightly/edition-guide/rust-2021/warnings-promoted-to-error.html>\n\nwarning: unused import: `super::*`\n   --> regex-syntax/src/lib.rs:202:9\n    |\n202 |     use super::*;\n    |         ^^^^^^^^\n\nwarning: use of deprecated method `std::error::Error::description`: use the Display impl or to_string()\n  --> regex-syntax/src/error.rs:45:38\n   |\n45 |             Error::Parse(ref x) => x.description(),\n   |                                      ^^^^^^^^^^^\n   |\n   = note: `#[warn(deprecated)]` on by default\n\nwarning: use of deprecated method `std::error::Error::description`: use the Display impl or to_string()\n  --> regex-syntax/src/error.rs:46:42\n   |\n46 |             Error::Translate(ref x) => x.description(),\n   |                                          ^^^^^^^^^^^\n\nerror[E0631]: type mismatch in closure arguments\n    --> regex-syntax/src/hir/literal/mod.rs:1632:50\n     |\n1627 |     let callback = |e: &Hir, lits: &mut Literals| {\n     |                    ------------------------------ found signature defined here\n...\n1632 |     repeat_zero_or_one_literals(&hir, &mut lits, callback);\n     |     ---------------------------                  ^^^^^^^^ expected due to this\n     |     |\n     |     required by a bound introduced by this call\n     |\n     = note: expected closure signature `for<'a, 'b> fn(&'a hir::Hir, &'b mut literal::Literals) -> _`\n                found closure signature `fn(&llmtests::Hir, &mut llmtests::Literals) -> _`\nnote: required by a bound in `literal::repeat_zero_or_one_literals`\n    --> regex-syntax/src/hir/literal/mod.rs:765:35\n     |\n765  | fn repeat_zero_or_one_literals<F: FnMut(&Hir, &mut Literals)>(\n     |                                   ^^^^^^^^^^^^^^^^^^^^^^^^^^ required by this bound in `repeat_zero_or_one_literals`\nhelp: consider wrapping the function in a closure\n     |\n1632 |     repeat_zero_or_one_literals(&hir, &mut lits, |arg0: &hir::Hir, arg1: &mut literal::Literals| callback(/* &llmtests::Hir */, /* &mut llmtests::Literals */));\n     |                                                  +++++++++++++++++++++++++++++++++++++++++++++++         +++++++++++++++++++++++++++++++++++++++++++++++++++++\n\nerror[E0308]: arguments to this function are incorrect\n    --> regex-syntax/src/hir/literal/mod.rs:1632:5\n     |\n1632 |     repeat_zero_or_one_literals(&hir, &mut lits, callback);\n     |     ^^^^^^^^^^^^^^^^^^^^^^^^^^^ ----  --------- expected `literal::Literals`, found `llmtests::Literals`\n     |                                 |\n     |                                 expected `hir::Hir`, found `llmtests::Hir`\n     |\n     = note: `llmtests::Hir` and `hir::Hir` have similar names, but are actually distinct types\nnote: `llmtests::Hir` is defined in module `crate::hir::literal::llmtests` of the current crate\n    --> regex-syntax/src/hir/literal/mod.rs:1569:1\n     |\n1569 | struct Hir {\n     | ^^^^^^^^^^\nnote: `hir::Hir` is defined in module `crate::hir` of the current crate\n    --> regex-syntax/src/hir/mod.rs:161:1\n     |\n161  | pub struct Hir {\n     | ^^^^^^^^^^^^^^\n     = note: `llmtests::Literals` and `literal::Literals` have similar names, but are actually distinct types\nnote: `llmtests::Literals` is defined in module `crate::hir::literal::llmtests` of the current crate\n    --> regex-syntax/src/hir/literal/mod.rs:1574:1\n     |\n1574 | struct Literals {\n     | ^^^^^^^^^^^^^^^\nnote: `literal::Literals` is defined in module `crate::hir::literal` of the current crate\n    --> regex-syntax/src/hir/literal/mod.rs:45:1\n     |\n45   | pub struct Literals {\n     | ^^^^^^^^^^^^^^^^^^^\nnote: function defined here\n    --> regex-syntax/src/hir/literal/mod.rs:765:4\n     |\n765  | fn repeat_zero_or_one_literals<F: FnMut(&Hir, &mut Literals)>(\n     |    ^^^^^^^^^^^^^^^^^^^^^^^^^^^\n766  |     e: &Hir,\n     |     -------\n767  |     lits: &mut Literals,\n     |     -------------------\n768  |     mut f: F,\n     |     --------\n\nwarning: variable does not need to be mutable\n   --> regex-syntax/src/hir/literal/mod.rs:687:17\n    |\n687 |             let mut buf = &mut buf[..i];\n    |                 ----^^^\n    |                 |\n    |                 help: remove this `mut`\n    |\n    = note: `#[warn(unused_mut)]` on by default\n\nSome errors have detailed explanations: E0308, E0631.\nFor more information about an error, try `rustc --explain E0308`.\nwarning: `regex-syntax` (lib test) generated 18 warnings\nerror: could not compile `regex-syntax` (lib test) due to 2 previous errors; 18 warnings emitted\n"
                }
              ],
              "repaired": [
                false
              ]
            }
          ]
        }
      ]
    },
    {
      "chain_id": 4,
      "prompt_conds": [
        "// constraint: lits3.is_empty() is false\n",
        "// constraint: lits2.cross_product(&lits3) is false\n"
      ],
      "input_infer": "",
      "answers": [
        {
          "uses": [],
          "has_test_mod": false,
          "common": [
            "#[derive(Clone)]",
            "struct Hir;",
            "",
            "#[derive(Clone)]",
            "struct Literals {",
            "    limit: usize,",
            "    literals: Vec<Literal>,",
            "}",
            "",
            "#[derive(Clone, PartialEq)]",
            "struct Literal;",
            "",
            "impl Literals {",
            "    pub fn new(limit: usize) -> Self {",
            "        Self {",
            "            limit,",
            "            literals: Vec::new(),",
            "        }",
            "    }",
            "",
            "    pub fn set_limit_size(&mut self, size: usize) {",
            "        self.limit = size;",
            "    }",
            "",
            "    pub fn limit_size(&self) -> usize {",
            "        self.limit",
            "    }",
            "",
            "    pub fn is_empty(&self) -> bool {",
            "        self.literals.is_empty()",
            "    }",
            "",
            "    pub fn cross_product(&self, _: &Literals) -> bool {",
            "        false",
            "    }",
            "",
            "    pub fn add(&mut self, _: Literal) {}",
            "",
            "    pub fn union(&mut self, _: Literals) -> bool {",
            "        false",
            "    }",
            "",
            "    pub fn cut(&mut self) {}",
            "    ",
            "    pub fn to_empty(&self) -> Self {",
            "        Self::new(0)",
            "    }",
            "",
            "    pub fn clone(&self) -> Self {",
            "        self.clone()",
            "    }",
            "}"
          ],
          "chain_tests": [
            {
              "attrs": [],
              "prefix": [],
              "oracles": [],
              "codes": [
                [
                  "{",
                  "    let e = Hir;",
                  "    ",
                  "    let mut lits = Literals::new(10);",
                  "    lits.add(Literal);",
                  "",
                  "    let result = std::panic::catch_unwind(|| {",
                  "        repeat_zero_or_one_literals(&e, &mut lits, |_, _| {});",
                  "    });",
                  "",
                  "    assert!(result.is_ok());",
                  "}"
                ]
              ],
              "can_compile": [
                {
                  "Err": "warning: /home/abezbm/rust-utgen-test-crates-new/regex/regex-capi/Cargo.toml: no edition set: defaulting to the 2015 edition while the latest is 2021\nwarning: /home/abezbm/rust-utgen-test-crates-new/regex/Cargo.toml: no edition set: defaulting to the 2015 edition while the latest is 2021\nwarning: /home/abezbm/rust-utgen-test-crates-new/regex/regex-syntax/Cargo.toml: no edition set: defaulting to the 2015 edition while the latest is 2021\nwarning: /home/abezbm/rust-utgen-test-crates-new/regex/regex-debug/Cargo.toml: no edition set: defaulting to the 2015 edition while the latest is 2021\n   Compiling proc-macro2 v1.0.95\n   Compiling syn v1.0.109\n   Compiling quote v1.0.40\n   Compiling ntest_test_cases v0.9.3\n   Compiling ntest_timeout v0.9.3\n   Compiling ntest v0.9.3\n   Compiling regex-syntax v0.6.0 (/home/abezbm/rust-utgen-test-crates-new/regex/regex-syntax)\nwarning: `...` range patterns are deprecated\n    --> regex-syntax/src/ast/parse.rs:1445:16\n     |\n1445 |             '0'...'7' => {\n     |                ^^^ help: use `..=` for an inclusive range\n     |\n     = warning: this is accepted in the current edition (Rust 2015) but is a hard error in Rust 2021!\n     = note: for more information, see <https://doc.rust-lang.org/nightly/edition-guide/rust-2021/warnings-promoted-to-error.html>\n     = note: `#[warn(ellipsis_inclusive_range_patterns)]` on by default\n\nwarning: `...` range patterns are deprecated\n    --> regex-syntax/src/ast/parse.rs:1456:16\n     |\n1456 |             '8'...'9' if !self.parser().octal => {\n     |                ^^^ help: use `..=` for an inclusive range\n     |\n     = warning: this is accepted in the current edition (Rust 2015) but is a hard error in Rust 2021!\n     = note: for more information, see <https://doc.rust-lang.org/nightly/edition-guide/rust-2021/warnings-promoted-to-error.html>\n\nwarning: unused import: `Primitive`\n    --> regex-syntax/src/ast/parse.rs:2261:49\n     |\n2261 |     use super::{Parser, ParserI, ParserBuilder, Primitive};\n     |                                                 ^^^^^^^^^\n     |\n     = note: `#[warn(unused_imports)]` on by default\n\nwarning: unused macro definition: `assert_eq`\n    --> regex-syntax/src/ast/parse.rs:2265:18\n     |\n2265 |     macro_rules! assert_eq {\n     |                  ^^^^^^^^^\n     |\n     = note: `#[warn(unused_macros)]` on by default\n\nwarning: unused import: `super::*`\n    --> regex-syntax/src/ast/mod.rs:1482:9\n     |\n1482 |     use super::*;\n     |         ^^^^^^^^\n\nwarning: unused import: `ast::parse::Parser`\n   --> regex-syntax/src/error.rs:288:9\n    |\n288 |     use ast::parse::Parser;\n    |         ^^^^^^^^^^^^^^^^^^\n\nwarning: unused import: `ParserBuilder`\n    --> regex-syntax/src/hir/literal/mod.rs:1004:9\n     |\n1004 |     use ParserBuilder;\n     |         ^^^^^^^^^^^^^\n\nwarning: unused import: `ntest::timeout`\n    --> regex-syntax/src/hir/literal/mod.rs:1556:8\n     |\n1556 |    use ntest::timeout;\n     |        ^^^^^^^^^^^^^^\n\nwarning: unused imports: `Position` and `self`\n    --> regex-syntax/src/hir/translate.rs:1094:15\n     |\n1094 |     use ast::{self, Ast, Position, Span};\n     |               ^^^^       ^^^^^^^^\n\nwarning: unused import: `ascii_class`\n    --> regex-syntax/src/hir/translate.rs:1099:36\n     |\n1099 |     use super::{TranslatorBuilder, ascii_class};\n     |                                    ^^^^^^^^^^^\n\nwarning: unused imports: `contains_simple_case_mapping` and `simple_fold`\n   --> regex-syntax/src/unicode.rs:375:17\n    |\n375 |     use super::{contains_simple_case_mapping, simple_fold};\n    |                 ^^^^^^^^^^^^^^^^^^^^^^^^^^^^  ^^^^^^^^^^^\n\nwarning: `...` range patterns are deprecated\n   --> regex-syntax/src/lib.rs:195:21\n    |\n195 |         b'_' | b'0' ... b'9' | b'a' ... b'z' | b'A' ... b'Z'  => true,\n    |                     ^^^ help: use `..=` for an inclusive range\n    |\n    = warning: this is accepted in the current edition (Rust 2015) but is a hard error in Rust 2021!\n    = note: for more information, see <https://doc.rust-lang.org/nightly/edition-guide/rust-2021/warnings-promoted-to-error.html>\n\nwarning: `...` range patterns are deprecated\n   --> regex-syntax/src/lib.rs:195:37\n    |\n195 |         b'_' | b'0' ... b'9' | b'a' ... b'z' | b'A' ... b'Z'  => true,\n    |                                     ^^^ help: use `..=` for an inclusive range\n    |\n    = warning: this is accepted in the current edition (Rust 2015) but is a hard error in Rust 2021!\n    = note: for more information, see <https://doc.rust-lang.org/nightly/edition-guide/rust-2021/warnings-promoted-to-error.html>\n\nwarning: `...` range patterns are deprecated\n   --> regex-syntax/src/lib.rs:195:53\n    |\n195 |         b'_' | b'0' ... b'9' | b'a' ... b'z' | b'A' ... b'Z'  => true,\n    |                                                     ^^^ help: use `..=` for an inclusive range\n    |\n    = warning: this is accepted in the current edition (Rust 2015) but is a hard error in Rust 2021!\n    = note: for more information, see <https://doc.rust-lang.org/nightly/edition-guide/rust-2021/warnings-promoted-to-error.html>\n\nwarning: unused import: `super::*`\n   --> regex-syntax/src/lib.rs:202:9\n    |\n202 |     use super::*;\n    |         ^^^^^^^^\n\nwarning: use of deprecated method `std::error::Error::description`: use the Display impl or to_string()\n  --> regex-syntax/src/error.rs:45:38\n   |\n45 |             Error::Parse(ref x) => x.description(),\n   |                                      ^^^^^^^^^^^\n   |\n   = note: `#[warn(deprecated)]` on by default\n\nwarning: use of deprecated method `std::error::Error::description`: use the Display impl or to_string()\n  --> regex-syntax/src/error.rs:46:42\n   |\n46 |             Error::Translate(ref x) => x.description(),\n   |                                          ^^^^^^^^^^^\n\nerror[E0308]: arguments to this function are incorrect\n    --> regex-syntax/src/hir/literal/mod.rs:1619:9\n     |\n1619 |         repeat_zero_or_one_literals(&e, &mut lits, |_, _| {});\n     |         ^^^^^^^^^^^^^^^^^^^^^^^^^^^ --  --------- expected `literal::Literals`, found `llmtests::Literals`\n     |                                     |\n     |                                     expected `hir::Hir`, found `llmtests::Hir`\n     |\n     = note: `llmtests::Hir` and `hir::Hir` have similar names, but are actually distinct types\nnote: `llmtests::Hir` is defined in module `crate::hir::literal::llmtests` of the current crate\n    --> regex-syntax/src/hir/literal/mod.rs:1558:1\n     |\n1558 | struct Hir;\n     | ^^^^^^^^^^\nnote: `hir::Hir` is defined in module `crate::hir` of the current crate\n    --> regex-syntax/src/hir/mod.rs:161:1\n     |\n161  | pub struct Hir {\n     | ^^^^^^^^^^^^^^\n     = note: `llmtests::Literals` and `literal::Literals` have similar names, but are actually distinct types\nnote: `llmtests::Literals` is defined in module `crate::hir::literal::llmtests` of the current crate\n    --> regex-syntax/src/hir/literal/mod.rs:1561:1\n     |\n1561 | struct Literals {\n     | ^^^^^^^^^^^^^^^\nnote: `literal::Literals` is defined in module `crate::hir::literal` of the current crate\n    --> regex-syntax/src/hir/literal/mod.rs:45:1\n     |\n45   | pub struct Literals {\n     | ^^^^^^^^^^^^^^^^^^^\nnote: function defined here\n    --> regex-syntax/src/hir/literal/mod.rs:765:4\n     |\n765  | fn repeat_zero_or_one_literals<F: FnMut(&Hir, &mut Literals)>(\n     |    ^^^^^^^^^^^^^^^^^^^^^^^^^^^\n766  |     e: &Hir,\n     |     -------\n767  |     lits: &mut Literals,\n     |     -------------------\n768  |     mut f: F,\n     |     --------\n\nwarning: variable does not need to be mutable\n   --> regex-syntax/src/hir/literal/mod.rs:687:17\n    |\n687 |             let mut buf = &mut buf[..i];\n    |                 ----^^^\n    |                 |\n    |                 help: remove this `mut`\n    |\n    = note: `#[warn(unused_mut)]` on by default\n\nwarning: function cannot return without recursing\n    --> regex-syntax/src/hir/literal/mod.rs:1605:5\n     |\n1605 |     pub fn clone(&self) -> Self {\n     |     ^^^^^^^^^^^^^^^^^^^^^^^^^^^ cannot return without recursing\n1606 |         self.clone()\n     |         ------------ recursive call site\n     |\n     = help: a `loop` may express intention better if this is on purpose\n     = note: `#[warn(unconditional_recursion)]` on by default\n\nFor more information about this error, try `rustc --explain E0308`.\nwarning: `regex-syntax` (lib test) generated 19 warnings\nerror: could not compile `regex-syntax` (lib test) due to 1 previous error; 19 warnings emitted\n"
                }
              ],
              "repaired": [
                false
              ]
            },
            {
              "attrs": [],
              "prefix": [],
              "oracles": [],
              "codes": [
                [
                  "{",
                  "    let e = Hir;",
                  "    ",
                  "    let mut lits = Literals::new(10);",
                  "    lits.add(Literal);",
                  "",
                  "    let result = std::panic::catch_unwind(|| {",
                  "        let mut lits3 = lits.to_empty();",
                  "        lits3.set_limit_size(5); ",
                  "        repeat_zero_or_one_literals(&e, &mut lits, |_, _| {});",
                  "    });",
                  "",
                  "    assert!(result.is_ok());",
                  "}"
                ]
              ],
              "can_compile": [
                {
                  "Err": "warning: /home/abezbm/rust-utgen-test-crates-new/regex/regex-debug/Cargo.toml: no edition set: defaulting to the 2015 edition while the latest is 2021\nwarning: /home/abezbm/rust-utgen-test-crates-new/regex/Cargo.toml: no edition set: defaulting to the 2015 edition while the latest is 2021\nwarning: /home/abezbm/rust-utgen-test-crates-new/regex/regex-capi/Cargo.toml: no edition set: defaulting to the 2015 edition while the latest is 2021\nwarning: /home/abezbm/rust-utgen-test-crates-new/regex/regex-syntax/Cargo.toml: no edition set: defaulting to the 2015 edition while the latest is 2021\n   Compiling proc-macro2 v1.0.95\n   Compiling syn v1.0.109\n   Compiling quote v1.0.40\n   Compiling ntest_timeout v0.9.3\n   Compiling ntest_test_cases v0.9.3\n   Compiling ntest v0.9.3\n   Compiling regex-syntax v0.6.0 (/home/abezbm/rust-utgen-test-crates-new/regex/regex-syntax)\nwarning: `...` range patterns are deprecated\n    --> regex-syntax/src/ast/parse.rs:1445:16\n     |\n1445 |             '0'...'7' => {\n     |                ^^^ help: use `..=` for an inclusive range\n     |\n     = warning: this is accepted in the current edition (Rust 2015) but is a hard error in Rust 2021!\n     = note: for more information, see <https://doc.rust-lang.org/nightly/edition-guide/rust-2021/warnings-promoted-to-error.html>\n     = note: `#[warn(ellipsis_inclusive_range_patterns)]` on by default\n\nwarning: `...` range patterns are deprecated\n    --> regex-syntax/src/ast/parse.rs:1456:16\n     |\n1456 |             '8'...'9' if !self.parser().octal => {\n     |                ^^^ help: use `..=` for an inclusive range\n     |\n     = warning: this is accepted in the current edition (Rust 2015) but is a hard error in Rust 2021!\n     = note: for more information, see <https://doc.rust-lang.org/nightly/edition-guide/rust-2021/warnings-promoted-to-error.html>\n\nwarning: unused import: `Primitive`\n    --> regex-syntax/src/ast/parse.rs:2261:49\n     |\n2261 |     use super::{Parser, ParserI, ParserBuilder, Primitive};\n     |                                                 ^^^^^^^^^\n     |\n     = note: `#[warn(unused_imports)]` on by default\n\nwarning: unused macro definition: `assert_eq`\n    --> regex-syntax/src/ast/parse.rs:2265:18\n     |\n2265 |     macro_rules! assert_eq {\n     |                  ^^^^^^^^^\n     |\n     = note: `#[warn(unused_macros)]` on by default\n\nwarning: unused import: `super::*`\n    --> regex-syntax/src/ast/mod.rs:1482:9\n     |\n1482 |     use super::*;\n     |         ^^^^^^^^\n\nwarning: unused import: `ast::parse::Parser`\n   --> regex-syntax/src/error.rs:288:9\n    |\n288 |     use ast::parse::Parser;\n    |         ^^^^^^^^^^^^^^^^^^\n\nwarning: unused import: `ParserBuilder`\n    --> regex-syntax/src/hir/literal/mod.rs:1004:9\n     |\n1004 |     use ParserBuilder;\n     |         ^^^^^^^^^^^^^\n\nwarning: unused import: `ntest::timeout`\n    --> regex-syntax/src/hir/literal/mod.rs:1556:8\n     |\n1556 |    use ntest::timeout;\n     |        ^^^^^^^^^^^^^^\n\nwarning: unused imports: `Position` and `self`\n    --> regex-syntax/src/hir/translate.rs:1094:15\n     |\n1094 |     use ast::{self, Ast, Position, Span};\n     |               ^^^^       ^^^^^^^^\n\nwarning: unused import: `ascii_class`\n    --> regex-syntax/src/hir/translate.rs:1099:36\n     |\n1099 |     use super::{TranslatorBuilder, ascii_class};\n     |                                    ^^^^^^^^^^^\n\nwarning: unused imports: `contains_simple_case_mapping` and `simple_fold`\n   --> regex-syntax/src/unicode.rs:375:17\n    |\n375 |     use super::{contains_simple_case_mapping, simple_fold};\n    |                 ^^^^^^^^^^^^^^^^^^^^^^^^^^^^  ^^^^^^^^^^^\n\nwarning: `...` range patterns are deprecated\n   --> regex-syntax/src/lib.rs:195:21\n    |\n195 |         b'_' | b'0' ... b'9' | b'a' ... b'z' | b'A' ... b'Z'  => true,\n    |                     ^^^ help: use `..=` for an inclusive range\n    |\n    = warning: this is accepted in the current edition (Rust 2015) but is a hard error in Rust 2021!\n    = note: for more information, see <https://doc.rust-lang.org/nightly/edition-guide/rust-2021/warnings-promoted-to-error.html>\n\nwarning: `...` range patterns are deprecated\n   --> regex-syntax/src/lib.rs:195:37\n    |\n195 |         b'_' | b'0' ... b'9' | b'a' ... b'z' | b'A' ... b'Z'  => true,\n    |                                     ^^^ help: use `..=` for an inclusive range\n    |\n    = warning: this is accepted in the current edition (Rust 2015) but is a hard error in Rust 2021!\n    = note: for more information, see <https://doc.rust-lang.org/nightly/edition-guide/rust-2021/warnings-promoted-to-error.html>\n\nwarning: `...` range patterns are deprecated\n   --> regex-syntax/src/lib.rs:195:53\n    |\n195 |         b'_' | b'0' ... b'9' | b'a' ... b'z' | b'A' ... b'Z'  => true,\n    |                                                     ^^^ help: use `..=` for an inclusive range\n    |\n    = warning: this is accepted in the current edition (Rust 2015) but is a hard error in Rust 2021!\n    = note: for more information, see <https://doc.rust-lang.org/nightly/edition-guide/rust-2021/warnings-promoted-to-error.html>\n\nwarning: unused import: `super::*`\n   --> regex-syntax/src/lib.rs:202:9\n    |\n202 |     use super::*;\n    |         ^^^^^^^^\n\nwarning: use of deprecated method `std::error::Error::description`: use the Display impl or to_string()\n  --> regex-syntax/src/error.rs:45:38\n   |\n45 |             Error::Parse(ref x) => x.description(),\n   |                                      ^^^^^^^^^^^\n   |\n   = note: `#[warn(deprecated)]` on by default\n\nwarning: use of deprecated method `std::error::Error::description`: use the Display impl or to_string()\n  --> regex-syntax/src/error.rs:46:42\n   |\n46 |             Error::Translate(ref x) => x.description(),\n   |                                          ^^^^^^^^^^^\n\nerror[E0308]: arguments to this function are incorrect\n    --> regex-syntax/src/hir/literal/mod.rs:1621:9\n     |\n1621 |         repeat_zero_or_one_literals(&e, &mut lits, |_, _| {});\n     |         ^^^^^^^^^^^^^^^^^^^^^^^^^^^ --  --------- expected `literal::Literals`, found `llmtests::Literals`\n     |                                     |\n     |                                     expected `hir::Hir`, found `llmtests::Hir`\n     |\n     = note: `llmtests::Hir` and `hir::Hir` have similar names, but are actually distinct types\nnote: `llmtests::Hir` is defined in module `crate::hir::literal::llmtests` of the current crate\n    --> regex-syntax/src/hir/literal/mod.rs:1558:1\n     |\n1558 | struct Hir;\n     | ^^^^^^^^^^\nnote: `hir::Hir` is defined in module `crate::hir` of the current crate\n    --> regex-syntax/src/hir/mod.rs:161:1\n     |\n161  | pub struct Hir {\n     | ^^^^^^^^^^^^^^\n     = note: `llmtests::Literals` and `literal::Literals` have similar names, but are actually distinct types\nnote: `llmtests::Literals` is defined in module `crate::hir::literal::llmtests` of the current crate\n    --> regex-syntax/src/hir/literal/mod.rs:1561:1\n     |\n1561 | struct Literals {\n     | ^^^^^^^^^^^^^^^\nnote: `literal::Literals` is defined in module `crate::hir::literal` of the current crate\n    --> regex-syntax/src/hir/literal/mod.rs:45:1\n     |\n45   | pub struct Literals {\n     | ^^^^^^^^^^^^^^^^^^^\nnote: function defined here\n    --> regex-syntax/src/hir/literal/mod.rs:765:4\n     |\n765  | fn repeat_zero_or_one_literals<F: FnMut(&Hir, &mut Literals)>(\n     |    ^^^^^^^^^^^^^^^^^^^^^^^^^^^\n766  |     e: &Hir,\n     |     -------\n767  |     lits: &mut Literals,\n     |     -------------------\n768  |     mut f: F,\n     |     --------\n\nwarning: variable does not need to be mutable\n   --> regex-syntax/src/hir/literal/mod.rs:687:17\n    |\n687 |             let mut buf = &mut buf[..i];\n    |                 ----^^^\n    |                 |\n    |                 help: remove this `mut`\n    |\n    = note: `#[warn(unused_mut)]` on by default\n\nwarning: function cannot return without recursing\n    --> regex-syntax/src/hir/literal/mod.rs:1605:5\n     |\n1605 |     pub fn clone(&self) -> Self {\n     |     ^^^^^^^^^^^^^^^^^^^^^^^^^^^ cannot return without recursing\n1606 |         self.clone()\n     |         ------------ recursive call site\n     |\n     = help: a `loop` may express intention better if this is on purpose\n     = note: `#[warn(unconditional_recursion)]` on by default\n\nFor more information about this error, try `rustc --explain E0308`.\nwarning: `regex-syntax` (lib test) generated 19 warnings\nerror: could not compile `regex-syntax` (lib test) due to 1 previous error; 19 warnings emitted\n"
                }
              ],
              "repaired": [
                false
              ]
            },
            {
              "attrs": [],
              "prefix": [],
              "oracles": [],
              "codes": [
                [
                  "{",
                  "    let e = Hir;",
                  "    ",
                  "    let mut lits = Literals::new(10);",
                  "    lits.add(Literal);",
                  "",
                  "    let mut lits2 = lits.clone();",
                  "    let mut lits3 = lits.to_empty();",
                  "    lits3.set_limit_size(5); // constraint: lits3.is_empty() is false",
                  "    assert!(!lits2.cross_product(&lits3));",
                  "",
                  "    let result = std::panic::catch_unwind(|| {",
                  "        repeat_zero_or_one_literals(&e, &mut lits, |_, _| {});",
                  "    });",
                  "",
                  "    assert!(result.is_ok());",
                  "}"
                ]
              ],
              "can_compile": [
                {
                  "Err": "warning: /home/abezbm/rust-utgen-test-crates-new/regex/regex-syntax/Cargo.toml: no edition set: defaulting to the 2015 edition while the latest is 2021\nwarning: /home/abezbm/rust-utgen-test-crates-new/regex/regex-capi/Cargo.toml: no edition set: defaulting to the 2015 edition while the latest is 2021\nwarning: /home/abezbm/rust-utgen-test-crates-new/regex/Cargo.toml: no edition set: defaulting to the 2015 edition while the latest is 2021\nwarning: /home/abezbm/rust-utgen-test-crates-new/regex/regex-debug/Cargo.toml: no edition set: defaulting to the 2015 edition while the latest is 2021\n   Compiling proc-macro2 v1.0.95\n   Compiling syn v1.0.109\n   Compiling quote v1.0.40\n   Compiling ntest_test_cases v0.9.3\n   Compiling ntest_timeout v0.9.3\n   Compiling ntest v0.9.3\n   Compiling regex-syntax v0.6.0 (/home/abezbm/rust-utgen-test-crates-new/regex/regex-syntax)\nwarning: `...` range patterns are deprecated\n    --> regex-syntax/src/ast/parse.rs:1445:16\n     |\n1445 |             '0'...'7' => {\n     |                ^^^ help: use `..=` for an inclusive range\n     |\n     = warning: this is accepted in the current edition (Rust 2015) but is a hard error in Rust 2021!\n     = note: for more information, see <https://doc.rust-lang.org/nightly/edition-guide/rust-2021/warnings-promoted-to-error.html>\n     = note: `#[warn(ellipsis_inclusive_range_patterns)]` on by default\n\nwarning: `...` range patterns are deprecated\n    --> regex-syntax/src/ast/parse.rs:1456:16\n     |\n1456 |             '8'...'9' if !self.parser().octal => {\n     |                ^^^ help: use `..=` for an inclusive range\n     |\n     = warning: this is accepted in the current edition (Rust 2015) but is a hard error in Rust 2021!\n     = note: for more information, see <https://doc.rust-lang.org/nightly/edition-guide/rust-2021/warnings-promoted-to-error.html>\n\nwarning: unused import: `Primitive`\n    --> regex-syntax/src/ast/parse.rs:2261:49\n     |\n2261 |     use super::{Parser, ParserI, ParserBuilder, Primitive};\n     |                                                 ^^^^^^^^^\n     |\n     = note: `#[warn(unused_imports)]` on by default\n\nwarning: unused macro definition: `assert_eq`\n    --> regex-syntax/src/ast/parse.rs:2265:18\n     |\n2265 |     macro_rules! assert_eq {\n     |                  ^^^^^^^^^\n     |\n     = note: `#[warn(unused_macros)]` on by default\n\nwarning: unused import: `super::*`\n    --> regex-syntax/src/ast/mod.rs:1482:9\n     |\n1482 |     use super::*;\n     |         ^^^^^^^^\n\nwarning: unused import: `ast::parse::Parser`\n   --> regex-syntax/src/error.rs:288:9\n    |\n288 |     use ast::parse::Parser;\n    |         ^^^^^^^^^^^^^^^^^^\n\nwarning: unused import: `ParserBuilder`\n    --> regex-syntax/src/hir/literal/mod.rs:1004:9\n     |\n1004 |     use ParserBuilder;\n     |         ^^^^^^^^^^^^^\n\nwarning: unused import: `ntest::timeout`\n    --> regex-syntax/src/hir/literal/mod.rs:1556:8\n     |\n1556 |    use ntest::timeout;\n     |        ^^^^^^^^^^^^^^\n\nwarning: unused imports: `Position` and `self`\n    --> regex-syntax/src/hir/translate.rs:1094:15\n     |\n1094 |     use ast::{self, Ast, Position, Span};\n     |               ^^^^       ^^^^^^^^\n\nwarning: unused import: `ascii_class`\n    --> regex-syntax/src/hir/translate.rs:1099:36\n     |\n1099 |     use super::{TranslatorBuilder, ascii_class};\n     |                                    ^^^^^^^^^^^\n\nwarning: unused imports: `contains_simple_case_mapping` and `simple_fold`\n   --> regex-syntax/src/unicode.rs:375:17\n    |\n375 |     use super::{contains_simple_case_mapping, simple_fold};\n    |                 ^^^^^^^^^^^^^^^^^^^^^^^^^^^^  ^^^^^^^^^^^\n\nwarning: `...` range patterns are deprecated\n   --> regex-syntax/src/lib.rs:195:21\n    |\n195 |         b'_' | b'0' ... b'9' | b'a' ... b'z' | b'A' ... b'Z'  => true,\n    |                     ^^^ help: use `..=` for an inclusive range\n    |\n    = warning: this is accepted in the current edition (Rust 2015) but is a hard error in Rust 2021!\n    = note: for more information, see <https://doc.rust-lang.org/nightly/edition-guide/rust-2021/warnings-promoted-to-error.html>\n\nwarning: `...` range patterns are deprecated\n   --> regex-syntax/src/lib.rs:195:37\n    |\n195 |         b'_' | b'0' ... b'9' | b'a' ... b'z' | b'A' ... b'Z'  => true,\n    |                                     ^^^ help: use `..=` for an inclusive range\n    |\n    = warning: this is accepted in the current edition (Rust 2015) but is a hard error in Rust 2021!\n    = note: for more information, see <https://doc.rust-lang.org/nightly/edition-guide/rust-2021/warnings-promoted-to-error.html>\n\nwarning: `...` range patterns are deprecated\n   --> regex-syntax/src/lib.rs:195:53\n    |\n195 |         b'_' | b'0' ... b'9' | b'a' ... b'z' | b'A' ... b'Z'  => true,\n    |                                                     ^^^ help: use `..=` for an inclusive range\n    |\n    = warning: this is accepted in the current edition (Rust 2015) but is a hard error in Rust 2021!\n    = note: for more information, see <https://doc.rust-lang.org/nightly/edition-guide/rust-2021/warnings-promoted-to-error.html>\n\nwarning: unused import: `super::*`\n   --> regex-syntax/src/lib.rs:202:9\n    |\n202 |     use super::*;\n    |         ^^^^^^^^\n\nwarning: use of deprecated method `std::error::Error::description`: use the Display impl or to_string()\n  --> regex-syntax/src/error.rs:45:38\n   |\n45 |             Error::Parse(ref x) => x.description(),\n   |                                      ^^^^^^^^^^^\n   |\n   = note: `#[warn(deprecated)]` on by default\n\nwarning: use of deprecated method `std::error::Error::description`: use the Display impl or to_string()\n  --> regex-syntax/src/error.rs:46:42\n   |\n46 |             Error::Translate(ref x) => x.description(),\n   |                                          ^^^^^^^^^^^\n\nerror[E0308]: arguments to this function are incorrect\n    --> regex-syntax/src/hir/literal/mod.rs:1624:9\n     |\n1624 |         repeat_zero_or_one_literals(&e, &mut lits, |_, _| {});\n     |         ^^^^^^^^^^^^^^^^^^^^^^^^^^^ --  --------- expected `literal::Literals`, found `llmtests::Literals`\n     |                                     |\n     |                                     expected `hir::Hir`, found `llmtests::Hir`\n     |\n     = note: `llmtests::Hir` and `hir::Hir` have similar names, but are actually distinct types\nnote: `llmtests::Hir` is defined in module `crate::hir::literal::llmtests` of the current crate\n    --> regex-syntax/src/hir/literal/mod.rs:1558:1\n     |\n1558 | struct Hir;\n     | ^^^^^^^^^^\nnote: `hir::Hir` is defined in module `crate::hir` of the current crate\n    --> regex-syntax/src/hir/mod.rs:161:1\n     |\n161  | pub struct Hir {\n     | ^^^^^^^^^^^^^^\n     = note: `llmtests::Literals` and `literal::Literals` have similar names, but are actually distinct types\nnote: `llmtests::Literals` is defined in module `crate::hir::literal::llmtests` of the current crate\n    --> regex-syntax/src/hir/literal/mod.rs:1561:1\n     |\n1561 | struct Literals {\n     | ^^^^^^^^^^^^^^^\nnote: `literal::Literals` is defined in module `crate::hir::literal` of the current crate\n    --> regex-syntax/src/hir/literal/mod.rs:45:1\n     |\n45   | pub struct Literals {\n     | ^^^^^^^^^^^^^^^^^^^\nnote: function defined here\n    --> regex-syntax/src/hir/literal/mod.rs:765:4\n     |\n765  | fn repeat_zero_or_one_literals<F: FnMut(&Hir, &mut Literals)>(\n     |    ^^^^^^^^^^^^^^^^^^^^^^^^^^^\n766  |     e: &Hir,\n     |     -------\n767  |     lits: &mut Literals,\n     |     -------------------\n768  |     mut f: F,\n     |     --------\n\nwarning: variable does not need to be mutable\n   --> regex-syntax/src/hir/literal/mod.rs:687:17\n    |\n687 |             let mut buf = &mut buf[..i];\n    |                 ----^^^\n    |                 |\n    |                 help: remove this `mut`\n    |\n    = note: `#[warn(unused_mut)]` on by default\n\nwarning: function cannot return without recursing\n    --> regex-syntax/src/hir/literal/mod.rs:1605:5\n     |\n1605 |     pub fn clone(&self) -> Self {\n     |     ^^^^^^^^^^^^^^^^^^^^^^^^^^^ cannot return without recursing\n1606 |         self.clone()\n     |         ------------ recursive call site\n     |\n     = help: a `loop` may express intention better if this is on purpose\n     = note: `#[warn(unconditional_recursion)]` on by default\n\nFor more information about this error, try `rustc --explain E0308`.\nwarning: `regex-syntax` (lib test) generated 19 warnings\nerror: could not compile `regex-syntax` (lib test) due to 1 previous error; 19 warnings emitted\n"
                }
              ],
              "repaired": [
                false
              ]
            }
          ]
        }
      ]
    }
  ]
}