{
  "name": "regex_syntax::hir::visitor::hir::visitor::HeapVisitor<'a>::induct",
  "name_with_impl": "regex_syntax::hir::visitor::{impl#0}::induct",
  "mod_info": {
    "name": "hir::visitor",
    "loc": "regex-syntax/src/hir/mod.rs:30:1:30:13"
  },
  "visible": false,
  "loc": "regex-syntax/src/hir/visitor.rs:159:5:179:6",
  "fn_tests": [
    {
      "chain_id": 1,
      "prompt_conds": [
        "// constraint: *hir.kind() matches HirKind::Repetition(ref x) is false\n",
        "// constraint: *hir.kind() matches HirKind::Concat(ref x) is false\n",
        "// constraint: *hir.kind() matches HirKind::Concat(ref x) is false\n",
        "// constraint: *hir.kind() matches HirKind::Alternation(ref x) is false\n",
        "// constraint: *hir.kind() matches HirKind::Group(ref x) is false\n",
        "// constraint: *hir.kind() matches HirKind::Alternation(ref x) is false\n",
        "// constraint: *hir.kind() matches _ is true\n",
        "// expected return value/type: None\n"
      ],
      "input_infer": "",
      "answers": [
        {
          "uses": [],
          "has_test_mod": false,
          "common": [],
          "chain_tests": [
            {
              "attrs": [],
              "prefix": [],
              "oracles": [],
              "codes": [
                [
                  "{",
                  "    struct MockHir {",
                  "        kind: HirKind,",
                  "    }",
                  "",
                  "    impl MockHir {",
                  "        fn kind(&self) -> &HirKind {",
                  "            &self.kind",
                  "        }",
                  "    }",
                  "",
                  "    let hir = MockHir { kind: HirKind::Repetition(vec![]) }; // Should not trigger the condition",
                  "    let result = induct(&mut (), &hir); // Assuming `induct` can be called like this",
                  "    assert_eq!(result, None);",
                  "}"
                ]
              ],
              "can_compile": [
                {
                  "Err": "warning: /home/abezbm/rust-utgen-test-crates-new/regex/regex-debug/Cargo.toml: no edition set: defaulting to the 2015 edition while the latest is 2021\nwarning: /home/abezbm/rust-utgen-test-crates-new/regex/regex-capi/Cargo.toml: no edition set: defaulting to the 2015 edition while the latest is 2021\nwarning: /home/abezbm/rust-utgen-test-crates-new/regex/regex-syntax/Cargo.toml: no edition set: defaulting to the 2015 edition while the latest is 2021\nwarning: /home/abezbm/rust-utgen-test-crates-new/regex/Cargo.toml: no edition set: defaulting to the 2015 edition while the latest is 2021\n   Compiling proc-macro2 v1.0.95\n   Compiling syn v1.0.109\n   Compiling quote v1.0.40\n   Compiling ntest_timeout v0.9.3\n   Compiling ntest_test_cases v0.9.3\n   Compiling ntest v0.9.3\n   Compiling regex-syntax v0.6.0 (/home/abezbm/rust-utgen-test-crates-new/regex/regex-syntax)\nwarning: `...` range patterns are deprecated\n    --> regex-syntax/src/ast/parse.rs:1445:16\n     |\n1445 |             '0'...'7' => {\n     |                ^^^ help: use `..=` for an inclusive range\n     |\n     = warning: this is accepted in the current edition (Rust 2015) but is a hard error in Rust 2021!\n     = note: for more information, see <https://doc.rust-lang.org/nightly/edition-guide/rust-2021/warnings-promoted-to-error.html>\n     = note: `#[warn(ellipsis_inclusive_range_patterns)]` on by default\n\nwarning: `...` range patterns are deprecated\n    --> regex-syntax/src/ast/parse.rs:1456:16\n     |\n1456 |             '8'...'9' if !self.parser().octal => {\n     |                ^^^ help: use `..=` for an inclusive range\n     |\n     = warning: this is accepted in the current edition (Rust 2015) but is a hard error in Rust 2021!\n     = note: for more information, see <https://doc.rust-lang.org/nightly/edition-guide/rust-2021/warnings-promoted-to-error.html>\n\nwarning: unused import: `Primitive`\n    --> regex-syntax/src/ast/parse.rs:2261:49\n     |\n2261 |     use super::{Parser, ParserI, ParserBuilder, Primitive};\n     |                                                 ^^^^^^^^^\n     |\n     = note: `#[warn(unused_imports)]` on by default\n\nwarning: unused macro definition: `assert_eq`\n    --> regex-syntax/src/ast/parse.rs:2265:18\n     |\n2265 |     macro_rules! assert_eq {\n     |                  ^^^^^^^^^\n     |\n     = note: `#[warn(unused_macros)]` on by default\n\nwarning: unused import: `super::*`\n    --> regex-syntax/src/ast/mod.rs:1482:9\n     |\n1482 |     use super::*;\n     |         ^^^^^^^^\n\nwarning: unused import: `ast::parse::Parser`\n   --> regex-syntax/src/error.rs:288:9\n    |\n288 |     use ast::parse::Parser;\n    |         ^^^^^^^^^^^^^^^^^^\n\nwarning: unused import: `ParserBuilder`\n    --> regex-syntax/src/hir/literal/mod.rs:1004:9\n     |\n1004 |     use ParserBuilder;\n     |         ^^^^^^^^^^^^^\n\nwarning: unused imports: `Position` and `self`\n    --> regex-syntax/src/hir/translate.rs:1094:15\n     |\n1094 |     use ast::{self, Ast, Position, Span};\n     |               ^^^^       ^^^^^^^^\n\nwarning: unused import: `ascii_class`\n    --> regex-syntax/src/hir/translate.rs:1099:36\n     |\n1099 |     use super::{TranslatorBuilder, ascii_class};\n     |                                    ^^^^^^^^^^^\n\nwarning: unused import: `ntest::timeout`\n   --> regex-syntax/src/hir/visitor.rs:226:8\n    |\n226 |    use ntest::timeout;\n    |        ^^^^^^^^^^^^^^\n\nwarning: unused imports: `contains_simple_case_mapping` and `simple_fold`\n   --> regex-syntax/src/unicode.rs:375:17\n    |\n375 |     use super::{contains_simple_case_mapping, simple_fold};\n    |                 ^^^^^^^^^^^^^^^^^^^^^^^^^^^^  ^^^^^^^^^^^\n\nwarning: `...` range patterns are deprecated\n   --> regex-syntax/src/lib.rs:195:21\n    |\n195 |         b'_' | b'0' ... b'9' | b'a' ... b'z' | b'A' ... b'Z'  => true,\n    |                     ^^^ help: use `..=` for an inclusive range\n    |\n    = warning: this is accepted in the current edition (Rust 2015) but is a hard error in Rust 2021!\n    = note: for more information, see <https://doc.rust-lang.org/nightly/edition-guide/rust-2021/warnings-promoted-to-error.html>\n\nwarning: `...` range patterns are deprecated\n   --> regex-syntax/src/lib.rs:195:37\n    |\n195 |         b'_' | b'0' ... b'9' | b'a' ... b'z' | b'A' ... b'Z'  => true,\n    |                                     ^^^ help: use `..=` for an inclusive range\n    |\n    = warning: this is accepted in the current edition (Rust 2015) but is a hard error in Rust 2021!\n    = note: for more information, see <https://doc.rust-lang.org/nightly/edition-guide/rust-2021/warnings-promoted-to-error.html>\n\nwarning: `...` range patterns are deprecated\n   --> regex-syntax/src/lib.rs:195:53\n    |\n195 |         b'_' | b'0' ... b'9' | b'a' ... b'z' | b'A' ... b'Z'  => true,\n    |                                                     ^^^ help: use `..=` for an inclusive range\n    |\n    = warning: this is accepted in the current edition (Rust 2015) but is a hard error in Rust 2021!\n    = note: for more information, see <https://doc.rust-lang.org/nightly/edition-guide/rust-2021/warnings-promoted-to-error.html>\n\nwarning: unused import: `super::*`\n   --> regex-syntax/src/lib.rs:202:9\n    |\n202 |     use super::*;\n    |         ^^^^^^^^\n\nwarning: use of deprecated method `std::error::Error::description`: use the Display impl or to_string()\n  --> regex-syntax/src/error.rs:45:38\n   |\n45 |             Error::Parse(ref x) => x.description(),\n   |                                      ^^^^^^^^^^^\n   |\n   = note: `#[warn(deprecated)]` on by default\n\nwarning: use of deprecated method `std::error::Error::description`: use the Display impl or to_string()\n  --> regex-syntax/src/error.rs:46:42\n   |\n46 |             Error::Translate(ref x) => x.description(),\n   |                                          ^^^^^^^^^^^\n\nerror[E0308]: mismatched types\n   --> regex-syntax/src/hir/visitor.rs:240:51\n    |\n240 |     let hir = MockHir { kind: HirKind::Repetition(vec![]) }; // Should not trigger the condition\n    |                               ------------------- ^^^^^^ expected `Repetition`, found `Vec<_>`\n    |                               |\n    |                               arguments to this enum variant are incorrect\n    |\n    = note: expected struct `hir::Repetition`\n               found struct `Vec<_>`\nnote: tuple variant defined here\n   --> regex-syntax/src/hir/mod.rs:186:5\n    |\n186 |     Repetition(Repetition),\n    |     ^^^^^^^^^^\n\nerror[E0425]: cannot find function `induct` in this scope\n   --> regex-syntax/src/hir/visitor.rs:241:18\n    |\n241 |     let result = induct(&mut (), &hir); // Assuming `induct` can be called like this\n    |                  ^^^^^^ not found in this scope\n\nwarning: variable does not need to be mutable\n   --> regex-syntax/src/hir/literal/mod.rs:687:17\n    |\n687 |             let mut buf = &mut buf[..i];\n    |                 ----^^^\n    |                 |\n    |                 help: remove this `mut`\n    |\n    = note: `#[warn(unused_mut)]` on by default\n\nSome errors have detailed explanations: E0308, E0425.\nFor more information about an error, try `rustc --explain E0308`.\nwarning: `regex-syntax` (lib test) generated 18 warnings\nerror: could not compile `regex-syntax` (lib test) due to 2 previous errors; 18 warnings emitted\n"
                }
              ],
              "repaired": [
                false
              ]
            },
            {
              "attrs": [],
              "prefix": [],
              "oracles": [],
              "codes": [
                [
                  "{",
                  "    struct MockHir {",
                  "        kind: HirKind,",
                  "    }",
                  "",
                  "    impl MockHir {",
                  "        fn kind(&self) -> &HirKind {",
                  "            &self.kind",
                  "        }",
                  "    }",
                  "",
                  "    let hir = MockHir { kind: HirKind::Concat(vec![]) }; // Empty concat should return None",
                  "    let result = induct(&mut (), &hir);",
                  "    assert_eq!(result, None);",
                  "}"
                ]
              ],
              "can_compile": [
                {
                  "Err": "warning: /home/abezbm/rust-utgen-test-crates-new/regex/Cargo.toml: no edition set: defaulting to the 2015 edition while the latest is 2021\nwarning: /home/abezbm/rust-utgen-test-crates-new/regex/regex-syntax/Cargo.toml: no edition set: defaulting to the 2015 edition while the latest is 2021\nwarning: /home/abezbm/rust-utgen-test-crates-new/regex/regex-debug/Cargo.toml: no edition set: defaulting to the 2015 edition while the latest is 2021\nwarning: /home/abezbm/rust-utgen-test-crates-new/regex/regex-capi/Cargo.toml: no edition set: defaulting to the 2015 edition while the latest is 2021\n   Compiling proc-macro2 v1.0.95\n   Compiling syn v1.0.109\n   Compiling quote v1.0.40\n   Compiling ntest_test_cases v0.9.3\n   Compiling ntest_timeout v0.9.3\n   Compiling ntest v0.9.3\n   Compiling regex-syntax v0.6.0 (/home/abezbm/rust-utgen-test-crates-new/regex/regex-syntax)\nwarning: `...` range patterns are deprecated\n    --> regex-syntax/src/ast/parse.rs:1445:16\n     |\n1445 |             '0'...'7' => {\n     |                ^^^ help: use `..=` for an inclusive range\n     |\n     = warning: this is accepted in the current edition (Rust 2015) but is a hard error in Rust 2021!\n     = note: for more information, see <https://doc.rust-lang.org/nightly/edition-guide/rust-2021/warnings-promoted-to-error.html>\n     = note: `#[warn(ellipsis_inclusive_range_patterns)]` on by default\n\nwarning: `...` range patterns are deprecated\n    --> regex-syntax/src/ast/parse.rs:1456:16\n     |\n1456 |             '8'...'9' if !self.parser().octal => {\n     |                ^^^ help: use `..=` for an inclusive range\n     |\n     = warning: this is accepted in the current edition (Rust 2015) but is a hard error in Rust 2021!\n     = note: for more information, see <https://doc.rust-lang.org/nightly/edition-guide/rust-2021/warnings-promoted-to-error.html>\n\nwarning: unused import: `Primitive`\n    --> regex-syntax/src/ast/parse.rs:2261:49\n     |\n2261 |     use super::{Parser, ParserI, ParserBuilder, Primitive};\n     |                                                 ^^^^^^^^^\n     |\n     = note: `#[warn(unused_imports)]` on by default\n\nwarning: unused macro definition: `assert_eq`\n    --> regex-syntax/src/ast/parse.rs:2265:18\n     |\n2265 |     macro_rules! assert_eq {\n     |                  ^^^^^^^^^\n     |\n     = note: `#[warn(unused_macros)]` on by default\n\nwarning: unused import: `super::*`\n    --> regex-syntax/src/ast/mod.rs:1482:9\n     |\n1482 |     use super::*;\n     |         ^^^^^^^^\n\nwarning: unused import: `ast::parse::Parser`\n   --> regex-syntax/src/error.rs:288:9\n    |\n288 |     use ast::parse::Parser;\n    |         ^^^^^^^^^^^^^^^^^^\n\nwarning: unused import: `ParserBuilder`\n    --> regex-syntax/src/hir/literal/mod.rs:1004:9\n     |\n1004 |     use ParserBuilder;\n     |         ^^^^^^^^^^^^^\n\nwarning: unused imports: `Position` and `self`\n    --> regex-syntax/src/hir/translate.rs:1094:15\n     |\n1094 |     use ast::{self, Ast, Position, Span};\n     |               ^^^^       ^^^^^^^^\n\nwarning: unused import: `ascii_class`\n    --> regex-syntax/src/hir/translate.rs:1099:36\n     |\n1099 |     use super::{TranslatorBuilder, ascii_class};\n     |                                    ^^^^^^^^^^^\n\nwarning: unused import: `ntest::timeout`\n   --> regex-syntax/src/hir/visitor.rs:226:8\n    |\n226 |    use ntest::timeout;\n    |        ^^^^^^^^^^^^^^\n\nwarning: unused imports: `contains_simple_case_mapping` and `simple_fold`\n   --> regex-syntax/src/unicode.rs:375:17\n    |\n375 |     use super::{contains_simple_case_mapping, simple_fold};\n    |                 ^^^^^^^^^^^^^^^^^^^^^^^^^^^^  ^^^^^^^^^^^\n\nwarning: `...` range patterns are deprecated\n   --> regex-syntax/src/lib.rs:195:21\n    |\n195 |         b'_' | b'0' ... b'9' | b'a' ... b'z' | b'A' ... b'Z'  => true,\n    |                     ^^^ help: use `..=` for an inclusive range\n    |\n    = warning: this is accepted in the current edition (Rust 2015) but is a hard error in Rust 2021!\n    = note: for more information, see <https://doc.rust-lang.org/nightly/edition-guide/rust-2021/warnings-promoted-to-error.html>\n\nwarning: `...` range patterns are deprecated\n   --> regex-syntax/src/lib.rs:195:37\n    |\n195 |         b'_' | b'0' ... b'9' | b'a' ... b'z' | b'A' ... b'Z'  => true,\n    |                                     ^^^ help: use `..=` for an inclusive range\n    |\n    = warning: this is accepted in the current edition (Rust 2015) but is a hard error in Rust 2021!\n    = note: for more information, see <https://doc.rust-lang.org/nightly/edition-guide/rust-2021/warnings-promoted-to-error.html>\n\nwarning: `...` range patterns are deprecated\n   --> regex-syntax/src/lib.rs:195:53\n    |\n195 |         b'_' | b'0' ... b'9' | b'a' ... b'z' | b'A' ... b'Z'  => true,\n    |                                                     ^^^ help: use `..=` for an inclusive range\n    |\n    = warning: this is accepted in the current edition (Rust 2015) but is a hard error in Rust 2021!\n    = note: for more information, see <https://doc.rust-lang.org/nightly/edition-guide/rust-2021/warnings-promoted-to-error.html>\n\nwarning: unused import: `super::*`\n   --> regex-syntax/src/lib.rs:202:9\n    |\n202 |     use super::*;\n    |         ^^^^^^^^\n\nwarning: use of deprecated method `std::error::Error::description`: use the Display impl or to_string()\n  --> regex-syntax/src/error.rs:45:38\n   |\n45 |             Error::Parse(ref x) => x.description(),\n   |                                      ^^^^^^^^^^^\n   |\n   = note: `#[warn(deprecated)]` on by default\n\nwarning: use of deprecated method `std::error::Error::description`: use the Display impl or to_string()\n  --> regex-syntax/src/error.rs:46:42\n   |\n46 |             Error::Translate(ref x) => x.description(),\n   |                                          ^^^^^^^^^^^\n\nerror[E0425]: cannot find function `induct` in this scope\n   --> regex-syntax/src/hir/visitor.rs:241:18\n    |\n241 |     let result = induct(&mut (), &hir);\n    |                  ^^^^^^ not found in this scope\n\nwarning: variable does not need to be mutable\n   --> regex-syntax/src/hir/literal/mod.rs:687:17\n    |\n687 |             let mut buf = &mut buf[..i];\n    |                 ----^^^\n    |                 |\n    |                 help: remove this `mut`\n    |\n    = note: `#[warn(unused_mut)]` on by default\n\nFor more information about this error, try `rustc --explain E0425`.\nwarning: `regex-syntax` (lib test) generated 18 warnings\nerror: could not compile `regex-syntax` (lib test) due to 1 previous error; 18 warnings emitted\n"
                }
              ],
              "repaired": [
                false
              ]
            },
            {
              "attrs": [],
              "prefix": [],
              "oracles": [],
              "codes": [
                [
                  "{",
                  "    struct MockHir {",
                  "        kind: HirKind,",
                  "    }",
                  "",
                  "    impl MockHir {",
                  "        fn kind(&self) -> &HirKind {",
                  "            &self.kind",
                  "        }",
                  "    }",
                  "",
                  "    let hir = MockHir { kind: HirKind::Alternation(vec![]) }; // Empty alternation should return None",
                  "    let result = induct(&mut (), &hir);",
                  "    assert_eq!(result, None);",
                  "}"
                ]
              ],
              "can_compile": [
                {
                  "Err": "warning: /home/abezbm/rust-utgen-test-crates-new/regex/regex-debug/Cargo.toml: no edition set: defaulting to the 2015 edition while the latest is 2021\nwarning: /home/abezbm/rust-utgen-test-crates-new/regex/regex-syntax/Cargo.toml: no edition set: defaulting to the 2015 edition while the latest is 2021\nwarning: /home/abezbm/rust-utgen-test-crates-new/regex/regex-capi/Cargo.toml: no edition set: defaulting to the 2015 edition while the latest is 2021\nwarning: /home/abezbm/rust-utgen-test-crates-new/regex/Cargo.toml: no edition set: defaulting to the 2015 edition while the latest is 2021\n   Compiling proc-macro2 v1.0.95\n   Compiling syn v1.0.109\n   Compiling quote v1.0.40\n   Compiling ntest_timeout v0.9.3\n   Compiling ntest_test_cases v0.9.3\n   Compiling ntest v0.9.3\n   Compiling regex-syntax v0.6.0 (/home/abezbm/rust-utgen-test-crates-new/regex/regex-syntax)\nwarning: `...` range patterns are deprecated\n    --> regex-syntax/src/ast/parse.rs:1445:16\n     |\n1445 |             '0'...'7' => {\n     |                ^^^ help: use `..=` for an inclusive range\n     |\n     = warning: this is accepted in the current edition (Rust 2015) but is a hard error in Rust 2021!\n     = note: for more information, see <https://doc.rust-lang.org/nightly/edition-guide/rust-2021/warnings-promoted-to-error.html>\n     = note: `#[warn(ellipsis_inclusive_range_patterns)]` on by default\n\nwarning: `...` range patterns are deprecated\n    --> regex-syntax/src/ast/parse.rs:1456:16\n     |\n1456 |             '8'...'9' if !self.parser().octal => {\n     |                ^^^ help: use `..=` for an inclusive range\n     |\n     = warning: this is accepted in the current edition (Rust 2015) but is a hard error in Rust 2021!\n     = note: for more information, see <https://doc.rust-lang.org/nightly/edition-guide/rust-2021/warnings-promoted-to-error.html>\n\nwarning: unused import: `Primitive`\n    --> regex-syntax/src/ast/parse.rs:2261:49\n     |\n2261 |     use super::{Parser, ParserI, ParserBuilder, Primitive};\n     |                                                 ^^^^^^^^^\n     |\n     = note: `#[warn(unused_imports)]` on by default\n\nwarning: unused macro definition: `assert_eq`\n    --> regex-syntax/src/ast/parse.rs:2265:18\n     |\n2265 |     macro_rules! assert_eq {\n     |                  ^^^^^^^^^\n     |\n     = note: `#[warn(unused_macros)]` on by default\n\nwarning: unused import: `super::*`\n    --> regex-syntax/src/ast/mod.rs:1482:9\n     |\n1482 |     use super::*;\n     |         ^^^^^^^^\n\nwarning: unused import: `ast::parse::Parser`\n   --> regex-syntax/src/error.rs:288:9\n    |\n288 |     use ast::parse::Parser;\n    |         ^^^^^^^^^^^^^^^^^^\n\nwarning: unused import: `ParserBuilder`\n    --> regex-syntax/src/hir/literal/mod.rs:1004:9\n     |\n1004 |     use ParserBuilder;\n     |         ^^^^^^^^^^^^^\n\nwarning: unused imports: `Position` and `self`\n    --> regex-syntax/src/hir/translate.rs:1094:15\n     |\n1094 |     use ast::{self, Ast, Position, Span};\n     |               ^^^^       ^^^^^^^^\n\nwarning: unused import: `ascii_class`\n    --> regex-syntax/src/hir/translate.rs:1099:36\n     |\n1099 |     use super::{TranslatorBuilder, ascii_class};\n     |                                    ^^^^^^^^^^^\n\nwarning: unused import: `ntest::timeout`\n   --> regex-syntax/src/hir/visitor.rs:226:8\n    |\n226 |    use ntest::timeout;\n    |        ^^^^^^^^^^^^^^\n\nwarning: unused imports: `contains_simple_case_mapping` and `simple_fold`\n   --> regex-syntax/src/unicode.rs:375:17\n    |\n375 |     use super::{contains_simple_case_mapping, simple_fold};\n    |                 ^^^^^^^^^^^^^^^^^^^^^^^^^^^^  ^^^^^^^^^^^\n\nwarning: `...` range patterns are deprecated\n   --> regex-syntax/src/lib.rs:195:21\n    |\n195 |         b'_' | b'0' ... b'9' | b'a' ... b'z' | b'A' ... b'Z'  => true,\n    |                     ^^^ help: use `..=` for an inclusive range\n    |\n    = warning: this is accepted in the current edition (Rust 2015) but is a hard error in Rust 2021!\n    = note: for more information, see <https://doc.rust-lang.org/nightly/edition-guide/rust-2021/warnings-promoted-to-error.html>\n\nwarning: `...` range patterns are deprecated\n   --> regex-syntax/src/lib.rs:195:37\n    |\n195 |         b'_' | b'0' ... b'9' | b'a' ... b'z' | b'A' ... b'Z'  => true,\n    |                                     ^^^ help: use `..=` for an inclusive range\n    |\n    = warning: this is accepted in the current edition (Rust 2015) but is a hard error in Rust 2021!\n    = note: for more information, see <https://doc.rust-lang.org/nightly/edition-guide/rust-2021/warnings-promoted-to-error.html>\n\nwarning: `...` range patterns are deprecated\n   --> regex-syntax/src/lib.rs:195:53\n    |\n195 |         b'_' | b'0' ... b'9' | b'a' ... b'z' | b'A' ... b'Z'  => true,\n    |                                                     ^^^ help: use `..=` for an inclusive range\n    |\n    = warning: this is accepted in the current edition (Rust 2015) but is a hard error in Rust 2021!\n    = note: for more information, see <https://doc.rust-lang.org/nightly/edition-guide/rust-2021/warnings-promoted-to-error.html>\n\nwarning: unused import: `super::*`\n   --> regex-syntax/src/lib.rs:202:9\n    |\n202 |     use super::*;\n    |         ^^^^^^^^\n\nwarning: use of deprecated method `std::error::Error::description`: use the Display impl or to_string()\n  --> regex-syntax/src/error.rs:45:38\n   |\n45 |             Error::Parse(ref x) => x.description(),\n   |                                      ^^^^^^^^^^^\n   |\n   = note: `#[warn(deprecated)]` on by default\n\nwarning: use of deprecated method `std::error::Error::description`: use the Display impl or to_string()\n  --> regex-syntax/src/error.rs:46:42\n   |\n46 |             Error::Translate(ref x) => x.description(),\n   |                                          ^^^^^^^^^^^\n\nerror[E0425]: cannot find function `induct` in this scope\n   --> regex-syntax/src/hir/visitor.rs:241:18\n    |\n241 |     let result = induct(&mut (), &hir);\n    |                  ^^^^^^ not found in this scope\n\nwarning: variable does not need to be mutable\n   --> regex-syntax/src/hir/literal/mod.rs:687:17\n    |\n687 |             let mut buf = &mut buf[..i];\n    |                 ----^^^\n    |                 |\n    |                 help: remove this `mut`\n    |\n    = note: `#[warn(unused_mut)]` on by default\n\nFor more information about this error, try `rustc --explain E0425`.\nwarning: `regex-syntax` (lib test) generated 18 warnings\nerror: could not compile `regex-syntax` (lib test) due to 1 previous error; 18 warnings emitted\n"
                }
              ],
              "repaired": [
                false
              ]
            },
            {
              "attrs": [],
              "prefix": [],
              "oracles": [],
              "codes": [
                [
                  "{",
                  "    struct MockHir {",
                  "        kind: HirKind,",
                  "    }",
                  "",
                  "    impl MockHir {",
                  "        fn kind(&self) -> &HirKind {",
                  "            &self.kind",
                  "        }",
                  "    }",
                  "",
                  "    let hir = MockHir { kind: HirKind::Group(vec![]) }; // Assuming group can be empty and should return None",
                  "    let result = induct(&mut (), &hir);",
                  "    assert_eq!(result, None);",
                  "}"
                ]
              ],
              "can_compile": [
                {
                  "Err": "warning: /home/abezbm/rust-utgen-test-crates-new/regex/regex-syntax/Cargo.toml: no edition set: defaulting to the 2015 edition while the latest is 2021\nwarning: /home/abezbm/rust-utgen-test-crates-new/regex/regex-capi/Cargo.toml: no edition set: defaulting to the 2015 edition while the latest is 2021\nwarning: /home/abezbm/rust-utgen-test-crates-new/regex/regex-debug/Cargo.toml: no edition set: defaulting to the 2015 edition while the latest is 2021\nwarning: /home/abezbm/rust-utgen-test-crates-new/regex/Cargo.toml: no edition set: defaulting to the 2015 edition while the latest is 2021\n   Compiling proc-macro2 v1.0.95\n   Compiling syn v1.0.109\n   Compiling quote v1.0.40\n   Compiling ntest_timeout v0.9.3\n   Compiling ntest_test_cases v0.9.3\n   Compiling ntest v0.9.3\n   Compiling regex-syntax v0.6.0 (/home/abezbm/rust-utgen-test-crates-new/regex/regex-syntax)\nwarning: `...` range patterns are deprecated\n    --> regex-syntax/src/ast/parse.rs:1445:16\n     |\n1445 |             '0'...'7' => {\n     |                ^^^ help: use `..=` for an inclusive range\n     |\n     = warning: this is accepted in the current edition (Rust 2015) but is a hard error in Rust 2021!\n     = note: for more information, see <https://doc.rust-lang.org/nightly/edition-guide/rust-2021/warnings-promoted-to-error.html>\n     = note: `#[warn(ellipsis_inclusive_range_patterns)]` on by default\n\nwarning: `...` range patterns are deprecated\n    --> regex-syntax/src/ast/parse.rs:1456:16\n     |\n1456 |             '8'...'9' if !self.parser().octal => {\n     |                ^^^ help: use `..=` for an inclusive range\n     |\n     = warning: this is accepted in the current edition (Rust 2015) but is a hard error in Rust 2021!\n     = note: for more information, see <https://doc.rust-lang.org/nightly/edition-guide/rust-2021/warnings-promoted-to-error.html>\n\nwarning: unused import: `Primitive`\n    --> regex-syntax/src/ast/parse.rs:2261:49\n     |\n2261 |     use super::{Parser, ParserI, ParserBuilder, Primitive};\n     |                                                 ^^^^^^^^^\n     |\n     = note: `#[warn(unused_imports)]` on by default\n\nwarning: unused macro definition: `assert_eq`\n    --> regex-syntax/src/ast/parse.rs:2265:18\n     |\n2265 |     macro_rules! assert_eq {\n     |                  ^^^^^^^^^\n     |\n     = note: `#[warn(unused_macros)]` on by default\n\nwarning: unused import: `super::*`\n    --> regex-syntax/src/ast/mod.rs:1482:9\n     |\n1482 |     use super::*;\n     |         ^^^^^^^^\n\nwarning: unused import: `ast::parse::Parser`\n   --> regex-syntax/src/error.rs:288:9\n    |\n288 |     use ast::parse::Parser;\n    |         ^^^^^^^^^^^^^^^^^^\n\nwarning: unused import: `ParserBuilder`\n    --> regex-syntax/src/hir/literal/mod.rs:1004:9\n     |\n1004 |     use ParserBuilder;\n     |         ^^^^^^^^^^^^^\n\nwarning: unused imports: `Position` and `self`\n    --> regex-syntax/src/hir/translate.rs:1094:15\n     |\n1094 |     use ast::{self, Ast, Position, Span};\n     |               ^^^^       ^^^^^^^^\n\nwarning: unused import: `ascii_class`\n    --> regex-syntax/src/hir/translate.rs:1099:36\n     |\n1099 |     use super::{TranslatorBuilder, ascii_class};\n     |                                    ^^^^^^^^^^^\n\nwarning: unused import: `ntest::timeout`\n   --> regex-syntax/src/hir/visitor.rs:226:8\n    |\n226 |    use ntest::timeout;\n    |        ^^^^^^^^^^^^^^\n\nwarning: unused imports: `contains_simple_case_mapping` and `simple_fold`\n   --> regex-syntax/src/unicode.rs:375:17\n    |\n375 |     use super::{contains_simple_case_mapping, simple_fold};\n    |                 ^^^^^^^^^^^^^^^^^^^^^^^^^^^^  ^^^^^^^^^^^\n\nwarning: `...` range patterns are deprecated\n   --> regex-syntax/src/lib.rs:195:21\n    |\n195 |         b'_' | b'0' ... b'9' | b'a' ... b'z' | b'A' ... b'Z'  => true,\n    |                     ^^^ help: use `..=` for an inclusive range\n    |\n    = warning: this is accepted in the current edition (Rust 2015) but is a hard error in Rust 2021!\n    = note: for more information, see <https://doc.rust-lang.org/nightly/edition-guide/rust-2021/warnings-promoted-to-error.html>\n\nwarning: `...` range patterns are deprecated\n   --> regex-syntax/src/lib.rs:195:37\n    |\n195 |         b'_' | b'0' ... b'9' | b'a' ... b'z' | b'A' ... b'Z'  => true,\n    |                                     ^^^ help: use `..=` for an inclusive range\n    |\n    = warning: this is accepted in the current edition (Rust 2015) but is a hard error in Rust 2021!\n    = note: for more information, see <https://doc.rust-lang.org/nightly/edition-guide/rust-2021/warnings-promoted-to-error.html>\n\nwarning: `...` range patterns are deprecated\n   --> regex-syntax/src/lib.rs:195:53\n    |\n195 |         b'_' | b'0' ... b'9' | b'a' ... b'z' | b'A' ... b'Z'  => true,\n    |                                                     ^^^ help: use `..=` for an inclusive range\n    |\n    = warning: this is accepted in the current edition (Rust 2015) but is a hard error in Rust 2021!\n    = note: for more information, see <https://doc.rust-lang.org/nightly/edition-guide/rust-2021/warnings-promoted-to-error.html>\n\nwarning: unused import: `super::*`\n   --> regex-syntax/src/lib.rs:202:9\n    |\n202 |     use super::*;\n    |         ^^^^^^^^\n\nwarning: use of deprecated method `std::error::Error::description`: use the Display impl or to_string()\n  --> regex-syntax/src/error.rs:45:38\n   |\n45 |             Error::Parse(ref x) => x.description(),\n   |                                      ^^^^^^^^^^^\n   |\n   = note: `#[warn(deprecated)]` on by default\n\nwarning: use of deprecated method `std::error::Error::description`: use the Display impl or to_string()\n  --> regex-syntax/src/error.rs:46:42\n   |\n46 |             Error::Translate(ref x) => x.description(),\n   |                                          ^^^^^^^^^^^\n\nerror[E0308]: mismatched types\n   --> regex-syntax/src/hir/visitor.rs:240:46\n    |\n240 |     let hir = MockHir { kind: HirKind::Group(vec![]) }; // Assuming group can be empty and should return None\n    |                               -------------- ^^^^^^ expected `Group`, found `Vec<_>`\n    |                               |\n    |                               arguments to this enum variant are incorrect\n    |\n    = note: expected struct `hir::Group`\n               found struct `Vec<_>`\nnote: tuple variant defined here\n   --> regex-syntax/src/hir/mod.rs:188:5\n    |\n188 |     Group(Group),\n    |     ^^^^^\n\nerror[E0425]: cannot find function `induct` in this scope\n   --> regex-syntax/src/hir/visitor.rs:241:18\n    |\n241 |     let result = induct(&mut (), &hir);\n    |                  ^^^^^^ not found in this scope\n\nwarning: variable does not need to be mutable\n   --> regex-syntax/src/hir/literal/mod.rs:687:17\n    |\n687 |             let mut buf = &mut buf[..i];\n    |                 ----^^^\n    |                 |\n    |                 help: remove this `mut`\n    |\n    = note: `#[warn(unused_mut)]` on by default\n\nSome errors have detailed explanations: E0308, E0425.\nFor more information about an error, try `rustc --explain E0308`.\nwarning: `regex-syntax` (lib test) generated 18 warnings\nerror: could not compile `regex-syntax` (lib test) due to 2 previous errors; 18 warnings emitted\n"
                }
              ],
              "repaired": [
                false
              ]
            },
            {
              "attrs": [],
              "prefix": [],
              "oracles": [],
              "codes": [
                [
                  "{",
                  "    struct MockHir {",
                  "        kind: HirKind,",
                  "    }",
                  "",
                  "    impl MockHir {",
                  "        fn kind(&self) -> &HirKind {",
                  "            &self.kind",
                  "        }",
                  "    }",
                  "",
                  "    let hir = MockHir { kind: HirKind::SomeOtherKind }; // Any other kind should trigger the last case and return None",
                  "    let result = induct(&mut (), &hir);",
                  "    assert_eq!(result, None);",
                  "}"
                ]
              ],
              "can_compile": [
                {
                  "Err": "warning: /home/abezbm/rust-utgen-test-crates-new/regex/regex-syntax/Cargo.toml: no edition set: defaulting to the 2015 edition while the latest is 2021\nwarning: /home/abezbm/rust-utgen-test-crates-new/regex/regex-capi/Cargo.toml: no edition set: defaulting to the 2015 edition while the latest is 2021\nwarning: /home/abezbm/rust-utgen-test-crates-new/regex/regex-debug/Cargo.toml: no edition set: defaulting to the 2015 edition while the latest is 2021\nwarning: /home/abezbm/rust-utgen-test-crates-new/regex/Cargo.toml: no edition set: defaulting to the 2015 edition while the latest is 2021\n   Compiling proc-macro2 v1.0.95\n   Compiling syn v1.0.109\n   Compiling quote v1.0.40\n   Compiling ntest_test_cases v0.9.3\n   Compiling ntest_timeout v0.9.3\n   Compiling ntest v0.9.3\n   Compiling regex-syntax v0.6.0 (/home/abezbm/rust-utgen-test-crates-new/regex/regex-syntax)\nwarning: `...` range patterns are deprecated\n    --> regex-syntax/src/ast/parse.rs:1445:16\n     |\n1445 |             '0'...'7' => {\n     |                ^^^ help: use `..=` for an inclusive range\n     |\n     = warning: this is accepted in the current edition (Rust 2015) but is a hard error in Rust 2021!\n     = note: for more information, see <https://doc.rust-lang.org/nightly/edition-guide/rust-2021/warnings-promoted-to-error.html>\n     = note: `#[warn(ellipsis_inclusive_range_patterns)]` on by default\n\nwarning: `...` range patterns are deprecated\n    --> regex-syntax/src/ast/parse.rs:1456:16\n     |\n1456 |             '8'...'9' if !self.parser().octal => {\n     |                ^^^ help: use `..=` for an inclusive range\n     |\n     = warning: this is accepted in the current edition (Rust 2015) but is a hard error in Rust 2021!\n     = note: for more information, see <https://doc.rust-lang.org/nightly/edition-guide/rust-2021/warnings-promoted-to-error.html>\n\nwarning: unused import: `Primitive`\n    --> regex-syntax/src/ast/parse.rs:2261:49\n     |\n2261 |     use super::{Parser, ParserI, ParserBuilder, Primitive};\n     |                                                 ^^^^^^^^^\n     |\n     = note: `#[warn(unused_imports)]` on by default\n\nwarning: unused macro definition: `assert_eq`\n    --> regex-syntax/src/ast/parse.rs:2265:18\n     |\n2265 |     macro_rules! assert_eq {\n     |                  ^^^^^^^^^\n     |\n     = note: `#[warn(unused_macros)]` on by default\n\nwarning: unused import: `super::*`\n    --> regex-syntax/src/ast/mod.rs:1482:9\n     |\n1482 |     use super::*;\n     |         ^^^^^^^^\n\nwarning: unused import: `ast::parse::Parser`\n   --> regex-syntax/src/error.rs:288:9\n    |\n288 |     use ast::parse::Parser;\n    |         ^^^^^^^^^^^^^^^^^^\n\nwarning: unused import: `ParserBuilder`\n    --> regex-syntax/src/hir/literal/mod.rs:1004:9\n     |\n1004 |     use ParserBuilder;\n     |         ^^^^^^^^^^^^^\n\nwarning: unused imports: `Position` and `self`\n    --> regex-syntax/src/hir/translate.rs:1094:15\n     |\n1094 |     use ast::{self, Ast, Position, Span};\n     |               ^^^^       ^^^^^^^^\n\nwarning: unused import: `ascii_class`\n    --> regex-syntax/src/hir/translate.rs:1099:36\n     |\n1099 |     use super::{TranslatorBuilder, ascii_class};\n     |                                    ^^^^^^^^^^^\n\nwarning: unused import: `ntest::timeout`\n   --> regex-syntax/src/hir/visitor.rs:226:8\n    |\n226 |    use ntest::timeout;\n    |        ^^^^^^^^^^^^^^\n\nwarning: unused imports: `contains_simple_case_mapping` and `simple_fold`\n   --> regex-syntax/src/unicode.rs:375:17\n    |\n375 |     use super::{contains_simple_case_mapping, simple_fold};\n    |                 ^^^^^^^^^^^^^^^^^^^^^^^^^^^^  ^^^^^^^^^^^\n\nwarning: `...` range patterns are deprecated\n   --> regex-syntax/src/lib.rs:195:21\n    |\n195 |         b'_' | b'0' ... b'9' | b'a' ... b'z' | b'A' ... b'Z'  => true,\n    |                     ^^^ help: use `..=` for an inclusive range\n    |\n    = warning: this is accepted in the current edition (Rust 2015) but is a hard error in Rust 2021!\n    = note: for more information, see <https://doc.rust-lang.org/nightly/edition-guide/rust-2021/warnings-promoted-to-error.html>\n\nwarning: `...` range patterns are deprecated\n   --> regex-syntax/src/lib.rs:195:37\n    |\n195 |         b'_' | b'0' ... b'9' | b'a' ... b'z' | b'A' ... b'Z'  => true,\n    |                                     ^^^ help: use `..=` for an inclusive range\n    |\n    = warning: this is accepted in the current edition (Rust 2015) but is a hard error in Rust 2021!\n    = note: for more information, see <https://doc.rust-lang.org/nightly/edition-guide/rust-2021/warnings-promoted-to-error.html>\n\nwarning: `...` range patterns are deprecated\n   --> regex-syntax/src/lib.rs:195:53\n    |\n195 |         b'_' | b'0' ... b'9' | b'a' ... b'z' | b'A' ... b'Z'  => true,\n    |                                                     ^^^ help: use `..=` for an inclusive range\n    |\n    = warning: this is accepted in the current edition (Rust 2015) but is a hard error in Rust 2021!\n    = note: for more information, see <https://doc.rust-lang.org/nightly/edition-guide/rust-2021/warnings-promoted-to-error.html>\n\nwarning: unused import: `super::*`\n   --> regex-syntax/src/lib.rs:202:9\n    |\n202 |     use super::*;\n    |         ^^^^^^^^\n\nwarning: use of deprecated method `std::error::Error::description`: use the Display impl or to_string()\n  --> regex-syntax/src/error.rs:45:38\n   |\n45 |             Error::Parse(ref x) => x.description(),\n   |                                      ^^^^^^^^^^^\n   |\n   = note: `#[warn(deprecated)]` on by default\n\nwarning: use of deprecated method `std::error::Error::description`: use the Display impl or to_string()\n  --> regex-syntax/src/error.rs:46:42\n   |\n46 |             Error::Translate(ref x) => x.description(),\n   |                                          ^^^^^^^^^^^\n\nerror[E0599]: no variant or associated item named `SomeOtherKind` found for enum `hir::HirKind` in the current scope\n   --> regex-syntax/src/hir/visitor.rs:240:40\n    |\n240 |     let hir = MockHir { kind: HirKind::SomeOtherKind }; // Any other kind should trigger the last case and return None\n    |                                        ^^^^^^^^^^^^^ variant or associated item not found in `HirKind`\n    |\n   ::: regex-syntax/src/hir/mod.rs:170:1\n    |\n170 | pub enum HirKind {\n    | ---------------- variant or associated item `SomeOtherKind` not found for this enum\n\nerror[E0425]: cannot find function `induct` in this scope\n   --> regex-syntax/src/hir/visitor.rs:241:18\n    |\n241 |     let result = induct(&mut (), &hir);\n    |                  ^^^^^^ not found in this scope\n\nwarning: variable does not need to be mutable\n   --> regex-syntax/src/hir/literal/mod.rs:687:17\n    |\n687 |             let mut buf = &mut buf[..i];\n    |                 ----^^^\n    |                 |\n    |                 help: remove this `mut`\n    |\n    = note: `#[warn(unused_mut)]` on by default\n\nSome errors have detailed explanations: E0425, E0599.\nFor more information about an error, try `rustc --explain E0425`.\nwarning: `regex-syntax` (lib test) generated 18 warnings\nerror: could not compile `regex-syntax` (lib test) due to 2 previous errors; 18 warnings emitted\n"
                }
              ],
              "repaired": [
                false
              ]
            }
          ]
        }
      ]
    },
    {
      "chain_id": 2,
      "prompt_conds": [
        "// constraint: *hir.kind() matches HirKind::Alternation(ref x) or HirKind::Alternation(ref x) is true\n",
        "// constraint: *hir.kind() matches HirKind::Alternation(ref x) is true\n",
        "// constraint: x.is_empty() is true\n",
        "// expected return value/type: None\n"
      ],
      "input_infer": "",
      "answers": [
        {
          "uses": [],
          "has_test_mod": false,
          "common": [],
          "chain_tests": [
            {
              "attrs": [],
              "prefix": [],
              "oracles": [],
              "codes": [
                [
                  "{",
                  "    struct DummyHir {",
                  "        kind: HirKind,",
                  "    }",
                  "",
                  "    impl DummyHir {",
                  "        fn kind(&self) -> &HirKind {",
                  "            &self.kind",
                  "        }",
                  "    }",
                  "",
                  "    enum HirKind {",
                  "        Alternation(Vec<DummyHir>),",
                  "        // Other variants can be defined if necessary",
                  "    }",
                  "",
                  "    enum Frame<'a> {",
                  "        Alternation {",
                  "            head: &'a DummyHir,",
                  "            tail: &'a [DummyHir],",
                  "        },",
                  "        // Other variants can be defined if necessary",
                  "    }",
                  "",
                  "    let hir = DummyHir {",
                  "        kind: HirKind::Alternation(vec![]),",
                  "    };",
                  "",
                  "    let mut stack_frame = Vec::new(); // Placeholder for self in the context of the induct method",
                  "    let result = induct(&mut stack_frame, &hir);",
                  "    ",
                  "    assert_eq!(result, None);",
                  "}"
                ]
              ],
              "can_compile": [
                {
                  "Err": "warning: /home/abezbm/rust-utgen-test-crates-new/regex/regex-capi/Cargo.toml: no edition set: defaulting to the 2015 edition while the latest is 2021\nwarning: /home/abezbm/rust-utgen-test-crates-new/regex/regex-debug/Cargo.toml: no edition set: defaulting to the 2015 edition while the latest is 2021\nwarning: /home/abezbm/rust-utgen-test-crates-new/regex/regex-syntax/Cargo.toml: no edition set: defaulting to the 2015 edition while the latest is 2021\nwarning: /home/abezbm/rust-utgen-test-crates-new/regex/Cargo.toml: no edition set: defaulting to the 2015 edition while the latest is 2021\n   Compiling proc-macro2 v1.0.95\n   Compiling syn v1.0.109\n   Compiling quote v1.0.40\n   Compiling ntest_timeout v0.9.3\n   Compiling ntest_test_cases v0.9.3\n   Compiling ntest v0.9.3\n   Compiling regex-syntax v0.6.0 (/home/abezbm/rust-utgen-test-crates-new/regex/regex-syntax)\nwarning: `...` range patterns are deprecated\n    --> regex-syntax/src/ast/parse.rs:1445:16\n     |\n1445 |             '0'...'7' => {\n     |                ^^^ help: use `..=` for an inclusive range\n     |\n     = warning: this is accepted in the current edition (Rust 2015) but is a hard error in Rust 2021!\n     = note: for more information, see <https://doc.rust-lang.org/nightly/edition-guide/rust-2021/warnings-promoted-to-error.html>\n     = note: `#[warn(ellipsis_inclusive_range_patterns)]` on by default\n\nwarning: `...` range patterns are deprecated\n    --> regex-syntax/src/ast/parse.rs:1456:16\n     |\n1456 |             '8'...'9' if !self.parser().octal => {\n     |                ^^^ help: use `..=` for an inclusive range\n     |\n     = warning: this is accepted in the current edition (Rust 2015) but is a hard error in Rust 2021!\n     = note: for more information, see <https://doc.rust-lang.org/nightly/edition-guide/rust-2021/warnings-promoted-to-error.html>\n\nwarning: unused import: `Primitive`\n    --> regex-syntax/src/ast/parse.rs:2261:49\n     |\n2261 |     use super::{Parser, ParserI, ParserBuilder, Primitive};\n     |                                                 ^^^^^^^^^\n     |\n     = note: `#[warn(unused_imports)]` on by default\n\nwarning: unused macro definition: `assert_eq`\n    --> regex-syntax/src/ast/parse.rs:2265:18\n     |\n2265 |     macro_rules! assert_eq {\n     |                  ^^^^^^^^^\n     |\n     = note: `#[warn(unused_macros)]` on by default\n\nwarning: unused import: `super::*`\n    --> regex-syntax/src/ast/mod.rs:1482:9\n     |\n1482 |     use super::*;\n     |         ^^^^^^^^\n\nwarning: unused import: `ast::parse::Parser`\n   --> regex-syntax/src/error.rs:288:9\n    |\n288 |     use ast::parse::Parser;\n    |         ^^^^^^^^^^^^^^^^^^\n\nwarning: unused import: `ParserBuilder`\n    --> regex-syntax/src/hir/literal/mod.rs:1004:9\n     |\n1004 |     use ParserBuilder;\n     |         ^^^^^^^^^^^^^\n\nwarning: unused imports: `Position` and `self`\n    --> regex-syntax/src/hir/translate.rs:1094:15\n     |\n1094 |     use ast::{self, Ast, Position, Span};\n     |               ^^^^       ^^^^^^^^\n\nwarning: unused import: `ascii_class`\n    --> regex-syntax/src/hir/translate.rs:1099:36\n     |\n1099 |     use super::{TranslatorBuilder, ascii_class};\n     |                                    ^^^^^^^^^^^\n\nwarning: unused import: `super::*`\n   --> regex-syntax/src/hir/visitor.rs:225:8\n    |\n225 |    use super::*;\n    |        ^^^^^^^^\n\nwarning: unused import: `ntest::timeout`\n   --> regex-syntax/src/hir/visitor.rs:226:8\n    |\n226 |    use ntest::timeout;\n    |        ^^^^^^^^^^^^^^\n\nwarning: unused imports: `contains_simple_case_mapping` and `simple_fold`\n   --> regex-syntax/src/unicode.rs:375:17\n    |\n375 |     use super::{contains_simple_case_mapping, simple_fold};\n    |                 ^^^^^^^^^^^^^^^^^^^^^^^^^^^^  ^^^^^^^^^^^\n\nwarning: `...` range patterns are deprecated\n   --> regex-syntax/src/lib.rs:195:21\n    |\n195 |         b'_' | b'0' ... b'9' | b'a' ... b'z' | b'A' ... b'Z'  => true,\n    |                     ^^^ help: use `..=` for an inclusive range\n    |\n    = warning: this is accepted in the current edition (Rust 2015) but is a hard error in Rust 2021!\n    = note: for more information, see <https://doc.rust-lang.org/nightly/edition-guide/rust-2021/warnings-promoted-to-error.html>\n\nwarning: `...` range patterns are deprecated\n   --> regex-syntax/src/lib.rs:195:37\n    |\n195 |         b'_' | b'0' ... b'9' | b'a' ... b'z' | b'A' ... b'Z'  => true,\n    |                                     ^^^ help: use `..=` for an inclusive range\n    |\n    = warning: this is accepted in the current edition (Rust 2015) but is a hard error in Rust 2021!\n    = note: for more information, see <https://doc.rust-lang.org/nightly/edition-guide/rust-2021/warnings-promoted-to-error.html>\n\nwarning: `...` range patterns are deprecated\n   --> regex-syntax/src/lib.rs:195:53\n    |\n195 |         b'_' | b'0' ... b'9' | b'a' ... b'z' | b'A' ... b'Z'  => true,\n    |                                                     ^^^ help: use `..=` for an inclusive range\n    |\n    = warning: this is accepted in the current edition (Rust 2015) but is a hard error in Rust 2021!\n    = note: for more information, see <https://doc.rust-lang.org/nightly/edition-guide/rust-2021/warnings-promoted-to-error.html>\n\nwarning: unused import: `super::*`\n   --> regex-syntax/src/lib.rs:202:9\n    |\n202 |     use super::*;\n    |         ^^^^^^^^\n\nwarning: use of deprecated method `std::error::Error::description`: use the Display impl or to_string()\n  --> regex-syntax/src/error.rs:45:38\n   |\n45 |             Error::Parse(ref x) => x.description(),\n   |                                      ^^^^^^^^^^^\n   |\n   = note: `#[warn(deprecated)]` on by default\n\nwarning: use of deprecated method `std::error::Error::description`: use the Display impl or to_string()\n  --> regex-syntax/src/error.rs:46:42\n   |\n46 |             Error::Translate(ref x) => x.description(),\n   |                                          ^^^^^^^^^^^\n\nerror[E0425]: cannot find function `induct` in this scope\n   --> regex-syntax/src/hir/visitor.rs:258:18\n    |\n258 |     let result = induct(&mut stack_frame, &hir);\n    |                  ^^^^^^ not found in this scope\n\nwarning: variable does not need to be mutable\n   --> regex-syntax/src/hir/literal/mod.rs:687:17\n    |\n687 |             let mut buf = &mut buf[..i];\n    |                 ----^^^\n    |                 |\n    |                 help: remove this `mut`\n    |\n    = note: `#[warn(unused_mut)]` on by default\n\nFor more information about this error, try `rustc --explain E0425`.\nwarning: `regex-syntax` (lib test) generated 19 warnings\nerror: could not compile `regex-syntax` (lib test) due to 1 previous error; 19 warnings emitted\n"
                }
              ],
              "repaired": [
                false
              ]
            },
            {
              "attrs": [],
              "prefix": [],
              "oracles": [],
              "codes": [
                [
                  "{",
                  "    struct DummyHir {",
                  "        kind: HirKind,",
                  "    }",
                  "",
                  "    impl DummyHir {",
                  "        fn kind(&self) -> &HirKind {",
                  "            &self.kind",
                  "        }",
                  "    }",
                  "",
                  "    enum HirKind {",
                  "        Alternation(Vec<DummyHir>),",
                  "        // Other variants can be defined if necessary",
                  "    }",
                  "",
                  "    enum Frame<'a> {",
                  "        Alternation {",
                  "            head: &'a DummyHir,",
                  "            tail: &'a [DummyHir],",
                  "        },",
                  "        // Other variants can be defined if necessary",
                  "    }",
                  "",
                  "    let hir_non_empty = DummyHir {",
                  "        kind: HirKind::Alternation(vec![DummyHir { kind: HirKind::Alternation(vec![]) }]),",
                  "    };",
                  "",
                  "    let mut stack_frame = Vec::new(); // Placeholder for self in the context of the induct method",
                  "    let result = induct(&mut stack_frame, &hir_non_empty);",
                  "    ",
                  "    assert!(result.is_some());",
                  "}"
                ]
              ],
              "can_compile": [
                {
                  "Err": "warning: /home/abezbm/rust-utgen-test-crates-new/regex/regex-capi/Cargo.toml: no edition set: defaulting to the 2015 edition while the latest is 2021\nwarning: /home/abezbm/rust-utgen-test-crates-new/regex/Cargo.toml: no edition set: defaulting to the 2015 edition while the latest is 2021\nwarning: /home/abezbm/rust-utgen-test-crates-new/regex/regex-debug/Cargo.toml: no edition set: defaulting to the 2015 edition while the latest is 2021\nwarning: /home/abezbm/rust-utgen-test-crates-new/regex/regex-syntax/Cargo.toml: no edition set: defaulting to the 2015 edition while the latest is 2021\n   Compiling proc-macro2 v1.0.95\n   Compiling syn v1.0.109\n   Compiling quote v1.0.40\n   Compiling ntest_test_cases v0.9.3\n   Compiling ntest_timeout v0.9.3\n   Compiling ntest v0.9.3\n   Compiling regex-syntax v0.6.0 (/home/abezbm/rust-utgen-test-crates-new/regex/regex-syntax)\nwarning: `...` range patterns are deprecated\n    --> regex-syntax/src/ast/parse.rs:1445:16\n     |\n1445 |             '0'...'7' => {\n     |                ^^^ help: use `..=` for an inclusive range\n     |\n     = warning: this is accepted in the current edition (Rust 2015) but is a hard error in Rust 2021!\n     = note: for more information, see <https://doc.rust-lang.org/nightly/edition-guide/rust-2021/warnings-promoted-to-error.html>\n     = note: `#[warn(ellipsis_inclusive_range_patterns)]` on by default\n\nwarning: `...` range patterns are deprecated\n    --> regex-syntax/src/ast/parse.rs:1456:16\n     |\n1456 |             '8'...'9' if !self.parser().octal => {\n     |                ^^^ help: use `..=` for an inclusive range\n     |\n     = warning: this is accepted in the current edition (Rust 2015) but is a hard error in Rust 2021!\n     = note: for more information, see <https://doc.rust-lang.org/nightly/edition-guide/rust-2021/warnings-promoted-to-error.html>\n\nwarning: unused import: `Primitive`\n    --> regex-syntax/src/ast/parse.rs:2261:49\n     |\n2261 |     use super::{Parser, ParserI, ParserBuilder, Primitive};\n     |                                                 ^^^^^^^^^\n     |\n     = note: `#[warn(unused_imports)]` on by default\n\nwarning: unused macro definition: `assert_eq`\n    --> regex-syntax/src/ast/parse.rs:2265:18\n     |\n2265 |     macro_rules! assert_eq {\n     |                  ^^^^^^^^^\n     |\n     = note: `#[warn(unused_macros)]` on by default\n\nwarning: unused import: `super::*`\n    --> regex-syntax/src/ast/mod.rs:1482:9\n     |\n1482 |     use super::*;\n     |         ^^^^^^^^\n\nwarning: unused import: `ast::parse::Parser`\n   --> regex-syntax/src/error.rs:288:9\n    |\n288 |     use ast::parse::Parser;\n    |         ^^^^^^^^^^^^^^^^^^\n\nwarning: unused import: `ParserBuilder`\n    --> regex-syntax/src/hir/literal/mod.rs:1004:9\n     |\n1004 |     use ParserBuilder;\n     |         ^^^^^^^^^^^^^\n\nwarning: unused imports: `Position` and `self`\n    --> regex-syntax/src/hir/translate.rs:1094:15\n     |\n1094 |     use ast::{self, Ast, Position, Span};\n     |               ^^^^       ^^^^^^^^\n\nwarning: unused import: `ascii_class`\n    --> regex-syntax/src/hir/translate.rs:1099:36\n     |\n1099 |     use super::{TranslatorBuilder, ascii_class};\n     |                                    ^^^^^^^^^^^\n\nwarning: unused import: `super::*`\n   --> regex-syntax/src/hir/visitor.rs:225:8\n    |\n225 |    use super::*;\n    |        ^^^^^^^^\n\nwarning: unused import: `ntest::timeout`\n   --> regex-syntax/src/hir/visitor.rs:226:8\n    |\n226 |    use ntest::timeout;\n    |        ^^^^^^^^^^^^^^\n\nwarning: unused imports: `contains_simple_case_mapping` and `simple_fold`\n   --> regex-syntax/src/unicode.rs:375:17\n    |\n375 |     use super::{contains_simple_case_mapping, simple_fold};\n    |                 ^^^^^^^^^^^^^^^^^^^^^^^^^^^^  ^^^^^^^^^^^\n\nwarning: `...` range patterns are deprecated\n   --> regex-syntax/src/lib.rs:195:21\n    |\n195 |         b'_' | b'0' ... b'9' | b'a' ... b'z' | b'A' ... b'Z'  => true,\n    |                     ^^^ help: use `..=` for an inclusive range\n    |\n    = warning: this is accepted in the current edition (Rust 2015) but is a hard error in Rust 2021!\n    = note: for more information, see <https://doc.rust-lang.org/nightly/edition-guide/rust-2021/warnings-promoted-to-error.html>\n\nwarning: `...` range patterns are deprecated\n   --> regex-syntax/src/lib.rs:195:37\n    |\n195 |         b'_' | b'0' ... b'9' | b'a' ... b'z' | b'A' ... b'Z'  => true,\n    |                                     ^^^ help: use `..=` for an inclusive range\n    |\n    = warning: this is accepted in the current edition (Rust 2015) but is a hard error in Rust 2021!\n    = note: for more information, see <https://doc.rust-lang.org/nightly/edition-guide/rust-2021/warnings-promoted-to-error.html>\n\nwarning: `...` range patterns are deprecated\n   --> regex-syntax/src/lib.rs:195:53\n    |\n195 |         b'_' | b'0' ... b'9' | b'a' ... b'z' | b'A' ... b'Z'  => true,\n    |                                                     ^^^ help: use `..=` for an inclusive range\n    |\n    = warning: this is accepted in the current edition (Rust 2015) but is a hard error in Rust 2021!\n    = note: for more information, see <https://doc.rust-lang.org/nightly/edition-guide/rust-2021/warnings-promoted-to-error.html>\n\nwarning: unused import: `super::*`\n   --> regex-syntax/src/lib.rs:202:9\n    |\n202 |     use super::*;\n    |         ^^^^^^^^\n\nwarning: use of deprecated method `std::error::Error::description`: use the Display impl or to_string()\n  --> regex-syntax/src/error.rs:45:38\n   |\n45 |             Error::Parse(ref x) => x.description(),\n   |                                      ^^^^^^^^^^^\n   |\n   = note: `#[warn(deprecated)]` on by default\n\nwarning: use of deprecated method `std::error::Error::description`: use the Display impl or to_string()\n  --> regex-syntax/src/error.rs:46:42\n   |\n46 |             Error::Translate(ref x) => x.description(),\n   |                                          ^^^^^^^^^^^\n\nerror[E0425]: cannot find function `induct` in this scope\n   --> regex-syntax/src/hir/visitor.rs:258:18\n    |\n258 |     let result = induct(&mut stack_frame, &hir_non_empty);\n    |                  ^^^^^^ not found in this scope\n\nwarning: variable does not need to be mutable\n   --> regex-syntax/src/hir/literal/mod.rs:687:17\n    |\n687 |             let mut buf = &mut buf[..i];\n    |                 ----^^^\n    |                 |\n    |                 help: remove this `mut`\n    |\n    = note: `#[warn(unused_mut)]` on by default\n\nFor more information about this error, try `rustc --explain E0425`.\nwarning: `regex-syntax` (lib test) generated 19 warnings\nerror: could not compile `regex-syntax` (lib test) due to 1 previous error; 19 warnings emitted\n"
                }
              ],
              "repaired": [
                false
              ]
            }
          ]
        }
      ]
    },
    {
      "chain_id": 3,
      "prompt_conds": [
        "// constraint: *hir.kind() matches HirKind::Alternation(ref x) or HirKind::Alternation(ref x) is true\n",
        "// constraint: *hir.kind() matches HirKind::Alternation(ref x) is true\n",
        "// constraint: x.is_empty() is false\n",
        "// constraint: *hir.kind() matches HirKind::Alternation(ref x) is true\n",
        "// may panic: x[0] may panic in certain situations\n",
        "// may panic: x[1..] may panic in certain situations\n",
        "// expected return value/type: Some(Frame::Alternation {\n                    head: &x[0],\n                    tail: &x[1..],\n                })\n"
      ],
      "input_infer": "",
      "answers": [
        {
          "uses": [],
          "has_test_mod": false,
          "common": [],
          "chain_tests": [
            {
              "attrs": [],
              "prefix": [],
              "oracles": [],
              "codes": [
                [
                  "{",
                  "    struct TestHir {",
                  "        kind: HirKind,",
                  "    }",
                  "",
                  "    impl TestHir {",
                  "        fn kind(&self) -> &HirKind {",
                  "            &self.kind",
                  "        }",
                  "    }",
                  "",
                  "    enum HirKind {",
                  "        Alternation(Vec<TestHir>),",
                  "        // other variants omitted for simplicity",
                  "    }",
                  "",
                  "    struct Frame<'a> {",
                  "        alternation: &'a [TestHir],",
                  "    }",
                  "",
                  "    let child1 = TestHir { kind: HirKind::Alternation(Vec::new()) };",
                  "    let child2 = TestHir { kind: HirKind::Alternation(Vec::new()) };",
                  "    ",
                  "    let hir = TestHir {",
                  "        kind: HirKind::Alternation(vec![child1, child2]),",
                  "    };",
                  "",
                  "    let mut stack_frame = induct(&mut hir);",
                  "",
                  "    assert!(stack_frame.is_some());",
                  "    if let Some(Frame::Alternation { head, tail }) = stack_frame {",
                  "        assert_eq!(head, &hir.kind().alternation()[0]);",
                  "        assert_eq!(tail, &hir.kind().alternation()[1..]);",
                  "    }",
                  "}"
                ]
              ],
              "can_compile": [
                {
                  "Err": "warning: /home/abezbm/rust-utgen-test-crates-new/regex/Cargo.toml: no edition set: defaulting to the 2015 edition while the latest is 2021\nwarning: /home/abezbm/rust-utgen-test-crates-new/regex/regex-syntax/Cargo.toml: no edition set: defaulting to the 2015 edition while the latest is 2021\nwarning: /home/abezbm/rust-utgen-test-crates-new/regex/regex-debug/Cargo.toml: no edition set: defaulting to the 2015 edition while the latest is 2021\nwarning: /home/abezbm/rust-utgen-test-crates-new/regex/regex-capi/Cargo.toml: no edition set: defaulting to the 2015 edition while the latest is 2021\n   Compiling proc-macro2 v1.0.95\n   Compiling syn v1.0.109\n   Compiling quote v1.0.40\n   Compiling ntest_test_cases v0.9.3\n   Compiling ntest_timeout v0.9.3\n   Compiling ntest v0.9.3\n   Compiling regex-syntax v0.6.0 (/home/abezbm/rust-utgen-test-crates-new/regex/regex-syntax)\nwarning: `...` range patterns are deprecated\n    --> regex-syntax/src/ast/parse.rs:1445:16\n     |\n1445 |             '0'...'7' => {\n     |                ^^^ help: use `..=` for an inclusive range\n     |\n     = warning: this is accepted in the current edition (Rust 2015) but is a hard error in Rust 2021!\n     = note: for more information, see <https://doc.rust-lang.org/nightly/edition-guide/rust-2021/warnings-promoted-to-error.html>\n     = note: `#[warn(ellipsis_inclusive_range_patterns)]` on by default\n\nwarning: `...` range patterns are deprecated\n    --> regex-syntax/src/ast/parse.rs:1456:16\n     |\n1456 |             '8'...'9' if !self.parser().octal => {\n     |                ^^^ help: use `..=` for an inclusive range\n     |\n     = warning: this is accepted in the current edition (Rust 2015) but is a hard error in Rust 2021!\n     = note: for more information, see <https://doc.rust-lang.org/nightly/edition-guide/rust-2021/warnings-promoted-to-error.html>\n\nwarning: unused import: `Primitive`\n    --> regex-syntax/src/ast/parse.rs:2261:49\n     |\n2261 |     use super::{Parser, ParserI, ParserBuilder, Primitive};\n     |                                                 ^^^^^^^^^\n     |\n     = note: `#[warn(unused_imports)]` on by default\n\nwarning: unused macro definition: `assert_eq`\n    --> regex-syntax/src/ast/parse.rs:2265:18\n     |\n2265 |     macro_rules! assert_eq {\n     |                  ^^^^^^^^^\n     |\n     = note: `#[warn(unused_macros)]` on by default\n\nwarning: unused import: `super::*`\n    --> regex-syntax/src/ast/mod.rs:1482:9\n     |\n1482 |     use super::*;\n     |         ^^^^^^^^\n\nwarning: unused import: `ast::parse::Parser`\n   --> regex-syntax/src/error.rs:288:9\n    |\n288 |     use ast::parse::Parser;\n    |         ^^^^^^^^^^^^^^^^^^\n\nwarning: unused import: `ParserBuilder`\n    --> regex-syntax/src/hir/literal/mod.rs:1004:9\n     |\n1004 |     use ParserBuilder;\n     |         ^^^^^^^^^^^^^\n\nwarning: unused imports: `Position` and `self`\n    --> regex-syntax/src/hir/translate.rs:1094:15\n     |\n1094 |     use ast::{self, Ast, Position, Span};\n     |               ^^^^       ^^^^^^^^\n\nwarning: unused import: `ascii_class`\n    --> regex-syntax/src/hir/translate.rs:1099:36\n     |\n1099 |     use super::{TranslatorBuilder, ascii_class};\n     |                                    ^^^^^^^^^^^\n\nwarning: unused import: `super::*`\n   --> regex-syntax/src/hir/visitor.rs:225:8\n    |\n225 |    use super::*;\n    |        ^^^^^^^^\n\nwarning: unused import: `ntest::timeout`\n   --> regex-syntax/src/hir/visitor.rs:226:8\n    |\n226 |    use ntest::timeout;\n    |        ^^^^^^^^^^^^^^\n\nwarning: unused imports: `contains_simple_case_mapping` and `simple_fold`\n   --> regex-syntax/src/unicode.rs:375:17\n    |\n375 |     use super::{contains_simple_case_mapping, simple_fold};\n    |                 ^^^^^^^^^^^^^^^^^^^^^^^^^^^^  ^^^^^^^^^^^\n\nwarning: `...` range patterns are deprecated\n   --> regex-syntax/src/lib.rs:195:21\n    |\n195 |         b'_' | b'0' ... b'9' | b'a' ... b'z' | b'A' ... b'Z'  => true,\n    |                     ^^^ help: use `..=` for an inclusive range\n    |\n    = warning: this is accepted in the current edition (Rust 2015) but is a hard error in Rust 2021!\n    = note: for more information, see <https://doc.rust-lang.org/nightly/edition-guide/rust-2021/warnings-promoted-to-error.html>\n\nwarning: `...` range patterns are deprecated\n   --> regex-syntax/src/lib.rs:195:37\n    |\n195 |         b'_' | b'0' ... b'9' | b'a' ... b'z' | b'A' ... b'Z'  => true,\n    |                                     ^^^ help: use `..=` for an inclusive range\n    |\n    = warning: this is accepted in the current edition (Rust 2015) but is a hard error in Rust 2021!\n    = note: for more information, see <https://doc.rust-lang.org/nightly/edition-guide/rust-2021/warnings-promoted-to-error.html>\n\nwarning: `...` range patterns are deprecated\n   --> regex-syntax/src/lib.rs:195:53\n    |\n195 |         b'_' | b'0' ... b'9' | b'a' ... b'z' | b'A' ... b'Z'  => true,\n    |                                                     ^^^ help: use `..=` for an inclusive range\n    |\n    = warning: this is accepted in the current edition (Rust 2015) but is a hard error in Rust 2021!\n    = note: for more information, see <https://doc.rust-lang.org/nightly/edition-guide/rust-2021/warnings-promoted-to-error.html>\n\nwarning: unused import: `super::*`\n   --> regex-syntax/src/lib.rs:202:9\n    |\n202 |     use super::*;\n    |         ^^^^^^^^\n\nwarning: use of deprecated method `std::error::Error::description`: use the Display impl or to_string()\n  --> regex-syntax/src/error.rs:45:38\n   |\n45 |             Error::Parse(ref x) => x.description(),\n   |                                      ^^^^^^^^^^^\n   |\n   = note: `#[warn(deprecated)]` on by default\n\nwarning: use of deprecated method `std::error::Error::description`: use the Display impl or to_string()\n  --> regex-syntax/src/error.rs:46:42\n   |\n46 |             Error::Translate(ref x) => x.description(),\n   |                                          ^^^^^^^^^^^\n\nerror[E0425]: cannot find function `induct` in this scope\n   --> regex-syntax/src/hir/visitor.rs:256:27\n    |\n256 |     let mut stack_frame = induct(&mut hir);\n    |                           ^^^^^^ not found in this scope\n\nerror[E0223]: ambiguous associated type\n   --> regex-syntax/src/hir/visitor.rs:259:17\n    |\n259 |     if let Some(Frame::Alternation { head, tail }) = stack_frame {\n    |                 ^^^^^^^^^^^^^^^^^^\n    |\nhelp: if there were a trait named `Example` with associated type `Alternation` implemented for `llmtests::test_induct_07::Frame<'_>`, you could use the fully-qualified path\n    |\n259 |     if let Some(<llmtests::test_induct_07::Frame<'_> as Example>::Alternation { head, tail }) = stack_frame {\n    |                 ~~~~~~~~~~~~~~~~~~~~~~~~~~~~~~~~~~~~~~~~~~~~~~~~~~~~~~~~~~~~~\n\nerror[E0599]: no method named `alternation` found for reference `&llmtests::test_induct_07::HirKind` in the current scope\n   --> regex-syntax/src/hir/visitor.rs:260:38\n    |\n260 |         assert_eq!(head, &hir.kind().alternation()[0]);\n    |                                      ^^^^^^^^^^^ method not found in `&HirKind`\n\nerror[E0599]: no method named `alternation` found for reference `&llmtests::test_induct_07::HirKind` in the current scope\n   --> regex-syntax/src/hir/visitor.rs:261:38\n    |\n261 |         assert_eq!(tail, &hir.kind().alternation()[1..]);\n    |                                      ^^^^^^^^^^^ method not found in `&HirKind`\n\nwarning: variable does not need to be mutable\n   --> regex-syntax/src/hir/literal/mod.rs:687:17\n    |\n687 |             let mut buf = &mut buf[..i];\n    |                 ----^^^\n    |                 |\n    |                 help: remove this `mut`\n    |\n    = note: `#[warn(unused_mut)]` on by default\n\nSome errors have detailed explanations: E0223, E0425, E0599.\nFor more information about an error, try `rustc --explain E0223`.\nwarning: `regex-syntax` (lib test) generated 19 warnings\nerror: could not compile `regex-syntax` (lib test) due to 4 previous errors; 19 warnings emitted\n"
                }
              ],
              "repaired": [
                false
              ]
            },
            {
              "attrs": [],
              "prefix": [],
              "oracles": [],
              "codes": [
                [
                  "{",
                  "    struct TestHir {",
                  "        kind: HirKind,",
                  "    }",
                  "",
                  "    impl TestHir {",
                  "        fn kind(&self) -> &HirKind {",
                  "            &self.kind",
                  "        }",
                  "    }",
                  "",
                  "    enum HirKind {",
                  "        Alternation(Vec<TestHir>),",
                  "        // other variants omitted for simplicity",
                  "    }",
                  "",
                  "    let hir = TestHir {",
                  "        kind: HirKind::Alternation(vec![]),",
                  "    };",
                  "",
                  "    let mut stack_frame = induct(&mut hir);",
                  "",
                  "    assert!(stack_frame.is_none());",
                  "}"
                ]
              ],
              "can_compile": [
                {
                  "Err": "warning: /home/abezbm/rust-utgen-test-crates-new/regex/Cargo.toml: no edition set: defaulting to the 2015 edition while the latest is 2021\nwarning: /home/abezbm/rust-utgen-test-crates-new/regex/regex-syntax/Cargo.toml: no edition set: defaulting to the 2015 edition while the latest is 2021\nwarning: /home/abezbm/rust-utgen-test-crates-new/regex/regex-capi/Cargo.toml: no edition set: defaulting to the 2015 edition while the latest is 2021\nwarning: /home/abezbm/rust-utgen-test-crates-new/regex/regex-debug/Cargo.toml: no edition set: defaulting to the 2015 edition while the latest is 2021\n   Compiling proc-macro2 v1.0.95\n   Compiling syn v1.0.109\n   Compiling quote v1.0.40\n   Compiling ntest_test_cases v0.9.3\n   Compiling ntest_timeout v0.9.3\n   Compiling ntest v0.9.3\n   Compiling regex-syntax v0.6.0 (/home/abezbm/rust-utgen-test-crates-new/regex/regex-syntax)\nwarning: `...` range patterns are deprecated\n    --> regex-syntax/src/ast/parse.rs:1445:16\n     |\n1445 |             '0'...'7' => {\n     |                ^^^ help: use `..=` for an inclusive range\n     |\n     = warning: this is accepted in the current edition (Rust 2015) but is a hard error in Rust 2021!\n     = note: for more information, see <https://doc.rust-lang.org/nightly/edition-guide/rust-2021/warnings-promoted-to-error.html>\n     = note: `#[warn(ellipsis_inclusive_range_patterns)]` on by default\n\nwarning: `...` range patterns are deprecated\n    --> regex-syntax/src/ast/parse.rs:1456:16\n     |\n1456 |             '8'...'9' if !self.parser().octal => {\n     |                ^^^ help: use `..=` for an inclusive range\n     |\n     = warning: this is accepted in the current edition (Rust 2015) but is a hard error in Rust 2021!\n     = note: for more information, see <https://doc.rust-lang.org/nightly/edition-guide/rust-2021/warnings-promoted-to-error.html>\n\nwarning: unused import: `Primitive`\n    --> regex-syntax/src/ast/parse.rs:2261:49\n     |\n2261 |     use super::{Parser, ParserI, ParserBuilder, Primitive};\n     |                                                 ^^^^^^^^^\n     |\n     = note: `#[warn(unused_imports)]` on by default\n\nwarning: unused macro definition: `assert_eq`\n    --> regex-syntax/src/ast/parse.rs:2265:18\n     |\n2265 |     macro_rules! assert_eq {\n     |                  ^^^^^^^^^\n     |\n     = note: `#[warn(unused_macros)]` on by default\n\nwarning: unused import: `super::*`\n    --> regex-syntax/src/ast/mod.rs:1482:9\n     |\n1482 |     use super::*;\n     |         ^^^^^^^^\n\nwarning: unused import: `ast::parse::Parser`\n   --> regex-syntax/src/error.rs:288:9\n    |\n288 |     use ast::parse::Parser;\n    |         ^^^^^^^^^^^^^^^^^^\n\nwarning: unused import: `ParserBuilder`\n    --> regex-syntax/src/hir/literal/mod.rs:1004:9\n     |\n1004 |     use ParserBuilder;\n     |         ^^^^^^^^^^^^^\n\nwarning: unused imports: `Position` and `self`\n    --> regex-syntax/src/hir/translate.rs:1094:15\n     |\n1094 |     use ast::{self, Ast, Position, Span};\n     |               ^^^^       ^^^^^^^^\n\nwarning: unused import: `ascii_class`\n    --> regex-syntax/src/hir/translate.rs:1099:36\n     |\n1099 |     use super::{TranslatorBuilder, ascii_class};\n     |                                    ^^^^^^^^^^^\n\nwarning: unused import: `super::*`\n   --> regex-syntax/src/hir/visitor.rs:225:8\n    |\n225 |    use super::*;\n    |        ^^^^^^^^\n\nwarning: unused import: `ntest::timeout`\n   --> regex-syntax/src/hir/visitor.rs:226:8\n    |\n226 |    use ntest::timeout;\n    |        ^^^^^^^^^^^^^^\n\nwarning: unused imports: `contains_simple_case_mapping` and `simple_fold`\n   --> regex-syntax/src/unicode.rs:375:17\n    |\n375 |     use super::{contains_simple_case_mapping, simple_fold};\n    |                 ^^^^^^^^^^^^^^^^^^^^^^^^^^^^  ^^^^^^^^^^^\n\nwarning: `...` range patterns are deprecated\n   --> regex-syntax/src/lib.rs:195:21\n    |\n195 |         b'_' | b'0' ... b'9' | b'a' ... b'z' | b'A' ... b'Z'  => true,\n    |                     ^^^ help: use `..=` for an inclusive range\n    |\n    = warning: this is accepted in the current edition (Rust 2015) but is a hard error in Rust 2021!\n    = note: for more information, see <https://doc.rust-lang.org/nightly/edition-guide/rust-2021/warnings-promoted-to-error.html>\n\nwarning: `...` range patterns are deprecated\n   --> regex-syntax/src/lib.rs:195:37\n    |\n195 |         b'_' | b'0' ... b'9' | b'a' ... b'z' | b'A' ... b'Z'  => true,\n    |                                     ^^^ help: use `..=` for an inclusive range\n    |\n    = warning: this is accepted in the current edition (Rust 2015) but is a hard error in Rust 2021!\n    = note: for more information, see <https://doc.rust-lang.org/nightly/edition-guide/rust-2021/warnings-promoted-to-error.html>\n\nwarning: `...` range patterns are deprecated\n   --> regex-syntax/src/lib.rs:195:53\n    |\n195 |         b'_' | b'0' ... b'9' | b'a' ... b'z' | b'A' ... b'Z'  => true,\n    |                                                     ^^^ help: use `..=` for an inclusive range\n    |\n    = warning: this is accepted in the current edition (Rust 2015) but is a hard error in Rust 2021!\n    = note: for more information, see <https://doc.rust-lang.org/nightly/edition-guide/rust-2021/warnings-promoted-to-error.html>\n\nwarning: unused import: `super::*`\n   --> regex-syntax/src/lib.rs:202:9\n    |\n202 |     use super::*;\n    |         ^^^^^^^^\n\nwarning: use of deprecated method `std::error::Error::description`: use the Display impl or to_string()\n  --> regex-syntax/src/error.rs:45:38\n   |\n45 |             Error::Parse(ref x) => x.description(),\n   |                                      ^^^^^^^^^^^\n   |\n   = note: `#[warn(deprecated)]` on by default\n\nwarning: use of deprecated method `std::error::Error::description`: use the Display impl or to_string()\n  --> regex-syntax/src/error.rs:46:42\n   |\n46 |             Error::Translate(ref x) => x.description(),\n   |                                          ^^^^^^^^^^^\n\nerror[E0425]: cannot find function `induct` in this scope\n   --> regex-syntax/src/hir/visitor.rs:249:27\n    |\n249 |     let mut stack_frame = induct(&mut hir);\n    |                           ^^^^^^ not found in this scope\n\nwarning: variable does not need to be mutable\n   --> regex-syntax/src/hir/literal/mod.rs:687:17\n    |\n687 |             let mut buf = &mut buf[..i];\n    |                 ----^^^\n    |                 |\n    |                 help: remove this `mut`\n    |\n    = note: `#[warn(unused_mut)]` on by default\n\nFor more information about this error, try `rustc --explain E0425`.\nwarning: `regex-syntax` (lib test) generated 19 warnings\nerror: could not compile `regex-syntax` (lib test) due to 1 previous error; 19 warnings emitted\n"
                }
              ],
              "repaired": [
                false
              ]
            }
          ]
        }
      ]
    },
    {
      "chain_id": 4,
      "prompt_conds": [
        "// constraint: *hir.kind() matches HirKind::Concat(ref x) or HirKind::Concat(ref x) is true\n",
        "// constraint: *hir.kind() matches HirKind::Concat(ref x) is true\n",
        "// constraint: x.is_empty() is true\n",
        "// expected return value/type: None\n"
      ],
      "input_infer": "",
      "answers": [
        {
          "uses": [],
          "has_test_mod": false,
          "common": [],
          "chain_tests": [
            {
              "attrs": [],
              "prefix": [],
              "oracles": [],
              "codes": [
                [
                  "{",
                  "    struct TestHir {",
                  "        kind: HirKind,",
                  "    }",
                  "",
                  "    impl TestHir {",
                  "        fn new(kind: HirKind) -> Self {",
                  "            TestHir { kind }",
                  "        }",
                  "        ",
                  "        fn kind(&self) -> &HirKind {",
                  "            &self.kind",
                  "        }",
                  "    }",
                  "",
                  "    enum HirKind {",
                  "        Concat(Vec<TestHir>),",
                  "    }",
                  "",
                  "    let empty_concat_hir = TestHir::new(HirKind::Concat(vec![]));",
                  "    ",
                  "    let result = induct(&mut empty_concat_hir);",
                  "    assert_eq!(result, None);",
                  "}"
                ]
              ],
              "can_compile": [
                {
                  "Err": "warning: /home/abezbm/rust-utgen-test-crates-new/regex/regex-debug/Cargo.toml: no edition set: defaulting to the 2015 edition while the latest is 2021\nwarning: /home/abezbm/rust-utgen-test-crates-new/regex/regex-capi/Cargo.toml: no edition set: defaulting to the 2015 edition while the latest is 2021\nwarning: /home/abezbm/rust-utgen-test-crates-new/regex/regex-syntax/Cargo.toml: no edition set: defaulting to the 2015 edition while the latest is 2021\nwarning: /home/abezbm/rust-utgen-test-crates-new/regex/Cargo.toml: no edition set: defaulting to the 2015 edition while the latest is 2021\n   Compiling proc-macro2 v1.0.95\n   Compiling syn v1.0.109\n   Compiling quote v1.0.40\n   Compiling ntest_test_cases v0.9.3\n   Compiling ntest_timeout v0.9.3\n   Compiling ntest v0.9.3\n   Compiling regex-syntax v0.6.0 (/home/abezbm/rust-utgen-test-crates-new/regex/regex-syntax)\nwarning: `...` range patterns are deprecated\n    --> regex-syntax/src/ast/parse.rs:1445:16\n     |\n1445 |             '0'...'7' => {\n     |                ^^^ help: use `..=` for an inclusive range\n     |\n     = warning: this is accepted in the current edition (Rust 2015) but is a hard error in Rust 2021!\n     = note: for more information, see <https://doc.rust-lang.org/nightly/edition-guide/rust-2021/warnings-promoted-to-error.html>\n     = note: `#[warn(ellipsis_inclusive_range_patterns)]` on by default\n\nwarning: `...` range patterns are deprecated\n    --> regex-syntax/src/ast/parse.rs:1456:16\n     |\n1456 |             '8'...'9' if !self.parser().octal => {\n     |                ^^^ help: use `..=` for an inclusive range\n     |\n     = warning: this is accepted in the current edition (Rust 2015) but is a hard error in Rust 2021!\n     = note: for more information, see <https://doc.rust-lang.org/nightly/edition-guide/rust-2021/warnings-promoted-to-error.html>\n\nwarning: unused import: `Primitive`\n    --> regex-syntax/src/ast/parse.rs:2261:49\n     |\n2261 |     use super::{Parser, ParserI, ParserBuilder, Primitive};\n     |                                                 ^^^^^^^^^\n     |\n     = note: `#[warn(unused_imports)]` on by default\n\nwarning: unused macro definition: `assert_eq`\n    --> regex-syntax/src/ast/parse.rs:2265:18\n     |\n2265 |     macro_rules! assert_eq {\n     |                  ^^^^^^^^^\n     |\n     = note: `#[warn(unused_macros)]` on by default\n\nwarning: unused import: `super::*`\n    --> regex-syntax/src/ast/mod.rs:1482:9\n     |\n1482 |     use super::*;\n     |         ^^^^^^^^\n\nwarning: unused import: `ast::parse::Parser`\n   --> regex-syntax/src/error.rs:288:9\n    |\n288 |     use ast::parse::Parser;\n    |         ^^^^^^^^^^^^^^^^^^\n\nwarning: unused import: `ParserBuilder`\n    --> regex-syntax/src/hir/literal/mod.rs:1004:9\n     |\n1004 |     use ParserBuilder;\n     |         ^^^^^^^^^^^^^\n\nwarning: unused imports: `Position` and `self`\n    --> regex-syntax/src/hir/translate.rs:1094:15\n     |\n1094 |     use ast::{self, Ast, Position, Span};\n     |               ^^^^       ^^^^^^^^\n\nwarning: unused import: `ascii_class`\n    --> regex-syntax/src/hir/translate.rs:1099:36\n     |\n1099 |     use super::{TranslatorBuilder, ascii_class};\n     |                                    ^^^^^^^^^^^\n\nwarning: unused import: `super::*`\n   --> regex-syntax/src/hir/visitor.rs:225:8\n    |\n225 |    use super::*;\n    |        ^^^^^^^^\n\nwarning: unused import: `ntest::timeout`\n   --> regex-syntax/src/hir/visitor.rs:226:8\n    |\n226 |    use ntest::timeout;\n    |        ^^^^^^^^^^^^^^\n\nwarning: unused imports: `contains_simple_case_mapping` and `simple_fold`\n   --> regex-syntax/src/unicode.rs:375:17\n    |\n375 |     use super::{contains_simple_case_mapping, simple_fold};\n    |                 ^^^^^^^^^^^^^^^^^^^^^^^^^^^^  ^^^^^^^^^^^\n\nwarning: `...` range patterns are deprecated\n   --> regex-syntax/src/lib.rs:195:21\n    |\n195 |         b'_' | b'0' ... b'9' | b'a' ... b'z' | b'A' ... b'Z'  => true,\n    |                     ^^^ help: use `..=` for an inclusive range\n    |\n    = warning: this is accepted in the current edition (Rust 2015) but is a hard error in Rust 2021!\n    = note: for more information, see <https://doc.rust-lang.org/nightly/edition-guide/rust-2021/warnings-promoted-to-error.html>\n\nwarning: `...` range patterns are deprecated\n   --> regex-syntax/src/lib.rs:195:37\n    |\n195 |         b'_' | b'0' ... b'9' | b'a' ... b'z' | b'A' ... b'Z'  => true,\n    |                                     ^^^ help: use `..=` for an inclusive range\n    |\n    = warning: this is accepted in the current edition (Rust 2015) but is a hard error in Rust 2021!\n    = note: for more information, see <https://doc.rust-lang.org/nightly/edition-guide/rust-2021/warnings-promoted-to-error.html>\n\nwarning: `...` range patterns are deprecated\n   --> regex-syntax/src/lib.rs:195:53\n    |\n195 |         b'_' | b'0' ... b'9' | b'a' ... b'z' | b'A' ... b'Z'  => true,\n    |                                                     ^^^ help: use `..=` for an inclusive range\n    |\n    = warning: this is accepted in the current edition (Rust 2015) but is a hard error in Rust 2021!\n    = note: for more information, see <https://doc.rust-lang.org/nightly/edition-guide/rust-2021/warnings-promoted-to-error.html>\n\nwarning: unused import: `super::*`\n   --> regex-syntax/src/lib.rs:202:9\n    |\n202 |     use super::*;\n    |         ^^^^^^^^\n\nwarning: use of deprecated method `std::error::Error::description`: use the Display impl or to_string()\n  --> regex-syntax/src/error.rs:45:38\n   |\n45 |             Error::Parse(ref x) => x.description(),\n   |                                      ^^^^^^^^^^^\n   |\n   = note: `#[warn(deprecated)]` on by default\n\nwarning: use of deprecated method `std::error::Error::description`: use the Display impl or to_string()\n  --> regex-syntax/src/error.rs:46:42\n   |\n46 |             Error::Translate(ref x) => x.description(),\n   |                                          ^^^^^^^^^^^\n\nerror[E0425]: cannot find function `induct` in this scope\n   --> regex-syntax/src/hir/visitor.rs:250:18\n    |\n250 |     let result = induct(&mut empty_concat_hir);\n    |                  ^^^^^^ not found in this scope\n\nwarning: variable does not need to be mutable\n   --> regex-syntax/src/hir/literal/mod.rs:687:17\n    |\n687 |             let mut buf = &mut buf[..i];\n    |                 ----^^^\n    |                 |\n    |                 help: remove this `mut`\n    |\n    = note: `#[warn(unused_mut)]` on by default\n\nFor more information about this error, try `rustc --explain E0425`.\nwarning: `regex-syntax` (lib test) generated 19 warnings\nerror: could not compile `regex-syntax` (lib test) due to 1 previous error; 19 warnings emitted\n"
                }
              ],
              "repaired": [
                false
              ]
            },
            {
              "attrs": [],
              "prefix": [],
              "oracles": [],
              "codes": [
                [
                  "{",
                  "    struct TestHir {",
                  "        kind: HirKind,",
                  "    }",
                  "",
                  "    impl TestHir {",
                  "        fn new(kind: HirKind) -> Self {",
                  "            TestHir { kind }",
                  "        }",
                  "        ",
                  "        fn kind(&self) -> &HirKind {",
                  "            &self.kind",
                  "        }",
                  "    }",
                  "",
                  "    enum HirKind {",
                  "        Alternation(Vec<TestHir>),",
                  "    }",
                  "",
                  "    let empty_alternation_hir = TestHir::new(HirKind::Alternation(vec![]));",
                  "    ",
                  "    let result = induct(&mut empty_alternation_hir);",
                  "    assert_eq!(result, None);",
                  "}"
                ]
              ],
              "can_compile": [
                {
                  "Err": "warning: /home/abezbm/rust-utgen-test-crates-new/regex/regex-syntax/Cargo.toml: no edition set: defaulting to the 2015 edition while the latest is 2021\nwarning: /home/abezbm/rust-utgen-test-crates-new/regex/Cargo.toml: no edition set: defaulting to the 2015 edition while the latest is 2021\nwarning: /home/abezbm/rust-utgen-test-crates-new/regex/regex-capi/Cargo.toml: no edition set: defaulting to the 2015 edition while the latest is 2021\nwarning: /home/abezbm/rust-utgen-test-crates-new/regex/regex-debug/Cargo.toml: no edition set: defaulting to the 2015 edition while the latest is 2021\n   Compiling proc-macro2 v1.0.95\n   Compiling syn v1.0.109\n   Compiling quote v1.0.40\n   Compiling ntest_timeout v0.9.3\n   Compiling ntest_test_cases v0.9.3\n   Compiling ntest v0.9.3\n   Compiling regex-syntax v0.6.0 (/home/abezbm/rust-utgen-test-crates-new/regex/regex-syntax)\nwarning: `...` range patterns are deprecated\n    --> regex-syntax/src/ast/parse.rs:1445:16\n     |\n1445 |             '0'...'7' => {\n     |                ^^^ help: use `..=` for an inclusive range\n     |\n     = warning: this is accepted in the current edition (Rust 2015) but is a hard error in Rust 2021!\n     = note: for more information, see <https://doc.rust-lang.org/nightly/edition-guide/rust-2021/warnings-promoted-to-error.html>\n     = note: `#[warn(ellipsis_inclusive_range_patterns)]` on by default\n\nwarning: `...` range patterns are deprecated\n    --> regex-syntax/src/ast/parse.rs:1456:16\n     |\n1456 |             '8'...'9' if !self.parser().octal => {\n     |                ^^^ help: use `..=` for an inclusive range\n     |\n     = warning: this is accepted in the current edition (Rust 2015) but is a hard error in Rust 2021!\n     = note: for more information, see <https://doc.rust-lang.org/nightly/edition-guide/rust-2021/warnings-promoted-to-error.html>\n\nwarning: unused import: `Primitive`\n    --> regex-syntax/src/ast/parse.rs:2261:49\n     |\n2261 |     use super::{Parser, ParserI, ParserBuilder, Primitive};\n     |                                                 ^^^^^^^^^\n     |\n     = note: `#[warn(unused_imports)]` on by default\n\nwarning: unused macro definition: `assert_eq`\n    --> regex-syntax/src/ast/parse.rs:2265:18\n     |\n2265 |     macro_rules! assert_eq {\n     |                  ^^^^^^^^^\n     |\n     = note: `#[warn(unused_macros)]` on by default\n\nwarning: unused import: `super::*`\n    --> regex-syntax/src/ast/mod.rs:1482:9\n     |\n1482 |     use super::*;\n     |         ^^^^^^^^\n\nwarning: unused import: `ast::parse::Parser`\n   --> regex-syntax/src/error.rs:288:9\n    |\n288 |     use ast::parse::Parser;\n    |         ^^^^^^^^^^^^^^^^^^\n\nwarning: unused import: `ParserBuilder`\n    --> regex-syntax/src/hir/literal/mod.rs:1004:9\n     |\n1004 |     use ParserBuilder;\n     |         ^^^^^^^^^^^^^\n\nwarning: unused imports: `Position` and `self`\n    --> regex-syntax/src/hir/translate.rs:1094:15\n     |\n1094 |     use ast::{self, Ast, Position, Span};\n     |               ^^^^       ^^^^^^^^\n\nwarning: unused import: `ascii_class`\n    --> regex-syntax/src/hir/translate.rs:1099:36\n     |\n1099 |     use super::{TranslatorBuilder, ascii_class};\n     |                                    ^^^^^^^^^^^\n\nwarning: unused import: `super::*`\n   --> regex-syntax/src/hir/visitor.rs:225:8\n    |\n225 |    use super::*;\n    |        ^^^^^^^^\n\nwarning: unused import: `ntest::timeout`\n   --> regex-syntax/src/hir/visitor.rs:226:8\n    |\n226 |    use ntest::timeout;\n    |        ^^^^^^^^^^^^^^\n\nwarning: unused imports: `contains_simple_case_mapping` and `simple_fold`\n   --> regex-syntax/src/unicode.rs:375:17\n    |\n375 |     use super::{contains_simple_case_mapping, simple_fold};\n    |                 ^^^^^^^^^^^^^^^^^^^^^^^^^^^^  ^^^^^^^^^^^\n\nwarning: `...` range patterns are deprecated\n   --> regex-syntax/src/lib.rs:195:21\n    |\n195 |         b'_' | b'0' ... b'9' | b'a' ... b'z' | b'A' ... b'Z'  => true,\n    |                     ^^^ help: use `..=` for an inclusive range\n    |\n    = warning: this is accepted in the current edition (Rust 2015) but is a hard error in Rust 2021!\n    = note: for more information, see <https://doc.rust-lang.org/nightly/edition-guide/rust-2021/warnings-promoted-to-error.html>\n\nwarning: `...` range patterns are deprecated\n   --> regex-syntax/src/lib.rs:195:37\n    |\n195 |         b'_' | b'0' ... b'9' | b'a' ... b'z' | b'A' ... b'Z'  => true,\n    |                                     ^^^ help: use `..=` for an inclusive range\n    |\n    = warning: this is accepted in the current edition (Rust 2015) but is a hard error in Rust 2021!\n    = note: for more information, see <https://doc.rust-lang.org/nightly/edition-guide/rust-2021/warnings-promoted-to-error.html>\n\nwarning: `...` range patterns are deprecated\n   --> regex-syntax/src/lib.rs:195:53\n    |\n195 |         b'_' | b'0' ... b'9' | b'a' ... b'z' | b'A' ... b'Z'  => true,\n    |                                                     ^^^ help: use `..=` for an inclusive range\n    |\n    = warning: this is accepted in the current edition (Rust 2015) but is a hard error in Rust 2021!\n    = note: for more information, see <https://doc.rust-lang.org/nightly/edition-guide/rust-2021/warnings-promoted-to-error.html>\n\nwarning: unused import: `super::*`\n   --> regex-syntax/src/lib.rs:202:9\n    |\n202 |     use super::*;\n    |         ^^^^^^^^\n\nwarning: use of deprecated method `std::error::Error::description`: use the Display impl or to_string()\n  --> regex-syntax/src/error.rs:45:38\n   |\n45 |             Error::Parse(ref x) => x.description(),\n   |                                      ^^^^^^^^^^^\n   |\n   = note: `#[warn(deprecated)]` on by default\n\nwarning: use of deprecated method `std::error::Error::description`: use the Display impl or to_string()\n  --> regex-syntax/src/error.rs:46:42\n   |\n46 |             Error::Translate(ref x) => x.description(),\n   |                                          ^^^^^^^^^^^\n\nerror[E0425]: cannot find function `induct` in this scope\n   --> regex-syntax/src/hir/visitor.rs:250:18\n    |\n250 |     let result = induct(&mut empty_alternation_hir);\n    |                  ^^^^^^ not found in this scope\n\nwarning: variable does not need to be mutable\n   --> regex-syntax/src/hir/literal/mod.rs:687:17\n    |\n687 |             let mut buf = &mut buf[..i];\n    |                 ----^^^\n    |                 |\n    |                 help: remove this `mut`\n    |\n    = note: `#[warn(unused_mut)]` on by default\n\nFor more information about this error, try `rustc --explain E0425`.\nwarning: `regex-syntax` (lib test) generated 19 warnings\nerror: could not compile `regex-syntax` (lib test) due to 1 previous error; 19 warnings emitted\n"
                }
              ],
              "repaired": [
                false
              ]
            },
            {
              "attrs": [],
              "prefix": [],
              "oracles": [],
              "codes": [
                [
                  "{",
                  "    struct TestHir {",
                  "        kind: HirKind,",
                  "    }",
                  "",
                  "    impl TestHir {",
                  "        fn new(kind: HirKind) -> Self {",
                  "            TestHir { kind }",
                  "        }",
                  "        ",
                  "        fn kind(&self) -> &HirKind {",
                  "            &self.kind",
                  "        }",
                  "    }",
                  "",
                  "    enum HirKind {",
                  "        Concat(Vec<TestHir>),",
                  "    }",
                  "",
                  "    let child_hir = TestHir::new(HirKind::Concat(vec![]));",
                  "    let non_empty_concat_hir = TestHir::new(HirKind::Concat(vec![child_hir]));",
                  "    ",
                  "    let result = induct(&mut non_empty_concat_hir);",
                  "    assert!(result.is_some());",
                  "}"
                ]
              ],
              "can_compile": [
                {
                  "Err": "warning: /home/abezbm/rust-utgen-test-crates-new/regex/regex-capi/Cargo.toml: no edition set: defaulting to the 2015 edition while the latest is 2021\nwarning: /home/abezbm/rust-utgen-test-crates-new/regex/regex-syntax/Cargo.toml: no edition set: defaulting to the 2015 edition while the latest is 2021\nwarning: /home/abezbm/rust-utgen-test-crates-new/regex/Cargo.toml: no edition set: defaulting to the 2015 edition while the latest is 2021\nwarning: /home/abezbm/rust-utgen-test-crates-new/regex/regex-debug/Cargo.toml: no edition set: defaulting to the 2015 edition while the latest is 2021\n   Compiling proc-macro2 v1.0.95\n   Compiling syn v1.0.109\n   Compiling quote v1.0.40\n   Compiling ntest_test_cases v0.9.3\n   Compiling ntest_timeout v0.9.3\n   Compiling ntest v0.9.3\n   Compiling regex-syntax v0.6.0 (/home/abezbm/rust-utgen-test-crates-new/regex/regex-syntax)\nwarning: `...` range patterns are deprecated\n    --> regex-syntax/src/ast/parse.rs:1445:16\n     |\n1445 |             '0'...'7' => {\n     |                ^^^ help: use `..=` for an inclusive range\n     |\n     = warning: this is accepted in the current edition (Rust 2015) but is a hard error in Rust 2021!\n     = note: for more information, see <https://doc.rust-lang.org/nightly/edition-guide/rust-2021/warnings-promoted-to-error.html>\n     = note: `#[warn(ellipsis_inclusive_range_patterns)]` on by default\n\nwarning: `...` range patterns are deprecated\n    --> regex-syntax/src/ast/parse.rs:1456:16\n     |\n1456 |             '8'...'9' if !self.parser().octal => {\n     |                ^^^ help: use `..=` for an inclusive range\n     |\n     = warning: this is accepted in the current edition (Rust 2015) but is a hard error in Rust 2021!\n     = note: for more information, see <https://doc.rust-lang.org/nightly/edition-guide/rust-2021/warnings-promoted-to-error.html>\n\nwarning: unused import: `Primitive`\n    --> regex-syntax/src/ast/parse.rs:2261:49\n     |\n2261 |     use super::{Parser, ParserI, ParserBuilder, Primitive};\n     |                                                 ^^^^^^^^^\n     |\n     = note: `#[warn(unused_imports)]` on by default\n\nwarning: unused macro definition: `assert_eq`\n    --> regex-syntax/src/ast/parse.rs:2265:18\n     |\n2265 |     macro_rules! assert_eq {\n     |                  ^^^^^^^^^\n     |\n     = note: `#[warn(unused_macros)]` on by default\n\nwarning: unused import: `super::*`\n    --> regex-syntax/src/ast/mod.rs:1482:9\n     |\n1482 |     use super::*;\n     |         ^^^^^^^^\n\nwarning: unused import: `ast::parse::Parser`\n   --> regex-syntax/src/error.rs:288:9\n    |\n288 |     use ast::parse::Parser;\n    |         ^^^^^^^^^^^^^^^^^^\n\nwarning: unused import: `ParserBuilder`\n    --> regex-syntax/src/hir/literal/mod.rs:1004:9\n     |\n1004 |     use ParserBuilder;\n     |         ^^^^^^^^^^^^^\n\nwarning: unused imports: `Position` and `self`\n    --> regex-syntax/src/hir/translate.rs:1094:15\n     |\n1094 |     use ast::{self, Ast, Position, Span};\n     |               ^^^^       ^^^^^^^^\n\nwarning: unused import: `ascii_class`\n    --> regex-syntax/src/hir/translate.rs:1099:36\n     |\n1099 |     use super::{TranslatorBuilder, ascii_class};\n     |                                    ^^^^^^^^^^^\n\nwarning: unused import: `super::*`\n   --> regex-syntax/src/hir/visitor.rs:225:8\n    |\n225 |    use super::*;\n    |        ^^^^^^^^\n\nwarning: unused import: `ntest::timeout`\n   --> regex-syntax/src/hir/visitor.rs:226:8\n    |\n226 |    use ntest::timeout;\n    |        ^^^^^^^^^^^^^^\n\nwarning: unused imports: `contains_simple_case_mapping` and `simple_fold`\n   --> regex-syntax/src/unicode.rs:375:17\n    |\n375 |     use super::{contains_simple_case_mapping, simple_fold};\n    |                 ^^^^^^^^^^^^^^^^^^^^^^^^^^^^  ^^^^^^^^^^^\n\nwarning: `...` range patterns are deprecated\n   --> regex-syntax/src/lib.rs:195:21\n    |\n195 |         b'_' | b'0' ... b'9' | b'a' ... b'z' | b'A' ... b'Z'  => true,\n    |                     ^^^ help: use `..=` for an inclusive range\n    |\n    = warning: this is accepted in the current edition (Rust 2015) but is a hard error in Rust 2021!\n    = note: for more information, see <https://doc.rust-lang.org/nightly/edition-guide/rust-2021/warnings-promoted-to-error.html>\n\nwarning: `...` range patterns are deprecated\n   --> regex-syntax/src/lib.rs:195:37\n    |\n195 |         b'_' | b'0' ... b'9' | b'a' ... b'z' | b'A' ... b'Z'  => true,\n    |                                     ^^^ help: use `..=` for an inclusive range\n    |\n    = warning: this is accepted in the current edition (Rust 2015) but is a hard error in Rust 2021!\n    = note: for more information, see <https://doc.rust-lang.org/nightly/edition-guide/rust-2021/warnings-promoted-to-error.html>\n\nwarning: `...` range patterns are deprecated\n   --> regex-syntax/src/lib.rs:195:53\n    |\n195 |         b'_' | b'0' ... b'9' | b'a' ... b'z' | b'A' ... b'Z'  => true,\n    |                                                     ^^^ help: use `..=` for an inclusive range\n    |\n    = warning: this is accepted in the current edition (Rust 2015) but is a hard error in Rust 2021!\n    = note: for more information, see <https://doc.rust-lang.org/nightly/edition-guide/rust-2021/warnings-promoted-to-error.html>\n\nwarning: unused import: `super::*`\n   --> regex-syntax/src/lib.rs:202:9\n    |\n202 |     use super::*;\n    |         ^^^^^^^^\n\nwarning: use of deprecated method `std::error::Error::description`: use the Display impl or to_string()\n  --> regex-syntax/src/error.rs:45:38\n   |\n45 |             Error::Parse(ref x) => x.description(),\n   |                                      ^^^^^^^^^^^\n   |\n   = note: `#[warn(deprecated)]` on by default\n\nwarning: use of deprecated method `std::error::Error::description`: use the Display impl or to_string()\n  --> regex-syntax/src/error.rs:46:42\n   |\n46 |             Error::Translate(ref x) => x.description(),\n   |                                          ^^^^^^^^^^^\n\nerror[E0425]: cannot find function `induct` in this scope\n   --> regex-syntax/src/hir/visitor.rs:251:18\n    |\n251 |     let result = induct(&mut non_empty_concat_hir);\n    |                  ^^^^^^ not found in this scope\n\nwarning: variable does not need to be mutable\n   --> regex-syntax/src/hir/literal/mod.rs:687:17\n    |\n687 |             let mut buf = &mut buf[..i];\n    |                 ----^^^\n    |                 |\n    |                 help: remove this `mut`\n    |\n    = note: `#[warn(unused_mut)]` on by default\n\nFor more information about this error, try `rustc --explain E0425`.\nwarning: `regex-syntax` (lib test) generated 19 warnings\nerror: could not compile `regex-syntax` (lib test) due to 1 previous error; 19 warnings emitted\n"
                }
              ],
              "repaired": [
                false
              ]
            }
          ]
        }
      ]
    },
    {
      "chain_id": 5,
      "prompt_conds": [
        "// constraint: *hir.kind() matches HirKind::Concat(ref x) or HirKind::Concat(ref x) is true\n",
        "// constraint: *hir.kind() matches HirKind::Concat(ref x) is true\n",
        "// constraint: x.is_empty() is false\n",
        "// constraint: *hir.kind() matches HirKind::Concat(ref x) is true\n",
        "// may panic: x[0] may panic in certain situations\n",
        "// may panic: x[1..] may panic in certain situations\n",
        "// expected return value/type: Some(Frame::Concat {\n                    head: &x[0],\n                    tail: &x[1..],\n                })\n"
      ],
      "input_infer": "",
      "answers": [
        {
          "uses": [],
          "has_test_mod": false,
          "common": [],
          "chain_tests": [
            {
              "attrs": [],
              "prefix": [],
              "oracles": [],
              "codes": [
                [
                  "{",
                  "    struct DummyHir {",
                  "        kind: HirKind,",
                  "    }",
                  "",
                  "    impl DummyHir {",
                  "        fn kind(&self) -> &HirKind {",
                  "            &self.kind",
                  "        }",
                  "    }",
                  "",
                  "    enum HirKind {",
                  "        Concat(Vec<DummyHir>),",
                  "        // other kinds omitted for brevity",
                  "    }",
                  "",
                  "    struct Frame<'a> {",
                  "        concat: Option<ConcatFrame<'a>>,",
                  "    }",
                  "",
                  "    struct ConcatFrame<'a> {",
                  "        head: &'a DummyHir,",
                  "        tail: &'a [DummyHir],",
                  "    }",
                  "",
                  "    let child1 = DummyHir { kind: HirKind::Concat(vec![]) }; // Mock child",
                  "    let child2 = DummyHir { kind: HirKind::Concat(vec![]) }; // Mock child",
                  "    let hir = DummyHir {",
                  "        kind: HirKind::Concat(vec![child1, child2]),",
                  "    };",
                  "",
                  "    let mut visitor = Visitor;",
                  "    let result = visitor.induct(&hir);",
                  "    ",
                  "    assert!(result.is_some());",
                  "    if let Some(Frame { concat }) = result {",
                  "        assert!(concat.is_some());",
                  "        let ConcatFrame { head, tail } = concat.unwrap();",
                  "        assert_eq!(head.kind(), &hir.kind().clone().unwrap()); // Validate head",
                  "        assert_eq!(tail.len(), 1); // Validate tail length",
                  "    }",
                  "}"
                ]
              ],
              "can_compile": [
                {
                  "Err": "warning: /home/abezbm/rust-utgen-test-crates-new/regex/Cargo.toml: no edition set: defaulting to the 2015 edition while the latest is 2021\nwarning: /home/abezbm/rust-utgen-test-crates-new/regex/regex-debug/Cargo.toml: no edition set: defaulting to the 2015 edition while the latest is 2021\nwarning: /home/abezbm/rust-utgen-test-crates-new/regex/regex-capi/Cargo.toml: no edition set: defaulting to the 2015 edition while the latest is 2021\nwarning: /home/abezbm/rust-utgen-test-crates-new/regex/regex-syntax/Cargo.toml: no edition set: defaulting to the 2015 edition while the latest is 2021\n   Compiling proc-macro2 v1.0.95\n   Compiling syn v1.0.109\n   Compiling quote v1.0.40\n   Compiling ntest_test_cases v0.9.3\n   Compiling ntest_timeout v0.9.3\n   Compiling ntest v0.9.3\n   Compiling regex-syntax v0.6.0 (/home/abezbm/rust-utgen-test-crates-new/regex/regex-syntax)\nerror[E0423]: expected value, found trait `Visitor`\n   --> regex-syntax/src/hir/visitor.rs:260:23\n    |\n260 |     let mut visitor = Visitor;\n    |                       ^^^^^^^ not a value\n\nwarning: `...` range patterns are deprecated\n    --> regex-syntax/src/ast/parse.rs:1445:16\n     |\n1445 |             '0'...'7' => {\n     |                ^^^ help: use `..=` for an inclusive range\n     |\n     = warning: this is accepted in the current edition (Rust 2015) but is a hard error in Rust 2021!\n     = note: for more information, see <https://doc.rust-lang.org/nightly/edition-guide/rust-2021/warnings-promoted-to-error.html>\n     = note: `#[warn(ellipsis_inclusive_range_patterns)]` on by default\n\nwarning: `...` range patterns are deprecated\n    --> regex-syntax/src/ast/parse.rs:1456:16\n     |\n1456 |             '8'...'9' if !self.parser().octal => {\n     |                ^^^ help: use `..=` for an inclusive range\n     |\n     = warning: this is accepted in the current edition (Rust 2015) but is a hard error in Rust 2021!\n     = note: for more information, see <https://doc.rust-lang.org/nightly/edition-guide/rust-2021/warnings-promoted-to-error.html>\n\nwarning: unused import: `Primitive`\n    --> regex-syntax/src/ast/parse.rs:2261:49\n     |\n2261 |     use super::{Parser, ParserI, ParserBuilder, Primitive};\n     |                                                 ^^^^^^^^^\n     |\n     = note: `#[warn(unused_imports)]` on by default\n\nwarning: unused macro definition: `assert_eq`\n    --> regex-syntax/src/ast/parse.rs:2265:18\n     |\n2265 |     macro_rules! assert_eq {\n     |                  ^^^^^^^^^\n     |\n     = note: `#[warn(unused_macros)]` on by default\n\nwarning: unused import: `super::*`\n    --> regex-syntax/src/ast/mod.rs:1482:9\n     |\n1482 |     use super::*;\n     |         ^^^^^^^^\n\nwarning: unused import: `ast::parse::Parser`\n   --> regex-syntax/src/error.rs:288:9\n    |\n288 |     use ast::parse::Parser;\n    |         ^^^^^^^^^^^^^^^^^^\n\nwarning: unused import: `ParserBuilder`\n    --> regex-syntax/src/hir/literal/mod.rs:1004:9\n     |\n1004 |     use ParserBuilder;\n     |         ^^^^^^^^^^^^^\n\nwarning: unused imports: `Position` and `self`\n    --> regex-syntax/src/hir/translate.rs:1094:15\n     |\n1094 |     use ast::{self, Ast, Position, Span};\n     |               ^^^^       ^^^^^^^^\n\nwarning: unused import: `ascii_class`\n    --> regex-syntax/src/hir/translate.rs:1099:36\n     |\n1099 |     use super::{TranslatorBuilder, ascii_class};\n     |                                    ^^^^^^^^^^^\n\nwarning: unused import: `ntest::timeout`\n   --> regex-syntax/src/hir/visitor.rs:226:8\n    |\n226 |    use ntest::timeout;\n    |        ^^^^^^^^^^^^^^\n\nwarning: unused imports: `contains_simple_case_mapping` and `simple_fold`\n   --> regex-syntax/src/unicode.rs:375:17\n    |\n375 |     use super::{contains_simple_case_mapping, simple_fold};\n    |                 ^^^^^^^^^^^^^^^^^^^^^^^^^^^^  ^^^^^^^^^^^\n\nwarning: `...` range patterns are deprecated\n   --> regex-syntax/src/lib.rs:195:21\n    |\n195 |         b'_' | b'0' ... b'9' | b'a' ... b'z' | b'A' ... b'Z'  => true,\n    |                     ^^^ help: use `..=` for an inclusive range\n    |\n    = warning: this is accepted in the current edition (Rust 2015) but is a hard error in Rust 2021!\n    = note: for more information, see <https://doc.rust-lang.org/nightly/edition-guide/rust-2021/warnings-promoted-to-error.html>\n\nwarning: `...` range patterns are deprecated\n   --> regex-syntax/src/lib.rs:195:37\n    |\n195 |         b'_' | b'0' ... b'9' | b'a' ... b'z' | b'A' ... b'Z'  => true,\n    |                                     ^^^ help: use `..=` for an inclusive range\n    |\n    = warning: this is accepted in the current edition (Rust 2015) but is a hard error in Rust 2021!\n    = note: for more information, see <https://doc.rust-lang.org/nightly/edition-guide/rust-2021/warnings-promoted-to-error.html>\n\nwarning: `...` range patterns are deprecated\n   --> regex-syntax/src/lib.rs:195:53\n    |\n195 |         b'_' | b'0' ... b'9' | b'a' ... b'z' | b'A' ... b'Z'  => true,\n    |                                                     ^^^ help: use `..=` for an inclusive range\n    |\n    = warning: this is accepted in the current edition (Rust 2015) but is a hard error in Rust 2021!\n    = note: for more information, see <https://doc.rust-lang.org/nightly/edition-guide/rust-2021/warnings-promoted-to-error.html>\n\nwarning: unused import: `super::*`\n   --> regex-syntax/src/lib.rs:202:9\n    |\n202 |     use super::*;\n    |         ^^^^^^^^\n\nwarning: use of deprecated method `std::error::Error::description`: use the Display impl or to_string()\n  --> regex-syntax/src/error.rs:45:38\n   |\n45 |             Error::Parse(ref x) => x.description(),\n   |                                      ^^^^^^^^^^^\n   |\n   = note: `#[warn(deprecated)]` on by default\n\nwarning: use of deprecated method `std::error::Error::description`: use the Display impl or to_string()\n  --> regex-syntax/src/error.rs:46:42\n   |\n46 |             Error::Translate(ref x) => x.description(),\n   |                                          ^^^^^^^^^^^\n\nerror[E0599]: no method named `unwrap` found for reference `&llmtests::test_induct_12::HirKind` in the current scope\n   --> regex-syntax/src/hir/visitor.rs:267:53\n    |\n267 |         assert_eq!(head.kind(), &hir.kind().clone().unwrap()); // Validate head\n    |                                                     ^^^^^^ method not found in `&HirKind`\n\nwarning: variable does not need to be mutable\n   --> regex-syntax/src/hir/literal/mod.rs:687:17\n    |\n687 |             let mut buf = &mut buf[..i];\n    |                 ----^^^\n    |                 |\n    |                 help: remove this `mut`\n    |\n    = note: `#[warn(unused_mut)]` on by default\n\nSome errors have detailed explanations: E0423, E0599.\nFor more information about an error, try `rustc --explain E0423`.\nwarning: `regex-syntax` (lib test) generated 18 warnings\nerror: could not compile `regex-syntax` (lib test) due to 2 previous errors; 18 warnings emitted\n"
                }
              ],
              "repaired": [
                false
              ]
            }
          ]
        }
      ]
    },
    {
      "chain_id": 6,
      "prompt_conds": [
        "// constraint: *hir.kind() matches HirKind::Group(ref x) is true\n",
        "// constraint: *hir.kind() matches HirKind::Group(ref x) is true\n",
        "// expected return value/type: Some(Frame::Group(x))\n"
      ],
      "input_infer": "",
      "answers": [
        {
          "uses": [
            "use regex_syntax::hir::Hir;",
            "use regex_syntax::hir::HirKind;",
            "use regex_syntax::hir::Frame;"
          ],
          "has_test_mod": false,
          "common": [],
          "chain_tests": [
            {
              "attrs": [],
              "prefix": [],
              "oracles": [],
              "codes": [
                [
                  "{",
                  "    use regex_syntax::hir::{Hir, HirKind, Frame};",
                  "",
                  "    struct DummyHir {",
                  "        kind: HirKind,",
                  "    }",
                  "",
                  "    impl DummyHir {",
                  "        fn new_group() -> Hir {",
                  "            Hir::new(HirKind::Group(Box::new(vec![]))) // Assuming it's a group without children",
                  "        }",
                  "    }",
                  "",
                  "    let mut hir = DummyHir::new_group();",
                  "    ",
                  "    let result = induct(&mut hir);",
                  "    assert_eq!(result, Some(Frame::Group(&hir)));",
                  "}"
                ]
              ],
              "can_compile": [
                {
                  "Err": "warning: /home/abezbm/rust-utgen-test-crates-new/regex/regex-syntax/Cargo.toml: no edition set: defaulting to the 2015 edition while the latest is 2021\nwarning: /home/abezbm/rust-utgen-test-crates-new/regex/Cargo.toml: no edition set: defaulting to the 2015 edition while the latest is 2021\nwarning: /home/abezbm/rust-utgen-test-crates-new/regex/regex-debug/Cargo.toml: no edition set: defaulting to the 2015 edition while the latest is 2021\nwarning: /home/abezbm/rust-utgen-test-crates-new/regex/regex-capi/Cargo.toml: no edition set: defaulting to the 2015 edition while the latest is 2021\n   Compiling proc-macro2 v1.0.95\n   Compiling syn v1.0.109\n   Compiling quote v1.0.40\n   Compiling ntest_timeout v0.9.3\n   Compiling ntest_test_cases v0.9.3\n   Compiling ntest v0.9.3\n   Compiling regex-syntax v0.6.0 (/home/abezbm/rust-utgen-test-crates-new/regex/regex-syntax)\nerror[E0433]: failed to resolve: maybe a missing crate `regex_syntax`?\n   --> regex-syntax/src/hir/visitor.rs:230:9\n    |\n230 |     use regex_syntax::hir::{Hir, HirKind, Frame};\n    |         ^^^^^^^^^^^^ maybe a missing crate `regex_syntax`?\n    |\n    = help: consider adding `extern crate regex_syntax` to use the `regex_syntax` crate\n\nwarning: `...` range patterns are deprecated\n    --> regex-syntax/src/ast/parse.rs:1445:16\n     |\n1445 |             '0'...'7' => {\n     |                ^^^ help: use `..=` for an inclusive range\n     |\n     = warning: this is accepted in the current edition (Rust 2015) but is a hard error in Rust 2021!\n     = note: for more information, see <https://doc.rust-lang.org/nightly/edition-guide/rust-2021/warnings-promoted-to-error.html>\n     = note: `#[warn(ellipsis_inclusive_range_patterns)]` on by default\n\nwarning: `...` range patterns are deprecated\n    --> regex-syntax/src/ast/parse.rs:1456:16\n     |\n1456 |             '8'...'9' if !self.parser().octal => {\n     |                ^^^ help: use `..=` for an inclusive range\n     |\n     = warning: this is accepted in the current edition (Rust 2015) but is a hard error in Rust 2021!\n     = note: for more information, see <https://doc.rust-lang.org/nightly/edition-guide/rust-2021/warnings-promoted-to-error.html>\n\nwarning: unused import: `Primitive`\n    --> regex-syntax/src/ast/parse.rs:2261:49\n     |\n2261 |     use super::{Parser, ParserI, ParserBuilder, Primitive};\n     |                                                 ^^^^^^^^^\n     |\n     = note: `#[warn(unused_imports)]` on by default\n\nwarning: unused macro definition: `assert_eq`\n    --> regex-syntax/src/ast/parse.rs:2265:18\n     |\n2265 |     macro_rules! assert_eq {\n     |                  ^^^^^^^^^\n     |\n     = note: `#[warn(unused_macros)]` on by default\n\nwarning: unused import: `super::*`\n    --> regex-syntax/src/ast/mod.rs:1482:9\n     |\n1482 |     use super::*;\n     |         ^^^^^^^^\n\nwarning: unused import: `ast::parse::Parser`\n   --> regex-syntax/src/error.rs:288:9\n    |\n288 |     use ast::parse::Parser;\n    |         ^^^^^^^^^^^^^^^^^^\n\nwarning: unused import: `ParserBuilder`\n    --> regex-syntax/src/hir/literal/mod.rs:1004:9\n     |\n1004 |     use ParserBuilder;\n     |         ^^^^^^^^^^^^^\n\nwarning: unused imports: `Position` and `self`\n    --> regex-syntax/src/hir/translate.rs:1094:15\n     |\n1094 |     use ast::{self, Ast, Position, Span};\n     |               ^^^^       ^^^^^^^^\n\nwarning: unused import: `ascii_class`\n    --> regex-syntax/src/hir/translate.rs:1099:36\n     |\n1099 |     use super::{TranslatorBuilder, ascii_class};\n     |                                    ^^^^^^^^^^^\n\nwarning: unused import: `super::*`\n   --> regex-syntax/src/hir/visitor.rs:225:8\n    |\n225 |    use super::*;\n    |        ^^^^^^^^\n\nwarning: unused import: `ntest::timeout`\n   --> regex-syntax/src/hir/visitor.rs:226:8\n    |\n226 |    use ntest::timeout;\n    |        ^^^^^^^^^^^^^^\n\nwarning: unused imports: `contains_simple_case_mapping` and `simple_fold`\n   --> regex-syntax/src/unicode.rs:375:17\n    |\n375 |     use super::{contains_simple_case_mapping, simple_fold};\n    |                 ^^^^^^^^^^^^^^^^^^^^^^^^^^^^  ^^^^^^^^^^^\n\nwarning: `...` range patterns are deprecated\n   --> regex-syntax/src/lib.rs:195:21\n    |\n195 |         b'_' | b'0' ... b'9' | b'a' ... b'z' | b'A' ... b'Z'  => true,\n    |                     ^^^ help: use `..=` for an inclusive range\n    |\n    = warning: this is accepted in the current edition (Rust 2015) but is a hard error in Rust 2021!\n    = note: for more information, see <https://doc.rust-lang.org/nightly/edition-guide/rust-2021/warnings-promoted-to-error.html>\n\nwarning: `...` range patterns are deprecated\n   --> regex-syntax/src/lib.rs:195:37\n    |\n195 |         b'_' | b'0' ... b'9' | b'a' ... b'z' | b'A' ... b'Z'  => true,\n    |                                     ^^^ help: use `..=` for an inclusive range\n    |\n    = warning: this is accepted in the current edition (Rust 2015) but is a hard error in Rust 2021!\n    = note: for more information, see <https://doc.rust-lang.org/nightly/edition-guide/rust-2021/warnings-promoted-to-error.html>\n\nwarning: `...` range patterns are deprecated\n   --> regex-syntax/src/lib.rs:195:53\n    |\n195 |         b'_' | b'0' ... b'9' | b'a' ... b'z' | b'A' ... b'Z'  => true,\n    |                                                     ^^^ help: use `..=` for an inclusive range\n    |\n    = warning: this is accepted in the current edition (Rust 2015) but is a hard error in Rust 2021!\n    = note: for more information, see <https://doc.rust-lang.org/nightly/edition-guide/rust-2021/warnings-promoted-to-error.html>\n\nwarning: unused import: `super::*`\n   --> regex-syntax/src/lib.rs:202:9\n    |\n202 |     use super::*;\n    |         ^^^^^^^^\n\nwarning: use of deprecated method `std::error::Error::description`: use the Display impl or to_string()\n  --> regex-syntax/src/error.rs:45:38\n   |\n45 |             Error::Parse(ref x) => x.description(),\n   |                                      ^^^^^^^^^^^\n   |\n   = note: `#[warn(deprecated)]` on by default\n\nwarning: use of deprecated method `std::error::Error::description`: use the Display impl or to_string()\n  --> regex-syntax/src/error.rs:46:42\n   |\n46 |             Error::Translate(ref x) => x.description(),\n   |                                          ^^^^^^^^^^^\n\nerror[E0425]: cannot find function `induct` in this scope\n   --> regex-syntax/src/hir/visitor.rs:244:18\n    |\n244 |     let result = induct(&mut hir);\n    |                  ^^^^^^ not found in this scope\n\nwarning: variable does not need to be mutable\n   --> regex-syntax/src/hir/literal/mod.rs:687:17\n    |\n687 |             let mut buf = &mut buf[..i];\n    |                 ----^^^\n    |                 |\n    |                 help: remove this `mut`\n    |\n    = note: `#[warn(unused_mut)]` on by default\n\nSome errors have detailed explanations: E0425, E0433.\nFor more information about an error, try `rustc --explain E0425`.\nwarning: `regex-syntax` (lib test) generated 19 warnings\nerror: could not compile `regex-syntax` (lib test) due to 2 previous errors; 19 warnings emitted\n"
                }
              ],
              "repaired": [
                false
              ]
            }
          ]
        }
      ]
    },
    {
      "chain_id": 7,
      "prompt_conds": [
        "// constraint: *hir.kind() matches HirKind::Repetition(ref x) is true\n",
        "// constraint: *hir.kind() matches HirKind::Repetition(ref x) is true\n",
        "// expected return value/type: Some(Frame::Repetition(x))\n"
      ],
      "input_infer": "",
      "answers": [
        {
          "uses": [],
          "has_test_mod": false,
          "common": [],
          "chain_tests": [
            {
              "attrs": [],
              "prefix": [],
              "oracles": [],
              "codes": [
                [
                  "{",
                  "    struct MockHir {",
                  "        kind: HirKind,",
                  "    }",
                  "",
                  "    enum HirKind {",
                  "        Repetition(Box<Repetition>),",
                  "        Group(Box<Group>),",
                  "        Concat(Vec<Box<Hir>>),",
                  "        Alternation(Vec<Box<Hir>>),",
                  "    }",
                  "",
                  "    struct Repetition {",
                  "        // fields for Repetition",
                  "    }",
                  "",
                  "    struct Group {",
                  "        // fields for Group",
                  "    }",
                  "",
                  "    struct Frame<'a> {",
                  "        kind: FrameKind<'a>,",
                  "    }",
                  "",
                  "    enum FrameKind<'a> {",
                  "        Repetition(&'a Repetition),",
                  "        Group(&'a Group),",
                  "        Concat { head: &'a Hir, tail: &'a [Hir] },",
                  "        Alternation { head: &'a Hir, tail: &'a [Hir] },",
                  "    }",
                  "",
                  "    impl MockHir {",
                  "        fn kind(&self) -> &HirKind {",
                  "            &self.kind",
                  "        }",
                  "    }",
                  "",
                  "    let repetition = Repetition { /* initialize fields */ };",
                  "    let hir = MockHir {",
                  "        kind: HirKind::Repetition(Box::new(repetition)),",
                  "    };",
                  "",
                  "    let mut dummy = ();",
                  "    let frame = induct(&mut dummy, &hir);",
                  "    assert!(frame.is_some());",
                  "    if let Some(Frame { kind }) = frame {",
                  "        match kind {",
                  "            FrameKind::Repetition(_) => assert!(true),",
                  "            _ => assert!(false, \"Expected FrameKind::Repetition\"),",
                  "        }",
                  "    }",
                  "}"
                ]
              ],
              "can_compile": [
                {
                  "Err": "warning: /home/abezbm/rust-utgen-test-crates-new/regex/regex-capi/Cargo.toml: no edition set: defaulting to the 2015 edition while the latest is 2021\nwarning: /home/abezbm/rust-utgen-test-crates-new/regex/regex-debug/Cargo.toml: no edition set: defaulting to the 2015 edition while the latest is 2021\nwarning: /home/abezbm/rust-utgen-test-crates-new/regex/regex-syntax/Cargo.toml: no edition set: defaulting to the 2015 edition while the latest is 2021\nwarning: /home/abezbm/rust-utgen-test-crates-new/regex/Cargo.toml: no edition set: defaulting to the 2015 edition while the latest is 2021\n   Compiling proc-macro2 v1.0.95\n   Compiling syn v1.0.109\n   Compiling quote v1.0.40\n   Compiling ntest_test_cases v0.9.3\n   Compiling ntest_timeout v0.9.3\n   Compiling ntest v0.9.3\n   Compiling regex-syntax v0.6.0 (/home/abezbm/rust-utgen-test-crates-new/regex/regex-syntax)\nwarning: `...` range patterns are deprecated\n    --> regex-syntax/src/ast/parse.rs:1445:16\n     |\n1445 |             '0'...'7' => {\n     |                ^^^ help: use `..=` for an inclusive range\n     |\n     = warning: this is accepted in the current edition (Rust 2015) but is a hard error in Rust 2021!\n     = note: for more information, see <https://doc.rust-lang.org/nightly/edition-guide/rust-2021/warnings-promoted-to-error.html>\n     = note: `#[warn(ellipsis_inclusive_range_patterns)]` on by default\n\nwarning: `...` range patterns are deprecated\n    --> regex-syntax/src/ast/parse.rs:1456:16\n     |\n1456 |             '8'...'9' if !self.parser().octal => {\n     |                ^^^ help: use `..=` for an inclusive range\n     |\n     = warning: this is accepted in the current edition (Rust 2015) but is a hard error in Rust 2021!\n     = note: for more information, see <https://doc.rust-lang.org/nightly/edition-guide/rust-2021/warnings-promoted-to-error.html>\n\nwarning: unused import: `Primitive`\n    --> regex-syntax/src/ast/parse.rs:2261:49\n     |\n2261 |     use super::{Parser, ParserI, ParserBuilder, Primitive};\n     |                                                 ^^^^^^^^^\n     |\n     = note: `#[warn(unused_imports)]` on by default\n\nwarning: unused macro definition: `assert_eq`\n    --> regex-syntax/src/ast/parse.rs:2265:18\n     |\n2265 |     macro_rules! assert_eq {\n     |                  ^^^^^^^^^\n     |\n     = note: `#[warn(unused_macros)]` on by default\n\nwarning: unused import: `super::*`\n    --> regex-syntax/src/ast/mod.rs:1482:9\n     |\n1482 |     use super::*;\n     |         ^^^^^^^^\n\nwarning: unused import: `ast::parse::Parser`\n   --> regex-syntax/src/error.rs:288:9\n    |\n288 |     use ast::parse::Parser;\n    |         ^^^^^^^^^^^^^^^^^^\n\nwarning: unused import: `ParserBuilder`\n    --> regex-syntax/src/hir/literal/mod.rs:1004:9\n     |\n1004 |     use ParserBuilder;\n     |         ^^^^^^^^^^^^^\n\nwarning: unused imports: `Position` and `self`\n    --> regex-syntax/src/hir/translate.rs:1094:15\n     |\n1094 |     use ast::{self, Ast, Position, Span};\n     |               ^^^^       ^^^^^^^^\n\nwarning: unused import: `ascii_class`\n    --> regex-syntax/src/hir/translate.rs:1099:36\n     |\n1099 |     use super::{TranslatorBuilder, ascii_class};\n     |                                    ^^^^^^^^^^^\n\nwarning: unused import: `ntest::timeout`\n   --> regex-syntax/src/hir/visitor.rs:226:8\n    |\n226 |    use ntest::timeout;\n    |        ^^^^^^^^^^^^^^\n\nwarning: unused imports: `contains_simple_case_mapping` and `simple_fold`\n   --> regex-syntax/src/unicode.rs:375:17\n    |\n375 |     use super::{contains_simple_case_mapping, simple_fold};\n    |                 ^^^^^^^^^^^^^^^^^^^^^^^^^^^^  ^^^^^^^^^^^\n\nwarning: `...` range patterns are deprecated\n   --> regex-syntax/src/lib.rs:195:21\n    |\n195 |         b'_' | b'0' ... b'9' | b'a' ... b'z' | b'A' ... b'Z'  => true,\n    |                     ^^^ help: use `..=` for an inclusive range\n    |\n    = warning: this is accepted in the current edition (Rust 2015) but is a hard error in Rust 2021!\n    = note: for more information, see <https://doc.rust-lang.org/nightly/edition-guide/rust-2021/warnings-promoted-to-error.html>\n\nwarning: `...` range patterns are deprecated\n   --> regex-syntax/src/lib.rs:195:37\n    |\n195 |         b'_' | b'0' ... b'9' | b'a' ... b'z' | b'A' ... b'Z'  => true,\n    |                                     ^^^ help: use `..=` for an inclusive range\n    |\n    = warning: this is accepted in the current edition (Rust 2015) but is a hard error in Rust 2021!\n    = note: for more information, see <https://doc.rust-lang.org/nightly/edition-guide/rust-2021/warnings-promoted-to-error.html>\n\nwarning: `...` range patterns are deprecated\n   --> regex-syntax/src/lib.rs:195:53\n    |\n195 |         b'_' | b'0' ... b'9' | b'a' ... b'z' | b'A' ... b'Z'  => true,\n    |                                                     ^^^ help: use `..=` for an inclusive range\n    |\n    = warning: this is accepted in the current edition (Rust 2015) but is a hard error in Rust 2021!\n    = note: for more information, see <https://doc.rust-lang.org/nightly/edition-guide/rust-2021/warnings-promoted-to-error.html>\n\nwarning: unused import: `super::*`\n   --> regex-syntax/src/lib.rs:202:9\n    |\n202 |     use super::*;\n    |         ^^^^^^^^\n\nwarning: use of deprecated method `std::error::Error::description`: use the Display impl or to_string()\n  --> regex-syntax/src/error.rs:45:38\n   |\n45 |             Error::Parse(ref x) => x.description(),\n   |                                      ^^^^^^^^^^^\n   |\n   = note: `#[warn(deprecated)]` on by default\n\nwarning: use of deprecated method `std::error::Error::description`: use the Display impl or to_string()\n  --> regex-syntax/src/error.rs:46:42\n   |\n46 |             Error::Translate(ref x) => x.description(),\n   |                                          ^^^^^^^^^^^\n\nerror[E0425]: cannot find function `induct` in this scope\n   --> regex-syntax/src/hir/visitor.rs:272:17\n    |\n272 |     let frame = induct(&mut dummy, &hir);\n    |                 ^^^^^^ not found in this scope\n\nwarning: variable does not need to be mutable\n   --> regex-syntax/src/hir/literal/mod.rs:687:17\n    |\n687 |             let mut buf = &mut buf[..i];\n    |                 ----^^^\n    |                 |\n    |                 help: remove this `mut`\n    |\n    = note: `#[warn(unused_mut)]` on by default\n\nFor more information about this error, try `rustc --explain E0425`.\nwarning: `regex-syntax` (lib test) generated 18 warnings\nerror: could not compile `regex-syntax` (lib test) due to 1 previous error; 18 warnings emitted\n"
                }
              ],
              "repaired": [
                false
              ]
            }
          ]
        }
      ]
    }
  ]
}