{
  "name": "regex_syntax::hir::visitor::hir::visitor::HeapVisitor<'a>::visit",
  "name_with_impl": "regex_syntax::hir::visitor::{impl#0}::visit",
  "mod_info": {
    "name": "hir::visitor",
    "loc": "regex-syntax/src/hir/mod.rs:30:1:30:13"
  },
  "visible": false,
  "loc": "regex-syntax/src/hir/visitor.rs:113:5:155:6",
  "fn_tests": [
    {
      "chain_id": 1,
      "prompt_conds": [
        "// constraint: visitor.visit_pre(hir)? is Err/None\n"
      ],
      "input_infer": "",
      "answers": [
        {
          "uses": [],
          "has_test_mod": false,
          "common": [
            "#[derive(Debug)]",
            "struct DummyVisitor {",
            "    should_err: bool,",
            "}",
            "",
            "impl DummyVisitor {",
            "    fn new(should_err: bool) -> Self {",
            "        Self { should_err }",
            "    }",
            "}",
            "",
            "impl Visitor for DummyVisitor {",
            "    type Output = ();",
            "    type Err = ();",
            "",
            "    fn start(&mut self) {}",
            "",
            "    fn visit_pre(&mut self, _: &Hir) -> Result<(), Self::Err> {",
            "        if self.should_err {",
            "            Err(())",
            "        } else {",
            "            Ok(())",
            "        }",
            "    }",
            "",
            "    fn finish(self) -> Result<Self::Output, Self::Err> {",
            "        Ok(())",
            "    }",
            "",
            "    fn visit_post(&mut self, _: &Hir) -> Result<(), Self::Err> {",
            "        Ok(())",
            "    }",
            "",
            "    fn visit_alternation_in(&mut self) -> Result<(), Self::Err> {",
            "        Ok(())",
            "    }",
            "}"
          ],
          "chain_tests": [
            {
              "attrs": [],
              "prefix": [],
              "oracles": [],
              "codes": [
                [
                  "{",
                  "    let mut visitor = DummyVisitor::new(true);",
                  "    let hir = Hir::new(); // Assuming Hir has a new() method implementation",
                  "    let mut stack = MyStack::new(); // Assuming MyStack is the struct that contains visit method",
                  "",
                  "    let result = stack.visit(&hir, visitor);",
                  "",
                  "    assert!(result.is_err());",
                  "}"
                ]
              ],
              "can_compile": [
                {
                  "Err": "warning: /home/abezbm/rust-utgen-test-crates-new/regex/regex-debug/Cargo.toml: no edition set: defaulting to the 2015 edition while the latest is 2021\nwarning: /home/abezbm/rust-utgen-test-crates-new/regex/regex-syntax/Cargo.toml: no edition set: defaulting to the 2015 edition while the latest is 2021\nwarning: /home/abezbm/rust-utgen-test-crates-new/regex/Cargo.toml: no edition set: defaulting to the 2015 edition while the latest is 2021\nwarning: /home/abezbm/rust-utgen-test-crates-new/regex/regex-capi/Cargo.toml: no edition set: defaulting to the 2015 edition while the latest is 2021\n   Compiling proc-macro2 v1.0.95\n   Compiling syn v1.0.109\n   Compiling quote v1.0.40\n   Compiling ntest_test_cases v0.9.3\n   Compiling ntest_timeout v0.9.3\n   Compiling ntest v0.9.3\n   Compiling regex-syntax v0.6.0 (/home/abezbm/rust-utgen-test-crates-new/regex/regex-syntax)\nwarning: `...` range patterns are deprecated\n    --> regex-syntax/src/ast/parse.rs:1445:16\n     |\n1445 |             '0'...'7' => {\n     |                ^^^ help: use `..=` for an inclusive range\n     |\n     = warning: this is accepted in the current edition (Rust 2015) but is a hard error in Rust 2021!\n     = note: for more information, see <https://doc.rust-lang.org/nightly/edition-guide/rust-2021/warnings-promoted-to-error.html>\n     = note: `#[warn(ellipsis_inclusive_range_patterns)]` on by default\n\nwarning: `...` range patterns are deprecated\n    --> regex-syntax/src/ast/parse.rs:1456:16\n     |\n1456 |             '8'...'9' if !self.parser().octal => {\n     |                ^^^ help: use `..=` for an inclusive range\n     |\n     = warning: this is accepted in the current edition (Rust 2015) but is a hard error in Rust 2021!\n     = note: for more information, see <https://doc.rust-lang.org/nightly/edition-guide/rust-2021/warnings-promoted-to-error.html>\n\nwarning: unused import: `Primitive`\n    --> regex-syntax/src/ast/parse.rs:2261:49\n     |\n2261 |     use super::{Parser, ParserI, ParserBuilder, Primitive};\n     |                                                 ^^^^^^^^^\n     |\n     = note: `#[warn(unused_imports)]` on by default\n\nwarning: unused macro definition: `assert_eq`\n    --> regex-syntax/src/ast/parse.rs:2265:18\n     |\n2265 |     macro_rules! assert_eq {\n     |                  ^^^^^^^^^\n     |\n     = note: `#[warn(unused_macros)]` on by default\n\nwarning: unused import: `super::*`\n    --> regex-syntax/src/ast/mod.rs:1482:9\n     |\n1482 |     use super::*;\n     |         ^^^^^^^^\n\nwarning: unused import: `ast::parse::Parser`\n   --> regex-syntax/src/error.rs:288:9\n    |\n288 |     use ast::parse::Parser;\n    |         ^^^^^^^^^^^^^^^^^^\n\nwarning: unused import: `ParserBuilder`\n    --> regex-syntax/src/hir/literal/mod.rs:1004:9\n     |\n1004 |     use ParserBuilder;\n     |         ^^^^^^^^^^^^^\n\nwarning: unused imports: `Position` and `self`\n    --> regex-syntax/src/hir/translate.rs:1094:15\n     |\n1094 |     use ast::{self, Ast, Position, Span};\n     |               ^^^^       ^^^^^^^^\n\nwarning: unused import: `ascii_class`\n    --> regex-syntax/src/hir/translate.rs:1099:36\n     |\n1099 |     use super::{TranslatorBuilder, ascii_class};\n     |                                    ^^^^^^^^^^^\n\nwarning: unused import: `ntest::timeout`\n   --> regex-syntax/src/hir/visitor.rs:226:8\n    |\n226 |    use ntest::timeout;\n    |        ^^^^^^^^^^^^^^\n\nwarning: unused imports: `contains_simple_case_mapping` and `simple_fold`\n   --> regex-syntax/src/unicode.rs:375:17\n    |\n375 |     use super::{contains_simple_case_mapping, simple_fold};\n    |                 ^^^^^^^^^^^^^^^^^^^^^^^^^^^^  ^^^^^^^^^^^\n\nwarning: `...` range patterns are deprecated\n   --> regex-syntax/src/lib.rs:195:21\n    |\n195 |         b'_' | b'0' ... b'9' | b'a' ... b'z' | b'A' ... b'Z'  => true,\n    |                     ^^^ help: use `..=` for an inclusive range\n    |\n    = warning: this is accepted in the current edition (Rust 2015) but is a hard error in Rust 2021!\n    = note: for more information, see <https://doc.rust-lang.org/nightly/edition-guide/rust-2021/warnings-promoted-to-error.html>\n\nwarning: `...` range patterns are deprecated\n   --> regex-syntax/src/lib.rs:195:37\n    |\n195 |         b'_' | b'0' ... b'9' | b'a' ... b'z' | b'A' ... b'Z'  => true,\n    |                                     ^^^ help: use `..=` for an inclusive range\n    |\n    = warning: this is accepted in the current edition (Rust 2015) but is a hard error in Rust 2021!\n    = note: for more information, see <https://doc.rust-lang.org/nightly/edition-guide/rust-2021/warnings-promoted-to-error.html>\n\nwarning: `...` range patterns are deprecated\n   --> regex-syntax/src/lib.rs:195:53\n    |\n195 |         b'_' | b'0' ... b'9' | b'a' ... b'z' | b'A' ... b'Z'  => true,\n    |                                                     ^^^ help: use `..=` for an inclusive range\n    |\n    = warning: this is accepted in the current edition (Rust 2015) but is a hard error in Rust 2021!\n    = note: for more information, see <https://doc.rust-lang.org/nightly/edition-guide/rust-2021/warnings-promoted-to-error.html>\n\nwarning: unused import: `super::*`\n   --> regex-syntax/src/lib.rs:202:9\n    |\n202 |     use super::*;\n    |         ^^^^^^^^\n\nwarning: use of deprecated method `std::error::Error::description`: use the Display impl or to_string()\n  --> regex-syntax/src/error.rs:45:38\n   |\n45 |             Error::Parse(ref x) => x.description(),\n   |                                      ^^^^^^^^^^^\n   |\n   = note: `#[warn(deprecated)]` on by default\n\nwarning: use of deprecated method `std::error::Error::description`: use the Display impl or to_string()\n  --> regex-syntax/src/error.rs:46:42\n   |\n46 |             Error::Translate(ref x) => x.description(),\n   |                                          ^^^^^^^^^^^\n\nerror[E0599]: no function or associated item named `new` found for struct `hir::Hir` in the current scope\n   --> regex-syntax/src/hir/visitor.rs:269:20\n    |\n269 |     let hir = Hir::new(); // Assuming Hir has a new() method implementation\n    |                    ^^^ function or associated item not found in `hir::Hir`\n    |\n   ::: regex-syntax/src/hir/mod.rs:161:1\n    |\n161 | pub struct Hir {\n    | -------------- function or associated item `new` not found for this struct\n    |\nnote: if you're trying to build a new `hir::Hir` consider using one of the following associated functions:\n      hir::Hir::empty\n      hir::Hir::literal\n      hir::Hir::class\n      hir::Hir::anchor\n      and 7 others\n   --> regex-syntax/src/hir/mod.rs:219:5\n    |\n219 |     pub fn empty() -> Hir {\n    |     ^^^^^^^^^^^^^^^^^^^^^\n...\n239 |     pub fn literal(lit: Literal) -> Hir {\n    |     ^^^^^^^^^^^^^^^^^^^^^^^^^^^^^^^^^^^\n...\n259 |     pub fn class(class: Class) -> Hir {\n    |     ^^^^^^^^^^^^^^^^^^^^^^^^^^^^^^^^^\n...\n275 |     pub fn anchor(anchor: Anchor) -> Hir {\n    |     ^^^^^^^^^^^^^^^^^^^^^^^^^^^^^^^^^^^^\nhelp: there is a method `ne` with a similar name, but with different arguments\n   --> /home/abezbm/.rustup/toolchains/nightly-2024-07-21-x86_64-unknown-linux-gnu/lib/rustlib/src/rust/library/core/src/cmp.rs:262:5\n    |\n262 |     fn ne(&self, other: &Rhs) -> bool {\n    |     ^^^^^^^^^^^^^^^^^^^^^^^^^^^^^^^^^\n\nerror[E0433]: failed to resolve: use of undeclared type `MyStack`\n   --> regex-syntax/src/hir/visitor.rs:270:21\n    |\n270 |     let mut stack = MyStack::new(); // Assuming MyStack is the struct that contains visit method\n    |                     ^^^^^^^ use of undeclared type `MyStack`\n\nwarning: variable does not need to be mutable\n   --> regex-syntax/src/hir/literal/mod.rs:687:17\n    |\n687 |             let mut buf = &mut buf[..i];\n    |                 ----^^^\n    |                 |\n    |                 help: remove this `mut`\n    |\n    = note: `#[warn(unused_mut)]` on by default\n\nSome errors have detailed explanations: E0433, E0599.\nFor more information about an error, try `rustc --explain E0433`.\nwarning: `regex-syntax` (lib test) generated 18 warnings\nerror: could not compile `regex-syntax` (lib test) due to 2 previous errors; 18 warnings emitted\n"
                }
              ],
              "repaired": [
                false
              ]
            },
            {
              "attrs": [],
              "prefix": [],
              "oracles": [],
              "codes": [
                [
                  "{",
                  "    let mut visitor = DummyVisitor::new(false);",
                  "    let hir = Hir::new(); // Assuming Hir has a new() method implementation",
                  "    let mut stack = MyStack::new(); // Assuming MyStack is the struct that contains visit method",
                  "",
                  "    let result = stack.visit(&hir, visitor);",
                  "",
                  "    assert!(result.is_ok());",
                  "}"
                ]
              ],
              "can_compile": [
                {
                  "Err": "warning: /home/abezbm/rust-utgen-test-crates-new/regex/regex-syntax/Cargo.toml: no edition set: defaulting to the 2015 edition while the latest is 2021\nwarning: /home/abezbm/rust-utgen-test-crates-new/regex/regex-debug/Cargo.toml: no edition set: defaulting to the 2015 edition while the latest is 2021\nwarning: /home/abezbm/rust-utgen-test-crates-new/regex/regex-capi/Cargo.toml: no edition set: defaulting to the 2015 edition while the latest is 2021\nwarning: /home/abezbm/rust-utgen-test-crates-new/regex/Cargo.toml: no edition set: defaulting to the 2015 edition while the latest is 2021\n   Compiling proc-macro2 v1.0.95\n   Compiling syn v1.0.109\n   Compiling quote v1.0.40\n   Compiling ntest_test_cases v0.9.3\n   Compiling ntest_timeout v0.9.3\n   Compiling ntest v0.9.3\n   Compiling regex-syntax v0.6.0 (/home/abezbm/rust-utgen-test-crates-new/regex/regex-syntax)\nwarning: `...` range patterns are deprecated\n    --> regex-syntax/src/ast/parse.rs:1445:16\n     |\n1445 |             '0'...'7' => {\n     |                ^^^ help: use `..=` for an inclusive range\n     |\n     = warning: this is accepted in the current edition (Rust 2015) but is a hard error in Rust 2021!\n     = note: for more information, see <https://doc.rust-lang.org/nightly/edition-guide/rust-2021/warnings-promoted-to-error.html>\n     = note: `#[warn(ellipsis_inclusive_range_patterns)]` on by default\n\nwarning: `...` range patterns are deprecated\n    --> regex-syntax/src/ast/parse.rs:1456:16\n     |\n1456 |             '8'...'9' if !self.parser().octal => {\n     |                ^^^ help: use `..=` for an inclusive range\n     |\n     = warning: this is accepted in the current edition (Rust 2015) but is a hard error in Rust 2021!\n     = note: for more information, see <https://doc.rust-lang.org/nightly/edition-guide/rust-2021/warnings-promoted-to-error.html>\n\nwarning: unused import: `Primitive`\n    --> regex-syntax/src/ast/parse.rs:2261:49\n     |\n2261 |     use super::{Parser, ParserI, ParserBuilder, Primitive};\n     |                                                 ^^^^^^^^^\n     |\n     = note: `#[warn(unused_imports)]` on by default\n\nwarning: unused macro definition: `assert_eq`\n    --> regex-syntax/src/ast/parse.rs:2265:18\n     |\n2265 |     macro_rules! assert_eq {\n     |                  ^^^^^^^^^\n     |\n     = note: `#[warn(unused_macros)]` on by default\n\nwarning: unused import: `super::*`\n    --> regex-syntax/src/ast/mod.rs:1482:9\n     |\n1482 |     use super::*;\n     |         ^^^^^^^^\n\nwarning: unused import: `ast::parse::Parser`\n   --> regex-syntax/src/error.rs:288:9\n    |\n288 |     use ast::parse::Parser;\n    |         ^^^^^^^^^^^^^^^^^^\n\nwarning: unused import: `ParserBuilder`\n    --> regex-syntax/src/hir/literal/mod.rs:1004:9\n     |\n1004 |     use ParserBuilder;\n     |         ^^^^^^^^^^^^^\n\nwarning: unused imports: `Position` and `self`\n    --> regex-syntax/src/hir/translate.rs:1094:15\n     |\n1094 |     use ast::{self, Ast, Position, Span};\n     |               ^^^^       ^^^^^^^^\n\nwarning: unused import: `ascii_class`\n    --> regex-syntax/src/hir/translate.rs:1099:36\n     |\n1099 |     use super::{TranslatorBuilder, ascii_class};\n     |                                    ^^^^^^^^^^^\n\nwarning: unused import: `ntest::timeout`\n   --> regex-syntax/src/hir/visitor.rs:226:8\n    |\n226 |    use ntest::timeout;\n    |        ^^^^^^^^^^^^^^\n\nwarning: unused imports: `contains_simple_case_mapping` and `simple_fold`\n   --> regex-syntax/src/unicode.rs:375:17\n    |\n375 |     use super::{contains_simple_case_mapping, simple_fold};\n    |                 ^^^^^^^^^^^^^^^^^^^^^^^^^^^^  ^^^^^^^^^^^\n\nwarning: `...` range patterns are deprecated\n   --> regex-syntax/src/lib.rs:195:21\n    |\n195 |         b'_' | b'0' ... b'9' | b'a' ... b'z' | b'A' ... b'Z'  => true,\n    |                     ^^^ help: use `..=` for an inclusive range\n    |\n    = warning: this is accepted in the current edition (Rust 2015) but is a hard error in Rust 2021!\n    = note: for more information, see <https://doc.rust-lang.org/nightly/edition-guide/rust-2021/warnings-promoted-to-error.html>\n\nwarning: `...` range patterns are deprecated\n   --> regex-syntax/src/lib.rs:195:37\n    |\n195 |         b'_' | b'0' ... b'9' | b'a' ... b'z' | b'A' ... b'Z'  => true,\n    |                                     ^^^ help: use `..=` for an inclusive range\n    |\n    = warning: this is accepted in the current edition (Rust 2015) but is a hard error in Rust 2021!\n    = note: for more information, see <https://doc.rust-lang.org/nightly/edition-guide/rust-2021/warnings-promoted-to-error.html>\n\nwarning: `...` range patterns are deprecated\n   --> regex-syntax/src/lib.rs:195:53\n    |\n195 |         b'_' | b'0' ... b'9' | b'a' ... b'z' | b'A' ... b'Z'  => true,\n    |                                                     ^^^ help: use `..=` for an inclusive range\n    |\n    = warning: this is accepted in the current edition (Rust 2015) but is a hard error in Rust 2021!\n    = note: for more information, see <https://doc.rust-lang.org/nightly/edition-guide/rust-2021/warnings-promoted-to-error.html>\n\nwarning: unused import: `super::*`\n   --> regex-syntax/src/lib.rs:202:9\n    |\n202 |     use super::*;\n    |         ^^^^^^^^\n\nwarning: use of deprecated method `std::error::Error::description`: use the Display impl or to_string()\n  --> regex-syntax/src/error.rs:45:38\n   |\n45 |             Error::Parse(ref x) => x.description(),\n   |                                      ^^^^^^^^^^^\n   |\n   = note: `#[warn(deprecated)]` on by default\n\nwarning: use of deprecated method `std::error::Error::description`: use the Display impl or to_string()\n  --> regex-syntax/src/error.rs:46:42\n   |\n46 |             Error::Translate(ref x) => x.description(),\n   |                                          ^^^^^^^^^^^\n\nerror[E0599]: no function or associated item named `new` found for struct `hir::Hir` in the current scope\n   --> regex-syntax/src/hir/visitor.rs:269:20\n    |\n269 |     let hir = Hir::new(); // Assuming Hir has a new() method implementation\n    |                    ^^^ function or associated item not found in `hir::Hir`\n    |\n   ::: regex-syntax/src/hir/mod.rs:161:1\n    |\n161 | pub struct Hir {\n    | -------------- function or associated item `new` not found for this struct\n    |\nnote: if you're trying to build a new `hir::Hir` consider using one of the following associated functions:\n      hir::Hir::empty\n      hir::Hir::literal\n      hir::Hir::class\n      hir::Hir::anchor\n      and 7 others\n   --> regex-syntax/src/hir/mod.rs:219:5\n    |\n219 |     pub fn empty() -> Hir {\n    |     ^^^^^^^^^^^^^^^^^^^^^\n...\n239 |     pub fn literal(lit: Literal) -> Hir {\n    |     ^^^^^^^^^^^^^^^^^^^^^^^^^^^^^^^^^^^\n...\n259 |     pub fn class(class: Class) -> Hir {\n    |     ^^^^^^^^^^^^^^^^^^^^^^^^^^^^^^^^^\n...\n275 |     pub fn anchor(anchor: Anchor) -> Hir {\n    |     ^^^^^^^^^^^^^^^^^^^^^^^^^^^^^^^^^^^^\nhelp: there is a method `ne` with a similar name, but with different arguments\n   --> /home/abezbm/.rustup/toolchains/nightly-2024-07-21-x86_64-unknown-linux-gnu/lib/rustlib/src/rust/library/core/src/cmp.rs:262:5\n    |\n262 |     fn ne(&self, other: &Rhs) -> bool {\n    |     ^^^^^^^^^^^^^^^^^^^^^^^^^^^^^^^^^\n\nerror[E0433]: failed to resolve: use of undeclared type `MyStack`\n   --> regex-syntax/src/hir/visitor.rs:270:21\n    |\n270 |     let mut stack = MyStack::new(); // Assuming MyStack is the struct that contains visit method\n    |                     ^^^^^^^ use of undeclared type `MyStack`\n\nwarning: variable does not need to be mutable\n   --> regex-syntax/src/hir/literal/mod.rs:687:17\n    |\n687 |             let mut buf = &mut buf[..i];\n    |                 ----^^^\n    |                 |\n    |                 help: remove this `mut`\n    |\n    = note: `#[warn(unused_mut)]` on by default\n\nSome errors have detailed explanations: E0433, E0599.\nFor more information about an error, try `rustc --explain E0433`.\nwarning: `regex-syntax` (lib test) generated 18 warnings\nerror: could not compile `regex-syntax` (lib test) due to 2 previous errors; 18 warnings emitted\n"
                }
              ],
              "repaired": [
                false
              ]
            }
          ]
        }
      ]
    },
    {
      "chain_id": 2,
      "prompt_conds": [
        "// constraint: visitor.visit_pre(hir)? is Ok/Some\n",
        "// constraint: let Some(x) = self.induct(hir) is true\n",
        "// constraint: visitor.visit_post(hir)? is Err/None\n"
      ],
      "input_infer": "",
      "answers": [
        {
          "uses": [],
          "has_test_mod": false,
          "common": [
            "#[derive(Debug)]",
            "struct TestVisitor {",
            "    visited_count: usize,",
            "}",
            "",
            "impl TestVisitor {",
            "    fn new() -> Self {",
            "        TestVisitor { visited_count: 0 }",
            "    }",
            "}",
            "",
            "impl Visitor for TestVisitor {",
            "    type Output = usize;",
            "    type Err = ();",
            "    ",
            "    fn start(&mut self) { }",
            "",
            "    fn visit_pre(&mut self, _: &Hir) -> Result<(), Self::Err> {",
            "        self.visited_count += 1;",
            "        Ok(())",
            "    }",
            "",
            "    fn visit_post(&mut self, _: &Hir) -> Result<(), Self::Err> {",
            "        Err(())",
            "    }",
            "",
            "    fn finish(mut self) -> Result<Self::Output, Self::Err> {",
            "        Ok(self.visited_count)",
            "    }",
            "",
            "    fn visit_alternation_in(&mut self) -> Result<(), Self::Err> {",
            "        Ok(())",
            "    }",
            "}",
            "",
            "#[derive(Debug)]",
            "struct TestHir;",
            "",
            "struct TestInduct<'a> {",
            "    hir: &'a TestHir,",
            "    called: bool,",
            "}",
            "",
            "impl<'a> TestInduct<'a> {",
            "    fn child(&self) -> &'a TestHir {",
            "        self.hir",
            "    }",
            "}",
            "",
            "#[derive(Debug)]",
            "struct TestStack {",
            "    induct: Option<TestInduct<'static>>,",
            "}",
            "",
            "impl TestStack {",
            "    fn clear(&mut self) {",
            "        self.induct = None;",
            "    }",
            "",
            "    fn induct(&mut self, _: &TestHir) -> Option<TestInduct<'static>> {",
            "        if self.induct.is_none() {",
            "            self.induct = Some(TestInduct { hir: &TestHir, called: true });",
            "        }",
            "        self.induct.clone()",
            "    }",
            "",
            "    fn pop(&mut self, _: TestInduct<'static>) -> Option<TestInduct<'static>> {",
            "        self.induct.take()",
            "    }",
            "}"
          ],
          "chain_tests": [
            {
              "attrs": [],
              "prefix": [],
              "oracles": [],
              "codes": [
                [
                  "{",
                  "    let mut stack = TestStack { induct: None };",
                  "    let mut visitor = TestVisitor::new();",
                  "    let hir = &TestHir;",
                  "",
                  "    let result = visit(&mut stack, hir, visitor);",
                  "",
                  "    assert_eq!(result.is_err(), true);",
                  "}"
                ]
              ],
              "can_compile": [
                {
                  "Err": "warning: /home/abezbm/rust-utgen-test-crates-new/regex/regex-capi/Cargo.toml: no edition set: defaulting to the 2015 edition while the latest is 2021\nwarning: /home/abezbm/rust-utgen-test-crates-new/regex/regex-syntax/Cargo.toml: no edition set: defaulting to the 2015 edition while the latest is 2021\nwarning: /home/abezbm/rust-utgen-test-crates-new/regex/regex-debug/Cargo.toml: no edition set: defaulting to the 2015 edition while the latest is 2021\nwarning: /home/abezbm/rust-utgen-test-crates-new/regex/Cargo.toml: no edition set: defaulting to the 2015 edition while the latest is 2021\n   Compiling proc-macro2 v1.0.95\n   Compiling syn v1.0.109\n   Compiling quote v1.0.40\n   Compiling ntest_test_cases v0.9.3\n   Compiling ntest_timeout v0.9.3\n   Compiling ntest v0.9.3\n   Compiling regex-syntax v0.6.0 (/home/abezbm/rust-utgen-test-crates-new/regex/regex-syntax)\nwarning: `...` range patterns are deprecated\n    --> regex-syntax/src/ast/parse.rs:1445:16\n     |\n1445 |             '0'...'7' => {\n     |                ^^^ help: use `..=` for an inclusive range\n     |\n     = warning: this is accepted in the current edition (Rust 2015) but is a hard error in Rust 2021!\n     = note: for more information, see <https://doc.rust-lang.org/nightly/edition-guide/rust-2021/warnings-promoted-to-error.html>\n     = note: `#[warn(ellipsis_inclusive_range_patterns)]` on by default\n\nwarning: `...` range patterns are deprecated\n    --> regex-syntax/src/ast/parse.rs:1456:16\n     |\n1456 |             '8'...'9' if !self.parser().octal => {\n     |                ^^^ help: use `..=` for an inclusive range\n     |\n     = warning: this is accepted in the current edition (Rust 2015) but is a hard error in Rust 2021!\n     = note: for more information, see <https://doc.rust-lang.org/nightly/edition-guide/rust-2021/warnings-promoted-to-error.html>\n\nwarning: unused import: `Primitive`\n    --> regex-syntax/src/ast/parse.rs:2261:49\n     |\n2261 |     use super::{Parser, ParserI, ParserBuilder, Primitive};\n     |                                                 ^^^^^^^^^\n     |\n     = note: `#[warn(unused_imports)]` on by default\n\nwarning: unused macro definition: `assert_eq`\n    --> regex-syntax/src/ast/parse.rs:2265:18\n     |\n2265 |     macro_rules! assert_eq {\n     |                  ^^^^^^^^^\n     |\n     = note: `#[warn(unused_macros)]` on by default\n\nwarning: unused import: `super::*`\n    --> regex-syntax/src/ast/mod.rs:1482:9\n     |\n1482 |     use super::*;\n     |         ^^^^^^^^\n\nwarning: unused import: `ast::parse::Parser`\n   --> regex-syntax/src/error.rs:288:9\n    |\n288 |     use ast::parse::Parser;\n    |         ^^^^^^^^^^^^^^^^^^\n\nwarning: unused import: `ParserBuilder`\n    --> regex-syntax/src/hir/literal/mod.rs:1004:9\n     |\n1004 |     use ParserBuilder;\n     |         ^^^^^^^^^^^^^\n\nwarning: unused imports: `Position` and `self`\n    --> regex-syntax/src/hir/translate.rs:1094:15\n     |\n1094 |     use ast::{self, Ast, Position, Span};\n     |               ^^^^       ^^^^^^^^\n\nwarning: unused import: `ascii_class`\n    --> regex-syntax/src/hir/translate.rs:1099:36\n     |\n1099 |     use super::{TranslatorBuilder, ascii_class};\n     |                                    ^^^^^^^^^^^\n\nwarning: unused import: `ntest::timeout`\n   --> regex-syntax/src/hir/visitor.rs:226:8\n    |\n226 |    use ntest::timeout;\n    |        ^^^^^^^^^^^^^^\n\nwarning: unused imports: `contains_simple_case_mapping` and `simple_fold`\n   --> regex-syntax/src/unicode.rs:375:17\n    |\n375 |     use super::{contains_simple_case_mapping, simple_fold};\n    |                 ^^^^^^^^^^^^^^^^^^^^^^^^^^^^  ^^^^^^^^^^^\n\nwarning: `...` range patterns are deprecated\n   --> regex-syntax/src/lib.rs:195:21\n    |\n195 |         b'_' | b'0' ... b'9' | b'a' ... b'z' | b'A' ... b'Z'  => true,\n    |                     ^^^ help: use `..=` for an inclusive range\n    |\n    = warning: this is accepted in the current edition (Rust 2015) but is a hard error in Rust 2021!\n    = note: for more information, see <https://doc.rust-lang.org/nightly/edition-guide/rust-2021/warnings-promoted-to-error.html>\n\nwarning: `...` range patterns are deprecated\n   --> regex-syntax/src/lib.rs:195:37\n    |\n195 |         b'_' | b'0' ... b'9' | b'a' ... b'z' | b'A' ... b'Z'  => true,\n    |                                     ^^^ help: use `..=` for an inclusive range\n    |\n    = warning: this is accepted in the current edition (Rust 2015) but is a hard error in Rust 2021!\n    = note: for more information, see <https://doc.rust-lang.org/nightly/edition-guide/rust-2021/warnings-promoted-to-error.html>\n\nwarning: `...` range patterns are deprecated\n   --> regex-syntax/src/lib.rs:195:53\n    |\n195 |         b'_' | b'0' ... b'9' | b'a' ... b'z' | b'A' ... b'Z'  => true,\n    |                                                     ^^^ help: use `..=` for an inclusive range\n    |\n    = warning: this is accepted in the current edition (Rust 2015) but is a hard error in Rust 2021!\n    = note: for more information, see <https://doc.rust-lang.org/nightly/edition-guide/rust-2021/warnings-promoted-to-error.html>\n\nwarning: unused import: `super::*`\n   --> regex-syntax/src/lib.rs:202:9\n    |\n202 |     use super::*;\n    |         ^^^^^^^^\n\nwarning: use of deprecated method `std::error::Error::description`: use the Display impl or to_string()\n  --> regex-syntax/src/error.rs:45:38\n   |\n45 |             Error::Parse(ref x) => x.description(),\n   |                                      ^^^^^^^^^^^\n   |\n   = note: `#[warn(deprecated)]` on by default\n\nwarning: use of deprecated method `std::error::Error::description`: use the Display impl or to_string()\n  --> regex-syntax/src/error.rs:46:42\n   |\n46 |             Error::Translate(ref x) => x.description(),\n   |                                          ^^^^^^^^^^^\n\nerror[E0277]: `TestInduct<'static>` doesn't implement `Debug`\n   --> regex-syntax/src/hir/visitor.rs:278:5\n    |\n276 | #[derive(Debug)]\n    |          ----- in this derive macro expansion\n277 | struct TestStack {\n278 |     induct: Option<TestInduct<'static>>,\n    |     ^^^^^^^^^^^^^^^^^^^^^^^^^^^^^^^^^^^ `TestInduct<'static>` cannot be formatted using `{:?}`\n    |\n    = help: the trait `Debug` is not implemented for `TestInduct<'static>`, which is required by `&Option<TestInduct<'static>>: Debug`\n    = note: add `#[derive(Debug)]` to `TestInduct<'static>` or manually `impl Debug for TestInduct<'static>`\n    = help: the trait `Debug` is implemented for `Option<T>`\n    = note: this error originates in the derive macro `Debug` (in Nightly builds, run with -Z macro-backtrace for more info)\nhelp: consider annotating `TestInduct<'static>` with `#[derive(Debug)]`\n    |\n265 + #[derive(Debug)]\n266 | struct TestInduct<'a> {\n    |\n\nerror[E0599]: the method `clone` exists for enum `Option<TestInduct<'static>>`, but its trait bounds were not satisfied\n   --> regex-syntax/src/hir/visitor.rs:290:21\n    |\n265 | struct TestInduct<'a> {\n    | --------------------- doesn't satisfy `TestInduct<'_>: Clone`\n...\n290 |         self.induct.clone()\n    |                     ^^^^^ method cannot be called on `Option<TestInduct<'static>>` due to unsatisfied trait bounds\n    |\n   ::: /home/abezbm/.rustup/toolchains/nightly-2024-07-21-x86_64-unknown-linux-gnu/lib/rustlib/src/rust/library/core/src/option.rs:574:1\n    |\n574 | pub enum Option<T> {\n    | ------------------ doesn't satisfy `Option<TestInduct<'_>>: Clone`\n    |\n    = note: the following trait bounds were not satisfied:\n            `TestInduct<'_>: Clone`\n            which is required by `Option<TestInduct<'_>>: Clone`\nhelp: consider annotating `TestInduct<'_>` with `#[derive(Clone)]`\n    |\n265 + #[derive(Clone)]\n266 | struct TestInduct<'a> {\n    |\n\nerror[E0277]: the trait bound `&TestHir: hir::visitor::Visitor` is not satisfied\n   --> regex-syntax/src/hir/visitor.rs:305:36\n    |\n305 |     let result = visit(&mut stack, hir, visitor);\n    |                  -----             ^^^ the trait `hir::visitor::Visitor` is not implemented for `&TestHir`\n    |                  |\n    |                  required by a bound introduced by this call\n    |\n    = help: the trait `hir::visitor::Visitor` is implemented for `TestVisitor`\nnote: required by a bound in `hir::visitor::visit`\n   --> regex-syntax/src/hir/visitor.rs:69:17\n    |\n69  | pub fn visit<V: Visitor>(hir: &Hir, visitor: V) -> Result<V::Output, V::Err> {\n    |                 ^^^^^^^ required by this bound in `visit`\n\nerror[E0061]: this function takes 2 arguments but 3 arguments were supplied\n   --> regex-syntax/src/hir/visitor.rs:305:18\n    |\n305 |     let result = visit(&mut stack, hir, visitor);\n    |                  ^^^^^ ----------       ------- unexpected argument #3 of type `TestVisitor`\n    |                        |\n    |                        expected `&Hir`, found `&mut TestStack`\n    |\n    = note:      expected reference `&hir::Hir`\n            found mutable reference `&mut TestStack`\nnote: function defined here\n   --> regex-syntax/src/hir/visitor.rs:69:8\n    |\n69  | pub fn visit<V: Visitor>(hir: &Hir, visitor: V) -> Result<V::Output, V::Err> {\n    |        ^^^^^             ---------  ----------\nhelp: remove the extra argument\n    |\n305 -     let result = visit(&mut stack, hir, visitor);\n305 +     let result = visit(/* &hir::Hir */, hir);\n    |\n\nerror[E0277]: the trait bound `&TestHir: hir::visitor::Visitor` is not satisfied\n   --> regex-syntax/src/hir/visitor.rs:305:18\n    |\n305 |     let result = visit(&mut stack, hir, visitor);\n    |                  ^^^^^^^^^^^^^^^^^^^^^^^^^^^^^^^ the trait `hir::visitor::Visitor` is not implemented for `&TestHir`\n    |\n    = help: the trait `hir::visitor::Visitor` is implemented for `TestVisitor`\n\nwarning: variable does not need to be mutable\n   --> regex-syntax/src/hir/literal/mod.rs:687:17\n    |\n687 |             let mut buf = &mut buf[..i];\n    |                 ----^^^\n    |                 |\n    |                 help: remove this `mut`\n    |\n    = note: `#[warn(unused_mut)]` on by default\n\nwarning: variable does not need to be mutable\n   --> regex-syntax/src/hir/visitor.rs:253:15\n    |\n253 |     fn finish(mut self) -> Result<Self::Output, Self::Err> {\n    |               ----^^^^\n    |               |\n    |               help: remove this `mut`\n\nSome errors have detailed explanations: E0061, E0277, E0599.\nFor more information about an error, try `rustc --explain E0061`.\nwarning: `regex-syntax` (lib test) generated 19 warnings\nerror: could not compile `regex-syntax` (lib test) due to 5 previous errors; 19 warnings emitted\n"
                }
              ],
              "repaired": [
                false
              ]
            }
          ]
        }
      ]
    },
    {
      "chain_id": 3,
      "prompt_conds": [
        "// constraint: visitor.visit_pre(hir)? is Ok/Some\n",
        "// constraint: let Some(x) = self.induct(hir) is true\n",
        "// constraint: visitor.visit_post(hir)? is Ok/Some\n",
        "// constraint: self.stack.pop() matches Some((post_hir, frame)) is true\n",
        "// constraint: let Some(x) = self.pop(frame) is true\n",
        "// constraint: visitor.visit_post(post_hir)? is Err/None\n"
      ],
      "input_infer": "",
      "answers": [
        {
          "uses": [],
          "has_test_mod": false,
          "common": [],
          "chain_tests": [
            {
              "attrs": [],
              "prefix": [],
              "oracles": [],
              "codes": [
                [
                  "{",
                  "    struct TestVisitor {",
                  "        output: Vec<u32>,",
                  "        err: Option<String>,",
                  "    }",
                  "",
                  "    impl TestVisitor {",
                  "        fn new() -> Self {",
                  "            Self {",
                  "                output: vec![],",
                  "                err: None,",
                  "            }",
                  "        }",
                  "    }",
                  "",
                  "    impl Visitor for TestVisitor {",
                  "        type Output = Vec<u32>;",
                  "        type Err = String;",
                  "",
                  "        fn start(&mut self) {}",
                  "",
                  "        fn visit_pre(&mut self, _hir: &Hir) -> Result<(), Self::Err> {",
                  "            self.output.push(1);",
                  "            Ok(())",
                  "        }",
                  "",
                  "        fn visit_post(&mut self, _hir: &Hir) -> Result<(), Self::Err> {",
                  "            self.output.push(2);",
                  "            Ok(())",
                  "        }",
                  "",
                  "        fn visit_alternation_in(&mut self) -> Result<(), Self::Err> {",
                  "            self.output.push(3);",
                  "            Ok(())",
                  "        }",
                  "",
                  "        fn finish(self) -> Result<Self::Output, Self::Err> {",
                  "            if self.err.is_none() {",
                  "                Ok(self.output)",
                  "            } else {",
                  "                Err(self.err.unwrap())",
                  "            }",
                  "        }",
                  "    }",
                  "",
                  "    struct TestInduct {",
                  "        count: usize,",
                  "    }",
                  "",
                  "    impl TestInduct {",
                  "        fn new(count: usize) -> Self {",
                  "            Self { count }",
                  "        }",
                  "",
                  "        fn induct(&self, _hir: &Hir) -> Option<(Frame, &Hir)> {",
                  "            if self.count > 0 {",
                  "                Some((Frame::Alternation {}, &Hir {}))",
                  "            } else {",
                  "                None",
                  "            }",
                  "        }",
                  "",
                  "        fn pop(&self, _frame: Frame) -> Option<Frame> {",
                  "            Some(Frame::Alternation {})",
                  "        }",
                  "    }",
                  "",
                  "    let mut test_induct = TestInduct::new(1);",
                  "    let hir = &Hir {};",
                  "    let mut visitor = TestVisitor::new();",
                  "    ",
                  "    let result = visit(&mut test_induct, hir, visitor);",
                  "    ",
                  "    assert!(result.is_ok());",
                  "    assert_eq!(result.unwrap(), vec![1, 2, 3]);",
                  "}"
                ]
              ],
              "can_compile": [
                {
                  "Err": "warning: /home/abezbm/rust-utgen-test-crates-new/regex/Cargo.toml: no edition set: defaulting to the 2015 edition while the latest is 2021\nwarning: /home/abezbm/rust-utgen-test-crates-new/regex/regex-debug/Cargo.toml: no edition set: defaulting to the 2015 edition while the latest is 2021\nwarning: /home/abezbm/rust-utgen-test-crates-new/regex/regex-syntax/Cargo.toml: no edition set: defaulting to the 2015 edition while the latest is 2021\nwarning: /home/abezbm/rust-utgen-test-crates-new/regex/regex-capi/Cargo.toml: no edition set: defaulting to the 2015 edition while the latest is 2021\n   Compiling proc-macro2 v1.0.95\n   Compiling syn v1.0.109\n   Compiling quote v1.0.40\n   Compiling ntest_timeout v0.9.3\n   Compiling ntest_test_cases v0.9.3\n   Compiling ntest v0.9.3\n   Compiling regex-syntax v0.6.0 (/home/abezbm/rust-utgen-test-crates-new/regex/regex-syntax)\nwarning: `...` range patterns are deprecated\n    --> regex-syntax/src/ast/parse.rs:1445:16\n     |\n1445 |             '0'...'7' => {\n     |                ^^^ help: use `..=` for an inclusive range\n     |\n     = warning: this is accepted in the current edition (Rust 2015) but is a hard error in Rust 2021!\n     = note: for more information, see <https://doc.rust-lang.org/nightly/edition-guide/rust-2021/warnings-promoted-to-error.html>\n     = note: `#[warn(ellipsis_inclusive_range_patterns)]` on by default\n\nwarning: `...` range patterns are deprecated\n    --> regex-syntax/src/ast/parse.rs:1456:16\n     |\n1456 |             '8'...'9' if !self.parser().octal => {\n     |                ^^^ help: use `..=` for an inclusive range\n     |\n     = warning: this is accepted in the current edition (Rust 2015) but is a hard error in Rust 2021!\n     = note: for more information, see <https://doc.rust-lang.org/nightly/edition-guide/rust-2021/warnings-promoted-to-error.html>\n\nwarning: unused import: `Primitive`\n    --> regex-syntax/src/ast/parse.rs:2261:49\n     |\n2261 |     use super::{Parser, ParserI, ParserBuilder, Primitive};\n     |                                                 ^^^^^^^^^\n     |\n     = note: `#[warn(unused_imports)]` on by default\n\nwarning: unused macro definition: `assert_eq`\n    --> regex-syntax/src/ast/parse.rs:2265:18\n     |\n2265 |     macro_rules! assert_eq {\n     |                  ^^^^^^^^^\n     |\n     = note: `#[warn(unused_macros)]` on by default\n\nwarning: unused import: `super::*`\n    --> regex-syntax/src/ast/mod.rs:1482:9\n     |\n1482 |     use super::*;\n     |         ^^^^^^^^\n\nwarning: unused import: `ast::parse::Parser`\n   --> regex-syntax/src/error.rs:288:9\n    |\n288 |     use ast::parse::Parser;\n    |         ^^^^^^^^^^^^^^^^^^\n\nwarning: unused import: `ParserBuilder`\n    --> regex-syntax/src/hir/literal/mod.rs:1004:9\n     |\n1004 |     use ParserBuilder;\n     |         ^^^^^^^^^^^^^\n\nwarning: unused imports: `Position` and `self`\n    --> regex-syntax/src/hir/translate.rs:1094:15\n     |\n1094 |     use ast::{self, Ast, Position, Span};\n     |               ^^^^       ^^^^^^^^\n\nwarning: unused import: `ascii_class`\n    --> regex-syntax/src/hir/translate.rs:1099:36\n     |\n1099 |     use super::{TranslatorBuilder, ascii_class};\n     |                                    ^^^^^^^^^^^\n\nwarning: unused import: `ntest::timeout`\n   --> regex-syntax/src/hir/visitor.rs:226:8\n    |\n226 |    use ntest::timeout;\n    |        ^^^^^^^^^^^^^^\n\nwarning: unused imports: `contains_simple_case_mapping` and `simple_fold`\n   --> regex-syntax/src/unicode.rs:375:17\n    |\n375 |     use super::{contains_simple_case_mapping, simple_fold};\n    |                 ^^^^^^^^^^^^^^^^^^^^^^^^^^^^  ^^^^^^^^^^^\n\nwarning: `...` range patterns are deprecated\n   --> regex-syntax/src/lib.rs:195:21\n    |\n195 |         b'_' | b'0' ... b'9' | b'a' ... b'z' | b'A' ... b'Z'  => true,\n    |                     ^^^ help: use `..=` for an inclusive range\n    |\n    = warning: this is accepted in the current edition (Rust 2015) but is a hard error in Rust 2021!\n    = note: for more information, see <https://doc.rust-lang.org/nightly/edition-guide/rust-2021/warnings-promoted-to-error.html>\n\nwarning: `...` range patterns are deprecated\n   --> regex-syntax/src/lib.rs:195:37\n    |\n195 |         b'_' | b'0' ... b'9' | b'a' ... b'z' | b'A' ... b'Z'  => true,\n    |                                     ^^^ help: use `..=` for an inclusive range\n    |\n    = warning: this is accepted in the current edition (Rust 2015) but is a hard error in Rust 2021!\n    = note: for more information, see <https://doc.rust-lang.org/nightly/edition-guide/rust-2021/warnings-promoted-to-error.html>\n\nwarning: `...` range patterns are deprecated\n   --> regex-syntax/src/lib.rs:195:53\n    |\n195 |         b'_' | b'0' ... b'9' | b'a' ... b'z' | b'A' ... b'Z'  => true,\n    |                                                     ^^^ help: use `..=` for an inclusive range\n    |\n    = warning: this is accepted in the current edition (Rust 2015) but is a hard error in Rust 2021!\n    = note: for more information, see <https://doc.rust-lang.org/nightly/edition-guide/rust-2021/warnings-promoted-to-error.html>\n\nwarning: unused import: `super::*`\n   --> regex-syntax/src/lib.rs:202:9\n    |\n202 |     use super::*;\n    |         ^^^^^^^^\n\nwarning: use of deprecated method `std::error::Error::description`: use the Display impl or to_string()\n  --> regex-syntax/src/error.rs:45:38\n   |\n45 |             Error::Parse(ref x) => x.description(),\n   |                                      ^^^^^^^^^^^\n   |\n   = note: `#[warn(deprecated)]` on by default\n\nwarning: use of deprecated method `std::error::Error::description`: use the Display impl or to_string()\n  --> regex-syntax/src/error.rs:46:42\n   |\n46 |             Error::Translate(ref x) => x.description(),\n   |                                          ^^^^^^^^^^^\n\nerror[E0063]: missing fields `info` and `kind` in initializer of `hir::Hir`\n   --> regex-syntax/src/hir/visitor.rs:297:16\n    |\n297 |     let hir = &Hir {};\n    |                ^^^ missing `info` and `kind`\n\nerror[E0277]: the trait bound `&hir::Hir: hir::visitor::Visitor` is not satisfied\n   --> regex-syntax/src/hir/visitor.rs:300:42\n    |\n300 |     let result = visit(&mut test_induct, hir, visitor);\n    |                  -----                   ^^^ the trait `hir::visitor::Visitor` is not implemented for `&hir::Hir`\n    |                  |\n    |                  required by a bound introduced by this call\n    |\n    = help: the trait `hir::visitor::Visitor` is implemented for `TestVisitor`\nnote: required by a bound in `hir::visitor::visit`\n   --> regex-syntax/src/hir/visitor.rs:69:17\n    |\n69  | pub fn visit<V: Visitor>(hir: &Hir, visitor: V) -> Result<V::Output, V::Err> {\n    |                 ^^^^^^^ required by this bound in `visit`\n\nerror[E0061]: this function takes 2 arguments but 3 arguments were supplied\n   --> regex-syntax/src/hir/visitor.rs:300:18\n    |\n300 |     let result = visit(&mut test_induct, hir, visitor);\n    |                  ^^^^^ ----------------       ------- unexpected argument #3 of type `TestVisitor`\n    |                        |\n    |                        expected `&Hir`, found `&mut TestInduct`\n    |\n    = note:      expected reference `&hir::Hir`\n            found mutable reference `&mut TestInduct`\nnote: function defined here\n   --> regex-syntax/src/hir/visitor.rs:69:8\n    |\n69  | pub fn visit<V: Visitor>(hir: &Hir, visitor: V) -> Result<V::Output, V::Err> {\n    |        ^^^^^             ---------  ----------\nhelp: remove the extra argument\n    |\n300 -     let result = visit(&mut test_induct, hir, visitor);\n300 +     let result = visit(/* &hir::Hir */, hir);\n    |\n\nerror[E0277]: the trait bound `&hir::Hir: hir::visitor::Visitor` is not satisfied\n   --> regex-syntax/src/hir/visitor.rs:300:18\n    |\n300 |     let result = visit(&mut test_induct, hir, visitor);\n    |                  ^^^^^^^^^^^^^^^^^^^^^^^^^^^^^^^^^^^^^ the trait `hir::visitor::Visitor` is not implemented for `&hir::Hir`\n    |\n    = help: the trait `hir::visitor::Visitor` is implemented for `TestVisitor`\n\nerror[E0063]: missing fields `head` and `tail` in initializer of `hir::visitor::Frame<'_>`\n   --> regex-syntax/src/hir/visitor.rs:285:23\n    |\n285 |                 Some((Frame::Alternation {}, &Hir {}))\n    |                       ^^^^^^^^^^^^^^^^^^ missing `head` and `tail`\n\nerror[E0063]: missing fields `info` and `kind` in initializer of `hir::Hir`\n   --> regex-syntax/src/hir/visitor.rs:285:47\n    |\n285 |                 Some((Frame::Alternation {}, &Hir {}))\n    |                                               ^^^ missing `info` and `kind`\n\nerror[E0063]: missing fields `head` and `tail` in initializer of `hir::visitor::Frame<'_>`\n   --> regex-syntax/src/hir/visitor.rs:292:18\n    |\n292 |             Some(Frame::Alternation {})\n    |                  ^^^^^^^^^^^^^^^^^^ missing `head` and `tail`\n\nwarning: variable does not need to be mutable\n   --> regex-syntax/src/hir/literal/mod.rs:687:17\n    |\n687 |             let mut buf = &mut buf[..i];\n    |                 ----^^^\n    |                 |\n    |                 help: remove this `mut`\n    |\n    = note: `#[warn(unused_mut)]` on by default\n\nSome errors have detailed explanations: E0061, E0063, E0277.\nFor more information about an error, try `rustc --explain E0061`.\nwarning: `regex-syntax` (lib test) generated 18 warnings\nerror: could not compile `regex-syntax` (lib test) due to 7 previous errors; 18 warnings emitted\n"
                }
              ],
              "repaired": [
                false
              ]
            },
            {
              "attrs": [
                "#[should_panic]"
              ],
              "prefix": [],
              "oracles": [],
              "codes": [
                [
                  "{",
                  "    struct FailingVisitor {",
                  "        err: Option<String>,",
                  "    }",
                  "",
                  "    impl FailingVisitor {",
                  "        fn new() -> Self {",
                  "            Self { err: Some(\"Post visit failed\".to_string()) }",
                  "        }",
                  "    }",
                  "",
                  "    impl Visitor for FailingVisitor {",
                  "        type Output = ();",
                  "        type Err = String;",
                  "",
                  "        fn start(&mut self) {}",
                  "",
                  "        fn visit_pre(&mut self, _hir: &Hir) -> Result<(), Self::Err> {",
                  "            Ok(())",
                  "        }",
                  "",
                  "        fn visit_post(&mut self, _hir: &Hir) -> Result<(), Self::Err> {",
                  "            Err(self.err.take().unwrap())",
                  "        }",
                  "",
                  "        fn visit_alternation_in(&mut self) -> Result<(), Self::Err> {",
                  "            Ok(())",
                  "        }",
                  "",
                  "        fn finish(self) -> Result<Self::Output, Self::Err> {",
                  "            Ok(())",
                  "        }",
                  "    }",
                  "",
                  "    struct TestInduct {",
                  "        count: usize,",
                  "    }",
                  "",
                  "    impl TestInduct {",
                  "        fn new(count: usize) -> Self {",
                  "            Self { count }",
                  "        }",
                  "",
                  "        fn induct(&self, _hir: &Hir) -> Option<(Frame, &Hir)> {",
                  "            if self.count > 0 {",
                  "                Some((Frame::Alternation {}, &Hir {}))",
                  "            } else {",
                  "                None",
                  "            }",
                  "        }",
                  "",
                  "        fn pop(&self, _frame: Frame) -> Option<Frame> {",
                  "            Some(Frame::Alternation {})",
                  "        }",
                  "    }",
                  "",
                  "    let mut test_induct = TestInduct::new(1);",
                  "    let hir = &Hir {};",
                  "    let mut visitor = FailingVisitor::new();",
                  "    ",
                  "    visit(&mut test_induct, hir, visitor);",
                  "}"
                ]
              ],
              "can_compile": [
                {
                  "Err": "warning: /home/abezbm/rust-utgen-test-crates-new/regex/regex-debug/Cargo.toml: no edition set: defaulting to the 2015 edition while the latest is 2021\nwarning: /home/abezbm/rust-utgen-test-crates-new/regex/regex-capi/Cargo.toml: no edition set: defaulting to the 2015 edition while the latest is 2021\nwarning: /home/abezbm/rust-utgen-test-crates-new/regex/regex-syntax/Cargo.toml: no edition set: defaulting to the 2015 edition while the latest is 2021\nwarning: /home/abezbm/rust-utgen-test-crates-new/regex/Cargo.toml: no edition set: defaulting to the 2015 edition while the latest is 2021\n   Compiling proc-macro2 v1.0.95\n   Compiling syn v1.0.109\n   Compiling quote v1.0.40\n   Compiling ntest_test_cases v0.9.3\n   Compiling ntest_timeout v0.9.3\n   Compiling ntest v0.9.3\n   Compiling regex-syntax v0.6.0 (/home/abezbm/rust-utgen-test-crates-new/regex/regex-syntax)\nwarning: `...` range patterns are deprecated\n    --> regex-syntax/src/ast/parse.rs:1445:16\n     |\n1445 |             '0'...'7' => {\n     |                ^^^ help: use `..=` for an inclusive range\n     |\n     = warning: this is accepted in the current edition (Rust 2015) but is a hard error in Rust 2021!\n     = note: for more information, see <https://doc.rust-lang.org/nightly/edition-guide/rust-2021/warnings-promoted-to-error.html>\n     = note: `#[warn(ellipsis_inclusive_range_patterns)]` on by default\n\nwarning: `...` range patterns are deprecated\n    --> regex-syntax/src/ast/parse.rs:1456:16\n     |\n1456 |             '8'...'9' if !self.parser().octal => {\n     |                ^^^ help: use `..=` for an inclusive range\n     |\n     = warning: this is accepted in the current edition (Rust 2015) but is a hard error in Rust 2021!\n     = note: for more information, see <https://doc.rust-lang.org/nightly/edition-guide/rust-2021/warnings-promoted-to-error.html>\n\nwarning: unused import: `Primitive`\n    --> regex-syntax/src/ast/parse.rs:2261:49\n     |\n2261 |     use super::{Parser, ParserI, ParserBuilder, Primitive};\n     |                                                 ^^^^^^^^^\n     |\n     = note: `#[warn(unused_imports)]` on by default\n\nwarning: unused macro definition: `assert_eq`\n    --> regex-syntax/src/ast/parse.rs:2265:18\n     |\n2265 |     macro_rules! assert_eq {\n     |                  ^^^^^^^^^\n     |\n     = note: `#[warn(unused_macros)]` on by default\n\nwarning: unused import: `super::*`\n    --> regex-syntax/src/ast/mod.rs:1482:9\n     |\n1482 |     use super::*;\n     |         ^^^^^^^^\n\nwarning: unused import: `ast::parse::Parser`\n   --> regex-syntax/src/error.rs:288:9\n    |\n288 |     use ast::parse::Parser;\n    |         ^^^^^^^^^^^^^^^^^^\n\nwarning: unused import: `ParserBuilder`\n    --> regex-syntax/src/hir/literal/mod.rs:1004:9\n     |\n1004 |     use ParserBuilder;\n     |         ^^^^^^^^^^^^^\n\nwarning: unused imports: `Position` and `self`\n    --> regex-syntax/src/hir/translate.rs:1094:15\n     |\n1094 |     use ast::{self, Ast, Position, Span};\n     |               ^^^^       ^^^^^^^^\n\nwarning: unused import: `ascii_class`\n    --> regex-syntax/src/hir/translate.rs:1099:36\n     |\n1099 |     use super::{TranslatorBuilder, ascii_class};\n     |                                    ^^^^^^^^^^^\n\nwarning: unused import: `ntest::timeout`\n   --> regex-syntax/src/hir/visitor.rs:226:8\n    |\n226 |    use ntest::timeout;\n    |        ^^^^^^^^^^^^^^\n\nwarning: unused imports: `contains_simple_case_mapping` and `simple_fold`\n   --> regex-syntax/src/unicode.rs:375:17\n    |\n375 |     use super::{contains_simple_case_mapping, simple_fold};\n    |                 ^^^^^^^^^^^^^^^^^^^^^^^^^^^^  ^^^^^^^^^^^\n\nwarning: `...` range patterns are deprecated\n   --> regex-syntax/src/lib.rs:195:21\n    |\n195 |         b'_' | b'0' ... b'9' | b'a' ... b'z' | b'A' ... b'Z'  => true,\n    |                     ^^^ help: use `..=` for an inclusive range\n    |\n    = warning: this is accepted in the current edition (Rust 2015) but is a hard error in Rust 2021!\n    = note: for more information, see <https://doc.rust-lang.org/nightly/edition-guide/rust-2021/warnings-promoted-to-error.html>\n\nwarning: `...` range patterns are deprecated\n   --> regex-syntax/src/lib.rs:195:37\n    |\n195 |         b'_' | b'0' ... b'9' | b'a' ... b'z' | b'A' ... b'Z'  => true,\n    |                                     ^^^ help: use `..=` for an inclusive range\n    |\n    = warning: this is accepted in the current edition (Rust 2015) but is a hard error in Rust 2021!\n    = note: for more information, see <https://doc.rust-lang.org/nightly/edition-guide/rust-2021/warnings-promoted-to-error.html>\n\nwarning: `...` range patterns are deprecated\n   --> regex-syntax/src/lib.rs:195:53\n    |\n195 |         b'_' | b'0' ... b'9' | b'a' ... b'z' | b'A' ... b'Z'  => true,\n    |                                                     ^^^ help: use `..=` for an inclusive range\n    |\n    = warning: this is accepted in the current edition (Rust 2015) but is a hard error in Rust 2021!\n    = note: for more information, see <https://doc.rust-lang.org/nightly/edition-guide/rust-2021/warnings-promoted-to-error.html>\n\nwarning: unused import: `super::*`\n   --> regex-syntax/src/lib.rs:202:9\n    |\n202 |     use super::*;\n    |         ^^^^^^^^\n\nwarning: use of deprecated method `std::error::Error::description`: use the Display impl or to_string()\n  --> regex-syntax/src/error.rs:45:38\n   |\n45 |             Error::Parse(ref x) => x.description(),\n   |                                      ^^^^^^^^^^^\n   |\n   = note: `#[warn(deprecated)]` on by default\n\nwarning: use of deprecated method `std::error::Error::description`: use the Display impl or to_string()\n  --> regex-syntax/src/error.rs:46:42\n   |\n46 |             Error::Translate(ref x) => x.description(),\n   |                                          ^^^^^^^^^^^\n\nerror[E0063]: missing fields `info` and `kind` in initializer of `hir::Hir`\n   --> regex-syntax/src/hir/visitor.rs:287:16\n    |\n287 |     let hir = &Hir {};\n    |                ^^^ missing `info` and `kind`\n\nerror[E0277]: the trait bound `&hir::Hir: hir::visitor::Visitor` is not satisfied\n   --> regex-syntax/src/hir/visitor.rs:290:29\n    |\n290 |     visit(&mut test_induct, hir, visitor);\n    |     -----                   ^^^ the trait `hir::visitor::Visitor` is not implemented for `&hir::Hir`\n    |     |\n    |     required by a bound introduced by this call\n    |\n    = help: the trait `hir::visitor::Visitor` is implemented for `FailingVisitor`\nnote: required by a bound in `hir::visitor::visit`\n   --> regex-syntax/src/hir/visitor.rs:69:17\n    |\n69  | pub fn visit<V: Visitor>(hir: &Hir, visitor: V) -> Result<V::Output, V::Err> {\n    |                 ^^^^^^^ required by this bound in `visit`\n\nerror[E0061]: this function takes 2 arguments but 3 arguments were supplied\n   --> regex-syntax/src/hir/visitor.rs:290:5\n    |\n290 |     visit(&mut test_induct, hir, visitor);\n    |     ^^^^^ ----------------       ------- unexpected argument #3 of type `FailingVisitor`\n    |           |\n    |           expected `&Hir`, found `&mut TestInduct`\n    |\n    = note:      expected reference `&hir::Hir`\n            found mutable reference `&mut TestInduct`\nnote: function defined here\n   --> regex-syntax/src/hir/visitor.rs:69:8\n    |\n69  | pub fn visit<V: Visitor>(hir: &Hir, visitor: V) -> Result<V::Output, V::Err> {\n    |        ^^^^^             ---------  ----------\nhelp: remove the extra argument\n    |\n290 -     visit(&mut test_induct, hir, visitor);\n290 +     visit(/* &hir::Hir */, hir);\n    |\n\nerror[E0277]: the trait bound `&hir::Hir: hir::visitor::Visitor` is not satisfied\n   --> regex-syntax/src/hir/visitor.rs:290:5\n    |\n290 |     visit(&mut test_induct, hir, visitor);\n    |     ^^^^^^^^^^^^^^^^^^^^^^^^^^^^^^^^^^^^^ the trait `hir::visitor::Visitor` is not implemented for `&hir::Hir`\n    |\n    = help: the trait `hir::visitor::Visitor` is implemented for `FailingVisitor`\n\nerror[E0063]: missing fields `head` and `tail` in initializer of `hir::visitor::Frame<'_>`\n   --> regex-syntax/src/hir/visitor.rs:275:23\n    |\n275 |                 Some((Frame::Alternation {}, &Hir {}))\n    |                       ^^^^^^^^^^^^^^^^^^ missing `head` and `tail`\n\nerror[E0063]: missing fields `info` and `kind` in initializer of `hir::Hir`\n   --> regex-syntax/src/hir/visitor.rs:275:47\n    |\n275 |                 Some((Frame::Alternation {}, &Hir {}))\n    |                                               ^^^ missing `info` and `kind`\n\nerror[E0063]: missing fields `head` and `tail` in initializer of `hir::visitor::Frame<'_>`\n   --> regex-syntax/src/hir/visitor.rs:282:18\n    |\n282 |             Some(Frame::Alternation {})\n    |                  ^^^^^^^^^^^^^^^^^^ missing `head` and `tail`\n\nwarning: variable does not need to be mutable\n   --> regex-syntax/src/hir/literal/mod.rs:687:17\n    |\n687 |             let mut buf = &mut buf[..i];\n    |                 ----^^^\n    |                 |\n    |                 help: remove this `mut`\n    |\n    = note: `#[warn(unused_mut)]` on by default\n\nSome errors have detailed explanations: E0061, E0063, E0277.\nFor more information about an error, try `rustc --explain E0061`.\nwarning: `regex-syntax` (lib test) generated 18 warnings\nerror: could not compile `regex-syntax` (lib test) due to 7 previous errors; 18 warnings emitted\n"
                }
              ],
              "repaired": [
                false
              ]
            }
          ]
        }
      ]
    },
    {
      "chain_id": 4,
      "prompt_conds": [
        "// constraint: visitor.visit_pre(hir)? is Ok/Some\n",
        "// constraint: let Some(x) = self.induct(hir) is true\n",
        "// constraint: visitor.visit_post(hir)? is Ok/Some\n",
        "// constraint: self.stack.pop() matches Some((post_hir, frame)) is true\n",
        "// constraint: let Some(x) = self.pop(frame) is true\n",
        "// constraint: visitor.visit_post(post_hir)? is Ok/Some\n",
        "// constraint: self.stack.pop() matches None is true\n",
        "// constraint: self.stack.pop() matches None is true\n"
      ],
      "input_infer": "",
      "answers": [
        {
          "uses": [],
          "has_test_mod": false,
          "common": [],
          "chain_tests": [
            {
              "attrs": [],
              "prefix": [],
              "oracles": [],
              "codes": [
                [
                  "{",
                  "    struct MockVisitor {",
                  "        output: String,",
                  "        err: Option<String>,",
                  "    }",
                  "",
                  "    impl MockVisitor {",
                  "        fn new() -> Self {",
                  "            MockVisitor {",
                  "                output: String::new(),",
                  "                err: None,",
                  "            }",
                  "        }",
                  "    }",
                  "",
                  "    impl Visitor for MockVisitor {",
                  "        type Output = String;",
                  "        type Err = String;",
                  "",
                  "        fn start(&mut self) {",
                  "            self.output.push_str(\"start;\");",
                  "        }",
                  "",
                  "        fn visit_pre(&mut self, hir: &Hir) -> Result<(), Self::Err> {",
                  "            self.output.push_str(\"visit_pre;\");",
                  "            Ok(())",
                  "        }",
                  "",
                  "        fn visit_post(&mut self, hir: &Hir) -> Result<(), Self::Err> {",
                  "            self.output.push_str(\"visit_post;\");",
                  "            Ok(())",
                  "        }",
                  "",
                  "        fn finish(self) -> Result<Self::Output, Self::Err> {",
                  "            Ok(self.output)",
                  "        }",
                  "",
                  "        fn visit_alternation_in(&mut self) -> Result<(), Self::Err> {",
                  "            self.output.push_str(\"visit_alternation_in;\");",
                  "            Ok(())",
                  "        }",
                  "    }",
                  "",
                  "    struct MockInductor;",
                  "",
                  "    impl MockInductor {",
                  "        fn induct(&self, _hir: &Hir) -> Option<Frame> {",
                  "            Some(Frame::Alternation { /* fields */ })",
                  "        }",
                  "",
                  "        fn pop(&self, _frame: Frame) -> Option<Frame> {",
                  "            Some(Frame::Alternation { /* fields */ })",
                  "        }",
                  "    }",
                  "",
                  "    let mut inductor = MockInductor;",
                  "    let hir = Hir::new(); // Assume Hir has an initialized method",
                  "    let mut visitor = MockVisitor::new();",
                  "",
                  "    let result = visit(&mut inductor, &hir, visitor).unwrap();",
                  "    assert_eq!(result, \"start;visit_pre;visit_post;visit_alternation_in;visit_post;\");",
                  "}"
                ]
              ],
              "can_compile": [
                {
                  "Err": "warning: /home/abezbm/rust-utgen-test-crates-new/regex/regex-syntax/Cargo.toml: no edition set: defaulting to the 2015 edition while the latest is 2021\nwarning: /home/abezbm/rust-utgen-test-crates-new/regex/Cargo.toml: no edition set: defaulting to the 2015 edition while the latest is 2021\nwarning: /home/abezbm/rust-utgen-test-crates-new/regex/regex-debug/Cargo.toml: no edition set: defaulting to the 2015 edition while the latest is 2021\nwarning: /home/abezbm/rust-utgen-test-crates-new/regex/regex-capi/Cargo.toml: no edition set: defaulting to the 2015 edition while the latest is 2021\n   Compiling proc-macro2 v1.0.95\n   Compiling syn v1.0.109\n   Compiling quote v1.0.40\n   Compiling ntest_test_cases v0.9.3\n   Compiling ntest_timeout v0.9.3\n   Compiling ntest v0.9.3\n   Compiling regex-syntax v0.6.0 (/home/abezbm/rust-utgen-test-crates-new/regex/regex-syntax)\nwarning: `...` range patterns are deprecated\n    --> regex-syntax/src/ast/parse.rs:1445:16\n     |\n1445 |             '0'...'7' => {\n     |                ^^^ help: use `..=` for an inclusive range\n     |\n     = warning: this is accepted in the current edition (Rust 2015) but is a hard error in Rust 2021!\n     = note: for more information, see <https://doc.rust-lang.org/nightly/edition-guide/rust-2021/warnings-promoted-to-error.html>\n     = note: `#[warn(ellipsis_inclusive_range_patterns)]` on by default\n\nwarning: `...` range patterns are deprecated\n    --> regex-syntax/src/ast/parse.rs:1456:16\n     |\n1456 |             '8'...'9' if !self.parser().octal => {\n     |                ^^^ help: use `..=` for an inclusive range\n     |\n     = warning: this is accepted in the current edition (Rust 2015) but is a hard error in Rust 2021!\n     = note: for more information, see <https://doc.rust-lang.org/nightly/edition-guide/rust-2021/warnings-promoted-to-error.html>\n\nwarning: unused import: `Primitive`\n    --> regex-syntax/src/ast/parse.rs:2261:49\n     |\n2261 |     use super::{Parser, ParserI, ParserBuilder, Primitive};\n     |                                                 ^^^^^^^^^\n     |\n     = note: `#[warn(unused_imports)]` on by default\n\nwarning: unused macro definition: `assert_eq`\n    --> regex-syntax/src/ast/parse.rs:2265:18\n     |\n2265 |     macro_rules! assert_eq {\n     |                  ^^^^^^^^^\n     |\n     = note: `#[warn(unused_macros)]` on by default\n\nwarning: unused import: `super::*`\n    --> regex-syntax/src/ast/mod.rs:1482:9\n     |\n1482 |     use super::*;\n     |         ^^^^^^^^\n\nwarning: unused import: `ast::parse::Parser`\n   --> regex-syntax/src/error.rs:288:9\n    |\n288 |     use ast::parse::Parser;\n    |         ^^^^^^^^^^^^^^^^^^\n\nwarning: unused import: `ParserBuilder`\n    --> regex-syntax/src/hir/literal/mod.rs:1004:9\n     |\n1004 |     use ParserBuilder;\n     |         ^^^^^^^^^^^^^\n\nwarning: unused imports: `Position` and `self`\n    --> regex-syntax/src/hir/translate.rs:1094:15\n     |\n1094 |     use ast::{self, Ast, Position, Span};\n     |               ^^^^       ^^^^^^^^\n\nwarning: unused import: `ascii_class`\n    --> regex-syntax/src/hir/translate.rs:1099:36\n     |\n1099 |     use super::{TranslatorBuilder, ascii_class};\n     |                                    ^^^^^^^^^^^\n\nwarning: unused import: `ntest::timeout`\n   --> regex-syntax/src/hir/visitor.rs:226:8\n    |\n226 |    use ntest::timeout;\n    |        ^^^^^^^^^^^^^^\n\nwarning: unused imports: `contains_simple_case_mapping` and `simple_fold`\n   --> regex-syntax/src/unicode.rs:375:17\n    |\n375 |     use super::{contains_simple_case_mapping, simple_fold};\n    |                 ^^^^^^^^^^^^^^^^^^^^^^^^^^^^  ^^^^^^^^^^^\n\nwarning: `...` range patterns are deprecated\n   --> regex-syntax/src/lib.rs:195:21\n    |\n195 |         b'_' | b'0' ... b'9' | b'a' ... b'z' | b'A' ... b'Z'  => true,\n    |                     ^^^ help: use `..=` for an inclusive range\n    |\n    = warning: this is accepted in the current edition (Rust 2015) but is a hard error in Rust 2021!\n    = note: for more information, see <https://doc.rust-lang.org/nightly/edition-guide/rust-2021/warnings-promoted-to-error.html>\n\nwarning: `...` range patterns are deprecated\n   --> regex-syntax/src/lib.rs:195:37\n    |\n195 |         b'_' | b'0' ... b'9' | b'a' ... b'z' | b'A' ... b'Z'  => true,\n    |                                     ^^^ help: use `..=` for an inclusive range\n    |\n    = warning: this is accepted in the current edition (Rust 2015) but is a hard error in Rust 2021!\n    = note: for more information, see <https://doc.rust-lang.org/nightly/edition-guide/rust-2021/warnings-promoted-to-error.html>\n\nwarning: `...` range patterns are deprecated\n   --> regex-syntax/src/lib.rs:195:53\n    |\n195 |         b'_' | b'0' ... b'9' | b'a' ... b'z' | b'A' ... b'Z'  => true,\n    |                                                     ^^^ help: use `..=` for an inclusive range\n    |\n    = warning: this is accepted in the current edition (Rust 2015) but is a hard error in Rust 2021!\n    = note: for more information, see <https://doc.rust-lang.org/nightly/edition-guide/rust-2021/warnings-promoted-to-error.html>\n\nwarning: unused import: `super::*`\n   --> regex-syntax/src/lib.rs:202:9\n    |\n202 |     use super::*;\n    |         ^^^^^^^^\n\nwarning: use of deprecated method `std::error::Error::description`: use the Display impl or to_string()\n  --> regex-syntax/src/error.rs:45:38\n   |\n45 |             Error::Parse(ref x) => x.description(),\n   |                                      ^^^^^^^^^^^\n   |\n   = note: `#[warn(deprecated)]` on by default\n\nwarning: use of deprecated method `std::error::Error::description`: use the Display impl or to_string()\n  --> regex-syntax/src/error.rs:46:42\n   |\n46 |             Error::Translate(ref x) => x.description(),\n   |                                          ^^^^^^^^^^^\n\nerror[E0599]: no function or associated item named `new` found for struct `hir::Hir` in the current scope\n   --> regex-syntax/src/hir/visitor.rs:285:20\n    |\n285 |     let hir = Hir::new(); // Assume Hir has an initialized method\n    |                    ^^^ function or associated item not found in `hir::Hir`\n    |\n   ::: regex-syntax/src/hir/mod.rs:161:1\n    |\n161 | pub struct Hir {\n    | -------------- function or associated item `new` not found for this struct\n    |\nnote: if you're trying to build a new `hir::Hir` consider using one of the following associated functions:\n      hir::Hir::empty\n      hir::Hir::literal\n      hir::Hir::class\n      hir::Hir::anchor\n      and 7 others\n   --> regex-syntax/src/hir/mod.rs:219:5\n    |\n219 |     pub fn empty() -> Hir {\n    |     ^^^^^^^^^^^^^^^^^^^^^\n...\n239 |     pub fn literal(lit: Literal) -> Hir {\n    |     ^^^^^^^^^^^^^^^^^^^^^^^^^^^^^^^^^^^\n...\n259 |     pub fn class(class: Class) -> Hir {\n    |     ^^^^^^^^^^^^^^^^^^^^^^^^^^^^^^^^^\n...\n275 |     pub fn anchor(anchor: Anchor) -> Hir {\n    |     ^^^^^^^^^^^^^^^^^^^^^^^^^^^^^^^^^^^^\nhelp: there is a method `ne` with a similar name, but with different arguments\n   --> /home/abezbm/.rustup/toolchains/nightly-2024-07-21-x86_64-unknown-linux-gnu/lib/rustlib/src/rust/library/core/src/cmp.rs:262:5\n    |\n262 |     fn ne(&self, other: &Rhs) -> bool {\n    |     ^^^^^^^^^^^^^^^^^^^^^^^^^^^^^^^^^\n\nerror[E0061]: this function takes 2 arguments but 3 arguments were supplied\n   --> regex-syntax/src/hir/visitor.rs:288:18\n    |\n288 |     let result = visit(&mut inductor, &hir, visitor).unwrap();\n    |                  ^^^^^ -------------        ------- unexpected argument #3 of type `MockVisitor`\n    |                        |\n    |                        expected `&Hir`, found `&mut MockInductor`\n    |\n    = note:      expected reference `&hir::Hir`\n            found mutable reference `&mut MockInductor`\nnote: function defined here\n   --> regex-syntax/src/hir/visitor.rs:69:8\n    |\n69  | pub fn visit<V: Visitor>(hir: &Hir, visitor: V) -> Result<V::Output, V::Err> {\n    |        ^^^^^             ---------  ----------\nhelp: remove the extra argument\n    |\n288 -     let result = visit(&mut inductor, &hir, visitor).unwrap();\n288 +     let result = visit(/* &hir::Hir */, &hir).unwrap();\n    |\n\nerror[E0063]: missing fields `head` and `tail` in initializer of `hir::visitor::Frame<'_>`\n   --> regex-syntax/src/hir/visitor.rs:276:18\n    |\n276 |             Some(Frame::Alternation { /* fields */ })\n    |                  ^^^^^^^^^^^^^^^^^^ missing `head` and `tail`\n\nerror[E0063]: missing fields `head` and `tail` in initializer of `hir::visitor::Frame<'_>`\n   --> regex-syntax/src/hir/visitor.rs:280:18\n    |\n280 |             Some(Frame::Alternation { /* fields */ })\n    |                  ^^^^^^^^^^^^^^^^^^ missing `head` and `tail`\n\nwarning: variable does not need to be mutable\n   --> regex-syntax/src/hir/literal/mod.rs:687:17\n    |\n687 |             let mut buf = &mut buf[..i];\n    |                 ----^^^\n    |                 |\n    |                 help: remove this `mut`\n    |\n    = note: `#[warn(unused_mut)]` on by default\n\nwarning: unused variable: `hir`\n   --> regex-syntax/src/hir/visitor.rs:252:33\n    |\n252 |         fn visit_pre(&mut self, hir: &Hir) -> Result<(), Self::Err> {\n    |                                 ^^^ help: if this is intentional, prefix it with an underscore: `_hir`\n    |\n    = note: `#[warn(unused_variables)]` on by default\n\nwarning: unused variable: `hir`\n   --> regex-syntax/src/hir/visitor.rs:257:34\n    |\n257 |         fn visit_post(&mut self, hir: &Hir) -> Result<(), Self::Err> {\n    |                                  ^^^ help: if this is intentional, prefix it with an underscore: `_hir`\n\nSome errors have detailed explanations: E0061, E0063, E0599.\nFor more information about an error, try `rustc --explain E0061`.\nwarning: `regex-syntax` (lib test) generated 20 warnings\nerror: could not compile `regex-syntax` (lib test) due to 4 previous errors; 20 warnings emitted\n"
                }
              ],
              "repaired": [
                false
              ]
            }
          ]
        }
      ]
    },
    {
      "chain_id": 6,
      "prompt_conds": [
        "// constraint: visitor.visit_pre(hir)? is Ok/Some\n",
        "// constraint: let Some(x) = self.induct(hir) is true\n",
        "// constraint: visitor.visit_post(hir)? is Ok/Some\n",
        "// constraint: self.stack.pop() matches Some((post_hir, frame)) is true\n",
        "// constraint: let Some(x) = self.pop(frame) is true\n",
        "// constraint: let Frame::Alternation {..} = x is true\n",
        "// constraint: visitor.visit_alternation_in()? is Err/None\n"
      ],
      "input_infer": "",
      "answers": [
        {
          "uses": [],
          "has_test_mod": false,
          "common": [
            "fn test_visit() -> Result<(), Box<dyn std::error::Error>> {",
            "    struct MockVisitor {",
            "        pre_visit_called: bool,",
            "        post_visit_called: bool,",
            "        alternation_in_called: bool,",
            "        error_on_alternation_in: bool,",
            "    }",
            "",
            "    impl MockVisitor {",
            "        fn new(error_on_alternation_in: bool) -> Self {",
            "            Self {",
            "                pre_visit_called: false,",
            "                post_visit_called: false,",
            "                alternation_in_called: false,",
            "                error_on_alternation_in,",
            "            }",
            "        }",
            "    }",
            "",
            "    impl Visitor for MockVisitor {",
            "        type Output = ();",
            "        type Err = Box<dyn std::error::Error>;",
            "",
            "        fn start(&mut self) {}",
            "",
            "        fn visit_pre(&mut self, _hir: &Hir) -> Result<(), Self::Err> {",
            "            self.pre_visit_called = true;",
            "            Ok(())",
            "        }",
            "",
            "        fn visit_post(&mut self, _hir: &Hir) -> Result<(), Self::Err> {",
            "            self.post_visit_called = true;",
            "            Ok(())",
            "        }",
            "",
            "        fn visit_alternation_in(&mut self) -> Result<(), Self::Err> {",
            "            self.alternation_in_called = true;",
            "            if self.error_on_alternation_in {",
            "                Err(Box::new(std::io::Error::new(",
            "                    std::io::ErrorKind::Other,",
            "                    \"Error in alternation\",",
            "                )))",
            "            } else {",
            "                Ok(())",
            "            }",
            "        }",
            "    }",
            "",
            "    struct MockInductor<'a> {",
            "        hir: &'a Hir,",
            "        should_induct: bool,",
            "    }",
            "",
            "    impl<'a> MockInductor<'a> {",
            "        fn new(hir: &'a Hir, should_induct: bool) -> Self {",
            "            Self { hir, should_induct }",
            "        }",
            "",
            "        fn induct(&self) -> Option<Frame> {",
            "            if self.should_induct {",
            "                Some(Frame::Alternation { /* parameters */ })",
            "            } else {",
            "                None",
            "            }",
            "        }",
            "    }",
            "",
            "    let hir = Hir::new();",
            "    let mut visitor = MockVisitor::new(true); // Set to true to force an error",
            "    let inductor = MockInductor::new(&hir, true); // True to satisfy the induction condition",
            "",
            "    let result = visit(&mut inductor, &mut visitor);",
            "",
            "    assert!(result.is_err());",
            "    assert!(visitor.pre_visit_called);",
            "    assert!(visitor.post_visit_called);",
            "    assert!(visitor.alternation_in_called);",
            "",
            "    Ok(())",
            "}"
          ],
          "chain_tests": []
        }
      ]
    },
    {
      "chain_id": 7,
      "prompt_conds": [
        "// constraint: visitor.visit_pre(hir)? is Ok/Some\n",
        "// constraint: let Some(x) = self.induct(hir) is true\n",
        "// constraint: visitor.visit_post(hir)? is Ok/Some\n",
        "// constraint: self.stack.pop() matches Some((post_hir, frame)) is true\n",
        "// constraint: let Some(x) = self.pop(frame) is true\n",
        "// constraint: let Frame::Alternation {..} = x is true\n",
        "// constraint: visitor.visit_alternation_in()? is Ok/Some\n",
        "// constraint: visitor.visit_pre(hir)? is Err/None\n"
      ],
      "input_infer": "",
      "answers": [
        {
          "uses": [],
          "has_test_mod": false,
          "common": [],
          "chain_tests": [
            {
              "attrs": [],
              "prefix": [],
              "oracles": [],
              "codes": [
                [
                  "{",
                  "    struct TestVisitor {",
                  "        output: Vec<usize>,",
                  "    }",
                  "",
                  "    impl TestVisitor {",
                  "        fn new() -> Self {",
                  "            Self { output: Vec::new() }",
                  "        }",
                  "    }",
                  "",
                  "    impl Visitor for TestVisitor {",
                  "        type Output = Vec<usize>;",
                  "        type Err = ();",
                  "",
                  "        fn start(&mut self) {",
                  "            self.output.clear();",
                  "        }",
                  "",
                  "        fn visit_pre(&mut self, _hir: &Hir) -> Result<(), Self::Err> {",
                  "            self.output.push(1);",
                  "            Ok(())",
                  "        }",
                  "",
                  "        fn visit_post(&mut self, _hir: &Hir) -> Result<(), Self::Err> {",
                  "            self.output.push(2);",
                  "            Ok(())",
                  "        }",
                  "",
                  "        fn finish(self) -> Result<Self::Output, Self::Err> {",
                  "            Ok(self.output)",
                  "        }",
                  "",
                  "        fn visit_alternation_in(&mut self) -> Result<(), Self::Err> {",
                  "            self.output.push(3);",
                  "            Ok(())",
                  "        }",
                  "    }",
                  "",
                  "    struct TestInductive {",
                  "        // struct fields for test inductive steps",
                  "    }",
                  "",
                  "    impl TestInductive {",
                  "        fn child(&self) -> &Hir {",
                  "            // Return an appropriate Hir instance",
                  "        }",
                  "    }",
                  "",
                  "    let mut visitor = TestVisitor::new();",
                  "    let mut hir = Hir::new(); // Initialize a Hir instance",
                  "    let mut test_obj = TestInductive {}; // Initialize TestInductive",
                  "",
                  "    // Assuming necessary functions and traits are defined for child and induct",
                  "    visitor.visit(&mut hir, visitor).expect(\"Visit failed\");",
                  "}"
                ]
              ],
              "can_compile": [
                {
                  "Err": "warning: /home/abezbm/rust-utgen-test-crates-new/regex/regex-debug/Cargo.toml: no edition set: defaulting to the 2015 edition while the latest is 2021\nwarning: /home/abezbm/rust-utgen-test-crates-new/regex/Cargo.toml: no edition set: defaulting to the 2015 edition while the latest is 2021\nwarning: /home/abezbm/rust-utgen-test-crates-new/regex/regex-syntax/Cargo.toml: no edition set: defaulting to the 2015 edition while the latest is 2021\nwarning: /home/abezbm/rust-utgen-test-crates-new/regex/regex-capi/Cargo.toml: no edition set: defaulting to the 2015 edition while the latest is 2021\n   Compiling proc-macro2 v1.0.95\n   Compiling syn v1.0.109\n   Compiling quote v1.0.40\n   Compiling ntest_test_cases v0.9.3\n   Compiling ntest_timeout v0.9.3\n   Compiling ntest v0.9.3\n   Compiling regex-syntax v0.6.0 (/home/abezbm/rust-utgen-test-crates-new/regex/regex-syntax)\nwarning: `...` range patterns are deprecated\n    --> regex-syntax/src/ast/parse.rs:1445:16\n     |\n1445 |             '0'...'7' => {\n     |                ^^^ help: use `..=` for an inclusive range\n     |\n     = warning: this is accepted in the current edition (Rust 2015) but is a hard error in Rust 2021!\n     = note: for more information, see <https://doc.rust-lang.org/nightly/edition-guide/rust-2021/warnings-promoted-to-error.html>\n     = note: `#[warn(ellipsis_inclusive_range_patterns)]` on by default\n\nwarning: `...` range patterns are deprecated\n    --> regex-syntax/src/ast/parse.rs:1456:16\n     |\n1456 |             '8'...'9' if !self.parser().octal => {\n     |                ^^^ help: use `..=` for an inclusive range\n     |\n     = warning: this is accepted in the current edition (Rust 2015) but is a hard error in Rust 2021!\n     = note: for more information, see <https://doc.rust-lang.org/nightly/edition-guide/rust-2021/warnings-promoted-to-error.html>\n\nwarning: unused import: `Primitive`\n    --> regex-syntax/src/ast/parse.rs:2261:49\n     |\n2261 |     use super::{Parser, ParserI, ParserBuilder, Primitive};\n     |                                                 ^^^^^^^^^\n     |\n     = note: `#[warn(unused_imports)]` on by default\n\nwarning: unused macro definition: `assert_eq`\n    --> regex-syntax/src/ast/parse.rs:2265:18\n     |\n2265 |     macro_rules! assert_eq {\n     |                  ^^^^^^^^^\n     |\n     = note: `#[warn(unused_macros)]` on by default\n\nwarning: unused import: `super::*`\n    --> regex-syntax/src/ast/mod.rs:1482:9\n     |\n1482 |     use super::*;\n     |         ^^^^^^^^\n\nwarning: unused import: `ast::parse::Parser`\n   --> regex-syntax/src/error.rs:288:9\n    |\n288 |     use ast::parse::Parser;\n    |         ^^^^^^^^^^^^^^^^^^\n\nwarning: unused import: `ParserBuilder`\n    --> regex-syntax/src/hir/literal/mod.rs:1004:9\n     |\n1004 |     use ParserBuilder;\n     |         ^^^^^^^^^^^^^\n\nwarning: unused imports: `Position` and `self`\n    --> regex-syntax/src/hir/translate.rs:1094:15\n     |\n1094 |     use ast::{self, Ast, Position, Span};\n     |               ^^^^       ^^^^^^^^\n\nwarning: unused import: `ascii_class`\n    --> regex-syntax/src/hir/translate.rs:1099:36\n     |\n1099 |     use super::{TranslatorBuilder, ascii_class};\n     |                                    ^^^^^^^^^^^\n\nwarning: unused import: `ntest::timeout`\n   --> regex-syntax/src/hir/visitor.rs:226:8\n    |\n226 |    use ntest::timeout;\n    |        ^^^^^^^^^^^^^^\n\nwarning: unused imports: `contains_simple_case_mapping` and `simple_fold`\n   --> regex-syntax/src/unicode.rs:375:17\n    |\n375 |     use super::{contains_simple_case_mapping, simple_fold};\n    |                 ^^^^^^^^^^^^^^^^^^^^^^^^^^^^  ^^^^^^^^^^^\n\nwarning: `...` range patterns are deprecated\n   --> regex-syntax/src/lib.rs:195:21\n    |\n195 |         b'_' | b'0' ... b'9' | b'a' ... b'z' | b'A' ... b'Z'  => true,\n    |                     ^^^ help: use `..=` for an inclusive range\n    |\n    = warning: this is accepted in the current edition (Rust 2015) but is a hard error in Rust 2021!\n    = note: for more information, see <https://doc.rust-lang.org/nightly/edition-guide/rust-2021/warnings-promoted-to-error.html>\n\nwarning: `...` range patterns are deprecated\n   --> regex-syntax/src/lib.rs:195:37\n    |\n195 |         b'_' | b'0' ... b'9' | b'a' ... b'z' | b'A' ... b'Z'  => true,\n    |                                     ^^^ help: use `..=` for an inclusive range\n    |\n    = warning: this is accepted in the current edition (Rust 2015) but is a hard error in Rust 2021!\n    = note: for more information, see <https://doc.rust-lang.org/nightly/edition-guide/rust-2021/warnings-promoted-to-error.html>\n\nwarning: `...` range patterns are deprecated\n   --> regex-syntax/src/lib.rs:195:53\n    |\n195 |         b'_' | b'0' ... b'9' | b'a' ... b'z' | b'A' ... b'Z'  => true,\n    |                                                     ^^^ help: use `..=` for an inclusive range\n    |\n    = warning: this is accepted in the current edition (Rust 2015) but is a hard error in Rust 2021!\n    = note: for more information, see <https://doc.rust-lang.org/nightly/edition-guide/rust-2021/warnings-promoted-to-error.html>\n\nwarning: unused import: `super::*`\n   --> regex-syntax/src/lib.rs:202:9\n    |\n202 |     use super::*;\n    |         ^^^^^^^^\n\nwarning: use of deprecated method `std::error::Error::description`: use the Display impl or to_string()\n  --> regex-syntax/src/error.rs:45:38\n   |\n45 |             Error::Parse(ref x) => x.description(),\n   |                                      ^^^^^^^^^^^\n   |\n   = note: `#[warn(deprecated)]` on by default\n\nwarning: use of deprecated method `std::error::Error::description`: use the Display impl or to_string()\n  --> regex-syntax/src/error.rs:46:42\n   |\n46 |             Error::Translate(ref x) => x.description(),\n   |                                          ^^^^^^^^^^^\n\nerror[E0599]: no function or associated item named `new` found for struct `hir::Hir` in the current scope\n   --> regex-syntax/src/hir/visitor.rs:279:24\n    |\n279 |     let mut hir = Hir::new(); // Initialize a Hir instance\n    |                        ^^^ function or associated item not found in `hir::Hir`\n    |\n   ::: regex-syntax/src/hir/mod.rs:161:1\n    |\n161 | pub struct Hir {\n    | -------------- function or associated item `new` not found for this struct\n    |\nnote: if you're trying to build a new `hir::Hir` consider using one of the following associated functions:\n      hir::Hir::empty\n      hir::Hir::literal\n      hir::Hir::class\n      hir::Hir::anchor\n      and 7 others\n   --> regex-syntax/src/hir/mod.rs:219:5\n    |\n219 |     pub fn empty() -> Hir {\n    |     ^^^^^^^^^^^^^^^^^^^^^\n...\n239 |     pub fn literal(lit: Literal) -> Hir {\n    |     ^^^^^^^^^^^^^^^^^^^^^^^^^^^^^^^^^^^\n...\n259 |     pub fn class(class: Class) -> Hir {\n    |     ^^^^^^^^^^^^^^^^^^^^^^^^^^^^^^^^^\n...\n275 |     pub fn anchor(anchor: Anchor) -> Hir {\n    |     ^^^^^^^^^^^^^^^^^^^^^^^^^^^^^^^^^^^^\nhelp: there is a method `ne` with a similar name, but with different arguments\n   --> /home/abezbm/.rustup/toolchains/nightly-2024-07-21-x86_64-unknown-linux-gnu/lib/rustlib/src/rust/library/core/src/cmp.rs:262:5\n    |\n262 |     fn ne(&self, other: &Rhs) -> bool {\n    |     ^^^^^^^^^^^^^^^^^^^^^^^^^^^^^^^^^\n\nerror[E0599]: no method named `visit` found for struct `TestVisitor` in the current scope\n   --> regex-syntax/src/hir/visitor.rs:283:13\n    |\n230 |     struct TestVisitor {\n    |     ------------------ method `visit` not found for this struct\n...\n283 |     visitor.visit(&mut hir, visitor).expect(\"Visit failed\");\n    |             ^^^^^\n    |\nhelp: there is a method `visit_pre` with a similar name, but with different arguments\n   --> regex-syntax/src/hir/visitor.rs:38:5\n    |\n38  |     fn visit_pre(&mut self, _hir: &Hir) -> Result<(), Self::Err> {\n    |     ^^^^^^^^^^^^^^^^^^^^^^^^^^^^^^^^^^^^^^^^^^^^^^^^^^^^^^^^^^^^\n\nerror[E0308]: mismatched types\n   --> regex-syntax/src/hir/visitor.rs:273:28\n    |\n273 |         fn child(&self) -> &Hir {\n    |            -----           ^^^^ expected `&Hir`, found `()`\n    |            |\n    |            implicitly returns `()` as its body has no tail or `return` expression\n\nwarning: variable does not need to be mutable\n   --> regex-syntax/src/hir/literal/mod.rs:687:17\n    |\n687 |             let mut buf = &mut buf[..i];\n    |                 ----^^^\n    |                 |\n    |                 help: remove this `mut`\n    |\n    = note: `#[warn(unused_mut)]` on by default\n\nSome errors have detailed explanations: E0308, E0599.\nFor more information about an error, try `rustc --explain E0308`.\nwarning: `regex-syntax` (lib test) generated 18 warnings\nerror: could not compile `regex-syntax` (lib test) due to 3 previous errors; 18 warnings emitted\n"
                }
              ],
              "repaired": [
                false
              ]
            },
            {
              "attrs": [
                "#[should_panic]"
              ],
              "prefix": [],
              "oracles": [],
              "codes": [
                [
                  "{",
                  "    struct TestVisitor {",
                  "        output: Vec<usize>,",
                  "    }",
                  "",
                  "    impl TestVisitor {",
                  "        fn new() -> Self {",
                  "            Self { output: Vec::new() }",
                  "        }",
                  "    }",
                  "",
                  "    impl Visitor for TestVisitor {",
                  "        type Output = Vec<usize>;",
                  "        type Err = ();",
                  "",
                  "        fn start(&mut self) {",
                  "            self.output.clear();",
                  "        }",
                  "",
                  "        fn visit_pre(&mut self, _hir: &Hir) -> Result<(), Self::Err> {",
                  "            Err(()) // Trigger error on visit_pre",
                  "        }",
                  "",
                  "        fn visit_post(&mut self, _hir: &Hir) -> Result<(), Self::Err> {",
                  "            self.output.push(2);",
                  "            Ok(())",
                  "        }",
                  "",
                  "        fn finish(self) -> Result<Self::Output, Self::Err> {",
                  "            Ok(self.output)",
                  "        }",
                  "",
                  "        fn visit_alternation_in(&mut self) -> Result<(), Self::Err> {",
                  "            self.output.push(3);",
                  "            Ok(())",
                  "        }",
                  "    }",
                  "",
                  "    let mut visitor = TestVisitor::new();",
                  "    let mut hir = Hir::new(); // Initialize a Hir instance",
                  "",
                  "    visitor.visit(&mut hir, visitor).expect(\"Visit failed\");",
                  "}"
                ]
              ],
              "can_compile": [
                {
                  "Err": "warning: /home/abezbm/rust-utgen-test-crates-new/regex/Cargo.toml: no edition set: defaulting to the 2015 edition while the latest is 2021\nwarning: /home/abezbm/rust-utgen-test-crates-new/regex/regex-debug/Cargo.toml: no edition set: defaulting to the 2015 edition while the latest is 2021\nwarning: /home/abezbm/rust-utgen-test-crates-new/regex/regex-syntax/Cargo.toml: no edition set: defaulting to the 2015 edition while the latest is 2021\nwarning: /home/abezbm/rust-utgen-test-crates-new/regex/regex-capi/Cargo.toml: no edition set: defaulting to the 2015 edition while the latest is 2021\n   Compiling proc-macro2 v1.0.95\n   Compiling syn v1.0.109\n   Compiling quote v1.0.40\n   Compiling ntest_test_cases v0.9.3\n   Compiling ntest_timeout v0.9.3\n   Compiling ntest v0.9.3\n   Compiling regex-syntax v0.6.0 (/home/abezbm/rust-utgen-test-crates-new/regex/regex-syntax)\nwarning: `...` range patterns are deprecated\n    --> regex-syntax/src/ast/parse.rs:1445:16\n     |\n1445 |             '0'...'7' => {\n     |                ^^^ help: use `..=` for an inclusive range\n     |\n     = warning: this is accepted in the current edition (Rust 2015) but is a hard error in Rust 2021!\n     = note: for more information, see <https://doc.rust-lang.org/nightly/edition-guide/rust-2021/warnings-promoted-to-error.html>\n     = note: `#[warn(ellipsis_inclusive_range_patterns)]` on by default\n\nwarning: `...` range patterns are deprecated\n    --> regex-syntax/src/ast/parse.rs:1456:16\n     |\n1456 |             '8'...'9' if !self.parser().octal => {\n     |                ^^^ help: use `..=` for an inclusive range\n     |\n     = warning: this is accepted in the current edition (Rust 2015) but is a hard error in Rust 2021!\n     = note: for more information, see <https://doc.rust-lang.org/nightly/edition-guide/rust-2021/warnings-promoted-to-error.html>\n\nwarning: unused import: `Primitive`\n    --> regex-syntax/src/ast/parse.rs:2261:49\n     |\n2261 |     use super::{Parser, ParserI, ParserBuilder, Primitive};\n     |                                                 ^^^^^^^^^\n     |\n     = note: `#[warn(unused_imports)]` on by default\n\nwarning: unused macro definition: `assert_eq`\n    --> regex-syntax/src/ast/parse.rs:2265:18\n     |\n2265 |     macro_rules! assert_eq {\n     |                  ^^^^^^^^^\n     |\n     = note: `#[warn(unused_macros)]` on by default\n\nwarning: unused import: `super::*`\n    --> regex-syntax/src/ast/mod.rs:1482:9\n     |\n1482 |     use super::*;\n     |         ^^^^^^^^\n\nwarning: unused import: `ast::parse::Parser`\n   --> regex-syntax/src/error.rs:288:9\n    |\n288 |     use ast::parse::Parser;\n    |         ^^^^^^^^^^^^^^^^^^\n\nwarning: unused import: `ParserBuilder`\n    --> regex-syntax/src/hir/literal/mod.rs:1004:9\n     |\n1004 |     use ParserBuilder;\n     |         ^^^^^^^^^^^^^\n\nwarning: unused imports: `Position` and `self`\n    --> regex-syntax/src/hir/translate.rs:1094:15\n     |\n1094 |     use ast::{self, Ast, Position, Span};\n     |               ^^^^       ^^^^^^^^\n\nwarning: unused import: `ascii_class`\n    --> regex-syntax/src/hir/translate.rs:1099:36\n     |\n1099 |     use super::{TranslatorBuilder, ascii_class};\n     |                                    ^^^^^^^^^^^\n\nwarning: unused import: `ntest::timeout`\n   --> regex-syntax/src/hir/visitor.rs:226:8\n    |\n226 |    use ntest::timeout;\n    |        ^^^^^^^^^^^^^^\n\nwarning: unused imports: `contains_simple_case_mapping` and `simple_fold`\n   --> regex-syntax/src/unicode.rs:375:17\n    |\n375 |     use super::{contains_simple_case_mapping, simple_fold};\n    |                 ^^^^^^^^^^^^^^^^^^^^^^^^^^^^  ^^^^^^^^^^^\n\nwarning: `...` range patterns are deprecated\n   --> regex-syntax/src/lib.rs:195:21\n    |\n195 |         b'_' | b'0' ... b'9' | b'a' ... b'z' | b'A' ... b'Z'  => true,\n    |                     ^^^ help: use `..=` for an inclusive range\n    |\n    = warning: this is accepted in the current edition (Rust 2015) but is a hard error in Rust 2021!\n    = note: for more information, see <https://doc.rust-lang.org/nightly/edition-guide/rust-2021/warnings-promoted-to-error.html>\n\nwarning: `...` range patterns are deprecated\n   --> regex-syntax/src/lib.rs:195:37\n    |\n195 |         b'_' | b'0' ... b'9' | b'a' ... b'z' | b'A' ... b'Z'  => true,\n    |                                     ^^^ help: use `..=` for an inclusive range\n    |\n    = warning: this is accepted in the current edition (Rust 2015) but is a hard error in Rust 2021!\n    = note: for more information, see <https://doc.rust-lang.org/nightly/edition-guide/rust-2021/warnings-promoted-to-error.html>\n\nwarning: `...` range patterns are deprecated\n   --> regex-syntax/src/lib.rs:195:53\n    |\n195 |         b'_' | b'0' ... b'9' | b'a' ... b'z' | b'A' ... b'Z'  => true,\n    |                                                     ^^^ help: use `..=` for an inclusive range\n    |\n    = warning: this is accepted in the current edition (Rust 2015) but is a hard error in Rust 2021!\n    = note: for more information, see <https://doc.rust-lang.org/nightly/edition-guide/rust-2021/warnings-promoted-to-error.html>\n\nwarning: unused import: `super::*`\n   --> regex-syntax/src/lib.rs:202:9\n    |\n202 |     use super::*;\n    |         ^^^^^^^^\n\nwarning: use of deprecated method `std::error::Error::description`: use the Display impl or to_string()\n  --> regex-syntax/src/error.rs:45:38\n   |\n45 |             Error::Parse(ref x) => x.description(),\n   |                                      ^^^^^^^^^^^\n   |\n   = note: `#[warn(deprecated)]` on by default\n\nwarning: use of deprecated method `std::error::Error::description`: use the Display impl or to_string()\n  --> regex-syntax/src/error.rs:46:42\n   |\n46 |             Error::Translate(ref x) => x.description(),\n   |                                          ^^^^^^^^^^^\n\nerror[E0599]: no function or associated item named `new` found for struct `hir::Hir` in the current scope\n   --> regex-syntax/src/hir/visitor.rs:269:24\n    |\n269 |     let mut hir = Hir::new(); // Initialize a Hir instance\n    |                        ^^^ function or associated item not found in `hir::Hir`\n    |\n   ::: regex-syntax/src/hir/mod.rs:161:1\n    |\n161 | pub struct Hir {\n    | -------------- function or associated item `new` not found for this struct\n    |\nnote: if you're trying to build a new `hir::Hir` consider using one of the following associated functions:\n      hir::Hir::empty\n      hir::Hir::literal\n      hir::Hir::class\n      hir::Hir::anchor\n      and 7 others\n   --> regex-syntax/src/hir/mod.rs:219:5\n    |\n219 |     pub fn empty() -> Hir {\n    |     ^^^^^^^^^^^^^^^^^^^^^\n...\n239 |     pub fn literal(lit: Literal) -> Hir {\n    |     ^^^^^^^^^^^^^^^^^^^^^^^^^^^^^^^^^^^\n...\n259 |     pub fn class(class: Class) -> Hir {\n    |     ^^^^^^^^^^^^^^^^^^^^^^^^^^^^^^^^^\n...\n275 |     pub fn anchor(anchor: Anchor) -> Hir {\n    |     ^^^^^^^^^^^^^^^^^^^^^^^^^^^^^^^^^^^^\nhelp: there is a method `ne` with a similar name, but with different arguments\n   --> /home/abezbm/.rustup/toolchains/nightly-2024-07-21-x86_64-unknown-linux-gnu/lib/rustlib/src/rust/library/core/src/cmp.rs:262:5\n    |\n262 |     fn ne(&self, other: &Rhs) -> bool {\n    |     ^^^^^^^^^^^^^^^^^^^^^^^^^^^^^^^^^\n\nerror[E0599]: no method named `visit` found for struct `TestVisitor` in the current scope\n   --> regex-syntax/src/hir/visitor.rs:271:13\n    |\n231 |     struct TestVisitor {\n    |     ------------------ method `visit` not found for this struct\n...\n271 |     visitor.visit(&mut hir, visitor).expect(\"Visit failed\");\n    |             ^^^^^\n    |\nhelp: there is a method `visit_pre` with a similar name, but with different arguments\n   --> regex-syntax/src/hir/visitor.rs:38:5\n    |\n38  |     fn visit_pre(&mut self, _hir: &Hir) -> Result<(), Self::Err> {\n    |     ^^^^^^^^^^^^^^^^^^^^^^^^^^^^^^^^^^^^^^^^^^^^^^^^^^^^^^^^^^^^\n\nwarning: variable does not need to be mutable\n   --> regex-syntax/src/hir/literal/mod.rs:687:17\n    |\n687 |             let mut buf = &mut buf[..i];\n    |                 ----^^^\n    |                 |\n    |                 help: remove this `mut`\n    |\n    = note: `#[warn(unused_mut)]` on by default\n\nFor more information about this error, try `rustc --explain E0599`.\nwarning: `regex-syntax` (lib test) generated 18 warnings\nerror: could not compile `regex-syntax` (lib test) due to 2 previous errors; 18 warnings emitted\n"
                }
              ],
              "repaired": [
                false
              ]
            },
            {
              "attrs": [],
              "prefix": [],
              "oracles": [],
              "codes": [
                [
                  "{",
                  "    struct TestVisitor {",
                  "        output: Vec<usize>,",
                  "    }",
                  "",
                  "    impl TestVisitor {",
                  "        fn new() -> Self {",
                  "            Self { output: Vec::new() }",
                  "        }",
                  "    }",
                  "",
                  "    impl Visitor for TestVisitor {",
                  "        type Output = Vec<usize>;",
                  "        type Err = ();",
                  "",
                  "        fn start(&mut self) {",
                  "            self.output.clear();",
                  "        }",
                  "",
                  "        fn visit_pre(&mut self, _hir: &Hir) -> Result<(), Self::Err> {",
                  "            self.output.push(1);",
                  "            Ok(())",
                  "        }",
                  "",
                  "        fn visit_post(&mut self, _hir: &Hir) -> Result<(), Self::Err> {",
                  "            self.output.push(2);",
                  "            Ok(())",
                  "        }",
                  "",
                  "        fn finish(self) -> Result<Self::Output, Self::Err> {",
                  "            Ok(self.output)",
                  "        }",
                  "",
                  "        fn visit_alternation_in(&mut self) -> Result<(), Self::Err> {",
                  "            self.output.push(3);",
                  "            Ok(())",
                  "        }",
                  "    }",
                  "",
                  "    struct TestInductive {",
                  "        // struct fields for test inductive steps",
                  "    }",
                  "",
                  "    impl TestInductive {",
                  "        fn child(&self) -> &Hir {",
                  "            // Return an appropriate Hir instance",
                  "        }",
                  "    }",
                  "",
                  "    let mut visitor = TestVisitor::new();",
                  "    let mut hir = Hir::new(); // Initialize a Hir instance",
                  "    let mut test_obj = TestInductive {}; // Initialize TestInductive",
                  "",
                  "    visitor.visit(&mut hir, visitor).expect(\"Visit failed\");",
                  "}"
                ]
              ],
              "can_compile": [
                {
                  "Err": "warning: /home/abezbm/rust-utgen-test-crates-new/regex/Cargo.toml: no edition set: defaulting to the 2015 edition while the latest is 2021\nwarning: /home/abezbm/rust-utgen-test-crates-new/regex/regex-capi/Cargo.toml: no edition set: defaulting to the 2015 edition while the latest is 2021\nwarning: /home/abezbm/rust-utgen-test-crates-new/regex/regex-debug/Cargo.toml: no edition set: defaulting to the 2015 edition while the latest is 2021\nwarning: /home/abezbm/rust-utgen-test-crates-new/regex/regex-syntax/Cargo.toml: no edition set: defaulting to the 2015 edition while the latest is 2021\n   Compiling proc-macro2 v1.0.95\n   Compiling syn v1.0.109\n   Compiling quote v1.0.40\n   Compiling ntest_test_cases v0.9.3\n   Compiling ntest_timeout v0.9.3\n   Compiling ntest v0.9.3\n   Compiling regex-syntax v0.6.0 (/home/abezbm/rust-utgen-test-crates-new/regex/regex-syntax)\nwarning: `...` range patterns are deprecated\n    --> regex-syntax/src/ast/parse.rs:1445:16\n     |\n1445 |             '0'...'7' => {\n     |                ^^^ help: use `..=` for an inclusive range\n     |\n     = warning: this is accepted in the current edition (Rust 2015) but is a hard error in Rust 2021!\n     = note: for more information, see <https://doc.rust-lang.org/nightly/edition-guide/rust-2021/warnings-promoted-to-error.html>\n     = note: `#[warn(ellipsis_inclusive_range_patterns)]` on by default\n\nwarning: `...` range patterns are deprecated\n    --> regex-syntax/src/ast/parse.rs:1456:16\n     |\n1456 |             '8'...'9' if !self.parser().octal => {\n     |                ^^^ help: use `..=` for an inclusive range\n     |\n     = warning: this is accepted in the current edition (Rust 2015) but is a hard error in Rust 2021!\n     = note: for more information, see <https://doc.rust-lang.org/nightly/edition-guide/rust-2021/warnings-promoted-to-error.html>\n\nwarning: unused import: `Primitive`\n    --> regex-syntax/src/ast/parse.rs:2261:49\n     |\n2261 |     use super::{Parser, ParserI, ParserBuilder, Primitive};\n     |                                                 ^^^^^^^^^\n     |\n     = note: `#[warn(unused_imports)]` on by default\n\nwarning: unused macro definition: `assert_eq`\n    --> regex-syntax/src/ast/parse.rs:2265:18\n     |\n2265 |     macro_rules! assert_eq {\n     |                  ^^^^^^^^^\n     |\n     = note: `#[warn(unused_macros)]` on by default\n\nwarning: unused import: `super::*`\n    --> regex-syntax/src/ast/mod.rs:1482:9\n     |\n1482 |     use super::*;\n     |         ^^^^^^^^\n\nwarning: unused import: `ast::parse::Parser`\n   --> regex-syntax/src/error.rs:288:9\n    |\n288 |     use ast::parse::Parser;\n    |         ^^^^^^^^^^^^^^^^^^\n\nwarning: unused import: `ParserBuilder`\n    --> regex-syntax/src/hir/literal/mod.rs:1004:9\n     |\n1004 |     use ParserBuilder;\n     |         ^^^^^^^^^^^^^\n\nwarning: unused imports: `Position` and `self`\n    --> regex-syntax/src/hir/translate.rs:1094:15\n     |\n1094 |     use ast::{self, Ast, Position, Span};\n     |               ^^^^       ^^^^^^^^\n\nwarning: unused import: `ascii_class`\n    --> regex-syntax/src/hir/translate.rs:1099:36\n     |\n1099 |     use super::{TranslatorBuilder, ascii_class};\n     |                                    ^^^^^^^^^^^\n\nwarning: unused import: `ntest::timeout`\n   --> regex-syntax/src/hir/visitor.rs:226:8\n    |\n226 |    use ntest::timeout;\n    |        ^^^^^^^^^^^^^^\n\nwarning: unused imports: `contains_simple_case_mapping` and `simple_fold`\n   --> regex-syntax/src/unicode.rs:375:17\n    |\n375 |     use super::{contains_simple_case_mapping, simple_fold};\n    |                 ^^^^^^^^^^^^^^^^^^^^^^^^^^^^  ^^^^^^^^^^^\n\nwarning: `...` range patterns are deprecated\n   --> regex-syntax/src/lib.rs:195:21\n    |\n195 |         b'_' | b'0' ... b'9' | b'a' ... b'z' | b'A' ... b'Z'  => true,\n    |                     ^^^ help: use `..=` for an inclusive range\n    |\n    = warning: this is accepted in the current edition (Rust 2015) but is a hard error in Rust 2021!\n    = note: for more information, see <https://doc.rust-lang.org/nightly/edition-guide/rust-2021/warnings-promoted-to-error.html>\n\nwarning: `...` range patterns are deprecated\n   --> regex-syntax/src/lib.rs:195:37\n    |\n195 |         b'_' | b'0' ... b'9' | b'a' ... b'z' | b'A' ... b'Z'  => true,\n    |                                     ^^^ help: use `..=` for an inclusive range\n    |\n    = warning: this is accepted in the current edition (Rust 2015) but is a hard error in Rust 2021!\n    = note: for more information, see <https://doc.rust-lang.org/nightly/edition-guide/rust-2021/warnings-promoted-to-error.html>\n\nwarning: `...` range patterns are deprecated\n   --> regex-syntax/src/lib.rs:195:53\n    |\n195 |         b'_' | b'0' ... b'9' | b'a' ... b'z' | b'A' ... b'Z'  => true,\n    |                                                     ^^^ help: use `..=` for an inclusive range\n    |\n    = warning: this is accepted in the current edition (Rust 2015) but is a hard error in Rust 2021!\n    = note: for more information, see <https://doc.rust-lang.org/nightly/edition-guide/rust-2021/warnings-promoted-to-error.html>\n\nwarning: unused import: `super::*`\n   --> regex-syntax/src/lib.rs:202:9\n    |\n202 |     use super::*;\n    |         ^^^^^^^^\n\nwarning: use of deprecated method `std::error::Error::description`: use the Display impl or to_string()\n  --> regex-syntax/src/error.rs:45:38\n   |\n45 |             Error::Parse(ref x) => x.description(),\n   |                                      ^^^^^^^^^^^\n   |\n   = note: `#[warn(deprecated)]` on by default\n\nwarning: use of deprecated method `std::error::Error::description`: use the Display impl or to_string()\n  --> regex-syntax/src/error.rs:46:42\n   |\n46 |             Error::Translate(ref x) => x.description(),\n   |                                          ^^^^^^^^^^^\n\nerror[E0599]: no function or associated item named `new` found for struct `hir::Hir` in the current scope\n   --> regex-syntax/src/hir/visitor.rs:279:24\n    |\n279 |     let mut hir = Hir::new(); // Initialize a Hir instance\n    |                        ^^^ function or associated item not found in `hir::Hir`\n    |\n   ::: regex-syntax/src/hir/mod.rs:161:1\n    |\n161 | pub struct Hir {\n    | -------------- function or associated item `new` not found for this struct\n    |\nnote: if you're trying to build a new `hir::Hir` consider using one of the following associated functions:\n      hir::Hir::empty\n      hir::Hir::literal\n      hir::Hir::class\n      hir::Hir::anchor\n      and 7 others\n   --> regex-syntax/src/hir/mod.rs:219:5\n    |\n219 |     pub fn empty() -> Hir {\n    |     ^^^^^^^^^^^^^^^^^^^^^\n...\n239 |     pub fn literal(lit: Literal) -> Hir {\n    |     ^^^^^^^^^^^^^^^^^^^^^^^^^^^^^^^^^^^\n...\n259 |     pub fn class(class: Class) -> Hir {\n    |     ^^^^^^^^^^^^^^^^^^^^^^^^^^^^^^^^^\n...\n275 |     pub fn anchor(anchor: Anchor) -> Hir {\n    |     ^^^^^^^^^^^^^^^^^^^^^^^^^^^^^^^^^^^^\nhelp: there is a method `ne` with a similar name, but with different arguments\n   --> /home/abezbm/.rustup/toolchains/nightly-2024-07-21-x86_64-unknown-linux-gnu/lib/rustlib/src/rust/library/core/src/cmp.rs:262:5\n    |\n262 |     fn ne(&self, other: &Rhs) -> bool {\n    |     ^^^^^^^^^^^^^^^^^^^^^^^^^^^^^^^^^\n\nerror[E0599]: no method named `visit` found for struct `TestVisitor` in the current scope\n   --> regex-syntax/src/hir/visitor.rs:282:13\n    |\n230 |     struct TestVisitor {\n    |     ------------------ method `visit` not found for this struct\n...\n282 |     visitor.visit(&mut hir, visitor).expect(\"Visit failed\");\n    |             ^^^^^\n    |\nhelp: there is a method `visit_pre` with a similar name, but with different arguments\n   --> regex-syntax/src/hir/visitor.rs:38:5\n    |\n38  |     fn visit_pre(&mut self, _hir: &Hir) -> Result<(), Self::Err> {\n    |     ^^^^^^^^^^^^^^^^^^^^^^^^^^^^^^^^^^^^^^^^^^^^^^^^^^^^^^^^^^^^\n\nerror[E0308]: mismatched types\n   --> regex-syntax/src/hir/visitor.rs:273:28\n    |\n273 |         fn child(&self) -> &Hir {\n    |            -----           ^^^^ expected `&Hir`, found `()`\n    |            |\n    |            implicitly returns `()` as its body has no tail or `return` expression\n\nwarning: variable does not need to be mutable\n   --> regex-syntax/src/hir/literal/mod.rs:687:17\n    |\n687 |             let mut buf = &mut buf[..i];\n    |                 ----^^^\n    |                 |\n    |                 help: remove this `mut`\n    |\n    = note: `#[warn(unused_mut)]` on by default\n\nSome errors have detailed explanations: E0308, E0599.\nFor more information about an error, try `rustc --explain E0308`.\nwarning: `regex-syntax` (lib test) generated 18 warnings\nerror: could not compile `regex-syntax` (lib test) due to 3 previous errors; 18 warnings emitted\n"
                }
              ],
              "repaired": [
                false
              ]
            }
          ]
        }
      ]
    }
  ]
}