{
  "name": "fastrand::global_rng::bool",
  "name_with_impl": "fastrand::global_rng::bool",
  "mod_info": {
    "name": "global_rng",
    "loc": "src/lib.rs:125:1:125:16"
  },
  "visible": true,
  "loc": "src/global_rng.rs:84:1:86:2",
  "fn_tests": [
    {
      "chain_id": 1,
      "prompt_conds": [],
      "input_infer": "",
      "answers": [
        {
          "uses": [],
          "has_test_mod": false,
          "common": [],
          "chain_tests": [
            {
              "attrs": [],
              "prefix": [],
              "oracles": [],
              "codes": [
                [
                  "{",
                  "    // Since the function `bool` is designed to return a random boolean value,",
                  "    // we will call the function multiple times to assure the output is valid.",
                  "    ",
                  "    let iterations = 1000; // number of iterations for testing robustness",
                  "    let mut true_count = 0;",
                  "    let mut false_count = 0;",
                  "",
                  "    for _ in 0..iterations {",
                  "        let result = fastrand::bool(); // Call the bool function from our crate",
                  "        if result {",
                  "            true_count += 1;",
                  "        } else {",
                  "            false_count += 1;",
                  "        }",
                  "    }",
                  "",
                  "    assert!(true_count > 0, \"Expected at least one true result\");",
                  "    assert!(false_count > 0, \"Expected at least one false result\");",
                  "}"
                ]
              ],
              "can_compile": [
                {
                  "Err": "   Compiling proc-macro2 v1.0.95\n   Compiling libc v0.2.172\n   Compiling zerocopy v0.8.25\n   Compiling syn v1.0.109\n   Compiling quote v1.0.40\n   Compiling getrandom v0.2.16\n   Compiling rand_core v0.6.4\n   Compiling wyhash v0.5.0\n   Compiling ppv-lite86 v0.2.21\n   Compiling rand_chacha v0.3.1\n   Compiling rand v0.8.5\n   Compiling ntest_timeout v0.9.3\n   Compiling ntest_test_cases v0.9.3\n   Compiling ntest v0.9.3\n   Compiling fastrand v2.3.0 (/home/abezbm/rust-utgen-test-crates-new/fastrand)\nwarning: unused import: `super::*`\n   --> src/global_rng.rs:227:8\n    |\n227 |    use super::*;\n    |        ^^^^^^^^\n    |\n    = note: `#[warn(unused_imports)]` on by default\n\nwarning: unused import: `ntest::timeout`\n   --> src/global_rng.rs:228:8\n    |\n228 |    use ntest::timeout;\n    |        ^^^^^^^^^^^^^^\n\nerror[E0433]: failed to resolve: use of undeclared crate or module `fastrand`\n   --> src/global_rng.rs:240:22\n    |\n240 |         let result = fastrand::bool(); // Call the bool function from our crate\n    |                      ^^^^^^^^ use of undeclared crate or module `fastrand`\n\nFor more information about this error, try `rustc --explain E0433`.\nwarning: `fastrand` (lib test) generated 2 warnings\nerror: could not compile `fastrand` (lib test) due to 1 previous error; 2 warnings emitted\n"
                }
              ],
              "repaired": [
                false
              ]
            },
            {
              "attrs": [],
              "prefix": [],
              "oracles": [],
              "codes": [
                [
                  "{",
                  "    // Testing edge cases for random behavior",
                  "    ",
                  "    let result = fastrand::bool(); // Call the bool function once",
                  "    assert!(result == true || result == false, \"Expected either true or false\");",
                  "}"
                ]
              ],
              "can_compile": [
                {
                  "Err": "   Compiling libc v0.2.172\n   Compiling proc-macro2 v1.0.95\n   Compiling syn v1.0.109\n   Compiling zerocopy v0.8.25\n   Compiling quote v1.0.40\n   Compiling getrandom v0.2.16\n   Compiling rand_core v0.6.4\n   Compiling wyhash v0.5.0\n   Compiling ppv-lite86 v0.2.21\n   Compiling rand_chacha v0.3.1\n   Compiling rand v0.8.5\n   Compiling ntest_test_cases v0.9.3\n   Compiling ntest_timeout v0.9.3\n   Compiling ntest v0.9.3\n   Compiling fastrand v2.3.0 (/home/abezbm/rust-utgen-test-crates-new/fastrand)\nwarning: unused import: `super::*`\n   --> src/global_rng.rs:227:8\n    |\n227 |    use super::*;\n    |        ^^^^^^^^\n    |\n    = note: `#[warn(unused_imports)]` on by default\n\nwarning: unused import: `ntest::timeout`\n   --> src/global_rng.rs:228:8\n    |\n228 |    use ntest::timeout;\n    |        ^^^^^^^^^^^^^^\n\nerror[E0433]: failed to resolve: use of undeclared crate or module `fastrand`\n   --> src/global_rng.rs:234:18\n    |\n234 |     let result = fastrand::bool(); // Call the bool function once\n    |                  ^^^^^^^^ use of undeclared crate or module `fastrand`\n\nFor more information about this error, try `rustc --explain E0433`.\nwarning: `fastrand` (lib test) generated 2 warnings\nerror: could not compile `fastrand` (lib test) due to 1 previous error; 2 warnings emitted\n"
                }
              ],
              "repaired": [
                false
              ]
            }
          ]
        }
      ]
    }
  ]
}