{
  "name": "regex_syntax::ast::visitor::ast::visitor::HeapVisitor<'a>::visit_class_post",
  "name_with_impl": "regex_syntax::ast::visitor::{impl#0}::visit_class_post",
  "mod_info": {
    "name": "ast::visitor",
    "loc": "regex-syntax/src/ast/mod.rs:23:1:23:13"
  },
  "visible": false,
  "loc": "regex-syntax/src/ast/visitor.rs:388:5:402:6",
  "fn_tests": [
    {
      "chain_id": 1,
      "prompt_conds": [
        "// constraint: *ast matches ClassInduct::BinaryOp(op) is true\n",
        "// constraint: visitor.visit_class_set_binary_op_post(op)? is Err/None\n"
      ],
      "input_infer": "",
      "answers": [
        {
          "uses": [],
          "has_test_mod": false,
          "common": [],
          "chain_tests": [
            {
              "attrs": [],
              "prefix": [],
              "oracles": [],
              "codes": [
                [
                  "{",
                  "    struct TestVisitor {",
                  "        called: bool,",
                  "    }",
                  "",
                  "    impl Visitor for TestVisitor {",
                  "        type Output = ();",
                  "        type Err = ();",
                  "",
                  "        fn visit_class_set_item_post(&mut self, _item: &ast::ClassSetItem) -> Result<(), Self::Err> {",
                  "            Ok(())",
                  "        }",
                  "",
                  "        fn visit_class_set_binary_op_post(&mut self, _op: &ast::ClassSetBinaryOp) -> Result<(), Self::Err> {",
                  "            // Simulate an error condition",
                  "            Err(())",
                  "        }",
                  "    }",
                  "",
                  "    let binary_op = ClassSetBinaryOp {",
                  "        span: Span::default(), // Assuming a default method exists or provide a valid span",
                  "        kind: ClassSetBinaryOpKind::Union, // Choose a valid kind",
                  "        lhs: Box::new(ClassSet::default()), // Assuming default method exists or provide a valid class set",
                  "        rhs: Box::new(ClassSet::default()), // Assuming default method exists or provide a valid class set",
                  "    };",
                  "",
                  "    let ast = ClassInduct::BinaryOp(&binary_op);",
                  "    let mut visitor = TestVisitor { called: false };",
                  "",
                  "    let result = HeapVisitor::new().visit_class_post(&ast, &mut visitor);",
                  "    assert!(result.is_err());",
                  "}"
                ]
              ],
              "can_compile": [
                {
                  "Err": "warning: /home/abezbm/rust-utgen-test-crates-new/regex/Cargo.toml: no edition set: defaulting to the 2015 edition while the latest is 2021\nwarning: /home/abezbm/rust-utgen-test-crates-new/regex/regex-capi/Cargo.toml: no edition set: defaulting to the 2015 edition while the latest is 2021\nwarning: /home/abezbm/rust-utgen-test-crates-new/regex/regex-syntax/Cargo.toml: no edition set: defaulting to the 2015 edition while the latest is 2021\nwarning: /home/abezbm/rust-utgen-test-crates-new/regex/regex-debug/Cargo.toml: no edition set: defaulting to the 2015 edition while the latest is 2021\n   Compiling proc-macro2 v1.0.95\n   Compiling syn v1.0.109\n   Compiling quote v1.0.40\n   Compiling ntest_test_cases v0.9.3\n   Compiling ntest_timeout v0.9.3\n   Compiling ntest v0.9.3\n   Compiling regex-syntax v0.6.0 (/home/abezbm/rust-utgen-test-crates-new/regex/regex-syntax)\nerror[E0422]: cannot find struct, variant or union type `ClassSetBinaryOp` in this scope\n   --> regex-syntax/src/ast/visitor.rs:583:21\n    |\n583 |     let binary_op = ClassSetBinaryOp {\n    |                     ^^^^^^^^^^^^^^^^ not found in this scope\n    |\nhelp: consider importing this struct\n    |\n560 +    use ast::ClassSetBinaryOp;\n    |\n\nerror[E0433]: failed to resolve: use of undeclared type `Span`\n   --> regex-syntax/src/ast/visitor.rs:584:15\n    |\n584 |         span: Span::default(), // Assuming a default method exists or provide a valid span\n    |               ^^^^ use of undeclared type `Span`\n    |\nhelp: consider importing this struct\n    |\n560 +    use ast::Span;\n    |\n\nerror[E0433]: failed to resolve: use of undeclared type `ClassSetBinaryOpKind`\n   --> regex-syntax/src/ast/visitor.rs:585:15\n    |\n585 |         kind: ClassSetBinaryOpKind::Union, // Choose a valid kind\n    |               ^^^^^^^^^^^^^^^^^^^^ use of undeclared type `ClassSetBinaryOpKind`\n    |\nhelp: consider importing this enum\n    |\n560 +    use ast::ClassSetBinaryOpKind;\n    |\n\nerror[E0433]: failed to resolve: use of undeclared type `ClassSet`\n   --> regex-syntax/src/ast/visitor.rs:586:23\n    |\n586 |         lhs: Box::new(ClassSet::default()), // Assuming default method exists or provide a valid class set\n    |                       ^^^^^^^^ use of undeclared type `ClassSet`\n    |\nhelp: consider importing this enum\n    |\n560 +    use ast::ClassSet;\n    |\n\nerror[E0433]: failed to resolve: use of undeclared type `ClassSet`\n   --> regex-syntax/src/ast/visitor.rs:587:23\n    |\n587 |         rhs: Box::new(ClassSet::default()), // Assuming default method exists or provide a valid class set\n    |                       ^^^^^^^^ use of undeclared type `ClassSet`\n    |\nhelp: consider importing this enum\n    |\n560 +    use ast::ClassSet;\n    |\n\nwarning: `...` range patterns are deprecated\n    --> regex-syntax/src/ast/parse.rs:1445:16\n     |\n1445 |             '0'...'7' => {\n     |                ^^^ help: use `..=` for an inclusive range\n     |\n     = warning: this is accepted in the current edition (Rust 2015) but is a hard error in Rust 2021!\n     = note: for more information, see <https://doc.rust-lang.org/nightly/edition-guide/rust-2021/warnings-promoted-to-error.html>\n     = note: `#[warn(ellipsis_inclusive_range_patterns)]` on by default\n\nwarning: `...` range patterns are deprecated\n    --> regex-syntax/src/ast/parse.rs:1456:16\n     |\n1456 |             '8'...'9' if !self.parser().octal => {\n     |                ^^^ help: use `..=` for an inclusive range\n     |\n     = warning: this is accepted in the current edition (Rust 2015) but is a hard error in Rust 2021!\n     = note: for more information, see <https://doc.rust-lang.org/nightly/edition-guide/rust-2021/warnings-promoted-to-error.html>\n\nwarning: unused import: `Primitive`\n    --> regex-syntax/src/ast/parse.rs:2261:49\n     |\n2261 |     use super::{Parser, ParserI, ParserBuilder, Primitive};\n     |                                                 ^^^^^^^^^\n     |\n     = note: `#[warn(unused_imports)]` on by default\n\nwarning: unused macro definition: `assert_eq`\n    --> regex-syntax/src/ast/parse.rs:2265:18\n     |\n2265 |     macro_rules! assert_eq {\n     |                  ^^^^^^^^^\n     |\n     = note: `#[warn(unused_macros)]` on by default\n\nwarning: unused import: `ntest::timeout`\n   --> regex-syntax/src/ast/visitor.rs:561:8\n    |\n561 |    use ntest::timeout;\n    |        ^^^^^^^^^^^^^^\n\nwarning: unused import: `super::*`\n    --> regex-syntax/src/ast/mod.rs:1482:9\n     |\n1482 |     use super::*;\n     |         ^^^^^^^^\n\nwarning: unused import: `ast::parse::Parser`\n   --> regex-syntax/src/error.rs:288:9\n    |\n288 |     use ast::parse::Parser;\n    |         ^^^^^^^^^^^^^^^^^^\n\nwarning: unused import: `ParserBuilder`\n    --> regex-syntax/src/hir/literal/mod.rs:1004:9\n     |\n1004 |     use ParserBuilder;\n     |         ^^^^^^^^^^^^^\n\nwarning: unused imports: `Position` and `self`\n    --> regex-syntax/src/hir/translate.rs:1094:15\n     |\n1094 |     use ast::{self, Ast, Position, Span};\n     |               ^^^^       ^^^^^^^^\n\nwarning: unused import: `ascii_class`\n    --> regex-syntax/src/hir/translate.rs:1099:36\n     |\n1099 |     use super::{TranslatorBuilder, ascii_class};\n     |                                    ^^^^^^^^^^^\n\nwarning: unused imports: `contains_simple_case_mapping` and `simple_fold`\n   --> regex-syntax/src/unicode.rs:375:17\n    |\n375 |     use super::{contains_simple_case_mapping, simple_fold};\n    |                 ^^^^^^^^^^^^^^^^^^^^^^^^^^^^  ^^^^^^^^^^^\n\nwarning: `...` range patterns are deprecated\n   --> regex-syntax/src/lib.rs:195:21\n    |\n195 |         b'_' | b'0' ... b'9' | b'a' ... b'z' | b'A' ... b'Z'  => true,\n    |                     ^^^ help: use `..=` for an inclusive range\n    |\n    = warning: this is accepted in the current edition (Rust 2015) but is a hard error in Rust 2021!\n    = note: for more information, see <https://doc.rust-lang.org/nightly/edition-guide/rust-2021/warnings-promoted-to-error.html>\n\nwarning: `...` range patterns are deprecated\n   --> regex-syntax/src/lib.rs:195:37\n    |\n195 |         b'_' | b'0' ... b'9' | b'a' ... b'z' | b'A' ... b'Z'  => true,\n    |                                     ^^^ help: use `..=` for an inclusive range\n    |\n    = warning: this is accepted in the current edition (Rust 2015) but is a hard error in Rust 2021!\n    = note: for more information, see <https://doc.rust-lang.org/nightly/edition-guide/rust-2021/warnings-promoted-to-error.html>\n\nwarning: `...` range patterns are deprecated\n   --> regex-syntax/src/lib.rs:195:53\n    |\n195 |         b'_' | b'0' ... b'9' | b'a' ... b'z' | b'A' ... b'Z'  => true,\n    |                                                     ^^^ help: use `..=` for an inclusive range\n    |\n    = warning: this is accepted in the current edition (Rust 2015) but is a hard error in Rust 2021!\n    = note: for more information, see <https://doc.rust-lang.org/nightly/edition-guide/rust-2021/warnings-promoted-to-error.html>\n\nwarning: unused import: `super::*`\n   --> regex-syntax/src/lib.rs:202:9\n    |\n202 |     use super::*;\n    |         ^^^^^^^^\n\nerror[E0046]: not all trait items implemented, missing: `finish`\n   --> regex-syntax/src/ast/visitor.rs:569:5\n    |\n41  |     fn finish(self) -> Result<Self::Output, Self::Err>;\n    |     --------------------------------------------------- `finish` from trait\n...\n569 |     impl Visitor for TestVisitor {\n    |     ^^^^^^^^^^^^^^^^^^^^^^^^^^^^ missing `finish` in implementation\n\nwarning: use of deprecated method `std::error::Error::description`: use the Display impl or to_string()\n  --> regex-syntax/src/error.rs:45:38\n   |\n45 |             Error::Parse(ref x) => x.description(),\n   |                                      ^^^^^^^^^^^\n   |\n   = note: `#[warn(deprecated)]` on by default\n\nwarning: use of deprecated method `std::error::Error::description`: use the Display impl or to_string()\n  --> regex-syntax/src/error.rs:46:42\n   |\n46 |             Error::Translate(ref x) => x.description(),\n   |                                          ^^^^^^^^^^^\n\nwarning: variable does not need to be mutable\n   --> regex-syntax/src/hir/literal/mod.rs:687:17\n    |\n687 |             let mut buf = &mut buf[..i];\n    |                 ----^^^\n    |                 |\n    |                 help: remove this `mut`\n    |\n    = note: `#[warn(unused_mut)]` on by default\n\nSome errors have detailed explanations: E0046, E0422, E0433.\nFor more information about an error, try `rustc --explain E0046`.\nwarning: `regex-syntax` (lib test) generated 18 warnings\nerror: could not compile `regex-syntax` (lib test) due to 6 previous errors; 18 warnings emitted\n"
                }
              ],
              "repaired": [
                false
              ]
            }
          ]
        }
      ]
    },
    {
      "chain_id": 2,
      "prompt_conds": [
        "// constraint: *ast matches ClassInduct::BinaryOp(op) is true\n",
        "// constraint: visitor.visit_class_set_binary_op_post(op)? is Ok/Some\n",
        "// expected return value/type: Ok(())\n"
      ],
      "input_infer": "",
      "answers": [
        {
          "uses": [],
          "has_test_mod": false,
          "common": [],
          "chain_tests": [
            {
              "attrs": [],
              "prefix": [],
              "oracles": [],
              "codes": [
                [
                  "{",
                  "    struct TestVisitor;",
                  "",
                  "    impl Visitor for TestVisitor {",
                  "        type Output = ();",
                  "        type Err = ();",
                  "",
                  "        fn visit_class_set_item_post(&mut self, _item: &ClassSetItem) -> Result<(), Self::Err> {",
                  "            Ok(())",
                  "        }",
                  "",
                  "        fn visit_class_set_binary_op_post(&mut self, _op: &ClassSetBinaryOp) -> Result<(), Self::Err> {",
                  "            Ok(())",
                  "        }",
                  "    }",
                  "",
                  "    let op = ClassSetBinaryOp {",
                  "        span: Span { start: 0, end: 1 }, // Assuming some valid Span structure",
                  "        kind: ClassSetBinaryOpKind::Union, // Assuming a valid enum variant",
                  "        lhs: Box::new(ClassSet::Union(vec![])), // Assuming a valid ClassSet structure",
                  "        rhs: Box::new(ClassSet::Union(vec![])), // Assuming a valid ClassSet structure",
                  "    };",
                  "",
                  "    let ast = ClassInduct::BinaryOp(&op);",
                  "    let mut visitor = TestVisitor;",
                  "",
                  "    let heap_visitor = HeapVisitor::new();",
                  "    let result = heap_visitor.visit_class_post(&ast, &mut visitor);",
                  "    ",
                  "    assert!(result.is_ok());",
                  "}"
                ]
              ],
              "can_compile": [
                {
                  "Err": "warning: /home/abezbm/rust-utgen-test-crates-new/regex/regex-debug/Cargo.toml: no edition set: defaulting to the 2015 edition while the latest is 2021\nwarning: /home/abezbm/rust-utgen-test-crates-new/regex/regex-capi/Cargo.toml: no edition set: defaulting to the 2015 edition while the latest is 2021\nwarning: /home/abezbm/rust-utgen-test-crates-new/regex/regex-syntax/Cargo.toml: no edition set: defaulting to the 2015 edition while the latest is 2021\nwarning: /home/abezbm/rust-utgen-test-crates-new/regex/Cargo.toml: no edition set: defaulting to the 2015 edition while the latest is 2021\n   Compiling proc-macro2 v1.0.95\n   Compiling syn v1.0.109\n   Compiling quote v1.0.40\n   Compiling ntest_timeout v0.9.3\n   Compiling ntest_test_cases v0.9.3\n   Compiling ntest v0.9.3\n   Compiling regex-syntax v0.6.0 (/home/abezbm/rust-utgen-test-crates-new/regex/regex-syntax)\nerror[E0412]: cannot find type `ClassSetItem` in this scope\n   --> regex-syntax/src/ast/visitor.rs:571:57\n    |\n571 |         fn visit_class_set_item_post(&mut self, _item: &ClassSetItem) -> Result<(), Self::Err> {\n    |                                                         ^^^^^^^^^^^^ not found in this scope\n    |\nhelp: consider importing this enum\n    |\n560 +    use ast::ClassSetItem;\n    |\n\nerror[E0412]: cannot find type `ClassSetBinaryOp` in this scope\n   --> regex-syntax/src/ast/visitor.rs:575:60\n    |\n575 |         fn visit_class_set_binary_op_post(&mut self, _op: &ClassSetBinaryOp) -> Result<(), Self::Err> {\n    |                                                            ^^^^^^^^^^^^^^^^ not found in this scope\n    |\nhelp: consider importing this struct\n    |\n560 +    use ast::ClassSetBinaryOp;\n    |\n\nerror[E0422]: cannot find struct, variant or union type `ClassSetBinaryOp` in this scope\n   --> regex-syntax/src/ast/visitor.rs:580:14\n    |\n580 |     let op = ClassSetBinaryOp {\n    |              ^^^^^^^^^^^^^^^^ not found in this scope\n    |\nhelp: consider importing this struct\n    |\n560 +    use ast::ClassSetBinaryOp;\n    |\n\nerror[E0422]: cannot find struct, variant or union type `Span` in this scope\n   --> regex-syntax/src/ast/visitor.rs:581:15\n    |\n581 |         span: Span { start: 0, end: 1 }, // Assuming some valid Span structure\n    |               ^^^^ not found in this scope\n    |\nhelp: consider importing this struct\n    |\n560 +    use ast::Span;\n    |\n\nerror[E0433]: failed to resolve: use of undeclared type `ClassSetBinaryOpKind`\n   --> regex-syntax/src/ast/visitor.rs:582:15\n    |\n582 |         kind: ClassSetBinaryOpKind::Union, // Assuming a valid enum variant\n    |               ^^^^^^^^^^^^^^^^^^^^ use of undeclared type `ClassSetBinaryOpKind`\n    |\nhelp: consider importing this enum\n    |\n560 +    use ast::ClassSetBinaryOpKind;\n    |\n\nerror[E0433]: failed to resolve: use of undeclared type `ClassSet`\n   --> regex-syntax/src/ast/visitor.rs:583:23\n    |\n583 |         lhs: Box::new(ClassSet::Union(vec![])), // Assuming a valid ClassSet structure\n    |                       ^^^^^^^^ use of undeclared type `ClassSet`\n    |\nhelp: consider importing this enum\n    |\n560 +    use ast::ClassSet;\n    |\n\nerror[E0433]: failed to resolve: use of undeclared type `ClassSet`\n   --> regex-syntax/src/ast/visitor.rs:584:23\n    |\n584 |         rhs: Box::new(ClassSet::Union(vec![])), // Assuming a valid ClassSet structure\n    |                       ^^^^^^^^ use of undeclared type `ClassSet`\n    |\nhelp: consider importing this enum\n    |\n560 +    use ast::ClassSet;\n    |\n\nwarning: `...` range patterns are deprecated\n    --> regex-syntax/src/ast/parse.rs:1445:16\n     |\n1445 |             '0'...'7' => {\n     |                ^^^ help: use `..=` for an inclusive range\n     |\n     = warning: this is accepted in the current edition (Rust 2015) but is a hard error in Rust 2021!\n     = note: for more information, see <https://doc.rust-lang.org/nightly/edition-guide/rust-2021/warnings-promoted-to-error.html>\n     = note: `#[warn(ellipsis_inclusive_range_patterns)]` on by default\n\nwarning: `...` range patterns are deprecated\n    --> regex-syntax/src/ast/parse.rs:1456:16\n     |\n1456 |             '8'...'9' if !self.parser().octal => {\n     |                ^^^ help: use `..=` for an inclusive range\n     |\n     = warning: this is accepted in the current edition (Rust 2015) but is a hard error in Rust 2021!\n     = note: for more information, see <https://doc.rust-lang.org/nightly/edition-guide/rust-2021/warnings-promoted-to-error.html>\n\nwarning: unused import: `Primitive`\n    --> regex-syntax/src/ast/parse.rs:2261:49\n     |\n2261 |     use super::{Parser, ParserI, ParserBuilder, Primitive};\n     |                                                 ^^^^^^^^^\n     |\n     = note: `#[warn(unused_imports)]` on by default\n\nwarning: unused macro definition: `assert_eq`\n    --> regex-syntax/src/ast/parse.rs:2265:18\n     |\n2265 |     macro_rules! assert_eq {\n     |                  ^^^^^^^^^\n     |\n     = note: `#[warn(unused_macros)]` on by default\n\nwarning: unused import: `ntest::timeout`\n   --> regex-syntax/src/ast/visitor.rs:561:8\n    |\n561 |    use ntest::timeout;\n    |        ^^^^^^^^^^^^^^\n\nwarning: unused import: `super::*`\n    --> regex-syntax/src/ast/mod.rs:1482:9\n     |\n1482 |     use super::*;\n     |         ^^^^^^^^\n\nwarning: unused import: `ast::parse::Parser`\n   --> regex-syntax/src/error.rs:288:9\n    |\n288 |     use ast::parse::Parser;\n    |         ^^^^^^^^^^^^^^^^^^\n\nwarning: unused import: `ParserBuilder`\n    --> regex-syntax/src/hir/literal/mod.rs:1004:9\n     |\n1004 |     use ParserBuilder;\n     |         ^^^^^^^^^^^^^\n\nwarning: unused imports: `Position` and `self`\n    --> regex-syntax/src/hir/translate.rs:1094:15\n     |\n1094 |     use ast::{self, Ast, Position, Span};\n     |               ^^^^       ^^^^^^^^\n\nwarning: unused import: `ascii_class`\n    --> regex-syntax/src/hir/translate.rs:1099:36\n     |\n1099 |     use super::{TranslatorBuilder, ascii_class};\n     |                                    ^^^^^^^^^^^\n\nwarning: unused imports: `contains_simple_case_mapping` and `simple_fold`\n   --> regex-syntax/src/unicode.rs:375:17\n    |\n375 |     use super::{contains_simple_case_mapping, simple_fold};\n    |                 ^^^^^^^^^^^^^^^^^^^^^^^^^^^^  ^^^^^^^^^^^\n\nwarning: `...` range patterns are deprecated\n   --> regex-syntax/src/lib.rs:195:21\n    |\n195 |         b'_' | b'0' ... b'9' | b'a' ... b'z' | b'A' ... b'Z'  => true,\n    |                     ^^^ help: use `..=` for an inclusive range\n    |\n    = warning: this is accepted in the current edition (Rust 2015) but is a hard error in Rust 2021!\n    = note: for more information, see <https://doc.rust-lang.org/nightly/edition-guide/rust-2021/warnings-promoted-to-error.html>\n\nwarning: `...` range patterns are deprecated\n   --> regex-syntax/src/lib.rs:195:37\n    |\n195 |         b'_' | b'0' ... b'9' | b'a' ... b'z' | b'A' ... b'Z'  => true,\n    |                                     ^^^ help: use `..=` for an inclusive range\n    |\n    = warning: this is accepted in the current edition (Rust 2015) but is a hard error in Rust 2021!\n    = note: for more information, see <https://doc.rust-lang.org/nightly/edition-guide/rust-2021/warnings-promoted-to-error.html>\n\nwarning: `...` range patterns are deprecated\n   --> regex-syntax/src/lib.rs:195:53\n    |\n195 |         b'_' | b'0' ... b'9' | b'a' ... b'z' | b'A' ... b'Z'  => true,\n    |                                                     ^^^ help: use `..=` for an inclusive range\n    |\n    = warning: this is accepted in the current edition (Rust 2015) but is a hard error in Rust 2021!\n    = note: for more information, see <https://doc.rust-lang.org/nightly/edition-guide/rust-2021/warnings-promoted-to-error.html>\n\nwarning: unused import: `super::*`\n   --> regex-syntax/src/lib.rs:202:9\n    |\n202 |     use super::*;\n    |         ^^^^^^^^\n\nerror[E0046]: not all trait items implemented, missing: `finish`\n   --> regex-syntax/src/ast/visitor.rs:567:5\n    |\n41  |     fn finish(self) -> Result<Self::Output, Self::Err>;\n    |     --------------------------------------------------- `finish` from trait\n...\n567 |     impl Visitor for TestVisitor {\n    |     ^^^^^^^^^^^^^^^^^^^^^^^^^^^^ missing `finish` in implementation\n\nwarning: use of deprecated method `std::error::Error::description`: use the Display impl or to_string()\n  --> regex-syntax/src/error.rs:45:38\n   |\n45 |             Error::Parse(ref x) => x.description(),\n   |                                      ^^^^^^^^^^^\n   |\n   = note: `#[warn(deprecated)]` on by default\n\nwarning: use of deprecated method `std::error::Error::description`: use the Display impl or to_string()\n  --> regex-syntax/src/error.rs:46:42\n   |\n46 |             Error::Translate(ref x) => x.description(),\n   |                                          ^^^^^^^^^^^\n\nwarning: variable does not need to be mutable\n   --> regex-syntax/src/hir/literal/mod.rs:687:17\n    |\n687 |             let mut buf = &mut buf[..i];\n    |                 ----^^^\n    |                 |\n    |                 help: remove this `mut`\n    |\n    = note: `#[warn(unused_mut)]` on by default\n\nSome errors have detailed explanations: E0046, E0412, E0422, E0433.\nFor more information about an error, try `rustc --explain E0046`.\nwarning: `regex-syntax` (lib test) generated 18 warnings\nerror: could not compile `regex-syntax` (lib test) due to 8 previous errors; 18 warnings emitted\n"
                }
              ],
              "repaired": [
                false
              ]
            }
          ]
        }
      ]
    },
    {
      "chain_id": 3,
      "prompt_conds": [
        "// constraint: *ast matches ClassInduct::Item(item) is true\n",
        "// constraint: *ast matches ClassInduct::Item(item) is true\n",
        "// constraint: visitor.visit_class_set_item_post(item)? is Err/None\n"
      ],
      "input_infer": "",
      "answers": [
        {
          "uses": [],
          "has_test_mod": false,
          "common": [],
          "chain_tests": [
            {
              "attrs": [],
              "prefix": [],
              "oracles": [],
              "codes": [
                [
                  "{",
                  "    struct MockVisitor {",
                  "        should_return_err: bool,",
                  "    }",
                  "",
                  "    impl Visitor for MockVisitor {",
                  "        type Output = ();",
                  "        type Err = ();",
                  "",
                  "        fn visit_class_set_item_post(&mut self, _item: &ClassSetItem) -> Result<Self::Output, Self::Err> {",
                  "            if self.should_return_err {",
                  "                Err(())",
                  "            } else {",
                  "                Ok(())",
                  "            }",
                  "        }",
                  "",
                  "        fn visit_class_set_binary_op_post(&mut self, _op: &ClassSetBinaryOp) -> Result<Self::Output, Self::Err> {",
                  "            Ok(())",
                  "        }",
                  "    }",
                  "",
                  "    let item = ClassSetItem::Literal(Literal::new()); // Assuming Literal has an appropriate new() method",
                  "    let induct = ClassInduct::Item(&item);",
                  "    let mut visitor = MockVisitor { should_return_err: true };",
                  "",
                  "    let heap_visitor = HeapVisitor::new();",
                  "",
                  "    // This should return an error due to the visitor configuration",
                  "    let result = heap_visitor.visit_class_post(&induct, &mut visitor);",
                  "    assert_eq!(result, Err(()));",
                  "}"
                ]
              ],
              "can_compile": [
                {
                  "Err": "warning: /home/abezbm/rust-utgen-test-crates-new/regex/regex-capi/Cargo.toml: no edition set: defaulting to the 2015 edition while the latest is 2021\nwarning: /home/abezbm/rust-utgen-test-crates-new/regex/regex-syntax/Cargo.toml: no edition set: defaulting to the 2015 edition while the latest is 2021\nwarning: /home/abezbm/rust-utgen-test-crates-new/regex/regex-debug/Cargo.toml: no edition set: defaulting to the 2015 edition while the latest is 2021\nwarning: /home/abezbm/rust-utgen-test-crates-new/regex/Cargo.toml: no edition set: defaulting to the 2015 edition while the latest is 2021\n   Compiling proc-macro2 v1.0.95\n   Compiling syn v1.0.109\n   Compiling quote v1.0.40\n   Compiling ntest_timeout v0.9.3\n   Compiling ntest_test_cases v0.9.3\n   Compiling ntest v0.9.3\n   Compiling regex-syntax v0.6.0 (/home/abezbm/rust-utgen-test-crates-new/regex/regex-syntax)\nerror[E0412]: cannot find type `ClassSetItem` in this scope\n   --> regex-syntax/src/ast/visitor.rs:573:57\n    |\n573 |         fn visit_class_set_item_post(&mut self, _item: &ClassSetItem) -> Result<Self::Output, Self::Err> {\n    |                                                         ^^^^^^^^^^^^ not found in this scope\n    |\nhelp: consider importing this enum\n    |\n560 +    use ast::ClassSetItem;\n    |\n\nerror[E0412]: cannot find type `ClassSetBinaryOp` in this scope\n   --> regex-syntax/src/ast/visitor.rs:581:60\n    |\n581 |         fn visit_class_set_binary_op_post(&mut self, _op: &ClassSetBinaryOp) -> Result<Self::Output, Self::Err> {\n    |                                                            ^^^^^^^^^^^^^^^^ not found in this scope\n    |\nhelp: consider importing this struct\n    |\n560 +    use ast::ClassSetBinaryOp;\n    |\n\nerror[E0433]: failed to resolve: use of undeclared type `ClassSetItem`\n   --> regex-syntax/src/ast/visitor.rs:586:16\n    |\n586 |     let item = ClassSetItem::Literal(Literal::new()); // Assuming Literal has an appropriate new() method\n    |                ^^^^^^^^^^^^ use of undeclared type `ClassSetItem`\n    |\nhelp: consider importing this enum\n    |\n560 +    use ast::ClassSetItem;\n    |\n\nerror[E0433]: failed to resolve: use of undeclared type `Literal`\n   --> regex-syntax/src/ast/visitor.rs:586:38\n    |\n586 |     let item = ClassSetItem::Literal(Literal::new()); // Assuming Literal has an appropriate new() method\n    |                                      ^^^^^^^ use of undeclared type `Literal`\n    |\nhelp: consider importing one of these items\n    |\n560 +    use ast::Literal;\n    |\n560 +    use hir::Literal;\n    |\n560 +    use hir::literal::Literal;\n    |\n\nwarning: `...` range patterns are deprecated\n    --> regex-syntax/src/ast/parse.rs:1445:16\n     |\n1445 |             '0'...'7' => {\n     |                ^^^ help: use `..=` for an inclusive range\n     |\n     = warning: this is accepted in the current edition (Rust 2015) but is a hard error in Rust 2021!\n     = note: for more information, see <https://doc.rust-lang.org/nightly/edition-guide/rust-2021/warnings-promoted-to-error.html>\n     = note: `#[warn(ellipsis_inclusive_range_patterns)]` on by default\n\nwarning: `...` range patterns are deprecated\n    --> regex-syntax/src/ast/parse.rs:1456:16\n     |\n1456 |             '8'...'9' if !self.parser().octal => {\n     |                ^^^ help: use `..=` for an inclusive range\n     |\n     = warning: this is accepted in the current edition (Rust 2015) but is a hard error in Rust 2021!\n     = note: for more information, see <https://doc.rust-lang.org/nightly/edition-guide/rust-2021/warnings-promoted-to-error.html>\n\nwarning: unused import: `Primitive`\n    --> regex-syntax/src/ast/parse.rs:2261:49\n     |\n2261 |     use super::{Parser, ParserI, ParserBuilder, Primitive};\n     |                                                 ^^^^^^^^^\n     |\n     = note: `#[warn(unused_imports)]` on by default\n\nwarning: unused macro definition: `assert_eq`\n    --> regex-syntax/src/ast/parse.rs:2265:18\n     |\n2265 |     macro_rules! assert_eq {\n     |                  ^^^^^^^^^\n     |\n     = note: `#[warn(unused_macros)]` on by default\n\nwarning: unused import: `ntest::timeout`\n   --> regex-syntax/src/ast/visitor.rs:561:8\n    |\n561 |    use ntest::timeout;\n    |        ^^^^^^^^^^^^^^\n\nwarning: unused import: `super::*`\n    --> regex-syntax/src/ast/mod.rs:1482:9\n     |\n1482 |     use super::*;\n     |         ^^^^^^^^\n\nwarning: unused import: `ast::parse::Parser`\n   --> regex-syntax/src/error.rs:288:9\n    |\n288 |     use ast::parse::Parser;\n    |         ^^^^^^^^^^^^^^^^^^\n\nwarning: unused import: `ParserBuilder`\n    --> regex-syntax/src/hir/literal/mod.rs:1004:9\n     |\n1004 |     use ParserBuilder;\n     |         ^^^^^^^^^^^^^\n\nwarning: unused imports: `Position` and `self`\n    --> regex-syntax/src/hir/translate.rs:1094:15\n     |\n1094 |     use ast::{self, Ast, Position, Span};\n     |               ^^^^       ^^^^^^^^\n\nwarning: unused import: `ascii_class`\n    --> regex-syntax/src/hir/translate.rs:1099:36\n     |\n1099 |     use super::{TranslatorBuilder, ascii_class};\n     |                                    ^^^^^^^^^^^\n\nwarning: unused imports: `contains_simple_case_mapping` and `simple_fold`\n   --> regex-syntax/src/unicode.rs:375:17\n    |\n375 |     use super::{contains_simple_case_mapping, simple_fold};\n    |                 ^^^^^^^^^^^^^^^^^^^^^^^^^^^^  ^^^^^^^^^^^\n\nwarning: `...` range patterns are deprecated\n   --> regex-syntax/src/lib.rs:195:21\n    |\n195 |         b'_' | b'0' ... b'9' | b'a' ... b'z' | b'A' ... b'Z'  => true,\n    |                     ^^^ help: use `..=` for an inclusive range\n    |\n    = warning: this is accepted in the current edition (Rust 2015) but is a hard error in Rust 2021!\n    = note: for more information, see <https://doc.rust-lang.org/nightly/edition-guide/rust-2021/warnings-promoted-to-error.html>\n\nwarning: `...` range patterns are deprecated\n   --> regex-syntax/src/lib.rs:195:37\n    |\n195 |         b'_' | b'0' ... b'9' | b'a' ... b'z' | b'A' ... b'Z'  => true,\n    |                                     ^^^ help: use `..=` for an inclusive range\n    |\n    = warning: this is accepted in the current edition (Rust 2015) but is a hard error in Rust 2021!\n    = note: for more information, see <https://doc.rust-lang.org/nightly/edition-guide/rust-2021/warnings-promoted-to-error.html>\n\nwarning: `...` range patterns are deprecated\n   --> regex-syntax/src/lib.rs:195:53\n    |\n195 |         b'_' | b'0' ... b'9' | b'a' ... b'z' | b'A' ... b'Z'  => true,\n    |                                                     ^^^ help: use `..=` for an inclusive range\n    |\n    = warning: this is accepted in the current edition (Rust 2015) but is a hard error in Rust 2021!\n    = note: for more information, see <https://doc.rust-lang.org/nightly/edition-guide/rust-2021/warnings-promoted-to-error.html>\n\nwarning: unused import: `super::*`\n   --> regex-syntax/src/lib.rs:202:9\n    |\n202 |     use super::*;\n    |         ^^^^^^^^\n\nerror[E0046]: not all trait items implemented, missing: `finish`\n   --> regex-syntax/src/ast/visitor.rs:569:5\n    |\n41  |     fn finish(self) -> Result<Self::Output, Self::Err>;\n    |     --------------------------------------------------- `finish` from trait\n...\n569 |     impl Visitor for MockVisitor {\n    |     ^^^^^^^^^^^^^^^^^^^^^^^^^^^^ missing `finish` in implementation\n\nwarning: use of deprecated method `std::error::Error::description`: use the Display impl or to_string()\n  --> regex-syntax/src/error.rs:45:38\n   |\n45 |             Error::Parse(ref x) => x.description(),\n   |                                      ^^^^^^^^^^^\n   |\n   = note: `#[warn(deprecated)]` on by default\n\nwarning: use of deprecated method `std::error::Error::description`: use the Display impl or to_string()\n  --> regex-syntax/src/error.rs:46:42\n   |\n46 |             Error::Translate(ref x) => x.description(),\n   |                                          ^^^^^^^^^^^\n\nwarning: variable does not need to be mutable\n   --> regex-syntax/src/hir/literal/mod.rs:687:17\n    |\n687 |             let mut buf = &mut buf[..i];\n    |                 ----^^^\n    |                 |\n    |                 help: remove this `mut`\n    |\n    = note: `#[warn(unused_mut)]` on by default\n\nSome errors have detailed explanations: E0046, E0412, E0433.\nFor more information about an error, try `rustc --explain E0046`.\nwarning: `regex-syntax` (lib test) generated 18 warnings\nerror: could not compile `regex-syntax` (lib test) due to 5 previous errors; 18 warnings emitted\n"
                }
              ],
              "repaired": [
                false
              ]
            },
            {
              "attrs": [],
              "prefix": [],
              "oracles": [],
              "codes": [
                [
                  "{",
                  "    struct MockVisitor {",
                  "        bin_op_called: bool,",
                  "    }",
                  "",
                  "    impl Visitor for MockVisitor {",
                  "        type Output = ();",
                  "        type Err = ();",
                  "",
                  "        fn visit_class_set_item_post(&mut self, _item: &ClassSetItem) -> Result<Self::Output, Self::Err> {",
                  "            Ok(())",
                  "        }",
                  "",
                  "        fn visit_class_set_binary_op_post(&mut self, _op: &ClassSetBinaryOp) -> Result<Self::Output, Self::Err> {",
                  "            self.bin_op_called = true;",
                  "            Ok(())",
                  "        }",
                  "    }",
                  "",
                  "    let lhs = ClassSet::new(); // Assuming ClassSet has an appropriate new() method",
                  "    let rhs = ClassSet::new(); // Assuming ClassSet has an appropriate new() method",
                  "    let op = ClassSetBinaryOp {",
                  "        span: Span::default(), // Assuming Span has a default implementation",
                  "        kind: ClassSetBinaryOpKind::Union, // Assuming this variant exists",
                  "        lhs: Box::new(lhs),",
                  "        rhs: Box::new(rhs),",
                  "    };",
                  "",
                  "    let induct = ClassInduct::BinaryOp(&op);",
                  "    let mut visitor = MockVisitor { bin_op_called: false };",
                  "",
                  "    let heap_visitor = HeapVisitor::new();",
                  "",
                  "    // This should also succeed as we return Ok from both visitor methods",
                  "    let result = heap_visitor.visit_class_post(&induct, &mut visitor);",
                  "    assert_eq!(result, Ok(()));",
                  "    assert!(visitor.bin_op_called);",
                  "}"
                ]
              ],
              "can_compile": [
                {
                  "Err": "warning: /home/abezbm/rust-utgen-test-crates-new/regex/Cargo.toml: no edition set: defaulting to the 2015 edition while the latest is 2021\nwarning: /home/abezbm/rust-utgen-test-crates-new/regex/regex-syntax/Cargo.toml: no edition set: defaulting to the 2015 edition while the latest is 2021\nwarning: /home/abezbm/rust-utgen-test-crates-new/regex/regex-debug/Cargo.toml: no edition set: defaulting to the 2015 edition while the latest is 2021\nwarning: /home/abezbm/rust-utgen-test-crates-new/regex/regex-capi/Cargo.toml: no edition set: defaulting to the 2015 edition while the latest is 2021\n   Compiling proc-macro2 v1.0.95\n   Compiling syn v1.0.109\n   Compiling quote v1.0.40\n   Compiling ntest_timeout v0.9.3\n   Compiling ntest_test_cases v0.9.3\n   Compiling ntest v0.9.3\n   Compiling regex-syntax v0.6.0 (/home/abezbm/rust-utgen-test-crates-new/regex/regex-syntax)\nerror[E0412]: cannot find type `ClassSetItem` in this scope\n   --> regex-syntax/src/ast/visitor.rs:573:57\n    |\n573 |         fn visit_class_set_item_post(&mut self, _item: &ClassSetItem) -> Result<Self::Output, Self::Err> {\n    |                                                         ^^^^^^^^^^^^ not found in this scope\n    |\nhelp: consider importing this enum\n    |\n560 +    use ast::ClassSetItem;\n    |\n\nerror[E0412]: cannot find type `ClassSetBinaryOp` in this scope\n   --> regex-syntax/src/ast/visitor.rs:577:60\n    |\n577 |         fn visit_class_set_binary_op_post(&mut self, _op: &ClassSetBinaryOp) -> Result<Self::Output, Self::Err> {\n    |                                                            ^^^^^^^^^^^^^^^^ not found in this scope\n    |\nhelp: consider importing this struct\n    |\n560 +    use ast::ClassSetBinaryOp;\n    |\n\nerror[E0433]: failed to resolve: use of undeclared type `ClassSet`\n   --> regex-syntax/src/ast/visitor.rs:583:15\n    |\n583 |     let lhs = ClassSet::new(); // Assuming ClassSet has an appropriate new() method\n    |               ^^^^^^^^ use of undeclared type `ClassSet`\n    |\nhelp: consider importing this enum\n    |\n560 +    use ast::ClassSet;\n    |\n\nerror[E0433]: failed to resolve: use of undeclared type `ClassSet`\n   --> regex-syntax/src/ast/visitor.rs:584:15\n    |\n584 |     let rhs = ClassSet::new(); // Assuming ClassSet has an appropriate new() method\n    |               ^^^^^^^^ use of undeclared type `ClassSet`\n    |\nhelp: consider importing this enum\n    |\n560 +    use ast::ClassSet;\n    |\n\nerror[E0422]: cannot find struct, variant or union type `ClassSetBinaryOp` in this scope\n   --> regex-syntax/src/ast/visitor.rs:585:14\n    |\n585 |     let op = ClassSetBinaryOp {\n    |              ^^^^^^^^^^^^^^^^ not found in this scope\n    |\nhelp: consider importing this struct\n    |\n560 +    use ast::ClassSetBinaryOp;\n    |\n\nerror[E0433]: failed to resolve: use of undeclared type `Span`\n   --> regex-syntax/src/ast/visitor.rs:586:15\n    |\n586 |         span: Span::default(), // Assuming Span has a default implementation\n    |               ^^^^ use of undeclared type `Span`\n    |\nhelp: consider importing this struct\n    |\n560 +    use ast::Span;\n    |\n\nerror[E0433]: failed to resolve: use of undeclared type `ClassSetBinaryOpKind`\n   --> regex-syntax/src/ast/visitor.rs:587:15\n    |\n587 |         kind: ClassSetBinaryOpKind::Union, // Assuming this variant exists\n    |               ^^^^^^^^^^^^^^^^^^^^ use of undeclared type `ClassSetBinaryOpKind`\n    |\nhelp: consider importing this enum\n    |\n560 +    use ast::ClassSetBinaryOpKind;\n    |\n\nwarning: `...` range patterns are deprecated\n    --> regex-syntax/src/ast/parse.rs:1445:16\n     |\n1445 |             '0'...'7' => {\n     |                ^^^ help: use `..=` for an inclusive range\n     |\n     = warning: this is accepted in the current edition (Rust 2015) but is a hard error in Rust 2021!\n     = note: for more information, see <https://doc.rust-lang.org/nightly/edition-guide/rust-2021/warnings-promoted-to-error.html>\n     = note: `#[warn(ellipsis_inclusive_range_patterns)]` on by default\n\nwarning: `...` range patterns are deprecated\n    --> regex-syntax/src/ast/parse.rs:1456:16\n     |\n1456 |             '8'...'9' if !self.parser().octal => {\n     |                ^^^ help: use `..=` for an inclusive range\n     |\n     = warning: this is accepted in the current edition (Rust 2015) but is a hard error in Rust 2021!\n     = note: for more information, see <https://doc.rust-lang.org/nightly/edition-guide/rust-2021/warnings-promoted-to-error.html>\n\nwarning: unused import: `Primitive`\n    --> regex-syntax/src/ast/parse.rs:2261:49\n     |\n2261 |     use super::{Parser, ParserI, ParserBuilder, Primitive};\n     |                                                 ^^^^^^^^^\n     |\n     = note: `#[warn(unused_imports)]` on by default\n\nwarning: unused macro definition: `assert_eq`\n    --> regex-syntax/src/ast/parse.rs:2265:18\n     |\n2265 |     macro_rules! assert_eq {\n     |                  ^^^^^^^^^\n     |\n     = note: `#[warn(unused_macros)]` on by default\n\nwarning: unused import: `ntest::timeout`\n   --> regex-syntax/src/ast/visitor.rs:561:8\n    |\n561 |    use ntest::timeout;\n    |        ^^^^^^^^^^^^^^\n\nwarning: unused import: `super::*`\n    --> regex-syntax/src/ast/mod.rs:1482:9\n     |\n1482 |     use super::*;\n     |         ^^^^^^^^\n\nwarning: unused import: `ast::parse::Parser`\n   --> regex-syntax/src/error.rs:288:9\n    |\n288 |     use ast::parse::Parser;\n    |         ^^^^^^^^^^^^^^^^^^\n\nwarning: unused import: `ParserBuilder`\n    --> regex-syntax/src/hir/literal/mod.rs:1004:9\n     |\n1004 |     use ParserBuilder;\n     |         ^^^^^^^^^^^^^\n\nwarning: unused imports: `Position` and `self`\n    --> regex-syntax/src/hir/translate.rs:1094:15\n     |\n1094 |     use ast::{self, Ast, Position, Span};\n     |               ^^^^       ^^^^^^^^\n\nwarning: unused import: `ascii_class`\n    --> regex-syntax/src/hir/translate.rs:1099:36\n     |\n1099 |     use super::{TranslatorBuilder, ascii_class};\n     |                                    ^^^^^^^^^^^\n\nwarning: unused imports: `contains_simple_case_mapping` and `simple_fold`\n   --> regex-syntax/src/unicode.rs:375:17\n    |\n375 |     use super::{contains_simple_case_mapping, simple_fold};\n    |                 ^^^^^^^^^^^^^^^^^^^^^^^^^^^^  ^^^^^^^^^^^\n\nwarning: `...` range patterns are deprecated\n   --> regex-syntax/src/lib.rs:195:21\n    |\n195 |         b'_' | b'0' ... b'9' | b'a' ... b'z' | b'A' ... b'Z'  => true,\n    |                     ^^^ help: use `..=` for an inclusive range\n    |\n    = warning: this is accepted in the current edition (Rust 2015) but is a hard error in Rust 2021!\n    = note: for more information, see <https://doc.rust-lang.org/nightly/edition-guide/rust-2021/warnings-promoted-to-error.html>\n\nwarning: `...` range patterns are deprecated\n   --> regex-syntax/src/lib.rs:195:37\n    |\n195 |         b'_' | b'0' ... b'9' | b'a' ... b'z' | b'A' ... b'Z'  => true,\n    |                                     ^^^ help: use `..=` for an inclusive range\n    |\n    = warning: this is accepted in the current edition (Rust 2015) but is a hard error in Rust 2021!\n    = note: for more information, see <https://doc.rust-lang.org/nightly/edition-guide/rust-2021/warnings-promoted-to-error.html>\n\nwarning: `...` range patterns are deprecated\n   --> regex-syntax/src/lib.rs:195:53\n    |\n195 |         b'_' | b'0' ... b'9' | b'a' ... b'z' | b'A' ... b'Z'  => true,\n    |                                                     ^^^ help: use `..=` for an inclusive range\n    |\n    = warning: this is accepted in the current edition (Rust 2015) but is a hard error in Rust 2021!\n    = note: for more information, see <https://doc.rust-lang.org/nightly/edition-guide/rust-2021/warnings-promoted-to-error.html>\n\nwarning: unused import: `super::*`\n   --> regex-syntax/src/lib.rs:202:9\n    |\n202 |     use super::*;\n    |         ^^^^^^^^\n\nerror[E0046]: not all trait items implemented, missing: `finish`\n   --> regex-syntax/src/ast/visitor.rs:569:5\n    |\n41  |     fn finish(self) -> Result<Self::Output, Self::Err>;\n    |     --------------------------------------------------- `finish` from trait\n...\n569 |     impl Visitor for MockVisitor {\n    |     ^^^^^^^^^^^^^^^^^^^^^^^^^^^^ missing `finish` in implementation\n\nwarning: use of deprecated method `std::error::Error::description`: use the Display impl or to_string()\n  --> regex-syntax/src/error.rs:45:38\n   |\n45 |             Error::Parse(ref x) => x.description(),\n   |                                      ^^^^^^^^^^^\n   |\n   = note: `#[warn(deprecated)]` on by default\n\nwarning: use of deprecated method `std::error::Error::description`: use the Display impl or to_string()\n  --> regex-syntax/src/error.rs:46:42\n   |\n46 |             Error::Translate(ref x) => x.description(),\n   |                                          ^^^^^^^^^^^\n\nwarning: variable does not need to be mutable\n   --> regex-syntax/src/hir/literal/mod.rs:687:17\n    |\n687 |             let mut buf = &mut buf[..i];\n    |                 ----^^^\n    |                 |\n    |                 help: remove this `mut`\n    |\n    = note: `#[warn(unused_mut)]` on by default\n\nSome errors have detailed explanations: E0046, E0412, E0422, E0433.\nFor more information about an error, try `rustc --explain E0046`.\nwarning: `regex-syntax` (lib test) generated 18 warnings\nerror: could not compile `regex-syntax` (lib test) due to 8 previous errors; 18 warnings emitted\n"
                }
              ],
              "repaired": [
                false
              ]
            }
          ]
        }
      ]
    },
    {
      "chain_id": 4,
      "prompt_conds": [
        "// constraint: *ast matches ClassInduct::Item(item) is true\n",
        "// constraint: *ast matches ClassInduct::Item(item) is true\n",
        "// constraint: visitor.visit_class_set_item_post(item)? is Ok/Some\n",
        "// expected return value/type: Ok(())\n"
      ],
      "input_infer": "",
      "answers": [
        {
          "uses": [],
          "has_test_mod": false,
          "common": [],
          "chain_tests": [
            {
              "attrs": [],
              "prefix": [],
              "oracles": [],
              "codes": [
                [
                  "{",
                  "    struct TestVisitor;",
                  "",
                  "    impl Visitor for TestVisitor {",
                  "        type Output = ();",
                  "        type Err = ();",
                  "",
                  "        fn visit_class_set_item_post(&mut self, _item: &ast::ClassSetItem) -> Result<Self::Output, Self::Err> {",
                  "            Ok(())",
                  "        }",
                  "",
                  "        fn visit_class_set_binary_op_post(&mut self, _op: &ast::ClassSetBinaryOp) -> Result<Self::Output, Self::Err> {",
                  "            Err(())",
                  "        }",
                  "    }",
                  "",
                  "    let item = ast::ClassSetItem::Literal(ast::Literal::new(\"a\"));",
                  "    let ast = ClassInduct::Item(&item);",
                  "    let mut visitor = TestVisitor;",
                  "",
                  "    let heap_visitor = HeapVisitor::new();",
                  "    let result = heap_visitor.visit_class_post(&ast, &mut visitor);",
                  "",
                  "    assert_eq!(result, Ok(()));",
                  "}"
                ]
              ],
              "can_compile": [
                {
                  "Err": "warning: /home/abezbm/rust-utgen-test-crates-new/regex/regex-capi/Cargo.toml: no edition set: defaulting to the 2015 edition while the latest is 2021\nwarning: /home/abezbm/rust-utgen-test-crates-new/regex/regex-syntax/Cargo.toml: no edition set: defaulting to the 2015 edition while the latest is 2021\nwarning: /home/abezbm/rust-utgen-test-crates-new/regex/regex-debug/Cargo.toml: no edition set: defaulting to the 2015 edition while the latest is 2021\nwarning: /home/abezbm/rust-utgen-test-crates-new/regex/Cargo.toml: no edition set: defaulting to the 2015 edition while the latest is 2021\n   Compiling proc-macro2 v1.0.95\n   Compiling syn v1.0.109\n   Compiling quote v1.0.40\n   Compiling ntest_test_cases v0.9.3\n   Compiling ntest_timeout v0.9.3\n   Compiling ntest v0.9.3\n   Compiling regex-syntax v0.6.0 (/home/abezbm/rust-utgen-test-crates-new/regex/regex-syntax)\nwarning: `...` range patterns are deprecated\n    --> regex-syntax/src/ast/parse.rs:1445:16\n     |\n1445 |             '0'...'7' => {\n     |                ^^^ help: use `..=` for an inclusive range\n     |\n     = warning: this is accepted in the current edition (Rust 2015) but is a hard error in Rust 2021!\n     = note: for more information, see <https://doc.rust-lang.org/nightly/edition-guide/rust-2021/warnings-promoted-to-error.html>\n     = note: `#[warn(ellipsis_inclusive_range_patterns)]` on by default\n\nwarning: `...` range patterns are deprecated\n    --> regex-syntax/src/ast/parse.rs:1456:16\n     |\n1456 |             '8'...'9' if !self.parser().octal => {\n     |                ^^^ help: use `..=` for an inclusive range\n     |\n     = warning: this is accepted in the current edition (Rust 2015) but is a hard error in Rust 2021!\n     = note: for more information, see <https://doc.rust-lang.org/nightly/edition-guide/rust-2021/warnings-promoted-to-error.html>\n\nwarning: unused import: `Primitive`\n    --> regex-syntax/src/ast/parse.rs:2261:49\n     |\n2261 |     use super::{Parser, ParserI, ParserBuilder, Primitive};\n     |                                                 ^^^^^^^^^\n     |\n     = note: `#[warn(unused_imports)]` on by default\n\nwarning: unused macro definition: `assert_eq`\n    --> regex-syntax/src/ast/parse.rs:2265:18\n     |\n2265 |     macro_rules! assert_eq {\n     |                  ^^^^^^^^^\n     |\n     = note: `#[warn(unused_macros)]` on by default\n\nwarning: unused import: `ntest::timeout`\n   --> regex-syntax/src/ast/visitor.rs:561:8\n    |\n561 |    use ntest::timeout;\n    |        ^^^^^^^^^^^^^^\n\nwarning: unused import: `super::*`\n    --> regex-syntax/src/ast/mod.rs:1482:9\n     |\n1482 |     use super::*;\n     |         ^^^^^^^^\n\nwarning: unused import: `ast::parse::Parser`\n   --> regex-syntax/src/error.rs:288:9\n    |\n288 |     use ast::parse::Parser;\n    |         ^^^^^^^^^^^^^^^^^^\n\nwarning: unused import: `ParserBuilder`\n    --> regex-syntax/src/hir/literal/mod.rs:1004:9\n     |\n1004 |     use ParserBuilder;\n     |         ^^^^^^^^^^^^^\n\nwarning: unused imports: `Position` and `self`\n    --> regex-syntax/src/hir/translate.rs:1094:15\n     |\n1094 |     use ast::{self, Ast, Position, Span};\n     |               ^^^^       ^^^^^^^^\n\nwarning: unused import: `ascii_class`\n    --> regex-syntax/src/hir/translate.rs:1099:36\n     |\n1099 |     use super::{TranslatorBuilder, ascii_class};\n     |                                    ^^^^^^^^^^^\n\nwarning: unused imports: `contains_simple_case_mapping` and `simple_fold`\n   --> regex-syntax/src/unicode.rs:375:17\n    |\n375 |     use super::{contains_simple_case_mapping, simple_fold};\n    |                 ^^^^^^^^^^^^^^^^^^^^^^^^^^^^  ^^^^^^^^^^^\n\nwarning: `...` range patterns are deprecated\n   --> regex-syntax/src/lib.rs:195:21\n    |\n195 |         b'_' | b'0' ... b'9' | b'a' ... b'z' | b'A' ... b'Z'  => true,\n    |                     ^^^ help: use `..=` for an inclusive range\n    |\n    = warning: this is accepted in the current edition (Rust 2015) but is a hard error in Rust 2021!\n    = note: for more information, see <https://doc.rust-lang.org/nightly/edition-guide/rust-2021/warnings-promoted-to-error.html>\n\nwarning: `...` range patterns are deprecated\n   --> regex-syntax/src/lib.rs:195:37\n    |\n195 |         b'_' | b'0' ... b'9' | b'a' ... b'z' | b'A' ... b'Z'  => true,\n    |                                     ^^^ help: use `..=` for an inclusive range\n    |\n    = warning: this is accepted in the current edition (Rust 2015) but is a hard error in Rust 2021!\n    = note: for more information, see <https://doc.rust-lang.org/nightly/edition-guide/rust-2021/warnings-promoted-to-error.html>\n\nwarning: `...` range patterns are deprecated\n   --> regex-syntax/src/lib.rs:195:53\n    |\n195 |         b'_' | b'0' ... b'9' | b'a' ... b'z' | b'A' ... b'Z'  => true,\n    |                                                     ^^^ help: use `..=` for an inclusive range\n    |\n    = warning: this is accepted in the current edition (Rust 2015) but is a hard error in Rust 2021!\n    = note: for more information, see <https://doc.rust-lang.org/nightly/edition-guide/rust-2021/warnings-promoted-to-error.html>\n\nwarning: unused import: `super::*`\n   --> regex-syntax/src/lib.rs:202:9\n    |\n202 |     use super::*;\n    |         ^^^^^^^^\n\nerror[E0046]: not all trait items implemented, missing: `finish`\n   --> regex-syntax/src/ast/visitor.rs:567:5\n    |\n41  |     fn finish(self) -> Result<Self::Output, Self::Err>;\n    |     --------------------------------------------------- `finish` from trait\n...\n567 |     impl Visitor for TestVisitor {\n    |     ^^^^^^^^^^^^^^^^^^^^^^^^^^^^ missing `finish` in implementation\n\nerror[E0599]: no function or associated item named `new` found for struct `ast::Literal` in the current scope\n   --> regex-syntax/src/ast/visitor.rs:580:57\n    |\n580 |     let item = ast::ClassSetItem::Literal(ast::Literal::new(\"a\"));\n    |                                                         ^^^ function or associated item not found in `Literal`\n    |\n   ::: regex-syntax/src/ast/mod.rs:614:1\n    |\n614 | pub struct Literal {\n    | ------------------ function or associated item `new` not found for this struct\n    |\nhelp: there is a method `ne` with a similar name\n    |\n580 |     let item = ast::ClassSetItem::Literal(ast::Literal::ne(\"a\"));\n    |                                                         ~~\n\nwarning: use of deprecated method `std::error::Error::description`: use the Display impl or to_string()\n  --> regex-syntax/src/error.rs:45:38\n   |\n45 |             Error::Parse(ref x) => x.description(),\n   |                                      ^^^^^^^^^^^\n   |\n   = note: `#[warn(deprecated)]` on by default\n\nwarning: use of deprecated method `std::error::Error::description`: use the Display impl or to_string()\n  --> regex-syntax/src/error.rs:46:42\n   |\n46 |             Error::Translate(ref x) => x.description(),\n   |                                          ^^^^^^^^^^^\n\nwarning: variable does not need to be mutable\n   --> regex-syntax/src/hir/literal/mod.rs:687:17\n    |\n687 |             let mut buf = &mut buf[..i];\n    |                 ----^^^\n    |                 |\n    |                 help: remove this `mut`\n    |\n    = note: `#[warn(unused_mut)]` on by default\n\nSome errors have detailed explanations: E0046, E0599.\nFor more information about an error, try `rustc --explain E0046`.\nwarning: `regex-syntax` (lib test) generated 18 warnings\nerror: could not compile `regex-syntax` (lib test) due to 2 previous errors; 18 warnings emitted\n"
                }
              ],
              "repaired": [
                false
              ]
            },
            {
              "attrs": [],
              "prefix": [],
              "oracles": [],
              "codes": [
                [
                  "{",
                  "    struct ErrorVisitor;",
                  "",
                  "    impl Visitor for ErrorVisitor {",
                  "        type Output = ();",
                  "        type Err = ();",
                  "",
                  "        fn visit_class_set_item_post(&mut self, _item: &ast::ClassSetItem) -> Result<Self::Output, Self::Err> {",
                  "            Err(())",
                  "        }",
                  "",
                  "        fn visit_class_set_binary_op_post(&mut self, _op: &ast::ClassSetBinaryOp) -> Result<Self::Output, Self::Err> {",
                  "            Ok(())",
                  "        }",
                  "    }",
                  "",
                  "    let binary_op = ast::ClassSetBinaryOp {",
                  "        span: ast::Span::new(0, 10),",
                  "        kind: ast::ClassSetBinaryOpKind::Union,",
                  "        lhs: Box::new(ast::ClassSet::new()),",
                  "        rhs: Box::new(ast::ClassSet::new()),",
                  "    };",
                  "    let ast = ClassInduct::BinaryOp(&binary_op);",
                  "    let mut visitor = ErrorVisitor;",
                  "",
                  "    let heap_visitor = HeapVisitor::new();",
                  "    let result = heap_visitor.visit_class_post(&ast, &mut visitor);",
                  "",
                  "    assert_eq!(result, Ok(()));",
                  "}"
                ]
              ],
              "can_compile": [
                {
                  "Err": "warning: /home/abezbm/rust-utgen-test-crates-new/regex/regex-debug/Cargo.toml: no edition set: defaulting to the 2015 edition while the latest is 2021\nwarning: /home/abezbm/rust-utgen-test-crates-new/regex/Cargo.toml: no edition set: defaulting to the 2015 edition while the latest is 2021\nwarning: /home/abezbm/rust-utgen-test-crates-new/regex/regex-syntax/Cargo.toml: no edition set: defaulting to the 2015 edition while the latest is 2021\nwarning: /home/abezbm/rust-utgen-test-crates-new/regex/regex-capi/Cargo.toml: no edition set: defaulting to the 2015 edition while the latest is 2021\n   Compiling proc-macro2 v1.0.95\n   Compiling syn v1.0.109\n   Compiling quote v1.0.40\n   Compiling ntest_timeout v0.9.3\n   Compiling ntest_test_cases v0.9.3\n   Compiling ntest v0.9.3\n   Compiling regex-syntax v0.6.0 (/home/abezbm/rust-utgen-test-crates-new/regex/regex-syntax)\nwarning: `...` range patterns are deprecated\n    --> regex-syntax/src/ast/parse.rs:1445:16\n     |\n1445 |             '0'...'7' => {\n     |                ^^^ help: use `..=` for an inclusive range\n     |\n     = warning: this is accepted in the current edition (Rust 2015) but is a hard error in Rust 2021!\n     = note: for more information, see <https://doc.rust-lang.org/nightly/edition-guide/rust-2021/warnings-promoted-to-error.html>\n     = note: `#[warn(ellipsis_inclusive_range_patterns)]` on by default\n\nwarning: `...` range patterns are deprecated\n    --> regex-syntax/src/ast/parse.rs:1456:16\n     |\n1456 |             '8'...'9' if !self.parser().octal => {\n     |                ^^^ help: use `..=` for an inclusive range\n     |\n     = warning: this is accepted in the current edition (Rust 2015) but is a hard error in Rust 2021!\n     = note: for more information, see <https://doc.rust-lang.org/nightly/edition-guide/rust-2021/warnings-promoted-to-error.html>\n\nwarning: unused import: `Primitive`\n    --> regex-syntax/src/ast/parse.rs:2261:49\n     |\n2261 |     use super::{Parser, ParserI, ParserBuilder, Primitive};\n     |                                                 ^^^^^^^^^\n     |\n     = note: `#[warn(unused_imports)]` on by default\n\nwarning: unused macro definition: `assert_eq`\n    --> regex-syntax/src/ast/parse.rs:2265:18\n     |\n2265 |     macro_rules! assert_eq {\n     |                  ^^^^^^^^^\n     |\n     = note: `#[warn(unused_macros)]` on by default\n\nwarning: unused import: `ntest::timeout`\n   --> regex-syntax/src/ast/visitor.rs:561:8\n    |\n561 |    use ntest::timeout;\n    |        ^^^^^^^^^^^^^^\n\nwarning: unused import: `super::*`\n    --> regex-syntax/src/ast/mod.rs:1482:9\n     |\n1482 |     use super::*;\n     |         ^^^^^^^^\n\nwarning: unused import: `ast::parse::Parser`\n   --> regex-syntax/src/error.rs:288:9\n    |\n288 |     use ast::parse::Parser;\n    |         ^^^^^^^^^^^^^^^^^^\n\nwarning: unused import: `ParserBuilder`\n    --> regex-syntax/src/hir/literal/mod.rs:1004:9\n     |\n1004 |     use ParserBuilder;\n     |         ^^^^^^^^^^^^^\n\nwarning: unused imports: `Position` and `self`\n    --> regex-syntax/src/hir/translate.rs:1094:15\n     |\n1094 |     use ast::{self, Ast, Position, Span};\n     |               ^^^^       ^^^^^^^^\n\nwarning: unused import: `ascii_class`\n    --> regex-syntax/src/hir/translate.rs:1099:36\n     |\n1099 |     use super::{TranslatorBuilder, ascii_class};\n     |                                    ^^^^^^^^^^^\n\nwarning: unused imports: `contains_simple_case_mapping` and `simple_fold`\n   --> regex-syntax/src/unicode.rs:375:17\n    |\n375 |     use super::{contains_simple_case_mapping, simple_fold};\n    |                 ^^^^^^^^^^^^^^^^^^^^^^^^^^^^  ^^^^^^^^^^^\n\nwarning: `...` range patterns are deprecated\n   --> regex-syntax/src/lib.rs:195:21\n    |\n195 |         b'_' | b'0' ... b'9' | b'a' ... b'z' | b'A' ... b'Z'  => true,\n    |                     ^^^ help: use `..=` for an inclusive range\n    |\n    = warning: this is accepted in the current edition (Rust 2015) but is a hard error in Rust 2021!\n    = note: for more information, see <https://doc.rust-lang.org/nightly/edition-guide/rust-2021/warnings-promoted-to-error.html>\n\nwarning: `...` range patterns are deprecated\n   --> regex-syntax/src/lib.rs:195:37\n    |\n195 |         b'_' | b'0' ... b'9' | b'a' ... b'z' | b'A' ... b'Z'  => true,\n    |                                     ^^^ help: use `..=` for an inclusive range\n    |\n    = warning: this is accepted in the current edition (Rust 2015) but is a hard error in Rust 2021!\n    = note: for more information, see <https://doc.rust-lang.org/nightly/edition-guide/rust-2021/warnings-promoted-to-error.html>\n\nwarning: `...` range patterns are deprecated\n   --> regex-syntax/src/lib.rs:195:53\n    |\n195 |         b'_' | b'0' ... b'9' | b'a' ... b'z' | b'A' ... b'Z'  => true,\n    |                                                     ^^^ help: use `..=` for an inclusive range\n    |\n    = warning: this is accepted in the current edition (Rust 2015) but is a hard error in Rust 2021!\n    = note: for more information, see <https://doc.rust-lang.org/nightly/edition-guide/rust-2021/warnings-promoted-to-error.html>\n\nwarning: unused import: `super::*`\n   --> regex-syntax/src/lib.rs:202:9\n    |\n202 |     use super::*;\n    |         ^^^^^^^^\n\nerror[E0046]: not all trait items implemented, missing: `finish`\n   --> regex-syntax/src/ast/visitor.rs:567:5\n    |\n41  |     fn finish(self) -> Result<Self::Output, Self::Err>;\n    |     --------------------------------------------------- `finish` from trait\n...\n567 |     impl Visitor for ErrorVisitor {\n    |     ^^^^^^^^^^^^^^^^^^^^^^^^^^^^^ missing `finish` in implementation\n\nerror[E0308]: arguments to this function are incorrect\n   --> regex-syntax/src/ast/visitor.rs:581:15\n    |\n581 |         span: ast::Span::new(0, 10),\n    |               ^^^^^^^^^^^^^^ -  -- expected `Position`, found integer\n    |                              |\n    |                              expected `Position`, found integer\n    |\nnote: associated function defined here\n   --> regex-syntax/src/ast/mod.rs:396:12\n    |\n396 |     pub fn new(start: Position, end: Position) -> Span {\n    |            ^^^ ---------------  -------------\n\nerror[E0599]: no variant or associated item named `Union` found for enum `ClassSetBinaryOpKind` in the current scope\n    --> regex-syntax/src/ast/visitor.rs:582:42\n     |\n582  |         kind: ast::ClassSetBinaryOpKind::Union,\n     |                                          ^^^^^ variant or associated item not found in `ClassSetBinaryOpKind`\n     |\n    ::: regex-syntax/src/ast/mod.rs:1088:1\n     |\n1088 | pub enum ClassSetBinaryOpKind {\n     | ----------------------------- variant or associated item `Union` not found for this enum\n\nerror[E0599]: no variant or associated item named `new` found for enum `ClassSet` in the current scope\n   --> regex-syntax/src/ast/visitor.rs:583:38\n    |\n583 |         lhs: Box::new(ast::ClassSet::new()),\n    |                                      ^^^ variant or associated item not found in `ClassSet`\n    |\n   ::: regex-syntax/src/ast/mod.rs:930:1\n    |\n930 | pub enum ClassSet {\n    | ----------------- variant or associated item `new` not found for this enum\n    |\nnote: if you're trying to build a new `ClassSet`, consider using `ClassSet::union` which returns `ClassSet`\n   --> regex-syntax/src/ast/mod.rs:940:5\n    |\n940 |     pub fn union(ast: ClassSetUnion) -> ClassSet {\n    |     ^^^^^^^^^^^^^^^^^^^^^^^^^^^^^^^^^^^^^^^^^^^^\nhelp: there is a method `ne` with a similar name, but with different arguments\n   --> /home/abezbm/.rustup/toolchains/nightly-2024-07-21-x86_64-unknown-linux-gnu/lib/rustlib/src/rust/library/core/src/cmp.rs:262:5\n    |\n262 |     fn ne(&self, other: &Rhs) -> bool {\n    |     ^^^^^^^^^^^^^^^^^^^^^^^^^^^^^^^^^\n\nerror[E0599]: no variant or associated item named `new` found for enum `ClassSet` in the current scope\n   --> regex-syntax/src/ast/visitor.rs:584:38\n    |\n584 |         rhs: Box::new(ast::ClassSet::new()),\n    |                                      ^^^ variant or associated item not found in `ClassSet`\n    |\n   ::: regex-syntax/src/ast/mod.rs:930:1\n    |\n930 | pub enum ClassSet {\n    | ----------------- variant or associated item `new` not found for this enum\n    |\nnote: if you're trying to build a new `ClassSet`, consider using `ClassSet::union` which returns `ClassSet`\n   --> regex-syntax/src/ast/mod.rs:940:5\n    |\n940 |     pub fn union(ast: ClassSetUnion) -> ClassSet {\n    |     ^^^^^^^^^^^^^^^^^^^^^^^^^^^^^^^^^^^^^^^^^^^^\nhelp: there is a method `ne` with a similar name, but with different arguments\n   --> /home/abezbm/.rustup/toolchains/nightly-2024-07-21-x86_64-unknown-linux-gnu/lib/rustlib/src/rust/library/core/src/cmp.rs:262:5\n    |\n262 |     fn ne(&self, other: &Rhs) -> bool {\n    |     ^^^^^^^^^^^^^^^^^^^^^^^^^^^^^^^^^\n\nwarning: use of deprecated method `std::error::Error::description`: use the Display impl or to_string()\n  --> regex-syntax/src/error.rs:45:38\n   |\n45 |             Error::Parse(ref x) => x.description(),\n   |                                      ^^^^^^^^^^^\n   |\n   = note: `#[warn(deprecated)]` on by default\n\nwarning: use of deprecated method `std::error::Error::description`: use the Display impl or to_string()\n  --> regex-syntax/src/error.rs:46:42\n   |\n46 |             Error::Translate(ref x) => x.description(),\n   |                                          ^^^^^^^^^^^\n\nwarning: variable does not need to be mutable\n   --> regex-syntax/src/hir/literal/mod.rs:687:17\n    |\n687 |             let mut buf = &mut buf[..i];\n    |                 ----^^^\n    |                 |\n    |                 help: remove this `mut`\n    |\n    = note: `#[warn(unused_mut)]` on by default\n\nSome errors have detailed explanations: E0046, E0308, E0599.\nFor more information about an error, try `rustc --explain E0046`.\nwarning: `regex-syntax` (lib test) generated 18 warnings\nerror: could not compile `regex-syntax` (lib test) due to 5 previous errors; 18 warnings emitted\n"
                }
              ],
              "repaired": [
                false
              ]
            }
          ]
        }
      ]
    }
  ]
}