{
  "name": "once_cell::sync::_dummy",
  "name_with_impl": "once_cell::sync::_dummy",
  "mod_info": {
    "name": "sync",
    "loc": "src/lib.rs:863:1:1409:2"
  },
  "visible": false,
  "loc": "src/lib.rs:1408:5:1408:19",
  "fn_tests": [
    {
      "chain_id": 1,
      "prompt_conds": [],
      "input_infer": "",
      "answers": [
        {
          "uses": [],
          "has_test_mod": false,
          "common": [],
          "chain_tests": [
            {
              "attrs": [],
              "prefix": [],
              "oracles": [],
              "codes": [
                [
                  "{",
                  "    struct S(*mut ());",
                  "    unsafe impl Sync for S {}",
                  "",
                  "    fn share<T: Sync>(_: &T) {}",
                  "",
                  "    // This will trigger a compile_fail as expected.  ",
                  "    let once_cell = once_cell::sync::OnceCell::<S>::new();",
                  "    share(&once_cell);",
                  "}"
                ]
              ],
              "can_compile": [
                {
                  "Err": "   Compiling proc-macro2 v1.0.95\n   Compiling syn v1.0.109\n   Compiling quote v1.0.40\n   Compiling ntest_timeout v0.9.3\n   Compiling ntest_test_cases v0.9.3\n   Compiling ntest v0.9.3\n   Compiling once_cell v1.21.3 (/home/abezbm/rust-utgen-test-crates-new/once_cell)\nerror[E0433]: failed to resolve: use of undeclared crate or module `once_cell`\n    --> src/lib.rs:1423:21\n     |\n1423 |     let once_cell = once_cell::sync::OnceCell::<S>::new();\n     |                     ^^^^^^^^^ use of undeclared crate or module `once_cell`\n     |\nhelp: consider importing one of these structs\n     |\n1412 +    use crate::imp::OnceCell;\n     |\n1412 +    use crate::sync::OnceCell;\n     |\n1412 +    use crate::unsync::OnceCell;\n     |\n1412 +    use std::cell::OnceCell;\n     |\nhelp: if you import `OnceCell`, refer to it directly\n     |\n1423 -     let once_cell = once_cell::sync::OnceCell::<S>::new();\n1423 +     let once_cell = OnceCell::<S>::new();\n     |\n\nwarning: unused import: `std::panic`\n   --> src/imp_std.rs:292:9\n    |\n292 |     use std::panic;\n    |         ^^^^^^^^^^\n    |\n    = note: `#[warn(unused_imports)]` on by default\n\nwarning: unused imports: `sync::mpsc::channel` and `thread`\n   --> src/imp_std.rs:293:15\n    |\n293 |     use std::{sync::mpsc::channel, thread};\n    |               ^^^^^^^^^^^^^^^^^^^  ^^^^^^\n\nwarning: unused import: `super::*`\n    --> src/lib.rs:1412:8\n     |\n1412 |    use super::*;\n     |        ^^^^^^^^\n\nwarning: unused import: `ntest::timeout`\n    --> src/lib.rs:1413:8\n     |\n1413 |    use ntest::timeout;\n     |        ^^^^^^^^^^^^^^\n\nFor more information about this error, try `rustc --explain E0433`.\nwarning: `once_cell` (lib test) generated 4 warnings\nerror: could not compile `once_cell` (lib test) due to 1 previous error; 4 warnings emitted\n"
                }
              ],
              "repaired": [
                false
              ]
            },
            {
              "attrs": [
                "#[should_panic]"
              ],
              "prefix": [],
              "oracles": [],
              "codes": [
                [
                  "{",
                  "    struct S(*mut ());",
                  "    unsafe impl Sync for S {}",
                  "",
                  "    fn share<T: Sync>(_: &T) {}",
                  "",
                  "    // This will also trigger a compile_fail as expected.",
                  "    let lazy = once_cell::sync::Lazy::<S>::new(|| unimplemented!());",
                  "    share(&lazy);",
                  "}"
                ]
              ],
              "can_compile": [
                {
                  "Err": "   Compiling proc-macro2 v1.0.95\n   Compiling syn v1.0.109\n   Compiling quote v1.0.40\n   Compiling ntest_timeout v0.9.3\n   Compiling ntest_test_cases v0.9.3\n   Compiling ntest v0.9.3\n   Compiling once_cell v1.21.3 (/home/abezbm/rust-utgen-test-crates-new/once_cell)\nerror[E0433]: failed to resolve: use of undeclared crate or module `once_cell`\n    --> src/lib.rs:1424:16\n     |\n1424 |     let lazy = once_cell::sync::Lazy::<S>::new(|| unimplemented!());\n     |                ^^^^^^^^^ use of undeclared crate or module `once_cell`\n     |\nhelp: consider importing one of these structs\n     |\n1412 +    use crate::sync::Lazy;\n     |\n1412 +    use crate::unsync::Lazy;\n     |\nhelp: if you import `Lazy`, refer to it directly\n     |\n1424 -     let lazy = once_cell::sync::Lazy::<S>::new(|| unimplemented!());\n1424 +     let lazy = Lazy::<S>::new(|| unimplemented!());\n     |\n\nwarning: unused import: `std::panic`\n   --> src/imp_std.rs:292:9\n    |\n292 |     use std::panic;\n    |         ^^^^^^^^^^\n    |\n    = note: `#[warn(unused_imports)]` on by default\n\nwarning: unused imports: `sync::mpsc::channel` and `thread`\n   --> src/imp_std.rs:293:15\n    |\n293 |     use std::{sync::mpsc::channel, thread};\n    |               ^^^^^^^^^^^^^^^^^^^  ^^^^^^\n\nwarning: unused import: `super::*`\n    --> src/lib.rs:1412:8\n     |\n1412 |    use super::*;\n     |        ^^^^^^^^\n\nwarning: unused import: `ntest::timeout`\n    --> src/lib.rs:1413:8\n     |\n1413 |    use ntest::timeout;\n     |        ^^^^^^^^^^^^^^\n\nFor more information about this error, try `rustc --explain E0433`.\nwarning: `once_cell` (lib test) generated 4 warnings\nerror: could not compile `once_cell` (lib test) due to 1 previous error; 4 warnings emitted\n"
                }
              ],
              "repaired": [
                false
              ]
            }
          ]
        }
      ]
    }
  ]
}