{
  "name": "http::uri::path::<uri::path::PathAndQuery as std::fmt::Display>::fmt",
  "name_with_impl": "http::uri::path::{impl#8}::fmt",
  "mod_info": {
    "name": "uri::path",
    "loc": "src/uri/mod.rs:45:1:45:10"
  },
  "visible": true,
  "loc": "src/uri/path.rs:350:5:359:6",
  "fn_tests": [
    {
      "chain_id": 1,
      "prompt_conds": [
        "// constraint: self.data.is_empty() is true\n"
      ],
      "input_infer": "self.data = ByteStr { bytes: Bytes::from_static(b\"\") }\n",
      "answers": [
        {
          "uses": [],
          "has_test_mod": false,
          "common": [],
          "chain_tests": [
            {
              "attrs": [],
              "prefix": [
                "{",
                "    let data = ByteStr {",
                "        bytes: Bytes::from_static(b\"\"),",
                "    };",
                "    let path_and_query = PathAndQuery {",
                "        data,",
                "        query: NONE,",
                "    };",
                "    let mut formatter = fmt::Formatter::new();",
                "    let _ = path_and_query.fmt(&mut formatter);",
                "}"
              ],
              "oracles": [
                [
                  "    let data = ByteStr { bytes: Bytes::from_static(b\"\") };",
                  "    let path_and_query = PathAndQuery { data, query: NONE };",
                  "    let mut formatter = fmt::Formatter::new();",
                  "    let result = path_and_query.fmt(&mut formatter);",
                  "    assert!(result.is_ok());"
                ],
                [
                  "    let data = ByteStr { bytes: Bytes::from_static(b\"\") };",
                  "    let path_and_query = PathAndQuery { data, query: NONE };",
                  "    let mut formatter = fmt::Formatter::new();",
                  "    let result = path_and_query.fmt(&mut formatter);",
                  "    assert_eq!(formatter.to_string(), \"/\");"
                ]
              ],
              "codes": [
                [
                  "{",
                  "    let data = ByteStr {",
                  "        bytes: Bytes::from_static(b\"\"),",
                  "    };",
                  "    let path_and_query = PathAndQuery {",
                  "        data,",
                  "        query: NONE,",
                  "    };",
                  "    let mut formatter = fmt::Formatter::new();",
                  "    let _ = path_and_query.fmt(&mut formatter);",
                  "    let data = ByteStr { bytes: Bytes::from_static(b\"\") };",
                  "    let path_and_query = PathAndQuery { data, query: NONE };",
                  "    let mut formatter = fmt::Formatter::new();",
                  "    let result = path_and_query.fmt(&mut formatter);",
                  "    assert!(result.is_ok());",
                  "}"
                ],
                [
                  "{",
                  "    let data = ByteStr {",
                  "        bytes: Bytes::from_static(b\"\"),",
                  "    };",
                  "    let path_and_query = PathAndQuery {",
                  "        data,",
                  "        query: NONE,",
                  "    };",
                  "    let mut formatter = fmt::Formatter::new();",
                  "    let _ = path_and_query.fmt(&mut formatter);",
                  "    let data = ByteStr { bytes: Bytes::from_static(b\"\") };",
                  "    let path_and_query = PathAndQuery { data, query: NONE };",
                  "    let mut formatter = fmt::Formatter::new();",
                  "    let result = path_and_query.fmt(&mut formatter);",
                  "    assert_eq!(formatter.to_string(), \"/\");",
                  "}"
                ]
              ],
              "can_compile": [
                {
                  "Err": "   Compiling libc v0.2.172\n   Compiling proc-macro2 v1.0.95\n   Compiling zerocopy v0.8.25\n   Compiling syn v1.0.109\n   Compiling serde v1.0.219\n   Compiling doc-comment v0.3.3\n   Compiling serde_json v1.0.140\n   Compiling quote v1.0.40\n   Compiling getrandom v0.2.16\n   Compiling rand_core v0.6.4\n   Compiling ppv-lite86 v0.2.21\n   Compiling rand_chacha v0.3.1\n   Compiling rand v0.8.5\n   Compiling quickcheck v1.0.3\n   Compiling ntest_test_cases v0.9.3\n   Compiling ntest_timeout v0.9.3\n   Compiling ntest v0.9.3\n   Compiling http v1.3.1 (/home/abezbm/rust-utgen-test-crates/http)\nwarning: unused import: `self::StandardHeader::Vary`\n    --> src/header/name.rs:1676:9\n     |\n1676 |     use self::StandardHeader::Vary;\n     |         ^^^^^^^^^^^^^^^^^^^^^^^^^^\n     |\n     = note: `#[warn(unused_imports)]` on by default\n\nwarning: unused import: `super::*`\n   --> src/header/value.rs:481:9\n    |\n481 |     use super::*;\n    |         ^^^^^^^^\n\nwarning: unused import: `crate::header::map::HeaderMap`\n   --> src/header/value.rs:482:9\n    |\n482 |     use crate::header::map::HeaderMap;\n    |         ^^^^^^^^^^^^^^^^^^^^^^^^^^^^^\n\nwarning: unused import: `crate::header::name`\n   --> src/header/value.rs:483:9\n    |\n483 |     use crate::header::name;\n    |         ^^^^^^^^^^^^^^^^^^^\n\nwarning: unused import: `super::*`\n   --> src/header/value.rs:568:9\n    |\n568 |     use super::*;\n    |         ^^^^^^^^\n\nwarning: unused import: `crate::header::name`\n   --> src/header/value.rs:569:9\n    |\n569 |     use crate::header::name;\n    |         ^^^^^^^^^^^^^^^^^^^\n\nwarning: unused import: `super::*`\n   --> src/method.rs:424:9\n    |\n424 |     use super::*;\n    |         ^^^^^^^^\n\nwarning: unused import: `super::*`\n    --> src/request.rs:1063:9\n     |\n1063 |     use super::*;\n     |         ^^^^^^^^\n\nwarning: unused import: `super::*`\n   --> src/response.rs:776:9\n    |\n776 |     use super::*;\n    |         ^^^^^^^^\n\nwarning: unused import: `super::*`\n   --> src/uri/authority.rs:533:9\n    |\n533 |     use super::*;\n    |         ^^^^^^^^\n\nwarning: unused import: `super::*`\n   --> src/uri/builder.rs:165:9\n    |\n165 |     use super::*;\n    |         ^^^^^^^^\n\nwarning: unused import: `ntest::timeout`\n   --> src/uri/path.rs:608:8\n    |\n608 |    use ntest::timeout;\n    |        ^^^^^^^^^^^^^^\n\nwarning: unused import: `super::*`\n   --> src/uri/port.rs:115:9\n    |\n115 |     use super::*;\n    |         ^^^^^^^^\n\nwarning: unused import: `super::*`\n   --> src/error.rs:143:9\n    |\n143 |     use super::*;\n    |         ^^^^^^^^\n\nwarning: unused import: `super::*`\n   --> src/lib.rs:197:9\n    |\n197 |     use super::*;\n    |         ^^^^^^^^\n\nerror[E0658]: use of unstable library feature 'fmt_internals': internal to standard library\n   --> src/uri/path.rs:619:25\n    |\n619 |     let mut formatter = fmt::Formatter::new();\n    |                         ^^^^^^^^^^^^^^^^^^^\n    |\n    = help: add `#![feature(fmt_internals)]` to the crate attributes to enable\n    = note: this compiler was built on 2024-07-20; consider upgrading it if it is out of date\n\nerror[E0061]: this function takes 1 argument but 0 arguments were supplied\n   --> src/uri/path.rs:619:25\n    |\n619 |     let mut formatter = fmt::Formatter::new();\n    |                         ^^^^^^^^^^^^^^^^^^^-- argument #1 of type `&mut dyn std::fmt::Write` is missing\n    |\nnote: associated function defined here\n   --> /home/abezbm/.rustup/toolchains/nightly-2024-07-21-x86_64-unknown-linux-gnu/lib/rustlib/src/rust/library/core/src/fmt/mod.rs:286:12\n    |\n286 |     pub fn new(buf: &'a mut (dyn Write + 'a)) -> Formatter<'a> {\n    |            ^^^\nhelp: provide the argument\n    |\n619 |     let mut formatter = fmt::Formatter::new(/* &mut dyn std::fmt::Write */);\n    |                                            ~~~~~~~~~~~~~~~~~~~~~~~~~~~~~~~~\n\nerror[E0599]: no method named `fmt` found for struct `uri::path::PathAndQuery` in the current scope\n   --> src/uri/path.rs:620:28\n    |\n12  | pub struct PathAndQuery {\n    | ----------------------- method `fmt` not found for this struct\n...\n620 |     let _ = path_and_query.fmt(&mut formatter);\n    |                            ^^^ method not found in `PathAndQuery`\n    |\n    = help: items from traits can only be used if the trait is in scope\nhelp: the following traits which provide `fmt` are implemented but not in scope; perhaps you want to import one of them\n    |\n607 +    use std::fmt::Binary;\n    |\n607 +    use std::fmt::Debug;\n    |\n607 +    use std::fmt::Display;\n    |\n607 +    use std::fmt::LowerExp;\n    |\n      and 5 other candidates\n\nerror[E0658]: use of unstable library feature 'fmt_internals': internal to standard library\n   --> src/uri/path.rs:623:25\n    |\n623 |     let mut formatter = fmt::Formatter::new();\n    |                         ^^^^^^^^^^^^^^^^^^^\n    |\n    = help: add `#![feature(fmt_internals)]` to the crate attributes to enable\n    = note: this compiler was built on 2024-07-20; consider upgrading it if it is out of date\n\nerror[E0061]: this function takes 1 argument but 0 arguments were supplied\n   --> src/uri/path.rs:623:25\n    |\n623 |     let mut formatter = fmt::Formatter::new();\n    |                         ^^^^^^^^^^^^^^^^^^^-- argument #1 of type `&mut dyn std::fmt::Write` is missing\n    |\nnote: associated function defined here\n   --> /home/abezbm/.rustup/toolchains/nightly-2024-07-21-x86_64-unknown-linux-gnu/lib/rustlib/src/rust/library/core/src/fmt/mod.rs:286:12\n    |\n286 |     pub fn new(buf: &'a mut (dyn Write + 'a)) -> Formatter<'a> {\n    |            ^^^\nhelp: provide the argument\n    |\n623 |     let mut formatter = fmt::Formatter::new(/* &mut dyn std::fmt::Write */);\n    |                                            ~~~~~~~~~~~~~~~~~~~~~~~~~~~~~~~~\n\nerror[E0599]: no method named `fmt` found for struct `uri::path::PathAndQuery` in the current scope\n   --> src/uri/path.rs:624:33\n    |\n12  | pub struct PathAndQuery {\n    | ----------------------- method `fmt` not found for this struct\n...\n624 |     let result = path_and_query.fmt(&mut formatter);\n    |                                 ^^^ method not found in `PathAndQuery`\n    |\n    = help: items from traits can only be used if the trait is in scope\nhelp: the following traits which provide `fmt` are implemented but not in scope; perhaps you want to import one of them\n    |\n607 +    use std::fmt::Binary;\n    |\n607 +    use std::fmt::Debug;\n    |\n607 +    use std::fmt::Display;\n    |\n607 +    use std::fmt::LowerExp;\n    |\n      and 5 other candidates\n\nSome errors have detailed explanations: E0061, E0599, E0658.\nFor more information about an error, try `rustc --explain E0061`.\nwarning: `http` (lib test) generated 15 warnings\nerror: could not compile `http` (lib test) due to 6 previous errors; 15 warnings emitted\n"
                },
                {
                  "Err": "   Compiling libc v0.2.172\n   Compiling proc-macro2 v1.0.95\n   Compiling zerocopy v0.8.25\n   Compiling syn v1.0.109\n   Compiling serde v1.0.219\n   Compiling doc-comment v0.3.3\n   Compiling serde_json v1.0.140\n   Compiling quote v1.0.40\n   Compiling getrandom v0.2.16\n   Compiling rand_core v0.6.4\n   Compiling ppv-lite86 v0.2.21\n   Compiling rand_chacha v0.3.1\n   Compiling rand v0.8.5\n   Compiling quickcheck v1.0.3\n   Compiling ntest_timeout v0.9.3\n   Compiling ntest_test_cases v0.9.3\n   Compiling ntest v0.9.3\n   Compiling http v1.3.1 (/home/abezbm/rust-utgen-test-crates/http)\nwarning: unused import: `self::StandardHeader::Vary`\n    --> src/header/name.rs:1676:9\n     |\n1676 |     use self::StandardHeader::Vary;\n     |         ^^^^^^^^^^^^^^^^^^^^^^^^^^\n     |\n     = note: `#[warn(unused_imports)]` on by default\n\nwarning: unused import: `super::*`\n   --> src/header/value.rs:481:9\n    |\n481 |     use super::*;\n    |         ^^^^^^^^\n\nwarning: unused import: `crate::header::map::HeaderMap`\n   --> src/header/value.rs:482:9\n    |\n482 |     use crate::header::map::HeaderMap;\n    |         ^^^^^^^^^^^^^^^^^^^^^^^^^^^^^\n\nwarning: unused import: `crate::header::name`\n   --> src/header/value.rs:483:9\n    |\n483 |     use crate::header::name;\n    |         ^^^^^^^^^^^^^^^^^^^\n\nwarning: unused import: `super::*`\n   --> src/header/value.rs:568:9\n    |\n568 |     use super::*;\n    |         ^^^^^^^^\n\nwarning: unused import: `crate::header::name`\n   --> src/header/value.rs:569:9\n    |\n569 |     use crate::header::name;\n    |         ^^^^^^^^^^^^^^^^^^^\n\nwarning: unused import: `super::*`\n   --> src/method.rs:424:9\n    |\n424 |     use super::*;\n    |         ^^^^^^^^\n\nwarning: unused import: `super::*`\n    --> src/request.rs:1063:9\n     |\n1063 |     use super::*;\n     |         ^^^^^^^^\n\nwarning: unused import: `super::*`\n   --> src/response.rs:776:9\n    |\n776 |     use super::*;\n    |         ^^^^^^^^\n\nwarning: unused import: `super::*`\n   --> src/uri/authority.rs:533:9\n    |\n533 |     use super::*;\n    |         ^^^^^^^^\n\nwarning: unused import: `super::*`\n   --> src/uri/builder.rs:165:9\n    |\n165 |     use super::*;\n    |         ^^^^^^^^\n\nwarning: unused import: `ntest::timeout`\n   --> src/uri/path.rs:608:8\n    |\n608 |    use ntest::timeout;\n    |        ^^^^^^^^^^^^^^\n\nwarning: unused import: `super::*`\n   --> src/uri/port.rs:115:9\n    |\n115 |     use super::*;\n    |         ^^^^^^^^\n\nwarning: unused import: `super::*`\n   --> src/error.rs:143:9\n    |\n143 |     use super::*;\n    |         ^^^^^^^^\n\nwarning: unused import: `super::*`\n   --> src/lib.rs:197:9\n    |\n197 |     use super::*;\n    |         ^^^^^^^^\n\nerror[E0658]: use of unstable library feature 'fmt_internals': internal to standard library\n   --> src/uri/path.rs:619:25\n    |\n619 |     let mut formatter = fmt::Formatter::new();\n    |                         ^^^^^^^^^^^^^^^^^^^\n    |\n    = help: add `#![feature(fmt_internals)]` to the crate attributes to enable\n    = note: this compiler was built on 2024-07-20; consider upgrading it if it is out of date\n\nerror[E0061]: this function takes 1 argument but 0 arguments were supplied\n   --> src/uri/path.rs:619:25\n    |\n619 |     let mut formatter = fmt::Formatter::new();\n    |                         ^^^^^^^^^^^^^^^^^^^-- argument #1 of type `&mut dyn std::fmt::Write` is missing\n    |\nnote: associated function defined here\n   --> /home/abezbm/.rustup/toolchains/nightly-2024-07-21-x86_64-unknown-linux-gnu/lib/rustlib/src/rust/library/core/src/fmt/mod.rs:286:12\n    |\n286 |     pub fn new(buf: &'a mut (dyn Write + 'a)) -> Formatter<'a> {\n    |            ^^^\nhelp: provide the argument\n    |\n619 |     let mut formatter = fmt::Formatter::new(/* &mut dyn std::fmt::Write */);\n    |                                            ~~~~~~~~~~~~~~~~~~~~~~~~~~~~~~~~\n\nerror[E0599]: no method named `fmt` found for struct `uri::path::PathAndQuery` in the current scope\n   --> src/uri/path.rs:620:28\n    |\n12  | pub struct PathAndQuery {\n    | ----------------------- method `fmt` not found for this struct\n...\n620 |     let _ = path_and_query.fmt(&mut formatter);\n    |                            ^^^ method not found in `PathAndQuery`\n    |\n    = help: items from traits can only be used if the trait is in scope\nhelp: the following traits which provide `fmt` are implemented but not in scope; perhaps you want to import one of them\n    |\n607 +    use std::fmt::Binary;\n    |\n607 +    use std::fmt::Debug;\n    |\n607 +    use std::fmt::Display;\n    |\n607 +    use std::fmt::LowerExp;\n    |\n      and 5 other candidates\n\nerror[E0658]: use of unstable library feature 'fmt_internals': internal to standard library\n   --> src/uri/path.rs:623:25\n    |\n623 |     let mut formatter = fmt::Formatter::new();\n    |                         ^^^^^^^^^^^^^^^^^^^\n    |\n    = help: add `#![feature(fmt_internals)]` to the crate attributes to enable\n    = note: this compiler was built on 2024-07-20; consider upgrading it if it is out of date\n\nerror[E0061]: this function takes 1 argument but 0 arguments were supplied\n   --> src/uri/path.rs:623:25\n    |\n623 |     let mut formatter = fmt::Formatter::new();\n    |                         ^^^^^^^^^^^^^^^^^^^-- argument #1 of type `&mut dyn std::fmt::Write` is missing\n    |\nnote: associated function defined here\n   --> /home/abezbm/.rustup/toolchains/nightly-2024-07-21-x86_64-unknown-linux-gnu/lib/rustlib/src/rust/library/core/src/fmt/mod.rs:286:12\n    |\n286 |     pub fn new(buf: &'a mut (dyn Write + 'a)) -> Formatter<'a> {\n    |            ^^^\nhelp: provide the argument\n    |\n623 |     let mut formatter = fmt::Formatter::new(/* &mut dyn std::fmt::Write */);\n    |                                            ~~~~~~~~~~~~~~~~~~~~~~~~~~~~~~~~\n\nerror[E0599]: no method named `fmt` found for struct `uri::path::PathAndQuery` in the current scope\n   --> src/uri/path.rs:624:33\n    |\n12  | pub struct PathAndQuery {\n    | ----------------------- method `fmt` not found for this struct\n...\n624 |     let result = path_and_query.fmt(&mut formatter);\n    |                                 ^^^ method not found in `PathAndQuery`\n    |\n    = help: items from traits can only be used if the trait is in scope\nhelp: the following traits which provide `fmt` are implemented but not in scope; perhaps you want to import one of them\n    |\n607 +    use std::fmt::Binary;\n    |\n607 +    use std::fmt::Debug;\n    |\n607 +    use std::fmt::Display;\n    |\n607 +    use std::fmt::LowerExp;\n    |\n      and 5 other candidates\n\nerror[E0599]: `Formatter<'_>` doesn't implement `std::fmt::Display`\n   --> src/uri/path.rs:625:26\n    |\n625 |     assert_eq!(formatter.to_string(), \"/\");\n    |                          ^^^^^^^^^ `Formatter<'_>` cannot be formatted with the default formatter\n    |\n   ::: /home/abezbm/.rustup/toolchains/nightly-2024-07-21-x86_64-unknown-linux-gnu/lib/rustlib/src/rust/library/core/src/fmt/mod.rs:266:1\n    |\n266 | pub struct Formatter<'a> {\n    | ------------------------ doesn't satisfy `Formatter<'_>: ToString` or `Formatter<'_>: std::fmt::Display`\n    |\n    = note: the following trait bounds were not satisfied:\n            `Formatter<'_>: std::fmt::Display`\n            which is required by `Formatter<'_>: ToString`\n\nSome errors have detailed explanations: E0061, E0599, E0658.\nFor more information about an error, try `rustc --explain E0061`.\nwarning: `http` (lib test) generated 15 warnings\nerror: could not compile `http` (lib test) due to 7 previous errors; 15 warnings emitted\n"
                }
              ],
              "repaired": [
                false,
                false
              ]
            },
            {
              "attrs": [],
              "prefix": [
                "{",
                "    let data = ByteStr {",
                "        bytes: Bytes::from_static(b\"/valid/path\"),",
                "    };",
                "    let path_and_query = PathAndQuery {",
                "        data,",
                "        query: NONE,",
                "    };",
                "    let mut formatter = fmt::Formatter::new();",
                "    let _ = path_and_query.fmt(&mut formatter);",
                "}"
              ],
              "oracles": [
                [
                  "    let data = ByteStr { bytes: Bytes::from_static(b\"/valid/path\") };",
                  "    let path_and_query = PathAndQuery { data, query: NONE };",
                  "    let mut formatter = fmt::Formatter::new();",
                  "    let result = path_and_query.fmt(&mut formatter);",
                  "    assert!(result.is_ok());"
                ],
                [
                  "    let data = ByteStr { bytes: Bytes::from_static(b\"/valid/path\") };",
                  "    let path_and_query = PathAndQuery { data, query: NONE };",
                  "    let mut formatter = fmt::Formatter::new();",
                  "    let result = path_and_query.fmt(&mut formatter);",
                  "    assert_eq!(formatter.to_string(), \"/valid/path\");"
                ]
              ],
              "codes": [
                [
                  "{",
                  "    let data = ByteStr {",
                  "        bytes: Bytes::from_static(b\"/valid/path\"),",
                  "    };",
                  "    let path_and_query = PathAndQuery {",
                  "        data,",
                  "        query: NONE,",
                  "    };",
                  "    let mut formatter = fmt::Formatter::new();",
                  "    let _ = path_and_query.fmt(&mut formatter);",
                  "    let data = ByteStr { bytes: Bytes::from_static(b\"/valid/path\") };",
                  "    let path_and_query = PathAndQuery { data, query: NONE };",
                  "    let mut formatter = fmt::Formatter::new();",
                  "    let result = path_and_query.fmt(&mut formatter);",
                  "    assert!(result.is_ok());",
                  "}"
                ],
                [
                  "{",
                  "    let data = ByteStr {",
                  "        bytes: Bytes::from_static(b\"/valid/path\"),",
                  "    };",
                  "    let path_and_query = PathAndQuery {",
                  "        data,",
                  "        query: NONE,",
                  "    };",
                  "    let mut formatter = fmt::Formatter::new();",
                  "    let _ = path_and_query.fmt(&mut formatter);",
                  "    let data = ByteStr { bytes: Bytes::from_static(b\"/valid/path\") };",
                  "    let path_and_query = PathAndQuery { data, query: NONE };",
                  "    let mut formatter = fmt::Formatter::new();",
                  "    let result = path_and_query.fmt(&mut formatter);",
                  "    assert_eq!(formatter.to_string(), \"/valid/path\");",
                  "}"
                ]
              ],
              "can_compile": [
                {
                  "Err": "   Compiling proc-macro2 v1.0.95\n   Compiling libc v0.2.172\n   Compiling zerocopy v0.8.25\n   Compiling syn v1.0.109\n   Compiling serde v1.0.219\n   Compiling serde_json v1.0.140\n   Compiling doc-comment v0.3.3\n   Compiling quote v1.0.40\n   Compiling getrandom v0.2.16\n   Compiling rand_core v0.6.4\n   Compiling ppv-lite86 v0.2.21\n   Compiling rand_chacha v0.3.1\n   Compiling rand v0.8.5\n   Compiling quickcheck v1.0.3\n   Compiling ntest_timeout v0.9.3\n   Compiling ntest_test_cases v0.9.3\n   Compiling ntest v0.9.3\n   Compiling http v1.3.1 (/home/abezbm/rust-utgen-test-crates/http)\nwarning: unused import: `self::StandardHeader::Vary`\n    --> src/header/name.rs:1676:9\n     |\n1676 |     use self::StandardHeader::Vary;\n     |         ^^^^^^^^^^^^^^^^^^^^^^^^^^\n     |\n     = note: `#[warn(unused_imports)]` on by default\n\nwarning: unused import: `super::*`\n   --> src/header/value.rs:481:9\n    |\n481 |     use super::*;\n    |         ^^^^^^^^\n\nwarning: unused import: `crate::header::map::HeaderMap`\n   --> src/header/value.rs:482:9\n    |\n482 |     use crate::header::map::HeaderMap;\n    |         ^^^^^^^^^^^^^^^^^^^^^^^^^^^^^\n\nwarning: unused import: `crate::header::name`\n   --> src/header/value.rs:483:9\n    |\n483 |     use crate::header::name;\n    |         ^^^^^^^^^^^^^^^^^^^\n\nwarning: unused import: `super::*`\n   --> src/header/value.rs:568:9\n    |\n568 |     use super::*;\n    |         ^^^^^^^^\n\nwarning: unused import: `crate::header::name`\n   --> src/header/value.rs:569:9\n    |\n569 |     use crate::header::name;\n    |         ^^^^^^^^^^^^^^^^^^^\n\nwarning: unused import: `super::*`\n   --> src/method.rs:424:9\n    |\n424 |     use super::*;\n    |         ^^^^^^^^\n\nwarning: unused import: `super::*`\n    --> src/request.rs:1063:9\n     |\n1063 |     use super::*;\n     |         ^^^^^^^^\n\nwarning: unused import: `super::*`\n   --> src/response.rs:776:9\n    |\n776 |     use super::*;\n    |         ^^^^^^^^\n\nwarning: unused import: `super::*`\n   --> src/uri/authority.rs:533:9\n    |\n533 |     use super::*;\n    |         ^^^^^^^^\n\nwarning: unused import: `super::*`\n   --> src/uri/builder.rs:165:9\n    |\n165 |     use super::*;\n    |         ^^^^^^^^\n\nwarning: unused import: `ntest::timeout`\n   --> src/uri/path.rs:608:8\n    |\n608 |    use ntest::timeout;\n    |        ^^^^^^^^^^^^^^\n\nwarning: unused import: `super::*`\n   --> src/uri/port.rs:115:9\n    |\n115 |     use super::*;\n    |         ^^^^^^^^\n\nwarning: unused import: `super::*`\n   --> src/error.rs:143:9\n    |\n143 |     use super::*;\n    |         ^^^^^^^^\n\nwarning: unused import: `super::*`\n   --> src/lib.rs:197:9\n    |\n197 |     use super::*;\n    |         ^^^^^^^^\n\nerror[E0658]: use of unstable library feature 'fmt_internals': internal to standard library\n   --> src/uri/path.rs:619:25\n    |\n619 |     let mut formatter = fmt::Formatter::new();\n    |                         ^^^^^^^^^^^^^^^^^^^\n    |\n    = help: add `#![feature(fmt_internals)]` to the crate attributes to enable\n    = note: this compiler was built on 2024-07-20; consider upgrading it if it is out of date\n\nerror[E0061]: this function takes 1 argument but 0 arguments were supplied\n   --> src/uri/path.rs:619:25\n    |\n619 |     let mut formatter = fmt::Formatter::new();\n    |                         ^^^^^^^^^^^^^^^^^^^-- argument #1 of type `&mut dyn std::fmt::Write` is missing\n    |\nnote: associated function defined here\n   --> /home/abezbm/.rustup/toolchains/nightly-2024-07-21-x86_64-unknown-linux-gnu/lib/rustlib/src/rust/library/core/src/fmt/mod.rs:286:12\n    |\n286 |     pub fn new(buf: &'a mut (dyn Write + 'a)) -> Formatter<'a> {\n    |            ^^^\nhelp: provide the argument\n    |\n619 |     let mut formatter = fmt::Formatter::new(/* &mut dyn std::fmt::Write */);\n    |                                            ~~~~~~~~~~~~~~~~~~~~~~~~~~~~~~~~\n\nerror[E0599]: no method named `fmt` found for struct `uri::path::PathAndQuery` in the current scope\n   --> src/uri/path.rs:620:28\n    |\n12  | pub struct PathAndQuery {\n    | ----------------------- method `fmt` not found for this struct\n...\n620 |     let _ = path_and_query.fmt(&mut formatter);\n    |                            ^^^ method not found in `PathAndQuery`\n    |\n    = help: items from traits can only be used if the trait is in scope\nhelp: the following traits which provide `fmt` are implemented but not in scope; perhaps you want to import one of them\n    |\n607 +    use std::fmt::Binary;\n    |\n607 +    use std::fmt::Debug;\n    |\n607 +    use std::fmt::Display;\n    |\n607 +    use std::fmt::LowerExp;\n    |\n      and 5 other candidates\n\nerror[E0658]: use of unstable library feature 'fmt_internals': internal to standard library\n   --> src/uri/path.rs:623:25\n    |\n623 |     let mut formatter = fmt::Formatter::new();\n    |                         ^^^^^^^^^^^^^^^^^^^\n    |\n    = help: add `#![feature(fmt_internals)]` to the crate attributes to enable\n    = note: this compiler was built on 2024-07-20; consider upgrading it if it is out of date\n\nerror[E0061]: this function takes 1 argument but 0 arguments were supplied\n   --> src/uri/path.rs:623:25\n    |\n623 |     let mut formatter = fmt::Formatter::new();\n    |                         ^^^^^^^^^^^^^^^^^^^-- argument #1 of type `&mut dyn std::fmt::Write` is missing\n    |\nnote: associated function defined here\n   --> /home/abezbm/.rustup/toolchains/nightly-2024-07-21-x86_64-unknown-linux-gnu/lib/rustlib/src/rust/library/core/src/fmt/mod.rs:286:12\n    |\n286 |     pub fn new(buf: &'a mut (dyn Write + 'a)) -> Formatter<'a> {\n    |            ^^^\nhelp: provide the argument\n    |\n623 |     let mut formatter = fmt::Formatter::new(/* &mut dyn std::fmt::Write */);\n    |                                            ~~~~~~~~~~~~~~~~~~~~~~~~~~~~~~~~\n\nerror[E0599]: no method named `fmt` found for struct `uri::path::PathAndQuery` in the current scope\n   --> src/uri/path.rs:624:33\n    |\n12  | pub struct PathAndQuery {\n    | ----------------------- method `fmt` not found for this struct\n...\n624 |     let result = path_and_query.fmt(&mut formatter);\n    |                                 ^^^ method not found in `PathAndQuery`\n    |\n    = help: items from traits can only be used if the trait is in scope\nhelp: the following traits which provide `fmt` are implemented but not in scope; perhaps you want to import one of them\n    |\n607 +    use std::fmt::Binary;\n    |\n607 +    use std::fmt::Debug;\n    |\n607 +    use std::fmt::Display;\n    |\n607 +    use std::fmt::LowerExp;\n    |\n      and 5 other candidates\n\nSome errors have detailed explanations: E0061, E0599, E0658.\nFor more information about an error, try `rustc --explain E0061`.\nwarning: `http` (lib test) generated 15 warnings\nerror: could not compile `http` (lib test) due to 6 previous errors; 15 warnings emitted\n"
                },
                {
                  "Err": "   Compiling libc v0.2.172\n   Compiling proc-macro2 v1.0.95\n   Compiling zerocopy v0.8.25\n   Compiling syn v1.0.109\n   Compiling serde v1.0.219\n   Compiling doc-comment v0.3.3\n   Compiling serde_json v1.0.140\n   Compiling quote v1.0.40\n   Compiling getrandom v0.2.16\n   Compiling rand_core v0.6.4\n   Compiling ppv-lite86 v0.2.21\n   Compiling rand_chacha v0.3.1\n   Compiling rand v0.8.5\n   Compiling quickcheck v1.0.3\n   Compiling ntest_test_cases v0.9.3\n   Compiling ntest_timeout v0.9.3\n   Compiling ntest v0.9.3\n   Compiling http v1.3.1 (/home/abezbm/rust-utgen-test-crates/http)\nwarning: unused import: `self::StandardHeader::Vary`\n    --> src/header/name.rs:1676:9\n     |\n1676 |     use self::StandardHeader::Vary;\n     |         ^^^^^^^^^^^^^^^^^^^^^^^^^^\n     |\n     = note: `#[warn(unused_imports)]` on by default\n\nwarning: unused import: `super::*`\n   --> src/header/value.rs:481:9\n    |\n481 |     use super::*;\n    |         ^^^^^^^^\n\nwarning: unused import: `crate::header::map::HeaderMap`\n   --> src/header/value.rs:482:9\n    |\n482 |     use crate::header::map::HeaderMap;\n    |         ^^^^^^^^^^^^^^^^^^^^^^^^^^^^^\n\nwarning: unused import: `crate::header::name`\n   --> src/header/value.rs:483:9\n    |\n483 |     use crate::header::name;\n    |         ^^^^^^^^^^^^^^^^^^^\n\nwarning: unused import: `super::*`\n   --> src/header/value.rs:568:9\n    |\n568 |     use super::*;\n    |         ^^^^^^^^\n\nwarning: unused import: `crate::header::name`\n   --> src/header/value.rs:569:9\n    |\n569 |     use crate::header::name;\n    |         ^^^^^^^^^^^^^^^^^^^\n\nwarning: unused import: `super::*`\n   --> src/method.rs:424:9\n    |\n424 |     use super::*;\n    |         ^^^^^^^^\n\nwarning: unused import: `super::*`\n    --> src/request.rs:1063:9\n     |\n1063 |     use super::*;\n     |         ^^^^^^^^\n\nwarning: unused import: `super::*`\n   --> src/response.rs:776:9\n    |\n776 |     use super::*;\n    |         ^^^^^^^^\n\nwarning: unused import: `super::*`\n   --> src/uri/authority.rs:533:9\n    |\n533 |     use super::*;\n    |         ^^^^^^^^\n\nwarning: unused import: `super::*`\n   --> src/uri/builder.rs:165:9\n    |\n165 |     use super::*;\n    |         ^^^^^^^^\n\nwarning: unused import: `ntest::timeout`\n   --> src/uri/path.rs:608:8\n    |\n608 |    use ntest::timeout;\n    |        ^^^^^^^^^^^^^^\n\nwarning: unused import: `super::*`\n   --> src/uri/port.rs:115:9\n    |\n115 |     use super::*;\n    |         ^^^^^^^^\n\nwarning: unused import: `super::*`\n   --> src/error.rs:143:9\n    |\n143 |     use super::*;\n    |         ^^^^^^^^\n\nwarning: unused import: `super::*`\n   --> src/lib.rs:197:9\n    |\n197 |     use super::*;\n    |         ^^^^^^^^\n\nerror[E0658]: use of unstable library feature 'fmt_internals': internal to standard library\n   --> src/uri/path.rs:619:25\n    |\n619 |     let mut formatter = fmt::Formatter::new();\n    |                         ^^^^^^^^^^^^^^^^^^^\n    |\n    = help: add `#![feature(fmt_internals)]` to the crate attributes to enable\n    = note: this compiler was built on 2024-07-20; consider upgrading it if it is out of date\n\nerror[E0061]: this function takes 1 argument but 0 arguments were supplied\n   --> src/uri/path.rs:619:25\n    |\n619 |     let mut formatter = fmt::Formatter::new();\n    |                         ^^^^^^^^^^^^^^^^^^^-- argument #1 of type `&mut dyn std::fmt::Write` is missing\n    |\nnote: associated function defined here\n   --> /home/abezbm/.rustup/toolchains/nightly-2024-07-21-x86_64-unknown-linux-gnu/lib/rustlib/src/rust/library/core/src/fmt/mod.rs:286:12\n    |\n286 |     pub fn new(buf: &'a mut (dyn Write + 'a)) -> Formatter<'a> {\n    |            ^^^\nhelp: provide the argument\n    |\n619 |     let mut formatter = fmt::Formatter::new(/* &mut dyn std::fmt::Write */);\n    |                                            ~~~~~~~~~~~~~~~~~~~~~~~~~~~~~~~~\n\nerror[E0599]: no method named `fmt` found for struct `uri::path::PathAndQuery` in the current scope\n   --> src/uri/path.rs:620:28\n    |\n12  | pub struct PathAndQuery {\n    | ----------------------- method `fmt` not found for this struct\n...\n620 |     let _ = path_and_query.fmt(&mut formatter);\n    |                            ^^^ method not found in `PathAndQuery`\n    |\n    = help: items from traits can only be used if the trait is in scope\nhelp: the following traits which provide `fmt` are implemented but not in scope; perhaps you want to import one of them\n    |\n607 +    use std::fmt::Binary;\n    |\n607 +    use std::fmt::Debug;\n    |\n607 +    use std::fmt::Display;\n    |\n607 +    use std::fmt::LowerExp;\n    |\n      and 5 other candidates\n\nerror[E0658]: use of unstable library feature 'fmt_internals': internal to standard library\n   --> src/uri/path.rs:623:25\n    |\n623 |     let mut formatter = fmt::Formatter::new();\n    |                         ^^^^^^^^^^^^^^^^^^^\n    |\n    = help: add `#![feature(fmt_internals)]` to the crate attributes to enable\n    = note: this compiler was built on 2024-07-20; consider upgrading it if it is out of date\n\nerror[E0061]: this function takes 1 argument but 0 arguments were supplied\n   --> src/uri/path.rs:623:25\n    |\n623 |     let mut formatter = fmt::Formatter::new();\n    |                         ^^^^^^^^^^^^^^^^^^^-- argument #1 of type `&mut dyn std::fmt::Write` is missing\n    |\nnote: associated function defined here\n   --> /home/abezbm/.rustup/toolchains/nightly-2024-07-21-x86_64-unknown-linux-gnu/lib/rustlib/src/rust/library/core/src/fmt/mod.rs:286:12\n    |\n286 |     pub fn new(buf: &'a mut (dyn Write + 'a)) -> Formatter<'a> {\n    |            ^^^\nhelp: provide the argument\n    |\n623 |     let mut formatter = fmt::Formatter::new(/* &mut dyn std::fmt::Write */);\n    |                                            ~~~~~~~~~~~~~~~~~~~~~~~~~~~~~~~~\n\nerror[E0599]: no method named `fmt` found for struct `uri::path::PathAndQuery` in the current scope\n   --> src/uri/path.rs:624:33\n    |\n12  | pub struct PathAndQuery {\n    | ----------------------- method `fmt` not found for this struct\n...\n624 |     let result = path_and_query.fmt(&mut formatter);\n    |                                 ^^^ method not found in `PathAndQuery`\n    |\n    = help: items from traits can only be used if the trait is in scope\nhelp: the following traits which provide `fmt` are implemented but not in scope; perhaps you want to import one of them\n    |\n607 +    use std::fmt::Binary;\n    |\n607 +    use std::fmt::Debug;\n    |\n607 +    use std::fmt::Display;\n    |\n607 +    use std::fmt::LowerExp;\n    |\n      and 5 other candidates\n\nerror[E0599]: `Formatter<'_>` doesn't implement `std::fmt::Display`\n   --> src/uri/path.rs:625:26\n    |\n625 |     assert_eq!(formatter.to_string(), \"/valid/path\");\n    |                          ^^^^^^^^^ `Formatter<'_>` cannot be formatted with the default formatter\n    |\n   ::: /home/abezbm/.rustup/toolchains/nightly-2024-07-21-x86_64-unknown-linux-gnu/lib/rustlib/src/rust/library/core/src/fmt/mod.rs:266:1\n    |\n266 | pub struct Formatter<'a> {\n    | ------------------------ doesn't satisfy `Formatter<'_>: ToString` or `Formatter<'_>: std::fmt::Display`\n    |\n    = note: the following trait bounds were not satisfied:\n            `Formatter<'_>: std::fmt::Display`\n            which is required by `Formatter<'_>: ToString`\n\nSome errors have detailed explanations: E0061, E0599, E0658.\nFor more information about an error, try `rustc --explain E0061`.\nwarning: `http` (lib test) generated 15 warnings\nerror: could not compile `http` (lib test) due to 7 previous errors; 15 warnings emitted\n"
                }
              ],
              "repaired": [
                false,
                false
              ]
            },
            {
              "attrs": [],
              "prefix": [
                "{",
                "    let data = ByteStr {",
                "        bytes: Bytes::from_static(b\"*valid/path\"),",
                "    };",
                "    let path_and_query = PathAndQuery {",
                "        data,",
                "        query: NONE,",
                "    };",
                "    let mut formatter = fmt::Formatter::new();",
                "    let _ = path_and_query.fmt(&mut formatter);",
                "}"
              ],
              "oracles": [
                [
                  "    let data = ByteStr { bytes: Bytes::from_static(b\"*valid/path\") };",
                  "    let path_and_query = PathAndQuery { data, query: NONE };",
                  "    let mut formatter = fmt::Formatter::new();",
                  "    let result = path_and_query.fmt(&mut formatter);",
                  "    assert!(result.is_ok());"
                ],
                [
                  "    let data = ByteStr { bytes: Bytes::from_static(b\"*valid/path\") };",
                  "    let path_and_query = PathAndQuery { data, query: NONE };",
                  "    let mut formatter = fmt::Formatter::new();",
                  "    let result = path_and_query.fmt(&mut formatter);",
                  "    assert_eq!(formatter.to_string(), \"*valid/path\");"
                ]
              ],
              "codes": [
                [
                  "{",
                  "    let data = ByteStr {",
                  "        bytes: Bytes::from_static(b\"*valid/path\"),",
                  "    };",
                  "    let path_and_query = PathAndQuery {",
                  "        data,",
                  "        query: NONE,",
                  "    };",
                  "    let mut formatter = fmt::Formatter::new();",
                  "    let _ = path_and_query.fmt(&mut formatter);",
                  "    let data = ByteStr { bytes: Bytes::from_static(b\"*valid/path\") };",
                  "    let path_and_query = PathAndQuery { data, query: NONE };",
                  "    let mut formatter = fmt::Formatter::new();",
                  "    let result = path_and_query.fmt(&mut formatter);",
                  "    assert!(result.is_ok());",
                  "}"
                ],
                [
                  "{",
                  "    let data = ByteStr {",
                  "        bytes: Bytes::from_static(b\"*valid/path\"),",
                  "    };",
                  "    let path_and_query = PathAndQuery {",
                  "        data,",
                  "        query: NONE,",
                  "    };",
                  "    let mut formatter = fmt::Formatter::new();",
                  "    let _ = path_and_query.fmt(&mut formatter);",
                  "    let data = ByteStr { bytes: Bytes::from_static(b\"*valid/path\") };",
                  "    let path_and_query = PathAndQuery { data, query: NONE };",
                  "    let mut formatter = fmt::Formatter::new();",
                  "    let result = path_and_query.fmt(&mut formatter);",
                  "    assert_eq!(formatter.to_string(), \"*valid/path\");",
                  "}"
                ]
              ],
              "can_compile": [
                {
                  "Err": "   Compiling proc-macro2 v1.0.95\n   Compiling libc v0.2.172\n   Compiling zerocopy v0.8.25\n   Compiling syn v1.0.109\n   Compiling serde v1.0.219\n   Compiling serde_json v1.0.140\n   Compiling doc-comment v0.3.3\n   Compiling quote v1.0.40\n   Compiling getrandom v0.2.16\n   Compiling rand_core v0.6.4\n   Compiling ppv-lite86 v0.2.21\n   Compiling rand_chacha v0.3.1\n   Compiling rand v0.8.5\n   Compiling quickcheck v1.0.3\n   Compiling ntest_test_cases v0.9.3\n   Compiling ntest_timeout v0.9.3\n   Compiling ntest v0.9.3\n   Compiling http v1.3.1 (/home/abezbm/rust-utgen-test-crates/http)\nwarning: unused import: `self::StandardHeader::Vary`\n    --> src/header/name.rs:1676:9\n     |\n1676 |     use self::StandardHeader::Vary;\n     |         ^^^^^^^^^^^^^^^^^^^^^^^^^^\n     |\n     = note: `#[warn(unused_imports)]` on by default\n\nwarning: unused import: `super::*`\n   --> src/header/value.rs:481:9\n    |\n481 |     use super::*;\n    |         ^^^^^^^^\n\nwarning: unused import: `crate::header::map::HeaderMap`\n   --> src/header/value.rs:482:9\n    |\n482 |     use crate::header::map::HeaderMap;\n    |         ^^^^^^^^^^^^^^^^^^^^^^^^^^^^^\n\nwarning: unused import: `crate::header::name`\n   --> src/header/value.rs:483:9\n    |\n483 |     use crate::header::name;\n    |         ^^^^^^^^^^^^^^^^^^^\n\nwarning: unused import: `super::*`\n   --> src/header/value.rs:568:9\n    |\n568 |     use super::*;\n    |         ^^^^^^^^\n\nwarning: unused import: `crate::header::name`\n   --> src/header/value.rs:569:9\n    |\n569 |     use crate::header::name;\n    |         ^^^^^^^^^^^^^^^^^^^\n\nwarning: unused import: `super::*`\n   --> src/method.rs:424:9\n    |\n424 |     use super::*;\n    |         ^^^^^^^^\n\nwarning: unused import: `super::*`\n    --> src/request.rs:1063:9\n     |\n1063 |     use super::*;\n     |         ^^^^^^^^\n\nwarning: unused import: `super::*`\n   --> src/response.rs:776:9\n    |\n776 |     use super::*;\n    |         ^^^^^^^^\n\nwarning: unused import: `super::*`\n   --> src/uri/authority.rs:533:9\n    |\n533 |     use super::*;\n    |         ^^^^^^^^\n\nwarning: unused import: `super::*`\n   --> src/uri/builder.rs:165:9\n    |\n165 |     use super::*;\n    |         ^^^^^^^^\n\nwarning: unused import: `ntest::timeout`\n   --> src/uri/path.rs:608:8\n    |\n608 |    use ntest::timeout;\n    |        ^^^^^^^^^^^^^^\n\nwarning: unused import: `super::*`\n   --> src/uri/port.rs:115:9\n    |\n115 |     use super::*;\n    |         ^^^^^^^^\n\nwarning: unused import: `super::*`\n   --> src/error.rs:143:9\n    |\n143 |     use super::*;\n    |         ^^^^^^^^\n\nwarning: unused import: `super::*`\n   --> src/lib.rs:197:9\n    |\n197 |     use super::*;\n    |         ^^^^^^^^\n\nerror[E0658]: use of unstable library feature 'fmt_internals': internal to standard library\n   --> src/uri/path.rs:619:25\n    |\n619 |     let mut formatter = fmt::Formatter::new();\n    |                         ^^^^^^^^^^^^^^^^^^^\n    |\n    = help: add `#![feature(fmt_internals)]` to the crate attributes to enable\n    = note: this compiler was built on 2024-07-20; consider upgrading it if it is out of date\n\nerror[E0061]: this function takes 1 argument but 0 arguments were supplied\n   --> src/uri/path.rs:619:25\n    |\n619 |     let mut formatter = fmt::Formatter::new();\n    |                         ^^^^^^^^^^^^^^^^^^^-- argument #1 of type `&mut dyn std::fmt::Write` is missing\n    |\nnote: associated function defined here\n   --> /home/abezbm/.rustup/toolchains/nightly-2024-07-21-x86_64-unknown-linux-gnu/lib/rustlib/src/rust/library/core/src/fmt/mod.rs:286:12\n    |\n286 |     pub fn new(buf: &'a mut (dyn Write + 'a)) -> Formatter<'a> {\n    |            ^^^\nhelp: provide the argument\n    |\n619 |     let mut formatter = fmt::Formatter::new(/* &mut dyn std::fmt::Write */);\n    |                                            ~~~~~~~~~~~~~~~~~~~~~~~~~~~~~~~~\n\nerror[E0599]: no method named `fmt` found for struct `uri::path::PathAndQuery` in the current scope\n   --> src/uri/path.rs:620:28\n    |\n12  | pub struct PathAndQuery {\n    | ----------------------- method `fmt` not found for this struct\n...\n620 |     let _ = path_and_query.fmt(&mut formatter);\n    |                            ^^^ method not found in `PathAndQuery`\n    |\n    = help: items from traits can only be used if the trait is in scope\nhelp: the following traits which provide `fmt` are implemented but not in scope; perhaps you want to import one of them\n    |\n607 +    use std::fmt::Binary;\n    |\n607 +    use std::fmt::Debug;\n    |\n607 +    use std::fmt::Display;\n    |\n607 +    use std::fmt::LowerExp;\n    |\n      and 5 other candidates\n\nerror[E0658]: use of unstable library feature 'fmt_internals': internal to standard library\n   --> src/uri/path.rs:623:25\n    |\n623 |     let mut formatter = fmt::Formatter::new();\n    |                         ^^^^^^^^^^^^^^^^^^^\n    |\n    = help: add `#![feature(fmt_internals)]` to the crate attributes to enable\n    = note: this compiler was built on 2024-07-20; consider upgrading it if it is out of date\n\nerror[E0061]: this function takes 1 argument but 0 arguments were supplied\n   --> src/uri/path.rs:623:25\n    |\n623 |     let mut formatter = fmt::Formatter::new();\n    |                         ^^^^^^^^^^^^^^^^^^^-- argument #1 of type `&mut dyn std::fmt::Write` is missing\n    |\nnote: associated function defined here\n   --> /home/abezbm/.rustup/toolchains/nightly-2024-07-21-x86_64-unknown-linux-gnu/lib/rustlib/src/rust/library/core/src/fmt/mod.rs:286:12\n    |\n286 |     pub fn new(buf: &'a mut (dyn Write + 'a)) -> Formatter<'a> {\n    |            ^^^\nhelp: provide the argument\n    |\n623 |     let mut formatter = fmt::Formatter::new(/* &mut dyn std::fmt::Write */);\n    |                                            ~~~~~~~~~~~~~~~~~~~~~~~~~~~~~~~~\n\nerror[E0599]: no method named `fmt` found for struct `uri::path::PathAndQuery` in the current scope\n   --> src/uri/path.rs:624:33\n    |\n12  | pub struct PathAndQuery {\n    | ----------------------- method `fmt` not found for this struct\n...\n624 |     let result = path_and_query.fmt(&mut formatter);\n    |                                 ^^^ method not found in `PathAndQuery`\n    |\n    = help: items from traits can only be used if the trait is in scope\nhelp: the following traits which provide `fmt` are implemented but not in scope; perhaps you want to import one of them\n    |\n607 +    use std::fmt::Binary;\n    |\n607 +    use std::fmt::Debug;\n    |\n607 +    use std::fmt::Display;\n    |\n607 +    use std::fmt::LowerExp;\n    |\n      and 5 other candidates\n\nSome errors have detailed explanations: E0061, E0599, E0658.\nFor more information about an error, try `rustc --explain E0061`.\nwarning: `http` (lib test) generated 15 warnings\nerror: could not compile `http` (lib test) due to 6 previous errors; 15 warnings emitted\n"
                },
                {
                  "Err": "   Compiling proc-macro2 v1.0.95\n   Compiling libc v0.2.172\n   Compiling zerocopy v0.8.25\n   Compiling syn v1.0.109\n   Compiling serde v1.0.219\n   Compiling serde_json v1.0.140\n   Compiling doc-comment v0.3.3\n   Compiling quote v1.0.40\n   Compiling getrandom v0.2.16\n   Compiling rand_core v0.6.4\n   Compiling ppv-lite86 v0.2.21\n   Compiling rand_chacha v0.3.1\n   Compiling rand v0.8.5\n   Compiling quickcheck v1.0.3\n   Compiling ntest_test_cases v0.9.3\n   Compiling ntest_timeout v0.9.3\n   Compiling ntest v0.9.3\n   Compiling http v1.3.1 (/home/abezbm/rust-utgen-test-crates/http)\nwarning: unused import: `self::StandardHeader::Vary`\n    --> src/header/name.rs:1676:9\n     |\n1676 |     use self::StandardHeader::Vary;\n     |         ^^^^^^^^^^^^^^^^^^^^^^^^^^\n     |\n     = note: `#[warn(unused_imports)]` on by default\n\nwarning: unused import: `super::*`\n   --> src/header/value.rs:481:9\n    |\n481 |     use super::*;\n    |         ^^^^^^^^\n\nwarning: unused import: `crate::header::map::HeaderMap`\n   --> src/header/value.rs:482:9\n    |\n482 |     use crate::header::map::HeaderMap;\n    |         ^^^^^^^^^^^^^^^^^^^^^^^^^^^^^\n\nwarning: unused import: `crate::header::name`\n   --> src/header/value.rs:483:9\n    |\n483 |     use crate::header::name;\n    |         ^^^^^^^^^^^^^^^^^^^\n\nwarning: unused import: `super::*`\n   --> src/header/value.rs:568:9\n    |\n568 |     use super::*;\n    |         ^^^^^^^^\n\nwarning: unused import: `crate::header::name`\n   --> src/header/value.rs:569:9\n    |\n569 |     use crate::header::name;\n    |         ^^^^^^^^^^^^^^^^^^^\n\nwarning: unused import: `super::*`\n   --> src/method.rs:424:9\n    |\n424 |     use super::*;\n    |         ^^^^^^^^\n\nwarning: unused import: `super::*`\n    --> src/request.rs:1063:9\n     |\n1063 |     use super::*;\n     |         ^^^^^^^^\n\nwarning: unused import: `super::*`\n   --> src/response.rs:776:9\n    |\n776 |     use super::*;\n    |         ^^^^^^^^\n\nwarning: unused import: `super::*`\n   --> src/uri/authority.rs:533:9\n    |\n533 |     use super::*;\n    |         ^^^^^^^^\n\nwarning: unused import: `super::*`\n   --> src/uri/builder.rs:165:9\n    |\n165 |     use super::*;\n    |         ^^^^^^^^\n\nwarning: unused import: `ntest::timeout`\n   --> src/uri/path.rs:608:8\n    |\n608 |    use ntest::timeout;\n    |        ^^^^^^^^^^^^^^\n\nwarning: unused import: `super::*`\n   --> src/uri/port.rs:115:9\n    |\n115 |     use super::*;\n    |         ^^^^^^^^\n\nwarning: unused import: `super::*`\n   --> src/error.rs:143:9\n    |\n143 |     use super::*;\n    |         ^^^^^^^^\n\nwarning: unused import: `super::*`\n   --> src/lib.rs:197:9\n    |\n197 |     use super::*;\n    |         ^^^^^^^^\n\nerror[E0658]: use of unstable library feature 'fmt_internals': internal to standard library\n   --> src/uri/path.rs:619:25\n    |\n619 |     let mut formatter = fmt::Formatter::new();\n    |                         ^^^^^^^^^^^^^^^^^^^\n    |\n    = help: add `#![feature(fmt_internals)]` to the crate attributes to enable\n    = note: this compiler was built on 2024-07-20; consider upgrading it if it is out of date\n\nerror[E0061]: this function takes 1 argument but 0 arguments were supplied\n   --> src/uri/path.rs:619:25\n    |\n619 |     let mut formatter = fmt::Formatter::new();\n    |                         ^^^^^^^^^^^^^^^^^^^-- argument #1 of type `&mut dyn std::fmt::Write` is missing\n    |\nnote: associated function defined here\n   --> /home/abezbm/.rustup/toolchains/nightly-2024-07-21-x86_64-unknown-linux-gnu/lib/rustlib/src/rust/library/core/src/fmt/mod.rs:286:12\n    |\n286 |     pub fn new(buf: &'a mut (dyn Write + 'a)) -> Formatter<'a> {\n    |            ^^^\nhelp: provide the argument\n    |\n619 |     let mut formatter = fmt::Formatter::new(/* &mut dyn std::fmt::Write */);\n    |                                            ~~~~~~~~~~~~~~~~~~~~~~~~~~~~~~~~\n\nerror[E0599]: no method named `fmt` found for struct `uri::path::PathAndQuery` in the current scope\n   --> src/uri/path.rs:620:28\n    |\n12  | pub struct PathAndQuery {\n    | ----------------------- method `fmt` not found for this struct\n...\n620 |     let _ = path_and_query.fmt(&mut formatter);\n    |                            ^^^ method not found in `PathAndQuery`\n    |\n    = help: items from traits can only be used if the trait is in scope\nhelp: the following traits which provide `fmt` are implemented but not in scope; perhaps you want to import one of them\n    |\n607 +    use std::fmt::Binary;\n    |\n607 +    use std::fmt::Debug;\n    |\n607 +    use std::fmt::Display;\n    |\n607 +    use std::fmt::LowerExp;\n    |\n      and 5 other candidates\n\nerror[E0658]: use of unstable library feature 'fmt_internals': internal to standard library\n   --> src/uri/path.rs:623:25\n    |\n623 |     let mut formatter = fmt::Formatter::new();\n    |                         ^^^^^^^^^^^^^^^^^^^\n    |\n    = help: add `#![feature(fmt_internals)]` to the crate attributes to enable\n    = note: this compiler was built on 2024-07-20; consider upgrading it if it is out of date\n\nerror[E0061]: this function takes 1 argument but 0 arguments were supplied\n   --> src/uri/path.rs:623:25\n    |\n623 |     let mut formatter = fmt::Formatter::new();\n    |                         ^^^^^^^^^^^^^^^^^^^-- argument #1 of type `&mut dyn std::fmt::Write` is missing\n    |\nnote: associated function defined here\n   --> /home/abezbm/.rustup/toolchains/nightly-2024-07-21-x86_64-unknown-linux-gnu/lib/rustlib/src/rust/library/core/src/fmt/mod.rs:286:12\n    |\n286 |     pub fn new(buf: &'a mut (dyn Write + 'a)) -> Formatter<'a> {\n    |            ^^^\nhelp: provide the argument\n    |\n623 |     let mut formatter = fmt::Formatter::new(/* &mut dyn std::fmt::Write */);\n    |                                            ~~~~~~~~~~~~~~~~~~~~~~~~~~~~~~~~\n\nerror[E0599]: no method named `fmt` found for struct `uri::path::PathAndQuery` in the current scope\n   --> src/uri/path.rs:624:33\n    |\n12  | pub struct PathAndQuery {\n    | ----------------------- method `fmt` not found for this struct\n...\n624 |     let result = path_and_query.fmt(&mut formatter);\n    |                                 ^^^ method not found in `PathAndQuery`\n    |\n    = help: items from traits can only be used if the trait is in scope\nhelp: the following traits which provide `fmt` are implemented but not in scope; perhaps you want to import one of them\n    |\n607 +    use std::fmt::Binary;\n    |\n607 +    use std::fmt::Debug;\n    |\n607 +    use std::fmt::Display;\n    |\n607 +    use std::fmt::LowerExp;\n    |\n      and 5 other candidates\n\nerror[E0599]: `Formatter<'_>` doesn't implement `std::fmt::Display`\n   --> src/uri/path.rs:625:26\n    |\n625 |     assert_eq!(formatter.to_string(), \"*valid/path\");\n    |                          ^^^^^^^^^ `Formatter<'_>` cannot be formatted with the default formatter\n    |\n   ::: /home/abezbm/.rustup/toolchains/nightly-2024-07-21-x86_64-unknown-linux-gnu/lib/rustlib/src/rust/library/core/src/fmt/mod.rs:266:1\n    |\n266 | pub struct Formatter<'a> {\n    | ------------------------ doesn't satisfy `Formatter<'_>: ToString` or `Formatter<'_>: std::fmt::Display`\n    |\n    = note: the following trait bounds were not satisfied:\n            `Formatter<'_>: std::fmt::Display`\n            which is required by `Formatter<'_>: ToString`\n\nSome errors have detailed explanations: E0061, E0599, E0658.\nFor more information about an error, try `rustc --explain E0061`.\nwarning: `http` (lib test) generated 15 warnings\nerror: could not compile `http` (lib test) due to 7 previous errors; 15 warnings emitted\n"
                }
              ],
              "repaired": [
                false,
                false
              ]
            },
            {
              "attrs": [],
              "prefix": [
                "{",
                "    let data = ByteStr {",
                "        bytes: Bytes::from_static(b\"valid/path\"),",
                "    };",
                "    let path_and_query = PathAndQuery {",
                "        data,",
                "        query: NONE,",
                "    };",
                "    let mut formatter = fmt::Formatter::new();",
                "    let _ = path_and_query.fmt(&mut formatter);",
                "}"
              ],
              "oracles": [
                [
                  "    let data = ByteStr {",
                  "    bytes: Bytes::from_static(b\"\"),",
                  "    };",
                  "    let path_and_query = PathAndQuery {",
                  "    data,",
                  "    query: NONE,",
                  "    };",
                  "    let mut formatter = fmt::Formatter::new();",
                  "    let result = path_and_query.fmt(&mut formatter);",
                  "    assert_eq!(result, Ok(()));"
                ],
                [
                  "    let data = ByteStr {",
                  "    bytes: Bytes::from_static(b\"\"),",
                  "    };",
                  "    let path_and_query = PathAndQuery {",
                  "    data,",
                  "    query: NONE,",
                  "    };",
                  "    let mut formatter = fmt::Formatter::new();",
                  "    let result = path_and_query.fmt(&mut formatter);",
                  "    assert_eq!(formatter.to_string(), \"/\");"
                ]
              ],
              "codes": [
                [
                  "{",
                  "    let data = ByteStr {",
                  "        bytes: Bytes::from_static(b\"valid/path\"),",
                  "    };",
                  "    let path_and_query = PathAndQuery {",
                  "        data,",
                  "        query: NONE,",
                  "    };",
                  "    let mut formatter = fmt::Formatter::new();",
                  "    let _ = path_and_query.fmt(&mut formatter);",
                  "    let data = ByteStr {",
                  "    bytes: Bytes::from_static(b\"\"),",
                  "    };",
                  "    let path_and_query = PathAndQuery {",
                  "    data,",
                  "    query: NONE,",
                  "    };",
                  "    let mut formatter = fmt::Formatter::new();",
                  "    let result = path_and_query.fmt(&mut formatter);",
                  "    assert_eq!(result, Ok(()));",
                  "}"
                ],
                [
                  "{",
                  "    let data = ByteStr {",
                  "        bytes: Bytes::from_static(b\"valid/path\"),",
                  "    };",
                  "    let path_and_query = PathAndQuery {",
                  "        data,",
                  "        query: NONE,",
                  "    };",
                  "    let mut formatter = fmt::Formatter::new();",
                  "    let _ = path_and_query.fmt(&mut formatter);",
                  "    let data = ByteStr {",
                  "    bytes: Bytes::from_static(b\"\"),",
                  "    };",
                  "    let path_and_query = PathAndQuery {",
                  "    data,",
                  "    query: NONE,",
                  "    };",
                  "    let mut formatter = fmt::Formatter::new();",
                  "    let result = path_and_query.fmt(&mut formatter);",
                  "    assert_eq!(formatter.to_string(), \"/\");",
                  "}"
                ]
              ],
              "can_compile": [
                {
                  "Err": "   Compiling proc-macro2 v1.0.95\n   Compiling libc v0.2.172\n   Compiling zerocopy v0.8.25\n   Compiling syn v1.0.109\n   Compiling serde v1.0.219\n   Compiling serde_json v1.0.140\n   Compiling doc-comment v0.3.3\n   Compiling quote v1.0.40\n   Compiling getrandom v0.2.16\n   Compiling rand_core v0.6.4\n   Compiling ppv-lite86 v0.2.21\n   Compiling rand_chacha v0.3.1\n   Compiling rand v0.8.5\n   Compiling quickcheck v1.0.3\n   Compiling ntest_timeout v0.9.3\n   Compiling ntest_test_cases v0.9.3\n   Compiling ntest v0.9.3\n   Compiling http v1.3.1 (/home/abezbm/rust-utgen-test-crates/http)\nwarning: unused import: `self::StandardHeader::Vary`\n    --> src/header/name.rs:1676:9\n     |\n1676 |     use self::StandardHeader::Vary;\n     |         ^^^^^^^^^^^^^^^^^^^^^^^^^^\n     |\n     = note: `#[warn(unused_imports)]` on by default\n\nwarning: unused import: `super::*`\n   --> src/header/value.rs:481:9\n    |\n481 |     use super::*;\n    |         ^^^^^^^^\n\nwarning: unused import: `crate::header::map::HeaderMap`\n   --> src/header/value.rs:482:9\n    |\n482 |     use crate::header::map::HeaderMap;\n    |         ^^^^^^^^^^^^^^^^^^^^^^^^^^^^^\n\nwarning: unused import: `crate::header::name`\n   --> src/header/value.rs:483:9\n    |\n483 |     use crate::header::name;\n    |         ^^^^^^^^^^^^^^^^^^^\n\nwarning: unused import: `super::*`\n   --> src/header/value.rs:568:9\n    |\n568 |     use super::*;\n    |         ^^^^^^^^\n\nwarning: unused import: `crate::header::name`\n   --> src/header/value.rs:569:9\n    |\n569 |     use crate::header::name;\n    |         ^^^^^^^^^^^^^^^^^^^\n\nwarning: unused import: `super::*`\n   --> src/method.rs:424:9\n    |\n424 |     use super::*;\n    |         ^^^^^^^^\n\nwarning: unused import: `super::*`\n    --> src/request.rs:1063:9\n     |\n1063 |     use super::*;\n     |         ^^^^^^^^\n\nwarning: unused import: `super::*`\n   --> src/response.rs:776:9\n    |\n776 |     use super::*;\n    |         ^^^^^^^^\n\nwarning: unused import: `super::*`\n   --> src/uri/authority.rs:533:9\n    |\n533 |     use super::*;\n    |         ^^^^^^^^\n\nwarning: unused import: `super::*`\n   --> src/uri/builder.rs:165:9\n    |\n165 |     use super::*;\n    |         ^^^^^^^^\n\nwarning: unused import: `ntest::timeout`\n   --> src/uri/path.rs:608:8\n    |\n608 |    use ntest::timeout;\n    |        ^^^^^^^^^^^^^^\n\nwarning: unused import: `super::*`\n   --> src/uri/port.rs:115:9\n    |\n115 |     use super::*;\n    |         ^^^^^^^^\n\nwarning: unused import: `super::*`\n   --> src/error.rs:143:9\n    |\n143 |     use super::*;\n    |         ^^^^^^^^\n\nwarning: unused import: `super::*`\n   --> src/lib.rs:197:9\n    |\n197 |     use super::*;\n    |         ^^^^^^^^\n\nerror[E0658]: use of unstable library feature 'fmt_internals': internal to standard library\n   --> src/uri/path.rs:619:25\n    |\n619 |     let mut formatter = fmt::Formatter::new();\n    |                         ^^^^^^^^^^^^^^^^^^^\n    |\n    = help: add `#![feature(fmt_internals)]` to the crate attributes to enable\n    = note: this compiler was built on 2024-07-20; consider upgrading it if it is out of date\n\nerror[E0061]: this function takes 1 argument but 0 arguments were supplied\n   --> src/uri/path.rs:619:25\n    |\n619 |     let mut formatter = fmt::Formatter::new();\n    |                         ^^^^^^^^^^^^^^^^^^^-- argument #1 of type `&mut dyn std::fmt::Write` is missing\n    |\nnote: associated function defined here\n   --> /home/abezbm/.rustup/toolchains/nightly-2024-07-21-x86_64-unknown-linux-gnu/lib/rustlib/src/rust/library/core/src/fmt/mod.rs:286:12\n    |\n286 |     pub fn new(buf: &'a mut (dyn Write + 'a)) -> Formatter<'a> {\n    |            ^^^\nhelp: provide the argument\n    |\n619 |     let mut formatter = fmt::Formatter::new(/* &mut dyn std::fmt::Write */);\n    |                                            ~~~~~~~~~~~~~~~~~~~~~~~~~~~~~~~~\n\nerror[E0599]: no method named `fmt` found for struct `uri::path::PathAndQuery` in the current scope\n   --> src/uri/path.rs:620:28\n    |\n12  | pub struct PathAndQuery {\n    | ----------------------- method `fmt` not found for this struct\n...\n620 |     let _ = path_and_query.fmt(&mut formatter);\n    |                            ^^^ method not found in `PathAndQuery`\n    |\n    = help: items from traits can only be used if the trait is in scope\nhelp: the following traits which provide `fmt` are implemented but not in scope; perhaps you want to import one of them\n    |\n607 +    use std::fmt::Binary;\n    |\n607 +    use std::fmt::Debug;\n    |\n607 +    use std::fmt::Display;\n    |\n607 +    use std::fmt::LowerExp;\n    |\n      and 5 other candidates\n\nerror[E0658]: use of unstable library feature 'fmt_internals': internal to standard library\n   --> src/uri/path.rs:628:25\n    |\n628 |     let mut formatter = fmt::Formatter::new();\n    |                         ^^^^^^^^^^^^^^^^^^^\n    |\n    = help: add `#![feature(fmt_internals)]` to the crate attributes to enable\n    = note: this compiler was built on 2024-07-20; consider upgrading it if it is out of date\n\nerror[E0061]: this function takes 1 argument but 0 arguments were supplied\n   --> src/uri/path.rs:628:25\n    |\n628 |     let mut formatter = fmt::Formatter::new();\n    |                         ^^^^^^^^^^^^^^^^^^^-- argument #1 of type `&mut dyn std::fmt::Write` is missing\n    |\nnote: associated function defined here\n   --> /home/abezbm/.rustup/toolchains/nightly-2024-07-21-x86_64-unknown-linux-gnu/lib/rustlib/src/rust/library/core/src/fmt/mod.rs:286:12\n    |\n286 |     pub fn new(buf: &'a mut (dyn Write + 'a)) -> Formatter<'a> {\n    |            ^^^\nhelp: provide the argument\n    |\n628 |     let mut formatter = fmt::Formatter::new(/* &mut dyn std::fmt::Write */);\n    |                                            ~~~~~~~~~~~~~~~~~~~~~~~~~~~~~~~~\n\nerror[E0599]: no method named `fmt` found for struct `uri::path::PathAndQuery` in the current scope\n   --> src/uri/path.rs:629:33\n    |\n12  | pub struct PathAndQuery {\n    | ----------------------- method `fmt` not found for this struct\n...\n629 |     let result = path_and_query.fmt(&mut formatter);\n    |                                 ^^^ method not found in `PathAndQuery`\n    |\n    = help: items from traits can only be used if the trait is in scope\nhelp: the following traits which provide `fmt` are implemented but not in scope; perhaps you want to import one of them\n    |\n607 +    use std::fmt::Binary;\n    |\n607 +    use std::fmt::Debug;\n    |\n607 +    use std::fmt::Display;\n    |\n607 +    use std::fmt::LowerExp;\n    |\n      and 5 other candidates\n\nSome errors have detailed explanations: E0061, E0599, E0658.\nFor more information about an error, try `rustc --explain E0061`.\nwarning: `http` (lib test) generated 15 warnings\nerror: could not compile `http` (lib test) due to 6 previous errors; 15 warnings emitted\n"
                },
                {
                  "Err": "   Compiling libc v0.2.172\n   Compiling proc-macro2 v1.0.95\n   Compiling zerocopy v0.8.25\n   Compiling syn v1.0.109\n   Compiling serde v1.0.219\n   Compiling serde_json v1.0.140\n   Compiling doc-comment v0.3.3\n   Compiling quote v1.0.40\n   Compiling getrandom v0.2.16\n   Compiling rand_core v0.6.4\n   Compiling ppv-lite86 v0.2.21\n   Compiling rand_chacha v0.3.1\n   Compiling rand v0.8.5\n   Compiling quickcheck v1.0.3\n   Compiling ntest_test_cases v0.9.3\n   Compiling ntest_timeout v0.9.3\n   Compiling ntest v0.9.3\n   Compiling http v1.3.1 (/home/abezbm/rust-utgen-test-crates/http)\nwarning: unused import: `self::StandardHeader::Vary`\n    --> src/header/name.rs:1676:9\n     |\n1676 |     use self::StandardHeader::Vary;\n     |         ^^^^^^^^^^^^^^^^^^^^^^^^^^\n     |\n     = note: `#[warn(unused_imports)]` on by default\n\nwarning: unused import: `super::*`\n   --> src/header/value.rs:481:9\n    |\n481 |     use super::*;\n    |         ^^^^^^^^\n\nwarning: unused import: `crate::header::map::HeaderMap`\n   --> src/header/value.rs:482:9\n    |\n482 |     use crate::header::map::HeaderMap;\n    |         ^^^^^^^^^^^^^^^^^^^^^^^^^^^^^\n\nwarning: unused import: `crate::header::name`\n   --> src/header/value.rs:483:9\n    |\n483 |     use crate::header::name;\n    |         ^^^^^^^^^^^^^^^^^^^\n\nwarning: unused import: `super::*`\n   --> src/header/value.rs:568:9\n    |\n568 |     use super::*;\n    |         ^^^^^^^^\n\nwarning: unused import: `crate::header::name`\n   --> src/header/value.rs:569:9\n    |\n569 |     use crate::header::name;\n    |         ^^^^^^^^^^^^^^^^^^^\n\nwarning: unused import: `super::*`\n   --> src/method.rs:424:9\n    |\n424 |     use super::*;\n    |         ^^^^^^^^\n\nwarning: unused import: `super::*`\n    --> src/request.rs:1063:9\n     |\n1063 |     use super::*;\n     |         ^^^^^^^^\n\nwarning: unused import: `super::*`\n   --> src/response.rs:776:9\n    |\n776 |     use super::*;\n    |         ^^^^^^^^\n\nwarning: unused import: `super::*`\n   --> src/uri/authority.rs:533:9\n    |\n533 |     use super::*;\n    |         ^^^^^^^^\n\nwarning: unused import: `super::*`\n   --> src/uri/builder.rs:165:9\n    |\n165 |     use super::*;\n    |         ^^^^^^^^\n\nwarning: unused import: `ntest::timeout`\n   --> src/uri/path.rs:608:8\n    |\n608 |    use ntest::timeout;\n    |        ^^^^^^^^^^^^^^\n\nwarning: unused import: `super::*`\n   --> src/uri/port.rs:115:9\n    |\n115 |     use super::*;\n    |         ^^^^^^^^\n\nwarning: unused import: `super::*`\n   --> src/error.rs:143:9\n    |\n143 |     use super::*;\n    |         ^^^^^^^^\n\nwarning: unused import: `super::*`\n   --> src/lib.rs:197:9\n    |\n197 |     use super::*;\n    |         ^^^^^^^^\n\nerror[E0658]: use of unstable library feature 'fmt_internals': internal to standard library\n   --> src/uri/path.rs:619:25\n    |\n619 |     let mut formatter = fmt::Formatter::new();\n    |                         ^^^^^^^^^^^^^^^^^^^\n    |\n    = help: add `#![feature(fmt_internals)]` to the crate attributes to enable\n    = note: this compiler was built on 2024-07-20; consider upgrading it if it is out of date\n\nerror[E0061]: this function takes 1 argument but 0 arguments were supplied\n   --> src/uri/path.rs:619:25\n    |\n619 |     let mut formatter = fmt::Formatter::new();\n    |                         ^^^^^^^^^^^^^^^^^^^-- argument #1 of type `&mut dyn std::fmt::Write` is missing\n    |\nnote: associated function defined here\n   --> /home/abezbm/.rustup/toolchains/nightly-2024-07-21-x86_64-unknown-linux-gnu/lib/rustlib/src/rust/library/core/src/fmt/mod.rs:286:12\n    |\n286 |     pub fn new(buf: &'a mut (dyn Write + 'a)) -> Formatter<'a> {\n    |            ^^^\nhelp: provide the argument\n    |\n619 |     let mut formatter = fmt::Formatter::new(/* &mut dyn std::fmt::Write */);\n    |                                            ~~~~~~~~~~~~~~~~~~~~~~~~~~~~~~~~\n\nerror[E0599]: no method named `fmt` found for struct `uri::path::PathAndQuery` in the current scope\n   --> src/uri/path.rs:620:28\n    |\n12  | pub struct PathAndQuery {\n    | ----------------------- method `fmt` not found for this struct\n...\n620 |     let _ = path_and_query.fmt(&mut formatter);\n    |                            ^^^ method not found in `PathAndQuery`\n    |\n    = help: items from traits can only be used if the trait is in scope\nhelp: the following traits which provide `fmt` are implemented but not in scope; perhaps you want to import one of them\n    |\n607 +    use std::fmt::Binary;\n    |\n607 +    use std::fmt::Debug;\n    |\n607 +    use std::fmt::Display;\n    |\n607 +    use std::fmt::LowerExp;\n    |\n      and 5 other candidates\n\nerror[E0658]: use of unstable library feature 'fmt_internals': internal to standard library\n   --> src/uri/path.rs:628:25\n    |\n628 |     let mut formatter = fmt::Formatter::new();\n    |                         ^^^^^^^^^^^^^^^^^^^\n    |\n    = help: add `#![feature(fmt_internals)]` to the crate attributes to enable\n    = note: this compiler was built on 2024-07-20; consider upgrading it if it is out of date\n\nerror[E0061]: this function takes 1 argument but 0 arguments were supplied\n   --> src/uri/path.rs:628:25\n    |\n628 |     let mut formatter = fmt::Formatter::new();\n    |                         ^^^^^^^^^^^^^^^^^^^-- argument #1 of type `&mut dyn std::fmt::Write` is missing\n    |\nnote: associated function defined here\n   --> /home/abezbm/.rustup/toolchains/nightly-2024-07-21-x86_64-unknown-linux-gnu/lib/rustlib/src/rust/library/core/src/fmt/mod.rs:286:12\n    |\n286 |     pub fn new(buf: &'a mut (dyn Write + 'a)) -> Formatter<'a> {\n    |            ^^^\nhelp: provide the argument\n    |\n628 |     let mut formatter = fmt::Formatter::new(/* &mut dyn std::fmt::Write */);\n    |                                            ~~~~~~~~~~~~~~~~~~~~~~~~~~~~~~~~\n\nerror[E0599]: no method named `fmt` found for struct `uri::path::PathAndQuery` in the current scope\n   --> src/uri/path.rs:629:33\n    |\n12  | pub struct PathAndQuery {\n    | ----------------------- method `fmt` not found for this struct\n...\n629 |     let result = path_and_query.fmt(&mut formatter);\n    |                                 ^^^ method not found in `PathAndQuery`\n    |\n    = help: items from traits can only be used if the trait is in scope\nhelp: the following traits which provide `fmt` are implemented but not in scope; perhaps you want to import one of them\n    |\n607 +    use std::fmt::Binary;\n    |\n607 +    use std::fmt::Debug;\n    |\n607 +    use std::fmt::Display;\n    |\n607 +    use std::fmt::LowerExp;\n    |\n      and 5 other candidates\n\nerror[E0599]: `Formatter<'_>` doesn't implement `std::fmt::Display`\n   --> src/uri/path.rs:630:26\n    |\n630 |     assert_eq!(formatter.to_string(), \"/\");\n    |                          ^^^^^^^^^ `Formatter<'_>` cannot be formatted with the default formatter\n    |\n   ::: /home/abezbm/.rustup/toolchains/nightly-2024-07-21-x86_64-unknown-linux-gnu/lib/rustlib/src/rust/library/core/src/fmt/mod.rs:266:1\n    |\n266 | pub struct Formatter<'a> {\n    | ------------------------ doesn't satisfy `Formatter<'_>: ToString` or `Formatter<'_>: std::fmt::Display`\n    |\n    = note: the following trait bounds were not satisfied:\n            `Formatter<'_>: std::fmt::Display`\n            which is required by `Formatter<'_>: ToString`\n\nSome errors have detailed explanations: E0061, E0599, E0658.\nFor more information about an error, try `rustc --explain E0061`.\nwarning: `http` (lib test) generated 15 warnings\nerror: could not compile `http` (lib test) due to 7 previous errors; 15 warnings emitted\n"
                }
              ],
              "repaired": [
                false,
                false
              ]
            }
          ]
        }
      ]
    },
    {
      "chain_id": 2,
      "prompt_conds": [
        "// constraint: self.data.is_empty() is false\n",
        "// constraint: self.data.as_bytes()[0] matches b'*' is true\n",
        "// constraint: self.data.as_bytes()[0] matches b'/' is true\n",
        "// constraint: self.data[..] is \n"
      ],
      "input_infer": "b'*', b'/', and contain at least one additional byte.\n",
      "answers": [
        {
          "uses": [],
          "has_test_mod": false,
          "common": [],
          "chain_tests": [
            {
              "attrs": [],
              "prefix": [
                "{",
                "    let path_query = PathAndQuery {",
                "        data: ByteStr {",
                "            bytes: Bytes::from_static(b\"/example\"),",
                "        },",
                "        query: NONE,",
                "    };",
                "    let mut output = String::new();",
                "    path_query.fmt(&mut output).unwrap();",
                "}"
              ],
              "oracles": [
                [
                  "    let path_query = PathAndQuery { data: ByteStr { bytes: Bytes::from_static(b\"/example\") }, query: NONE };",
                  "    let mut output = String::new();",
                  "    path_query.fmt(&mut output).unwrap();",
                  "    assert_eq!(output, \"/example\");"
                ]
              ],
              "codes": [
                [
                  "{",
                  "    let path_query = PathAndQuery {",
                  "        data: ByteStr {",
                  "            bytes: Bytes::from_static(b\"/example\"),",
                  "        },",
                  "        query: NONE,",
                  "    };",
                  "    let mut output = String::new();",
                  "    path_query.fmt(&mut output).unwrap();",
                  "    let path_query = PathAndQuery { data: ByteStr { bytes: Bytes::from_static(b\"/example\") }, query: NONE };",
                  "    let mut output = String::new();",
                  "    path_query.fmt(&mut output).unwrap();",
                  "    assert_eq!(output, \"/example\");",
                  "}"
                ]
              ],
              "can_compile": [
                {
                  "Err": "   Compiling libc v0.2.172\n   Compiling proc-macro2 v1.0.95\n   Compiling zerocopy v0.8.25\n   Compiling syn v1.0.109\n   Compiling serde v1.0.219\n   Compiling doc-comment v0.3.3\n   Compiling serde_json v1.0.140\n   Compiling quote v1.0.40\n   Compiling getrandom v0.2.16\n   Compiling rand_core v0.6.4\n   Compiling ppv-lite86 v0.2.21\n   Compiling rand_chacha v0.3.1\n   Compiling rand v0.8.5\n   Compiling quickcheck v1.0.3\n   Compiling ntest_test_cases v0.9.3\n   Compiling ntest_timeout v0.9.3\n   Compiling ntest v0.9.3\n   Compiling http v1.3.1 (/home/abezbm/rust-utgen-test-crates/http)\nwarning: unused import: `self::StandardHeader::Vary`\n    --> src/header/name.rs:1676:9\n     |\n1676 |     use self::StandardHeader::Vary;\n     |         ^^^^^^^^^^^^^^^^^^^^^^^^^^\n     |\n     = note: `#[warn(unused_imports)]` on by default\n\nwarning: unused import: `super::*`\n   --> src/header/value.rs:481:9\n    |\n481 |     use super::*;\n    |         ^^^^^^^^\n\nwarning: unused import: `crate::header::map::HeaderMap`\n   --> src/header/value.rs:482:9\n    |\n482 |     use crate::header::map::HeaderMap;\n    |         ^^^^^^^^^^^^^^^^^^^^^^^^^^^^^\n\nwarning: unused import: `crate::header::name`\n   --> src/header/value.rs:483:9\n    |\n483 |     use crate::header::name;\n    |         ^^^^^^^^^^^^^^^^^^^\n\nwarning: unused import: `super::*`\n   --> src/header/value.rs:568:9\n    |\n568 |     use super::*;\n    |         ^^^^^^^^\n\nwarning: unused import: `crate::header::name`\n   --> src/header/value.rs:569:9\n    |\n569 |     use crate::header::name;\n    |         ^^^^^^^^^^^^^^^^^^^\n\nwarning: unused import: `super::*`\n   --> src/method.rs:424:9\n    |\n424 |     use super::*;\n    |         ^^^^^^^^\n\nwarning: unused import: `super::*`\n    --> src/request.rs:1063:9\n     |\n1063 |     use super::*;\n     |         ^^^^^^^^\n\nwarning: unused import: `super::*`\n   --> src/response.rs:776:9\n    |\n776 |     use super::*;\n    |         ^^^^^^^^\n\nwarning: unused import: `super::*`\n   --> src/uri/authority.rs:533:9\n    |\n533 |     use super::*;\n    |         ^^^^^^^^\n\nwarning: unused import: `super::*`\n   --> src/uri/builder.rs:165:9\n    |\n165 |     use super::*;\n    |         ^^^^^^^^\n\nwarning: unused import: `ntest::timeout`\n   --> src/uri/path.rs:608:8\n    |\n608 |    use ntest::timeout;\n    |        ^^^^^^^^^^^^^^\n\nwarning: unused import: `super::*`\n   --> src/uri/port.rs:115:9\n    |\n115 |     use super::*;\n    |         ^^^^^^^^\n\nwarning: unused import: `super::*`\n   --> src/error.rs:143:9\n    |\n143 |     use super::*;\n    |         ^^^^^^^^\n\nwarning: unused import: `super::*`\n   --> src/lib.rs:197:9\n    |\n197 |     use super::*;\n    |         ^^^^^^^^\n\nerror[E0599]: no method named `fmt` found for struct `uri::path::PathAndQuery` in the current scope\n   --> src/uri/path.rs:619:16\n    |\n12  | pub struct PathAndQuery {\n    | ----------------------- method `fmt` not found for this struct\n...\n619 |     path_query.fmt(&mut output).unwrap();\n    |                ^^^ method not found in `PathAndQuery`\n    |\n    = help: items from traits can only be used if the trait is in scope\nhelp: the following traits which provide `fmt` are implemented but not in scope; perhaps you want to import one of them\n    |\n607 +    use std::fmt::Binary;\n    |\n607 +    use std::fmt::Debug;\n    |\n607 +    use std::fmt::Display;\n    |\n607 +    use std::fmt::LowerExp;\n    |\n      and 5 other candidates\n\nerror[E0599]: no method named `fmt` found for struct `uri::path::PathAndQuery` in the current scope\n   --> src/uri/path.rs:622:16\n    |\n12  | pub struct PathAndQuery {\n    | ----------------------- method `fmt` not found for this struct\n...\n622 |     path_query.fmt(&mut output).unwrap();\n    |                ^^^ method not found in `PathAndQuery`\n    |\n    = help: items from traits can only be used if the trait is in scope\nhelp: the following traits which provide `fmt` are implemented but not in scope; perhaps you want to import one of them\n    |\n607 +    use std::fmt::Binary;\n    |\n607 +    use std::fmt::Debug;\n    |\n607 +    use std::fmt::Display;\n    |\n607 +    use std::fmt::LowerExp;\n    |\n      and 5 other candidates\n\nFor more information about this error, try `rustc --explain E0599`.\nwarning: `http` (lib test) generated 15 warnings\nerror: could not compile `http` (lib test) due to 2 previous errors; 15 warnings emitted\n"
                }
              ],
              "repaired": [
                false
              ]
            },
            {
              "attrs": [],
              "prefix": [
                "{",
                "    let path_query = PathAndQuery {",
                "        data: ByteStr {",
                "            bytes: Bytes::from_static(b\"*example\"),",
                "        },",
                "        query: NONE,",
                "    };",
                "    let mut output = String::new();",
                "    path_query.fmt(&mut output).unwrap();",
                "}"
              ],
              "oracles": [
                [
                  "    let path_query = PathAndQuery { data: ByteStr { bytes: Bytes::from_static(b\"*example\") }, query: NONE };",
                  "    let mut output = String::new();",
                  "    path_query.fmt(&mut output).unwrap();",
                  "    assert_eq!(output, \"*example\");"
                ]
              ],
              "codes": [
                [
                  "{",
                  "    let path_query = PathAndQuery {",
                  "        data: ByteStr {",
                  "            bytes: Bytes::from_static(b\"*example\"),",
                  "        },",
                  "        query: NONE,",
                  "    };",
                  "    let mut output = String::new();",
                  "    path_query.fmt(&mut output).unwrap();",
                  "    let path_query = PathAndQuery { data: ByteStr { bytes: Bytes::from_static(b\"*example\") }, query: NONE };",
                  "    let mut output = String::new();",
                  "    path_query.fmt(&mut output).unwrap();",
                  "    assert_eq!(output, \"*example\");",
                  "}"
                ]
              ],
              "can_compile": [
                {
                  "Err": "   Compiling libc v0.2.172\n   Compiling proc-macro2 v1.0.95\n   Compiling zerocopy v0.8.25\n   Compiling syn v1.0.109\n   Compiling serde v1.0.219\n   Compiling serde_json v1.0.140\n   Compiling doc-comment v0.3.3\n   Compiling quote v1.0.40\n   Compiling getrandom v0.2.16\n   Compiling rand_core v0.6.4\n   Compiling ppv-lite86 v0.2.21\n   Compiling rand_chacha v0.3.1\n   Compiling rand v0.8.5\n   Compiling quickcheck v1.0.3\n   Compiling ntest_timeout v0.9.3\n   Compiling ntest_test_cases v0.9.3\n   Compiling ntest v0.9.3\n   Compiling http v1.3.1 (/home/abezbm/rust-utgen-test-crates/http)\nwarning: unused import: `self::StandardHeader::Vary`\n    --> src/header/name.rs:1676:9\n     |\n1676 |     use self::StandardHeader::Vary;\n     |         ^^^^^^^^^^^^^^^^^^^^^^^^^^\n     |\n     = note: `#[warn(unused_imports)]` on by default\n\nwarning: unused import: `super::*`\n   --> src/header/value.rs:481:9\n    |\n481 |     use super::*;\n    |         ^^^^^^^^\n\nwarning: unused import: `crate::header::map::HeaderMap`\n   --> src/header/value.rs:482:9\n    |\n482 |     use crate::header::map::HeaderMap;\n    |         ^^^^^^^^^^^^^^^^^^^^^^^^^^^^^\n\nwarning: unused import: `crate::header::name`\n   --> src/header/value.rs:483:9\n    |\n483 |     use crate::header::name;\n    |         ^^^^^^^^^^^^^^^^^^^\n\nwarning: unused import: `super::*`\n   --> src/header/value.rs:568:9\n    |\n568 |     use super::*;\n    |         ^^^^^^^^\n\nwarning: unused import: `crate::header::name`\n   --> src/header/value.rs:569:9\n    |\n569 |     use crate::header::name;\n    |         ^^^^^^^^^^^^^^^^^^^\n\nwarning: unused import: `super::*`\n   --> src/method.rs:424:9\n    |\n424 |     use super::*;\n    |         ^^^^^^^^\n\nwarning: unused import: `super::*`\n    --> src/request.rs:1063:9\n     |\n1063 |     use super::*;\n     |         ^^^^^^^^\n\nwarning: unused import: `super::*`\n   --> src/response.rs:776:9\n    |\n776 |     use super::*;\n    |         ^^^^^^^^\n\nwarning: unused import: `super::*`\n   --> src/uri/authority.rs:533:9\n    |\n533 |     use super::*;\n    |         ^^^^^^^^\n\nwarning: unused import: `super::*`\n   --> src/uri/builder.rs:165:9\n    |\n165 |     use super::*;\n    |         ^^^^^^^^\n\nwarning: unused import: `ntest::timeout`\n   --> src/uri/path.rs:608:8\n    |\n608 |    use ntest::timeout;\n    |        ^^^^^^^^^^^^^^\n\nwarning: unused import: `super::*`\n   --> src/uri/port.rs:115:9\n    |\n115 |     use super::*;\n    |         ^^^^^^^^\n\nwarning: unused import: `super::*`\n   --> src/error.rs:143:9\n    |\n143 |     use super::*;\n    |         ^^^^^^^^\n\nwarning: unused import: `super::*`\n   --> src/lib.rs:197:9\n    |\n197 |     use super::*;\n    |         ^^^^^^^^\n\nerror[E0599]: no method named `fmt` found for struct `uri::path::PathAndQuery` in the current scope\n   --> src/uri/path.rs:619:16\n    |\n12  | pub struct PathAndQuery {\n    | ----------------------- method `fmt` not found for this struct\n...\n619 |     path_query.fmt(&mut output).unwrap();\n    |                ^^^ method not found in `PathAndQuery`\n    |\n    = help: items from traits can only be used if the trait is in scope\nhelp: the following traits which provide `fmt` are implemented but not in scope; perhaps you want to import one of them\n    |\n607 +    use std::fmt::Binary;\n    |\n607 +    use std::fmt::Debug;\n    |\n607 +    use std::fmt::Display;\n    |\n607 +    use std::fmt::LowerExp;\n    |\n      and 5 other candidates\n\nerror[E0599]: no method named `fmt` found for struct `uri::path::PathAndQuery` in the current scope\n   --> src/uri/path.rs:622:16\n    |\n12  | pub struct PathAndQuery {\n    | ----------------------- method `fmt` not found for this struct\n...\n622 |     path_query.fmt(&mut output).unwrap();\n    |                ^^^ method not found in `PathAndQuery`\n    |\n    = help: items from traits can only be used if the trait is in scope\nhelp: the following traits which provide `fmt` are implemented but not in scope; perhaps you want to import one of them\n    |\n607 +    use std::fmt::Binary;\n    |\n607 +    use std::fmt::Debug;\n    |\n607 +    use std::fmt::Display;\n    |\n607 +    use std::fmt::LowerExp;\n    |\n      and 5 other candidates\n\nFor more information about this error, try `rustc --explain E0599`.\nwarning: `http` (lib test) generated 15 warnings\nerror: could not compile `http` (lib test) due to 2 previous errors; 15 warnings emitted\n"
                }
              ],
              "repaired": [
                false
              ]
            },
            {
              "attrs": [],
              "prefix": [
                "{",
                "    let path_query = PathAndQuery {",
                "        data: ByteStr {",
                "            bytes: Bytes::from_static(b\"/test/path\"),",
                "        },",
                "        query: NONE,",
                "    };",
                "    let mut output = String::new();",
                "    path_query.fmt(&mut output).unwrap();",
                "}"
              ],
              "oracles": [
                [
                  "    let path_query = PathAndQuery { data: ByteStr { bytes: Bytes::from_static(b\"/test/path\") }, query: NONE };",
                  "    let mut output = String::new();",
                  "    path_query.fmt(&mut output).unwrap();",
                  "    assert_eq!(output, \"/test/path\");"
                ]
              ],
              "codes": [
                [
                  "{",
                  "    let path_query = PathAndQuery {",
                  "        data: ByteStr {",
                  "            bytes: Bytes::from_static(b\"/test/path\"),",
                  "        },",
                  "        query: NONE,",
                  "    };",
                  "    let mut output = String::new();",
                  "    path_query.fmt(&mut output).unwrap();",
                  "    let path_query = PathAndQuery { data: ByteStr { bytes: Bytes::from_static(b\"/test/path\") }, query: NONE };",
                  "    let mut output = String::new();",
                  "    path_query.fmt(&mut output).unwrap();",
                  "    assert_eq!(output, \"/test/path\");",
                  "}"
                ]
              ],
              "can_compile": [
                {
                  "Err": "   Compiling libc v0.2.172\n   Compiling proc-macro2 v1.0.95\n   Compiling zerocopy v0.8.25\n   Compiling syn v1.0.109\n   Compiling serde v1.0.219\n   Compiling serde_json v1.0.140\n   Compiling doc-comment v0.3.3\n   Compiling quote v1.0.40\n   Compiling getrandom v0.2.16\n   Compiling rand_core v0.6.4\n   Compiling ppv-lite86 v0.2.21\n   Compiling rand_chacha v0.3.1\n   Compiling rand v0.8.5\n   Compiling quickcheck v1.0.3\n   Compiling ntest_timeout v0.9.3\n   Compiling ntest_test_cases v0.9.3\n   Compiling ntest v0.9.3\n   Compiling http v1.3.1 (/home/abezbm/rust-utgen-test-crates/http)\nwarning: unused import: `self::StandardHeader::Vary`\n    --> src/header/name.rs:1676:9\n     |\n1676 |     use self::StandardHeader::Vary;\n     |         ^^^^^^^^^^^^^^^^^^^^^^^^^^\n     |\n     = note: `#[warn(unused_imports)]` on by default\n\nwarning: unused import: `super::*`\n   --> src/header/value.rs:481:9\n    |\n481 |     use super::*;\n    |         ^^^^^^^^\n\nwarning: unused import: `crate::header::map::HeaderMap`\n   --> src/header/value.rs:482:9\n    |\n482 |     use crate::header::map::HeaderMap;\n    |         ^^^^^^^^^^^^^^^^^^^^^^^^^^^^^\n\nwarning: unused import: `crate::header::name`\n   --> src/header/value.rs:483:9\n    |\n483 |     use crate::header::name;\n    |         ^^^^^^^^^^^^^^^^^^^\n\nwarning: unused import: `super::*`\n   --> src/header/value.rs:568:9\n    |\n568 |     use super::*;\n    |         ^^^^^^^^\n\nwarning: unused import: `crate::header::name`\n   --> src/header/value.rs:569:9\n    |\n569 |     use crate::header::name;\n    |         ^^^^^^^^^^^^^^^^^^^\n\nwarning: unused import: `super::*`\n   --> src/method.rs:424:9\n    |\n424 |     use super::*;\n    |         ^^^^^^^^\n\nwarning: unused import: `super::*`\n    --> src/request.rs:1063:9\n     |\n1063 |     use super::*;\n     |         ^^^^^^^^\n\nwarning: unused import: `super::*`\n   --> src/response.rs:776:9\n    |\n776 |     use super::*;\n    |         ^^^^^^^^\n\nwarning: unused import: `super::*`\n   --> src/uri/authority.rs:533:9\n    |\n533 |     use super::*;\n    |         ^^^^^^^^\n\nwarning: unused import: `super::*`\n   --> src/uri/builder.rs:165:9\n    |\n165 |     use super::*;\n    |         ^^^^^^^^\n\nwarning: unused import: `ntest::timeout`\n   --> src/uri/path.rs:608:8\n    |\n608 |    use ntest::timeout;\n    |        ^^^^^^^^^^^^^^\n\nwarning: unused import: `super::*`\n   --> src/uri/port.rs:115:9\n    |\n115 |     use super::*;\n    |         ^^^^^^^^\n\nwarning: unused import: `super::*`\n   --> src/error.rs:143:9\n    |\n143 |     use super::*;\n    |         ^^^^^^^^\n\nwarning: unused import: `super::*`\n   --> src/lib.rs:197:9\n    |\n197 |     use super::*;\n    |         ^^^^^^^^\n\nerror[E0599]: no method named `fmt` found for struct `uri::path::PathAndQuery` in the current scope\n   --> src/uri/path.rs:619:16\n    |\n12  | pub struct PathAndQuery {\n    | ----------------------- method `fmt` not found for this struct\n...\n619 |     path_query.fmt(&mut output).unwrap();\n    |                ^^^ method not found in `PathAndQuery`\n    |\n    = help: items from traits can only be used if the trait is in scope\nhelp: the following traits which provide `fmt` are implemented but not in scope; perhaps you want to import one of them\n    |\n607 +    use std::fmt::Binary;\n    |\n607 +    use std::fmt::Debug;\n    |\n607 +    use std::fmt::Display;\n    |\n607 +    use std::fmt::LowerExp;\n    |\n      and 5 other candidates\n\nerror[E0599]: no method named `fmt` found for struct `uri::path::PathAndQuery` in the current scope\n   --> src/uri/path.rs:622:16\n    |\n12  | pub struct PathAndQuery {\n    | ----------------------- method `fmt` not found for this struct\n...\n622 |     path_query.fmt(&mut output).unwrap();\n    |                ^^^ method not found in `PathAndQuery`\n    |\n    = help: items from traits can only be used if the trait is in scope\nhelp: the following traits which provide `fmt` are implemented but not in scope; perhaps you want to import one of them\n    |\n607 +    use std::fmt::Binary;\n    |\n607 +    use std::fmt::Debug;\n    |\n607 +    use std::fmt::Display;\n    |\n607 +    use std::fmt::LowerExp;\n    |\n      and 5 other candidates\n\nFor more information about this error, try `rustc --explain E0599`.\nwarning: `http` (lib test) generated 15 warnings\nerror: could not compile `http` (lib test) due to 2 previous errors; 15 warnings emitted\n"
                }
              ],
              "repaired": [
                false
              ]
            },
            {
              "attrs": [],
              "prefix": [
                "{",
                "    let path_query = PathAndQuery {",
                "        data: ByteStr {",
                "            bytes: Bytes::from_static(b\"*test/path\"),",
                "        },",
                "        query: NONE,",
                "    };",
                "    let mut output = String::new();",
                "    path_query.fmt(&mut output).unwrap();",
                "}"
              ],
              "oracles": [
                [
                  "    let path_query = PathAndQuery { data: ByteStr { bytes: Bytes::from_static(b\"*test/path\") }, query: NONE };",
                  "    let mut output = String::new();",
                  "    path_query.fmt(&mut output).unwrap();",
                  "    assert_eq!(output, \"*test/path\");"
                ]
              ],
              "codes": [
                [
                  "{",
                  "    let path_query = PathAndQuery {",
                  "        data: ByteStr {",
                  "            bytes: Bytes::from_static(b\"*test/path\"),",
                  "        },",
                  "        query: NONE,",
                  "    };",
                  "    let mut output = String::new();",
                  "    path_query.fmt(&mut output).unwrap();",
                  "    let path_query = PathAndQuery { data: ByteStr { bytes: Bytes::from_static(b\"*test/path\") }, query: NONE };",
                  "    let mut output = String::new();",
                  "    path_query.fmt(&mut output).unwrap();",
                  "    assert_eq!(output, \"*test/path\");",
                  "}"
                ]
              ],
              "can_compile": [
                {
                  "Err": "   Compiling libc v0.2.172\n   Compiling proc-macro2 v1.0.95\n   Compiling zerocopy v0.8.25\n   Compiling syn v1.0.109\n   Compiling serde v1.0.219\n   Compiling doc-comment v0.3.3\n   Compiling serde_json v1.0.140\n   Compiling quote v1.0.40\n   Compiling getrandom v0.2.16\n   Compiling rand_core v0.6.4\n   Compiling ppv-lite86 v0.2.21\n   Compiling rand_chacha v0.3.1\n   Compiling rand v0.8.5\n   Compiling quickcheck v1.0.3\n   Compiling ntest_test_cases v0.9.3\n   Compiling ntest_timeout v0.9.3\n   Compiling ntest v0.9.3\n   Compiling http v1.3.1 (/home/abezbm/rust-utgen-test-crates/http)\nwarning: unused import: `self::StandardHeader::Vary`\n    --> src/header/name.rs:1676:9\n     |\n1676 |     use self::StandardHeader::Vary;\n     |         ^^^^^^^^^^^^^^^^^^^^^^^^^^\n     |\n     = note: `#[warn(unused_imports)]` on by default\n\nwarning: unused import: `super::*`\n   --> src/header/value.rs:481:9\n    |\n481 |     use super::*;\n    |         ^^^^^^^^\n\nwarning: unused import: `crate::header::map::HeaderMap`\n   --> src/header/value.rs:482:9\n    |\n482 |     use crate::header::map::HeaderMap;\n    |         ^^^^^^^^^^^^^^^^^^^^^^^^^^^^^\n\nwarning: unused import: `crate::header::name`\n   --> src/header/value.rs:483:9\n    |\n483 |     use crate::header::name;\n    |         ^^^^^^^^^^^^^^^^^^^\n\nwarning: unused import: `super::*`\n   --> src/header/value.rs:568:9\n    |\n568 |     use super::*;\n    |         ^^^^^^^^\n\nwarning: unused import: `crate::header::name`\n   --> src/header/value.rs:569:9\n    |\n569 |     use crate::header::name;\n    |         ^^^^^^^^^^^^^^^^^^^\n\nwarning: unused import: `super::*`\n   --> src/method.rs:424:9\n    |\n424 |     use super::*;\n    |         ^^^^^^^^\n\nwarning: unused import: `super::*`\n    --> src/request.rs:1063:9\n     |\n1063 |     use super::*;\n     |         ^^^^^^^^\n\nwarning: unused import: `super::*`\n   --> src/response.rs:776:9\n    |\n776 |     use super::*;\n    |         ^^^^^^^^\n\nwarning: unused import: `super::*`\n   --> src/uri/authority.rs:533:9\n    |\n533 |     use super::*;\n    |         ^^^^^^^^\n\nwarning: unused import: `super::*`\n   --> src/uri/builder.rs:165:9\n    |\n165 |     use super::*;\n    |         ^^^^^^^^\n\nwarning: unused import: `ntest::timeout`\n   --> src/uri/path.rs:608:8\n    |\n608 |    use ntest::timeout;\n    |        ^^^^^^^^^^^^^^\n\nwarning: unused import: `super::*`\n   --> src/uri/port.rs:115:9\n    |\n115 |     use super::*;\n    |         ^^^^^^^^\n\nwarning: unused import: `super::*`\n   --> src/error.rs:143:9\n    |\n143 |     use super::*;\n    |         ^^^^^^^^\n\nwarning: unused import: `super::*`\n   --> src/lib.rs:197:9\n    |\n197 |     use super::*;\n    |         ^^^^^^^^\n\nerror[E0599]: no method named `fmt` found for struct `uri::path::PathAndQuery` in the current scope\n   --> src/uri/path.rs:619:16\n    |\n12  | pub struct PathAndQuery {\n    | ----------------------- method `fmt` not found for this struct\n...\n619 |     path_query.fmt(&mut output).unwrap();\n    |                ^^^ method not found in `PathAndQuery`\n    |\n    = help: items from traits can only be used if the trait is in scope\nhelp: the following traits which provide `fmt` are implemented but not in scope; perhaps you want to import one of them\n    |\n607 +    use std::fmt::Binary;\n    |\n607 +    use std::fmt::Debug;\n    |\n607 +    use std::fmt::Display;\n    |\n607 +    use std::fmt::LowerExp;\n    |\n      and 5 other candidates\n\nerror[E0599]: no method named `fmt` found for struct `uri::path::PathAndQuery` in the current scope\n   --> src/uri/path.rs:622:16\n    |\n12  | pub struct PathAndQuery {\n    | ----------------------- method `fmt` not found for this struct\n...\n622 |     path_query.fmt(&mut output).unwrap();\n    |                ^^^ method not found in `PathAndQuery`\n    |\n    = help: items from traits can only be used if the trait is in scope\nhelp: the following traits which provide `fmt` are implemented but not in scope; perhaps you want to import one of them\n    |\n607 +    use std::fmt::Binary;\n    |\n607 +    use std::fmt::Debug;\n    |\n607 +    use std::fmt::Display;\n    |\n607 +    use std::fmt::LowerExp;\n    |\n      and 5 other candidates\n\nFor more information about this error, try `rustc --explain E0599`.\nwarning: `http` (lib test) generated 15 warnings\nerror: could not compile `http` (lib test) due to 2 previous errors; 15 warnings emitted\n"
                }
              ],
              "repaired": [
                false
              ]
            }
          ]
        }
      ]
    },
    {
      "chain_id": 4,
      "prompt_conds": [
        "// constraint: self.data.is_empty() is false\n",
        "// constraint: self.data.as_bytes()[0] matches b'/' is true\n",
        "// constraint: self.data.as_bytes()[0] matches b'*' or b'/' is true\n",
        "// constraint: self.data[..] is \n"
      ],
      "input_infer": "1 <= self.data.len() <= 65535, self.data.as_bytes()[0] == b'/', self.data.as_bytes()[0] == b'*'\n",
      "answers": [
        {
          "uses": [],
          "has_test_mod": false,
          "common": [],
          "chain_tests": [
            {
              "attrs": [],
              "prefix": [
                "{",
                "    let data = ByteStr {",
                "        bytes: Bytes::from_static(b\"/path/to/resource\"),",
                "    };",
                "    let path_and_query = PathAndQuery { data, query: 0 };",
                "    let mut output = String::new();",
                "    path_and_query.fmt(&mut output).unwrap();",
                "}"
              ],
              "oracles": [
                [
                  "    let data = ByteStr { bytes: Bytes::from_static(b\"/path/to/resource\") };",
                  "    let path_and_query = PathAndQuery { data, query: 0 };",
                  "    let mut output = String::new();",
                  "    path_and_query.fmt(&mut output).unwrap();",
                  "    assert_eq!(output, \"/path/to/resource\");"
                ]
              ],
              "codes": [
                [
                  "{",
                  "    let data = ByteStr {",
                  "        bytes: Bytes::from_static(b\"/path/to/resource\"),",
                  "    };",
                  "    let path_and_query = PathAndQuery { data, query: 0 };",
                  "    let mut output = String::new();",
                  "    path_and_query.fmt(&mut output).unwrap();",
                  "    let data = ByteStr { bytes: Bytes::from_static(b\"/path/to/resource\") };",
                  "    let path_and_query = PathAndQuery { data, query: 0 };",
                  "    let mut output = String::new();",
                  "    path_and_query.fmt(&mut output).unwrap();",
                  "    assert_eq!(output, \"/path/to/resource\");",
                  "}"
                ]
              ],
              "can_compile": [
                {
                  "Err": "   Compiling proc-macro2 v1.0.95\n   Compiling libc v0.2.172\n   Compiling zerocopy v0.8.25\n   Compiling syn v1.0.109\n   Compiling serde v1.0.219\n   Compiling serde_json v1.0.140\n   Compiling doc-comment v0.3.3\n   Compiling quote v1.0.40\n   Compiling getrandom v0.2.16\n   Compiling rand_core v0.6.4\n   Compiling ppv-lite86 v0.2.21\n   Compiling rand_chacha v0.3.1\n   Compiling rand v0.8.5\n   Compiling quickcheck v1.0.3\n   Compiling ntest_test_cases v0.9.3\n   Compiling ntest_timeout v0.9.3\n   Compiling ntest v0.9.3\n   Compiling http v1.3.1 (/home/abezbm/rust-utgen-test-crates/http)\nwarning: unused import: `self::StandardHeader::Vary`\n    --> src/header/name.rs:1676:9\n     |\n1676 |     use self::StandardHeader::Vary;\n     |         ^^^^^^^^^^^^^^^^^^^^^^^^^^\n     |\n     = note: `#[warn(unused_imports)]` on by default\n\nwarning: unused import: `super::*`\n   --> src/header/value.rs:481:9\n    |\n481 |     use super::*;\n    |         ^^^^^^^^\n\nwarning: unused import: `crate::header::map::HeaderMap`\n   --> src/header/value.rs:482:9\n    |\n482 |     use crate::header::map::HeaderMap;\n    |         ^^^^^^^^^^^^^^^^^^^^^^^^^^^^^\n\nwarning: unused import: `crate::header::name`\n   --> src/header/value.rs:483:9\n    |\n483 |     use crate::header::name;\n    |         ^^^^^^^^^^^^^^^^^^^\n\nwarning: unused import: `super::*`\n   --> src/header/value.rs:568:9\n    |\n568 |     use super::*;\n    |         ^^^^^^^^\n\nwarning: unused import: `crate::header::name`\n   --> src/header/value.rs:569:9\n    |\n569 |     use crate::header::name;\n    |         ^^^^^^^^^^^^^^^^^^^\n\nwarning: unused import: `super::*`\n   --> src/method.rs:424:9\n    |\n424 |     use super::*;\n    |         ^^^^^^^^\n\nwarning: unused import: `super::*`\n    --> src/request.rs:1063:9\n     |\n1063 |     use super::*;\n     |         ^^^^^^^^\n\nwarning: unused import: `super::*`\n   --> src/response.rs:776:9\n    |\n776 |     use super::*;\n    |         ^^^^^^^^\n\nwarning: unused import: `super::*`\n   --> src/uri/authority.rs:533:9\n    |\n533 |     use super::*;\n    |         ^^^^^^^^\n\nwarning: unused import: `super::*`\n   --> src/uri/builder.rs:165:9\n    |\n165 |     use super::*;\n    |         ^^^^^^^^\n\nwarning: unused import: `ntest::timeout`\n   --> src/uri/path.rs:608:8\n    |\n608 |    use ntest::timeout;\n    |        ^^^^^^^^^^^^^^\n\nwarning: unused import: `super::*`\n   --> src/uri/port.rs:115:9\n    |\n115 |     use super::*;\n    |         ^^^^^^^^\n\nwarning: unused import: `super::*`\n   --> src/error.rs:143:9\n    |\n143 |     use super::*;\n    |         ^^^^^^^^\n\nwarning: unused import: `super::*`\n   --> src/lib.rs:197:9\n    |\n197 |     use super::*;\n    |         ^^^^^^^^\n\nerror[E0599]: no method named `fmt` found for struct `uri::path::PathAndQuery` in the current scope\n   --> src/uri/path.rs:617:20\n    |\n12  | pub struct PathAndQuery {\n    | ----------------------- method `fmt` not found for this struct\n...\n617 |     path_and_query.fmt(&mut output).unwrap();\n    |                    ^^^ method not found in `PathAndQuery`\n    |\n    = help: items from traits can only be used if the trait is in scope\nhelp: the following traits which provide `fmt` are implemented but not in scope; perhaps you want to import one of them\n    |\n607 +    use std::fmt::Binary;\n    |\n607 +    use std::fmt::Debug;\n    |\n607 +    use std::fmt::Display;\n    |\n607 +    use std::fmt::LowerExp;\n    |\n      and 5 other candidates\n\nerror[E0599]: no method named `fmt` found for struct `uri::path::PathAndQuery` in the current scope\n   --> src/uri/path.rs:621:20\n    |\n12  | pub struct PathAndQuery {\n    | ----------------------- method `fmt` not found for this struct\n...\n621 |     path_and_query.fmt(&mut output).unwrap();\n    |                    ^^^ method not found in `PathAndQuery`\n    |\n    = help: items from traits can only be used if the trait is in scope\nhelp: the following traits which provide `fmt` are implemented but not in scope; perhaps you want to import one of them\n    |\n607 +    use std::fmt::Binary;\n    |\n607 +    use std::fmt::Debug;\n    |\n607 +    use std::fmt::Display;\n    |\n607 +    use std::fmt::LowerExp;\n    |\n      and 5 other candidates\n\nFor more information about this error, try `rustc --explain E0599`.\nwarning: `http` (lib test) generated 15 warnings\nerror: could not compile `http` (lib test) due to 2 previous errors; 15 warnings emitted\n"
                }
              ],
              "repaired": [
                false
              ]
            },
            {
              "attrs": [],
              "prefix": [
                "{",
                "    let data = ByteStr {",
                "        bytes: Bytes::from_static(b\"*path/to/resource\"),",
                "    };",
                "    let path_and_query = PathAndQuery { data, query: 0 };",
                "    let mut output = String::new();",
                "    path_and_query.fmt(&mut output).unwrap();",
                "}"
              ],
              "oracles": [
                [
                  "    let data = ByteStr { bytes: Bytes::from_static(b\"*path/to/resource\") };",
                  "    let path_and_query = PathAndQuery { data, query: 0 };",
                  "    let mut output = String::new();",
                  "    path_and_query.fmt(&mut output).unwrap();",
                  "    assert_eq!(output, \"*path/to/resource\");"
                ]
              ],
              "codes": [
                [
                  "{",
                  "    let data = ByteStr {",
                  "        bytes: Bytes::from_static(b\"*path/to/resource\"),",
                  "    };",
                  "    let path_and_query = PathAndQuery { data, query: 0 };",
                  "    let mut output = String::new();",
                  "    path_and_query.fmt(&mut output).unwrap();",
                  "    let data = ByteStr { bytes: Bytes::from_static(b\"*path/to/resource\") };",
                  "    let path_and_query = PathAndQuery { data, query: 0 };",
                  "    let mut output = String::new();",
                  "    path_and_query.fmt(&mut output).unwrap();",
                  "    assert_eq!(output, \"*path/to/resource\");",
                  "}"
                ]
              ],
              "can_compile": [
                {
                  "Err": "   Compiling libc v0.2.172\n   Compiling proc-macro2 v1.0.95\n   Compiling zerocopy v0.8.25\n   Compiling syn v1.0.109\n   Compiling serde v1.0.219\n   Compiling doc-comment v0.3.3\n   Compiling serde_json v1.0.140\n   Compiling quote v1.0.40\n   Compiling getrandom v0.2.16\n   Compiling rand_core v0.6.4\n   Compiling ppv-lite86 v0.2.21\n   Compiling rand_chacha v0.3.1\n   Compiling rand v0.8.5\n   Compiling quickcheck v1.0.3\n   Compiling ntest_timeout v0.9.3\n   Compiling ntest_test_cases v0.9.3\n   Compiling ntest v0.9.3\n   Compiling http v1.3.1 (/home/abezbm/rust-utgen-test-crates/http)\nwarning: unused import: `self::StandardHeader::Vary`\n    --> src/header/name.rs:1676:9\n     |\n1676 |     use self::StandardHeader::Vary;\n     |         ^^^^^^^^^^^^^^^^^^^^^^^^^^\n     |\n     = note: `#[warn(unused_imports)]` on by default\n\nwarning: unused import: `super::*`\n   --> src/header/value.rs:481:9\n    |\n481 |     use super::*;\n    |         ^^^^^^^^\n\nwarning: unused import: `crate::header::map::HeaderMap`\n   --> src/header/value.rs:482:9\n    |\n482 |     use crate::header::map::HeaderMap;\n    |         ^^^^^^^^^^^^^^^^^^^^^^^^^^^^^\n\nwarning: unused import: `crate::header::name`\n   --> src/header/value.rs:483:9\n    |\n483 |     use crate::header::name;\n    |         ^^^^^^^^^^^^^^^^^^^\n\nwarning: unused import: `super::*`\n   --> src/header/value.rs:568:9\n    |\n568 |     use super::*;\n    |         ^^^^^^^^\n\nwarning: unused import: `crate::header::name`\n   --> src/header/value.rs:569:9\n    |\n569 |     use crate::header::name;\n    |         ^^^^^^^^^^^^^^^^^^^\n\nwarning: unused import: `super::*`\n   --> src/method.rs:424:9\n    |\n424 |     use super::*;\n    |         ^^^^^^^^\n\nwarning: unused import: `super::*`\n    --> src/request.rs:1063:9\n     |\n1063 |     use super::*;\n     |         ^^^^^^^^\n\nwarning: unused import: `super::*`\n   --> src/response.rs:776:9\n    |\n776 |     use super::*;\n    |         ^^^^^^^^\n\nwarning: unused import: `super::*`\n   --> src/uri/authority.rs:533:9\n    |\n533 |     use super::*;\n    |         ^^^^^^^^\n\nwarning: unused import: `super::*`\n   --> src/uri/builder.rs:165:9\n    |\n165 |     use super::*;\n    |         ^^^^^^^^\n\nwarning: unused import: `ntest::timeout`\n   --> src/uri/path.rs:608:8\n    |\n608 |    use ntest::timeout;\n    |        ^^^^^^^^^^^^^^\n\nwarning: unused import: `super::*`\n   --> src/uri/port.rs:115:9\n    |\n115 |     use super::*;\n    |         ^^^^^^^^\n\nwarning: unused import: `super::*`\n   --> src/error.rs:143:9\n    |\n143 |     use super::*;\n    |         ^^^^^^^^\n\nwarning: unused import: `super::*`\n   --> src/lib.rs:197:9\n    |\n197 |     use super::*;\n    |         ^^^^^^^^\n\nerror[E0599]: no method named `fmt` found for struct `uri::path::PathAndQuery` in the current scope\n   --> src/uri/path.rs:617:20\n    |\n12  | pub struct PathAndQuery {\n    | ----------------------- method `fmt` not found for this struct\n...\n617 |     path_and_query.fmt(&mut output).unwrap();\n    |                    ^^^ method not found in `PathAndQuery`\n    |\n    = help: items from traits can only be used if the trait is in scope\nhelp: the following traits which provide `fmt` are implemented but not in scope; perhaps you want to import one of them\n    |\n607 +    use std::fmt::Binary;\n    |\n607 +    use std::fmt::Debug;\n    |\n607 +    use std::fmt::Display;\n    |\n607 +    use std::fmt::LowerExp;\n    |\n      and 5 other candidates\n\nerror[E0599]: no method named `fmt` found for struct `uri::path::PathAndQuery` in the current scope\n   --> src/uri/path.rs:621:20\n    |\n12  | pub struct PathAndQuery {\n    | ----------------------- method `fmt` not found for this struct\n...\n621 |     path_and_query.fmt(&mut output).unwrap();\n    |                    ^^^ method not found in `PathAndQuery`\n    |\n    = help: items from traits can only be used if the trait is in scope\nhelp: the following traits which provide `fmt` are implemented but not in scope; perhaps you want to import one of them\n    |\n607 +    use std::fmt::Binary;\n    |\n607 +    use std::fmt::Debug;\n    |\n607 +    use std::fmt::Display;\n    |\n607 +    use std::fmt::LowerExp;\n    |\n      and 5 other candidates\n\nFor more information about this error, try `rustc --explain E0599`.\nwarning: `http` (lib test) generated 15 warnings\nerror: could not compile `http` (lib test) due to 2 previous errors; 15 warnings emitted\n"
                }
              ],
              "repaired": [
                false
              ]
            },
            {
              "attrs": [],
              "prefix": [
                "{",
                "    let data = ByteStr {",
                "        bytes: Bytes::from_static(b\"//another/resource\"),",
                "    };",
                "    let path_and_query = PathAndQuery { data, query: 0 };",
                "    let mut output = String::new();",
                "    path_and_query.fmt(&mut output).unwrap();",
                "}"
              ],
              "oracles": [
                [
                  "    let data = ByteStr { bytes: Bytes::from_static(b\"//another/resource\") };",
                  "    let path_and_query = PathAndQuery { data, query: 0 };",
                  "    let mut output = String::new();",
                  "    path_and_query.fmt(&mut output).unwrap();",
                  "    assert_eq!(output, \"//another/resource\");"
                ]
              ],
              "codes": [
                [
                  "{",
                  "    let data = ByteStr {",
                  "        bytes: Bytes::from_static(b\"//another/resource\"),",
                  "    };",
                  "    let path_and_query = PathAndQuery { data, query: 0 };",
                  "    let mut output = String::new();",
                  "    path_and_query.fmt(&mut output).unwrap();",
                  "    let data = ByteStr { bytes: Bytes::from_static(b\"//another/resource\") };",
                  "    let path_and_query = PathAndQuery { data, query: 0 };",
                  "    let mut output = String::new();",
                  "    path_and_query.fmt(&mut output).unwrap();",
                  "    assert_eq!(output, \"//another/resource\");",
                  "}"
                ]
              ],
              "can_compile": [
                {
                  "Err": "   Compiling libc v0.2.172\n   Compiling proc-macro2 v1.0.95\n   Compiling zerocopy v0.8.25\n   Compiling syn v1.0.109\n   Compiling serde v1.0.219\n   Compiling doc-comment v0.3.3\n   Compiling serde_json v1.0.140\n   Compiling quote v1.0.40\n   Compiling getrandom v0.2.16\n   Compiling rand_core v0.6.4\n   Compiling ppv-lite86 v0.2.21\n   Compiling rand_chacha v0.3.1\n   Compiling rand v0.8.5\n   Compiling quickcheck v1.0.3\n   Compiling ntest_test_cases v0.9.3\n   Compiling ntest_timeout v0.9.3\n   Compiling ntest v0.9.3\n   Compiling http v1.3.1 (/home/abezbm/rust-utgen-test-crates/http)\nwarning: unused import: `self::StandardHeader::Vary`\n    --> src/header/name.rs:1676:9\n     |\n1676 |     use self::StandardHeader::Vary;\n     |         ^^^^^^^^^^^^^^^^^^^^^^^^^^\n     |\n     = note: `#[warn(unused_imports)]` on by default\n\nwarning: unused import: `super::*`\n   --> src/header/value.rs:481:9\n    |\n481 |     use super::*;\n    |         ^^^^^^^^\n\nwarning: unused import: `crate::header::map::HeaderMap`\n   --> src/header/value.rs:482:9\n    |\n482 |     use crate::header::map::HeaderMap;\n    |         ^^^^^^^^^^^^^^^^^^^^^^^^^^^^^\n\nwarning: unused import: `crate::header::name`\n   --> src/header/value.rs:483:9\n    |\n483 |     use crate::header::name;\n    |         ^^^^^^^^^^^^^^^^^^^\n\nwarning: unused import: `super::*`\n   --> src/header/value.rs:568:9\n    |\n568 |     use super::*;\n    |         ^^^^^^^^\n\nwarning: unused import: `crate::header::name`\n   --> src/header/value.rs:569:9\n    |\n569 |     use crate::header::name;\n    |         ^^^^^^^^^^^^^^^^^^^\n\nwarning: unused import: `super::*`\n   --> src/method.rs:424:9\n    |\n424 |     use super::*;\n    |         ^^^^^^^^\n\nwarning: unused import: `super::*`\n    --> src/request.rs:1063:9\n     |\n1063 |     use super::*;\n     |         ^^^^^^^^\n\nwarning: unused import: `super::*`\n   --> src/response.rs:776:9\n    |\n776 |     use super::*;\n    |         ^^^^^^^^\n\nwarning: unused import: `super::*`\n   --> src/uri/authority.rs:533:9\n    |\n533 |     use super::*;\n    |         ^^^^^^^^\n\nwarning: unused import: `super::*`\n   --> src/uri/builder.rs:165:9\n    |\n165 |     use super::*;\n    |         ^^^^^^^^\n\nwarning: unused import: `ntest::timeout`\n   --> src/uri/path.rs:608:8\n    |\n608 |    use ntest::timeout;\n    |        ^^^^^^^^^^^^^^\n\nwarning: unused import: `super::*`\n   --> src/uri/port.rs:115:9\n    |\n115 |     use super::*;\n    |         ^^^^^^^^\n\nwarning: unused import: `super::*`\n   --> src/error.rs:143:9\n    |\n143 |     use super::*;\n    |         ^^^^^^^^\n\nwarning: unused import: `super::*`\n   --> src/lib.rs:197:9\n    |\n197 |     use super::*;\n    |         ^^^^^^^^\n\nerror[E0599]: no method named `fmt` found for struct `uri::path::PathAndQuery` in the current scope\n   --> src/uri/path.rs:617:20\n    |\n12  | pub struct PathAndQuery {\n    | ----------------------- method `fmt` not found for this struct\n...\n617 |     path_and_query.fmt(&mut output).unwrap();\n    |                    ^^^ method not found in `PathAndQuery`\n    |\n    = help: items from traits can only be used if the trait is in scope\nhelp: the following traits which provide `fmt` are implemented but not in scope; perhaps you want to import one of them\n    |\n607 +    use std::fmt::Binary;\n    |\n607 +    use std::fmt::Debug;\n    |\n607 +    use std::fmt::Display;\n    |\n607 +    use std::fmt::LowerExp;\n    |\n      and 5 other candidates\n\nerror[E0599]: no method named `fmt` found for struct `uri::path::PathAndQuery` in the current scope\n   --> src/uri/path.rs:621:20\n    |\n12  | pub struct PathAndQuery {\n    | ----------------------- method `fmt` not found for this struct\n...\n621 |     path_and_query.fmt(&mut output).unwrap();\n    |                    ^^^ method not found in `PathAndQuery`\n    |\n    = help: items from traits can only be used if the trait is in scope\nhelp: the following traits which provide `fmt` are implemented but not in scope; perhaps you want to import one of them\n    |\n607 +    use std::fmt::Binary;\n    |\n607 +    use std::fmt::Debug;\n    |\n607 +    use std::fmt::Display;\n    |\n607 +    use std::fmt::LowerExp;\n    |\n      and 5 other candidates\n\nFor more information about this error, try `rustc --explain E0599`.\nwarning: `http` (lib test) generated 15 warnings\nerror: could not compile `http` (lib test) due to 2 previous errors; 15 warnings emitted\n"
                }
              ],
              "repaired": [
                false
              ]
            },
            {
              "attrs": [],
              "prefix": [
                "{",
                "    let data = ByteStr {",
                "        bytes: Bytes::from_static(b\"/this/is/a/very/long/path/that/should/be/handled/properly\"),",
                "    };",
                "    let path_and_query = PathAndQuery { data, query: 0 };",
                "    let mut output = String::new();",
                "    path_and_query.fmt(&mut output).unwrap();",
                "}"
              ],
              "oracles": [
                [
                  "    let data = ByteStr { bytes: Bytes::from_static(b\"/this/is/a/very/long/path/that/should/be/handled/properly\") };",
                  "    let path_and_query = PathAndQuery { data, query: 0 };",
                  "    let mut output = String::new();",
                  "    path_and_query.fmt(&mut output).unwrap();",
                  "    assert_eq!(output, \"/this/is/a/very/long/path/that/should/be/handled/properly\");"
                ]
              ],
              "codes": [
                [
                  "{",
                  "    let data = ByteStr {",
                  "        bytes: Bytes::from_static(b\"/this/is/a/very/long/path/that/should/be/handled/properly\"),",
                  "    };",
                  "    let path_and_query = PathAndQuery { data, query: 0 };",
                  "    let mut output = String::new();",
                  "    path_and_query.fmt(&mut output).unwrap();",
                  "    let data = ByteStr { bytes: Bytes::from_static(b\"/this/is/a/very/long/path/that/should/be/handled/properly\") };",
                  "    let path_and_query = PathAndQuery { data, query: 0 };",
                  "    let mut output = String::new();",
                  "    path_and_query.fmt(&mut output).unwrap();",
                  "    assert_eq!(output, \"/this/is/a/very/long/path/that/should/be/handled/properly\");",
                  "}"
                ]
              ],
              "can_compile": [
                {
                  "Err": "   Compiling libc v0.2.172\n   Compiling proc-macro2 v1.0.95\n   Compiling zerocopy v0.8.25\n   Compiling syn v1.0.109\n   Compiling serde v1.0.219\n   Compiling serde_json v1.0.140\n   Compiling doc-comment v0.3.3\n   Compiling quote v1.0.40\n   Compiling getrandom v0.2.16\n   Compiling rand_core v0.6.4\n   Compiling ppv-lite86 v0.2.21\n   Compiling rand_chacha v0.3.1\n   Compiling rand v0.8.5\n   Compiling quickcheck v1.0.3\n   Compiling ntest_timeout v0.9.3\n   Compiling ntest_test_cases v0.9.3\n   Compiling ntest v0.9.3\n   Compiling http v1.3.1 (/home/abezbm/rust-utgen-test-crates/http)\nwarning: unused import: `self::StandardHeader::Vary`\n    --> src/header/name.rs:1676:9\n     |\n1676 |     use self::StandardHeader::Vary;\n     |         ^^^^^^^^^^^^^^^^^^^^^^^^^^\n     |\n     = note: `#[warn(unused_imports)]` on by default\n\nwarning: unused import: `super::*`\n   --> src/header/value.rs:481:9\n    |\n481 |     use super::*;\n    |         ^^^^^^^^\n\nwarning: unused import: `crate::header::map::HeaderMap`\n   --> src/header/value.rs:482:9\n    |\n482 |     use crate::header::map::HeaderMap;\n    |         ^^^^^^^^^^^^^^^^^^^^^^^^^^^^^\n\nwarning: unused import: `crate::header::name`\n   --> src/header/value.rs:483:9\n    |\n483 |     use crate::header::name;\n    |         ^^^^^^^^^^^^^^^^^^^\n\nwarning: unused import: `super::*`\n   --> src/header/value.rs:568:9\n    |\n568 |     use super::*;\n    |         ^^^^^^^^\n\nwarning: unused import: `crate::header::name`\n   --> src/header/value.rs:569:9\n    |\n569 |     use crate::header::name;\n    |         ^^^^^^^^^^^^^^^^^^^\n\nwarning: unused import: `super::*`\n   --> src/method.rs:424:9\n    |\n424 |     use super::*;\n    |         ^^^^^^^^\n\nwarning: unused import: `super::*`\n    --> src/request.rs:1063:9\n     |\n1063 |     use super::*;\n     |         ^^^^^^^^\n\nwarning: unused import: `super::*`\n   --> src/response.rs:776:9\n    |\n776 |     use super::*;\n    |         ^^^^^^^^\n\nwarning: unused import: `super::*`\n   --> src/uri/authority.rs:533:9\n    |\n533 |     use super::*;\n    |         ^^^^^^^^\n\nwarning: unused import: `super::*`\n   --> src/uri/builder.rs:165:9\n    |\n165 |     use super::*;\n    |         ^^^^^^^^\n\nwarning: unused import: `ntest::timeout`\n   --> src/uri/path.rs:608:8\n    |\n608 |    use ntest::timeout;\n    |        ^^^^^^^^^^^^^^\n\nwarning: unused import: `super::*`\n   --> src/uri/port.rs:115:9\n    |\n115 |     use super::*;\n    |         ^^^^^^^^\n\nwarning: unused import: `super::*`\n   --> src/error.rs:143:9\n    |\n143 |     use super::*;\n    |         ^^^^^^^^\n\nwarning: unused import: `super::*`\n   --> src/lib.rs:197:9\n    |\n197 |     use super::*;\n    |         ^^^^^^^^\n\nerror[E0599]: no method named `fmt` found for struct `uri::path::PathAndQuery` in the current scope\n   --> src/uri/path.rs:617:20\n    |\n12  | pub struct PathAndQuery {\n    | ----------------------- method `fmt` not found for this struct\n...\n617 |     path_and_query.fmt(&mut output).unwrap();\n    |                    ^^^ method not found in `PathAndQuery`\n    |\n    = help: items from traits can only be used if the trait is in scope\nhelp: the following traits which provide `fmt` are implemented but not in scope; perhaps you want to import one of them\n    |\n607 +    use std::fmt::Binary;\n    |\n607 +    use std::fmt::Debug;\n    |\n607 +    use std::fmt::Display;\n    |\n607 +    use std::fmt::LowerExp;\n    |\n      and 5 other candidates\n\nerror[E0599]: no method named `fmt` found for struct `uri::path::PathAndQuery` in the current scope\n   --> src/uri/path.rs:621:20\n    |\n12  | pub struct PathAndQuery {\n    | ----------------------- method `fmt` not found for this struct\n...\n621 |     path_and_query.fmt(&mut output).unwrap();\n    |                    ^^^ method not found in `PathAndQuery`\n    |\n    = help: items from traits can only be used if the trait is in scope\nhelp: the following traits which provide `fmt` are implemented but not in scope; perhaps you want to import one of them\n    |\n607 +    use std::fmt::Binary;\n    |\n607 +    use std::fmt::Debug;\n    |\n607 +    use std::fmt::Display;\n    |\n607 +    use std::fmt::LowerExp;\n    |\n      and 5 other candidates\n\nFor more information about this error, try `rustc --explain E0599`.\nwarning: `http` (lib test) generated 15 warnings\nerror: could not compile `http` (lib test) due to 2 previous errors; 15 warnings emitted\n"
                }
              ],
              "repaired": [
                false
              ]
            }
          ]
        }
      ]
    }
  ]
}