{
  "name": "http::response::response::Builder::extensions_mut",
  "name_with_impl": "http::response::{impl#6}::extensions_mut",
  "mod_info": {
    "name": "response",
    "loc": "src/lib.rs:175:1:175:18"
  },
  "visible": true,
  "loc": "src/response.rs:725:5:727:6",
  "fn_tests": [
    {
      "chain_id": 1,
      "prompt_conds": [],
      "input_infer": "0 <= self.inner <= 1 (Valid error state or valid state leading to extensions), 0 <= extensions.count() <= 100 (Number of extensions, including edge scenarios with zero and maximum possible entries), 0 <= key.len() <= 64 (Length of the key for extensions), 0 <= value.len() <= 256 (Length of the value for extensions)\n",
      "answers": [
        {
          "uses": [],
          "has_test_mod": false,
          "common": [
            "#[should_panic]",
            "fn test_extensions_mut_invalid_state() {",
            "    let builder = Builder::new(); ",
            "    let response = builder.body(\"Response Body\").unwrap();",
            "    let extensions = response.extensions_mut(); ",
            "    assert!(extensions.is_none());",
            "}"
          ],
          "chain_tests": [
            {
              "attrs": [],
              "prefix": [
                "{",
                "    let mut builder = Builder::new().status(StatusCode::OK).version(Version::HTTP_11);",
                "    let mut response = builder.extension(\"Initial Extension\").body(\"Response Body\").unwrap();",
                "    let extensions = response.extensions_mut().unwrap();",
                "    extensions.insert(42u32);",
                "}"
              ],
              "oracles": [
                [
                  "    let builder = Builder::new();",
                  "    assert!(builder.extensions_mut().is_none());"
                ],
                [
                  "    let builder = Builder::new();",
                  "    let response = builder.body(\"Response Body\").unwrap();",
                  "    assert!(response.extensions_mut().is_none());"
                ],
                [
                  "    let builder = Builder::new();",
                  "    let response = builder.body(\"Response Body\").unwrap();",
                  "    let mut builder = Builder::new().status(StatusCode::OK).version(Version::HTTP_11);",
                  "    let response = builder.extension(\"Initial Extension\").body(\"Response Body\").unwrap();",
                  "    let extensions = response.extensions_mut().unwrap();",
                  "    assert_eq!(extensions.get::<&'static str>(), Some(&\"Initial Extension\"));"
                ],
                [
                  "    let builder = Builder::new();",
                  "    let response = builder.body(\"Response Body\").unwrap();",
                  "    let mut builder = Builder::new().status(StatusCode::OK).version(Version::HTTP_11);",
                  "    let response = builder.extension(\"Initial Extension\").body(\"Response Body\").unwrap();",
                  "    let extensions = response.extensions_mut().unwrap();",
                  "    extensions.insert(42u32);",
                  "    assert_eq!(extensions.get::<u32>(), Some(&42u32));"
                ]
              ],
              "codes": [
                [
                  "{",
                  "    let mut builder = Builder::new().status(StatusCode::OK).version(Version::HTTP_11);",
                  "    let mut response = builder.extension(\"Initial Extension\").body(\"Response Body\").unwrap();",
                  "    let extensions = response.extensions_mut().unwrap();",
                  "    extensions.insert(42u32);",
                  "    let builder = Builder::new();",
                  "    assert!(builder.extensions_mut().is_none());",
                  "}"
                ],
                [
                  "{",
                  "    let mut builder = Builder::new().status(StatusCode::OK).version(Version::HTTP_11);",
                  "    let mut response = builder.extension(\"Initial Extension\").body(\"Response Body\").unwrap();",
                  "    let extensions = response.extensions_mut().unwrap();",
                  "    extensions.insert(42u32);",
                  "    let builder = Builder::new();",
                  "    let response = builder.body(\"Response Body\").unwrap();",
                  "    assert!(response.extensions_mut().is_none());",
                  "}"
                ],
                [
                  "{",
                  "    let mut builder = Builder::new().status(StatusCode::OK).version(Version::HTTP_11);",
                  "    let mut response = builder.extension(\"Initial Extension\").body(\"Response Body\").unwrap();",
                  "    let extensions = response.extensions_mut().unwrap();",
                  "    extensions.insert(42u32);",
                  "    let builder = Builder::new();",
                  "    let response = builder.body(\"Response Body\").unwrap();",
                  "    let mut builder = Builder::new().status(StatusCode::OK).version(Version::HTTP_11);",
                  "    let response = builder.extension(\"Initial Extension\").body(\"Response Body\").unwrap();",
                  "    let extensions = response.extensions_mut().unwrap();",
                  "    assert_eq!(extensions.get::<&'static str>(), Some(&\"Initial Extension\"));",
                  "}"
                ],
                [
                  "{",
                  "    let mut builder = Builder::new().status(StatusCode::OK).version(Version::HTTP_11);",
                  "    let mut response = builder.extension(\"Initial Extension\").body(\"Response Body\").unwrap();",
                  "    let extensions = response.extensions_mut().unwrap();",
                  "    extensions.insert(42u32);",
                  "    let builder = Builder::new();",
                  "    let response = builder.body(\"Response Body\").unwrap();",
                  "    let mut builder = Builder::new().status(StatusCode::OK).version(Version::HTTP_11);",
                  "    let response = builder.extension(\"Initial Extension\").body(\"Response Body\").unwrap();",
                  "    let extensions = response.extensions_mut().unwrap();",
                  "    extensions.insert(42u32);",
                  "    assert_eq!(extensions.get::<u32>(), Some(&42u32));",
                  "}"
                ]
              ],
              "can_compile": [
                {
                  "Err": "   Compiling proc-macro2 v1.0.95\n   Compiling libc v0.2.172\n   Compiling zerocopy v0.8.25\n   Compiling syn v1.0.109\n   Compiling serde v1.0.219\n   Compiling serde_json v1.0.140\n   Compiling doc-comment v0.3.3\n   Compiling quote v1.0.40\n   Compiling getrandom v0.2.16\n   Compiling rand_core v0.6.4\n   Compiling ppv-lite86 v0.2.21\n   Compiling rand_chacha v0.3.1\n   Compiling rand v0.8.5\n   Compiling quickcheck v1.0.3\n   Compiling ntest_test_cases v0.9.3\n   Compiling ntest_timeout v0.9.3\n   Compiling ntest v0.9.3\n   Compiling http v1.3.1 (/home/abezbm/rust-utgen-test-crates/http)\nwarning: unused import: `self::StandardHeader::Vary`\n    --> src/header/name.rs:1676:9\n     |\n1676 |     use self::StandardHeader::Vary;\n     |         ^^^^^^^^^^^^^^^^^^^^^^^^^^\n     |\n     = note: `#[warn(unused_imports)]` on by default\n\nwarning: unused import: `super::*`\n   --> src/header/value.rs:481:9\n    |\n481 |     use super::*;\n    |         ^^^^^^^^\n\nwarning: unused import: `crate::header::map::HeaderMap`\n   --> src/header/value.rs:482:9\n    |\n482 |     use crate::header::map::HeaderMap;\n    |         ^^^^^^^^^^^^^^^^^^^^^^^^^^^^^\n\nwarning: unused import: `crate::header::name`\n   --> src/header/value.rs:483:9\n    |\n483 |     use crate::header::name;\n    |         ^^^^^^^^^^^^^^^^^^^\n\nwarning: unused import: `super::*`\n   --> src/header/value.rs:568:9\n    |\n568 |     use super::*;\n    |         ^^^^^^^^\n\nwarning: unused import: `crate::header::name`\n   --> src/header/value.rs:569:9\n    |\n569 |     use crate::header::name;\n    |         ^^^^^^^^^^^^^^^^^^^\n\nwarning: unused import: `super::*`\n   --> src/method.rs:424:9\n    |\n424 |     use super::*;\n    |         ^^^^^^^^\n\nwarning: unused import: `super::*`\n    --> src/request.rs:1063:9\n     |\n1063 |     use super::*;\n     |         ^^^^^^^^\n\nwarning: unused import: `super::*`\n   --> src/response.rs:776:9\n    |\n776 |     use super::*;\n    |         ^^^^^^^^\n\nwarning: unused import: `ntest::timeout`\n   --> src/response.rs:791:8\n    |\n791 |    use ntest::timeout;\n    |        ^^^^^^^^^^^^^^\n\nwarning: unused import: `super::*`\n   --> src/uri/authority.rs:533:9\n    |\n533 |     use super::*;\n    |         ^^^^^^^^\n\nwarning: unused import: `super::*`\n   --> src/uri/builder.rs:165:9\n    |\n165 |     use super::*;\n    |         ^^^^^^^^\n\nwarning: unused import: `super::*`\n   --> src/uri/port.rs:115:9\n    |\n115 |     use super::*;\n    |         ^^^^^^^^\n\nwarning: unused import: `super::*`\n   --> src/error.rs:143:9\n    |\n143 |     use super::*;\n    |         ^^^^^^^^\n\nwarning: unused import: `super::*`\n   --> src/lib.rs:197:9\n    |\n197 |     use super::*;\n    |         ^^^^^^^^\n\nerror[E0599]: no method named `is_none` found for mutable reference `&mut Extensions` in the current scope\n   --> src/response.rs:797:24\n    |\n797 |     assert!(extensions.is_none());\n    |                        ^^^^^^^ method not found in `&mut Extensions`\n\nerror[E0599]: no method named `unwrap` found for mutable reference `&mut Extensions` in the current scope\n   --> src/response.rs:805:48\n    |\n805 |     let extensions = response.extensions_mut().unwrap();\n    |                                                ^^^^^^ method not found in `&mut Extensions`\n\nFor more information about this error, try `rustc --explain E0599`.\nwarning: `http` (lib test) generated 15 warnings\nerror: could not compile `http` (lib test) due to 2 previous errors; 15 warnings emitted\n"
                },
                {
                  "Err": "   Compiling libc v0.2.172\n   Compiling proc-macro2 v1.0.95\n   Compiling zerocopy v0.8.25\n   Compiling syn v1.0.109\n   Compiling serde v1.0.219\n   Compiling serde_json v1.0.140\n   Compiling doc-comment v0.3.3\n   Compiling quote v1.0.40\n   Compiling getrandom v0.2.16\n   Compiling rand_core v0.6.4\n   Compiling ppv-lite86 v0.2.21\n   Compiling rand_chacha v0.3.1\n   Compiling rand v0.8.5\n   Compiling quickcheck v1.0.3\n   Compiling ntest_timeout v0.9.3\n   Compiling ntest_test_cases v0.9.3\n   Compiling ntest v0.9.3\n   Compiling http v1.3.1 (/home/abezbm/rust-utgen-test-crates/http)\nwarning: unused import: `self::StandardHeader::Vary`\n    --> src/header/name.rs:1676:9\n     |\n1676 |     use self::StandardHeader::Vary;\n     |         ^^^^^^^^^^^^^^^^^^^^^^^^^^\n     |\n     = note: `#[warn(unused_imports)]` on by default\n\nwarning: unused import: `super::*`\n   --> src/header/value.rs:481:9\n    |\n481 |     use super::*;\n    |         ^^^^^^^^\n\nwarning: unused import: `crate::header::map::HeaderMap`\n   --> src/header/value.rs:482:9\n    |\n482 |     use crate::header::map::HeaderMap;\n    |         ^^^^^^^^^^^^^^^^^^^^^^^^^^^^^\n\nwarning: unused import: `crate::header::name`\n   --> src/header/value.rs:483:9\n    |\n483 |     use crate::header::name;\n    |         ^^^^^^^^^^^^^^^^^^^\n\nwarning: unused import: `super::*`\n   --> src/header/value.rs:568:9\n    |\n568 |     use super::*;\n    |         ^^^^^^^^\n\nwarning: unused import: `crate::header::name`\n   --> src/header/value.rs:569:9\n    |\n569 |     use crate::header::name;\n    |         ^^^^^^^^^^^^^^^^^^^\n\nwarning: unused import: `super::*`\n   --> src/method.rs:424:9\n    |\n424 |     use super::*;\n    |         ^^^^^^^^\n\nwarning: unused import: `super::*`\n    --> src/request.rs:1063:9\n     |\n1063 |     use super::*;\n     |         ^^^^^^^^\n\nwarning: unused import: `super::*`\n   --> src/response.rs:776:9\n    |\n776 |     use super::*;\n    |         ^^^^^^^^\n\nwarning: unused import: `ntest::timeout`\n   --> src/response.rs:791:8\n    |\n791 |    use ntest::timeout;\n    |        ^^^^^^^^^^^^^^\n\nwarning: unused import: `super::*`\n   --> src/uri/authority.rs:533:9\n    |\n533 |     use super::*;\n    |         ^^^^^^^^\n\nwarning: unused import: `super::*`\n   --> src/uri/builder.rs:165:9\n    |\n165 |     use super::*;\n    |         ^^^^^^^^\n\nwarning: unused import: `super::*`\n   --> src/uri/port.rs:115:9\n    |\n115 |     use super::*;\n    |         ^^^^^^^^\n\nwarning: unused import: `super::*`\n   --> src/error.rs:143:9\n    |\n143 |     use super::*;\n    |         ^^^^^^^^\n\nwarning: unused import: `super::*`\n   --> src/lib.rs:197:9\n    |\n197 |     use super::*;\n    |         ^^^^^^^^\n\nerror[E0599]: no method named `is_none` found for mutable reference `&mut Extensions` in the current scope\n   --> src/response.rs:797:24\n    |\n797 |     assert!(extensions.is_none());\n    |                        ^^^^^^^ method not found in `&mut Extensions`\n\nerror[E0599]: no method named `unwrap` found for mutable reference `&mut Extensions` in the current scope\n   --> src/response.rs:805:48\n    |\n805 |     let extensions = response.extensions_mut().unwrap();\n    |                                                ^^^^^^ method not found in `&mut Extensions`\n\nerror[E0599]: no method named `is_none` found for mutable reference `&mut Extensions` in the current scope\n   --> src/response.rs:809:39\n    |\n809 |     assert!(response.extensions_mut().is_none());\n    |                                       ^^^^^^^ method not found in `&mut Extensions`\n\nFor more information about this error, try `rustc --explain E0599`.\nwarning: `http` (lib test) generated 15 warnings\nerror: could not compile `http` (lib test) due to 3 previous errors; 15 warnings emitted\n"
                },
                {
                  "Err": "   Compiling libc v0.2.172\n   Compiling proc-macro2 v1.0.95\n   Compiling zerocopy v0.8.25\n   Compiling syn v1.0.109\n   Compiling serde v1.0.219\n   Compiling serde_json v1.0.140\n   Compiling doc-comment v0.3.3\n   Compiling quote v1.0.40\n   Compiling getrandom v0.2.16\n   Compiling rand_core v0.6.4\n   Compiling ppv-lite86 v0.2.21\n   Compiling rand_chacha v0.3.1\n   Compiling rand v0.8.5\n   Compiling quickcheck v1.0.3\n   Compiling ntest_timeout v0.9.3\n   Compiling ntest_test_cases v0.9.3\n   Compiling ntest v0.9.3\n   Compiling http v1.3.1 (/home/abezbm/rust-utgen-test-crates/http)\nwarning: unused import: `self::StandardHeader::Vary`\n    --> src/header/name.rs:1676:9\n     |\n1676 |     use self::StandardHeader::Vary;\n     |         ^^^^^^^^^^^^^^^^^^^^^^^^^^\n     |\n     = note: `#[warn(unused_imports)]` on by default\n\nwarning: unused import: `super::*`\n   --> src/header/value.rs:481:9\n    |\n481 |     use super::*;\n    |         ^^^^^^^^\n\nwarning: unused import: `crate::header::map::HeaderMap`\n   --> src/header/value.rs:482:9\n    |\n482 |     use crate::header::map::HeaderMap;\n    |         ^^^^^^^^^^^^^^^^^^^^^^^^^^^^^\n\nwarning: unused import: `crate::header::name`\n   --> src/header/value.rs:483:9\n    |\n483 |     use crate::header::name;\n    |         ^^^^^^^^^^^^^^^^^^^\n\nwarning: unused import: `super::*`\n   --> src/header/value.rs:568:9\n    |\n568 |     use super::*;\n    |         ^^^^^^^^\n\nwarning: unused import: `crate::header::name`\n   --> src/header/value.rs:569:9\n    |\n569 |     use crate::header::name;\n    |         ^^^^^^^^^^^^^^^^^^^\n\nwarning: unused import: `super::*`\n   --> src/method.rs:424:9\n    |\n424 |     use super::*;\n    |         ^^^^^^^^\n\nwarning: unused import: `super::*`\n    --> src/request.rs:1063:9\n     |\n1063 |     use super::*;\n     |         ^^^^^^^^\n\nwarning: unused import: `super::*`\n   --> src/response.rs:776:9\n    |\n776 |     use super::*;\n    |         ^^^^^^^^\n\nwarning: unused import: `ntest::timeout`\n   --> src/response.rs:791:8\n    |\n791 |    use ntest::timeout;\n    |        ^^^^^^^^^^^^^^\n\nwarning: unused import: `super::*`\n   --> src/uri/authority.rs:533:9\n    |\n533 |     use super::*;\n    |         ^^^^^^^^\n\nwarning: unused import: `super::*`\n   --> src/uri/builder.rs:165:9\n    |\n165 |     use super::*;\n    |         ^^^^^^^^\n\nwarning: unused import: `super::*`\n   --> src/uri/port.rs:115:9\n    |\n115 |     use super::*;\n    |         ^^^^^^^^\n\nwarning: unused import: `super::*`\n   --> src/error.rs:143:9\n    |\n143 |     use super::*;\n    |         ^^^^^^^^\n\nwarning: unused import: `super::*`\n   --> src/lib.rs:197:9\n    |\n197 |     use super::*;\n    |         ^^^^^^^^\n\nerror[E0599]: no method named `is_none` found for mutable reference `&mut Extensions` in the current scope\n   --> src/response.rs:797:24\n    |\n797 |     assert!(extensions.is_none());\n    |                        ^^^^^^^ method not found in `&mut Extensions`\n\nerror[E0599]: no method named `unwrap` found for mutable reference `&mut Extensions` in the current scope\n   --> src/response.rs:805:48\n    |\n805 |     let extensions = response.extensions_mut().unwrap();\n    |                                                ^^^^^^ method not found in `&mut Extensions`\n\nerror[E0599]: no method named `unwrap` found for mutable reference `&mut Extensions` in the current scope\n   --> src/response.rs:811:48\n    |\n811 |     let extensions = response.extensions_mut().unwrap();\n    |                                                ^^^^^^ method not found in `&mut Extensions`\n\nFor more information about this error, try `rustc --explain E0599`.\nwarning: `http` (lib test) generated 15 warnings\nerror: could not compile `http` (lib test) due to 3 previous errors; 15 warnings emitted\n"
                },
                {
                  "Err": "   Compiling libc v0.2.172\n   Compiling proc-macro2 v1.0.95\n   Compiling zerocopy v0.8.25\n   Compiling syn v1.0.109\n   Compiling serde v1.0.219\n   Compiling serde_json v1.0.140\n   Compiling doc-comment v0.3.3\n   Compiling quote v1.0.40\n   Compiling getrandom v0.2.16\n   Compiling rand_core v0.6.4\n   Compiling ppv-lite86 v0.2.21\n   Compiling rand_chacha v0.3.1\n   Compiling rand v0.8.5\n   Compiling quickcheck v1.0.3\n   Compiling ntest_test_cases v0.9.3\n   Compiling ntest_timeout v0.9.3\n   Compiling ntest v0.9.3\n   Compiling http v1.3.1 (/home/abezbm/rust-utgen-test-crates/http)\nwarning: unused import: `self::StandardHeader::Vary`\n    --> src/header/name.rs:1676:9\n     |\n1676 |     use self::StandardHeader::Vary;\n     |         ^^^^^^^^^^^^^^^^^^^^^^^^^^\n     |\n     = note: `#[warn(unused_imports)]` on by default\n\nwarning: unused import: `super::*`\n   --> src/header/value.rs:481:9\n    |\n481 |     use super::*;\n    |         ^^^^^^^^\n\nwarning: unused import: `crate::header::map::HeaderMap`\n   --> src/header/value.rs:482:9\n    |\n482 |     use crate::header::map::HeaderMap;\n    |         ^^^^^^^^^^^^^^^^^^^^^^^^^^^^^\n\nwarning: unused import: `crate::header::name`\n   --> src/header/value.rs:483:9\n    |\n483 |     use crate::header::name;\n    |         ^^^^^^^^^^^^^^^^^^^\n\nwarning: unused import: `super::*`\n   --> src/header/value.rs:568:9\n    |\n568 |     use super::*;\n    |         ^^^^^^^^\n\nwarning: unused import: `crate::header::name`\n   --> src/header/value.rs:569:9\n    |\n569 |     use crate::header::name;\n    |         ^^^^^^^^^^^^^^^^^^^\n\nwarning: unused import: `super::*`\n   --> src/method.rs:424:9\n    |\n424 |     use super::*;\n    |         ^^^^^^^^\n\nwarning: unused import: `super::*`\n    --> src/request.rs:1063:9\n     |\n1063 |     use super::*;\n     |         ^^^^^^^^\n\nwarning: unused import: `super::*`\n   --> src/response.rs:776:9\n    |\n776 |     use super::*;\n    |         ^^^^^^^^\n\nwarning: unused import: `ntest::timeout`\n   --> src/response.rs:791:8\n    |\n791 |    use ntest::timeout;\n    |        ^^^^^^^^^^^^^^\n\nwarning: unused import: `super::*`\n   --> src/uri/authority.rs:533:9\n    |\n533 |     use super::*;\n    |         ^^^^^^^^\n\nwarning: unused import: `super::*`\n   --> src/uri/builder.rs:165:9\n    |\n165 |     use super::*;\n    |         ^^^^^^^^\n\nwarning: unused import: `super::*`\n   --> src/uri/port.rs:115:9\n    |\n115 |     use super::*;\n    |         ^^^^^^^^\n\nwarning: unused import: `super::*`\n   --> src/error.rs:143:9\n    |\n143 |     use super::*;\n    |         ^^^^^^^^\n\nwarning: unused import: `super::*`\n   --> src/lib.rs:197:9\n    |\n197 |     use super::*;\n    |         ^^^^^^^^\n\nerror[E0599]: no method named `is_none` found for mutable reference `&mut Extensions` in the current scope\n   --> src/response.rs:797:24\n    |\n797 |     assert!(extensions.is_none());\n    |                        ^^^^^^^ method not found in `&mut Extensions`\n\nerror[E0599]: no method named `unwrap` found for mutable reference `&mut Extensions` in the current scope\n   --> src/response.rs:805:48\n    |\n805 |     let extensions = response.extensions_mut().unwrap();\n    |                                                ^^^^^^ method not found in `&mut Extensions`\n\nerror[E0599]: no method named `unwrap` found for mutable reference `&mut Extensions` in the current scope\n   --> src/response.rs:811:48\n    |\n811 |     let extensions = response.extensions_mut().unwrap();\n    |                                                ^^^^^^ method not found in `&mut Extensions`\n\nFor more information about this error, try `rustc --explain E0599`.\nwarning: `http` (lib test) generated 15 warnings\nerror: could not compile `http` (lib test) due to 3 previous errors; 15 warnings emitted\n"
                }
              ],
              "repaired": [
                false,
                false,
                false,
                false
              ]
            },
            {
              "attrs": [],
              "prefix": [
                "{",
                "    let mut builder = Builder::new().status(StatusCode::OK).version(Version::HTTP_11);",
                "    let mut response = builder.body(\"Response Body\").unwrap();",
                "    let extensions = response.extensions_mut();",
                "    assert!(extensions.is_none());",
                "}"
              ],
              "oracles": [
                [
                  "    let builder = Builder::new();",
                  "    let response = builder.body(\"Response Body\").unwrap();",
                  "    let extensions = response.extensions_mut();",
                  "    assert!(extensions.is_none());"
                ],
                [
                  "    let builder = Builder::new();",
                  "    let response = builder.body(\"Response Body\").unwrap();",
                  "    let extensions = response.extensions_mut();",
                  "    let mut builder = Builder::new().status(StatusCode::OK).version(Version::HTTP_11);",
                  "    let response = builder.body(\"Response Body\").unwrap();",
                  "    let extensions = response.extensions_mut();",
                  "    assert!(extensions.is_none());"
                ]
              ],
              "codes": [
                [
                  "{",
                  "    let mut builder = Builder::new().status(StatusCode::OK).version(Version::HTTP_11);",
                  "    let mut response = builder.body(\"Response Body\").unwrap();",
                  "    let extensions = response.extensions_mut();",
                  "    assert!(extensions.is_none());",
                  "    let builder = Builder::new();",
                  "    let response = builder.body(\"Response Body\").unwrap();",
                  "    let extensions = response.extensions_mut();",
                  "    assert!(extensions.is_none());",
                  "}"
                ],
                [
                  "{",
                  "    let mut builder = Builder::new().status(StatusCode::OK).version(Version::HTTP_11);",
                  "    let mut response = builder.body(\"Response Body\").unwrap();",
                  "    let extensions = response.extensions_mut();",
                  "    assert!(extensions.is_none());",
                  "    let builder = Builder::new();",
                  "    let response = builder.body(\"Response Body\").unwrap();",
                  "    let extensions = response.extensions_mut();",
                  "    let mut builder = Builder::new().status(StatusCode::OK).version(Version::HTTP_11);",
                  "    let response = builder.body(\"Response Body\").unwrap();",
                  "    let extensions = response.extensions_mut();",
                  "    assert!(extensions.is_none());",
                  "}"
                ]
              ],
              "can_compile": [
                {
                  "Err": "   Compiling proc-macro2 v1.0.95\n   Compiling libc v0.2.172\n   Compiling zerocopy v0.8.25\n   Compiling syn v1.0.109\n   Compiling serde v1.0.219\n   Compiling serde_json v1.0.140\n   Compiling doc-comment v0.3.3\n   Compiling quote v1.0.40\n   Compiling getrandom v0.2.16\n   Compiling rand_core v0.6.4\n   Compiling ppv-lite86 v0.2.21\n   Compiling rand_chacha v0.3.1\n   Compiling rand v0.8.5\n   Compiling quickcheck v1.0.3\n   Compiling ntest_timeout v0.9.3\n   Compiling ntest_test_cases v0.9.3\n   Compiling ntest v0.9.3\n   Compiling http v1.3.1 (/home/abezbm/rust-utgen-test-crates/http)\nwarning: unused import: `self::StandardHeader::Vary`\n    --> src/header/name.rs:1676:9\n     |\n1676 |     use self::StandardHeader::Vary;\n     |         ^^^^^^^^^^^^^^^^^^^^^^^^^^\n     |\n     = note: `#[warn(unused_imports)]` on by default\n\nwarning: unused import: `super::*`\n   --> src/header/value.rs:481:9\n    |\n481 |     use super::*;\n    |         ^^^^^^^^\n\nwarning: unused import: `crate::header::map::HeaderMap`\n   --> src/header/value.rs:482:9\n    |\n482 |     use crate::header::map::HeaderMap;\n    |         ^^^^^^^^^^^^^^^^^^^^^^^^^^^^^\n\nwarning: unused import: `crate::header::name`\n   --> src/header/value.rs:483:9\n    |\n483 |     use crate::header::name;\n    |         ^^^^^^^^^^^^^^^^^^^\n\nwarning: unused import: `super::*`\n   --> src/header/value.rs:568:9\n    |\n568 |     use super::*;\n    |         ^^^^^^^^\n\nwarning: unused import: `crate::header::name`\n   --> src/header/value.rs:569:9\n    |\n569 |     use crate::header::name;\n    |         ^^^^^^^^^^^^^^^^^^^\n\nwarning: unused import: `super::*`\n   --> src/method.rs:424:9\n    |\n424 |     use super::*;\n    |         ^^^^^^^^\n\nwarning: unused import: `super::*`\n    --> src/request.rs:1063:9\n     |\n1063 |     use super::*;\n     |         ^^^^^^^^\n\nwarning: unused import: `super::*`\n   --> src/response.rs:776:9\n    |\n776 |     use super::*;\n    |         ^^^^^^^^\n\nwarning: unused import: `ntest::timeout`\n   --> src/response.rs:791:8\n    |\n791 |    use ntest::timeout;\n    |        ^^^^^^^^^^^^^^\n\nwarning: unused import: `super::*`\n   --> src/uri/authority.rs:533:9\n    |\n533 |     use super::*;\n    |         ^^^^^^^^\n\nwarning: unused import: `super::*`\n   --> src/uri/builder.rs:165:9\n    |\n165 |     use super::*;\n    |         ^^^^^^^^\n\nwarning: unused import: `super::*`\n   --> src/uri/port.rs:115:9\n    |\n115 |     use super::*;\n    |         ^^^^^^^^\n\nwarning: unused import: `super::*`\n   --> src/error.rs:143:9\n    |\n143 |     use super::*;\n    |         ^^^^^^^^\n\nwarning: unused import: `super::*`\n   --> src/lib.rs:197:9\n    |\n197 |     use super::*;\n    |         ^^^^^^^^\n\nerror[E0599]: no method named `is_none` found for mutable reference `&mut Extensions` in the current scope\n   --> src/response.rs:797:24\n    |\n797 |     assert!(extensions.is_none());\n    |                        ^^^^^^^ method not found in `&mut Extensions`\n\nerror[E0599]: no method named `is_none` found for mutable reference `&mut Extensions` in the current scope\n   --> src/response.rs:806:24\n    |\n806 |     assert!(extensions.is_none());\n    |                        ^^^^^^^ method not found in `&mut Extensions`\n\nerror[E0599]: no method named `is_none` found for mutable reference `&mut Extensions` in the current scope\n   --> src/response.rs:810:24\n    |\n810 |     assert!(extensions.is_none());\n    |                        ^^^^^^^ method not found in `&mut Extensions`\n\nFor more information about this error, try `rustc --explain E0599`.\nwarning: `http` (lib test) generated 15 warnings\nerror: could not compile `http` (lib test) due to 3 previous errors; 15 warnings emitted\n"
                },
                {
                  "Err": "   Compiling proc-macro2 v1.0.95\n   Compiling libc v0.2.172\n   Compiling zerocopy v0.8.25\n   Compiling syn v1.0.109\n   Compiling serde v1.0.219\n   Compiling doc-comment v0.3.3\n   Compiling serde_json v1.0.140\n   Compiling quote v1.0.40\n   Compiling getrandom v0.2.16\n   Compiling rand_core v0.6.4\n   Compiling ppv-lite86 v0.2.21\n   Compiling rand_chacha v0.3.1\n   Compiling rand v0.8.5\n   Compiling quickcheck v1.0.3\n   Compiling ntest_test_cases v0.9.3\n   Compiling ntest_timeout v0.9.3\n   Compiling ntest v0.9.3\n   Compiling http v1.3.1 (/home/abezbm/rust-utgen-test-crates/http)\nwarning: unused import: `self::StandardHeader::Vary`\n    --> src/header/name.rs:1676:9\n     |\n1676 |     use self::StandardHeader::Vary;\n     |         ^^^^^^^^^^^^^^^^^^^^^^^^^^\n     |\n     = note: `#[warn(unused_imports)]` on by default\n\nwarning: unused import: `super::*`\n   --> src/header/value.rs:481:9\n    |\n481 |     use super::*;\n    |         ^^^^^^^^\n\nwarning: unused import: `crate::header::map::HeaderMap`\n   --> src/header/value.rs:482:9\n    |\n482 |     use crate::header::map::HeaderMap;\n    |         ^^^^^^^^^^^^^^^^^^^^^^^^^^^^^\n\nwarning: unused import: `crate::header::name`\n   --> src/header/value.rs:483:9\n    |\n483 |     use crate::header::name;\n    |         ^^^^^^^^^^^^^^^^^^^\n\nwarning: unused import: `super::*`\n   --> src/header/value.rs:568:9\n    |\n568 |     use super::*;\n    |         ^^^^^^^^\n\nwarning: unused import: `crate::header::name`\n   --> src/header/value.rs:569:9\n    |\n569 |     use crate::header::name;\n    |         ^^^^^^^^^^^^^^^^^^^\n\nwarning: unused import: `super::*`\n   --> src/method.rs:424:9\n    |\n424 |     use super::*;\n    |         ^^^^^^^^\n\nwarning: unused import: `super::*`\n    --> src/request.rs:1063:9\n     |\n1063 |     use super::*;\n     |         ^^^^^^^^\n\nwarning: unused import: `super::*`\n   --> src/response.rs:776:9\n    |\n776 |     use super::*;\n    |         ^^^^^^^^\n\nwarning: unused import: `ntest::timeout`\n   --> src/response.rs:791:8\n    |\n791 |    use ntest::timeout;\n    |        ^^^^^^^^^^^^^^\n\nwarning: unused import: `super::*`\n   --> src/uri/authority.rs:533:9\n    |\n533 |     use super::*;\n    |         ^^^^^^^^\n\nwarning: unused import: `super::*`\n   --> src/uri/builder.rs:165:9\n    |\n165 |     use super::*;\n    |         ^^^^^^^^\n\nwarning: unused import: `super::*`\n   --> src/uri/port.rs:115:9\n    |\n115 |     use super::*;\n    |         ^^^^^^^^\n\nwarning: unused import: `super::*`\n   --> src/error.rs:143:9\n    |\n143 |     use super::*;\n    |         ^^^^^^^^\n\nwarning: unused import: `super::*`\n   --> src/lib.rs:197:9\n    |\n197 |     use super::*;\n    |         ^^^^^^^^\n\nerror[E0599]: no method named `is_none` found for mutable reference `&mut Extensions` in the current scope\n   --> src/response.rs:797:24\n    |\n797 |     assert!(extensions.is_none());\n    |                        ^^^^^^^ method not found in `&mut Extensions`\n\nerror[E0599]: no method named `is_none` found for mutable reference `&mut Extensions` in the current scope\n   --> src/response.rs:806:24\n    |\n806 |     assert!(extensions.is_none());\n    |                        ^^^^^^^ method not found in `&mut Extensions`\n\nerror[E0599]: no method named `is_none` found for mutable reference `&mut Extensions` in the current scope\n   --> src/response.rs:813:24\n    |\n813 |     assert!(extensions.is_none());\n    |                        ^^^^^^^ method not found in `&mut Extensions`\n\nFor more information about this error, try `rustc --explain E0599`.\nwarning: `http` (lib test) generated 15 warnings\nerror: could not compile `http` (lib test) due to 3 previous errors; 15 warnings emitted\n"
                }
              ],
              "repaired": [
                false,
                false
              ]
            },
            {
              "attrs": [],
              "prefix": [
                "{",
                "    let mut builder = Builder::new().status(StatusCode::OK).version(Version::HTTP_11);",
                "    let mut response = builder.body(\"Response Body\").unwrap();",
                "    let extensions = response.extensions_mut().unwrap();",
                "    for i in 0..100 {",
                "        extensions.insert(i);",
                "    }",
                "}"
              ],
              "oracles": [
                [
                  "    let builder = Builder::new();",
                  "    let response = builder.body(\"Response Body\").unwrap();",
                  "    assert!(response.extensions_mut().is_none());"
                ],
                [
                  "    let builder = Builder::new();",
                  "    let response = builder.body(\"Response Body\").unwrap();",
                  "    let mut builder = Builder::new().status(StatusCode::OK).version(Version::HTTP_11);",
                  "    let response = builder.body(\"Response Body\").unwrap();",
                  "    let extensions = response.extensions_mut().unwrap();",
                  "    assert_eq!(extensions.map.is_some(), true);"
                ]
              ],
              "codes": [
                [
                  "{",
                  "    let mut builder = Builder::new().status(StatusCode::OK).version(Version::HTTP_11);",
                  "    let mut response = builder.body(\"Response Body\").unwrap();",
                  "    let extensions = response.extensions_mut().unwrap();",
                  "    for i in 0..100 {",
                  "        extensions.insert(i);",
                  "    }",
                  "    let builder = Builder::new();",
                  "    let response = builder.body(\"Response Body\").unwrap();",
                  "    assert!(response.extensions_mut().is_none());",
                  "}"
                ],
                [
                  "{",
                  "    let mut builder = Builder::new().status(StatusCode::OK).version(Version::HTTP_11);",
                  "    let mut response = builder.body(\"Response Body\").unwrap();",
                  "    let extensions = response.extensions_mut().unwrap();",
                  "    for i in 0..100 {",
                  "        extensions.insert(i);",
                  "    }",
                  "    let builder = Builder::new();",
                  "    let response = builder.body(\"Response Body\").unwrap();",
                  "    let mut builder = Builder::new().status(StatusCode::OK).version(Version::HTTP_11);",
                  "    let response = builder.body(\"Response Body\").unwrap();",
                  "    let extensions = response.extensions_mut().unwrap();",
                  "    assert_eq!(extensions.map.is_some(), true);",
                  "}"
                ]
              ],
              "can_compile": [
                {
                  "Err": "   Compiling proc-macro2 v1.0.95\n   Compiling libc v0.2.172\n   Compiling zerocopy v0.8.25\n   Compiling syn v1.0.109\n   Compiling serde v1.0.219\n   Compiling serde_json v1.0.140\n   Compiling doc-comment v0.3.3\n   Compiling quote v1.0.40\n   Compiling getrandom v0.2.16\n   Compiling rand_core v0.6.4\n   Compiling ppv-lite86 v0.2.21\n   Compiling rand_chacha v0.3.1\n   Compiling rand v0.8.5\n   Compiling quickcheck v1.0.3\n   Compiling ntest_test_cases v0.9.3\n   Compiling ntest_timeout v0.9.3\n   Compiling ntest v0.9.3\n   Compiling http v1.3.1 (/home/abezbm/rust-utgen-test-crates/http)\nwarning: unused import: `self::StandardHeader::Vary`\n    --> src/header/name.rs:1676:9\n     |\n1676 |     use self::StandardHeader::Vary;\n     |         ^^^^^^^^^^^^^^^^^^^^^^^^^^\n     |\n     = note: `#[warn(unused_imports)]` on by default\n\nwarning: unused import: `super::*`\n   --> src/header/value.rs:481:9\n    |\n481 |     use super::*;\n    |         ^^^^^^^^\n\nwarning: unused import: `crate::header::map::HeaderMap`\n   --> src/header/value.rs:482:9\n    |\n482 |     use crate::header::map::HeaderMap;\n    |         ^^^^^^^^^^^^^^^^^^^^^^^^^^^^^\n\nwarning: unused import: `crate::header::name`\n   --> src/header/value.rs:483:9\n    |\n483 |     use crate::header::name;\n    |         ^^^^^^^^^^^^^^^^^^^\n\nwarning: unused import: `super::*`\n   --> src/header/value.rs:568:9\n    |\n568 |     use super::*;\n    |         ^^^^^^^^\n\nwarning: unused import: `crate::header::name`\n   --> src/header/value.rs:569:9\n    |\n569 |     use crate::header::name;\n    |         ^^^^^^^^^^^^^^^^^^^\n\nwarning: unused import: `super::*`\n   --> src/method.rs:424:9\n    |\n424 |     use super::*;\n    |         ^^^^^^^^\n\nwarning: unused import: `super::*`\n    --> src/request.rs:1063:9\n     |\n1063 |     use super::*;\n     |         ^^^^^^^^\n\nwarning: unused import: `super::*`\n   --> src/response.rs:776:9\n    |\n776 |     use super::*;\n    |         ^^^^^^^^\n\nwarning: unused import: `ntest::timeout`\n   --> src/response.rs:791:8\n    |\n791 |    use ntest::timeout;\n    |        ^^^^^^^^^^^^^^\n\nwarning: unused import: `super::*`\n   --> src/uri/authority.rs:533:9\n    |\n533 |     use super::*;\n    |         ^^^^^^^^\n\nwarning: unused import: `super::*`\n   --> src/uri/builder.rs:165:9\n    |\n165 |     use super::*;\n    |         ^^^^^^^^\n\nwarning: unused import: `super::*`\n   --> src/uri/port.rs:115:9\n    |\n115 |     use super::*;\n    |         ^^^^^^^^\n\nwarning: unused import: `super::*`\n   --> src/error.rs:143:9\n    |\n143 |     use super::*;\n    |         ^^^^^^^^\n\nwarning: unused import: `super::*`\n   --> src/lib.rs:197:9\n    |\n197 |     use super::*;\n    |         ^^^^^^^^\n\nerror[E0599]: no method named `is_none` found for mutable reference `&mut Extensions` in the current scope\n   --> src/response.rs:797:24\n    |\n797 |     assert!(extensions.is_none());\n    |                        ^^^^^^^ method not found in `&mut Extensions`\n\nerror[E0599]: no method named `unwrap` found for mutable reference `&mut Extensions` in the current scope\n   --> src/response.rs:805:48\n    |\n805 |     let extensions = response.extensions_mut().unwrap();\n    |                                                ^^^^^^ method not found in `&mut Extensions`\n\nerror[E0599]: no method named `is_none` found for mutable reference `&mut Extensions` in the current scope\n   --> src/response.rs:811:39\n    |\n811 |     assert!(response.extensions_mut().is_none());\n    |                                       ^^^^^^^ method not found in `&mut Extensions`\n\nFor more information about this error, try `rustc --explain E0599`.\nwarning: `http` (lib test) generated 15 warnings\nerror: could not compile `http` (lib test) due to 3 previous errors; 15 warnings emitted\n"
                },
                {
                  "Err": "   Compiling libc v0.2.172\n   Compiling proc-macro2 v1.0.95\n   Compiling zerocopy v0.8.25\n   Compiling syn v1.0.109\n   Compiling serde v1.0.219\n   Compiling doc-comment v0.3.3\n   Compiling serde_json v1.0.140\n   Compiling quote v1.0.40\n   Compiling getrandom v0.2.16\n   Compiling rand_core v0.6.4\n   Compiling ppv-lite86 v0.2.21\n   Compiling rand_chacha v0.3.1\n   Compiling rand v0.8.5\n   Compiling quickcheck v1.0.3\n   Compiling ntest_test_cases v0.9.3\n   Compiling ntest_timeout v0.9.3\n   Compiling ntest v0.9.3\n   Compiling http v1.3.1 (/home/abezbm/rust-utgen-test-crates/http)\nwarning: unused import: `self::StandardHeader::Vary`\n    --> src/header/name.rs:1676:9\n     |\n1676 |     use self::StandardHeader::Vary;\n     |         ^^^^^^^^^^^^^^^^^^^^^^^^^^\n     |\n     = note: `#[warn(unused_imports)]` on by default\n\nwarning: unused import: `super::*`\n   --> src/header/value.rs:481:9\n    |\n481 |     use super::*;\n    |         ^^^^^^^^\n\nwarning: unused import: `crate::header::map::HeaderMap`\n   --> src/header/value.rs:482:9\n    |\n482 |     use crate::header::map::HeaderMap;\n    |         ^^^^^^^^^^^^^^^^^^^^^^^^^^^^^\n\nwarning: unused import: `crate::header::name`\n   --> src/header/value.rs:483:9\n    |\n483 |     use crate::header::name;\n    |         ^^^^^^^^^^^^^^^^^^^\n\nwarning: unused import: `super::*`\n   --> src/header/value.rs:568:9\n    |\n568 |     use super::*;\n    |         ^^^^^^^^\n\nwarning: unused import: `crate::header::name`\n   --> src/header/value.rs:569:9\n    |\n569 |     use crate::header::name;\n    |         ^^^^^^^^^^^^^^^^^^^\n\nwarning: unused import: `super::*`\n   --> src/method.rs:424:9\n    |\n424 |     use super::*;\n    |         ^^^^^^^^\n\nwarning: unused import: `super::*`\n    --> src/request.rs:1063:9\n     |\n1063 |     use super::*;\n     |         ^^^^^^^^\n\nwarning: unused import: `super::*`\n   --> src/response.rs:776:9\n    |\n776 |     use super::*;\n    |         ^^^^^^^^\n\nwarning: unused import: `ntest::timeout`\n   --> src/response.rs:791:8\n    |\n791 |    use ntest::timeout;\n    |        ^^^^^^^^^^^^^^\n\nwarning: unused import: `super::*`\n   --> src/uri/authority.rs:533:9\n    |\n533 |     use super::*;\n    |         ^^^^^^^^\n\nwarning: unused import: `super::*`\n   --> src/uri/builder.rs:165:9\n    |\n165 |     use super::*;\n    |         ^^^^^^^^\n\nwarning: unused import: `super::*`\n   --> src/uri/port.rs:115:9\n    |\n115 |     use super::*;\n    |         ^^^^^^^^\n\nwarning: unused import: `super::*`\n   --> src/error.rs:143:9\n    |\n143 |     use super::*;\n    |         ^^^^^^^^\n\nwarning: unused import: `super::*`\n   --> src/lib.rs:197:9\n    |\n197 |     use super::*;\n    |         ^^^^^^^^\n\nerror[E0599]: no method named `is_none` found for mutable reference `&mut Extensions` in the current scope\n   --> src/response.rs:797:24\n    |\n797 |     assert!(extensions.is_none());\n    |                        ^^^^^^^ method not found in `&mut Extensions`\n\nerror[E0599]: no method named `unwrap` found for mutable reference `&mut Extensions` in the current scope\n   --> src/response.rs:805:48\n    |\n805 |     let extensions = response.extensions_mut().unwrap();\n    |                                                ^^^^^^ method not found in `&mut Extensions`\n\nerror[E0599]: no method named `unwrap` found for mutable reference `&mut Extensions` in the current scope\n   --> src/response.rs:813:48\n    |\n813 |     let extensions = response.extensions_mut().unwrap();\n    |                                                ^^^^^^ method not found in `&mut Extensions`\n\nFor more information about this error, try `rustc --explain E0599`.\nwarning: `http` (lib test) generated 15 warnings\nerror: could not compile `http` (lib test) due to 3 previous errors; 15 warnings emitted\n"
                }
              ],
              "repaired": [
                false,
                false
              ]
            },
            {
              "attrs": [],
              "prefix": [
                "{",
                "    let mut builder = Builder::new().status(StatusCode::OK).version(Version::HTTP_11);",
                "    let mut response = builder.extension(\"key_with_max_length_64_characters_abcdefghijklmnopqrstuvwx\").body(\"Response Body\").unwrap();",
                "    let extensions = response.extensions_mut().unwrap();",
                "    extensions.insert(\"value_with_max_length_256_characters_abcdefghijklmnopqrstuvwxyzabcdefghijklmnopqrstuvwxyzabcdefghijklmnopqrstuvwxyzabcdefghijklmnopqrstuvwxyzabcdefghijklmnopqrstuvwxyzabcdefghijklmnopqrstuvwxyzabcdefghij1234567890\");",
                "}"
              ],
              "oracles": [
                [
                  "    let builder = Builder::new();",
                  "    let response = builder.body(\"Response Body\").unwrap();",
                  "    assert!(response.extensions_mut().is_none());"
                ],
                [
                  "    let builder = Builder::new();",
                  "    let response = builder.body(\"Response Body\").unwrap();",
                  "    let mut builder = Builder::new().status(StatusCode::OK).version(Version::HTTP_11);",
                  "    let mut response = builder.extension(\"key_with_max_length_64_characters_abcdefghijklmnopqrstuvwx\").body(\"Response Body\").unwrap();",
                  "    let extensions = response.extensions_mut().unwrap();",
                  "    assert!(extensions.get::<&str>().is_some());"
                ],
                [
                  "    let builder = Builder::new();",
                  "    let response = builder.body(\"Response Body\").unwrap();",
                  "    let mut builder = Builder::new().status(StatusCode::OK).version(Version::HTTP_11);",
                  "    let mut response = builder.extension(\"key_with_max_length_64_characters_abcdefghijklmnopqrstuvwx\").body(\"Response Body\").unwrap();",
                  "    let extensions = response.extensions_mut().unwrap();",
                  "    assert_eq!(extensions.get::<&str>(), Some(&\"value_with_max_length_256_characters_abcdefghijklmnopqrstuvwxyzabcdefghijklmnopqrstuvwxyzabcdefghijklmnopqrstuvwxyzabcdefghijklmnopqrstuvwxyzabcdefghijklmnopqrstuvwxyzabcdefghijklmnopqrstuvwxyzabcdefghij1234567890\"));"
                ]
              ],
              "codes": [
                [
                  "{",
                  "    let mut builder = Builder::new().status(StatusCode::OK).version(Version::HTTP_11);",
                  "    let mut response = builder.extension(\"key_with_max_length_64_characters_abcdefghijklmnopqrstuvwx\").body(\"Response Body\").unwrap();",
                  "    let extensions = response.extensions_mut().unwrap();",
                  "    extensions.insert(\"value_with_max_length_256_characters_abcdefghijklmnopqrstuvwxyzabcdefghijklmnopqrstuvwxyzabcdefghijklmnopqrstuvwxyzabcdefghijklmnopqrstuvwxyzabcdefghijklmnopqrstuvwxyzabcdefghijklmnopqrstuvwxyzabcdefghij1234567890\");",
                  "    let builder = Builder::new();",
                  "    let response = builder.body(\"Response Body\").unwrap();",
                  "    assert!(response.extensions_mut().is_none());",
                  "}"
                ],
                [
                  "{",
                  "    let mut builder = Builder::new().status(StatusCode::OK).version(Version::HTTP_11);",
                  "    let mut response = builder.extension(\"key_with_max_length_64_characters_abcdefghijklmnopqrstuvwx\").body(\"Response Body\").unwrap();",
                  "    let extensions = response.extensions_mut().unwrap();",
                  "    extensions.insert(\"value_with_max_length_256_characters_abcdefghijklmnopqrstuvwxyzabcdefghijklmnopqrstuvwxyzabcdefghijklmnopqrstuvwxyzabcdefghijklmnopqrstuvwxyzabcdefghijklmnopqrstuvwxyzabcdefghijklmnopqrstuvwxyzabcdefghij1234567890\");",
                  "    let builder = Builder::new();",
                  "    let response = builder.body(\"Response Body\").unwrap();",
                  "    let mut builder = Builder::new().status(StatusCode::OK).version(Version::HTTP_11);",
                  "    let mut response = builder.extension(\"key_with_max_length_64_characters_abcdefghijklmnopqrstuvwx\").body(\"Response Body\").unwrap();",
                  "    let extensions = response.extensions_mut().unwrap();",
                  "    assert!(extensions.get::<&str>().is_some());",
                  "}"
                ],
                [
                  "{",
                  "    let mut builder = Builder::new().status(StatusCode::OK).version(Version::HTTP_11);",
                  "    let mut response = builder.extension(\"key_with_max_length_64_characters_abcdefghijklmnopqrstuvwx\").body(\"Response Body\").unwrap();",
                  "    let extensions = response.extensions_mut().unwrap();",
                  "    extensions.insert(\"value_with_max_length_256_characters_abcdefghijklmnopqrstuvwxyzabcdefghijklmnopqrstuvwxyzabcdefghijklmnopqrstuvwxyzabcdefghijklmnopqrstuvwxyzabcdefghijklmnopqrstuvwxyzabcdefghijklmnopqrstuvwxyzabcdefghij1234567890\");",
                  "    let builder = Builder::new();",
                  "    let response = builder.body(\"Response Body\").unwrap();",
                  "    let mut builder = Builder::new().status(StatusCode::OK).version(Version::HTTP_11);",
                  "    let mut response = builder.extension(\"key_with_max_length_64_characters_abcdefghijklmnopqrstuvwx\").body(\"Response Body\").unwrap();",
                  "    let extensions = response.extensions_mut().unwrap();",
                  "    assert_eq!(extensions.get::<&str>(), Some(&\"value_with_max_length_256_characters_abcdefghijklmnopqrstuvwxyzabcdefghijklmnopqrstuvwxyzabcdefghijklmnopqrstuvwxyzabcdefghijklmnopqrstuvwxyzabcdefghijklmnopqrstuvwxyzabcdefghijklmnopqrstuvwxyzabcdefghij1234567890\"));",
                  "}"
                ]
              ],
              "can_compile": [
                {
                  "Err": "   Compiling libc v0.2.172\n   Compiling proc-macro2 v1.0.95\n   Compiling zerocopy v0.8.25\n   Compiling syn v1.0.109\n   Compiling serde v1.0.219\n   Compiling serde_json v1.0.140\n   Compiling doc-comment v0.3.3\n   Compiling quote v1.0.40\n   Compiling getrandom v0.2.16\n   Compiling rand_core v0.6.4\n   Compiling ppv-lite86 v0.2.21\n   Compiling rand_chacha v0.3.1\n   Compiling rand v0.8.5\n   Compiling quickcheck v1.0.3\n   Compiling ntest_test_cases v0.9.3\n   Compiling ntest_timeout v0.9.3\n   Compiling ntest v0.9.3\n   Compiling http v1.3.1 (/home/abezbm/rust-utgen-test-crates/http)\nwarning: unused import: `self::StandardHeader::Vary`\n    --> src/header/name.rs:1676:9\n     |\n1676 |     use self::StandardHeader::Vary;\n     |         ^^^^^^^^^^^^^^^^^^^^^^^^^^\n     |\n     = note: `#[warn(unused_imports)]` on by default\n\nwarning: unused import: `super::*`\n   --> src/header/value.rs:481:9\n    |\n481 |     use super::*;\n    |         ^^^^^^^^\n\nwarning: unused import: `crate::header::map::HeaderMap`\n   --> src/header/value.rs:482:9\n    |\n482 |     use crate::header::map::HeaderMap;\n    |         ^^^^^^^^^^^^^^^^^^^^^^^^^^^^^\n\nwarning: unused import: `crate::header::name`\n   --> src/header/value.rs:483:9\n    |\n483 |     use crate::header::name;\n    |         ^^^^^^^^^^^^^^^^^^^\n\nwarning: unused import: `super::*`\n   --> src/header/value.rs:568:9\n    |\n568 |     use super::*;\n    |         ^^^^^^^^\n\nwarning: unused import: `crate::header::name`\n   --> src/header/value.rs:569:9\n    |\n569 |     use crate::header::name;\n    |         ^^^^^^^^^^^^^^^^^^^\n\nwarning: unused import: `super::*`\n   --> src/method.rs:424:9\n    |\n424 |     use super::*;\n    |         ^^^^^^^^\n\nwarning: unused import: `super::*`\n    --> src/request.rs:1063:9\n     |\n1063 |     use super::*;\n     |         ^^^^^^^^\n\nwarning: unused import: `super::*`\n   --> src/response.rs:776:9\n    |\n776 |     use super::*;\n    |         ^^^^^^^^\n\nwarning: unused import: `ntest::timeout`\n   --> src/response.rs:791:8\n    |\n791 |    use ntest::timeout;\n    |        ^^^^^^^^^^^^^^\n\nwarning: unused import: `super::*`\n   --> src/uri/authority.rs:533:9\n    |\n533 |     use super::*;\n    |         ^^^^^^^^\n\nwarning: unused import: `super::*`\n   --> src/uri/builder.rs:165:9\n    |\n165 |     use super::*;\n    |         ^^^^^^^^\n\nwarning: unused import: `super::*`\n   --> src/uri/port.rs:115:9\n    |\n115 |     use super::*;\n    |         ^^^^^^^^\n\nwarning: unused import: `super::*`\n   --> src/error.rs:143:9\n    |\n143 |     use super::*;\n    |         ^^^^^^^^\n\nwarning: unused import: `super::*`\n   --> src/lib.rs:197:9\n    |\n197 |     use super::*;\n    |         ^^^^^^^^\n\nerror[E0599]: no method named `is_none` found for mutable reference `&mut Extensions` in the current scope\n   --> src/response.rs:797:24\n    |\n797 |     assert!(extensions.is_none());\n    |                        ^^^^^^^ method not found in `&mut Extensions`\n\nerror[E0599]: no method named `unwrap` found for mutable reference `&mut Extensions` in the current scope\n   --> src/response.rs:805:48\n    |\n805 |     let extensions = response.extensions_mut().unwrap();\n    |                                                ^^^^^^ method not found in `&mut Extensions`\n\nerror[E0599]: no method named `is_none` found for mutable reference `&mut Extensions` in the current scope\n   --> src/response.rs:809:39\n    |\n809 |     assert!(response.extensions_mut().is_none());\n    |                                       ^^^^^^^ method not found in `&mut Extensions`\n\nFor more information about this error, try `rustc --explain E0599`.\nwarning: `http` (lib test) generated 15 warnings\nerror: could not compile `http` (lib test) due to 3 previous errors; 15 warnings emitted\n"
                },
                {
                  "Err": "   Compiling libc v0.2.172\n   Compiling proc-macro2 v1.0.95\n   Compiling zerocopy v0.8.25\n   Compiling syn v1.0.109\n   Compiling serde v1.0.219\n   Compiling serde_json v1.0.140\n   Compiling doc-comment v0.3.3\n   Compiling quote v1.0.40\n   Compiling getrandom v0.2.16\n   Compiling rand_core v0.6.4\n   Compiling ppv-lite86 v0.2.21\n   Compiling rand_chacha v0.3.1\n   Compiling rand v0.8.5\n   Compiling quickcheck v1.0.3\n   Compiling ntest_test_cases v0.9.3\n   Compiling ntest_timeout v0.9.3\n   Compiling ntest v0.9.3\n   Compiling http v1.3.1 (/home/abezbm/rust-utgen-test-crates/http)\nwarning: unused import: `self::StandardHeader::Vary`\n    --> src/header/name.rs:1676:9\n     |\n1676 |     use self::StandardHeader::Vary;\n     |         ^^^^^^^^^^^^^^^^^^^^^^^^^^\n     |\n     = note: `#[warn(unused_imports)]` on by default\n\nwarning: unused import: `super::*`\n   --> src/header/value.rs:481:9\n    |\n481 |     use super::*;\n    |         ^^^^^^^^\n\nwarning: unused import: `crate::header::map::HeaderMap`\n   --> src/header/value.rs:482:9\n    |\n482 |     use crate::header::map::HeaderMap;\n    |         ^^^^^^^^^^^^^^^^^^^^^^^^^^^^^\n\nwarning: unused import: `crate::header::name`\n   --> src/header/value.rs:483:9\n    |\n483 |     use crate::header::name;\n    |         ^^^^^^^^^^^^^^^^^^^\n\nwarning: unused import: `super::*`\n   --> src/header/value.rs:568:9\n    |\n568 |     use super::*;\n    |         ^^^^^^^^\n\nwarning: unused import: `crate::header::name`\n   --> src/header/value.rs:569:9\n    |\n569 |     use crate::header::name;\n    |         ^^^^^^^^^^^^^^^^^^^\n\nwarning: unused import: `super::*`\n   --> src/method.rs:424:9\n    |\n424 |     use super::*;\n    |         ^^^^^^^^\n\nwarning: unused import: `super::*`\n    --> src/request.rs:1063:9\n     |\n1063 |     use super::*;\n     |         ^^^^^^^^\n\nwarning: unused import: `super::*`\n   --> src/response.rs:776:9\n    |\n776 |     use super::*;\n    |         ^^^^^^^^\n\nwarning: unused import: `ntest::timeout`\n   --> src/response.rs:791:8\n    |\n791 |    use ntest::timeout;\n    |        ^^^^^^^^^^^^^^\n\nwarning: unused import: `super::*`\n   --> src/uri/authority.rs:533:9\n    |\n533 |     use super::*;\n    |         ^^^^^^^^\n\nwarning: unused import: `super::*`\n   --> src/uri/builder.rs:165:9\n    |\n165 |     use super::*;\n    |         ^^^^^^^^\n\nwarning: unused import: `super::*`\n   --> src/uri/port.rs:115:9\n    |\n115 |     use super::*;\n    |         ^^^^^^^^\n\nwarning: unused import: `super::*`\n   --> src/error.rs:143:9\n    |\n143 |     use super::*;\n    |         ^^^^^^^^\n\nwarning: unused import: `super::*`\n   --> src/lib.rs:197:9\n    |\n197 |     use super::*;\n    |         ^^^^^^^^\n\nerror[E0599]: no method named `is_none` found for mutable reference `&mut Extensions` in the current scope\n   --> src/response.rs:797:24\n    |\n797 |     assert!(extensions.is_none());\n    |                        ^^^^^^^ method not found in `&mut Extensions`\n\nerror[E0599]: no method named `unwrap` found for mutable reference `&mut Extensions` in the current scope\n   --> src/response.rs:805:48\n    |\n805 |     let extensions = response.extensions_mut().unwrap();\n    |                                                ^^^^^^ method not found in `&mut Extensions`\n\nerror[E0599]: no method named `unwrap` found for mutable reference `&mut Extensions` in the current scope\n   --> src/response.rs:811:48\n    |\n811 |     let extensions = response.extensions_mut().unwrap();\n    |                                                ^^^^^^ method not found in `&mut Extensions`\n\nFor more information about this error, try `rustc --explain E0599`.\nwarning: `http` (lib test) generated 15 warnings\nerror: could not compile `http` (lib test) due to 3 previous errors; 15 warnings emitted\n"
                },
                {
                  "Err": "   Compiling proc-macro2 v1.0.95\n   Compiling libc v0.2.172\n   Compiling zerocopy v0.8.25\n   Compiling syn v1.0.109\n   Compiling serde v1.0.219\n   Compiling serde_json v1.0.140\n   Compiling doc-comment v0.3.3\n   Compiling quote v1.0.40\n   Compiling getrandom v0.2.16\n   Compiling rand_core v0.6.4\n   Compiling ppv-lite86 v0.2.21\n   Compiling rand_chacha v0.3.1\n   Compiling rand v0.8.5\n   Compiling quickcheck v1.0.3\n   Compiling ntest_test_cases v0.9.3\n   Compiling ntest_timeout v0.9.3\n   Compiling ntest v0.9.3\n   Compiling http v1.3.1 (/home/abezbm/rust-utgen-test-crates/http)\nwarning: unused import: `self::StandardHeader::Vary`\n    --> src/header/name.rs:1676:9\n     |\n1676 |     use self::StandardHeader::Vary;\n     |         ^^^^^^^^^^^^^^^^^^^^^^^^^^\n     |\n     = note: `#[warn(unused_imports)]` on by default\n\nwarning: unused import: `super::*`\n   --> src/header/value.rs:481:9\n    |\n481 |     use super::*;\n    |         ^^^^^^^^\n\nwarning: unused import: `crate::header::map::HeaderMap`\n   --> src/header/value.rs:482:9\n    |\n482 |     use crate::header::map::HeaderMap;\n    |         ^^^^^^^^^^^^^^^^^^^^^^^^^^^^^\n\nwarning: unused import: `crate::header::name`\n   --> src/header/value.rs:483:9\n    |\n483 |     use crate::header::name;\n    |         ^^^^^^^^^^^^^^^^^^^\n\nwarning: unused import: `super::*`\n   --> src/header/value.rs:568:9\n    |\n568 |     use super::*;\n    |         ^^^^^^^^\n\nwarning: unused import: `crate::header::name`\n   --> src/header/value.rs:569:9\n    |\n569 |     use crate::header::name;\n    |         ^^^^^^^^^^^^^^^^^^^\n\nwarning: unused import: `super::*`\n   --> src/method.rs:424:9\n    |\n424 |     use super::*;\n    |         ^^^^^^^^\n\nwarning: unused import: `super::*`\n    --> src/request.rs:1063:9\n     |\n1063 |     use super::*;\n     |         ^^^^^^^^\n\nwarning: unused import: `super::*`\n   --> src/response.rs:776:9\n    |\n776 |     use super::*;\n    |         ^^^^^^^^\n\nwarning: unused import: `ntest::timeout`\n   --> src/response.rs:791:8\n    |\n791 |    use ntest::timeout;\n    |        ^^^^^^^^^^^^^^\n\nwarning: unused import: `super::*`\n   --> src/uri/authority.rs:533:9\n    |\n533 |     use super::*;\n    |         ^^^^^^^^\n\nwarning: unused import: `super::*`\n   --> src/uri/builder.rs:165:9\n    |\n165 |     use super::*;\n    |         ^^^^^^^^\n\nwarning: unused import: `super::*`\n   --> src/uri/port.rs:115:9\n    |\n115 |     use super::*;\n    |         ^^^^^^^^\n\nwarning: unused import: `super::*`\n   --> src/error.rs:143:9\n    |\n143 |     use super::*;\n    |         ^^^^^^^^\n\nwarning: unused import: `super::*`\n   --> src/lib.rs:197:9\n    |\n197 |     use super::*;\n    |         ^^^^^^^^\n\nerror[E0599]: no method named `is_none` found for mutable reference `&mut Extensions` in the current scope\n   --> src/response.rs:797:24\n    |\n797 |     assert!(extensions.is_none());\n    |                        ^^^^^^^ method not found in `&mut Extensions`\n\nerror[E0599]: no method named `unwrap` found for mutable reference `&mut Extensions` in the current scope\n   --> src/response.rs:805:48\n    |\n805 |     let extensions = response.extensions_mut().unwrap();\n    |                                                ^^^^^^ method not found in `&mut Extensions`\n\nerror[E0599]: no method named `unwrap` found for mutable reference `&mut Extensions` in the current scope\n   --> src/response.rs:811:48\n    |\n811 |     let extensions = response.extensions_mut().unwrap();\n    |                                                ^^^^^^ method not found in `&mut Extensions`\n\nFor more information about this error, try `rustc --explain E0599`.\nwarning: `http` (lib test) generated 15 warnings\nerror: could not compile `http` (lib test) due to 3 previous errors; 15 warnings emitted\n"
                }
              ],
              "repaired": [
                false,
                false,
                false
              ]
            }
          ]
        }
      ]
    }
  ]
}