{
  "name": "http::extensions::extensions::Extensions::len",
  "name_with_impl": "http::extensions::{impl#1}::len",
  "mod_info": {
    "name": "extensions",
    "loc": "src/lib.rs:182:1:182:16"
  },
  "visible": true,
  "loc": "src/extensions.rs:230:5:232:6",
  "fn_tests": [
    {
      "chain_id": 1,
      "prompt_conds": [],
      "input_infer": "0, 1, 2, 10, 100, 1000\n",
      "answers": [
        {
          "uses": [],
          "has_test_mod": false,
          "common": [],
          "chain_tests": [
            {
              "attrs": [],
              "prefix": [
                "{",
                "    let ext = Extensions::new();",
                "    let _ = ext.len();",
                "}"
              ],
              "oracles": [
                [
                  "    let ext = Extensions::new();",
                  "    assert_eq!(ext.len(), 0);"
                ],
                [
                  "    let ext = Extensions::new();",
                  "    let _ = ext.insert(5i32);",
                  "    assert_eq!(ext.len(), 1);"
                ],
                [
                  "    let ext = Extensions::new();",
                  "    let _ = ext.insert(5i32);",
                  "    let _ = ext.insert(10i32);",
                  "    assert_eq!(ext.len(), 2);"
                ],
                [
                  "    let ext = Extensions::new();",
                  "    let _ = ext.insert(5i32);",
                  "    let _ = ext.insert(10i32);",
                  "    ext.clear();",
                  "    assert_eq!(ext.len(), 0);"
                ],
                [
                  "    let ext = Extensions::new();",
                  "    let _ = ext.insert(5i32);",
                  "    let _ = ext.insert(10i32);",
                  "    ext.clear();",
                  "    assert!(ext.is_empty());"
                ],
                [
                  "    let ext = Extensions::new();",
                  "    let _ = ext.insert(5i32);",
                  "    let _ = ext.insert(10i32);",
                  "    ext.clear();",
                  "    ext.insert(\"test\");",
                  "    assert!(!ext.is_empty());"
                ],
                [
                  "    let ext = Extensions::new();",
                  "    let _ = ext.insert(5i32);",
                  "    let _ = ext.insert(10i32);",
                  "    ext.clear();",
                  "    ext.insert(\"test\");",
                  "    assert_eq!(ext.len(), 1);"
                ]
              ],
              "codes": [
                [
                  "{",
                  "    let ext = Extensions::new();",
                  "    let _ = ext.len();",
                  "    let ext = Extensions::new();",
                  "    assert_eq!(ext.len(), 0);",
                  "}"
                ],
                [
                  "{",
                  "    let ext = Extensions::new();",
                  "    let _ = ext.len();",
                  "    let ext = Extensions::new();",
                  "    let _ = ext.insert(5i32);",
                  "    assert_eq!(ext.len(), 1);",
                  "}"
                ],
                [
                  "{",
                  "    let ext = Extensions::new();",
                  "    let _ = ext.len();",
                  "    let ext = Extensions::new();",
                  "    let _ = ext.insert(5i32);",
                  "    let _ = ext.insert(10i32);",
                  "    assert_eq!(ext.len(), 2);",
                  "}"
                ],
                [
                  "{",
                  "    let ext = Extensions::new();",
                  "    let _ = ext.len();",
                  "    let ext = Extensions::new();",
                  "    let _ = ext.insert(5i32);",
                  "    let _ = ext.insert(10i32);",
                  "    ext.clear();",
                  "    assert_eq!(ext.len(), 0);",
                  "}"
                ],
                [
                  "{",
                  "    let ext = Extensions::new();",
                  "    let _ = ext.len();",
                  "    let ext = Extensions::new();",
                  "    let _ = ext.insert(5i32);",
                  "    let _ = ext.insert(10i32);",
                  "    ext.clear();",
                  "    assert!(ext.is_empty());",
                  "}"
                ],
                [
                  "{",
                  "    let ext = Extensions::new();",
                  "    let _ = ext.len();",
                  "    let ext = Extensions::new();",
                  "    let _ = ext.insert(5i32);",
                  "    let _ = ext.insert(10i32);",
                  "    ext.clear();",
                  "    ext.insert(\"test\");",
                  "    assert!(!ext.is_empty());",
                  "}"
                ],
                [
                  "{",
                  "    let ext = Extensions::new();",
                  "    let _ = ext.len();",
                  "    let ext = Extensions::new();",
                  "    let _ = ext.insert(5i32);",
                  "    let _ = ext.insert(10i32);",
                  "    ext.clear();",
                  "    ext.insert(\"test\");",
                  "    assert_eq!(ext.len(), 1);",
                  "}"
                ]
              ],
              "can_compile": [
                {
                  "Ok": null
                },
                {
                  "Err": "   Compiling libc v0.2.172\n   Compiling proc-macro2 v1.0.95\n   Compiling zerocopy v0.8.25\n   Compiling syn v1.0.109\n   Compiling serde v1.0.219\n   Compiling serde_json v1.0.140\n   Compiling doc-comment v0.3.3\n   Compiling quote v1.0.40\n   Compiling getrandom v0.2.16\n   Compiling rand_core v0.6.4\n   Compiling ppv-lite86 v0.2.21\n   Compiling rand_chacha v0.3.1\n   Compiling rand v0.8.5\n   Compiling quickcheck v1.0.3\n   Compiling ntest_test_cases v0.9.3\n   Compiling ntest_timeout v0.9.3\n   Compiling ntest v0.9.3\n   Compiling http v1.3.1 (/home/abezbm/rust-utgen-test-crates/http)\nwarning: unused import: `self::StandardHeader::Vary`\n    --> src/header/name.rs:1676:9\n     |\n1676 |     use self::StandardHeader::Vary;\n     |         ^^^^^^^^^^^^^^^^^^^^^^^^^^\n     |\n     = note: `#[warn(unused_imports)]` on by default\n\nwarning: unused import: `super::*`\n   --> src/header/value.rs:481:9\n    |\n481 |     use super::*;\n    |         ^^^^^^^^\n\nwarning: unused import: `crate::header::map::HeaderMap`\n   --> src/header/value.rs:482:9\n    |\n482 |     use crate::header::map::HeaderMap;\n    |         ^^^^^^^^^^^^^^^^^^^^^^^^^^^^^\n\nwarning: unused import: `crate::header::name`\n   --> src/header/value.rs:483:9\n    |\n483 |     use crate::header::name;\n    |         ^^^^^^^^^^^^^^^^^^^\n\nwarning: unused import: `super::*`\n   --> src/header/value.rs:568:9\n    |\n568 |     use super::*;\n    |         ^^^^^^^^\n\nwarning: unused import: `crate::header::name`\n   --> src/header/value.rs:569:9\n    |\n569 |     use crate::header::name;\n    |         ^^^^^^^^^^^^^^^^^^^\n\nwarning: unused import: `super::*`\n   --> src/method.rs:424:9\n    |\n424 |     use super::*;\n    |         ^^^^^^^^\n\nwarning: unused import: `super::*`\n    --> src/request.rs:1063:9\n     |\n1063 |     use super::*;\n     |         ^^^^^^^^\n\nwarning: unused import: `super::*`\n   --> src/response.rs:776:9\n    |\n776 |     use super::*;\n    |         ^^^^^^^^\n\nwarning: unused import: `super::*`\n   --> src/uri/authority.rs:533:9\n    |\n533 |     use super::*;\n    |         ^^^^^^^^\n\nwarning: unused import: `super::*`\n   --> src/uri/builder.rs:165:9\n    |\n165 |     use super::*;\n    |         ^^^^^^^^\n\nwarning: unused import: `super::*`\n   --> src/uri/port.rs:115:9\n    |\n115 |     use super::*;\n    |         ^^^^^^^^\n\nwarning: unused import: `super::*`\n   --> src/error.rs:143:9\n    |\n143 |     use super::*;\n    |         ^^^^^^^^\n\nwarning: unused import: `ntest::timeout`\n   --> src/extensions.rs:333:8\n    |\n333 |    use ntest::timeout;\n    |        ^^^^^^^^^^^^^^\n\nwarning: unused import: `super::*`\n   --> src/lib.rs:197:9\n    |\n197 |     use super::*;\n    |         ^^^^^^^^\n\nerror[E0596]: cannot borrow `ext` as mutable, as it is not declared as mutable\n   --> src/extensions.rs:340:13\n    |\n340 |     let _ = ext.insert(5i32);\n    |             ^^^ cannot borrow as mutable\n    |\nhelp: consider changing this to be mutable\n    |\n339 |     let mut ext = Extensions::new();\n    |         +++\n\nFor more information about this error, try `rustc --explain E0596`.\nwarning: `http` (lib test) generated 15 warnings\nerror: could not compile `http` (lib test) due to 1 previous error; 15 warnings emitted\n"
                },
                {
                  "Err": "   Compiling proc-macro2 v1.0.95\n   Compiling libc v0.2.172\n   Compiling zerocopy v0.8.25\n   Compiling syn v1.0.109\n   Compiling serde v1.0.219\n   Compiling serde_json v1.0.140\n   Compiling doc-comment v0.3.3\n   Compiling quote v1.0.40\n   Compiling getrandom v0.2.16\n   Compiling rand_core v0.6.4\n   Compiling ppv-lite86 v0.2.21\n   Compiling rand_chacha v0.3.1\n   Compiling rand v0.8.5\n   Compiling quickcheck v1.0.3\n   Compiling ntest_test_cases v0.9.3\n   Compiling ntest_timeout v0.9.3\n   Compiling ntest v0.9.3\n   Compiling http v1.3.1 (/home/abezbm/rust-utgen-test-crates/http)\nwarning: unused import: `self::StandardHeader::Vary`\n    --> src/header/name.rs:1676:9\n     |\n1676 |     use self::StandardHeader::Vary;\n     |         ^^^^^^^^^^^^^^^^^^^^^^^^^^\n     |\n     = note: `#[warn(unused_imports)]` on by default\n\nwarning: unused import: `super::*`\n   --> src/header/value.rs:481:9\n    |\n481 |     use super::*;\n    |         ^^^^^^^^\n\nwarning: unused import: `crate::header::map::HeaderMap`\n   --> src/header/value.rs:482:9\n    |\n482 |     use crate::header::map::HeaderMap;\n    |         ^^^^^^^^^^^^^^^^^^^^^^^^^^^^^\n\nwarning: unused import: `crate::header::name`\n   --> src/header/value.rs:483:9\n    |\n483 |     use crate::header::name;\n    |         ^^^^^^^^^^^^^^^^^^^\n\nwarning: unused import: `super::*`\n   --> src/header/value.rs:568:9\n    |\n568 |     use super::*;\n    |         ^^^^^^^^\n\nwarning: unused import: `crate::header::name`\n   --> src/header/value.rs:569:9\n    |\n569 |     use crate::header::name;\n    |         ^^^^^^^^^^^^^^^^^^^\n\nwarning: unused import: `super::*`\n   --> src/method.rs:424:9\n    |\n424 |     use super::*;\n    |         ^^^^^^^^\n\nwarning: unused import: `super::*`\n    --> src/request.rs:1063:9\n     |\n1063 |     use super::*;\n     |         ^^^^^^^^\n\nwarning: unused import: `super::*`\n   --> src/response.rs:776:9\n    |\n776 |     use super::*;\n    |         ^^^^^^^^\n\nwarning: unused import: `super::*`\n   --> src/uri/authority.rs:533:9\n    |\n533 |     use super::*;\n    |         ^^^^^^^^\n\nwarning: unused import: `super::*`\n   --> src/uri/builder.rs:165:9\n    |\n165 |     use super::*;\n    |         ^^^^^^^^\n\nwarning: unused import: `super::*`\n   --> src/uri/port.rs:115:9\n    |\n115 |     use super::*;\n    |         ^^^^^^^^\n\nwarning: unused import: `super::*`\n   --> src/error.rs:143:9\n    |\n143 |     use super::*;\n    |         ^^^^^^^^\n\nwarning: unused import: `ntest::timeout`\n   --> src/extensions.rs:333:8\n    |\n333 |    use ntest::timeout;\n    |        ^^^^^^^^^^^^^^\n\nwarning: unused import: `super::*`\n   --> src/lib.rs:197:9\n    |\n197 |     use super::*;\n    |         ^^^^^^^^\n\nerror[E0596]: cannot borrow `ext` as mutable, as it is not declared as mutable\n   --> src/extensions.rs:339:9\n    |\n339 |     let ext = Extensions::new();\n    |         ^^^ not mutable\n340 |     let _ = ext.insert(5i32);\n    |             --- cannot borrow as mutable\n341 |     let _ = ext.insert(10i32);\n    |             --- cannot borrow as mutable\n    |\nhelp: consider changing this to be mutable\n    |\n339 |     let mut ext = Extensions::new();\n    |         +++\n\nFor more information about this error, try `rustc --explain E0596`.\nwarning: `http` (lib test) generated 15 warnings\nerror: could not compile `http` (lib test) due to 1 previous error; 15 warnings emitted\n"
                },
                {
                  "Err": "   Compiling proc-macro2 v1.0.95\n   Compiling libc v0.2.172\n   Compiling zerocopy v0.8.25\n   Compiling syn v1.0.109\n   Compiling serde v1.0.219\n   Compiling doc-comment v0.3.3\n   Compiling serde_json v1.0.140\n   Compiling quote v1.0.40\n   Compiling getrandom v0.2.16\n   Compiling rand_core v0.6.4\n   Compiling ppv-lite86 v0.2.21\n   Compiling rand_chacha v0.3.1\n   Compiling rand v0.8.5\n   Compiling quickcheck v1.0.3\n   Compiling ntest_timeout v0.9.3\n   Compiling ntest_test_cases v0.9.3\n   Compiling ntest v0.9.3\n   Compiling http v1.3.1 (/home/abezbm/rust-utgen-test-crates/http)\nwarning: unused import: `self::StandardHeader::Vary`\n    --> src/header/name.rs:1676:9\n     |\n1676 |     use self::StandardHeader::Vary;\n     |         ^^^^^^^^^^^^^^^^^^^^^^^^^^\n     |\n     = note: `#[warn(unused_imports)]` on by default\n\nwarning: unused import: `super::*`\n   --> src/header/value.rs:481:9\n    |\n481 |     use super::*;\n    |         ^^^^^^^^\n\nwarning: unused import: `crate::header::map::HeaderMap`\n   --> src/header/value.rs:482:9\n    |\n482 |     use crate::header::map::HeaderMap;\n    |         ^^^^^^^^^^^^^^^^^^^^^^^^^^^^^\n\nwarning: unused import: `crate::header::name`\n   --> src/header/value.rs:483:9\n    |\n483 |     use crate::header::name;\n    |         ^^^^^^^^^^^^^^^^^^^\n\nwarning: unused import: `super::*`\n   --> src/header/value.rs:568:9\n    |\n568 |     use super::*;\n    |         ^^^^^^^^\n\nwarning: unused import: `crate::header::name`\n   --> src/header/value.rs:569:9\n    |\n569 |     use crate::header::name;\n    |         ^^^^^^^^^^^^^^^^^^^\n\nwarning: unused import: `super::*`\n   --> src/method.rs:424:9\n    |\n424 |     use super::*;\n    |         ^^^^^^^^\n\nwarning: unused import: `super::*`\n    --> src/request.rs:1063:9\n     |\n1063 |     use super::*;\n     |         ^^^^^^^^\n\nwarning: unused import: `super::*`\n   --> src/response.rs:776:9\n    |\n776 |     use super::*;\n    |         ^^^^^^^^\n\nwarning: unused import: `super::*`\n   --> src/uri/authority.rs:533:9\n    |\n533 |     use super::*;\n    |         ^^^^^^^^\n\nwarning: unused import: `super::*`\n   --> src/uri/builder.rs:165:9\n    |\n165 |     use super::*;\n    |         ^^^^^^^^\n\nwarning: unused import: `super::*`\n   --> src/uri/port.rs:115:9\n    |\n115 |     use super::*;\n    |         ^^^^^^^^\n\nwarning: unused import: `super::*`\n   --> src/error.rs:143:9\n    |\n143 |     use super::*;\n    |         ^^^^^^^^\n\nwarning: unused import: `ntest::timeout`\n   --> src/extensions.rs:333:8\n    |\n333 |    use ntest::timeout;\n    |        ^^^^^^^^^^^^^^\n\nwarning: unused import: `super::*`\n   --> src/lib.rs:197:9\n    |\n197 |     use super::*;\n    |         ^^^^^^^^\n\nerror[E0596]: cannot borrow `ext` as mutable, as it is not declared as mutable\n   --> src/extensions.rs:339:9\n    |\n339 |     let ext = Extensions::new();\n    |         ^^^ not mutable\n340 |     let _ = ext.insert(5i32);\n    |             --- cannot borrow as mutable\n341 |     let _ = ext.insert(10i32);\n    |             --- cannot borrow as mutable\n342 |     ext.clear();\n    |     --- cannot borrow as mutable\n    |\nhelp: consider changing this to be mutable\n    |\n339 |     let mut ext = Extensions::new();\n    |         +++\n\nFor more information about this error, try `rustc --explain E0596`.\nwarning: `http` (lib test) generated 15 warnings\nerror: could not compile `http` (lib test) due to 1 previous error; 15 warnings emitted\n"
                },
                {
                  "Err": "   Compiling libc v0.2.172\n   Compiling proc-macro2 v1.0.95\n   Compiling zerocopy v0.8.25\n   Compiling syn v1.0.109\n   Compiling serde v1.0.219\n   Compiling doc-comment v0.3.3\n   Compiling serde_json v1.0.140\n   Compiling quote v1.0.40\n   Compiling getrandom v0.2.16\n   Compiling rand_core v0.6.4\n   Compiling ppv-lite86 v0.2.21\n   Compiling rand_chacha v0.3.1\n   Compiling rand v0.8.5\n   Compiling quickcheck v1.0.3\n   Compiling ntest_timeout v0.9.3\n   Compiling ntest_test_cases v0.9.3\n   Compiling ntest v0.9.3\n   Compiling http v1.3.1 (/home/abezbm/rust-utgen-test-crates/http)\nwarning: unused import: `self::StandardHeader::Vary`\n    --> src/header/name.rs:1676:9\n     |\n1676 |     use self::StandardHeader::Vary;\n     |         ^^^^^^^^^^^^^^^^^^^^^^^^^^\n     |\n     = note: `#[warn(unused_imports)]` on by default\n\nwarning: unused import: `super::*`\n   --> src/header/value.rs:481:9\n    |\n481 |     use super::*;\n    |         ^^^^^^^^\n\nwarning: unused import: `crate::header::map::HeaderMap`\n   --> src/header/value.rs:482:9\n    |\n482 |     use crate::header::map::HeaderMap;\n    |         ^^^^^^^^^^^^^^^^^^^^^^^^^^^^^\n\nwarning: unused import: `crate::header::name`\n   --> src/header/value.rs:483:9\n    |\n483 |     use crate::header::name;\n    |         ^^^^^^^^^^^^^^^^^^^\n\nwarning: unused import: `super::*`\n   --> src/header/value.rs:568:9\n    |\n568 |     use super::*;\n    |         ^^^^^^^^\n\nwarning: unused import: `crate::header::name`\n   --> src/header/value.rs:569:9\n    |\n569 |     use crate::header::name;\n    |         ^^^^^^^^^^^^^^^^^^^\n\nwarning: unused import: `super::*`\n   --> src/method.rs:424:9\n    |\n424 |     use super::*;\n    |         ^^^^^^^^\n\nwarning: unused import: `super::*`\n    --> src/request.rs:1063:9\n     |\n1063 |     use super::*;\n     |         ^^^^^^^^\n\nwarning: unused import: `super::*`\n   --> src/response.rs:776:9\n    |\n776 |     use super::*;\n    |         ^^^^^^^^\n\nwarning: unused import: `super::*`\n   --> src/uri/authority.rs:533:9\n    |\n533 |     use super::*;\n    |         ^^^^^^^^\n\nwarning: unused import: `super::*`\n   --> src/uri/builder.rs:165:9\n    |\n165 |     use super::*;\n    |         ^^^^^^^^\n\nwarning: unused import: `super::*`\n   --> src/uri/port.rs:115:9\n    |\n115 |     use super::*;\n    |         ^^^^^^^^\n\nwarning: unused import: `super::*`\n   --> src/error.rs:143:9\n    |\n143 |     use super::*;\n    |         ^^^^^^^^\n\nwarning: unused import: `ntest::timeout`\n   --> src/extensions.rs:333:8\n    |\n333 |    use ntest::timeout;\n    |        ^^^^^^^^^^^^^^\n\nwarning: unused import: `super::*`\n   --> src/lib.rs:197:9\n    |\n197 |     use super::*;\n    |         ^^^^^^^^\n\nerror[E0596]: cannot borrow `ext` as mutable, as it is not declared as mutable\n   --> src/extensions.rs:339:9\n    |\n339 |     let ext = Extensions::new();\n    |         ^^^ not mutable\n340 |     let _ = ext.insert(5i32);\n    |             --- cannot borrow as mutable\n341 |     let _ = ext.insert(10i32);\n    |             --- cannot borrow as mutable\n342 |     ext.clear();\n    |     --- cannot borrow as mutable\n    |\nhelp: consider changing this to be mutable\n    |\n339 |     let mut ext = Extensions::new();\n    |         +++\n\nFor more information about this error, try `rustc --explain E0596`.\nwarning: `http` (lib test) generated 15 warnings\nerror: could not compile `http` (lib test) due to 1 previous error; 15 warnings emitted\n"
                },
                {
                  "Err": "   Compiling proc-macro2 v1.0.95\n   Compiling libc v0.2.172\n   Compiling zerocopy v0.8.25\n   Compiling syn v1.0.109\n   Compiling serde v1.0.219\n   Compiling serde_json v1.0.140\n   Compiling doc-comment v0.3.3\n   Compiling quote v1.0.40\n   Compiling getrandom v0.2.16\n   Compiling rand_core v0.6.4\n   Compiling ppv-lite86 v0.2.21\n   Compiling rand_chacha v0.3.1\n   Compiling rand v0.8.5\n   Compiling quickcheck v1.0.3\n   Compiling ntest_timeout v0.9.3\n   Compiling ntest_test_cases v0.9.3\n   Compiling ntest v0.9.3\n   Compiling http v1.3.1 (/home/abezbm/rust-utgen-test-crates/http)\nwarning: unused import: `self::StandardHeader::Vary`\n    --> src/header/name.rs:1676:9\n     |\n1676 |     use self::StandardHeader::Vary;\n     |         ^^^^^^^^^^^^^^^^^^^^^^^^^^\n     |\n     = note: `#[warn(unused_imports)]` on by default\n\nwarning: unused import: `super::*`\n   --> src/header/value.rs:481:9\n    |\n481 |     use super::*;\n    |         ^^^^^^^^\n\nwarning: unused import: `crate::header::map::HeaderMap`\n   --> src/header/value.rs:482:9\n    |\n482 |     use crate::header::map::HeaderMap;\n    |         ^^^^^^^^^^^^^^^^^^^^^^^^^^^^^\n\nwarning: unused import: `crate::header::name`\n   --> src/header/value.rs:483:9\n    |\n483 |     use crate::header::name;\n    |         ^^^^^^^^^^^^^^^^^^^\n\nwarning: unused import: `super::*`\n   --> src/header/value.rs:568:9\n    |\n568 |     use super::*;\n    |         ^^^^^^^^\n\nwarning: unused import: `crate::header::name`\n   --> src/header/value.rs:569:9\n    |\n569 |     use crate::header::name;\n    |         ^^^^^^^^^^^^^^^^^^^\n\nwarning: unused import: `super::*`\n   --> src/method.rs:424:9\n    |\n424 |     use super::*;\n    |         ^^^^^^^^\n\nwarning: unused import: `super::*`\n    --> src/request.rs:1063:9\n     |\n1063 |     use super::*;\n     |         ^^^^^^^^\n\nwarning: unused import: `super::*`\n   --> src/response.rs:776:9\n    |\n776 |     use super::*;\n    |         ^^^^^^^^\n\nwarning: unused import: `super::*`\n   --> src/uri/authority.rs:533:9\n    |\n533 |     use super::*;\n    |         ^^^^^^^^\n\nwarning: unused import: `super::*`\n   --> src/uri/builder.rs:165:9\n    |\n165 |     use super::*;\n    |         ^^^^^^^^\n\nwarning: unused import: `super::*`\n   --> src/uri/port.rs:115:9\n    |\n115 |     use super::*;\n    |         ^^^^^^^^\n\nwarning: unused import: `super::*`\n   --> src/error.rs:143:9\n    |\n143 |     use super::*;\n    |         ^^^^^^^^\n\nwarning: unused import: `ntest::timeout`\n   --> src/extensions.rs:333:8\n    |\n333 |    use ntest::timeout;\n    |        ^^^^^^^^^^^^^^\n\nwarning: unused import: `super::*`\n   --> src/lib.rs:197:9\n    |\n197 |     use super::*;\n    |         ^^^^^^^^\n\nerror[E0596]: cannot borrow `ext` as mutable, as it is not declared as mutable\n   --> src/extensions.rs:339:9\n    |\n339 |     let ext = Extensions::new();\n    |         ^^^ not mutable\n340 |     let _ = ext.insert(5i32);\n    |             --- cannot borrow as mutable\n341 |     let _ = ext.insert(10i32);\n    |             --- cannot borrow as mutable\n342 |     ext.clear();\n    |     --- cannot borrow as mutable\n343 |     ext.insert(\"test\");\n    |     --- cannot borrow as mutable\n    |\nhelp: consider changing this to be mutable\n    |\n339 |     let mut ext = Extensions::new();\n    |         +++\n\nFor more information about this error, try `rustc --explain E0596`.\nwarning: `http` (lib test) generated 15 warnings\nerror: could not compile `http` (lib test) due to 1 previous error; 15 warnings emitted\n"
                },
                {
                  "Err": "   Compiling proc-macro2 v1.0.95\n   Compiling libc v0.2.172\n   Compiling zerocopy v0.8.25\n   Compiling syn v1.0.109\n   Compiling serde v1.0.219\n   Compiling doc-comment v0.3.3\n   Compiling serde_json v1.0.140\n   Compiling quote v1.0.40\n   Compiling getrandom v0.2.16\n   Compiling rand_core v0.6.4\n   Compiling ppv-lite86 v0.2.21\n   Compiling rand_chacha v0.3.1\n   Compiling rand v0.8.5\n   Compiling quickcheck v1.0.3\n   Compiling ntest_test_cases v0.9.3\n   Compiling ntest_timeout v0.9.3\n   Compiling ntest v0.9.3\n   Compiling http v1.3.1 (/home/abezbm/rust-utgen-test-crates/http)\nwarning: unused import: `self::StandardHeader::Vary`\n    --> src/header/name.rs:1676:9\n     |\n1676 |     use self::StandardHeader::Vary;\n     |         ^^^^^^^^^^^^^^^^^^^^^^^^^^\n     |\n     = note: `#[warn(unused_imports)]` on by default\n\nwarning: unused import: `super::*`\n   --> src/header/value.rs:481:9\n    |\n481 |     use super::*;\n    |         ^^^^^^^^\n\nwarning: unused import: `crate::header::map::HeaderMap`\n   --> src/header/value.rs:482:9\n    |\n482 |     use crate::header::map::HeaderMap;\n    |         ^^^^^^^^^^^^^^^^^^^^^^^^^^^^^\n\nwarning: unused import: `crate::header::name`\n   --> src/header/value.rs:483:9\n    |\n483 |     use crate::header::name;\n    |         ^^^^^^^^^^^^^^^^^^^\n\nwarning: unused import: `super::*`\n   --> src/header/value.rs:568:9\n    |\n568 |     use super::*;\n    |         ^^^^^^^^\n\nwarning: unused import: `crate::header::name`\n   --> src/header/value.rs:569:9\n    |\n569 |     use crate::header::name;\n    |         ^^^^^^^^^^^^^^^^^^^\n\nwarning: unused import: `super::*`\n   --> src/method.rs:424:9\n    |\n424 |     use super::*;\n    |         ^^^^^^^^\n\nwarning: unused import: `super::*`\n    --> src/request.rs:1063:9\n     |\n1063 |     use super::*;\n     |         ^^^^^^^^\n\nwarning: unused import: `super::*`\n   --> src/response.rs:776:9\n    |\n776 |     use super::*;\n    |         ^^^^^^^^\n\nwarning: unused import: `super::*`\n   --> src/uri/authority.rs:533:9\n    |\n533 |     use super::*;\n    |         ^^^^^^^^\n\nwarning: unused import: `super::*`\n   --> src/uri/builder.rs:165:9\n    |\n165 |     use super::*;\n    |         ^^^^^^^^\n\nwarning: unused import: `super::*`\n   --> src/uri/port.rs:115:9\n    |\n115 |     use super::*;\n    |         ^^^^^^^^\n\nwarning: unused import: `super::*`\n   --> src/error.rs:143:9\n    |\n143 |     use super::*;\n    |         ^^^^^^^^\n\nwarning: unused import: `ntest::timeout`\n   --> src/extensions.rs:333:8\n    |\n333 |    use ntest::timeout;\n    |        ^^^^^^^^^^^^^^\n\nwarning: unused import: `super::*`\n   --> src/lib.rs:197:9\n    |\n197 |     use super::*;\n    |         ^^^^^^^^\n\nerror[E0596]: cannot borrow `ext` as mutable, as it is not declared as mutable\n   --> src/extensions.rs:339:9\n    |\n339 |     let ext = Extensions::new();\n    |         ^^^ not mutable\n340 |     let _ = ext.insert(5i32);\n    |             --- cannot borrow as mutable\n341 |     let _ = ext.insert(10i32);\n    |             --- cannot borrow as mutable\n342 |     ext.clear();\n    |     --- cannot borrow as mutable\n343 |     ext.insert(\"test\");\n    |     --- cannot borrow as mutable\n    |\nhelp: consider changing this to be mutable\n    |\n339 |     let mut ext = Extensions::new();\n    |         +++\n\nFor more information about this error, try `rustc --explain E0596`.\nwarning: `http` (lib test) generated 15 warnings\nerror: could not compile `http` (lib test) due to 1 previous error; 15 warnings emitted\n"
                }
              ],
              "repaired": [
                false,
                false,
                false,
                false,
                false,
                false,
                false
              ]
            },
            {
              "attrs": [],
              "prefix": [
                "{",
                "    let mut ext = Extensions::new();",
                "    ext.insert(5i32);",
                "    let _ = ext.len();",
                "}"
              ],
              "oracles": [
                [
                  "    let mut ext = Extensions::new();",
                  "    ext.insert(5i32);",
                  "    assert_eq!(ext.len(), 1);"
                ],
                [
                  "    let mut ext = Extensions::new();",
                  "    ext.insert(5i32);",
                  "    ext.clear();",
                  "    assert_eq!(ext.len(), 0);"
                ]
              ],
              "codes": [
                [
                  "{",
                  "    let mut ext = Extensions::new();",
                  "    ext.insert(5i32);",
                  "    let _ = ext.len();",
                  "    let mut ext = Extensions::new();",
                  "    ext.insert(5i32);",
                  "    assert_eq!(ext.len(), 1);",
                  "}"
                ],
                [
                  "{",
                  "    let mut ext = Extensions::new();",
                  "    ext.insert(5i32);",
                  "    let _ = ext.len();",
                  "    let mut ext = Extensions::new();",
                  "    ext.insert(5i32);",
                  "    ext.clear();",
                  "    assert_eq!(ext.len(), 0);",
                  "}"
                ]
              ],
              "can_compile": [
                {
                  "Ok": null
                },
                {
                  "Ok": null
                }
              ],
              "repaired": [
                false,
                false
              ]
            },
            {
              "attrs": [],
              "prefix": [
                "{",
                "    let mut ext = Extensions::new();",
                "    ext.insert(5i32);",
                "    ext.insert(10i32);",
                "    let _ = ext.len();",
                "}"
              ],
              "oracles": [
                [
                  "    let mut ext = Extensions::new();",
                  "    assert_eq!(ext.len(), 0);"
                ],
                [
                  "    let mut ext = Extensions::new();",
                  "    ext.insert(5i32);",
                  "    assert_eq!(ext.len(), 1);"
                ],
                [
                  "    let mut ext = Extensions::new();",
                  "    ext.insert(5i32);",
                  "    ext.insert(10i32);",
                  "    assert_eq!(ext.len(), 2);"
                ]
              ],
              "codes": [
                [
                  "{",
                  "    let mut ext = Extensions::new();",
                  "    ext.insert(5i32);",
                  "    ext.insert(10i32);",
                  "    let _ = ext.len();",
                  "    let mut ext = Extensions::new();",
                  "    assert_eq!(ext.len(), 0);",
                  "}"
                ],
                [
                  "{",
                  "    let mut ext = Extensions::new();",
                  "    ext.insert(5i32);",
                  "    ext.insert(10i32);",
                  "    let _ = ext.len();",
                  "    let mut ext = Extensions::new();",
                  "    ext.insert(5i32);",
                  "    assert_eq!(ext.len(), 1);",
                  "}"
                ],
                [
                  "{",
                  "    let mut ext = Extensions::new();",
                  "    ext.insert(5i32);",
                  "    ext.insert(10i32);",
                  "    let _ = ext.len();",
                  "    let mut ext = Extensions::new();",
                  "    ext.insert(5i32);",
                  "    ext.insert(10i32);",
                  "    assert_eq!(ext.len(), 2);",
                  "}"
                ]
              ],
              "can_compile": [
                {
                  "Ok": null
                },
                {
                  "Ok": null
                },
                {
                  "Ok": null
                }
              ],
              "repaired": [
                false,
                false,
                false
              ]
            },
            {
              "attrs": [],
              "prefix": [
                "{",
                "    let mut ext = Extensions::new();",
                "    for i in 0..10 {",
                "        ext.insert(i);",
                "    }",
                "    let _ = ext.len();",
                "}"
              ],
              "oracles": [
                [
                  "    let mut ext = Extensions::new();",
                  "    for i in 0..10 {",
                  "    ext.insert(i);",
                  "    }",
                  "    assert_eq!(ext.len(), 10);"
                ]
              ],
              "codes": [
                [
                  "{",
                  "    let mut ext = Extensions::new();",
                  "    for i in 0..10 {",
                  "        ext.insert(i);",
                  "    }",
                  "    let _ = ext.len();",
                  "    let mut ext = Extensions::new();",
                  "    for i in 0..10 {",
                  "    ext.insert(i);",
                  "    }",
                  "    assert_eq!(ext.len(), 10);",
                  "}"
                ]
              ],
              "can_compile": [
                {
                  "Ok": null
                }
              ],
              "repaired": [
                false
              ]
            },
            {
              "attrs": [],
              "prefix": [
                "{",
                "    let mut ext = Extensions::new();",
                "    for i in 0..100 {",
                "        ext.insert(i);",
                "    }",
                "    let _ = ext.len();",
                "}"
              ],
              "oracles": [
                [
                  "    let mut ext = Extensions::new();",
                  "    for i in 0..100 {",
                  "    ext.insert(i);",
                  "    }",
                  "    assert_eq!(ext.len(), 100);"
                ]
              ],
              "codes": [
                [
                  "{",
                  "    let mut ext = Extensions::new();",
                  "    for i in 0..100 {",
                  "        ext.insert(i);",
                  "    }",
                  "    let _ = ext.len();",
                  "    let mut ext = Extensions::new();",
                  "    for i in 0..100 {",
                  "    ext.insert(i);",
                  "    }",
                  "    assert_eq!(ext.len(), 100);",
                  "}"
                ]
              ],
              "can_compile": [
                {
                  "Ok": null
                }
              ],
              "repaired": [
                false
              ]
            },
            {
              "attrs": [],
              "prefix": [
                "{",
                "    let mut ext = Extensions::new();",
                "    for i in 0..1000 {",
                "        ext.insert(i);",
                "    }",
                "    let _ = ext.len();",
                "}"
              ],
              "oracles": [
                [
                  "    let mut ext = Extensions::new();",
                  "    for i in 0..1000 {",
                  "    ext.insert(i);",
                  "    }",
                  "    assert_eq!(ext.len(), 1000);"
                ]
              ],
              "codes": [
                [
                  "{",
                  "    let mut ext = Extensions::new();",
                  "    for i in 0..1000 {",
                  "        ext.insert(i);",
                  "    }",
                  "    let _ = ext.len();",
                  "    let mut ext = Extensions::new();",
                  "    for i in 0..1000 {",
                  "    ext.insert(i);",
                  "    }",
                  "    assert_eq!(ext.len(), 1000);",
                  "}"
                ]
              ],
              "can_compile": [
                {
                  "Ok": null
                }
              ],
              "repaired": [
                false
              ]
            }
          ]
        }
      ]
    }
  ]
}