{
  "name": "indexmap::map::core::entry::map::core::entry::Entry<'a, K, V>::or_insert",
  "name_with_impl": "indexmap::map::core::entry::{impl#1}::or_insert",
  "mod_info": {
    "name": "map::core::entry",
    "loc": "src/map/core.rs:10:1:10:11"
  },
  "visible": true,
  "loc": "src/map/core/entry.rs:59:5:64:6",
  "fn_tests": [
    {
      "chain_id": 1,
      "prompt_conds": [
        "// constraint: self matches Entry::Vacant(entry) is true\n",
        "// expected return value/type: match self {\n            Entry::Occupied(entry) => entry.into_mut(),\n            Entry::Vacant(entry) => entry.insert(default),\n        }\n"
      ],
      "input_infer": "VacantEntry with a valid key type, HashValue within 0 to maximum supported value for the hash function, and a default value of type V, where V is constrained to the types that implement Copy; e.g., (usize, ValueType) where ValueType is any relevant data type.\n",
      "answers": [
        {
          "uses": [],
          "has_test_mod": false,
          "common": [],
          "chain_tests": [
            {
              "attrs": [],
              "prefix": [
                "{",
                "    struct TestMap {",
                "        entries: Entries<String, usize>,",
                "    }",
                "",
                "    impl TestMap {",
                "        fn new() -> Self {",
                "            Self {",
                "                entries: Entries::new(),",
                "            }",
                "        }",
                "",
                "        fn vacant_entry(&mut self, key: String) -> VacantEntry<String, usize> {",
                "            VacantEntry {",
                "                map: RefMut::new(&mut self.entries),",
                "                hash: HashValue::new(1),",
                "                key,",
                "            }",
                "        }",
                "    }",
                "",
                "    let mut test_map = TestMap::new();",
                "    let key = String::from(\"new_key\");",
                "    let default_value = 42;",
                "    ",
                "    let vacant_entry = test_map.vacant_entry(key);",
                "    let result = vacant_entry.insert(default_value);",
                "}"
              ],
              "oracles": [
                [
                  "    let mut test_map = TestMap::new();",
                  "    let key = String::from(\"new_key\");",
                  "    let default_value = 42;",
                  "    let vacant_entry = test_map.vacant_entry(key);",
                  "    let result = vacant_entry.insert(default_value);",
                  "    assert_eq!(*result, default_value);"
                ],
                [
                  "    let mut test_map = TestMap::new();",
                  "    let key = String::from(\"new_key\");",
                  "    let default_value = 42;",
                  "    let vacant_entry = test_map.vacant_entry(key);",
                  "    let result = vacant_entry.insert(default_value);",
                  "    assert!(test_map.entries.get(&key).is_some());"
                ],
                [
                  "    let mut test_map = TestMap::new();",
                  "    let key = String::from(\"new_key\");",
                  "    let default_value = 42;",
                  "    let vacant_entry = test_map.vacant_entry(key);",
                  "    let result = vacant_entry.insert(default_value);",
                  "    assert!(test_map.entries.get(&key).unwrap() == &default_value);"
                ]
              ],
              "codes": [
                [
                  "{",
                  "    struct TestMap {",
                  "        entries: Entries<String, usize>,",
                  "    }",
                  "",
                  "    impl TestMap {",
                  "        fn new() -> Self {",
                  "            Self {",
                  "                entries: Entries::new(),",
                  "            }",
                  "        }",
                  "",
                  "        fn vacant_entry(&mut self, key: String) -> VacantEntry<String, usize> {",
                  "            VacantEntry {",
                  "                map: RefMut::new(&mut self.entries),",
                  "                hash: HashValue::new(1),",
                  "                key,",
                  "            }",
                  "        }",
                  "    }",
                  "",
                  "    let mut test_map = TestMap::new();",
                  "    let key = String::from(\"new_key\");",
                  "    let default_value = 42;",
                  "    ",
                  "    let vacant_entry = test_map.vacant_entry(key);",
                  "    let result = vacant_entry.insert(default_value);",
                  "    let mut test_map = TestMap::new();",
                  "    let key = String::from(\"new_key\");",
                  "    let default_value = 42;",
                  "    let vacant_entry = test_map.vacant_entry(key);",
                  "    let result = vacant_entry.insert(default_value);",
                  "    assert_eq!(*result, default_value);",
                  "}"
                ],
                [
                  "{",
                  "    struct TestMap {",
                  "        entries: Entries<String, usize>,",
                  "    }",
                  "",
                  "    impl TestMap {",
                  "        fn new() -> Self {",
                  "            Self {",
                  "                entries: Entries::new(),",
                  "            }",
                  "        }",
                  "",
                  "        fn vacant_entry(&mut self, key: String) -> VacantEntry<String, usize> {",
                  "            VacantEntry {",
                  "                map: RefMut::new(&mut self.entries),",
                  "                hash: HashValue::new(1),",
                  "                key,",
                  "            }",
                  "        }",
                  "    }",
                  "",
                  "    let mut test_map = TestMap::new();",
                  "    let key = String::from(\"new_key\");",
                  "    let default_value = 42;",
                  "    ",
                  "    let vacant_entry = test_map.vacant_entry(key);",
                  "    let result = vacant_entry.insert(default_value);",
                  "    let mut test_map = TestMap::new();",
                  "    let key = String::from(\"new_key\");",
                  "    let default_value = 42;",
                  "    let vacant_entry = test_map.vacant_entry(key);",
                  "    let result = vacant_entry.insert(default_value);",
                  "    assert!(test_map.entries.get(&key).is_some());",
                  "}"
                ],
                [
                  "{",
                  "    struct TestMap {",
                  "        entries: Entries<String, usize>,",
                  "    }",
                  "",
                  "    impl TestMap {",
                  "        fn new() -> Self {",
                  "            Self {",
                  "                entries: Entries::new(),",
                  "            }",
                  "        }",
                  "",
                  "        fn vacant_entry(&mut self, key: String) -> VacantEntry<String, usize> {",
                  "            VacantEntry {",
                  "                map: RefMut::new(&mut self.entries),",
                  "                hash: HashValue::new(1),",
                  "                key,",
                  "            }",
                  "        }",
                  "    }",
                  "",
                  "    let mut test_map = TestMap::new();",
                  "    let key = String::from(\"new_key\");",
                  "    let default_value = 42;",
                  "    ",
                  "    let vacant_entry = test_map.vacant_entry(key);",
                  "    let result = vacant_entry.insert(default_value);",
                  "    let mut test_map = TestMap::new();",
                  "    let key = String::from(\"new_key\");",
                  "    let default_value = 42;",
                  "    let vacant_entry = test_map.vacant_entry(key);",
                  "    let result = vacant_entry.insert(default_value);",
                  "    assert!(test_map.entries.get(&key).unwrap() == &default_value);",
                  "}"
                ]
              ],
              "can_compile": [
                {
                  "Err": "   Compiling libc v0.2.172\n   Compiling proc-macro2 v1.0.95\n   Compiling zerocopy v0.8.25\n   Compiling syn v1.0.109\n   Compiling getrandom v0.3.2\n   Compiling quote v1.0.40\n   Compiling syn v2.0.101\n   Compiling getrandom v0.2.16\n   Compiling rand_core v0.6.4\n   Compiling rand_core v0.9.3\n   Compiling rand v0.8.5\n   Compiling quickcheck v1.0.3\n   Compiling ppv-lite86 v0.2.21\n   Compiling rand_chacha v0.9.0\n   Compiling rand v0.9.1\n   Compiling serde_derive v1.0.219\n   Compiling ntest_timeout v0.9.3\n   Compiling ntest_test_cases v0.9.3\n   Compiling ntest v0.9.3\n   Compiling indexmap v2.9.0 (/home/abezbm/rust-utgen-test-crates-new/indexmap)\nwarning: unused import: `ntest::timeout`\n   --> src/map/core/entry.rs:575:8\n    |\n575 |    use ntest::timeout;\n    |        ^^^^^^^^^^^^^^\n    |\n    = note: `#[warn(unused_imports)]` on by default\n\nwarning: hidden lifetime parameters in types are deprecated\n   --> src/map/core/entry.rs:590:63\n    |\n590 |         fn vacant_entry(&mut self, key: String) -> VacantEntry<String, usize> {\n    |                                                    -----------^-------------- expected lifetime parameter\n    |\nnote: the lint level is defined here\n   --> src/lib.rs:3:9\n    |\n3   | #![warn(rust_2018_idioms)]\n    |         ^^^^^^^^^^^^^^^^\n    = note: `#[warn(elided_lifetimes_in_paths)]` implied by `#[warn(rust_2018_idioms)]`\nhelp: indicate the anonymous lifetime\n    |\n590 |         fn vacant_entry(&mut self, key: String) -> VacantEntry<'_, String, usize> {\n    |                                                                +++\n\nwarning: unused import: `super::*`\n   --> src/map/slice.rs:520:9\n    |\n520 |     use super::*;\n    |         ^^^^^^^^\n\nwarning: unused import: `super::*`\n --> src/map/tests.rs:1:5\n  |\n1 | use super::*;\n  |     ^^^^^^^^\n\nwarning: unused import: `std::string::String`\n --> src/map/tests.rs:2:5\n  |\n2 | use std::string::String;\n  |     ^^^^^^^^^^^^^^^^^^^\n\nwarning: unused macro definition: `move_index_oob`\n   --> src/map/tests.rs:817:14\n    |\n817 | macro_rules! move_index_oob {\n    |              ^^^^^^^^^^^^^^\n    |\n    = note: `#[warn(unused_macros)]` on by default\n\nwarning: unused import: `super::*`\n   --> src/set/slice.rs:334:9\n    |\n334 |     use super::*;\n    |         ^^^^^^^^\n\nwarning: unused import: `super::*`\n --> src/set/tests.rs:1:5\n  |\n1 | use super::*;\n  |     ^^^^^^^^\n\nwarning: unused import: `std::string::String`\n --> src/set/tests.rs:2:5\n  |\n2 | use std::string::String;\n  |     ^^^^^^^^^^^^^^^^^^^\n\nerror[E0061]: this function takes 2 arguments but 1 argument was supplied\n   --> src/map/core/entry.rs:592:22\n    |\n592 |                 map: RefMut::new(&mut self.entries),\n    |                      ^^^^^^^^^^^ ----------------- argument #1 of type `&mut HashTable<usize>` is missing\n    |\nnote: associated function defined here\n   --> src/map/core.rs:539:8\n    |\n539 |     fn new(indices: &'a mut Indices, entries: &'a mut Entries<K, V>) -> Self {\n    |        ^^^ ------------------------  ------------------------------\nhelp: provide the argument\n    |\n592 |                 map: RefMut::new(/* &mut HashTable<usize> */, &mut self.entries),\n    |                                 ~~~~~~~~~~~~~~~~~~~~~~~~~~~~~~~~~~~~~~~~~~~~~~~~\n\nerror[E0599]: no function or associated item named `new` found for struct `HashValue` in the current scope\n   --> src/map/core/entry.rs:593:34\n    |\n593 |                 hash: HashValue::new(1),\n    |                                  ^^^ function or associated item not found in `HashValue`\n    |\n   ::: src/lib.rs:139:1\n    |\n139 | struct HashValue(usize);\n    | ---------------- function or associated item `new` not found for this struct\n    |\nhelp: there is a method `ne` with a similar name\n    |\n593 |                 hash: HashValue::ne(1),\n    |                                  ~~\n\nwarning: unused variable: `result`\n   --> src/map/core/entry.rs:604:9\n    |\n604 |     let result = vacant_entry.insert(default_value);\n    |         ^^^^^^ help: if this is intentional, prefix it with an underscore: `_result`\n    |\n    = note: `#[warn(unused_variables)]` on by default\n\nSome errors have detailed explanations: E0061, E0599.\nFor more information about an error, try `rustc --explain E0061`.\nwarning: `indexmap` (lib test) generated 10 warnings\nerror: could not compile `indexmap` (lib test) due to 2 previous errors; 10 warnings emitted\n"
                },
                {
                  "Err": "   Compiling libc v0.2.172\n   Compiling proc-macro2 v1.0.95\n   Compiling getrandom v0.3.2\n   Compiling zerocopy v0.8.25\n   Compiling syn v1.0.109\n   Compiling quote v1.0.40\n   Compiling syn v2.0.101\n   Compiling getrandom v0.2.16\n   Compiling rand_core v0.6.4\n   Compiling rand_core v0.9.3\n   Compiling rand v0.8.5\n   Compiling quickcheck v1.0.3\n   Compiling ppv-lite86 v0.2.21\n   Compiling rand_chacha v0.9.0\n   Compiling rand v0.9.1\n   Compiling serde_derive v1.0.219\n   Compiling ntest_test_cases v0.9.3\n   Compiling ntest_timeout v0.9.3\n   Compiling ntest v0.9.3\n   Compiling indexmap v2.9.0 (/home/abezbm/rust-utgen-test-crates-new/indexmap)\nwarning: unused import: `ntest::timeout`\n   --> src/map/core/entry.rs:575:8\n    |\n575 |    use ntest::timeout;\n    |        ^^^^^^^^^^^^^^\n    |\n    = note: `#[warn(unused_imports)]` on by default\n\nwarning: hidden lifetime parameters in types are deprecated\n   --> src/map/core/entry.rs:590:63\n    |\n590 |         fn vacant_entry(&mut self, key: String) -> VacantEntry<String, usize> {\n    |                                                    -----------^-------------- expected lifetime parameter\n    |\nnote: the lint level is defined here\n   --> src/lib.rs:3:9\n    |\n3   | #![warn(rust_2018_idioms)]\n    |         ^^^^^^^^^^^^^^^^\n    = note: `#[warn(elided_lifetimes_in_paths)]` implied by `#[warn(rust_2018_idioms)]`\nhelp: indicate the anonymous lifetime\n    |\n590 |         fn vacant_entry(&mut self, key: String) -> VacantEntry<'_, String, usize> {\n    |                                                                +++\n\nwarning: unused import: `super::*`\n   --> src/map/slice.rs:520:9\n    |\n520 |     use super::*;\n    |         ^^^^^^^^\n\nwarning: unused import: `super::*`\n --> src/map/tests.rs:1:5\n  |\n1 | use super::*;\n  |     ^^^^^^^^\n\nwarning: unused import: `std::string::String`\n --> src/map/tests.rs:2:5\n  |\n2 | use std::string::String;\n  |     ^^^^^^^^^^^^^^^^^^^\n\nwarning: unused macro definition: `move_index_oob`\n   --> src/map/tests.rs:817:14\n    |\n817 | macro_rules! move_index_oob {\n    |              ^^^^^^^^^^^^^^\n    |\n    = note: `#[warn(unused_macros)]` on by default\n\nwarning: unused import: `super::*`\n   --> src/set/slice.rs:334:9\n    |\n334 |     use super::*;\n    |         ^^^^^^^^\n\nwarning: unused import: `super::*`\n --> src/set/tests.rs:1:5\n  |\n1 | use super::*;\n  |     ^^^^^^^^\n\nwarning: unused import: `std::string::String`\n --> src/set/tests.rs:2:5\n  |\n2 | use std::string::String;\n  |     ^^^^^^^^^^^^^^^^^^^\n\nerror[E0277]: the type `[Bucket<String, usize>]` cannot be indexed by `&String`\n   --> src/map/core/entry.rs:610:34\n    |\n610 |     assert!(test_map.entries.get(&key).is_some());\n    |                              --- ^^^^ slice indices are of type `usize` or ranges of `usize`\n    |                              |\n    |                              required by a bound introduced by this call\n    |\n    = help: the trait `SliceIndex<[Bucket<String, usize>]>` is not implemented for `&String`\nnote: required by a bound in `core::slice::<impl [T]>::get`\n   --> /home/abezbm/.rustup/toolchains/nightly-2024-07-21-x86_64-unknown-linux-gnu/lib/rustlib/src/rust/library/core/src/slice/mod.rs:614:12\n    |\n612 |     pub fn get<I>(&self, index: I) -> Option<&I::Output>\n    |            --- required by a bound in this associated function\n613 |     where\n614 |         I: SliceIndex<Self>,\n    |            ^^^^^^^^^^^^^^^^ required by this bound in `core::slice::<impl [T]>::get`\n\nerror[E0061]: this function takes 2 arguments but 1 argument was supplied\n   --> src/map/core/entry.rs:592:22\n    |\n592 |                 map: RefMut::new(&mut self.entries),\n    |                      ^^^^^^^^^^^ ----------------- argument #1 of type `&mut HashTable<usize>` is missing\n    |\nnote: associated function defined here\n   --> src/map/core.rs:539:8\n    |\n539 |     fn new(indices: &'a mut Indices, entries: &'a mut Entries<K, V>) -> Self {\n    |        ^^^ ------------------------  ------------------------------\nhelp: provide the argument\n    |\n592 |                 map: RefMut::new(/* &mut HashTable<usize> */, &mut self.entries),\n    |                                 ~~~~~~~~~~~~~~~~~~~~~~~~~~~~~~~~~~~~~~~~~~~~~~~~\n\nerror[E0599]: no function or associated item named `new` found for struct `HashValue` in the current scope\n   --> src/map/core/entry.rs:593:34\n    |\n593 |                 hash: HashValue::new(1),\n    |                                  ^^^ function or associated item not found in `HashValue`\n    |\n   ::: src/lib.rs:139:1\n    |\n139 | struct HashValue(usize);\n    | ---------------- function or associated item `new` not found for this struct\n    |\nhelp: there is a method `ne` with a similar name\n    |\n593 |                 hash: HashValue::ne(1),\n    |                                  ~~\n\nSome errors have detailed explanations: E0061, E0277, E0599.\nFor more information about an error, try `rustc --explain E0061`.\nwarning: `indexmap` (lib test) generated 9 warnings\nerror: could not compile `indexmap` (lib test) due to 3 previous errors; 9 warnings emitted\n"
                },
                {
                  "Err": "   Compiling libc v0.2.172\n   Compiling proc-macro2 v1.0.95\n   Compiling syn v1.0.109\n   Compiling zerocopy v0.8.25\n   Compiling getrandom v0.3.2\n   Compiling quote v1.0.40\n   Compiling syn v2.0.101\n   Compiling getrandom v0.2.16\n   Compiling rand_core v0.6.4\n   Compiling rand_core v0.9.3\n   Compiling rand v0.8.5\n   Compiling quickcheck v1.0.3\n   Compiling ppv-lite86 v0.2.21\n   Compiling rand_chacha v0.9.0\n   Compiling rand v0.9.1\n   Compiling serde_derive v1.0.219\n   Compiling ntest_test_cases v0.9.3\n   Compiling ntest_timeout v0.9.3\n   Compiling ntest v0.9.3\n   Compiling indexmap v2.9.0 (/home/abezbm/rust-utgen-test-crates-new/indexmap)\nwarning: unused import: `ntest::timeout`\n   --> src/map/core/entry.rs:575:8\n    |\n575 |    use ntest::timeout;\n    |        ^^^^^^^^^^^^^^\n    |\n    = note: `#[warn(unused_imports)]` on by default\n\nwarning: hidden lifetime parameters in types are deprecated\n   --> src/map/core/entry.rs:590:63\n    |\n590 |         fn vacant_entry(&mut self, key: String) -> VacantEntry<String, usize> {\n    |                                                    -----------^-------------- expected lifetime parameter\n    |\nnote: the lint level is defined here\n   --> src/lib.rs:3:9\n    |\n3   | #![warn(rust_2018_idioms)]\n    |         ^^^^^^^^^^^^^^^^\n    = note: `#[warn(elided_lifetimes_in_paths)]` implied by `#[warn(rust_2018_idioms)]`\nhelp: indicate the anonymous lifetime\n    |\n590 |         fn vacant_entry(&mut self, key: String) -> VacantEntry<'_, String, usize> {\n    |                                                                +++\n\nwarning: unused import: `super::*`\n   --> src/map/slice.rs:520:9\n    |\n520 |     use super::*;\n    |         ^^^^^^^^\n\nwarning: unused import: `super::*`\n --> src/map/tests.rs:1:5\n  |\n1 | use super::*;\n  |     ^^^^^^^^\n\nwarning: unused import: `std::string::String`\n --> src/map/tests.rs:2:5\n  |\n2 | use std::string::String;\n  |     ^^^^^^^^^^^^^^^^^^^\n\nwarning: unused macro definition: `move_index_oob`\n   --> src/map/tests.rs:817:14\n    |\n817 | macro_rules! move_index_oob {\n    |              ^^^^^^^^^^^^^^\n    |\n    = note: `#[warn(unused_macros)]` on by default\n\nwarning: unused import: `super::*`\n   --> src/set/slice.rs:334:9\n    |\n334 |     use super::*;\n    |         ^^^^^^^^\n\nwarning: unused import: `super::*`\n --> src/set/tests.rs:1:5\n  |\n1 | use super::*;\n  |     ^^^^^^^^\n\nwarning: unused import: `std::string::String`\n --> src/set/tests.rs:2:5\n  |\n2 | use std::string::String;\n  |     ^^^^^^^^^^^^^^^^^^^\n\nerror[E0277]: the type `[Bucket<String, usize>]` cannot be indexed by `&String`\n   --> src/map/core/entry.rs:610:34\n    |\n610 |     assert!(test_map.entries.get(&key).unwrap() == &default_value);\n    |                              --- ^^^^ slice indices are of type `usize` or ranges of `usize`\n    |                              |\n    |                              required by a bound introduced by this call\n    |\n    = help: the trait `SliceIndex<[Bucket<String, usize>]>` is not implemented for `&String`\nnote: required by a bound in `core::slice::<impl [T]>::get`\n   --> /home/abezbm/.rustup/toolchains/nightly-2024-07-21-x86_64-unknown-linux-gnu/lib/rustlib/src/rust/library/core/src/slice/mod.rs:614:12\n    |\n612 |     pub fn get<I>(&self, index: I) -> Option<&I::Output>\n    |            --- required by a bound in this associated function\n613 |     where\n614 |         I: SliceIndex<Self>,\n    |            ^^^^^^^^^^^^^^^^ required by this bound in `core::slice::<impl [T]>::get`\n\nerror[E0061]: this function takes 2 arguments but 1 argument was supplied\n   --> src/map/core/entry.rs:592:22\n    |\n592 |                 map: RefMut::new(&mut self.entries),\n    |                      ^^^^^^^^^^^ ----------------- argument #1 of type `&mut HashTable<usize>` is missing\n    |\nnote: associated function defined here\n   --> src/map/core.rs:539:8\n    |\n539 |     fn new(indices: &'a mut Indices, entries: &'a mut Entries<K, V>) -> Self {\n    |        ^^^ ------------------------  ------------------------------\nhelp: provide the argument\n    |\n592 |                 map: RefMut::new(/* &mut HashTable<usize> */, &mut self.entries),\n    |                                 ~~~~~~~~~~~~~~~~~~~~~~~~~~~~~~~~~~~~~~~~~~~~~~~~\n\nerror[E0599]: no function or associated item named `new` found for struct `HashValue` in the current scope\n   --> src/map/core/entry.rs:593:34\n    |\n593 |                 hash: HashValue::new(1),\n    |                                  ^^^ function or associated item not found in `HashValue`\n    |\n   ::: src/lib.rs:139:1\n    |\n139 | struct HashValue(usize);\n    | ---------------- function or associated item `new` not found for this struct\n    |\nhelp: there is a method `ne` with a similar name\n    |\n593 |                 hash: HashValue::ne(1),\n    |                                  ~~\n\nSome errors have detailed explanations: E0061, E0277, E0599.\nFor more information about an error, try `rustc --explain E0061`.\nwarning: `indexmap` (lib test) generated 9 warnings\nerror: could not compile `indexmap` (lib test) due to 3 previous errors; 9 warnings emitted\n"
                }
              ],
              "repaired": [
                false,
                false,
                false
              ]
            },
            {
              "attrs": [],
              "prefix": [
                "{",
                "    struct TestMap {",
                "        entries: Entries<String, usize>,",
                "    }",
                "",
                "    impl TestMap {",
                "        fn new() -> Self {",
                "            Self {",
                "                entries: Entries::new(),",
                "            }",
                "        }",
                "",
                "        fn vacant_entry(&mut self, key: String) -> VacantEntry<String, usize> {",
                "            VacantEntry {",
                "                map: RefMut::new(&mut self.entries),",
                "                hash: HashValue::new(2),",
                "                key,",
                "            }",
                "        }",
                "    }",
                "",
                "    let mut test_map = TestMap::new();",
                "    let key = String::from(\"another_key\");",
                "    let default_value = 100;",
                "",
                "    let vacant_entry = test_map.vacant_entry(key);",
                "    let result = vacant_entry.insert(default_value);",
                "}"
              ],
              "oracles": [
                [
                  "    let vacant_entry = test_map.vacant_entry(key);",
                  "    let result = vacant_entry.insert(default_value);",
                  "    assert_eq!(*(result), default_value);"
                ],
                [
                  "    let vacant_entry = test_map.vacant_entry(key);",
                  "    let result = vacant_entry.insert(default_value);",
                  "    assert_eq!(test_map.entries.len(), 1);"
                ],
                [
                  "    let vacant_entry = test_map.vacant_entry(key);",
                  "    let result = vacant_entry.insert(default_value);",
                  "    assert!(test_map.entries.contains_key(&key));"
                ]
              ],
              "codes": [
                [
                  "{",
                  "    struct TestMap {",
                  "        entries: Entries<String, usize>,",
                  "    }",
                  "",
                  "    impl TestMap {",
                  "        fn new() -> Self {",
                  "            Self {",
                  "                entries: Entries::new(),",
                  "            }",
                  "        }",
                  "",
                  "        fn vacant_entry(&mut self, key: String) -> VacantEntry<String, usize> {",
                  "            VacantEntry {",
                  "                map: RefMut::new(&mut self.entries),",
                  "                hash: HashValue::new(2),",
                  "                key,",
                  "            }",
                  "        }",
                  "    }",
                  "",
                  "    let mut test_map = TestMap::new();",
                  "    let key = String::from(\"another_key\");",
                  "    let default_value = 100;",
                  "",
                  "    let vacant_entry = test_map.vacant_entry(key);",
                  "    let result = vacant_entry.insert(default_value);",
                  "    let vacant_entry = test_map.vacant_entry(key);",
                  "    let result = vacant_entry.insert(default_value);",
                  "    assert_eq!(*(result), default_value);",
                  "}"
                ],
                [
                  "{",
                  "    struct TestMap {",
                  "        entries: Entries<String, usize>,",
                  "    }",
                  "",
                  "    impl TestMap {",
                  "        fn new() -> Self {",
                  "            Self {",
                  "                entries: Entries::new(),",
                  "            }",
                  "        }",
                  "",
                  "        fn vacant_entry(&mut self, key: String) -> VacantEntry<String, usize> {",
                  "            VacantEntry {",
                  "                map: RefMut::new(&mut self.entries),",
                  "                hash: HashValue::new(2),",
                  "                key,",
                  "            }",
                  "        }",
                  "    }",
                  "",
                  "    let mut test_map = TestMap::new();",
                  "    let key = String::from(\"another_key\");",
                  "    let default_value = 100;",
                  "",
                  "    let vacant_entry = test_map.vacant_entry(key);",
                  "    let result = vacant_entry.insert(default_value);",
                  "    let vacant_entry = test_map.vacant_entry(key);",
                  "    let result = vacant_entry.insert(default_value);",
                  "    assert_eq!(test_map.entries.len(), 1);",
                  "}"
                ],
                [
                  "{",
                  "    struct TestMap {",
                  "        entries: Entries<String, usize>,",
                  "    }",
                  "",
                  "    impl TestMap {",
                  "        fn new() -> Self {",
                  "            Self {",
                  "                entries: Entries::new(),",
                  "            }",
                  "        }",
                  "",
                  "        fn vacant_entry(&mut self, key: String) -> VacantEntry<String, usize> {",
                  "            VacantEntry {",
                  "                map: RefMut::new(&mut self.entries),",
                  "                hash: HashValue::new(2),",
                  "                key,",
                  "            }",
                  "        }",
                  "    }",
                  "",
                  "    let mut test_map = TestMap::new();",
                  "    let key = String::from(\"another_key\");",
                  "    let default_value = 100;",
                  "",
                  "    let vacant_entry = test_map.vacant_entry(key);",
                  "    let result = vacant_entry.insert(default_value);",
                  "    let vacant_entry = test_map.vacant_entry(key);",
                  "    let result = vacant_entry.insert(default_value);",
                  "    assert!(test_map.entries.contains_key(&key));",
                  "}"
                ]
              ],
              "can_compile": [
                {
                  "Err": "   Compiling libc v0.2.172\n   Compiling proc-macro2 v1.0.95\n   Compiling getrandom v0.3.2\n   Compiling syn v1.0.109\n   Compiling zerocopy v0.8.25\n   Compiling quote v1.0.40\n   Compiling syn v2.0.101\n   Compiling getrandom v0.2.16\n   Compiling rand_core v0.6.4\n   Compiling rand_core v0.9.3\n   Compiling rand v0.8.5\n   Compiling quickcheck v1.0.3\n   Compiling ppv-lite86 v0.2.21\n   Compiling rand_chacha v0.9.0\n   Compiling rand v0.9.1\n   Compiling serde_derive v1.0.219\n   Compiling ntest_timeout v0.9.3\n   Compiling ntest_test_cases v0.9.3\n   Compiling ntest v0.9.3\n   Compiling indexmap v2.9.0 (/home/abezbm/rust-utgen-test-crates-new/indexmap)\nwarning: unused import: `ntest::timeout`\n   --> src/map/core/entry.rs:575:8\n    |\n575 |    use ntest::timeout;\n    |        ^^^^^^^^^^^^^^\n    |\n    = note: `#[warn(unused_imports)]` on by default\n\nwarning: hidden lifetime parameters in types are deprecated\n   --> src/map/core/entry.rs:590:63\n    |\n590 |         fn vacant_entry(&mut self, key: String) -> VacantEntry<String, usize> {\n    |                                                    -----------^-------------- expected lifetime parameter\n    |\nnote: the lint level is defined here\n   --> src/lib.rs:3:9\n    |\n3   | #![warn(rust_2018_idioms)]\n    |         ^^^^^^^^^^^^^^^^\n    = note: `#[warn(elided_lifetimes_in_paths)]` implied by `#[warn(rust_2018_idioms)]`\nhelp: indicate the anonymous lifetime\n    |\n590 |         fn vacant_entry(&mut self, key: String) -> VacantEntry<'_, String, usize> {\n    |                                                                +++\n\nwarning: unused import: `super::*`\n   --> src/map/slice.rs:520:9\n    |\n520 |     use super::*;\n    |         ^^^^^^^^\n\nwarning: unused import: `super::*`\n --> src/map/tests.rs:1:5\n  |\n1 | use super::*;\n  |     ^^^^^^^^\n\nwarning: unused import: `std::string::String`\n --> src/map/tests.rs:2:5\n  |\n2 | use std::string::String;\n  |     ^^^^^^^^^^^^^^^^^^^\n\nwarning: unused macro definition: `move_index_oob`\n   --> src/map/tests.rs:817:14\n    |\n817 | macro_rules! move_index_oob {\n    |              ^^^^^^^^^^^^^^\n    |\n    = note: `#[warn(unused_macros)]` on by default\n\nwarning: unused import: `super::*`\n   --> src/set/slice.rs:334:9\n    |\n334 |     use super::*;\n    |         ^^^^^^^^\n\nwarning: unused import: `super::*`\n --> src/set/tests.rs:1:5\n  |\n1 | use super::*;\n  |     ^^^^^^^^\n\nwarning: unused import: `std::string::String`\n --> src/set/tests.rs:2:5\n  |\n2 | use std::string::String;\n  |     ^^^^^^^^^^^^^^^^^^^\n\nerror[E0061]: this function takes 2 arguments but 1 argument was supplied\n   --> src/map/core/entry.rs:592:22\n    |\n592 |                 map: RefMut::new(&mut self.entries),\n    |                      ^^^^^^^^^^^ ----------------- argument #1 of type `&mut HashTable<usize>` is missing\n    |\nnote: associated function defined here\n   --> src/map/core.rs:539:8\n    |\n539 |     fn new(indices: &'a mut Indices, entries: &'a mut Entries<K, V>) -> Self {\n    |        ^^^ ------------------------  ------------------------------\nhelp: provide the argument\n    |\n592 |                 map: RefMut::new(/* &mut HashTable<usize> */, &mut self.entries),\n    |                                 ~~~~~~~~~~~~~~~~~~~~~~~~~~~~~~~~~~~~~~~~~~~~~~~~\n\nerror[E0599]: no function or associated item named `new` found for struct `HashValue` in the current scope\n   --> src/map/core/entry.rs:593:34\n    |\n593 |                 hash: HashValue::new(2),\n    |                                  ^^^ function or associated item not found in `HashValue`\n    |\n   ::: src/lib.rs:139:1\n    |\n139 | struct HashValue(usize);\n    | ---------------- function or associated item `new` not found for this struct\n    |\nhelp: there is a method `ne` with a similar name\n    |\n593 |                 hash: HashValue::ne(2),\n    |                                  ~~\n\nwarning: unused variable: `result`\n   --> src/map/core/entry.rs:604:9\n    |\n604 |     let result = vacant_entry.insert(default_value);\n    |         ^^^^^^ help: if this is intentional, prefix it with an underscore: `_result`\n    |\n    = note: `#[warn(unused_variables)]` on by default\n\nerror[E0382]: use of moved value: `key`\n   --> src/map/core/entry.rs:605:46\n    |\n600 |     let key = String::from(\"another_key\");\n    |         --- move occurs because `key` has type `String`, which does not implement the `Copy` trait\n...\n603 |     let vacant_entry = test_map.vacant_entry(key);\n    |                                              --- value moved here\n604 |     let result = vacant_entry.insert(default_value);\n605 |     let vacant_entry = test_map.vacant_entry(key);\n    |                                              ^^^ value used here after move\n    |\nnote: consider changing this parameter type in method `vacant_entry` to borrow instead if owning the value isn't necessary\n   --> src/map/core/entry.rs:590:41\n    |\n590 |         fn vacant_entry(&mut self, key: String) -> VacantEntry<String, usize> {\n    |            ------------ in this method  ^^^^^^ this parameter takes ownership of the value\nhelp: consider cloning the value if the performance cost is acceptable\n    |\n603 |     let vacant_entry = test_map.vacant_entry(key.clone());\n    |                                                 ++++++++\n\nSome errors have detailed explanations: E0061, E0382, E0599.\nFor more information about an error, try `rustc --explain E0061`.\nwarning: `indexmap` (lib test) generated 10 warnings\nerror: could not compile `indexmap` (lib test) due to 3 previous errors; 10 warnings emitted\n"
                },
                {
                  "Err": "   Compiling libc v0.2.172\n   Compiling proc-macro2 v1.0.95\n   Compiling syn v1.0.109\n   Compiling getrandom v0.3.2\n   Compiling zerocopy v0.8.25\n   Compiling quote v1.0.40\n   Compiling syn v2.0.101\n   Compiling getrandom v0.2.16\n   Compiling rand_core v0.6.4\n   Compiling rand_core v0.9.3\n   Compiling rand v0.8.5\n   Compiling quickcheck v1.0.3\n   Compiling ppv-lite86 v0.2.21\n   Compiling rand_chacha v0.9.0\n   Compiling rand v0.9.1\n   Compiling serde_derive v1.0.219\n   Compiling ntest_test_cases v0.9.3\n   Compiling ntest_timeout v0.9.3\n   Compiling ntest v0.9.3\n   Compiling indexmap v2.9.0 (/home/abezbm/rust-utgen-test-crates-new/indexmap)\nwarning: unused import: `ntest::timeout`\n   --> src/map/core/entry.rs:575:8\n    |\n575 |    use ntest::timeout;\n    |        ^^^^^^^^^^^^^^\n    |\n    = note: `#[warn(unused_imports)]` on by default\n\nwarning: hidden lifetime parameters in types are deprecated\n   --> src/map/core/entry.rs:590:63\n    |\n590 |         fn vacant_entry(&mut self, key: String) -> VacantEntry<String, usize> {\n    |                                                    -----------^-------------- expected lifetime parameter\n    |\nnote: the lint level is defined here\n   --> src/lib.rs:3:9\n    |\n3   | #![warn(rust_2018_idioms)]\n    |         ^^^^^^^^^^^^^^^^\n    = note: `#[warn(elided_lifetimes_in_paths)]` implied by `#[warn(rust_2018_idioms)]`\nhelp: indicate the anonymous lifetime\n    |\n590 |         fn vacant_entry(&mut self, key: String) -> VacantEntry<'_, String, usize> {\n    |                                                                +++\n\nwarning: unused import: `super::*`\n   --> src/map/slice.rs:520:9\n    |\n520 |     use super::*;\n    |         ^^^^^^^^\n\nwarning: unused import: `super::*`\n --> src/map/tests.rs:1:5\n  |\n1 | use super::*;\n  |     ^^^^^^^^\n\nwarning: unused import: `std::string::String`\n --> src/map/tests.rs:2:5\n  |\n2 | use std::string::String;\n  |     ^^^^^^^^^^^^^^^^^^^\n\nwarning: unused macro definition: `move_index_oob`\n   --> src/map/tests.rs:817:14\n    |\n817 | macro_rules! move_index_oob {\n    |              ^^^^^^^^^^^^^^\n    |\n    = note: `#[warn(unused_macros)]` on by default\n\nwarning: unused import: `super::*`\n   --> src/set/slice.rs:334:9\n    |\n334 |     use super::*;\n    |         ^^^^^^^^\n\nwarning: unused import: `super::*`\n --> src/set/tests.rs:1:5\n  |\n1 | use super::*;\n  |     ^^^^^^^^\n\nwarning: unused import: `std::string::String`\n --> src/set/tests.rs:2:5\n  |\n2 | use std::string::String;\n  |     ^^^^^^^^^^^^^^^^^^^\n\nerror[E0061]: this function takes 2 arguments but 1 argument was supplied\n   --> src/map/core/entry.rs:592:22\n    |\n592 |                 map: RefMut::new(&mut self.entries),\n    |                      ^^^^^^^^^^^ ----------------- argument #1 of type `&mut HashTable<usize>` is missing\n    |\nnote: associated function defined here\n   --> src/map/core.rs:539:8\n    |\n539 |     fn new(indices: &'a mut Indices, entries: &'a mut Entries<K, V>) -> Self {\n    |        ^^^ ------------------------  ------------------------------\nhelp: provide the argument\n    |\n592 |                 map: RefMut::new(/* &mut HashTable<usize> */, &mut self.entries),\n    |                                 ~~~~~~~~~~~~~~~~~~~~~~~~~~~~~~~~~~~~~~~~~~~~~~~~\n\nerror[E0599]: no function or associated item named `new` found for struct `HashValue` in the current scope\n   --> src/map/core/entry.rs:593:34\n    |\n593 |                 hash: HashValue::new(2),\n    |                                  ^^^ function or associated item not found in `HashValue`\n    |\n   ::: src/lib.rs:139:1\n    |\n139 | struct HashValue(usize);\n    | ---------------- function or associated item `new` not found for this struct\n    |\nhelp: there is a method `ne` with a similar name\n    |\n593 |                 hash: HashValue::ne(2),\n    |                                  ~~\n\nwarning: unused variable: `result`\n   --> src/map/core/entry.rs:604:9\n    |\n604 |     let result = vacant_entry.insert(default_value);\n    |         ^^^^^^ help: if this is intentional, prefix it with an underscore: `_result`\n    |\n    = note: `#[warn(unused_variables)]` on by default\n\nwarning: unused variable: `result`\n   --> src/map/core/entry.rs:606:9\n    |\n606 |     let result = vacant_entry.insert(default_value);\n    |         ^^^^^^ help: if this is intentional, prefix it with an underscore: `_result`\n\nerror[E0382]: use of moved value: `key`\n   --> src/map/core/entry.rs:605:46\n    |\n600 |     let key = String::from(\"another_key\");\n    |         --- move occurs because `key` has type `String`, which does not implement the `Copy` trait\n...\n603 |     let vacant_entry = test_map.vacant_entry(key);\n    |                                              --- value moved here\n604 |     let result = vacant_entry.insert(default_value);\n605 |     let vacant_entry = test_map.vacant_entry(key);\n    |                                              ^^^ value used here after move\n    |\nnote: consider changing this parameter type in method `vacant_entry` to borrow instead if owning the value isn't necessary\n   --> src/map/core/entry.rs:590:41\n    |\n590 |         fn vacant_entry(&mut self, key: String) -> VacantEntry<String, usize> {\n    |            ------------ in this method  ^^^^^^ this parameter takes ownership of the value\nhelp: consider cloning the value if the performance cost is acceptable\n    |\n603 |     let vacant_entry = test_map.vacant_entry(key.clone());\n    |                                                 ++++++++\n\nSome errors have detailed explanations: E0061, E0382, E0599.\nFor more information about an error, try `rustc --explain E0061`.\nwarning: `indexmap` (lib test) generated 11 warnings\nerror: could not compile `indexmap` (lib test) due to 3 previous errors; 11 warnings emitted\n"
                },
                {
                  "Err": "   Compiling libc v0.2.172\n   Compiling proc-macro2 v1.0.95\n   Compiling getrandom v0.3.2\n   Compiling zerocopy v0.8.25\n   Compiling syn v1.0.109\n   Compiling quote v1.0.40\n   Compiling syn v2.0.101\n   Compiling getrandom v0.2.16\n   Compiling rand_core v0.6.4\n   Compiling rand_core v0.9.3\n   Compiling rand v0.8.5\n   Compiling quickcheck v1.0.3\n   Compiling ppv-lite86 v0.2.21\n   Compiling rand_chacha v0.9.0\n   Compiling rand v0.9.1\n   Compiling serde_derive v1.0.219\n   Compiling ntest_timeout v0.9.3\n   Compiling ntest_test_cases v0.9.3\n   Compiling ntest v0.9.3\n   Compiling indexmap v2.9.0 (/home/abezbm/rust-utgen-test-crates-new/indexmap)\nwarning: unused import: `ntest::timeout`\n   --> src/map/core/entry.rs:575:8\n    |\n575 |    use ntest::timeout;\n    |        ^^^^^^^^^^^^^^\n    |\n    = note: `#[warn(unused_imports)]` on by default\n\nwarning: hidden lifetime parameters in types are deprecated\n   --> src/map/core/entry.rs:590:63\n    |\n590 |         fn vacant_entry(&mut self, key: String) -> VacantEntry<String, usize> {\n    |                                                    -----------^-------------- expected lifetime parameter\n    |\nnote: the lint level is defined here\n   --> src/lib.rs:3:9\n    |\n3   | #![warn(rust_2018_idioms)]\n    |         ^^^^^^^^^^^^^^^^\n    = note: `#[warn(elided_lifetimes_in_paths)]` implied by `#[warn(rust_2018_idioms)]`\nhelp: indicate the anonymous lifetime\n    |\n590 |         fn vacant_entry(&mut self, key: String) -> VacantEntry<'_, String, usize> {\n    |                                                                +++\n\nwarning: unused import: `super::*`\n   --> src/map/slice.rs:520:9\n    |\n520 |     use super::*;\n    |         ^^^^^^^^\n\nwarning: unused import: `super::*`\n --> src/map/tests.rs:1:5\n  |\n1 | use super::*;\n  |     ^^^^^^^^\n\nwarning: unused import: `std::string::String`\n --> src/map/tests.rs:2:5\n  |\n2 | use std::string::String;\n  |     ^^^^^^^^^^^^^^^^^^^\n\nwarning: unused macro definition: `move_index_oob`\n   --> src/map/tests.rs:817:14\n    |\n817 | macro_rules! move_index_oob {\n    |              ^^^^^^^^^^^^^^\n    |\n    = note: `#[warn(unused_macros)]` on by default\n\nwarning: unused import: `super::*`\n   --> src/set/slice.rs:334:9\n    |\n334 |     use super::*;\n    |         ^^^^^^^^\n\nwarning: unused import: `super::*`\n --> src/set/tests.rs:1:5\n  |\n1 | use super::*;\n  |     ^^^^^^^^\n\nwarning: unused import: `std::string::String`\n --> src/set/tests.rs:2:5\n  |\n2 | use std::string::String;\n  |     ^^^^^^^^^^^^^^^^^^^\n\nerror[E0599]: no method named `contains_key` found for struct `Vec<Bucket<String, usize>>` in the current scope\n   --> src/map/core/entry.rs:607:30\n    |\n607 |     assert!(test_map.entries.contains_key(&key));\n    |                              ^^^^^^^^^^^^\n    |\nhelp: there is a method `contains` with a similar name\n    |\n607 |     assert!(test_map.entries.contains(&key));\n    |                              ~~~~~~~~\n\nerror[E0061]: this function takes 2 arguments but 1 argument was supplied\n   --> src/map/core/entry.rs:592:22\n    |\n592 |                 map: RefMut::new(&mut self.entries),\n    |                      ^^^^^^^^^^^ ----------------- argument #1 of type `&mut HashTable<usize>` is missing\n    |\nnote: associated function defined here\n   --> src/map/core.rs:539:8\n    |\n539 |     fn new(indices: &'a mut Indices, entries: &'a mut Entries<K, V>) -> Self {\n    |        ^^^ ------------------------  ------------------------------\nhelp: provide the argument\n    |\n592 |                 map: RefMut::new(/* &mut HashTable<usize> */, &mut self.entries),\n    |                                 ~~~~~~~~~~~~~~~~~~~~~~~~~~~~~~~~~~~~~~~~~~~~~~~~\n\nerror[E0599]: no function or associated item named `new` found for struct `HashValue` in the current scope\n   --> src/map/core/entry.rs:593:34\n    |\n593 |                 hash: HashValue::new(2),\n    |                                  ^^^ function or associated item not found in `HashValue`\n    |\n   ::: src/lib.rs:139:1\n    |\n139 | struct HashValue(usize);\n    | ---------------- function or associated item `new` not found for this struct\n    |\nhelp: there is a method `ne` with a similar name\n    |\n593 |                 hash: HashValue::ne(2),\n    |                                  ~~\n\nSome errors have detailed explanations: E0061, E0599.\nFor more information about an error, try `rustc --explain E0061`.\nwarning: `indexmap` (lib test) generated 9 warnings\nerror: could not compile `indexmap` (lib test) due to 3 previous errors; 9 warnings emitted\n"
                }
              ],
              "repaired": [
                false,
                false,
                false
              ]
            },
            {
              "attrs": [],
              "prefix": [
                "{",
                "    struct TestMap {",
                "        entries: Entries<String, usize>,",
                "    }",
                "",
                "    impl TestMap {",
                "        fn new() -> Self {",
                "            Self {",
                "                entries: Entries::new(),",
                "            }",
                "        }",
                "",
                "        fn vacant_entry(&mut self, key: String, hash: HashValue) -> VacantEntry<String, usize> {",
                "            VacantEntry {",
                "                map: RefMut::new(&mut self.entries),",
                "                hash,",
                "                key,",
                "            }",
                "        }",
                "    }",
                "",
                "    let mut test_map = TestMap::new();",
                "    let key = String::from(\"key_with_hash\");",
                "    let default_value = 7;",
                "    let hash_value = HashValue::new(3);",
                "",
                "    let vacant_entry = test_map.vacant_entry(key, hash_value);",
                "    let result = vacant_entry.insert(default_value);",
                "}"
              ],
              "oracles": [
                [
                  "    let vacant_entry = test_map.vacant_entry(key, hash_value);",
                  "    let result = vacant_entry.insert(default_value);",
                  "    assert_eq!(*result, default_value);"
                ],
                [
                  "    let vacant_entry = test_map.vacant_entry(key, hash_value);",
                  "    let result = vacant_entry.insert(default_value);",
                  "    assert_eq!(test_map.entries.len(), 1);"
                ],
                [
                  "    let vacant_entry = test_map.vacant_entry(key, hash_value);",
                  "    let result = vacant_entry.insert(default_value);",
                  "    assert!(test_map.entries.contains_key(&key));"
                ]
              ],
              "codes": [
                [
                  "{",
                  "    struct TestMap {",
                  "        entries: Entries<String, usize>,",
                  "    }",
                  "",
                  "    impl TestMap {",
                  "        fn new() -> Self {",
                  "            Self {",
                  "                entries: Entries::new(),",
                  "            }",
                  "        }",
                  "",
                  "        fn vacant_entry(&mut self, key: String, hash: HashValue) -> VacantEntry<String, usize> {",
                  "            VacantEntry {",
                  "                map: RefMut::new(&mut self.entries),",
                  "                hash,",
                  "                key,",
                  "            }",
                  "        }",
                  "    }",
                  "",
                  "    let mut test_map = TestMap::new();",
                  "    let key = String::from(\"key_with_hash\");",
                  "    let default_value = 7;",
                  "    let hash_value = HashValue::new(3);",
                  "",
                  "    let vacant_entry = test_map.vacant_entry(key, hash_value);",
                  "    let result = vacant_entry.insert(default_value);",
                  "    let vacant_entry = test_map.vacant_entry(key, hash_value);",
                  "    let result = vacant_entry.insert(default_value);",
                  "    assert_eq!(*result, default_value);",
                  "}"
                ],
                [
                  "{",
                  "    struct TestMap {",
                  "        entries: Entries<String, usize>,",
                  "    }",
                  "",
                  "    impl TestMap {",
                  "        fn new() -> Self {",
                  "            Self {",
                  "                entries: Entries::new(),",
                  "            }",
                  "        }",
                  "",
                  "        fn vacant_entry(&mut self, key: String, hash: HashValue) -> VacantEntry<String, usize> {",
                  "            VacantEntry {",
                  "                map: RefMut::new(&mut self.entries),",
                  "                hash,",
                  "                key,",
                  "            }",
                  "        }",
                  "    }",
                  "",
                  "    let mut test_map = TestMap::new();",
                  "    let key = String::from(\"key_with_hash\");",
                  "    let default_value = 7;",
                  "    let hash_value = HashValue::new(3);",
                  "",
                  "    let vacant_entry = test_map.vacant_entry(key, hash_value);",
                  "    let result = vacant_entry.insert(default_value);",
                  "    let vacant_entry = test_map.vacant_entry(key, hash_value);",
                  "    let result = vacant_entry.insert(default_value);",
                  "    assert_eq!(test_map.entries.len(), 1);",
                  "}"
                ],
                [
                  "{",
                  "    struct TestMap {",
                  "        entries: Entries<String, usize>,",
                  "    }",
                  "",
                  "    impl TestMap {",
                  "        fn new() -> Self {",
                  "            Self {",
                  "                entries: Entries::new(),",
                  "            }",
                  "        }",
                  "",
                  "        fn vacant_entry(&mut self, key: String, hash: HashValue) -> VacantEntry<String, usize> {",
                  "            VacantEntry {",
                  "                map: RefMut::new(&mut self.entries),",
                  "                hash,",
                  "                key,",
                  "            }",
                  "        }",
                  "    }",
                  "",
                  "    let mut test_map = TestMap::new();",
                  "    let key = String::from(\"key_with_hash\");",
                  "    let default_value = 7;",
                  "    let hash_value = HashValue::new(3);",
                  "",
                  "    let vacant_entry = test_map.vacant_entry(key, hash_value);",
                  "    let result = vacant_entry.insert(default_value);",
                  "    let vacant_entry = test_map.vacant_entry(key, hash_value);",
                  "    let result = vacant_entry.insert(default_value);",
                  "    assert!(test_map.entries.contains_key(&key));",
                  "}"
                ]
              ],
              "can_compile": [
                {
                  "Err": "   Compiling libc v0.2.172\n   Compiling proc-macro2 v1.0.95\n   Compiling zerocopy v0.8.25\n   Compiling syn v1.0.109\n   Compiling getrandom v0.3.2\n   Compiling quote v1.0.40\n   Compiling syn v2.0.101\n   Compiling getrandom v0.2.16\n   Compiling rand_core v0.6.4\n   Compiling rand_core v0.9.3\n   Compiling rand v0.8.5\n   Compiling quickcheck v1.0.3\n   Compiling ppv-lite86 v0.2.21\n   Compiling rand_chacha v0.9.0\n   Compiling rand v0.9.1\n   Compiling serde_derive v1.0.219\n   Compiling ntest_timeout v0.9.3\n   Compiling ntest_test_cases v0.9.3\n   Compiling ntest v0.9.3\n   Compiling indexmap v2.9.0 (/home/abezbm/rust-utgen-test-crates-new/indexmap)\nwarning: unused import: `ntest::timeout`\n   --> src/map/core/entry.rs:575:8\n    |\n575 |    use ntest::timeout;\n    |        ^^^^^^^^^^^^^^\n    |\n    = note: `#[warn(unused_imports)]` on by default\n\nwarning: hidden lifetime parameters in types are deprecated\n   --> src/map/core/entry.rs:590:80\n    |\n590 |         fn vacant_entry(&mut self, key: String, hash: HashValue) -> VacantEntry<String, usize> {\n    |                                                                     -----------^-------------- expected lifetime parameter\n    |\nnote: the lint level is defined here\n   --> src/lib.rs:3:9\n    |\n3   | #![warn(rust_2018_idioms)]\n    |         ^^^^^^^^^^^^^^^^\n    = note: `#[warn(elided_lifetimes_in_paths)]` implied by `#[warn(rust_2018_idioms)]`\nhelp: indicate the anonymous lifetime\n    |\n590 |         fn vacant_entry(&mut self, key: String, hash: HashValue) -> VacantEntry<'_, String, usize> {\n    |                                                                                 +++\n\nwarning: unused import: `super::*`\n   --> src/map/slice.rs:520:9\n    |\n520 |     use super::*;\n    |         ^^^^^^^^\n\nwarning: unused import: `super::*`\n --> src/map/tests.rs:1:5\n  |\n1 | use super::*;\n  |     ^^^^^^^^\n\nwarning: unused import: `std::string::String`\n --> src/map/tests.rs:2:5\n  |\n2 | use std::string::String;\n  |     ^^^^^^^^^^^^^^^^^^^\n\nwarning: unused macro definition: `move_index_oob`\n   --> src/map/tests.rs:817:14\n    |\n817 | macro_rules! move_index_oob {\n    |              ^^^^^^^^^^^^^^\n    |\n    = note: `#[warn(unused_macros)]` on by default\n\nwarning: unused import: `super::*`\n   --> src/set/slice.rs:334:9\n    |\n334 |     use super::*;\n    |         ^^^^^^^^\n\nwarning: unused import: `super::*`\n --> src/set/tests.rs:1:5\n  |\n1 | use super::*;\n  |     ^^^^^^^^\n\nwarning: unused import: `std::string::String`\n --> src/set/tests.rs:2:5\n  |\n2 | use std::string::String;\n  |     ^^^^^^^^^^^^^^^^^^^\n\nerror[E0599]: no function or associated item named `new` found for struct `HashValue` in the current scope\n   --> src/map/core/entry.rs:602:33\n    |\n602 |     let hash_value = HashValue::new(3);\n    |                                 ^^^ function or associated item not found in `HashValue`\n    |\n   ::: src/lib.rs:139:1\n    |\n139 | struct HashValue(usize);\n    | ---------------- function or associated item `new` not found for this struct\n    |\nhelp: there is a method `ne` with a similar name\n    |\n602 |     let hash_value = HashValue::ne(3);\n    |                                 ~~\n\nerror[E0061]: this function takes 2 arguments but 1 argument was supplied\n   --> src/map/core/entry.rs:592:22\n    |\n592 |                 map: RefMut::new(&mut self.entries),\n    |                      ^^^^^^^^^^^ ----------------- argument #1 of type `&mut HashTable<usize>` is missing\n    |\nnote: associated function defined here\n   --> src/map/core.rs:539:8\n    |\n539 |     fn new(indices: &'a mut Indices, entries: &'a mut Entries<K, V>) -> Self {\n    |        ^^^ ------------------------  ------------------------------\nhelp: provide the argument\n    |\n592 |                 map: RefMut::new(/* &mut HashTable<usize> */, &mut self.entries),\n    |                                 ~~~~~~~~~~~~~~~~~~~~~~~~~~~~~~~~~~~~~~~~~~~~~~~~\n\nSome errors have detailed explanations: E0061, E0599.\nFor more information about an error, try `rustc --explain E0061`.\nwarning: `indexmap` (lib test) generated 9 warnings\nerror: could not compile `indexmap` (lib test) due to 2 previous errors; 9 warnings emitted\n"
                },
                {
                  "Err": "   Compiling libc v0.2.172\n   Compiling proc-macro2 v1.0.95\n   Compiling getrandom v0.3.2\n   Compiling zerocopy v0.8.25\n   Compiling syn v1.0.109\n   Compiling quote v1.0.40\n   Compiling syn v2.0.101\n   Compiling getrandom v0.2.16\n   Compiling rand_core v0.6.4\n   Compiling rand_core v0.9.3\n   Compiling rand v0.8.5\n   Compiling quickcheck v1.0.3\n   Compiling ppv-lite86 v0.2.21\n   Compiling rand_chacha v0.9.0\n   Compiling rand v0.9.1\n   Compiling serde_derive v1.0.219\n   Compiling ntest_test_cases v0.9.3\n   Compiling ntest_timeout v0.9.3\n   Compiling ntest v0.9.3\n   Compiling indexmap v2.9.0 (/home/abezbm/rust-utgen-test-crates-new/indexmap)\nwarning: unused import: `ntest::timeout`\n   --> src/map/core/entry.rs:575:8\n    |\n575 |    use ntest::timeout;\n    |        ^^^^^^^^^^^^^^\n    |\n    = note: `#[warn(unused_imports)]` on by default\n\nwarning: hidden lifetime parameters in types are deprecated\n   --> src/map/core/entry.rs:590:80\n    |\n590 |         fn vacant_entry(&mut self, key: String, hash: HashValue) -> VacantEntry<String, usize> {\n    |                                                                     -----------^-------------- expected lifetime parameter\n    |\nnote: the lint level is defined here\n   --> src/lib.rs:3:9\n    |\n3   | #![warn(rust_2018_idioms)]\n    |         ^^^^^^^^^^^^^^^^\n    = note: `#[warn(elided_lifetimes_in_paths)]` implied by `#[warn(rust_2018_idioms)]`\nhelp: indicate the anonymous lifetime\n    |\n590 |         fn vacant_entry(&mut self, key: String, hash: HashValue) -> VacantEntry<'_, String, usize> {\n    |                                                                                 +++\n\nwarning: unused import: `super::*`\n   --> src/map/slice.rs:520:9\n    |\n520 |     use super::*;\n    |         ^^^^^^^^\n\nwarning: unused import: `super::*`\n --> src/map/tests.rs:1:5\n  |\n1 | use super::*;\n  |     ^^^^^^^^\n\nwarning: unused import: `std::string::String`\n --> src/map/tests.rs:2:5\n  |\n2 | use std::string::String;\n  |     ^^^^^^^^^^^^^^^^^^^\n\nwarning: unused macro definition: `move_index_oob`\n   --> src/map/tests.rs:817:14\n    |\n817 | macro_rules! move_index_oob {\n    |              ^^^^^^^^^^^^^^\n    |\n    = note: `#[warn(unused_macros)]` on by default\n\nwarning: unused import: `super::*`\n   --> src/set/slice.rs:334:9\n    |\n334 |     use super::*;\n    |         ^^^^^^^^\n\nwarning: unused import: `super::*`\n --> src/set/tests.rs:1:5\n  |\n1 | use super::*;\n  |     ^^^^^^^^\n\nwarning: unused import: `std::string::String`\n --> src/set/tests.rs:2:5\n  |\n2 | use std::string::String;\n  |     ^^^^^^^^^^^^^^^^^^^\n\nerror[E0599]: no function or associated item named `new` found for struct `HashValue` in the current scope\n   --> src/map/core/entry.rs:602:33\n    |\n602 |     let hash_value = HashValue::new(3);\n    |                                 ^^^ function or associated item not found in `HashValue`\n    |\n   ::: src/lib.rs:139:1\n    |\n139 | struct HashValue(usize);\n    | ---------------- function or associated item `new` not found for this struct\n    |\nhelp: there is a method `ne` with a similar name\n    |\n602 |     let hash_value = HashValue::ne(3);\n    |                                 ~~\n\nerror[E0061]: this function takes 2 arguments but 1 argument was supplied\n   --> src/map/core/entry.rs:592:22\n    |\n592 |                 map: RefMut::new(&mut self.entries),\n    |                      ^^^^^^^^^^^ ----------------- argument #1 of type `&mut HashTable<usize>` is missing\n    |\nnote: associated function defined here\n   --> src/map/core.rs:539:8\n    |\n539 |     fn new(indices: &'a mut Indices, entries: &'a mut Entries<K, V>) -> Self {\n    |        ^^^ ------------------------  ------------------------------\nhelp: provide the argument\n    |\n592 |                 map: RefMut::new(/* &mut HashTable<usize> */, &mut self.entries),\n    |                                 ~~~~~~~~~~~~~~~~~~~~~~~~~~~~~~~~~~~~~~~~~~~~~~~~\n\nSome errors have detailed explanations: E0061, E0599.\nFor more information about an error, try `rustc --explain E0061`.\nwarning: `indexmap` (lib test) generated 9 warnings\nerror: could not compile `indexmap` (lib test) due to 2 previous errors; 9 warnings emitted\n"
                },
                {
                  "Err": "   Compiling libc v0.2.172\n   Compiling proc-macro2 v1.0.95\n   Compiling zerocopy v0.8.25\n   Compiling getrandom v0.3.2\n   Compiling syn v1.0.109\n   Compiling quote v1.0.40\n   Compiling syn v2.0.101\n   Compiling getrandom v0.2.16\n   Compiling rand_core v0.6.4\n   Compiling rand_core v0.9.3\n   Compiling rand v0.8.5\n   Compiling quickcheck v1.0.3\n   Compiling ppv-lite86 v0.2.21\n   Compiling rand_chacha v0.9.0\n   Compiling rand v0.9.1\n   Compiling serde_derive v1.0.219\n   Compiling ntest_timeout v0.9.3\n   Compiling ntest_test_cases v0.9.3\n   Compiling ntest v0.9.3\n   Compiling indexmap v2.9.0 (/home/abezbm/rust-utgen-test-crates-new/indexmap)\nwarning: unused import: `ntest::timeout`\n   --> src/map/core/entry.rs:575:8\n    |\n575 |    use ntest::timeout;\n    |        ^^^^^^^^^^^^^^\n    |\n    = note: `#[warn(unused_imports)]` on by default\n\nwarning: hidden lifetime parameters in types are deprecated\n   --> src/map/core/entry.rs:590:80\n    |\n590 |         fn vacant_entry(&mut self, key: String, hash: HashValue) -> VacantEntry<String, usize> {\n    |                                                                     -----------^-------------- expected lifetime parameter\n    |\nnote: the lint level is defined here\n   --> src/lib.rs:3:9\n    |\n3   | #![warn(rust_2018_idioms)]\n    |         ^^^^^^^^^^^^^^^^\n    = note: `#[warn(elided_lifetimes_in_paths)]` implied by `#[warn(rust_2018_idioms)]`\nhelp: indicate the anonymous lifetime\n    |\n590 |         fn vacant_entry(&mut self, key: String, hash: HashValue) -> VacantEntry<'_, String, usize> {\n    |                                                                                 +++\n\nwarning: unused import: `super::*`\n   --> src/map/slice.rs:520:9\n    |\n520 |     use super::*;\n    |         ^^^^^^^^\n\nwarning: unused import: `super::*`\n --> src/map/tests.rs:1:5\n  |\n1 | use super::*;\n  |     ^^^^^^^^\n\nwarning: unused import: `std::string::String`\n --> src/map/tests.rs:2:5\n  |\n2 | use std::string::String;\n  |     ^^^^^^^^^^^^^^^^^^^\n\nwarning: unused macro definition: `move_index_oob`\n   --> src/map/tests.rs:817:14\n    |\n817 | macro_rules! move_index_oob {\n    |              ^^^^^^^^^^^^^^\n    |\n    = note: `#[warn(unused_macros)]` on by default\n\nwarning: unused import: `super::*`\n   --> src/set/slice.rs:334:9\n    |\n334 |     use super::*;\n    |         ^^^^^^^^\n\nwarning: unused import: `super::*`\n --> src/set/tests.rs:1:5\n  |\n1 | use super::*;\n  |     ^^^^^^^^\n\nwarning: unused import: `std::string::String`\n --> src/set/tests.rs:2:5\n  |\n2 | use std::string::String;\n  |     ^^^^^^^^^^^^^^^^^^^\n\nerror[E0599]: no function or associated item named `new` found for struct `HashValue` in the current scope\n   --> src/map/core/entry.rs:602:33\n    |\n602 |     let hash_value = HashValue::new(3);\n    |                                 ^^^ function or associated item not found in `HashValue`\n    |\n   ::: src/lib.rs:139:1\n    |\n139 | struct HashValue(usize);\n    | ---------------- function or associated item `new` not found for this struct\n    |\nhelp: there is a method `ne` with a similar name\n    |\n602 |     let hash_value = HashValue::ne(3);\n    |                                 ~~\n\nerror[E0599]: no method named `contains_key` found for struct `Vec<Bucket<String, usize>>` in the current scope\n   --> src/map/core/entry.rs:608:30\n    |\n608 |     assert!(test_map.entries.contains_key(&key));\n    |                              ^^^^^^^^^^^^\n    |\nhelp: there is a method `contains` with a similar name\n    |\n608 |     assert!(test_map.entries.contains(&key));\n    |                              ~~~~~~~~\n\nerror[E0061]: this function takes 2 arguments but 1 argument was supplied\n   --> src/map/core/entry.rs:592:22\n    |\n592 |                 map: RefMut::new(&mut self.entries),\n    |                      ^^^^^^^^^^^ ----------------- argument #1 of type `&mut HashTable<usize>` is missing\n    |\nnote: associated function defined here\n   --> src/map/core.rs:539:8\n    |\n539 |     fn new(indices: &'a mut Indices, entries: &'a mut Entries<K, V>) -> Self {\n    |        ^^^ ------------------------  ------------------------------\nhelp: provide the argument\n    |\n592 |                 map: RefMut::new(/* &mut HashTable<usize> */, &mut self.entries),\n    |                                 ~~~~~~~~~~~~~~~~~~~~~~~~~~~~~~~~~~~~~~~~~~~~~~~~\n\nSome errors have detailed explanations: E0061, E0599.\nFor more information about an error, try `rustc --explain E0061`.\nwarning: `indexmap` (lib test) generated 9 warnings\nerror: could not compile `indexmap` (lib test) due to 3 previous errors; 9 warnings emitted\n"
                }
              ],
              "repaired": [
                false,
                false,
                false
              ]
            }
          ]
        }
      ]
    },
    {
      "chain_id": 2,
      "prompt_conds": [
        "// constraint: self matches Entry::Occupied(entry) is true\n",
        "// constraint: self matches Entry::Occupied(entry) is true\n",
        "// expected return value/type: match self {\n            Entry::Occupied(entry) => entry.into_mut(),\n            Entry::Vacant(entry) => entry.insert(default),\n        }\n"
      ],
      "input_infer": "0 <= self.index() <= MAX_INDEX, K != NULL, V != NULL, default != NULL\n",
      "answers": [
        {
          "uses": [],
          "has_test_mod": false,
          "common": [],
          "chain_tests": [
            {
              "attrs": [],
              "prefix": [
                "{",
                "    struct Key(i32);",
                "    struct Value(String);",
                "    let mut entries = Entries::<Key, Value>::new();",
                "    ",
                "    let index = entries.insert(Key(1), Value(\"existing\".to_string()));",
                "    let occupied_entry = Entry::Occupied(OccupiedEntry::new(&mut entries, index));",
                "",
                "    let result = occupied_entry.or_insert(Value(\"default\".to_string()));",
                "}"
              ],
              "oracles": [
                [
                  "    let mut entries = Entries::<Key, Value>::new();",
                  "    let index = entries.insert(Key(1), Value(\"existing\".to_string()));",
                  "    let occupied_entry = Entry::Occupied(OccupiedEntry::new(&mut entries, index));",
                  "    let result = occupied_entry.or_insert(Value(\"default\".to_string()));",
                  "    assert_eq!(result, &mut Value(\"existing\".to_string()));"
                ],
                [
                  "    let mut entries = Entries::<Key, Value>::new();",
                  "    let index = entries.insert(Key(1), Value(\"existing\".to_string()));",
                  "    let occupied_entry = Entry::Occupied(OccupiedEntry::new(&mut entries, index));",
                  "    let result = occupied_entry.or_insert(Value(\"default\".to_string()));",
                  "    assert_eq!(entries.get(&Key(1)), Some(&Value(\"existing\".to_string())));"
                ]
              ],
              "codes": [
                [
                  "{",
                  "    struct Key(i32);",
                  "    struct Value(String);",
                  "    let mut entries = Entries::<Key, Value>::new();",
                  "    ",
                  "    let index = entries.insert(Key(1), Value(\"existing\".to_string()));",
                  "    let occupied_entry = Entry::Occupied(OccupiedEntry::new(&mut entries, index));",
                  "",
                  "    let result = occupied_entry.or_insert(Value(\"default\".to_string()));",
                  "    let mut entries = Entries::<Key, Value>::new();",
                  "    let index = entries.insert(Key(1), Value(\"existing\".to_string()));",
                  "    let occupied_entry = Entry::Occupied(OccupiedEntry::new(&mut entries, index));",
                  "    let result = occupied_entry.or_insert(Value(\"default\".to_string()));",
                  "    assert_eq!(result, &mut Value(\"existing\".to_string()));",
                  "}"
                ],
                [
                  "{",
                  "    struct Key(i32);",
                  "    struct Value(String);",
                  "    let mut entries = Entries::<Key, Value>::new();",
                  "    ",
                  "    let index = entries.insert(Key(1), Value(\"existing\".to_string()));",
                  "    let occupied_entry = Entry::Occupied(OccupiedEntry::new(&mut entries, index));",
                  "",
                  "    let result = occupied_entry.or_insert(Value(\"default\".to_string()));",
                  "    let mut entries = Entries::<Key, Value>::new();",
                  "    let index = entries.insert(Key(1), Value(\"existing\".to_string()));",
                  "    let occupied_entry = Entry::Occupied(OccupiedEntry::new(&mut entries, index));",
                  "    let result = occupied_entry.or_insert(Value(\"default\".to_string()));",
                  "    assert_eq!(entries.get(&Key(1)), Some(&Value(\"existing\".to_string())));",
                  "}"
                ]
              ],
              "can_compile": [
                {
                  "Err": "   Compiling libc v0.2.172\n   Compiling proc-macro2 v1.0.95\n   Compiling zerocopy v0.8.25\n   Compiling getrandom v0.3.2\n   Compiling syn v1.0.109\n   Compiling quote v1.0.40\n   Compiling syn v2.0.101\n   Compiling getrandom v0.2.16\n   Compiling rand_core v0.9.3\n   Compiling rand_core v0.6.4\n   Compiling rand v0.8.5\n   Compiling quickcheck v1.0.3\n   Compiling ppv-lite86 v0.2.21\n   Compiling rand_chacha v0.9.0\n   Compiling rand v0.9.1\n   Compiling serde_derive v1.0.219\n   Compiling ntest_timeout v0.9.3\n   Compiling ntest_test_cases v0.9.3\n   Compiling ntest v0.9.3\n   Compiling indexmap v2.9.0 (/home/abezbm/rust-utgen-test-crates-new/indexmap)\nwarning: unused import: `ntest::timeout`\n   --> src/map/core/entry.rs:575:8\n    |\n575 |    use ntest::timeout;\n    |        ^^^^^^^^^^^^^^\n    |\n    = note: `#[warn(unused_imports)]` on by default\n\nwarning: unused import: `super::*`\n   --> src/map/slice.rs:520:9\n    |\n520 |     use super::*;\n    |         ^^^^^^^^\n\nwarning: unused import: `super::*`\n --> src/map/tests.rs:1:5\n  |\n1 | use super::*;\n  |     ^^^^^^^^\n\nwarning: unused import: `std::string::String`\n --> src/map/tests.rs:2:5\n  |\n2 | use std::string::String;\n  |     ^^^^^^^^^^^^^^^^^^^\n\nwarning: unused macro definition: `move_index_oob`\n   --> src/map/tests.rs:817:14\n    |\n817 | macro_rules! move_index_oob {\n    |              ^^^^^^^^^^^^^^\n    |\n    = note: `#[warn(unused_macros)]` on by default\n\nwarning: unused import: `super::*`\n   --> src/set/slice.rs:334:9\n    |\n334 |     use super::*;\n    |         ^^^^^^^^\n\nwarning: unused import: `super::*`\n --> src/set/tests.rs:1:5\n  |\n1 | use super::*;\n  |     ^^^^^^^^\n\nwarning: unused import: `std::string::String`\n --> src/set/tests.rs:2:5\n  |\n2 | use std::string::String;\n  |     ^^^^^^^^^^^^^^^^^^^\n\nerror[E0308]: arguments to this method are incorrect\n    --> src/map/core/entry.rs:583:25\n     |\n583  |     let index = entries.insert(Key(1), Value(\"existing\".to_string()));\n     |                         ^^^^^^ ------ expected `usize`, found `Key`\n     |\nnote: expected `Bucket<Key, Value>`, found `Value`\n    --> src/map/core/entry.rs:583:40\n     |\n583  |     let index = entries.insert(Key(1), Value(\"existing\".to_string()));\n     |                                        ^^^^^^^^^^^^^^^^^^^^^^^^^^^^^\n     = note: expected struct `Bucket<Key, Value>`\n                found struct `Value`\nnote: method defined here\n    --> /home/abezbm/.rustup/toolchains/nightly-2024-07-21-x86_64-unknown-linux-gnu/lib/rustlib/src/rust/library/alloc/src/vec/mod.rs:1566:12\n     |\n1566 |     pub fn insert(&mut self, index: usize, element: T) {\n     |            ^^^^^^\n\nerror[E0308]: mismatched types\n   --> src/map/core/entry.rs:584:75\n    |\n584 |     let occupied_entry = Entry::Occupied(OccupiedEntry::new(&mut entries, index));\n    |                                          ------------------               ^^^^^ expected `OccupiedEntry<'_, usize>`, found `()`\n    |                                          |\n    |                                          arguments to this function are incorrect\n    |\n    = note: expected struct `hashbrown::hash_table::OccupiedEntry<'_, usize>`\n            found unit type `()`\nnote: associated function defined here\n   --> src/map/core/entry.rs:152:19\n    |\n152 |     pub(crate) fn new(\n    |                   ^^^\n153 |         entries: &'a mut Entries<K, V>,\n154 |         index: hash_table::OccupiedEntry<'a, usize>,\n    |         -------------------------------------------\n\nerror[E0308]: arguments to this method are incorrect\n    --> src/map/core/entry.rs:588:25\n     |\n588  |     let index = entries.insert(Key(1), Value(\"existing\".to_string()));\n     |                         ^^^^^^ ------ expected `usize`, found `Key`\n     |\nnote: expected `Bucket<Key, Value>`, found `Value`\n    --> src/map/core/entry.rs:588:40\n     |\n588  |     let index = entries.insert(Key(1), Value(\"existing\".to_string()));\n     |                                        ^^^^^^^^^^^^^^^^^^^^^^^^^^^^^\n     = note: expected struct `Bucket<Key, Value>`\n                found struct `Value`\nnote: method defined here\n    --> /home/abezbm/.rustup/toolchains/nightly-2024-07-21-x86_64-unknown-linux-gnu/lib/rustlib/src/rust/library/alloc/src/vec/mod.rs:1566:12\n     |\n1566 |     pub fn insert(&mut self, index: usize, element: T) {\n     |            ^^^^^^\n\nerror[E0308]: mismatched types\n   --> src/map/core/entry.rs:589:75\n    |\n589 |     let occupied_entry = Entry::Occupied(OccupiedEntry::new(&mut entries, index));\n    |                                          ------------------               ^^^^^ expected `OccupiedEntry<'_, usize>`, found `()`\n    |                                          |\n    |                                          arguments to this function are incorrect\n    |\n    = note: expected struct `hashbrown::hash_table::OccupiedEntry<'_, usize>`\n            found unit type `()`\nnote: associated function defined here\n   --> src/map/core/entry.rs:152:19\n    |\n152 |     pub(crate) fn new(\n    |                   ^^^\n153 |         entries: &'a mut Entries<K, V>,\n154 |         index: hash_table::OccupiedEntry<'a, usize>,\n    |         -------------------------------------------\n\nerror[E0369]: binary operation `==` cannot be applied to type `&mut Value`\n   --> src/map/core/entry.rs:591:5\n    |\n591 |     assert_eq!(result, &mut Value(\"existing\".to_string()));\n    |     ^^^^^^^^^^^^^^^^^^^^^^^^^^^^^^^^^^^^^^^^^^^^^^^^^^^^^^\n    |     |\n    |     &mut Value\n    |     &mut Value\n    |\nnote: an implementation of `PartialEq` might be missing for `Value`\n   --> src/map/core/entry.rs:580:5\n    |\n580 |     struct Value(String);\n    |     ^^^^^^^^^^^^ must implement `PartialEq`\n    = note: this error originates in the macro `assert_eq` (in Nightly builds, run with -Z macro-backtrace for more info)\nhelp: consider annotating `Value` with `#[derive(PartialEq)]`\n    |\n580 +     #[derive(PartialEq)]\n581 |     struct Value(String);\n    |\n\nerror[E0277]: `Value` doesn't implement `Debug`\n   --> src/map/core/entry.rs:591:5\n    |\n591 |     assert_eq!(result, &mut Value(\"existing\".to_string()));\n    |     ^^^^^^^^^^^^^^^^^^^^^^^^^^^^^^^^^^^^^^^^^^^^^^^^^^^^^^ `Value` cannot be formatted using `{:?}`\n    |\n    = help: the trait `Debug` is not implemented for `Value`, which is required by `&mut Value: Debug`\n    = note: add `#[derive(Debug)]` to `Value` or manually `impl Debug for Value`\n    = note: this error originates in the macro `assert_eq` (in Nightly builds, run with -Z macro-backtrace for more info)\nhelp: consider annotating `Value` with `#[derive(Debug)]`\n    |\n580 +     #[derive(Debug)]\n581 |     struct Value(String);\n    |\n\nSome errors have detailed explanations: E0277, E0308, E0369.\nFor more information about an error, try `rustc --explain E0277`.\nwarning: `indexmap` (lib test) generated 8 warnings\nerror: could not compile `indexmap` (lib test) due to 7 previous errors; 8 warnings emitted\n"
                },
                {
                  "Err": "   Compiling libc v0.2.172\n   Compiling proc-macro2 v1.0.95\n   Compiling syn v1.0.109\n   Compiling getrandom v0.3.2\n   Compiling zerocopy v0.8.25\n   Compiling quote v1.0.40\n   Compiling syn v2.0.101\n   Compiling getrandom v0.2.16\n   Compiling rand_core v0.9.3\n   Compiling rand_core v0.6.4\n   Compiling rand v0.8.5\n   Compiling quickcheck v1.0.3\n   Compiling ppv-lite86 v0.2.21\n   Compiling rand_chacha v0.9.0\n   Compiling rand v0.9.1\n   Compiling serde_derive v1.0.219\n   Compiling ntest_test_cases v0.9.3\n   Compiling ntest_timeout v0.9.3\n   Compiling ntest v0.9.3\n   Compiling indexmap v2.9.0 (/home/abezbm/rust-utgen-test-crates-new/indexmap)\nwarning: unused import: `ntest::timeout`\n   --> src/map/core/entry.rs:575:8\n    |\n575 |    use ntest::timeout;\n    |        ^^^^^^^^^^^^^^\n    |\n    = note: `#[warn(unused_imports)]` on by default\n\nwarning: unused import: `super::*`\n   --> src/map/slice.rs:520:9\n    |\n520 |     use super::*;\n    |         ^^^^^^^^\n\nwarning: unused import: `super::*`\n --> src/map/tests.rs:1:5\n  |\n1 | use super::*;\n  |     ^^^^^^^^\n\nwarning: unused import: `std::string::String`\n --> src/map/tests.rs:2:5\n  |\n2 | use std::string::String;\n  |     ^^^^^^^^^^^^^^^^^^^\n\nwarning: unused macro definition: `move_index_oob`\n   --> src/map/tests.rs:817:14\n    |\n817 | macro_rules! move_index_oob {\n    |              ^^^^^^^^^^^^^^\n    |\n    = note: `#[warn(unused_macros)]` on by default\n\nwarning: unused import: `super::*`\n   --> src/set/slice.rs:334:9\n    |\n334 |     use super::*;\n    |         ^^^^^^^^\n\nwarning: unused import: `super::*`\n --> src/set/tests.rs:1:5\n  |\n1 | use super::*;\n  |     ^^^^^^^^\n\nwarning: unused import: `std::string::String`\n --> src/set/tests.rs:2:5\n  |\n2 | use std::string::String;\n  |     ^^^^^^^^^^^^^^^^^^^\n\nerror[E0308]: arguments to this method are incorrect\n    --> src/map/core/entry.rs:583:25\n     |\n583  |     let index = entries.insert(Key(1), Value(\"existing\".to_string()));\n     |                         ^^^^^^ ------ expected `usize`, found `Key`\n     |\nnote: expected `Bucket<Key, Value>`, found `Value`\n    --> src/map/core/entry.rs:583:40\n     |\n583  |     let index = entries.insert(Key(1), Value(\"existing\".to_string()));\n     |                                        ^^^^^^^^^^^^^^^^^^^^^^^^^^^^^\n     = note: expected struct `Bucket<Key, Value>`\n                found struct `Value`\nnote: method defined here\n    --> /home/abezbm/.rustup/toolchains/nightly-2024-07-21-x86_64-unknown-linux-gnu/lib/rustlib/src/rust/library/alloc/src/vec/mod.rs:1566:12\n     |\n1566 |     pub fn insert(&mut self, index: usize, element: T) {\n     |            ^^^^^^\n\nerror[E0308]: mismatched types\n   --> src/map/core/entry.rs:584:75\n    |\n584 |     let occupied_entry = Entry::Occupied(OccupiedEntry::new(&mut entries, index));\n    |                                          ------------------               ^^^^^ expected `OccupiedEntry<'_, usize>`, found `()`\n    |                                          |\n    |                                          arguments to this function are incorrect\n    |\n    = note: expected struct `hashbrown::hash_table::OccupiedEntry<'_, usize>`\n            found unit type `()`\nnote: associated function defined here\n   --> src/map/core/entry.rs:152:19\n    |\n152 |     pub(crate) fn new(\n    |                   ^^^\n153 |         entries: &'a mut Entries<K, V>,\n154 |         index: hash_table::OccupiedEntry<'a, usize>,\n    |         -------------------------------------------\n\nerror[E0308]: arguments to this method are incorrect\n    --> src/map/core/entry.rs:588:25\n     |\n588  |     let index = entries.insert(Key(1), Value(\"existing\".to_string()));\n     |                         ^^^^^^ ------ expected `usize`, found `Key`\n     |\nnote: expected `Bucket<Key, Value>`, found `Value`\n    --> src/map/core/entry.rs:588:40\n     |\n588  |     let index = entries.insert(Key(1), Value(\"existing\".to_string()));\n     |                                        ^^^^^^^^^^^^^^^^^^^^^^^^^^^^^\n     = note: expected struct `Bucket<Key, Value>`\n                found struct `Value`\nnote: method defined here\n    --> /home/abezbm/.rustup/toolchains/nightly-2024-07-21-x86_64-unknown-linux-gnu/lib/rustlib/src/rust/library/alloc/src/vec/mod.rs:1566:12\n     |\n1566 |     pub fn insert(&mut self, index: usize, element: T) {\n     |            ^^^^^^\n\nerror[E0308]: mismatched types\n   --> src/map/core/entry.rs:589:75\n    |\n589 |     let occupied_entry = Entry::Occupied(OccupiedEntry::new(&mut entries, index));\n    |                                          ------------------               ^^^^^ expected `OccupiedEntry<'_, usize>`, found `()`\n    |                                          |\n    |                                          arguments to this function are incorrect\n    |\n    = note: expected struct `hashbrown::hash_table::OccupiedEntry<'_, usize>`\n            found unit type `()`\nnote: associated function defined here\n   --> src/map/core/entry.rs:152:19\n    |\n152 |     pub(crate) fn new(\n    |                   ^^^\n153 |         entries: &'a mut Entries<K, V>,\n154 |         index: hash_table::OccupiedEntry<'a, usize>,\n    |         -------------------------------------------\n\nerror[E0277]: the type `[Bucket<Key, Value>]` cannot be indexed by `&Key`\n   --> src/map/core/entry.rs:591:28\n    |\n591 |     assert_eq!(entries.get(&Key(1)), Some(&Value(\"existing\".to_string())));\n    |                        --- ^^^^^^^ slice indices are of type `usize` or ranges of `usize`\n    |                        |\n    |                        required by a bound introduced by this call\n    |\n    = help: the trait `SliceIndex<[Bucket<Key, Value>]>` is not implemented for `&Key`\nnote: required by a bound in `core::slice::<impl [T]>::get`\n   --> /home/abezbm/.rustup/toolchains/nightly-2024-07-21-x86_64-unknown-linux-gnu/lib/rustlib/src/rust/library/core/src/slice/mod.rs:614:12\n    |\n612 |     pub fn get<I>(&self, index: I) -> Option<&I::Output>\n    |            --- required by a bound in this associated function\n613 |     where\n614 |         I: SliceIndex<Self>,\n    |            ^^^^^^^^^^^^^^^^ required by this bound in `core::slice::<impl [T]>::get`\n\nerror[E0277]: can't compare `Value` with `Value`\n   --> src/map/core/entry.rs:591:5\n    |\n591 |     assert_eq!(entries.get(&Key(1)), Some(&Value(\"existing\".to_string())));\n    |     ^^^^^^^^^^^^^^^^^^^^^^^^^^^^^^^^^^^^^^^^^^^^^^^^^^^^^^^^^^^^^^^^^^^^^^ no implementation for `Value == Value`\n    |\n    = help: the trait `PartialEq` is not implemented for `Value`, which is required by `Option<&_>: PartialEq<_>`\n    = note: required for `&Value` to implement `PartialEq`\n    = note: 1 redundant requirement hidden\n    = note: required for `Option<&Value>` to implement `PartialEq`\n    = note: this error originates in the macro `assert_eq` (in Nightly builds, run with -Z macro-backtrace for more info)\nhelp: consider annotating `Value` with `#[derive(PartialEq)]`\n    |\n580 +     #[derive(PartialEq)]\n581 |     struct Value(String);\n    |\n\nerror[E0277]: `Value` doesn't implement `Debug`\n   --> src/map/core/entry.rs:591:5\n    |\n591 |     assert_eq!(entries.get(&Key(1)), Some(&Value(\"existing\".to_string())));\n    |     ^^^^^^^^^^^^^^^^^^^^^^^^^^^^^^^^^^^^^^^^^^^^^^^^^^^^^^^^^^^^^^^^^^^^^^ `Value` cannot be formatted using `{:?}`\n    |\n    = help: the trait `Debug` is not implemented for `Value`, which is required by `Option<&Value>: Debug`\n    = note: add `#[derive(Debug)]` to `Value` or manually `impl Debug for Value`\n    = help: the trait `Debug` is implemented for `Option<T>`\n    = note: this error originates in the macro `assert_eq` (in Nightly builds, run with -Z macro-backtrace for more info)\nhelp: consider annotating `Value` with `#[derive(Debug)]`\n    |\n580 +     #[derive(Debug)]\n581 |     struct Value(String);\n    |\n\nSome errors have detailed explanations: E0277, E0308.\nFor more information about an error, try `rustc --explain E0277`.\nwarning: `indexmap` (lib test) generated 8 warnings\nerror: could not compile `indexmap` (lib test) due to 8 previous errors; 8 warnings emitted\n"
                }
              ],
              "repaired": [
                false,
                false
              ]
            },
            {
              "attrs": [],
              "prefix": [
                "{",
                "    struct Key(i32);",
                "    struct Value(String);",
                "    let mut entries = Entries::<Key, Value>::new();",
                "",
                "    let vacant_entry = Entry::Vacant(VacantEntry {",
                "        map: RefMut::new(&mut entries),",
                "        hash: HashValue::new(),",
                "        key: Key(2),",
                "    });",
                "",
                "    let result = vacant_entry.or_insert(Value(\"default\".to_string()));",
                "}"
              ],
              "oracles": [
                [
                  "    let vacant_entry = Entry::Vacant(VacantEntry { map: RefMut::new(&mut entries), hash: HashValue::new(), key: Key(2) });",
                  "    let result = vacant_entry.or_insert(Value(\"default\".to_string()));",
                  "    assert_eq!(result, &mut Value(\"default\".to_string()));"
                ],
                [
                  "    let vacant_entry = Entry::Vacant(VacantEntry { map: RefMut::new(&mut entries), hash: HashValue::new(), key: Key(2) });",
                  "    let result = vacant_entry.or_insert(Value(\"default\".to_string()));",
                  "    assert!(entries.contains_key(&Key(2)));"
                ],
                [
                  "    let vacant_entry = Entry::Vacant(VacantEntry { map: RefMut::new(&mut entries), hash: HashValue::new(), key: Key(2) });",
                  "    let result = vacant_entry.or_insert(Value(\"default\".to_string()));",
                  "    assert_eq!(entries.get(&Key(2)).unwrap(), &Value(\"default\".to_string()));"
                ],
                [
                  "    let vacant_entry = Entry::Vacant(VacantEntry { map: RefMut::new(&mut entries), hash: HashValue::new(), key: Key(2) });",
                  "    let result = vacant_entry.or_insert(Value(\"default\".to_string()));",
                  "    assert_eq!(entries.len(), 1);"
                ],
                [
                  "    let vacant_entry = Entry::Vacant(VacantEntry { map: RefMut::new(&mut entries), hash: HashValue::new(), key: Key(2) });",
                  "    let result = vacant_entry.or_insert(Value(\"default\".to_string()));",
                  "    assert!(matches!(vacant_entry, Entry::Vacant(_)));"
                ]
              ],
              "codes": [
                [
                  "{",
                  "    struct Key(i32);",
                  "    struct Value(String);",
                  "    let mut entries = Entries::<Key, Value>::new();",
                  "",
                  "    let vacant_entry = Entry::Vacant(VacantEntry {",
                  "        map: RefMut::new(&mut entries),",
                  "        hash: HashValue::new(),",
                  "        key: Key(2),",
                  "    });",
                  "",
                  "    let result = vacant_entry.or_insert(Value(\"default\".to_string()));",
                  "    let vacant_entry = Entry::Vacant(VacantEntry { map: RefMut::new(&mut entries), hash: HashValue::new(), key: Key(2) });",
                  "    let result = vacant_entry.or_insert(Value(\"default\".to_string()));",
                  "    assert_eq!(result, &mut Value(\"default\".to_string()));",
                  "}"
                ],
                [
                  "{",
                  "    struct Key(i32);",
                  "    struct Value(String);",
                  "    let mut entries = Entries::<Key, Value>::new();",
                  "",
                  "    let vacant_entry = Entry::Vacant(VacantEntry {",
                  "        map: RefMut::new(&mut entries),",
                  "        hash: HashValue::new(),",
                  "        key: Key(2),",
                  "    });",
                  "",
                  "    let result = vacant_entry.or_insert(Value(\"default\".to_string()));",
                  "    let vacant_entry = Entry::Vacant(VacantEntry { map: RefMut::new(&mut entries), hash: HashValue::new(), key: Key(2) });",
                  "    let result = vacant_entry.or_insert(Value(\"default\".to_string()));",
                  "    assert!(entries.contains_key(&Key(2)));",
                  "}"
                ],
                [
                  "{",
                  "    struct Key(i32);",
                  "    struct Value(String);",
                  "    let mut entries = Entries::<Key, Value>::new();",
                  "",
                  "    let vacant_entry = Entry::Vacant(VacantEntry {",
                  "        map: RefMut::new(&mut entries),",
                  "        hash: HashValue::new(),",
                  "        key: Key(2),",
                  "    });",
                  "",
                  "    let result = vacant_entry.or_insert(Value(\"default\".to_string()));",
                  "    let vacant_entry = Entry::Vacant(VacantEntry { map: RefMut::new(&mut entries), hash: HashValue::new(), key: Key(2) });",
                  "    let result = vacant_entry.or_insert(Value(\"default\".to_string()));",
                  "    assert_eq!(entries.get(&Key(2)).unwrap(), &Value(\"default\".to_string()));",
                  "}"
                ],
                [
                  "{",
                  "    struct Key(i32);",
                  "    struct Value(String);",
                  "    let mut entries = Entries::<Key, Value>::new();",
                  "",
                  "    let vacant_entry = Entry::Vacant(VacantEntry {",
                  "        map: RefMut::new(&mut entries),",
                  "        hash: HashValue::new(),",
                  "        key: Key(2),",
                  "    });",
                  "",
                  "    let result = vacant_entry.or_insert(Value(\"default\".to_string()));",
                  "    let vacant_entry = Entry::Vacant(VacantEntry { map: RefMut::new(&mut entries), hash: HashValue::new(), key: Key(2) });",
                  "    let result = vacant_entry.or_insert(Value(\"default\".to_string()));",
                  "    assert_eq!(entries.len(), 1);",
                  "}"
                ],
                [
                  "{",
                  "    struct Key(i32);",
                  "    struct Value(String);",
                  "    let mut entries = Entries::<Key, Value>::new();",
                  "",
                  "    let vacant_entry = Entry::Vacant(VacantEntry {",
                  "        map: RefMut::new(&mut entries),",
                  "        hash: HashValue::new(),",
                  "        key: Key(2),",
                  "    });",
                  "",
                  "    let result = vacant_entry.or_insert(Value(\"default\".to_string()));",
                  "    let vacant_entry = Entry::Vacant(VacantEntry { map: RefMut::new(&mut entries), hash: HashValue::new(), key: Key(2) });",
                  "    let result = vacant_entry.or_insert(Value(\"default\".to_string()));",
                  "    assert!(matches!(vacant_entry, Entry::Vacant(_)));",
                  "}"
                ]
              ],
              "can_compile": [
                {
                  "Err": "   Compiling libc v0.2.172\n   Compiling proc-macro2 v1.0.95\n   Compiling zerocopy v0.8.25\n   Compiling getrandom v0.3.2\n   Compiling syn v1.0.109\n   Compiling quote v1.0.40\n   Compiling syn v2.0.101\n   Compiling getrandom v0.2.16\n   Compiling rand_core v0.6.4\n   Compiling rand_core v0.9.3\n   Compiling rand v0.8.5\n   Compiling quickcheck v1.0.3\n   Compiling ppv-lite86 v0.2.21\n   Compiling rand_chacha v0.9.0\n   Compiling rand v0.9.1\n   Compiling serde_derive v1.0.219\n   Compiling ntest_timeout v0.9.3\n   Compiling ntest_test_cases v0.9.3\n   Compiling ntest v0.9.3\n   Compiling indexmap v2.9.0 (/home/abezbm/rust-utgen-test-crates-new/indexmap)\nwarning: unused import: `ntest::timeout`\n   --> src/map/core/entry.rs:575:8\n    |\n575 |    use ntest::timeout;\n    |        ^^^^^^^^^^^^^^\n    |\n    = note: `#[warn(unused_imports)]` on by default\n\nwarning: unused import: `super::*`\n   --> src/map/slice.rs:520:9\n    |\n520 |     use super::*;\n    |         ^^^^^^^^\n\nwarning: unused import: `super::*`\n --> src/map/tests.rs:1:5\n  |\n1 | use super::*;\n  |     ^^^^^^^^\n\nwarning: unused import: `std::string::String`\n --> src/map/tests.rs:2:5\n  |\n2 | use std::string::String;\n  |     ^^^^^^^^^^^^^^^^^^^\n\nwarning: unused macro definition: `move_index_oob`\n   --> src/map/tests.rs:817:14\n    |\n817 | macro_rules! move_index_oob {\n    |              ^^^^^^^^^^^^^^\n    |\n    = note: `#[warn(unused_macros)]` on by default\n\nwarning: unused import: `super::*`\n   --> src/set/slice.rs:334:9\n    |\n334 |     use super::*;\n    |         ^^^^^^^^\n\nwarning: unused import: `super::*`\n --> src/set/tests.rs:1:5\n  |\n1 | use super::*;\n  |     ^^^^^^^^\n\nwarning: unused import: `std::string::String`\n --> src/set/tests.rs:2:5\n  |\n2 | use std::string::String;\n  |     ^^^^^^^^^^^^^^^^^^^\n\nerror[E0061]: this function takes 2 arguments but 1 argument was supplied\n   --> src/map/core/entry.rs:584:14\n    |\n584 |         map: RefMut::new(&mut entries),\n    |              ^^^^^^^^^^^ ------------ argument #1 of type `&mut HashTable<usize>` is missing\n    |\nnote: associated function defined here\n   --> src/map/core.rs:539:8\n    |\n539 |     fn new(indices: &'a mut Indices, entries: &'a mut Entries<K, V>) -> Self {\n    |        ^^^ ------------------------  ------------------------------\nhelp: provide the argument\n    |\n584 |         map: RefMut::new(/* &mut HashTable<usize> */, &mut entries),\n    |                         ~~~~~~~~~~~~~~~~~~~~~~~~~~~~~~~~~~~~~~~~~~~\n\nerror[E0599]: no function or associated item named `new` found for struct `HashValue` in the current scope\n   --> src/map/core/entry.rs:585:26\n    |\n585 |         hash: HashValue::new(),\n    |                          ^^^ function or associated item not found in `HashValue`\n    |\n   ::: src/lib.rs:139:1\n    |\n139 | struct HashValue(usize);\n    | ---------------- function or associated item `new` not found for this struct\n    |\nhelp: there is a method `ne` with a similar name, but with different arguments\n   --> /home/abezbm/.rustup/toolchains/nightly-2024-07-21-x86_64-unknown-linux-gnu/lib/rustlib/src/rust/library/core/src/cmp.rs:262:5\n    |\n262 |     fn ne(&self, other: &Rhs) -> bool {\n    |     ^^^^^^^^^^^^^^^^^^^^^^^^^^^^^^^^^\n\nerror[E0061]: this function takes 2 arguments but 1 argument was supplied\n   --> src/map/core/entry.rs:590:57\n    |\n590 |     let vacant_entry = Entry::Vacant(VacantEntry { map: RefMut::new(&mut entries), hash: HashValue::new(), key: Key(2) });\n    |                                                         ^^^^^^^^^^^ ------------ argument #1 of type `&mut HashTable<usize>` is missing\n    |\nnote: associated function defined here\n   --> src/map/core.rs:539:8\n    |\n539 |     fn new(indices: &'a mut Indices, entries: &'a mut Entries<K, V>) -> Self {\n    |        ^^^ ------------------------  ------------------------------\nhelp: provide the argument\n    |\n590 |     let vacant_entry = Entry::Vacant(VacantEntry { map: RefMut::new(/* &mut HashTable<usize> */, &mut entries), hash: HashValue::new(), key: Key(2) });\n    |                                                                    ~~~~~~~~~~~~~~~~~~~~~~~~~~~~~~~~~~~~~~~~~~~\n\nerror[E0599]: no function or associated item named `new` found for struct `HashValue` in the current scope\n   --> src/map/core/entry.rs:590:101\n    |\n590 |     let vacant_entry = Entry::Vacant(VacantEntry { map: RefMut::new(&mut entries), hash: HashValue::new(), key: Key(2) });\n    |                                                                                                     ^^^ function or associated item not found in `HashValue`\n    |\n   ::: src/lib.rs:139:1\n    |\n139 | struct HashValue(usize);\n    | ---------------- function or associated item `new` not found for this struct\n    |\nhelp: there is a method `ne` with a similar name, but with different arguments\n   --> /home/abezbm/.rustup/toolchains/nightly-2024-07-21-x86_64-unknown-linux-gnu/lib/rustlib/src/rust/library/core/src/cmp.rs:262:5\n    |\n262 |     fn ne(&self, other: &Rhs) -> bool {\n    |     ^^^^^^^^^^^^^^^^^^^^^^^^^^^^^^^^^\n\nerror[E0369]: binary operation `==` cannot be applied to type `&mut Value`\n   --> src/map/core/entry.rs:592:5\n    |\n592 |     assert_eq!(result, &mut Value(\"default\".to_string()));\n    |     ^^^^^^^^^^^^^^^^^^^^^^^^^^^^^^^^^^^^^^^^^^^^^^^^^^^^^\n    |     |\n    |     &mut Value\n    |     &mut Value\n    |\nnote: an implementation of `PartialEq` might be missing for `Value`\n   --> src/map/core/entry.rs:580:5\n    |\n580 |     struct Value(String);\n    |     ^^^^^^^^^^^^ must implement `PartialEq`\n    = note: this error originates in the macro `assert_eq` (in Nightly builds, run with -Z macro-backtrace for more info)\nhelp: consider annotating `Value` with `#[derive(PartialEq)]`\n    |\n580 +     #[derive(PartialEq)]\n581 |     struct Value(String);\n    |\n\nerror[E0277]: `Value` doesn't implement `Debug`\n   --> src/map/core/entry.rs:592:5\n    |\n592 |     assert_eq!(result, &mut Value(\"default\".to_string()));\n    |     ^^^^^^^^^^^^^^^^^^^^^^^^^^^^^^^^^^^^^^^^^^^^^^^^^^^^^ `Value` cannot be formatted using `{:?}`\n    |\n    = help: the trait `Debug` is not implemented for `Value`, which is required by `&mut Value: Debug`\n    = note: add `#[derive(Debug)]` to `Value` or manually `impl Debug for Value`\n    = note: this error originates in the macro `assert_eq` (in Nightly builds, run with -Z macro-backtrace for more info)\nhelp: consider annotating `Value` with `#[derive(Debug)]`\n    |\n580 +     #[derive(Debug)]\n581 |     struct Value(String);\n    |\n\nSome errors have detailed explanations: E0061, E0277, E0369, E0599.\nFor more information about an error, try `rustc --explain E0061`.\nwarning: `indexmap` (lib test) generated 8 warnings\nerror: could not compile `indexmap` (lib test) due to 7 previous errors; 8 warnings emitted\n"
                },
                {
                  "Err": "   Compiling libc v0.2.172\n   Compiling proc-macro2 v1.0.95\n   Compiling zerocopy v0.8.25\n   Compiling getrandom v0.3.2\n   Compiling syn v1.0.109\n   Compiling quote v1.0.40\n   Compiling syn v2.0.101\n   Compiling getrandom v0.2.16\n   Compiling rand_core v0.9.3\n   Compiling rand_core v0.6.4\n   Compiling rand v0.8.5\n   Compiling quickcheck v1.0.3\n   Compiling ppv-lite86 v0.2.21\n   Compiling rand_chacha v0.9.0\n   Compiling rand v0.9.1\n   Compiling serde_derive v1.0.219\n   Compiling ntest_timeout v0.9.3\n   Compiling ntest_test_cases v0.9.3\n   Compiling ntest v0.9.3\n   Compiling indexmap v2.9.0 (/home/abezbm/rust-utgen-test-crates-new/indexmap)\nwarning: unused import: `ntest::timeout`\n   --> src/map/core/entry.rs:575:8\n    |\n575 |    use ntest::timeout;\n    |        ^^^^^^^^^^^^^^\n    |\n    = note: `#[warn(unused_imports)]` on by default\n\nwarning: unused import: `super::*`\n   --> src/map/slice.rs:520:9\n    |\n520 |     use super::*;\n    |         ^^^^^^^^\n\nwarning: unused import: `super::*`\n --> src/map/tests.rs:1:5\n  |\n1 | use super::*;\n  |     ^^^^^^^^\n\nwarning: unused import: `std::string::String`\n --> src/map/tests.rs:2:5\n  |\n2 | use std::string::String;\n  |     ^^^^^^^^^^^^^^^^^^^\n\nwarning: unused macro definition: `move_index_oob`\n   --> src/map/tests.rs:817:14\n    |\n817 | macro_rules! move_index_oob {\n    |              ^^^^^^^^^^^^^^\n    |\n    = note: `#[warn(unused_macros)]` on by default\n\nwarning: unused import: `super::*`\n   --> src/set/slice.rs:334:9\n    |\n334 |     use super::*;\n    |         ^^^^^^^^\n\nwarning: unused import: `super::*`\n --> src/set/tests.rs:1:5\n  |\n1 | use super::*;\n  |     ^^^^^^^^\n\nwarning: unused import: `std::string::String`\n --> src/set/tests.rs:2:5\n  |\n2 | use std::string::String;\n  |     ^^^^^^^^^^^^^^^^^^^\n\nerror[E0061]: this function takes 2 arguments but 1 argument was supplied\n   --> src/map/core/entry.rs:584:14\n    |\n584 |         map: RefMut::new(&mut entries),\n    |              ^^^^^^^^^^^ ------------ argument #1 of type `&mut HashTable<usize>` is missing\n    |\nnote: associated function defined here\n   --> src/map/core.rs:539:8\n    |\n539 |     fn new(indices: &'a mut Indices, entries: &'a mut Entries<K, V>) -> Self {\n    |        ^^^ ------------------------  ------------------------------\nhelp: provide the argument\n    |\n584 |         map: RefMut::new(/* &mut HashTable<usize> */, &mut entries),\n    |                         ~~~~~~~~~~~~~~~~~~~~~~~~~~~~~~~~~~~~~~~~~~~\n\nerror[E0599]: no function or associated item named `new` found for struct `HashValue` in the current scope\n   --> src/map/core/entry.rs:585:26\n    |\n585 |         hash: HashValue::new(),\n    |                          ^^^ function or associated item not found in `HashValue`\n    |\n   ::: src/lib.rs:139:1\n    |\n139 | struct HashValue(usize);\n    | ---------------- function or associated item `new` not found for this struct\n    |\nhelp: there is a method `ne` with a similar name, but with different arguments\n   --> /home/abezbm/.rustup/toolchains/nightly-2024-07-21-x86_64-unknown-linux-gnu/lib/rustlib/src/rust/library/core/src/cmp.rs:262:5\n    |\n262 |     fn ne(&self, other: &Rhs) -> bool {\n    |     ^^^^^^^^^^^^^^^^^^^^^^^^^^^^^^^^^\n\nerror[E0061]: this function takes 2 arguments but 1 argument was supplied\n   --> src/map/core/entry.rs:590:57\n    |\n590 |     let vacant_entry = Entry::Vacant(VacantEntry { map: RefMut::new(&mut entries), hash: HashValue::new(), key: Key(2) });\n    |                                                         ^^^^^^^^^^^ ------------ argument #1 of type `&mut HashTable<usize>` is missing\n    |\nnote: associated function defined here\n   --> src/map/core.rs:539:8\n    |\n539 |     fn new(indices: &'a mut Indices, entries: &'a mut Entries<K, V>) -> Self {\n    |        ^^^ ------------------------  ------------------------------\nhelp: provide the argument\n    |\n590 |     let vacant_entry = Entry::Vacant(VacantEntry { map: RefMut::new(/* &mut HashTable<usize> */, &mut entries), hash: HashValue::new(), key: Key(2) });\n    |                                                                    ~~~~~~~~~~~~~~~~~~~~~~~~~~~~~~~~~~~~~~~~~~~\n\nerror[E0599]: no function or associated item named `new` found for struct `HashValue` in the current scope\n   --> src/map/core/entry.rs:590:101\n    |\n590 |     let vacant_entry = Entry::Vacant(VacantEntry { map: RefMut::new(&mut entries), hash: HashValue::new(), key: Key(2) });\n    |                                                                                                     ^^^ function or associated item not found in `HashValue`\n    |\n   ::: src/lib.rs:139:1\n    |\n139 | struct HashValue(usize);\n    | ---------------- function or associated item `new` not found for this struct\n    |\nhelp: there is a method `ne` with a similar name, but with different arguments\n   --> /home/abezbm/.rustup/toolchains/nightly-2024-07-21-x86_64-unknown-linux-gnu/lib/rustlib/src/rust/library/core/src/cmp.rs:262:5\n    |\n262 |     fn ne(&self, other: &Rhs) -> bool {\n    |     ^^^^^^^^^^^^^^^^^^^^^^^^^^^^^^^^^\n\nerror[E0599]: no method named `contains_key` found for struct `Vec<Bucket<Key, Value>>` in the current scope\n   --> src/map/core/entry.rs:592:21\n    |\n592 |     assert!(entries.contains_key(&Key(2)));\n    |                     ^^^^^^^^^^^^\n    |\nhelp: there is a method `contains` with a similar name\n    |\n592 |     assert!(entries.contains(&Key(2)));\n    |                     ~~~~~~~~\n\nSome errors have detailed explanations: E0061, E0599.\nFor more information about an error, try `rustc --explain E0061`.\nwarning: `indexmap` (lib test) generated 8 warnings\nerror: could not compile `indexmap` (lib test) due to 5 previous errors; 8 warnings emitted\n"
                },
                {
                  "Err": "   Compiling libc v0.2.172\n   Compiling proc-macro2 v1.0.95\n   Compiling zerocopy v0.8.25\n   Compiling getrandom v0.3.2\n   Compiling syn v1.0.109\n   Compiling quote v1.0.40\n   Compiling syn v2.0.101\n   Compiling getrandom v0.2.16\n   Compiling rand_core v0.6.4\n   Compiling rand_core v0.9.3\n   Compiling rand v0.8.5\n   Compiling quickcheck v1.0.3\n   Compiling ppv-lite86 v0.2.21\n   Compiling rand_chacha v0.9.0\n   Compiling rand v0.9.1\n   Compiling serde_derive v1.0.219\n   Compiling ntest_test_cases v0.9.3\n   Compiling ntest_timeout v0.9.3\n   Compiling ntest v0.9.3\n   Compiling indexmap v2.9.0 (/home/abezbm/rust-utgen-test-crates-new/indexmap)\nwarning: unused import: `ntest::timeout`\n   --> src/map/core/entry.rs:575:8\n    |\n575 |    use ntest::timeout;\n    |        ^^^^^^^^^^^^^^\n    |\n    = note: `#[warn(unused_imports)]` on by default\n\nwarning: unused import: `super::*`\n   --> src/map/slice.rs:520:9\n    |\n520 |     use super::*;\n    |         ^^^^^^^^\n\nwarning: unused import: `super::*`\n --> src/map/tests.rs:1:5\n  |\n1 | use super::*;\n  |     ^^^^^^^^\n\nwarning: unused import: `std::string::String`\n --> src/map/tests.rs:2:5\n  |\n2 | use std::string::String;\n  |     ^^^^^^^^^^^^^^^^^^^\n\nwarning: unused macro definition: `move_index_oob`\n   --> src/map/tests.rs:817:14\n    |\n817 | macro_rules! move_index_oob {\n    |              ^^^^^^^^^^^^^^\n    |\n    = note: `#[warn(unused_macros)]` on by default\n\nwarning: unused import: `super::*`\n   --> src/set/slice.rs:334:9\n    |\n334 |     use super::*;\n    |         ^^^^^^^^\n\nwarning: unused import: `super::*`\n --> src/set/tests.rs:1:5\n  |\n1 | use super::*;\n  |     ^^^^^^^^\n\nwarning: unused import: `std::string::String`\n --> src/set/tests.rs:2:5\n  |\n2 | use std::string::String;\n  |     ^^^^^^^^^^^^^^^^^^^\n\nerror[E0061]: this function takes 2 arguments but 1 argument was supplied\n   --> src/map/core/entry.rs:584:14\n    |\n584 |         map: RefMut::new(&mut entries),\n    |              ^^^^^^^^^^^ ------------ argument #1 of type `&mut HashTable<usize>` is missing\n    |\nnote: associated function defined here\n   --> src/map/core.rs:539:8\n    |\n539 |     fn new(indices: &'a mut Indices, entries: &'a mut Entries<K, V>) -> Self {\n    |        ^^^ ------------------------  ------------------------------\nhelp: provide the argument\n    |\n584 |         map: RefMut::new(/* &mut HashTable<usize> */, &mut entries),\n    |                         ~~~~~~~~~~~~~~~~~~~~~~~~~~~~~~~~~~~~~~~~~~~\n\nerror[E0599]: no function or associated item named `new` found for struct `HashValue` in the current scope\n   --> src/map/core/entry.rs:585:26\n    |\n585 |         hash: HashValue::new(),\n    |                          ^^^ function or associated item not found in `HashValue`\n    |\n   ::: src/lib.rs:139:1\n    |\n139 | struct HashValue(usize);\n    | ---------------- function or associated item `new` not found for this struct\n    |\nhelp: there is a method `ne` with a similar name, but with different arguments\n   --> /home/abezbm/.rustup/toolchains/nightly-2024-07-21-x86_64-unknown-linux-gnu/lib/rustlib/src/rust/library/core/src/cmp.rs:262:5\n    |\n262 |     fn ne(&self, other: &Rhs) -> bool {\n    |     ^^^^^^^^^^^^^^^^^^^^^^^^^^^^^^^^^\n\nerror[E0061]: this function takes 2 arguments but 1 argument was supplied\n   --> src/map/core/entry.rs:590:57\n    |\n590 |     let vacant_entry = Entry::Vacant(VacantEntry { map: RefMut::new(&mut entries), hash: HashValue::new(), key: Key(2) });\n    |                                                         ^^^^^^^^^^^ ------------ argument #1 of type `&mut HashTable<usize>` is missing\n    |\nnote: associated function defined here\n   --> src/map/core.rs:539:8\n    |\n539 |     fn new(indices: &'a mut Indices, entries: &'a mut Entries<K, V>) -> Self {\n    |        ^^^ ------------------------  ------------------------------\nhelp: provide the argument\n    |\n590 |     let vacant_entry = Entry::Vacant(VacantEntry { map: RefMut::new(/* &mut HashTable<usize> */, &mut entries), hash: HashValue::new(), key: Key(2) });\n    |                                                                    ~~~~~~~~~~~~~~~~~~~~~~~~~~~~~~~~~~~~~~~~~~~\n\nerror[E0599]: no function or associated item named `new` found for struct `HashValue` in the current scope\n   --> src/map/core/entry.rs:590:101\n    |\n590 |     let vacant_entry = Entry::Vacant(VacantEntry { map: RefMut::new(&mut entries), hash: HashValue::new(), key: Key(2) });\n    |                                                                                                     ^^^ function or associated item not found in `HashValue`\n    |\n   ::: src/lib.rs:139:1\n    |\n139 | struct HashValue(usize);\n    | ---------------- function or associated item `new` not found for this struct\n    |\nhelp: there is a method `ne` with a similar name, but with different arguments\n   --> /home/abezbm/.rustup/toolchains/nightly-2024-07-21-x86_64-unknown-linux-gnu/lib/rustlib/src/rust/library/core/src/cmp.rs:262:5\n    |\n262 |     fn ne(&self, other: &Rhs) -> bool {\n    |     ^^^^^^^^^^^^^^^^^^^^^^^^^^^^^^^^^\n\nerror[E0277]: the type `[Bucket<Key, Value>]` cannot be indexed by `&Key`\n   --> src/map/core/entry.rs:592:28\n    |\n592 |     assert_eq!(entries.get(&Key(2)).unwrap(), &Value(\"default\".to_string()));\n    |                        --- ^^^^^^^ slice indices are of type `usize` or ranges of `usize`\n    |                        |\n    |                        required by a bound introduced by this call\n    |\n    = help: the trait `SliceIndex<[Bucket<Key, Value>]>` is not implemented for `&Key`\nnote: required by a bound in `core::slice::<impl [T]>::get`\n   --> /home/abezbm/.rustup/toolchains/nightly-2024-07-21-x86_64-unknown-linux-gnu/lib/rustlib/src/rust/library/core/src/slice/mod.rs:614:12\n    |\n612 |     pub fn get<I>(&self, index: I) -> Option<&I::Output>\n    |            --- required by a bound in this associated function\n613 |     where\n614 |         I: SliceIndex<Self>,\n    |            ^^^^^^^^^^^^^^^^ required by this bound in `core::slice::<impl [T]>::get`\n\nerror[E0277]: `Value` doesn't implement `Debug`\n   --> src/map/core/entry.rs:592:5\n    |\n592 |     assert_eq!(entries.get(&Key(2)).unwrap(), &Value(\"default\".to_string()));\n    |     ^^^^^^^^^^^^^^^^^^^^^^^^^^^^^^^^^^^^^^^^^^^^^^^^^^^^^^^^^^^^^^^^^^^^^^^^ `Value` cannot be formatted using `{:?}`\n    |\n    = help: the trait `Debug` is not implemented for `Value`, which is required by `&Value: Debug`\n    = note: add `#[derive(Debug)]` to `Value` or manually `impl Debug for Value`\n    = note: this error originates in the macro `assert_eq` (in Nightly builds, run with -Z macro-backtrace for more info)\nhelp: consider annotating `Value` with `#[derive(Debug)]`\n    |\n580 +     #[derive(Debug)]\n581 |     struct Value(String);\n    |\n\nSome errors have detailed explanations: E0061, E0277, E0599.\nFor more information about an error, try `rustc --explain E0061`.\nwarning: `indexmap` (lib test) generated 8 warnings\nerror: could not compile `indexmap` (lib test) due to 6 previous errors; 8 warnings emitted\n"
                },
                {
                  "Err": "   Compiling libc v0.2.172\n   Compiling proc-macro2 v1.0.95\n   Compiling zerocopy v0.8.25\n   Compiling syn v1.0.109\n   Compiling getrandom v0.3.2\n   Compiling quote v1.0.40\n   Compiling syn v2.0.101\n   Compiling getrandom v0.2.16\n   Compiling rand_core v0.9.3\n   Compiling rand_core v0.6.4\n   Compiling rand v0.8.5\n   Compiling quickcheck v1.0.3\n   Compiling ppv-lite86 v0.2.21\n   Compiling rand_chacha v0.9.0\n   Compiling rand v0.9.1\n   Compiling serde_derive v1.0.219\n   Compiling ntest_timeout v0.9.3\n   Compiling ntest_test_cases v0.9.3\n   Compiling ntest v0.9.3\n   Compiling indexmap v2.9.0 (/home/abezbm/rust-utgen-test-crates-new/indexmap)\nwarning: unused import: `ntest::timeout`\n   --> src/map/core/entry.rs:575:8\n    |\n575 |    use ntest::timeout;\n    |        ^^^^^^^^^^^^^^\n    |\n    = note: `#[warn(unused_imports)]` on by default\n\nwarning: unused import: `super::*`\n   --> src/map/slice.rs:520:9\n    |\n520 |     use super::*;\n    |         ^^^^^^^^\n\nwarning: unused import: `super::*`\n --> src/map/tests.rs:1:5\n  |\n1 | use super::*;\n  |     ^^^^^^^^\n\nwarning: unused import: `std::string::String`\n --> src/map/tests.rs:2:5\n  |\n2 | use std::string::String;\n  |     ^^^^^^^^^^^^^^^^^^^\n\nwarning: unused macro definition: `move_index_oob`\n   --> src/map/tests.rs:817:14\n    |\n817 | macro_rules! move_index_oob {\n    |              ^^^^^^^^^^^^^^\n    |\n    = note: `#[warn(unused_macros)]` on by default\n\nwarning: unused import: `super::*`\n   --> src/set/slice.rs:334:9\n    |\n334 |     use super::*;\n    |         ^^^^^^^^\n\nwarning: unused import: `super::*`\n --> src/set/tests.rs:1:5\n  |\n1 | use super::*;\n  |     ^^^^^^^^\n\nwarning: unused import: `std::string::String`\n --> src/set/tests.rs:2:5\n  |\n2 | use std::string::String;\n  |     ^^^^^^^^^^^^^^^^^^^\n\nerror[E0061]: this function takes 2 arguments but 1 argument was supplied\n   --> src/map/core/entry.rs:584:14\n    |\n584 |         map: RefMut::new(&mut entries),\n    |              ^^^^^^^^^^^ ------------ argument #1 of type `&mut HashTable<usize>` is missing\n    |\nnote: associated function defined here\n   --> src/map/core.rs:539:8\n    |\n539 |     fn new(indices: &'a mut Indices, entries: &'a mut Entries<K, V>) -> Self {\n    |        ^^^ ------------------------  ------------------------------\nhelp: provide the argument\n    |\n584 |         map: RefMut::new(/* &mut HashTable<usize> */, &mut entries),\n    |                         ~~~~~~~~~~~~~~~~~~~~~~~~~~~~~~~~~~~~~~~~~~~\n\nerror[E0599]: no function or associated item named `new` found for struct `HashValue` in the current scope\n   --> src/map/core/entry.rs:585:26\n    |\n585 |         hash: HashValue::new(),\n    |                          ^^^ function or associated item not found in `HashValue`\n    |\n   ::: src/lib.rs:139:1\n    |\n139 | struct HashValue(usize);\n    | ---------------- function or associated item `new` not found for this struct\n    |\nhelp: there is a method `ne` with a similar name, but with different arguments\n   --> /home/abezbm/.rustup/toolchains/nightly-2024-07-21-x86_64-unknown-linux-gnu/lib/rustlib/src/rust/library/core/src/cmp.rs:262:5\n    |\n262 |     fn ne(&self, other: &Rhs) -> bool {\n    |     ^^^^^^^^^^^^^^^^^^^^^^^^^^^^^^^^^\n\nerror[E0061]: this function takes 2 arguments but 1 argument was supplied\n   --> src/map/core/entry.rs:590:57\n    |\n590 |     let vacant_entry = Entry::Vacant(VacantEntry { map: RefMut::new(&mut entries), hash: HashValue::new(), key: Key(2) });\n    |                                                         ^^^^^^^^^^^ ------------ argument #1 of type `&mut HashTable<usize>` is missing\n    |\nnote: associated function defined here\n   --> src/map/core.rs:539:8\n    |\n539 |     fn new(indices: &'a mut Indices, entries: &'a mut Entries<K, V>) -> Self {\n    |        ^^^ ------------------------  ------------------------------\nhelp: provide the argument\n    |\n590 |     let vacant_entry = Entry::Vacant(VacantEntry { map: RefMut::new(/* &mut HashTable<usize> */, &mut entries), hash: HashValue::new(), key: Key(2) });\n    |                                                                    ~~~~~~~~~~~~~~~~~~~~~~~~~~~~~~~~~~~~~~~~~~~\n\nerror[E0599]: no function or associated item named `new` found for struct `HashValue` in the current scope\n   --> src/map/core/entry.rs:590:101\n    |\n590 |     let vacant_entry = Entry::Vacant(VacantEntry { map: RefMut::new(&mut entries), hash: HashValue::new(), key: Key(2) });\n    |                                                                                                     ^^^ function or associated item not found in `HashValue`\n    |\n   ::: src/lib.rs:139:1\n    |\n139 | struct HashValue(usize);\n    | ---------------- function or associated item `new` not found for this struct\n    |\nhelp: there is a method `ne` with a similar name, but with different arguments\n   --> /home/abezbm/.rustup/toolchains/nightly-2024-07-21-x86_64-unknown-linux-gnu/lib/rustlib/src/rust/library/core/src/cmp.rs:262:5\n    |\n262 |     fn ne(&self, other: &Rhs) -> bool {\n    |     ^^^^^^^^^^^^^^^^^^^^^^^^^^^^^^^^^\n\nSome errors have detailed explanations: E0061, E0599.\nFor more information about an error, try `rustc --explain E0061`.\nwarning: `indexmap` (lib test) generated 8 warnings\nerror: could not compile `indexmap` (lib test) due to 4 previous errors; 8 warnings emitted\n"
                },
                {
                  "Err": "   Compiling libc v0.2.172\n   Compiling proc-macro2 v1.0.95\n   Compiling syn v1.0.109\n   Compiling zerocopy v0.8.25\n   Compiling getrandom v0.3.2\n   Compiling quote v1.0.40\n   Compiling syn v2.0.101\n   Compiling getrandom v0.2.16\n   Compiling rand_core v0.6.4\n   Compiling rand_core v0.9.3\n   Compiling rand v0.8.5\n   Compiling quickcheck v1.0.3\n   Compiling ppv-lite86 v0.2.21\n   Compiling rand_chacha v0.9.0\n   Compiling rand v0.9.1\n   Compiling serde_derive v1.0.219\n   Compiling ntest_test_cases v0.9.3\n   Compiling ntest_timeout v0.9.3\n   Compiling ntest v0.9.3\n   Compiling indexmap v2.9.0 (/home/abezbm/rust-utgen-test-crates-new/indexmap)\nwarning: unused import: `ntest::timeout`\n   --> src/map/core/entry.rs:575:8\n    |\n575 |    use ntest::timeout;\n    |        ^^^^^^^^^^^^^^\n    |\n    = note: `#[warn(unused_imports)]` on by default\n\nwarning: unused import: `super::*`\n   --> src/map/slice.rs:520:9\n    |\n520 |     use super::*;\n    |         ^^^^^^^^\n\nwarning: unused import: `super::*`\n --> src/map/tests.rs:1:5\n  |\n1 | use super::*;\n  |     ^^^^^^^^\n\nwarning: unused import: `std::string::String`\n --> src/map/tests.rs:2:5\n  |\n2 | use std::string::String;\n  |     ^^^^^^^^^^^^^^^^^^^\n\nwarning: unused macro definition: `move_index_oob`\n   --> src/map/tests.rs:817:14\n    |\n817 | macro_rules! move_index_oob {\n    |              ^^^^^^^^^^^^^^\n    |\n    = note: `#[warn(unused_macros)]` on by default\n\nwarning: unused import: `super::*`\n   --> src/set/slice.rs:334:9\n    |\n334 |     use super::*;\n    |         ^^^^^^^^\n\nwarning: unused import: `super::*`\n --> src/set/tests.rs:1:5\n  |\n1 | use super::*;\n  |     ^^^^^^^^\n\nwarning: unused import: `std::string::String`\n --> src/set/tests.rs:2:5\n  |\n2 | use std::string::String;\n  |     ^^^^^^^^^^^^^^^^^^^\n\nerror[E0061]: this function takes 2 arguments but 1 argument was supplied\n   --> src/map/core/entry.rs:584:14\n    |\n584 |         map: RefMut::new(&mut entries),\n    |              ^^^^^^^^^^^ ------------ argument #1 of type `&mut HashTable<usize>` is missing\n    |\nnote: associated function defined here\n   --> src/map/core.rs:539:8\n    |\n539 |     fn new(indices: &'a mut Indices, entries: &'a mut Entries<K, V>) -> Self {\n    |        ^^^ ------------------------  ------------------------------\nhelp: provide the argument\n    |\n584 |         map: RefMut::new(/* &mut HashTable<usize> */, &mut entries),\n    |                         ~~~~~~~~~~~~~~~~~~~~~~~~~~~~~~~~~~~~~~~~~~~\n\nerror[E0599]: no function or associated item named `new` found for struct `HashValue` in the current scope\n   --> src/map/core/entry.rs:585:26\n    |\n585 |         hash: HashValue::new(),\n    |                          ^^^ function or associated item not found in `HashValue`\n    |\n   ::: src/lib.rs:139:1\n    |\n139 | struct HashValue(usize);\n    | ---------------- function or associated item `new` not found for this struct\n    |\nhelp: there is a method `ne` with a similar name, but with different arguments\n   --> /home/abezbm/.rustup/toolchains/nightly-2024-07-21-x86_64-unknown-linux-gnu/lib/rustlib/src/rust/library/core/src/cmp.rs:262:5\n    |\n262 |     fn ne(&self, other: &Rhs) -> bool {\n    |     ^^^^^^^^^^^^^^^^^^^^^^^^^^^^^^^^^\n\nerror[E0061]: this function takes 2 arguments but 1 argument was supplied\n   --> src/map/core/entry.rs:590:57\n    |\n590 |     let vacant_entry = Entry::Vacant(VacantEntry { map: RefMut::new(&mut entries), hash: HashValue::new(), key: Key(2) });\n    |                                                         ^^^^^^^^^^^ ------------ argument #1 of type `&mut HashTable<usize>` is missing\n    |\nnote: associated function defined here\n   --> src/map/core.rs:539:8\n    |\n539 |     fn new(indices: &'a mut Indices, entries: &'a mut Entries<K, V>) -> Self {\n    |        ^^^ ------------------------  ------------------------------\nhelp: provide the argument\n    |\n590 |     let vacant_entry = Entry::Vacant(VacantEntry { map: RefMut::new(/* &mut HashTable<usize> */, &mut entries), hash: HashValue::new(), key: Key(2) });\n    |                                                                    ~~~~~~~~~~~~~~~~~~~~~~~~~~~~~~~~~~~~~~~~~~~\n\nerror[E0599]: no function or associated item named `new` found for struct `HashValue` in the current scope\n   --> src/map/core/entry.rs:590:101\n    |\n590 |     let vacant_entry = Entry::Vacant(VacantEntry { map: RefMut::new(&mut entries), hash: HashValue::new(), key: Key(2) });\n    |                                                                                                     ^^^ function or associated item not found in `HashValue`\n    |\n   ::: src/lib.rs:139:1\n    |\n139 | struct HashValue(usize);\n    | ---------------- function or associated item `new` not found for this struct\n    |\nhelp: there is a method `ne` with a similar name, but with different arguments\n   --> /home/abezbm/.rustup/toolchains/nightly-2024-07-21-x86_64-unknown-linux-gnu/lib/rustlib/src/rust/library/core/src/cmp.rs:262:5\n    |\n262 |     fn ne(&self, other: &Rhs) -> bool {\n    |     ^^^^^^^^^^^^^^^^^^^^^^^^^^^^^^^^^\n\nSome errors have detailed explanations: E0061, E0599.\nFor more information about an error, try `rustc --explain E0061`.\nwarning: `indexmap` (lib test) generated 8 warnings\nerror: could not compile `indexmap` (lib test) due to 4 previous errors; 8 warnings emitted\n"
                }
              ],
              "repaired": [
                false,
                false,
                false,
                false,
                false
              ]
            },
            {
              "attrs": [],
              "prefix": [
                "{",
                "    struct Key(i32);",
                "    struct Value(String);",
                "    let mut entries = Entries::<Key, Value>::new();",
                "    ",
                "    let index = entries.insert(Key(3), Value(\"occupying\".to_string()));",
                "    let occupied_entry = Entry::Occupied(OccupiedEntry::new(&mut entries, index));",
                "",
                "    let result = occupied_entry.or_insert(Value(\"fallback\".to_string()));",
                "}"
              ],
              "oracles": [
                [
                  "    let key = Key(3);",
                  "    let value = Value(\"occupying\".to_string());",
                  "    let entries = Entries::<Key, Value>::new();",
                  "    let index = entries.insert(key.clone(), value.clone());",
                  "    let occupied_entry = Entry::Occupied(OccupiedEntry::new(&mut entries, index));",
                  "    let result = occupied_entry.or_insert(Value(\"fallback\".to_string()));",
                  "    assert_eq!(result, &mut value);"
                ],
                [
                  "    let key = Key(3);",
                  "    let value = Value(\"occupying\".to_string());",
                  "    let entries = Entries::<Key, Value>::new();",
                  "    let index = entries.insert(key.clone(), value.clone());",
                  "    let occupied_entry = Entry::Occupied(OccupiedEntry::new(&mut entries, index));",
                  "    let result = occupied_entry.or_insert(Value(\"fallback\".to_string()));",
                  "    assert_eq!(entries.get(&key).unwrap(), &value);"
                ]
              ],
              "codes": [
                [
                  "{",
                  "    struct Key(i32);",
                  "    struct Value(String);",
                  "    let mut entries = Entries::<Key, Value>::new();",
                  "    ",
                  "    let index = entries.insert(Key(3), Value(\"occupying\".to_string()));",
                  "    let occupied_entry = Entry::Occupied(OccupiedEntry::new(&mut entries, index));",
                  "",
                  "    let result = occupied_entry.or_insert(Value(\"fallback\".to_string()));",
                  "    let key = Key(3);",
                  "    let value = Value(\"occupying\".to_string());",
                  "    let entries = Entries::<Key, Value>::new();",
                  "    let index = entries.insert(key.clone(), value.clone());",
                  "    let occupied_entry = Entry::Occupied(OccupiedEntry::new(&mut entries, index));",
                  "    let result = occupied_entry.or_insert(Value(\"fallback\".to_string()));",
                  "    assert_eq!(result, &mut value);",
                  "}"
                ],
                [
                  "{",
                  "    struct Key(i32);",
                  "    struct Value(String);",
                  "    let mut entries = Entries::<Key, Value>::new();",
                  "    ",
                  "    let index = entries.insert(Key(3), Value(\"occupying\".to_string()));",
                  "    let occupied_entry = Entry::Occupied(OccupiedEntry::new(&mut entries, index));",
                  "",
                  "    let result = occupied_entry.or_insert(Value(\"fallback\".to_string()));",
                  "    let key = Key(3);",
                  "    let value = Value(\"occupying\".to_string());",
                  "    let entries = Entries::<Key, Value>::new();",
                  "    let index = entries.insert(key.clone(), value.clone());",
                  "    let occupied_entry = Entry::Occupied(OccupiedEntry::new(&mut entries, index));",
                  "    let result = occupied_entry.or_insert(Value(\"fallback\".to_string()));",
                  "    assert_eq!(entries.get(&key).unwrap(), &value);",
                  "}"
                ]
              ],
              "can_compile": [
                {
                  "Err": "   Compiling libc v0.2.172\n   Compiling proc-macro2 v1.0.95\n   Compiling getrandom v0.3.2\n   Compiling zerocopy v0.8.25\n   Compiling syn v1.0.109\n   Compiling quote v1.0.40\n   Compiling syn v2.0.101\n   Compiling getrandom v0.2.16\n   Compiling rand_core v0.6.4\n   Compiling rand_core v0.9.3\n   Compiling rand v0.8.5\n   Compiling quickcheck v1.0.3\n   Compiling ppv-lite86 v0.2.21\n   Compiling rand_chacha v0.9.0\n   Compiling rand v0.9.1\n   Compiling serde_derive v1.0.219\n   Compiling ntest_test_cases v0.9.3\n   Compiling ntest_timeout v0.9.3\n   Compiling ntest v0.9.3\n   Compiling indexmap v2.9.0 (/home/abezbm/rust-utgen-test-crates-new/indexmap)\nwarning: unused import: `ntest::timeout`\n   --> src/map/core/entry.rs:575:8\n    |\n575 |    use ntest::timeout;\n    |        ^^^^^^^^^^^^^^\n    |\n    = note: `#[warn(unused_imports)]` on by default\n\nwarning: unused import: `super::*`\n   --> src/map/slice.rs:520:9\n    |\n520 |     use super::*;\n    |         ^^^^^^^^\n\nwarning: unused import: `super::*`\n --> src/map/tests.rs:1:5\n  |\n1 | use super::*;\n  |     ^^^^^^^^\n\nwarning: unused import: `std::string::String`\n --> src/map/tests.rs:2:5\n  |\n2 | use std::string::String;\n  |     ^^^^^^^^^^^^^^^^^^^\n\nwarning: unused macro definition: `move_index_oob`\n   --> src/map/tests.rs:817:14\n    |\n817 | macro_rules! move_index_oob {\n    |              ^^^^^^^^^^^^^^\n    |\n    = note: `#[warn(unused_macros)]` on by default\n\nwarning: unused import: `super::*`\n   --> src/set/slice.rs:334:9\n    |\n334 |     use super::*;\n    |         ^^^^^^^^\n\nwarning: unused import: `super::*`\n --> src/set/tests.rs:1:5\n  |\n1 | use super::*;\n  |     ^^^^^^^^\n\nwarning: unused import: `std::string::String`\n --> src/set/tests.rs:2:5\n  |\n2 | use std::string::String;\n  |     ^^^^^^^^^^^^^^^^^^^\n\nerror[E0308]: arguments to this method are incorrect\n    --> src/map/core/entry.rs:583:25\n     |\n583  |     let index = entries.insert(Key(3), Value(\"occupying\".to_string()));\n     |                         ^^^^^^ ------ expected `usize`, found `Key`\n     |\nnote: expected `Bucket<Key, Value>`, found `Value`\n    --> src/map/core/entry.rs:583:40\n     |\n583  |     let index = entries.insert(Key(3), Value(\"occupying\".to_string()));\n     |                                        ^^^^^^^^^^^^^^^^^^^^^^^^^^^^^^\n     = note: expected struct `Bucket<Key, Value>`\n                found struct `Value`\nnote: method defined here\n    --> /home/abezbm/.rustup/toolchains/nightly-2024-07-21-x86_64-unknown-linux-gnu/lib/rustlib/src/rust/library/alloc/src/vec/mod.rs:1566:12\n     |\n1566 |     pub fn insert(&mut self, index: usize, element: T) {\n     |            ^^^^^^\n\nerror[E0308]: mismatched types\n   --> src/map/core/entry.rs:584:75\n    |\n584 |     let occupied_entry = Entry::Occupied(OccupiedEntry::new(&mut entries, index));\n    |                                          ------------------               ^^^^^ expected `OccupiedEntry<'_, usize>`, found `()`\n    |                                          |\n    |                                          arguments to this function are incorrect\n    |\n    = note: expected struct `hashbrown::hash_table::OccupiedEntry<'_, usize>`\n            found unit type `()`\nnote: associated function defined here\n   --> src/map/core/entry.rs:152:19\n    |\n152 |     pub(crate) fn new(\n    |                   ^^^\n153 |         entries: &'a mut Entries<K, V>,\n154 |         index: hash_table::OccupiedEntry<'a, usize>,\n    |         -------------------------------------------\n\nerror[E0599]: no method named `clone` found for struct `Key` in the current scope\n   --> src/map/core/entry.rs:590:36\n    |\n579 |     struct Key(i32);\n    |     ---------- method `clone` not found for this struct\n...\n590 |     let index = entries.insert(key.clone(), value.clone());\n    |                                    ^^^^^ method not found in `Key`\n    |\n    = help: items from traits can only be used if the trait is implemented and in scope\n    = note: the following trait defines an item `clone`, perhaps you need to implement it:\n            candidate #1: `Clone`\n\nerror[E0599]: no method named `clone` found for struct `Value` in the current scope\n   --> src/map/core/entry.rs:590:51\n    |\n580 |     struct Value(String);\n    |     ------------ method `clone` not found for this struct\n...\n590 |     let index = entries.insert(key.clone(), value.clone());\n    |                                                   ^^^^^ method not found in `Value`\n    |\n    = help: items from traits can only be used if the trait is implemented and in scope\n    = note: the following trait defines an item `clone`, perhaps you need to implement it:\n            candidate #1: `Clone`\n\nerror[E0308]: mismatched types\n   --> src/map/core/entry.rs:591:75\n    |\n591 |     let occupied_entry = Entry::Occupied(OccupiedEntry::new(&mut entries, index));\n    |                                          ------------------               ^^^^^ expected `OccupiedEntry<'_, usize>`, found `()`\n    |                                          |\n    |                                          arguments to this function are incorrect\n    |\n    = note: expected struct `hashbrown::hash_table::OccupiedEntry<'_, usize>`\n            found unit type `()`\nnote: associated function defined here\n   --> src/map/core/entry.rs:152:19\n    |\n152 |     pub(crate) fn new(\n    |                   ^^^\n153 |         entries: &'a mut Entries<K, V>,\n154 |         index: hash_table::OccupiedEntry<'a, usize>,\n    |         -------------------------------------------\n\nerror[E0369]: binary operation `==` cannot be applied to type `&mut Value`\n   --> src/map/core/entry.rs:593:5\n    |\n593 |     assert_eq!(result, &mut value);\n    |     ^^^^^^^^^^^^^^^^^^^^^^^^^^^^^^\n    |     |\n    |     &mut Value\n    |     &mut Value\n    |\nnote: an implementation of `PartialEq` might be missing for `Value`\n   --> src/map/core/entry.rs:580:5\n    |\n580 |     struct Value(String);\n    |     ^^^^^^^^^^^^ must implement `PartialEq`\n    = note: this error originates in the macro `assert_eq` (in Nightly builds, run with -Z macro-backtrace for more info)\nhelp: consider annotating `Value` with `#[derive(PartialEq)]`\n    |\n580 +     #[derive(PartialEq)]\n581 |     struct Value(String);\n    |\n\nerror[E0277]: `Value` doesn't implement `Debug`\n   --> src/map/core/entry.rs:593:5\n    |\n593 |     assert_eq!(result, &mut value);\n    |     ^^^^^^^^^^^^^^^^^^^^^^^^^^^^^^ `Value` cannot be formatted using `{:?}`\n    |\n    = help: the trait `Debug` is not implemented for `Value`, which is required by `&mut Value: Debug`\n    = note: add `#[derive(Debug)]` to `Value` or manually `impl Debug for Value`\n    = note: this error originates in the macro `assert_eq` (in Nightly builds, run with -Z macro-backtrace for more info)\nhelp: consider annotating `Value` with `#[derive(Debug)]`\n    |\n580 +     #[derive(Debug)]\n581 |     struct Value(String);\n    |\n\nSome errors have detailed explanations: E0277, E0308, E0369, E0599.\nFor more information about an error, try `rustc --explain E0277`.\nwarning: `indexmap` (lib test) generated 8 warnings\nerror: could not compile `indexmap` (lib test) due to 8 previous errors; 8 warnings emitted\n"
                },
                {
                  "Err": "   Compiling libc v0.2.172\n   Compiling proc-macro2 v1.0.95\n   Compiling zerocopy v0.8.25\n   Compiling getrandom v0.3.2\n   Compiling syn v1.0.109\n   Compiling quote v1.0.40\n   Compiling syn v2.0.101\n   Compiling getrandom v0.2.16\n   Compiling rand_core v0.6.4\n   Compiling rand_core v0.9.3\n   Compiling rand v0.8.5\n   Compiling quickcheck v1.0.3\n   Compiling ppv-lite86 v0.2.21\n   Compiling rand_chacha v0.9.0\n   Compiling rand v0.9.1\n   Compiling serde_derive v1.0.219\n   Compiling ntest_test_cases v0.9.3\n   Compiling ntest_timeout v0.9.3\n   Compiling ntest v0.9.3\n   Compiling indexmap v2.9.0 (/home/abezbm/rust-utgen-test-crates-new/indexmap)\nwarning: unused import: `ntest::timeout`\n   --> src/map/core/entry.rs:575:8\n    |\n575 |    use ntest::timeout;\n    |        ^^^^^^^^^^^^^^\n    |\n    = note: `#[warn(unused_imports)]` on by default\n\nwarning: unused import: `super::*`\n   --> src/map/slice.rs:520:9\n    |\n520 |     use super::*;\n    |         ^^^^^^^^\n\nwarning: unused import: `super::*`\n --> src/map/tests.rs:1:5\n  |\n1 | use super::*;\n  |     ^^^^^^^^\n\nwarning: unused import: `std::string::String`\n --> src/map/tests.rs:2:5\n  |\n2 | use std::string::String;\n  |     ^^^^^^^^^^^^^^^^^^^\n\nwarning: unused macro definition: `move_index_oob`\n   --> src/map/tests.rs:817:14\n    |\n817 | macro_rules! move_index_oob {\n    |              ^^^^^^^^^^^^^^\n    |\n    = note: `#[warn(unused_macros)]` on by default\n\nwarning: unused import: `super::*`\n   --> src/set/slice.rs:334:9\n    |\n334 |     use super::*;\n    |         ^^^^^^^^\n\nwarning: unused import: `super::*`\n --> src/set/tests.rs:1:5\n  |\n1 | use super::*;\n  |     ^^^^^^^^\n\nwarning: unused import: `std::string::String`\n --> src/set/tests.rs:2:5\n  |\n2 | use std::string::String;\n  |     ^^^^^^^^^^^^^^^^^^^\n\nerror[E0308]: arguments to this method are incorrect\n    --> src/map/core/entry.rs:583:25\n     |\n583  |     let index = entries.insert(Key(3), Value(\"occupying\".to_string()));\n     |                         ^^^^^^ ------ expected `usize`, found `Key`\n     |\nnote: expected `Bucket<Key, Value>`, found `Value`\n    --> src/map/core/entry.rs:583:40\n     |\n583  |     let index = entries.insert(Key(3), Value(\"occupying\".to_string()));\n     |                                        ^^^^^^^^^^^^^^^^^^^^^^^^^^^^^^\n     = note: expected struct `Bucket<Key, Value>`\n                found struct `Value`\nnote: method defined here\n    --> /home/abezbm/.rustup/toolchains/nightly-2024-07-21-x86_64-unknown-linux-gnu/lib/rustlib/src/rust/library/alloc/src/vec/mod.rs:1566:12\n     |\n1566 |     pub fn insert(&mut self, index: usize, element: T) {\n     |            ^^^^^^\n\nerror[E0308]: mismatched types\n   --> src/map/core/entry.rs:584:75\n    |\n584 |     let occupied_entry = Entry::Occupied(OccupiedEntry::new(&mut entries, index));\n    |                                          ------------------               ^^^^^ expected `OccupiedEntry<'_, usize>`, found `()`\n    |                                          |\n    |                                          arguments to this function are incorrect\n    |\n    = note: expected struct `hashbrown::hash_table::OccupiedEntry<'_, usize>`\n            found unit type `()`\nnote: associated function defined here\n   --> src/map/core/entry.rs:152:19\n    |\n152 |     pub(crate) fn new(\n    |                   ^^^\n153 |         entries: &'a mut Entries<K, V>,\n154 |         index: hash_table::OccupiedEntry<'a, usize>,\n    |         -------------------------------------------\n\nerror[E0599]: no method named `clone` found for struct `Key` in the current scope\n   --> src/map/core/entry.rs:590:36\n    |\n579 |     struct Key(i32);\n    |     ---------- method `clone` not found for this struct\n...\n590 |     let index = entries.insert(key.clone(), value.clone());\n    |                                    ^^^^^ method not found in `Key`\n    |\n    = help: items from traits can only be used if the trait is implemented and in scope\n    = note: the following trait defines an item `clone`, perhaps you need to implement it:\n            candidate #1: `Clone`\n\nerror[E0599]: no method named `clone` found for struct `Value` in the current scope\n   --> src/map/core/entry.rs:590:51\n    |\n580 |     struct Value(String);\n    |     ------------ method `clone` not found for this struct\n...\n590 |     let index = entries.insert(key.clone(), value.clone());\n    |                                                   ^^^^^ method not found in `Value`\n    |\n    = help: items from traits can only be used if the trait is implemented and in scope\n    = note: the following trait defines an item `clone`, perhaps you need to implement it:\n            candidate #1: `Clone`\n\nerror[E0308]: mismatched types\n   --> src/map/core/entry.rs:591:75\n    |\n591 |     let occupied_entry = Entry::Occupied(OccupiedEntry::new(&mut entries, index));\n    |                                          ------------------               ^^^^^ expected `OccupiedEntry<'_, usize>`, found `()`\n    |                                          |\n    |                                          arguments to this function are incorrect\n    |\n    = note: expected struct `hashbrown::hash_table::OccupiedEntry<'_, usize>`\n            found unit type `()`\nnote: associated function defined here\n   --> src/map/core/entry.rs:152:19\n    |\n152 |     pub(crate) fn new(\n    |                   ^^^\n153 |         entries: &'a mut Entries<K, V>,\n154 |         index: hash_table::OccupiedEntry<'a, usize>,\n    |         -------------------------------------------\n\nerror[E0277]: the type `[Bucket<Key, Value>]` cannot be indexed by `&Key`\n   --> src/map/core/entry.rs:593:28\n    |\n593 |     assert_eq!(entries.get(&key).unwrap(), &value);\n    |                        --- ^^^^ slice indices are of type `usize` or ranges of `usize`\n    |                        |\n    |                        required by a bound introduced by this call\n    |\n    = help: the trait `SliceIndex<[Bucket<Key, Value>]>` is not implemented for `&Key`\nnote: required by a bound in `core::slice::<impl [T]>::get`\n   --> /home/abezbm/.rustup/toolchains/nightly-2024-07-21-x86_64-unknown-linux-gnu/lib/rustlib/src/rust/library/core/src/slice/mod.rs:614:12\n    |\n612 |     pub fn get<I>(&self, index: I) -> Option<&I::Output>\n    |            --- required by a bound in this associated function\n613 |     where\n614 |         I: SliceIndex<Self>,\n    |            ^^^^^^^^^^^^^^^^ required by this bound in `core::slice::<impl [T]>::get`\n\nerror[E0277]: `Value` doesn't implement `Debug`\n   --> src/map/core/entry.rs:593:5\n    |\n593 |     assert_eq!(entries.get(&key).unwrap(), &value);\n    |     ^^^^^^^^^^^^^^^^^^^^^^^^^^^^^^^^^^^^^^^^^^^^^^ `Value` cannot be formatted using `{:?}`\n    |\n    = help: the trait `Debug` is not implemented for `Value`, which is required by `&Value: Debug`\n    = note: add `#[derive(Debug)]` to `Value` or manually `impl Debug for Value`\n    = note: this error originates in the macro `assert_eq` (in Nightly builds, run with -Z macro-backtrace for more info)\nhelp: consider annotating `Value` with `#[derive(Debug)]`\n    |\n580 +     #[derive(Debug)]\n581 |     struct Value(String);\n    |\n\nSome errors have detailed explanations: E0277, E0308, E0599.\nFor more information about an error, try `rustc --explain E0277`.\nwarning: `indexmap` (lib test) generated 8 warnings\nerror: could not compile `indexmap` (lib test) due to 7 previous errors; 8 warnings emitted\n"
                }
              ],
              "repaired": [
                false,
                false
              ]
            },
            {
              "attrs": [],
              "prefix": [
                "{",
                "    struct Key(i32);",
                "    struct Value(String);",
                "    let mut entries = Entries::<Key, Value>::new();",
                "",
                "    let vacant_entry = Entry::Vacant(VacantEntry {",
                "        map: RefMut::new(&mut entries),",
                "        hash: HashValue::new(),",
                "        key: Key(4),",
                "    });",
                "",
                "    let result = vacant_entry.or_insert(Value(\"custom default\".to_string()));",
                "}"
              ],
              "oracles": [
                [
                  "    let vacant_entry = Entry::Vacant(VacantEntry { map: RefMut::new(&mut entries), hash: HashValue::new(), key: Key(4) });",
                  "    let result = vacant_entry.or_insert(Value(\"custom default\".to_string()));",
                  "    assert_eq!(result, &mut Value(\"custom default\".to_string()));"
                ],
                [
                  "    let vacant_entry = Entry::Vacant(VacantEntry { map: RefMut::new(&mut entries), hash: HashValue::new(), key: Key(4) });",
                  "    let result = vacant_entry.or_insert(Value(\"custom default\".to_string()));",
                  "    assert_eq!(entries.len(), 1);"
                ],
                [
                  "    let vacant_entry = Entry::Vacant(VacantEntry { map: RefMut::new(&mut entries), hash: HashValue::new(), key: Key(4) });",
                  "    let result = vacant_entry.or_insert(Value(\"custom default\".to_string()));",
                  "    assert_eq!(entries.get(&Key(4)).unwrap(), &Value(\"custom default\".to_string()));"
                ],
                [
                  "    let vacant_entry = Entry::Vacant(VacantEntry { map: RefMut::new(&mut entries), hash: HashValue::new(), key: Key(4) });",
                  "    let result = vacant_entry.or_insert(Value(\"custom default\".to_string()));",
                  "    assert!(entries.contains_key(&Key(4)));"
                ]
              ],
              "codes": [
                [
                  "{",
                  "    struct Key(i32);",
                  "    struct Value(String);",
                  "    let mut entries = Entries::<Key, Value>::new();",
                  "",
                  "    let vacant_entry = Entry::Vacant(VacantEntry {",
                  "        map: RefMut::new(&mut entries),",
                  "        hash: HashValue::new(),",
                  "        key: Key(4),",
                  "    });",
                  "",
                  "    let result = vacant_entry.or_insert(Value(\"custom default\".to_string()));",
                  "    let vacant_entry = Entry::Vacant(VacantEntry { map: RefMut::new(&mut entries), hash: HashValue::new(), key: Key(4) });",
                  "    let result = vacant_entry.or_insert(Value(\"custom default\".to_string()));",
                  "    assert_eq!(result, &mut Value(\"custom default\".to_string()));",
                  "}"
                ],
                [
                  "{",
                  "    struct Key(i32);",
                  "    struct Value(String);",
                  "    let mut entries = Entries::<Key, Value>::new();",
                  "",
                  "    let vacant_entry = Entry::Vacant(VacantEntry {",
                  "        map: RefMut::new(&mut entries),",
                  "        hash: HashValue::new(),",
                  "        key: Key(4),",
                  "    });",
                  "",
                  "    let result = vacant_entry.or_insert(Value(\"custom default\".to_string()));",
                  "    let vacant_entry = Entry::Vacant(VacantEntry { map: RefMut::new(&mut entries), hash: HashValue::new(), key: Key(4) });",
                  "    let result = vacant_entry.or_insert(Value(\"custom default\".to_string()));",
                  "    assert_eq!(entries.len(), 1);",
                  "}"
                ],
                [
                  "{",
                  "    struct Key(i32);",
                  "    struct Value(String);",
                  "    let mut entries = Entries::<Key, Value>::new();",
                  "",
                  "    let vacant_entry = Entry::Vacant(VacantEntry {",
                  "        map: RefMut::new(&mut entries),",
                  "        hash: HashValue::new(),",
                  "        key: Key(4),",
                  "    });",
                  "",
                  "    let result = vacant_entry.or_insert(Value(\"custom default\".to_string()));",
                  "    let vacant_entry = Entry::Vacant(VacantEntry { map: RefMut::new(&mut entries), hash: HashValue::new(), key: Key(4) });",
                  "    let result = vacant_entry.or_insert(Value(\"custom default\".to_string()));",
                  "    assert_eq!(entries.get(&Key(4)).unwrap(), &Value(\"custom default\".to_string()));",
                  "}"
                ],
                [
                  "{",
                  "    struct Key(i32);",
                  "    struct Value(String);",
                  "    let mut entries = Entries::<Key, Value>::new();",
                  "",
                  "    let vacant_entry = Entry::Vacant(VacantEntry {",
                  "        map: RefMut::new(&mut entries),",
                  "        hash: HashValue::new(),",
                  "        key: Key(4),",
                  "    });",
                  "",
                  "    let result = vacant_entry.or_insert(Value(\"custom default\".to_string()));",
                  "    let vacant_entry = Entry::Vacant(VacantEntry { map: RefMut::new(&mut entries), hash: HashValue::new(), key: Key(4) });",
                  "    let result = vacant_entry.or_insert(Value(\"custom default\".to_string()));",
                  "    assert!(entries.contains_key(&Key(4)));",
                  "}"
                ]
              ],
              "can_compile": [
                {
                  "Err": "   Compiling libc v0.2.172\n   Compiling proc-macro2 v1.0.95\n   Compiling zerocopy v0.8.25\n   Compiling getrandom v0.3.2\n   Compiling syn v1.0.109\n   Compiling quote v1.0.40\n   Compiling syn v2.0.101\n   Compiling getrandom v0.2.16\n   Compiling rand_core v0.6.4\n   Compiling rand_core v0.9.3\n   Compiling rand v0.8.5\n   Compiling quickcheck v1.0.3\n   Compiling ppv-lite86 v0.2.21\n   Compiling rand_chacha v0.9.0\n   Compiling rand v0.9.1\n   Compiling serde_derive v1.0.219\n   Compiling ntest_timeout v0.9.3\n   Compiling ntest_test_cases v0.9.3\n   Compiling ntest v0.9.3\n   Compiling indexmap v2.9.0 (/home/abezbm/rust-utgen-test-crates-new/indexmap)\nwarning: unused import: `ntest::timeout`\n   --> src/map/core/entry.rs:575:8\n    |\n575 |    use ntest::timeout;\n    |        ^^^^^^^^^^^^^^\n    |\n    = note: `#[warn(unused_imports)]` on by default\n\nwarning: unused import: `super::*`\n   --> src/map/slice.rs:520:9\n    |\n520 |     use super::*;\n    |         ^^^^^^^^\n\nwarning: unused import: `super::*`\n --> src/map/tests.rs:1:5\n  |\n1 | use super::*;\n  |     ^^^^^^^^\n\nwarning: unused import: `std::string::String`\n --> src/map/tests.rs:2:5\n  |\n2 | use std::string::String;\n  |     ^^^^^^^^^^^^^^^^^^^\n\nwarning: unused macro definition: `move_index_oob`\n   --> src/map/tests.rs:817:14\n    |\n817 | macro_rules! move_index_oob {\n    |              ^^^^^^^^^^^^^^\n    |\n    = note: `#[warn(unused_macros)]` on by default\n\nwarning: unused import: `super::*`\n   --> src/set/slice.rs:334:9\n    |\n334 |     use super::*;\n    |         ^^^^^^^^\n\nwarning: unused import: `super::*`\n --> src/set/tests.rs:1:5\n  |\n1 | use super::*;\n  |     ^^^^^^^^\n\nwarning: unused import: `std::string::String`\n --> src/set/tests.rs:2:5\n  |\n2 | use std::string::String;\n  |     ^^^^^^^^^^^^^^^^^^^\n\nerror[E0061]: this function takes 2 arguments but 1 argument was supplied\n   --> src/map/core/entry.rs:584:14\n    |\n584 |         map: RefMut::new(&mut entries),\n    |              ^^^^^^^^^^^ ------------ argument #1 of type `&mut HashTable<usize>` is missing\n    |\nnote: associated function defined here\n   --> src/map/core.rs:539:8\n    |\n539 |     fn new(indices: &'a mut Indices, entries: &'a mut Entries<K, V>) -> Self {\n    |        ^^^ ------------------------  ------------------------------\nhelp: provide the argument\n    |\n584 |         map: RefMut::new(/* &mut HashTable<usize> */, &mut entries),\n    |                         ~~~~~~~~~~~~~~~~~~~~~~~~~~~~~~~~~~~~~~~~~~~\n\nerror[E0599]: no function or associated item named `new` found for struct `HashValue` in the current scope\n   --> src/map/core/entry.rs:585:26\n    |\n585 |         hash: HashValue::new(),\n    |                          ^^^ function or associated item not found in `HashValue`\n    |\n   ::: src/lib.rs:139:1\n    |\n139 | struct HashValue(usize);\n    | ---------------- function or associated item `new` not found for this struct\n    |\nhelp: there is a method `ne` with a similar name, but with different arguments\n   --> /home/abezbm/.rustup/toolchains/nightly-2024-07-21-x86_64-unknown-linux-gnu/lib/rustlib/src/rust/library/core/src/cmp.rs:262:5\n    |\n262 |     fn ne(&self, other: &Rhs) -> bool {\n    |     ^^^^^^^^^^^^^^^^^^^^^^^^^^^^^^^^^\n\nerror[E0061]: this function takes 2 arguments but 1 argument was supplied\n   --> src/map/core/entry.rs:590:57\n    |\n590 |     let vacant_entry = Entry::Vacant(VacantEntry { map: RefMut::new(&mut entries), hash: HashValue::new(), key: Key(4) });\n    |                                                         ^^^^^^^^^^^ ------------ argument #1 of type `&mut HashTable<usize>` is missing\n    |\nnote: associated function defined here\n   --> src/map/core.rs:539:8\n    |\n539 |     fn new(indices: &'a mut Indices, entries: &'a mut Entries<K, V>) -> Self {\n    |        ^^^ ------------------------  ------------------------------\nhelp: provide the argument\n    |\n590 |     let vacant_entry = Entry::Vacant(VacantEntry { map: RefMut::new(/* &mut HashTable<usize> */, &mut entries), hash: HashValue::new(), key: Key(4) });\n    |                                                                    ~~~~~~~~~~~~~~~~~~~~~~~~~~~~~~~~~~~~~~~~~~~\n\nerror[E0599]: no function or associated item named `new` found for struct `HashValue` in the current scope\n   --> src/map/core/entry.rs:590:101\n    |\n590 |     let vacant_entry = Entry::Vacant(VacantEntry { map: RefMut::new(&mut entries), hash: HashValue::new(), key: Key(4) });\n    |                                                                                                     ^^^ function or associated item not found in `HashValue`\n    |\n   ::: src/lib.rs:139:1\n    |\n139 | struct HashValue(usize);\n    | ---------------- function or associated item `new` not found for this struct\n    |\nhelp: there is a method `ne` with a similar name, but with different arguments\n   --> /home/abezbm/.rustup/toolchains/nightly-2024-07-21-x86_64-unknown-linux-gnu/lib/rustlib/src/rust/library/core/src/cmp.rs:262:5\n    |\n262 |     fn ne(&self, other: &Rhs) -> bool {\n    |     ^^^^^^^^^^^^^^^^^^^^^^^^^^^^^^^^^\n\nerror[E0369]: binary operation `==` cannot be applied to type `&mut Value`\n   --> src/map/core/entry.rs:592:5\n    |\n592 |     assert_eq!(result, &mut Value(\"custom default\".to_string()));\n    |     ^^^^^^^^^^^^^^^^^^^^^^^^^^^^^^^^^^^^^^^^^^^^^^^^^^^^^^^^^^^^\n    |     |\n    |     &mut Value\n    |     &mut Value\n    |\nnote: an implementation of `PartialEq` might be missing for `Value`\n   --> src/map/core/entry.rs:580:5\n    |\n580 |     struct Value(String);\n    |     ^^^^^^^^^^^^ must implement `PartialEq`\n    = note: this error originates in the macro `assert_eq` (in Nightly builds, run with -Z macro-backtrace for more info)\nhelp: consider annotating `Value` with `#[derive(PartialEq)]`\n    |\n580 +     #[derive(PartialEq)]\n581 |     struct Value(String);\n    |\n\nerror[E0277]: `Value` doesn't implement `Debug`\n   --> src/map/core/entry.rs:592:5\n    |\n592 |     assert_eq!(result, &mut Value(\"custom default\".to_string()));\n    |     ^^^^^^^^^^^^^^^^^^^^^^^^^^^^^^^^^^^^^^^^^^^^^^^^^^^^^^^^^^^^ `Value` cannot be formatted using `{:?}`\n    |\n    = help: the trait `Debug` is not implemented for `Value`, which is required by `&mut Value: Debug`\n    = note: add `#[derive(Debug)]` to `Value` or manually `impl Debug for Value`\n    = note: this error originates in the macro `assert_eq` (in Nightly builds, run with -Z macro-backtrace for more info)\nhelp: consider annotating `Value` with `#[derive(Debug)]`\n    |\n580 +     #[derive(Debug)]\n581 |     struct Value(String);\n    |\n\nSome errors have detailed explanations: E0061, E0277, E0369, E0599.\nFor more information about an error, try `rustc --explain E0061`.\nwarning: `indexmap` (lib test) generated 8 warnings\nerror: could not compile `indexmap` (lib test) due to 7 previous errors; 8 warnings emitted\n"
                },
                {
                  "Err": "   Compiling libc v0.2.172\n   Compiling proc-macro2 v1.0.95\n   Compiling syn v1.0.109\n   Compiling getrandom v0.3.2\n   Compiling zerocopy v0.8.25\n   Compiling quote v1.0.40\n   Compiling syn v2.0.101\n   Compiling getrandom v0.2.16\n   Compiling rand_core v0.6.4\n   Compiling rand_core v0.9.3\n   Compiling rand v0.8.5\n   Compiling quickcheck v1.0.3\n   Compiling ppv-lite86 v0.2.21\n   Compiling rand_chacha v0.9.0\n   Compiling rand v0.9.1\n   Compiling serde_derive v1.0.219\n   Compiling ntest_timeout v0.9.3\n   Compiling ntest_test_cases v0.9.3\n   Compiling ntest v0.9.3\n   Compiling indexmap v2.9.0 (/home/abezbm/rust-utgen-test-crates-new/indexmap)\nwarning: unused import: `ntest::timeout`\n   --> src/map/core/entry.rs:575:8\n    |\n575 |    use ntest::timeout;\n    |        ^^^^^^^^^^^^^^\n    |\n    = note: `#[warn(unused_imports)]` on by default\n\nwarning: unused import: `super::*`\n   --> src/map/slice.rs:520:9\n    |\n520 |     use super::*;\n    |         ^^^^^^^^\n\nwarning: unused import: `super::*`\n --> src/map/tests.rs:1:5\n  |\n1 | use super::*;\n  |     ^^^^^^^^\n\nwarning: unused import: `std::string::String`\n --> src/map/tests.rs:2:5\n  |\n2 | use std::string::String;\n  |     ^^^^^^^^^^^^^^^^^^^\n\nwarning: unused macro definition: `move_index_oob`\n   --> src/map/tests.rs:817:14\n    |\n817 | macro_rules! move_index_oob {\n    |              ^^^^^^^^^^^^^^\n    |\n    = note: `#[warn(unused_macros)]` on by default\n\nwarning: unused import: `super::*`\n   --> src/set/slice.rs:334:9\n    |\n334 |     use super::*;\n    |         ^^^^^^^^\n\nwarning: unused import: `super::*`\n --> src/set/tests.rs:1:5\n  |\n1 | use super::*;\n  |     ^^^^^^^^\n\nwarning: unused import: `std::string::String`\n --> src/set/tests.rs:2:5\n  |\n2 | use std::string::String;\n  |     ^^^^^^^^^^^^^^^^^^^\n\nerror[E0061]: this function takes 2 arguments but 1 argument was supplied\n   --> src/map/core/entry.rs:584:14\n    |\n584 |         map: RefMut::new(&mut entries),\n    |              ^^^^^^^^^^^ ------------ argument #1 of type `&mut HashTable<usize>` is missing\n    |\nnote: associated function defined here\n   --> src/map/core.rs:539:8\n    |\n539 |     fn new(indices: &'a mut Indices, entries: &'a mut Entries<K, V>) -> Self {\n    |        ^^^ ------------------------  ------------------------------\nhelp: provide the argument\n    |\n584 |         map: RefMut::new(/* &mut HashTable<usize> */, &mut entries),\n    |                         ~~~~~~~~~~~~~~~~~~~~~~~~~~~~~~~~~~~~~~~~~~~\n\nerror[E0599]: no function or associated item named `new` found for struct `HashValue` in the current scope\n   --> src/map/core/entry.rs:585:26\n    |\n585 |         hash: HashValue::new(),\n    |                          ^^^ function or associated item not found in `HashValue`\n    |\n   ::: src/lib.rs:139:1\n    |\n139 | struct HashValue(usize);\n    | ---------------- function or associated item `new` not found for this struct\n    |\nhelp: there is a method `ne` with a similar name, but with different arguments\n   --> /home/abezbm/.rustup/toolchains/nightly-2024-07-21-x86_64-unknown-linux-gnu/lib/rustlib/src/rust/library/core/src/cmp.rs:262:5\n    |\n262 |     fn ne(&self, other: &Rhs) -> bool {\n    |     ^^^^^^^^^^^^^^^^^^^^^^^^^^^^^^^^^\n\nerror[E0061]: this function takes 2 arguments but 1 argument was supplied\n   --> src/map/core/entry.rs:590:57\n    |\n590 |     let vacant_entry = Entry::Vacant(VacantEntry { map: RefMut::new(&mut entries), hash: HashValue::new(), key: Key(4) });\n    |                                                         ^^^^^^^^^^^ ------------ argument #1 of type `&mut HashTable<usize>` is missing\n    |\nnote: associated function defined here\n   --> src/map/core.rs:539:8\n    |\n539 |     fn new(indices: &'a mut Indices, entries: &'a mut Entries<K, V>) -> Self {\n    |        ^^^ ------------------------  ------------------------------\nhelp: provide the argument\n    |\n590 |     let vacant_entry = Entry::Vacant(VacantEntry { map: RefMut::new(/* &mut HashTable<usize> */, &mut entries), hash: HashValue::new(), key: Key(4) });\n    |                                                                    ~~~~~~~~~~~~~~~~~~~~~~~~~~~~~~~~~~~~~~~~~~~\n\nerror[E0599]: no function or associated item named `new` found for struct `HashValue` in the current scope\n   --> src/map/core/entry.rs:590:101\n    |\n590 |     let vacant_entry = Entry::Vacant(VacantEntry { map: RefMut::new(&mut entries), hash: HashValue::new(), key: Key(4) });\n    |                                                                                                     ^^^ function or associated item not found in `HashValue`\n    |\n   ::: src/lib.rs:139:1\n    |\n139 | struct HashValue(usize);\n    | ---------------- function or associated item `new` not found for this struct\n    |\nhelp: there is a method `ne` with a similar name, but with different arguments\n   --> /home/abezbm/.rustup/toolchains/nightly-2024-07-21-x86_64-unknown-linux-gnu/lib/rustlib/src/rust/library/core/src/cmp.rs:262:5\n    |\n262 |     fn ne(&self, other: &Rhs) -> bool {\n    |     ^^^^^^^^^^^^^^^^^^^^^^^^^^^^^^^^^\n\nSome errors have detailed explanations: E0061, E0599.\nFor more information about an error, try `rustc --explain E0061`.\nwarning: `indexmap` (lib test) generated 8 warnings\nerror: could not compile `indexmap` (lib test) due to 4 previous errors; 8 warnings emitted\n"
                },
                {
                  "Err": "   Compiling libc v0.2.172\n   Compiling proc-macro2 v1.0.95\n   Compiling syn v1.0.109\n   Compiling zerocopy v0.8.25\n   Compiling getrandom v0.3.2\n   Compiling quote v1.0.40\n   Compiling syn v2.0.101\n   Compiling getrandom v0.2.16\n   Compiling rand_core v0.6.4\n   Compiling rand_core v0.9.3\n   Compiling rand v0.8.5\n   Compiling quickcheck v1.0.3\n   Compiling ppv-lite86 v0.2.21\n   Compiling rand_chacha v0.9.0\n   Compiling rand v0.9.1\n   Compiling serde_derive v1.0.219\n   Compiling ntest_timeout v0.9.3\n   Compiling ntest_test_cases v0.9.3\n   Compiling ntest v0.9.3\n   Compiling indexmap v2.9.0 (/home/abezbm/rust-utgen-test-crates-new/indexmap)\nwarning: unused import: `ntest::timeout`\n   --> src/map/core/entry.rs:575:8\n    |\n575 |    use ntest::timeout;\n    |        ^^^^^^^^^^^^^^\n    |\n    = note: `#[warn(unused_imports)]` on by default\n\nwarning: unused import: `super::*`\n   --> src/map/slice.rs:520:9\n    |\n520 |     use super::*;\n    |         ^^^^^^^^\n\nwarning: unused import: `super::*`\n --> src/map/tests.rs:1:5\n  |\n1 | use super::*;\n  |     ^^^^^^^^\n\nwarning: unused import: `std::string::String`\n --> src/map/tests.rs:2:5\n  |\n2 | use std::string::String;\n  |     ^^^^^^^^^^^^^^^^^^^\n\nwarning: unused macro definition: `move_index_oob`\n   --> src/map/tests.rs:817:14\n    |\n817 | macro_rules! move_index_oob {\n    |              ^^^^^^^^^^^^^^\n    |\n    = note: `#[warn(unused_macros)]` on by default\n\nwarning: unused import: `super::*`\n   --> src/set/slice.rs:334:9\n    |\n334 |     use super::*;\n    |         ^^^^^^^^\n\nwarning: unused import: `super::*`\n --> src/set/tests.rs:1:5\n  |\n1 | use super::*;\n  |     ^^^^^^^^\n\nwarning: unused import: `std::string::String`\n --> src/set/tests.rs:2:5\n  |\n2 | use std::string::String;\n  |     ^^^^^^^^^^^^^^^^^^^\n\nerror[E0061]: this function takes 2 arguments but 1 argument was supplied\n   --> src/map/core/entry.rs:584:14\n    |\n584 |         map: RefMut::new(&mut entries),\n    |              ^^^^^^^^^^^ ------------ argument #1 of type `&mut HashTable<usize>` is missing\n    |\nnote: associated function defined here\n   --> src/map/core.rs:539:8\n    |\n539 |     fn new(indices: &'a mut Indices, entries: &'a mut Entries<K, V>) -> Self {\n    |        ^^^ ------------------------  ------------------------------\nhelp: provide the argument\n    |\n584 |         map: RefMut::new(/* &mut HashTable<usize> */, &mut entries),\n    |                         ~~~~~~~~~~~~~~~~~~~~~~~~~~~~~~~~~~~~~~~~~~~\n\nerror[E0599]: no function or associated item named `new` found for struct `HashValue` in the current scope\n   --> src/map/core/entry.rs:585:26\n    |\n585 |         hash: HashValue::new(),\n    |                          ^^^ function or associated item not found in `HashValue`\n    |\n   ::: src/lib.rs:139:1\n    |\n139 | struct HashValue(usize);\n    | ---------------- function or associated item `new` not found for this struct\n    |\nhelp: there is a method `ne` with a similar name, but with different arguments\n   --> /home/abezbm/.rustup/toolchains/nightly-2024-07-21-x86_64-unknown-linux-gnu/lib/rustlib/src/rust/library/core/src/cmp.rs:262:5\n    |\n262 |     fn ne(&self, other: &Rhs) -> bool {\n    |     ^^^^^^^^^^^^^^^^^^^^^^^^^^^^^^^^^\n\nerror[E0061]: this function takes 2 arguments but 1 argument was supplied\n   --> src/map/core/entry.rs:590:57\n    |\n590 |     let vacant_entry = Entry::Vacant(VacantEntry { map: RefMut::new(&mut entries), hash: HashValue::new(), key: Key(4) });\n    |                                                         ^^^^^^^^^^^ ------------ argument #1 of type `&mut HashTable<usize>` is missing\n    |\nnote: associated function defined here\n   --> src/map/core.rs:539:8\n    |\n539 |     fn new(indices: &'a mut Indices, entries: &'a mut Entries<K, V>) -> Self {\n    |        ^^^ ------------------------  ------------------------------\nhelp: provide the argument\n    |\n590 |     let vacant_entry = Entry::Vacant(VacantEntry { map: RefMut::new(/* &mut HashTable<usize> */, &mut entries), hash: HashValue::new(), key: Key(4) });\n    |                                                                    ~~~~~~~~~~~~~~~~~~~~~~~~~~~~~~~~~~~~~~~~~~~\n\nerror[E0599]: no function or associated item named `new` found for struct `HashValue` in the current scope\n   --> src/map/core/entry.rs:590:101\n    |\n590 |     let vacant_entry = Entry::Vacant(VacantEntry { map: RefMut::new(&mut entries), hash: HashValue::new(), key: Key(4) });\n    |                                                                                                     ^^^ function or associated item not found in `HashValue`\n    |\n   ::: src/lib.rs:139:1\n    |\n139 | struct HashValue(usize);\n    | ---------------- function or associated item `new` not found for this struct\n    |\nhelp: there is a method `ne` with a similar name, but with different arguments\n   --> /home/abezbm/.rustup/toolchains/nightly-2024-07-21-x86_64-unknown-linux-gnu/lib/rustlib/src/rust/library/core/src/cmp.rs:262:5\n    |\n262 |     fn ne(&self, other: &Rhs) -> bool {\n    |     ^^^^^^^^^^^^^^^^^^^^^^^^^^^^^^^^^\n\nerror[E0277]: the type `[Bucket<Key, Value>]` cannot be indexed by `&Key`\n   --> src/map/core/entry.rs:592:28\n    |\n592 |     assert_eq!(entries.get(&Key(4)).unwrap(), &Value(\"custom default\".to_string()));\n    |                        --- ^^^^^^^ slice indices are of type `usize` or ranges of `usize`\n    |                        |\n    |                        required by a bound introduced by this call\n    |\n    = help: the trait `SliceIndex<[Bucket<Key, Value>]>` is not implemented for `&Key`\nnote: required by a bound in `core::slice::<impl [T]>::get`\n   --> /home/abezbm/.rustup/toolchains/nightly-2024-07-21-x86_64-unknown-linux-gnu/lib/rustlib/src/rust/library/core/src/slice/mod.rs:614:12\n    |\n612 |     pub fn get<I>(&self, index: I) -> Option<&I::Output>\n    |            --- required by a bound in this associated function\n613 |     where\n614 |         I: SliceIndex<Self>,\n    |            ^^^^^^^^^^^^^^^^ required by this bound in `core::slice::<impl [T]>::get`\n\nerror[E0277]: `Value` doesn't implement `Debug`\n   --> src/map/core/entry.rs:592:5\n    |\n592 |     assert_eq!(entries.get(&Key(4)).unwrap(), &Value(\"custom default\".to_string()));\n    |     ^^^^^^^^^^^^^^^^^^^^^^^^^^^^^^^^^^^^^^^^^^^^^^^^^^^^^^^^^^^^^^^^^^^^^^^^^^^^^^^ `Value` cannot be formatted using `{:?}`\n    |\n    = help: the trait `Debug` is not implemented for `Value`, which is required by `&Value: Debug`\n    = note: add `#[derive(Debug)]` to `Value` or manually `impl Debug for Value`\n    = note: this error originates in the macro `assert_eq` (in Nightly builds, run with -Z macro-backtrace for more info)\nhelp: consider annotating `Value` with `#[derive(Debug)]`\n    |\n580 +     #[derive(Debug)]\n581 |     struct Value(String);\n    |\n\nSome errors have detailed explanations: E0061, E0277, E0599.\nFor more information about an error, try `rustc --explain E0061`.\nwarning: `indexmap` (lib test) generated 8 warnings\nerror: could not compile `indexmap` (lib test) due to 6 previous errors; 8 warnings emitted\n"
                },
                {
                  "Err": "   Compiling libc v0.2.172\n   Compiling proc-macro2 v1.0.95\n   Compiling getrandom v0.3.2\n   Compiling zerocopy v0.8.25\n   Compiling syn v1.0.109\n   Compiling quote v1.0.40\n   Compiling syn v2.0.101\n   Compiling getrandom v0.2.16\n   Compiling rand_core v0.6.4\n   Compiling rand_core v0.9.3\n   Compiling rand v0.8.5\n   Compiling quickcheck v1.0.3\n   Compiling ppv-lite86 v0.2.21\n   Compiling rand_chacha v0.9.0\n   Compiling rand v0.9.1\n   Compiling serde_derive v1.0.219\n   Compiling ntest_timeout v0.9.3\n   Compiling ntest_test_cases v0.9.3\n   Compiling ntest v0.9.3\n   Compiling indexmap v2.9.0 (/home/abezbm/rust-utgen-test-crates-new/indexmap)\nwarning: unused import: `ntest::timeout`\n   --> src/map/core/entry.rs:575:8\n    |\n575 |    use ntest::timeout;\n    |        ^^^^^^^^^^^^^^\n    |\n    = note: `#[warn(unused_imports)]` on by default\n\nwarning: unused import: `super::*`\n   --> src/map/slice.rs:520:9\n    |\n520 |     use super::*;\n    |         ^^^^^^^^\n\nwarning: unused import: `super::*`\n --> src/map/tests.rs:1:5\n  |\n1 | use super::*;\n  |     ^^^^^^^^\n\nwarning: unused import: `std::string::String`\n --> src/map/tests.rs:2:5\n  |\n2 | use std::string::String;\n  |     ^^^^^^^^^^^^^^^^^^^\n\nwarning: unused macro definition: `move_index_oob`\n   --> src/map/tests.rs:817:14\n    |\n817 | macro_rules! move_index_oob {\n    |              ^^^^^^^^^^^^^^\n    |\n    = note: `#[warn(unused_macros)]` on by default\n\nwarning: unused import: `super::*`\n   --> src/set/slice.rs:334:9\n    |\n334 |     use super::*;\n    |         ^^^^^^^^\n\nwarning: unused import: `super::*`\n --> src/set/tests.rs:1:5\n  |\n1 | use super::*;\n  |     ^^^^^^^^\n\nwarning: unused import: `std::string::String`\n --> src/set/tests.rs:2:5\n  |\n2 | use std::string::String;\n  |     ^^^^^^^^^^^^^^^^^^^\n\nerror[E0061]: this function takes 2 arguments but 1 argument was supplied\n   --> src/map/core/entry.rs:584:14\n    |\n584 |         map: RefMut::new(&mut entries),\n    |              ^^^^^^^^^^^ ------------ argument #1 of type `&mut HashTable<usize>` is missing\n    |\nnote: associated function defined here\n   --> src/map/core.rs:539:8\n    |\n539 |     fn new(indices: &'a mut Indices, entries: &'a mut Entries<K, V>) -> Self {\n    |        ^^^ ------------------------  ------------------------------\nhelp: provide the argument\n    |\n584 |         map: RefMut::new(/* &mut HashTable<usize> */, &mut entries),\n    |                         ~~~~~~~~~~~~~~~~~~~~~~~~~~~~~~~~~~~~~~~~~~~\n\nerror[E0599]: no function or associated item named `new` found for struct `HashValue` in the current scope\n   --> src/map/core/entry.rs:585:26\n    |\n585 |         hash: HashValue::new(),\n    |                          ^^^ function or associated item not found in `HashValue`\n    |\n   ::: src/lib.rs:139:1\n    |\n139 | struct HashValue(usize);\n    | ---------------- function or associated item `new` not found for this struct\n    |\nhelp: there is a method `ne` with a similar name, but with different arguments\n   --> /home/abezbm/.rustup/toolchains/nightly-2024-07-21-x86_64-unknown-linux-gnu/lib/rustlib/src/rust/library/core/src/cmp.rs:262:5\n    |\n262 |     fn ne(&self, other: &Rhs) -> bool {\n    |     ^^^^^^^^^^^^^^^^^^^^^^^^^^^^^^^^^\n\nerror[E0061]: this function takes 2 arguments but 1 argument was supplied\n   --> src/map/core/entry.rs:590:57\n    |\n590 |     let vacant_entry = Entry::Vacant(VacantEntry { map: RefMut::new(&mut entries), hash: HashValue::new(), key: Key(4) });\n    |                                                         ^^^^^^^^^^^ ------------ argument #1 of type `&mut HashTable<usize>` is missing\n    |\nnote: associated function defined here\n   --> src/map/core.rs:539:8\n    |\n539 |     fn new(indices: &'a mut Indices, entries: &'a mut Entries<K, V>) -> Self {\n    |        ^^^ ------------------------  ------------------------------\nhelp: provide the argument\n    |\n590 |     let vacant_entry = Entry::Vacant(VacantEntry { map: RefMut::new(/* &mut HashTable<usize> */, &mut entries), hash: HashValue::new(), key: Key(4) });\n    |                                                                    ~~~~~~~~~~~~~~~~~~~~~~~~~~~~~~~~~~~~~~~~~~~\n\nerror[E0599]: no function or associated item named `new` found for struct `HashValue` in the current scope\n   --> src/map/core/entry.rs:590:101\n    |\n590 |     let vacant_entry = Entry::Vacant(VacantEntry { map: RefMut::new(&mut entries), hash: HashValue::new(), key: Key(4) });\n    |                                                                                                     ^^^ function or associated item not found in `HashValue`\n    |\n   ::: src/lib.rs:139:1\n    |\n139 | struct HashValue(usize);\n    | ---------------- function or associated item `new` not found for this struct\n    |\nhelp: there is a method `ne` with a similar name, but with different arguments\n   --> /home/abezbm/.rustup/toolchains/nightly-2024-07-21-x86_64-unknown-linux-gnu/lib/rustlib/src/rust/library/core/src/cmp.rs:262:5\n    |\n262 |     fn ne(&self, other: &Rhs) -> bool {\n    |     ^^^^^^^^^^^^^^^^^^^^^^^^^^^^^^^^^\n\nerror[E0599]: no method named `contains_key` found for struct `Vec<Bucket<Key, Value>>` in the current scope\n   --> src/map/core/entry.rs:592:21\n    |\n592 |     assert!(entries.contains_key(&Key(4)));\n    |                     ^^^^^^^^^^^^\n    |\nhelp: there is a method `contains` with a similar name\n    |\n592 |     assert!(entries.contains(&Key(4)));\n    |                     ~~~~~~~~\n\nSome errors have detailed explanations: E0061, E0599.\nFor more information about an error, try `rustc --explain E0061`.\nwarning: `indexmap` (lib test) generated 8 warnings\nerror: could not compile `indexmap` (lib test) due to 5 previous errors; 8 warnings emitted\n"
                }
              ],
              "repaired": [
                false,
                false,
                false,
                false
              ]
            }
          ]
        }
      ]
    }
  ]
}