{
  "name": "indexmap::set::set::IndexSet<T, S>::replace_full",
  "name_with_impl": "indexmap::set::{impl#5}::replace_full",
  "mod_info": {
    "name": "set",
    "loc": "src/lib.rs:123:1:123:13"
  },
  "visible": true,
  "loc": "src/set.rs:508:5:514:6",
  "fn_tests": [
    {
      "chain_id": 1,
      "prompt_conds": [
        "// constraint: self.map.core.replace_full(hash, value, ()) matches (i, Some((replaced, ()))) is true\n",
        "// expected return value/type: (i, Some(replaced))\n"
      ],
      "input_infer": "0 <= i < usize::MAX, T is any Hashable type, T has at least one existing entry, 1 <= replaced value count <= usize::MAX\n",
      "answers": [
        {
          "uses": [
            "use std::collections::hash_map::RandomState;"
          ],
          "has_test_mod": false,
          "common": [],
          "chain_tests": [
            {
              "attrs": [],
              "prefix": [
                "{",
                "    use std::collections::hash_map::RandomState;",
                "",
                "    #[derive(Hash, Eq, PartialEq, Clone)]",
                "    struct TestValue(usize);",
                "",
                "    let mut index_set = IndexSet {",
                "        map: IndexMap::new(RandomState::new()),",
                "    };",
                "",
                "    index_set.insert(TestValue(1));",
                "    index_set.insert(TestValue(2));",
                "    index_set.insert(TestValue(3));",
                "",
                "    let result = index_set.replace_full(TestValue(2));",
                "}"
              ],
              "oracles": [
                [
                  "    let hash = index_set.map.hash(&TestValue(2));",
                  "    assert_eq!(result.0, index_set.map.core.indices[hash]);"
                ],
                [
                  "    let hash = index_set.map.hash(&TestValue(2));",
                  "    assert_eq!(result.1, Some(TestValue(2)));"
                ]
              ],
              "codes": [
                [
                  "{",
                  "    use std::collections::hash_map::RandomState;",
                  "",
                  "    #[derive(Hash, Eq, PartialEq, Clone)]",
                  "    struct TestValue(usize);",
                  "",
                  "    let mut index_set = IndexSet {",
                  "        map: IndexMap::new(RandomState::new()),",
                  "    };",
                  "",
                  "    index_set.insert(TestValue(1));",
                  "    index_set.insert(TestValue(2));",
                  "    index_set.insert(TestValue(3));",
                  "",
                  "    let result = index_set.replace_full(TestValue(2));",
                  "    let hash = index_set.map.hash(&TestValue(2));",
                  "    assert_eq!(result.0, index_set.map.core.indices[hash]);",
                  "}"
                ],
                [
                  "{",
                  "    use std::collections::hash_map::RandomState;",
                  "",
                  "    #[derive(Hash, Eq, PartialEq, Clone)]",
                  "    struct TestValue(usize);",
                  "",
                  "    let mut index_set = IndexSet {",
                  "        map: IndexMap::new(RandomState::new()),",
                  "    };",
                  "",
                  "    index_set.insert(TestValue(1));",
                  "    index_set.insert(TestValue(2));",
                  "    index_set.insert(TestValue(3));",
                  "",
                  "    let result = index_set.replace_full(TestValue(2));",
                  "    let hash = index_set.map.hash(&TestValue(2));",
                  "    assert_eq!(result.1, Some(TestValue(2)));",
                  "}"
                ]
              ],
              "can_compile": [
                {
                  "Err": "   Compiling libc v0.2.172\n   Compiling proc-macro2 v1.0.95\n   Compiling syn v1.0.109\n   Compiling getrandom v0.3.2\n   Compiling zerocopy v0.8.25\n   Compiling quote v1.0.40\n   Compiling syn v2.0.101\n   Compiling getrandom v0.2.16\n   Compiling rand_core v0.6.4\n   Compiling rand_core v0.9.3\n   Compiling rand v0.8.5\n   Compiling quickcheck v1.0.3\n   Compiling ppv-lite86 v0.2.21\n   Compiling rand_chacha v0.9.0\n   Compiling rand v0.9.1\n   Compiling serde_derive v1.0.219\n   Compiling ntest_test_cases v0.9.3\n   Compiling ntest_timeout v0.9.3\n   Compiling ntest v0.9.3\n   Compiling indexmap v2.9.0 (/home/abezbm/rust-utgen-test-crates-new/indexmap)\nwarning: unused import: `super::*`\n   --> src/map/slice.rs:520:9\n    |\n520 |     use super::*;\n    |         ^^^^^^^^\n    |\n    = note: `#[warn(unused_imports)]` on by default\n\nwarning: unused import: `super::*`\n --> src/map/tests.rs:1:5\n  |\n1 | use super::*;\n  |     ^^^^^^^^\n\nwarning: unused import: `std::string::String`\n --> src/map/tests.rs:2:5\n  |\n2 | use std::string::String;\n  |     ^^^^^^^^^^^^^^^^^^^\n\nwarning: unused macro definition: `move_index_oob`\n   --> src/map/tests.rs:817:14\n    |\n817 | macro_rules! move_index_oob {\n    |              ^^^^^^^^^^^^^^\n    |\n    = note: `#[warn(unused_macros)]` on by default\n\nwarning: unused import: `super::*`\n   --> src/set/slice.rs:334:9\n    |\n334 |     use super::*;\n    |         ^^^^^^^^\n\nwarning: unused import: `super::*`\n --> src/set/tests.rs:1:5\n  |\n1 | use super::*;\n  |     ^^^^^^^^\n\nwarning: unused import: `std::string::String`\n --> src/set/tests.rs:2:5\n  |\n2 | use std::string::String;\n  |     ^^^^^^^^^^^^^^^^^^^\n\nwarning: unused import: `ntest::timeout`\n    --> src/set.rs:1305:8\n     |\n1305 |    use ntest::timeout;\n     |        ^^^^^^^^^^^^^^\n\nerror[E0061]: this function takes 0 arguments but 1 argument was supplied\n    --> src/set.rs:1315:14\n     |\n1315 |         map: IndexMap::new(RandomState::new()),\n     |              ^^^^^^^^^^^^^ ------------------ unexpected argument of type `RandomState`\n     |\nnote: associated function defined here\n    --> src/map.rs:166:12\n     |\n166  |     pub fn new() -> Self {\n     |            ^^^\nhelp: remove the extra argument\n     |\n1315 -         map: IndexMap::new(RandomState::new()),\n1315 +         map: IndexMap::new(),\n     |\n\nerror[E0616]: field `indices` of struct `IndexMapCore` is private\n    --> src/set.rs:1324:45\n     |\n1324 |     assert_eq!(result.0, index_set.map.core.indices[hash]);\n     |                                             ^^^^^^^ private field\n\nSome errors have detailed explanations: E0061, E0616.\nFor more information about an error, try `rustc --explain E0061`.\nwarning: `indexmap` (lib test) generated 8 warnings\nerror: could not compile `indexmap` (lib test) due to 2 previous errors; 8 warnings emitted\n"
                },
                {
                  "Err": "   Compiling libc v0.2.172\n   Compiling proc-macro2 v1.0.95\n   Compiling zerocopy v0.8.25\n   Compiling syn v1.0.109\n   Compiling getrandom v0.3.2\n   Compiling quote v1.0.40\n   Compiling syn v2.0.101\n   Compiling getrandom v0.2.16\n   Compiling rand_core v0.6.4\n   Compiling rand_core v0.9.3\n   Compiling rand v0.8.5\n   Compiling quickcheck v1.0.3\n   Compiling ppv-lite86 v0.2.21\n   Compiling rand_chacha v0.9.0\n   Compiling rand v0.9.1\n   Compiling serde_derive v1.0.219\n   Compiling ntest_timeout v0.9.3\n   Compiling ntest_test_cases v0.9.3\n   Compiling ntest v0.9.3\n   Compiling indexmap v2.9.0 (/home/abezbm/rust-utgen-test-crates-new/indexmap)\nwarning: unused import: `super::*`\n   --> src/map/slice.rs:520:9\n    |\n520 |     use super::*;\n    |         ^^^^^^^^\n    |\n    = note: `#[warn(unused_imports)]` on by default\n\nwarning: unused import: `super::*`\n --> src/map/tests.rs:1:5\n  |\n1 | use super::*;\n  |     ^^^^^^^^\n\nwarning: unused import: `std::string::String`\n --> src/map/tests.rs:2:5\n  |\n2 | use std::string::String;\n  |     ^^^^^^^^^^^^^^^^^^^\n\nwarning: unused macro definition: `move_index_oob`\n   --> src/map/tests.rs:817:14\n    |\n817 | macro_rules! move_index_oob {\n    |              ^^^^^^^^^^^^^^\n    |\n    = note: `#[warn(unused_macros)]` on by default\n\nwarning: unused import: `super::*`\n   --> src/set/slice.rs:334:9\n    |\n334 |     use super::*;\n    |         ^^^^^^^^\n\nwarning: unused import: `super::*`\n --> src/set/tests.rs:1:5\n  |\n1 | use super::*;\n  |     ^^^^^^^^\n\nwarning: unused import: `std::string::String`\n --> src/set/tests.rs:2:5\n  |\n2 | use std::string::String;\n  |     ^^^^^^^^^^^^^^^^^^^\n\nwarning: unused import: `ntest::timeout`\n    --> src/set.rs:1305:8\n     |\n1305 |    use ntest::timeout;\n     |        ^^^^^^^^^^^^^^\n\nerror[E0061]: this function takes 0 arguments but 1 argument was supplied\n    --> src/set.rs:1315:14\n     |\n1315 |         map: IndexMap::new(RandomState::new()),\n     |              ^^^^^^^^^^^^^ ------------------ unexpected argument of type `RandomState`\n     |\nnote: associated function defined here\n    --> src/map.rs:166:12\n     |\n166  |     pub fn new() -> Self {\n     |            ^^^\nhelp: remove the extra argument\n     |\n1315 -         map: IndexMap::new(RandomState::new()),\n1315 +         map: IndexMap::new(),\n     |\n\nerror[E0277]: `TestValue` doesn't implement `Debug`\n    --> src/set.rs:1324:5\n     |\n1324 |     assert_eq!(result.1, Some(TestValue(2)));\n     |     ^^^^^^^^^^^^^^^^^^^^^^^^^^^^^^^^^^^^^^^^ `TestValue` cannot be formatted using `{:?}`\n     |\n     = help: the trait `Debug` is not implemented for `TestValue`, which is required by `Option<TestValue>: Debug`\n     = note: add `#[derive(Debug)]` to `TestValue` or manually `impl Debug for TestValue`\n     = help: the trait `Debug` is implemented for `Option<T>`\n     = note: this error originates in the macro `assert_eq` (in Nightly builds, run with -Z macro-backtrace for more info)\nhelp: consider annotating `TestValue` with `#[derive(Debug)]`\n     |\n1312 +     #[derive(Debug)]\n1313 |     struct TestValue(usize);\n     |\n\nSome errors have detailed explanations: E0061, E0277.\nFor more information about an error, try `rustc --explain E0061`.\nwarning: `indexmap` (lib test) generated 8 warnings\nerror: could not compile `indexmap` (lib test) due to 3 previous errors; 8 warnings emitted\n"
                }
              ],
              "repaired": [
                false,
                false
              ]
            },
            {
              "attrs": [],
              "prefix": [
                "{",
                "    use std::collections::hash_map::RandomState;",
                "",
                "    #[derive(Hash, Eq, PartialEq, Clone)]",
                "    struct TestValue(usize);",
                "",
                "    let mut index_set = IndexSet {",
                "        map: IndexMap::new(RandomState::new()),",
                "    };",
                "",
                "    for i in 1..=5 {",
                "        index_set.insert(TestValue(i));",
                "    }",
                "",
                "    let result1 = index_set.replace_full(TestValue(3));",
                "    let result2 = index_set.replace_full(TestValue(1));",
                "    let result3 = index_set.replace_full(TestValue(5));",
                "}"
              ],
              "oracles": [
                [
                  "    let hash = index_set.map.hash(&TestValue(3));",
                  "    let expected_index1 = 2;",
                  "    let expected_replaced_value1 = Some(TestValue(3));",
                  "    let hash = index_set.map.hash(&TestValue(1));",
                  "    let expected_index2 = 0;",
                  "    let expected_replaced_value2 = Some(TestValue(1));",
                  "    let hash = index_set.map.hash(&TestValue(5));",
                  "    let expected_index3 = 4;",
                  "    let expected_replaced_value3 = Some(TestValue(5));",
                  "    assert_eq!(result1, (expected_index1, expected_replaced_value1));"
                ],
                [
                  "    let hash = index_set.map.hash(&TestValue(3));",
                  "    let expected_index1 = 2;",
                  "    let expected_replaced_value1 = Some(TestValue(3));",
                  "    let hash = index_set.map.hash(&TestValue(1));",
                  "    let expected_index2 = 0;",
                  "    let expected_replaced_value2 = Some(TestValue(1));",
                  "    let hash = index_set.map.hash(&TestValue(5));",
                  "    let expected_index3 = 4;",
                  "    let expected_replaced_value3 = Some(TestValue(5));",
                  "    assert_eq!(result2, (expected_index2, expected_replaced_value2));"
                ],
                [
                  "    let hash = index_set.map.hash(&TestValue(3));",
                  "    let expected_index1 = 2;",
                  "    let expected_replaced_value1 = Some(TestValue(3));",
                  "    let hash = index_set.map.hash(&TestValue(1));",
                  "    let expected_index2 = 0;",
                  "    let expected_replaced_value2 = Some(TestValue(1));",
                  "    let hash = index_set.map.hash(&TestValue(5));",
                  "    let expected_index3 = 4;",
                  "    let expected_replaced_value3 = Some(TestValue(5));",
                  "    assert_eq!(result3, (expected_index3, expected_replaced_value3));"
                ]
              ],
              "codes": [
                [
                  "{",
                  "    use std::collections::hash_map::RandomState;",
                  "",
                  "    #[derive(Hash, Eq, PartialEq, Clone)]",
                  "    struct TestValue(usize);",
                  "",
                  "    let mut index_set = IndexSet {",
                  "        map: IndexMap::new(RandomState::new()),",
                  "    };",
                  "",
                  "    for i in 1..=5 {",
                  "        index_set.insert(TestValue(i));",
                  "    }",
                  "",
                  "    let result1 = index_set.replace_full(TestValue(3));",
                  "    let result2 = index_set.replace_full(TestValue(1));",
                  "    let result3 = index_set.replace_full(TestValue(5));",
                  "    let hash = index_set.map.hash(&TestValue(3));",
                  "    let expected_index1 = 2;",
                  "    let expected_replaced_value1 = Some(TestValue(3));",
                  "    let hash = index_set.map.hash(&TestValue(1));",
                  "    let expected_index2 = 0;",
                  "    let expected_replaced_value2 = Some(TestValue(1));",
                  "    let hash = index_set.map.hash(&TestValue(5));",
                  "    let expected_index3 = 4;",
                  "    let expected_replaced_value3 = Some(TestValue(5));",
                  "    assert_eq!(result1, (expected_index1, expected_replaced_value1));",
                  "}"
                ],
                [
                  "{",
                  "    use std::collections::hash_map::RandomState;",
                  "",
                  "    #[derive(Hash, Eq, PartialEq, Clone)]",
                  "    struct TestValue(usize);",
                  "",
                  "    let mut index_set = IndexSet {",
                  "        map: IndexMap::new(RandomState::new()),",
                  "    };",
                  "",
                  "    for i in 1..=5 {",
                  "        index_set.insert(TestValue(i));",
                  "    }",
                  "",
                  "    let result1 = index_set.replace_full(TestValue(3));",
                  "    let result2 = index_set.replace_full(TestValue(1));",
                  "    let result3 = index_set.replace_full(TestValue(5));",
                  "    let hash = index_set.map.hash(&TestValue(3));",
                  "    let expected_index1 = 2;",
                  "    let expected_replaced_value1 = Some(TestValue(3));",
                  "    let hash = index_set.map.hash(&TestValue(1));",
                  "    let expected_index2 = 0;",
                  "    let expected_replaced_value2 = Some(TestValue(1));",
                  "    let hash = index_set.map.hash(&TestValue(5));",
                  "    let expected_index3 = 4;",
                  "    let expected_replaced_value3 = Some(TestValue(5));",
                  "    assert_eq!(result2, (expected_index2, expected_replaced_value2));",
                  "}"
                ],
                [
                  "{",
                  "    use std::collections::hash_map::RandomState;",
                  "",
                  "    #[derive(Hash, Eq, PartialEq, Clone)]",
                  "    struct TestValue(usize);",
                  "",
                  "    let mut index_set = IndexSet {",
                  "        map: IndexMap::new(RandomState::new()),",
                  "    };",
                  "",
                  "    for i in 1..=5 {",
                  "        index_set.insert(TestValue(i));",
                  "    }",
                  "",
                  "    let result1 = index_set.replace_full(TestValue(3));",
                  "    let result2 = index_set.replace_full(TestValue(1));",
                  "    let result3 = index_set.replace_full(TestValue(5));",
                  "    let hash = index_set.map.hash(&TestValue(3));",
                  "    let expected_index1 = 2;",
                  "    let expected_replaced_value1 = Some(TestValue(3));",
                  "    let hash = index_set.map.hash(&TestValue(1));",
                  "    let expected_index2 = 0;",
                  "    let expected_replaced_value2 = Some(TestValue(1));",
                  "    let hash = index_set.map.hash(&TestValue(5));",
                  "    let expected_index3 = 4;",
                  "    let expected_replaced_value3 = Some(TestValue(5));",
                  "    assert_eq!(result3, (expected_index3, expected_replaced_value3));",
                  "}"
                ]
              ],
              "can_compile": [
                {
                  "Err": "   Compiling libc v0.2.172\n   Compiling proc-macro2 v1.0.95\n   Compiling syn v1.0.109\n   Compiling getrandom v0.3.2\n   Compiling zerocopy v0.8.25\n   Compiling quote v1.0.40\n   Compiling syn v2.0.101\n   Compiling getrandom v0.2.16\n   Compiling rand_core v0.6.4\n   Compiling rand_core v0.9.3\n   Compiling rand v0.8.5\n   Compiling quickcheck v1.0.3\n   Compiling ppv-lite86 v0.2.21\n   Compiling rand_chacha v0.9.0\n   Compiling rand v0.9.1\n   Compiling serde_derive v1.0.219\n   Compiling ntest_timeout v0.9.3\n   Compiling ntest_test_cases v0.9.3\n   Compiling ntest v0.9.3\n   Compiling indexmap v2.9.0 (/home/abezbm/rust-utgen-test-crates-new/indexmap)\nwarning: unused import: `super::*`\n   --> src/map/slice.rs:520:9\n    |\n520 |     use super::*;\n    |         ^^^^^^^^\n    |\n    = note: `#[warn(unused_imports)]` on by default\n\nwarning: unused import: `super::*`\n --> src/map/tests.rs:1:5\n  |\n1 | use super::*;\n  |     ^^^^^^^^\n\nwarning: unused import: `std::string::String`\n --> src/map/tests.rs:2:5\n  |\n2 | use std::string::String;\n  |     ^^^^^^^^^^^^^^^^^^^\n\nwarning: unused macro definition: `move_index_oob`\n   --> src/map/tests.rs:817:14\n    |\n817 | macro_rules! move_index_oob {\n    |              ^^^^^^^^^^^^^^\n    |\n    = note: `#[warn(unused_macros)]` on by default\n\nwarning: unused import: `super::*`\n   --> src/set/slice.rs:334:9\n    |\n334 |     use super::*;\n    |         ^^^^^^^^\n\nwarning: unused import: `super::*`\n --> src/set/tests.rs:1:5\n  |\n1 | use super::*;\n  |     ^^^^^^^^\n\nwarning: unused import: `std::string::String`\n --> src/set/tests.rs:2:5\n  |\n2 | use std::string::String;\n  |     ^^^^^^^^^^^^^^^^^^^\n\nwarning: unused import: `ntest::timeout`\n    --> src/set.rs:1305:8\n     |\n1305 |    use ntest::timeout;\n     |        ^^^^^^^^^^^^^^\n\nerror[E0061]: this function takes 0 arguments but 1 argument was supplied\n    --> src/set.rs:1315:14\n     |\n1315 |         map: IndexMap::new(RandomState::new()),\n     |              ^^^^^^^^^^^^^ ------------------ unexpected argument of type `RandomState`\n     |\nnote: associated function defined here\n    --> src/map.rs:166:12\n     |\n166  |     pub fn new() -> Self {\n     |            ^^^\nhelp: remove the extra argument\n     |\n1315 -         map: IndexMap::new(RandomState::new()),\n1315 +         map: IndexMap::new(),\n     |\n\nerror[E0277]: `TestValue` doesn't implement `Debug`\n    --> src/set.rs:1334:5\n     |\n1334 |     assert_eq!(result1, (expected_index1, expected_replaced_value1));\n     |     ^^^^^^^^^^^^^^^^^^^^^^^^^^^^^^^^^^^^^^^^^^^^^^^^^^^^^^^^^^^^^^^^ `TestValue` cannot be formatted using `{:?}`\n     |\n     = help: the trait `Debug` is not implemented for `TestValue`, which is required by `(usize, Option<TestValue>): Debug`\n     = note: add `#[derive(Debug)]` to `TestValue` or manually `impl Debug for TestValue`\n     = help: the following other types implement trait `Debug`:\n               ()\n               (A, Z, Y, X, W, V, U, T)\n               (B, A, Z, Y, X, W, V, U, T)\n               (C, B, A, Z, Y, X, W, V, U, T)\n               (D, C, B, A, Z, Y, X, W, V, U, T)\n               (E, D, C, B, A, Z, Y, X, W, V, U, T)\n               (T,)\n               (U, T)\n             and 5 others\n     = note: this error originates in the macro `assert_eq` (in Nightly builds, run with -Z macro-backtrace for more info)\nhelp: consider annotating `TestValue` with `#[derive(Debug)]`\n     |\n1312 +     #[derive(Debug)]\n1313 |     struct TestValue(usize);\n     |\n\nSome errors have detailed explanations: E0061, E0277.\nFor more information about an error, try `rustc --explain E0061`.\nwarning: `indexmap` (lib test) generated 8 warnings\nerror: could not compile `indexmap` (lib test) due to 3 previous errors; 8 warnings emitted\n"
                },
                {
                  "Err": "   Compiling libc v0.2.172\n   Compiling proc-macro2 v1.0.95\n   Compiling zerocopy v0.8.25\n   Compiling syn v1.0.109\n   Compiling getrandom v0.3.2\n   Compiling quote v1.0.40\n   Compiling syn v2.0.101\n   Compiling getrandom v0.2.16\n   Compiling rand_core v0.6.4\n   Compiling rand_core v0.9.3\n   Compiling rand v0.8.5\n   Compiling quickcheck v1.0.3\n   Compiling ppv-lite86 v0.2.21\n   Compiling rand_chacha v0.9.0\n   Compiling rand v0.9.1\n   Compiling serde_derive v1.0.219\n   Compiling ntest_timeout v0.9.3\n   Compiling ntest_test_cases v0.9.3\n   Compiling ntest v0.9.3\n   Compiling indexmap v2.9.0 (/home/abezbm/rust-utgen-test-crates-new/indexmap)\nwarning: unused import: `super::*`\n   --> src/map/slice.rs:520:9\n    |\n520 |     use super::*;\n    |         ^^^^^^^^\n    |\n    = note: `#[warn(unused_imports)]` on by default\n\nwarning: unused import: `super::*`\n --> src/map/tests.rs:1:5\n  |\n1 | use super::*;\n  |     ^^^^^^^^\n\nwarning: unused import: `std::string::String`\n --> src/map/tests.rs:2:5\n  |\n2 | use std::string::String;\n  |     ^^^^^^^^^^^^^^^^^^^\n\nwarning: unused macro definition: `move_index_oob`\n   --> src/map/tests.rs:817:14\n    |\n817 | macro_rules! move_index_oob {\n    |              ^^^^^^^^^^^^^^\n    |\n    = note: `#[warn(unused_macros)]` on by default\n\nwarning: unused import: `super::*`\n   --> src/set/slice.rs:334:9\n    |\n334 |     use super::*;\n    |         ^^^^^^^^\n\nwarning: unused import: `super::*`\n --> src/set/tests.rs:1:5\n  |\n1 | use super::*;\n  |     ^^^^^^^^\n\nwarning: unused import: `std::string::String`\n --> src/set/tests.rs:2:5\n  |\n2 | use std::string::String;\n  |     ^^^^^^^^^^^^^^^^^^^\n\nwarning: unused import: `ntest::timeout`\n    --> src/set.rs:1305:8\n     |\n1305 |    use ntest::timeout;\n     |        ^^^^^^^^^^^^^^\n\nerror[E0061]: this function takes 0 arguments but 1 argument was supplied\n    --> src/set.rs:1315:14\n     |\n1315 |         map: IndexMap::new(RandomState::new()),\n     |              ^^^^^^^^^^^^^ ------------------ unexpected argument of type `RandomState`\n     |\nnote: associated function defined here\n    --> src/map.rs:166:12\n     |\n166  |     pub fn new() -> Self {\n     |            ^^^\nhelp: remove the extra argument\n     |\n1315 -         map: IndexMap::new(RandomState::new()),\n1315 +         map: IndexMap::new(),\n     |\n\nerror[E0277]: `TestValue` doesn't implement `Debug`\n    --> src/set.rs:1334:5\n     |\n1334 |     assert_eq!(result2, (expected_index2, expected_replaced_value2));\n     |     ^^^^^^^^^^^^^^^^^^^^^^^^^^^^^^^^^^^^^^^^^^^^^^^^^^^^^^^^^^^^^^^^ `TestValue` cannot be formatted using `{:?}`\n     |\n     = help: the trait `Debug` is not implemented for `TestValue`, which is required by `(usize, Option<TestValue>): Debug`\n     = note: add `#[derive(Debug)]` to `TestValue` or manually `impl Debug for TestValue`\n     = help: the following other types implement trait `Debug`:\n               ()\n               (A, Z, Y, X, W, V, U, T)\n               (B, A, Z, Y, X, W, V, U, T)\n               (C, B, A, Z, Y, X, W, V, U, T)\n               (D, C, B, A, Z, Y, X, W, V, U, T)\n               (E, D, C, B, A, Z, Y, X, W, V, U, T)\n               (T,)\n               (U, T)\n             and 5 others\n     = note: this error originates in the macro `assert_eq` (in Nightly builds, run with -Z macro-backtrace for more info)\nhelp: consider annotating `TestValue` with `#[derive(Debug)]`\n     |\n1312 +     #[derive(Debug)]\n1313 |     struct TestValue(usize);\n     |\n\nSome errors have detailed explanations: E0061, E0277.\nFor more information about an error, try `rustc --explain E0061`.\nwarning: `indexmap` (lib test) generated 8 warnings\nerror: could not compile `indexmap` (lib test) due to 3 previous errors; 8 warnings emitted\n"
                },
                {
                  "Err": "   Compiling libc v0.2.172\n   Compiling proc-macro2 v1.0.95\n   Compiling syn v1.0.109\n   Compiling getrandom v0.3.2\n   Compiling zerocopy v0.8.25\n   Compiling quote v1.0.40\n   Compiling syn v2.0.101\n   Compiling getrandom v0.2.16\n   Compiling rand_core v0.6.4\n   Compiling rand_core v0.9.3\n   Compiling rand v0.8.5\n   Compiling quickcheck v1.0.3\n   Compiling ppv-lite86 v0.2.21\n   Compiling rand_chacha v0.9.0\n   Compiling rand v0.9.1\n   Compiling serde_derive v1.0.219\n   Compiling ntest_test_cases v0.9.3\n   Compiling ntest_timeout v0.9.3\n   Compiling ntest v0.9.3\n   Compiling indexmap v2.9.0 (/home/abezbm/rust-utgen-test-crates-new/indexmap)\nwarning: unused import: `super::*`\n   --> src/map/slice.rs:520:9\n    |\n520 |     use super::*;\n    |         ^^^^^^^^\n    |\n    = note: `#[warn(unused_imports)]` on by default\n\nwarning: unused import: `super::*`\n --> src/map/tests.rs:1:5\n  |\n1 | use super::*;\n  |     ^^^^^^^^\n\nwarning: unused import: `std::string::String`\n --> src/map/tests.rs:2:5\n  |\n2 | use std::string::String;\n  |     ^^^^^^^^^^^^^^^^^^^\n\nwarning: unused macro definition: `move_index_oob`\n   --> src/map/tests.rs:817:14\n    |\n817 | macro_rules! move_index_oob {\n    |              ^^^^^^^^^^^^^^\n    |\n    = note: `#[warn(unused_macros)]` on by default\n\nwarning: unused import: `super::*`\n   --> src/set/slice.rs:334:9\n    |\n334 |     use super::*;\n    |         ^^^^^^^^\n\nwarning: unused import: `super::*`\n --> src/set/tests.rs:1:5\n  |\n1 | use super::*;\n  |     ^^^^^^^^\n\nwarning: unused import: `std::string::String`\n --> src/set/tests.rs:2:5\n  |\n2 | use std::string::String;\n  |     ^^^^^^^^^^^^^^^^^^^\n\nwarning: unused import: `ntest::timeout`\n    --> src/set.rs:1305:8\n     |\n1305 |    use ntest::timeout;\n     |        ^^^^^^^^^^^^^^\n\nerror[E0061]: this function takes 0 arguments but 1 argument was supplied\n    --> src/set.rs:1315:14\n     |\n1315 |         map: IndexMap::new(RandomState::new()),\n     |              ^^^^^^^^^^^^^ ------------------ unexpected argument of type `RandomState`\n     |\nnote: associated function defined here\n    --> src/map.rs:166:12\n     |\n166  |     pub fn new() -> Self {\n     |            ^^^\nhelp: remove the extra argument\n     |\n1315 -         map: IndexMap::new(RandomState::new()),\n1315 +         map: IndexMap::new(),\n     |\n\nerror[E0277]: `TestValue` doesn't implement `Debug`\n    --> src/set.rs:1334:5\n     |\n1334 |     assert_eq!(result3, (expected_index3, expected_replaced_value3));\n     |     ^^^^^^^^^^^^^^^^^^^^^^^^^^^^^^^^^^^^^^^^^^^^^^^^^^^^^^^^^^^^^^^^ `TestValue` cannot be formatted using `{:?}`\n     |\n     = help: the trait `Debug` is not implemented for `TestValue`, which is required by `(usize, Option<TestValue>): Debug`\n     = note: add `#[derive(Debug)]` to `TestValue` or manually `impl Debug for TestValue`\n     = help: the following other types implement trait `Debug`:\n               ()\n               (A, Z, Y, X, W, V, U, T)\n               (B, A, Z, Y, X, W, V, U, T)\n               (C, B, A, Z, Y, X, W, V, U, T)\n               (D, C, B, A, Z, Y, X, W, V, U, T)\n               (E, D, C, B, A, Z, Y, X, W, V, U, T)\n               (T,)\n               (U, T)\n             and 5 others\n     = note: this error originates in the macro `assert_eq` (in Nightly builds, run with -Z macro-backtrace for more info)\nhelp: consider annotating `TestValue` with `#[derive(Debug)]`\n     |\n1312 +     #[derive(Debug)]\n1313 |     struct TestValue(usize);\n     |\n\nSome errors have detailed explanations: E0061, E0277.\nFor more information about an error, try `rustc --explain E0061`.\nwarning: `indexmap` (lib test) generated 8 warnings\nerror: could not compile `indexmap` (lib test) due to 3 previous errors; 8 warnings emitted\n"
                }
              ],
              "repaired": [
                false,
                false,
                false
              ]
            },
            {
              "attrs": [],
              "prefix": [
                "{",
                "    use std::collections::hash_map::RandomState;",
                "",
                "    #[derive(Hash, Eq, PartialEq, Clone)]",
                "    struct TestValue(usize);",
                "",
                "    let mut index_set = IndexSet {",
                "        map: IndexMap::new(RandomState::new()),",
                "    };",
                "",
                "    index_set.insert(TestValue(42));",
                "    let result = index_set.replace_full(TestValue(42));",
                "}"
              ],
              "oracles": [
                [
                  "    let hash = index_set.map.hash(&TestValue(42));",
                  "    let expected_index = 0;",
                  "    let expected_replaced_value = Some(TestValue(42));",
                  "    assert_eq!(result.0, expected_index);"
                ],
                [
                  "    let hash = index_set.map.hash(&TestValue(42));",
                  "    let expected_index = 0;",
                  "    let expected_replaced_value = Some(TestValue(42));",
                  "    assert_eq!(result.1, expected_replaced_value);"
                ]
              ],
              "codes": [
                [
                  "{",
                  "    use std::collections::hash_map::RandomState;",
                  "",
                  "    #[derive(Hash, Eq, PartialEq, Clone)]",
                  "    struct TestValue(usize);",
                  "",
                  "    let mut index_set = IndexSet {",
                  "        map: IndexMap::new(RandomState::new()),",
                  "    };",
                  "",
                  "    index_set.insert(TestValue(42));",
                  "    let result = index_set.replace_full(TestValue(42));",
                  "    let hash = index_set.map.hash(&TestValue(42));",
                  "    let expected_index = 0;",
                  "    let expected_replaced_value = Some(TestValue(42));",
                  "    assert_eq!(result.0, expected_index);",
                  "}"
                ],
                [
                  "{",
                  "    use std::collections::hash_map::RandomState;",
                  "",
                  "    #[derive(Hash, Eq, PartialEq, Clone)]",
                  "    struct TestValue(usize);",
                  "",
                  "    let mut index_set = IndexSet {",
                  "        map: IndexMap::new(RandomState::new()),",
                  "    };",
                  "",
                  "    index_set.insert(TestValue(42));",
                  "    let result = index_set.replace_full(TestValue(42));",
                  "    let hash = index_set.map.hash(&TestValue(42));",
                  "    let expected_index = 0;",
                  "    let expected_replaced_value = Some(TestValue(42));",
                  "    assert_eq!(result.1, expected_replaced_value);",
                  "}"
                ]
              ],
              "can_compile": [
                {
                  "Err": "   Compiling libc v0.2.172\n   Compiling proc-macro2 v1.0.95\n   Compiling zerocopy v0.8.25\n   Compiling getrandom v0.3.2\n   Compiling syn v1.0.109\n   Compiling quote v1.0.40\n   Compiling syn v2.0.101\n   Compiling getrandom v0.2.16\n   Compiling rand_core v0.6.4\n   Compiling rand_core v0.9.3\n   Compiling rand v0.8.5\n   Compiling quickcheck v1.0.3\n   Compiling ppv-lite86 v0.2.21\n   Compiling rand_chacha v0.9.0\n   Compiling rand v0.9.1\n   Compiling serde_derive v1.0.219\n   Compiling ntest_timeout v0.9.3\n   Compiling ntest_test_cases v0.9.3\n   Compiling ntest v0.9.3\n   Compiling indexmap v2.9.0 (/home/abezbm/rust-utgen-test-crates-new/indexmap)\nwarning: unused import: `super::*`\n   --> src/map/slice.rs:520:9\n    |\n520 |     use super::*;\n    |         ^^^^^^^^\n    |\n    = note: `#[warn(unused_imports)]` on by default\n\nwarning: unused import: `super::*`\n --> src/map/tests.rs:1:5\n  |\n1 | use super::*;\n  |     ^^^^^^^^\n\nwarning: unused import: `std::string::String`\n --> src/map/tests.rs:2:5\n  |\n2 | use std::string::String;\n  |     ^^^^^^^^^^^^^^^^^^^\n\nwarning: unused macro definition: `move_index_oob`\n   --> src/map/tests.rs:817:14\n    |\n817 | macro_rules! move_index_oob {\n    |              ^^^^^^^^^^^^^^\n    |\n    = note: `#[warn(unused_macros)]` on by default\n\nwarning: unused import: `super::*`\n   --> src/set/slice.rs:334:9\n    |\n334 |     use super::*;\n    |         ^^^^^^^^\n\nwarning: unused import: `super::*`\n --> src/set/tests.rs:1:5\n  |\n1 | use super::*;\n  |     ^^^^^^^^\n\nwarning: unused import: `std::string::String`\n --> src/set/tests.rs:2:5\n  |\n2 | use std::string::String;\n  |     ^^^^^^^^^^^^^^^^^^^\n\nwarning: unused import: `ntest::timeout`\n    --> src/set.rs:1305:8\n     |\n1305 |    use ntest::timeout;\n     |        ^^^^^^^^^^^^^^\n\nerror[E0061]: this function takes 0 arguments but 1 argument was supplied\n    --> src/set.rs:1315:14\n     |\n1315 |         map: IndexMap::new(RandomState::new()),\n     |              ^^^^^^^^^^^^^ ------------------ unexpected argument of type `RandomState`\n     |\nnote: associated function defined here\n    --> src/map.rs:166:12\n     |\n166  |     pub fn new() -> Self {\n     |            ^^^\nhelp: remove the extra argument\n     |\n1315 -         map: IndexMap::new(RandomState::new()),\n1315 +         map: IndexMap::new(),\n     |\n\nFor more information about this error, try `rustc --explain E0061`.\nwarning: `indexmap` (lib test) generated 8 warnings\nerror: could not compile `indexmap` (lib test) due to 1 previous error; 8 warnings emitted\n"
                },
                {
                  "Err": "   Compiling libc v0.2.172\n   Compiling proc-macro2 v1.0.95\n   Compiling syn v1.0.109\n   Compiling zerocopy v0.8.25\n   Compiling getrandom v0.3.2\n   Compiling quote v1.0.40\n   Compiling syn v2.0.101\n   Compiling getrandom v0.2.16\n   Compiling rand_core v0.6.4\n   Compiling rand_core v0.9.3\n   Compiling rand v0.8.5\n   Compiling quickcheck v1.0.3\n   Compiling ppv-lite86 v0.2.21\n   Compiling rand_chacha v0.9.0\n   Compiling rand v0.9.1\n   Compiling serde_derive v1.0.219\n   Compiling ntest_timeout v0.9.3\n   Compiling ntest_test_cases v0.9.3\n   Compiling ntest v0.9.3\n   Compiling indexmap v2.9.0 (/home/abezbm/rust-utgen-test-crates-new/indexmap)\nwarning: unused import: `super::*`\n   --> src/map/slice.rs:520:9\n    |\n520 |     use super::*;\n    |         ^^^^^^^^\n    |\n    = note: `#[warn(unused_imports)]` on by default\n\nwarning: unused import: `super::*`\n --> src/map/tests.rs:1:5\n  |\n1 | use super::*;\n  |     ^^^^^^^^\n\nwarning: unused import: `std::string::String`\n --> src/map/tests.rs:2:5\n  |\n2 | use std::string::String;\n  |     ^^^^^^^^^^^^^^^^^^^\n\nwarning: unused macro definition: `move_index_oob`\n   --> src/map/tests.rs:817:14\n    |\n817 | macro_rules! move_index_oob {\n    |              ^^^^^^^^^^^^^^\n    |\n    = note: `#[warn(unused_macros)]` on by default\n\nwarning: unused import: `super::*`\n   --> src/set/slice.rs:334:9\n    |\n334 |     use super::*;\n    |         ^^^^^^^^\n\nwarning: unused import: `super::*`\n --> src/set/tests.rs:1:5\n  |\n1 | use super::*;\n  |     ^^^^^^^^\n\nwarning: unused import: `std::string::String`\n --> src/set/tests.rs:2:5\n  |\n2 | use std::string::String;\n  |     ^^^^^^^^^^^^^^^^^^^\n\nwarning: unused import: `ntest::timeout`\n    --> src/set.rs:1305:8\n     |\n1305 |    use ntest::timeout;\n     |        ^^^^^^^^^^^^^^\n\nerror[E0061]: this function takes 0 arguments but 1 argument was supplied\n    --> src/set.rs:1315:14\n     |\n1315 |         map: IndexMap::new(RandomState::new()),\n     |              ^^^^^^^^^^^^^ ------------------ unexpected argument of type `RandomState`\n     |\nnote: associated function defined here\n    --> src/map.rs:166:12\n     |\n166  |     pub fn new() -> Self {\n     |            ^^^\nhelp: remove the extra argument\n     |\n1315 -         map: IndexMap::new(RandomState::new()),\n1315 +         map: IndexMap::new(),\n     |\n\nerror[E0277]: `TestValue` doesn't implement `Debug`\n    --> src/set.rs:1323:5\n     |\n1323 |     assert_eq!(result.1, expected_replaced_value);\n     |     ^^^^^^^^^^^^^^^^^^^^^^^^^^^^^^^^^^^^^^^^^^^^^ `TestValue` cannot be formatted using `{:?}`\n     |\n     = help: the trait `Debug` is not implemented for `TestValue`, which is required by `Option<TestValue>: Debug`\n     = note: add `#[derive(Debug)]` to `TestValue` or manually `impl Debug for TestValue`\n     = help: the trait `Debug` is implemented for `Option<T>`\n     = note: this error originates in the macro `assert_eq` (in Nightly builds, run with -Z macro-backtrace for more info)\nhelp: consider annotating `TestValue` with `#[derive(Debug)]`\n     |\n1312 +     #[derive(Debug)]\n1313 |     struct TestValue(usize);\n     |\n\nSome errors have detailed explanations: E0061, E0277.\nFor more information about an error, try `rustc --explain E0061`.\nwarning: `indexmap` (lib test) generated 8 warnings\nerror: could not compile `indexmap` (lib test) due to 3 previous errors; 8 warnings emitted\n"
                }
              ],
              "repaired": [
                false,
                false
              ]
            },
            {
              "attrs": [],
              "prefix": [
                "{",
                "    use std::collections::hash_map::RandomState;",
                "",
                "    #[derive(Hash, Eq, PartialEq, Clone)]",
                "    struct TestValue(usize);",
                "",
                "    let mut index_set = IndexSet {",
                "        map: IndexMap::new(RandomState::new()),",
                "    };",
                "",
                "    index_set.insert(TestValue(10));",
                "    index_set.insert(TestValue(10)); // Duplicate entry",
                "",
                "    let result = index_set.replace_full(TestValue(10));",
                "}"
              ],
              "oracles": [
                [
                  "    let hash = index_set.map.hash(&TestValue(10));",
                  "    let expected_index = 0;",
                  "    let expected_replaced_value = Some(TestValue(10));",
                  "    assert_eq!(result, (expected_index, expected_replaced_value));"
                ]
              ],
              "codes": [
                [
                  "{",
                  "    use std::collections::hash_map::RandomState;",
                  "",
                  "    #[derive(Hash, Eq, PartialEq, Clone)]",
                  "    struct TestValue(usize);",
                  "",
                  "    let mut index_set = IndexSet {",
                  "        map: IndexMap::new(RandomState::new()),",
                  "    };",
                  "",
                  "    index_set.insert(TestValue(10));",
                  "    index_set.insert(TestValue(10)); // Duplicate entry",
                  "",
                  "    let result = index_set.replace_full(TestValue(10));",
                  "    let hash = index_set.map.hash(&TestValue(10));",
                  "    let expected_index = 0;",
                  "    let expected_replaced_value = Some(TestValue(10));",
                  "    assert_eq!(result, (expected_index, expected_replaced_value));",
                  "}"
                ]
              ],
              "can_compile": [
                {
                  "Err": "   Compiling libc v0.2.172\n   Compiling proc-macro2 v1.0.95\n   Compiling syn v1.0.109\n   Compiling zerocopy v0.8.25\n   Compiling getrandom v0.3.2\n   Compiling quote v1.0.40\n   Compiling syn v2.0.101\n   Compiling getrandom v0.2.16\n   Compiling rand_core v0.6.4\n   Compiling rand_core v0.9.3\n   Compiling rand v0.8.5\n   Compiling quickcheck v1.0.3\n   Compiling ppv-lite86 v0.2.21\n   Compiling rand_chacha v0.9.0\n   Compiling rand v0.9.1\n   Compiling serde_derive v1.0.219\n   Compiling ntest_test_cases v0.9.3\n   Compiling ntest_timeout v0.9.3\n   Compiling ntest v0.9.3\n   Compiling indexmap v2.9.0 (/home/abezbm/rust-utgen-test-crates-new/indexmap)\nwarning: unused import: `super::*`\n   --> src/map/slice.rs:520:9\n    |\n520 |     use super::*;\n    |         ^^^^^^^^\n    |\n    = note: `#[warn(unused_imports)]` on by default\n\nwarning: unused import: `super::*`\n --> src/map/tests.rs:1:5\n  |\n1 | use super::*;\n  |     ^^^^^^^^\n\nwarning: unused import: `std::string::String`\n --> src/map/tests.rs:2:5\n  |\n2 | use std::string::String;\n  |     ^^^^^^^^^^^^^^^^^^^\n\nwarning: unused macro definition: `move_index_oob`\n   --> src/map/tests.rs:817:14\n    |\n817 | macro_rules! move_index_oob {\n    |              ^^^^^^^^^^^^^^\n    |\n    = note: `#[warn(unused_macros)]` on by default\n\nwarning: unused import: `super::*`\n   --> src/set/slice.rs:334:9\n    |\n334 |     use super::*;\n    |         ^^^^^^^^\n\nwarning: unused import: `super::*`\n --> src/set/tests.rs:1:5\n  |\n1 | use super::*;\n  |     ^^^^^^^^\n\nwarning: unused import: `std::string::String`\n --> src/set/tests.rs:2:5\n  |\n2 | use std::string::String;\n  |     ^^^^^^^^^^^^^^^^^^^\n\nwarning: unused import: `ntest::timeout`\n    --> src/set.rs:1305:8\n     |\n1305 |    use ntest::timeout;\n     |        ^^^^^^^^^^^^^^\n\nerror[E0061]: this function takes 0 arguments but 1 argument was supplied\n    --> src/set.rs:1315:14\n     |\n1315 |         map: IndexMap::new(RandomState::new()),\n     |              ^^^^^^^^^^^^^ ------------------ unexpected argument of type `RandomState`\n     |\nnote: associated function defined here\n    --> src/map.rs:166:12\n     |\n166  |     pub fn new() -> Self {\n     |            ^^^\nhelp: remove the extra argument\n     |\n1315 -         map: IndexMap::new(RandomState::new()),\n1315 +         map: IndexMap::new(),\n     |\n\nerror[E0277]: `TestValue` doesn't implement `Debug`\n    --> src/set.rs:1325:5\n     |\n1325 |     assert_eq!(result, (expected_index, expected_replaced_value));\n     |     ^^^^^^^^^^^^^^^^^^^^^^^^^^^^^^^^^^^^^^^^^^^^^^^^^^^^^^^^^^^^^ `TestValue` cannot be formatted using `{:?}`\n     |\n     = help: the trait `Debug` is not implemented for `TestValue`, which is required by `(usize, Option<TestValue>): Debug`\n     = note: add `#[derive(Debug)]` to `TestValue` or manually `impl Debug for TestValue`\n     = help: the following other types implement trait `Debug`:\n               ()\n               (A, Z, Y, X, W, V, U, T)\n               (B, A, Z, Y, X, W, V, U, T)\n               (C, B, A, Z, Y, X, W, V, U, T)\n               (D, C, B, A, Z, Y, X, W, V, U, T)\n               (E, D, C, B, A, Z, Y, X, W, V, U, T)\n               (T,)\n               (U, T)\n             and 5 others\n     = note: this error originates in the macro `assert_eq` (in Nightly builds, run with -Z macro-backtrace for more info)\nhelp: consider annotating `TestValue` with `#[derive(Debug)]`\n     |\n1312 +     #[derive(Debug)]\n1313 |     struct TestValue(usize);\n     |\n\nSome errors have detailed explanations: E0061, E0277.\nFor more information about an error, try `rustc --explain E0061`.\nwarning: `indexmap` (lib test) generated 8 warnings\nerror: could not compile `indexmap` (lib test) due to 3 previous errors; 8 warnings emitted\n"
                }
              ],
              "repaired": [
                false
              ]
            },
            {
              "attrs": [],
              "prefix": [
                "{",
                "    use std::collections::hash_map::RandomState;",
                "",
                "    #[derive(Hash, Eq, PartialEq, Clone)]",
                "    struct TestValue(usize);",
                "",
                "    let mut index_set = IndexSet {",
                "        map: IndexMap::new(RandomState::new()),",
                "    };",
                "",
                "    index_set.insert(TestValue(42));",
                "    index_set.insert(TestValue(100));",
                "    index_set.insert(TestValue(200));",
                "",
                "    let result = index_set.replace_full(TestValue(100));",
                "}"
              ],
              "oracles": [
                [
                  "    let hash = index_set.map.hash(&TestValue(100));",
                  "    let expected_index = 1;",
                  "    let expected_replaced_value = Some(TestValue(100));",
                  "    assert_eq!(result, (expected_index, expected_replaced_value));"
                ]
              ],
              "codes": [
                [
                  "{",
                  "    use std::collections::hash_map::RandomState;",
                  "",
                  "    #[derive(Hash, Eq, PartialEq, Clone)]",
                  "    struct TestValue(usize);",
                  "",
                  "    let mut index_set = IndexSet {",
                  "        map: IndexMap::new(RandomState::new()),",
                  "    };",
                  "",
                  "    index_set.insert(TestValue(42));",
                  "    index_set.insert(TestValue(100));",
                  "    index_set.insert(TestValue(200));",
                  "",
                  "    let result = index_set.replace_full(TestValue(100));",
                  "    let hash = index_set.map.hash(&TestValue(100));",
                  "    let expected_index = 1;",
                  "    let expected_replaced_value = Some(TestValue(100));",
                  "    assert_eq!(result, (expected_index, expected_replaced_value));",
                  "}"
                ]
              ],
              "can_compile": [
                {
                  "Err": "   Compiling libc v0.2.172\n   Compiling proc-macro2 v1.0.95\n   Compiling syn v1.0.109\n   Compiling zerocopy v0.8.25\n   Compiling getrandom v0.3.2\n   Compiling quote v1.0.40\n   Compiling syn v2.0.101\n   Compiling getrandom v0.2.16\n   Compiling rand_core v0.6.4\n   Compiling rand_core v0.9.3\n   Compiling rand v0.8.5\n   Compiling quickcheck v1.0.3\n   Compiling ppv-lite86 v0.2.21\n   Compiling rand_chacha v0.9.0\n   Compiling rand v0.9.1\n   Compiling serde_derive v1.0.219\n   Compiling ntest_timeout v0.9.3\n   Compiling ntest_test_cases v0.9.3\n   Compiling ntest v0.9.3\n   Compiling indexmap v2.9.0 (/home/abezbm/rust-utgen-test-crates-new/indexmap)\nwarning: unused import: `super::*`\n   --> src/map/slice.rs:520:9\n    |\n520 |     use super::*;\n    |         ^^^^^^^^\n    |\n    = note: `#[warn(unused_imports)]` on by default\n\nwarning: unused import: `super::*`\n --> src/map/tests.rs:1:5\n  |\n1 | use super::*;\n  |     ^^^^^^^^\n\nwarning: unused import: `std::string::String`\n --> src/map/tests.rs:2:5\n  |\n2 | use std::string::String;\n  |     ^^^^^^^^^^^^^^^^^^^\n\nwarning: unused macro definition: `move_index_oob`\n   --> src/map/tests.rs:817:14\n    |\n817 | macro_rules! move_index_oob {\n    |              ^^^^^^^^^^^^^^\n    |\n    = note: `#[warn(unused_macros)]` on by default\n\nwarning: unused import: `super::*`\n   --> src/set/slice.rs:334:9\n    |\n334 |     use super::*;\n    |         ^^^^^^^^\n\nwarning: unused import: `super::*`\n --> src/set/tests.rs:1:5\n  |\n1 | use super::*;\n  |     ^^^^^^^^\n\nwarning: unused import: `std::string::String`\n --> src/set/tests.rs:2:5\n  |\n2 | use std::string::String;\n  |     ^^^^^^^^^^^^^^^^^^^\n\nwarning: unused import: `ntest::timeout`\n    --> src/set.rs:1305:8\n     |\n1305 |    use ntest::timeout;\n     |        ^^^^^^^^^^^^^^\n\nerror[E0061]: this function takes 0 arguments but 1 argument was supplied\n    --> src/set.rs:1315:14\n     |\n1315 |         map: IndexMap::new(RandomState::new()),\n     |              ^^^^^^^^^^^^^ ------------------ unexpected argument of type `RandomState`\n     |\nnote: associated function defined here\n    --> src/map.rs:166:12\n     |\n166  |     pub fn new() -> Self {\n     |            ^^^\nhelp: remove the extra argument\n     |\n1315 -         map: IndexMap::new(RandomState::new()),\n1315 +         map: IndexMap::new(),\n     |\n\nerror[E0277]: `TestValue` doesn't implement `Debug`\n    --> src/set.rs:1326:5\n     |\n1326 |     assert_eq!(result, (expected_index, expected_replaced_value));\n     |     ^^^^^^^^^^^^^^^^^^^^^^^^^^^^^^^^^^^^^^^^^^^^^^^^^^^^^^^^^^^^^ `TestValue` cannot be formatted using `{:?}`\n     |\n     = help: the trait `Debug` is not implemented for `TestValue`, which is required by `(usize, Option<TestValue>): Debug`\n     = note: add `#[derive(Debug)]` to `TestValue` or manually `impl Debug for TestValue`\n     = help: the following other types implement trait `Debug`:\n               ()\n               (A, Z, Y, X, W, V, U, T)\n               (B, A, Z, Y, X, W, V, U, T)\n               (C, B, A, Z, Y, X, W, V, U, T)\n               (D, C, B, A, Z, Y, X, W, V, U, T)\n               (E, D, C, B, A, Z, Y, X, W, V, U, T)\n               (T,)\n               (U, T)\n             and 5 others\n     = note: this error originates in the macro `assert_eq` (in Nightly builds, run with -Z macro-backtrace for more info)\nhelp: consider annotating `TestValue` with `#[derive(Debug)]`\n     |\n1312 +     #[derive(Debug)]\n1313 |     struct TestValue(usize);\n     |\n\nSome errors have detailed explanations: E0061, E0277.\nFor more information about an error, try `rustc --explain E0061`.\nwarning: `indexmap` (lib test) generated 8 warnings\nerror: could not compile `indexmap` (lib test) due to 3 previous errors; 8 warnings emitted\n"
                }
              ],
              "repaired": [
                false
              ]
            }
          ]
        }
      ]
    },
    {
      "chain_id": 2,
      "prompt_conds": [
        "// constraint: self.map.core.replace_full(hash, value, ()) matches (i, None) is true\n",
        "// expected return value/type: (i, None)\n"
      ],
      "input_infer": "0 <= value < MAX_VALUE, where MAX_VALUE is the maximum allowable value for type T and hash value generation must be initialized such that it does not find an existing entry (i.e., hash not already present in the map).\n",
      "answers": [
        {
          "uses": [
            "use std::collections::hash_map::RandomState;"
          ],
          "has_test_mod": false,
          "common": [],
          "chain_tests": [
            {
              "attrs": [],
              "prefix": [
                "{",
                "    use std::collections::hash_map::RandomState;",
                "",
                "    struct TestIndexSet {",
                "        map: IndexMap<i32, (), RandomState>,",
                "    }",
                "",
                "    let mut set = TestIndexSet { ",
                "        map: IndexMap { ",
                "            core: IndexMapCore { ",
                "                indices: Indices::new(), ",
                "                entries: Vec::new() ",
                "            },",
                "            hash_builder: RandomState::new()",
                "        }",
                "    };",
                "",
                "    let input_value = 42; // Assuming 42 is a valid value within the allowed range and not already present in the map",
                "    let (index, replaced_value) = set.replace_full(input_value);",
                "}"
              ],
              "oracles": [
                [
                  "    let hash = set.map.hash(&input_value);",
                  "    let expected_index = set.map.core.indices.insert(hash, input_value);",
                  "    let expected_replaced_value = None;",
                  "    assert_eq!(index, expected_index);"
                ],
                [
                  "    let hash = set.map.hash(&input_value);",
                  "    let expected_index = set.map.core.indices.insert(hash, input_value);",
                  "    let expected_replaced_value = None;",
                  "    assert_eq!(replaced_value, expected_replaced_value);"
                ]
              ],
              "codes": [
                [
                  "{",
                  "    use std::collections::hash_map::RandomState;",
                  "",
                  "    struct TestIndexSet {",
                  "        map: IndexMap<i32, (), RandomState>,",
                  "    }",
                  "",
                  "    let mut set = TestIndexSet { ",
                  "        map: IndexMap { ",
                  "            core: IndexMapCore { ",
                  "                indices: Indices::new(), ",
                  "                entries: Vec::new() ",
                  "            },",
                  "            hash_builder: RandomState::new()",
                  "        }",
                  "    };",
                  "",
                  "    let input_value = 42; // Assuming 42 is a valid value within the allowed range and not already present in the map",
                  "    let (index, replaced_value) = set.replace_full(input_value);",
                  "    let hash = set.map.hash(&input_value);",
                  "    let expected_index = set.map.core.indices.insert(hash, input_value);",
                  "    let expected_replaced_value = None;",
                  "    assert_eq!(index, expected_index);",
                  "}"
                ],
                [
                  "{",
                  "    use std::collections::hash_map::RandomState;",
                  "",
                  "    struct TestIndexSet {",
                  "        map: IndexMap<i32, (), RandomState>,",
                  "    }",
                  "",
                  "    let mut set = TestIndexSet { ",
                  "        map: IndexMap { ",
                  "            core: IndexMapCore { ",
                  "                indices: Indices::new(), ",
                  "                entries: Vec::new() ",
                  "            },",
                  "            hash_builder: RandomState::new()",
                  "        }",
                  "    };",
                  "",
                  "    let input_value = 42; // Assuming 42 is a valid value within the allowed range and not already present in the map",
                  "    let (index, replaced_value) = set.replace_full(input_value);",
                  "    let hash = set.map.hash(&input_value);",
                  "    let expected_index = set.map.core.indices.insert(hash, input_value);",
                  "    let expected_replaced_value = None;",
                  "    assert_eq!(replaced_value, expected_replaced_value);",
                  "}"
                ]
              ],
              "can_compile": [
                {
                  "Err": "   Compiling libc v0.2.172\n   Compiling proc-macro2 v1.0.95\n   Compiling syn v1.0.109\n   Compiling zerocopy v0.8.25\n   Compiling getrandom v0.3.2\n   Compiling quote v1.0.40\n   Compiling syn v2.0.101\n   Compiling getrandom v0.2.16\n   Compiling rand_core v0.6.4\n   Compiling rand_core v0.9.3\n   Compiling rand v0.8.5\n   Compiling quickcheck v1.0.3\n   Compiling ppv-lite86 v0.2.21\n   Compiling rand_chacha v0.9.0\n   Compiling rand v0.9.1\n   Compiling serde_derive v1.0.219\n   Compiling ntest_timeout v0.9.3\n   Compiling ntest_test_cases v0.9.3\n   Compiling ntest v0.9.3\n   Compiling indexmap v2.9.0 (/home/abezbm/rust-utgen-test-crates-new/indexmap)\nerror[E0422]: cannot find struct, variant or union type `IndexMapCore` in this scope\n    --> src/set.rs:1317:19\n     |\n1317 |             core: IndexMapCore { \n     |                   ^^^^^^^^^^^^ help: a struct with a similar name exists: `IndexMap`\n     |\n    ::: src/map.rs:87:1\n     |\n87   | pub struct IndexMap<K, V, S = RandomState> {\n     | ------------------------------------------ similarly named struct `IndexMap` defined here\n     |\nnote: struct `crate::map::tests::IndexMapCore` exists but is inaccessible\n    --> src/map/core.rs:31:1\n     |\n31   | pub(crate) struct IndexMapCore<K, V> {\n     | ^^^^^^^^^^^^^^^^^^^^^^^^^^^^^^^^^^^^ not accessible\n\nerror[E0433]: failed to resolve: use of undeclared type `Indices`\n    --> src/set.rs:1318:26\n     |\n1318 |                 indices: Indices::new(), \n     |                          ^^^^^^^ use of undeclared type `Indices`\n     |\nnote: type alias `crate::map::core::Indices` exists but is inaccessible\n    --> src/map/core.rs:24:1\n     |\n24   | type Indices = hash_table::HashTable<usize>;\n     | ^^^^^^^^^^^^^^^^^^^^^^^^^^^^^^^^^^^^^^^^^^^^ not accessible\n\nwarning: unused import: `super::*`\n   --> src/map/slice.rs:520:9\n    |\n520 |     use super::*;\n    |         ^^^^^^^^\n    |\n    = note: `#[warn(unused_imports)]` on by default\n\nwarning: unused import: `super::*`\n --> src/map/tests.rs:1:5\n  |\n1 | use super::*;\n  |     ^^^^^^^^\n\nwarning: unused import: `std::string::String`\n --> src/map/tests.rs:2:5\n  |\n2 | use std::string::String;\n  |     ^^^^^^^^^^^^^^^^^^^\n\nwarning: unused macro definition: `move_index_oob`\n   --> src/map/tests.rs:817:14\n    |\n817 | macro_rules! move_index_oob {\n    |              ^^^^^^^^^^^^^^\n    |\n    = note: `#[warn(unused_macros)]` on by default\n\nwarning: unused import: `super::*`\n   --> src/set/slice.rs:334:9\n    |\n334 |     use super::*;\n    |         ^^^^^^^^\n\nwarning: unused import: `super::*`\n --> src/set/tests.rs:1:5\n  |\n1 | use super::*;\n  |     ^^^^^^^^\n\nwarning: unused import: `std::string::String`\n --> src/set/tests.rs:2:5\n  |\n2 | use std::string::String;\n  |     ^^^^^^^^^^^^^^^^^^^\n\nwarning: unused import: `ntest::timeout`\n    --> src/set.rs:1305:8\n     |\n1305 |    use ntest::timeout;\n     |        ^^^^^^^^^^^^^^\n\nerror[E0599]: no method named `replace_full` found for struct `TestIndexSet` in the current scope\n    --> src/set.rs:1326:39\n     |\n1311 |     struct TestIndexSet {\n     |     ------------------- method `replace_full` not found for this struct\n...\n1326 |     let (index, replaced_value) = set.replace_full(input_value);\n     |                                       ^^^^^^^^^^^^ method not found in `TestIndexSet`\n     |\nhelp: one of the expressions' fields has a method of the same name\n     |\n1326 |     let (index, replaced_value) = set.map.core.replace_full(input_value);\n     |                                       +++++++++\n\nerror[E0616]: field `indices` of struct `IndexMapCore` is private\n    --> src/set.rs:1328:39\n     |\n1328 |     let expected_index = set.map.core.indices.insert(hash, input_value);\n     |                                       ^^^^^^^ private field\n\nSome errors have detailed explanations: E0422, E0433, E0599, E0616.\nFor more information about an error, try `rustc --explain E0422`.\nwarning: `indexmap` (lib test) generated 8 warnings\nerror: could not compile `indexmap` (lib test) due to 4 previous errors; 8 warnings emitted\n"
                },
                {
                  "Err": "   Compiling libc v0.2.172\n   Compiling proc-macro2 v1.0.95\n   Compiling getrandom v0.3.2\n   Compiling zerocopy v0.8.25\n   Compiling syn v1.0.109\n   Compiling quote v1.0.40\n   Compiling syn v2.0.101\n   Compiling getrandom v0.2.16\n   Compiling rand_core v0.6.4\n   Compiling rand_core v0.9.3\n   Compiling rand v0.8.5\n   Compiling quickcheck v1.0.3\n   Compiling ppv-lite86 v0.2.21\n   Compiling rand_chacha v0.9.0\n   Compiling rand v0.9.1\n   Compiling serde_derive v1.0.219\n   Compiling ntest_timeout v0.9.3\n   Compiling ntest_test_cases v0.9.3\n   Compiling ntest v0.9.3\n   Compiling indexmap v2.9.0 (/home/abezbm/rust-utgen-test-crates-new/indexmap)\nerror[E0422]: cannot find struct, variant or union type `IndexMapCore` in this scope\n    --> src/set.rs:1317:19\n     |\n1317 |             core: IndexMapCore { \n     |                   ^^^^^^^^^^^^ help: a struct with a similar name exists: `IndexMap`\n     |\n    ::: src/map.rs:87:1\n     |\n87   | pub struct IndexMap<K, V, S = RandomState> {\n     | ------------------------------------------ similarly named struct `IndexMap` defined here\n     |\nnote: struct `crate::map::tests::IndexMapCore` exists but is inaccessible\n    --> src/map/core.rs:31:1\n     |\n31   | pub(crate) struct IndexMapCore<K, V> {\n     | ^^^^^^^^^^^^^^^^^^^^^^^^^^^^^^^^^^^^ not accessible\n\nerror[E0433]: failed to resolve: use of undeclared type `Indices`\n    --> src/set.rs:1318:26\n     |\n1318 |                 indices: Indices::new(), \n     |                          ^^^^^^^ use of undeclared type `Indices`\n     |\nnote: type alias `crate::map::core::Indices` exists but is inaccessible\n    --> src/map/core.rs:24:1\n     |\n24   | type Indices = hash_table::HashTable<usize>;\n     | ^^^^^^^^^^^^^^^^^^^^^^^^^^^^^^^^^^^^^^^^^^^^ not accessible\n\nwarning: unused import: `super::*`\n   --> src/map/slice.rs:520:9\n    |\n520 |     use super::*;\n    |         ^^^^^^^^\n    |\n    = note: `#[warn(unused_imports)]` on by default\n\nwarning: unused import: `super::*`\n --> src/map/tests.rs:1:5\n  |\n1 | use super::*;\n  |     ^^^^^^^^\n\nwarning: unused import: `std::string::String`\n --> src/map/tests.rs:2:5\n  |\n2 | use std::string::String;\n  |     ^^^^^^^^^^^^^^^^^^^\n\nwarning: unused macro definition: `move_index_oob`\n   --> src/map/tests.rs:817:14\n    |\n817 | macro_rules! move_index_oob {\n    |              ^^^^^^^^^^^^^^\n    |\n    = note: `#[warn(unused_macros)]` on by default\n\nwarning: unused import: `super::*`\n   --> src/set/slice.rs:334:9\n    |\n334 |     use super::*;\n    |         ^^^^^^^^\n\nwarning: unused import: `super::*`\n --> src/set/tests.rs:1:5\n  |\n1 | use super::*;\n  |     ^^^^^^^^\n\nwarning: unused import: `std::string::String`\n --> src/set/tests.rs:2:5\n  |\n2 | use std::string::String;\n  |     ^^^^^^^^^^^^^^^^^^^\n\nwarning: unused import: `ntest::timeout`\n    --> src/set.rs:1305:8\n     |\n1305 |    use ntest::timeout;\n     |        ^^^^^^^^^^^^^^\n\nerror[E0599]: no method named `replace_full` found for struct `TestIndexSet` in the current scope\n    --> src/set.rs:1326:39\n     |\n1311 |     struct TestIndexSet {\n     |     ------------------- method `replace_full` not found for this struct\n...\n1326 |     let (index, replaced_value) = set.replace_full(input_value);\n     |                                       ^^^^^^^^^^^^ method not found in `TestIndexSet`\n     |\nhelp: one of the expressions' fields has a method of the same name\n     |\n1326 |     let (index, replaced_value) = set.map.core.replace_full(input_value);\n     |                                       +++++++++\n\nerror[E0616]: field `indices` of struct `IndexMapCore` is private\n    --> src/set.rs:1328:39\n     |\n1328 |     let expected_index = set.map.core.indices.insert(hash, input_value);\n     |                                       ^^^^^^^ private field\n\nSome errors have detailed explanations: E0422, E0433, E0599, E0616.\nFor more information about an error, try `rustc --explain E0422`.\nwarning: `indexmap` (lib test) generated 8 warnings\nerror: could not compile `indexmap` (lib test) due to 4 previous errors; 8 warnings emitted\n"
                }
              ],
              "repaired": [
                false,
                false
              ]
            },
            {
              "attrs": [],
              "prefix": [
                "{",
                "    use std::collections::hash_map::RandomState;",
                "",
                "    struct TestIndexSet {",
                "        map: IndexMap<i32, (), RandomState>,",
                "    }",
                "",
                "    let mut set = TestIndexSet { ",
                "        map: IndexMap { ",
                "            core: IndexMapCore { ",
                "                indices: Indices::new(), ",
                "                entries: Vec::new() ",
                "            },",
                "            hash_builder: RandomState::new()",
                "        }",
                "    };",
                "",
                "    let input_value = 15; // Any value not in the map",
                "    let (index, replaced_value) = set.replace_full(input_value);",
                "}"
              ],
              "oracles": [
                [
                  "    let mut set = TestIndexSet {",
                  "    map: IndexMap {",
                  "    core: IndexMapCore {",
                  "    indices: Indices::new(),",
                  "    entries: Vec::new()",
                  "    },",
                  "    hash_builder: RandomState::new()",
                  "    }",
                  "    };",
                  "    let input_value = 15; // Any value not in the map",
                  "    let (index, replaced_value) = set.replace_full(input_value);",
                  "    assert_eq!(replaced_value, None);"
                ],
                [
                  "    let mut set = TestIndexSet {",
                  "    map: IndexMap {",
                  "    core: IndexMapCore {",
                  "    indices: Indices::new(),",
                  "    entries: Vec::new()",
                  "    },",
                  "    hash_builder: RandomState::new()",
                  "    }",
                  "    };",
                  "    let input_value = 15; // Any value not in the map",
                  "    let (index, replaced_value) = set.replace_full(input_value);",
                  "    assert!(index >= 0);"
                ],
                [
                  "    let mut set = TestIndexSet {",
                  "    map: IndexMap {",
                  "    core: IndexMapCore {",
                  "    indices: Indices::new(),",
                  "    entries: Vec::new()",
                  "    },",
                  "    hash_builder: RandomState::new()",
                  "    }",
                  "    };",
                  "    let input_value = 15; // Any value not in the map",
                  "    let (index, replaced_value) = set.replace_full(input_value);",
                  "    assert!(index == set.map.core.entries.len());"
                ]
              ],
              "codes": [
                [
                  "{",
                  "    use std::collections::hash_map::RandomState;",
                  "",
                  "    struct TestIndexSet {",
                  "        map: IndexMap<i32, (), RandomState>,",
                  "    }",
                  "",
                  "    let mut set = TestIndexSet { ",
                  "        map: IndexMap { ",
                  "            core: IndexMapCore { ",
                  "                indices: Indices::new(), ",
                  "                entries: Vec::new() ",
                  "            },",
                  "            hash_builder: RandomState::new()",
                  "        }",
                  "    };",
                  "",
                  "    let input_value = 15; // Any value not in the map",
                  "    let (index, replaced_value) = set.replace_full(input_value);",
                  "    let mut set = TestIndexSet {",
                  "    map: IndexMap {",
                  "    core: IndexMapCore {",
                  "    indices: Indices::new(),",
                  "    entries: Vec::new()",
                  "    },",
                  "    hash_builder: RandomState::new()",
                  "    }",
                  "    };",
                  "    let input_value = 15; // Any value not in the map",
                  "    let (index, replaced_value) = set.replace_full(input_value);",
                  "    assert_eq!(replaced_value, None);",
                  "}"
                ],
                [
                  "{",
                  "    use std::collections::hash_map::RandomState;",
                  "",
                  "    struct TestIndexSet {",
                  "        map: IndexMap<i32, (), RandomState>,",
                  "    }",
                  "",
                  "    let mut set = TestIndexSet { ",
                  "        map: IndexMap { ",
                  "            core: IndexMapCore { ",
                  "                indices: Indices::new(), ",
                  "                entries: Vec::new() ",
                  "            },",
                  "            hash_builder: RandomState::new()",
                  "        }",
                  "    };",
                  "",
                  "    let input_value = 15; // Any value not in the map",
                  "    let (index, replaced_value) = set.replace_full(input_value);",
                  "    let mut set = TestIndexSet {",
                  "    map: IndexMap {",
                  "    core: IndexMapCore {",
                  "    indices: Indices::new(),",
                  "    entries: Vec::new()",
                  "    },",
                  "    hash_builder: RandomState::new()",
                  "    }",
                  "    };",
                  "    let input_value = 15; // Any value not in the map",
                  "    let (index, replaced_value) = set.replace_full(input_value);",
                  "    assert!(index >= 0);",
                  "}"
                ],
                [
                  "{",
                  "    use std::collections::hash_map::RandomState;",
                  "",
                  "    struct TestIndexSet {",
                  "        map: IndexMap<i32, (), RandomState>,",
                  "    }",
                  "",
                  "    let mut set = TestIndexSet { ",
                  "        map: IndexMap { ",
                  "            core: IndexMapCore { ",
                  "                indices: Indices::new(), ",
                  "                entries: Vec::new() ",
                  "            },",
                  "            hash_builder: RandomState::new()",
                  "        }",
                  "    };",
                  "",
                  "    let input_value = 15; // Any value not in the map",
                  "    let (index, replaced_value) = set.replace_full(input_value);",
                  "    let mut set = TestIndexSet {",
                  "    map: IndexMap {",
                  "    core: IndexMapCore {",
                  "    indices: Indices::new(),",
                  "    entries: Vec::new()",
                  "    },",
                  "    hash_builder: RandomState::new()",
                  "    }",
                  "    };",
                  "    let input_value = 15; // Any value not in the map",
                  "    let (index, replaced_value) = set.replace_full(input_value);",
                  "    assert!(index == set.map.core.entries.len());",
                  "}"
                ]
              ],
              "can_compile": [
                {
                  "Err": "   Compiling libc v0.2.172\n   Compiling proc-macro2 v1.0.95\n   Compiling getrandom v0.3.2\n   Compiling syn v1.0.109\n   Compiling zerocopy v0.8.25\n   Compiling quote v1.0.40\n   Compiling syn v2.0.101\n   Compiling getrandom v0.2.16\n   Compiling rand_core v0.6.4\n   Compiling rand_core v0.9.3\n   Compiling rand v0.8.5\n   Compiling quickcheck v1.0.3\n   Compiling ppv-lite86 v0.2.21\n   Compiling rand_chacha v0.9.0\n   Compiling rand v0.9.1\n   Compiling serde_derive v1.0.219\n   Compiling ntest_test_cases v0.9.3\n   Compiling ntest_timeout v0.9.3\n   Compiling ntest v0.9.3\n   Compiling indexmap v2.9.0 (/home/abezbm/rust-utgen-test-crates-new/indexmap)\nerror[E0422]: cannot find struct, variant or union type `IndexMapCore` in this scope\n    --> src/set.rs:1317:19\n     |\n1317 |             core: IndexMapCore { \n     |                   ^^^^^^^^^^^^ help: a struct with a similar name exists: `IndexMap`\n     |\n    ::: src/map.rs:87:1\n     |\n87   | pub struct IndexMap<K, V, S = RandomState> {\n     | ------------------------------------------ similarly named struct `IndexMap` defined here\n     |\nnote: struct `crate::map::tests::IndexMapCore` exists but is inaccessible\n    --> src/map/core.rs:31:1\n     |\n31   | pub(crate) struct IndexMapCore<K, V> {\n     | ^^^^^^^^^^^^^^^^^^^^^^^^^^^^^^^^^^^^ not accessible\n\nerror[E0433]: failed to resolve: use of undeclared type `Indices`\n    --> src/set.rs:1318:26\n     |\n1318 |                 indices: Indices::new(), \n     |                          ^^^^^^^ use of undeclared type `Indices`\n     |\nnote: type alias `crate::map::core::Indices` exists but is inaccessible\n    --> src/map/core.rs:24:1\n     |\n24   | type Indices = hash_table::HashTable<usize>;\n     | ^^^^^^^^^^^^^^^^^^^^^^^^^^^^^^^^^^^^^^^^^^^^ not accessible\n\nerror[E0422]: cannot find struct, variant or union type `IndexMapCore` in this scope\n    --> src/set.rs:1329:11\n     |\n1329 |     core: IndexMapCore {\n     |           ^^^^^^^^^^^^ help: a struct with a similar name exists: `IndexMap`\n     |\n    ::: src/map.rs:87:1\n     |\n87   | pub struct IndexMap<K, V, S = RandomState> {\n     | ------------------------------------------ similarly named struct `IndexMap` defined here\n     |\nnote: struct `crate::map::tests::IndexMapCore` exists but is inaccessible\n    --> src/map/core.rs:31:1\n     |\n31   | pub(crate) struct IndexMapCore<K, V> {\n     | ^^^^^^^^^^^^^^^^^^^^^^^^^^^^^^^^^^^^ not accessible\n\nerror[E0433]: failed to resolve: use of undeclared type `Indices`\n    --> src/set.rs:1330:14\n     |\n1330 |     indices: Indices::new(),\n     |              ^^^^^^^ use of undeclared type `Indices`\n     |\nnote: type alias `crate::map::core::Indices` exists but is inaccessible\n    --> src/map/core.rs:24:1\n     |\n24   | type Indices = hash_table::HashTable<usize>;\n     | ^^^^^^^^^^^^^^^^^^^^^^^^^^^^^^^^^^^^^^^^^^^^ not accessible\n\nwarning: unused import: `super::*`\n   --> src/map/slice.rs:520:9\n    |\n520 |     use super::*;\n    |         ^^^^^^^^\n    |\n    = note: `#[warn(unused_imports)]` on by default\n\nwarning: unused import: `super::*`\n --> src/map/tests.rs:1:5\n  |\n1 | use super::*;\n  |     ^^^^^^^^\n\nwarning: unused import: `std::string::String`\n --> src/map/tests.rs:2:5\n  |\n2 | use std::string::String;\n  |     ^^^^^^^^^^^^^^^^^^^\n\nwarning: unused macro definition: `move_index_oob`\n   --> src/map/tests.rs:817:14\n    |\n817 | macro_rules! move_index_oob {\n    |              ^^^^^^^^^^^^^^\n    |\n    = note: `#[warn(unused_macros)]` on by default\n\nwarning: unused import: `super::*`\n   --> src/set/slice.rs:334:9\n    |\n334 |     use super::*;\n    |         ^^^^^^^^\n\nwarning: unused import: `super::*`\n --> src/set/tests.rs:1:5\n  |\n1 | use super::*;\n  |     ^^^^^^^^\n\nwarning: unused import: `std::string::String`\n --> src/set/tests.rs:2:5\n  |\n2 | use std::string::String;\n  |     ^^^^^^^^^^^^^^^^^^^\n\nwarning: unused import: `ntest::timeout`\n    --> src/set.rs:1305:8\n     |\n1305 |    use ntest::timeout;\n     |        ^^^^^^^^^^^^^^\n\nerror[E0599]: no method named `replace_full` found for struct `TestIndexSet` in the current scope\n    --> src/set.rs:1326:39\n     |\n1311 |     struct TestIndexSet {\n     |     ------------------- method `replace_full` not found for this struct\n...\n1326 |     let (index, replaced_value) = set.replace_full(input_value);\n     |                                       ^^^^^^^^^^^^ method not found in `TestIndexSet`\n     |\nhelp: one of the expressions' fields has a method of the same name\n     |\n1326 |     let (index, replaced_value) = set.map.core.replace_full(input_value);\n     |                                       +++++++++\n\nerror[E0599]: no method named `replace_full` found for struct `TestIndexSet` in the current scope\n    --> src/set.rs:1337:39\n     |\n1311 |     struct TestIndexSet {\n     |     ------------------- method `replace_full` not found for this struct\n...\n1337 |     let (index, replaced_value) = set.replace_full(input_value);\n     |                                       ^^^^^^^^^^^^ method not found in `TestIndexSet`\n     |\nhelp: one of the expressions' fields has a method of the same name\n     |\n1337 |     let (index, replaced_value) = set.map.core.replace_full(input_value);\n     |                                       +++++++++\n\nSome errors have detailed explanations: E0422, E0433, E0599.\nFor more information about an error, try `rustc --explain E0422`.\nwarning: `indexmap` (lib test) generated 8 warnings\nerror: could not compile `indexmap` (lib test) due to 6 previous errors; 8 warnings emitted\n"
                },
                {
                  "Err": "   Compiling libc v0.2.172\n   Compiling proc-macro2 v1.0.95\n   Compiling syn v1.0.109\n   Compiling zerocopy v0.8.25\n   Compiling getrandom v0.3.2\n   Compiling quote v1.0.40\n   Compiling syn v2.0.101\n   Compiling getrandom v0.2.16\n   Compiling rand_core v0.6.4\n   Compiling rand_core v0.9.3\n   Compiling rand v0.8.5\n   Compiling quickcheck v1.0.3\n   Compiling ppv-lite86 v0.2.21\n   Compiling rand_chacha v0.9.0\n   Compiling rand v0.9.1\n   Compiling serde_derive v1.0.219\n   Compiling ntest_test_cases v0.9.3\n   Compiling ntest_timeout v0.9.3\n   Compiling ntest v0.9.3\n   Compiling indexmap v2.9.0 (/home/abezbm/rust-utgen-test-crates-new/indexmap)\nerror[E0422]: cannot find struct, variant or union type `IndexMapCore` in this scope\n    --> src/set.rs:1317:19\n     |\n1317 |             core: IndexMapCore { \n     |                   ^^^^^^^^^^^^ help: a struct with a similar name exists: `IndexMap`\n     |\n    ::: src/map.rs:87:1\n     |\n87   | pub struct IndexMap<K, V, S = RandomState> {\n     | ------------------------------------------ similarly named struct `IndexMap` defined here\n     |\nnote: struct `crate::map::tests::IndexMapCore` exists but is inaccessible\n    --> src/map/core.rs:31:1\n     |\n31   | pub(crate) struct IndexMapCore<K, V> {\n     | ^^^^^^^^^^^^^^^^^^^^^^^^^^^^^^^^^^^^ not accessible\n\nerror[E0433]: failed to resolve: use of undeclared type `Indices`\n    --> src/set.rs:1318:26\n     |\n1318 |                 indices: Indices::new(), \n     |                          ^^^^^^^ use of undeclared type `Indices`\n     |\nnote: type alias `crate::map::core::Indices` exists but is inaccessible\n    --> src/map/core.rs:24:1\n     |\n24   | type Indices = hash_table::HashTable<usize>;\n     | ^^^^^^^^^^^^^^^^^^^^^^^^^^^^^^^^^^^^^^^^^^^^ not accessible\n\nerror[E0422]: cannot find struct, variant or union type `IndexMapCore` in this scope\n    --> src/set.rs:1329:11\n     |\n1329 |     core: IndexMapCore {\n     |           ^^^^^^^^^^^^ help: a struct with a similar name exists: `IndexMap`\n     |\n    ::: src/map.rs:87:1\n     |\n87   | pub struct IndexMap<K, V, S = RandomState> {\n     | ------------------------------------------ similarly named struct `IndexMap` defined here\n     |\nnote: struct `crate::map::tests::IndexMapCore` exists but is inaccessible\n    --> src/map/core.rs:31:1\n     |\n31   | pub(crate) struct IndexMapCore<K, V> {\n     | ^^^^^^^^^^^^^^^^^^^^^^^^^^^^^^^^^^^^ not accessible\n\nerror[E0433]: failed to resolve: use of undeclared type `Indices`\n    --> src/set.rs:1330:14\n     |\n1330 |     indices: Indices::new(),\n     |              ^^^^^^^ use of undeclared type `Indices`\n     |\nnote: type alias `crate::map::core::Indices` exists but is inaccessible\n    --> src/map/core.rs:24:1\n     |\n24   | type Indices = hash_table::HashTable<usize>;\n     | ^^^^^^^^^^^^^^^^^^^^^^^^^^^^^^^^^^^^^^^^^^^^ not accessible\n\nwarning: unused import: `super::*`\n   --> src/map/slice.rs:520:9\n    |\n520 |     use super::*;\n    |         ^^^^^^^^\n    |\n    = note: `#[warn(unused_imports)]` on by default\n\nwarning: unused import: `super::*`\n --> src/map/tests.rs:1:5\n  |\n1 | use super::*;\n  |     ^^^^^^^^\n\nwarning: unused import: `std::string::String`\n --> src/map/tests.rs:2:5\n  |\n2 | use std::string::String;\n  |     ^^^^^^^^^^^^^^^^^^^\n\nwarning: unused macro definition: `move_index_oob`\n   --> src/map/tests.rs:817:14\n    |\n817 | macro_rules! move_index_oob {\n    |              ^^^^^^^^^^^^^^\n    |\n    = note: `#[warn(unused_macros)]` on by default\n\nwarning: unused import: `super::*`\n   --> src/set/slice.rs:334:9\n    |\n334 |     use super::*;\n    |         ^^^^^^^^\n\nwarning: unused import: `super::*`\n --> src/set/tests.rs:1:5\n  |\n1 | use super::*;\n  |     ^^^^^^^^\n\nwarning: unused import: `std::string::String`\n --> src/set/tests.rs:2:5\n  |\n2 | use std::string::String;\n  |     ^^^^^^^^^^^^^^^^^^^\n\nwarning: unused import: `ntest::timeout`\n    --> src/set.rs:1305:8\n     |\n1305 |    use ntest::timeout;\n     |        ^^^^^^^^^^^^^^\n\nerror[E0599]: no method named `replace_full` found for struct `TestIndexSet` in the current scope\n    --> src/set.rs:1326:39\n     |\n1311 |     struct TestIndexSet {\n     |     ------------------- method `replace_full` not found for this struct\n...\n1326 |     let (index, replaced_value) = set.replace_full(input_value);\n     |                                       ^^^^^^^^^^^^ method not found in `TestIndexSet`\n     |\nhelp: one of the expressions' fields has a method of the same name\n     |\n1326 |     let (index, replaced_value) = set.map.core.replace_full(input_value);\n     |                                       +++++++++\n\nerror[E0599]: no method named `replace_full` found for struct `TestIndexSet` in the current scope\n    --> src/set.rs:1337:39\n     |\n1311 |     struct TestIndexSet {\n     |     ------------------- method `replace_full` not found for this struct\n...\n1337 |     let (index, replaced_value) = set.replace_full(input_value);\n     |                                       ^^^^^^^^^^^^ method not found in `TestIndexSet`\n     |\nhelp: one of the expressions' fields has a method of the same name\n     |\n1337 |     let (index, replaced_value) = set.map.core.replace_full(input_value);\n     |                                       +++++++++\n\nSome errors have detailed explanations: E0422, E0433, E0599.\nFor more information about an error, try `rustc --explain E0422`.\nwarning: `indexmap` (lib test) generated 8 warnings\nerror: could not compile `indexmap` (lib test) due to 6 previous errors; 8 warnings emitted\n"
                },
                {
                  "Err": "   Compiling libc v0.2.172\n   Compiling proc-macro2 v1.0.95\n   Compiling getrandom v0.3.2\n   Compiling syn v1.0.109\n   Compiling zerocopy v0.8.25\n   Compiling quote v1.0.40\n   Compiling syn v2.0.101\n   Compiling getrandom v0.2.16\n   Compiling rand_core v0.6.4\n   Compiling rand_core v0.9.3\n   Compiling rand v0.8.5\n   Compiling quickcheck v1.0.3\n   Compiling ppv-lite86 v0.2.21\n   Compiling rand_chacha v0.9.0\n   Compiling rand v0.9.1\n   Compiling serde_derive v1.0.219\n   Compiling ntest_timeout v0.9.3\n   Compiling ntest_test_cases v0.9.3\n   Compiling ntest v0.9.3\n   Compiling indexmap v2.9.0 (/home/abezbm/rust-utgen-test-crates-new/indexmap)\nerror[E0422]: cannot find struct, variant or union type `IndexMapCore` in this scope\n    --> src/set.rs:1317:19\n     |\n1317 |             core: IndexMapCore { \n     |                   ^^^^^^^^^^^^ help: a struct with a similar name exists: `IndexMap`\n     |\n    ::: src/map.rs:87:1\n     |\n87   | pub struct IndexMap<K, V, S = RandomState> {\n     | ------------------------------------------ similarly named struct `IndexMap` defined here\n     |\nnote: struct `crate::map::tests::IndexMapCore` exists but is inaccessible\n    --> src/map/core.rs:31:1\n     |\n31   | pub(crate) struct IndexMapCore<K, V> {\n     | ^^^^^^^^^^^^^^^^^^^^^^^^^^^^^^^^^^^^ not accessible\n\nerror[E0433]: failed to resolve: use of undeclared type `Indices`\n    --> src/set.rs:1318:26\n     |\n1318 |                 indices: Indices::new(), \n     |                          ^^^^^^^ use of undeclared type `Indices`\n     |\nnote: type alias `crate::map::core::Indices` exists but is inaccessible\n    --> src/map/core.rs:24:1\n     |\n24   | type Indices = hash_table::HashTable<usize>;\n     | ^^^^^^^^^^^^^^^^^^^^^^^^^^^^^^^^^^^^^^^^^^^^ not accessible\n\nerror[E0422]: cannot find struct, variant or union type `IndexMapCore` in this scope\n    --> src/set.rs:1329:11\n     |\n1329 |     core: IndexMapCore {\n     |           ^^^^^^^^^^^^ help: a struct with a similar name exists: `IndexMap`\n     |\n    ::: src/map.rs:87:1\n     |\n87   | pub struct IndexMap<K, V, S = RandomState> {\n     | ------------------------------------------ similarly named struct `IndexMap` defined here\n     |\nnote: struct `crate::map::tests::IndexMapCore` exists but is inaccessible\n    --> src/map/core.rs:31:1\n     |\n31   | pub(crate) struct IndexMapCore<K, V> {\n     | ^^^^^^^^^^^^^^^^^^^^^^^^^^^^^^^^^^^^ not accessible\n\nerror[E0433]: failed to resolve: use of undeclared type `Indices`\n    --> src/set.rs:1330:14\n     |\n1330 |     indices: Indices::new(),\n     |              ^^^^^^^ use of undeclared type `Indices`\n     |\nnote: type alias `crate::map::core::Indices` exists but is inaccessible\n    --> src/map/core.rs:24:1\n     |\n24   | type Indices = hash_table::HashTable<usize>;\n     | ^^^^^^^^^^^^^^^^^^^^^^^^^^^^^^^^^^^^^^^^^^^^ not accessible\n\nwarning: unused import: `super::*`\n   --> src/map/slice.rs:520:9\n    |\n520 |     use super::*;\n    |         ^^^^^^^^\n    |\n    = note: `#[warn(unused_imports)]` on by default\n\nwarning: unused import: `super::*`\n --> src/map/tests.rs:1:5\n  |\n1 | use super::*;\n  |     ^^^^^^^^\n\nwarning: unused import: `std::string::String`\n --> src/map/tests.rs:2:5\n  |\n2 | use std::string::String;\n  |     ^^^^^^^^^^^^^^^^^^^\n\nwarning: unused macro definition: `move_index_oob`\n   --> src/map/tests.rs:817:14\n    |\n817 | macro_rules! move_index_oob {\n    |              ^^^^^^^^^^^^^^\n    |\n    = note: `#[warn(unused_macros)]` on by default\n\nwarning: unused import: `super::*`\n   --> src/set/slice.rs:334:9\n    |\n334 |     use super::*;\n    |         ^^^^^^^^\n\nwarning: unused import: `super::*`\n --> src/set/tests.rs:1:5\n  |\n1 | use super::*;\n  |     ^^^^^^^^\n\nwarning: unused import: `std::string::String`\n --> src/set/tests.rs:2:5\n  |\n2 | use std::string::String;\n  |     ^^^^^^^^^^^^^^^^^^^\n\nwarning: unused import: `ntest::timeout`\n    --> src/set.rs:1305:8\n     |\n1305 |    use ntest::timeout;\n     |        ^^^^^^^^^^^^^^\n\nerror[E0599]: no method named `replace_full` found for struct `TestIndexSet` in the current scope\n    --> src/set.rs:1326:39\n     |\n1311 |     struct TestIndexSet {\n     |     ------------------- method `replace_full` not found for this struct\n...\n1326 |     let (index, replaced_value) = set.replace_full(input_value);\n     |                                       ^^^^^^^^^^^^ method not found in `TestIndexSet`\n     |\nhelp: one of the expressions' fields has a method of the same name\n     |\n1326 |     let (index, replaced_value) = set.map.core.replace_full(input_value);\n     |                                       +++++++++\n\nerror[E0599]: no method named `replace_full` found for struct `TestIndexSet` in the current scope\n    --> src/set.rs:1337:39\n     |\n1311 |     struct TestIndexSet {\n     |     ------------------- method `replace_full` not found for this struct\n...\n1337 |     let (index, replaced_value) = set.replace_full(input_value);\n     |                                       ^^^^^^^^^^^^ method not found in `TestIndexSet`\n     |\nhelp: one of the expressions' fields has a method of the same name\n     |\n1337 |     let (index, replaced_value) = set.map.core.replace_full(input_value);\n     |                                       +++++++++\n\nerror[E0616]: field `entries` of struct `IndexMapCore` is private\n    --> src/set.rs:1338:35\n     |\n1338 |     assert!(index == set.map.core.entries.len());\n     |                                   ^^^^^^^ private field\n\nSome errors have detailed explanations: E0422, E0433, E0599, E0616.\nFor more information about an error, try `rustc --explain E0422`.\nwarning: `indexmap` (lib test) generated 8 warnings\nerror: could not compile `indexmap` (lib test) due to 7 previous errors; 8 warnings emitted\n"
                }
              ],
              "repaired": [
                false,
                false,
                false
              ]
            },
            {
              "attrs": [],
              "prefix": [
                "{",
                "    use std::collections::hash_map::RandomState;",
                "",
                "    struct TestIndexSet {",
                "        map: IndexMap<i32, (), RandomState>,",
                "    }",
                "",
                "    let mut set = TestIndexSet { ",
                "        map: IndexMap { ",
                "            core: IndexMapCore { ",
                "                indices: Indices::new(), ",
                "                entries: Vec::new() ",
                "            },",
                "            hash_builder: RandomState::new()",
                "        }",
                "    };",
                "",
                "    let input_value = 99; // A unique value",
                "    let (index, replaced_value) = set.replace_full(input_value);",
                "}"
              ],
              "oracles": [
                [
                  "    let hash = set.map.hash(&input_value);",
                  "    assert_eq!(index, set.map.core.entries.len());"
                ],
                [
                  "    let hash = set.map.hash(&input_value);",
                  "    assert_eq!(replaced_value, None);"
                ]
              ],
              "codes": [
                [
                  "{",
                  "    use std::collections::hash_map::RandomState;",
                  "",
                  "    struct TestIndexSet {",
                  "        map: IndexMap<i32, (), RandomState>,",
                  "    }",
                  "",
                  "    let mut set = TestIndexSet { ",
                  "        map: IndexMap { ",
                  "            core: IndexMapCore { ",
                  "                indices: Indices::new(), ",
                  "                entries: Vec::new() ",
                  "            },",
                  "            hash_builder: RandomState::new()",
                  "        }",
                  "    };",
                  "",
                  "    let input_value = 99; // A unique value",
                  "    let (index, replaced_value) = set.replace_full(input_value);",
                  "    let hash = set.map.hash(&input_value);",
                  "    assert_eq!(index, set.map.core.entries.len());",
                  "}"
                ],
                [
                  "{",
                  "    use std::collections::hash_map::RandomState;",
                  "",
                  "    struct TestIndexSet {",
                  "        map: IndexMap<i32, (), RandomState>,",
                  "    }",
                  "",
                  "    let mut set = TestIndexSet { ",
                  "        map: IndexMap { ",
                  "            core: IndexMapCore { ",
                  "                indices: Indices::new(), ",
                  "                entries: Vec::new() ",
                  "            },",
                  "            hash_builder: RandomState::new()",
                  "        }",
                  "    };",
                  "",
                  "    let input_value = 99; // A unique value",
                  "    let (index, replaced_value) = set.replace_full(input_value);",
                  "    let hash = set.map.hash(&input_value);",
                  "    assert_eq!(replaced_value, None);",
                  "}"
                ]
              ],
              "can_compile": [
                {
                  "Err": "   Compiling libc v0.2.172\n   Compiling proc-macro2 v1.0.95\n   Compiling syn v1.0.109\n   Compiling getrandom v0.3.2\n   Compiling zerocopy v0.8.25\n   Compiling quote v1.0.40\n   Compiling syn v2.0.101\n   Compiling getrandom v0.2.16\n   Compiling rand_core v0.6.4\n   Compiling rand_core v0.9.3\n   Compiling rand v0.8.5\n   Compiling quickcheck v1.0.3\n   Compiling ppv-lite86 v0.2.21\n   Compiling rand_chacha v0.9.0\n   Compiling rand v0.9.1\n   Compiling serde_derive v1.0.219\n   Compiling ntest_timeout v0.9.3\n   Compiling ntest_test_cases v0.9.3\n   Compiling ntest v0.9.3\n   Compiling indexmap v2.9.0 (/home/abezbm/rust-utgen-test-crates-new/indexmap)\nerror[E0422]: cannot find struct, variant or union type `IndexMapCore` in this scope\n    --> src/set.rs:1317:19\n     |\n1317 |             core: IndexMapCore { \n     |                   ^^^^^^^^^^^^ help: a struct with a similar name exists: `IndexMap`\n     |\n    ::: src/map.rs:87:1\n     |\n87   | pub struct IndexMap<K, V, S = RandomState> {\n     | ------------------------------------------ similarly named struct `IndexMap` defined here\n     |\nnote: struct `crate::map::tests::IndexMapCore` exists but is inaccessible\n    --> src/map/core.rs:31:1\n     |\n31   | pub(crate) struct IndexMapCore<K, V> {\n     | ^^^^^^^^^^^^^^^^^^^^^^^^^^^^^^^^^^^^ not accessible\n\nerror[E0433]: failed to resolve: use of undeclared type `Indices`\n    --> src/set.rs:1318:26\n     |\n1318 |                 indices: Indices::new(), \n     |                          ^^^^^^^ use of undeclared type `Indices`\n     |\nnote: type alias `crate::map::core::Indices` exists but is inaccessible\n    --> src/map/core.rs:24:1\n     |\n24   | type Indices = hash_table::HashTable<usize>;\n     | ^^^^^^^^^^^^^^^^^^^^^^^^^^^^^^^^^^^^^^^^^^^^ not accessible\n\nwarning: unused import: `super::*`\n   --> src/map/slice.rs:520:9\n    |\n520 |     use super::*;\n    |         ^^^^^^^^\n    |\n    = note: `#[warn(unused_imports)]` on by default\n\nwarning: unused import: `super::*`\n --> src/map/tests.rs:1:5\n  |\n1 | use super::*;\n  |     ^^^^^^^^\n\nwarning: unused import: `std::string::String`\n --> src/map/tests.rs:2:5\n  |\n2 | use std::string::String;\n  |     ^^^^^^^^^^^^^^^^^^^\n\nwarning: unused macro definition: `move_index_oob`\n   --> src/map/tests.rs:817:14\n    |\n817 | macro_rules! move_index_oob {\n    |              ^^^^^^^^^^^^^^\n    |\n    = note: `#[warn(unused_macros)]` on by default\n\nwarning: unused import: `super::*`\n   --> src/set/slice.rs:334:9\n    |\n334 |     use super::*;\n    |         ^^^^^^^^\n\nwarning: unused import: `super::*`\n --> src/set/tests.rs:1:5\n  |\n1 | use super::*;\n  |     ^^^^^^^^\n\nwarning: unused import: `std::string::String`\n --> src/set/tests.rs:2:5\n  |\n2 | use std::string::String;\n  |     ^^^^^^^^^^^^^^^^^^^\n\nwarning: unused import: `ntest::timeout`\n    --> src/set.rs:1305:8\n     |\n1305 |    use ntest::timeout;\n     |        ^^^^^^^^^^^^^^\n\nerror[E0599]: no method named `replace_full` found for struct `TestIndexSet` in the current scope\n    --> src/set.rs:1326:39\n     |\n1311 |     struct TestIndexSet {\n     |     ------------------- method `replace_full` not found for this struct\n...\n1326 |     let (index, replaced_value) = set.replace_full(input_value);\n     |                                       ^^^^^^^^^^^^ method not found in `TestIndexSet`\n     |\nhelp: one of the expressions' fields has a method of the same name\n     |\n1326 |     let (index, replaced_value) = set.map.core.replace_full(input_value);\n     |                                       +++++++++\n\nerror[E0616]: field `entries` of struct `IndexMapCore` is private\n    --> src/set.rs:1328:36\n     |\n1328 |     assert_eq!(index, set.map.core.entries.len());\n     |                                    ^^^^^^^ private field\n\nSome errors have detailed explanations: E0422, E0433, E0599, E0616.\nFor more information about an error, try `rustc --explain E0422`.\nwarning: `indexmap` (lib test) generated 8 warnings\nerror: could not compile `indexmap` (lib test) due to 4 previous errors; 8 warnings emitted\n"
                },
                {
                  "Err": "   Compiling libc v0.2.172\n   Compiling proc-macro2 v1.0.95\n   Compiling getrandom v0.3.2\n   Compiling syn v1.0.109\n   Compiling zerocopy v0.8.25\n   Compiling quote v1.0.40\n   Compiling syn v2.0.101\n   Compiling getrandom v0.2.16\n   Compiling rand_core v0.6.4\n   Compiling rand_core v0.9.3\n   Compiling rand v0.8.5\n   Compiling quickcheck v1.0.3\n   Compiling ppv-lite86 v0.2.21\n   Compiling rand_chacha v0.9.0\n   Compiling rand v0.9.1\n   Compiling serde_derive v1.0.219\n   Compiling ntest_test_cases v0.9.3\n   Compiling ntest_timeout v0.9.3\n   Compiling ntest v0.9.3\n   Compiling indexmap v2.9.0 (/home/abezbm/rust-utgen-test-crates-new/indexmap)\nerror[E0422]: cannot find struct, variant or union type `IndexMapCore` in this scope\n    --> src/set.rs:1317:19\n     |\n1317 |             core: IndexMapCore { \n     |                   ^^^^^^^^^^^^ help: a struct with a similar name exists: `IndexMap`\n     |\n    ::: src/map.rs:87:1\n     |\n87   | pub struct IndexMap<K, V, S = RandomState> {\n     | ------------------------------------------ similarly named struct `IndexMap` defined here\n     |\nnote: struct `crate::map::tests::IndexMapCore` exists but is inaccessible\n    --> src/map/core.rs:31:1\n     |\n31   | pub(crate) struct IndexMapCore<K, V> {\n     | ^^^^^^^^^^^^^^^^^^^^^^^^^^^^^^^^^^^^ not accessible\n\nerror[E0433]: failed to resolve: use of undeclared type `Indices`\n    --> src/set.rs:1318:26\n     |\n1318 |                 indices: Indices::new(), \n     |                          ^^^^^^^ use of undeclared type `Indices`\n     |\nnote: type alias `crate::map::core::Indices` exists but is inaccessible\n    --> src/map/core.rs:24:1\n     |\n24   | type Indices = hash_table::HashTable<usize>;\n     | ^^^^^^^^^^^^^^^^^^^^^^^^^^^^^^^^^^^^^^^^^^^^ not accessible\n\nwarning: unused import: `super::*`\n   --> src/map/slice.rs:520:9\n    |\n520 |     use super::*;\n    |         ^^^^^^^^\n    |\n    = note: `#[warn(unused_imports)]` on by default\n\nwarning: unused import: `super::*`\n --> src/map/tests.rs:1:5\n  |\n1 | use super::*;\n  |     ^^^^^^^^\n\nwarning: unused import: `std::string::String`\n --> src/map/tests.rs:2:5\n  |\n2 | use std::string::String;\n  |     ^^^^^^^^^^^^^^^^^^^\n\nwarning: unused macro definition: `move_index_oob`\n   --> src/map/tests.rs:817:14\n    |\n817 | macro_rules! move_index_oob {\n    |              ^^^^^^^^^^^^^^\n    |\n    = note: `#[warn(unused_macros)]` on by default\n\nwarning: unused import: `super::*`\n   --> src/set/slice.rs:334:9\n    |\n334 |     use super::*;\n    |         ^^^^^^^^\n\nwarning: unused import: `super::*`\n --> src/set/tests.rs:1:5\n  |\n1 | use super::*;\n  |     ^^^^^^^^\n\nwarning: unused import: `std::string::String`\n --> src/set/tests.rs:2:5\n  |\n2 | use std::string::String;\n  |     ^^^^^^^^^^^^^^^^^^^\n\nwarning: unused import: `ntest::timeout`\n    --> src/set.rs:1305:8\n     |\n1305 |    use ntest::timeout;\n     |        ^^^^^^^^^^^^^^\n\nerror[E0599]: no method named `replace_full` found for struct `TestIndexSet` in the current scope\n    --> src/set.rs:1326:39\n     |\n1311 |     struct TestIndexSet {\n     |     ------------------- method `replace_full` not found for this struct\n...\n1326 |     let (index, replaced_value) = set.replace_full(input_value);\n     |                                       ^^^^^^^^^^^^ method not found in `TestIndexSet`\n     |\nhelp: one of the expressions' fields has a method of the same name\n     |\n1326 |     let (index, replaced_value) = set.map.core.replace_full(input_value);\n     |                                       +++++++++\n\nSome errors have detailed explanations: E0422, E0433, E0599.\nFor more information about an error, try `rustc --explain E0422`.\nwarning: `indexmap` (lib test) generated 8 warnings\nerror: could not compile `indexmap` (lib test) due to 3 previous errors; 8 warnings emitted\n"
                }
              ],
              "repaired": [
                false,
                false
              ]
            },
            {
              "attrs": [],
              "prefix": [
                "{",
                "    use std::collections::hash_map::RandomState;",
                "",
                "    struct TestIndexSet {",
                "        map: IndexMap<i32, (), RandomState>,",
                "    }",
                "",
                "    let mut set = TestIndexSet { ",
                "        map: IndexMap { ",
                "            core: IndexMapCore { ",
                "                indices: Indices::new(), ",
                "                entries: Vec::new() ",
                "            },",
                "            hash_builder: RandomState::new()",
                "        }",
                "    };",
                "",
                "    let input_value = std::i32::MAX; // Testing with the maximum allowable value for i32",
                "    let (index, replaced_value) = set.replace_full(input_value);",
                "}"
              ],
              "oracles": [
                [
                  "    let hash = set.map.hash(&input_value);",
                  "    let expected_index = set.map.core.indices.len();",
                  "    assert_eq!(index, expected_index);"
                ],
                [
                  "    let hash = set.map.hash(&input_value);",
                  "    let expected_index = set.map.core.indices.len();",
                  "    assert_eq!(replaced_value, None);"
                ]
              ],
              "codes": [
                [
                  "{",
                  "    use std::collections::hash_map::RandomState;",
                  "",
                  "    struct TestIndexSet {",
                  "        map: IndexMap<i32, (), RandomState>,",
                  "    }",
                  "",
                  "    let mut set = TestIndexSet { ",
                  "        map: IndexMap { ",
                  "            core: IndexMapCore { ",
                  "                indices: Indices::new(), ",
                  "                entries: Vec::new() ",
                  "            },",
                  "            hash_builder: RandomState::new()",
                  "        }",
                  "    };",
                  "",
                  "    let input_value = std::i32::MAX; // Testing with the maximum allowable value for i32",
                  "    let (index, replaced_value) = set.replace_full(input_value);",
                  "    let hash = set.map.hash(&input_value);",
                  "    let expected_index = set.map.core.indices.len();",
                  "    assert_eq!(index, expected_index);",
                  "}"
                ],
                [
                  "{",
                  "    use std::collections::hash_map::RandomState;",
                  "",
                  "    struct TestIndexSet {",
                  "        map: IndexMap<i32, (), RandomState>,",
                  "    }",
                  "",
                  "    let mut set = TestIndexSet { ",
                  "        map: IndexMap { ",
                  "            core: IndexMapCore { ",
                  "                indices: Indices::new(), ",
                  "                entries: Vec::new() ",
                  "            },",
                  "            hash_builder: RandomState::new()",
                  "        }",
                  "    };",
                  "",
                  "    let input_value = std::i32::MAX; // Testing with the maximum allowable value for i32",
                  "    let (index, replaced_value) = set.replace_full(input_value);",
                  "    let hash = set.map.hash(&input_value);",
                  "    let expected_index = set.map.core.indices.len();",
                  "    assert_eq!(replaced_value, None);",
                  "}"
                ]
              ],
              "can_compile": [
                {
                  "Err": "   Compiling libc v0.2.172\n   Compiling proc-macro2 v1.0.95\n   Compiling syn v1.0.109\n   Compiling getrandom v0.3.2\n   Compiling zerocopy v0.8.25\n   Compiling quote v1.0.40\n   Compiling syn v2.0.101\n   Compiling getrandom v0.2.16\n   Compiling rand_core v0.6.4\n   Compiling rand_core v0.9.3\n   Compiling rand v0.8.5\n   Compiling quickcheck v1.0.3\n   Compiling ppv-lite86 v0.2.21\n   Compiling rand_chacha v0.9.0\n   Compiling rand v0.9.1\n   Compiling serde_derive v1.0.219\n   Compiling ntest_timeout v0.9.3\n   Compiling ntest_test_cases v0.9.3\n   Compiling ntest v0.9.3\n   Compiling indexmap v2.9.0 (/home/abezbm/rust-utgen-test-crates-new/indexmap)\nerror[E0422]: cannot find struct, variant or union type `IndexMapCore` in this scope\n    --> src/set.rs:1317:19\n     |\n1317 |             core: IndexMapCore { \n     |                   ^^^^^^^^^^^^ help: a struct with a similar name exists: `IndexMap`\n     |\n    ::: src/map.rs:87:1\n     |\n87   | pub struct IndexMap<K, V, S = RandomState> {\n     | ------------------------------------------ similarly named struct `IndexMap` defined here\n     |\nnote: struct `crate::map::tests::IndexMapCore` exists but is inaccessible\n    --> src/map/core.rs:31:1\n     |\n31   | pub(crate) struct IndexMapCore<K, V> {\n     | ^^^^^^^^^^^^^^^^^^^^^^^^^^^^^^^^^^^^ not accessible\n\nerror[E0433]: failed to resolve: use of undeclared type `Indices`\n    --> src/set.rs:1318:26\n     |\n1318 |                 indices: Indices::new(), \n     |                          ^^^^^^^ use of undeclared type `Indices`\n     |\nnote: type alias `crate::map::core::Indices` exists but is inaccessible\n    --> src/map/core.rs:24:1\n     |\n24   | type Indices = hash_table::HashTable<usize>;\n     | ^^^^^^^^^^^^^^^^^^^^^^^^^^^^^^^^^^^^^^^^^^^^ not accessible\n\nwarning: unused import: `super::*`\n   --> src/map/slice.rs:520:9\n    |\n520 |     use super::*;\n    |         ^^^^^^^^\n    |\n    = note: `#[warn(unused_imports)]` on by default\n\nwarning: unused import: `super::*`\n --> src/map/tests.rs:1:5\n  |\n1 | use super::*;\n  |     ^^^^^^^^\n\nwarning: unused import: `std::string::String`\n --> src/map/tests.rs:2:5\n  |\n2 | use std::string::String;\n  |     ^^^^^^^^^^^^^^^^^^^\n\nwarning: unused macro definition: `move_index_oob`\n   --> src/map/tests.rs:817:14\n    |\n817 | macro_rules! move_index_oob {\n    |              ^^^^^^^^^^^^^^\n    |\n    = note: `#[warn(unused_macros)]` on by default\n\nwarning: unused import: `super::*`\n   --> src/set/slice.rs:334:9\n    |\n334 |     use super::*;\n    |         ^^^^^^^^\n\nwarning: unused import: `super::*`\n --> src/set/tests.rs:1:5\n  |\n1 | use super::*;\n  |     ^^^^^^^^\n\nwarning: unused import: `std::string::String`\n --> src/set/tests.rs:2:5\n  |\n2 | use std::string::String;\n  |     ^^^^^^^^^^^^^^^^^^^\n\nwarning: unused import: `ntest::timeout`\n    --> src/set.rs:1305:8\n     |\n1305 |    use ntest::timeout;\n     |        ^^^^^^^^^^^^^^\n\nerror[E0599]: no method named `replace_full` found for struct `TestIndexSet` in the current scope\n    --> src/set.rs:1326:39\n     |\n1311 |     struct TestIndexSet {\n     |     ------------------- method `replace_full` not found for this struct\n...\n1326 |     let (index, replaced_value) = set.replace_full(input_value);\n     |                                       ^^^^^^^^^^^^ method not found in `TestIndexSet`\n     |\nhelp: one of the expressions' fields has a method of the same name\n     |\n1326 |     let (index, replaced_value) = set.map.core.replace_full(input_value);\n     |                                       +++++++++\n\nerror[E0616]: field `indices` of struct `IndexMapCore` is private\n    --> src/set.rs:1328:39\n     |\n1328 |     let expected_index = set.map.core.indices.len();\n     |                                       ^^^^^^^ private field\n\nSome errors have detailed explanations: E0422, E0433, E0599, E0616.\nFor more information about an error, try `rustc --explain E0422`.\nwarning: `indexmap` (lib test) generated 8 warnings\nerror: could not compile `indexmap` (lib test) due to 4 previous errors; 8 warnings emitted\n"
                },
                {
                  "Err": "   Compiling libc v0.2.172\n   Compiling proc-macro2 v1.0.95\n   Compiling syn v1.0.109\n   Compiling getrandom v0.3.2\n   Compiling zerocopy v0.8.25\n   Compiling quote v1.0.40\n   Compiling syn v2.0.101\n   Compiling getrandom v0.2.16\n   Compiling rand_core v0.6.4\n   Compiling rand_core v0.9.3\n   Compiling rand v0.8.5\n   Compiling quickcheck v1.0.3\n   Compiling ppv-lite86 v0.2.21\n   Compiling rand_chacha v0.9.0\n   Compiling rand v0.9.1\n   Compiling serde_derive v1.0.219\n   Compiling ntest_timeout v0.9.3\n   Compiling ntest_test_cases v0.9.3\n   Compiling ntest v0.9.3\n   Compiling indexmap v2.9.0 (/home/abezbm/rust-utgen-test-crates-new/indexmap)\nerror[E0422]: cannot find struct, variant or union type `IndexMapCore` in this scope\n    --> src/set.rs:1317:19\n     |\n1317 |             core: IndexMapCore { \n     |                   ^^^^^^^^^^^^ help: a struct with a similar name exists: `IndexMap`\n     |\n    ::: src/map.rs:87:1\n     |\n87   | pub struct IndexMap<K, V, S = RandomState> {\n     | ------------------------------------------ similarly named struct `IndexMap` defined here\n     |\nnote: struct `crate::map::tests::IndexMapCore` exists but is inaccessible\n    --> src/map/core.rs:31:1\n     |\n31   | pub(crate) struct IndexMapCore<K, V> {\n     | ^^^^^^^^^^^^^^^^^^^^^^^^^^^^^^^^^^^^ not accessible\n\nerror[E0433]: failed to resolve: use of undeclared type `Indices`\n    --> src/set.rs:1318:26\n     |\n1318 |                 indices: Indices::new(), \n     |                          ^^^^^^^ use of undeclared type `Indices`\n     |\nnote: type alias `crate::map::core::Indices` exists but is inaccessible\n    --> src/map/core.rs:24:1\n     |\n24   | type Indices = hash_table::HashTable<usize>;\n     | ^^^^^^^^^^^^^^^^^^^^^^^^^^^^^^^^^^^^^^^^^^^^ not accessible\n\nwarning: unused import: `super::*`\n   --> src/map/slice.rs:520:9\n    |\n520 |     use super::*;\n    |         ^^^^^^^^\n    |\n    = note: `#[warn(unused_imports)]` on by default\n\nwarning: unused import: `super::*`\n --> src/map/tests.rs:1:5\n  |\n1 | use super::*;\n  |     ^^^^^^^^\n\nwarning: unused import: `std::string::String`\n --> src/map/tests.rs:2:5\n  |\n2 | use std::string::String;\n  |     ^^^^^^^^^^^^^^^^^^^\n\nwarning: unused macro definition: `move_index_oob`\n   --> src/map/tests.rs:817:14\n    |\n817 | macro_rules! move_index_oob {\n    |              ^^^^^^^^^^^^^^\n    |\n    = note: `#[warn(unused_macros)]` on by default\n\nwarning: unused import: `super::*`\n   --> src/set/slice.rs:334:9\n    |\n334 |     use super::*;\n    |         ^^^^^^^^\n\nwarning: unused import: `super::*`\n --> src/set/tests.rs:1:5\n  |\n1 | use super::*;\n  |     ^^^^^^^^\n\nwarning: unused import: `std::string::String`\n --> src/set/tests.rs:2:5\n  |\n2 | use std::string::String;\n  |     ^^^^^^^^^^^^^^^^^^^\n\nwarning: unused import: `ntest::timeout`\n    --> src/set.rs:1305:8\n     |\n1305 |    use ntest::timeout;\n     |        ^^^^^^^^^^^^^^\n\nerror[E0599]: no method named `replace_full` found for struct `TestIndexSet` in the current scope\n    --> src/set.rs:1326:39\n     |\n1311 |     struct TestIndexSet {\n     |     ------------------- method `replace_full` not found for this struct\n...\n1326 |     let (index, replaced_value) = set.replace_full(input_value);\n     |                                       ^^^^^^^^^^^^ method not found in `TestIndexSet`\n     |\nhelp: one of the expressions' fields has a method of the same name\n     |\n1326 |     let (index, replaced_value) = set.map.core.replace_full(input_value);\n     |                                       +++++++++\n\nerror[E0616]: field `indices` of struct `IndexMapCore` is private\n    --> src/set.rs:1328:39\n     |\n1328 |     let expected_index = set.map.core.indices.len();\n     |                                       ^^^^^^^ private field\n\nSome errors have detailed explanations: E0422, E0433, E0599, E0616.\nFor more information about an error, try `rustc --explain E0422`.\nwarning: `indexmap` (lib test) generated 8 warnings\nerror: could not compile `indexmap` (lib test) due to 4 previous errors; 8 warnings emitted\n"
                }
              ],
              "repaired": [
                false,
                false
              ]
            },
            {
              "attrs": [],
              "prefix": [
                "{",
                "    use std::collections::hash_map::RandomState;",
                "",
                "    struct TestIndexSet {",
                "        map: IndexMap<i32, (), RandomState>,",
                "    }",
                "",
                "    let mut set = TestIndexSet { ",
                "        map: IndexMap { ",
                "            core: IndexMapCore { ",
                "                indices: Indices::new(), ",
                "                entries: Vec::new() ",
                "            },",
                "            hash_builder: RandomState::new()",
                "        }",
                "    };",
                "",
                "    let input_value = -1; // Testing with a negative value",
                "    let (index, replaced_value) = set.replace_full(input_value);",
                "}"
              ],
              "oracles": [
                [
                  "    let hash = set.map.hash(&input_value);",
                  "    assert_eq!(index, /* expected index */);"
                ],
                [
                  "    let hash = set.map.hash(&input_value);",
                  "    assert_eq!(replaced_value, None);"
                ]
              ],
              "codes": [
                [
                  "{",
                  "    use std::collections::hash_map::RandomState;",
                  "",
                  "    struct TestIndexSet {",
                  "        map: IndexMap<i32, (), RandomState>,",
                  "    }",
                  "",
                  "    let mut set = TestIndexSet { ",
                  "        map: IndexMap { ",
                  "            core: IndexMapCore { ",
                  "                indices: Indices::new(), ",
                  "                entries: Vec::new() ",
                  "            },",
                  "            hash_builder: RandomState::new()",
                  "        }",
                  "    };",
                  "",
                  "    let input_value = -1; // Testing with a negative value",
                  "    let (index, replaced_value) = set.replace_full(input_value);",
                  "    let hash = set.map.hash(&input_value);",
                  "    assert_eq!(index, /* expected index */);",
                  "}"
                ],
                [
                  "{",
                  "    use std::collections::hash_map::RandomState;",
                  "",
                  "    struct TestIndexSet {",
                  "        map: IndexMap<i32, (), RandomState>,",
                  "    }",
                  "",
                  "    let mut set = TestIndexSet { ",
                  "        map: IndexMap { ",
                  "            core: IndexMapCore { ",
                  "                indices: Indices::new(), ",
                  "                entries: Vec::new() ",
                  "            },",
                  "            hash_builder: RandomState::new()",
                  "        }",
                  "    };",
                  "",
                  "    let input_value = -1; // Testing with a negative value",
                  "    let (index, replaced_value) = set.replace_full(input_value);",
                  "    let hash = set.map.hash(&input_value);",
                  "    assert_eq!(replaced_value, None);",
                  "}"
                ]
              ],
              "can_compile": [
                {
                  "Err": "   Compiling libc v0.2.172\n   Compiling proc-macro2 v1.0.95\n   Compiling zerocopy v0.8.25\n   Compiling syn v1.0.109\n   Compiling getrandom v0.3.2\n   Compiling quote v1.0.40\n   Compiling syn v2.0.101\n   Compiling getrandom v0.2.16\n   Compiling rand_core v0.6.4\n   Compiling rand_core v0.9.3\n   Compiling rand v0.8.5\n   Compiling quickcheck v1.0.3\n   Compiling ppv-lite86 v0.2.21\n   Compiling rand_chacha v0.9.0\n   Compiling rand v0.9.1\n   Compiling serde_derive v1.0.219\n   Compiling ntest_timeout v0.9.3\n   Compiling ntest_test_cases v0.9.3\n   Compiling ntest v0.9.3\n   Compiling indexmap v2.9.0 (/home/abezbm/rust-utgen-test-crates-new/indexmap)\nerror: unexpected end of macro invocation\n    --> src/set.rs:1328:22\n     |\n1328 |     assert_eq!(index, /* expected index */);\n     |                      ^ missing tokens in macro arguments\n     |\nnote: while trying to match meta-variable `$right:expr`\n    --> /home/abezbm/.rustup/toolchains/nightly-2024-07-21-x86_64-unknown-linux-gnu/lib/rustlib/src/rust/library/core/src/macros/mod.rs:37:18\n     |\n37   |     ($left:expr, $right:expr $(,)?) => {\n     |                  ^^^^^^^^^^^\n\nerror[E0422]: cannot find struct, variant or union type `IndexMapCore` in this scope\n    --> src/set.rs:1317:19\n     |\n1317 |             core: IndexMapCore { \n     |                   ^^^^^^^^^^^^ help: a struct with a similar name exists: `IndexMap`\n     |\n    ::: src/map.rs:87:1\n     |\n87   | pub struct IndexMap<K, V, S = RandomState> {\n     | ------------------------------------------ similarly named struct `IndexMap` defined here\n     |\nnote: struct `crate::map::tests::IndexMapCore` exists but is inaccessible\n    --> src/map/core.rs:31:1\n     |\n31   | pub(crate) struct IndexMapCore<K, V> {\n     | ^^^^^^^^^^^^^^^^^^^^^^^^^^^^^^^^^^^^ not accessible\n\nerror[E0433]: failed to resolve: use of undeclared type `Indices`\n    --> src/set.rs:1318:26\n     |\n1318 |                 indices: Indices::new(), \n     |                          ^^^^^^^ use of undeclared type `Indices`\n     |\nnote: type alias `crate::map::core::Indices` exists but is inaccessible\n    --> src/map/core.rs:24:1\n     |\n24   | type Indices = hash_table::HashTable<usize>;\n     | ^^^^^^^^^^^^^^^^^^^^^^^^^^^^^^^^^^^^^^^^^^^^ not accessible\n\nwarning: unused import: `super::*`\n   --> src/map/slice.rs:520:9\n    |\n520 |     use super::*;\n    |         ^^^^^^^^\n    |\n    = note: `#[warn(unused_imports)]` on by default\n\nwarning: unused import: `super::*`\n --> src/map/tests.rs:1:5\n  |\n1 | use super::*;\n  |     ^^^^^^^^\n\nwarning: unused import: `std::string::String`\n --> src/map/tests.rs:2:5\n  |\n2 | use std::string::String;\n  |     ^^^^^^^^^^^^^^^^^^^\n\nwarning: unused macro definition: `move_index_oob`\n   --> src/map/tests.rs:817:14\n    |\n817 | macro_rules! move_index_oob {\n    |              ^^^^^^^^^^^^^^\n    |\n    = note: `#[warn(unused_macros)]` on by default\n\nwarning: unused import: `super::*`\n   --> src/set/slice.rs:334:9\n    |\n334 |     use super::*;\n    |         ^^^^^^^^\n\nwarning: unused import: `super::*`\n --> src/set/tests.rs:1:5\n  |\n1 | use super::*;\n  |     ^^^^^^^^\n\nwarning: unused import: `std::string::String`\n --> src/set/tests.rs:2:5\n  |\n2 | use std::string::String;\n  |     ^^^^^^^^^^^^^^^^^^^\n\nwarning: unused import: `ntest::timeout`\n    --> src/set.rs:1305:8\n     |\n1305 |    use ntest::timeout;\n     |        ^^^^^^^^^^^^^^\n\nerror[E0599]: no method named `replace_full` found for struct `TestIndexSet` in the current scope\n    --> src/set.rs:1326:39\n     |\n1311 |     struct TestIndexSet {\n     |     ------------------- method `replace_full` not found for this struct\n...\n1326 |     let (index, replaced_value) = set.replace_full(input_value);\n     |                                       ^^^^^^^^^^^^ method not found in `TestIndexSet`\n     |\nhelp: one of the expressions' fields has a method of the same name\n     |\n1326 |     let (index, replaced_value) = set.map.core.replace_full(input_value);\n     |                                       +++++++++\n\nSome errors have detailed explanations: E0422, E0433, E0599.\nFor more information about an error, try `rustc --explain E0422`.\nwarning: `indexmap` (lib test) generated 8 warnings\nerror: could not compile `indexmap` (lib test) due to 4 previous errors; 8 warnings emitted\n"
                },
                {
                  "Err": "   Compiling libc v0.2.172\n   Compiling proc-macro2 v1.0.95\n   Compiling zerocopy v0.8.25\n   Compiling syn v1.0.109\n   Compiling getrandom v0.3.2\n   Compiling quote v1.0.40\n   Compiling syn v2.0.101\n   Compiling getrandom v0.2.16\n   Compiling rand_core v0.6.4\n   Compiling rand_core v0.9.3\n   Compiling rand v0.8.5\n   Compiling quickcheck v1.0.3\n   Compiling ppv-lite86 v0.2.21\n   Compiling rand_chacha v0.9.0\n   Compiling rand v0.9.1\n   Compiling serde_derive v1.0.219\n   Compiling ntest_timeout v0.9.3\n   Compiling ntest_test_cases v0.9.3\n   Compiling ntest v0.9.3\n   Compiling indexmap v2.9.0 (/home/abezbm/rust-utgen-test-crates-new/indexmap)\nerror[E0422]: cannot find struct, variant or union type `IndexMapCore` in this scope\n    --> src/set.rs:1317:19\n     |\n1317 |             core: IndexMapCore { \n     |                   ^^^^^^^^^^^^ help: a struct with a similar name exists: `IndexMap`\n     |\n    ::: src/map.rs:87:1\n     |\n87   | pub struct IndexMap<K, V, S = RandomState> {\n     | ------------------------------------------ similarly named struct `IndexMap` defined here\n     |\nnote: struct `crate::map::tests::IndexMapCore` exists but is inaccessible\n    --> src/map/core.rs:31:1\n     |\n31   | pub(crate) struct IndexMapCore<K, V> {\n     | ^^^^^^^^^^^^^^^^^^^^^^^^^^^^^^^^^^^^ not accessible\n\nerror[E0433]: failed to resolve: use of undeclared type `Indices`\n    --> src/set.rs:1318:26\n     |\n1318 |                 indices: Indices::new(), \n     |                          ^^^^^^^ use of undeclared type `Indices`\n     |\nnote: type alias `crate::map::core::Indices` exists but is inaccessible\n    --> src/map/core.rs:24:1\n     |\n24   | type Indices = hash_table::HashTable<usize>;\n     | ^^^^^^^^^^^^^^^^^^^^^^^^^^^^^^^^^^^^^^^^^^^^ not accessible\n\nwarning: unused import: `super::*`\n   --> src/map/slice.rs:520:9\n    |\n520 |     use super::*;\n    |         ^^^^^^^^\n    |\n    = note: `#[warn(unused_imports)]` on by default\n\nwarning: unused import: `super::*`\n --> src/map/tests.rs:1:5\n  |\n1 | use super::*;\n  |     ^^^^^^^^\n\nwarning: unused import: `std::string::String`\n --> src/map/tests.rs:2:5\n  |\n2 | use std::string::String;\n  |     ^^^^^^^^^^^^^^^^^^^\n\nwarning: unused macro definition: `move_index_oob`\n   --> src/map/tests.rs:817:14\n    |\n817 | macro_rules! move_index_oob {\n    |              ^^^^^^^^^^^^^^\n    |\n    = note: `#[warn(unused_macros)]` on by default\n\nwarning: unused import: `super::*`\n   --> src/set/slice.rs:334:9\n    |\n334 |     use super::*;\n    |         ^^^^^^^^\n\nwarning: unused import: `super::*`\n --> src/set/tests.rs:1:5\n  |\n1 | use super::*;\n  |     ^^^^^^^^\n\nwarning: unused import: `std::string::String`\n --> src/set/tests.rs:2:5\n  |\n2 | use std::string::String;\n  |     ^^^^^^^^^^^^^^^^^^^\n\nwarning: unused import: `ntest::timeout`\n    --> src/set.rs:1305:8\n     |\n1305 |    use ntest::timeout;\n     |        ^^^^^^^^^^^^^^\n\nerror[E0599]: no method named `replace_full` found for struct `TestIndexSet` in the current scope\n    --> src/set.rs:1326:39\n     |\n1311 |     struct TestIndexSet {\n     |     ------------------- method `replace_full` not found for this struct\n...\n1326 |     let (index, replaced_value) = set.replace_full(input_value);\n     |                                       ^^^^^^^^^^^^ method not found in `TestIndexSet`\n     |\nhelp: one of the expressions' fields has a method of the same name\n     |\n1326 |     let (index, replaced_value) = set.map.core.replace_full(input_value);\n     |                                       +++++++++\n\nSome errors have detailed explanations: E0422, E0433, E0599.\nFor more information about an error, try `rustc --explain E0422`.\nwarning: `indexmap` (lib test) generated 8 warnings\nerror: could not compile `indexmap` (lib test) due to 3 previous errors; 8 warnings emitted\n"
                }
              ],
              "repaired": [
                false,
                false
              ]
            }
          ]
        }
      ]
    }
  ]
}