{
  "name": "regex_syntax::hir::translate::<hir::translate::TranslatorI<'t, 'p> as ast::visitor::Visitor>::visit_class_set_binary_op_in",
  "name_with_impl": "regex_syntax::hir::translate::{impl#4}::visit_class_set_binary_op_in",
  "mod_info": {
    "name": "hir::translate",
    "loc": "regex-syntax/src/hir/mod.rs:29:1:29:19"
  },
  "visible": true,
  "loc": "regex-syntax/src/hir/translate.rs:498:5:510:6",
  "fn_tests": [
    {
      "chain_id": 1,
      "prompt_conds": [
        "// constraint: self.flags().unicode() is true\n",
        "// expected return value/type: Ok(())\n"
      ],
      "input_infer": "",
      "answers": [
        {
          "uses": [],
          "has_test_mod": false,
          "common": [],
          "chain_tests": [
            {
              "attrs": [],
              "prefix": [],
              "oracles": [],
              "codes": [
                [
                  "{",
                  "    struct MockTranslator {",
                  "        flags: Cell<Flags>,",
                  "        stack: RefCell<Vec<HirFrame>>,",
                  "    }",
                  "",
                  "    impl MockTranslator {",
                  "        fn new() -> Self {",
                  "            Self {",
                  "                flags: Cell::new(Flags { unicode: Some(true), ..Flags::default() }),",
                  "                stack: RefCell::new(vec![]),",
                  "            }",
                  "        }",
                  "        ",
                  "        fn flags(&self) -> Flags {",
                  "            self.flags.get()",
                  "        }",
                  "",
                  "        fn push(&self, frame: HirFrame) {",
                  "            self.stack.borrow_mut().push(frame);",
                  "        }",
                  "    }",
                  "",
                  "    let mut translator = MockTranslator::new();",
                  "    let mut visitor = TranslatorI::new(&translator, \"\");",
                  "",
                  "    let op = ast::ClassSetBinaryOp { /* initialize as necessary */ };",
                  "",
                  "    let result = visitor.visit_class_set_binary_op_in(&op);",
                  "    ",
                  "    assert_eq!(result, Ok(()));",
                  "    assert_eq!(translator.stack.borrow().len(), 1);",
                  "    if let HirFrame::ClassUnicode(_) = &translator.stack.borrow()[0] {",
                  "    } else {",
                  "        panic!(\"Expected ClassUnicode frame\");",
                  "    }",
                  "}"
                ]
              ],
              "can_compile": [
                {
                  "Err": "warning: /home/abezbm/rust-utgen-test-crates-new/regex/regex-capi/Cargo.toml: no edition set: defaulting to the 2015 edition while the latest is 2021\nwarning: /home/abezbm/rust-utgen-test-crates-new/regex/Cargo.toml: no edition set: defaulting to the 2015 edition while the latest is 2021\nwarning: /home/abezbm/rust-utgen-test-crates-new/regex/regex-syntax/Cargo.toml: no edition set: defaulting to the 2015 edition while the latest is 2021\nwarning: /home/abezbm/rust-utgen-test-crates-new/regex/regex-debug/Cargo.toml: no edition set: defaulting to the 2015 edition while the latest is 2021\n   Compiling proc-macro2 v1.0.95\n   Compiling syn v1.0.109\n   Compiling quote v1.0.40\n   Compiling ntest_timeout v0.9.3\n   Compiling ntest_test_cases v0.9.3\n   Compiling ntest v0.9.3\n   Compiling regex-syntax v0.6.0 (/home/abezbm/rust-utgen-test-crates-new/regex/regex-syntax)\nwarning: `...` range patterns are deprecated\n    --> regex-syntax/src/ast/parse.rs:1445:16\n     |\n1445 |             '0'...'7' => {\n     |                ^^^ help: use `..=` for an inclusive range\n     |\n     = warning: this is accepted in the current edition (Rust 2015) but is a hard error in Rust 2021!\n     = note: for more information, see <https://doc.rust-lang.org/nightly/edition-guide/rust-2021/warnings-promoted-to-error.html>\n     = note: `#[warn(ellipsis_inclusive_range_patterns)]` on by default\n\nwarning: `...` range patterns are deprecated\n    --> regex-syntax/src/ast/parse.rs:1456:16\n     |\n1456 |             '8'...'9' if !self.parser().octal => {\n     |                ^^^ help: use `..=` for an inclusive range\n     |\n     = warning: this is accepted in the current edition (Rust 2015) but is a hard error in Rust 2021!\n     = note: for more information, see <https://doc.rust-lang.org/nightly/edition-guide/rust-2021/warnings-promoted-to-error.html>\n\nwarning: unused import: `Primitive`\n    --> regex-syntax/src/ast/parse.rs:2261:49\n     |\n2261 |     use super::{Parser, ParserI, ParserBuilder, Primitive};\n     |                                                 ^^^^^^^^^\n     |\n     = note: `#[warn(unused_imports)]` on by default\n\nwarning: unused macro definition: `assert_eq`\n    --> regex-syntax/src/ast/parse.rs:2265:18\n     |\n2265 |     macro_rules! assert_eq {\n     |                  ^^^^^^^^^\n     |\n     = note: `#[warn(unused_macros)]` on by default\n\nwarning: unused import: `super::*`\n    --> regex-syntax/src/ast/mod.rs:1482:9\n     |\n1482 |     use super::*;\n     |         ^^^^^^^^\n\nwarning: unused import: `ast::parse::Parser`\n   --> regex-syntax/src/error.rs:288:9\n    |\n288 |     use ast::parse::Parser;\n    |         ^^^^^^^^^^^^^^^^^^\n\nwarning: unused import: `ParserBuilder`\n    --> regex-syntax/src/hir/literal/mod.rs:1004:9\n     |\n1004 |     use ParserBuilder;\n     |         ^^^^^^^^^^^^^\n\nwarning: unused imports: `Position` and `self`\n    --> regex-syntax/src/hir/translate.rs:1094:15\n     |\n1094 |     use ast::{self, Ast, Position, Span};\n     |               ^^^^       ^^^^^^^^\n\nwarning: unused import: `ascii_class`\n    --> regex-syntax/src/hir/translate.rs:1099:36\n     |\n1099 |     use super::{TranslatorBuilder, ascii_class};\n     |                                    ^^^^^^^^^^^\n\nwarning: unused import: `ntest::timeout`\n    --> regex-syntax/src/hir/translate.rs:2536:8\n     |\n2536 |    use ntest::timeout;\n     |        ^^^^^^^^^^^^^^\n\nwarning: unused imports: `contains_simple_case_mapping` and `simple_fold`\n   --> regex-syntax/src/unicode.rs:375:17\n    |\n375 |     use super::{contains_simple_case_mapping, simple_fold};\n    |                 ^^^^^^^^^^^^^^^^^^^^^^^^^^^^  ^^^^^^^^^^^\n\nwarning: `...` range patterns are deprecated\n   --> regex-syntax/src/lib.rs:195:21\n    |\n195 |         b'_' | b'0' ... b'9' | b'a' ... b'z' | b'A' ... b'Z'  => true,\n    |                     ^^^ help: use `..=` for an inclusive range\n    |\n    = warning: this is accepted in the current edition (Rust 2015) but is a hard error in Rust 2021!\n    = note: for more information, see <https://doc.rust-lang.org/nightly/edition-guide/rust-2021/warnings-promoted-to-error.html>\n\nwarning: `...` range patterns are deprecated\n   --> regex-syntax/src/lib.rs:195:37\n    |\n195 |         b'_' | b'0' ... b'9' | b'a' ... b'z' | b'A' ... b'Z'  => true,\n    |                                     ^^^ help: use `..=` for an inclusive range\n    |\n    = warning: this is accepted in the current edition (Rust 2015) but is a hard error in Rust 2021!\n    = note: for more information, see <https://doc.rust-lang.org/nightly/edition-guide/rust-2021/warnings-promoted-to-error.html>\n\nwarning: `...` range patterns are deprecated\n   --> regex-syntax/src/lib.rs:195:53\n    |\n195 |         b'_' | b'0' ... b'9' | b'a' ... b'z' | b'A' ... b'Z'  => true,\n    |                                                     ^^^ help: use `..=` for an inclusive range\n    |\n    = warning: this is accepted in the current edition (Rust 2015) but is a hard error in Rust 2021!\n    = note: for more information, see <https://doc.rust-lang.org/nightly/edition-guide/rust-2021/warnings-promoted-to-error.html>\n\nwarning: unused import: `super::*`\n   --> regex-syntax/src/lib.rs:202:9\n    |\n202 |     use super::*;\n    |         ^^^^^^^^\n\nwarning: use of deprecated method `std::error::Error::description`: use the Display impl or to_string()\n  --> regex-syntax/src/error.rs:45:38\n   |\n45 |             Error::Parse(ref x) => x.description(),\n   |                                      ^^^^^^^^^^^\n   |\n   = note: `#[warn(deprecated)]` on by default\n\nwarning: use of deprecated method `std::error::Error::description`: use the Display impl or to_string()\n  --> regex-syntax/src/error.rs:46:42\n   |\n46 |             Error::Translate(ref x) => x.description(),\n   |                                          ^^^^^^^^^^^\n\nerror[E0308]: mismatched types\n    --> regex-syntax/src/hir/translate.rs:2563:40\n     |\n2563 |     let mut visitor = TranslatorI::new(&translator, \"\");\n     |                       ---------------- ^^^^^^^^^^^ expected `&Translator`, found `&MockTranslator`\n     |                       |\n     |                       arguments to this function are incorrect\n     |\n     = note: expected reference `&Translator`\n                found reference `&MockTranslator`\nnote: associated function defined here\n    --> regex-syntax/src/hir/translate.rs:567:8\n     |\n567  |     fn new(trans: &'t Translator, pattern: &'p str) -> TranslatorI<'t, 'p> {\n     |        ^^^ ---------------------\n\nerror[E0063]: missing fields `kind`, `lhs`, `rhs` and 1 other field in initializer of `ClassSetBinaryOp`\n    --> regex-syntax/src/hir/translate.rs:2565:14\n     |\n2565 |     let op = ast::ClassSetBinaryOp { /* initialize as necessary */ };\n     |              ^^^^^^^^^^^^^^^^^^^^^ missing `kind`, `lhs`, `rhs` and 1 other field\n\nwarning: variable does not need to be mutable\n   --> regex-syntax/src/hir/literal/mod.rs:687:17\n    |\n687 |             let mut buf = &mut buf[..i];\n    |                 ----^^^\n    |                 |\n    |                 help: remove this `mut`\n    |\n    = note: `#[warn(unused_mut)]` on by default\n\nSome errors have detailed explanations: E0063, E0308.\nFor more information about an error, try `rustc --explain E0063`.\nwarning: `regex-syntax` (lib test) generated 18 warnings\nerror: could not compile `regex-syntax` (lib test) due to 2 previous errors; 18 warnings emitted\n"
                }
              ],
              "repaired": [
                false
              ]
            },
            {
              "attrs": [],
              "prefix": [],
              "oracles": [],
              "codes": [
                [
                  "{",
                  "    struct MockTranslator {",
                  "        flags: Cell<Flags>,",
                  "        stack: RefCell<Vec<HirFrame>>,",
                  "    }",
                  "",
                  "    impl MockTranslator {",
                  "        fn new() -> Self {",
                  "            Self {",
                  "                flags: Cell::new(Flags { unicode: Some(false), ..Flags::default() }),",
                  "                stack: RefCell::new(vec![]),",
                  "            }",
                  "        }",
                  "        ",
                  "        fn flags(&self) -> Flags {",
                  "            self.flags.get()",
                  "        }",
                  "",
                  "        fn push(&self, frame: HirFrame) {",
                  "            self.stack.borrow_mut().push(frame);",
                  "        }",
                  "    }",
                  "",
                  "    let mut translator = MockTranslator::new();",
                  "    let mut visitor = TranslatorI::new(&translator, \"\");",
                  "",
                  "    let op = ast::ClassSetBinaryOp { /* initialize as necessary */ };",
                  "",
                  "    let result = visitor.visit_class_set_binary_op_in(&op);",
                  "    ",
                  "    assert_eq!(result, Ok(()));",
                  "    assert_eq!(translator.stack.borrow().len(), 1);",
                  "    if let HirFrame::ClassBytes(_) = &translator.stack.borrow()[0] {",
                  "    } else {",
                  "        panic!(\"Expected ClassBytes frame\");",
                  "    }",
                  "}"
                ]
              ],
              "can_compile": [
                {
                  "Err": "warning: /home/abezbm/rust-utgen-test-crates-new/regex/regex-capi/Cargo.toml: no edition set: defaulting to the 2015 edition while the latest is 2021\nwarning: /home/abezbm/rust-utgen-test-crates-new/regex/Cargo.toml: no edition set: defaulting to the 2015 edition while the latest is 2021\nwarning: /home/abezbm/rust-utgen-test-crates-new/regex/regex-syntax/Cargo.toml: no edition set: defaulting to the 2015 edition while the latest is 2021\nwarning: /home/abezbm/rust-utgen-test-crates-new/regex/regex-debug/Cargo.toml: no edition set: defaulting to the 2015 edition while the latest is 2021\n   Compiling proc-macro2 v1.0.95\n   Compiling syn v1.0.109\n   Compiling quote v1.0.40\n   Compiling ntest_timeout v0.9.3\n   Compiling ntest_test_cases v0.9.3\n   Compiling ntest v0.9.3\n   Compiling regex-syntax v0.6.0 (/home/abezbm/rust-utgen-test-crates-new/regex/regex-syntax)\nwarning: `...` range patterns are deprecated\n    --> regex-syntax/src/ast/parse.rs:1445:16\n     |\n1445 |             '0'...'7' => {\n     |                ^^^ help: use `..=` for an inclusive range\n     |\n     = warning: this is accepted in the current edition (Rust 2015) but is a hard error in Rust 2021!\n     = note: for more information, see <https://doc.rust-lang.org/nightly/edition-guide/rust-2021/warnings-promoted-to-error.html>\n     = note: `#[warn(ellipsis_inclusive_range_patterns)]` on by default\n\nwarning: `...` range patterns are deprecated\n    --> regex-syntax/src/ast/parse.rs:1456:16\n     |\n1456 |             '8'...'9' if !self.parser().octal => {\n     |                ^^^ help: use `..=` for an inclusive range\n     |\n     = warning: this is accepted in the current edition (Rust 2015) but is a hard error in Rust 2021!\n     = note: for more information, see <https://doc.rust-lang.org/nightly/edition-guide/rust-2021/warnings-promoted-to-error.html>\n\nwarning: unused import: `Primitive`\n    --> regex-syntax/src/ast/parse.rs:2261:49\n     |\n2261 |     use super::{Parser, ParserI, ParserBuilder, Primitive};\n     |                                                 ^^^^^^^^^\n     |\n     = note: `#[warn(unused_imports)]` on by default\n\nwarning: unused macro definition: `assert_eq`\n    --> regex-syntax/src/ast/parse.rs:2265:18\n     |\n2265 |     macro_rules! assert_eq {\n     |                  ^^^^^^^^^\n     |\n     = note: `#[warn(unused_macros)]` on by default\n\nwarning: unused import: `super::*`\n    --> regex-syntax/src/ast/mod.rs:1482:9\n     |\n1482 |     use super::*;\n     |         ^^^^^^^^\n\nwarning: unused import: `ast::parse::Parser`\n   --> regex-syntax/src/error.rs:288:9\n    |\n288 |     use ast::parse::Parser;\n    |         ^^^^^^^^^^^^^^^^^^\n\nwarning: unused import: `ParserBuilder`\n    --> regex-syntax/src/hir/literal/mod.rs:1004:9\n     |\n1004 |     use ParserBuilder;\n     |         ^^^^^^^^^^^^^\n\nwarning: unused imports: `Position` and `self`\n    --> regex-syntax/src/hir/translate.rs:1094:15\n     |\n1094 |     use ast::{self, Ast, Position, Span};\n     |               ^^^^       ^^^^^^^^\n\nwarning: unused import: `ascii_class`\n    --> regex-syntax/src/hir/translate.rs:1099:36\n     |\n1099 |     use super::{TranslatorBuilder, ascii_class};\n     |                                    ^^^^^^^^^^^\n\nwarning: unused import: `ntest::timeout`\n    --> regex-syntax/src/hir/translate.rs:2536:8\n     |\n2536 |    use ntest::timeout;\n     |        ^^^^^^^^^^^^^^\n\nwarning: unused imports: `contains_simple_case_mapping` and `simple_fold`\n   --> regex-syntax/src/unicode.rs:375:17\n    |\n375 |     use super::{contains_simple_case_mapping, simple_fold};\n    |                 ^^^^^^^^^^^^^^^^^^^^^^^^^^^^  ^^^^^^^^^^^\n\nwarning: `...` range patterns are deprecated\n   --> regex-syntax/src/lib.rs:195:21\n    |\n195 |         b'_' | b'0' ... b'9' | b'a' ... b'z' | b'A' ... b'Z'  => true,\n    |                     ^^^ help: use `..=` for an inclusive range\n    |\n    = warning: this is accepted in the current edition (Rust 2015) but is a hard error in Rust 2021!\n    = note: for more information, see <https://doc.rust-lang.org/nightly/edition-guide/rust-2021/warnings-promoted-to-error.html>\n\nwarning: `...` range patterns are deprecated\n   --> regex-syntax/src/lib.rs:195:37\n    |\n195 |         b'_' | b'0' ... b'9' | b'a' ... b'z' | b'A' ... b'Z'  => true,\n    |                                     ^^^ help: use `..=` for an inclusive range\n    |\n    = warning: this is accepted in the current edition (Rust 2015) but is a hard error in Rust 2021!\n    = note: for more information, see <https://doc.rust-lang.org/nightly/edition-guide/rust-2021/warnings-promoted-to-error.html>\n\nwarning: `...` range patterns are deprecated\n   --> regex-syntax/src/lib.rs:195:53\n    |\n195 |         b'_' | b'0' ... b'9' | b'a' ... b'z' | b'A' ... b'Z'  => true,\n    |                                                     ^^^ help: use `..=` for an inclusive range\n    |\n    = warning: this is accepted in the current edition (Rust 2015) but is a hard error in Rust 2021!\n    = note: for more information, see <https://doc.rust-lang.org/nightly/edition-guide/rust-2021/warnings-promoted-to-error.html>\n\nwarning: unused import: `super::*`\n   --> regex-syntax/src/lib.rs:202:9\n    |\n202 |     use super::*;\n    |         ^^^^^^^^\n\nwarning: use of deprecated method `std::error::Error::description`: use the Display impl or to_string()\n  --> regex-syntax/src/error.rs:45:38\n   |\n45 |             Error::Parse(ref x) => x.description(),\n   |                                      ^^^^^^^^^^^\n   |\n   = note: `#[warn(deprecated)]` on by default\n\nwarning: use of deprecated method `std::error::Error::description`: use the Display impl or to_string()\n  --> regex-syntax/src/error.rs:46:42\n   |\n46 |             Error::Translate(ref x) => x.description(),\n   |                                          ^^^^^^^^^^^\n\nerror[E0308]: mismatched types\n    --> regex-syntax/src/hir/translate.rs:2563:40\n     |\n2563 |     let mut visitor = TranslatorI::new(&translator, \"\");\n     |                       ---------------- ^^^^^^^^^^^ expected `&Translator`, found `&MockTranslator`\n     |                       |\n     |                       arguments to this function are incorrect\n     |\n     = note: expected reference `&Translator`\n                found reference `&MockTranslator`\nnote: associated function defined here\n    --> regex-syntax/src/hir/translate.rs:567:8\n     |\n567  |     fn new(trans: &'t Translator, pattern: &'p str) -> TranslatorI<'t, 'p> {\n     |        ^^^ ---------------------\n\nerror[E0063]: missing fields `kind`, `lhs`, `rhs` and 1 other field in initializer of `ClassSetBinaryOp`\n    --> regex-syntax/src/hir/translate.rs:2565:14\n     |\n2565 |     let op = ast::ClassSetBinaryOp { /* initialize as necessary */ };\n     |              ^^^^^^^^^^^^^^^^^^^^^ missing `kind`, `lhs`, `rhs` and 1 other field\n\nwarning: variable does not need to be mutable\n   --> regex-syntax/src/hir/literal/mod.rs:687:17\n    |\n687 |             let mut buf = &mut buf[..i];\n    |                 ----^^^\n    |                 |\n    |                 help: remove this `mut`\n    |\n    = note: `#[warn(unused_mut)]` on by default\n\nSome errors have detailed explanations: E0063, E0308.\nFor more information about an error, try `rustc --explain E0063`.\nwarning: `regex-syntax` (lib test) generated 18 warnings\nerror: could not compile `regex-syntax` (lib test) due to 2 previous errors; 18 warnings emitted\n"
                }
              ],
              "repaired": [
                false
              ]
            }
          ]
        }
      ]
    },
    {
      "chain_id": 2,
      "prompt_conds": [
        "// constraint: self.flags().unicode() is false\n",
        "// expected return value/type: Ok(())\n"
      ],
      "input_infer": "",
      "answers": [
        {
          "uses": [],
          "has_test_mod": false,
          "common": [],
          "chain_tests": [
            {
              "attrs": [],
              "prefix": [],
              "oracles": [],
              "codes": [
                [
                  "{",
                  "    struct MockTranslator {",
                  "        flags: Cell<Flags>,",
                  "        stack: RefCell<Vec<HirFrame>>,",
                  "    }",
                  "",
                  "    impl MockTranslator {",
                  "        fn new() -> Self {",
                  "            Self {",
                  "                flags: Cell::new(Flags {",
                  "                    unicode: Some(false),",
                  "                    ..Flags::default()",
                  "                }),",
                  "                stack: RefCell::new(vec![]),",
                  "            }",
                  "        }",
                  "    }",
                  "",
                  "    let mut translator = MockTranslator::new();",
                  "    let mut translator_instance = TranslatorI {",
                  "        trans: &translator,",
                  "        pattern: \"\",",
                  "    };",
                  "",
                  "    let class_set_op = ast::ClassSetBinaryOp {}; // Assuming a default constructor for the struct",
                  "",
                  "    let result = translator_instance.visit_class_set_binary_op_in(&class_set_op);",
                  "",
                  "    assert_eq!(result, Ok(()));",
                  "    assert!(matches!(translator.stack.borrow().last(), Some(HirFrame::ClassBytes(_))));",
                  "}"
                ]
              ],
              "can_compile": [
                {
                  "Err": "warning: /home/abezbm/rust-utgen-test-crates-new/regex/regex-syntax/Cargo.toml: no edition set: defaulting to the 2015 edition while the latest is 2021\nwarning: /home/abezbm/rust-utgen-test-crates-new/regex/regex-capi/Cargo.toml: no edition set: defaulting to the 2015 edition while the latest is 2021\nwarning: /home/abezbm/rust-utgen-test-crates-new/regex/regex-debug/Cargo.toml: no edition set: defaulting to the 2015 edition while the latest is 2021\nwarning: /home/abezbm/rust-utgen-test-crates-new/regex/Cargo.toml: no edition set: defaulting to the 2015 edition while the latest is 2021\n   Compiling proc-macro2 v1.0.95\n   Compiling syn v1.0.109\n   Compiling quote v1.0.40\n   Compiling ntest_timeout v0.9.3\n   Compiling ntest_test_cases v0.9.3\n   Compiling ntest v0.9.3\n   Compiling regex-syntax v0.6.0 (/home/abezbm/rust-utgen-test-crates-new/regex/regex-syntax)\nwarning: `...` range patterns are deprecated\n    --> regex-syntax/src/ast/parse.rs:1445:16\n     |\n1445 |             '0'...'7' => {\n     |                ^^^ help: use `..=` for an inclusive range\n     |\n     = warning: this is accepted in the current edition (Rust 2015) but is a hard error in Rust 2021!\n     = note: for more information, see <https://doc.rust-lang.org/nightly/edition-guide/rust-2021/warnings-promoted-to-error.html>\n     = note: `#[warn(ellipsis_inclusive_range_patterns)]` on by default\n\nwarning: `...` range patterns are deprecated\n    --> regex-syntax/src/ast/parse.rs:1456:16\n     |\n1456 |             '8'...'9' if !self.parser().octal => {\n     |                ^^^ help: use `..=` for an inclusive range\n     |\n     = warning: this is accepted in the current edition (Rust 2015) but is a hard error in Rust 2021!\n     = note: for more information, see <https://doc.rust-lang.org/nightly/edition-guide/rust-2021/warnings-promoted-to-error.html>\n\nwarning: unused import: `Primitive`\n    --> regex-syntax/src/ast/parse.rs:2261:49\n     |\n2261 |     use super::{Parser, ParserI, ParserBuilder, Primitive};\n     |                                                 ^^^^^^^^^\n     |\n     = note: `#[warn(unused_imports)]` on by default\n\nwarning: unused macro definition: `assert_eq`\n    --> regex-syntax/src/ast/parse.rs:2265:18\n     |\n2265 |     macro_rules! assert_eq {\n     |                  ^^^^^^^^^\n     |\n     = note: `#[warn(unused_macros)]` on by default\n\nwarning: unused import: `super::*`\n    --> regex-syntax/src/ast/mod.rs:1482:9\n     |\n1482 |     use super::*;\n     |         ^^^^^^^^\n\nwarning: unused import: `ast::parse::Parser`\n   --> regex-syntax/src/error.rs:288:9\n    |\n288 |     use ast::parse::Parser;\n    |         ^^^^^^^^^^^^^^^^^^\n\nwarning: unused import: `ParserBuilder`\n    --> regex-syntax/src/hir/literal/mod.rs:1004:9\n     |\n1004 |     use ParserBuilder;\n     |         ^^^^^^^^^^^^^\n\nwarning: unused imports: `Position` and `self`\n    --> regex-syntax/src/hir/translate.rs:1094:15\n     |\n1094 |     use ast::{self, Ast, Position, Span};\n     |               ^^^^       ^^^^^^^^\n\nwarning: unused import: `ascii_class`\n    --> regex-syntax/src/hir/translate.rs:1099:36\n     |\n1099 |     use super::{TranslatorBuilder, ascii_class};\n     |                                    ^^^^^^^^^^^\n\nwarning: unused import: `ntest::timeout`\n    --> regex-syntax/src/hir/translate.rs:2536:8\n     |\n2536 |    use ntest::timeout;\n     |        ^^^^^^^^^^^^^^\n\nwarning: unused imports: `contains_simple_case_mapping` and `simple_fold`\n   --> regex-syntax/src/unicode.rs:375:17\n    |\n375 |     use super::{contains_simple_case_mapping, simple_fold};\n    |                 ^^^^^^^^^^^^^^^^^^^^^^^^^^^^  ^^^^^^^^^^^\n\nwarning: `...` range patterns are deprecated\n   --> regex-syntax/src/lib.rs:195:21\n    |\n195 |         b'_' | b'0' ... b'9' | b'a' ... b'z' | b'A' ... b'Z'  => true,\n    |                     ^^^ help: use `..=` for an inclusive range\n    |\n    = warning: this is accepted in the current edition (Rust 2015) but is a hard error in Rust 2021!\n    = note: for more information, see <https://doc.rust-lang.org/nightly/edition-guide/rust-2021/warnings-promoted-to-error.html>\n\nwarning: `...` range patterns are deprecated\n   --> regex-syntax/src/lib.rs:195:37\n    |\n195 |         b'_' | b'0' ... b'9' | b'a' ... b'z' | b'A' ... b'Z'  => true,\n    |                                     ^^^ help: use `..=` for an inclusive range\n    |\n    = warning: this is accepted in the current edition (Rust 2015) but is a hard error in Rust 2021!\n    = note: for more information, see <https://doc.rust-lang.org/nightly/edition-guide/rust-2021/warnings-promoted-to-error.html>\n\nwarning: `...` range patterns are deprecated\n   --> regex-syntax/src/lib.rs:195:53\n    |\n195 |         b'_' | b'0' ... b'9' | b'a' ... b'z' | b'A' ... b'Z'  => true,\n    |                                                     ^^^ help: use `..=` for an inclusive range\n    |\n    = warning: this is accepted in the current edition (Rust 2015) but is a hard error in Rust 2021!\n    = note: for more information, see <https://doc.rust-lang.org/nightly/edition-guide/rust-2021/warnings-promoted-to-error.html>\n\nwarning: unused import: `super::*`\n   --> regex-syntax/src/lib.rs:202:9\n    |\n202 |     use super::*;\n    |         ^^^^^^^^\n\nwarning: use of deprecated method `std::error::Error::description`: use the Display impl or to_string()\n  --> regex-syntax/src/error.rs:45:38\n   |\n45 |             Error::Parse(ref x) => x.description(),\n   |                                      ^^^^^^^^^^^\n   |\n   = note: `#[warn(deprecated)]` on by default\n\nwarning: use of deprecated method `std::error::Error::description`: use the Display impl or to_string()\n  --> regex-syntax/src/error.rs:46:42\n   |\n46 |             Error::Translate(ref x) => x.description(),\n   |                                          ^^^^^^^^^^^\n\nerror[E0308]: mismatched types\n    --> regex-syntax/src/hir/translate.rs:2559:16\n     |\n2559 |         trans: &translator,\n     |                ^^^^^^^^^^^ expected `&Translator`, found `&MockTranslator`\n     |\n     = note: expected reference `&Translator`\n                found reference `&MockTranslator`\n\nerror[E0063]: missing fields `kind`, `lhs`, `rhs` and 1 other field in initializer of `ClassSetBinaryOp`\n    --> regex-syntax/src/hir/translate.rs:2563:24\n     |\n2563 |     let class_set_op = ast::ClassSetBinaryOp {}; // Assuming a default constructor for the struct\n     |                        ^^^^^^^^^^^^^^^^^^^^^ missing `kind`, `lhs`, `rhs` and 1 other field\n\nwarning: variable does not need to be mutable\n   --> regex-syntax/src/hir/literal/mod.rs:687:17\n    |\n687 |             let mut buf = &mut buf[..i];\n    |                 ----^^^\n    |                 |\n    |                 help: remove this `mut`\n    |\n    = note: `#[warn(unused_mut)]` on by default\n\nSome errors have detailed explanations: E0063, E0308.\nFor more information about an error, try `rustc --explain E0063`.\nwarning: `regex-syntax` (lib test) generated 18 warnings\nerror: could not compile `regex-syntax` (lib test) due to 2 previous errors; 18 warnings emitted\n"
                }
              ],
              "repaired": [
                false
              ]
            },
            {
              "attrs": [],
              "prefix": [],
              "oracles": [],
              "codes": [
                [
                  "{",
                  "    struct MockTranslator {",
                  "        flags: Cell<Flags>,",
                  "        stack: RefCell<Vec<HirFrame>>,",
                  "    }",
                  "",
                  "    impl MockTranslator {",
                  "        fn new() -> Self {",
                  "            Self {",
                  "                flags: Cell::new(Flags {",
                  "                    unicode: Some(true),",
                  "                    ..Flags::default()",
                  "                }),",
                  "                stack: RefCell::new(vec![]),",
                  "            }",
                  "        }",
                  "    }",
                  "",
                  "    let mut translator = MockTranslator::new();",
                  "    let mut translator_instance = TranslatorI {",
                  "        trans: &translator,",
                  "        pattern: \"\",",
                  "    };",
                  "",
                  "    let class_set_op = ast::ClassSetBinaryOp {}; // Assuming a default constructor for the struct",
                  "",
                  "    let result = translator_instance.visit_class_set_binary_op_in(&class_set_op);",
                  "",
                  "    assert_eq!(result, Ok(()));",
                  "    assert!(matches!(translator.stack.borrow().last(), Some(HirFrame::ClassUnicode(_))));",
                  "}"
                ]
              ],
              "can_compile": [
                {
                  "Err": "warning: /home/abezbm/rust-utgen-test-crates-new/regex/regex-debug/Cargo.toml: no edition set: defaulting to the 2015 edition while the latest is 2021\nwarning: /home/abezbm/rust-utgen-test-crates-new/regex/regex-capi/Cargo.toml: no edition set: defaulting to the 2015 edition while the latest is 2021\nwarning: /home/abezbm/rust-utgen-test-crates-new/regex/regex-syntax/Cargo.toml: no edition set: defaulting to the 2015 edition while the latest is 2021\nwarning: /home/abezbm/rust-utgen-test-crates-new/regex/Cargo.toml: no edition set: defaulting to the 2015 edition while the latest is 2021\n   Compiling proc-macro2 v1.0.95\n   Compiling syn v1.0.109\n   Compiling quote v1.0.40\n   Compiling ntest_timeout v0.9.3\n   Compiling ntest_test_cases v0.9.3\n   Compiling ntest v0.9.3\n   Compiling regex-syntax v0.6.0 (/home/abezbm/rust-utgen-test-crates-new/regex/regex-syntax)\nwarning: `...` range patterns are deprecated\n    --> regex-syntax/src/ast/parse.rs:1445:16\n     |\n1445 |             '0'...'7' => {\n     |                ^^^ help: use `..=` for an inclusive range\n     |\n     = warning: this is accepted in the current edition (Rust 2015) but is a hard error in Rust 2021!\n     = note: for more information, see <https://doc.rust-lang.org/nightly/edition-guide/rust-2021/warnings-promoted-to-error.html>\n     = note: `#[warn(ellipsis_inclusive_range_patterns)]` on by default\n\nwarning: `...` range patterns are deprecated\n    --> regex-syntax/src/ast/parse.rs:1456:16\n     |\n1456 |             '8'...'9' if !self.parser().octal => {\n     |                ^^^ help: use `..=` for an inclusive range\n     |\n     = warning: this is accepted in the current edition (Rust 2015) but is a hard error in Rust 2021!\n     = note: for more information, see <https://doc.rust-lang.org/nightly/edition-guide/rust-2021/warnings-promoted-to-error.html>\n\nwarning: unused import: `Primitive`\n    --> regex-syntax/src/ast/parse.rs:2261:49\n     |\n2261 |     use super::{Parser, ParserI, ParserBuilder, Primitive};\n     |                                                 ^^^^^^^^^\n     |\n     = note: `#[warn(unused_imports)]` on by default\n\nwarning: unused macro definition: `assert_eq`\n    --> regex-syntax/src/ast/parse.rs:2265:18\n     |\n2265 |     macro_rules! assert_eq {\n     |                  ^^^^^^^^^\n     |\n     = note: `#[warn(unused_macros)]` on by default\n\nwarning: unused import: `super::*`\n    --> regex-syntax/src/ast/mod.rs:1482:9\n     |\n1482 |     use super::*;\n     |         ^^^^^^^^\n\nwarning: unused import: `ast::parse::Parser`\n   --> regex-syntax/src/error.rs:288:9\n    |\n288 |     use ast::parse::Parser;\n    |         ^^^^^^^^^^^^^^^^^^\n\nwarning: unused import: `ParserBuilder`\n    --> regex-syntax/src/hir/literal/mod.rs:1004:9\n     |\n1004 |     use ParserBuilder;\n     |         ^^^^^^^^^^^^^\n\nwarning: unused imports: `Position` and `self`\n    --> regex-syntax/src/hir/translate.rs:1094:15\n     |\n1094 |     use ast::{self, Ast, Position, Span};\n     |               ^^^^       ^^^^^^^^\n\nwarning: unused import: `ascii_class`\n    --> regex-syntax/src/hir/translate.rs:1099:36\n     |\n1099 |     use super::{TranslatorBuilder, ascii_class};\n     |                                    ^^^^^^^^^^^\n\nwarning: unused import: `ntest::timeout`\n    --> regex-syntax/src/hir/translate.rs:2536:8\n     |\n2536 |    use ntest::timeout;\n     |        ^^^^^^^^^^^^^^\n\nwarning: unused imports: `contains_simple_case_mapping` and `simple_fold`\n   --> regex-syntax/src/unicode.rs:375:17\n    |\n375 |     use super::{contains_simple_case_mapping, simple_fold};\n    |                 ^^^^^^^^^^^^^^^^^^^^^^^^^^^^  ^^^^^^^^^^^\n\nwarning: `...` range patterns are deprecated\n   --> regex-syntax/src/lib.rs:195:21\n    |\n195 |         b'_' | b'0' ... b'9' | b'a' ... b'z' | b'A' ... b'Z'  => true,\n    |                     ^^^ help: use `..=` for an inclusive range\n    |\n    = warning: this is accepted in the current edition (Rust 2015) but is a hard error in Rust 2021!\n    = note: for more information, see <https://doc.rust-lang.org/nightly/edition-guide/rust-2021/warnings-promoted-to-error.html>\n\nwarning: `...` range patterns are deprecated\n   --> regex-syntax/src/lib.rs:195:37\n    |\n195 |         b'_' | b'0' ... b'9' | b'a' ... b'z' | b'A' ... b'Z'  => true,\n    |                                     ^^^ help: use `..=` for an inclusive range\n    |\n    = warning: this is accepted in the current edition (Rust 2015) but is a hard error in Rust 2021!\n    = note: for more information, see <https://doc.rust-lang.org/nightly/edition-guide/rust-2021/warnings-promoted-to-error.html>\n\nwarning: `...` range patterns are deprecated\n   --> regex-syntax/src/lib.rs:195:53\n    |\n195 |         b'_' | b'0' ... b'9' | b'a' ... b'z' | b'A' ... b'Z'  => true,\n    |                                                     ^^^ help: use `..=` for an inclusive range\n    |\n    = warning: this is accepted in the current edition (Rust 2015) but is a hard error in Rust 2021!\n    = note: for more information, see <https://doc.rust-lang.org/nightly/edition-guide/rust-2021/warnings-promoted-to-error.html>\n\nwarning: unused import: `super::*`\n   --> regex-syntax/src/lib.rs:202:9\n    |\n202 |     use super::*;\n    |         ^^^^^^^^\n\nwarning: use of deprecated method `std::error::Error::description`: use the Display impl or to_string()\n  --> regex-syntax/src/error.rs:45:38\n   |\n45 |             Error::Parse(ref x) => x.description(),\n   |                                      ^^^^^^^^^^^\n   |\n   = note: `#[warn(deprecated)]` on by default\n\nwarning: use of deprecated method `std::error::Error::description`: use the Display impl or to_string()\n  --> regex-syntax/src/error.rs:46:42\n   |\n46 |             Error::Translate(ref x) => x.description(),\n   |                                          ^^^^^^^^^^^\n\nerror[E0308]: mismatched types\n    --> regex-syntax/src/hir/translate.rs:2559:16\n     |\n2559 |         trans: &translator,\n     |                ^^^^^^^^^^^ expected `&Translator`, found `&MockTranslator`\n     |\n     = note: expected reference `&Translator`\n                found reference `&MockTranslator`\n\nerror[E0063]: missing fields `kind`, `lhs`, `rhs` and 1 other field in initializer of `ClassSetBinaryOp`\n    --> regex-syntax/src/hir/translate.rs:2563:24\n     |\n2563 |     let class_set_op = ast::ClassSetBinaryOp {}; // Assuming a default constructor for the struct\n     |                        ^^^^^^^^^^^^^^^^^^^^^ missing `kind`, `lhs`, `rhs` and 1 other field\n\nwarning: variable does not need to be mutable\n   --> regex-syntax/src/hir/literal/mod.rs:687:17\n    |\n687 |             let mut buf = &mut buf[..i];\n    |                 ----^^^\n    |                 |\n    |                 help: remove this `mut`\n    |\n    = note: `#[warn(unused_mut)]` on by default\n\nSome errors have detailed explanations: E0063, E0308.\nFor more information about an error, try `rustc --explain E0063`.\nwarning: `regex-syntax` (lib test) generated 18 warnings\nerror: could not compile `regex-syntax` (lib test) due to 2 previous errors; 18 warnings emitted\n"
                }
              ],
              "repaired": [
                false
              ]
            }
          ]
        }
      ]
    }
  ]
}