{
  "name": "regex_syntax::ast::visitor::ast::visitor::HeapVisitor<'a>::pop_class",
  "name_with_impl": "regex_syntax::ast::visitor::{impl#0}::pop_class",
  "mod_info": {
    "name": "ast::visitor",
    "loc": "regex-syntax/src/ast/mod.rs:23:1:23:13"
  },
  "visible": false,
  "loc": "regex-syntax/src/ast/visitor.rs:447:5:468:6",
  "fn_tests": [
    {
      "chain_id": 1,
      "prompt_conds": [
        "// constraint: induct matches ClassFrame::BinaryRHS {..} is true\n",
        "// expected return value/type: None\n"
      ],
      "input_infer": "",
      "answers": [
        {
          "uses": [],
          "has_test_mod": false,
          "common": [],
          "chain_tests": [
            {
              "attrs": [],
              "prefix": [],
              "oracles": [],
              "codes": [
                [
                  "{",
                  "    struct TestVisitor;",
                  "",
                  "    impl Visitor for TestVisitor {",
                  "        type Output = ();",
                  "        type Err = ();",
                  "",
                  "        fn on_ast(&mut self, _ast: &Ast) {}",
                  "    }",
                  "",
                  "    let op = ClassSetBinaryOp {",
                  "        span: Span { start: 0, end: 1 },",
                  "        kind: ClassSetBinaryOpKind::And,",
                  "        lhs: Box::new(ClassSet::Item(ClassSetItem::Literal(Literal::One))),",
                  "        rhs: Box::new(ClassSet::Item(ClassSetItem::Literal(Literal::Two))),",
                  "    };",
                  "",
                  "    let induct = ClassFrame::BinaryRHS { op: &op };",
                  "",
                  "    let visitor = TestVisitor;",
                  "    let visitor_mut = &mut visitor;",
                  "",
                  "    let heap_visitor = HeapVisitor::new();",
                  "    let result = heap_visitor.pop_class(induct);",
                  "    ",
                  "    assert_eq!(result, None);",
                  "}"
                ]
              ],
              "can_compile": [
                {
                  "Err": "warning: /home/abezbm/rust-utgen-test-crates-new/regex/regex-debug/Cargo.toml: no edition set: defaulting to the 2015 edition while the latest is 2021\nwarning: /home/abezbm/rust-utgen-test-crates-new/regex/regex-syntax/Cargo.toml: no edition set: defaulting to the 2015 edition while the latest is 2021\nwarning: /home/abezbm/rust-utgen-test-crates-new/regex/Cargo.toml: no edition set: defaulting to the 2015 edition while the latest is 2021\nwarning: /home/abezbm/rust-utgen-test-crates-new/regex/regex-capi/Cargo.toml: no edition set: defaulting to the 2015 edition while the latest is 2021\n   Compiling proc-macro2 v1.0.95\n   Compiling syn v1.0.109\n   Compiling quote v1.0.40\n   Compiling ntest_test_cases v0.9.3\n   Compiling ntest_timeout v0.9.3\n   Compiling ntest v0.9.3\n   Compiling regex-syntax v0.6.0 (/home/abezbm/rust-utgen-test-crates-new/regex/regex-syntax)\nerror[E0407]: method `on_ast` is not a member of trait `Visitor`\n   --> regex-syntax/src/ast/visitor.rs:571:9\n    |\n571 |         fn on_ast(&mut self, _ast: &Ast) {}\n    |         ^^^^^^^^^^^^^^^^^^^^^^^^^^^^^^^^^^^ not a member of trait `Visitor`\n\nerror[E0422]: cannot find struct, variant or union type `ClassSetBinaryOp` in this scope\n   --> regex-syntax/src/ast/visitor.rs:574:14\n    |\n574 |     let op = ClassSetBinaryOp {\n    |              ^^^^^^^^^^^^^^^^ not found in this scope\n    |\nhelp: consider importing this struct\n    |\n560 +    use ast::ClassSetBinaryOp;\n    |\n\nerror[E0422]: cannot find struct, variant or union type `Span` in this scope\n   --> regex-syntax/src/ast/visitor.rs:575:15\n    |\n575 |         span: Span { start: 0, end: 1 },\n    |               ^^^^ not found in this scope\n    |\nhelp: consider importing this struct\n    |\n560 +    use ast::Span;\n    |\n\nerror[E0433]: failed to resolve: use of undeclared type `ClassSetBinaryOpKind`\n   --> regex-syntax/src/ast/visitor.rs:576:15\n    |\n576 |         kind: ClassSetBinaryOpKind::And,\n    |               ^^^^^^^^^^^^^^^^^^^^ use of undeclared type `ClassSetBinaryOpKind`\n    |\nhelp: consider importing this enum\n    |\n560 +    use ast::ClassSetBinaryOpKind;\n    |\n\nerror[E0433]: failed to resolve: use of undeclared type `ClassSet`\n   --> regex-syntax/src/ast/visitor.rs:577:23\n    |\n577 |         lhs: Box::new(ClassSet::Item(ClassSetItem::Literal(Literal::One))),\n    |                       ^^^^^^^^ use of undeclared type `ClassSet`\n    |\nhelp: consider importing this enum\n    |\n560 +    use ast::ClassSet;\n    |\n\nerror[E0433]: failed to resolve: use of undeclared type `ClassSetItem`\n   --> regex-syntax/src/ast/visitor.rs:577:38\n    |\n577 |         lhs: Box::new(ClassSet::Item(ClassSetItem::Literal(Literal::One))),\n    |                                      ^^^^^^^^^^^^ use of undeclared type `ClassSetItem`\n    |\nhelp: consider importing this enum\n    |\n560 +    use ast::ClassSetItem;\n    |\n\nerror[E0433]: failed to resolve: use of undeclared type `Literal`\n   --> regex-syntax/src/ast/visitor.rs:577:60\n    |\n577 |         lhs: Box::new(ClassSet::Item(ClassSetItem::Literal(Literal::One))),\n    |                                                            ^^^^^^^ use of undeclared type `Literal`\n    |\nhelp: consider importing one of these items\n    |\n560 +    use ast::Literal;\n    |\n560 +    use hir::Literal;\n    |\n560 +    use hir::literal::Literal;\n    |\n\nerror[E0433]: failed to resolve: use of undeclared type `ClassSet`\n   --> regex-syntax/src/ast/visitor.rs:578:23\n    |\n578 |         rhs: Box::new(ClassSet::Item(ClassSetItem::Literal(Literal::Two))),\n    |                       ^^^^^^^^ use of undeclared type `ClassSet`\n    |\nhelp: consider importing this enum\n    |\n560 +    use ast::ClassSet;\n    |\n\nerror[E0433]: failed to resolve: use of undeclared type `ClassSetItem`\n   --> regex-syntax/src/ast/visitor.rs:578:38\n    |\n578 |         rhs: Box::new(ClassSet::Item(ClassSetItem::Literal(Literal::Two))),\n    |                                      ^^^^^^^^^^^^ use of undeclared type `ClassSetItem`\n    |\nhelp: consider importing this enum\n    |\n560 +    use ast::ClassSetItem;\n    |\n\nerror[E0433]: failed to resolve: use of undeclared type `Literal`\n   --> regex-syntax/src/ast/visitor.rs:578:60\n    |\n578 |         rhs: Box::new(ClassSet::Item(ClassSetItem::Literal(Literal::Two))),\n    |                                                            ^^^^^^^ use of undeclared type `Literal`\n    |\nhelp: consider importing one of these items\n    |\n560 +    use ast::Literal;\n    |\n560 +    use hir::Literal;\n    |\n560 +    use hir::literal::Literal;\n    |\n\nwarning: `...` range patterns are deprecated\n    --> regex-syntax/src/ast/parse.rs:1445:16\n     |\n1445 |             '0'...'7' => {\n     |                ^^^ help: use `..=` for an inclusive range\n     |\n     = warning: this is accepted in the current edition (Rust 2015) but is a hard error in Rust 2021!\n     = note: for more information, see <https://doc.rust-lang.org/nightly/edition-guide/rust-2021/warnings-promoted-to-error.html>\n     = note: `#[warn(ellipsis_inclusive_range_patterns)]` on by default\n\nwarning: `...` range patterns are deprecated\n    --> regex-syntax/src/ast/parse.rs:1456:16\n     |\n1456 |             '8'...'9' if !self.parser().octal => {\n     |                ^^^ help: use `..=` for an inclusive range\n     |\n     = warning: this is accepted in the current edition (Rust 2015) but is a hard error in Rust 2021!\n     = note: for more information, see <https://doc.rust-lang.org/nightly/edition-guide/rust-2021/warnings-promoted-to-error.html>\n\nwarning: unused import: `Primitive`\n    --> regex-syntax/src/ast/parse.rs:2261:49\n     |\n2261 |     use super::{Parser, ParserI, ParserBuilder, Primitive};\n     |                                                 ^^^^^^^^^\n     |\n     = note: `#[warn(unused_imports)]` on by default\n\nwarning: unused macro definition: `assert_eq`\n    --> regex-syntax/src/ast/parse.rs:2265:18\n     |\n2265 |     macro_rules! assert_eq {\n     |                  ^^^^^^^^^\n     |\n     = note: `#[warn(unused_macros)]` on by default\n\nwarning: unused import: `ntest::timeout`\n   --> regex-syntax/src/ast/visitor.rs:561:8\n    |\n561 |    use ntest::timeout;\n    |        ^^^^^^^^^^^^^^\n\nwarning: unused import: `super::*`\n    --> regex-syntax/src/ast/mod.rs:1482:9\n     |\n1482 |     use super::*;\n     |         ^^^^^^^^\n\nwarning: unused import: `ast::parse::Parser`\n   --> regex-syntax/src/error.rs:288:9\n    |\n288 |     use ast::parse::Parser;\n    |         ^^^^^^^^^^^^^^^^^^\n\nwarning: unused import: `ParserBuilder`\n    --> regex-syntax/src/hir/literal/mod.rs:1004:9\n     |\n1004 |     use ParserBuilder;\n     |         ^^^^^^^^^^^^^\n\nwarning: unused imports: `Position` and `self`\n    --> regex-syntax/src/hir/translate.rs:1094:15\n     |\n1094 |     use ast::{self, Ast, Position, Span};\n     |               ^^^^       ^^^^^^^^\n\nwarning: unused import: `ascii_class`\n    --> regex-syntax/src/hir/translate.rs:1099:36\n     |\n1099 |     use super::{TranslatorBuilder, ascii_class};\n     |                                    ^^^^^^^^^^^\n\nwarning: unused imports: `contains_simple_case_mapping` and `simple_fold`\n   --> regex-syntax/src/unicode.rs:375:17\n    |\n375 |     use super::{contains_simple_case_mapping, simple_fold};\n    |                 ^^^^^^^^^^^^^^^^^^^^^^^^^^^^  ^^^^^^^^^^^\n\nwarning: `...` range patterns are deprecated\n   --> regex-syntax/src/lib.rs:195:21\n    |\n195 |         b'_' | b'0' ... b'9' | b'a' ... b'z' | b'A' ... b'Z'  => true,\n    |                     ^^^ help: use `..=` for an inclusive range\n    |\n    = warning: this is accepted in the current edition (Rust 2015) but is a hard error in Rust 2021!\n    = note: for more information, see <https://doc.rust-lang.org/nightly/edition-guide/rust-2021/warnings-promoted-to-error.html>\n\nwarning: `...` range patterns are deprecated\n   --> regex-syntax/src/lib.rs:195:37\n    |\n195 |         b'_' | b'0' ... b'9' | b'a' ... b'z' | b'A' ... b'Z'  => true,\n    |                                     ^^^ help: use `..=` for an inclusive range\n    |\n    = warning: this is accepted in the current edition (Rust 2015) but is a hard error in Rust 2021!\n    = note: for more information, see <https://doc.rust-lang.org/nightly/edition-guide/rust-2021/warnings-promoted-to-error.html>\n\nwarning: `...` range patterns are deprecated\n   --> regex-syntax/src/lib.rs:195:53\n    |\n195 |         b'_' | b'0' ... b'9' | b'a' ... b'z' | b'A' ... b'Z'  => true,\n    |                                                     ^^^ help: use `..=` for an inclusive range\n    |\n    = warning: this is accepted in the current edition (Rust 2015) but is a hard error in Rust 2021!\n    = note: for more information, see <https://doc.rust-lang.org/nightly/edition-guide/rust-2021/warnings-promoted-to-error.html>\n\nwarning: unused import: `super::*`\n   --> regex-syntax/src/lib.rs:202:9\n    |\n202 |     use super::*;\n    |         ^^^^^^^^\n\nerror[E0046]: not all trait items implemented, missing: `finish`\n   --> regex-syntax/src/ast/visitor.rs:567:5\n    |\n41  |     fn finish(self) -> Result<Self::Output, Self::Err>;\n    |     --------------------------------------------------- `finish` from trait\n...\n567 |     impl Visitor for TestVisitor {\n    |     ^^^^^^^^^^^^^^^^^^^^^^^^^^^^ missing `finish` in implementation\n\nerror[E0063]: missing field `rhs` in initializer of `ast::visitor::ClassFrame<'_>`\n   --> regex-syntax/src/ast/visitor.rs:581:18\n    |\n581 |     let induct = ClassFrame::BinaryRHS { op: &op };\n    |                  ^^^^^^^^^^^^^^^^^^^^^ missing `rhs`\n\nerror[E0369]: binary operation `==` cannot be applied to type `Option<ast::visitor::ClassFrame<'_>>`\n   --> regex-syntax/src/ast/visitor.rs:589:5\n    |\n589 |     assert_eq!(result, None);\n    |     ^^^^^^^^^^^^^^^^^^^^^^^^\n    |     |\n    |     Option<ast::visitor::ClassFrame<'_>>\n    |     Option<ast::visitor::ClassFrame<'_>>\n    |\nnote: an implementation of `PartialEq` might be missing for `ast::visitor::ClassFrame<'_>`\n   --> regex-syntax/src/ast/visitor.rs:174:1\n    |\n174 | enum ClassFrame<'a> {\n    | ^^^^^^^^^^^^^^^^^^^ must implement `PartialEq`\n    = note: this error originates in the macro `assert_eq` (in Nightly builds, run with -Z macro-backtrace for more info)\nhelp: consider annotating `ast::visitor::ClassFrame<'_>` with `#[derive(PartialEq)]`\n    |\n174 + #[derive(PartialEq)]\n175 | enum ClassFrame<'a> {\n    |\n\nwarning: use of deprecated method `std::error::Error::description`: use the Display impl or to_string()\n  --> regex-syntax/src/error.rs:45:38\n   |\n45 |             Error::Parse(ref x) => x.description(),\n   |                                      ^^^^^^^^^^^\n   |\n   = note: `#[warn(deprecated)]` on by default\n\nwarning: use of deprecated method `std::error::Error::description`: use the Display impl or to_string()\n  --> regex-syntax/src/error.rs:46:42\n   |\n46 |             Error::Translate(ref x) => x.description(),\n   |                                          ^^^^^^^^^^^\n\nwarning: variable does not need to be mutable\n   --> regex-syntax/src/hir/literal/mod.rs:687:17\n    |\n687 |             let mut buf = &mut buf[..i];\n    |                 ----^^^\n    |                 |\n    |                 help: remove this `mut`\n    |\n    = note: `#[warn(unused_mut)]` on by default\n\nSome errors have detailed explanations: E0046, E0063, E0369, E0407, E0422, E0433.\nFor more information about an error, try `rustc --explain E0046`.\nwarning: `regex-syntax` (lib test) generated 18 warnings\nerror: could not compile `regex-syntax` (lib test) due to 13 previous errors; 18 warnings emitted\n"
                }
              ],
              "repaired": [
                false
              ]
            }
          ]
        }
      ]
    },
    {
      "chain_id": 2,
      "prompt_conds": [
        "// constraint: induct matches ClassFrame::BinaryLHS { op, rhs, .. } is true\n",
        "// constraint: induct matches ClassFrame::BinaryLHS { op, rhs, .. } is true\n",
        "// expected return value/type: Some(ClassFrame::BinaryRHS {\n                    op: op,\n                    rhs: rhs,\n                })\n"
      ],
      "input_infer": "",
      "answers": [
        {
          "uses": [
            "use ast::ClassSetBinaryOp;",
            "use ast::ClassSet;",
            "use ast::ClassFrame;"
          ],
          "has_test_mod": false,
          "common": [],
          "chain_tests": [
            {
              "attrs": [],
              "prefix": [],
              "oracles": [],
              "codes": [
                [
                  "{",
                  "    use ast::{ClassSetBinaryOp, ClassSet, ClassFrame};",
                  "    ",
                  "    let span = Span::default(); // Assuming default implementation of Span exists.",
                  "    let binary_op = ClassSetBinaryOp {",
                  "        span,",
                  "        kind: ClassSetBinaryOpKind::SomeKind, // Replace with actual enum variant.",
                  "        lhs: Box::new(ClassSet::Item(ClassSetItem::Literal(Literal::default()))), // Replace with actual initialization.",
                  "        rhs: Box::new(ClassSet::Item(ClassSetItem::Literal(Literal::default()))), // Replace with actual initialization.",
                  "    };",
                  "",
                  "    let rhs = ClassSet::Item(ClassSetItem::Literal(Literal::default())); // Replace with actual initialization.",
                  "",
                  "    let induct = ClassFrame::BinaryLHS {",
                  "        op: &binary_op,",
                  "        lhs: &ClassSet::Item(ClassSetItem::Literal(Literal::default())), // Replace with actual initialization.",
                  "        rhs: &rhs,",
                  "    };",
                  "",
                  "    let visitor = HeapVisitor::new();",
                  "    let result = visitor.pop_class(induct);",
                  "    ",
                  "    assert_eq!(",
                  "        result,",
                  "        Some(ClassFrame::BinaryRHS {",
                  "            op: &binary_op,",
                  "            rhs: &rhs,",
                  "        })",
                  "    );",
                  "}"
                ]
              ],
              "can_compile": [
                {
                  "Err": "warning: /home/abezbm/rust-utgen-test-crates-new/regex/Cargo.toml: no edition set: defaulting to the 2015 edition while the latest is 2021\nwarning: /home/abezbm/rust-utgen-test-crates-new/regex/regex-syntax/Cargo.toml: no edition set: defaulting to the 2015 edition while the latest is 2021\nwarning: /home/abezbm/rust-utgen-test-crates-new/regex/regex-capi/Cargo.toml: no edition set: defaulting to the 2015 edition while the latest is 2021\nwarning: /home/abezbm/rust-utgen-test-crates-new/regex/regex-debug/Cargo.toml: no edition set: defaulting to the 2015 edition while the latest is 2021\n   Compiling proc-macro2 v1.0.95\n   Compiling syn v1.0.109\n   Compiling quote v1.0.40\n   Compiling ntest_test_cases v0.9.3\n   Compiling ntest_timeout v0.9.3\n   Compiling ntest v0.9.3\n   Compiling regex-syntax v0.6.0 (/home/abezbm/rust-utgen-test-crates-new/regex/regex-syntax)\nerror[E0432]: unresolved import `ast::ClassFrame`\n   --> regex-syntax/src/ast/visitor.rs:565:43\n    |\n565 |     use ast::{ClassSetBinaryOp, ClassSet, ClassFrame};\n    |                                           ^^^^^^^^^^ no `ClassFrame` in `ast`\n    |\n    = help: consider importing this enum instead:\n            ast::visitor::ClassFrame\n\nerror[E0433]: failed to resolve: use of undeclared type `Span`\n   --> regex-syntax/src/ast/visitor.rs:567:16\n    |\n567 |     let span = Span::default(); // Assuming default implementation of Span exists.\n    |                ^^^^ use of undeclared type `Span`\n    |\nhelp: consider importing this struct\n    |\n560 +    use ast::Span;\n    |\n\nerror[E0433]: failed to resolve: use of undeclared type `ClassSetBinaryOpKind`\n   --> regex-syntax/src/ast/visitor.rs:570:15\n    |\n570 |         kind: ClassSetBinaryOpKind::SomeKind, // Replace with actual enum variant.\n    |               ^^^^^^^^^^^^^^^^^^^^ use of undeclared type `ClassSetBinaryOpKind`\n    |\nhelp: a struct with a similar name exists\n    |\n570 |         kind: ClassSetBinaryOp::SomeKind, // Replace with actual enum variant.\n    |               ~~~~~~~~~~~~~~~~\nhelp: consider importing this enum\n    |\n560 +    use ast::ClassSetBinaryOpKind;\n    |\n\nerror[E0433]: failed to resolve: use of undeclared type `ClassSetItem`\n   --> regex-syntax/src/ast/visitor.rs:571:38\n    |\n571 |         lhs: Box::new(ClassSet::Item(ClassSetItem::Literal(Literal::default()))), // Replace with actual initialization.\n    |                                      ^^^^^^^^^^^^ use of undeclared type `ClassSetItem`\n    |\nhelp: an enum with a similar name exists\n    |\n571 |         lhs: Box::new(ClassSet::Item(ClassSet::Literal(Literal::default()))), // Replace with actual initialization.\n    |                                      ~~~~~~~~\nhelp: consider importing this enum\n    |\n560 +    use ast::ClassSetItem;\n    |\n\nerror[E0433]: failed to resolve: use of undeclared type `Literal`\n   --> regex-syntax/src/ast/visitor.rs:571:60\n    |\n571 |         lhs: Box::new(ClassSet::Item(ClassSetItem::Literal(Literal::default()))), // Replace with actual initialization.\n    |                                                            ^^^^^^^ use of undeclared type `Literal`\n    |\nhelp: consider importing one of these items\n    |\n560 +    use ast::Literal;\n    |\n560 +    use hir::Literal;\n    |\n560 +    use hir::literal::Literal;\n    |\n\nerror[E0433]: failed to resolve: use of undeclared type `ClassSetItem`\n   --> regex-syntax/src/ast/visitor.rs:572:38\n    |\n572 |         rhs: Box::new(ClassSet::Item(ClassSetItem::Literal(Literal::default()))), // Replace with actual initialization.\n    |                                      ^^^^^^^^^^^^ use of undeclared type `ClassSetItem`\n    |\nhelp: an enum with a similar name exists\n    |\n572 |         rhs: Box::new(ClassSet::Item(ClassSet::Literal(Literal::default()))), // Replace with actual initialization.\n    |                                      ~~~~~~~~\nhelp: consider importing this enum\n    |\n560 +    use ast::ClassSetItem;\n    |\n\nerror[E0433]: failed to resolve: use of undeclared type `Literal`\n   --> regex-syntax/src/ast/visitor.rs:572:60\n    |\n572 |         rhs: Box::new(ClassSet::Item(ClassSetItem::Literal(Literal::default()))), // Replace with actual initialization.\n    |                                                            ^^^^^^^ use of undeclared type `Literal`\n    |\nhelp: consider importing one of these items\n    |\n560 +    use ast::Literal;\n    |\n560 +    use hir::Literal;\n    |\n560 +    use hir::literal::Literal;\n    |\n\nerror[E0433]: failed to resolve: use of undeclared type `ClassSetItem`\n   --> regex-syntax/src/ast/visitor.rs:575:30\n    |\n575 |     let rhs = ClassSet::Item(ClassSetItem::Literal(Literal::default())); // Replace with actual initialization.\n    |                              ^^^^^^^^^^^^ use of undeclared type `ClassSetItem`\n    |\nhelp: an enum with a similar name exists\n    |\n575 |     let rhs = ClassSet::Item(ClassSet::Literal(Literal::default())); // Replace with actual initialization.\n    |                              ~~~~~~~~\nhelp: consider importing this enum\n    |\n560 +    use ast::ClassSetItem;\n    |\n\nerror[E0433]: failed to resolve: use of undeclared type `Literal`\n   --> regex-syntax/src/ast/visitor.rs:575:52\n    |\n575 |     let rhs = ClassSet::Item(ClassSetItem::Literal(Literal::default())); // Replace with actual initialization.\n    |                                                    ^^^^^^^ use of undeclared type `Literal`\n    |\nhelp: consider importing one of these items\n    |\n560 +    use ast::Literal;\n    |\n560 +    use hir::Literal;\n    |\n560 +    use hir::literal::Literal;\n    |\n\nerror[E0433]: failed to resolve: use of undeclared type `ClassSetItem`\n   --> regex-syntax/src/ast/visitor.rs:579:30\n    |\n579 |         lhs: &ClassSet::Item(ClassSetItem::Literal(Literal::default())), // Replace with actual initialization.\n    |                              ^^^^^^^^^^^^ use of undeclared type `ClassSetItem`\n    |\nhelp: an enum with a similar name exists\n    |\n579 |         lhs: &ClassSet::Item(ClassSet::Literal(Literal::default())), // Replace with actual initialization.\n    |                              ~~~~~~~~\nhelp: consider importing this enum\n    |\n560 +    use ast::ClassSetItem;\n    |\n\nerror[E0433]: failed to resolve: use of undeclared type `Literal`\n   --> regex-syntax/src/ast/visitor.rs:579:52\n    |\n579 |         lhs: &ClassSet::Item(ClassSetItem::Literal(Literal::default())), // Replace with actual initialization.\n    |                                                    ^^^^^^^ use of undeclared type `Literal`\n    |\nhelp: consider importing one of these items\n    |\n560 +    use ast::Literal;\n    |\n560 +    use hir::Literal;\n    |\n560 +    use hir::literal::Literal;\n    |\n\nwarning: `...` range patterns are deprecated\n    --> regex-syntax/src/ast/parse.rs:1445:16\n     |\n1445 |             '0'...'7' => {\n     |                ^^^ help: use `..=` for an inclusive range\n     |\n     = warning: this is accepted in the current edition (Rust 2015) but is a hard error in Rust 2021!\n     = note: for more information, see <https://doc.rust-lang.org/nightly/edition-guide/rust-2021/warnings-promoted-to-error.html>\n     = note: `#[warn(ellipsis_inclusive_range_patterns)]` on by default\n\nwarning: `...` range patterns are deprecated\n    --> regex-syntax/src/ast/parse.rs:1456:16\n     |\n1456 |             '8'...'9' if !self.parser().octal => {\n     |                ^^^ help: use `..=` for an inclusive range\n     |\n     = warning: this is accepted in the current edition (Rust 2015) but is a hard error in Rust 2021!\n     = note: for more information, see <https://doc.rust-lang.org/nightly/edition-guide/rust-2021/warnings-promoted-to-error.html>\n\nwarning: unused import: `Primitive`\n    --> regex-syntax/src/ast/parse.rs:2261:49\n     |\n2261 |     use super::{Parser, ParserI, ParserBuilder, Primitive};\n     |                                                 ^^^^^^^^^\n     |\n     = note: `#[warn(unused_imports)]` on by default\n\nwarning: unused macro definition: `assert_eq`\n    --> regex-syntax/src/ast/parse.rs:2265:18\n     |\n2265 |     macro_rules! assert_eq {\n     |                  ^^^^^^^^^\n     |\n     = note: `#[warn(unused_macros)]` on by default\n\nwarning: unused import: `ntest::timeout`\n   --> regex-syntax/src/ast/visitor.rs:561:8\n    |\n561 |    use ntest::timeout;\n    |        ^^^^^^^^^^^^^^\n\nwarning: unused import: `super::*`\n    --> regex-syntax/src/ast/mod.rs:1482:9\n     |\n1482 |     use super::*;\n     |         ^^^^^^^^\n\nwarning: unused import: `ast::parse::Parser`\n   --> regex-syntax/src/error.rs:288:9\n    |\n288 |     use ast::parse::Parser;\n    |         ^^^^^^^^^^^^^^^^^^\n\nwarning: unused import: `ParserBuilder`\n    --> regex-syntax/src/hir/literal/mod.rs:1004:9\n     |\n1004 |     use ParserBuilder;\n     |         ^^^^^^^^^^^^^\n\nwarning: unused imports: `Position` and `self`\n    --> regex-syntax/src/hir/translate.rs:1094:15\n     |\n1094 |     use ast::{self, Ast, Position, Span};\n     |               ^^^^       ^^^^^^^^\n\nwarning: unused import: `ascii_class`\n    --> regex-syntax/src/hir/translate.rs:1099:36\n     |\n1099 |     use super::{TranslatorBuilder, ascii_class};\n     |                                    ^^^^^^^^^^^\n\nwarning: unused imports: `contains_simple_case_mapping` and `simple_fold`\n   --> regex-syntax/src/unicode.rs:375:17\n    |\n375 |     use super::{contains_simple_case_mapping, simple_fold};\n    |                 ^^^^^^^^^^^^^^^^^^^^^^^^^^^^  ^^^^^^^^^^^\n\nwarning: `...` range patterns are deprecated\n   --> regex-syntax/src/lib.rs:195:21\n    |\n195 |         b'_' | b'0' ... b'9' | b'a' ... b'z' | b'A' ... b'Z'  => true,\n    |                     ^^^ help: use `..=` for an inclusive range\n    |\n    = warning: this is accepted in the current edition (Rust 2015) but is a hard error in Rust 2021!\n    = note: for more information, see <https://doc.rust-lang.org/nightly/edition-guide/rust-2021/warnings-promoted-to-error.html>\n\nwarning: `...` range patterns are deprecated\n   --> regex-syntax/src/lib.rs:195:37\n    |\n195 |         b'_' | b'0' ... b'9' | b'a' ... b'z' | b'A' ... b'Z'  => true,\n    |                                     ^^^ help: use `..=` for an inclusive range\n    |\n    = warning: this is accepted in the current edition (Rust 2015) but is a hard error in Rust 2021!\n    = note: for more information, see <https://doc.rust-lang.org/nightly/edition-guide/rust-2021/warnings-promoted-to-error.html>\n\nwarning: `...` range patterns are deprecated\n   --> regex-syntax/src/lib.rs:195:53\n    |\n195 |         b'_' | b'0' ... b'9' | b'a' ... b'z' | b'A' ... b'Z'  => true,\n    |                                                     ^^^ help: use `..=` for an inclusive range\n    |\n    = warning: this is accepted in the current edition (Rust 2015) but is a hard error in Rust 2021!\n    = note: for more information, see <https://doc.rust-lang.org/nightly/edition-guide/rust-2021/warnings-promoted-to-error.html>\n\nwarning: unused import: `super::*`\n   --> regex-syntax/src/lib.rs:202:9\n    |\n202 |     use super::*;\n    |         ^^^^^^^^\n\nwarning: use of deprecated method `std::error::Error::description`: use the Display impl or to_string()\n  --> regex-syntax/src/error.rs:45:38\n   |\n45 |             Error::Parse(ref x) => x.description(),\n   |                                      ^^^^^^^^^^^\n   |\n   = note: `#[warn(deprecated)]` on by default\n\nwarning: use of deprecated method `std::error::Error::description`: use the Display impl or to_string()\n  --> regex-syntax/src/error.rs:46:42\n   |\n46 |             Error::Translate(ref x) => x.description(),\n   |                                          ^^^^^^^^^^^\n\nwarning: variable does not need to be mutable\n   --> regex-syntax/src/hir/literal/mod.rs:687:17\n    |\n687 |             let mut buf = &mut buf[..i];\n    |                 ----^^^\n    |                 |\n    |                 help: remove this `mut`\n    |\n    = note: `#[warn(unused_mut)]` on by default\n\nSome errors have detailed explanations: E0432, E0433.\nFor more information about an error, try `rustc --explain E0432`.\nwarning: `regex-syntax` (lib test) generated 18 warnings\nerror: could not compile `regex-syntax` (lib test) due to 11 previous errors; 18 warnings emitted\n"
                }
              ],
              "repaired": [
                false
              ]
            },
            {
              "attrs": [],
              "prefix": [],
              "oracles": [],
              "codes": [
                [
                  "{",
                  "    use ast::{ClassFrame};",
                  "",
                  "    let induct = ClassFrame::Union {",
                  "        head: &ClassSetItem::Literal(Literal::default()), // Replace with actual initialization.",
                  "        tail: &[], // Empty tail",
                  "    };",
                  "",
                  "    let visitor = HeapVisitor::new();",
                  "    let result = visitor.pop_class(induct);",
                  "    ",
                  "    assert_eq!(result, None);",
                  "}"
                ]
              ],
              "can_compile": [
                {
                  "Err": "warning: /home/abezbm/rust-utgen-test-crates-new/regex/regex-capi/Cargo.toml: no edition set: defaulting to the 2015 edition while the latest is 2021\nwarning: /home/abezbm/rust-utgen-test-crates-new/regex/Cargo.toml: no edition set: defaulting to the 2015 edition while the latest is 2021\nwarning: /home/abezbm/rust-utgen-test-crates-new/regex/regex-debug/Cargo.toml: no edition set: defaulting to the 2015 edition while the latest is 2021\nwarning: /home/abezbm/rust-utgen-test-crates-new/regex/regex-syntax/Cargo.toml: no edition set: defaulting to the 2015 edition while the latest is 2021\n   Compiling proc-macro2 v1.0.95\n   Compiling syn v1.0.109\n   Compiling quote v1.0.40\n   Compiling ntest_test_cases v0.9.3\n   Compiling ntest_timeout v0.9.3\n   Compiling ntest v0.9.3\n   Compiling regex-syntax v0.6.0 (/home/abezbm/rust-utgen-test-crates-new/regex/regex-syntax)\nerror[E0432]: unresolved import `ast::ClassFrame`\n   --> regex-syntax/src/ast/visitor.rs:565:15\n    |\n565 |     use ast::{ClassFrame};\n    |               ^^^^^^^^^^ no `ClassFrame` in `ast`\n    |\n    = help: consider importing this enum instead:\n            ast::visitor::ClassFrame\n\nerror[E0433]: failed to resolve: use of undeclared type `ClassSetItem`\n   --> regex-syntax/src/ast/visitor.rs:568:16\n    |\n568 |         head: &ClassSetItem::Literal(Literal::default()), // Replace with actual initialization.\n    |                ^^^^^^^^^^^^ use of undeclared type `ClassSetItem`\n    |\nhelp: consider importing this enum\n    |\n560 +    use ast::ClassSetItem;\n    |\n\nerror[E0433]: failed to resolve: use of undeclared type `Literal`\n   --> regex-syntax/src/ast/visitor.rs:568:38\n    |\n568 |         head: &ClassSetItem::Literal(Literal::default()), // Replace with actual initialization.\n    |                                      ^^^^^^^ use of undeclared type `Literal`\n    |\nhelp: consider importing one of these items\n    |\n560 +    use ast::Literal;\n    |\n560 +    use hir::Literal;\n    |\n560 +    use hir::literal::Literal;\n    |\n\nwarning: `...` range patterns are deprecated\n    --> regex-syntax/src/ast/parse.rs:1445:16\n     |\n1445 |             '0'...'7' => {\n     |                ^^^ help: use `..=` for an inclusive range\n     |\n     = warning: this is accepted in the current edition (Rust 2015) but is a hard error in Rust 2021!\n     = note: for more information, see <https://doc.rust-lang.org/nightly/edition-guide/rust-2021/warnings-promoted-to-error.html>\n     = note: `#[warn(ellipsis_inclusive_range_patterns)]` on by default\n\nwarning: `...` range patterns are deprecated\n    --> regex-syntax/src/ast/parse.rs:1456:16\n     |\n1456 |             '8'...'9' if !self.parser().octal => {\n     |                ^^^ help: use `..=` for an inclusive range\n     |\n     = warning: this is accepted in the current edition (Rust 2015) but is a hard error in Rust 2021!\n     = note: for more information, see <https://doc.rust-lang.org/nightly/edition-guide/rust-2021/warnings-promoted-to-error.html>\n\nwarning: unused import: `Primitive`\n    --> regex-syntax/src/ast/parse.rs:2261:49\n     |\n2261 |     use super::{Parser, ParserI, ParserBuilder, Primitive};\n     |                                                 ^^^^^^^^^\n     |\n     = note: `#[warn(unused_imports)]` on by default\n\nwarning: unused macro definition: `assert_eq`\n    --> regex-syntax/src/ast/parse.rs:2265:18\n     |\n2265 |     macro_rules! assert_eq {\n     |                  ^^^^^^^^^\n     |\n     = note: `#[warn(unused_macros)]` on by default\n\nwarning: unused import: `ntest::timeout`\n   --> regex-syntax/src/ast/visitor.rs:561:8\n    |\n561 |    use ntest::timeout;\n    |        ^^^^^^^^^^^^^^\n\nwarning: unused import: `super::*`\n    --> regex-syntax/src/ast/mod.rs:1482:9\n     |\n1482 |     use super::*;\n     |         ^^^^^^^^\n\nwarning: unused import: `ast::parse::Parser`\n   --> regex-syntax/src/error.rs:288:9\n    |\n288 |     use ast::parse::Parser;\n    |         ^^^^^^^^^^^^^^^^^^\n\nwarning: unused import: `ParserBuilder`\n    --> regex-syntax/src/hir/literal/mod.rs:1004:9\n     |\n1004 |     use ParserBuilder;\n     |         ^^^^^^^^^^^^^\n\nwarning: unused imports: `Position` and `self`\n    --> regex-syntax/src/hir/translate.rs:1094:15\n     |\n1094 |     use ast::{self, Ast, Position, Span};\n     |               ^^^^       ^^^^^^^^\n\nwarning: unused import: `ascii_class`\n    --> regex-syntax/src/hir/translate.rs:1099:36\n     |\n1099 |     use super::{TranslatorBuilder, ascii_class};\n     |                                    ^^^^^^^^^^^\n\nwarning: unused imports: `contains_simple_case_mapping` and `simple_fold`\n   --> regex-syntax/src/unicode.rs:375:17\n    |\n375 |     use super::{contains_simple_case_mapping, simple_fold};\n    |                 ^^^^^^^^^^^^^^^^^^^^^^^^^^^^  ^^^^^^^^^^^\n\nwarning: `...` range patterns are deprecated\n   --> regex-syntax/src/lib.rs:195:21\n    |\n195 |         b'_' | b'0' ... b'9' | b'a' ... b'z' | b'A' ... b'Z'  => true,\n    |                     ^^^ help: use `..=` for an inclusive range\n    |\n    = warning: this is accepted in the current edition (Rust 2015) but is a hard error in Rust 2021!\n    = note: for more information, see <https://doc.rust-lang.org/nightly/edition-guide/rust-2021/warnings-promoted-to-error.html>\n\nwarning: `...` range patterns are deprecated\n   --> regex-syntax/src/lib.rs:195:37\n    |\n195 |         b'_' | b'0' ... b'9' | b'a' ... b'z' | b'A' ... b'Z'  => true,\n    |                                     ^^^ help: use `..=` for an inclusive range\n    |\n    = warning: this is accepted in the current edition (Rust 2015) but is a hard error in Rust 2021!\n    = note: for more information, see <https://doc.rust-lang.org/nightly/edition-guide/rust-2021/warnings-promoted-to-error.html>\n\nwarning: `...` range patterns are deprecated\n   --> regex-syntax/src/lib.rs:195:53\n    |\n195 |         b'_' | b'0' ... b'9' | b'a' ... b'z' | b'A' ... b'Z'  => true,\n    |                                                     ^^^ help: use `..=` for an inclusive range\n    |\n    = warning: this is accepted in the current edition (Rust 2015) but is a hard error in Rust 2021!\n    = note: for more information, see <https://doc.rust-lang.org/nightly/edition-guide/rust-2021/warnings-promoted-to-error.html>\n\nwarning: unused import: `super::*`\n   --> regex-syntax/src/lib.rs:202:9\n    |\n202 |     use super::*;\n    |         ^^^^^^^^\n\nerror[E0369]: binary operation `==` cannot be applied to type `Option<ClassFrame<'_>>`\n   --> regex-syntax/src/ast/visitor.rs:575:5\n    |\n575 |     assert_eq!(result, None);\n    |     ^^^^^^^^^^^^^^^^^^^^^^^^\n    |     |\n    |     Option<ClassFrame<'_>>\n    |     Option<ClassFrame<'_>>\n    |\nnote: an implementation of `PartialEq` might be missing for `ClassFrame<'_>`\n   --> regex-syntax/src/ast/visitor.rs:174:1\n    |\n174 | enum ClassFrame<'a> {\n    | ^^^^^^^^^^^^^^^^^^^ must implement `PartialEq`\n    = note: this error originates in the macro `assert_eq` (in Nightly builds, run with -Z macro-backtrace for more info)\nhelp: consider annotating `ClassFrame<'_>` with `#[derive(PartialEq)]`\n    |\n174 + #[derive(PartialEq)]\n175 | enum ClassFrame<'a> {\n    |\n\nwarning: use of deprecated method `std::error::Error::description`: use the Display impl or to_string()\n  --> regex-syntax/src/error.rs:45:38\n   |\n45 |             Error::Parse(ref x) => x.description(),\n   |                                      ^^^^^^^^^^^\n   |\n   = note: `#[warn(deprecated)]` on by default\n\nwarning: use of deprecated method `std::error::Error::description`: use the Display impl or to_string()\n  --> regex-syntax/src/error.rs:46:42\n   |\n46 |             Error::Translate(ref x) => x.description(),\n   |                                          ^^^^^^^^^^^\n\nwarning: variable does not need to be mutable\n   --> regex-syntax/src/hir/literal/mod.rs:687:17\n    |\n687 |             let mut buf = &mut buf[..i];\n    |                 ----^^^\n    |                 |\n    |                 help: remove this `mut`\n    |\n    = note: `#[warn(unused_mut)]` on by default\n\nSome errors have detailed explanations: E0369, E0432, E0433.\nFor more information about an error, try `rustc --explain E0369`.\nwarning: `regex-syntax` (lib test) generated 18 warnings\nerror: could not compile `regex-syntax` (lib test) due to 4 previous errors; 18 warnings emitted\n"
                }
              ],
              "repaired": [
                false
              ]
            },
            {
              "attrs": [],
              "prefix": [],
              "oracles": [],
              "codes": [
                [
                  "{",
                  "    use ast::{ClassFrame};",
                  "",
                  "    let induct = ClassFrame::Binary {",
                  "        op: &ClassSetBinaryOp::default(), // Assuming a default implementation is available ",
                  "    };",
                  "",
                  "    let visitor = HeapVisitor::new();",
                  "    let result = visitor.pop_class(induct);",
                  "    ",
                  "    assert_eq!(result, None);",
                  "}"
                ]
              ],
              "can_compile": [
                {
                  "Err": "warning: /home/abezbm/rust-utgen-test-crates-new/regex/regex-debug/Cargo.toml: no edition set: defaulting to the 2015 edition while the latest is 2021\nwarning: /home/abezbm/rust-utgen-test-crates-new/regex/regex-capi/Cargo.toml: no edition set: defaulting to the 2015 edition while the latest is 2021\nwarning: /home/abezbm/rust-utgen-test-crates-new/regex/Cargo.toml: no edition set: defaulting to the 2015 edition while the latest is 2021\nwarning: /home/abezbm/rust-utgen-test-crates-new/regex/regex-syntax/Cargo.toml: no edition set: defaulting to the 2015 edition while the latest is 2021\n   Compiling proc-macro2 v1.0.95\n   Compiling syn v1.0.109\n   Compiling quote v1.0.40\n   Compiling ntest_timeout v0.9.3\n   Compiling ntest_test_cases v0.9.3\n   Compiling ntest v0.9.3\n   Compiling regex-syntax v0.6.0 (/home/abezbm/rust-utgen-test-crates-new/regex/regex-syntax)\nerror[E0432]: unresolved import `ast::ClassFrame`\n   --> regex-syntax/src/ast/visitor.rs:565:15\n    |\n565 |     use ast::{ClassFrame};\n    |               ^^^^^^^^^^ no `ClassFrame` in `ast`\n    |\n    = help: consider importing this enum instead:\n            ast::visitor::ClassFrame\n\nerror[E0433]: failed to resolve: use of undeclared type `ClassSetBinaryOp`\n   --> regex-syntax/src/ast/visitor.rs:568:14\n    |\n568 |         op: &ClassSetBinaryOp::default(), // Assuming a default implementation is available \n    |              ^^^^^^^^^^^^^^^^ use of undeclared type `ClassSetBinaryOp`\n    |\nhelp: consider importing this struct\n    |\n560 +    use ast::ClassSetBinaryOp;\n    |\n\nwarning: `...` range patterns are deprecated\n    --> regex-syntax/src/ast/parse.rs:1445:16\n     |\n1445 |             '0'...'7' => {\n     |                ^^^ help: use `..=` for an inclusive range\n     |\n     = warning: this is accepted in the current edition (Rust 2015) but is a hard error in Rust 2021!\n     = note: for more information, see <https://doc.rust-lang.org/nightly/edition-guide/rust-2021/warnings-promoted-to-error.html>\n     = note: `#[warn(ellipsis_inclusive_range_patterns)]` on by default\n\nwarning: `...` range patterns are deprecated\n    --> regex-syntax/src/ast/parse.rs:1456:16\n     |\n1456 |             '8'...'9' if !self.parser().octal => {\n     |                ^^^ help: use `..=` for an inclusive range\n     |\n     = warning: this is accepted in the current edition (Rust 2015) but is a hard error in Rust 2021!\n     = note: for more information, see <https://doc.rust-lang.org/nightly/edition-guide/rust-2021/warnings-promoted-to-error.html>\n\nwarning: unused import: `Primitive`\n    --> regex-syntax/src/ast/parse.rs:2261:49\n     |\n2261 |     use super::{Parser, ParserI, ParserBuilder, Primitive};\n     |                                                 ^^^^^^^^^\n     |\n     = note: `#[warn(unused_imports)]` on by default\n\nwarning: unused macro definition: `assert_eq`\n    --> regex-syntax/src/ast/parse.rs:2265:18\n     |\n2265 |     macro_rules! assert_eq {\n     |                  ^^^^^^^^^\n     |\n     = note: `#[warn(unused_macros)]` on by default\n\nwarning: unused import: `ntest::timeout`\n   --> regex-syntax/src/ast/visitor.rs:561:8\n    |\n561 |    use ntest::timeout;\n    |        ^^^^^^^^^^^^^^\n\nwarning: unused import: `super::*`\n    --> regex-syntax/src/ast/mod.rs:1482:9\n     |\n1482 |     use super::*;\n     |         ^^^^^^^^\n\nwarning: unused import: `ast::parse::Parser`\n   --> regex-syntax/src/error.rs:288:9\n    |\n288 |     use ast::parse::Parser;\n    |         ^^^^^^^^^^^^^^^^^^\n\nwarning: unused import: `ParserBuilder`\n    --> regex-syntax/src/hir/literal/mod.rs:1004:9\n     |\n1004 |     use ParserBuilder;\n     |         ^^^^^^^^^^^^^\n\nwarning: unused imports: `Position` and `self`\n    --> regex-syntax/src/hir/translate.rs:1094:15\n     |\n1094 |     use ast::{self, Ast, Position, Span};\n     |               ^^^^       ^^^^^^^^\n\nwarning: unused import: `ascii_class`\n    --> regex-syntax/src/hir/translate.rs:1099:36\n     |\n1099 |     use super::{TranslatorBuilder, ascii_class};\n     |                                    ^^^^^^^^^^^\n\nwarning: unused imports: `contains_simple_case_mapping` and `simple_fold`\n   --> regex-syntax/src/unicode.rs:375:17\n    |\n375 |     use super::{contains_simple_case_mapping, simple_fold};\n    |                 ^^^^^^^^^^^^^^^^^^^^^^^^^^^^  ^^^^^^^^^^^\n\nwarning: `...` range patterns are deprecated\n   --> regex-syntax/src/lib.rs:195:21\n    |\n195 |         b'_' | b'0' ... b'9' | b'a' ... b'z' | b'A' ... b'Z'  => true,\n    |                     ^^^ help: use `..=` for an inclusive range\n    |\n    = warning: this is accepted in the current edition (Rust 2015) but is a hard error in Rust 2021!\n    = note: for more information, see <https://doc.rust-lang.org/nightly/edition-guide/rust-2021/warnings-promoted-to-error.html>\n\nwarning: `...` range patterns are deprecated\n   --> regex-syntax/src/lib.rs:195:37\n    |\n195 |         b'_' | b'0' ... b'9' | b'a' ... b'z' | b'A' ... b'Z'  => true,\n    |                                     ^^^ help: use `..=` for an inclusive range\n    |\n    = warning: this is accepted in the current edition (Rust 2015) but is a hard error in Rust 2021!\n    = note: for more information, see <https://doc.rust-lang.org/nightly/edition-guide/rust-2021/warnings-promoted-to-error.html>\n\nwarning: `...` range patterns are deprecated\n   --> regex-syntax/src/lib.rs:195:53\n    |\n195 |         b'_' | b'0' ... b'9' | b'a' ... b'z' | b'A' ... b'Z'  => true,\n    |                                                     ^^^ help: use `..=` for an inclusive range\n    |\n    = warning: this is accepted in the current edition (Rust 2015) but is a hard error in Rust 2021!\n    = note: for more information, see <https://doc.rust-lang.org/nightly/edition-guide/rust-2021/warnings-promoted-to-error.html>\n\nwarning: unused import: `super::*`\n   --> regex-syntax/src/lib.rs:202:9\n    |\n202 |     use super::*;\n    |         ^^^^^^^^\n\nerror[E0369]: binary operation `==` cannot be applied to type `Option<ClassFrame<'_>>`\n   --> regex-syntax/src/ast/visitor.rs:574:5\n    |\n574 |     assert_eq!(result, None);\n    |     ^^^^^^^^^^^^^^^^^^^^^^^^\n    |     |\n    |     Option<ClassFrame<'_>>\n    |     Option<ClassFrame<'_>>\n    |\nnote: an implementation of `PartialEq` might be missing for `ClassFrame<'_>`\n   --> regex-syntax/src/ast/visitor.rs:174:1\n    |\n174 | enum ClassFrame<'a> {\n    | ^^^^^^^^^^^^^^^^^^^ must implement `PartialEq`\n    = note: this error originates in the macro `assert_eq` (in Nightly builds, run with -Z macro-backtrace for more info)\nhelp: consider annotating `ClassFrame<'_>` with `#[derive(PartialEq)]`\n    |\n174 + #[derive(PartialEq)]\n175 | enum ClassFrame<'a> {\n    |\n\nwarning: use of deprecated method `std::error::Error::description`: use the Display impl or to_string()\n  --> regex-syntax/src/error.rs:45:38\n   |\n45 |             Error::Parse(ref x) => x.description(),\n   |                                      ^^^^^^^^^^^\n   |\n   = note: `#[warn(deprecated)]` on by default\n\nwarning: use of deprecated method `std::error::Error::description`: use the Display impl or to_string()\n  --> regex-syntax/src/error.rs:46:42\n   |\n46 |             Error::Translate(ref x) => x.description(),\n   |                                          ^^^^^^^^^^^\n\nwarning: variable does not need to be mutable\n   --> regex-syntax/src/hir/literal/mod.rs:687:17\n    |\n687 |             let mut buf = &mut buf[..i];\n    |                 ----^^^\n    |                 |\n    |                 help: remove this `mut`\n    |\n    = note: `#[warn(unused_mut)]` on by default\n\nSome errors have detailed explanations: E0369, E0432, E0433.\nFor more information about an error, try `rustc --explain E0369`.\nwarning: `regex-syntax` (lib test) generated 18 warnings\nerror: could not compile `regex-syntax` (lib test) due to 3 previous errors; 18 warnings emitted\n"
                }
              ],
              "repaired": [
                false
              ]
            },
            {
              "attrs": [],
              "prefix": [],
              "oracles": [],
              "codes": [
                [
                  "{",
                  "    use ast::{ClassFrame};",
                  "",
                  "    let induct = ClassFrame::BinaryRHS {",
                  "        op: &ClassSetBinaryOp::default(), // Assuming a default implementation is available.",
                  "        rhs: &ClassSet::Item(ClassSetItem::Literal(Literal::default())), // Replace with actual initialization",
                  "    };",
                  "",
                  "    let visitor = HeapVisitor::new();",
                  "    let result = visitor.pop_class(induct);",
                  "    ",
                  "    assert_eq!(result, None);",
                  "}"
                ]
              ],
              "can_compile": [
                {
                  "Err": "warning: /home/abezbm/rust-utgen-test-crates-new/regex/Cargo.toml: no edition set: defaulting to the 2015 edition while the latest is 2021\nwarning: /home/abezbm/rust-utgen-test-crates-new/regex/regex-capi/Cargo.toml: no edition set: defaulting to the 2015 edition while the latest is 2021\nwarning: /home/abezbm/rust-utgen-test-crates-new/regex/regex-debug/Cargo.toml: no edition set: defaulting to the 2015 edition while the latest is 2021\nwarning: /home/abezbm/rust-utgen-test-crates-new/regex/regex-syntax/Cargo.toml: no edition set: defaulting to the 2015 edition while the latest is 2021\n   Compiling proc-macro2 v1.0.95\n   Compiling syn v1.0.109\n   Compiling quote v1.0.40\n   Compiling ntest_test_cases v0.9.3\n   Compiling ntest_timeout v0.9.3\n   Compiling ntest v0.9.3\n   Compiling regex-syntax v0.6.0 (/home/abezbm/rust-utgen-test-crates-new/regex/regex-syntax)\nerror[E0432]: unresolved import `ast::ClassFrame`\n   --> regex-syntax/src/ast/visitor.rs:565:15\n    |\n565 |     use ast::{ClassFrame};\n    |               ^^^^^^^^^^ no `ClassFrame` in `ast`\n    |\n    = help: consider importing this enum instead:\n            ast::visitor::ClassFrame\n\nerror[E0433]: failed to resolve: use of undeclared type `ClassSetBinaryOp`\n   --> regex-syntax/src/ast/visitor.rs:568:14\n    |\n568 |         op: &ClassSetBinaryOp::default(), // Assuming a default implementation is available.\n    |              ^^^^^^^^^^^^^^^^ use of undeclared type `ClassSetBinaryOp`\n    |\nhelp: consider importing this struct\n    |\n560 +    use ast::ClassSetBinaryOp;\n    |\n\nerror[E0433]: failed to resolve: use of undeclared type `ClassSet`\n   --> regex-syntax/src/ast/visitor.rs:569:15\n    |\n569 |         rhs: &ClassSet::Item(ClassSetItem::Literal(Literal::default())), // Replace with actual initialization\n    |               ^^^^^^^^ use of undeclared type `ClassSet`\n    |\nhelp: consider importing this enum\n    |\n560 +    use ast::ClassSet;\n    |\n\nerror[E0433]: failed to resolve: use of undeclared type `ClassSetItem`\n   --> regex-syntax/src/ast/visitor.rs:569:30\n    |\n569 |         rhs: &ClassSet::Item(ClassSetItem::Literal(Literal::default())), // Replace with actual initialization\n    |                              ^^^^^^^^^^^^ use of undeclared type `ClassSetItem`\n    |\nhelp: consider importing this enum\n    |\n560 +    use ast::ClassSetItem;\n    |\n\nerror[E0433]: failed to resolve: use of undeclared type `Literal`\n   --> regex-syntax/src/ast/visitor.rs:569:52\n    |\n569 |         rhs: &ClassSet::Item(ClassSetItem::Literal(Literal::default())), // Replace with actual initialization\n    |                                                    ^^^^^^^ use of undeclared type `Literal`\n    |\nhelp: consider importing one of these items\n    |\n560 +    use ast::Literal;\n    |\n560 +    use hir::Literal;\n    |\n560 +    use hir::literal::Literal;\n    |\n\nwarning: `...` range patterns are deprecated\n    --> regex-syntax/src/ast/parse.rs:1445:16\n     |\n1445 |             '0'...'7' => {\n     |                ^^^ help: use `..=` for an inclusive range\n     |\n     = warning: this is accepted in the current edition (Rust 2015) but is a hard error in Rust 2021!\n     = note: for more information, see <https://doc.rust-lang.org/nightly/edition-guide/rust-2021/warnings-promoted-to-error.html>\n     = note: `#[warn(ellipsis_inclusive_range_patterns)]` on by default\n\nwarning: `...` range patterns are deprecated\n    --> regex-syntax/src/ast/parse.rs:1456:16\n     |\n1456 |             '8'...'9' if !self.parser().octal => {\n     |                ^^^ help: use `..=` for an inclusive range\n     |\n     = warning: this is accepted in the current edition (Rust 2015) but is a hard error in Rust 2021!\n     = note: for more information, see <https://doc.rust-lang.org/nightly/edition-guide/rust-2021/warnings-promoted-to-error.html>\n\nwarning: unused import: `Primitive`\n    --> regex-syntax/src/ast/parse.rs:2261:49\n     |\n2261 |     use super::{Parser, ParserI, ParserBuilder, Primitive};\n     |                                                 ^^^^^^^^^\n     |\n     = note: `#[warn(unused_imports)]` on by default\n\nwarning: unused macro definition: `assert_eq`\n    --> regex-syntax/src/ast/parse.rs:2265:18\n     |\n2265 |     macro_rules! assert_eq {\n     |                  ^^^^^^^^^\n     |\n     = note: `#[warn(unused_macros)]` on by default\n\nwarning: unused import: `ntest::timeout`\n   --> regex-syntax/src/ast/visitor.rs:561:8\n    |\n561 |    use ntest::timeout;\n    |        ^^^^^^^^^^^^^^\n\nwarning: unused import: `super::*`\n    --> regex-syntax/src/ast/mod.rs:1482:9\n     |\n1482 |     use super::*;\n     |         ^^^^^^^^\n\nwarning: unused import: `ast::parse::Parser`\n   --> regex-syntax/src/error.rs:288:9\n    |\n288 |     use ast::parse::Parser;\n    |         ^^^^^^^^^^^^^^^^^^\n\nwarning: unused import: `ParserBuilder`\n    --> regex-syntax/src/hir/literal/mod.rs:1004:9\n     |\n1004 |     use ParserBuilder;\n     |         ^^^^^^^^^^^^^\n\nwarning: unused imports: `Position` and `self`\n    --> regex-syntax/src/hir/translate.rs:1094:15\n     |\n1094 |     use ast::{self, Ast, Position, Span};\n     |               ^^^^       ^^^^^^^^\n\nwarning: unused import: `ascii_class`\n    --> regex-syntax/src/hir/translate.rs:1099:36\n     |\n1099 |     use super::{TranslatorBuilder, ascii_class};\n     |                                    ^^^^^^^^^^^\n\nwarning: unused imports: `contains_simple_case_mapping` and `simple_fold`\n   --> regex-syntax/src/unicode.rs:375:17\n    |\n375 |     use super::{contains_simple_case_mapping, simple_fold};\n    |                 ^^^^^^^^^^^^^^^^^^^^^^^^^^^^  ^^^^^^^^^^^\n\nwarning: `...` range patterns are deprecated\n   --> regex-syntax/src/lib.rs:195:21\n    |\n195 |         b'_' | b'0' ... b'9' | b'a' ... b'z' | b'A' ... b'Z'  => true,\n    |                     ^^^ help: use `..=` for an inclusive range\n    |\n    = warning: this is accepted in the current edition (Rust 2015) but is a hard error in Rust 2021!\n    = note: for more information, see <https://doc.rust-lang.org/nightly/edition-guide/rust-2021/warnings-promoted-to-error.html>\n\nwarning: `...` range patterns are deprecated\n   --> regex-syntax/src/lib.rs:195:37\n    |\n195 |         b'_' | b'0' ... b'9' | b'a' ... b'z' | b'A' ... b'Z'  => true,\n    |                                     ^^^ help: use `..=` for an inclusive range\n    |\n    = warning: this is accepted in the current edition (Rust 2015) but is a hard error in Rust 2021!\n    = note: for more information, see <https://doc.rust-lang.org/nightly/edition-guide/rust-2021/warnings-promoted-to-error.html>\n\nwarning: `...` range patterns are deprecated\n   --> regex-syntax/src/lib.rs:195:53\n    |\n195 |         b'_' | b'0' ... b'9' | b'a' ... b'z' | b'A' ... b'Z'  => true,\n    |                                                     ^^^ help: use `..=` for an inclusive range\n    |\n    = warning: this is accepted in the current edition (Rust 2015) but is a hard error in Rust 2021!\n    = note: for more information, see <https://doc.rust-lang.org/nightly/edition-guide/rust-2021/warnings-promoted-to-error.html>\n\nwarning: unused import: `super::*`\n   --> regex-syntax/src/lib.rs:202:9\n    |\n202 |     use super::*;\n    |         ^^^^^^^^\n\nerror[E0369]: binary operation `==` cannot be applied to type `Option<ClassFrame<'_>>`\n   --> regex-syntax/src/ast/visitor.rs:575:5\n    |\n575 |     assert_eq!(result, None);\n    |     ^^^^^^^^^^^^^^^^^^^^^^^^\n    |     |\n    |     Option<ClassFrame<'_>>\n    |     Option<ClassFrame<'_>>\n    |\nnote: an implementation of `PartialEq` might be missing for `ClassFrame<'_>`\n   --> regex-syntax/src/ast/visitor.rs:174:1\n    |\n174 | enum ClassFrame<'a> {\n    | ^^^^^^^^^^^^^^^^^^^ must implement `PartialEq`\n    = note: this error originates in the macro `assert_eq` (in Nightly builds, run with -Z macro-backtrace for more info)\nhelp: consider annotating `ClassFrame<'_>` with `#[derive(PartialEq)]`\n    |\n174 + #[derive(PartialEq)]\n175 | enum ClassFrame<'a> {\n    |\n\nwarning: use of deprecated method `std::error::Error::description`: use the Display impl or to_string()\n  --> regex-syntax/src/error.rs:45:38\n   |\n45 |             Error::Parse(ref x) => x.description(),\n   |                                      ^^^^^^^^^^^\n   |\n   = note: `#[warn(deprecated)]` on by default\n\nwarning: use of deprecated method `std::error::Error::description`: use the Display impl or to_string()\n  --> regex-syntax/src/error.rs:46:42\n   |\n46 |             Error::Translate(ref x) => x.description(),\n   |                                          ^^^^^^^^^^^\n\nwarning: variable does not need to be mutable\n   --> regex-syntax/src/hir/literal/mod.rs:687:17\n    |\n687 |             let mut buf = &mut buf[..i];\n    |                 ----^^^\n    |                 |\n    |                 help: remove this `mut`\n    |\n    = note: `#[warn(unused_mut)]` on by default\n\nSome errors have detailed explanations: E0369, E0432, E0433.\nFor more information about an error, try `rustc --explain E0369`.\nwarning: `regex-syntax` (lib test) generated 18 warnings\nerror: could not compile `regex-syntax` (lib test) due to 6 previous errors; 18 warnings emitted\n"
                }
              ],
              "repaired": [
                false
              ]
            }
          ]
        }
      ]
    },
    {
      "chain_id": 3,
      "prompt_conds": [
        "// constraint: induct matches ClassFrame::Binary {..} is true\n",
        "// constraint: induct matches ClassFrame::Binary {..} is true\n",
        "// expected return value/type: None\n"
      ],
      "input_infer": "",
      "answers": [
        {
          "uses": [],
          "has_test_mod": false,
          "common": [],
          "chain_tests": [
            {
              "attrs": [],
              "prefix": [],
              "oracles": [],
              "codes": [
                [
                  "{",
                  "    struct DummyVisitor;",
                  "",
                  "    impl Visitor for DummyVisitor {",
                  "        type Output = ();",
                  "        type Err = ();",
                  "    }",
                  "",
                  "    let visitor = DummyVisitor;",
                  "",
                  "    let binary_op = ClassSetBinaryOp {",
                  "        span: Span::default(),",
                  "        kind: ClassSetBinaryOpKind::default(),",
                  "        lhs: Box::new(ClassSet::Item(ClassSetItem::Literal(Literal::default()))),",
                  "        rhs: Box::new(ClassSet::Item(ClassSetItem::Literal(Literal::default()))),",
                  "    };",
                  "    ",
                  "    let induct_frame = ClassFrame::Binary { op: &binary_op };",
                  "",
                  "    let heap_visitor = HeapVisitor::new();",
                  "",
                  "    assert_eq!(heap_visitor.pop_class(induct_frame), None);",
                  "}"
                ]
              ],
              "can_compile": [
                {
                  "Err": "warning: /home/abezbm/rust-utgen-test-crates-new/regex/Cargo.toml: no edition set: defaulting to the 2015 edition while the latest is 2021\nwarning: /home/abezbm/rust-utgen-test-crates-new/regex/regex-syntax/Cargo.toml: no edition set: defaulting to the 2015 edition while the latest is 2021\nwarning: /home/abezbm/rust-utgen-test-crates-new/regex/regex-debug/Cargo.toml: no edition set: defaulting to the 2015 edition while the latest is 2021\nwarning: /home/abezbm/rust-utgen-test-crates-new/regex/regex-capi/Cargo.toml: no edition set: defaulting to the 2015 edition while the latest is 2021\n   Compiling proc-macro2 v1.0.95\n   Compiling syn v1.0.109\n   Compiling quote v1.0.40\n   Compiling ntest_test_cases v0.9.3\n   Compiling ntest_timeout v0.9.3\n   Compiling ntest v0.9.3\n   Compiling regex-syntax v0.6.0 (/home/abezbm/rust-utgen-test-crates-new/regex/regex-syntax)\nerror[E0422]: cannot find struct, variant or union type `ClassSetBinaryOp` in this scope\n   --> regex-syntax/src/ast/visitor.rs:574:21\n    |\n574 |     let binary_op = ClassSetBinaryOp {\n    |                     ^^^^^^^^^^^^^^^^ not found in this scope\n    |\nhelp: consider importing this struct\n    |\n560 +    use ast::ClassSetBinaryOp;\n    |\n\nerror[E0433]: failed to resolve: use of undeclared type `Span`\n   --> regex-syntax/src/ast/visitor.rs:575:15\n    |\n575 |         span: Span::default(),\n    |               ^^^^ use of undeclared type `Span`\n    |\nhelp: consider importing this struct\n    |\n560 +    use ast::Span;\n    |\n\nerror[E0433]: failed to resolve: use of undeclared type `ClassSetBinaryOpKind`\n   --> regex-syntax/src/ast/visitor.rs:576:15\n    |\n576 |         kind: ClassSetBinaryOpKind::default(),\n    |               ^^^^^^^^^^^^^^^^^^^^ use of undeclared type `ClassSetBinaryOpKind`\n    |\nhelp: consider importing this enum\n    |\n560 +    use ast::ClassSetBinaryOpKind;\n    |\n\nerror[E0433]: failed to resolve: use of undeclared type `ClassSet`\n   --> regex-syntax/src/ast/visitor.rs:577:23\n    |\n577 |         lhs: Box::new(ClassSet::Item(ClassSetItem::Literal(Literal::default()))),\n    |                       ^^^^^^^^ use of undeclared type `ClassSet`\n    |\nhelp: consider importing this enum\n    |\n560 +    use ast::ClassSet;\n    |\n\nerror[E0433]: failed to resolve: use of undeclared type `ClassSetItem`\n   --> regex-syntax/src/ast/visitor.rs:577:38\n    |\n577 |         lhs: Box::new(ClassSet::Item(ClassSetItem::Literal(Literal::default()))),\n    |                                      ^^^^^^^^^^^^ use of undeclared type `ClassSetItem`\n    |\nhelp: consider importing this enum\n    |\n560 +    use ast::ClassSetItem;\n    |\n\nerror[E0433]: failed to resolve: use of undeclared type `Literal`\n   --> regex-syntax/src/ast/visitor.rs:577:60\n    |\n577 |         lhs: Box::new(ClassSet::Item(ClassSetItem::Literal(Literal::default()))),\n    |                                                            ^^^^^^^ use of undeclared type `Literal`\n    |\nhelp: consider importing one of these items\n    |\n560 +    use ast::Literal;\n    |\n560 +    use hir::Literal;\n    |\n560 +    use hir::literal::Literal;\n    |\n\nerror[E0433]: failed to resolve: use of undeclared type `ClassSet`\n   --> regex-syntax/src/ast/visitor.rs:578:23\n    |\n578 |         rhs: Box::new(ClassSet::Item(ClassSetItem::Literal(Literal::default()))),\n    |                       ^^^^^^^^ use of undeclared type `ClassSet`\n    |\nhelp: consider importing this enum\n    |\n560 +    use ast::ClassSet;\n    |\n\nerror[E0433]: failed to resolve: use of undeclared type `ClassSetItem`\n   --> regex-syntax/src/ast/visitor.rs:578:38\n    |\n578 |         rhs: Box::new(ClassSet::Item(ClassSetItem::Literal(Literal::default()))),\n    |                                      ^^^^^^^^^^^^ use of undeclared type `ClassSetItem`\n    |\nhelp: consider importing this enum\n    |\n560 +    use ast::ClassSetItem;\n    |\n\nerror[E0433]: failed to resolve: use of undeclared type `Literal`\n   --> regex-syntax/src/ast/visitor.rs:578:60\n    |\n578 |         rhs: Box::new(ClassSet::Item(ClassSetItem::Literal(Literal::default()))),\n    |                                                            ^^^^^^^ use of undeclared type `Literal`\n    |\nhelp: consider importing one of these items\n    |\n560 +    use ast::Literal;\n    |\n560 +    use hir::Literal;\n    |\n560 +    use hir::literal::Literal;\n    |\n\nwarning: `...` range patterns are deprecated\n    --> regex-syntax/src/ast/parse.rs:1445:16\n     |\n1445 |             '0'...'7' => {\n     |                ^^^ help: use `..=` for an inclusive range\n     |\n     = warning: this is accepted in the current edition (Rust 2015) but is a hard error in Rust 2021!\n     = note: for more information, see <https://doc.rust-lang.org/nightly/edition-guide/rust-2021/warnings-promoted-to-error.html>\n     = note: `#[warn(ellipsis_inclusive_range_patterns)]` on by default\n\nwarning: `...` range patterns are deprecated\n    --> regex-syntax/src/ast/parse.rs:1456:16\n     |\n1456 |             '8'...'9' if !self.parser().octal => {\n     |                ^^^ help: use `..=` for an inclusive range\n     |\n     = warning: this is accepted in the current edition (Rust 2015) but is a hard error in Rust 2021!\n     = note: for more information, see <https://doc.rust-lang.org/nightly/edition-guide/rust-2021/warnings-promoted-to-error.html>\n\nwarning: unused import: `Primitive`\n    --> regex-syntax/src/ast/parse.rs:2261:49\n     |\n2261 |     use super::{Parser, ParserI, ParserBuilder, Primitive};\n     |                                                 ^^^^^^^^^\n     |\n     = note: `#[warn(unused_imports)]` on by default\n\nwarning: unused macro definition: `assert_eq`\n    --> regex-syntax/src/ast/parse.rs:2265:18\n     |\n2265 |     macro_rules! assert_eq {\n     |                  ^^^^^^^^^\n     |\n     = note: `#[warn(unused_macros)]` on by default\n\nwarning: unused import: `ntest::timeout`\n   --> regex-syntax/src/ast/visitor.rs:561:8\n    |\n561 |    use ntest::timeout;\n    |        ^^^^^^^^^^^^^^\n\nwarning: unused import: `super::*`\n    --> regex-syntax/src/ast/mod.rs:1482:9\n     |\n1482 |     use super::*;\n     |         ^^^^^^^^\n\nwarning: unused import: `ast::parse::Parser`\n   --> regex-syntax/src/error.rs:288:9\n    |\n288 |     use ast::parse::Parser;\n    |         ^^^^^^^^^^^^^^^^^^\n\nwarning: unused import: `ParserBuilder`\n    --> regex-syntax/src/hir/literal/mod.rs:1004:9\n     |\n1004 |     use ParserBuilder;\n     |         ^^^^^^^^^^^^^\n\nwarning: unused imports: `Position` and `self`\n    --> regex-syntax/src/hir/translate.rs:1094:15\n     |\n1094 |     use ast::{self, Ast, Position, Span};\n     |               ^^^^       ^^^^^^^^\n\nwarning: unused import: `ascii_class`\n    --> regex-syntax/src/hir/translate.rs:1099:36\n     |\n1099 |     use super::{TranslatorBuilder, ascii_class};\n     |                                    ^^^^^^^^^^^\n\nwarning: unused imports: `contains_simple_case_mapping` and `simple_fold`\n   --> regex-syntax/src/unicode.rs:375:17\n    |\n375 |     use super::{contains_simple_case_mapping, simple_fold};\n    |                 ^^^^^^^^^^^^^^^^^^^^^^^^^^^^  ^^^^^^^^^^^\n\nwarning: `...` range patterns are deprecated\n   --> regex-syntax/src/lib.rs:195:21\n    |\n195 |         b'_' | b'0' ... b'9' | b'a' ... b'z' | b'A' ... b'Z'  => true,\n    |                     ^^^ help: use `..=` for an inclusive range\n    |\n    = warning: this is accepted in the current edition (Rust 2015) but is a hard error in Rust 2021!\n    = note: for more information, see <https://doc.rust-lang.org/nightly/edition-guide/rust-2021/warnings-promoted-to-error.html>\n\nwarning: `...` range patterns are deprecated\n   --> regex-syntax/src/lib.rs:195:37\n    |\n195 |         b'_' | b'0' ... b'9' | b'a' ... b'z' | b'A' ... b'Z'  => true,\n    |                                     ^^^ help: use `..=` for an inclusive range\n    |\n    = warning: this is accepted in the current edition (Rust 2015) but is a hard error in Rust 2021!\n    = note: for more information, see <https://doc.rust-lang.org/nightly/edition-guide/rust-2021/warnings-promoted-to-error.html>\n\nwarning: `...` range patterns are deprecated\n   --> regex-syntax/src/lib.rs:195:53\n    |\n195 |         b'_' | b'0' ... b'9' | b'a' ... b'z' | b'A' ... b'Z'  => true,\n    |                                                     ^^^ help: use `..=` for an inclusive range\n    |\n    = warning: this is accepted in the current edition (Rust 2015) but is a hard error in Rust 2021!\n    = note: for more information, see <https://doc.rust-lang.org/nightly/edition-guide/rust-2021/warnings-promoted-to-error.html>\n\nwarning: unused import: `super::*`\n   --> regex-syntax/src/lib.rs:202:9\n    |\n202 |     use super::*;\n    |         ^^^^^^^^\n\nerror[E0046]: not all trait items implemented, missing: `finish`\n   --> regex-syntax/src/ast/visitor.rs:567:5\n    |\n41  |     fn finish(self) -> Result<Self::Output, Self::Err>;\n    |     --------------------------------------------------- `finish` from trait\n...\n567 |     impl Visitor for DummyVisitor {\n    |     ^^^^^^^^^^^^^^^^^^^^^^^^^^^^^ missing `finish` in implementation\n\nerror[E0369]: binary operation `==` cannot be applied to type `Option<ast::visitor::ClassFrame<'_>>`\n   --> regex-syntax/src/ast/visitor.rs:585:5\n    |\n585 |     assert_eq!(heap_visitor.pop_class(induct_frame), None);\n    |     ^^^^^^^^^^^^^^^^^^^^^^^^^^^^^^^^^^^^^^^^^^^^^^^^^^^^^^\n    |     |\n    |     Option<ast::visitor::ClassFrame<'_>>\n    |     Option<ast::visitor::ClassFrame<'_>>\n    |\nnote: an implementation of `PartialEq` might be missing for `ast::visitor::ClassFrame<'_>`\n   --> regex-syntax/src/ast/visitor.rs:174:1\n    |\n174 | enum ClassFrame<'a> {\n    | ^^^^^^^^^^^^^^^^^^^ must implement `PartialEq`\n    = note: this error originates in the macro `assert_eq` (in Nightly builds, run with -Z macro-backtrace for more info)\nhelp: consider annotating `ast::visitor::ClassFrame<'_>` with `#[derive(PartialEq)]`\n    |\n174 + #[derive(PartialEq)]\n175 | enum ClassFrame<'a> {\n    |\n\nwarning: use of deprecated method `std::error::Error::description`: use the Display impl or to_string()\n  --> regex-syntax/src/error.rs:45:38\n   |\n45 |             Error::Parse(ref x) => x.description(),\n   |                                      ^^^^^^^^^^^\n   |\n   = note: `#[warn(deprecated)]` on by default\n\nwarning: use of deprecated method `std::error::Error::description`: use the Display impl or to_string()\n  --> regex-syntax/src/error.rs:46:42\n   |\n46 |             Error::Translate(ref x) => x.description(),\n   |                                          ^^^^^^^^^^^\n\nwarning: variable does not need to be mutable\n   --> regex-syntax/src/hir/literal/mod.rs:687:17\n    |\n687 |             let mut buf = &mut buf[..i];\n    |                 ----^^^\n    |                 |\n    |                 help: remove this `mut`\n    |\n    = note: `#[warn(unused_mut)]` on by default\n\nSome errors have detailed explanations: E0046, E0369, E0422, E0433.\nFor more information about an error, try `rustc --explain E0046`.\nwarning: `regex-syntax` (lib test) generated 18 warnings\nerror: could not compile `regex-syntax` (lib test) due to 11 previous errors; 18 warnings emitted\n"
                }
              ],
              "repaired": [
                false
              ]
            }
          ]
        }
      ]
    },
    {
      "chain_id": 4,
      "prompt_conds": [
        "// constraint: induct matches ClassFrame::Union { tail, .. } is true\n",
        "// constraint: induct matches ClassFrame::Union { tail, .. } is true\n",
        "// constraint: tail.is_empty() is true\n",
        "// expected return value/type: None\n"
      ],
      "input_infer": "",
      "answers": [
        {
          "uses": [],
          "has_test_mod": false,
          "common": [],
          "chain_tests": [
            {
              "attrs": [],
              "prefix": [],
              "oracles": [],
              "codes": [
                [
                  "{",
                  "    struct MockAst;",
                  "    let tail: &[MockAst] = &[];",
                  "    let induct = ClassFrame::Union { head: &MockAst, tail };",
                  "",
                  "    let visitor = HeapVisitor::new();",
                  "    let result = visitor.pop_class(induct);",
                  "    ",
                  "    assert_eq!(result, None);",
                  "}"
                ]
              ],
              "can_compile": [
                {
                  "Err": "warning: /home/abezbm/rust-utgen-test-crates-new/regex/regex-syntax/Cargo.toml: no edition set: defaulting to the 2015 edition while the latest is 2021\nwarning: /home/abezbm/rust-utgen-test-crates-new/regex/regex-debug/Cargo.toml: no edition set: defaulting to the 2015 edition while the latest is 2021\nwarning: /home/abezbm/rust-utgen-test-crates-new/regex/regex-capi/Cargo.toml: no edition set: defaulting to the 2015 edition while the latest is 2021\nwarning: /home/abezbm/rust-utgen-test-crates-new/regex/Cargo.toml: no edition set: defaulting to the 2015 edition while the latest is 2021\n   Compiling proc-macro2 v1.0.95\n   Compiling syn v1.0.109\n   Compiling quote v1.0.40\n   Compiling ntest_timeout v0.9.3\n   Compiling ntest_test_cases v0.9.3\n   Compiling ntest v0.9.3\n   Compiling regex-syntax v0.6.0 (/home/abezbm/rust-utgen-test-crates-new/regex/regex-syntax)\nwarning: `...` range patterns are deprecated\n    --> regex-syntax/src/ast/parse.rs:1445:16\n     |\n1445 |             '0'...'7' => {\n     |                ^^^ help: use `..=` for an inclusive range\n     |\n     = warning: this is accepted in the current edition (Rust 2015) but is a hard error in Rust 2021!\n     = note: for more information, see <https://doc.rust-lang.org/nightly/edition-guide/rust-2021/warnings-promoted-to-error.html>\n     = note: `#[warn(ellipsis_inclusive_range_patterns)]` on by default\n\nwarning: `...` range patterns are deprecated\n    --> regex-syntax/src/ast/parse.rs:1456:16\n     |\n1456 |             '8'...'9' if !self.parser().octal => {\n     |                ^^^ help: use `..=` for an inclusive range\n     |\n     = warning: this is accepted in the current edition (Rust 2015) but is a hard error in Rust 2021!\n     = note: for more information, see <https://doc.rust-lang.org/nightly/edition-guide/rust-2021/warnings-promoted-to-error.html>\n\nwarning: unused import: `Primitive`\n    --> regex-syntax/src/ast/parse.rs:2261:49\n     |\n2261 |     use super::{Parser, ParserI, ParserBuilder, Primitive};\n     |                                                 ^^^^^^^^^\n     |\n     = note: `#[warn(unused_imports)]` on by default\n\nwarning: unused macro definition: `assert_eq`\n    --> regex-syntax/src/ast/parse.rs:2265:18\n     |\n2265 |     macro_rules! assert_eq {\n     |                  ^^^^^^^^^\n     |\n     = note: `#[warn(unused_macros)]` on by default\n\nwarning: unused import: `ntest::timeout`\n   --> regex-syntax/src/ast/visitor.rs:561:8\n    |\n561 |    use ntest::timeout;\n    |        ^^^^^^^^^^^^^^\n\nwarning: unused import: `super::*`\n    --> regex-syntax/src/ast/mod.rs:1482:9\n     |\n1482 |     use super::*;\n     |         ^^^^^^^^\n\nwarning: unused import: `ast::parse::Parser`\n   --> regex-syntax/src/error.rs:288:9\n    |\n288 |     use ast::parse::Parser;\n    |         ^^^^^^^^^^^^^^^^^^\n\nwarning: unused import: `ParserBuilder`\n    --> regex-syntax/src/hir/literal/mod.rs:1004:9\n     |\n1004 |     use ParserBuilder;\n     |         ^^^^^^^^^^^^^\n\nwarning: unused imports: `Position` and `self`\n    --> regex-syntax/src/hir/translate.rs:1094:15\n     |\n1094 |     use ast::{self, Ast, Position, Span};\n     |               ^^^^       ^^^^^^^^\n\nwarning: unused import: `ascii_class`\n    --> regex-syntax/src/hir/translate.rs:1099:36\n     |\n1099 |     use super::{TranslatorBuilder, ascii_class};\n     |                                    ^^^^^^^^^^^\n\nwarning: unused imports: `contains_simple_case_mapping` and `simple_fold`\n   --> regex-syntax/src/unicode.rs:375:17\n    |\n375 |     use super::{contains_simple_case_mapping, simple_fold};\n    |                 ^^^^^^^^^^^^^^^^^^^^^^^^^^^^  ^^^^^^^^^^^\n\nwarning: `...` range patterns are deprecated\n   --> regex-syntax/src/lib.rs:195:21\n    |\n195 |         b'_' | b'0' ... b'9' | b'a' ... b'z' | b'A' ... b'Z'  => true,\n    |                     ^^^ help: use `..=` for an inclusive range\n    |\n    = warning: this is accepted in the current edition (Rust 2015) but is a hard error in Rust 2021!\n    = note: for more information, see <https://doc.rust-lang.org/nightly/edition-guide/rust-2021/warnings-promoted-to-error.html>\n\nwarning: `...` range patterns are deprecated\n   --> regex-syntax/src/lib.rs:195:37\n    |\n195 |         b'_' | b'0' ... b'9' | b'a' ... b'z' | b'A' ... b'Z'  => true,\n    |                                     ^^^ help: use `..=` for an inclusive range\n    |\n    = warning: this is accepted in the current edition (Rust 2015) but is a hard error in Rust 2021!\n    = note: for more information, see <https://doc.rust-lang.org/nightly/edition-guide/rust-2021/warnings-promoted-to-error.html>\n\nwarning: `...` range patterns are deprecated\n   --> regex-syntax/src/lib.rs:195:53\n    |\n195 |         b'_' | b'0' ... b'9' | b'a' ... b'z' | b'A' ... b'Z'  => true,\n    |                                                     ^^^ help: use `..=` for an inclusive range\n    |\n    = warning: this is accepted in the current edition (Rust 2015) but is a hard error in Rust 2021!\n    = note: for more information, see <https://doc.rust-lang.org/nightly/edition-guide/rust-2021/warnings-promoted-to-error.html>\n\nwarning: unused import: `super::*`\n   --> regex-syntax/src/lib.rs:202:9\n    |\n202 |     use super::*;\n    |         ^^^^^^^^\n\nerror[E0308]: mismatched types\n   --> regex-syntax/src/ast/visitor.rs:567:44\n    |\n567 |     let induct = ClassFrame::Union { head: &MockAst, tail };\n    |                                            ^^^^^^^^ expected `&ClassSetItem`, found `&MockAst`\n    |\n    = note: expected reference `&ClassSetItem`\n               found reference `&MockAst`\n\nerror[E0308]: mismatched types\n   --> regex-syntax/src/ast/visitor.rs:567:54\n    |\n567 |     let induct = ClassFrame::Union { head: &MockAst, tail };\n    |                                                      ^^^^ expected `&[ClassSetItem]`, found `&[MockAst]`\n    |\n    = note: expected reference `&[ClassSetItem]`\n               found reference `&[MockAst]`\n\nerror[E0369]: binary operation `==` cannot be applied to type `Option<ast::visitor::ClassFrame<'_>>`\n   --> regex-syntax/src/ast/visitor.rs:572:5\n    |\n572 |     assert_eq!(result, None);\n    |     ^^^^^^^^^^^^^^^^^^^^^^^^\n    |     |\n    |     Option<ast::visitor::ClassFrame<'_>>\n    |     Option<ast::visitor::ClassFrame<'_>>\n    |\nnote: an implementation of `PartialEq` might be missing for `ast::visitor::ClassFrame<'_>`\n   --> regex-syntax/src/ast/visitor.rs:174:1\n    |\n174 | enum ClassFrame<'a> {\n    | ^^^^^^^^^^^^^^^^^^^ must implement `PartialEq`\n    = note: this error originates in the macro `assert_eq` (in Nightly builds, run with -Z macro-backtrace for more info)\nhelp: consider annotating `ast::visitor::ClassFrame<'_>` with `#[derive(PartialEq)]`\n    |\n174 + #[derive(PartialEq)]\n175 | enum ClassFrame<'a> {\n    |\n\nwarning: use of deprecated method `std::error::Error::description`: use the Display impl or to_string()\n  --> regex-syntax/src/error.rs:45:38\n   |\n45 |             Error::Parse(ref x) => x.description(),\n   |                                      ^^^^^^^^^^^\n   |\n   = note: `#[warn(deprecated)]` on by default\n\nwarning: use of deprecated method `std::error::Error::description`: use the Display impl or to_string()\n  --> regex-syntax/src/error.rs:46:42\n   |\n46 |             Error::Translate(ref x) => x.description(),\n   |                                          ^^^^^^^^^^^\n\nwarning: variable does not need to be mutable\n   --> regex-syntax/src/hir/literal/mod.rs:687:17\n    |\n687 |             let mut buf = &mut buf[..i];\n    |                 ----^^^\n    |                 |\n    |                 help: remove this `mut`\n    |\n    = note: `#[warn(unused_mut)]` on by default\n\nSome errors have detailed explanations: E0308, E0369.\nFor more information about an error, try `rustc --explain E0308`.\nwarning: `regex-syntax` (lib test) generated 18 warnings\nerror: could not compile `regex-syntax` (lib test) due to 3 previous errors; 18 warnings emitted\n"
                }
              ],
              "repaired": [
                false
              ]
            },
            {
              "attrs": [],
              "prefix": [],
              "oracles": [],
              "codes": [
                [
                  "{",
                  "    struct MockAst;",
                  "    let tail: &[MockAst] = &[",
                  "        MockAst,",
                  "        MockAst,",
                  "    ];",
                  "    let induct = ClassFrame::Union { head: &MockAst, tail };",
                  "",
                  "    let visitor = HeapVisitor::new();",
                  "    let result = visitor.pop_class(induct);",
                  "",
                  "    if let Some(ClassFrame::Union { head, tail }) = result {",
                  "        assert_eq!(head, &tail[0]);",
                  "        assert_eq!(tail.len(), 1);",
                  "    } else {",
                  "        panic!(\"Expected a Some variant with Union frame\");",
                  "    }",
                  "}"
                ]
              ],
              "can_compile": [
                {
                  "Err": "warning: /home/abezbm/rust-utgen-test-crates-new/regex/Cargo.toml: no edition set: defaulting to the 2015 edition while the latest is 2021\nwarning: /home/abezbm/rust-utgen-test-crates-new/regex/regex-debug/Cargo.toml: no edition set: defaulting to the 2015 edition while the latest is 2021\nwarning: /home/abezbm/rust-utgen-test-crates-new/regex/regex-syntax/Cargo.toml: no edition set: defaulting to the 2015 edition while the latest is 2021\nwarning: /home/abezbm/rust-utgen-test-crates-new/regex/regex-capi/Cargo.toml: no edition set: defaulting to the 2015 edition while the latest is 2021\n   Compiling proc-macro2 v1.0.95\n   Compiling syn v1.0.109\n   Compiling quote v1.0.40\n   Compiling ntest_timeout v0.9.3\n   Compiling ntest_test_cases v0.9.3\n   Compiling ntest v0.9.3\n   Compiling regex-syntax v0.6.0 (/home/abezbm/rust-utgen-test-crates-new/regex/regex-syntax)\nwarning: `...` range patterns are deprecated\n    --> regex-syntax/src/ast/parse.rs:1445:16\n     |\n1445 |             '0'...'7' => {\n     |                ^^^ help: use `..=` for an inclusive range\n     |\n     = warning: this is accepted in the current edition (Rust 2015) but is a hard error in Rust 2021!\n     = note: for more information, see <https://doc.rust-lang.org/nightly/edition-guide/rust-2021/warnings-promoted-to-error.html>\n     = note: `#[warn(ellipsis_inclusive_range_patterns)]` on by default\n\nwarning: `...` range patterns are deprecated\n    --> regex-syntax/src/ast/parse.rs:1456:16\n     |\n1456 |             '8'...'9' if !self.parser().octal => {\n     |                ^^^ help: use `..=` for an inclusive range\n     |\n     = warning: this is accepted in the current edition (Rust 2015) but is a hard error in Rust 2021!\n     = note: for more information, see <https://doc.rust-lang.org/nightly/edition-guide/rust-2021/warnings-promoted-to-error.html>\n\nwarning: unused import: `Primitive`\n    --> regex-syntax/src/ast/parse.rs:2261:49\n     |\n2261 |     use super::{Parser, ParserI, ParserBuilder, Primitive};\n     |                                                 ^^^^^^^^^\n     |\n     = note: `#[warn(unused_imports)]` on by default\n\nwarning: unused macro definition: `assert_eq`\n    --> regex-syntax/src/ast/parse.rs:2265:18\n     |\n2265 |     macro_rules! assert_eq {\n     |                  ^^^^^^^^^\n     |\n     = note: `#[warn(unused_macros)]` on by default\n\nwarning: unused import: `ntest::timeout`\n   --> regex-syntax/src/ast/visitor.rs:561:8\n    |\n561 |    use ntest::timeout;\n    |        ^^^^^^^^^^^^^^\n\nwarning: unused import: `super::*`\n    --> regex-syntax/src/ast/mod.rs:1482:9\n     |\n1482 |     use super::*;\n     |         ^^^^^^^^\n\nwarning: unused import: `ast::parse::Parser`\n   --> regex-syntax/src/error.rs:288:9\n    |\n288 |     use ast::parse::Parser;\n    |         ^^^^^^^^^^^^^^^^^^\n\nwarning: unused import: `ParserBuilder`\n    --> regex-syntax/src/hir/literal/mod.rs:1004:9\n     |\n1004 |     use ParserBuilder;\n     |         ^^^^^^^^^^^^^\n\nwarning: unused imports: `Position` and `self`\n    --> regex-syntax/src/hir/translate.rs:1094:15\n     |\n1094 |     use ast::{self, Ast, Position, Span};\n     |               ^^^^       ^^^^^^^^\n\nwarning: unused import: `ascii_class`\n    --> regex-syntax/src/hir/translate.rs:1099:36\n     |\n1099 |     use super::{TranslatorBuilder, ascii_class};\n     |                                    ^^^^^^^^^^^\n\nwarning: unused imports: `contains_simple_case_mapping` and `simple_fold`\n   --> regex-syntax/src/unicode.rs:375:17\n    |\n375 |     use super::{contains_simple_case_mapping, simple_fold};\n    |                 ^^^^^^^^^^^^^^^^^^^^^^^^^^^^  ^^^^^^^^^^^\n\nwarning: `...` range patterns are deprecated\n   --> regex-syntax/src/lib.rs:195:21\n    |\n195 |         b'_' | b'0' ... b'9' | b'a' ... b'z' | b'A' ... b'Z'  => true,\n    |                     ^^^ help: use `..=` for an inclusive range\n    |\n    = warning: this is accepted in the current edition (Rust 2015) but is a hard error in Rust 2021!\n    = note: for more information, see <https://doc.rust-lang.org/nightly/edition-guide/rust-2021/warnings-promoted-to-error.html>\n\nwarning: `...` range patterns are deprecated\n   --> regex-syntax/src/lib.rs:195:37\n    |\n195 |         b'_' | b'0' ... b'9' | b'a' ... b'z' | b'A' ... b'Z'  => true,\n    |                                     ^^^ help: use `..=` for an inclusive range\n    |\n    = warning: this is accepted in the current edition (Rust 2015) but is a hard error in Rust 2021!\n    = note: for more information, see <https://doc.rust-lang.org/nightly/edition-guide/rust-2021/warnings-promoted-to-error.html>\n\nwarning: `...` range patterns are deprecated\n   --> regex-syntax/src/lib.rs:195:53\n    |\n195 |         b'_' | b'0' ... b'9' | b'a' ... b'z' | b'A' ... b'Z'  => true,\n    |                                                     ^^^ help: use `..=` for an inclusive range\n    |\n    = warning: this is accepted in the current edition (Rust 2015) but is a hard error in Rust 2021!\n    = note: for more information, see <https://doc.rust-lang.org/nightly/edition-guide/rust-2021/warnings-promoted-to-error.html>\n\nwarning: unused import: `super::*`\n   --> regex-syntax/src/lib.rs:202:9\n    |\n202 |     use super::*;\n    |         ^^^^^^^^\n\nerror[E0308]: mismatched types\n   --> regex-syntax/src/ast/visitor.rs:570:44\n    |\n570 |     let induct = ClassFrame::Union { head: &MockAst, tail };\n    |                                            ^^^^^^^^ expected `&ClassSetItem`, found `&MockAst`\n    |\n    = note: expected reference `&ClassSetItem`\n               found reference `&MockAst`\n\nerror[E0308]: mismatched types\n   --> regex-syntax/src/ast/visitor.rs:570:54\n    |\n570 |     let induct = ClassFrame::Union { head: &MockAst, tail };\n    |                                                      ^^^^ expected `&[ClassSetItem]`, found `&[MockAst]`\n    |\n    = note: expected reference `&[ClassSetItem]`\n               found reference `&[MockAst]`\n\nwarning: use of deprecated method `std::error::Error::description`: use the Display impl or to_string()\n  --> regex-syntax/src/error.rs:45:38\n   |\n45 |             Error::Parse(ref x) => x.description(),\n   |                                      ^^^^^^^^^^^\n   |\n   = note: `#[warn(deprecated)]` on by default\n\nwarning: use of deprecated method `std::error::Error::description`: use the Display impl or to_string()\n  --> regex-syntax/src/error.rs:46:42\n   |\n46 |             Error::Translate(ref x) => x.description(),\n   |                                          ^^^^^^^^^^^\n\nwarning: variable does not need to be mutable\n   --> regex-syntax/src/hir/literal/mod.rs:687:17\n    |\n687 |             let mut buf = &mut buf[..i];\n    |                 ----^^^\n    |                 |\n    |                 help: remove this `mut`\n    |\n    = note: `#[warn(unused_mut)]` on by default\n\nFor more information about this error, try `rustc --explain E0308`.\nwarning: `regex-syntax` (lib test) generated 18 warnings\nerror: could not compile `regex-syntax` (lib test) due to 2 previous errors; 18 warnings emitted\n"
                }
              ],
              "repaired": [
                false
              ]
            },
            {
              "attrs": [],
              "prefix": [],
              "oracles": [],
              "codes": [
                [
                  "{",
                  "    struct MockAst;",
                  "    let induct = ClassFrame::Binary { op: &ClassSetBinaryOp { span: Span, kind: ClassSetBinaryOpKind::Union, lhs: Box::new(ClassSet::Item(ClassSetItem::Literal(Literal))), rhs: Box::new(ClassSet::Item(ClassSetItem::Literal(Literal))) } };",
                  "",
                  "    let visitor = HeapVisitor::new();",
                  "    let result = visitor.pop_class(induct);",
                  "",
                  "    assert_eq!(result, None);",
                  "}"
                ]
              ],
              "can_compile": [
                {
                  "Err": "warning: /home/abezbm/rust-utgen-test-crates-new/regex/regex-capi/Cargo.toml: no edition set: defaulting to the 2015 edition while the latest is 2021\nwarning: /home/abezbm/rust-utgen-test-crates-new/regex/regex-syntax/Cargo.toml: no edition set: defaulting to the 2015 edition while the latest is 2021\nwarning: /home/abezbm/rust-utgen-test-crates-new/regex/Cargo.toml: no edition set: defaulting to the 2015 edition while the latest is 2021\nwarning: /home/abezbm/rust-utgen-test-crates-new/regex/regex-debug/Cargo.toml: no edition set: defaulting to the 2015 edition while the latest is 2021\n   Compiling proc-macro2 v1.0.95\n   Compiling syn v1.0.109\n   Compiling quote v1.0.40\n   Compiling ntest_test_cases v0.9.3\n   Compiling ntest_timeout v0.9.3\n   Compiling ntest v0.9.3\n   Compiling regex-syntax v0.6.0 (/home/abezbm/rust-utgen-test-crates-new/regex/regex-syntax)\nerror[E0422]: cannot find struct, variant or union type `ClassSetBinaryOp` in this scope\n   --> regex-syntax/src/ast/visitor.rs:566:44\n    |\n566 |     let induct = ClassFrame::Binary { op: &ClassSetBinaryOp { span: Span, kind: ClassSetBinaryOpKind::Union, lhs: Box::new(ClassSet::Item...\n    |                                            ^^^^^^^^^^^^^^^^ not found in this scope\n    |\nhelp: consider importing this struct\n    |\n560 +    use ast::ClassSetBinaryOp;\n    |\n\nerror[E0425]: cannot find value `Span` in this scope\n   --> regex-syntax/src/ast/visitor.rs:566:69\n    |\n566 |     let induct = ClassFrame::Binary { op: &ClassSetBinaryOp { span: Span, kind: ClassSetBinaryOpKind::Union, lhs: Box::new(ClassSet::Item...\n    |                                                                     ^^^^ not found in this scope\n\nerror[E0433]: failed to resolve: use of undeclared type `ClassSetBinaryOpKind`\n   --> regex-syntax/src/ast/visitor.rs:566:81\n    |\n566 | ...ssSetBinaryOp { span: Span, kind: ClassSetBinaryOpKind::Union, lhs: Box::new(ClassSet::Item(ClassSetItem::Literal(Literal))), rhs: Box...\n    |                                      ^^^^^^^^^^^^^^^^^^^^ use of undeclared type `ClassSetBinaryOpKind`\n    |\nhelp: consider importing this enum\n    |\n560 +    use ast::ClassSetBinaryOpKind;\n    |\n\nerror[E0433]: failed to resolve: use of undeclared type `ClassSet`\n   --> regex-syntax/src/ast/visitor.rs:566:124\n    |\n566 | ...d: ClassSetBinaryOpKind::Union, lhs: Box::new(ClassSet::Item(ClassSetItem::Literal(Literal))), rhs: Box::new(ClassSet::Item(ClassSetIt...\n    |                                                  ^^^^^^^^ use of undeclared type `ClassSet`\n    |\nhelp: consider importing this enum\n    |\n560 +    use ast::ClassSet;\n    |\n\nerror[E0433]: failed to resolve: use of undeclared type `ClassSetItem`\n   --> regex-syntax/src/ast/visitor.rs:566:139\n    |\n566 | ...Kind::Union, lhs: Box::new(ClassSet::Item(ClassSetItem::Literal(Literal))), rhs: Box::new(ClassSet::Item(ClassSetItem::Literal(Literal...\n    |                                              ^^^^^^^^^^^^ use of undeclared type `ClassSetItem`\n    |\nhelp: consider importing this enum\n    |\n560 +    use ast::ClassSetItem;\n    |\n\nerror[E0425]: cannot find value `Literal` in this scope\n   --> regex-syntax/src/ast/visitor.rs:566:161\n    |\n566 | ...lhs: Box::new(ClassSet::Item(ClassSetItem::Literal(Literal))), rhs: Box::new(ClassSet::Item(ClassSetItem::Literal(Literal))) } };\n    |                                                       ^^^^^^^ not found in this scope\n    |\nhelp: consider importing one of these tuple variants\n    |\n560 +    use ast::Ast::Literal;\n    |\n560 +    use ast::ClassSetItem::Literal;\n    |\n560 +    use hir::HirKind::Literal;\n    |\n\nerror[E0433]: failed to resolve: use of undeclared type `ClassSet`\n   --> regex-syntax/src/ast/visitor.rs:566:187\n    |\n566 | ...assSetItem::Literal(Literal))), rhs: Box::new(ClassSet::Item(ClassSetItem::Literal(Literal))) } };\n    |                                                  ^^^^^^^^ use of undeclared type `ClassSet`\n    |\nhelp: consider importing this enum\n    |\n560 +    use ast::ClassSet;\n    |\n\nerror[E0433]: failed to resolve: use of undeclared type `ClassSetItem`\n   --> regex-syntax/src/ast/visitor.rs:566:202\n    |\n566 | ...(Literal))), rhs: Box::new(ClassSet::Item(ClassSetItem::Literal(Literal))) } };\n    |                                              ^^^^^^^^^^^^ use of undeclared type `ClassSetItem`\n    |\nhelp: consider importing this enum\n    |\n560 +    use ast::ClassSetItem;\n    |\n\nerror[E0425]: cannot find value `Literal` in this scope\n   --> regex-syntax/src/ast/visitor.rs:566:224\n    |\n566 | ...rhs: Box::new(ClassSet::Item(ClassSetItem::Literal(Literal))) } };\n    |                                                       ^^^^^^^ not found in this scope\n    |\nhelp: consider importing one of these tuple variants\n    |\n560 +    use ast::Ast::Literal;\n    |\n560 +    use ast::ClassSetItem::Literal;\n    |\n560 +    use hir::HirKind::Literal;\n    |\n\nwarning: `...` range patterns are deprecated\n    --> regex-syntax/src/ast/parse.rs:1445:16\n     |\n1445 |             '0'...'7' => {\n     |                ^^^ help: use `..=` for an inclusive range\n     |\n     = warning: this is accepted in the current edition (Rust 2015) but is a hard error in Rust 2021!\n     = note: for more information, see <https://doc.rust-lang.org/nightly/edition-guide/rust-2021/warnings-promoted-to-error.html>\n     = note: `#[warn(ellipsis_inclusive_range_patterns)]` on by default\n\nwarning: `...` range patterns are deprecated\n    --> regex-syntax/src/ast/parse.rs:1456:16\n     |\n1456 |             '8'...'9' if !self.parser().octal => {\n     |                ^^^ help: use `..=` for an inclusive range\n     |\n     = warning: this is accepted in the current edition (Rust 2015) but is a hard error in Rust 2021!\n     = note: for more information, see <https://doc.rust-lang.org/nightly/edition-guide/rust-2021/warnings-promoted-to-error.html>\n\nwarning: unused import: `Primitive`\n    --> regex-syntax/src/ast/parse.rs:2261:49\n     |\n2261 |     use super::{Parser, ParserI, ParserBuilder, Primitive};\n     |                                                 ^^^^^^^^^\n     |\n     = note: `#[warn(unused_imports)]` on by default\n\nwarning: unused macro definition: `assert_eq`\n    --> regex-syntax/src/ast/parse.rs:2265:18\n     |\n2265 |     macro_rules! assert_eq {\n     |                  ^^^^^^^^^\n     |\n     = note: `#[warn(unused_macros)]` on by default\n\nwarning: unused import: `ntest::timeout`\n   --> regex-syntax/src/ast/visitor.rs:561:8\n    |\n561 |    use ntest::timeout;\n    |        ^^^^^^^^^^^^^^\n\nwarning: unused import: `super::*`\n    --> regex-syntax/src/ast/mod.rs:1482:9\n     |\n1482 |     use super::*;\n     |         ^^^^^^^^\n\nwarning: unused import: `ast::parse::Parser`\n   --> regex-syntax/src/error.rs:288:9\n    |\n288 |     use ast::parse::Parser;\n    |         ^^^^^^^^^^^^^^^^^^\n\nwarning: unused import: `ParserBuilder`\n    --> regex-syntax/src/hir/literal/mod.rs:1004:9\n     |\n1004 |     use ParserBuilder;\n     |         ^^^^^^^^^^^^^\n\nwarning: unused imports: `Position` and `self`\n    --> regex-syntax/src/hir/translate.rs:1094:15\n     |\n1094 |     use ast::{self, Ast, Position, Span};\n     |               ^^^^       ^^^^^^^^\n\nwarning: unused import: `ascii_class`\n    --> regex-syntax/src/hir/translate.rs:1099:36\n     |\n1099 |     use super::{TranslatorBuilder, ascii_class};\n     |                                    ^^^^^^^^^^^\n\nwarning: unused imports: `contains_simple_case_mapping` and `simple_fold`\n   --> regex-syntax/src/unicode.rs:375:17\n    |\n375 |     use super::{contains_simple_case_mapping, simple_fold};\n    |                 ^^^^^^^^^^^^^^^^^^^^^^^^^^^^  ^^^^^^^^^^^\n\nwarning: `...` range patterns are deprecated\n   --> regex-syntax/src/lib.rs:195:21\n    |\n195 |         b'_' | b'0' ... b'9' | b'a' ... b'z' | b'A' ... b'Z'  => true,\n    |                     ^^^ help: use `..=` for an inclusive range\n    |\n    = warning: this is accepted in the current edition (Rust 2015) but is a hard error in Rust 2021!\n    = note: for more information, see <https://doc.rust-lang.org/nightly/edition-guide/rust-2021/warnings-promoted-to-error.html>\n\nwarning: `...` range patterns are deprecated\n   --> regex-syntax/src/lib.rs:195:37\n    |\n195 |         b'_' | b'0' ... b'9' | b'a' ... b'z' | b'A' ... b'Z'  => true,\n    |                                     ^^^ help: use `..=` for an inclusive range\n    |\n    = warning: this is accepted in the current edition (Rust 2015) but is a hard error in Rust 2021!\n    = note: for more information, see <https://doc.rust-lang.org/nightly/edition-guide/rust-2021/warnings-promoted-to-error.html>\n\nwarning: `...` range patterns are deprecated\n   --> regex-syntax/src/lib.rs:195:53\n    |\n195 |         b'_' | b'0' ... b'9' | b'a' ... b'z' | b'A' ... b'Z'  => true,\n    |                                                     ^^^ help: use `..=` for an inclusive range\n    |\n    = warning: this is accepted in the current edition (Rust 2015) but is a hard error in Rust 2021!\n    = note: for more information, see <https://doc.rust-lang.org/nightly/edition-guide/rust-2021/warnings-promoted-to-error.html>\n\nwarning: unused import: `super::*`\n   --> regex-syntax/src/lib.rs:202:9\n    |\n202 |     use super::*;\n    |         ^^^^^^^^\n\nerror[E0369]: binary operation `==` cannot be applied to type `Option<ast::visitor::ClassFrame<'_>>`\n   --> regex-syntax/src/ast/visitor.rs:571:5\n    |\n571 |     assert_eq!(result, None);\n    |     ^^^^^^^^^^^^^^^^^^^^^^^^\n    |     |\n    |     Option<ast::visitor::ClassFrame<'_>>\n    |     Option<ast::visitor::ClassFrame<'_>>\n    |\nnote: an implementation of `PartialEq` might be missing for `ast::visitor::ClassFrame<'_>`\n   --> regex-syntax/src/ast/visitor.rs:174:1\n    |\n174 | enum ClassFrame<'a> {\n    | ^^^^^^^^^^^^^^^^^^^ must implement `PartialEq`\n    = note: this error originates in the macro `assert_eq` (in Nightly builds, run with -Z macro-backtrace for more info)\nhelp: consider annotating `ast::visitor::ClassFrame<'_>` with `#[derive(PartialEq)]`\n    |\n174 + #[derive(PartialEq)]\n175 | enum ClassFrame<'a> {\n    |\n\nwarning: use of deprecated method `std::error::Error::description`: use the Display impl or to_string()\n  --> regex-syntax/src/error.rs:45:38\n   |\n45 |             Error::Parse(ref x) => x.description(),\n   |                                      ^^^^^^^^^^^\n   |\n   = note: `#[warn(deprecated)]` on by default\n\nwarning: use of deprecated method `std::error::Error::description`: use the Display impl or to_string()\n  --> regex-syntax/src/error.rs:46:42\n   |\n46 |             Error::Translate(ref x) => x.description(),\n   |                                          ^^^^^^^^^^^\n\nwarning: variable does not need to be mutable\n   --> regex-syntax/src/hir/literal/mod.rs:687:17\n    |\n687 |             let mut buf = &mut buf[..i];\n    |                 ----^^^\n    |                 |\n    |                 help: remove this `mut`\n    |\n    = note: `#[warn(unused_mut)]` on by default\n\nSome errors have detailed explanations: E0369, E0422, E0425, E0433.\nFor more information about an error, try `rustc --explain E0369`.\nwarning: `regex-syntax` (lib test) generated 18 warnings\nerror: could not compile `regex-syntax` (lib test) due to 10 previous errors; 18 warnings emitted\n"
                }
              ],
              "repaired": [
                false
              ]
            },
            {
              "attrs": [],
              "prefix": [],
              "oracles": [],
              "codes": [
                [
                  "{",
                  "    struct MockAst;",
                  "    let rhs = ClassSet::Item(ClassSetItem::Literal(Literal));",
                  "    let induct = ClassFrame::BinaryLHS {",
                  "        op: &ClassSetBinaryOp { span: Span, kind: ClassSetBinaryOpKind::Union, lhs: Box::new(ClassSet::Item(ClassSetItem::Literal(Literal))), rhs: Box::new(ClassSet::Item(ClassSetItem::Literal(Literal))) },",
                  "        lhs: &ClassSet::Item(ClassSetItem::Literal(Literal)),",
                  "        rhs: &rhs,",
                  "    };",
                  "",
                  "    let visitor = HeapVisitor::new();",
                  "    let result = visitor.pop_class(induct);",
                  "",
                  "    if let Some(ClassFrame::BinaryRHS { op, rhs }) = result {",
                  "        assert_eq!(op.kind, ClassSetBinaryOpKind::Union);",
                  "        assert_eq!(rhs, &rhs);",
                  "    } else {",
                  "        panic!(\"Expected a Some variant with BinaryRHS frame\");",
                  "    }",
                  "}"
                ]
              ],
              "can_compile": [
                {
                  "Err": "warning: /home/abezbm/rust-utgen-test-crates-new/regex/regex-syntax/Cargo.toml: no edition set: defaulting to the 2015 edition while the latest is 2021\nwarning: /home/abezbm/rust-utgen-test-crates-new/regex/regex-capi/Cargo.toml: no edition set: defaulting to the 2015 edition while the latest is 2021\nwarning: /home/abezbm/rust-utgen-test-crates-new/regex/regex-debug/Cargo.toml: no edition set: defaulting to the 2015 edition while the latest is 2021\nwarning: /home/abezbm/rust-utgen-test-crates-new/regex/Cargo.toml: no edition set: defaulting to the 2015 edition while the latest is 2021\n   Compiling proc-macro2 v1.0.95\n   Compiling syn v1.0.109\n   Compiling quote v1.0.40\n   Compiling ntest_timeout v0.9.3\n   Compiling ntest_test_cases v0.9.3\n   Compiling ntest v0.9.3\n   Compiling regex-syntax v0.6.0 (/home/abezbm/rust-utgen-test-crates-new/regex/regex-syntax)\nerror[E0433]: failed to resolve: use of undeclared type `ClassSet`\n   --> regex-syntax/src/ast/visitor.rs:566:15\n    |\n566 |     let rhs = ClassSet::Item(ClassSetItem::Literal(Literal));\n    |               ^^^^^^^^ use of undeclared type `ClassSet`\n    |\nhelp: consider importing this enum\n    |\n560 +    use ast::ClassSet;\n    |\n\nerror[E0433]: failed to resolve: use of undeclared type `ClassSetItem`\n   --> regex-syntax/src/ast/visitor.rs:566:30\n    |\n566 |     let rhs = ClassSet::Item(ClassSetItem::Literal(Literal));\n    |                              ^^^^^^^^^^^^ use of undeclared type `ClassSetItem`\n    |\nhelp: consider importing this enum\n    |\n560 +    use ast::ClassSetItem;\n    |\n\nerror[E0425]: cannot find value `Literal` in this scope\n   --> regex-syntax/src/ast/visitor.rs:566:52\n    |\n566 |     let rhs = ClassSet::Item(ClassSetItem::Literal(Literal));\n    |                                                    ^^^^^^^ not found in this scope\n    |\nhelp: consider importing one of these tuple variants\n    |\n560 +    use ast::Ast::Literal;\n    |\n560 +    use ast::ClassSetItem::Literal;\n    |\n560 +    use hir::HirKind::Literal;\n    |\n\nerror[E0422]: cannot find struct, variant or union type `ClassSetBinaryOp` in this scope\n   --> regex-syntax/src/ast/visitor.rs:568:14\n    |\n568 | ...   op: &ClassSetBinaryOp { span: Span, kind: ClassSetBinaryOpKind::Union, lhs: Box::new(ClassSet::Item(ClassSetItem::Literal(Literal))...\n    |            ^^^^^^^^^^^^^^^^ not found in this scope\n    |\nhelp: consider importing this struct\n    |\n560 +    use ast::ClassSetBinaryOp;\n    |\n\nerror[E0425]: cannot find value `Span` in this scope\n   --> regex-syntax/src/ast/visitor.rs:568:39\n    |\n568 | ...   op: &ClassSetBinaryOp { span: Span, kind: ClassSetBinaryOpKind::Union, lhs: Box::new(ClassSet::Item(ClassSetItem::Literal(Literal))...\n    |                                     ^^^^ not found in this scope\n\nerror[E0433]: failed to resolve: use of undeclared type `ClassSetBinaryOpKind`\n   --> regex-syntax/src/ast/visitor.rs:568:51\n    |\n568 | ...   op: &ClassSetBinaryOp { span: Span, kind: ClassSetBinaryOpKind::Union, lhs: Box::new(ClassSet::Item(ClassSetItem::Literal(Literal))...\n    |                                                 ^^^^^^^^^^^^^^^^^^^^ use of undeclared type `ClassSetBinaryOpKind`\n    |\nhelp: consider importing this enum\n    |\n560 +    use ast::ClassSetBinaryOpKind;\n    |\n\nerror[E0433]: failed to resolve: use of undeclared type `ClassSet`\n   --> regex-syntax/src/ast/visitor.rs:568:94\n    |\n568 | ...   op: &ClassSetBinaryOp { span: Span, kind: ClassSetBinaryOpKind::Union, lhs: Box::new(ClassSet::Item(ClassSetItem::Literal(Literal))...\n    |                                                                                            ^^^^^^^^ use of undeclared type `ClassSet`\n    |\nhelp: consider importing this enum\n    |\n560 +    use ast::ClassSet;\n    |\n\nerror[E0433]: failed to resolve: use of undeclared type `ClassSetItem`\n   --> regex-syntax/src/ast/visitor.rs:568:109\n    |\n568 | ...Kind::Union, lhs: Box::new(ClassSet::Item(ClassSetItem::Literal(Literal))), rhs: Box::new(ClassSet::Item(ClassSetItem::Literal(Literal...\n    |                                              ^^^^^^^^^^^^ use of undeclared type `ClassSetItem`\n    |\nhelp: consider importing this enum\n    |\n560 +    use ast::ClassSetItem;\n    |\n\nerror[E0425]: cannot find value `Literal` in this scope\n   --> regex-syntax/src/ast/visitor.rs:568:131\n    |\n568 | ...lhs: Box::new(ClassSet::Item(ClassSetItem::Literal(Literal))), rhs: Box::new(ClassSet::Item(ClassSetItem::Literal(Literal))) },\n    |                                                       ^^^^^^^ not found in this scope\n    |\nhelp: consider importing one of these tuple variants\n    |\n560 +    use ast::Ast::Literal;\n    |\n560 +    use ast::ClassSetItem::Literal;\n    |\n560 +    use hir::HirKind::Literal;\n    |\n\nerror[E0433]: failed to resolve: use of undeclared type `ClassSet`\n   --> regex-syntax/src/ast/visitor.rs:568:157\n    |\n568 | ...assSetItem::Literal(Literal))), rhs: Box::new(ClassSet::Item(ClassSetItem::Literal(Literal))) },\n    |                                                  ^^^^^^^^ use of undeclared type `ClassSet`\n    |\nhelp: consider importing this enum\n    |\n560 +    use ast::ClassSet;\n    |\n\nerror[E0433]: failed to resolve: use of undeclared type `ClassSetItem`\n   --> regex-syntax/src/ast/visitor.rs:568:172\n    |\n568 | ...(Literal))), rhs: Box::new(ClassSet::Item(ClassSetItem::Literal(Literal))) },\n    |                                              ^^^^^^^^^^^^ use of undeclared type `ClassSetItem`\n    |\nhelp: consider importing this enum\n    |\n560 +    use ast::ClassSetItem;\n    |\n\nerror[E0425]: cannot find value `Literal` in this scope\n   --> regex-syntax/src/ast/visitor.rs:568:194\n    |\n568 | ...rhs: Box::new(ClassSet::Item(ClassSetItem::Literal(Literal))) },\n    |                                                       ^^^^^^^ not found in this scope\n    |\nhelp: consider importing one of these tuple variants\n    |\n560 +    use ast::Ast::Literal;\n    |\n560 +    use ast::ClassSetItem::Literal;\n    |\n560 +    use hir::HirKind::Literal;\n    |\n\nerror[E0433]: failed to resolve: use of undeclared type `ClassSet`\n   --> regex-syntax/src/ast/visitor.rs:569:15\n    |\n569 |         lhs: &ClassSet::Item(ClassSetItem::Literal(Literal)),\n    |               ^^^^^^^^ use of undeclared type `ClassSet`\n    |\nhelp: consider importing this enum\n    |\n560 +    use ast::ClassSet;\n    |\n\nerror[E0433]: failed to resolve: use of undeclared type `ClassSetItem`\n   --> regex-syntax/src/ast/visitor.rs:569:30\n    |\n569 |         lhs: &ClassSet::Item(ClassSetItem::Literal(Literal)),\n    |                              ^^^^^^^^^^^^ use of undeclared type `ClassSetItem`\n    |\nhelp: consider importing this enum\n    |\n560 +    use ast::ClassSetItem;\n    |\n\nerror[E0425]: cannot find value `Literal` in this scope\n   --> regex-syntax/src/ast/visitor.rs:569:52\n    |\n569 |         lhs: &ClassSet::Item(ClassSetItem::Literal(Literal)),\n    |                                                    ^^^^^^^ not found in this scope\n    |\nhelp: consider importing one of these tuple variants\n    |\n560 +    use ast::Ast::Literal;\n    |\n560 +    use ast::ClassSetItem::Literal;\n    |\n560 +    use hir::HirKind::Literal;\n    |\n\nerror[E0433]: failed to resolve: use of undeclared type `ClassSetBinaryOpKind`\n   --> regex-syntax/src/ast/visitor.rs:577:29\n    |\n577 |         assert_eq!(op.kind, ClassSetBinaryOpKind::Union);\n    |                             ^^^^^^^^^^^^^^^^^^^^ use of undeclared type `ClassSetBinaryOpKind`\n    |\nhelp: consider importing this enum\n    |\n560 +    use ast::ClassSetBinaryOpKind;\n    |\n\nwarning: `...` range patterns are deprecated\n    --> regex-syntax/src/ast/parse.rs:1445:16\n     |\n1445 |             '0'...'7' => {\n     |                ^^^ help: use `..=` for an inclusive range\n     |\n     = warning: this is accepted in the current edition (Rust 2015) but is a hard error in Rust 2021!\n     = note: for more information, see <https://doc.rust-lang.org/nightly/edition-guide/rust-2021/warnings-promoted-to-error.html>\n     = note: `#[warn(ellipsis_inclusive_range_patterns)]` on by default\n\nwarning: `...` range patterns are deprecated\n    --> regex-syntax/src/ast/parse.rs:1456:16\n     |\n1456 |             '8'...'9' if !self.parser().octal => {\n     |                ^^^ help: use `..=` for an inclusive range\n     |\n     = warning: this is accepted in the current edition (Rust 2015) but is a hard error in Rust 2021!\n     = note: for more information, see <https://doc.rust-lang.org/nightly/edition-guide/rust-2021/warnings-promoted-to-error.html>\n\nwarning: unused import: `Primitive`\n    --> regex-syntax/src/ast/parse.rs:2261:49\n     |\n2261 |     use super::{Parser, ParserI, ParserBuilder, Primitive};\n     |                                                 ^^^^^^^^^\n     |\n     = note: `#[warn(unused_imports)]` on by default\n\nwarning: unused macro definition: `assert_eq`\n    --> regex-syntax/src/ast/parse.rs:2265:18\n     |\n2265 |     macro_rules! assert_eq {\n     |                  ^^^^^^^^^\n     |\n     = note: `#[warn(unused_macros)]` on by default\n\nwarning: unused import: `ntest::timeout`\n   --> regex-syntax/src/ast/visitor.rs:561:8\n    |\n561 |    use ntest::timeout;\n    |        ^^^^^^^^^^^^^^\n\nwarning: unused import: `super::*`\n    --> regex-syntax/src/ast/mod.rs:1482:9\n     |\n1482 |     use super::*;\n     |         ^^^^^^^^\n\nwarning: unused import: `ast::parse::Parser`\n   --> regex-syntax/src/error.rs:288:9\n    |\n288 |     use ast::parse::Parser;\n    |         ^^^^^^^^^^^^^^^^^^\n\nwarning: unused import: `ParserBuilder`\n    --> regex-syntax/src/hir/literal/mod.rs:1004:9\n     |\n1004 |     use ParserBuilder;\n     |         ^^^^^^^^^^^^^\n\nwarning: unused imports: `Position` and `self`\n    --> regex-syntax/src/hir/translate.rs:1094:15\n     |\n1094 |     use ast::{self, Ast, Position, Span};\n     |               ^^^^       ^^^^^^^^\n\nwarning: unused import: `ascii_class`\n    --> regex-syntax/src/hir/translate.rs:1099:36\n     |\n1099 |     use super::{TranslatorBuilder, ascii_class};\n     |                                    ^^^^^^^^^^^\n\nwarning: unused imports: `contains_simple_case_mapping` and `simple_fold`\n   --> regex-syntax/src/unicode.rs:375:17\n    |\n375 |     use super::{contains_simple_case_mapping, simple_fold};\n    |                 ^^^^^^^^^^^^^^^^^^^^^^^^^^^^  ^^^^^^^^^^^\n\nwarning: `...` range patterns are deprecated\n   --> regex-syntax/src/lib.rs:195:21\n    |\n195 |         b'_' | b'0' ... b'9' | b'a' ... b'z' | b'A' ... b'Z'  => true,\n    |                     ^^^ help: use `..=` for an inclusive range\n    |\n    = warning: this is accepted in the current edition (Rust 2015) but is a hard error in Rust 2021!\n    = note: for more information, see <https://doc.rust-lang.org/nightly/edition-guide/rust-2021/warnings-promoted-to-error.html>\n\nwarning: `...` range patterns are deprecated\n   --> regex-syntax/src/lib.rs:195:37\n    |\n195 |         b'_' | b'0' ... b'9' | b'a' ... b'z' | b'A' ... b'Z'  => true,\n    |                                     ^^^ help: use `..=` for an inclusive range\n    |\n    = warning: this is accepted in the current edition (Rust 2015) but is a hard error in Rust 2021!\n    = note: for more information, see <https://doc.rust-lang.org/nightly/edition-guide/rust-2021/warnings-promoted-to-error.html>\n\nwarning: `...` range patterns are deprecated\n   --> regex-syntax/src/lib.rs:195:53\n    |\n195 |         b'_' | b'0' ... b'9' | b'a' ... b'z' | b'A' ... b'Z'  => true,\n    |                                                     ^^^ help: use `..=` for an inclusive range\n    |\n    = warning: this is accepted in the current edition (Rust 2015) but is a hard error in Rust 2021!\n    = note: for more information, see <https://doc.rust-lang.org/nightly/edition-guide/rust-2021/warnings-promoted-to-error.html>\n\nwarning: unused import: `super::*`\n   --> regex-syntax/src/lib.rs:202:9\n    |\n202 |     use super::*;\n    |         ^^^^^^^^\n\nerror[E0277]: can't compare `ClassSet` with `&ClassSet`\n   --> regex-syntax/src/ast/visitor.rs:578:9\n    |\n578 |         assert_eq!(rhs, &rhs);\n    |         ^^^^^^^^^^^^^^^^^^^^^ no implementation for `ClassSet == &ClassSet`\n    |\n    = help: the trait `PartialEq<&ClassSet>` is not implemented for `ClassSet`, which is required by `&ClassSet: PartialEq<&&ClassSet>`\n    = note: required for `&ClassSet` to implement `PartialEq<&&ClassSet>`\n    = note: this error originates in the macro `assert_eq` (in Nightly builds, run with -Z macro-backtrace for more info)\nhelp: consider dereferencing here\n   --> /home/abezbm/.rustup/toolchains/nightly-2024-07-21-x86_64-unknown-linux-gnu/lib/rustlib/src/rust/library/core/src/macros/mod.rs:40:35\n    |\n40  |                 if !(*left_val == **right_val) {\n    |                                   +\n\nwarning: use of deprecated method `std::error::Error::description`: use the Display impl or to_string()\n  --> regex-syntax/src/error.rs:45:38\n   |\n45 |             Error::Parse(ref x) => x.description(),\n   |                                      ^^^^^^^^^^^\n   |\n   = note: `#[warn(deprecated)]` on by default\n\nwarning: use of deprecated method `std::error::Error::description`: use the Display impl or to_string()\n  --> regex-syntax/src/error.rs:46:42\n   |\n46 |             Error::Translate(ref x) => x.description(),\n   |                                          ^^^^^^^^^^^\n\nwarning: variable does not need to be mutable\n   --> regex-syntax/src/hir/literal/mod.rs:687:17\n    |\n687 |             let mut buf = &mut buf[..i];\n    |                 ----^^^\n    |                 |\n    |                 help: remove this `mut`\n    |\n    = note: `#[warn(unused_mut)]` on by default\n\nSome errors have detailed explanations: E0277, E0422, E0425, E0433.\nFor more information about an error, try `rustc --explain E0277`.\nwarning: `regex-syntax` (lib test) generated 18 warnings\nerror: could not compile `regex-syntax` (lib test) due to 17 previous errors; 18 warnings emitted\n"
                }
              ],
              "repaired": [
                false
              ]
            },
            {
              "attrs": [],
              "prefix": [],
              "oracles": [],
              "codes": [
                [
                  "{",
                  "    struct MockAst;",
                  "    let induct = ClassFrame::BinaryRHS {",
                  "        op: &ClassSetBinaryOp { span: Span, kind: ClassSetBinaryOpKind::Union, lhs: Box::new(ClassSet::Item(ClassSetItem::Literal(Literal))), rhs: Box::new(ClassSet::Item(ClassSetItem::Literal(Literal))) },",
                  "        rhs: &ClassSet::Item(ClassSetItem::Literal(Literal)),",
                  "    };",
                  "",
                  "    let visitor = HeapVisitor::new();",
                  "    let result = visitor.pop_class(induct);",
                  "",
                  "    assert_eq!(result, None);",
                  "}"
                ]
              ],
              "can_compile": [
                {
                  "Err": "warning: /home/abezbm/rust-utgen-test-crates-new/regex/regex-debug/Cargo.toml: no edition set: defaulting to the 2015 edition while the latest is 2021\nwarning: /home/abezbm/rust-utgen-test-crates-new/regex/regex-syntax/Cargo.toml: no edition set: defaulting to the 2015 edition while the latest is 2021\nwarning: /home/abezbm/rust-utgen-test-crates-new/regex/regex-capi/Cargo.toml: no edition set: defaulting to the 2015 edition while the latest is 2021\nwarning: /home/abezbm/rust-utgen-test-crates-new/regex/Cargo.toml: no edition set: defaulting to the 2015 edition while the latest is 2021\n   Compiling proc-macro2 v1.0.95\n   Compiling syn v1.0.109\n   Compiling quote v1.0.40\n   Compiling ntest_timeout v0.9.3\n   Compiling ntest_test_cases v0.9.3\n   Compiling ntest v0.9.3\n   Compiling regex-syntax v0.6.0 (/home/abezbm/rust-utgen-test-crates-new/regex/regex-syntax)\nerror[E0422]: cannot find struct, variant or union type `ClassSetBinaryOp` in this scope\n   --> regex-syntax/src/ast/visitor.rs:567:14\n    |\n567 | ...   op: &ClassSetBinaryOp { span: Span, kind: ClassSetBinaryOpKind::Union, lhs: Box::new(ClassSet::Item(ClassSetItem::Literal(Literal))...\n    |            ^^^^^^^^^^^^^^^^ not found in this scope\n    |\nhelp: consider importing this struct\n    |\n560 +    use ast::ClassSetBinaryOp;\n    |\n\nerror[E0425]: cannot find value `Span` in this scope\n   --> regex-syntax/src/ast/visitor.rs:567:39\n    |\n567 | ...   op: &ClassSetBinaryOp { span: Span, kind: ClassSetBinaryOpKind::Union, lhs: Box::new(ClassSet::Item(ClassSetItem::Literal(Literal))...\n    |                                     ^^^^ not found in this scope\n\nerror[E0433]: failed to resolve: use of undeclared type `ClassSetBinaryOpKind`\n   --> regex-syntax/src/ast/visitor.rs:567:51\n    |\n567 | ...   op: &ClassSetBinaryOp { span: Span, kind: ClassSetBinaryOpKind::Union, lhs: Box::new(ClassSet::Item(ClassSetItem::Literal(Literal))...\n    |                                                 ^^^^^^^^^^^^^^^^^^^^ use of undeclared type `ClassSetBinaryOpKind`\n    |\nhelp: consider importing this enum\n    |\n560 +    use ast::ClassSetBinaryOpKind;\n    |\n\nerror[E0433]: failed to resolve: use of undeclared type `ClassSet`\n   --> regex-syntax/src/ast/visitor.rs:567:94\n    |\n567 | ...   op: &ClassSetBinaryOp { span: Span, kind: ClassSetBinaryOpKind::Union, lhs: Box::new(ClassSet::Item(ClassSetItem::Literal(Literal))...\n    |                                                                                            ^^^^^^^^ use of undeclared type `ClassSet`\n    |\nhelp: consider importing this enum\n    |\n560 +    use ast::ClassSet;\n    |\n\nerror[E0433]: failed to resolve: use of undeclared type `ClassSetItem`\n   --> regex-syntax/src/ast/visitor.rs:567:109\n    |\n567 | ...Kind::Union, lhs: Box::new(ClassSet::Item(ClassSetItem::Literal(Literal))), rhs: Box::new(ClassSet::Item(ClassSetItem::Literal(Literal...\n    |                                              ^^^^^^^^^^^^ use of undeclared type `ClassSetItem`\n    |\nhelp: consider importing this enum\n    |\n560 +    use ast::ClassSetItem;\n    |\n\nerror[E0425]: cannot find value `Literal` in this scope\n   --> regex-syntax/src/ast/visitor.rs:567:131\n    |\n567 | ...lhs: Box::new(ClassSet::Item(ClassSetItem::Literal(Literal))), rhs: Box::new(ClassSet::Item(ClassSetItem::Literal(Literal))) },\n    |                                                       ^^^^^^^ not found in this scope\n    |\nhelp: consider importing one of these tuple variants\n    |\n560 +    use ast::Ast::Literal;\n    |\n560 +    use ast::ClassSetItem::Literal;\n    |\n560 +    use hir::HirKind::Literal;\n    |\n\nerror[E0433]: failed to resolve: use of undeclared type `ClassSet`\n   --> regex-syntax/src/ast/visitor.rs:567:157\n    |\n567 | ...assSetItem::Literal(Literal))), rhs: Box::new(ClassSet::Item(ClassSetItem::Literal(Literal))) },\n    |                                                  ^^^^^^^^ use of undeclared type `ClassSet`\n    |\nhelp: consider importing this enum\n    |\n560 +    use ast::ClassSet;\n    |\n\nerror[E0433]: failed to resolve: use of undeclared type `ClassSetItem`\n   --> regex-syntax/src/ast/visitor.rs:567:172\n    |\n567 | ...(Literal))), rhs: Box::new(ClassSet::Item(ClassSetItem::Literal(Literal))) },\n    |                                              ^^^^^^^^^^^^ use of undeclared type `ClassSetItem`\n    |\nhelp: consider importing this enum\n    |\n560 +    use ast::ClassSetItem;\n    |\n\nerror[E0425]: cannot find value `Literal` in this scope\n   --> regex-syntax/src/ast/visitor.rs:567:194\n    |\n567 | ...rhs: Box::new(ClassSet::Item(ClassSetItem::Literal(Literal))) },\n    |                                                       ^^^^^^^ not found in this scope\n    |\nhelp: consider importing one of these tuple variants\n    |\n560 +    use ast::Ast::Literal;\n    |\n560 +    use ast::ClassSetItem::Literal;\n    |\n560 +    use hir::HirKind::Literal;\n    |\n\nerror[E0433]: failed to resolve: use of undeclared type `ClassSet`\n   --> regex-syntax/src/ast/visitor.rs:568:15\n    |\n568 |         rhs: &ClassSet::Item(ClassSetItem::Literal(Literal)),\n    |               ^^^^^^^^ use of undeclared type `ClassSet`\n    |\nhelp: consider importing this enum\n    |\n560 +    use ast::ClassSet;\n    |\n\nerror[E0433]: failed to resolve: use of undeclared type `ClassSetItem`\n   --> regex-syntax/src/ast/visitor.rs:568:30\n    |\n568 |         rhs: &ClassSet::Item(ClassSetItem::Literal(Literal)),\n    |                              ^^^^^^^^^^^^ use of undeclared type `ClassSetItem`\n    |\nhelp: consider importing this enum\n    |\n560 +    use ast::ClassSetItem;\n    |\n\nerror[E0425]: cannot find value `Literal` in this scope\n   --> regex-syntax/src/ast/visitor.rs:568:52\n    |\n568 |         rhs: &ClassSet::Item(ClassSetItem::Literal(Literal)),\n    |                                                    ^^^^^^^ not found in this scope\n    |\nhelp: consider importing one of these tuple variants\n    |\n560 +    use ast::Ast::Literal;\n    |\n560 +    use ast::ClassSetItem::Literal;\n    |\n560 +    use hir::HirKind::Literal;\n    |\n\nwarning: `...` range patterns are deprecated\n    --> regex-syntax/src/ast/parse.rs:1445:16\n     |\n1445 |             '0'...'7' => {\n     |                ^^^ help: use `..=` for an inclusive range\n     |\n     = warning: this is accepted in the current edition (Rust 2015) but is a hard error in Rust 2021!\n     = note: for more information, see <https://doc.rust-lang.org/nightly/edition-guide/rust-2021/warnings-promoted-to-error.html>\n     = note: `#[warn(ellipsis_inclusive_range_patterns)]` on by default\n\nwarning: `...` range patterns are deprecated\n    --> regex-syntax/src/ast/parse.rs:1456:16\n     |\n1456 |             '8'...'9' if !self.parser().octal => {\n     |                ^^^ help: use `..=` for an inclusive range\n     |\n     = warning: this is accepted in the current edition (Rust 2015) but is a hard error in Rust 2021!\n     = note: for more information, see <https://doc.rust-lang.org/nightly/edition-guide/rust-2021/warnings-promoted-to-error.html>\n\nwarning: unused import: `Primitive`\n    --> regex-syntax/src/ast/parse.rs:2261:49\n     |\n2261 |     use super::{Parser, ParserI, ParserBuilder, Primitive};\n     |                                                 ^^^^^^^^^\n     |\n     = note: `#[warn(unused_imports)]` on by default\n\nwarning: unused macro definition: `assert_eq`\n    --> regex-syntax/src/ast/parse.rs:2265:18\n     |\n2265 |     macro_rules! assert_eq {\n     |                  ^^^^^^^^^\n     |\n     = note: `#[warn(unused_macros)]` on by default\n\nwarning: unused import: `ntest::timeout`\n   --> regex-syntax/src/ast/visitor.rs:561:8\n    |\n561 |    use ntest::timeout;\n    |        ^^^^^^^^^^^^^^\n\nwarning: unused import: `super::*`\n    --> regex-syntax/src/ast/mod.rs:1482:9\n     |\n1482 |     use super::*;\n     |         ^^^^^^^^\n\nwarning: unused import: `ast::parse::Parser`\n   --> regex-syntax/src/error.rs:288:9\n    |\n288 |     use ast::parse::Parser;\n    |         ^^^^^^^^^^^^^^^^^^\n\nwarning: unused import: `ParserBuilder`\n    --> regex-syntax/src/hir/literal/mod.rs:1004:9\n     |\n1004 |     use ParserBuilder;\n     |         ^^^^^^^^^^^^^\n\nwarning: unused imports: `Position` and `self`\n    --> regex-syntax/src/hir/translate.rs:1094:15\n     |\n1094 |     use ast::{self, Ast, Position, Span};\n     |               ^^^^       ^^^^^^^^\n\nwarning: unused import: `ascii_class`\n    --> regex-syntax/src/hir/translate.rs:1099:36\n     |\n1099 |     use super::{TranslatorBuilder, ascii_class};\n     |                                    ^^^^^^^^^^^\n\nwarning: unused imports: `contains_simple_case_mapping` and `simple_fold`\n   --> regex-syntax/src/unicode.rs:375:17\n    |\n375 |     use super::{contains_simple_case_mapping, simple_fold};\n    |                 ^^^^^^^^^^^^^^^^^^^^^^^^^^^^  ^^^^^^^^^^^\n\nwarning: `...` range patterns are deprecated\n   --> regex-syntax/src/lib.rs:195:21\n    |\n195 |         b'_' | b'0' ... b'9' | b'a' ... b'z' | b'A' ... b'Z'  => true,\n    |                     ^^^ help: use `..=` for an inclusive range\n    |\n    = warning: this is accepted in the current edition (Rust 2015) but is a hard error in Rust 2021!\n    = note: for more information, see <https://doc.rust-lang.org/nightly/edition-guide/rust-2021/warnings-promoted-to-error.html>\n\nwarning: `...` range patterns are deprecated\n   --> regex-syntax/src/lib.rs:195:37\n    |\n195 |         b'_' | b'0' ... b'9' | b'a' ... b'z' | b'A' ... b'Z'  => true,\n    |                                     ^^^ help: use `..=` for an inclusive range\n    |\n    = warning: this is accepted in the current edition (Rust 2015) but is a hard error in Rust 2021!\n    = note: for more information, see <https://doc.rust-lang.org/nightly/edition-guide/rust-2021/warnings-promoted-to-error.html>\n\nwarning: `...` range patterns are deprecated\n   --> regex-syntax/src/lib.rs:195:53\n    |\n195 |         b'_' | b'0' ... b'9' | b'a' ... b'z' | b'A' ... b'Z'  => true,\n    |                                                     ^^^ help: use `..=` for an inclusive range\n    |\n    = warning: this is accepted in the current edition (Rust 2015) but is a hard error in Rust 2021!\n    = note: for more information, see <https://doc.rust-lang.org/nightly/edition-guide/rust-2021/warnings-promoted-to-error.html>\n\nwarning: unused import: `super::*`\n   --> regex-syntax/src/lib.rs:202:9\n    |\n202 |     use super::*;\n    |         ^^^^^^^^\n\nerror[E0369]: binary operation `==` cannot be applied to type `Option<ast::visitor::ClassFrame<'_>>`\n   --> regex-syntax/src/ast/visitor.rs:574:5\n    |\n574 |     assert_eq!(result, None);\n    |     ^^^^^^^^^^^^^^^^^^^^^^^^\n    |     |\n    |     Option<ast::visitor::ClassFrame<'_>>\n    |     Option<ast::visitor::ClassFrame<'_>>\n    |\nnote: an implementation of `PartialEq` might be missing for `ast::visitor::ClassFrame<'_>`\n   --> regex-syntax/src/ast/visitor.rs:174:1\n    |\n174 | enum ClassFrame<'a> {\n    | ^^^^^^^^^^^^^^^^^^^ must implement `PartialEq`\n    = note: this error originates in the macro `assert_eq` (in Nightly builds, run with -Z macro-backtrace for more info)\nhelp: consider annotating `ast::visitor::ClassFrame<'_>` with `#[derive(PartialEq)]`\n    |\n174 + #[derive(PartialEq)]\n175 | enum ClassFrame<'a> {\n    |\n\nwarning: use of deprecated method `std::error::Error::description`: use the Display impl or to_string()\n  --> regex-syntax/src/error.rs:45:38\n   |\n45 |             Error::Parse(ref x) => x.description(),\n   |                                      ^^^^^^^^^^^\n   |\n   = note: `#[warn(deprecated)]` on by default\n\nwarning: use of deprecated method `std::error::Error::description`: use the Display impl or to_string()\n  --> regex-syntax/src/error.rs:46:42\n   |\n46 |             Error::Translate(ref x) => x.description(),\n   |                                          ^^^^^^^^^^^\n\nwarning: variable does not need to be mutable\n   --> regex-syntax/src/hir/literal/mod.rs:687:17\n    |\n687 |             let mut buf = &mut buf[..i];\n    |                 ----^^^\n    |                 |\n    |                 help: remove this `mut`\n    |\n    = note: `#[warn(unused_mut)]` on by default\n\nSome errors have detailed explanations: E0369, E0422, E0425, E0433.\nFor more information about an error, try `rustc --explain E0369`.\nwarning: `regex-syntax` (lib test) generated 18 warnings\nerror: could not compile `regex-syntax` (lib test) due to 13 previous errors; 18 warnings emitted\n"
                }
              ],
              "repaired": [
                false
              ]
            }
          ]
        }
      ]
    },
    {
      "chain_id": 5,
      "prompt_conds": [
        "// constraint: induct matches ClassFrame::Union { tail, .. } is true\n",
        "// constraint: induct matches ClassFrame::Union { tail, .. } is true\n",
        "// constraint: tail.is_empty() is false\n",
        "// may panic: tail[1..] may panic in certain situations\n",
        "// expected return value/type: Some(ClassFrame::Union {\n                        head: &tail[0],\n                        tail: &tail[1..],\n                    })\n"
      ],
      "input_infer": "",
      "answers": [
        {
          "uses": [],
          "has_test_mod": false,
          "common": [],
          "chain_tests": [
            {
              "attrs": [],
              "prefix": [],
              "oracles": [],
              "codes": [
                [
                  "{",
                  "    struct TestVisitor;",
                  "",
                  "    impl Visitor for TestVisitor {",
                  "        type Output = ();",
                  "        type Err = ();",
                  "",
                  "        // Implement the required methods for the Visitor trait here",
                  "    }",
                  "",
                  "    let item1 = ClassSetItem::Literal(Literal::new(\"a\"));",
                  "    let item2 = ClassSetItem::Literal(Literal::new(\"b\"));",
                  "",
                  "    let tail = vec![item2.clone()];",
                  "    let induct = ClassFrame::Union {",
                  "        head: &item1,",
                  "        tail: &tail,",
                  "    };",
                  "",
                  "    let visitor = &mut TestVisitor;",
                  "    let mut heap_visitor = HeapVisitor::new();",
                  "    let result = heap_visitor.pop_class(induct);",
                  "",
                  "    match result {",
                  "        Some(ClassFrame::Union { head, tail }) => {",
                  "            assert_eq!(head, &item1);",
                  "            assert_eq!(tail.len(), 1);",
                  "            assert_eq!(tail[0], item2);",
                  "        },",
                  "        _ => panic!(\"Expected Some(ClassFrame::Union)\"),",
                  "    }",
                  "}"
                ]
              ],
              "can_compile": [
                {
                  "Err": "warning: /home/abezbm/rust-utgen-test-crates-new/regex/Cargo.toml: no edition set: defaulting to the 2015 edition while the latest is 2021\nwarning: /home/abezbm/rust-utgen-test-crates-new/regex/regex-syntax/Cargo.toml: no edition set: defaulting to the 2015 edition while the latest is 2021\nwarning: /home/abezbm/rust-utgen-test-crates-new/regex/regex-capi/Cargo.toml: no edition set: defaulting to the 2015 edition while the latest is 2021\nwarning: /home/abezbm/rust-utgen-test-crates-new/regex/regex-debug/Cargo.toml: no edition set: defaulting to the 2015 edition while the latest is 2021\n   Compiling proc-macro2 v1.0.95\n   Compiling syn v1.0.109\n   Compiling quote v1.0.40\n   Compiling ntest_test_cases v0.9.3\n   Compiling ntest_timeout v0.9.3\n   Compiling ntest v0.9.3\n   Compiling regex-syntax v0.6.0 (/home/abezbm/rust-utgen-test-crates-new/regex/regex-syntax)\nerror[E0433]: failed to resolve: use of undeclared type `ClassSetItem`\n   --> regex-syntax/src/ast/visitor.rs:574:17\n    |\n574 |     let item1 = ClassSetItem::Literal(Literal::new(\"a\"));\n    |                 ^^^^^^^^^^^^ use of undeclared type `ClassSetItem`\n    |\nhelp: consider importing this enum\n    |\n560 +    use ast::ClassSetItem;\n    |\n\nerror[E0433]: failed to resolve: use of undeclared type `Literal`\n   --> regex-syntax/src/ast/visitor.rs:574:39\n    |\n574 |     let item1 = ClassSetItem::Literal(Literal::new(\"a\"));\n    |                                       ^^^^^^^ use of undeclared type `Literal`\n    |\nhelp: consider importing one of these items\n    |\n560 +    use ast::Literal;\n    |\n560 +    use hir::Literal;\n    |\n560 +    use hir::literal::Literal;\n    |\n\nerror[E0433]: failed to resolve: use of undeclared type `ClassSetItem`\n   --> regex-syntax/src/ast/visitor.rs:575:17\n    |\n575 |     let item2 = ClassSetItem::Literal(Literal::new(\"b\"));\n    |                 ^^^^^^^^^^^^ use of undeclared type `ClassSetItem`\n    |\nhelp: consider importing this enum\n    |\n560 +    use ast::ClassSetItem;\n    |\n\nerror[E0433]: failed to resolve: use of undeclared type `Literal`\n   --> regex-syntax/src/ast/visitor.rs:575:39\n    |\n575 |     let item2 = ClassSetItem::Literal(Literal::new(\"b\"));\n    |                                       ^^^^^^^ use of undeclared type `Literal`\n    |\nhelp: consider importing one of these items\n    |\n560 +    use ast::Literal;\n    |\n560 +    use hir::Literal;\n    |\n560 +    use hir::literal::Literal;\n    |\n\nwarning: `...` range patterns are deprecated\n    --> regex-syntax/src/ast/parse.rs:1445:16\n     |\n1445 |             '0'...'7' => {\n     |                ^^^ help: use `..=` for an inclusive range\n     |\n     = warning: this is accepted in the current edition (Rust 2015) but is a hard error in Rust 2021!\n     = note: for more information, see <https://doc.rust-lang.org/nightly/edition-guide/rust-2021/warnings-promoted-to-error.html>\n     = note: `#[warn(ellipsis_inclusive_range_patterns)]` on by default\n\nwarning: `...` range patterns are deprecated\n    --> regex-syntax/src/ast/parse.rs:1456:16\n     |\n1456 |             '8'...'9' if !self.parser().octal => {\n     |                ^^^ help: use `..=` for an inclusive range\n     |\n     = warning: this is accepted in the current edition (Rust 2015) but is a hard error in Rust 2021!\n     = note: for more information, see <https://doc.rust-lang.org/nightly/edition-guide/rust-2021/warnings-promoted-to-error.html>\n\nwarning: unused import: `Primitive`\n    --> regex-syntax/src/ast/parse.rs:2261:49\n     |\n2261 |     use super::{Parser, ParserI, ParserBuilder, Primitive};\n     |                                                 ^^^^^^^^^\n     |\n     = note: `#[warn(unused_imports)]` on by default\n\nwarning: unused macro definition: `assert_eq`\n    --> regex-syntax/src/ast/parse.rs:2265:18\n     |\n2265 |     macro_rules! assert_eq {\n     |                  ^^^^^^^^^\n     |\n     = note: `#[warn(unused_macros)]` on by default\n\nwarning: unused import: `ntest::timeout`\n   --> regex-syntax/src/ast/visitor.rs:561:8\n    |\n561 |    use ntest::timeout;\n    |        ^^^^^^^^^^^^^^\n\nwarning: unused import: `super::*`\n    --> regex-syntax/src/ast/mod.rs:1482:9\n     |\n1482 |     use super::*;\n     |         ^^^^^^^^\n\nwarning: unused import: `ast::parse::Parser`\n   --> regex-syntax/src/error.rs:288:9\n    |\n288 |     use ast::parse::Parser;\n    |         ^^^^^^^^^^^^^^^^^^\n\nwarning: unused import: `ParserBuilder`\n    --> regex-syntax/src/hir/literal/mod.rs:1004:9\n     |\n1004 |     use ParserBuilder;\n     |         ^^^^^^^^^^^^^\n\nwarning: unused imports: `Position` and `self`\n    --> regex-syntax/src/hir/translate.rs:1094:15\n     |\n1094 |     use ast::{self, Ast, Position, Span};\n     |               ^^^^       ^^^^^^^^\n\nwarning: unused import: `ascii_class`\n    --> regex-syntax/src/hir/translate.rs:1099:36\n     |\n1099 |     use super::{TranslatorBuilder, ascii_class};\n     |                                    ^^^^^^^^^^^\n\nwarning: unused imports: `contains_simple_case_mapping` and `simple_fold`\n   --> regex-syntax/src/unicode.rs:375:17\n    |\n375 |     use super::{contains_simple_case_mapping, simple_fold};\n    |                 ^^^^^^^^^^^^^^^^^^^^^^^^^^^^  ^^^^^^^^^^^\n\nwarning: `...` range patterns are deprecated\n   --> regex-syntax/src/lib.rs:195:21\n    |\n195 |         b'_' | b'0' ... b'9' | b'a' ... b'z' | b'A' ... b'Z'  => true,\n    |                     ^^^ help: use `..=` for an inclusive range\n    |\n    = warning: this is accepted in the current edition (Rust 2015) but is a hard error in Rust 2021!\n    = note: for more information, see <https://doc.rust-lang.org/nightly/edition-guide/rust-2021/warnings-promoted-to-error.html>\n\nwarning: `...` range patterns are deprecated\n   --> regex-syntax/src/lib.rs:195:37\n    |\n195 |         b'_' | b'0' ... b'9' | b'a' ... b'z' | b'A' ... b'Z'  => true,\n    |                                     ^^^ help: use `..=` for an inclusive range\n    |\n    = warning: this is accepted in the current edition (Rust 2015) but is a hard error in Rust 2021!\n    = note: for more information, see <https://doc.rust-lang.org/nightly/edition-guide/rust-2021/warnings-promoted-to-error.html>\n\nwarning: `...` range patterns are deprecated\n   --> regex-syntax/src/lib.rs:195:53\n    |\n195 |         b'_' | b'0' ... b'9' | b'a' ... b'z' | b'A' ... b'Z'  => true,\n    |                                                     ^^^ help: use `..=` for an inclusive range\n    |\n    = warning: this is accepted in the current edition (Rust 2015) but is a hard error in Rust 2021!\n    = note: for more information, see <https://doc.rust-lang.org/nightly/edition-guide/rust-2021/warnings-promoted-to-error.html>\n\nwarning: unused import: `super::*`\n   --> regex-syntax/src/lib.rs:202:9\n    |\n202 |     use super::*;\n    |         ^^^^^^^^\n\nerror[E0046]: not all trait items implemented, missing: `finish`\n   --> regex-syntax/src/ast/visitor.rs:567:5\n    |\n41  |     fn finish(self) -> Result<Self::Output, Self::Err>;\n    |     --------------------------------------------------- `finish` from trait\n...\n567 |     impl Visitor for TestVisitor {\n    |     ^^^^^^^^^^^^^^^^^^^^^^^^^^^^ missing `finish` in implementation\n\nwarning: use of deprecated method `std::error::Error::description`: use the Display impl or to_string()\n  --> regex-syntax/src/error.rs:45:38\n   |\n45 |             Error::Parse(ref x) => x.description(),\n   |                                      ^^^^^^^^^^^\n   |\n   = note: `#[warn(deprecated)]` on by default\n\nwarning: use of deprecated method `std::error::Error::description`: use the Display impl or to_string()\n  --> regex-syntax/src/error.rs:46:42\n   |\n46 |             Error::Translate(ref x) => x.description(),\n   |                                          ^^^^^^^^^^^\n\nwarning: variable does not need to be mutable\n   --> regex-syntax/src/hir/literal/mod.rs:687:17\n    |\n687 |             let mut buf = &mut buf[..i];\n    |                 ----^^^\n    |                 |\n    |                 help: remove this `mut`\n    |\n    = note: `#[warn(unused_mut)]` on by default\n\nSome errors have detailed explanations: E0046, E0433.\nFor more information about an error, try `rustc --explain E0046`.\nwarning: `regex-syntax` (lib test) generated 18 warnings\nerror: could not compile `regex-syntax` (lib test) due to 5 previous errors; 18 warnings emitted\n"
                }
              ],
              "repaired": [
                false
              ]
            },
            {
              "attrs": [],
              "prefix": [],
              "oracles": [],
              "codes": [
                [
                  "{",
                  "    struct TestVisitor;",
                  "",
                  "    impl Visitor for TestVisitor {",
                  "        type Output = ();",
                  "        type Err = ();",
                  "",
                  "        // Implement the required methods for the Visitor trait here",
                  "    }",
                  "",
                  "    let item = ClassSetItem::Literal(Literal::new(\"a\"));",
                  "    let tail: Vec<ClassSetItem> = vec![];",
                  "    let induct = ClassFrame::Union {",
                  "        head: &item,",
                  "        tail: &tail,",
                  "    };",
                  "",
                  "    let visitor = &mut TestVisitor;",
                  "    let mut heap_visitor = HeapVisitor::new();",
                  "    let result = heap_visitor.pop_class(induct);",
                  "",
                  "    assert!(result.is_none(), \"Expected None when tail is empty\");",
                  "}"
                ]
              ],
              "can_compile": [
                {
                  "Err": "warning: /home/abezbm/rust-utgen-test-crates-new/regex/regex-syntax/Cargo.toml: no edition set: defaulting to the 2015 edition while the latest is 2021\nwarning: /home/abezbm/rust-utgen-test-crates-new/regex/Cargo.toml: no edition set: defaulting to the 2015 edition while the latest is 2021\nwarning: /home/abezbm/rust-utgen-test-crates-new/regex/regex-debug/Cargo.toml: no edition set: defaulting to the 2015 edition while the latest is 2021\nwarning: /home/abezbm/rust-utgen-test-crates-new/regex/regex-capi/Cargo.toml: no edition set: defaulting to the 2015 edition while the latest is 2021\n   Compiling proc-macro2 v1.0.95\n   Compiling syn v1.0.109\n   Compiling quote v1.0.40\n   Compiling ntest_timeout v0.9.3\n   Compiling ntest_test_cases v0.9.3\n   Compiling ntest v0.9.3\n   Compiling regex-syntax v0.6.0 (/home/abezbm/rust-utgen-test-crates-new/regex/regex-syntax)\nerror[E0433]: failed to resolve: use of undeclared type `ClassSetItem`\n   --> regex-syntax/src/ast/visitor.rs:574:16\n    |\n574 |     let item = ClassSetItem::Literal(Literal::new(\"a\"));\n    |                ^^^^^^^^^^^^ use of undeclared type `ClassSetItem`\n    |\nhelp: consider importing this enum\n    |\n560 +    use ast::ClassSetItem;\n    |\n\nerror[E0433]: failed to resolve: use of undeclared type `Literal`\n   --> regex-syntax/src/ast/visitor.rs:574:38\n    |\n574 |     let item = ClassSetItem::Literal(Literal::new(\"a\"));\n    |                                      ^^^^^^^ use of undeclared type `Literal`\n    |\nhelp: consider importing one of these items\n    |\n560 +    use ast::Literal;\n    |\n560 +    use hir::Literal;\n    |\n560 +    use hir::literal::Literal;\n    |\n\nerror[E0412]: cannot find type `ClassSetItem` in this scope\n   --> regex-syntax/src/ast/visitor.rs:575:19\n    |\n575 |     let tail: Vec<ClassSetItem> = vec![];\n    |                   ^^^^^^^^^^^^ not found in this scope\n    |\nhelp: consider importing this enum\n    |\n560 +    use ast::ClassSetItem;\n    |\n\nwarning: `...` range patterns are deprecated\n    --> regex-syntax/src/ast/parse.rs:1445:16\n     |\n1445 |             '0'...'7' => {\n     |                ^^^ help: use `..=` for an inclusive range\n     |\n     = warning: this is accepted in the current edition (Rust 2015) but is a hard error in Rust 2021!\n     = note: for more information, see <https://doc.rust-lang.org/nightly/edition-guide/rust-2021/warnings-promoted-to-error.html>\n     = note: `#[warn(ellipsis_inclusive_range_patterns)]` on by default\n\nwarning: `...` range patterns are deprecated\n    --> regex-syntax/src/ast/parse.rs:1456:16\n     |\n1456 |             '8'...'9' if !self.parser().octal => {\n     |                ^^^ help: use `..=` for an inclusive range\n     |\n     = warning: this is accepted in the current edition (Rust 2015) but is a hard error in Rust 2021!\n     = note: for more information, see <https://doc.rust-lang.org/nightly/edition-guide/rust-2021/warnings-promoted-to-error.html>\n\nwarning: unused import: `Primitive`\n    --> regex-syntax/src/ast/parse.rs:2261:49\n     |\n2261 |     use super::{Parser, ParserI, ParserBuilder, Primitive};\n     |                                                 ^^^^^^^^^\n     |\n     = note: `#[warn(unused_imports)]` on by default\n\nwarning: unused macro definition: `assert_eq`\n    --> regex-syntax/src/ast/parse.rs:2265:18\n     |\n2265 |     macro_rules! assert_eq {\n     |                  ^^^^^^^^^\n     |\n     = note: `#[warn(unused_macros)]` on by default\n\nwarning: unused import: `ntest::timeout`\n   --> regex-syntax/src/ast/visitor.rs:561:8\n    |\n561 |    use ntest::timeout;\n    |        ^^^^^^^^^^^^^^\n\nwarning: unused import: `super::*`\n    --> regex-syntax/src/ast/mod.rs:1482:9\n     |\n1482 |     use super::*;\n     |         ^^^^^^^^\n\nwarning: unused import: `ast::parse::Parser`\n   --> regex-syntax/src/error.rs:288:9\n    |\n288 |     use ast::parse::Parser;\n    |         ^^^^^^^^^^^^^^^^^^\n\nwarning: unused import: `ParserBuilder`\n    --> regex-syntax/src/hir/literal/mod.rs:1004:9\n     |\n1004 |     use ParserBuilder;\n     |         ^^^^^^^^^^^^^\n\nwarning: unused imports: `Position` and `self`\n    --> regex-syntax/src/hir/translate.rs:1094:15\n     |\n1094 |     use ast::{self, Ast, Position, Span};\n     |               ^^^^       ^^^^^^^^\n\nwarning: unused import: `ascii_class`\n    --> regex-syntax/src/hir/translate.rs:1099:36\n     |\n1099 |     use super::{TranslatorBuilder, ascii_class};\n     |                                    ^^^^^^^^^^^\n\nwarning: unused imports: `contains_simple_case_mapping` and `simple_fold`\n   --> regex-syntax/src/unicode.rs:375:17\n    |\n375 |     use super::{contains_simple_case_mapping, simple_fold};\n    |                 ^^^^^^^^^^^^^^^^^^^^^^^^^^^^  ^^^^^^^^^^^\n\nwarning: `...` range patterns are deprecated\n   --> regex-syntax/src/lib.rs:195:21\n    |\n195 |         b'_' | b'0' ... b'9' | b'a' ... b'z' | b'A' ... b'Z'  => true,\n    |                     ^^^ help: use `..=` for an inclusive range\n    |\n    = warning: this is accepted in the current edition (Rust 2015) but is a hard error in Rust 2021!\n    = note: for more information, see <https://doc.rust-lang.org/nightly/edition-guide/rust-2021/warnings-promoted-to-error.html>\n\nwarning: `...` range patterns are deprecated\n   --> regex-syntax/src/lib.rs:195:37\n    |\n195 |         b'_' | b'0' ... b'9' | b'a' ... b'z' | b'A' ... b'Z'  => true,\n    |                                     ^^^ help: use `..=` for an inclusive range\n    |\n    = warning: this is accepted in the current edition (Rust 2015) but is a hard error in Rust 2021!\n    = note: for more information, see <https://doc.rust-lang.org/nightly/edition-guide/rust-2021/warnings-promoted-to-error.html>\n\nwarning: `...` range patterns are deprecated\n   --> regex-syntax/src/lib.rs:195:53\n    |\n195 |         b'_' | b'0' ... b'9' | b'a' ... b'z' | b'A' ... b'Z'  => true,\n    |                                                     ^^^ help: use `..=` for an inclusive range\n    |\n    = warning: this is accepted in the current edition (Rust 2015) but is a hard error in Rust 2021!\n    = note: for more information, see <https://doc.rust-lang.org/nightly/edition-guide/rust-2021/warnings-promoted-to-error.html>\n\nwarning: unused import: `super::*`\n   --> regex-syntax/src/lib.rs:202:9\n    |\n202 |     use super::*;\n    |         ^^^^^^^^\n\nerror[E0046]: not all trait items implemented, missing: `finish`\n   --> regex-syntax/src/ast/visitor.rs:567:5\n    |\n41  |     fn finish(self) -> Result<Self::Output, Self::Err>;\n    |     --------------------------------------------------- `finish` from trait\n...\n567 |     impl Visitor for TestVisitor {\n    |     ^^^^^^^^^^^^^^^^^^^^^^^^^^^^ missing `finish` in implementation\n\nwarning: use of deprecated method `std::error::Error::description`: use the Display impl or to_string()\n  --> regex-syntax/src/error.rs:45:38\n   |\n45 |             Error::Parse(ref x) => x.description(),\n   |                                      ^^^^^^^^^^^\n   |\n   = note: `#[warn(deprecated)]` on by default\n\nwarning: use of deprecated method `std::error::Error::description`: use the Display impl or to_string()\n  --> regex-syntax/src/error.rs:46:42\n   |\n46 |             Error::Translate(ref x) => x.description(),\n   |                                          ^^^^^^^^^^^\n\nwarning: variable does not need to be mutable\n   --> regex-syntax/src/hir/literal/mod.rs:687:17\n    |\n687 |             let mut buf = &mut buf[..i];\n    |                 ----^^^\n    |                 |\n    |                 help: remove this `mut`\n    |\n    = note: `#[warn(unused_mut)]` on by default\n\nSome errors have detailed explanations: E0046, E0412, E0433.\nFor more information about an error, try `rustc --explain E0046`.\nwarning: `regex-syntax` (lib test) generated 18 warnings\nerror: could not compile `regex-syntax` (lib test) due to 4 previous errors; 18 warnings emitted\n"
                }
              ],
              "repaired": [
                false
              ]
            },
            {
              "attrs": [],
              "prefix": [],
              "oracles": [],
              "codes": [
                [
                  "{",
                  "    struct TestVisitor;",
                  "",
                  "    impl Visitor for TestVisitor {",
                  "        type Output = ();",
                  "        type Err = ();",
                  "",
                  "        // Implement the required methods for the Visitor trait here",
                  "    }",
                  "",
                  "    let op = ClassSetBinaryOp {",
                  "        span: Span::new(0, 1),",
                  "        kind: ClassSetBinaryOpKind::Union,",
                  "        lhs: Box::new(ClassSet::Item(ClassSetItem::Literal(Literal::new(\"a\")))),",
                  "        rhs: Box::new(ClassSet::Item(ClassSetItem::Literal(Literal::new(\"b\")))),",
                  "    };",
                  "",
                  "    let induct = ClassFrame::BinaryLHS {",
                  "        op: &op,",
                  "        lhs: &ClassSet::Item(ClassSetItem::Literal(Literal::new(\"a\"))),",
                  "        rhs: &ClassSet::Item(ClassSetItem::Literal(Literal::new(\"b\"))),",
                  "    };",
                  "",
                  "    let visitor = &mut TestVisitor;",
                  "    let mut heap_visitor = HeapVisitor::new();",
                  "    let result = heap_visitor.pop_class(induct);",
                  "",
                  "    match result {",
                  "        Some(ClassFrame::BinaryRHS { op: _, rhs }) => {",
                  "            assert_eq!(rhs, &ClassSet::Item(ClassSetItem::Literal(Literal::new(\"b\"))));",
                  "        },",
                  "        _ => panic!(\"Expected Some(ClassFrame::BinaryRHS)\"),",
                  "    }",
                  "}"
                ]
              ],
              "can_compile": [
                {
                  "Err": "warning: /home/abezbm/rust-utgen-test-crates-new/regex/regex-syntax/Cargo.toml: no edition set: defaulting to the 2015 edition while the latest is 2021\nwarning: /home/abezbm/rust-utgen-test-crates-new/regex/Cargo.toml: no edition set: defaulting to the 2015 edition while the latest is 2021\nwarning: /home/abezbm/rust-utgen-test-crates-new/regex/regex-capi/Cargo.toml: no edition set: defaulting to the 2015 edition while the latest is 2021\nwarning: /home/abezbm/rust-utgen-test-crates-new/regex/regex-debug/Cargo.toml: no edition set: defaulting to the 2015 edition while the latest is 2021\n   Compiling proc-macro2 v1.0.95\n   Compiling syn v1.0.109\n   Compiling quote v1.0.40\n   Compiling ntest_timeout v0.9.3\n   Compiling ntest_test_cases v0.9.3\n   Compiling ntest v0.9.3\n   Compiling regex-syntax v0.6.0 (/home/abezbm/rust-utgen-test-crates-new/regex/regex-syntax)\nerror[E0422]: cannot find struct, variant or union type `ClassSetBinaryOp` in this scope\n   --> regex-syntax/src/ast/visitor.rs:574:14\n    |\n574 |     let op = ClassSetBinaryOp {\n    |              ^^^^^^^^^^^^^^^^ not found in this scope\n    |\nhelp: consider importing this struct\n    |\n560 +    use ast::ClassSetBinaryOp;\n    |\n\nerror[E0433]: failed to resolve: use of undeclared type `Span`\n   --> regex-syntax/src/ast/visitor.rs:575:15\n    |\n575 |         span: Span::new(0, 1),\n    |               ^^^^ use of undeclared type `Span`\n    |\nhelp: consider importing this struct\n    |\n560 +    use ast::Span;\n    |\n\nerror[E0433]: failed to resolve: use of undeclared type `ClassSetBinaryOpKind`\n   --> regex-syntax/src/ast/visitor.rs:576:15\n    |\n576 |         kind: ClassSetBinaryOpKind::Union,\n    |               ^^^^^^^^^^^^^^^^^^^^ use of undeclared type `ClassSetBinaryOpKind`\n    |\nhelp: consider importing this enum\n    |\n560 +    use ast::ClassSetBinaryOpKind;\n    |\n\nerror[E0433]: failed to resolve: use of undeclared type `ClassSet`\n   --> regex-syntax/src/ast/visitor.rs:577:23\n    |\n577 |         lhs: Box::new(ClassSet::Item(ClassSetItem::Literal(Literal::new(\"a\")))),\n    |                       ^^^^^^^^ use of undeclared type `ClassSet`\n    |\nhelp: consider importing this enum\n    |\n560 +    use ast::ClassSet;\n    |\n\nerror[E0433]: failed to resolve: use of undeclared type `ClassSetItem`\n   --> regex-syntax/src/ast/visitor.rs:577:38\n    |\n577 |         lhs: Box::new(ClassSet::Item(ClassSetItem::Literal(Literal::new(\"a\")))),\n    |                                      ^^^^^^^^^^^^ use of undeclared type `ClassSetItem`\n    |\nhelp: consider importing this enum\n    |\n560 +    use ast::ClassSetItem;\n    |\n\nerror[E0433]: failed to resolve: use of undeclared type `Literal`\n   --> regex-syntax/src/ast/visitor.rs:577:60\n    |\n577 |         lhs: Box::new(ClassSet::Item(ClassSetItem::Literal(Literal::new(\"a\")))),\n    |                                                            ^^^^^^^ use of undeclared type `Literal`\n    |\nhelp: consider importing one of these items\n    |\n560 +    use ast::Literal;\n    |\n560 +    use hir::Literal;\n    |\n560 +    use hir::literal::Literal;\n    |\n\nerror[E0433]: failed to resolve: use of undeclared type `ClassSet`\n   --> regex-syntax/src/ast/visitor.rs:578:23\n    |\n578 |         rhs: Box::new(ClassSet::Item(ClassSetItem::Literal(Literal::new(\"b\")))),\n    |                       ^^^^^^^^ use of undeclared type `ClassSet`\n    |\nhelp: consider importing this enum\n    |\n560 +    use ast::ClassSet;\n    |\n\nerror[E0433]: failed to resolve: use of undeclared type `ClassSetItem`\n   --> regex-syntax/src/ast/visitor.rs:578:38\n    |\n578 |         rhs: Box::new(ClassSet::Item(ClassSetItem::Literal(Literal::new(\"b\")))),\n    |                                      ^^^^^^^^^^^^ use of undeclared type `ClassSetItem`\n    |\nhelp: consider importing this enum\n    |\n560 +    use ast::ClassSetItem;\n    |\n\nerror[E0433]: failed to resolve: use of undeclared type `Literal`\n   --> regex-syntax/src/ast/visitor.rs:578:60\n    |\n578 |         rhs: Box::new(ClassSet::Item(ClassSetItem::Literal(Literal::new(\"b\")))),\n    |                                                            ^^^^^^^ use of undeclared type `Literal`\n    |\nhelp: consider importing one of these items\n    |\n560 +    use ast::Literal;\n    |\n560 +    use hir::Literal;\n    |\n560 +    use hir::literal::Literal;\n    |\n\nerror[E0433]: failed to resolve: use of undeclared type `ClassSet`\n   --> regex-syntax/src/ast/visitor.rs:583:15\n    |\n583 |         lhs: &ClassSet::Item(ClassSetItem::Literal(Literal::new(\"a\"))),\n    |               ^^^^^^^^ use of undeclared type `ClassSet`\n    |\nhelp: consider importing this enum\n    |\n560 +    use ast::ClassSet;\n    |\n\nerror[E0433]: failed to resolve: use of undeclared type `ClassSetItem`\n   --> regex-syntax/src/ast/visitor.rs:583:30\n    |\n583 |         lhs: &ClassSet::Item(ClassSetItem::Literal(Literal::new(\"a\"))),\n    |                              ^^^^^^^^^^^^ use of undeclared type `ClassSetItem`\n    |\nhelp: consider importing this enum\n    |\n560 +    use ast::ClassSetItem;\n    |\n\nerror[E0433]: failed to resolve: use of undeclared type `Literal`\n   --> regex-syntax/src/ast/visitor.rs:583:52\n    |\n583 |         lhs: &ClassSet::Item(ClassSetItem::Literal(Literal::new(\"a\"))),\n    |                                                    ^^^^^^^ use of undeclared type `Literal`\n    |\nhelp: consider importing one of these items\n    |\n560 +    use ast::Literal;\n    |\n560 +    use hir::Literal;\n    |\n560 +    use hir::literal::Literal;\n    |\n\nerror[E0433]: failed to resolve: use of undeclared type `ClassSet`\n   --> regex-syntax/src/ast/visitor.rs:584:15\n    |\n584 |         rhs: &ClassSet::Item(ClassSetItem::Literal(Literal::new(\"b\"))),\n    |               ^^^^^^^^ use of undeclared type `ClassSet`\n    |\nhelp: consider importing this enum\n    |\n560 +    use ast::ClassSet;\n    |\n\nerror[E0433]: failed to resolve: use of undeclared type `ClassSetItem`\n   --> regex-syntax/src/ast/visitor.rs:584:30\n    |\n584 |         rhs: &ClassSet::Item(ClassSetItem::Literal(Literal::new(\"b\"))),\n    |                              ^^^^^^^^^^^^ use of undeclared type `ClassSetItem`\n    |\nhelp: consider importing this enum\n    |\n560 +    use ast::ClassSetItem;\n    |\n\nerror[E0433]: failed to resolve: use of undeclared type `Literal`\n   --> regex-syntax/src/ast/visitor.rs:584:52\n    |\n584 |         rhs: &ClassSet::Item(ClassSetItem::Literal(Literal::new(\"b\"))),\n    |                                                    ^^^^^^^ use of undeclared type `Literal`\n    |\nhelp: consider importing one of these items\n    |\n560 +    use ast::Literal;\n    |\n560 +    use hir::Literal;\n    |\n560 +    use hir::literal::Literal;\n    |\n\nerror[E0433]: failed to resolve: use of undeclared type `ClassSet`\n   --> regex-syntax/src/ast/visitor.rs:593:30\n    |\n593 |             assert_eq!(rhs, &ClassSet::Item(ClassSetItem::Literal(Literal::new(\"b\"))));\n    |                              ^^^^^^^^ use of undeclared type `ClassSet`\n    |\nhelp: consider importing this enum\n    |\n560 +    use ast::ClassSet;\n    |\n\nerror[E0433]: failed to resolve: use of undeclared type `ClassSetItem`\n   --> regex-syntax/src/ast/visitor.rs:593:45\n    |\n593 |             assert_eq!(rhs, &ClassSet::Item(ClassSetItem::Literal(Literal::new(\"b\"))));\n    |                                             ^^^^^^^^^^^^ use of undeclared type `ClassSetItem`\n    |\nhelp: consider importing this enum\n    |\n560 +    use ast::ClassSetItem;\n    |\n\nerror[E0433]: failed to resolve: use of undeclared type `Literal`\n   --> regex-syntax/src/ast/visitor.rs:593:67\n    |\n593 |             assert_eq!(rhs, &ClassSet::Item(ClassSetItem::Literal(Literal::new(\"b\"))));\n    |                                                                   ^^^^^^^ use of undeclared type `Literal`\n    |\nhelp: consider importing one of these items\n    |\n560 +    use ast::Literal;\n    |\n560 +    use hir::Literal;\n    |\n560 +    use hir::literal::Literal;\n    |\n\nwarning: `...` range patterns are deprecated\n    --> regex-syntax/src/ast/parse.rs:1445:16\n     |\n1445 |             '0'...'7' => {\n     |                ^^^ help: use `..=` for an inclusive range\n     |\n     = warning: this is accepted in the current edition (Rust 2015) but is a hard error in Rust 2021!\n     = note: for more information, see <https://doc.rust-lang.org/nightly/edition-guide/rust-2021/warnings-promoted-to-error.html>\n     = note: `#[warn(ellipsis_inclusive_range_patterns)]` on by default\n\nwarning: `...` range patterns are deprecated\n    --> regex-syntax/src/ast/parse.rs:1456:16\n     |\n1456 |             '8'...'9' if !self.parser().octal => {\n     |                ^^^ help: use `..=` for an inclusive range\n     |\n     = warning: this is accepted in the current edition (Rust 2015) but is a hard error in Rust 2021!\n     = note: for more information, see <https://doc.rust-lang.org/nightly/edition-guide/rust-2021/warnings-promoted-to-error.html>\n\nwarning: unused import: `Primitive`\n    --> regex-syntax/src/ast/parse.rs:2261:49\n     |\n2261 |     use super::{Parser, ParserI, ParserBuilder, Primitive};\n     |                                                 ^^^^^^^^^\n     |\n     = note: `#[warn(unused_imports)]` on by default\n\nwarning: unused macro definition: `assert_eq`\n    --> regex-syntax/src/ast/parse.rs:2265:18\n     |\n2265 |     macro_rules! assert_eq {\n     |                  ^^^^^^^^^\n     |\n     = note: `#[warn(unused_macros)]` on by default\n\nwarning: unused import: `ntest::timeout`\n   --> regex-syntax/src/ast/visitor.rs:561:8\n    |\n561 |    use ntest::timeout;\n    |        ^^^^^^^^^^^^^^\n\nwarning: unused import: `super::*`\n    --> regex-syntax/src/ast/mod.rs:1482:9\n     |\n1482 |     use super::*;\n     |         ^^^^^^^^\n\nwarning: unused import: `ast::parse::Parser`\n   --> regex-syntax/src/error.rs:288:9\n    |\n288 |     use ast::parse::Parser;\n    |         ^^^^^^^^^^^^^^^^^^\n\nwarning: unused import: `ParserBuilder`\n    --> regex-syntax/src/hir/literal/mod.rs:1004:9\n     |\n1004 |     use ParserBuilder;\n     |         ^^^^^^^^^^^^^\n\nwarning: unused imports: `Position` and `self`\n    --> regex-syntax/src/hir/translate.rs:1094:15\n     |\n1094 |     use ast::{self, Ast, Position, Span};\n     |               ^^^^       ^^^^^^^^\n\nwarning: unused import: `ascii_class`\n    --> regex-syntax/src/hir/translate.rs:1099:36\n     |\n1099 |     use super::{TranslatorBuilder, ascii_class};\n     |                                    ^^^^^^^^^^^\n\nwarning: unused imports: `contains_simple_case_mapping` and `simple_fold`\n   --> regex-syntax/src/unicode.rs:375:17\n    |\n375 |     use super::{contains_simple_case_mapping, simple_fold};\n    |                 ^^^^^^^^^^^^^^^^^^^^^^^^^^^^  ^^^^^^^^^^^\n\nwarning: `...` range patterns are deprecated\n   --> regex-syntax/src/lib.rs:195:21\n    |\n195 |         b'_' | b'0' ... b'9' | b'a' ... b'z' | b'A' ... b'Z'  => true,\n    |                     ^^^ help: use `..=` for an inclusive range\n    |\n    = warning: this is accepted in the current edition (Rust 2015) but is a hard error in Rust 2021!\n    = note: for more information, see <https://doc.rust-lang.org/nightly/edition-guide/rust-2021/warnings-promoted-to-error.html>\n\nwarning: `...` range patterns are deprecated\n   --> regex-syntax/src/lib.rs:195:37\n    |\n195 |         b'_' | b'0' ... b'9' | b'a' ... b'z' | b'A' ... b'Z'  => true,\n    |                                     ^^^ help: use `..=` for an inclusive range\n    |\n    = warning: this is accepted in the current edition (Rust 2015) but is a hard error in Rust 2021!\n    = note: for more information, see <https://doc.rust-lang.org/nightly/edition-guide/rust-2021/warnings-promoted-to-error.html>\n\nwarning: `...` range patterns are deprecated\n   --> regex-syntax/src/lib.rs:195:53\n    |\n195 |         b'_' | b'0' ... b'9' | b'a' ... b'z' | b'A' ... b'Z'  => true,\n    |                                                     ^^^ help: use `..=` for an inclusive range\n    |\n    = warning: this is accepted in the current edition (Rust 2015) but is a hard error in Rust 2021!\n    = note: for more information, see <https://doc.rust-lang.org/nightly/edition-guide/rust-2021/warnings-promoted-to-error.html>\n\nwarning: unused import: `super::*`\n   --> regex-syntax/src/lib.rs:202:9\n    |\n202 |     use super::*;\n    |         ^^^^^^^^\n\nerror[E0046]: not all trait items implemented, missing: `finish`\n   --> regex-syntax/src/ast/visitor.rs:567:5\n    |\n41  |     fn finish(self) -> Result<Self::Output, Self::Err>;\n    |     --------------------------------------------------- `finish` from trait\n...\n567 |     impl Visitor for TestVisitor {\n    |     ^^^^^^^^^^^^^^^^^^^^^^^^^^^^ missing `finish` in implementation\n\nwarning: use of deprecated method `std::error::Error::description`: use the Display impl or to_string()\n  --> regex-syntax/src/error.rs:45:38\n   |\n45 |             Error::Parse(ref x) => x.description(),\n   |                                      ^^^^^^^^^^^\n   |\n   = note: `#[warn(deprecated)]` on by default\n\nwarning: use of deprecated method `std::error::Error::description`: use the Display impl or to_string()\n  --> regex-syntax/src/error.rs:46:42\n   |\n46 |             Error::Translate(ref x) => x.description(),\n   |                                          ^^^^^^^^^^^\n\nwarning: variable does not need to be mutable\n   --> regex-syntax/src/hir/literal/mod.rs:687:17\n    |\n687 |             let mut buf = &mut buf[..i];\n    |                 ----^^^\n    |                 |\n    |                 help: remove this `mut`\n    |\n    = note: `#[warn(unused_mut)]` on by default\n\nSome errors have detailed explanations: E0046, E0422, E0433.\nFor more information about an error, try `rustc --explain E0046`.\nwarning: `regex-syntax` (lib test) generated 18 warnings\nerror: could not compile `regex-syntax` (lib test) due to 19 previous errors; 18 warnings emitted\n"
                }
              ],
              "repaired": [
                false
              ]
            },
            {
              "attrs": [],
              "prefix": [],
              "oracles": [],
              "codes": [
                [
                  "{",
                  "    struct TestVisitor;",
                  "",
                  "    impl Visitor for TestVisitor {",
                  "        type Output = ();",
                  "        type Err = ();",
                  "",
                  "        // Implement the required methods for the Visitor trait here",
                  "    }",
                  "",
                  "    let op = ClassSetBinaryOp {",
                  "        span: Span::new(0, 1),",
                  "        kind: ClassSetBinaryOpKind::Union,",
                  "        lhs: Box::new(ClassSet::Item(ClassSetItem::Literal(Literal::new(\"a\")))),",
                  "        rhs: Box::new(ClassSet::Item(ClassSetItem::Literal(Literal::new(\"b\")))),",
                  "    };",
                  "",
                  "    let induct = ClassFrame::BinaryRHS {",
                  "        op: &op,",
                  "        rhs: &ClassSet::Item(ClassSetItem::Literal(Literal::new(\"b\"))),",
                  "    };",
                  "",
                  "    let visitor = &mut TestVisitor;",
                  "    let mut heap_visitor = HeapVisitor::new();",
                  "    let result = heap_visitor.pop_class(induct);",
                  "",
                  "    assert!(result.is_none(), \"Expected None for BinaryRHS\");",
                  "}"
                ]
              ],
              "can_compile": [
                {
                  "Err": "warning: /home/abezbm/rust-utgen-test-crates-new/regex/regex-debug/Cargo.toml: no edition set: defaulting to the 2015 edition while the latest is 2021\nwarning: /home/abezbm/rust-utgen-test-crates-new/regex/Cargo.toml: no edition set: defaulting to the 2015 edition while the latest is 2021\nwarning: /home/abezbm/rust-utgen-test-crates-new/regex/regex-syntax/Cargo.toml: no edition set: defaulting to the 2015 edition while the latest is 2021\nwarning: /home/abezbm/rust-utgen-test-crates-new/regex/regex-capi/Cargo.toml: no edition set: defaulting to the 2015 edition while the latest is 2021\n   Compiling proc-macro2 v1.0.95\n   Compiling syn v1.0.109\n   Compiling quote v1.0.40\n   Compiling ntest_test_cases v0.9.3\n   Compiling ntest_timeout v0.9.3\n   Compiling ntest v0.9.3\n   Compiling regex-syntax v0.6.0 (/home/abezbm/rust-utgen-test-crates-new/regex/regex-syntax)\nerror[E0422]: cannot find struct, variant or union type `ClassSetBinaryOp` in this scope\n   --> regex-syntax/src/ast/visitor.rs:574:14\n    |\n574 |     let op = ClassSetBinaryOp {\n    |              ^^^^^^^^^^^^^^^^ not found in this scope\n    |\nhelp: consider importing this struct\n    |\n560 +    use ast::ClassSetBinaryOp;\n    |\n\nerror[E0433]: failed to resolve: use of undeclared type `Span`\n   --> regex-syntax/src/ast/visitor.rs:575:15\n    |\n575 |         span: Span::new(0, 1),\n    |               ^^^^ use of undeclared type `Span`\n    |\nhelp: consider importing this struct\n    |\n560 +    use ast::Span;\n    |\n\nerror[E0433]: failed to resolve: use of undeclared type `ClassSetBinaryOpKind`\n   --> regex-syntax/src/ast/visitor.rs:576:15\n    |\n576 |         kind: ClassSetBinaryOpKind::Union,\n    |               ^^^^^^^^^^^^^^^^^^^^ use of undeclared type `ClassSetBinaryOpKind`\n    |\nhelp: consider importing this enum\n    |\n560 +    use ast::ClassSetBinaryOpKind;\n    |\n\nerror[E0433]: failed to resolve: use of undeclared type `ClassSet`\n   --> regex-syntax/src/ast/visitor.rs:577:23\n    |\n577 |         lhs: Box::new(ClassSet::Item(ClassSetItem::Literal(Literal::new(\"a\")))),\n    |                       ^^^^^^^^ use of undeclared type `ClassSet`\n    |\nhelp: consider importing this enum\n    |\n560 +    use ast::ClassSet;\n    |\n\nerror[E0433]: failed to resolve: use of undeclared type `ClassSetItem`\n   --> regex-syntax/src/ast/visitor.rs:577:38\n    |\n577 |         lhs: Box::new(ClassSet::Item(ClassSetItem::Literal(Literal::new(\"a\")))),\n    |                                      ^^^^^^^^^^^^ use of undeclared type `ClassSetItem`\n    |\nhelp: consider importing this enum\n    |\n560 +    use ast::ClassSetItem;\n    |\n\nerror[E0433]: failed to resolve: use of undeclared type `Literal`\n   --> regex-syntax/src/ast/visitor.rs:577:60\n    |\n577 |         lhs: Box::new(ClassSet::Item(ClassSetItem::Literal(Literal::new(\"a\")))),\n    |                                                            ^^^^^^^ use of undeclared type `Literal`\n    |\nhelp: consider importing one of these items\n    |\n560 +    use ast::Literal;\n    |\n560 +    use hir::Literal;\n    |\n560 +    use hir::literal::Literal;\n    |\n\nerror[E0433]: failed to resolve: use of undeclared type `ClassSet`\n   --> regex-syntax/src/ast/visitor.rs:578:23\n    |\n578 |         rhs: Box::new(ClassSet::Item(ClassSetItem::Literal(Literal::new(\"b\")))),\n    |                       ^^^^^^^^ use of undeclared type `ClassSet`\n    |\nhelp: consider importing this enum\n    |\n560 +    use ast::ClassSet;\n    |\n\nerror[E0433]: failed to resolve: use of undeclared type `ClassSetItem`\n   --> regex-syntax/src/ast/visitor.rs:578:38\n    |\n578 |         rhs: Box::new(ClassSet::Item(ClassSetItem::Literal(Literal::new(\"b\")))),\n    |                                      ^^^^^^^^^^^^ use of undeclared type `ClassSetItem`\n    |\nhelp: consider importing this enum\n    |\n560 +    use ast::ClassSetItem;\n    |\n\nerror[E0433]: failed to resolve: use of undeclared type `Literal`\n   --> regex-syntax/src/ast/visitor.rs:578:60\n    |\n578 |         rhs: Box::new(ClassSet::Item(ClassSetItem::Literal(Literal::new(\"b\")))),\n    |                                                            ^^^^^^^ use of undeclared type `Literal`\n    |\nhelp: consider importing one of these items\n    |\n560 +    use ast::Literal;\n    |\n560 +    use hir::Literal;\n    |\n560 +    use hir::literal::Literal;\n    |\n\nerror[E0433]: failed to resolve: use of undeclared type `ClassSet`\n   --> regex-syntax/src/ast/visitor.rs:583:15\n    |\n583 |         rhs: &ClassSet::Item(ClassSetItem::Literal(Literal::new(\"b\"))),\n    |               ^^^^^^^^ use of undeclared type `ClassSet`\n    |\nhelp: consider importing this enum\n    |\n560 +    use ast::ClassSet;\n    |\n\nerror[E0433]: failed to resolve: use of undeclared type `ClassSetItem`\n   --> regex-syntax/src/ast/visitor.rs:583:30\n    |\n583 |         rhs: &ClassSet::Item(ClassSetItem::Literal(Literal::new(\"b\"))),\n    |                              ^^^^^^^^^^^^ use of undeclared type `ClassSetItem`\n    |\nhelp: consider importing this enum\n    |\n560 +    use ast::ClassSetItem;\n    |\n\nerror[E0433]: failed to resolve: use of undeclared type `Literal`\n   --> regex-syntax/src/ast/visitor.rs:583:52\n    |\n583 |         rhs: &ClassSet::Item(ClassSetItem::Literal(Literal::new(\"b\"))),\n    |                                                    ^^^^^^^ use of undeclared type `Literal`\n    |\nhelp: consider importing one of these items\n    |\n560 +    use ast::Literal;\n    |\n560 +    use hir::Literal;\n    |\n560 +    use hir::literal::Literal;\n    |\n\nwarning: `...` range patterns are deprecated\n    --> regex-syntax/src/ast/parse.rs:1445:16\n     |\n1445 |             '0'...'7' => {\n     |                ^^^ help: use `..=` for an inclusive range\n     |\n     = warning: this is accepted in the current edition (Rust 2015) but is a hard error in Rust 2021!\n     = note: for more information, see <https://doc.rust-lang.org/nightly/edition-guide/rust-2021/warnings-promoted-to-error.html>\n     = note: `#[warn(ellipsis_inclusive_range_patterns)]` on by default\n\nwarning: `...` range patterns are deprecated\n    --> regex-syntax/src/ast/parse.rs:1456:16\n     |\n1456 |             '8'...'9' if !self.parser().octal => {\n     |                ^^^ help: use `..=` for an inclusive range\n     |\n     = warning: this is accepted in the current edition (Rust 2015) but is a hard error in Rust 2021!\n     = note: for more information, see <https://doc.rust-lang.org/nightly/edition-guide/rust-2021/warnings-promoted-to-error.html>\n\nwarning: unused import: `Primitive`\n    --> regex-syntax/src/ast/parse.rs:2261:49\n     |\n2261 |     use super::{Parser, ParserI, ParserBuilder, Primitive};\n     |                                                 ^^^^^^^^^\n     |\n     = note: `#[warn(unused_imports)]` on by default\n\nwarning: unused macro definition: `assert_eq`\n    --> regex-syntax/src/ast/parse.rs:2265:18\n     |\n2265 |     macro_rules! assert_eq {\n     |                  ^^^^^^^^^\n     |\n     = note: `#[warn(unused_macros)]` on by default\n\nwarning: unused import: `ntest::timeout`\n   --> regex-syntax/src/ast/visitor.rs:561:8\n    |\n561 |    use ntest::timeout;\n    |        ^^^^^^^^^^^^^^\n\nwarning: unused import: `super::*`\n    --> regex-syntax/src/ast/mod.rs:1482:9\n     |\n1482 |     use super::*;\n     |         ^^^^^^^^\n\nwarning: unused import: `ast::parse::Parser`\n   --> regex-syntax/src/error.rs:288:9\n    |\n288 |     use ast::parse::Parser;\n    |         ^^^^^^^^^^^^^^^^^^\n\nwarning: unused import: `ParserBuilder`\n    --> regex-syntax/src/hir/literal/mod.rs:1004:9\n     |\n1004 |     use ParserBuilder;\n     |         ^^^^^^^^^^^^^\n\nwarning: unused imports: `Position` and `self`\n    --> regex-syntax/src/hir/translate.rs:1094:15\n     |\n1094 |     use ast::{self, Ast, Position, Span};\n     |               ^^^^       ^^^^^^^^\n\nwarning: unused import: `ascii_class`\n    --> regex-syntax/src/hir/translate.rs:1099:36\n     |\n1099 |     use super::{TranslatorBuilder, ascii_class};\n     |                                    ^^^^^^^^^^^\n\nwarning: unused imports: `contains_simple_case_mapping` and `simple_fold`\n   --> regex-syntax/src/unicode.rs:375:17\n    |\n375 |     use super::{contains_simple_case_mapping, simple_fold};\n    |                 ^^^^^^^^^^^^^^^^^^^^^^^^^^^^  ^^^^^^^^^^^\n\nwarning: `...` range patterns are deprecated\n   --> regex-syntax/src/lib.rs:195:21\n    |\n195 |         b'_' | b'0' ... b'9' | b'a' ... b'z' | b'A' ... b'Z'  => true,\n    |                     ^^^ help: use `..=` for an inclusive range\n    |\n    = warning: this is accepted in the current edition (Rust 2015) but is a hard error in Rust 2021!\n    = note: for more information, see <https://doc.rust-lang.org/nightly/edition-guide/rust-2021/warnings-promoted-to-error.html>\n\nwarning: `...` range patterns are deprecated\n   --> regex-syntax/src/lib.rs:195:37\n    |\n195 |         b'_' | b'0' ... b'9' | b'a' ... b'z' | b'A' ... b'Z'  => true,\n    |                                     ^^^ help: use `..=` for an inclusive range\n    |\n    = warning: this is accepted in the current edition (Rust 2015) but is a hard error in Rust 2021!\n    = note: for more information, see <https://doc.rust-lang.org/nightly/edition-guide/rust-2021/warnings-promoted-to-error.html>\n\nwarning: `...` range patterns are deprecated\n   --> regex-syntax/src/lib.rs:195:53\n    |\n195 |         b'_' | b'0' ... b'9' | b'a' ... b'z' | b'A' ... b'Z'  => true,\n    |                                                     ^^^ help: use `..=` for an inclusive range\n    |\n    = warning: this is accepted in the current edition (Rust 2015) but is a hard error in Rust 2021!\n    = note: for more information, see <https://doc.rust-lang.org/nightly/edition-guide/rust-2021/warnings-promoted-to-error.html>\n\nwarning: unused import: `super::*`\n   --> regex-syntax/src/lib.rs:202:9\n    |\n202 |     use super::*;\n    |         ^^^^^^^^\n\nerror[E0046]: not all trait items implemented, missing: `finish`\n   --> regex-syntax/src/ast/visitor.rs:567:5\n    |\n41  |     fn finish(self) -> Result<Self::Output, Self::Err>;\n    |     --------------------------------------------------- `finish` from trait\n...\n567 |     impl Visitor for TestVisitor {\n    |     ^^^^^^^^^^^^^^^^^^^^^^^^^^^^ missing `finish` in implementation\n\nwarning: use of deprecated method `std::error::Error::description`: use the Display impl or to_string()\n  --> regex-syntax/src/error.rs:45:38\n   |\n45 |             Error::Parse(ref x) => x.description(),\n   |                                      ^^^^^^^^^^^\n   |\n   = note: `#[warn(deprecated)]` on by default\n\nwarning: use of deprecated method `std::error::Error::description`: use the Display impl or to_string()\n  --> regex-syntax/src/error.rs:46:42\n   |\n46 |             Error::Translate(ref x) => x.description(),\n   |                                          ^^^^^^^^^^^\n\nwarning: variable does not need to be mutable\n   --> regex-syntax/src/hir/literal/mod.rs:687:17\n    |\n687 |             let mut buf = &mut buf[..i];\n    |                 ----^^^\n    |                 |\n    |                 help: remove this `mut`\n    |\n    = note: `#[warn(unused_mut)]` on by default\n\nSome errors have detailed explanations: E0046, E0422, E0433.\nFor more information about an error, try `rustc --explain E0046`.\nwarning: `regex-syntax` (lib test) generated 18 warnings\nerror: could not compile `regex-syntax` (lib test) due to 13 previous errors; 18 warnings emitted\n"
                }
              ],
              "repaired": [
                false
              ]
            }
          ]
        }
      ]
    }
  ]
}