{
  "name": "regex_syntax::ast::visitor::<ast::visitor::ClassFrame<'a> as std::fmt::Debug>::fmt",
  "name_with_impl": "regex_syntax::ast::visitor::{impl#4}::fmt",
  "mod_info": {
    "name": "ast::visitor",
    "loc": "regex-syntax/src/ast/mod.rs:23:1:23:13"
  },
  "visible": true,
  "loc": "regex-syntax/src/ast/visitor.rs:515:5:523:6",
  "fn_tests": [
    {
      "chain_id": 1,
      "prompt_conds": [
        "// constraint: *self matches ClassFrame::BinaryRHS{..} is true\n"
      ],
      "input_infer": "",
      "answers": [
        {
          "uses": [],
          "has_test_mod": false,
          "common": [],
          "chain_tests": [
            {
              "attrs": [],
              "prefix": [],
              "oracles": [],
              "codes": [
                [
                  "{",
                  "    struct DummySpan;",
                  "    ",
                  "    struct DummyClassSet;",
                  "",
                  "    let span = DummySpan;",
                  "    let lhs = Box::new(DummyClassSet);",
                  "    let rhs = Box::new(DummyClassSet);",
                  "",
                  "    let class_set_binary_op = ClassSetBinaryOp {",
                  "        span,",
                  "        kind: ClassSetBinaryOpKind::SomeKind, // Assuming SomeKind is a valid variant.",
                  "        lhs,",
                  "        rhs,",
                  "    };",
                  "",
                  "    let class_frame = ClassFrame::BinaryRHS {",
                  "        op: &class_set_binary_op,",
                  "        rhs: &DummyClassSet,",
                  "    };",
                  "",
                  "    let mut output = Vec::new();",
                  "    let result = fmt::write(&mut output, format_args!(\"{:?}\", class_frame));",
                  "",
                  "    assert!(result.is_ok());",
                  "    assert_eq!(String::from_utf8_lossy(&output), \"BinaryRHS\\n\");",
                  "}"
                ]
              ],
              "can_compile": [
                {
                  "Err": "warning: /home/abezbm/rust-utgen-test-crates-new/regex/regex-capi/Cargo.toml: no edition set: defaulting to the 2015 edition while the latest is 2021\nwarning: /home/abezbm/rust-utgen-test-crates-new/regex/regex-syntax/Cargo.toml: no edition set: defaulting to the 2015 edition while the latest is 2021\nwarning: /home/abezbm/rust-utgen-test-crates-new/regex/regex-debug/Cargo.toml: no edition set: defaulting to the 2015 edition while the latest is 2021\nwarning: /home/abezbm/rust-utgen-test-crates-new/regex/Cargo.toml: no edition set: defaulting to the 2015 edition while the latest is 2021\n   Compiling proc-macro2 v1.0.95\n   Compiling syn v1.0.109\n   Compiling quote v1.0.40\n   Compiling ntest_test_cases v0.9.3\n   Compiling ntest_timeout v0.9.3\n   Compiling ntest v0.9.3\n   Compiling regex-syntax v0.6.0 (/home/abezbm/rust-utgen-test-crates-new/regex/regex-syntax)\nerror[E0422]: cannot find struct, variant or union type `ClassSetBinaryOp` in this scope\n   --> regex-syntax/src/ast/visitor.rs:573:31\n    |\n573 |     let class_set_binary_op = ClassSetBinaryOp {\n    |                               ^^^^^^^^^^^^^^^^ not found in this scope\n    |\nhelp: consider importing this struct\n    |\n560 +    use ast::ClassSetBinaryOp;\n    |\n\nerror[E0433]: failed to resolve: use of undeclared type `ClassSetBinaryOpKind`\n   --> regex-syntax/src/ast/visitor.rs:575:15\n    |\n575 |         kind: ClassSetBinaryOpKind::SomeKind, // Assuming SomeKind is a valid variant.\n    |               ^^^^^^^^^^^^^^^^^^^^ use of undeclared type `ClassSetBinaryOpKind`\n    |\nhelp: consider importing this enum\n    |\n560 +    use ast::ClassSetBinaryOpKind;\n    |\n\nwarning: `...` range patterns are deprecated\n    --> regex-syntax/src/ast/parse.rs:1445:16\n     |\n1445 |             '0'...'7' => {\n     |                ^^^ help: use `..=` for an inclusive range\n     |\n     = warning: this is accepted in the current edition (Rust 2015) but is a hard error in Rust 2021!\n     = note: for more information, see <https://doc.rust-lang.org/nightly/edition-guide/rust-2021/warnings-promoted-to-error.html>\n     = note: `#[warn(ellipsis_inclusive_range_patterns)]` on by default\n\nwarning: `...` range patterns are deprecated\n    --> regex-syntax/src/ast/parse.rs:1456:16\n     |\n1456 |             '8'...'9' if !self.parser().octal => {\n     |                ^^^ help: use `..=` for an inclusive range\n     |\n     = warning: this is accepted in the current edition (Rust 2015) but is a hard error in Rust 2021!\n     = note: for more information, see <https://doc.rust-lang.org/nightly/edition-guide/rust-2021/warnings-promoted-to-error.html>\n\nwarning: unused import: `Primitive`\n    --> regex-syntax/src/ast/parse.rs:2261:49\n     |\n2261 |     use super::{Parser, ParserI, ParserBuilder, Primitive};\n     |                                                 ^^^^^^^^^\n     |\n     = note: `#[warn(unused_imports)]` on by default\n\nwarning: unused macro definition: `assert_eq`\n    --> regex-syntax/src/ast/parse.rs:2265:18\n     |\n2265 |     macro_rules! assert_eq {\n     |                  ^^^^^^^^^\n     |\n     = note: `#[warn(unused_macros)]` on by default\n\nwarning: unused import: `ntest::timeout`\n   --> regex-syntax/src/ast/visitor.rs:561:8\n    |\n561 |    use ntest::timeout;\n    |        ^^^^^^^^^^^^^^\n\nwarning: unused import: `super::*`\n    --> regex-syntax/src/ast/mod.rs:1482:9\n     |\n1482 |     use super::*;\n     |         ^^^^^^^^\n\nwarning: unused import: `ast::parse::Parser`\n   --> regex-syntax/src/error.rs:288:9\n    |\n288 |     use ast::parse::Parser;\n    |         ^^^^^^^^^^^^^^^^^^\n\nwarning: unused import: `ParserBuilder`\n    --> regex-syntax/src/hir/literal/mod.rs:1004:9\n     |\n1004 |     use ParserBuilder;\n     |         ^^^^^^^^^^^^^\n\nwarning: unused imports: `Position` and `self`\n    --> regex-syntax/src/hir/translate.rs:1094:15\n     |\n1094 |     use ast::{self, Ast, Position, Span};\n     |               ^^^^       ^^^^^^^^\n\nwarning: unused import: `ascii_class`\n    --> regex-syntax/src/hir/translate.rs:1099:36\n     |\n1099 |     use super::{TranslatorBuilder, ascii_class};\n     |                                    ^^^^^^^^^^^\n\nwarning: unused imports: `contains_simple_case_mapping` and `simple_fold`\n   --> regex-syntax/src/unicode.rs:375:17\n    |\n375 |     use super::{contains_simple_case_mapping, simple_fold};\n    |                 ^^^^^^^^^^^^^^^^^^^^^^^^^^^^  ^^^^^^^^^^^\n\nwarning: `...` range patterns are deprecated\n   --> regex-syntax/src/lib.rs:195:21\n    |\n195 |         b'_' | b'0' ... b'9' | b'a' ... b'z' | b'A' ... b'Z'  => true,\n    |                     ^^^ help: use `..=` for an inclusive range\n    |\n    = warning: this is accepted in the current edition (Rust 2015) but is a hard error in Rust 2021!\n    = note: for more information, see <https://doc.rust-lang.org/nightly/edition-guide/rust-2021/warnings-promoted-to-error.html>\n\nwarning: `...` range patterns are deprecated\n   --> regex-syntax/src/lib.rs:195:37\n    |\n195 |         b'_' | b'0' ... b'9' | b'a' ... b'z' | b'A' ... b'Z'  => true,\n    |                                     ^^^ help: use `..=` for an inclusive range\n    |\n    = warning: this is accepted in the current edition (Rust 2015) but is a hard error in Rust 2021!\n    = note: for more information, see <https://doc.rust-lang.org/nightly/edition-guide/rust-2021/warnings-promoted-to-error.html>\n\nwarning: `...` range patterns are deprecated\n   --> regex-syntax/src/lib.rs:195:53\n    |\n195 |         b'_' | b'0' ... b'9' | b'a' ... b'z' | b'A' ... b'Z'  => true,\n    |                                                     ^^^ help: use `..=` for an inclusive range\n    |\n    = warning: this is accepted in the current edition (Rust 2015) but is a hard error in Rust 2021!\n    = note: for more information, see <https://doc.rust-lang.org/nightly/edition-guide/rust-2021/warnings-promoted-to-error.html>\n\nwarning: unused import: `super::*`\n   --> regex-syntax/src/lib.rs:202:9\n    |\n202 |     use super::*;\n    |         ^^^^^^^^\n\nerror[E0308]: mismatched types\n   --> regex-syntax/src/ast/visitor.rs:582:14\n    |\n582 |         rhs: &DummyClassSet,\n    |              ^^^^^^^^^^^^^^ expected `&ClassSet`, found `&DummyClassSet`\n    |\n    = note: expected reference `&ClassSet`\n               found reference `&DummyClassSet`\n\nerror[E0277]: the trait bound `Vec<_>: std::fmt::Write` is not satisfied\n   --> regex-syntax/src/ast/visitor.rs:586:29\n    |\n586 |     let result = fmt::write(&mut output, format_args!(\"{:?}\", class_frame));\n    |                             ^^^^^^^^^^^ the trait `std::fmt::Write` is not implemented for `Vec<_>`\n    |\n    = help: the following other types implement trait `std::fmt::Write`:\n              &mut W\n              OsString\n              String\n              core::net::display_buffer::DisplayBuffer<SIZE>\n              std::fmt::Formatter<'_>\n    = note: required for the cast from `&mut Vec<_>` to `&mut dyn std::fmt::Write`\n\nwarning: use of deprecated method `std::error::Error::description`: use the Display impl or to_string()\n  --> regex-syntax/src/error.rs:45:38\n   |\n45 |             Error::Parse(ref x) => x.description(),\n   |                                      ^^^^^^^^^^^\n   |\n   = note: `#[warn(deprecated)]` on by default\n\nwarning: use of deprecated method `std::error::Error::description`: use the Display impl or to_string()\n  --> regex-syntax/src/error.rs:46:42\n   |\n46 |             Error::Translate(ref x) => x.description(),\n   |                                          ^^^^^^^^^^^\n\nwarning: variable does not need to be mutable\n   --> regex-syntax/src/hir/literal/mod.rs:687:17\n    |\n687 |             let mut buf = &mut buf[..i];\n    |                 ----^^^\n    |                 |\n    |                 help: remove this `mut`\n    |\n    = note: `#[warn(unused_mut)]` on by default\n\nSome errors have detailed explanations: E0277, E0308, E0422, E0433.\nFor more information about an error, try `rustc --explain E0277`.\nwarning: `regex-syntax` (lib test) generated 18 warnings\nerror: could not compile `regex-syntax` (lib test) due to 4 previous errors; 18 warnings emitted\n"
                }
              ],
              "repaired": [
                false
              ]
            }
          ]
        }
      ]
    },
    {
      "chain_id": 2,
      "prompt_conds": [
        "// constraint: *self matches ClassFrame::BinaryLHS{..} is true\n",
        "// constraint: *self matches ClassFrame::BinaryLHS{..} is true\n"
      ],
      "input_infer": "",
      "answers": [
        {
          "uses": [],
          "has_test_mod": false,
          "common": [],
          "chain_tests": [
            {
              "attrs": [],
              "prefix": [],
              "oracles": [],
              "codes": [
                [
                  "{",
                  "    let item = ast::ClassSetItem::Empty(Span::default());",
                  "    let lhs = Box::new(ClassSet::Item(item.clone()));",
                  "    let rhs = Box::new(ClassSet::Item(item));",
                  "    let op = ClassSetBinaryOp {",
                  "        span: Span::default(),",
                  "        kind: ClassSetBinaryOpKind::SomeKind,",
                  "        lhs,",
                  "        rhs,",
                  "    };",
                  "    let class_frame = ClassFrame::BinaryLHS {",
                  "        op: &op,",
                  "        lhs: &class_frame,",
                  "        rhs: &class_frame,",
                  "    };",
                  "    let mut buffer = Vec::new();",
                  "    let result = class_frame.fmt(&mut buffer);",
                  "    assert!(result.is_ok());",
                  "    assert_eq!(String::from_utf8(buffer).unwrap(), \"BinaryLHS\");",
                  "}"
                ]
              ],
              "can_compile": [
                {
                  "Err": "warning: /home/abezbm/rust-utgen-test-crates-new/regex/regex-debug/Cargo.toml: no edition set: defaulting to the 2015 edition while the latest is 2021\nwarning: /home/abezbm/rust-utgen-test-crates-new/regex/Cargo.toml: no edition set: defaulting to the 2015 edition while the latest is 2021\nwarning: /home/abezbm/rust-utgen-test-crates-new/regex/regex-syntax/Cargo.toml: no edition set: defaulting to the 2015 edition while the latest is 2021\nwarning: /home/abezbm/rust-utgen-test-crates-new/regex/regex-capi/Cargo.toml: no edition set: defaulting to the 2015 edition while the latest is 2021\n   Compiling proc-macro2 v1.0.95\n   Compiling syn v1.0.109\n   Compiling quote v1.0.40\n   Compiling ntest_test_cases v0.9.3\n   Compiling ntest_timeout v0.9.3\n   Compiling ntest v0.9.3\n   Compiling regex-syntax v0.6.0 (/home/abezbm/rust-utgen-test-crates-new/regex/regex-syntax)\nerror[E0433]: failed to resolve: use of undeclared type `Span`\n   --> regex-syntax/src/ast/visitor.rs:565:41\n    |\n565 |     let item = ast::ClassSetItem::Empty(Span::default());\n    |                                         ^^^^ use of undeclared type `Span`\n    |\nhelp: consider importing this struct\n    |\n560 +    use ast::Span;\n    |\n\nerror[E0433]: failed to resolve: use of undeclared type `ClassSet`\n   --> regex-syntax/src/ast/visitor.rs:566:24\n    |\n566 |     let lhs = Box::new(ClassSet::Item(item.clone()));\n    |                        ^^^^^^^^ use of undeclared type `ClassSet`\n    |\nhelp: consider importing this enum\n    |\n560 +    use ast::ClassSet;\n    |\n\nerror[E0433]: failed to resolve: use of undeclared type `ClassSet`\n   --> regex-syntax/src/ast/visitor.rs:567:24\n    |\n567 |     let rhs = Box::new(ClassSet::Item(item));\n    |                        ^^^^^^^^ use of undeclared type `ClassSet`\n    |\nhelp: consider importing this enum\n    |\n560 +    use ast::ClassSet;\n    |\n\nerror[E0422]: cannot find struct, variant or union type `ClassSetBinaryOp` in this scope\n   --> regex-syntax/src/ast/visitor.rs:568:14\n    |\n568 |     let op = ClassSetBinaryOp {\n    |              ^^^^^^^^^^^^^^^^ not found in this scope\n    |\nhelp: consider importing this struct\n    |\n560 +    use ast::ClassSetBinaryOp;\n    |\n\nerror[E0433]: failed to resolve: use of undeclared type `Span`\n   --> regex-syntax/src/ast/visitor.rs:569:15\n    |\n569 |         span: Span::default(),\n    |               ^^^^ use of undeclared type `Span`\n    |\nhelp: consider importing this struct\n    |\n560 +    use ast::Span;\n    |\n\nerror[E0433]: failed to resolve: use of undeclared type `ClassSetBinaryOpKind`\n   --> regex-syntax/src/ast/visitor.rs:570:15\n    |\n570 |         kind: ClassSetBinaryOpKind::SomeKind,\n    |               ^^^^^^^^^^^^^^^^^^^^ use of undeclared type `ClassSetBinaryOpKind`\n    |\nhelp: consider importing this enum\n    |\n560 +    use ast::ClassSetBinaryOpKind;\n    |\n\nerror[E0425]: cannot find value `class_frame` in this scope\n   --> regex-syntax/src/ast/visitor.rs:576:15\n    |\n576 |         lhs: &class_frame,\n    |               ^^^^^^^^^^^ not found in this scope\n\nerror[E0425]: cannot find value `class_frame` in this scope\n   --> regex-syntax/src/ast/visitor.rs:577:15\n    |\n577 |         rhs: &class_frame,\n    |               ^^^^^^^^^^^ not found in this scope\n\nwarning: `...` range patterns are deprecated\n    --> regex-syntax/src/ast/parse.rs:1445:16\n     |\n1445 |             '0'...'7' => {\n     |                ^^^ help: use `..=` for an inclusive range\n     |\n     = warning: this is accepted in the current edition (Rust 2015) but is a hard error in Rust 2021!\n     = note: for more information, see <https://doc.rust-lang.org/nightly/edition-guide/rust-2021/warnings-promoted-to-error.html>\n     = note: `#[warn(ellipsis_inclusive_range_patterns)]` on by default\n\nwarning: `...` range patterns are deprecated\n    --> regex-syntax/src/ast/parse.rs:1456:16\n     |\n1456 |             '8'...'9' if !self.parser().octal => {\n     |                ^^^ help: use `..=` for an inclusive range\n     |\n     = warning: this is accepted in the current edition (Rust 2015) but is a hard error in Rust 2021!\n     = note: for more information, see <https://doc.rust-lang.org/nightly/edition-guide/rust-2021/warnings-promoted-to-error.html>\n\nwarning: unused import: `Primitive`\n    --> regex-syntax/src/ast/parse.rs:2261:49\n     |\n2261 |     use super::{Parser, ParserI, ParserBuilder, Primitive};\n     |                                                 ^^^^^^^^^\n     |\n     = note: `#[warn(unused_imports)]` on by default\n\nwarning: unused macro definition: `assert_eq`\n    --> regex-syntax/src/ast/parse.rs:2265:18\n     |\n2265 |     macro_rules! assert_eq {\n     |                  ^^^^^^^^^\n     |\n     = note: `#[warn(unused_macros)]` on by default\n\nwarning: unused import: `ntest::timeout`\n   --> regex-syntax/src/ast/visitor.rs:561:8\n    |\n561 |    use ntest::timeout;\n    |        ^^^^^^^^^^^^^^\n\nwarning: unused import: `super::*`\n    --> regex-syntax/src/ast/mod.rs:1482:9\n     |\n1482 |     use super::*;\n     |         ^^^^^^^^\n\nwarning: unused import: `ast::parse::Parser`\n   --> regex-syntax/src/error.rs:288:9\n    |\n288 |     use ast::parse::Parser;\n    |         ^^^^^^^^^^^^^^^^^^\n\nwarning: unused import: `ParserBuilder`\n    --> regex-syntax/src/hir/literal/mod.rs:1004:9\n     |\n1004 |     use ParserBuilder;\n     |         ^^^^^^^^^^^^^\n\nwarning: unused imports: `Position` and `self`\n    --> regex-syntax/src/hir/translate.rs:1094:15\n     |\n1094 |     use ast::{self, Ast, Position, Span};\n     |               ^^^^       ^^^^^^^^\n\nwarning: unused import: `ascii_class`\n    --> regex-syntax/src/hir/translate.rs:1099:36\n     |\n1099 |     use super::{TranslatorBuilder, ascii_class};\n     |                                    ^^^^^^^^^^^\n\nwarning: unused imports: `contains_simple_case_mapping` and `simple_fold`\n   --> regex-syntax/src/unicode.rs:375:17\n    |\n375 |     use super::{contains_simple_case_mapping, simple_fold};\n    |                 ^^^^^^^^^^^^^^^^^^^^^^^^^^^^  ^^^^^^^^^^^\n\nwarning: `...` range patterns are deprecated\n   --> regex-syntax/src/lib.rs:195:21\n    |\n195 |         b'_' | b'0' ... b'9' | b'a' ... b'z' | b'A' ... b'Z'  => true,\n    |                     ^^^ help: use `..=` for an inclusive range\n    |\n    = warning: this is accepted in the current edition (Rust 2015) but is a hard error in Rust 2021!\n    = note: for more information, see <https://doc.rust-lang.org/nightly/edition-guide/rust-2021/warnings-promoted-to-error.html>\n\nwarning: `...` range patterns are deprecated\n   --> regex-syntax/src/lib.rs:195:37\n    |\n195 |         b'_' | b'0' ... b'9' | b'a' ... b'z' | b'A' ... b'Z'  => true,\n    |                                     ^^^ help: use `..=` for an inclusive range\n    |\n    = warning: this is accepted in the current edition (Rust 2015) but is a hard error in Rust 2021!\n    = note: for more information, see <https://doc.rust-lang.org/nightly/edition-guide/rust-2021/warnings-promoted-to-error.html>\n\nwarning: `...` range patterns are deprecated\n   --> regex-syntax/src/lib.rs:195:53\n    |\n195 |         b'_' | b'0' ... b'9' | b'a' ... b'z' | b'A' ... b'Z'  => true,\n    |                                                     ^^^ help: use `..=` for an inclusive range\n    |\n    = warning: this is accepted in the current edition (Rust 2015) but is a hard error in Rust 2021!\n    = note: for more information, see <https://doc.rust-lang.org/nightly/edition-guide/rust-2021/warnings-promoted-to-error.html>\n\nwarning: unused import: `super::*`\n   --> regex-syntax/src/lib.rs:202:9\n    |\n202 |     use super::*;\n    |         ^^^^^^^^\n\nerror[E0599]: no method named `fmt` found for enum `ast::visitor::ClassFrame` in the current scope\n   --> regex-syntax/src/ast/visitor.rs:580:30\n    |\n174 | enum ClassFrame<'a> {\n    | ------------------- method `fmt` not found for this enum\n...\n580 |     let result = class_frame.fmt(&mut buffer);\n    |                              ^^^ method not found in `ClassFrame<'_>`\n    |\n   ::: /home/abezbm/.rustup/toolchains/nightly-2024-07-21-x86_64-unknown-linux-gnu/lib/rustlib/src/rust/library/core/src/fmt/mod.rs:642:8\n    |\n642 |     fn fmt(&self, f: &mut Formatter<'_>) -> Result;\n    |        --- the method is available for `ast::visitor::ClassFrame<'_>` here\n    |\n    = help: items from traits can only be used if the trait is in scope\nhelp: trait `Debug` which provides `fmt` is implemented but not in scope; perhaps you want to import it\n    |\n560 +    use std::fmt::Debug;\n    |\n\nwarning: use of deprecated method `std::error::Error::description`: use the Display impl or to_string()\n  --> regex-syntax/src/error.rs:45:38\n   |\n45 |             Error::Parse(ref x) => x.description(),\n   |                                      ^^^^^^^^^^^\n   |\n   = note: `#[warn(deprecated)]` on by default\n\nwarning: use of deprecated method `std::error::Error::description`: use the Display impl or to_string()\n  --> regex-syntax/src/error.rs:46:42\n   |\n46 |             Error::Translate(ref x) => x.description(),\n   |                                          ^^^^^^^^^^^\n\nwarning: variable does not need to be mutable\n   --> regex-syntax/src/hir/literal/mod.rs:687:17\n    |\n687 |             let mut buf = &mut buf[..i];\n    |                 ----^^^\n    |                 |\n    |                 help: remove this `mut`\n    |\n    = note: `#[warn(unused_mut)]` on by default\n\nSome errors have detailed explanations: E0422, E0425, E0433, E0599.\nFor more information about an error, try `rustc --explain E0422`.\nwarning: `regex-syntax` (lib test) generated 18 warnings\nerror: could not compile `regex-syntax` (lib test) due to 9 previous errors; 18 warnings emitted\n"
                }
              ],
              "repaired": [
                false
              ]
            },
            {
              "attrs": [],
              "prefix": [],
              "oracles": [],
              "codes": [
                [
                  "{",
                  "    let item = ast::ClassSetItem::Empty(Span::default());",
                  "    let lhs = Box::new(ClassSet::Item(item.clone()));",
                  "    let rhs = Box::new(ClassSet::Item(item));",
                  "    let op = ClassSetBinaryOp {",
                  "        span: Span::default(),",
                  "        kind: ClassSetBinaryOpKind::SomeKind,",
                  "        lhs,",
                  "        rhs,",
                  "    };",
                  "    let class_frame = ClassFrame::Binary {",
                  "        op: &op,",
                  "    };",
                  "    let mut buffer = Vec::new();",
                  "    let result = class_frame.fmt(&mut buffer);",
                  "    assert!(result.is_ok());",
                  "    assert_eq!(String::from_utf8(buffer).unwrap(), \"Binary\");",
                  "}"
                ]
              ],
              "can_compile": [
                {
                  "Err": "warning: /home/abezbm/rust-utgen-test-crates-new/regex/Cargo.toml: no edition set: defaulting to the 2015 edition while the latest is 2021\nwarning: /home/abezbm/rust-utgen-test-crates-new/regex/regex-syntax/Cargo.toml: no edition set: defaulting to the 2015 edition while the latest is 2021\nwarning: /home/abezbm/rust-utgen-test-crates-new/regex/regex-capi/Cargo.toml: no edition set: defaulting to the 2015 edition while the latest is 2021\nwarning: /home/abezbm/rust-utgen-test-crates-new/regex/regex-debug/Cargo.toml: no edition set: defaulting to the 2015 edition while the latest is 2021\n   Compiling proc-macro2 v1.0.95\n   Compiling syn v1.0.109\n   Compiling quote v1.0.40\n   Compiling ntest_test_cases v0.9.3\n   Compiling ntest_timeout v0.9.3\n   Compiling ntest v0.9.3\n   Compiling regex-syntax v0.6.0 (/home/abezbm/rust-utgen-test-crates-new/regex/regex-syntax)\nerror[E0433]: failed to resolve: use of undeclared type `Span`\n   --> regex-syntax/src/ast/visitor.rs:565:41\n    |\n565 |     let item = ast::ClassSetItem::Empty(Span::default());\n    |                                         ^^^^ use of undeclared type `Span`\n    |\nhelp: consider importing this struct\n    |\n560 +    use ast::Span;\n    |\n\nerror[E0433]: failed to resolve: use of undeclared type `ClassSet`\n   --> regex-syntax/src/ast/visitor.rs:566:24\n    |\n566 |     let lhs = Box::new(ClassSet::Item(item.clone()));\n    |                        ^^^^^^^^ use of undeclared type `ClassSet`\n    |\nhelp: consider importing this enum\n    |\n560 +    use ast::ClassSet;\n    |\n\nerror[E0433]: failed to resolve: use of undeclared type `ClassSet`\n   --> regex-syntax/src/ast/visitor.rs:567:24\n    |\n567 |     let rhs = Box::new(ClassSet::Item(item));\n    |                        ^^^^^^^^ use of undeclared type `ClassSet`\n    |\nhelp: consider importing this enum\n    |\n560 +    use ast::ClassSet;\n    |\n\nerror[E0422]: cannot find struct, variant or union type `ClassSetBinaryOp` in this scope\n   --> regex-syntax/src/ast/visitor.rs:568:14\n    |\n568 |     let op = ClassSetBinaryOp {\n    |              ^^^^^^^^^^^^^^^^ not found in this scope\n    |\nhelp: consider importing this struct\n    |\n560 +    use ast::ClassSetBinaryOp;\n    |\n\nerror[E0433]: failed to resolve: use of undeclared type `Span`\n   --> regex-syntax/src/ast/visitor.rs:569:15\n    |\n569 |         span: Span::default(),\n    |               ^^^^ use of undeclared type `Span`\n    |\nhelp: consider importing this struct\n    |\n560 +    use ast::Span;\n    |\n\nerror[E0433]: failed to resolve: use of undeclared type `ClassSetBinaryOpKind`\n   --> regex-syntax/src/ast/visitor.rs:570:15\n    |\n570 |         kind: ClassSetBinaryOpKind::SomeKind,\n    |               ^^^^^^^^^^^^^^^^^^^^ use of undeclared type `ClassSetBinaryOpKind`\n    |\nhelp: consider importing this enum\n    |\n560 +    use ast::ClassSetBinaryOpKind;\n    |\n\nwarning: `...` range patterns are deprecated\n    --> regex-syntax/src/ast/parse.rs:1445:16\n     |\n1445 |             '0'...'7' => {\n     |                ^^^ help: use `..=` for an inclusive range\n     |\n     = warning: this is accepted in the current edition (Rust 2015) but is a hard error in Rust 2021!\n     = note: for more information, see <https://doc.rust-lang.org/nightly/edition-guide/rust-2021/warnings-promoted-to-error.html>\n     = note: `#[warn(ellipsis_inclusive_range_patterns)]` on by default\n\nwarning: `...` range patterns are deprecated\n    --> regex-syntax/src/ast/parse.rs:1456:16\n     |\n1456 |             '8'...'9' if !self.parser().octal => {\n     |                ^^^ help: use `..=` for an inclusive range\n     |\n     = warning: this is accepted in the current edition (Rust 2015) but is a hard error in Rust 2021!\n     = note: for more information, see <https://doc.rust-lang.org/nightly/edition-guide/rust-2021/warnings-promoted-to-error.html>\n\nwarning: unused import: `Primitive`\n    --> regex-syntax/src/ast/parse.rs:2261:49\n     |\n2261 |     use super::{Parser, ParserI, ParserBuilder, Primitive};\n     |                                                 ^^^^^^^^^\n     |\n     = note: `#[warn(unused_imports)]` on by default\n\nwarning: unused macro definition: `assert_eq`\n    --> regex-syntax/src/ast/parse.rs:2265:18\n     |\n2265 |     macro_rules! assert_eq {\n     |                  ^^^^^^^^^\n     |\n     = note: `#[warn(unused_macros)]` on by default\n\nwarning: unused import: `ntest::timeout`\n   --> regex-syntax/src/ast/visitor.rs:561:8\n    |\n561 |    use ntest::timeout;\n    |        ^^^^^^^^^^^^^^\n\nwarning: unused import: `super::*`\n    --> regex-syntax/src/ast/mod.rs:1482:9\n     |\n1482 |     use super::*;\n     |         ^^^^^^^^\n\nwarning: unused import: `ast::parse::Parser`\n   --> regex-syntax/src/error.rs:288:9\n    |\n288 |     use ast::parse::Parser;\n    |         ^^^^^^^^^^^^^^^^^^\n\nwarning: unused import: `ParserBuilder`\n    --> regex-syntax/src/hir/literal/mod.rs:1004:9\n     |\n1004 |     use ParserBuilder;\n     |         ^^^^^^^^^^^^^\n\nwarning: unused imports: `Position` and `self`\n    --> regex-syntax/src/hir/translate.rs:1094:15\n     |\n1094 |     use ast::{self, Ast, Position, Span};\n     |               ^^^^       ^^^^^^^^\n\nwarning: unused import: `ascii_class`\n    --> regex-syntax/src/hir/translate.rs:1099:36\n     |\n1099 |     use super::{TranslatorBuilder, ascii_class};\n     |                                    ^^^^^^^^^^^\n\nwarning: unused imports: `contains_simple_case_mapping` and `simple_fold`\n   --> regex-syntax/src/unicode.rs:375:17\n    |\n375 |     use super::{contains_simple_case_mapping, simple_fold};\n    |                 ^^^^^^^^^^^^^^^^^^^^^^^^^^^^  ^^^^^^^^^^^\n\nwarning: `...` range patterns are deprecated\n   --> regex-syntax/src/lib.rs:195:21\n    |\n195 |         b'_' | b'0' ... b'9' | b'a' ... b'z' | b'A' ... b'Z'  => true,\n    |                     ^^^ help: use `..=` for an inclusive range\n    |\n    = warning: this is accepted in the current edition (Rust 2015) but is a hard error in Rust 2021!\n    = note: for more information, see <https://doc.rust-lang.org/nightly/edition-guide/rust-2021/warnings-promoted-to-error.html>\n\nwarning: `...` range patterns are deprecated\n   --> regex-syntax/src/lib.rs:195:37\n    |\n195 |         b'_' | b'0' ... b'9' | b'a' ... b'z' | b'A' ... b'Z'  => true,\n    |                                     ^^^ help: use `..=` for an inclusive range\n    |\n    = warning: this is accepted in the current edition (Rust 2015) but is a hard error in Rust 2021!\n    = note: for more information, see <https://doc.rust-lang.org/nightly/edition-guide/rust-2021/warnings-promoted-to-error.html>\n\nwarning: `...` range patterns are deprecated\n   --> regex-syntax/src/lib.rs:195:53\n    |\n195 |         b'_' | b'0' ... b'9' | b'a' ... b'z' | b'A' ... b'Z'  => true,\n    |                                                     ^^^ help: use `..=` for an inclusive range\n    |\n    = warning: this is accepted in the current edition (Rust 2015) but is a hard error in Rust 2021!\n    = note: for more information, see <https://doc.rust-lang.org/nightly/edition-guide/rust-2021/warnings-promoted-to-error.html>\n\nwarning: unused import: `super::*`\n   --> regex-syntax/src/lib.rs:202:9\n    |\n202 |     use super::*;\n    |         ^^^^^^^^\n\nerror[E0599]: no method named `fmt` found for enum `ast::visitor::ClassFrame` in the current scope\n   --> regex-syntax/src/ast/visitor.rs:578:30\n    |\n174 | enum ClassFrame<'a> {\n    | ------------------- method `fmt` not found for this enum\n...\n578 |     let result = class_frame.fmt(&mut buffer);\n    |                              ^^^ method not found in `ClassFrame<'_>`\n    |\n   ::: /home/abezbm/.rustup/toolchains/nightly-2024-07-21-x86_64-unknown-linux-gnu/lib/rustlib/src/rust/library/core/src/fmt/mod.rs:642:8\n    |\n642 |     fn fmt(&self, f: &mut Formatter<'_>) -> Result;\n    |        --- the method is available for `ast::visitor::ClassFrame<'_>` here\n    |\n    = help: items from traits can only be used if the trait is in scope\nhelp: trait `Debug` which provides `fmt` is implemented but not in scope; perhaps you want to import it\n    |\n560 +    use std::fmt::Debug;\n    |\n\nwarning: use of deprecated method `std::error::Error::description`: use the Display impl or to_string()\n  --> regex-syntax/src/error.rs:45:38\n   |\n45 |             Error::Parse(ref x) => x.description(),\n   |                                      ^^^^^^^^^^^\n   |\n   = note: `#[warn(deprecated)]` on by default\n\nwarning: use of deprecated method `std::error::Error::description`: use the Display impl or to_string()\n  --> regex-syntax/src/error.rs:46:42\n   |\n46 |             Error::Translate(ref x) => x.description(),\n   |                                          ^^^^^^^^^^^\n\nwarning: variable does not need to be mutable\n   --> regex-syntax/src/hir/literal/mod.rs:687:17\n    |\n687 |             let mut buf = &mut buf[..i];\n    |                 ----^^^\n    |                 |\n    |                 help: remove this `mut`\n    |\n    = note: `#[warn(unused_mut)]` on by default\n\nSome errors have detailed explanations: E0422, E0433, E0599.\nFor more information about an error, try `rustc --explain E0422`.\nwarning: `regex-syntax` (lib test) generated 18 warnings\nerror: could not compile `regex-syntax` (lib test) due to 7 previous errors; 18 warnings emitted\n"
                }
              ],
              "repaired": [
                false
              ]
            },
            {
              "attrs": [],
              "prefix": [],
              "oracles": [],
              "codes": [
                [
                  "{",
                  "    let item = ast::ClassSetItem::Empty(Span::default());",
                  "    let lhs = Box::new(ClassSet::Item(item.clone()));",
                  "    let rhs = Box::new(ClassSet::Item(item));",
                  "    let op = ClassSetBinaryOp {",
                  "        span: Span::default(),",
                  "        kind: ClassSetBinaryOpKind::SomeKind,",
                  "        lhs,",
                  "        rhs,",
                  "    };",
                  "    let class_frame = ClassFrame::BinaryRHS {",
                  "        op: &op,",
                  "        rhs: &class_frame,",
                  "    };",
                  "    let mut buffer = Vec::new();",
                  "    let result = class_frame.fmt(&mut buffer);",
                  "    assert!(result.is_ok());",
                  "    assert_eq!(String::from_utf8(buffer).unwrap(), \"BinaryRHS\");",
                  "}"
                ]
              ],
              "can_compile": [
                {
                  "Err": "warning: /home/abezbm/rust-utgen-test-crates-new/regex/regex-syntax/Cargo.toml: no edition set: defaulting to the 2015 edition while the latest is 2021\nwarning: /home/abezbm/rust-utgen-test-crates-new/regex/regex-debug/Cargo.toml: no edition set: defaulting to the 2015 edition while the latest is 2021\nwarning: /home/abezbm/rust-utgen-test-crates-new/regex/Cargo.toml: no edition set: defaulting to the 2015 edition while the latest is 2021\nwarning: /home/abezbm/rust-utgen-test-crates-new/regex/regex-capi/Cargo.toml: no edition set: defaulting to the 2015 edition while the latest is 2021\n   Compiling proc-macro2 v1.0.95\n   Compiling syn v1.0.109\n   Compiling quote v1.0.40\n   Compiling ntest_timeout v0.9.3\n   Compiling ntest_test_cases v0.9.3\n   Compiling ntest v0.9.3\n   Compiling regex-syntax v0.6.0 (/home/abezbm/rust-utgen-test-crates-new/regex/regex-syntax)\nerror[E0433]: failed to resolve: use of undeclared type `Span`\n   --> regex-syntax/src/ast/visitor.rs:565:41\n    |\n565 |     let item = ast::ClassSetItem::Empty(Span::default());\n    |                                         ^^^^ use of undeclared type `Span`\n    |\nhelp: consider importing this struct\n    |\n560 +    use ast::Span;\n    |\n\nerror[E0433]: failed to resolve: use of undeclared type `ClassSet`\n   --> regex-syntax/src/ast/visitor.rs:566:24\n    |\n566 |     let lhs = Box::new(ClassSet::Item(item.clone()));\n    |                        ^^^^^^^^ use of undeclared type `ClassSet`\n    |\nhelp: consider importing this enum\n    |\n560 +    use ast::ClassSet;\n    |\n\nerror[E0433]: failed to resolve: use of undeclared type `ClassSet`\n   --> regex-syntax/src/ast/visitor.rs:567:24\n    |\n567 |     let rhs = Box::new(ClassSet::Item(item));\n    |                        ^^^^^^^^ use of undeclared type `ClassSet`\n    |\nhelp: consider importing this enum\n    |\n560 +    use ast::ClassSet;\n    |\n\nerror[E0422]: cannot find struct, variant or union type `ClassSetBinaryOp` in this scope\n   --> regex-syntax/src/ast/visitor.rs:568:14\n    |\n568 |     let op = ClassSetBinaryOp {\n    |              ^^^^^^^^^^^^^^^^ not found in this scope\n    |\nhelp: consider importing this struct\n    |\n560 +    use ast::ClassSetBinaryOp;\n    |\n\nerror[E0433]: failed to resolve: use of undeclared type `Span`\n   --> regex-syntax/src/ast/visitor.rs:569:15\n    |\n569 |         span: Span::default(),\n    |               ^^^^ use of undeclared type `Span`\n    |\nhelp: consider importing this struct\n    |\n560 +    use ast::Span;\n    |\n\nerror[E0433]: failed to resolve: use of undeclared type `ClassSetBinaryOpKind`\n   --> regex-syntax/src/ast/visitor.rs:570:15\n    |\n570 |         kind: ClassSetBinaryOpKind::SomeKind,\n    |               ^^^^^^^^^^^^^^^^^^^^ use of undeclared type `ClassSetBinaryOpKind`\n    |\nhelp: consider importing this enum\n    |\n560 +    use ast::ClassSetBinaryOpKind;\n    |\n\nerror[E0425]: cannot find value `class_frame` in this scope\n   --> regex-syntax/src/ast/visitor.rs:576:15\n    |\n576 |         rhs: &class_frame,\n    |               ^^^^^^^^^^^ not found in this scope\n\nwarning: `...` range patterns are deprecated\n    --> regex-syntax/src/ast/parse.rs:1445:16\n     |\n1445 |             '0'...'7' => {\n     |                ^^^ help: use `..=` for an inclusive range\n     |\n     = warning: this is accepted in the current edition (Rust 2015) but is a hard error in Rust 2021!\n     = note: for more information, see <https://doc.rust-lang.org/nightly/edition-guide/rust-2021/warnings-promoted-to-error.html>\n     = note: `#[warn(ellipsis_inclusive_range_patterns)]` on by default\n\nwarning: `...` range patterns are deprecated\n    --> regex-syntax/src/ast/parse.rs:1456:16\n     |\n1456 |             '8'...'9' if !self.parser().octal => {\n     |                ^^^ help: use `..=` for an inclusive range\n     |\n     = warning: this is accepted in the current edition (Rust 2015) but is a hard error in Rust 2021!\n     = note: for more information, see <https://doc.rust-lang.org/nightly/edition-guide/rust-2021/warnings-promoted-to-error.html>\n\nwarning: unused import: `Primitive`\n    --> regex-syntax/src/ast/parse.rs:2261:49\n     |\n2261 |     use super::{Parser, ParserI, ParserBuilder, Primitive};\n     |                                                 ^^^^^^^^^\n     |\n     = note: `#[warn(unused_imports)]` on by default\n\nwarning: unused macro definition: `assert_eq`\n    --> regex-syntax/src/ast/parse.rs:2265:18\n     |\n2265 |     macro_rules! assert_eq {\n     |                  ^^^^^^^^^\n     |\n     = note: `#[warn(unused_macros)]` on by default\n\nwarning: unused import: `ntest::timeout`\n   --> regex-syntax/src/ast/visitor.rs:561:8\n    |\n561 |    use ntest::timeout;\n    |        ^^^^^^^^^^^^^^\n\nwarning: unused import: `super::*`\n    --> regex-syntax/src/ast/mod.rs:1482:9\n     |\n1482 |     use super::*;\n     |         ^^^^^^^^\n\nwarning: unused import: `ast::parse::Parser`\n   --> regex-syntax/src/error.rs:288:9\n    |\n288 |     use ast::parse::Parser;\n    |         ^^^^^^^^^^^^^^^^^^\n\nwarning: unused import: `ParserBuilder`\n    --> regex-syntax/src/hir/literal/mod.rs:1004:9\n     |\n1004 |     use ParserBuilder;\n     |         ^^^^^^^^^^^^^\n\nwarning: unused imports: `Position` and `self`\n    --> regex-syntax/src/hir/translate.rs:1094:15\n     |\n1094 |     use ast::{self, Ast, Position, Span};\n     |               ^^^^       ^^^^^^^^\n\nwarning: unused import: `ascii_class`\n    --> regex-syntax/src/hir/translate.rs:1099:36\n     |\n1099 |     use super::{TranslatorBuilder, ascii_class};\n     |                                    ^^^^^^^^^^^\n\nwarning: unused imports: `contains_simple_case_mapping` and `simple_fold`\n   --> regex-syntax/src/unicode.rs:375:17\n    |\n375 |     use super::{contains_simple_case_mapping, simple_fold};\n    |                 ^^^^^^^^^^^^^^^^^^^^^^^^^^^^  ^^^^^^^^^^^\n\nwarning: `...` range patterns are deprecated\n   --> regex-syntax/src/lib.rs:195:21\n    |\n195 |         b'_' | b'0' ... b'9' | b'a' ... b'z' | b'A' ... b'Z'  => true,\n    |                     ^^^ help: use `..=` for an inclusive range\n    |\n    = warning: this is accepted in the current edition (Rust 2015) but is a hard error in Rust 2021!\n    = note: for more information, see <https://doc.rust-lang.org/nightly/edition-guide/rust-2021/warnings-promoted-to-error.html>\n\nwarning: `...` range patterns are deprecated\n   --> regex-syntax/src/lib.rs:195:37\n    |\n195 |         b'_' | b'0' ... b'9' | b'a' ... b'z' | b'A' ... b'Z'  => true,\n    |                                     ^^^ help: use `..=` for an inclusive range\n    |\n    = warning: this is accepted in the current edition (Rust 2015) but is a hard error in Rust 2021!\n    = note: for more information, see <https://doc.rust-lang.org/nightly/edition-guide/rust-2021/warnings-promoted-to-error.html>\n\nwarning: `...` range patterns are deprecated\n   --> regex-syntax/src/lib.rs:195:53\n    |\n195 |         b'_' | b'0' ... b'9' | b'a' ... b'z' | b'A' ... b'Z'  => true,\n    |                                                     ^^^ help: use `..=` for an inclusive range\n    |\n    = warning: this is accepted in the current edition (Rust 2015) but is a hard error in Rust 2021!\n    = note: for more information, see <https://doc.rust-lang.org/nightly/edition-guide/rust-2021/warnings-promoted-to-error.html>\n\nwarning: unused import: `super::*`\n   --> regex-syntax/src/lib.rs:202:9\n    |\n202 |     use super::*;\n    |         ^^^^^^^^\n\nerror[E0599]: no method named `fmt` found for enum `ast::visitor::ClassFrame` in the current scope\n   --> regex-syntax/src/ast/visitor.rs:579:30\n    |\n174 | enum ClassFrame<'a> {\n    | ------------------- method `fmt` not found for this enum\n...\n579 |     let result = class_frame.fmt(&mut buffer);\n    |                              ^^^ method not found in `ClassFrame<'_>`\n    |\n   ::: /home/abezbm/.rustup/toolchains/nightly-2024-07-21-x86_64-unknown-linux-gnu/lib/rustlib/src/rust/library/core/src/fmt/mod.rs:642:8\n    |\n642 |     fn fmt(&self, f: &mut Formatter<'_>) -> Result;\n    |        --- the method is available for `ast::visitor::ClassFrame<'_>` here\n    |\n    = help: items from traits can only be used if the trait is in scope\nhelp: trait `Debug` which provides `fmt` is implemented but not in scope; perhaps you want to import it\n    |\n560 +    use std::fmt::Debug;\n    |\n\nwarning: use of deprecated method `std::error::Error::description`: use the Display impl or to_string()\n  --> regex-syntax/src/error.rs:45:38\n   |\n45 |             Error::Parse(ref x) => x.description(),\n   |                                      ^^^^^^^^^^^\n   |\n   = note: `#[warn(deprecated)]` on by default\n\nwarning: use of deprecated method `std::error::Error::description`: use the Display impl or to_string()\n  --> regex-syntax/src/error.rs:46:42\n   |\n46 |             Error::Translate(ref x) => x.description(),\n   |                                          ^^^^^^^^^^^\n\nwarning: variable does not need to be mutable\n   --> regex-syntax/src/hir/literal/mod.rs:687:17\n    |\n687 |             let mut buf = &mut buf[..i];\n    |                 ----^^^\n    |                 |\n    |                 help: remove this `mut`\n    |\n    = note: `#[warn(unused_mut)]` on by default\n\nSome errors have detailed explanations: E0422, E0425, E0433, E0599.\nFor more information about an error, try `rustc --explain E0422`.\nwarning: `regex-syntax` (lib test) generated 18 warnings\nerror: could not compile `regex-syntax` (lib test) due to 8 previous errors; 18 warnings emitted\n"
                }
              ],
              "repaired": [
                false
              ]
            }
          ]
        }
      ]
    },
    {
      "chain_id": 3,
      "prompt_conds": [
        "// constraint: *self matches ClassFrame::Binary{..} is true\n",
        "// constraint: *self matches ClassFrame::Binary{..} is true\n"
      ],
      "input_infer": "",
      "answers": [
        {
          "uses": [
            "use std::fmt;"
          ],
          "has_test_mod": false,
          "common": [],
          "chain_tests": [
            {
              "attrs": [],
              "prefix": [],
              "oracles": [],
              "codes": [
                [
                  "{",
                  "    use std::fmt;",
                  "    ",
                  "    #[derive(Clone, Debug, Eq, PartialEq)]",
                  "    struct Span; // Dummy struct for Span",
                  "    ",
                  "    #[derive(Clone, Debug, Eq, PartialEq)]",
                  "    struct ClassSetBinaryOp; // Dummy struct for ClassSetBinaryOp",
                  "    ",
                  "    // Creating our test input",
                  "    let binary_op = ClassSetBinaryOp; // Initialize the binary operation",
                  "    let class_frame = ClassFrame::Binary { op: &binary_op }; // Create a ClassFrame",
                  "",
                  "    // Prepare a buffer to write to",
                  "    let mut output = Vec::new();",
                  "    let result = fmt::write(&mut output, format_args!(\"{}\", class_frame));",
                  "    ",
                  "    // Expect successful formatting without panic",
                  "    assert!(result.is_ok());",
                  "",
                  "    // Check the output",
                  "    let expected_output = \"Binary\"; // Expected output based on our match arm",
                  "    let actual_output = String::from_utf8(output).unwrap();",
                  "    assert_eq!(actual_output, expected_output);",
                  "}"
                ]
              ],
              "can_compile": [
                {
                  "Err": "warning: /home/abezbm/rust-utgen-test-crates-new/regex/regex-capi/Cargo.toml: no edition set: defaulting to the 2015 edition while the latest is 2021\nwarning: /home/abezbm/rust-utgen-test-crates-new/regex/regex-debug/Cargo.toml: no edition set: defaulting to the 2015 edition while the latest is 2021\nwarning: /home/abezbm/rust-utgen-test-crates-new/regex/regex-syntax/Cargo.toml: no edition set: defaulting to the 2015 edition while the latest is 2021\nwarning: /home/abezbm/rust-utgen-test-crates-new/regex/Cargo.toml: no edition set: defaulting to the 2015 edition while the latest is 2021\n   Compiling proc-macro2 v1.0.95\n   Compiling syn v1.0.109\n   Compiling quote v1.0.40\n   Compiling ntest_test_cases v0.9.3\n   Compiling ntest_timeout v0.9.3\n   Compiling ntest v0.9.3\n   Compiling regex-syntax v0.6.0 (/home/abezbm/rust-utgen-test-crates-new/regex/regex-syntax)\nwarning: `...` range patterns are deprecated\n    --> regex-syntax/src/ast/parse.rs:1445:16\n     |\n1445 |             '0'...'7' => {\n     |                ^^^ help: use `..=` for an inclusive range\n     |\n     = warning: this is accepted in the current edition (Rust 2015) but is a hard error in Rust 2021!\n     = note: for more information, see <https://doc.rust-lang.org/nightly/edition-guide/rust-2021/warnings-promoted-to-error.html>\n     = note: `#[warn(ellipsis_inclusive_range_patterns)]` on by default\n\nwarning: `...` range patterns are deprecated\n    --> regex-syntax/src/ast/parse.rs:1456:16\n     |\n1456 |             '8'...'9' if !self.parser().octal => {\n     |                ^^^ help: use `..=` for an inclusive range\n     |\n     = warning: this is accepted in the current edition (Rust 2015) but is a hard error in Rust 2021!\n     = note: for more information, see <https://doc.rust-lang.org/nightly/edition-guide/rust-2021/warnings-promoted-to-error.html>\n\nwarning: unused import: `Primitive`\n    --> regex-syntax/src/ast/parse.rs:2261:49\n     |\n2261 |     use super::{Parser, ParserI, ParserBuilder, Primitive};\n     |                                                 ^^^^^^^^^\n     |\n     = note: `#[warn(unused_imports)]` on by default\n\nwarning: unused macro definition: `assert_eq`\n    --> regex-syntax/src/ast/parse.rs:2265:18\n     |\n2265 |     macro_rules! assert_eq {\n     |                  ^^^^^^^^^\n     |\n     = note: `#[warn(unused_macros)]` on by default\n\nwarning: unused import: `ntest::timeout`\n   --> regex-syntax/src/ast/visitor.rs:561:8\n    |\n561 |    use ntest::timeout;\n    |        ^^^^^^^^^^^^^^\n\nwarning: unused import: `super::*`\n    --> regex-syntax/src/ast/mod.rs:1482:9\n     |\n1482 |     use super::*;\n     |         ^^^^^^^^\n\nwarning: unused import: `ast::parse::Parser`\n   --> regex-syntax/src/error.rs:288:9\n    |\n288 |     use ast::parse::Parser;\n    |         ^^^^^^^^^^^^^^^^^^\n\nwarning: unused import: `ParserBuilder`\n    --> regex-syntax/src/hir/literal/mod.rs:1004:9\n     |\n1004 |     use ParserBuilder;\n     |         ^^^^^^^^^^^^^\n\nwarning: unused imports: `Position` and `self`\n    --> regex-syntax/src/hir/translate.rs:1094:15\n     |\n1094 |     use ast::{self, Ast, Position, Span};\n     |               ^^^^       ^^^^^^^^\n\nwarning: unused import: `ascii_class`\n    --> regex-syntax/src/hir/translate.rs:1099:36\n     |\n1099 |     use super::{TranslatorBuilder, ascii_class};\n     |                                    ^^^^^^^^^^^\n\nwarning: unused imports: `contains_simple_case_mapping` and `simple_fold`\n   --> regex-syntax/src/unicode.rs:375:17\n    |\n375 |     use super::{contains_simple_case_mapping, simple_fold};\n    |                 ^^^^^^^^^^^^^^^^^^^^^^^^^^^^  ^^^^^^^^^^^\n\nwarning: `...` range patterns are deprecated\n   --> regex-syntax/src/lib.rs:195:21\n    |\n195 |         b'_' | b'0' ... b'9' | b'a' ... b'z' | b'A' ... b'Z'  => true,\n    |                     ^^^ help: use `..=` for an inclusive range\n    |\n    = warning: this is accepted in the current edition (Rust 2015) but is a hard error in Rust 2021!\n    = note: for more information, see <https://doc.rust-lang.org/nightly/edition-guide/rust-2021/warnings-promoted-to-error.html>\n\nwarning: `...` range patterns are deprecated\n   --> regex-syntax/src/lib.rs:195:37\n    |\n195 |         b'_' | b'0' ... b'9' | b'a' ... b'z' | b'A' ... b'Z'  => true,\n    |                                     ^^^ help: use `..=` for an inclusive range\n    |\n    = warning: this is accepted in the current edition (Rust 2015) but is a hard error in Rust 2021!\n    = note: for more information, see <https://doc.rust-lang.org/nightly/edition-guide/rust-2021/warnings-promoted-to-error.html>\n\nwarning: `...` range patterns are deprecated\n   --> regex-syntax/src/lib.rs:195:53\n    |\n195 |         b'_' | b'0' ... b'9' | b'a' ... b'z' | b'A' ... b'Z'  => true,\n    |                                                     ^^^ help: use `..=` for an inclusive range\n    |\n    = warning: this is accepted in the current edition (Rust 2015) but is a hard error in Rust 2021!\n    = note: for more information, see <https://doc.rust-lang.org/nightly/edition-guide/rust-2021/warnings-promoted-to-error.html>\n\nwarning: unused import: `super::*`\n   --> regex-syntax/src/lib.rs:202:9\n    |\n202 |     use super::*;\n    |         ^^^^^^^^\n\nerror[E0308]: mismatched types\n    --> regex-syntax/src/ast/visitor.rs:575:48\n     |\n575  |     let class_frame = ClassFrame::Binary { op: &binary_op }; // Create a ClassFrame\n     |                                                ^^^^^^^^^^ expected `ast::ClassSetBinaryOp`, found `ClassSetBinaryOp`\n     |\n     = note: `ClassSetBinaryOp` and `ast::ClassSetBinaryOp` have similar names, but are actually distinct types\nnote: `ClassSetBinaryOp` is defined in module `crate::ast::visitor::llmtests` of the current crate\n    --> regex-syntax/src/ast/visitor.rs:571:5\n     |\n571  |     struct ClassSetBinaryOp; // Dummy struct for ClassSetBinaryOp\n     |     ^^^^^^^^^^^^^^^^^^^^^^^\nnote: `ast::ClassSetBinaryOp` is defined in module `crate::ast` of the current crate\n    --> regex-syntax/src/ast/mod.rs:1071:1\n     |\n1071 | pub struct ClassSetBinaryOp {\n     | ^^^^^^^^^^^^^^^^^^^^^^^^^^^\n\nerror[E0277]: the trait bound `Vec<_>: std::fmt::Write` is not satisfied\n   --> regex-syntax/src/ast/visitor.rs:579:29\n    |\n579 |     let result = fmt::write(&mut output, format_args!(\"{}\", class_frame));\n    |                             ^^^^^^^^^^^ the trait `std::fmt::Write` is not implemented for `Vec<_>`\n    |\n    = help: the following other types implement trait `std::fmt::Write`:\n              &mut W\n              OsString\n              String\n              core::net::display_buffer::DisplayBuffer<SIZE>\n              std::fmt::Formatter<'_>\n    = note: required for the cast from `&mut Vec<_>` to `&mut dyn std::fmt::Write`\n\nerror[E0277]: `ast::visitor::ClassFrame<'_>` doesn't implement `std::fmt::Display`\n   --> regex-syntax/src/ast/visitor.rs:579:61\n    |\n579 |     let result = fmt::write(&mut output, format_args!(\"{}\", class_frame));\n    |                                                             ^^^^^^^^^^^ `ast::visitor::ClassFrame<'_>` cannot be formatted with the default formatter\n    |\n    = help: the trait `std::fmt::Display` is not implemented for `ast::visitor::ClassFrame<'_>`\n    = note: in format strings you may be able to use `{:?}` (or {:#?} for pretty-print) instead\n    = note: this error originates in the macro `format_args` (in Nightly builds, run with -Z macro-backtrace for more info)\n\nwarning: use of deprecated method `std::error::Error::description`: use the Display impl or to_string()\n  --> regex-syntax/src/error.rs:45:38\n   |\n45 |             Error::Parse(ref x) => x.description(),\n   |                                      ^^^^^^^^^^^\n   |\n   = note: `#[warn(deprecated)]` on by default\n\nwarning: use of deprecated method `std::error::Error::description`: use the Display impl or to_string()\n  --> regex-syntax/src/error.rs:46:42\n   |\n46 |             Error::Translate(ref x) => x.description(),\n   |                                          ^^^^^^^^^^^\n\nwarning: variable does not need to be mutable\n   --> regex-syntax/src/hir/literal/mod.rs:687:17\n    |\n687 |             let mut buf = &mut buf[..i];\n    |                 ----^^^\n    |                 |\n    |                 help: remove this `mut`\n    |\n    = note: `#[warn(unused_mut)]` on by default\n\nSome errors have detailed explanations: E0277, E0308.\nFor more information about an error, try `rustc --explain E0277`.\nwarning: `regex-syntax` (lib test) generated 18 warnings\nerror: could not compile `regex-syntax` (lib test) due to 3 previous errors; 18 warnings emitted\n"
                }
              ],
              "repaired": [
                false
              ]
            },
            {
              "attrs": [],
              "prefix": [],
              "oracles": [],
              "codes": [
                [
                  "{",
                  "    use std::fmt;",
                  "",
                  "    #[derive(Clone, Debug, Eq, PartialEq)]",
                  "    struct Span; // Dummy struct for Span",
                  "    ",
                  "    #[derive(Clone, Debug, Eq, PartialEq)]",
                  "    struct ClassSetBinaryOp; // Dummy struct for ClassSetBinaryOp",
                  "    ",
                  "    // Creating our test input",
                  "    let binary_op = ClassSetBinaryOp; // Initialize the binary operation",
                  "    let class_frame = ClassFrame::Union {",
                  "        head: &ast::ClassSetItem::Empty(Span), // Dummy item",
                  "        tail: &[], // Empty tail",
                  "    };",
                  "",
                  "    // Prepare a buffer to write to",
                  "    let mut output = Vec::new();",
                  "    let result = fmt::write(&mut output, format_args!(\"{}\", class_frame));",
                  "    ",
                  "    // Expect successful formatting without panic",
                  "    assert!(result.is_ok());",
                  "",
                  "    // Check the output",
                  "    let expected_output = \"Union\"; // Expected output based on our match arm",
                  "    let actual_output = String::from_utf8(output).unwrap();",
                  "    assert_eq!(actual_output, expected_output);",
                  "}"
                ]
              ],
              "can_compile": [
                {
                  "Err": "warning: /home/abezbm/rust-utgen-test-crates-new/regex/Cargo.toml: no edition set: defaulting to the 2015 edition while the latest is 2021\nwarning: /home/abezbm/rust-utgen-test-crates-new/regex/regex-debug/Cargo.toml: no edition set: defaulting to the 2015 edition while the latest is 2021\nwarning: /home/abezbm/rust-utgen-test-crates-new/regex/regex-capi/Cargo.toml: no edition set: defaulting to the 2015 edition while the latest is 2021\nwarning: /home/abezbm/rust-utgen-test-crates-new/regex/regex-syntax/Cargo.toml: no edition set: defaulting to the 2015 edition while the latest is 2021\n   Compiling proc-macro2 v1.0.95\n   Compiling syn v1.0.109\n   Compiling quote v1.0.40\n   Compiling ntest_timeout v0.9.3\n   Compiling ntest_test_cases v0.9.3\n   Compiling ntest v0.9.3\n   Compiling regex-syntax v0.6.0 (/home/abezbm/rust-utgen-test-crates-new/regex/regex-syntax)\nwarning: `...` range patterns are deprecated\n    --> regex-syntax/src/ast/parse.rs:1445:16\n     |\n1445 |             '0'...'7' => {\n     |                ^^^ help: use `..=` for an inclusive range\n     |\n     = warning: this is accepted in the current edition (Rust 2015) but is a hard error in Rust 2021!\n     = note: for more information, see <https://doc.rust-lang.org/nightly/edition-guide/rust-2021/warnings-promoted-to-error.html>\n     = note: `#[warn(ellipsis_inclusive_range_patterns)]` on by default\n\nwarning: `...` range patterns are deprecated\n    --> regex-syntax/src/ast/parse.rs:1456:16\n     |\n1456 |             '8'...'9' if !self.parser().octal => {\n     |                ^^^ help: use `..=` for an inclusive range\n     |\n     = warning: this is accepted in the current edition (Rust 2015) but is a hard error in Rust 2021!\n     = note: for more information, see <https://doc.rust-lang.org/nightly/edition-guide/rust-2021/warnings-promoted-to-error.html>\n\nwarning: unused import: `Primitive`\n    --> regex-syntax/src/ast/parse.rs:2261:49\n     |\n2261 |     use super::{Parser, ParserI, ParserBuilder, Primitive};\n     |                                                 ^^^^^^^^^\n     |\n     = note: `#[warn(unused_imports)]` on by default\n\nwarning: unused macro definition: `assert_eq`\n    --> regex-syntax/src/ast/parse.rs:2265:18\n     |\n2265 |     macro_rules! assert_eq {\n     |                  ^^^^^^^^^\n     |\n     = note: `#[warn(unused_macros)]` on by default\n\nwarning: unused import: `ntest::timeout`\n   --> regex-syntax/src/ast/visitor.rs:561:8\n    |\n561 |    use ntest::timeout;\n    |        ^^^^^^^^^^^^^^\n\nwarning: unused import: `super::*`\n    --> regex-syntax/src/ast/mod.rs:1482:9\n     |\n1482 |     use super::*;\n     |         ^^^^^^^^\n\nwarning: unused import: `ast::parse::Parser`\n   --> regex-syntax/src/error.rs:288:9\n    |\n288 |     use ast::parse::Parser;\n    |         ^^^^^^^^^^^^^^^^^^\n\nwarning: unused import: `ParserBuilder`\n    --> regex-syntax/src/hir/literal/mod.rs:1004:9\n     |\n1004 |     use ParserBuilder;\n     |         ^^^^^^^^^^^^^\n\nwarning: unused imports: `Position` and `self`\n    --> regex-syntax/src/hir/translate.rs:1094:15\n     |\n1094 |     use ast::{self, Ast, Position, Span};\n     |               ^^^^       ^^^^^^^^\n\nwarning: unused import: `ascii_class`\n    --> regex-syntax/src/hir/translate.rs:1099:36\n     |\n1099 |     use super::{TranslatorBuilder, ascii_class};\n     |                                    ^^^^^^^^^^^\n\nwarning: unused imports: `contains_simple_case_mapping` and `simple_fold`\n   --> regex-syntax/src/unicode.rs:375:17\n    |\n375 |     use super::{contains_simple_case_mapping, simple_fold};\n    |                 ^^^^^^^^^^^^^^^^^^^^^^^^^^^^  ^^^^^^^^^^^\n\nwarning: `...` range patterns are deprecated\n   --> regex-syntax/src/lib.rs:195:21\n    |\n195 |         b'_' | b'0' ... b'9' | b'a' ... b'z' | b'A' ... b'Z'  => true,\n    |                     ^^^ help: use `..=` for an inclusive range\n    |\n    = warning: this is accepted in the current edition (Rust 2015) but is a hard error in Rust 2021!\n    = note: for more information, see <https://doc.rust-lang.org/nightly/edition-guide/rust-2021/warnings-promoted-to-error.html>\n\nwarning: `...` range patterns are deprecated\n   --> regex-syntax/src/lib.rs:195:37\n    |\n195 |         b'_' | b'0' ... b'9' | b'a' ... b'z' | b'A' ... b'Z'  => true,\n    |                                     ^^^ help: use `..=` for an inclusive range\n    |\n    = warning: this is accepted in the current edition (Rust 2015) but is a hard error in Rust 2021!\n    = note: for more information, see <https://doc.rust-lang.org/nightly/edition-guide/rust-2021/warnings-promoted-to-error.html>\n\nwarning: `...` range patterns are deprecated\n   --> regex-syntax/src/lib.rs:195:53\n    |\n195 |         b'_' | b'0' ... b'9' | b'a' ... b'z' | b'A' ... b'Z'  => true,\n    |                                                     ^^^ help: use `..=` for an inclusive range\n    |\n    = warning: this is accepted in the current edition (Rust 2015) but is a hard error in Rust 2021!\n    = note: for more information, see <https://doc.rust-lang.org/nightly/edition-guide/rust-2021/warnings-promoted-to-error.html>\n\nwarning: unused import: `super::*`\n   --> regex-syntax/src/lib.rs:202:9\n    |\n202 |     use super::*;\n    |         ^^^^^^^^\n\nerror[E0308]: mismatched types\n   --> regex-syntax/src/ast/visitor.rs:576:41\n    |\n576 |         head: &ast::ClassSetItem::Empty(Span), // Dummy item\n    |                ------------------------ ^^^^ expected `ast::Span`, found `llmtests::test_fmt_05::Span`\n    |                |\n    |                arguments to this enum variant are incorrect\n    |\n    = note: `llmtests::test_fmt_05::Span` and `ast::Span` have similar names, but are actually distinct types\nnote: `llmtests::test_fmt_05::Span` is defined in module `crate::ast::visitor::llmtests` of the current crate\n   --> regex-syntax/src/ast/visitor.rs:568:5\n    |\n568 |     struct Span; // Dummy struct for Span\n    |     ^^^^^^^^^^^\nnote: `ast::Span` is defined in module `crate::ast` of the current crate\n   --> regex-syntax/src/ast/mod.rs:333:1\n    |\n333 | pub struct Span {\n    | ^^^^^^^^^^^^^^^\nnote: tuple variant defined here\n   --> regex-syntax/src/ast/mod.rs:969:5\n    |\n969 |     Empty(Span),\n    |     ^^^^^\n\nerror[E0277]: the trait bound `Vec<_>: std::fmt::Write` is not satisfied\n   --> regex-syntax/src/ast/visitor.rs:582:29\n    |\n582 |     let result = fmt::write(&mut output, format_args!(\"{}\", class_frame));\n    |                             ^^^^^^^^^^^ the trait `std::fmt::Write` is not implemented for `Vec<_>`\n    |\n    = help: the following other types implement trait `std::fmt::Write`:\n              &mut W\n              OsString\n              String\n              core::net::display_buffer::DisplayBuffer<SIZE>\n              std::fmt::Formatter<'_>\n    = note: required for the cast from `&mut Vec<_>` to `&mut dyn std::fmt::Write`\n\nerror[E0277]: `ast::visitor::ClassFrame<'_>` doesn't implement `std::fmt::Display`\n   --> regex-syntax/src/ast/visitor.rs:582:61\n    |\n582 |     let result = fmt::write(&mut output, format_args!(\"{}\", class_frame));\n    |                                                             ^^^^^^^^^^^ `ast::visitor::ClassFrame<'_>` cannot be formatted with the default formatter\n    |\n    = help: the trait `std::fmt::Display` is not implemented for `ast::visitor::ClassFrame<'_>`\n    = note: in format strings you may be able to use `{:?}` (or {:#?} for pretty-print) instead\n    = note: this error originates in the macro `format_args` (in Nightly builds, run with -Z macro-backtrace for more info)\n\nwarning: use of deprecated method `std::error::Error::description`: use the Display impl or to_string()\n  --> regex-syntax/src/error.rs:45:38\n   |\n45 |             Error::Parse(ref x) => x.description(),\n   |                                      ^^^^^^^^^^^\n   |\n   = note: `#[warn(deprecated)]` on by default\n\nwarning: use of deprecated method `std::error::Error::description`: use the Display impl or to_string()\n  --> regex-syntax/src/error.rs:46:42\n   |\n46 |             Error::Translate(ref x) => x.description(),\n   |                                          ^^^^^^^^^^^\n\nwarning: variable does not need to be mutable\n   --> regex-syntax/src/hir/literal/mod.rs:687:17\n    |\n687 |             let mut buf = &mut buf[..i];\n    |                 ----^^^\n    |                 |\n    |                 help: remove this `mut`\n    |\n    = note: `#[warn(unused_mut)]` on by default\n\nSome errors have detailed explanations: E0277, E0308.\nFor more information about an error, try `rustc --explain E0277`.\nwarning: `regex-syntax` (lib test) generated 18 warnings\nerror: could not compile `regex-syntax` (lib test) due to 3 previous errors; 18 warnings emitted\n"
                }
              ],
              "repaired": [
                false
              ]
            },
            {
              "attrs": [],
              "prefix": [],
              "oracles": [],
              "codes": [
                [
                  "{",
                  "    use std::fmt;",
                  "",
                  "    #[derive(Clone, Debug, Eq, PartialEq)]",
                  "    struct Span; // Dummy struct for Span",
                  "    ",
                  "    #[derive(Clone, Debug, Eq, PartialEq)]",
                  "    struct ClassSetBinaryOp; // Dummy struct for ClassSetBinaryOp",
                  "    ",
                  "    // Creating our test input",
                  "    let binary_op = ClassSetBinaryOp; // Initialize the binary operation",
                  "    let class_frame = ClassFrame::BinaryLHS {",
                  "        op: &binary_op,",
                  "        lhs: &ast::ClassSet::Item(ast::ClassSetItem::Empty(Span)), // Dummy left hand side",
                  "        rhs: &ast::ClassSet::Item(ast::ClassSetItem::Empty(Span)), // Dummy right hand side",
                  "    };",
                  "",
                  "    // Prepare a buffer to write to",
                  "    let mut output = Vec::new();",
                  "    let result = fmt::write(&mut output, format_args!(\"{}\", class_frame));",
                  "    ",
                  "    // Expect successful formatting without panic",
                  "    assert!(result.is_ok());",
                  "",
                  "    // Check the output",
                  "    let expected_output = \"BinaryLHS\"; // Expected output based on our match arm",
                  "    let actual_output = String::from_utf8(output).unwrap();",
                  "    assert_eq!(actual_output, expected_output);",
                  "}"
                ]
              ],
              "can_compile": [
                {
                  "Err": "warning: /home/abezbm/rust-utgen-test-crates-new/regex/regex-capi/Cargo.toml: no edition set: defaulting to the 2015 edition while the latest is 2021\nwarning: /home/abezbm/rust-utgen-test-crates-new/regex/regex-syntax/Cargo.toml: no edition set: defaulting to the 2015 edition while the latest is 2021\nwarning: /home/abezbm/rust-utgen-test-crates-new/regex/Cargo.toml: no edition set: defaulting to the 2015 edition while the latest is 2021\nwarning: /home/abezbm/rust-utgen-test-crates-new/regex/regex-debug/Cargo.toml: no edition set: defaulting to the 2015 edition while the latest is 2021\n   Compiling proc-macro2 v1.0.95\n   Compiling syn v1.0.109\n   Compiling quote v1.0.40\n   Compiling ntest_test_cases v0.9.3\n   Compiling ntest_timeout v0.9.3\n   Compiling ntest v0.9.3\n   Compiling regex-syntax v0.6.0 (/home/abezbm/rust-utgen-test-crates-new/regex/regex-syntax)\nwarning: `...` range patterns are deprecated\n    --> regex-syntax/src/ast/parse.rs:1445:16\n     |\n1445 |             '0'...'7' => {\n     |                ^^^ help: use `..=` for an inclusive range\n     |\n     = warning: this is accepted in the current edition (Rust 2015) but is a hard error in Rust 2021!\n     = note: for more information, see <https://doc.rust-lang.org/nightly/edition-guide/rust-2021/warnings-promoted-to-error.html>\n     = note: `#[warn(ellipsis_inclusive_range_patterns)]` on by default\n\nwarning: `...` range patterns are deprecated\n    --> regex-syntax/src/ast/parse.rs:1456:16\n     |\n1456 |             '8'...'9' if !self.parser().octal => {\n     |                ^^^ help: use `..=` for an inclusive range\n     |\n     = warning: this is accepted in the current edition (Rust 2015) but is a hard error in Rust 2021!\n     = note: for more information, see <https://doc.rust-lang.org/nightly/edition-guide/rust-2021/warnings-promoted-to-error.html>\n\nwarning: unused import: `Primitive`\n    --> regex-syntax/src/ast/parse.rs:2261:49\n     |\n2261 |     use super::{Parser, ParserI, ParserBuilder, Primitive};\n     |                                                 ^^^^^^^^^\n     |\n     = note: `#[warn(unused_imports)]` on by default\n\nwarning: unused macro definition: `assert_eq`\n    --> regex-syntax/src/ast/parse.rs:2265:18\n     |\n2265 |     macro_rules! assert_eq {\n     |                  ^^^^^^^^^\n     |\n     = note: `#[warn(unused_macros)]` on by default\n\nwarning: unused import: `ntest::timeout`\n   --> regex-syntax/src/ast/visitor.rs:561:8\n    |\n561 |    use ntest::timeout;\n    |        ^^^^^^^^^^^^^^\n\nwarning: unused import: `super::*`\n    --> regex-syntax/src/ast/mod.rs:1482:9\n     |\n1482 |     use super::*;\n     |         ^^^^^^^^\n\nwarning: unused import: `ast::parse::Parser`\n   --> regex-syntax/src/error.rs:288:9\n    |\n288 |     use ast::parse::Parser;\n    |         ^^^^^^^^^^^^^^^^^^\n\nwarning: unused import: `ParserBuilder`\n    --> regex-syntax/src/hir/literal/mod.rs:1004:9\n     |\n1004 |     use ParserBuilder;\n     |         ^^^^^^^^^^^^^\n\nwarning: unused imports: `Position` and `self`\n    --> regex-syntax/src/hir/translate.rs:1094:15\n     |\n1094 |     use ast::{self, Ast, Position, Span};\n     |               ^^^^       ^^^^^^^^\n\nwarning: unused import: `ascii_class`\n    --> regex-syntax/src/hir/translate.rs:1099:36\n     |\n1099 |     use super::{TranslatorBuilder, ascii_class};\n     |                                    ^^^^^^^^^^^\n\nwarning: unused imports: `contains_simple_case_mapping` and `simple_fold`\n   --> regex-syntax/src/unicode.rs:375:17\n    |\n375 |     use super::{contains_simple_case_mapping, simple_fold};\n    |                 ^^^^^^^^^^^^^^^^^^^^^^^^^^^^  ^^^^^^^^^^^\n\nwarning: `...` range patterns are deprecated\n   --> regex-syntax/src/lib.rs:195:21\n    |\n195 |         b'_' | b'0' ... b'9' | b'a' ... b'z' | b'A' ... b'Z'  => true,\n    |                     ^^^ help: use `..=` for an inclusive range\n    |\n    = warning: this is accepted in the current edition (Rust 2015) but is a hard error in Rust 2021!\n    = note: for more information, see <https://doc.rust-lang.org/nightly/edition-guide/rust-2021/warnings-promoted-to-error.html>\n\nwarning: `...` range patterns are deprecated\n   --> regex-syntax/src/lib.rs:195:37\n    |\n195 |         b'_' | b'0' ... b'9' | b'a' ... b'z' | b'A' ... b'Z'  => true,\n    |                                     ^^^ help: use `..=` for an inclusive range\n    |\n    = warning: this is accepted in the current edition (Rust 2015) but is a hard error in Rust 2021!\n    = note: for more information, see <https://doc.rust-lang.org/nightly/edition-guide/rust-2021/warnings-promoted-to-error.html>\n\nwarning: `...` range patterns are deprecated\n   --> regex-syntax/src/lib.rs:195:53\n    |\n195 |         b'_' | b'0' ... b'9' | b'a' ... b'z' | b'A' ... b'Z'  => true,\n    |                                                     ^^^ help: use `..=` for an inclusive range\n    |\n    = warning: this is accepted in the current edition (Rust 2015) but is a hard error in Rust 2021!\n    = note: for more information, see <https://doc.rust-lang.org/nightly/edition-guide/rust-2021/warnings-promoted-to-error.html>\n\nwarning: unused import: `super::*`\n   --> regex-syntax/src/lib.rs:202:9\n    |\n202 |     use super::*;\n    |         ^^^^^^^^\n\nerror[E0308]: mismatched types\n    --> regex-syntax/src/ast/visitor.rs:576:13\n     |\n576  |         op: &binary_op,\n     |             ^^^^^^^^^^ expected `ast::ClassSetBinaryOp`, found `ClassSetBinaryOp`\n     |\n     = note: `ClassSetBinaryOp` and `ast::ClassSetBinaryOp` have similar names, but are actually distinct types\nnote: `ClassSetBinaryOp` is defined in module `crate::ast::visitor::llmtests` of the current crate\n    --> regex-syntax/src/ast/visitor.rs:571:5\n     |\n571  |     struct ClassSetBinaryOp; // Dummy struct for ClassSetBinaryOp\n     |     ^^^^^^^^^^^^^^^^^^^^^^^\nnote: `ast::ClassSetBinaryOp` is defined in module `crate::ast` of the current crate\n    --> regex-syntax/src/ast/mod.rs:1071:1\n     |\n1071 | pub struct ClassSetBinaryOp {\n     | ^^^^^^^^^^^^^^^^^^^^^^^^^^^\n\nerror[E0308]: mismatched types\n   --> regex-syntax/src/ast/visitor.rs:577:60\n    |\n577 |         lhs: &ast::ClassSet::Item(ast::ClassSetItem::Empty(Span)), // Dummy left hand side\n    |                                   ------------------------ ^^^^ expected `ast::Span`, found `llmtests::test_fmt_06::Span`\n    |                                   |\n    |                                   arguments to this enum variant are incorrect\n    |\n    = note: `llmtests::test_fmt_06::Span` and `ast::Span` have similar names, but are actually distinct types\nnote: `llmtests::test_fmt_06::Span` is defined in module `crate::ast::visitor::llmtests` of the current crate\n   --> regex-syntax/src/ast/visitor.rs:568:5\n    |\n568 |     struct Span; // Dummy struct for Span\n    |     ^^^^^^^^^^^\nnote: `ast::Span` is defined in module `crate::ast` of the current crate\n   --> regex-syntax/src/ast/mod.rs:333:1\n    |\n333 | pub struct Span {\n    | ^^^^^^^^^^^^^^^\nnote: tuple variant defined here\n   --> regex-syntax/src/ast/mod.rs:969:5\n    |\n969 |     Empty(Span),\n    |     ^^^^^\n\nerror[E0308]: mismatched types\n   --> regex-syntax/src/ast/visitor.rs:578:60\n    |\n578 |         rhs: &ast::ClassSet::Item(ast::ClassSetItem::Empty(Span)), // Dummy right hand side\n    |                                   ------------------------ ^^^^ expected `ast::Span`, found `llmtests::test_fmt_06::Span`\n    |                                   |\n    |                                   arguments to this enum variant are incorrect\n    |\n    = note: `llmtests::test_fmt_06::Span` and `ast::Span` have similar names, but are actually distinct types\nnote: `llmtests::test_fmt_06::Span` is defined in module `crate::ast::visitor::llmtests` of the current crate\n   --> regex-syntax/src/ast/visitor.rs:568:5\n    |\n568 |     struct Span; // Dummy struct for Span\n    |     ^^^^^^^^^^^\nnote: `ast::Span` is defined in module `crate::ast` of the current crate\n   --> regex-syntax/src/ast/mod.rs:333:1\n    |\n333 | pub struct Span {\n    | ^^^^^^^^^^^^^^^\nnote: tuple variant defined here\n   --> regex-syntax/src/ast/mod.rs:969:5\n    |\n969 |     Empty(Span),\n    |     ^^^^^\n\nerror[E0277]: the trait bound `Vec<_>: std::fmt::Write` is not satisfied\n   --> regex-syntax/src/ast/visitor.rs:583:29\n    |\n583 |     let result = fmt::write(&mut output, format_args!(\"{}\", class_frame));\n    |                             ^^^^^^^^^^^ the trait `std::fmt::Write` is not implemented for `Vec<_>`\n    |\n    = help: the following other types implement trait `std::fmt::Write`:\n              &mut W\n              OsString\n              String\n              core::net::display_buffer::DisplayBuffer<SIZE>\n              std::fmt::Formatter<'_>\n    = note: required for the cast from `&mut Vec<_>` to `&mut dyn std::fmt::Write`\n\nerror[E0277]: `ast::visitor::ClassFrame<'_>` doesn't implement `std::fmt::Display`\n   --> regex-syntax/src/ast/visitor.rs:583:61\n    |\n583 |     let result = fmt::write(&mut output, format_args!(\"{}\", class_frame));\n    |                                                             ^^^^^^^^^^^ `ast::visitor::ClassFrame<'_>` cannot be formatted with the default formatter\n    |\n    = help: the trait `std::fmt::Display` is not implemented for `ast::visitor::ClassFrame<'_>`\n    = note: in format strings you may be able to use `{:?}` (or {:#?} for pretty-print) instead\n    = note: this error originates in the macro `format_args` (in Nightly builds, run with -Z macro-backtrace for more info)\n\nwarning: use of deprecated method `std::error::Error::description`: use the Display impl or to_string()\n  --> regex-syntax/src/error.rs:45:38\n   |\n45 |             Error::Parse(ref x) => x.description(),\n   |                                      ^^^^^^^^^^^\n   |\n   = note: `#[warn(deprecated)]` on by default\n\nwarning: use of deprecated method `std::error::Error::description`: use the Display impl or to_string()\n  --> regex-syntax/src/error.rs:46:42\n   |\n46 |             Error::Translate(ref x) => x.description(),\n   |                                          ^^^^^^^^^^^\n\nwarning: variable does not need to be mutable\n   --> regex-syntax/src/hir/literal/mod.rs:687:17\n    |\n687 |             let mut buf = &mut buf[..i];\n    |                 ----^^^\n    |                 |\n    |                 help: remove this `mut`\n    |\n    = note: `#[warn(unused_mut)]` on by default\n\nSome errors have detailed explanations: E0277, E0308.\nFor more information about an error, try `rustc --explain E0277`.\nwarning: `regex-syntax` (lib test) generated 18 warnings\nerror: could not compile `regex-syntax` (lib test) due to 5 previous errors; 18 warnings emitted\n"
                }
              ],
              "repaired": [
                false
              ]
            },
            {
              "attrs": [],
              "prefix": [],
              "oracles": [],
              "codes": [
                [
                  "{",
                  "    use std::fmt;",
                  "",
                  "    #[derive(Clone, Debug, Eq, PartialEq)]",
                  "    struct Span; // Dummy struct for Span",
                  "    ",
                  "    #[derive(Clone, Debug, Eq, PartialEq)]",
                  "    struct ClassSetBinaryOp; // Dummy struct for ClassSetBinaryOp",
                  "    ",
                  "    // Creating our test input",
                  "    let binary_op = ClassSetBinaryOp; // Initialize the binary operation",
                  "    let class_frame = ClassFrame::BinaryRHS {",
                  "        op: &binary_op,",
                  "        rhs: &ast::ClassSet::Item(ast::ClassSetItem::Empty(Span)), // Dummy right hand side",
                  "    };",
                  "",
                  "    // Prepare a buffer to write to",
                  "    let mut output = Vec::new();",
                  "    let result = fmt::write(&mut output, format_args!(\"{}\", class_frame));",
                  "    ",
                  "    // Expect successful formatting without panic",
                  "    assert!(result.is_ok());",
                  "",
                  "    // Check the output",
                  "    let expected_output = \"BinaryRHS\"; // Expected output based on our match arm",
                  "    let actual_output = String::from_utf8(output).unwrap();",
                  "    assert_eq!(actual_output, expected_output);",
                  "}"
                ]
              ],
              "can_compile": [
                {
                  "Err": "warning: /home/abezbm/rust-utgen-test-crates-new/regex/regex-capi/Cargo.toml: no edition set: defaulting to the 2015 edition while the latest is 2021\nwarning: /home/abezbm/rust-utgen-test-crates-new/regex/regex-syntax/Cargo.toml: no edition set: defaulting to the 2015 edition while the latest is 2021\nwarning: /home/abezbm/rust-utgen-test-crates-new/regex/Cargo.toml: no edition set: defaulting to the 2015 edition while the latest is 2021\nwarning: /home/abezbm/rust-utgen-test-crates-new/regex/regex-debug/Cargo.toml: no edition set: defaulting to the 2015 edition while the latest is 2021\n   Compiling proc-macro2 v1.0.95\n   Compiling syn v1.0.109\n   Compiling quote v1.0.40\n   Compiling ntest_timeout v0.9.3\n   Compiling ntest_test_cases v0.9.3\n   Compiling ntest v0.9.3\n   Compiling regex-syntax v0.6.0 (/home/abezbm/rust-utgen-test-crates-new/regex/regex-syntax)\nwarning: `...` range patterns are deprecated\n    --> regex-syntax/src/ast/parse.rs:1445:16\n     |\n1445 |             '0'...'7' => {\n     |                ^^^ help: use `..=` for an inclusive range\n     |\n     = warning: this is accepted in the current edition (Rust 2015) but is a hard error in Rust 2021!\n     = note: for more information, see <https://doc.rust-lang.org/nightly/edition-guide/rust-2021/warnings-promoted-to-error.html>\n     = note: `#[warn(ellipsis_inclusive_range_patterns)]` on by default\n\nwarning: `...` range patterns are deprecated\n    --> regex-syntax/src/ast/parse.rs:1456:16\n     |\n1456 |             '8'...'9' if !self.parser().octal => {\n     |                ^^^ help: use `..=` for an inclusive range\n     |\n     = warning: this is accepted in the current edition (Rust 2015) but is a hard error in Rust 2021!\n     = note: for more information, see <https://doc.rust-lang.org/nightly/edition-guide/rust-2021/warnings-promoted-to-error.html>\n\nwarning: unused import: `Primitive`\n    --> regex-syntax/src/ast/parse.rs:2261:49\n     |\n2261 |     use super::{Parser, ParserI, ParserBuilder, Primitive};\n     |                                                 ^^^^^^^^^\n     |\n     = note: `#[warn(unused_imports)]` on by default\n\nwarning: unused macro definition: `assert_eq`\n    --> regex-syntax/src/ast/parse.rs:2265:18\n     |\n2265 |     macro_rules! assert_eq {\n     |                  ^^^^^^^^^\n     |\n     = note: `#[warn(unused_macros)]` on by default\n\nwarning: unused import: `ntest::timeout`\n   --> regex-syntax/src/ast/visitor.rs:561:8\n    |\n561 |    use ntest::timeout;\n    |        ^^^^^^^^^^^^^^\n\nwarning: unused import: `super::*`\n    --> regex-syntax/src/ast/mod.rs:1482:9\n     |\n1482 |     use super::*;\n     |         ^^^^^^^^\n\nwarning: unused import: `ast::parse::Parser`\n   --> regex-syntax/src/error.rs:288:9\n    |\n288 |     use ast::parse::Parser;\n    |         ^^^^^^^^^^^^^^^^^^\n\nwarning: unused import: `ParserBuilder`\n    --> regex-syntax/src/hir/literal/mod.rs:1004:9\n     |\n1004 |     use ParserBuilder;\n     |         ^^^^^^^^^^^^^\n\nwarning: unused imports: `Position` and `self`\n    --> regex-syntax/src/hir/translate.rs:1094:15\n     |\n1094 |     use ast::{self, Ast, Position, Span};\n     |               ^^^^       ^^^^^^^^\n\nwarning: unused import: `ascii_class`\n    --> regex-syntax/src/hir/translate.rs:1099:36\n     |\n1099 |     use super::{TranslatorBuilder, ascii_class};\n     |                                    ^^^^^^^^^^^\n\nwarning: unused imports: `contains_simple_case_mapping` and `simple_fold`\n   --> regex-syntax/src/unicode.rs:375:17\n    |\n375 |     use super::{contains_simple_case_mapping, simple_fold};\n    |                 ^^^^^^^^^^^^^^^^^^^^^^^^^^^^  ^^^^^^^^^^^\n\nwarning: `...` range patterns are deprecated\n   --> regex-syntax/src/lib.rs:195:21\n    |\n195 |         b'_' | b'0' ... b'9' | b'a' ... b'z' | b'A' ... b'Z'  => true,\n    |                     ^^^ help: use `..=` for an inclusive range\n    |\n    = warning: this is accepted in the current edition (Rust 2015) but is a hard error in Rust 2021!\n    = note: for more information, see <https://doc.rust-lang.org/nightly/edition-guide/rust-2021/warnings-promoted-to-error.html>\n\nwarning: `...` range patterns are deprecated\n   --> regex-syntax/src/lib.rs:195:37\n    |\n195 |         b'_' | b'0' ... b'9' | b'a' ... b'z' | b'A' ... b'Z'  => true,\n    |                                     ^^^ help: use `..=` for an inclusive range\n    |\n    = warning: this is accepted in the current edition (Rust 2015) but is a hard error in Rust 2021!\n    = note: for more information, see <https://doc.rust-lang.org/nightly/edition-guide/rust-2021/warnings-promoted-to-error.html>\n\nwarning: `...` range patterns are deprecated\n   --> regex-syntax/src/lib.rs:195:53\n    |\n195 |         b'_' | b'0' ... b'9' | b'a' ... b'z' | b'A' ... b'Z'  => true,\n    |                                                     ^^^ help: use `..=` for an inclusive range\n    |\n    = warning: this is accepted in the current edition (Rust 2015) but is a hard error in Rust 2021!\n    = note: for more information, see <https://doc.rust-lang.org/nightly/edition-guide/rust-2021/warnings-promoted-to-error.html>\n\nwarning: unused import: `super::*`\n   --> regex-syntax/src/lib.rs:202:9\n    |\n202 |     use super::*;\n    |         ^^^^^^^^\n\nerror[E0308]: mismatched types\n    --> regex-syntax/src/ast/visitor.rs:576:13\n     |\n576  |         op: &binary_op,\n     |             ^^^^^^^^^^ expected `ast::ClassSetBinaryOp`, found `ClassSetBinaryOp`\n     |\n     = note: `ClassSetBinaryOp` and `ast::ClassSetBinaryOp` have similar names, but are actually distinct types\nnote: `ClassSetBinaryOp` is defined in module `crate::ast::visitor::llmtests` of the current crate\n    --> regex-syntax/src/ast/visitor.rs:571:5\n     |\n571  |     struct ClassSetBinaryOp; // Dummy struct for ClassSetBinaryOp\n     |     ^^^^^^^^^^^^^^^^^^^^^^^\nnote: `ast::ClassSetBinaryOp` is defined in module `crate::ast` of the current crate\n    --> regex-syntax/src/ast/mod.rs:1071:1\n     |\n1071 | pub struct ClassSetBinaryOp {\n     | ^^^^^^^^^^^^^^^^^^^^^^^^^^^\n\nerror[E0308]: mismatched types\n   --> regex-syntax/src/ast/visitor.rs:577:60\n    |\n577 |         rhs: &ast::ClassSet::Item(ast::ClassSetItem::Empty(Span)), // Dummy right hand side\n    |                                   ------------------------ ^^^^ expected `ast::Span`, found `llmtests::test_fmt_07::Span`\n    |                                   |\n    |                                   arguments to this enum variant are incorrect\n    |\n    = note: `llmtests::test_fmt_07::Span` and `ast::Span` have similar names, but are actually distinct types\nnote: `llmtests::test_fmt_07::Span` is defined in module `crate::ast::visitor::llmtests` of the current crate\n   --> regex-syntax/src/ast/visitor.rs:568:5\n    |\n568 |     struct Span; // Dummy struct for Span\n    |     ^^^^^^^^^^^\nnote: `ast::Span` is defined in module `crate::ast` of the current crate\n   --> regex-syntax/src/ast/mod.rs:333:1\n    |\n333 | pub struct Span {\n    | ^^^^^^^^^^^^^^^\nnote: tuple variant defined here\n   --> regex-syntax/src/ast/mod.rs:969:5\n    |\n969 |     Empty(Span),\n    |     ^^^^^\n\nerror[E0277]: the trait bound `Vec<_>: std::fmt::Write` is not satisfied\n   --> regex-syntax/src/ast/visitor.rs:582:29\n    |\n582 |     let result = fmt::write(&mut output, format_args!(\"{}\", class_frame));\n    |                             ^^^^^^^^^^^ the trait `std::fmt::Write` is not implemented for `Vec<_>`\n    |\n    = help: the following other types implement trait `std::fmt::Write`:\n              &mut W\n              OsString\n              String\n              core::net::display_buffer::DisplayBuffer<SIZE>\n              std::fmt::Formatter<'_>\n    = note: required for the cast from `&mut Vec<_>` to `&mut dyn std::fmt::Write`\n\nerror[E0277]: `ast::visitor::ClassFrame<'_>` doesn't implement `std::fmt::Display`\n   --> regex-syntax/src/ast/visitor.rs:582:61\n    |\n582 |     let result = fmt::write(&mut output, format_args!(\"{}\", class_frame));\n    |                                                             ^^^^^^^^^^^ `ast::visitor::ClassFrame<'_>` cannot be formatted with the default formatter\n    |\n    = help: the trait `std::fmt::Display` is not implemented for `ast::visitor::ClassFrame<'_>`\n    = note: in format strings you may be able to use `{:?}` (or {:#?} for pretty-print) instead\n    = note: this error originates in the macro `format_args` (in Nightly builds, run with -Z macro-backtrace for more info)\n\nwarning: use of deprecated method `std::error::Error::description`: use the Display impl or to_string()\n  --> regex-syntax/src/error.rs:45:38\n   |\n45 |             Error::Parse(ref x) => x.description(),\n   |                                      ^^^^^^^^^^^\n   |\n   = note: `#[warn(deprecated)]` on by default\n\nwarning: use of deprecated method `std::error::Error::description`: use the Display impl or to_string()\n  --> regex-syntax/src/error.rs:46:42\n   |\n46 |             Error::Translate(ref x) => x.description(),\n   |                                          ^^^^^^^^^^^\n\nwarning: variable does not need to be mutable\n   --> regex-syntax/src/hir/literal/mod.rs:687:17\n    |\n687 |             let mut buf = &mut buf[..i];\n    |                 ----^^^\n    |                 |\n    |                 help: remove this `mut`\n    |\n    = note: `#[warn(unused_mut)]` on by default\n\nSome errors have detailed explanations: E0277, E0308.\nFor more information about an error, try `rustc --explain E0277`.\nwarning: `regex-syntax` (lib test) generated 18 warnings\nerror: could not compile `regex-syntax` (lib test) due to 4 previous errors; 18 warnings emitted\n"
                }
              ],
              "repaired": [
                false
              ]
            }
          ]
        }
      ]
    },
    {
      "chain_id": 4,
      "prompt_conds": [
        "// constraint: *self matches ClassFrame::Union{..} is true\n",
        "// constraint: *self matches ClassFrame::Union{..} is true\n"
      ],
      "input_infer": "",
      "answers": [
        {
          "uses": [
            "use ast::ClassSetItem;",
            "use std::fmt;",
            "use ast::ClassSet;"
          ],
          "has_test_mod": false,
          "common": [],
          "chain_tests": [
            {
              "attrs": [],
              "prefix": [],
              "oracles": [],
              "codes": [
                [
                  "{",
                  "    use ast::{ClassSetItem, ClassSet};",
                  "    use std::fmt;",
                  "",
                  "    #[derive(Clone, Debug, Eq, PartialEq)]",
                  "    struct Span;",
                  "",
                  "    let span = Span;",
                  "    let head = ClassSetItem::Empty(span.clone());",
                  "    let tail: &[ClassSetItem] = &[];",
                  "    ",
                  "    let frame = ClassFrame::Union {",
                  "        head: &head,",
                  "        tail: tail,",
                  "    };",
                  "",
                  "    let result = format!(\"{:?}\", frame);",
                  "    assert_eq!(result, \"Union\");",
                  "}"
                ]
              ],
              "can_compile": [
                {
                  "Err": "warning: /home/abezbm/rust-utgen-test-crates-new/regex/regex-debug/Cargo.toml: no edition set: defaulting to the 2015 edition while the latest is 2021\nwarning: /home/abezbm/rust-utgen-test-crates-new/regex/regex-capi/Cargo.toml: no edition set: defaulting to the 2015 edition while the latest is 2021\nwarning: /home/abezbm/rust-utgen-test-crates-new/regex/regex-syntax/Cargo.toml: no edition set: defaulting to the 2015 edition while the latest is 2021\nwarning: /home/abezbm/rust-utgen-test-crates-new/regex/Cargo.toml: no edition set: defaulting to the 2015 edition while the latest is 2021\n   Compiling proc-macro2 v1.0.95\n   Compiling syn v1.0.109\n   Compiling quote v1.0.40\n   Compiling ntest_test_cases v0.9.3\n   Compiling ntest_timeout v0.9.3\n   Compiling ntest v0.9.3\n   Compiling regex-syntax v0.6.0 (/home/abezbm/rust-utgen-test-crates-new/regex/regex-syntax)\nwarning: `...` range patterns are deprecated\n    --> regex-syntax/src/ast/parse.rs:1445:16\n     |\n1445 |             '0'...'7' => {\n     |                ^^^ help: use `..=` for an inclusive range\n     |\n     = warning: this is accepted in the current edition (Rust 2015) but is a hard error in Rust 2021!\n     = note: for more information, see <https://doc.rust-lang.org/nightly/edition-guide/rust-2021/warnings-promoted-to-error.html>\n     = note: `#[warn(ellipsis_inclusive_range_patterns)]` on by default\n\nwarning: `...` range patterns are deprecated\n    --> regex-syntax/src/ast/parse.rs:1456:16\n     |\n1456 |             '8'...'9' if !self.parser().octal => {\n     |                ^^^ help: use `..=` for an inclusive range\n     |\n     = warning: this is accepted in the current edition (Rust 2015) but is a hard error in Rust 2021!\n     = note: for more information, see <https://doc.rust-lang.org/nightly/edition-guide/rust-2021/warnings-promoted-to-error.html>\n\nwarning: unused import: `Primitive`\n    --> regex-syntax/src/ast/parse.rs:2261:49\n     |\n2261 |     use super::{Parser, ParserI, ParserBuilder, Primitive};\n     |                                                 ^^^^^^^^^\n     |\n     = note: `#[warn(unused_imports)]` on by default\n\nwarning: unused macro definition: `assert_eq`\n    --> regex-syntax/src/ast/parse.rs:2265:18\n     |\n2265 |     macro_rules! assert_eq {\n     |                  ^^^^^^^^^\n     |\n     = note: `#[warn(unused_macros)]` on by default\n\nwarning: unused import: `ntest::timeout`\n   --> regex-syntax/src/ast/visitor.rs:561:8\n    |\n561 |    use ntest::timeout;\n    |        ^^^^^^^^^^^^^^\n\nwarning: unused import: `ClassSet`\n   --> regex-syntax/src/ast/visitor.rs:565:29\n    |\n565 |     use ast::{ClassSetItem, ClassSet};\n    |                             ^^^^^^^^\n\nwarning: unused import: `std::fmt`\n   --> regex-syntax/src/ast/visitor.rs:566:9\n    |\n566 |     use std::fmt;\n    |         ^^^^^^^^\n\nwarning: unused import: `super::*`\n    --> regex-syntax/src/ast/mod.rs:1482:9\n     |\n1482 |     use super::*;\n     |         ^^^^^^^^\n\nwarning: unused import: `ast::parse::Parser`\n   --> regex-syntax/src/error.rs:288:9\n    |\n288 |     use ast::parse::Parser;\n    |         ^^^^^^^^^^^^^^^^^^\n\nwarning: unused import: `ParserBuilder`\n    --> regex-syntax/src/hir/literal/mod.rs:1004:9\n     |\n1004 |     use ParserBuilder;\n     |         ^^^^^^^^^^^^^\n\nwarning: unused imports: `Position` and `self`\n    --> regex-syntax/src/hir/translate.rs:1094:15\n     |\n1094 |     use ast::{self, Ast, Position, Span};\n     |               ^^^^       ^^^^^^^^\n\nwarning: unused import: `ascii_class`\n    --> regex-syntax/src/hir/translate.rs:1099:36\n     |\n1099 |     use super::{TranslatorBuilder, ascii_class};\n     |                                    ^^^^^^^^^^^\n\nwarning: unused imports: `contains_simple_case_mapping` and `simple_fold`\n   --> regex-syntax/src/unicode.rs:375:17\n    |\n375 |     use super::{contains_simple_case_mapping, simple_fold};\n    |                 ^^^^^^^^^^^^^^^^^^^^^^^^^^^^  ^^^^^^^^^^^\n\nwarning: `...` range patterns are deprecated\n   --> regex-syntax/src/lib.rs:195:21\n    |\n195 |         b'_' | b'0' ... b'9' | b'a' ... b'z' | b'A' ... b'Z'  => true,\n    |                     ^^^ help: use `..=` for an inclusive range\n    |\n    = warning: this is accepted in the current edition (Rust 2015) but is a hard error in Rust 2021!\n    = note: for more information, see <https://doc.rust-lang.org/nightly/edition-guide/rust-2021/warnings-promoted-to-error.html>\n\nwarning: `...` range patterns are deprecated\n   --> regex-syntax/src/lib.rs:195:37\n    |\n195 |         b'_' | b'0' ... b'9' | b'a' ... b'z' | b'A' ... b'Z'  => true,\n    |                                     ^^^ help: use `..=` for an inclusive range\n    |\n    = warning: this is accepted in the current edition (Rust 2015) but is a hard error in Rust 2021!\n    = note: for more information, see <https://doc.rust-lang.org/nightly/edition-guide/rust-2021/warnings-promoted-to-error.html>\n\nwarning: `...` range patterns are deprecated\n   --> regex-syntax/src/lib.rs:195:53\n    |\n195 |         b'_' | b'0' ... b'9' | b'a' ... b'z' | b'A' ... b'Z'  => true,\n    |                                                     ^^^ help: use `..=` for an inclusive range\n    |\n    = warning: this is accepted in the current edition (Rust 2015) but is a hard error in Rust 2021!\n    = note: for more information, see <https://doc.rust-lang.org/nightly/edition-guide/rust-2021/warnings-promoted-to-error.html>\n\nwarning: unused import: `super::*`\n   --> regex-syntax/src/lib.rs:202:9\n    |\n202 |     use super::*;\n    |         ^^^^^^^^\n\nerror[E0308]: mismatched types\n   --> regex-syntax/src/ast/visitor.rs:572:36\n    |\n572 |     let head = ClassSetItem::Empty(span.clone());\n    |                ------------------- ^^^^^^^^^^^^ expected `ast::Span`, found `llmtests::test_fmt_08::Span`\n    |                |\n    |                arguments to this enum variant are incorrect\n    |\n    = note: `llmtests::test_fmt_08::Span` and `ast::Span` have similar names, but are actually distinct types\nnote: `llmtests::test_fmt_08::Span` is defined in module `crate::ast::visitor::llmtests` of the current crate\n   --> regex-syntax/src/ast/visitor.rs:569:5\n    |\n569 |     struct Span;\n    |     ^^^^^^^^^^^\nnote: `ast::Span` is defined in module `crate::ast` of the current crate\n   --> regex-syntax/src/ast/mod.rs:333:1\n    |\n333 | pub struct Span {\n    | ^^^^^^^^^^^^^^^\nnote: tuple variant defined here\n   --> regex-syntax/src/ast/mod.rs:969:5\n    |\n969 |     Empty(Span),\n    |     ^^^^^\n\nwarning: use of deprecated method `std::error::Error::description`: use the Display impl or to_string()\n  --> regex-syntax/src/error.rs:45:38\n   |\n45 |             Error::Parse(ref x) => x.description(),\n   |                                      ^^^^^^^^^^^\n   |\n   = note: `#[warn(deprecated)]` on by default\n\nwarning: use of deprecated method `std::error::Error::description`: use the Display impl or to_string()\n  --> regex-syntax/src/error.rs:46:42\n   |\n46 |             Error::Translate(ref x) => x.description(),\n   |                                          ^^^^^^^^^^^\n\nwarning: variable does not need to be mutable\n   --> regex-syntax/src/hir/literal/mod.rs:687:17\n    |\n687 |             let mut buf = &mut buf[..i];\n    |                 ----^^^\n    |                 |\n    |                 help: remove this `mut`\n    |\n    = note: `#[warn(unused_mut)]` on by default\n\nFor more information about this error, try `rustc --explain E0308`.\nwarning: `regex-syntax` (lib test) generated 20 warnings\nerror: could not compile `regex-syntax` (lib test) due to 1 previous error; 20 warnings emitted\n"
                }
              ],
              "repaired": [
                false
              ]
            },
            {
              "attrs": [],
              "prefix": [],
              "oracles": [],
              "codes": [
                [
                  "{",
                  "    use ast::{ClassSetItem, ClassSet};",
                  "",
                  "    #[derive(Clone, Debug, Eq, PartialEq)]",
                  "    struct Span;",
                  "",
                  "    let span = Span;",
                  "    ",
                  "    let lhs = ClassSet::Item(ClassSetItem::Literal(Literal));",
                  "    let rhs = ClassSet::Item(ClassSetItem::Literal(Literal));",
                  "    let binary_op = ClassSetBinaryOp {",
                  "        span,",
                  "        kind: ClassSetBinaryOpKind,",
                  "        lhs: Box::new(lhs),",
                  "        rhs: Box::new(rhs),",
                  "    };",
                  "",
                  "    let frame = ClassFrame::Binary {",
                  "        op: &binary_op,",
                  "    };",
                  "",
                  "    let result = format!(\"{:?}\", frame);",
                  "    assert_eq!(result, \"Binary\");",
                  "}"
                ]
              ],
              "can_compile": [
                {
                  "Err": "warning: /home/abezbm/rust-utgen-test-crates-new/regex/regex-capi/Cargo.toml: no edition set: defaulting to the 2015 edition while the latest is 2021\nwarning: /home/abezbm/rust-utgen-test-crates-new/regex/regex-debug/Cargo.toml: no edition set: defaulting to the 2015 edition while the latest is 2021\nwarning: /home/abezbm/rust-utgen-test-crates-new/regex/Cargo.toml: no edition set: defaulting to the 2015 edition while the latest is 2021\nwarning: /home/abezbm/rust-utgen-test-crates-new/regex/regex-syntax/Cargo.toml: no edition set: defaulting to the 2015 edition while the latest is 2021\n   Compiling proc-macro2 v1.0.95\n   Compiling syn v1.0.109\n   Compiling quote v1.0.40\n   Compiling ntest_test_cases v0.9.3\n   Compiling ntest_timeout v0.9.3\n   Compiling ntest v0.9.3\n   Compiling regex-syntax v0.6.0 (/home/abezbm/rust-utgen-test-crates-new/regex/regex-syntax)\nerror[E0425]: cannot find value `Literal` in this scope\n   --> regex-syntax/src/ast/visitor.rs:572:52\n    |\n572 |     let lhs = ClassSet::Item(ClassSetItem::Literal(Literal));\n    |                                                    ^^^^^^^ not found in this scope\n    |\nhelp: consider importing one of these tuple variants\n    |\n560 +    use ast::Ast::Literal;\n    |\n560 +    use ast::ClassSetItem::Literal;\n    |\n560 +    use hir::HirKind::Literal;\n    |\n\nerror[E0425]: cannot find value `Literal` in this scope\n   --> regex-syntax/src/ast/visitor.rs:573:52\n    |\n573 |     let rhs = ClassSet::Item(ClassSetItem::Literal(Literal));\n    |                                                    ^^^^^^^ not found in this scope\n    |\nhelp: consider importing one of these tuple variants\n    |\n560 +    use ast::Ast::Literal;\n    |\n560 +    use ast::ClassSetItem::Literal;\n    |\n560 +    use hir::HirKind::Literal;\n    |\n\nerror[E0422]: cannot find struct, variant or union type `ClassSetBinaryOp` in this scope\n   --> regex-syntax/src/ast/visitor.rs:574:21\n    |\n574 |     let binary_op = ClassSetBinaryOp {\n    |                     ^^^^^^^^^^^^^^^^ not found in this scope\n    |\nhelp: consider importing this struct\n    |\n560 +    use ast::ClassSetBinaryOp;\n    |\n\nerror[E0425]: cannot find value `ClassSetBinaryOpKind` in this scope\n   --> regex-syntax/src/ast/visitor.rs:576:15\n    |\n576 |         kind: ClassSetBinaryOpKind,\n    |               ^^^^^^^^^^^^^^^^^^^^ not found in this scope\n\nwarning: `...` range patterns are deprecated\n    --> regex-syntax/src/ast/parse.rs:1445:16\n     |\n1445 |             '0'...'7' => {\n     |                ^^^ help: use `..=` for an inclusive range\n     |\n     = warning: this is accepted in the current edition (Rust 2015) but is a hard error in Rust 2021!\n     = note: for more information, see <https://doc.rust-lang.org/nightly/edition-guide/rust-2021/warnings-promoted-to-error.html>\n     = note: `#[warn(ellipsis_inclusive_range_patterns)]` on by default\n\nwarning: `...` range patterns are deprecated\n    --> regex-syntax/src/ast/parse.rs:1456:16\n     |\n1456 |             '8'...'9' if !self.parser().octal => {\n     |                ^^^ help: use `..=` for an inclusive range\n     |\n     = warning: this is accepted in the current edition (Rust 2015) but is a hard error in Rust 2021!\n     = note: for more information, see <https://doc.rust-lang.org/nightly/edition-guide/rust-2021/warnings-promoted-to-error.html>\n\nwarning: unused import: `Primitive`\n    --> regex-syntax/src/ast/parse.rs:2261:49\n     |\n2261 |     use super::{Parser, ParserI, ParserBuilder, Primitive};\n     |                                                 ^^^^^^^^^\n     |\n     = note: `#[warn(unused_imports)]` on by default\n\nwarning: unused macro definition: `assert_eq`\n    --> regex-syntax/src/ast/parse.rs:2265:18\n     |\n2265 |     macro_rules! assert_eq {\n     |                  ^^^^^^^^^\n     |\n     = note: `#[warn(unused_macros)]` on by default\n\nwarning: unused import: `ntest::timeout`\n   --> regex-syntax/src/ast/visitor.rs:561:8\n    |\n561 |    use ntest::timeout;\n    |        ^^^^^^^^^^^^^^\n\nwarning: unused import: `super::*`\n    --> regex-syntax/src/ast/mod.rs:1482:9\n     |\n1482 |     use super::*;\n     |         ^^^^^^^^\n\nwarning: unused import: `ast::parse::Parser`\n   --> regex-syntax/src/error.rs:288:9\n    |\n288 |     use ast::parse::Parser;\n    |         ^^^^^^^^^^^^^^^^^^\n\nwarning: unused import: `ParserBuilder`\n    --> regex-syntax/src/hir/literal/mod.rs:1004:9\n     |\n1004 |     use ParserBuilder;\n     |         ^^^^^^^^^^^^^\n\nwarning: unused imports: `Position` and `self`\n    --> regex-syntax/src/hir/translate.rs:1094:15\n     |\n1094 |     use ast::{self, Ast, Position, Span};\n     |               ^^^^       ^^^^^^^^\n\nwarning: unused import: `ascii_class`\n    --> regex-syntax/src/hir/translate.rs:1099:36\n     |\n1099 |     use super::{TranslatorBuilder, ascii_class};\n     |                                    ^^^^^^^^^^^\n\nwarning: unused imports: `contains_simple_case_mapping` and `simple_fold`\n   --> regex-syntax/src/unicode.rs:375:17\n    |\n375 |     use super::{contains_simple_case_mapping, simple_fold};\n    |                 ^^^^^^^^^^^^^^^^^^^^^^^^^^^^  ^^^^^^^^^^^\n\nwarning: `...` range patterns are deprecated\n   --> regex-syntax/src/lib.rs:195:21\n    |\n195 |         b'_' | b'0' ... b'9' | b'a' ... b'z' | b'A' ... b'Z'  => true,\n    |                     ^^^ help: use `..=` for an inclusive range\n    |\n    = warning: this is accepted in the current edition (Rust 2015) but is a hard error in Rust 2021!\n    = note: for more information, see <https://doc.rust-lang.org/nightly/edition-guide/rust-2021/warnings-promoted-to-error.html>\n\nwarning: `...` range patterns are deprecated\n   --> regex-syntax/src/lib.rs:195:37\n    |\n195 |         b'_' | b'0' ... b'9' | b'a' ... b'z' | b'A' ... b'Z'  => true,\n    |                                     ^^^ help: use `..=` for an inclusive range\n    |\n    = warning: this is accepted in the current edition (Rust 2015) but is a hard error in Rust 2021!\n    = note: for more information, see <https://doc.rust-lang.org/nightly/edition-guide/rust-2021/warnings-promoted-to-error.html>\n\nwarning: `...` range patterns are deprecated\n   --> regex-syntax/src/lib.rs:195:53\n    |\n195 |         b'_' | b'0' ... b'9' | b'a' ... b'z' | b'A' ... b'Z'  => true,\n    |                                                     ^^^ help: use `..=` for an inclusive range\n    |\n    = warning: this is accepted in the current edition (Rust 2015) but is a hard error in Rust 2021!\n    = note: for more information, see <https://doc.rust-lang.org/nightly/edition-guide/rust-2021/warnings-promoted-to-error.html>\n\nwarning: unused import: `super::*`\n   --> regex-syntax/src/lib.rs:202:9\n    |\n202 |     use super::*;\n    |         ^^^^^^^^\n\nwarning: use of deprecated method `std::error::Error::description`: use the Display impl or to_string()\n  --> regex-syntax/src/error.rs:45:38\n   |\n45 |             Error::Parse(ref x) => x.description(),\n   |                                      ^^^^^^^^^^^\n   |\n   = note: `#[warn(deprecated)]` on by default\n\nwarning: use of deprecated method `std::error::Error::description`: use the Display impl or to_string()\n  --> regex-syntax/src/error.rs:46:42\n   |\n46 |             Error::Translate(ref x) => x.description(),\n   |                                          ^^^^^^^^^^^\n\nwarning: variable does not need to be mutable\n   --> regex-syntax/src/hir/literal/mod.rs:687:17\n    |\n687 |             let mut buf = &mut buf[..i];\n    |                 ----^^^\n    |                 |\n    |                 help: remove this `mut`\n    |\n    = note: `#[warn(unused_mut)]` on by default\n\nSome errors have detailed explanations: E0422, E0425.\nFor more information about an error, try `rustc --explain E0422`.\nwarning: `regex-syntax` (lib test) generated 18 warnings\nerror: could not compile `regex-syntax` (lib test) due to 4 previous errors; 18 warnings emitted\n"
                }
              ],
              "repaired": [
                false
              ]
            },
            {
              "attrs": [],
              "prefix": [],
              "oracles": [],
              "codes": [
                [
                  "{",
                  "    use ast::{ClassSetItem, ClassSet};",
                  "",
                  "    #[derive(Clone, Debug, Eq, PartialEq)]",
                  "    struct Span;",
                  "",
                  "    let span = Span;",
                  "",
                  "    let lhs = ClassSet::Item(ClassSetItem::Literal(Literal));",
                  "    let rhs = ClassSet::Item(ClassSetItem::Literal(Literal));",
                  "    let binary_op = ClassSetBinaryOp {",
                  "        span,",
                  "        kind: ClassSetBinaryOpKind,",
                  "        lhs: Box::new(lhs),",
                  "        rhs: Box::new(rhs),",
                  "    };",
                  "",
                  "    let frame = ClassFrame::BinaryLHS {",
                  "        op: &binary_op,",
                  "        lhs: &lhs,",
                  "        rhs: &rhs,",
                  "    };",
                  "",
                  "    let result = format!(\"{:?}\", frame);",
                  "    assert_eq!(result, \"BinaryLHS\");",
                  "}"
                ]
              ],
              "can_compile": [
                {
                  "Err": "warning: /home/abezbm/rust-utgen-test-crates-new/regex/regex-syntax/Cargo.toml: no edition set: defaulting to the 2015 edition while the latest is 2021\nwarning: /home/abezbm/rust-utgen-test-crates-new/regex/regex-capi/Cargo.toml: no edition set: defaulting to the 2015 edition while the latest is 2021\nwarning: /home/abezbm/rust-utgen-test-crates-new/regex/Cargo.toml: no edition set: defaulting to the 2015 edition while the latest is 2021\nwarning: /home/abezbm/rust-utgen-test-crates-new/regex/regex-debug/Cargo.toml: no edition set: defaulting to the 2015 edition while the latest is 2021\n   Compiling proc-macro2 v1.0.95\n   Compiling syn v1.0.109\n   Compiling quote v1.0.40\n   Compiling ntest_test_cases v0.9.3\n   Compiling ntest_timeout v0.9.3\n   Compiling ntest v0.9.3\n   Compiling regex-syntax v0.6.0 (/home/abezbm/rust-utgen-test-crates-new/regex/regex-syntax)\nerror[E0425]: cannot find value `Literal` in this scope\n   --> regex-syntax/src/ast/visitor.rs:572:52\n    |\n572 |     let lhs = ClassSet::Item(ClassSetItem::Literal(Literal));\n    |                                                    ^^^^^^^ not found in this scope\n    |\nhelp: consider importing one of these tuple variants\n    |\n560 +    use ast::Ast::Literal;\n    |\n560 +    use ast::ClassSetItem::Literal;\n    |\n560 +    use hir::HirKind::Literal;\n    |\n\nerror[E0425]: cannot find value `Literal` in this scope\n   --> regex-syntax/src/ast/visitor.rs:573:52\n    |\n573 |     let rhs = ClassSet::Item(ClassSetItem::Literal(Literal));\n    |                                                    ^^^^^^^ not found in this scope\n    |\nhelp: consider importing one of these tuple variants\n    |\n560 +    use ast::Ast::Literal;\n    |\n560 +    use ast::ClassSetItem::Literal;\n    |\n560 +    use hir::HirKind::Literal;\n    |\n\nerror[E0422]: cannot find struct, variant or union type `ClassSetBinaryOp` in this scope\n   --> regex-syntax/src/ast/visitor.rs:574:21\n    |\n574 |     let binary_op = ClassSetBinaryOp {\n    |                     ^^^^^^^^^^^^^^^^ not found in this scope\n    |\nhelp: consider importing this struct\n    |\n560 +    use ast::ClassSetBinaryOp;\n    |\n\nerror[E0425]: cannot find value `ClassSetBinaryOpKind` in this scope\n   --> regex-syntax/src/ast/visitor.rs:576:15\n    |\n576 |         kind: ClassSetBinaryOpKind,\n    |               ^^^^^^^^^^^^^^^^^^^^ not found in this scope\n\nwarning: `...` range patterns are deprecated\n    --> regex-syntax/src/ast/parse.rs:1445:16\n     |\n1445 |             '0'...'7' => {\n     |                ^^^ help: use `..=` for an inclusive range\n     |\n     = warning: this is accepted in the current edition (Rust 2015) but is a hard error in Rust 2021!\n     = note: for more information, see <https://doc.rust-lang.org/nightly/edition-guide/rust-2021/warnings-promoted-to-error.html>\n     = note: `#[warn(ellipsis_inclusive_range_patterns)]` on by default\n\nwarning: `...` range patterns are deprecated\n    --> regex-syntax/src/ast/parse.rs:1456:16\n     |\n1456 |             '8'...'9' if !self.parser().octal => {\n     |                ^^^ help: use `..=` for an inclusive range\n     |\n     = warning: this is accepted in the current edition (Rust 2015) but is a hard error in Rust 2021!\n     = note: for more information, see <https://doc.rust-lang.org/nightly/edition-guide/rust-2021/warnings-promoted-to-error.html>\n\nwarning: unused import: `Primitive`\n    --> regex-syntax/src/ast/parse.rs:2261:49\n     |\n2261 |     use super::{Parser, ParserI, ParserBuilder, Primitive};\n     |                                                 ^^^^^^^^^\n     |\n     = note: `#[warn(unused_imports)]` on by default\n\nwarning: unused macro definition: `assert_eq`\n    --> regex-syntax/src/ast/parse.rs:2265:18\n     |\n2265 |     macro_rules! assert_eq {\n     |                  ^^^^^^^^^\n     |\n     = note: `#[warn(unused_macros)]` on by default\n\nwarning: unused import: `ntest::timeout`\n   --> regex-syntax/src/ast/visitor.rs:561:8\n    |\n561 |    use ntest::timeout;\n    |        ^^^^^^^^^^^^^^\n\nwarning: unused import: `super::*`\n    --> regex-syntax/src/ast/mod.rs:1482:9\n     |\n1482 |     use super::*;\n     |         ^^^^^^^^\n\nwarning: unused import: `ast::parse::Parser`\n   --> regex-syntax/src/error.rs:288:9\n    |\n288 |     use ast::parse::Parser;\n    |         ^^^^^^^^^^^^^^^^^^\n\nwarning: unused import: `ParserBuilder`\n    --> regex-syntax/src/hir/literal/mod.rs:1004:9\n     |\n1004 |     use ParserBuilder;\n     |         ^^^^^^^^^^^^^\n\nwarning: unused imports: `Position` and `self`\n    --> regex-syntax/src/hir/translate.rs:1094:15\n     |\n1094 |     use ast::{self, Ast, Position, Span};\n     |               ^^^^       ^^^^^^^^\n\nwarning: unused import: `ascii_class`\n    --> regex-syntax/src/hir/translate.rs:1099:36\n     |\n1099 |     use super::{TranslatorBuilder, ascii_class};\n     |                                    ^^^^^^^^^^^\n\nwarning: unused imports: `contains_simple_case_mapping` and `simple_fold`\n   --> regex-syntax/src/unicode.rs:375:17\n    |\n375 |     use super::{contains_simple_case_mapping, simple_fold};\n    |                 ^^^^^^^^^^^^^^^^^^^^^^^^^^^^  ^^^^^^^^^^^\n\nwarning: `...` range patterns are deprecated\n   --> regex-syntax/src/lib.rs:195:21\n    |\n195 |         b'_' | b'0' ... b'9' | b'a' ... b'z' | b'A' ... b'Z'  => true,\n    |                     ^^^ help: use `..=` for an inclusive range\n    |\n    = warning: this is accepted in the current edition (Rust 2015) but is a hard error in Rust 2021!\n    = note: for more information, see <https://doc.rust-lang.org/nightly/edition-guide/rust-2021/warnings-promoted-to-error.html>\n\nwarning: `...` range patterns are deprecated\n   --> regex-syntax/src/lib.rs:195:37\n    |\n195 |         b'_' | b'0' ... b'9' | b'a' ... b'z' | b'A' ... b'Z'  => true,\n    |                                     ^^^ help: use `..=` for an inclusive range\n    |\n    = warning: this is accepted in the current edition (Rust 2015) but is a hard error in Rust 2021!\n    = note: for more information, see <https://doc.rust-lang.org/nightly/edition-guide/rust-2021/warnings-promoted-to-error.html>\n\nwarning: `...` range patterns are deprecated\n   --> regex-syntax/src/lib.rs:195:53\n    |\n195 |         b'_' | b'0' ... b'9' | b'a' ... b'z' | b'A' ... b'Z'  => true,\n    |                                                     ^^^ help: use `..=` for an inclusive range\n    |\n    = warning: this is accepted in the current edition (Rust 2015) but is a hard error in Rust 2021!\n    = note: for more information, see <https://doc.rust-lang.org/nightly/edition-guide/rust-2021/warnings-promoted-to-error.html>\n\nwarning: unused import: `super::*`\n   --> regex-syntax/src/lib.rs:202:9\n    |\n202 |     use super::*;\n    |         ^^^^^^^^\n\nwarning: use of deprecated method `std::error::Error::description`: use the Display impl or to_string()\n  --> regex-syntax/src/error.rs:45:38\n   |\n45 |             Error::Parse(ref x) => x.description(),\n   |                                      ^^^^^^^^^^^\n   |\n   = note: `#[warn(deprecated)]` on by default\n\nwarning: use of deprecated method `std::error::Error::description`: use the Display impl or to_string()\n  --> regex-syntax/src/error.rs:46:42\n   |\n46 |             Error::Translate(ref x) => x.description(),\n   |                                          ^^^^^^^^^^^\n\nwarning: variable does not need to be mutable\n   --> regex-syntax/src/hir/literal/mod.rs:687:17\n    |\n687 |             let mut buf = &mut buf[..i];\n    |                 ----^^^\n    |                 |\n    |                 help: remove this `mut`\n    |\n    = note: `#[warn(unused_mut)]` on by default\n\nSome errors have detailed explanations: E0422, E0425.\nFor more information about an error, try `rustc --explain E0422`.\nwarning: `regex-syntax` (lib test) generated 18 warnings\nerror: could not compile `regex-syntax` (lib test) due to 4 previous errors; 18 warnings emitted\n"
                }
              ],
              "repaired": [
                false
              ]
            },
            {
              "attrs": [],
              "prefix": [],
              "oracles": [],
              "codes": [
                [
                  "{",
                  "    use ast::{ClassSetItem, ClassSet};",
                  "",
                  "    #[derive(Clone, Debug, Eq, PartialEq)]",
                  "    struct Span;",
                  "",
                  "    let span = Span;",
                  "",
                  "    let lhs = ClassSet::Item(ClassSetItem::Literal(Literal));",
                  "    let rhs = ClassSet::Item(ClassSetItem::Literal(Literal));",
                  "    let binary_op = ClassSetBinaryOp {",
                  "        span,",
                  "        kind: ClassSetBinaryOpKind,",
                  "        lhs: Box::new(lhs),",
                  "        rhs: Box::new(rhs),",
                  "    };",
                  "",
                  "    let frame = ClassFrame::BinaryRHS {",
                  "        op: &binary_op,",
                  "        rhs: &rhs,",
                  "    };",
                  "",
                  "    let result = format!(\"{:?}\", frame);",
                  "    assert_eq!(result, \"BinaryRHS\");",
                  "}"
                ]
              ],
              "can_compile": [
                {
                  "Err": "warning: /home/abezbm/rust-utgen-test-crates-new/regex/Cargo.toml: no edition set: defaulting to the 2015 edition while the latest is 2021\nwarning: /home/abezbm/rust-utgen-test-crates-new/regex/regex-syntax/Cargo.toml: no edition set: defaulting to the 2015 edition while the latest is 2021\nwarning: /home/abezbm/rust-utgen-test-crates-new/regex/regex-debug/Cargo.toml: no edition set: defaulting to the 2015 edition while the latest is 2021\nwarning: /home/abezbm/rust-utgen-test-crates-new/regex/regex-capi/Cargo.toml: no edition set: defaulting to the 2015 edition while the latest is 2021\n   Compiling proc-macro2 v1.0.95\n   Compiling syn v1.0.109\n   Compiling quote v1.0.40\n   Compiling ntest_test_cases v0.9.3\n   Compiling ntest_timeout v0.9.3\n   Compiling ntest v0.9.3\n   Compiling regex-syntax v0.6.0 (/home/abezbm/rust-utgen-test-crates-new/regex/regex-syntax)\nerror[E0425]: cannot find value `Literal` in this scope\n   --> regex-syntax/src/ast/visitor.rs:572:52\n    |\n572 |     let lhs = ClassSet::Item(ClassSetItem::Literal(Literal));\n    |                                                    ^^^^^^^ not found in this scope\n    |\nhelp: consider importing one of these tuple variants\n    |\n560 +    use ast::Ast::Literal;\n    |\n560 +    use ast::ClassSetItem::Literal;\n    |\n560 +    use hir::HirKind::Literal;\n    |\n\nerror[E0425]: cannot find value `Literal` in this scope\n   --> regex-syntax/src/ast/visitor.rs:573:52\n    |\n573 |     let rhs = ClassSet::Item(ClassSetItem::Literal(Literal));\n    |                                                    ^^^^^^^ not found in this scope\n    |\nhelp: consider importing one of these tuple variants\n    |\n560 +    use ast::Ast::Literal;\n    |\n560 +    use ast::ClassSetItem::Literal;\n    |\n560 +    use hir::HirKind::Literal;\n    |\n\nerror[E0422]: cannot find struct, variant or union type `ClassSetBinaryOp` in this scope\n   --> regex-syntax/src/ast/visitor.rs:574:21\n    |\n574 |     let binary_op = ClassSetBinaryOp {\n    |                     ^^^^^^^^^^^^^^^^ not found in this scope\n    |\nhelp: consider importing this struct\n    |\n560 +    use ast::ClassSetBinaryOp;\n    |\n\nerror[E0425]: cannot find value `ClassSetBinaryOpKind` in this scope\n   --> regex-syntax/src/ast/visitor.rs:576:15\n    |\n576 |         kind: ClassSetBinaryOpKind,\n    |               ^^^^^^^^^^^^^^^^^^^^ not found in this scope\n\nwarning: `...` range patterns are deprecated\n    --> regex-syntax/src/ast/parse.rs:1445:16\n     |\n1445 |             '0'...'7' => {\n     |                ^^^ help: use `..=` for an inclusive range\n     |\n     = warning: this is accepted in the current edition (Rust 2015) but is a hard error in Rust 2021!\n     = note: for more information, see <https://doc.rust-lang.org/nightly/edition-guide/rust-2021/warnings-promoted-to-error.html>\n     = note: `#[warn(ellipsis_inclusive_range_patterns)]` on by default\n\nwarning: `...` range patterns are deprecated\n    --> regex-syntax/src/ast/parse.rs:1456:16\n     |\n1456 |             '8'...'9' if !self.parser().octal => {\n     |                ^^^ help: use `..=` for an inclusive range\n     |\n     = warning: this is accepted in the current edition (Rust 2015) but is a hard error in Rust 2021!\n     = note: for more information, see <https://doc.rust-lang.org/nightly/edition-guide/rust-2021/warnings-promoted-to-error.html>\n\nwarning: unused import: `Primitive`\n    --> regex-syntax/src/ast/parse.rs:2261:49\n     |\n2261 |     use super::{Parser, ParserI, ParserBuilder, Primitive};\n     |                                                 ^^^^^^^^^\n     |\n     = note: `#[warn(unused_imports)]` on by default\n\nwarning: unused macro definition: `assert_eq`\n    --> regex-syntax/src/ast/parse.rs:2265:18\n     |\n2265 |     macro_rules! assert_eq {\n     |                  ^^^^^^^^^\n     |\n     = note: `#[warn(unused_macros)]` on by default\n\nwarning: unused import: `ntest::timeout`\n   --> regex-syntax/src/ast/visitor.rs:561:8\n    |\n561 |    use ntest::timeout;\n    |        ^^^^^^^^^^^^^^\n\nwarning: unused import: `super::*`\n    --> regex-syntax/src/ast/mod.rs:1482:9\n     |\n1482 |     use super::*;\n     |         ^^^^^^^^\n\nwarning: unused import: `ast::parse::Parser`\n   --> regex-syntax/src/error.rs:288:9\n    |\n288 |     use ast::parse::Parser;\n    |         ^^^^^^^^^^^^^^^^^^\n\nwarning: unused import: `ParserBuilder`\n    --> regex-syntax/src/hir/literal/mod.rs:1004:9\n     |\n1004 |     use ParserBuilder;\n     |         ^^^^^^^^^^^^^\n\nwarning: unused imports: `Position` and `self`\n    --> regex-syntax/src/hir/translate.rs:1094:15\n     |\n1094 |     use ast::{self, Ast, Position, Span};\n     |               ^^^^       ^^^^^^^^\n\nwarning: unused import: `ascii_class`\n    --> regex-syntax/src/hir/translate.rs:1099:36\n     |\n1099 |     use super::{TranslatorBuilder, ascii_class};\n     |                                    ^^^^^^^^^^^\n\nwarning: unused imports: `contains_simple_case_mapping` and `simple_fold`\n   --> regex-syntax/src/unicode.rs:375:17\n    |\n375 |     use super::{contains_simple_case_mapping, simple_fold};\n    |                 ^^^^^^^^^^^^^^^^^^^^^^^^^^^^  ^^^^^^^^^^^\n\nwarning: `...` range patterns are deprecated\n   --> regex-syntax/src/lib.rs:195:21\n    |\n195 |         b'_' | b'0' ... b'9' | b'a' ... b'z' | b'A' ... b'Z'  => true,\n    |                     ^^^ help: use `..=` for an inclusive range\n    |\n    = warning: this is accepted in the current edition (Rust 2015) but is a hard error in Rust 2021!\n    = note: for more information, see <https://doc.rust-lang.org/nightly/edition-guide/rust-2021/warnings-promoted-to-error.html>\n\nwarning: `...` range patterns are deprecated\n   --> regex-syntax/src/lib.rs:195:37\n    |\n195 |         b'_' | b'0' ... b'9' | b'a' ... b'z' | b'A' ... b'Z'  => true,\n    |                                     ^^^ help: use `..=` for an inclusive range\n    |\n    = warning: this is accepted in the current edition (Rust 2015) but is a hard error in Rust 2021!\n    = note: for more information, see <https://doc.rust-lang.org/nightly/edition-guide/rust-2021/warnings-promoted-to-error.html>\n\nwarning: `...` range patterns are deprecated\n   --> regex-syntax/src/lib.rs:195:53\n    |\n195 |         b'_' | b'0' ... b'9' | b'a' ... b'z' | b'A' ... b'Z'  => true,\n    |                                                     ^^^ help: use `..=` for an inclusive range\n    |\n    = warning: this is accepted in the current edition (Rust 2015) but is a hard error in Rust 2021!\n    = note: for more information, see <https://doc.rust-lang.org/nightly/edition-guide/rust-2021/warnings-promoted-to-error.html>\n\nwarning: unused import: `super::*`\n   --> regex-syntax/src/lib.rs:202:9\n    |\n202 |     use super::*;\n    |         ^^^^^^^^\n\nwarning: use of deprecated method `std::error::Error::description`: use the Display impl or to_string()\n  --> regex-syntax/src/error.rs:45:38\n   |\n45 |             Error::Parse(ref x) => x.description(),\n   |                                      ^^^^^^^^^^^\n   |\n   = note: `#[warn(deprecated)]` on by default\n\nwarning: use of deprecated method `std::error::Error::description`: use the Display impl or to_string()\n  --> regex-syntax/src/error.rs:46:42\n   |\n46 |             Error::Translate(ref x) => x.description(),\n   |                                          ^^^^^^^^^^^\n\nwarning: variable does not need to be mutable\n   --> regex-syntax/src/hir/literal/mod.rs:687:17\n    |\n687 |             let mut buf = &mut buf[..i];\n    |                 ----^^^\n    |                 |\n    |                 help: remove this `mut`\n    |\n    = note: `#[warn(unused_mut)]` on by default\n\nSome errors have detailed explanations: E0422, E0425.\nFor more information about an error, try `rustc --explain E0422`.\nwarning: `regex-syntax` (lib test) generated 18 warnings\nerror: could not compile `regex-syntax` (lib test) due to 4 previous errors; 18 warnings emitted\n"
                }
              ],
              "repaired": [
                false
              ]
            }
          ]
        }
      ]
    }
  ]
}