{
  "name": "hashbrown::set::<set::Union<'_, T, S, A> as std::fmt::Debug>::fmt",
  "name_with_impl": "hashbrown::set::{impl#57}::fmt",
  "mod_info": {
    "name": "set",
    "loc": "src/lib.rs:71:1:71:9"
  },
  "visible": true,
  "loc": "src/set.rs:2153:5:2155:6",
  "fn_tests": [
    {
      "chain_id": 1,
      "prompt_conds": [],
      "input_infer": "",
      "answers": [
        {
          "uses": [
            "use std::hash::Hasher;",
            "use std::collections::HashSet;"
          ],
          "has_test_mod": false,
          "common": [],
          "chain_tests": [
            {
              "attrs": [],
              "prefix": [],
              "oracles": [],
              "codes": [
                [
                  "{",
                  "    struct EmptyAllocator;",
                  "    ",
                  "    unsafe impl Allocator for EmptyAllocator {",
                  "        fn allocate(&self, _: Layout) -> Result<NonNull<u8>, ()> {",
                  "            Err(())",
                  "        }",
                  "        unsafe fn deallocate(&self, _: NonNull<u8>, _: Layout) {}",
                  "    }",
                  "",
                  "    let union: Union<_, _, EmptyAllocator> = Union {",
                  "        iter: Chain::empty(),",
                  "    };",
                  "",
                  "    let mut buffer = String::new();",
                  "    let result = write!(&mut buffer, \"{:?}\", union);",
                  "    assert!(result.is_ok());",
                  "    assert_eq!(buffer, \"[]\");",
                  "}"
                ]
              ],
              "can_compile": [
                {
                  "Err": "   Compiling proc-macro2 v1.0.95\n   Compiling libc v0.2.172\n   Compiling crossbeam-utils v0.8.21\n   Compiling zerocopy v0.8.25\n   Compiling syn v1.0.109\n   Compiling serde v1.0.219\n   Compiling rayon-core v1.12.1\n   Compiling doc-comment v0.3.3\n   Compiling crossbeam-epoch v0.9.18\n   Compiling quote v1.0.40\n   Compiling crossbeam-deque v0.8.6\n   Compiling getrandom v0.2.16\n   Compiling rand_core v0.6.4\n   Compiling rayon v1.10.0\n   Compiling ppv-lite86 v0.2.21\n   Compiling rand_chacha v0.3.1\n   Compiling rand v0.8.5\n   Compiling serde_test v1.0.177\n   Compiling ntest_timeout v0.9.3\n   Compiling ntest_test_cases v0.9.3\n   Compiling ntest v0.9.3\n   Compiling hashbrown v0.15.1 (/home/abezbm/rust-utgen-test-crates-new/hashbrown)\nerror[E0412]: cannot find type `Layout` in this scope\n    --> src/set.rs:3119:31\n     |\n3119 |         fn allocate(&self, _: Layout) -> Result<NonNull<u8>, ()> {\n     |                               ^^^^^^ not found in this scope\n     |\nhelp: consider importing one of these structs\n     |\n3111 +    use std::alloc::Layout;\n     |\n3111 +    use alloc::alloc::Layout;\n     |\n3111 +    use allocator_api2::alloc::Layout;\n     |\n\nerror[E0412]: cannot find type `NonNull` in this scope\n    --> src/set.rs:3119:49\n     |\n3119 |         fn allocate(&self, _: Layout) -> Result<NonNull<u8>, ()> {\n     |                                                 ^^^^^^^ not found in this scope\n     |\nhelp: consider importing this struct\n     |\n3111 +    use std::ptr::NonNull;\n     |\n\nerror[E0412]: cannot find type `NonNull` in this scope\n    --> src/set.rs:3122:40\n     |\n3122 |         unsafe fn deallocate(&self, _: NonNull<u8>, _: Layout) {}\n     |                                        ^^^^^^^ not found in this scope\n     |\nhelp: consider importing this struct\n     |\n3111 +    use std::ptr::NonNull;\n     |\n\nerror[E0412]: cannot find type `Layout` in this scope\n    --> src/set.rs:3122:56\n     |\n3122 |         unsafe fn deallocate(&self, _: NonNull<u8>, _: Layout) {}\n     |                                                        ^^^^^^ not found in this scope\n     |\nhelp: consider importing one of these structs\n     |\n3111 +    use std::alloc::Layout;\n     |\n3111 +    use alloc::alloc::Layout;\n     |\n3111 +    use allocator_api2::alloc::Layout;\n     |\n\nwarning: unused imports: `Occupied` and `Vacant`\n    --> src/map.rs:4688:24\n     |\n4688 |     use super::Entry::{Occupied, Vacant};\n     |                        ^^^^^^^^  ^^^^^^\n     |\n     = note: `#[warn(unused_imports)]` on by default\n\nwarning: unused import: `super::EntryRef`\n    --> src/map.rs:4689:9\n     |\n4689 |     use super::EntryRef;\n     |         ^^^^^^^^^^^^^^^\n\nwarning: unused import: `ToString`\n    --> src/map.rs:4691:33\n     |\n4691 |     use alloc::string::{String, ToString};\n     |                                 ^^^^^^^^\n\nwarning: unused imports: `Rng`, `SeedableRng`, and `rngs::SmallRng`\n    --> src/map.rs:4697:16\n     |\n4697 |     use rand::{rngs::SmallRng, Rng, SeedableRng};\n     |                ^^^^^^^^^^^^^^  ^^^  ^^^^^^^^^^^\n\nwarning: unused import: `std::borrow::ToOwned`\n    --> src/map.rs:4698:9\n     |\n4698 |     use std::borrow::ToOwned;\n     |         ^^^^^^^^^^^^^^^^^^^^\n\nwarning: unused import: `super::HashMap`\n    --> src/raw_entry.rs:1487:9\n     |\n1487 |     use super::HashMap;\n     |         ^^^^^^^^^^^^^^\n\nwarning: unused import: `super::RawEntryMut`\n    --> src/raw_entry.rs:1488:9\n     |\n1488 |     use super::RawEntryMut;\n     |         ^^^^^^^^^^^^^^^^^^\n\nwarning: unused imports: `Equivalent`, `HashSet`, and `make_hash`\n    --> src/set.rs:2579:17\n     |\n2579 |     use super::{make_hash, Equivalent, HashSet};\n     |                 ^^^^^^^^^  ^^^^^^^^^^  ^^^^^^^\n\nwarning: unused import: `crate::DefaultHashBuilder`\n    --> src/set.rs:2580:9\n     |\n2580 |     use crate::DefaultHashBuilder;\n     |         ^^^^^^^^^^^^^^^^^^^^^^^^^\n\nwarning: unused import: `std::vec::Vec`\n    --> src/set.rs:2581:9\n     |\n2581 |     use std::vec::Vec;\n     |         ^^^^^^^^^^^^^\n\nwarning: unused import: `ntest::timeout`\n    --> src/set.rs:3112:8\n     |\n3112 |    use ntest::timeout;\n     |        ^^^^^^^^^^^^^^\n\nwarning: hidden lifetime parameters in types are deprecated\n    --> src/set.rs:3125:21\n     |\n3125 |     let union: Union<_, _, EmptyAllocator> = Union {\n     |                -----^--------------------- expected lifetime parameter\n     |\nnote: the lint level is defined here\n    --> src/lib.rs:37:9\n     |\n37   | #![warn(rust_2018_idioms)]\n     |         ^^^^^^^^^^^^^^^^\n     = note: `#[warn(elided_lifetimes_in_paths)]` implied by `#[warn(rust_2018_idioms)]`\nhelp: indicate the anonymous lifetime\n     |\n3125 |     let union: Union<'_, _, _, EmptyAllocator> = Union {\n     |                      +++\n\nwarning: unused import: `super::HashTable`\n    --> src/table.rs:2375:9\n     |\n2375 |     use super::HashTable;\n     |         ^^^^^^^^^^^^^^^^\n\nerror[E0599]: no function or associated item named `empty` found for struct `std::iter::Chain` in the current scope\n    --> src/set.rs:3126:22\n     |\n3126 |         iter: Chain::empty(),\n     |                      ^^^^^ function or associated item not found in `Chain<_, _>`\n\nerror[E0599]: cannot write into `&mut String`\n    --> src/set.rs:3130:25\n     |\n3130 |     let result = write!(&mut buffer, \"{:?}\", union);\n     |                         ^^^^^^^^^^^\n     |\nnote: must implement `io::Write`, `fmt::Write`, or have a `write_fmt` method\n    --> src/set.rs:3130:25\n     |\n3130 |     let result = write!(&mut buffer, \"{:?}\", union);\n     |                         ^^^^^^^^^^^\n     = help: items from traits can only be used if the trait is in scope\nhelp: trait `Write` which provides `write_fmt` is implemented but not in scope; perhaps you want to import it\n     |\n3111 +    use std::fmt::Write;\n     |\nhelp: there is a method `write_str` with a similar name\n    -->  /home/abezbm/.rustup/toolchains/nightly-2024-07-21-x86_64-unknown-linux-gnu/lib/rustlib/src/rust/library/core/src/macros/mod.rs:632:14\n     |\n632  |         $dst.write_str($crate::format_args!($($arg)*))\n     |              ~~~~~~~~~\n\nSome errors have detailed explanations: E0412, E0599.\nFor more information about an error, try `rustc --explain E0412`.\nwarning: `hashbrown` (lib test) generated 13 warnings\nerror: could not compile `hashbrown` (lib test) due to 6 previous errors; 13 warnings emitted\n"
                }
              ],
              "repaired": [
                false
              ]
            },
            {
              "attrs": [],
              "prefix": [],
              "oracles": [],
              "codes": [
                [
                  "{",
                  "    use std::hash::Hasher;",
                  "    use std::collections::HashSet;",
                  "    ",
                  "    struct TestHasher;",
                  "    ",
                  "    impl BuildHasher for TestHasher {",
                  "        type Hasher = std::collections::hash_map::DefaultHasher;",
                  "",
                  "        fn build_hasher(&self) -> Self::Hasher {",
                  "            std::collections::hash_map::DefaultHasher::new()",
                  "        }",
                  "    }",
                  "",
                  "    let set_a: HashSet<i32, TestHasher> = [(1, )].iter().cloned().collect();",
                  "    let set_b: HashSet<i32, TestHasher> = [].iter().cloned().collect();",
                  "    ",
                  "    let union: Union<_, TestHasher, Global> = Union {",
                  "        iter: Chain::new(set_a.iter(), set_b.iter()),",
                  "    };",
                  "",
                  "    let mut buffer = String::new();",
                  "    let result = write!(&mut buffer, \"{:?}\", union);",
                  "    assert!(result.is_ok());",
                  "    assert_eq!(buffer, \"[1]\");",
                  "}"
                ]
              ],
              "can_compile": [
                {
                  "Err": "   Compiling proc-macro2 v1.0.95\n   Compiling crossbeam-utils v0.8.21\n   Compiling libc v0.2.172\n   Compiling syn v1.0.109\n   Compiling zerocopy v0.8.25\n   Compiling rayon-core v1.12.1\n   Compiling serde v1.0.219\n   Compiling doc-comment v0.3.3\n   Compiling crossbeam-epoch v0.9.18\n   Compiling quote v1.0.40\n   Compiling crossbeam-deque v0.8.6\n   Compiling getrandom v0.2.16\n   Compiling rand_core v0.6.4\n   Compiling rayon v1.10.0\n   Compiling ppv-lite86 v0.2.21\n   Compiling rand_chacha v0.3.1\n   Compiling rand v0.8.5\n   Compiling serde_test v1.0.177\n   Compiling ntest_timeout v0.9.3\n   Compiling ntest_test_cases v0.9.3\n   Compiling ntest v0.9.3\n   Compiling hashbrown v0.15.1 (/home/abezbm/rust-utgen-test-crates-new/hashbrown)\nwarning: unused imports: `Occupied` and `Vacant`\n    --> src/map.rs:4688:24\n     |\n4688 |     use super::Entry::{Occupied, Vacant};\n     |                        ^^^^^^^^  ^^^^^^\n     |\n     = note: `#[warn(unused_imports)]` on by default\n\nwarning: unused import: `super::EntryRef`\n    --> src/map.rs:4689:9\n     |\n4689 |     use super::EntryRef;\n     |         ^^^^^^^^^^^^^^^\n\nwarning: unused import: `ToString`\n    --> src/map.rs:4691:33\n     |\n4691 |     use alloc::string::{String, ToString};\n     |                                 ^^^^^^^^\n\nwarning: unused imports: `Rng`, `SeedableRng`, and `rngs::SmallRng`\n    --> src/map.rs:4697:16\n     |\n4697 |     use rand::{rngs::SmallRng, Rng, SeedableRng};\n     |                ^^^^^^^^^^^^^^  ^^^  ^^^^^^^^^^^\n\nwarning: unused import: `std::borrow::ToOwned`\n    --> src/map.rs:4698:9\n     |\n4698 |     use std::borrow::ToOwned;\n     |         ^^^^^^^^^^^^^^^^^^^^\n\nwarning: unused import: `super::HashMap`\n    --> src/raw_entry.rs:1487:9\n     |\n1487 |     use super::HashMap;\n     |         ^^^^^^^^^^^^^^\n\nwarning: unused import: `super::RawEntryMut`\n    --> src/raw_entry.rs:1488:9\n     |\n1488 |     use super::RawEntryMut;\n     |         ^^^^^^^^^^^^^^^^^^\n\nwarning: unused imports: `Equivalent`, `HashSet`, and `make_hash`\n    --> src/set.rs:2579:17\n     |\n2579 |     use super::{make_hash, Equivalent, HashSet};\n     |                 ^^^^^^^^^  ^^^^^^^^^^  ^^^^^^^\n\nwarning: unused import: `crate::DefaultHashBuilder`\n    --> src/set.rs:2580:9\n     |\n2580 |     use crate::DefaultHashBuilder;\n     |         ^^^^^^^^^^^^^^^^^^^^^^^^^\n\nwarning: unused import: `std::vec::Vec`\n    --> src/set.rs:2581:9\n     |\n2581 |     use std::vec::Vec;\n     |         ^^^^^^^^^^^^^\n\nwarning: unused import: `ntest::timeout`\n    --> src/set.rs:3112:8\n     |\n3112 |    use ntest::timeout;\n     |        ^^^^^^^^^^^^^^\n\nwarning: unused import: `std::hash::Hasher`\n    --> src/set.rs:3116:9\n     |\n3116 |     use std::hash::Hasher;\n     |         ^^^^^^^^^^^^^^^^^\n\nwarning: hidden lifetime parameters in types are deprecated\n    --> src/set.rs:3132:21\n     |\n3132 |     let union: Union<_, TestHasher, Global> = Union {\n     |                -----^---------------------- expected lifetime parameter\n     |\nnote: the lint level is defined here\n    --> src/lib.rs:37:9\n     |\n37   | #![warn(rust_2018_idioms)]\n     |         ^^^^^^^^^^^^^^^^\n     = note: `#[warn(elided_lifetimes_in_paths)]` implied by `#[warn(rust_2018_idioms)]`\nhelp: indicate the anonymous lifetime\n     |\n3132 |     let union: Union<'_, _, TestHasher, Global> = Union {\n     |                      +++\n\nwarning: unused import: `super::HashTable`\n    --> src/table.rs:2375:9\n     |\n2375 |     use super::HashTable;\n     |         ^^^^^^^^^^^^^^^^\n\nerror[E0277]: a value of type `std::collections::HashSet<i32, TestHasher>` cannot be built from an iterator over elements of type `({integer},)`\n    --> src/set.rs:3129:67\n     |\n3129 |     let set_a: HashSet<i32, TestHasher> = [(1, )].iter().cloned().collect();\n     |                                                                   ^^^^^^^ value of type `std::collections::HashSet<i32, TestHasher>` cannot be built from `std::iter::Iterator<Item=({integer},)>`\n     |\n     = help: the trait `FromIterator<({integer},)>` is not implemented for `std::collections::HashSet<i32, TestHasher>`\n     = help: the trait `FromIterator<T>` is implemented for `std::collections::HashSet<T, S>`\nnote: the method call chain might not have had the expected associated types\n    --> src/set.rs:3129:58\n     |\n3129 |     let set_a: HashSet<i32, TestHasher> = [(1, )].iter().cloned().collect();\n     |                                           ------- ------ ^^^^^^^^ `Iterator::Item` changed to `({integer},)` here\n     |                                           |       |\n     |                                           |       `Iterator::Item` is `&({integer},)` here\n     |                                           this expression has type `[({integer},); 1]`\nnote: required by a bound in `collect`\n    --> /home/abezbm/.rustup/toolchains/nightly-2024-07-21-x86_64-unknown-linux-gnu/lib/rustlib/src/rust/library/core/src/iter/traits/iterator.rs:2001:19\n     |\n2001 |     fn collect<B: FromIterator<Self::Item>>(self) -> B\n     |                   ^^^^^^^^^^^^^^^^^^^^^^^^ required by this bound in `Iterator::collect`\n\nerror[E0277]: the trait bound `TestHasher: Default` is not satisfied\n    --> src/set.rs:3130:62\n     |\n3130 |     let set_b: HashSet<i32, TestHasher> = [].iter().cloned().collect();\n     |                                                              ^^^^^^^ the trait `Default` is not implemented for `TestHasher`, which is required by `std::collections::HashSet<i32, TestHasher>: FromIterator<_>`\n     |\n     = help: the trait `FromIterator<T>` is implemented for `std::collections::HashSet<T, S>`\n     = note: required for `std::collections::HashSet<i32, TestHasher>` to implement `FromIterator<i32>`\nnote: required by a bound in `collect`\n    --> /home/abezbm/.rustup/toolchains/nightly-2024-07-21-x86_64-unknown-linux-gnu/lib/rustlib/src/rust/library/core/src/iter/traits/iterator.rs:2001:19\n     |\n2001 |     fn collect<B: FromIterator<Self::Item>>(self) -> B\n     |                   ^^^^^^^^^^^^^^^^^^^^^^^^ required by this bound in `Iterator::collect`\nhelp: consider annotating `TestHasher` with `#[derive(Default)]`\n     |\n3119 +     #[derive(Default)]\n3120 |     struct TestHasher;\n     |\nhelp: consider removing this method call, as the receiver has type `std::slice::Iter<'_, _>` and `std::slice::Iter<'_, _>: Default` trivially holds\n     |\n3130 -     let set_b: HashSet<i32, TestHasher> = [].iter().cloned().collect();\n3130 +     let set_b: HashSet<i32, TestHasher> = [].iter().collect();\n     |\n\nerror[E0624]: associated function `new` is private\n    --> src/set.rs:3133:22\n     |\n3133 |         iter: Chain::new(set_a.iter(), set_b.iter()),\n     |                      ^^^ private associated function\n     |\n    ::: /home/abezbm/.rustup/toolchains/nightly-2024-07-21-x86_64-unknown-linux-gnu/lib/rustlib/src/rust/library/core/src/iter/adapters/chain.rs:36:5\n     |\n36   |     pub(in super::super) fn new(a: A, b: B) -> Chain<A, B> {\n     |     ------------------------------------------------------ private associated function defined here\n\nerror[E0308]: arguments to this function are incorrect\n    --> src/set.rs:3133:15\n     |\n3133 |         iter: Chain::new(set_a.iter(), set_b.iter()),\n     |               ^^^^^^^^^^\n     |\nnote: expected `Iter<'_, _>`, found `Iter<'_, i32>`\n    --> src/set.rs:3133:26\n     |\n3133 |         iter: Chain::new(set_a.iter(), set_b.iter()),\n     |                          ^^^^^^^^^^^^\n     = note: `Iter<'_, i32>` and `set::Iter<'_, _>` have similar names, but are actually distinct types\nnote: `Iter<'_, i32>` is defined in crate `std`\n    --> /home/abezbm/.rustup/toolchains/nightly-2024-07-21-x86_64-unknown-linux-gnu/lib/rustlib/src/rust/library/std/src/collections/hash/set.rs:1274:1\n     |\n1274 | pub struct Iter<'a, K: 'a> {\n     | ^^^^^^^^^^^^^^^^^^^^^^^^^^\nnote: `set::Iter<'_, _>` is defined in the current crate\n    --> src/set.rs:1645:1\n     |\n1645 | pub struct Iter<'a, K> {\n     | ^^^^^^^^^^^^^^^^^^^^^^\nnote: expected `Difference<'_, _, TestHasher>`, found `Iter<'_, i32>`\n    --> src/set.rs:3133:40\n     |\n3133 |         iter: Chain::new(set_a.iter(), set_b.iter()),\n     |                                        ^^^^^^^^^^^^\n     = note: expected struct `set::Difference<'_, _, TestHasher>`\n                found struct `std::collections::hash_set::Iter<'_, i32>`\nnote: associated function defined here\n    --> /home/abezbm/.rustup/toolchains/nightly-2024-07-21-x86_64-unknown-linux-gnu/lib/rustlib/src/rust/library/core/src/iter/adapters/chain.rs:36:29\n     |\n36   |     pub(in super::super) fn new(a: A, b: B) -> Chain<A, B> {\n     |                             ^^^\n\nerror[E0599]: cannot write into `&mut String`\n    --> src/set.rs:3137:25\n     |\n3137 |     let result = write!(&mut buffer, \"{:?}\", union);\n     |                         ^^^^^^^^^^^\n     |\nnote: must implement `io::Write`, `fmt::Write`, or have a `write_fmt` method\n    --> src/set.rs:3137:25\n     |\n3137 |     let result = write!(&mut buffer, \"{:?}\", union);\n     |                         ^^^^^^^^^^^\n     = help: items from traits can only be used if the trait is in scope\nhelp: trait `Write` which provides `write_fmt` is implemented but not in scope; perhaps you want to import it\n     |\n3111 +    use std::fmt::Write;\n     |\nhelp: there is a method `write_str` with a similar name\n    -->  /home/abezbm/.rustup/toolchains/nightly-2024-07-21-x86_64-unknown-linux-gnu/lib/rustlib/src/rust/library/core/src/macros/mod.rs:632:14\n     |\n632  |         $dst.write_str($crate::format_args!($($arg)*))\n     |              ~~~~~~~~~\n\nSome errors have detailed explanations: E0277, E0308, E0599, E0624.\nFor more information about an error, try `rustc --explain E0277`.\nwarning: `hashbrown` (lib test) generated 14 warnings\nerror: could not compile `hashbrown` (lib test) due to 5 previous errors; 14 warnings emitted\n"
                }
              ],
              "repaired": [
                false
              ]
            },
            {
              "attrs": [],
              "prefix": [],
              "oracles": [],
              "codes": [
                [
                  "{",
                  "    use std::hash::Hasher;",
                  "    use std::collections::HashSet;",
                  "    ",
                  "    struct TestHasher;",
                  "    ",
                  "    impl BuildHasher for TestHasher {",
                  "        type Hasher = std::collections::hash_map::DefaultHasher;",
                  "",
                  "        fn build_hasher(&self) -> Self::Hasher {",
                  "            std::collections::hash_map::DefaultHasher::new()",
                  "        }",
                  "    }",
                  "",
                  "    let set_a: HashSet<i32, TestHasher> = [1, 2, 3].iter().cloned().collect();",
                  "    let set_b: HashSet<i32, TestHasher> = [3, 4, 5].iter().cloned().collect();",
                  "    ",
                  "    let union: Union<_, TestHasher, Global> = Union {",
                  "        iter: Chain::new(set_a.iter(), set_b.iter()),",
                  "    };",
                  "",
                  "    let mut buffer = String::new();",
                  "    let result = write!(&mut buffer, \"{:?}\", union);",
                  "    assert!(result.is_ok());",
                  "    assert_eq!(buffer, \"[1, 2, 3, 4, 5]\");",
                  "}"
                ]
              ],
              "can_compile": [
                {
                  "Err": "   Compiling proc-macro2 v1.0.95\n   Compiling crossbeam-utils v0.8.21\n   Compiling libc v0.2.172\n   Compiling syn v1.0.109\n   Compiling zerocopy v0.8.25\n   Compiling rayon-core v1.12.1\n   Compiling serde v1.0.219\n   Compiling doc-comment v0.3.3\n   Compiling crossbeam-epoch v0.9.18\n   Compiling quote v1.0.40\n   Compiling crossbeam-deque v0.8.6\n   Compiling getrandom v0.2.16\n   Compiling rand_core v0.6.4\n   Compiling rayon v1.10.0\n   Compiling ppv-lite86 v0.2.21\n   Compiling rand_chacha v0.3.1\n   Compiling rand v0.8.5\n   Compiling serde_test v1.0.177\n   Compiling ntest_test_cases v0.9.3\n   Compiling ntest_timeout v0.9.3\n   Compiling ntest v0.9.3\n   Compiling hashbrown v0.15.1 (/home/abezbm/rust-utgen-test-crates-new/hashbrown)\nwarning: unused imports: `Occupied` and `Vacant`\n    --> src/map.rs:4688:24\n     |\n4688 |     use super::Entry::{Occupied, Vacant};\n     |                        ^^^^^^^^  ^^^^^^\n     |\n     = note: `#[warn(unused_imports)]` on by default\n\nwarning: unused import: `super::EntryRef`\n    --> src/map.rs:4689:9\n     |\n4689 |     use super::EntryRef;\n     |         ^^^^^^^^^^^^^^^\n\nwarning: unused import: `ToString`\n    --> src/map.rs:4691:33\n     |\n4691 |     use alloc::string::{String, ToString};\n     |                                 ^^^^^^^^\n\nwarning: unused imports: `Rng`, `SeedableRng`, and `rngs::SmallRng`\n    --> src/map.rs:4697:16\n     |\n4697 |     use rand::{rngs::SmallRng, Rng, SeedableRng};\n     |                ^^^^^^^^^^^^^^  ^^^  ^^^^^^^^^^^\n\nwarning: unused import: `std::borrow::ToOwned`\n    --> src/map.rs:4698:9\n     |\n4698 |     use std::borrow::ToOwned;\n     |         ^^^^^^^^^^^^^^^^^^^^\n\nwarning: unused import: `super::HashMap`\n    --> src/raw_entry.rs:1487:9\n     |\n1487 |     use super::HashMap;\n     |         ^^^^^^^^^^^^^^\n\nwarning: unused import: `super::RawEntryMut`\n    --> src/raw_entry.rs:1488:9\n     |\n1488 |     use super::RawEntryMut;\n     |         ^^^^^^^^^^^^^^^^^^\n\nwarning: unused imports: `Equivalent`, `HashSet`, and `make_hash`\n    --> src/set.rs:2579:17\n     |\n2579 |     use super::{make_hash, Equivalent, HashSet};\n     |                 ^^^^^^^^^  ^^^^^^^^^^  ^^^^^^^\n\nwarning: unused import: `crate::DefaultHashBuilder`\n    --> src/set.rs:2580:9\n     |\n2580 |     use crate::DefaultHashBuilder;\n     |         ^^^^^^^^^^^^^^^^^^^^^^^^^\n\nwarning: unused import: `std::vec::Vec`\n    --> src/set.rs:2581:9\n     |\n2581 |     use std::vec::Vec;\n     |         ^^^^^^^^^^^^^\n\nwarning: unused import: `ntest::timeout`\n    --> src/set.rs:3112:8\n     |\n3112 |    use ntest::timeout;\n     |        ^^^^^^^^^^^^^^\n\nwarning: unused import: `std::hash::Hasher`\n    --> src/set.rs:3116:9\n     |\n3116 |     use std::hash::Hasher;\n     |         ^^^^^^^^^^^^^^^^^\n\nwarning: hidden lifetime parameters in types are deprecated\n    --> src/set.rs:3132:21\n     |\n3132 |     let union: Union<_, TestHasher, Global> = Union {\n     |                -----^---------------------- expected lifetime parameter\n     |\nnote: the lint level is defined here\n    --> src/lib.rs:37:9\n     |\n37   | #![warn(rust_2018_idioms)]\n     |         ^^^^^^^^^^^^^^^^\n     = note: `#[warn(elided_lifetimes_in_paths)]` implied by `#[warn(rust_2018_idioms)]`\nhelp: indicate the anonymous lifetime\n     |\n3132 |     let union: Union<'_, _, TestHasher, Global> = Union {\n     |                      +++\n\nwarning: unused import: `super::HashTable`\n    --> src/table.rs:2375:9\n     |\n2375 |     use super::HashTable;\n     |         ^^^^^^^^^^^^^^^^\n\nerror[E0277]: the trait bound `TestHasher: Default` is not satisfied\n    --> src/set.rs:3129:69\n     |\n3129 |     let set_a: HashSet<i32, TestHasher> = [1, 2, 3].iter().cloned().collect();\n     |                                                                     ^^^^^^^ the trait `Default` is not implemented for `TestHasher`, which is required by `std::collections::HashSet<i32, TestHasher>: FromIterator<{integer}>`\n     |\n     = help: the trait `FromIterator<T>` is implemented for `std::collections::HashSet<T, S>`\n     = note: required for `std::collections::HashSet<i32, TestHasher>` to implement `FromIterator<i32>`\nnote: required by a bound in `collect`\n    --> /home/abezbm/.rustup/toolchains/nightly-2024-07-21-x86_64-unknown-linux-gnu/lib/rustlib/src/rust/library/core/src/iter/traits/iterator.rs:2001:19\n     |\n2001 |     fn collect<B: FromIterator<Self::Item>>(self) -> B\n     |                   ^^^^^^^^^^^^^^^^^^^^^^^^ required by this bound in `Iterator::collect`\nhelp: consider annotating `TestHasher` with `#[derive(Default)]`\n     |\n3119 +     #[derive(Default)]\n3120 |     struct TestHasher;\n     |\nhelp: consider removing this method call, as the receiver has type `std::slice::Iter<'_, {integer}>` and `std::slice::Iter<'_, {integer}>: Default` trivially holds\n     |\n3129 -     let set_a: HashSet<i32, TestHasher> = [1, 2, 3].iter().cloned().collect();\n3129 +     let set_a: HashSet<i32, TestHasher> = [1, 2, 3].iter().collect();\n     |\n\nerror[E0277]: the trait bound `TestHasher: Default` is not satisfied\n    --> src/set.rs:3130:69\n     |\n3130 |     let set_b: HashSet<i32, TestHasher> = [3, 4, 5].iter().cloned().collect();\n     |                                                                     ^^^^^^^ the trait `Default` is not implemented for `TestHasher`, which is required by `std::collections::HashSet<i32, TestHasher>: FromIterator<{integer}>`\n     |\n     = help: the trait `FromIterator<T>` is implemented for `std::collections::HashSet<T, S>`\n     = note: required for `std::collections::HashSet<i32, TestHasher>` to implement `FromIterator<i32>`\nnote: required by a bound in `collect`\n    --> /home/abezbm/.rustup/toolchains/nightly-2024-07-21-x86_64-unknown-linux-gnu/lib/rustlib/src/rust/library/core/src/iter/traits/iterator.rs:2001:19\n     |\n2001 |     fn collect<B: FromIterator<Self::Item>>(self) -> B\n     |                   ^^^^^^^^^^^^^^^^^^^^^^^^ required by this bound in `Iterator::collect`\nhelp: consider annotating `TestHasher` with `#[derive(Default)]`\n     |\n3119 +     #[derive(Default)]\n3120 |     struct TestHasher;\n     |\nhelp: consider removing this method call, as the receiver has type `std::slice::Iter<'_, {integer}>` and `std::slice::Iter<'_, {integer}>: Default` trivially holds\n     |\n3130 -     let set_b: HashSet<i32, TestHasher> = [3, 4, 5].iter().cloned().collect();\n3130 +     let set_b: HashSet<i32, TestHasher> = [3, 4, 5].iter().collect();\n     |\n\nerror[E0624]: associated function `new` is private\n    --> src/set.rs:3133:22\n     |\n3133 |         iter: Chain::new(set_a.iter(), set_b.iter()),\n     |                      ^^^ private associated function\n     |\n    ::: /home/abezbm/.rustup/toolchains/nightly-2024-07-21-x86_64-unknown-linux-gnu/lib/rustlib/src/rust/library/core/src/iter/adapters/chain.rs:36:5\n     |\n36   |     pub(in super::super) fn new(a: A, b: B) -> Chain<A, B> {\n     |     ------------------------------------------------------ private associated function defined here\n\nerror[E0308]: arguments to this function are incorrect\n    --> src/set.rs:3133:15\n     |\n3133 |         iter: Chain::new(set_a.iter(), set_b.iter()),\n     |               ^^^^^^^^^^\n     |\nnote: expected `Iter<'_, _>`, found `Iter<'_, i32>`\n    --> src/set.rs:3133:26\n     |\n3133 |         iter: Chain::new(set_a.iter(), set_b.iter()),\n     |                          ^^^^^^^^^^^^\n     = note: `Iter<'_, i32>` and `set::Iter<'_, _>` have similar names, but are actually distinct types\nnote: `Iter<'_, i32>` is defined in crate `std`\n    --> /home/abezbm/.rustup/toolchains/nightly-2024-07-21-x86_64-unknown-linux-gnu/lib/rustlib/src/rust/library/std/src/collections/hash/set.rs:1274:1\n     |\n1274 | pub struct Iter<'a, K: 'a> {\n     | ^^^^^^^^^^^^^^^^^^^^^^^^^^\nnote: `set::Iter<'_, _>` is defined in the current crate\n    --> src/set.rs:1645:1\n     |\n1645 | pub struct Iter<'a, K> {\n     | ^^^^^^^^^^^^^^^^^^^^^^\nnote: expected `Difference<'_, _, TestHasher>`, found `Iter<'_, i32>`\n    --> src/set.rs:3133:40\n     |\n3133 |         iter: Chain::new(set_a.iter(), set_b.iter()),\n     |                                        ^^^^^^^^^^^^\n     = note: expected struct `set::Difference<'_, _, TestHasher>`\n                found struct `std::collections::hash_set::Iter<'_, i32>`\nnote: associated function defined here\n    --> /home/abezbm/.rustup/toolchains/nightly-2024-07-21-x86_64-unknown-linux-gnu/lib/rustlib/src/rust/library/core/src/iter/adapters/chain.rs:36:29\n     |\n36   |     pub(in super::super) fn new(a: A, b: B) -> Chain<A, B> {\n     |                             ^^^\n\nerror[E0599]: cannot write into `&mut String`\n    --> src/set.rs:3137:25\n     |\n3137 |     let result = write!(&mut buffer, \"{:?}\", union);\n     |                         ^^^^^^^^^^^\n     |\nnote: must implement `io::Write`, `fmt::Write`, or have a `write_fmt` method\n    --> src/set.rs:3137:25\n     |\n3137 |     let result = write!(&mut buffer, \"{:?}\", union);\n     |                         ^^^^^^^^^^^\n     = help: items from traits can only be used if the trait is in scope\nhelp: trait `Write` which provides `write_fmt` is implemented but not in scope; perhaps you want to import it\n     |\n3111 +    use std::fmt::Write;\n     |\nhelp: there is a method `write_str` with a similar name\n    -->  /home/abezbm/.rustup/toolchains/nightly-2024-07-21-x86_64-unknown-linux-gnu/lib/rustlib/src/rust/library/core/src/macros/mod.rs:632:14\n     |\n632  |         $dst.write_str($crate::format_args!($($arg)*))\n     |              ~~~~~~~~~\n\nSome errors have detailed explanations: E0277, E0308, E0599, E0624.\nFor more information about an error, try `rustc --explain E0277`.\nwarning: `hashbrown` (lib test) generated 14 warnings\nerror: could not compile `hashbrown` (lib test) due to 5 previous errors; 14 warnings emitted\n"
                }
              ],
              "repaired": [
                false
              ]
            }
          ]
        }
      ]
    }
  ]
}