{
  "name": "hashbrown::table::<table::IterMut<'_, T> as std::fmt::Debug>::fmt",
  "name_with_impl": "hashbrown::table::{impl#28}::fmt",
  "mod_info": {
    "name": "table",
    "loc": "src/lib.rs:72:1:72:11"
  },
  "visible": true,
  "loc": "src/table.rs:2080:5:2087:6",
  "fn_tests": [
    {
      "chain_id": 1,
      "prompt_conds": [],
      "input_infer": "",
      "answers": [
        {
          "uses": [],
          "has_test_mod": false,
          "common": [],
          "chain_tests": [
            {
              "attrs": [],
              "prefix": [],
              "oracles": [],
              "codes": [
                [
                  "{",
                  "    struct TestAllocator;",
                  "",
                  "    let mut raw_iter = RawIter {",
                  "        iter: RawIterRange {",
                  "            // Initialize with appropriate values",
                  "        },",
                  "        items: 0, // Set an initial value for items",
                  "    };",
                  "",
                  "    let iter_mut = IterMut {",
                  "        inner: raw_iter,",
                  "        marker: PhantomData,",
                  "    };",
                  "",
                  "    let result = format!(\"{:?}\", iter_mut);",
                  "    assert!(result.contains(\"Iter\")) // Expecting that the output contains \"Iter\"",
                  "}"
                ]
              ],
              "can_compile": [
                {
                  "Err": "   Compiling proc-macro2 v1.0.95\n   Compiling crossbeam-utils v0.8.21\n   Compiling libc v0.2.172\n   Compiling syn v1.0.109\n   Compiling zerocopy v0.8.25\n   Compiling rayon-core v1.12.1\n   Compiling serde v1.0.219\n   Compiling doc-comment v0.3.3\n   Compiling crossbeam-epoch v0.9.18\n   Compiling quote v1.0.40\n   Compiling crossbeam-deque v0.8.6\n   Compiling getrandom v0.2.16\n   Compiling rand_core v0.6.4\n   Compiling rayon v1.10.0\n   Compiling ppv-lite86 v0.2.21\n   Compiling rand_chacha v0.3.1\n   Compiling rand v0.8.5\n   Compiling serde_test v1.0.177\n   Compiling ntest_timeout v0.9.3\n   Compiling ntest_test_cases v0.9.3\n   Compiling ntest v0.9.3\n   Compiling hashbrown v0.15.1 (/home/abezbm/rust-utgen-test-crates-new/hashbrown)\nerror[E0422]: cannot find struct, variant or union type `RawIterRange` in this scope\n    --> src/table.rs:2394:15\n     |\n2394 |         iter: RawIterRange {\n     |               ^^^^^^^^^^^^\n     |\n    ::: src/raw/mod.rs:4085:1\n     |\n4085 | pub struct RawIterHash<T> {\n     | ------------------------- similarly named struct `RawIterHash` defined here\n     |\nhelp: a struct with a similar name exists\n     |\n2394 |         iter: RawIterHash {\n     |               ~~~~~~~~~~~\nhelp: consider importing this struct\n     |\n2386 +    use crate::raw::RawIterRange;\n     |\n\nwarning: unused imports: `Occupied` and `Vacant`\n    --> src/map.rs:4688:24\n     |\n4688 |     use super::Entry::{Occupied, Vacant};\n     |                        ^^^^^^^^  ^^^^^^\n     |\n     = note: `#[warn(unused_imports)]` on by default\n\nwarning: unused import: `super::EntryRef`\n    --> src/map.rs:4689:9\n     |\n4689 |     use super::EntryRef;\n     |         ^^^^^^^^^^^^^^^\n\nwarning: unused import: `ToString`\n    --> src/map.rs:4691:33\n     |\n4691 |     use alloc::string::{String, ToString};\n     |                                 ^^^^^^^^\n\nwarning: unused imports: `Rng`, `SeedableRng`, and `rngs::SmallRng`\n    --> src/map.rs:4697:16\n     |\n4697 |     use rand::{rngs::SmallRng, Rng, SeedableRng};\n     |                ^^^^^^^^^^^^^^  ^^^  ^^^^^^^^^^^\n\nwarning: unused import: `std::borrow::ToOwned`\n    --> src/map.rs:4698:9\n     |\n4698 |     use std::borrow::ToOwned;\n     |         ^^^^^^^^^^^^^^^^^^^^\n\nwarning: unused import: `super::HashMap`\n    --> src/raw_entry.rs:1487:9\n     |\n1487 |     use super::HashMap;\n     |         ^^^^^^^^^^^^^^\n\nwarning: unused import: `super::RawEntryMut`\n    --> src/raw_entry.rs:1488:9\n     |\n1488 |     use super::RawEntryMut;\n     |         ^^^^^^^^^^^^^^^^^^\n\nwarning: unused imports: `Equivalent`, `HashSet`, and `make_hash`\n    --> src/set.rs:2579:17\n     |\n2579 |     use super::{make_hash, Equivalent, HashSet};\n     |                 ^^^^^^^^^  ^^^^^^^^^^  ^^^^^^^\n\nwarning: unused import: `crate::DefaultHashBuilder`\n    --> src/set.rs:2580:9\n     |\n2580 |     use crate::DefaultHashBuilder;\n     |         ^^^^^^^^^^^^^^^^^^^^^^^^^\n\nwarning: unused import: `std::vec::Vec`\n    --> src/set.rs:2581:9\n     |\n2581 |     use std::vec::Vec;\n     |         ^^^^^^^^^^^^^\n\nwarning: unused import: `super::HashTable`\n    --> src/table.rs:2375:9\n     |\n2375 |     use super::HashTable;\n     |         ^^^^^^^^^^^^^^^^\n\nwarning: unused import: `ntest::timeout`\n    --> src/table.rs:2387:8\n     |\n2387 |    use ntest::timeout;\n     |        ^^^^^^^^^^^^^^\n\nFor more information about this error, try `rustc --explain E0422`.\nwarning: `hashbrown` (lib test) generated 12 warnings\nerror: could not compile `hashbrown` (lib test) due to 1 previous error; 12 warnings emitted\n"
                }
              ],
              "repaired": [
                false
              ]
            },
            {
              "attrs": [],
              "prefix": [],
              "oracles": [],
              "codes": [
                [
                  "{",
                  "    struct TestAllocator;",
                  "",
                  "    let raw_iter = RawIter {",
                  "        iter: RawIterRange {",
                  "            // Initialize with empty range or appropriate values",
                  "        },",
                  "        items: 0,",
                  "    };",
                  "",
                  "    let iter_mut = IterMut {",
                  "        inner: raw_iter,",
                  "        marker: PhantomData,",
                  "    };",
                  "",
                  "    let result = format!(\"{:?}\", iter_mut);",
                  "    assert!(result.contains(\"Iter\")) // Expecting that the output contains \"Iter\"",
                  "}"
                ]
              ],
              "can_compile": [
                {
                  "Err": "   Compiling proc-macro2 v1.0.95\n   Compiling libc v0.2.172\n   Compiling crossbeam-utils v0.8.21\n   Compiling syn v1.0.109\n   Compiling zerocopy v0.8.25\n   Compiling rayon-core v1.12.1\n   Compiling serde v1.0.219\n   Compiling doc-comment v0.3.3\n   Compiling crossbeam-epoch v0.9.18\n   Compiling quote v1.0.40\n   Compiling crossbeam-deque v0.8.6\n   Compiling getrandom v0.2.16\n   Compiling rand_core v0.6.4\n   Compiling rayon v1.10.0\n   Compiling ppv-lite86 v0.2.21\n   Compiling rand_chacha v0.3.1\n   Compiling rand v0.8.5\n   Compiling serde_test v1.0.177\n   Compiling ntest_test_cases v0.9.3\n   Compiling ntest_timeout v0.9.3\n   Compiling ntest v0.9.3\n   Compiling hashbrown v0.15.1 (/home/abezbm/rust-utgen-test-crates-new/hashbrown)\nerror[E0422]: cannot find struct, variant or union type `RawIterRange` in this scope\n    --> src/table.rs:2394:15\n     |\n2394 |         iter: RawIterRange {\n     |               ^^^^^^^^^^^^\n     |\n    ::: src/raw/mod.rs:4085:1\n     |\n4085 | pub struct RawIterHash<T> {\n     | ------------------------- similarly named struct `RawIterHash` defined here\n     |\nhelp: a struct with a similar name exists\n     |\n2394 |         iter: RawIterHash {\n     |               ~~~~~~~~~~~\nhelp: consider importing this struct\n     |\n2386 +    use crate::raw::RawIterRange;\n     |\n\nwarning: unused imports: `Occupied` and `Vacant`\n    --> src/map.rs:4688:24\n     |\n4688 |     use super::Entry::{Occupied, Vacant};\n     |                        ^^^^^^^^  ^^^^^^\n     |\n     = note: `#[warn(unused_imports)]` on by default\n\nwarning: unused import: `super::EntryRef`\n    --> src/map.rs:4689:9\n     |\n4689 |     use super::EntryRef;\n     |         ^^^^^^^^^^^^^^^\n\nwarning: unused import: `ToString`\n    --> src/map.rs:4691:33\n     |\n4691 |     use alloc::string::{String, ToString};\n     |                                 ^^^^^^^^\n\nwarning: unused imports: `Rng`, `SeedableRng`, and `rngs::SmallRng`\n    --> src/map.rs:4697:16\n     |\n4697 |     use rand::{rngs::SmallRng, Rng, SeedableRng};\n     |                ^^^^^^^^^^^^^^  ^^^  ^^^^^^^^^^^\n\nwarning: unused import: `std::borrow::ToOwned`\n    --> src/map.rs:4698:9\n     |\n4698 |     use std::borrow::ToOwned;\n     |         ^^^^^^^^^^^^^^^^^^^^\n\nwarning: unused import: `super::HashMap`\n    --> src/raw_entry.rs:1487:9\n     |\n1487 |     use super::HashMap;\n     |         ^^^^^^^^^^^^^^\n\nwarning: unused import: `super::RawEntryMut`\n    --> src/raw_entry.rs:1488:9\n     |\n1488 |     use super::RawEntryMut;\n     |         ^^^^^^^^^^^^^^^^^^\n\nwarning: unused imports: `Equivalent`, `HashSet`, and `make_hash`\n    --> src/set.rs:2579:17\n     |\n2579 |     use super::{make_hash, Equivalent, HashSet};\n     |                 ^^^^^^^^^  ^^^^^^^^^^  ^^^^^^^\n\nwarning: unused import: `crate::DefaultHashBuilder`\n    --> src/set.rs:2580:9\n     |\n2580 |     use crate::DefaultHashBuilder;\n     |         ^^^^^^^^^^^^^^^^^^^^^^^^^\n\nwarning: unused import: `std::vec::Vec`\n    --> src/set.rs:2581:9\n     |\n2581 |     use std::vec::Vec;\n     |         ^^^^^^^^^^^^^\n\nwarning: unused import: `super::HashTable`\n    --> src/table.rs:2375:9\n     |\n2375 |     use super::HashTable;\n     |         ^^^^^^^^^^^^^^^^\n\nwarning: unused import: `ntest::timeout`\n    --> src/table.rs:2387:8\n     |\n2387 |    use ntest::timeout;\n     |        ^^^^^^^^^^^^^^\n\nFor more information about this error, try `rustc --explain E0422`.\nwarning: `hashbrown` (lib test) generated 12 warnings\nerror: could not compile `hashbrown` (lib test) due to 1 previous error; 12 warnings emitted\n"
                }
              ],
              "repaired": [
                false
              ]
            }
          ]
        }
      ]
    }
  ]
}