{
  "name": "serde_json::value::de::<value::de::MapRefDeserializer<'de> as serde::de::MapAccess<'de>>::size_hint",
  "name_with_impl": "serde_json::value::de::{impl#19}::size_hint",
  "mod_info": {
    "name": "value::de",
    "loc": "src/value/mod.rs:927:1:927:8"
  },
  "visible": true,
  "loc": "src/value/de.rs:1198:5:1203:6",
  "fn_tests": [
    {
      "chain_id": 1,
      "prompt_conds": [
        "// constraint: self.iter.size_hint() matches _ is true\n",
        "// expected return value/type: None\n"
      ],
      "input_infer": "",
      "answers": [
        {
          "uses": [],
          "has_test_mod": false,
          "common": [],
          "chain_tests": [
            {
              "attrs": [],
              "prefix": [],
              "oracles": [],
              "codes": [
                [
                  "{",
                  "    struct TestMap {",
                  "        data: Vec<(String, Value)>,",
                  "    }",
                  "",
                  "    impl<'de> IntoIterator for TestMap {",
                  "        type Item = (String, Value);",
                  "        type IntoIter = std::vec::IntoIter<Self::Item>;",
                  "",
                  "        fn into_iter(self) -> Self::IntoIter {",
                  "            self.data.into_iter()",
                  "        }",
                  "    }",
                  "",
                  "    let map = TestMap {",
                  "        data: vec![(\"key1\".to_string(), Value::Null)],",
                  "    };",
                  "",
                  "    let iter = map.into_iter();",
                  "    let deserializer = MapRefDeserializer {",
                  "        iter,",
                  "        value: None,",
                  "    };",
                  "",
                  "    assert_eq!(deserializer.size_hint(), None);",
                  "}"
                ]
              ],
              "can_compile": [
                {
                  "Err": "   Compiling proc-macro2 v1.0.95\n   Compiling serde v1.0.219\n   Compiling syn v1.0.109\n   Compiling libc v0.2.172\n   Compiling serde_json v1.0.140\n   Compiling target-triple v0.1.4\n   Compiling ref-cast v1.0.24\n   Compiling rustversion v1.0.20\n   Compiling serde_json v1.0.140 (/home/abezbm/rust-utgen-test-crates-new/json)\n   Compiling psm v0.1.26\n   Compiling stacker v0.1.21\n   Compiling quote v1.0.40\n   Compiling syn v2.0.101\n   Compiling serde_derive v1.0.219\n   Compiling ref-cast-impl v1.0.24\n   Compiling automod v1.0.15\n   Compiling ntest_test_cases v0.9.3\n   Compiling ntest_timeout v0.9.3\n   Compiling ntest v0.9.3\n   Compiling serde_spanned v0.6.8\n   Compiling toml_datetime v0.6.9\n   Compiling serde_stacker v0.1.12\n   Compiling serde_bytes v0.11.17\n   Compiling toml_edit v0.22.25\n   Compiling toml v0.8.21\n   Compiling trybuild v1.0.104\nwarning: unused import: `ntest::timeout`\n    --> src/value/de.rs:1504:8\n     |\n1504 |    use ntest::timeout;\n     |        ^^^^^^^^^^^^^^\n     |\n     = note: `#[warn(unused_imports)]` on by default\n\nerror[E0308]: mismatched types\n    --> src/value/de.rs:1527:9\n     |\n1527 |         iter,\n     |         ^^^^ expected `Iter<'_>`, found `IntoIter<(String, Value)>`\n     |\n     = note: expected struct `map::Iter<'_>`\n                found struct `std::vec::IntoIter<(std::string::String, value::Value)>`\n\nFor more information about this error, try `rustc --explain E0308`.\nwarning: `serde_json` (lib test) generated 1 warning\nerror: could not compile `serde_json` (lib test) due to 1 previous error; 1 warning emitted\n"
                }
              ],
              "repaired": [
                false
              ]
            },
            {
              "attrs": [],
              "prefix": [],
              "oracles": [],
              "codes": [
                [
                  "{",
                  "    struct TestMap {",
                  "        data: Vec<(String, Value)>,",
                  "    }",
                  "",
                  "    impl<'de> IntoIterator for TestMap {",
                  "        type Item = (String, Value);",
                  "        type IntoIter = std::vec::IntoIter<Self::Item>;",
                  "",
                  "        fn into_iter(self) -> Self::IntoIter {",
                  "            self.data.into_iter()",
                  "        }",
                  "    }",
                  "",
                  "    let map = TestMap {",
                  "        data: vec![",
                  "            (\"key1\".to_string(), Value::Null),",
                  "            (\"key2\".to_string(), Value::Bool(true)),",
                  "        ],",
                  "    };",
                  "",
                  "    let iter = map.into_iter();",
                  "    let deserializer = MapRefDeserializer {",
                  "        iter,",
                  "        value: None,",
                  "    };",
                  "    ",
                  "    assert_eq!(deserializer.size_hint(), None);",
                  "}"
                ]
              ],
              "can_compile": [
                {
                  "Err": "   Compiling proc-macro2 v1.0.95\n   Compiling serde v1.0.219\n   Compiling syn v1.0.109\n   Compiling libc v0.2.172\n   Compiling serde_json v1.0.140\n   Compiling target-triple v0.1.4\n   Compiling rustversion v1.0.20\n   Compiling ref-cast v1.0.24\n   Compiling serde_json v1.0.140 (/home/abezbm/rust-utgen-test-crates-new/json)\n   Compiling psm v0.1.26\n   Compiling stacker v0.1.21\n   Compiling quote v1.0.40\n   Compiling syn v2.0.101\n   Compiling serde_derive v1.0.219\n   Compiling ref-cast-impl v1.0.24\n   Compiling automod v1.0.15\n   Compiling ntest_test_cases v0.9.3\n   Compiling ntest_timeout v0.9.3\n   Compiling ntest v0.9.3\n   Compiling serde_spanned v0.6.8\n   Compiling toml_datetime v0.6.9\n   Compiling serde_bytes v0.11.17\n   Compiling serde_stacker v0.1.12\n   Compiling toml_edit v0.22.25\n   Compiling toml v0.8.21\n   Compiling trybuild v1.0.104\nwarning: unused import: `ntest::timeout`\n    --> src/value/de.rs:1504:8\n     |\n1504 |    use ntest::timeout;\n     |        ^^^^^^^^^^^^^^\n     |\n     = note: `#[warn(unused_imports)]` on by default\n\nerror[E0308]: mismatched types\n    --> src/value/de.rs:1530:9\n     |\n1530 |         iter,\n     |         ^^^^ expected `Iter<'_>`, found `IntoIter<(String, Value)>`\n     |\n     = note: expected struct `map::Iter<'_>`\n                found struct `std::vec::IntoIter<(std::string::String, value::Value)>`\n\nFor more information about this error, try `rustc --explain E0308`.\nwarning: `serde_json` (lib test) generated 1 warning\nerror: could not compile `serde_json` (lib test) due to 1 previous error; 1 warning emitted\n"
                }
              ],
              "repaired": [
                false
              ]
            },
            {
              "attrs": [],
              "prefix": [],
              "oracles": [],
              "codes": [
                [
                  "{",
                  "    struct TestMap {",
                  "        data: Vec<(String, Value)>,",
                  "    }",
                  "",
                  "    impl<'de> IntoIterator for TestMap {",
                  "        type Item = (String, Value);",
                  "        type IntoIter = std::vec::IntoIter<Self::Item>;",
                  "",
                  "        fn into_iter(self) -> Self::IntoIter {",
                  "            self.data.into_iter()",
                  "        }",
                  "    }",
                  "",
                  "    let map = TestMap {",
                  "        data: vec![",
                  "            (\"key1\".to_string(), Value::Null),",
                  "            (\"key2\".to_string(), Value::Bool(false)),",
                  "            (\"key3\".to_string(), Value::Number(Number::from(10))),",
                  "        ],",
                  "    };",
                  "",
                  "    let iter = map.into_iter();",
                  "    let deserializer = MapRefDeserializer {",
                  "        iter,",
                  "        value: None,",
                  "    };",
                  "",
                  "    assert_eq!(deserializer.size_hint(), None);",
                  "}"
                ]
              ],
              "can_compile": [
                {
                  "Err": "   Compiling proc-macro2 v1.0.95\n   Compiling serde v1.0.219\n   Compiling syn v1.0.109\n   Compiling libc v0.2.172\n   Compiling target-triple v0.1.4\n   Compiling serde_json v1.0.140\n   Compiling psm v0.1.26\n   Compiling stacker v0.1.21\n   Compiling rustversion v1.0.20\n   Compiling ref-cast v1.0.24\n   Compiling serde_json v1.0.140 (/home/abezbm/rust-utgen-test-crates-new/json)\n   Compiling quote v1.0.40\n   Compiling syn v2.0.101\n   Compiling serde_derive v1.0.219\n   Compiling ref-cast-impl v1.0.24\n   Compiling automod v1.0.15\n   Compiling ntest_timeout v0.9.3\n   Compiling ntest_test_cases v0.9.3\n   Compiling ntest v0.9.3\n   Compiling toml_datetime v0.6.9\n   Compiling serde_spanned v0.6.8\n   Compiling serde_bytes v0.11.17\n   Compiling serde_stacker v0.1.12\n   Compiling toml_edit v0.22.25\n   Compiling toml v0.8.21\n   Compiling trybuild v1.0.104\nwarning: unused import: `ntest::timeout`\n    --> src/value/de.rs:1504:8\n     |\n1504 |    use ntest::timeout;\n     |        ^^^^^^^^^^^^^^\n     |\n     = note: `#[warn(unused_imports)]` on by default\n\nerror[E0308]: mismatched types\n    --> src/value/de.rs:1531:9\n     |\n1531 |         iter,\n     |         ^^^^ expected `Iter<'_>`, found `IntoIter<(String, Value)>`\n     |\n     = note: expected struct `map::Iter<'_>`\n                found struct `std::vec::IntoIter<(std::string::String, value::Value)>`\n\nFor more information about this error, try `rustc --explain E0308`.\nwarning: `serde_json` (lib test) generated 1 warning\nerror: could not compile `serde_json` (lib test) due to 1 previous error; 1 warning emitted\n"
                }
              ],
              "repaired": [
                false
              ]
            }
          ]
        }
      ]
    },
    {
      "chain_id": 2,
      "prompt_conds": [
        "// constraint: self.iter.size_hint() matches (lower, Some(upper)) is true\n",
        "// constraint: lower == upper is true\n",
        "// expected return value/type: Some(upper)\n"
      ],
      "input_infer": "",
      "answers": [
        {
          "uses": [],
          "has_test_mod": false,
          "common": [],
          "chain_tests": [
            {
              "attrs": [],
              "prefix": [],
              "oracles": [],
              "codes": [
                [
                  "{",
                  "    struct TestMap<K, V> {",
                  "        iter: Vec<(K, V)>,",
                  "    }",
                  "",
                  "    impl<K, V> IntoIterator for TestMap<K, V> {",
                  "        type Item = (K, V);",
                  "        type IntoIter = std::vec::IntoIter<Self::Item>;",
                  "",
                  "        fn into_iter(self) -> Self::IntoIter {",
                  "            self.iter.into_iter()",
                  "        }",
                  "    }",
                  "",
                  "    struct TestMapRefDeserializer<'de> {",
                  "        iter: <TestMap<String, i32> as IntoIterator>::IntoIter,",
                  "    }",
                  "",
                  "    impl<'de> TestMapRefDeserializer<'de> {",
                  "        fn size_hint(&self) -> Option<usize> {",
                  "            match self.iter.size_hint() {",
                  "                (lower, Some(upper)) if lower == upper => Some(upper),",
                  "                _ => None,",
                  "            }",
                  "        }",
                  "    }",
                  "",
                  "    let test_data = TestMap {",
                  "        iter: vec![(\"key1\".to_string(), 1), (\"key2\".to_string(), 2)],",
                  "    };",
                  "",
                  "    let deserializer = TestMapRefDeserializer {",
                  "        iter: test_data.into_iter(),",
                  "    };",
                  "",
                  "    assert_eq!(deserializer.size_hint(), Some(2));",
                  "}"
                ]
              ],
              "can_compile": [
                {
                  "Err": "   Compiling proc-macro2 v1.0.95\n   Compiling serde v1.0.219\n   Compiling syn v1.0.109\n   Compiling libc v0.2.172\n   Compiling target-triple v0.1.4\n   Compiling serde_json v1.0.140\n   Compiling rustversion v1.0.20\n   Compiling ref-cast v1.0.24\n   Compiling serde_json v1.0.140 (/home/abezbm/rust-utgen-test-crates-new/json)\n   Compiling psm v0.1.26\n   Compiling stacker v0.1.21\n   Compiling quote v1.0.40\n   Compiling syn v2.0.101\n   Compiling serde_derive v1.0.219\n   Compiling ref-cast-impl v1.0.24\n   Compiling automod v1.0.15\n   Compiling ntest_timeout v0.9.3\n   Compiling ntest_test_cases v0.9.3\n   Compiling ntest v0.9.3\n   Compiling serde_spanned v0.6.8\n   Compiling toml_datetime v0.6.9\n   Compiling serde_stacker v0.1.12\n   Compiling serde_bytes v0.11.17\n   Compiling toml_edit v0.22.25\n   Compiling toml v0.8.21\n   Compiling trybuild v1.0.104\nwarning: unused import: `ntest::timeout`\n    --> src/value/de.rs:1504:8\n     |\n1504 |    use ntest::timeout;\n     |        ^^^^^^^^^^^^^^\n     |\n     = note: `#[warn(unused_imports)]` on by default\n\nerror[E0392]: lifetime parameter `'de` is never used\n    --> src/value/de.rs:1521:35\n     |\n1521 |     struct TestMapRefDeserializer<'de> {\n     |                                   ^^^ unused lifetime parameter\n     |\n     = help: consider removing `'de`, referring to it in a field, or using a marker such as `PhantomData`\n\nFor more information about this error, try `rustc --explain E0392`.\nwarning: `serde_json` (lib test) generated 1 warning\nerror: could not compile `serde_json` (lib test) due to 1 previous error; 1 warning emitted\n"
                }
              ],
              "repaired": [
                false
              ]
            },
            {
              "attrs": [],
              "prefix": [],
              "oracles": [],
              "codes": [
                [
                  "{",
                  "    struct TestMap<K, V> {",
                  "        iter: Vec<(K, V)>,",
                  "    }",
                  "",
                  "    impl<K, V> IntoIterator for TestMap<K, V> {",
                  "        type Item = (K, V);",
                  "        type IntoIter = std::vec::IntoIter<Self::Item>;",
                  "",
                  "        fn into_iter(self) -> Self::IntoIter {",
                  "            self.iter.into_iter()",
                  "        }",
                  "    }",
                  "",
                  "    struct TestMapRefDeserializer<'de> {",
                  "        iter: <TestMap<String, i32> as IntoIterator>::IntoIter,",
                  "    }",
                  "",
                  "    impl<'de> TestMapRefDeserializer<'de> {",
                  "        fn size_hint(&self) -> Option<usize> {",
                  "            match self.iter.size_hint() {",
                  "                (lower, Some(upper)) if lower == upper => Some(upper),",
                  "                _ => None,",
                  "            }",
                  "        }",
                  "    }",
                  "",
                  "    let test_data = TestMap {",
                  "        iter: vec![(\"key1\".to_string(), 1)], // In this case, lower != upper",
                  "    };",
                  "",
                  "    let deserializer = TestMapRefDeserializer {",
                  "        iter: test_data.into_iter(),",
                  "    };",
                  "",
                  "    assert_eq!(deserializer.size_hint(), None);",
                  "}"
                ]
              ],
              "can_compile": [
                {
                  "Err": "   Compiling proc-macro2 v1.0.95\n   Compiling serde v1.0.219\n   Compiling syn v1.0.109\n   Compiling libc v0.2.172\n   Compiling serde_json v1.0.140\n   Compiling target-triple v0.1.4\n   Compiling rustversion v1.0.20\n   Compiling ref-cast v1.0.24\n   Compiling serde_json v1.0.140 (/home/abezbm/rust-utgen-test-crates-new/json)\n   Compiling psm v0.1.26\n   Compiling stacker v0.1.21\n   Compiling quote v1.0.40\n   Compiling syn v2.0.101\n   Compiling serde_derive v1.0.219\n   Compiling ref-cast-impl v1.0.24\n   Compiling automod v1.0.15\n   Compiling ntest_timeout v0.9.3\n   Compiling ntest_test_cases v0.9.3\n   Compiling ntest v0.9.3\n   Compiling toml_datetime v0.6.9\n   Compiling serde_spanned v0.6.8\n   Compiling serde_stacker v0.1.12\n   Compiling serde_bytes v0.11.17\n   Compiling toml_edit v0.22.25\n   Compiling toml v0.8.21\n   Compiling trybuild v1.0.104\nwarning: unused import: `ntest::timeout`\n    --> src/value/de.rs:1504:8\n     |\n1504 |    use ntest::timeout;\n     |        ^^^^^^^^^^^^^^\n     |\n     = note: `#[warn(unused_imports)]` on by default\n\nerror[E0392]: lifetime parameter `'de` is never used\n    --> src/value/de.rs:1521:35\n     |\n1521 |     struct TestMapRefDeserializer<'de> {\n     |                                   ^^^ unused lifetime parameter\n     |\n     = help: consider removing `'de`, referring to it in a field, or using a marker such as `PhantomData`\n\nFor more information about this error, try `rustc --explain E0392`.\nwarning: `serde_json` (lib test) generated 1 warning\nerror: could not compile `serde_json` (lib test) due to 1 previous error; 1 warning emitted\n"
                }
              ],
              "repaired": [
                false
              ]
            }
          ]
        }
      ]
    },
    {
      "chain_id": 3,
      "prompt_conds": [
        "// constraint: self.iter.size_hint() matches (lower, Some(upper)) is true\n",
        "// constraint: lower == upper is false\n",
        "// expected return value/type: None\n"
      ],
      "input_infer": "",
      "answers": [
        {
          "uses": [],
          "has_test_mod": false,
          "common": [
            "fn test_size_hint_lower_not_equal_upper() {",
            "    struct TestMap {",
            "        iter: std::iter::Once<(usize, Option<usize>)>,",
            "    }",
            "",
            "    impl<'de> IntoIterator for TestMap {",
            "        type Item = (usize, Option<usize>);",
            "        type IntoIter = std::iter::Once<(usize, Option<usize>)>;",
            "",
            "        fn into_iter(self) -> Self::IntoIter {",
            "            self.iter",
            "        }",
            "    }",
            "",
            "    let test_map = TestMap {",
            "        iter: std::iter::once((3, Some(5))),",
            "    };",
            "",
            "    let deserializer = MapRefDeserializer {",
            "        iter: test_map.into_iter(),",
            "        value: None,",
            "    };",
            "",
            "    assert_eq!(deserializer.size_hint(), None);",
            "}",
            "",
            "fn test_size_hint_lower_equal_upper() {",
            "    struct TestMap {",
            "        iter: std::iter::Once<(usize, Option<usize>)>,",
            "    }",
            "",
            "    impl<'de> IntoIterator for TestMap {",
            "        type Item = (usize, Option<usize>);",
            "        type IntoIter = std::iter::Once<(usize, Option<usize>)>;",
            "",
            "        fn into_iter(self) -> Self::IntoIter {",
            "            self.iter",
            "        }",
            "    }",
            "",
            "    let test_map = TestMap {",
            "        iter: std::iter::once((5, Some(5))),",
            "    };",
            "",
            "    let deserializer = MapRefDeserializer {",
            "        iter: test_map.into_iter(),",
            "        value: None,",
            "    };",
            "",
            "    assert_eq!(deserializer.size_hint(), Some(5));",
            "}"
          ],
          "chain_tests": [
            {
              "attrs": [],
              "prefix": [],
              "oracles": [],
              "codes": [
                [
                  "{",
                  "    test_size_hint_lower_not_equal_upper();",
                  "    test_size_hint_lower_equal_upper();",
                  "}"
                ]
              ],
              "can_compile": [
                {
                  "Err": "   Compiling proc-macro2 v1.0.95\n   Compiling serde v1.0.219\n   Compiling syn v1.0.109\n   Compiling libc v0.2.172\n   Compiling target-triple v0.1.4\n   Compiling serde_json v1.0.140\n   Compiling ref-cast v1.0.24\n   Compiling rustversion v1.0.20\n   Compiling serde_json v1.0.140 (/home/abezbm/rust-utgen-test-crates-new/json)\n   Compiling psm v0.1.26\n   Compiling stacker v0.1.21\n   Compiling quote v1.0.40\n   Compiling syn v2.0.101\n   Compiling serde_derive v1.0.219\n   Compiling ref-cast-impl v1.0.24\n   Compiling automod v1.0.15\n   Compiling ntest_test_cases v0.9.3\n   Compiling ntest_timeout v0.9.3\n   Compiling ntest v0.9.3\n   Compiling toml_datetime v0.6.9\n   Compiling serde_spanned v0.6.8\n   Compiling serde_bytes v0.11.17\n   Compiling serde_stacker v0.1.12\n   Compiling toml_edit v0.22.25\n   Compiling toml v0.8.21\n   Compiling trybuild v1.0.104\nwarning: unused import: `ntest::timeout`\n    --> src/value/de.rs:1504:8\n     |\n1504 |    use ntest::timeout;\n     |        ^^^^^^^^^^^^^^\n     |\n     = note: `#[warn(unused_imports)]` on by default\n\nerror[E0308]: mismatched types\n    --> src/value/de.rs:1524:15\n     |\n1524 |         iter: test_map.into_iter(),\n     |               ^^^^^^^^^^^^^^^^^^^^ expected `Iter<'_>`, found `Once<(usize, Option<usize>)>`\n     |\n     = note: expected struct `map::Iter<'_>`\n                found struct `std::iter::Once<(usize, std::option::Option<usize>)>`\n\nerror[E0308]: mismatched types\n    --> src/value/de.rs:1550:15\n     |\n1550 |         iter: test_map.into_iter(),\n     |               ^^^^^^^^^^^^^^^^^^^^ expected `Iter<'_>`, found `Once<(usize, Option<usize>)>`\n     |\n     = note: expected struct `map::Iter<'_>`\n                found struct `std::iter::Once<(usize, std::option::Option<usize>)>`\n\nFor more information about this error, try `rustc --explain E0308`.\nwarning: `serde_json` (lib test) generated 1 warning\nerror: could not compile `serde_json` (lib test) due to 2 previous errors; 1 warning emitted\n"
                }
              ],
              "repaired": [
                false
              ]
            }
          ]
        }
      ]
    }
  ]
}