{
  "name": "serde_json::value::ser::<value::ser::MapKeySerializer as serde::Serializer>::serialize_bytes",
  "name_with_impl": "serde_json::value::ser::{impl#7}::serialize_bytes",
  "mod_info": {
    "name": "value::ser",
    "loc": "src/value/mod.rs:931:1:931:9"
  },
  "visible": true,
  "loc": "src/value/ser.rs:562:5:564:6",
  "fn_tests": [
    {
      "chain_id": 1,
      "prompt_conds": [
        "// expected return value/type: Err(key_must_be_a_string())\n"
      ],
      "input_infer": "",
      "answers": [
        {
          "uses": [],
          "has_test_mod": false,
          "common": [],
          "chain_tests": [
            {
              "attrs": [],
              "prefix": [],
              "oracles": [],
              "codes": [
                [
                  "{",
                  "    struct TestSerializer;",
                  "",
                  "    impl serde::Serializer for TestSerializer {",
                  "        type Ok = String;",
                  "        type Error = Error;",
                  "        type SerializeSeq = Impossible<String, Error>;",
                  "        type SerializeTuple = Impossible<String, Error>;",
                  "        type SerializeTupleStruct = Impossible<String, Error>;",
                  "        type SerializeTupleVariant = Impossible<String, Error>;",
                  "        type SerializeMap = Impossible<String, Error>;",
                  "        type SerializeStruct = Impossible<String, Error>;",
                  "        type SerializeStructVariant = Impossible<String, Error>;",
                  "",
                  "        fn serialize_bytes(self, _value: &[u8]) -> Result<String> {",
                  "            Err(key_must_be_a_string())",
                  "        }",
                  "",
                  "        // Other methods are not implemented for brevity",
                  "        fn serialize_unit_variant(self, _name: &'static str, _variant_index: u32, _variant: &'static str) -> Result<String> {",
                  "            unimplemented!()",
                  "        }",
                  "        // ... Other unimplemented methods",
                  "    }",
                  "",
                  "    let serializer = TestSerializer;",
                  "    let result = serializer.serialize_bytes(&[1, 2, 3]);",
                  "    assert!(result.is_err());",
                  "",
                  "    match result {",
                  "        Err(e) => assert_eq!(e, key_must_be_a_string()),",
                  "        _ => panic!(\"Expected an error\"),",
                  "    }",
                  "}"
                ]
              ],
              "can_compile": [
                {
                  "Err": "   Compiling proc-macro2 v1.0.95\n   Compiling serde v1.0.219\n   Compiling syn v1.0.109\n   Compiling libc v0.2.172\n   Compiling serde_json v1.0.140\n   Compiling target-triple v0.1.4\n   Compiling rustversion v1.0.20\n   Compiling ref-cast v1.0.24\n   Compiling psm v0.1.26\n   Compiling stacker v0.1.21\n   Compiling serde_json v1.0.140 (/home/abezbm/rust-utgen-test-crates-new/json)\n   Compiling quote v1.0.40\n   Compiling syn v2.0.101\n   Compiling serde_derive v1.0.219\n   Compiling ref-cast-impl v1.0.24\n   Compiling automod v1.0.15\n   Compiling ntest_test_cases v0.9.3\n   Compiling ntest_timeout v0.9.3\n   Compiling ntest v0.9.3\n   Compiling serde_spanned v0.6.8\n   Compiling toml_datetime v0.6.9\n   Compiling serde_bytes v0.11.17\n   Compiling serde_stacker v0.1.12\n   Compiling toml_edit v0.22.25\n   Compiling toml v0.8.21\n   Compiling trybuild v1.0.104\nwarning: unused import: `ntest::timeout`\n    --> src/value/ser.rs:1067:8\n     |\n1067 |    use ntest::timeout;\n     |        ^^^^^^^^^^^^^^\n     |\n     = note: `#[warn(unused_imports)]` on by default\n\nerror[E0046]: not all trait items implemented, missing: `serialize_bool`, `serialize_i8`, `serialize_i16`, `serialize_i32`, `serialize_i64`, `serialize_u8`, `serialize_u16`, `serialize_u32`, `serialize_u64`, `serialize_f32`, `serialize_f64`, `serialize_char`, `serialize_str`, `serialize_none`, `serialize_some`, `serialize_unit`, `serialize_unit_struct`, `serialize_newtype_struct`, `serialize_newtype_variant`, `serialize_seq`, `serialize_tuple`, `serialize_tuple_struct`, `serialize_tuple_variant`, `serialize_map`, `serialize_struct`, `serialize_struct_variant`\n    --> src/value/ser.rs:1073:5\n     |\n1073 |     impl serde::Serializer for TestSerializer {\n     |     ^^^^^^^^^^^^^^^^^^^^^^^^^^^^^^^^^^^^^^^^^ missing `serialize_bool`, `serialize_i8`, `serialize_i16`, `serialize_i32`, `serialize_i64`, `serialize_u8`, `serialize_u16`, `serialize_u32`, `serialize_u64`, `serialize_f32`, `serialize_f64`, `serialize_char`, `serialize_str`, `serialize_none`, `serialize_some`, `serialize_unit`, `serialize_unit_struct`, `serialize_newtype_struct`, `serialize_newtype_variant`, `serialize_seq`, `serialize_tuple`, `serialize_tuple_struct`, `serialize_tuple_variant`, `serialize_map`, `serialize_struct`, `serialize_struct_variant` in implementation\n     |\n     = help: implement the missing item: `fn serialize_bool(self, _: bool) -> std::result::Result<<Self as serde::Serializer>::Ok, <Self as serde::Serializer>::Error> { todo!() }`\n     = help: implement the missing item: `fn serialize_i8(self, _: i8) -> std::result::Result<<Self as serde::Serializer>::Ok, <Self as serde::Serializer>::Error> { todo!() }`\n     = help: implement the missing item: `fn serialize_i16(self, _: i16) -> std::result::Result<<Self as serde::Serializer>::Ok, <Self as serde::Serializer>::Error> { todo!() }`\n     = help: implement the missing item: `fn serialize_i32(self, _: i32) -> std::result::Result<<Self as serde::Serializer>::Ok, <Self as serde::Serializer>::Error> { todo!() }`\n     = help: implement the missing item: `fn serialize_i64(self, _: i64) -> std::result::Result<<Self as serde::Serializer>::Ok, <Self as serde::Serializer>::Error> { todo!() }`\n     = help: implement the missing item: `fn serialize_u8(self, _: u8) -> std::result::Result<<Self as serde::Serializer>::Ok, <Self as serde::Serializer>::Error> { todo!() }`\n     = help: implement the missing item: `fn serialize_u16(self, _: u16) -> std::result::Result<<Self as serde::Serializer>::Ok, <Self as serde::Serializer>::Error> { todo!() }`\n     = help: implement the missing item: `fn serialize_u32(self, _: u32) -> std::result::Result<<Self as serde::Serializer>::Ok, <Self as serde::Serializer>::Error> { todo!() }`\n     = help: implement the missing item: `fn serialize_u64(self, _: u64) -> std::result::Result<<Self as serde::Serializer>::Ok, <Self as serde::Serializer>::Error> { todo!() }`\n     = help: implement the missing item: `fn serialize_f32(self, _: f32) -> std::result::Result<<Self as serde::Serializer>::Ok, <Self as serde::Serializer>::Error> { todo!() }`\n     = help: implement the missing item: `fn serialize_f64(self, _: f64) -> std::result::Result<<Self as serde::Serializer>::Ok, <Self as serde::Serializer>::Error> { todo!() }`\n     = help: implement the missing item: `fn serialize_char(self, _: char) -> std::result::Result<<Self as serde::Serializer>::Ok, <Self as serde::Serializer>::Error> { todo!() }`\n     = help: implement the missing item: `fn serialize_str(self, _: &str) -> std::result::Result<<Self as serde::Serializer>::Ok, <Self as serde::Serializer>::Error> { todo!() }`\n     = help: implement the missing item: `fn serialize_none(self) -> std::result::Result<<Self as serde::Serializer>::Ok, <Self as serde::Serializer>::Error> { todo!() }`\n     = help: implement the missing item: `fn serialize_some<T>(self, _: &T) -> std::result::Result<<Self as serde::Serializer>::Ok, <Self as serde::Serializer>::Error> where T: Serialize { todo!() }`\n     = help: implement the missing item: `fn serialize_unit(self) -> std::result::Result<<Self as serde::Serializer>::Ok, <Self as serde::Serializer>::Error> { todo!() }`\n     = help: implement the missing item: `fn serialize_unit_struct(self, _: &'static str) -> std::result::Result<<Self as serde::Serializer>::Ok, <Self as serde::Serializer>::Error> { todo!() }`\n     = help: implement the missing item: `fn serialize_newtype_struct<T>(self, _: &'static str, _: &T) -> std::result::Result<<Self as serde::Serializer>::Ok, <Self as serde::Serializer>::Error> where T: Serialize { todo!() }`\n     = help: implement the missing item: `fn serialize_newtype_variant<T>(self, _: &'static str, _: u32, _: &'static str, _: &T) -> std::result::Result<<Self as serde::Serializer>::Ok, <Self as serde::Serializer>::Error> where T: Serialize { todo!() }`\n     = help: implement the missing item: `fn serialize_seq(self, _: std::option::Option<usize>) -> std::result::Result<<Self as serde::Serializer>::SerializeSeq, <Self as serde::Serializer>::Error> { todo!() }`\n     = help: implement the missing item: `fn serialize_tuple(self, _: usize) -> std::result::Result<<Self as serde::Serializer>::SerializeTuple, <Self as serde::Serializer>::Error> { todo!() }`\n     = help: implement the missing item: `fn serialize_tuple_struct(self, _: &'static str, _: usize) -> std::result::Result<<Self as serde::Serializer>::SerializeTupleStruct, <Self as serde::Serializer>::Error> { todo!() }`\n     = help: implement the missing item: `fn serialize_tuple_variant(self, _: &'static str, _: u32, _: &'static str, _: usize) -> std::result::Result<<Self as serde::Serializer>::SerializeTupleVariant, <Self as serde::Serializer>::Error> { todo!() }`\n     = help: implement the missing item: `fn serialize_map(self, _: std::option::Option<usize>) -> std::result::Result<<Self as serde::Serializer>::SerializeMap, <Self as serde::Serializer>::Error> { todo!() }`\n     = help: implement the missing item: `fn serialize_struct(self, _: &'static str, _: usize) -> std::result::Result<<Self as serde::Serializer>::SerializeStruct, <Self as serde::Serializer>::Error> { todo!() }`\n     = help: implement the missing item: `fn serialize_struct_variant(self, _: &'static str, _: u32, _: &'static str, _: usize) -> std::result::Result<<Self as serde::Serializer>::SerializeStructVariant, <Self as serde::Serializer>::Error> { todo!() }`\n\nerror[E0599]: no method named `serialize_bytes` found for struct `TestSerializer` in the current scope\n    --> src/value/ser.rs:1096:29\n     |\n1071 |     struct TestSerializer;\n     |     --------------------- method `serialize_bytes` not found for this struct\n...\n1096 |     let result = serializer.serialize_bytes(&[1, 2, 3]);\n     |                             ^^^^^^^^^^^^^^^\n     |\n    ::: /home/abezbm/.cargo/registry/src/index.crates.io-6f17d22bba15001f/serde-1.0.219/src/ser/mod.rs:740:8\n     |\n740  |     fn serialize_bytes(self, v: &[u8]) -> Result<Self::Ok, Self::Error>;\n     |        --------------- the method is available for `TestSerializer` here\n     |\n     = help: items from traits can only be used if the trait is in scope\nhelp: trait `Serializer` which provides `serialize_bytes` is implemented but not in scope; perhaps you want to import it\n     |\n1066 +    use serde::Serializer;\n     |\nhelp: there is a method `serialize_seq` with a similar name\n     |\n1096 |     let result = serializer.serialize_seq(&[1, 2, 3]);\n     |                             ~~~~~~~~~~~~~\n\nSome errors have detailed explanations: E0046, E0599.\nFor more information about an error, try `rustc --explain E0046`.\nwarning: `serde_json` (lib test) generated 1 warning\nerror: could not compile `serde_json` (lib test) due to 2 previous errors; 1 warning emitted\n"
                }
              ],
              "repaired": [
                false
              ]
            }
          ]
        }
      ]
    }
  ]
}