{
  "name": "serde_json::de::de::ParserNumber::visit",
  "name_with_impl": "serde_json::de::{impl#4}::visit",
  "mod_info": {
    "name": "de",
    "loc": "src/lib.rs:418:1:418:12"
  },
  "visible": false,
  "loc": "src/de.rs:118:5:129:6",
  "fn_tests": [
    {
      "chain_id": 1,
      "prompt_conds": [
        "// constraint: self matches ParserNumber::I64(x) is true\n"
      ],
      "input_infer": "",
      "answers": [
        {
          "uses": [],
          "has_test_mod": false,
          "common": [],
          "chain_tests": [
            {
              "attrs": [],
              "prefix": [],
              "oracles": [],
              "codes": [
                [
                  "{",
                  "    struct TestVisitor {",
                  "        value: Option<i64>,",
                  "    }",
                  "",
                  "    impl<'de> de::Visitor<'de> for TestVisitor {",
                  "        type Value = i64;",
                  "",
                  "        fn visit_i64<E>(self, value: i64) -> Result<Self::Value, E> {",
                  "            Ok(value)",
                  "        }",
                  "",
                  "        fn visit_f64<E>(self, _: f64) -> Result<Self::Value, E> {",
                  "            unimplemented!()",
                  "        }",
                  "",
                  "        fn visit_u64<E>(self, _: u64) -> Result<Self::Value, E> {",
                  "            unimplemented!()",
                  "        }",
                  "",
                  "        fn visit_map<V>(self, _: V) -> Result<Self::Value, E> ",
                  "        where",
                  "            V: de::MapAccess<'de>,",
                  "        {",
                  "            unimplemented!()",
                  "        }",
                  "    }",
                  "",
                  "    let num = ParserNumber::I64(42);",
                  "    let visitor = TestVisitor { value: None };",
                  "",
                  "    let result = num.visit(visitor);",
                  "    assert_eq!(result.unwrap(), 42);",
                  "}"
                ]
              ],
              "can_compile": [
                {
                  "Err": "   Compiling proc-macro2 v1.0.95\n   Compiling serde v1.0.219\n   Compiling syn v1.0.109\n   Compiling libc v0.2.172\n   Compiling target-triple v0.1.4\n   Compiling serde_json v1.0.140\n   Compiling ref-cast v1.0.24\n   Compiling rustversion v1.0.20\n   Compiling serde_json v1.0.140 (/home/abezbm/rust-utgen-test-crates-new/json)\n   Compiling psm v0.1.26\n   Compiling stacker v0.1.21\n   Compiling quote v1.0.40\n   Compiling syn v2.0.101\n   Compiling serde_derive v1.0.219\n   Compiling ref-cast-impl v1.0.24\n   Compiling automod v1.0.15\n   Compiling ntest_test_cases v0.9.3\n   Compiling ntest_timeout v0.9.3\n   Compiling ntest v0.9.3\n   Compiling serde_spanned v0.6.8\n   Compiling toml_datetime v0.6.9\n   Compiling serde_bytes v0.11.17\n   Compiling serde_stacker v0.1.12\n   Compiling toml_edit v0.22.25\n   Compiling toml v0.8.21\n   Compiling trybuild v1.0.104\nerror[E0412]: cannot find type `E` in this scope\n    --> src/de.rs:2729:60\n     |\n2729 |         fn visit_map<V>(self, _: V) -> Result<Self::Value, E> \n     |                                                            ^\n     |\n    ::: /home/abezbm/.rustup/toolchains/nightly-2024-07-21-x86_64-unknown-linux-gnu/lib/rustlib/src/rust/library/core/src/cmp.rs:328:1\n     |\n328  | pub trait Eq: PartialEq<Self> {\n     | ----------------------------- similarly named trait `Eq` defined here\n     |\nhelp: a trait with a similar name exists\n     |\n2729 |         fn visit_map<V>(self, _: V) -> Result<Self::Value, Eq> \n     |                                                            ~~\nhelp: you might be missing a type parameter\n     |\n2714 |     impl<'de, E> de::Visitor<'de> for TestVisitor {\n     |             +++\n\nwarning: unused import: `ntest::timeout`\n    --> src/de.rs:2706:8\n     |\n2706 |    use ntest::timeout;\n     |        ^^^^^^^^^^^^^^\n     |\n     = note: `#[warn(unused_imports)]` on by default\n\nerror[E0107]: type alias takes 1 generic argument but 2 generic arguments were supplied\n    --> src/de.rs:2717:46\n     |\n2717 |         fn visit_i64<E>(self, value: i64) -> Result<Self::Value, E> {\n     |                                              ^^^^^^              - help: remove this generic argument\n     |                                              |\n     |                                              expected 1 generic argument\n     |\nnote: type alias defined here, with 1 generic parameter: `T`\n    --> src/error.rs:25:10\n     |\n25   | pub type Result<T> = result::Result<T, Error>;\n     |          ^^^^^^ -\n\nerror[E0107]: type alias takes 1 generic argument but 2 generic arguments were supplied\n    --> src/de.rs:2721:42\n     |\n2721 |         fn visit_f64<E>(self, _: f64) -> Result<Self::Value, E> {\n     |                                          ^^^^^^              - help: remove this generic argument\n     |                                          |\n     |                                          expected 1 generic argument\n     |\nnote: type alias defined here, with 1 generic parameter: `T`\n    --> src/error.rs:25:10\n     |\n25   | pub type Result<T> = result::Result<T, Error>;\n     |          ^^^^^^ -\n\nerror[E0107]: type alias takes 1 generic argument but 2 generic arguments were supplied\n    --> src/de.rs:2725:42\n     |\n2725 |         fn visit_u64<E>(self, _: u64) -> Result<Self::Value, E> {\n     |                                          ^^^^^^              - help: remove this generic argument\n     |                                          |\n     |                                          expected 1 generic argument\n     |\nnote: type alias defined here, with 1 generic parameter: `T`\n    --> src/error.rs:25:10\n     |\n25   | pub type Result<T> = result::Result<T, Error>;\n     |          ^^^^^^ -\n\nerror[E0107]: type alias takes 1 generic argument but 2 generic arguments were supplied\n    --> src/de.rs:2729:40\n     |\n2729 |         fn visit_map<V>(self, _: V) -> Result<Self::Value, E> \n     |                                        ^^^^^^              - help: remove this generic argument\n     |                                        |\n     |                                        expected 1 generic argument\n     |\nnote: type alias defined here, with 1 generic parameter: `T`\n    --> src/error.rs:25:10\n     |\n25   | pub type Result<T> = result::Result<T, Error>;\n     |          ^^^^^^ -\n\nerror[E0053]: method `visit_i64` has an incompatible type for trait\n    --> src/de.rs:2717:46\n     |\n2717 |         fn visit_i64<E>(self, value: i64) -> Result<Self::Value, E> {\n     |                      -                       ^^^^^^^^^^^^^^^^^^^^^^ expected type parameter `E`, found `error::Error`\n     |                      |\n     |                      expected this type parameter\n     |\n     = note: expected signature `fn(TestVisitor, _) -> std::result::Result<_, E>`\n                found signature `fn(TestVisitor, _) -> std::result::Result<_, error::Error>`\nhelp: change the output type to match the trait\n     |\n2717 |         fn visit_i64<E>(self, value: i64) -> std::result::Result<i64, E> {\n     |                                              ~~~~~~~~~~~~~~~~~~~~~~~~~~~\n\nerror[E0053]: method `visit_f64` has an incompatible type for trait\n    --> src/de.rs:2721:42\n     |\n2721 |         fn visit_f64<E>(self, _: f64) -> Result<Self::Value, E> {\n     |                      -                   ^^^^^^^^^^^^^^^^^^^^^^ expected type parameter `E`, found `error::Error`\n     |                      |\n     |                      expected this type parameter\n     |\n     = note: expected signature `fn(TestVisitor, _) -> std::result::Result<_, E>`\n                found signature `fn(TestVisitor, _) -> std::result::Result<_, error::Error>`\nhelp: change the output type to match the trait\n     |\n2721 |         fn visit_f64<E>(self, _: f64) -> std::result::Result<i64, E> {\n     |                                          ~~~~~~~~~~~~~~~~~~~~~~~~~~~\n\nerror[E0053]: method `visit_u64` has an incompatible type for trait\n    --> src/de.rs:2725:42\n     |\n2725 |         fn visit_u64<E>(self, _: u64) -> Result<Self::Value, E> {\n     |                      -                   ^^^^^^^^^^^^^^^^^^^^^^ expected type parameter `E`, found `error::Error`\n     |                      |\n     |                      expected this type parameter\n     |\n     = note: expected signature `fn(TestVisitor, _) -> std::result::Result<_, E>`\n                found signature `fn(TestVisitor, _) -> std::result::Result<_, error::Error>`\nhelp: change the output type to match the trait\n     |\n2725 |         fn visit_u64<E>(self, _: u64) -> std::result::Result<i64, E> {\n     |                                          ~~~~~~~~~~~~~~~~~~~~~~~~~~~\n\nerror[E0053]: method `visit_map` has an incompatible type for trait\n    --> src/de.rs:2729:40\n     |\n2729 |         fn visit_map<V>(self, _: V) -> Result<Self::Value, E> \n     |                                        ^^^^^^^^^^^^^^^^^^^^^^ expected associated type, found `error::Error`\n     |\n     = note: expected signature `fn(TestVisitor, _) -> std::result::Result<_, <V as serde::de::MapAccess<'de>>::Error>`\n                found signature `fn(TestVisitor, _) -> std::result::Result<_, error::Error>`\nhelp: change the output type to match the trait\n     |\n2729 |         fn visit_map<V>(self, _: V) -> std::result::Result<i64, <V as serde::de::MapAccess<'de>>::Error> \n     |                                        ~~~~~~~~~~~~~~~~~~~~~~~~~~~~~~~~~~~~~~~~~~~~~~~~~~~~~~~~~~~~~~~~~\n\nerror[E0046]: not all trait items implemented, missing: `expecting`\n    --> src/de.rs:2714:5\n     |\n2714 |     impl<'de> de::Visitor<'de> for TestVisitor {\n     |     ^^^^^^^^^^^^^^^^^^^^^^^^^^^^^^^^^^^^^^^^^^ missing `expecting` in implementation\n     |\n     = help: implement the missing item: `fn expecting(&self, _: &mut std::fmt::Formatter<'_>) -> std::result::Result<(), std::fmt::Error> { todo!() }`\n\nSome errors have detailed explanations: E0046, E0053, E0107, E0412.\nFor more information about an error, try `rustc --explain E0046`.\nwarning: `serde_json` (lib test) generated 1 warning\nerror: could not compile `serde_json` (lib test) due to 10 previous errors; 1 warning emitted\n"
                }
              ],
              "repaired": [
                false
              ]
            },
            {
              "attrs": [],
              "prefix": [],
              "oracles": [],
              "codes": [
                [
                  "{",
                  "    struct TestVisitor {",
                  "        value: Option<i64>,",
                  "    }",
                  "",
                  "    impl<'de> de::Visitor<'de> for TestVisitor {",
                  "        type Value = i64;",
                  "",
                  "        fn visit_i64<E>(self, value: i64) -> Result<Self::Value, E> {",
                  "            Ok(value)",
                  "        }",
                  "",
                  "        fn visit_f64<E>(self, _: f64) -> Result<Self::Value, E> {",
                  "            unimplemented!()",
                  "        }",
                  "",
                  "        fn visit_u64<E>(self, _: u64) -> Result<Self::Value, E> {",
                  "            unimplemented!()",
                  "        }",
                  "",
                  "        fn visit_map<V>(self, _: V) -> Result<Self::Value, E> ",
                  "        where",
                  "            V: de::MapAccess<'de>,",
                  "        {",
                  "            unimplemented!()",
                  "        }",
                  "    }",
                  "",
                  "    let num = ParserNumber::I64(-10);",
                  "    let visitor = TestVisitor { value: None };",
                  "",
                  "    let result = num.visit(visitor);",
                  "    assert_eq!(result.unwrap(), -10);",
                  "}"
                ]
              ],
              "can_compile": [
                {
                  "Err": "   Compiling proc-macro2 v1.0.95\n   Compiling serde v1.0.219\n   Compiling syn v1.0.109\n   Compiling libc v0.2.172\n   Compiling target-triple v0.1.4\n   Compiling serde_json v1.0.140\n   Compiling ref-cast v1.0.24\n   Compiling rustversion v1.0.20\n   Compiling serde_json v1.0.140 (/home/abezbm/rust-utgen-test-crates-new/json)\n   Compiling psm v0.1.26\n   Compiling stacker v0.1.21\n   Compiling quote v1.0.40\n   Compiling syn v2.0.101\n   Compiling serde_derive v1.0.219\n   Compiling ref-cast-impl v1.0.24\n   Compiling automod v1.0.15\n   Compiling ntest_test_cases v0.9.3\n   Compiling ntest_timeout v0.9.3\n   Compiling ntest v0.9.3\n   Compiling toml_datetime v0.6.9\n   Compiling serde_spanned v0.6.8\n   Compiling serde_stacker v0.1.12\n   Compiling serde_bytes v0.11.17\n   Compiling toml_edit v0.22.25\n   Compiling toml v0.8.21\n   Compiling trybuild v1.0.104\nerror[E0412]: cannot find type `E` in this scope\n    --> src/de.rs:2729:60\n     |\n2729 |         fn visit_map<V>(self, _: V) -> Result<Self::Value, E> \n     |                                                            ^\n     |\n    ::: /home/abezbm/.rustup/toolchains/nightly-2024-07-21-x86_64-unknown-linux-gnu/lib/rustlib/src/rust/library/core/src/cmp.rs:328:1\n     |\n328  | pub trait Eq: PartialEq<Self> {\n     | ----------------------------- similarly named trait `Eq` defined here\n     |\nhelp: a trait with a similar name exists\n     |\n2729 |         fn visit_map<V>(self, _: V) -> Result<Self::Value, Eq> \n     |                                                            ~~\nhelp: you might be missing a type parameter\n     |\n2714 |     impl<'de, E> de::Visitor<'de> for TestVisitor {\n     |             +++\n\nwarning: unused import: `ntest::timeout`\n    --> src/de.rs:2706:8\n     |\n2706 |    use ntest::timeout;\n     |        ^^^^^^^^^^^^^^\n     |\n     = note: `#[warn(unused_imports)]` on by default\n\nerror[E0107]: type alias takes 1 generic argument but 2 generic arguments were supplied\n    --> src/de.rs:2717:46\n     |\n2717 |         fn visit_i64<E>(self, value: i64) -> Result<Self::Value, E> {\n     |                                              ^^^^^^              - help: remove this generic argument\n     |                                              |\n     |                                              expected 1 generic argument\n     |\nnote: type alias defined here, with 1 generic parameter: `T`\n    --> src/error.rs:25:10\n     |\n25   | pub type Result<T> = result::Result<T, Error>;\n     |          ^^^^^^ -\n\nerror[E0107]: type alias takes 1 generic argument but 2 generic arguments were supplied\n    --> src/de.rs:2721:42\n     |\n2721 |         fn visit_f64<E>(self, _: f64) -> Result<Self::Value, E> {\n     |                                          ^^^^^^              - help: remove this generic argument\n     |                                          |\n     |                                          expected 1 generic argument\n     |\nnote: type alias defined here, with 1 generic parameter: `T`\n    --> src/error.rs:25:10\n     |\n25   | pub type Result<T> = result::Result<T, Error>;\n     |          ^^^^^^ -\n\nerror[E0107]: type alias takes 1 generic argument but 2 generic arguments were supplied\n    --> src/de.rs:2725:42\n     |\n2725 |         fn visit_u64<E>(self, _: u64) -> Result<Self::Value, E> {\n     |                                          ^^^^^^              - help: remove this generic argument\n     |                                          |\n     |                                          expected 1 generic argument\n     |\nnote: type alias defined here, with 1 generic parameter: `T`\n    --> src/error.rs:25:10\n     |\n25   | pub type Result<T> = result::Result<T, Error>;\n     |          ^^^^^^ -\n\nerror[E0107]: type alias takes 1 generic argument but 2 generic arguments were supplied\n    --> src/de.rs:2729:40\n     |\n2729 |         fn visit_map<V>(self, _: V) -> Result<Self::Value, E> \n     |                                        ^^^^^^              - help: remove this generic argument\n     |                                        |\n     |                                        expected 1 generic argument\n     |\nnote: type alias defined here, with 1 generic parameter: `T`\n    --> src/error.rs:25:10\n     |\n25   | pub type Result<T> = result::Result<T, Error>;\n     |          ^^^^^^ -\n\nerror[E0053]: method `visit_i64` has an incompatible type for trait\n    --> src/de.rs:2717:46\n     |\n2717 |         fn visit_i64<E>(self, value: i64) -> Result<Self::Value, E> {\n     |                      -                       ^^^^^^^^^^^^^^^^^^^^^^ expected type parameter `E`, found `error::Error`\n     |                      |\n     |                      expected this type parameter\n     |\n     = note: expected signature `fn(TestVisitor, _) -> std::result::Result<_, E>`\n                found signature `fn(TestVisitor, _) -> std::result::Result<_, error::Error>`\nhelp: change the output type to match the trait\n     |\n2717 |         fn visit_i64<E>(self, value: i64) -> std::result::Result<i64, E> {\n     |                                              ~~~~~~~~~~~~~~~~~~~~~~~~~~~\n\nerror[E0053]: method `visit_f64` has an incompatible type for trait\n    --> src/de.rs:2721:42\n     |\n2721 |         fn visit_f64<E>(self, _: f64) -> Result<Self::Value, E> {\n     |                      -                   ^^^^^^^^^^^^^^^^^^^^^^ expected type parameter `E`, found `error::Error`\n     |                      |\n     |                      expected this type parameter\n     |\n     = note: expected signature `fn(TestVisitor, _) -> std::result::Result<_, E>`\n                found signature `fn(TestVisitor, _) -> std::result::Result<_, error::Error>`\nhelp: change the output type to match the trait\n     |\n2721 |         fn visit_f64<E>(self, _: f64) -> std::result::Result<i64, E> {\n     |                                          ~~~~~~~~~~~~~~~~~~~~~~~~~~~\n\nerror[E0053]: method `visit_u64` has an incompatible type for trait\n    --> src/de.rs:2725:42\n     |\n2725 |         fn visit_u64<E>(self, _: u64) -> Result<Self::Value, E> {\n     |                      -                   ^^^^^^^^^^^^^^^^^^^^^^ expected type parameter `E`, found `error::Error`\n     |                      |\n     |                      expected this type parameter\n     |\n     = note: expected signature `fn(TestVisitor, _) -> std::result::Result<_, E>`\n                found signature `fn(TestVisitor, _) -> std::result::Result<_, error::Error>`\nhelp: change the output type to match the trait\n     |\n2725 |         fn visit_u64<E>(self, _: u64) -> std::result::Result<i64, E> {\n     |                                          ~~~~~~~~~~~~~~~~~~~~~~~~~~~\n\nerror[E0053]: method `visit_map` has an incompatible type for trait\n    --> src/de.rs:2729:40\n     |\n2729 |         fn visit_map<V>(self, _: V) -> Result<Self::Value, E> \n     |                                        ^^^^^^^^^^^^^^^^^^^^^^ expected associated type, found `error::Error`\n     |\n     = note: expected signature `fn(TestVisitor, _) -> std::result::Result<_, <V as serde::de::MapAccess<'de>>::Error>`\n                found signature `fn(TestVisitor, _) -> std::result::Result<_, error::Error>`\nhelp: change the output type to match the trait\n     |\n2729 |         fn visit_map<V>(self, _: V) -> std::result::Result<i64, <V as serde::de::MapAccess<'de>>::Error> \n     |                                        ~~~~~~~~~~~~~~~~~~~~~~~~~~~~~~~~~~~~~~~~~~~~~~~~~~~~~~~~~~~~~~~~~\n\nerror[E0046]: not all trait items implemented, missing: `expecting`\n    --> src/de.rs:2714:5\n     |\n2714 |     impl<'de> de::Visitor<'de> for TestVisitor {\n     |     ^^^^^^^^^^^^^^^^^^^^^^^^^^^^^^^^^^^^^^^^^^ missing `expecting` in implementation\n     |\n     = help: implement the missing item: `fn expecting(&self, _: &mut std::fmt::Formatter<'_>) -> std::result::Result<(), std::fmt::Error> { todo!() }`\n\nSome errors have detailed explanations: E0046, E0053, E0107, E0412.\nFor more information about an error, try `rustc --explain E0046`.\nwarning: `serde_json` (lib test) generated 1 warning\nerror: could not compile `serde_json` (lib test) due to 10 previous errors; 1 warning emitted\n"
                }
              ],
              "repaired": [
                false
              ]
            },
            {
              "attrs": [],
              "prefix": [],
              "oracles": [],
              "codes": [
                [
                  "{",
                  "    struct TestVisitor {",
                  "        value: Option<i64>,",
                  "    }",
                  "",
                  "    impl<'de> de::Visitor<'de> for TestVisitor {",
                  "        type Value = i64;",
                  "",
                  "        fn visit_i64<E>(self, value: i64) -> Result<Self::Value, E> {",
                  "            Ok(value)",
                  "        }",
                  "",
                  "        fn visit_f64<E>(self, _: f64) -> Result<Self::Value, E> {",
                  "            unimplemented!()",
                  "        }",
                  "",
                  "        fn visit_u64<E>(self, _: u64) -> Result<Self::Value, E> {",
                  "            unimplemented!()",
                  "        }",
                  "",
                  "        fn visit_map<V>(self, _: V) -> Result<Self::Value, E> ",
                  "        where",
                  "            V: de::MapAccess<'de>,",
                  "        {",
                  "            unimplemented!()",
                  "        }",
                  "    }",
                  "",
                  "    let num = ParserNumber::I64(0);",
                  "    let visitor = TestVisitor { value: None };",
                  "",
                  "    let result = num.visit(visitor);",
                  "    assert_eq!(result.unwrap(), 0);",
                  "}"
                ]
              ],
              "can_compile": [
                {
                  "Err": "   Compiling proc-macro2 v1.0.95\n   Compiling serde v1.0.219\n   Compiling syn v1.0.109\n   Compiling libc v0.2.172\n   Compiling serde_json v1.0.140\n   Compiling target-triple v0.1.4\n   Compiling rustversion v1.0.20\n   Compiling ref-cast v1.0.24\n   Compiling serde_json v1.0.140 (/home/abezbm/rust-utgen-test-crates-new/json)\n   Compiling psm v0.1.26\n   Compiling stacker v0.1.21\n   Compiling quote v1.0.40\n   Compiling syn v2.0.101\n   Compiling serde_derive v1.0.219\n   Compiling ref-cast-impl v1.0.24\n   Compiling automod v1.0.15\n   Compiling ntest_test_cases v0.9.3\n   Compiling ntest_timeout v0.9.3\n   Compiling ntest v0.9.3\n   Compiling serde_spanned v0.6.8\n   Compiling toml_datetime v0.6.9\n   Compiling serde_stacker v0.1.12\n   Compiling serde_bytes v0.11.17\n   Compiling toml_edit v0.22.25\n   Compiling toml v0.8.21\n   Compiling trybuild v1.0.104\nerror[E0412]: cannot find type `E` in this scope\n    --> src/de.rs:2729:60\n     |\n2729 |         fn visit_map<V>(self, _: V) -> Result<Self::Value, E> \n     |                                                            ^\n     |\n    ::: /home/abezbm/.rustup/toolchains/nightly-2024-07-21-x86_64-unknown-linux-gnu/lib/rustlib/src/rust/library/core/src/cmp.rs:328:1\n     |\n328  | pub trait Eq: PartialEq<Self> {\n     | ----------------------------- similarly named trait `Eq` defined here\n     |\nhelp: a trait with a similar name exists\n     |\n2729 |         fn visit_map<V>(self, _: V) -> Result<Self::Value, Eq> \n     |                                                            ~~\nhelp: you might be missing a type parameter\n     |\n2714 |     impl<'de, E> de::Visitor<'de> for TestVisitor {\n     |             +++\n\nwarning: unused import: `ntest::timeout`\n    --> src/de.rs:2706:8\n     |\n2706 |    use ntest::timeout;\n     |        ^^^^^^^^^^^^^^\n     |\n     = note: `#[warn(unused_imports)]` on by default\n\nerror[E0107]: type alias takes 1 generic argument but 2 generic arguments were supplied\n    --> src/de.rs:2717:46\n     |\n2717 |         fn visit_i64<E>(self, value: i64) -> Result<Self::Value, E> {\n     |                                              ^^^^^^              - help: remove this generic argument\n     |                                              |\n     |                                              expected 1 generic argument\n     |\nnote: type alias defined here, with 1 generic parameter: `T`\n    --> src/error.rs:25:10\n     |\n25   | pub type Result<T> = result::Result<T, Error>;\n     |          ^^^^^^ -\n\nerror[E0107]: type alias takes 1 generic argument but 2 generic arguments were supplied\n    --> src/de.rs:2721:42\n     |\n2721 |         fn visit_f64<E>(self, _: f64) -> Result<Self::Value, E> {\n     |                                          ^^^^^^              - help: remove this generic argument\n     |                                          |\n     |                                          expected 1 generic argument\n     |\nnote: type alias defined here, with 1 generic parameter: `T`\n    --> src/error.rs:25:10\n     |\n25   | pub type Result<T> = result::Result<T, Error>;\n     |          ^^^^^^ -\n\nerror[E0107]: type alias takes 1 generic argument but 2 generic arguments were supplied\n    --> src/de.rs:2725:42\n     |\n2725 |         fn visit_u64<E>(self, _: u64) -> Result<Self::Value, E> {\n     |                                          ^^^^^^              - help: remove this generic argument\n     |                                          |\n     |                                          expected 1 generic argument\n     |\nnote: type alias defined here, with 1 generic parameter: `T`\n    --> src/error.rs:25:10\n     |\n25   | pub type Result<T> = result::Result<T, Error>;\n     |          ^^^^^^ -\n\nerror[E0107]: type alias takes 1 generic argument but 2 generic arguments were supplied\n    --> src/de.rs:2729:40\n     |\n2729 |         fn visit_map<V>(self, _: V) -> Result<Self::Value, E> \n     |                                        ^^^^^^              - help: remove this generic argument\n     |                                        |\n     |                                        expected 1 generic argument\n     |\nnote: type alias defined here, with 1 generic parameter: `T`\n    --> src/error.rs:25:10\n     |\n25   | pub type Result<T> = result::Result<T, Error>;\n     |          ^^^^^^ -\n\nerror[E0053]: method `visit_i64` has an incompatible type for trait\n    --> src/de.rs:2717:46\n     |\n2717 |         fn visit_i64<E>(self, value: i64) -> Result<Self::Value, E> {\n     |                      -                       ^^^^^^^^^^^^^^^^^^^^^^ expected type parameter `E`, found `error::Error`\n     |                      |\n     |                      expected this type parameter\n     |\n     = note: expected signature `fn(TestVisitor, _) -> std::result::Result<_, E>`\n                found signature `fn(TestVisitor, _) -> std::result::Result<_, error::Error>`\nhelp: change the output type to match the trait\n     |\n2717 |         fn visit_i64<E>(self, value: i64) -> std::result::Result<i64, E> {\n     |                                              ~~~~~~~~~~~~~~~~~~~~~~~~~~~\n\nerror[E0053]: method `visit_f64` has an incompatible type for trait\n    --> src/de.rs:2721:42\n     |\n2721 |         fn visit_f64<E>(self, _: f64) -> Result<Self::Value, E> {\n     |                      -                   ^^^^^^^^^^^^^^^^^^^^^^ expected type parameter `E`, found `error::Error`\n     |                      |\n     |                      expected this type parameter\n     |\n     = note: expected signature `fn(TestVisitor, _) -> std::result::Result<_, E>`\n                found signature `fn(TestVisitor, _) -> std::result::Result<_, error::Error>`\nhelp: change the output type to match the trait\n     |\n2721 |         fn visit_f64<E>(self, _: f64) -> std::result::Result<i64, E> {\n     |                                          ~~~~~~~~~~~~~~~~~~~~~~~~~~~\n\nerror[E0053]: method `visit_u64` has an incompatible type for trait\n    --> src/de.rs:2725:42\n     |\n2725 |         fn visit_u64<E>(self, _: u64) -> Result<Self::Value, E> {\n     |                      -                   ^^^^^^^^^^^^^^^^^^^^^^ expected type parameter `E`, found `error::Error`\n     |                      |\n     |                      expected this type parameter\n     |\n     = note: expected signature `fn(TestVisitor, _) -> std::result::Result<_, E>`\n                found signature `fn(TestVisitor, _) -> std::result::Result<_, error::Error>`\nhelp: change the output type to match the trait\n     |\n2725 |         fn visit_u64<E>(self, _: u64) -> std::result::Result<i64, E> {\n     |                                          ~~~~~~~~~~~~~~~~~~~~~~~~~~~\n\nerror[E0053]: method `visit_map` has an incompatible type for trait\n    --> src/de.rs:2729:40\n     |\n2729 |         fn visit_map<V>(self, _: V) -> Result<Self::Value, E> \n     |                                        ^^^^^^^^^^^^^^^^^^^^^^ expected associated type, found `error::Error`\n     |\n     = note: expected signature `fn(TestVisitor, _) -> std::result::Result<_, <V as serde::de::MapAccess<'de>>::Error>`\n                found signature `fn(TestVisitor, _) -> std::result::Result<_, error::Error>`\nhelp: change the output type to match the trait\n     |\n2729 |         fn visit_map<V>(self, _: V) -> std::result::Result<i64, <V as serde::de::MapAccess<'de>>::Error> \n     |                                        ~~~~~~~~~~~~~~~~~~~~~~~~~~~~~~~~~~~~~~~~~~~~~~~~~~~~~~~~~~~~~~~~~\n\nerror[E0046]: not all trait items implemented, missing: `expecting`\n    --> src/de.rs:2714:5\n     |\n2714 |     impl<'de> de::Visitor<'de> for TestVisitor {\n     |     ^^^^^^^^^^^^^^^^^^^^^^^^^^^^^^^^^^^^^^^^^^ missing `expecting` in implementation\n     |\n     = help: implement the missing item: `fn expecting(&self, _: &mut std::fmt::Formatter<'_>) -> std::result::Result<(), std::fmt::Error> { todo!() }`\n\nSome errors have detailed explanations: E0046, E0053, E0107, E0412.\nFor more information about an error, try `rustc --explain E0046`.\nwarning: `serde_json` (lib test) generated 1 warning\nerror: could not compile `serde_json` (lib test) due to 10 previous errors; 1 warning emitted\n"
                }
              ],
              "repaired": [
                false
              ]
            }
          ]
        }
      ]
    },
    {
      "chain_id": 2,
      "prompt_conds": [
        "// constraint: self matches ParserNumber::U64(x) is true\n",
        "// constraint: self matches ParserNumber::U64(x) is true\n"
      ],
      "input_infer": "",
      "answers": [
        {
          "uses": [],
          "has_test_mod": false,
          "common": [],
          "chain_tests": [
            {
              "attrs": [],
              "prefix": [],
              "oracles": [],
              "codes": [
                [
                  "{",
                  "    struct TestVisitor;",
                  "",
                  "    impl<'de> de::Visitor<'de> for TestVisitor {",
                  "        type Value = u64;",
                  "",
                  "        fn visit_u64<E>(self, v: u64) -> Result<Self::Value, E> {",
                  "            assert_eq!(v, 42); // Expecting value to be 42",
                  "            Ok(v)",
                  "        }",
                  "",
                  "        forward_to_deserialize_any! {",
                  "            i64, f64, string, bytes, seq, map, struct, unit, unit_struct, newtype_struct,",
                  "            tuple, tuple_struct, option, identifier, ...",
                  "        }",
                  "    }",
                  "",
                  "    let parser_number = ParserNumber::U64(42);",
                  "    let result = parser_number.visit(TestVisitor);",
                  "    assert!(result.is_ok());",
                  "    assert_eq!(result.unwrap(), 42);",
                  "}"
                ]
              ],
              "can_compile": [
                {
                  "Err": "   Compiling proc-macro2 v1.0.95\n   Compiling serde v1.0.219\n   Compiling syn v1.0.109\n   Compiling libc v0.2.172\n   Compiling serde_json v1.0.140\n   Compiling target-triple v0.1.4\n   Compiling ref-cast v1.0.24\n   Compiling rustversion v1.0.20\n   Compiling serde_json v1.0.140 (/home/abezbm/rust-utgen-test-crates-new/json)\n   Compiling psm v0.1.26\n   Compiling stacker v0.1.21\n   Compiling quote v1.0.40\n   Compiling syn v2.0.101\n   Compiling serde_derive v1.0.219\n   Compiling ref-cast-impl v1.0.24\n   Compiling automod v1.0.15\n   Compiling ntest_test_cases v0.9.3\n   Compiling ntest_timeout v0.9.3\n   Compiling ntest v0.9.3\n   Compiling serde_spanned v0.6.8\n   Compiling toml_datetime v0.6.9\n   Compiling serde_bytes v0.11.17\n   Compiling serde_stacker v0.1.12\n   Compiling toml_edit v0.22.25\n   Compiling toml v0.8.21\n   Compiling trybuild v1.0.104\nerror: no rules expected the token `,`\n    --> src/de.rs:2721:16\n     |\n2721 |             i64, f64, string, bytes, seq, map, struct, unit, unit_struct, newtype_struct,\n     |                ^ no rules expected this token in macro call\n     |\n     = note: while trying to match sequence end\n\nwarning: unused import: `ntest::timeout`\n    --> src/de.rs:2706:8\n     |\n2706 |    use ntest::timeout;\n     |        ^^^^^^^^^^^^^^\n     |\n     = note: `#[warn(unused_imports)]` on by default\n\nerror[E0107]: type alias takes 1 generic argument but 2 generic arguments were supplied\n    --> src/de.rs:2715:42\n     |\n2715 |         fn visit_u64<E>(self, v: u64) -> Result<Self::Value, E> {\n     |                                          ^^^^^^              - help: remove this generic argument\n     |                                          |\n     |                                          expected 1 generic argument\n     |\nnote: type alias defined here, with 1 generic parameter: `T`\n    --> src/error.rs:25:10\n     |\n25   | pub type Result<T> = result::Result<T, Error>;\n     |          ^^^^^^ -\n\nerror[E0053]: method `visit_u64` has an incompatible type for trait\n    --> src/de.rs:2715:42\n     |\n2715 |         fn visit_u64<E>(self, v: u64) -> Result<Self::Value, E> {\n     |                      -                   ^^^^^^^^^^^^^^^^^^^^^^ expected type parameter `E`, found `error::Error`\n     |                      |\n     |                      expected this type parameter\n     |\n     = note: expected signature `fn(TestVisitor, _) -> std::result::Result<_, E>`\n                found signature `fn(TestVisitor, _) -> std::result::Result<_, error::Error>`\nhelp: change the output type to match the trait\n     |\n2715 |         fn visit_u64<E>(self, v: u64) -> std::result::Result<u64, E> {\n     |                                          ~~~~~~~~~~~~~~~~~~~~~~~~~~~\n\nerror[E0046]: not all trait items implemented, missing: `expecting`\n    --> src/de.rs:2712:5\n     |\n2712 |     impl<'de> de::Visitor<'de> for TestVisitor {\n     |     ^^^^^^^^^^^^^^^^^^^^^^^^^^^^^^^^^^^^^^^^^^ missing `expecting` in implementation\n     |\n     = help: implement the missing item: `fn expecting(&self, _: &mut std::fmt::Formatter<'_>) -> std::result::Result<(), std::fmt::Error> { todo!() }`\n\nSome errors have detailed explanations: E0046, E0053, E0107.\nFor more information about an error, try `rustc --explain E0046`.\nwarning: `serde_json` (lib test) generated 1 warning\nerror: could not compile `serde_json` (lib test) due to 4 previous errors; 1 warning emitted\n"
                }
              ],
              "repaired": [
                false
              ]
            },
            {
              "attrs": [],
              "prefix": [],
              "oracles": [],
              "codes": [
                [
                  "{",
                  "    struct TestVisitor;",
                  "",
                  "    impl<'de> de::Visitor<'de> for TestVisitor {",
                  "        type Value = f64;",
                  "",
                  "        fn visit_f64<E>(self, v: f64) -> Result<Self::Value, E> {",
                  "            assert_eq!(v, 3.14); // Expecting value to be 3.14",
                  "            Ok(v)",
                  "        }",
                  "",
                  "        forward_to_deserialize_any! {",
                  "            u64, i64, string, bytes, seq, map, struct, unit, unit_struct, newtype_struct,",
                  "            tuple, tuple_struct, option, identifier, ...",
                  "        }",
                  "    }",
                  "",
                  "    let parser_number = ParserNumber::F64(3.14);",
                  "    let result = parser_number.visit(TestVisitor);",
                  "    assert!(result.is_ok());",
                  "    assert_eq!(result.unwrap(), 3.14);",
                  "}"
                ]
              ],
              "can_compile": [
                {
                  "Err": "   Compiling proc-macro2 v1.0.95\n   Compiling serde v1.0.219\n   Compiling syn v1.0.109\n   Compiling libc v0.2.172\n   Compiling serde_json v1.0.140\n   Compiling target-triple v0.1.4\n   Compiling rustversion v1.0.20\n   Compiling ref-cast v1.0.24\n   Compiling serde_json v1.0.140 (/home/abezbm/rust-utgen-test-crates-new/json)\n   Compiling psm v0.1.26\n   Compiling stacker v0.1.21\n   Compiling quote v1.0.40\n   Compiling syn v2.0.101\n   Compiling serde_derive v1.0.219\n   Compiling ref-cast-impl v1.0.24\n   Compiling automod v1.0.15\n   Compiling ntest_test_cases v0.9.3\n   Compiling ntest_timeout v0.9.3\n   Compiling ntest v0.9.3\n   Compiling toml_datetime v0.6.9\n   Compiling serde_spanned v0.6.8\n   Compiling serde_stacker v0.1.12\n   Compiling serde_bytes v0.11.17\n   Compiling toml_edit v0.22.25\n   Compiling toml v0.8.21\n   Compiling trybuild v1.0.104\nerror: no rules expected the token `,`\n    --> src/de.rs:2721:16\n     |\n2721 |             u64, i64, string, bytes, seq, map, struct, unit, unit_struct, newtype_struct,\n     |                ^ no rules expected this token in macro call\n     |\n     = note: while trying to match sequence end\n\nwarning: unused import: `ntest::timeout`\n    --> src/de.rs:2706:8\n     |\n2706 |    use ntest::timeout;\n     |        ^^^^^^^^^^^^^^\n     |\n     = note: `#[warn(unused_imports)]` on by default\n\nerror[E0107]: type alias takes 1 generic argument but 2 generic arguments were supplied\n    --> src/de.rs:2715:42\n     |\n2715 |         fn visit_f64<E>(self, v: f64) -> Result<Self::Value, E> {\n     |                                          ^^^^^^              - help: remove this generic argument\n     |                                          |\n     |                                          expected 1 generic argument\n     |\nnote: type alias defined here, with 1 generic parameter: `T`\n    --> src/error.rs:25:10\n     |\n25   | pub type Result<T> = result::Result<T, Error>;\n     |          ^^^^^^ -\n\nerror[E0053]: method `visit_f64` has an incompatible type for trait\n    --> src/de.rs:2715:42\n     |\n2715 |         fn visit_f64<E>(self, v: f64) -> Result<Self::Value, E> {\n     |                      -                   ^^^^^^^^^^^^^^^^^^^^^^ expected type parameter `E`, found `error::Error`\n     |                      |\n     |                      expected this type parameter\n     |\n     = note: expected signature `fn(TestVisitor, _) -> std::result::Result<_, E>`\n                found signature `fn(TestVisitor, _) -> std::result::Result<_, error::Error>`\nhelp: change the output type to match the trait\n     |\n2715 |         fn visit_f64<E>(self, v: f64) -> std::result::Result<f64, E> {\n     |                                          ~~~~~~~~~~~~~~~~~~~~~~~~~~~\n\nerror[E0046]: not all trait items implemented, missing: `expecting`\n    --> src/de.rs:2712:5\n     |\n2712 |     impl<'de> de::Visitor<'de> for TestVisitor {\n     |     ^^^^^^^^^^^^^^^^^^^^^^^^^^^^^^^^^^^^^^^^^^ missing `expecting` in implementation\n     |\n     = help: implement the missing item: `fn expecting(&self, _: &mut std::fmt::Formatter<'_>) -> std::result::Result<(), std::fmt::Error> { todo!() }`\n\nSome errors have detailed explanations: E0046, E0053, E0107.\nFor more information about an error, try `rustc --explain E0046`.\nwarning: `serde_json` (lib test) generated 1 warning\nerror: could not compile `serde_json` (lib test) due to 4 previous errors; 1 warning emitted\n"
                }
              ],
              "repaired": [
                false
              ]
            },
            {
              "attrs": [],
              "prefix": [],
              "oracles": [],
              "codes": [
                [
                  "{",
                  "    struct TestVisitor;",
                  "",
                  "    impl<'de> de::Visitor<'de> for TestVisitor {",
                  "        type Value = i64;",
                  "",
                  "        fn visit_i64<E>(self, v: i64) -> Result<Self::Value, E> {",
                  "            assert_eq!(v, -7); // Expecting value to be -7",
                  "            Ok(v)",
                  "        }",
                  "",
                  "        forward_to_deserialize_any! {",
                  "            u64, f64, string, bytes, seq, map, struct, unit, unit_struct, newtype_struct,",
                  "            tuple, tuple_struct, option, identifier, ...",
                  "        }",
                  "    }",
                  "",
                  "    let parser_number = ParserNumber::I64(-7);",
                  "    let result = parser_number.visit(TestVisitor);",
                  "    assert!(result.is_ok());",
                  "    assert_eq!(result.unwrap(), -7);",
                  "}"
                ]
              ],
              "can_compile": [
                {
                  "Err": "   Compiling proc-macro2 v1.0.95\n   Compiling serde v1.0.219\n   Compiling syn v1.0.109\n   Compiling libc v0.2.172\n   Compiling serde_json v1.0.140\n   Compiling target-triple v0.1.4\n   Compiling rustversion v1.0.20\n   Compiling ref-cast v1.0.24\n   Compiling serde_json v1.0.140 (/home/abezbm/rust-utgen-test-crates-new/json)\n   Compiling psm v0.1.26\n   Compiling stacker v0.1.21\n   Compiling quote v1.0.40\n   Compiling syn v2.0.101\n   Compiling serde_derive v1.0.219\n   Compiling ref-cast-impl v1.0.24\n   Compiling automod v1.0.15\n   Compiling ntest_timeout v0.9.3\n   Compiling ntest_test_cases v0.9.3\n   Compiling ntest v0.9.3\n   Compiling serde_spanned v0.6.8\n   Compiling toml_datetime v0.6.9\n   Compiling serde_stacker v0.1.12\n   Compiling serde_bytes v0.11.17\n   Compiling toml_edit v0.22.25\n   Compiling toml v0.8.21\n   Compiling trybuild v1.0.104\nerror: no rules expected the token `,`\n    --> src/de.rs:2721:16\n     |\n2721 |             u64, f64, string, bytes, seq, map, struct, unit, unit_struct, newtype_struct,\n     |                ^ no rules expected this token in macro call\n     |\n     = note: while trying to match sequence end\n\nwarning: unused import: `ntest::timeout`\n    --> src/de.rs:2706:8\n     |\n2706 |    use ntest::timeout;\n     |        ^^^^^^^^^^^^^^\n     |\n     = note: `#[warn(unused_imports)]` on by default\n\nerror[E0107]: type alias takes 1 generic argument but 2 generic arguments were supplied\n    --> src/de.rs:2715:42\n     |\n2715 |         fn visit_i64<E>(self, v: i64) -> Result<Self::Value, E> {\n     |                                          ^^^^^^              - help: remove this generic argument\n     |                                          |\n     |                                          expected 1 generic argument\n     |\nnote: type alias defined here, with 1 generic parameter: `T`\n    --> src/error.rs:25:10\n     |\n25   | pub type Result<T> = result::Result<T, Error>;\n     |          ^^^^^^ -\n\nerror[E0053]: method `visit_i64` has an incompatible type for trait\n    --> src/de.rs:2715:42\n     |\n2715 |         fn visit_i64<E>(self, v: i64) -> Result<Self::Value, E> {\n     |                      -                   ^^^^^^^^^^^^^^^^^^^^^^ expected type parameter `E`, found `error::Error`\n     |                      |\n     |                      expected this type parameter\n     |\n     = note: expected signature `fn(TestVisitor, _) -> std::result::Result<_, E>`\n                found signature `fn(TestVisitor, _) -> std::result::Result<_, error::Error>`\nhelp: change the output type to match the trait\n     |\n2715 |         fn visit_i64<E>(self, v: i64) -> std::result::Result<i64, E> {\n     |                                          ~~~~~~~~~~~~~~~~~~~~~~~~~~~\n\nerror[E0046]: not all trait items implemented, missing: `expecting`\n    --> src/de.rs:2712:5\n     |\n2712 |     impl<'de> de::Visitor<'de> for TestVisitor {\n     |     ^^^^^^^^^^^^^^^^^^^^^^^^^^^^^^^^^^^^^^^^^^ missing `expecting` in implementation\n     |\n     = help: implement the missing item: `fn expecting(&self, _: &mut std::fmt::Formatter<'_>) -> std::result::Result<(), std::fmt::Error> { todo!() }`\n\nSome errors have detailed explanations: E0046, E0053, E0107.\nFor more information about an error, try `rustc --explain E0046`.\nwarning: `serde_json` (lib test) generated 1 warning\nerror: could not compile `serde_json` (lib test) due to 4 previous errors; 1 warning emitted\n"
                }
              ],
              "repaired": [
                false
              ]
            },
            {
              "attrs": [
                "#[cfg(feature = \"arbitrary_precision\")]"
              ],
              "prefix": [],
              "oracles": [],
              "codes": [
                [
                  "{",
                  "    struct TestVisitor;",
                  "",
                  "    impl<'de> de::Visitor<'de> for TestVisitor {",
                  "        type Value = String;",
                  "",
                  "        fn visit_map<V>(self, _map: V) -> Result<Self::Value, V::Error>",
                  "        where",
                  "            V: de::MapAccess<'de>,",
                  "        {",
                  "            Ok(\"arbitrary precision\".to_string())",
                  "        }",
                  "",
                  "        forward_to_deserialize_any! {",
                  "            u64, i64, f64, string, bytes, seq, struct, unit, unit_struct, newtype_struct,",
                  "            tuple, tuple_struct, option, identifier, ...",
                  "        }",
                  "    }",
                  "",
                  "    let parser_number = ParserNumber::String(\"12345678901234567890\".to_string());",
                  "    let result = parser_number.visit(TestVisitor);",
                  "    assert!(result.is_ok());",
                  "    assert_eq!(result.unwrap(), \"arbitrary precision\");",
                  "}"
                ]
              ],
              "can_compile": [
                {
                  "Ok": null
                }
              ],
              "repaired": [
                false
              ]
            }
          ]
        }
      ]
    },
    {
      "chain_id": 3,
      "prompt_conds": [
        "// constraint: self matches ParserNumber::F64(x) is true\n",
        "// constraint: self matches ParserNumber::F64(x) is true\n"
      ],
      "input_infer": "",
      "answers": [
        {
          "uses": [],
          "has_test_mod": false,
          "common": [
            "fn test_visit_f64() {",
            "    struct TestVisitor {",
            "        value: Option<f64>,",
            "    }",
            "",
            "    impl de::Visitor<'_> for TestVisitor {",
            "        type Value = f64;",
            "",
            "        fn visit_f64<E>(self, v: f64) -> Result<Self::Value, E> {",
            "            Ok(v)",
            "        }",
            "",
            "        forward_to_deserialize_any! {",
            "            bool i8 i16 i32 i64 u8 u16 u32 u64 f32 char str string unit seq map option enum identifier bytes byte_buf",
            "        }",
            "    }",
            "",
            "    let parser_number = ParserNumber::F64(3.14);",
            "    let visitor = TestVisitor { value: None };",
            "    let result = parser_number.visit(visitor);",
            "    assert_eq!(result.unwrap(), 3.14);",
            "}",
            "",
            "fn test_visit_u64() {",
            "    struct TestVisitor {",
            "        value: Option<u64>,",
            "    }",
            "",
            "    impl de::Visitor<'_> for TestVisitor {",
            "        type Value = u64;",
            "",
            "        fn visit_u64<E>(self, v: u64) -> Result<Self::Value, E> {",
            "            Ok(v)",
            "        }",
            "",
            "        forward_to_deserialize_any! {",
            "            bool i8 i16 i32 i64 f64 u8 u16 u32 string unit seq map option enum identifier bytes byte_buf",
            "        }",
            "    }",
            "",
            "    let parser_number = ParserNumber::U64(42);",
            "    let visitor = TestVisitor { value: None };",
            "    let result = parser_number.visit(visitor);",
            "    assert_eq!(result.unwrap(), 42);",
            "}",
            "",
            "fn test_visit_i64() {",
            "    struct TestVisitor {",
            "        value: Option<i64>,",
            "    }",
            "",
            "    impl de::Visitor<'_> for TestVisitor {",
            "        type Value = i64;",
            "",
            "        fn visit_i64<E>(self, v: i64) -> Result<Self::Value, E> {",
            "            Ok(v)",
            "        }",
            "",
            "        forward_to_deserialize_any! {",
            "            bool u8 u16 u32 u64 f64 i8 i16 string unit seq map option enum identifier bytes byte_buf",
            "        }",
            "    }",
            "",
            "    let parser_number = ParserNumber::I64(-100);",
            "    let visitor = TestVisitor { value: None };",
            "    let result = parser_number.visit(visitor);",
            "    assert_eq!(result.unwrap(), -100);",
            "}",
            "",
            "#[cfg(feature = \"arbitrary_precision\")]",
            "fn test_visit_string() {",
            "    struct TestVisitor {",
            "        value: Option<String>,",
            "    }",
            "",
            "    impl de::Visitor<'_> for TestVisitor {",
            "        type Value = String;",
            "",
            "        fn visit_map<V>(self, _: V) -> Result<Self::Value, V::Error>",
            "        where",
            "            V: de::MapAccess<'_>,",
            "        {",
            "            Ok(\"arbitrary_precision_string\".to_string())",
            "        }",
            "",
            "        forward_to_deserialize_any! {",
            "            bool i8 i16 i32 i64 u8 u16 u32 u64 f64 char str string unit seq option enum identifier bytes byte_buf",
            "        }",
            "    }",
            "",
            "    let parser_number = ParserNumber::String(\"test\".to_string());",
            "    let visitor = TestVisitor { value: None };",
            "    let result = parser_number.visit(visitor);",
            "    assert_eq!(result.unwrap(), \"arbitrary_precision_string\".to_string());",
            "}",
            "",
            "fn main() {",
            "    test_visit_f64();",
            "    test_visit_u64();",
            "    test_visit_i64();",
            "    #[cfg(feature = \"arbitrary_precision\")]",
            "    test_visit_string();",
            "}"
          ],
          "chain_tests": []
        }
      ]
    }
  ]
}