{
  "name": "serde::de::ignored_any::<de::ignored_any::IgnoredAny as de::Visitor<'de>>::visit_none",
  "name_with_impl": "serde::de::ignored_any::{impl#0}::visit_none",
  "mod_info": {
    "name": "de::ignored_any",
    "loc": "serde/src/de/mod.rs:121:1:121:17"
  },
  "visible": true,
  "loc": "serde/src/de/ignored_any.rs:166:5:168:6",
  "fn_tests": [
    {
      "chain_id": 1,
      "prompt_conds": [
        "// expected return value/type: Ok(IgnoredAny)\n"
      ],
      "input_infer": "E: any Error type, self: any instance of Visitor implemented trait, no additional inputs or conditions necessary\n",
      "answers": [
        {
          "uses": [],
          "has_test_mod": false,
          "common": [],
          "chain_tests": [
            {
              "attrs": [],
              "prefix": [
                "{",
                "    struct TestVisitor;",
                "",
                "    impl<'de> Visitor<'de> for TestVisitor {",
                "        type Value = IgnoredAny;",
                "        fn expecting(&self, _formatter: &mut fmt::Formatter) -> fmt::Result {",
                "            Ok(())",
                "        }",
                "    }",
                "",
                "    let visitor = TestVisitor;",
                "    let result: Result<IgnoredAny, _> = visitor.visit_none();",
                "}"
              ],
              "oracles": [
                [
                  "    let visitor = TestVisitor;",
                  "    let result: Result<IgnoredAny, _> = visitor.visit_none();",
                  "    assert!(result.is_ok());"
                ],
                [
                  "    let visitor = TestVisitor;",
                  "    let result: Result<IgnoredAny, _> = visitor.visit_none();",
                  "    assert_eq!(result.unwrap(), IgnoredAny);"
                ]
              ],
              "codes": [
                [
                  "{",
                  "    struct TestVisitor;",
                  "",
                  "    impl<'de> Visitor<'de> for TestVisitor {",
                  "        type Value = IgnoredAny;",
                  "        fn expecting(&self, _formatter: &mut fmt::Formatter) -> fmt::Result {",
                  "            Ok(())",
                  "        }",
                  "    }",
                  "",
                  "    let visitor = TestVisitor;",
                  "    let result: Result<IgnoredAny, _> = visitor.visit_none();",
                  "    let visitor = TestVisitor;",
                  "    let result: Result<IgnoredAny, _> = visitor.visit_none();",
                  "    assert!(result.is_ok());",
                  "}"
                ],
                [
                  "{",
                  "    struct TestVisitor;",
                  "",
                  "    impl<'de> Visitor<'de> for TestVisitor {",
                  "        type Value = IgnoredAny;",
                  "        fn expecting(&self, _formatter: &mut fmt::Formatter) -> fmt::Result {",
                  "            Ok(())",
                  "        }",
                  "    }",
                  "",
                  "    let visitor = TestVisitor;",
                  "    let result: Result<IgnoredAny, _> = visitor.visit_none();",
                  "    let visitor = TestVisitor;",
                  "    let result: Result<IgnoredAny, _> = visitor.visit_none();",
                  "    assert_eq!(result.unwrap(), IgnoredAny);",
                  "}"
                ]
              ],
              "can_compile": [
                {
                  "Err": "   Compiling proc-macro2 v1.0.95\n   Compiling syn v1.0.109\n   Compiling serde_derive v1.0.219 (/home/utgen/workspace/serde/serde_derive)\n   Compiling serde v1.0.219 (/home/utgen/workspace/serde/serde)\n   Compiling quote v1.0.40\n   Compiling syn v2.0.100\n   Compiling ntest_test_cases v0.9.3\n   Compiling ntest_timeout v0.9.3\n   Compiling ntest v0.9.3\nerror: unused import: `ntest::timeout`\n   --> serde/src/de/ignored_any.rs:242:8\n    |\n242 |    use ntest::timeout;\n    |        ^^^^^^^^^^^^^^\n    |\nnote: the lint level is defined here\n   --> serde/src/lib.rs:159:23\n    |\n159 | #![deny(missing_docs, unused_imports)]\n    |                       ^^^^^^^^^^^^^^\n\nerror[E0283]: type annotations needed\n    --> serde/src/de/ignored_any.rs:256:49\n     |\n256  |     let result: Result<IgnoredAny, _> = visitor.visit_none();\n     |                                                 ^^^^^^^^^^ cannot infer type of the type parameter `E` declared on the method `visit_none`\n     |\n     = note: cannot satisfy `_: de::Error`\n     = help: the trait `de::Error` is implemented for `value::Error`\nnote: required by a bound in `de::Visitor::visit_none`\n    --> serde/src/de/mod.rs:1606:12\n     |\n1604 |     fn visit_none<E>(self) -> Result<Self::Value, E>\n     |        ---------- required by a bound in this associated function\n1605 |     where\n1606 |         E: Error,\n     |            ^^^^^ required by this bound in `Visitor::visit_none`\nhelp: consider specifying the generic argument\n     |\n256  |     let result: Result<IgnoredAny, _> = visitor.visit_none::<E>();\n     |                                                           +++++\n\nFor more information about this error, try `rustc --explain E0283`.\nerror: could not compile `serde` (lib test) due to 2 previous errors\n"
                },
                {
                  "Err": "   Compiling proc-macro2 v1.0.95\n   Compiling syn v1.0.109\n   Compiling serde_derive v1.0.219 (/home/utgen/workspace/serde/serde_derive)\n   Compiling serde v1.0.219 (/home/utgen/workspace/serde/serde)\n   Compiling quote v1.0.40\n   Compiling syn v2.0.100\n   Compiling ntest_timeout v0.9.3\n   Compiling ntest_test_cases v0.9.3\n   Compiling ntest v0.9.3\nerror: unused import: `ntest::timeout`\n   --> serde/src/de/ignored_any.rs:242:8\n    |\n242 |    use ntest::timeout;\n    |        ^^^^^^^^^^^^^^\n    |\nnote: the lint level is defined here\n   --> serde/src/lib.rs:159:23\n    |\n159 | #![deny(missing_docs, unused_imports)]\n    |                       ^^^^^^^^^^^^^^\n\nerror[E0283]: type annotations needed\n    --> serde/src/de/ignored_any.rs:256:49\n     |\n256  |     let result: Result<IgnoredAny, _> = visitor.visit_none();\n     |                                                 ^^^^^^^^^^ cannot infer type of the type parameter `E` declared on the method `visit_none`\n     |\n     = note: cannot satisfy `_: de::Error`\n     = help: the trait `de::Error` is implemented for `value::Error`\nnote: required by a bound in `de::Visitor::visit_none`\n    --> serde/src/de/mod.rs:1606:12\n     |\n1604 |     fn visit_none<E>(self) -> Result<Self::Value, E>\n     |        ---------- required by a bound in this associated function\n1605 |     where\n1606 |         E: Error,\n     |            ^^^^^ required by this bound in `Visitor::visit_none`\nhelp: consider specifying the generic argument\n     |\n256  |     let result: Result<IgnoredAny, _> = visitor.visit_none::<E>();\n     |                                                           +++++\n\nFor more information about this error, try `rustc --explain E0283`.\nerror: could not compile `serde` (lib test) due to 2 previous errors\n"
                }
              ],
              "repaired": [
                false,
                false
              ]
            },
            {
              "attrs": [],
              "prefix": [
                "{",
                "    let visitor = IgnoredAny;",
                "    let result: Result<IgnoredAny, _> = visitor.visit_none();",
                "}"
              ],
              "oracles": [
                [
                  "    let visitor = IgnoredAny;",
                  "    let result: Result<IgnoredAny, _> = visitor.visit_none();",
                  "    assert!(result.is_ok());"
                ],
                [
                  "    let visitor = IgnoredAny;",
                  "    let result: Result<IgnoredAny, _> = visitor.visit_none();",
                  "    assert_eq!(result.unwrap(), IgnoredAny);"
                ]
              ],
              "codes": [
                [
                  "{",
                  "    let visitor = IgnoredAny;",
                  "    let result: Result<IgnoredAny, _> = visitor.visit_none();",
                  "    let visitor = IgnoredAny;",
                  "    let result: Result<IgnoredAny, _> = visitor.visit_none();",
                  "    assert!(result.is_ok());",
                  "}"
                ],
                [
                  "{",
                  "    let visitor = IgnoredAny;",
                  "    let result: Result<IgnoredAny, _> = visitor.visit_none();",
                  "    let visitor = IgnoredAny;",
                  "    let result: Result<IgnoredAny, _> = visitor.visit_none();",
                  "    assert_eq!(result.unwrap(), IgnoredAny);",
                  "}"
                ]
              ],
              "can_compile": [
                {
                  "Err": "   Compiling proc-macro2 v1.0.95\n   Compiling syn v1.0.109\n   Compiling serde_derive v1.0.219 (/home/utgen/workspace/serde/serde_derive)\n   Compiling serde v1.0.219 (/home/utgen/workspace/serde/serde)\n   Compiling quote v1.0.40\n   Compiling syn v2.0.100\n   Compiling ntest_test_cases v0.9.3\n   Compiling ntest_timeout v0.9.3\n   Compiling ntest v0.9.3\nerror: unused import: `ntest::timeout`\n   --> serde/src/de/ignored_any.rs:242:8\n    |\n242 |    use ntest::timeout;\n    |        ^^^^^^^^^^^^^^\n    |\nnote: the lint level is defined here\n   --> serde/src/lib.rs:159:23\n    |\n159 | #![deny(missing_docs, unused_imports)]\n    |                       ^^^^^^^^^^^^^^\n\nerror[E0283]: type annotations needed\n    --> serde/src/de/ignored_any.rs:247:49\n     |\n247  |     let result: Result<IgnoredAny, _> = visitor.visit_none();\n     |                                                 ^^^^^^^^^^ cannot infer type of the type parameter `E` declared on the method `visit_none`\n     |\n     = note: cannot satisfy `_: de::Error`\n     = help: the trait `de::Error` is implemented for `value::Error`\nnote: required by a bound in `de::Visitor::visit_none`\n    --> serde/src/de/mod.rs:1606:12\n     |\n1604 |     fn visit_none<E>(self) -> Result<Self::Value, E>\n     |        ---------- required by a bound in this associated function\n1605 |     where\n1606 |         E: Error,\n     |            ^^^^^ required by this bound in `Visitor::visit_none`\nhelp: consider specifying the generic argument\n     |\n247  |     let result: Result<IgnoredAny, _> = visitor.visit_none::<E>();\n     |                                                           +++++\n\nFor more information about this error, try `rustc --explain E0283`.\nerror: could not compile `serde` (lib test) due to 2 previous errors\n"
                },
                {
                  "Err": "   Compiling proc-macro2 v1.0.95\n   Compiling syn v1.0.109\n   Compiling serde_derive v1.0.219 (/home/utgen/workspace/serde/serde_derive)\n   Compiling serde v1.0.219 (/home/utgen/workspace/serde/serde)\n   Compiling quote v1.0.40\n   Compiling syn v2.0.100\n   Compiling ntest_test_cases v0.9.3\n   Compiling ntest_timeout v0.9.3\n   Compiling ntest v0.9.3\nerror: unused import: `ntest::timeout`\n   --> serde/src/de/ignored_any.rs:242:8\n    |\n242 |    use ntest::timeout;\n    |        ^^^^^^^^^^^^^^\n    |\nnote: the lint level is defined here\n   --> serde/src/lib.rs:159:23\n    |\n159 | #![deny(missing_docs, unused_imports)]\n    |                       ^^^^^^^^^^^^^^\n\nerror[E0283]: type annotations needed\n    --> serde/src/de/ignored_any.rs:247:49\n     |\n247  |     let result: Result<IgnoredAny, _> = visitor.visit_none();\n     |                                                 ^^^^^^^^^^ cannot infer type of the type parameter `E` declared on the method `visit_none`\n     |\n     = note: cannot satisfy `_: de::Error`\n     = help: the trait `de::Error` is implemented for `value::Error`\nnote: required by a bound in `de::Visitor::visit_none`\n    --> serde/src/de/mod.rs:1606:12\n     |\n1604 |     fn visit_none<E>(self) -> Result<Self::Value, E>\n     |        ---------- required by a bound in this associated function\n1605 |     where\n1606 |         E: Error,\n     |            ^^^^^ required by this bound in `Visitor::visit_none`\nhelp: consider specifying the generic argument\n     |\n247  |     let result: Result<IgnoredAny, _> = visitor.visit_none::<E>();\n     |                                                           +++++\n\nFor more information about this error, try `rustc --explain E0283`.\nerror: could not compile `serde` (lib test) due to 2 previous errors\n"
                }
              ],
              "repaired": [
                false,
                false
              ]
            },
            {
              "attrs": [
                "#[should_panic]"
              ],
              "prefix": [
                "{",
                "    // Here, since `visit_none` does not have conditions that can panic",
                "    // directly, we won't generate inputs that would cause panic; however, ",
                "    // we can prepare a test like this to explicitly indicate that",
                "    // it is safe under the expectation that it should not panic.",
                "    let visitor = IgnoredAny;",
                "    let _result: Result<IgnoredAny, _> = visitor.visit_none();",
                "}"
              ],
              "oracles": [
                [
                  "    let visitor = IgnoredAny;",
                  "    let result: Result<IgnoredAny, _> = visitor.visit_none();",
                  "    assert!(result.is_ok());"
                ],
                [
                  "    let visitor = IgnoredAny;",
                  "    let result: Result<IgnoredAny, _> = visitor.visit_none();",
                  "    assert_eq!(result.unwrap(), IgnoredAny);"
                ]
              ],
              "codes": [
                [
                  "{",
                  "    // Here, since `visit_none` does not have conditions that can panic",
                  "    // directly, we won't generate inputs that would cause panic; however, ",
                  "    // we can prepare a test like this to explicitly indicate that",
                  "    // it is safe under the expectation that it should not panic.",
                  "    let visitor = IgnoredAny;",
                  "    let _result: Result<IgnoredAny, _> = visitor.visit_none();",
                  "    let visitor = IgnoredAny;",
                  "    let result: Result<IgnoredAny, _> = visitor.visit_none();",
                  "    assert!(result.is_ok());",
                  "}"
                ],
                [
                  "{",
                  "    // Here, since `visit_none` does not have conditions that can panic",
                  "    // directly, we won't generate inputs that would cause panic; however, ",
                  "    // we can prepare a test like this to explicitly indicate that",
                  "    // it is safe under the expectation that it should not panic.",
                  "    let visitor = IgnoredAny;",
                  "    let _result: Result<IgnoredAny, _> = visitor.visit_none();",
                  "    let visitor = IgnoredAny;",
                  "    let result: Result<IgnoredAny, _> = visitor.visit_none();",
                  "    assert_eq!(result.unwrap(), IgnoredAny);",
                  "}"
                ]
              ],
              "can_compile": [
                {
                  "Err": "   Compiling proc-macro2 v1.0.95\n   Compiling syn v1.0.109\n   Compiling serde_derive v1.0.219 (/home/utgen/workspace/serde/serde_derive)\n   Compiling serde v1.0.219 (/home/utgen/workspace/serde/serde)\n   Compiling quote v1.0.40\n   Compiling syn v2.0.100\n   Compiling ntest_test_cases v0.9.3\n   Compiling ntest_timeout v0.9.3\n   Compiling ntest v0.9.3\nerror: unused import: `ntest::timeout`\n   --> serde/src/de/ignored_any.rs:242:8\n    |\n242 |    use ntest::timeout;\n    |        ^^^^^^^^^^^^^^\n    |\nnote: the lint level is defined here\n   --> serde/src/lib.rs:159:23\n    |\n159 | #![deny(missing_docs, unused_imports)]\n    |                       ^^^^^^^^^^^^^^\n\nerror[E0283]: type annotations needed\n    --> serde/src/de/ignored_any.rs:252:50\n     |\n252  |     let _result: Result<IgnoredAny, _> = visitor.visit_none();\n     |                                                  ^^^^^^^^^^ cannot infer type of the type parameter `E` declared on the method `visit_none`\n     |\n     = note: cannot satisfy `_: de::Error`\n     = help: the trait `de::Error` is implemented for `value::Error`\nnote: required by a bound in `de::Visitor::visit_none`\n    --> serde/src/de/mod.rs:1606:12\n     |\n1604 |     fn visit_none<E>(self) -> Result<Self::Value, E>\n     |        ---------- required by a bound in this associated function\n1605 |     where\n1606 |         E: Error,\n     |            ^^^^^ required by this bound in `Visitor::visit_none`\nhelp: consider specifying the generic argument\n     |\n252  |     let _result: Result<IgnoredAny, _> = visitor.visit_none::<E>();\n     |                                                            +++++\n\nFor more information about this error, try `rustc --explain E0283`.\nerror: could not compile `serde` (lib test) due to 2 previous errors\n"
                },
                {
                  "Err": "   Compiling proc-macro2 v1.0.95\n   Compiling syn v1.0.109\n   Compiling serde_derive v1.0.219 (/home/utgen/workspace/serde/serde_derive)\n   Compiling serde v1.0.219 (/home/utgen/workspace/serde/serde)\n   Compiling quote v1.0.40\n   Compiling syn v2.0.100\n   Compiling ntest_test_cases v0.9.3\n   Compiling ntest_timeout v0.9.3\n   Compiling ntest v0.9.3\nerror: unused import: `ntest::timeout`\n   --> serde/src/de/ignored_any.rs:242:8\n    |\n242 |    use ntest::timeout;\n    |        ^^^^^^^^^^^^^^\n    |\nnote: the lint level is defined here\n   --> serde/src/lib.rs:159:23\n    |\n159 | #![deny(missing_docs, unused_imports)]\n    |                       ^^^^^^^^^^^^^^\n\nerror[E0283]: type annotations needed\n    --> serde/src/de/ignored_any.rs:252:50\n     |\n252  |     let _result: Result<IgnoredAny, _> = visitor.visit_none();\n     |                                                  ^^^^^^^^^^ cannot infer type of the type parameter `E` declared on the method `visit_none`\n     |\n     = note: cannot satisfy `_: de::Error`\n     = help: the trait `de::Error` is implemented for `value::Error`\nnote: required by a bound in `de::Visitor::visit_none`\n    --> serde/src/de/mod.rs:1606:12\n     |\n1604 |     fn visit_none<E>(self) -> Result<Self::Value, E>\n     |        ---------- required by a bound in this associated function\n1605 |     where\n1606 |         E: Error,\n     |            ^^^^^ required by this bound in `Visitor::visit_none`\nhelp: consider specifying the generic argument\n     |\n252  |     let _result: Result<IgnoredAny, _> = visitor.visit_none::<E>();\n     |                                                            +++++\n\nFor more information about this error, try `rustc --explain E0283`.\nerror: could not compile `serde` (lib test) due to 2 previous errors\n"
                }
              ],
              "repaired": [
                false,
                false
              ]
            }
          ]
        }
      ]
    }
  ]
}