{
  "name": "serde::__private::de::<__private::de::FlatMapAccess<'a, 'de, E> as de::MapAccess<'de>>::next_value_seed",
  "name_with_impl": "serde::__private::de::{impl#9}::next_value_seed",
  "mod_info": {
    "name": "__private::de",
    "loc": "serde/src/private/mod.rs:2:1:2:12"
  },
  "visible": true,
  "loc": "serde/src/private/de.rs:2682:5:2690:6",
  "fn_tests": [
    {
      "chain_id": 1,
      "prompt_conds": [
        "// constraint: self.pending_content.take() matches Some(value) is true\n",
        "// constraint: self.pending_content.take() matches Some(value) is true\n"
      ],
      "input_infer": "'1' to '100' for valid content values, plus 'None' for an absence case\n",
      "answers": [
        {
          "uses": [],
          "has_test_mod": false,
          "common": [],
          "chain_tests": [
            {
              "attrs": [],
              "prefix": [
                "{",
                "    let content = Content::Bool(true);",
                "    let mut map_access = FlatMapAccess {",
                "        iter: vec![Some((Content::Bool(true), content))].into_iter(),",
                "        pending_content: None,",
                "        _marker: PhantomData,",
                "    };",
                "    // Force next_key_seed to set pending_content",
                "    map_access.next_key_seed(PhantomData).unwrap();",
                "    let _ = map_access.next_value_seed(PhantomData);",
                "}"
              ],
              "oracles": [
                [
                  "    let content = Content::Bool(true);",
                  "    let mut map_access = FlatMapAccess {",
                  "    iter: vec![Some((Content::Bool(true), content))].into_iter(),",
                  "    pending_content: None,",
                  "    _marker: PhantomData,",
                  "    };",
                  "    map_access.next_key_seed(PhantomData).unwrap();",
                  "    assert!(map_access.pending_content.is_some());"
                ],
                [
                  "    let content = Content::Bool(true);",
                  "    let mut map_access = FlatMapAccess {",
                  "    iter: vec![Some((Content::Bool(true), content))].into_iter(),",
                  "    pending_content: None,",
                  "    _marker: PhantomData,",
                  "    };",
                  "    map_access.next_key_seed(PhantomData).unwrap();",
                  "    let result = map_access.next_value_seed(PhantomData);",
                  "    assert!(result.is_ok());"
                ],
                [
                  "    let content = Content::Bool(true);",
                  "    let mut map_access = FlatMapAccess {",
                  "    iter: vec![Some((Content::Bool(true), content))].into_iter(),",
                  "    pending_content: None,",
                  "    _marker: PhantomData,",
                  "    };",
                  "    map_access.next_key_seed(PhantomData).unwrap();",
                  "    let result = map_access.next_value_seed(PhantomData);",
                  "    assert_eq!(result.unwrap(), Content::Bool(true));"
                ]
              ],
              "codes": [
                [
                  "{",
                  "    let content = Content::Bool(true);",
                  "    let mut map_access = FlatMapAccess {",
                  "        iter: vec![Some((Content::Bool(true), content))].into_iter(),",
                  "        pending_content: None,",
                  "        _marker: PhantomData,",
                  "    };",
                  "    // Force next_key_seed to set pending_content",
                  "    map_access.next_key_seed(PhantomData).unwrap();",
                  "    let _ = map_access.next_value_seed(PhantomData);",
                  "    let content = Content::Bool(true);",
                  "    let mut map_access = FlatMapAccess {",
                  "    iter: vec![Some((Content::Bool(true), content))].into_iter(),",
                  "    pending_content: None,",
                  "    _marker: PhantomData,",
                  "    };",
                  "    map_access.next_key_seed(PhantomData).unwrap();",
                  "    assert!(map_access.pending_content.is_some());",
                  "}"
                ],
                [
                  "{",
                  "    let content = Content::Bool(true);",
                  "    let mut map_access = FlatMapAccess {",
                  "        iter: vec![Some((Content::Bool(true), content))].into_iter(),",
                  "        pending_content: None,",
                  "        _marker: PhantomData,",
                  "    };",
                  "    // Force next_key_seed to set pending_content",
                  "    map_access.next_key_seed(PhantomData).unwrap();",
                  "    let _ = map_access.next_value_seed(PhantomData);",
                  "    let content = Content::Bool(true);",
                  "    let mut map_access = FlatMapAccess {",
                  "    iter: vec![Some((Content::Bool(true), content))].into_iter(),",
                  "    pending_content: None,",
                  "    _marker: PhantomData,",
                  "    };",
                  "    map_access.next_key_seed(PhantomData).unwrap();",
                  "    let result = map_access.next_value_seed(PhantomData);",
                  "    assert!(result.is_ok());",
                  "}"
                ],
                [
                  "{",
                  "    let content = Content::Bool(true);",
                  "    let mut map_access = FlatMapAccess {",
                  "        iter: vec![Some((Content::Bool(true), content))].into_iter(),",
                  "        pending_content: None,",
                  "        _marker: PhantomData,",
                  "    };",
                  "    // Force next_key_seed to set pending_content",
                  "    map_access.next_key_seed(PhantomData).unwrap();",
                  "    let _ = map_access.next_value_seed(PhantomData);",
                  "    let content = Content::Bool(true);",
                  "    let mut map_access = FlatMapAccess {",
                  "    iter: vec![Some((Content::Bool(true), content))].into_iter(),",
                  "    pending_content: None,",
                  "    _marker: PhantomData,",
                  "    };",
                  "    map_access.next_key_seed(PhantomData).unwrap();",
                  "    let result = map_access.next_value_seed(PhantomData);",
                  "    assert_eq!(result.unwrap(), Content::Bool(true));",
                  "}"
                ]
              ],
              "can_compile": [
                {
                  "Err": "   Compiling proc-macro2 v1.0.95\n   Compiling syn v1.0.109\n   Compiling serde_derive v1.0.219 (/home/utgen/workspace/serde/serde_derive)\n   Compiling serde v1.0.219 (/home/utgen/workspace/serde/serde)\n   Compiling quote v1.0.40\n   Compiling syn v2.0.100\n   Compiling ntest_test_cases v0.9.3\n   Compiling ntest_timeout v0.9.3\n   Compiling ntest v0.9.3\nerror: unused import: `ntest::timeout`\n    --> serde/src/private/de.rs:2808:8\n     |\n2808 |    use ntest::timeout;\n     |        ^^^^^^^^^^^^^^\n     |\nnote: the lint level is defined here\n    --> serde/src/lib.rs:159:23\n     |\n159  | #![deny(missing_docs, unused_imports)]\n     |                       ^^^^^^^^^^^^^^\n\nerror[E0308]: mismatched types\n    --> serde/src/private/de.rs:2814:15\n     |\n2814 |         iter: vec![Some((Content::Bool(true), content))].into_iter(),\n     |               ^^^^^^^^^^^^^^^^^^^^^^^^^^^^^^^^^^^^^^^^^^^^^^^^^^^^^^ expected `Iter<'_, Option<(..., ...)>>`, found `IntoIter<Option<(..., ...)>>`\n     |\n     = note: expected struct `std::slice::Iter<'_, std::option::Option<(__private::de::content::Content<'_>, __private::de::content::Content<'_>)>>`\n                found struct `std::vec::IntoIter<std::option::Option<(__private::de::content::Content<'_>, __private::de::content::Content<'_>)>>`\n\nerror[E0308]: mismatched types\n    --> serde/src/private/de.rs:2823:11\n     |\n2823 |     iter: vec![Some((Content::Bool(true), content))].into_iter(),\n     |           ^^^^^^^^^^^^^^^^^^^^^^^^^^^^^^^^^^^^^^^^^^^^^^^^^^^^^^ expected `Iter<'_, Option<(..., ...)>>`, found `IntoIter<Option<(..., ...)>>`\n     |\n     = note: expected struct `std::slice::Iter<'_, std::option::Option<(__private::de::content::Content<'_>, __private::de::content::Content<'_>)>>`\n                found struct `std::vec::IntoIter<std::option::Option<(__private::de::content::Content<'_>, __private::de::content::Content<'_>)>>`\n\nFor more information about this error, try `rustc --explain E0308`.\nerror: could not compile `serde` (lib test) due to 3 previous errors\n"
                },
                {
                  "Err": "   Compiling proc-macro2 v1.0.95\n   Compiling syn v1.0.109\n   Compiling serde_derive v1.0.219 (/home/utgen/workspace/serde/serde_derive)\n   Compiling serde v1.0.219 (/home/utgen/workspace/serde/serde)\n   Compiling quote v1.0.40\n   Compiling syn v2.0.100\n   Compiling ntest_test_cases v0.9.3\n   Compiling ntest_timeout v0.9.3\n   Compiling ntest v0.9.3\nerror: unused import: `ntest::timeout`\n    --> serde/src/private/de.rs:2808:8\n     |\n2808 |    use ntest::timeout;\n     |        ^^^^^^^^^^^^^^\n     |\nnote: the lint level is defined here\n    --> serde/src/lib.rs:159:23\n     |\n159  | #![deny(missing_docs, unused_imports)]\n     |                       ^^^^^^^^^^^^^^\n\nerror[E0308]: mismatched types\n    --> serde/src/private/de.rs:2814:15\n     |\n2814 |         iter: vec![Some((Content::Bool(true), content))].into_iter(),\n     |               ^^^^^^^^^^^^^^^^^^^^^^^^^^^^^^^^^^^^^^^^^^^^^^^^^^^^^^ expected `Iter<'_, Option<(..., ...)>>`, found `IntoIter<Option<(..., ...)>>`\n     |\n     = note: expected struct `std::slice::Iter<'_, std::option::Option<(__private::de::content::Content<'_>, __private::de::content::Content<'_>)>>`\n                found struct `std::vec::IntoIter<std::option::Option<(__private::de::content::Content<'_>, __private::de::content::Content<'_>)>>`\n\nerror[E0308]: mismatched types\n    --> serde/src/private/de.rs:2823:11\n     |\n2823 |     iter: vec![Some((Content::Bool(true), content))].into_iter(),\n     |           ^^^^^^^^^^^^^^^^^^^^^^^^^^^^^^^^^^^^^^^^^^^^^^^^^^^^^^ expected `Iter<'_, Option<(..., ...)>>`, found `IntoIter<Option<(..., ...)>>`\n     |\n     = note: expected struct `std::slice::Iter<'_, std::option::Option<(__private::de::content::Content<'_>, __private::de::content::Content<'_>)>>`\n                found struct `std::vec::IntoIter<std::option::Option<(__private::de::content::Content<'_>, __private::de::content::Content<'_>)>>`\n\nFor more information about this error, try `rustc --explain E0308`.\nerror: could not compile `serde` (lib test) due to 3 previous errors\n"
                },
                {
                  "Err": "   Compiling proc-macro2 v1.0.95\n   Compiling syn v1.0.109\n   Compiling serde_derive v1.0.219 (/home/utgen/workspace/serde/serde_derive)\n   Compiling serde v1.0.219 (/home/utgen/workspace/serde/serde)\n   Compiling quote v1.0.40\n   Compiling syn v2.0.100\n   Compiling ntest_timeout v0.9.3\n   Compiling ntest_test_cases v0.9.3\n   Compiling ntest v0.9.3\nerror: unused import: `ntest::timeout`\n    --> serde/src/private/de.rs:2808:8\n     |\n2808 |    use ntest::timeout;\n     |        ^^^^^^^^^^^^^^\n     |\nnote: the lint level is defined here\n    --> serde/src/lib.rs:159:23\n     |\n159  | #![deny(missing_docs, unused_imports)]\n     |                       ^^^^^^^^^^^^^^\n\nerror[E0308]: mismatched types\n    --> serde/src/private/de.rs:2814:15\n     |\n2814 |         iter: vec![Some((Content::Bool(true), content))].into_iter(),\n     |               ^^^^^^^^^^^^^^^^^^^^^^^^^^^^^^^^^^^^^^^^^^^^^^^^^^^^^^ expected `Iter<'_, Option<(..., ...)>>`, found `IntoIter<Option<(..., ...)>>`\n     |\n     = note: expected struct `std::slice::Iter<'_, std::option::Option<(__private::de::content::Content<'_>, __private::de::content::Content<'_>)>>`\n                found struct `std::vec::IntoIter<std::option::Option<(__private::de::content::Content<'_>, __private::de::content::Content<'_>)>>`\n\nerror[E0308]: mismatched types\n    --> serde/src/private/de.rs:2823:11\n     |\n2823 |     iter: vec![Some((Content::Bool(true), content))].into_iter(),\n     |           ^^^^^^^^^^^^^^^^^^^^^^^^^^^^^^^^^^^^^^^^^^^^^^^^^^^^^^ expected `Iter<'_, Option<(..., ...)>>`, found `IntoIter<Option<(..., ...)>>`\n     |\n     = note: expected struct `std::slice::Iter<'_, std::option::Option<(__private::de::content::Content<'_>, __private::de::content::Content<'_>)>>`\n                found struct `std::vec::IntoIter<std::option::Option<(__private::de::content::Content<'_>, __private::de::content::Content<'_>)>>`\n\nFor more information about this error, try `rustc --explain E0308`.\nerror: could not compile `serde` (lib test) due to 3 previous errors\n"
                }
              ],
              "repaired": [
                false,
                false,
                false
              ]
            },
            {
              "attrs": [],
              "prefix": [
                "{",
                "    let content = Content::U8(100);",
                "    let mut map_access = FlatMapAccess {",
                "        iter: vec![Some((Content::U8(100), content))].into_iter(),",
                "        pending_content: None,",
                "        _marker: PhantomData,",
                "    };",
                "    map_access.next_key_seed(PhantomData).unwrap();",
                "    let _ = map_access.next_value_seed(PhantomData);",
                "}"
              ],
              "oracles": [
                [
                  "    let content = Content::U8(100);",
                  "    let mut map_access = FlatMapAccess {",
                  "    iter: vec![Some((Content::U8(100), content))].into_iter(),",
                  "    pending_content: None,",
                  "    _marker: PhantomData,",
                  "    };",
                  "    map_access.pending_content = Some(&content);",
                  "    assert!(map_access.next_value_seed(PhantomData).is_ok());"
                ],
                [
                  "    let content = Content::U8(100);",
                  "    let mut map_access = FlatMapAccess {",
                  "    iter: vec![Some((Content::U8(100), content))].into_iter(),",
                  "    pending_content: None,",
                  "    _marker: PhantomData,",
                  "    };",
                  "    map_access.pending_content = Some(&content);",
                  "    assert_eq!(map_access.pending_content, None);"
                ]
              ],
              "codes": [
                [
                  "{",
                  "    let content = Content::U8(100);",
                  "    let mut map_access = FlatMapAccess {",
                  "        iter: vec![Some((Content::U8(100), content))].into_iter(),",
                  "        pending_content: None,",
                  "        _marker: PhantomData,",
                  "    };",
                  "    map_access.next_key_seed(PhantomData).unwrap();",
                  "    let _ = map_access.next_value_seed(PhantomData);",
                  "    let content = Content::U8(100);",
                  "    let mut map_access = FlatMapAccess {",
                  "    iter: vec![Some((Content::U8(100), content))].into_iter(),",
                  "    pending_content: None,",
                  "    _marker: PhantomData,",
                  "    };",
                  "    map_access.pending_content = Some(&content);",
                  "    assert!(map_access.next_value_seed(PhantomData).is_ok());",
                  "}"
                ],
                [
                  "{",
                  "    let content = Content::U8(100);",
                  "    let mut map_access = FlatMapAccess {",
                  "        iter: vec![Some((Content::U8(100), content))].into_iter(),",
                  "        pending_content: None,",
                  "        _marker: PhantomData,",
                  "    };",
                  "    map_access.next_key_seed(PhantomData).unwrap();",
                  "    let _ = map_access.next_value_seed(PhantomData);",
                  "    let content = Content::U8(100);",
                  "    let mut map_access = FlatMapAccess {",
                  "    iter: vec![Some((Content::U8(100), content))].into_iter(),",
                  "    pending_content: None,",
                  "    _marker: PhantomData,",
                  "    };",
                  "    map_access.pending_content = Some(&content);",
                  "    assert_eq!(map_access.pending_content, None);",
                  "}"
                ]
              ],
              "can_compile": [
                {
                  "Err": "   Compiling proc-macro2 v1.0.95\n   Compiling syn v1.0.109\n   Compiling serde_derive v1.0.219 (/home/utgen/workspace/serde/serde_derive)\n   Compiling serde v1.0.219 (/home/utgen/workspace/serde/serde)\n   Compiling quote v1.0.40\n   Compiling syn v2.0.100\n   Compiling ntest_timeout v0.9.3\n   Compiling ntest_test_cases v0.9.3\n   Compiling ntest v0.9.3\nerror: unused import: `ntest::timeout`\n    --> serde/src/private/de.rs:2808:8\n     |\n2808 |    use ntest::timeout;\n     |        ^^^^^^^^^^^^^^\n     |\nnote: the lint level is defined here\n    --> serde/src/lib.rs:159:23\n     |\n159  | #![deny(missing_docs, unused_imports)]\n     |                       ^^^^^^^^^^^^^^\n\nerror[E0308]: mismatched types\n    --> serde/src/private/de.rs:2814:15\n     |\n2814 |         iter: vec![Some((Content::U8(100), content))].into_iter(),\n     |               ^^^^^^^^^^^^^^^^^^^^^^^^^^^^^^^^^^^^^^^^^^^^^^^^^^^ expected `Iter<'_, Option<(..., ...)>>`, found `IntoIter<Option<(..., ...)>>`\n     |\n     = note: expected struct `std::slice::Iter<'_, std::option::Option<(__private::de::content::Content<'_>, __private::de::content::Content<'_>)>>`\n                found struct `std::vec::IntoIter<std::option::Option<(__private::de::content::Content<'_>, __private::de::content::Content<'_>)>>`\n\nerror[E0308]: mismatched types\n    --> serde/src/private/de.rs:2822:11\n     |\n2822 |     iter: vec![Some((Content::U8(100), content))].into_iter(),\n     |           ^^^^^^^^^^^^^^^^^^^^^^^^^^^^^^^^^^^^^^^^^^^^^^^^^^^ expected `Iter<'_, Option<(..., ...)>>`, found `IntoIter<Option<(..., ...)>>`\n     |\n     = note: expected struct `std::slice::Iter<'_, std::option::Option<(__private::de::content::Content<'_>, __private::de::content::Content<'_>)>>`\n                found struct `std::vec::IntoIter<std::option::Option<(__private::de::content::Content<'_>, __private::de::content::Content<'_>)>>`\n\nFor more information about this error, try `rustc --explain E0308`.\nerror: could not compile `serde` (lib test) due to 3 previous errors\n"
                },
                {
                  "Err": "   Compiling proc-macro2 v1.0.95\n   Compiling syn v1.0.109\n   Compiling serde_derive v1.0.219 (/home/utgen/workspace/serde/serde_derive)\n   Compiling serde v1.0.219 (/home/utgen/workspace/serde/serde)\n   Compiling quote v1.0.40\n   Compiling syn v2.0.100\n   Compiling ntest_timeout v0.9.3\n   Compiling ntest_test_cases v0.9.3\n   Compiling ntest v0.9.3\nerror: unused import: `ntest::timeout`\n    --> serde/src/private/de.rs:2808:8\n     |\n2808 |    use ntest::timeout;\n     |        ^^^^^^^^^^^^^^\n     |\nnote: the lint level is defined here\n    --> serde/src/lib.rs:159:23\n     |\n159  | #![deny(missing_docs, unused_imports)]\n     |                       ^^^^^^^^^^^^^^\n\nerror[E0308]: mismatched types\n    --> serde/src/private/de.rs:2814:15\n     |\n2814 |         iter: vec![Some((Content::U8(100), content))].into_iter(),\n     |               ^^^^^^^^^^^^^^^^^^^^^^^^^^^^^^^^^^^^^^^^^^^^^^^^^^^ expected `Iter<'_, Option<(..., ...)>>`, found `IntoIter<Option<(..., ...)>>`\n     |\n     = note: expected struct `std::slice::Iter<'_, std::option::Option<(__private::de::content::Content<'_>, __private::de::content::Content<'_>)>>`\n                found struct `std::vec::IntoIter<std::option::Option<(__private::de::content::Content<'_>, __private::de::content::Content<'_>)>>`\n\nerror[E0308]: mismatched types\n    --> serde/src/private/de.rs:2822:11\n     |\n2822 |     iter: vec![Some((Content::U8(100), content))].into_iter(),\n     |           ^^^^^^^^^^^^^^^^^^^^^^^^^^^^^^^^^^^^^^^^^^^^^^^^^^^ expected `Iter<'_, Option<(..., ...)>>`, found `IntoIter<Option<(..., ...)>>`\n     |\n     = note: expected struct `std::slice::Iter<'_, std::option::Option<(__private::de::content::Content<'_>, __private::de::content::Content<'_>)>>`\n                found struct `std::vec::IntoIter<std::option::Option<(__private::de::content::Content<'_>, __private::de::content::Content<'_>)>>`\n\nerror[E0369]: binary operation `==` cannot be applied to type `std::option::Option<&__private::de::content::Content<'_>>`\n    --> serde/src/private/de.rs:2827:5\n     |\n2827 |     assert_eq!(map_access.pending_content, None);\n     |     ^^^^^^^^^^^^^^^^^^^^^^^^^^^^^^^^^^^^^^^^^^^^\n     |     |\n     |     std::option::Option<&__private::de::content::Content<'_>>\n     |     std::option::Option<&__private::de::content::Content<'_>>\n     |\nnote: an implementation of `PartialEq` might be missing for `__private::de::content::Content<'_>`\n    --> serde/src/private/de.rs:223:5\n     |\n223  |     pub enum Content<'de> {\n     |     ^^^^^^^^^^^^^^^^^^^^^ must implement `PartialEq`\n     = note: this error originates in the macro `assert_eq` (in Nightly builds, run with -Z macro-backtrace for more info)\nhelp: consider annotating `__private::de::content::Content<'_>` with `#[derive(PartialEq)]`\n     |\n223  +     #[derive(PartialEq)]\n224  |     pub enum Content<'de> {\n     |\n\nSome errors have detailed explanations: E0308, E0369.\nFor more information about an error, try `rustc --explain E0308`.\nerror: could not compile `serde` (lib test) due to 4 previous errors\n"
                }
              ],
              "repaired": [
                false,
                false
              ]
            },
            {
              "attrs": [],
              "prefix": [
                "{",
                "    let content = Content::U16(50);",
                "    let mut map_access = FlatMapAccess {",
                "        iter: vec![Some((Content::U16(50), content))].into_iter(),",
                "        pending_content: None,",
                "        _marker: PhantomData,",
                "    };",
                "    map_access.next_key_seed(PhantomData).unwrap();",
                "    let _ = map_access.next_value_seed(PhantomData);",
                "}"
              ],
              "oracles": [
                [
                  "    let content = Content::U16(50);",
                  "    let mut map_access = FlatMapAccess {",
                  "    iter: vec![Some((Content::U16(50), content))].into_iter(),",
                  "    pending_content: None,",
                  "    _marker: PhantomData,",
                  "    };",
                  "    map_access.next_key_seed(PhantomData).unwrap();",
                  "    map_access.pending_content = Some(&content);",
                  "    let result = map_access.next_value_seed(PhantomData);",
                  "    assert!(result.is_ok());"
                ],
                [
                  "    let content = Content::U16(50);",
                  "    let mut map_access = FlatMapAccess {",
                  "    iter: vec![Some((Content::U16(50), content))].into_iter(),",
                  "    pending_content: None,",
                  "    _marker: PhantomData,",
                  "    };",
                  "    map_access.next_key_seed(PhantomData).unwrap();",
                  "    map_access.pending_content = Some(&content);",
                  "    let result = map_access.next_value_seed(PhantomData);",
                  "    assert_eq!(result.unwrap(), content);"
                ]
              ],
              "codes": [
                [
                  "{",
                  "    let content = Content::U16(50);",
                  "    let mut map_access = FlatMapAccess {",
                  "        iter: vec![Some((Content::U16(50), content))].into_iter(),",
                  "        pending_content: None,",
                  "        _marker: PhantomData,",
                  "    };",
                  "    map_access.next_key_seed(PhantomData).unwrap();",
                  "    let _ = map_access.next_value_seed(PhantomData);",
                  "    let content = Content::U16(50);",
                  "    let mut map_access = FlatMapAccess {",
                  "    iter: vec![Some((Content::U16(50), content))].into_iter(),",
                  "    pending_content: None,",
                  "    _marker: PhantomData,",
                  "    };",
                  "    map_access.next_key_seed(PhantomData).unwrap();",
                  "    map_access.pending_content = Some(&content);",
                  "    let result = map_access.next_value_seed(PhantomData);",
                  "    assert!(result.is_ok());",
                  "}"
                ],
                [
                  "{",
                  "    let content = Content::U16(50);",
                  "    let mut map_access = FlatMapAccess {",
                  "        iter: vec![Some((Content::U16(50), content))].into_iter(),",
                  "        pending_content: None,",
                  "        _marker: PhantomData,",
                  "    };",
                  "    map_access.next_key_seed(PhantomData).unwrap();",
                  "    let _ = map_access.next_value_seed(PhantomData);",
                  "    let content = Content::U16(50);",
                  "    let mut map_access = FlatMapAccess {",
                  "    iter: vec![Some((Content::U16(50), content))].into_iter(),",
                  "    pending_content: None,",
                  "    _marker: PhantomData,",
                  "    };",
                  "    map_access.next_key_seed(PhantomData).unwrap();",
                  "    map_access.pending_content = Some(&content);",
                  "    let result = map_access.next_value_seed(PhantomData);",
                  "    assert_eq!(result.unwrap(), content);",
                  "}"
                ]
              ],
              "can_compile": [
                {
                  "Err": "   Compiling proc-macro2 v1.0.95\n   Compiling syn v1.0.109\n   Compiling serde_derive v1.0.219 (/home/utgen/workspace/serde/serde_derive)\n   Compiling serde v1.0.219 (/home/utgen/workspace/serde/serde)\n   Compiling quote v1.0.40\n   Compiling syn v2.0.100\n   Compiling ntest_test_cases v0.9.3\n   Compiling ntest_timeout v0.9.3\n   Compiling ntest v0.9.3\nerror: unused import: `ntest::timeout`\n    --> serde/src/private/de.rs:2808:8\n     |\n2808 |    use ntest::timeout;\n     |        ^^^^^^^^^^^^^^\n     |\nnote: the lint level is defined here\n    --> serde/src/lib.rs:159:23\n     |\n159  | #![deny(missing_docs, unused_imports)]\n     |                       ^^^^^^^^^^^^^^\n\nerror[E0308]: mismatched types\n    --> serde/src/private/de.rs:2814:15\n     |\n2814 |         iter: vec![Some((Content::U16(50), content))].into_iter(),\n     |               ^^^^^^^^^^^^^^^^^^^^^^^^^^^^^^^^^^^^^^^^^^^^^^^^^^^ expected `Iter<'_, Option<(..., ...)>>`, found `IntoIter<Option<(..., ...)>>`\n     |\n     = note: expected struct `std::slice::Iter<'_, std::option::Option<(__private::de::content::Content<'_>, __private::de::content::Content<'_>)>>`\n                found struct `std::vec::IntoIter<std::option::Option<(__private::de::content::Content<'_>, __private::de::content::Content<'_>)>>`\n\nerror[E0308]: mismatched types\n    --> serde/src/private/de.rs:2822:11\n     |\n2822 |     iter: vec![Some((Content::U16(50), content))].into_iter(),\n     |           ^^^^^^^^^^^^^^^^^^^^^^^^^^^^^^^^^^^^^^^^^^^^^^^^^^^ expected `Iter<'_, Option<(..., ...)>>`, found `IntoIter<Option<(..., ...)>>`\n     |\n     = note: expected struct `std::slice::Iter<'_, std::option::Option<(__private::de::content::Content<'_>, __private::de::content::Content<'_>)>>`\n                found struct `std::vec::IntoIter<std::option::Option<(__private::de::content::Content<'_>, __private::de::content::Content<'_>)>>`\n\nFor more information about this error, try `rustc --explain E0308`.\nerror: could not compile `serde` (lib test) due to 3 previous errors\n"
                },
                {
                  "Err": "   Compiling proc-macro2 v1.0.95\n   Compiling syn v1.0.109\n   Compiling serde_derive v1.0.219 (/home/utgen/workspace/serde/serde_derive)\n   Compiling serde v1.0.219 (/home/utgen/workspace/serde/serde)\n   Compiling quote v1.0.40\n   Compiling syn v2.0.100\n   Compiling ntest_test_cases v0.9.3\n   Compiling ntest_timeout v0.9.3\n   Compiling ntest v0.9.3\nerror: unused import: `ntest::timeout`\n    --> serde/src/private/de.rs:2808:8\n     |\n2808 |    use ntest::timeout;\n     |        ^^^^^^^^^^^^^^\n     |\nnote: the lint level is defined here\n    --> serde/src/lib.rs:159:23\n     |\n159  | #![deny(missing_docs, unused_imports)]\n     |                       ^^^^^^^^^^^^^^\n\nerror[E0308]: mismatched types\n    --> serde/src/private/de.rs:2814:15\n     |\n2814 |         iter: vec![Some((Content::U16(50), content))].into_iter(),\n     |               ^^^^^^^^^^^^^^^^^^^^^^^^^^^^^^^^^^^^^^^^^^^^^^^^^^^ expected `Iter<'_, Option<(..., ...)>>`, found `IntoIter<Option<(..., ...)>>`\n     |\n     = note: expected struct `std::slice::Iter<'_, std::option::Option<(__private::de::content::Content<'_>, __private::de::content::Content<'_>)>>`\n                found struct `std::vec::IntoIter<std::option::Option<(__private::de::content::Content<'_>, __private::de::content::Content<'_>)>>`\n\nerror[E0308]: mismatched types\n    --> serde/src/private/de.rs:2822:11\n     |\n2822 |     iter: vec![Some((Content::U16(50), content))].into_iter(),\n     |           ^^^^^^^^^^^^^^^^^^^^^^^^^^^^^^^^^^^^^^^^^^^^^^^^^^^ expected `Iter<'_, Option<(..., ...)>>`, found `IntoIter<Option<(..., ...)>>`\n     |\n     = note: expected struct `std::slice::Iter<'_, std::option::Option<(__private::de::content::Content<'_>, __private::de::content::Content<'_>)>>`\n                found struct `std::vec::IntoIter<std::option::Option<(__private::de::content::Content<'_>, __private::de::content::Content<'_>)>>`\n\nFor more information about this error, try `rustc --explain E0308`.\nerror: could not compile `serde` (lib test) due to 3 previous errors\n"
                }
              ],
              "repaired": [
                false,
                false
              ]
            },
            {
              "attrs": [],
              "prefix": [
                "{",
                "    let content = Content::String(\"Test\".to_string());",
                "    let mut map_access = FlatMapAccess {",
                "        iter: vec![Some((Content::String(\"Test\".to_string()), content))].into_iter(),",
                "        pending_content: None,",
                "        _marker: PhantomData,",
                "    };",
                "    map_access.next_key_seed(PhantomData).unwrap();",
                "    let _ = map_access.next_value_seed(PhantomData);",
                "}"
              ],
              "oracles": [
                [
                  "    let content = Content::String(\"Test\".to_string());",
                  "    let mut map_access = FlatMapAccess {",
                  "    iter: vec![Some((Content::String(\"Test\".to_string()), content))].into_iter(),",
                  "    pending_content: Some(&content),",
                  "    _marker: PhantomData,",
                  "    };",
                  "    let result = map_access.next_value_seed(PhantomData);",
                  "    assert!(result.is_ok());"
                ],
                [
                  "    let content = Content::String(\"Test\".to_string());",
                  "    let mut map_access = FlatMapAccess {",
                  "    iter: vec![Some((Content::String(\"Test\".to_string()), content))].into_iter(),",
                  "    pending_content: Some(&content),",
                  "    _marker: PhantomData,",
                  "    };",
                  "    let result = map_access.next_value_seed(PhantomData);",
                  "    assert_eq!(result.unwrap(), content);"
                ]
              ],
              "codes": [
                [
                  "{",
                  "    let content = Content::String(\"Test\".to_string());",
                  "    let mut map_access = FlatMapAccess {",
                  "        iter: vec![Some((Content::String(\"Test\".to_string()), content))].into_iter(),",
                  "        pending_content: None,",
                  "        _marker: PhantomData,",
                  "    };",
                  "    map_access.next_key_seed(PhantomData).unwrap();",
                  "    let _ = map_access.next_value_seed(PhantomData);",
                  "    let content = Content::String(\"Test\".to_string());",
                  "    let mut map_access = FlatMapAccess {",
                  "    iter: vec![Some((Content::String(\"Test\".to_string()), content))].into_iter(),",
                  "    pending_content: Some(&content),",
                  "    _marker: PhantomData,",
                  "    };",
                  "    let result = map_access.next_value_seed(PhantomData);",
                  "    assert!(result.is_ok());",
                  "}"
                ],
                [
                  "{",
                  "    let content = Content::String(\"Test\".to_string());",
                  "    let mut map_access = FlatMapAccess {",
                  "        iter: vec![Some((Content::String(\"Test\".to_string()), content))].into_iter(),",
                  "        pending_content: None,",
                  "        _marker: PhantomData,",
                  "    };",
                  "    map_access.next_key_seed(PhantomData).unwrap();",
                  "    let _ = map_access.next_value_seed(PhantomData);",
                  "    let content = Content::String(\"Test\".to_string());",
                  "    let mut map_access = FlatMapAccess {",
                  "    iter: vec![Some((Content::String(\"Test\".to_string()), content))].into_iter(),",
                  "    pending_content: Some(&content),",
                  "    _marker: PhantomData,",
                  "    };",
                  "    let result = map_access.next_value_seed(PhantomData);",
                  "    assert_eq!(result.unwrap(), content);",
                  "}"
                ]
              ],
              "can_compile": [
                {
                  "Err": "   Compiling proc-macro2 v1.0.95\n   Compiling syn v1.0.109\n   Compiling serde_derive v1.0.219 (/home/utgen/workspace/serde/serde_derive)\n   Compiling serde v1.0.219 (/home/utgen/workspace/serde/serde)\n   Compiling quote v1.0.40\n   Compiling syn v2.0.100\n   Compiling ntest_timeout v0.9.3\n   Compiling ntest_test_cases v0.9.3\n   Compiling ntest v0.9.3\nerror: unused import: `ntest::timeout`\n    --> serde/src/private/de.rs:2808:8\n     |\n2808 |    use ntest::timeout;\n     |        ^^^^^^^^^^^^^^\n     |\nnote: the lint level is defined here\n    --> serde/src/lib.rs:159:23\n     |\n159  | #![deny(missing_docs, unused_imports)]\n     |                       ^^^^^^^^^^^^^^\n\nerror[E0308]: mismatched types\n    --> serde/src/private/de.rs:2814:15\n     |\n2814 |         iter: vec![Some((Content::String(\"Test\".to_string()), content))].into_iter(),\n     |               ^^^^^^^^^^^^^^^^^^^^^^^^^^^^^^^^^^^^^^^^^^^^^^^^^^^^^^^^^^^^^^^^^^^^^^ expected `Iter<'_, Option<(..., ...)>>`, found `IntoIter<Option<(..., ...)>>`\n     |\n     = note: expected struct `std::slice::Iter<'_, std::option::Option<(__private::de::content::Content<'_>, __private::de::content::Content<'_>)>>`\n                found struct `std::vec::IntoIter<std::option::Option<(__private::de::content::Content<'_>, __private::de::content::Content<'_>)>>`\n\nerror[E0308]: mismatched types\n    --> serde/src/private/de.rs:2822:11\n     |\n2822 |     iter: vec![Some((Content::String(\"Test\".to_string()), content))].into_iter(),\n     |           ^^^^^^^^^^^^^^^^^^^^^^^^^^^^^^^^^^^^^^^^^^^^^^^^^^^^^^^^^^^^^^^^^^^^^^ expected `Iter<'_, Option<(..., ...)>>`, found `IntoIter<Option<(..., ...)>>`\n     |\n     = note: expected struct `std::slice::Iter<'_, std::option::Option<(__private::de::content::Content<'_>, __private::de::content::Content<'_>)>>`\n                found struct `std::vec::IntoIter<std::option::Option<(__private::de::content::Content<'_>, __private::de::content::Content<'_>)>>`\n\nFor more information about this error, try `rustc --explain E0308`.\nerror: could not compile `serde` (lib test) due to 3 previous errors\n"
                },
                {
                  "Err": "   Compiling proc-macro2 v1.0.95\n   Compiling syn v1.0.109\n   Compiling serde_derive v1.0.219 (/home/utgen/workspace/serde/serde_derive)\n   Compiling serde v1.0.219 (/home/utgen/workspace/serde/serde)\n   Compiling quote v1.0.40\n   Compiling syn v2.0.100\n   Compiling ntest_timeout v0.9.3\n   Compiling ntest_test_cases v0.9.3\n   Compiling ntest v0.9.3\nerror: unused import: `ntest::timeout`\n    --> serde/src/private/de.rs:2808:8\n     |\n2808 |    use ntest::timeout;\n     |        ^^^^^^^^^^^^^^\n     |\nnote: the lint level is defined here\n    --> serde/src/lib.rs:159:23\n     |\n159  | #![deny(missing_docs, unused_imports)]\n     |                       ^^^^^^^^^^^^^^\n\nerror[E0308]: mismatched types\n    --> serde/src/private/de.rs:2814:15\n     |\n2814 |         iter: vec![Some((Content::String(\"Test\".to_string()), content))].into_iter(),\n     |               ^^^^^^^^^^^^^^^^^^^^^^^^^^^^^^^^^^^^^^^^^^^^^^^^^^^^^^^^^^^^^^^^^^^^^^ expected `Iter<'_, Option<(..., ...)>>`, found `IntoIter<Option<(..., ...)>>`\n     |\n     = note: expected struct `std::slice::Iter<'_, std::option::Option<(__private::de::content::Content<'_>, __private::de::content::Content<'_>)>>`\n                found struct `std::vec::IntoIter<std::option::Option<(__private::de::content::Content<'_>, __private::de::content::Content<'_>)>>`\n\nerror[E0308]: mismatched types\n    --> serde/src/private/de.rs:2822:11\n     |\n2822 |     iter: vec![Some((Content::String(\"Test\".to_string()), content))].into_iter(),\n     |           ^^^^^^^^^^^^^^^^^^^^^^^^^^^^^^^^^^^^^^^^^^^^^^^^^^^^^^^^^^^^^^^^^^^^^^ expected `Iter<'_, Option<(..., ...)>>`, found `IntoIter<Option<(..., ...)>>`\n     |\n     = note: expected struct `std::slice::Iter<'_, std::option::Option<(__private::de::content::Content<'_>, __private::de::content::Content<'_>)>>`\n                found struct `std::vec::IntoIter<std::option::Option<(__private::de::content::Content<'_>, __private::de::content::Content<'_>)>>`\n\nFor more information about this error, try `rustc --explain E0308`.\nerror: could not compile `serde` (lib test) due to 3 previous errors\n"
                }
              ],
              "repaired": [
                false,
                false
              ]
            },
            {
              "attrs": [],
              "prefix": [
                "{",
                "    let mut map_access = FlatMapAccess {",
                "        iter: vec![Some((Content::None, Content::None))].into_iter(),",
                "        pending_content: None,",
                "        _marker: PhantomData,",
                "    };",
                "    map_access.next_key_seed(PhantomData).unwrap();",
                "    let result = map_access.next_value_seed(PhantomData);",
                "    // we expect an error here",
                "    assert!(result.is_err());",
                "}"
              ],
              "oracles": [
                [
                  "    let mut map_access = FlatMapAccess { iter: vec![Some((Content::None, Content::None))].into_iter(), pending_content: None, _marker: PhantomData };",
                  "    map_access.next_key_seed(PhantomData).unwrap();",
                  "    let result = map_access.next_value_seed(PhantomData);",
                  "    assert!(result.is_err());"
                ]
              ],
              "codes": [
                [
                  "{",
                  "    let mut map_access = FlatMapAccess {",
                  "        iter: vec![Some((Content::None, Content::None))].into_iter(),",
                  "        pending_content: None,",
                  "        _marker: PhantomData,",
                  "    };",
                  "    map_access.next_key_seed(PhantomData).unwrap();",
                  "    let result = map_access.next_value_seed(PhantomData);",
                  "    // we expect an error here",
                  "    assert!(result.is_err());",
                  "    let mut map_access = FlatMapAccess { iter: vec![Some((Content::None, Content::None))].into_iter(), pending_content: None, _marker: PhantomData };",
                  "    map_access.next_key_seed(PhantomData).unwrap();",
                  "    let result = map_access.next_value_seed(PhantomData);",
                  "    assert!(result.is_err());",
                  "}"
                ]
              ],
              "can_compile": [
                {
                  "Err": "   Compiling proc-macro2 v1.0.95\n   Compiling syn v1.0.109\n   Compiling serde_derive v1.0.219 (/home/utgen/workspace/serde/serde_derive)\n   Compiling serde v1.0.219 (/home/utgen/workspace/serde/serde)\n   Compiling quote v1.0.40\n   Compiling syn v2.0.100\n   Compiling ntest_timeout v0.9.3\n   Compiling ntest_test_cases v0.9.3\n   Compiling ntest v0.9.3\nerror: unused import: `ntest::timeout`\n    --> serde/src/private/de.rs:2808:8\n     |\n2808 |    use ntest::timeout;\n     |        ^^^^^^^^^^^^^^\n     |\nnote: the lint level is defined here\n    --> serde/src/lib.rs:159:23\n     |\n159  | #![deny(missing_docs, unused_imports)]\n     |                       ^^^^^^^^^^^^^^\n\nerror[E0308]: mismatched types\n    --> serde/src/private/de.rs:2813:15\n     |\n2813 |         iter: vec![Some((Content::None, Content::None))].into_iter(),\n     |               ^^^^^^^^^^^^^^^^^^^^^^^^^^^^^^^^^^^^^^^^^^^^^^^^^^^^^^ expected `Iter<'_, Option<(..., ...)>>`, found `IntoIter<Option<(..., ...)>>`\n     |\n     = note: expected struct `std::slice::Iter<'_, std::option::Option<(__private::de::content::Content<'_>, __private::de::content::Content<'_>)>>`\n                found struct `std::vec::IntoIter<std::option::Option<(__private::de::content::Content<'_>, __private::de::content::Content<'_>)>>`\n\nerror[E0308]: mismatched types\n    --> serde/src/private/de.rs:2821:48\n     |\n2821 | ...access = FlatMapAccess { iter: vec![Some((Content::None, Content::None))].into_iter(), pending_content: None, _marker: PhantomData };\n     |                                   ^^^^^^^^^^^^^^^^^^^^^^^^^^^^^^^^^^^^^^^^^^^^^^^^^^^^^^ expected `Iter<'_, Option<(..., ...)>>`, found `IntoIter<Option<(..., ...)>>`\n     |\n     = note: expected struct `std::slice::Iter<'_, std::option::Option<(__private::de::content::Content<'_>, __private::de::content::Content<'_>)>>`\n                found struct `std::vec::IntoIter<std::option::Option<(__private::de::content::Content<'_>, __private::de::content::Content<'_>)>>`\n\nFor more information about this error, try `rustc --explain E0308`.\nerror: could not compile `serde` (lib test) due to 3 previous errors\n"
                }
              ],
              "repaired": [
                false
              ]
            }
          ]
        }
      ]
    },
    {
      "chain_id": 2,
      "prompt_conds": [
        "// constraint: self.pending_content.take() matches None is true\n",
        "// expected return value/type: Err(Error::custom(\"value is missing\"))\n"
      ],
      "input_infer": "self.pending_content = None\n",
      "answers": [
        {
          "uses": [
            "use serde::DeserializeSeed;",
            "use std::marker::PhantomData;"
          ],
          "has_test_mod": false,
          "common": [],
          "chain_tests": [
            {
              "attrs": [
                "#[should_panic]"
              ],
              "prefix": [
                "{",
                "    use serde::DeserializeSeed;",
                "    use std::marker::PhantomData;",
                "",
                "    struct TestError;",
                "",
                "    impl serde::de::Error for TestError {",
                "        fn custom<T>(_msg: T) -> Self {",
                "            TestError",
                "        }",
                "    }",
                "",
                "    struct TestDeserializer;",
                "",
                "    impl<'de> DeserializeSeed<'de> for TestDeserializer {",
                "        type Value = ();",
                "",
                "        fn deserialize<Deserializer>(self, _deserializer: Deserializer) -> Result<Self::Value, TestError>",
                "        where",
                "            Deserializer: serde::de::Deserializer<'de>,",
                "        {",
                "            Ok(())",
                "        }",
                "    }",
                "",
                "    let mut flat_map_access: FlatMapAccess<_, _, TestError> = FlatMapAccess {",
                "        iter: &[],",
                "        pending_content: None,",
                "        _marker: PhantomData,",
                "    };",
                "    ",
                "    let seed = TestDeserializer;",
                "    let _ = flat_map_access.next_value_seed(seed);",
                "}"
              ],
              "oracles": [
                [
                  "    let mut flat_map_access: FlatMapAccess<_, _, TestError> = FlatMapAccess {",
                  "    iter: &[],",
                  "    pending_content: None,",
                  "    _marker: PhantomData,",
                  "    };",
                  "    let seed = TestDeserializer;",
                  "    let result = flat_map_access.next_value_seed(seed);",
                  "    assert!(result.is_err());"
                ],
                [
                  "    let mut flat_map_access: FlatMapAccess<_, _, TestError> = FlatMapAccess {",
                  "    iter: &[],",
                  "    pending_content: None,",
                  "    _marker: PhantomData,",
                  "    };",
                  "    let seed = TestDeserializer;",
                  "    let result = flat_map_access.next_value_seed(seed);",
                  "    assert_eq!(result.unwrap_err(), TestError);"
                ]
              ],
              "codes": [
                [
                  "{",
                  "    use serde::DeserializeSeed;",
                  "    use std::marker::PhantomData;",
                  "",
                  "    struct TestError;",
                  "",
                  "    impl serde::de::Error for TestError {",
                  "        fn custom<T>(_msg: T) -> Self {",
                  "            TestError",
                  "        }",
                  "    }",
                  "",
                  "    struct TestDeserializer;",
                  "",
                  "    impl<'de> DeserializeSeed<'de> for TestDeserializer {",
                  "        type Value = ();",
                  "",
                  "        fn deserialize<Deserializer>(self, _deserializer: Deserializer) -> Result<Self::Value, TestError>",
                  "        where",
                  "            Deserializer: serde::de::Deserializer<'de>,",
                  "        {",
                  "            Ok(())",
                  "        }",
                  "    }",
                  "",
                  "    let mut flat_map_access: FlatMapAccess<_, _, TestError> = FlatMapAccess {",
                  "        iter: &[],",
                  "        pending_content: None,",
                  "        _marker: PhantomData,",
                  "    };",
                  "    ",
                  "    let seed = TestDeserializer;",
                  "    let _ = flat_map_access.next_value_seed(seed);",
                  "    let mut flat_map_access: FlatMapAccess<_, _, TestError> = FlatMapAccess {",
                  "    iter: &[],",
                  "    pending_content: None,",
                  "    _marker: PhantomData,",
                  "    };",
                  "    let seed = TestDeserializer;",
                  "    let result = flat_map_access.next_value_seed(seed);",
                  "    assert!(result.is_err());",
                  "}"
                ],
                [
                  "{",
                  "    use serde::DeserializeSeed;",
                  "    use std::marker::PhantomData;",
                  "",
                  "    struct TestError;",
                  "",
                  "    impl serde::de::Error for TestError {",
                  "        fn custom<T>(_msg: T) -> Self {",
                  "            TestError",
                  "        }",
                  "    }",
                  "",
                  "    struct TestDeserializer;",
                  "",
                  "    impl<'de> DeserializeSeed<'de> for TestDeserializer {",
                  "        type Value = ();",
                  "",
                  "        fn deserialize<Deserializer>(self, _deserializer: Deserializer) -> Result<Self::Value, TestError>",
                  "        where",
                  "            Deserializer: serde::de::Deserializer<'de>,",
                  "        {",
                  "            Ok(())",
                  "        }",
                  "    }",
                  "",
                  "    let mut flat_map_access: FlatMapAccess<_, _, TestError> = FlatMapAccess {",
                  "        iter: &[],",
                  "        pending_content: None,",
                  "        _marker: PhantomData,",
                  "    };",
                  "    ",
                  "    let seed = TestDeserializer;",
                  "    let _ = flat_map_access.next_value_seed(seed);",
                  "    let mut flat_map_access: FlatMapAccess<_, _, TestError> = FlatMapAccess {",
                  "    iter: &[],",
                  "    pending_content: None,",
                  "    _marker: PhantomData,",
                  "    };",
                  "    let seed = TestDeserializer;",
                  "    let result = flat_map_access.next_value_seed(seed);",
                  "    assert_eq!(result.unwrap_err(), TestError);",
                  "}"
                ]
              ],
              "can_compile": [
                {
                  "Err": "   Compiling proc-macro2 v1.0.95\n   Compiling syn v1.0.109\n   Compiling serde_derive v1.0.219 (/home/utgen/workspace/serde/serde_derive)\n   Compiling serde v1.0.219 (/home/utgen/workspace/serde/serde)\n   Compiling quote v1.0.40\n   Compiling syn v2.0.100\n   Compiling ntest_test_cases v0.9.3\n   Compiling ntest_timeout v0.9.3\n   Compiling ntest v0.9.3\nerror[E0432]: unresolved import `serde`\n    --> serde/src/private/de.rs:2813:9\n     |\n2813 |     use serde::DeserializeSeed;\n     |         ^^^^^ use of undeclared crate or module `serde`\n\nerror[E0433]: failed to resolve: use of undeclared crate or module `serde`\n    --> serde/src/private/de.rs:2818:10\n     |\n2818 |     impl serde::de::Error for TestError {\n     |          ^^^^^ use of undeclared crate or module `serde`\n     |\nhelp: consider importing one of these modules\n     |\n2807 +    use crate::__private::de;\n     |\n2807 +    use crate::de;\n     |\nhelp: if you import `de`, refer to it directly\n     |\n2818 -     impl serde::de::Error for TestError {\n2818 +     impl de::Error for TestError {\n     |\n\nerror[E0433]: failed to resolve: use of undeclared crate or module `serde`\n    --> serde/src/private/de.rs:2831:27\n     |\n2831 |             Deserializer: serde::de::Deserializer<'de>,\n     |                           ^^^^^ use of undeclared crate or module `serde`\n     |\nhelp: consider importing one of these modules\n     |\n2807 +    use crate::__private::de;\n     |\n2807 +    use crate::de;\n     |\nhelp: if you import `de`, refer to it directly\n     |\n2831 -             Deserializer: serde::de::Deserializer<'de>,\n2831 +             Deserializer: de::Deserializer<'de>,\n     |\n\nerror: unused import: `ntest::timeout`\n    --> serde/src/private/de.rs:2808:8\n     |\n2808 |    use ntest::timeout;\n     |        ^^^^^^^^^^^^^^\n     |\nnote: the lint level is defined here\n    --> serde/src/lib.rs:159:23\n     |\n159  | #![deny(missing_docs, unused_imports)]\n     |                       ^^^^^^^^^^^^^^\n\nerror[E0223]: ambiguous associated type\n    --> serde/src/private/de.rs:2829:83\n     |\n2829 |         fn deserialize<Deserializer>(self, _deserializer: Deserializer) -> Result<Self::Value, TestError>\n     |                                                                                   ^^^^^^^^^^^\n     |\nhelp: if there were a trait named `Example` with associated type `Value` implemented for `TestDeserializer`, you could use the fully-qualified path\n     |\n2829 |         fn deserialize<Deserializer>(self, _deserializer: Deserializer) -> Result<<TestDeserializer as Example>::Value, TestError>\n     |                                                                                   ~~~~~~~~~~~~~~~~~~~~~~~~~~~~~~~~~~~~\n\nSome errors have detailed explanations: E0223, E0432, E0433.\nFor more information about an error, try `rustc --explain E0223`.\nerror: could not compile `serde` (lib test) due to 5 previous errors\n"
                },
                {
                  "Err": "   Compiling proc-macro2 v1.0.95\n   Compiling syn v1.0.109\n   Compiling serde_derive v1.0.219 (/home/utgen/workspace/serde/serde_derive)\n   Compiling serde v1.0.219 (/home/utgen/workspace/serde/serde)\n   Compiling quote v1.0.40\n   Compiling syn v2.0.100\n   Compiling ntest_test_cases v0.9.3\n   Compiling ntest_timeout v0.9.3\n   Compiling ntest v0.9.3\nerror[E0432]: unresolved import `serde`\n    --> serde/src/private/de.rs:2813:9\n     |\n2813 |     use serde::DeserializeSeed;\n     |         ^^^^^ use of undeclared crate or module `serde`\n\nerror[E0433]: failed to resolve: use of undeclared crate or module `serde`\n    --> serde/src/private/de.rs:2818:10\n     |\n2818 |     impl serde::de::Error for TestError {\n     |          ^^^^^ use of undeclared crate or module `serde`\n     |\nhelp: consider importing one of these modules\n     |\n2807 +    use crate::__private::de;\n     |\n2807 +    use crate::de;\n     |\nhelp: if you import `de`, refer to it directly\n     |\n2818 -     impl serde::de::Error for TestError {\n2818 +     impl de::Error for TestError {\n     |\n\nerror[E0433]: failed to resolve: use of undeclared crate or module `serde`\n    --> serde/src/private/de.rs:2831:27\n     |\n2831 |             Deserializer: serde::de::Deserializer<'de>,\n     |                           ^^^^^ use of undeclared crate or module `serde`\n     |\nhelp: consider importing one of these modules\n     |\n2807 +    use crate::__private::de;\n     |\n2807 +    use crate::de;\n     |\nhelp: if you import `de`, refer to it directly\n     |\n2831 -             Deserializer: serde::de::Deserializer<'de>,\n2831 +             Deserializer: de::Deserializer<'de>,\n     |\n\nerror: unused import: `ntest::timeout`\n    --> serde/src/private/de.rs:2808:8\n     |\n2808 |    use ntest::timeout;\n     |        ^^^^^^^^^^^^^^\n     |\nnote: the lint level is defined here\n    --> serde/src/lib.rs:159:23\n     |\n159  | #![deny(missing_docs, unused_imports)]\n     |                       ^^^^^^^^^^^^^^\n\nerror[E0223]: ambiguous associated type\n    --> serde/src/private/de.rs:2829:83\n     |\n2829 |         fn deserialize<Deserializer>(self, _deserializer: Deserializer) -> Result<Self::Value, TestError>\n     |                                                                                   ^^^^^^^^^^^\n     |\nhelp: if there were a trait named `Example` with associated type `Value` implemented for `TestDeserializer`, you could use the fully-qualified path\n     |\n2829 |         fn deserialize<Deserializer>(self, _deserializer: Deserializer) -> Result<<TestDeserializer as Example>::Value, TestError>\n     |                                                                                   ~~~~~~~~~~~~~~~~~~~~~~~~~~~~~~~~~~~~\n\nSome errors have detailed explanations: E0223, E0432, E0433.\nFor more information about an error, try `rustc --explain E0223`.\nerror: could not compile `serde` (lib test) due to 5 previous errors\n"
                }
              ],
              "repaired": [
                false,
                false
              ]
            }
          ]
        }
      ]
    }
  ]
}