{
  "name": "serde::__private::de::content::<__private::de::content::VariantRefDeserializer<'a, 'de, E> as de::VariantAccess<'de>>::tuple_variant",
  "name_with_impl": "serde::__private::de::content::{impl#27}::tuple_variant",
  "mod_info": {
    "name": "__private::de::content",
    "loc": "serde/src/private/de.rs:198:1:2358:2"
  },
  "visible": true,
  "loc": "serde/src/private/de.rs:2197:9:2218:10",
  "fn_tests": [
    {
      "chain_id": 1,
      "prompt_conds": [
        "// constraint: self.value matches Some(other) or Some(Content::Seq(v)) is true\n",
        "// constraint: self.value matches None is false\n",
        "// constraint: self.value matches Some(other) is false\n",
        "// constraint: self.value matches Some(Content::Seq(v)) is false\n",
        "// constraint: self.value matches Some(other) is true\n",
        "// expected return value/type: Err(de::Error::invalid_type(\n                    other.unexpected(),\n                    &\"tuple variant\",\n                ))\n"
      ],
      "input_infer": "self.value = Some(Content::Bool(true)), self.value = Some(Content::F32(3.14)), self.value = Some(Content::Char('a')), self.value = Some(Content::U8(255)), self.value = Some(Content::I32(-42)), self.value = Some(Content::String(\"test\".to_string()))\n",
      "answers": [
        {
          "uses": [],
          "has_test_mod": false,
          "common": [],
          "chain_tests": [
            {
              "attrs": [],
              "prefix": [
                "{",
                "    let deserializer = VariantRefDeserializer {",
                "        value: Some(&Content::Bool(true)),",
                "        err: PhantomData,",
                "    };",
                "    deserializer.tuple_variant(0, DummyVisitor);",
                "}"
              ],
              "oracles": [
                [
                  "    let deserializer = VariantRefDeserializer { value: Some(&Content::Bool(true)), err: PhantomData };",
                  "    let result = deserializer.tuple_variant(0, DummyVisitor);",
                  "    assert!(result.is_err());"
                ],
                [
                  "    let deserializer = VariantRefDeserializer { value: Some(&Content::Bool(true)), err: PhantomData };",
                  "    let result = deserializer.tuple_variant(0, DummyVisitor);",
                  "    assert_eq!(result.err().unwrap().unexpected(), Unexpected::Bool(true));"
                ],
                [
                  "    let deserializer = VariantRefDeserializer { value: Some(&Content::Bool(true)), err: PhantomData };",
                  "    let result = deserializer.tuple_variant(0, DummyVisitor);",
                  "    assert_eq!(result.err().unwrap().expected, \"tuple variant\");"
                ]
              ],
              "codes": [
                [
                  "{",
                  "    let deserializer = VariantRefDeserializer {",
                  "        value: Some(&Content::Bool(true)),",
                  "        err: PhantomData,",
                  "    };",
                  "    deserializer.tuple_variant(0, DummyVisitor);",
                  "    let deserializer = VariantRefDeserializer { value: Some(&Content::Bool(true)), err: PhantomData };",
                  "    let result = deserializer.tuple_variant(0, DummyVisitor);",
                  "    assert!(result.is_err());",
                  "}"
                ],
                [
                  "{",
                  "    let deserializer = VariantRefDeserializer {",
                  "        value: Some(&Content::Bool(true)),",
                  "        err: PhantomData,",
                  "    };",
                  "    deserializer.tuple_variant(0, DummyVisitor);",
                  "    let deserializer = VariantRefDeserializer { value: Some(&Content::Bool(true)), err: PhantomData };",
                  "    let result = deserializer.tuple_variant(0, DummyVisitor);",
                  "    assert_eq!(result.err().unwrap().unexpected(), Unexpected::Bool(true));",
                  "}"
                ],
                [
                  "{",
                  "    let deserializer = VariantRefDeserializer {",
                  "        value: Some(&Content::Bool(true)),",
                  "        err: PhantomData,",
                  "    };",
                  "    deserializer.tuple_variant(0, DummyVisitor);",
                  "    let deserializer = VariantRefDeserializer { value: Some(&Content::Bool(true)), err: PhantomData };",
                  "    let result = deserializer.tuple_variant(0, DummyVisitor);",
                  "    assert_eq!(result.err().unwrap().expected, \"tuple variant\");",
                  "}"
                ]
              ],
              "can_compile": [
                {
                  "Err": "   Compiling proc-macro2 v1.0.95\n   Compiling syn v1.0.109\n   Compiling serde_derive v1.0.219 (/home/utgen/workspace/serde/serde_derive)\n   Compiling serde v1.0.219 (/home/utgen/workspace/serde/serde)\n   Compiling quote v1.0.40\n   Compiling syn v2.0.100\n   Compiling ntest_timeout v0.9.3\n   Compiling ntest_test_cases v0.9.3\n   Compiling ntest v0.9.3\nerror[E0425]: cannot find value `DummyVisitor` in this scope\n    --> serde/src/private/de.rs:2370:35\n     |\n2370 |     deserializer.tuple_variant(0, DummyVisitor);\n     |                                   ^^^^^^^^^^^^ not found in this scope\n\nerror[E0425]: cannot find value `DummyVisitor` in this scope\n    --> serde/src/private/de.rs:2372:48\n     |\n2372 |     let result = deserializer.tuple_variant(0, DummyVisitor);\n     |                                                ^^^^^^^^^^^^ not found in this scope\n\nerror: unused import: `ntest::timeout`\n    --> serde/src/private/de.rs:2362:8\n     |\n2362 |    use ntest::timeout;\n     |        ^^^^^^^^^^^^^^\n     |\nnote: the lint level is defined here\n    --> serde/src/lib.rs:159:23\n     |\n159  | #![deny(missing_docs, unused_imports)]\n     |                       ^^^^^^^^^^^^^^\n\nerror[E0599]: no method named `tuple_variant` found for struct `__private::de::content::VariantRefDeserializer` in the current scope\n    --> serde/src/private/de.rs:2370:18\n     |\n2154 |     struct VariantRefDeserializer<'a, 'de: 'a, E>\n     |     --------------------------------------------- method `tuple_variant` not found for this struct\n...\n2370 |     deserializer.tuple_variant(0, DummyVisitor);\n     |                  ^^^^^^^^^^^^^\n     |\n    ::: serde/src/de/mod.rs:2169:8\n     |\n2169 |     fn tuple_variant<V>(self, len: usize, visitor: V) -> Result<V::Value, Self::Error>\n     |        ------------- the method is available for `__private::de::content::VariantRefDeserializer<'_, '_, _>` here\n     |\n     = help: items from traits can only be used if the trait is in scope\nhelp: there is a method `unit_variant` with a similar name, but with different arguments\n    --> serde/src/de/mod.rs:2071:5\n     |\n2071 |     fn unit_variant(self) -> Result<(), Self::Error>;\n     |     ^^^^^^^^^^^^^^^^^^^^^^^^^^^^^^^^^^^^^^^^^^^^^^^^^\nhelp: trait `VariantAccess` which provides `tuple_variant` is implemented but not in scope; perhaps you want to import it\n     |\n2361 +    use crate::de::VariantAccess;\n     |\n\nerror[E0599]: no method named `tuple_variant` found for struct `__private::de::content::VariantRefDeserializer` in the current scope\n    --> serde/src/private/de.rs:2372:31\n     |\n2154 |     struct VariantRefDeserializer<'a, 'de: 'a, E>\n     |     --------------------------------------------- method `tuple_variant` not found for this struct\n...\n2372 |     let result = deserializer.tuple_variant(0, DummyVisitor);\n     |                               ^^^^^^^^^^^^^\n     |\n    ::: serde/src/de/mod.rs:2169:8\n     |\n2169 |     fn tuple_variant<V>(self, len: usize, visitor: V) -> Result<V::Value, Self::Error>\n     |        ------------- the method is available for `__private::de::content::VariantRefDeserializer<'_, '_, _>` here\n     |\n     = help: items from traits can only be used if the trait is in scope\nhelp: there is a method `unit_variant` with a similar name, but with different arguments\n    --> serde/src/de/mod.rs:2071:5\n     |\n2071 |     fn unit_variant(self) -> Result<(), Self::Error>;\n     |     ^^^^^^^^^^^^^^^^^^^^^^^^^^^^^^^^^^^^^^^^^^^^^^^^^\nhelp: trait `VariantAccess` which provides `tuple_variant` is implemented but not in scope; perhaps you want to import it\n     |\n2361 +    use crate::de::VariantAccess;\n     |\n\nSome errors have detailed explanations: E0425, E0599.\nFor more information about an error, try `rustc --explain E0425`.\nerror: could not compile `serde` (lib test) due to 5 previous errors\n"
                },
                {
                  "Err": "   Compiling proc-macro2 v1.0.95\n   Compiling syn v1.0.109\n   Compiling serde_derive v1.0.219 (/home/utgen/workspace/serde/serde_derive)\n   Compiling serde v1.0.219 (/home/utgen/workspace/serde/serde)\n   Compiling quote v1.0.40\n   Compiling syn v2.0.100\n   Compiling ntest_test_cases v0.9.3\n   Compiling ntest_timeout v0.9.3\n   Compiling ntest v0.9.3\nerror[E0425]: cannot find value `DummyVisitor` in this scope\n    --> serde/src/private/de.rs:2370:35\n     |\n2370 |     deserializer.tuple_variant(0, DummyVisitor);\n     |                                   ^^^^^^^^^^^^ not found in this scope\n\nerror[E0425]: cannot find value `DummyVisitor` in this scope\n    --> serde/src/private/de.rs:2372:48\n     |\n2372 |     let result = deserializer.tuple_variant(0, DummyVisitor);\n     |                                                ^^^^^^^^^^^^ not found in this scope\n\nerror: unused import: `ntest::timeout`\n    --> serde/src/private/de.rs:2362:8\n     |\n2362 |    use ntest::timeout;\n     |        ^^^^^^^^^^^^^^\n     |\nnote: the lint level is defined here\n    --> serde/src/lib.rs:159:23\n     |\n159  | #![deny(missing_docs, unused_imports)]\n     |                       ^^^^^^^^^^^^^^\n\nerror[E0599]: no method named `tuple_variant` found for struct `__private::de::content::VariantRefDeserializer` in the current scope\n    --> serde/src/private/de.rs:2370:18\n     |\n2154 |     struct VariantRefDeserializer<'a, 'de: 'a, E>\n     |     --------------------------------------------- method `tuple_variant` not found for this struct\n...\n2370 |     deserializer.tuple_variant(0, DummyVisitor);\n     |                  ^^^^^^^^^^^^^\n     |\n    ::: serde/src/de/mod.rs:2169:8\n     |\n2169 |     fn tuple_variant<V>(self, len: usize, visitor: V) -> Result<V::Value, Self::Error>\n     |        ------------- the method is available for `__private::de::content::VariantRefDeserializer<'_, '_, _>` here\n     |\n     = help: items from traits can only be used if the trait is in scope\nhelp: there is a method `unit_variant` with a similar name, but with different arguments\n    --> serde/src/de/mod.rs:2071:5\n     |\n2071 |     fn unit_variant(self) -> Result<(), Self::Error>;\n     |     ^^^^^^^^^^^^^^^^^^^^^^^^^^^^^^^^^^^^^^^^^^^^^^^^^\nhelp: trait `VariantAccess` which provides `tuple_variant` is implemented but not in scope; perhaps you want to import it\n     |\n2361 +    use crate::de::VariantAccess;\n     |\n\nerror[E0599]: no method named `tuple_variant` found for struct `__private::de::content::VariantRefDeserializer` in the current scope\n    --> serde/src/private/de.rs:2372:31\n     |\n2154 |     struct VariantRefDeserializer<'a, 'de: 'a, E>\n     |     --------------------------------------------- method `tuple_variant` not found for this struct\n...\n2372 |     let result = deserializer.tuple_variant(0, DummyVisitor);\n     |                               ^^^^^^^^^^^^^\n     |\n    ::: serde/src/de/mod.rs:2169:8\n     |\n2169 |     fn tuple_variant<V>(self, len: usize, visitor: V) -> Result<V::Value, Self::Error>\n     |        ------------- the method is available for `__private::de::content::VariantRefDeserializer<'_, '_, _>` here\n     |\n     = help: items from traits can only be used if the trait is in scope\nhelp: there is a method `unit_variant` with a similar name, but with different arguments\n    --> serde/src/de/mod.rs:2071:5\n     |\n2071 |     fn unit_variant(self) -> Result<(), Self::Error>;\n     |     ^^^^^^^^^^^^^^^^^^^^^^^^^^^^^^^^^^^^^^^^^^^^^^^^^\nhelp: trait `VariantAccess` which provides `tuple_variant` is implemented but not in scope; perhaps you want to import it\n     |\n2361 +    use crate::de::VariantAccess;\n     |\n\nSome errors have detailed explanations: E0425, E0599.\nFor more information about an error, try `rustc --explain E0425`.\nerror: could not compile `serde` (lib test) due to 5 previous errors\n"
                },
                {
                  "Err": "   Compiling proc-macro2 v1.0.95\n   Compiling syn v1.0.109\n   Compiling serde_derive v1.0.219 (/home/utgen/workspace/serde/serde_derive)\n   Compiling serde v1.0.219 (/home/utgen/workspace/serde/serde)\n   Compiling quote v1.0.40\n   Compiling syn v2.0.100\n   Compiling ntest_timeout v0.9.3\n   Compiling ntest_test_cases v0.9.3\n   Compiling ntest v0.9.3\nerror[E0425]: cannot find value `DummyVisitor` in this scope\n    --> serde/src/private/de.rs:2370:35\n     |\n2370 |     deserializer.tuple_variant(0, DummyVisitor);\n     |                                   ^^^^^^^^^^^^ not found in this scope\n\nerror[E0425]: cannot find value `DummyVisitor` in this scope\n    --> serde/src/private/de.rs:2372:48\n     |\n2372 |     let result = deserializer.tuple_variant(0, DummyVisitor);\n     |                                                ^^^^^^^^^^^^ not found in this scope\n\nerror: unused import: `ntest::timeout`\n    --> serde/src/private/de.rs:2362:8\n     |\n2362 |    use ntest::timeout;\n     |        ^^^^^^^^^^^^^^\n     |\nnote: the lint level is defined here\n    --> serde/src/lib.rs:159:23\n     |\n159  | #![deny(missing_docs, unused_imports)]\n     |                       ^^^^^^^^^^^^^^\n\nerror[E0599]: no method named `tuple_variant` found for struct `__private::de::content::VariantRefDeserializer` in the current scope\n    --> serde/src/private/de.rs:2370:18\n     |\n2154 |     struct VariantRefDeserializer<'a, 'de: 'a, E>\n     |     --------------------------------------------- method `tuple_variant` not found for this struct\n...\n2370 |     deserializer.tuple_variant(0, DummyVisitor);\n     |                  ^^^^^^^^^^^^^\n     |\n    ::: serde/src/de/mod.rs:2169:8\n     |\n2169 |     fn tuple_variant<V>(self, len: usize, visitor: V) -> Result<V::Value, Self::Error>\n     |        ------------- the method is available for `__private::de::content::VariantRefDeserializer<'_, '_, _>` here\n     |\n     = help: items from traits can only be used if the trait is in scope\nhelp: there is a method `unit_variant` with a similar name, but with different arguments\n    --> serde/src/de/mod.rs:2071:5\n     |\n2071 |     fn unit_variant(self) -> Result<(), Self::Error>;\n     |     ^^^^^^^^^^^^^^^^^^^^^^^^^^^^^^^^^^^^^^^^^^^^^^^^^\nhelp: trait `VariantAccess` which provides `tuple_variant` is implemented but not in scope; perhaps you want to import it\n     |\n2361 +    use crate::de::VariantAccess;\n     |\n\nerror[E0599]: no method named `tuple_variant` found for struct `__private::de::content::VariantRefDeserializer` in the current scope\n    --> serde/src/private/de.rs:2372:31\n     |\n2154 |     struct VariantRefDeserializer<'a, 'de: 'a, E>\n     |     --------------------------------------------- method `tuple_variant` not found for this struct\n...\n2372 |     let result = deserializer.tuple_variant(0, DummyVisitor);\n     |                               ^^^^^^^^^^^^^\n     |\n    ::: serde/src/de/mod.rs:2169:8\n     |\n2169 |     fn tuple_variant<V>(self, len: usize, visitor: V) -> Result<V::Value, Self::Error>\n     |        ------------- the method is available for `__private::de::content::VariantRefDeserializer<'_, '_, _>` here\n     |\n     = help: items from traits can only be used if the trait is in scope\nhelp: there is a method `unit_variant` with a similar name, but with different arguments\n    --> serde/src/de/mod.rs:2071:5\n     |\n2071 |     fn unit_variant(self) -> Result<(), Self::Error>;\n     |     ^^^^^^^^^^^^^^^^^^^^^^^^^^^^^^^^^^^^^^^^^^^^^^^^^\nhelp: trait `VariantAccess` which provides `tuple_variant` is implemented but not in scope; perhaps you want to import it\n     |\n2361 +    use crate::de::VariantAccess;\n     |\n\nSome errors have detailed explanations: E0425, E0599.\nFor more information about an error, try `rustc --explain E0425`.\nerror: could not compile `serde` (lib test) due to 5 previous errors\n"
                }
              ],
              "repaired": [
                false,
                false,
                false
              ]
            },
            {
              "attrs": [],
              "prefix": [
                "{",
                "    let deserializer = VariantRefDeserializer {",
                "        value: Some(&Content::F32(3.14)),",
                "        err: PhantomData,",
                "    };",
                "    deserializer.tuple_variant(0, DummyVisitor);",
                "}"
              ],
              "oracles": [
                [
                  "    let deserializer = VariantRefDeserializer { value: Some(&Content::F32(3.14)), err: PhantomData };",
                  "    let result = deserializer.tuple_variant(0, DummyVisitor);",
                  "    assert!(result.is_err());"
                ],
                [
                  "    let deserializer = VariantRefDeserializer { value: Some(&Content::F32(3.14)), err: PhantomData };",
                  "    let result = deserializer.tuple_variant(0, DummyVisitor);",
                  "    assert_eq!(result.unwrap_err(), de::Error::invalid_type(Unexpected::Float(3.14), &\"tuple variant\"));"
                ]
              ],
              "codes": [
                [
                  "{",
                  "    let deserializer = VariantRefDeserializer {",
                  "        value: Some(&Content::F32(3.14)),",
                  "        err: PhantomData,",
                  "    };",
                  "    deserializer.tuple_variant(0, DummyVisitor);",
                  "    let deserializer = VariantRefDeserializer { value: Some(&Content::F32(3.14)), err: PhantomData };",
                  "    let result = deserializer.tuple_variant(0, DummyVisitor);",
                  "    assert!(result.is_err());",
                  "}"
                ],
                [
                  "{",
                  "    let deserializer = VariantRefDeserializer {",
                  "        value: Some(&Content::F32(3.14)),",
                  "        err: PhantomData,",
                  "    };",
                  "    deserializer.tuple_variant(0, DummyVisitor);",
                  "    let deserializer = VariantRefDeserializer { value: Some(&Content::F32(3.14)), err: PhantomData };",
                  "    let result = deserializer.tuple_variant(0, DummyVisitor);",
                  "    assert_eq!(result.unwrap_err(), de::Error::invalid_type(Unexpected::Float(3.14), &\"tuple variant\"));",
                  "}"
                ]
              ],
              "can_compile": [
                {
                  "Err": "   Compiling proc-macro2 v1.0.95\n   Compiling syn v1.0.109\n   Compiling serde_derive v1.0.219 (/home/utgen/workspace/serde/serde_derive)\n   Compiling serde v1.0.219 (/home/utgen/workspace/serde/serde)\n   Compiling quote v1.0.40\n   Compiling syn v2.0.100\n   Compiling ntest_test_cases v0.9.3\n   Compiling ntest_timeout v0.9.3\n   Compiling ntest v0.9.3\nerror[E0425]: cannot find value `DummyVisitor` in this scope\n    --> serde/src/private/de.rs:2370:35\n     |\n2370 |     deserializer.tuple_variant(0, DummyVisitor);\n     |                                   ^^^^^^^^^^^^ not found in this scope\n\nerror[E0425]: cannot find value `DummyVisitor` in this scope\n    --> serde/src/private/de.rs:2372:48\n     |\n2372 |     let result = deserializer.tuple_variant(0, DummyVisitor);\n     |                                                ^^^^^^^^^^^^ not found in this scope\n\nerror: unused import: `ntest::timeout`\n    --> serde/src/private/de.rs:2362:8\n     |\n2362 |    use ntest::timeout;\n     |        ^^^^^^^^^^^^^^\n     |\nnote: the lint level is defined here\n    --> serde/src/lib.rs:159:23\n     |\n159  | #![deny(missing_docs, unused_imports)]\n     |                       ^^^^^^^^^^^^^^\n\nerror[E0599]: no method named `tuple_variant` found for struct `__private::de::content::VariantRefDeserializer` in the current scope\n    --> serde/src/private/de.rs:2370:18\n     |\n2154 |     struct VariantRefDeserializer<'a, 'de: 'a, E>\n     |     --------------------------------------------- method `tuple_variant` not found for this struct\n...\n2370 |     deserializer.tuple_variant(0, DummyVisitor);\n     |                  ^^^^^^^^^^^^^\n     |\n    ::: serde/src/de/mod.rs:2169:8\n     |\n2169 |     fn tuple_variant<V>(self, len: usize, visitor: V) -> Result<V::Value, Self::Error>\n     |        ------------- the method is available for `__private::de::content::VariantRefDeserializer<'_, '_, _>` here\n     |\n     = help: items from traits can only be used if the trait is in scope\nhelp: there is a method `unit_variant` with a similar name, but with different arguments\n    --> serde/src/de/mod.rs:2071:5\n     |\n2071 |     fn unit_variant(self) -> Result<(), Self::Error>;\n     |     ^^^^^^^^^^^^^^^^^^^^^^^^^^^^^^^^^^^^^^^^^^^^^^^^^\nhelp: trait `VariantAccess` which provides `tuple_variant` is implemented but not in scope; perhaps you want to import it\n     |\n2361 +    use crate::de::VariantAccess;\n     |\n\nerror[E0599]: no method named `tuple_variant` found for struct `__private::de::content::VariantRefDeserializer` in the current scope\n    --> serde/src/private/de.rs:2372:31\n     |\n2154 |     struct VariantRefDeserializer<'a, 'de: 'a, E>\n     |     --------------------------------------------- method `tuple_variant` not found for this struct\n...\n2372 |     let result = deserializer.tuple_variant(0, DummyVisitor);\n     |                               ^^^^^^^^^^^^^\n     |\n    ::: serde/src/de/mod.rs:2169:8\n     |\n2169 |     fn tuple_variant<V>(self, len: usize, visitor: V) -> Result<V::Value, Self::Error>\n     |        ------------- the method is available for `__private::de::content::VariantRefDeserializer<'_, '_, _>` here\n     |\n     = help: items from traits can only be used if the trait is in scope\nhelp: there is a method `unit_variant` with a similar name, but with different arguments\n    --> serde/src/de/mod.rs:2071:5\n     |\n2071 |     fn unit_variant(self) -> Result<(), Self::Error>;\n     |     ^^^^^^^^^^^^^^^^^^^^^^^^^^^^^^^^^^^^^^^^^^^^^^^^^\nhelp: trait `VariantAccess` which provides `tuple_variant` is implemented but not in scope; perhaps you want to import it\n     |\n2361 +    use crate::de::VariantAccess;\n     |\n\nSome errors have detailed explanations: E0425, E0599.\nFor more information about an error, try `rustc --explain E0425`.\nerror: could not compile `serde` (lib test) due to 5 previous errors\n"
                },
                {
                  "Err": "   Compiling proc-macro2 v1.0.95\n   Compiling syn v1.0.109\n   Compiling serde_derive v1.0.219 (/home/utgen/workspace/serde/serde_derive)\n   Compiling serde v1.0.219 (/home/utgen/workspace/serde/serde)\n   Compiling quote v1.0.40\n   Compiling syn v2.0.100\n   Compiling ntest_test_cases v0.9.3\n   Compiling ntest_timeout v0.9.3\n   Compiling ntest v0.9.3\nerror[E0425]: cannot find value `DummyVisitor` in this scope\n    --> serde/src/private/de.rs:2370:35\n     |\n2370 |     deserializer.tuple_variant(0, DummyVisitor);\n     |                                   ^^^^^^^^^^^^ not found in this scope\n\nerror[E0425]: cannot find value `DummyVisitor` in this scope\n    --> serde/src/private/de.rs:2372:48\n     |\n2372 |     let result = deserializer.tuple_variant(0, DummyVisitor);\n     |                                                ^^^^^^^^^^^^ not found in this scope\n\nerror: unused import: `ntest::timeout`\n    --> serde/src/private/de.rs:2362:8\n     |\n2362 |    use ntest::timeout;\n     |        ^^^^^^^^^^^^^^\n     |\nnote: the lint level is defined here\n    --> serde/src/lib.rs:159:23\n     |\n159  | #![deny(missing_docs, unused_imports)]\n     |                       ^^^^^^^^^^^^^^\n\nerror[E0599]: no method named `tuple_variant` found for struct `__private::de::content::VariantRefDeserializer` in the current scope\n    --> serde/src/private/de.rs:2370:18\n     |\n2154 |     struct VariantRefDeserializer<'a, 'de: 'a, E>\n     |     --------------------------------------------- method `tuple_variant` not found for this struct\n...\n2370 |     deserializer.tuple_variant(0, DummyVisitor);\n     |                  ^^^^^^^^^^^^^\n     |\n    ::: serde/src/de/mod.rs:2169:8\n     |\n2169 |     fn tuple_variant<V>(self, len: usize, visitor: V) -> Result<V::Value, Self::Error>\n     |        ------------- the method is available for `__private::de::content::VariantRefDeserializer<'_, '_, _>` here\n     |\n     = help: items from traits can only be used if the trait is in scope\nhelp: there is a method `unit_variant` with a similar name, but with different arguments\n    --> serde/src/de/mod.rs:2071:5\n     |\n2071 |     fn unit_variant(self) -> Result<(), Self::Error>;\n     |     ^^^^^^^^^^^^^^^^^^^^^^^^^^^^^^^^^^^^^^^^^^^^^^^^^\nhelp: trait `VariantAccess` which provides `tuple_variant` is implemented but not in scope; perhaps you want to import it\n     |\n2361 +    use crate::de::VariantAccess;\n     |\n\nerror[E0599]: no method named `tuple_variant` found for struct `__private::de::content::VariantRefDeserializer` in the current scope\n    --> serde/src/private/de.rs:2372:31\n     |\n2154 |     struct VariantRefDeserializer<'a, 'de: 'a, E>\n     |     --------------------------------------------- method `tuple_variant` not found for this struct\n...\n2372 |     let result = deserializer.tuple_variant(0, DummyVisitor);\n     |                               ^^^^^^^^^^^^^\n     |\n    ::: serde/src/de/mod.rs:2169:8\n     |\n2169 |     fn tuple_variant<V>(self, len: usize, visitor: V) -> Result<V::Value, Self::Error>\n     |        ------------- the method is available for `__private::de::content::VariantRefDeserializer<'_, '_, _>` here\n     |\n     = help: items from traits can only be used if the trait is in scope\nhelp: there is a method `unit_variant` with a similar name, but with different arguments\n    --> serde/src/de/mod.rs:2071:5\n     |\n2071 |     fn unit_variant(self) -> Result<(), Self::Error>;\n     |     ^^^^^^^^^^^^^^^^^^^^^^^^^^^^^^^^^^^^^^^^^^^^^^^^^\nhelp: trait `VariantAccess` which provides `tuple_variant` is implemented but not in scope; perhaps you want to import it\n     |\n2361 +    use crate::de::VariantAccess;\n     |\n\nSome errors have detailed explanations: E0425, E0599.\nFor more information about an error, try `rustc --explain E0425`.\nerror: could not compile `serde` (lib test) due to 5 previous errors\n"
                }
              ],
              "repaired": [
                false,
                false
              ]
            },
            {
              "attrs": [],
              "prefix": [
                "{",
                "    let deserializer = VariantRefDeserializer {",
                "        value: Some(&Content::Char('a')),",
                "        err: PhantomData,",
                "    };",
                "    deserializer.tuple_variant(0, DummyVisitor);",
                "}"
              ],
              "oracles": [
                [
                  "    let deserializer = VariantRefDeserializer { value: Some(&Content::Char('a')), err: PhantomData };",
                  "    let result = deserializer.tuple_variant(0, DummyVisitor);",
                  "    assert!(result.is_err());"
                ],
                [
                  "    let deserializer = VariantRefDeserializer { value: Some(&Content::Char('a')), err: PhantomData };",
                  "    let result = deserializer.tuple_variant(0, DummyVisitor);",
                  "    assert_eq!(result.err().unwrap(), de::Error::invalid_type(Unexpected::Char('a'), &\"tuple variant\"));"
                ]
              ],
              "codes": [
                [
                  "{",
                  "    let deserializer = VariantRefDeserializer {",
                  "        value: Some(&Content::Char('a')),",
                  "        err: PhantomData,",
                  "    };",
                  "    deserializer.tuple_variant(0, DummyVisitor);",
                  "    let deserializer = VariantRefDeserializer { value: Some(&Content::Char('a')), err: PhantomData };",
                  "    let result = deserializer.tuple_variant(0, DummyVisitor);",
                  "    assert!(result.is_err());",
                  "}"
                ],
                [
                  "{",
                  "    let deserializer = VariantRefDeserializer {",
                  "        value: Some(&Content::Char('a')),",
                  "        err: PhantomData,",
                  "    };",
                  "    deserializer.tuple_variant(0, DummyVisitor);",
                  "    let deserializer = VariantRefDeserializer { value: Some(&Content::Char('a')), err: PhantomData };",
                  "    let result = deserializer.tuple_variant(0, DummyVisitor);",
                  "    assert_eq!(result.err().unwrap(), de::Error::invalid_type(Unexpected::Char('a'), &\"tuple variant\"));",
                  "}"
                ]
              ],
              "can_compile": [
                {
                  "Err": "   Compiling proc-macro2 v1.0.95\n   Compiling syn v1.0.109\n   Compiling serde_derive v1.0.219 (/home/utgen/workspace/serde/serde_derive)\n   Compiling serde v1.0.219 (/home/utgen/workspace/serde/serde)\n   Compiling quote v1.0.40\n   Compiling syn v2.0.100\n   Compiling ntest_test_cases v0.9.3\n   Compiling ntest_timeout v0.9.3\n   Compiling ntest v0.9.3\nerror[E0425]: cannot find value `DummyVisitor` in this scope\n    --> serde/src/private/de.rs:2370:35\n     |\n2370 |     deserializer.tuple_variant(0, DummyVisitor);\n     |                                   ^^^^^^^^^^^^ not found in this scope\n\nerror[E0425]: cannot find value `DummyVisitor` in this scope\n    --> serde/src/private/de.rs:2372:48\n     |\n2372 |     let result = deserializer.tuple_variant(0, DummyVisitor);\n     |                                                ^^^^^^^^^^^^ not found in this scope\n\nerror: unused import: `ntest::timeout`\n    --> serde/src/private/de.rs:2362:8\n     |\n2362 |    use ntest::timeout;\n     |        ^^^^^^^^^^^^^^\n     |\nnote: the lint level is defined here\n    --> serde/src/lib.rs:159:23\n     |\n159  | #![deny(missing_docs, unused_imports)]\n     |                       ^^^^^^^^^^^^^^\n\nerror[E0599]: no method named `tuple_variant` found for struct `__private::de::content::VariantRefDeserializer` in the current scope\n    --> serde/src/private/de.rs:2370:18\n     |\n2154 |     struct VariantRefDeserializer<'a, 'de: 'a, E>\n     |     --------------------------------------------- method `tuple_variant` not found for this struct\n...\n2370 |     deserializer.tuple_variant(0, DummyVisitor);\n     |                  ^^^^^^^^^^^^^\n     |\n    ::: serde/src/de/mod.rs:2169:8\n     |\n2169 |     fn tuple_variant<V>(self, len: usize, visitor: V) -> Result<V::Value, Self::Error>\n     |        ------------- the method is available for `__private::de::content::VariantRefDeserializer<'_, '_, _>` here\n     |\n     = help: items from traits can only be used if the trait is in scope\nhelp: there is a method `unit_variant` with a similar name, but with different arguments\n    --> serde/src/de/mod.rs:2071:5\n     |\n2071 |     fn unit_variant(self) -> Result<(), Self::Error>;\n     |     ^^^^^^^^^^^^^^^^^^^^^^^^^^^^^^^^^^^^^^^^^^^^^^^^^\nhelp: trait `VariantAccess` which provides `tuple_variant` is implemented but not in scope; perhaps you want to import it\n     |\n2361 +    use crate::de::VariantAccess;\n     |\n\nerror[E0599]: no method named `tuple_variant` found for struct `__private::de::content::VariantRefDeserializer` in the current scope\n    --> serde/src/private/de.rs:2372:31\n     |\n2154 |     struct VariantRefDeserializer<'a, 'de: 'a, E>\n     |     --------------------------------------------- method `tuple_variant` not found for this struct\n...\n2372 |     let result = deserializer.tuple_variant(0, DummyVisitor);\n     |                               ^^^^^^^^^^^^^\n     |\n    ::: serde/src/de/mod.rs:2169:8\n     |\n2169 |     fn tuple_variant<V>(self, len: usize, visitor: V) -> Result<V::Value, Self::Error>\n     |        ------------- the method is available for `__private::de::content::VariantRefDeserializer<'_, '_, _>` here\n     |\n     = help: items from traits can only be used if the trait is in scope\nhelp: there is a method `unit_variant` with a similar name, but with different arguments\n    --> serde/src/de/mod.rs:2071:5\n     |\n2071 |     fn unit_variant(self) -> Result<(), Self::Error>;\n     |     ^^^^^^^^^^^^^^^^^^^^^^^^^^^^^^^^^^^^^^^^^^^^^^^^^\nhelp: trait `VariantAccess` which provides `tuple_variant` is implemented but not in scope; perhaps you want to import it\n     |\n2361 +    use crate::de::VariantAccess;\n     |\n\nSome errors have detailed explanations: E0425, E0599.\nFor more information about an error, try `rustc --explain E0425`.\nerror: could not compile `serde` (lib test) due to 5 previous errors\n"
                },
                {
                  "Err": "   Compiling proc-macro2 v1.0.95\n   Compiling syn v1.0.109\n   Compiling serde_derive v1.0.219 (/home/utgen/workspace/serde/serde_derive)\n   Compiling serde v1.0.219 (/home/utgen/workspace/serde/serde)\n   Compiling quote v1.0.40\n   Compiling syn v2.0.100\n   Compiling ntest_timeout v0.9.3\n   Compiling ntest_test_cases v0.9.3\n   Compiling ntest v0.9.3\nerror[E0425]: cannot find value `DummyVisitor` in this scope\n    --> serde/src/private/de.rs:2370:35\n     |\n2370 |     deserializer.tuple_variant(0, DummyVisitor);\n     |                                   ^^^^^^^^^^^^ not found in this scope\n\nerror[E0425]: cannot find value `DummyVisitor` in this scope\n    --> serde/src/private/de.rs:2372:48\n     |\n2372 |     let result = deserializer.tuple_variant(0, DummyVisitor);\n     |                                                ^^^^^^^^^^^^ not found in this scope\n\nerror: unused import: `ntest::timeout`\n    --> serde/src/private/de.rs:2362:8\n     |\n2362 |    use ntest::timeout;\n     |        ^^^^^^^^^^^^^^\n     |\nnote: the lint level is defined here\n    --> serde/src/lib.rs:159:23\n     |\n159  | #![deny(missing_docs, unused_imports)]\n     |                       ^^^^^^^^^^^^^^\n\nerror[E0599]: no method named `tuple_variant` found for struct `__private::de::content::VariantRefDeserializer` in the current scope\n    --> serde/src/private/de.rs:2370:18\n     |\n2154 |     struct VariantRefDeserializer<'a, 'de: 'a, E>\n     |     --------------------------------------------- method `tuple_variant` not found for this struct\n...\n2370 |     deserializer.tuple_variant(0, DummyVisitor);\n     |                  ^^^^^^^^^^^^^\n     |\n    ::: serde/src/de/mod.rs:2169:8\n     |\n2169 |     fn tuple_variant<V>(self, len: usize, visitor: V) -> Result<V::Value, Self::Error>\n     |        ------------- the method is available for `__private::de::content::VariantRefDeserializer<'_, '_, _>` here\n     |\n     = help: items from traits can only be used if the trait is in scope\nhelp: there is a method `unit_variant` with a similar name, but with different arguments\n    --> serde/src/de/mod.rs:2071:5\n     |\n2071 |     fn unit_variant(self) -> Result<(), Self::Error>;\n     |     ^^^^^^^^^^^^^^^^^^^^^^^^^^^^^^^^^^^^^^^^^^^^^^^^^\nhelp: trait `VariantAccess` which provides `tuple_variant` is implemented but not in scope; perhaps you want to import it\n     |\n2361 +    use crate::de::VariantAccess;\n     |\n\nerror[E0599]: no method named `tuple_variant` found for struct `__private::de::content::VariantRefDeserializer` in the current scope\n    --> serde/src/private/de.rs:2372:31\n     |\n2154 |     struct VariantRefDeserializer<'a, 'de: 'a, E>\n     |     --------------------------------------------- method `tuple_variant` not found for this struct\n...\n2372 |     let result = deserializer.tuple_variant(0, DummyVisitor);\n     |                               ^^^^^^^^^^^^^\n     |\n    ::: serde/src/de/mod.rs:2169:8\n     |\n2169 |     fn tuple_variant<V>(self, len: usize, visitor: V) -> Result<V::Value, Self::Error>\n     |        ------------- the method is available for `__private::de::content::VariantRefDeserializer<'_, '_, _>` here\n     |\n     = help: items from traits can only be used if the trait is in scope\nhelp: there is a method `unit_variant` with a similar name, but with different arguments\n    --> serde/src/de/mod.rs:2071:5\n     |\n2071 |     fn unit_variant(self) -> Result<(), Self::Error>;\n     |     ^^^^^^^^^^^^^^^^^^^^^^^^^^^^^^^^^^^^^^^^^^^^^^^^^\nhelp: trait `VariantAccess` which provides `tuple_variant` is implemented but not in scope; perhaps you want to import it\n     |\n2361 +    use crate::de::VariantAccess;\n     |\n\nSome errors have detailed explanations: E0425, E0599.\nFor more information about an error, try `rustc --explain E0425`.\nerror: could not compile `serde` (lib test) due to 5 previous errors\n"
                }
              ],
              "repaired": [
                false,
                false
              ]
            },
            {
              "attrs": [],
              "prefix": [
                "{",
                "    let deserializer = VariantRefDeserializer {",
                "        value: Some(&Content::U8(255)),",
                "        err: PhantomData,",
                "    };",
                "    deserializer.tuple_variant(0, DummyVisitor);",
                "}"
              ],
              "oracles": [
                [
                  "    let deserializer = VariantRefDeserializer { value: Some(&Content::U8(255)), err: PhantomData };",
                  "    let result = deserializer.tuple_variant(0, DummyVisitor);",
                  "    assert!(result.is_err());"
                ],
                [
                  "    let deserializer = VariantRefDeserializer { value: Some(&Content::U8(255)), err: PhantomData };",
                  "    let result = deserializer.tuple_variant(0, DummyVisitor);",
                  "    assert_eq!(result.err().unwrap().unexpected(), Unexpected::Unsigned(255));"
                ],
                [
                  "    let deserializer = VariantRefDeserializer { value: Some(&Content::U8(255)), err: PhantomData };",
                  "    let result = deserializer.tuple_variant(0, DummyVisitor);",
                  "    assert_eq!(result.err().unwrap().expected, \"tuple variant\");"
                ]
              ],
              "codes": [
                [
                  "{",
                  "    let deserializer = VariantRefDeserializer {",
                  "        value: Some(&Content::U8(255)),",
                  "        err: PhantomData,",
                  "    };",
                  "    deserializer.tuple_variant(0, DummyVisitor);",
                  "    let deserializer = VariantRefDeserializer { value: Some(&Content::U8(255)), err: PhantomData };",
                  "    let result = deserializer.tuple_variant(0, DummyVisitor);",
                  "    assert!(result.is_err());",
                  "}"
                ],
                [
                  "{",
                  "    let deserializer = VariantRefDeserializer {",
                  "        value: Some(&Content::U8(255)),",
                  "        err: PhantomData,",
                  "    };",
                  "    deserializer.tuple_variant(0, DummyVisitor);",
                  "    let deserializer = VariantRefDeserializer { value: Some(&Content::U8(255)), err: PhantomData };",
                  "    let result = deserializer.tuple_variant(0, DummyVisitor);",
                  "    assert_eq!(result.err().unwrap().unexpected(), Unexpected::Unsigned(255));",
                  "}"
                ],
                [
                  "{",
                  "    let deserializer = VariantRefDeserializer {",
                  "        value: Some(&Content::U8(255)),",
                  "        err: PhantomData,",
                  "    };",
                  "    deserializer.tuple_variant(0, DummyVisitor);",
                  "    let deserializer = VariantRefDeserializer { value: Some(&Content::U8(255)), err: PhantomData };",
                  "    let result = deserializer.tuple_variant(0, DummyVisitor);",
                  "    assert_eq!(result.err().unwrap().expected, \"tuple variant\");",
                  "}"
                ]
              ],
              "can_compile": [
                {
                  "Err": "   Compiling proc-macro2 v1.0.95\n   Compiling syn v1.0.109\n   Compiling serde_derive v1.0.219 (/home/utgen/workspace/serde/serde_derive)\n   Compiling serde v1.0.219 (/home/utgen/workspace/serde/serde)\n   Compiling quote v1.0.40\n   Compiling syn v2.0.100\n   Compiling ntest_test_cases v0.9.3\n   Compiling ntest_timeout v0.9.3\n   Compiling ntest v0.9.3\nerror[E0425]: cannot find value `DummyVisitor` in this scope\n    --> serde/src/private/de.rs:2370:35\n     |\n2370 |     deserializer.tuple_variant(0, DummyVisitor);\n     |                                   ^^^^^^^^^^^^ not found in this scope\n\nerror[E0425]: cannot find value `DummyVisitor` in this scope\n    --> serde/src/private/de.rs:2372:48\n     |\n2372 |     let result = deserializer.tuple_variant(0, DummyVisitor);\n     |                                                ^^^^^^^^^^^^ not found in this scope\n\nerror: unused import: `ntest::timeout`\n    --> serde/src/private/de.rs:2362:8\n     |\n2362 |    use ntest::timeout;\n     |        ^^^^^^^^^^^^^^\n     |\nnote: the lint level is defined here\n    --> serde/src/lib.rs:159:23\n     |\n159  | #![deny(missing_docs, unused_imports)]\n     |                       ^^^^^^^^^^^^^^\n\nerror[E0599]: no method named `tuple_variant` found for struct `__private::de::content::VariantRefDeserializer` in the current scope\n    --> serde/src/private/de.rs:2370:18\n     |\n2154 |     struct VariantRefDeserializer<'a, 'de: 'a, E>\n     |     --------------------------------------------- method `tuple_variant` not found for this struct\n...\n2370 |     deserializer.tuple_variant(0, DummyVisitor);\n     |                  ^^^^^^^^^^^^^\n     |\n    ::: serde/src/de/mod.rs:2169:8\n     |\n2169 |     fn tuple_variant<V>(self, len: usize, visitor: V) -> Result<V::Value, Self::Error>\n     |        ------------- the method is available for `__private::de::content::VariantRefDeserializer<'_, '_, _>` here\n     |\n     = help: items from traits can only be used if the trait is in scope\nhelp: there is a method `unit_variant` with a similar name, but with different arguments\n    --> serde/src/de/mod.rs:2071:5\n     |\n2071 |     fn unit_variant(self) -> Result<(), Self::Error>;\n     |     ^^^^^^^^^^^^^^^^^^^^^^^^^^^^^^^^^^^^^^^^^^^^^^^^^\nhelp: trait `VariantAccess` which provides `tuple_variant` is implemented but not in scope; perhaps you want to import it\n     |\n2361 +    use crate::de::VariantAccess;\n     |\n\nerror[E0599]: no method named `tuple_variant` found for struct `__private::de::content::VariantRefDeserializer` in the current scope\n    --> serde/src/private/de.rs:2372:31\n     |\n2154 |     struct VariantRefDeserializer<'a, 'de: 'a, E>\n     |     --------------------------------------------- method `tuple_variant` not found for this struct\n...\n2372 |     let result = deserializer.tuple_variant(0, DummyVisitor);\n     |                               ^^^^^^^^^^^^^\n     |\n    ::: serde/src/de/mod.rs:2169:8\n     |\n2169 |     fn tuple_variant<V>(self, len: usize, visitor: V) -> Result<V::Value, Self::Error>\n     |        ------------- the method is available for `__private::de::content::VariantRefDeserializer<'_, '_, _>` here\n     |\n     = help: items from traits can only be used if the trait is in scope\nhelp: there is a method `unit_variant` with a similar name, but with different arguments\n    --> serde/src/de/mod.rs:2071:5\n     |\n2071 |     fn unit_variant(self) -> Result<(), Self::Error>;\n     |     ^^^^^^^^^^^^^^^^^^^^^^^^^^^^^^^^^^^^^^^^^^^^^^^^^\nhelp: trait `VariantAccess` which provides `tuple_variant` is implemented but not in scope; perhaps you want to import it\n     |\n2361 +    use crate::de::VariantAccess;\n     |\n\nSome errors have detailed explanations: E0425, E0599.\nFor more information about an error, try `rustc --explain E0425`.\nerror: could not compile `serde` (lib test) due to 5 previous errors\n"
                },
                {
                  "Err": "   Compiling proc-macro2 v1.0.95\n   Compiling syn v1.0.109\n   Compiling serde_derive v1.0.219 (/home/utgen/workspace/serde/serde_derive)\n   Compiling serde v1.0.219 (/home/utgen/workspace/serde/serde)\n   Compiling quote v1.0.40\n   Compiling syn v2.0.100\n   Compiling ntest_test_cases v0.9.3\n   Compiling ntest_timeout v0.9.3\n   Compiling ntest v0.9.3\nerror[E0425]: cannot find value `DummyVisitor` in this scope\n    --> serde/src/private/de.rs:2370:35\n     |\n2370 |     deserializer.tuple_variant(0, DummyVisitor);\n     |                                   ^^^^^^^^^^^^ not found in this scope\n\nerror[E0425]: cannot find value `DummyVisitor` in this scope\n    --> serde/src/private/de.rs:2372:48\n     |\n2372 |     let result = deserializer.tuple_variant(0, DummyVisitor);\n     |                                                ^^^^^^^^^^^^ not found in this scope\n\nerror: unused import: `ntest::timeout`\n    --> serde/src/private/de.rs:2362:8\n     |\n2362 |    use ntest::timeout;\n     |        ^^^^^^^^^^^^^^\n     |\nnote: the lint level is defined here\n    --> serde/src/lib.rs:159:23\n     |\n159  | #![deny(missing_docs, unused_imports)]\n     |                       ^^^^^^^^^^^^^^\n\nerror[E0599]: no method named `tuple_variant` found for struct `__private::de::content::VariantRefDeserializer` in the current scope\n    --> serde/src/private/de.rs:2370:18\n     |\n2154 |     struct VariantRefDeserializer<'a, 'de: 'a, E>\n     |     --------------------------------------------- method `tuple_variant` not found for this struct\n...\n2370 |     deserializer.tuple_variant(0, DummyVisitor);\n     |                  ^^^^^^^^^^^^^\n     |\n    ::: serde/src/de/mod.rs:2169:8\n     |\n2169 |     fn tuple_variant<V>(self, len: usize, visitor: V) -> Result<V::Value, Self::Error>\n     |        ------------- the method is available for `__private::de::content::VariantRefDeserializer<'_, '_, _>` here\n     |\n     = help: items from traits can only be used if the trait is in scope\nhelp: there is a method `unit_variant` with a similar name, but with different arguments\n    --> serde/src/de/mod.rs:2071:5\n     |\n2071 |     fn unit_variant(self) -> Result<(), Self::Error>;\n     |     ^^^^^^^^^^^^^^^^^^^^^^^^^^^^^^^^^^^^^^^^^^^^^^^^^\nhelp: trait `VariantAccess` which provides `tuple_variant` is implemented but not in scope; perhaps you want to import it\n     |\n2361 +    use crate::de::VariantAccess;\n     |\n\nerror[E0599]: no method named `tuple_variant` found for struct `__private::de::content::VariantRefDeserializer` in the current scope\n    --> serde/src/private/de.rs:2372:31\n     |\n2154 |     struct VariantRefDeserializer<'a, 'de: 'a, E>\n     |     --------------------------------------------- method `tuple_variant` not found for this struct\n...\n2372 |     let result = deserializer.tuple_variant(0, DummyVisitor);\n     |                               ^^^^^^^^^^^^^\n     |\n    ::: serde/src/de/mod.rs:2169:8\n     |\n2169 |     fn tuple_variant<V>(self, len: usize, visitor: V) -> Result<V::Value, Self::Error>\n     |        ------------- the method is available for `__private::de::content::VariantRefDeserializer<'_, '_, _>` here\n     |\n     = help: items from traits can only be used if the trait is in scope\nhelp: there is a method `unit_variant` with a similar name, but with different arguments\n    --> serde/src/de/mod.rs:2071:5\n     |\n2071 |     fn unit_variant(self) -> Result<(), Self::Error>;\n     |     ^^^^^^^^^^^^^^^^^^^^^^^^^^^^^^^^^^^^^^^^^^^^^^^^^\nhelp: trait `VariantAccess` which provides `tuple_variant` is implemented but not in scope; perhaps you want to import it\n     |\n2361 +    use crate::de::VariantAccess;\n     |\n\nSome errors have detailed explanations: E0425, E0599.\nFor more information about an error, try `rustc --explain E0425`.\nerror: could not compile `serde` (lib test) due to 5 previous errors\n"
                },
                {
                  "Err": "   Compiling proc-macro2 v1.0.95\n   Compiling syn v1.0.109\n   Compiling serde_derive v1.0.219 (/home/utgen/workspace/serde/serde_derive)\n   Compiling serde v1.0.219 (/home/utgen/workspace/serde/serde)\n   Compiling quote v1.0.40\n   Compiling syn v2.0.100\n   Compiling ntest_test_cases v0.9.3\n   Compiling ntest_timeout v0.9.3\n   Compiling ntest v0.9.3\nerror[E0425]: cannot find value `DummyVisitor` in this scope\n    --> serde/src/private/de.rs:2370:35\n     |\n2370 |     deserializer.tuple_variant(0, DummyVisitor);\n     |                                   ^^^^^^^^^^^^ not found in this scope\n\nerror[E0425]: cannot find value `DummyVisitor` in this scope\n    --> serde/src/private/de.rs:2372:48\n     |\n2372 |     let result = deserializer.tuple_variant(0, DummyVisitor);\n     |                                                ^^^^^^^^^^^^ not found in this scope\n\nerror: unused import: `ntest::timeout`\n    --> serde/src/private/de.rs:2362:8\n     |\n2362 |    use ntest::timeout;\n     |        ^^^^^^^^^^^^^^\n     |\nnote: the lint level is defined here\n    --> serde/src/lib.rs:159:23\n     |\n159  | #![deny(missing_docs, unused_imports)]\n     |                       ^^^^^^^^^^^^^^\n\nerror[E0599]: no method named `tuple_variant` found for struct `__private::de::content::VariantRefDeserializer` in the current scope\n    --> serde/src/private/de.rs:2370:18\n     |\n2154 |     struct VariantRefDeserializer<'a, 'de: 'a, E>\n     |     --------------------------------------------- method `tuple_variant` not found for this struct\n...\n2370 |     deserializer.tuple_variant(0, DummyVisitor);\n     |                  ^^^^^^^^^^^^^\n     |\n    ::: serde/src/de/mod.rs:2169:8\n     |\n2169 |     fn tuple_variant<V>(self, len: usize, visitor: V) -> Result<V::Value, Self::Error>\n     |        ------------- the method is available for `__private::de::content::VariantRefDeserializer<'_, '_, _>` here\n     |\n     = help: items from traits can only be used if the trait is in scope\nhelp: there is a method `unit_variant` with a similar name, but with different arguments\n    --> serde/src/de/mod.rs:2071:5\n     |\n2071 |     fn unit_variant(self) -> Result<(), Self::Error>;\n     |     ^^^^^^^^^^^^^^^^^^^^^^^^^^^^^^^^^^^^^^^^^^^^^^^^^\nhelp: trait `VariantAccess` which provides `tuple_variant` is implemented but not in scope; perhaps you want to import it\n     |\n2361 +    use crate::de::VariantAccess;\n     |\n\nerror[E0599]: no method named `tuple_variant` found for struct `__private::de::content::VariantRefDeserializer` in the current scope\n    --> serde/src/private/de.rs:2372:31\n     |\n2154 |     struct VariantRefDeserializer<'a, 'de: 'a, E>\n     |     --------------------------------------------- method `tuple_variant` not found for this struct\n...\n2372 |     let result = deserializer.tuple_variant(0, DummyVisitor);\n     |                               ^^^^^^^^^^^^^\n     |\n    ::: serde/src/de/mod.rs:2169:8\n     |\n2169 |     fn tuple_variant<V>(self, len: usize, visitor: V) -> Result<V::Value, Self::Error>\n     |        ------------- the method is available for `__private::de::content::VariantRefDeserializer<'_, '_, _>` here\n     |\n     = help: items from traits can only be used if the trait is in scope\nhelp: there is a method `unit_variant` with a similar name, but with different arguments\n    --> serde/src/de/mod.rs:2071:5\n     |\n2071 |     fn unit_variant(self) -> Result<(), Self::Error>;\n     |     ^^^^^^^^^^^^^^^^^^^^^^^^^^^^^^^^^^^^^^^^^^^^^^^^^\nhelp: trait `VariantAccess` which provides `tuple_variant` is implemented but not in scope; perhaps you want to import it\n     |\n2361 +    use crate::de::VariantAccess;\n     |\n\nSome errors have detailed explanations: E0425, E0599.\nFor more information about an error, try `rustc --explain E0425`.\nerror: could not compile `serde` (lib test) due to 5 previous errors\n"
                }
              ],
              "repaired": [
                false,
                false,
                false
              ]
            },
            {
              "attrs": [],
              "prefix": [
                "{",
                "    let deserializer = VariantRefDeserializer {",
                "        value: Some(&Content::I32(-42)),",
                "        err: PhantomData,",
                "    };",
                "    deserializer.tuple_variant(0, DummyVisitor);",
                "}"
              ],
              "oracles": [
                [
                  "    let deserializer = VariantRefDeserializer { value: Some(&Content::I32(-42)), err: PhantomData };",
                  "    let result = deserializer.tuple_variant(0, DummyVisitor);",
                  "    assert!(result.is_err());"
                ],
                [
                  "    let deserializer = VariantRefDeserializer { value: Some(&Content::I32(-42)), err: PhantomData };",
                  "    let result = deserializer.tuple_variant(0, DummyVisitor);",
                  "    assert_eq!(result.unwrap_err(), de::Error::invalid_type(Unexpected::Signed(-42), &\"tuple variant\"));"
                ]
              ],
              "codes": [
                [
                  "{",
                  "    let deserializer = VariantRefDeserializer {",
                  "        value: Some(&Content::I32(-42)),",
                  "        err: PhantomData,",
                  "    };",
                  "    deserializer.tuple_variant(0, DummyVisitor);",
                  "    let deserializer = VariantRefDeserializer { value: Some(&Content::I32(-42)), err: PhantomData };",
                  "    let result = deserializer.tuple_variant(0, DummyVisitor);",
                  "    assert!(result.is_err());",
                  "}"
                ],
                [
                  "{",
                  "    let deserializer = VariantRefDeserializer {",
                  "        value: Some(&Content::I32(-42)),",
                  "        err: PhantomData,",
                  "    };",
                  "    deserializer.tuple_variant(0, DummyVisitor);",
                  "    let deserializer = VariantRefDeserializer { value: Some(&Content::I32(-42)), err: PhantomData };",
                  "    let result = deserializer.tuple_variant(0, DummyVisitor);",
                  "    assert_eq!(result.unwrap_err(), de::Error::invalid_type(Unexpected::Signed(-42), &\"tuple variant\"));",
                  "}"
                ]
              ],
              "can_compile": [
                {
                  "Err": "   Compiling proc-macro2 v1.0.95\n   Compiling syn v1.0.109\n   Compiling serde_derive v1.0.219 (/home/utgen/workspace/serde/serde_derive)\n   Compiling serde v1.0.219 (/home/utgen/workspace/serde/serde)\n   Compiling quote v1.0.40\n   Compiling syn v2.0.100\n   Compiling ntest_test_cases v0.9.3\n   Compiling ntest_timeout v0.9.3\n   Compiling ntest v0.9.3\nerror[E0425]: cannot find value `DummyVisitor` in this scope\n    --> serde/src/private/de.rs:2370:35\n     |\n2370 |     deserializer.tuple_variant(0, DummyVisitor);\n     |                                   ^^^^^^^^^^^^ not found in this scope\n\nerror[E0425]: cannot find value `DummyVisitor` in this scope\n    --> serde/src/private/de.rs:2372:48\n     |\n2372 |     let result = deserializer.tuple_variant(0, DummyVisitor);\n     |                                                ^^^^^^^^^^^^ not found in this scope\n\nerror: unused import: `ntest::timeout`\n    --> serde/src/private/de.rs:2362:8\n     |\n2362 |    use ntest::timeout;\n     |        ^^^^^^^^^^^^^^\n     |\nnote: the lint level is defined here\n    --> serde/src/lib.rs:159:23\n     |\n159  | #![deny(missing_docs, unused_imports)]\n     |                       ^^^^^^^^^^^^^^\n\nerror[E0599]: no method named `tuple_variant` found for struct `__private::de::content::VariantRefDeserializer` in the current scope\n    --> serde/src/private/de.rs:2370:18\n     |\n2154 |     struct VariantRefDeserializer<'a, 'de: 'a, E>\n     |     --------------------------------------------- method `tuple_variant` not found for this struct\n...\n2370 |     deserializer.tuple_variant(0, DummyVisitor);\n     |                  ^^^^^^^^^^^^^\n     |\n    ::: serde/src/de/mod.rs:2169:8\n     |\n2169 |     fn tuple_variant<V>(self, len: usize, visitor: V) -> Result<V::Value, Self::Error>\n     |        ------------- the method is available for `__private::de::content::VariantRefDeserializer<'_, '_, _>` here\n     |\n     = help: items from traits can only be used if the trait is in scope\nhelp: there is a method `unit_variant` with a similar name, but with different arguments\n    --> serde/src/de/mod.rs:2071:5\n     |\n2071 |     fn unit_variant(self) -> Result<(), Self::Error>;\n     |     ^^^^^^^^^^^^^^^^^^^^^^^^^^^^^^^^^^^^^^^^^^^^^^^^^\nhelp: trait `VariantAccess` which provides `tuple_variant` is implemented but not in scope; perhaps you want to import it\n     |\n2361 +    use crate::de::VariantAccess;\n     |\n\nerror[E0599]: no method named `tuple_variant` found for struct `__private::de::content::VariantRefDeserializer` in the current scope\n    --> serde/src/private/de.rs:2372:31\n     |\n2154 |     struct VariantRefDeserializer<'a, 'de: 'a, E>\n     |     --------------------------------------------- method `tuple_variant` not found for this struct\n...\n2372 |     let result = deserializer.tuple_variant(0, DummyVisitor);\n     |                               ^^^^^^^^^^^^^\n     |\n    ::: serde/src/de/mod.rs:2169:8\n     |\n2169 |     fn tuple_variant<V>(self, len: usize, visitor: V) -> Result<V::Value, Self::Error>\n     |        ------------- the method is available for `__private::de::content::VariantRefDeserializer<'_, '_, _>` here\n     |\n     = help: items from traits can only be used if the trait is in scope\nhelp: there is a method `unit_variant` with a similar name, but with different arguments\n    --> serde/src/de/mod.rs:2071:5\n     |\n2071 |     fn unit_variant(self) -> Result<(), Self::Error>;\n     |     ^^^^^^^^^^^^^^^^^^^^^^^^^^^^^^^^^^^^^^^^^^^^^^^^^\nhelp: trait `VariantAccess` which provides `tuple_variant` is implemented but not in scope; perhaps you want to import it\n     |\n2361 +    use crate::de::VariantAccess;\n     |\n\nSome errors have detailed explanations: E0425, E0599.\nFor more information about an error, try `rustc --explain E0425`.\nerror: could not compile `serde` (lib test) due to 5 previous errors\n"
                },
                {
                  "Err": "   Compiling proc-macro2 v1.0.95\n   Compiling syn v1.0.109\n   Compiling serde_derive v1.0.219 (/home/utgen/workspace/serde/serde_derive)\n   Compiling serde v1.0.219 (/home/utgen/workspace/serde/serde)\n   Compiling quote v1.0.40\n   Compiling syn v2.0.100\n   Compiling ntest_timeout v0.9.3\n   Compiling ntest_test_cases v0.9.3\n   Compiling ntest v0.9.3\nerror[E0425]: cannot find value `DummyVisitor` in this scope\n    --> serde/src/private/de.rs:2370:35\n     |\n2370 |     deserializer.tuple_variant(0, DummyVisitor);\n     |                                   ^^^^^^^^^^^^ not found in this scope\n\nerror[E0425]: cannot find value `DummyVisitor` in this scope\n    --> serde/src/private/de.rs:2372:48\n     |\n2372 |     let result = deserializer.tuple_variant(0, DummyVisitor);\n     |                                                ^^^^^^^^^^^^ not found in this scope\n\nerror: unused import: `ntest::timeout`\n    --> serde/src/private/de.rs:2362:8\n     |\n2362 |    use ntest::timeout;\n     |        ^^^^^^^^^^^^^^\n     |\nnote: the lint level is defined here\n    --> serde/src/lib.rs:159:23\n     |\n159  | #![deny(missing_docs, unused_imports)]\n     |                       ^^^^^^^^^^^^^^\n\nerror[E0599]: no method named `tuple_variant` found for struct `__private::de::content::VariantRefDeserializer` in the current scope\n    --> serde/src/private/de.rs:2370:18\n     |\n2154 |     struct VariantRefDeserializer<'a, 'de: 'a, E>\n     |     --------------------------------------------- method `tuple_variant` not found for this struct\n...\n2370 |     deserializer.tuple_variant(0, DummyVisitor);\n     |                  ^^^^^^^^^^^^^\n     |\n    ::: serde/src/de/mod.rs:2169:8\n     |\n2169 |     fn tuple_variant<V>(self, len: usize, visitor: V) -> Result<V::Value, Self::Error>\n     |        ------------- the method is available for `__private::de::content::VariantRefDeserializer<'_, '_, _>` here\n     |\n     = help: items from traits can only be used if the trait is in scope\nhelp: there is a method `unit_variant` with a similar name, but with different arguments\n    --> serde/src/de/mod.rs:2071:5\n     |\n2071 |     fn unit_variant(self) -> Result<(), Self::Error>;\n     |     ^^^^^^^^^^^^^^^^^^^^^^^^^^^^^^^^^^^^^^^^^^^^^^^^^\nhelp: trait `VariantAccess` which provides `tuple_variant` is implemented but not in scope; perhaps you want to import it\n     |\n2361 +    use crate::de::VariantAccess;\n     |\n\nerror[E0599]: no method named `tuple_variant` found for struct `__private::de::content::VariantRefDeserializer` in the current scope\n    --> serde/src/private/de.rs:2372:31\n     |\n2154 |     struct VariantRefDeserializer<'a, 'de: 'a, E>\n     |     --------------------------------------------- method `tuple_variant` not found for this struct\n...\n2372 |     let result = deserializer.tuple_variant(0, DummyVisitor);\n     |                               ^^^^^^^^^^^^^\n     |\n    ::: serde/src/de/mod.rs:2169:8\n     |\n2169 |     fn tuple_variant<V>(self, len: usize, visitor: V) -> Result<V::Value, Self::Error>\n     |        ------------- the method is available for `__private::de::content::VariantRefDeserializer<'_, '_, _>` here\n     |\n     = help: items from traits can only be used if the trait is in scope\nhelp: there is a method `unit_variant` with a similar name, but with different arguments\n    --> serde/src/de/mod.rs:2071:5\n     |\n2071 |     fn unit_variant(self) -> Result<(), Self::Error>;\n     |     ^^^^^^^^^^^^^^^^^^^^^^^^^^^^^^^^^^^^^^^^^^^^^^^^^\nhelp: trait `VariantAccess` which provides `tuple_variant` is implemented but not in scope; perhaps you want to import it\n     |\n2361 +    use crate::de::VariantAccess;\n     |\n\nSome errors have detailed explanations: E0425, E0599.\nFor more information about an error, try `rustc --explain E0425`.\nerror: could not compile `serde` (lib test) due to 5 previous errors\n"
                }
              ],
              "repaired": [
                false,
                false
              ]
            },
            {
              "attrs": [],
              "prefix": [
                "{",
                "    let deserializer = VariantRefDeserializer {",
                "        value: Some(&Content::String(\"test\".to_string())),",
                "        err: PhantomData,",
                "    };",
                "    deserializer.tuple_variant(0, DummyVisitor);",
                "}"
              ],
              "oracles": [
                [
                  "    let deserializer = VariantRefDeserializer { value: Some(&Content::String(\"test\".to_string())), err: PhantomData };",
                  "    let result = deserializer.tuple_variant(0, DummyVisitor);",
                  "    assert!(result.is_err());"
                ],
                [
                  "    let deserializer = VariantRefDeserializer { value: Some(&Content::String(\"test\".to_string())), err: PhantomData };",
                  "    let result = deserializer.tuple_variant(0, DummyVisitor);",
                  "    let error = result.unwrap_err();",
                  "    assert_eq!(error, de::Error::invalid_type(Unexpected::Str(\"test\"), &\"tuple variant\"));"
                ]
              ],
              "codes": [
                [
                  "{",
                  "    let deserializer = VariantRefDeserializer {",
                  "        value: Some(&Content::String(\"test\".to_string())),",
                  "        err: PhantomData,",
                  "    };",
                  "    deserializer.tuple_variant(0, DummyVisitor);",
                  "    let deserializer = VariantRefDeserializer { value: Some(&Content::String(\"test\".to_string())), err: PhantomData };",
                  "    let result = deserializer.tuple_variant(0, DummyVisitor);",
                  "    assert!(result.is_err());",
                  "}"
                ],
                [
                  "{",
                  "    let deserializer = VariantRefDeserializer {",
                  "        value: Some(&Content::String(\"test\".to_string())),",
                  "        err: PhantomData,",
                  "    };",
                  "    deserializer.tuple_variant(0, DummyVisitor);",
                  "    let deserializer = VariantRefDeserializer { value: Some(&Content::String(\"test\".to_string())), err: PhantomData };",
                  "    let result = deserializer.tuple_variant(0, DummyVisitor);",
                  "    let error = result.unwrap_err();",
                  "    assert_eq!(error, de::Error::invalid_type(Unexpected::Str(\"test\"), &\"tuple variant\"));",
                  "}"
                ]
              ],
              "can_compile": [
                {
                  "Err": "   Compiling proc-macro2 v1.0.95\n   Compiling syn v1.0.109\n   Compiling serde_derive v1.0.219 (/home/utgen/workspace/serde/serde_derive)\n   Compiling serde v1.0.219 (/home/utgen/workspace/serde/serde)\n   Compiling quote v1.0.40\n   Compiling syn v2.0.100\n   Compiling ntest_timeout v0.9.3\n   Compiling ntest_test_cases v0.9.3\n   Compiling ntest v0.9.3\nerror[E0425]: cannot find value `DummyVisitor` in this scope\n    --> serde/src/private/de.rs:2370:35\n     |\n2370 |     deserializer.tuple_variant(0, DummyVisitor);\n     |                                   ^^^^^^^^^^^^ not found in this scope\n\nerror[E0425]: cannot find value `DummyVisitor` in this scope\n    --> serde/src/private/de.rs:2372:48\n     |\n2372 |     let result = deserializer.tuple_variant(0, DummyVisitor);\n     |                                                ^^^^^^^^^^^^ not found in this scope\n\nerror: unused import: `ntest::timeout`\n    --> serde/src/private/de.rs:2362:8\n     |\n2362 |    use ntest::timeout;\n     |        ^^^^^^^^^^^^^^\n     |\nnote: the lint level is defined here\n    --> serde/src/lib.rs:159:23\n     |\n159  | #![deny(missing_docs, unused_imports)]\n     |                       ^^^^^^^^^^^^^^\n\nerror[E0599]: no method named `tuple_variant` found for struct `__private::de::content::VariantRefDeserializer` in the current scope\n    --> serde/src/private/de.rs:2370:18\n     |\n2154 |     struct VariantRefDeserializer<'a, 'de: 'a, E>\n     |     --------------------------------------------- method `tuple_variant` not found for this struct\n...\n2370 |     deserializer.tuple_variant(0, DummyVisitor);\n     |                  ^^^^^^^^^^^^^\n     |\n    ::: serde/src/de/mod.rs:2169:8\n     |\n2169 |     fn tuple_variant<V>(self, len: usize, visitor: V) -> Result<V::Value, Self::Error>\n     |        ------------- the method is available for `__private::de::content::VariantRefDeserializer<'_, '_, _>` here\n     |\n     = help: items from traits can only be used if the trait is in scope\nhelp: there is a method `unit_variant` with a similar name, but with different arguments\n    --> serde/src/de/mod.rs:2071:5\n     |\n2071 |     fn unit_variant(self) -> Result<(), Self::Error>;\n     |     ^^^^^^^^^^^^^^^^^^^^^^^^^^^^^^^^^^^^^^^^^^^^^^^^^\nhelp: trait `VariantAccess` which provides `tuple_variant` is implemented but not in scope; perhaps you want to import it\n     |\n2361 +    use crate::de::VariantAccess;\n     |\n\nerror[E0599]: no method named `tuple_variant` found for struct `__private::de::content::VariantRefDeserializer` in the current scope\n    --> serde/src/private/de.rs:2372:31\n     |\n2154 |     struct VariantRefDeserializer<'a, 'de: 'a, E>\n     |     --------------------------------------------- method `tuple_variant` not found for this struct\n...\n2372 |     let result = deserializer.tuple_variant(0, DummyVisitor);\n     |                               ^^^^^^^^^^^^^\n     |\n    ::: serde/src/de/mod.rs:2169:8\n     |\n2169 |     fn tuple_variant<V>(self, len: usize, visitor: V) -> Result<V::Value, Self::Error>\n     |        ------------- the method is available for `__private::de::content::VariantRefDeserializer<'_, '_, _>` here\n     |\n     = help: items from traits can only be used if the trait is in scope\nhelp: there is a method `unit_variant` with a similar name, but with different arguments\n    --> serde/src/de/mod.rs:2071:5\n     |\n2071 |     fn unit_variant(self) -> Result<(), Self::Error>;\n     |     ^^^^^^^^^^^^^^^^^^^^^^^^^^^^^^^^^^^^^^^^^^^^^^^^^\nhelp: trait `VariantAccess` which provides `tuple_variant` is implemented but not in scope; perhaps you want to import it\n     |\n2361 +    use crate::de::VariantAccess;\n     |\n\nSome errors have detailed explanations: E0425, E0599.\nFor more information about an error, try `rustc --explain E0425`.\nerror: could not compile `serde` (lib test) due to 5 previous errors\n"
                },
                {
                  "Err": "   Compiling proc-macro2 v1.0.95\n   Compiling syn v1.0.109\n   Compiling serde_derive v1.0.219 (/home/utgen/workspace/serde/serde_derive)\n   Compiling serde v1.0.219 (/home/utgen/workspace/serde/serde)\n   Compiling quote v1.0.40\n   Compiling syn v2.0.100\n   Compiling ntest_test_cases v0.9.3\n   Compiling ntest_timeout v0.9.3\n   Compiling ntest v0.9.3\nerror[E0425]: cannot find value `DummyVisitor` in this scope\n    --> serde/src/private/de.rs:2370:35\n     |\n2370 |     deserializer.tuple_variant(0, DummyVisitor);\n     |                                   ^^^^^^^^^^^^ not found in this scope\n\nerror[E0425]: cannot find value `DummyVisitor` in this scope\n    --> serde/src/private/de.rs:2372:48\n     |\n2372 |     let result = deserializer.tuple_variant(0, DummyVisitor);\n     |                                                ^^^^^^^^^^^^ not found in this scope\n\nerror: unused import: `ntest::timeout`\n    --> serde/src/private/de.rs:2362:8\n     |\n2362 |    use ntest::timeout;\n     |        ^^^^^^^^^^^^^^\n     |\nnote: the lint level is defined here\n    --> serde/src/lib.rs:159:23\n     |\n159  | #![deny(missing_docs, unused_imports)]\n     |                       ^^^^^^^^^^^^^^\n\nerror[E0599]: no method named `tuple_variant` found for struct `__private::de::content::VariantRefDeserializer` in the current scope\n    --> serde/src/private/de.rs:2370:18\n     |\n2154 |     struct VariantRefDeserializer<'a, 'de: 'a, E>\n     |     --------------------------------------------- method `tuple_variant` not found for this struct\n...\n2370 |     deserializer.tuple_variant(0, DummyVisitor);\n     |                  ^^^^^^^^^^^^^\n     |\n    ::: serde/src/de/mod.rs:2169:8\n     |\n2169 |     fn tuple_variant<V>(self, len: usize, visitor: V) -> Result<V::Value, Self::Error>\n     |        ------------- the method is available for `__private::de::content::VariantRefDeserializer<'_, '_, _>` here\n     |\n     = help: items from traits can only be used if the trait is in scope\nhelp: there is a method `unit_variant` with a similar name, but with different arguments\n    --> serde/src/de/mod.rs:2071:5\n     |\n2071 |     fn unit_variant(self) -> Result<(), Self::Error>;\n     |     ^^^^^^^^^^^^^^^^^^^^^^^^^^^^^^^^^^^^^^^^^^^^^^^^^\nhelp: trait `VariantAccess` which provides `tuple_variant` is implemented but not in scope; perhaps you want to import it\n     |\n2361 +    use crate::de::VariantAccess;\n     |\n\nerror[E0599]: no method named `tuple_variant` found for struct `__private::de::content::VariantRefDeserializer` in the current scope\n    --> serde/src/private/de.rs:2372:31\n     |\n2154 |     struct VariantRefDeserializer<'a, 'de: 'a, E>\n     |     --------------------------------------------- method `tuple_variant` not found for this struct\n...\n2372 |     let result = deserializer.tuple_variant(0, DummyVisitor);\n     |                               ^^^^^^^^^^^^^\n     |\n    ::: serde/src/de/mod.rs:2169:8\n     |\n2169 |     fn tuple_variant<V>(self, len: usize, visitor: V) -> Result<V::Value, Self::Error>\n     |        ------------- the method is available for `__private::de::content::VariantRefDeserializer<'_, '_, _>` here\n     |\n     = help: items from traits can only be used if the trait is in scope\nhelp: there is a method `unit_variant` with a similar name, but with different arguments\n    --> serde/src/de/mod.rs:2071:5\n     |\n2071 |     fn unit_variant(self) -> Result<(), Self::Error>;\n     |     ^^^^^^^^^^^^^^^^^^^^^^^^^^^^^^^^^^^^^^^^^^^^^^^^^\nhelp: trait `VariantAccess` which provides `tuple_variant` is implemented but not in scope; perhaps you want to import it\n     |\n2361 +    use crate::de::VariantAccess;\n     |\n\nSome errors have detailed explanations: E0425, E0599.\nFor more information about an error, try `rustc --explain E0425`.\nerror: could not compile `serde` (lib test) due to 5 previous errors\n"
                }
              ],
              "repaired": [
                false,
                false
              ]
            }
          ]
        }
      ]
    },
    {
      "chain_id": 2,
      "prompt_conds": [
        "// constraint: self.value matches Some(other) or Some(Content::Seq(v)) is true\n",
        "// constraint: self.value matches  is true\n",
        "// constraint: self.value matches Some(Content::Seq(v)) is true\n"
      ],
      "input_infer": "self.value: Some(Content::Seq(v)) where v contains 0 to N elements of Content, or self.value: Some(other) where other is any variant of Content excluding Seq\n",
      "answers": [
        {
          "uses": [],
          "has_test_mod": false,
          "common": [
            "struct MockVisitor;",
            "",
            "impl MockVisitor {",
            "    fn new() -> Self {",
            "        Self",
            "    }",
            "}",
            "",
            "impl<'de> Visitor<'de> for MockVisitor {",
            "    type Value = ();",
            "",
            "    fn visit_seq<V>(self, _visitor: V) -> Result<Self::Value, V::Error>",
            "    where",
            "        V: SeqAccess<'de>,",
            "    {",
            "        Ok(())",
            "    }",
            "}"
          ],
          "chain_tests": [
            {
              "attrs": [],
              "prefix": [
                "{",
                "    let visitor = MockVisitor::new();",
                "    let deserializer = VariantRefDeserializer {",
                "        value: Some(&Content::Seq(vec![])),",
                "        err: PhantomData,",
                "    };",
                "    let _ = deserializer.tuple_variant(0, visitor);",
                "}"
              ],
              "oracles": [
                [
                  "    let visitor = MockVisitor::new();",
                  "    let deserializer = VariantRefDeserializer { value: Some(&Content::Seq(vec![])), err: PhantomData };",
                  "    let result = deserializer.tuple_variant(0, visitor);",
                  "    assert!(result.is_ok());"
                ]
              ],
              "codes": [
                [
                  "{",
                  "    let visitor = MockVisitor::new();",
                  "    let deserializer = VariantRefDeserializer {",
                  "        value: Some(&Content::Seq(vec![])),",
                  "        err: PhantomData,",
                  "    };",
                  "    let _ = deserializer.tuple_variant(0, visitor);",
                  "    let visitor = MockVisitor::new();",
                  "    let deserializer = VariantRefDeserializer { value: Some(&Content::Seq(vec![])), err: PhantomData };",
                  "    let result = deserializer.tuple_variant(0, visitor);",
                  "    assert!(result.is_ok());",
                  "}"
                ]
              ],
              "can_compile": [
                {
                  "Err": "   Compiling proc-macro2 v1.0.95\n   Compiling syn v1.0.109\n   Compiling serde_derive v1.0.219 (/home/utgen/workspace/serde/serde_derive)\n   Compiling serde v1.0.219 (/home/utgen/workspace/serde/serde)\n   Compiling quote v1.0.40\n   Compiling syn v2.0.100\n   Compiling ntest_test_cases v0.9.3\n   Compiling ntest_timeout v0.9.3\n   Compiling ntest v0.9.3\nerror: unused import: `ntest::timeout`\n    --> serde/src/private/de.rs:2362:8\n     |\n2362 |    use ntest::timeout;\n     |        ^^^^^^^^^^^^^^\n     |\nnote: the lint level is defined here\n    --> serde/src/lib.rs:159:23\n     |\n159  | #![deny(missing_docs, unused_imports)]\n     |                       ^^^^^^^^^^^^^^\n\nerror[E0046]: not all trait items implemented, missing: `expecting`\n    --> serde/src/private/de.rs:2371:1\n     |\n2371 | impl<'de> Visitor<'de> for MockVisitor {\n     | ^^^^^^^^^^^^^^^^^^^^^^^^^^^^^^^^^^^^^^ missing `expecting` in implementation\n     |\n    ::: serde/src/de/mod.rs:1310:5\n     |\n1310 |     fn expecting(&self, formatter: &mut fmt::Formatter) -> fmt::Result;\n     |     ------------------------------------------------------------------- `expecting` from trait\n\nerror[E0599]: no method named `tuple_variant` found for struct `__private::de::content::VariantRefDeserializer` in the current scope\n    --> serde/src/private/de.rs:2390:26\n     |\n2154 |     struct VariantRefDeserializer<'a, 'de: 'a, E>\n     |     --------------------------------------------- method `tuple_variant` not found for this struct\n...\n2390 |     let _ = deserializer.tuple_variant(0, visitor);\n     |                          ^^^^^^^^^^^^^\n     |\n    ::: serde/src/de/mod.rs:2169:8\n     |\n2169 |     fn tuple_variant<V>(self, len: usize, visitor: V) -> Result<V::Value, Self::Error>\n     |        ------------- the method is available for `__private::de::content::VariantRefDeserializer<'_, '_, _>` here\n     |\n     = help: items from traits can only be used if the trait is in scope\nhelp: there is a method `unit_variant` with a similar name, but with different arguments\n    --> serde/src/de/mod.rs:2071:5\n     |\n2071 |     fn unit_variant(self) -> Result<(), Self::Error>;\n     |     ^^^^^^^^^^^^^^^^^^^^^^^^^^^^^^^^^^^^^^^^^^^^^^^^^\nhelp: trait `VariantAccess` which provides `tuple_variant` is implemented but not in scope; perhaps you want to import it\n     |\n2361 +    use crate::de::VariantAccess;\n     |\n\nerror[E0599]: no method named `tuple_variant` found for struct `__private::de::content::VariantRefDeserializer` in the current scope\n    --> serde/src/private/de.rs:2393:31\n     |\n2154 |     struct VariantRefDeserializer<'a, 'de: 'a, E>\n     |     --------------------------------------------- method `tuple_variant` not found for this struct\n...\n2393 |     let result = deserializer.tuple_variant(0, visitor);\n     |                               ^^^^^^^^^^^^^\n     |\n    ::: serde/src/de/mod.rs:2169:8\n     |\n2169 |     fn tuple_variant<V>(self, len: usize, visitor: V) -> Result<V::Value, Self::Error>\n     |        ------------- the method is available for `__private::de::content::VariantRefDeserializer<'_, '_, _>` here\n     |\n     = help: items from traits can only be used if the trait is in scope\nhelp: there is a method `unit_variant` with a similar name, but with different arguments\n    --> serde/src/de/mod.rs:2071:5\n     |\n2071 |     fn unit_variant(self) -> Result<(), Self::Error>;\n     |     ^^^^^^^^^^^^^^^^^^^^^^^^^^^^^^^^^^^^^^^^^^^^^^^^^\nhelp: trait `VariantAccess` which provides `tuple_variant` is implemented but not in scope; perhaps you want to import it\n     |\n2361 +    use crate::de::VariantAccess;\n     |\n\nSome errors have detailed explanations: E0046, E0599.\nFor more information about an error, try `rustc --explain E0046`.\nerror: could not compile `serde` (lib test) due to 4 previous errors\n"
                }
              ],
              "repaired": [
                false
              ]
            },
            {
              "attrs": [],
              "prefix": [
                "{",
                "    let visitor = MockVisitor::new();",
                "    let deserializer = VariantRefDeserializer {",
                "        value: Some(&Content::Seq(vec![Content::U32(1)])),",
                "        err: PhantomData,",
                "    };",
                "    let _ = deserializer.tuple_variant(1, visitor);",
                "}"
              ],
              "oracles": [
                [
                  "    let visitor = MockVisitor::new();",
                  "    let deserializer = VariantRefDeserializer {",
                  "    value: Some(&Content::Seq(vec![Content::U32(1)])),",
                  "    err: PhantomData,",
                  "    };",
                  "    let result = deserializer.tuple_variant(1, visitor);",
                  "    assert!(result.is_ok());"
                ],
                [
                  "    let visitor = MockVisitor::new();",
                  "    let deserializer = VariantRefDeserializer {",
                  "    value: Some(&Content::Seq(vec![Content::U32(1)])),",
                  "    err: PhantomData,",
                  "    };",
                  "    let result = deserializer.tuple_variant(1, visitor);",
                  "    assert_eq!(result.unwrap(), ());"
                ]
              ],
              "codes": [
                [
                  "{",
                  "    let visitor = MockVisitor::new();",
                  "    let deserializer = VariantRefDeserializer {",
                  "        value: Some(&Content::Seq(vec![Content::U32(1)])),",
                  "        err: PhantomData,",
                  "    };",
                  "    let _ = deserializer.tuple_variant(1, visitor);",
                  "    let visitor = MockVisitor::new();",
                  "    let deserializer = VariantRefDeserializer {",
                  "    value: Some(&Content::Seq(vec![Content::U32(1)])),",
                  "    err: PhantomData,",
                  "    };",
                  "    let result = deserializer.tuple_variant(1, visitor);",
                  "    assert!(result.is_ok());",
                  "}"
                ],
                [
                  "{",
                  "    let visitor = MockVisitor::new();",
                  "    let deserializer = VariantRefDeserializer {",
                  "        value: Some(&Content::Seq(vec![Content::U32(1)])),",
                  "        err: PhantomData,",
                  "    };",
                  "    let _ = deserializer.tuple_variant(1, visitor);",
                  "    let visitor = MockVisitor::new();",
                  "    let deserializer = VariantRefDeserializer {",
                  "    value: Some(&Content::Seq(vec![Content::U32(1)])),",
                  "    err: PhantomData,",
                  "    };",
                  "    let result = deserializer.tuple_variant(1, visitor);",
                  "    assert_eq!(result.unwrap(), ());",
                  "}"
                ]
              ],
              "can_compile": [
                {
                  "Err": "   Compiling proc-macro2 v1.0.95\n   Compiling syn v1.0.109\n   Compiling serde_derive v1.0.219 (/home/utgen/workspace/serde/serde_derive)\n   Compiling serde v1.0.219 (/home/utgen/workspace/serde/serde)\n   Compiling quote v1.0.40\n   Compiling syn v2.0.100\n   Compiling ntest_test_cases v0.9.3\n   Compiling ntest_timeout v0.9.3\n   Compiling ntest v0.9.3\nerror: unused import: `ntest::timeout`\n    --> serde/src/private/de.rs:2362:8\n     |\n2362 |    use ntest::timeout;\n     |        ^^^^^^^^^^^^^^\n     |\nnote: the lint level is defined here\n    --> serde/src/lib.rs:159:23\n     |\n159  | #![deny(missing_docs, unused_imports)]\n     |                       ^^^^^^^^^^^^^^\n\nerror[E0046]: not all trait items implemented, missing: `expecting`\n    --> serde/src/private/de.rs:2371:1\n     |\n2371 | impl<'de> Visitor<'de> for MockVisitor {\n     | ^^^^^^^^^^^^^^^^^^^^^^^^^^^^^^^^^^^^^^ missing `expecting` in implementation\n     |\n    ::: serde/src/de/mod.rs:1310:5\n     |\n1310 |     fn expecting(&self, formatter: &mut fmt::Formatter) -> fmt::Result;\n     |     ------------------------------------------------------------------- `expecting` from trait\n\nerror[E0599]: no method named `tuple_variant` found for struct `__private::de::content::VariantRefDeserializer` in the current scope\n    --> serde/src/private/de.rs:2390:26\n     |\n2154 |     struct VariantRefDeserializer<'a, 'de: 'a, E>\n     |     --------------------------------------------- method `tuple_variant` not found for this struct\n...\n2390 |     let _ = deserializer.tuple_variant(1, visitor);\n     |                          ^^^^^^^^^^^^^\n     |\n    ::: serde/src/de/mod.rs:2169:8\n     |\n2169 |     fn tuple_variant<V>(self, len: usize, visitor: V) -> Result<V::Value, Self::Error>\n     |        ------------- the method is available for `__private::de::content::VariantRefDeserializer<'_, '_, _>` here\n     |\n     = help: items from traits can only be used if the trait is in scope\nhelp: there is a method `unit_variant` with a similar name, but with different arguments\n    --> serde/src/de/mod.rs:2071:5\n     |\n2071 |     fn unit_variant(self) -> Result<(), Self::Error>;\n     |     ^^^^^^^^^^^^^^^^^^^^^^^^^^^^^^^^^^^^^^^^^^^^^^^^^\nhelp: trait `VariantAccess` which provides `tuple_variant` is implemented but not in scope; perhaps you want to import it\n     |\n2361 +    use crate::de::VariantAccess;\n     |\n\nerror[E0599]: no method named `tuple_variant` found for struct `__private::de::content::VariantRefDeserializer` in the current scope\n    --> serde/src/private/de.rs:2396:31\n     |\n2154 |     struct VariantRefDeserializer<'a, 'de: 'a, E>\n     |     --------------------------------------------- method `tuple_variant` not found for this struct\n...\n2396 |     let result = deserializer.tuple_variant(1, visitor);\n     |                               ^^^^^^^^^^^^^\n     |\n    ::: serde/src/de/mod.rs:2169:8\n     |\n2169 |     fn tuple_variant<V>(self, len: usize, visitor: V) -> Result<V::Value, Self::Error>\n     |        ------------- the method is available for `__private::de::content::VariantRefDeserializer<'_, '_, _>` here\n     |\n     = help: items from traits can only be used if the trait is in scope\nhelp: there is a method `unit_variant` with a similar name, but with different arguments\n    --> serde/src/de/mod.rs:2071:5\n     |\n2071 |     fn unit_variant(self) -> Result<(), Self::Error>;\n     |     ^^^^^^^^^^^^^^^^^^^^^^^^^^^^^^^^^^^^^^^^^^^^^^^^^\nhelp: trait `VariantAccess` which provides `tuple_variant` is implemented but not in scope; perhaps you want to import it\n     |\n2361 +    use crate::de::VariantAccess;\n     |\n\nSome errors have detailed explanations: E0046, E0599.\nFor more information about an error, try `rustc --explain E0046`.\nerror: could not compile `serde` (lib test) due to 4 previous errors\n"
                },
                {
                  "Err": "   Compiling proc-macro2 v1.0.95\n   Compiling syn v1.0.109\n   Compiling serde_derive v1.0.219 (/home/utgen/workspace/serde/serde_derive)\n   Compiling serde v1.0.219 (/home/utgen/workspace/serde/serde)\n   Compiling quote v1.0.40\n   Compiling syn v2.0.100\n   Compiling ntest_test_cases v0.9.3\n   Compiling ntest_timeout v0.9.3\n   Compiling ntest v0.9.3\nerror: unused import: `ntest::timeout`\n    --> serde/src/private/de.rs:2362:8\n     |\n2362 |    use ntest::timeout;\n     |        ^^^^^^^^^^^^^^\n     |\nnote: the lint level is defined here\n    --> serde/src/lib.rs:159:23\n     |\n159  | #![deny(missing_docs, unused_imports)]\n     |                       ^^^^^^^^^^^^^^\n\nerror[E0046]: not all trait items implemented, missing: `expecting`\n    --> serde/src/private/de.rs:2371:1\n     |\n2371 | impl<'de> Visitor<'de> for MockVisitor {\n     | ^^^^^^^^^^^^^^^^^^^^^^^^^^^^^^^^^^^^^^ missing `expecting` in implementation\n     |\n    ::: serde/src/de/mod.rs:1310:5\n     |\n1310 |     fn expecting(&self, formatter: &mut fmt::Formatter) -> fmt::Result;\n     |     ------------------------------------------------------------------- `expecting` from trait\n\nerror[E0599]: no method named `tuple_variant` found for struct `__private::de::content::VariantRefDeserializer` in the current scope\n    --> serde/src/private/de.rs:2390:26\n     |\n2154 |     struct VariantRefDeserializer<'a, 'de: 'a, E>\n     |     --------------------------------------------- method `tuple_variant` not found for this struct\n...\n2390 |     let _ = deserializer.tuple_variant(1, visitor);\n     |                          ^^^^^^^^^^^^^\n     |\n    ::: serde/src/de/mod.rs:2169:8\n     |\n2169 |     fn tuple_variant<V>(self, len: usize, visitor: V) -> Result<V::Value, Self::Error>\n     |        ------------- the method is available for `__private::de::content::VariantRefDeserializer<'_, '_, _>` here\n     |\n     = help: items from traits can only be used if the trait is in scope\nhelp: there is a method `unit_variant` with a similar name, but with different arguments\n    --> serde/src/de/mod.rs:2071:5\n     |\n2071 |     fn unit_variant(self) -> Result<(), Self::Error>;\n     |     ^^^^^^^^^^^^^^^^^^^^^^^^^^^^^^^^^^^^^^^^^^^^^^^^^\nhelp: trait `VariantAccess` which provides `tuple_variant` is implemented but not in scope; perhaps you want to import it\n     |\n2361 +    use crate::de::VariantAccess;\n     |\n\nerror[E0599]: no method named `tuple_variant` found for struct `__private::de::content::VariantRefDeserializer` in the current scope\n    --> serde/src/private/de.rs:2396:31\n     |\n2154 |     struct VariantRefDeserializer<'a, 'de: 'a, E>\n     |     --------------------------------------------- method `tuple_variant` not found for this struct\n...\n2396 |     let result = deserializer.tuple_variant(1, visitor);\n     |                               ^^^^^^^^^^^^^\n     |\n    ::: serde/src/de/mod.rs:2169:8\n     |\n2169 |     fn tuple_variant<V>(self, len: usize, visitor: V) -> Result<V::Value, Self::Error>\n     |        ------------- the method is available for `__private::de::content::VariantRefDeserializer<'_, '_, _>` here\n     |\n     = help: items from traits can only be used if the trait is in scope\nhelp: there is a method `unit_variant` with a similar name, but with different arguments\n    --> serde/src/de/mod.rs:2071:5\n     |\n2071 |     fn unit_variant(self) -> Result<(), Self::Error>;\n     |     ^^^^^^^^^^^^^^^^^^^^^^^^^^^^^^^^^^^^^^^^^^^^^^^^^\nhelp: trait `VariantAccess` which provides `tuple_variant` is implemented but not in scope; perhaps you want to import it\n     |\n2361 +    use crate::de::VariantAccess;\n     |\n\nSome errors have detailed explanations: E0046, E0599.\nFor more information about an error, try `rustc --explain E0046`.\nerror: could not compile `serde` (lib test) due to 4 previous errors\n"
                }
              ],
              "repaired": [
                false,
                false
              ]
            },
            {
              "attrs": [],
              "prefix": [
                "{",
                "    let visitor = MockVisitor::new();",
                "    let deserializer = VariantRefDeserializer {",
                "        value: Some(&Content::Seq(vec![Content::U32(1), Content::U32(2)])),",
                "        err: PhantomData,",
                "    };",
                "    let _ = deserializer.tuple_variant(2, visitor);",
                "}"
              ],
              "oracles": [
                [
                  "    let visitor = MockVisitor::new();",
                  "    let deserializer = VariantRefDeserializer {",
                  "    value: Some(&Content::Seq(vec![Content::U32(1), Content::U32(2)])),",
                  "    err: PhantomData,",
                  "    };",
                  "    let result = deserializer.tuple_variant(2, visitor);",
                  "    assert!(result.is_ok());"
                ],
                [
                  "    let visitor = MockVisitor::new();",
                  "    let deserializer = VariantRefDeserializer {",
                  "    value: Some(&Content::Seq(vec![Content::U32(1), Content::U32(2)])),",
                  "    err: PhantomData,",
                  "    };",
                  "    let result = deserializer.tuple_variant(2, visitor);",
                  "    let err_result = deserializer.tuple_variant(2, MockVisitor);",
                  "    assert!(err_result.is_err());"
                ],
                [
                  "    let visitor = MockVisitor::new();",
                  "    let deserializer = VariantRefDeserializer {",
                  "    value: Some(&Content::Seq(vec![Content::U32(1), Content::U32(2)])),",
                  "    err: PhantomData,",
                  "    };",
                  "    let result = deserializer.tuple_variant(2, visitor);",
                  "    let err_result = deserializer.tuple_variant(2, MockVisitor);",
                  "    deserializer.value = None;",
                  "    let none_result = deserializer.tuple_variant(2, visitor);",
                  "    assert!(none_result.is_err());"
                ],
                [
                  "    let visitor = MockVisitor::new();",
                  "    let deserializer = VariantRefDeserializer {",
                  "    value: Some(&Content::Seq(vec![Content::U32(1), Content::U32(2)])),",
                  "    err: PhantomData,",
                  "    };",
                  "    let result = deserializer.tuple_variant(2, visitor);",
                  "    let err_result = deserializer.tuple_variant(2, MockVisitor);",
                  "    deserializer.value = None;",
                  "    let none_result = deserializer.tuple_variant(2, visitor);",
                  "    deserializer.value = Some(&Content::U32(1));",
                  "    let other_result = deserializer.tuple_variant(2, visitor);",
                  "    assert!(other_result.is_err());"
                ]
              ],
              "codes": [
                [
                  "{",
                  "    let visitor = MockVisitor::new();",
                  "    let deserializer = VariantRefDeserializer {",
                  "        value: Some(&Content::Seq(vec![Content::U32(1), Content::U32(2)])),",
                  "        err: PhantomData,",
                  "    };",
                  "    let _ = deserializer.tuple_variant(2, visitor);",
                  "    let visitor = MockVisitor::new();",
                  "    let deserializer = VariantRefDeserializer {",
                  "    value: Some(&Content::Seq(vec![Content::U32(1), Content::U32(2)])),",
                  "    err: PhantomData,",
                  "    };",
                  "    let result = deserializer.tuple_variant(2, visitor);",
                  "    assert!(result.is_ok());",
                  "}"
                ],
                [
                  "{",
                  "    let visitor = MockVisitor::new();",
                  "    let deserializer = VariantRefDeserializer {",
                  "        value: Some(&Content::Seq(vec![Content::U32(1), Content::U32(2)])),",
                  "        err: PhantomData,",
                  "    };",
                  "    let _ = deserializer.tuple_variant(2, visitor);",
                  "    let visitor = MockVisitor::new();",
                  "    let deserializer = VariantRefDeserializer {",
                  "    value: Some(&Content::Seq(vec![Content::U32(1), Content::U32(2)])),",
                  "    err: PhantomData,",
                  "    };",
                  "    let result = deserializer.tuple_variant(2, visitor);",
                  "    let err_result = deserializer.tuple_variant(2, MockVisitor);",
                  "    assert!(err_result.is_err());",
                  "}"
                ],
                [
                  "{",
                  "    let visitor = MockVisitor::new();",
                  "    let deserializer = VariantRefDeserializer {",
                  "        value: Some(&Content::Seq(vec![Content::U32(1), Content::U32(2)])),",
                  "        err: PhantomData,",
                  "    };",
                  "    let _ = deserializer.tuple_variant(2, visitor);",
                  "    let visitor = MockVisitor::new();",
                  "    let deserializer = VariantRefDeserializer {",
                  "    value: Some(&Content::Seq(vec![Content::U32(1), Content::U32(2)])),",
                  "    err: PhantomData,",
                  "    };",
                  "    let result = deserializer.tuple_variant(2, visitor);",
                  "    let err_result = deserializer.tuple_variant(2, MockVisitor);",
                  "    deserializer.value = None;",
                  "    let none_result = deserializer.tuple_variant(2, visitor);",
                  "    assert!(none_result.is_err());",
                  "}"
                ],
                [
                  "{",
                  "    let visitor = MockVisitor::new();",
                  "    let deserializer = VariantRefDeserializer {",
                  "        value: Some(&Content::Seq(vec![Content::U32(1), Content::U32(2)])),",
                  "        err: PhantomData,",
                  "    };",
                  "    let _ = deserializer.tuple_variant(2, visitor);",
                  "    let visitor = MockVisitor::new();",
                  "    let deserializer = VariantRefDeserializer {",
                  "    value: Some(&Content::Seq(vec![Content::U32(1), Content::U32(2)])),",
                  "    err: PhantomData,",
                  "    };",
                  "    let result = deserializer.tuple_variant(2, visitor);",
                  "    let err_result = deserializer.tuple_variant(2, MockVisitor);",
                  "    deserializer.value = None;",
                  "    let none_result = deserializer.tuple_variant(2, visitor);",
                  "    deserializer.value = Some(&Content::U32(1));",
                  "    let other_result = deserializer.tuple_variant(2, visitor);",
                  "    assert!(other_result.is_err());",
                  "}"
                ]
              ],
              "can_compile": [
                {
                  "Err": "   Compiling proc-macro2 v1.0.95\n   Compiling syn v1.0.109\n   Compiling serde_derive v1.0.219 (/home/utgen/workspace/serde/serde_derive)\n   Compiling serde v1.0.219 (/home/utgen/workspace/serde/serde)\n   Compiling quote v1.0.40\n   Compiling syn v2.0.100\n   Compiling ntest_timeout v0.9.3\n   Compiling ntest_test_cases v0.9.3\n   Compiling ntest v0.9.3\nerror: unused import: `ntest::timeout`\n    --> serde/src/private/de.rs:2362:8\n     |\n2362 |    use ntest::timeout;\n     |        ^^^^^^^^^^^^^^\n     |\nnote: the lint level is defined here\n    --> serde/src/lib.rs:159:23\n     |\n159  | #![deny(missing_docs, unused_imports)]\n     |                       ^^^^^^^^^^^^^^\n\nerror[E0046]: not all trait items implemented, missing: `expecting`\n    --> serde/src/private/de.rs:2371:1\n     |\n2371 | impl<'de> Visitor<'de> for MockVisitor {\n     | ^^^^^^^^^^^^^^^^^^^^^^^^^^^^^^^^^^^^^^ missing `expecting` in implementation\n     |\n    ::: serde/src/de/mod.rs:1310:5\n     |\n1310 |     fn expecting(&self, formatter: &mut fmt::Formatter) -> fmt::Result;\n     |     ------------------------------------------------------------------- `expecting` from trait\n\nerror[E0599]: no method named `tuple_variant` found for struct `__private::de::content::VariantRefDeserializer` in the current scope\n    --> serde/src/private/de.rs:2390:26\n     |\n2154 |     struct VariantRefDeserializer<'a, 'de: 'a, E>\n     |     --------------------------------------------- method `tuple_variant` not found for this struct\n...\n2390 |     let _ = deserializer.tuple_variant(2, visitor);\n     |                          ^^^^^^^^^^^^^\n     |\n    ::: serde/src/de/mod.rs:2169:8\n     |\n2169 |     fn tuple_variant<V>(self, len: usize, visitor: V) -> Result<V::Value, Self::Error>\n     |        ------------- the method is available for `__private::de::content::VariantRefDeserializer<'_, '_, _>` here\n     |\n     = help: items from traits can only be used if the trait is in scope\nhelp: there is a method `unit_variant` with a similar name, but with different arguments\n    --> serde/src/de/mod.rs:2071:5\n     |\n2071 |     fn unit_variant(self) -> Result<(), Self::Error>;\n     |     ^^^^^^^^^^^^^^^^^^^^^^^^^^^^^^^^^^^^^^^^^^^^^^^^^\nhelp: trait `VariantAccess` which provides `tuple_variant` is implemented but not in scope; perhaps you want to import it\n     |\n2361 +    use crate::de::VariantAccess;\n     |\n\nerror[E0599]: no method named `tuple_variant` found for struct `__private::de::content::VariantRefDeserializer` in the current scope\n    --> serde/src/private/de.rs:2396:31\n     |\n2154 |     struct VariantRefDeserializer<'a, 'de: 'a, E>\n     |     --------------------------------------------- method `tuple_variant` not found for this struct\n...\n2396 |     let result = deserializer.tuple_variant(2, visitor);\n     |                               ^^^^^^^^^^^^^\n     |\n    ::: serde/src/de/mod.rs:2169:8\n     |\n2169 |     fn tuple_variant<V>(self, len: usize, visitor: V) -> Result<V::Value, Self::Error>\n     |        ------------- the method is available for `__private::de::content::VariantRefDeserializer<'_, '_, _>` here\n     |\n     = help: items from traits can only be used if the trait is in scope\nhelp: there is a method `unit_variant` with a similar name, but with different arguments\n    --> serde/src/de/mod.rs:2071:5\n     |\n2071 |     fn unit_variant(self) -> Result<(), Self::Error>;\n     |     ^^^^^^^^^^^^^^^^^^^^^^^^^^^^^^^^^^^^^^^^^^^^^^^^^\nhelp: trait `VariantAccess` which provides `tuple_variant` is implemented but not in scope; perhaps you want to import it\n     |\n2361 +    use crate::de::VariantAccess;\n     |\n\nSome errors have detailed explanations: E0046, E0599.\nFor more information about an error, try `rustc --explain E0046`.\nerror: could not compile `serde` (lib test) due to 4 previous errors\n"
                },
                {
                  "Err": "   Compiling proc-macro2 v1.0.95\n   Compiling syn v1.0.109\n   Compiling serde_derive v1.0.219 (/home/utgen/workspace/serde/serde_derive)\n   Compiling serde v1.0.219 (/home/utgen/workspace/serde/serde)\n   Compiling quote v1.0.40\n   Compiling syn v2.0.100\n   Compiling ntest_timeout v0.9.3\n   Compiling ntest_test_cases v0.9.3\n   Compiling ntest v0.9.3\nerror: unused import: `ntest::timeout`\n    --> serde/src/private/de.rs:2362:8\n     |\n2362 |    use ntest::timeout;\n     |        ^^^^^^^^^^^^^^\n     |\nnote: the lint level is defined here\n    --> serde/src/lib.rs:159:23\n     |\n159  | #![deny(missing_docs, unused_imports)]\n     |                       ^^^^^^^^^^^^^^\n\nerror[E0046]: not all trait items implemented, missing: `expecting`\n    --> serde/src/private/de.rs:2371:1\n     |\n2371 | impl<'de> Visitor<'de> for MockVisitor {\n     | ^^^^^^^^^^^^^^^^^^^^^^^^^^^^^^^^^^^^^^ missing `expecting` in implementation\n     |\n    ::: serde/src/de/mod.rs:1310:5\n     |\n1310 |     fn expecting(&self, formatter: &mut fmt::Formatter) -> fmt::Result;\n     |     ------------------------------------------------------------------- `expecting` from trait\n\nerror[E0599]: no method named `tuple_variant` found for struct `__private::de::content::VariantRefDeserializer` in the current scope\n    --> serde/src/private/de.rs:2390:26\n     |\n2154 |     struct VariantRefDeserializer<'a, 'de: 'a, E>\n     |     --------------------------------------------- method `tuple_variant` not found for this struct\n...\n2390 |     let _ = deserializer.tuple_variant(2, visitor);\n     |                          ^^^^^^^^^^^^^\n     |\n    ::: serde/src/de/mod.rs:2169:8\n     |\n2169 |     fn tuple_variant<V>(self, len: usize, visitor: V) -> Result<V::Value, Self::Error>\n     |        ------------- the method is available for `__private::de::content::VariantRefDeserializer<'_, '_, _>` here\n     |\n     = help: items from traits can only be used if the trait is in scope\nhelp: there is a method `unit_variant` with a similar name, but with different arguments\n    --> serde/src/de/mod.rs:2071:5\n     |\n2071 |     fn unit_variant(self) -> Result<(), Self::Error>;\n     |     ^^^^^^^^^^^^^^^^^^^^^^^^^^^^^^^^^^^^^^^^^^^^^^^^^\nhelp: trait `VariantAccess` which provides `tuple_variant` is implemented but not in scope; perhaps you want to import it\n     |\n2361 +    use crate::de::VariantAccess;\n     |\n\nerror[E0599]: no method named `tuple_variant` found for struct `__private::de::content::VariantRefDeserializer` in the current scope\n    --> serde/src/private/de.rs:2396:31\n     |\n2154 |     struct VariantRefDeserializer<'a, 'de: 'a, E>\n     |     --------------------------------------------- method `tuple_variant` not found for this struct\n...\n2396 |     let result = deserializer.tuple_variant(2, visitor);\n     |                               ^^^^^^^^^^^^^\n     |\n    ::: serde/src/de/mod.rs:2169:8\n     |\n2169 |     fn tuple_variant<V>(self, len: usize, visitor: V) -> Result<V::Value, Self::Error>\n     |        ------------- the method is available for `__private::de::content::VariantRefDeserializer<'_, '_, _>` here\n     |\n     = help: items from traits can only be used if the trait is in scope\nhelp: there is a method `unit_variant` with a similar name, but with different arguments\n    --> serde/src/de/mod.rs:2071:5\n     |\n2071 |     fn unit_variant(self) -> Result<(), Self::Error>;\n     |     ^^^^^^^^^^^^^^^^^^^^^^^^^^^^^^^^^^^^^^^^^^^^^^^^^\nhelp: trait `VariantAccess` which provides `tuple_variant` is implemented but not in scope; perhaps you want to import it\n     |\n2361 +    use crate::de::VariantAccess;\n     |\n\nerror[E0599]: no method named `tuple_variant` found for struct `__private::de::content::VariantRefDeserializer` in the current scope\n    --> serde/src/private/de.rs:2397:35\n     |\n2154 |     struct VariantRefDeserializer<'a, 'de: 'a, E>\n     |     --------------------------------------------- method `tuple_variant` not found for this struct\n...\n2397 |     let err_result = deserializer.tuple_variant(2, MockVisitor);\n     |                                   ^^^^^^^^^^^^^\n     |\n    ::: serde/src/de/mod.rs:2169:8\n     |\n2169 |     fn tuple_variant<V>(self, len: usize, visitor: V) -> Result<V::Value, Self::Error>\n     |        ------------- the method is available for `__private::de::content::VariantRefDeserializer<'_, '_, _>` here\n     |\n     = help: items from traits can only be used if the trait is in scope\nhelp: there is a method `unit_variant` with a similar name, but with different arguments\n    --> serde/src/de/mod.rs:2071:5\n     |\n2071 |     fn unit_variant(self) -> Result<(), Self::Error>;\n     |     ^^^^^^^^^^^^^^^^^^^^^^^^^^^^^^^^^^^^^^^^^^^^^^^^^\nhelp: trait `VariantAccess` which provides `tuple_variant` is implemented but not in scope; perhaps you want to import it\n     |\n2361 +    use crate::de::VariantAccess;\n     |\n\nSome errors have detailed explanations: E0046, E0599.\nFor more information about an error, try `rustc --explain E0046`.\nerror: could not compile `serde` (lib test) due to 5 previous errors\n"
                },
                {
                  "Err": "   Compiling proc-macro2 v1.0.95\n   Compiling syn v1.0.109\n   Compiling serde_derive v1.0.219 (/home/utgen/workspace/serde/serde_derive)\n   Compiling serde v1.0.219 (/home/utgen/workspace/serde/serde)\n   Compiling quote v1.0.40\n   Compiling syn v2.0.100\n   Compiling ntest_timeout v0.9.3\n   Compiling ntest_test_cases v0.9.3\n   Compiling ntest v0.9.3\nerror: unused import: `ntest::timeout`\n    --> serde/src/private/de.rs:2362:8\n     |\n2362 |    use ntest::timeout;\n     |        ^^^^^^^^^^^^^^\n     |\nnote: the lint level is defined here\n    --> serde/src/lib.rs:159:23\n     |\n159  | #![deny(missing_docs, unused_imports)]\n     |                       ^^^^^^^^^^^^^^\n\nerror[E0046]: not all trait items implemented, missing: `expecting`\n    --> serde/src/private/de.rs:2371:1\n     |\n2371 | impl<'de> Visitor<'de> for MockVisitor {\n     | ^^^^^^^^^^^^^^^^^^^^^^^^^^^^^^^^^^^^^^ missing `expecting` in implementation\n     |\n    ::: serde/src/de/mod.rs:1310:5\n     |\n1310 |     fn expecting(&self, formatter: &mut fmt::Formatter) -> fmt::Result;\n     |     ------------------------------------------------------------------- `expecting` from trait\n\nerror[E0599]: no method named `tuple_variant` found for struct `__private::de::content::VariantRefDeserializer` in the current scope\n    --> serde/src/private/de.rs:2390:26\n     |\n2154 |     struct VariantRefDeserializer<'a, 'de: 'a, E>\n     |     --------------------------------------------- method `tuple_variant` not found for this struct\n...\n2390 |     let _ = deserializer.tuple_variant(2, visitor);\n     |                          ^^^^^^^^^^^^^\n     |\n    ::: serde/src/de/mod.rs:2169:8\n     |\n2169 |     fn tuple_variant<V>(self, len: usize, visitor: V) -> Result<V::Value, Self::Error>\n     |        ------------- the method is available for `__private::de::content::VariantRefDeserializer<'_, '_, _>` here\n     |\n     = help: items from traits can only be used if the trait is in scope\nhelp: there is a method `unit_variant` with a similar name, but with different arguments\n    --> serde/src/de/mod.rs:2071:5\n     |\n2071 |     fn unit_variant(self) -> Result<(), Self::Error>;\n     |     ^^^^^^^^^^^^^^^^^^^^^^^^^^^^^^^^^^^^^^^^^^^^^^^^^\nhelp: trait `VariantAccess` which provides `tuple_variant` is implemented but not in scope; perhaps you want to import it\n     |\n2361 +    use crate::de::VariantAccess;\n     |\n\nerror[E0599]: no method named `tuple_variant` found for struct `__private::de::content::VariantRefDeserializer` in the current scope\n    --> serde/src/private/de.rs:2396:31\n     |\n2154 |     struct VariantRefDeserializer<'a, 'de: 'a, E>\n     |     --------------------------------------------- method `tuple_variant` not found for this struct\n...\n2396 |     let result = deserializer.tuple_variant(2, visitor);\n     |                               ^^^^^^^^^^^^^\n     |\n    ::: serde/src/de/mod.rs:2169:8\n     |\n2169 |     fn tuple_variant<V>(self, len: usize, visitor: V) -> Result<V::Value, Self::Error>\n     |        ------------- the method is available for `__private::de::content::VariantRefDeserializer<'_, '_, _>` here\n     |\n     = help: items from traits can only be used if the trait is in scope\nhelp: there is a method `unit_variant` with a similar name, but with different arguments\n    --> serde/src/de/mod.rs:2071:5\n     |\n2071 |     fn unit_variant(self) -> Result<(), Self::Error>;\n     |     ^^^^^^^^^^^^^^^^^^^^^^^^^^^^^^^^^^^^^^^^^^^^^^^^^\nhelp: trait `VariantAccess` which provides `tuple_variant` is implemented but not in scope; perhaps you want to import it\n     |\n2361 +    use crate::de::VariantAccess;\n     |\n\nerror[E0599]: no method named `tuple_variant` found for struct `__private::de::content::VariantRefDeserializer` in the current scope\n    --> serde/src/private/de.rs:2397:35\n     |\n2154 |     struct VariantRefDeserializer<'a, 'de: 'a, E>\n     |     --------------------------------------------- method `tuple_variant` not found for this struct\n...\n2397 |     let err_result = deserializer.tuple_variant(2, MockVisitor);\n     |                                   ^^^^^^^^^^^^^\n     |\n    ::: serde/src/de/mod.rs:2169:8\n     |\n2169 |     fn tuple_variant<V>(self, len: usize, visitor: V) -> Result<V::Value, Self::Error>\n     |        ------------- the method is available for `__private::de::content::VariantRefDeserializer<'_, '_, _>` here\n     |\n     = help: items from traits can only be used if the trait is in scope\nhelp: there is a method `unit_variant` with a similar name, but with different arguments\n    --> serde/src/de/mod.rs:2071:5\n     |\n2071 |     fn unit_variant(self) -> Result<(), Self::Error>;\n     |     ^^^^^^^^^^^^^^^^^^^^^^^^^^^^^^^^^^^^^^^^^^^^^^^^^\nhelp: trait `VariantAccess` which provides `tuple_variant` is implemented but not in scope; perhaps you want to import it\n     |\n2361 +    use crate::de::VariantAccess;\n     |\n\nerror[E0599]: no method named `tuple_variant` found for struct `__private::de::content::VariantRefDeserializer` in the current scope\n    --> serde/src/private/de.rs:2399:36\n     |\n2154 |     struct VariantRefDeserializer<'a, 'de: 'a, E>\n     |     --------------------------------------------- method `tuple_variant` not found for this struct\n...\n2399 |     let none_result = deserializer.tuple_variant(2, visitor);\n     |                                    ^^^^^^^^^^^^^\n     |\n    ::: serde/src/de/mod.rs:2169:8\n     |\n2169 |     fn tuple_variant<V>(self, len: usize, visitor: V) -> Result<V::Value, Self::Error>\n     |        ------------- the method is available for `__private::de::content::VariantRefDeserializer<'_, '_, _>` here\n     |\n     = help: items from traits can only be used if the trait is in scope\nhelp: there is a method `unit_variant` with a similar name, but with different arguments\n    --> serde/src/de/mod.rs:2071:5\n     |\n2071 |     fn unit_variant(self) -> Result<(), Self::Error>;\n     |     ^^^^^^^^^^^^^^^^^^^^^^^^^^^^^^^^^^^^^^^^^^^^^^^^^\nhelp: trait `VariantAccess` which provides `tuple_variant` is implemented but not in scope; perhaps you want to import it\n     |\n2361 +    use crate::de::VariantAccess;\n     |\n\nSome errors have detailed explanations: E0046, E0599.\nFor more information about an error, try `rustc --explain E0046`.\nerror: could not compile `serde` (lib test) due to 6 previous errors\n"
                },
                {
                  "Err": "   Compiling proc-macro2 v1.0.95\n   Compiling syn v1.0.109\n   Compiling serde_derive v1.0.219 (/home/utgen/workspace/serde/serde_derive)\n   Compiling serde v1.0.219 (/home/utgen/workspace/serde/serde)\n   Compiling quote v1.0.40\n   Compiling syn v2.0.100\n   Compiling ntest_timeout v0.9.3\n   Compiling ntest_test_cases v0.9.3\n   Compiling ntest v0.9.3\nerror: unused import: `ntest::timeout`\n    --> serde/src/private/de.rs:2362:8\n     |\n2362 |    use ntest::timeout;\n     |        ^^^^^^^^^^^^^^\n     |\nnote: the lint level is defined here\n    --> serde/src/lib.rs:159:23\n     |\n159  | #![deny(missing_docs, unused_imports)]\n     |                       ^^^^^^^^^^^^^^\n\nerror[E0046]: not all trait items implemented, missing: `expecting`\n    --> serde/src/private/de.rs:2371:1\n     |\n2371 | impl<'de> Visitor<'de> for MockVisitor {\n     | ^^^^^^^^^^^^^^^^^^^^^^^^^^^^^^^^^^^^^^ missing `expecting` in implementation\n     |\n    ::: serde/src/de/mod.rs:1310:5\n     |\n1310 |     fn expecting(&self, formatter: &mut fmt::Formatter) -> fmt::Result;\n     |     ------------------------------------------------------------------- `expecting` from trait\n\nerror[E0599]: no method named `tuple_variant` found for struct `__private::de::content::VariantRefDeserializer` in the current scope\n    --> serde/src/private/de.rs:2390:26\n     |\n2154 |     struct VariantRefDeserializer<'a, 'de: 'a, E>\n     |     --------------------------------------------- method `tuple_variant` not found for this struct\n...\n2390 |     let _ = deserializer.tuple_variant(2, visitor);\n     |                          ^^^^^^^^^^^^^\n     |\n    ::: serde/src/de/mod.rs:2169:8\n     |\n2169 |     fn tuple_variant<V>(self, len: usize, visitor: V) -> Result<V::Value, Self::Error>\n     |        ------------- the method is available for `__private::de::content::VariantRefDeserializer<'_, '_, _>` here\n     |\n     = help: items from traits can only be used if the trait is in scope\nhelp: there is a method `unit_variant` with a similar name, but with different arguments\n    --> serde/src/de/mod.rs:2071:5\n     |\n2071 |     fn unit_variant(self) -> Result<(), Self::Error>;\n     |     ^^^^^^^^^^^^^^^^^^^^^^^^^^^^^^^^^^^^^^^^^^^^^^^^^\nhelp: trait `VariantAccess` which provides `tuple_variant` is implemented but not in scope; perhaps you want to import it\n     |\n2361 +    use crate::de::VariantAccess;\n     |\n\nerror[E0599]: no method named `tuple_variant` found for struct `__private::de::content::VariantRefDeserializer` in the current scope\n    --> serde/src/private/de.rs:2396:31\n     |\n2154 |     struct VariantRefDeserializer<'a, 'de: 'a, E>\n     |     --------------------------------------------- method `tuple_variant` not found for this struct\n...\n2396 |     let result = deserializer.tuple_variant(2, visitor);\n     |                               ^^^^^^^^^^^^^\n     |\n    ::: serde/src/de/mod.rs:2169:8\n     |\n2169 |     fn tuple_variant<V>(self, len: usize, visitor: V) -> Result<V::Value, Self::Error>\n     |        ------------- the method is available for `__private::de::content::VariantRefDeserializer<'_, '_, _>` here\n     |\n     = help: items from traits can only be used if the trait is in scope\nhelp: there is a method `unit_variant` with a similar name, but with different arguments\n    --> serde/src/de/mod.rs:2071:5\n     |\n2071 |     fn unit_variant(self) -> Result<(), Self::Error>;\n     |     ^^^^^^^^^^^^^^^^^^^^^^^^^^^^^^^^^^^^^^^^^^^^^^^^^\nhelp: trait `VariantAccess` which provides `tuple_variant` is implemented but not in scope; perhaps you want to import it\n     |\n2361 +    use crate::de::VariantAccess;\n     |\n\nerror[E0599]: no method named `tuple_variant` found for struct `__private::de::content::VariantRefDeserializer` in the current scope\n    --> serde/src/private/de.rs:2397:35\n     |\n2154 |     struct VariantRefDeserializer<'a, 'de: 'a, E>\n     |     --------------------------------------------- method `tuple_variant` not found for this struct\n...\n2397 |     let err_result = deserializer.tuple_variant(2, MockVisitor);\n     |                                   ^^^^^^^^^^^^^\n     |\n    ::: serde/src/de/mod.rs:2169:8\n     |\n2169 |     fn tuple_variant<V>(self, len: usize, visitor: V) -> Result<V::Value, Self::Error>\n     |        ------------- the method is available for `__private::de::content::VariantRefDeserializer<'_, '_, _>` here\n     |\n     = help: items from traits can only be used if the trait is in scope\nhelp: there is a method `unit_variant` with a similar name, but with different arguments\n    --> serde/src/de/mod.rs:2071:5\n     |\n2071 |     fn unit_variant(self) -> Result<(), Self::Error>;\n     |     ^^^^^^^^^^^^^^^^^^^^^^^^^^^^^^^^^^^^^^^^^^^^^^^^^\nhelp: trait `VariantAccess` which provides `tuple_variant` is implemented but not in scope; perhaps you want to import it\n     |\n2361 +    use crate::de::VariantAccess;\n     |\n\nerror[E0599]: no method named `tuple_variant` found for struct `__private::de::content::VariantRefDeserializer` in the current scope\n    --> serde/src/private/de.rs:2399:36\n     |\n2154 |     struct VariantRefDeserializer<'a, 'de: 'a, E>\n     |     --------------------------------------------- method `tuple_variant` not found for this struct\n...\n2399 |     let none_result = deserializer.tuple_variant(2, visitor);\n     |                                    ^^^^^^^^^^^^^\n     |\n    ::: serde/src/de/mod.rs:2169:8\n     |\n2169 |     fn tuple_variant<V>(self, len: usize, visitor: V) -> Result<V::Value, Self::Error>\n     |        ------------- the method is available for `__private::de::content::VariantRefDeserializer<'_, '_, _>` here\n     |\n     = help: items from traits can only be used if the trait is in scope\nhelp: there is a method `unit_variant` with a similar name, but with different arguments\n    --> serde/src/de/mod.rs:2071:5\n     |\n2071 |     fn unit_variant(self) -> Result<(), Self::Error>;\n     |     ^^^^^^^^^^^^^^^^^^^^^^^^^^^^^^^^^^^^^^^^^^^^^^^^^\nhelp: trait `VariantAccess` which provides `tuple_variant` is implemented but not in scope; perhaps you want to import it\n     |\n2361 +    use crate::de::VariantAccess;\n     |\n\nerror[E0599]: no method named `tuple_variant` found for struct `__private::de::content::VariantRefDeserializer` in the current scope\n    --> serde/src/private/de.rs:2401:37\n     |\n2154 |     struct VariantRefDeserializer<'a, 'de: 'a, E>\n     |     --------------------------------------------- method `tuple_variant` not found for this struct\n...\n2401 |     let other_result = deserializer.tuple_variant(2, visitor);\n     |                                     ^^^^^^^^^^^^^\n     |\n    ::: serde/src/de/mod.rs:2169:8\n     |\n2169 |     fn tuple_variant<V>(self, len: usize, visitor: V) -> Result<V::Value, Self::Error>\n     |        ------------- the method is available for `__private::de::content::VariantRefDeserializer<'_, '_, _>` here\n     |\n     = help: items from traits can only be used if the trait is in scope\nhelp: there is a method `unit_variant` with a similar name, but with different arguments\n    --> serde/src/de/mod.rs:2071:5\n     |\n2071 |     fn unit_variant(self) -> Result<(), Self::Error>;\n     |     ^^^^^^^^^^^^^^^^^^^^^^^^^^^^^^^^^^^^^^^^^^^^^^^^^\nhelp: trait `VariantAccess` which provides `tuple_variant` is implemented but not in scope; perhaps you want to import it\n     |\n2361 +    use crate::de::VariantAccess;\n     |\n\nSome errors have detailed explanations: E0046, E0599.\nFor more information about an error, try `rustc --explain E0046`.\nerror: could not compile `serde` (lib test) due to 7 previous errors\n"
                }
              ],
              "repaired": [
                false,
                false,
                false,
                false
              ]
            },
            {
              "attrs": [],
              "prefix": [
                "{",
                "    let visitor = MockVisitor::new();",
                "    let deserializer = VariantRefDeserializer {",
                "        value: Some(&Content::U32(42)),",
                "        err: PhantomData,",
                "    };",
                "    let _ = deserializer.tuple_variant(1, visitor);",
                "}"
              ],
              "oracles": [
                [
                  "    let visitor = MockVisitor::new();",
                  "    let deserializer = VariantRefDeserializer {",
                  "    value: Some(&Content::U32(42)),",
                  "    err: PhantomData,",
                  "    };",
                  "    let result = deserializer.tuple_variant(1, visitor);",
                  "    assert!(result.is_err());"
                ],
                [
                  "    let visitor = MockVisitor::new();",
                  "    let deserializer = VariantRefDeserializer {",
                  "    value: Some(&Content::U32(42)),",
                  "    err: PhantomData,",
                  "    };",
                  "    let result = deserializer.tuple_variant(1, visitor);",
                  "    assert_eq!(result.unwrap_err().unexpected(), Unexpected::Unsigned(42));"
                ]
              ],
              "codes": [
                [
                  "{",
                  "    let visitor = MockVisitor::new();",
                  "    let deserializer = VariantRefDeserializer {",
                  "        value: Some(&Content::U32(42)),",
                  "        err: PhantomData,",
                  "    };",
                  "    let _ = deserializer.tuple_variant(1, visitor);",
                  "    let visitor = MockVisitor::new();",
                  "    let deserializer = VariantRefDeserializer {",
                  "    value: Some(&Content::U32(42)),",
                  "    err: PhantomData,",
                  "    };",
                  "    let result = deserializer.tuple_variant(1, visitor);",
                  "    assert!(result.is_err());",
                  "}"
                ],
                [
                  "{",
                  "    let visitor = MockVisitor::new();",
                  "    let deserializer = VariantRefDeserializer {",
                  "        value: Some(&Content::U32(42)),",
                  "        err: PhantomData,",
                  "    };",
                  "    let _ = deserializer.tuple_variant(1, visitor);",
                  "    let visitor = MockVisitor::new();",
                  "    let deserializer = VariantRefDeserializer {",
                  "    value: Some(&Content::U32(42)),",
                  "    err: PhantomData,",
                  "    };",
                  "    let result = deserializer.tuple_variant(1, visitor);",
                  "    assert_eq!(result.unwrap_err().unexpected(), Unexpected::Unsigned(42));",
                  "}"
                ]
              ],
              "can_compile": [
                {
                  "Err": "   Compiling proc-macro2 v1.0.95\n   Compiling syn v1.0.109\n   Compiling serde_derive v1.0.219 (/home/utgen/workspace/serde/serde_derive)\n   Compiling serde v1.0.219 (/home/utgen/workspace/serde/serde)\n   Compiling quote v1.0.40\n   Compiling syn v2.0.100\n   Compiling ntest_test_cases v0.9.3\n   Compiling ntest_timeout v0.9.3\n   Compiling ntest v0.9.3\nerror: unused import: `ntest::timeout`\n    --> serde/src/private/de.rs:2362:8\n     |\n2362 |    use ntest::timeout;\n     |        ^^^^^^^^^^^^^^\n     |\nnote: the lint level is defined here\n    --> serde/src/lib.rs:159:23\n     |\n159  | #![deny(missing_docs, unused_imports)]\n     |                       ^^^^^^^^^^^^^^\n\nerror[E0046]: not all trait items implemented, missing: `expecting`\n    --> serde/src/private/de.rs:2371:1\n     |\n2371 | impl<'de> Visitor<'de> for MockVisitor {\n     | ^^^^^^^^^^^^^^^^^^^^^^^^^^^^^^^^^^^^^^ missing `expecting` in implementation\n     |\n    ::: serde/src/de/mod.rs:1310:5\n     |\n1310 |     fn expecting(&self, formatter: &mut fmt::Formatter) -> fmt::Result;\n     |     ------------------------------------------------------------------- `expecting` from trait\n\nerror[E0599]: no method named `tuple_variant` found for struct `__private::de::content::VariantRefDeserializer` in the current scope\n    --> serde/src/private/de.rs:2390:26\n     |\n2154 |     struct VariantRefDeserializer<'a, 'de: 'a, E>\n     |     --------------------------------------------- method `tuple_variant` not found for this struct\n...\n2390 |     let _ = deserializer.tuple_variant(1, visitor);\n     |                          ^^^^^^^^^^^^^\n     |\n    ::: serde/src/de/mod.rs:2169:8\n     |\n2169 |     fn tuple_variant<V>(self, len: usize, visitor: V) -> Result<V::Value, Self::Error>\n     |        ------------- the method is available for `__private::de::content::VariantRefDeserializer<'_, '_, _>` here\n     |\n     = help: items from traits can only be used if the trait is in scope\nhelp: there is a method `unit_variant` with a similar name, but with different arguments\n    --> serde/src/de/mod.rs:2071:5\n     |\n2071 |     fn unit_variant(self) -> Result<(), Self::Error>;\n     |     ^^^^^^^^^^^^^^^^^^^^^^^^^^^^^^^^^^^^^^^^^^^^^^^^^\nhelp: trait `VariantAccess` which provides `tuple_variant` is implemented but not in scope; perhaps you want to import it\n     |\n2361 +    use crate::de::VariantAccess;\n     |\n\nerror[E0599]: no method named `tuple_variant` found for struct `__private::de::content::VariantRefDeserializer` in the current scope\n    --> serde/src/private/de.rs:2396:31\n     |\n2154 |     struct VariantRefDeserializer<'a, 'de: 'a, E>\n     |     --------------------------------------------- method `tuple_variant` not found for this struct\n...\n2396 |     let result = deserializer.tuple_variant(1, visitor);\n     |                               ^^^^^^^^^^^^^\n     |\n    ::: serde/src/de/mod.rs:2169:8\n     |\n2169 |     fn tuple_variant<V>(self, len: usize, visitor: V) -> Result<V::Value, Self::Error>\n     |        ------------- the method is available for `__private::de::content::VariantRefDeserializer<'_, '_, _>` here\n     |\n     = help: items from traits can only be used if the trait is in scope\nhelp: there is a method `unit_variant` with a similar name, but with different arguments\n    --> serde/src/de/mod.rs:2071:5\n     |\n2071 |     fn unit_variant(self) -> Result<(), Self::Error>;\n     |     ^^^^^^^^^^^^^^^^^^^^^^^^^^^^^^^^^^^^^^^^^^^^^^^^^\nhelp: trait `VariantAccess` which provides `tuple_variant` is implemented but not in scope; perhaps you want to import it\n     |\n2361 +    use crate::de::VariantAccess;\n     |\n\nSome errors have detailed explanations: E0046, E0599.\nFor more information about an error, try `rustc --explain E0046`.\nerror: could not compile `serde` (lib test) due to 4 previous errors\n"
                },
                {
                  "Err": "   Compiling proc-macro2 v1.0.95\n   Compiling syn v1.0.109\n   Compiling serde_derive v1.0.219 (/home/utgen/workspace/serde/serde_derive)\n   Compiling serde v1.0.219 (/home/utgen/workspace/serde/serde)\n   Compiling quote v1.0.40\n   Compiling syn v2.0.100\n   Compiling ntest_timeout v0.9.3\n   Compiling ntest_test_cases v0.9.3\n   Compiling ntest v0.9.3\nerror: unused import: `ntest::timeout`\n    --> serde/src/private/de.rs:2362:8\n     |\n2362 |    use ntest::timeout;\n     |        ^^^^^^^^^^^^^^\n     |\nnote: the lint level is defined here\n    --> serde/src/lib.rs:159:23\n     |\n159  | #![deny(missing_docs, unused_imports)]\n     |                       ^^^^^^^^^^^^^^\n\nerror[E0046]: not all trait items implemented, missing: `expecting`\n    --> serde/src/private/de.rs:2371:1\n     |\n2371 | impl<'de> Visitor<'de> for MockVisitor {\n     | ^^^^^^^^^^^^^^^^^^^^^^^^^^^^^^^^^^^^^^ missing `expecting` in implementation\n     |\n    ::: serde/src/de/mod.rs:1310:5\n     |\n1310 |     fn expecting(&self, formatter: &mut fmt::Formatter) -> fmt::Result;\n     |     ------------------------------------------------------------------- `expecting` from trait\n\nerror[E0599]: no method named `tuple_variant` found for struct `__private::de::content::VariantRefDeserializer` in the current scope\n    --> serde/src/private/de.rs:2390:26\n     |\n2154 |     struct VariantRefDeserializer<'a, 'de: 'a, E>\n     |     --------------------------------------------- method `tuple_variant` not found for this struct\n...\n2390 |     let _ = deserializer.tuple_variant(1, visitor);\n     |                          ^^^^^^^^^^^^^\n     |\n    ::: serde/src/de/mod.rs:2169:8\n     |\n2169 |     fn tuple_variant<V>(self, len: usize, visitor: V) -> Result<V::Value, Self::Error>\n     |        ------------- the method is available for `__private::de::content::VariantRefDeserializer<'_, '_, _>` here\n     |\n     = help: items from traits can only be used if the trait is in scope\nhelp: there is a method `unit_variant` with a similar name, but with different arguments\n    --> serde/src/de/mod.rs:2071:5\n     |\n2071 |     fn unit_variant(self) -> Result<(), Self::Error>;\n     |     ^^^^^^^^^^^^^^^^^^^^^^^^^^^^^^^^^^^^^^^^^^^^^^^^^\nhelp: trait `VariantAccess` which provides `tuple_variant` is implemented but not in scope; perhaps you want to import it\n     |\n2361 +    use crate::de::VariantAccess;\n     |\n\nerror[E0599]: no method named `tuple_variant` found for struct `__private::de::content::VariantRefDeserializer` in the current scope\n    --> serde/src/private/de.rs:2396:31\n     |\n2154 |     struct VariantRefDeserializer<'a, 'de: 'a, E>\n     |     --------------------------------------------- method `tuple_variant` not found for this struct\n...\n2396 |     let result = deserializer.tuple_variant(1, visitor);\n     |                               ^^^^^^^^^^^^^\n     |\n    ::: serde/src/de/mod.rs:2169:8\n     |\n2169 |     fn tuple_variant<V>(self, len: usize, visitor: V) -> Result<V::Value, Self::Error>\n     |        ------------- the method is available for `__private::de::content::VariantRefDeserializer<'_, '_, _>` here\n     |\n     = help: items from traits can only be used if the trait is in scope\nhelp: there is a method `unit_variant` with a similar name, but with different arguments\n    --> serde/src/de/mod.rs:2071:5\n     |\n2071 |     fn unit_variant(self) -> Result<(), Self::Error>;\n     |     ^^^^^^^^^^^^^^^^^^^^^^^^^^^^^^^^^^^^^^^^^^^^^^^^^\nhelp: trait `VariantAccess` which provides `tuple_variant` is implemented but not in scope; perhaps you want to import it\n     |\n2361 +    use crate::de::VariantAccess;\n     |\n\nSome errors have detailed explanations: E0046, E0599.\nFor more information about an error, try `rustc --explain E0046`.\nerror: could not compile `serde` (lib test) due to 4 previous errors\n"
                }
              ],
              "repaired": [
                false,
                false
              ]
            },
            {
              "attrs": [],
              "prefix": [
                "{",
                "    let visitor = MockVisitor::new();",
                "    let deserializer = VariantRefDeserializer {",
                "        value: None,",
                "        err: PhantomData,",
                "    };",
                "    let _ = deserializer.tuple_variant(1, visitor);",
                "}"
              ],
              "oracles": [
                [
                  "    let visitor = MockVisitor::new();",
                  "    let deserializer = VariantRefDeserializer { value: None, err: PhantomData };",
                  "    let result = deserializer.tuple_variant(1, visitor);",
                  "    assert!(result.is_err());"
                ],
                [
                  "    let visitor = MockVisitor::new();",
                  "    let deserializer = VariantRefDeserializer { value: None, err: PhantomData };",
                  "    let result = deserializer.tuple_variant(1, visitor);",
                  "    assert_eq!(result.unwrap_err().unexpected(), de::Unexpected::UnitVariant);"
                ]
              ],
              "codes": [
                [
                  "{",
                  "    let visitor = MockVisitor::new();",
                  "    let deserializer = VariantRefDeserializer {",
                  "        value: None,",
                  "        err: PhantomData,",
                  "    };",
                  "    let _ = deserializer.tuple_variant(1, visitor);",
                  "    let visitor = MockVisitor::new();",
                  "    let deserializer = VariantRefDeserializer { value: None, err: PhantomData };",
                  "    let result = deserializer.tuple_variant(1, visitor);",
                  "    assert!(result.is_err());",
                  "}"
                ],
                [
                  "{",
                  "    let visitor = MockVisitor::new();",
                  "    let deserializer = VariantRefDeserializer {",
                  "        value: None,",
                  "        err: PhantomData,",
                  "    };",
                  "    let _ = deserializer.tuple_variant(1, visitor);",
                  "    let visitor = MockVisitor::new();",
                  "    let deserializer = VariantRefDeserializer { value: None, err: PhantomData };",
                  "    let result = deserializer.tuple_variant(1, visitor);",
                  "    assert_eq!(result.unwrap_err().unexpected(), de::Unexpected::UnitVariant);",
                  "}"
                ]
              ],
              "can_compile": [
                {
                  "Err": "   Compiling proc-macro2 v1.0.95\n   Compiling syn v1.0.109\n   Compiling serde_derive v1.0.219 (/home/utgen/workspace/serde/serde_derive)\n   Compiling serde v1.0.219 (/home/utgen/workspace/serde/serde)\n   Compiling quote v1.0.40\n   Compiling syn v2.0.100\n   Compiling ntest_test_cases v0.9.3\n   Compiling ntest_timeout v0.9.3\n   Compiling ntest v0.9.3\nerror: unused import: `ntest::timeout`\n    --> serde/src/private/de.rs:2362:8\n     |\n2362 |    use ntest::timeout;\n     |        ^^^^^^^^^^^^^^\n     |\nnote: the lint level is defined here\n    --> serde/src/lib.rs:159:23\n     |\n159  | #![deny(missing_docs, unused_imports)]\n     |                       ^^^^^^^^^^^^^^\n\nerror[E0046]: not all trait items implemented, missing: `expecting`\n    --> serde/src/private/de.rs:2371:1\n     |\n2371 | impl<'de> Visitor<'de> for MockVisitor {\n     | ^^^^^^^^^^^^^^^^^^^^^^^^^^^^^^^^^^^^^^ missing `expecting` in implementation\n     |\n    ::: serde/src/de/mod.rs:1310:5\n     |\n1310 |     fn expecting(&self, formatter: &mut fmt::Formatter) -> fmt::Result;\n     |     ------------------------------------------------------------------- `expecting` from trait\n\nerror[E0599]: no method named `tuple_variant` found for struct `__private::de::content::VariantRefDeserializer` in the current scope\n    --> serde/src/private/de.rs:2390:26\n     |\n2154 |     struct VariantRefDeserializer<'a, 'de: 'a, E>\n     |     --------------------------------------------- method `tuple_variant` not found for this struct\n...\n2390 |     let _ = deserializer.tuple_variant(1, visitor);\n     |                          ^^^^^^^^^^^^^\n     |\n    ::: serde/src/de/mod.rs:2169:8\n     |\n2169 |     fn tuple_variant<V>(self, len: usize, visitor: V) -> Result<V::Value, Self::Error>\n     |        ------------- the method is available for `__private::de::content::VariantRefDeserializer<'_, '_, _>` here\n     |\n     = help: items from traits can only be used if the trait is in scope\nhelp: there is a method `unit_variant` with a similar name, but with different arguments\n    --> serde/src/de/mod.rs:2071:5\n     |\n2071 |     fn unit_variant(self) -> Result<(), Self::Error>;\n     |     ^^^^^^^^^^^^^^^^^^^^^^^^^^^^^^^^^^^^^^^^^^^^^^^^^\nhelp: trait `VariantAccess` which provides `tuple_variant` is implemented but not in scope; perhaps you want to import it\n     |\n2361 +    use crate::de::VariantAccess;\n     |\n\nerror[E0599]: no method named `tuple_variant` found for struct `__private::de::content::VariantRefDeserializer` in the current scope\n    --> serde/src/private/de.rs:2393:31\n     |\n2154 |     struct VariantRefDeserializer<'a, 'de: 'a, E>\n     |     --------------------------------------------- method `tuple_variant` not found for this struct\n...\n2393 |     let result = deserializer.tuple_variant(1, visitor);\n     |                               ^^^^^^^^^^^^^\n     |\n    ::: serde/src/de/mod.rs:2169:8\n     |\n2169 |     fn tuple_variant<V>(self, len: usize, visitor: V) -> Result<V::Value, Self::Error>\n     |        ------------- the method is available for `__private::de::content::VariantRefDeserializer<'_, '_, _>` here\n     |\n     = help: items from traits can only be used if the trait is in scope\nhelp: there is a method `unit_variant` with a similar name, but with different arguments\n    --> serde/src/de/mod.rs:2071:5\n     |\n2071 |     fn unit_variant(self) -> Result<(), Self::Error>;\n     |     ^^^^^^^^^^^^^^^^^^^^^^^^^^^^^^^^^^^^^^^^^^^^^^^^^\nhelp: trait `VariantAccess` which provides `tuple_variant` is implemented but not in scope; perhaps you want to import it\n     |\n2361 +    use crate::de::VariantAccess;\n     |\n\nSome errors have detailed explanations: E0046, E0599.\nFor more information about an error, try `rustc --explain E0046`.\nerror: could not compile `serde` (lib test) due to 4 previous errors\n"
                },
                {
                  "Err": "   Compiling proc-macro2 v1.0.95\n   Compiling syn v1.0.109\n   Compiling serde_derive v1.0.219 (/home/utgen/workspace/serde/serde_derive)\n   Compiling serde v1.0.219 (/home/utgen/workspace/serde/serde)\n   Compiling quote v1.0.40\n   Compiling syn v2.0.100\n   Compiling ntest_timeout v0.9.3\n   Compiling ntest_test_cases v0.9.3\n   Compiling ntest v0.9.3\nerror: unused import: `ntest::timeout`\n    --> serde/src/private/de.rs:2362:8\n     |\n2362 |    use ntest::timeout;\n     |        ^^^^^^^^^^^^^^\n     |\nnote: the lint level is defined here\n    --> serde/src/lib.rs:159:23\n     |\n159  | #![deny(missing_docs, unused_imports)]\n     |                       ^^^^^^^^^^^^^^\n\nerror[E0046]: not all trait items implemented, missing: `expecting`\n    --> serde/src/private/de.rs:2371:1\n     |\n2371 | impl<'de> Visitor<'de> for MockVisitor {\n     | ^^^^^^^^^^^^^^^^^^^^^^^^^^^^^^^^^^^^^^ missing `expecting` in implementation\n     |\n    ::: serde/src/de/mod.rs:1310:5\n     |\n1310 |     fn expecting(&self, formatter: &mut fmt::Formatter) -> fmt::Result;\n     |     ------------------------------------------------------------------- `expecting` from trait\n\nerror[E0599]: no method named `tuple_variant` found for struct `__private::de::content::VariantRefDeserializer` in the current scope\n    --> serde/src/private/de.rs:2390:26\n     |\n2154 |     struct VariantRefDeserializer<'a, 'de: 'a, E>\n     |     --------------------------------------------- method `tuple_variant` not found for this struct\n...\n2390 |     let _ = deserializer.tuple_variant(1, visitor);\n     |                          ^^^^^^^^^^^^^\n     |\n    ::: serde/src/de/mod.rs:2169:8\n     |\n2169 |     fn tuple_variant<V>(self, len: usize, visitor: V) -> Result<V::Value, Self::Error>\n     |        ------------- the method is available for `__private::de::content::VariantRefDeserializer<'_, '_, _>` here\n     |\n     = help: items from traits can only be used if the trait is in scope\nhelp: there is a method `unit_variant` with a similar name, but with different arguments\n    --> serde/src/de/mod.rs:2071:5\n     |\n2071 |     fn unit_variant(self) -> Result<(), Self::Error>;\n     |     ^^^^^^^^^^^^^^^^^^^^^^^^^^^^^^^^^^^^^^^^^^^^^^^^^\nhelp: trait `VariantAccess` which provides `tuple_variant` is implemented but not in scope; perhaps you want to import it\n     |\n2361 +    use crate::de::VariantAccess;\n     |\n\nerror[E0599]: no method named `tuple_variant` found for struct `__private::de::content::VariantRefDeserializer` in the current scope\n    --> serde/src/private/de.rs:2393:31\n     |\n2154 |     struct VariantRefDeserializer<'a, 'de: 'a, E>\n     |     --------------------------------------------- method `tuple_variant` not found for this struct\n...\n2393 |     let result = deserializer.tuple_variant(1, visitor);\n     |                               ^^^^^^^^^^^^^\n     |\n    ::: serde/src/de/mod.rs:2169:8\n     |\n2169 |     fn tuple_variant<V>(self, len: usize, visitor: V) -> Result<V::Value, Self::Error>\n     |        ------------- the method is available for `__private::de::content::VariantRefDeserializer<'_, '_, _>` here\n     |\n     = help: items from traits can only be used if the trait is in scope\nhelp: there is a method `unit_variant` with a similar name, but with different arguments\n    --> serde/src/de/mod.rs:2071:5\n     |\n2071 |     fn unit_variant(self) -> Result<(), Self::Error>;\n     |     ^^^^^^^^^^^^^^^^^^^^^^^^^^^^^^^^^^^^^^^^^^^^^^^^^\nhelp: trait `VariantAccess` which provides `tuple_variant` is implemented but not in scope; perhaps you want to import it\n     |\n2361 +    use crate::de::VariantAccess;\n     |\n\nSome errors have detailed explanations: E0046, E0599.\nFor more information about an error, try `rustc --explain E0046`.\nerror: could not compile `serde` (lib test) due to 4 previous errors\n"
                }
              ],
              "repaired": [
                false,
                false
              ]
            }
          ]
        }
      ]
    },
    {
      "chain_id": 3,
      "prompt_conds": [
        "// constraint: self.value matches None is true\n",
        "// expected return value/type: Err(de::Error::invalid_type(\n                    de::Unexpected::UnitVariant,\n                    &\"tuple variant\",\n                ))\n"
      ],
      "input_infer": "self.value: None, _len: any size (0, 1, 2, ...), visitor: any type that implements de::Visitor<'de>\n",
      "answers": [
        {
          "uses": [],
          "has_test_mod": false,
          "common": [],
          "chain_tests": [
            {
              "attrs": [],
              "prefix": [
                "{",
                "    struct TestVisitor;",
                "",
                "    impl<'de> de::Visitor<'de> for TestVisitor {",
                "        type Value = ();",
                "        // Implementation not necessary for test input generation",
                "    }",
                "",
                "    let deserializer = VariantRefDeserializer {",
                "        value: None,",
                "        err: PhantomData,",
                "    };",
                "",
                "    let _result = deserializer.tuple_variant(0, TestVisitor);",
                "}"
              ],
              "oracles": [
                [
                  "    let deserializer = VariantRefDeserializer { value: None, err: PhantomData };",
                  "    let result = deserializer.tuple_variant(0, TestVisitor);",
                  "    assert!(result.is_err());"
                ],
                [
                  "    let deserializer = VariantRefDeserializer { value: None, err: PhantomData };",
                  "    let result = deserializer.tuple_variant(0, TestVisitor);",
                  "    assert_eq!(result.err(), Some(de::Error::invalid_type(de::Unexpected::UnitVariant, &\"tuple variant\")));"
                ]
              ],
              "codes": [
                [
                  "{",
                  "    struct TestVisitor;",
                  "",
                  "    impl<'de> de::Visitor<'de> for TestVisitor {",
                  "        type Value = ();",
                  "        // Implementation not necessary for test input generation",
                  "    }",
                  "",
                  "    let deserializer = VariantRefDeserializer {",
                  "        value: None,",
                  "        err: PhantomData,",
                  "    };",
                  "",
                  "    let _result = deserializer.tuple_variant(0, TestVisitor);",
                  "    let deserializer = VariantRefDeserializer { value: None, err: PhantomData };",
                  "    let result = deserializer.tuple_variant(0, TestVisitor);",
                  "    assert!(result.is_err());",
                  "}"
                ],
                [
                  "{",
                  "    struct TestVisitor;",
                  "",
                  "    impl<'de> de::Visitor<'de> for TestVisitor {",
                  "        type Value = ();",
                  "        // Implementation not necessary for test input generation",
                  "    }",
                  "",
                  "    let deserializer = VariantRefDeserializer {",
                  "        value: None,",
                  "        err: PhantomData,",
                  "    };",
                  "",
                  "    let _result = deserializer.tuple_variant(0, TestVisitor);",
                  "    let deserializer = VariantRefDeserializer { value: None, err: PhantomData };",
                  "    let result = deserializer.tuple_variant(0, TestVisitor);",
                  "    assert_eq!(result.err(), Some(de::Error::invalid_type(de::Unexpected::UnitVariant, &\"tuple variant\")));",
                  "}"
                ]
              ],
              "can_compile": [
                {
                  "Err": "   Compiling proc-macro2 v1.0.95\n   Compiling syn v1.0.109\n   Compiling serde_derive v1.0.219 (/home/utgen/workspace/serde/serde_derive)\n   Compiling serde v1.0.219 (/home/utgen/workspace/serde/serde)\n   Compiling quote v1.0.40\n   Compiling syn v2.0.100\n   Compiling ntest_test_cases v0.9.3\n   Compiling ntest_timeout v0.9.3\n   Compiling ntest v0.9.3\nerror: unused import: `ntest::timeout`\n    --> serde/src/private/de.rs:2362:8\n     |\n2362 |    use ntest::timeout;\n     |        ^^^^^^^^^^^^^^\n     |\nnote: the lint level is defined here\n    --> serde/src/lib.rs:159:23\n     |\n159  | #![deny(missing_docs, unused_imports)]\n     |                       ^^^^^^^^^^^^^^\n\nerror[E0046]: not all trait items implemented, missing: `expecting`\n    --> serde/src/private/de.rs:2368:5\n     |\n2368 |     impl<'de> de::Visitor<'de> for TestVisitor {\n     |     ^^^^^^^^^^^^^^^^^^^^^^^^^^^^^^^^^^^^^^^^^^ missing `expecting` in implementation\n     |\n    ::: serde/src/de/mod.rs:1310:5\n     |\n1310 |     fn expecting(&self, formatter: &mut fmt::Formatter) -> fmt::Result;\n     |     ------------------------------------------------------------------- `expecting` from trait\n\nerror[E0599]: no method named `tuple_variant` found for struct `__private::de::content::VariantRefDeserializer` in the current scope\n    --> serde/src/private/de.rs:2378:32\n     |\n2154 |     struct VariantRefDeserializer<'a, 'de: 'a, E>\n     |     --------------------------------------------- method `tuple_variant` not found for this struct\n...\n2378 |     let _result = deserializer.tuple_variant(0, TestVisitor);\n     |                                ^^^^^^^^^^^^^\n     |\n    ::: serde/src/de/mod.rs:2169:8\n     |\n2169 |     fn tuple_variant<V>(self, len: usize, visitor: V) -> Result<V::Value, Self::Error>\n     |        ------------- the method is available for `__private::de::content::VariantRefDeserializer<'_, '_, _>` here\n     |\n     = help: items from traits can only be used if the trait is in scope\nhelp: there is a method `unit_variant` with a similar name, but with different arguments\n    --> serde/src/de/mod.rs:2071:5\n     |\n2071 |     fn unit_variant(self) -> Result<(), Self::Error>;\n     |     ^^^^^^^^^^^^^^^^^^^^^^^^^^^^^^^^^^^^^^^^^^^^^^^^^\nhelp: trait `VariantAccess` which provides `tuple_variant` is implemented but not in scope; perhaps you want to import it\n     |\n2361 +    use crate::de::VariantAccess;\n     |\n\nerror[E0599]: no method named `tuple_variant` found for struct `__private::de::content::VariantRefDeserializer` in the current scope\n    --> serde/src/private/de.rs:2380:31\n     |\n2154 |     struct VariantRefDeserializer<'a, 'de: 'a, E>\n     |     --------------------------------------------- method `tuple_variant` not found for this struct\n...\n2380 |     let result = deserializer.tuple_variant(0, TestVisitor);\n     |                               ^^^^^^^^^^^^^\n     |\n    ::: serde/src/de/mod.rs:2169:8\n     |\n2169 |     fn tuple_variant<V>(self, len: usize, visitor: V) -> Result<V::Value, Self::Error>\n     |        ------------- the method is available for `__private::de::content::VariantRefDeserializer<'_, '_, _>` here\n     |\n     = help: items from traits can only be used if the trait is in scope\nhelp: there is a method `unit_variant` with a similar name, but with different arguments\n    --> serde/src/de/mod.rs:2071:5\n     |\n2071 |     fn unit_variant(self) -> Result<(), Self::Error>;\n     |     ^^^^^^^^^^^^^^^^^^^^^^^^^^^^^^^^^^^^^^^^^^^^^^^^^\nhelp: trait `VariantAccess` which provides `tuple_variant` is implemented but not in scope; perhaps you want to import it\n     |\n2361 +    use crate::de::VariantAccess;\n     |\n\nSome errors have detailed explanations: E0046, E0599.\nFor more information about an error, try `rustc --explain E0046`.\nerror: could not compile `serde` (lib test) due to 4 previous errors\n"
                },
                {
                  "Err": "   Compiling proc-macro2 v1.0.95\n   Compiling syn v1.0.109\n   Compiling serde_derive v1.0.219 (/home/utgen/workspace/serde/serde_derive)\n   Compiling serde v1.0.219 (/home/utgen/workspace/serde/serde)\n   Compiling quote v1.0.40\n   Compiling syn v2.0.100\n   Compiling ntest_test_cases v0.9.3\n   Compiling ntest_timeout v0.9.3\n   Compiling ntest v0.9.3\nerror: unused import: `ntest::timeout`\n    --> serde/src/private/de.rs:2362:8\n     |\n2362 |    use ntest::timeout;\n     |        ^^^^^^^^^^^^^^\n     |\nnote: the lint level is defined here\n    --> serde/src/lib.rs:159:23\n     |\n159  | #![deny(missing_docs, unused_imports)]\n     |                       ^^^^^^^^^^^^^^\n\nerror[E0046]: not all trait items implemented, missing: `expecting`\n    --> serde/src/private/de.rs:2368:5\n     |\n2368 |     impl<'de> de::Visitor<'de> for TestVisitor {\n     |     ^^^^^^^^^^^^^^^^^^^^^^^^^^^^^^^^^^^^^^^^^^ missing `expecting` in implementation\n     |\n    ::: serde/src/de/mod.rs:1310:5\n     |\n1310 |     fn expecting(&self, formatter: &mut fmt::Formatter) -> fmt::Result;\n     |     ------------------------------------------------------------------- `expecting` from trait\n\nerror[E0599]: no method named `tuple_variant` found for struct `__private::de::content::VariantRefDeserializer` in the current scope\n    --> serde/src/private/de.rs:2378:32\n     |\n2154 |     struct VariantRefDeserializer<'a, 'de: 'a, E>\n     |     --------------------------------------------- method `tuple_variant` not found for this struct\n...\n2378 |     let _result = deserializer.tuple_variant(0, TestVisitor);\n     |                                ^^^^^^^^^^^^^\n     |\n    ::: serde/src/de/mod.rs:2169:8\n     |\n2169 |     fn tuple_variant<V>(self, len: usize, visitor: V) -> Result<V::Value, Self::Error>\n     |        ------------- the method is available for `__private::de::content::VariantRefDeserializer<'_, '_, _>` here\n     |\n     = help: items from traits can only be used if the trait is in scope\nhelp: there is a method `unit_variant` with a similar name, but with different arguments\n    --> serde/src/de/mod.rs:2071:5\n     |\n2071 |     fn unit_variant(self) -> Result<(), Self::Error>;\n     |     ^^^^^^^^^^^^^^^^^^^^^^^^^^^^^^^^^^^^^^^^^^^^^^^^^\nhelp: trait `VariantAccess` which provides `tuple_variant` is implemented but not in scope; perhaps you want to import it\n     |\n2361 +    use crate::de::VariantAccess;\n     |\n\nerror[E0599]: no method named `tuple_variant` found for struct `__private::de::content::VariantRefDeserializer` in the current scope\n    --> serde/src/private/de.rs:2380:31\n     |\n2154 |     struct VariantRefDeserializer<'a, 'de: 'a, E>\n     |     --------------------------------------------- method `tuple_variant` not found for this struct\n...\n2380 |     let result = deserializer.tuple_variant(0, TestVisitor);\n     |                               ^^^^^^^^^^^^^\n     |\n    ::: serde/src/de/mod.rs:2169:8\n     |\n2169 |     fn tuple_variant<V>(self, len: usize, visitor: V) -> Result<V::Value, Self::Error>\n     |        ------------- the method is available for `__private::de::content::VariantRefDeserializer<'_, '_, _>` here\n     |\n     = help: items from traits can only be used if the trait is in scope\nhelp: there is a method `unit_variant` with a similar name, but with different arguments\n    --> serde/src/de/mod.rs:2071:5\n     |\n2071 |     fn unit_variant(self) -> Result<(), Self::Error>;\n     |     ^^^^^^^^^^^^^^^^^^^^^^^^^^^^^^^^^^^^^^^^^^^^^^^^^\nhelp: trait `VariantAccess` which provides `tuple_variant` is implemented but not in scope; perhaps you want to import it\n     |\n2361 +    use crate::de::VariantAccess;\n     |\n\nSome errors have detailed explanations: E0046, E0599.\nFor more information about an error, try `rustc --explain E0046`.\nerror: could not compile `serde` (lib test) due to 4 previous errors\n"
                }
              ],
              "repaired": [
                false,
                false
              ]
            },
            {
              "attrs": [],
              "prefix": [
                "{",
                "    struct TestVisitor;",
                "",
                "    impl<'de> de::Visitor<'de> for TestVisitor {",
                "        type Value = ();",
                "    }",
                "",
                "    let deserializer = VariantRefDeserializer {",
                "        value: None,",
                "        err: PhantomData,",
                "    };",
                "",
                "    let _result = deserializer.tuple_variant(1, TestVisitor);",
                "}"
              ],
              "oracles": [
                [
                  "    let deserializer = VariantRefDeserializer { value: None, err: PhantomData };",
                  "    let result = deserializer.tuple_variant(1, TestVisitor);",
                  "    assert!(result.is_err());"
                ],
                [
                  "    let deserializer = VariantRefDeserializer { value: None, err: PhantomData };",
                  "    let result = deserializer.tuple_variant(1, TestVisitor);",
                  "    assert_eq!(result.unwrap_err(), de::Error::invalid_type(de::Unexpected::UnitVariant, &\"tuple variant\"));"
                ]
              ],
              "codes": [
                [
                  "{",
                  "    struct TestVisitor;",
                  "",
                  "    impl<'de> de::Visitor<'de> for TestVisitor {",
                  "        type Value = ();",
                  "    }",
                  "",
                  "    let deserializer = VariantRefDeserializer {",
                  "        value: None,",
                  "        err: PhantomData,",
                  "    };",
                  "",
                  "    let _result = deserializer.tuple_variant(1, TestVisitor);",
                  "    let deserializer = VariantRefDeserializer { value: None, err: PhantomData };",
                  "    let result = deserializer.tuple_variant(1, TestVisitor);",
                  "    assert!(result.is_err());",
                  "}"
                ],
                [
                  "{",
                  "    struct TestVisitor;",
                  "",
                  "    impl<'de> de::Visitor<'de> for TestVisitor {",
                  "        type Value = ();",
                  "    }",
                  "",
                  "    let deserializer = VariantRefDeserializer {",
                  "        value: None,",
                  "        err: PhantomData,",
                  "    };",
                  "",
                  "    let _result = deserializer.tuple_variant(1, TestVisitor);",
                  "    let deserializer = VariantRefDeserializer { value: None, err: PhantomData };",
                  "    let result = deserializer.tuple_variant(1, TestVisitor);",
                  "    assert_eq!(result.unwrap_err(), de::Error::invalid_type(de::Unexpected::UnitVariant, &\"tuple variant\"));",
                  "}"
                ]
              ],
              "can_compile": [
                {
                  "Err": "   Compiling proc-macro2 v1.0.95\n   Compiling syn v1.0.109\n   Compiling serde_derive v1.0.219 (/home/utgen/workspace/serde/serde_derive)\n   Compiling serde v1.0.219 (/home/utgen/workspace/serde/serde)\n   Compiling quote v1.0.40\n   Compiling syn v2.0.100\n   Compiling ntest_test_cases v0.9.3\n   Compiling ntest_timeout v0.9.3\n   Compiling ntest v0.9.3\nerror: unused import: `ntest::timeout`\n    --> serde/src/private/de.rs:2362:8\n     |\n2362 |    use ntest::timeout;\n     |        ^^^^^^^^^^^^^^\n     |\nnote: the lint level is defined here\n    --> serde/src/lib.rs:159:23\n     |\n159  | #![deny(missing_docs, unused_imports)]\n     |                       ^^^^^^^^^^^^^^\n\nerror[E0046]: not all trait items implemented, missing: `expecting`\n    --> serde/src/private/de.rs:2368:5\n     |\n2368 |     impl<'de> de::Visitor<'de> for TestVisitor {\n     |     ^^^^^^^^^^^^^^^^^^^^^^^^^^^^^^^^^^^^^^^^^^ missing `expecting` in implementation\n     |\n    ::: serde/src/de/mod.rs:1310:5\n     |\n1310 |     fn expecting(&self, formatter: &mut fmt::Formatter) -> fmt::Result;\n     |     ------------------------------------------------------------------- `expecting` from trait\n\nerror[E0599]: no method named `tuple_variant` found for struct `__private::de::content::VariantRefDeserializer` in the current scope\n    --> serde/src/private/de.rs:2377:32\n     |\n2154 |     struct VariantRefDeserializer<'a, 'de: 'a, E>\n     |     --------------------------------------------- method `tuple_variant` not found for this struct\n...\n2377 |     let _result = deserializer.tuple_variant(1, TestVisitor);\n     |                                ^^^^^^^^^^^^^\n     |\n    ::: serde/src/de/mod.rs:2169:8\n     |\n2169 |     fn tuple_variant<V>(self, len: usize, visitor: V) -> Result<V::Value, Self::Error>\n     |        ------------- the method is available for `__private::de::content::VariantRefDeserializer<'_, '_, _>` here\n     |\n     = help: items from traits can only be used if the trait is in scope\nhelp: there is a method `unit_variant` with a similar name, but with different arguments\n    --> serde/src/de/mod.rs:2071:5\n     |\n2071 |     fn unit_variant(self) -> Result<(), Self::Error>;\n     |     ^^^^^^^^^^^^^^^^^^^^^^^^^^^^^^^^^^^^^^^^^^^^^^^^^\nhelp: trait `VariantAccess` which provides `tuple_variant` is implemented but not in scope; perhaps you want to import it\n     |\n2361 +    use crate::de::VariantAccess;\n     |\n\nerror[E0599]: no method named `tuple_variant` found for struct `__private::de::content::VariantRefDeserializer` in the current scope\n    --> serde/src/private/de.rs:2379:31\n     |\n2154 |     struct VariantRefDeserializer<'a, 'de: 'a, E>\n     |     --------------------------------------------- method `tuple_variant` not found for this struct\n...\n2379 |     let result = deserializer.tuple_variant(1, TestVisitor);\n     |                               ^^^^^^^^^^^^^\n     |\n    ::: serde/src/de/mod.rs:2169:8\n     |\n2169 |     fn tuple_variant<V>(self, len: usize, visitor: V) -> Result<V::Value, Self::Error>\n     |        ------------- the method is available for `__private::de::content::VariantRefDeserializer<'_, '_, _>` here\n     |\n     = help: items from traits can only be used if the trait is in scope\nhelp: there is a method `unit_variant` with a similar name, but with different arguments\n    --> serde/src/de/mod.rs:2071:5\n     |\n2071 |     fn unit_variant(self) -> Result<(), Self::Error>;\n     |     ^^^^^^^^^^^^^^^^^^^^^^^^^^^^^^^^^^^^^^^^^^^^^^^^^\nhelp: trait `VariantAccess` which provides `tuple_variant` is implemented but not in scope; perhaps you want to import it\n     |\n2361 +    use crate::de::VariantAccess;\n     |\n\nSome errors have detailed explanations: E0046, E0599.\nFor more information about an error, try `rustc --explain E0046`.\nerror: could not compile `serde` (lib test) due to 4 previous errors\n"
                },
                {
                  "Err": "   Compiling proc-macro2 v1.0.95\n   Compiling syn v1.0.109\n   Compiling serde_derive v1.0.219 (/home/utgen/workspace/serde/serde_derive)\n   Compiling serde v1.0.219 (/home/utgen/workspace/serde/serde)\n   Compiling quote v1.0.40\n   Compiling syn v2.0.100\n   Compiling ntest_timeout v0.9.3\n   Compiling ntest_test_cases v0.9.3\n   Compiling ntest v0.9.3\nerror: unused import: `ntest::timeout`\n    --> serde/src/private/de.rs:2362:8\n     |\n2362 |    use ntest::timeout;\n     |        ^^^^^^^^^^^^^^\n     |\nnote: the lint level is defined here\n    --> serde/src/lib.rs:159:23\n     |\n159  | #![deny(missing_docs, unused_imports)]\n     |                       ^^^^^^^^^^^^^^\n\nerror[E0046]: not all trait items implemented, missing: `expecting`\n    --> serde/src/private/de.rs:2368:5\n     |\n2368 |     impl<'de> de::Visitor<'de> for TestVisitor {\n     |     ^^^^^^^^^^^^^^^^^^^^^^^^^^^^^^^^^^^^^^^^^^ missing `expecting` in implementation\n     |\n    ::: serde/src/de/mod.rs:1310:5\n     |\n1310 |     fn expecting(&self, formatter: &mut fmt::Formatter) -> fmt::Result;\n     |     ------------------------------------------------------------------- `expecting` from trait\n\nerror[E0599]: no method named `tuple_variant` found for struct `__private::de::content::VariantRefDeserializer` in the current scope\n    --> serde/src/private/de.rs:2377:32\n     |\n2154 |     struct VariantRefDeserializer<'a, 'de: 'a, E>\n     |     --------------------------------------------- method `tuple_variant` not found for this struct\n...\n2377 |     let _result = deserializer.tuple_variant(1, TestVisitor);\n     |                                ^^^^^^^^^^^^^\n     |\n    ::: serde/src/de/mod.rs:2169:8\n     |\n2169 |     fn tuple_variant<V>(self, len: usize, visitor: V) -> Result<V::Value, Self::Error>\n     |        ------------- the method is available for `__private::de::content::VariantRefDeserializer<'_, '_, _>` here\n     |\n     = help: items from traits can only be used if the trait is in scope\nhelp: there is a method `unit_variant` with a similar name, but with different arguments\n    --> serde/src/de/mod.rs:2071:5\n     |\n2071 |     fn unit_variant(self) -> Result<(), Self::Error>;\n     |     ^^^^^^^^^^^^^^^^^^^^^^^^^^^^^^^^^^^^^^^^^^^^^^^^^\nhelp: trait `VariantAccess` which provides `tuple_variant` is implemented but not in scope; perhaps you want to import it\n     |\n2361 +    use crate::de::VariantAccess;\n     |\n\nerror[E0599]: no method named `tuple_variant` found for struct `__private::de::content::VariantRefDeserializer` in the current scope\n    --> serde/src/private/de.rs:2379:31\n     |\n2154 |     struct VariantRefDeserializer<'a, 'de: 'a, E>\n     |     --------------------------------------------- method `tuple_variant` not found for this struct\n...\n2379 |     let result = deserializer.tuple_variant(1, TestVisitor);\n     |                               ^^^^^^^^^^^^^\n     |\n    ::: serde/src/de/mod.rs:2169:8\n     |\n2169 |     fn tuple_variant<V>(self, len: usize, visitor: V) -> Result<V::Value, Self::Error>\n     |        ------------- the method is available for `__private::de::content::VariantRefDeserializer<'_, '_, _>` here\n     |\n     = help: items from traits can only be used if the trait is in scope\nhelp: there is a method `unit_variant` with a similar name, but with different arguments\n    --> serde/src/de/mod.rs:2071:5\n     |\n2071 |     fn unit_variant(self) -> Result<(), Self::Error>;\n     |     ^^^^^^^^^^^^^^^^^^^^^^^^^^^^^^^^^^^^^^^^^^^^^^^^^\nhelp: trait `VariantAccess` which provides `tuple_variant` is implemented but not in scope; perhaps you want to import it\n     |\n2361 +    use crate::de::VariantAccess;\n     |\n\nSome errors have detailed explanations: E0046, E0599.\nFor more information about an error, try `rustc --explain E0046`.\nerror: could not compile `serde` (lib test) due to 4 previous errors\n"
                }
              ],
              "repaired": [
                false,
                false
              ]
            },
            {
              "attrs": [],
              "prefix": [
                "{",
                "    struct TestVisitor;",
                "",
                "    impl<'de> de::Visitor<'de> for TestVisitor {",
                "        type Value = ();",
                "    }",
                "",
                "    let deserializer = VariantRefDeserializer {",
                "        value: None,",
                "        err: PhantomData,",
                "    };",
                "",
                "    let _result = deserializer.tuple_variant(2, TestVisitor);",
                "}"
              ],
              "oracles": [
                [
                  "    let deserializer = VariantRefDeserializer { value: None, err: PhantomData };",
                  "    let result = deserializer.tuple_variant(2, TestVisitor);",
                  "    assert!(result.is_err());"
                ],
                [
                  "    let deserializer = VariantRefDeserializer { value: None, err: PhantomData };",
                  "    let result = deserializer.tuple_variant(2, TestVisitor);",
                  "    assert_eq!(result.err().unwrap(), de::Error::invalid_type(de::Unexpected::UnitVariant, &\"tuple variant\"));"
                ]
              ],
              "codes": [
                [
                  "{",
                  "    struct TestVisitor;",
                  "",
                  "    impl<'de> de::Visitor<'de> for TestVisitor {",
                  "        type Value = ();",
                  "    }",
                  "",
                  "    let deserializer = VariantRefDeserializer {",
                  "        value: None,",
                  "        err: PhantomData,",
                  "    };",
                  "",
                  "    let _result = deserializer.tuple_variant(2, TestVisitor);",
                  "    let deserializer = VariantRefDeserializer { value: None, err: PhantomData };",
                  "    let result = deserializer.tuple_variant(2, TestVisitor);",
                  "    assert!(result.is_err());",
                  "}"
                ],
                [
                  "{",
                  "    struct TestVisitor;",
                  "",
                  "    impl<'de> de::Visitor<'de> for TestVisitor {",
                  "        type Value = ();",
                  "    }",
                  "",
                  "    let deserializer = VariantRefDeserializer {",
                  "        value: None,",
                  "        err: PhantomData,",
                  "    };",
                  "",
                  "    let _result = deserializer.tuple_variant(2, TestVisitor);",
                  "    let deserializer = VariantRefDeserializer { value: None, err: PhantomData };",
                  "    let result = deserializer.tuple_variant(2, TestVisitor);",
                  "    assert_eq!(result.err().unwrap(), de::Error::invalid_type(de::Unexpected::UnitVariant, &\"tuple variant\"));",
                  "}"
                ]
              ],
              "can_compile": [
                {
                  "Err": "   Compiling proc-macro2 v1.0.95\n   Compiling syn v1.0.109\n   Compiling serde_derive v1.0.219 (/home/utgen/workspace/serde/serde_derive)\n   Compiling serde v1.0.219 (/home/utgen/workspace/serde/serde)\n   Compiling quote v1.0.40\n   Compiling syn v2.0.100\n   Compiling ntest_test_cases v0.9.3\n   Compiling ntest_timeout v0.9.3\n   Compiling ntest v0.9.3\nerror: unused import: `ntest::timeout`\n    --> serde/src/private/de.rs:2362:8\n     |\n2362 |    use ntest::timeout;\n     |        ^^^^^^^^^^^^^^\n     |\nnote: the lint level is defined here\n    --> serde/src/lib.rs:159:23\n     |\n159  | #![deny(missing_docs, unused_imports)]\n     |                       ^^^^^^^^^^^^^^\n\nerror[E0046]: not all trait items implemented, missing: `expecting`\n    --> serde/src/private/de.rs:2368:5\n     |\n2368 |     impl<'de> de::Visitor<'de> for TestVisitor {\n     |     ^^^^^^^^^^^^^^^^^^^^^^^^^^^^^^^^^^^^^^^^^^ missing `expecting` in implementation\n     |\n    ::: serde/src/de/mod.rs:1310:5\n     |\n1310 |     fn expecting(&self, formatter: &mut fmt::Formatter) -> fmt::Result;\n     |     ------------------------------------------------------------------- `expecting` from trait\n\nerror[E0599]: no method named `tuple_variant` found for struct `__private::de::content::VariantRefDeserializer` in the current scope\n    --> serde/src/private/de.rs:2377:32\n     |\n2154 |     struct VariantRefDeserializer<'a, 'de: 'a, E>\n     |     --------------------------------------------- method `tuple_variant` not found for this struct\n...\n2377 |     let _result = deserializer.tuple_variant(2, TestVisitor);\n     |                                ^^^^^^^^^^^^^\n     |\n    ::: serde/src/de/mod.rs:2169:8\n     |\n2169 |     fn tuple_variant<V>(self, len: usize, visitor: V) -> Result<V::Value, Self::Error>\n     |        ------------- the method is available for `__private::de::content::VariantRefDeserializer<'_, '_, _>` here\n     |\n     = help: items from traits can only be used if the trait is in scope\nhelp: there is a method `unit_variant` with a similar name, but with different arguments\n    --> serde/src/de/mod.rs:2071:5\n     |\n2071 |     fn unit_variant(self) -> Result<(), Self::Error>;\n     |     ^^^^^^^^^^^^^^^^^^^^^^^^^^^^^^^^^^^^^^^^^^^^^^^^^\nhelp: trait `VariantAccess` which provides `tuple_variant` is implemented but not in scope; perhaps you want to import it\n     |\n2361 +    use crate::de::VariantAccess;\n     |\n\nerror[E0599]: no method named `tuple_variant` found for struct `__private::de::content::VariantRefDeserializer` in the current scope\n    --> serde/src/private/de.rs:2379:31\n     |\n2154 |     struct VariantRefDeserializer<'a, 'de: 'a, E>\n     |     --------------------------------------------- method `tuple_variant` not found for this struct\n...\n2379 |     let result = deserializer.tuple_variant(2, TestVisitor);\n     |                               ^^^^^^^^^^^^^\n     |\n    ::: serde/src/de/mod.rs:2169:8\n     |\n2169 |     fn tuple_variant<V>(self, len: usize, visitor: V) -> Result<V::Value, Self::Error>\n     |        ------------- the method is available for `__private::de::content::VariantRefDeserializer<'_, '_, _>` here\n     |\n     = help: items from traits can only be used if the trait is in scope\nhelp: there is a method `unit_variant` with a similar name, but with different arguments\n    --> serde/src/de/mod.rs:2071:5\n     |\n2071 |     fn unit_variant(self) -> Result<(), Self::Error>;\n     |     ^^^^^^^^^^^^^^^^^^^^^^^^^^^^^^^^^^^^^^^^^^^^^^^^^\nhelp: trait `VariantAccess` which provides `tuple_variant` is implemented but not in scope; perhaps you want to import it\n     |\n2361 +    use crate::de::VariantAccess;\n     |\n\nSome errors have detailed explanations: E0046, E0599.\nFor more information about an error, try `rustc --explain E0046`.\nerror: could not compile `serde` (lib test) due to 4 previous errors\n"
                },
                {
                  "Err": "   Compiling proc-macro2 v1.0.95\n   Compiling syn v1.0.109\n   Compiling serde_derive v1.0.219 (/home/utgen/workspace/serde/serde_derive)\n   Compiling serde v1.0.219 (/home/utgen/workspace/serde/serde)\n   Compiling quote v1.0.40\n   Compiling syn v2.0.100\n   Compiling ntest_test_cases v0.9.3\n   Compiling ntest_timeout v0.9.3\n   Compiling ntest v0.9.3\nerror: unused import: `ntest::timeout`\n    --> serde/src/private/de.rs:2362:8\n     |\n2362 |    use ntest::timeout;\n     |        ^^^^^^^^^^^^^^\n     |\nnote: the lint level is defined here\n    --> serde/src/lib.rs:159:23\n     |\n159  | #![deny(missing_docs, unused_imports)]\n     |                       ^^^^^^^^^^^^^^\n\nerror[E0046]: not all trait items implemented, missing: `expecting`\n    --> serde/src/private/de.rs:2368:5\n     |\n2368 |     impl<'de> de::Visitor<'de> for TestVisitor {\n     |     ^^^^^^^^^^^^^^^^^^^^^^^^^^^^^^^^^^^^^^^^^^ missing `expecting` in implementation\n     |\n    ::: serde/src/de/mod.rs:1310:5\n     |\n1310 |     fn expecting(&self, formatter: &mut fmt::Formatter) -> fmt::Result;\n     |     ------------------------------------------------------------------- `expecting` from trait\n\nerror[E0599]: no method named `tuple_variant` found for struct `__private::de::content::VariantRefDeserializer` in the current scope\n    --> serde/src/private/de.rs:2377:32\n     |\n2154 |     struct VariantRefDeserializer<'a, 'de: 'a, E>\n     |     --------------------------------------------- method `tuple_variant` not found for this struct\n...\n2377 |     let _result = deserializer.tuple_variant(2, TestVisitor);\n     |                                ^^^^^^^^^^^^^\n     |\n    ::: serde/src/de/mod.rs:2169:8\n     |\n2169 |     fn tuple_variant<V>(self, len: usize, visitor: V) -> Result<V::Value, Self::Error>\n     |        ------------- the method is available for `__private::de::content::VariantRefDeserializer<'_, '_, _>` here\n     |\n     = help: items from traits can only be used if the trait is in scope\nhelp: there is a method `unit_variant` with a similar name, but with different arguments\n    --> serde/src/de/mod.rs:2071:5\n     |\n2071 |     fn unit_variant(self) -> Result<(), Self::Error>;\n     |     ^^^^^^^^^^^^^^^^^^^^^^^^^^^^^^^^^^^^^^^^^^^^^^^^^\nhelp: trait `VariantAccess` which provides `tuple_variant` is implemented but not in scope; perhaps you want to import it\n     |\n2361 +    use crate::de::VariantAccess;\n     |\n\nerror[E0599]: no method named `tuple_variant` found for struct `__private::de::content::VariantRefDeserializer` in the current scope\n    --> serde/src/private/de.rs:2379:31\n     |\n2154 |     struct VariantRefDeserializer<'a, 'de: 'a, E>\n     |     --------------------------------------------- method `tuple_variant` not found for this struct\n...\n2379 |     let result = deserializer.tuple_variant(2, TestVisitor);\n     |                               ^^^^^^^^^^^^^\n     |\n    ::: serde/src/de/mod.rs:2169:8\n     |\n2169 |     fn tuple_variant<V>(self, len: usize, visitor: V) -> Result<V::Value, Self::Error>\n     |        ------------- the method is available for `__private::de::content::VariantRefDeserializer<'_, '_, _>` here\n     |\n     = help: items from traits can only be used if the trait is in scope\nhelp: there is a method `unit_variant` with a similar name, but with different arguments\n    --> serde/src/de/mod.rs:2071:5\n     |\n2071 |     fn unit_variant(self) -> Result<(), Self::Error>;\n     |     ^^^^^^^^^^^^^^^^^^^^^^^^^^^^^^^^^^^^^^^^^^^^^^^^^\nhelp: trait `VariantAccess` which provides `tuple_variant` is implemented but not in scope; perhaps you want to import it\n     |\n2361 +    use crate::de::VariantAccess;\n     |\n\nSome errors have detailed explanations: E0046, E0599.\nFor more information about an error, try `rustc --explain E0046`.\nerror: could not compile `serde` (lib test) due to 4 previous errors\n"
                }
              ],
              "repaired": [
                false,
                false
              ]
            }
          ]
        }
      ]
    }
  ]
}