{
  "name": "serde::de::ignored_any::<de::ignored_any::IgnoredAny as de::Visitor<'de>>::visit_i64",
  "name_with_impl": "serde::de::ignored_any::{impl#0}::visit_i64",
  "mod_info": {
    "name": "de::ignored_any",
    "loc": "serde/src/de/mod.rs:121:1:121:17"
  },
  "visible": true,
  "loc": "serde/src/de/ignored_any.rs:127:5:130:6",
  "fn_tests": [
    {
      "chain_id": 1,
      "prompt_conds": [
        "// expected return value/type: Ok(IgnoredAny)\n"
      ],
      "input_infer": "i64: [-9223372036854775808, 9223372036854775807]\n",
      "answers": [
        {
          "uses": [],
          "has_test_mod": false,
          "common": [],
          "chain_tests": [
            {
              "attrs": [],
              "prefix": [
                "{",
                "    let visitor = IgnoredAny;",
                "    let _ = visitor.visit_i64(-9223372036854775808);",
                "}"
              ],
              "oracles": [
                [
                  "    let visitor = IgnoredAny;",
                  "    let result = visitor.visit_i64(-9223372036854775808);",
                  "    assert!(result.is_ok());"
                ],
                [
                  "    let visitor = IgnoredAny;",
                  "    let result = visitor.visit_i64(-9223372036854775808);",
                  "    assert_eq!(result.unwrap(), IgnoredAny);"
                ]
              ],
              "codes": [
                [
                  "{",
                  "    let visitor = IgnoredAny;",
                  "    let _ = visitor.visit_i64(-9223372036854775808);",
                  "    let visitor = IgnoredAny;",
                  "    let result = visitor.visit_i64(-9223372036854775808);",
                  "    assert!(result.is_ok());",
                  "}"
                ],
                [
                  "{",
                  "    let visitor = IgnoredAny;",
                  "    let _ = visitor.visit_i64(-9223372036854775808);",
                  "    let visitor = IgnoredAny;",
                  "    let result = visitor.visit_i64(-9223372036854775808);",
                  "    assert_eq!(result.unwrap(), IgnoredAny);",
                  "}"
                ]
              ],
              "can_compile": [
                {
                  "Err": "   Compiling proc-macro2 v1.0.95\n   Compiling syn v1.0.109\n   Compiling serde_derive v1.0.219 (/home/utgen/workspace/serde/serde_derive)\n   Compiling serde v1.0.219 (/home/utgen/workspace/serde/serde)\n   Compiling quote v1.0.40\n   Compiling syn v2.0.100\n   Compiling ntest_test_cases v0.9.3\n   Compiling ntest_timeout v0.9.3\n   Compiling ntest v0.9.3\nerror: unused import: `ntest::timeout`\n   --> serde/src/de/ignored_any.rs:242:8\n    |\n242 |    use ntest::timeout;\n    |        ^^^^^^^^^^^^^^\n    |\nnote: the lint level is defined here\n   --> serde/src/lib.rs:159:23\n    |\n159 | #![deny(missing_docs, unused_imports)]\n    |                       ^^^^^^^^^^^^^^\n\nerror[E0283]: type annotations needed\n    --> serde/src/de/ignored_any.rs:247:21\n     |\n247  |     let _ = visitor.visit_i64(-9223372036854775808);\n     |                     ^^^^^^^^^ cannot infer type of the type parameter `E` declared on the method `visit_i64`\n     |\n     = note: cannot satisfy `_: de::Error`\n     = help: the trait `de::Error` is implemented for `value::Error`\nnote: required by a bound in `de::Visitor::visit_i64`\n    --> serde/src/de/mod.rs:1363:12\n     |\n1361 |     fn visit_i64<E>(self, v: i64) -> Result<Self::Value, E>\n     |        --------- required by a bound in this associated function\n1362 |     where\n1363 |         E: Error,\n     |            ^^^^^ required by this bound in `Visitor::visit_i64`\nhelp: consider specifying the generic argument\n     |\n247  |     let _ = visitor.visit_i64::<E>(-9223372036854775808);\n     |                              +++++\n\nFor more information about this error, try `rustc --explain E0283`.\nerror: could not compile `serde` (lib test) due to 2 previous errors\n"
                },
                {
                  "Err": "   Compiling proc-macro2 v1.0.95\n   Compiling syn v1.0.109\n   Compiling serde_derive v1.0.219 (/home/utgen/workspace/serde/serde_derive)\n   Compiling serde v1.0.219 (/home/utgen/workspace/serde/serde)\n   Compiling quote v1.0.40\n   Compiling syn v2.0.100\n   Compiling ntest_timeout v0.9.3\n   Compiling ntest_test_cases v0.9.3\n   Compiling ntest v0.9.3\nerror: unused import: `ntest::timeout`\n   --> serde/src/de/ignored_any.rs:242:8\n    |\n242 |    use ntest::timeout;\n    |        ^^^^^^^^^^^^^^\n    |\nnote: the lint level is defined here\n   --> serde/src/lib.rs:159:23\n    |\n159 | #![deny(missing_docs, unused_imports)]\n    |                       ^^^^^^^^^^^^^^\n\nerror[E0283]: type annotations needed\n    --> serde/src/de/ignored_any.rs:247:21\n     |\n247  |     let _ = visitor.visit_i64(-9223372036854775808);\n     |                     ^^^^^^^^^ cannot infer type of the type parameter `E` declared on the method `visit_i64`\n     |\n     = note: cannot satisfy `_: de::Error`\n     = help: the trait `de::Error` is implemented for `value::Error`\nnote: required by a bound in `de::Visitor::visit_i64`\n    --> serde/src/de/mod.rs:1363:12\n     |\n1361 |     fn visit_i64<E>(self, v: i64) -> Result<Self::Value, E>\n     |        --------- required by a bound in this associated function\n1362 |     where\n1363 |         E: Error,\n     |            ^^^^^ required by this bound in `Visitor::visit_i64`\nhelp: consider specifying the generic argument\n     |\n247  |     let _ = visitor.visit_i64::<E>(-9223372036854775808);\n     |                              +++++\n\nFor more information about this error, try `rustc --explain E0283`.\nerror: could not compile `serde` (lib test) due to 2 previous errors\n"
                }
              ],
              "repaired": [
                false,
                false
              ]
            },
            {
              "attrs": [],
              "prefix": [
                "{",
                "    let visitor = IgnoredAny;",
                "    let _ = visitor.visit_i64(0);",
                "}"
              ],
              "oracles": [
                [
                  "    let visitor = IgnoredAny;",
                  "    let result = visitor.visit_i64(0);",
                  "    assert!(result.is_ok());"
                ],
                [
                  "    let visitor = IgnoredAny;",
                  "    let result = visitor.visit_i64(0);",
                  "    assert_eq!(result.unwrap(), IgnoredAny);"
                ]
              ],
              "codes": [
                [
                  "{",
                  "    let visitor = IgnoredAny;",
                  "    let _ = visitor.visit_i64(0);",
                  "    let visitor = IgnoredAny;",
                  "    let result = visitor.visit_i64(0);",
                  "    assert!(result.is_ok());",
                  "}"
                ],
                [
                  "{",
                  "    let visitor = IgnoredAny;",
                  "    let _ = visitor.visit_i64(0);",
                  "    let visitor = IgnoredAny;",
                  "    let result = visitor.visit_i64(0);",
                  "    assert_eq!(result.unwrap(), IgnoredAny);",
                  "}"
                ]
              ],
              "can_compile": [
                {
                  "Err": "   Compiling proc-macro2 v1.0.95\n   Compiling syn v1.0.109\n   Compiling serde_derive v1.0.219 (/home/utgen/workspace/serde/serde_derive)\n   Compiling serde v1.0.219 (/home/utgen/workspace/serde/serde)\n   Compiling quote v1.0.40\n   Compiling syn v2.0.100\n   Compiling ntest_timeout v0.9.3\n   Compiling ntest_test_cases v0.9.3\n   Compiling ntest v0.9.3\nerror: unused import: `ntest::timeout`\n   --> serde/src/de/ignored_any.rs:242:8\n    |\n242 |    use ntest::timeout;\n    |        ^^^^^^^^^^^^^^\n    |\nnote: the lint level is defined here\n   --> serde/src/lib.rs:159:23\n    |\n159 | #![deny(missing_docs, unused_imports)]\n    |                       ^^^^^^^^^^^^^^\n\nerror[E0283]: type annotations needed\n    --> serde/src/de/ignored_any.rs:247:21\n     |\n247  |     let _ = visitor.visit_i64(0);\n     |                     ^^^^^^^^^ cannot infer type of the type parameter `E` declared on the method `visit_i64`\n     |\n     = note: cannot satisfy `_: de::Error`\n     = help: the trait `de::Error` is implemented for `value::Error`\nnote: required by a bound in `de::Visitor::visit_i64`\n    --> serde/src/de/mod.rs:1363:12\n     |\n1361 |     fn visit_i64<E>(self, v: i64) -> Result<Self::Value, E>\n     |        --------- required by a bound in this associated function\n1362 |     where\n1363 |         E: Error,\n     |            ^^^^^ required by this bound in `Visitor::visit_i64`\nhelp: consider specifying the generic argument\n     |\n247  |     let _ = visitor.visit_i64::<E>(0);\n     |                              +++++\n\nFor more information about this error, try `rustc --explain E0283`.\nerror: could not compile `serde` (lib test) due to 2 previous errors\n"
                },
                {
                  "Err": "   Compiling proc-macro2 v1.0.95\n   Compiling syn v1.0.109\n   Compiling serde_derive v1.0.219 (/home/utgen/workspace/serde/serde_derive)\n   Compiling serde v1.0.219 (/home/utgen/workspace/serde/serde)\n   Compiling quote v1.0.40\n   Compiling syn v2.0.100\n   Compiling ntest_test_cases v0.9.3\n   Compiling ntest_timeout v0.9.3\n   Compiling ntest v0.9.3\nerror: unused import: `ntest::timeout`\n   --> serde/src/de/ignored_any.rs:242:8\n    |\n242 |    use ntest::timeout;\n    |        ^^^^^^^^^^^^^^\n    |\nnote: the lint level is defined here\n   --> serde/src/lib.rs:159:23\n    |\n159 | #![deny(missing_docs, unused_imports)]\n    |                       ^^^^^^^^^^^^^^\n\nerror[E0283]: type annotations needed\n    --> serde/src/de/ignored_any.rs:247:21\n     |\n247  |     let _ = visitor.visit_i64(0);\n     |                     ^^^^^^^^^ cannot infer type of the type parameter `E` declared on the method `visit_i64`\n     |\n     = note: cannot satisfy `_: de::Error`\n     = help: the trait `de::Error` is implemented for `value::Error`\nnote: required by a bound in `de::Visitor::visit_i64`\n    --> serde/src/de/mod.rs:1363:12\n     |\n1361 |     fn visit_i64<E>(self, v: i64) -> Result<Self::Value, E>\n     |        --------- required by a bound in this associated function\n1362 |     where\n1363 |         E: Error,\n     |            ^^^^^ required by this bound in `Visitor::visit_i64`\nhelp: consider specifying the generic argument\n     |\n247  |     let _ = visitor.visit_i64::<E>(0);\n     |                              +++++\n\nFor more information about this error, try `rustc --explain E0283`.\nerror: could not compile `serde` (lib test) due to 2 previous errors\n"
                }
              ],
              "repaired": [
                false,
                false
              ]
            },
            {
              "attrs": [],
              "prefix": [
                "{",
                "    let visitor = IgnoredAny;",
                "    let _ = visitor.visit_i64(12345);",
                "}"
              ],
              "oracles": [
                [
                  "    let visitor = IgnoredAny;",
                  "    let result = visitor.visit_i64(12345);",
                  "    assert_eq!(result, Ok(IgnoredAny));"
                ]
              ],
              "codes": [
                [
                  "{",
                  "    let visitor = IgnoredAny;",
                  "    let _ = visitor.visit_i64(12345);",
                  "    let visitor = IgnoredAny;",
                  "    let result = visitor.visit_i64(12345);",
                  "    assert_eq!(result, Ok(IgnoredAny));",
                  "}"
                ]
              ],
              "can_compile": [
                {
                  "Err": "   Compiling proc-macro2 v1.0.95\n   Compiling syn v1.0.109\n   Compiling serde_derive v1.0.219 (/home/utgen/workspace/serde/serde_derive)\n   Compiling serde v1.0.219 (/home/utgen/workspace/serde/serde)\n   Compiling quote v1.0.40\n   Compiling syn v2.0.100\n   Compiling ntest_timeout v0.9.3\n   Compiling ntest_test_cases v0.9.3\n   Compiling ntest v0.9.3\nerror: unused import: `ntest::timeout`\n   --> serde/src/de/ignored_any.rs:242:8\n    |\n242 |    use ntest::timeout;\n    |        ^^^^^^^^^^^^^^\n    |\nnote: the lint level is defined here\n   --> serde/src/lib.rs:159:23\n    |\n159 | #![deny(missing_docs, unused_imports)]\n    |                       ^^^^^^^^^^^^^^\n\nerror[E0283]: type annotations needed\n    --> serde/src/de/ignored_any.rs:247:21\n     |\n247  |     let _ = visitor.visit_i64(12345);\n     |                     ^^^^^^^^^ cannot infer type of the type parameter `E` declared on the method `visit_i64`\n     |\n     = note: cannot satisfy `_: de::Error`\n     = help: the trait `de::Error` is implemented for `value::Error`\nnote: required by a bound in `de::Visitor::visit_i64`\n    --> serde/src/de/mod.rs:1363:12\n     |\n1361 |     fn visit_i64<E>(self, v: i64) -> Result<Self::Value, E>\n     |        --------- required by a bound in this associated function\n1362 |     where\n1363 |         E: Error,\n     |            ^^^^^ required by this bound in `Visitor::visit_i64`\nhelp: consider specifying the generic argument\n     |\n247  |     let _ = visitor.visit_i64::<E>(12345);\n     |                              +++++\n\nFor more information about this error, try `rustc --explain E0283`.\nerror: could not compile `serde` (lib test) due to 2 previous errors\n"
                }
              ],
              "repaired": [
                false
              ]
            },
            {
              "attrs": [],
              "prefix": [
                "{",
                "    let visitor = IgnoredAny;",
                "    let _ = visitor.visit_i64(9223372036854775807);",
                "}"
              ],
              "oracles": [
                [
                  "    let visitor = IgnoredAny;",
                  "    let result = visitor.visit_i64(9223372036854775807);",
                  "    assert!(result.is_ok());"
                ],
                [
                  "    let visitor = IgnoredAny;",
                  "    let result = visitor.visit_i64(9223372036854775807);",
                  "    assert_eq!(result.unwrap(), IgnoredAny);"
                ]
              ],
              "codes": [
                [
                  "{",
                  "    let visitor = IgnoredAny;",
                  "    let _ = visitor.visit_i64(9223372036854775807);",
                  "    let visitor = IgnoredAny;",
                  "    let result = visitor.visit_i64(9223372036854775807);",
                  "    assert!(result.is_ok());",
                  "}"
                ],
                [
                  "{",
                  "    let visitor = IgnoredAny;",
                  "    let _ = visitor.visit_i64(9223372036854775807);",
                  "    let visitor = IgnoredAny;",
                  "    let result = visitor.visit_i64(9223372036854775807);",
                  "    assert_eq!(result.unwrap(), IgnoredAny);",
                  "}"
                ]
              ],
              "can_compile": [
                {
                  "Err": "   Compiling proc-macro2 v1.0.95\n   Compiling syn v1.0.109\n   Compiling serde_derive v1.0.219 (/home/utgen/workspace/serde/serde_derive)\n   Compiling serde v1.0.219 (/home/utgen/workspace/serde/serde)\n   Compiling quote v1.0.40\n   Compiling syn v2.0.100\n   Compiling ntest_test_cases v0.9.3\n   Compiling ntest_timeout v0.9.3\n   Compiling ntest v0.9.3\nerror: unused import: `ntest::timeout`\n   --> serde/src/de/ignored_any.rs:242:8\n    |\n242 |    use ntest::timeout;\n    |        ^^^^^^^^^^^^^^\n    |\nnote: the lint level is defined here\n   --> serde/src/lib.rs:159:23\n    |\n159 | #![deny(missing_docs, unused_imports)]\n    |                       ^^^^^^^^^^^^^^\n\nerror[E0283]: type annotations needed\n    --> serde/src/de/ignored_any.rs:247:21\n     |\n247  |     let _ = visitor.visit_i64(9223372036854775807);\n     |                     ^^^^^^^^^ cannot infer type of the type parameter `E` declared on the method `visit_i64`\n     |\n     = note: cannot satisfy `_: de::Error`\n     = help: the trait `de::Error` is implemented for `value::Error`\nnote: required by a bound in `de::Visitor::visit_i64`\n    --> serde/src/de/mod.rs:1363:12\n     |\n1361 |     fn visit_i64<E>(self, v: i64) -> Result<Self::Value, E>\n     |        --------- required by a bound in this associated function\n1362 |     where\n1363 |         E: Error,\n     |            ^^^^^ required by this bound in `Visitor::visit_i64`\nhelp: consider specifying the generic argument\n     |\n247  |     let _ = visitor.visit_i64::<E>(9223372036854775807);\n     |                              +++++\n\nFor more information about this error, try `rustc --explain E0283`.\nerror: could not compile `serde` (lib test) due to 2 previous errors\n"
                },
                {
                  "Err": "   Compiling proc-macro2 v1.0.95\n   Compiling syn v1.0.109\n   Compiling serde_derive v1.0.219 (/home/utgen/workspace/serde/serde_derive)\n   Compiling serde v1.0.219 (/home/utgen/workspace/serde/serde)\n   Compiling quote v1.0.40\n   Compiling syn v2.0.100\n   Compiling ntest_test_cases v0.9.3\n   Compiling ntest_timeout v0.9.3\n   Compiling ntest v0.9.3\nerror: unused import: `ntest::timeout`\n   --> serde/src/de/ignored_any.rs:242:8\n    |\n242 |    use ntest::timeout;\n    |        ^^^^^^^^^^^^^^\n    |\nnote: the lint level is defined here\n   --> serde/src/lib.rs:159:23\n    |\n159 | #![deny(missing_docs, unused_imports)]\n    |                       ^^^^^^^^^^^^^^\n\nerror[E0283]: type annotations needed\n    --> serde/src/de/ignored_any.rs:247:21\n     |\n247  |     let _ = visitor.visit_i64(9223372036854775807);\n     |                     ^^^^^^^^^ cannot infer type of the type parameter `E` declared on the method `visit_i64`\n     |\n     = note: cannot satisfy `_: de::Error`\n     = help: the trait `de::Error` is implemented for `value::Error`\nnote: required by a bound in `de::Visitor::visit_i64`\n    --> serde/src/de/mod.rs:1363:12\n     |\n1361 |     fn visit_i64<E>(self, v: i64) -> Result<Self::Value, E>\n     |        --------- required by a bound in this associated function\n1362 |     where\n1363 |         E: Error,\n     |            ^^^^^ required by this bound in `Visitor::visit_i64`\nhelp: consider specifying the generic argument\n     |\n247  |     let _ = visitor.visit_i64::<E>(9223372036854775807);\n     |                              +++++\n\nFor more information about this error, try `rustc --explain E0283`.\nerror: could not compile `serde` (lib test) due to 2 previous errors\n"
                }
              ],
              "repaired": [
                false,
                false
              ]
            },
            {
              "attrs": [],
              "prefix": [
                "{",
                "    let visitor = IgnoredAny;",
                "    let _ = visitor.visit_i64(-12345);",
                "}"
              ],
              "oracles": [
                [
                  "    let visitor = IgnoredAny;",
                  "    let result = visitor.visit_i64(-12345);",
                  "    assert!(result.is_ok());"
                ],
                [
                  "    let visitor = IgnoredAny;",
                  "    let result = visitor.visit_i64(-12345);",
                  "    assert_eq!(result.unwrap(), IgnoredAny);"
                ]
              ],
              "codes": [
                [
                  "{",
                  "    let visitor = IgnoredAny;",
                  "    let _ = visitor.visit_i64(-12345);",
                  "    let visitor = IgnoredAny;",
                  "    let result = visitor.visit_i64(-12345);",
                  "    assert!(result.is_ok());",
                  "}"
                ],
                [
                  "{",
                  "    let visitor = IgnoredAny;",
                  "    let _ = visitor.visit_i64(-12345);",
                  "    let visitor = IgnoredAny;",
                  "    let result = visitor.visit_i64(-12345);",
                  "    assert_eq!(result.unwrap(), IgnoredAny);",
                  "}"
                ]
              ],
              "can_compile": [
                {
                  "Err": "   Compiling proc-macro2 v1.0.95\n   Compiling syn v1.0.109\n   Compiling serde_derive v1.0.219 (/home/utgen/workspace/serde/serde_derive)\n   Compiling serde v1.0.219 (/home/utgen/workspace/serde/serde)\n   Compiling quote v1.0.40\n   Compiling syn v2.0.100\n   Compiling ntest_test_cases v0.9.3\n   Compiling ntest_timeout v0.9.3\n   Compiling ntest v0.9.3\nerror: unused import: `ntest::timeout`\n   --> serde/src/de/ignored_any.rs:242:8\n    |\n242 |    use ntest::timeout;\n    |        ^^^^^^^^^^^^^^\n    |\nnote: the lint level is defined here\n   --> serde/src/lib.rs:159:23\n    |\n159 | #![deny(missing_docs, unused_imports)]\n    |                       ^^^^^^^^^^^^^^\n\nerror[E0283]: type annotations needed\n    --> serde/src/de/ignored_any.rs:247:21\n     |\n247  |     let _ = visitor.visit_i64(-12345);\n     |                     ^^^^^^^^^ cannot infer type of the type parameter `E` declared on the method `visit_i64`\n     |\n     = note: cannot satisfy `_: de::Error`\n     = help: the trait `de::Error` is implemented for `value::Error`\nnote: required by a bound in `de::Visitor::visit_i64`\n    --> serde/src/de/mod.rs:1363:12\n     |\n1361 |     fn visit_i64<E>(self, v: i64) -> Result<Self::Value, E>\n     |        --------- required by a bound in this associated function\n1362 |     where\n1363 |         E: Error,\n     |            ^^^^^ required by this bound in `Visitor::visit_i64`\nhelp: consider specifying the generic argument\n     |\n247  |     let _ = visitor.visit_i64::<E>(-12345);\n     |                              +++++\n\nFor more information about this error, try `rustc --explain E0283`.\nerror: could not compile `serde` (lib test) due to 2 previous errors\n"
                },
                {
                  "Err": "   Compiling proc-macro2 v1.0.95\n   Compiling syn v1.0.109\n   Compiling serde_derive v1.0.219 (/home/utgen/workspace/serde/serde_derive)\n   Compiling serde v1.0.219 (/home/utgen/workspace/serde/serde)\n   Compiling quote v1.0.40\n   Compiling syn v2.0.100\n   Compiling ntest_test_cases v0.9.3\n   Compiling ntest_timeout v0.9.3\n   Compiling ntest v0.9.3\nerror: unused import: `ntest::timeout`\n   --> serde/src/de/ignored_any.rs:242:8\n    |\n242 |    use ntest::timeout;\n    |        ^^^^^^^^^^^^^^\n    |\nnote: the lint level is defined here\n   --> serde/src/lib.rs:159:23\n    |\n159 | #![deny(missing_docs, unused_imports)]\n    |                       ^^^^^^^^^^^^^^\n\nerror[E0283]: type annotations needed\n    --> serde/src/de/ignored_any.rs:247:21\n     |\n247  |     let _ = visitor.visit_i64(-12345);\n     |                     ^^^^^^^^^ cannot infer type of the type parameter `E` declared on the method `visit_i64`\n     |\n     = note: cannot satisfy `_: de::Error`\n     = help: the trait `de::Error` is implemented for `value::Error`\nnote: required by a bound in `de::Visitor::visit_i64`\n    --> serde/src/de/mod.rs:1363:12\n     |\n1361 |     fn visit_i64<E>(self, v: i64) -> Result<Self::Value, E>\n     |        --------- required by a bound in this associated function\n1362 |     where\n1363 |         E: Error,\n     |            ^^^^^ required by this bound in `Visitor::visit_i64`\nhelp: consider specifying the generic argument\n     |\n247  |     let _ = visitor.visit_i64::<E>(-12345);\n     |                              +++++\n\nFor more information about this error, try `rustc --explain E0283`.\nerror: could not compile `serde` (lib test) due to 2 previous errors\n"
                }
              ],
              "repaired": [
                false,
                false
              ]
            }
          ]
        }
      ]
    }
  ]
}