{
  "name": "serde::__private::de::content::<__private::de::content::TagOrContentVisitor<'de> as de::Visitor<'de>>::visit_newtype_struct",
  "name_with_impl": "serde::__private::de::content::{impl#8}::visit_newtype_struct",
  "mod_info": {
    "name": "__private::de::content",
    "loc": "serde/src/private/de.rs:198:1:2358:2"
  },
  "visible": true,
  "loc": "serde/src/private/de.rs:795:9:802:10",
  "fn_tests": [
    {
      "chain_id": 1,
      "prompt_conds": [],
      "input_infer": "i8: [-128, 127], i16: [-32768, 32767], i32: [-2147483648, 2147483647], i64: [-9223372036854775808, 9223372036854775807], i128: [-170141183460469231731687303715884105728, 170141183460469231731687303715884105727], u8: [0, 255], u16: [0, 65535], u32: [0, 4294967295], u64: [0, 18446744073709551615], f32: [f32::MIN, f32::MAX], f64: [f64::MIN, f64::MAX], char: ['\\u{0000}', '\\u{10FFFF}'], str: [\"\", \"a\", \"test string\", \"longer test string with multiple words\"], bytes: [[], [0], [0, 1, 2, 3, 4]], option: [None, Some(5)], unit: [], newtype: [Some(0)]\n",
      "answers": [
        {
          "uses": [],
          "has_test_mod": false,
          "common": [],
          "chain_tests": [
            {
              "attrs": [],
              "prefix": [
                "{",
                "    struct Deserializer;",
                "    let deserializer = Deserializer; // Assuming appropriate implementation",
                "    let visitor = TagOrContentVisitor { name: \"tag\", value: PhantomData };",
                "    let _ = visitor.visit_newtype_struct(deserializer);",
                "}"
              ],
              "oracles": [
                [
                  "    let deserializer = Deserializer;",
                  "    let visitor = TagOrContentVisitor { name: \"tag\", value: PhantomData };",
                  "    let result = visitor.visit_newtype_struct(deserializer);",
                  "    assert!(result.is_err());"
                ],
                [
                  "    let deserializer = Deserializer;",
                  "    let visitor = TagOrContentVisitor { name: \"tag\", value: PhantomData };",
                  "    let result = visitor.visit_newtype_struct(deserializer);",
                  "    assert_eq!(result.unwrap_err().to_string(), \"invalid type: NewtypeStruct, expected TagOrContent\");"
                ]
              ],
              "codes": [
                [
                  "{",
                  "    struct Deserializer;",
                  "    let deserializer = Deserializer; // Assuming appropriate implementation",
                  "    let visitor = TagOrContentVisitor { name: \"tag\", value: PhantomData };",
                  "    let _ = visitor.visit_newtype_struct(deserializer);",
                  "    let deserializer = Deserializer;",
                  "    let visitor = TagOrContentVisitor { name: \"tag\", value: PhantomData };",
                  "    let result = visitor.visit_newtype_struct(deserializer);",
                  "    assert!(result.is_err());",
                  "}"
                ],
                [
                  "{",
                  "    struct Deserializer;",
                  "    let deserializer = Deserializer; // Assuming appropriate implementation",
                  "    let visitor = TagOrContentVisitor { name: \"tag\", value: PhantomData };",
                  "    let _ = visitor.visit_newtype_struct(deserializer);",
                  "    let deserializer = Deserializer;",
                  "    let visitor = TagOrContentVisitor { name: \"tag\", value: PhantomData };",
                  "    let result = visitor.visit_newtype_struct(deserializer);",
                  "    assert_eq!(result.unwrap_err().to_string(), \"invalid type: NewtypeStruct, expected TagOrContent\");",
                  "}"
                ]
              ],
              "can_compile": [
                {
                  "Err": "   Compiling proc-macro2 v1.0.95\n   Compiling syn v1.0.109\n   Compiling serde_derive v1.0.219 (/home/utgen/workspace/serde/serde_derive)\n   Compiling serde v1.0.219 (/home/utgen/workspace/serde/serde)\n   Compiling quote v1.0.40\n   Compiling syn v2.0.100\n   Compiling ntest_timeout v0.9.3\n   Compiling ntest_test_cases v0.9.3\n   Compiling ntest v0.9.3\nerror: unused import: `ntest::timeout`\n    --> serde/src/private/de.rs:2362:8\n     |\n2362 |    use ntest::timeout;\n     |        ^^^^^^^^^^^^^^\n     |\nnote: the lint level is defined here\n    --> serde/src/lib.rs:159:23\n     |\n159  | #![deny(missing_docs, unused_imports)]\n     |                       ^^^^^^^^^^^^^^\n\nerror[E0277]: the trait bound `llmtests::test_visit_newtype_struct_00::Deserializer: de::Deserializer<'_>` is not satisfied\n    --> serde/src/private/de.rs:2369:42\n     |\n2369 |     let _ = visitor.visit_newtype_struct(deserializer);\n     |                     -------------------- ^^^^^^^^^^^^ the trait `de::Deserializer<'_>` is not implemented for `llmtests::test_visit_newtype_struct_00::Deserializer`\n     |                     |\n     |                     required by a bound introduced by this call\n     |\n     = help: the following other types implement trait `de::Deserializer<'de>`:\n               BoolDeserializer<E>\n               BorrowedBytesDeserializer<'de, E>\n               BytesDeserializer<'a, E>\n               CharDeserializer<E>\n               ContentDeserializer<'de, E>\n               ContentRefDeserializer<'a, 'de, E>\n               CowStrDeserializer<'a, E>\n               EnumAccessDeserializer<A>\n             and 26 others\nnote: required by a bound in `de::Visitor::visit_newtype_struct`\n    --> serde/src/de/mod.rs:1640:12\n     |\n1638 |     fn visit_newtype_struct<D>(self, deserializer: D) -> Result<Self::Value, D::Error>\n     |        -------------------- required by a bound in this associated function\n1639 |     where\n1640 |         D: Deserializer<'de>,\n     |            ^^^^^^^^^^^^^^^^^ required by this bound in `Visitor::visit_newtype_struct`\n\nerror[E0277]: the trait bound `llmtests::test_visit_newtype_struct_00::Deserializer: de::Deserializer<'_>` is not satisfied\n    --> serde/src/private/de.rs:2372:47\n     |\n2372 |     let result = visitor.visit_newtype_struct(deserializer);\n     |                          -------------------- ^^^^^^^^^^^^ the trait `de::Deserializer<'_>` is not implemented for `llmtests::test_visit_newtype_struct_00::Deserializer`\n     |                          |\n     |                          required by a bound introduced by this call\n     |\n     = help: the following other types implement trait `de::Deserializer<'de>`:\n               BoolDeserializer<E>\n               BorrowedBytesDeserializer<'de, E>\n               BytesDeserializer<'a, E>\n               CharDeserializer<E>\n               ContentDeserializer<'de, E>\n               ContentRefDeserializer<'a, 'de, E>\n               CowStrDeserializer<'a, E>\n               EnumAccessDeserializer<A>\n             and 26 others\nnote: required by a bound in `de::Visitor::visit_newtype_struct`\n    --> serde/src/de/mod.rs:1640:12\n     |\n1638 |     fn visit_newtype_struct<D>(self, deserializer: D) -> Result<Self::Value, D::Error>\n     |        -------------------- required by a bound in this associated function\n1639 |     where\n1640 |         D: Deserializer<'de>,\n     |            ^^^^^^^^^^^^^^^^^ required by this bound in `Visitor::visit_newtype_struct`\n\nFor more information about this error, try `rustc --explain E0277`.\nerror: could not compile `serde` (lib test) due to 3 previous errors\n"
                },
                {
                  "Err": "   Compiling proc-macro2 v1.0.95\n   Compiling syn v1.0.109\n   Compiling serde_derive v1.0.219 (/home/utgen/workspace/serde/serde_derive)\n   Compiling serde v1.0.219 (/home/utgen/workspace/serde/serde)\n   Compiling quote v1.0.40\n   Compiling syn v2.0.100\n   Compiling ntest_test_cases v0.9.3\n   Compiling ntest_timeout v0.9.3\n   Compiling ntest v0.9.3\nerror: unused import: `ntest::timeout`\n    --> serde/src/private/de.rs:2362:8\n     |\n2362 |    use ntest::timeout;\n     |        ^^^^^^^^^^^^^^\n     |\nnote: the lint level is defined here\n    --> serde/src/lib.rs:159:23\n     |\n159  | #![deny(missing_docs, unused_imports)]\n     |                       ^^^^^^^^^^^^^^\n\nerror[E0277]: the trait bound `llmtests::test_visit_newtype_struct_01::Deserializer: de::Deserializer<'_>` is not satisfied\n    --> serde/src/private/de.rs:2369:42\n     |\n2369 |     let _ = visitor.visit_newtype_struct(deserializer);\n     |                     -------------------- ^^^^^^^^^^^^ the trait `de::Deserializer<'_>` is not implemented for `llmtests::test_visit_newtype_struct_01::Deserializer`\n     |                     |\n     |                     required by a bound introduced by this call\n     |\n     = help: the following other types implement trait `de::Deserializer<'de>`:\n               BoolDeserializer<E>\n               BorrowedBytesDeserializer<'de, E>\n               BytesDeserializer<'a, E>\n               CharDeserializer<E>\n               ContentDeserializer<'de, E>\n               ContentRefDeserializer<'a, 'de, E>\n               CowStrDeserializer<'a, E>\n               EnumAccessDeserializer<A>\n             and 26 others\nnote: required by a bound in `de::Visitor::visit_newtype_struct`\n    --> serde/src/de/mod.rs:1640:12\n     |\n1638 |     fn visit_newtype_struct<D>(self, deserializer: D) -> Result<Self::Value, D::Error>\n     |        -------------------- required by a bound in this associated function\n1639 |     where\n1640 |         D: Deserializer<'de>,\n     |            ^^^^^^^^^^^^^^^^^ required by this bound in `Visitor::visit_newtype_struct`\n\nerror[E0277]: the trait bound `llmtests::test_visit_newtype_struct_01::Deserializer: de::Deserializer<'_>` is not satisfied\n    --> serde/src/private/de.rs:2372:47\n     |\n2372 |     let result = visitor.visit_newtype_struct(deserializer);\n     |                          -------------------- ^^^^^^^^^^^^ the trait `de::Deserializer<'_>` is not implemented for `llmtests::test_visit_newtype_struct_01::Deserializer`\n     |                          |\n     |                          required by a bound introduced by this call\n     |\n     = help: the following other types implement trait `de::Deserializer<'de>`:\n               BoolDeserializer<E>\n               BorrowedBytesDeserializer<'de, E>\n               BytesDeserializer<'a, E>\n               CharDeserializer<E>\n               ContentDeserializer<'de, E>\n               ContentRefDeserializer<'a, 'de, E>\n               CowStrDeserializer<'a, E>\n               EnumAccessDeserializer<A>\n             and 26 others\nnote: required by a bound in `de::Visitor::visit_newtype_struct`\n    --> serde/src/de/mod.rs:1640:12\n     |\n1638 |     fn visit_newtype_struct<D>(self, deserializer: D) -> Result<Self::Value, D::Error>\n     |        -------------------- required by a bound in this associated function\n1639 |     where\n1640 |         D: Deserializer<'de>,\n     |            ^^^^^^^^^^^^^^^^^ required by this bound in `Visitor::visit_newtype_struct`\n\nerror[E0277]: `TagOrContent<'_>` doesn't implement `std::fmt::Debug`\n    --> serde/src/private/de.rs:2373:23\n     |\n2373 |     assert_eq!(result.unwrap_err().to_string(), \"invalid type: NewtypeStruct, expected TagOrContent\");\n     |                       ^^^^^^^^^^ `TagOrContent<'_>` cannot be formatted using `{:?}`\n     |\n     = help: the trait `std::fmt::Debug` is not implemented for `TagOrContent<'_>`\n     = note: add `#[derive(Debug)]` to `TagOrContent<'_>` or manually `impl std::fmt::Debug for TagOrContent<'_>`\nnote: required by a bound in `Result::<T, E>::unwrap_err`\n    --> /rustc/5069856495870486134dd2ca0b0e2516308c5c2a/library/core/src/result.rs:1191:5\nhelp: consider annotating `TagOrContent<'_>` with `#[derive(Debug)]`\n     |\n541  +     #[derive(Debug)]\n542  |     pub enum TagOrContent<'de> {\n     |\n\nFor more information about this error, try `rustc --explain E0277`.\nerror: could not compile `serde` (lib test) due to 4 previous errors\n"
                }
              ],
              "repaired": [
                false,
                false
              ]
            },
            {
              "attrs": [],
              "prefix": [
                "{",
                "    struct Deserializer;",
                "    let deserializer = Deserializer; // Assuming appropriate implementation",
                "    let visitor = TagOrContentVisitor { name: \"tag\", value: PhantomData };",
                "    let _ = visitor.visit_newtype_struct(deserializer);",
                "}"
              ],
              "oracles": [
                [
                  "    let deserializer = Deserializer;",
                  "    let visitor = TagOrContentVisitor { name: \"tag\", value: PhantomData };",
                  "    let result = visitor.visit_newtype_struct(deserializer);",
                  "    assert!(result.is_err());"
                ],
                [
                  "    let deserializer = Deserializer;",
                  "    let visitor = TagOrContentVisitor { name: \"tag\", value: PhantomData };",
                  "    let result = visitor.visit_newtype_struct(deserializer);",
                  "    assert_eq!(result.unwrap_err().kind(), ErrorKind::InvalidType);"
                ]
              ],
              "codes": [
                [
                  "{",
                  "    struct Deserializer;",
                  "    let deserializer = Deserializer; // Assuming appropriate implementation",
                  "    let visitor = TagOrContentVisitor { name: \"tag\", value: PhantomData };",
                  "    let _ = visitor.visit_newtype_struct(deserializer);",
                  "    let deserializer = Deserializer;",
                  "    let visitor = TagOrContentVisitor { name: \"tag\", value: PhantomData };",
                  "    let result = visitor.visit_newtype_struct(deserializer);",
                  "    assert!(result.is_err());",
                  "}"
                ],
                [
                  "{",
                  "    struct Deserializer;",
                  "    let deserializer = Deserializer; // Assuming appropriate implementation",
                  "    let visitor = TagOrContentVisitor { name: \"tag\", value: PhantomData };",
                  "    let _ = visitor.visit_newtype_struct(deserializer);",
                  "    let deserializer = Deserializer;",
                  "    let visitor = TagOrContentVisitor { name: \"tag\", value: PhantomData };",
                  "    let result = visitor.visit_newtype_struct(deserializer);",
                  "    assert_eq!(result.unwrap_err().kind(), ErrorKind::InvalidType);",
                  "}"
                ]
              ],
              "can_compile": [
                {
                  "Err": "   Compiling proc-macro2 v1.0.95\n   Compiling syn v1.0.109\n   Compiling serde_derive v1.0.219 (/home/utgen/workspace/serde/serde_derive)\n   Compiling serde v1.0.219 (/home/utgen/workspace/serde/serde)\n   Compiling quote v1.0.40\n   Compiling syn v2.0.100\n   Compiling ntest_timeout v0.9.3\n   Compiling ntest_test_cases v0.9.3\n   Compiling ntest v0.9.3\nerror: unused import: `ntest::timeout`\n    --> serde/src/private/de.rs:2362:8\n     |\n2362 |    use ntest::timeout;\n     |        ^^^^^^^^^^^^^^\n     |\nnote: the lint level is defined here\n    --> serde/src/lib.rs:159:23\n     |\n159  | #![deny(missing_docs, unused_imports)]\n     |                       ^^^^^^^^^^^^^^\n\nerror[E0277]: the trait bound `llmtests::test_visit_newtype_struct_02::Deserializer: de::Deserializer<'_>` is not satisfied\n    --> serde/src/private/de.rs:2369:42\n     |\n2369 |     let _ = visitor.visit_newtype_struct(deserializer);\n     |                     -------------------- ^^^^^^^^^^^^ the trait `de::Deserializer<'_>` is not implemented for `llmtests::test_visit_newtype_struct_02::Deserializer`\n     |                     |\n     |                     required by a bound introduced by this call\n     |\n     = help: the following other types implement trait `de::Deserializer<'de>`:\n               BoolDeserializer<E>\n               BorrowedBytesDeserializer<'de, E>\n               BytesDeserializer<'a, E>\n               CharDeserializer<E>\n               ContentDeserializer<'de, E>\n               ContentRefDeserializer<'a, 'de, E>\n               CowStrDeserializer<'a, E>\n               EnumAccessDeserializer<A>\n             and 26 others\nnote: required by a bound in `de::Visitor::visit_newtype_struct`\n    --> serde/src/de/mod.rs:1640:12\n     |\n1638 |     fn visit_newtype_struct<D>(self, deserializer: D) -> Result<Self::Value, D::Error>\n     |        -------------------- required by a bound in this associated function\n1639 |     where\n1640 |         D: Deserializer<'de>,\n     |            ^^^^^^^^^^^^^^^^^ required by this bound in `Visitor::visit_newtype_struct`\n\nerror[E0277]: the trait bound `llmtests::test_visit_newtype_struct_02::Deserializer: de::Deserializer<'_>` is not satisfied\n    --> serde/src/private/de.rs:2372:47\n     |\n2372 |     let result = visitor.visit_newtype_struct(deserializer);\n     |                          -------------------- ^^^^^^^^^^^^ the trait `de::Deserializer<'_>` is not implemented for `llmtests::test_visit_newtype_struct_02::Deserializer`\n     |                          |\n     |                          required by a bound introduced by this call\n     |\n     = help: the following other types implement trait `de::Deserializer<'de>`:\n               BoolDeserializer<E>\n               BorrowedBytesDeserializer<'de, E>\n               BytesDeserializer<'a, E>\n               CharDeserializer<E>\n               ContentDeserializer<'de, E>\n               ContentRefDeserializer<'a, 'de, E>\n               CowStrDeserializer<'a, E>\n               EnumAccessDeserializer<A>\n             and 26 others\nnote: required by a bound in `de::Visitor::visit_newtype_struct`\n    --> serde/src/de/mod.rs:1640:12\n     |\n1638 |     fn visit_newtype_struct<D>(self, deserializer: D) -> Result<Self::Value, D::Error>\n     |        -------------------- required by a bound in this associated function\n1639 |     where\n1640 |         D: Deserializer<'de>,\n     |            ^^^^^^^^^^^^^^^^^ required by this bound in `Visitor::visit_newtype_struct`\n\nFor more information about this error, try `rustc --explain E0277`.\nerror: could not compile `serde` (lib test) due to 3 previous errors\n"
                },
                {
                  "Err": "   Compiling proc-macro2 v1.0.95\n   Compiling syn v1.0.109\n   Compiling serde_derive v1.0.219 (/home/utgen/workspace/serde/serde_derive)\n   Compiling serde v1.0.219 (/home/utgen/workspace/serde/serde)\n   Compiling quote v1.0.40\n   Compiling syn v2.0.100\n   Compiling ntest_test_cases v0.9.3\n   Compiling ntest_timeout v0.9.3\n   Compiling ntest v0.9.3\nerror[E0433]: failed to resolve: use of undeclared type `ErrorKind`\n    --> serde/src/private/de.rs:2373:44\n     |\n2373 |     assert_eq!(result.unwrap_err().kind(), ErrorKind::InvalidType);\n     |                                            ^^^^^^^^^ use of undeclared type `ErrorKind`\n     |\nhelp: consider importing this enum\n     |\n2361 +    use std::io::ErrorKind;\n     |\n\nerror: unused import: `ntest::timeout`\n    --> serde/src/private/de.rs:2362:8\n     |\n2362 |    use ntest::timeout;\n     |        ^^^^^^^^^^^^^^\n     |\nnote: the lint level is defined here\n    --> serde/src/lib.rs:159:23\n     |\n159  | #![deny(missing_docs, unused_imports)]\n     |                       ^^^^^^^^^^^^^^\n\nerror[E0277]: the trait bound `llmtests::test_visit_newtype_struct_03::Deserializer: de::Deserializer<'_>` is not satisfied\n    --> serde/src/private/de.rs:2369:42\n     |\n2369 |     let _ = visitor.visit_newtype_struct(deserializer);\n     |                     -------------------- ^^^^^^^^^^^^ the trait `de::Deserializer<'_>` is not implemented for `llmtests::test_visit_newtype_struct_03::Deserializer`\n     |                     |\n     |                     required by a bound introduced by this call\n     |\n     = help: the following other types implement trait `de::Deserializer<'de>`:\n               BoolDeserializer<E>\n               BorrowedBytesDeserializer<'de, E>\n               BytesDeserializer<'a, E>\n               CharDeserializer<E>\n               ContentDeserializer<'de, E>\n               ContentRefDeserializer<'a, 'de, E>\n               CowStrDeserializer<'a, E>\n               EnumAccessDeserializer<A>\n             and 26 others\nnote: required by a bound in `de::Visitor::visit_newtype_struct`\n    --> serde/src/de/mod.rs:1640:12\n     |\n1638 |     fn visit_newtype_struct<D>(self, deserializer: D) -> Result<Self::Value, D::Error>\n     |        -------------------- required by a bound in this associated function\n1639 |     where\n1640 |         D: Deserializer<'de>,\n     |            ^^^^^^^^^^^^^^^^^ required by this bound in `Visitor::visit_newtype_struct`\n\nerror[E0277]: the trait bound `llmtests::test_visit_newtype_struct_03::Deserializer: de::Deserializer<'_>` is not satisfied\n    --> serde/src/private/de.rs:2372:47\n     |\n2372 |     let result = visitor.visit_newtype_struct(deserializer);\n     |                          -------------------- ^^^^^^^^^^^^ the trait `de::Deserializer<'_>` is not implemented for `llmtests::test_visit_newtype_struct_03::Deserializer`\n     |                          |\n     |                          required by a bound introduced by this call\n     |\n     = help: the following other types implement trait `de::Deserializer<'de>`:\n               BoolDeserializer<E>\n               BorrowedBytesDeserializer<'de, E>\n               BytesDeserializer<'a, E>\n               CharDeserializer<E>\n               ContentDeserializer<'de, E>\n               ContentRefDeserializer<'a, 'de, E>\n               CowStrDeserializer<'a, E>\n               EnumAccessDeserializer<A>\n             and 26 others\nnote: required by a bound in `de::Visitor::visit_newtype_struct`\n    --> serde/src/de/mod.rs:1640:12\n     |\n1638 |     fn visit_newtype_struct<D>(self, deserializer: D) -> Result<Self::Value, D::Error>\n     |        -------------------- required by a bound in this associated function\n1639 |     where\n1640 |         D: Deserializer<'de>,\n     |            ^^^^^^^^^^^^^^^^^ required by this bound in `Visitor::visit_newtype_struct`\n\nerror[E0277]: `TagOrContent<'_>` doesn't implement `std::fmt::Debug`\n    --> serde/src/private/de.rs:2373:23\n     |\n2373 |     assert_eq!(result.unwrap_err().kind(), ErrorKind::InvalidType);\n     |                       ^^^^^^^^^^ `TagOrContent<'_>` cannot be formatted using `{:?}`\n     |\n     = help: the trait `std::fmt::Debug` is not implemented for `TagOrContent<'_>`\n     = note: add `#[derive(Debug)]` to `TagOrContent<'_>` or manually `impl std::fmt::Debug for TagOrContent<'_>`\nnote: required by a bound in `Result::<T, E>::unwrap_err`\n    --> /rustc/5069856495870486134dd2ca0b0e2516308c5c2a/library/core/src/result.rs:1191:5\nhelp: consider annotating `TagOrContent<'_>` with `#[derive(Debug)]`\n     |\n541  +     #[derive(Debug)]\n542  |     pub enum TagOrContent<'de> {\n     |\n\nSome errors have detailed explanations: E0277, E0433.\nFor more information about an error, try `rustc --explain E0277`.\nerror: could not compile `serde` (lib test) due to 5 previous errors\n"
                }
              ],
              "repaired": [
                false,
                false
              ]
            },
            {
              "attrs": [],
              "prefix": [
                "{",
                "    struct Deserializer;",
                "    let deserializer = Deserializer; // Assuming appropriate implementation",
                "    let visitor = TagOrContentVisitor { name: \"tag\", value: PhantomData };",
                "    let _ = visitor.visit_newtype_struct(deserializer);",
                "}"
              ],
              "oracles": [
                [
                  "    let deserializer = Deserializer;",
                  "    let visitor = TagOrContentVisitor { name: \"tag\", value: PhantomData };",
                  "    let result = visitor.visit_newtype_struct(deserializer);",
                  "    assert!(result.is_err());"
                ],
                [
                  "    let deserializer = Deserializer;",
                  "    let visitor = TagOrContentVisitor { name: \"tag\", value: PhantomData };",
                  "    let result = visitor.visit_newtype_struct(deserializer);",
                  "    let error = result.unwrap_err();",
                  "    assert_eq!(error.kind(), ErrorKind::InvalidType);"
                ],
                [
                  "    let deserializer = Deserializer;",
                  "    let visitor = TagOrContentVisitor { name: \"tag\", value: PhantomData };",
                  "    let result = visitor.visit_newtype_struct(deserializer);",
                  "    let error = result.unwrap_err();",
                  "    assert_eq!(error.unexpected(), Unexpected::NewtypeStruct);"
                ],
                [
                  "    let deserializer = Deserializer;",
                  "    let visitor = TagOrContentVisitor { name: \"tag\", value: PhantomData };",
                  "    let result = visitor.visit_newtype_struct(deserializer);",
                  "    let error = result.unwrap_err();",
                  "    assert_eq!(error.expected(), visitor.expecting(&mut fmt::Formatter::new()));"
                ]
              ],
              "codes": [
                [
                  "{",
                  "    struct Deserializer;",
                  "    let deserializer = Deserializer; // Assuming appropriate implementation",
                  "    let visitor = TagOrContentVisitor { name: \"tag\", value: PhantomData };",
                  "    let _ = visitor.visit_newtype_struct(deserializer);",
                  "    let deserializer = Deserializer;",
                  "    let visitor = TagOrContentVisitor { name: \"tag\", value: PhantomData };",
                  "    let result = visitor.visit_newtype_struct(deserializer);",
                  "    assert!(result.is_err());",
                  "}"
                ],
                [
                  "{",
                  "    struct Deserializer;",
                  "    let deserializer = Deserializer; // Assuming appropriate implementation",
                  "    let visitor = TagOrContentVisitor { name: \"tag\", value: PhantomData };",
                  "    let _ = visitor.visit_newtype_struct(deserializer);",
                  "    let deserializer = Deserializer;",
                  "    let visitor = TagOrContentVisitor { name: \"tag\", value: PhantomData };",
                  "    let result = visitor.visit_newtype_struct(deserializer);",
                  "    let error = result.unwrap_err();",
                  "    assert_eq!(error.kind(), ErrorKind::InvalidType);",
                  "}"
                ],
                [
                  "{",
                  "    struct Deserializer;",
                  "    let deserializer = Deserializer; // Assuming appropriate implementation",
                  "    let visitor = TagOrContentVisitor { name: \"tag\", value: PhantomData };",
                  "    let _ = visitor.visit_newtype_struct(deserializer);",
                  "    let deserializer = Deserializer;",
                  "    let visitor = TagOrContentVisitor { name: \"tag\", value: PhantomData };",
                  "    let result = visitor.visit_newtype_struct(deserializer);",
                  "    let error = result.unwrap_err();",
                  "    assert_eq!(error.unexpected(), Unexpected::NewtypeStruct);",
                  "}"
                ],
                [
                  "{",
                  "    struct Deserializer;",
                  "    let deserializer = Deserializer; // Assuming appropriate implementation",
                  "    let visitor = TagOrContentVisitor { name: \"tag\", value: PhantomData };",
                  "    let _ = visitor.visit_newtype_struct(deserializer);",
                  "    let deserializer = Deserializer;",
                  "    let visitor = TagOrContentVisitor { name: \"tag\", value: PhantomData };",
                  "    let result = visitor.visit_newtype_struct(deserializer);",
                  "    let error = result.unwrap_err();",
                  "    assert_eq!(error.expected(), visitor.expecting(&mut fmt::Formatter::new()));",
                  "}"
                ]
              ],
              "can_compile": [
                {
                  "Err": "   Compiling proc-macro2 v1.0.95\n   Compiling syn v1.0.109\n   Compiling serde_derive v1.0.219 (/home/utgen/workspace/serde/serde_derive)\n   Compiling serde v1.0.219 (/home/utgen/workspace/serde/serde)\n   Compiling quote v1.0.40\n   Compiling syn v2.0.100\n   Compiling ntest_test_cases v0.9.3\n   Compiling ntest_timeout v0.9.3\n   Compiling ntest v0.9.3\nerror: unused import: `ntest::timeout`\n    --> serde/src/private/de.rs:2362:8\n     |\n2362 |    use ntest::timeout;\n     |        ^^^^^^^^^^^^^^\n     |\nnote: the lint level is defined here\n    --> serde/src/lib.rs:159:23\n     |\n159  | #![deny(missing_docs, unused_imports)]\n     |                       ^^^^^^^^^^^^^^\n\nerror[E0277]: the trait bound `llmtests::test_visit_newtype_struct_04::Deserializer: de::Deserializer<'_>` is not satisfied\n    --> serde/src/private/de.rs:2369:42\n     |\n2369 |     let _ = visitor.visit_newtype_struct(deserializer);\n     |                     -------------------- ^^^^^^^^^^^^ the trait `de::Deserializer<'_>` is not implemented for `llmtests::test_visit_newtype_struct_04::Deserializer`\n     |                     |\n     |                     required by a bound introduced by this call\n     |\n     = help: the following other types implement trait `de::Deserializer<'de>`:\n               BoolDeserializer<E>\n               BorrowedBytesDeserializer<'de, E>\n               BytesDeserializer<'a, E>\n               CharDeserializer<E>\n               ContentDeserializer<'de, E>\n               ContentRefDeserializer<'a, 'de, E>\n               CowStrDeserializer<'a, E>\n               EnumAccessDeserializer<A>\n             and 26 others\nnote: required by a bound in `de::Visitor::visit_newtype_struct`\n    --> serde/src/de/mod.rs:1640:12\n     |\n1638 |     fn visit_newtype_struct<D>(self, deserializer: D) -> Result<Self::Value, D::Error>\n     |        -------------------- required by a bound in this associated function\n1639 |     where\n1640 |         D: Deserializer<'de>,\n     |            ^^^^^^^^^^^^^^^^^ required by this bound in `Visitor::visit_newtype_struct`\n\nerror[E0277]: the trait bound `llmtests::test_visit_newtype_struct_04::Deserializer: de::Deserializer<'_>` is not satisfied\n    --> serde/src/private/de.rs:2372:47\n     |\n2372 |     let result = visitor.visit_newtype_struct(deserializer);\n     |                          -------------------- ^^^^^^^^^^^^ the trait `de::Deserializer<'_>` is not implemented for `llmtests::test_visit_newtype_struct_04::Deserializer`\n     |                          |\n     |                          required by a bound introduced by this call\n     |\n     = help: the following other types implement trait `de::Deserializer<'de>`:\n               BoolDeserializer<E>\n               BorrowedBytesDeserializer<'de, E>\n               BytesDeserializer<'a, E>\n               CharDeserializer<E>\n               ContentDeserializer<'de, E>\n               ContentRefDeserializer<'a, 'de, E>\n               CowStrDeserializer<'a, E>\n               EnumAccessDeserializer<A>\n             and 26 others\nnote: required by a bound in `de::Visitor::visit_newtype_struct`\n    --> serde/src/de/mod.rs:1640:12\n     |\n1638 |     fn visit_newtype_struct<D>(self, deserializer: D) -> Result<Self::Value, D::Error>\n     |        -------------------- required by a bound in this associated function\n1639 |     where\n1640 |         D: Deserializer<'de>,\n     |            ^^^^^^^^^^^^^^^^^ required by this bound in `Visitor::visit_newtype_struct`\n\nFor more information about this error, try `rustc --explain E0277`.\nerror: could not compile `serde` (lib test) due to 3 previous errors\n"
                },
                {
                  "Err": "   Compiling proc-macro2 v1.0.95\n   Compiling syn v1.0.109\n   Compiling serde_derive v1.0.219 (/home/utgen/workspace/serde/serde_derive)\n   Compiling serde v1.0.219 (/home/utgen/workspace/serde/serde)\n   Compiling quote v1.0.40\n   Compiling syn v2.0.100\n   Compiling ntest_timeout v0.9.3\n   Compiling ntest_test_cases v0.9.3\n   Compiling ntest v0.9.3\nerror[E0433]: failed to resolve: use of undeclared type `ErrorKind`\n    --> serde/src/private/de.rs:2374:30\n     |\n2374 |     assert_eq!(error.kind(), ErrorKind::InvalidType);\n     |                              ^^^^^^^^^ use of undeclared type `ErrorKind`\n     |\nhelp: consider importing this enum\n     |\n2361 +    use std::io::ErrorKind;\n     |\n\nerror: unused import: `ntest::timeout`\n    --> serde/src/private/de.rs:2362:8\n     |\n2362 |    use ntest::timeout;\n     |        ^^^^^^^^^^^^^^\n     |\nnote: the lint level is defined here\n    --> serde/src/lib.rs:159:23\n     |\n159  | #![deny(missing_docs, unused_imports)]\n     |                       ^^^^^^^^^^^^^^\n\nerror[E0277]: the trait bound `llmtests::test_visit_newtype_struct_05::Deserializer: de::Deserializer<'_>` is not satisfied\n    --> serde/src/private/de.rs:2369:42\n     |\n2369 |     let _ = visitor.visit_newtype_struct(deserializer);\n     |                     -------------------- ^^^^^^^^^^^^ the trait `de::Deserializer<'_>` is not implemented for `llmtests::test_visit_newtype_struct_05::Deserializer`\n     |                     |\n     |                     required by a bound introduced by this call\n     |\n     = help: the following other types implement trait `de::Deserializer<'de>`:\n               BoolDeserializer<E>\n               BorrowedBytesDeserializer<'de, E>\n               BytesDeserializer<'a, E>\n               CharDeserializer<E>\n               ContentDeserializer<'de, E>\n               ContentRefDeserializer<'a, 'de, E>\n               CowStrDeserializer<'a, E>\n               EnumAccessDeserializer<A>\n             and 26 others\nnote: required by a bound in `de::Visitor::visit_newtype_struct`\n    --> serde/src/de/mod.rs:1640:12\n     |\n1638 |     fn visit_newtype_struct<D>(self, deserializer: D) -> Result<Self::Value, D::Error>\n     |        -------------------- required by a bound in this associated function\n1639 |     where\n1640 |         D: Deserializer<'de>,\n     |            ^^^^^^^^^^^^^^^^^ required by this bound in `Visitor::visit_newtype_struct`\n\nerror[E0277]: the trait bound `llmtests::test_visit_newtype_struct_05::Deserializer: de::Deserializer<'_>` is not satisfied\n    --> serde/src/private/de.rs:2372:47\n     |\n2372 |     let result = visitor.visit_newtype_struct(deserializer);\n     |                          -------------------- ^^^^^^^^^^^^ the trait `de::Deserializer<'_>` is not implemented for `llmtests::test_visit_newtype_struct_05::Deserializer`\n     |                          |\n     |                          required by a bound introduced by this call\n     |\n     = help: the following other types implement trait `de::Deserializer<'de>`:\n               BoolDeserializer<E>\n               BorrowedBytesDeserializer<'de, E>\n               BytesDeserializer<'a, E>\n               CharDeserializer<E>\n               ContentDeserializer<'de, E>\n               ContentRefDeserializer<'a, 'de, E>\n               CowStrDeserializer<'a, E>\n               EnumAccessDeserializer<A>\n             and 26 others\nnote: required by a bound in `de::Visitor::visit_newtype_struct`\n    --> serde/src/de/mod.rs:1640:12\n     |\n1638 |     fn visit_newtype_struct<D>(self, deserializer: D) -> Result<Self::Value, D::Error>\n     |        -------------------- required by a bound in this associated function\n1639 |     where\n1640 |         D: Deserializer<'de>,\n     |            ^^^^^^^^^^^^^^^^^ required by this bound in `Visitor::visit_newtype_struct`\n\nerror[E0277]: `TagOrContent<'_>` doesn't implement `std::fmt::Debug`\n    --> serde/src/private/de.rs:2373:24\n     |\n2373 |     let error = result.unwrap_err();\n     |                        ^^^^^^^^^^ `TagOrContent<'_>` cannot be formatted using `{:?}`\n     |\n     = help: the trait `std::fmt::Debug` is not implemented for `TagOrContent<'_>`\n     = note: add `#[derive(Debug)]` to `TagOrContent<'_>` or manually `impl std::fmt::Debug for TagOrContent<'_>`\nnote: required by a bound in `Result::<T, E>::unwrap_err`\n    --> /rustc/5069856495870486134dd2ca0b0e2516308c5c2a/library/core/src/result.rs:1191:5\nhelp: consider annotating `TagOrContent<'_>` with `#[derive(Debug)]`\n     |\n541  +     #[derive(Debug)]\n542  |     pub enum TagOrContent<'de> {\n     |\n\nSome errors have detailed explanations: E0277, E0433.\nFor more information about an error, try `rustc --explain E0277`.\nerror: could not compile `serde` (lib test) due to 5 previous errors\n"
                },
                {
                  "Err": "   Compiling proc-macro2 v1.0.95\n   Compiling syn v1.0.109\n   Compiling serde_derive v1.0.219 (/home/utgen/workspace/serde/serde_derive)\n   Compiling serde v1.0.219 (/home/utgen/workspace/serde/serde)\n   Compiling quote v1.0.40\n   Compiling syn v2.0.100\n   Compiling ntest_test_cases v0.9.3\n   Compiling ntest_timeout v0.9.3\n   Compiling ntest v0.9.3\nerror: unused import: `ntest::timeout`\n    --> serde/src/private/de.rs:2362:8\n     |\n2362 |    use ntest::timeout;\n     |        ^^^^^^^^^^^^^^\n     |\nnote: the lint level is defined here\n    --> serde/src/lib.rs:159:23\n     |\n159  | #![deny(missing_docs, unused_imports)]\n     |                       ^^^^^^^^^^^^^^\n\nerror[E0277]: the trait bound `llmtests::test_visit_newtype_struct_06::Deserializer: de::Deserializer<'_>` is not satisfied\n    --> serde/src/private/de.rs:2369:42\n     |\n2369 |     let _ = visitor.visit_newtype_struct(deserializer);\n     |                     -------------------- ^^^^^^^^^^^^ the trait `de::Deserializer<'_>` is not implemented for `llmtests::test_visit_newtype_struct_06::Deserializer`\n     |                     |\n     |                     required by a bound introduced by this call\n     |\n     = help: the following other types implement trait `de::Deserializer<'de>`:\n               BoolDeserializer<E>\n               BorrowedBytesDeserializer<'de, E>\n               BytesDeserializer<'a, E>\n               CharDeserializer<E>\n               ContentDeserializer<'de, E>\n               ContentRefDeserializer<'a, 'de, E>\n               CowStrDeserializer<'a, E>\n               EnumAccessDeserializer<A>\n             and 26 others\nnote: required by a bound in `de::Visitor::visit_newtype_struct`\n    --> serde/src/de/mod.rs:1640:12\n     |\n1638 |     fn visit_newtype_struct<D>(self, deserializer: D) -> Result<Self::Value, D::Error>\n     |        -------------------- required by a bound in this associated function\n1639 |     where\n1640 |         D: Deserializer<'de>,\n     |            ^^^^^^^^^^^^^^^^^ required by this bound in `Visitor::visit_newtype_struct`\n\nerror[E0277]: the trait bound `llmtests::test_visit_newtype_struct_06::Deserializer: de::Deserializer<'_>` is not satisfied\n    --> serde/src/private/de.rs:2372:47\n     |\n2372 |     let result = visitor.visit_newtype_struct(deserializer);\n     |                          -------------------- ^^^^^^^^^^^^ the trait `de::Deserializer<'_>` is not implemented for `llmtests::test_visit_newtype_struct_06::Deserializer`\n     |                          |\n     |                          required by a bound introduced by this call\n     |\n     = help: the following other types implement trait `de::Deserializer<'de>`:\n               BoolDeserializer<E>\n               BorrowedBytesDeserializer<'de, E>\n               BytesDeserializer<'a, E>\n               CharDeserializer<E>\n               ContentDeserializer<'de, E>\n               ContentRefDeserializer<'a, 'de, E>\n               CowStrDeserializer<'a, E>\n               EnumAccessDeserializer<A>\n             and 26 others\nnote: required by a bound in `de::Visitor::visit_newtype_struct`\n    --> serde/src/de/mod.rs:1640:12\n     |\n1638 |     fn visit_newtype_struct<D>(self, deserializer: D) -> Result<Self::Value, D::Error>\n     |        -------------------- required by a bound in this associated function\n1639 |     where\n1640 |         D: Deserializer<'de>,\n     |            ^^^^^^^^^^^^^^^^^ required by this bound in `Visitor::visit_newtype_struct`\n\nerror[E0277]: `TagOrContent<'_>` doesn't implement `std::fmt::Debug`\n    --> serde/src/private/de.rs:2373:24\n     |\n2373 |     let error = result.unwrap_err();\n     |                        ^^^^^^^^^^ `TagOrContent<'_>` cannot be formatted using `{:?}`\n     |\n     = help: the trait `std::fmt::Debug` is not implemented for `TagOrContent<'_>`\n     = note: add `#[derive(Debug)]` to `TagOrContent<'_>` or manually `impl std::fmt::Debug for TagOrContent<'_>`\nnote: required by a bound in `Result::<T, E>::unwrap_err`\n    --> /rustc/5069856495870486134dd2ca0b0e2516308c5c2a/library/core/src/result.rs:1191:5\nhelp: consider annotating `TagOrContent<'_>` with `#[derive(Debug)]`\n     |\n541  +     #[derive(Debug)]\n542  |     pub enum TagOrContent<'de> {\n     |\n\nFor more information about this error, try `rustc --explain E0277`.\nerror: could not compile `serde` (lib test) due to 4 previous errors\n"
                },
                {
                  "Err": "   Compiling proc-macro2 v1.0.95\n   Compiling syn v1.0.109\n   Compiling serde_derive v1.0.219 (/home/utgen/workspace/serde/serde_derive)\n   Compiling serde v1.0.219 (/home/utgen/workspace/serde/serde)\n   Compiling quote v1.0.40\n   Compiling syn v2.0.100\n   Compiling ntest_test_cases v0.9.3\n   Compiling ntest_timeout v0.9.3\n   Compiling ntest v0.9.3\nerror: unused import: `ntest::timeout`\n    --> serde/src/private/de.rs:2362:8\n     |\n2362 |    use ntest::timeout;\n     |        ^^^^^^^^^^^^^^\n     |\nnote: the lint level is defined here\n    --> serde/src/lib.rs:159:23\n     |\n159  | #![deny(missing_docs, unused_imports)]\n     |                       ^^^^^^^^^^^^^^\n\nerror[E0277]: the trait bound `llmtests::test_visit_newtype_struct_07::Deserializer: de::Deserializer<'_>` is not satisfied\n    --> serde/src/private/de.rs:2369:42\n     |\n2369 |     let _ = visitor.visit_newtype_struct(deserializer);\n     |                     -------------------- ^^^^^^^^^^^^ the trait `de::Deserializer<'_>` is not implemented for `llmtests::test_visit_newtype_struct_07::Deserializer`\n     |                     |\n     |                     required by a bound introduced by this call\n     |\n     = help: the following other types implement trait `de::Deserializer<'de>`:\n               BoolDeserializer<E>\n               BorrowedBytesDeserializer<'de, E>\n               BytesDeserializer<'a, E>\n               CharDeserializer<E>\n               ContentDeserializer<'de, E>\n               ContentRefDeserializer<'a, 'de, E>\n               CowStrDeserializer<'a, E>\n               EnumAccessDeserializer<A>\n             and 26 others\nnote: required by a bound in `de::Visitor::visit_newtype_struct`\n    --> serde/src/de/mod.rs:1640:12\n     |\n1638 |     fn visit_newtype_struct<D>(self, deserializer: D) -> Result<Self::Value, D::Error>\n     |        -------------------- required by a bound in this associated function\n1639 |     where\n1640 |         D: Deserializer<'de>,\n     |            ^^^^^^^^^^^^^^^^^ required by this bound in `Visitor::visit_newtype_struct`\n\nerror[E0277]: the trait bound `llmtests::test_visit_newtype_struct_07::Deserializer: de::Deserializer<'_>` is not satisfied\n    --> serde/src/private/de.rs:2372:47\n     |\n2372 |     let result = visitor.visit_newtype_struct(deserializer);\n     |                          -------------------- ^^^^^^^^^^^^ the trait `de::Deserializer<'_>` is not implemented for `llmtests::test_visit_newtype_struct_07::Deserializer`\n     |                          |\n     |                          required by a bound introduced by this call\n     |\n     = help: the following other types implement trait `de::Deserializer<'de>`:\n               BoolDeserializer<E>\n               BorrowedBytesDeserializer<'de, E>\n               BytesDeserializer<'a, E>\n               CharDeserializer<E>\n               ContentDeserializer<'de, E>\n               ContentRefDeserializer<'a, 'de, E>\n               CowStrDeserializer<'a, E>\n               EnumAccessDeserializer<A>\n             and 26 others\nnote: required by a bound in `de::Visitor::visit_newtype_struct`\n    --> serde/src/de/mod.rs:1640:12\n     |\n1638 |     fn visit_newtype_struct<D>(self, deserializer: D) -> Result<Self::Value, D::Error>\n     |        -------------------- required by a bound in this associated function\n1639 |     where\n1640 |         D: Deserializer<'de>,\n     |            ^^^^^^^^^^^^^^^^^ required by this bound in `Visitor::visit_newtype_struct`\n\nerror[E0277]: `TagOrContent<'_>` doesn't implement `std::fmt::Debug`\n    --> serde/src/private/de.rs:2373:24\n     |\n2373 |     let error = result.unwrap_err();\n     |                        ^^^^^^^^^^ `TagOrContent<'_>` cannot be formatted using `{:?}`\n     |\n     = help: the trait `std::fmt::Debug` is not implemented for `TagOrContent<'_>`\n     = note: add `#[derive(Debug)]` to `TagOrContent<'_>` or manually `impl std::fmt::Debug for TagOrContent<'_>`\nnote: required by a bound in `Result::<T, E>::unwrap_err`\n    --> /rustc/5069856495870486134dd2ca0b0e2516308c5c2a/library/core/src/result.rs:1191:5\nhelp: consider annotating `TagOrContent<'_>` with `#[derive(Debug)]`\n     |\n541  +     #[derive(Debug)]\n542  |     pub enum TagOrContent<'de> {\n     |\n\nerror[E0658]: use of unstable library feature 'fmt_internals': internal to standard library\n    --> serde/src/private/de.rs:2374:57\n     |\n2374 |     assert_eq!(error.expected(), visitor.expecting(&mut fmt::Formatter::new()));\n     |                                                         ^^^^^^^^^^^^^^^^^^^\n     |\n     = help: add `#![feature(fmt_internals)]` to the crate attributes to enable\n     = note: this compiler was built on 2024-07-20; consider upgrading it if it is out of date\n\nerror[E0061]: this function takes 1 argument but 0 arguments were supplied\n    --> serde/src/private/de.rs:2374:57\n     |\n2374 |     assert_eq!(error.expected(), visitor.expecting(&mut fmt::Formatter::new()));\n     |                                                         ^^^^^^^^^^^^^^^^^^^-- argument #1 of type `&mut dyn std::fmt::Write` is missing\n     |\nnote: associated function defined here\n    --> /rustc/5069856495870486134dd2ca0b0e2516308c5c2a/library/core/src/fmt/mod.rs:286:12\nhelp: provide the argument\n     |\n2374 |     assert_eq!(error.expected(), visitor.expecting(&mut fmt::Formatter::new(/* &mut dyn std::fmt::Write */)));\n     |                                                                            ~~~~~~~~~~~~~~~~~~~~~~~~~~~~~~~~\n\nSome errors have detailed explanations: E0061, E0277, E0658.\nFor more information about an error, try `rustc --explain E0061`.\nerror: could not compile `serde` (lib test) due to 6 previous errors\n"
                }
              ],
              "repaired": [
                false,
                false,
                false,
                false
              ]
            },
            {
              "attrs": [],
              "prefix": [
                "{",
                "    struct Deserializer;",
                "    let deserializer = Deserializer; // Assuming appropriate implementation",
                "    let visitor = TagOrContentVisitor { name: \"tag\", value: PhantomData };",
                "    let _ = visitor.visit_newtype_struct(deserializer);",
                "}"
              ],
              "oracles": [
                [
                  "    let deserializer = Deserializer;",
                  "    let visitor = TagOrContentVisitor { name: \"tag\", value: PhantomData };",
                  "    let result = visitor.visit_newtype_struct(deserializer);",
                  "    assert!(result.is_ok());"
                ],
                [
                  "    let deserializer = Deserializer;",
                  "    let visitor = TagOrContentVisitor { name: \"tag\", value: PhantomData };",
                  "    let result = visitor.visit_newtype_struct(deserializer);",
                  "    assert_matches!(result.unwrap(), TagOrContent::Content(_));"
                ]
              ],
              "codes": [
                [
                  "{",
                  "    struct Deserializer;",
                  "    let deserializer = Deserializer; // Assuming appropriate implementation",
                  "    let visitor = TagOrContentVisitor { name: \"tag\", value: PhantomData };",
                  "    let _ = visitor.visit_newtype_struct(deserializer);",
                  "    let deserializer = Deserializer;",
                  "    let visitor = TagOrContentVisitor { name: \"tag\", value: PhantomData };",
                  "    let result = visitor.visit_newtype_struct(deserializer);",
                  "    assert!(result.is_ok());",
                  "}"
                ],
                [
                  "{",
                  "    struct Deserializer;",
                  "    let deserializer = Deserializer; // Assuming appropriate implementation",
                  "    let visitor = TagOrContentVisitor { name: \"tag\", value: PhantomData };",
                  "    let _ = visitor.visit_newtype_struct(deserializer);",
                  "    let deserializer = Deserializer;",
                  "    let visitor = TagOrContentVisitor { name: \"tag\", value: PhantomData };",
                  "    let result = visitor.visit_newtype_struct(deserializer);",
                  "    assert_matches!(result.unwrap(), TagOrContent::Content(_));",
                  "}"
                ]
              ],
              "can_compile": [
                {
                  "Err": "   Compiling proc-macro2 v1.0.95\n   Compiling syn v1.0.109\n   Compiling serde_derive v1.0.219 (/home/utgen/workspace/serde/serde_derive)\n   Compiling serde v1.0.219 (/home/utgen/workspace/serde/serde)\n   Compiling quote v1.0.40\n   Compiling syn v2.0.100\n   Compiling ntest_timeout v0.9.3\n   Compiling ntest_test_cases v0.9.3\n   Compiling ntest v0.9.3\nerror: unused import: `ntest::timeout`\n    --> serde/src/private/de.rs:2362:8\n     |\n2362 |    use ntest::timeout;\n     |        ^^^^^^^^^^^^^^\n     |\nnote: the lint level is defined here\n    --> serde/src/lib.rs:159:23\n     |\n159  | #![deny(missing_docs, unused_imports)]\n     |                       ^^^^^^^^^^^^^^\n\nerror[E0277]: the trait bound `llmtests::test_visit_newtype_struct_08::Deserializer: de::Deserializer<'_>` is not satisfied\n    --> serde/src/private/de.rs:2369:42\n     |\n2369 |     let _ = visitor.visit_newtype_struct(deserializer);\n     |                     -------------------- ^^^^^^^^^^^^ the trait `de::Deserializer<'_>` is not implemented for `llmtests::test_visit_newtype_struct_08::Deserializer`\n     |                     |\n     |                     required by a bound introduced by this call\n     |\n     = help: the following other types implement trait `de::Deserializer<'de>`:\n               BoolDeserializer<E>\n               BorrowedBytesDeserializer<'de, E>\n               BytesDeserializer<'a, E>\n               CharDeserializer<E>\n               ContentDeserializer<'de, E>\n               ContentRefDeserializer<'a, 'de, E>\n               CowStrDeserializer<'a, E>\n               EnumAccessDeserializer<A>\n             and 26 others\nnote: required by a bound in `de::Visitor::visit_newtype_struct`\n    --> serde/src/de/mod.rs:1640:12\n     |\n1638 |     fn visit_newtype_struct<D>(self, deserializer: D) -> Result<Self::Value, D::Error>\n     |        -------------------- required by a bound in this associated function\n1639 |     where\n1640 |         D: Deserializer<'de>,\n     |            ^^^^^^^^^^^^^^^^^ required by this bound in `Visitor::visit_newtype_struct`\n\nerror[E0277]: the trait bound `llmtests::test_visit_newtype_struct_08::Deserializer: de::Deserializer<'_>` is not satisfied\n    --> serde/src/private/de.rs:2372:47\n     |\n2372 |     let result = visitor.visit_newtype_struct(deserializer);\n     |                          -------------------- ^^^^^^^^^^^^ the trait `de::Deserializer<'_>` is not implemented for `llmtests::test_visit_newtype_struct_08::Deserializer`\n     |                          |\n     |                          required by a bound introduced by this call\n     |\n     = help: the following other types implement trait `de::Deserializer<'de>`:\n               BoolDeserializer<E>\n               BorrowedBytesDeserializer<'de, E>\n               BytesDeserializer<'a, E>\n               CharDeserializer<E>\n               ContentDeserializer<'de, E>\n               ContentRefDeserializer<'a, 'de, E>\n               CowStrDeserializer<'a, E>\n               EnumAccessDeserializer<A>\n             and 26 others\nnote: required by a bound in `de::Visitor::visit_newtype_struct`\n    --> serde/src/de/mod.rs:1640:12\n     |\n1638 |     fn visit_newtype_struct<D>(self, deserializer: D) -> Result<Self::Value, D::Error>\n     |        -------------------- required by a bound in this associated function\n1639 |     where\n1640 |         D: Deserializer<'de>,\n     |            ^^^^^^^^^^^^^^^^^ required by this bound in `Visitor::visit_newtype_struct`\n\nFor more information about this error, try `rustc --explain E0277`.\nerror: could not compile `serde` (lib test) due to 3 previous errors\n"
                },
                {
                  "Err": "   Compiling proc-macro2 v1.0.95\n   Compiling syn v1.0.109\n   Compiling serde_derive v1.0.219 (/home/utgen/workspace/serde/serde_derive)\n   Compiling serde v1.0.219 (/home/utgen/workspace/serde/serde)\n   Compiling quote v1.0.40\n   Compiling syn v2.0.100\n   Compiling ntest_test_cases v0.9.3\n   Compiling ntest_timeout v0.9.3\n   Compiling ntest v0.9.3\nerror: cannot find macro `assert_matches` in this scope\n    --> serde/src/private/de.rs:2373:5\n     |\n2373 |     assert_matches!(result.unwrap(), TagOrContent::Content(_));\n     |     ^^^^^^^^^^^^^^\n     |\nhelp: consider importing this macro\n     |\n2361 +    use std::assert_matches::assert_matches;\n     |\n\nerror: unused import: `ntest::timeout`\n    --> serde/src/private/de.rs:2362:8\n     |\n2362 |    use ntest::timeout;\n     |        ^^^^^^^^^^^^^^\n     |\nnote: the lint level is defined here\n    --> serde/src/lib.rs:159:23\n     |\n159  | #![deny(missing_docs, unused_imports)]\n     |                       ^^^^^^^^^^^^^^\n\nerror[E0277]: the trait bound `llmtests::test_visit_newtype_struct_09::Deserializer: de::Deserializer<'_>` is not satisfied\n    --> serde/src/private/de.rs:2369:42\n     |\n2369 |     let _ = visitor.visit_newtype_struct(deserializer);\n     |                     -------------------- ^^^^^^^^^^^^ the trait `de::Deserializer<'_>` is not implemented for `llmtests::test_visit_newtype_struct_09::Deserializer`\n     |                     |\n     |                     required by a bound introduced by this call\n     |\n     = help: the following other types implement trait `de::Deserializer<'de>`:\n               BoolDeserializer<E>\n               BorrowedBytesDeserializer<'de, E>\n               BytesDeserializer<'a, E>\n               CharDeserializer<E>\n               ContentDeserializer<'de, E>\n               ContentRefDeserializer<'a, 'de, E>\n               CowStrDeserializer<'a, E>\n               EnumAccessDeserializer<A>\n             and 26 others\nnote: required by a bound in `de::Visitor::visit_newtype_struct`\n    --> serde/src/de/mod.rs:1640:12\n     |\n1638 |     fn visit_newtype_struct<D>(self, deserializer: D) -> Result<Self::Value, D::Error>\n     |        -------------------- required by a bound in this associated function\n1639 |     where\n1640 |         D: Deserializer<'de>,\n     |            ^^^^^^^^^^^^^^^^^ required by this bound in `Visitor::visit_newtype_struct`\n\nerror[E0277]: the trait bound `llmtests::test_visit_newtype_struct_09::Deserializer: de::Deserializer<'_>` is not satisfied\n    --> serde/src/private/de.rs:2372:47\n     |\n2372 |     let result = visitor.visit_newtype_struct(deserializer);\n     |                          -------------------- ^^^^^^^^^^^^ the trait `de::Deserializer<'_>` is not implemented for `llmtests::test_visit_newtype_struct_09::Deserializer`\n     |                          |\n     |                          required by a bound introduced by this call\n     |\n     = help: the following other types implement trait `de::Deserializer<'de>`:\n               BoolDeserializer<E>\n               BorrowedBytesDeserializer<'de, E>\n               BytesDeserializer<'a, E>\n               CharDeserializer<E>\n               ContentDeserializer<'de, E>\n               ContentRefDeserializer<'a, 'de, E>\n               CowStrDeserializer<'a, E>\n               EnumAccessDeserializer<A>\n             and 26 others\nnote: required by a bound in `de::Visitor::visit_newtype_struct`\n    --> serde/src/de/mod.rs:1640:12\n     |\n1638 |     fn visit_newtype_struct<D>(self, deserializer: D) -> Result<Self::Value, D::Error>\n     |        -------------------- required by a bound in this associated function\n1639 |     where\n1640 |         D: Deserializer<'de>,\n     |            ^^^^^^^^^^^^^^^^^ required by this bound in `Visitor::visit_newtype_struct`\n\nFor more information about this error, try `rustc --explain E0277`.\nerror: could not compile `serde` (lib test) due to 4 previous errors\n"
                }
              ],
              "repaired": [
                false,
                false
              ]
            },
            {
              "attrs": [],
              "prefix": [
                "{",
                "    struct Deserializer;",
                "    let deserializer = Deserializer; // Assuming appropriate implementation",
                "    let visitor = TagOrContentVisitor { name: \"tag\", value: PhantomData };",
                "    let _ = visitor.visit_newtype_struct(deserializer);",
                "}"
              ],
              "oracles": [
                [
                  "    let visitor = TagOrContentVisitor { name: \"tag\", value: PhantomData };",
                  "    let result = visitor.visit_newtype_struct(deserializer);",
                  "    assert!(result.is_err());"
                ],
                [
                  "    let visitor = TagOrContentVisitor { name: \"tag\", value: PhantomData };",
                  "    let result = visitor.visit_newtype_struct(deserializer);",
                  "    assert_eq!(result.err().unwrap().to_string(), \"invalid type: NewtypeStruct, expected TagOrContentVisitor\");"
                ]
              ],
              "codes": [
                [
                  "{",
                  "    struct Deserializer;",
                  "    let deserializer = Deserializer; // Assuming appropriate implementation",
                  "    let visitor = TagOrContentVisitor { name: \"tag\", value: PhantomData };",
                  "    let _ = visitor.visit_newtype_struct(deserializer);",
                  "    let visitor = TagOrContentVisitor { name: \"tag\", value: PhantomData };",
                  "    let result = visitor.visit_newtype_struct(deserializer);",
                  "    assert!(result.is_err());",
                  "}"
                ],
                [
                  "{",
                  "    struct Deserializer;",
                  "    let deserializer = Deserializer; // Assuming appropriate implementation",
                  "    let visitor = TagOrContentVisitor { name: \"tag\", value: PhantomData };",
                  "    let _ = visitor.visit_newtype_struct(deserializer);",
                  "    let visitor = TagOrContentVisitor { name: \"tag\", value: PhantomData };",
                  "    let result = visitor.visit_newtype_struct(deserializer);",
                  "    assert_eq!(result.err().unwrap().to_string(), \"invalid type: NewtypeStruct, expected TagOrContentVisitor\");",
                  "}"
                ]
              ],
              "can_compile": [
                {
                  "Err": "   Compiling proc-macro2 v1.0.95\n   Compiling syn v1.0.109\n   Compiling serde_derive v1.0.219 (/home/utgen/workspace/serde/serde_derive)\n   Compiling serde v1.0.219 (/home/utgen/workspace/serde/serde)\n   Compiling quote v1.0.40\n   Compiling syn v2.0.100\n   Compiling ntest_timeout v0.9.3\n   Compiling ntest_test_cases v0.9.3\n   Compiling ntest v0.9.3\nerror: unused import: `ntest::timeout`\n    --> serde/src/private/de.rs:2362:8\n     |\n2362 |    use ntest::timeout;\n     |        ^^^^^^^^^^^^^^\n     |\nnote: the lint level is defined here\n    --> serde/src/lib.rs:159:23\n     |\n159  | #![deny(missing_docs, unused_imports)]\n     |                       ^^^^^^^^^^^^^^\n\nerror[E0277]: the trait bound `llmtests::test_visit_newtype_struct_10::Deserializer: de::Deserializer<'_>` is not satisfied\n    --> serde/src/private/de.rs:2369:42\n     |\n2369 |     let _ = visitor.visit_newtype_struct(deserializer);\n     |                     -------------------- ^^^^^^^^^^^^ the trait `de::Deserializer<'_>` is not implemented for `llmtests::test_visit_newtype_struct_10::Deserializer`\n     |                     |\n     |                     required by a bound introduced by this call\n     |\n     = help: the following other types implement trait `de::Deserializer<'de>`:\n               BoolDeserializer<E>\n               BorrowedBytesDeserializer<'de, E>\n               BytesDeserializer<'a, E>\n               CharDeserializer<E>\n               ContentDeserializer<'de, E>\n               ContentRefDeserializer<'a, 'de, E>\n               CowStrDeserializer<'a, E>\n               EnumAccessDeserializer<A>\n             and 26 others\nnote: required by a bound in `de::Visitor::visit_newtype_struct`\n    --> serde/src/de/mod.rs:1640:12\n     |\n1638 |     fn visit_newtype_struct<D>(self, deserializer: D) -> Result<Self::Value, D::Error>\n     |        -------------------- required by a bound in this associated function\n1639 |     where\n1640 |         D: Deserializer<'de>,\n     |            ^^^^^^^^^^^^^^^^^ required by this bound in `Visitor::visit_newtype_struct`\n\nerror[E0277]: the trait bound `llmtests::test_visit_newtype_struct_10::Deserializer: de::Deserializer<'_>` is not satisfied\n    --> serde/src/private/de.rs:2371:47\n     |\n2371 |     let result = visitor.visit_newtype_struct(deserializer);\n     |                          -------------------- ^^^^^^^^^^^^ the trait `de::Deserializer<'_>` is not implemented for `llmtests::test_visit_newtype_struct_10::Deserializer`\n     |                          |\n     |                          required by a bound introduced by this call\n     |\n     = help: the following other types implement trait `de::Deserializer<'de>`:\n               BoolDeserializer<E>\n               BorrowedBytesDeserializer<'de, E>\n               BytesDeserializer<'a, E>\n               CharDeserializer<E>\n               ContentDeserializer<'de, E>\n               ContentRefDeserializer<'a, 'de, E>\n               CowStrDeserializer<'a, E>\n               EnumAccessDeserializer<A>\n             and 26 others\nnote: required by a bound in `de::Visitor::visit_newtype_struct`\n    --> serde/src/de/mod.rs:1640:12\n     |\n1638 |     fn visit_newtype_struct<D>(self, deserializer: D) -> Result<Self::Value, D::Error>\n     |        -------------------- required by a bound in this associated function\n1639 |     where\n1640 |         D: Deserializer<'de>,\n     |            ^^^^^^^^^^^^^^^^^ required by this bound in `Visitor::visit_newtype_struct`\n\nFor more information about this error, try `rustc --explain E0277`.\nerror: could not compile `serde` (lib test) due to 3 previous errors\n"
                },
                {
                  "Err": "   Compiling proc-macro2 v1.0.95\n   Compiling syn v1.0.109\n   Compiling serde_derive v1.0.219 (/home/utgen/workspace/serde/serde_derive)\n   Compiling serde v1.0.219 (/home/utgen/workspace/serde/serde)\n   Compiling quote v1.0.40\n   Compiling syn v2.0.100\n   Compiling ntest_test_cases v0.9.3\n   Compiling ntest_timeout v0.9.3\n   Compiling ntest v0.9.3\nerror: unused import: `ntest::timeout`\n    --> serde/src/private/de.rs:2362:8\n     |\n2362 |    use ntest::timeout;\n     |        ^^^^^^^^^^^^^^\n     |\nnote: the lint level is defined here\n    --> serde/src/lib.rs:159:23\n     |\n159  | #![deny(missing_docs, unused_imports)]\n     |                       ^^^^^^^^^^^^^^\n\nerror[E0277]: the trait bound `llmtests::test_visit_newtype_struct_11::Deserializer: de::Deserializer<'_>` is not satisfied\n    --> serde/src/private/de.rs:2369:42\n     |\n2369 |     let _ = visitor.visit_newtype_struct(deserializer);\n     |                     -------------------- ^^^^^^^^^^^^ the trait `de::Deserializer<'_>` is not implemented for `llmtests::test_visit_newtype_struct_11::Deserializer`\n     |                     |\n     |                     required by a bound introduced by this call\n     |\n     = help: the following other types implement trait `de::Deserializer<'de>`:\n               BoolDeserializer<E>\n               BorrowedBytesDeserializer<'de, E>\n               BytesDeserializer<'a, E>\n               CharDeserializer<E>\n               ContentDeserializer<'de, E>\n               ContentRefDeserializer<'a, 'de, E>\n               CowStrDeserializer<'a, E>\n               EnumAccessDeserializer<A>\n             and 26 others\nnote: required by a bound in `de::Visitor::visit_newtype_struct`\n    --> serde/src/de/mod.rs:1640:12\n     |\n1638 |     fn visit_newtype_struct<D>(self, deserializer: D) -> Result<Self::Value, D::Error>\n     |        -------------------- required by a bound in this associated function\n1639 |     where\n1640 |         D: Deserializer<'de>,\n     |            ^^^^^^^^^^^^^^^^^ required by this bound in `Visitor::visit_newtype_struct`\n\nerror[E0277]: the trait bound `llmtests::test_visit_newtype_struct_11::Deserializer: de::Deserializer<'_>` is not satisfied\n    --> serde/src/private/de.rs:2371:47\n     |\n2371 |     let result = visitor.visit_newtype_struct(deserializer);\n     |                          -------------------- ^^^^^^^^^^^^ the trait `de::Deserializer<'_>` is not implemented for `llmtests::test_visit_newtype_struct_11::Deserializer`\n     |                          |\n     |                          required by a bound introduced by this call\n     |\n     = help: the following other types implement trait `de::Deserializer<'de>`:\n               BoolDeserializer<E>\n               BorrowedBytesDeserializer<'de, E>\n               BytesDeserializer<'a, E>\n               CharDeserializer<E>\n               ContentDeserializer<'de, E>\n               ContentRefDeserializer<'a, 'de, E>\n               CowStrDeserializer<'a, E>\n               EnumAccessDeserializer<A>\n             and 26 others\nnote: required by a bound in `de::Visitor::visit_newtype_struct`\n    --> serde/src/de/mod.rs:1640:12\n     |\n1638 |     fn visit_newtype_struct<D>(self, deserializer: D) -> Result<Self::Value, D::Error>\n     |        -------------------- required by a bound in this associated function\n1639 |     where\n1640 |         D: Deserializer<'de>,\n     |            ^^^^^^^^^^^^^^^^^ required by this bound in `Visitor::visit_newtype_struct`\n\nFor more information about this error, try `rustc --explain E0277`.\nerror: could not compile `serde` (lib test) due to 3 previous errors\n"
                }
              ],
              "repaired": [
                false,
                false
              ]
            },
            {
              "attrs": [],
              "prefix": [
                "{",
                "    struct Deserializer;",
                "    let deserializer = Deserializer; // Assuming appropriate implementation",
                "    let visitor = TagOrContentVisitor { name: \"tag\", value: PhantomData };",
                "    let _ = visitor.visit_newtype_struct(deserializer);",
                "}"
              ],
              "oracles": [
                [
                  "    let deserializer = Deserializer;",
                  "    let visitor = TagOrContentVisitor { name: \"tag\", value: PhantomData };",
                  "    let result = visitor.visit_newtype_struct(deserializer);",
                  "    assert!(result.is_err());"
                ],
                [
                  "    let deserializer = Deserializer;",
                  "    let visitor = TagOrContentVisitor { name: \"tag\", value: PhantomData };",
                  "    let result = visitor.visit_newtype_struct(deserializer);",
                  "    assert_eq!(result.unwrap_err().kind(), ErrorKind::InvalidType);"
                ]
              ],
              "codes": [
                [
                  "{",
                  "    struct Deserializer;",
                  "    let deserializer = Deserializer; // Assuming appropriate implementation",
                  "    let visitor = TagOrContentVisitor { name: \"tag\", value: PhantomData };",
                  "    let _ = visitor.visit_newtype_struct(deserializer);",
                  "    let deserializer = Deserializer;",
                  "    let visitor = TagOrContentVisitor { name: \"tag\", value: PhantomData };",
                  "    let result = visitor.visit_newtype_struct(deserializer);",
                  "    assert!(result.is_err());",
                  "}"
                ],
                [
                  "{",
                  "    struct Deserializer;",
                  "    let deserializer = Deserializer; // Assuming appropriate implementation",
                  "    let visitor = TagOrContentVisitor { name: \"tag\", value: PhantomData };",
                  "    let _ = visitor.visit_newtype_struct(deserializer);",
                  "    let deserializer = Deserializer;",
                  "    let visitor = TagOrContentVisitor { name: \"tag\", value: PhantomData };",
                  "    let result = visitor.visit_newtype_struct(deserializer);",
                  "    assert_eq!(result.unwrap_err().kind(), ErrorKind::InvalidType);",
                  "}"
                ]
              ],
              "can_compile": [
                {
                  "Err": "   Compiling proc-macro2 v1.0.95\n   Compiling syn v1.0.109\n   Compiling serde_derive v1.0.219 (/home/utgen/workspace/serde/serde_derive)\n   Compiling serde v1.0.219 (/home/utgen/workspace/serde/serde)\n   Compiling quote v1.0.40\n   Compiling syn v2.0.100\n   Compiling ntest_test_cases v0.9.3\n   Compiling ntest_timeout v0.9.3\n   Compiling ntest v0.9.3\nerror: unused import: `ntest::timeout`\n    --> serde/src/private/de.rs:2362:8\n     |\n2362 |    use ntest::timeout;\n     |        ^^^^^^^^^^^^^^\n     |\nnote: the lint level is defined here\n    --> serde/src/lib.rs:159:23\n     |\n159  | #![deny(missing_docs, unused_imports)]\n     |                       ^^^^^^^^^^^^^^\n\nerror[E0277]: the trait bound `llmtests::test_visit_newtype_struct_12::Deserializer: de::Deserializer<'_>` is not satisfied\n    --> serde/src/private/de.rs:2369:42\n     |\n2369 |     let _ = visitor.visit_newtype_struct(deserializer);\n     |                     -------------------- ^^^^^^^^^^^^ the trait `de::Deserializer<'_>` is not implemented for `llmtests::test_visit_newtype_struct_12::Deserializer`\n     |                     |\n     |                     required by a bound introduced by this call\n     |\n     = help: the following other types implement trait `de::Deserializer<'de>`:\n               BoolDeserializer<E>\n               BorrowedBytesDeserializer<'de, E>\n               BytesDeserializer<'a, E>\n               CharDeserializer<E>\n               ContentDeserializer<'de, E>\n               ContentRefDeserializer<'a, 'de, E>\n               CowStrDeserializer<'a, E>\n               EnumAccessDeserializer<A>\n             and 26 others\nnote: required by a bound in `de::Visitor::visit_newtype_struct`\n    --> serde/src/de/mod.rs:1640:12\n     |\n1638 |     fn visit_newtype_struct<D>(self, deserializer: D) -> Result<Self::Value, D::Error>\n     |        -------------------- required by a bound in this associated function\n1639 |     where\n1640 |         D: Deserializer<'de>,\n     |            ^^^^^^^^^^^^^^^^^ required by this bound in `Visitor::visit_newtype_struct`\n\nerror[E0277]: the trait bound `llmtests::test_visit_newtype_struct_12::Deserializer: de::Deserializer<'_>` is not satisfied\n    --> serde/src/private/de.rs:2372:47\n     |\n2372 |     let result = visitor.visit_newtype_struct(deserializer);\n     |                          -------------------- ^^^^^^^^^^^^ the trait `de::Deserializer<'_>` is not implemented for `llmtests::test_visit_newtype_struct_12::Deserializer`\n     |                          |\n     |                          required by a bound introduced by this call\n     |\n     = help: the following other types implement trait `de::Deserializer<'de>`:\n               BoolDeserializer<E>\n               BorrowedBytesDeserializer<'de, E>\n               BytesDeserializer<'a, E>\n               CharDeserializer<E>\n               ContentDeserializer<'de, E>\n               ContentRefDeserializer<'a, 'de, E>\n               CowStrDeserializer<'a, E>\n               EnumAccessDeserializer<A>\n             and 26 others\nnote: required by a bound in `de::Visitor::visit_newtype_struct`\n    --> serde/src/de/mod.rs:1640:12\n     |\n1638 |     fn visit_newtype_struct<D>(self, deserializer: D) -> Result<Self::Value, D::Error>\n     |        -------------------- required by a bound in this associated function\n1639 |     where\n1640 |         D: Deserializer<'de>,\n     |            ^^^^^^^^^^^^^^^^^ required by this bound in `Visitor::visit_newtype_struct`\n\nFor more information about this error, try `rustc --explain E0277`.\nerror: could not compile `serde` (lib test) due to 3 previous errors\n"
                },
                {
                  "Err": "   Compiling proc-macro2 v1.0.95\n   Compiling syn v1.0.109\n   Compiling serde_derive v1.0.219 (/home/utgen/workspace/serde/serde_derive)\n   Compiling serde v1.0.219 (/home/utgen/workspace/serde/serde)\n   Compiling quote v1.0.40\n   Compiling syn v2.0.100\n   Compiling ntest_test_cases v0.9.3\n   Compiling ntest_timeout v0.9.3\n   Compiling ntest v0.9.3\nerror[E0433]: failed to resolve: use of undeclared type `ErrorKind`\n    --> serde/src/private/de.rs:2373:44\n     |\n2373 |     assert_eq!(result.unwrap_err().kind(), ErrorKind::InvalidType);\n     |                                            ^^^^^^^^^ use of undeclared type `ErrorKind`\n     |\nhelp: consider importing this enum\n     |\n2361 +    use std::io::ErrorKind;\n     |\n\nerror: unused import: `ntest::timeout`\n    --> serde/src/private/de.rs:2362:8\n     |\n2362 |    use ntest::timeout;\n     |        ^^^^^^^^^^^^^^\n     |\nnote: the lint level is defined here\n    --> serde/src/lib.rs:159:23\n     |\n159  | #![deny(missing_docs, unused_imports)]\n     |                       ^^^^^^^^^^^^^^\n\nerror[E0277]: the trait bound `llmtests::test_visit_newtype_struct_13::Deserializer: de::Deserializer<'_>` is not satisfied\n    --> serde/src/private/de.rs:2369:42\n     |\n2369 |     let _ = visitor.visit_newtype_struct(deserializer);\n     |                     -------------------- ^^^^^^^^^^^^ the trait `de::Deserializer<'_>` is not implemented for `llmtests::test_visit_newtype_struct_13::Deserializer`\n     |                     |\n     |                     required by a bound introduced by this call\n     |\n     = help: the following other types implement trait `de::Deserializer<'de>`:\n               BoolDeserializer<E>\n               BorrowedBytesDeserializer<'de, E>\n               BytesDeserializer<'a, E>\n               CharDeserializer<E>\n               ContentDeserializer<'de, E>\n               ContentRefDeserializer<'a, 'de, E>\n               CowStrDeserializer<'a, E>\n               EnumAccessDeserializer<A>\n             and 26 others\nnote: required by a bound in `de::Visitor::visit_newtype_struct`\n    --> serde/src/de/mod.rs:1640:12\n     |\n1638 |     fn visit_newtype_struct<D>(self, deserializer: D) -> Result<Self::Value, D::Error>\n     |        -------------------- required by a bound in this associated function\n1639 |     where\n1640 |         D: Deserializer<'de>,\n     |            ^^^^^^^^^^^^^^^^^ required by this bound in `Visitor::visit_newtype_struct`\n\nerror[E0277]: the trait bound `llmtests::test_visit_newtype_struct_13::Deserializer: de::Deserializer<'_>` is not satisfied\n    --> serde/src/private/de.rs:2372:47\n     |\n2372 |     let result = visitor.visit_newtype_struct(deserializer);\n     |                          -------------------- ^^^^^^^^^^^^ the trait `de::Deserializer<'_>` is not implemented for `llmtests::test_visit_newtype_struct_13::Deserializer`\n     |                          |\n     |                          required by a bound introduced by this call\n     |\n     = help: the following other types implement trait `de::Deserializer<'de>`:\n               BoolDeserializer<E>\n               BorrowedBytesDeserializer<'de, E>\n               BytesDeserializer<'a, E>\n               CharDeserializer<E>\n               ContentDeserializer<'de, E>\n               ContentRefDeserializer<'a, 'de, E>\n               CowStrDeserializer<'a, E>\n               EnumAccessDeserializer<A>\n             and 26 others\nnote: required by a bound in `de::Visitor::visit_newtype_struct`\n    --> serde/src/de/mod.rs:1640:12\n     |\n1638 |     fn visit_newtype_struct<D>(self, deserializer: D) -> Result<Self::Value, D::Error>\n     |        -------------------- required by a bound in this associated function\n1639 |     where\n1640 |         D: Deserializer<'de>,\n     |            ^^^^^^^^^^^^^^^^^ required by this bound in `Visitor::visit_newtype_struct`\n\nerror[E0277]: `TagOrContent<'_>` doesn't implement `std::fmt::Debug`\n    --> serde/src/private/de.rs:2373:23\n     |\n2373 |     assert_eq!(result.unwrap_err().kind(), ErrorKind::InvalidType);\n     |                       ^^^^^^^^^^ `TagOrContent<'_>` cannot be formatted using `{:?}`\n     |\n     = help: the trait `std::fmt::Debug` is not implemented for `TagOrContent<'_>`\n     = note: add `#[derive(Debug)]` to `TagOrContent<'_>` or manually `impl std::fmt::Debug for TagOrContent<'_>`\nnote: required by a bound in `Result::<T, E>::unwrap_err`\n    --> /rustc/5069856495870486134dd2ca0b0e2516308c5c2a/library/core/src/result.rs:1191:5\nhelp: consider annotating `TagOrContent<'_>` with `#[derive(Debug)]`\n     |\n541  +     #[derive(Debug)]\n542  |     pub enum TagOrContent<'de> {\n     |\n\nSome errors have detailed explanations: E0277, E0433.\nFor more information about an error, try `rustc --explain E0277`.\nerror: could not compile `serde` (lib test) due to 5 previous errors\n"
                }
              ],
              "repaired": [
                false,
                false
              ]
            },
            {
              "attrs": [],
              "prefix": [
                "{",
                "    struct Deserializer;",
                "    let deserializer = Deserializer; // Assuming appropriate implementation",
                "    let visitor = TagOrContentVisitor { name: \"tag\", value: PhantomData };",
                "    let _ = visitor.visit_newtype_struct(deserializer);",
                "}"
              ],
              "oracles": [
                [
                  "    let deserializer = Deserializer;",
                  "    let visitor = TagOrContentVisitor { name: \"tag\", value: PhantomData };",
                  "    let result = visitor.visit_newtype_struct(deserializer);",
                  "    assert!(result.is_err());"
                ],
                [
                  "    let deserializer = Deserializer;",
                  "    let visitor = TagOrContentVisitor { name: \"tag\", value: PhantomData };",
                  "    let result = visitor.visit_newtype_struct(deserializer);",
                  "    assert_eq!(result.unwrap_err().kind(), Expected::NewtypeStruct);"
                ]
              ],
              "codes": [
                [
                  "{",
                  "    struct Deserializer;",
                  "    let deserializer = Deserializer; // Assuming appropriate implementation",
                  "    let visitor = TagOrContentVisitor { name: \"tag\", value: PhantomData };",
                  "    let _ = visitor.visit_newtype_struct(deserializer);",
                  "    let deserializer = Deserializer;",
                  "    let visitor = TagOrContentVisitor { name: \"tag\", value: PhantomData };",
                  "    let result = visitor.visit_newtype_struct(deserializer);",
                  "    assert!(result.is_err());",
                  "}"
                ],
                [
                  "{",
                  "    struct Deserializer;",
                  "    let deserializer = Deserializer; // Assuming appropriate implementation",
                  "    let visitor = TagOrContentVisitor { name: \"tag\", value: PhantomData };",
                  "    let _ = visitor.visit_newtype_struct(deserializer);",
                  "    let deserializer = Deserializer;",
                  "    let visitor = TagOrContentVisitor { name: \"tag\", value: PhantomData };",
                  "    let result = visitor.visit_newtype_struct(deserializer);",
                  "    assert_eq!(result.unwrap_err().kind(), Expected::NewtypeStruct);",
                  "}"
                ]
              ],
              "can_compile": [
                {
                  "Err": "   Compiling proc-macro2 v1.0.95\n   Compiling syn v1.0.109\n   Compiling serde_derive v1.0.219 (/home/utgen/workspace/serde/serde_derive)\n   Compiling serde v1.0.219 (/home/utgen/workspace/serde/serde)\n   Compiling quote v1.0.40\n   Compiling syn v2.0.100\n   Compiling ntest_timeout v0.9.3\n   Compiling ntest_test_cases v0.9.3\n   Compiling ntest v0.9.3\nerror: unused import: `ntest::timeout`\n    --> serde/src/private/de.rs:2362:8\n     |\n2362 |    use ntest::timeout;\n     |        ^^^^^^^^^^^^^^\n     |\nnote: the lint level is defined here\n    --> serde/src/lib.rs:159:23\n     |\n159  | #![deny(missing_docs, unused_imports)]\n     |                       ^^^^^^^^^^^^^^\n\nerror[E0277]: the trait bound `llmtests::test_visit_newtype_struct_14::Deserializer: de::Deserializer<'_>` is not satisfied\n    --> serde/src/private/de.rs:2369:42\n     |\n2369 |     let _ = visitor.visit_newtype_struct(deserializer);\n     |                     -------------------- ^^^^^^^^^^^^ the trait `de::Deserializer<'_>` is not implemented for `llmtests::test_visit_newtype_struct_14::Deserializer`\n     |                     |\n     |                     required by a bound introduced by this call\n     |\n     = help: the following other types implement trait `de::Deserializer<'de>`:\n               BoolDeserializer<E>\n               BorrowedBytesDeserializer<'de, E>\n               BytesDeserializer<'a, E>\n               CharDeserializer<E>\n               ContentDeserializer<'de, E>\n               ContentRefDeserializer<'a, 'de, E>\n               CowStrDeserializer<'a, E>\n               EnumAccessDeserializer<A>\n             and 26 others\nnote: required by a bound in `de::Visitor::visit_newtype_struct`\n    --> serde/src/de/mod.rs:1640:12\n     |\n1638 |     fn visit_newtype_struct<D>(self, deserializer: D) -> Result<Self::Value, D::Error>\n     |        -------------------- required by a bound in this associated function\n1639 |     where\n1640 |         D: Deserializer<'de>,\n     |            ^^^^^^^^^^^^^^^^^ required by this bound in `Visitor::visit_newtype_struct`\n\nerror[E0277]: the trait bound `llmtests::test_visit_newtype_struct_14::Deserializer: de::Deserializer<'_>` is not satisfied\n    --> serde/src/private/de.rs:2372:47\n     |\n2372 |     let result = visitor.visit_newtype_struct(deserializer);\n     |                          -------------------- ^^^^^^^^^^^^ the trait `de::Deserializer<'_>` is not implemented for `llmtests::test_visit_newtype_struct_14::Deserializer`\n     |                          |\n     |                          required by a bound introduced by this call\n     |\n     = help: the following other types implement trait `de::Deserializer<'de>`:\n               BoolDeserializer<E>\n               BorrowedBytesDeserializer<'de, E>\n               BytesDeserializer<'a, E>\n               CharDeserializer<E>\n               ContentDeserializer<'de, E>\n               ContentRefDeserializer<'a, 'de, E>\n               CowStrDeserializer<'a, E>\n               EnumAccessDeserializer<A>\n             and 26 others\nnote: required by a bound in `de::Visitor::visit_newtype_struct`\n    --> serde/src/de/mod.rs:1640:12\n     |\n1638 |     fn visit_newtype_struct<D>(self, deserializer: D) -> Result<Self::Value, D::Error>\n     |        -------------------- required by a bound in this associated function\n1639 |     where\n1640 |         D: Deserializer<'de>,\n     |            ^^^^^^^^^^^^^^^^^ required by this bound in `Visitor::visit_newtype_struct`\n\nFor more information about this error, try `rustc --explain E0277`.\nerror: could not compile `serde` (lib test) due to 3 previous errors\n"
                },
                {
                  "Err": "   Compiling proc-macro2 v1.0.95\n   Compiling syn v1.0.109\n   Compiling serde_derive v1.0.219 (/home/utgen/workspace/serde/serde_derive)\n   Compiling serde v1.0.219 (/home/utgen/workspace/serde/serde)\n   Compiling quote v1.0.40\n   Compiling syn v2.0.100\n   Compiling ntest_timeout v0.9.3\n   Compiling ntest_test_cases v0.9.3\n   Compiling ntest v0.9.3\nerror: unused import: `ntest::timeout`\n    --> serde/src/private/de.rs:2362:8\n     |\n2362 |    use ntest::timeout;\n     |        ^^^^^^^^^^^^^^\n     |\nnote: the lint level is defined here\n    --> serde/src/lib.rs:159:23\n     |\n159  | #![deny(missing_docs, unused_imports)]\n     |                       ^^^^^^^^^^^^^^\n\nerror[E0277]: the trait bound `llmtests::test_visit_newtype_struct_15::Deserializer: de::Deserializer<'_>` is not satisfied\n    --> serde/src/private/de.rs:2369:42\n     |\n2369 |     let _ = visitor.visit_newtype_struct(deserializer);\n     |                     -------------------- ^^^^^^^^^^^^ the trait `de::Deserializer<'_>` is not implemented for `llmtests::test_visit_newtype_struct_15::Deserializer`\n     |                     |\n     |                     required by a bound introduced by this call\n     |\n     = help: the following other types implement trait `de::Deserializer<'de>`:\n               BoolDeserializer<E>\n               BorrowedBytesDeserializer<'de, E>\n               BytesDeserializer<'a, E>\n               CharDeserializer<E>\n               ContentDeserializer<'de, E>\n               ContentRefDeserializer<'a, 'de, E>\n               CowStrDeserializer<'a, E>\n               EnumAccessDeserializer<A>\n             and 26 others\nnote: required by a bound in `de::Visitor::visit_newtype_struct`\n    --> serde/src/de/mod.rs:1640:12\n     |\n1638 |     fn visit_newtype_struct<D>(self, deserializer: D) -> Result<Self::Value, D::Error>\n     |        -------------------- required by a bound in this associated function\n1639 |     where\n1640 |         D: Deserializer<'de>,\n     |            ^^^^^^^^^^^^^^^^^ required by this bound in `Visitor::visit_newtype_struct`\n\nerror[E0277]: the trait bound `llmtests::test_visit_newtype_struct_15::Deserializer: de::Deserializer<'_>` is not satisfied\n    --> serde/src/private/de.rs:2372:47\n     |\n2372 |     let result = visitor.visit_newtype_struct(deserializer);\n     |                          -------------------- ^^^^^^^^^^^^ the trait `de::Deserializer<'_>` is not implemented for `llmtests::test_visit_newtype_struct_15::Deserializer`\n     |                          |\n     |                          required by a bound introduced by this call\n     |\n     = help: the following other types implement trait `de::Deserializer<'de>`:\n               BoolDeserializer<E>\n               BorrowedBytesDeserializer<'de, E>\n               BytesDeserializer<'a, E>\n               CharDeserializer<E>\n               ContentDeserializer<'de, E>\n               ContentRefDeserializer<'a, 'de, E>\n               CowStrDeserializer<'a, E>\n               EnumAccessDeserializer<A>\n             and 26 others\nnote: required by a bound in `de::Visitor::visit_newtype_struct`\n    --> serde/src/de/mod.rs:1640:12\n     |\n1638 |     fn visit_newtype_struct<D>(self, deserializer: D) -> Result<Self::Value, D::Error>\n     |        -------------------- required by a bound in this associated function\n1639 |     where\n1640 |         D: Deserializer<'de>,\n     |            ^^^^^^^^^^^^^^^^^ required by this bound in `Visitor::visit_newtype_struct`\n\nerror[E0277]: `TagOrContent<'_>` doesn't implement `std::fmt::Debug`\n    --> serde/src/private/de.rs:2373:23\n     |\n2373 |     assert_eq!(result.unwrap_err().kind(), Expected::NewtypeStruct);\n     |                       ^^^^^^^^^^ `TagOrContent<'_>` cannot be formatted using `{:?}`\n     |\n     = help: the trait `std::fmt::Debug` is not implemented for `TagOrContent<'_>`\n     = note: add `#[derive(Debug)]` to `TagOrContent<'_>` or manually `impl std::fmt::Debug for TagOrContent<'_>`\nnote: required by a bound in `Result::<T, E>::unwrap_err`\n    --> /rustc/5069856495870486134dd2ca0b0e2516308c5c2a/library/core/src/result.rs:1191:5\nhelp: consider annotating `TagOrContent<'_>` with `#[derive(Debug)]`\n     |\n541  +     #[derive(Debug)]\n542  |     pub enum TagOrContent<'de> {\n     |\n\nerror[E0782]: trait objects must include the `dyn` keyword\n    --> serde/src/private/de.rs:2373:44\n     |\n2373 |     assert_eq!(result.unwrap_err().kind(), Expected::NewtypeStruct);\n     |                                            ^^^^^^^^\n     |\nhelp: add `dyn` keyword before this trait\n     |\n2373 |     assert_eq!(result.unwrap_err().kind(), <dyn Expected>::NewtypeStruct);\n     |                                            ++++         +\n\nerror[E0599]: no associated item named `NewtypeStruct` found for trait `de::Expected`\n    --> serde/src/private/de.rs:2373:54\n     |\n2373 |     assert_eq!(result.unwrap_err().kind(), Expected::NewtypeStruct);\n     |                                                      ^^^^^^^^^^^^^ associated item not found in `Expected`\n\nSome errors have detailed explanations: E0277, E0599, E0782.\nFor more information about an error, try `rustc --explain E0277`.\nerror: could not compile `serde` (lib test) due to 6 previous errors\n"
                }
              ],
              "repaired": [
                false,
                false
              ]
            },
            {
              "attrs": [],
              "prefix": [
                "{",
                "    struct Deserializer;",
                "    let deserializer = Deserializer; // Assuming appropriate implementation",
                "    let visitor = TagOrContentVisitor { name: \"tag\", value: PhantomData };",
                "    let _ = visitor.visit_newtype_struct(deserializer);",
                "}"
              ],
              "oracles": [
                [
                  "    let visitor = TagOrContentVisitor { name: \"tag\", value: PhantomData };",
                  "    assert!(matches!(_ , Result::Err(_)));"
                ]
              ],
              "codes": [
                [
                  "{",
                  "    struct Deserializer;",
                  "    let deserializer = Deserializer; // Assuming appropriate implementation",
                  "    let visitor = TagOrContentVisitor { name: \"tag\", value: PhantomData };",
                  "    let _ = visitor.visit_newtype_struct(deserializer);",
                  "    let visitor = TagOrContentVisitor { name: \"tag\", value: PhantomData };",
                  "    assert!(matches!(_ , Result::Err(_)));",
                  "}"
                ]
              ],
              "can_compile": [
                {
                  "Err": "   Compiling proc-macro2 v1.0.95\n   Compiling syn v1.0.109\n   Compiling serde_derive v1.0.219 (/home/utgen/workspace/serde/serde_derive)\n   Compiling serde v1.0.219 (/home/utgen/workspace/serde/serde)\n   Compiling quote v1.0.40\n   Compiling syn v2.0.100\n   Compiling ntest_timeout v0.9.3\n   Compiling ntest_test_cases v0.9.3\n   Compiling ntest v0.9.3\nerror: no rules expected the token `_`\n    --> serde/src/private/de.rs:2371:22\n     |\n2371 |     assert!(matches!(_ , Result::Err(_)));\n     |                      ^ no rules expected this token in macro call\n     |\nnote: while trying to match meta-variable `$expression:expr`\n    --> /rustc/5069856495870486134dd2ca0b0e2516308c5c2a/library/core/src/macros/mod.rs:456:6\n\nerror: unused import: `ntest::timeout`\n    --> serde/src/private/de.rs:2362:8\n     |\n2362 |    use ntest::timeout;\n     |        ^^^^^^^^^^^^^^\n     |\nnote: the lint level is defined here\n    --> serde/src/lib.rs:159:23\n     |\n159  | #![deny(missing_docs, unused_imports)]\n     |                       ^^^^^^^^^^^^^^\n\nerror[E0277]: the trait bound `llmtests::test_visit_newtype_struct_16::Deserializer: de::Deserializer<'_>` is not satisfied\n    --> serde/src/private/de.rs:2369:42\n     |\n2369 |     let _ = visitor.visit_newtype_struct(deserializer);\n     |                     -------------------- ^^^^^^^^^^^^ the trait `de::Deserializer<'_>` is not implemented for `llmtests::test_visit_newtype_struct_16::Deserializer`\n     |                     |\n     |                     required by a bound introduced by this call\n     |\n     = help: the following other types implement trait `de::Deserializer<'de>`:\n               BoolDeserializer<E>\n               BorrowedBytesDeserializer<'de, E>\n               BytesDeserializer<'a, E>\n               CharDeserializer<E>\n               ContentDeserializer<'de, E>\n               ContentRefDeserializer<'a, 'de, E>\n               CowStrDeserializer<'a, E>\n               EnumAccessDeserializer<A>\n             and 26 others\nnote: required by a bound in `de::Visitor::visit_newtype_struct`\n    --> serde/src/de/mod.rs:1640:12\n     |\n1638 |     fn visit_newtype_struct<D>(self, deserializer: D) -> Result<Self::Value, D::Error>\n     |        -------------------- required by a bound in this associated function\n1639 |     where\n1640 |         D: Deserializer<'de>,\n     |            ^^^^^^^^^^^^^^^^^ required by this bound in `Visitor::visit_newtype_struct`\n\nFor more information about this error, try `rustc --explain E0277`.\nerror: could not compile `serde` (lib test) due to 3 previous errors\n"
                }
              ],
              "repaired": [
                false
              ]
            },
            {
              "attrs": [],
              "prefix": [
                "{",
                "    struct Deserializer;",
                "    let deserializer = Deserializer; // Assuming appropriate implementation",
                "    let visitor = TagOrContentVisitor { name: \"tag\", value: PhantomData };",
                "    let _ = visitor.visit_newtype_struct(deserializer);",
                "}"
              ],
              "oracles": [
                [
                  "    let deserializer = Deserializer;",
                  "    let visitor = TagOrContentVisitor { name: \"tag\", value: PhantomData };",
                  "    let result = visitor.visit_newtype_struct(deserializer);",
                  "    assert!(result.is_err());"
                ],
                [
                  "    let deserializer = Deserializer;",
                  "    let visitor = TagOrContentVisitor { name: \"tag\", value: PhantomData };",
                  "    let result = visitor.visit_newtype_struct(deserializer);",
                  "    assert_eq!(result.unwrap_err().kind(), ErrorKind::InvalidType);"
                ],
                [
                  "    let deserializer = Deserializer;",
                  "    let visitor = TagOrContentVisitor { name: \"tag\", value: PhantomData };",
                  "    let result = visitor.visit_newtype_struct(deserializer);",
                  "    assert_eq!(result.unwrap_err().unexpected(), Unexpected::NewtypeStruct);"
                ]
              ],
              "codes": [
                [
                  "{",
                  "    struct Deserializer;",
                  "    let deserializer = Deserializer; // Assuming appropriate implementation",
                  "    let visitor = TagOrContentVisitor { name: \"tag\", value: PhantomData };",
                  "    let _ = visitor.visit_newtype_struct(deserializer);",
                  "    let deserializer = Deserializer;",
                  "    let visitor = TagOrContentVisitor { name: \"tag\", value: PhantomData };",
                  "    let result = visitor.visit_newtype_struct(deserializer);",
                  "    assert!(result.is_err());",
                  "}"
                ],
                [
                  "{",
                  "    struct Deserializer;",
                  "    let deserializer = Deserializer; // Assuming appropriate implementation",
                  "    let visitor = TagOrContentVisitor { name: \"tag\", value: PhantomData };",
                  "    let _ = visitor.visit_newtype_struct(deserializer);",
                  "    let deserializer = Deserializer;",
                  "    let visitor = TagOrContentVisitor { name: \"tag\", value: PhantomData };",
                  "    let result = visitor.visit_newtype_struct(deserializer);",
                  "    assert_eq!(result.unwrap_err().kind(), ErrorKind::InvalidType);",
                  "}"
                ],
                [
                  "{",
                  "    struct Deserializer;",
                  "    let deserializer = Deserializer; // Assuming appropriate implementation",
                  "    let visitor = TagOrContentVisitor { name: \"tag\", value: PhantomData };",
                  "    let _ = visitor.visit_newtype_struct(deserializer);",
                  "    let deserializer = Deserializer;",
                  "    let visitor = TagOrContentVisitor { name: \"tag\", value: PhantomData };",
                  "    let result = visitor.visit_newtype_struct(deserializer);",
                  "    assert_eq!(result.unwrap_err().unexpected(), Unexpected::NewtypeStruct);",
                  "}"
                ]
              ],
              "can_compile": [
                {
                  "Err": "   Compiling proc-macro2 v1.0.95\n   Compiling syn v1.0.109\n   Compiling serde_derive v1.0.219 (/home/utgen/workspace/serde/serde_derive)\n   Compiling serde v1.0.219 (/home/utgen/workspace/serde/serde)\n   Compiling quote v1.0.40\n   Compiling syn v2.0.100\n   Compiling ntest_timeout v0.9.3\n   Compiling ntest_test_cases v0.9.3\n   Compiling ntest v0.9.3\nerror: unused import: `ntest::timeout`\n    --> serde/src/private/de.rs:2362:8\n     |\n2362 |    use ntest::timeout;\n     |        ^^^^^^^^^^^^^^\n     |\nnote: the lint level is defined here\n    --> serde/src/lib.rs:159:23\n     |\n159  | #![deny(missing_docs, unused_imports)]\n     |                       ^^^^^^^^^^^^^^\n\nerror[E0277]: the trait bound `llmtests::test_visit_newtype_struct_17::Deserializer: de::Deserializer<'_>` is not satisfied\n    --> serde/src/private/de.rs:2369:42\n     |\n2369 |     let _ = visitor.visit_newtype_struct(deserializer);\n     |                     -------------------- ^^^^^^^^^^^^ the trait `de::Deserializer<'_>` is not implemented for `llmtests::test_visit_newtype_struct_17::Deserializer`\n     |                     |\n     |                     required by a bound introduced by this call\n     |\n     = help: the following other types implement trait `de::Deserializer<'de>`:\n               BoolDeserializer<E>\n               BorrowedBytesDeserializer<'de, E>\n               BytesDeserializer<'a, E>\n               CharDeserializer<E>\n               ContentDeserializer<'de, E>\n               ContentRefDeserializer<'a, 'de, E>\n               CowStrDeserializer<'a, E>\n               EnumAccessDeserializer<A>\n             and 26 others\nnote: required by a bound in `de::Visitor::visit_newtype_struct`\n    --> serde/src/de/mod.rs:1640:12\n     |\n1638 |     fn visit_newtype_struct<D>(self, deserializer: D) -> Result<Self::Value, D::Error>\n     |        -------------------- required by a bound in this associated function\n1639 |     where\n1640 |         D: Deserializer<'de>,\n     |            ^^^^^^^^^^^^^^^^^ required by this bound in `Visitor::visit_newtype_struct`\n\nerror[E0277]: the trait bound `llmtests::test_visit_newtype_struct_17::Deserializer: de::Deserializer<'_>` is not satisfied\n    --> serde/src/private/de.rs:2372:47\n     |\n2372 |     let result = visitor.visit_newtype_struct(deserializer);\n     |                          -------------------- ^^^^^^^^^^^^ the trait `de::Deserializer<'_>` is not implemented for `llmtests::test_visit_newtype_struct_17::Deserializer`\n     |                          |\n     |                          required by a bound introduced by this call\n     |\n     = help: the following other types implement trait `de::Deserializer<'de>`:\n               BoolDeserializer<E>\n               BorrowedBytesDeserializer<'de, E>\n               BytesDeserializer<'a, E>\n               CharDeserializer<E>\n               ContentDeserializer<'de, E>\n               ContentRefDeserializer<'a, 'de, E>\n               CowStrDeserializer<'a, E>\n               EnumAccessDeserializer<A>\n             and 26 others\nnote: required by a bound in `de::Visitor::visit_newtype_struct`\n    --> serde/src/de/mod.rs:1640:12\n     |\n1638 |     fn visit_newtype_struct<D>(self, deserializer: D) -> Result<Self::Value, D::Error>\n     |        -------------------- required by a bound in this associated function\n1639 |     where\n1640 |         D: Deserializer<'de>,\n     |            ^^^^^^^^^^^^^^^^^ required by this bound in `Visitor::visit_newtype_struct`\n\nFor more information about this error, try `rustc --explain E0277`.\nerror: could not compile `serde` (lib test) due to 3 previous errors\n"
                },
                {
                  "Err": "   Compiling proc-macro2 v1.0.95\n   Compiling syn v1.0.109\n   Compiling serde_derive v1.0.219 (/home/utgen/workspace/serde/serde_derive)\n   Compiling serde v1.0.219 (/home/utgen/workspace/serde/serde)\n   Compiling quote v1.0.40\n   Compiling syn v2.0.100\n   Compiling ntest_test_cases v0.9.3\n   Compiling ntest_timeout v0.9.3\n   Compiling ntest v0.9.3\nerror[E0433]: failed to resolve: use of undeclared type `ErrorKind`\n    --> serde/src/private/de.rs:2373:44\n     |\n2373 |     assert_eq!(result.unwrap_err().kind(), ErrorKind::InvalidType);\n     |                                            ^^^^^^^^^ use of undeclared type `ErrorKind`\n     |\nhelp: consider importing this enum\n     |\n2361 +    use std::io::ErrorKind;\n     |\n\nerror: unused import: `ntest::timeout`\n    --> serde/src/private/de.rs:2362:8\n     |\n2362 |    use ntest::timeout;\n     |        ^^^^^^^^^^^^^^\n     |\nnote: the lint level is defined here\n    --> serde/src/lib.rs:159:23\n     |\n159  | #![deny(missing_docs, unused_imports)]\n     |                       ^^^^^^^^^^^^^^\n\nerror[E0277]: the trait bound `llmtests::test_visit_newtype_struct_18::Deserializer: de::Deserializer<'_>` is not satisfied\n    --> serde/src/private/de.rs:2369:42\n     |\n2369 |     let _ = visitor.visit_newtype_struct(deserializer);\n     |                     -------------------- ^^^^^^^^^^^^ the trait `de::Deserializer<'_>` is not implemented for `llmtests::test_visit_newtype_struct_18::Deserializer`\n     |                     |\n     |                     required by a bound introduced by this call\n     |\n     = help: the following other types implement trait `de::Deserializer<'de>`:\n               BoolDeserializer<E>\n               BorrowedBytesDeserializer<'de, E>\n               BytesDeserializer<'a, E>\n               CharDeserializer<E>\n               ContentDeserializer<'de, E>\n               ContentRefDeserializer<'a, 'de, E>\n               CowStrDeserializer<'a, E>\n               EnumAccessDeserializer<A>\n             and 26 others\nnote: required by a bound in `de::Visitor::visit_newtype_struct`\n    --> serde/src/de/mod.rs:1640:12\n     |\n1638 |     fn visit_newtype_struct<D>(self, deserializer: D) -> Result<Self::Value, D::Error>\n     |        -------------------- required by a bound in this associated function\n1639 |     where\n1640 |         D: Deserializer<'de>,\n     |            ^^^^^^^^^^^^^^^^^ required by this bound in `Visitor::visit_newtype_struct`\n\nerror[E0277]: the trait bound `llmtests::test_visit_newtype_struct_18::Deserializer: de::Deserializer<'_>` is not satisfied\n    --> serde/src/private/de.rs:2372:47\n     |\n2372 |     let result = visitor.visit_newtype_struct(deserializer);\n     |                          -------------------- ^^^^^^^^^^^^ the trait `de::Deserializer<'_>` is not implemented for `llmtests::test_visit_newtype_struct_18::Deserializer`\n     |                          |\n     |                          required by a bound introduced by this call\n     |\n     = help: the following other types implement trait `de::Deserializer<'de>`:\n               BoolDeserializer<E>\n               BorrowedBytesDeserializer<'de, E>\n               BytesDeserializer<'a, E>\n               CharDeserializer<E>\n               ContentDeserializer<'de, E>\n               ContentRefDeserializer<'a, 'de, E>\n               CowStrDeserializer<'a, E>\n               EnumAccessDeserializer<A>\n             and 26 others\nnote: required by a bound in `de::Visitor::visit_newtype_struct`\n    --> serde/src/de/mod.rs:1640:12\n     |\n1638 |     fn visit_newtype_struct<D>(self, deserializer: D) -> Result<Self::Value, D::Error>\n     |        -------------------- required by a bound in this associated function\n1639 |     where\n1640 |         D: Deserializer<'de>,\n     |            ^^^^^^^^^^^^^^^^^ required by this bound in `Visitor::visit_newtype_struct`\n\nerror[E0277]: `TagOrContent<'_>` doesn't implement `std::fmt::Debug`\n    --> serde/src/private/de.rs:2373:23\n     |\n2373 |     assert_eq!(result.unwrap_err().kind(), ErrorKind::InvalidType);\n     |                       ^^^^^^^^^^ `TagOrContent<'_>` cannot be formatted using `{:?}`\n     |\n     = help: the trait `std::fmt::Debug` is not implemented for `TagOrContent<'_>`\n     = note: add `#[derive(Debug)]` to `TagOrContent<'_>` or manually `impl std::fmt::Debug for TagOrContent<'_>`\nnote: required by a bound in `Result::<T, E>::unwrap_err`\n    --> /rustc/5069856495870486134dd2ca0b0e2516308c5c2a/library/core/src/result.rs:1191:5\nhelp: consider annotating `TagOrContent<'_>` with `#[derive(Debug)]`\n     |\n541  +     #[derive(Debug)]\n542  |     pub enum TagOrContent<'de> {\n     |\n\nSome errors have detailed explanations: E0277, E0433.\nFor more information about an error, try `rustc --explain E0277`.\nerror: could not compile `serde` (lib test) due to 5 previous errors\n"
                },
                {
                  "Err": "   Compiling proc-macro2 v1.0.95\n   Compiling syn v1.0.109\n   Compiling serde_derive v1.0.219 (/home/utgen/workspace/serde/serde_derive)\n   Compiling serde v1.0.219 (/home/utgen/workspace/serde/serde)\n   Compiling quote v1.0.40\n   Compiling syn v2.0.100\n   Compiling ntest_timeout v0.9.3\n   Compiling ntest_test_cases v0.9.3\n   Compiling ntest v0.9.3\nerror: unused import: `ntest::timeout`\n    --> serde/src/private/de.rs:2362:8\n     |\n2362 |    use ntest::timeout;\n     |        ^^^^^^^^^^^^^^\n     |\nnote: the lint level is defined here\n    --> serde/src/lib.rs:159:23\n     |\n159  | #![deny(missing_docs, unused_imports)]\n     |                       ^^^^^^^^^^^^^^\n\nerror[E0277]: the trait bound `llmtests::test_visit_newtype_struct_19::Deserializer: de::Deserializer<'_>` is not satisfied\n    --> serde/src/private/de.rs:2369:42\n     |\n2369 |     let _ = visitor.visit_newtype_struct(deserializer);\n     |                     -------------------- ^^^^^^^^^^^^ the trait `de::Deserializer<'_>` is not implemented for `llmtests::test_visit_newtype_struct_19::Deserializer`\n     |                     |\n     |                     required by a bound introduced by this call\n     |\n     = help: the following other types implement trait `de::Deserializer<'de>`:\n               BoolDeserializer<E>\n               BorrowedBytesDeserializer<'de, E>\n               BytesDeserializer<'a, E>\n               CharDeserializer<E>\n               ContentDeserializer<'de, E>\n               ContentRefDeserializer<'a, 'de, E>\n               CowStrDeserializer<'a, E>\n               EnumAccessDeserializer<A>\n             and 26 others\nnote: required by a bound in `de::Visitor::visit_newtype_struct`\n    --> serde/src/de/mod.rs:1640:12\n     |\n1638 |     fn visit_newtype_struct<D>(self, deserializer: D) -> Result<Self::Value, D::Error>\n     |        -------------------- required by a bound in this associated function\n1639 |     where\n1640 |         D: Deserializer<'de>,\n     |            ^^^^^^^^^^^^^^^^^ required by this bound in `Visitor::visit_newtype_struct`\n\nerror[E0277]: the trait bound `llmtests::test_visit_newtype_struct_19::Deserializer: de::Deserializer<'_>` is not satisfied\n    --> serde/src/private/de.rs:2372:47\n     |\n2372 |     let result = visitor.visit_newtype_struct(deserializer);\n     |                          -------------------- ^^^^^^^^^^^^ the trait `de::Deserializer<'_>` is not implemented for `llmtests::test_visit_newtype_struct_19::Deserializer`\n     |                          |\n     |                          required by a bound introduced by this call\n     |\n     = help: the following other types implement trait `de::Deserializer<'de>`:\n               BoolDeserializer<E>\n               BorrowedBytesDeserializer<'de, E>\n               BytesDeserializer<'a, E>\n               CharDeserializer<E>\n               ContentDeserializer<'de, E>\n               ContentRefDeserializer<'a, 'de, E>\n               CowStrDeserializer<'a, E>\n               EnumAccessDeserializer<A>\n             and 26 others\nnote: required by a bound in `de::Visitor::visit_newtype_struct`\n    --> serde/src/de/mod.rs:1640:12\n     |\n1638 |     fn visit_newtype_struct<D>(self, deserializer: D) -> Result<Self::Value, D::Error>\n     |        -------------------- required by a bound in this associated function\n1639 |     where\n1640 |         D: Deserializer<'de>,\n     |            ^^^^^^^^^^^^^^^^^ required by this bound in `Visitor::visit_newtype_struct`\n\nerror[E0277]: `TagOrContent<'_>` doesn't implement `std::fmt::Debug`\n    --> serde/src/private/de.rs:2373:23\n     |\n2373 |     assert_eq!(result.unwrap_err().unexpected(), Unexpected::NewtypeStruct);\n     |                       ^^^^^^^^^^ `TagOrContent<'_>` cannot be formatted using `{:?}`\n     |\n     = help: the trait `std::fmt::Debug` is not implemented for `TagOrContent<'_>`\n     = note: add `#[derive(Debug)]` to `TagOrContent<'_>` or manually `impl std::fmt::Debug for TagOrContent<'_>`\nnote: required by a bound in `Result::<T, E>::unwrap_err`\n    --> /rustc/5069856495870486134dd2ca0b0e2516308c5c2a/library/core/src/result.rs:1191:5\nhelp: consider annotating `TagOrContent<'_>` with `#[derive(Debug)]`\n     |\n541  +     #[derive(Debug)]\n542  |     pub enum TagOrContent<'de> {\n     |\n\nFor more information about this error, try `rustc --explain E0277`.\nerror: could not compile `serde` (lib test) due to 4 previous errors\n"
                }
              ],
              "repaired": [
                false,
                false,
                false
              ]
            },
            {
              "attrs": [],
              "prefix": [
                "{",
                "    struct Deserializer;",
                "    let deserializer = Deserializer; // Assuming appropriate implementation",
                "    let visitor = TagOrContentVisitor { name: \"tag\", value: PhantomData };",
                "    let _ = visitor.visit_newtype_struct(deserializer);",
                "}"
              ],
              "oracles": [
                [
                  "    let visitor = TagOrContentVisitor { name: \"tag\", value: PhantomData };",
                  "    let result = visitor.visit_newtype_struct(deserializer);",
                  "    assert!(result.is_err());"
                ],
                [
                  "    let visitor = TagOrContentVisitor { name: \"tag\", value: PhantomData };",
                  "    let result = visitor.visit_newtype_struct(deserializer);",
                  "    assert_eq!(result.unwrap_err().kind(), ErrorKind::InvalidType);"
                ],
                [
                  "    let visitor = TagOrContentVisitor { name: \"tag\", value: PhantomData };",
                  "    let result = visitor.visit_newtype_struct(deserializer);",
                  "    assert_eq!(result.unwrap_err().unexpected(), &Unexpected::NewtypeStruct);"
                ],
                [
                  "    let visitor = TagOrContentVisitor { name: \"tag\", value: PhantomData };",
                  "    let result = visitor.visit_newtype_struct(deserializer);",
                  "    assert_eq!(result.unwrap_err().expected(), visitor);"
                ]
              ],
              "codes": [
                [
                  "{",
                  "    struct Deserializer;",
                  "    let deserializer = Deserializer; // Assuming appropriate implementation",
                  "    let visitor = TagOrContentVisitor { name: \"tag\", value: PhantomData };",
                  "    let _ = visitor.visit_newtype_struct(deserializer);",
                  "    let visitor = TagOrContentVisitor { name: \"tag\", value: PhantomData };",
                  "    let result = visitor.visit_newtype_struct(deserializer);",
                  "    assert!(result.is_err());",
                  "}"
                ],
                [
                  "{",
                  "    struct Deserializer;",
                  "    let deserializer = Deserializer; // Assuming appropriate implementation",
                  "    let visitor = TagOrContentVisitor { name: \"tag\", value: PhantomData };",
                  "    let _ = visitor.visit_newtype_struct(deserializer);",
                  "    let visitor = TagOrContentVisitor { name: \"tag\", value: PhantomData };",
                  "    let result = visitor.visit_newtype_struct(deserializer);",
                  "    assert_eq!(result.unwrap_err().kind(), ErrorKind::InvalidType);",
                  "}"
                ],
                [
                  "{",
                  "    struct Deserializer;",
                  "    let deserializer = Deserializer; // Assuming appropriate implementation",
                  "    let visitor = TagOrContentVisitor { name: \"tag\", value: PhantomData };",
                  "    let _ = visitor.visit_newtype_struct(deserializer);",
                  "    let visitor = TagOrContentVisitor { name: \"tag\", value: PhantomData };",
                  "    let result = visitor.visit_newtype_struct(deserializer);",
                  "    assert_eq!(result.unwrap_err().unexpected(), &Unexpected::NewtypeStruct);",
                  "}"
                ],
                [
                  "{",
                  "    struct Deserializer;",
                  "    let deserializer = Deserializer; // Assuming appropriate implementation",
                  "    let visitor = TagOrContentVisitor { name: \"tag\", value: PhantomData };",
                  "    let _ = visitor.visit_newtype_struct(deserializer);",
                  "    let visitor = TagOrContentVisitor { name: \"tag\", value: PhantomData };",
                  "    let result = visitor.visit_newtype_struct(deserializer);",
                  "    assert_eq!(result.unwrap_err().expected(), visitor);",
                  "}"
                ]
              ],
              "can_compile": [
                {
                  "Err": "   Compiling proc-macro2 v1.0.95\n   Compiling syn v1.0.109\n   Compiling serde_derive v1.0.219 (/home/utgen/workspace/serde/serde_derive)\n   Compiling serde v1.0.219 (/home/utgen/workspace/serde/serde)\n   Compiling quote v1.0.40\n   Compiling syn v2.0.100\n   Compiling ntest_test_cases v0.9.3\n   Compiling ntest_timeout v0.9.3\n   Compiling ntest v0.9.3\nerror: unused import: `ntest::timeout`\n    --> serde/src/private/de.rs:2362:8\n     |\n2362 |    use ntest::timeout;\n     |        ^^^^^^^^^^^^^^\n     |\nnote: the lint level is defined here\n    --> serde/src/lib.rs:159:23\n     |\n159  | #![deny(missing_docs, unused_imports)]\n     |                       ^^^^^^^^^^^^^^\n\nerror[E0277]: the trait bound `llmtests::test_visit_newtype_struct_20::Deserializer: de::Deserializer<'_>` is not satisfied\n    --> serde/src/private/de.rs:2369:42\n     |\n2369 |     let _ = visitor.visit_newtype_struct(deserializer);\n     |                     -------------------- ^^^^^^^^^^^^ the trait `de::Deserializer<'_>` is not implemented for `llmtests::test_visit_newtype_struct_20::Deserializer`\n     |                     |\n     |                     required by a bound introduced by this call\n     |\n     = help: the following other types implement trait `de::Deserializer<'de>`:\n               BoolDeserializer<E>\n               BorrowedBytesDeserializer<'de, E>\n               BytesDeserializer<'a, E>\n               CharDeserializer<E>\n               ContentDeserializer<'de, E>\n               ContentRefDeserializer<'a, 'de, E>\n               CowStrDeserializer<'a, E>\n               EnumAccessDeserializer<A>\n             and 26 others\nnote: required by a bound in `de::Visitor::visit_newtype_struct`\n    --> serde/src/de/mod.rs:1640:12\n     |\n1638 |     fn visit_newtype_struct<D>(self, deserializer: D) -> Result<Self::Value, D::Error>\n     |        -------------------- required by a bound in this associated function\n1639 |     where\n1640 |         D: Deserializer<'de>,\n     |            ^^^^^^^^^^^^^^^^^ required by this bound in `Visitor::visit_newtype_struct`\n\nerror[E0277]: the trait bound `llmtests::test_visit_newtype_struct_20::Deserializer: de::Deserializer<'_>` is not satisfied\n    --> serde/src/private/de.rs:2371:47\n     |\n2371 |     let result = visitor.visit_newtype_struct(deserializer);\n     |                          -------------------- ^^^^^^^^^^^^ the trait `de::Deserializer<'_>` is not implemented for `llmtests::test_visit_newtype_struct_20::Deserializer`\n     |                          |\n     |                          required by a bound introduced by this call\n     |\n     = help: the following other types implement trait `de::Deserializer<'de>`:\n               BoolDeserializer<E>\n               BorrowedBytesDeserializer<'de, E>\n               BytesDeserializer<'a, E>\n               CharDeserializer<E>\n               ContentDeserializer<'de, E>\n               ContentRefDeserializer<'a, 'de, E>\n               CowStrDeserializer<'a, E>\n               EnumAccessDeserializer<A>\n             and 26 others\nnote: required by a bound in `de::Visitor::visit_newtype_struct`\n    --> serde/src/de/mod.rs:1640:12\n     |\n1638 |     fn visit_newtype_struct<D>(self, deserializer: D) -> Result<Self::Value, D::Error>\n     |        -------------------- required by a bound in this associated function\n1639 |     where\n1640 |         D: Deserializer<'de>,\n     |            ^^^^^^^^^^^^^^^^^ required by this bound in `Visitor::visit_newtype_struct`\n\nFor more information about this error, try `rustc --explain E0277`.\nerror: could not compile `serde` (lib test) due to 3 previous errors\n"
                },
                {
                  "Err": "   Compiling proc-macro2 v1.0.95\n   Compiling syn v1.0.109\n   Compiling serde_derive v1.0.219 (/home/utgen/workspace/serde/serde_derive)\n   Compiling serde v1.0.219 (/home/utgen/workspace/serde/serde)\n   Compiling quote v1.0.40\n   Compiling syn v2.0.100\n   Compiling ntest_test_cases v0.9.3\n   Compiling ntest_timeout v0.9.3\n   Compiling ntest v0.9.3\nerror[E0433]: failed to resolve: use of undeclared type `ErrorKind`\n    --> serde/src/private/de.rs:2372:44\n     |\n2372 |     assert_eq!(result.unwrap_err().kind(), ErrorKind::InvalidType);\n     |                                            ^^^^^^^^^ use of undeclared type `ErrorKind`\n     |\nhelp: consider importing this enum\n     |\n2361 +    use std::io::ErrorKind;\n     |\n\nerror: unused import: `ntest::timeout`\n    --> serde/src/private/de.rs:2362:8\n     |\n2362 |    use ntest::timeout;\n     |        ^^^^^^^^^^^^^^\n     |\nnote: the lint level is defined here\n    --> serde/src/lib.rs:159:23\n     |\n159  | #![deny(missing_docs, unused_imports)]\n     |                       ^^^^^^^^^^^^^^\n\nerror[E0277]: the trait bound `llmtests::test_visit_newtype_struct_21::Deserializer: de::Deserializer<'_>` is not satisfied\n    --> serde/src/private/de.rs:2369:42\n     |\n2369 |     let _ = visitor.visit_newtype_struct(deserializer);\n     |                     -------------------- ^^^^^^^^^^^^ the trait `de::Deserializer<'_>` is not implemented for `llmtests::test_visit_newtype_struct_21::Deserializer`\n     |                     |\n     |                     required by a bound introduced by this call\n     |\n     = help: the following other types implement trait `de::Deserializer<'de>`:\n               BoolDeserializer<E>\n               BorrowedBytesDeserializer<'de, E>\n               BytesDeserializer<'a, E>\n               CharDeserializer<E>\n               ContentDeserializer<'de, E>\n               ContentRefDeserializer<'a, 'de, E>\n               CowStrDeserializer<'a, E>\n               EnumAccessDeserializer<A>\n             and 26 others\nnote: required by a bound in `de::Visitor::visit_newtype_struct`\n    --> serde/src/de/mod.rs:1640:12\n     |\n1638 |     fn visit_newtype_struct<D>(self, deserializer: D) -> Result<Self::Value, D::Error>\n     |        -------------------- required by a bound in this associated function\n1639 |     where\n1640 |         D: Deserializer<'de>,\n     |            ^^^^^^^^^^^^^^^^^ required by this bound in `Visitor::visit_newtype_struct`\n\nerror[E0277]: the trait bound `llmtests::test_visit_newtype_struct_21::Deserializer: de::Deserializer<'_>` is not satisfied\n    --> serde/src/private/de.rs:2371:47\n     |\n2371 |     let result = visitor.visit_newtype_struct(deserializer);\n     |                          -------------------- ^^^^^^^^^^^^ the trait `de::Deserializer<'_>` is not implemented for `llmtests::test_visit_newtype_struct_21::Deserializer`\n     |                          |\n     |                          required by a bound introduced by this call\n     |\n     = help: the following other types implement trait `de::Deserializer<'de>`:\n               BoolDeserializer<E>\n               BorrowedBytesDeserializer<'de, E>\n               BytesDeserializer<'a, E>\n               CharDeserializer<E>\n               ContentDeserializer<'de, E>\n               ContentRefDeserializer<'a, 'de, E>\n               CowStrDeserializer<'a, E>\n               EnumAccessDeserializer<A>\n             and 26 others\nnote: required by a bound in `de::Visitor::visit_newtype_struct`\n    --> serde/src/de/mod.rs:1640:12\n     |\n1638 |     fn visit_newtype_struct<D>(self, deserializer: D) -> Result<Self::Value, D::Error>\n     |        -------------------- required by a bound in this associated function\n1639 |     where\n1640 |         D: Deserializer<'de>,\n     |            ^^^^^^^^^^^^^^^^^ required by this bound in `Visitor::visit_newtype_struct`\n\nerror[E0277]: `TagOrContent<'_>` doesn't implement `std::fmt::Debug`\n    --> serde/src/private/de.rs:2372:23\n     |\n2372 |     assert_eq!(result.unwrap_err().kind(), ErrorKind::InvalidType);\n     |                       ^^^^^^^^^^ `TagOrContent<'_>` cannot be formatted using `{:?}`\n     |\n     = help: the trait `std::fmt::Debug` is not implemented for `TagOrContent<'_>`\n     = note: add `#[derive(Debug)]` to `TagOrContent<'_>` or manually `impl std::fmt::Debug for TagOrContent<'_>`\nnote: required by a bound in `Result::<T, E>::unwrap_err`\n    --> /rustc/5069856495870486134dd2ca0b0e2516308c5c2a/library/core/src/result.rs:1191:5\nhelp: consider annotating `TagOrContent<'_>` with `#[derive(Debug)]`\n     |\n541  +     #[derive(Debug)]\n542  |     pub enum TagOrContent<'de> {\n     |\n\nSome errors have detailed explanations: E0277, E0433.\nFor more information about an error, try `rustc --explain E0277`.\nerror: could not compile `serde` (lib test) due to 5 previous errors\n"
                },
                {
                  "Err": "   Compiling proc-macro2 v1.0.95\n   Compiling syn v1.0.109\n   Compiling serde_derive v1.0.219 (/home/utgen/workspace/serde/serde_derive)\n   Compiling serde v1.0.219 (/home/utgen/workspace/serde/serde)\n   Compiling quote v1.0.40\n   Compiling syn v2.0.100\n   Compiling ntest_timeout v0.9.3\n   Compiling ntest_test_cases v0.9.3\n   Compiling ntest v0.9.3\nerror: unused import: `ntest::timeout`\n    --> serde/src/private/de.rs:2362:8\n     |\n2362 |    use ntest::timeout;\n     |        ^^^^^^^^^^^^^^\n     |\nnote: the lint level is defined here\n    --> serde/src/lib.rs:159:23\n     |\n159  | #![deny(missing_docs, unused_imports)]\n     |                       ^^^^^^^^^^^^^^\n\nerror[E0277]: the trait bound `llmtests::test_visit_newtype_struct_22::Deserializer: de::Deserializer<'_>` is not satisfied\n    --> serde/src/private/de.rs:2369:42\n     |\n2369 |     let _ = visitor.visit_newtype_struct(deserializer);\n     |                     -------------------- ^^^^^^^^^^^^ the trait `de::Deserializer<'_>` is not implemented for `llmtests::test_visit_newtype_struct_22::Deserializer`\n     |                     |\n     |                     required by a bound introduced by this call\n     |\n     = help: the following other types implement trait `de::Deserializer<'de>`:\n               BoolDeserializer<E>\n               BorrowedBytesDeserializer<'de, E>\n               BytesDeserializer<'a, E>\n               CharDeserializer<E>\n               ContentDeserializer<'de, E>\n               ContentRefDeserializer<'a, 'de, E>\n               CowStrDeserializer<'a, E>\n               EnumAccessDeserializer<A>\n             and 26 others\nnote: required by a bound in `de::Visitor::visit_newtype_struct`\n    --> serde/src/de/mod.rs:1640:12\n     |\n1638 |     fn visit_newtype_struct<D>(self, deserializer: D) -> Result<Self::Value, D::Error>\n     |        -------------------- required by a bound in this associated function\n1639 |     where\n1640 |         D: Deserializer<'de>,\n     |            ^^^^^^^^^^^^^^^^^ required by this bound in `Visitor::visit_newtype_struct`\n\nerror[E0277]: the trait bound `llmtests::test_visit_newtype_struct_22::Deserializer: de::Deserializer<'_>` is not satisfied\n    --> serde/src/private/de.rs:2371:47\n     |\n2371 |     let result = visitor.visit_newtype_struct(deserializer);\n     |                          -------------------- ^^^^^^^^^^^^ the trait `de::Deserializer<'_>` is not implemented for `llmtests::test_visit_newtype_struct_22::Deserializer`\n     |                          |\n     |                          required by a bound introduced by this call\n     |\n     = help: the following other types implement trait `de::Deserializer<'de>`:\n               BoolDeserializer<E>\n               BorrowedBytesDeserializer<'de, E>\n               BytesDeserializer<'a, E>\n               CharDeserializer<E>\n               ContentDeserializer<'de, E>\n               ContentRefDeserializer<'a, 'de, E>\n               CowStrDeserializer<'a, E>\n               EnumAccessDeserializer<A>\n             and 26 others\nnote: required by a bound in `de::Visitor::visit_newtype_struct`\n    --> serde/src/de/mod.rs:1640:12\n     |\n1638 |     fn visit_newtype_struct<D>(self, deserializer: D) -> Result<Self::Value, D::Error>\n     |        -------------------- required by a bound in this associated function\n1639 |     where\n1640 |         D: Deserializer<'de>,\n     |            ^^^^^^^^^^^^^^^^^ required by this bound in `Visitor::visit_newtype_struct`\n\nerror[E0277]: `TagOrContent<'_>` doesn't implement `std::fmt::Debug`\n    --> serde/src/private/de.rs:2372:23\n     |\n2372 |     assert_eq!(result.unwrap_err().unexpected(), &Unexpected::NewtypeStruct);\n     |                       ^^^^^^^^^^ `TagOrContent<'_>` cannot be formatted using `{:?}`\n     |\n     = help: the trait `std::fmt::Debug` is not implemented for `TagOrContent<'_>`\n     = note: add `#[derive(Debug)]` to `TagOrContent<'_>` or manually `impl std::fmt::Debug for TagOrContent<'_>`\nnote: required by a bound in `Result::<T, E>::unwrap_err`\n    --> /rustc/5069856495870486134dd2ca0b0e2516308c5c2a/library/core/src/result.rs:1191:5\nhelp: consider annotating `TagOrContent<'_>` with `#[derive(Debug)]`\n     |\n541  +     #[derive(Debug)]\n542  |     pub enum TagOrContent<'de> {\n     |\n\nFor more information about this error, try `rustc --explain E0277`.\nerror: could not compile `serde` (lib test) due to 4 previous errors\n"
                },
                {
                  "Err": "   Compiling proc-macro2 v1.0.95\n   Compiling syn v1.0.109\n   Compiling serde_derive v1.0.219 (/home/utgen/workspace/serde/serde_derive)\n   Compiling serde v1.0.219 (/home/utgen/workspace/serde/serde)\n   Compiling quote v1.0.40\n   Compiling syn v2.0.100\n   Compiling ntest_test_cases v0.9.3\n   Compiling ntest_timeout v0.9.3\n   Compiling ntest v0.9.3\nerror: unused import: `ntest::timeout`\n    --> serde/src/private/de.rs:2362:8\n     |\n2362 |    use ntest::timeout;\n     |        ^^^^^^^^^^^^^^\n     |\nnote: the lint level is defined here\n    --> serde/src/lib.rs:159:23\n     |\n159  | #![deny(missing_docs, unused_imports)]\n     |                       ^^^^^^^^^^^^^^\n\nerror[E0277]: the trait bound `llmtests::test_visit_newtype_struct_23::Deserializer: de::Deserializer<'_>` is not satisfied\n    --> serde/src/private/de.rs:2369:42\n     |\n2369 |     let _ = visitor.visit_newtype_struct(deserializer);\n     |                     -------------------- ^^^^^^^^^^^^ the trait `de::Deserializer<'_>` is not implemented for `llmtests::test_visit_newtype_struct_23::Deserializer`\n     |                     |\n     |                     required by a bound introduced by this call\n     |\n     = help: the following other types implement trait `de::Deserializer<'de>`:\n               BoolDeserializer<E>\n               BorrowedBytesDeserializer<'de, E>\n               BytesDeserializer<'a, E>\n               CharDeserializer<E>\n               ContentDeserializer<'de, E>\n               ContentRefDeserializer<'a, 'de, E>\n               CowStrDeserializer<'a, E>\n               EnumAccessDeserializer<A>\n             and 26 others\nnote: required by a bound in `de::Visitor::visit_newtype_struct`\n    --> serde/src/de/mod.rs:1640:12\n     |\n1638 |     fn visit_newtype_struct<D>(self, deserializer: D) -> Result<Self::Value, D::Error>\n     |        -------------------- required by a bound in this associated function\n1639 |     where\n1640 |         D: Deserializer<'de>,\n     |            ^^^^^^^^^^^^^^^^^ required by this bound in `Visitor::visit_newtype_struct`\n\nerror[E0277]: the trait bound `llmtests::test_visit_newtype_struct_23::Deserializer: de::Deserializer<'_>` is not satisfied\n    --> serde/src/private/de.rs:2371:47\n     |\n2371 |     let result = visitor.visit_newtype_struct(deserializer);\n     |                          -------------------- ^^^^^^^^^^^^ the trait `de::Deserializer<'_>` is not implemented for `llmtests::test_visit_newtype_struct_23::Deserializer`\n     |                          |\n     |                          required by a bound introduced by this call\n     |\n     = help: the following other types implement trait `de::Deserializer<'de>`:\n               BoolDeserializer<E>\n               BorrowedBytesDeserializer<'de, E>\n               BytesDeserializer<'a, E>\n               CharDeserializer<E>\n               ContentDeserializer<'de, E>\n               ContentRefDeserializer<'a, 'de, E>\n               CowStrDeserializer<'a, E>\n               EnumAccessDeserializer<A>\n             and 26 others\nnote: required by a bound in `de::Visitor::visit_newtype_struct`\n    --> serde/src/de/mod.rs:1640:12\n     |\n1638 |     fn visit_newtype_struct<D>(self, deserializer: D) -> Result<Self::Value, D::Error>\n     |        -------------------- required by a bound in this associated function\n1639 |     where\n1640 |         D: Deserializer<'de>,\n     |            ^^^^^^^^^^^^^^^^^ required by this bound in `Visitor::visit_newtype_struct`\n\nerror[E0277]: `TagOrContent<'_>` doesn't implement `std::fmt::Debug`\n    --> serde/src/private/de.rs:2372:23\n     |\n2372 |     assert_eq!(result.unwrap_err().expected(), visitor);\n     |                       ^^^^^^^^^^ `TagOrContent<'_>` cannot be formatted using `{:?}`\n     |\n     = help: the trait `std::fmt::Debug` is not implemented for `TagOrContent<'_>`\n     = note: add `#[derive(Debug)]` to `TagOrContent<'_>` or manually `impl std::fmt::Debug for TagOrContent<'_>`\nnote: required by a bound in `Result::<T, E>::unwrap_err`\n    --> /rustc/5069856495870486134dd2ca0b0e2516308c5c2a/library/core/src/result.rs:1191:5\nhelp: consider annotating `TagOrContent<'_>` with `#[derive(Debug)]`\n     |\n541  +     #[derive(Debug)]\n542  |     pub enum TagOrContent<'de> {\n     |\n\nFor more information about this error, try `rustc --explain E0277`.\nerror: could not compile `serde` (lib test) due to 4 previous errors\n"
                }
              ],
              "repaired": [
                false,
                false,
                false,
                false
              ]
            },
            {
              "attrs": [],
              "prefix": [
                "{",
                "    struct Deserializer;",
                "    let deserializer = Deserializer; // Assuming appropriate implementation",
                "    let visitor = TagOrContentVisitor { name: \"tag\", value: PhantomData };",
                "    let _ = visitor.visit_newtype_struct(deserializer);",
                "}"
              ],
              "oracles": [
                [
                  "    let deserializer = Deserializer;",
                  "    let visitor = TagOrContentVisitor { name: \"tag\", value: PhantomData };",
                  "    let result = visitor.visit_newtype_struct(deserializer);",
                  "    assert!(result.is_err());"
                ],
                [
                  "    let deserializer = Deserializer;",
                  "    let visitor = TagOrContentVisitor { name: \"tag\", value: PhantomData };",
                  "    let result = visitor.visit_newtype_struct(deserializer);",
                  "    assert_eq!(result.unwrap_err().kind(), ErrorKind::InvalidType);"
                ],
                [
                  "    let deserializer = Deserializer;",
                  "    let visitor = TagOrContentVisitor { name: \"tag\", value: PhantomData };",
                  "    let result = visitor.visit_newtype_struct(deserializer);",
                  "    assert_eq!(result.unwrap_err().expected(), &Unexpected::NewtypeStruct);"
                ]
              ],
              "codes": [
                [
                  "{",
                  "    struct Deserializer;",
                  "    let deserializer = Deserializer; // Assuming appropriate implementation",
                  "    let visitor = TagOrContentVisitor { name: \"tag\", value: PhantomData };",
                  "    let _ = visitor.visit_newtype_struct(deserializer);",
                  "    let deserializer = Deserializer;",
                  "    let visitor = TagOrContentVisitor { name: \"tag\", value: PhantomData };",
                  "    let result = visitor.visit_newtype_struct(deserializer);",
                  "    assert!(result.is_err());",
                  "}"
                ],
                [
                  "{",
                  "    struct Deserializer;",
                  "    let deserializer = Deserializer; // Assuming appropriate implementation",
                  "    let visitor = TagOrContentVisitor { name: \"tag\", value: PhantomData };",
                  "    let _ = visitor.visit_newtype_struct(deserializer);",
                  "    let deserializer = Deserializer;",
                  "    let visitor = TagOrContentVisitor { name: \"tag\", value: PhantomData };",
                  "    let result = visitor.visit_newtype_struct(deserializer);",
                  "    assert_eq!(result.unwrap_err().kind(), ErrorKind::InvalidType);",
                  "}"
                ],
                [
                  "{",
                  "    struct Deserializer;",
                  "    let deserializer = Deserializer; // Assuming appropriate implementation",
                  "    let visitor = TagOrContentVisitor { name: \"tag\", value: PhantomData };",
                  "    let _ = visitor.visit_newtype_struct(deserializer);",
                  "    let deserializer = Deserializer;",
                  "    let visitor = TagOrContentVisitor { name: \"tag\", value: PhantomData };",
                  "    let result = visitor.visit_newtype_struct(deserializer);",
                  "    assert_eq!(result.unwrap_err().expected(), &Unexpected::NewtypeStruct);",
                  "}"
                ]
              ],
              "can_compile": [
                {
                  "Err": "   Compiling proc-macro2 v1.0.95\n   Compiling syn v1.0.109\n   Compiling serde_derive v1.0.219 (/home/utgen/workspace/serde/serde_derive)\n   Compiling serde v1.0.219 (/home/utgen/workspace/serde/serde)\n   Compiling quote v1.0.40\n   Compiling syn v2.0.100\n   Compiling ntest_test_cases v0.9.3\n   Compiling ntest_timeout v0.9.3\n   Compiling ntest v0.9.3\nerror: unused import: `ntest::timeout`\n    --> serde/src/private/de.rs:2362:8\n     |\n2362 |    use ntest::timeout;\n     |        ^^^^^^^^^^^^^^\n     |\nnote: the lint level is defined here\n    --> serde/src/lib.rs:159:23\n     |\n159  | #![deny(missing_docs, unused_imports)]\n     |                       ^^^^^^^^^^^^^^\n\nerror[E0277]: the trait bound `llmtests::test_visit_newtype_struct_24::Deserializer: de::Deserializer<'_>` is not satisfied\n    --> serde/src/private/de.rs:2369:42\n     |\n2369 |     let _ = visitor.visit_newtype_struct(deserializer);\n     |                     -------------------- ^^^^^^^^^^^^ the trait `de::Deserializer<'_>` is not implemented for `llmtests::test_visit_newtype_struct_24::Deserializer`\n     |                     |\n     |                     required by a bound introduced by this call\n     |\n     = help: the following other types implement trait `de::Deserializer<'de>`:\n               BoolDeserializer<E>\n               BorrowedBytesDeserializer<'de, E>\n               BytesDeserializer<'a, E>\n               CharDeserializer<E>\n               ContentDeserializer<'de, E>\n               ContentRefDeserializer<'a, 'de, E>\n               CowStrDeserializer<'a, E>\n               EnumAccessDeserializer<A>\n             and 26 others\nnote: required by a bound in `de::Visitor::visit_newtype_struct`\n    --> serde/src/de/mod.rs:1640:12\n     |\n1638 |     fn visit_newtype_struct<D>(self, deserializer: D) -> Result<Self::Value, D::Error>\n     |        -------------------- required by a bound in this associated function\n1639 |     where\n1640 |         D: Deserializer<'de>,\n     |            ^^^^^^^^^^^^^^^^^ required by this bound in `Visitor::visit_newtype_struct`\n\nerror[E0277]: the trait bound `llmtests::test_visit_newtype_struct_24::Deserializer: de::Deserializer<'_>` is not satisfied\n    --> serde/src/private/de.rs:2372:47\n     |\n2372 |     let result = visitor.visit_newtype_struct(deserializer);\n     |                          -------------------- ^^^^^^^^^^^^ the trait `de::Deserializer<'_>` is not implemented for `llmtests::test_visit_newtype_struct_24::Deserializer`\n     |                          |\n     |                          required by a bound introduced by this call\n     |\n     = help: the following other types implement trait `de::Deserializer<'de>`:\n               BoolDeserializer<E>\n               BorrowedBytesDeserializer<'de, E>\n               BytesDeserializer<'a, E>\n               CharDeserializer<E>\n               ContentDeserializer<'de, E>\n               ContentRefDeserializer<'a, 'de, E>\n               CowStrDeserializer<'a, E>\n               EnumAccessDeserializer<A>\n             and 26 others\nnote: required by a bound in `de::Visitor::visit_newtype_struct`\n    --> serde/src/de/mod.rs:1640:12\n     |\n1638 |     fn visit_newtype_struct<D>(self, deserializer: D) -> Result<Self::Value, D::Error>\n     |        -------------------- required by a bound in this associated function\n1639 |     where\n1640 |         D: Deserializer<'de>,\n     |            ^^^^^^^^^^^^^^^^^ required by this bound in `Visitor::visit_newtype_struct`\n\nFor more information about this error, try `rustc --explain E0277`.\nerror: could not compile `serde` (lib test) due to 3 previous errors\n"
                },
                {
                  "Err": "   Compiling proc-macro2 v1.0.95\n   Compiling syn v1.0.109\n   Compiling serde_derive v1.0.219 (/home/utgen/workspace/serde/serde_derive)\n   Compiling serde v1.0.219 (/home/utgen/workspace/serde/serde)\n   Compiling quote v1.0.40\n   Compiling syn v2.0.100\n   Compiling ntest_timeout v0.9.3\n   Compiling ntest_test_cases v0.9.3\n   Compiling ntest v0.9.3\nerror[E0433]: failed to resolve: use of undeclared type `ErrorKind`\n    --> serde/src/private/de.rs:2373:44\n     |\n2373 |     assert_eq!(result.unwrap_err().kind(), ErrorKind::InvalidType);\n     |                                            ^^^^^^^^^ use of undeclared type `ErrorKind`\n     |\nhelp: consider importing this enum\n     |\n2361 +    use std::io::ErrorKind;\n     |\n\nerror: unused import: `ntest::timeout`\n    --> serde/src/private/de.rs:2362:8\n     |\n2362 |    use ntest::timeout;\n     |        ^^^^^^^^^^^^^^\n     |\nnote: the lint level is defined here\n    --> serde/src/lib.rs:159:23\n     |\n159  | #![deny(missing_docs, unused_imports)]\n     |                       ^^^^^^^^^^^^^^\n\nerror[E0277]: the trait bound `llmtests::test_visit_newtype_struct_25::Deserializer: de::Deserializer<'_>` is not satisfied\n    --> serde/src/private/de.rs:2369:42\n     |\n2369 |     let _ = visitor.visit_newtype_struct(deserializer);\n     |                     -------------------- ^^^^^^^^^^^^ the trait `de::Deserializer<'_>` is not implemented for `llmtests::test_visit_newtype_struct_25::Deserializer`\n     |                     |\n     |                     required by a bound introduced by this call\n     |\n     = help: the following other types implement trait `de::Deserializer<'de>`:\n               BoolDeserializer<E>\n               BorrowedBytesDeserializer<'de, E>\n               BytesDeserializer<'a, E>\n               CharDeserializer<E>\n               ContentDeserializer<'de, E>\n               ContentRefDeserializer<'a, 'de, E>\n               CowStrDeserializer<'a, E>\n               EnumAccessDeserializer<A>\n             and 26 others\nnote: required by a bound in `de::Visitor::visit_newtype_struct`\n    --> serde/src/de/mod.rs:1640:12\n     |\n1638 |     fn visit_newtype_struct<D>(self, deserializer: D) -> Result<Self::Value, D::Error>\n     |        -------------------- required by a bound in this associated function\n1639 |     where\n1640 |         D: Deserializer<'de>,\n     |            ^^^^^^^^^^^^^^^^^ required by this bound in `Visitor::visit_newtype_struct`\n\nerror[E0277]: the trait bound `llmtests::test_visit_newtype_struct_25::Deserializer: de::Deserializer<'_>` is not satisfied\n    --> serde/src/private/de.rs:2372:47\n     |\n2372 |     let result = visitor.visit_newtype_struct(deserializer);\n     |                          -------------------- ^^^^^^^^^^^^ the trait `de::Deserializer<'_>` is not implemented for `llmtests::test_visit_newtype_struct_25::Deserializer`\n     |                          |\n     |                          required by a bound introduced by this call\n     |\n     = help: the following other types implement trait `de::Deserializer<'de>`:\n               BoolDeserializer<E>\n               BorrowedBytesDeserializer<'de, E>\n               BytesDeserializer<'a, E>\n               CharDeserializer<E>\n               ContentDeserializer<'de, E>\n               ContentRefDeserializer<'a, 'de, E>\n               CowStrDeserializer<'a, E>\n               EnumAccessDeserializer<A>\n             and 26 others\nnote: required by a bound in `de::Visitor::visit_newtype_struct`\n    --> serde/src/de/mod.rs:1640:12\n     |\n1638 |     fn visit_newtype_struct<D>(self, deserializer: D) -> Result<Self::Value, D::Error>\n     |        -------------------- required by a bound in this associated function\n1639 |     where\n1640 |         D: Deserializer<'de>,\n     |            ^^^^^^^^^^^^^^^^^ required by this bound in `Visitor::visit_newtype_struct`\n\nerror[E0277]: `TagOrContent<'_>` doesn't implement `std::fmt::Debug`\n    --> serde/src/private/de.rs:2373:23\n     |\n2373 |     assert_eq!(result.unwrap_err().kind(), ErrorKind::InvalidType);\n     |                       ^^^^^^^^^^ `TagOrContent<'_>` cannot be formatted using `{:?}`\n     |\n     = help: the trait `std::fmt::Debug` is not implemented for `TagOrContent<'_>`\n     = note: add `#[derive(Debug)]` to `TagOrContent<'_>` or manually `impl std::fmt::Debug for TagOrContent<'_>`\nnote: required by a bound in `Result::<T, E>::unwrap_err`\n    --> /rustc/5069856495870486134dd2ca0b0e2516308c5c2a/library/core/src/result.rs:1191:5\nhelp: consider annotating `TagOrContent<'_>` with `#[derive(Debug)]`\n     |\n541  +     #[derive(Debug)]\n542  |     pub enum TagOrContent<'de> {\n     |\n\nSome errors have detailed explanations: E0277, E0433.\nFor more information about an error, try `rustc --explain E0277`.\nerror: could not compile `serde` (lib test) due to 5 previous errors\n"
                },
                {
                  "Err": "   Compiling proc-macro2 v1.0.95\n   Compiling syn v1.0.109\n   Compiling serde_derive v1.0.219 (/home/utgen/workspace/serde/serde_derive)\n   Compiling serde v1.0.219 (/home/utgen/workspace/serde/serde)\n   Compiling quote v1.0.40\n   Compiling syn v2.0.100\n   Compiling ntest_test_cases v0.9.3\n   Compiling ntest_timeout v0.9.3\n   Compiling ntest v0.9.3\nerror: unused import: `ntest::timeout`\n    --> serde/src/private/de.rs:2362:8\n     |\n2362 |    use ntest::timeout;\n     |        ^^^^^^^^^^^^^^\n     |\nnote: the lint level is defined here\n    --> serde/src/lib.rs:159:23\n     |\n159  | #![deny(missing_docs, unused_imports)]\n     |                       ^^^^^^^^^^^^^^\n\nerror[E0277]: the trait bound `llmtests::test_visit_newtype_struct_26::Deserializer: de::Deserializer<'_>` is not satisfied\n    --> serde/src/private/de.rs:2369:42\n     |\n2369 |     let _ = visitor.visit_newtype_struct(deserializer);\n     |                     -------------------- ^^^^^^^^^^^^ the trait `de::Deserializer<'_>` is not implemented for `llmtests::test_visit_newtype_struct_26::Deserializer`\n     |                     |\n     |                     required by a bound introduced by this call\n     |\n     = help: the following other types implement trait `de::Deserializer<'de>`:\n               BoolDeserializer<E>\n               BorrowedBytesDeserializer<'de, E>\n               BytesDeserializer<'a, E>\n               CharDeserializer<E>\n               ContentDeserializer<'de, E>\n               ContentRefDeserializer<'a, 'de, E>\n               CowStrDeserializer<'a, E>\n               EnumAccessDeserializer<A>\n             and 26 others\nnote: required by a bound in `de::Visitor::visit_newtype_struct`\n    --> serde/src/de/mod.rs:1640:12\n     |\n1638 |     fn visit_newtype_struct<D>(self, deserializer: D) -> Result<Self::Value, D::Error>\n     |        -------------------- required by a bound in this associated function\n1639 |     where\n1640 |         D: Deserializer<'de>,\n     |            ^^^^^^^^^^^^^^^^^ required by this bound in `Visitor::visit_newtype_struct`\n\nerror[E0277]: the trait bound `llmtests::test_visit_newtype_struct_26::Deserializer: de::Deserializer<'_>` is not satisfied\n    --> serde/src/private/de.rs:2372:47\n     |\n2372 |     let result = visitor.visit_newtype_struct(deserializer);\n     |                          -------------------- ^^^^^^^^^^^^ the trait `de::Deserializer<'_>` is not implemented for `llmtests::test_visit_newtype_struct_26::Deserializer`\n     |                          |\n     |                          required by a bound introduced by this call\n     |\n     = help: the following other types implement trait `de::Deserializer<'de>`:\n               BoolDeserializer<E>\n               BorrowedBytesDeserializer<'de, E>\n               BytesDeserializer<'a, E>\n               CharDeserializer<E>\n               ContentDeserializer<'de, E>\n               ContentRefDeserializer<'a, 'de, E>\n               CowStrDeserializer<'a, E>\n               EnumAccessDeserializer<A>\n             and 26 others\nnote: required by a bound in `de::Visitor::visit_newtype_struct`\n    --> serde/src/de/mod.rs:1640:12\n     |\n1638 |     fn visit_newtype_struct<D>(self, deserializer: D) -> Result<Self::Value, D::Error>\n     |        -------------------- required by a bound in this associated function\n1639 |     where\n1640 |         D: Deserializer<'de>,\n     |            ^^^^^^^^^^^^^^^^^ required by this bound in `Visitor::visit_newtype_struct`\n\nerror[E0277]: `TagOrContent<'_>` doesn't implement `std::fmt::Debug`\n    --> serde/src/private/de.rs:2373:23\n     |\n2373 |     assert_eq!(result.unwrap_err().expected(), &Unexpected::NewtypeStruct);\n     |                       ^^^^^^^^^^ `TagOrContent<'_>` cannot be formatted using `{:?}`\n     |\n     = help: the trait `std::fmt::Debug` is not implemented for `TagOrContent<'_>`\n     = note: add `#[derive(Debug)]` to `TagOrContent<'_>` or manually `impl std::fmt::Debug for TagOrContent<'_>`\nnote: required by a bound in `Result::<T, E>::unwrap_err`\n    --> /rustc/5069856495870486134dd2ca0b0e2516308c5c2a/library/core/src/result.rs:1191:5\nhelp: consider annotating `TagOrContent<'_>` with `#[derive(Debug)]`\n     |\n541  +     #[derive(Debug)]\n542  |     pub enum TagOrContent<'de> {\n     |\n\nFor more information about this error, try `rustc --explain E0277`.\nerror: could not compile `serde` (lib test) due to 4 previous errors\n"
                }
              ],
              "repaired": [
                false,
                false,
                false
              ]
            },
            {
              "attrs": [],
              "prefix": [
                "{",
                "    struct Deserializer;",
                "    let deserializer = Deserializer; // Assuming appropriate implementation",
                "    let visitor = TagOrContentVisitor { name: \"tag\", value: PhantomData };",
                "    let _ = visitor.visit_newtype_struct(deserializer);",
                "}"
              ],
              "oracles": [
                [
                  "    let deserializer = Deserializer;",
                  "    let visitor = TagOrContentVisitor { name: \"tag\", value: PhantomData };",
                  "    let result = visitor.visit_newtype_struct(deserializer);",
                  "    assert!(result.is_ok());"
                ],
                [
                  "    let deserializer = Deserializer;",
                  "    let visitor = TagOrContentVisitor { name: \"tag\", value: PhantomData };",
                  "    let result = visitor.visit_newtype_struct(deserializer);",
                  "    assert!(matches!(result.unwrap(), TagOrContent::Content(_)));"
                ]
              ],
              "codes": [
                [
                  "{",
                  "    struct Deserializer;",
                  "    let deserializer = Deserializer; // Assuming appropriate implementation",
                  "    let visitor = TagOrContentVisitor { name: \"tag\", value: PhantomData };",
                  "    let _ = visitor.visit_newtype_struct(deserializer);",
                  "    let deserializer = Deserializer;",
                  "    let visitor = TagOrContentVisitor { name: \"tag\", value: PhantomData };",
                  "    let result = visitor.visit_newtype_struct(deserializer);",
                  "    assert!(result.is_ok());",
                  "}"
                ],
                [
                  "{",
                  "    struct Deserializer;",
                  "    let deserializer = Deserializer; // Assuming appropriate implementation",
                  "    let visitor = TagOrContentVisitor { name: \"tag\", value: PhantomData };",
                  "    let _ = visitor.visit_newtype_struct(deserializer);",
                  "    let deserializer = Deserializer;",
                  "    let visitor = TagOrContentVisitor { name: \"tag\", value: PhantomData };",
                  "    let result = visitor.visit_newtype_struct(deserializer);",
                  "    assert!(matches!(result.unwrap(), TagOrContent::Content(_)));",
                  "}"
                ]
              ],
              "can_compile": [
                {
                  "Err": "   Compiling proc-macro2 v1.0.95\n   Compiling syn v1.0.109\n   Compiling serde_derive v1.0.219 (/home/utgen/workspace/serde/serde_derive)\n   Compiling serde v1.0.219 (/home/utgen/workspace/serde/serde)\n   Compiling quote v1.0.40\n   Compiling syn v2.0.100\n   Compiling ntest_timeout v0.9.3\n   Compiling ntest_test_cases v0.9.3\n   Compiling ntest v0.9.3\nerror: unused import: `ntest::timeout`\n    --> serde/src/private/de.rs:2362:8\n     |\n2362 |    use ntest::timeout;\n     |        ^^^^^^^^^^^^^^\n     |\nnote: the lint level is defined here\n    --> serde/src/lib.rs:159:23\n     |\n159  | #![deny(missing_docs, unused_imports)]\n     |                       ^^^^^^^^^^^^^^\n\nerror[E0277]: the trait bound `llmtests::test_visit_newtype_struct_27::Deserializer: de::Deserializer<'_>` is not satisfied\n    --> serde/src/private/de.rs:2369:42\n     |\n2369 |     let _ = visitor.visit_newtype_struct(deserializer);\n     |                     -------------------- ^^^^^^^^^^^^ the trait `de::Deserializer<'_>` is not implemented for `llmtests::test_visit_newtype_struct_27::Deserializer`\n     |                     |\n     |                     required by a bound introduced by this call\n     |\n     = help: the following other types implement trait `de::Deserializer<'de>`:\n               BoolDeserializer<E>\n               BorrowedBytesDeserializer<'de, E>\n               BytesDeserializer<'a, E>\n               CharDeserializer<E>\n               ContentDeserializer<'de, E>\n               ContentRefDeserializer<'a, 'de, E>\n               CowStrDeserializer<'a, E>\n               EnumAccessDeserializer<A>\n             and 26 others\nnote: required by a bound in `de::Visitor::visit_newtype_struct`\n    --> serde/src/de/mod.rs:1640:12\n     |\n1638 |     fn visit_newtype_struct<D>(self, deserializer: D) -> Result<Self::Value, D::Error>\n     |        -------------------- required by a bound in this associated function\n1639 |     where\n1640 |         D: Deserializer<'de>,\n     |            ^^^^^^^^^^^^^^^^^ required by this bound in `Visitor::visit_newtype_struct`\n\nerror[E0277]: the trait bound `llmtests::test_visit_newtype_struct_27::Deserializer: de::Deserializer<'_>` is not satisfied\n    --> serde/src/private/de.rs:2372:47\n     |\n2372 |     let result = visitor.visit_newtype_struct(deserializer);\n     |                          -------------------- ^^^^^^^^^^^^ the trait `de::Deserializer<'_>` is not implemented for `llmtests::test_visit_newtype_struct_27::Deserializer`\n     |                          |\n     |                          required by a bound introduced by this call\n     |\n     = help: the following other types implement trait `de::Deserializer<'de>`:\n               BoolDeserializer<E>\n               BorrowedBytesDeserializer<'de, E>\n               BytesDeserializer<'a, E>\n               CharDeserializer<E>\n               ContentDeserializer<'de, E>\n               ContentRefDeserializer<'a, 'de, E>\n               CowStrDeserializer<'a, E>\n               EnumAccessDeserializer<A>\n             and 26 others\nnote: required by a bound in `de::Visitor::visit_newtype_struct`\n    --> serde/src/de/mod.rs:1640:12\n     |\n1638 |     fn visit_newtype_struct<D>(self, deserializer: D) -> Result<Self::Value, D::Error>\n     |        -------------------- required by a bound in this associated function\n1639 |     where\n1640 |         D: Deserializer<'de>,\n     |            ^^^^^^^^^^^^^^^^^ required by this bound in `Visitor::visit_newtype_struct`\n\nFor more information about this error, try `rustc --explain E0277`.\nerror: could not compile `serde` (lib test) due to 3 previous errors\n"
                },
                {
                  "Err": "   Compiling proc-macro2 v1.0.95\n   Compiling syn v1.0.109\n   Compiling serde_derive v1.0.219 (/home/utgen/workspace/serde/serde_derive)\n   Compiling serde v1.0.219 (/home/utgen/workspace/serde/serde)\n   Compiling quote v1.0.40\n   Compiling syn v2.0.100\n   Compiling ntest_timeout v0.9.3\n   Compiling ntest_test_cases v0.9.3\n   Compiling ntest v0.9.3\nerror: unused import: `ntest::timeout`\n    --> serde/src/private/de.rs:2362:8\n     |\n2362 |    use ntest::timeout;\n     |        ^^^^^^^^^^^^^^\n     |\nnote: the lint level is defined here\n    --> serde/src/lib.rs:159:23\n     |\n159  | #![deny(missing_docs, unused_imports)]\n     |                       ^^^^^^^^^^^^^^\n\nerror[E0277]: the trait bound `llmtests::test_visit_newtype_struct_28::Deserializer: de::Deserializer<'_>` is not satisfied\n    --> serde/src/private/de.rs:2369:42\n     |\n2369 |     let _ = visitor.visit_newtype_struct(deserializer);\n     |                     -------------------- ^^^^^^^^^^^^ the trait `de::Deserializer<'_>` is not implemented for `llmtests::test_visit_newtype_struct_28::Deserializer`\n     |                     |\n     |                     required by a bound introduced by this call\n     |\n     = help: the following other types implement trait `de::Deserializer<'de>`:\n               BoolDeserializer<E>\n               BorrowedBytesDeserializer<'de, E>\n               BytesDeserializer<'a, E>\n               CharDeserializer<E>\n               ContentDeserializer<'de, E>\n               ContentRefDeserializer<'a, 'de, E>\n               CowStrDeserializer<'a, E>\n               EnumAccessDeserializer<A>\n             and 26 others\nnote: required by a bound in `de::Visitor::visit_newtype_struct`\n    --> serde/src/de/mod.rs:1640:12\n     |\n1638 |     fn visit_newtype_struct<D>(self, deserializer: D) -> Result<Self::Value, D::Error>\n     |        -------------------- required by a bound in this associated function\n1639 |     where\n1640 |         D: Deserializer<'de>,\n     |            ^^^^^^^^^^^^^^^^^ required by this bound in `Visitor::visit_newtype_struct`\n\nerror[E0277]: the trait bound `llmtests::test_visit_newtype_struct_28::Deserializer: de::Deserializer<'_>` is not satisfied\n    --> serde/src/private/de.rs:2372:47\n     |\n2372 |     let result = visitor.visit_newtype_struct(deserializer);\n     |                          -------------------- ^^^^^^^^^^^^ the trait `de::Deserializer<'_>` is not implemented for `llmtests::test_visit_newtype_struct_28::Deserializer`\n     |                          |\n     |                          required by a bound introduced by this call\n     |\n     = help: the following other types implement trait `de::Deserializer<'de>`:\n               BoolDeserializer<E>\n               BorrowedBytesDeserializer<'de, E>\n               BytesDeserializer<'a, E>\n               CharDeserializer<E>\n               ContentDeserializer<'de, E>\n               ContentRefDeserializer<'a, 'de, E>\n               CowStrDeserializer<'a, E>\n               EnumAccessDeserializer<A>\n             and 26 others\nnote: required by a bound in `de::Visitor::visit_newtype_struct`\n    --> serde/src/de/mod.rs:1640:12\n     |\n1638 |     fn visit_newtype_struct<D>(self, deserializer: D) -> Result<Self::Value, D::Error>\n     |        -------------------- required by a bound in this associated function\n1639 |     where\n1640 |         D: Deserializer<'de>,\n     |            ^^^^^^^^^^^^^^^^^ required by this bound in `Visitor::visit_newtype_struct`\n\nFor more information about this error, try `rustc --explain E0277`.\nerror: could not compile `serde` (lib test) due to 3 previous errors\n"
                }
              ],
              "repaired": [
                false,
                false
              ]
            },
            {
              "attrs": [],
              "prefix": [
                "{",
                "    struct Deserializer;",
                "    let deserializer = Deserializer; // Assuming appropriate implementation",
                "    let visitor = TagOrContentVisitor { name: \"tag\", value: PhantomData };",
                "    let _ = visitor.visit_newtype_struct(deserializer);",
                "}"
              ],
              "oracles": [
                [
                  "    let visitor = TagOrContentVisitor { name: \"tag\", value: PhantomData };",
                  "    let result = visitor.visit_newtype_struct(deserializer);",
                  "    assert!(result.is_err());"
                ],
                [
                  "    let visitor = TagOrContentVisitor { name: \"tag\", value: PhantomData };",
                  "    let result = visitor.visit_newtype_struct(deserializer);",
                  "    assert_eq!(result.unwrap_err().expected, Unexpected::NewtypeStruct);"
                ]
              ],
              "codes": [
                [
                  "{",
                  "    struct Deserializer;",
                  "    let deserializer = Deserializer; // Assuming appropriate implementation",
                  "    let visitor = TagOrContentVisitor { name: \"tag\", value: PhantomData };",
                  "    let _ = visitor.visit_newtype_struct(deserializer);",
                  "    let visitor = TagOrContentVisitor { name: \"tag\", value: PhantomData };",
                  "    let result = visitor.visit_newtype_struct(deserializer);",
                  "    assert!(result.is_err());",
                  "}"
                ],
                [
                  "{",
                  "    struct Deserializer;",
                  "    let deserializer = Deserializer; // Assuming appropriate implementation",
                  "    let visitor = TagOrContentVisitor { name: \"tag\", value: PhantomData };",
                  "    let _ = visitor.visit_newtype_struct(deserializer);",
                  "    let visitor = TagOrContentVisitor { name: \"tag\", value: PhantomData };",
                  "    let result = visitor.visit_newtype_struct(deserializer);",
                  "    assert_eq!(result.unwrap_err().expected, Unexpected::NewtypeStruct);",
                  "}"
                ]
              ],
              "can_compile": [
                {
                  "Err": "   Compiling proc-macro2 v1.0.95\n   Compiling syn v1.0.109\n   Compiling serde_derive v1.0.219 (/home/utgen/workspace/serde/serde_derive)\n   Compiling serde v1.0.219 (/home/utgen/workspace/serde/serde)\n   Compiling quote v1.0.40\n   Compiling syn v2.0.100\n   Compiling ntest_test_cases v0.9.3\n   Compiling ntest_timeout v0.9.3\n   Compiling ntest v0.9.3\nerror: unused import: `ntest::timeout`\n    --> serde/src/private/de.rs:2362:8\n     |\n2362 |    use ntest::timeout;\n     |        ^^^^^^^^^^^^^^\n     |\nnote: the lint level is defined here\n    --> serde/src/lib.rs:159:23\n     |\n159  | #![deny(missing_docs, unused_imports)]\n     |                       ^^^^^^^^^^^^^^\n\nerror[E0277]: the trait bound `llmtests::test_visit_newtype_struct_29::Deserializer: de::Deserializer<'_>` is not satisfied\n    --> serde/src/private/de.rs:2369:42\n     |\n2369 |     let _ = visitor.visit_newtype_struct(deserializer);\n     |                     -------------------- ^^^^^^^^^^^^ the trait `de::Deserializer<'_>` is not implemented for `llmtests::test_visit_newtype_struct_29::Deserializer`\n     |                     |\n     |                     required by a bound introduced by this call\n     |\n     = help: the following other types implement trait `de::Deserializer<'de>`:\n               BoolDeserializer<E>\n               BorrowedBytesDeserializer<'de, E>\n               BytesDeserializer<'a, E>\n               CharDeserializer<E>\n               ContentDeserializer<'de, E>\n               ContentRefDeserializer<'a, 'de, E>\n               CowStrDeserializer<'a, E>\n               EnumAccessDeserializer<A>\n             and 26 others\nnote: required by a bound in `de::Visitor::visit_newtype_struct`\n    --> serde/src/de/mod.rs:1640:12\n     |\n1638 |     fn visit_newtype_struct<D>(self, deserializer: D) -> Result<Self::Value, D::Error>\n     |        -------------------- required by a bound in this associated function\n1639 |     where\n1640 |         D: Deserializer<'de>,\n     |            ^^^^^^^^^^^^^^^^^ required by this bound in `Visitor::visit_newtype_struct`\n\nerror[E0277]: the trait bound `llmtests::test_visit_newtype_struct_29::Deserializer: de::Deserializer<'_>` is not satisfied\n    --> serde/src/private/de.rs:2371:47\n     |\n2371 |     let result = visitor.visit_newtype_struct(deserializer);\n     |                          -------------------- ^^^^^^^^^^^^ the trait `de::Deserializer<'_>` is not implemented for `llmtests::test_visit_newtype_struct_29::Deserializer`\n     |                          |\n     |                          required by a bound introduced by this call\n     |\n     = help: the following other types implement trait `de::Deserializer<'de>`:\n               BoolDeserializer<E>\n               BorrowedBytesDeserializer<'de, E>\n               BytesDeserializer<'a, E>\n               CharDeserializer<E>\n               ContentDeserializer<'de, E>\n               ContentRefDeserializer<'a, 'de, E>\n               CowStrDeserializer<'a, E>\n               EnumAccessDeserializer<A>\n             and 26 others\nnote: required by a bound in `de::Visitor::visit_newtype_struct`\n    --> serde/src/de/mod.rs:1640:12\n     |\n1638 |     fn visit_newtype_struct<D>(self, deserializer: D) -> Result<Self::Value, D::Error>\n     |        -------------------- required by a bound in this associated function\n1639 |     where\n1640 |         D: Deserializer<'de>,\n     |            ^^^^^^^^^^^^^^^^^ required by this bound in `Visitor::visit_newtype_struct`\n\nFor more information about this error, try `rustc --explain E0277`.\nerror: could not compile `serde` (lib test) due to 3 previous errors\n"
                },
                {
                  "Err": "   Compiling proc-macro2 v1.0.95\n   Compiling syn v1.0.109\n   Compiling serde_derive v1.0.219 (/home/utgen/workspace/serde/serde_derive)\n   Compiling serde v1.0.219 (/home/utgen/workspace/serde/serde)\n   Compiling quote v1.0.40\n   Compiling syn v2.0.100\n   Compiling ntest_test_cases v0.9.3\n   Compiling ntest_timeout v0.9.3\n   Compiling ntest v0.9.3\nerror: unused import: `ntest::timeout`\n    --> serde/src/private/de.rs:2362:8\n     |\n2362 |    use ntest::timeout;\n     |        ^^^^^^^^^^^^^^\n     |\nnote: the lint level is defined here\n    --> serde/src/lib.rs:159:23\n     |\n159  | #![deny(missing_docs, unused_imports)]\n     |                       ^^^^^^^^^^^^^^\n\nerror[E0277]: the trait bound `llmtests::test_visit_newtype_struct_30::Deserializer: de::Deserializer<'_>` is not satisfied\n    --> serde/src/private/de.rs:2369:42\n     |\n2369 |     let _ = visitor.visit_newtype_struct(deserializer);\n     |                     -------------------- ^^^^^^^^^^^^ the trait `de::Deserializer<'_>` is not implemented for `llmtests::test_visit_newtype_struct_30::Deserializer`\n     |                     |\n     |                     required by a bound introduced by this call\n     |\n     = help: the following other types implement trait `de::Deserializer<'de>`:\n               BoolDeserializer<E>\n               BorrowedBytesDeserializer<'de, E>\n               BytesDeserializer<'a, E>\n               CharDeserializer<E>\n               ContentDeserializer<'de, E>\n               ContentRefDeserializer<'a, 'de, E>\n               CowStrDeserializer<'a, E>\n               EnumAccessDeserializer<A>\n             and 26 others\nnote: required by a bound in `de::Visitor::visit_newtype_struct`\n    --> serde/src/de/mod.rs:1640:12\n     |\n1638 |     fn visit_newtype_struct<D>(self, deserializer: D) -> Result<Self::Value, D::Error>\n     |        -------------------- required by a bound in this associated function\n1639 |     where\n1640 |         D: Deserializer<'de>,\n     |            ^^^^^^^^^^^^^^^^^ required by this bound in `Visitor::visit_newtype_struct`\n\nerror[E0277]: the trait bound `llmtests::test_visit_newtype_struct_30::Deserializer: de::Deserializer<'_>` is not satisfied\n    --> serde/src/private/de.rs:2371:47\n     |\n2371 |     let result = visitor.visit_newtype_struct(deserializer);\n     |                          -------------------- ^^^^^^^^^^^^ the trait `de::Deserializer<'_>` is not implemented for `llmtests::test_visit_newtype_struct_30::Deserializer`\n     |                          |\n     |                          required by a bound introduced by this call\n     |\n     = help: the following other types implement trait `de::Deserializer<'de>`:\n               BoolDeserializer<E>\n               BorrowedBytesDeserializer<'de, E>\n               BytesDeserializer<'a, E>\n               CharDeserializer<E>\n               ContentDeserializer<'de, E>\n               ContentRefDeserializer<'a, 'de, E>\n               CowStrDeserializer<'a, E>\n               EnumAccessDeserializer<A>\n             and 26 others\nnote: required by a bound in `de::Visitor::visit_newtype_struct`\n    --> serde/src/de/mod.rs:1640:12\n     |\n1638 |     fn visit_newtype_struct<D>(self, deserializer: D) -> Result<Self::Value, D::Error>\n     |        -------------------- required by a bound in this associated function\n1639 |     where\n1640 |         D: Deserializer<'de>,\n     |            ^^^^^^^^^^^^^^^^^ required by this bound in `Visitor::visit_newtype_struct`\n\nerror[E0277]: `TagOrContent<'_>` doesn't implement `std::fmt::Debug`\n    --> serde/src/private/de.rs:2372:23\n     |\n2372 |     assert_eq!(result.unwrap_err().expected, Unexpected::NewtypeStruct);\n     |                       ^^^^^^^^^^ `TagOrContent<'_>` cannot be formatted using `{:?}`\n     |\n     = help: the trait `std::fmt::Debug` is not implemented for `TagOrContent<'_>`\n     = note: add `#[derive(Debug)]` to `TagOrContent<'_>` or manually `impl std::fmt::Debug for TagOrContent<'_>`\nnote: required by a bound in `Result::<T, E>::unwrap_err`\n    --> /rustc/5069856495870486134dd2ca0b0e2516308c5c2a/library/core/src/result.rs:1191:5\nhelp: consider annotating `TagOrContent<'_>` with `#[derive(Debug)]`\n     |\n541  +     #[derive(Debug)]\n542  |     pub enum TagOrContent<'de> {\n     |\n\nFor more information about this error, try `rustc --explain E0277`.\nerror: could not compile `serde` (lib test) due to 4 previous errors\n"
                }
              ],
              "repaired": [
                false,
                false
              ]
            },
            {
              "attrs": [],
              "prefix": [
                "{",
                "    struct Deserializer;",
                "    let deserializer = Deserializer; // Assuming appropriate implementation",
                "    let visitor = TagOrContentVisitor { name: \"tag\", value: PhantomData };",
                "    let _ = visitor.visit_newtype_struct(deserializer);",
                "}"
              ],
              "oracles": [
                [
                  "    let deserializer_result = visitor.visit_newtype_struct(deserializer);",
                  "    assert!(deserializer_result.is_err());"
                ]
              ],
              "codes": [
                [
                  "{",
                  "    struct Deserializer;",
                  "    let deserializer = Deserializer; // Assuming appropriate implementation",
                  "    let visitor = TagOrContentVisitor { name: \"tag\", value: PhantomData };",
                  "    let _ = visitor.visit_newtype_struct(deserializer);",
                  "    let deserializer_result = visitor.visit_newtype_struct(deserializer);",
                  "    assert!(deserializer_result.is_err());",
                  "}"
                ]
              ],
              "can_compile": [
                {
                  "Err": "   Compiling proc-macro2 v1.0.95\n   Compiling syn v1.0.109\n   Compiling serde_derive v1.0.219 (/home/utgen/workspace/serde/serde_derive)\n   Compiling serde v1.0.219 (/home/utgen/workspace/serde/serde)\n   Compiling quote v1.0.40\n   Compiling syn v2.0.100\n   Compiling ntest_timeout v0.9.3\n   Compiling ntest_test_cases v0.9.3\n   Compiling ntest v0.9.3\nerror: unused import: `ntest::timeout`\n    --> serde/src/private/de.rs:2362:8\n     |\n2362 |    use ntest::timeout;\n     |        ^^^^^^^^^^^^^^\n     |\nnote: the lint level is defined here\n    --> serde/src/lib.rs:159:23\n     |\n159  | #![deny(missing_docs, unused_imports)]\n     |                       ^^^^^^^^^^^^^^\n\nerror[E0277]: the trait bound `llmtests::test_visit_newtype_struct_31::Deserializer: de::Deserializer<'_>` is not satisfied\n    --> serde/src/private/de.rs:2369:42\n     |\n2369 |     let _ = visitor.visit_newtype_struct(deserializer);\n     |                     -------------------- ^^^^^^^^^^^^ the trait `de::Deserializer<'_>` is not implemented for `llmtests::test_visit_newtype_struct_31::Deserializer`\n     |                     |\n     |                     required by a bound introduced by this call\n     |\n     = help: the following other types implement trait `de::Deserializer<'de>`:\n               BoolDeserializer<E>\n               BorrowedBytesDeserializer<'de, E>\n               BytesDeserializer<'a, E>\n               CharDeserializer<E>\n               ContentDeserializer<'de, E>\n               ContentRefDeserializer<'a, 'de, E>\n               CowStrDeserializer<'a, E>\n               EnumAccessDeserializer<A>\n             and 26 others\nnote: required by a bound in `de::Visitor::visit_newtype_struct`\n    --> serde/src/de/mod.rs:1640:12\n     |\n1638 |     fn visit_newtype_struct<D>(self, deserializer: D) -> Result<Self::Value, D::Error>\n     |        -------------------- required by a bound in this associated function\n1639 |     where\n1640 |         D: Deserializer<'de>,\n     |            ^^^^^^^^^^^^^^^^^ required by this bound in `Visitor::visit_newtype_struct`\n\nerror[E0277]: the trait bound `llmtests::test_visit_newtype_struct_31::Deserializer: de::Deserializer<'_>` is not satisfied\n    --> serde/src/private/de.rs:2370:60\n     |\n2370 |     let deserializer_result = visitor.visit_newtype_struct(deserializer);\n     |                                       -------------------- ^^^^^^^^^^^^ the trait `de::Deserializer<'_>` is not implemented for `llmtests::test_visit_newtype_struct_31::Deserializer`\n     |                                       |\n     |                                       required by a bound introduced by this call\n     |\n     = help: the following other types implement trait `de::Deserializer<'de>`:\n               BoolDeserializer<E>\n               BorrowedBytesDeserializer<'de, E>\n               BytesDeserializer<'a, E>\n               CharDeserializer<E>\n               ContentDeserializer<'de, E>\n               ContentRefDeserializer<'a, 'de, E>\n               CowStrDeserializer<'a, E>\n               EnumAccessDeserializer<A>\n             and 26 others\nnote: required by a bound in `de::Visitor::visit_newtype_struct`\n    --> serde/src/de/mod.rs:1640:12\n     |\n1638 |     fn visit_newtype_struct<D>(self, deserializer: D) -> Result<Self::Value, D::Error>\n     |        -------------------- required by a bound in this associated function\n1639 |     where\n1640 |         D: Deserializer<'de>,\n     |            ^^^^^^^^^^^^^^^^^ required by this bound in `Visitor::visit_newtype_struct`\n\nFor more information about this error, try `rustc --explain E0277`.\nerror: could not compile `serde` (lib test) due to 3 previous errors\n"
                }
              ],
              "repaired": [
                false
              ]
            },
            {
              "attrs": [],
              "prefix": [
                "{",
                "    struct Deserializer;",
                "    let deserializer = Deserializer; // Assuming appropriate implementation",
                "    let visitor = TagOrContentVisitor { name: \"tag\", value: PhantomData };",
                "    let _ = visitor.visit_newtype_struct(deserializer);",
                "}"
              ],
              "oracles": [
                [
                  "    let deserializer = Deserializer;",
                  "    let visitor = TagOrContentVisitor { name: \"tag\", value: PhantomData };",
                  "    let result = visitor.visit_newtype_struct(deserializer);",
                  "    assert!(result.is_err());"
                ],
                [
                  "    let deserializer = Deserializer;",
                  "    let visitor = TagOrContentVisitor { name: \"tag\", value: PhantomData };",
                  "    let result = visitor.visit_newtype_struct(deserializer);",
                  "    assert_eq!(result.unwrap_err(), Error::invalid_type(Unexpected::NewtypeStruct, &visitor));"
                ]
              ],
              "codes": [
                [
                  "{",
                  "    struct Deserializer;",
                  "    let deserializer = Deserializer; // Assuming appropriate implementation",
                  "    let visitor = TagOrContentVisitor { name: \"tag\", value: PhantomData };",
                  "    let _ = visitor.visit_newtype_struct(deserializer);",
                  "    let deserializer = Deserializer;",
                  "    let visitor = TagOrContentVisitor { name: \"tag\", value: PhantomData };",
                  "    let result = visitor.visit_newtype_struct(deserializer);",
                  "    assert!(result.is_err());",
                  "}"
                ],
                [
                  "{",
                  "    struct Deserializer;",
                  "    let deserializer = Deserializer; // Assuming appropriate implementation",
                  "    let visitor = TagOrContentVisitor { name: \"tag\", value: PhantomData };",
                  "    let _ = visitor.visit_newtype_struct(deserializer);",
                  "    let deserializer = Deserializer;",
                  "    let visitor = TagOrContentVisitor { name: \"tag\", value: PhantomData };",
                  "    let result = visitor.visit_newtype_struct(deserializer);",
                  "    assert_eq!(result.unwrap_err(), Error::invalid_type(Unexpected::NewtypeStruct, &visitor));",
                  "}"
                ]
              ],
              "can_compile": [
                {
                  "Err": "   Compiling proc-macro2 v1.0.95\n   Compiling syn v1.0.109\n   Compiling serde_derive v1.0.219 (/home/utgen/workspace/serde/serde_derive)\n   Compiling serde v1.0.219 (/home/utgen/workspace/serde/serde)\n   Compiling quote v1.0.40\n   Compiling syn v2.0.100\n   Compiling ntest_timeout v0.9.3\n   Compiling ntest_test_cases v0.9.3\n   Compiling ntest v0.9.3\nerror: unused import: `ntest::timeout`\n    --> serde/src/private/de.rs:2362:8\n     |\n2362 |    use ntest::timeout;\n     |        ^^^^^^^^^^^^^^\n     |\nnote: the lint level is defined here\n    --> serde/src/lib.rs:159:23\n     |\n159  | #![deny(missing_docs, unused_imports)]\n     |                       ^^^^^^^^^^^^^^\n\nerror[E0277]: the trait bound `llmtests::test_visit_newtype_struct_32::Deserializer: de::Deserializer<'_>` is not satisfied\n    --> serde/src/private/de.rs:2369:42\n     |\n2369 |     let _ = visitor.visit_newtype_struct(deserializer);\n     |                     -------------------- ^^^^^^^^^^^^ the trait `de::Deserializer<'_>` is not implemented for `llmtests::test_visit_newtype_struct_32::Deserializer`\n     |                     |\n     |                     required by a bound introduced by this call\n     |\n     = help: the following other types implement trait `de::Deserializer<'de>`:\n               BoolDeserializer<E>\n               BorrowedBytesDeserializer<'de, E>\n               BytesDeserializer<'a, E>\n               CharDeserializer<E>\n               ContentDeserializer<'de, E>\n               ContentRefDeserializer<'a, 'de, E>\n               CowStrDeserializer<'a, E>\n               EnumAccessDeserializer<A>\n             and 26 others\nnote: required by a bound in `de::Visitor::visit_newtype_struct`\n    --> serde/src/de/mod.rs:1640:12\n     |\n1638 |     fn visit_newtype_struct<D>(self, deserializer: D) -> Result<Self::Value, D::Error>\n     |        -------------------- required by a bound in this associated function\n1639 |     where\n1640 |         D: Deserializer<'de>,\n     |            ^^^^^^^^^^^^^^^^^ required by this bound in `Visitor::visit_newtype_struct`\n\nerror[E0277]: the trait bound `llmtests::test_visit_newtype_struct_32::Deserializer: de::Deserializer<'_>` is not satisfied\n    --> serde/src/private/de.rs:2372:47\n     |\n2372 |     let result = visitor.visit_newtype_struct(deserializer);\n     |                          -------------------- ^^^^^^^^^^^^ the trait `de::Deserializer<'_>` is not implemented for `llmtests::test_visit_newtype_struct_32::Deserializer`\n     |                          |\n     |                          required by a bound introduced by this call\n     |\n     = help: the following other types implement trait `de::Deserializer<'de>`:\n               BoolDeserializer<E>\n               BorrowedBytesDeserializer<'de, E>\n               BytesDeserializer<'a, E>\n               CharDeserializer<E>\n               ContentDeserializer<'de, E>\n               ContentRefDeserializer<'a, 'de, E>\n               CowStrDeserializer<'a, E>\n               EnumAccessDeserializer<A>\n             and 26 others\nnote: required by a bound in `de::Visitor::visit_newtype_struct`\n    --> serde/src/de/mod.rs:1640:12\n     |\n1638 |     fn visit_newtype_struct<D>(self, deserializer: D) -> Result<Self::Value, D::Error>\n     |        -------------------- required by a bound in this associated function\n1639 |     where\n1640 |         D: Deserializer<'de>,\n     |            ^^^^^^^^^^^^^^^^^ required by this bound in `Visitor::visit_newtype_struct`\n\nFor more information about this error, try `rustc --explain E0277`.\nerror: could not compile `serde` (lib test) due to 3 previous errors\n"
                },
                {
                  "Err": "   Compiling proc-macro2 v1.0.95\n   Compiling syn v1.0.109\n   Compiling serde_derive v1.0.219 (/home/utgen/workspace/serde/serde_derive)\n   Compiling serde v1.0.219 (/home/utgen/workspace/serde/serde)\n   Compiling quote v1.0.40\n   Compiling syn v2.0.100\n   Compiling ntest_timeout v0.9.3\n   Compiling ntest_test_cases v0.9.3\n   Compiling ntest v0.9.3\nerror[E0433]: failed to resolve: use of undeclared type `Error`\n    --> serde/src/private/de.rs:2373:37\n     |\n2373 |     assert_eq!(result.unwrap_err(), Error::invalid_type(Unexpected::NewtypeStruct, &visitor));\n     |                                     ^^^^^ use of undeclared type `Error`\n     |\nhelp: consider importing one of these items\n     |\n2361 +    use crate::__private::de::Error;\n     |\n2361 +    use crate::__private::de::error::Error;\n     |\n2361 +    use crate::__private::doc::Error;\n     |\n2361 +    use crate::__private::fmt::Error;\n     |\n       and 7 other candidates\n\nerror: unused import: `ntest::timeout`\n    --> serde/src/private/de.rs:2362:8\n     |\n2362 |    use ntest::timeout;\n     |        ^^^^^^^^^^^^^^\n     |\nnote: the lint level is defined here\n    --> serde/src/lib.rs:159:23\n     |\n159  | #![deny(missing_docs, unused_imports)]\n     |                       ^^^^^^^^^^^^^^\n\nerror[E0277]: the trait bound `llmtests::test_visit_newtype_struct_33::Deserializer: de::Deserializer<'_>` is not satisfied\n    --> serde/src/private/de.rs:2369:42\n     |\n2369 |     let _ = visitor.visit_newtype_struct(deserializer);\n     |                     -------------------- ^^^^^^^^^^^^ the trait `de::Deserializer<'_>` is not implemented for `llmtests::test_visit_newtype_struct_33::Deserializer`\n     |                     |\n     |                     required by a bound introduced by this call\n     |\n     = help: the following other types implement trait `de::Deserializer<'de>`:\n               BoolDeserializer<E>\n               BorrowedBytesDeserializer<'de, E>\n               BytesDeserializer<'a, E>\n               CharDeserializer<E>\n               ContentDeserializer<'de, E>\n               ContentRefDeserializer<'a, 'de, E>\n               CowStrDeserializer<'a, E>\n               EnumAccessDeserializer<A>\n             and 26 others\nnote: required by a bound in `de::Visitor::visit_newtype_struct`\n    --> serde/src/de/mod.rs:1640:12\n     |\n1638 |     fn visit_newtype_struct<D>(self, deserializer: D) -> Result<Self::Value, D::Error>\n     |        -------------------- required by a bound in this associated function\n1639 |     where\n1640 |         D: Deserializer<'de>,\n     |            ^^^^^^^^^^^^^^^^^ required by this bound in `Visitor::visit_newtype_struct`\n\nerror[E0277]: the trait bound `llmtests::test_visit_newtype_struct_33::Deserializer: de::Deserializer<'_>` is not satisfied\n    --> serde/src/private/de.rs:2372:47\n     |\n2372 |     let result = visitor.visit_newtype_struct(deserializer);\n     |                          -------------------- ^^^^^^^^^^^^ the trait `de::Deserializer<'_>` is not implemented for `llmtests::test_visit_newtype_struct_33::Deserializer`\n     |                          |\n     |                          required by a bound introduced by this call\n     |\n     = help: the following other types implement trait `de::Deserializer<'de>`:\n               BoolDeserializer<E>\n               BorrowedBytesDeserializer<'de, E>\n               BytesDeserializer<'a, E>\n               CharDeserializer<E>\n               ContentDeserializer<'de, E>\n               ContentRefDeserializer<'a, 'de, E>\n               CowStrDeserializer<'a, E>\n               EnumAccessDeserializer<A>\n             and 26 others\nnote: required by a bound in `de::Visitor::visit_newtype_struct`\n    --> serde/src/de/mod.rs:1640:12\n     |\n1638 |     fn visit_newtype_struct<D>(self, deserializer: D) -> Result<Self::Value, D::Error>\n     |        -------------------- required by a bound in this associated function\n1639 |     where\n1640 |         D: Deserializer<'de>,\n     |            ^^^^^^^^^^^^^^^^^ required by this bound in `Visitor::visit_newtype_struct`\n\nerror[E0277]: `TagOrContent<'_>` doesn't implement `std::fmt::Debug`\n    --> serde/src/private/de.rs:2373:23\n     |\n2373 |     assert_eq!(result.unwrap_err(), Error::invalid_type(Unexpected::NewtypeStruct, &visitor));\n     |                       ^^^^^^^^^^ `TagOrContent<'_>` cannot be formatted using `{:?}`\n     |\n     = help: the trait `std::fmt::Debug` is not implemented for `TagOrContent<'_>`\n     = note: add `#[derive(Debug)]` to `TagOrContent<'_>` or manually `impl std::fmt::Debug for TagOrContent<'_>`\nnote: required by a bound in `Result::<T, E>::unwrap_err`\n    --> /rustc/5069856495870486134dd2ca0b0e2516308c5c2a/library/core/src/result.rs:1191:5\nhelp: consider annotating `TagOrContent<'_>` with `#[derive(Debug)]`\n     |\n541  +     #[derive(Debug)]\n542  |     pub enum TagOrContent<'de> {\n     |\n\nSome errors have detailed explanations: E0277, E0433.\nFor more information about an error, try `rustc --explain E0277`.\nerror: could not compile `serde` (lib test) due to 5 previous errors\n"
                }
              ],
              "repaired": [
                false,
                false
              ]
            },
            {
              "attrs": [],
              "prefix": [
                "{",
                "    struct Deserializer;",
                "    let deserializer = Deserializer; // Assuming appropriate implementation",
                "    let visitor = TagOrContentVisitor { name: \"tag\", value: PhantomData };",
                "    let _ = visitor.visit_newtype_struct(deserializer);",
                "}"
              ],
              "oracles": [
                [
                  "    let deserializer = Deserializer;",
                  "    let visitor = TagOrContentVisitor { name: \"tag\", value: PhantomData };",
                  "    let result = visitor.visit_newtype_struct(deserializer);",
                  "    assert!(result.is_err());"
                ],
                [
                  "    let deserializer = Deserializer;",
                  "    let visitor = TagOrContentVisitor { name: \"tag\", value: PhantomData };",
                  "    let result = visitor.visit_newtype_struct(deserializer);",
                  "    assert_eq!(result.unwrap_err(), Error::invalid_type(Unexpected::NewtypeStruct, &visitor));"
                ]
              ],
              "codes": [
                [
                  "{",
                  "    struct Deserializer;",
                  "    let deserializer = Deserializer; // Assuming appropriate implementation",
                  "    let visitor = TagOrContentVisitor { name: \"tag\", value: PhantomData };",
                  "    let _ = visitor.visit_newtype_struct(deserializer);",
                  "    let deserializer = Deserializer;",
                  "    let visitor = TagOrContentVisitor { name: \"tag\", value: PhantomData };",
                  "    let result = visitor.visit_newtype_struct(deserializer);",
                  "    assert!(result.is_err());",
                  "}"
                ],
                [
                  "{",
                  "    struct Deserializer;",
                  "    let deserializer = Deserializer; // Assuming appropriate implementation",
                  "    let visitor = TagOrContentVisitor { name: \"tag\", value: PhantomData };",
                  "    let _ = visitor.visit_newtype_struct(deserializer);",
                  "    let deserializer = Deserializer;",
                  "    let visitor = TagOrContentVisitor { name: \"tag\", value: PhantomData };",
                  "    let result = visitor.visit_newtype_struct(deserializer);",
                  "    assert_eq!(result.unwrap_err(), Error::invalid_type(Unexpected::NewtypeStruct, &visitor));",
                  "}"
                ]
              ],
              "can_compile": [
                {
                  "Err": "   Compiling proc-macro2 v1.0.95\n   Compiling syn v1.0.109\n   Compiling serde_derive v1.0.219 (/home/utgen/workspace/serde/serde_derive)\n   Compiling serde v1.0.219 (/home/utgen/workspace/serde/serde)\n   Compiling quote v1.0.40\n   Compiling syn v2.0.100\n   Compiling ntest_timeout v0.9.3\n   Compiling ntest_test_cases v0.9.3\n   Compiling ntest v0.9.3\nerror: unused import: `ntest::timeout`\n    --> serde/src/private/de.rs:2362:8\n     |\n2362 |    use ntest::timeout;\n     |        ^^^^^^^^^^^^^^\n     |\nnote: the lint level is defined here\n    --> serde/src/lib.rs:159:23\n     |\n159  | #![deny(missing_docs, unused_imports)]\n     |                       ^^^^^^^^^^^^^^\n\nerror[E0277]: the trait bound `llmtests::test_visit_newtype_struct_34::Deserializer: de::Deserializer<'_>` is not satisfied\n    --> serde/src/private/de.rs:2369:42\n     |\n2369 |     let _ = visitor.visit_newtype_struct(deserializer);\n     |                     -------------------- ^^^^^^^^^^^^ the trait `de::Deserializer<'_>` is not implemented for `llmtests::test_visit_newtype_struct_34::Deserializer`\n     |                     |\n     |                     required by a bound introduced by this call\n     |\n     = help: the following other types implement trait `de::Deserializer<'de>`:\n               BoolDeserializer<E>\n               BorrowedBytesDeserializer<'de, E>\n               BytesDeserializer<'a, E>\n               CharDeserializer<E>\n               ContentDeserializer<'de, E>\n               ContentRefDeserializer<'a, 'de, E>\n               CowStrDeserializer<'a, E>\n               EnumAccessDeserializer<A>\n             and 26 others\nnote: required by a bound in `de::Visitor::visit_newtype_struct`\n    --> serde/src/de/mod.rs:1640:12\n     |\n1638 |     fn visit_newtype_struct<D>(self, deserializer: D) -> Result<Self::Value, D::Error>\n     |        -------------------- required by a bound in this associated function\n1639 |     where\n1640 |         D: Deserializer<'de>,\n     |            ^^^^^^^^^^^^^^^^^ required by this bound in `Visitor::visit_newtype_struct`\n\nerror[E0277]: the trait bound `llmtests::test_visit_newtype_struct_34::Deserializer: de::Deserializer<'_>` is not satisfied\n    --> serde/src/private/de.rs:2372:47\n     |\n2372 |     let result = visitor.visit_newtype_struct(deserializer);\n     |                          -------------------- ^^^^^^^^^^^^ the trait `de::Deserializer<'_>` is not implemented for `llmtests::test_visit_newtype_struct_34::Deserializer`\n     |                          |\n     |                          required by a bound introduced by this call\n     |\n     = help: the following other types implement trait `de::Deserializer<'de>`:\n               BoolDeserializer<E>\n               BorrowedBytesDeserializer<'de, E>\n               BytesDeserializer<'a, E>\n               CharDeserializer<E>\n               ContentDeserializer<'de, E>\n               ContentRefDeserializer<'a, 'de, E>\n               CowStrDeserializer<'a, E>\n               EnumAccessDeserializer<A>\n             and 26 others\nnote: required by a bound in `de::Visitor::visit_newtype_struct`\n    --> serde/src/de/mod.rs:1640:12\n     |\n1638 |     fn visit_newtype_struct<D>(self, deserializer: D) -> Result<Self::Value, D::Error>\n     |        -------------------- required by a bound in this associated function\n1639 |     where\n1640 |         D: Deserializer<'de>,\n     |            ^^^^^^^^^^^^^^^^^ required by this bound in `Visitor::visit_newtype_struct`\n\nFor more information about this error, try `rustc --explain E0277`.\nerror: could not compile `serde` (lib test) due to 3 previous errors\n"
                },
                {
                  "Err": "   Compiling proc-macro2 v1.0.95\n   Compiling syn v1.0.109\n   Compiling serde_derive v1.0.219 (/home/utgen/workspace/serde/serde_derive)\n   Compiling serde v1.0.219 (/home/utgen/workspace/serde/serde)\n   Compiling quote v1.0.40\n   Compiling syn v2.0.100\n   Compiling ntest_test_cases v0.9.3\n   Compiling ntest_timeout v0.9.3\n   Compiling ntest v0.9.3\nerror[E0433]: failed to resolve: use of undeclared type `Error`\n    --> serde/src/private/de.rs:2373:37\n     |\n2373 |     assert_eq!(result.unwrap_err(), Error::invalid_type(Unexpected::NewtypeStruct, &visitor));\n     |                                     ^^^^^ use of undeclared type `Error`\n     |\nhelp: consider importing one of these items\n     |\n2361 +    use crate::__private::de::Error;\n     |\n2361 +    use crate::__private::de::error::Error;\n     |\n2361 +    use crate::__private::doc::Error;\n     |\n2361 +    use crate::__private::fmt::Error;\n     |\n       and 7 other candidates\n\nerror: unused import: `ntest::timeout`\n    --> serde/src/private/de.rs:2362:8\n     |\n2362 |    use ntest::timeout;\n     |        ^^^^^^^^^^^^^^\n     |\nnote: the lint level is defined here\n    --> serde/src/lib.rs:159:23\n     |\n159  | #![deny(missing_docs, unused_imports)]\n     |                       ^^^^^^^^^^^^^^\n\nerror[E0277]: the trait bound `llmtests::test_visit_newtype_struct_35::Deserializer: de::Deserializer<'_>` is not satisfied\n    --> serde/src/private/de.rs:2369:42\n     |\n2369 |     let _ = visitor.visit_newtype_struct(deserializer);\n     |                     -------------------- ^^^^^^^^^^^^ the trait `de::Deserializer<'_>` is not implemented for `llmtests::test_visit_newtype_struct_35::Deserializer`\n     |                     |\n     |                     required by a bound introduced by this call\n     |\n     = help: the following other types implement trait `de::Deserializer<'de>`:\n               BoolDeserializer<E>\n               BorrowedBytesDeserializer<'de, E>\n               BytesDeserializer<'a, E>\n               CharDeserializer<E>\n               ContentDeserializer<'de, E>\n               ContentRefDeserializer<'a, 'de, E>\n               CowStrDeserializer<'a, E>\n               EnumAccessDeserializer<A>\n             and 26 others\nnote: required by a bound in `de::Visitor::visit_newtype_struct`\n    --> serde/src/de/mod.rs:1640:12\n     |\n1638 |     fn visit_newtype_struct<D>(self, deserializer: D) -> Result<Self::Value, D::Error>\n     |        -------------------- required by a bound in this associated function\n1639 |     where\n1640 |         D: Deserializer<'de>,\n     |            ^^^^^^^^^^^^^^^^^ required by this bound in `Visitor::visit_newtype_struct`\n\nerror[E0277]: the trait bound `llmtests::test_visit_newtype_struct_35::Deserializer: de::Deserializer<'_>` is not satisfied\n    --> serde/src/private/de.rs:2372:47\n     |\n2372 |     let result = visitor.visit_newtype_struct(deserializer);\n     |                          -------------------- ^^^^^^^^^^^^ the trait `de::Deserializer<'_>` is not implemented for `llmtests::test_visit_newtype_struct_35::Deserializer`\n     |                          |\n     |                          required by a bound introduced by this call\n     |\n     = help: the following other types implement trait `de::Deserializer<'de>`:\n               BoolDeserializer<E>\n               BorrowedBytesDeserializer<'de, E>\n               BytesDeserializer<'a, E>\n               CharDeserializer<E>\n               ContentDeserializer<'de, E>\n               ContentRefDeserializer<'a, 'de, E>\n               CowStrDeserializer<'a, E>\n               EnumAccessDeserializer<A>\n             and 26 others\nnote: required by a bound in `de::Visitor::visit_newtype_struct`\n    --> serde/src/de/mod.rs:1640:12\n     |\n1638 |     fn visit_newtype_struct<D>(self, deserializer: D) -> Result<Self::Value, D::Error>\n     |        -------------------- required by a bound in this associated function\n1639 |     where\n1640 |         D: Deserializer<'de>,\n     |            ^^^^^^^^^^^^^^^^^ required by this bound in `Visitor::visit_newtype_struct`\n\nerror[E0277]: `TagOrContent<'_>` doesn't implement `std::fmt::Debug`\n    --> serde/src/private/de.rs:2373:23\n     |\n2373 |     assert_eq!(result.unwrap_err(), Error::invalid_type(Unexpected::NewtypeStruct, &visitor));\n     |                       ^^^^^^^^^^ `TagOrContent<'_>` cannot be formatted using `{:?}`\n     |\n     = help: the trait `std::fmt::Debug` is not implemented for `TagOrContent<'_>`\n     = note: add `#[derive(Debug)]` to `TagOrContent<'_>` or manually `impl std::fmt::Debug for TagOrContent<'_>`\nnote: required by a bound in `Result::<T, E>::unwrap_err`\n    --> /rustc/5069856495870486134dd2ca0b0e2516308c5c2a/library/core/src/result.rs:1191:5\nhelp: consider annotating `TagOrContent<'_>` with `#[derive(Debug)]`\n     |\n541  +     #[derive(Debug)]\n542  |     pub enum TagOrContent<'de> {\n     |\n\nSome errors have detailed explanations: E0277, E0433.\nFor more information about an error, try `rustc --explain E0277`.\nerror: could not compile `serde` (lib test) due to 5 previous errors\n"
                }
              ],
              "repaired": [
                false,
                false
              ]
            },
            {
              "attrs": [],
              "prefix": [
                "{",
                "    struct Deserializer;",
                "    let deserializer = Deserializer; // Assuming appropriate implementation",
                "    let visitor = TagOrContentVisitor { name: \"tag\", value: PhantomData };",
                "    let _ = visitor.visit_newtype_struct(deserializer);",
                "}"
              ],
              "oracles": [
                [
                  "    let deserializer = Deserializer;",
                  "    let visitor = TagOrContentVisitor { name: \"tag\", value: PhantomData };",
                  "    let result = visitor.visit_newtype_struct(deserializer);",
                  "    assert!(result.is_err());"
                ],
                [
                  "    let deserializer = Deserializer;",
                  "    let visitor = TagOrContentVisitor { name: \"tag\", value: PhantomData };",
                  "    let result = visitor.visit_newtype_struct(deserializer);",
                  "    assert_eq!(result.unwrap_err().kind(), ErrorKind::InvalidType);"
                ]
              ],
              "codes": [
                [
                  "{",
                  "    struct Deserializer;",
                  "    let deserializer = Deserializer; // Assuming appropriate implementation",
                  "    let visitor = TagOrContentVisitor { name: \"tag\", value: PhantomData };",
                  "    let _ = visitor.visit_newtype_struct(deserializer);",
                  "    let deserializer = Deserializer;",
                  "    let visitor = TagOrContentVisitor { name: \"tag\", value: PhantomData };",
                  "    let result = visitor.visit_newtype_struct(deserializer);",
                  "    assert!(result.is_err());",
                  "}"
                ],
                [
                  "{",
                  "    struct Deserializer;",
                  "    let deserializer = Deserializer; // Assuming appropriate implementation",
                  "    let visitor = TagOrContentVisitor { name: \"tag\", value: PhantomData };",
                  "    let _ = visitor.visit_newtype_struct(deserializer);",
                  "    let deserializer = Deserializer;",
                  "    let visitor = TagOrContentVisitor { name: \"tag\", value: PhantomData };",
                  "    let result = visitor.visit_newtype_struct(deserializer);",
                  "    assert_eq!(result.unwrap_err().kind(), ErrorKind::InvalidType);",
                  "}"
                ]
              ],
              "can_compile": [
                {
                  "Err": "   Compiling proc-macro2 v1.0.95\n   Compiling syn v1.0.109\n   Compiling serde_derive v1.0.219 (/home/utgen/workspace/serde/serde_derive)\n   Compiling serde v1.0.219 (/home/utgen/workspace/serde/serde)\n   Compiling quote v1.0.40\n   Compiling syn v2.0.100\n   Compiling ntest_timeout v0.9.3\n   Compiling ntest_test_cases v0.9.3\n   Compiling ntest v0.9.3\nerror: unused import: `ntest::timeout`\n    --> serde/src/private/de.rs:2362:8\n     |\n2362 |    use ntest::timeout;\n     |        ^^^^^^^^^^^^^^\n     |\nnote: the lint level is defined here\n    --> serde/src/lib.rs:159:23\n     |\n159  | #![deny(missing_docs, unused_imports)]\n     |                       ^^^^^^^^^^^^^^\n\nerror[E0277]: the trait bound `llmtests::test_visit_newtype_struct_36::Deserializer: de::Deserializer<'_>` is not satisfied\n    --> serde/src/private/de.rs:2369:42\n     |\n2369 |     let _ = visitor.visit_newtype_struct(deserializer);\n     |                     -------------------- ^^^^^^^^^^^^ the trait `de::Deserializer<'_>` is not implemented for `llmtests::test_visit_newtype_struct_36::Deserializer`\n     |                     |\n     |                     required by a bound introduced by this call\n     |\n     = help: the following other types implement trait `de::Deserializer<'de>`:\n               BoolDeserializer<E>\n               BorrowedBytesDeserializer<'de, E>\n               BytesDeserializer<'a, E>\n               CharDeserializer<E>\n               ContentDeserializer<'de, E>\n               ContentRefDeserializer<'a, 'de, E>\n               CowStrDeserializer<'a, E>\n               EnumAccessDeserializer<A>\n             and 26 others\nnote: required by a bound in `de::Visitor::visit_newtype_struct`\n    --> serde/src/de/mod.rs:1640:12\n     |\n1638 |     fn visit_newtype_struct<D>(self, deserializer: D) -> Result<Self::Value, D::Error>\n     |        -------------------- required by a bound in this associated function\n1639 |     where\n1640 |         D: Deserializer<'de>,\n     |            ^^^^^^^^^^^^^^^^^ required by this bound in `Visitor::visit_newtype_struct`\n\nerror[E0277]: the trait bound `llmtests::test_visit_newtype_struct_36::Deserializer: de::Deserializer<'_>` is not satisfied\n    --> serde/src/private/de.rs:2372:47\n     |\n2372 |     let result = visitor.visit_newtype_struct(deserializer);\n     |                          -------------------- ^^^^^^^^^^^^ the trait `de::Deserializer<'_>` is not implemented for `llmtests::test_visit_newtype_struct_36::Deserializer`\n     |                          |\n     |                          required by a bound introduced by this call\n     |\n     = help: the following other types implement trait `de::Deserializer<'de>`:\n               BoolDeserializer<E>\n               BorrowedBytesDeserializer<'de, E>\n               BytesDeserializer<'a, E>\n               CharDeserializer<E>\n               ContentDeserializer<'de, E>\n               ContentRefDeserializer<'a, 'de, E>\n               CowStrDeserializer<'a, E>\n               EnumAccessDeserializer<A>\n             and 26 others\nnote: required by a bound in `de::Visitor::visit_newtype_struct`\n    --> serde/src/de/mod.rs:1640:12\n     |\n1638 |     fn visit_newtype_struct<D>(self, deserializer: D) -> Result<Self::Value, D::Error>\n     |        -------------------- required by a bound in this associated function\n1639 |     where\n1640 |         D: Deserializer<'de>,\n     |            ^^^^^^^^^^^^^^^^^ required by this bound in `Visitor::visit_newtype_struct`\n\nFor more information about this error, try `rustc --explain E0277`.\nerror: could not compile `serde` (lib test) due to 3 previous errors\n"
                },
                {
                  "Err": "   Compiling proc-macro2 v1.0.95\n   Compiling syn v1.0.109\n   Compiling serde_derive v1.0.219 (/home/utgen/workspace/serde/serde_derive)\n   Compiling serde v1.0.219 (/home/utgen/workspace/serde/serde)\n   Compiling quote v1.0.40\n   Compiling syn v2.0.100\n   Compiling ntest_test_cases v0.9.3\n   Compiling ntest_timeout v0.9.3\n   Compiling ntest v0.9.3\nerror[E0433]: failed to resolve: use of undeclared type `ErrorKind`\n    --> serde/src/private/de.rs:2373:44\n     |\n2373 |     assert_eq!(result.unwrap_err().kind(), ErrorKind::InvalidType);\n     |                                            ^^^^^^^^^ use of undeclared type `ErrorKind`\n     |\nhelp: consider importing this enum\n     |\n2361 +    use std::io::ErrorKind;\n     |\n\nerror: unused import: `ntest::timeout`\n    --> serde/src/private/de.rs:2362:8\n     |\n2362 |    use ntest::timeout;\n     |        ^^^^^^^^^^^^^^\n     |\nnote: the lint level is defined here\n    --> serde/src/lib.rs:159:23\n     |\n159  | #![deny(missing_docs, unused_imports)]\n     |                       ^^^^^^^^^^^^^^\n\nerror[E0277]: the trait bound `llmtests::test_visit_newtype_struct_37::Deserializer: de::Deserializer<'_>` is not satisfied\n    --> serde/src/private/de.rs:2369:42\n     |\n2369 |     let _ = visitor.visit_newtype_struct(deserializer);\n     |                     -------------------- ^^^^^^^^^^^^ the trait `de::Deserializer<'_>` is not implemented for `llmtests::test_visit_newtype_struct_37::Deserializer`\n     |                     |\n     |                     required by a bound introduced by this call\n     |\n     = help: the following other types implement trait `de::Deserializer<'de>`:\n               BoolDeserializer<E>\n               BorrowedBytesDeserializer<'de, E>\n               BytesDeserializer<'a, E>\n               CharDeserializer<E>\n               ContentDeserializer<'de, E>\n               ContentRefDeserializer<'a, 'de, E>\n               CowStrDeserializer<'a, E>\n               EnumAccessDeserializer<A>\n             and 26 others\nnote: required by a bound in `de::Visitor::visit_newtype_struct`\n    --> serde/src/de/mod.rs:1640:12\n     |\n1638 |     fn visit_newtype_struct<D>(self, deserializer: D) -> Result<Self::Value, D::Error>\n     |        -------------------- required by a bound in this associated function\n1639 |     where\n1640 |         D: Deserializer<'de>,\n     |            ^^^^^^^^^^^^^^^^^ required by this bound in `Visitor::visit_newtype_struct`\n\nerror[E0277]: the trait bound `llmtests::test_visit_newtype_struct_37::Deserializer: de::Deserializer<'_>` is not satisfied\n    --> serde/src/private/de.rs:2372:47\n     |\n2372 |     let result = visitor.visit_newtype_struct(deserializer);\n     |                          -------------------- ^^^^^^^^^^^^ the trait `de::Deserializer<'_>` is not implemented for `llmtests::test_visit_newtype_struct_37::Deserializer`\n     |                          |\n     |                          required by a bound introduced by this call\n     |\n     = help: the following other types implement trait `de::Deserializer<'de>`:\n               BoolDeserializer<E>\n               BorrowedBytesDeserializer<'de, E>\n               BytesDeserializer<'a, E>\n               CharDeserializer<E>\n               ContentDeserializer<'de, E>\n               ContentRefDeserializer<'a, 'de, E>\n               CowStrDeserializer<'a, E>\n               EnumAccessDeserializer<A>\n             and 26 others\nnote: required by a bound in `de::Visitor::visit_newtype_struct`\n    --> serde/src/de/mod.rs:1640:12\n     |\n1638 |     fn visit_newtype_struct<D>(self, deserializer: D) -> Result<Self::Value, D::Error>\n     |        -------------------- required by a bound in this associated function\n1639 |     where\n1640 |         D: Deserializer<'de>,\n     |            ^^^^^^^^^^^^^^^^^ required by this bound in `Visitor::visit_newtype_struct`\n\nerror[E0277]: `TagOrContent<'_>` doesn't implement `std::fmt::Debug`\n    --> serde/src/private/de.rs:2373:23\n     |\n2373 |     assert_eq!(result.unwrap_err().kind(), ErrorKind::InvalidType);\n     |                       ^^^^^^^^^^ `TagOrContent<'_>` cannot be formatted using `{:?}`\n     |\n     = help: the trait `std::fmt::Debug` is not implemented for `TagOrContent<'_>`\n     = note: add `#[derive(Debug)]` to `TagOrContent<'_>` or manually `impl std::fmt::Debug for TagOrContent<'_>`\nnote: required by a bound in `Result::<T, E>::unwrap_err`\n    --> /rustc/5069856495870486134dd2ca0b0e2516308c5c2a/library/core/src/result.rs:1191:5\nhelp: consider annotating `TagOrContent<'_>` with `#[derive(Debug)]`\n     |\n541  +     #[derive(Debug)]\n542  |     pub enum TagOrContent<'de> {\n     |\n\nSome errors have detailed explanations: E0277, E0433.\nFor more information about an error, try `rustc --explain E0277`.\nerror: could not compile `serde` (lib test) due to 5 previous errors\n"
                }
              ],
              "repaired": [
                false,
                false
              ]
            }
          ]
        }
      ]
    }
  ]
}