{
  "name": "indexmap::map::map::IndexMap<K, V, S>::get",
  "name_with_impl": "indexmap::map::{impl#6}::get",
  "mod_info": {
    "name": "map",
    "loc": "src/lib.rs:122:1:122:13"
  },
  "visible": true,
  "loc": "src/map.rs:711:5:721:6",
  "fn_tests": [
    {
      "chain_id": 1,
      "prompt_conds": [
        "// constraint: self.get_index_of(key) matches Some(i) is false\n",
        "// expected return value/type: None\n"
      ],
      "input_infer": "",
      "answers": [
        {
          "uses": [
            "use std::hash::Hash;",
            "use std::collections::HashMap;"
          ],
          "has_test_mod": false,
          "common": [],
          "chain_tests": [
            {
              "attrs": [],
              "prefix": [],
              "oracles": [],
              "codes": [
                [
                  "{",
                  "    use std::collections::HashMap;",
                  "    use std::hash::Hash;",
                  "",
                  "    struct MyMap<K, V> {",
                  "        map: HashMap<K, V>,",
                  "    }",
                  "",
                  "    impl<K: Eq + Hash, V> MyMap<K, V> {",
                  "        pub fn new() -> Self {",
                  "            MyMap {",
                  "                map: HashMap::new(),",
                  "            }",
                  "        }",
                  "",
                  "        pub fn get<Q>(&self, key: &Q) -> Option<&V>",
                  "        where",
                  "            Q: ?Sized + Hash + std::cmp::Eq,",
                  "        {",
                  "            if let Some(i) = self.map.get(key) {",
                  "                Some(i)",
                  "            } else {",
                  "                None",
                  "            }",
                  "        }",
                  "    }",
                  "",
                  "    let my_map: MyMap<String, i32> = MyMap::new();",
                  "    let result = my_map.get(&\"nonexistent_key\".to_string());",
                  "    assert_eq!(result, None);",
                  "}"
                ]
              ],
              "can_compile": [
                {
                  "Err": "   Compiling libc v0.2.172\n   Compiling proc-macro2 v1.0.95\n   Compiling getrandom v0.3.2\n   Compiling zerocopy v0.8.25\n   Compiling syn v1.0.109\n   Compiling quote v1.0.40\n   Compiling syn v2.0.101\n   Compiling getrandom v0.2.16\n   Compiling rand_core v0.6.4\n   Compiling rand_core v0.9.3\n   Compiling rand v0.8.5\n   Compiling quickcheck v1.0.3\n   Compiling ppv-lite86 v0.2.21\n   Compiling rand_chacha v0.9.0\n   Compiling rand v0.9.1\n   Compiling serde_derive v1.0.219\n   Compiling ntest_timeout v0.9.3\n   Compiling ntest_test_cases v0.9.3\n   Compiling ntest v0.9.3\n   Compiling indexmap v2.9.0 (/home/abezbm/rust-utgen-test-crates-new/indexmap)\nwarning: unused import: `super::*`\n   --> src/map/slice.rs:520:9\n    |\n520 |     use super::*;\n    |         ^^^^^^^^\n    |\n    = note: `#[warn(unused_imports)]` on by default\n\nwarning: unused import: `super::*`\n --> src/map/tests.rs:1:5\n  |\n1 | use super::*;\n  |     ^^^^^^^^\n\nwarning: unused import: `std::string::String`\n --> src/map/tests.rs:2:5\n  |\n2 | use std::string::String;\n  |     ^^^^^^^^^^^^^^^^^^^\n\nwarning: unused macro definition: `move_index_oob`\n   --> src/map/tests.rs:817:14\n    |\n817 | macro_rules! move_index_oob {\n    |              ^^^^^^^^^^^^^^\n    |\n    = note: `#[warn(unused_macros)]` on by default\n\nwarning: unused import: `super::*`\n    --> src/map.rs:1654:8\n     |\n1654 |    use super::*;\n     |        ^^^^^^^^\n\nwarning: unused import: `ntest::timeout`\n    --> src/map.rs:1655:8\n     |\n1655 |    use ntest::timeout;\n     |        ^^^^^^^^^^^^^^\n\nwarning: unused import: `super::*`\n   --> src/set/slice.rs:334:9\n    |\n334 |     use super::*;\n    |         ^^^^^^^^\n\nwarning: unused import: `super::*`\n --> src/set/tests.rs:1:5\n  |\n1 | use super::*;\n  |     ^^^^^^^^\n\nwarning: unused import: `std::string::String`\n --> src/set/tests.rs:2:5\n  |\n2 | use std::string::String;\n  |     ^^^^^^^^^^^^^^^^^^^\n\nerror[E0308]: mismatched types\n    --> src/map.rs:1677:43\n     |\n1666 |     impl<K: Eq + Hash, V> MyMap<K, V> {\n     |          - expected type parameter\n...\n1673 |         pub fn get<Q>(&self, key: &Q) -> Option<&V>\n     |                    - found type parameter\n...\n1677 |             if let Some(i) = self.map.get(key) {\n     |                                       --- ^^^ expected `&K`, found `&Q`\n     |                                       |\n     |                                       arguments to this method are incorrect\n     |\n     = note: expected reference `&K`\n                found reference `&Q`\n     = note: a type parameter was expected, but a different one was found; you might be missing a type parameter or trait bound\n     = note: for more information, visit https://doc.rust-lang.org/book/ch10-02-traits.html#traits-as-parameters\nnote: method defined here\n    --> /home/abezbm/.rustup/toolchains/nightly-2024-07-21-x86_64-unknown-linux-gnu/lib/rustlib/src/rust/library/std/src/collections/hash/map.rs:877:12\n     |\n877  |     pub fn get<Q: ?Sized>(&self, k: &Q) -> Option<&V>\n     |            ^^^\n\nFor more information about this error, try `rustc --explain E0308`.\nwarning: `indexmap` (lib test) generated 9 warnings\nerror: could not compile `indexmap` (lib test) due to 1 previous error; 9 warnings emitted\n"
                }
              ],
              "repaired": [
                false
              ]
            },
            {
              "attrs": [],
              "prefix": [],
              "oracles": [],
              "codes": [
                [
                  "{",
                  "    struct MyMap<K, V> {",
                  "        map: HashMap<K, V>,",
                  "    }",
                  "",
                  "    impl<K: Eq + Hash, V> MyMap<K, V> {",
                  "        pub fn new() -> Self {",
                  "            MyMap {",
                  "                map: HashMap::new(),",
                  "            }",
                  "        }",
                  "",
                  "        pub fn get<Q>(&self, key: &Q) -> Option<&V>",
                  "        where",
                  "            Q: ?Sized + Hash + std::cmp::Eq,",
                  "        {",
                  "            if let Some(i) = self.map.get(key) {",
                  "                Some(i)",
                  "            } else {",
                  "                None",
                  "            }",
                  "        }",
                  "    }",
                  "",
                  "    let my_map: MyMap<i32, String> = MyMap::new();",
                  "    let result = my_map.get(&42);",
                  "    assert_eq!(result, None);",
                  "}"
                ]
              ],
              "can_compile": [
                {
                  "Err": "   Compiling libc v0.2.172\n   Compiling proc-macro2 v1.0.95\n   Compiling zerocopy v0.8.25\n   Compiling syn v1.0.109\n   Compiling getrandom v0.3.2\n   Compiling quote v1.0.40\n   Compiling syn v2.0.101\n   Compiling getrandom v0.2.16\n   Compiling rand_core v0.6.4\n   Compiling rand_core v0.9.3\n   Compiling rand v0.8.5\n   Compiling quickcheck v1.0.3\n   Compiling ppv-lite86 v0.2.21\n   Compiling rand_chacha v0.9.0\n   Compiling rand v0.9.1\n   Compiling serde_derive v1.0.219\n   Compiling ntest_timeout v0.9.3\n   Compiling ntest_test_cases v0.9.3\n   Compiling ntest v0.9.3\n   Compiling indexmap v2.9.0 (/home/abezbm/rust-utgen-test-crates-new/indexmap)\nerror[E0412]: cannot find type `HashMap` in this scope\n    --> src/map.rs:1660:14\n     |\n1660 |         map: HashMap<K, V>,\n     |              ^^^^^^^ not found in this scope\n     |\nhelp: consider importing one of these structs\n     |\n1654 +    use std::collections::HashMap;\n     |\n1654 +    use hashbrown::HashMap;\n     |\n\nerror[E0433]: failed to resolve: use of undeclared type `HashMap`\n    --> src/map.rs:1666:22\n     |\n1666 |                 map: HashMap::new(),\n     |                      ^^^^^^^ use of undeclared type `HashMap`\n     |\nhelp: consider importing one of these structs\n     |\n1654 +    use std::collections::HashMap;\n     |\n1654 +    use hashbrown::HashMap;\n     |\n\nwarning: unused import: `super::*`\n   --> src/map/slice.rs:520:9\n    |\n520 |     use super::*;\n    |         ^^^^^^^^\n    |\n    = note: `#[warn(unused_imports)]` on by default\n\nwarning: unused import: `super::*`\n --> src/map/tests.rs:1:5\n  |\n1 | use super::*;\n  |     ^^^^^^^^\n\nwarning: unused import: `std::string::String`\n --> src/map/tests.rs:2:5\n  |\n2 | use std::string::String;\n  |     ^^^^^^^^^^^^^^^^^^^\n\nwarning: unused macro definition: `move_index_oob`\n   --> src/map/tests.rs:817:14\n    |\n817 | macro_rules! move_index_oob {\n    |              ^^^^^^^^^^^^^^\n    |\n    = note: `#[warn(unused_macros)]` on by default\n\nwarning: unused import: `ntest::timeout`\n    --> src/map.rs:1655:8\n     |\n1655 |    use ntest::timeout;\n     |        ^^^^^^^^^^^^^^\n\nwarning: unused import: `super::*`\n   --> src/set/slice.rs:334:9\n    |\n334 |     use super::*;\n    |         ^^^^^^^^\n\nwarning: unused import: `super::*`\n --> src/set/tests.rs:1:5\n  |\n1 | use super::*;\n  |     ^^^^^^^^\n\nwarning: unused import: `std::string::String`\n --> src/set/tests.rs:2:5\n  |\n2 | use std::string::String;\n  |     ^^^^^^^^^^^^^^^^^^^\n\nSome errors have detailed explanations: E0412, E0433.\nFor more information about an error, try `rustc --explain E0412`.\nwarning: `indexmap` (lib test) generated 8 warnings\nerror: could not compile `indexmap` (lib test) due to 2 previous errors; 8 warnings emitted\n"
                }
              ],
              "repaired": [
                false
              ]
            },
            {
              "attrs": [],
              "prefix": [],
              "oracles": [],
              "codes": [
                [
                  "{",
                  "    #[derive(Debug, Hash, PartialEq, Eq)]",
                  "    struct Key {",
                  "        id: i32,",
                  "    }",
                  "",
                  "    struct MyMap<K, V> {",
                  "        map: HashMap<K, V>,",
                  "    }",
                  "",
                  "    impl<K: Eq + Hash, V> MyMap<K, V> {",
                  "        pub fn new() -> Self {",
                  "            MyMap {",
                  "                map: HashMap::new(),",
                  "            }",
                  "        }",
                  "",
                  "        pub fn get<Q>(&self, key: &Q) -> Option<&V>",
                  "        where",
                  "            Q: ?Sized + Hash + std::cmp::Eq,",
                  "        {",
                  "            if let Some(i) = self.map.get(key) {",
                  "                Some(i)",
                  "            } else {",
                  "                None",
                  "            }",
                  "        }",
                  "    }",
                  "",
                  "    let my_map: MyMap<Key, String> = MyMap::new();",
                  "    let result = my_map.get(&Key { id: 1 });",
                  "    assert_eq!(result, None);",
                  "}"
                ]
              ],
              "can_compile": [
                {
                  "Err": "   Compiling libc v0.2.172\n   Compiling proc-macro2 v1.0.95\n   Compiling getrandom v0.3.2\n   Compiling syn v1.0.109\n   Compiling zerocopy v0.8.25\n   Compiling quote v1.0.40\n   Compiling syn v2.0.101\n   Compiling getrandom v0.2.16\n   Compiling rand_core v0.6.4\n   Compiling rand_core v0.9.3\n   Compiling rand v0.8.5\n   Compiling quickcheck v1.0.3\n   Compiling ppv-lite86 v0.2.21\n   Compiling rand_chacha v0.9.0\n   Compiling rand v0.9.1\n   Compiling serde_derive v1.0.219\n   Compiling ntest_timeout v0.9.3\n   Compiling ntest_test_cases v0.9.3\n   Compiling ntest v0.9.3\n   Compiling indexmap v2.9.0 (/home/abezbm/rust-utgen-test-crates-new/indexmap)\nerror[E0412]: cannot find type `HashMap` in this scope\n    --> src/map.rs:1665:14\n     |\n1665 |         map: HashMap<K, V>,\n     |              ^^^^^^^ not found in this scope\n     |\nhelp: consider importing one of these structs\n     |\n1654 +    use std::collections::HashMap;\n     |\n1654 +    use hashbrown::HashMap;\n     |\n\nerror[E0433]: failed to resolve: use of undeclared type `HashMap`\n    --> src/map.rs:1671:22\n     |\n1671 |                 map: HashMap::new(),\n     |                      ^^^^^^^ use of undeclared type `HashMap`\n     |\nhelp: consider importing one of these structs\n     |\n1654 +    use std::collections::HashMap;\n     |\n1654 +    use hashbrown::HashMap;\n     |\n\nwarning: unused import: `super::*`\n   --> src/map/slice.rs:520:9\n    |\n520 |     use super::*;\n    |         ^^^^^^^^\n    |\n    = note: `#[warn(unused_imports)]` on by default\n\nwarning: unused import: `super::*`\n --> src/map/tests.rs:1:5\n  |\n1 | use super::*;\n  |     ^^^^^^^^\n\nwarning: unused import: `std::string::String`\n --> src/map/tests.rs:2:5\n  |\n2 | use std::string::String;\n  |     ^^^^^^^^^^^^^^^^^^^\n\nwarning: unused macro definition: `move_index_oob`\n   --> src/map/tests.rs:817:14\n    |\n817 | macro_rules! move_index_oob {\n    |              ^^^^^^^^^^^^^^\n    |\n    = note: `#[warn(unused_macros)]` on by default\n\nwarning: unused import: `ntest::timeout`\n    --> src/map.rs:1655:8\n     |\n1655 |    use ntest::timeout;\n     |        ^^^^^^^^^^^^^^\n\nwarning: unused import: `super::*`\n   --> src/set/slice.rs:334:9\n    |\n334 |     use super::*;\n    |         ^^^^^^^^\n\nwarning: unused import: `super::*`\n --> src/set/tests.rs:1:5\n  |\n1 | use super::*;\n  |     ^^^^^^^^\n\nwarning: unused import: `std::string::String`\n --> src/set/tests.rs:2:5\n  |\n2 | use std::string::String;\n  |     ^^^^^^^^^^^^^^^^^^^\n\nSome errors have detailed explanations: E0412, E0433.\nFor more information about an error, try `rustc --explain E0412`.\nwarning: `indexmap` (lib test) generated 8 warnings\nerror: could not compile `indexmap` (lib test) due to 2 previous errors; 8 warnings emitted\n"
                }
              ],
              "repaired": [
                false
              ]
            }
          ]
        }
      ]
    },
    {
      "chain_id": 2,
      "prompt_conds": [
        "// constraint: self.get_index_of(key) matches Some(i) is true\n",
        "// expected return value/type: Some(&entry.value)\n"
      ],
      "input_infer": "",
      "answers": [
        {
          "uses": [
            "use std::hash::Hash;",
            "use std::hash::Hasher;",
            "use std::collections::hash_map::DefaultHasher;"
          ],
          "has_test_mod": false,
          "common": [],
          "chain_tests": [
            {
              "attrs": [],
              "prefix": [],
              "oracles": [],
              "codes": [
                [
                  "{",
                  "    use std::hash::{Hash, Hasher};",
                  "    use std::collections::hash_map::DefaultHasher;",
                  "",
                  "    struct Key(String);",
                  "    ",
                  "    impl PartialEq for Key {",
                  "        fn eq(&self, other: &Self) -> bool {",
                  "            self.0 == other.0",
                  "        }",
                  "    }",
                  "",
                  "    impl Eq for Key {}",
                  "",
                  "    impl Hash for Key {",
                  "        fn hash<H: Hasher>(&self, state: &mut H) {",
                  "            state.write(self.0.as_bytes());",
                  "        }",
                  "    }",
                  "",
                  "    struct Value(i32);",
                  "",
                  "    struct Map {",
                  "        entries: Vec<(Key, Value)>,",
                  "    }",
                  "",
                  "    impl Map {",
                  "        fn new() -> Self {",
                  "            Map { entries: Vec::new() }",
                  "        }",
                  "",
                  "        fn insert(&mut self, key: Key, value: Value) {",
                  "            self.entries.push((key, value));",
                  "        }",
                  "",
                  "        fn get_index_of<Q>(&self, key: &Q) -> Option<usize>",
                  "        where",
                  "            Q: ?Sized + Hash + Equivalent<Key>,",
                  "        {",
                  "            self.entries.iter().position(|(k, _)| k == key)",
                  "        }",
                  "",
                  "        fn as_entries(&self) -> &[(Key, Value)] {",
                  "            &self.entries",
                  "        }",
                  "",
                  "        pub fn get<Q>(&self, key: &Q) -> Option<&Value>",
                  "        where",
                  "            Q: ?Sized + Hash + Equivalent<Key>,",
                  "        {",
                  "            if let Some(i) = self.get_index_of(key) {",
                  "                let entry = &self.as_entries()[i];",
                  "                Some(&entry.1)",
                  "            } else {",
                  "                None",
                  "            }",
                  "        }",
                  "    }",
                  "",
                  "    impl Equivalent<Key> for Key {",
                  "        fn equivalent(&self, other: &Key) -> bool {",
                  "            self.eq(other)",
                  "        }",
                  "    }",
                  "",
                  "    let mut map = Map::new();",
                  "    let key = Key(\"test\".to_string());",
                  "    let value = Value(42);",
                  "",
                  "    map.insert(key.clone(), value);",
                  "",
                  "    let result = map.get(&key);",
                  "    assert_eq!(result, Some(&Value(42)));",
                  "}"
                ]
              ],
              "can_compile": [
                {
                  "Err": "   Compiling libc v0.2.172\n   Compiling proc-macro2 v1.0.95\n   Compiling getrandom v0.3.2\n   Compiling zerocopy v0.8.25\n   Compiling syn v1.0.109\n   Compiling quote v1.0.40\n   Compiling syn v2.0.101\n   Compiling getrandom v0.2.16\n   Compiling rand_core v0.6.4\n   Compiling rand_core v0.9.3\n   Compiling rand v0.8.5\n   Compiling quickcheck v1.0.3\n   Compiling ppv-lite86 v0.2.21\n   Compiling rand_chacha v0.9.0\n   Compiling rand v0.9.1\n   Compiling serde_derive v1.0.219\n   Compiling ntest_timeout v0.9.3\n   Compiling ntest_test_cases v0.9.3\n   Compiling ntest v0.9.3\n   Compiling indexmap v2.9.0 (/home/abezbm/rust-utgen-test-crates-new/indexmap)\nwarning: unused import: `super::*`\n   --> src/map/slice.rs:520:9\n    |\n520 |     use super::*;\n    |         ^^^^^^^^\n    |\n    = note: `#[warn(unused_imports)]` on by default\n\nwarning: unused import: `super::*`\n --> src/map/tests.rs:1:5\n  |\n1 | use super::*;\n  |     ^^^^^^^^\n\nwarning: unused import: `std::string::String`\n --> src/map/tests.rs:2:5\n  |\n2 | use std::string::String;\n  |     ^^^^^^^^^^^^^^^^^^^\n\nwarning: unused macro definition: `move_index_oob`\n   --> src/map/tests.rs:817:14\n    |\n817 | macro_rules! move_index_oob {\n    |              ^^^^^^^^^^^^^^\n    |\n    = note: `#[warn(unused_macros)]` on by default\n\nwarning: unused import: `ntest::timeout`\n    --> src/map.rs:1655:8\n     |\n1655 |    use ntest::timeout;\n     |        ^^^^^^^^^^^^^^\n\nwarning: unused import: `std::collections::hash_map::DefaultHasher`\n    --> src/map.rs:1660:9\n     |\n1660 |     use std::collections::hash_map::DefaultHasher;\n     |         ^^^^^^^^^^^^^^^^^^^^^^^^^^^^^^^^^^^^^^^^^\n\nwarning: unused import: `super::*`\n   --> src/set/slice.rs:334:9\n    |\n334 |     use super::*;\n    |         ^^^^^^^^\n\nwarning: unused import: `super::*`\n --> src/set/tests.rs:1:5\n  |\n1 | use super::*;\n  |     ^^^^^^^^\n\nwarning: unused import: `std::string::String`\n --> src/set/tests.rs:2:5\n  |\n2 | use std::string::String;\n  |     ^^^^^^^^^^^^^^^^^^^\n\nerror[E0119]: conflicting implementations of trait `equivalent::Equivalent<Key>` for type `Key`\n    --> src/map.rs:1717:5\n     |\n1717 |     impl Equivalent<Key> for Key {\n     |     ^^^^^^^^^^^^^^^^^^^^^^^^^^^^\n     |\n     = note: conflicting implementation in crate `equivalent`:\n             - impl<Q, K> equivalent::Equivalent<K> for Q\n               where Q: std::cmp::Eq, K: Borrow<Q>, Q: ?Sized, K: ?Sized;\n\nerror[E0599]: no method named `clone` found for struct `Key` in the current scope\n    --> src/map.rs:1727:20\n     |\n1662 |     struct Key(String);\n     |     ---------- method `clone` not found for this struct\n...\n1727 |     map.insert(key.clone(), value);\n     |                    ^^^^^ method not found in `Key`\n     |\n     = help: items from traits can only be used if the trait is implemented and in scope\n     = note: the following trait defines an item `clone`, perhaps you need to implement it:\n             candidate #1: `Clone`\n\nerror[E0369]: binary operation `==` cannot be applied to type `Option<&Value>`\n    --> src/map.rs:1730:5\n     |\n1730 |     assert_eq!(result, Some(&Value(42)));\n     |     ^^^^^^^^^^^^^^^^^^^^^^^^^^^^^^^^^^^^\n     |     |\n     |     Option<&Value>\n     |     Option<&Value>\n     |\nnote: an implementation of `PartialEq` might be missing for `Value`\n    --> src/map.rs:1678:5\n     |\n1678 |     struct Value(i32);\n     |     ^^^^^^^^^^^^ must implement `PartialEq`\n     = note: this error originates in the macro `assert_eq` (in Nightly builds, run with -Z macro-backtrace for more info)\nhelp: consider annotating `Value` with `#[derive(PartialEq)]`\n     |\n1678 +     #[derive(PartialEq)]\n1679 |     struct Value(i32);\n     |\n\nerror[E0277]: `Value` doesn't implement `Debug`\n    --> src/map.rs:1730:5\n     |\n1730 |     assert_eq!(result, Some(&Value(42)));\n     |     ^^^^^^^^^^^^^^^^^^^^^^^^^^^^^^^^^^^^ `Value` cannot be formatted using `{:?}`\n     |\n     = help: the trait `Debug` is not implemented for `Value`, which is required by `Option<&Value>: Debug`\n     = note: add `#[derive(Debug)]` to `Value` or manually `impl Debug for Value`\n     = help: the trait `Debug` is implemented for `Option<T>`\n     = note: this error originates in the macro `assert_eq` (in Nightly builds, run with -Z macro-backtrace for more info)\nhelp: consider annotating `Value` with `#[derive(Debug)]`\n     |\n1678 +     #[derive(Debug)]\n1679 |     struct Value(i32);\n     |\n\nerror[E0277]: can't compare `Key` with `Q`\n    --> src/map.rs:1697:53\n     |\n1697 |             self.entries.iter().position(|(k, _)| k == key)\n     |                                                     ^^ no implementation for `Key == Q`\n     |\n     = help: the trait `PartialEq<Q>` is not implemented for `Key`, which is required by `&Key: PartialEq<&Q>`\n     = note: required for `&Key` to implement `PartialEq<&Q>`\nhelp: consider introducing a `where` clause, but there might be an alternative better way to express this requirement\n     |\n1684 |     impl Map where Key: PartialEq<Q> {\n     |              +++++++++++++++++++++++\n\nSome errors have detailed explanations: E0119, E0277, E0369, E0599.\nFor more information about an error, try `rustc --explain E0119`.\nwarning: `indexmap` (lib test) generated 9 warnings\nerror: could not compile `indexmap` (lib test) due to 6 previous errors; 9 warnings emitted\n"
                }
              ],
              "repaired": [
                false
              ]
            }
          ]
        }
      ]
    }
  ]
}