{
  "name": "once_cell::unsync::unsync::Lazy<T, F>::force_mut",
  "name_with_impl": "once_cell::unsync::{impl#12}::force_mut",
  "mod_info": {
    "name": "unsync",
    "loc": "src/lib.rs:383:1:859:2"
  },
  "visible": true,
  "loc": "src/lib.rs:794:9:803:10",
  "fn_tests": [
    {
      "chain_id": 1,
      "prompt_conds": [
        "// constraint: this.cell.get_mut().is_none() is true\n",
        "// constraint: this.init.get_mut().take() matches Some(f) is true\n",
        "// constraint: this.init.get_mut().take() matches Some(f) is true\n",
        "// expected return value/type: this.cell.get_mut().unwrap_or_else(|| unreachable!())\n"
      ],
      "input_infer": "",
      "answers": [
        {
          "uses": [],
          "has_test_mod": false,
          "common": [],
          "chain_tests": [
            {
              "attrs": [],
              "prefix": [],
              "oracles": [],
              "codes": [
                [
                  "{",
                  "    struct TestLazy {",
                  "        cell: once_cell::unsync::OnceCell<i32>,",
                  "        init: std::option::Option<Box<dyn FnMut() -> i32>>,",
                  "    }",
                  "",
                  "    let mut lazy = TestLazy {",
                  "        cell: once_cell::unsync::OnceCell::new(),",
                  "        init: Some(Box::new(|| 42)),",
                  "    };",
                  "",
                  "    let result = force_mut(&mut lazy);",
                  "    assert_eq!(*result, 42);",
                  "    assert_eq!(lazy.cell.get_mut().unwrap(), &42);",
                  "}"
                ]
              ],
              "can_compile": [
                {
                  "Err": "   Compiling proc-macro2 v1.0.95\n   Compiling syn v1.0.109\n   Compiling quote v1.0.40\n   Compiling ntest_timeout v0.9.3\n   Compiling ntest_test_cases v0.9.3\n   Compiling ntest v0.9.3\n   Compiling once_cell v1.21.3 (/home/abezbm/rust-utgen-test-crates-new/once_cell)\nerror[E0433]: failed to resolve: use of undeclared crate or module `once_cell`\n   --> src/lib.rs:868:15\n    |\n868 |         cell: once_cell::unsync::OnceCell<i32>,\n    |               ^^^^^^^^^ use of undeclared crate or module `once_cell`\n    |\nhelp: consider importing this module\n    |\n862 +    use crate::unsync;\n    |\nhelp: if you import `unsync`, refer to it directly\n    |\n868 -         cell: once_cell::unsync::OnceCell<i32>,\n868 +         cell: unsync::OnceCell<i32>,\n    |\n\nerror[E0433]: failed to resolve: use of undeclared crate or module `once_cell`\n   --> src/lib.rs:873:15\n    |\n873 |         cell: once_cell::unsync::OnceCell::new(),\n    |               ^^^^^^^^^ use of undeclared crate or module `once_cell`\n    |\nhelp: consider importing one of these structs\n    |\n862 +    use crate::imp::OnceCell;\n    |\n862 +    use crate::sync::OnceCell;\n    |\n862 +    use crate::unsync::OnceCell;\n    |\n862 +    use std::cell::OnceCell;\n    |\nhelp: if you import `OnceCell`, refer to it directly\n    |\n873 -         cell: once_cell::unsync::OnceCell::new(),\n873 +         cell: OnceCell::new(),\n    |\n\nwarning: unused import: `std::panic`\n   --> src/imp_std.rs:292:9\n    |\n292 |     use std::panic;\n    |         ^^^^^^^^^^\n    |\n    = note: `#[warn(unused_imports)]` on by default\n\nwarning: unused imports: `sync::mpsc::channel` and `thread`\n   --> src/imp_std.rs:293:15\n    |\n293 |     use std::{sync::mpsc::channel, thread};\n    |               ^^^^^^^^^^^^^^^^^^^  ^^^^^^\n\nwarning: unused import: `super::*`\n   --> src/lib.rs:862:8\n    |\n862 |    use super::*;\n    |        ^^^^^^^^\n\nwarning: unused import: `ntest::timeout`\n   --> src/lib.rs:863:8\n    |\n863 |    use ntest::timeout;\n    |        ^^^^^^^^^^^^^^\n\nerror[E0425]: cannot find function `force_mut` in this scope\n   --> src/lib.rs:877:18\n    |\n877 |     let result = force_mut(&mut lazy);\n    |                  ^^^^^^^^^ not found in this scope\n\nSome errors have detailed explanations: E0425, E0433.\nFor more information about an error, try `rustc --explain E0425`.\nwarning: `once_cell` (lib test) generated 4 warnings\nerror: could not compile `once_cell` (lib test) due to 3 previous errors; 4 warnings emitted\n"
                }
              ],
              "repaired": [
                false
              ]
            },
            {
              "attrs": [
                "#[should_panic(expected = \"Lazy instance has previously been poisoned\")]"
              ],
              "prefix": [],
              "oracles": [],
              "codes": [
                [
                  "{",
                  "    struct TestLazy {",
                  "        cell: once_cell::unsync::OnceCell<i32>,",
                  "        init: std::option::Option<Box<dyn FnMut() -> i32>>,",
                  "    }",
                  "",
                  "    let mut lazy = TestLazy {",
                  "        cell: once_cell::unsync::OnceCell::new(),",
                  "        init: None, // This simulates the poisoned state",
                  "    };",
                  "",
                  "    force_mut(&mut lazy);",
                  "}"
                ]
              ],
              "can_compile": [
                {
                  "Err": "   Compiling proc-macro2 v1.0.95\n   Compiling syn v1.0.109\n   Compiling quote v1.0.40\n   Compiling ntest_test_cases v0.9.3\n   Compiling ntest_timeout v0.9.3\n   Compiling ntest v0.9.3\n   Compiling once_cell v1.21.3 (/home/abezbm/rust-utgen-test-crates-new/once_cell)\nerror[E0433]: failed to resolve: use of undeclared crate or module `once_cell`\n   --> src/lib.rs:869:15\n    |\n869 |         cell: once_cell::unsync::OnceCell<i32>,\n    |               ^^^^^^^^^ use of undeclared crate or module `once_cell`\n    |\nhelp: consider importing this module\n    |\n862 +    use crate::unsync;\n    |\nhelp: if you import `unsync`, refer to it directly\n    |\n869 -         cell: once_cell::unsync::OnceCell<i32>,\n869 +         cell: unsync::OnceCell<i32>,\n    |\n\nerror[E0433]: failed to resolve: use of undeclared crate or module `once_cell`\n   --> src/lib.rs:874:15\n    |\n874 |         cell: once_cell::unsync::OnceCell::new(),\n    |               ^^^^^^^^^ use of undeclared crate or module `once_cell`\n    |\nhelp: consider importing one of these structs\n    |\n862 +    use crate::imp::OnceCell;\n    |\n862 +    use crate::sync::OnceCell;\n    |\n862 +    use crate::unsync::OnceCell;\n    |\n862 +    use std::cell::OnceCell;\n    |\nhelp: if you import `OnceCell`, refer to it directly\n    |\n874 -         cell: once_cell::unsync::OnceCell::new(),\n874 +         cell: OnceCell::new(),\n    |\n\nwarning: unused import: `std::panic`\n   --> src/imp_std.rs:292:9\n    |\n292 |     use std::panic;\n    |         ^^^^^^^^^^\n    |\n    = note: `#[warn(unused_imports)]` on by default\n\nwarning: unused imports: `sync::mpsc::channel` and `thread`\n   --> src/imp_std.rs:293:15\n    |\n293 |     use std::{sync::mpsc::channel, thread};\n    |               ^^^^^^^^^^^^^^^^^^^  ^^^^^^\n\nwarning: unused import: `super::*`\n   --> src/lib.rs:862:8\n    |\n862 |    use super::*;\n    |        ^^^^^^^^\n\nwarning: unused import: `ntest::timeout`\n   --> src/lib.rs:863:8\n    |\n863 |    use ntest::timeout;\n    |        ^^^^^^^^^^^^^^\n\nerror[E0425]: cannot find function `force_mut` in this scope\n   --> src/lib.rs:878:5\n    |\n878 |     force_mut(&mut lazy);\n    |     ^^^^^^^^^ not found in this scope\n\nSome errors have detailed explanations: E0425, E0433.\nFor more information about an error, try `rustc --explain E0425`.\nwarning: `once_cell` (lib test) generated 4 warnings\nerror: could not compile `once_cell` (lib test) due to 3 previous errors; 4 warnings emitted\n"
                }
              ],
              "repaired": [
                false
              ]
            }
          ]
        }
      ]
    },
    {
      "chain_id": 2,
      "prompt_conds": [
        "// constraint: this.cell.get_mut().is_none() is true\n",
        "// constraint: this.init.get_mut().take() matches None is true\n"
      ],
      "input_infer": "",
      "answers": [
        {
          "uses": [],
          "has_test_mod": false,
          "common": [],
          "chain_tests": [
            {
              "attrs": [],
              "prefix": [],
              "oracles": [],
              "codes": [
                [
                  "{",
                  "    struct Lazy<T, F> {",
                  "        cell: OnceCell<T>,",
                  "        init: Option<F>,",
                  "    }",
                  "",
                  "    struct OnceCell<T> {",
                  "        value: Option<T>,",
                  "    }",
                  "",
                  "    impl<T> OnceCell<T> {",
                  "        fn new() -> Self {",
                  "            OnceCell { value: None }",
                  "        }",
                  "",
                  "        fn with_value(value: T) -> Self {",
                  "            OnceCell { value: Some(value) }",
                  "        }",
                  "",
                  "        fn get_mut(&mut self) -> Option<&mut T> {",
                  "            self.value.as_mut()",
                  "        }",
                  "    }",
                  "",
                  "    impl<T> Lazy<T, ()> {",
                  "        fn new<Fn>(_f: Fn) -> Self {",
                  "            Lazy {",
                  "                cell: OnceCell::new(),",
                  "                init: None,",
                  "            }",
                  "        }",
                  "    }",
                  "",
                  "    let mut lazy: Lazy<i32, ()> = Lazy::new(|| 92);",
                  "    let result = std::panic::catch_unwind(|| {",
                  "        force_mut(&mut lazy);",
                  "    });",
                  "    ",
                  "    assert!(result.is_err());",
                  "}"
                ]
              ],
              "can_compile": [
                {
                  "Err": "   Compiling proc-macro2 v1.0.95\n   Compiling syn v1.0.109\n   Compiling quote v1.0.40\n   Compiling ntest_timeout v0.9.3\n   Compiling ntest_test_cases v0.9.3\n   Compiling ntest v0.9.3\n   Compiling once_cell v1.21.3 (/home/abezbm/rust-utgen-test-crates-new/once_cell)\nwarning: unused import: `std::panic`\n   --> src/imp_std.rs:292:9\n    |\n292 |     use std::panic;\n    |         ^^^^^^^^^^\n    |\n    = note: `#[warn(unused_imports)]` on by default\n\nwarning: unused imports: `sync::mpsc::channel` and `thread`\n   --> src/imp_std.rs:293:15\n    |\n293 |     use std::{sync::mpsc::channel, thread};\n    |               ^^^^^^^^^^^^^^^^^^^  ^^^^^^\n\nwarning: unused import: `super::*`\n   --> src/lib.rs:862:8\n    |\n862 |    use super::*;\n    |        ^^^^^^^^\n\nwarning: unused import: `ntest::timeout`\n   --> src/lib.rs:863:8\n    |\n863 |    use ntest::timeout;\n    |        ^^^^^^^^^^^^^^\n\nerror[E0425]: cannot find function `force_mut` in this scope\n   --> src/lib.rs:901:9\n    |\n901 |         force_mut(&mut lazy);\n    |         ^^^^^^^^^ not found in this scope\n\nFor more information about this error, try `rustc --explain E0425`.\nwarning: `once_cell` (lib test) generated 4 warnings\nerror: could not compile `once_cell` (lib test) due to 1 previous error; 4 warnings emitted\n"
                }
              ],
              "repaired": [
                false
              ]
            },
            {
              "attrs": [
                "#[should_panic(expected = \"Lazy instance has previously been poisoned\")]"
              ],
              "prefix": [],
              "oracles": [],
              "codes": [
                [
                  "{",
                  "    struct Lazy<T, F> {",
                  "        cell: OnceCell<T>,",
                  "        init: Option<F>,",
                  "    }",
                  "",
                  "    struct OnceCell<T> {",
                  "        value: Option<T>,",
                  "    }",
                  "",
                  "    impl<T> OnceCell<T> {",
                  "        fn new() -> Self {",
                  "            OnceCell { value: None }",
                  "        }",
                  "",
                  "        fn with_value(value: T) -> Self {",
                  "            OnceCell { value: Some(value) }",
                  "        }",
                  "",
                  "        fn get_mut(&mut self) -> Option<&mut T> {",
                  "            self.value.as_mut()",
                  "        }",
                  "    }",
                  "",
                  "    impl<T> Lazy<T, ()> {",
                  "        fn new<Fn>(_f: Fn) -> Self {",
                  "            Lazy {",
                  "                cell: OnceCell::new(),",
                  "                init: None,",
                  "            }",
                  "        }",
                  "    }",
                  "",
                  "    let mut lazy: Lazy<i32, ()> = Lazy::new(|| 92);",
                  "    ",
                  "    // Simulate poisoned state by setting init to None",
                  "    lazy.init = None;",
                  "",
                  "    let result = std::panic::catch_unwind(|| {",
                  "        force_mut(&mut lazy);",
                  "    });",
                  "    ",
                  "    assert!(result.is_err());",
                  "}"
                ]
              ],
              "can_compile": [
                {
                  "Err": "   Compiling proc-macro2 v1.0.95\n   Compiling syn v1.0.109\n   Compiling quote v1.0.40\n   Compiling ntest_timeout v0.9.3\n   Compiling ntest_test_cases v0.9.3\n   Compiling ntest v0.9.3\n   Compiling once_cell v1.21.3 (/home/abezbm/rust-utgen-test-crates-new/once_cell)\nwarning: unused import: `std::panic`\n   --> src/imp_std.rs:292:9\n    |\n292 |     use std::panic;\n    |         ^^^^^^^^^^\n    |\n    = note: `#[warn(unused_imports)]` on by default\n\nwarning: unused imports: `sync::mpsc::channel` and `thread`\n   --> src/imp_std.rs:293:15\n    |\n293 |     use std::{sync::mpsc::channel, thread};\n    |               ^^^^^^^^^^^^^^^^^^^  ^^^^^^\n\nwarning: unused import: `super::*`\n   --> src/lib.rs:862:8\n    |\n862 |    use super::*;\n    |        ^^^^^^^^\n\nwarning: unused import: `ntest::timeout`\n   --> src/lib.rs:863:8\n    |\n863 |    use ntest::timeout;\n    |        ^^^^^^^^^^^^^^\n\nerror[E0425]: cannot find function `force_mut` in this scope\n   --> src/lib.rs:906:9\n    |\n906 |         force_mut(&mut lazy);\n    |         ^^^^^^^^^ not found in this scope\n\nFor more information about this error, try `rustc --explain E0425`.\nwarning: `once_cell` (lib test) generated 4 warnings\nerror: could not compile `once_cell` (lib test) due to 1 previous error; 4 warnings emitted\n"
                }
              ],
              "repaired": [
                false
              ]
            }
          ]
        }
      ]
    },
    {
      "chain_id": 3,
      "prompt_conds": [
        "// constraint: this.cell.get_mut().is_none() is false\n",
        "// expected return value/type: this.cell.get_mut().unwrap_or_else(|| unreachable!())\n"
      ],
      "input_infer": "",
      "answers": [
        {
          "uses": [
            "use once_cell::unsync::Lazy;",
            "use once_cell::unsync::OnceCell;"
          ],
          "has_test_mod": false,
          "common": [],
          "chain_tests": [
            {
              "attrs": [],
              "prefix": [],
              "oracles": [],
              "codes": [
                [
                  "{",
                  "    use once_cell::unsync::{Lazy, OnceCell};",
                  "",
                  "    struct TestFunc;",
                  "    ",
                  "    impl TestFunc {",
                  "        fn new() -> Self {",
                  "            TestFunc",
                  "        }",
                  "    }",
                  "",
                  "    let mut lazy = Lazy::new(|| 42); // Initialization that returns 42",
                  "    let _ = Lazy::force_mut(&mut lazy); // Forces evaluation, should initialize",
                  "    let result = Lazy::force_mut(&mut lazy); // Should not panic, and return a mutable reference",
                  "",
                  "    assert_eq!(*result, 42); // Evaluating the result should still yield 42",
                  "    assert!(lazy.cell.get_mut().is_some()); // Ensure that cell is no longer empty",
                  "}"
                ]
              ],
              "can_compile": [
                {
                  "Err": "   Compiling proc-macro2 v1.0.95\n   Compiling syn v1.0.109\n   Compiling quote v1.0.40\n   Compiling ntest_timeout v0.9.3\n   Compiling ntest_test_cases v0.9.3\n   Compiling ntest v0.9.3\n   Compiling once_cell v1.21.3 (/home/abezbm/rust-utgen-test-crates-new/once_cell)\nerror[E0433]: failed to resolve: use of undeclared crate or module `once_cell`\n   --> src/lib.rs:867:9\n    |\n867 |     use once_cell::unsync::{Lazy, OnceCell};\n    |         ^^^^^^^^^ use of undeclared crate or module `once_cell`\n\nwarning: unused import: `std::panic`\n   --> src/imp_std.rs:292:9\n    |\n292 |     use std::panic;\n    |         ^^^^^^^^^^\n    |\n    = note: `#[warn(unused_imports)]` on by default\n\nwarning: unused imports: `sync::mpsc::channel` and `thread`\n   --> src/imp_std.rs:293:15\n    |\n293 |     use std::{sync::mpsc::channel, thread};\n    |               ^^^^^^^^^^^^^^^^^^^  ^^^^^^\n\nwarning: unused import: `super::*`\n   --> src/lib.rs:862:8\n    |\n862 |    use super::*;\n    |        ^^^^^^^^\n\nwarning: unused import: `ntest::timeout`\n   --> src/lib.rs:863:8\n    |\n863 |    use ntest::timeout;\n    |        ^^^^^^^^^^^^^^\n\nFor more information about this error, try `rustc --explain E0433`.\nwarning: `once_cell` (lib test) generated 4 warnings\nerror: could not compile `once_cell` (lib test) due to 1 previous error; 4 warnings emitted\n"
                }
              ],
              "repaired": [
                false
              ]
            },
            {
              "attrs": [
                "#[should_panic]"
              ],
              "prefix": [],
              "oracles": [],
              "codes": [
                [
                  "{",
                  "    use once_cell::unsync::{Lazy, OnceCell};",
                  "",
                  "    struct PoisonedFunc;",
                  "    ",
                  "    impl PoisonedFunc {",
                  "        fn new() -> Self {",
                  "            PoisonedFunc",
                  "        }",
                  "    }",
                  "",
                  "    let mut lazy = Lazy::new(|| panic!(\"Lazy instance has previously been poisoned\"));",
                  "",
                  "    // First call to force_mut will panic",
                  "    let _ = Lazy::force_mut(&mut lazy); ",
                  "}"
                ]
              ],
              "can_compile": [
                {
                  "Err": "   Compiling proc-macro2 v1.0.95\n   Compiling syn v1.0.109\n   Compiling quote v1.0.40\n   Compiling ntest_test_cases v0.9.3\n   Compiling ntest_timeout v0.9.3\n   Compiling ntest v0.9.3\n   Compiling once_cell v1.21.3 (/home/abezbm/rust-utgen-test-crates-new/once_cell)\nerror[E0433]: failed to resolve: use of undeclared crate or module `once_cell`\n   --> src/lib.rs:868:9\n    |\n868 |     use once_cell::unsync::{Lazy, OnceCell};\n    |         ^^^^^^^^^ use of undeclared crate or module `once_cell`\n\nwarning: unused import: `std::panic`\n   --> src/imp_std.rs:292:9\n    |\n292 |     use std::panic;\n    |         ^^^^^^^^^^\n    |\n    = note: `#[warn(unused_imports)]` on by default\n\nwarning: unused imports: `sync::mpsc::channel` and `thread`\n   --> src/imp_std.rs:293:15\n    |\n293 |     use std::{sync::mpsc::channel, thread};\n    |               ^^^^^^^^^^^^^^^^^^^  ^^^^^^\n\nwarning: unused import: `super::*`\n   --> src/lib.rs:862:8\n    |\n862 |    use super::*;\n    |        ^^^^^^^^\n\nwarning: unused import: `ntest::timeout`\n   --> src/lib.rs:863:8\n    |\n863 |    use ntest::timeout;\n    |        ^^^^^^^^^^^^^^\n\nFor more information about this error, try `rustc --explain E0433`.\nwarning: `once_cell` (lib test) generated 4 warnings\nerror: could not compile `once_cell` (lib test) due to 1 previous error; 4 warnings emitted\n"
                }
              ],
              "repaired": [
                false
              ]
            }
          ]
        }
      ]
    }
  ]
}