{
  "name": "http::uri::scheme::<uri::scheme::Scheme as std::hash::Hash>::hash",
  "name_with_impl": "http::uri::scheme::{impl#11}::hash",
  "mod_info": {
    "name": "uri::scheme",
    "loc": "src/uri/mod.rs:47:1:47:12"
  },
  "visible": true,
  "loc": "src/uri/scheme.rs:168:5:183:6",
  "fn_tests": [
    {
      "chain_id": 1,
      "prompt_conds": [
        "// constraint: self.inner matches Scheme2::Other(ref other) is true\n",
        "// constraint: &b in other.as_bytes() is true\n",
        "// constraint: &b in other.as_bytes() is false\n"
      ],
      "input_infer": "",
      "answers": [
        {
          "uses": [
            "use std::collections::hash_map::DefaultHasher;",
            "use super::*;",
            "use std::hash::Hash;",
            "use std::hash::Hasher;"
          ],
          "has_test_mod": true,
          "common": [
            "#[derive(Debug)]",
            "enum Protocol {",
            "    Http,",
            "    Https,",
            "}",
            "",
            "#[derive(Debug)]",
            "enum Scheme2 {",
            "    None,",
            "    Standard(Protocol),",
            "    Other(String),",
            "}",
            "",
            "struct Uri {",
            "    inner: Scheme2,",
            "}",
            "",
            "",
            "impl Uri {",
            "    fn hash<H>(&self, state: &mut H)",
            "    where",
            "        H: Hasher,",
            "    {",
            "        match self.inner {",
            "            Scheme2::None => (),",
            "            Scheme2::Standard(Protocol::Http) => state.write_u8(1),",
            "            Scheme2::Standard(Protocol::Https) => state.write_u8(2),",
            "            Scheme2::Other(ref other) => {",
            "                other.len().hash(state);",
            "                for &b in other.as_bytes() {",
            "                    state.write_u8(b.to_ascii_lowercase());",
            "                }",
            "            }",
            "        }",
            "    }",
            "}"
          ],
          "chain_tests": [
            {
              "attrs": [],
              "prefix": [],
              "oracles": [],
              "codes": [
                [
                  "{",
                  "    let uri = Uri {",
                  "        inner: Scheme2::Other(\"Example\".to_string()),",
                  "    };",
                  "    let mut hasher = DefaultHasher::new();",
                  "    uri.hash(&mut hasher);",
                  "    let result = hasher.finish();",
                  "    // Assert on the result as needed based on the expected hashing output",
                  "}"
                ]
              ],
              "can_compile": [
                {
                  "Err": "   Compiling libc v0.2.172\n   Compiling proc-macro2 v1.0.95\n   Compiling zerocopy v0.8.25\n   Compiling syn v1.0.109\n   Compiling serde v1.0.219\n   Compiling serde_json v1.0.140\n   Compiling doc-comment v0.3.3\n   Compiling quote v1.0.40\n   Compiling getrandom v0.2.16\n   Compiling rand_core v0.6.4\n   Compiling ppv-lite86 v0.2.21\n   Compiling rand_chacha v0.3.1\n   Compiling rand v0.8.5\n   Compiling quickcheck v1.0.3\n   Compiling ntest_test_cases v0.9.3\n   Compiling ntest_timeout v0.9.3\n   Compiling ntest v0.9.3\n   Compiling http v1.3.1 (/home/abezbm/rust-utgen-test-crates-new/http)\nerror[E0433]: failed to resolve: use of undeclared type `DefaultHasher`\n   --> src/uri/scheme.rs:409:22\n    |\n409 |     let mut hasher = DefaultHasher::new();\n    |                      ^^^^^^^^^^^^^ use of undeclared type `DefaultHasher`\n    |\nhelp: consider importing this struct\n    |\n364 +    use std::hash::DefaultHasher;\n    |\n\nwarning: unused import: `self::StandardHeader::Vary`\n    --> src/header/name.rs:1676:9\n     |\n1676 |     use self::StandardHeader::Vary;\n     |         ^^^^^^^^^^^^^^^^^^^^^^^^^^\n     |\n     = note: `#[warn(unused_imports)]` on by default\n\nwarning: unused import: `super::*`\n   --> src/header/value.rs:481:9\n    |\n481 |     use super::*;\n    |         ^^^^^^^^\n\nwarning: unused import: `crate::header::map::HeaderMap`\n   --> src/header/value.rs:482:9\n    |\n482 |     use crate::header::map::HeaderMap;\n    |         ^^^^^^^^^^^^^^^^^^^^^^^^^^^^^\n\nwarning: unused import: `crate::header::name`\n   --> src/header/value.rs:483:9\n    |\n483 |     use crate::header::name;\n    |         ^^^^^^^^^^^^^^^^^^^\n\nwarning: unused import: `super::*`\n   --> src/header/value.rs:568:9\n    |\n568 |     use super::*;\n    |         ^^^^^^^^\n\nwarning: unused import: `crate::header::name`\n   --> src/header/value.rs:569:9\n    |\n569 |     use crate::header::name;\n    |         ^^^^^^^^^^^^^^^^^^^\n\nwarning: unused import: `super::*`\n   --> src/method.rs:424:9\n    |\n424 |     use super::*;\n    |         ^^^^^^^^\n\nwarning: unused import: `super::*`\n    --> src/request.rs:1063:9\n     |\n1063 |     use super::*;\n     |         ^^^^^^^^\n\nwarning: unused import: `super::*`\n   --> src/response.rs:776:9\n    |\n776 |     use super::*;\n    |         ^^^^^^^^\n\nwarning: unused import: `super::*`\n   --> src/uri/authority.rs:533:9\n    |\n533 |     use super::*;\n    |         ^^^^^^^^\n\nwarning: unused import: `super::*`\n   --> src/uri/builder.rs:165:9\n    |\n165 |     use super::*;\n    |         ^^^^^^^^\n\nwarning: unused import: `super::*`\n   --> src/uri/port.rs:115:9\n    |\n115 |     use super::*;\n    |         ^^^^^^^^\n\nwarning: unused import: `ntest::timeout`\n   --> src/uri/scheme.rs:365:8\n    |\n365 |    use ntest::timeout;\n    |        ^^^^^^^^^^^^^^\n\nwarning: unused import: `super::*`\n   --> src/error.rs:143:9\n    |\n143 |     use super::*;\n    |         ^^^^^^^^\n\nwarning: unused import: `super::*`\n   --> src/lib.rs:197:9\n    |\n197 |     use super::*;\n    |         ^^^^^^^^\n\nFor more information about this error, try `rustc --explain E0433`.\nwarning: `http` (lib test) generated 15 warnings\nerror: could not compile `http` (lib test) due to 1 previous error; 15 warnings emitted\n"
                }
              ],
              "repaired": [
                false
              ]
            },
            {
              "attrs": [],
              "prefix": [],
              "oracles": [],
              "codes": [
                [
                  "{",
                  "    let uri = Uri {",
                  "        inner: Scheme2::Other(\"\".to_string()),",
                  "    };",
                  "    let mut hasher = DefaultHasher::new();",
                  "    uri.hash(&mut hasher);",
                  "    let result = hasher.finish();",
                  "    // Assert on the result as needed; it should handle empty string gracefully",
                  "}"
                ]
              ],
              "can_compile": [
                {
                  "Err": "   Compiling libc v0.2.172\n   Compiling proc-macro2 v1.0.95\n   Compiling zerocopy v0.8.25\n   Compiling syn v1.0.109\n   Compiling serde v1.0.219\n   Compiling serde_json v1.0.140\n   Compiling doc-comment v0.3.3\n   Compiling quote v1.0.40\n   Compiling getrandom v0.2.16\n   Compiling rand_core v0.6.4\n   Compiling ppv-lite86 v0.2.21\n   Compiling rand_chacha v0.3.1\n   Compiling rand v0.8.5\n   Compiling quickcheck v1.0.3\n   Compiling ntest_timeout v0.9.3\n   Compiling ntest_test_cases v0.9.3\n   Compiling ntest v0.9.3\n   Compiling http v1.3.1 (/home/abezbm/rust-utgen-test-crates-new/http)\nerror[E0433]: failed to resolve: use of undeclared type `DefaultHasher`\n   --> src/uri/scheme.rs:409:22\n    |\n409 |     let mut hasher = DefaultHasher::new();\n    |                      ^^^^^^^^^^^^^ use of undeclared type `DefaultHasher`\n    |\nhelp: consider importing this struct\n    |\n364 +    use std::hash::DefaultHasher;\n    |\n\nwarning: unused import: `self::StandardHeader::Vary`\n    --> src/header/name.rs:1676:9\n     |\n1676 |     use self::StandardHeader::Vary;\n     |         ^^^^^^^^^^^^^^^^^^^^^^^^^^\n     |\n     = note: `#[warn(unused_imports)]` on by default\n\nwarning: unused import: `super::*`\n   --> src/header/value.rs:481:9\n    |\n481 |     use super::*;\n    |         ^^^^^^^^\n\nwarning: unused import: `crate::header::map::HeaderMap`\n   --> src/header/value.rs:482:9\n    |\n482 |     use crate::header::map::HeaderMap;\n    |         ^^^^^^^^^^^^^^^^^^^^^^^^^^^^^\n\nwarning: unused import: `crate::header::name`\n   --> src/header/value.rs:483:9\n    |\n483 |     use crate::header::name;\n    |         ^^^^^^^^^^^^^^^^^^^\n\nwarning: unused import: `super::*`\n   --> src/header/value.rs:568:9\n    |\n568 |     use super::*;\n    |         ^^^^^^^^\n\nwarning: unused import: `crate::header::name`\n   --> src/header/value.rs:569:9\n    |\n569 |     use crate::header::name;\n    |         ^^^^^^^^^^^^^^^^^^^\n\nwarning: unused import: `super::*`\n   --> src/method.rs:424:9\n    |\n424 |     use super::*;\n    |         ^^^^^^^^\n\nwarning: unused import: `super::*`\n    --> src/request.rs:1063:9\n     |\n1063 |     use super::*;\n     |         ^^^^^^^^\n\nwarning: unused import: `super::*`\n   --> src/response.rs:776:9\n    |\n776 |     use super::*;\n    |         ^^^^^^^^\n\nwarning: unused import: `super::*`\n   --> src/uri/authority.rs:533:9\n    |\n533 |     use super::*;\n    |         ^^^^^^^^\n\nwarning: unused import: `super::*`\n   --> src/uri/builder.rs:165:9\n    |\n165 |     use super::*;\n    |         ^^^^^^^^\n\nwarning: unused import: `super::*`\n   --> src/uri/port.rs:115:9\n    |\n115 |     use super::*;\n    |         ^^^^^^^^\n\nwarning: unused import: `ntest::timeout`\n   --> src/uri/scheme.rs:365:8\n    |\n365 |    use ntest::timeout;\n    |        ^^^^^^^^^^^^^^\n\nwarning: unused import: `super::*`\n   --> src/error.rs:143:9\n    |\n143 |     use super::*;\n    |         ^^^^^^^^\n\nwarning: unused import: `super::*`\n   --> src/lib.rs:197:9\n    |\n197 |     use super::*;\n    |         ^^^^^^^^\n\nFor more information about this error, try `rustc --explain E0433`.\nwarning: `http` (lib test) generated 15 warnings\nerror: could not compile `http` (lib test) due to 1 previous error; 15 warnings emitted\n"
                }
              ],
              "repaired": [
                false
              ]
            },
            {
              "attrs": [],
              "prefix": [],
              "oracles": [],
              "codes": [
                [
                  "{",
                  "    let uri = Uri {",
                  "        inner: Scheme2::Other(\"Example@2023!\".to_string()),",
                  "    };",
                  "    let mut hasher = DefaultHasher::new();",
                  "    uri.hash(&mut hasher);",
                  "    let result = hasher.finish();",
                  "    // Assert on the result as needed; special characters should be handled properly",
                  "}"
                ]
              ],
              "can_compile": [
                {
                  "Err": "   Compiling proc-macro2 v1.0.95\n   Compiling libc v0.2.172\n   Compiling zerocopy v0.8.25\n   Compiling syn v1.0.109\n   Compiling serde v1.0.219\n   Compiling serde_json v1.0.140\n   Compiling doc-comment v0.3.3\n   Compiling quote v1.0.40\n   Compiling getrandom v0.2.16\n   Compiling rand_core v0.6.4\n   Compiling ppv-lite86 v0.2.21\n   Compiling rand_chacha v0.3.1\n   Compiling rand v0.8.5\n   Compiling quickcheck v1.0.3\n   Compiling ntest_test_cases v0.9.3\n   Compiling ntest_timeout v0.9.3\n   Compiling ntest v0.9.3\n   Compiling http v1.3.1 (/home/abezbm/rust-utgen-test-crates-new/http)\nerror[E0433]: failed to resolve: use of undeclared type `DefaultHasher`\n   --> src/uri/scheme.rs:409:22\n    |\n409 |     let mut hasher = DefaultHasher::new();\n    |                      ^^^^^^^^^^^^^ use of undeclared type `DefaultHasher`\n    |\nhelp: consider importing this struct\n    |\n364 +    use std::hash::DefaultHasher;\n    |\n\nwarning: unused import: `self::StandardHeader::Vary`\n    --> src/header/name.rs:1676:9\n     |\n1676 |     use self::StandardHeader::Vary;\n     |         ^^^^^^^^^^^^^^^^^^^^^^^^^^\n     |\n     = note: `#[warn(unused_imports)]` on by default\n\nwarning: unused import: `super::*`\n   --> src/header/value.rs:481:9\n    |\n481 |     use super::*;\n    |         ^^^^^^^^\n\nwarning: unused import: `crate::header::map::HeaderMap`\n   --> src/header/value.rs:482:9\n    |\n482 |     use crate::header::map::HeaderMap;\n    |         ^^^^^^^^^^^^^^^^^^^^^^^^^^^^^\n\nwarning: unused import: `crate::header::name`\n   --> src/header/value.rs:483:9\n    |\n483 |     use crate::header::name;\n    |         ^^^^^^^^^^^^^^^^^^^\n\nwarning: unused import: `super::*`\n   --> src/header/value.rs:568:9\n    |\n568 |     use super::*;\n    |         ^^^^^^^^\n\nwarning: unused import: `crate::header::name`\n   --> src/header/value.rs:569:9\n    |\n569 |     use crate::header::name;\n    |         ^^^^^^^^^^^^^^^^^^^\n\nwarning: unused import: `super::*`\n   --> src/method.rs:424:9\n    |\n424 |     use super::*;\n    |         ^^^^^^^^\n\nwarning: unused import: `super::*`\n    --> src/request.rs:1063:9\n     |\n1063 |     use super::*;\n     |         ^^^^^^^^\n\nwarning: unused import: `super::*`\n   --> src/response.rs:776:9\n    |\n776 |     use super::*;\n    |         ^^^^^^^^\n\nwarning: unused import: `super::*`\n   --> src/uri/authority.rs:533:9\n    |\n533 |     use super::*;\n    |         ^^^^^^^^\n\nwarning: unused import: `super::*`\n   --> src/uri/builder.rs:165:9\n    |\n165 |     use super::*;\n    |         ^^^^^^^^\n\nwarning: unused import: `super::*`\n   --> src/uri/port.rs:115:9\n    |\n115 |     use super::*;\n    |         ^^^^^^^^\n\nwarning: unused import: `ntest::timeout`\n   --> src/uri/scheme.rs:365:8\n    |\n365 |    use ntest::timeout;\n    |        ^^^^^^^^^^^^^^\n\nwarning: unused import: `super::*`\n   --> src/error.rs:143:9\n    |\n143 |     use super::*;\n    |         ^^^^^^^^\n\nwarning: unused import: `super::*`\n   --> src/lib.rs:197:9\n    |\n197 |     use super::*;\n    |         ^^^^^^^^\n\nFor more information about this error, try `rustc --explain E0433`.\nwarning: `http` (lib test) generated 15 warnings\nerror: could not compile `http` (lib test) due to 1 previous error; 15 warnings emitted\n"
                }
              ],
              "repaired": [
                false
              ]
            },
            {
              "attrs": [],
              "prefix": [],
              "oracles": [],
              "codes": [
                [
                  "{",
                  "    let uri = Uri {",
                  "        inner: Scheme2::Other(\"EXAMPLE\".to_string()),",
                  "    };",
                  "    let mut hasher = DefaultHasher::new();",
                  "    uri.hash(&mut hasher);",
                  "    let result = hasher.finish();",
                  "    // Assert on the result as needed; should be consistent with lowercase conversion",
                  "}"
                ]
              ],
              "can_compile": [
                {
                  "Err": "   Compiling libc v0.2.172\n   Compiling proc-macro2 v1.0.95\n   Compiling zerocopy v0.8.25\n   Compiling syn v1.0.109\n   Compiling serde v1.0.219\n   Compiling serde_json v1.0.140\n   Compiling doc-comment v0.3.3\n   Compiling quote v1.0.40\n   Compiling getrandom v0.2.16\n   Compiling rand_core v0.6.4\n   Compiling ppv-lite86 v0.2.21\n   Compiling rand_chacha v0.3.1\n   Compiling rand v0.8.5\n   Compiling quickcheck v1.0.3\n   Compiling ntest_test_cases v0.9.3\n   Compiling ntest_timeout v0.9.3\n   Compiling ntest v0.9.3\n   Compiling http v1.3.1 (/home/abezbm/rust-utgen-test-crates-new/http)\nerror[E0433]: failed to resolve: use of undeclared type `DefaultHasher`\n   --> src/uri/scheme.rs:409:22\n    |\n409 |     let mut hasher = DefaultHasher::new();\n    |                      ^^^^^^^^^^^^^ use of undeclared type `DefaultHasher`\n    |\nhelp: consider importing this struct\n    |\n364 +    use std::hash::DefaultHasher;\n    |\n\nwarning: unused import: `self::StandardHeader::Vary`\n    --> src/header/name.rs:1676:9\n     |\n1676 |     use self::StandardHeader::Vary;\n     |         ^^^^^^^^^^^^^^^^^^^^^^^^^^\n     |\n     = note: `#[warn(unused_imports)]` on by default\n\nwarning: unused import: `super::*`\n   --> src/header/value.rs:481:9\n    |\n481 |     use super::*;\n    |         ^^^^^^^^\n\nwarning: unused import: `crate::header::map::HeaderMap`\n   --> src/header/value.rs:482:9\n    |\n482 |     use crate::header::map::HeaderMap;\n    |         ^^^^^^^^^^^^^^^^^^^^^^^^^^^^^\n\nwarning: unused import: `crate::header::name`\n   --> src/header/value.rs:483:9\n    |\n483 |     use crate::header::name;\n    |         ^^^^^^^^^^^^^^^^^^^\n\nwarning: unused import: `super::*`\n   --> src/header/value.rs:568:9\n    |\n568 |     use super::*;\n    |         ^^^^^^^^\n\nwarning: unused import: `crate::header::name`\n   --> src/header/value.rs:569:9\n    |\n569 |     use crate::header::name;\n    |         ^^^^^^^^^^^^^^^^^^^\n\nwarning: unused import: `super::*`\n   --> src/method.rs:424:9\n    |\n424 |     use super::*;\n    |         ^^^^^^^^\n\nwarning: unused import: `super::*`\n    --> src/request.rs:1063:9\n     |\n1063 |     use super::*;\n     |         ^^^^^^^^\n\nwarning: unused import: `super::*`\n   --> src/response.rs:776:9\n    |\n776 |     use super::*;\n    |         ^^^^^^^^\n\nwarning: unused import: `super::*`\n   --> src/uri/authority.rs:533:9\n    |\n533 |     use super::*;\n    |         ^^^^^^^^\n\nwarning: unused import: `super::*`\n   --> src/uri/builder.rs:165:9\n    |\n165 |     use super::*;\n    |         ^^^^^^^^\n\nwarning: unused import: `super::*`\n   --> src/uri/port.rs:115:9\n    |\n115 |     use super::*;\n    |         ^^^^^^^^\n\nwarning: unused import: `ntest::timeout`\n   --> src/uri/scheme.rs:365:8\n    |\n365 |    use ntest::timeout;\n    |        ^^^^^^^^^^^^^^\n\nwarning: unused import: `super::*`\n   --> src/error.rs:143:9\n    |\n143 |     use super::*;\n    |         ^^^^^^^^\n\nwarning: unused import: `super::*`\n   --> src/lib.rs:197:9\n    |\n197 |     use super::*;\n    |         ^^^^^^^^\n\nFor more information about this error, try `rustc --explain E0433`.\nwarning: `http` (lib test) generated 15 warnings\nerror: could not compile `http` (lib test) due to 1 previous error; 15 warnings emitted\n"
                }
              ],
              "repaired": [
                false
              ]
            }
          ]
        }
      ]
    },
    {
      "chain_id": 2,
      "prompt_conds": [
        "// constraint: self.inner matches Scheme2::Other(ref other) is true\n",
        "// constraint: &b in other.as_bytes() is false\n"
      ],
      "input_infer": "",
      "answers": [
        {
          "uses": [],
          "has_test_mod": false,
          "common": [
            "#[derive(Debug)]",
            "struct ExampleHasher {",
            "    value: Vec<u8>,",
            "}",
            "",
            "impl std::hash::Hasher for ExampleHasher {",
            "    fn finish(&self) -> u64 {",
            "        self.value.iter().fold(0, |acc, &b| acc.wrapping_add(b as u64))",
            "    }",
            "",
            "    fn write(&mut self, bytes: &[u8]) {",
            "        self.value.extend_from_slice(bytes);",
            "    }",
            "",
            "    fn write_u8(&mut self, i: u8) {",
            "        self.value.push(i);",
            "    }",
            "}",
            "",
            "#[derive(Debug)]",
            "enum Protocol {",
            "    Http,",
            "    Https,",
            "}",
            "",
            "#[derive(Debug)]",
            "enum Scheme2 {",
            "    None,",
            "    Standard(Protocol),",
            "    Other(String),",
            "}",
            "",
            "#[derive(Debug)]",
            "struct Uri {",
            "    inner: Scheme2,",
            "}",
            "",
            "impl Uri {",
            "    fn hash<H>(&self, state: &mut H)",
            "    where",
            "        H: std::hash::Hasher,",
            "    {",
            "        match self.inner {",
            "            Scheme2::None => (),",
            "            Scheme2::Standard(Protocol::Http) => state.write_u8(1),",
            "            Scheme2::Standard(Protocol::Https) => state.write_u8(2),",
            "            Scheme2::Other(ref other) => {",
            "                other.len().hash(state);",
            "                for &b in other.as_bytes() {",
            "                    state.write_u8(b.to_ascii_lowercase());",
            "                }",
            "            }",
            "        }",
            "    }",
            "}"
          ],
          "chain_tests": [
            {
              "attrs": [],
              "prefix": [],
              "oracles": [],
              "codes": [
                [
                  "{",
                  "    let mut hasher = ExampleHasher { value: Vec::new() };",
                  "    let uri = Uri {",
                  "        inner: Scheme2::Other(String::new()), // Constraint: Empty string, &b in other.as_bytes() is false",
                  "    };",
                  "    uri.hash(&mut hasher);",
                  "    assert_eq!(hasher.value, vec![0]); // The length of the empty string is 0, should write nothing else.",
                  "}"
                ]
              ],
              "can_compile": [
                {
                  "Ok": null
                }
              ],
              "repaired": [
                false
              ]
            },
            {
              "attrs": [],
              "prefix": [],
              "oracles": [],
              "codes": [
                [
                  "{",
                  "    let mut hasher = ExampleHasher { value: Vec::new() };",
                  "    let uri = Uri {",
                  "        inner: Scheme2::Other(\"Example\".to_string()), // Non-empty string, will be processed",
                  "    };",
                  "    uri.hash(&mut hasher);",
                  "    assert_eq!(hasher.value.len(), 8); // 1 for the length and 7 for the bytes of 'Example'",
                  "    assert_eq!(hasher.value[0], 7); // Length of \"Example\"",
                  "    assert_eq!(hasher.value[1..], b\"example\"); // Should be the lowercased bytes",
                  "}"
                ]
              ],
              "can_compile": [
                {
                  "Err": "   Compiling libc v0.2.172\n   Compiling proc-macro2 v1.0.95\n   Compiling zerocopy v0.8.25\n   Compiling syn v1.0.109\n   Compiling serde v1.0.219\n   Compiling doc-comment v0.3.3\n   Compiling serde_json v1.0.140\n   Compiling quote v1.0.40\n   Compiling getrandom v0.2.16\n   Compiling rand_core v0.6.4\n   Compiling ppv-lite86 v0.2.21\n   Compiling rand_chacha v0.3.1\n   Compiling rand v0.8.5\n   Compiling quickcheck v1.0.3\n   Compiling ntest_test_cases v0.9.3\n   Compiling ntest_timeout v0.9.3\n   Compiling ntest v0.9.3\n   Compiling http v1.3.1 (/home/abezbm/rust-utgen-test-crates-new/http)\nwarning: unused import: `self::StandardHeader::Vary`\n    --> src/header/name.rs:1676:9\n     |\n1676 |     use self::StandardHeader::Vary;\n     |         ^^^^^^^^^^^^^^^^^^^^^^^^^^\n     |\n     = note: `#[warn(unused_imports)]` on by default\n\nwarning: unused import: `super::*`\n   --> src/header/value.rs:481:9\n    |\n481 |     use super::*;\n    |         ^^^^^^^^\n\nwarning: unused import: `crate::header::map::HeaderMap`\n   --> src/header/value.rs:482:9\n    |\n482 |     use crate::header::map::HeaderMap;\n    |         ^^^^^^^^^^^^^^^^^^^^^^^^^^^^^\n\nwarning: unused import: `crate::header::name`\n   --> src/header/value.rs:483:9\n    |\n483 |     use crate::header::name;\n    |         ^^^^^^^^^^^^^^^^^^^\n\nwarning: unused import: `super::*`\n   --> src/header/value.rs:568:9\n    |\n568 |     use super::*;\n    |         ^^^^^^^^\n\nwarning: unused import: `crate::header::name`\n   --> src/header/value.rs:569:9\n    |\n569 |     use crate::header::name;\n    |         ^^^^^^^^^^^^^^^^^^^\n\nwarning: unused import: `super::*`\n   --> src/method.rs:424:9\n    |\n424 |     use super::*;\n    |         ^^^^^^^^\n\nwarning: unused import: `super::*`\n    --> src/request.rs:1063:9\n     |\n1063 |     use super::*;\n     |         ^^^^^^^^\n\nwarning: unused import: `super::*`\n   --> src/response.rs:776:9\n    |\n776 |     use super::*;\n    |         ^^^^^^^^\n\nwarning: unused import: `super::*`\n   --> src/uri/authority.rs:533:9\n    |\n533 |     use super::*;\n    |         ^^^^^^^^\n\nwarning: unused import: `super::*`\n   --> src/uri/builder.rs:165:9\n    |\n165 |     use super::*;\n    |         ^^^^^^^^\n\nwarning: unused import: `super::*`\n   --> src/uri/port.rs:115:9\n    |\n115 |     use super::*;\n    |         ^^^^^^^^\n\nwarning: unused import: `ntest::timeout`\n   --> src/uri/scheme.rs:365:8\n    |\n365 |    use ntest::timeout;\n    |        ^^^^^^^^^^^^^^\n\nwarning: unused import: `super::*`\n   --> src/error.rs:143:9\n    |\n143 |     use super::*;\n    |         ^^^^^^^^\n\nwarning: unused import: `super::*`\n   --> src/lib.rs:197:9\n    |\n197 |     use super::*;\n    |         ^^^^^^^^\n\nerror[E0277]: can't compare `[u8]` with `&[u8; 7]`\n   --> src/uri/scheme.rs:432:5\n    |\n432 |     assert_eq!(hasher.value[1..], b\"example\"); // Should be the lowercased bytes\n    |     ^^^^^^^^^^^^^^^^^^^^^^^^^^^^^^^^^^^^^^^^^ no implementation for `[u8] == &[u8; 7]`\n    |\n    = help: the trait `PartialEq<&[u8; 7]>` is not implemented for `[u8]`\n    = note: this error originates in the macro `assert_eq` (in Nightly builds, run with -Z macro-backtrace for more info)\nhelp: consider dereferencing here\n   --> /home/abezbm/.rustup/toolchains/nightly-2024-07-21-x86_64-unknown-linux-gnu/lib/rustlib/src/rust/library/core/src/macros/mod.rs:40:35\n    |\n40  |                 if !(*left_val == **right_val) {\n    |                                   +\n\nFor more information about this error, try `rustc --explain E0277`.\nwarning: `http` (lib test) generated 15 warnings\nerror: could not compile `http` (lib test) due to 1 previous error; 15 warnings emitted\n"
                }
              ],
              "repaired": [
                false
              ]
            },
            {
              "attrs": [],
              "prefix": [],
              "oracles": [],
              "codes": [
                [
                  "{",
                  "    let mut hasher = ExampleHasher { value: Vec::new() };",
                  "    let uri = Uri {",
                  "        inner: Scheme2::Other(\"TeSt@123\".to_string()), // Now using special characters",
                  "    };",
                  "    uri.hash(&mut hasher);",
                  "    assert_eq!(hasher.value.len(), 11); // 1 for length and 10 for characters in lower case",
                  "    assert_eq!(hasher.value[0], 10); // Length of \"TeSt@123\"",
                  "    assert_eq!(hasher.value[1..], b\"test@123\"); // Lowercased bytes",
                  "}"
                ]
              ],
              "can_compile": [
                {
                  "Err": "   Compiling proc-macro2 v1.0.95\n   Compiling libc v0.2.172\n   Compiling zerocopy v0.8.25\n   Compiling syn v1.0.109\n   Compiling serde v1.0.219\n   Compiling doc-comment v0.3.3\n   Compiling serde_json v1.0.140\n   Compiling quote v1.0.40\n   Compiling getrandom v0.2.16\n   Compiling rand_core v0.6.4\n   Compiling ppv-lite86 v0.2.21\n   Compiling rand_chacha v0.3.1\n   Compiling rand v0.8.5\n   Compiling quickcheck v1.0.3\n   Compiling ntest_test_cases v0.9.3\n   Compiling ntest_timeout v0.9.3\n   Compiling ntest v0.9.3\n   Compiling http v1.3.1 (/home/abezbm/rust-utgen-test-crates-new/http)\nwarning: unused import: `self::StandardHeader::Vary`\n    --> src/header/name.rs:1676:9\n     |\n1676 |     use self::StandardHeader::Vary;\n     |         ^^^^^^^^^^^^^^^^^^^^^^^^^^\n     |\n     = note: `#[warn(unused_imports)]` on by default\n\nwarning: unused import: `super::*`\n   --> src/header/value.rs:481:9\n    |\n481 |     use super::*;\n    |         ^^^^^^^^\n\nwarning: unused import: `crate::header::map::HeaderMap`\n   --> src/header/value.rs:482:9\n    |\n482 |     use crate::header::map::HeaderMap;\n    |         ^^^^^^^^^^^^^^^^^^^^^^^^^^^^^\n\nwarning: unused import: `crate::header::name`\n   --> src/header/value.rs:483:9\n    |\n483 |     use crate::header::name;\n    |         ^^^^^^^^^^^^^^^^^^^\n\nwarning: unused import: `super::*`\n   --> src/header/value.rs:568:9\n    |\n568 |     use super::*;\n    |         ^^^^^^^^\n\nwarning: unused import: `crate::header::name`\n   --> src/header/value.rs:569:9\n    |\n569 |     use crate::header::name;\n    |         ^^^^^^^^^^^^^^^^^^^\n\nwarning: unused import: `super::*`\n   --> src/method.rs:424:9\n    |\n424 |     use super::*;\n    |         ^^^^^^^^\n\nwarning: unused import: `super::*`\n    --> src/request.rs:1063:9\n     |\n1063 |     use super::*;\n     |         ^^^^^^^^\n\nwarning: unused import: `super::*`\n   --> src/response.rs:776:9\n    |\n776 |     use super::*;\n    |         ^^^^^^^^\n\nwarning: unused import: `super::*`\n   --> src/uri/authority.rs:533:9\n    |\n533 |     use super::*;\n    |         ^^^^^^^^\n\nwarning: unused import: `super::*`\n   --> src/uri/builder.rs:165:9\n    |\n165 |     use super::*;\n    |         ^^^^^^^^\n\nwarning: unused import: `super::*`\n   --> src/uri/port.rs:115:9\n    |\n115 |     use super::*;\n    |         ^^^^^^^^\n\nwarning: unused import: `ntest::timeout`\n   --> src/uri/scheme.rs:365:8\n    |\n365 |    use ntest::timeout;\n    |        ^^^^^^^^^^^^^^\n\nwarning: unused import: `super::*`\n   --> src/error.rs:143:9\n    |\n143 |     use super::*;\n    |         ^^^^^^^^\n\nwarning: unused import: `super::*`\n   --> src/lib.rs:197:9\n    |\n197 |     use super::*;\n    |         ^^^^^^^^\n\nerror[E0277]: can't compare `[u8]` with `&[u8; 8]`\n   --> src/uri/scheme.rs:432:5\n    |\n432 |     assert_eq!(hasher.value[1..], b\"test@123\"); // Lowercased bytes\n    |     ^^^^^^^^^^^^^^^^^^^^^^^^^^^^^^^^^^^^^^^^^^ no implementation for `[u8] == &[u8; 8]`\n    |\n    = help: the trait `PartialEq<&[u8; 8]>` is not implemented for `[u8]`\n    = note: this error originates in the macro `assert_eq` (in Nightly builds, run with -Z macro-backtrace for more info)\nhelp: consider dereferencing here\n   --> /home/abezbm/.rustup/toolchains/nightly-2024-07-21-x86_64-unknown-linux-gnu/lib/rustlib/src/rust/library/core/src/macros/mod.rs:40:35\n    |\n40  |                 if !(*left_val == **right_val) {\n    |                                   +\n\nFor more information about this error, try `rustc --explain E0277`.\nwarning: `http` (lib test) generated 15 warnings\nerror: could not compile `http` (lib test) due to 1 previous error; 15 warnings emitted\n"
                }
              ],
              "repaired": [
                false
              ]
            }
          ]
        }
      ]
    },
    {
      "chain_id": 3,
      "prompt_conds": [
        "// constraint: self.inner matches Scheme2::Standard(Protocol::Http) or Scheme2::Standard(Protocol::Https) is true\n",
        "// constraint: self.inner matches Scheme2::Standard(Protocol::Http) or Scheme2::Standard(Protocol::Https) is true\n",
        "// constraint: self.inner matches Scheme2::Standard(Protocol::Https) is true\n"
      ],
      "input_infer": "",
      "answers": [
        {
          "uses": [
            "use std::hash::Hash;",
            "use std::hash::Hasher;"
          ],
          "has_test_mod": false,
          "common": [
            "#[derive(Debug)]",
            "enum Protocol {",
            "    Http,",
            "    Https,",
            "}",
            "",
            "#[derive(Debug)]",
            "enum Scheme2 {",
            "    None,",
            "    Standard(Protocol),",
            "    Other(String),",
            "}",
            "",
            "struct MyStruct {",
            "    inner: Scheme2,",
            "}",
            "",
            "",
            "impl MyStruct {",
            "    fn hash<H>(&self, state: &mut H)",
            "    where",
            "        H: Hasher,",
            "    {",
            "        match self.inner {",
            "            Scheme2::None => (),",
            "            Scheme2::Standard(Protocol::Http) => state.write_u8(1),",
            "            Scheme2::Standard(Protocol::Https) => state.write_u8(2),",
            "            Scheme2::Other(ref other) => {",
            "                other.len().hash(state);",
            "                for &b in other.as_bytes() {",
            "                    state.write_u8(b.to_ascii_lowercase());",
            "                }",
            "            }",
            "        }",
            "    }",
            "}",
            "",
            "struct TestHasher {",
            "    value: u8,",
            "}",
            "",
            "impl Hasher for TestHasher {",
            "    fn write(&mut self, bytes: &[u8]) {",
            "        self.value = bytes.len() as u8;",
            "    }",
            "",
            "    fn finish(&self) -> u64 {",
            "        self.value.into()",
            "    }",
            "}"
          ],
          "chain_tests": [
            {
              "attrs": [],
              "prefix": [],
              "oracles": [],
              "codes": [
                [
                  "{",
                  "    let mut hasher = TestHasher { value: 0 };",
                  "    let my_struct = MyStruct {",
                  "        inner: Scheme2::Standard(Protocol::Http),",
                  "    };",
                  "    my_struct.hash(&mut hasher);",
                  "    assert_eq!(hasher.finish(), 1);",
                  "}"
                ]
              ],
              "can_compile": [
                {
                  "Ok": null
                }
              ],
              "repaired": [
                false
              ]
            },
            {
              "attrs": [],
              "prefix": [],
              "oracles": [],
              "codes": [
                [
                  "{",
                  "    let mut hasher = TestHasher { value: 0 };",
                  "    let my_struct = MyStruct {",
                  "        inner: Scheme2::Standard(Protocol::Https),",
                  "    };",
                  "    my_struct.hash(&mut hasher);",
                  "    assert_eq!(hasher.finish(), 2);",
                  "}"
                ]
              ],
              "can_compile": [
                {
                  "Ok": null
                }
              ],
              "repaired": [
                false
              ]
            },
            {
              "attrs": [
                "#[should_panic]"
              ],
              "prefix": [],
              "oracles": [],
              "codes": [
                [
                  "{",
                  "    let mut hasher = TestHasher { value: 0 };",
                  "    let my_struct = MyStruct {",
                  "        inner: Scheme2::None,",
                  "    };",
                  "    my_struct.hash(&mut hasher);",
                  "    assert_eq!(hasher.finish(), 0); // This test is supposed to panic.",
                  "}"
                ]
              ],
              "can_compile": [
                {
                  "Ok": null
                }
              ],
              "repaired": [
                false
              ]
            }
          ]
        }
      ]
    },
    {
      "chain_id": 4,
      "prompt_conds": [
        "// constraint: self.inner matches Scheme2::Standard(Protocol::Http) or Scheme2::Standard(Protocol::Https) is true\n",
        "// constraint: self.inner matches Scheme2::None is true\n",
        "// constraint: self.inner matches Scheme2::Standard(Protocol::Http) is true\n"
      ],
      "input_infer": "",
      "answers": [
        {
          "uses": [
            "use std::collections::hash_map::DefaultHasher;",
            "use std::hash::Hasher;"
          ],
          "has_test_mod": false,
          "common": [],
          "chain_tests": [
            {
              "attrs": [],
              "prefix": [],
              "oracles": [],
              "codes": [
                [
                  "{",
                  "    use std::collections::hash_map::DefaultHasher;",
                  "    use std::hash::Hasher;",
                  "",
                  "    struct Scheme2Wrapper {",
                  "        inner: Scheme2,",
                  "    }",
                  "",
                  "    enum Protocol {",
                  "        Http,",
                  "        Https,",
                  "    }",
                  "",
                  "    enum Scheme2 {",
                  "        None,",
                  "        Standard(Protocol),",
                  "        Other(String),",
                  "    }",
                  "",
                  "    let scheme = Scheme2Wrapper {",
                  "        inner: Scheme2::None,",
                  "    };",
                  "    ",
                  "    let mut hasher = DefaultHasher::new();",
                  "    scheme.hash(&mut hasher);",
                  "    let result = hasher.finish();",
                  "    assert_eq!(result, 0); // Assuming no contribution from Scheme2::None",
                  "}"
                ]
              ],
              "can_compile": [
                {
                  "Err": "   Compiling libc v0.2.172\n   Compiling proc-macro2 v1.0.95\n   Compiling zerocopy v0.8.25\n   Compiling syn v1.0.109\n   Compiling serde v1.0.219\n   Compiling serde_json v1.0.140\n   Compiling doc-comment v0.3.3\n   Compiling quote v1.0.40\n   Compiling getrandom v0.2.16\n   Compiling rand_core v0.6.4\n   Compiling ppv-lite86 v0.2.21\n   Compiling rand_chacha v0.3.1\n   Compiling rand v0.8.5\n   Compiling quickcheck v1.0.3\n   Compiling ntest_timeout v0.9.3\n   Compiling ntest_test_cases v0.9.3\n   Compiling ntest v0.9.3\n   Compiling http v1.3.1 (/home/abezbm/rust-utgen-test-crates-new/http)\nwarning: unused import: `self::StandardHeader::Vary`\n    --> src/header/name.rs:1676:9\n     |\n1676 |     use self::StandardHeader::Vary;\n     |         ^^^^^^^^^^^^^^^^^^^^^^^^^^\n     |\n     = note: `#[warn(unused_imports)]` on by default\n\nwarning: unused import: `super::*`\n   --> src/header/value.rs:481:9\n    |\n481 |     use super::*;\n    |         ^^^^^^^^\n\nwarning: unused import: `crate::header::map::HeaderMap`\n   --> src/header/value.rs:482:9\n    |\n482 |     use crate::header::map::HeaderMap;\n    |         ^^^^^^^^^^^^^^^^^^^^^^^^^^^^^\n\nwarning: unused import: `crate::header::name`\n   --> src/header/value.rs:483:9\n    |\n483 |     use crate::header::name;\n    |         ^^^^^^^^^^^^^^^^^^^\n\nwarning: unused import: `super::*`\n   --> src/header/value.rs:568:9\n    |\n568 |     use super::*;\n    |         ^^^^^^^^\n\nwarning: unused import: `crate::header::name`\n   --> src/header/value.rs:569:9\n    |\n569 |     use crate::header::name;\n    |         ^^^^^^^^^^^^^^^^^^^\n\nwarning: unused import: `super::*`\n   --> src/method.rs:424:9\n    |\n424 |     use super::*;\n    |         ^^^^^^^^\n\nwarning: unused import: `super::*`\n    --> src/request.rs:1063:9\n     |\n1063 |     use super::*;\n     |         ^^^^^^^^\n\nwarning: unused import: `super::*`\n   --> src/response.rs:776:9\n    |\n776 |     use super::*;\n    |         ^^^^^^^^\n\nwarning: unused import: `super::*`\n   --> src/uri/authority.rs:533:9\n    |\n533 |     use super::*;\n    |         ^^^^^^^^\n\nwarning: unused import: `super::*`\n   --> src/uri/builder.rs:165:9\n    |\n165 |     use super::*;\n    |         ^^^^^^^^\n\nwarning: unused import: `super::*`\n   --> src/uri/port.rs:115:9\n    |\n115 |     use super::*;\n    |         ^^^^^^^^\n\nwarning: unused import: `ntest::timeout`\n   --> src/uri/scheme.rs:365:8\n    |\n365 |    use ntest::timeout;\n    |        ^^^^^^^^^^^^^^\n\nwarning: unused import: `super::*`\n   --> src/error.rs:143:9\n    |\n143 |     use super::*;\n    |         ^^^^^^^^\n\nwarning: unused import: `super::*`\n   --> src/lib.rs:197:9\n    |\n197 |     use super::*;\n    |         ^^^^^^^^\n\nerror[E0599]: no method named `hash` found for struct `Scheme2Wrapper` in the current scope\n   --> src/uri/scheme.rs:392:12\n    |\n372 |     struct Scheme2Wrapper {\n    |     --------------------- method `hash` not found for this struct\n...\n392 |     scheme.hash(&mut hasher);\n    |            ^^^^ method not found in `Scheme2Wrapper`\n    |\n    = help: items from traits can only be used if the trait is implemented and in scope\n    = note: the following trait defines an item `hash`, perhaps you need to implement it:\n            candidate #1: `std::hash::Hash`\n\nwarning: unused import: `super`\n   --> src/uri/scheme.rs:364:8\n    |\n364 |    use super::*;\n    |        ^^^^^\n\nFor more information about this error, try `rustc --explain E0599`.\nwarning: `http` (lib test) generated 16 warnings\nerror: could not compile `http` (lib test) due to 1 previous error; 16 warnings emitted\n"
                }
              ],
              "repaired": [
                false
              ]
            },
            {
              "attrs": [],
              "prefix": [],
              "oracles": [],
              "codes": [
                [
                  "{",
                  "    use std::collections::hash_map::DefaultHasher;",
                  "    use std::hash::Hasher;",
                  "",
                  "    struct Scheme2Wrapper {",
                  "        inner: Scheme2,",
                  "    }",
                  "",
                  "    enum Protocol {",
                  "        Http,",
                  "        Https,",
                  "    }",
                  "",
                  "    enum Scheme2 {",
                  "        None,",
                  "        Standard(Protocol),",
                  "        Other(String),",
                  "    }",
                  "",
                  "    let scheme = Scheme2Wrapper {",
                  "        inner: Scheme2::Standard(Protocol::Http),",
                  "    };",
                  "    ",
                  "    let mut hasher = DefaultHasher::new();",
                  "    scheme.hash(&mut hasher);",
                  "    let result = hasher.finish();",
                  "    assert_eq!(result, 1); // Based on the function logic for Protocol::Http",
                  "}"
                ]
              ],
              "can_compile": [
                {
                  "Err": "   Compiling proc-macro2 v1.0.95\n   Compiling libc v0.2.172\n   Compiling zerocopy v0.8.25\n   Compiling syn v1.0.109\n   Compiling serde v1.0.219\n   Compiling doc-comment v0.3.3\n   Compiling serde_json v1.0.140\n   Compiling quote v1.0.40\n   Compiling getrandom v0.2.16\n   Compiling rand_core v0.6.4\n   Compiling ppv-lite86 v0.2.21\n   Compiling rand_chacha v0.3.1\n   Compiling rand v0.8.5\n   Compiling quickcheck v1.0.3\n   Compiling ntest_timeout v0.9.3\n   Compiling ntest_test_cases v0.9.3\n   Compiling ntest v0.9.3\n   Compiling http v1.3.1 (/home/abezbm/rust-utgen-test-crates-new/http)\nwarning: unused import: `self::StandardHeader::Vary`\n    --> src/header/name.rs:1676:9\n     |\n1676 |     use self::StandardHeader::Vary;\n     |         ^^^^^^^^^^^^^^^^^^^^^^^^^^\n     |\n     = note: `#[warn(unused_imports)]` on by default\n\nwarning: unused import: `super::*`\n   --> src/header/value.rs:481:9\n    |\n481 |     use super::*;\n    |         ^^^^^^^^\n\nwarning: unused import: `crate::header::map::HeaderMap`\n   --> src/header/value.rs:482:9\n    |\n482 |     use crate::header::map::HeaderMap;\n    |         ^^^^^^^^^^^^^^^^^^^^^^^^^^^^^\n\nwarning: unused import: `crate::header::name`\n   --> src/header/value.rs:483:9\n    |\n483 |     use crate::header::name;\n    |         ^^^^^^^^^^^^^^^^^^^\n\nwarning: unused import: `super::*`\n   --> src/header/value.rs:568:9\n    |\n568 |     use super::*;\n    |         ^^^^^^^^\n\nwarning: unused import: `crate::header::name`\n   --> src/header/value.rs:569:9\n    |\n569 |     use crate::header::name;\n    |         ^^^^^^^^^^^^^^^^^^^\n\nwarning: unused import: `super::*`\n   --> src/method.rs:424:9\n    |\n424 |     use super::*;\n    |         ^^^^^^^^\n\nwarning: unused import: `super::*`\n    --> src/request.rs:1063:9\n     |\n1063 |     use super::*;\n     |         ^^^^^^^^\n\nwarning: unused import: `super::*`\n   --> src/response.rs:776:9\n    |\n776 |     use super::*;\n    |         ^^^^^^^^\n\nwarning: unused import: `super::*`\n   --> src/uri/authority.rs:533:9\n    |\n533 |     use super::*;\n    |         ^^^^^^^^\n\nwarning: unused import: `super::*`\n   --> src/uri/builder.rs:165:9\n    |\n165 |     use super::*;\n    |         ^^^^^^^^\n\nwarning: unused import: `super::*`\n   --> src/uri/port.rs:115:9\n    |\n115 |     use super::*;\n    |         ^^^^^^^^\n\nwarning: unused import: `ntest::timeout`\n   --> src/uri/scheme.rs:365:8\n    |\n365 |    use ntest::timeout;\n    |        ^^^^^^^^^^^^^^\n\nwarning: unused import: `super::*`\n   --> src/error.rs:143:9\n    |\n143 |     use super::*;\n    |         ^^^^^^^^\n\nwarning: unused import: `super::*`\n   --> src/lib.rs:197:9\n    |\n197 |     use super::*;\n    |         ^^^^^^^^\n\nerror[E0599]: no method named `hash` found for struct `Scheme2Wrapper` in the current scope\n   --> src/uri/scheme.rs:392:12\n    |\n372 |     struct Scheme2Wrapper {\n    |     --------------------- method `hash` not found for this struct\n...\n392 |     scheme.hash(&mut hasher);\n    |            ^^^^ method not found in `Scheme2Wrapper`\n    |\n    = help: items from traits can only be used if the trait is implemented and in scope\n    = note: the following trait defines an item `hash`, perhaps you need to implement it:\n            candidate #1: `std::hash::Hash`\n\nwarning: unused import: `super`\n   --> src/uri/scheme.rs:364:8\n    |\n364 |    use super::*;\n    |        ^^^^^\n\nFor more information about this error, try `rustc --explain E0599`.\nwarning: `http` (lib test) generated 16 warnings\nerror: could not compile `http` (lib test) due to 1 previous error; 16 warnings emitted\n"
                }
              ],
              "repaired": [
                false
              ]
            },
            {
              "attrs": [],
              "prefix": [],
              "oracles": [],
              "codes": [
                [
                  "{",
                  "    use std::collections::hash_map::DefaultHasher;",
                  "    use std::hash::Hasher;",
                  "",
                  "    struct Scheme2Wrapper {",
                  "        inner: Scheme2,",
                  "    }",
                  "",
                  "    enum Protocol {",
                  "        Http,",
                  "        Https,",
                  "    }",
                  "",
                  "    enum Scheme2 {",
                  "        None,",
                  "        Standard(Protocol),",
                  "        Other(String),",
                  "    }",
                  "",
                  "    let scheme = Scheme2Wrapper {",
                  "        inner: Scheme2::Standard(Protocol::Https),",
                  "    };",
                  "    ",
                  "    let mut hasher = DefaultHasher::new();",
                  "    scheme.hash(&mut hasher);",
                  "    let result = hasher.finish();",
                  "    assert_eq!(result, 2); // Based on the function logic for Protocol::Https",
                  "}"
                ]
              ],
              "can_compile": [
                {
                  "Err": "   Compiling proc-macro2 v1.0.95\n   Compiling libc v0.2.172\n   Compiling zerocopy v0.8.25\n   Compiling syn v1.0.109\n   Compiling serde v1.0.219\n   Compiling serde_json v1.0.140\n   Compiling doc-comment v0.3.3\n   Compiling quote v1.0.40\n   Compiling getrandom v0.2.16\n   Compiling rand_core v0.6.4\n   Compiling ppv-lite86 v0.2.21\n   Compiling rand_chacha v0.3.1\n   Compiling rand v0.8.5\n   Compiling quickcheck v1.0.3\n   Compiling ntest_timeout v0.9.3\n   Compiling ntest_test_cases v0.9.3\n   Compiling ntest v0.9.3\n   Compiling http v1.3.1 (/home/abezbm/rust-utgen-test-crates-new/http)\nwarning: unused import: `self::StandardHeader::Vary`\n    --> src/header/name.rs:1676:9\n     |\n1676 |     use self::StandardHeader::Vary;\n     |         ^^^^^^^^^^^^^^^^^^^^^^^^^^\n     |\n     = note: `#[warn(unused_imports)]` on by default\n\nwarning: unused import: `super::*`\n   --> src/header/value.rs:481:9\n    |\n481 |     use super::*;\n    |         ^^^^^^^^\n\nwarning: unused import: `crate::header::map::HeaderMap`\n   --> src/header/value.rs:482:9\n    |\n482 |     use crate::header::map::HeaderMap;\n    |         ^^^^^^^^^^^^^^^^^^^^^^^^^^^^^\n\nwarning: unused import: `crate::header::name`\n   --> src/header/value.rs:483:9\n    |\n483 |     use crate::header::name;\n    |         ^^^^^^^^^^^^^^^^^^^\n\nwarning: unused import: `super::*`\n   --> src/header/value.rs:568:9\n    |\n568 |     use super::*;\n    |         ^^^^^^^^\n\nwarning: unused import: `crate::header::name`\n   --> src/header/value.rs:569:9\n    |\n569 |     use crate::header::name;\n    |         ^^^^^^^^^^^^^^^^^^^\n\nwarning: unused import: `super::*`\n   --> src/method.rs:424:9\n    |\n424 |     use super::*;\n    |         ^^^^^^^^\n\nwarning: unused import: `super::*`\n    --> src/request.rs:1063:9\n     |\n1063 |     use super::*;\n     |         ^^^^^^^^\n\nwarning: unused import: `super::*`\n   --> src/response.rs:776:9\n    |\n776 |     use super::*;\n    |         ^^^^^^^^\n\nwarning: unused import: `super::*`\n   --> src/uri/authority.rs:533:9\n    |\n533 |     use super::*;\n    |         ^^^^^^^^\n\nwarning: unused import: `super::*`\n   --> src/uri/builder.rs:165:9\n    |\n165 |     use super::*;\n    |         ^^^^^^^^\n\nwarning: unused import: `super::*`\n   --> src/uri/port.rs:115:9\n    |\n115 |     use super::*;\n    |         ^^^^^^^^\n\nwarning: unused import: `ntest::timeout`\n   --> src/uri/scheme.rs:365:8\n    |\n365 |    use ntest::timeout;\n    |        ^^^^^^^^^^^^^^\n\nwarning: unused import: `super::*`\n   --> src/error.rs:143:9\n    |\n143 |     use super::*;\n    |         ^^^^^^^^\n\nwarning: unused import: `super::*`\n   --> src/lib.rs:197:9\n    |\n197 |     use super::*;\n    |         ^^^^^^^^\n\nerror[E0599]: no method named `hash` found for struct `Scheme2Wrapper` in the current scope\n   --> src/uri/scheme.rs:392:12\n    |\n372 |     struct Scheme2Wrapper {\n    |     --------------------- method `hash` not found for this struct\n...\n392 |     scheme.hash(&mut hasher);\n    |            ^^^^ method not found in `Scheme2Wrapper`\n    |\n    = help: items from traits can only be used if the trait is implemented and in scope\n    = note: the following trait defines an item `hash`, perhaps you need to implement it:\n            candidate #1: `std::hash::Hash`\n\nwarning: unused import: `super`\n   --> src/uri/scheme.rs:364:8\n    |\n364 |    use super::*;\n    |        ^^^^^\n\nFor more information about this error, try `rustc --explain E0599`.\nwarning: `http` (lib test) generated 16 warnings\nerror: could not compile `http` (lib test) due to 1 previous error; 16 warnings emitted\n"
                }
              ],
              "repaired": [
                false
              ]
            }
          ]
        }
      ]
    }
  ]
}