{
  "name": "http::header::value::header::value::HeaderValue::from_maybe_shared_unchecked",
  "name_with_impl": "http::header::value::{impl#0}::from_maybe_shared_unchecked",
  "mod_info": {
    "name": "header::value",
    "loc": "src/header/mod.rs:75:1:75:11"
  },
  "visible": true,
  "loc": "src/header/value.rs:209:5:234:6",
  "fn_tests": [
    {
      "chain_id": 1,
      "prompt_conds": [
        "// constraint: HeaderValue::from_maybe_shared(src) matches Err(_err) is true\n"
      ],
      "input_infer": "",
      "answers": [
        {
          "uses": [],
          "has_test_mod": false,
          "common": [],
          "chain_tests": [
            {
              "attrs": [
                "#[should_panic]"
              ],
              "prefix": [],
              "oracles": [],
              "codes": [
                [
                  "{",
                  "    struct Bytes(Vec<u8>);",
                  "",
                  "    impl AsRef<[u8]> for Bytes {",
                  "        fn as_ref(&self) -> &[u8] {",
                  "            &self.0",
                  "        }",
                  "    }",
                  "",
                  "    struct HeaderValue {",
                  "        inner: Bytes,",
                  "        is_sensitive: bool,",
                  "    }",
                  "",
                  "    impl HeaderValue {",
                  "        fn from_maybe_shared(src: impl AsRef<[u8]>) -> Result<Self, &'static str> {",
                  "            // Simulate the behavior for invalid UTF-8",
                  "            if std::str::from_utf8(src.as_ref()).is_err() {",
                  "                return Err(\"invalid bytes\");",
                  "            }",
                  "            Ok(HeaderValue { ",
                  "                inner: Bytes(src.as_ref().to_vec()), ",
                  "                is_sensitive: false ",
                  "            })",
                  "        }",
                  "    }",
                  "",
                  "    let invalid_utf8_bytes = Bytes(vec![0, 159, 146, 150]); // Invalid UTF-8 sequence",
                  "    let _ = unsafe { from_maybe_shared_unchecked(invalid_utf8_bytes) };",
                  "}"
                ]
              ],
              "can_compile": [
                {
                  "Err": "   Compiling libc v0.2.172\n   Compiling proc-macro2 v1.0.95\n   Compiling zerocopy v0.8.25\n   Compiling syn v1.0.109\n   Compiling serde v1.0.219\n   Compiling doc-comment v0.3.3\n   Compiling serde_json v1.0.140\n   Compiling quote v1.0.40\n   Compiling getrandom v0.2.16\n   Compiling rand_core v0.6.4\n   Compiling ppv-lite86 v0.2.21\n   Compiling rand_chacha v0.3.1\n   Compiling rand v0.8.5\n   Compiling quickcheck v1.0.3\n   Compiling ntest_test_cases v0.9.3\n   Compiling ntest_timeout v0.9.3\n   Compiling ntest v0.9.3\n   Compiling http v1.3.1 (/home/abezbm/rust-utgen-test-crates-new/http)\nwarning: unused import: `self::StandardHeader::Vary`\n    --> src/header/name.rs:1676:9\n     |\n1676 |     use self::StandardHeader::Vary;\n     |         ^^^^^^^^^^^^^^^^^^^^^^^^^^\n     |\n     = note: `#[warn(unused_imports)]` on by default\n\nwarning: unused import: `super::*`\n   --> src/header/value.rs:481:9\n    |\n481 |     use super::*;\n    |         ^^^^^^^^\n\nwarning: unused import: `crate::header::map::HeaderMap`\n   --> src/header/value.rs:482:9\n    |\n482 |     use crate::header::map::HeaderMap;\n    |         ^^^^^^^^^^^^^^^^^^^^^^^^^^^^^\n\nwarning: unused import: `crate::header::name`\n   --> src/header/value.rs:483:9\n    |\n483 |     use crate::header::name;\n    |         ^^^^^^^^^^^^^^^^^^^\n\nwarning: unused import: `super::*`\n   --> src/header/value.rs:568:9\n    |\n568 |     use super::*;\n    |         ^^^^^^^^\n\nwarning: unused import: `crate::header::name`\n   --> src/header/value.rs:569:9\n    |\n569 |     use crate::header::name;\n    |         ^^^^^^^^^^^^^^^^^^^\n\nwarning: unused import: `ntest::timeout`\n   --> src/header/value.rs:802:8\n    |\n802 |    use ntest::timeout;\n    |        ^^^^^^^^^^^^^^\n\nwarning: unused import: `super::*`\n   --> src/method.rs:424:9\n    |\n424 |     use super::*;\n    |         ^^^^^^^^\n\nwarning: unused import: `super::*`\n    --> src/request.rs:1063:9\n     |\n1063 |     use super::*;\n     |         ^^^^^^^^\n\nwarning: unused import: `super::*`\n   --> src/response.rs:776:9\n    |\n776 |     use super::*;\n    |         ^^^^^^^^\n\nwarning: unused import: `super::*`\n   --> src/uri/authority.rs:533:9\n    |\n533 |     use super::*;\n    |         ^^^^^^^^\n\nwarning: unused import: `super::*`\n   --> src/uri/builder.rs:165:9\n    |\n165 |     use super::*;\n    |         ^^^^^^^^\n\nwarning: unused import: `super::*`\n   --> src/uri/port.rs:115:9\n    |\n115 |     use super::*;\n    |         ^^^^^^^^\n\nwarning: unused import: `super::*`\n   --> src/error.rs:143:9\n    |\n143 |     use super::*;\n    |         ^^^^^^^^\n\nwarning: unused import: `super::*`\n   --> src/lib.rs:197:9\n    |\n197 |     use super::*;\n    |         ^^^^^^^^\n\nerror[E0425]: cannot find function `from_maybe_shared_unchecked` in this scope\n   --> src/header/value.rs:834:22\n    |\n834 |     let _ = unsafe { from_maybe_shared_unchecked(invalid_utf8_bytes) };\n    |                      ^^^^^^^^^^^^^^^^^^^^^^^^^^^ not found in this scope\n\nFor more information about this error, try `rustc --explain E0425`.\nwarning: `http` (lib test) generated 15 warnings\nerror: could not compile `http` (lib test) due to 1 previous error; 15 warnings emitted\n"
                }
              ],
              "repaired": [
                false
              ]
            },
            {
              "attrs": [],
              "prefix": [],
              "oracles": [],
              "codes": [
                [
                  "{",
                  "    struct Bytes(Vec<u8>);",
                  "",
                  "    impl AsRef<[u8]> for Bytes {",
                  "        fn as_ref(&self) -> &[u8] {",
                  "            &self.0",
                  "        }",
                  "    }",
                  "",
                  "    struct HeaderValue {",
                  "        inner: Bytes,",
                  "        is_sensitive: bool,",
                  "    }",
                  "",
                  "    impl HeaderValue {",
                  "        fn from_maybe_shared(src: impl AsRef<[u8]>) -> Result<Self, &'static str> {",
                  "            if std::str::from_utf8(src.as_ref()).is_err() {",
                  "                return Err(\"invalid bytes\");",
                  "            }",
                  "            Ok(HeaderValue { ",
                  "                inner: Bytes(src.as_ref().to_vec()), ",
                  "                is_sensitive: false ",
                  "            })",
                  "        }",
                  "    }",
                  "",
                  "    let valid_utf8_bytes = Bytes(b\"valid utf8\".to_vec());",
                  "    let header_value = unsafe { from_maybe_shared_unchecked(valid_utf8_bytes) };",
                  "    assert_eq!(header_value.is_sensitive, false);",
                  "}"
                ]
              ],
              "can_compile": [
                {
                  "Err": "   Compiling libc v0.2.172\n   Compiling proc-macro2 v1.0.95\n   Compiling zerocopy v0.8.25\n   Compiling syn v1.0.109\n   Compiling serde v1.0.219\n   Compiling serde_json v1.0.140\n   Compiling doc-comment v0.3.3\n   Compiling quote v1.0.40\n   Compiling getrandom v0.2.16\n   Compiling rand_core v0.6.4\n   Compiling ppv-lite86 v0.2.21\n   Compiling rand_chacha v0.3.1\n   Compiling rand v0.8.5\n   Compiling quickcheck v1.0.3\n   Compiling ntest_timeout v0.9.3\n   Compiling ntest_test_cases v0.9.3\n   Compiling ntest v0.9.3\n   Compiling http v1.3.1 (/home/abezbm/rust-utgen-test-crates-new/http)\nwarning: unused import: `self::StandardHeader::Vary`\n    --> src/header/name.rs:1676:9\n     |\n1676 |     use self::StandardHeader::Vary;\n     |         ^^^^^^^^^^^^^^^^^^^^^^^^^^\n     |\n     = note: `#[warn(unused_imports)]` on by default\n\nwarning: unused import: `super::*`\n   --> src/header/value.rs:481:9\n    |\n481 |     use super::*;\n    |         ^^^^^^^^\n\nwarning: unused import: `crate::header::map::HeaderMap`\n   --> src/header/value.rs:482:9\n    |\n482 |     use crate::header::map::HeaderMap;\n    |         ^^^^^^^^^^^^^^^^^^^^^^^^^^^^^\n\nwarning: unused import: `crate::header::name`\n   --> src/header/value.rs:483:9\n    |\n483 |     use crate::header::name;\n    |         ^^^^^^^^^^^^^^^^^^^\n\nwarning: unused import: `super::*`\n   --> src/header/value.rs:568:9\n    |\n568 |     use super::*;\n    |         ^^^^^^^^\n\nwarning: unused import: `crate::header::name`\n   --> src/header/value.rs:569:9\n    |\n569 |     use crate::header::name;\n    |         ^^^^^^^^^^^^^^^^^^^\n\nwarning: unused import: `ntest::timeout`\n   --> src/header/value.rs:802:8\n    |\n802 |    use ntest::timeout;\n    |        ^^^^^^^^^^^^^^\n\nwarning: unused import: `super::*`\n   --> src/method.rs:424:9\n    |\n424 |     use super::*;\n    |         ^^^^^^^^\n\nwarning: unused import: `super::*`\n    --> src/request.rs:1063:9\n     |\n1063 |     use super::*;\n     |         ^^^^^^^^\n\nwarning: unused import: `super::*`\n   --> src/response.rs:776:9\n    |\n776 |     use super::*;\n    |         ^^^^^^^^\n\nwarning: unused import: `super::*`\n   --> src/uri/authority.rs:533:9\n    |\n533 |     use super::*;\n    |         ^^^^^^^^\n\nwarning: unused import: `super::*`\n   --> src/uri/builder.rs:165:9\n    |\n165 |     use super::*;\n    |         ^^^^^^^^\n\nwarning: unused import: `super::*`\n   --> src/uri/port.rs:115:9\n    |\n115 |     use super::*;\n    |         ^^^^^^^^\n\nwarning: unused import: `super::*`\n   --> src/error.rs:143:9\n    |\n143 |     use super::*;\n    |         ^^^^^^^^\n\nwarning: unused import: `super::*`\n   --> src/lib.rs:197:9\n    |\n197 |     use super::*;\n    |         ^^^^^^^^\n\nerror[E0425]: cannot find function `from_maybe_shared_unchecked` in this scope\n   --> src/header/value.rs:832:33\n    |\n832 |     let header_value = unsafe { from_maybe_shared_unchecked(valid_utf8_bytes) };\n    |                                 ^^^^^^^^^^^^^^^^^^^^^^^^^^^ not found in this scope\n\nFor more information about this error, try `rustc --explain E0425`.\nwarning: `http` (lib test) generated 15 warnings\nerror: could not compile `http` (lib test) due to 1 previous error; 15 warnings emitted\n"
                }
              ],
              "repaired": [
                false
              ]
            }
          ]
        }
      ]
    },
    {
      "chain_id": 2,
      "prompt_conds": [
        "// constraint: HeaderValue::from_maybe_shared(src) matches Ok(val) is true\n",
        "// constraint: HeaderValue::from_maybe_shared(src) matches Ok(val) is true\n",
        "// expected return value/type: val\n"
      ],
      "input_infer": "",
      "answers": [
        {
          "uses": [
            "use http::header::HeaderValue;",
            "use bytes::Bytes;"
          ],
          "has_test_mod": false,
          "common": [],
          "chain_tests": [
            {
              "attrs": [],
              "prefix": [],
              "oracles": [],
              "codes": [
                [
                  "{",
                  "    use http::header::HeaderValue;",
                  "    use bytes::Bytes;",
                  "",
                  "    // Test case with valid UTF-8 bytes",
                  "    let valid_utf8_bytes = Bytes::from_static(b\"valid_utf8\");",
                  "    let result = unsafe { from_maybe_shared_unchecked(&valid_utf8_bytes) };",
                  "",
                  "    // Ensure that the generated HeaderValue is as expected",
                  "    assert_eq!(result.inner, valid_utf8_bytes);",
                  "    assert!(!result.is_sensitive);",
                  "}"
                ]
              ],
              "can_compile": [
                {
                  "Err": "   Compiling libc v0.2.172\n   Compiling proc-macro2 v1.0.95\n   Compiling zerocopy v0.8.25\n   Compiling syn v1.0.109\n   Compiling serde v1.0.219\n   Compiling serde_json v1.0.140\n   Compiling doc-comment v0.3.3\n   Compiling quote v1.0.40\n   Compiling getrandom v0.2.16\n   Compiling rand_core v0.6.4\n   Compiling ppv-lite86 v0.2.21\n   Compiling rand_chacha v0.3.1\n   Compiling rand v0.8.5\n   Compiling quickcheck v1.0.3\n   Compiling ntest_test_cases v0.9.3\n   Compiling ntest_timeout v0.9.3\n   Compiling ntest v0.9.3\n   Compiling http v1.3.1 (/home/abezbm/rust-utgen-test-crates-new/http)\nerror[E0433]: failed to resolve: use of undeclared crate or module `http`\n   --> src/header/value.rs:806:9\n    |\n806 |     use http::header::HeaderValue;\n    |         ^^^^ use of undeclared crate or module `http`\n\nwarning: unused import: `self::StandardHeader::Vary`\n    --> src/header/name.rs:1676:9\n     |\n1676 |     use self::StandardHeader::Vary;\n     |         ^^^^^^^^^^^^^^^^^^^^^^^^^^\n     |\n     = note: `#[warn(unused_imports)]` on by default\n\nwarning: unused import: `super::*`\n   --> src/header/value.rs:481:9\n    |\n481 |     use super::*;\n    |         ^^^^^^^^\n\nwarning: unused import: `crate::header::map::HeaderMap`\n   --> src/header/value.rs:482:9\n    |\n482 |     use crate::header::map::HeaderMap;\n    |         ^^^^^^^^^^^^^^^^^^^^^^^^^^^^^\n\nwarning: unused import: `crate::header::name`\n   --> src/header/value.rs:483:9\n    |\n483 |     use crate::header::name;\n    |         ^^^^^^^^^^^^^^^^^^^\n\nwarning: unused import: `super::*`\n   --> src/header/value.rs:568:9\n    |\n568 |     use super::*;\n    |         ^^^^^^^^\n\nwarning: unused import: `crate::header::name`\n   --> src/header/value.rs:569:9\n    |\n569 |     use crate::header::name;\n    |         ^^^^^^^^^^^^^^^^^^^\n\nwarning: unused import: `super::*`\n   --> src/header/value.rs:801:8\n    |\n801 |    use super::*;\n    |        ^^^^^^^^\n\nwarning: unused import: `ntest::timeout`\n   --> src/header/value.rs:802:8\n    |\n802 |    use ntest::timeout;\n    |        ^^^^^^^^^^^^^^\n\nwarning: unused import: `super::*`\n   --> src/method.rs:424:9\n    |\n424 |     use super::*;\n    |         ^^^^^^^^\n\nwarning: unused import: `super::*`\n    --> src/request.rs:1063:9\n     |\n1063 |     use super::*;\n     |         ^^^^^^^^\n\nwarning: unused import: `super::*`\n   --> src/response.rs:776:9\n    |\n776 |     use super::*;\n    |         ^^^^^^^^\n\nwarning: unused import: `super::*`\n   --> src/uri/authority.rs:533:9\n    |\n533 |     use super::*;\n    |         ^^^^^^^^\n\nwarning: unused import: `super::*`\n   --> src/uri/builder.rs:165:9\n    |\n165 |     use super::*;\n    |         ^^^^^^^^\n\nwarning: unused import: `super::*`\n   --> src/uri/port.rs:115:9\n    |\n115 |     use super::*;\n    |         ^^^^^^^^\n\nwarning: unused import: `super::*`\n   --> src/error.rs:143:9\n    |\n143 |     use super::*;\n    |         ^^^^^^^^\n\nwarning: unused import: `super::*`\n   --> src/lib.rs:197:9\n    |\n197 |     use super::*;\n    |         ^^^^^^^^\n\nerror[E0425]: cannot find function `from_maybe_shared_unchecked` in this scope\n   --> src/header/value.rs:811:27\n    |\n811 |     let result = unsafe { from_maybe_shared_unchecked(&valid_utf8_bytes) };\n    |                           ^^^^^^^^^^^^^^^^^^^^^^^^^^^ not found in this scope\n\nSome errors have detailed explanations: E0425, E0433.\nFor more information about an error, try `rustc --explain E0425`.\nwarning: `http` (lib test) generated 16 warnings\nerror: could not compile `http` (lib test) due to 2 previous errors; 16 warnings emitted\n"
                }
              ],
              "repaired": [
                false
              ]
            },
            {
              "attrs": [
                "#[should_panic(expected = \"HeaderValue::from_maybe_shared_unchecked() with invalid bytes\")]"
              ],
              "prefix": [],
              "oracles": [],
              "codes": [
                [
                  "{",
                  "    use http::header::HeaderValue;",
                  "    use bytes::Bytes;",
                  "",
                  "    // Test case with invalid UTF-8 bytes",
                  "    let invalid_utf8_bytes = Bytes::from_static(b\"\\xFF\\xFF\\xFF\");",
                  "    unsafe { from_maybe_shared_unchecked(&invalid_utf8_bytes) };",
                  "}"
                ]
              ],
              "can_compile": [
                {
                  "Err": "   Compiling proc-macro2 v1.0.95\n   Compiling libc v0.2.172\n   Compiling zerocopy v0.8.25\n   Compiling syn v1.0.109\n   Compiling serde v1.0.219\n   Compiling doc-comment v0.3.3\n   Compiling serde_json v1.0.140\n   Compiling quote v1.0.40\n   Compiling getrandom v0.2.16\n   Compiling rand_core v0.6.4\n   Compiling ppv-lite86 v0.2.21\n   Compiling rand_chacha v0.3.1\n   Compiling rand v0.8.5\n   Compiling quickcheck v1.0.3\n   Compiling ntest_test_cases v0.9.3\n   Compiling ntest_timeout v0.9.3\n   Compiling ntest v0.9.3\n   Compiling http v1.3.1 (/home/abezbm/rust-utgen-test-crates-new/http)\nerror[E0433]: failed to resolve: use of undeclared crate or module `http`\n   --> src/header/value.rs:807:9\n    |\n807 |     use http::header::HeaderValue;\n    |         ^^^^ use of undeclared crate or module `http`\n\nwarning: unused import: `self::StandardHeader::Vary`\n    --> src/header/name.rs:1676:9\n     |\n1676 |     use self::StandardHeader::Vary;\n     |         ^^^^^^^^^^^^^^^^^^^^^^^^^^\n     |\n     = note: `#[warn(unused_imports)]` on by default\n\nwarning: unused import: `super::*`\n   --> src/header/value.rs:481:9\n    |\n481 |     use super::*;\n    |         ^^^^^^^^\n\nwarning: unused import: `crate::header::map::HeaderMap`\n   --> src/header/value.rs:482:9\n    |\n482 |     use crate::header::map::HeaderMap;\n    |         ^^^^^^^^^^^^^^^^^^^^^^^^^^^^^\n\nwarning: unused import: `crate::header::name`\n   --> src/header/value.rs:483:9\n    |\n483 |     use crate::header::name;\n    |         ^^^^^^^^^^^^^^^^^^^\n\nwarning: unused import: `super::*`\n   --> src/header/value.rs:568:9\n    |\n568 |     use super::*;\n    |         ^^^^^^^^\n\nwarning: unused import: `crate::header::name`\n   --> src/header/value.rs:569:9\n    |\n569 |     use crate::header::name;\n    |         ^^^^^^^^^^^^^^^^^^^\n\nwarning: unused import: `super::*`\n   --> src/header/value.rs:801:8\n    |\n801 |    use super::*;\n    |        ^^^^^^^^\n\nwarning: unused import: `ntest::timeout`\n   --> src/header/value.rs:802:8\n    |\n802 |    use ntest::timeout;\n    |        ^^^^^^^^^^^^^^\n\nwarning: unused import: `super::*`\n   --> src/method.rs:424:9\n    |\n424 |     use super::*;\n    |         ^^^^^^^^\n\nwarning: unused import: `super::*`\n    --> src/request.rs:1063:9\n     |\n1063 |     use super::*;\n     |         ^^^^^^^^\n\nwarning: unused import: `super::*`\n   --> src/response.rs:776:9\n    |\n776 |     use super::*;\n    |         ^^^^^^^^\n\nwarning: unused import: `super::*`\n   --> src/uri/authority.rs:533:9\n    |\n533 |     use super::*;\n    |         ^^^^^^^^\n\nwarning: unused import: `super::*`\n   --> src/uri/builder.rs:165:9\n    |\n165 |     use super::*;\n    |         ^^^^^^^^\n\nwarning: unused import: `super::*`\n   --> src/uri/port.rs:115:9\n    |\n115 |     use super::*;\n    |         ^^^^^^^^\n\nwarning: unused import: `super::*`\n   --> src/error.rs:143:9\n    |\n143 |     use super::*;\n    |         ^^^^^^^^\n\nwarning: unused import: `super::*`\n   --> src/lib.rs:197:9\n    |\n197 |     use super::*;\n    |         ^^^^^^^^\n\nerror[E0425]: cannot find function `from_maybe_shared_unchecked` in this scope\n   --> src/header/value.rs:812:14\n    |\n812 |     unsafe { from_maybe_shared_unchecked(&invalid_utf8_bytes) };\n    |              ^^^^^^^^^^^^^^^^^^^^^^^^^^^ not found in this scope\n\nSome errors have detailed explanations: E0425, E0433.\nFor more information about an error, try `rustc --explain E0425`.\nwarning: `http` (lib test) generated 16 warnings\nerror: could not compile `http` (lib test) due to 2 previous errors; 16 warnings emitted\n"
                }
              ],
              "repaired": [
                false
              ]
            },
            {
              "attrs": [],
              "prefix": [],
              "oracles": [],
              "codes": [
                [
                  "{",
                  "    use http::header::HeaderValue;",
                  "    use bytes::Bytes;",
                  "",
                  "    // Test case with valid UTF-8 slice",
                  "    let valid_utf8_slice: &[u8] = b\"another_valid_utf8\";",
                  "    let result = unsafe { from_maybe_shared_unchecked(valid_utf8_slice) };",
                  "",
                  "    // Ensure that the generated HeaderValue is as expected",
                  "    assert_eq!(result.inner, Bytes::from_static(b\"another_valid_utf8\"));",
                  "    assert!(!result.is_sensitive);",
                  "}"
                ]
              ],
              "can_compile": [
                {
                  "Err": "   Compiling proc-macro2 v1.0.95\n   Compiling libc v0.2.172\n   Compiling zerocopy v0.8.25\n   Compiling syn v1.0.109\n   Compiling serde v1.0.219\n   Compiling serde_json v1.0.140\n   Compiling doc-comment v0.3.3\n   Compiling quote v1.0.40\n   Compiling getrandom v0.2.16\n   Compiling rand_core v0.6.4\n   Compiling ppv-lite86 v0.2.21\n   Compiling rand_chacha v0.3.1\n   Compiling rand v0.8.5\n   Compiling quickcheck v1.0.3\n   Compiling ntest_test_cases v0.9.3\n   Compiling ntest_timeout v0.9.3\n   Compiling ntest v0.9.3\n   Compiling http v1.3.1 (/home/abezbm/rust-utgen-test-crates-new/http)\nerror[E0433]: failed to resolve: use of undeclared crate or module `http`\n   --> src/header/value.rs:806:9\n    |\n806 |     use http::header::HeaderValue;\n    |         ^^^^ use of undeclared crate or module `http`\n\nwarning: unused import: `self::StandardHeader::Vary`\n    --> src/header/name.rs:1676:9\n     |\n1676 |     use self::StandardHeader::Vary;\n     |         ^^^^^^^^^^^^^^^^^^^^^^^^^^\n     |\n     = note: `#[warn(unused_imports)]` on by default\n\nwarning: unused import: `super::*`\n   --> src/header/value.rs:481:9\n    |\n481 |     use super::*;\n    |         ^^^^^^^^\n\nwarning: unused import: `crate::header::map::HeaderMap`\n   --> src/header/value.rs:482:9\n    |\n482 |     use crate::header::map::HeaderMap;\n    |         ^^^^^^^^^^^^^^^^^^^^^^^^^^^^^\n\nwarning: unused import: `crate::header::name`\n   --> src/header/value.rs:483:9\n    |\n483 |     use crate::header::name;\n    |         ^^^^^^^^^^^^^^^^^^^\n\nwarning: unused import: `super::*`\n   --> src/header/value.rs:568:9\n    |\n568 |     use super::*;\n    |         ^^^^^^^^\n\nwarning: unused import: `crate::header::name`\n   --> src/header/value.rs:569:9\n    |\n569 |     use crate::header::name;\n    |         ^^^^^^^^^^^^^^^^^^^\n\nwarning: unused import: `super::*`\n   --> src/header/value.rs:801:8\n    |\n801 |    use super::*;\n    |        ^^^^^^^^\n\nwarning: unused import: `ntest::timeout`\n   --> src/header/value.rs:802:8\n    |\n802 |    use ntest::timeout;\n    |        ^^^^^^^^^^^^^^\n\nwarning: unused import: `super::*`\n   --> src/method.rs:424:9\n    |\n424 |     use super::*;\n    |         ^^^^^^^^\n\nwarning: unused import: `super::*`\n    --> src/request.rs:1063:9\n     |\n1063 |     use super::*;\n     |         ^^^^^^^^\n\nwarning: unused import: `super::*`\n   --> src/response.rs:776:9\n    |\n776 |     use super::*;\n    |         ^^^^^^^^\n\nwarning: unused import: `super::*`\n   --> src/uri/authority.rs:533:9\n    |\n533 |     use super::*;\n    |         ^^^^^^^^\n\nwarning: unused import: `super::*`\n   --> src/uri/builder.rs:165:9\n    |\n165 |     use super::*;\n    |         ^^^^^^^^\n\nwarning: unused import: `super::*`\n   --> src/uri/port.rs:115:9\n    |\n115 |     use super::*;\n    |         ^^^^^^^^\n\nwarning: unused import: `super::*`\n   --> src/error.rs:143:9\n    |\n143 |     use super::*;\n    |         ^^^^^^^^\n\nwarning: unused import: `super::*`\n   --> src/lib.rs:197:9\n    |\n197 |     use super::*;\n    |         ^^^^^^^^\n\nerror[E0425]: cannot find function `from_maybe_shared_unchecked` in this scope\n   --> src/header/value.rs:811:27\n    |\n811 |     let result = unsafe { from_maybe_shared_unchecked(valid_utf8_slice) };\n    |                           ^^^^^^^^^^^^^^^^^^^^^^^^^^^ not found in this scope\n\nSome errors have detailed explanations: E0425, E0433.\nFor more information about an error, try `rustc --explain E0425`.\nwarning: `http` (lib test) generated 16 warnings\nerror: could not compile `http` (lib test) due to 2 previous errors; 16 warnings emitted\n"
                }
              ],
              "repaired": [
                false
              ]
            },
            {
              "attrs": [
                "#[should_panic(expected = \"HeaderValue::from_maybe_shared_unchecked() with invalid bytes\")]"
              ],
              "prefix": [],
              "oracles": [],
              "codes": [
                [
                  "{",
                  "    use http::header::HeaderValue;",
                  "    use bytes::Bytes;",
                  "",
                  "    // Test case with invalid UTF-8 bytes as slice",
                  "    let invalid_utf8_slice: &[u8] = &[0xFF, 0xFF, 0xFF];",
                  "    unsafe { from_maybe_shared_unchecked(invalid_utf8_slice) };",
                  "}"
                ]
              ],
              "can_compile": [
                {
                  "Err": "   Compiling proc-macro2 v1.0.95\n   Compiling libc v0.2.172\n   Compiling zerocopy v0.8.25\n   Compiling syn v1.0.109\n   Compiling serde v1.0.219\n   Compiling doc-comment v0.3.3\n   Compiling serde_json v1.0.140\n   Compiling quote v1.0.40\n   Compiling getrandom v0.2.16\n   Compiling rand_core v0.6.4\n   Compiling ppv-lite86 v0.2.21\n   Compiling rand_chacha v0.3.1\n   Compiling rand v0.8.5\n   Compiling quickcheck v1.0.3\n   Compiling ntest_timeout v0.9.3\n   Compiling ntest_test_cases v0.9.3\n   Compiling ntest v0.9.3\n   Compiling http v1.3.1 (/home/abezbm/rust-utgen-test-crates-new/http)\nerror[E0433]: failed to resolve: use of undeclared crate or module `http`\n   --> src/header/value.rs:807:9\n    |\n807 |     use http::header::HeaderValue;\n    |         ^^^^ use of undeclared crate or module `http`\n\nwarning: unused import: `self::StandardHeader::Vary`\n    --> src/header/name.rs:1676:9\n     |\n1676 |     use self::StandardHeader::Vary;\n     |         ^^^^^^^^^^^^^^^^^^^^^^^^^^\n     |\n     = note: `#[warn(unused_imports)]` on by default\n\nwarning: unused import: `super::*`\n   --> src/header/value.rs:481:9\n    |\n481 |     use super::*;\n    |         ^^^^^^^^\n\nwarning: unused import: `crate::header::map::HeaderMap`\n   --> src/header/value.rs:482:9\n    |\n482 |     use crate::header::map::HeaderMap;\n    |         ^^^^^^^^^^^^^^^^^^^^^^^^^^^^^\n\nwarning: unused import: `crate::header::name`\n   --> src/header/value.rs:483:9\n    |\n483 |     use crate::header::name;\n    |         ^^^^^^^^^^^^^^^^^^^\n\nwarning: unused import: `super::*`\n   --> src/header/value.rs:568:9\n    |\n568 |     use super::*;\n    |         ^^^^^^^^\n\nwarning: unused import: `crate::header::name`\n   --> src/header/value.rs:569:9\n    |\n569 |     use crate::header::name;\n    |         ^^^^^^^^^^^^^^^^^^^\n\nwarning: unused import: `super::*`\n   --> src/header/value.rs:801:8\n    |\n801 |    use super::*;\n    |        ^^^^^^^^\n\nwarning: unused import: `ntest::timeout`\n   --> src/header/value.rs:802:8\n    |\n802 |    use ntest::timeout;\n    |        ^^^^^^^^^^^^^^\n\nwarning: unused import: `bytes::Bytes`\n   --> src/header/value.rs:808:9\n    |\n808 |     use bytes::Bytes;\n    |         ^^^^^^^^^^^^\n\nwarning: unused import: `super::*`\n   --> src/method.rs:424:9\n    |\n424 |     use super::*;\n    |         ^^^^^^^^\n\nwarning: unused import: `super::*`\n    --> src/request.rs:1063:9\n     |\n1063 |     use super::*;\n     |         ^^^^^^^^\n\nwarning: unused import: `super::*`\n   --> src/response.rs:776:9\n    |\n776 |     use super::*;\n    |         ^^^^^^^^\n\nwarning: unused import: `super::*`\n   --> src/uri/authority.rs:533:9\n    |\n533 |     use super::*;\n    |         ^^^^^^^^\n\nwarning: unused import: `super::*`\n   --> src/uri/builder.rs:165:9\n    |\n165 |     use super::*;\n    |         ^^^^^^^^\n\nwarning: unused import: `super::*`\n   --> src/uri/port.rs:115:9\n    |\n115 |     use super::*;\n    |         ^^^^^^^^\n\nwarning: unused import: `super::*`\n   --> src/error.rs:143:9\n    |\n143 |     use super::*;\n    |         ^^^^^^^^\n\nwarning: unused import: `super::*`\n   --> src/lib.rs:197:9\n    |\n197 |     use super::*;\n    |         ^^^^^^^^\n\nerror[E0425]: cannot find function `from_maybe_shared_unchecked` in this scope\n   --> src/header/value.rs:812:14\n    |\n812 |     unsafe { from_maybe_shared_unchecked(invalid_utf8_slice) };\n    |              ^^^^^^^^^^^^^^^^^^^^^^^^^^^ not found in this scope\n\nSome errors have detailed explanations: E0425, E0433.\nFor more information about an error, try `rustc --explain E0425`.\nwarning: `http` (lib test) generated 17 warnings\nerror: could not compile `http` (lib test) due to 2 previous errors; 17 warnings emitted\n"
                }
              ],
              "repaired": [
                false
              ]
            }
          ]
        }
      ]
    }
  ]
}