{
  "name": "http::version::<version::Version as std::fmt::Debug>::fmt",
  "name_with_impl": "http::version::{impl#2}::fmt",
  "mod_info": {
    "name": "version",
    "loc": "src/lib.rs:178:1:178:17"
  },
  "visible": true,
  "loc": "src/version.rs:63:5:74:6",
  "fn_tests": [
    {
      "chain_id": 1,
      "prompt_conds": [
        "// constraint: self.0 matches __NonExhaustive is true\n"
      ],
      "input_infer": "",
      "answers": [
        {
          "uses": [
            "use self::Http::*;"
          ],
          "has_test_mod": false,
          "common": [
            "#[derive(Debug)]",
            "enum Http {",
            "    Http09,",
            "    Http10,",
            "    Http11,",
            "    H2,",
            "    H3,",
            "    __NonExhaustive,",
            "}",
            "",
            "struct Version(Http);",
            "",
            "impl std::fmt::Display for Version {",
            "    fn fmt(&self, f: &mut std::fmt::Formatter<'_>) -> std::fmt::Result {",
            "",
            "        f.write_str(match self.0 {",
            "            Http09 => \"HTTP/0.9\",",
            "            Http10 => \"HTTP/1.0\",",
            "            Http11 => \"HTTP/1.1\",",
            "            H2 => \"HTTP/2.0\",",
            "            H3 => \"HTTP/3.0\",",
            "            __NonExhaustive => unreachable!(),",
            "        })",
            "    }",
            "}"
          ],
          "chain_tests": [
            {
              "attrs": [
                "#[should_panic]"
              ],
              "prefix": [],
              "oracles": [],
              "codes": [
                [
                  "{",
                  "    let version = Version(Http::__NonExhaustive);",
                  "    let _ = format!(\"{}\", version);",
                  "}"
                ]
              ],
              "can_compile": [
                {
                  "Err": "   Compiling libc v0.2.172\n   Compiling proc-macro2 v1.0.95\n   Compiling zerocopy v0.8.25\n   Compiling syn v1.0.109\n   Compiling serde v1.0.219\n   Compiling serde_json v1.0.140\n   Compiling doc-comment v0.3.3\n   Compiling quote v1.0.40\n   Compiling getrandom v0.2.16\n   Compiling rand_core v0.6.4\n   Compiling ppv-lite86 v0.2.21\n   Compiling rand_chacha v0.3.1\n   Compiling rand v0.8.5\n   Compiling quickcheck v1.0.3\n   Compiling ntest_test_cases v0.9.3\n   Compiling ntest_timeout v0.9.3\n   Compiling ntest v0.9.3\n   Compiling http v1.3.1 (/home/abezbm/rust-utgen-test-crates-new/http)\nwarning: unused import: `self::StandardHeader::Vary`\n    --> src/header/name.rs:1676:9\n     |\n1676 |     use self::StandardHeader::Vary;\n     |         ^^^^^^^^^^^^^^^^^^^^^^^^^^\n     |\n     = note: `#[warn(unused_imports)]` on by default\n\nwarning: unused import: `super::*`\n   --> src/header/value.rs:481:9\n    |\n481 |     use super::*;\n    |         ^^^^^^^^\n\nwarning: unused import: `crate::header::map::HeaderMap`\n   --> src/header/value.rs:482:9\n    |\n482 |     use crate::header::map::HeaderMap;\n    |         ^^^^^^^^^^^^^^^^^^^^^^^^^^^^^\n\nwarning: unused import: `crate::header::name`\n   --> src/header/value.rs:483:9\n    |\n483 |     use crate::header::name;\n    |         ^^^^^^^^^^^^^^^^^^^\n\nwarning: unused import: `super::*`\n   --> src/header/value.rs:568:9\n    |\n568 |     use super::*;\n    |         ^^^^^^^^\n\nwarning: unused import: `crate::header::name`\n   --> src/header/value.rs:569:9\n    |\n569 |     use crate::header::name;\n    |         ^^^^^^^^^^^^^^^^^^^\n\nwarning: unused import: `super::*`\n   --> src/method.rs:424:9\n    |\n424 |     use super::*;\n    |         ^^^^^^^^\n\nwarning: unused import: `super::*`\n    --> src/request.rs:1063:9\n     |\n1063 |     use super::*;\n     |         ^^^^^^^^\n\nwarning: unused import: `super::*`\n   --> src/response.rs:776:9\n    |\n776 |     use super::*;\n    |         ^^^^^^^^\n\nwarning: unused import: `super::*`\n   --> src/uri/authority.rs:533:9\n    |\n533 |     use super::*;\n    |         ^^^^^^^^\n\nwarning: unused import: `super::*`\n   --> src/uri/builder.rs:165:9\n    |\n165 |     use super::*;\n    |         ^^^^^^^^\n\nwarning: unused import: `super::*`\n   --> src/uri/port.rs:115:9\n    |\n115 |     use super::*;\n    |         ^^^^^^^^\n\nwarning: unused import: `super::*`\n  --> src/version.rs:78:8\n   |\n78 |    use super::*;\n   |        ^^^^^^^^\n\nwarning: unused import: `ntest::timeout`\n  --> src/version.rs:79:8\n   |\n79 |    use ntest::timeout;\n   |        ^^^^^^^^^^^^^^\n\nwarning: unused import: `super::*`\n   --> src/error.rs:143:9\n    |\n143 |     use super::*;\n    |         ^^^^^^^^\n\nwarning: unused import: `super::*`\n   --> src/lib.rs:197:9\n    |\n197 |     use super::*;\n    |         ^^^^^^^^\n\nerror[E0170]: pattern binding `Http09` is named the same as one of the variants of the type `version::llmtests::Http`\n  --> src/version.rs:96:13\n   |\n96 |             Http09 => \"HTTP/0.9\",\n   |             ^^^^^^ help: to match on the variant, qualify the path: `version::llmtests::Http::Http09`\n   |\n   = note: `#[deny(bindings_with_variant_name)]` on by default\n\nerror[E0170]: pattern binding `Http10` is named the same as one of the variants of the type `version::llmtests::Http`\n  --> src/version.rs:97:13\n   |\n97 |             Http10 => \"HTTP/1.0\",\n   |             ^^^^^^ help: to match on the variant, qualify the path: `version::llmtests::Http::Http10`\n\nerror[E0170]: pattern binding `Http11` is named the same as one of the variants of the type `version::llmtests::Http`\n  --> src/version.rs:98:13\n   |\n98 |             Http11 => \"HTTP/1.1\",\n   |             ^^^^^^ help: to match on the variant, qualify the path: `version::llmtests::Http::Http11`\n\nerror[E0170]: pattern binding `H2` is named the same as one of the variants of the type `version::llmtests::Http`\n  --> src/version.rs:99:13\n   |\n99 |             H2 => \"HTTP/2.0\",\n   |             ^^ help: to match on the variant, qualify the path: `version::llmtests::Http::H2`\n\nerror[E0170]: pattern binding `H3` is named the same as one of the variants of the type `version::llmtests::Http`\n   --> src/version.rs:100:13\n    |\n100 |             H3 => \"HTTP/3.0\",\n    |             ^^ help: to match on the variant, qualify the path: `version::llmtests::Http::H3`\n\nerror[E0170]: pattern binding `__NonExhaustive` is named the same as one of the variants of the type `version::llmtests::Http`\n   --> src/version.rs:101:13\n    |\n101 |             __NonExhaustive => unreachable!(),\n    |             ^^^^^^^^^^^^^^^ help: to match on the variant, qualify the path: `version::llmtests::Http::__NonExhaustive`\n\nwarning: unreachable pattern\n  --> src/version.rs:97:13\n   |\n96 |             Http09 => \"HTTP/0.9\",\n   |             ------ matches any value\n97 |             Http10 => \"HTTP/1.0\",\n   |             ^^^^^^ unreachable pattern\n   |\n   = note: `#[warn(unreachable_patterns)]` on by default\n\nwarning: unreachable pattern\n  --> src/version.rs:98:13\n   |\n96 |             Http09 => \"HTTP/0.9\",\n   |             ------ matches any value\n97 |             Http10 => \"HTTP/1.0\",\n98 |             Http11 => \"HTTP/1.1\",\n   |             ^^^^^^ unreachable pattern\n\nwarning: unreachable pattern\n  --> src/version.rs:99:13\n   |\n96 |             Http09 => \"HTTP/0.9\",\n   |             ------ matches any value\n...\n99 |             H2 => \"HTTP/2.0\",\n   |             ^^ unreachable pattern\n\nwarning: unreachable pattern\n   --> src/version.rs:100:13\n    |\n96  |             Http09 => \"HTTP/0.9\",\n    |             ------ matches any value\n...\n100 |             H3 => \"HTTP/3.0\",\n    |             ^^ unreachable pattern\n\nwarning: unreachable pattern\n   --> src/version.rs:101:13\n    |\n96  |             Http09 => \"HTTP/0.9\",\n    |             ------ matches any value\n...\n101 |             __NonExhaustive => unreachable!(),\n    |             ^^^^^^^^^^^^^^^ unreachable pattern\n\nwarning: unused variable: `Http09`\n  --> src/version.rs:96:13\n   |\n96 |             Http09 => \"HTTP/0.9\",\n   |             ^^^^^^ help: if this is intentional, prefix it with an underscore: `_Http09`\n   |\n   = note: `#[warn(unused_variables)]` on by default\n\nwarning: unused variable: `Http10`\n  --> src/version.rs:97:13\n   |\n97 |             Http10 => \"HTTP/1.0\",\n   |             ^^^^^^ help: if this is intentional, prefix it with an underscore: `_Http10`\n\nwarning: unused variable: `Http11`\n  --> src/version.rs:98:13\n   |\n98 |             Http11 => \"HTTP/1.1\",\n   |             ^^^^^^ help: if this is intentional, prefix it with an underscore: `_Http11`\n\nwarning: unused variable: `H2`\n  --> src/version.rs:99:13\n   |\n99 |             H2 => \"HTTP/2.0\",\n   |             ^^ help: if this is intentional, prefix it with an underscore: `_H2`\n\nwarning: unused variable: `H3`\n   --> src/version.rs:100:13\n    |\n100 |             H3 => \"HTTP/3.0\",\n    |             ^^ help: if this is intentional, prefix it with an underscore: `_H3`\n\nerror[E0507]: cannot move out of `self` which is behind a shared reference\n   --> src/version.rs:95:27\n    |\n95  |         f.write_str(match self.0 {\n    |                           ^^^^^^\n96  |             Http09 => \"HTTP/0.9\",\n    |             ------ data moved here\n97  |             Http10 => \"HTTP/1.0\",\n    |             ------ ...and here\n98  |             Http11 => \"HTTP/1.1\",\n    |             ------ ...and here\n99  |             H2 => \"HTTP/2.0\",\n    |             -- ...and here\n100 |             H3 => \"HTTP/3.0\",\n    |             -- ...and here\n101 |             __NonExhaustive => unreachable!(),\n    |             --------------- ...and here\n    |\n    = note: move occurs because these variables have types that don't implement the `Copy` trait\nhelp: consider borrowing here\n    |\n95  |         f.write_str(match &self.0 {\n    |                           +\n\nSome errors have detailed explanations: E0170, E0507.\nFor more information about an error, try `rustc --explain E0170`.\nwarning: `http` (lib test) generated 26 warnings\nerror: could not compile `http` (lib test) due to 7 previous errors; 26 warnings emitted\n"
                }
              ],
              "repaired": [
                false
              ]
            }
          ]
        }
      ]
    },
    {
      "chain_id": 2,
      "prompt_conds": [
        "// constraint: self.0 matches H3 is true\n",
        "// constraint: self.0 matches H3 is true\n"
      ],
      "input_infer": "",
      "answers": [
        {
          "uses": [
            "use std::fmt;"
          ],
          "has_test_mod": false,
          "common": [],
          "chain_tests": [
            {
              "attrs": [],
              "prefix": [],
              "oracles": [],
              "codes": [
                [
                  "{",
                  "    use std::fmt;",
                  "",
                  "    struct Http(u8);",
                  "    ",
                  "    impl Http {",
                  "        const H3: u8 = 5; // Assuming H3 is represented by some unique value, e.g., 5",
                  "    }",
                  "",
                  "    impl fmt::Display for Http {",
                  "        fn fmt(&self, f: &mut fmt::Formatter<'_>) -> fmt::Result {",
                  "            match self.0 {",
                  "                Http::H3 => f.write_str(\"HTTP/3.0\"),",
                  "                _ => unreachable!(),",
                  "            }",
                  "        }",
                  "    }",
                  "",
                  "    let http_version = Http(Http::H3);",
                  "    let mut output = String::new();",
                  "    let result = write!(&mut output, \"{}\", http_version);",
                  "    ",
                  "    assert!(result.is_ok());",
                  "    assert_eq!(output, \"HTTP/3.0\");",
                  "}"
                ]
              ],
              "can_compile": [
                {
                  "Err": "   Compiling libc v0.2.172\n   Compiling proc-macro2 v1.0.95\n   Compiling zerocopy v0.8.25\n   Compiling syn v1.0.109\n   Compiling serde v1.0.219\n   Compiling serde_json v1.0.140\n   Compiling doc-comment v0.3.3\n   Compiling quote v1.0.40\n   Compiling getrandom v0.2.16\n   Compiling rand_core v0.6.4\n   Compiling ppv-lite86 v0.2.21\n   Compiling rand_chacha v0.3.1\n   Compiling rand v0.8.5\n   Compiling quickcheck v1.0.3\n   Compiling ntest_test_cases v0.9.3\n   Compiling ntest_timeout v0.9.3\n   Compiling ntest v0.9.3\n   Compiling http v1.3.1 (/home/abezbm/rust-utgen-test-crates-new/http)\nwarning: unused import: `self::StandardHeader::Vary`\n    --> src/header/name.rs:1676:9\n     |\n1676 |     use self::StandardHeader::Vary;\n     |         ^^^^^^^^^^^^^^^^^^^^^^^^^^\n     |\n     = note: `#[warn(unused_imports)]` on by default\n\nwarning: unused import: `super::*`\n   --> src/header/value.rs:481:9\n    |\n481 |     use super::*;\n    |         ^^^^^^^^\n\nwarning: unused import: `crate::header::map::HeaderMap`\n   --> src/header/value.rs:482:9\n    |\n482 |     use crate::header::map::HeaderMap;\n    |         ^^^^^^^^^^^^^^^^^^^^^^^^^^^^^\n\nwarning: unused import: `crate::header::name`\n   --> src/header/value.rs:483:9\n    |\n483 |     use crate::header::name;\n    |         ^^^^^^^^^^^^^^^^^^^\n\nwarning: unused import: `super::*`\n   --> src/header/value.rs:568:9\n    |\n568 |     use super::*;\n    |         ^^^^^^^^\n\nwarning: unused import: `crate::header::name`\n   --> src/header/value.rs:569:9\n    |\n569 |     use crate::header::name;\n    |         ^^^^^^^^^^^^^^^^^^^\n\nwarning: unused import: `super::*`\n   --> src/method.rs:424:9\n    |\n424 |     use super::*;\n    |         ^^^^^^^^\n\nwarning: unused import: `super::*`\n    --> src/request.rs:1063:9\n     |\n1063 |     use super::*;\n     |         ^^^^^^^^\n\nwarning: unused import: `super::*`\n   --> src/response.rs:776:9\n    |\n776 |     use super::*;\n    |         ^^^^^^^^\n\nwarning: unused import: `super::*`\n   --> src/uri/authority.rs:533:9\n    |\n533 |     use super::*;\n    |         ^^^^^^^^\n\nwarning: unused import: `super::*`\n   --> src/uri/builder.rs:165:9\n    |\n165 |     use super::*;\n    |         ^^^^^^^^\n\nwarning: unused import: `super::*`\n   --> src/uri/port.rs:115:9\n    |\n115 |     use super::*;\n    |         ^^^^^^^^\n\nwarning: unused import: `super::*`\n  --> src/version.rs:78:8\n   |\n78 |    use super::*;\n   |        ^^^^^^^^\n\nwarning: unused import: `ntest::timeout`\n  --> src/version.rs:79:8\n   |\n79 |    use ntest::timeout;\n   |        ^^^^^^^^^^^^^^\n\nwarning: unused import: `super::*`\n   --> src/error.rs:143:9\n    |\n143 |     use super::*;\n    |         ^^^^^^^^\n\nwarning: unused import: `super::*`\n   --> src/lib.rs:197:9\n    |\n197 |     use super::*;\n    |         ^^^^^^^^\n\nerror[E0599]: cannot write into `&mut String`\n   --> src/version.rs:102:25\n    |\n102 |     let result = write!(&mut output, \"{}\", http_version);\n    |                         ^^^^^^^^^^^\n    |\nnote: must implement `io::Write`, `fmt::Write`, or have a `write_fmt` method\n   --> src/version.rs:102:25\n    |\n102 |     let result = write!(&mut output, \"{}\", http_version);\n    |                         ^^^^^^^^^^^\n    = help: items from traits can only be used if the trait is in scope\nhelp: trait `Write` which provides `write_fmt` is implemented but not in scope; perhaps you want to import it\n    |\n78  +    use std::fmt::Write;\n    |\nhelp: there is a method `write_str` with a similar name\n   --> /home/abezbm/.rustup/toolchains/nightly-2024-07-21-x86_64-unknown-linux-gnu/lib/rustlib/src/rust/library/core/src/macros/mod.rs:632:14\n    |\n632 |         $dst.write_str($crate::format_args!($($arg)*))\n    |              ~~~~~~~~~\n\nFor more information about this error, try `rustc --explain E0599`.\nwarning: `http` (lib test) generated 16 warnings\nerror: could not compile `http` (lib test) due to 1 previous error; 16 warnings emitted\n"
                }
              ],
              "repaired": [
                false
              ]
            },
            {
              "attrs": [
                "#[should_panic]"
              ],
              "prefix": [],
              "oracles": [],
              "codes": [
                [
                  "{",
                  "    use std::fmt;",
                  "",
                  "    struct Http(u8);",
                  "    ",
                  "    impl Http {",
                  "        const H3: u8 = 5;",
                  "    }",
                  "",
                  "    impl fmt::Display for Http {",
                  "        fn fmt(&self, f: &mut fmt::Formatter<'_>) -> fmt::Result {",
                  "            match self.0 {",
                  "                Http::H3 => f.write_str(\"HTTP/3.0\"),",
                  "                _ => unreachable!(),",
                  "            }",
                  "        }",
                  "    }",
                  "",
                  "    let http_version = Http(0); // This will trigger the unreachable!() panic",
                  "    let _ = format!(\"{}\", http_version);",
                  "}"
                ]
              ],
              "can_compile": [
                {
                  "Ok": null
                }
              ],
              "repaired": [
                false
              ]
            }
          ]
        }
      ]
    },
    {
      "chain_id": 3,
      "prompt_conds": [
        "// constraint: self.0 matches H2 is true\n",
        "// constraint: self.0 matches H2 is true\n"
      ],
      "input_infer": "",
      "answers": [
        {
          "uses": [
            "use self::HttpVariant::*;",
            "use std::fmt;"
          ],
          "has_test_mod": false,
          "common": [],
          "chain_tests": [
            {
              "attrs": [],
              "prefix": [],
              "oracles": [],
              "codes": [
                [
                  "{",
                  "    use std::fmt;",
                  "",
                  "    #[derive(Debug)]",
                  "    struct Http(HttpVariant);",
                  "",
                  "    #[derive(Debug)]",
                  "    enum HttpVariant {",
                  "        Http09,",
                  "        Http10,",
                  "        Http11,",
                  "        H2,",
                  "        H3,",
                  "        __NonExhaustive,",
                  "    }",
                  "",
                  "    impl fmt::Display for Http {",
                  "        fn fmt(&self, f: &mut fmt::Formatter<'_>) -> fmt::Result {",
                  "            use self::HttpVariant::*;",
                  "",
                  "            f.write_str(match self.0 {",
                  "                Http09 => \"HTTP/0.9\",",
                  "                Http10 => \"HTTP/1.0\",",
                  "                Http11 => \"HTTP/1.1\",",
                  "                H2 => \"HTTP/2.0\",",
                  "                H3 => \"HTTP/3.0\",",
                  "                __NonExhaustive => unreachable!(),",
                  "            })",
                  "        }",
                  "    }",
                  "    ",
                  "    let http2 = Http(HttpVariant::H2);",
                  "    let result = format!(\"{}\", http2);",
                  "    assert_eq!(result, \"HTTP/2.0\");",
                  "}"
                ]
              ],
              "can_compile": [
                {
                  "Err": "   Compiling libc v0.2.172\n   Compiling proc-macro2 v1.0.95\n   Compiling zerocopy v0.8.25\n   Compiling syn v1.0.109\n   Compiling serde v1.0.219\n   Compiling serde_json v1.0.140\n   Compiling doc-comment v0.3.3\n   Compiling quote v1.0.40\n   Compiling getrandom v0.2.16\n   Compiling rand_core v0.6.4\n   Compiling ppv-lite86 v0.2.21\n   Compiling rand_chacha v0.3.1\n   Compiling rand v0.8.5\n   Compiling quickcheck v1.0.3\n   Compiling ntest_test_cases v0.9.3\n   Compiling ntest_timeout v0.9.3\n   Compiling ntest v0.9.3\n   Compiling http v1.3.1 (/home/abezbm/rust-utgen-test-crates-new/http)\nerror[E0432]: unresolved import `self::HttpVariant`\n   --> src/version.rs:100:23\n    |\n100 |             use self::HttpVariant::*;\n    |                       ^^^^^^^^^^^ could not find `HttpVariant` in `self`\n\nwarning: unused import: `self::StandardHeader::Vary`\n    --> src/header/name.rs:1676:9\n     |\n1676 |     use self::StandardHeader::Vary;\n     |         ^^^^^^^^^^^^^^^^^^^^^^^^^^\n     |\n     = note: `#[warn(unused_imports)]` on by default\n\nwarning: unused import: `super::*`\n   --> src/header/value.rs:481:9\n    |\n481 |     use super::*;\n    |         ^^^^^^^^\n\nwarning: unused import: `crate::header::map::HeaderMap`\n   --> src/header/value.rs:482:9\n    |\n482 |     use crate::header::map::HeaderMap;\n    |         ^^^^^^^^^^^^^^^^^^^^^^^^^^^^^\n\nwarning: unused import: `crate::header::name`\n   --> src/header/value.rs:483:9\n    |\n483 |     use crate::header::name;\n    |         ^^^^^^^^^^^^^^^^^^^\n\nwarning: unused import: `super::*`\n   --> src/header/value.rs:568:9\n    |\n568 |     use super::*;\n    |         ^^^^^^^^\n\nwarning: unused import: `crate::header::name`\n   --> src/header/value.rs:569:9\n    |\n569 |     use crate::header::name;\n    |         ^^^^^^^^^^^^^^^^^^^\n\nwarning: unused import: `super::*`\n   --> src/method.rs:424:9\n    |\n424 |     use super::*;\n    |         ^^^^^^^^\n\nwarning: unused import: `super::*`\n    --> src/request.rs:1063:9\n     |\n1063 |     use super::*;\n     |         ^^^^^^^^\n\nwarning: unused import: `super::*`\n   --> src/response.rs:776:9\n    |\n776 |     use super::*;\n    |         ^^^^^^^^\n\nwarning: unused import: `super::*`\n   --> src/uri/authority.rs:533:9\n    |\n533 |     use super::*;\n    |         ^^^^^^^^\n\nwarning: unused import: `super::*`\n   --> src/uri/builder.rs:165:9\n    |\n165 |     use super::*;\n    |         ^^^^^^^^\n\nwarning: unused import: `super::*`\n   --> src/uri/port.rs:115:9\n    |\n115 |     use super::*;\n    |         ^^^^^^^^\n\nwarning: unused import: `super::*`\n  --> src/version.rs:78:8\n   |\n78 |    use super::*;\n   |        ^^^^^^^^\n\nwarning: unused import: `ntest::timeout`\n  --> src/version.rs:79:8\n   |\n79 |    use ntest::timeout;\n   |        ^^^^^^^^^^^^^^\n\nwarning: unused import: `super::*`\n   --> src/error.rs:143:9\n    |\n143 |     use super::*;\n    |         ^^^^^^^^\n\nwarning: unused import: `super::*`\n   --> src/lib.rs:197:9\n    |\n197 |     use super::*;\n    |         ^^^^^^^^\n\nerror[E0170]: pattern binding `Http09` is named the same as one of the variants of the type `version::llmtests::test_fmt_03::HttpVariant`\n   --> src/version.rs:103:17\n    |\n103 |                 Http09 => \"HTTP/0.9\",\n    |                 ^^^^^^ help: to match on the variant, qualify the path: `version::llmtests::test_fmt_03::HttpVariant::Http09`\n    |\n    = note: `#[deny(bindings_with_variant_name)]` on by default\n\nerror[E0170]: pattern binding `Http10` is named the same as one of the variants of the type `version::llmtests::test_fmt_03::HttpVariant`\n   --> src/version.rs:104:17\n    |\n104 |                 Http10 => \"HTTP/1.0\",\n    |                 ^^^^^^ help: to match on the variant, qualify the path: `version::llmtests::test_fmt_03::HttpVariant::Http10`\n\nerror[E0170]: pattern binding `Http11` is named the same as one of the variants of the type `version::llmtests::test_fmt_03::HttpVariant`\n   --> src/version.rs:105:17\n    |\n105 |                 Http11 => \"HTTP/1.1\",\n    |                 ^^^^^^ help: to match on the variant, qualify the path: `version::llmtests::test_fmt_03::HttpVariant::Http11`\n\nerror[E0170]: pattern binding `H2` is named the same as one of the variants of the type `version::llmtests::test_fmt_03::HttpVariant`\n   --> src/version.rs:106:17\n    |\n106 |                 H2 => \"HTTP/2.0\",\n    |                 ^^ help: to match on the variant, qualify the path: `version::llmtests::test_fmt_03::HttpVariant::H2`\n\nerror[E0170]: pattern binding `H3` is named the same as one of the variants of the type `version::llmtests::test_fmt_03::HttpVariant`\n   --> src/version.rs:107:17\n    |\n107 |                 H3 => \"HTTP/3.0\",\n    |                 ^^ help: to match on the variant, qualify the path: `version::llmtests::test_fmt_03::HttpVariant::H3`\n\nerror[E0170]: pattern binding `__NonExhaustive` is named the same as one of the variants of the type `version::llmtests::test_fmt_03::HttpVariant`\n   --> src/version.rs:108:17\n    |\n108 |                 __NonExhaustive => unreachable!(),\n    |                 ^^^^^^^^^^^^^^^ help: to match on the variant, qualify the path: `version::llmtests::test_fmt_03::HttpVariant::__NonExhaustive`\n\nwarning: unreachable pattern\n   --> src/version.rs:104:17\n    |\n103 |                 Http09 => \"HTTP/0.9\",\n    |                 ------ matches any value\n104 |                 Http10 => \"HTTP/1.0\",\n    |                 ^^^^^^ unreachable pattern\n    |\n    = note: `#[warn(unreachable_patterns)]` on by default\n\nwarning: unreachable pattern\n   --> src/version.rs:105:17\n    |\n103 |                 Http09 => \"HTTP/0.9\",\n    |                 ------ matches any value\n104 |                 Http10 => \"HTTP/1.0\",\n105 |                 Http11 => \"HTTP/1.1\",\n    |                 ^^^^^^ unreachable pattern\n\nwarning: unreachable pattern\n   --> src/version.rs:106:17\n    |\n103 |                 Http09 => \"HTTP/0.9\",\n    |                 ------ matches any value\n...\n106 |                 H2 => \"HTTP/2.0\",\n    |                 ^^ unreachable pattern\n\nwarning: unreachable pattern\n   --> src/version.rs:107:17\n    |\n103 |                 Http09 => \"HTTP/0.9\",\n    |                 ------ matches any value\n...\n107 |                 H3 => \"HTTP/3.0\",\n    |                 ^^ unreachable pattern\n\nwarning: unreachable pattern\n   --> src/version.rs:108:17\n    |\n103 |                 Http09 => \"HTTP/0.9\",\n    |                 ------ matches any value\n...\n108 |                 __NonExhaustive => unreachable!(),\n    |                 ^^^^^^^^^^^^^^^ unreachable pattern\n\nwarning: unused variable: `Http09`\n   --> src/version.rs:103:17\n    |\n103 |                 Http09 => \"HTTP/0.9\",\n    |                 ^^^^^^ help: if this is intentional, prefix it with an underscore: `_Http09`\n    |\n    = note: `#[warn(unused_variables)]` on by default\n\nwarning: unused variable: `Http10`\n   --> src/version.rs:104:17\n    |\n104 |                 Http10 => \"HTTP/1.0\",\n    |                 ^^^^^^ help: if this is intentional, prefix it with an underscore: `_Http10`\n\nwarning: unused variable: `Http11`\n   --> src/version.rs:105:17\n    |\n105 |                 Http11 => \"HTTP/1.1\",\n    |                 ^^^^^^ help: if this is intentional, prefix it with an underscore: `_Http11`\n\nwarning: unused variable: `H2`\n   --> src/version.rs:106:17\n    |\n106 |                 H2 => \"HTTP/2.0\",\n    |                 ^^ help: if this is intentional, prefix it with an underscore: `_H2`\n\nwarning: unused variable: `H3`\n   --> src/version.rs:107:17\n    |\n107 |                 H3 => \"HTTP/3.0\",\n    |                 ^^ help: if this is intentional, prefix it with an underscore: `_H3`\n\nerror[E0507]: cannot move out of `self` which is behind a shared reference\n   --> src/version.rs:102:31\n    |\n102 |             f.write_str(match self.0 {\n    |                               ^^^^^^\n103 |                 Http09 => \"HTTP/0.9\",\n    |                 ------ data moved here\n104 |                 Http10 => \"HTTP/1.0\",\n    |                 ------ ...and here\n105 |                 Http11 => \"HTTP/1.1\",\n    |                 ------ ...and here\n106 |                 H2 => \"HTTP/2.0\",\n    |                 -- ...and here\n107 |                 H3 => \"HTTP/3.0\",\n    |                 -- ...and here\n108 |                 __NonExhaustive => unreachable!(),\n    |                 --------------- ...and here\n    |\n    = note: move occurs because these variables have types that don't implement the `Copy` trait\nhelp: consider borrowing here\n    |\n102 |             f.write_str(match &self.0 {\n    |                               +\n\nSome errors have detailed explanations: E0170, E0432, E0507.\nFor more information about an error, try `rustc --explain E0170`.\nwarning: `http` (lib test) generated 26 warnings\nerror: could not compile `http` (lib test) due to 8 previous errors; 26 warnings emitted\n"
                }
              ],
              "repaired": [
                false
              ]
            },
            {
              "attrs": [],
              "prefix": [],
              "oracles": [],
              "codes": [
                [
                  "{",
                  "    use std::fmt;",
                  "",
                  "    #[derive(Debug)]",
                  "    struct Http(HttpVariant);",
                  "",
                  "    #[derive(Debug)]",
                  "    enum HttpVariant {",
                  "        Http09,",
                  "        Http10,",
                  "        Http11,",
                  "        H2,",
                  "        H3,",
                  "        __NonExhaustive,",
                  "    }",
                  "",
                  "    impl fmt::Display for Http {",
                  "        fn fmt(&self, f: &mut fmt::Formatter<'_>) -> fmt::Result {",
                  "            use self::HttpVariant::*;",
                  "",
                  "            f.write_str(match self.0 {",
                  "                Http09 => \"HTTP/0.9\",",
                  "                Http10 => \"HTTP/1.0\",",
                  "                Http11 => \"HTTP/1.1\",",
                  "                H2 => \"HTTP/2.0\",",
                  "                H3 => \"HTTP/3.0\",",
                  "                __NonExhaustive => unreachable!(),",
                  "            })",
                  "        }",
                  "    }",
                  "",
                  "    let http3 = Http(HttpVariant::H3);",
                  "    let result = format!(\"{}\", http3);",
                  "    assert_eq!(result, \"HTTP/3.0\");",
                  "}"
                ]
              ],
              "can_compile": [
                {
                  "Err": "   Compiling proc-macro2 v1.0.95\n   Compiling libc v0.2.172\n   Compiling zerocopy v0.8.25\n   Compiling syn v1.0.109\n   Compiling serde v1.0.219\n   Compiling doc-comment v0.3.3\n   Compiling serde_json v1.0.140\n   Compiling quote v1.0.40\n   Compiling getrandom v0.2.16\n   Compiling rand_core v0.6.4\n   Compiling ppv-lite86 v0.2.21\n   Compiling rand_chacha v0.3.1\n   Compiling rand v0.8.5\n   Compiling quickcheck v1.0.3\n   Compiling ntest_timeout v0.9.3\n   Compiling ntest_test_cases v0.9.3\n   Compiling ntest v0.9.3\n   Compiling http v1.3.1 (/home/abezbm/rust-utgen-test-crates-new/http)\nerror[E0432]: unresolved import `self::HttpVariant`\n   --> src/version.rs:100:23\n    |\n100 |             use self::HttpVariant::*;\n    |                       ^^^^^^^^^^^ could not find `HttpVariant` in `self`\n\nwarning: unused import: `self::StandardHeader::Vary`\n    --> src/header/name.rs:1676:9\n     |\n1676 |     use self::StandardHeader::Vary;\n     |         ^^^^^^^^^^^^^^^^^^^^^^^^^^\n     |\n     = note: `#[warn(unused_imports)]` on by default\n\nwarning: unused import: `super::*`\n   --> src/header/value.rs:481:9\n    |\n481 |     use super::*;\n    |         ^^^^^^^^\n\nwarning: unused import: `crate::header::map::HeaderMap`\n   --> src/header/value.rs:482:9\n    |\n482 |     use crate::header::map::HeaderMap;\n    |         ^^^^^^^^^^^^^^^^^^^^^^^^^^^^^\n\nwarning: unused import: `crate::header::name`\n   --> src/header/value.rs:483:9\n    |\n483 |     use crate::header::name;\n    |         ^^^^^^^^^^^^^^^^^^^\n\nwarning: unused import: `super::*`\n   --> src/header/value.rs:568:9\n    |\n568 |     use super::*;\n    |         ^^^^^^^^\n\nwarning: unused import: `crate::header::name`\n   --> src/header/value.rs:569:9\n    |\n569 |     use crate::header::name;\n    |         ^^^^^^^^^^^^^^^^^^^\n\nwarning: unused import: `super::*`\n   --> src/method.rs:424:9\n    |\n424 |     use super::*;\n    |         ^^^^^^^^\n\nwarning: unused import: `super::*`\n    --> src/request.rs:1063:9\n     |\n1063 |     use super::*;\n     |         ^^^^^^^^\n\nwarning: unused import: `super::*`\n   --> src/response.rs:776:9\n    |\n776 |     use super::*;\n    |         ^^^^^^^^\n\nwarning: unused import: `super::*`\n   --> src/uri/authority.rs:533:9\n    |\n533 |     use super::*;\n    |         ^^^^^^^^\n\nwarning: unused import: `super::*`\n   --> src/uri/builder.rs:165:9\n    |\n165 |     use super::*;\n    |         ^^^^^^^^\n\nwarning: unused import: `super::*`\n   --> src/uri/port.rs:115:9\n    |\n115 |     use super::*;\n    |         ^^^^^^^^\n\nwarning: unused import: `super::*`\n  --> src/version.rs:78:8\n   |\n78 |    use super::*;\n   |        ^^^^^^^^\n\nwarning: unused import: `ntest::timeout`\n  --> src/version.rs:79:8\n   |\n79 |    use ntest::timeout;\n   |        ^^^^^^^^^^^^^^\n\nwarning: unused import: `super::*`\n   --> src/error.rs:143:9\n    |\n143 |     use super::*;\n    |         ^^^^^^^^\n\nwarning: unused import: `super::*`\n   --> src/lib.rs:197:9\n    |\n197 |     use super::*;\n    |         ^^^^^^^^\n\nerror[E0170]: pattern binding `Http09` is named the same as one of the variants of the type `version::llmtests::test_fmt_04::HttpVariant`\n   --> src/version.rs:103:17\n    |\n103 |                 Http09 => \"HTTP/0.9\",\n    |                 ^^^^^^ help: to match on the variant, qualify the path: `version::llmtests::test_fmt_04::HttpVariant::Http09`\n    |\n    = note: `#[deny(bindings_with_variant_name)]` on by default\n\nerror[E0170]: pattern binding `Http10` is named the same as one of the variants of the type `version::llmtests::test_fmt_04::HttpVariant`\n   --> src/version.rs:104:17\n    |\n104 |                 Http10 => \"HTTP/1.0\",\n    |                 ^^^^^^ help: to match on the variant, qualify the path: `version::llmtests::test_fmt_04::HttpVariant::Http10`\n\nerror[E0170]: pattern binding `Http11` is named the same as one of the variants of the type `version::llmtests::test_fmt_04::HttpVariant`\n   --> src/version.rs:105:17\n    |\n105 |                 Http11 => \"HTTP/1.1\",\n    |                 ^^^^^^ help: to match on the variant, qualify the path: `version::llmtests::test_fmt_04::HttpVariant::Http11`\n\nerror[E0170]: pattern binding `H2` is named the same as one of the variants of the type `version::llmtests::test_fmt_04::HttpVariant`\n   --> src/version.rs:106:17\n    |\n106 |                 H2 => \"HTTP/2.0\",\n    |                 ^^ help: to match on the variant, qualify the path: `version::llmtests::test_fmt_04::HttpVariant::H2`\n\nerror[E0170]: pattern binding `H3` is named the same as one of the variants of the type `version::llmtests::test_fmt_04::HttpVariant`\n   --> src/version.rs:107:17\n    |\n107 |                 H3 => \"HTTP/3.0\",\n    |                 ^^ help: to match on the variant, qualify the path: `version::llmtests::test_fmt_04::HttpVariant::H3`\n\nerror[E0170]: pattern binding `__NonExhaustive` is named the same as one of the variants of the type `version::llmtests::test_fmt_04::HttpVariant`\n   --> src/version.rs:108:17\n    |\n108 |                 __NonExhaustive => unreachable!(),\n    |                 ^^^^^^^^^^^^^^^ help: to match on the variant, qualify the path: `version::llmtests::test_fmt_04::HttpVariant::__NonExhaustive`\n\nwarning: unreachable pattern\n   --> src/version.rs:104:17\n    |\n103 |                 Http09 => \"HTTP/0.9\",\n    |                 ------ matches any value\n104 |                 Http10 => \"HTTP/1.0\",\n    |                 ^^^^^^ unreachable pattern\n    |\n    = note: `#[warn(unreachable_patterns)]` on by default\n\nwarning: unreachable pattern\n   --> src/version.rs:105:17\n    |\n103 |                 Http09 => \"HTTP/0.9\",\n    |                 ------ matches any value\n104 |                 Http10 => \"HTTP/1.0\",\n105 |                 Http11 => \"HTTP/1.1\",\n    |                 ^^^^^^ unreachable pattern\n\nwarning: unreachable pattern\n   --> src/version.rs:106:17\n    |\n103 |                 Http09 => \"HTTP/0.9\",\n    |                 ------ matches any value\n...\n106 |                 H2 => \"HTTP/2.0\",\n    |                 ^^ unreachable pattern\n\nwarning: unreachable pattern\n   --> src/version.rs:107:17\n    |\n103 |                 Http09 => \"HTTP/0.9\",\n    |                 ------ matches any value\n...\n107 |                 H3 => \"HTTP/3.0\",\n    |                 ^^ unreachable pattern\n\nwarning: unreachable pattern\n   --> src/version.rs:108:17\n    |\n103 |                 Http09 => \"HTTP/0.9\",\n    |                 ------ matches any value\n...\n108 |                 __NonExhaustive => unreachable!(),\n    |                 ^^^^^^^^^^^^^^^ unreachable pattern\n\nwarning: unused variable: `Http09`\n   --> src/version.rs:103:17\n    |\n103 |                 Http09 => \"HTTP/0.9\",\n    |                 ^^^^^^ help: if this is intentional, prefix it with an underscore: `_Http09`\n    |\n    = note: `#[warn(unused_variables)]` on by default\n\nwarning: unused variable: `Http10`\n   --> src/version.rs:104:17\n    |\n104 |                 Http10 => \"HTTP/1.0\",\n    |                 ^^^^^^ help: if this is intentional, prefix it with an underscore: `_Http10`\n\nwarning: unused variable: `Http11`\n   --> src/version.rs:105:17\n    |\n105 |                 Http11 => \"HTTP/1.1\",\n    |                 ^^^^^^ help: if this is intentional, prefix it with an underscore: `_Http11`\n\nwarning: unused variable: `H2`\n   --> src/version.rs:106:17\n    |\n106 |                 H2 => \"HTTP/2.0\",\n    |                 ^^ help: if this is intentional, prefix it with an underscore: `_H2`\n\nwarning: unused variable: `H3`\n   --> src/version.rs:107:17\n    |\n107 |                 H3 => \"HTTP/3.0\",\n    |                 ^^ help: if this is intentional, prefix it with an underscore: `_H3`\n\nerror[E0507]: cannot move out of `self` which is behind a shared reference\n   --> src/version.rs:102:31\n    |\n102 |             f.write_str(match self.0 {\n    |                               ^^^^^^\n103 |                 Http09 => \"HTTP/0.9\",\n    |                 ------ data moved here\n104 |                 Http10 => \"HTTP/1.0\",\n    |                 ------ ...and here\n105 |                 Http11 => \"HTTP/1.1\",\n    |                 ------ ...and here\n106 |                 H2 => \"HTTP/2.0\",\n    |                 -- ...and here\n107 |                 H3 => \"HTTP/3.0\",\n    |                 -- ...and here\n108 |                 __NonExhaustive => unreachable!(),\n    |                 --------------- ...and here\n    |\n    = note: move occurs because these variables have types that don't implement the `Copy` trait\nhelp: consider borrowing here\n    |\n102 |             f.write_str(match &self.0 {\n    |                               +\n\nSome errors have detailed explanations: E0170, E0432, E0507.\nFor more information about an error, try `rustc --explain E0170`.\nwarning: `http` (lib test) generated 26 warnings\nerror: could not compile `http` (lib test) due to 8 previous errors; 26 warnings emitted\n"
                }
              ],
              "repaired": [
                false
              ]
            },
            {
              "attrs": [
                "#[should_panic]"
              ],
              "prefix": [],
              "oracles": [],
              "codes": [
                [
                  "{",
                  "    use std::fmt;",
                  "",
                  "    #[derive(Debug)]",
                  "    struct Http(HttpVariant);",
                  "",
                  "    #[derive(Debug)]",
                  "    enum HttpVariant {",
                  "        Http09,",
                  "        Http10,",
                  "        Http11,",
                  "        H2,",
                  "        H3,",
                  "        __NonExhaustive,",
                  "    }",
                  "",
                  "    impl fmt::Display for Http {",
                  "        fn fmt(&self, f: &mut fmt::Formatter<'_>) -> fmt::Result {",
                  "            use self::HttpVariant::*;",
                  "",
                  "            f.write_str(match self.0 {",
                  "                Http09 => \"HTTP/0.9\",",
                  "                Http10 => \"HTTP/1.0\",",
                  "                Http11 => \"HTTP/1.1\",",
                  "                H2 => \"HTTP/2.0\",",
                  "                H3 => \"HTTP/3.0\",",
                  "                __NonExhaustive => unreachable!(),",
                  "            })",
                  "        }",
                  "    }",
                  "",
                  "    let non_exhaustive = Http(HttpVariant::__NonExhaustive);",
                  "    let _ = format!(\"{}\", non_exhaustive); // This should panic",
                  "}"
                ]
              ],
              "can_compile": [
                {
                  "Err": "   Compiling libc v0.2.172\n   Compiling proc-macro2 v1.0.95\n   Compiling zerocopy v0.8.25\n   Compiling syn v1.0.109\n   Compiling serde v1.0.219\n   Compiling serde_json v1.0.140\n   Compiling doc-comment v0.3.3\n   Compiling quote v1.0.40\n   Compiling getrandom v0.2.16\n   Compiling rand_core v0.6.4\n   Compiling ppv-lite86 v0.2.21\n   Compiling rand_chacha v0.3.1\n   Compiling rand v0.8.5\n   Compiling quickcheck v1.0.3\n   Compiling ntest_timeout v0.9.3\n   Compiling ntest_test_cases v0.9.3\n   Compiling ntest v0.9.3\n   Compiling http v1.3.1 (/home/abezbm/rust-utgen-test-crates-new/http)\nerror[E0432]: unresolved import `self::HttpVariant`\n   --> src/version.rs:101:23\n    |\n101 |             use self::HttpVariant::*;\n    |                       ^^^^^^^^^^^ could not find `HttpVariant` in `self`\n\nwarning: unused import: `self::StandardHeader::Vary`\n    --> src/header/name.rs:1676:9\n     |\n1676 |     use self::StandardHeader::Vary;\n     |         ^^^^^^^^^^^^^^^^^^^^^^^^^^\n     |\n     = note: `#[warn(unused_imports)]` on by default\n\nwarning: unused import: `super::*`\n   --> src/header/value.rs:481:9\n    |\n481 |     use super::*;\n    |         ^^^^^^^^\n\nwarning: unused import: `crate::header::map::HeaderMap`\n   --> src/header/value.rs:482:9\n    |\n482 |     use crate::header::map::HeaderMap;\n    |         ^^^^^^^^^^^^^^^^^^^^^^^^^^^^^\n\nwarning: unused import: `crate::header::name`\n   --> src/header/value.rs:483:9\n    |\n483 |     use crate::header::name;\n    |         ^^^^^^^^^^^^^^^^^^^\n\nwarning: unused import: `super::*`\n   --> src/header/value.rs:568:9\n    |\n568 |     use super::*;\n    |         ^^^^^^^^\n\nwarning: unused import: `crate::header::name`\n   --> src/header/value.rs:569:9\n    |\n569 |     use crate::header::name;\n    |         ^^^^^^^^^^^^^^^^^^^\n\nwarning: unused import: `super::*`\n   --> src/method.rs:424:9\n    |\n424 |     use super::*;\n    |         ^^^^^^^^\n\nwarning: unused import: `super::*`\n    --> src/request.rs:1063:9\n     |\n1063 |     use super::*;\n     |         ^^^^^^^^\n\nwarning: unused import: `super::*`\n   --> src/response.rs:776:9\n    |\n776 |     use super::*;\n    |         ^^^^^^^^\n\nwarning: unused import: `super::*`\n   --> src/uri/authority.rs:533:9\n    |\n533 |     use super::*;\n    |         ^^^^^^^^\n\nwarning: unused import: `super::*`\n   --> src/uri/builder.rs:165:9\n    |\n165 |     use super::*;\n    |         ^^^^^^^^\n\nwarning: unused import: `super::*`\n   --> src/uri/port.rs:115:9\n    |\n115 |     use super::*;\n    |         ^^^^^^^^\n\nwarning: unused import: `super::*`\n  --> src/version.rs:78:8\n   |\n78 |    use super::*;\n   |        ^^^^^^^^\n\nwarning: unused import: `ntest::timeout`\n  --> src/version.rs:79:8\n   |\n79 |    use ntest::timeout;\n   |        ^^^^^^^^^^^^^^\n\nwarning: unused import: `super::*`\n   --> src/error.rs:143:9\n    |\n143 |     use super::*;\n    |         ^^^^^^^^\n\nwarning: unused import: `super::*`\n   --> src/lib.rs:197:9\n    |\n197 |     use super::*;\n    |         ^^^^^^^^\n\nerror[E0170]: pattern binding `Http09` is named the same as one of the variants of the type `version::llmtests::test_fmt_05::HttpVariant`\n   --> src/version.rs:104:17\n    |\n104 |                 Http09 => \"HTTP/0.9\",\n    |                 ^^^^^^ help: to match on the variant, qualify the path: `version::llmtests::test_fmt_05::HttpVariant::Http09`\n    |\n    = note: `#[deny(bindings_with_variant_name)]` on by default\n\nerror[E0170]: pattern binding `Http10` is named the same as one of the variants of the type `version::llmtests::test_fmt_05::HttpVariant`\n   --> src/version.rs:105:17\n    |\n105 |                 Http10 => \"HTTP/1.0\",\n    |                 ^^^^^^ help: to match on the variant, qualify the path: `version::llmtests::test_fmt_05::HttpVariant::Http10`\n\nerror[E0170]: pattern binding `Http11` is named the same as one of the variants of the type `version::llmtests::test_fmt_05::HttpVariant`\n   --> src/version.rs:106:17\n    |\n106 |                 Http11 => \"HTTP/1.1\",\n    |                 ^^^^^^ help: to match on the variant, qualify the path: `version::llmtests::test_fmt_05::HttpVariant::Http11`\n\nerror[E0170]: pattern binding `H2` is named the same as one of the variants of the type `version::llmtests::test_fmt_05::HttpVariant`\n   --> src/version.rs:107:17\n    |\n107 |                 H2 => \"HTTP/2.0\",\n    |                 ^^ help: to match on the variant, qualify the path: `version::llmtests::test_fmt_05::HttpVariant::H2`\n\nerror[E0170]: pattern binding `H3` is named the same as one of the variants of the type `version::llmtests::test_fmt_05::HttpVariant`\n   --> src/version.rs:108:17\n    |\n108 |                 H3 => \"HTTP/3.0\",\n    |                 ^^ help: to match on the variant, qualify the path: `version::llmtests::test_fmt_05::HttpVariant::H3`\n\nerror[E0170]: pattern binding `__NonExhaustive` is named the same as one of the variants of the type `version::llmtests::test_fmt_05::HttpVariant`\n   --> src/version.rs:109:17\n    |\n109 |                 __NonExhaustive => unreachable!(),\n    |                 ^^^^^^^^^^^^^^^ help: to match on the variant, qualify the path: `version::llmtests::test_fmt_05::HttpVariant::__NonExhaustive`\n\nwarning: unreachable pattern\n   --> src/version.rs:105:17\n    |\n104 |                 Http09 => \"HTTP/0.9\",\n    |                 ------ matches any value\n105 |                 Http10 => \"HTTP/1.0\",\n    |                 ^^^^^^ unreachable pattern\n    |\n    = note: `#[warn(unreachable_patterns)]` on by default\n\nwarning: unreachable pattern\n   --> src/version.rs:106:17\n    |\n104 |                 Http09 => \"HTTP/0.9\",\n    |                 ------ matches any value\n105 |                 Http10 => \"HTTP/1.0\",\n106 |                 Http11 => \"HTTP/1.1\",\n    |                 ^^^^^^ unreachable pattern\n\nwarning: unreachable pattern\n   --> src/version.rs:107:17\n    |\n104 |                 Http09 => \"HTTP/0.9\",\n    |                 ------ matches any value\n...\n107 |                 H2 => \"HTTP/2.0\",\n    |                 ^^ unreachable pattern\n\nwarning: unreachable pattern\n   --> src/version.rs:108:17\n    |\n104 |                 Http09 => \"HTTP/0.9\",\n    |                 ------ matches any value\n...\n108 |                 H3 => \"HTTP/3.0\",\n    |                 ^^ unreachable pattern\n\nwarning: unreachable pattern\n   --> src/version.rs:109:17\n    |\n104 |                 Http09 => \"HTTP/0.9\",\n    |                 ------ matches any value\n...\n109 |                 __NonExhaustive => unreachable!(),\n    |                 ^^^^^^^^^^^^^^^ unreachable pattern\n\nwarning: unused variable: `Http09`\n   --> src/version.rs:104:17\n    |\n104 |                 Http09 => \"HTTP/0.9\",\n    |                 ^^^^^^ help: if this is intentional, prefix it with an underscore: `_Http09`\n    |\n    = note: `#[warn(unused_variables)]` on by default\n\nwarning: unused variable: `Http10`\n   --> src/version.rs:105:17\n    |\n105 |                 Http10 => \"HTTP/1.0\",\n    |                 ^^^^^^ help: if this is intentional, prefix it with an underscore: `_Http10`\n\nwarning: unused variable: `Http11`\n   --> src/version.rs:106:17\n    |\n106 |                 Http11 => \"HTTP/1.1\",\n    |                 ^^^^^^ help: if this is intentional, prefix it with an underscore: `_Http11`\n\nwarning: unused variable: `H2`\n   --> src/version.rs:107:17\n    |\n107 |                 H2 => \"HTTP/2.0\",\n    |                 ^^ help: if this is intentional, prefix it with an underscore: `_H2`\n\nwarning: unused variable: `H3`\n   --> src/version.rs:108:17\n    |\n108 |                 H3 => \"HTTP/3.0\",\n    |                 ^^ help: if this is intentional, prefix it with an underscore: `_H3`\n\nerror[E0507]: cannot move out of `self` which is behind a shared reference\n   --> src/version.rs:103:31\n    |\n103 |             f.write_str(match self.0 {\n    |                               ^^^^^^\n104 |                 Http09 => \"HTTP/0.9\",\n    |                 ------ data moved here\n105 |                 Http10 => \"HTTP/1.0\",\n    |                 ------ ...and here\n106 |                 Http11 => \"HTTP/1.1\",\n    |                 ------ ...and here\n107 |                 H2 => \"HTTP/2.0\",\n    |                 -- ...and here\n108 |                 H3 => \"HTTP/3.0\",\n    |                 -- ...and here\n109 |                 __NonExhaustive => unreachable!(),\n    |                 --------------- ...and here\n    |\n    = note: move occurs because these variables have types that don't implement the `Copy` trait\nhelp: consider borrowing here\n    |\n103 |             f.write_str(match &self.0 {\n    |                               +\n\nSome errors have detailed explanations: E0170, E0432, E0507.\nFor more information about an error, try `rustc --explain E0170`.\nwarning: `http` (lib test) generated 26 warnings\nerror: could not compile `http` (lib test) due to 8 previous errors; 26 warnings emitted\n"
                }
              ],
              "repaired": [
                false
              ]
            }
          ]
        }
      ]
    },
    {
      "chain_id": 4,
      "prompt_conds": [
        "// constraint: self.0 matches Http11 is true\n",
        "// constraint: self.0 matches Http11 is true\n"
      ],
      "input_infer": "",
      "answers": [
        {
          "uses": [
            "use std::fmt;",
            "use self::HttpKind::*;"
          ],
          "has_test_mod": false,
          "common": [],
          "chain_tests": [
            {
              "attrs": [],
              "prefix": [],
              "oracles": [],
              "codes": [
                [
                  "{",
                  "    use std::fmt;",
                  "",
                  "    struct Http(HttpKind);",
                  "    ",
                  "    enum HttpKind {",
                  "        Http09,",
                  "        Http10,",
                  "        Http11,",
                  "        H2,",
                  "        H3,",
                  "        __NonExhaustive,",
                  "    }",
                  "",
                  "    impl fmt::Display for Http {",
                  "        fn fmt(&self, f: &mut fmt::Formatter<'_>) -> fmt::Result {",
                  "            use self::HttpKind::*;",
                  "",
                  "            f.write_str(match self.0 {",
                  "                Http09 => \"HTTP/0.9\",",
                  "                Http10 => \"HTTP/1.0\",",
                  "                Http11 => \"HTTP/1.1\",",
                  "                H2 => \"HTTP/2.0\",",
                  "                H3 => \"HTTP/3.0\",",
                  "                __NonExhaustive => unreachable!(),",
                  "            })",
                  "        }",
                  "    }",
                  "",
                  "    let http11 = Http(HttpKind::Http11);",
                  "    let mut output = String::new();",
                  "    let result = http11.fmt(&mut fmt::Formatter::new(&mut output));",
                  "    ",
                  "    assert!(result.is_ok());",
                  "    assert_eq!(output, \"HTTP/1.1\");",
                  "}"
                ]
              ],
              "can_compile": [
                {
                  "Err": "   Compiling libc v0.2.172\n   Compiling proc-macro2 v1.0.95\n   Compiling zerocopy v0.8.25\n   Compiling syn v1.0.109\n   Compiling serde v1.0.219\n   Compiling serde_json v1.0.140\n   Compiling doc-comment v0.3.3\n   Compiling quote v1.0.40\n   Compiling getrandom v0.2.16\n   Compiling rand_core v0.6.4\n   Compiling ppv-lite86 v0.2.21\n   Compiling rand_chacha v0.3.1\n   Compiling rand v0.8.5\n   Compiling quickcheck v1.0.3\n   Compiling ntest_timeout v0.9.3\n   Compiling ntest_test_cases v0.9.3\n   Compiling ntest v0.9.3\n   Compiling http v1.3.1 (/home/abezbm/rust-utgen-test-crates-new/http)\nerror[E0432]: unresolved import `self::HttpKind`\n  --> src/version.rs:98:23\n   |\n98 |             use self::HttpKind::*;\n   |                       ^^^^^^^^ could not find `HttpKind` in `self`\n\nwarning: unused import: `self::StandardHeader::Vary`\n    --> src/header/name.rs:1676:9\n     |\n1676 |     use self::StandardHeader::Vary;\n     |         ^^^^^^^^^^^^^^^^^^^^^^^^^^\n     |\n     = note: `#[warn(unused_imports)]` on by default\n\nwarning: unused import: `super::*`\n   --> src/header/value.rs:481:9\n    |\n481 |     use super::*;\n    |         ^^^^^^^^\n\nwarning: unused import: `crate::header::map::HeaderMap`\n   --> src/header/value.rs:482:9\n    |\n482 |     use crate::header::map::HeaderMap;\n    |         ^^^^^^^^^^^^^^^^^^^^^^^^^^^^^\n\nwarning: unused import: `crate::header::name`\n   --> src/header/value.rs:483:9\n    |\n483 |     use crate::header::name;\n    |         ^^^^^^^^^^^^^^^^^^^\n\nwarning: unused import: `super::*`\n   --> src/header/value.rs:568:9\n    |\n568 |     use super::*;\n    |         ^^^^^^^^\n\nwarning: unused import: `crate::header::name`\n   --> src/header/value.rs:569:9\n    |\n569 |     use crate::header::name;\n    |         ^^^^^^^^^^^^^^^^^^^\n\nwarning: unused import: `super::*`\n   --> src/method.rs:424:9\n    |\n424 |     use super::*;\n    |         ^^^^^^^^\n\nwarning: unused import: `super::*`\n    --> src/request.rs:1063:9\n     |\n1063 |     use super::*;\n     |         ^^^^^^^^\n\nwarning: unused import: `super::*`\n   --> src/response.rs:776:9\n    |\n776 |     use super::*;\n    |         ^^^^^^^^\n\nwarning: unused import: `super::*`\n   --> src/uri/authority.rs:533:9\n    |\n533 |     use super::*;\n    |         ^^^^^^^^\n\nwarning: unused import: `super::*`\n   --> src/uri/builder.rs:165:9\n    |\n165 |     use super::*;\n    |         ^^^^^^^^\n\nwarning: unused import: `super::*`\n   --> src/uri/port.rs:115:9\n    |\n115 |     use super::*;\n    |         ^^^^^^^^\n\nwarning: unused import: `super::*`\n  --> src/version.rs:78:8\n   |\n78 |    use super::*;\n   |        ^^^^^^^^\n\nwarning: unused import: `ntest::timeout`\n  --> src/version.rs:79:8\n   |\n79 |    use ntest::timeout;\n   |        ^^^^^^^^^^^^^^\n\nwarning: unused import: `super::*`\n   --> src/error.rs:143:9\n    |\n143 |     use super::*;\n    |         ^^^^^^^^\n\nwarning: unused import: `super::*`\n   --> src/lib.rs:197:9\n    |\n197 |     use super::*;\n    |         ^^^^^^^^\n\nerror[E0599]: no method named `fmt` found for struct `llmtests::test_fmt_06::Http` in the current scope\n   --> src/version.rs:113:25\n    |\n85  |     struct Http(HttpKind);\n    |     ----------- method `fmt` not found for this struct\n...\n113 |     let result = http11.fmt(&mut fmt::Formatter::new(&mut output));\n    |                         ^^^ method not found in `Http`\n    |\n   ::: /home/abezbm/.rustup/toolchains/nightly-2024-07-21-x86_64-unknown-linux-gnu/lib/rustlib/src/rust/library/core/src/fmt/mod.rs:753:8\n    |\n753 |     fn fmt(&self, f: &mut Formatter<'_>) -> Result;\n    |        --- the method is available for `llmtests::test_fmt_06::Http` here\n    |\n    = help: items from traits can only be used if the trait is in scope\nhelp: trait `Display` which provides `fmt` is implemented but not in scope; perhaps you want to import it\n    |\n78  +    use std::fmt::Display;\n    |\n\nerror[E0658]: use of unstable library feature 'fmt_internals': internal to standard library\n   --> src/version.rs:113:34\n    |\n113 |     let result = http11.fmt(&mut fmt::Formatter::new(&mut output));\n    |                                  ^^^^^^^^^^^^^^^^^^^\n    |\n    = help: add `#![feature(fmt_internals)]` to the crate attributes to enable\n    = note: this compiler was built on 2024-07-20; consider upgrading it if it is out of date\n\nerror[E0170]: pattern binding `Http09` is named the same as one of the variants of the type `version::llmtests::test_fmt_06::HttpKind`\n   --> src/version.rs:101:17\n    |\n101 |                 Http09 => \"HTTP/0.9\",\n    |                 ^^^^^^ help: to match on the variant, qualify the path: `version::llmtests::test_fmt_06::HttpKind::Http09`\n    |\n    = note: `#[deny(bindings_with_variant_name)]` on by default\n\nerror[E0170]: pattern binding `Http10` is named the same as one of the variants of the type `version::llmtests::test_fmt_06::HttpKind`\n   --> src/version.rs:102:17\n    |\n102 |                 Http10 => \"HTTP/1.0\",\n    |                 ^^^^^^ help: to match on the variant, qualify the path: `version::llmtests::test_fmt_06::HttpKind::Http10`\n\nerror[E0170]: pattern binding `Http11` is named the same as one of the variants of the type `version::llmtests::test_fmt_06::HttpKind`\n   --> src/version.rs:103:17\n    |\n103 |                 Http11 => \"HTTP/1.1\",\n    |                 ^^^^^^ help: to match on the variant, qualify the path: `version::llmtests::test_fmt_06::HttpKind::Http11`\n\nerror[E0170]: pattern binding `H2` is named the same as one of the variants of the type `version::llmtests::test_fmt_06::HttpKind`\n   --> src/version.rs:104:17\n    |\n104 |                 H2 => \"HTTP/2.0\",\n    |                 ^^ help: to match on the variant, qualify the path: `version::llmtests::test_fmt_06::HttpKind::H2`\n\nerror[E0170]: pattern binding `H3` is named the same as one of the variants of the type `version::llmtests::test_fmt_06::HttpKind`\n   --> src/version.rs:105:17\n    |\n105 |                 H3 => \"HTTP/3.0\",\n    |                 ^^ help: to match on the variant, qualify the path: `version::llmtests::test_fmt_06::HttpKind::H3`\n\nerror[E0170]: pattern binding `__NonExhaustive` is named the same as one of the variants of the type `version::llmtests::test_fmt_06::HttpKind`\n   --> src/version.rs:106:17\n    |\n106 |                 __NonExhaustive => unreachable!(),\n    |                 ^^^^^^^^^^^^^^^ help: to match on the variant, qualify the path: `version::llmtests::test_fmt_06::HttpKind::__NonExhaustive`\n\nwarning: unreachable pattern\n   --> src/version.rs:102:17\n    |\n101 |                 Http09 => \"HTTP/0.9\",\n    |                 ------ matches any value\n102 |                 Http10 => \"HTTP/1.0\",\n    |                 ^^^^^^ unreachable pattern\n    |\n    = note: `#[warn(unreachable_patterns)]` on by default\n\nwarning: unreachable pattern\n   --> src/version.rs:103:17\n    |\n101 |                 Http09 => \"HTTP/0.9\",\n    |                 ------ matches any value\n102 |                 Http10 => \"HTTP/1.0\",\n103 |                 Http11 => \"HTTP/1.1\",\n    |                 ^^^^^^ unreachable pattern\n\nwarning: unreachable pattern\n   --> src/version.rs:104:17\n    |\n101 |                 Http09 => \"HTTP/0.9\",\n    |                 ------ matches any value\n...\n104 |                 H2 => \"HTTP/2.0\",\n    |                 ^^ unreachable pattern\n\nwarning: unreachable pattern\n   --> src/version.rs:105:17\n    |\n101 |                 Http09 => \"HTTP/0.9\",\n    |                 ------ matches any value\n...\n105 |                 H3 => \"HTTP/3.0\",\n    |                 ^^ unreachable pattern\n\nwarning: unreachable pattern\n   --> src/version.rs:106:17\n    |\n101 |                 Http09 => \"HTTP/0.9\",\n    |                 ------ matches any value\n...\n106 |                 __NonExhaustive => unreachable!(),\n    |                 ^^^^^^^^^^^^^^^ unreachable pattern\n\nwarning: unused variable: `Http09`\n   --> src/version.rs:101:17\n    |\n101 |                 Http09 => \"HTTP/0.9\",\n    |                 ^^^^^^ help: if this is intentional, prefix it with an underscore: `_Http09`\n    |\n    = note: `#[warn(unused_variables)]` on by default\n\nwarning: unused variable: `Http10`\n   --> src/version.rs:102:17\n    |\n102 |                 Http10 => \"HTTP/1.0\",\n    |                 ^^^^^^ help: if this is intentional, prefix it with an underscore: `_Http10`\n\nwarning: unused variable: `Http11`\n   --> src/version.rs:103:17\n    |\n103 |                 Http11 => \"HTTP/1.1\",\n    |                 ^^^^^^ help: if this is intentional, prefix it with an underscore: `_Http11`\n\nwarning: unused variable: `H2`\n   --> src/version.rs:104:17\n    |\n104 |                 H2 => \"HTTP/2.0\",\n    |                 ^^ help: if this is intentional, prefix it with an underscore: `_H2`\n\nwarning: unused variable: `H3`\n   --> src/version.rs:105:17\n    |\n105 |                 H3 => \"HTTP/3.0\",\n    |                 ^^ help: if this is intentional, prefix it with an underscore: `_H3`\n\nerror[E0507]: cannot move out of `self` which is behind a shared reference\n   --> src/version.rs:100:31\n    |\n100 |             f.write_str(match self.0 {\n    |                               ^^^^^^\n101 |                 Http09 => \"HTTP/0.9\",\n    |                 ------ data moved here\n102 |                 Http10 => \"HTTP/1.0\",\n    |                 ------ ...and here\n103 |                 Http11 => \"HTTP/1.1\",\n    |                 ------ ...and here\n104 |                 H2 => \"HTTP/2.0\",\n    |                 -- ...and here\n105 |                 H3 => \"HTTP/3.0\",\n    |                 -- ...and here\n106 |                 __NonExhaustive => unreachable!(),\n    |                 --------------- ...and here\n    |\n    = note: move occurs because these variables have types that don't implement the `Copy` trait\nhelp: consider borrowing here\n    |\n100 |             f.write_str(match &self.0 {\n    |                               +\n\nSome errors have detailed explanations: E0170, E0432, E0507, E0599, E0658.\nFor more information about an error, try `rustc --explain E0170`.\nwarning: `http` (lib test) generated 26 warnings\nerror: could not compile `http` (lib test) due to 10 previous errors; 26 warnings emitted\n"
                }
              ],
              "repaired": [
                false
              ]
            }
          ]
        }
      ]
    },
    {
      "chain_id": 5,
      "prompt_conds": [
        "// constraint: self.0 matches Http10 is true\n",
        "// constraint: self.0 matches Http10 is true\n"
      ],
      "input_infer": "",
      "answers": [
        {
          "uses": [
            "use self::Http::*;"
          ],
          "has_test_mod": false,
          "common": [
            "#[derive(Debug)]",
            "struct Http(u8);",
            "",
            "impl Http {",
            "    const Http09: u8 = 0;",
            "    const Http10: u8 = 1;",
            "    const Http11: u8 = 2;",
            "    const H2: u8 = 3;",
            "    const H3: u8 = 4;",
            "    const __NonExhaustive: u8 = 255;",
            "",
            "    fn fmt(&self, f: &mut std::fmt::Formatter<'_>) -> std::fmt::Result {",
            "",
            "        f.write_str(match self.0 {",
            "            Http09 => \"HTTP/0.9\",",
            "            Http10 => \"HTTP/1.0\",",
            "            Http11 => \"HTTP/1.1\",",
            "            H2 => \"HTTP/2.0\",",
            "            H3 => \"HTTP/3.0\",",
            "            __NonExhaustive => unreachable!(),",
            "        })",
            "    }",
            "}"
          ],
          "chain_tests": [
            {
              "attrs": [],
              "prefix": [],
              "oracles": [],
              "codes": [
                [
                  "{",
                  "    let http10 = Http(Http::Http10);",
                  "    let mut output = String::new();",
                  "    let result = http10.fmt(&mut std::fmt::Formatter::new(&mut output));",
                  "    assert!(result.is_ok());",
                  "    assert_eq!(output, \"HTTP/1.0\");",
                  "}"
                ]
              ],
              "can_compile": [
                {
                  "Err": "   Compiling libc v0.2.172\n   Compiling proc-macro2 v1.0.95\n   Compiling zerocopy v0.8.25\n   Compiling syn v1.0.109\n   Compiling serde v1.0.219\n   Compiling doc-comment v0.3.3\n   Compiling serde_json v1.0.140\n   Compiling quote v1.0.40\n   Compiling getrandom v0.2.16\n   Compiling rand_core v0.6.4\n   Compiling ppv-lite86 v0.2.21\n   Compiling rand_chacha v0.3.1\n   Compiling rand v0.8.5\n   Compiling quickcheck v1.0.3\n   Compiling ntest_timeout v0.9.3\n   Compiling ntest_test_cases v0.9.3\n   Compiling ntest v0.9.3\n   Compiling http v1.3.1 (/home/abezbm/rust-utgen-test-crates-new/http)\nwarning: unused import: `self::StandardHeader::Vary`\n    --> src/header/name.rs:1676:9\n     |\n1676 |     use self::StandardHeader::Vary;\n     |         ^^^^^^^^^^^^^^^^^^^^^^^^^^\n     |\n     = note: `#[warn(unused_imports)]` on by default\n\nwarning: unused import: `super::*`\n   --> src/header/value.rs:481:9\n    |\n481 |     use super::*;\n    |         ^^^^^^^^\n\nwarning: unused import: `crate::header::map::HeaderMap`\n   --> src/header/value.rs:482:9\n    |\n482 |     use crate::header::map::HeaderMap;\n    |         ^^^^^^^^^^^^^^^^^^^^^^^^^^^^^\n\nwarning: unused import: `crate::header::name`\n   --> src/header/value.rs:483:9\n    |\n483 |     use crate::header::name;\n    |         ^^^^^^^^^^^^^^^^^^^\n\nwarning: unused import: `super::*`\n   --> src/header/value.rs:568:9\n    |\n568 |     use super::*;\n    |         ^^^^^^^^\n\nwarning: unused import: `crate::header::name`\n   --> src/header/value.rs:569:9\n    |\n569 |     use crate::header::name;\n    |         ^^^^^^^^^^^^^^^^^^^\n\nwarning: unused import: `super::*`\n   --> src/method.rs:424:9\n    |\n424 |     use super::*;\n    |         ^^^^^^^^\n\nwarning: unused import: `super::*`\n    --> src/request.rs:1063:9\n     |\n1063 |     use super::*;\n     |         ^^^^^^^^\n\nwarning: unused import: `super::*`\n   --> src/response.rs:776:9\n    |\n776 |     use super::*;\n    |         ^^^^^^^^\n\nwarning: unused import: `super::*`\n   --> src/uri/authority.rs:533:9\n    |\n533 |     use super::*;\n    |         ^^^^^^^^\n\nwarning: unused import: `super::*`\n   --> src/uri/builder.rs:165:9\n    |\n165 |     use super::*;\n    |         ^^^^^^^^\n\nwarning: unused import: `super::*`\n   --> src/uri/port.rs:115:9\n    |\n115 |     use super::*;\n    |         ^^^^^^^^\n\nwarning: unused import: `super::*`\n  --> src/version.rs:78:8\n   |\n78 |    use super::*;\n   |        ^^^^^^^^\n\nwarning: unused import: `ntest::timeout`\n  --> src/version.rs:79:8\n   |\n79 |    use ntest::timeout;\n   |        ^^^^^^^^^^^^^^\n\nwarning: unused import: `super::*`\n   --> src/error.rs:143:9\n    |\n143 |     use super::*;\n    |         ^^^^^^^^\n\nwarning: unused import: `super::*`\n   --> src/lib.rs:197:9\n    |\n197 |     use super::*;\n    |         ^^^^^^^^\n\nerror[E0658]: use of unstable library feature 'fmt_internals': internal to standard library\n   --> src/version.rs:109:34\n    |\n109 |     let result = http10.fmt(&mut std::fmt::Formatter::new(&mut output));\n    |                                  ^^^^^^^^^^^^^^^^^^^^^^^^\n    |\n    = help: add `#![feature(fmt_internals)]` to the crate attributes to enable\n    = note: this compiler was built on 2024-07-20; consider upgrading it if it is out of date\n\nwarning: unreachable pattern\n  --> src/version.rs:95:13\n   |\n94 |             Http09 => \"HTTP/0.9\",\n   |             ------ matches any value\n95 |             Http10 => \"HTTP/1.0\",\n   |             ^^^^^^ unreachable pattern\n   |\n   = note: `#[warn(unreachable_patterns)]` on by default\n\nwarning: unreachable pattern\n  --> src/version.rs:96:13\n   |\n94 |             Http09 => \"HTTP/0.9\",\n   |             ------ matches any value\n95 |             Http10 => \"HTTP/1.0\",\n96 |             Http11 => \"HTTP/1.1\",\n   |             ^^^^^^ unreachable pattern\n\nwarning: unreachable pattern\n  --> src/version.rs:97:13\n   |\n94 |             Http09 => \"HTTP/0.9\",\n   |             ------ matches any value\n...\n97 |             H2 => \"HTTP/2.0\",\n   |             ^^ unreachable pattern\n\nwarning: unreachable pattern\n  --> src/version.rs:98:13\n   |\n94 |             Http09 => \"HTTP/0.9\",\n   |             ------ matches any value\n...\n98 |             H3 => \"HTTP/3.0\",\n   |             ^^ unreachable pattern\n\nwarning: unreachable pattern\n  --> src/version.rs:99:13\n   |\n94 |             Http09 => \"HTTP/0.9\",\n   |             ------ matches any value\n...\n99 |             __NonExhaustive => unreachable!(),\n   |             ^^^^^^^^^^^^^^^ unreachable pattern\n\nwarning: unused variable: `Http09`\n  --> src/version.rs:94:13\n   |\n94 |             Http09 => \"HTTP/0.9\",\n   |             ^^^^^^ help: if this is intentional, prefix it with an underscore: `_Http09`\n   |\n   = note: `#[warn(unused_variables)]` on by default\n\nwarning: unused variable: `Http10`\n  --> src/version.rs:95:13\n   |\n95 |             Http10 => \"HTTP/1.0\",\n   |             ^^^^^^ help: if this is intentional, prefix it with an underscore: `_Http10`\n\nwarning: unused variable: `Http11`\n  --> src/version.rs:96:13\n   |\n96 |             Http11 => \"HTTP/1.1\",\n   |             ^^^^^^ help: if this is intentional, prefix it with an underscore: `_Http11`\n\nwarning: unused variable: `H2`\n  --> src/version.rs:97:13\n   |\n97 |             H2 => \"HTTP/2.0\",\n   |             ^^ help: if this is intentional, prefix it with an underscore: `_H2`\n\nwarning: unused variable: `H3`\n  --> src/version.rs:98:13\n   |\n98 |             H3 => \"HTTP/3.0\",\n   |             ^^ help: if this is intentional, prefix it with an underscore: `_H3`\n\nFor more information about this error, try `rustc --explain E0658`.\nwarning: `http` (lib test) generated 26 warnings\nerror: could not compile `http` (lib test) due to 1 previous error; 26 warnings emitted\n"
                }
              ],
              "repaired": [
                false
              ]
            },
            {
              "attrs": [],
              "prefix": [],
              "oracles": [],
              "codes": [
                [
                  "{",
                  "    let http09 = Http(Http::Http09);",
                  "    let mut output = String::new();",
                  "    let result = http09.fmt(&mut std::fmt::Formatter::new(&mut output));",
                  "    assert!(result.is_ok());",
                  "    assert_eq!(output, \"HTTP/0.9\");",
                  "}"
                ]
              ],
              "can_compile": [
                {
                  "Err": "   Compiling proc-macro2 v1.0.95\n   Compiling libc v0.2.172\n   Compiling zerocopy v0.8.25\n   Compiling syn v1.0.109\n   Compiling serde v1.0.219\n   Compiling doc-comment v0.3.3\n   Compiling serde_json v1.0.140\n   Compiling quote v1.0.40\n   Compiling getrandom v0.2.16\n   Compiling rand_core v0.6.4\n   Compiling ppv-lite86 v0.2.21\n   Compiling rand_chacha v0.3.1\n   Compiling rand v0.8.5\n   Compiling quickcheck v1.0.3\n   Compiling ntest_timeout v0.9.3\n   Compiling ntest_test_cases v0.9.3\n   Compiling ntest v0.9.3\n   Compiling http v1.3.1 (/home/abezbm/rust-utgen-test-crates-new/http)\nwarning: unused import: `self::StandardHeader::Vary`\n    --> src/header/name.rs:1676:9\n     |\n1676 |     use self::StandardHeader::Vary;\n     |         ^^^^^^^^^^^^^^^^^^^^^^^^^^\n     |\n     = note: `#[warn(unused_imports)]` on by default\n\nwarning: unused import: `super::*`\n   --> src/header/value.rs:481:9\n    |\n481 |     use super::*;\n    |         ^^^^^^^^\n\nwarning: unused import: `crate::header::map::HeaderMap`\n   --> src/header/value.rs:482:9\n    |\n482 |     use crate::header::map::HeaderMap;\n    |         ^^^^^^^^^^^^^^^^^^^^^^^^^^^^^\n\nwarning: unused import: `crate::header::name`\n   --> src/header/value.rs:483:9\n    |\n483 |     use crate::header::name;\n    |         ^^^^^^^^^^^^^^^^^^^\n\nwarning: unused import: `super::*`\n   --> src/header/value.rs:568:9\n    |\n568 |     use super::*;\n    |         ^^^^^^^^\n\nwarning: unused import: `crate::header::name`\n   --> src/header/value.rs:569:9\n    |\n569 |     use crate::header::name;\n    |         ^^^^^^^^^^^^^^^^^^^\n\nwarning: unused import: `super::*`\n   --> src/method.rs:424:9\n    |\n424 |     use super::*;\n    |         ^^^^^^^^\n\nwarning: unused import: `super::*`\n    --> src/request.rs:1063:9\n     |\n1063 |     use super::*;\n     |         ^^^^^^^^\n\nwarning: unused import: `super::*`\n   --> src/response.rs:776:9\n    |\n776 |     use super::*;\n    |         ^^^^^^^^\n\nwarning: unused import: `super::*`\n   --> src/uri/authority.rs:533:9\n    |\n533 |     use super::*;\n    |         ^^^^^^^^\n\nwarning: unused import: `super::*`\n   --> src/uri/builder.rs:165:9\n    |\n165 |     use super::*;\n    |         ^^^^^^^^\n\nwarning: unused import: `super::*`\n   --> src/uri/port.rs:115:9\n    |\n115 |     use super::*;\n    |         ^^^^^^^^\n\nwarning: unused import: `super::*`\n  --> src/version.rs:78:8\n   |\n78 |    use super::*;\n   |        ^^^^^^^^\n\nwarning: unused import: `ntest::timeout`\n  --> src/version.rs:79:8\n   |\n79 |    use ntest::timeout;\n   |        ^^^^^^^^^^^^^^\n\nwarning: unused import: `super::*`\n   --> src/error.rs:143:9\n    |\n143 |     use super::*;\n    |         ^^^^^^^^\n\nwarning: unused import: `super::*`\n   --> src/lib.rs:197:9\n    |\n197 |     use super::*;\n    |         ^^^^^^^^\n\nerror[E0658]: use of unstable library feature 'fmt_internals': internal to standard library\n   --> src/version.rs:109:34\n    |\n109 |     let result = http09.fmt(&mut std::fmt::Formatter::new(&mut output));\n    |                                  ^^^^^^^^^^^^^^^^^^^^^^^^\n    |\n    = help: add `#![feature(fmt_internals)]` to the crate attributes to enable\n    = note: this compiler was built on 2024-07-20; consider upgrading it if it is out of date\n\nwarning: unreachable pattern\n  --> src/version.rs:95:13\n   |\n94 |             Http09 => \"HTTP/0.9\",\n   |             ------ matches any value\n95 |             Http10 => \"HTTP/1.0\",\n   |             ^^^^^^ unreachable pattern\n   |\n   = note: `#[warn(unreachable_patterns)]` on by default\n\nwarning: unreachable pattern\n  --> src/version.rs:96:13\n   |\n94 |             Http09 => \"HTTP/0.9\",\n   |             ------ matches any value\n95 |             Http10 => \"HTTP/1.0\",\n96 |             Http11 => \"HTTP/1.1\",\n   |             ^^^^^^ unreachable pattern\n\nwarning: unreachable pattern\n  --> src/version.rs:97:13\n   |\n94 |             Http09 => \"HTTP/0.9\",\n   |             ------ matches any value\n...\n97 |             H2 => \"HTTP/2.0\",\n   |             ^^ unreachable pattern\n\nwarning: unreachable pattern\n  --> src/version.rs:98:13\n   |\n94 |             Http09 => \"HTTP/0.9\",\n   |             ------ matches any value\n...\n98 |             H3 => \"HTTP/3.0\",\n   |             ^^ unreachable pattern\n\nwarning: unreachable pattern\n  --> src/version.rs:99:13\n   |\n94 |             Http09 => \"HTTP/0.9\",\n   |             ------ matches any value\n...\n99 |             __NonExhaustive => unreachable!(),\n   |             ^^^^^^^^^^^^^^^ unreachable pattern\n\nwarning: unused variable: `Http09`\n  --> src/version.rs:94:13\n   |\n94 |             Http09 => \"HTTP/0.9\",\n   |             ^^^^^^ help: if this is intentional, prefix it with an underscore: `_Http09`\n   |\n   = note: `#[warn(unused_variables)]` on by default\n\nwarning: unused variable: `Http10`\n  --> src/version.rs:95:13\n   |\n95 |             Http10 => \"HTTP/1.0\",\n   |             ^^^^^^ help: if this is intentional, prefix it with an underscore: `_Http10`\n\nwarning: unused variable: `Http11`\n  --> src/version.rs:96:13\n   |\n96 |             Http11 => \"HTTP/1.1\",\n   |             ^^^^^^ help: if this is intentional, prefix it with an underscore: `_Http11`\n\nwarning: unused variable: `H2`\n  --> src/version.rs:97:13\n   |\n97 |             H2 => \"HTTP/2.0\",\n   |             ^^ help: if this is intentional, prefix it with an underscore: `_H2`\n\nwarning: unused variable: `H3`\n  --> src/version.rs:98:13\n   |\n98 |             H3 => \"HTTP/3.0\",\n   |             ^^ help: if this is intentional, prefix it with an underscore: `_H3`\n\nFor more information about this error, try `rustc --explain E0658`.\nwarning: `http` (lib test) generated 26 warnings\nerror: could not compile `http` (lib test) due to 1 previous error; 26 warnings emitted\n"
                }
              ],
              "repaired": [
                false
              ]
            },
            {
              "attrs": [],
              "prefix": [],
              "oracles": [],
              "codes": [
                [
                  "{",
                  "    let http11 = Http(Http::Http11);",
                  "    let mut output = String::new();",
                  "    let result = http11.fmt(&mut std::fmt::Formatter::new(&mut output));",
                  "    assert!(result.is_ok());",
                  "    assert_eq!(output, \"HTTP/1.1\");",
                  "}"
                ]
              ],
              "can_compile": [
                {
                  "Err": "   Compiling proc-macro2 v1.0.95\n   Compiling libc v0.2.172\n   Compiling zerocopy v0.8.25\n   Compiling syn v1.0.109\n   Compiling serde v1.0.219\n   Compiling doc-comment v0.3.3\n   Compiling serde_json v1.0.140\n   Compiling quote v1.0.40\n   Compiling getrandom v0.2.16\n   Compiling rand_core v0.6.4\n   Compiling ppv-lite86 v0.2.21\n   Compiling rand_chacha v0.3.1\n   Compiling rand v0.8.5\n   Compiling quickcheck v1.0.3\n   Compiling ntest_timeout v0.9.3\n   Compiling ntest_test_cases v0.9.3\n   Compiling ntest v0.9.3\n   Compiling http v1.3.1 (/home/abezbm/rust-utgen-test-crates-new/http)\nwarning: unused import: `self::StandardHeader::Vary`\n    --> src/header/name.rs:1676:9\n     |\n1676 |     use self::StandardHeader::Vary;\n     |         ^^^^^^^^^^^^^^^^^^^^^^^^^^\n     |\n     = note: `#[warn(unused_imports)]` on by default\n\nwarning: unused import: `super::*`\n   --> src/header/value.rs:481:9\n    |\n481 |     use super::*;\n    |         ^^^^^^^^\n\nwarning: unused import: `crate::header::map::HeaderMap`\n   --> src/header/value.rs:482:9\n    |\n482 |     use crate::header::map::HeaderMap;\n    |         ^^^^^^^^^^^^^^^^^^^^^^^^^^^^^\n\nwarning: unused import: `crate::header::name`\n   --> src/header/value.rs:483:9\n    |\n483 |     use crate::header::name;\n    |         ^^^^^^^^^^^^^^^^^^^\n\nwarning: unused import: `super::*`\n   --> src/header/value.rs:568:9\n    |\n568 |     use super::*;\n    |         ^^^^^^^^\n\nwarning: unused import: `crate::header::name`\n   --> src/header/value.rs:569:9\n    |\n569 |     use crate::header::name;\n    |         ^^^^^^^^^^^^^^^^^^^\n\nwarning: unused import: `super::*`\n   --> src/method.rs:424:9\n    |\n424 |     use super::*;\n    |         ^^^^^^^^\n\nwarning: unused import: `super::*`\n    --> src/request.rs:1063:9\n     |\n1063 |     use super::*;\n     |         ^^^^^^^^\n\nwarning: unused import: `super::*`\n   --> src/response.rs:776:9\n    |\n776 |     use super::*;\n    |         ^^^^^^^^\n\nwarning: unused import: `super::*`\n   --> src/uri/authority.rs:533:9\n    |\n533 |     use super::*;\n    |         ^^^^^^^^\n\nwarning: unused import: `super::*`\n   --> src/uri/builder.rs:165:9\n    |\n165 |     use super::*;\n    |         ^^^^^^^^\n\nwarning: unused import: `super::*`\n   --> src/uri/port.rs:115:9\n    |\n115 |     use super::*;\n    |         ^^^^^^^^\n\nwarning: unused import: `super::*`\n  --> src/version.rs:78:8\n   |\n78 |    use super::*;\n   |        ^^^^^^^^\n\nwarning: unused import: `ntest::timeout`\n  --> src/version.rs:79:8\n   |\n79 |    use ntest::timeout;\n   |        ^^^^^^^^^^^^^^\n\nwarning: unused import: `super::*`\n   --> src/error.rs:143:9\n    |\n143 |     use super::*;\n    |         ^^^^^^^^\n\nwarning: unused import: `super::*`\n   --> src/lib.rs:197:9\n    |\n197 |     use super::*;\n    |         ^^^^^^^^\n\nerror[E0658]: use of unstable library feature 'fmt_internals': internal to standard library\n   --> src/version.rs:109:34\n    |\n109 |     let result = http11.fmt(&mut std::fmt::Formatter::new(&mut output));\n    |                                  ^^^^^^^^^^^^^^^^^^^^^^^^\n    |\n    = help: add `#![feature(fmt_internals)]` to the crate attributes to enable\n    = note: this compiler was built on 2024-07-20; consider upgrading it if it is out of date\n\nwarning: unreachable pattern\n  --> src/version.rs:95:13\n   |\n94 |             Http09 => \"HTTP/0.9\",\n   |             ------ matches any value\n95 |             Http10 => \"HTTP/1.0\",\n   |             ^^^^^^ unreachable pattern\n   |\n   = note: `#[warn(unreachable_patterns)]` on by default\n\nwarning: unreachable pattern\n  --> src/version.rs:96:13\n   |\n94 |             Http09 => \"HTTP/0.9\",\n   |             ------ matches any value\n95 |             Http10 => \"HTTP/1.0\",\n96 |             Http11 => \"HTTP/1.1\",\n   |             ^^^^^^ unreachable pattern\n\nwarning: unreachable pattern\n  --> src/version.rs:97:13\n   |\n94 |             Http09 => \"HTTP/0.9\",\n   |             ------ matches any value\n...\n97 |             H2 => \"HTTP/2.0\",\n   |             ^^ unreachable pattern\n\nwarning: unreachable pattern\n  --> src/version.rs:98:13\n   |\n94 |             Http09 => \"HTTP/0.9\",\n   |             ------ matches any value\n...\n98 |             H3 => \"HTTP/3.0\",\n   |             ^^ unreachable pattern\n\nwarning: unreachable pattern\n  --> src/version.rs:99:13\n   |\n94 |             Http09 => \"HTTP/0.9\",\n   |             ------ matches any value\n...\n99 |             __NonExhaustive => unreachable!(),\n   |             ^^^^^^^^^^^^^^^ unreachable pattern\n\nwarning: unused variable: `Http09`\n  --> src/version.rs:94:13\n   |\n94 |             Http09 => \"HTTP/0.9\",\n   |             ^^^^^^ help: if this is intentional, prefix it with an underscore: `_Http09`\n   |\n   = note: `#[warn(unused_variables)]` on by default\n\nwarning: unused variable: `Http10`\n  --> src/version.rs:95:13\n   |\n95 |             Http10 => \"HTTP/1.0\",\n   |             ^^^^^^ help: if this is intentional, prefix it with an underscore: `_Http10`\n\nwarning: unused variable: `Http11`\n  --> src/version.rs:96:13\n   |\n96 |             Http11 => \"HTTP/1.1\",\n   |             ^^^^^^ help: if this is intentional, prefix it with an underscore: `_Http11`\n\nwarning: unused variable: `H2`\n  --> src/version.rs:97:13\n   |\n97 |             H2 => \"HTTP/2.0\",\n   |             ^^ help: if this is intentional, prefix it with an underscore: `_H2`\n\nwarning: unused variable: `H3`\n  --> src/version.rs:98:13\n   |\n98 |             H3 => \"HTTP/3.0\",\n   |             ^^ help: if this is intentional, prefix it with an underscore: `_H3`\n\nFor more information about this error, try `rustc --explain E0658`.\nwarning: `http` (lib test) generated 26 warnings\nerror: could not compile `http` (lib test) due to 1 previous error; 26 warnings emitted\n"
                }
              ],
              "repaired": [
                false
              ]
            },
            {
              "attrs": [],
              "prefix": [],
              "oracles": [],
              "codes": [
                [
                  "{",
                  "    let http2 = Http(Http::H2);",
                  "    let mut output = String::new();",
                  "    let result = http2.fmt(&mut std::fmt::Formatter::new(&mut output));",
                  "    assert!(result.is_ok());",
                  "    assert_eq!(output, \"HTTP/2.0\");",
                  "}"
                ]
              ],
              "can_compile": [
                {
                  "Err": "   Compiling libc v0.2.172\n   Compiling proc-macro2 v1.0.95\n   Compiling zerocopy v0.8.25\n   Compiling syn v1.0.109\n   Compiling serde v1.0.219\n   Compiling serde_json v1.0.140\n   Compiling doc-comment v0.3.3\n   Compiling quote v1.0.40\n   Compiling getrandom v0.2.16\n   Compiling rand_core v0.6.4\n   Compiling ppv-lite86 v0.2.21\n   Compiling rand_chacha v0.3.1\n   Compiling rand v0.8.5\n   Compiling quickcheck v1.0.3\n   Compiling ntest_test_cases v0.9.3\n   Compiling ntest_timeout v0.9.3\n   Compiling ntest v0.9.3\n   Compiling http v1.3.1 (/home/abezbm/rust-utgen-test-crates-new/http)\nwarning: unused import: `self::StandardHeader::Vary`\n    --> src/header/name.rs:1676:9\n     |\n1676 |     use self::StandardHeader::Vary;\n     |         ^^^^^^^^^^^^^^^^^^^^^^^^^^\n     |\n     = note: `#[warn(unused_imports)]` on by default\n\nwarning: unused import: `super::*`\n   --> src/header/value.rs:481:9\n    |\n481 |     use super::*;\n    |         ^^^^^^^^\n\nwarning: unused import: `crate::header::map::HeaderMap`\n   --> src/header/value.rs:482:9\n    |\n482 |     use crate::header::map::HeaderMap;\n    |         ^^^^^^^^^^^^^^^^^^^^^^^^^^^^^\n\nwarning: unused import: `crate::header::name`\n   --> src/header/value.rs:483:9\n    |\n483 |     use crate::header::name;\n    |         ^^^^^^^^^^^^^^^^^^^\n\nwarning: unused import: `super::*`\n   --> src/header/value.rs:568:9\n    |\n568 |     use super::*;\n    |         ^^^^^^^^\n\nwarning: unused import: `crate::header::name`\n   --> src/header/value.rs:569:9\n    |\n569 |     use crate::header::name;\n    |         ^^^^^^^^^^^^^^^^^^^\n\nwarning: unused import: `super::*`\n   --> src/method.rs:424:9\n    |\n424 |     use super::*;\n    |         ^^^^^^^^\n\nwarning: unused import: `super::*`\n    --> src/request.rs:1063:9\n     |\n1063 |     use super::*;\n     |         ^^^^^^^^\n\nwarning: unused import: `super::*`\n   --> src/response.rs:776:9\n    |\n776 |     use super::*;\n    |         ^^^^^^^^\n\nwarning: unused import: `super::*`\n   --> src/uri/authority.rs:533:9\n    |\n533 |     use super::*;\n    |         ^^^^^^^^\n\nwarning: unused import: `super::*`\n   --> src/uri/builder.rs:165:9\n    |\n165 |     use super::*;\n    |         ^^^^^^^^\n\nwarning: unused import: `super::*`\n   --> src/uri/port.rs:115:9\n    |\n115 |     use super::*;\n    |         ^^^^^^^^\n\nwarning: unused import: `super::*`\n  --> src/version.rs:78:8\n   |\n78 |    use super::*;\n   |        ^^^^^^^^\n\nwarning: unused import: `ntest::timeout`\n  --> src/version.rs:79:8\n   |\n79 |    use ntest::timeout;\n   |        ^^^^^^^^^^^^^^\n\nwarning: unused import: `super::*`\n   --> src/error.rs:143:9\n    |\n143 |     use super::*;\n    |         ^^^^^^^^\n\nwarning: unused import: `super::*`\n   --> src/lib.rs:197:9\n    |\n197 |     use super::*;\n    |         ^^^^^^^^\n\nerror[E0658]: use of unstable library feature 'fmt_internals': internal to standard library\n   --> src/version.rs:109:33\n    |\n109 |     let result = http2.fmt(&mut std::fmt::Formatter::new(&mut output));\n    |                                 ^^^^^^^^^^^^^^^^^^^^^^^^\n    |\n    = help: add `#![feature(fmt_internals)]` to the crate attributes to enable\n    = note: this compiler was built on 2024-07-20; consider upgrading it if it is out of date\n\nwarning: unreachable pattern\n  --> src/version.rs:95:13\n   |\n94 |             Http09 => \"HTTP/0.9\",\n   |             ------ matches any value\n95 |             Http10 => \"HTTP/1.0\",\n   |             ^^^^^^ unreachable pattern\n   |\n   = note: `#[warn(unreachable_patterns)]` on by default\n\nwarning: unreachable pattern\n  --> src/version.rs:96:13\n   |\n94 |             Http09 => \"HTTP/0.9\",\n   |             ------ matches any value\n95 |             Http10 => \"HTTP/1.0\",\n96 |             Http11 => \"HTTP/1.1\",\n   |             ^^^^^^ unreachable pattern\n\nwarning: unreachable pattern\n  --> src/version.rs:97:13\n   |\n94 |             Http09 => \"HTTP/0.9\",\n   |             ------ matches any value\n...\n97 |             H2 => \"HTTP/2.0\",\n   |             ^^ unreachable pattern\n\nwarning: unreachable pattern\n  --> src/version.rs:98:13\n   |\n94 |             Http09 => \"HTTP/0.9\",\n   |             ------ matches any value\n...\n98 |             H3 => \"HTTP/3.0\",\n   |             ^^ unreachable pattern\n\nwarning: unreachable pattern\n  --> src/version.rs:99:13\n   |\n94 |             Http09 => \"HTTP/0.9\",\n   |             ------ matches any value\n...\n99 |             __NonExhaustive => unreachable!(),\n   |             ^^^^^^^^^^^^^^^ unreachable pattern\n\nwarning: unused variable: `Http09`\n  --> src/version.rs:94:13\n   |\n94 |             Http09 => \"HTTP/0.9\",\n   |             ^^^^^^ help: if this is intentional, prefix it with an underscore: `_Http09`\n   |\n   = note: `#[warn(unused_variables)]` on by default\n\nwarning: unused variable: `Http10`\n  --> src/version.rs:95:13\n   |\n95 |             Http10 => \"HTTP/1.0\",\n   |             ^^^^^^ help: if this is intentional, prefix it with an underscore: `_Http10`\n\nwarning: unused variable: `Http11`\n  --> src/version.rs:96:13\n   |\n96 |             Http11 => \"HTTP/1.1\",\n   |             ^^^^^^ help: if this is intentional, prefix it with an underscore: `_Http11`\n\nwarning: unused variable: `H2`\n  --> src/version.rs:97:13\n   |\n97 |             H2 => \"HTTP/2.0\",\n   |             ^^ help: if this is intentional, prefix it with an underscore: `_H2`\n\nwarning: unused variable: `H3`\n  --> src/version.rs:98:13\n   |\n98 |             H3 => \"HTTP/3.0\",\n   |             ^^ help: if this is intentional, prefix it with an underscore: `_H3`\n\nFor more information about this error, try `rustc --explain E0658`.\nwarning: `http` (lib test) generated 26 warnings\nerror: could not compile `http` (lib test) due to 1 previous error; 26 warnings emitted\n"
                }
              ],
              "repaired": [
                false
              ]
            },
            {
              "attrs": [],
              "prefix": [],
              "oracles": [],
              "codes": [
                [
                  "{",
                  "    let http3 = Http(Http::H3);",
                  "    let mut output = String::new();",
                  "    let result = http3.fmt(&mut std::fmt::Formatter::new(&mut output));",
                  "    assert!(result.is_ok());",
                  "    assert_eq!(output, \"HTTP/3.0\");",
                  "}"
                ]
              ],
              "can_compile": [
                {
                  "Err": "   Compiling proc-macro2 v1.0.95\n   Compiling libc v0.2.172\n   Compiling zerocopy v0.8.25\n   Compiling syn v1.0.109\n   Compiling serde v1.0.219\n   Compiling doc-comment v0.3.3\n   Compiling serde_json v1.0.140\n   Compiling quote v1.0.40\n   Compiling getrandom v0.2.16\n   Compiling rand_core v0.6.4\n   Compiling ppv-lite86 v0.2.21\n   Compiling rand_chacha v0.3.1\n   Compiling rand v0.8.5\n   Compiling quickcheck v1.0.3\n   Compiling ntest_timeout v0.9.3\n   Compiling ntest_test_cases v0.9.3\n   Compiling ntest v0.9.3\n   Compiling http v1.3.1 (/home/abezbm/rust-utgen-test-crates-new/http)\nwarning: unused import: `self::StandardHeader::Vary`\n    --> src/header/name.rs:1676:9\n     |\n1676 |     use self::StandardHeader::Vary;\n     |         ^^^^^^^^^^^^^^^^^^^^^^^^^^\n     |\n     = note: `#[warn(unused_imports)]` on by default\n\nwarning: unused import: `super::*`\n   --> src/header/value.rs:481:9\n    |\n481 |     use super::*;\n    |         ^^^^^^^^\n\nwarning: unused import: `crate::header::map::HeaderMap`\n   --> src/header/value.rs:482:9\n    |\n482 |     use crate::header::map::HeaderMap;\n    |         ^^^^^^^^^^^^^^^^^^^^^^^^^^^^^\n\nwarning: unused import: `crate::header::name`\n   --> src/header/value.rs:483:9\n    |\n483 |     use crate::header::name;\n    |         ^^^^^^^^^^^^^^^^^^^\n\nwarning: unused import: `super::*`\n   --> src/header/value.rs:568:9\n    |\n568 |     use super::*;\n    |         ^^^^^^^^\n\nwarning: unused import: `crate::header::name`\n   --> src/header/value.rs:569:9\n    |\n569 |     use crate::header::name;\n    |         ^^^^^^^^^^^^^^^^^^^\n\nwarning: unused import: `super::*`\n   --> src/method.rs:424:9\n    |\n424 |     use super::*;\n    |         ^^^^^^^^\n\nwarning: unused import: `super::*`\n    --> src/request.rs:1063:9\n     |\n1063 |     use super::*;\n     |         ^^^^^^^^\n\nwarning: unused import: `super::*`\n   --> src/response.rs:776:9\n    |\n776 |     use super::*;\n    |         ^^^^^^^^\n\nwarning: unused import: `super::*`\n   --> src/uri/authority.rs:533:9\n    |\n533 |     use super::*;\n    |         ^^^^^^^^\n\nwarning: unused import: `super::*`\n   --> src/uri/builder.rs:165:9\n    |\n165 |     use super::*;\n    |         ^^^^^^^^\n\nwarning: unused import: `super::*`\n   --> src/uri/port.rs:115:9\n    |\n115 |     use super::*;\n    |         ^^^^^^^^\n\nwarning: unused import: `super::*`\n  --> src/version.rs:78:8\n   |\n78 |    use super::*;\n   |        ^^^^^^^^\n\nwarning: unused import: `ntest::timeout`\n  --> src/version.rs:79:8\n   |\n79 |    use ntest::timeout;\n   |        ^^^^^^^^^^^^^^\n\nwarning: unused import: `super::*`\n   --> src/error.rs:143:9\n    |\n143 |     use super::*;\n    |         ^^^^^^^^\n\nwarning: unused import: `super::*`\n   --> src/lib.rs:197:9\n    |\n197 |     use super::*;\n    |         ^^^^^^^^\n\nerror[E0658]: use of unstable library feature 'fmt_internals': internal to standard library\n   --> src/version.rs:109:33\n    |\n109 |     let result = http3.fmt(&mut std::fmt::Formatter::new(&mut output));\n    |                                 ^^^^^^^^^^^^^^^^^^^^^^^^\n    |\n    = help: add `#![feature(fmt_internals)]` to the crate attributes to enable\n    = note: this compiler was built on 2024-07-20; consider upgrading it if it is out of date\n\nwarning: unreachable pattern\n  --> src/version.rs:95:13\n   |\n94 |             Http09 => \"HTTP/0.9\",\n   |             ------ matches any value\n95 |             Http10 => \"HTTP/1.0\",\n   |             ^^^^^^ unreachable pattern\n   |\n   = note: `#[warn(unreachable_patterns)]` on by default\n\nwarning: unreachable pattern\n  --> src/version.rs:96:13\n   |\n94 |             Http09 => \"HTTP/0.9\",\n   |             ------ matches any value\n95 |             Http10 => \"HTTP/1.0\",\n96 |             Http11 => \"HTTP/1.1\",\n   |             ^^^^^^ unreachable pattern\n\nwarning: unreachable pattern\n  --> src/version.rs:97:13\n   |\n94 |             Http09 => \"HTTP/0.9\",\n   |             ------ matches any value\n...\n97 |             H2 => \"HTTP/2.0\",\n   |             ^^ unreachable pattern\n\nwarning: unreachable pattern\n  --> src/version.rs:98:13\n   |\n94 |             Http09 => \"HTTP/0.9\",\n   |             ------ matches any value\n...\n98 |             H3 => \"HTTP/3.0\",\n   |             ^^ unreachable pattern\n\nwarning: unreachable pattern\n  --> src/version.rs:99:13\n   |\n94 |             Http09 => \"HTTP/0.9\",\n   |             ------ matches any value\n...\n99 |             __NonExhaustive => unreachable!(),\n   |             ^^^^^^^^^^^^^^^ unreachable pattern\n\nwarning: unused variable: `Http09`\n  --> src/version.rs:94:13\n   |\n94 |             Http09 => \"HTTP/0.9\",\n   |             ^^^^^^ help: if this is intentional, prefix it with an underscore: `_Http09`\n   |\n   = note: `#[warn(unused_variables)]` on by default\n\nwarning: unused variable: `Http10`\n  --> src/version.rs:95:13\n   |\n95 |             Http10 => \"HTTP/1.0\",\n   |             ^^^^^^ help: if this is intentional, prefix it with an underscore: `_Http10`\n\nwarning: unused variable: `Http11`\n  --> src/version.rs:96:13\n   |\n96 |             Http11 => \"HTTP/1.1\",\n   |             ^^^^^^ help: if this is intentional, prefix it with an underscore: `_Http11`\n\nwarning: unused variable: `H2`\n  --> src/version.rs:97:13\n   |\n97 |             H2 => \"HTTP/2.0\",\n   |             ^^ help: if this is intentional, prefix it with an underscore: `_H2`\n\nwarning: unused variable: `H3`\n  --> src/version.rs:98:13\n   |\n98 |             H3 => \"HTTP/3.0\",\n   |             ^^ help: if this is intentional, prefix it with an underscore: `_H3`\n\nFor more information about this error, try `rustc --explain E0658`.\nwarning: `http` (lib test) generated 26 warnings\nerror: could not compile `http` (lib test) due to 1 previous error; 26 warnings emitted\n"
                }
              ],
              "repaired": [
                false
              ]
            }
          ]
        }
      ]
    },
    {
      "chain_id": 6,
      "prompt_conds": [
        "// constraint: self.0 matches Http09 is true\n",
        "// constraint: self.0 matches Http09 is true\n"
      ],
      "input_infer": "",
      "answers": [
        {
          "uses": [
            "use std::fmt;",
            "use self::HttpVariant::*;"
          ],
          "has_test_mod": false,
          "common": [],
          "chain_tests": [
            {
              "attrs": [],
              "prefix": [],
              "oracles": [],
              "codes": [
                [
                  "{",
                  "    use std::fmt;",
                  "",
                  "    struct Http(HttpVariant);",
                  "    enum HttpVariant {",
                  "        Http09,",
                  "        Http10,",
                  "        Http11,",
                  "        H2,",
                  "        H3,",
                  "        __NonExhaustive,",
                  "    }",
                  "",
                  "    impl fmt::Display for Http {",
                  "        fn fmt(&self, f: &mut fmt::Formatter<'_>) -> fmt::Result {",
                  "            use self::HttpVariant::*;",
                  "",
                  "            f.write_str(match self.0 {",
                  "                Http09 => \"HTTP/0.9\",",
                  "                Http10 => \"HTTP/1.0\",",
                  "                Http11 => \"HTTP/1.1\",",
                  "                H2 => \"HTTP/2.0\",",
                  "                H3 => \"HTTP/3.0\",",
                  "                __NonExhaustive => unreachable!(),",
                  "            })",
                  "        }",
                  "    }",
                  "",
                  "    let http = Http(HttpVariant::Http09);",
                  "    let mut output = String::new();",
                  "    let result = write!(&mut output, \"{}\", http);",
                  "    assert!(result.is_ok());",
                  "    assert_eq!(output, \"HTTP/0.9\");",
                  "}"
                ]
              ],
              "can_compile": [
                {
                  "Err": "   Compiling proc-macro2 v1.0.95\n   Compiling libc v0.2.172\n   Compiling zerocopy v0.8.25\n   Compiling syn v1.0.109\n   Compiling serde v1.0.219\n   Compiling serde_json v1.0.140\n   Compiling doc-comment v0.3.3\n   Compiling quote v1.0.40\n   Compiling getrandom v0.2.16\n   Compiling rand_core v0.6.4\n   Compiling ppv-lite86 v0.2.21\n   Compiling rand_chacha v0.3.1\n   Compiling rand v0.8.5\n   Compiling quickcheck v1.0.3\n   Compiling ntest_timeout v0.9.3\n   Compiling ntest_test_cases v0.9.3\n   Compiling ntest v0.9.3\n   Compiling http v1.3.1 (/home/abezbm/rust-utgen-test-crates-new/http)\nerror[E0432]: unresolved import `self::HttpVariant`\n  --> src/version.rs:97:23\n   |\n97 |             use self::HttpVariant::*;\n   |                       ^^^^^^^^^^^ could not find `HttpVariant` in `self`\n\nwarning: unused import: `self::StandardHeader::Vary`\n    --> src/header/name.rs:1676:9\n     |\n1676 |     use self::StandardHeader::Vary;\n     |         ^^^^^^^^^^^^^^^^^^^^^^^^^^\n     |\n     = note: `#[warn(unused_imports)]` on by default\n\nwarning: unused import: `super::*`\n   --> src/header/value.rs:481:9\n    |\n481 |     use super::*;\n    |         ^^^^^^^^\n\nwarning: unused import: `crate::header::map::HeaderMap`\n   --> src/header/value.rs:482:9\n    |\n482 |     use crate::header::map::HeaderMap;\n    |         ^^^^^^^^^^^^^^^^^^^^^^^^^^^^^\n\nwarning: unused import: `crate::header::name`\n   --> src/header/value.rs:483:9\n    |\n483 |     use crate::header::name;\n    |         ^^^^^^^^^^^^^^^^^^^\n\nwarning: unused import: `super::*`\n   --> src/header/value.rs:568:9\n    |\n568 |     use super::*;\n    |         ^^^^^^^^\n\nwarning: unused import: `crate::header::name`\n   --> src/header/value.rs:569:9\n    |\n569 |     use crate::header::name;\n    |         ^^^^^^^^^^^^^^^^^^^\n\nwarning: unused import: `super::*`\n   --> src/method.rs:424:9\n    |\n424 |     use super::*;\n    |         ^^^^^^^^\n\nwarning: unused import: `super::*`\n    --> src/request.rs:1063:9\n     |\n1063 |     use super::*;\n     |         ^^^^^^^^\n\nwarning: unused import: `super::*`\n   --> src/response.rs:776:9\n    |\n776 |     use super::*;\n    |         ^^^^^^^^\n\nwarning: unused import: `super::*`\n   --> src/uri/authority.rs:533:9\n    |\n533 |     use super::*;\n    |         ^^^^^^^^\n\nwarning: unused import: `super::*`\n   --> src/uri/builder.rs:165:9\n    |\n165 |     use super::*;\n    |         ^^^^^^^^\n\nwarning: unused import: `super::*`\n   --> src/uri/port.rs:115:9\n    |\n115 |     use super::*;\n    |         ^^^^^^^^\n\nwarning: unused import: `super::*`\n  --> src/version.rs:78:8\n   |\n78 |    use super::*;\n   |        ^^^^^^^^\n\nwarning: unused import: `ntest::timeout`\n  --> src/version.rs:79:8\n   |\n79 |    use ntest::timeout;\n   |        ^^^^^^^^^^^^^^\n\nwarning: unused import: `super::*`\n   --> src/error.rs:143:9\n    |\n143 |     use super::*;\n    |         ^^^^^^^^\n\nwarning: unused import: `super::*`\n   --> src/lib.rs:197:9\n    |\n197 |     use super::*;\n    |         ^^^^^^^^\n\nerror[E0599]: cannot write into `&mut String`\n   --> src/version.rs:112:25\n    |\n112 |     let result = write!(&mut output, \"{}\", http);\n    |                         ^^^^^^^^^^^\n    |\nnote: must implement `io::Write`, `fmt::Write`, or have a `write_fmt` method\n   --> src/version.rs:112:25\n    |\n112 |     let result = write!(&mut output, \"{}\", http);\n    |                         ^^^^^^^^^^^\n    = help: items from traits can only be used if the trait is in scope\nhelp: trait `Write` which provides `write_fmt` is implemented but not in scope; perhaps you want to import it\n    |\n78  +    use std::fmt::Write;\n    |\nhelp: there is a method `write_str` with a similar name\n   --> /home/abezbm/.rustup/toolchains/nightly-2024-07-21-x86_64-unknown-linux-gnu/lib/rustlib/src/rust/library/core/src/macros/mod.rs:632:14\n    |\n632 |         $dst.write_str($crate::format_args!($($arg)*))\n    |              ~~~~~~~~~\n\nerror[E0170]: pattern binding `Http09` is named the same as one of the variants of the type `version::llmtests::test_fmt_12::HttpVariant`\n   --> src/version.rs:100:17\n    |\n100 |                 Http09 => \"HTTP/0.9\",\n    |                 ^^^^^^ help: to match on the variant, qualify the path: `version::llmtests::test_fmt_12::HttpVariant::Http09`\n    |\n    = note: `#[deny(bindings_with_variant_name)]` on by default\n\nerror[E0170]: pattern binding `Http10` is named the same as one of the variants of the type `version::llmtests::test_fmt_12::HttpVariant`\n   --> src/version.rs:101:17\n    |\n101 |                 Http10 => \"HTTP/1.0\",\n    |                 ^^^^^^ help: to match on the variant, qualify the path: `version::llmtests::test_fmt_12::HttpVariant::Http10`\n\nerror[E0170]: pattern binding `Http11` is named the same as one of the variants of the type `version::llmtests::test_fmt_12::HttpVariant`\n   --> src/version.rs:102:17\n    |\n102 |                 Http11 => \"HTTP/1.1\",\n    |                 ^^^^^^ help: to match on the variant, qualify the path: `version::llmtests::test_fmt_12::HttpVariant::Http11`\n\nerror[E0170]: pattern binding `H2` is named the same as one of the variants of the type `version::llmtests::test_fmt_12::HttpVariant`\n   --> src/version.rs:103:17\n    |\n103 |                 H2 => \"HTTP/2.0\",\n    |                 ^^ help: to match on the variant, qualify the path: `version::llmtests::test_fmt_12::HttpVariant::H2`\n\nerror[E0170]: pattern binding `H3` is named the same as one of the variants of the type `version::llmtests::test_fmt_12::HttpVariant`\n   --> src/version.rs:104:17\n    |\n104 |                 H3 => \"HTTP/3.0\",\n    |                 ^^ help: to match on the variant, qualify the path: `version::llmtests::test_fmt_12::HttpVariant::H3`\n\nerror[E0170]: pattern binding `__NonExhaustive` is named the same as one of the variants of the type `version::llmtests::test_fmt_12::HttpVariant`\n   --> src/version.rs:105:17\n    |\n105 |                 __NonExhaustive => unreachable!(),\n    |                 ^^^^^^^^^^^^^^^ help: to match on the variant, qualify the path: `version::llmtests::test_fmt_12::HttpVariant::__NonExhaustive`\n\nwarning: unreachable pattern\n   --> src/version.rs:101:17\n    |\n100 |                 Http09 => \"HTTP/0.9\",\n    |                 ------ matches any value\n101 |                 Http10 => \"HTTP/1.0\",\n    |                 ^^^^^^ unreachable pattern\n    |\n    = note: `#[warn(unreachable_patterns)]` on by default\n\nwarning: unreachable pattern\n   --> src/version.rs:102:17\n    |\n100 |                 Http09 => \"HTTP/0.9\",\n    |                 ------ matches any value\n101 |                 Http10 => \"HTTP/1.0\",\n102 |                 Http11 => \"HTTP/1.1\",\n    |                 ^^^^^^ unreachable pattern\n\nwarning: unreachable pattern\n   --> src/version.rs:103:17\n    |\n100 |                 Http09 => \"HTTP/0.9\",\n    |                 ------ matches any value\n...\n103 |                 H2 => \"HTTP/2.0\",\n    |                 ^^ unreachable pattern\n\nwarning: unreachable pattern\n   --> src/version.rs:104:17\n    |\n100 |                 Http09 => \"HTTP/0.9\",\n    |                 ------ matches any value\n...\n104 |                 H3 => \"HTTP/3.0\",\n    |                 ^^ unreachable pattern\n\nwarning: unreachable pattern\n   --> src/version.rs:105:17\n    |\n100 |                 Http09 => \"HTTP/0.9\",\n    |                 ------ matches any value\n...\n105 |                 __NonExhaustive => unreachable!(),\n    |                 ^^^^^^^^^^^^^^^ unreachable pattern\n\nwarning: unused variable: `Http09`\n   --> src/version.rs:100:17\n    |\n100 |                 Http09 => \"HTTP/0.9\",\n    |                 ^^^^^^ help: if this is intentional, prefix it with an underscore: `_Http09`\n    |\n    = note: `#[warn(unused_variables)]` on by default\n\nwarning: unused variable: `Http10`\n   --> src/version.rs:101:17\n    |\n101 |                 Http10 => \"HTTP/1.0\",\n    |                 ^^^^^^ help: if this is intentional, prefix it with an underscore: `_Http10`\n\nwarning: unused variable: `Http11`\n   --> src/version.rs:102:17\n    |\n102 |                 Http11 => \"HTTP/1.1\",\n    |                 ^^^^^^ help: if this is intentional, prefix it with an underscore: `_Http11`\n\nwarning: unused variable: `H2`\n   --> src/version.rs:103:17\n    |\n103 |                 H2 => \"HTTP/2.0\",\n    |                 ^^ help: if this is intentional, prefix it with an underscore: `_H2`\n\nwarning: unused variable: `H3`\n   --> src/version.rs:104:17\n    |\n104 |                 H3 => \"HTTP/3.0\",\n    |                 ^^ help: if this is intentional, prefix it with an underscore: `_H3`\n\nerror[E0507]: cannot move out of `self` which is behind a shared reference\n   --> src/version.rs:99:31\n    |\n99  |             f.write_str(match self.0 {\n    |                               ^^^^^^\n100 |                 Http09 => \"HTTP/0.9\",\n    |                 ------ data moved here\n101 |                 Http10 => \"HTTP/1.0\",\n    |                 ------ ...and here\n102 |                 Http11 => \"HTTP/1.1\",\n    |                 ------ ...and here\n103 |                 H2 => \"HTTP/2.0\",\n    |                 -- ...and here\n104 |                 H3 => \"HTTP/3.0\",\n    |                 -- ...and here\n105 |                 __NonExhaustive => unreachable!(),\n    |                 --------------- ...and here\n    |\n    = note: move occurs because these variables have types that don't implement the `Copy` trait\nhelp: consider borrowing here\n    |\n99  |             f.write_str(match &self.0 {\n    |                               +\n\nSome errors have detailed explanations: E0170, E0432, E0507, E0599.\nFor more information about an error, try `rustc --explain E0170`.\nwarning: `http` (lib test) generated 26 warnings\nerror: could not compile `http` (lib test) due to 9 previous errors; 26 warnings emitted\n"
                }
              ],
              "repaired": [
                false
              ]
            },
            {
              "attrs": [],
              "prefix": [],
              "oracles": [],
              "codes": [
                [
                  "{",
                  "    use std::fmt;",
                  "",
                  "    struct Http(HttpVariant);",
                  "    enum HttpVariant {",
                  "        Http09,",
                  "        Http10,",
                  "        Http11,",
                  "        H2,",
                  "        H3,",
                  "        __NonExhaustive,",
                  "    }",
                  "",
                  "    impl fmt::Display for Http {",
                  "        fn fmt(&self, f: &mut fmt::Formatter<'_>) -> fmt::Result {",
                  "            use self::HttpVariant::*;",
                  "",
                  "            f.write_str(match self.0 {",
                  "                Http09 => \"HTTP/0.9\",",
                  "                Http10 => \"HTTP/1.0\",",
                  "                Http11 => \"HTTP/1.1\",",
                  "                H2 => \"HTTP/2.0\",",
                  "                H3 => \"HTTP/3.0\",",
                  "                __NonExhaustive => unreachable!(),",
                  "            })",
                  "        }",
                  "    }",
                  "",
                  "    let http = Http(HttpVariant::Http10);",
                  "    let mut output = String::new();",
                  "    let result = write!(&mut output, \"{}\", http);",
                  "    assert!(result.is_ok());",
                  "    assert_eq!(output, \"HTTP/1.0\");",
                  "}"
                ]
              ],
              "can_compile": [
                {
                  "Err": "   Compiling libc v0.2.172\n   Compiling proc-macro2 v1.0.95\n   Compiling zerocopy v0.8.25\n   Compiling syn v1.0.109\n   Compiling serde v1.0.219\n   Compiling doc-comment v0.3.3\n   Compiling serde_json v1.0.140\n   Compiling quote v1.0.40\n   Compiling getrandom v0.2.16\n   Compiling rand_core v0.6.4\n   Compiling ppv-lite86 v0.2.21\n   Compiling rand_chacha v0.3.1\n   Compiling rand v0.8.5\n   Compiling quickcheck v1.0.3\n   Compiling ntest_test_cases v0.9.3\n   Compiling ntest_timeout v0.9.3\n   Compiling ntest v0.9.3\n   Compiling http v1.3.1 (/home/abezbm/rust-utgen-test-crates-new/http)\nerror[E0432]: unresolved import `self::HttpVariant`\n  --> src/version.rs:97:23\n   |\n97 |             use self::HttpVariant::*;\n   |                       ^^^^^^^^^^^ could not find `HttpVariant` in `self`\n\nwarning: unused import: `self::StandardHeader::Vary`\n    --> src/header/name.rs:1676:9\n     |\n1676 |     use self::StandardHeader::Vary;\n     |         ^^^^^^^^^^^^^^^^^^^^^^^^^^\n     |\n     = note: `#[warn(unused_imports)]` on by default\n\nwarning: unused import: `super::*`\n   --> src/header/value.rs:481:9\n    |\n481 |     use super::*;\n    |         ^^^^^^^^\n\nwarning: unused import: `crate::header::map::HeaderMap`\n   --> src/header/value.rs:482:9\n    |\n482 |     use crate::header::map::HeaderMap;\n    |         ^^^^^^^^^^^^^^^^^^^^^^^^^^^^^\n\nwarning: unused import: `crate::header::name`\n   --> src/header/value.rs:483:9\n    |\n483 |     use crate::header::name;\n    |         ^^^^^^^^^^^^^^^^^^^\n\nwarning: unused import: `super::*`\n   --> src/header/value.rs:568:9\n    |\n568 |     use super::*;\n    |         ^^^^^^^^\n\nwarning: unused import: `crate::header::name`\n   --> src/header/value.rs:569:9\n    |\n569 |     use crate::header::name;\n    |         ^^^^^^^^^^^^^^^^^^^\n\nwarning: unused import: `super::*`\n   --> src/method.rs:424:9\n    |\n424 |     use super::*;\n    |         ^^^^^^^^\n\nwarning: unused import: `super::*`\n    --> src/request.rs:1063:9\n     |\n1063 |     use super::*;\n     |         ^^^^^^^^\n\nwarning: unused import: `super::*`\n   --> src/response.rs:776:9\n    |\n776 |     use super::*;\n    |         ^^^^^^^^\n\nwarning: unused import: `super::*`\n   --> src/uri/authority.rs:533:9\n    |\n533 |     use super::*;\n    |         ^^^^^^^^\n\nwarning: unused import: `super::*`\n   --> src/uri/builder.rs:165:9\n    |\n165 |     use super::*;\n    |         ^^^^^^^^\n\nwarning: unused import: `super::*`\n   --> src/uri/port.rs:115:9\n    |\n115 |     use super::*;\n    |         ^^^^^^^^\n\nwarning: unused import: `super::*`\n  --> src/version.rs:78:8\n   |\n78 |    use super::*;\n   |        ^^^^^^^^\n\nwarning: unused import: `ntest::timeout`\n  --> src/version.rs:79:8\n   |\n79 |    use ntest::timeout;\n   |        ^^^^^^^^^^^^^^\n\nwarning: unused import: `super::*`\n   --> src/error.rs:143:9\n    |\n143 |     use super::*;\n    |         ^^^^^^^^\n\nwarning: unused import: `super::*`\n   --> src/lib.rs:197:9\n    |\n197 |     use super::*;\n    |         ^^^^^^^^\n\nerror[E0599]: cannot write into `&mut String`\n   --> src/version.rs:112:25\n    |\n112 |     let result = write!(&mut output, \"{}\", http);\n    |                         ^^^^^^^^^^^\n    |\nnote: must implement `io::Write`, `fmt::Write`, or have a `write_fmt` method\n   --> src/version.rs:112:25\n    |\n112 |     let result = write!(&mut output, \"{}\", http);\n    |                         ^^^^^^^^^^^\n    = help: items from traits can only be used if the trait is in scope\nhelp: trait `Write` which provides `write_fmt` is implemented but not in scope; perhaps you want to import it\n    |\n78  +    use std::fmt::Write;\n    |\nhelp: there is a method `write_str` with a similar name\n   --> /home/abezbm/.rustup/toolchains/nightly-2024-07-21-x86_64-unknown-linux-gnu/lib/rustlib/src/rust/library/core/src/macros/mod.rs:632:14\n    |\n632 |         $dst.write_str($crate::format_args!($($arg)*))\n    |              ~~~~~~~~~\n\nerror[E0170]: pattern binding `Http09` is named the same as one of the variants of the type `version::llmtests::test_fmt_13::HttpVariant`\n   --> src/version.rs:100:17\n    |\n100 |                 Http09 => \"HTTP/0.9\",\n    |                 ^^^^^^ help: to match on the variant, qualify the path: `version::llmtests::test_fmt_13::HttpVariant::Http09`\n    |\n    = note: `#[deny(bindings_with_variant_name)]` on by default\n\nerror[E0170]: pattern binding `Http10` is named the same as one of the variants of the type `version::llmtests::test_fmt_13::HttpVariant`\n   --> src/version.rs:101:17\n    |\n101 |                 Http10 => \"HTTP/1.0\",\n    |                 ^^^^^^ help: to match on the variant, qualify the path: `version::llmtests::test_fmt_13::HttpVariant::Http10`\n\nerror[E0170]: pattern binding `Http11` is named the same as one of the variants of the type `version::llmtests::test_fmt_13::HttpVariant`\n   --> src/version.rs:102:17\n    |\n102 |                 Http11 => \"HTTP/1.1\",\n    |                 ^^^^^^ help: to match on the variant, qualify the path: `version::llmtests::test_fmt_13::HttpVariant::Http11`\n\nerror[E0170]: pattern binding `H2` is named the same as one of the variants of the type `version::llmtests::test_fmt_13::HttpVariant`\n   --> src/version.rs:103:17\n    |\n103 |                 H2 => \"HTTP/2.0\",\n    |                 ^^ help: to match on the variant, qualify the path: `version::llmtests::test_fmt_13::HttpVariant::H2`\n\nerror[E0170]: pattern binding `H3` is named the same as one of the variants of the type `version::llmtests::test_fmt_13::HttpVariant`\n   --> src/version.rs:104:17\n    |\n104 |                 H3 => \"HTTP/3.0\",\n    |                 ^^ help: to match on the variant, qualify the path: `version::llmtests::test_fmt_13::HttpVariant::H3`\n\nerror[E0170]: pattern binding `__NonExhaustive` is named the same as one of the variants of the type `version::llmtests::test_fmt_13::HttpVariant`\n   --> src/version.rs:105:17\n    |\n105 |                 __NonExhaustive => unreachable!(),\n    |                 ^^^^^^^^^^^^^^^ help: to match on the variant, qualify the path: `version::llmtests::test_fmt_13::HttpVariant::__NonExhaustive`\n\nwarning: unreachable pattern\n   --> src/version.rs:101:17\n    |\n100 |                 Http09 => \"HTTP/0.9\",\n    |                 ------ matches any value\n101 |                 Http10 => \"HTTP/1.0\",\n    |                 ^^^^^^ unreachable pattern\n    |\n    = note: `#[warn(unreachable_patterns)]` on by default\n\nwarning: unreachable pattern\n   --> src/version.rs:102:17\n    |\n100 |                 Http09 => \"HTTP/0.9\",\n    |                 ------ matches any value\n101 |                 Http10 => \"HTTP/1.0\",\n102 |                 Http11 => \"HTTP/1.1\",\n    |                 ^^^^^^ unreachable pattern\n\nwarning: unreachable pattern\n   --> src/version.rs:103:17\n    |\n100 |                 Http09 => \"HTTP/0.9\",\n    |                 ------ matches any value\n...\n103 |                 H2 => \"HTTP/2.0\",\n    |                 ^^ unreachable pattern\n\nwarning: unreachable pattern\n   --> src/version.rs:104:17\n    |\n100 |                 Http09 => \"HTTP/0.9\",\n    |                 ------ matches any value\n...\n104 |                 H3 => \"HTTP/3.0\",\n    |                 ^^ unreachable pattern\n\nwarning: unreachable pattern\n   --> src/version.rs:105:17\n    |\n100 |                 Http09 => \"HTTP/0.9\",\n    |                 ------ matches any value\n...\n105 |                 __NonExhaustive => unreachable!(),\n    |                 ^^^^^^^^^^^^^^^ unreachable pattern\n\nwarning: unused variable: `Http09`\n   --> src/version.rs:100:17\n    |\n100 |                 Http09 => \"HTTP/0.9\",\n    |                 ^^^^^^ help: if this is intentional, prefix it with an underscore: `_Http09`\n    |\n    = note: `#[warn(unused_variables)]` on by default\n\nwarning: unused variable: `Http10`\n   --> src/version.rs:101:17\n    |\n101 |                 Http10 => \"HTTP/1.0\",\n    |                 ^^^^^^ help: if this is intentional, prefix it with an underscore: `_Http10`\n\nwarning: unused variable: `Http11`\n   --> src/version.rs:102:17\n    |\n102 |                 Http11 => \"HTTP/1.1\",\n    |                 ^^^^^^ help: if this is intentional, prefix it with an underscore: `_Http11`\n\nwarning: unused variable: `H2`\n   --> src/version.rs:103:17\n    |\n103 |                 H2 => \"HTTP/2.0\",\n    |                 ^^ help: if this is intentional, prefix it with an underscore: `_H2`\n\nwarning: unused variable: `H3`\n   --> src/version.rs:104:17\n    |\n104 |                 H3 => \"HTTP/3.0\",\n    |                 ^^ help: if this is intentional, prefix it with an underscore: `_H3`\n\nerror[E0507]: cannot move out of `self` which is behind a shared reference\n   --> src/version.rs:99:31\n    |\n99  |             f.write_str(match self.0 {\n    |                               ^^^^^^\n100 |                 Http09 => \"HTTP/0.9\",\n    |                 ------ data moved here\n101 |                 Http10 => \"HTTP/1.0\",\n    |                 ------ ...and here\n102 |                 Http11 => \"HTTP/1.1\",\n    |                 ------ ...and here\n103 |                 H2 => \"HTTP/2.0\",\n    |                 -- ...and here\n104 |                 H3 => \"HTTP/3.0\",\n    |                 -- ...and here\n105 |                 __NonExhaustive => unreachable!(),\n    |                 --------------- ...and here\n    |\n    = note: move occurs because these variables have types that don't implement the `Copy` trait\nhelp: consider borrowing here\n    |\n99  |             f.write_str(match &self.0 {\n    |                               +\n\nSome errors have detailed explanations: E0170, E0432, E0507, E0599.\nFor more information about an error, try `rustc --explain E0170`.\nwarning: `http` (lib test) generated 26 warnings\nerror: could not compile `http` (lib test) due to 9 previous errors; 26 warnings emitted\n"
                }
              ],
              "repaired": [
                false
              ]
            },
            {
              "attrs": [],
              "prefix": [],
              "oracles": [],
              "codes": [
                [
                  "{",
                  "    use std::fmt;",
                  "",
                  "    struct Http(HttpVariant);",
                  "    enum HttpVariant {",
                  "        Http09,",
                  "        Http10,",
                  "        Http11,",
                  "        H2,",
                  "        H3,",
                  "        __NonExhaustive,",
                  "    }",
                  "",
                  "    impl fmt::Display for Http {",
                  "        fn fmt(&self, f: &mut fmt::Formatter<'_>) -> fmt::Result {",
                  "            use self::HttpVariant::*;",
                  "",
                  "            f.write_str(match self.0 {",
                  "                Http09 => \"HTTP/0.9\",",
                  "                Http10 => \"HTTP/1.0\",",
                  "                Http11 => \"HTTP/1.1\",",
                  "                H2 => \"HTTP/2.0\",",
                  "                H3 => \"HTTP/3.0\",",
                  "                __NonExhaustive => unreachable!(),",
                  "            })",
                  "        }",
                  "    }",
                  "",
                  "    let http = Http(HttpVariant::Http11);",
                  "    let mut output = String::new();",
                  "    let result = write!(&mut output, \"{}\", http);",
                  "    assert!(result.is_ok());",
                  "    assert_eq!(output, \"HTTP/1.1\");",
                  "}"
                ]
              ],
              "can_compile": [
                {
                  "Err": "   Compiling libc v0.2.172\n   Compiling proc-macro2 v1.0.95\n   Compiling zerocopy v0.8.25\n   Compiling syn v1.0.109\n   Compiling serde v1.0.219\n   Compiling serde_json v1.0.140\n   Compiling doc-comment v0.3.3\n   Compiling quote v1.0.40\n   Compiling getrandom v0.2.16\n   Compiling rand_core v0.6.4\n   Compiling ppv-lite86 v0.2.21\n   Compiling rand_chacha v0.3.1\n   Compiling rand v0.8.5\n   Compiling quickcheck v1.0.3\n   Compiling ntest_test_cases v0.9.3\n   Compiling ntest_timeout v0.9.3\n   Compiling ntest v0.9.3\n   Compiling http v1.3.1 (/home/abezbm/rust-utgen-test-crates-new/http)\nerror[E0432]: unresolved import `self::HttpVariant`\n  --> src/version.rs:97:23\n   |\n97 |             use self::HttpVariant::*;\n   |                       ^^^^^^^^^^^ could not find `HttpVariant` in `self`\n\nwarning: unused import: `self::StandardHeader::Vary`\n    --> src/header/name.rs:1676:9\n     |\n1676 |     use self::StandardHeader::Vary;\n     |         ^^^^^^^^^^^^^^^^^^^^^^^^^^\n     |\n     = note: `#[warn(unused_imports)]` on by default\n\nwarning: unused import: `super::*`\n   --> src/header/value.rs:481:9\n    |\n481 |     use super::*;\n    |         ^^^^^^^^\n\nwarning: unused import: `crate::header::map::HeaderMap`\n   --> src/header/value.rs:482:9\n    |\n482 |     use crate::header::map::HeaderMap;\n    |         ^^^^^^^^^^^^^^^^^^^^^^^^^^^^^\n\nwarning: unused import: `crate::header::name`\n   --> src/header/value.rs:483:9\n    |\n483 |     use crate::header::name;\n    |         ^^^^^^^^^^^^^^^^^^^\n\nwarning: unused import: `super::*`\n   --> src/header/value.rs:568:9\n    |\n568 |     use super::*;\n    |         ^^^^^^^^\n\nwarning: unused import: `crate::header::name`\n   --> src/header/value.rs:569:9\n    |\n569 |     use crate::header::name;\n    |         ^^^^^^^^^^^^^^^^^^^\n\nwarning: unused import: `super::*`\n   --> src/method.rs:424:9\n    |\n424 |     use super::*;\n    |         ^^^^^^^^\n\nwarning: unused import: `super::*`\n    --> src/request.rs:1063:9\n     |\n1063 |     use super::*;\n     |         ^^^^^^^^\n\nwarning: unused import: `super::*`\n   --> src/response.rs:776:9\n    |\n776 |     use super::*;\n    |         ^^^^^^^^\n\nwarning: unused import: `super::*`\n   --> src/uri/authority.rs:533:9\n    |\n533 |     use super::*;\n    |         ^^^^^^^^\n\nwarning: unused import: `super::*`\n   --> src/uri/builder.rs:165:9\n    |\n165 |     use super::*;\n    |         ^^^^^^^^\n\nwarning: unused import: `super::*`\n   --> src/uri/port.rs:115:9\n    |\n115 |     use super::*;\n    |         ^^^^^^^^\n\nwarning: unused import: `super::*`\n  --> src/version.rs:78:8\n   |\n78 |    use super::*;\n   |        ^^^^^^^^\n\nwarning: unused import: `ntest::timeout`\n  --> src/version.rs:79:8\n   |\n79 |    use ntest::timeout;\n   |        ^^^^^^^^^^^^^^\n\nwarning: unused import: `super::*`\n   --> src/error.rs:143:9\n    |\n143 |     use super::*;\n    |         ^^^^^^^^\n\nwarning: unused import: `super::*`\n   --> src/lib.rs:197:9\n    |\n197 |     use super::*;\n    |         ^^^^^^^^\n\nerror[E0599]: cannot write into `&mut String`\n   --> src/version.rs:112:25\n    |\n112 |     let result = write!(&mut output, \"{}\", http);\n    |                         ^^^^^^^^^^^\n    |\nnote: must implement `io::Write`, `fmt::Write`, or have a `write_fmt` method\n   --> src/version.rs:112:25\n    |\n112 |     let result = write!(&mut output, \"{}\", http);\n    |                         ^^^^^^^^^^^\n    = help: items from traits can only be used if the trait is in scope\nhelp: trait `Write` which provides `write_fmt` is implemented but not in scope; perhaps you want to import it\n    |\n78  +    use std::fmt::Write;\n    |\nhelp: there is a method `write_str` with a similar name\n   --> /home/abezbm/.rustup/toolchains/nightly-2024-07-21-x86_64-unknown-linux-gnu/lib/rustlib/src/rust/library/core/src/macros/mod.rs:632:14\n    |\n632 |         $dst.write_str($crate::format_args!($($arg)*))\n    |              ~~~~~~~~~\n\nerror[E0170]: pattern binding `Http09` is named the same as one of the variants of the type `version::llmtests::test_fmt_14::HttpVariant`\n   --> src/version.rs:100:17\n    |\n100 |                 Http09 => \"HTTP/0.9\",\n    |                 ^^^^^^ help: to match on the variant, qualify the path: `version::llmtests::test_fmt_14::HttpVariant::Http09`\n    |\n    = note: `#[deny(bindings_with_variant_name)]` on by default\n\nerror[E0170]: pattern binding `Http10` is named the same as one of the variants of the type `version::llmtests::test_fmt_14::HttpVariant`\n   --> src/version.rs:101:17\n    |\n101 |                 Http10 => \"HTTP/1.0\",\n    |                 ^^^^^^ help: to match on the variant, qualify the path: `version::llmtests::test_fmt_14::HttpVariant::Http10`\n\nerror[E0170]: pattern binding `Http11` is named the same as one of the variants of the type `version::llmtests::test_fmt_14::HttpVariant`\n   --> src/version.rs:102:17\n    |\n102 |                 Http11 => \"HTTP/1.1\",\n    |                 ^^^^^^ help: to match on the variant, qualify the path: `version::llmtests::test_fmt_14::HttpVariant::Http11`\n\nerror[E0170]: pattern binding `H2` is named the same as one of the variants of the type `version::llmtests::test_fmt_14::HttpVariant`\n   --> src/version.rs:103:17\n    |\n103 |                 H2 => \"HTTP/2.0\",\n    |                 ^^ help: to match on the variant, qualify the path: `version::llmtests::test_fmt_14::HttpVariant::H2`\n\nerror[E0170]: pattern binding `H3` is named the same as one of the variants of the type `version::llmtests::test_fmt_14::HttpVariant`\n   --> src/version.rs:104:17\n    |\n104 |                 H3 => \"HTTP/3.0\",\n    |                 ^^ help: to match on the variant, qualify the path: `version::llmtests::test_fmt_14::HttpVariant::H3`\n\nerror[E0170]: pattern binding `__NonExhaustive` is named the same as one of the variants of the type `version::llmtests::test_fmt_14::HttpVariant`\n   --> src/version.rs:105:17\n    |\n105 |                 __NonExhaustive => unreachable!(),\n    |                 ^^^^^^^^^^^^^^^ help: to match on the variant, qualify the path: `version::llmtests::test_fmt_14::HttpVariant::__NonExhaustive`\n\nwarning: unreachable pattern\n   --> src/version.rs:101:17\n    |\n100 |                 Http09 => \"HTTP/0.9\",\n    |                 ------ matches any value\n101 |                 Http10 => \"HTTP/1.0\",\n    |                 ^^^^^^ unreachable pattern\n    |\n    = note: `#[warn(unreachable_patterns)]` on by default\n\nwarning: unreachable pattern\n   --> src/version.rs:102:17\n    |\n100 |                 Http09 => \"HTTP/0.9\",\n    |                 ------ matches any value\n101 |                 Http10 => \"HTTP/1.0\",\n102 |                 Http11 => \"HTTP/1.1\",\n    |                 ^^^^^^ unreachable pattern\n\nwarning: unreachable pattern\n   --> src/version.rs:103:17\n    |\n100 |                 Http09 => \"HTTP/0.9\",\n    |                 ------ matches any value\n...\n103 |                 H2 => \"HTTP/2.0\",\n    |                 ^^ unreachable pattern\n\nwarning: unreachable pattern\n   --> src/version.rs:104:17\n    |\n100 |                 Http09 => \"HTTP/0.9\",\n    |                 ------ matches any value\n...\n104 |                 H3 => \"HTTP/3.0\",\n    |                 ^^ unreachable pattern\n\nwarning: unreachable pattern\n   --> src/version.rs:105:17\n    |\n100 |                 Http09 => \"HTTP/0.9\",\n    |                 ------ matches any value\n...\n105 |                 __NonExhaustive => unreachable!(),\n    |                 ^^^^^^^^^^^^^^^ unreachable pattern\n\nwarning: unused variable: `Http09`\n   --> src/version.rs:100:17\n    |\n100 |                 Http09 => \"HTTP/0.9\",\n    |                 ^^^^^^ help: if this is intentional, prefix it with an underscore: `_Http09`\n    |\n    = note: `#[warn(unused_variables)]` on by default\n\nwarning: unused variable: `Http10`\n   --> src/version.rs:101:17\n    |\n101 |                 Http10 => \"HTTP/1.0\",\n    |                 ^^^^^^ help: if this is intentional, prefix it with an underscore: `_Http10`\n\nwarning: unused variable: `Http11`\n   --> src/version.rs:102:17\n    |\n102 |                 Http11 => \"HTTP/1.1\",\n    |                 ^^^^^^ help: if this is intentional, prefix it with an underscore: `_Http11`\n\nwarning: unused variable: `H2`\n   --> src/version.rs:103:17\n    |\n103 |                 H2 => \"HTTP/2.0\",\n    |                 ^^ help: if this is intentional, prefix it with an underscore: `_H2`\n\nwarning: unused variable: `H3`\n   --> src/version.rs:104:17\n    |\n104 |                 H3 => \"HTTP/3.0\",\n    |                 ^^ help: if this is intentional, prefix it with an underscore: `_H3`\n\nerror[E0507]: cannot move out of `self` which is behind a shared reference\n   --> src/version.rs:99:31\n    |\n99  |             f.write_str(match self.0 {\n    |                               ^^^^^^\n100 |                 Http09 => \"HTTP/0.9\",\n    |                 ------ data moved here\n101 |                 Http10 => \"HTTP/1.0\",\n    |                 ------ ...and here\n102 |                 Http11 => \"HTTP/1.1\",\n    |                 ------ ...and here\n103 |                 H2 => \"HTTP/2.0\",\n    |                 -- ...and here\n104 |                 H3 => \"HTTP/3.0\",\n    |                 -- ...and here\n105 |                 __NonExhaustive => unreachable!(),\n    |                 --------------- ...and here\n    |\n    = note: move occurs because these variables have types that don't implement the `Copy` trait\nhelp: consider borrowing here\n    |\n99  |             f.write_str(match &self.0 {\n    |                               +\n\nSome errors have detailed explanations: E0170, E0432, E0507, E0599.\nFor more information about an error, try `rustc --explain E0170`.\nwarning: `http` (lib test) generated 26 warnings\nerror: could not compile `http` (lib test) due to 9 previous errors; 26 warnings emitted\n"
                }
              ],
              "repaired": [
                false
              ]
            },
            {
              "attrs": [],
              "prefix": [],
              "oracles": [],
              "codes": [
                [
                  "{",
                  "    use std::fmt;",
                  "",
                  "    struct Http(HttpVariant);",
                  "    enum HttpVariant {",
                  "        Http09,",
                  "        Http10,",
                  "        Http11,",
                  "        H2,",
                  "        H3,",
                  "        __NonExhaustive,",
                  "    }",
                  "",
                  "    impl fmt::Display for Http {",
                  "        fn fmt(&self, f: &mut fmt::Formatter<'_>) -> fmt::Result {",
                  "            use self::HttpVariant::*;",
                  "",
                  "            f.write_str(match self.0 {",
                  "                Http09 => \"HTTP/0.9\",",
                  "                Http10 => \"HTTP/1.0\",",
                  "                Http11 => \"HTTP/1.1\",",
                  "                H2 => \"HTTP/2.0\",",
                  "                H3 => \"HTTP/3.0\",",
                  "                __NonExhaustive => unreachable!(),",
                  "            })",
                  "        }",
                  "    }",
                  "",
                  "    let http = Http(HttpVariant::H2);",
                  "    let mut output = String::new();",
                  "    let result = write!(&mut output, \"{}\", http);",
                  "    assert!(result.is_ok());",
                  "    assert_eq!(output, \"HTTP/2.0\");",
                  "}"
                ]
              ],
              "can_compile": [
                {
                  "Err": "   Compiling libc v0.2.172\n   Compiling proc-macro2 v1.0.95\n   Compiling zerocopy v0.8.25\n   Compiling syn v1.0.109\n   Compiling serde v1.0.219\n   Compiling serde_json v1.0.140\n   Compiling doc-comment v0.3.3\n   Compiling quote v1.0.40\n   Compiling getrandom v0.2.16\n   Compiling rand_core v0.6.4\n   Compiling ppv-lite86 v0.2.21\n   Compiling rand_chacha v0.3.1\n   Compiling rand v0.8.5\n   Compiling quickcheck v1.0.3\n   Compiling ntest_timeout v0.9.3\n   Compiling ntest_test_cases v0.9.3\n   Compiling ntest v0.9.3\n   Compiling http v1.3.1 (/home/abezbm/rust-utgen-test-crates-new/http)\nerror[E0432]: unresolved import `self::HttpVariant`\n  --> src/version.rs:97:23\n   |\n97 |             use self::HttpVariant::*;\n   |                       ^^^^^^^^^^^ could not find `HttpVariant` in `self`\n\nwarning: unused import: `self::StandardHeader::Vary`\n    --> src/header/name.rs:1676:9\n     |\n1676 |     use self::StandardHeader::Vary;\n     |         ^^^^^^^^^^^^^^^^^^^^^^^^^^\n     |\n     = note: `#[warn(unused_imports)]` on by default\n\nwarning: unused import: `super::*`\n   --> src/header/value.rs:481:9\n    |\n481 |     use super::*;\n    |         ^^^^^^^^\n\nwarning: unused import: `crate::header::map::HeaderMap`\n   --> src/header/value.rs:482:9\n    |\n482 |     use crate::header::map::HeaderMap;\n    |         ^^^^^^^^^^^^^^^^^^^^^^^^^^^^^\n\nwarning: unused import: `crate::header::name`\n   --> src/header/value.rs:483:9\n    |\n483 |     use crate::header::name;\n    |         ^^^^^^^^^^^^^^^^^^^\n\nwarning: unused import: `super::*`\n   --> src/header/value.rs:568:9\n    |\n568 |     use super::*;\n    |         ^^^^^^^^\n\nwarning: unused import: `crate::header::name`\n   --> src/header/value.rs:569:9\n    |\n569 |     use crate::header::name;\n    |         ^^^^^^^^^^^^^^^^^^^\n\nwarning: unused import: `super::*`\n   --> src/method.rs:424:9\n    |\n424 |     use super::*;\n    |         ^^^^^^^^\n\nwarning: unused import: `super::*`\n    --> src/request.rs:1063:9\n     |\n1063 |     use super::*;\n     |         ^^^^^^^^\n\nwarning: unused import: `super::*`\n   --> src/response.rs:776:9\n    |\n776 |     use super::*;\n    |         ^^^^^^^^\n\nwarning: unused import: `super::*`\n   --> src/uri/authority.rs:533:9\n    |\n533 |     use super::*;\n    |         ^^^^^^^^\n\nwarning: unused import: `super::*`\n   --> src/uri/builder.rs:165:9\n    |\n165 |     use super::*;\n    |         ^^^^^^^^\n\nwarning: unused import: `super::*`\n   --> src/uri/port.rs:115:9\n    |\n115 |     use super::*;\n    |         ^^^^^^^^\n\nwarning: unused import: `super::*`\n  --> src/version.rs:78:8\n   |\n78 |    use super::*;\n   |        ^^^^^^^^\n\nwarning: unused import: `ntest::timeout`\n  --> src/version.rs:79:8\n   |\n79 |    use ntest::timeout;\n   |        ^^^^^^^^^^^^^^\n\nwarning: unused import: `super::*`\n   --> src/error.rs:143:9\n    |\n143 |     use super::*;\n    |         ^^^^^^^^\n\nwarning: unused import: `super::*`\n   --> src/lib.rs:197:9\n    |\n197 |     use super::*;\n    |         ^^^^^^^^\n\nerror[E0599]: cannot write into `&mut String`\n   --> src/version.rs:112:25\n    |\n112 |     let result = write!(&mut output, \"{}\", http);\n    |                         ^^^^^^^^^^^\n    |\nnote: must implement `io::Write`, `fmt::Write`, or have a `write_fmt` method\n   --> src/version.rs:112:25\n    |\n112 |     let result = write!(&mut output, \"{}\", http);\n    |                         ^^^^^^^^^^^\n    = help: items from traits can only be used if the trait is in scope\nhelp: trait `Write` which provides `write_fmt` is implemented but not in scope; perhaps you want to import it\n    |\n78  +    use std::fmt::Write;\n    |\nhelp: there is a method `write_str` with a similar name\n   --> /home/abezbm/.rustup/toolchains/nightly-2024-07-21-x86_64-unknown-linux-gnu/lib/rustlib/src/rust/library/core/src/macros/mod.rs:632:14\n    |\n632 |         $dst.write_str($crate::format_args!($($arg)*))\n    |              ~~~~~~~~~\n\nerror[E0170]: pattern binding `Http09` is named the same as one of the variants of the type `version::llmtests::test_fmt_15::HttpVariant`\n   --> src/version.rs:100:17\n    |\n100 |                 Http09 => \"HTTP/0.9\",\n    |                 ^^^^^^ help: to match on the variant, qualify the path: `version::llmtests::test_fmt_15::HttpVariant::Http09`\n    |\n    = note: `#[deny(bindings_with_variant_name)]` on by default\n\nerror[E0170]: pattern binding `Http10` is named the same as one of the variants of the type `version::llmtests::test_fmt_15::HttpVariant`\n   --> src/version.rs:101:17\n    |\n101 |                 Http10 => \"HTTP/1.0\",\n    |                 ^^^^^^ help: to match on the variant, qualify the path: `version::llmtests::test_fmt_15::HttpVariant::Http10`\n\nerror[E0170]: pattern binding `Http11` is named the same as one of the variants of the type `version::llmtests::test_fmt_15::HttpVariant`\n   --> src/version.rs:102:17\n    |\n102 |                 Http11 => \"HTTP/1.1\",\n    |                 ^^^^^^ help: to match on the variant, qualify the path: `version::llmtests::test_fmt_15::HttpVariant::Http11`\n\nerror[E0170]: pattern binding `H2` is named the same as one of the variants of the type `version::llmtests::test_fmt_15::HttpVariant`\n   --> src/version.rs:103:17\n    |\n103 |                 H2 => \"HTTP/2.0\",\n    |                 ^^ help: to match on the variant, qualify the path: `version::llmtests::test_fmt_15::HttpVariant::H2`\n\nerror[E0170]: pattern binding `H3` is named the same as one of the variants of the type `version::llmtests::test_fmt_15::HttpVariant`\n   --> src/version.rs:104:17\n    |\n104 |                 H3 => \"HTTP/3.0\",\n    |                 ^^ help: to match on the variant, qualify the path: `version::llmtests::test_fmt_15::HttpVariant::H3`\n\nerror[E0170]: pattern binding `__NonExhaustive` is named the same as one of the variants of the type `version::llmtests::test_fmt_15::HttpVariant`\n   --> src/version.rs:105:17\n    |\n105 |                 __NonExhaustive => unreachable!(),\n    |                 ^^^^^^^^^^^^^^^ help: to match on the variant, qualify the path: `version::llmtests::test_fmt_15::HttpVariant::__NonExhaustive`\n\nwarning: unreachable pattern\n   --> src/version.rs:101:17\n    |\n100 |                 Http09 => \"HTTP/0.9\",\n    |                 ------ matches any value\n101 |                 Http10 => \"HTTP/1.0\",\n    |                 ^^^^^^ unreachable pattern\n    |\n    = note: `#[warn(unreachable_patterns)]` on by default\n\nwarning: unreachable pattern\n   --> src/version.rs:102:17\n    |\n100 |                 Http09 => \"HTTP/0.9\",\n    |                 ------ matches any value\n101 |                 Http10 => \"HTTP/1.0\",\n102 |                 Http11 => \"HTTP/1.1\",\n    |                 ^^^^^^ unreachable pattern\n\nwarning: unreachable pattern\n   --> src/version.rs:103:17\n    |\n100 |                 Http09 => \"HTTP/0.9\",\n    |                 ------ matches any value\n...\n103 |                 H2 => \"HTTP/2.0\",\n    |                 ^^ unreachable pattern\n\nwarning: unreachable pattern\n   --> src/version.rs:104:17\n    |\n100 |                 Http09 => \"HTTP/0.9\",\n    |                 ------ matches any value\n...\n104 |                 H3 => \"HTTP/3.0\",\n    |                 ^^ unreachable pattern\n\nwarning: unreachable pattern\n   --> src/version.rs:105:17\n    |\n100 |                 Http09 => \"HTTP/0.9\",\n    |                 ------ matches any value\n...\n105 |                 __NonExhaustive => unreachable!(),\n    |                 ^^^^^^^^^^^^^^^ unreachable pattern\n\nwarning: unused variable: `Http09`\n   --> src/version.rs:100:17\n    |\n100 |                 Http09 => \"HTTP/0.9\",\n    |                 ^^^^^^ help: if this is intentional, prefix it with an underscore: `_Http09`\n    |\n    = note: `#[warn(unused_variables)]` on by default\n\nwarning: unused variable: `Http10`\n   --> src/version.rs:101:17\n    |\n101 |                 Http10 => \"HTTP/1.0\",\n    |                 ^^^^^^ help: if this is intentional, prefix it with an underscore: `_Http10`\n\nwarning: unused variable: `Http11`\n   --> src/version.rs:102:17\n    |\n102 |                 Http11 => \"HTTP/1.1\",\n    |                 ^^^^^^ help: if this is intentional, prefix it with an underscore: `_Http11`\n\nwarning: unused variable: `H2`\n   --> src/version.rs:103:17\n    |\n103 |                 H2 => \"HTTP/2.0\",\n    |                 ^^ help: if this is intentional, prefix it with an underscore: `_H2`\n\nwarning: unused variable: `H3`\n   --> src/version.rs:104:17\n    |\n104 |                 H3 => \"HTTP/3.0\",\n    |                 ^^ help: if this is intentional, prefix it with an underscore: `_H3`\n\nerror[E0507]: cannot move out of `self` which is behind a shared reference\n   --> src/version.rs:99:31\n    |\n99  |             f.write_str(match self.0 {\n    |                               ^^^^^^\n100 |                 Http09 => \"HTTP/0.9\",\n    |                 ------ data moved here\n101 |                 Http10 => \"HTTP/1.0\",\n    |                 ------ ...and here\n102 |                 Http11 => \"HTTP/1.1\",\n    |                 ------ ...and here\n103 |                 H2 => \"HTTP/2.0\",\n    |                 -- ...and here\n104 |                 H3 => \"HTTP/3.0\",\n    |                 -- ...and here\n105 |                 __NonExhaustive => unreachable!(),\n    |                 --------------- ...and here\n    |\n    = note: move occurs because these variables have types that don't implement the `Copy` trait\nhelp: consider borrowing here\n    |\n99  |             f.write_str(match &self.0 {\n    |                               +\n\nSome errors have detailed explanations: E0170, E0432, E0507, E0599.\nFor more information about an error, try `rustc --explain E0170`.\nwarning: `http` (lib test) generated 26 warnings\nerror: could not compile `http` (lib test) due to 9 previous errors; 26 warnings emitted\n"
                }
              ],
              "repaired": [
                false
              ]
            },
            {
              "attrs": [],
              "prefix": [],
              "oracles": [],
              "codes": [
                [
                  "{",
                  "    use std::fmt;",
                  "",
                  "    struct Http(HttpVariant);",
                  "    enum HttpVariant {",
                  "        Http09,",
                  "        Http10,",
                  "        Http11,",
                  "        H2,",
                  "        H3,",
                  "        __NonExhaustive,",
                  "    }",
                  "",
                  "    impl fmt::Display for Http {",
                  "        fn fmt(&self, f: &mut fmt::Formatter<'_>) -> fmt::Result {",
                  "            use self::HttpVariant::*;",
                  "",
                  "            f.write_str(match self.0 {",
                  "                Http09 => \"HTTP/0.9\",",
                  "                Http10 => \"HTTP/1.0\",",
                  "                Http11 => \"HTTP/1.1\",",
                  "                H2 => \"HTTP/2.0\",",
                  "                H3 => \"HTTP/3.0\",",
                  "                __NonExhaustive => unreachable!(),",
                  "            })",
                  "        }",
                  "    }",
                  "",
                  "    let http = Http(HttpVariant::H3);",
                  "    let mut output = String::new();",
                  "    let result = write!(&mut output, \"{}\", http);",
                  "    assert!(result.is_ok());",
                  "    assert_eq!(output, \"HTTP/3.0\");",
                  "}"
                ]
              ],
              "can_compile": [
                {
                  "Err": "   Compiling libc v0.2.172\n   Compiling proc-macro2 v1.0.95\n   Compiling zerocopy v0.8.25\n   Compiling syn v1.0.109\n   Compiling serde v1.0.219\n   Compiling serde_json v1.0.140\n   Compiling doc-comment v0.3.3\n   Compiling quote v1.0.40\n   Compiling getrandom v0.2.16\n   Compiling rand_core v0.6.4\n   Compiling ppv-lite86 v0.2.21\n   Compiling rand_chacha v0.3.1\n   Compiling rand v0.8.5\n   Compiling quickcheck v1.0.3\n   Compiling ntest_timeout v0.9.3\n   Compiling ntest_test_cases v0.9.3\n   Compiling ntest v0.9.3\n   Compiling http v1.3.1 (/home/abezbm/rust-utgen-test-crates-new/http)\nerror[E0432]: unresolved import `self::HttpVariant`\n  --> src/version.rs:97:23\n   |\n97 |             use self::HttpVariant::*;\n   |                       ^^^^^^^^^^^ could not find `HttpVariant` in `self`\n\nwarning: unused import: `self::StandardHeader::Vary`\n    --> src/header/name.rs:1676:9\n     |\n1676 |     use self::StandardHeader::Vary;\n     |         ^^^^^^^^^^^^^^^^^^^^^^^^^^\n     |\n     = note: `#[warn(unused_imports)]` on by default\n\nwarning: unused import: `super::*`\n   --> src/header/value.rs:481:9\n    |\n481 |     use super::*;\n    |         ^^^^^^^^\n\nwarning: unused import: `crate::header::map::HeaderMap`\n   --> src/header/value.rs:482:9\n    |\n482 |     use crate::header::map::HeaderMap;\n    |         ^^^^^^^^^^^^^^^^^^^^^^^^^^^^^\n\nwarning: unused import: `crate::header::name`\n   --> src/header/value.rs:483:9\n    |\n483 |     use crate::header::name;\n    |         ^^^^^^^^^^^^^^^^^^^\n\nwarning: unused import: `super::*`\n   --> src/header/value.rs:568:9\n    |\n568 |     use super::*;\n    |         ^^^^^^^^\n\nwarning: unused import: `crate::header::name`\n   --> src/header/value.rs:569:9\n    |\n569 |     use crate::header::name;\n    |         ^^^^^^^^^^^^^^^^^^^\n\nwarning: unused import: `super::*`\n   --> src/method.rs:424:9\n    |\n424 |     use super::*;\n    |         ^^^^^^^^\n\nwarning: unused import: `super::*`\n    --> src/request.rs:1063:9\n     |\n1063 |     use super::*;\n     |         ^^^^^^^^\n\nwarning: unused import: `super::*`\n   --> src/response.rs:776:9\n    |\n776 |     use super::*;\n    |         ^^^^^^^^\n\nwarning: unused import: `super::*`\n   --> src/uri/authority.rs:533:9\n    |\n533 |     use super::*;\n    |         ^^^^^^^^\n\nwarning: unused import: `super::*`\n   --> src/uri/builder.rs:165:9\n    |\n165 |     use super::*;\n    |         ^^^^^^^^\n\nwarning: unused import: `super::*`\n   --> src/uri/port.rs:115:9\n    |\n115 |     use super::*;\n    |         ^^^^^^^^\n\nwarning: unused import: `super::*`\n  --> src/version.rs:78:8\n   |\n78 |    use super::*;\n   |        ^^^^^^^^\n\nwarning: unused import: `ntest::timeout`\n  --> src/version.rs:79:8\n   |\n79 |    use ntest::timeout;\n   |        ^^^^^^^^^^^^^^\n\nwarning: unused import: `super::*`\n   --> src/error.rs:143:9\n    |\n143 |     use super::*;\n    |         ^^^^^^^^\n\nwarning: unused import: `super::*`\n   --> src/lib.rs:197:9\n    |\n197 |     use super::*;\n    |         ^^^^^^^^\n\nerror[E0599]: cannot write into `&mut String`\n   --> src/version.rs:112:25\n    |\n112 |     let result = write!(&mut output, \"{}\", http);\n    |                         ^^^^^^^^^^^\n    |\nnote: must implement `io::Write`, `fmt::Write`, or have a `write_fmt` method\n   --> src/version.rs:112:25\n    |\n112 |     let result = write!(&mut output, \"{}\", http);\n    |                         ^^^^^^^^^^^\n    = help: items from traits can only be used if the trait is in scope\nhelp: trait `Write` which provides `write_fmt` is implemented but not in scope; perhaps you want to import it\n    |\n78  +    use std::fmt::Write;\n    |\nhelp: there is a method `write_str` with a similar name\n   --> /home/abezbm/.rustup/toolchains/nightly-2024-07-21-x86_64-unknown-linux-gnu/lib/rustlib/src/rust/library/core/src/macros/mod.rs:632:14\n    |\n632 |         $dst.write_str($crate::format_args!($($arg)*))\n    |              ~~~~~~~~~\n\nerror[E0170]: pattern binding `Http09` is named the same as one of the variants of the type `version::llmtests::test_fmt_16::HttpVariant`\n   --> src/version.rs:100:17\n    |\n100 |                 Http09 => \"HTTP/0.9\",\n    |                 ^^^^^^ help: to match on the variant, qualify the path: `version::llmtests::test_fmt_16::HttpVariant::Http09`\n    |\n    = note: `#[deny(bindings_with_variant_name)]` on by default\n\nerror[E0170]: pattern binding `Http10` is named the same as one of the variants of the type `version::llmtests::test_fmt_16::HttpVariant`\n   --> src/version.rs:101:17\n    |\n101 |                 Http10 => \"HTTP/1.0\",\n    |                 ^^^^^^ help: to match on the variant, qualify the path: `version::llmtests::test_fmt_16::HttpVariant::Http10`\n\nerror[E0170]: pattern binding `Http11` is named the same as one of the variants of the type `version::llmtests::test_fmt_16::HttpVariant`\n   --> src/version.rs:102:17\n    |\n102 |                 Http11 => \"HTTP/1.1\",\n    |                 ^^^^^^ help: to match on the variant, qualify the path: `version::llmtests::test_fmt_16::HttpVariant::Http11`\n\nerror[E0170]: pattern binding `H2` is named the same as one of the variants of the type `version::llmtests::test_fmt_16::HttpVariant`\n   --> src/version.rs:103:17\n    |\n103 |                 H2 => \"HTTP/2.0\",\n    |                 ^^ help: to match on the variant, qualify the path: `version::llmtests::test_fmt_16::HttpVariant::H2`\n\nerror[E0170]: pattern binding `H3` is named the same as one of the variants of the type `version::llmtests::test_fmt_16::HttpVariant`\n   --> src/version.rs:104:17\n    |\n104 |                 H3 => \"HTTP/3.0\",\n    |                 ^^ help: to match on the variant, qualify the path: `version::llmtests::test_fmt_16::HttpVariant::H3`\n\nerror[E0170]: pattern binding `__NonExhaustive` is named the same as one of the variants of the type `version::llmtests::test_fmt_16::HttpVariant`\n   --> src/version.rs:105:17\n    |\n105 |                 __NonExhaustive => unreachable!(),\n    |                 ^^^^^^^^^^^^^^^ help: to match on the variant, qualify the path: `version::llmtests::test_fmt_16::HttpVariant::__NonExhaustive`\n\nwarning: unreachable pattern\n   --> src/version.rs:101:17\n    |\n100 |                 Http09 => \"HTTP/0.9\",\n    |                 ------ matches any value\n101 |                 Http10 => \"HTTP/1.0\",\n    |                 ^^^^^^ unreachable pattern\n    |\n    = note: `#[warn(unreachable_patterns)]` on by default\n\nwarning: unreachable pattern\n   --> src/version.rs:102:17\n    |\n100 |                 Http09 => \"HTTP/0.9\",\n    |                 ------ matches any value\n101 |                 Http10 => \"HTTP/1.0\",\n102 |                 Http11 => \"HTTP/1.1\",\n    |                 ^^^^^^ unreachable pattern\n\nwarning: unreachable pattern\n   --> src/version.rs:103:17\n    |\n100 |                 Http09 => \"HTTP/0.9\",\n    |                 ------ matches any value\n...\n103 |                 H2 => \"HTTP/2.0\",\n    |                 ^^ unreachable pattern\n\nwarning: unreachable pattern\n   --> src/version.rs:104:17\n    |\n100 |                 Http09 => \"HTTP/0.9\",\n    |                 ------ matches any value\n...\n104 |                 H3 => \"HTTP/3.0\",\n    |                 ^^ unreachable pattern\n\nwarning: unreachable pattern\n   --> src/version.rs:105:17\n    |\n100 |                 Http09 => \"HTTP/0.9\",\n    |                 ------ matches any value\n...\n105 |                 __NonExhaustive => unreachable!(),\n    |                 ^^^^^^^^^^^^^^^ unreachable pattern\n\nwarning: unused variable: `Http09`\n   --> src/version.rs:100:17\n    |\n100 |                 Http09 => \"HTTP/0.9\",\n    |                 ^^^^^^ help: if this is intentional, prefix it with an underscore: `_Http09`\n    |\n    = note: `#[warn(unused_variables)]` on by default\n\nwarning: unused variable: `Http10`\n   --> src/version.rs:101:17\n    |\n101 |                 Http10 => \"HTTP/1.0\",\n    |                 ^^^^^^ help: if this is intentional, prefix it with an underscore: `_Http10`\n\nwarning: unused variable: `Http11`\n   --> src/version.rs:102:17\n    |\n102 |                 Http11 => \"HTTP/1.1\",\n    |                 ^^^^^^ help: if this is intentional, prefix it with an underscore: `_Http11`\n\nwarning: unused variable: `H2`\n   --> src/version.rs:103:17\n    |\n103 |                 H2 => \"HTTP/2.0\",\n    |                 ^^ help: if this is intentional, prefix it with an underscore: `_H2`\n\nwarning: unused variable: `H3`\n   --> src/version.rs:104:17\n    |\n104 |                 H3 => \"HTTP/3.0\",\n    |                 ^^ help: if this is intentional, prefix it with an underscore: `_H3`\n\nerror[E0507]: cannot move out of `self` which is behind a shared reference\n   --> src/version.rs:99:31\n    |\n99  |             f.write_str(match self.0 {\n    |                               ^^^^^^\n100 |                 Http09 => \"HTTP/0.9\",\n    |                 ------ data moved here\n101 |                 Http10 => \"HTTP/1.0\",\n    |                 ------ ...and here\n102 |                 Http11 => \"HTTP/1.1\",\n    |                 ------ ...and here\n103 |                 H2 => \"HTTP/2.0\",\n    |                 -- ...and here\n104 |                 H3 => \"HTTP/3.0\",\n    |                 -- ...and here\n105 |                 __NonExhaustive => unreachable!(),\n    |                 --------------- ...and here\n    |\n    = note: move occurs because these variables have types that don't implement the `Copy` trait\nhelp: consider borrowing here\n    |\n99  |             f.write_str(match &self.0 {\n    |                               +\n\nSome errors have detailed explanations: E0170, E0432, E0507, E0599.\nFor more information about an error, try `rustc --explain E0170`.\nwarning: `http` (lib test) generated 26 warnings\nerror: could not compile `http` (lib test) due to 9 previous errors; 26 warnings emitted\n"
                }
              ],
              "repaired": [
                false
              ]
            }
          ]
        }
      ]
    }
  ]
}