{
  "name": "http::response::response::Builder::headers_mut",
  "name_with_impl": "http::response::{impl#6}::headers_mut",
  "mod_info": {
    "name": "response",
    "loc": "src/lib.rs:175:1:175:18"
  },
  "visible": true,
  "loc": "src/response.rs:665:5:667:6",
  "fn_tests": [
    {
      "chain_id": 1,
      "prompt_conds": [],
      "input_infer": "",
      "answers": [
        {
          "uses": [
            "use http::header::HeaderValue;",
            "use http::*;",
            "use http::header::HeaderMap;"
          ],
          "has_test_mod": false,
          "common": [],
          "chain_tests": [
            {
              "attrs": [],
              "prefix": [],
              "oracles": [],
              "codes": [
                [
                  "{",
                  "    use http::*;",
                  "    use http::header::{HeaderValue, HeaderMap};",
                  "    ",
                  "    struct Response {",
                  "        inner: Result<ResponseInner, ()>,",
                  "    }",
                  "",
                  "    struct ResponseInner {",
                  "        headers: HeaderMap<HeaderValue>,",
                  "    }",
                  "    ",
                  "    impl Response {",
                  "        fn builder() -> Self {",
                  "            Response {",
                  "                inner: Ok(ResponseInner {",
                  "                    headers: HeaderMap::new(),",
                  "                }),",
                  "            }",
                  "        }",
                  "",
                  "        fn headers_mut(&mut self) -> Option<&mut HeaderMap<HeaderValue>> {",
                  "            self.inner.as_mut().ok().map(|h| &mut h.headers)",
                  "        }",
                  "",
                  "        fn headers_ref(&self) -> Option<&HeaderMap<HeaderValue>> {",
                  "            self.inner.as_ref().ok().map(|h| &h.headers)",
                  "        }",
                  "    }",
                  "",
                  "    let mut res = Response::builder();",
                  "    {",
                  "        let headers = res.headers_mut().unwrap();",
                  "        headers.insert(\"Accept\", HeaderValue::from_static(\"text/html\"));",
                  "        headers.insert(\"X-Custom-Foo\", HeaderValue::from_static(\"bar\"));",
                  "    }",
                  "",
                  "    let headers = res.headers_ref().unwrap();",
                  "    assert_eq!(headers[\"Accept\"], \"text/html\");",
                  "    assert_eq!(headers[\"X-Custom-Foo\"], \"bar\");",
                  "}"
                ]
              ],
              "can_compile": [
                {
                  "Err": "   Compiling libc v0.2.172\n   Compiling proc-macro2 v1.0.95\n   Compiling zerocopy v0.8.25\n   Compiling syn v1.0.109\n   Compiling serde v1.0.219\n   Compiling serde_json v1.0.140\n   Compiling doc-comment v0.3.3\n   Compiling quote v1.0.40\n   Compiling getrandom v0.2.16\n   Compiling rand_core v0.6.4\n   Compiling ppv-lite86 v0.2.21\n   Compiling rand_chacha v0.3.1\n   Compiling rand v0.8.5\n   Compiling quickcheck v1.0.3\n   Compiling ntest_timeout v0.9.3\n   Compiling ntest_test_cases v0.9.3\n   Compiling ntest v0.9.3\n   Compiling http v1.3.1 (/home/abezbm/rust-utgen-test-crates-new/http)\nerror[E0433]: failed to resolve: use of undeclared crate or module `http`\n   --> src/response.rs:796:9\n    |\n796 |     use http::header::{HeaderValue, HeaderMap};\n    |         ^^^^ use of undeclared crate or module `http`\n\nerror[E0432]: unresolved import `http`\n   --> src/response.rs:795:9\n    |\n795 |     use http::*;\n    |         ^^^^ use of undeclared crate or module `http`\n\nwarning: unused import: `self::StandardHeader::Vary`\n    --> src/header/name.rs:1676:9\n     |\n1676 |     use self::StandardHeader::Vary;\n     |         ^^^^^^^^^^^^^^^^^^^^^^^^^^\n     |\n     = note: `#[warn(unused_imports)]` on by default\n\nwarning: unused import: `super::*`\n   --> src/header/value.rs:481:9\n    |\n481 |     use super::*;\n    |         ^^^^^^^^\n\nwarning: unused import: `crate::header::map::HeaderMap`\n   --> src/header/value.rs:482:9\n    |\n482 |     use crate::header::map::HeaderMap;\n    |         ^^^^^^^^^^^^^^^^^^^^^^^^^^^^^\n\nwarning: unused import: `crate::header::name`\n   --> src/header/value.rs:483:9\n    |\n483 |     use crate::header::name;\n    |         ^^^^^^^^^^^^^^^^^^^\n\nwarning: unused import: `super::*`\n   --> src/header/value.rs:568:9\n    |\n568 |     use super::*;\n    |         ^^^^^^^^\n\nwarning: unused import: `crate::header::name`\n   --> src/header/value.rs:569:9\n    |\n569 |     use crate::header::name;\n    |         ^^^^^^^^^^^^^^^^^^^\n\nwarning: unused import: `super::*`\n   --> src/method.rs:424:9\n    |\n424 |     use super::*;\n    |         ^^^^^^^^\n\nwarning: unused import: `super::*`\n    --> src/request.rs:1063:9\n     |\n1063 |     use super::*;\n     |         ^^^^^^^^\n\nwarning: unused import: `super::*`\n   --> src/response.rs:776:9\n    |\n776 |     use super::*;\n    |         ^^^^^^^^\n\nwarning: unused import: `ntest::timeout`\n   --> src/response.rs:791:8\n    |\n791 |    use ntest::timeout;\n    |        ^^^^^^^^^^^^^^\n\nwarning: unused import: `super::*`\n   --> src/uri/authority.rs:533:9\n    |\n533 |     use super::*;\n    |         ^^^^^^^^\n\nwarning: unused import: `super::*`\n   --> src/uri/builder.rs:165:9\n    |\n165 |     use super::*;\n    |         ^^^^^^^^\n\nwarning: unused import: `super::*`\n   --> src/uri/port.rs:115:9\n    |\n115 |     use super::*;\n    |         ^^^^^^^^\n\nwarning: unused import: `super::*`\n   --> src/error.rs:143:9\n    |\n143 |     use super::*;\n    |         ^^^^^^^^\n\nwarning: unused import: `super::*`\n   --> src/lib.rs:197:9\n    |\n197 |     use super::*;\n    |         ^^^^^^^^\n\nerror[E0107]: type alias takes 1 generic argument but 2 generic arguments were supplied\n   --> src/response.rs:799:16\n    |\n799 |         inner: Result<ResponseInner, ()>,\n    |                ^^^^^^                -- help: remove this generic argument\n    |                |\n    |                expected 1 generic argument\n    |\nnote: type alias defined here, with 1 generic parameter: `T`\n   --> src/error.rs:22:10\n    |\n22  | pub type Result<T> = result::Result<T, Error>;\n    |          ^^^^^^ -\n\nSome errors have detailed explanations: E0107, E0432, E0433.\nFor more information about an error, try `rustc --explain E0107`.\nwarning: `http` (lib test) generated 15 warnings\nerror: could not compile `http` (lib test) due to 3 previous errors; 15 warnings emitted\n"
                }
              ],
              "repaired": [
                false
              ]
            },
            {
              "attrs": [],
              "prefix": [],
              "oracles": [],
              "codes": [
                [
                  "{",
                  "    use http::*;",
                  "    ",
                  "    struct Response {",
                  "        inner: Result<ResponseInner, ()>,",
                  "    }",
                  "",
                  "    struct ResponseInner {",
                  "        headers: HeaderMap<HeaderValue>,",
                  "    }",
                  "",
                  "    impl Response {",
                  "        fn builder() -> Self {",
                  "            Response {",
                  "                inner: Err(()),",
                  "            }",
                  "        }",
                  "",
                  "        fn headers_mut(&mut self) -> Option<&mut HeaderMap<HeaderValue>> {",
                  "            self.inner.as_mut().ok().map(|h| &mut h.headers)",
                  "        }",
                  "    }",
                  "",
                  "    let mut res = Response::builder();",
                  "    let headers_mut = res.headers_mut();",
                  "",
                  "    assert!(headers_mut.is_none());",
                  "}"
                ]
              ],
              "can_compile": [
                {
                  "Err": "   Compiling proc-macro2 v1.0.95\n   Compiling libc v0.2.172\n   Compiling zerocopy v0.8.25\n   Compiling syn v1.0.109\n   Compiling serde v1.0.219\n   Compiling serde_json v1.0.140\n   Compiling doc-comment v0.3.3\n   Compiling quote v1.0.40\n   Compiling getrandom v0.2.16\n   Compiling rand_core v0.6.4\n   Compiling ppv-lite86 v0.2.21\n   Compiling rand_chacha v0.3.1\n   Compiling rand v0.8.5\n   Compiling quickcheck v1.0.3\n   Compiling ntest_test_cases v0.9.3\n   Compiling ntest_timeout v0.9.3\n   Compiling ntest v0.9.3\n   Compiling http v1.3.1 (/home/abezbm/rust-utgen-test-crates-new/http)\nerror[E0432]: unresolved import `http`\n   --> src/response.rs:795:9\n    |\n795 |     use http::*;\n    |         ^^^^ use of undeclared crate or module `http`\n\nwarning: unused import: `self::StandardHeader::Vary`\n    --> src/header/name.rs:1676:9\n     |\n1676 |     use self::StandardHeader::Vary;\n     |         ^^^^^^^^^^^^^^^^^^^^^^^^^^\n     |\n     = note: `#[warn(unused_imports)]` on by default\n\nwarning: unused import: `super::*`\n   --> src/header/value.rs:481:9\n    |\n481 |     use super::*;\n    |         ^^^^^^^^\n\nwarning: unused import: `crate::header::map::HeaderMap`\n   --> src/header/value.rs:482:9\n    |\n482 |     use crate::header::map::HeaderMap;\n    |         ^^^^^^^^^^^^^^^^^^^^^^^^^^^^^\n\nwarning: unused import: `crate::header::name`\n   --> src/header/value.rs:483:9\n    |\n483 |     use crate::header::name;\n    |         ^^^^^^^^^^^^^^^^^^^\n\nwarning: unused import: `super::*`\n   --> src/header/value.rs:568:9\n    |\n568 |     use super::*;\n    |         ^^^^^^^^\n\nwarning: unused import: `crate::header::name`\n   --> src/header/value.rs:569:9\n    |\n569 |     use crate::header::name;\n    |         ^^^^^^^^^^^^^^^^^^^\n\nwarning: unused import: `super::*`\n   --> src/method.rs:424:9\n    |\n424 |     use super::*;\n    |         ^^^^^^^^\n\nwarning: unused import: `super::*`\n    --> src/request.rs:1063:9\n     |\n1063 |     use super::*;\n     |         ^^^^^^^^\n\nwarning: unused import: `super::*`\n   --> src/response.rs:776:9\n    |\n776 |     use super::*;\n    |         ^^^^^^^^\n\nwarning: unused import: `ntest::timeout`\n   --> src/response.rs:791:8\n    |\n791 |    use ntest::timeout;\n    |        ^^^^^^^^^^^^^^\n\nwarning: unused import: `super::*`\n   --> src/uri/authority.rs:533:9\n    |\n533 |     use super::*;\n    |         ^^^^^^^^\n\nwarning: unused import: `super::*`\n   --> src/uri/builder.rs:165:9\n    |\n165 |     use super::*;\n    |         ^^^^^^^^\n\nwarning: unused import: `super::*`\n   --> src/uri/port.rs:115:9\n    |\n115 |     use super::*;\n    |         ^^^^^^^^\n\nwarning: unused import: `super::*`\n   --> src/error.rs:143:9\n    |\n143 |     use super::*;\n    |         ^^^^^^^^\n\nwarning: unused import: `super::*`\n   --> src/lib.rs:197:9\n    |\n197 |     use super::*;\n    |         ^^^^^^^^\n\nerror[E0107]: type alias takes 1 generic argument but 2 generic arguments were supplied\n   --> src/response.rs:798:16\n    |\n798 |         inner: Result<ResponseInner, ()>,\n    |                ^^^^^^                -- help: remove this generic argument\n    |                |\n    |                expected 1 generic argument\n    |\nnote: type alias defined here, with 1 generic parameter: `T`\n   --> src/error.rs:22:10\n    |\n22  | pub type Result<T> = result::Result<T, Error>;\n    |          ^^^^^^ -\n\nSome errors have detailed explanations: E0107, E0432.\nFor more information about an error, try `rustc --explain E0107`.\nwarning: `http` (lib test) generated 15 warnings\nerror: could not compile `http` (lib test) due to 2 previous errors; 15 warnings emitted\n"
                }
              ],
              "repaired": [
                false
              ]
            }
          ]
        }
      ]
    }
  ]
}