{
  "name": "bytes::bytes::bytes::Bytes::try_into_mut",
  "name_with_impl": "bytes::bytes::{impl#0}::try_into_mut",
  "mod_info": {
    "name": "bytes",
    "loc": "src/lib.rs:82:1:82:11"
  },
  "visible": true,
  "loc": "src/bytes.rs:641:5:647:6",
  "fn_tests": [
    {
      "chain_id": 0,
      "prompt_conds": [],
      "input_infer": "",
      "answers": [
        {
          "uses": [],
          "has_test_mod": false,
          "common": [],
          "chain_tests": [
            {
              "attrs": [],
              "prefix": [],
              "oracles": [],
              "codes": [
                [
                  "{",
                  "    struct Bytes {",
                  "        unique: bool,",
                  "        data: Vec<u8>,",
                  "    }",
                  "",
                  "    impl Bytes {",
                  "        fn from(data: Vec<u8>) -> Self {",
                  "            Bytes { unique: true, data }",
                  "        }",
                  "",
                  "        fn is_unique(&self) -> bool {",
                  "            self.unique",
                  "        }",
                  "",
                  "        fn into(self) -> BytesMut {",
                  "            BytesMut::from(self.data)",
                  "        }",
                  "",
                  "        fn try_into_mut(self) -> Result<BytesMut, Bytes> {",
                  "            if self.is_unique() {",
                  "                Ok(self.into())",
                  "            } else {",
                  "                Err(self)",
                  "            }",
                  "        }",
                  "    }",
                  "",
                  "    struct BytesMut {",
                  "        data: Vec<u8>,",
                  "    }",
                  "",
                  "    impl From<Vec<u8>> for BytesMut {",
                  "        fn from(vec: Vec<u8>) -> Self {",
                  "            BytesMut { data: vec }",
                  "        }",
                  "    }",
                  "",
                  "    let bytes = Bytes::from(b\"hello\".to_vec());",
                  "    assert_eq!(bytes.try_into_mut(), Ok(BytesMut::from(b\"hello\".to_vec())));",
                  "}"
                ]
              ],
              "can_compile": [
                {
                  "Err": "   Compiling proc-macro2 v1.0.95\n   Compiling syn v1.0.109\n   Compiling serde v1.0.219\n   Compiling quote v1.0.40\n   Compiling serde_test v1.0.177\n   Compiling ntest_timeout v0.9.3\n   Compiling ntest_test_cases v0.9.3\n   Compiling ntest v0.9.3\n   Compiling bytes v1.10.1 (/home/abezbm/rust-utgen-test-crates-new/bytes)\nwarning: unused import: `ntest::timeout`\n    --> src/bytes.rs:1684:8\n     |\n1684 |    use ntest::timeout;\n     |        ^^^^^^^^^^^^^^\n     |\n     = note: `#[warn(unused_imports)]` on by default\n\nwarning: unused import: `super::*`\n    --> src/bytes_mut.rs:1500:9\n     |\n1500 |     use super::*;\n     |         ^^^^^^^^\n\nerror[E0369]: binary operation `==` cannot be applied to type `Result<llmtests::test_try_into_mut_00::BytesMut, llmtests::test_try_into_mut_00::Bytes>`\n    --> src/bytes.rs:1726:5\n     |\n1726 |     assert_eq!(bytes.try_into_mut(), Ok(BytesMut::from(b\"hello\".to_vec())));\n     |     ^^^^^^^^^^^^^^^^^^^^^^^^^^^^^^^^^^^^^^^^^^^^^^^^^^^^^^^^^^^^^^^^^^^^^^^\n     |     |\n     |     Result<llmtests::test_try_into_mut_00::BytesMut, llmtests::test_try_into_mut_00::Bytes>\n     |     Result<llmtests::test_try_into_mut_00::BytesMut, llmtests::test_try_into_mut_00::Bytes>\n     |\nnote: the following types would have to `impl` their required traits for this operation to be valid\n    --> src/bytes.rs:1688:5\n     |\n1688 |     struct Bytes {\n     |     ^^^^^^^^^^^^ must implement `PartialEq`\n...\n1715 |     struct BytesMut {\n     |     ^^^^^^^^^^^^^^^ must implement `PartialEq`\n     = note: this error originates in the macro `assert_eq` (in Nightly builds, run with -Z macro-backtrace for more info)\nhelp: consider annotating `llmtests::test_try_into_mut_00::Bytes` with `#[derive(PartialEq)]`\n     |\n1688 +     #[derive(PartialEq)]\n1689 |     struct Bytes {\n     |\nhelp: consider annotating `llmtests::test_try_into_mut_00::BytesMut` with `#[derive(PartialEq)]`\n     |\n1715 +     #[derive(PartialEq)]\n1716 |     struct BytesMut {\n     |\n\nerror[E0277]: `llmtests::test_try_into_mut_00::BytesMut` doesn't implement `Debug`\n    --> src/bytes.rs:1726:5\n     |\n1726 |     assert_eq!(bytes.try_into_mut(), Ok(BytesMut::from(b\"hello\".to_vec())));\n     |     ^^^^^^^^^^^^^^^^^^^^^^^^^^^^^^^^^^^^^^^^^^^^^^^^^^^^^^^^^^^^^^^^^^^^^^^ `llmtests::test_try_into_mut_00::BytesMut` cannot be formatted using `{:?}`\n     |\n     = help: the trait `Debug` is not implemented for `llmtests::test_try_into_mut_00::BytesMut`, which is required by `Result<llmtests::test_try_into_mut_00::BytesMut, llmtests::test_try_into_mut_00::Bytes>: Debug`\n     = note: add `#[derive(Debug)]` to `llmtests::test_try_into_mut_00::BytesMut` or manually `impl Debug for llmtests::test_try_into_mut_00::BytesMut`\n     = help: the trait `Debug` is implemented for `Result<T, E>`\n     = note: this error originates in the macro `assert_eq` (in Nightly builds, run with -Z macro-backtrace for more info)\nhelp: consider annotating `llmtests::test_try_into_mut_00::BytesMut` with `#[derive(Debug)]`\n     |\n1715 +     #[derive(Debug)]\n1716 |     struct BytesMut {\n     |\n\nerror[E0277]: `llmtests::test_try_into_mut_00::Bytes` doesn't implement `Debug`\n    --> src/bytes.rs:1726:5\n     |\n1726 |     assert_eq!(bytes.try_into_mut(), Ok(BytesMut::from(b\"hello\".to_vec())));\n     |     ^^^^^^^^^^^^^^^^^^^^^^^^^^^^^^^^^^^^^^^^^^^^^^^^^^^^^^^^^^^^^^^^^^^^^^^ `llmtests::test_try_into_mut_00::Bytes` cannot be formatted using `{:?}`\n     |\n     = help: the trait `Debug` is not implemented for `llmtests::test_try_into_mut_00::Bytes`, which is required by `Result<llmtests::test_try_into_mut_00::BytesMut, llmtests::test_try_into_mut_00::Bytes>: Debug`\n     = note: add `#[derive(Debug)]` to `llmtests::test_try_into_mut_00::Bytes` or manually `impl Debug for llmtests::test_try_into_mut_00::Bytes`\n     = help: the trait `Debug` is implemented for `Result<T, E>`\n     = note: this error originates in the macro `assert_eq` (in Nightly builds, run with -Z macro-backtrace for more info)\nhelp: consider annotating `llmtests::test_try_into_mut_00::Bytes` with `#[derive(Debug)]`\n     |\n1688 +     #[derive(Debug)]\n1689 |     struct Bytes {\n     |\n\nSome errors have detailed explanations: E0277, E0369.\nFor more information about an error, try `rustc --explain E0277`.\nwarning: `bytes` (lib test) generated 2 warnings\nerror: could not compile `bytes` (lib test) due to 5 previous errors; 2 warnings emitted\n"
                }
              ],
              "repaired": [
                false
              ]
            },
            {
              "attrs": [],
              "prefix": [],
              "oracles": [],
              "codes": [
                [
                  "{",
                  "    struct Bytes {",
                  "        unique: bool,",
                  "        data: Vec<u8>,",
                  "    }",
                  "",
                  "    impl Bytes {",
                  "        fn from(data: Vec<u8>, unique: bool) -> Self {",
                  "            Bytes { unique, data }",
                  "        }",
                  "",
                  "        fn is_unique(&self) -> bool {",
                  "            self.unique",
                  "        }",
                  "",
                  "        fn into(self) -> BytesMut {",
                  "            BytesMut::from(self.data)",
                  "        }",
                  "",
                  "        fn try_into_mut(self) -> Result<BytesMut, Bytes> {",
                  "            if self.is_unique() {",
                  "                Ok(self.into())",
                  "            } else {",
                  "                Err(self)",
                  "            }",
                  "        }",
                  "    }",
                  "",
                  "    struct BytesMut {",
                  "        data: Vec<u8>,",
                  "    }",
                  "",
                  "    impl From<Vec<u8>> for BytesMut {",
                  "        fn from(vec: Vec<u8>) -> Self {",
                  "            BytesMut { data: vec }",
                  "        }",
                  "    }",
                  "",
                  "    let bytes = Bytes::from(b\"hello\".to_vec(), false);",
                  "    assert_eq!(bytes.try_into_mut(), Err(bytes));",
                  "}"
                ]
              ],
              "can_compile": [
                {
                  "Err": "   Compiling proc-macro2 v1.0.95\n   Compiling syn v1.0.109\n   Compiling serde v1.0.219\n   Compiling quote v1.0.40\n   Compiling serde_test v1.0.177\n   Compiling ntest_test_cases v0.9.3\n   Compiling ntest_timeout v0.9.3\n   Compiling ntest v0.9.3\n   Compiling bytes v1.10.1 (/home/abezbm/rust-utgen-test-crates-new/bytes)\nwarning: unused import: `ntest::timeout`\n    --> src/bytes.rs:1684:8\n     |\n1684 |    use ntest::timeout;\n     |        ^^^^^^^^^^^^^^\n     |\n     = note: `#[warn(unused_imports)]` on by default\n\nwarning: unused import: `super::*`\n    --> src/bytes_mut.rs:1500:9\n     |\n1500 |     use super::*;\n     |         ^^^^^^^^\n\nerror[E0369]: binary operation `==` cannot be applied to type `Result<llmtests::test_try_into_mut_01::BytesMut, llmtests::test_try_into_mut_01::Bytes>`\n    --> src/bytes.rs:1726:5\n     |\n1726 |     assert_eq!(bytes.try_into_mut(), Err(bytes));\n     |     ^^^^^^^^^^^^^^^^^^^^^^^^^^^^^^^^^^^^^^^^^^^^\n     |     |\n     |     Result<llmtests::test_try_into_mut_01::BytesMut, llmtests::test_try_into_mut_01::Bytes>\n     |     Result<llmtests::test_try_into_mut_01::BytesMut, llmtests::test_try_into_mut_01::Bytes>\n     |\nnote: the following types would have to `impl` their required traits for this operation to be valid\n    --> src/bytes.rs:1688:5\n     |\n1688 |     struct Bytes {\n     |     ^^^^^^^^^^^^ must implement `PartialEq`\n...\n1715 |     struct BytesMut {\n     |     ^^^^^^^^^^^^^^^ must implement `PartialEq`\n     = note: this error originates in the macro `assert_eq` (in Nightly builds, run with -Z macro-backtrace for more info)\nhelp: consider annotating `llmtests::test_try_into_mut_01::Bytes` with `#[derive(PartialEq)]`\n     |\n1688 +     #[derive(PartialEq)]\n1689 |     struct Bytes {\n     |\nhelp: consider annotating `llmtests::test_try_into_mut_01::BytesMut` with `#[derive(PartialEq)]`\n     |\n1715 +     #[derive(PartialEq)]\n1716 |     struct BytesMut {\n     |\n\nerror[E0277]: `llmtests::test_try_into_mut_01::BytesMut` doesn't implement `Debug`\n    --> src/bytes.rs:1726:5\n     |\n1726 |     assert_eq!(bytes.try_into_mut(), Err(bytes));\n     |     ^^^^^^^^^^^^^^^^^^^^^^^^^^^^^^^^^^^^^^^^^^^^ `llmtests::test_try_into_mut_01::BytesMut` cannot be formatted using `{:?}`\n     |\n     = help: the trait `Debug` is not implemented for `llmtests::test_try_into_mut_01::BytesMut`, which is required by `Result<llmtests::test_try_into_mut_01::BytesMut, llmtests::test_try_into_mut_01::Bytes>: Debug`\n     = note: add `#[derive(Debug)]` to `llmtests::test_try_into_mut_01::BytesMut` or manually `impl Debug for llmtests::test_try_into_mut_01::BytesMut`\n     = help: the trait `Debug` is implemented for `Result<T, E>`\n     = note: this error originates in the macro `assert_eq` (in Nightly builds, run with -Z macro-backtrace for more info)\nhelp: consider annotating `llmtests::test_try_into_mut_01::BytesMut` with `#[derive(Debug)]`\n     |\n1715 +     #[derive(Debug)]\n1716 |     struct BytesMut {\n     |\n\nerror[E0277]: `llmtests::test_try_into_mut_01::Bytes` doesn't implement `Debug`\n    --> src/bytes.rs:1726:5\n     |\n1726 |     assert_eq!(bytes.try_into_mut(), Err(bytes));\n     |     ^^^^^^^^^^^^^^^^^^^^^^^^^^^^^^^^^^^^^^^^^^^^ `llmtests::test_try_into_mut_01::Bytes` cannot be formatted using `{:?}`\n     |\n     = help: the trait `Debug` is not implemented for `llmtests::test_try_into_mut_01::Bytes`, which is required by `Result<llmtests::test_try_into_mut_01::BytesMut, llmtests::test_try_into_mut_01::Bytes>: Debug`\n     = note: add `#[derive(Debug)]` to `llmtests::test_try_into_mut_01::Bytes` or manually `impl Debug for llmtests::test_try_into_mut_01::Bytes`\n     = help: the trait `Debug` is implemented for `Result<T, E>`\n     = note: this error originates in the macro `assert_eq` (in Nightly builds, run with -Z macro-backtrace for more info)\nhelp: consider annotating `llmtests::test_try_into_mut_01::Bytes` with `#[derive(Debug)]`\n     |\n1688 +     #[derive(Debug)]\n1689 |     struct Bytes {\n     |\n\nSome errors have detailed explanations: E0277, E0369.\nFor more information about an error, try `rustc --explain E0277`.\nwarning: `bytes` (lib test) generated 2 warnings\nerror: could not compile `bytes` (lib test) due to 5 previous errors; 2 warnings emitted\n"
                }
              ],
              "repaired": [
                false
              ]
            }
          ]
        }
      ]
    }
  ]
}