{
  "name": "bytes::<TryGetError as core::fmt::Display>::fmt",
  "name_with_impl": "bytes::{impl#0}::fmt",
  "mod_info": {
    "name": "",
    "loc": "src/lib.rs:1:1:199:2"
  },
  "visible": true,
  "loc": "src/lib.rs:149:5:156:6",
  "fn_tests": [
    {
      "chain_id": 0,
      "prompt_conds": [],
      "input_infer": "",
      "answers": [
        {
          "uses": [],
          "has_test_mod": false,
          "common": [],
          "chain_tests": [
            {
              "attrs": [],
              "prefix": [],
              "oracles": [],
              "codes": [
                [
                  "{",
                  "    struct Buffer {",
                  "        requested: usize,",
                  "        available: usize,",
                  "    }",
                  "",
                  "    impl core::fmt::Debug for Buffer {",
                  "        fn fmt(&self, f: &mut core::fmt::Formatter<'_>) -> Result<(), core::fmt::Error> {",
                  "            write!(",
                  "                f,",
                  "                \"Not enough bytes remaining in buffer to read value (requested {} but only {} available)\",",
                  "                self.requested,",
                  "                self.available",
                  "            )",
                  "        }",
                  "    }",
                  "",
                  "    let buffer = Buffer {",
                  "        requested: 10,",
                  "        available: 20,",
                  "    };",
                  "    ",
                  "    let mut output = String::new();",
                  "    let result = format_args!(\"{:?}\", buffer);",
                  "    write!(&mut output, \"{}\", result).unwrap();",
                  "",
                  "    assert_eq!(",
                  "        output,",
                  "        \"Not enough bytes remaining in buffer to read value (requested 10 but only 20 available)\"",
                  "    );",
                  "}"
                ]
              ],
              "can_compile": [
                {
                  "Err": "   Compiling proc-macro2 v1.0.95\n   Compiling syn v1.0.109\n   Compiling serde v1.0.219\n   Compiling quote v1.0.40\n   Compiling serde_test v1.0.177\n   Compiling ntest_timeout v0.9.3\n   Compiling ntest_test_cases v0.9.3\n   Compiling ntest v0.9.3\n   Compiling bytes v1.10.1 (/home/abezbm/rust-utgen-test-crates-new/bytes)\nwarning: unused import: `super::*`\n    --> src/bytes_mut.rs:1500:9\n     |\n1500 |     use super::*;\n     |         ^^^^^^^^\n     |\n     = note: `#[warn(unused_imports)]` on by default\n\nwarning: unused import: `super::*`\n   --> src/lib.rs:203:8\n    |\n203 |    use super::*;\n    |        ^^^^^^^^\n\nwarning: unused import: `ntest::timeout`\n   --> src/lib.rs:204:8\n    |\n204 |    use ntest::timeout;\n    |        ^^^^^^^^^^^^^^\n\nerror[E0599]: cannot write into `&mut String`\n   --> src/lib.rs:231:12\n    |\n231 |     write!(&mut output, \"{}\", result).unwrap();\n    |            ^^^^^^^^^^^\n    |\nnote: must implement `io::Write`, `fmt::Write`, or have a `write_fmt` method\n   --> src/lib.rs:231:12\n    |\n231 |     write!(&mut output, \"{}\", result).unwrap();\n    |            ^^^^^^^^^^^\n    = help: items from traits can only be used if the trait is in scope\nhelp: trait `Write` which provides `write_fmt` is implemented but not in scope; perhaps you want to import it\n    |\n203 +    use std::fmt::Write;\n    |\nhelp: there is a method `write_str` with a similar name\n   --> /home/abezbm/.rustup/toolchains/nightly-2024-07-21-x86_64-unknown-linux-gnu/lib/rustlib/src/rust/library/core/src/macros/mod.rs:632:14\n    |\n632 |         $dst.write_str($crate::format_args!($($arg)*))\n    |              ~~~~~~~~~\n\nFor more information about this error, try `rustc --explain E0599`.\nwarning: `bytes` (lib test) generated 3 warnings\nerror: could not compile `bytes` (lib test) due to 1 previous error; 3 warnings emitted\n"
                }
              ],
              "repaired": [
                false
              ]
            },
            {
              "attrs": [],
              "prefix": [],
              "oracles": [],
              "codes": [
                [
                  "{",
                  "    struct Buffer {",
                  "        requested: usize,",
                  "        available: usize,",
                  "    }",
                  "",
                  "    impl core::fmt::Debug for Buffer {",
                  "        fn fmt(&self, f: &mut core::fmt::Formatter<'_>) -> Result<(), core::fmt::Error> {",
                  "            write!(",
                  "                f,",
                  "                \"Not enough bytes remaining in buffer to read value (requested {} but only {} available)\",",
                  "                self.requested,",
                  "                self.available",
                  "            )",
                  "        }",
                  "    }",
                  "",
                  "    let buffer = Buffer {",
                  "        requested: 20,",
                  "        available: 10,",
                  "    };",
                  "    ",
                  "    let mut output = String::new();",
                  "    let result = format_args!(\"{:?}\", buffer);",
                  "    write!(&mut output, \"{}\", result).unwrap();",
                  "",
                  "    assert_eq!(",
                  "        output,",
                  "        \"Not enough bytes remaining in buffer to read value (requested 20 but only 10 available)\"",
                  "    );",
                  "}"
                ]
              ],
              "can_compile": [
                {
                  "Err": "   Compiling proc-macro2 v1.0.95\n   Compiling syn v1.0.109\n   Compiling serde v1.0.219\n   Compiling quote v1.0.40\n   Compiling serde_test v1.0.177\n   Compiling ntest_test_cases v0.9.3\n   Compiling ntest_timeout v0.9.3\n   Compiling ntest v0.9.3\n   Compiling bytes v1.10.1 (/home/abezbm/rust-utgen-test-crates-new/bytes)\nwarning: unused import: `super::*`\n    --> src/bytes_mut.rs:1500:9\n     |\n1500 |     use super::*;\n     |         ^^^^^^^^\n     |\n     = note: `#[warn(unused_imports)]` on by default\n\nwarning: unused import: `super::*`\n   --> src/lib.rs:203:8\n    |\n203 |    use super::*;\n    |        ^^^^^^^^\n\nwarning: unused import: `ntest::timeout`\n   --> src/lib.rs:204:8\n    |\n204 |    use ntest::timeout;\n    |        ^^^^^^^^^^^^^^\n\nerror[E0599]: cannot write into `&mut String`\n   --> src/lib.rs:231:12\n    |\n231 |     write!(&mut output, \"{}\", result).unwrap();\n    |            ^^^^^^^^^^^\n    |\nnote: must implement `io::Write`, `fmt::Write`, or have a `write_fmt` method\n   --> src/lib.rs:231:12\n    |\n231 |     write!(&mut output, \"{}\", result).unwrap();\n    |            ^^^^^^^^^^^\n    = help: items from traits can only be used if the trait is in scope\nhelp: trait `Write` which provides `write_fmt` is implemented but not in scope; perhaps you want to import it\n    |\n203 +    use std::fmt::Write;\n    |\nhelp: there is a method `write_str` with a similar name\n   --> /home/abezbm/.rustup/toolchains/nightly-2024-07-21-x86_64-unknown-linux-gnu/lib/rustlib/src/rust/library/core/src/macros/mod.rs:632:14\n    |\n632 |         $dst.write_str($crate::format_args!($($arg)*))\n    |              ~~~~~~~~~\n\nFor more information about this error, try `rustc --explain E0599`.\nwarning: `bytes` (lib test) generated 3 warnings\nerror: could not compile `bytes` (lib test) due to 1 previous error; 3 warnings emitted\n"
                }
              ],
              "repaired": [
                false
              ]
            }
          ]
        }
      ]
    }
  ]
}