{
  "name": "serde_json::value::ser::<value::ser::SerializeVec as serde::ser::SerializeTuple>::serialize_element",
  "name_with_impl": "serde_json::value::ser::{impl#3}::serialize_element",
  "mod_info": {
    "name": "value::ser",
    "loc": "src/value/mod.rs:931:1:931:9"
  },
  "visible": true,
  "loc": "src/value/ser.rs:348:5:353:6",
  "fn_tests": [
    {
      "chain_id": 0,
      "prompt_conds": [],
      "input_infer": "",
      "answers": [
        {
          "uses": [],
          "has_test_mod": false,
          "common": [],
          "chain_tests": [
            {
              "attrs": [],
              "prefix": [],
              "oracles": [],
              "codes": [
                [
                  "{",
                  "    struct DummySerializeSeq {",
                  "        vec: Vec<Value>,",
                  "    }",
                  "",
                  "    impl serde::ser::SerializeSeq for DummySerializeSeq {",
                  "        type Ok = Value;",
                  "        type Error = Error;",
                  "",
                  "        fn serialize_element<T>(&mut self, value: &T) -> Result<()>",
                  "        where",
                  "            T: ?Sized + Serialize,",
                  "        {",
                  "            self.vec.push(to_value(value)?);",
                  "            Ok(())",
                  "        }",
                  "",
                  "        fn end(self) -> Result<Value> {",
                  "            Ok(Value::Array(self.vec))",
                  "        }",
                  "    }",
                  "",
                  "    let mut serialize_vec = SerializeVec { vec: Vec::new() };",
                  "    let value = &true;",
                  "",
                  "    let result = serialize_vec.serialize_element(value);",
                  "    assert!(result.is_ok());",
                  "    if let Ok(Value::Array(arr)) = serialize_vec.serialize_element(value) {",
                  "        assert_eq!(arr.len(), 1);",
                  "        assert_eq!(arr[0], Value::Bool(true));",
                  "    }",
                  "}"
                ]
              ],
              "can_compile": [
                {
                  "Err": "   Compiling proc-macro2 v1.0.95\n   Compiling serde v1.0.219\n   Compiling syn v1.0.109\n   Compiling libc v0.2.172\n   Compiling serde_json v1.0.140\n   Compiling target-triple v0.1.4\n   Compiling rustversion v1.0.20\n   Compiling ref-cast v1.0.24\n   Compiling serde_json v1.0.140 (/home/abezbm/rust-utgen-test-crates-new/json)\n   Compiling psm v0.1.26\n   Compiling stacker v0.1.21\n   Compiling quote v1.0.40\n   Compiling syn v2.0.101\n   Compiling serde_derive v1.0.219\n   Compiling ref-cast-impl v1.0.24\n   Compiling automod v1.0.15\n   Compiling ntest_test_cases v0.9.3\n   Compiling ntest_timeout v0.9.3\n   Compiling ntest v0.9.3\n   Compiling toml_datetime v0.6.9\n   Compiling serde_spanned v0.6.8\n   Compiling serde_stacker v0.1.12\n   Compiling serde_bytes v0.11.17\n   Compiling toml_edit v0.22.25\n   Compiling toml v0.8.21\n   Compiling trybuild v1.0.104\nwarning: unused import: `ntest::timeout`\n    --> src/value/ser.rs:1067:8\n     |\n1067 |    use ntest::timeout;\n     |        ^^^^^^^^^^^^^^\n     |\n     = note: `#[warn(unused_imports)]` on by default\n\nerror[E0599]: no method named `serialize_element` found for struct `value::ser::SerializeVec` in the current scope\n    --> src/value/ser.rs:1095:32\n     |\n302  | pub struct SerializeVec {\n     | ----------------------- method `serialize_element` not found for this struct\n...\n1095 |     let result = serialize_vec.serialize_element(value);\n     |                                ^^^^^^^^^^^^^^^^^\n     |\n     = help: items from traits can only be used if the trait is in scope\nhelp: the following traits which provide `serialize_element` are implemented but not in scope; perhaps you want to import one of them\n     |\n1066 +    use serde::ser::SerializeSeq;\n     |\n1066 +    use serde::ser::SerializeTuple;\n     |\nhelp: there is a method `serialize_field` with a similar name\n     |\n1095 |     let result = serialize_vec.serialize_field(value);\n     |                                ~~~~~~~~~~~~~~~\n\nerror[E0599]: no method named `serialize_element` found for struct `value::ser::SerializeVec` in the current scope\n    --> src/value/ser.rs:1097:50\n     |\n302  | pub struct SerializeVec {\n     | ----------------------- method `serialize_element` not found for this struct\n...\n1097 |     if let Ok(Value::Array(arr)) = serialize_vec.serialize_element(value) {\n     |                                                  ^^^^^^^^^^^^^^^^^\n     |\n     = help: items from traits can only be used if the trait is in scope\nhelp: the following traits which provide `serialize_element` are implemented but not in scope; perhaps you want to import one of them\n     |\n1066 +    use serde::ser::SerializeSeq;\n     |\n1066 +    use serde::ser::SerializeTuple;\n     |\nhelp: there is a method `serialize_field` with a similar name\n     |\n1097 |     if let Ok(Value::Array(arr)) = serialize_vec.serialize_field(value) {\n     |                                                  ~~~~~~~~~~~~~~~\n\nFor more information about this error, try `rustc --explain E0599`.\nwarning: `serde_json` (lib test) generated 1 warning\nerror: could not compile `serde_json` (lib test) due to 2 previous errors; 1 warning emitted\n"
                }
              ],
              "repaired": [
                false
              ]
            },
            {
              "attrs": [],
              "prefix": [],
              "oracles": [],
              "codes": [
                [
                  "{",
                  "    struct DummySerializeSeq {",
                  "        vec: Vec<Value>,",
                  "    }",
                  "",
                  "    impl serde::ser::SerializeSeq for DummySerializeSeq {",
                  "        type Ok = Value;",
                  "        type Error = Error;",
                  "",
                  "        fn serialize_element<T>(&mut self, value: &T) -> Result<()>",
                  "        where",
                  "            T: ?Sized + Serialize,",
                  "        {",
                  "            self.vec.push(to_value(value)?);",
                  "            Ok(())",
                  "        }",
                  "",
                  "        fn end(self) -> Result<Value> {",
                  "            Ok(Value::Array(self.vec))",
                  "        }",
                  "    }",
                  "",
                  "    let mut serialize_vec = SerializeVec { vec: Vec::new() };",
                  "    let value: &Option<()> = &None;",
                  "",
                  "    let result = serialize_vec.serialize_element(value);",
                  "    assert!(result.is_ok());",
                  "    if let Ok(Value::Array(arr)) = serialize_vec.serialize_element(value) {",
                  "        assert_eq!(arr.len(), 1);",
                  "        assert_eq!(arr[0], Value::Null);",
                  "    }",
                  "}"
                ]
              ],
              "can_compile": [
                {
                  "Err": "   Compiling proc-macro2 v1.0.95\n   Compiling serde v1.0.219\n   Compiling syn v1.0.109\n   Compiling libc v0.2.172\n   Compiling target-triple v0.1.4\n   Compiling serde_json v1.0.140\n   Compiling rustversion v1.0.20\n   Compiling ref-cast v1.0.24\n   Compiling serde_json v1.0.140 (/home/abezbm/rust-utgen-test-crates-new/json)\n   Compiling psm v0.1.26\n   Compiling stacker v0.1.21\n   Compiling quote v1.0.40\n   Compiling syn v2.0.101\n   Compiling serde_derive v1.0.219\n   Compiling ref-cast-impl v1.0.24\n   Compiling automod v1.0.15\n   Compiling ntest_test_cases v0.9.3\n   Compiling ntest_timeout v0.9.3\n   Compiling ntest v0.9.3\n   Compiling serde_spanned v0.6.8\n   Compiling toml_datetime v0.6.9\n   Compiling serde_stacker v0.1.12\n   Compiling serde_bytes v0.11.17\n   Compiling toml_edit v0.22.25\n   Compiling toml v0.8.21\n   Compiling trybuild v1.0.104\nwarning: unused import: `ntest::timeout`\n    --> src/value/ser.rs:1067:8\n     |\n1067 |    use ntest::timeout;\n     |        ^^^^^^^^^^^^^^\n     |\n     = note: `#[warn(unused_imports)]` on by default\n\nerror[E0599]: no method named `serialize_element` found for struct `value::ser::SerializeVec` in the current scope\n    --> src/value/ser.rs:1095:32\n     |\n302  | pub struct SerializeVec {\n     | ----------------------- method `serialize_element` not found for this struct\n...\n1095 |     let result = serialize_vec.serialize_element(value);\n     |                                ^^^^^^^^^^^^^^^^^\n     |\n     = help: items from traits can only be used if the trait is in scope\nhelp: the following traits which provide `serialize_element` are implemented but not in scope; perhaps you want to import one of them\n     |\n1066 +    use serde::ser::SerializeSeq;\n     |\n1066 +    use serde::ser::SerializeTuple;\n     |\nhelp: there is a method `serialize_field` with a similar name\n     |\n1095 |     let result = serialize_vec.serialize_field(value);\n     |                                ~~~~~~~~~~~~~~~\n\nerror[E0599]: no method named `serialize_element` found for struct `value::ser::SerializeVec` in the current scope\n    --> src/value/ser.rs:1097:50\n     |\n302  | pub struct SerializeVec {\n     | ----------------------- method `serialize_element` not found for this struct\n...\n1097 |     if let Ok(Value::Array(arr)) = serialize_vec.serialize_element(value) {\n     |                                                  ^^^^^^^^^^^^^^^^^\n     |\n     = help: items from traits can only be used if the trait is in scope\nhelp: the following traits which provide `serialize_element` are implemented but not in scope; perhaps you want to import one of them\n     |\n1066 +    use serde::ser::SerializeSeq;\n     |\n1066 +    use serde::ser::SerializeTuple;\n     |\nhelp: there is a method `serialize_field` with a similar name\n     |\n1097 |     if let Ok(Value::Array(arr)) = serialize_vec.serialize_field(value) {\n     |                                                  ~~~~~~~~~~~~~~~\n\nFor more information about this error, try `rustc --explain E0599`.\nwarning: `serde_json` (lib test) generated 1 warning\nerror: could not compile `serde_json` (lib test) due to 2 previous errors; 1 warning emitted\n"
                }
              ],
              "repaired": [
                false
              ]
            },
            {
              "attrs": [],
              "prefix": [],
              "oracles": [],
              "codes": [
                [
                  "{",
                  "    struct DummySerializeSeq {",
                  "        vec: Vec<Value>,",
                  "    }",
                  "",
                  "    impl serde::ser::SerializeSeq for DummySerializeSeq {",
                  "        type Ok = Value;",
                  "        type Error = Error;",
                  "",
                  "        fn serialize_element<T>(&mut self, value: &T) -> Result<()>",
                  "        where",
                  "            T: ?Sized + Serialize,",
                  "        {",
                  "            self.vec.push(to_value(value)?);",
                  "            Ok(())",
                  "        }",
                  "",
                  "        fn end(self) -> Result<Value> {",
                  "            Ok(Value::Array(self.vec))",
                  "        }",
                  "    }",
                  "",
                  "    let mut serialize_vec = SerializeVec { vec: Vec::new() };",
                  "    let value = &\"Hello, world!\";",
                  "",
                  "    let result = serialize_vec.serialize_element(value);",
                  "    assert!(result.is_ok());",
                  "    if let Ok(Value::Array(arr)) = serialize_vec.serialize_element(value) {",
                  "        assert_eq!(arr.len(), 1);",
                  "        assert_eq!(arr[0], Value::String(\"Hello, world!\".to_string()));",
                  "    }",
                  "}"
                ]
              ],
              "can_compile": [
                {
                  "Err": "   Compiling proc-macro2 v1.0.95\n   Compiling serde v1.0.219\n   Compiling syn v1.0.109\n   Compiling libc v0.2.172\n   Compiling serde_json v1.0.140\n   Compiling target-triple v0.1.4\n   Compiling ref-cast v1.0.24\n   Compiling rustversion v1.0.20\n   Compiling serde_json v1.0.140 (/home/abezbm/rust-utgen-test-crates-new/json)\n   Compiling psm v0.1.26\n   Compiling stacker v0.1.21\n   Compiling quote v1.0.40\n   Compiling syn v2.0.101\n   Compiling serde_derive v1.0.219\n   Compiling ref-cast-impl v1.0.24\n   Compiling automod v1.0.15\n   Compiling ntest_test_cases v0.9.3\n   Compiling ntest_timeout v0.9.3\n   Compiling ntest v0.9.3\n   Compiling serde_spanned v0.6.8\n   Compiling toml_datetime v0.6.9\n   Compiling serde_bytes v0.11.17\n   Compiling serde_stacker v0.1.12\n   Compiling toml_edit v0.22.25\n   Compiling toml v0.8.21\n   Compiling trybuild v1.0.104\nwarning: unused import: `ntest::timeout`\n    --> src/value/ser.rs:1067:8\n     |\n1067 |    use ntest::timeout;\n     |        ^^^^^^^^^^^^^^\n     |\n     = note: `#[warn(unused_imports)]` on by default\n\nerror[E0599]: no method named `serialize_element` found for struct `value::ser::SerializeVec` in the current scope\n    --> src/value/ser.rs:1095:32\n     |\n302  | pub struct SerializeVec {\n     | ----------------------- method `serialize_element` not found for this struct\n...\n1095 |     let result = serialize_vec.serialize_element(value);\n     |                                ^^^^^^^^^^^^^^^^^\n     |\n     = help: items from traits can only be used if the trait is in scope\nhelp: the following traits which provide `serialize_element` are implemented but not in scope; perhaps you want to import one of them\n     |\n1066 +    use serde::ser::SerializeSeq;\n     |\n1066 +    use serde::ser::SerializeTuple;\n     |\nhelp: there is a method `serialize_field` with a similar name\n     |\n1095 |     let result = serialize_vec.serialize_field(value);\n     |                                ~~~~~~~~~~~~~~~\n\nerror[E0599]: no method named `serialize_element` found for struct `value::ser::SerializeVec` in the current scope\n    --> src/value/ser.rs:1097:50\n     |\n302  | pub struct SerializeVec {\n     | ----------------------- method `serialize_element` not found for this struct\n...\n1097 |     if let Ok(Value::Array(arr)) = serialize_vec.serialize_element(value) {\n     |                                                  ^^^^^^^^^^^^^^^^^\n     |\n     = help: items from traits can only be used if the trait is in scope\nhelp: the following traits which provide `serialize_element` are implemented but not in scope; perhaps you want to import one of them\n     |\n1066 +    use serde::ser::SerializeSeq;\n     |\n1066 +    use serde::ser::SerializeTuple;\n     |\nhelp: there is a method `serialize_field` with a similar name\n     |\n1097 |     if let Ok(Value::Array(arr)) = serialize_vec.serialize_field(value) {\n     |                                                  ~~~~~~~~~~~~~~~\n\nFor more information about this error, try `rustc --explain E0599`.\nwarning: `serde_json` (lib test) generated 1 warning\nerror: could not compile `serde_json` (lib test) due to 2 previous errors; 1 warning emitted\n"
                }
              ],
              "repaired": [
                false
              ]
            }
          ]
        }
      ]
    }
  ]
}