{
  "name": "serde_json::value::ser::<value::ser::Serializer as serde::Serializer>::serialize_i16",
  "name_with_impl": "serde_json::value::ser::{impl#1}::serialize_i16",
  "mod_info": {
    "name": "value::ser",
    "loc": "src/value/mod.rs:931:1:931:9"
  },
  "visible": true,
  "loc": "src/value/ser.rs:83:5:85:6",
  "fn_tests": [
    {
      "chain_id": 0,
      "prompt_conds": [],
      "input_infer": "",
      "answers": [
        {
          "uses": [],
          "has_test_mod": false,
          "common": [],
          "chain_tests": [
            {
              "attrs": [],
              "prefix": [],
              "oracles": [],
              "codes": [
                [
                  "{",
                  "    struct TestSerializer;",
                  "",
                  "    impl serde::Serializer for TestSerializer {",
                  "        type Ok = Value;",
                  "        type Error = Error;",
                  "        type SerializeSeq = SerializeVec;",
                  "        type SerializeTuple = SerializeVec;",
                  "        type SerializeTupleStruct = SerializeVec;",
                  "        type SerializeTupleVariant = SerializeTupleVariant;",
                  "        type SerializeMap = SerializeMap;",
                  "        type SerializeStruct = SerializeMap;",
                  "        type SerializeStructVariant = SerializeStructVariant;",
                  "",
                  "        fn serialize_i64(self, value: i64) -> Result<Value> {",
                  "            Ok(Value::Number(value.into()))",
                  "        }",
                  "",
                  "        // Other required serializer methods can be left unimplemented for the purpose of this test",
                  "        fn serialize_bool(self, _: bool) -> Result<Value> { unimplemented!() }",
                  "        fn serialize_i8(self, _: i8) -> Result<Value> { unimplemented!() }",
                  "        fn serialize_i128(self, _: i128) -> Result<Value> { unimplemented!() }",
                  "        fn serialize_u8(self, _: u8) -> Result<Value> { unimplemented!() }",
                  "        fn serialize_u16(self, _: u16) -> Result<Value> { unimplemented!() }",
                  "        fn serialize_u32(self, _: u32) -> Result<Value> { unimplemented!() }",
                  "        fn serialize_u64(self, _: u64) -> Result<Value> { unimplemented!() }",
                  "        fn serialize_u128(self, _: u128) -> Result<Value> { unimplemented!() }",
                  "        fn serialize_f32(self, _: f32) -> Result<Value> { unimplemented!() }",
                  "        fn serialize_f64(self, _: f64) -> Result<Value> { unimplemented!() }",
                  "        fn serialize_char(self, _: char) -> Result<Value> { unimplemented!() }",
                  "        fn serialize_str(self, _: &str) -> Result<Value> { unimplemented!() }",
                  "        fn serialize_bytes(self, _: &[u8]) -> Result<Value> { unimplemented!() }",
                  "        fn serialize_unit(self) -> Result<Value> { unimplemented!() }",
                  "        fn serialize_unit_struct(self, _: &'static str) -> Result<Value> { unimplemented!() }",
                  "        fn serialize_unit_variant(self, _: &'static str, _: u32, _: &'static str) -> Result<Value> { unimplemented!() }",
                  "        fn serialize_newtype_struct<T>(self, _: &'static str, _: &T) -> Result<Value> where T: ?Sized + Serialize { unimplemented!() }",
                  "        fn serialize_newtype_variant<T>(self, _: &'static str, _: u32, _: &'static str, _: &T) -> Result<Value> where T: ?Sized + Serialize { unimplemented!() }",
                  "        fn serialize_none(self) -> Result<Value> { unimplemented!() }",
                  "        fn serialize_some<T>(self, _: &T) -> Result<Value> where T: ?Sized + Serialize { unimplemented!() }",
                  "        fn serialize_seq(self, _: Option<usize>) -> Result<Self::SerializeSeq> { unimplemented!() }",
                  "        fn serialize_tuple(self, _: usize) -> Result<Self::SerializeTuple> { unimplemented!() }",
                  "        fn serialize_tuple_struct(self, _: &'static str, _: usize) -> Result<Self::SerializeTupleStruct> { unimplemented!() }",
                  "        fn serialize_tuple_variant(self, _: &'static str, _: u32, _: &'static str, _: usize) -> Result<Self::SerializeTupleVariant> { unimplemented!() }",
                  "        fn serialize_map(self, _: Option<usize>) -> Result<Self::SerializeMap> { unimplemented!() }",
                  "        fn serialize_struct(self, _: &'static str, _: usize) -> Result<Self::SerializeStruct> { unimplemented!() }",
                  "        fn serialize_struct_variant(self, _: &'static str, _: u32, _: &'static str, _: usize) -> Result<Self::SerializeStructVariant> { unimplemented!() }",
                  "        fn collect_str<T>(self, _: &T) -> Result<Value> where T: ?Sized + Display { unimplemented!() }",
                  "    }",
                  "",
                  "    let serializer = TestSerializer;",
                  "    let result = serializer.serialize_i16(42);",
                  "    assert_eq!(result.unwrap(), Value::Number(42i64.into()));",
                  "}"
                ]
              ],
              "can_compile": [
                {
                  "Err": "   Compiling proc-macro2 v1.0.95\n   Compiling serde v1.0.219\n   Compiling syn v1.0.109\n   Compiling libc v0.2.172\n   Compiling target-triple v0.1.4\n   Compiling serde_json v1.0.140\n   Compiling ref-cast v1.0.24\n   Compiling rustversion v1.0.20\n   Compiling serde_json v1.0.140 (/home/abezbm/rust-utgen-test-crates-new/json)\n   Compiling psm v0.1.26\n   Compiling stacker v0.1.21\n   Compiling quote v1.0.40\n   Compiling syn v2.0.101\n   Compiling serde_derive v1.0.219\n   Compiling ref-cast-impl v1.0.24\n   Compiling automod v1.0.15\n   Compiling ntest_timeout v0.9.3\n   Compiling ntest_test_cases v0.9.3\n   Compiling ntest v0.9.3\n   Compiling serde_spanned v0.6.8\n   Compiling toml_datetime v0.6.9\n   Compiling serde_bytes v0.11.17\n   Compiling serde_stacker v0.1.12\n   Compiling toml_edit v0.22.25\n   Compiling toml v0.8.21\n   Compiling trybuild v1.0.104\nwarning: unused import: `ntest::timeout`\n    --> src/value/ser.rs:1067:8\n     |\n1067 |    use ntest::timeout;\n     |        ^^^^^^^^^^^^^^\n     |\n     = note: `#[warn(unused_imports)]` on by default\n\nerror[E0046]: not all trait items implemented, missing: `serialize_i16`, `serialize_i32`\n    --> src/value/ser.rs:1073:5\n     |\n1073 |     impl serde::Serializer for TestSerializer {\n     |     ^^^^^^^^^^^^^^^^^^^^^^^^^^^^^^^^^^^^^^^^^ missing `serialize_i16`, `serialize_i32` in implementation\n     |\n     = help: implement the missing item: `fn serialize_i16(self, _: i16) -> std::result::Result<<Self as serde::Serializer>::Ok, <Self as serde::Serializer>::Error> { todo!() }`\n     = help: implement the missing item: `fn serialize_i32(self, _: i32) -> std::result::Result<<Self as serde::Serializer>::Ok, <Self as serde::Serializer>::Error> { todo!() }`\n\nerror[E0599]: no method named `serialize_i16` found for struct `TestSerializer` in the current scope\n    --> src/value/ser.rs:1120:29\n     |\n1071 |     struct TestSerializer;\n     |     --------------------- method `serialize_i16` not found for this struct\n...\n1120 |     let result = serializer.serialize_i16(42);\n     |                             ^^^^^^^^^^^^^\n     |\n    ::: /home/abezbm/.cargo/registry/src/index.crates.io-6f17d22bba15001f/serde-1.0.219/src/ser/mod.rs:456:8\n     |\n456  |     fn serialize_i16(self, v: i16) -> Result<Self::Ok, Self::Error>;\n     |        ------------- the method is available for `TestSerializer` here\n     |\n     = help: items from traits can only be used if the trait is in scope\nhelp: trait `Serializer` which provides `serialize_i16` is implemented but not in scope; perhaps you want to import it\n     |\n1066 +    use serde::Serializer;\n     |\nhelp: there is a method `serialize_u16` with a similar name\n     |\n1120 |     let result = serializer.serialize_u16(42);\n     |                             ~~~~~~~~~~~~~\n\nSome errors have detailed explanations: E0046, E0599.\nFor more information about an error, try `rustc --explain E0046`.\nwarning: `serde_json` (lib test) generated 1 warning\nerror: could not compile `serde_json` (lib test) due to 2 previous errors; 1 warning emitted\n"
                }
              ],
              "repaired": [
                false
              ]
            },
            {
              "attrs": [],
              "prefix": [],
              "oracles": [],
              "codes": [
                [
                  "{",
                  "    struct TestSerializer;",
                  "",
                  "    impl serde::Serializer for TestSerializer {",
                  "        type Ok = Value;",
                  "        type Error = Error;",
                  "        type SerializeSeq = SerializeVec;",
                  "        type SerializeTuple = SerializeVec;",
                  "        type SerializeTupleStruct = SerializeVec;",
                  "        type SerializeTupleVariant = SerializeTupleVariant;",
                  "        type SerializeMap = SerializeMap;",
                  "        type SerializeStruct = SerializeMap;",
                  "        type SerializeStructVariant = SerializeStructVariant;",
                  "",
                  "        fn serialize_i64(self, value: i64) -> Result<Value> {",
                  "            Ok(Value::Number(value.into()))",
                  "        }",
                  "",
                  "        fn serialize_bool(self, _: bool) -> Result<Value> { unimplemented!() }",
                  "        fn serialize_i8(self, _: i8) -> Result<Value> { unimplemented!() }",
                  "        fn serialize_i128(self, _: i128) -> Result<Value> { unimplemented!() }",
                  "        fn serialize_u8(self, _: u8) -> Result<Value> { unimplemented!() }",
                  "        fn serialize_u16(self, _: u16) -> Result<Value> { unimplemented!() }",
                  "        fn serialize_u32(self, _: u32) -> Result<Value> { unimplemented!() }",
                  "        fn serialize_u64(self, _: u64) -> Result<Value> { unimplemented!() }",
                  "        fn serialize_u128(self, _: u128) -> Result<Value> { unimplemented!() }",
                  "        fn serialize_f32(self, _: f32) -> Result<Value> { unimplemented!() }",
                  "        fn serialize_f64(self, _: f64) -> Result<Value> { unimplemented!() }",
                  "        fn serialize_char(self, _: char) -> Result<Value> { unimplemented!() }",
                  "        fn serialize_str(self, _: &str) -> Result<Value> { unimplemented!() }",
                  "        fn serialize_bytes(self, _: &[u8]) -> Result<Value> { unimplemented!() }",
                  "        fn serialize_unit(self) -> Result<Value> { unimplemented!() }",
                  "        fn serialize_unit_struct(self, _: &'static str) -> Result<Value> { unimplemented!() }",
                  "        fn serialize_unit_variant(self, _: &'static str, _: u32, _: &'static str) -> Result<Value> { unimplemented!() }",
                  "        fn serialize_newtype_struct<T>(self, _: &'static str, _: &T) -> Result<Value> where T: ?Sized + Serialize { unimplemented!() }",
                  "        fn serialize_newtype_variant<T>(self, _: &'static str, _: u32, _: &'static str, _: &T) -> Result<Value> where T: ?Sized + Serialize { unimplemented!() }",
                  "        fn serialize_none(self) -> Result<Value> { unimplemented!() }",
                  "        fn serialize_some<T>(self, _: &T) -> Result<Value> where T: ?Sized + Serialize { unimplemented!() }",
                  "        fn serialize_seq(self, _: Option<usize>) -> Result<Self::SerializeSeq> { unimplemented!() }",
                  "        fn serialize_tuple(self, _: usize) -> Result<Self::SerializeTuple> { unimplemented!() }",
                  "        fn serialize_tuple_struct(self, _: &'static str, _: usize) -> Result<Self::SerializeTupleStruct> { unimplemented!() }",
                  "        fn serialize_tuple_variant(self, _: &'static str, _: u32, _: &'static str, _: usize) -> Result<Self::SerializeTupleVariant> { unimplemented!() }",
                  "        fn serialize_map(self, _: Option<usize>) -> Result<Self::SerializeMap> { unimplemented!() }",
                  "        fn serialize_struct(self, _: &'static str, _: usize) -> Result<Self::SerializeStruct> { unimplemented!() }",
                  "        fn serialize_struct_variant(self, _: &'static str, _: u32, _: &'static str, _: usize) -> Result<Self::SerializeStructVariant> { unimplemented!() }",
                  "        fn collect_str<T>(self, _: &T) -> Result<Value> where T: ?Sized + Display { unimplemented!() }",
                  "    }",
                  "",
                  "    let serializer = TestSerializer;",
                  "    let result = serializer.serialize_i16(-42);",
                  "    assert_eq!(result.unwrap(), Value::Number((-42i64).into()));",
                  "}"
                ]
              ],
              "can_compile": [
                {
                  "Err": "   Compiling proc-macro2 v1.0.95\n   Compiling serde v1.0.219\n   Compiling syn v1.0.109\n   Compiling libc v0.2.172\n   Compiling target-triple v0.1.4\n   Compiling serde_json v1.0.140\n   Compiling ref-cast v1.0.24\n   Compiling rustversion v1.0.20\n   Compiling serde_json v1.0.140 (/home/abezbm/rust-utgen-test-crates-new/json)\n   Compiling psm v0.1.26\n   Compiling stacker v0.1.21\n   Compiling quote v1.0.40\n   Compiling syn v2.0.101\n   Compiling serde_derive v1.0.219\n   Compiling ref-cast-impl v1.0.24\n   Compiling automod v1.0.15\n   Compiling ntest_timeout v0.9.3\n   Compiling ntest_test_cases v0.9.3\n   Compiling ntest v0.9.3\n   Compiling serde_spanned v0.6.8\n   Compiling toml_datetime v0.6.9\n   Compiling serde_stacker v0.1.12\n   Compiling serde_bytes v0.11.17\n   Compiling toml_edit v0.22.25\n   Compiling toml v0.8.21\n   Compiling trybuild v1.0.104\nwarning: unused import: `ntest::timeout`\n    --> src/value/ser.rs:1067:8\n     |\n1067 |    use ntest::timeout;\n     |        ^^^^^^^^^^^^^^\n     |\n     = note: `#[warn(unused_imports)]` on by default\n\nerror[E0046]: not all trait items implemented, missing: `serialize_i16`, `serialize_i32`\n    --> src/value/ser.rs:1073:5\n     |\n1073 |     impl serde::Serializer for TestSerializer {\n     |     ^^^^^^^^^^^^^^^^^^^^^^^^^^^^^^^^^^^^^^^^^ missing `serialize_i16`, `serialize_i32` in implementation\n     |\n     = help: implement the missing item: `fn serialize_i16(self, _: i16) -> std::result::Result<<Self as serde::Serializer>::Ok, <Self as serde::Serializer>::Error> { todo!() }`\n     = help: implement the missing item: `fn serialize_i32(self, _: i32) -> std::result::Result<<Self as serde::Serializer>::Ok, <Self as serde::Serializer>::Error> { todo!() }`\n\nerror[E0599]: no method named `serialize_i16` found for struct `TestSerializer` in the current scope\n    --> src/value/ser.rs:1119:29\n     |\n1071 |     struct TestSerializer;\n     |     --------------------- method `serialize_i16` not found for this struct\n...\n1119 |     let result = serializer.serialize_i16(-42);\n     |                             ^^^^^^^^^^^^^\n     |\n    ::: /home/abezbm/.cargo/registry/src/index.crates.io-6f17d22bba15001f/serde-1.0.219/src/ser/mod.rs:456:8\n     |\n456  |     fn serialize_i16(self, v: i16) -> Result<Self::Ok, Self::Error>;\n     |        ------------- the method is available for `TestSerializer` here\n     |\n     = help: items from traits can only be used if the trait is in scope\nhelp: trait `Serializer` which provides `serialize_i16` is implemented but not in scope; perhaps you want to import it\n     |\n1066 +    use serde::Serializer;\n     |\nhelp: there is a method `serialize_u16` with a similar name\n     |\n1119 |     let result = serializer.serialize_u16(-42);\n     |                             ~~~~~~~~~~~~~\n\nSome errors have detailed explanations: E0046, E0599.\nFor more information about an error, try `rustc --explain E0046`.\nwarning: `serde_json` (lib test) generated 1 warning\nerror: could not compile `serde_json` (lib test) due to 2 previous errors; 1 warning emitted\n"
                }
              ],
              "repaired": [
                false
              ]
            }
          ]
        }
      ]
    }
  ]
}