{
  "name": "serde_json::read::peek_or_eof",
  "name_with_impl": "serde_json::read::peek_or_eof",
  "mod_info": {
    "name": "read",
    "loc": "src/lib.rs:434:1:434:10"
  },
  "visible": false,
  "loc": "src/read.rs:850:1:858:2",
  "fn_tests": [
    {
      "chain_id": 0,
      "prompt_conds": [],
      "input_infer": "",
      "answers": [
        {
          "uses": [],
          "has_test_mod": false,
          "common": [
            "#[cfg(test)]",
            "fn mock_reader(data: Vec<u8>, pos: usize) -> impl Read<'_> {",
            "    struct MockReader {",
            "        data: Vec<u8>,",
            "        position: usize,",
            "    }",
            "",
            "    impl<R: ?Sized> Read<R> for MockReader {",
            "        fn peek(&mut self) -> Result<Option<u8>> {",
            "            if self.position < self.data.len() {",
            "                Ok(Some(self.data[self.position]))",
            "            } else {",
            "                Ok(None)",
            "            }",
            "        }",
            "",
            "        fn position(&self) -> Position {",
            "            Position {",
            "                line: 0,",
            "                column: self.position as u32,",
            "            }",
            "        }",
            "    }",
            "",
            "    MockReader { data, position: pos }",
            "}"
          ],
          "chain_tests": [
            {
              "attrs": [],
              "prefix": [],
              "oracles": [],
              "codes": [
                [
                  "{",
                  "    let mut reader = mock_reader(vec![1, 2, 3], 0);",
                  "    let result = peek_or_eof(&mut reader);",
                  "    assert_eq!(result.unwrap(), 1);",
                  "}"
                ]
              ],
              "can_compile": [
                {
                  "Err": "   Compiling proc-macro2 v1.0.95\n   Compiling serde v1.0.219\n   Compiling syn v1.0.109\n   Compiling libc v0.2.172\n   Compiling serde_json v1.0.140\n   Compiling target-triple v0.1.4\n   Compiling rustversion v1.0.20\n   Compiling ref-cast v1.0.24\n   Compiling serde_json v1.0.140 (/home/abezbm/rust-utgen-test-crates-new/json)\n   Compiling psm v0.1.26\n   Compiling stacker v0.1.21\n   Compiling quote v1.0.40\n   Compiling syn v2.0.101\n   Compiling serde_derive v1.0.219\n   Compiling ref-cast-impl v1.0.24\n   Compiling automod v1.0.15\n   Compiling ntest_timeout v0.9.3\n   Compiling ntest_test_cases v0.9.3\n   Compiling ntest v0.9.3\n   Compiling serde_spanned v0.6.8\n   Compiling toml_datetime v0.6.9\n   Compiling serde_bytes v0.11.17\n   Compiling serde_stacker v0.1.12\n   Compiling toml_edit v0.22.25\n   Compiling toml v0.8.21\n   Compiling trybuild v1.0.104\nerror[E0106]: missing lifetime specifier\n    --> src/read.rs:1095:56\n     |\n1095 | fn mock_reader(data: Vec<u8>, pos: usize) -> impl Read<'_> {\n     |                                                        ^^ expected named lifetime parameter\n     |\n     = help: this function's return type contains a borrowed value, but there is no value for it to be borrowed from\nhelp: consider using the `'static` lifetime, but this is uncommon unless you're returning a borrowed value from a `const` or a `static`, or if you will only have owned values\n     |\n1095 | fn mock_reader(data: Vec<u8>, pos: usize) -> impl Read<'static> {\n     |                                                        ~~~~~~~\n\nerror[E0726]: implicit elided lifetime not allowed here\n    --> src/read.rs:1101:21\n     |\n1101 |     impl<R: ?Sized> Read<R> for MockReader {\n     |                     ^^^^^^^ expected lifetime parameter\n     |\nhelp: indicate the anonymous lifetime\n     |\n1101 |     impl<R: ?Sized> Read<'_, R> for MockReader {\n     |                          +++\n\nwarning: unused import: `ntest::timeout`\n    --> src/read.rs:1093:8\n     |\n1093 |    use ntest::timeout;\n     |        ^^^^^^^^^^^^^^\n     |\n     = note: `#[warn(unused_imports)]` on by default\n\nerror[E0107]: trait takes 0 generic arguments but 1 generic argument was supplied\n    --> src/read.rs:1101:21\n     |\n1101 |     impl<R: ?Sized> Read<R> for MockReader {\n     |                     ^^^^ - help: remove this generic argument\n     |                     |\n     |                     expected 0 generic arguments\n     |\nnote: trait defined here, with 0 generic parameters\n    --> src/read.rs:28:11\n     |\n28   | pub trait Read<'de>: private::Sealed {\n     |           ^^^^\n\nerror[E0277]: the trait bound `MockReader: read::Read<'static>` is not satisfied\n    --> src/read.rs:1095:46\n     |\n1095 | fn mock_reader(data: Vec<u8>, pos: usize) -> impl Read<'_> {\n     |                                              ^^^^^^^^^^^^^ the trait `read::Read<'static>` is not implemented for `MockReader`\n...\n1118 |     MockReader { data, position: pos }\n     |     ---------------------------------- return type was inferred to be `MockReader` here\n\nerror[E0308]: mismatched types\n    --> src/read.rs:1113:25\n     |\n1113 |                 column: self.position as u32,\n     |                         ^^^^^^^^^^^^^^^^^^^^ expected `usize`, found `u32`\n\nSome errors have detailed explanations: E0106, E0107, E0277, E0308, E0726.\nFor more information about an error, try `rustc --explain E0106`.\nwarning: `serde_json` (lib test) generated 1 warning\nerror: could not compile `serde_json` (lib test) due to 5 previous errors; 1 warning emitted\n"
                }
              ],
              "repaired": [
                false
              ]
            },
            {
              "attrs": [],
              "prefix": [],
              "oracles": [],
              "codes": [
                [
                  "{",
                  "    let mut reader = mock_reader(vec![], 0);",
                  "    let result = peek_or_eof(&mut reader);",
                  "    assert!(result.is_err());",
                  "}"
                ]
              ],
              "can_compile": [
                {
                  "Err": "   Compiling proc-macro2 v1.0.95\n   Compiling serde v1.0.219\n   Compiling syn v1.0.109\n   Compiling libc v0.2.172\n   Compiling serde_json v1.0.140\n   Compiling target-triple v0.1.4\n   Compiling rustversion v1.0.20\n   Compiling ref-cast v1.0.24\n   Compiling serde_json v1.0.140 (/home/abezbm/rust-utgen-test-crates-new/json)\n   Compiling psm v0.1.26\n   Compiling stacker v0.1.21\n   Compiling quote v1.0.40\n   Compiling syn v2.0.101\n   Compiling serde_derive v1.0.219\n   Compiling ref-cast-impl v1.0.24\n   Compiling automod v1.0.15\n   Compiling ntest_test_cases v0.9.3\n   Compiling ntest_timeout v0.9.3\n   Compiling ntest v0.9.3\n   Compiling toml_datetime v0.6.9\n   Compiling serde_spanned v0.6.8\n   Compiling serde_stacker v0.1.12\n   Compiling serde_bytes v0.11.17\n   Compiling toml_edit v0.22.25\n   Compiling toml v0.8.21\n   Compiling trybuild v1.0.104\nerror[E0106]: missing lifetime specifier\n    --> src/read.rs:1095:56\n     |\n1095 | fn mock_reader(data: Vec<u8>, pos: usize) -> impl Read<'_> {\n     |                                                        ^^ expected named lifetime parameter\n     |\n     = help: this function's return type contains a borrowed value, but there is no value for it to be borrowed from\nhelp: consider using the `'static` lifetime, but this is uncommon unless you're returning a borrowed value from a `const` or a `static`, or if you will only have owned values\n     |\n1095 | fn mock_reader(data: Vec<u8>, pos: usize) -> impl Read<'static> {\n     |                                                        ~~~~~~~\n\nerror[E0726]: implicit elided lifetime not allowed here\n    --> src/read.rs:1101:21\n     |\n1101 |     impl<R: ?Sized> Read<R> for MockReader {\n     |                     ^^^^^^^ expected lifetime parameter\n     |\nhelp: indicate the anonymous lifetime\n     |\n1101 |     impl<R: ?Sized> Read<'_, R> for MockReader {\n     |                          +++\n\nwarning: unused import: `ntest::timeout`\n    --> src/read.rs:1093:8\n     |\n1093 |    use ntest::timeout;\n     |        ^^^^^^^^^^^^^^\n     |\n     = note: `#[warn(unused_imports)]` on by default\n\nerror[E0107]: trait takes 0 generic arguments but 1 generic argument was supplied\n    --> src/read.rs:1101:21\n     |\n1101 |     impl<R: ?Sized> Read<R> for MockReader {\n     |                     ^^^^ - help: remove this generic argument\n     |                     |\n     |                     expected 0 generic arguments\n     |\nnote: trait defined here, with 0 generic parameters\n    --> src/read.rs:28:11\n     |\n28   | pub trait Read<'de>: private::Sealed {\n     |           ^^^^\n\nerror[E0277]: the trait bound `MockReader: read::Read<'static>` is not satisfied\n    --> src/read.rs:1095:46\n     |\n1095 | fn mock_reader(data: Vec<u8>, pos: usize) -> impl Read<'_> {\n     |                                              ^^^^^^^^^^^^^ the trait `read::Read<'static>` is not implemented for `MockReader`\n...\n1118 |     MockReader { data, position: pos }\n     |     ---------------------------------- return type was inferred to be `MockReader` here\n\nerror[E0308]: mismatched types\n    --> src/read.rs:1113:25\n     |\n1113 |                 column: self.position as u32,\n     |                         ^^^^^^^^^^^^^^^^^^^^ expected `usize`, found `u32`\n\nSome errors have detailed explanations: E0106, E0107, E0277, E0308, E0726.\nFor more information about an error, try `rustc --explain E0106`.\nwarning: `serde_json` (lib test) generated 1 warning\nerror: could not compile `serde_json` (lib test) due to 5 previous errors; 1 warning emitted\n"
                }
              ],
              "repaired": [
                false
              ]
            }
          ]
        }
      ]
    }
  ]
}