{
  "name": "hashbrown::raw_entry::raw_entry::RawEntryBuilder<'a, K, V, S, A>::from_hash",
  "name_with_impl": "hashbrown::raw_entry::{impl#5}::from_hash",
  "mod_info": {
    "name": "raw_entry",
    "loc": "src/lib.rs:67:1:67:15"
  },
  "visible": true,
  "loc": "src/raw_entry.rs:702:5:707:6",
  "fn_tests": [
    {
      "chain_id": 1,
      "prompt_conds": [],
      "input_infer": "0 <= hash <= 2^64 - 1, is_match: fn(&K) -> bool where K is a valid key type in HashMap, and ensure input scenarios include empty, populated, and edge cases for both hash values and match functions.\n",
      "answers": [
        {
          "uses": [
            "use core::hash::Hasher;"
          ],
          "has_test_mod": false,
          "common": [
            "fn compute_hash<K: Hash + ?Sized, S: BuildHasher>(hash_builder: &S, key: &K) -> u64 {",
            "    let mut state = hash_builder.build_hasher();",
            "    key.hash(&mut state);",
            "    state.finish()",
            "}"
          ],
          "chain_tests": [
            {
              "attrs": [],
              "prefix": [
                "{",
                "    let map: HashMap<&str, u32> = HashMap::new();",
                "    let key = \"nonexistent_key\";",
                "    let hash = compute_hash(map.hasher(), &key);",
                "    let entry = map.raw_entry().from_hash(hash, |k| k == &key);",
                "}"
              ],
              "oracles": [
                [
                  "    let map: HashMap<&str, u32> = HashMap::new();",
                  "    let key = \"nonexistent_key\";",
                  "    let hash = compute_hash(map.hasher(), &key);",
                  "    let entry = map.raw_entry().from_hash(hash, |k| k == &key);",
                  "    assert_eq!(entry, None);"
                ]
              ],
              "codes": [
                [
                  "{",
                  "    let map: HashMap<&str, u32> = HashMap::new();",
                  "    let key = \"nonexistent_key\";",
                  "    let hash = compute_hash(map.hasher(), &key);",
                  "    let entry = map.raw_entry().from_hash(hash, |k| k == &key);",
                  "    let map: HashMap<&str, u32> = HashMap::new();",
                  "    let key = \"nonexistent_key\";",
                  "    let hash = compute_hash(map.hasher(), &key);",
                  "    let entry = map.raw_entry().from_hash(hash, |k| k == &key);",
                  "    assert_eq!(entry, None);",
                  "}"
                ]
              ],
              "can_compile": [
                {
                  "Err": "   Compiling proc-macro2 v1.0.95\n   Compiling libc v0.2.172\n   Compiling crossbeam-utils v0.8.21\n   Compiling syn v1.0.109\n   Compiling zerocopy v0.8.25\n   Compiling rayon-core v1.12.1\n   Compiling serde v1.0.219\n   Compiling doc-comment v0.3.3\n   Compiling crossbeam-epoch v0.9.18\n   Compiling quote v1.0.40\n   Compiling crossbeam-deque v0.8.6\n   Compiling getrandom v0.2.16\n   Compiling rand_core v0.6.4\n   Compiling rayon v1.10.0\n   Compiling ppv-lite86 v0.2.21\n   Compiling rand_chacha v0.3.1\n   Compiling rand v0.8.5\n   Compiling serde_test v1.0.177\n   Compiling ntest_test_cases v0.9.3\n   Compiling ntest_timeout v0.9.3\n   Compiling ntest v0.9.3\n   Compiling hashbrown v0.15.1 (/home/abezbm/rust-utgen-test-crates-new/hashbrown)\nwarning: unused imports: `Occupied` and `Vacant`\n    --> src/map.rs:4688:24\n     |\n4688 |     use super::Entry::{Occupied, Vacant};\n     |                        ^^^^^^^^  ^^^^^^\n     |\n     = note: `#[warn(unused_imports)]` on by default\n\nwarning: unused import: `super::EntryRef`\n    --> src/map.rs:4689:9\n     |\n4689 |     use super::EntryRef;\n     |         ^^^^^^^^^^^^^^^\n\nwarning: unused import: `ToString`\n    --> src/map.rs:4691:33\n     |\n4691 |     use alloc::string::{String, ToString};\n     |                                 ^^^^^^^^\n\nwarning: unused imports: `Rng`, `SeedableRng`, and `rngs::SmallRng`\n    --> src/map.rs:4697:16\n     |\n4697 |     use rand::{rngs::SmallRng, Rng, SeedableRng};\n     |                ^^^^^^^^^^^^^^  ^^^  ^^^^^^^^^^^\n\nwarning: unused import: `std::borrow::ToOwned`\n    --> src/map.rs:4698:9\n     |\n4698 |     use std::borrow::ToOwned;\n     |         ^^^^^^^^^^^^^^^^^^^^\n\nwarning: unused import: `super::HashMap`\n    --> src/raw_entry.rs:1487:9\n     |\n1487 |     use super::HashMap;\n     |         ^^^^^^^^^^^^^^\n\nwarning: unused import: `super::RawEntryMut`\n    --> src/raw_entry.rs:1488:9\n     |\n1488 |     use super::RawEntryMut;\n     |         ^^^^^^^^^^^^^^^^^^\n\nwarning: unused import: `ntest::timeout`\n    --> src/raw_entry.rs:1744:8\n     |\n1744 |    use ntest::timeout;\n     |        ^^^^^^^^^^^^^^\n\nwarning: unused imports: `Equivalent`, `HashSet`, and `make_hash`\n    --> src/set.rs:2579:17\n     |\n2579 |     use super::{make_hash, Equivalent, HashSet};\n     |                 ^^^^^^^^^  ^^^^^^^^^^  ^^^^^^^\n\nwarning: unused import: `crate::DefaultHashBuilder`\n    --> src/set.rs:2580:9\n     |\n2580 |     use crate::DefaultHashBuilder;\n     |         ^^^^^^^^^^^^^^^^^^^^^^^^^\n\nwarning: unused import: `std::vec::Vec`\n    --> src/set.rs:2581:9\n     |\n2581 |     use std::vec::Vec;\n     |         ^^^^^^^^^^^^^\n\nwarning: unused import: `super::HashTable`\n    --> src/table.rs:2375:9\n     |\n2375 |     use super::HashTable;\n     |         ^^^^^^^^^^^^^^^^\n\nerror[E0599]: no method named `finish` found for associated type `<S as std::hash::BuildHasher>::Hasher` in the current scope\n    --> src/raw_entry.rs:1748:11\n     |\n1748 |     state.finish()\n     |           ^^^^^^ method not found in `<S as BuildHasher>::Hasher`\n     |\n    ::: /home/abezbm/.rustup/toolchains/nightly-2024-07-21-x86_64-unknown-linux-gnu/lib/rustlib/src/rust/library/core/src/hash/mod.rs:338:8\n     |\n338  |     fn finish(&self) -> u64;\n     |        ------ the method is available for `<S as std::hash::BuildHasher>::Hasher` here\n     |\n     = help: items from traits can only be used if the trait is in scope\nhelp: trait `Hasher` which provides `finish` is implemented but not in scope; perhaps you want to import it\n     |\n1743 +    use std::hash::Hasher;\n     |\n\nwarning: unused variable: `entry`\n    --> src/raw_entry.rs:1757:9\n     |\n1757 |     let entry = map.raw_entry().from_hash(hash, |k| k == &key);\n     |         ^^^^^ help: if this is intentional, prefix it with an underscore: `_entry`\n     |\n     = note: `#[warn(unused_variables)]` on by default\n\nFor more information about this error, try `rustc --explain E0599`.\nwarning: `hashbrown` (lib test) generated 13 warnings\nerror: could not compile `hashbrown` (lib test) due to 1 previous error; 13 warnings emitted\n"
                }
              ],
              "repaired": [
                false
              ]
            },
            {
              "attrs": [],
              "prefix": [
                "{",
                "    let map: HashMap<&str, u32> = [(\"x\", 10), (\"y\", 20)].into();",
                "    let key = \"x\";",
                "    let hash = compute_hash(map.hasher(), &key);",
                "    let entry = map.raw_entry().from_hash(hash, |k| k == &key);",
                "}"
              ],
              "oracles": [
                [
                  "    let map: HashMap<&str, u32> = [(\"x\", 10), (\"y\", 20)].into();",
                  "    let key = \"x\";",
                  "    let hash = compute_hash(map.hasher(), &key);",
                  "    let entry = map.raw_entry().from_hash(hash, |k| k == &key);",
                  "    assert_eq!(entry, Some((&\"x\", &10)));"
                ]
              ],
              "codes": [
                [
                  "{",
                  "    let map: HashMap<&str, u32> = [(\"x\", 10), (\"y\", 20)].into();",
                  "    let key = \"x\";",
                  "    let hash = compute_hash(map.hasher(), &key);",
                  "    let entry = map.raw_entry().from_hash(hash, |k| k == &key);",
                  "    let map: HashMap<&str, u32> = [(\"x\", 10), (\"y\", 20)].into();",
                  "    let key = \"x\";",
                  "    let hash = compute_hash(map.hasher(), &key);",
                  "    let entry = map.raw_entry().from_hash(hash, |k| k == &key);",
                  "    assert_eq!(entry, Some((&\"x\", &10)));",
                  "}"
                ]
              ],
              "can_compile": [
                {
                  "Err": "   Compiling proc-macro2 v1.0.95\n   Compiling libc v0.2.172\n   Compiling crossbeam-utils v0.8.21\n   Compiling syn v1.0.109\n   Compiling zerocopy v0.8.25\n   Compiling serde v1.0.219\n   Compiling rayon-core v1.12.1\n   Compiling doc-comment v0.3.3\n   Compiling crossbeam-epoch v0.9.18\n   Compiling quote v1.0.40\n   Compiling crossbeam-deque v0.8.6\n   Compiling getrandom v0.2.16\n   Compiling rand_core v0.6.4\n   Compiling rayon v1.10.0\n   Compiling ppv-lite86 v0.2.21\n   Compiling rand_chacha v0.3.1\n   Compiling rand v0.8.5\n   Compiling serde_test v1.0.177\n   Compiling ntest_test_cases v0.9.3\n   Compiling ntest_timeout v0.9.3\n   Compiling ntest v0.9.3\n   Compiling hashbrown v0.15.1 (/home/abezbm/rust-utgen-test-crates-new/hashbrown)\nwarning: unused imports: `Occupied` and `Vacant`\n    --> src/map.rs:4688:24\n     |\n4688 |     use super::Entry::{Occupied, Vacant};\n     |                        ^^^^^^^^  ^^^^^^\n     |\n     = note: `#[warn(unused_imports)]` on by default\n\nwarning: unused import: `super::EntryRef`\n    --> src/map.rs:4689:9\n     |\n4689 |     use super::EntryRef;\n     |         ^^^^^^^^^^^^^^^\n\nwarning: unused import: `ToString`\n    --> src/map.rs:4691:33\n     |\n4691 |     use alloc::string::{String, ToString};\n     |                                 ^^^^^^^^\n\nwarning: unused imports: `Rng`, `SeedableRng`, and `rngs::SmallRng`\n    --> src/map.rs:4697:16\n     |\n4697 |     use rand::{rngs::SmallRng, Rng, SeedableRng};\n     |                ^^^^^^^^^^^^^^  ^^^  ^^^^^^^^^^^\n\nwarning: unused import: `std::borrow::ToOwned`\n    --> src/map.rs:4698:9\n     |\n4698 |     use std::borrow::ToOwned;\n     |         ^^^^^^^^^^^^^^^^^^^^\n\nwarning: unused import: `super::HashMap`\n    --> src/raw_entry.rs:1487:9\n     |\n1487 |     use super::HashMap;\n     |         ^^^^^^^^^^^^^^\n\nwarning: unused import: `super::RawEntryMut`\n    --> src/raw_entry.rs:1488:9\n     |\n1488 |     use super::RawEntryMut;\n     |         ^^^^^^^^^^^^^^^^^^\n\nwarning: unused import: `ntest::timeout`\n    --> src/raw_entry.rs:1744:8\n     |\n1744 |    use ntest::timeout;\n     |        ^^^^^^^^^^^^^^\n\nwarning: unused imports: `Equivalent`, `HashSet`, and `make_hash`\n    --> src/set.rs:2579:17\n     |\n2579 |     use super::{make_hash, Equivalent, HashSet};\n     |                 ^^^^^^^^^  ^^^^^^^^^^  ^^^^^^^\n\nwarning: unused import: `crate::DefaultHashBuilder`\n    --> src/set.rs:2580:9\n     |\n2580 |     use crate::DefaultHashBuilder;\n     |         ^^^^^^^^^^^^^^^^^^^^^^^^^\n\nwarning: unused import: `std::vec::Vec`\n    --> src/set.rs:2581:9\n     |\n2581 |     use std::vec::Vec;\n     |         ^^^^^^^^^^^^^\n\nwarning: unused import: `super::HashTable`\n    --> src/table.rs:2375:9\n     |\n2375 |     use super::HashTable;\n     |         ^^^^^^^^^^^^^^^^\n\nerror[E0599]: no method named `finish` found for associated type `<S as std::hash::BuildHasher>::Hasher` in the current scope\n    --> src/raw_entry.rs:1748:11\n     |\n1748 |     state.finish()\n     |           ^^^^^^ method not found in `<S as BuildHasher>::Hasher`\n     |\n    ::: /home/abezbm/.rustup/toolchains/nightly-2024-07-21-x86_64-unknown-linux-gnu/lib/rustlib/src/rust/library/core/src/hash/mod.rs:338:8\n     |\n338  |     fn finish(&self) -> u64;\n     |        ------ the method is available for `<S as std::hash::BuildHasher>::Hasher` here\n     |\n     = help: items from traits can only be used if the trait is in scope\nhelp: trait `Hasher` which provides `finish` is implemented but not in scope; perhaps you want to import it\n     |\n1743 +    use std::hash::Hasher;\n     |\n\nwarning: unused variable: `entry`\n    --> src/raw_entry.rs:1757:9\n     |\n1757 |     let entry = map.raw_entry().from_hash(hash, |k| k == &key);\n     |         ^^^^^ help: if this is intentional, prefix it with an underscore: `_entry`\n     |\n     = note: `#[warn(unused_variables)]` on by default\n\nFor more information about this error, try `rustc --explain E0599`.\nwarning: `hashbrown` (lib test) generated 13 warnings\nerror: could not compile `hashbrown` (lib test) due to 1 previous error; 13 warnings emitted\n"
                }
              ],
              "repaired": [
                false
              ]
            },
            {
              "attrs": [],
              "prefix": [
                "{",
                "    let map: HashMap<&str, u32> = [(\"x\", 10), (\"y\", 20)].into();",
                "    let key = \"z\";",
                "    let hash = compute_hash(map.hasher(), &key);",
                "    let entry = map.raw_entry().from_hash(hash, |k| k == &key);",
                "}"
              ],
              "oracles": [
                [
                  "    let map: HashMap<&str, u32> = [(\"x\", 10), (\"y\", 20)].into();",
                  "    let key = \"z\";",
                  "    let hash = compute_hash(map.hasher(), &key);",
                  "    let entry = map.raw_entry().from_hash(hash, |k| k == &key);",
                  "    assert_eq!(entry, None);"
                ]
              ],
              "codes": [
                [
                  "{",
                  "    let map: HashMap<&str, u32> = [(\"x\", 10), (\"y\", 20)].into();",
                  "    let key = \"z\";",
                  "    let hash = compute_hash(map.hasher(), &key);",
                  "    let entry = map.raw_entry().from_hash(hash, |k| k == &key);",
                  "    let map: HashMap<&str, u32> = [(\"x\", 10), (\"y\", 20)].into();",
                  "    let key = \"z\";",
                  "    let hash = compute_hash(map.hasher(), &key);",
                  "    let entry = map.raw_entry().from_hash(hash, |k| k == &key);",
                  "    assert_eq!(entry, None);",
                  "}"
                ]
              ],
              "can_compile": [
                {
                  "Err": "   Compiling proc-macro2 v1.0.95\n   Compiling crossbeam-utils v0.8.21\n   Compiling libc v0.2.172\n   Compiling zerocopy v0.8.25\n   Compiling syn v1.0.109\n   Compiling rayon-core v1.12.1\n   Compiling serde v1.0.219\n   Compiling doc-comment v0.3.3\n   Compiling crossbeam-epoch v0.9.18\n   Compiling quote v1.0.40\n   Compiling crossbeam-deque v0.8.6\n   Compiling getrandom v0.2.16\n   Compiling rand_core v0.6.4\n   Compiling rayon v1.10.0\n   Compiling ppv-lite86 v0.2.21\n   Compiling rand_chacha v0.3.1\n   Compiling rand v0.8.5\n   Compiling serde_test v1.0.177\n   Compiling ntest_timeout v0.9.3\n   Compiling ntest_test_cases v0.9.3\n   Compiling ntest v0.9.3\n   Compiling hashbrown v0.15.1 (/home/abezbm/rust-utgen-test-crates-new/hashbrown)\nwarning: unused imports: `Occupied` and `Vacant`\n    --> src/map.rs:4688:24\n     |\n4688 |     use super::Entry::{Occupied, Vacant};\n     |                        ^^^^^^^^  ^^^^^^\n     |\n     = note: `#[warn(unused_imports)]` on by default\n\nwarning: unused import: `super::EntryRef`\n    --> src/map.rs:4689:9\n     |\n4689 |     use super::EntryRef;\n     |         ^^^^^^^^^^^^^^^\n\nwarning: unused import: `ToString`\n    --> src/map.rs:4691:33\n     |\n4691 |     use alloc::string::{String, ToString};\n     |                                 ^^^^^^^^\n\nwarning: unused imports: `Rng`, `SeedableRng`, and `rngs::SmallRng`\n    --> src/map.rs:4697:16\n     |\n4697 |     use rand::{rngs::SmallRng, Rng, SeedableRng};\n     |                ^^^^^^^^^^^^^^  ^^^  ^^^^^^^^^^^\n\nwarning: unused import: `std::borrow::ToOwned`\n    --> src/map.rs:4698:9\n     |\n4698 |     use std::borrow::ToOwned;\n     |         ^^^^^^^^^^^^^^^^^^^^\n\nwarning: unused import: `super::HashMap`\n    --> src/raw_entry.rs:1487:9\n     |\n1487 |     use super::HashMap;\n     |         ^^^^^^^^^^^^^^\n\nwarning: unused import: `super::RawEntryMut`\n    --> src/raw_entry.rs:1488:9\n     |\n1488 |     use super::RawEntryMut;\n     |         ^^^^^^^^^^^^^^^^^^\n\nwarning: unused import: `ntest::timeout`\n    --> src/raw_entry.rs:1744:8\n     |\n1744 |    use ntest::timeout;\n     |        ^^^^^^^^^^^^^^\n\nwarning: unused imports: `Equivalent`, `HashSet`, and `make_hash`\n    --> src/set.rs:2579:17\n     |\n2579 |     use super::{make_hash, Equivalent, HashSet};\n     |                 ^^^^^^^^^  ^^^^^^^^^^  ^^^^^^^\n\nwarning: unused import: `crate::DefaultHashBuilder`\n    --> src/set.rs:2580:9\n     |\n2580 |     use crate::DefaultHashBuilder;\n     |         ^^^^^^^^^^^^^^^^^^^^^^^^^\n\nwarning: unused import: `std::vec::Vec`\n    --> src/set.rs:2581:9\n     |\n2581 |     use std::vec::Vec;\n     |         ^^^^^^^^^^^^^\n\nwarning: unused import: `super::HashTable`\n    --> src/table.rs:2375:9\n     |\n2375 |     use super::HashTable;\n     |         ^^^^^^^^^^^^^^^^\n\nerror[E0599]: no method named `finish` found for associated type `<S as std::hash::BuildHasher>::Hasher` in the current scope\n    --> src/raw_entry.rs:1748:11\n     |\n1748 |     state.finish()\n     |           ^^^^^^ method not found in `<S as BuildHasher>::Hasher`\n     |\n    ::: /home/abezbm/.rustup/toolchains/nightly-2024-07-21-x86_64-unknown-linux-gnu/lib/rustlib/src/rust/library/core/src/hash/mod.rs:338:8\n     |\n338  |     fn finish(&self) -> u64;\n     |        ------ the method is available for `<S as std::hash::BuildHasher>::Hasher` here\n     |\n     = help: items from traits can only be used if the trait is in scope\nhelp: trait `Hasher` which provides `finish` is implemented but not in scope; perhaps you want to import it\n     |\n1743 +    use std::hash::Hasher;\n     |\n\nwarning: unused variable: `entry`\n    --> src/raw_entry.rs:1757:9\n     |\n1757 |     let entry = map.raw_entry().from_hash(hash, |k| k == &key);\n     |         ^^^^^ help: if this is intentional, prefix it with an underscore: `_entry`\n     |\n     = note: `#[warn(unused_variables)]` on by default\n\nFor more information about this error, try `rustc --explain E0599`.\nwarning: `hashbrown` (lib test) generated 13 warnings\nerror: could not compile `hashbrown` (lib test) due to 1 previous error; 13 warnings emitted\n"
                }
              ],
              "repaired": [
                false
              ]
            },
            {
              "attrs": [],
              "prefix": [
                "{",
                "    let map: HashMap<&str, u32> = [(\"a\", 100)].into();",
                "    let key = \"a\";",
                "    let hash = 0; // testing with minimum hash",
                "    let entry = map.raw_entry().from_hash(hash, |k| k == &key);",
                "}"
              ],
              "oracles": [
                [
                  "    let map: HashMap<&str, u32> = [(\"a\", 100)].into();",
                  "    let key = \"a\";",
                  "    let hash = 0;",
                  "    let entry = map.raw_entry().from_hash(hash, |k| k == &key);",
                  "    assert_eq!(entry, None);"
                ]
              ],
              "codes": [
                [
                  "{",
                  "    let map: HashMap<&str, u32> = [(\"a\", 100)].into();",
                  "    let key = \"a\";",
                  "    let hash = 0; // testing with minimum hash",
                  "    let entry = map.raw_entry().from_hash(hash, |k| k == &key);",
                  "    let map: HashMap<&str, u32> = [(\"a\", 100)].into();",
                  "    let key = \"a\";",
                  "    let hash = 0;",
                  "    let entry = map.raw_entry().from_hash(hash, |k| k == &key);",
                  "    assert_eq!(entry, None);",
                  "}"
                ]
              ],
              "can_compile": [
                {
                  "Err": "   Compiling proc-macro2 v1.0.95\n   Compiling libc v0.2.172\n   Compiling crossbeam-utils v0.8.21\n   Compiling zerocopy v0.8.25\n   Compiling syn v1.0.109\n   Compiling rayon-core v1.12.1\n   Compiling serde v1.0.219\n   Compiling doc-comment v0.3.3\n   Compiling crossbeam-epoch v0.9.18\n   Compiling quote v1.0.40\n   Compiling crossbeam-deque v0.8.6\n   Compiling getrandom v0.2.16\n   Compiling rand_core v0.6.4\n   Compiling rayon v1.10.0\n   Compiling ppv-lite86 v0.2.21\n   Compiling rand_chacha v0.3.1\n   Compiling rand v0.8.5\n   Compiling serde_test v1.0.177\n   Compiling ntest_test_cases v0.9.3\n   Compiling ntest_timeout v0.9.3\n   Compiling ntest v0.9.3\n   Compiling hashbrown v0.15.1 (/home/abezbm/rust-utgen-test-crates-new/hashbrown)\nwarning: unused imports: `Occupied` and `Vacant`\n    --> src/map.rs:4688:24\n     |\n4688 |     use super::Entry::{Occupied, Vacant};\n     |                        ^^^^^^^^  ^^^^^^\n     |\n     = note: `#[warn(unused_imports)]` on by default\n\nwarning: unused import: `super::EntryRef`\n    --> src/map.rs:4689:9\n     |\n4689 |     use super::EntryRef;\n     |         ^^^^^^^^^^^^^^^\n\nwarning: unused import: `ToString`\n    --> src/map.rs:4691:33\n     |\n4691 |     use alloc::string::{String, ToString};\n     |                                 ^^^^^^^^\n\nwarning: unused imports: `Rng`, `SeedableRng`, and `rngs::SmallRng`\n    --> src/map.rs:4697:16\n     |\n4697 |     use rand::{rngs::SmallRng, Rng, SeedableRng};\n     |                ^^^^^^^^^^^^^^  ^^^  ^^^^^^^^^^^\n\nwarning: unused import: `std::borrow::ToOwned`\n    --> src/map.rs:4698:9\n     |\n4698 |     use std::borrow::ToOwned;\n     |         ^^^^^^^^^^^^^^^^^^^^\n\nwarning: unused import: `super::HashMap`\n    --> src/raw_entry.rs:1487:9\n     |\n1487 |     use super::HashMap;\n     |         ^^^^^^^^^^^^^^\n\nwarning: unused import: `super::RawEntryMut`\n    --> src/raw_entry.rs:1488:9\n     |\n1488 |     use super::RawEntryMut;\n     |         ^^^^^^^^^^^^^^^^^^\n\nwarning: unused import: `ntest::timeout`\n    --> src/raw_entry.rs:1744:8\n     |\n1744 |    use ntest::timeout;\n     |        ^^^^^^^^^^^^^^\n\nwarning: unused imports: `Equivalent`, `HashSet`, and `make_hash`\n    --> src/set.rs:2579:17\n     |\n2579 |     use super::{make_hash, Equivalent, HashSet};\n     |                 ^^^^^^^^^  ^^^^^^^^^^  ^^^^^^^\n\nwarning: unused import: `crate::DefaultHashBuilder`\n    --> src/set.rs:2580:9\n     |\n2580 |     use crate::DefaultHashBuilder;\n     |         ^^^^^^^^^^^^^^^^^^^^^^^^^\n\nwarning: unused import: `std::vec::Vec`\n    --> src/set.rs:2581:9\n     |\n2581 |     use std::vec::Vec;\n     |         ^^^^^^^^^^^^^\n\nwarning: unused import: `super::HashTable`\n    --> src/table.rs:2375:9\n     |\n2375 |     use super::HashTable;\n     |         ^^^^^^^^^^^^^^^^\n\nerror[E0599]: no method named `finish` found for associated type `<S as std::hash::BuildHasher>::Hasher` in the current scope\n    --> src/raw_entry.rs:1748:11\n     |\n1748 |     state.finish()\n     |           ^^^^^^ method not found in `<S as BuildHasher>::Hasher`\n     |\n    ::: /home/abezbm/.rustup/toolchains/nightly-2024-07-21-x86_64-unknown-linux-gnu/lib/rustlib/src/rust/library/core/src/hash/mod.rs:338:8\n     |\n338  |     fn finish(&self) -> u64;\n     |        ------ the method is available for `<S as std::hash::BuildHasher>::Hasher` here\n     |\n     = help: items from traits can only be used if the trait is in scope\nhelp: trait `Hasher` which provides `finish` is implemented but not in scope; perhaps you want to import it\n     |\n1743 +    use std::hash::Hasher;\n     |\n\nwarning: unused variable: `entry`\n    --> src/raw_entry.rs:1757:9\n     |\n1757 |     let entry = map.raw_entry().from_hash(hash, |k| k == &key);\n     |         ^^^^^ help: if this is intentional, prefix it with an underscore: `_entry`\n     |\n     = note: `#[warn(unused_variables)]` on by default\n\nFor more information about this error, try `rustc --explain E0599`.\nwarning: `hashbrown` (lib test) generated 13 warnings\nerror: could not compile `hashbrown` (lib test) due to 1 previous error; 13 warnings emitted\n"
                }
              ],
              "repaired": [
                false
              ]
            },
            {
              "attrs": [],
              "prefix": [
                "{",
                "    let map: HashMap<u64, u32> = HashMap::with_capacity_and_hasher(1, Default::default());",
                "    let key = 1u64;",
                "    map.insert(key, 42);",
                "    let hash = u64::MAX; // testing with maximum hash",
                "    let entry = map.raw_entry().from_hash(hash, |k| *k == key);",
                "}"
              ],
              "oracles": [
                [
                  "    let map: HashMap<u64, u32> = HashMap::with_capacity_and_hasher(1, Default::default());",
                  "    let key = 1u64;",
                  "    map.insert(key, 42);",
                  "    let hash = u64::MAX;",
                  "    let entry = map.raw_entry().from_hash(hash, |k| *k == key);",
                  "    assert_eq!(entry, None);"
                ],
                [
                  "    let map: HashMap<u64, u32> = HashMap::with_capacity_and_hasher(1, Default::default());",
                  "    let key = 1u64;",
                  "    map.insert(key, 42);",
                  "    let hash = u64::MAX;",
                  "    let entry = map.raw_entry().from_hash(hash, |k| *k == key);",
                  "    assert!(entry.is_none());"
                ],
                [
                  "    let map: HashMap<u64, u32> = HashMap::with_capacity_and_hasher(1, Default::default());",
                  "    let key = 1u64;",
                  "    map.insert(key, 42);",
                  "    let hash = u64::MAX;",
                  "    let entry = map.raw_entry().from_hash(hash, |k| *k == key);",
                  "    let hash = compute_hash(map.hasher(), &key);",
                  "    let entry_valid = map.raw_entry().from_hash(hash, |k| *k == key);",
                  "    assert_eq!(entry_valid, Some((key, &42)));"
                ],
                [
                  "    let map: HashMap<u64, u32> = HashMap::with_capacity_and_hasher(1, Default::default());",
                  "    let key = 1u64;",
                  "    map.insert(key, 42);",
                  "    let hash = u64::MAX;",
                  "    let entry = map.raw_entry().from_hash(hash, |k| *k == key);",
                  "    let hash = compute_hash(map.hasher(), &key);",
                  "    let entry_valid = map.raw_entry().from_hash(hash, |k| *k == key);",
                  "    assert!(entry_valid.is_some());"
                ]
              ],
              "codes": [
                [
                  "{",
                  "    let map: HashMap<u64, u32> = HashMap::with_capacity_and_hasher(1, Default::default());",
                  "    let key = 1u64;",
                  "    map.insert(key, 42);",
                  "    let hash = u64::MAX; // testing with maximum hash",
                  "    let entry = map.raw_entry().from_hash(hash, |k| *k == key);",
                  "    let map: HashMap<u64, u32> = HashMap::with_capacity_and_hasher(1, Default::default());",
                  "    let key = 1u64;",
                  "    map.insert(key, 42);",
                  "    let hash = u64::MAX;",
                  "    let entry = map.raw_entry().from_hash(hash, |k| *k == key);",
                  "    assert_eq!(entry, None);",
                  "}"
                ],
                [
                  "{",
                  "    let map: HashMap<u64, u32> = HashMap::with_capacity_and_hasher(1, Default::default());",
                  "    let key = 1u64;",
                  "    map.insert(key, 42);",
                  "    let hash = u64::MAX; // testing with maximum hash",
                  "    let entry = map.raw_entry().from_hash(hash, |k| *k == key);",
                  "    let map: HashMap<u64, u32> = HashMap::with_capacity_and_hasher(1, Default::default());",
                  "    let key = 1u64;",
                  "    map.insert(key, 42);",
                  "    let hash = u64::MAX;",
                  "    let entry = map.raw_entry().from_hash(hash, |k| *k == key);",
                  "    assert!(entry.is_none());",
                  "}"
                ],
                [
                  "{",
                  "    let map: HashMap<u64, u32> = HashMap::with_capacity_and_hasher(1, Default::default());",
                  "    let key = 1u64;",
                  "    map.insert(key, 42);",
                  "    let hash = u64::MAX; // testing with maximum hash",
                  "    let entry = map.raw_entry().from_hash(hash, |k| *k == key);",
                  "    let map: HashMap<u64, u32> = HashMap::with_capacity_and_hasher(1, Default::default());",
                  "    let key = 1u64;",
                  "    map.insert(key, 42);",
                  "    let hash = u64::MAX;",
                  "    let entry = map.raw_entry().from_hash(hash, |k| *k == key);",
                  "    let hash = compute_hash(map.hasher(), &key);",
                  "    let entry_valid = map.raw_entry().from_hash(hash, |k| *k == key);",
                  "    assert_eq!(entry_valid, Some((key, &42)));",
                  "}"
                ],
                [
                  "{",
                  "    let map: HashMap<u64, u32> = HashMap::with_capacity_and_hasher(1, Default::default());",
                  "    let key = 1u64;",
                  "    map.insert(key, 42);",
                  "    let hash = u64::MAX; // testing with maximum hash",
                  "    let entry = map.raw_entry().from_hash(hash, |k| *k == key);",
                  "    let map: HashMap<u64, u32> = HashMap::with_capacity_and_hasher(1, Default::default());",
                  "    let key = 1u64;",
                  "    map.insert(key, 42);",
                  "    let hash = u64::MAX;",
                  "    let entry = map.raw_entry().from_hash(hash, |k| *k == key);",
                  "    let hash = compute_hash(map.hasher(), &key);",
                  "    let entry_valid = map.raw_entry().from_hash(hash, |k| *k == key);",
                  "    assert!(entry_valid.is_some());",
                  "}"
                ]
              ],
              "can_compile": [
                {
                  "Err": "   Compiling proc-macro2 v1.0.95\n   Compiling libc v0.2.172\n   Compiling crossbeam-utils v0.8.21\n   Compiling syn v1.0.109\n   Compiling zerocopy v0.8.25\n   Compiling rayon-core v1.12.1\n   Compiling serde v1.0.219\n   Compiling doc-comment v0.3.3\n   Compiling crossbeam-epoch v0.9.18\n   Compiling quote v1.0.40\n   Compiling crossbeam-deque v0.8.6\n   Compiling getrandom v0.2.16\n   Compiling rand_core v0.6.4\n   Compiling rayon v1.10.0\n   Compiling ppv-lite86 v0.2.21\n   Compiling rand_chacha v0.3.1\n   Compiling rand v0.8.5\n   Compiling serde_test v1.0.177\n   Compiling ntest_timeout v0.9.3\n   Compiling ntest_test_cases v0.9.3\n   Compiling ntest v0.9.3\n   Compiling hashbrown v0.15.1 (/home/abezbm/rust-utgen-test-crates-new/hashbrown)\nwarning: unused imports: `Occupied` and `Vacant`\n    --> src/map.rs:4688:24\n     |\n4688 |     use super::Entry::{Occupied, Vacant};\n     |                        ^^^^^^^^  ^^^^^^\n     |\n     = note: `#[warn(unused_imports)]` on by default\n\nwarning: unused import: `super::EntryRef`\n    --> src/map.rs:4689:9\n     |\n4689 |     use super::EntryRef;\n     |         ^^^^^^^^^^^^^^^\n\nwarning: unused import: `ToString`\n    --> src/map.rs:4691:33\n     |\n4691 |     use alloc::string::{String, ToString};\n     |                                 ^^^^^^^^\n\nwarning: unused imports: `Rng`, `SeedableRng`, and `rngs::SmallRng`\n    --> src/map.rs:4697:16\n     |\n4697 |     use rand::{rngs::SmallRng, Rng, SeedableRng};\n     |                ^^^^^^^^^^^^^^  ^^^  ^^^^^^^^^^^\n\nwarning: unused import: `std::borrow::ToOwned`\n    --> src/map.rs:4698:9\n     |\n4698 |     use std::borrow::ToOwned;\n     |         ^^^^^^^^^^^^^^^^^^^^\n\nwarning: unused import: `super::HashMap`\n    --> src/raw_entry.rs:1487:9\n     |\n1487 |     use super::HashMap;\n     |         ^^^^^^^^^^^^^^\n\nwarning: unused import: `super::RawEntryMut`\n    --> src/raw_entry.rs:1488:9\n     |\n1488 |     use super::RawEntryMut;\n     |         ^^^^^^^^^^^^^^^^^^\n\nwarning: unused import: `ntest::timeout`\n    --> src/raw_entry.rs:1744:8\n     |\n1744 |    use ntest::timeout;\n     |        ^^^^^^^^^^^^^^\n\nwarning: unused imports: `Equivalent`, `HashSet`, and `make_hash`\n    --> src/set.rs:2579:17\n     |\n2579 |     use super::{make_hash, Equivalent, HashSet};\n     |                 ^^^^^^^^^  ^^^^^^^^^^  ^^^^^^^\n\nwarning: unused import: `crate::DefaultHashBuilder`\n    --> src/set.rs:2580:9\n     |\n2580 |     use crate::DefaultHashBuilder;\n     |         ^^^^^^^^^^^^^^^^^^^^^^^^^\n\nwarning: unused import: `std::vec::Vec`\n    --> src/set.rs:2581:9\n     |\n2581 |     use std::vec::Vec;\n     |         ^^^^^^^^^^^^^\n\nwarning: unused import: `super::HashTable`\n    --> src/table.rs:2375:9\n     |\n2375 |     use super::HashTable;\n     |         ^^^^^^^^^^^^^^^^\n\nerror[E0599]: no method named `finish` found for associated type `<S as std::hash::BuildHasher>::Hasher` in the current scope\n    --> src/raw_entry.rs:1748:11\n     |\n1748 |     state.finish()\n     |           ^^^^^^ method not found in `<S as BuildHasher>::Hasher`\n     |\n    ::: /home/abezbm/.rustup/toolchains/nightly-2024-07-21-x86_64-unknown-linux-gnu/lib/rustlib/src/rust/library/core/src/hash/mod.rs:338:8\n     |\n338  |     fn finish(&self) -> u64;\n     |        ------ the method is available for `<S as std::hash::BuildHasher>::Hasher` here\n     |\n     = help: items from traits can only be used if the trait is in scope\nhelp: trait `Hasher` which provides `finish` is implemented but not in scope; perhaps you want to import it\n     |\n1743 +    use std::hash::Hasher;\n     |\n\nwarning: unused variable: `entry`\n    --> src/raw_entry.rs:1758:9\n     |\n1758 |     let entry = map.raw_entry().from_hash(hash, |k| *k == key);\n     |         ^^^^^ help: if this is intentional, prefix it with an underscore: `_entry`\n     |\n     = note: `#[warn(unused_variables)]` on by default\n\nerror[E0596]: cannot borrow `map` as mutable, as it is not declared as mutable\n    --> src/raw_entry.rs:1756:5\n     |\n1756 |     map.insert(key, 42);\n     |     ^^^ cannot borrow as mutable\n     |\nhelp: consider changing this to be mutable\n     |\n1754 |     let mut map: HashMap<u64, u32> = HashMap::with_capacity_and_hasher(1, Default::default());\n     |         +++\n\nerror[E0596]: cannot borrow `map` as mutable, as it is not declared as mutable\n    --> src/raw_entry.rs:1761:5\n     |\n1761 |     map.insert(key, 42);\n     |     ^^^ cannot borrow as mutable\n     |\nhelp: consider changing this to be mutable\n     |\n1759 |     let mut map: HashMap<u64, u32> = HashMap::with_capacity_and_hasher(1, Default::default());\n     |         +++\n\nSome errors have detailed explanations: E0596, E0599.\nFor more information about an error, try `rustc --explain E0596`.\nwarning: `hashbrown` (lib test) generated 13 warnings\nerror: could not compile `hashbrown` (lib test) due to 3 previous errors; 13 warnings emitted\n"
                },
                {
                  "Err": "   Compiling proc-macro2 v1.0.95\n   Compiling crossbeam-utils v0.8.21\n   Compiling libc v0.2.172\n   Compiling zerocopy v0.8.25\n   Compiling syn v1.0.109\n   Compiling rayon-core v1.12.1\n   Compiling serde v1.0.219\n   Compiling doc-comment v0.3.3\n   Compiling crossbeam-epoch v0.9.18\n   Compiling quote v1.0.40\n   Compiling crossbeam-deque v0.8.6\n   Compiling getrandom v0.2.16\n   Compiling rand_core v0.6.4\n   Compiling rayon v1.10.0\n   Compiling ppv-lite86 v0.2.21\n   Compiling rand_chacha v0.3.1\n   Compiling rand v0.8.5\n   Compiling serde_test v1.0.177\n   Compiling ntest_timeout v0.9.3\n   Compiling ntest_test_cases v0.9.3\n   Compiling ntest v0.9.3\n   Compiling hashbrown v0.15.1 (/home/abezbm/rust-utgen-test-crates-new/hashbrown)\nwarning: unused imports: `Occupied` and `Vacant`\n    --> src/map.rs:4688:24\n     |\n4688 |     use super::Entry::{Occupied, Vacant};\n     |                        ^^^^^^^^  ^^^^^^\n     |\n     = note: `#[warn(unused_imports)]` on by default\n\nwarning: unused import: `super::EntryRef`\n    --> src/map.rs:4689:9\n     |\n4689 |     use super::EntryRef;\n     |         ^^^^^^^^^^^^^^^\n\nwarning: unused import: `ToString`\n    --> src/map.rs:4691:33\n     |\n4691 |     use alloc::string::{String, ToString};\n     |                                 ^^^^^^^^\n\nwarning: unused imports: `Rng`, `SeedableRng`, and `rngs::SmallRng`\n    --> src/map.rs:4697:16\n     |\n4697 |     use rand::{rngs::SmallRng, Rng, SeedableRng};\n     |                ^^^^^^^^^^^^^^  ^^^  ^^^^^^^^^^^\n\nwarning: unused import: `std::borrow::ToOwned`\n    --> src/map.rs:4698:9\n     |\n4698 |     use std::borrow::ToOwned;\n     |         ^^^^^^^^^^^^^^^^^^^^\n\nwarning: unused import: `super::HashMap`\n    --> src/raw_entry.rs:1487:9\n     |\n1487 |     use super::HashMap;\n     |         ^^^^^^^^^^^^^^\n\nwarning: unused import: `super::RawEntryMut`\n    --> src/raw_entry.rs:1488:9\n     |\n1488 |     use super::RawEntryMut;\n     |         ^^^^^^^^^^^^^^^^^^\n\nwarning: unused import: `ntest::timeout`\n    --> src/raw_entry.rs:1744:8\n     |\n1744 |    use ntest::timeout;\n     |        ^^^^^^^^^^^^^^\n\nwarning: unused imports: `Equivalent`, `HashSet`, and `make_hash`\n    --> src/set.rs:2579:17\n     |\n2579 |     use super::{make_hash, Equivalent, HashSet};\n     |                 ^^^^^^^^^  ^^^^^^^^^^  ^^^^^^^\n\nwarning: unused import: `crate::DefaultHashBuilder`\n    --> src/set.rs:2580:9\n     |\n2580 |     use crate::DefaultHashBuilder;\n     |         ^^^^^^^^^^^^^^^^^^^^^^^^^\n\nwarning: unused import: `std::vec::Vec`\n    --> src/set.rs:2581:9\n     |\n2581 |     use std::vec::Vec;\n     |         ^^^^^^^^^^^^^\n\nwarning: unused import: `super::HashTable`\n    --> src/table.rs:2375:9\n     |\n2375 |     use super::HashTable;\n     |         ^^^^^^^^^^^^^^^^\n\nerror[E0599]: no method named `finish` found for associated type `<S as std::hash::BuildHasher>::Hasher` in the current scope\n    --> src/raw_entry.rs:1748:11\n     |\n1748 |     state.finish()\n     |           ^^^^^^ method not found in `<S as BuildHasher>::Hasher`\n     |\n    ::: /home/abezbm/.rustup/toolchains/nightly-2024-07-21-x86_64-unknown-linux-gnu/lib/rustlib/src/rust/library/core/src/hash/mod.rs:338:8\n     |\n338  |     fn finish(&self) -> u64;\n     |        ------ the method is available for `<S as std::hash::BuildHasher>::Hasher` here\n     |\n     = help: items from traits can only be used if the trait is in scope\nhelp: trait `Hasher` which provides `finish` is implemented but not in scope; perhaps you want to import it\n     |\n1743 +    use std::hash::Hasher;\n     |\n\nwarning: unused variable: `entry`\n    --> src/raw_entry.rs:1758:9\n     |\n1758 |     let entry = map.raw_entry().from_hash(hash, |k| *k == key);\n     |         ^^^^^ help: if this is intentional, prefix it with an underscore: `_entry`\n     |\n     = note: `#[warn(unused_variables)]` on by default\n\nerror[E0596]: cannot borrow `map` as mutable, as it is not declared as mutable\n    --> src/raw_entry.rs:1756:5\n     |\n1756 |     map.insert(key, 42);\n     |     ^^^ cannot borrow as mutable\n     |\nhelp: consider changing this to be mutable\n     |\n1754 |     let mut map: HashMap<u64, u32> = HashMap::with_capacity_and_hasher(1, Default::default());\n     |         +++\n\nerror[E0596]: cannot borrow `map` as mutable, as it is not declared as mutable\n    --> src/raw_entry.rs:1761:5\n     |\n1761 |     map.insert(key, 42);\n     |     ^^^ cannot borrow as mutable\n     |\nhelp: consider changing this to be mutable\n     |\n1759 |     let mut map: HashMap<u64, u32> = HashMap::with_capacity_and_hasher(1, Default::default());\n     |         +++\n\nSome errors have detailed explanations: E0596, E0599.\nFor more information about an error, try `rustc --explain E0596`.\nwarning: `hashbrown` (lib test) generated 13 warnings\nerror: could not compile `hashbrown` (lib test) due to 3 previous errors; 13 warnings emitted\n"
                },
                {
                  "Err": "   Compiling proc-macro2 v1.0.95\n   Compiling libc v0.2.172\n   Compiling crossbeam-utils v0.8.21\n   Compiling zerocopy v0.8.25\n   Compiling syn v1.0.109\n   Compiling rayon-core v1.12.1\n   Compiling serde v1.0.219\n   Compiling doc-comment v0.3.3\n   Compiling crossbeam-epoch v0.9.18\n   Compiling quote v1.0.40\n   Compiling crossbeam-deque v0.8.6\n   Compiling getrandom v0.2.16\n   Compiling rand_core v0.6.4\n   Compiling rayon v1.10.0\n   Compiling ppv-lite86 v0.2.21\n   Compiling rand_chacha v0.3.1\n   Compiling rand v0.8.5\n   Compiling serde_test v1.0.177\n   Compiling ntest_timeout v0.9.3\n   Compiling ntest_test_cases v0.9.3\n   Compiling ntest v0.9.3\n   Compiling hashbrown v0.15.1 (/home/abezbm/rust-utgen-test-crates-new/hashbrown)\nwarning: unused imports: `Occupied` and `Vacant`\n    --> src/map.rs:4688:24\n     |\n4688 |     use super::Entry::{Occupied, Vacant};\n     |                        ^^^^^^^^  ^^^^^^\n     |\n     = note: `#[warn(unused_imports)]` on by default\n\nwarning: unused import: `super::EntryRef`\n    --> src/map.rs:4689:9\n     |\n4689 |     use super::EntryRef;\n     |         ^^^^^^^^^^^^^^^\n\nwarning: unused import: `ToString`\n    --> src/map.rs:4691:33\n     |\n4691 |     use alloc::string::{String, ToString};\n     |                                 ^^^^^^^^\n\nwarning: unused imports: `Rng`, `SeedableRng`, and `rngs::SmallRng`\n    --> src/map.rs:4697:16\n     |\n4697 |     use rand::{rngs::SmallRng, Rng, SeedableRng};\n     |                ^^^^^^^^^^^^^^  ^^^  ^^^^^^^^^^^\n\nwarning: unused import: `std::borrow::ToOwned`\n    --> src/map.rs:4698:9\n     |\n4698 |     use std::borrow::ToOwned;\n     |         ^^^^^^^^^^^^^^^^^^^^\n\nwarning: unused import: `super::HashMap`\n    --> src/raw_entry.rs:1487:9\n     |\n1487 |     use super::HashMap;\n     |         ^^^^^^^^^^^^^^\n\nwarning: unused import: `super::RawEntryMut`\n    --> src/raw_entry.rs:1488:9\n     |\n1488 |     use super::RawEntryMut;\n     |         ^^^^^^^^^^^^^^^^^^\n\nwarning: unused import: `ntest::timeout`\n    --> src/raw_entry.rs:1744:8\n     |\n1744 |    use ntest::timeout;\n     |        ^^^^^^^^^^^^^^\n\nwarning: unused imports: `Equivalent`, `HashSet`, and `make_hash`\n    --> src/set.rs:2579:17\n     |\n2579 |     use super::{make_hash, Equivalent, HashSet};\n     |                 ^^^^^^^^^  ^^^^^^^^^^  ^^^^^^^\n\nwarning: unused import: `crate::DefaultHashBuilder`\n    --> src/set.rs:2580:9\n     |\n2580 |     use crate::DefaultHashBuilder;\n     |         ^^^^^^^^^^^^^^^^^^^^^^^^^\n\nwarning: unused import: `std::vec::Vec`\n    --> src/set.rs:2581:9\n     |\n2581 |     use std::vec::Vec;\n     |         ^^^^^^^^^^^^^\n\nwarning: unused import: `super::HashTable`\n    --> src/table.rs:2375:9\n     |\n2375 |     use super::HashTable;\n     |         ^^^^^^^^^^^^^^^^\n\nerror[E0599]: no method named `finish` found for associated type `<S as std::hash::BuildHasher>::Hasher` in the current scope\n    --> src/raw_entry.rs:1748:11\n     |\n1748 |     state.finish()\n     |           ^^^^^^ method not found in `<S as BuildHasher>::Hasher`\n     |\n    ::: /home/abezbm/.rustup/toolchains/nightly-2024-07-21-x86_64-unknown-linux-gnu/lib/rustlib/src/rust/library/core/src/hash/mod.rs:338:8\n     |\n338  |     fn finish(&self) -> u64;\n     |        ------ the method is available for `<S as std::hash::BuildHasher>::Hasher` here\n     |\n     = help: items from traits can only be used if the trait is in scope\nhelp: trait `Hasher` which provides `finish` is implemented but not in scope; perhaps you want to import it\n     |\n1743 +    use std::hash::Hasher;\n     |\n\nerror[E0308]: mismatched types\n    --> src/raw_entry.rs:1766:29\n     |\n1766 |     assert_eq!(entry_valid, Some((key, &42)));\n     |                             ^^^^^^^^^^^^^^^^ expected `Option<(&u64, &u32)>`, found `Option<(u64, &{integer})>`\n     |\n     = note: expected enum `Option<(&_, &u32)>`\n                found enum `Option<(_, &{integer})>`\n\nSome errors have detailed explanations: E0308, E0599.\nFor more information about an error, try `rustc --explain E0308`.\nwarning: `hashbrown` (lib test) generated 12 warnings\nerror: could not compile `hashbrown` (lib test) due to 2 previous errors; 12 warnings emitted\n"
                },
                {
                  "Err": "   Compiling proc-macro2 v1.0.95\n   Compiling crossbeam-utils v0.8.21\n   Compiling libc v0.2.172\n   Compiling zerocopy v0.8.25\n   Compiling syn v1.0.109\n   Compiling serde v1.0.219\n   Compiling rayon-core v1.12.1\n   Compiling doc-comment v0.3.3\n   Compiling crossbeam-epoch v0.9.18\n   Compiling quote v1.0.40\n   Compiling crossbeam-deque v0.8.6\n   Compiling getrandom v0.2.16\n   Compiling rand_core v0.6.4\n   Compiling rayon v1.10.0\n   Compiling ppv-lite86 v0.2.21\n   Compiling rand_chacha v0.3.1\n   Compiling rand v0.8.5\n   Compiling serde_test v1.0.177\n   Compiling ntest_timeout v0.9.3\n   Compiling ntest_test_cases v0.9.3\n   Compiling ntest v0.9.3\n   Compiling hashbrown v0.15.1 (/home/abezbm/rust-utgen-test-crates-new/hashbrown)\nwarning: unused imports: `Occupied` and `Vacant`\n    --> src/map.rs:4688:24\n     |\n4688 |     use super::Entry::{Occupied, Vacant};\n     |                        ^^^^^^^^  ^^^^^^\n     |\n     = note: `#[warn(unused_imports)]` on by default\n\nwarning: unused import: `super::EntryRef`\n    --> src/map.rs:4689:9\n     |\n4689 |     use super::EntryRef;\n     |         ^^^^^^^^^^^^^^^\n\nwarning: unused import: `ToString`\n    --> src/map.rs:4691:33\n     |\n4691 |     use alloc::string::{String, ToString};\n     |                                 ^^^^^^^^\n\nwarning: unused imports: `Rng`, `SeedableRng`, and `rngs::SmallRng`\n    --> src/map.rs:4697:16\n     |\n4697 |     use rand::{rngs::SmallRng, Rng, SeedableRng};\n     |                ^^^^^^^^^^^^^^  ^^^  ^^^^^^^^^^^\n\nwarning: unused import: `std::borrow::ToOwned`\n    --> src/map.rs:4698:9\n     |\n4698 |     use std::borrow::ToOwned;\n     |         ^^^^^^^^^^^^^^^^^^^^\n\nwarning: unused import: `super::HashMap`\n    --> src/raw_entry.rs:1487:9\n     |\n1487 |     use super::HashMap;\n     |         ^^^^^^^^^^^^^^\n\nwarning: unused import: `super::RawEntryMut`\n    --> src/raw_entry.rs:1488:9\n     |\n1488 |     use super::RawEntryMut;\n     |         ^^^^^^^^^^^^^^^^^^\n\nwarning: unused import: `ntest::timeout`\n    --> src/raw_entry.rs:1744:8\n     |\n1744 |    use ntest::timeout;\n     |        ^^^^^^^^^^^^^^\n\nwarning: unused imports: `Equivalent`, `HashSet`, and `make_hash`\n    --> src/set.rs:2579:17\n     |\n2579 |     use super::{make_hash, Equivalent, HashSet};\n     |                 ^^^^^^^^^  ^^^^^^^^^^  ^^^^^^^\n\nwarning: unused import: `crate::DefaultHashBuilder`\n    --> src/set.rs:2580:9\n     |\n2580 |     use crate::DefaultHashBuilder;\n     |         ^^^^^^^^^^^^^^^^^^^^^^^^^\n\nwarning: unused import: `std::vec::Vec`\n    --> src/set.rs:2581:9\n     |\n2581 |     use std::vec::Vec;\n     |         ^^^^^^^^^^^^^\n\nwarning: unused import: `super::HashTable`\n    --> src/table.rs:2375:9\n     |\n2375 |     use super::HashTable;\n     |         ^^^^^^^^^^^^^^^^\n\nerror[E0599]: no method named `finish` found for associated type `<S as std::hash::BuildHasher>::Hasher` in the current scope\n    --> src/raw_entry.rs:1748:11\n     |\n1748 |     state.finish()\n     |           ^^^^^^ method not found in `<S as BuildHasher>::Hasher`\n     |\n    ::: /home/abezbm/.rustup/toolchains/nightly-2024-07-21-x86_64-unknown-linux-gnu/lib/rustlib/src/rust/library/core/src/hash/mod.rs:338:8\n     |\n338  |     fn finish(&self) -> u64;\n     |        ------ the method is available for `<S as std::hash::BuildHasher>::Hasher` here\n     |\n     = help: items from traits can only be used if the trait is in scope\nhelp: trait `Hasher` which provides `finish` is implemented but not in scope; perhaps you want to import it\n     |\n1743 +    use std::hash::Hasher;\n     |\n\nwarning: unused variable: `entry`\n    --> src/raw_entry.rs:1758:9\n     |\n1758 |     let entry = map.raw_entry().from_hash(hash, |k| *k == key);\n     |         ^^^^^ help: if this is intentional, prefix it with an underscore: `_entry`\n     |\n     = note: `#[warn(unused_variables)]` on by default\n\nwarning: unused variable: `entry`\n    --> src/raw_entry.rs:1763:9\n     |\n1763 |     let entry = map.raw_entry().from_hash(hash, |k| *k == key);\n     |         ^^^^^ help: if this is intentional, prefix it with an underscore: `_entry`\n\nerror[E0596]: cannot borrow `map` as mutable, as it is not declared as mutable\n    --> src/raw_entry.rs:1756:5\n     |\n1756 |     map.insert(key, 42);\n     |     ^^^ cannot borrow as mutable\n     |\nhelp: consider changing this to be mutable\n     |\n1754 |     let mut map: HashMap<u64, u32> = HashMap::with_capacity_and_hasher(1, Default::default());\n     |         +++\n\nerror[E0596]: cannot borrow `map` as mutable, as it is not declared as mutable\n    --> src/raw_entry.rs:1761:5\n     |\n1761 |     map.insert(key, 42);\n     |     ^^^ cannot borrow as mutable\n     |\nhelp: consider changing this to be mutable\n     |\n1759 |     let mut map: HashMap<u64, u32> = HashMap::with_capacity_and_hasher(1, Default::default());\n     |         +++\n\nSome errors have detailed explanations: E0596, E0599.\nFor more information about an error, try `rustc --explain E0596`.\nwarning: `hashbrown` (lib test) generated 14 warnings\nerror: could not compile `hashbrown` (lib test) due to 3 previous errors; 14 warnings emitted\n"
                }
              ],
              "repaired": [
                false,
                false,
                false,
                false
              ]
            },
            {
              "attrs": [],
              "prefix": [
                "{",
                "    let map: HashMap<&str, u32> = [(\"collide\", 5), (\"collide2\", 15)].into();",
                "    let key = \"collide\";",
                "    let hash = compute_hash(map.hasher(), &key);",
                "    let entry = map.raw_entry().from_hash(hash, |k| k == &key);",
                "}"
              ],
              "oracles": [
                [
                  "    let map: HashMap<&str, u32> = [(\"collide\", 5), (\"collide2\", 15)].into();",
                  "    let key = \"collide\";",
                  "    let hash = compute_hash(map.hasher(), &key);",
                  "    let entry = map.raw_entry().from_hash(hash, |k| k == &key);",
                  "    assert_eq!(entry, Some((&\"collide\", &5)));"
                ],
                [
                  "    let map: HashMap<&str, u32> = [(\"collide\", 5), (\"collide2\", 15)].into();",
                  "    let key = \"collide\";",
                  "    let hash = compute_hash(map.hasher(), &key);",
                  "    let entry = map.raw_entry().from_hash(hash, |k| k == &key);",
                  "    let entry2 = map.raw_entry().from_hash(hash + 1, |k| k == &key);",
                  "    assert_eq!(entry2, None);"
                ],
                [
                  "    let map: HashMap<&str, u32> = [(\"collide\", 5), (\"collide2\", 15)].into();",
                  "    let key = \"collide\";",
                  "    let hash = compute_hash(map.hasher(), &key);",
                  "    let entry = map.raw_entry().from_hash(hash, |k| k == &key);",
                  "    let entry2 = map.raw_entry().from_hash(hash + 1, |k| k == &key);",
                  "    let entry3 = map.raw_entry().from_hash(hash, |k| k == &\"nonexistent\");",
                  "    assert_eq!(entry3, None);"
                ],
                [
                  "    let map: HashMap<&str, u32> = [(\"collide\", 5), (\"collide2\", 15)].into();",
                  "    let key = \"collide\";",
                  "    let hash = compute_hash(map.hasher(), &key);",
                  "    let entry = map.raw_entry().from_hash(hash, |k| k == &key);",
                  "    let entry2 = map.raw_entry().from_hash(hash + 1, |k| k == &key);",
                  "    let entry3 = map.raw_entry().from_hash(hash, |k| k == &\"nonexistent\");",
                  "    let another_hash = compute_hash(map.hasher(), &\"collide2\");",
                  "    let entry4 = map.raw_entry().from_hash(another_hash, |k| k == &\"collide2\");",
                  "    assert_eq!(entry4, Some((&\"collide2\", &15)));"
                ]
              ],
              "codes": [
                [
                  "{",
                  "    let map: HashMap<&str, u32> = [(\"collide\", 5), (\"collide2\", 15)].into();",
                  "    let key = \"collide\";",
                  "    let hash = compute_hash(map.hasher(), &key);",
                  "    let entry = map.raw_entry().from_hash(hash, |k| k == &key);",
                  "    let map: HashMap<&str, u32> = [(\"collide\", 5), (\"collide2\", 15)].into();",
                  "    let key = \"collide\";",
                  "    let hash = compute_hash(map.hasher(), &key);",
                  "    let entry = map.raw_entry().from_hash(hash, |k| k == &key);",
                  "    assert_eq!(entry, Some((&\"collide\", &5)));",
                  "}"
                ],
                [
                  "{",
                  "    let map: HashMap<&str, u32> = [(\"collide\", 5), (\"collide2\", 15)].into();",
                  "    let key = \"collide\";",
                  "    let hash = compute_hash(map.hasher(), &key);",
                  "    let entry = map.raw_entry().from_hash(hash, |k| k == &key);",
                  "    let map: HashMap<&str, u32> = [(\"collide\", 5), (\"collide2\", 15)].into();",
                  "    let key = \"collide\";",
                  "    let hash = compute_hash(map.hasher(), &key);",
                  "    let entry = map.raw_entry().from_hash(hash, |k| k == &key);",
                  "    let entry2 = map.raw_entry().from_hash(hash + 1, |k| k == &key);",
                  "    assert_eq!(entry2, None);",
                  "}"
                ],
                [
                  "{",
                  "    let map: HashMap<&str, u32> = [(\"collide\", 5), (\"collide2\", 15)].into();",
                  "    let key = \"collide\";",
                  "    let hash = compute_hash(map.hasher(), &key);",
                  "    let entry = map.raw_entry().from_hash(hash, |k| k == &key);",
                  "    let map: HashMap<&str, u32> = [(\"collide\", 5), (\"collide2\", 15)].into();",
                  "    let key = \"collide\";",
                  "    let hash = compute_hash(map.hasher(), &key);",
                  "    let entry = map.raw_entry().from_hash(hash, |k| k == &key);",
                  "    let entry2 = map.raw_entry().from_hash(hash + 1, |k| k == &key);",
                  "    let entry3 = map.raw_entry().from_hash(hash, |k| k == &\"nonexistent\");",
                  "    assert_eq!(entry3, None);",
                  "}"
                ],
                [
                  "{",
                  "    let map: HashMap<&str, u32> = [(\"collide\", 5), (\"collide2\", 15)].into();",
                  "    let key = \"collide\";",
                  "    let hash = compute_hash(map.hasher(), &key);",
                  "    let entry = map.raw_entry().from_hash(hash, |k| k == &key);",
                  "    let map: HashMap<&str, u32> = [(\"collide\", 5), (\"collide2\", 15)].into();",
                  "    let key = \"collide\";",
                  "    let hash = compute_hash(map.hasher(), &key);",
                  "    let entry = map.raw_entry().from_hash(hash, |k| k == &key);",
                  "    let entry2 = map.raw_entry().from_hash(hash + 1, |k| k == &key);",
                  "    let entry3 = map.raw_entry().from_hash(hash, |k| k == &\"nonexistent\");",
                  "    let another_hash = compute_hash(map.hasher(), &\"collide2\");",
                  "    let entry4 = map.raw_entry().from_hash(another_hash, |k| k == &\"collide2\");",
                  "    assert_eq!(entry4, Some((&\"collide2\", &15)));",
                  "}"
                ]
              ],
              "can_compile": [
                {
                  "Err": "   Compiling proc-macro2 v1.0.95\n   Compiling crossbeam-utils v0.8.21\n   Compiling libc v0.2.172\n   Compiling zerocopy v0.8.25\n   Compiling syn v1.0.109\n   Compiling serde v1.0.219\n   Compiling rayon-core v1.12.1\n   Compiling doc-comment v0.3.3\n   Compiling crossbeam-epoch v0.9.18\n   Compiling quote v1.0.40\n   Compiling crossbeam-deque v0.8.6\n   Compiling getrandom v0.2.16\n   Compiling rand_core v0.6.4\n   Compiling rayon v1.10.0\n   Compiling ppv-lite86 v0.2.21\n   Compiling rand_chacha v0.3.1\n   Compiling rand v0.8.5\n   Compiling serde_test v1.0.177\n   Compiling ntest_test_cases v0.9.3\n   Compiling ntest_timeout v0.9.3\n   Compiling ntest v0.9.3\n   Compiling hashbrown v0.15.1 (/home/abezbm/rust-utgen-test-crates-new/hashbrown)\nwarning: unused imports: `Occupied` and `Vacant`\n    --> src/map.rs:4688:24\n     |\n4688 |     use super::Entry::{Occupied, Vacant};\n     |                        ^^^^^^^^  ^^^^^^\n     |\n     = note: `#[warn(unused_imports)]` on by default\n\nwarning: unused import: `super::EntryRef`\n    --> src/map.rs:4689:9\n     |\n4689 |     use super::EntryRef;\n     |         ^^^^^^^^^^^^^^^\n\nwarning: unused import: `ToString`\n    --> src/map.rs:4691:33\n     |\n4691 |     use alloc::string::{String, ToString};\n     |                                 ^^^^^^^^\n\nwarning: unused imports: `Rng`, `SeedableRng`, and `rngs::SmallRng`\n    --> src/map.rs:4697:16\n     |\n4697 |     use rand::{rngs::SmallRng, Rng, SeedableRng};\n     |                ^^^^^^^^^^^^^^  ^^^  ^^^^^^^^^^^\n\nwarning: unused import: `std::borrow::ToOwned`\n    --> src/map.rs:4698:9\n     |\n4698 |     use std::borrow::ToOwned;\n     |         ^^^^^^^^^^^^^^^^^^^^\n\nwarning: unused import: `super::HashMap`\n    --> src/raw_entry.rs:1487:9\n     |\n1487 |     use super::HashMap;\n     |         ^^^^^^^^^^^^^^\n\nwarning: unused import: `super::RawEntryMut`\n    --> src/raw_entry.rs:1488:9\n     |\n1488 |     use super::RawEntryMut;\n     |         ^^^^^^^^^^^^^^^^^^\n\nwarning: unused import: `ntest::timeout`\n    --> src/raw_entry.rs:1744:8\n     |\n1744 |    use ntest::timeout;\n     |        ^^^^^^^^^^^^^^\n\nwarning: unused imports: `Equivalent`, `HashSet`, and `make_hash`\n    --> src/set.rs:2579:17\n     |\n2579 |     use super::{make_hash, Equivalent, HashSet};\n     |                 ^^^^^^^^^  ^^^^^^^^^^  ^^^^^^^\n\nwarning: unused import: `crate::DefaultHashBuilder`\n    --> src/set.rs:2580:9\n     |\n2580 |     use crate::DefaultHashBuilder;\n     |         ^^^^^^^^^^^^^^^^^^^^^^^^^\n\nwarning: unused import: `std::vec::Vec`\n    --> src/set.rs:2581:9\n     |\n2581 |     use std::vec::Vec;\n     |         ^^^^^^^^^^^^^\n\nwarning: unused import: `super::HashTable`\n    --> src/table.rs:2375:9\n     |\n2375 |     use super::HashTable;\n     |         ^^^^^^^^^^^^^^^^\n\nerror[E0599]: no method named `finish` found for associated type `<S as std::hash::BuildHasher>::Hasher` in the current scope\n    --> src/raw_entry.rs:1748:11\n     |\n1748 |     state.finish()\n     |           ^^^^^^ method not found in `<S as BuildHasher>::Hasher`\n     |\n    ::: /home/abezbm/.rustup/toolchains/nightly-2024-07-21-x86_64-unknown-linux-gnu/lib/rustlib/src/rust/library/core/src/hash/mod.rs:338:8\n     |\n338  |     fn finish(&self) -> u64;\n     |        ------ the method is available for `<S as std::hash::BuildHasher>::Hasher` here\n     |\n     = help: items from traits can only be used if the trait is in scope\nhelp: trait `Hasher` which provides `finish` is implemented but not in scope; perhaps you want to import it\n     |\n1743 +    use std::hash::Hasher;\n     |\n\nwarning: unused variable: `entry`\n    --> src/raw_entry.rs:1757:9\n     |\n1757 |     let entry = map.raw_entry().from_hash(hash, |k| k == &key);\n     |         ^^^^^ help: if this is intentional, prefix it with an underscore: `_entry`\n     |\n     = note: `#[warn(unused_variables)]` on by default\n\nFor more information about this error, try `rustc --explain E0599`.\nwarning: `hashbrown` (lib test) generated 13 warnings\nerror: could not compile `hashbrown` (lib test) due to 1 previous error; 13 warnings emitted\n"
                },
                {
                  "Err": "   Compiling proc-macro2 v1.0.95\n   Compiling libc v0.2.172\n   Compiling crossbeam-utils v0.8.21\n   Compiling syn v1.0.109\n   Compiling zerocopy v0.8.25\n   Compiling rayon-core v1.12.1\n   Compiling serde v1.0.219\n   Compiling doc-comment v0.3.3\n   Compiling crossbeam-epoch v0.9.18\n   Compiling quote v1.0.40\n   Compiling crossbeam-deque v0.8.6\n   Compiling getrandom v0.2.16\n   Compiling rand_core v0.6.4\n   Compiling rayon v1.10.0\n   Compiling ppv-lite86 v0.2.21\n   Compiling rand_chacha v0.3.1\n   Compiling rand v0.8.5\n   Compiling serde_test v1.0.177\n   Compiling ntest_timeout v0.9.3\n   Compiling ntest_test_cases v0.9.3\n   Compiling ntest v0.9.3\n   Compiling hashbrown v0.15.1 (/home/abezbm/rust-utgen-test-crates-new/hashbrown)\nwarning: unused imports: `Occupied` and `Vacant`\n    --> src/map.rs:4688:24\n     |\n4688 |     use super::Entry::{Occupied, Vacant};\n     |                        ^^^^^^^^  ^^^^^^\n     |\n     = note: `#[warn(unused_imports)]` on by default\n\nwarning: unused import: `super::EntryRef`\n    --> src/map.rs:4689:9\n     |\n4689 |     use super::EntryRef;\n     |         ^^^^^^^^^^^^^^^\n\nwarning: unused import: `ToString`\n    --> src/map.rs:4691:33\n     |\n4691 |     use alloc::string::{String, ToString};\n     |                                 ^^^^^^^^\n\nwarning: unused imports: `Rng`, `SeedableRng`, and `rngs::SmallRng`\n    --> src/map.rs:4697:16\n     |\n4697 |     use rand::{rngs::SmallRng, Rng, SeedableRng};\n     |                ^^^^^^^^^^^^^^  ^^^  ^^^^^^^^^^^\n\nwarning: unused import: `std::borrow::ToOwned`\n    --> src/map.rs:4698:9\n     |\n4698 |     use std::borrow::ToOwned;\n     |         ^^^^^^^^^^^^^^^^^^^^\n\nwarning: unused import: `super::HashMap`\n    --> src/raw_entry.rs:1487:9\n     |\n1487 |     use super::HashMap;\n     |         ^^^^^^^^^^^^^^\n\nwarning: unused import: `super::RawEntryMut`\n    --> src/raw_entry.rs:1488:9\n     |\n1488 |     use super::RawEntryMut;\n     |         ^^^^^^^^^^^^^^^^^^\n\nwarning: unused import: `ntest::timeout`\n    --> src/raw_entry.rs:1744:8\n     |\n1744 |    use ntest::timeout;\n     |        ^^^^^^^^^^^^^^\n\nwarning: unused imports: `Equivalent`, `HashSet`, and `make_hash`\n    --> src/set.rs:2579:17\n     |\n2579 |     use super::{make_hash, Equivalent, HashSet};\n     |                 ^^^^^^^^^  ^^^^^^^^^^  ^^^^^^^\n\nwarning: unused import: `crate::DefaultHashBuilder`\n    --> src/set.rs:2580:9\n     |\n2580 |     use crate::DefaultHashBuilder;\n     |         ^^^^^^^^^^^^^^^^^^^^^^^^^\n\nwarning: unused import: `std::vec::Vec`\n    --> src/set.rs:2581:9\n     |\n2581 |     use std::vec::Vec;\n     |         ^^^^^^^^^^^^^\n\nwarning: unused import: `super::HashTable`\n    --> src/table.rs:2375:9\n     |\n2375 |     use super::HashTable;\n     |         ^^^^^^^^^^^^^^^^\n\nerror[E0599]: no method named `finish` found for associated type `<S as std::hash::BuildHasher>::Hasher` in the current scope\n    --> src/raw_entry.rs:1748:11\n     |\n1748 |     state.finish()\n     |           ^^^^^^ method not found in `<S as BuildHasher>::Hasher`\n     |\n    ::: /home/abezbm/.rustup/toolchains/nightly-2024-07-21-x86_64-unknown-linux-gnu/lib/rustlib/src/rust/library/core/src/hash/mod.rs:338:8\n     |\n338  |     fn finish(&self) -> u64;\n     |        ------ the method is available for `<S as std::hash::BuildHasher>::Hasher` here\n     |\n     = help: items from traits can only be used if the trait is in scope\nhelp: trait `Hasher` which provides `finish` is implemented but not in scope; perhaps you want to import it\n     |\n1743 +    use std::hash::Hasher;\n     |\n\nwarning: unused variable: `entry`\n    --> src/raw_entry.rs:1757:9\n     |\n1757 |     let entry = map.raw_entry().from_hash(hash, |k| k == &key);\n     |         ^^^^^ help: if this is intentional, prefix it with an underscore: `_entry`\n     |\n     = note: `#[warn(unused_variables)]` on by default\n\nwarning: unused variable: `entry`\n    --> src/raw_entry.rs:1761:9\n     |\n1761 |     let entry = map.raw_entry().from_hash(hash, |k| k == &key);\n     |         ^^^^^ help: if this is intentional, prefix it with an underscore: `_entry`\n\nFor more information about this error, try `rustc --explain E0599`.\nwarning: `hashbrown` (lib test) generated 14 warnings\nerror: could not compile `hashbrown` (lib test) due to 1 previous error; 14 warnings emitted\n"
                },
                {
                  "Err": "   Compiling proc-macro2 v1.0.95\n   Compiling libc v0.2.172\n   Compiling crossbeam-utils v0.8.21\n   Compiling syn v1.0.109\n   Compiling zerocopy v0.8.25\n   Compiling serde v1.0.219\n   Compiling rayon-core v1.12.1\n   Compiling doc-comment v0.3.3\n   Compiling crossbeam-epoch v0.9.18\n   Compiling quote v1.0.40\n   Compiling crossbeam-deque v0.8.6\n   Compiling getrandom v0.2.16\n   Compiling rand_core v0.6.4\n   Compiling rayon v1.10.0\n   Compiling ppv-lite86 v0.2.21\n   Compiling rand_chacha v0.3.1\n   Compiling rand v0.8.5\n   Compiling serde_test v1.0.177\n   Compiling ntest_timeout v0.9.3\n   Compiling ntest_test_cases v0.9.3\n   Compiling ntest v0.9.3\n   Compiling hashbrown v0.15.1 (/home/abezbm/rust-utgen-test-crates-new/hashbrown)\nwarning: unused imports: `Occupied` and `Vacant`\n    --> src/map.rs:4688:24\n     |\n4688 |     use super::Entry::{Occupied, Vacant};\n     |                        ^^^^^^^^  ^^^^^^\n     |\n     = note: `#[warn(unused_imports)]` on by default\n\nwarning: unused import: `super::EntryRef`\n    --> src/map.rs:4689:9\n     |\n4689 |     use super::EntryRef;\n     |         ^^^^^^^^^^^^^^^\n\nwarning: unused import: `ToString`\n    --> src/map.rs:4691:33\n     |\n4691 |     use alloc::string::{String, ToString};\n     |                                 ^^^^^^^^\n\nwarning: unused imports: `Rng`, `SeedableRng`, and `rngs::SmallRng`\n    --> src/map.rs:4697:16\n     |\n4697 |     use rand::{rngs::SmallRng, Rng, SeedableRng};\n     |                ^^^^^^^^^^^^^^  ^^^  ^^^^^^^^^^^\n\nwarning: unused import: `std::borrow::ToOwned`\n    --> src/map.rs:4698:9\n     |\n4698 |     use std::borrow::ToOwned;\n     |         ^^^^^^^^^^^^^^^^^^^^\n\nwarning: unused import: `super::HashMap`\n    --> src/raw_entry.rs:1487:9\n     |\n1487 |     use super::HashMap;\n     |         ^^^^^^^^^^^^^^\n\nwarning: unused import: `super::RawEntryMut`\n    --> src/raw_entry.rs:1488:9\n     |\n1488 |     use super::RawEntryMut;\n     |         ^^^^^^^^^^^^^^^^^^\n\nwarning: unused import: `ntest::timeout`\n    --> src/raw_entry.rs:1744:8\n     |\n1744 |    use ntest::timeout;\n     |        ^^^^^^^^^^^^^^\n\nwarning: unused imports: `Equivalent`, `HashSet`, and `make_hash`\n    --> src/set.rs:2579:17\n     |\n2579 |     use super::{make_hash, Equivalent, HashSet};\n     |                 ^^^^^^^^^  ^^^^^^^^^^  ^^^^^^^\n\nwarning: unused import: `crate::DefaultHashBuilder`\n    --> src/set.rs:2580:9\n     |\n2580 |     use crate::DefaultHashBuilder;\n     |         ^^^^^^^^^^^^^^^^^^^^^^^^^\n\nwarning: unused import: `std::vec::Vec`\n    --> src/set.rs:2581:9\n     |\n2581 |     use std::vec::Vec;\n     |         ^^^^^^^^^^^^^\n\nwarning: unused import: `super::HashTable`\n    --> src/table.rs:2375:9\n     |\n2375 |     use super::HashTable;\n     |         ^^^^^^^^^^^^^^^^\n\nerror[E0599]: no method named `finish` found for associated type `<S as std::hash::BuildHasher>::Hasher` in the current scope\n    --> src/raw_entry.rs:1748:11\n     |\n1748 |     state.finish()\n     |           ^^^^^^ method not found in `<S as BuildHasher>::Hasher`\n     |\n    ::: /home/abezbm/.rustup/toolchains/nightly-2024-07-21-x86_64-unknown-linux-gnu/lib/rustlib/src/rust/library/core/src/hash/mod.rs:338:8\n     |\n338  |     fn finish(&self) -> u64;\n     |        ------ the method is available for `<S as std::hash::BuildHasher>::Hasher` here\n     |\n     = help: items from traits can only be used if the trait is in scope\nhelp: trait `Hasher` which provides `finish` is implemented but not in scope; perhaps you want to import it\n     |\n1743 +    use std::hash::Hasher;\n     |\n\nwarning: unused variable: `entry`\n    --> src/raw_entry.rs:1757:9\n     |\n1757 |     let entry = map.raw_entry().from_hash(hash, |k| k == &key);\n     |         ^^^^^ help: if this is intentional, prefix it with an underscore: `_entry`\n     |\n     = note: `#[warn(unused_variables)]` on by default\n\nwarning: unused variable: `entry`\n    --> src/raw_entry.rs:1761:9\n     |\n1761 |     let entry = map.raw_entry().from_hash(hash, |k| k == &key);\n     |         ^^^^^ help: if this is intentional, prefix it with an underscore: `_entry`\n\nwarning: unused variable: `entry2`\n    --> src/raw_entry.rs:1762:9\n     |\n1762 |     let entry2 = map.raw_entry().from_hash(hash + 1, |k| k == &key);\n     |         ^^^^^^ help: if this is intentional, prefix it with an underscore: `_entry2`\n\nFor more information about this error, try `rustc --explain E0599`.\nwarning: `hashbrown` (lib test) generated 15 warnings\nerror: could not compile `hashbrown` (lib test) due to 1 previous error; 15 warnings emitted\n"
                },
                {
                  "Err": "   Compiling proc-macro2 v1.0.95\n   Compiling libc v0.2.172\n   Compiling crossbeam-utils v0.8.21\n   Compiling zerocopy v0.8.25\n   Compiling syn v1.0.109\n   Compiling serde v1.0.219\n   Compiling rayon-core v1.12.1\n   Compiling doc-comment v0.3.3\n   Compiling crossbeam-epoch v0.9.18\n   Compiling quote v1.0.40\n   Compiling crossbeam-deque v0.8.6\n   Compiling getrandom v0.2.16\n   Compiling rand_core v0.6.4\n   Compiling rayon v1.10.0\n   Compiling ppv-lite86 v0.2.21\n   Compiling rand_chacha v0.3.1\n   Compiling rand v0.8.5\n   Compiling serde_test v1.0.177\n   Compiling ntest_timeout v0.9.3\n   Compiling ntest_test_cases v0.9.3\n   Compiling ntest v0.9.3\n   Compiling hashbrown v0.15.1 (/home/abezbm/rust-utgen-test-crates-new/hashbrown)\nwarning: unused imports: `Occupied` and `Vacant`\n    --> src/map.rs:4688:24\n     |\n4688 |     use super::Entry::{Occupied, Vacant};\n     |                        ^^^^^^^^  ^^^^^^\n     |\n     = note: `#[warn(unused_imports)]` on by default\n\nwarning: unused import: `super::EntryRef`\n    --> src/map.rs:4689:9\n     |\n4689 |     use super::EntryRef;\n     |         ^^^^^^^^^^^^^^^\n\nwarning: unused import: `ToString`\n    --> src/map.rs:4691:33\n     |\n4691 |     use alloc::string::{String, ToString};\n     |                                 ^^^^^^^^\n\nwarning: unused imports: `Rng`, `SeedableRng`, and `rngs::SmallRng`\n    --> src/map.rs:4697:16\n     |\n4697 |     use rand::{rngs::SmallRng, Rng, SeedableRng};\n     |                ^^^^^^^^^^^^^^  ^^^  ^^^^^^^^^^^\n\nwarning: unused import: `std::borrow::ToOwned`\n    --> src/map.rs:4698:9\n     |\n4698 |     use std::borrow::ToOwned;\n     |         ^^^^^^^^^^^^^^^^^^^^\n\nwarning: unused import: `super::HashMap`\n    --> src/raw_entry.rs:1487:9\n     |\n1487 |     use super::HashMap;\n     |         ^^^^^^^^^^^^^^\n\nwarning: unused import: `super::RawEntryMut`\n    --> src/raw_entry.rs:1488:9\n     |\n1488 |     use super::RawEntryMut;\n     |         ^^^^^^^^^^^^^^^^^^\n\nwarning: unused import: `ntest::timeout`\n    --> src/raw_entry.rs:1744:8\n     |\n1744 |    use ntest::timeout;\n     |        ^^^^^^^^^^^^^^\n\nwarning: unused imports: `Equivalent`, `HashSet`, and `make_hash`\n    --> src/set.rs:2579:17\n     |\n2579 |     use super::{make_hash, Equivalent, HashSet};\n     |                 ^^^^^^^^^  ^^^^^^^^^^  ^^^^^^^\n\nwarning: unused import: `crate::DefaultHashBuilder`\n    --> src/set.rs:2580:9\n     |\n2580 |     use crate::DefaultHashBuilder;\n     |         ^^^^^^^^^^^^^^^^^^^^^^^^^\n\nwarning: unused import: `std::vec::Vec`\n    --> src/set.rs:2581:9\n     |\n2581 |     use std::vec::Vec;\n     |         ^^^^^^^^^^^^^\n\nwarning: unused import: `super::HashTable`\n    --> src/table.rs:2375:9\n     |\n2375 |     use super::HashTable;\n     |         ^^^^^^^^^^^^^^^^\n\nerror[E0599]: no method named `finish` found for associated type `<S as std::hash::BuildHasher>::Hasher` in the current scope\n    --> src/raw_entry.rs:1748:11\n     |\n1748 |     state.finish()\n     |           ^^^^^^ method not found in `<S as BuildHasher>::Hasher`\n     |\n    ::: /home/abezbm/.rustup/toolchains/nightly-2024-07-21-x86_64-unknown-linux-gnu/lib/rustlib/src/rust/library/core/src/hash/mod.rs:338:8\n     |\n338  |     fn finish(&self) -> u64;\n     |        ------ the method is available for `<S as std::hash::BuildHasher>::Hasher` here\n     |\n     = help: items from traits can only be used if the trait is in scope\nhelp: trait `Hasher` which provides `finish` is implemented but not in scope; perhaps you want to import it\n     |\n1743 +    use std::hash::Hasher;\n     |\n\nwarning: unused variable: `entry`\n    --> src/raw_entry.rs:1757:9\n     |\n1757 |     let entry = map.raw_entry().from_hash(hash, |k| k == &key);\n     |         ^^^^^ help: if this is intentional, prefix it with an underscore: `_entry`\n     |\n     = note: `#[warn(unused_variables)]` on by default\n\nwarning: unused variable: `entry`\n    --> src/raw_entry.rs:1761:9\n     |\n1761 |     let entry = map.raw_entry().from_hash(hash, |k| k == &key);\n     |         ^^^^^ help: if this is intentional, prefix it with an underscore: `_entry`\n\nwarning: unused variable: `entry2`\n    --> src/raw_entry.rs:1762:9\n     |\n1762 |     let entry2 = map.raw_entry().from_hash(hash + 1, |k| k == &key);\n     |         ^^^^^^ help: if this is intentional, prefix it with an underscore: `_entry2`\n\nwarning: unused variable: `entry3`\n    --> src/raw_entry.rs:1763:9\n     |\n1763 |     let entry3 = map.raw_entry().from_hash(hash, |k| k == &\"nonexistent\");\n     |         ^^^^^^ help: if this is intentional, prefix it with an underscore: `_entry3`\n\nFor more information about this error, try `rustc --explain E0599`.\nwarning: `hashbrown` (lib test) generated 16 warnings\nerror: could not compile `hashbrown` (lib test) due to 1 previous error; 16 warnings emitted\n"
                }
              ],
              "repaired": [
                false,
                false,
                false,
                false
              ]
            },
            {
              "attrs": [],
              "prefix": [
                "{",
                "    let map: HashMap<&str, u32> = [(\"apple\", 30), (\"banana\", 40)].into();",
                "    let key = \"banana\";",
                "    let hash = compute_hash(map.hasher(), &key);",
                "    let entry = map.raw_entry().from_hash(hash, |k| k.starts_with(\"ban\"));",
                "}"
              ],
              "oracles": [
                [
                  "    let map: HashMap<&str, u32> = [(\"apple\", 30), (\"banana\", 40)].into();",
                  "    let key = \"banana\";",
                  "    let hash = compute_hash(map.hasher(), &key);",
                  "    assert_eq!(map.raw_entry().from_hash(hash, |k| k.starts_with(\"ban\")), Some((&\"banana\", &40)));"
                ],
                [
                  "    let map: HashMap<&str, u32> = [(\"apple\", 30), (\"banana\", 40)].into();",
                  "    let key = \"banana\";",
                  "    let hash = compute_hash(map.hasher(), &key);",
                  "    assert_eq!(map.raw_entry().from_hash(hash, |k| k.starts_with(\"app\")), None);"
                ]
              ],
              "codes": [
                [
                  "{",
                  "    let map: HashMap<&str, u32> = [(\"apple\", 30), (\"banana\", 40)].into();",
                  "    let key = \"banana\";",
                  "    let hash = compute_hash(map.hasher(), &key);",
                  "    let entry = map.raw_entry().from_hash(hash, |k| k.starts_with(\"ban\"));",
                  "    let map: HashMap<&str, u32> = [(\"apple\", 30), (\"banana\", 40)].into();",
                  "    let key = \"banana\";",
                  "    let hash = compute_hash(map.hasher(), &key);",
                  "    assert_eq!(map.raw_entry().from_hash(hash, |k| k.starts_with(\"ban\")), Some((&\"banana\", &40)));",
                  "}"
                ],
                [
                  "{",
                  "    let map: HashMap<&str, u32> = [(\"apple\", 30), (\"banana\", 40)].into();",
                  "    let key = \"banana\";",
                  "    let hash = compute_hash(map.hasher(), &key);",
                  "    let entry = map.raw_entry().from_hash(hash, |k| k.starts_with(\"ban\"));",
                  "    let map: HashMap<&str, u32> = [(\"apple\", 30), (\"banana\", 40)].into();",
                  "    let key = \"banana\";",
                  "    let hash = compute_hash(map.hasher(), &key);",
                  "    assert_eq!(map.raw_entry().from_hash(hash, |k| k.starts_with(\"app\")), None);",
                  "}"
                ]
              ],
              "can_compile": [
                {
                  "Err": "   Compiling proc-macro2 v1.0.95\n   Compiling libc v0.2.172\n   Compiling crossbeam-utils v0.8.21\n   Compiling zerocopy v0.8.25\n   Compiling syn v1.0.109\n   Compiling rayon-core v1.12.1\n   Compiling serde v1.0.219\n   Compiling doc-comment v0.3.3\n   Compiling crossbeam-epoch v0.9.18\n   Compiling quote v1.0.40\n   Compiling crossbeam-deque v0.8.6\n   Compiling getrandom v0.2.16\n   Compiling rand_core v0.6.4\n   Compiling rayon v1.10.0\n   Compiling ppv-lite86 v0.2.21\n   Compiling rand_chacha v0.3.1\n   Compiling rand v0.8.5\n   Compiling serde_test v1.0.177\n   Compiling ntest_test_cases v0.9.3\n   Compiling ntest_timeout v0.9.3\n   Compiling ntest v0.9.3\n   Compiling hashbrown v0.15.1 (/home/abezbm/rust-utgen-test-crates-new/hashbrown)\nwarning: unused imports: `Occupied` and `Vacant`\n    --> src/map.rs:4688:24\n     |\n4688 |     use super::Entry::{Occupied, Vacant};\n     |                        ^^^^^^^^  ^^^^^^\n     |\n     = note: `#[warn(unused_imports)]` on by default\n\nwarning: unused import: `super::EntryRef`\n    --> src/map.rs:4689:9\n     |\n4689 |     use super::EntryRef;\n     |         ^^^^^^^^^^^^^^^\n\nwarning: unused import: `ToString`\n    --> src/map.rs:4691:33\n     |\n4691 |     use alloc::string::{String, ToString};\n     |                                 ^^^^^^^^\n\nwarning: unused imports: `Rng`, `SeedableRng`, and `rngs::SmallRng`\n    --> src/map.rs:4697:16\n     |\n4697 |     use rand::{rngs::SmallRng, Rng, SeedableRng};\n     |                ^^^^^^^^^^^^^^  ^^^  ^^^^^^^^^^^\n\nwarning: unused import: `std::borrow::ToOwned`\n    --> src/map.rs:4698:9\n     |\n4698 |     use std::borrow::ToOwned;\n     |         ^^^^^^^^^^^^^^^^^^^^\n\nwarning: unused import: `super::HashMap`\n    --> src/raw_entry.rs:1487:9\n     |\n1487 |     use super::HashMap;\n     |         ^^^^^^^^^^^^^^\n\nwarning: unused import: `super::RawEntryMut`\n    --> src/raw_entry.rs:1488:9\n     |\n1488 |     use super::RawEntryMut;\n     |         ^^^^^^^^^^^^^^^^^^\n\nwarning: unused import: `ntest::timeout`\n    --> src/raw_entry.rs:1744:8\n     |\n1744 |    use ntest::timeout;\n     |        ^^^^^^^^^^^^^^\n\nwarning: unused imports: `Equivalent`, `HashSet`, and `make_hash`\n    --> src/set.rs:2579:17\n     |\n2579 |     use super::{make_hash, Equivalent, HashSet};\n     |                 ^^^^^^^^^  ^^^^^^^^^^  ^^^^^^^\n\nwarning: unused import: `crate::DefaultHashBuilder`\n    --> src/set.rs:2580:9\n     |\n2580 |     use crate::DefaultHashBuilder;\n     |         ^^^^^^^^^^^^^^^^^^^^^^^^^\n\nwarning: unused import: `std::vec::Vec`\n    --> src/set.rs:2581:9\n     |\n2581 |     use std::vec::Vec;\n     |         ^^^^^^^^^^^^^\n\nwarning: unused import: `super::HashTable`\n    --> src/table.rs:2375:9\n     |\n2375 |     use super::HashTable;\n     |         ^^^^^^^^^^^^^^^^\n\nerror[E0599]: no method named `finish` found for associated type `<S as std::hash::BuildHasher>::Hasher` in the current scope\n    --> src/raw_entry.rs:1748:11\n     |\n1748 |     state.finish()\n     |           ^^^^^^ method not found in `<S as BuildHasher>::Hasher`\n     |\n    ::: /home/abezbm/.rustup/toolchains/nightly-2024-07-21-x86_64-unknown-linux-gnu/lib/rustlib/src/rust/library/core/src/hash/mod.rs:338:8\n     |\n338  |     fn finish(&self) -> u64;\n     |        ------ the method is available for `<S as std::hash::BuildHasher>::Hasher` here\n     |\n     = help: items from traits can only be used if the trait is in scope\nhelp: trait `Hasher` which provides `finish` is implemented but not in scope; perhaps you want to import it\n     |\n1743 +    use std::hash::Hasher;\n     |\n\nwarning: unused variable: `entry`\n    --> src/raw_entry.rs:1757:9\n     |\n1757 |     let entry = map.raw_entry().from_hash(hash, |k| k.starts_with(\"ban\"));\n     |         ^^^^^ help: if this is intentional, prefix it with an underscore: `_entry`\n     |\n     = note: `#[warn(unused_variables)]` on by default\n\nFor more information about this error, try `rustc --explain E0599`.\nwarning: `hashbrown` (lib test) generated 13 warnings\nerror: could not compile `hashbrown` (lib test) due to 1 previous error; 13 warnings emitted\n"
                },
                {
                  "Err": "   Compiling proc-macro2 v1.0.95\n   Compiling crossbeam-utils v0.8.21\n   Compiling libc v0.2.172\n   Compiling zerocopy v0.8.25\n   Compiling syn v1.0.109\n   Compiling serde v1.0.219\n   Compiling rayon-core v1.12.1\n   Compiling doc-comment v0.3.3\n   Compiling crossbeam-epoch v0.9.18\n   Compiling quote v1.0.40\n   Compiling crossbeam-deque v0.8.6\n   Compiling getrandom v0.2.16\n   Compiling rand_core v0.6.4\n   Compiling rayon v1.10.0\n   Compiling ppv-lite86 v0.2.21\n   Compiling rand_chacha v0.3.1\n   Compiling rand v0.8.5\n   Compiling serde_test v1.0.177\n   Compiling ntest_timeout v0.9.3\n   Compiling ntest_test_cases v0.9.3\n   Compiling ntest v0.9.3\n   Compiling hashbrown v0.15.1 (/home/abezbm/rust-utgen-test-crates-new/hashbrown)\nwarning: unused imports: `Occupied` and `Vacant`\n    --> src/map.rs:4688:24\n     |\n4688 |     use super::Entry::{Occupied, Vacant};\n     |                        ^^^^^^^^  ^^^^^^\n     |\n     = note: `#[warn(unused_imports)]` on by default\n\nwarning: unused import: `super::EntryRef`\n    --> src/map.rs:4689:9\n     |\n4689 |     use super::EntryRef;\n     |         ^^^^^^^^^^^^^^^\n\nwarning: unused import: `ToString`\n    --> src/map.rs:4691:33\n     |\n4691 |     use alloc::string::{String, ToString};\n     |                                 ^^^^^^^^\n\nwarning: unused imports: `Rng`, `SeedableRng`, and `rngs::SmallRng`\n    --> src/map.rs:4697:16\n     |\n4697 |     use rand::{rngs::SmallRng, Rng, SeedableRng};\n     |                ^^^^^^^^^^^^^^  ^^^  ^^^^^^^^^^^\n\nwarning: unused import: `std::borrow::ToOwned`\n    --> src/map.rs:4698:9\n     |\n4698 |     use std::borrow::ToOwned;\n     |         ^^^^^^^^^^^^^^^^^^^^\n\nwarning: unused import: `super::HashMap`\n    --> src/raw_entry.rs:1487:9\n     |\n1487 |     use super::HashMap;\n     |         ^^^^^^^^^^^^^^\n\nwarning: unused import: `super::RawEntryMut`\n    --> src/raw_entry.rs:1488:9\n     |\n1488 |     use super::RawEntryMut;\n     |         ^^^^^^^^^^^^^^^^^^\n\nwarning: unused import: `ntest::timeout`\n    --> src/raw_entry.rs:1744:8\n     |\n1744 |    use ntest::timeout;\n     |        ^^^^^^^^^^^^^^\n\nwarning: unused imports: `Equivalent`, `HashSet`, and `make_hash`\n    --> src/set.rs:2579:17\n     |\n2579 |     use super::{make_hash, Equivalent, HashSet};\n     |                 ^^^^^^^^^  ^^^^^^^^^^  ^^^^^^^\n\nwarning: unused import: `crate::DefaultHashBuilder`\n    --> src/set.rs:2580:9\n     |\n2580 |     use crate::DefaultHashBuilder;\n     |         ^^^^^^^^^^^^^^^^^^^^^^^^^\n\nwarning: unused import: `std::vec::Vec`\n    --> src/set.rs:2581:9\n     |\n2581 |     use std::vec::Vec;\n     |         ^^^^^^^^^^^^^\n\nwarning: unused import: `super::HashTable`\n    --> src/table.rs:2375:9\n     |\n2375 |     use super::HashTable;\n     |         ^^^^^^^^^^^^^^^^\n\nerror[E0599]: no method named `finish` found for associated type `<S as std::hash::BuildHasher>::Hasher` in the current scope\n    --> src/raw_entry.rs:1748:11\n     |\n1748 |     state.finish()\n     |           ^^^^^^ method not found in `<S as BuildHasher>::Hasher`\n     |\n    ::: /home/abezbm/.rustup/toolchains/nightly-2024-07-21-x86_64-unknown-linux-gnu/lib/rustlib/src/rust/library/core/src/hash/mod.rs:338:8\n     |\n338  |     fn finish(&self) -> u64;\n     |        ------ the method is available for `<S as std::hash::BuildHasher>::Hasher` here\n     |\n     = help: items from traits can only be used if the trait is in scope\nhelp: trait `Hasher` which provides `finish` is implemented but not in scope; perhaps you want to import it\n     |\n1743 +    use std::hash::Hasher;\n     |\n\nwarning: unused variable: `entry`\n    --> src/raw_entry.rs:1757:9\n     |\n1757 |     let entry = map.raw_entry().from_hash(hash, |k| k.starts_with(\"ban\"));\n     |         ^^^^^ help: if this is intentional, prefix it with an underscore: `_entry`\n     |\n     = note: `#[warn(unused_variables)]` on by default\n\nFor more information about this error, try `rustc --explain E0599`.\nwarning: `hashbrown` (lib test) generated 13 warnings\nerror: could not compile `hashbrown` (lib test) due to 1 previous error; 13 warnings emitted\n"
                }
              ],
              "repaired": [
                false,
                false
              ]
            },
            {
              "attrs": [],
              "prefix": [
                "{",
                "    let map: HashMap<&str, u32> = [(\"\", 50), (\"\", 60)].into();",
                "    let key = \"\";",
                "    let hash = compute_hash(map.hasher(), &key);",
                "    let entry = map.raw_entry().from_hash(hash, |k| k == &key);",
                "}"
              ],
              "oracles": [
                [
                  "    let map: HashMap<&str, u32> = [(\"\", 50), (\"\", 60)].into();",
                  "    let key = \"\";",
                  "    let hash = compute_hash(map.hasher(), &key);",
                  "    assert_eq!(entry, Some((&\"\", &50)));"
                ]
              ],
              "codes": [
                [
                  "{",
                  "    let map: HashMap<&str, u32> = [(\"\", 50), (\"\", 60)].into();",
                  "    let key = \"\";",
                  "    let hash = compute_hash(map.hasher(), &key);",
                  "    let entry = map.raw_entry().from_hash(hash, |k| k == &key);",
                  "    let map: HashMap<&str, u32> = [(\"\", 50), (\"\", 60)].into();",
                  "    let key = \"\";",
                  "    let hash = compute_hash(map.hasher(), &key);",
                  "    assert_eq!(entry, Some((&\"\", &50)));",
                  "}"
                ]
              ],
              "can_compile": [
                {
                  "Err": "   Compiling proc-macro2 v1.0.95\n   Compiling crossbeam-utils v0.8.21\n   Compiling libc v0.2.172\n   Compiling zerocopy v0.8.25\n   Compiling syn v1.0.109\n   Compiling rayon-core v1.12.1\n   Compiling serde v1.0.219\n   Compiling doc-comment v0.3.3\n   Compiling crossbeam-epoch v0.9.18\n   Compiling quote v1.0.40\n   Compiling crossbeam-deque v0.8.6\n   Compiling getrandom v0.2.16\n   Compiling rand_core v0.6.4\n   Compiling rayon v1.10.0\n   Compiling ppv-lite86 v0.2.21\n   Compiling rand_chacha v0.3.1\n   Compiling rand v0.8.5\n   Compiling serde_test v1.0.177\n   Compiling ntest_test_cases v0.9.3\n   Compiling ntest_timeout v0.9.3\n   Compiling ntest v0.9.3\n   Compiling hashbrown v0.15.1 (/home/abezbm/rust-utgen-test-crates-new/hashbrown)\nwarning: unused imports: `Occupied` and `Vacant`\n    --> src/map.rs:4688:24\n     |\n4688 |     use super::Entry::{Occupied, Vacant};\n     |                        ^^^^^^^^  ^^^^^^\n     |\n     = note: `#[warn(unused_imports)]` on by default\n\nwarning: unused import: `super::EntryRef`\n    --> src/map.rs:4689:9\n     |\n4689 |     use super::EntryRef;\n     |         ^^^^^^^^^^^^^^^\n\nwarning: unused import: `ToString`\n    --> src/map.rs:4691:33\n     |\n4691 |     use alloc::string::{String, ToString};\n     |                                 ^^^^^^^^\n\nwarning: unused imports: `Rng`, `SeedableRng`, and `rngs::SmallRng`\n    --> src/map.rs:4697:16\n     |\n4697 |     use rand::{rngs::SmallRng, Rng, SeedableRng};\n     |                ^^^^^^^^^^^^^^  ^^^  ^^^^^^^^^^^\n\nwarning: unused import: `std::borrow::ToOwned`\n    --> src/map.rs:4698:9\n     |\n4698 |     use std::borrow::ToOwned;\n     |         ^^^^^^^^^^^^^^^^^^^^\n\nwarning: unused import: `super::HashMap`\n    --> src/raw_entry.rs:1487:9\n     |\n1487 |     use super::HashMap;\n     |         ^^^^^^^^^^^^^^\n\nwarning: unused import: `super::RawEntryMut`\n    --> src/raw_entry.rs:1488:9\n     |\n1488 |     use super::RawEntryMut;\n     |         ^^^^^^^^^^^^^^^^^^\n\nwarning: unused import: `ntest::timeout`\n    --> src/raw_entry.rs:1744:8\n     |\n1744 |    use ntest::timeout;\n     |        ^^^^^^^^^^^^^^\n\nwarning: unused imports: `Equivalent`, `HashSet`, and `make_hash`\n    --> src/set.rs:2579:17\n     |\n2579 |     use super::{make_hash, Equivalent, HashSet};\n     |                 ^^^^^^^^^  ^^^^^^^^^^  ^^^^^^^\n\nwarning: unused import: `crate::DefaultHashBuilder`\n    --> src/set.rs:2580:9\n     |\n2580 |     use crate::DefaultHashBuilder;\n     |         ^^^^^^^^^^^^^^^^^^^^^^^^^\n\nwarning: unused import: `std::vec::Vec`\n    --> src/set.rs:2581:9\n     |\n2581 |     use std::vec::Vec;\n     |         ^^^^^^^^^^^^^\n\nwarning: unused import: `super::HashTable`\n    --> src/table.rs:2375:9\n     |\n2375 |     use super::HashTable;\n     |         ^^^^^^^^^^^^^^^^\n\nerror[E0599]: no method named `finish` found for associated type `<S as std::hash::BuildHasher>::Hasher` in the current scope\n    --> src/raw_entry.rs:1748:11\n     |\n1748 |     state.finish()\n     |           ^^^^^^ method not found in `<S as BuildHasher>::Hasher`\n     |\n    ::: /home/abezbm/.rustup/toolchains/nightly-2024-07-21-x86_64-unknown-linux-gnu/lib/rustlib/src/rust/library/core/src/hash/mod.rs:338:8\n     |\n338  |     fn finish(&self) -> u64;\n     |        ------ the method is available for `<S as std::hash::BuildHasher>::Hasher` here\n     |\n     = help: items from traits can only be used if the trait is in scope\nhelp: trait `Hasher` which provides `finish` is implemented but not in scope; perhaps you want to import it\n     |\n1743 +    use std::hash::Hasher;\n     |\n\nwarning: unused variable: `hash`\n    --> src/raw_entry.rs:1760:9\n     |\n1760 |     let hash = compute_hash(map.hasher(), &key);\n     |         ^^^^ help: if this is intentional, prefix it with an underscore: `_hash`\n     |\n     = note: `#[warn(unused_variables)]` on by default\n\nFor more information about this error, try `rustc --explain E0599`.\nwarning: `hashbrown` (lib test) generated 13 warnings\nerror: could not compile `hashbrown` (lib test) due to 1 previous error; 13 warnings emitted\n"
                }
              ],
              "repaired": [
                false
              ]
            }
          ]
        }
      ]
    }
  ]
}