{
  "name": "serde::ser::impls::ser::impls::<impl ser::Serialize for std::fmt::Arguments<'a>>::serialize",
  "name_with_impl": "serde::ser::impls::{impl#2}::serialize",
  "mod_info": {
    "name": "ser::impls",
    "loc": "serde/src/ser/mod.rs:113:1:113:11"
  },
  "visible": true,
  "loc": "serde/src/ser/impls.rs:63:5:68:6",
  "fn_tests": [
    {
      "chain_id": 0,
      "prompt_conds": [],
      "input_infer": "",
      "answers": [
        {
          "uses": [
            "use std::fmt::Arguments;",
            "use std::marker::PhantomData;",
            "use std::fmt;"
          ],
          "has_test_mod": false,
          "common": [],
          "chain_tests": [
            {
              "attrs": [],
              "prefix": [],
              "oracles": [],
              "codes": [
                [
                  "{",
                  "    use std::fmt::{self, Arguments};",
                  "    use std::marker::PhantomData;",
                  "",
                  "    struct TestSerializer {",
                  "        result: String,",
                  "    }",
                  "",
                  "    impl TestSerializer {",
                  "        fn new() -> Self {",
                  "            TestSerializer {",
                  "                result: String::new(),",
                  "            }",
                  "        }",
                  "",
                  "        fn collect_str(&mut self, args: &fmt::Arguments) -> Result<(), String> {",
                  "            self.result.push_str(&args.to_string());",
                  "            Ok(())",
                  "        }",
                  "    }",
                  "",
                  "    impl serde::ser::Serializer for TestSerializer {",
                  "        type Ok = ();",
                  "        type Error = String;",
                  "        ",
                  "        fn collect_str(self, args: &fmt::Arguments) -> Result<Self::Ok, Self::Error> {",
                  "            self.collect_str(args)",
                  "        }",
                  "    }",
                  "",
                  "    let mut serializer = TestSerializer::new();",
                  "    let value = format!(\"Hello, {}!\", \"world\");",
                  "    let args = format_args!(\"{}\", value);",
                  "",
                  "    let result = args.serialize(&mut serializer);",
                  "    assert!(result.is_ok());",
                  "    assert_eq!(serializer.result, \"Hello, world!\");",
                  "}"
                ]
              ],
              "can_compile": [
                {
                  "Err": "   Compiling proc-macro2 v1.0.95\n   Compiling syn v1.0.109\n   Compiling serde_derive v1.0.219 (/home/abezbm/rust-utgen-test-crates-new/serde/serde_derive)\n   Compiling serde v1.0.219 (/home/abezbm/rust-utgen-test-crates-new/serde/serde)\n   Compiling quote v1.0.40\n   Compiling syn v2.0.100\n   Compiling ntest_timeout v0.9.3\n   Compiling ntest_test_cases v0.9.3\n   Compiling ntest v0.9.3\nerror[E0433]: failed to resolve: use of undeclared crate or module `serde`\n    --> serde/src/ser/impls.rs:1071:10\n     |\n1071 |     impl serde::ser::Serializer for TestSerializer {\n     |          ^^^^^ use of undeclared crate or module `serde`\n     |\nhelp: consider importing one of these modules\n     |\n1046 +    use crate::__private::ser;\n     |\n1046 +    use crate::ser;\n     |\nhelp: if you import `ser`, refer to it directly\n     |\n1071 -     impl serde::ser::Serializer for TestSerializer {\n1071 +     impl ser::Serializer for TestSerializer {\n     |\n\nwarning: unused import: `ntest::timeout`\n    --> serde/src/ser/impls.rs:1047:8\n     |\n1047 |    use ntest::timeout;\n     |        ^^^^^^^^^^^^^^\n     |\n     = note: `#[warn(unused_imports)]` on by default\n\nwarning: unused import: `Arguments`\n    --> serde/src/ser/impls.rs:1051:26\n     |\n1051 |     use std::fmt::{self, Arguments};\n     |                          ^^^^^^^^^\n\nwarning: unused import: `std::marker::PhantomData`\n    --> serde/src/ser/impls.rs:1052:9\n     |\n1052 |     use std::marker::PhantomData;\n     |         ^^^^^^^^^^^^^^^^^^^^^^^^\n\nFor more information about this error, try `rustc --explain E0433`.\nwarning: `serde` (lib test) generated 3 warnings\nerror: could not compile `serde` (lib test) due to 1 previous error; 3 warnings emitted\n"
                }
              ],
              "repaired": [
                false
              ]
            },
            {
              "attrs": [],
              "prefix": [],
              "oracles": [],
              "codes": [
                [
                  "{",
                  "    use std::fmt::{self, Arguments};",
                  "    use std::marker::PhantomData;",
                  "",
                  "    struct TestSerializer {",
                  "        result: String,",
                  "    }",
                  "",
                  "    impl TestSerializer {",
                  "        fn new() -> Self {",
                  "            TestSerializer {",
                  "                result: String::new(),",
                  "            }",
                  "        }",
                  "",
                  "        fn collect_str(&mut self, args: &fmt::Arguments) -> Result<(), String> {",
                  "            self.result.push_str(&args.to_string());",
                  "            Ok(())",
                  "        }",
                  "    }",
                  "",
                  "    impl serde::ser::Serializer for TestSerializer {",
                  "        type Ok = ();",
                  "        type Error = String;",
                  "",
                  "        fn collect_str(self, args: &fmt::Arguments) -> Result<Self::Ok, Self::Error> {",
                  "            self.collect_str(args)",
                  "        }",
                  "    }",
                  "",
                  "    let mut serializer = TestSerializer::new();",
                  "    let args = format_args!(\"\");",
                  "",
                  "    let result = args.serialize(&mut serializer);",
                  "    assert!(result.is_ok());",
                  "    assert_eq!(serializer.result, \"\");",
                  "}"
                ]
              ],
              "can_compile": [
                {
                  "Err": "   Compiling proc-macro2 v1.0.95\n   Compiling syn v1.0.109\n   Compiling serde_derive v1.0.219 (/home/abezbm/rust-utgen-test-crates-new/serde/serde_derive)\n   Compiling serde v1.0.219 (/home/abezbm/rust-utgen-test-crates-new/serde/serde)\n   Compiling quote v1.0.40\n   Compiling syn v2.0.100\n   Compiling ntest_timeout v0.9.3\n   Compiling ntest_test_cases v0.9.3\n   Compiling ntest v0.9.3\nerror[E0433]: failed to resolve: use of undeclared crate or module `serde`\n    --> serde/src/ser/impls.rs:1071:10\n     |\n1071 |     impl serde::ser::Serializer for TestSerializer {\n     |          ^^^^^ use of undeclared crate or module `serde`\n     |\nhelp: consider importing one of these modules\n     |\n1046 +    use crate::__private::ser;\n     |\n1046 +    use crate::ser;\n     |\nhelp: if you import `ser`, refer to it directly\n     |\n1071 -     impl serde::ser::Serializer for TestSerializer {\n1071 +     impl ser::Serializer for TestSerializer {\n     |\n\nwarning: unused import: `ntest::timeout`\n    --> serde/src/ser/impls.rs:1047:8\n     |\n1047 |    use ntest::timeout;\n     |        ^^^^^^^^^^^^^^\n     |\n     = note: `#[warn(unused_imports)]` on by default\n\nwarning: unused import: `Arguments`\n    --> serde/src/ser/impls.rs:1051:26\n     |\n1051 |     use std::fmt::{self, Arguments};\n     |                          ^^^^^^^^^\n\nwarning: unused import: `std::marker::PhantomData`\n    --> serde/src/ser/impls.rs:1052:9\n     |\n1052 |     use std::marker::PhantomData;\n     |         ^^^^^^^^^^^^^^^^^^^^^^^^\n\nFor more information about this error, try `rustc --explain E0433`.\nwarning: `serde` (lib test) generated 3 warnings\nerror: could not compile `serde` (lib test) due to 1 previous error; 3 warnings emitted\n"
                }
              ],
              "repaired": [
                false
              ]
            }
          ]
        }
      ]
    }
  ]
}