{
  "name": "serde::__private::de::content::<__private::de::content::ContentRefDeserializer<'a, 'de, E> as de::Deserializer<'de>>::deserialize_f32",
  "name_with_impl": "serde::__private::de::content::{impl#22}::deserialize_f32",
  "mod_info": {
    "name": "__private::de::content",
    "loc": "serde/src/private/de.rs:198:1:2358:2"
  },
  "visible": true,
  "loc": "serde/src/private/de.rs:1839:9:1844:10",
  "fn_tests": [
    {
      "chain_id": 0,
      "prompt_conds": [],
      "input_infer": "",
      "answers": [
        {
          "uses": [
            "use std::marker::PhantomData;"
          ],
          "has_test_mod": false,
          "common": [],
          "chain_tests": [
            {
              "attrs": [],
              "prefix": [],
              "oracles": [],
              "codes": [
                [
                  "{",
                  "    use std::marker::PhantomData;",
                  "",
                  "    struct MockVisitor {",
                  "        value: Option<f32>,",
                  "    }",
                  "",
                  "    impl<'de> Visitor<'de> for MockVisitor {",
                  "        type Value = Option<f32>;",
                  "",
                  "        fn visit_f32<E>(self, value: f32) -> Result<Self::Value, E> {",
                  "            assert_eq!(value, 3.14);",
                  "            Ok(Some(value))",
                  "        }",
                  "",
                  "        // Other Visitor methods would need to be defined here which can be left as unimplemented or panicking",
                  "        fn visit_bool<E>(self, _: bool) -> Result<Self::Value, E> { unimplemented!() }",
                  "        fn visit_i8<E>(self, _: i8) -> Result<Self::Value, E> { unimplemented!() }",
                  "        fn visit_i16<E>(self, _: i16) -> Result<Self::Value, E> { unimplemented!() }",
                  "        fn visit_i32<E>(self, _: i32) -> Result<Self::Value, E> { unimplemented!() }",
                  "        fn visit_i64<E>(self, _: i64) -> Result<Self::Value, E> { unimplemented!() }",
                  "        fn visit_u8<E>(self, _: u8) -> Result<Self::Value, E> { unimplemented!() }",
                  "        fn visit_u16<E>(self, _: u16) -> Result<Self::Value, E> { unimplemented!() }",
                  "        fn visit_u32<E>(self, _: u32) -> Result<Self::Value, E> { unimplemented!() }",
                  "        fn visit_u64<E>(self, _: u64) -> Result<Self::Value, E> { unimplemented!() }",
                  "        fn visit_f64<E>(self, _: f64) -> Result<Self::Value, E> { unimplemented!() }",
                  "        fn visit_char<E>(self, _: char) -> Result<Self::Value, E> { unimplemented!() }",
                  "        fn visit_str<E>(self, _: &str) -> Result<Self::Value, E> { unimplemented!() }",
                  "        fn visit_borrowed_str<E>(self, _: &'de str) -> Result<Self::Value, E> { unimplemented!() }",
                  "        fn visit_bytes<E>(self, _: &[u8]) -> Result<Self::Value, E> { unimplemented!() }",
                  "        fn visit_borrowed_bytes<E>(self, _: &'de [u8]) -> Result<Self::Value, E> { unimplemented!() }",
                  "        fn visit_unit<E>(self) -> Result<Self::Value, E> { unimplemented!() }",
                  "        fn visit_none<E>(self) -> Result<Self::Value, E> { unimplemented!() }",
                  "        fn visit_some<V>(self, _: V) -> Result<Self::Value, E> { unimplemented!() }",
                  "        // Complete other methods as needed...",
                  "    }",
                  "",
                  "    let content = Content::F32(3.14);",
                  "    let deserializer = ContentRefDeserializer {",
                  "        content: &content,",
                  "        err: PhantomData,",
                  "    };",
                  "",
                  "    let visitor = MockVisitor { value: None };",
                  "    let result = deserializer.deserialize_f32(visitor);",
                  "",
                  "    assert!(result.is_ok());",
                  "    assert_eq!(result.unwrap(), Some(3.14));",
                  "}"
                ]
              ],
              "can_compile": [
                {
                  "Err": "   Compiling proc-macro2 v1.0.95\n   Compiling syn v1.0.109\n   Compiling serde_derive v1.0.219 (/home/abezbm/rust-utgen-test-crates-new/serde/serde_derive)\n   Compiling serde v1.0.219 (/home/abezbm/rust-utgen-test-crates-new/serde/serde)\n   Compiling quote v1.0.40\n   Compiling syn v2.0.100\n   Compiling ntest_timeout v0.9.3\n   Compiling ntest_test_cases v0.9.3\n   Compiling ntest v0.9.3\nerror[E0412]: cannot find type `E` in this scope\n    --> serde/src/private/de.rs:2398:61\n     |\n2398 |         fn visit_some<V>(self, _: V) -> Result<Self::Value, E> { unimplemented!() }\n     |                                                             ^\n     |\n    ::: /home/abezbm/.rustup/toolchains/nightly-2024-07-21-x86_64-unknown-linux-gnu/lib/rustlib/src/rust/library/core/src/cmp.rs:328:1\n     |\n328  | pub trait Eq: PartialEq<Self> {\n     | ----------------------------- similarly named trait `Eq` defined here\n     |\nhelp: a trait with a similar name exists\n     |\n2398 |         fn visit_some<V>(self, _: V) -> Result<Self::Value, Eq> { unimplemented!() }\n     |                                                             ~~\nhelp: you might be missing a type parameter\n     |\n2372 |     impl<'de, E> Visitor<'de> for MockVisitor {\n     |             +++\n\nwarning: unused import: `ntest::timeout`\n    --> serde/src/private/de.rs:2362:8\n     |\n2362 |    use ntest::timeout;\n     |        ^^^^^^^^^^^^^^\n     |\n     = note: `#[warn(unused_imports)]` on by default\n\nerror[E0046]: not all trait items implemented, missing: `expecting`\n    --> serde/src/private/de.rs:2372:5\n     |\n2372 |     impl<'de> Visitor<'de> for MockVisitor {\n     |     ^^^^^^^^^^^^^^^^^^^^^^^^^^^^^^^^^^^^^^ missing `expecting` in implementation\n     |\n    ::: serde/src/de/mod.rs:1310:5\n     |\n1310 |     fn expecting(&self, formatter: &mut fmt::Formatter) -> fmt::Result;\n     |     ------------------------------------------------------------------- `expecting` from trait\n\nerror[E0282]: type annotations needed for `__private::de::content::ContentRefDeserializer<'_, '_, _>`\n    --> serde/src/private/de.rs:2403:9\n     |\n2403 |     let deserializer = ContentRefDeserializer {\n     |         ^^^^^^^^^^^^\n2404 |         content: &content,\n2405 |         err: PhantomData,\n     |              ----------- type must be known at this point\n     |\nhelp: consider giving `deserializer` an explicit type, where the type for type parameter `T` is specified\n     |\n2403 |     let deserializer: __private::de::content::ContentRefDeserializer<'_, '_, E> = ContentRefDeserializer {\n     |                     +++++++++++++++++++++++++++++++++++++++++++++++++++++++++++\n\nSome errors have detailed explanations: E0046, E0282, E0412.\nFor more information about an error, try `rustc --explain E0046`.\nwarning: `serde` (lib test) generated 1 warning\nerror: could not compile `serde` (lib test) due to 3 previous errors; 1 warning emitted\n"
                }
              ],
              "repaired": [
                false
              ]
            },
            {
              "attrs": [
                "#[should_panic(expected = \"invalid type\")]"
              ],
              "prefix": [],
              "oracles": [],
              "codes": [
                [
                  "{",
                  "    use std::marker::PhantomData;",
                  "",
                  "    struct MockVisitor {",
                  "        value: Option<f32>,",
                  "    }",
                  "",
                  "    impl<'de> Visitor<'de> for MockVisitor {",
                  "        type Value = Option<f32>;",
                  "",
                  "        fn visit_f32<E>(self, _: f32) -> Result<Self::Value, E> { unimplemented!() }",
                  "        fn visit_bool<E>(self, _: bool) -> Result<Self::Value, E> { unimplemented!() }",
                  "        fn visit_i8<E>(self, _: i8) -> Result<Self::Value, E> { unimplemented!() }",
                  "        fn visit_u8<E>(self, _: u8) -> Result<Self::Value, E> { unimplemented!() }",
                  "        fn visit_unit<E>(self) -> Result<Self::Value, E> { unimplemented!() }",
                  "        // Complete other methods as needed...",
                  "    }",
                  "",
                  "    let content = Content::String(String::from(\"not a float\"));",
                  "    let deserializer = ContentRefDeserializer {",
                  "        content: &content,",
                  "        err: PhantomData,",
                  "    };",
                  "",
                  "    let visitor = MockVisitor { value: None };",
                  "    let _ = deserializer.deserialize_f32(visitor); // This should panic",
                  "}"
                ]
              ],
              "can_compile": [
                {
                  "Err": "   Compiling proc-macro2 v1.0.95\n   Compiling syn v1.0.109\n   Compiling serde_derive v1.0.219 (/home/abezbm/rust-utgen-test-crates-new/serde/serde_derive)\n   Compiling serde v1.0.219 (/home/abezbm/rust-utgen-test-crates-new/serde/serde)\n   Compiling quote v1.0.40\n   Compiling syn v2.0.100\n   Compiling ntest_timeout v0.9.3\n   Compiling ntest_test_cases v0.9.3\n   Compiling ntest v0.9.3\nwarning: unused import: `ntest::timeout`\n    --> serde/src/private/de.rs:2362:8\n     |\n2362 |    use ntest::timeout;\n     |        ^^^^^^^^^^^^^^\n     |\n     = note: `#[warn(unused_imports)]` on by default\n\nerror[E0046]: not all trait items implemented, missing: `expecting`\n    --> serde/src/private/de.rs:2373:5\n     |\n2373 |     impl<'de> Visitor<'de> for MockVisitor {\n     |     ^^^^^^^^^^^^^^^^^^^^^^^^^^^^^^^^^^^^^^ missing `expecting` in implementation\n     |\n    ::: serde/src/de/mod.rs:1310:5\n     |\n1310 |     fn expecting(&self, formatter: &mut fmt::Formatter) -> fmt::Result;\n     |     ------------------------------------------------------------------- `expecting` from trait\n\nerror[E0282]: type annotations needed for `__private::de::content::ContentRefDeserializer<'_, '_, _>`\n    --> serde/src/private/de.rs:2385:9\n     |\n2385 |     let deserializer = ContentRefDeserializer {\n     |         ^^^^^^^^^^^^\n2386 |         content: &content,\n2387 |         err: PhantomData,\n     |              ----------- type must be known at this point\n     |\nhelp: consider giving `deserializer` an explicit type, where the type for type parameter `T` is specified\n     |\n2385 |     let deserializer: __private::de::content::ContentRefDeserializer<'_, '_, E> = ContentRefDeserializer {\n     |                     +++++++++++++++++++++++++++++++++++++++++++++++++++++++++++\n\nSome errors have detailed explanations: E0046, E0282.\nFor more information about an error, try `rustc --explain E0046`.\nwarning: `serde` (lib test) generated 1 warning\nerror: could not compile `serde` (lib test) due to 2 previous errors; 1 warning emitted\n"
                }
              ],
              "repaired": [
                false
              ]
            }
          ]
        }
      ]
    }
  ]
}