{
  "name": "serde::de::value::<de::value::MapDeserializer<'de, I, E> as de::IntoDeserializer<'de, E>>::into_deserializer",
  "name_with_impl": "serde::de::value::{impl#67}::into_deserializer",
  "mod_info": {
    "name": "de::value",
    "loc": "serde/src/de/mod.rs:119:1:119:15"
  },
  "visible": true,
  "loc": "serde/src/de/value.rs:1347:5:1349:6",
  "fn_tests": [
    {
      "chain_id": 0,
      "prompt_conds": [],
      "input_infer": "",
      "answers": [
        {
          "uses": [
            "use std::marker::PhantomData;"
          ],
          "has_test_mod": false,
          "common": [],
          "chain_tests": [
            {
              "attrs": [],
              "prefix": [],
              "oracles": [],
              "codes": [
                [
                  "{",
                  "    use std::marker::PhantomData;",
                  "",
                  "    struct TestIterator {",
                  "        count: usize,",
                  "    }",
                  "",
                  "    impl Iterator for TestIterator {",
                  "        type Item = (i32, i32); // Simulate a Tuple representing a key-value pair",
                  "",
                  "        fn next(&mut self) -> Option<Self::Item> {",
                  "            if self.count < 5 {",
                  "                self.count += 1;",
                  "                Some((self.count as i32, self.count as i32 * 2))",
                  "            } else {",
                  "                None",
                  "            }",
                  "        }",
                  "    }",
                  "",
                  "    struct TestError;",
                  "    impl de::Error for TestError {}",
                  "",
                  "    let iter = TestIterator { count: 0 };",
                  "    let deserializer: MapDeserializer<_, TestError> = MapDeserializer {",
                  "        iter: iter.fuse(),",
                  "        value: None,",
                  "        count: 0,",
                  "        lifetime: PhantomData,",
                  "        error: PhantomData,",
                  "    };",
                  "",
                  "    let result = deserializer.into_deserializer();",
                  "    assert_eq!(result.iter.count, 0);",
                  "}"
                ]
              ],
              "can_compile": [
                {
                  "Err": "   Compiling proc-macro2 v1.0.95\n   Compiling syn v1.0.109\n   Compiling serde_derive v1.0.219 (/home/abezbm/rust-utgen-test-crates-new/serde/serde_derive)\n   Compiling serde v1.0.219 (/home/abezbm/rust-utgen-test-crates-new/serde/serde)\n   Compiling quote v1.0.40\n   Compiling syn v2.0.100\n   Compiling ntest_timeout v0.9.3\n   Compiling ntest_test_cases v0.9.3\n   Compiling ntest v0.9.3\nwarning: unused import: `ntest::timeout`\n    --> serde/src/de/value.rs:1901:8\n     |\n1901 |    use ntest::timeout;\n     |        ^^^^^^^^^^^^^^\n     |\n     = note: `#[warn(unused_imports)]` on by default\n\nerror[E0277]: the trait bound `TestError: std::error::Error` is not satisfied\n    --> serde/src/de/value.rs:1925:24\n     |\n1925 |     impl de::Error for TestError {}\n     |                        ^^^^^^^^^ the trait `std::error::Error` is not implemented for `TestError`\n     |\nnote: required by a bound in `de::Error`\n    --> serde/src/de/mod.rs:161:38\n     |\n161  |         pub trait Error: Sized $(+ $($supertrait)::+)* {\n     |                                      ^^^^^^^^^^^ required by this bound in `Error`\n...\n300  | declare_error_trait!(Error: Sized + StdError);\n     | --------------------------------------------- in this macro invocation\n     = note: this error originates in the macro `declare_error_trait` (in Nightly builds, run with -Z macro-backtrace for more info)\n\nerror[E0046]: not all trait items implemented, missing: `custom`\n    --> serde/src/de/value.rs:1925:5\n     |\n1925 |       impl de::Error for TestError {}\n     |       ^^^^^^^^^^^^^^^^^^^^^^^^^^^^ missing `custom` in implementation\n     |\n    ::: serde/src/de/mod.rs:191:13\n     |\n191  | /             fn custom<T>(msg: T) -> Self\n192  | |             where\n193  | |                 T: Display;\n     | |___________________________- `custom` from trait\n\nerror[E0615]: attempted to take value of method `count` on type `Fuse<TestIterator>`\n    --> serde/src/de/value.rs:1937:28\n     |\n1937 |     assert_eq!(result.iter.count, 0);\n     |                            ^^^^^ method, not a field\n     |\nhelp: use parentheses to call the method\n     |\n1937 |     assert_eq!(result.iter.count(), 0);\n     |                                 ++\n\nSome errors have detailed explanations: E0046, E0277, E0615.\nFor more information about an error, try `rustc --explain E0046`.\nwarning: `serde` (lib test) generated 1 warning\nerror: could not compile `serde` (lib test) due to 3 previous errors; 1 warning emitted\n"
                }
              ],
              "repaired": [
                false
              ]
            },
            {
              "attrs": [],
              "prefix": [],
              "oracles": [],
              "codes": [
                [
                  "{",
                  "    struct Unit;",
                  "",
                  "    let unit_deserializer: UnitDeserializer<TestError> = UnitDeserializer::new(true);",
                  "    let result = unit_deserializer.into_deserializer();",
                  "    assert_eq!(result.value, true);",
                  "}"
                ]
              ],
              "can_compile": [
                {
                  "Err": "   Compiling proc-macro2 v1.0.95\n   Compiling syn v1.0.109\n   Compiling serde_derive v1.0.219 (/home/abezbm/rust-utgen-test-crates-new/serde/serde_derive)\n   Compiling serde v1.0.219 (/home/abezbm/rust-utgen-test-crates-new/serde/serde)\n   Compiling quote v1.0.40\n   Compiling syn v2.0.100\n   Compiling ntest_test_cases v0.9.3\n   Compiling ntest_timeout v0.9.3\n   Compiling ntest v0.9.3\nerror[E0412]: cannot find type `TestError` in this scope\n    --> serde/src/de/value.rs:1907:45\n     |\n1907 |     let unit_deserializer: UnitDeserializer<TestError> = UnitDeserializer::new(true);\n     |                                             ^^^^^^^^^ not found in this scope\n     |\nhelp: you might be missing a type parameter\n     |\n1903 | fn test_into_deserializer_01<TestError>()\n     |                             +++++++++++\n\nwarning: unused import: `ntest::timeout`\n    --> serde/src/de/value.rs:1901:8\n     |\n1901 |    use ntest::timeout;\n     |        ^^^^^^^^^^^^^^\n     |\n     = note: `#[warn(unused_imports)]` on by default\n\nerror[E0061]: this function takes 0 arguments but 1 argument was supplied\n    --> serde/src/de/value.rs:1907:58\n     |\n1907 |     let unit_deserializer: UnitDeserializer<TestError> = UnitDeserializer::new(true);\n     |                                                          ^^^^^^^^^^^^^^^^^^^^^ ---- unexpected argument of type `bool`\n     |\nnote: associated function defined here\n    --> serde/src/de/value.rs:144:12\n     |\n144  |     pub fn new() -> Self {\n     |            ^^^\nhelp: remove the extra argument\n     |\n1907 -     let unit_deserializer: UnitDeserializer<TestError> = UnitDeserializer::new(true);\n1907 +     let unit_deserializer: UnitDeserializer<TestError> = UnitDeserializer::new();\n     |\n\nSome errors have detailed explanations: E0061, E0412.\nFor more information about an error, try `rustc --explain E0061`.\nwarning: `serde` (lib test) generated 1 warning\nerror: could not compile `serde` (lib test) due to 2 previous errors; 1 warning emitted\n"
                }
              ],
              "repaired": [
                false
              ]
            }
          ]
        }
      ]
    }
  ]
}