{
  "name": "serde::__private::de::content::<__private::de::content::ContentVisitor<'de> as de::Visitor<'de>>::visit_unit",
  "name_with_impl": "serde::__private::de::content::{impl#5}::visit_unit",
  "mod_info": {
    "name": "__private::de::content",
    "loc": "serde/src/private/de.rs:198:1:2358:2"
  },
  "visible": true,
  "loc": "serde/src/private/de.rs:472:9:477:10",
  "fn_tests": [
    {
      "chain_id": 0,
      "prompt_conds": [],
      "input_infer": "",
      "answers": [
        {
          "uses": [],
          "has_test_mod": false,
          "common": [],
          "chain_tests": [
            {
              "attrs": [],
              "prefix": [],
              "oracles": [],
              "codes": [
                [
                  "{",
                  "    struct MockError;",
                  "",
                  "    impl de::Error for MockError {",
                  "        fn custom<T: std::fmt::Display>(msg: T) -> Self {",
                  "            MockError",
                  "        }",
                  "",
                  "        fn invalid_type(_unexpected: Unexpected, _expected: &dyn std::fmt::Debug) -> Self {",
                  "            MockError",
                  "        }",
                  "",
                  "        // other methods...",
                  "    }",
                  "",
                  "    struct MockVisitor;",
                  "",
                  "    impl<'de> Visitor<'de> for MockVisitor {",
                  "        type Value = Content<'de>;",
                  "",
                  "        fn expecting(&self, _formatter: &mut fmt::Formatter) -> fmt::Result {",
                  "            Ok(())",
                  "        }",
                  "",
                  "        fn visit_unit<F>(self) -> Result<Self::Value, F>",
                  "        where",
                  "            F: de::Error,",
                  "        {",
                  "            Ok(Content::Unit)",
                  "        }",
                  "",
                  "        // other methods...",
                  "    }",
                  "",
                  "    let visitor = MockVisitor;",
                  "    let result: Result<Content, MockError> = visitor.visit_unit();",
                  "    assert_eq!(result.unwrap(), Content::Unit);",
                  "}"
                ]
              ],
              "can_compile": [
                {
                  "Err": "   Compiling proc-macro2 v1.0.95\n   Compiling syn v1.0.109\n   Compiling serde_derive v1.0.219 (/home/abezbm/rust-utgen-test-crates-new/serde/serde_derive)\n   Compiling serde v1.0.219 (/home/abezbm/rust-utgen-test-crates-new/serde/serde)\n   Compiling quote v1.0.40\n   Compiling syn v2.0.100\n   Compiling ntest_test_cases v0.9.3\n   Compiling ntest_timeout v0.9.3\n   Compiling ntest v0.9.3\nwarning: unused import: `ntest::timeout`\n    --> serde/src/private/de.rs:2362:8\n     |\n2362 |    use ntest::timeout;\n     |        ^^^^^^^^^^^^^^\n     |\n     = note: `#[warn(unused_imports)]` on by default\n\nerror[E0277]: the trait bound `MockError: std::error::Error` is not satisfied\n    --> serde/src/private/de.rs:2368:24\n     |\n2368 |     impl de::Error for MockError {\n     |                        ^^^^^^^^^ the trait `std::error::Error` is not implemented for `MockError`\n     |\nnote: required by a bound in `de::Error`\n    --> serde/src/de/mod.rs:161:38\n     |\n161  |         pub trait Error: Sized $(+ $($supertrait)::+)* {\n     |                                      ^^^^^^^^^^^ required by this bound in `Error`\n...\n300  | declare_error_trait!(Error: Sized + StdError);\n     | --------------------------------------------- in this macro invocation\n     = note: this error originates in the macro `declare_error_trait` (in Nightly builds, run with -Z macro-backtrace for more info)\n\nerror[E0053]: method `invalid_type` has an incompatible type for trait\n    --> serde/src/private/de.rs:2373:9\n     |\n2373 |         fn invalid_type(_unexpected: Unexpected, _expected: &dyn std::fmt::Debug) -> Self {\n     |         ^^^^^^^^^^^^^^^^^^^^^^^^^^^^^^^^^^^^^^^^^^^^^^^^^^^^^^^^^^^^^^^^^^^^^^^^^^^^^^^^^ expected trait `Expected`, found trait `Debug`\n     |\nnote: type in trait\n    --> serde/src/de/mod.rs:209:13\n     |\n209  |             fn invalid_type(unexp: Unexpected, exp: &dyn Expected) -> Self {\n     |             ^^^^^^^^^^^^^^^^^^^^^^^^^^^^^^^^^^^^^^^^^^^^^^^^^^^^^^^^^^^^^^\n...\n300  | declare_error_trait!(Error: Sized + StdError);\n     | --------------------------------------------- in this macro invocation\n     = note: expected signature `fn(de::Unexpected<'_>, &dyn Expected) -> MockError`\n                found signature `fn(de::Unexpected<'_>, &dyn std::fmt::Debug) -> MockError`\n     = note: this error originates in the macro `declare_error_trait` (in Nightly builds, run with -Z macro-backtrace for more info)\n\nerror[E0277]: `MockError` doesn't implement `std::fmt::Debug`\n    --> serde/src/private/de.rs:2401:23\n     |\n2401 |     assert_eq!(result.unwrap(), Content::Unit);\n     |                       ^^^^^^ `MockError` cannot be formatted using `{:?}`\n     |\n     = help: the trait `std::fmt::Debug` is not implemented for `MockError`\n     = note: add `#[derive(Debug)]` to `MockError` or manually `impl std::fmt::Debug for MockError`\nnote: required by a bound in `Result::<T, E>::unwrap`\n    --> /home/abezbm/.rustup/toolchains/nightly-2024-07-21-x86_64-unknown-linux-gnu/lib/rustlib/src/rust/library/core/src/result.rs:1098:12\n     |\n1096 |     pub fn unwrap(self) -> T\n     |            ------ required by a bound in this associated function\n1097 |     where\n1098 |         E: fmt::Debug,\n     |            ^^^^^^^^^^ required by this bound in `Result::<T, E>::unwrap`\nhelp: consider annotating `MockError` with `#[derive(Debug)]`\n     |\n2366 +     #[derive(Debug)]\n2367 |     struct MockError;\n     |\n\nerror[E0369]: binary operation `==` cannot be applied to type `__private::de::content::Content<'_>`\n    --> serde/src/private/de.rs:2401:5\n     |\n2401 |     assert_eq!(result.unwrap(), Content::Unit);\n     |     ^^^^^^^^^^^^^^^^^^^^^^^^^^^^^^^^^^^^^^^^^^\n     |     |\n     |     __private::de::content::Content<'_>\n     |     __private::de::content::Content<'_>\n     |\nnote: an implementation of `PartialEq<__private::de::content::Content<'_>>` might be missing for `__private::de::content::Content<'_>`\n    --> serde/src/private/de.rs:223:5\n     |\n223  |     pub enum Content<'de> {\n     |     ^^^^^^^^^^^^^^^^^^^^^ must implement `PartialEq<__private::de::content::Content<'_>>`\n     = note: this error originates in the macro `assert_eq` (in Nightly builds, run with -Z macro-backtrace for more info)\nhelp: consider annotating `__private::de::content::Content<'_>` with `#[derive(PartialEq)]`\n     |\n223  +     #[derive(PartialEq)]\n224  |     pub enum Content<'de> {\n     |\n\nwarning: unused variable: `msg`\n    --> serde/src/private/de.rs:2369:41\n     |\n2369 |         fn custom<T: std::fmt::Display>(msg: T) -> Self {\n     |                                         ^^^ help: if this is intentional, prefix it with an underscore: `_msg`\n     |\n     = note: `#[warn(unused_variables)]` on by default\n\nSome errors have detailed explanations: E0053, E0277, E0369.\nFor more information about an error, try `rustc --explain E0053`.\nwarning: `serde` (lib test) generated 2 warnings\nerror: could not compile `serde` (lib test) due to 4 previous errors; 2 warnings emitted\n"
                }
              ],
              "repaired": [
                false
              ]
            }
          ]
        }
      ]
    }
  ]
}