{
  "name": "bytes::buf::chain::buf::chain::Chain<T, U>::into_inner",
  "name_with_impl": "bytes::buf::chain::{impl#0}::into_inner",
  "mod_info": {
    "name": "buf::chain",
    "loc": "src/buf/mod.rs:19:1:19:11"
  },
  "visible": true,
  "loc": "src/buf/chain.rs:125:5:127:6",
  "fn_tests": [
    {
      "chain_id": 0,
      "prompt_conds": [],
      "input_infer": "",
      "answers": [
        {
          "uses": [],
          "has_test_mod": false,
          "common": [],
          "chain_tests": [
            {
              "attrs": [],
              "prefix": [],
              "oracles": [],
              "codes": [
                [
                  "{",
                  "    struct TestBuf;",
                  "    ",
                  "    impl Buf for TestBuf {",
                  "        // Implement necessary Buf methods here for testing",
                  "    }",
                  "",
                  "    struct TestBufMut;",
                  "    ",
                  "    impl BufMut for TestBufMut {",
                  "        // Implement necessary BufMut methods here for testing",
                  "    }",
                  "",
                  "    let first_buf = TestBuf;",
                  "    let last_buf = TestBufMut;",
                  "",
                  "    let chain = Chain::new(first_buf, last_buf);",
                  "    ",
                  "    let (first, last) = chain.into_inner();",
                  "    ",
                  "    // Validate that first and last are of the expected types",
                  "    // For the sake of this example, we're not specifically checking content",
                  "    assert_eq!(std::any::type_name::<_>(&first), std::any::type_name::<TestBuf>());",
                  "    assert_eq!(std::any::type_name::<_>(&last), std::any::type_name::<TestBufMut>());",
                  "}"
                ]
              ],
              "can_compile": [
                {
                  "Err": "   Compiling proc-macro2 v1.0.95\n   Compiling syn v1.0.109\n   Compiling serde v1.0.219\n   Compiling quote v1.0.40\n   Compiling serde_test v1.0.177\n   Compiling ntest_test_cases v0.9.3\n   Compiling ntest_timeout v0.9.3\n   Compiling ntest v0.9.3\n   Compiling bytes v1.10.1 (/home/abezbm/rust-utgen-test-crates-new/bytes)\nwarning: unused import: `ntest::timeout`\n   --> src/buf/chain.rs:244:8\n    |\n244 |    use ntest::timeout;\n    |        ^^^^^^^^^^^^^^\n    |\n    = note: `#[warn(unused_imports)]` on by default\n\nwarning: unused import: `super::*`\n    --> src/bytes_mut.rs:1500:9\n     |\n1500 |     use super::*;\n     |         ^^^^^^^^\n\nerror[E0200]: the trait `buf_mut::BufMut` requires an `unsafe impl` declaration\n   --> src/buf/chain.rs:256:5\n    |\n256 |     impl BufMut for TestBufMut {\n    |     ^^^^^^^^^^^^^^^^^^^^^^^^^^\n    |\n    = note: the trait `buf_mut::BufMut` enforces invariants that the compiler can't check. Review the trait documentation and make sure this implementation upholds those invariants before adding the `unsafe` keyword\nhelp: add `unsafe` to this trait implementation\n    |\n256 |     unsafe impl BufMut for TestBufMut {\n    |     ++++++\n\nerror[E0046]: not all trait items implemented, missing: `remaining`, `chunk`, `advance`\n   --> src/buf/chain.rs:250:5\n    |\n250 |     impl Buf for TestBuf {\n    |     ^^^^^^^^^^^^^^^^^^^^ missing `remaining`, `chunk`, `advance` in implementation\n    |\n   ::: src/buf/buf_impl.rs:143:5\n    |\n143 |     fn remaining(&self) -> usize;\n    |     ----------------------------- `remaining` from trait\n...\n176 |     fn chunk(&self) -> &[u8];\n    |     ------------------------- `chunk` from trait\n...\n250 |     fn advance(&mut self, cnt: usize);\n    |     ---------------------------------- `advance` from trait\n\nerror[E0061]: this function takes 0 arguments but 1 argument was supplied\n   --> src/buf/chain.rs:269:16\n    |\n269 |     assert_eq!(std::any::type_name::<_>(&first), std::any::type_name::<TestBuf>());\n    |                ^^^^^^^^^^^^^^^^^^^^^^^^ ------ unexpected argument of type `&TestBuf`\n    |\nnote: function defined here\n   --> /home/abezbm/.rustup/toolchains/nightly-2024-07-21-x86_64-unknown-linux-gnu/lib/rustlib/src/rust/library/core/src/any.rs:710:14\n    |\n710 | pub const fn type_name<T: ?Sized>() -> &'static str {\n    |              ^^^^^^^^^\nhelp: remove the extra argument\n    |\n269 -     assert_eq!(std::any::type_name::<_>(&first), std::any::type_name::<TestBuf>());\n269 +     assert_eq!(std::any::type_name::<_>(), std::any::type_name::<TestBuf>());\n    |\n\nerror[E0061]: this function takes 0 arguments but 1 argument was supplied\n   --> src/buf/chain.rs:270:16\n    |\n270 |     assert_eq!(std::any::type_name::<_>(&last), std::any::type_name::<TestBufMut>());\n    |                ^^^^^^^^^^^^^^^^^^^^^^^^ ----- unexpected argument of type `&TestBufMut`\n    |\nnote: function defined here\n   --> /home/abezbm/.rustup/toolchains/nightly-2024-07-21-x86_64-unknown-linux-gnu/lib/rustlib/src/rust/library/core/src/any.rs:710:14\n    |\n710 | pub const fn type_name<T: ?Sized>() -> &'static str {\n    |              ^^^^^^^^^\nhelp: remove the extra argument\n    |\n270 -     assert_eq!(std::any::type_name::<_>(&last), std::any::type_name::<TestBufMut>());\n270 +     assert_eq!(std::any::type_name::<_>(), std::any::type_name::<TestBufMut>());\n    |\n\nSome errors have detailed explanations: E0046, E0061, E0200.\nFor more information about an error, try `rustc --explain E0046`.\nwarning: `bytes` (lib test) generated 2 warnings\nerror: could not compile `bytes` (lib test) due to 4 previous errors; 2 warnings emitted\n"
                }
              ],
              "repaired": [
                false
              ]
            }
          ]
        }
      ]
    }
  ]
}