{
  "name": "bytes::buf::buf_mut::BufMut::put_slice",
  "name_with_impl": "bytes::buf::buf_mut::BufMut::put_slice",
  "mod_info": {
    "name": "buf::buf_mut",
    "loc": "src/buf/mod.rs:18:1:18:13"
  },
  "visible": true,
  "loc": "src/buf/buf_mut.rs:246:5:264:6",
  "fn_tests": [
    {
      "chain_id": 0,
      "prompt_conds": [],
      "input_infer": "",
      "answers": [
        {
          "uses": [],
          "has_test_mod": false,
          "common": [],
          "chain_tests": [
            {
              "attrs": [],
              "prefix": [],
              "oracles": [],
              "codes": [
                [
                  "{",
                  "    let mut dst = [0u8; 6];",
                  "    {",
                  "        let mut buf: &mut [core::mem::MaybeUninit<u8>] = unsafe {",
                  "            &mut *(dst.as_mut_ptr() as *mut _)",
                  "        };",
                  "        buf.put_slice(b\"hello\");",
                  "",
                  "        assert_eq!(1, buf.remaining_mut());",
                  "    }",
                  "    assert_eq!(b\"hello\\0\", &dst);",
                  "}"
                ]
              ],
              "can_compile": [
                {
                  "Err": "   Compiling proc-macro2 v1.0.95\n   Compiling syn v1.0.109\n   Compiling serde v1.0.219\n   Compiling quote v1.0.40\n   Compiling serde_test v1.0.177\n   Compiling ntest_timeout v0.9.3\n   Compiling ntest_test_cases v0.9.3\n   Compiling ntest v0.9.3\n   Compiling bytes v1.10.1 (/home/abezbm/rust-utgen-test-crates-new/bytes)\nwarning: unused import: `ntest::timeout`\n    --> src/buf/buf_mut.rs:1675:8\n     |\n1675 |    use ntest::timeout;\n     |        ^^^^^^^^^^^^^^\n     |\n     = note: `#[warn(unused_imports)]` on by default\n\nwarning: unused import: `super::*`\n    --> src/bytes_mut.rs:1500:9\n     |\n1500 |     use super::*;\n     |         ^^^^^^^^\n\nerror[E0607]: cannot cast thin pointer `*mut u8` to fat pointer `*mut [MaybeUninit<u8>]`\n    --> src/buf/buf_mut.rs:1682:19\n     |\n1682 |             &mut *(dst.as_mut_ptr() as *mut _)\n     |                   ^^^^^^^^^^^^^^^^^^^^^^^^^^^^\n\nFor more information about this error, try `rustc --explain E0607`.\nwarning: `bytes` (lib test) generated 2 warnings\nerror: could not compile `bytes` (lib test) due to 1 previous error; 2 warnings emitted\n"
                }
              ],
              "repaired": [
                false
              ]
            },
            {
              "attrs": [
                "#[should_panic]"
              ],
              "prefix": [],
              "oracles": [],
              "codes": [
                [
                  "{",
                  "    let mut dst = [0u8; 5];",
                  "    {",
                  "        let mut buf: &mut [core::mem::MaybeUninit<u8>] = unsafe {",
                  "            &mut *(dst.as_mut_ptr() as *mut _)",
                  "        };",
                  "        buf.put_slice(b\"hello world\"); // Exceeds available capacity",
                  "    }",
                  "}"
                ]
              ],
              "can_compile": [
                {
                  "Err": "   Compiling proc-macro2 v1.0.95\n   Compiling syn v1.0.109\n   Compiling serde v1.0.219\n   Compiling quote v1.0.40\n   Compiling serde_test v1.0.177\n   Compiling ntest_test_cases v0.9.3\n   Compiling ntest_timeout v0.9.3\n   Compiling ntest v0.9.3\n   Compiling bytes v1.10.1 (/home/abezbm/rust-utgen-test-crates-new/bytes)\nwarning: unused import: `ntest::timeout`\n    --> src/buf/buf_mut.rs:1675:8\n     |\n1675 |    use ntest::timeout;\n     |        ^^^^^^^^^^^^^^\n     |\n     = note: `#[warn(unused_imports)]` on by default\n\nwarning: unused import: `super::*`\n    --> src/bytes_mut.rs:1500:9\n     |\n1500 |     use super::*;\n     |         ^^^^^^^^\n\nerror[E0607]: cannot cast thin pointer `*mut u8` to fat pointer `*mut [MaybeUninit<u8>]`\n    --> src/buf/buf_mut.rs:1683:19\n     |\n1683 |             &mut *(dst.as_mut_ptr() as *mut _)\n     |                   ^^^^^^^^^^^^^^^^^^^^^^^^^^^^\n\nFor more information about this error, try `rustc --explain E0607`.\nwarning: `bytes` (lib test) generated 2 warnings\nerror: could not compile `bytes` (lib test) due to 1 previous error; 2 warnings emitted\n"
                }
              ],
              "repaired": [
                false
              ]
            },
            {
              "attrs": [],
              "prefix": [],
              "oracles": [],
              "codes": [
                [
                  "{",
                  "    let mut dst = [0u8; 10];",
                  "    {",
                  "        let mut buf: &mut [core::mem::MaybeUninit<u8>] = unsafe {",
                  "            &mut *(dst.as_mut_ptr() as *mut _)",
                  "        };",
                  "        buf.put_slice(b\"hello\");",
                  "        ",
                  "        assert_eq!(5, buf.remaining_mut());",
                  "        buf.put_slice(b\"123\");",
                  "    }",
                  "    assert_eq!(b\"hello123\\0\\0\\0\", &dst);",
                  "}"
                ]
              ],
              "can_compile": [
                {
                  "Err": "   Compiling proc-macro2 v1.0.95\n   Compiling syn v1.0.109\n   Compiling serde v1.0.219\n   Compiling quote v1.0.40\n   Compiling serde_test v1.0.177\n   Compiling ntest_test_cases v0.9.3\n   Compiling ntest_timeout v0.9.3\n   Compiling ntest v0.9.3\n   Compiling bytes v1.10.1 (/home/abezbm/rust-utgen-test-crates-new/bytes)\nwarning: unused import: `ntest::timeout`\n    --> src/buf/buf_mut.rs:1675:8\n     |\n1675 |    use ntest::timeout;\n     |        ^^^^^^^^^^^^^^\n     |\n     = note: `#[warn(unused_imports)]` on by default\n\nwarning: unused import: `super::*`\n    --> src/bytes_mut.rs:1500:9\n     |\n1500 |     use super::*;\n     |         ^^^^^^^^\n\nerror[E0277]: can't compare `[u8; 11]` with `[u8; 10]`\n    --> src/buf/buf_mut.rs:1689:5\n     |\n1689 |     assert_eq!(b\"hello123\\0\\0\\0\", &dst);\n     |     ^^^^^^^^^^^^^^^^^^^^^^^^^^^^^^^^^^^ no implementation for `[u8; 11] == [u8; 10]`\n     |\n     = help: the trait `PartialEq<[u8; 10]>` is not implemented for `[u8; 11]`, which is required by `&[u8; 11]: PartialEq<&[u8; 10]>`\n     = help: the following other types implement trait `PartialEq<Rhs>`:\n               `&[T]` implements `PartialEq<Vec<U, A>>`\n               `&[T]` implements `PartialEq<[U; N]>`\n               `&[u8]` implements `PartialEq<BytesMut>`\n               `&[u8]` implements `PartialEq<bytes::Bytes>`\n               `&mut [T]` implements `PartialEq<Vec<U, A>>`\n               `&mut [T]` implements `PartialEq<[U; N]>`\n               `[T; N]` implements `PartialEq<&[U]>`\n               `[T; N]` implements `PartialEq<&mut [U]>`\n             and 7 others\n     = note: required for `&[u8; 11]` to implement `PartialEq<&[u8; 10]>`\n     = note: this error originates in the macro `assert_eq` (in Nightly builds, run with -Z macro-backtrace for more info)\n\nerror[E0607]: cannot cast thin pointer `*mut u8` to fat pointer `*mut [MaybeUninit<u8>]`\n    --> src/buf/buf_mut.rs:1682:19\n     |\n1682 |             &mut *(dst.as_mut_ptr() as *mut _)\n     |                   ^^^^^^^^^^^^^^^^^^^^^^^^^^^^\n\nSome errors have detailed explanations: E0277, E0607.\nFor more information about an error, try `rustc --explain E0277`.\nwarning: `bytes` (lib test) generated 2 warnings\nerror: could not compile `bytes` (lib test) due to 2 previous errors; 2 warnings emitted\n"
                }
              ],
              "repaired": [
                false
              ]
            }
          ]
        }
      ]
    }
  ]
}