{
  "name": "serde_json::read::<&mut R as read::Read<'de>>::ignore_str",
  "name_with_impl": "serde_json::read::{impl#12}::ignore_str",
  "mod_info": {
    "name": "read",
    "loc": "src/lib.rs:434:1:434:10"
  },
  "visible": true,
  "loc": "src/read.rs:801:5:803:6",
  "fn_tests": [
    {
      "chain_id": 1,
      "prompt_conds": [],
      "input_infer": "input_range: 0-10 for valid scenarios, 11-20 for invalid scenarios triggering errors, 21-30 for edge cases with potential panics\n",
      "answers": [
        {
          "uses": [],
          "has_test_mod": false,
          "common": [],
          "chain_tests": [
            {
              "attrs": [],
              "prefix": [
                "{",
                "    struct TestReader {",
                "        position: usize,",
                "    }",
                "",
                "    impl TestReader {",
                "        fn new() -> Self {",
                "            TestReader { position: 0 }",
                "        }",
                "    }",
                "",
                "    impl Read<'_> for TestReader {",
                "        const should_early_return_if_failed: bool = false;",
                "",
                "        fn next(&mut self) -> Result<Option<u8>> {",
                "            // Simulate valid reading",
                "            if self.position < 10 {",
                "                self.position += 1;",
                "                Ok(Some(b'a'))",
                "            } else {",
                "                Ok(None)",
                "            }",
                "        }",
                "",
                "        fn peek(&mut self) -> Result<Option<u8>> {",
                "            Ok(Some(b'a'))",
                "        }",
                "",
                "        fn discard(&mut self) {}",
                "        fn position(&self) -> Position { Position::new(self.position as u64) }",
                "        fn peek_position(&self) -> Position { Position::new(self.position as u64) }",
                "        fn byte_offset(&self) -> usize { self.position }",
                "",
                "        fn parse_str<'s>(&'s mut self, scratch: &'s mut Vec<u8>) -> Result<Reference<'_, 's, str>> {",
                "            Err(Error::from(ErrorCode::custom(\"parse_str not implemented\")))",
                "        }",
                "",
                "        fn parse_str_raw<'s>(&'s mut self, scratch: &'s mut Vec<u8>) -> Result<Reference<'_, 's, [u8]>> {",
                "            Err(Error::from(ErrorCode::custom(\"parse_str_raw not implemented\")))",
                "        }",
                "",
                "        fn ignore_str(&mut self) -> Result<()> {",
                "            Ok(())",
                "        }",
                "",
                "        fn decode_hex_escape(&mut self) -> Result<u16> {",
                "            Ok(0)",
                "        }",
                "    }",
                "",
                "    let mut reader = TestReader::new();",
                "    reader.ignore_str().unwrap();",
                "}"
              ],
              "oracles": [
                [
                  "    let mut reader = TestReader::new();",
                  "    let result = reader.ignore_str();",
                  "    assert!(result.is_ok());"
                ],
                [
                  "    let mut reader = TestReader::new();",
                  "    let result = reader.ignore_str();",
                  "    assert_eq!(reader.position(), Position::new(0));"
                ]
              ],
              "codes": [
                [
                  "{",
                  "    struct TestReader {",
                  "        position: usize,",
                  "    }",
                  "",
                  "    impl TestReader {",
                  "        fn new() -> Self {",
                  "            TestReader { position: 0 }",
                  "        }",
                  "    }",
                  "",
                  "    impl Read<'_> for TestReader {",
                  "        const should_early_return_if_failed: bool = false;",
                  "",
                  "        fn next(&mut self) -> Result<Option<u8>> {",
                  "            // Simulate valid reading",
                  "            if self.position < 10 {",
                  "                self.position += 1;",
                  "                Ok(Some(b'a'))",
                  "            } else {",
                  "                Ok(None)",
                  "            }",
                  "        }",
                  "",
                  "        fn peek(&mut self) -> Result<Option<u8>> {",
                  "            Ok(Some(b'a'))",
                  "        }",
                  "",
                  "        fn discard(&mut self) {}",
                  "        fn position(&self) -> Position { Position::new(self.position as u64) }",
                  "        fn peek_position(&self) -> Position { Position::new(self.position as u64) }",
                  "        fn byte_offset(&self) -> usize { self.position }",
                  "",
                  "        fn parse_str<'s>(&'s mut self, scratch: &'s mut Vec<u8>) -> Result<Reference<'_, 's, str>> {",
                  "            Err(Error::from(ErrorCode::custom(\"parse_str not implemented\")))",
                  "        }",
                  "",
                  "        fn parse_str_raw<'s>(&'s mut self, scratch: &'s mut Vec<u8>) -> Result<Reference<'_, 's, [u8]>> {",
                  "            Err(Error::from(ErrorCode::custom(\"parse_str_raw not implemented\")))",
                  "        }",
                  "",
                  "        fn ignore_str(&mut self) -> Result<()> {",
                  "            Ok(())",
                  "        }",
                  "",
                  "        fn decode_hex_escape(&mut self) -> Result<u16> {",
                  "            Ok(0)",
                  "        }",
                  "    }",
                  "",
                  "    let mut reader = TestReader::new();",
                  "    reader.ignore_str().unwrap();",
                  "    let mut reader = TestReader::new();",
                  "    let result = reader.ignore_str();",
                  "    assert!(result.is_ok());",
                  "}"
                ],
                [
                  "{",
                  "    struct TestReader {",
                  "        position: usize,",
                  "    }",
                  "",
                  "    impl TestReader {",
                  "        fn new() -> Self {",
                  "            TestReader { position: 0 }",
                  "        }",
                  "    }",
                  "",
                  "    impl Read<'_> for TestReader {",
                  "        const should_early_return_if_failed: bool = false;",
                  "",
                  "        fn next(&mut self) -> Result<Option<u8>> {",
                  "            // Simulate valid reading",
                  "            if self.position < 10 {",
                  "                self.position += 1;",
                  "                Ok(Some(b'a'))",
                  "            } else {",
                  "                Ok(None)",
                  "            }",
                  "        }",
                  "",
                  "        fn peek(&mut self) -> Result<Option<u8>> {",
                  "            Ok(Some(b'a'))",
                  "        }",
                  "",
                  "        fn discard(&mut self) {}",
                  "        fn position(&self) -> Position { Position::new(self.position as u64) }",
                  "        fn peek_position(&self) -> Position { Position::new(self.position as u64) }",
                  "        fn byte_offset(&self) -> usize { self.position }",
                  "",
                  "        fn parse_str<'s>(&'s mut self, scratch: &'s mut Vec<u8>) -> Result<Reference<'_, 's, str>> {",
                  "            Err(Error::from(ErrorCode::custom(\"parse_str not implemented\")))",
                  "        }",
                  "",
                  "        fn parse_str_raw<'s>(&'s mut self, scratch: &'s mut Vec<u8>) -> Result<Reference<'_, 's, [u8]>> {",
                  "            Err(Error::from(ErrorCode::custom(\"parse_str_raw not implemented\")))",
                  "        }",
                  "",
                  "        fn ignore_str(&mut self) -> Result<()> {",
                  "            Ok(())",
                  "        }",
                  "",
                  "        fn decode_hex_escape(&mut self) -> Result<u16> {",
                  "            Ok(0)",
                  "        }",
                  "    }",
                  "",
                  "    let mut reader = TestReader::new();",
                  "    reader.ignore_str().unwrap();",
                  "    let mut reader = TestReader::new();",
                  "    let result = reader.ignore_str();",
                  "    assert_eq!(reader.position(), Position::new(0));",
                  "}"
                ]
              ],
              "can_compile": [
                {
                  "Err": "   Compiling proc-macro2 v1.0.95\n   Compiling serde v1.0.219\n   Compiling syn v1.0.109\n   Compiling libc v0.2.172\n   Compiling target-triple v0.1.4\n   Compiling serde_json v1.0.140\n   Compiling ref-cast v1.0.24\n   Compiling rustversion v1.0.20\n   Compiling serde_json v1.0.140 (/home/abezbm/rust-utgen-test-crates-new/json)\n   Compiling psm v0.1.26\n   Compiling stacker v0.1.21\n   Compiling quote v1.0.40\n   Compiling syn v2.0.101\n   Compiling serde_derive v1.0.219\n   Compiling ref-cast-impl v1.0.24\n   Compiling automod v1.0.15\n   Compiling ntest_test_cases v0.9.3\n   Compiling ntest_timeout v0.9.3\n   Compiling ntest v0.9.3\n   Compiling serde_spanned v0.6.8\n   Compiling toml_datetime v0.6.9\n   Compiling serde_stacker v0.1.12\n   Compiling serde_bytes v0.11.17\n   Compiling toml_edit v0.22.25\n   Compiling toml v0.8.21\n   Compiling trybuild v1.0.104\nwarning: unused import: `ntest::timeout`\n    --> src/read.rs:1093:8\n     |\n1093 |    use ntest::timeout;\n     |        ^^^^^^^^^^^^^^\n     |\n     = note: `#[warn(unused_imports)]` on by default\n\nerror[E0277]: the trait bound `TestReader: read::private::Sealed` is not satisfied\n    --> src/read.rs:1107:23\n     |\n1107 |     impl Read<'_> for TestReader {\n     |                       ^^^^^^^^^^ the trait `read::private::Sealed` is not implemented for `TestReader`\n     |\n     = help: the following other types implement trait `read::private::Sealed`:\n               &mut R\n               IoRead<R>\n               SliceRead<'a>\n               StrRead<'a>\nnote: required by a bound in `read::Read`\n    --> src/read.rs:28:22\n     |\n28   | pub trait Read<'de>: private::Sealed {\n     |                      ^^^^^^^^^^^^^^^ required by this bound in `Read`\n     = note: `Read` is a \"sealed trait\", because to implement it you also need to implement `read::private::Sealed`, which is not accessible; this is usually done to force you to use one of the provided types that already implement it\n     = help: the following types implement the trait:\n               read::IoRead<R>\n               read::SliceRead<'a>\n               read::StrRead<'a>\n               &mut R\n\nerror: `impl` item signature doesn't match `trait` item signature\n    --> src/read.rs:1129:9\n     |\n67   |     fn parse_str<'s>(&'s mut self, scratch: &'s mut Vec<u8>) -> Result<Reference<'de, 's, str>>;\n     |     -------------------------------------------------------------------------------------------- expected `fn(&'s mut TestReader, &'s mut std::vec::Vec<u8>) -> std::result::Result<read::Reference<'1, 's, str>, error::Error>`\n...\n1129 |         fn parse_str<'s>(&'s mut self, scratch: &'s mut Vec<u8>) -> Result<Reference<'_, 's, str>> {\n     |         ^^^^^^^^^^^^^^^^^^^^^^^^^^^^^^^^^^^^^^^^^^^^^^^^^^^^^^^^^^^^^^^^^^^^^^^^^^^^^^^^^^^^^^^^^^ found `fn(&'1 mut TestReader, &'1 mut std::vec::Vec<u8>) -> std::result::Result<read::Reference<'1, '1, str>, error::Error>`\n     |\n     = note: expected signature `fn(&'s mut TestReader, &'s mut std::vec::Vec<u8>) -> std::result::Result<read::Reference<'1, 's, str>, error::Error>`\n                found signature `fn(&'1 mut TestReader, &'1 mut std::vec::Vec<u8>) -> std::result::Result<read::Reference<'1, '1, str>, error::Error>`\n     = help: the lifetime requirements from the `impl` do not correspond to the requirements in the `trait`\n     = help: verify the lifetime relationships in the `trait` and `impl` between the `self` argument, the other inputs and its output\n\nerror: `impl` item signature doesn't match `trait` item signature\n    --> src/read.rs:1133:9\n     |\n76   | /     fn parse_str_raw<'s>(\n77   | |         &'s mut self,\n78   | |         scratch: &'s mut Vec<u8>,\n79   | |     ) -> Result<Reference<'de, 's, [u8]>>;\n     | |__________________________________________- expected `fn(&'s mut TestReader, &'s mut std::vec::Vec<u8>) -> std::result::Result<read::Reference<'1, 's, [u8]>, error::Error>`\n...\n1133 |           fn parse_str_raw<'s>(&'s mut self, scratch: &'s mut Vec<u8>) -> Result<Reference<'_, 's, [u8]>> {\n     |           ^^^^^^^^^^^^^^^^^^^^^^^^^^^^^^^^^^^^^^^^^^^^^^^^^^^^^^^^^^^^^^^^^^^^^^^^^^^^^^^^^^^^^^^^^^^^^^^ found `fn(&'1 mut TestReader, &'1 mut std::vec::Vec<u8>) -> std::result::Result<read::Reference<'1, '1, [u8]>, error::Error>`\n     |\n     = note: expected signature `fn(&'s mut TestReader, &'s mut std::vec::Vec<u8>) -> std::result::Result<read::Reference<'1, 's, [u8]>, error::Error>`\n                found signature `fn(&'1 mut TestReader, &'1 mut std::vec::Vec<u8>) -> std::result::Result<read::Reference<'1, '1, [u8]>, error::Error>`\n     = help: the lifetime requirements from the `impl` do not correspond to the requirements in the `trait`\n     = help: verify the lifetime relationships in the `trait` and `impl` between the `self` argument, the other inputs and its output\n\nerror[E0046]: not all trait items implemented, missing: `set_failed`\n    --> src/read.rs:1107:5\n     |\n116  |     fn set_failed(&mut self, failed: &mut bool);\n     |     -------------------------------------------- `set_failed` from trait\n...\n1107 |     impl Read<'_> for TestReader {\n     |     ^^^^^^^^^^^^^^^^^^^^^^^^^^^^ missing `set_failed` in implementation\n\nerror[E0277]: the trait bound `TestReader: read::private::Sealed` is not satisfied\n    --> src/read.rs:1147:12\n     |\n1147 |     reader.ignore_str().unwrap();\n     |            ^^^^^^^^^^ the trait `read::private::Sealed` is not implemented for `TestReader`\n     |\nnote: required by a bound in `read::Read::ignore_str`\n    --> src/read.rs:28:22\n     |\n28   | pub trait Read<'de>: private::Sealed {\n     |                      ^^^^^^^^^^^^^^^ required by this bound in `Read::ignore_str`\n...\n84   |     fn ignore_str(&mut self) -> Result<()>;\n     |        ---------- required by a bound in this associated function\nhelp: consider mutably borrowing here\n     |\n1147 |     (&mut reader).ignore_str().unwrap();\n     |     +++++       +\n\nerror[E0277]: the trait bound `TestReader: read::private::Sealed` is not satisfied\n    --> src/read.rs:1149:25\n     |\n1149 |     let result = reader.ignore_str();\n     |                         ^^^^^^^^^^ the trait `read::private::Sealed` is not implemented for `TestReader`\n     |\nnote: required by a bound in `read::Read::ignore_str`\n    --> src/read.rs:28:22\n     |\n28   | pub trait Read<'de>: private::Sealed {\n     |                      ^^^^^^^^^^^^^^^ required by this bound in `Read::ignore_str`\n...\n84   |     fn ignore_str(&mut self) -> Result<()>;\n     |        ---------- required by a bound in this associated function\nhelp: consider mutably borrowing here\n     |\n1149 |     let result = (&mut reader).ignore_str();\n     |                  +++++       +\n\nerror[E0599]: no function or associated item named `new` found for struct `read::Position` in the current scope\n    --> src/read.rs:1125:52\n     |\n119  | pub struct Position {\n     | ------------------- function or associated item `new` not found for this struct\n...\n1125 |         fn position(&self) -> Position { Position::new(self.position as u64) }\n     |                                                    ^^^ function or associated item not found in `Position`\n\nerror[E0599]: no function or associated item named `new` found for struct `read::Position` in the current scope\n    --> src/read.rs:1126:57\n     |\n119  | pub struct Position {\n     | ------------------- function or associated item `new` not found for this struct\n...\n1126 |         fn peek_position(&self) -> Position { Position::new(self.position as u64) }\n     |                                                         ^^^ function or associated item not found in `Position`\n\nerror[E0599]: no variant or associated item named `custom` found for enum `error::ErrorCode` in the current scope\n    --> src/read.rs:1130:40\n     |\n1130 |             Err(Error::from(ErrorCode::custom(\"parse_str not implemented\")))\n     |                                        ^^^^^^ variant or associated item not found in `ErrorCode`\n     |\n    ::: src/error.rs:236:1\n     |\n236  | pub(crate) enum ErrorCode {\n     | ------------------------- variant or associated item `custom` not found for this enum\n     |\n     = help: items from traits can only be used if the trait is implemented and in scope\n     = note: the following traits define an item `custom`, perhaps you need to implement one of them:\n             candidate #1: `serde::de::Error`\n             candidate #2: `serde::ser::Error`\n\nerror[E0599]: no variant or associated item named `custom` found for enum `error::ErrorCode` in the current scope\n    --> src/read.rs:1134:40\n     |\n1134 |             Err(Error::from(ErrorCode::custom(\"parse_str_raw not implemented\")))\n     |                                        ^^^^^^ variant or associated item not found in `ErrorCode`\n     |\n    ::: src/error.rs:236:1\n     |\n236  | pub(crate) enum ErrorCode {\n     | ------------------------- variant or associated item `custom` not found for this enum\n     |\n     = help: items from traits can only be used if the trait is implemented and in scope\n     = note: the following traits define an item `custom`, perhaps you need to implement one of them:\n             candidate #1: `serde::de::Error`\n             candidate #2: `serde::ser::Error`\n\nSome errors have detailed explanations: E0046, E0277, E0599.\nFor more information about an error, try `rustc --explain E0046`.\nwarning: `serde_json` (lib test) generated 1 warning\nerror: could not compile `serde_json` (lib test) due to 10 previous errors; 1 warning emitted\n"
                },
                {
                  "Err": "   Compiling proc-macro2 v1.0.95\n   Compiling serde v1.0.219\n   Compiling syn v1.0.109\n   Compiling libc v0.2.172\n   Compiling target-triple v0.1.4\n   Compiling serde_json v1.0.140\n   Compiling rustversion v1.0.20\n   Compiling ref-cast v1.0.24\n   Compiling serde_json v1.0.140 (/home/abezbm/rust-utgen-test-crates-new/json)\n   Compiling psm v0.1.26\n   Compiling stacker v0.1.21\n   Compiling quote v1.0.40\n   Compiling syn v2.0.101\n   Compiling serde_derive v1.0.219\n   Compiling ref-cast-impl v1.0.24\n   Compiling automod v1.0.15\n   Compiling ntest_timeout v0.9.3\n   Compiling ntest_test_cases v0.9.3\n   Compiling ntest v0.9.3\n   Compiling toml_datetime v0.6.9\n   Compiling serde_spanned v0.6.8\n   Compiling serde_stacker v0.1.12\n   Compiling serde_bytes v0.11.17\n   Compiling toml_edit v0.22.25\n   Compiling toml v0.8.21\n   Compiling trybuild v1.0.104\nwarning: unused import: `ntest::timeout`\n    --> src/read.rs:1093:8\n     |\n1093 |    use ntest::timeout;\n     |        ^^^^^^^^^^^^^^\n     |\n     = note: `#[warn(unused_imports)]` on by default\n\nerror[E0277]: the trait bound `TestReader: read::private::Sealed` is not satisfied\n    --> src/read.rs:1107:23\n     |\n1107 |     impl Read<'_> for TestReader {\n     |                       ^^^^^^^^^^ the trait `read::private::Sealed` is not implemented for `TestReader`\n     |\n     = help: the following other types implement trait `read::private::Sealed`:\n               &mut R\n               IoRead<R>\n               SliceRead<'a>\n               StrRead<'a>\nnote: required by a bound in `read::Read`\n    --> src/read.rs:28:22\n     |\n28   | pub trait Read<'de>: private::Sealed {\n     |                      ^^^^^^^^^^^^^^^ required by this bound in `Read`\n     = note: `Read` is a \"sealed trait\", because to implement it you also need to implement `read::private::Sealed`, which is not accessible; this is usually done to force you to use one of the provided types that already implement it\n     = help: the following types implement the trait:\n               read::IoRead<R>\n               read::SliceRead<'a>\n               read::StrRead<'a>\n               &mut R\n\nerror: `impl` item signature doesn't match `trait` item signature\n    --> src/read.rs:1129:9\n     |\n67   |     fn parse_str<'s>(&'s mut self, scratch: &'s mut Vec<u8>) -> Result<Reference<'de, 's, str>>;\n     |     -------------------------------------------------------------------------------------------- expected `fn(&'s mut TestReader, &'s mut std::vec::Vec<u8>) -> std::result::Result<read::Reference<'1, 's, str>, error::Error>`\n...\n1129 |         fn parse_str<'s>(&'s mut self, scratch: &'s mut Vec<u8>) -> Result<Reference<'_, 's, str>> {\n     |         ^^^^^^^^^^^^^^^^^^^^^^^^^^^^^^^^^^^^^^^^^^^^^^^^^^^^^^^^^^^^^^^^^^^^^^^^^^^^^^^^^^^^^^^^^^ found `fn(&'1 mut TestReader, &'1 mut std::vec::Vec<u8>) -> std::result::Result<read::Reference<'1, '1, str>, error::Error>`\n     |\n     = note: expected signature `fn(&'s mut TestReader, &'s mut std::vec::Vec<u8>) -> std::result::Result<read::Reference<'1, 's, str>, error::Error>`\n                found signature `fn(&'1 mut TestReader, &'1 mut std::vec::Vec<u8>) -> std::result::Result<read::Reference<'1, '1, str>, error::Error>`\n     = help: the lifetime requirements from the `impl` do not correspond to the requirements in the `trait`\n     = help: verify the lifetime relationships in the `trait` and `impl` between the `self` argument, the other inputs and its output\n\nerror: `impl` item signature doesn't match `trait` item signature\n    --> src/read.rs:1133:9\n     |\n76   | /     fn parse_str_raw<'s>(\n77   | |         &'s mut self,\n78   | |         scratch: &'s mut Vec<u8>,\n79   | |     ) -> Result<Reference<'de, 's, [u8]>>;\n     | |__________________________________________- expected `fn(&'s mut TestReader, &'s mut std::vec::Vec<u8>) -> std::result::Result<read::Reference<'1, 's, [u8]>, error::Error>`\n...\n1133 |           fn parse_str_raw<'s>(&'s mut self, scratch: &'s mut Vec<u8>) -> Result<Reference<'_, 's, [u8]>> {\n     |           ^^^^^^^^^^^^^^^^^^^^^^^^^^^^^^^^^^^^^^^^^^^^^^^^^^^^^^^^^^^^^^^^^^^^^^^^^^^^^^^^^^^^^^^^^^^^^^^ found `fn(&'1 mut TestReader, &'1 mut std::vec::Vec<u8>) -> std::result::Result<read::Reference<'1, '1, [u8]>, error::Error>`\n     |\n     = note: expected signature `fn(&'s mut TestReader, &'s mut std::vec::Vec<u8>) -> std::result::Result<read::Reference<'1, 's, [u8]>, error::Error>`\n                found signature `fn(&'1 mut TestReader, &'1 mut std::vec::Vec<u8>) -> std::result::Result<read::Reference<'1, '1, [u8]>, error::Error>`\n     = help: the lifetime requirements from the `impl` do not correspond to the requirements in the `trait`\n     = help: verify the lifetime relationships in the `trait` and `impl` between the `self` argument, the other inputs and its output\n\nerror[E0046]: not all trait items implemented, missing: `set_failed`\n    --> src/read.rs:1107:5\n     |\n116  |     fn set_failed(&mut self, failed: &mut bool);\n     |     -------------------------------------------- `set_failed` from trait\n...\n1107 |     impl Read<'_> for TestReader {\n     |     ^^^^^^^^^^^^^^^^^^^^^^^^^^^^ missing `set_failed` in implementation\n\nerror[E0277]: the trait bound `TestReader: read::private::Sealed` is not satisfied\n    --> src/read.rs:1147:12\n     |\n1147 |     reader.ignore_str().unwrap();\n     |            ^^^^^^^^^^ the trait `read::private::Sealed` is not implemented for `TestReader`\n     |\nnote: required by a bound in `read::Read::ignore_str`\n    --> src/read.rs:28:22\n     |\n28   | pub trait Read<'de>: private::Sealed {\n     |                      ^^^^^^^^^^^^^^^ required by this bound in `Read::ignore_str`\n...\n84   |     fn ignore_str(&mut self) -> Result<()>;\n     |        ---------- required by a bound in this associated function\nhelp: consider mutably borrowing here\n     |\n1147 |     (&mut reader).ignore_str().unwrap();\n     |     +++++       +\n\nerror[E0277]: the trait bound `TestReader: read::private::Sealed` is not satisfied\n    --> src/read.rs:1149:25\n     |\n1149 |     let result = reader.ignore_str();\n     |                         ^^^^^^^^^^ the trait `read::private::Sealed` is not implemented for `TestReader`\n     |\nnote: required by a bound in `read::Read::ignore_str`\n    --> src/read.rs:28:22\n     |\n28   | pub trait Read<'de>: private::Sealed {\n     |                      ^^^^^^^^^^^^^^^ required by this bound in `Read::ignore_str`\n...\n84   |     fn ignore_str(&mut self) -> Result<()>;\n     |        ---------- required by a bound in this associated function\nhelp: consider mutably borrowing here\n     |\n1149 |     let result = (&mut reader).ignore_str();\n     |                  +++++       +\n\nerror[E0277]: the trait bound `TestReader: read::private::Sealed` is not satisfied\n    --> src/read.rs:1150:23\n     |\n1150 |     assert_eq!(reader.position(), Position::new(0));\n     |                       ^^^^^^^^ the trait `read::private::Sealed` is not implemented for `TestReader`\n     |\nnote: required by a bound in `read::Read::position`\n    --> src/read.rs:28:22\n     |\n28   | pub trait Read<'de>: private::Sealed {\n     |                      ^^^^^^^^^^^^^^^ required by this bound in `Read::position`\n...\n46   |     fn position(&self) -> Position;\n     |        -------- required by a bound in this associated function\nhelp: consider mutably borrowing here\n     |\n1150 |     assert_eq!((&mut reader).position(), Position::new(0));\n     |                +++++       +\n\nerror[E0599]: no function or associated item named `new` found for struct `read::Position` in the current scope\n    --> src/read.rs:1150:45\n     |\n119  | pub struct Position {\n     | ------------------- function or associated item `new` not found for this struct\n...\n1150 |     assert_eq!(reader.position(), Position::new(0));\n     |                                             ^^^ function or associated item not found in `Position`\n\nerror[E0599]: no function or associated item named `new` found for struct `read::Position` in the current scope\n    --> src/read.rs:1125:52\n     |\n119  | pub struct Position {\n     | ------------------- function or associated item `new` not found for this struct\n...\n1125 |         fn position(&self) -> Position { Position::new(self.position as u64) }\n     |                                                    ^^^ function or associated item not found in `Position`\n\nerror[E0599]: no function or associated item named `new` found for struct `read::Position` in the current scope\n    --> src/read.rs:1126:57\n     |\n119  | pub struct Position {\n     | ------------------- function or associated item `new` not found for this struct\n...\n1126 |         fn peek_position(&self) -> Position { Position::new(self.position as u64) }\n     |                                                         ^^^ function or associated item not found in `Position`\n\nerror[E0599]: no variant or associated item named `custom` found for enum `error::ErrorCode` in the current scope\n    --> src/read.rs:1130:40\n     |\n1130 |             Err(Error::from(ErrorCode::custom(\"parse_str not implemented\")))\n     |                                        ^^^^^^ variant or associated item not found in `ErrorCode`\n     |\n    ::: src/error.rs:236:1\n     |\n236  | pub(crate) enum ErrorCode {\n     | ------------------------- variant or associated item `custom` not found for this enum\n     |\n     = help: items from traits can only be used if the trait is implemented and in scope\n     = note: the following traits define an item `custom`, perhaps you need to implement one of them:\n             candidate #1: `serde::de::Error`\n             candidate #2: `serde::ser::Error`\n\nerror[E0599]: no variant or associated item named `custom` found for enum `error::ErrorCode` in the current scope\n    --> src/read.rs:1134:40\n     |\n1134 |             Err(Error::from(ErrorCode::custom(\"parse_str_raw not implemented\")))\n     |                                        ^^^^^^ variant or associated item not found in `ErrorCode`\n     |\n    ::: src/error.rs:236:1\n     |\n236  | pub(crate) enum ErrorCode {\n     | ------------------------- variant or associated item `custom` not found for this enum\n     |\n     = help: items from traits can only be used if the trait is implemented and in scope\n     = note: the following traits define an item `custom`, perhaps you need to implement one of them:\n             candidate #1: `serde::de::Error`\n             candidate #2: `serde::ser::Error`\n\nSome errors have detailed explanations: E0046, E0277, E0599.\nFor more information about an error, try `rustc --explain E0046`.\nwarning: `serde_json` (lib test) generated 1 warning\nerror: could not compile `serde_json` (lib test) due to 12 previous errors; 1 warning emitted\n"
                }
              ],
              "repaired": [
                false,
                false
              ]
            },
            {
              "attrs": [],
              "prefix": [
                "{",
                "    struct TestReader {",
                "        position: usize,",
                "    }",
                "",
                "    impl TestReader {",
                "        fn new() -> Self {",
                "            TestReader { position: 0 }",
                "        }",
                "    }",
                "",
                "    impl Read<'_> for TestReader {",
                "        const should_early_return_if_failed: bool = false;",
                "",
                "        fn next(&mut self) -> Result<Option<u8>> {",
                "            if self.position < 10 {",
                "                self.position += 1;",
                "                Ok(Some(b'a'))",
                "            } else {",
                "                Ok(None)",
                "            }",
                "        }",
                "        ",
                "        fn peek(&mut self) -> Result<Option<u8>> {",
                "            Ok(Some(b'a'))",
                "        }",
                "",
                "        fn discard(&mut self) {}",
                "        fn position(&self) -> Position { Position::new(self.position as u64) }",
                "        fn peek_position(&self) -> Position { Position::new(self.position as u64) }",
                "        fn byte_offset(&self) -> usize { self.position }",
                "",
                "        fn parse_str<'s>(&'s mut self, scratch: &'s mut Vec<u8>) -> Result<Reference<'_, 's, str>> {",
                "            Err(Error::from(ErrorCode::custom(\"parse_str not implemented\")))",
                "        }",
                "",
                "        fn parse_str_raw<'s>(&'s mut self, scratch: &'s mut Vec<u8>) -> Result<Reference<'_, 's, [u8]>> {",
                "            Err(Error::from(ErrorCode::custom(\"parse_str_raw not implemented\")))",
                "        }",
                "",
                "        fn ignore_str(&mut self) -> Result<()> {",
                "            Ok(())",
                "        }",
                "",
                "        fn decode_hex_escape(&mut self) -> Result<u16> {",
                "            Ok(0)",
                "        }",
                "    }",
                "",
                "    let mut reader = TestReader::new();",
                "    reader.ignore_str().unwrap();",
                "}"
              ],
              "oracles": [
                [
                  "    let mut reader = TestReader::new();",
                  "    let result = reader.ignore_str();",
                  "    assert!(result.is_ok());"
                ],
                [
                  "    let mut reader = TestReader::new();",
                  "    let result = reader.ignore_str();",
                  "    assert!(result.unwrap_err().is_none());"
                ],
                [
                  "    let mut reader = TestReader::new();",
                  "    let result = reader.ignore_str();",
                  "    assert_eq!(reader.position(), Position::new(0));"
                ]
              ],
              "codes": [
                [
                  "{",
                  "    struct TestReader {",
                  "        position: usize,",
                  "    }",
                  "",
                  "    impl TestReader {",
                  "        fn new() -> Self {",
                  "            TestReader { position: 0 }",
                  "        }",
                  "    }",
                  "",
                  "    impl Read<'_> for TestReader {",
                  "        const should_early_return_if_failed: bool = false;",
                  "",
                  "        fn next(&mut self) -> Result<Option<u8>> {",
                  "            if self.position < 10 {",
                  "                self.position += 1;",
                  "                Ok(Some(b'a'))",
                  "            } else {",
                  "                Ok(None)",
                  "            }",
                  "        }",
                  "        ",
                  "        fn peek(&mut self) -> Result<Option<u8>> {",
                  "            Ok(Some(b'a'))",
                  "        }",
                  "",
                  "        fn discard(&mut self) {}",
                  "        fn position(&self) -> Position { Position::new(self.position as u64) }",
                  "        fn peek_position(&self) -> Position { Position::new(self.position as u64) }",
                  "        fn byte_offset(&self) -> usize { self.position }",
                  "",
                  "        fn parse_str<'s>(&'s mut self, scratch: &'s mut Vec<u8>) -> Result<Reference<'_, 's, str>> {",
                  "            Err(Error::from(ErrorCode::custom(\"parse_str not implemented\")))",
                  "        }",
                  "",
                  "        fn parse_str_raw<'s>(&'s mut self, scratch: &'s mut Vec<u8>) -> Result<Reference<'_, 's, [u8]>> {",
                  "            Err(Error::from(ErrorCode::custom(\"parse_str_raw not implemented\")))",
                  "        }",
                  "",
                  "        fn ignore_str(&mut self) -> Result<()> {",
                  "            Ok(())",
                  "        }",
                  "",
                  "        fn decode_hex_escape(&mut self) -> Result<u16> {",
                  "            Ok(0)",
                  "        }",
                  "    }",
                  "",
                  "    let mut reader = TestReader::new();",
                  "    reader.ignore_str().unwrap();",
                  "    let mut reader = TestReader::new();",
                  "    let result = reader.ignore_str();",
                  "    assert!(result.is_ok());",
                  "}"
                ],
                [
                  "{",
                  "    struct TestReader {",
                  "        position: usize,",
                  "    }",
                  "",
                  "    impl TestReader {",
                  "        fn new() -> Self {",
                  "            TestReader { position: 0 }",
                  "        }",
                  "    }",
                  "",
                  "    impl Read<'_> for TestReader {",
                  "        const should_early_return_if_failed: bool = false;",
                  "",
                  "        fn next(&mut self) -> Result<Option<u8>> {",
                  "            if self.position < 10 {",
                  "                self.position += 1;",
                  "                Ok(Some(b'a'))",
                  "            } else {",
                  "                Ok(None)",
                  "            }",
                  "        }",
                  "        ",
                  "        fn peek(&mut self) -> Result<Option<u8>> {",
                  "            Ok(Some(b'a'))",
                  "        }",
                  "",
                  "        fn discard(&mut self) {}",
                  "        fn position(&self) -> Position { Position::new(self.position as u64) }",
                  "        fn peek_position(&self) -> Position { Position::new(self.position as u64) }",
                  "        fn byte_offset(&self) -> usize { self.position }",
                  "",
                  "        fn parse_str<'s>(&'s mut self, scratch: &'s mut Vec<u8>) -> Result<Reference<'_, 's, str>> {",
                  "            Err(Error::from(ErrorCode::custom(\"parse_str not implemented\")))",
                  "        }",
                  "",
                  "        fn parse_str_raw<'s>(&'s mut self, scratch: &'s mut Vec<u8>) -> Result<Reference<'_, 's, [u8]>> {",
                  "            Err(Error::from(ErrorCode::custom(\"parse_str_raw not implemented\")))",
                  "        }",
                  "",
                  "        fn ignore_str(&mut self) -> Result<()> {",
                  "            Ok(())",
                  "        }",
                  "",
                  "        fn decode_hex_escape(&mut self) -> Result<u16> {",
                  "            Ok(0)",
                  "        }",
                  "    }",
                  "",
                  "    let mut reader = TestReader::new();",
                  "    reader.ignore_str().unwrap();",
                  "    let mut reader = TestReader::new();",
                  "    let result = reader.ignore_str();",
                  "    assert!(result.unwrap_err().is_none());",
                  "}"
                ],
                [
                  "{",
                  "    struct TestReader {",
                  "        position: usize,",
                  "    }",
                  "",
                  "    impl TestReader {",
                  "        fn new() -> Self {",
                  "            TestReader { position: 0 }",
                  "        }",
                  "    }",
                  "",
                  "    impl Read<'_> for TestReader {",
                  "        const should_early_return_if_failed: bool = false;",
                  "",
                  "        fn next(&mut self) -> Result<Option<u8>> {",
                  "            if self.position < 10 {",
                  "                self.position += 1;",
                  "                Ok(Some(b'a'))",
                  "            } else {",
                  "                Ok(None)",
                  "            }",
                  "        }",
                  "        ",
                  "        fn peek(&mut self) -> Result<Option<u8>> {",
                  "            Ok(Some(b'a'))",
                  "        }",
                  "",
                  "        fn discard(&mut self) {}",
                  "        fn position(&self) -> Position { Position::new(self.position as u64) }",
                  "        fn peek_position(&self) -> Position { Position::new(self.position as u64) }",
                  "        fn byte_offset(&self) -> usize { self.position }",
                  "",
                  "        fn parse_str<'s>(&'s mut self, scratch: &'s mut Vec<u8>) -> Result<Reference<'_, 's, str>> {",
                  "            Err(Error::from(ErrorCode::custom(\"parse_str not implemented\")))",
                  "        }",
                  "",
                  "        fn parse_str_raw<'s>(&'s mut self, scratch: &'s mut Vec<u8>) -> Result<Reference<'_, 's, [u8]>> {",
                  "            Err(Error::from(ErrorCode::custom(\"parse_str_raw not implemented\")))",
                  "        }",
                  "",
                  "        fn ignore_str(&mut self) -> Result<()> {",
                  "            Ok(())",
                  "        }",
                  "",
                  "        fn decode_hex_escape(&mut self) -> Result<u16> {",
                  "            Ok(0)",
                  "        }",
                  "    }",
                  "",
                  "    let mut reader = TestReader::new();",
                  "    reader.ignore_str().unwrap();",
                  "    let mut reader = TestReader::new();",
                  "    let result = reader.ignore_str();",
                  "    assert_eq!(reader.position(), Position::new(0));",
                  "}"
                ]
              ],
              "can_compile": [
                {
                  "Err": "   Compiling proc-macro2 v1.0.95\n   Compiling serde v1.0.219\n   Compiling syn v1.0.109\n   Compiling libc v0.2.172\n   Compiling serde_json v1.0.140\n   Compiling target-triple v0.1.4\n   Compiling rustversion v1.0.20\n   Compiling ref-cast v1.0.24\n   Compiling serde_json v1.0.140 (/home/abezbm/rust-utgen-test-crates-new/json)\n   Compiling psm v0.1.26\n   Compiling stacker v0.1.21\n   Compiling quote v1.0.40\n   Compiling syn v2.0.101\n   Compiling serde_derive v1.0.219\n   Compiling ref-cast-impl v1.0.24\n   Compiling automod v1.0.15\n   Compiling ntest_test_cases v0.9.3\n   Compiling ntest_timeout v0.9.3\n   Compiling ntest v0.9.3\n   Compiling toml_datetime v0.6.9\n   Compiling serde_spanned v0.6.8\n   Compiling serde_bytes v0.11.17\n   Compiling serde_stacker v0.1.12\n   Compiling toml_edit v0.22.25\n   Compiling toml v0.8.21\n   Compiling trybuild v1.0.104\nwarning: unused import: `ntest::timeout`\n    --> src/read.rs:1093:8\n     |\n1093 |    use ntest::timeout;\n     |        ^^^^^^^^^^^^^^\n     |\n     = note: `#[warn(unused_imports)]` on by default\n\nerror[E0277]: the trait bound `TestReader: read::private::Sealed` is not satisfied\n    --> src/read.rs:1107:23\n     |\n1107 |     impl Read<'_> for TestReader {\n     |                       ^^^^^^^^^^ the trait `read::private::Sealed` is not implemented for `TestReader`\n     |\n     = help: the following other types implement trait `read::private::Sealed`:\n               &mut R\n               IoRead<R>\n               SliceRead<'a>\n               StrRead<'a>\nnote: required by a bound in `read::Read`\n    --> src/read.rs:28:22\n     |\n28   | pub trait Read<'de>: private::Sealed {\n     |                      ^^^^^^^^^^^^^^^ required by this bound in `Read`\n     = note: `Read` is a \"sealed trait\", because to implement it you also need to implement `read::private::Sealed`, which is not accessible; this is usually done to force you to use one of the provided types that already implement it\n     = help: the following types implement the trait:\n               read::IoRead<R>\n               read::SliceRead<'a>\n               read::StrRead<'a>\n               &mut R\n\nerror: `impl` item signature doesn't match `trait` item signature\n    --> src/read.rs:1128:9\n     |\n67   |     fn parse_str<'s>(&'s mut self, scratch: &'s mut Vec<u8>) -> Result<Reference<'de, 's, str>>;\n     |     -------------------------------------------------------------------------------------------- expected `fn(&'s mut TestReader, &'s mut std::vec::Vec<u8>) -> std::result::Result<read::Reference<'1, 's, str>, error::Error>`\n...\n1128 |         fn parse_str<'s>(&'s mut self, scratch: &'s mut Vec<u8>) -> Result<Reference<'_, 's, str>> {\n     |         ^^^^^^^^^^^^^^^^^^^^^^^^^^^^^^^^^^^^^^^^^^^^^^^^^^^^^^^^^^^^^^^^^^^^^^^^^^^^^^^^^^^^^^^^^^ found `fn(&'1 mut TestReader, &'1 mut std::vec::Vec<u8>) -> std::result::Result<read::Reference<'1, '1, str>, error::Error>`\n     |\n     = note: expected signature `fn(&'s mut TestReader, &'s mut std::vec::Vec<u8>) -> std::result::Result<read::Reference<'1, 's, str>, error::Error>`\n                found signature `fn(&'1 mut TestReader, &'1 mut std::vec::Vec<u8>) -> std::result::Result<read::Reference<'1, '1, str>, error::Error>`\n     = help: the lifetime requirements from the `impl` do not correspond to the requirements in the `trait`\n     = help: verify the lifetime relationships in the `trait` and `impl` between the `self` argument, the other inputs and its output\n\nerror: `impl` item signature doesn't match `trait` item signature\n    --> src/read.rs:1132:9\n     |\n76   | /     fn parse_str_raw<'s>(\n77   | |         &'s mut self,\n78   | |         scratch: &'s mut Vec<u8>,\n79   | |     ) -> Result<Reference<'de, 's, [u8]>>;\n     | |__________________________________________- expected `fn(&'s mut TestReader, &'s mut std::vec::Vec<u8>) -> std::result::Result<read::Reference<'1, 's, [u8]>, error::Error>`\n...\n1132 |           fn parse_str_raw<'s>(&'s mut self, scratch: &'s mut Vec<u8>) -> Result<Reference<'_, 's, [u8]>> {\n     |           ^^^^^^^^^^^^^^^^^^^^^^^^^^^^^^^^^^^^^^^^^^^^^^^^^^^^^^^^^^^^^^^^^^^^^^^^^^^^^^^^^^^^^^^^^^^^^^^ found `fn(&'1 mut TestReader, &'1 mut std::vec::Vec<u8>) -> std::result::Result<read::Reference<'1, '1, [u8]>, error::Error>`\n     |\n     = note: expected signature `fn(&'s mut TestReader, &'s mut std::vec::Vec<u8>) -> std::result::Result<read::Reference<'1, 's, [u8]>, error::Error>`\n                found signature `fn(&'1 mut TestReader, &'1 mut std::vec::Vec<u8>) -> std::result::Result<read::Reference<'1, '1, [u8]>, error::Error>`\n     = help: the lifetime requirements from the `impl` do not correspond to the requirements in the `trait`\n     = help: verify the lifetime relationships in the `trait` and `impl` between the `self` argument, the other inputs and its output\n\nerror[E0046]: not all trait items implemented, missing: `set_failed`\n    --> src/read.rs:1107:5\n     |\n116  |     fn set_failed(&mut self, failed: &mut bool);\n     |     -------------------------------------------- `set_failed` from trait\n...\n1107 |     impl Read<'_> for TestReader {\n     |     ^^^^^^^^^^^^^^^^^^^^^^^^^^^^ missing `set_failed` in implementation\n\nerror[E0277]: the trait bound `TestReader: read::private::Sealed` is not satisfied\n    --> src/read.rs:1146:12\n     |\n1146 |     reader.ignore_str().unwrap();\n     |            ^^^^^^^^^^ the trait `read::private::Sealed` is not implemented for `TestReader`\n     |\nnote: required by a bound in `read::Read::ignore_str`\n    --> src/read.rs:28:22\n     |\n28   | pub trait Read<'de>: private::Sealed {\n     |                      ^^^^^^^^^^^^^^^ required by this bound in `Read::ignore_str`\n...\n84   |     fn ignore_str(&mut self) -> Result<()>;\n     |        ---------- required by a bound in this associated function\nhelp: consider mutably borrowing here\n     |\n1146 |     (&mut reader).ignore_str().unwrap();\n     |     +++++       +\n\nerror[E0277]: the trait bound `TestReader: read::private::Sealed` is not satisfied\n    --> src/read.rs:1148:25\n     |\n1148 |     let result = reader.ignore_str();\n     |                         ^^^^^^^^^^ the trait `read::private::Sealed` is not implemented for `TestReader`\n     |\nnote: required by a bound in `read::Read::ignore_str`\n    --> src/read.rs:28:22\n     |\n28   | pub trait Read<'de>: private::Sealed {\n     |                      ^^^^^^^^^^^^^^^ required by this bound in `Read::ignore_str`\n...\n84   |     fn ignore_str(&mut self) -> Result<()>;\n     |        ---------- required by a bound in this associated function\nhelp: consider mutably borrowing here\n     |\n1148 |     let result = (&mut reader).ignore_str();\n     |                  +++++       +\n\nerror[E0599]: no function or associated item named `new` found for struct `read::Position` in the current scope\n    --> src/read.rs:1124:52\n     |\n119  | pub struct Position {\n     | ------------------- function or associated item `new` not found for this struct\n...\n1124 |         fn position(&self) -> Position { Position::new(self.position as u64) }\n     |                                                    ^^^ function or associated item not found in `Position`\n\nerror[E0599]: no function or associated item named `new` found for struct `read::Position` in the current scope\n    --> src/read.rs:1125:57\n     |\n119  | pub struct Position {\n     | ------------------- function or associated item `new` not found for this struct\n...\n1125 |         fn peek_position(&self) -> Position { Position::new(self.position as u64) }\n     |                                                         ^^^ function or associated item not found in `Position`\n\nerror[E0599]: no variant or associated item named `custom` found for enum `error::ErrorCode` in the current scope\n    --> src/read.rs:1129:40\n     |\n1129 |             Err(Error::from(ErrorCode::custom(\"parse_str not implemented\")))\n     |                                        ^^^^^^ variant or associated item not found in `ErrorCode`\n     |\n    ::: src/error.rs:236:1\n     |\n236  | pub(crate) enum ErrorCode {\n     | ------------------------- variant or associated item `custom` not found for this enum\n     |\n     = help: items from traits can only be used if the trait is implemented and in scope\n     = note: the following traits define an item `custom`, perhaps you need to implement one of them:\n             candidate #1: `serde::de::Error`\n             candidate #2: `serde::ser::Error`\n\nerror[E0599]: no variant or associated item named `custom` found for enum `error::ErrorCode` in the current scope\n    --> src/read.rs:1133:40\n     |\n1133 |             Err(Error::from(ErrorCode::custom(\"parse_str_raw not implemented\")))\n     |                                        ^^^^^^ variant or associated item not found in `ErrorCode`\n     |\n    ::: src/error.rs:236:1\n     |\n236  | pub(crate) enum ErrorCode {\n     | ------------------------- variant or associated item `custom` not found for this enum\n     |\n     = help: items from traits can only be used if the trait is implemented and in scope\n     = note: the following traits define an item `custom`, perhaps you need to implement one of them:\n             candidate #1: `serde::de::Error`\n             candidate #2: `serde::ser::Error`\n\nSome errors have detailed explanations: E0046, E0277, E0599.\nFor more information about an error, try `rustc --explain E0046`.\nwarning: `serde_json` (lib test) generated 1 warning\nerror: could not compile `serde_json` (lib test) due to 10 previous errors; 1 warning emitted\n"
                },
                {
                  "Err": "   Compiling proc-macro2 v1.0.95\n   Compiling serde v1.0.219\n   Compiling syn v1.0.109\n   Compiling libc v0.2.172\n   Compiling serde_json v1.0.140\n   Compiling target-triple v0.1.4\n   Compiling ref-cast v1.0.24\n   Compiling rustversion v1.0.20\n   Compiling serde_json v1.0.140 (/home/abezbm/rust-utgen-test-crates-new/json)\n   Compiling psm v0.1.26\n   Compiling stacker v0.1.21\n   Compiling quote v1.0.40\n   Compiling syn v2.0.101\n   Compiling serde_derive v1.0.219\n   Compiling ref-cast-impl v1.0.24\n   Compiling automod v1.0.15\n   Compiling ntest_timeout v0.9.3\n   Compiling ntest_test_cases v0.9.3\n   Compiling ntest v0.9.3\n   Compiling serde_spanned v0.6.8\n   Compiling toml_datetime v0.6.9\n   Compiling serde_stacker v0.1.12\n   Compiling serde_bytes v0.11.17\n   Compiling toml_edit v0.22.25\n   Compiling toml v0.8.21\n   Compiling trybuild v1.0.104\nwarning: unused import: `ntest::timeout`\n    --> src/read.rs:1093:8\n     |\n1093 |    use ntest::timeout;\n     |        ^^^^^^^^^^^^^^\n     |\n     = note: `#[warn(unused_imports)]` on by default\n\nerror[E0277]: the trait bound `TestReader: read::private::Sealed` is not satisfied\n    --> src/read.rs:1107:23\n     |\n1107 |     impl Read<'_> for TestReader {\n     |                       ^^^^^^^^^^ the trait `read::private::Sealed` is not implemented for `TestReader`\n     |\n     = help: the following other types implement trait `read::private::Sealed`:\n               &mut R\n               IoRead<R>\n               SliceRead<'a>\n               StrRead<'a>\nnote: required by a bound in `read::Read`\n    --> src/read.rs:28:22\n     |\n28   | pub trait Read<'de>: private::Sealed {\n     |                      ^^^^^^^^^^^^^^^ required by this bound in `Read`\n     = note: `Read` is a \"sealed trait\", because to implement it you also need to implement `read::private::Sealed`, which is not accessible; this is usually done to force you to use one of the provided types that already implement it\n     = help: the following types implement the trait:\n               read::IoRead<R>\n               read::SliceRead<'a>\n               read::StrRead<'a>\n               &mut R\n\nerror: `impl` item signature doesn't match `trait` item signature\n    --> src/read.rs:1128:9\n     |\n67   |     fn parse_str<'s>(&'s mut self, scratch: &'s mut Vec<u8>) -> Result<Reference<'de, 's, str>>;\n     |     -------------------------------------------------------------------------------------------- expected `fn(&'s mut TestReader, &'s mut std::vec::Vec<u8>) -> std::result::Result<read::Reference<'1, 's, str>, error::Error>`\n...\n1128 |         fn parse_str<'s>(&'s mut self, scratch: &'s mut Vec<u8>) -> Result<Reference<'_, 's, str>> {\n     |         ^^^^^^^^^^^^^^^^^^^^^^^^^^^^^^^^^^^^^^^^^^^^^^^^^^^^^^^^^^^^^^^^^^^^^^^^^^^^^^^^^^^^^^^^^^ found `fn(&'1 mut TestReader, &'1 mut std::vec::Vec<u8>) -> std::result::Result<read::Reference<'1, '1, str>, error::Error>`\n     |\n     = note: expected signature `fn(&'s mut TestReader, &'s mut std::vec::Vec<u8>) -> std::result::Result<read::Reference<'1, 's, str>, error::Error>`\n                found signature `fn(&'1 mut TestReader, &'1 mut std::vec::Vec<u8>) -> std::result::Result<read::Reference<'1, '1, str>, error::Error>`\n     = help: the lifetime requirements from the `impl` do not correspond to the requirements in the `trait`\n     = help: verify the lifetime relationships in the `trait` and `impl` between the `self` argument, the other inputs and its output\n\nerror: `impl` item signature doesn't match `trait` item signature\n    --> src/read.rs:1132:9\n     |\n76   | /     fn parse_str_raw<'s>(\n77   | |         &'s mut self,\n78   | |         scratch: &'s mut Vec<u8>,\n79   | |     ) -> Result<Reference<'de, 's, [u8]>>;\n     | |__________________________________________- expected `fn(&'s mut TestReader, &'s mut std::vec::Vec<u8>) -> std::result::Result<read::Reference<'1, 's, [u8]>, error::Error>`\n...\n1132 |           fn parse_str_raw<'s>(&'s mut self, scratch: &'s mut Vec<u8>) -> Result<Reference<'_, 's, [u8]>> {\n     |           ^^^^^^^^^^^^^^^^^^^^^^^^^^^^^^^^^^^^^^^^^^^^^^^^^^^^^^^^^^^^^^^^^^^^^^^^^^^^^^^^^^^^^^^^^^^^^^^ found `fn(&'1 mut TestReader, &'1 mut std::vec::Vec<u8>) -> std::result::Result<read::Reference<'1, '1, [u8]>, error::Error>`\n     |\n     = note: expected signature `fn(&'s mut TestReader, &'s mut std::vec::Vec<u8>) -> std::result::Result<read::Reference<'1, 's, [u8]>, error::Error>`\n                found signature `fn(&'1 mut TestReader, &'1 mut std::vec::Vec<u8>) -> std::result::Result<read::Reference<'1, '1, [u8]>, error::Error>`\n     = help: the lifetime requirements from the `impl` do not correspond to the requirements in the `trait`\n     = help: verify the lifetime relationships in the `trait` and `impl` between the `self` argument, the other inputs and its output\n\nerror[E0046]: not all trait items implemented, missing: `set_failed`\n    --> src/read.rs:1107:5\n     |\n116  |     fn set_failed(&mut self, failed: &mut bool);\n     |     -------------------------------------------- `set_failed` from trait\n...\n1107 |     impl Read<'_> for TestReader {\n     |     ^^^^^^^^^^^^^^^^^^^^^^^^^^^^ missing `set_failed` in implementation\n\nerror[E0277]: the trait bound `TestReader: read::private::Sealed` is not satisfied\n    --> src/read.rs:1146:12\n     |\n1146 |     reader.ignore_str().unwrap();\n     |            ^^^^^^^^^^ the trait `read::private::Sealed` is not implemented for `TestReader`\n     |\nnote: required by a bound in `read::Read::ignore_str`\n    --> src/read.rs:28:22\n     |\n28   | pub trait Read<'de>: private::Sealed {\n     |                      ^^^^^^^^^^^^^^^ required by this bound in `Read::ignore_str`\n...\n84   |     fn ignore_str(&mut self) -> Result<()>;\n     |        ---------- required by a bound in this associated function\nhelp: consider mutably borrowing here\n     |\n1146 |     (&mut reader).ignore_str().unwrap();\n     |     +++++       +\n\nerror[E0277]: the trait bound `TestReader: read::private::Sealed` is not satisfied\n    --> src/read.rs:1148:25\n     |\n1148 |     let result = reader.ignore_str();\n     |                         ^^^^^^^^^^ the trait `read::private::Sealed` is not implemented for `TestReader`\n     |\nnote: required by a bound in `read::Read::ignore_str`\n    --> src/read.rs:28:22\n     |\n28   | pub trait Read<'de>: private::Sealed {\n     |                      ^^^^^^^^^^^^^^^ required by this bound in `Read::ignore_str`\n...\n84   |     fn ignore_str(&mut self) -> Result<()>;\n     |        ---------- required by a bound in this associated function\nhelp: consider mutably borrowing here\n     |\n1148 |     let result = (&mut reader).ignore_str();\n     |                  +++++       +\n\nerror[E0599]: no method named `is_none` found for struct `error::Error` in the current scope\n    --> src/read.rs:1149:33\n     |\n1149 |     assert!(result.unwrap_err().is_none());\n     |                                 ^^^^^^^\n     |\n    ::: src/error.rs:17:1\n     |\n17   | pub struct Error {\n     | ---------------- method `is_none` not found for this struct\n     |\nhelp: there is a method `is_io` with a similar name\n     |\n1149 |     assert!(result.unwrap_err().is_io());\n     |                                 ~~~~~\n\nerror[E0599]: no function or associated item named `new` found for struct `read::Position` in the current scope\n    --> src/read.rs:1124:52\n     |\n119  | pub struct Position {\n     | ------------------- function or associated item `new` not found for this struct\n...\n1124 |         fn position(&self) -> Position { Position::new(self.position as u64) }\n     |                                                    ^^^ function or associated item not found in `Position`\n\nerror[E0599]: no function or associated item named `new` found for struct `read::Position` in the current scope\n    --> src/read.rs:1125:57\n     |\n119  | pub struct Position {\n     | ------------------- function or associated item `new` not found for this struct\n...\n1125 |         fn peek_position(&self) -> Position { Position::new(self.position as u64) }\n     |                                                         ^^^ function or associated item not found in `Position`\n\nerror[E0599]: no variant or associated item named `custom` found for enum `error::ErrorCode` in the current scope\n    --> src/read.rs:1129:40\n     |\n1129 |             Err(Error::from(ErrorCode::custom(\"parse_str not implemented\")))\n     |                                        ^^^^^^ variant or associated item not found in `ErrorCode`\n     |\n    ::: src/error.rs:236:1\n     |\n236  | pub(crate) enum ErrorCode {\n     | ------------------------- variant or associated item `custom` not found for this enum\n     |\n     = help: items from traits can only be used if the trait is implemented and in scope\n     = note: the following traits define an item `custom`, perhaps you need to implement one of them:\n             candidate #1: `serde::de::Error`\n             candidate #2: `serde::ser::Error`\n\nerror[E0599]: no variant or associated item named `custom` found for enum `error::ErrorCode` in the current scope\n    --> src/read.rs:1133:40\n     |\n1133 |             Err(Error::from(ErrorCode::custom(\"parse_str_raw not implemented\")))\n     |                                        ^^^^^^ variant or associated item not found in `ErrorCode`\n     |\n    ::: src/error.rs:236:1\n     |\n236  | pub(crate) enum ErrorCode {\n     | ------------------------- variant or associated item `custom` not found for this enum\n     |\n     = help: items from traits can only be used if the trait is implemented and in scope\n     = note: the following traits define an item `custom`, perhaps you need to implement one of them:\n             candidate #1: `serde::de::Error`\n             candidate #2: `serde::ser::Error`\n\nSome errors have detailed explanations: E0046, E0277, E0599.\nFor more information about an error, try `rustc --explain E0046`.\nwarning: `serde_json` (lib test) generated 1 warning\nerror: could not compile `serde_json` (lib test) due to 11 previous errors; 1 warning emitted\n"
                },
                {
                  "Err": "   Compiling proc-macro2 v1.0.95\n   Compiling serde v1.0.219\n   Compiling syn v1.0.109\n   Compiling libc v0.2.172\n   Compiling serde_json v1.0.140\n   Compiling target-triple v0.1.4\n   Compiling ref-cast v1.0.24\n   Compiling rustversion v1.0.20\n   Compiling serde_json v1.0.140 (/home/abezbm/rust-utgen-test-crates-new/json)\n   Compiling psm v0.1.26\n   Compiling stacker v0.1.21\n   Compiling quote v1.0.40\n   Compiling syn v2.0.101\n   Compiling serde_derive v1.0.219\n   Compiling ref-cast-impl v1.0.24\n   Compiling automod v1.0.15\n   Compiling ntest_test_cases v0.9.3\n   Compiling ntest_timeout v0.9.3\n   Compiling ntest v0.9.3\n   Compiling serde_spanned v0.6.8\n   Compiling toml_datetime v0.6.9\n   Compiling serde_stacker v0.1.12\n   Compiling serde_bytes v0.11.17\n   Compiling toml_edit v0.22.25\n   Compiling toml v0.8.21\n   Compiling trybuild v1.0.104\nwarning: unused import: `ntest::timeout`\n    --> src/read.rs:1093:8\n     |\n1093 |    use ntest::timeout;\n     |        ^^^^^^^^^^^^^^\n     |\n     = note: `#[warn(unused_imports)]` on by default\n\nerror[E0277]: the trait bound `TestReader: read::private::Sealed` is not satisfied\n    --> src/read.rs:1107:23\n     |\n1107 |     impl Read<'_> for TestReader {\n     |                       ^^^^^^^^^^ the trait `read::private::Sealed` is not implemented for `TestReader`\n     |\n     = help: the following other types implement trait `read::private::Sealed`:\n               &mut R\n               IoRead<R>\n               SliceRead<'a>\n               StrRead<'a>\nnote: required by a bound in `read::Read`\n    --> src/read.rs:28:22\n     |\n28   | pub trait Read<'de>: private::Sealed {\n     |                      ^^^^^^^^^^^^^^^ required by this bound in `Read`\n     = note: `Read` is a \"sealed trait\", because to implement it you also need to implement `read::private::Sealed`, which is not accessible; this is usually done to force you to use one of the provided types that already implement it\n     = help: the following types implement the trait:\n               read::IoRead<R>\n               read::SliceRead<'a>\n               read::StrRead<'a>\n               &mut R\n\nerror: `impl` item signature doesn't match `trait` item signature\n    --> src/read.rs:1128:9\n     |\n67   |     fn parse_str<'s>(&'s mut self, scratch: &'s mut Vec<u8>) -> Result<Reference<'de, 's, str>>;\n     |     -------------------------------------------------------------------------------------------- expected `fn(&'s mut TestReader, &'s mut std::vec::Vec<u8>) -> std::result::Result<read::Reference<'1, 's, str>, error::Error>`\n...\n1128 |         fn parse_str<'s>(&'s mut self, scratch: &'s mut Vec<u8>) -> Result<Reference<'_, 's, str>> {\n     |         ^^^^^^^^^^^^^^^^^^^^^^^^^^^^^^^^^^^^^^^^^^^^^^^^^^^^^^^^^^^^^^^^^^^^^^^^^^^^^^^^^^^^^^^^^^ found `fn(&'1 mut TestReader, &'1 mut std::vec::Vec<u8>) -> std::result::Result<read::Reference<'1, '1, str>, error::Error>`\n     |\n     = note: expected signature `fn(&'s mut TestReader, &'s mut std::vec::Vec<u8>) -> std::result::Result<read::Reference<'1, 's, str>, error::Error>`\n                found signature `fn(&'1 mut TestReader, &'1 mut std::vec::Vec<u8>) -> std::result::Result<read::Reference<'1, '1, str>, error::Error>`\n     = help: the lifetime requirements from the `impl` do not correspond to the requirements in the `trait`\n     = help: verify the lifetime relationships in the `trait` and `impl` between the `self` argument, the other inputs and its output\n\nerror: `impl` item signature doesn't match `trait` item signature\n    --> src/read.rs:1132:9\n     |\n76   | /     fn parse_str_raw<'s>(\n77   | |         &'s mut self,\n78   | |         scratch: &'s mut Vec<u8>,\n79   | |     ) -> Result<Reference<'de, 's, [u8]>>;\n     | |__________________________________________- expected `fn(&'s mut TestReader, &'s mut std::vec::Vec<u8>) -> std::result::Result<read::Reference<'1, 's, [u8]>, error::Error>`\n...\n1132 |           fn parse_str_raw<'s>(&'s mut self, scratch: &'s mut Vec<u8>) -> Result<Reference<'_, 's, [u8]>> {\n     |           ^^^^^^^^^^^^^^^^^^^^^^^^^^^^^^^^^^^^^^^^^^^^^^^^^^^^^^^^^^^^^^^^^^^^^^^^^^^^^^^^^^^^^^^^^^^^^^^ found `fn(&'1 mut TestReader, &'1 mut std::vec::Vec<u8>) -> std::result::Result<read::Reference<'1, '1, [u8]>, error::Error>`\n     |\n     = note: expected signature `fn(&'s mut TestReader, &'s mut std::vec::Vec<u8>) -> std::result::Result<read::Reference<'1, 's, [u8]>, error::Error>`\n                found signature `fn(&'1 mut TestReader, &'1 mut std::vec::Vec<u8>) -> std::result::Result<read::Reference<'1, '1, [u8]>, error::Error>`\n     = help: the lifetime requirements from the `impl` do not correspond to the requirements in the `trait`\n     = help: verify the lifetime relationships in the `trait` and `impl` between the `self` argument, the other inputs and its output\n\nerror[E0046]: not all trait items implemented, missing: `set_failed`\n    --> src/read.rs:1107:5\n     |\n116  |     fn set_failed(&mut self, failed: &mut bool);\n     |     -------------------------------------------- `set_failed` from trait\n...\n1107 |     impl Read<'_> for TestReader {\n     |     ^^^^^^^^^^^^^^^^^^^^^^^^^^^^ missing `set_failed` in implementation\n\nerror[E0277]: the trait bound `TestReader: read::private::Sealed` is not satisfied\n    --> src/read.rs:1146:12\n     |\n1146 |     reader.ignore_str().unwrap();\n     |            ^^^^^^^^^^ the trait `read::private::Sealed` is not implemented for `TestReader`\n     |\nnote: required by a bound in `read::Read::ignore_str`\n    --> src/read.rs:28:22\n     |\n28   | pub trait Read<'de>: private::Sealed {\n     |                      ^^^^^^^^^^^^^^^ required by this bound in `Read::ignore_str`\n...\n84   |     fn ignore_str(&mut self) -> Result<()>;\n     |        ---------- required by a bound in this associated function\nhelp: consider mutably borrowing here\n     |\n1146 |     (&mut reader).ignore_str().unwrap();\n     |     +++++       +\n\nerror[E0277]: the trait bound `TestReader: read::private::Sealed` is not satisfied\n    --> src/read.rs:1148:25\n     |\n1148 |     let result = reader.ignore_str();\n     |                         ^^^^^^^^^^ the trait `read::private::Sealed` is not implemented for `TestReader`\n     |\nnote: required by a bound in `read::Read::ignore_str`\n    --> src/read.rs:28:22\n     |\n28   | pub trait Read<'de>: private::Sealed {\n     |                      ^^^^^^^^^^^^^^^ required by this bound in `Read::ignore_str`\n...\n84   |     fn ignore_str(&mut self) -> Result<()>;\n     |        ---------- required by a bound in this associated function\nhelp: consider mutably borrowing here\n     |\n1148 |     let result = (&mut reader).ignore_str();\n     |                  +++++       +\n\nerror[E0277]: the trait bound `TestReader: read::private::Sealed` is not satisfied\n    --> src/read.rs:1149:23\n     |\n1149 |     assert_eq!(reader.position(), Position::new(0));\n     |                       ^^^^^^^^ the trait `read::private::Sealed` is not implemented for `TestReader`\n     |\nnote: required by a bound in `read::Read::position`\n    --> src/read.rs:28:22\n     |\n28   | pub trait Read<'de>: private::Sealed {\n     |                      ^^^^^^^^^^^^^^^ required by this bound in `Read::position`\n...\n46   |     fn position(&self) -> Position;\n     |        -------- required by a bound in this associated function\nhelp: consider mutably borrowing here\n     |\n1149 |     assert_eq!((&mut reader).position(), Position::new(0));\n     |                +++++       +\n\nerror[E0599]: no function or associated item named `new` found for struct `read::Position` in the current scope\n    --> src/read.rs:1149:45\n     |\n119  | pub struct Position {\n     | ------------------- function or associated item `new` not found for this struct\n...\n1149 |     assert_eq!(reader.position(), Position::new(0));\n     |                                             ^^^ function or associated item not found in `Position`\n\nerror[E0599]: no function or associated item named `new` found for struct `read::Position` in the current scope\n    --> src/read.rs:1124:52\n     |\n119  | pub struct Position {\n     | ------------------- function or associated item `new` not found for this struct\n...\n1124 |         fn position(&self) -> Position { Position::new(self.position as u64) }\n     |                                                    ^^^ function or associated item not found in `Position`\n\nerror[E0599]: no function or associated item named `new` found for struct `read::Position` in the current scope\n    --> src/read.rs:1125:57\n     |\n119  | pub struct Position {\n     | ------------------- function or associated item `new` not found for this struct\n...\n1125 |         fn peek_position(&self) -> Position { Position::new(self.position as u64) }\n     |                                                         ^^^ function or associated item not found in `Position`\n\nerror[E0599]: no variant or associated item named `custom` found for enum `error::ErrorCode` in the current scope\n    --> src/read.rs:1129:40\n     |\n1129 |             Err(Error::from(ErrorCode::custom(\"parse_str not implemented\")))\n     |                                        ^^^^^^ variant or associated item not found in `ErrorCode`\n     |\n    ::: src/error.rs:236:1\n     |\n236  | pub(crate) enum ErrorCode {\n     | ------------------------- variant or associated item `custom` not found for this enum\n     |\n     = help: items from traits can only be used if the trait is implemented and in scope\n     = note: the following traits define an item `custom`, perhaps you need to implement one of them:\n             candidate #1: `serde::de::Error`\n             candidate #2: `serde::ser::Error`\n\nerror[E0599]: no variant or associated item named `custom` found for enum `error::ErrorCode` in the current scope\n    --> src/read.rs:1133:40\n     |\n1133 |             Err(Error::from(ErrorCode::custom(\"parse_str_raw not implemented\")))\n     |                                        ^^^^^^ variant or associated item not found in `ErrorCode`\n     |\n    ::: src/error.rs:236:1\n     |\n236  | pub(crate) enum ErrorCode {\n     | ------------------------- variant or associated item `custom` not found for this enum\n     |\n     = help: items from traits can only be used if the trait is implemented and in scope\n     = note: the following traits define an item `custom`, perhaps you need to implement one of them:\n             candidate #1: `serde::de::Error`\n             candidate #2: `serde::ser::Error`\n\nSome errors have detailed explanations: E0046, E0277, E0599.\nFor more information about an error, try `rustc --explain E0046`.\nwarning: `serde_json` (lib test) generated 1 warning\nerror: could not compile `serde_json` (lib test) due to 12 previous errors; 1 warning emitted\n"
                }
              ],
              "repaired": [
                false,
                false,
                false
              ]
            },
            {
              "attrs": [
                "#[should_panic]"
              ],
              "prefix": [
                "{",
                "    struct TestReader {",
                "        position: usize,",
                "    }",
                "",
                "    impl TestReader {",
                "        fn new() -> Self {",
                "            TestReader { position: 0 }",
                "        }",
                "    }",
                "",
                "    impl Read<'_> for TestReader {",
                "        const should_early_return_if_failed: bool = true;",
                "",
                "        fn next(&mut self) -> Result<Option<u8>> {",
                "            Err(Error::from(ErrorCode::custom(\"error occurred\")))",
                "        }",
                "        ",
                "        fn peek(&mut self) -> Result<Option<u8>> {",
                "            Ok(Some(b'a'))",
                "        }",
                "",
                "        fn discard(&mut self) {}",
                "        fn position(&self) -> Position { Position::new(self.position as u64) }",
                "        fn peek_position(&self) -> Position { Position::new(self.position as u64) }",
                "        fn byte_offset(&self) -> usize { self.position }",
                "",
                "        fn parse_str<'s>(&'s mut self, scratch: &'s mut Vec<u8>) -> Result<Reference<'_, 's, str>> {",
                "            Err(Error::from(ErrorCode::custom(\"parse_str not implemented\")))",
                "        }",
                "",
                "        fn parse_str_raw<'s>(&'s mut self, scratch: &'s mut Vec<u8>) -> Result<Reference<'_, 's, [u8]>> {",
                "            Err(Error::from(ErrorCode::custom(\"parse_str_raw not implemented\")))",
                "        }",
                "",
                "        fn ignore_str(&mut self) -> Result<()> {",
                "            Err(Error::from(ErrorCode::custom(\"ignore_str error\")))",
                "        }",
                "",
                "        fn decode_hex_escape(&mut self) -> Result<u16> {",
                "            Ok(0)",
                "        }",
                "    }",
                "",
                "    let mut reader = TestReader::new();",
                "    reader.ignore_str().unwrap();",
                "}"
              ],
              "oracles": [
                [
                  "    let mut reader = TestReader::new();",
                  "    assert!(reader.position() == Position::new(0));"
                ],
                [
                  "    let mut reader = TestReader::new();",
                  "    reader.ignore_str().unwrap_err();",
                  "    assert!(reader.byte_offset() == 0);"
                ],
                [
                  "    let mut reader = TestReader::new();",
                  "    reader.ignore_str().unwrap_err();",
                  "    assert!(reader.peek().unwrap() == Some(b'a'));"
                ],
                [
                  "    let mut reader = TestReader::new();",
                  "    reader.ignore_str().unwrap_err();",
                  "    reader.next().unwrap_err();",
                  "    assert!(reader.peek_position() == Position::new(0));"
                ]
              ],
              "codes": [
                [
                  "{",
                  "    struct TestReader {",
                  "        position: usize,",
                  "    }",
                  "",
                  "    impl TestReader {",
                  "        fn new() -> Self {",
                  "            TestReader { position: 0 }",
                  "        }",
                  "    }",
                  "",
                  "    impl Read<'_> for TestReader {",
                  "        const should_early_return_if_failed: bool = true;",
                  "",
                  "        fn next(&mut self) -> Result<Option<u8>> {",
                  "            Err(Error::from(ErrorCode::custom(\"error occurred\")))",
                  "        }",
                  "        ",
                  "        fn peek(&mut self) -> Result<Option<u8>> {",
                  "            Ok(Some(b'a'))",
                  "        }",
                  "",
                  "        fn discard(&mut self) {}",
                  "        fn position(&self) -> Position { Position::new(self.position as u64) }",
                  "        fn peek_position(&self) -> Position { Position::new(self.position as u64) }",
                  "        fn byte_offset(&self) -> usize { self.position }",
                  "",
                  "        fn parse_str<'s>(&'s mut self, scratch: &'s mut Vec<u8>) -> Result<Reference<'_, 's, str>> {",
                  "            Err(Error::from(ErrorCode::custom(\"parse_str not implemented\")))",
                  "        }",
                  "",
                  "        fn parse_str_raw<'s>(&'s mut self, scratch: &'s mut Vec<u8>) -> Result<Reference<'_, 's, [u8]>> {",
                  "            Err(Error::from(ErrorCode::custom(\"parse_str_raw not implemented\")))",
                  "        }",
                  "",
                  "        fn ignore_str(&mut self) -> Result<()> {",
                  "            Err(Error::from(ErrorCode::custom(\"ignore_str error\")))",
                  "        }",
                  "",
                  "        fn decode_hex_escape(&mut self) -> Result<u16> {",
                  "            Ok(0)",
                  "        }",
                  "    }",
                  "",
                  "    let mut reader = TestReader::new();",
                  "    reader.ignore_str().unwrap();",
                  "    let mut reader = TestReader::new();",
                  "    assert!(reader.position() == Position::new(0));",
                  "}"
                ],
                [
                  "{",
                  "    struct TestReader {",
                  "        position: usize,",
                  "    }",
                  "",
                  "    impl TestReader {",
                  "        fn new() -> Self {",
                  "            TestReader { position: 0 }",
                  "        }",
                  "    }",
                  "",
                  "    impl Read<'_> for TestReader {",
                  "        const should_early_return_if_failed: bool = true;",
                  "",
                  "        fn next(&mut self) -> Result<Option<u8>> {",
                  "            Err(Error::from(ErrorCode::custom(\"error occurred\")))",
                  "        }",
                  "        ",
                  "        fn peek(&mut self) -> Result<Option<u8>> {",
                  "            Ok(Some(b'a'))",
                  "        }",
                  "",
                  "        fn discard(&mut self) {}",
                  "        fn position(&self) -> Position { Position::new(self.position as u64) }",
                  "        fn peek_position(&self) -> Position { Position::new(self.position as u64) }",
                  "        fn byte_offset(&self) -> usize { self.position }",
                  "",
                  "        fn parse_str<'s>(&'s mut self, scratch: &'s mut Vec<u8>) -> Result<Reference<'_, 's, str>> {",
                  "            Err(Error::from(ErrorCode::custom(\"parse_str not implemented\")))",
                  "        }",
                  "",
                  "        fn parse_str_raw<'s>(&'s mut self, scratch: &'s mut Vec<u8>) -> Result<Reference<'_, 's, [u8]>> {",
                  "            Err(Error::from(ErrorCode::custom(\"parse_str_raw not implemented\")))",
                  "        }",
                  "",
                  "        fn ignore_str(&mut self) -> Result<()> {",
                  "            Err(Error::from(ErrorCode::custom(\"ignore_str error\")))",
                  "        }",
                  "",
                  "        fn decode_hex_escape(&mut self) -> Result<u16> {",
                  "            Ok(0)",
                  "        }",
                  "    }",
                  "",
                  "    let mut reader = TestReader::new();",
                  "    reader.ignore_str().unwrap();",
                  "    let mut reader = TestReader::new();",
                  "    reader.ignore_str().unwrap_err();",
                  "    assert!(reader.byte_offset() == 0);",
                  "}"
                ],
                [
                  "{",
                  "    struct TestReader {",
                  "        position: usize,",
                  "    }",
                  "",
                  "    impl TestReader {",
                  "        fn new() -> Self {",
                  "            TestReader { position: 0 }",
                  "        }",
                  "    }",
                  "",
                  "    impl Read<'_> for TestReader {",
                  "        const should_early_return_if_failed: bool = true;",
                  "",
                  "        fn next(&mut self) -> Result<Option<u8>> {",
                  "            Err(Error::from(ErrorCode::custom(\"error occurred\")))",
                  "        }",
                  "        ",
                  "        fn peek(&mut self) -> Result<Option<u8>> {",
                  "            Ok(Some(b'a'))",
                  "        }",
                  "",
                  "        fn discard(&mut self) {}",
                  "        fn position(&self) -> Position { Position::new(self.position as u64) }",
                  "        fn peek_position(&self) -> Position { Position::new(self.position as u64) }",
                  "        fn byte_offset(&self) -> usize { self.position }",
                  "",
                  "        fn parse_str<'s>(&'s mut self, scratch: &'s mut Vec<u8>) -> Result<Reference<'_, 's, str>> {",
                  "            Err(Error::from(ErrorCode::custom(\"parse_str not implemented\")))",
                  "        }",
                  "",
                  "        fn parse_str_raw<'s>(&'s mut self, scratch: &'s mut Vec<u8>) -> Result<Reference<'_, 's, [u8]>> {",
                  "            Err(Error::from(ErrorCode::custom(\"parse_str_raw not implemented\")))",
                  "        }",
                  "",
                  "        fn ignore_str(&mut self) -> Result<()> {",
                  "            Err(Error::from(ErrorCode::custom(\"ignore_str error\")))",
                  "        }",
                  "",
                  "        fn decode_hex_escape(&mut self) -> Result<u16> {",
                  "            Ok(0)",
                  "        }",
                  "    }",
                  "",
                  "    let mut reader = TestReader::new();",
                  "    reader.ignore_str().unwrap();",
                  "    let mut reader = TestReader::new();",
                  "    reader.ignore_str().unwrap_err();",
                  "    assert!(reader.peek().unwrap() == Some(b'a'));",
                  "}"
                ],
                [
                  "{",
                  "    struct TestReader {",
                  "        position: usize,",
                  "    }",
                  "",
                  "    impl TestReader {",
                  "        fn new() -> Self {",
                  "            TestReader { position: 0 }",
                  "        }",
                  "    }",
                  "",
                  "    impl Read<'_> for TestReader {",
                  "        const should_early_return_if_failed: bool = true;",
                  "",
                  "        fn next(&mut self) -> Result<Option<u8>> {",
                  "            Err(Error::from(ErrorCode::custom(\"error occurred\")))",
                  "        }",
                  "        ",
                  "        fn peek(&mut self) -> Result<Option<u8>> {",
                  "            Ok(Some(b'a'))",
                  "        }",
                  "",
                  "        fn discard(&mut self) {}",
                  "        fn position(&self) -> Position { Position::new(self.position as u64) }",
                  "        fn peek_position(&self) -> Position { Position::new(self.position as u64) }",
                  "        fn byte_offset(&self) -> usize { self.position }",
                  "",
                  "        fn parse_str<'s>(&'s mut self, scratch: &'s mut Vec<u8>) -> Result<Reference<'_, 's, str>> {",
                  "            Err(Error::from(ErrorCode::custom(\"parse_str not implemented\")))",
                  "        }",
                  "",
                  "        fn parse_str_raw<'s>(&'s mut self, scratch: &'s mut Vec<u8>) -> Result<Reference<'_, 's, [u8]>> {",
                  "            Err(Error::from(ErrorCode::custom(\"parse_str_raw not implemented\")))",
                  "        }",
                  "",
                  "        fn ignore_str(&mut self) -> Result<()> {",
                  "            Err(Error::from(ErrorCode::custom(\"ignore_str error\")))",
                  "        }",
                  "",
                  "        fn decode_hex_escape(&mut self) -> Result<u16> {",
                  "            Ok(0)",
                  "        }",
                  "    }",
                  "",
                  "    let mut reader = TestReader::new();",
                  "    reader.ignore_str().unwrap();",
                  "    let mut reader = TestReader::new();",
                  "    reader.ignore_str().unwrap_err();",
                  "    reader.next().unwrap_err();",
                  "    assert!(reader.peek_position() == Position::new(0));",
                  "}"
                ]
              ],
              "can_compile": [
                {
                  "Err": "   Compiling proc-macro2 v1.0.95\n   Compiling serde v1.0.219\n   Compiling syn v1.0.109\n   Compiling libc v0.2.172\n   Compiling serde_json v1.0.140\n   Compiling target-triple v0.1.4\n   Compiling rustversion v1.0.20\n   Compiling ref-cast v1.0.24\n   Compiling psm v0.1.26\n   Compiling stacker v0.1.21\n   Compiling serde_json v1.0.140 (/home/abezbm/rust-utgen-test-crates-new/json)\n   Compiling quote v1.0.40\n   Compiling syn v2.0.101\n   Compiling serde_derive v1.0.219\n   Compiling ref-cast-impl v1.0.24\n   Compiling automod v1.0.15\n   Compiling ntest_test_cases v0.9.3\n   Compiling ntest_timeout v0.9.3\n   Compiling ntest v0.9.3\n   Compiling toml_datetime v0.6.9\n   Compiling serde_spanned v0.6.8\n   Compiling serde_bytes v0.11.17\n   Compiling serde_stacker v0.1.12\n   Compiling toml_edit v0.22.25\n   Compiling toml v0.8.21\n   Compiling trybuild v1.0.104\nwarning: unused import: `ntest::timeout`\n    --> src/read.rs:1093:8\n     |\n1093 |    use ntest::timeout;\n     |        ^^^^^^^^^^^^^^\n     |\n     = note: `#[warn(unused_imports)]` on by default\n\nerror[E0277]: the trait bound `TestReader: read::private::Sealed` is not satisfied\n    --> src/read.rs:1108:23\n     |\n1108 |     impl Read<'_> for TestReader {\n     |                       ^^^^^^^^^^ the trait `read::private::Sealed` is not implemented for `TestReader`\n     |\n     = help: the following other types implement trait `read::private::Sealed`:\n               &mut R\n               IoRead<R>\n               SliceRead<'a>\n               StrRead<'a>\nnote: required by a bound in `read::Read`\n    --> src/read.rs:28:22\n     |\n28   | pub trait Read<'de>: private::Sealed {\n     |                      ^^^^^^^^^^^^^^^ required by this bound in `Read`\n     = note: `Read` is a \"sealed trait\", because to implement it you also need to implement `read::private::Sealed`, which is not accessible; this is usually done to force you to use one of the provided types that already implement it\n     = help: the following types implement the trait:\n               read::IoRead<R>\n               read::SliceRead<'a>\n               read::StrRead<'a>\n               &mut R\n\nerror: `impl` item signature doesn't match `trait` item signature\n    --> src/read.rs:1124:9\n     |\n67   |     fn parse_str<'s>(&'s mut self, scratch: &'s mut Vec<u8>) -> Result<Reference<'de, 's, str>>;\n     |     -------------------------------------------------------------------------------------------- expected `fn(&'s mut TestReader, &'s mut std::vec::Vec<u8>) -> std::result::Result<read::Reference<'1, 's, str>, error::Error>`\n...\n1124 |         fn parse_str<'s>(&'s mut self, scratch: &'s mut Vec<u8>) -> Result<Reference<'_, 's, str>> {\n     |         ^^^^^^^^^^^^^^^^^^^^^^^^^^^^^^^^^^^^^^^^^^^^^^^^^^^^^^^^^^^^^^^^^^^^^^^^^^^^^^^^^^^^^^^^^^ found `fn(&'1 mut TestReader, &'1 mut std::vec::Vec<u8>) -> std::result::Result<read::Reference<'1, '1, str>, error::Error>`\n     |\n     = note: expected signature `fn(&'s mut TestReader, &'s mut std::vec::Vec<u8>) -> std::result::Result<read::Reference<'1, 's, str>, error::Error>`\n                found signature `fn(&'1 mut TestReader, &'1 mut std::vec::Vec<u8>) -> std::result::Result<read::Reference<'1, '1, str>, error::Error>`\n     = help: the lifetime requirements from the `impl` do not correspond to the requirements in the `trait`\n     = help: verify the lifetime relationships in the `trait` and `impl` between the `self` argument, the other inputs and its output\n\nerror: `impl` item signature doesn't match `trait` item signature\n    --> src/read.rs:1128:9\n     |\n76   | /     fn parse_str_raw<'s>(\n77   | |         &'s mut self,\n78   | |         scratch: &'s mut Vec<u8>,\n79   | |     ) -> Result<Reference<'de, 's, [u8]>>;\n     | |__________________________________________- expected `fn(&'s mut TestReader, &'s mut std::vec::Vec<u8>) -> std::result::Result<read::Reference<'1, 's, [u8]>, error::Error>`\n...\n1128 |           fn parse_str_raw<'s>(&'s mut self, scratch: &'s mut Vec<u8>) -> Result<Reference<'_, 's, [u8]>> {\n     |           ^^^^^^^^^^^^^^^^^^^^^^^^^^^^^^^^^^^^^^^^^^^^^^^^^^^^^^^^^^^^^^^^^^^^^^^^^^^^^^^^^^^^^^^^^^^^^^^ found `fn(&'1 mut TestReader, &'1 mut std::vec::Vec<u8>) -> std::result::Result<read::Reference<'1, '1, [u8]>, error::Error>`\n     |\n     = note: expected signature `fn(&'s mut TestReader, &'s mut std::vec::Vec<u8>) -> std::result::Result<read::Reference<'1, 's, [u8]>, error::Error>`\n                found signature `fn(&'1 mut TestReader, &'1 mut std::vec::Vec<u8>) -> std::result::Result<read::Reference<'1, '1, [u8]>, error::Error>`\n     = help: the lifetime requirements from the `impl` do not correspond to the requirements in the `trait`\n     = help: verify the lifetime relationships in the `trait` and `impl` between the `self` argument, the other inputs and its output\n\nerror[E0046]: not all trait items implemented, missing: `set_failed`\n    --> src/read.rs:1108:5\n     |\n116  |     fn set_failed(&mut self, failed: &mut bool);\n     |     -------------------------------------------- `set_failed` from trait\n...\n1108 |     impl Read<'_> for TestReader {\n     |     ^^^^^^^^^^^^^^^^^^^^^^^^^^^^ missing `set_failed` in implementation\n\nerror[E0277]: the trait bound `TestReader: read::private::Sealed` is not satisfied\n    --> src/read.rs:1142:12\n     |\n1142 |     reader.ignore_str().unwrap();\n     |            ^^^^^^^^^^ the trait `read::private::Sealed` is not implemented for `TestReader`\n     |\nnote: required by a bound in `read::Read::ignore_str`\n    --> src/read.rs:28:22\n     |\n28   | pub trait Read<'de>: private::Sealed {\n     |                      ^^^^^^^^^^^^^^^ required by this bound in `Read::ignore_str`\n...\n84   |     fn ignore_str(&mut self) -> Result<()>;\n     |        ---------- required by a bound in this associated function\nhelp: consider mutably borrowing here\n     |\n1142 |     (&mut reader).ignore_str().unwrap();\n     |     +++++       +\n\nerror[E0277]: the trait bound `TestReader: read::private::Sealed` is not satisfied\n    --> src/read.rs:1144:20\n     |\n1144 |     assert!(reader.position() == Position::new(0));\n     |                    ^^^^^^^^ the trait `read::private::Sealed` is not implemented for `TestReader`\n     |\nnote: required by a bound in `read::Read::position`\n    --> src/read.rs:28:22\n     |\n28   | pub trait Read<'de>: private::Sealed {\n     |                      ^^^^^^^^^^^^^^^ required by this bound in `Read::position`\n...\n46   |     fn position(&self) -> Position;\n     |        -------- required by a bound in this associated function\nhelp: consider mutably borrowing here\n     |\n1144 |     assert!((&mut reader).position() == Position::new(0));\n     |             +++++       +\n\nerror[E0599]: no function or associated item named `new` found for struct `read::Position` in the current scope\n    --> src/read.rs:1144:44\n     |\n119  | pub struct Position {\n     | ------------------- function or associated item `new` not found for this struct\n...\n1144 |     assert!(reader.position() == Position::new(0));\n     |                                            ^^^ function or associated item not found in `Position`\n\nerror[E0599]: no variant or associated item named `custom` found for enum `error::ErrorCode` in the current scope\n    --> src/read.rs:1112:40\n     |\n1112 |             Err(Error::from(ErrorCode::custom(\"error occurred\")))\n     |                                        ^^^^^^ variant or associated item not found in `ErrorCode`\n     |\n    ::: src/error.rs:236:1\n     |\n236  | pub(crate) enum ErrorCode {\n     | ------------------------- variant or associated item `custom` not found for this enum\n     |\n     = help: items from traits can only be used if the trait is implemented and in scope\n     = note: the following traits define an item `custom`, perhaps you need to implement one of them:\n             candidate #1: `serde::de::Error`\n             candidate #2: `serde::ser::Error`\n\nerror[E0599]: no function or associated item named `new` found for struct `read::Position` in the current scope\n    --> src/read.rs:1120:52\n     |\n119  | pub struct Position {\n     | ------------------- function or associated item `new` not found for this struct\n...\n1120 |         fn position(&self) -> Position { Position::new(self.position as u64) }\n     |                                                    ^^^ function or associated item not found in `Position`\n\nerror[E0599]: no function or associated item named `new` found for struct `read::Position` in the current scope\n    --> src/read.rs:1121:57\n     |\n119  | pub struct Position {\n     | ------------------- function or associated item `new` not found for this struct\n...\n1121 |         fn peek_position(&self) -> Position { Position::new(self.position as u64) }\n     |                                                         ^^^ function or associated item not found in `Position`\n\nerror[E0599]: no variant or associated item named `custom` found for enum `error::ErrorCode` in the current scope\n    --> src/read.rs:1125:40\n     |\n1125 |             Err(Error::from(ErrorCode::custom(\"parse_str not implemented\")))\n     |                                        ^^^^^^ variant or associated item not found in `ErrorCode`\n     |\n    ::: src/error.rs:236:1\n     |\n236  | pub(crate) enum ErrorCode {\n     | ------------------------- variant or associated item `custom` not found for this enum\n     |\n     = help: items from traits can only be used if the trait is implemented and in scope\n     = note: the following traits define an item `custom`, perhaps you need to implement one of them:\n             candidate #1: `serde::de::Error`\n             candidate #2: `serde::ser::Error`\n\nerror[E0599]: no variant or associated item named `custom` found for enum `error::ErrorCode` in the current scope\n    --> src/read.rs:1129:40\n     |\n1129 |             Err(Error::from(ErrorCode::custom(\"parse_str_raw not implemented\")))\n     |                                        ^^^^^^ variant or associated item not found in `ErrorCode`\n     |\n    ::: src/error.rs:236:1\n     |\n236  | pub(crate) enum ErrorCode {\n     | ------------------------- variant or associated item `custom` not found for this enum\n     |\n     = help: items from traits can only be used if the trait is implemented and in scope\n     = note: the following traits define an item `custom`, perhaps you need to implement one of them:\n             candidate #1: `serde::de::Error`\n             candidate #2: `serde::ser::Error`\n\nerror[E0599]: no variant or associated item named `custom` found for enum `error::ErrorCode` in the current scope\n    --> src/read.rs:1133:40\n     |\n1133 |             Err(Error::from(ErrorCode::custom(\"ignore_str error\")))\n     |                                        ^^^^^^ variant or associated item not found in `ErrorCode`\n     |\n    ::: src/error.rs:236:1\n     |\n236  | pub(crate) enum ErrorCode {\n     | ------------------------- variant or associated item `custom` not found for this enum\n     |\n     = help: items from traits can only be used if the trait is implemented and in scope\n     = note: the following traits define an item `custom`, perhaps you need to implement one of them:\n             candidate #1: `serde::de::Error`\n             candidate #2: `serde::ser::Error`\n\nSome errors have detailed explanations: E0046, E0277, E0599.\nFor more information about an error, try `rustc --explain E0046`.\nwarning: `serde_json` (lib test) generated 1 warning\nerror: could not compile `serde_json` (lib test) due to 13 previous errors; 1 warning emitted\n"
                },
                {
                  "Err": "   Compiling proc-macro2 v1.0.95\n   Compiling serde v1.0.219\n   Compiling syn v1.0.109\n   Compiling libc v0.2.172\n   Compiling target-triple v0.1.4\n   Compiling serde_json v1.0.140\n   Compiling rustversion v1.0.20\n   Compiling ref-cast v1.0.24\n   Compiling serde_json v1.0.140 (/home/abezbm/rust-utgen-test-crates-new/json)\n   Compiling psm v0.1.26\n   Compiling stacker v0.1.21\n   Compiling quote v1.0.40\n   Compiling syn v2.0.101\n   Compiling serde_derive v1.0.219\n   Compiling ref-cast-impl v1.0.24\n   Compiling automod v1.0.15\n   Compiling ntest_test_cases v0.9.3\n   Compiling ntest_timeout v0.9.3\n   Compiling ntest v0.9.3\n   Compiling serde_spanned v0.6.8\n   Compiling toml_datetime v0.6.9\n   Compiling serde_bytes v0.11.17\n   Compiling serde_stacker v0.1.12\n   Compiling toml_edit v0.22.25\n   Compiling toml v0.8.21\n   Compiling trybuild v1.0.104\nwarning: unused import: `ntest::timeout`\n    --> src/read.rs:1093:8\n     |\n1093 |    use ntest::timeout;\n     |        ^^^^^^^^^^^^^^\n     |\n     = note: `#[warn(unused_imports)]` on by default\n\nerror[E0277]: the trait bound `TestReader: read::private::Sealed` is not satisfied\n    --> src/read.rs:1108:23\n     |\n1108 |     impl Read<'_> for TestReader {\n     |                       ^^^^^^^^^^ the trait `read::private::Sealed` is not implemented for `TestReader`\n     |\n     = help: the following other types implement trait `read::private::Sealed`:\n               &mut R\n               IoRead<R>\n               SliceRead<'a>\n               StrRead<'a>\nnote: required by a bound in `read::Read`\n    --> src/read.rs:28:22\n     |\n28   | pub trait Read<'de>: private::Sealed {\n     |                      ^^^^^^^^^^^^^^^ required by this bound in `Read`\n     = note: `Read` is a \"sealed trait\", because to implement it you also need to implement `read::private::Sealed`, which is not accessible; this is usually done to force you to use one of the provided types that already implement it\n     = help: the following types implement the trait:\n               read::IoRead<R>\n               read::SliceRead<'a>\n               read::StrRead<'a>\n               &mut R\n\nerror: `impl` item signature doesn't match `trait` item signature\n    --> src/read.rs:1124:9\n     |\n67   |     fn parse_str<'s>(&'s mut self, scratch: &'s mut Vec<u8>) -> Result<Reference<'de, 's, str>>;\n     |     -------------------------------------------------------------------------------------------- expected `fn(&'s mut TestReader, &'s mut std::vec::Vec<u8>) -> std::result::Result<read::Reference<'1, 's, str>, error::Error>`\n...\n1124 |         fn parse_str<'s>(&'s mut self, scratch: &'s mut Vec<u8>) -> Result<Reference<'_, 's, str>> {\n     |         ^^^^^^^^^^^^^^^^^^^^^^^^^^^^^^^^^^^^^^^^^^^^^^^^^^^^^^^^^^^^^^^^^^^^^^^^^^^^^^^^^^^^^^^^^^ found `fn(&'1 mut TestReader, &'1 mut std::vec::Vec<u8>) -> std::result::Result<read::Reference<'1, '1, str>, error::Error>`\n     |\n     = note: expected signature `fn(&'s mut TestReader, &'s mut std::vec::Vec<u8>) -> std::result::Result<read::Reference<'1, 's, str>, error::Error>`\n                found signature `fn(&'1 mut TestReader, &'1 mut std::vec::Vec<u8>) -> std::result::Result<read::Reference<'1, '1, str>, error::Error>`\n     = help: the lifetime requirements from the `impl` do not correspond to the requirements in the `trait`\n     = help: verify the lifetime relationships in the `trait` and `impl` between the `self` argument, the other inputs and its output\n\nerror: `impl` item signature doesn't match `trait` item signature\n    --> src/read.rs:1128:9\n     |\n76   | /     fn parse_str_raw<'s>(\n77   | |         &'s mut self,\n78   | |         scratch: &'s mut Vec<u8>,\n79   | |     ) -> Result<Reference<'de, 's, [u8]>>;\n     | |__________________________________________- expected `fn(&'s mut TestReader, &'s mut std::vec::Vec<u8>) -> std::result::Result<read::Reference<'1, 's, [u8]>, error::Error>`\n...\n1128 |           fn parse_str_raw<'s>(&'s mut self, scratch: &'s mut Vec<u8>) -> Result<Reference<'_, 's, [u8]>> {\n     |           ^^^^^^^^^^^^^^^^^^^^^^^^^^^^^^^^^^^^^^^^^^^^^^^^^^^^^^^^^^^^^^^^^^^^^^^^^^^^^^^^^^^^^^^^^^^^^^^ found `fn(&'1 mut TestReader, &'1 mut std::vec::Vec<u8>) -> std::result::Result<read::Reference<'1, '1, [u8]>, error::Error>`\n     |\n     = note: expected signature `fn(&'s mut TestReader, &'s mut std::vec::Vec<u8>) -> std::result::Result<read::Reference<'1, 's, [u8]>, error::Error>`\n                found signature `fn(&'1 mut TestReader, &'1 mut std::vec::Vec<u8>) -> std::result::Result<read::Reference<'1, '1, [u8]>, error::Error>`\n     = help: the lifetime requirements from the `impl` do not correspond to the requirements in the `trait`\n     = help: verify the lifetime relationships in the `trait` and `impl` between the `self` argument, the other inputs and its output\n\nerror[E0046]: not all trait items implemented, missing: `set_failed`\n    --> src/read.rs:1108:5\n     |\n116  |     fn set_failed(&mut self, failed: &mut bool);\n     |     -------------------------------------------- `set_failed` from trait\n...\n1108 |     impl Read<'_> for TestReader {\n     |     ^^^^^^^^^^^^^^^^^^^^^^^^^^^^ missing `set_failed` in implementation\n\nerror[E0277]: the trait bound `TestReader: read::private::Sealed` is not satisfied\n    --> src/read.rs:1142:12\n     |\n1142 |     reader.ignore_str().unwrap();\n     |            ^^^^^^^^^^ the trait `read::private::Sealed` is not implemented for `TestReader`\n     |\nnote: required by a bound in `read::Read::ignore_str`\n    --> src/read.rs:28:22\n     |\n28   | pub trait Read<'de>: private::Sealed {\n     |                      ^^^^^^^^^^^^^^^ required by this bound in `Read::ignore_str`\n...\n84   |     fn ignore_str(&mut self) -> Result<()>;\n     |        ---------- required by a bound in this associated function\nhelp: consider mutably borrowing here\n     |\n1142 |     (&mut reader).ignore_str().unwrap();\n     |     +++++       +\n\nerror[E0277]: the trait bound `TestReader: read::private::Sealed` is not satisfied\n    --> src/read.rs:1144:12\n     |\n1144 |     reader.ignore_str().unwrap_err();\n     |            ^^^^^^^^^^ the trait `read::private::Sealed` is not implemented for `TestReader`\n     |\nnote: required by a bound in `read::Read::ignore_str`\n    --> src/read.rs:28:22\n     |\n28   | pub trait Read<'de>: private::Sealed {\n     |                      ^^^^^^^^^^^^^^^ required by this bound in `Read::ignore_str`\n...\n84   |     fn ignore_str(&mut self) -> Result<()>;\n     |        ---------- required by a bound in this associated function\nhelp: consider mutably borrowing here\n     |\n1144 |     (&mut reader).ignore_str().unwrap_err();\n     |     +++++       +\n\nerror[E0277]: the trait bound `TestReader: read::private::Sealed` is not satisfied\n    --> src/read.rs:1145:20\n     |\n1145 |     assert!(reader.byte_offset() == 0);\n     |                    ^^^^^^^^^^^ the trait `read::private::Sealed` is not implemented for `TestReader`\n     |\nnote: required by a bound in `read::Read::byte_offset`\n    --> src/read.rs:28:22\n     |\n28   | pub trait Read<'de>: private::Sealed {\n     |                      ^^^^^^^^^^^^^^^ required by this bound in `Read::byte_offset`\n...\n61   |     fn byte_offset(&self) -> usize;\n     |        ----------- required by a bound in this associated function\nhelp: consider mutably borrowing here\n     |\n1145 |     assert!((&mut reader).byte_offset() == 0);\n     |             +++++       +\n\nerror[E0599]: no variant or associated item named `custom` found for enum `error::ErrorCode` in the current scope\n    --> src/read.rs:1112:40\n     |\n1112 |             Err(Error::from(ErrorCode::custom(\"error occurred\")))\n     |                                        ^^^^^^ variant or associated item not found in `ErrorCode`\n     |\n    ::: src/error.rs:236:1\n     |\n236  | pub(crate) enum ErrorCode {\n     | ------------------------- variant or associated item `custom` not found for this enum\n     |\n     = help: items from traits can only be used if the trait is implemented and in scope\n     = note: the following traits define an item `custom`, perhaps you need to implement one of them:\n             candidate #1: `serde::de::Error`\n             candidate #2: `serde::ser::Error`\n\nerror[E0599]: no function or associated item named `new` found for struct `read::Position` in the current scope\n    --> src/read.rs:1120:52\n     |\n119  | pub struct Position {\n     | ------------------- function or associated item `new` not found for this struct\n...\n1120 |         fn position(&self) -> Position { Position::new(self.position as u64) }\n     |                                                    ^^^ function or associated item not found in `Position`\n\nerror[E0599]: no function or associated item named `new` found for struct `read::Position` in the current scope\n    --> src/read.rs:1121:57\n     |\n119  | pub struct Position {\n     | ------------------- function or associated item `new` not found for this struct\n...\n1121 |         fn peek_position(&self) -> Position { Position::new(self.position as u64) }\n     |                                                         ^^^ function or associated item not found in `Position`\n\nerror[E0599]: no variant or associated item named `custom` found for enum `error::ErrorCode` in the current scope\n    --> src/read.rs:1125:40\n     |\n1125 |             Err(Error::from(ErrorCode::custom(\"parse_str not implemented\")))\n     |                                        ^^^^^^ variant or associated item not found in `ErrorCode`\n     |\n    ::: src/error.rs:236:1\n     |\n236  | pub(crate) enum ErrorCode {\n     | ------------------------- variant or associated item `custom` not found for this enum\n     |\n     = help: items from traits can only be used if the trait is implemented and in scope\n     = note: the following traits define an item `custom`, perhaps you need to implement one of them:\n             candidate #1: `serde::de::Error`\n             candidate #2: `serde::ser::Error`\n\nerror[E0599]: no variant or associated item named `custom` found for enum `error::ErrorCode` in the current scope\n    --> src/read.rs:1129:40\n     |\n1129 |             Err(Error::from(ErrorCode::custom(\"parse_str_raw not implemented\")))\n     |                                        ^^^^^^ variant or associated item not found in `ErrorCode`\n     |\n    ::: src/error.rs:236:1\n     |\n236  | pub(crate) enum ErrorCode {\n     | ------------------------- variant or associated item `custom` not found for this enum\n     |\n     = help: items from traits can only be used if the trait is implemented and in scope\n     = note: the following traits define an item `custom`, perhaps you need to implement one of them:\n             candidate #1: `serde::de::Error`\n             candidate #2: `serde::ser::Error`\n\nerror[E0599]: no variant or associated item named `custom` found for enum `error::ErrorCode` in the current scope\n    --> src/read.rs:1133:40\n     |\n1133 |             Err(Error::from(ErrorCode::custom(\"ignore_str error\")))\n     |                                        ^^^^^^ variant or associated item not found in `ErrorCode`\n     |\n    ::: src/error.rs:236:1\n     |\n236  | pub(crate) enum ErrorCode {\n     | ------------------------- variant or associated item `custom` not found for this enum\n     |\n     = help: items from traits can only be used if the trait is implemented and in scope\n     = note: the following traits define an item `custom`, perhaps you need to implement one of them:\n             candidate #1: `serde::de::Error`\n             candidate #2: `serde::ser::Error`\n\nSome errors have detailed explanations: E0046, E0277, E0599.\nFor more information about an error, try `rustc --explain E0046`.\nwarning: `serde_json` (lib test) generated 1 warning\nerror: could not compile `serde_json` (lib test) due to 13 previous errors; 1 warning emitted\n"
                },
                {
                  "Err": "   Compiling proc-macro2 v1.0.95\n   Compiling serde v1.0.219\n   Compiling syn v1.0.109\n   Compiling libc v0.2.172\n   Compiling serde_json v1.0.140\n   Compiling target-triple v0.1.4\n   Compiling ref-cast v1.0.24\n   Compiling rustversion v1.0.20\n   Compiling serde_json v1.0.140 (/home/abezbm/rust-utgen-test-crates-new/json)\n   Compiling psm v0.1.26\n   Compiling stacker v0.1.21\n   Compiling quote v1.0.40\n   Compiling syn v2.0.101\n   Compiling serde_derive v1.0.219\n   Compiling ref-cast-impl v1.0.24\n   Compiling automod v1.0.15\n   Compiling ntest_test_cases v0.9.3\n   Compiling ntest_timeout v0.9.3\n   Compiling ntest v0.9.3\n   Compiling serde_spanned v0.6.8\n   Compiling toml_datetime v0.6.9\n   Compiling serde_bytes v0.11.17\n   Compiling serde_stacker v0.1.12\n   Compiling toml_edit v0.22.25\n   Compiling toml v0.8.21\n   Compiling trybuild v1.0.104\nwarning: unused import: `ntest::timeout`\n    --> src/read.rs:1093:8\n     |\n1093 |    use ntest::timeout;\n     |        ^^^^^^^^^^^^^^\n     |\n     = note: `#[warn(unused_imports)]` on by default\n\nerror[E0277]: the trait bound `TestReader: read::private::Sealed` is not satisfied\n    --> src/read.rs:1108:23\n     |\n1108 |     impl Read<'_> for TestReader {\n     |                       ^^^^^^^^^^ the trait `read::private::Sealed` is not implemented for `TestReader`\n     |\n     = help: the following other types implement trait `read::private::Sealed`:\n               &mut R\n               IoRead<R>\n               SliceRead<'a>\n               StrRead<'a>\nnote: required by a bound in `read::Read`\n    --> src/read.rs:28:22\n     |\n28   | pub trait Read<'de>: private::Sealed {\n     |                      ^^^^^^^^^^^^^^^ required by this bound in `Read`\n     = note: `Read` is a \"sealed trait\", because to implement it you also need to implement `read::private::Sealed`, which is not accessible; this is usually done to force you to use one of the provided types that already implement it\n     = help: the following types implement the trait:\n               read::IoRead<R>\n               read::SliceRead<'a>\n               read::StrRead<'a>\n               &mut R\n\nerror: `impl` item signature doesn't match `trait` item signature\n    --> src/read.rs:1124:9\n     |\n67   |     fn parse_str<'s>(&'s mut self, scratch: &'s mut Vec<u8>) -> Result<Reference<'de, 's, str>>;\n     |     -------------------------------------------------------------------------------------------- expected `fn(&'s mut TestReader, &'s mut std::vec::Vec<u8>) -> std::result::Result<read::Reference<'1, 's, str>, error::Error>`\n...\n1124 |         fn parse_str<'s>(&'s mut self, scratch: &'s mut Vec<u8>) -> Result<Reference<'_, 's, str>> {\n     |         ^^^^^^^^^^^^^^^^^^^^^^^^^^^^^^^^^^^^^^^^^^^^^^^^^^^^^^^^^^^^^^^^^^^^^^^^^^^^^^^^^^^^^^^^^^ found `fn(&'1 mut TestReader, &'1 mut std::vec::Vec<u8>) -> std::result::Result<read::Reference<'1, '1, str>, error::Error>`\n     |\n     = note: expected signature `fn(&'s mut TestReader, &'s mut std::vec::Vec<u8>) -> std::result::Result<read::Reference<'1, 's, str>, error::Error>`\n                found signature `fn(&'1 mut TestReader, &'1 mut std::vec::Vec<u8>) -> std::result::Result<read::Reference<'1, '1, str>, error::Error>`\n     = help: the lifetime requirements from the `impl` do not correspond to the requirements in the `trait`\n     = help: verify the lifetime relationships in the `trait` and `impl` between the `self` argument, the other inputs and its output\n\nerror: `impl` item signature doesn't match `trait` item signature\n    --> src/read.rs:1128:9\n     |\n76   | /     fn parse_str_raw<'s>(\n77   | |         &'s mut self,\n78   | |         scratch: &'s mut Vec<u8>,\n79   | |     ) -> Result<Reference<'de, 's, [u8]>>;\n     | |__________________________________________- expected `fn(&'s mut TestReader, &'s mut std::vec::Vec<u8>) -> std::result::Result<read::Reference<'1, 's, [u8]>, error::Error>`\n...\n1128 |           fn parse_str_raw<'s>(&'s mut self, scratch: &'s mut Vec<u8>) -> Result<Reference<'_, 's, [u8]>> {\n     |           ^^^^^^^^^^^^^^^^^^^^^^^^^^^^^^^^^^^^^^^^^^^^^^^^^^^^^^^^^^^^^^^^^^^^^^^^^^^^^^^^^^^^^^^^^^^^^^^ found `fn(&'1 mut TestReader, &'1 mut std::vec::Vec<u8>) -> std::result::Result<read::Reference<'1, '1, [u8]>, error::Error>`\n     |\n     = note: expected signature `fn(&'s mut TestReader, &'s mut std::vec::Vec<u8>) -> std::result::Result<read::Reference<'1, 's, [u8]>, error::Error>`\n                found signature `fn(&'1 mut TestReader, &'1 mut std::vec::Vec<u8>) -> std::result::Result<read::Reference<'1, '1, [u8]>, error::Error>`\n     = help: the lifetime requirements from the `impl` do not correspond to the requirements in the `trait`\n     = help: verify the lifetime relationships in the `trait` and `impl` between the `self` argument, the other inputs and its output\n\nerror[E0046]: not all trait items implemented, missing: `set_failed`\n    --> src/read.rs:1108:5\n     |\n116  |     fn set_failed(&mut self, failed: &mut bool);\n     |     -------------------------------------------- `set_failed` from trait\n...\n1108 |     impl Read<'_> for TestReader {\n     |     ^^^^^^^^^^^^^^^^^^^^^^^^^^^^ missing `set_failed` in implementation\n\nerror[E0277]: the trait bound `TestReader: read::private::Sealed` is not satisfied\n    --> src/read.rs:1142:12\n     |\n1142 |     reader.ignore_str().unwrap();\n     |            ^^^^^^^^^^ the trait `read::private::Sealed` is not implemented for `TestReader`\n     |\nnote: required by a bound in `read::Read::ignore_str`\n    --> src/read.rs:28:22\n     |\n28   | pub trait Read<'de>: private::Sealed {\n     |                      ^^^^^^^^^^^^^^^ required by this bound in `Read::ignore_str`\n...\n84   |     fn ignore_str(&mut self) -> Result<()>;\n     |        ---------- required by a bound in this associated function\nhelp: consider mutably borrowing here\n     |\n1142 |     (&mut reader).ignore_str().unwrap();\n     |     +++++       +\n\nerror[E0277]: the trait bound `TestReader: read::private::Sealed` is not satisfied\n    --> src/read.rs:1144:12\n     |\n1144 |     reader.ignore_str().unwrap_err();\n     |            ^^^^^^^^^^ the trait `read::private::Sealed` is not implemented for `TestReader`\n     |\nnote: required by a bound in `read::Read::ignore_str`\n    --> src/read.rs:28:22\n     |\n28   | pub trait Read<'de>: private::Sealed {\n     |                      ^^^^^^^^^^^^^^^ required by this bound in `Read::ignore_str`\n...\n84   |     fn ignore_str(&mut self) -> Result<()>;\n     |        ---------- required by a bound in this associated function\nhelp: consider mutably borrowing here\n     |\n1144 |     (&mut reader).ignore_str().unwrap_err();\n     |     +++++       +\n\nerror[E0277]: the trait bound `TestReader: read::private::Sealed` is not satisfied\n    --> src/read.rs:1145:20\n     |\n1145 |     assert!(reader.peek().unwrap() == Some(b'a'));\n     |                    ^^^^ the trait `read::private::Sealed` is not implemented for `TestReader`\n     |\nnote: required by a bound in `read::Read::peek`\n    --> src/read.rs:28:22\n     |\n28   | pub trait Read<'de>: private::Sealed {\n     |                      ^^^^^^^^^^^^^^^ required by this bound in `Read::peek`\n...\n32   |     fn peek(&mut self) -> Result<Option<u8>>;\n     |        ---- required by a bound in this associated function\nhelp: consider mutably borrowing here\n     |\n1145 |     assert!((&mut reader).peek().unwrap() == Some(b'a'));\n     |             +++++       +\n\nerror[E0599]: no variant or associated item named `custom` found for enum `error::ErrorCode` in the current scope\n    --> src/read.rs:1112:40\n     |\n1112 |             Err(Error::from(ErrorCode::custom(\"error occurred\")))\n     |                                        ^^^^^^ variant or associated item not found in `ErrorCode`\n     |\n    ::: src/error.rs:236:1\n     |\n236  | pub(crate) enum ErrorCode {\n     | ------------------------- variant or associated item `custom` not found for this enum\n     |\n     = help: items from traits can only be used if the trait is implemented and in scope\n     = note: the following traits define an item `custom`, perhaps you need to implement one of them:\n             candidate #1: `serde::de::Error`\n             candidate #2: `serde::ser::Error`\n\nerror[E0599]: no function or associated item named `new` found for struct `read::Position` in the current scope\n    --> src/read.rs:1120:52\n     |\n119  | pub struct Position {\n     | ------------------- function or associated item `new` not found for this struct\n...\n1120 |         fn position(&self) -> Position { Position::new(self.position as u64) }\n     |                                                    ^^^ function or associated item not found in `Position`\n\nerror[E0599]: no function or associated item named `new` found for struct `read::Position` in the current scope\n    --> src/read.rs:1121:57\n     |\n119  | pub struct Position {\n     | ------------------- function or associated item `new` not found for this struct\n...\n1121 |         fn peek_position(&self) -> Position { Position::new(self.position as u64) }\n     |                                                         ^^^ function or associated item not found in `Position`\n\nerror[E0599]: no variant or associated item named `custom` found for enum `error::ErrorCode` in the current scope\n    --> src/read.rs:1125:40\n     |\n1125 |             Err(Error::from(ErrorCode::custom(\"parse_str not implemented\")))\n     |                                        ^^^^^^ variant or associated item not found in `ErrorCode`\n     |\n    ::: src/error.rs:236:1\n     |\n236  | pub(crate) enum ErrorCode {\n     | ------------------------- variant or associated item `custom` not found for this enum\n     |\n     = help: items from traits can only be used if the trait is implemented and in scope\n     = note: the following traits define an item `custom`, perhaps you need to implement one of them:\n             candidate #1: `serde::de::Error`\n             candidate #2: `serde::ser::Error`\n\nerror[E0599]: no variant or associated item named `custom` found for enum `error::ErrorCode` in the current scope\n    --> src/read.rs:1129:40\n     |\n1129 |             Err(Error::from(ErrorCode::custom(\"parse_str_raw not implemented\")))\n     |                                        ^^^^^^ variant or associated item not found in `ErrorCode`\n     |\n    ::: src/error.rs:236:1\n     |\n236  | pub(crate) enum ErrorCode {\n     | ------------------------- variant or associated item `custom` not found for this enum\n     |\n     = help: items from traits can only be used if the trait is implemented and in scope\n     = note: the following traits define an item `custom`, perhaps you need to implement one of them:\n             candidate #1: `serde::de::Error`\n             candidate #2: `serde::ser::Error`\n\nerror[E0599]: no variant or associated item named `custom` found for enum `error::ErrorCode` in the current scope\n    --> src/read.rs:1133:40\n     |\n1133 |             Err(Error::from(ErrorCode::custom(\"ignore_str error\")))\n     |                                        ^^^^^^ variant or associated item not found in `ErrorCode`\n     |\n    ::: src/error.rs:236:1\n     |\n236  | pub(crate) enum ErrorCode {\n     | ------------------------- variant or associated item `custom` not found for this enum\n     |\n     = help: items from traits can only be used if the trait is implemented and in scope\n     = note: the following traits define an item `custom`, perhaps you need to implement one of them:\n             candidate #1: `serde::de::Error`\n             candidate #2: `serde::ser::Error`\n\nSome errors have detailed explanations: E0046, E0277, E0599.\nFor more information about an error, try `rustc --explain E0046`.\nwarning: `serde_json` (lib test) generated 1 warning\nerror: could not compile `serde_json` (lib test) due to 13 previous errors; 1 warning emitted\n"
                },
                {
                  "Err": "   Compiling proc-macro2 v1.0.95\n   Compiling serde v1.0.219\n   Compiling syn v1.0.109\n   Compiling libc v0.2.172\n   Compiling serde_json v1.0.140\n   Compiling target-triple v0.1.4\n   Compiling ref-cast v1.0.24\n   Compiling rustversion v1.0.20\n   Compiling serde_json v1.0.140 (/home/abezbm/rust-utgen-test-crates-new/json)\n   Compiling psm v0.1.26\n   Compiling stacker v0.1.21\n   Compiling quote v1.0.40\n   Compiling syn v2.0.101\n   Compiling serde_derive v1.0.219\n   Compiling ref-cast-impl v1.0.24\n   Compiling automod v1.0.15\n   Compiling ntest_timeout v0.9.3\n   Compiling ntest_test_cases v0.9.3\n   Compiling ntest v0.9.3\n   Compiling serde_spanned v0.6.8\n   Compiling toml_datetime v0.6.9\n   Compiling serde_stacker v0.1.12\n   Compiling serde_bytes v0.11.17\n   Compiling toml_edit v0.22.25\n   Compiling toml v0.8.21\n   Compiling trybuild v1.0.104\nwarning: unused import: `ntest::timeout`\n    --> src/read.rs:1093:8\n     |\n1093 |    use ntest::timeout;\n     |        ^^^^^^^^^^^^^^\n     |\n     = note: `#[warn(unused_imports)]` on by default\n\nerror[E0277]: the trait bound `TestReader: read::private::Sealed` is not satisfied\n    --> src/read.rs:1108:23\n     |\n1108 |     impl Read<'_> for TestReader {\n     |                       ^^^^^^^^^^ the trait `read::private::Sealed` is not implemented for `TestReader`\n     |\n     = help: the following other types implement trait `read::private::Sealed`:\n               &mut R\n               IoRead<R>\n               SliceRead<'a>\n               StrRead<'a>\nnote: required by a bound in `read::Read`\n    --> src/read.rs:28:22\n     |\n28   | pub trait Read<'de>: private::Sealed {\n     |                      ^^^^^^^^^^^^^^^ required by this bound in `Read`\n     = note: `Read` is a \"sealed trait\", because to implement it you also need to implement `read::private::Sealed`, which is not accessible; this is usually done to force you to use one of the provided types that already implement it\n     = help: the following types implement the trait:\n               read::IoRead<R>\n               read::SliceRead<'a>\n               read::StrRead<'a>\n               &mut R\n\nerror: `impl` item signature doesn't match `trait` item signature\n    --> src/read.rs:1124:9\n     |\n67   |     fn parse_str<'s>(&'s mut self, scratch: &'s mut Vec<u8>) -> Result<Reference<'de, 's, str>>;\n     |     -------------------------------------------------------------------------------------------- expected `fn(&'s mut TestReader, &'s mut std::vec::Vec<u8>) -> std::result::Result<read::Reference<'1, 's, str>, error::Error>`\n...\n1124 |         fn parse_str<'s>(&'s mut self, scratch: &'s mut Vec<u8>) -> Result<Reference<'_, 's, str>> {\n     |         ^^^^^^^^^^^^^^^^^^^^^^^^^^^^^^^^^^^^^^^^^^^^^^^^^^^^^^^^^^^^^^^^^^^^^^^^^^^^^^^^^^^^^^^^^^ found `fn(&'1 mut TestReader, &'1 mut std::vec::Vec<u8>) -> std::result::Result<read::Reference<'1, '1, str>, error::Error>`\n     |\n     = note: expected signature `fn(&'s mut TestReader, &'s mut std::vec::Vec<u8>) -> std::result::Result<read::Reference<'1, 's, str>, error::Error>`\n                found signature `fn(&'1 mut TestReader, &'1 mut std::vec::Vec<u8>) -> std::result::Result<read::Reference<'1, '1, str>, error::Error>`\n     = help: the lifetime requirements from the `impl` do not correspond to the requirements in the `trait`\n     = help: verify the lifetime relationships in the `trait` and `impl` between the `self` argument, the other inputs and its output\n\nerror: `impl` item signature doesn't match `trait` item signature\n    --> src/read.rs:1128:9\n     |\n76   | /     fn parse_str_raw<'s>(\n77   | |         &'s mut self,\n78   | |         scratch: &'s mut Vec<u8>,\n79   | |     ) -> Result<Reference<'de, 's, [u8]>>;\n     | |__________________________________________- expected `fn(&'s mut TestReader, &'s mut std::vec::Vec<u8>) -> std::result::Result<read::Reference<'1, 's, [u8]>, error::Error>`\n...\n1128 |           fn parse_str_raw<'s>(&'s mut self, scratch: &'s mut Vec<u8>) -> Result<Reference<'_, 's, [u8]>> {\n     |           ^^^^^^^^^^^^^^^^^^^^^^^^^^^^^^^^^^^^^^^^^^^^^^^^^^^^^^^^^^^^^^^^^^^^^^^^^^^^^^^^^^^^^^^^^^^^^^^ found `fn(&'1 mut TestReader, &'1 mut std::vec::Vec<u8>) -> std::result::Result<read::Reference<'1, '1, [u8]>, error::Error>`\n     |\n     = note: expected signature `fn(&'s mut TestReader, &'s mut std::vec::Vec<u8>) -> std::result::Result<read::Reference<'1, 's, [u8]>, error::Error>`\n                found signature `fn(&'1 mut TestReader, &'1 mut std::vec::Vec<u8>) -> std::result::Result<read::Reference<'1, '1, [u8]>, error::Error>`\n     = help: the lifetime requirements from the `impl` do not correspond to the requirements in the `trait`\n     = help: verify the lifetime relationships in the `trait` and `impl` between the `self` argument, the other inputs and its output\n\nerror[E0046]: not all trait items implemented, missing: `set_failed`\n    --> src/read.rs:1108:5\n     |\n116  |     fn set_failed(&mut self, failed: &mut bool);\n     |     -------------------------------------------- `set_failed` from trait\n...\n1108 |     impl Read<'_> for TestReader {\n     |     ^^^^^^^^^^^^^^^^^^^^^^^^^^^^ missing `set_failed` in implementation\n\nerror[E0277]: the trait bound `TestReader: read::private::Sealed` is not satisfied\n    --> src/read.rs:1142:12\n     |\n1142 |     reader.ignore_str().unwrap();\n     |            ^^^^^^^^^^ the trait `read::private::Sealed` is not implemented for `TestReader`\n     |\nnote: required by a bound in `read::Read::ignore_str`\n    --> src/read.rs:28:22\n     |\n28   | pub trait Read<'de>: private::Sealed {\n     |                      ^^^^^^^^^^^^^^^ required by this bound in `Read::ignore_str`\n...\n84   |     fn ignore_str(&mut self) -> Result<()>;\n     |        ---------- required by a bound in this associated function\nhelp: consider mutably borrowing here\n     |\n1142 |     (&mut reader).ignore_str().unwrap();\n     |     +++++       +\n\nerror[E0277]: the trait bound `TestReader: read::private::Sealed` is not satisfied\n    --> src/read.rs:1144:12\n     |\n1144 |     reader.ignore_str().unwrap_err();\n     |            ^^^^^^^^^^ the trait `read::private::Sealed` is not implemented for `TestReader`\n     |\nnote: required by a bound in `read::Read::ignore_str`\n    --> src/read.rs:28:22\n     |\n28   | pub trait Read<'de>: private::Sealed {\n     |                      ^^^^^^^^^^^^^^^ required by this bound in `Read::ignore_str`\n...\n84   |     fn ignore_str(&mut self) -> Result<()>;\n     |        ---------- required by a bound in this associated function\nhelp: consider mutably borrowing here\n     |\n1144 |     (&mut reader).ignore_str().unwrap_err();\n     |     +++++       +\n\nerror[E0277]: the trait bound `TestReader: read::private::Sealed` is not satisfied\n    --> src/read.rs:1145:12\n     |\n1145 |     reader.next().unwrap_err();\n     |            ^^^^ the trait `read::private::Sealed` is not implemented for `TestReader`\n     |\nnote: required by a bound in `read::Read::next`\n    --> src/read.rs:28:22\n     |\n28   | pub trait Read<'de>: private::Sealed {\n     |                      ^^^^^^^^^^^^^^^ required by this bound in `Read::next`\n29   |     #[doc(hidden)]\n30   |     fn next(&mut self) -> Result<Option<u8>>;\n     |        ---- required by a bound in this associated function\nhelp: consider mutably borrowing here\n     |\n1145 |     (&mut reader).next().unwrap_err();\n     |     +++++       +\n\nerror[E0277]: the trait bound `TestReader: read::private::Sealed` is not satisfied\n    --> src/read.rs:1146:20\n     |\n1146 |     assert!(reader.peek_position() == Position::new(0));\n     |                    ^^^^^^^^^^^^^ the trait `read::private::Sealed` is not implemented for `TestReader`\n     |\nnote: required by a bound in `read::Read::peek_position`\n    --> src/read.rs:28:22\n     |\n28   | pub trait Read<'de>: private::Sealed {\n     |                      ^^^^^^^^^^^^^^^ required by this bound in `Read::peek_position`\n...\n56   |     fn peek_position(&self) -> Position;\n     |        ------------- required by a bound in this associated function\nhelp: consider mutably borrowing here\n     |\n1146 |     assert!((&mut reader).peek_position() == Position::new(0));\n     |             +++++       +\n\nerror[E0599]: no function or associated item named `new` found for struct `read::Position` in the current scope\n    --> src/read.rs:1146:49\n     |\n119  | pub struct Position {\n     | ------------------- function or associated item `new` not found for this struct\n...\n1146 |     assert!(reader.peek_position() == Position::new(0));\n     |                                                 ^^^ function or associated item not found in `Position`\n\nerror[E0599]: no variant or associated item named `custom` found for enum `error::ErrorCode` in the current scope\n    --> src/read.rs:1112:40\n     |\n1112 |             Err(Error::from(ErrorCode::custom(\"error occurred\")))\n     |                                        ^^^^^^ variant or associated item not found in `ErrorCode`\n     |\n    ::: src/error.rs:236:1\n     |\n236  | pub(crate) enum ErrorCode {\n     | ------------------------- variant or associated item `custom` not found for this enum\n     |\n     = help: items from traits can only be used if the trait is implemented and in scope\n     = note: the following traits define an item `custom`, perhaps you need to implement one of them:\n             candidate #1: `serde::de::Error`\n             candidate #2: `serde::ser::Error`\n\nerror[E0599]: no function or associated item named `new` found for struct `read::Position` in the current scope\n    --> src/read.rs:1120:52\n     |\n119  | pub struct Position {\n     | ------------------- function or associated item `new` not found for this struct\n...\n1120 |         fn position(&self) -> Position { Position::new(self.position as u64) }\n     |                                                    ^^^ function or associated item not found in `Position`\n\nerror[E0599]: no function or associated item named `new` found for struct `read::Position` in the current scope\n    --> src/read.rs:1121:57\n     |\n119  | pub struct Position {\n     | ------------------- function or associated item `new` not found for this struct\n...\n1121 |         fn peek_position(&self) -> Position { Position::new(self.position as u64) }\n     |                                                         ^^^ function or associated item not found in `Position`\n\nerror[E0599]: no variant or associated item named `custom` found for enum `error::ErrorCode` in the current scope\n    --> src/read.rs:1125:40\n     |\n1125 |             Err(Error::from(ErrorCode::custom(\"parse_str not implemented\")))\n     |                                        ^^^^^^ variant or associated item not found in `ErrorCode`\n     |\n    ::: src/error.rs:236:1\n     |\n236  | pub(crate) enum ErrorCode {\n     | ------------------------- variant or associated item `custom` not found for this enum\n     |\n     = help: items from traits can only be used if the trait is implemented and in scope\n     = note: the following traits define an item `custom`, perhaps you need to implement one of them:\n             candidate #1: `serde::de::Error`\n             candidate #2: `serde::ser::Error`\n\nerror[E0599]: no variant or associated item named `custom` found for enum `error::ErrorCode` in the current scope\n    --> src/read.rs:1129:40\n     |\n1129 |             Err(Error::from(ErrorCode::custom(\"parse_str_raw not implemented\")))\n     |                                        ^^^^^^ variant or associated item not found in `ErrorCode`\n     |\n    ::: src/error.rs:236:1\n     |\n236  | pub(crate) enum ErrorCode {\n     | ------------------------- variant or associated item `custom` not found for this enum\n     |\n     = help: items from traits can only be used if the trait is implemented and in scope\n     = note: the following traits define an item `custom`, perhaps you need to implement one of them:\n             candidate #1: `serde::de::Error`\n             candidate #2: `serde::ser::Error`\n\nerror[E0599]: no variant or associated item named `custom` found for enum `error::ErrorCode` in the current scope\n    --> src/read.rs:1133:40\n     |\n1133 |             Err(Error::from(ErrorCode::custom(\"ignore_str error\")))\n     |                                        ^^^^^^ variant or associated item not found in `ErrorCode`\n     |\n    ::: src/error.rs:236:1\n     |\n236  | pub(crate) enum ErrorCode {\n     | ------------------------- variant or associated item `custom` not found for this enum\n     |\n     = help: items from traits can only be used if the trait is implemented and in scope\n     = note: the following traits define an item `custom`, perhaps you need to implement one of them:\n             candidate #1: `serde::de::Error`\n             candidate #2: `serde::ser::Error`\n\nSome errors have detailed explanations: E0046, E0277, E0599.\nFor more information about an error, try `rustc --explain E0046`.\nwarning: `serde_json` (lib test) generated 1 warning\nerror: could not compile `serde_json` (lib test) due to 15 previous errors; 1 warning emitted\n"
                }
              ],
              "repaired": [
                false,
                false,
                false,
                false
              ]
            },
            {
              "attrs": [
                "#[should_panic]"
              ],
              "prefix": [
                "{",
                "    struct TestReader {",
                "        position: usize,",
                "    }",
                "",
                "    impl TestReader {",
                "        fn new() -> Self {",
                "            TestReader { position: 0 }",
                "        }",
                "    }",
                "",
                "    impl Read<'_> for TestReader {",
                "        const should_early_return_if_failed: bool = false;",
                "",
                "        fn next(&mut self) -> Result<Option<u8>> {",
                "            // Simulate invalid reading that leads to panic",
                "            if self.position < 30 {",
                "                self.position += 1;",
                "                Ok(Some(b'a'))",
                "            } else {",
                "                Ok(None)",
                "            }",
                "        }",
                "",
                "        fn peek(&mut self) -> Result<Option<u8>> {",
                "            Ok(Some(b'a'))",
                "        }",
                "",
                "        fn discard(&mut self) {}",
                "        fn position(&self) -> Position { Position::new(self.position as u64) }",
                "        fn peek_position(&self) -> Position { Position::new(self.position as u64) }",
                "        fn byte_offset(&self) -> usize { self.position }",
                "",
                "        fn parse_str<'s>(&'s mut self, scratch: &'s mut Vec<u8>) -> Result<Reference<'_, 's, str>> {",
                "            Err(Error::from(ErrorCode::custom(\"parse_str not implemented\")))",
                "        }",
                "",
                "        fn parse_str_raw<'s>(&'s mut self, scratch: &'s mut Vec<u8>) -> Result<Reference<'_, 's, [u8]>> {",
                "            Err(Error::from(ErrorCode::custom(\"parse_str_raw not implemented\")))",
                "        }",
                "",
                "        fn ignore_str(&mut self) -> Result<()> {",
                "            panic!(\"simulated panic in ignore_str\")",
                "        }",
                "",
                "        fn decode_hex_escape(&mut self) -> Result<u16> {",
                "            Ok(0)",
                "        }",
                "    }",
                "",
                "    let mut reader = TestReader::new();",
                "    reader.ignore_str().unwrap();",
                "}"
              ],
              "oracles": [
                [
                  "    let mut reader = TestReader::new();",
                  "    reader.position = 31;",
                  "    let result = reader.ignore_str();",
                  "    assert!(result.is_err());"
                ],
                [
                  "    let mut reader = TestReader::new();",
                  "    reader.position = 31;",
                  "    let result = reader.ignore_str();",
                  "    assert!(result.unwrap_err().to_string().contains(\"parse_str not implemented\"));"
                ],
                [
                  "    let mut reader = TestReader::new();",
                  "    reader.position = 31;",
                  "    let result = reader.ignore_str();",
                  "    assert!(result.unwrap_err().to_string().contains(\"parse_str_raw not implemented\"));"
                ],
                [
                  "    let mut reader = TestReader::new();",
                  "    reader.position = 31;",
                  "    let result = reader.ignore_str();",
                  "    assert!(std::panic::catch_unwind(|| { reader.ignore_str(); }).is_err());"
                ]
              ],
              "codes": [
                [
                  "{",
                  "    struct TestReader {",
                  "        position: usize,",
                  "    }",
                  "",
                  "    impl TestReader {",
                  "        fn new() -> Self {",
                  "            TestReader { position: 0 }",
                  "        }",
                  "    }",
                  "",
                  "    impl Read<'_> for TestReader {",
                  "        const should_early_return_if_failed: bool = false;",
                  "",
                  "        fn next(&mut self) -> Result<Option<u8>> {",
                  "            // Simulate invalid reading that leads to panic",
                  "            if self.position < 30 {",
                  "                self.position += 1;",
                  "                Ok(Some(b'a'))",
                  "            } else {",
                  "                Ok(None)",
                  "            }",
                  "        }",
                  "",
                  "        fn peek(&mut self) -> Result<Option<u8>> {",
                  "            Ok(Some(b'a'))",
                  "        }",
                  "",
                  "        fn discard(&mut self) {}",
                  "        fn position(&self) -> Position { Position::new(self.position as u64) }",
                  "        fn peek_position(&self) -> Position { Position::new(self.position as u64) }",
                  "        fn byte_offset(&self) -> usize { self.position }",
                  "",
                  "        fn parse_str<'s>(&'s mut self, scratch: &'s mut Vec<u8>) -> Result<Reference<'_, 's, str>> {",
                  "            Err(Error::from(ErrorCode::custom(\"parse_str not implemented\")))",
                  "        }",
                  "",
                  "        fn parse_str_raw<'s>(&'s mut self, scratch: &'s mut Vec<u8>) -> Result<Reference<'_, 's, [u8]>> {",
                  "            Err(Error::from(ErrorCode::custom(\"parse_str_raw not implemented\")))",
                  "        }",
                  "",
                  "        fn ignore_str(&mut self) -> Result<()> {",
                  "            panic!(\"simulated panic in ignore_str\")",
                  "        }",
                  "",
                  "        fn decode_hex_escape(&mut self) -> Result<u16> {",
                  "            Ok(0)",
                  "        }",
                  "    }",
                  "",
                  "    let mut reader = TestReader::new();",
                  "    reader.ignore_str().unwrap();",
                  "    let mut reader = TestReader::new();",
                  "    reader.position = 31;",
                  "    let result = reader.ignore_str();",
                  "    assert!(result.is_err());",
                  "}"
                ],
                [
                  "{",
                  "    struct TestReader {",
                  "        position: usize,",
                  "    }",
                  "",
                  "    impl TestReader {",
                  "        fn new() -> Self {",
                  "            TestReader { position: 0 }",
                  "        }",
                  "    }",
                  "",
                  "    impl Read<'_> for TestReader {",
                  "        const should_early_return_if_failed: bool = false;",
                  "",
                  "        fn next(&mut self) -> Result<Option<u8>> {",
                  "            // Simulate invalid reading that leads to panic",
                  "            if self.position < 30 {",
                  "                self.position += 1;",
                  "                Ok(Some(b'a'))",
                  "            } else {",
                  "                Ok(None)",
                  "            }",
                  "        }",
                  "",
                  "        fn peek(&mut self) -> Result<Option<u8>> {",
                  "            Ok(Some(b'a'))",
                  "        }",
                  "",
                  "        fn discard(&mut self) {}",
                  "        fn position(&self) -> Position { Position::new(self.position as u64) }",
                  "        fn peek_position(&self) -> Position { Position::new(self.position as u64) }",
                  "        fn byte_offset(&self) -> usize { self.position }",
                  "",
                  "        fn parse_str<'s>(&'s mut self, scratch: &'s mut Vec<u8>) -> Result<Reference<'_, 's, str>> {",
                  "            Err(Error::from(ErrorCode::custom(\"parse_str not implemented\")))",
                  "        }",
                  "",
                  "        fn parse_str_raw<'s>(&'s mut self, scratch: &'s mut Vec<u8>) -> Result<Reference<'_, 's, [u8]>> {",
                  "            Err(Error::from(ErrorCode::custom(\"parse_str_raw not implemented\")))",
                  "        }",
                  "",
                  "        fn ignore_str(&mut self) -> Result<()> {",
                  "            panic!(\"simulated panic in ignore_str\")",
                  "        }",
                  "",
                  "        fn decode_hex_escape(&mut self) -> Result<u16> {",
                  "            Ok(0)",
                  "        }",
                  "    }",
                  "",
                  "    let mut reader = TestReader::new();",
                  "    reader.ignore_str().unwrap();",
                  "    let mut reader = TestReader::new();",
                  "    reader.position = 31;",
                  "    let result = reader.ignore_str();",
                  "    assert!(result.unwrap_err().to_string().contains(\"parse_str not implemented\"));",
                  "}"
                ],
                [
                  "{",
                  "    struct TestReader {",
                  "        position: usize,",
                  "    }",
                  "",
                  "    impl TestReader {",
                  "        fn new() -> Self {",
                  "            TestReader { position: 0 }",
                  "        }",
                  "    }",
                  "",
                  "    impl Read<'_> for TestReader {",
                  "        const should_early_return_if_failed: bool = false;",
                  "",
                  "        fn next(&mut self) -> Result<Option<u8>> {",
                  "            // Simulate invalid reading that leads to panic",
                  "            if self.position < 30 {",
                  "                self.position += 1;",
                  "                Ok(Some(b'a'))",
                  "            } else {",
                  "                Ok(None)",
                  "            }",
                  "        }",
                  "",
                  "        fn peek(&mut self) -> Result<Option<u8>> {",
                  "            Ok(Some(b'a'))",
                  "        }",
                  "",
                  "        fn discard(&mut self) {}",
                  "        fn position(&self) -> Position { Position::new(self.position as u64) }",
                  "        fn peek_position(&self) -> Position { Position::new(self.position as u64) }",
                  "        fn byte_offset(&self) -> usize { self.position }",
                  "",
                  "        fn parse_str<'s>(&'s mut self, scratch: &'s mut Vec<u8>) -> Result<Reference<'_, 's, str>> {",
                  "            Err(Error::from(ErrorCode::custom(\"parse_str not implemented\")))",
                  "        }",
                  "",
                  "        fn parse_str_raw<'s>(&'s mut self, scratch: &'s mut Vec<u8>) -> Result<Reference<'_, 's, [u8]>> {",
                  "            Err(Error::from(ErrorCode::custom(\"parse_str_raw not implemented\")))",
                  "        }",
                  "",
                  "        fn ignore_str(&mut self) -> Result<()> {",
                  "            panic!(\"simulated panic in ignore_str\")",
                  "        }",
                  "",
                  "        fn decode_hex_escape(&mut self) -> Result<u16> {",
                  "            Ok(0)",
                  "        }",
                  "    }",
                  "",
                  "    let mut reader = TestReader::new();",
                  "    reader.ignore_str().unwrap();",
                  "    let mut reader = TestReader::new();",
                  "    reader.position = 31;",
                  "    let result = reader.ignore_str();",
                  "    assert!(result.unwrap_err().to_string().contains(\"parse_str_raw not implemented\"));",
                  "}"
                ],
                [
                  "{",
                  "    struct TestReader {",
                  "        position: usize,",
                  "    }",
                  "",
                  "    impl TestReader {",
                  "        fn new() -> Self {",
                  "            TestReader { position: 0 }",
                  "        }",
                  "    }",
                  "",
                  "    impl Read<'_> for TestReader {",
                  "        const should_early_return_if_failed: bool = false;",
                  "",
                  "        fn next(&mut self) -> Result<Option<u8>> {",
                  "            // Simulate invalid reading that leads to panic",
                  "            if self.position < 30 {",
                  "                self.position += 1;",
                  "                Ok(Some(b'a'))",
                  "            } else {",
                  "                Ok(None)",
                  "            }",
                  "        }",
                  "",
                  "        fn peek(&mut self) -> Result<Option<u8>> {",
                  "            Ok(Some(b'a'))",
                  "        }",
                  "",
                  "        fn discard(&mut self) {}",
                  "        fn position(&self) -> Position { Position::new(self.position as u64) }",
                  "        fn peek_position(&self) -> Position { Position::new(self.position as u64) }",
                  "        fn byte_offset(&self) -> usize { self.position }",
                  "",
                  "        fn parse_str<'s>(&'s mut self, scratch: &'s mut Vec<u8>) -> Result<Reference<'_, 's, str>> {",
                  "            Err(Error::from(ErrorCode::custom(\"parse_str not implemented\")))",
                  "        }",
                  "",
                  "        fn parse_str_raw<'s>(&'s mut self, scratch: &'s mut Vec<u8>) -> Result<Reference<'_, 's, [u8]>> {",
                  "            Err(Error::from(ErrorCode::custom(\"parse_str_raw not implemented\")))",
                  "        }",
                  "",
                  "        fn ignore_str(&mut self) -> Result<()> {",
                  "            panic!(\"simulated panic in ignore_str\")",
                  "        }",
                  "",
                  "        fn decode_hex_escape(&mut self) -> Result<u16> {",
                  "            Ok(0)",
                  "        }",
                  "    }",
                  "",
                  "    let mut reader = TestReader::new();",
                  "    reader.ignore_str().unwrap();",
                  "    let mut reader = TestReader::new();",
                  "    reader.position = 31;",
                  "    let result = reader.ignore_str();",
                  "    assert!(std::panic::catch_unwind(|| { reader.ignore_str(); }).is_err());",
                  "}"
                ]
              ],
              "can_compile": [
                {
                  "Err": "   Compiling proc-macro2 v1.0.95\n   Compiling serde v1.0.219\n   Compiling syn v1.0.109\n   Compiling libc v0.2.172\n   Compiling serde_json v1.0.140\n   Compiling target-triple v0.1.4\n   Compiling rustversion v1.0.20\n   Compiling ref-cast v1.0.24\n   Compiling serde_json v1.0.140 (/home/abezbm/rust-utgen-test-crates-new/json)\n   Compiling psm v0.1.26\n   Compiling stacker v0.1.21\n   Compiling quote v1.0.40\n   Compiling syn v2.0.101\n   Compiling serde_derive v1.0.219\n   Compiling ref-cast-impl v1.0.24\n   Compiling automod v1.0.15\n   Compiling ntest_timeout v0.9.3\n   Compiling ntest_test_cases v0.9.3\n   Compiling ntest v0.9.3\n   Compiling serde_spanned v0.6.8\n   Compiling toml_datetime v0.6.9\n   Compiling serde_bytes v0.11.17\n   Compiling serde_stacker v0.1.12\n   Compiling toml_edit v0.22.25\n   Compiling toml v0.8.21\n   Compiling trybuild v1.0.104\nwarning: unused import: `ntest::timeout`\n    --> src/read.rs:1093:8\n     |\n1093 |    use ntest::timeout;\n     |        ^^^^^^^^^^^^^^\n     |\n     = note: `#[warn(unused_imports)]` on by default\n\nerror[E0277]: the trait bound `TestReader: read::private::Sealed` is not satisfied\n    --> src/read.rs:1108:23\n     |\n1108 |     impl Read<'_> for TestReader {\n     |                       ^^^^^^^^^^ the trait `read::private::Sealed` is not implemented for `TestReader`\n     |\n     = help: the following other types implement trait `read::private::Sealed`:\n               &mut R\n               IoRead<R>\n               SliceRead<'a>\n               StrRead<'a>\nnote: required by a bound in `read::Read`\n    --> src/read.rs:28:22\n     |\n28   | pub trait Read<'de>: private::Sealed {\n     |                      ^^^^^^^^^^^^^^^ required by this bound in `Read`\n     = note: `Read` is a \"sealed trait\", because to implement it you also need to implement `read::private::Sealed`, which is not accessible; this is usually done to force you to use one of the provided types that already implement it\n     = help: the following types implement the trait:\n               read::IoRead<R>\n               read::SliceRead<'a>\n               read::StrRead<'a>\n               &mut R\n\nerror: `impl` item signature doesn't match `trait` item signature\n    --> src/read.rs:1130:9\n     |\n67   |     fn parse_str<'s>(&'s mut self, scratch: &'s mut Vec<u8>) -> Result<Reference<'de, 's, str>>;\n     |     -------------------------------------------------------------------------------------------- expected `fn(&'s mut TestReader, &'s mut std::vec::Vec<u8>) -> std::result::Result<read::Reference<'1, 's, str>, error::Error>`\n...\n1130 |         fn parse_str<'s>(&'s mut self, scratch: &'s mut Vec<u8>) -> Result<Reference<'_, 's, str>> {\n     |         ^^^^^^^^^^^^^^^^^^^^^^^^^^^^^^^^^^^^^^^^^^^^^^^^^^^^^^^^^^^^^^^^^^^^^^^^^^^^^^^^^^^^^^^^^^ found `fn(&'1 mut TestReader, &'1 mut std::vec::Vec<u8>) -> std::result::Result<read::Reference<'1, '1, str>, error::Error>`\n     |\n     = note: expected signature `fn(&'s mut TestReader, &'s mut std::vec::Vec<u8>) -> std::result::Result<read::Reference<'1, 's, str>, error::Error>`\n                found signature `fn(&'1 mut TestReader, &'1 mut std::vec::Vec<u8>) -> std::result::Result<read::Reference<'1, '1, str>, error::Error>`\n     = help: the lifetime requirements from the `impl` do not correspond to the requirements in the `trait`\n     = help: verify the lifetime relationships in the `trait` and `impl` between the `self` argument, the other inputs and its output\n\nerror: `impl` item signature doesn't match `trait` item signature\n    --> src/read.rs:1134:9\n     |\n76   | /     fn parse_str_raw<'s>(\n77   | |         &'s mut self,\n78   | |         scratch: &'s mut Vec<u8>,\n79   | |     ) -> Result<Reference<'de, 's, [u8]>>;\n     | |__________________________________________- expected `fn(&'s mut TestReader, &'s mut std::vec::Vec<u8>) -> std::result::Result<read::Reference<'1, 's, [u8]>, error::Error>`\n...\n1134 |           fn parse_str_raw<'s>(&'s mut self, scratch: &'s mut Vec<u8>) -> Result<Reference<'_, 's, [u8]>> {\n     |           ^^^^^^^^^^^^^^^^^^^^^^^^^^^^^^^^^^^^^^^^^^^^^^^^^^^^^^^^^^^^^^^^^^^^^^^^^^^^^^^^^^^^^^^^^^^^^^^ found `fn(&'1 mut TestReader, &'1 mut std::vec::Vec<u8>) -> std::result::Result<read::Reference<'1, '1, [u8]>, error::Error>`\n     |\n     = note: expected signature `fn(&'s mut TestReader, &'s mut std::vec::Vec<u8>) -> std::result::Result<read::Reference<'1, 's, [u8]>, error::Error>`\n                found signature `fn(&'1 mut TestReader, &'1 mut std::vec::Vec<u8>) -> std::result::Result<read::Reference<'1, '1, [u8]>, error::Error>`\n     = help: the lifetime requirements from the `impl` do not correspond to the requirements in the `trait`\n     = help: verify the lifetime relationships in the `trait` and `impl` between the `self` argument, the other inputs and its output\n\nerror[E0046]: not all trait items implemented, missing: `set_failed`\n    --> src/read.rs:1108:5\n     |\n116  |     fn set_failed(&mut self, failed: &mut bool);\n     |     -------------------------------------------- `set_failed` from trait\n...\n1108 |     impl Read<'_> for TestReader {\n     |     ^^^^^^^^^^^^^^^^^^^^^^^^^^^^ missing `set_failed` in implementation\n\nerror[E0277]: the trait bound `TestReader: read::private::Sealed` is not satisfied\n    --> src/read.rs:1148:12\n     |\n1148 |     reader.ignore_str().unwrap();\n     |            ^^^^^^^^^^ the trait `read::private::Sealed` is not implemented for `TestReader`\n     |\nnote: required by a bound in `read::Read::ignore_str`\n    --> src/read.rs:28:22\n     |\n28   | pub trait Read<'de>: private::Sealed {\n     |                      ^^^^^^^^^^^^^^^ required by this bound in `Read::ignore_str`\n...\n84   |     fn ignore_str(&mut self) -> Result<()>;\n     |        ---------- required by a bound in this associated function\nhelp: consider mutably borrowing here\n     |\n1148 |     (&mut reader).ignore_str().unwrap();\n     |     +++++       +\n\nerror[E0277]: the trait bound `TestReader: read::private::Sealed` is not satisfied\n    --> src/read.rs:1151:25\n     |\n1151 |     let result = reader.ignore_str();\n     |                         ^^^^^^^^^^ the trait `read::private::Sealed` is not implemented for `TestReader`\n     |\nnote: required by a bound in `read::Read::ignore_str`\n    --> src/read.rs:28:22\n     |\n28   | pub trait Read<'de>: private::Sealed {\n     |                      ^^^^^^^^^^^^^^^ required by this bound in `Read::ignore_str`\n...\n84   |     fn ignore_str(&mut self) -> Result<()>;\n     |        ---------- required by a bound in this associated function\nhelp: consider mutably borrowing here\n     |\n1151 |     let result = (&mut reader).ignore_str();\n     |                  +++++       +\n\nerror[E0599]: no function or associated item named `new` found for struct `read::Position` in the current scope\n    --> src/read.rs:1126:52\n     |\n119  | pub struct Position {\n     | ------------------- function or associated item `new` not found for this struct\n...\n1126 |         fn position(&self) -> Position { Position::new(self.position as u64) }\n     |                                                    ^^^ function or associated item not found in `Position`\n\nerror[E0599]: no function or associated item named `new` found for struct `read::Position` in the current scope\n    --> src/read.rs:1127:57\n     |\n119  | pub struct Position {\n     | ------------------- function or associated item `new` not found for this struct\n...\n1127 |         fn peek_position(&self) -> Position { Position::new(self.position as u64) }\n     |                                                         ^^^ function or associated item not found in `Position`\n\nerror[E0599]: no variant or associated item named `custom` found for enum `error::ErrorCode` in the current scope\n    --> src/read.rs:1131:40\n     |\n1131 |             Err(Error::from(ErrorCode::custom(\"parse_str not implemented\")))\n     |                                        ^^^^^^ variant or associated item not found in `ErrorCode`\n     |\n    ::: src/error.rs:236:1\n     |\n236  | pub(crate) enum ErrorCode {\n     | ------------------------- variant or associated item `custom` not found for this enum\n     |\n     = help: items from traits can only be used if the trait is implemented and in scope\n     = note: the following traits define an item `custom`, perhaps you need to implement one of them:\n             candidate #1: `serde::de::Error`\n             candidate #2: `serde::ser::Error`\n\nerror[E0599]: no variant or associated item named `custom` found for enum `error::ErrorCode` in the current scope\n    --> src/read.rs:1135:40\n     |\n1135 |             Err(Error::from(ErrorCode::custom(\"parse_str_raw not implemented\")))\n     |                                        ^^^^^^ variant or associated item not found in `ErrorCode`\n     |\n    ::: src/error.rs:236:1\n     |\n236  | pub(crate) enum ErrorCode {\n     | ------------------------- variant or associated item `custom` not found for this enum\n     |\n     = help: items from traits can only be used if the trait is implemented and in scope\n     = note: the following traits define an item `custom`, perhaps you need to implement one of them:\n             candidate #1: `serde::de::Error`\n             candidate #2: `serde::ser::Error`\n\nSome errors have detailed explanations: E0046, E0277, E0599.\nFor more information about an error, try `rustc --explain E0046`.\nwarning: `serde_json` (lib test) generated 1 warning\nerror: could not compile `serde_json` (lib test) due to 10 previous errors; 1 warning emitted\n"
                },
                {
                  "Err": "   Compiling proc-macro2 v1.0.95\n   Compiling serde v1.0.219\n   Compiling syn v1.0.109\n   Compiling libc v0.2.172\n   Compiling serde_json v1.0.140\n   Compiling target-triple v0.1.4\n   Compiling ref-cast v1.0.24\n   Compiling rustversion v1.0.20\n   Compiling serde_json v1.0.140 (/home/abezbm/rust-utgen-test-crates-new/json)\n   Compiling psm v0.1.26\n   Compiling stacker v0.1.21\n   Compiling quote v1.0.40\n   Compiling syn v2.0.101\n   Compiling serde_derive v1.0.219\n   Compiling ref-cast-impl v1.0.24\n   Compiling automod v1.0.15\n   Compiling ntest_timeout v0.9.3\n   Compiling ntest_test_cases v0.9.3\n   Compiling ntest v0.9.3\n   Compiling serde_spanned v0.6.8\n   Compiling toml_datetime v0.6.9\n   Compiling serde_stacker v0.1.12\n   Compiling serde_bytes v0.11.17\n   Compiling toml_edit v0.22.25\n   Compiling toml v0.8.21\n   Compiling trybuild v1.0.104\nwarning: unused import: `ntest::timeout`\n    --> src/read.rs:1093:8\n     |\n1093 |    use ntest::timeout;\n     |        ^^^^^^^^^^^^^^\n     |\n     = note: `#[warn(unused_imports)]` on by default\n\nerror[E0277]: the trait bound `TestReader: read::private::Sealed` is not satisfied\n    --> src/read.rs:1108:23\n     |\n1108 |     impl Read<'_> for TestReader {\n     |                       ^^^^^^^^^^ the trait `read::private::Sealed` is not implemented for `TestReader`\n     |\n     = help: the following other types implement trait `read::private::Sealed`:\n               &mut R\n               IoRead<R>\n               SliceRead<'a>\n               StrRead<'a>\nnote: required by a bound in `read::Read`\n    --> src/read.rs:28:22\n     |\n28   | pub trait Read<'de>: private::Sealed {\n     |                      ^^^^^^^^^^^^^^^ required by this bound in `Read`\n     = note: `Read` is a \"sealed trait\", because to implement it you also need to implement `read::private::Sealed`, which is not accessible; this is usually done to force you to use one of the provided types that already implement it\n     = help: the following types implement the trait:\n               read::IoRead<R>\n               read::SliceRead<'a>\n               read::StrRead<'a>\n               &mut R\n\nerror: `impl` item signature doesn't match `trait` item signature\n    --> src/read.rs:1130:9\n     |\n67   |     fn parse_str<'s>(&'s mut self, scratch: &'s mut Vec<u8>) -> Result<Reference<'de, 's, str>>;\n     |     -------------------------------------------------------------------------------------------- expected `fn(&'s mut TestReader, &'s mut std::vec::Vec<u8>) -> std::result::Result<read::Reference<'1, 's, str>, error::Error>`\n...\n1130 |         fn parse_str<'s>(&'s mut self, scratch: &'s mut Vec<u8>) -> Result<Reference<'_, 's, str>> {\n     |         ^^^^^^^^^^^^^^^^^^^^^^^^^^^^^^^^^^^^^^^^^^^^^^^^^^^^^^^^^^^^^^^^^^^^^^^^^^^^^^^^^^^^^^^^^^ found `fn(&'1 mut TestReader, &'1 mut std::vec::Vec<u8>) -> std::result::Result<read::Reference<'1, '1, str>, error::Error>`\n     |\n     = note: expected signature `fn(&'s mut TestReader, &'s mut std::vec::Vec<u8>) -> std::result::Result<read::Reference<'1, 's, str>, error::Error>`\n                found signature `fn(&'1 mut TestReader, &'1 mut std::vec::Vec<u8>) -> std::result::Result<read::Reference<'1, '1, str>, error::Error>`\n     = help: the lifetime requirements from the `impl` do not correspond to the requirements in the `trait`\n     = help: verify the lifetime relationships in the `trait` and `impl` between the `self` argument, the other inputs and its output\n\nerror: `impl` item signature doesn't match `trait` item signature\n    --> src/read.rs:1134:9\n     |\n76   | /     fn parse_str_raw<'s>(\n77   | |         &'s mut self,\n78   | |         scratch: &'s mut Vec<u8>,\n79   | |     ) -> Result<Reference<'de, 's, [u8]>>;\n     | |__________________________________________- expected `fn(&'s mut TestReader, &'s mut std::vec::Vec<u8>) -> std::result::Result<read::Reference<'1, 's, [u8]>, error::Error>`\n...\n1134 |           fn parse_str_raw<'s>(&'s mut self, scratch: &'s mut Vec<u8>) -> Result<Reference<'_, 's, [u8]>> {\n     |           ^^^^^^^^^^^^^^^^^^^^^^^^^^^^^^^^^^^^^^^^^^^^^^^^^^^^^^^^^^^^^^^^^^^^^^^^^^^^^^^^^^^^^^^^^^^^^^^ found `fn(&'1 mut TestReader, &'1 mut std::vec::Vec<u8>) -> std::result::Result<read::Reference<'1, '1, [u8]>, error::Error>`\n     |\n     = note: expected signature `fn(&'s mut TestReader, &'s mut std::vec::Vec<u8>) -> std::result::Result<read::Reference<'1, 's, [u8]>, error::Error>`\n                found signature `fn(&'1 mut TestReader, &'1 mut std::vec::Vec<u8>) -> std::result::Result<read::Reference<'1, '1, [u8]>, error::Error>`\n     = help: the lifetime requirements from the `impl` do not correspond to the requirements in the `trait`\n     = help: verify the lifetime relationships in the `trait` and `impl` between the `self` argument, the other inputs and its output\n\nerror[E0046]: not all trait items implemented, missing: `set_failed`\n    --> src/read.rs:1108:5\n     |\n116  |     fn set_failed(&mut self, failed: &mut bool);\n     |     -------------------------------------------- `set_failed` from trait\n...\n1108 |     impl Read<'_> for TestReader {\n     |     ^^^^^^^^^^^^^^^^^^^^^^^^^^^^ missing `set_failed` in implementation\n\nerror[E0277]: the trait bound `TestReader: read::private::Sealed` is not satisfied\n    --> src/read.rs:1148:12\n     |\n1148 |     reader.ignore_str().unwrap();\n     |            ^^^^^^^^^^ the trait `read::private::Sealed` is not implemented for `TestReader`\n     |\nnote: required by a bound in `read::Read::ignore_str`\n    --> src/read.rs:28:22\n     |\n28   | pub trait Read<'de>: private::Sealed {\n     |                      ^^^^^^^^^^^^^^^ required by this bound in `Read::ignore_str`\n...\n84   |     fn ignore_str(&mut self) -> Result<()>;\n     |        ---------- required by a bound in this associated function\nhelp: consider mutably borrowing here\n     |\n1148 |     (&mut reader).ignore_str().unwrap();\n     |     +++++       +\n\nerror[E0277]: the trait bound `TestReader: read::private::Sealed` is not satisfied\n    --> src/read.rs:1151:25\n     |\n1151 |     let result = reader.ignore_str();\n     |                         ^^^^^^^^^^ the trait `read::private::Sealed` is not implemented for `TestReader`\n     |\nnote: required by a bound in `read::Read::ignore_str`\n    --> src/read.rs:28:22\n     |\n28   | pub trait Read<'de>: private::Sealed {\n     |                      ^^^^^^^^^^^^^^^ required by this bound in `Read::ignore_str`\n...\n84   |     fn ignore_str(&mut self) -> Result<()>;\n     |        ---------- required by a bound in this associated function\nhelp: consider mutably borrowing here\n     |\n1151 |     let result = (&mut reader).ignore_str();\n     |                  +++++       +\n\nerror[E0599]: no function or associated item named `new` found for struct `read::Position` in the current scope\n    --> src/read.rs:1126:52\n     |\n119  | pub struct Position {\n     | ------------------- function or associated item `new` not found for this struct\n...\n1126 |         fn position(&self) -> Position { Position::new(self.position as u64) }\n     |                                                    ^^^ function or associated item not found in `Position`\n\nerror[E0599]: no function or associated item named `new` found for struct `read::Position` in the current scope\n    --> src/read.rs:1127:57\n     |\n119  | pub struct Position {\n     | ------------------- function or associated item `new` not found for this struct\n...\n1127 |         fn peek_position(&self) -> Position { Position::new(self.position as u64) }\n     |                                                         ^^^ function or associated item not found in `Position`\n\nerror[E0599]: no variant or associated item named `custom` found for enum `error::ErrorCode` in the current scope\n    --> src/read.rs:1131:40\n     |\n1131 |             Err(Error::from(ErrorCode::custom(\"parse_str not implemented\")))\n     |                                        ^^^^^^ variant or associated item not found in `ErrorCode`\n     |\n    ::: src/error.rs:236:1\n     |\n236  | pub(crate) enum ErrorCode {\n     | ------------------------- variant or associated item `custom` not found for this enum\n     |\n     = help: items from traits can only be used if the trait is implemented and in scope\n     = note: the following traits define an item `custom`, perhaps you need to implement one of them:\n             candidate #1: `serde::de::Error`\n             candidate #2: `serde::ser::Error`\n\nerror[E0599]: no variant or associated item named `custom` found for enum `error::ErrorCode` in the current scope\n    --> src/read.rs:1135:40\n     |\n1135 |             Err(Error::from(ErrorCode::custom(\"parse_str_raw not implemented\")))\n     |                                        ^^^^^^ variant or associated item not found in `ErrorCode`\n     |\n    ::: src/error.rs:236:1\n     |\n236  | pub(crate) enum ErrorCode {\n     | ------------------------- variant or associated item `custom` not found for this enum\n     |\n     = help: items from traits can only be used if the trait is implemented and in scope\n     = note: the following traits define an item `custom`, perhaps you need to implement one of them:\n             candidate #1: `serde::de::Error`\n             candidate #2: `serde::ser::Error`\n\nSome errors have detailed explanations: E0046, E0277, E0599.\nFor more information about an error, try `rustc --explain E0046`.\nwarning: `serde_json` (lib test) generated 1 warning\nerror: could not compile `serde_json` (lib test) due to 10 previous errors; 1 warning emitted\n"
                },
                {
                  "Err": "   Compiling proc-macro2 v1.0.95\n   Compiling serde v1.0.219\n   Compiling syn v1.0.109\n   Compiling libc v0.2.172\n   Compiling target-triple v0.1.4\n   Compiling serde_json v1.0.140\n   Compiling rustversion v1.0.20\n   Compiling ref-cast v1.0.24\n   Compiling serde_json v1.0.140 (/home/abezbm/rust-utgen-test-crates-new/json)\n   Compiling psm v0.1.26\n   Compiling stacker v0.1.21\n   Compiling quote v1.0.40\n   Compiling syn v2.0.101\n   Compiling serde_derive v1.0.219\n   Compiling ref-cast-impl v1.0.24\n   Compiling automod v1.0.15\n   Compiling ntest_test_cases v0.9.3\n   Compiling ntest_timeout v0.9.3\n   Compiling ntest v0.9.3\n   Compiling toml_datetime v0.6.9\n   Compiling serde_spanned v0.6.8\n   Compiling serde_stacker v0.1.12\n   Compiling serde_bytes v0.11.17\n   Compiling toml_edit v0.22.25\n   Compiling toml v0.8.21\n   Compiling trybuild v1.0.104\nwarning: unused import: `ntest::timeout`\n    --> src/read.rs:1093:8\n     |\n1093 |    use ntest::timeout;\n     |        ^^^^^^^^^^^^^^\n     |\n     = note: `#[warn(unused_imports)]` on by default\n\nerror[E0277]: the trait bound `TestReader: read::private::Sealed` is not satisfied\n    --> src/read.rs:1108:23\n     |\n1108 |     impl Read<'_> for TestReader {\n     |                       ^^^^^^^^^^ the trait `read::private::Sealed` is not implemented for `TestReader`\n     |\n     = help: the following other types implement trait `read::private::Sealed`:\n               &mut R\n               IoRead<R>\n               SliceRead<'a>\n               StrRead<'a>\nnote: required by a bound in `read::Read`\n    --> src/read.rs:28:22\n     |\n28   | pub trait Read<'de>: private::Sealed {\n     |                      ^^^^^^^^^^^^^^^ required by this bound in `Read`\n     = note: `Read` is a \"sealed trait\", because to implement it you also need to implement `read::private::Sealed`, which is not accessible; this is usually done to force you to use one of the provided types that already implement it\n     = help: the following types implement the trait:\n               read::IoRead<R>\n               read::SliceRead<'a>\n               read::StrRead<'a>\n               &mut R\n\nerror: `impl` item signature doesn't match `trait` item signature\n    --> src/read.rs:1130:9\n     |\n67   |     fn parse_str<'s>(&'s mut self, scratch: &'s mut Vec<u8>) -> Result<Reference<'de, 's, str>>;\n     |     -------------------------------------------------------------------------------------------- expected `fn(&'s mut TestReader, &'s mut std::vec::Vec<u8>) -> std::result::Result<read::Reference<'1, 's, str>, error::Error>`\n...\n1130 |         fn parse_str<'s>(&'s mut self, scratch: &'s mut Vec<u8>) -> Result<Reference<'_, 's, str>> {\n     |         ^^^^^^^^^^^^^^^^^^^^^^^^^^^^^^^^^^^^^^^^^^^^^^^^^^^^^^^^^^^^^^^^^^^^^^^^^^^^^^^^^^^^^^^^^^ found `fn(&'1 mut TestReader, &'1 mut std::vec::Vec<u8>) -> std::result::Result<read::Reference<'1, '1, str>, error::Error>`\n     |\n     = note: expected signature `fn(&'s mut TestReader, &'s mut std::vec::Vec<u8>) -> std::result::Result<read::Reference<'1, 's, str>, error::Error>`\n                found signature `fn(&'1 mut TestReader, &'1 mut std::vec::Vec<u8>) -> std::result::Result<read::Reference<'1, '1, str>, error::Error>`\n     = help: the lifetime requirements from the `impl` do not correspond to the requirements in the `trait`\n     = help: verify the lifetime relationships in the `trait` and `impl` between the `self` argument, the other inputs and its output\n\nerror: `impl` item signature doesn't match `trait` item signature\n    --> src/read.rs:1134:9\n     |\n76   | /     fn parse_str_raw<'s>(\n77   | |         &'s mut self,\n78   | |         scratch: &'s mut Vec<u8>,\n79   | |     ) -> Result<Reference<'de, 's, [u8]>>;\n     | |__________________________________________- expected `fn(&'s mut TestReader, &'s mut std::vec::Vec<u8>) -> std::result::Result<read::Reference<'1, 's, [u8]>, error::Error>`\n...\n1134 |           fn parse_str_raw<'s>(&'s mut self, scratch: &'s mut Vec<u8>) -> Result<Reference<'_, 's, [u8]>> {\n     |           ^^^^^^^^^^^^^^^^^^^^^^^^^^^^^^^^^^^^^^^^^^^^^^^^^^^^^^^^^^^^^^^^^^^^^^^^^^^^^^^^^^^^^^^^^^^^^^^ found `fn(&'1 mut TestReader, &'1 mut std::vec::Vec<u8>) -> std::result::Result<read::Reference<'1, '1, [u8]>, error::Error>`\n     |\n     = note: expected signature `fn(&'s mut TestReader, &'s mut std::vec::Vec<u8>) -> std::result::Result<read::Reference<'1, 's, [u8]>, error::Error>`\n                found signature `fn(&'1 mut TestReader, &'1 mut std::vec::Vec<u8>) -> std::result::Result<read::Reference<'1, '1, [u8]>, error::Error>`\n     = help: the lifetime requirements from the `impl` do not correspond to the requirements in the `trait`\n     = help: verify the lifetime relationships in the `trait` and `impl` between the `self` argument, the other inputs and its output\n\nerror[E0046]: not all trait items implemented, missing: `set_failed`\n    --> src/read.rs:1108:5\n     |\n116  |     fn set_failed(&mut self, failed: &mut bool);\n     |     -------------------------------------------- `set_failed` from trait\n...\n1108 |     impl Read<'_> for TestReader {\n     |     ^^^^^^^^^^^^^^^^^^^^^^^^^^^^ missing `set_failed` in implementation\n\nerror[E0277]: the trait bound `TestReader: read::private::Sealed` is not satisfied\n    --> src/read.rs:1148:12\n     |\n1148 |     reader.ignore_str().unwrap();\n     |            ^^^^^^^^^^ the trait `read::private::Sealed` is not implemented for `TestReader`\n     |\nnote: required by a bound in `read::Read::ignore_str`\n    --> src/read.rs:28:22\n     |\n28   | pub trait Read<'de>: private::Sealed {\n     |                      ^^^^^^^^^^^^^^^ required by this bound in `Read::ignore_str`\n...\n84   |     fn ignore_str(&mut self) -> Result<()>;\n     |        ---------- required by a bound in this associated function\nhelp: consider mutably borrowing here\n     |\n1148 |     (&mut reader).ignore_str().unwrap();\n     |     +++++       +\n\nerror[E0277]: the trait bound `TestReader: read::private::Sealed` is not satisfied\n    --> src/read.rs:1151:25\n     |\n1151 |     let result = reader.ignore_str();\n     |                         ^^^^^^^^^^ the trait `read::private::Sealed` is not implemented for `TestReader`\n     |\nnote: required by a bound in `read::Read::ignore_str`\n    --> src/read.rs:28:22\n     |\n28   | pub trait Read<'de>: private::Sealed {\n     |                      ^^^^^^^^^^^^^^^ required by this bound in `Read::ignore_str`\n...\n84   |     fn ignore_str(&mut self) -> Result<()>;\n     |        ---------- required by a bound in this associated function\nhelp: consider mutably borrowing here\n     |\n1151 |     let result = (&mut reader).ignore_str();\n     |                  +++++       +\n\nerror[E0599]: no function or associated item named `new` found for struct `read::Position` in the current scope\n    --> src/read.rs:1126:52\n     |\n119  | pub struct Position {\n     | ------------------- function or associated item `new` not found for this struct\n...\n1126 |         fn position(&self) -> Position { Position::new(self.position as u64) }\n     |                                                    ^^^ function or associated item not found in `Position`\n\nerror[E0599]: no function or associated item named `new` found for struct `read::Position` in the current scope\n    --> src/read.rs:1127:57\n     |\n119  | pub struct Position {\n     | ------------------- function or associated item `new` not found for this struct\n...\n1127 |         fn peek_position(&self) -> Position { Position::new(self.position as u64) }\n     |                                                         ^^^ function or associated item not found in `Position`\n\nerror[E0599]: no variant or associated item named `custom` found for enum `error::ErrorCode` in the current scope\n    --> src/read.rs:1131:40\n     |\n1131 |             Err(Error::from(ErrorCode::custom(\"parse_str not implemented\")))\n     |                                        ^^^^^^ variant or associated item not found in `ErrorCode`\n     |\n    ::: src/error.rs:236:1\n     |\n236  | pub(crate) enum ErrorCode {\n     | ------------------------- variant or associated item `custom` not found for this enum\n     |\n     = help: items from traits can only be used if the trait is implemented and in scope\n     = note: the following traits define an item `custom`, perhaps you need to implement one of them:\n             candidate #1: `serde::de::Error`\n             candidate #2: `serde::ser::Error`\n\nerror[E0599]: no variant or associated item named `custom` found for enum `error::ErrorCode` in the current scope\n    --> src/read.rs:1135:40\n     |\n1135 |             Err(Error::from(ErrorCode::custom(\"parse_str_raw not implemented\")))\n     |                                        ^^^^^^ variant or associated item not found in `ErrorCode`\n     |\n    ::: src/error.rs:236:1\n     |\n236  | pub(crate) enum ErrorCode {\n     | ------------------------- variant or associated item `custom` not found for this enum\n     |\n     = help: items from traits can only be used if the trait is implemented and in scope\n     = note: the following traits define an item `custom`, perhaps you need to implement one of them:\n             candidate #1: `serde::de::Error`\n             candidate #2: `serde::ser::Error`\n\nSome errors have detailed explanations: E0046, E0277, E0599.\nFor more information about an error, try `rustc --explain E0046`.\nwarning: `serde_json` (lib test) generated 1 warning\nerror: could not compile `serde_json` (lib test) due to 10 previous errors; 1 warning emitted\n"
                },
                {
                  "Err": "   Compiling proc-macro2 v1.0.95\n   Compiling serde v1.0.219\n   Compiling syn v1.0.109\n   Compiling libc v0.2.172\n   Compiling target-triple v0.1.4\n   Compiling serde_json v1.0.140\n   Compiling rustversion v1.0.20\n   Compiling ref-cast v1.0.24\n   Compiling serde_json v1.0.140 (/home/abezbm/rust-utgen-test-crates-new/json)\n   Compiling psm v0.1.26\n   Compiling stacker v0.1.21\n   Compiling quote v1.0.40\n   Compiling syn v2.0.101\n   Compiling serde_derive v1.0.219\n   Compiling ref-cast-impl v1.0.24\n   Compiling automod v1.0.15\n   Compiling ntest_test_cases v0.9.3\n   Compiling ntest_timeout v0.9.3\n   Compiling ntest v0.9.3\n   Compiling toml_datetime v0.6.9\n   Compiling serde_spanned v0.6.8\n   Compiling serde_stacker v0.1.12\n   Compiling serde_bytes v0.11.17\n   Compiling toml_edit v0.22.25\n   Compiling toml v0.8.21\n   Compiling trybuild v1.0.104\nwarning: unused import: `ntest::timeout`\n    --> src/read.rs:1093:8\n     |\n1093 |    use ntest::timeout;\n     |        ^^^^^^^^^^^^^^\n     |\n     = note: `#[warn(unused_imports)]` on by default\n\nerror[E0277]: the trait bound `TestReader: read::private::Sealed` is not satisfied\n    --> src/read.rs:1108:23\n     |\n1108 |     impl Read<'_> for TestReader {\n     |                       ^^^^^^^^^^ the trait `read::private::Sealed` is not implemented for `TestReader`\n     |\n     = help: the following other types implement trait `read::private::Sealed`:\n               &mut R\n               IoRead<R>\n               SliceRead<'a>\n               StrRead<'a>\nnote: required by a bound in `read::Read`\n    --> src/read.rs:28:22\n     |\n28   | pub trait Read<'de>: private::Sealed {\n     |                      ^^^^^^^^^^^^^^^ required by this bound in `Read`\n     = note: `Read` is a \"sealed trait\", because to implement it you also need to implement `read::private::Sealed`, which is not accessible; this is usually done to force you to use one of the provided types that already implement it\n     = help: the following types implement the trait:\n               read::IoRead<R>\n               read::SliceRead<'a>\n               read::StrRead<'a>\n               &mut R\n\nerror: `impl` item signature doesn't match `trait` item signature\n    --> src/read.rs:1130:9\n     |\n67   |     fn parse_str<'s>(&'s mut self, scratch: &'s mut Vec<u8>) -> Result<Reference<'de, 's, str>>;\n     |     -------------------------------------------------------------------------------------------- expected `fn(&'s mut TestReader, &'s mut std::vec::Vec<u8>) -> std::result::Result<read::Reference<'1, 's, str>, error::Error>`\n...\n1130 |         fn parse_str<'s>(&'s mut self, scratch: &'s mut Vec<u8>) -> Result<Reference<'_, 's, str>> {\n     |         ^^^^^^^^^^^^^^^^^^^^^^^^^^^^^^^^^^^^^^^^^^^^^^^^^^^^^^^^^^^^^^^^^^^^^^^^^^^^^^^^^^^^^^^^^^ found `fn(&'1 mut TestReader, &'1 mut std::vec::Vec<u8>) -> std::result::Result<read::Reference<'1, '1, str>, error::Error>`\n     |\n     = note: expected signature `fn(&'s mut TestReader, &'s mut std::vec::Vec<u8>) -> std::result::Result<read::Reference<'1, 's, str>, error::Error>`\n                found signature `fn(&'1 mut TestReader, &'1 mut std::vec::Vec<u8>) -> std::result::Result<read::Reference<'1, '1, str>, error::Error>`\n     = help: the lifetime requirements from the `impl` do not correspond to the requirements in the `trait`\n     = help: verify the lifetime relationships in the `trait` and `impl` between the `self` argument, the other inputs and its output\n\nerror: `impl` item signature doesn't match `trait` item signature\n    --> src/read.rs:1134:9\n     |\n76   | /     fn parse_str_raw<'s>(\n77   | |         &'s mut self,\n78   | |         scratch: &'s mut Vec<u8>,\n79   | |     ) -> Result<Reference<'de, 's, [u8]>>;\n     | |__________________________________________- expected `fn(&'s mut TestReader, &'s mut std::vec::Vec<u8>) -> std::result::Result<read::Reference<'1, 's, [u8]>, error::Error>`\n...\n1134 |           fn parse_str_raw<'s>(&'s mut self, scratch: &'s mut Vec<u8>) -> Result<Reference<'_, 's, [u8]>> {\n     |           ^^^^^^^^^^^^^^^^^^^^^^^^^^^^^^^^^^^^^^^^^^^^^^^^^^^^^^^^^^^^^^^^^^^^^^^^^^^^^^^^^^^^^^^^^^^^^^^ found `fn(&'1 mut TestReader, &'1 mut std::vec::Vec<u8>) -> std::result::Result<read::Reference<'1, '1, [u8]>, error::Error>`\n     |\n     = note: expected signature `fn(&'s mut TestReader, &'s mut std::vec::Vec<u8>) -> std::result::Result<read::Reference<'1, 's, [u8]>, error::Error>`\n                found signature `fn(&'1 mut TestReader, &'1 mut std::vec::Vec<u8>) -> std::result::Result<read::Reference<'1, '1, [u8]>, error::Error>`\n     = help: the lifetime requirements from the `impl` do not correspond to the requirements in the `trait`\n     = help: verify the lifetime relationships in the `trait` and `impl` between the `self` argument, the other inputs and its output\n\nerror[E0046]: not all trait items implemented, missing: `set_failed`\n    --> src/read.rs:1108:5\n     |\n116  |     fn set_failed(&mut self, failed: &mut bool);\n     |     -------------------------------------------- `set_failed` from trait\n...\n1108 |     impl Read<'_> for TestReader {\n     |     ^^^^^^^^^^^^^^^^^^^^^^^^^^^^ missing `set_failed` in implementation\n\nerror[E0277]: the trait bound `TestReader: read::private::Sealed` is not satisfied\n    --> src/read.rs:1148:12\n     |\n1148 |     reader.ignore_str().unwrap();\n     |            ^^^^^^^^^^ the trait `read::private::Sealed` is not implemented for `TestReader`\n     |\nnote: required by a bound in `read::Read::ignore_str`\n    --> src/read.rs:28:22\n     |\n28   | pub trait Read<'de>: private::Sealed {\n     |                      ^^^^^^^^^^^^^^^ required by this bound in `Read::ignore_str`\n...\n84   |     fn ignore_str(&mut self) -> Result<()>;\n     |        ---------- required by a bound in this associated function\nhelp: consider mutably borrowing here\n     |\n1148 |     (&mut reader).ignore_str().unwrap();\n     |     +++++       +\n\nerror[E0277]: the trait bound `TestReader: read::private::Sealed` is not satisfied\n    --> src/read.rs:1151:25\n     |\n1151 |     let result = reader.ignore_str();\n     |                         ^^^^^^^^^^ the trait `read::private::Sealed` is not implemented for `TestReader`\n     |\nnote: required by a bound in `read::Read::ignore_str`\n    --> src/read.rs:28:22\n     |\n28   | pub trait Read<'de>: private::Sealed {\n     |                      ^^^^^^^^^^^^^^^ required by this bound in `Read::ignore_str`\n...\n84   |     fn ignore_str(&mut self) -> Result<()>;\n     |        ---------- required by a bound in this associated function\nhelp: consider mutably borrowing here\n     |\n1151 |     let result = (&mut reader).ignore_str();\n     |                  +++++       +\n\nerror[E0277]: the trait bound `TestReader: read::private::Sealed` is not satisfied\n    --> src/read.rs:1152:50\n     |\n1152 |     assert!(std::panic::catch_unwind(|| { reader.ignore_str(); }).is_err());\n     |                                                  ^^^^^^^^^^ the trait `read::private::Sealed` is not implemented for `TestReader`\n     |\nnote: required by a bound in `read::Read::ignore_str`\n    --> src/read.rs:28:22\n     |\n28   | pub trait Read<'de>: private::Sealed {\n     |                      ^^^^^^^^^^^^^^^ required by this bound in `Read::ignore_str`\n...\n84   |     fn ignore_str(&mut self) -> Result<()>;\n     |        ---------- required by a bound in this associated function\nhelp: consider mutably borrowing here\n     |\n1152 |     assert!(std::panic::catch_unwind(|| { (&mut reader).ignore_str(); }).is_err());\n     |                                           +++++       +\n\nerror[E0599]: no function or associated item named `new` found for struct `read::Position` in the current scope\n    --> src/read.rs:1126:52\n     |\n119  | pub struct Position {\n     | ------------------- function or associated item `new` not found for this struct\n...\n1126 |         fn position(&self) -> Position { Position::new(self.position as u64) }\n     |                                                    ^^^ function or associated item not found in `Position`\n\nerror[E0599]: no function or associated item named `new` found for struct `read::Position` in the current scope\n    --> src/read.rs:1127:57\n     |\n119  | pub struct Position {\n     | ------------------- function or associated item `new` not found for this struct\n...\n1127 |         fn peek_position(&self) -> Position { Position::new(self.position as u64) }\n     |                                                         ^^^ function or associated item not found in `Position`\n\nerror[E0599]: no variant or associated item named `custom` found for enum `error::ErrorCode` in the current scope\n    --> src/read.rs:1131:40\n     |\n1131 |             Err(Error::from(ErrorCode::custom(\"parse_str not implemented\")))\n     |                                        ^^^^^^ variant or associated item not found in `ErrorCode`\n     |\n    ::: src/error.rs:236:1\n     |\n236  | pub(crate) enum ErrorCode {\n     | ------------------------- variant or associated item `custom` not found for this enum\n     |\n     = help: items from traits can only be used if the trait is implemented and in scope\n     = note: the following traits define an item `custom`, perhaps you need to implement one of them:\n             candidate #1: `serde::de::Error`\n             candidate #2: `serde::ser::Error`\n\nerror[E0599]: no variant or associated item named `custom` found for enum `error::ErrorCode` in the current scope\n    --> src/read.rs:1135:40\n     |\n1135 |             Err(Error::from(ErrorCode::custom(\"parse_str_raw not implemented\")))\n     |                                        ^^^^^^ variant or associated item not found in `ErrorCode`\n     |\n    ::: src/error.rs:236:1\n     |\n236  | pub(crate) enum ErrorCode {\n     | ------------------------- variant or associated item `custom` not found for this enum\n     |\n     = help: items from traits can only be used if the trait is implemented and in scope\n     = note: the following traits define an item `custom`, perhaps you need to implement one of them:\n             candidate #1: `serde::de::Error`\n             candidate #2: `serde::ser::Error`\n\nSome errors have detailed explanations: E0046, E0277, E0599.\nFor more information about an error, try `rustc --explain E0046`.\nwarning: `serde_json` (lib test) generated 1 warning\nerror: could not compile `serde_json` (lib test) due to 11 previous errors; 1 warning emitted\n"
                }
              ],
              "repaired": [
                false,
                false,
                false,
                false
              ]
            }
          ]
        }
      ]
    }
  ]
}