{
  "name": "serde_json::value::de::value::de::<impl serde::Deserializer<'de> for value::Value>::deserialize_string",
  "name_with_impl": "serde_json::value::de::{impl#3}::deserialize_string",
  "mod_info": {
    "name": "value::de",
    "loc": "src/value/mod.rs:927:1:927:8"
  },
  "visible": true,
  "loc": "src/value/de.rs:389:5:398:6",
  "fn_tests": [
    {
      "chain_id": 1,
      "prompt_conds": [
        "// constraint: self matches Value::String(v) is false\n",
        "// constraint: self matches _ is true\n",
        "// expected return value/type: Err(self.invalid_type(&visitor))\n"
      ],
      "input_infer": "self: Value::Null, Value::Bool(true), Value::Number(Number { n: 0 }), Value::Array(Vec::new()), Value::Object(Map { map: MapImpl::new() })\n",
      "answers": [
        {
          "uses": [],
          "has_test_mod": false,
          "common": [
            "struct MyVisitor;",
            "",
            "impl<'de> Visitor<'de> for MyVisitor {",
            "    type Value = ();",
            "    ",
            "    fn visit_string<E>(self, _value: String) -> Result<Self::Value, E> {",
            "        unimplemented!()",
            "    }",
            "",
            "    // Implement other required methods for the Visitor trait.",
            "}"
          ],
          "chain_tests": [
            {
              "attrs": [],
              "prefix": [
                "{",
                "    let value = Value::Null;",
                "    let visitor = MyVisitor {};",
                "    let _ = value.deserialize_string(visitor);",
                "}"
              ],
              "oracles": [
                [
                  "    let value = Value::Null;",
                  "    let visitor = MyVisitor {};",
                  "    let result = value.deserialize_string(visitor);",
                  "    assert!(result.is_err());"
                ],
                [
                  "    let value = Value::Null;",
                  "    let visitor = MyVisitor {};",
                  "    let result = value.deserialize_string(visitor);",
                  "    assert_eq!(result.unwrap_err(), value.invalid_type(&visitor));"
                ]
              ],
              "codes": [
                [
                  "{",
                  "    let value = Value::Null;",
                  "    let visitor = MyVisitor {};",
                  "    let _ = value.deserialize_string(visitor);",
                  "    let value = Value::Null;",
                  "    let visitor = MyVisitor {};",
                  "    let result = value.deserialize_string(visitor);",
                  "    assert!(result.is_err());",
                  "}"
                ],
                [
                  "{",
                  "    let value = Value::Null;",
                  "    let visitor = MyVisitor {};",
                  "    let _ = value.deserialize_string(visitor);",
                  "    let value = Value::Null;",
                  "    let visitor = MyVisitor {};",
                  "    let result = value.deserialize_string(visitor);",
                  "    assert_eq!(result.unwrap_err(), value.invalid_type(&visitor));",
                  "}"
                ]
              ],
              "can_compile": [
                {
                  "Err": "   Compiling proc-macro2 v1.0.95\n   Compiling serde v1.0.219\n   Compiling syn v1.0.109\n   Compiling libc v0.2.172\n   Compiling serde_json v1.0.140\n   Compiling target-triple v0.1.4\n   Compiling rustversion v1.0.20\n   Compiling ref-cast v1.0.24\n   Compiling serde_json v1.0.140 (/home/abezbm/rust-utgen-test-crates-new/json)\n   Compiling psm v0.1.26\n   Compiling stacker v0.1.21\n   Compiling quote v1.0.40\n   Compiling syn v2.0.101\n   Compiling serde_derive v1.0.219\n   Compiling ref-cast-impl v1.0.24\n   Compiling automod v1.0.15\n   Compiling ntest_timeout v0.9.3\n   Compiling ntest_test_cases v0.9.3\n   Compiling ntest v0.9.3\n   Compiling toml_datetime v0.6.9\n   Compiling serde_spanned v0.6.8\n   Compiling serde_stacker v0.1.12\n   Compiling serde_bytes v0.11.17\n   Compiling toml_edit v0.22.25\n   Compiling toml v0.8.21\n   Compiling trybuild v1.0.104\nwarning: unused import: `ntest::timeout`\n    --> src/value/de.rs:1504:8\n     |\n1504 |    use ntest::timeout;\n     |        ^^^^^^^^^^^^^^\n     |\n     = note: `#[warn(unused_imports)]` on by default\n\nerror[E0046]: not all trait items implemented, missing: `expecting`\n    --> src/value/de.rs:1507:1\n     |\n1507 | impl<'de> Visitor<'de> for MyVisitor {\n     | ^^^^^^^^^^^^^^^^^^^^^^^^^^^^^^^^^^^^ missing `expecting` in implementation\n     |\n     = help: implement the missing item: `fn expecting(&self, _: &mut std::fmt::Formatter<'_>) -> std::result::Result<(), std::fmt::Error> { todo!() }`\n\nFor more information about this error, try `rustc --explain E0046`.\nwarning: `serde_json` (lib test) generated 1 warning\nerror: could not compile `serde_json` (lib test) due to 1 previous error; 1 warning emitted\n"
                },
                {
                  "Err": "   Compiling proc-macro2 v1.0.95\n   Compiling serde v1.0.219\n   Compiling syn v1.0.109\n   Compiling libc v0.2.172\n   Compiling serde_json v1.0.140\n   Compiling target-triple v0.1.4\n   Compiling ref-cast v1.0.24\n   Compiling rustversion v1.0.20\n   Compiling serde_json v1.0.140 (/home/abezbm/rust-utgen-test-crates-new/json)\n   Compiling psm v0.1.26\n   Compiling stacker v0.1.21\n   Compiling quote v1.0.40\n   Compiling syn v2.0.101\n   Compiling serde_derive v1.0.219\n   Compiling ref-cast-impl v1.0.24\n   Compiling automod v1.0.15\n   Compiling ntest_timeout v0.9.3\n   Compiling ntest_test_cases v0.9.3\n   Compiling ntest v0.9.3\n   Compiling toml_datetime v0.6.9\n   Compiling serde_spanned v0.6.8\n   Compiling serde_stacker v0.1.12\n   Compiling serde_bytes v0.11.17\n   Compiling toml_edit v0.22.25\n   Compiling toml v0.8.21\n   Compiling trybuild v1.0.104\nwarning: unused import: `ntest::timeout`\n    --> src/value/de.rs:1504:8\n     |\n1504 |    use ntest::timeout;\n     |        ^^^^^^^^^^^^^^\n     |\n     = note: `#[warn(unused_imports)]` on by default\n\nerror[E0046]: not all trait items implemented, missing: `expecting`\n    --> src/value/de.rs:1507:1\n     |\n1507 | impl<'de> Visitor<'de> for MyVisitor {\n     | ^^^^^^^^^^^^^^^^^^^^^^^^^^^^^^^^^^^^ missing `expecting` in implementation\n     |\n     = help: implement the missing item: `fn expecting(&self, _: &mut std::fmt::Formatter<'_>) -> std::result::Result<(), std::fmt::Error> { todo!() }`\n\nerror[E0369]: binary operation `==` cannot be applied to type `error::Error`\n    --> src/value/de.rs:1526:5\n     |\n1526 |     assert_eq!(result.unwrap_err(), value.invalid_type(&visitor));\n     |     ^^^^^^^^^^^^^^^^^^^^^^^^^^^^^^^^^^^^^^^^^^^^^^^^^^^^^^^^^^^^^\n     |     |\n     |     error::Error\n     |     _\n     |\nnote: an implementation of `PartialEq<_>` might be missing for `error::Error`\n    --> src/error.rs:17:1\n     |\n17   | pub struct Error {\n     | ^^^^^^^^^^^^^^^^ must implement `PartialEq<_>`\n     = note: this error originates in the macro `assert_eq` (in Nightly builds, run with -Z macro-backtrace for more info)\nhelp: consider annotating `error::Error` with `#[derive(PartialEq)]`\n    -->  src/error.rs:17:1\n     |\n17   + #[derive(PartialEq)]\n18   | pub struct Error {\n     |\n\nSome errors have detailed explanations: E0046, E0369.\nFor more information about an error, try `rustc --explain E0046`.\nwarning: `serde_json` (lib test) generated 1 warning\nerror: could not compile `serde_json` (lib test) due to 2 previous errors; 1 warning emitted\n"
                }
              ],
              "repaired": [
                false,
                false
              ]
            },
            {
              "attrs": [],
              "prefix": [
                "{",
                "    let value = Value::Bool(true);",
                "    let visitor = MyVisitor {};",
                "    let _ = value.deserialize_string(visitor);",
                "}"
              ],
              "oracles": [
                [
                  "    let value = Value::Bool(true);",
                  "    let visitor = MyVisitor {};",
                  "    assert!(value.deserialize_string(visitor).is_err());"
                ],
                [
                  "    let value = Value::Bool(true);",
                  "    let visitor = MyVisitor {};",
                  "    assert_eq!(value.deserialize_string(visitor).err().unwrap().invalid_type(&visitor).is_some(), true);"
                ]
              ],
              "codes": [
                [
                  "{",
                  "    let value = Value::Bool(true);",
                  "    let visitor = MyVisitor {};",
                  "    let _ = value.deserialize_string(visitor);",
                  "    let value = Value::Bool(true);",
                  "    let visitor = MyVisitor {};",
                  "    assert!(value.deserialize_string(visitor).is_err());",
                  "}"
                ],
                [
                  "{",
                  "    let value = Value::Bool(true);",
                  "    let visitor = MyVisitor {};",
                  "    let _ = value.deserialize_string(visitor);",
                  "    let value = Value::Bool(true);",
                  "    let visitor = MyVisitor {};",
                  "    assert_eq!(value.deserialize_string(visitor).err().unwrap().invalid_type(&visitor).is_some(), true);",
                  "}"
                ]
              ],
              "can_compile": [
                {
                  "Err": "   Compiling proc-macro2 v1.0.95\n   Compiling serde v1.0.219\n   Compiling syn v1.0.109\n   Compiling libc v0.2.172\n   Compiling serde_json v1.0.140\n   Compiling target-triple v0.1.4\n   Compiling ref-cast v1.0.24\n   Compiling rustversion v1.0.20\n   Compiling serde_json v1.0.140 (/home/abezbm/rust-utgen-test-crates-new/json)\n   Compiling psm v0.1.26\n   Compiling stacker v0.1.21\n   Compiling quote v1.0.40\n   Compiling syn v2.0.101\n   Compiling serde_derive v1.0.219\n   Compiling ref-cast-impl v1.0.24\n   Compiling automod v1.0.15\n   Compiling ntest_timeout v0.9.3\n   Compiling ntest_test_cases v0.9.3\n   Compiling ntest v0.9.3\n   Compiling toml_datetime v0.6.9\n   Compiling serde_spanned v0.6.8\n   Compiling serde_bytes v0.11.17\n   Compiling serde_stacker v0.1.12\n   Compiling toml_edit v0.22.25\n   Compiling toml v0.8.21\n   Compiling trybuild v1.0.104\nwarning: unused import: `ntest::timeout`\n    --> src/value/de.rs:1504:8\n     |\n1504 |    use ntest::timeout;\n     |        ^^^^^^^^^^^^^^\n     |\n     = note: `#[warn(unused_imports)]` on by default\n\nerror[E0046]: not all trait items implemented, missing: `expecting`\n    --> src/value/de.rs:1507:1\n     |\n1507 | impl<'de> Visitor<'de> for MyVisitor {\n     | ^^^^^^^^^^^^^^^^^^^^^^^^^^^^^^^^^^^^ missing `expecting` in implementation\n     |\n     = help: implement the missing item: `fn expecting(&self, _: &mut std::fmt::Formatter<'_>) -> std::result::Result<(), std::fmt::Error> { todo!() }`\n\nFor more information about this error, try `rustc --explain E0046`.\nwarning: `serde_json` (lib test) generated 1 warning\nerror: could not compile `serde_json` (lib test) due to 1 previous error; 1 warning emitted\n"
                },
                {
                  "Err": "   Compiling proc-macro2 v1.0.95\n   Compiling serde v1.0.219\n   Compiling syn v1.0.109\n   Compiling libc v0.2.172\n   Compiling serde_json v1.0.140\n   Compiling target-triple v0.1.4\n   Compiling ref-cast v1.0.24\n   Compiling rustversion v1.0.20\n   Compiling serde_json v1.0.140 (/home/abezbm/rust-utgen-test-crates-new/json)\n   Compiling psm v0.1.26\n   Compiling stacker v0.1.21\n   Compiling quote v1.0.40\n   Compiling syn v2.0.101\n   Compiling serde_derive v1.0.219\n   Compiling ref-cast-impl v1.0.24\n   Compiling automod v1.0.15\n   Compiling ntest_test_cases v0.9.3\n   Compiling ntest_timeout v0.9.3\n   Compiling ntest v0.9.3\n   Compiling toml_datetime v0.6.9\n   Compiling serde_spanned v0.6.8\n   Compiling serde_stacker v0.1.12\n   Compiling serde_bytes v0.11.17\n   Compiling toml_edit v0.22.25\n   Compiling toml v0.8.21\n   Compiling trybuild v1.0.104\nwarning: unused import: `ntest::timeout`\n    --> src/value/de.rs:1504:8\n     |\n1504 |    use ntest::timeout;\n     |        ^^^^^^^^^^^^^^\n     |\n     = note: `#[warn(unused_imports)]` on by default\n\nerror[E0046]: not all trait items implemented, missing: `expecting`\n    --> src/value/de.rs:1507:1\n     |\n1507 | impl<'de> Visitor<'de> for MyVisitor {\n     | ^^^^^^^^^^^^^^^^^^^^^^^^^^^^^^^^^^^^ missing `expecting` in implementation\n     |\n     = help: implement the missing item: `fn expecting(&self, _: &mut std::fmt::Formatter<'_>) -> std::result::Result<(), std::fmt::Error> { todo!() }`\n\nerror[E0599]: no method named `invalid_type` found for struct `error::Error` in the current scope\n    --> src/value/de.rs:1525:65\n     |\n1525 |     assert_eq!(value.deserialize_string(visitor).err().unwrap().invalid_type(&visitor).is_some(), true);\n     |                -----                                            ^^^^^^^^^^^^ method not found in `Error`\n     |                |\n     |                method `invalid_type` is available on `value::Value`\n     |\n    ::: src/error.rs:17:1\n     |\n17   | pub struct Error {\n     | ---------------- method `invalid_type` not found for this struct\n     |\n     = help: items from traits can only be used if the trait is implemented and in scope\n     = note: the following trait defines an item `invalid_type`, perhaps you need to implement it:\n             candidate #1: `serde::de::Error`\nhelp: trait `Error` which provides `invalid_type` is implemented but not in scope; perhaps you want to import it\n     |\n1503 +    use serde::de::Error;\n     |\n\nSome errors have detailed explanations: E0046, E0599.\nFor more information about an error, try `rustc --explain E0046`.\nwarning: `serde_json` (lib test) generated 1 warning\nerror: could not compile `serde_json` (lib test) due to 2 previous errors; 1 warning emitted\n"
                }
              ],
              "repaired": [
                false,
                false
              ]
            },
            {
              "attrs": [],
              "prefix": [
                "{",
                "    let value = Value::Number(Number { n: 0 });",
                "    let visitor = MyVisitor {};",
                "    let _ = value.deserialize_string(visitor);",
                "}"
              ],
              "oracles": [
                [
                  "    let value = Value::Number(Number { n: 0 });",
                  "    let visitor = MyVisitor {};",
                  "    let result = value.deserialize_string(visitor);",
                  "    assert!(result.is_err());"
                ],
                [
                  "    let value = Value::Number(Number { n: 0 });",
                  "    let visitor = MyVisitor {};",
                  "    let result = value.deserialize_string(visitor);",
                  "    assert_eq!(result.err().unwrap().invalid_type.call_count, 1);"
                ]
              ],
              "codes": [
                [
                  "{",
                  "    let value = Value::Number(Number { n: 0 });",
                  "    let visitor = MyVisitor {};",
                  "    let _ = value.deserialize_string(visitor);",
                  "    let value = Value::Number(Number { n: 0 });",
                  "    let visitor = MyVisitor {};",
                  "    let result = value.deserialize_string(visitor);",
                  "    assert!(result.is_err());",
                  "}"
                ],
                [
                  "{",
                  "    let value = Value::Number(Number { n: 0 });",
                  "    let visitor = MyVisitor {};",
                  "    let _ = value.deserialize_string(visitor);",
                  "    let value = Value::Number(Number { n: 0 });",
                  "    let visitor = MyVisitor {};",
                  "    let result = value.deserialize_string(visitor);",
                  "    assert_eq!(result.err().unwrap().invalid_type.call_count, 1);",
                  "}"
                ]
              ],
              "can_compile": [
                {
                  "Err": "   Compiling proc-macro2 v1.0.95\n   Compiling serde v1.0.219\n   Compiling syn v1.0.109\n   Compiling libc v0.2.172\n   Compiling serde_json v1.0.140\n   Compiling target-triple v0.1.4\n   Compiling ref-cast v1.0.24\n   Compiling rustversion v1.0.20\n   Compiling serde_json v1.0.140 (/home/abezbm/rust-utgen-test-crates-new/json)\n   Compiling psm v0.1.26\n   Compiling stacker v0.1.21\n   Compiling quote v1.0.40\n   Compiling syn v2.0.101\n   Compiling serde_derive v1.0.219\n   Compiling ref-cast-impl v1.0.24\n   Compiling automod v1.0.15\n   Compiling ntest_test_cases v0.9.3\n   Compiling ntest_timeout v0.9.3\n   Compiling ntest v0.9.3\n   Compiling serde_spanned v0.6.8\n   Compiling toml_datetime v0.6.9\n   Compiling serde_bytes v0.11.17\n   Compiling serde_stacker v0.1.12\n   Compiling toml_edit v0.22.25\n   Compiling toml v0.8.21\n   Compiling trybuild v1.0.104\nwarning: unused import: `ntest::timeout`\n    --> src/value/de.rs:1504:8\n     |\n1504 |    use ntest::timeout;\n     |        ^^^^^^^^^^^^^^\n     |\n     = note: `#[warn(unused_imports)]` on by default\n\nerror[E0046]: not all trait items implemented, missing: `expecting`\n    --> src/value/de.rs:1507:1\n     |\n1507 | impl<'de> Visitor<'de> for MyVisitor {\n     | ^^^^^^^^^^^^^^^^^^^^^^^^^^^^^^^^^^^^ missing `expecting` in implementation\n     |\n     = help: implement the missing item: `fn expecting(&self, _: &mut std::fmt::Formatter<'_>) -> std::result::Result<(), std::fmt::Error> { todo!() }`\n\nerror[E0308]: mismatched types\n    --> src/value/de.rs:1520:43\n     |\n1520 |     let value = Value::Number(Number { n: 0 });\n     |                                           ^ expected `N`, found integer\n     |\nhelp: try wrapping the expression in a variant of `N`\n     |\n1520 |     let value = Value::Number(Number { n: number::N::PosInt(0) });\n     |                                           ++++++++++++++++++ +\n1520 |     let value = Value::Number(Number { n: number::N::NegInt(0) });\n     |                                           ++++++++++++++++++ +\n\nerror[E0308]: mismatched types\n    --> src/value/de.rs:1523:43\n     |\n1523 |     let value = Value::Number(Number { n: 0 });\n     |                                           ^ expected `N`, found integer\n     |\nhelp: try wrapping the expression in a variant of `N`\n     |\n1523 |     let value = Value::Number(Number { n: number::N::PosInt(0) });\n     |                                           ++++++++++++++++++ +\n1523 |     let value = Value::Number(Number { n: number::N::NegInt(0) });\n     |                                           ++++++++++++++++++ +\n\nSome errors have detailed explanations: E0046, E0308.\nFor more information about an error, try `rustc --explain E0046`.\nwarning: `serde_json` (lib test) generated 1 warning\nerror: could not compile `serde_json` (lib test) due to 3 previous errors; 1 warning emitted\n"
                },
                {
                  "Err": "   Compiling proc-macro2 v1.0.95\n   Compiling serde v1.0.219\n   Compiling syn v1.0.109\n   Compiling libc v0.2.172\n   Compiling serde_json v1.0.140\n   Compiling target-triple v0.1.4\n   Compiling rustversion v1.0.20\n   Compiling ref-cast v1.0.24\n   Compiling serde_json v1.0.140 (/home/abezbm/rust-utgen-test-crates-new/json)\n   Compiling psm v0.1.26\n   Compiling stacker v0.1.21\n   Compiling quote v1.0.40\n   Compiling syn v2.0.101\n   Compiling serde_derive v1.0.219\n   Compiling ref-cast-impl v1.0.24\n   Compiling automod v1.0.15\n   Compiling ntest_test_cases v0.9.3\n   Compiling ntest_timeout v0.9.3\n   Compiling ntest v0.9.3\n   Compiling serde_spanned v0.6.8\n   Compiling toml_datetime v0.6.9\n   Compiling serde_bytes v0.11.17\n   Compiling serde_stacker v0.1.12\n   Compiling toml_edit v0.22.25\n   Compiling toml v0.8.21\n   Compiling trybuild v1.0.104\nwarning: unused import: `ntest::timeout`\n    --> src/value/de.rs:1504:8\n     |\n1504 |    use ntest::timeout;\n     |        ^^^^^^^^^^^^^^\n     |\n     = note: `#[warn(unused_imports)]` on by default\n\nerror[E0046]: not all trait items implemented, missing: `expecting`\n    --> src/value/de.rs:1507:1\n     |\n1507 | impl<'de> Visitor<'de> for MyVisitor {\n     | ^^^^^^^^^^^^^^^^^^^^^^^^^^^^^^^^^^^^ missing `expecting` in implementation\n     |\n     = help: implement the missing item: `fn expecting(&self, _: &mut std::fmt::Formatter<'_>) -> std::result::Result<(), std::fmt::Error> { todo!() }`\n\nerror[E0308]: mismatched types\n    --> src/value/de.rs:1520:43\n     |\n1520 |     let value = Value::Number(Number { n: 0 });\n     |                                           ^ expected `N`, found integer\n     |\nhelp: try wrapping the expression in a variant of `N`\n     |\n1520 |     let value = Value::Number(Number { n: number::N::PosInt(0) });\n     |                                           ++++++++++++++++++ +\n1520 |     let value = Value::Number(Number { n: number::N::NegInt(0) });\n     |                                           ++++++++++++++++++ +\n\nerror[E0308]: mismatched types\n    --> src/value/de.rs:1523:43\n     |\n1523 |     let value = Value::Number(Number { n: 0 });\n     |                                           ^ expected `N`, found integer\n     |\nhelp: try wrapping the expression in a variant of `N`\n     |\n1523 |     let value = Value::Number(Number { n: number::N::PosInt(0) });\n     |                                           ++++++++++++++++++ +\n1523 |     let value = Value::Number(Number { n: number::N::NegInt(0) });\n     |                                           ++++++++++++++++++ +\n\nerror[E0609]: no field `invalid_type` on type `error::Error`\n    --> src/value/de.rs:1526:38\n     |\n1526 |     assert_eq!(result.err().unwrap().invalid_type.call_count, 1);\n     |                                      ^^^^^^^^^^^^ unknown field\n\nSome errors have detailed explanations: E0046, E0308, E0609.\nFor more information about an error, try `rustc --explain E0046`.\nwarning: `serde_json` (lib test) generated 1 warning\nerror: could not compile `serde_json` (lib test) due to 4 previous errors; 1 warning emitted\n"
                }
              ],
              "repaired": [
                false,
                false
              ]
            },
            {
              "attrs": [],
              "prefix": [
                "{",
                "    let value = Value::Array(Vec::new());",
                "    let visitor = MyVisitor {};",
                "    let _ = value.deserialize_string(visitor);",
                "}"
              ],
              "oracles": [
                [
                  "    let value = Value::Array(Vec::new());",
                  "    let visitor = MyVisitor {};",
                  "    let result = value.deserialize_string(visitor);",
                  "    assert!(result.is_err());"
                ],
                [
                  "    let value = Value::Array(Vec::new());",
                  "    let visitor = MyVisitor {};",
                  "    let result = value.deserialize_string(visitor);",
                  "    assert_eq!(result.unwrap_err().invalid_type_called(), true);"
                ]
              ],
              "codes": [
                [
                  "{",
                  "    let value = Value::Array(Vec::new());",
                  "    let visitor = MyVisitor {};",
                  "    let _ = value.deserialize_string(visitor);",
                  "    let value = Value::Array(Vec::new());",
                  "    let visitor = MyVisitor {};",
                  "    let result = value.deserialize_string(visitor);",
                  "    assert!(result.is_err());",
                  "}"
                ],
                [
                  "{",
                  "    let value = Value::Array(Vec::new());",
                  "    let visitor = MyVisitor {};",
                  "    let _ = value.deserialize_string(visitor);",
                  "    let value = Value::Array(Vec::new());",
                  "    let visitor = MyVisitor {};",
                  "    let result = value.deserialize_string(visitor);",
                  "    assert_eq!(result.unwrap_err().invalid_type_called(), true);",
                  "}"
                ]
              ],
              "can_compile": [
                {
                  "Err": "   Compiling proc-macro2 v1.0.95\n   Compiling serde v1.0.219\n   Compiling syn v1.0.109\n   Compiling libc v0.2.172\n   Compiling target-triple v0.1.4\n   Compiling serde_json v1.0.140\n   Compiling rustversion v1.0.20\n   Compiling ref-cast v1.0.24\n   Compiling psm v0.1.26\n   Compiling stacker v0.1.21\n   Compiling serde_json v1.0.140 (/home/abezbm/rust-utgen-test-crates-new/json)\n   Compiling quote v1.0.40\n   Compiling syn v2.0.101\n   Compiling serde_derive v1.0.219\n   Compiling ref-cast-impl v1.0.24\n   Compiling automod v1.0.15\n   Compiling ntest_test_cases v0.9.3\n   Compiling ntest_timeout v0.9.3\n   Compiling ntest v0.9.3\n   Compiling serde_spanned v0.6.8\n   Compiling toml_datetime v0.6.9\n   Compiling serde_bytes v0.11.17\n   Compiling serde_stacker v0.1.12\n   Compiling toml_edit v0.22.25\n   Compiling toml v0.8.21\n   Compiling trybuild v1.0.104\nwarning: unused import: `ntest::timeout`\n    --> src/value/de.rs:1504:8\n     |\n1504 |    use ntest::timeout;\n     |        ^^^^^^^^^^^^^^\n     |\n     = note: `#[warn(unused_imports)]` on by default\n\nerror[E0046]: not all trait items implemented, missing: `expecting`\n    --> src/value/de.rs:1507:1\n     |\n1507 | impl<'de> Visitor<'de> for MyVisitor {\n     | ^^^^^^^^^^^^^^^^^^^^^^^^^^^^^^^^^^^^ missing `expecting` in implementation\n     |\n     = help: implement the missing item: `fn expecting(&self, _: &mut std::fmt::Formatter<'_>) -> std::result::Result<(), std::fmt::Error> { todo!() }`\n\nFor more information about this error, try `rustc --explain E0046`.\nwarning: `serde_json` (lib test) generated 1 warning\nerror: could not compile `serde_json` (lib test) due to 1 previous error; 1 warning emitted\n"
                },
                {
                  "Err": "   Compiling proc-macro2 v1.0.95\n   Compiling serde v1.0.219\n   Compiling syn v1.0.109\n   Compiling libc v0.2.172\n   Compiling target-triple v0.1.4\n   Compiling serde_json v1.0.140\n   Compiling rustversion v1.0.20\n   Compiling ref-cast v1.0.24\n   Compiling serde_json v1.0.140 (/home/abezbm/rust-utgen-test-crates-new/json)\n   Compiling psm v0.1.26\n   Compiling stacker v0.1.21\n   Compiling quote v1.0.40\n   Compiling syn v2.0.101\n   Compiling serde_derive v1.0.219\n   Compiling ref-cast-impl v1.0.24\n   Compiling automod v1.0.15\n   Compiling ntest_test_cases v0.9.3\n   Compiling ntest_timeout v0.9.3\n   Compiling ntest v0.9.3\n   Compiling serde_spanned v0.6.8\n   Compiling toml_datetime v0.6.9\n   Compiling serde_stacker v0.1.12\n   Compiling serde_bytes v0.11.17\n   Compiling toml_edit v0.22.25\n   Compiling toml v0.8.21\n   Compiling trybuild v1.0.104\nwarning: unused import: `ntest::timeout`\n    --> src/value/de.rs:1504:8\n     |\n1504 |    use ntest::timeout;\n     |        ^^^^^^^^^^^^^^\n     |\n     = note: `#[warn(unused_imports)]` on by default\n\nerror[E0046]: not all trait items implemented, missing: `expecting`\n    --> src/value/de.rs:1507:1\n     |\n1507 | impl<'de> Visitor<'de> for MyVisitor {\n     | ^^^^^^^^^^^^^^^^^^^^^^^^^^^^^^^^^^^^ missing `expecting` in implementation\n     |\n     = help: implement the missing item: `fn expecting(&self, _: &mut std::fmt::Formatter<'_>) -> std::result::Result<(), std::fmt::Error> { todo!() }`\n\nerror[E0599]: no method named `invalid_type_called` found for struct `error::Error` in the current scope\n    --> src/value/de.rs:1526:36\n     |\n1526 |     assert_eq!(result.unwrap_err().invalid_type_called(), true);\n     |                                    ^^^^^^^^^^^^^^^^^^^ method not found in `Error`\n     |\n    ::: src/error.rs:17:1\n     |\n17   | pub struct Error {\n     | ---------------- method `invalid_type_called` not found for this struct\n\nSome errors have detailed explanations: E0046, E0599.\nFor more information about an error, try `rustc --explain E0046`.\nwarning: `serde_json` (lib test) generated 1 warning\nerror: could not compile `serde_json` (lib test) due to 2 previous errors; 1 warning emitted\n"
                }
              ],
              "repaired": [
                false,
                false
              ]
            },
            {
              "attrs": [],
              "prefix": [
                "{",
                "    let value = Value::Object(Map { map: MapImpl::new() });",
                "    let visitor = MyVisitor {};",
                "    let _ = value.deserialize_string(visitor);",
                "}"
              ],
              "oracles": [
                [
                  "    let value = Value::Object(Map { map: MapImpl::new() });",
                  "    let visitor = MyVisitor {};",
                  "    let result = value.deserialize_string(visitor);",
                  "    assert!(result.is_err());"
                ],
                [
                  "    let value = Value::Object(Map { map: MapImpl::new() });",
                  "    let visitor = MyVisitor {};",
                  "    let result = value.deserialize_string(visitor);",
                  "    assert_eq!(result.err().unwrap(), value.invalid_type(&visitor));"
                ]
              ],
              "codes": [
                [
                  "{",
                  "    let value = Value::Object(Map { map: MapImpl::new() });",
                  "    let visitor = MyVisitor {};",
                  "    let _ = value.deserialize_string(visitor);",
                  "    let value = Value::Object(Map { map: MapImpl::new() });",
                  "    let visitor = MyVisitor {};",
                  "    let result = value.deserialize_string(visitor);",
                  "    assert!(result.is_err());",
                  "}"
                ],
                [
                  "{",
                  "    let value = Value::Object(Map { map: MapImpl::new() });",
                  "    let visitor = MyVisitor {};",
                  "    let _ = value.deserialize_string(visitor);",
                  "    let value = Value::Object(Map { map: MapImpl::new() });",
                  "    let visitor = MyVisitor {};",
                  "    let result = value.deserialize_string(visitor);",
                  "    assert_eq!(result.err().unwrap(), value.invalid_type(&visitor));",
                  "}"
                ]
              ],
              "can_compile": [
                {
                  "Err": "   Compiling proc-macro2 v1.0.95\n   Compiling serde v1.0.219\n   Compiling syn v1.0.109\n   Compiling libc v0.2.172\n   Compiling target-triple v0.1.4\n   Compiling serde_json v1.0.140\n   Compiling rustversion v1.0.20\n   Compiling ref-cast v1.0.24\n   Compiling serde_json v1.0.140 (/home/abezbm/rust-utgen-test-crates-new/json)\n   Compiling psm v0.1.26\n   Compiling stacker v0.1.21\n   Compiling quote v1.0.40\n   Compiling syn v2.0.101\n   Compiling serde_derive v1.0.219\n   Compiling ref-cast-impl v1.0.24\n   Compiling automod v1.0.15\n   Compiling ntest_test_cases v0.9.3\n   Compiling ntest_timeout v0.9.3\n   Compiling ntest v0.9.3\n   Compiling toml_datetime v0.6.9\n   Compiling serde_spanned v0.6.8\n   Compiling serde_stacker v0.1.12\n   Compiling serde_bytes v0.11.17\n   Compiling toml_edit v0.22.25\n   Compiling toml v0.8.21\n   Compiling trybuild v1.0.104\nerror[E0433]: failed to resolve: use of undeclared type `MapImpl`\n    --> src/value/de.rs:1520:42\n     |\n1520 |     let value = Value::Object(Map { map: MapImpl::new() });\n     |                                          ^^^^^^^ use of undeclared type `MapImpl`\n     |\nnote: type alias `crate::map::MapImpl` exists but is inaccessible\n    --> src/map.rs:34:1\n     |\n34   | type MapImpl<K, V> = BTreeMap<K, V>;\n     | ^^^^^^^^^^^^^^^^^^^^^^^^^^^^^^^^^^^^ not accessible\n\nerror[E0433]: failed to resolve: use of undeclared type `MapImpl`\n    --> src/value/de.rs:1523:42\n     |\n1523 |     let value = Value::Object(Map { map: MapImpl::new() });\n     |                                          ^^^^^^^ use of undeclared type `MapImpl`\n     |\nnote: type alias `crate::map::MapImpl` exists but is inaccessible\n    --> src/map.rs:34:1\n     |\n34   | type MapImpl<K, V> = BTreeMap<K, V>;\n     | ^^^^^^^^^^^^^^^^^^^^^^^^^^^^^^^^^^^^ not accessible\n\nwarning: unused import: `ntest::timeout`\n    --> src/value/de.rs:1504:8\n     |\n1504 |    use ntest::timeout;\n     |        ^^^^^^^^^^^^^^\n     |\n     = note: `#[warn(unused_imports)]` on by default\n\nerror[E0046]: not all trait items implemented, missing: `expecting`\n    --> src/value/de.rs:1507:1\n     |\n1507 | impl<'de> Visitor<'de> for MyVisitor {\n     | ^^^^^^^^^^^^^^^^^^^^^^^^^^^^^^^^^^^^ missing `expecting` in implementation\n     |\n     = help: implement the missing item: `fn expecting(&self, _: &mut std::fmt::Formatter<'_>) -> std::result::Result<(), std::fmt::Error> { todo!() }`\n\nSome errors have detailed explanations: E0046, E0433.\nFor more information about an error, try `rustc --explain E0046`.\nwarning: `serde_json` (lib test) generated 1 warning\nerror: could not compile `serde_json` (lib test) due to 3 previous errors; 1 warning emitted\n"
                },
                {
                  "Err": "   Compiling proc-macro2 v1.0.95\n   Compiling serde v1.0.219\n   Compiling syn v1.0.109\n   Compiling libc v0.2.172\n   Compiling target-triple v0.1.4\n   Compiling serde_json v1.0.140\n   Compiling ref-cast v1.0.24\n   Compiling rustversion v1.0.20\n   Compiling serde_json v1.0.140 (/home/abezbm/rust-utgen-test-crates-new/json)\n   Compiling psm v0.1.26\n   Compiling stacker v0.1.21\n   Compiling quote v1.0.40\n   Compiling syn v2.0.101\n   Compiling serde_derive v1.0.219\n   Compiling ref-cast-impl v1.0.24\n   Compiling automod v1.0.15\n   Compiling ntest_timeout v0.9.3\n   Compiling ntest_test_cases v0.9.3\n   Compiling ntest v0.9.3\n   Compiling toml_datetime v0.6.9\n   Compiling serde_spanned v0.6.8\n   Compiling serde_stacker v0.1.12\n   Compiling serde_bytes v0.11.17\n   Compiling toml_edit v0.22.25\n   Compiling toml v0.8.21\n   Compiling trybuild v1.0.104\nerror[E0433]: failed to resolve: use of undeclared type `MapImpl`\n    --> src/value/de.rs:1520:42\n     |\n1520 |     let value = Value::Object(Map { map: MapImpl::new() });\n     |                                          ^^^^^^^ use of undeclared type `MapImpl`\n     |\nnote: type alias `crate::map::MapImpl` exists but is inaccessible\n    --> src/map.rs:34:1\n     |\n34   | type MapImpl<K, V> = BTreeMap<K, V>;\n     | ^^^^^^^^^^^^^^^^^^^^^^^^^^^^^^^^^^^^ not accessible\n\nerror[E0433]: failed to resolve: use of undeclared type `MapImpl`\n    --> src/value/de.rs:1523:42\n     |\n1523 |     let value = Value::Object(Map { map: MapImpl::new() });\n     |                                          ^^^^^^^ use of undeclared type `MapImpl`\n     |\nnote: type alias `crate::map::MapImpl` exists but is inaccessible\n    --> src/map.rs:34:1\n     |\n34   | type MapImpl<K, V> = BTreeMap<K, V>;\n     | ^^^^^^^^^^^^^^^^^^^^^^^^^^^^^^^^^^^^ not accessible\n\nwarning: unused import: `ntest::timeout`\n    --> src/value/de.rs:1504:8\n     |\n1504 |    use ntest::timeout;\n     |        ^^^^^^^^^^^^^^\n     |\n     = note: `#[warn(unused_imports)]` on by default\n\nerror[E0046]: not all trait items implemented, missing: `expecting`\n    --> src/value/de.rs:1507:1\n     |\n1507 | impl<'de> Visitor<'de> for MyVisitor {\n     | ^^^^^^^^^^^^^^^^^^^^^^^^^^^^^^^^^^^^ missing `expecting` in implementation\n     |\n     = help: implement the missing item: `fn expecting(&self, _: &mut std::fmt::Formatter<'_>) -> std::result::Result<(), std::fmt::Error> { todo!() }`\n\nerror[E0369]: binary operation `==` cannot be applied to type `error::Error`\n    --> src/value/de.rs:1526:5\n     |\n1526 |     assert_eq!(result.err().unwrap(), value.invalid_type(&visitor));\n     |     ^^^^^^^^^^^^^^^^^^^^^^^^^^^^^^^^^^^^^^^^^^^^^^^^^^^^^^^^^^^^^^^\n     |     |\n     |     error::Error\n     |     _\n     |\nnote: an implementation of `PartialEq<_>` might be missing for `error::Error`\n    --> src/error.rs:17:1\n     |\n17   | pub struct Error {\n     | ^^^^^^^^^^^^^^^^ must implement `PartialEq<_>`\n     = note: this error originates in the macro `assert_eq` (in Nightly builds, run with -Z macro-backtrace for more info)\nhelp: consider annotating `error::Error` with `#[derive(PartialEq)]`\n    -->  src/error.rs:17:1\n     |\n17   + #[derive(PartialEq)]\n18   | pub struct Error {\n     |\n\nSome errors have detailed explanations: E0046, E0369, E0433.\nFor more information about an error, try `rustc --explain E0046`.\nwarning: `serde_json` (lib test) generated 1 warning\nerror: could not compile `serde_json` (lib test) due to 4 previous errors; 1 warning emitted\n"
                }
              ],
              "repaired": [
                false,
                false
              ]
            }
          ]
        }
      ]
    },
    {
      "chain_id": 2,
      "prompt_conds": [
        "// constraint: self matches Value::String(v) is true\n",
        "// constraint: self matches Value::String(v) is true\n"
      ],
      "input_infer": "Value::String(\"valid string testing\"), Value::String(\"another valid string\"), Value::String(\"\"), Value::String(\"special characters !@#$%^&*()\"), Value::String(\"long string with more than 255 characters followed by some text to ensure boundary limits are checked in the deserialization process. Let's see how our function handles this.\"), Value::String(\"null\")\n",
      "answers": [
        {
          "uses": [],
          "has_test_mod": false,
          "common": [],
          "chain_tests": [
            {
              "attrs": [],
              "prefix": [
                "{",
                "    let value = Value::String(\"valid string testing\".to_string());",
                "    // Assuming `Visitor` trait and its implementation exists",
                "    let visitor = MyVisitor::new(); // Replace with actual visitor implementation",
                "    let _ = value.deserialize_string(visitor);",
                "}"
              ],
              "oracles": [
                [
                  "    let value = Value::String(\"valid string testing\".to_string());",
                  "    let visitor = MyVisitor::new();",
                  "    let result = value.deserialize_string(visitor);",
                  "    assert!(result.is_ok());"
                ],
                [
                  "    let value = Value::String(\"valid string testing\".to_string());",
                  "    let visitor = MyVisitor::new();",
                  "    let result = value.deserialize_string(visitor);",
                  "    assert_eq!(result.unwrap(), \"valid string testing\");"
                ]
              ],
              "codes": [
                [
                  "{",
                  "    let value = Value::String(\"valid string testing\".to_string());",
                  "    // Assuming `Visitor` trait and its implementation exists",
                  "    let visitor = MyVisitor::new(); // Replace with actual visitor implementation",
                  "    let _ = value.deserialize_string(visitor);",
                  "    let value = Value::String(\"valid string testing\".to_string());",
                  "    let visitor = MyVisitor::new();",
                  "    let result = value.deserialize_string(visitor);",
                  "    assert!(result.is_ok());",
                  "}"
                ],
                [
                  "{",
                  "    let value = Value::String(\"valid string testing\".to_string());",
                  "    // Assuming `Visitor` trait and its implementation exists",
                  "    let visitor = MyVisitor::new(); // Replace with actual visitor implementation",
                  "    let _ = value.deserialize_string(visitor);",
                  "    let value = Value::String(\"valid string testing\".to_string());",
                  "    let visitor = MyVisitor::new();",
                  "    let result = value.deserialize_string(visitor);",
                  "    assert_eq!(result.unwrap(), \"valid string testing\");",
                  "}"
                ]
              ],
              "can_compile": [
                {
                  "Err": "   Compiling proc-macro2 v1.0.95\n   Compiling serde v1.0.219\n   Compiling syn v1.0.109\n   Compiling libc v0.2.172\n   Compiling serde_json v1.0.140\n   Compiling target-triple v0.1.4\n   Compiling rustversion v1.0.20\n   Compiling ref-cast v1.0.24\n   Compiling serde_json v1.0.140 (/home/abezbm/rust-utgen-test-crates-new/json)\n   Compiling psm v0.1.26\n   Compiling stacker v0.1.21\n   Compiling quote v1.0.40\n   Compiling syn v2.0.101\n   Compiling serde_derive v1.0.219\n   Compiling ref-cast-impl v1.0.24\n   Compiling automod v1.0.15\n   Compiling ntest_test_cases v0.9.3\n   Compiling ntest_timeout v0.9.3\n   Compiling ntest v0.9.3\n   Compiling toml_datetime v0.6.9\n   Compiling serde_spanned v0.6.8\n   Compiling serde_bytes v0.11.17\n   Compiling serde_stacker v0.1.12\n   Compiling toml_edit v0.22.25\n   Compiling toml v0.8.21\n   Compiling trybuild v1.0.104\nwarning: unused import: `ntest::timeout`\n    --> src/value/de.rs:1504:8\n     |\n1504 |    use ntest::timeout;\n     |        ^^^^^^^^^^^^^^\n     |\n     = note: `#[warn(unused_imports)]` on by default\n\nerror[E0433]: failed to resolve: use of undeclared type `MyVisitor`\n    --> src/value/de.rs:1510:19\n     |\n1510 |     let visitor = MyVisitor::new(); // Replace with actual visitor implementation\n     |                   ^^^^^^^^^\n     |                   |\n     |                   use of undeclared type `MyVisitor`\n     |                   help: a trait with a similar name exists: `Visitor`\n\nerror[E0433]: failed to resolve: use of undeclared type `MyVisitor`\n    --> src/value/de.rs:1513:19\n     |\n1513 |     let visitor = MyVisitor::new();\n     |                   ^^^^^^^^^\n     |                   |\n     |                   use of undeclared type `MyVisitor`\n     |                   help: a trait with a similar name exists: `Visitor`\n\nFor more information about this error, try `rustc --explain E0433`.\nwarning: `serde_json` (lib test) generated 1 warning\nerror: could not compile `serde_json` (lib test) due to 2 previous errors; 1 warning emitted\n"
                },
                {
                  "Err": "   Compiling proc-macro2 v1.0.95\n   Compiling serde v1.0.219\n   Compiling syn v1.0.109\n   Compiling libc v0.2.172\n   Compiling target-triple v0.1.4\n   Compiling serde_json v1.0.140\n   Compiling rustversion v1.0.20\n   Compiling ref-cast v1.0.24\n   Compiling serde_json v1.0.140 (/home/abezbm/rust-utgen-test-crates-new/json)\n   Compiling psm v0.1.26\n   Compiling stacker v0.1.21\n   Compiling quote v1.0.40\n   Compiling syn v2.0.101\n   Compiling serde_derive v1.0.219\n   Compiling ref-cast-impl v1.0.24\n   Compiling automod v1.0.15\n   Compiling ntest_test_cases v0.9.3\n   Compiling ntest_timeout v0.9.3\n   Compiling ntest v0.9.3\n   Compiling serde_spanned v0.6.8\n   Compiling toml_datetime v0.6.9\n   Compiling serde_stacker v0.1.12\n   Compiling serde_bytes v0.11.17\n   Compiling toml_edit v0.22.25\n   Compiling toml v0.8.21\n   Compiling trybuild v1.0.104\nwarning: unused import: `ntest::timeout`\n    --> src/value/de.rs:1504:8\n     |\n1504 |    use ntest::timeout;\n     |        ^^^^^^^^^^^^^^\n     |\n     = note: `#[warn(unused_imports)]` on by default\n\nerror[E0433]: failed to resolve: use of undeclared type `MyVisitor`\n    --> src/value/de.rs:1510:19\n     |\n1510 |     let visitor = MyVisitor::new(); // Replace with actual visitor implementation\n     |                   ^^^^^^^^^\n     |                   |\n     |                   use of undeclared type `MyVisitor`\n     |                   help: a trait with a similar name exists: `Visitor`\n\nerror[E0433]: failed to resolve: use of undeclared type `MyVisitor`\n    --> src/value/de.rs:1513:19\n     |\n1513 |     let visitor = MyVisitor::new();\n     |                   ^^^^^^^^^\n     |                   |\n     |                   use of undeclared type `MyVisitor`\n     |                   help: a trait with a similar name exists: `Visitor`\n\nFor more information about this error, try `rustc --explain E0433`.\nwarning: `serde_json` (lib test) generated 1 warning\nerror: could not compile `serde_json` (lib test) due to 2 previous errors; 1 warning emitted\n"
                }
              ],
              "repaired": [
                false,
                false
              ]
            },
            {
              "attrs": [],
              "prefix": [
                "{",
                "    let value = Value::String(\"another valid string\".to_string());",
                "    let visitor = MyVisitor::new(); // Replace with actual visitor implementation",
                "    let _ = value.deserialize_string(visitor);",
                "}"
              ],
              "oracles": [
                [
                  "    let value = Value::String(\"another valid string\".to_string());",
                  "    let visitor = MyVisitor::new();",
                  "    let result = value.deserialize_string(visitor);",
                  "    assert!(result.is_ok());"
                ],
                [
                  "    let value = Value::String(\"another valid string\".to_string());",
                  "    let visitor = MyVisitor::new();",
                  "    let result = value.deserialize_string(visitor);",
                  "    let string_value = result.unwrap();",
                  "    assert_eq!(string_value, \"another valid string\".to_string());"
                ]
              ],
              "codes": [
                [
                  "{",
                  "    let value = Value::String(\"another valid string\".to_string());",
                  "    let visitor = MyVisitor::new(); // Replace with actual visitor implementation",
                  "    let _ = value.deserialize_string(visitor);",
                  "    let value = Value::String(\"another valid string\".to_string());",
                  "    let visitor = MyVisitor::new();",
                  "    let result = value.deserialize_string(visitor);",
                  "    assert!(result.is_ok());",
                  "}"
                ],
                [
                  "{",
                  "    let value = Value::String(\"another valid string\".to_string());",
                  "    let visitor = MyVisitor::new(); // Replace with actual visitor implementation",
                  "    let _ = value.deserialize_string(visitor);",
                  "    let value = Value::String(\"another valid string\".to_string());",
                  "    let visitor = MyVisitor::new();",
                  "    let result = value.deserialize_string(visitor);",
                  "    let string_value = result.unwrap();",
                  "    assert_eq!(string_value, \"another valid string\".to_string());",
                  "}"
                ]
              ],
              "can_compile": [
                {
                  "Err": "   Compiling proc-macro2 v1.0.95\n   Compiling serde v1.0.219\n   Compiling syn v1.0.109\n   Compiling libc v0.2.172\n   Compiling target-triple v0.1.4\n   Compiling serde_json v1.0.140\n   Compiling ref-cast v1.0.24\n   Compiling rustversion v1.0.20\n   Compiling serde_json v1.0.140 (/home/abezbm/rust-utgen-test-crates-new/json)\n   Compiling psm v0.1.26\n   Compiling stacker v0.1.21\n   Compiling quote v1.0.40\n   Compiling syn v2.0.101\n   Compiling serde_derive v1.0.219\n   Compiling ref-cast-impl v1.0.24\n   Compiling automod v1.0.15\n   Compiling ntest_test_cases v0.9.3\n   Compiling ntest_timeout v0.9.3\n   Compiling ntest v0.9.3\n   Compiling serde_spanned v0.6.8\n   Compiling toml_datetime v0.6.9\n   Compiling serde_bytes v0.11.17\n   Compiling serde_stacker v0.1.12\n   Compiling toml_edit v0.22.25\n   Compiling toml v0.8.21\n   Compiling trybuild v1.0.104\nwarning: unused import: `ntest::timeout`\n    --> src/value/de.rs:1504:8\n     |\n1504 |    use ntest::timeout;\n     |        ^^^^^^^^^^^^^^\n     |\n     = note: `#[warn(unused_imports)]` on by default\n\nerror[E0433]: failed to resolve: use of undeclared type `MyVisitor`\n    --> src/value/de.rs:1509:19\n     |\n1509 |     let visitor = MyVisitor::new(); // Replace with actual visitor implementation\n     |                   ^^^^^^^^^\n     |                   |\n     |                   use of undeclared type `MyVisitor`\n     |                   help: a trait with a similar name exists: `Visitor`\n\nerror[E0433]: failed to resolve: use of undeclared type `MyVisitor`\n    --> src/value/de.rs:1512:19\n     |\n1512 |     let visitor = MyVisitor::new();\n     |                   ^^^^^^^^^\n     |                   |\n     |                   use of undeclared type `MyVisitor`\n     |                   help: a trait with a similar name exists: `Visitor`\n\nFor more information about this error, try `rustc --explain E0433`.\nwarning: `serde_json` (lib test) generated 1 warning\nerror: could not compile `serde_json` (lib test) due to 2 previous errors; 1 warning emitted\n"
                },
                {
                  "Err": "   Compiling proc-macro2 v1.0.95\n   Compiling serde v1.0.219\n   Compiling syn v1.0.109\n   Compiling libc v0.2.172\n   Compiling serde_json v1.0.140\n   Compiling target-triple v0.1.4\n   Compiling ref-cast v1.0.24\n   Compiling rustversion v1.0.20\n   Compiling psm v0.1.26\n   Compiling stacker v0.1.21\n   Compiling serde_json v1.0.140 (/home/abezbm/rust-utgen-test-crates-new/json)\n   Compiling quote v1.0.40\n   Compiling syn v2.0.101\n   Compiling serde_derive v1.0.219\n   Compiling ref-cast-impl v1.0.24\n   Compiling automod v1.0.15\n   Compiling ntest_test_cases v0.9.3\n   Compiling ntest_timeout v0.9.3\n   Compiling ntest v0.9.3\n   Compiling serde_spanned v0.6.8\n   Compiling toml_datetime v0.6.9\n   Compiling serde_bytes v0.11.17\n   Compiling serde_stacker v0.1.12\n   Compiling toml_edit v0.22.25\n   Compiling toml v0.8.21\n   Compiling trybuild v1.0.104\nwarning: unused import: `ntest::timeout`\n    --> src/value/de.rs:1504:8\n     |\n1504 |    use ntest::timeout;\n     |        ^^^^^^^^^^^^^^\n     |\n     = note: `#[warn(unused_imports)]` on by default\n\nerror[E0433]: failed to resolve: use of undeclared type `MyVisitor`\n    --> src/value/de.rs:1509:19\n     |\n1509 |     let visitor = MyVisitor::new(); // Replace with actual visitor implementation\n     |                   ^^^^^^^^^\n     |                   |\n     |                   use of undeclared type `MyVisitor`\n     |                   help: a trait with a similar name exists: `Visitor`\n\nerror[E0433]: failed to resolve: use of undeclared type `MyVisitor`\n    --> src/value/de.rs:1512:19\n     |\n1512 |     let visitor = MyVisitor::new();\n     |                   ^^^^^^^^^\n     |                   |\n     |                   use of undeclared type `MyVisitor`\n     |                   help: a trait with a similar name exists: `Visitor`\n\nFor more information about this error, try `rustc --explain E0433`.\nwarning: `serde_json` (lib test) generated 1 warning\nerror: could not compile `serde_json` (lib test) due to 2 previous errors; 1 warning emitted\n"
                }
              ],
              "repaired": [
                false,
                false
              ]
            },
            {
              "attrs": [],
              "prefix": [
                "{",
                "    let value = Value::String(\"\".to_string());",
                "    let visitor = MyVisitor::new(); // Replace with actual visitor implementation",
                "    let _ = value.deserialize_string(visitor);",
                "}"
              ],
              "oracles": [
                [
                  "    let value = Value::String(\"\".to_string());",
                  "    let visitor = MyVisitor::new();",
                  "    let result = value.deserialize_string(visitor);",
                  "    assert!(result.is_ok());"
                ],
                [
                  "    let value = Value::String(\"\".to_string());",
                  "    let visitor = MyVisitor::new();",
                  "    let result = value.deserialize_string(visitor);",
                  "    assert_eq!(result.unwrap(), visitor.visit_string(\"\".to_string()));"
                ]
              ],
              "codes": [
                [
                  "{",
                  "    let value = Value::String(\"\".to_string());",
                  "    let visitor = MyVisitor::new(); // Replace with actual visitor implementation",
                  "    let _ = value.deserialize_string(visitor);",
                  "    let value = Value::String(\"\".to_string());",
                  "    let visitor = MyVisitor::new();",
                  "    let result = value.deserialize_string(visitor);",
                  "    assert!(result.is_ok());",
                  "}"
                ],
                [
                  "{",
                  "    let value = Value::String(\"\".to_string());",
                  "    let visitor = MyVisitor::new(); // Replace with actual visitor implementation",
                  "    let _ = value.deserialize_string(visitor);",
                  "    let value = Value::String(\"\".to_string());",
                  "    let visitor = MyVisitor::new();",
                  "    let result = value.deserialize_string(visitor);",
                  "    assert_eq!(result.unwrap(), visitor.visit_string(\"\".to_string()));",
                  "}"
                ]
              ],
              "can_compile": [
                {
                  "Err": "   Compiling proc-macro2 v1.0.95\n   Compiling serde v1.0.219\n   Compiling syn v1.0.109\n   Compiling libc v0.2.172\n   Compiling target-triple v0.1.4\n   Compiling serde_json v1.0.140\n   Compiling rustversion v1.0.20\n   Compiling ref-cast v1.0.24\n   Compiling serde_json v1.0.140 (/home/abezbm/rust-utgen-test-crates-new/json)\n   Compiling psm v0.1.26\n   Compiling stacker v0.1.21\n   Compiling quote v1.0.40\n   Compiling syn v2.0.101\n   Compiling serde_derive v1.0.219\n   Compiling ref-cast-impl v1.0.24\n   Compiling automod v1.0.15\n   Compiling ntest_timeout v0.9.3\n   Compiling ntest_test_cases v0.9.3\n   Compiling ntest v0.9.3\n   Compiling serde_spanned v0.6.8\n   Compiling toml_datetime v0.6.9\n   Compiling serde_stacker v0.1.12\n   Compiling serde_bytes v0.11.17\n   Compiling toml_edit v0.22.25\n   Compiling toml v0.8.21\n   Compiling trybuild v1.0.104\nwarning: unused import: `ntest::timeout`\n    --> src/value/de.rs:1504:8\n     |\n1504 |    use ntest::timeout;\n     |        ^^^^^^^^^^^^^^\n     |\n     = note: `#[warn(unused_imports)]` on by default\n\nerror[E0433]: failed to resolve: use of undeclared type `MyVisitor`\n    --> src/value/de.rs:1509:19\n     |\n1509 |     let visitor = MyVisitor::new(); // Replace with actual visitor implementation\n     |                   ^^^^^^^^^\n     |                   |\n     |                   use of undeclared type `MyVisitor`\n     |                   help: a trait with a similar name exists: `Visitor`\n\nerror[E0433]: failed to resolve: use of undeclared type `MyVisitor`\n    --> src/value/de.rs:1512:19\n     |\n1512 |     let visitor = MyVisitor::new();\n     |                   ^^^^^^^^^\n     |                   |\n     |                   use of undeclared type `MyVisitor`\n     |                   help: a trait with a similar name exists: `Visitor`\n\nFor more information about this error, try `rustc --explain E0433`.\nwarning: `serde_json` (lib test) generated 1 warning\nerror: could not compile `serde_json` (lib test) due to 2 previous errors; 1 warning emitted\n"
                },
                {
                  "Err": "   Compiling proc-macro2 v1.0.95\n   Compiling serde v1.0.219\n   Compiling syn v1.0.109\n   Compiling libc v0.2.172\n   Compiling serde_json v1.0.140\n   Compiling target-triple v0.1.4\n   Compiling ref-cast v1.0.24\n   Compiling rustversion v1.0.20\n   Compiling serde_json v1.0.140 (/home/abezbm/rust-utgen-test-crates-new/json)\n   Compiling psm v0.1.26\n   Compiling stacker v0.1.21\n   Compiling quote v1.0.40\n   Compiling syn v2.0.101\n   Compiling serde_derive v1.0.219\n   Compiling ref-cast-impl v1.0.24\n   Compiling automod v1.0.15\n   Compiling ntest_test_cases v0.9.3\n   Compiling ntest_timeout v0.9.3\n   Compiling ntest v0.9.3\n   Compiling serde_spanned v0.6.8\n   Compiling toml_datetime v0.6.9\n   Compiling serde_stacker v0.1.12\n   Compiling serde_bytes v0.11.17\n   Compiling toml_edit v0.22.25\n   Compiling toml v0.8.21\n   Compiling trybuild v1.0.104\nwarning: unused import: `ntest::timeout`\n    --> src/value/de.rs:1504:8\n     |\n1504 |    use ntest::timeout;\n     |        ^^^^^^^^^^^^^^\n     |\n     = note: `#[warn(unused_imports)]` on by default\n\nerror[E0433]: failed to resolve: use of undeclared type `MyVisitor`\n    --> src/value/de.rs:1509:19\n     |\n1509 |     let visitor = MyVisitor::new(); // Replace with actual visitor implementation\n     |                   ^^^^^^^^^\n     |                   |\n     |                   use of undeclared type `MyVisitor`\n     |                   help: a trait with a similar name exists: `Visitor`\n\nerror[E0433]: failed to resolve: use of undeclared type `MyVisitor`\n    --> src/value/de.rs:1512:19\n     |\n1512 |     let visitor = MyVisitor::new();\n     |                   ^^^^^^^^^\n     |                   |\n     |                   use of undeclared type `MyVisitor`\n     |                   help: a trait with a similar name exists: `Visitor`\n\nFor more information about this error, try `rustc --explain E0433`.\nwarning: `serde_json` (lib test) generated 1 warning\nerror: could not compile `serde_json` (lib test) due to 2 previous errors; 1 warning emitted\n"
                }
              ],
              "repaired": [
                false,
                false
              ]
            },
            {
              "attrs": [],
              "prefix": [
                "{",
                "    let value = Value::String(\"special characters !@#$%^&*()\".to_string());",
                "    let visitor = MyVisitor::new(); // Replace with actual visitor implementation",
                "    let _ = value.deserialize_string(visitor);",
                "}"
              ],
              "oracles": [
                [
                  "    let value = Value::String(\"special characters !@#$%^&*()\".to_string());",
                  "    let visitor = MyVisitor::new(); // Replace with actual visitor implementation",
                  "    assert_eq!(value.deserialize_string(visitor).is_ok(), true);"
                ],
                [
                  "    let value = Value::String(\"special characters !@#$%^&*()\".to_string());",
                  "    let visitor = MyVisitor::new(); // Replace with actual visitor implementation",
                  "    let result = value.deserialize_string(visitor).unwrap();",
                  "    assert_eq!(result, \"special characters !@#$%^&*()\");"
                ]
              ],
              "codes": [
                [
                  "{",
                  "    let value = Value::String(\"special characters !@#$%^&*()\".to_string());",
                  "    let visitor = MyVisitor::new(); // Replace with actual visitor implementation",
                  "    let _ = value.deserialize_string(visitor);",
                  "    let value = Value::String(\"special characters !@#$%^&*()\".to_string());",
                  "    let visitor = MyVisitor::new(); // Replace with actual visitor implementation",
                  "    assert_eq!(value.deserialize_string(visitor).is_ok(), true);",
                  "}"
                ],
                [
                  "{",
                  "    let value = Value::String(\"special characters !@#$%^&*()\".to_string());",
                  "    let visitor = MyVisitor::new(); // Replace with actual visitor implementation",
                  "    let _ = value.deserialize_string(visitor);",
                  "    let value = Value::String(\"special characters !@#$%^&*()\".to_string());",
                  "    let visitor = MyVisitor::new(); // Replace with actual visitor implementation",
                  "    let result = value.deserialize_string(visitor).unwrap();",
                  "    assert_eq!(result, \"special characters !@#$%^&*()\");",
                  "}"
                ]
              ],
              "can_compile": [
                {
                  "Err": "   Compiling proc-macro2 v1.0.95\n   Compiling serde v1.0.219\n   Compiling syn v1.0.109\n   Compiling libc v0.2.172\n   Compiling serde_json v1.0.140\n   Compiling target-triple v0.1.4\n   Compiling ref-cast v1.0.24\n   Compiling rustversion v1.0.20\n   Compiling serde_json v1.0.140 (/home/abezbm/rust-utgen-test-crates-new/json)\n   Compiling psm v0.1.26\n   Compiling stacker v0.1.21\n   Compiling quote v1.0.40\n   Compiling syn v2.0.101\n   Compiling serde_derive v1.0.219\n   Compiling ref-cast-impl v1.0.24\n   Compiling automod v1.0.15\n   Compiling ntest_timeout v0.9.3\n   Compiling ntest_test_cases v0.9.3\n   Compiling ntest v0.9.3\n   Compiling toml_datetime v0.6.9\n   Compiling serde_spanned v0.6.8\n   Compiling serde_stacker v0.1.12\n   Compiling serde_bytes v0.11.17\n   Compiling toml_edit v0.22.25\n   Compiling toml v0.8.21\n   Compiling trybuild v1.0.104\nwarning: unused import: `ntest::timeout`\n    --> src/value/de.rs:1504:8\n     |\n1504 |    use ntest::timeout;\n     |        ^^^^^^^^^^^^^^\n     |\n     = note: `#[warn(unused_imports)]` on by default\n\nerror[E0433]: failed to resolve: use of undeclared type `MyVisitor`\n    --> src/value/de.rs:1509:19\n     |\n1509 |     let visitor = MyVisitor::new(); // Replace with actual visitor implementation\n     |                   ^^^^^^^^^\n     |                   |\n     |                   use of undeclared type `MyVisitor`\n     |                   help: a trait with a similar name exists: `Visitor`\n\nerror[E0433]: failed to resolve: use of undeclared type `MyVisitor`\n    --> src/value/de.rs:1512:19\n     |\n1512 |     let visitor = MyVisitor::new(); // Replace with actual visitor implementation\n     |                   ^^^^^^^^^\n     |                   |\n     |                   use of undeclared type `MyVisitor`\n     |                   help: a trait with a similar name exists: `Visitor`\n\nFor more information about this error, try `rustc --explain E0433`.\nwarning: `serde_json` (lib test) generated 1 warning\nerror: could not compile `serde_json` (lib test) due to 2 previous errors; 1 warning emitted\n"
                },
                {
                  "Err": "   Compiling proc-macro2 v1.0.95\n   Compiling serde v1.0.219\n   Compiling syn v1.0.109\n   Compiling libc v0.2.172\n   Compiling serde_json v1.0.140\n   Compiling target-triple v0.1.4\n   Compiling rustversion v1.0.20\n   Compiling ref-cast v1.0.24\n   Compiling serde_json v1.0.140 (/home/abezbm/rust-utgen-test-crates-new/json)\n   Compiling psm v0.1.26\n   Compiling stacker v0.1.21\n   Compiling quote v1.0.40\n   Compiling syn v2.0.101\n   Compiling serde_derive v1.0.219\n   Compiling ref-cast-impl v1.0.24\n   Compiling automod v1.0.15\n   Compiling ntest_timeout v0.9.3\n   Compiling ntest_test_cases v0.9.3\n   Compiling ntest v0.9.3\n   Compiling serde_spanned v0.6.8\n   Compiling toml_datetime v0.6.9\n   Compiling serde_stacker v0.1.12\n   Compiling serde_bytes v0.11.17\n   Compiling toml_edit v0.22.25\n   Compiling toml v0.8.21\n   Compiling trybuild v1.0.104\nwarning: unused import: `ntest::timeout`\n    --> src/value/de.rs:1504:8\n     |\n1504 |    use ntest::timeout;\n     |        ^^^^^^^^^^^^^^\n     |\n     = note: `#[warn(unused_imports)]` on by default\n\nerror[E0433]: failed to resolve: use of undeclared type `MyVisitor`\n    --> src/value/de.rs:1509:19\n     |\n1509 |     let visitor = MyVisitor::new(); // Replace with actual visitor implementation\n     |                   ^^^^^^^^^\n     |                   |\n     |                   use of undeclared type `MyVisitor`\n     |                   help: a trait with a similar name exists: `Visitor`\n\nerror[E0433]: failed to resolve: use of undeclared type `MyVisitor`\n    --> src/value/de.rs:1512:19\n     |\n1512 |     let visitor = MyVisitor::new(); // Replace with actual visitor implementation\n     |                   ^^^^^^^^^\n     |                   |\n     |                   use of undeclared type `MyVisitor`\n     |                   help: a trait with a similar name exists: `Visitor`\n\nFor more information about this error, try `rustc --explain E0433`.\nwarning: `serde_json` (lib test) generated 1 warning\nerror: could not compile `serde_json` (lib test) due to 2 previous errors; 1 warning emitted\n"
                }
              ],
              "repaired": [
                false,
                false
              ]
            },
            {
              "attrs": [],
              "prefix": [
                "{",
                "    let long_string = \"long string with more than 255 characters followed by some text to ensure boundary limits are checked in the deserialization process. Let's see how our function handles this.\".to_string();",
                "    let value = Value::String(long_string);",
                "    let visitor = MyVisitor::new(); // Replace with actual visitor implementation",
                "    let _ = value.deserialize_string(visitor);",
                "}"
              ],
              "oracles": [
                [
                  "    let long_string = \"long string with more than 255 characters followed by some text to ensure boundary limits are checked in the deserialization process. Let's see how our function handles this.\".to_string();",
                  "    let value = Value::String(long_string);",
                  "    let visitor = MyVisitor::new();",
                  "    let result = value.deserialize_string(visitor);",
                  "    assert!(result.is_ok());"
                ],
                [
                  "    let long_string = \"long string with more than 255 characters followed by some text to ensure boundary limits are checked in the deserialization process. Let's see how our function handles this.\".to_string();",
                  "    let value = Value::String(long_string);",
                  "    let visitor = MyVisitor::new();",
                  "    let result = value.deserialize_string(visitor);",
                  "    assert_eq!(result.unwrap(), visitor.visit_string(long_string));"
                ]
              ],
              "codes": [
                [
                  "{",
                  "    let long_string = \"long string with more than 255 characters followed by some text to ensure boundary limits are checked in the deserialization process. Let's see how our function handles this.\".to_string();",
                  "    let value = Value::String(long_string);",
                  "    let visitor = MyVisitor::new(); // Replace with actual visitor implementation",
                  "    let _ = value.deserialize_string(visitor);",
                  "    let long_string = \"long string with more than 255 characters followed by some text to ensure boundary limits are checked in the deserialization process. Let's see how our function handles this.\".to_string();",
                  "    let value = Value::String(long_string);",
                  "    let visitor = MyVisitor::new();",
                  "    let result = value.deserialize_string(visitor);",
                  "    assert!(result.is_ok());",
                  "}"
                ],
                [
                  "{",
                  "    let long_string = \"long string with more than 255 characters followed by some text to ensure boundary limits are checked in the deserialization process. Let's see how our function handles this.\".to_string();",
                  "    let value = Value::String(long_string);",
                  "    let visitor = MyVisitor::new(); // Replace with actual visitor implementation",
                  "    let _ = value.deserialize_string(visitor);",
                  "    let long_string = \"long string with more than 255 characters followed by some text to ensure boundary limits are checked in the deserialization process. Let's see how our function handles this.\".to_string();",
                  "    let value = Value::String(long_string);",
                  "    let visitor = MyVisitor::new();",
                  "    let result = value.deserialize_string(visitor);",
                  "    assert_eq!(result.unwrap(), visitor.visit_string(long_string));",
                  "}"
                ]
              ],
              "can_compile": [
                {
                  "Err": "   Compiling proc-macro2 v1.0.95\n   Compiling serde v1.0.219\n   Compiling syn v1.0.109\n   Compiling libc v0.2.172\n   Compiling target-triple v0.1.4\n   Compiling serde_json v1.0.140\n   Compiling ref-cast v1.0.24\n   Compiling rustversion v1.0.20\n   Compiling serde_json v1.0.140 (/home/abezbm/rust-utgen-test-crates-new/json)\n   Compiling psm v0.1.26\n   Compiling stacker v0.1.21\n   Compiling quote v1.0.40\n   Compiling syn v2.0.101\n   Compiling serde_derive v1.0.219\n   Compiling ref-cast-impl v1.0.24\n   Compiling automod v1.0.15\n   Compiling ntest_timeout v0.9.3\n   Compiling ntest_test_cases v0.9.3\n   Compiling ntest v0.9.3\n   Compiling serde_spanned v0.6.8\n   Compiling toml_datetime v0.6.9\n   Compiling serde_bytes v0.11.17\n   Compiling serde_stacker v0.1.12\n   Compiling toml_edit v0.22.25\n   Compiling toml v0.8.21\n   Compiling trybuild v1.0.104\nwarning: unused import: `ntest::timeout`\n    --> src/value/de.rs:1504:8\n     |\n1504 |    use ntest::timeout;\n     |        ^^^^^^^^^^^^^^\n     |\n     = note: `#[warn(unused_imports)]` on by default\n\nerror[E0433]: failed to resolve: use of undeclared type `MyVisitor`\n    --> src/value/de.rs:1510:19\n     |\n1510 |     let visitor = MyVisitor::new(); // Replace with actual visitor implementation\n     |                   ^^^^^^^^^\n     |                   |\n     |                   use of undeclared type `MyVisitor`\n     |                   help: a trait with a similar name exists: `Visitor`\n\nerror[E0433]: failed to resolve: use of undeclared type `MyVisitor`\n    --> src/value/de.rs:1514:19\n     |\n1514 |     let visitor = MyVisitor::new();\n     |                   ^^^^^^^^^\n     |                   |\n     |                   use of undeclared type `MyVisitor`\n     |                   help: a trait with a similar name exists: `Visitor`\n\nFor more information about this error, try `rustc --explain E0433`.\nwarning: `serde_json` (lib test) generated 1 warning\nerror: could not compile `serde_json` (lib test) due to 2 previous errors; 1 warning emitted\n"
                },
                {
                  "Err": "   Compiling proc-macro2 v1.0.95\n   Compiling serde v1.0.219\n   Compiling syn v1.0.109\n   Compiling libc v0.2.172\n   Compiling target-triple v0.1.4\n   Compiling serde_json v1.0.140\n   Compiling rustversion v1.0.20\n   Compiling ref-cast v1.0.24\n   Compiling serde_json v1.0.140 (/home/abezbm/rust-utgen-test-crates-new/json)\n   Compiling psm v0.1.26\n   Compiling stacker v0.1.21\n   Compiling quote v1.0.40\n   Compiling syn v2.0.101\n   Compiling serde_derive v1.0.219\n   Compiling ref-cast-impl v1.0.24\n   Compiling automod v1.0.15\n   Compiling ntest_timeout v0.9.3\n   Compiling ntest_test_cases v0.9.3\n   Compiling ntest v0.9.3\n   Compiling toml_datetime v0.6.9\n   Compiling serde_spanned v0.6.8\n   Compiling serde_stacker v0.1.12\n   Compiling serde_bytes v0.11.17\n   Compiling toml_edit v0.22.25\n   Compiling toml v0.8.21\n   Compiling trybuild v1.0.104\nwarning: unused import: `ntest::timeout`\n    --> src/value/de.rs:1504:8\n     |\n1504 |    use ntest::timeout;\n     |        ^^^^^^^^^^^^^^\n     |\n     = note: `#[warn(unused_imports)]` on by default\n\nerror[E0433]: failed to resolve: use of undeclared type `MyVisitor`\n    --> src/value/de.rs:1510:19\n     |\n1510 |     let visitor = MyVisitor::new(); // Replace with actual visitor implementation\n     |                   ^^^^^^^^^\n     |                   |\n     |                   use of undeclared type `MyVisitor`\n     |                   help: a trait with a similar name exists: `Visitor`\n\nerror[E0433]: failed to resolve: use of undeclared type `MyVisitor`\n    --> src/value/de.rs:1514:19\n     |\n1514 |     let visitor = MyVisitor::new();\n     |                   ^^^^^^^^^\n     |                   |\n     |                   use of undeclared type `MyVisitor`\n     |                   help: a trait with a similar name exists: `Visitor`\n\nFor more information about this error, try `rustc --explain E0433`.\nwarning: `serde_json` (lib test) generated 1 warning\nerror: could not compile `serde_json` (lib test) due to 2 previous errors; 1 warning emitted\n"
                }
              ],
              "repaired": [
                false,
                false
              ]
            },
            {
              "attrs": [],
              "prefix": [
                "{",
                "    let value = Value::String(\"null\".to_string());",
                "    let visitor = MyVisitor::new(); // Replace with actual visitor implementation",
                "    let _ = value.deserialize_string(visitor);",
                "}"
              ],
              "oracles": [
                [
                  "    let value = Value::String(\"null\".to_string());",
                  "    let visitor = MyVisitor::new();",
                  "    assert!(value.deserialize_string(visitor).is_ok());"
                ],
                [
                  "    let value = Value::String(\"null\".to_string());",
                  "    let visitor = MyVisitor::new();",
                  "    assert_eq!(value.deserialize_string(visitor), visitor.visit_string(\"null\".to_string()));"
                ]
              ],
              "codes": [
                [
                  "{",
                  "    let value = Value::String(\"null\".to_string());",
                  "    let visitor = MyVisitor::new(); // Replace with actual visitor implementation",
                  "    let _ = value.deserialize_string(visitor);",
                  "    let value = Value::String(\"null\".to_string());",
                  "    let visitor = MyVisitor::new();",
                  "    assert!(value.deserialize_string(visitor).is_ok());",
                  "}"
                ],
                [
                  "{",
                  "    let value = Value::String(\"null\".to_string());",
                  "    let visitor = MyVisitor::new(); // Replace with actual visitor implementation",
                  "    let _ = value.deserialize_string(visitor);",
                  "    let value = Value::String(\"null\".to_string());",
                  "    let visitor = MyVisitor::new();",
                  "    assert_eq!(value.deserialize_string(visitor), visitor.visit_string(\"null\".to_string()));",
                  "}"
                ]
              ],
              "can_compile": [
                {
                  "Err": "   Compiling proc-macro2 v1.0.95\n   Compiling serde v1.0.219\n   Compiling syn v1.0.109\n   Compiling libc v0.2.172\n   Compiling target-triple v0.1.4\n   Compiling serde_json v1.0.140\n   Compiling ref-cast v1.0.24\n   Compiling rustversion v1.0.20\n   Compiling serde_json v1.0.140 (/home/abezbm/rust-utgen-test-crates-new/json)\n   Compiling psm v0.1.26\n   Compiling stacker v0.1.21\n   Compiling quote v1.0.40\n   Compiling syn v2.0.101\n   Compiling serde_derive v1.0.219\n   Compiling ref-cast-impl v1.0.24\n   Compiling automod v1.0.15\n   Compiling ntest_test_cases v0.9.3\n   Compiling ntest_timeout v0.9.3\n   Compiling ntest v0.9.3\n   Compiling serde_spanned v0.6.8\n   Compiling toml_datetime v0.6.9\n   Compiling serde_bytes v0.11.17\n   Compiling serde_stacker v0.1.12\n   Compiling toml_edit v0.22.25\n   Compiling toml v0.8.21\n   Compiling trybuild v1.0.104\nwarning: unused import: `ntest::timeout`\n    --> src/value/de.rs:1504:8\n     |\n1504 |    use ntest::timeout;\n     |        ^^^^^^^^^^^^^^\n     |\n     = note: `#[warn(unused_imports)]` on by default\n\nerror[E0433]: failed to resolve: use of undeclared type `MyVisitor`\n    --> src/value/de.rs:1509:19\n     |\n1509 |     let visitor = MyVisitor::new(); // Replace with actual visitor implementation\n     |                   ^^^^^^^^^\n     |                   |\n     |                   use of undeclared type `MyVisitor`\n     |                   help: a trait with a similar name exists: `Visitor`\n\nerror[E0433]: failed to resolve: use of undeclared type `MyVisitor`\n    --> src/value/de.rs:1512:19\n     |\n1512 |     let visitor = MyVisitor::new();\n     |                   ^^^^^^^^^\n     |                   |\n     |                   use of undeclared type `MyVisitor`\n     |                   help: a trait with a similar name exists: `Visitor`\n\nFor more information about this error, try `rustc --explain E0433`.\nwarning: `serde_json` (lib test) generated 1 warning\nerror: could not compile `serde_json` (lib test) due to 2 previous errors; 1 warning emitted\n"
                },
                {
                  "Err": "   Compiling proc-macro2 v1.0.95\n   Compiling serde v1.0.219\n   Compiling syn v1.0.109\n   Compiling libc v0.2.172\n   Compiling serde_json v1.0.140\n   Compiling target-triple v0.1.4\n   Compiling rustversion v1.0.20\n   Compiling ref-cast v1.0.24\n   Compiling psm v0.1.26\n   Compiling stacker v0.1.21\n   Compiling serde_json v1.0.140 (/home/abezbm/rust-utgen-test-crates-new/json)\n   Compiling quote v1.0.40\n   Compiling syn v2.0.101\n   Compiling serde_derive v1.0.219\n   Compiling ref-cast-impl v1.0.24\n   Compiling automod v1.0.15\n   Compiling ntest_test_cases v0.9.3\n   Compiling ntest_timeout v0.9.3\n   Compiling ntest v0.9.3\n   Compiling serde_spanned v0.6.8\n   Compiling toml_datetime v0.6.9\n   Compiling serde_stacker v0.1.12\n   Compiling serde_bytes v0.11.17\n   Compiling toml_edit v0.22.25\n   Compiling toml v0.8.21\n   Compiling trybuild v1.0.104\nwarning: unused import: `ntest::timeout`\n    --> src/value/de.rs:1504:8\n     |\n1504 |    use ntest::timeout;\n     |        ^^^^^^^^^^^^^^\n     |\n     = note: `#[warn(unused_imports)]` on by default\n\nerror[E0433]: failed to resolve: use of undeclared type `MyVisitor`\n    --> src/value/de.rs:1509:19\n     |\n1509 |     let visitor = MyVisitor::new(); // Replace with actual visitor implementation\n     |                   ^^^^^^^^^\n     |                   |\n     |                   use of undeclared type `MyVisitor`\n     |                   help: a trait with a similar name exists: `Visitor`\n\nerror[E0433]: failed to resolve: use of undeclared type `MyVisitor`\n    --> src/value/de.rs:1512:19\n     |\n1512 |     let visitor = MyVisitor::new();\n     |                   ^^^^^^^^^\n     |                   |\n     |                   use of undeclared type `MyVisitor`\n     |                   help: a trait with a similar name exists: `Visitor`\n\nFor more information about this error, try `rustc --explain E0433`.\nwarning: `serde_json` (lib test) generated 1 warning\nerror: could not compile `serde_json` (lib test) due to 2 previous errors; 1 warning emitted\n"
                }
              ],
              "repaired": [
                false,
                false
              ]
            }
          ]
        }
      ]
    }
  ]
}