{
  "name": "serde_json::de::de::Deserializer<R>::parse_exponent_overflow",
  "name_with_impl": "serde_json::de::{impl#5}::parse_exponent_overflow",
  "mod_info": {
    "name": "de",
    "loc": "src/lib.rs:418:1:418:12"
  },
  "visible": false,
  "loc": "src/de.rs:859:5:874:6",
  "fn_tests": [
    {
      "chain_id": 2,
      "prompt_conds": [
        "// constraint: zero_significand is true\n",
        "// constraint: self.peek_or_null() matches core::result::Result::Ok(val) is true\n",
        "// constraint: self.peek_or_null() matches core::result::Result::Ok(val) is true\n",
        "// constraint: let b'0'..=b'9' = tri!(self.peek_or_null()) is true\n",
        "// constraint: let b'0'..=b'9' = tri!(self.peek_or_null()) is true\n",
        "// constraint: self.peek_or_null() matches core::result::Result::Err(err) is true\n",
        "// expected return value/type: core::result::Result::Err(err)\n"
      ],
      "input_infer": "zero_significand is true, positive is true, positive_exp is true; self.peek_or_null() returns Ok(b'0'), Ok(b'1'), Ok(b'9'); self.peek_or_null() also returns Err(some_error)\n",
      "answers": [
        {
          "uses": [],
          "has_test_mod": false,
          "common": [
            "struct MockRead {",
            "    data: Vec<u8>,",
            "    position: usize,",
            "}",
            "",
            "impl MockRead {",
            "    fn new(data: Vec<u8>) -> Self {",
            "        Self { data, position: 0 }",
            "    }",
            "}",
            "",
            "impl<'de> Read<'de> for MockRead {",
            "    const should_early_return_if_failed: bool = false;",
            "",
            "    fn next(&mut self) -> Result<Option<u8>> {",
            "        if self.position < self.data.len() {",
            "            let byte = self.data[self.position];",
            "            self.position += 1;",
            "            Ok(Some(byte))",
            "        } else {",
            "            Ok(None)",
            "        }",
            "    }",
            "",
            "    fn peek(&mut self) -> Result<Option<u8>> {",
            "        if self.position < self.data.len() {",
            "            Ok(Some(self.data[self.position]))",
            "        } else {",
            "            Ok(None)",
            "        }",
            "    }",
            "",
            "    fn discard(&mut self) {",
            "        self.position += 1;",
            "    }",
            "",
            "    fn position(&self) -> Position {",
            "        Position { line: 0, column: self.position }",
            "    }",
            "",
            "    fn peek_position(&self) -> Position {",
            "        Position { line: 0, column: self.position }",
            "    }",
            "",
            "    fn byte_offset(&self) -> usize {",
            "        self.position",
            "    }",
            "",
            "    fn parse_str<'s>(&'s mut self, scratch: &'s mut Vec<u8>) -> Result<Reference<'de, 's, str>> {",
            "        unimplemented!()",
            "    }",
            "",
            "    fn parse_str_raw<'s>(&'s mut self, scratch: &'s mut Vec<u8>) -> Result<Reference<'de, 's, [u8]>> {",
            "        unimplemented!()",
            "    }",
            "",
            "    fn ignore_str(&mut self) -> Result<()> {",
            "        unimplemented!()",
            "    }",
            "",
            "    fn decode_hex_escape(&mut self) -> Result<u16> {",
            "        unimplemented!()",
            "    }",
            "",
            "    #[cfg(feature = \"raw_value\")]",
            "    fn begin_raw_buffering(&mut self) {}",
            "",
            "    #[cfg(feature = \"raw_value\")]",
            "    fn end_raw_buffering<V>(&mut self, _visitor: V) -> Result<V::Value>",
            "    where",
            "        V: Visitor<'de>,",
            "    {",
            "        unimplemented!()",
            "    }",
            "",
            "    fn set_failed(&mut self, _failed: &mut bool) {}",
            "}"
          ],
          "chain_tests": [
            {
              "attrs": [],
              "prefix": [
                "{",
                "    let mut deserializer = Deserializer {",
                "        read: MockRead::new(vec![b'0', b'1', b'9']),",
                "        scratch: Vec::new(),",
                "        remaining_depth: 0,",
                "        #[cfg(feature = \"float_roundtrip\")]",
                "        single_precision: false,",
                "        #[cfg(feature = \"unbounded_depth\")]",
                "        disable_recursion_limit: false,",
                "    };",
                "    let result = deserializer.parse_exponent_overflow(true, true, true);",
                "}"
              ],
              "oracles": [
                [
                  "    let mut deserializer = Deserializer {",
                  "    read: MockRead::new(vec![b'0', b'1', b'9']),",
                  "    scratch: Vec::new(),",
                  "    remaining_depth: 0,",
                  "    #[cfg(feature = \"float_roundtrip\")]",
                  "    single_precision: false,",
                  "    #[cfg(feature = \"unbounded_depth\")]",
                  "    disable_recursion_limit: false,",
                  "    };",
                  "    let result = deserializer.parse_exponent_overflow(true, true, true);",
                  "    assert!(result.is_err());"
                ],
                [
                  "    let mut deserializer = Deserializer {",
                  "    read: MockRead::new(vec![b'0', b'1', b'9']),",
                  "    scratch: Vec::new(),",
                  "    remaining_depth: 0,",
                  "    #[cfg(feature = \"float_roundtrip\")]",
                  "    single_precision: false,",
                  "    #[cfg(feature = \"unbounded_depth\")]",
                  "    disable_recursion_limit: false,",
                  "    };",
                  "    let result = deserializer.parse_exponent_overflow(true, true, true);",
                  "    assert_eq!(result.unwrap_err().err, ErrorCode::NumberOutOfRange);"
                ]
              ],
              "codes": [
                [
                  "{",
                  "    let mut deserializer = Deserializer {",
                  "        read: MockRead::new(vec![b'0', b'1', b'9']),",
                  "        scratch: Vec::new(),",
                  "        remaining_depth: 0,",
                  "        #[cfg(feature = \"float_roundtrip\")]",
                  "        single_precision: false,",
                  "        #[cfg(feature = \"unbounded_depth\")]",
                  "        disable_recursion_limit: false,",
                  "    };",
                  "    let result = deserializer.parse_exponent_overflow(true, true, true);",
                  "    let mut deserializer = Deserializer {",
                  "    read: MockRead::new(vec![b'0', b'1', b'9']),",
                  "    scratch: Vec::new(),",
                  "    remaining_depth: 0,",
                  "    #[cfg(feature = \"float_roundtrip\")]",
                  "    single_precision: false,",
                  "    #[cfg(feature = \"unbounded_depth\")]",
                  "    disable_recursion_limit: false,",
                  "    };",
                  "    let result = deserializer.parse_exponent_overflow(true, true, true);",
                  "    assert!(result.is_err());",
                  "}"
                ],
                [
                  "{",
                  "    let mut deserializer = Deserializer {",
                  "        read: MockRead::new(vec![b'0', b'1', b'9']),",
                  "        scratch: Vec::new(),",
                  "        remaining_depth: 0,",
                  "        #[cfg(feature = \"float_roundtrip\")]",
                  "        single_precision: false,",
                  "        #[cfg(feature = \"unbounded_depth\")]",
                  "        disable_recursion_limit: false,",
                  "    };",
                  "    let result = deserializer.parse_exponent_overflow(true, true, true);",
                  "    let mut deserializer = Deserializer {",
                  "    read: MockRead::new(vec![b'0', b'1', b'9']),",
                  "    scratch: Vec::new(),",
                  "    remaining_depth: 0,",
                  "    #[cfg(feature = \"float_roundtrip\")]",
                  "    single_precision: false,",
                  "    #[cfg(feature = \"unbounded_depth\")]",
                  "    disable_recursion_limit: false,",
                  "    };",
                  "    let result = deserializer.parse_exponent_overflow(true, true, true);",
                  "    assert_eq!(result.unwrap_err().err, ErrorCode::NumberOutOfRange);",
                  "}"
                ]
              ],
              "can_compile": [
                {
                  "Err": "   Compiling proc-macro2 v1.0.95\n   Compiling serde v1.0.219\n   Compiling syn v1.0.109\n   Compiling libc v0.2.172\n   Compiling serde_json v1.0.140\n   Compiling target-triple v0.1.4\n   Compiling rustversion v1.0.20\n   Compiling ref-cast v1.0.24\n   Compiling serde_json v1.0.140 (/home/abezbm/rust-utgen-test-crates-new/json)\n   Compiling psm v0.1.26\n   Compiling stacker v0.1.21\n   Compiling quote v1.0.40\n   Compiling syn v2.0.101\n   Compiling serde_derive v1.0.219\n   Compiling ref-cast-impl v1.0.24\n   Compiling automod v1.0.15\n   Compiling ntest_test_cases v0.9.3\n   Compiling ntest_timeout v0.9.3\n   Compiling ntest v0.9.3\n   Compiling toml_datetime v0.6.9\n   Compiling serde_spanned v0.6.8\n   Compiling serde_stacker v0.1.12\n   Compiling serde_bytes v0.11.17\n   Compiling toml_edit v0.22.25\n   Compiling toml v0.8.21\n   Compiling trybuild v1.0.104\nerror[E0412]: cannot find type `Position` in this scope\n    --> src/de.rs:2743:27\n     |\n2743 |     fn position(&self) -> Position {\n     |                           ^^^^^^^^ not found in this scope\n     |\nhelp: consider importing this struct\n     |\n2705 +    use crate::read::Position;\n     |\n\nerror[E0422]: cannot find struct, variant or union type `Position` in this scope\n    --> src/de.rs:2744:9\n     |\n2744 |         Position { line: 0, column: self.position }\n     |         ^^^^^^^^ not found in this scope\n     |\nhelp: consider importing this struct\n     |\n2705 +    use crate::read::Position;\n     |\n\nerror[E0412]: cannot find type `Position` in this scope\n    --> src/de.rs:2747:32\n     |\n2747 |     fn peek_position(&self) -> Position {\n     |                                ^^^^^^^^ not found in this scope\n     |\nhelp: consider importing this struct\n     |\n2705 +    use crate::read::Position;\n     |\n\nerror[E0422]: cannot find struct, variant or union type `Position` in this scope\n    --> src/de.rs:2748:9\n     |\n2748 |         Position { line: 0, column: self.position }\n     |         ^^^^^^^^ not found in this scope\n     |\nhelp: consider importing this struct\n     |\n2705 +    use crate::read::Position;\n     |\n\nwarning: unused import: `ntest::timeout`\n    --> src/de.rs:2706:8\n     |\n2706 |    use ntest::timeout;\n     |        ^^^^^^^^^^^^^^\n     |\n     = note: `#[warn(unused_imports)]` on by default\n\nerror[E0277]: the trait bound `MockRead: read::private::Sealed` is not satisfied\n    --> src/de.rs:2718:25\n     |\n2718 | impl<'de> Read<'de> for MockRead {\n     |                         ^^^^^^^^ the trait `read::private::Sealed` is not implemented for `MockRead`\n     |\n     = help: the following other types implement trait `read::private::Sealed`:\n               &mut R\n               IoRead<R>\n               SliceRead<'a>\n               StrRead<'a>\nnote: required by a bound in `read::Read`\n    --> src/read.rs:28:22\n     |\n28   | pub trait Read<'de>: private::Sealed {\n     |                      ^^^^^^^^^^^^^^^ required by this bound in `Read`\n     = note: `Read` is a \"sealed trait\", because to implement it you also need to implement `read::private::Sealed`, which is not accessible; this is usually done to force you to use one of the provided types that already implement it\n     = help: the following types implement the trait:\n               read::IoRead<R>\n               read::SliceRead<'a>\n               read::StrRead<'a>\n               &mut R\n\nwarning: unused variable: `scratch`\n    --> src/de.rs:2755:36\n     |\n2755 |     fn parse_str<'s>(&'s mut self, scratch: &'s mut Vec<u8>) -> Result<Reference<'de, 's, str>> {\n     |                                    ^^^^^^^ help: if this is intentional, prefix it with an underscore: `_scratch`\n     |\n     = note: `#[warn(unused_variables)]` on by default\n\nwarning: unused variable: `scratch`\n    --> src/de.rs:2759:40\n     |\n2759 |     fn parse_str_raw<'s>(&'s mut self, scratch: &'s mut Vec<u8>) -> Result<Reference<'de, 's, [u8]>> {\n     |                                        ^^^^^^^ help: if this is intentional, prefix it with an underscore: `_scratch`\n\nwarning: unused variable: `result`\n    --> src/de.rs:2797:9\n     |\n2797 |     let result = deserializer.parse_exponent_overflow(true, true, true);\n     |         ^^^^^^ help: if this is intentional, prefix it with an underscore: `_result`\n\nSome errors have detailed explanations: E0277, E0412, E0422.\nFor more information about an error, try `rustc --explain E0277`.\nwarning: `serde_json` (lib test) generated 4 warnings\nerror: could not compile `serde_json` (lib test) due to 5 previous errors; 4 warnings emitted\n"
                },
                {
                  "Err": "   Compiling proc-macro2 v1.0.95\n   Compiling serde v1.0.219\n   Compiling syn v1.0.109\n   Compiling libc v0.2.172\n   Compiling target-triple v0.1.4\n   Compiling serde_json v1.0.140\n   Compiling ref-cast v1.0.24\n   Compiling rustversion v1.0.20\n   Compiling serde_json v1.0.140 (/home/abezbm/rust-utgen-test-crates-new/json)\n   Compiling psm v0.1.26\n   Compiling stacker v0.1.21\n   Compiling quote v1.0.40\n   Compiling syn v2.0.101\n   Compiling serde_derive v1.0.219\n   Compiling ref-cast-impl v1.0.24\n   Compiling automod v1.0.15\n   Compiling ntest_timeout v0.9.3\n   Compiling ntest_test_cases v0.9.3\n   Compiling ntest v0.9.3\n   Compiling toml_datetime v0.6.9\n   Compiling serde_spanned v0.6.8\n   Compiling serde_bytes v0.11.17\n   Compiling serde_stacker v0.1.12\n   Compiling toml_edit v0.22.25\n   Compiling toml v0.8.21\n   Compiling trybuild v1.0.104\nerror[E0412]: cannot find type `Position` in this scope\n    --> src/de.rs:2743:27\n     |\n2743 |     fn position(&self) -> Position {\n     |                           ^^^^^^^^ not found in this scope\n     |\nhelp: consider importing this struct\n     |\n2705 +    use crate::read::Position;\n     |\n\nerror[E0422]: cannot find struct, variant or union type `Position` in this scope\n    --> src/de.rs:2744:9\n     |\n2744 |         Position { line: 0, column: self.position }\n     |         ^^^^^^^^ not found in this scope\n     |\nhelp: consider importing this struct\n     |\n2705 +    use crate::read::Position;\n     |\n\nerror[E0412]: cannot find type `Position` in this scope\n    --> src/de.rs:2747:32\n     |\n2747 |     fn peek_position(&self) -> Position {\n     |                                ^^^^^^^^ not found in this scope\n     |\nhelp: consider importing this struct\n     |\n2705 +    use crate::read::Position;\n     |\n\nerror[E0422]: cannot find struct, variant or union type `Position` in this scope\n    --> src/de.rs:2748:9\n     |\n2748 |         Position { line: 0, column: self.position }\n     |         ^^^^^^^^ not found in this scope\n     |\nhelp: consider importing this struct\n     |\n2705 +    use crate::read::Position;\n     |\n\nwarning: unused import: `ntest::timeout`\n    --> src/de.rs:2706:8\n     |\n2706 |    use ntest::timeout;\n     |        ^^^^^^^^^^^^^^\n     |\n     = note: `#[warn(unused_imports)]` on by default\n\nerror[E0277]: the trait bound `MockRead: read::private::Sealed` is not satisfied\n    --> src/de.rs:2718:25\n     |\n2718 | impl<'de> Read<'de> for MockRead {\n     |                         ^^^^^^^^ the trait `read::private::Sealed` is not implemented for `MockRead`\n     |\n     = help: the following other types implement trait `read::private::Sealed`:\n               &mut R\n               IoRead<R>\n               SliceRead<'a>\n               StrRead<'a>\nnote: required by a bound in `read::Read`\n    --> src/read.rs:28:22\n     |\n28   | pub trait Read<'de>: private::Sealed {\n     |                      ^^^^^^^^^^^^^^^ required by this bound in `Read`\n     = note: `Read` is a \"sealed trait\", because to implement it you also need to implement `read::private::Sealed`, which is not accessible; this is usually done to force you to use one of the provided types that already implement it\n     = help: the following types implement the trait:\n               read::IoRead<R>\n               read::SliceRead<'a>\n               read::StrRead<'a>\n               &mut R\n\nerror[E0616]: field `err` of struct `error::Error` is private\n    --> src/de.rs:2808:36\n     |\n2808 |     assert_eq!(result.unwrap_err().err, ErrorCode::NumberOutOfRange);\n     |                                    ^^^ private field\n\nwarning: unused variable: `scratch`\n    --> src/de.rs:2755:36\n     |\n2755 |     fn parse_str<'s>(&'s mut self, scratch: &'s mut Vec<u8>) -> Result<Reference<'de, 's, str>> {\n     |                                    ^^^^^^^ help: if this is intentional, prefix it with an underscore: `_scratch`\n     |\n     = note: `#[warn(unused_variables)]` on by default\n\nwarning: unused variable: `scratch`\n    --> src/de.rs:2759:40\n     |\n2759 |     fn parse_str_raw<'s>(&'s mut self, scratch: &'s mut Vec<u8>) -> Result<Reference<'de, 's, [u8]>> {\n     |                                        ^^^^^^^ help: if this is intentional, prefix it with an underscore: `_scratch`\n\nSome errors have detailed explanations: E0277, E0412, E0422, E0616.\nFor more information about an error, try `rustc --explain E0277`.\nwarning: `serde_json` (lib test) generated 3 warnings\nerror: could not compile `serde_json` (lib test) due to 6 previous errors; 3 warnings emitted\n"
                }
              ],
              "repaired": [
                false,
                false
              ]
            },
            {
              "attrs": [],
              "prefix": [
                "{",
                "    let mut deserializer = Deserializer {",
                "        read: MockRead::new(vec![b'0', b'0', b'0']),",
                "        scratch: Vec::new(),",
                "        remaining_depth: 0,",
                "        #[cfg(feature = \"float_roundtrip\")]",
                "        single_precision: false,",
                "        #[cfg(feature = \"unbounded_depth\")]",
                "        disable_recursion_limit: false,",
                "    };",
                "    let result = deserializer.parse_exponent_overflow(true, true, true);",
                "}"
              ],
              "oracles": [
                [
                  "    let mut deserializer = Deserializer { read: MockRead::new(vec![b'0', b'0', b'0']), scratch: Vec::new(), remaining_depth: 0, #[cfg(feature = \"float_roundtrip\")] single_precision: false, #[cfg(feature = \"unbounded_depth\")] disable_recursion_limit: false, };",
                  "    assert_eq!(result, Err(Error::syntax(ErrorCode::NumberOutOfRange, deserializer.read.position().line, deserializer.read.position().column)));"
                ]
              ],
              "codes": [
                [
                  "{",
                  "    let mut deserializer = Deserializer {",
                  "        read: MockRead::new(vec![b'0', b'0', b'0']),",
                  "        scratch: Vec::new(),",
                  "        remaining_depth: 0,",
                  "        #[cfg(feature = \"float_roundtrip\")]",
                  "        single_precision: false,",
                  "        #[cfg(feature = \"unbounded_depth\")]",
                  "        disable_recursion_limit: false,",
                  "    };",
                  "    let result = deserializer.parse_exponent_overflow(true, true, true);",
                  "    let mut deserializer = Deserializer { read: MockRead::new(vec![b'0', b'0', b'0']), scratch: Vec::new(), remaining_depth: 0, #[cfg(feature = \"float_roundtrip\")] single_precision: false, #[cfg(feature = \"unbounded_depth\")] disable_recursion_limit: false, };",
                  "    assert_eq!(result, Err(Error::syntax(ErrorCode::NumberOutOfRange, deserializer.read.position().line, deserializer.read.position().column)));",
                  "}"
                ]
              ],
              "can_compile": [
                {
                  "Err": "   Compiling proc-macro2 v1.0.95\n   Compiling serde v1.0.219\n   Compiling syn v1.0.109\n   Compiling libc v0.2.172\n   Compiling target-triple v0.1.4\n   Compiling serde_json v1.0.140\n   Compiling ref-cast v1.0.24\n   Compiling rustversion v1.0.20\n   Compiling serde_json v1.0.140 (/home/abezbm/rust-utgen-test-crates-new/json)\n   Compiling psm v0.1.26\n   Compiling stacker v0.1.21\n   Compiling quote v1.0.40\n   Compiling syn v2.0.101\n   Compiling serde_derive v1.0.219\n   Compiling ref-cast-impl v1.0.24\n   Compiling automod v1.0.15\n   Compiling ntest_test_cases v0.9.3\n   Compiling ntest_timeout v0.9.3\n   Compiling ntest v0.9.3\n   Compiling toml_datetime v0.6.9\n   Compiling serde_spanned v0.6.8\n   Compiling serde_stacker v0.1.12\n   Compiling serde_bytes v0.11.17\n   Compiling toml_edit v0.22.25\n   Compiling toml v0.8.21\n   Compiling trybuild v1.0.104\nerror[E0412]: cannot find type `Position` in this scope\n    --> src/de.rs:2743:27\n     |\n2743 |     fn position(&self) -> Position {\n     |                           ^^^^^^^^ not found in this scope\n     |\nhelp: consider importing this struct\n     |\n2705 +    use crate::read::Position;\n     |\n\nerror[E0422]: cannot find struct, variant or union type `Position` in this scope\n    --> src/de.rs:2744:9\n     |\n2744 |         Position { line: 0, column: self.position }\n     |         ^^^^^^^^ not found in this scope\n     |\nhelp: consider importing this struct\n     |\n2705 +    use crate::read::Position;\n     |\n\nerror[E0412]: cannot find type `Position` in this scope\n    --> src/de.rs:2747:32\n     |\n2747 |     fn peek_position(&self) -> Position {\n     |                                ^^^^^^^^ not found in this scope\n     |\nhelp: consider importing this struct\n     |\n2705 +    use crate::read::Position;\n     |\n\nerror[E0422]: cannot find struct, variant or union type `Position` in this scope\n    --> src/de.rs:2748:9\n     |\n2748 |         Position { line: 0, column: self.position }\n     |         ^^^^^^^^ not found in this scope\n     |\nhelp: consider importing this struct\n     |\n2705 +    use crate::read::Position;\n     |\n\nwarning: unused import: `ntest::timeout`\n    --> src/de.rs:2706:8\n     |\n2706 |    use ntest::timeout;\n     |        ^^^^^^^^^^^^^^\n     |\n     = note: `#[warn(unused_imports)]` on by default\n\nerror[E0277]: the trait bound `MockRead: read::private::Sealed` is not satisfied\n    --> src/de.rs:2718:25\n     |\n2718 | impl<'de> Read<'de> for MockRead {\n     |                         ^^^^^^^^ the trait `read::private::Sealed` is not implemented for `MockRead`\n     |\n     = help: the following other types implement trait `read::private::Sealed`:\n               &mut R\n               IoRead<R>\n               SliceRead<'a>\n               StrRead<'a>\nnote: required by a bound in `read::Read`\n    --> src/read.rs:28:22\n     |\n28   | pub trait Read<'de>: private::Sealed {\n     |                      ^^^^^^^^^^^^^^^ required by this bound in `Read`\n     = note: `Read` is a \"sealed trait\", because to implement it you also need to implement `read::private::Sealed`, which is not accessible; this is usually done to force you to use one of the provided types that already implement it\n     = help: the following types implement the trait:\n               read::IoRead<R>\n               read::SliceRead<'a>\n               read::StrRead<'a>\n               &mut R\n\nerror[E0277]: the trait bound `MockRead: read::private::Sealed` is not satisfied\n    --> src/de.rs:2799:89\n     |\n2799 | ...utOfRange, deserializer.read.position().line, deserializer.read.position().column)));\n     |                                 ^^^^^^^^ the trait `read::private::Sealed` is not implemented for `MockRead`\n     |\nnote: required by a bound in `read::Read::position`\n    --> src/read.rs:28:22\n     |\n28   | pub trait Read<'de>: private::Sealed {\n     |                      ^^^^^^^^^^^^^^^ required by this bound in `Read::position`\n...\n46   |     fn position(&self) -> Position;\n     |        -------- required by a bound in this associated function\nhelp: consider mutably borrowing here\n     |\n2799 |     assert_eq!(result, Err(Error::syntax(ErrorCode::NumberOutOfRange, (&mut deserializer.read).position().line, deserializer.read.position().column)));\n     |                                                                       +++++                  +\n\nerror[E0277]: the trait bound `MockRead: read::private::Sealed` is not satisfied\n    --> src/de.rs:2799:124\n     |\n2799 | ...on().line, deserializer.read.position().column)));\n     |                                 ^^^^^^^^ the trait `read::private::Sealed` is not implemented for `MockRead`\n     |\nnote: required by a bound in `read::Read::position`\n    --> src/read.rs:28:22\n     |\n28   | pub trait Read<'de>: private::Sealed {\n     |                      ^^^^^^^^^^^^^^^ required by this bound in `Read::position`\n...\n46   |     fn position(&self) -> Position;\n     |        -------- required by a bound in this associated function\nhelp: consider mutably borrowing here\n     |\n2799 |     assert_eq!(result, Err(Error::syntax(ErrorCode::NumberOutOfRange, deserializer.read.position().line, (&mut deserializer.read).position().column)));\n     |                                                                                                          +++++                  +\n\nerror[E0369]: binary operation `==` cannot be applied to type `std::result::Result<f64, error::Error>`\n    --> src/de.rs:2799:5\n     |\n2799 |     assert_eq!(result, Err(Error::syntax(ErrorCode::NumberOutOfRange, deserializer.read.position().line, deserializer.read.position().column)...\n     |     ^^^^^^^^^^^^^^^^^^^^^^^^^^^^^^^^^^^^^^^^^^^^^^^^^^^^^^^^^^^^^^^^^^^^^^^^^^^^^^^^^^^^^^^^^^^^^^^^^^^^^^^^^^^^^^^^^^^^^^^^^^^^^^^^^^^^^^^^^^^\n     |     |\n     |     std::result::Result<f64, error::Error>\n     |     std::result::Result<f64, error::Error>\n     |\nnote: an implementation of `PartialEq` might be missing for `error::Error`\n    --> src/error.rs:17:1\n     |\n17   | pub struct Error {\n     | ^^^^^^^^^^^^^^^^ must implement `PartialEq`\n     = note: this error originates in the macro `assert_eq` (in Nightly builds, run with -Z macro-backtrace for more info)\nhelp: consider annotating `error::Error` with `#[derive(PartialEq)]`\n    -->  src/error.rs:17:1\n     |\n17   + #[derive(PartialEq)]\n18   | pub struct Error {\n     |\n\nwarning: unused variable: `scratch`\n    --> src/de.rs:2755:36\n     |\n2755 |     fn parse_str<'s>(&'s mut self, scratch: &'s mut Vec<u8>) -> Result<Reference<'de, 's, str>> {\n     |                                    ^^^^^^^ help: if this is intentional, prefix it with an underscore: `_scratch`\n     |\n     = note: `#[warn(unused_variables)]` on by default\n\nwarning: unused variable: `scratch`\n    --> src/de.rs:2759:40\n     |\n2759 |     fn parse_str_raw<'s>(&'s mut self, scratch: &'s mut Vec<u8>) -> Result<Reference<'de, 's, [u8]>> {\n     |                                        ^^^^^^^ help: if this is intentional, prefix it with an underscore: `_scratch`\n\nSome errors have detailed explanations: E0277, E0369, E0412, E0422.\nFor more information about an error, try `rustc --explain E0277`.\nwarning: `serde_json` (lib test) generated 3 warnings\nerror: could not compile `serde_json` (lib test) due to 8 previous errors; 3 warnings emitted\n"
                }
              ],
              "repaired": [
                false
              ]
            },
            {
              "attrs": [],
              "prefix": [
                "{",
                "    let mut deserializer = Deserializer {",
                "        read: MockRead::new(vec![b'0']),",
                "        scratch: Vec::new(),",
                "        remaining_depth: 0,",
                "        #[cfg(feature = \"float_roundtrip\")]",
                "        single_precision: false,",
                "        #[cfg(feature = \"unbounded_depth\")]",
                "        disable_recursion_limit: false,",
                "    };",
                "    let result = deserializer.parse_exponent_overflow(true, true, true);",
                "}"
              ],
              "oracles": [
                [
                  "    let mut deserializer = Deserializer { read: MockRead::new(vec![b'0']), scratch: Vec::new(), remaining_depth: 0, #[cfg(feature = \"float_roundtrip\")] single_precision: false, #[cfg(feature = \"unbounded_depth\")] disable_recursion_limit: false, };",
                  "    let result = deserializer.parse_exponent_overflow(true, true, true);",
                  "    assert!(result.is_err());"
                ],
                [
                  "    let mut deserializer = Deserializer { read: MockRead::new(vec![b'0']), scratch: Vec::new(), remaining_depth: 0, #[cfg(feature = \"float_roundtrip\")] single_precision: false, #[cfg(feature = \"unbounded_depth\")] disable_recursion_limit: false, };",
                  "    let result = deserializer.parse_exponent_overflow(true, true, true);",
                  "    assert_eq!(result.unwrap_err().err, ErrorCode::NumberOutOfRange);"
                ]
              ],
              "codes": [
                [
                  "{",
                  "    let mut deserializer = Deserializer {",
                  "        read: MockRead::new(vec![b'0']),",
                  "        scratch: Vec::new(),",
                  "        remaining_depth: 0,",
                  "        #[cfg(feature = \"float_roundtrip\")]",
                  "        single_precision: false,",
                  "        #[cfg(feature = \"unbounded_depth\")]",
                  "        disable_recursion_limit: false,",
                  "    };",
                  "    let result = deserializer.parse_exponent_overflow(true, true, true);",
                  "    let mut deserializer = Deserializer { read: MockRead::new(vec![b'0']), scratch: Vec::new(), remaining_depth: 0, #[cfg(feature = \"float_roundtrip\")] single_precision: false, #[cfg(feature = \"unbounded_depth\")] disable_recursion_limit: false, };",
                  "    let result = deserializer.parse_exponent_overflow(true, true, true);",
                  "    assert!(result.is_err());",
                  "}"
                ],
                [
                  "{",
                  "    let mut deserializer = Deserializer {",
                  "        read: MockRead::new(vec![b'0']),",
                  "        scratch: Vec::new(),",
                  "        remaining_depth: 0,",
                  "        #[cfg(feature = \"float_roundtrip\")]",
                  "        single_precision: false,",
                  "        #[cfg(feature = \"unbounded_depth\")]",
                  "        disable_recursion_limit: false,",
                  "    };",
                  "    let result = deserializer.parse_exponent_overflow(true, true, true);",
                  "    let mut deserializer = Deserializer { read: MockRead::new(vec![b'0']), scratch: Vec::new(), remaining_depth: 0, #[cfg(feature = \"float_roundtrip\")] single_precision: false, #[cfg(feature = \"unbounded_depth\")] disable_recursion_limit: false, };",
                  "    let result = deserializer.parse_exponent_overflow(true, true, true);",
                  "    assert_eq!(result.unwrap_err().err, ErrorCode::NumberOutOfRange);",
                  "}"
                ]
              ],
              "can_compile": [
                {
                  "Err": "   Compiling proc-macro2 v1.0.95\n   Compiling serde v1.0.219\n   Compiling syn v1.0.109\n   Compiling libc v0.2.172\n   Compiling serde_json v1.0.140\n   Compiling target-triple v0.1.4\n   Compiling ref-cast v1.0.24\n   Compiling rustversion v1.0.20\n   Compiling serde_json v1.0.140 (/home/abezbm/rust-utgen-test-crates-new/json)\n   Compiling psm v0.1.26\n   Compiling stacker v0.1.21\n   Compiling quote v1.0.40\n   Compiling syn v2.0.101\n   Compiling serde_derive v1.0.219\n   Compiling ref-cast-impl v1.0.24\n   Compiling automod v1.0.15\n   Compiling ntest_test_cases v0.9.3\n   Compiling ntest_timeout v0.9.3\n   Compiling ntest v0.9.3\n   Compiling toml_datetime v0.6.9\n   Compiling serde_spanned v0.6.8\n   Compiling serde_stacker v0.1.12\n   Compiling serde_bytes v0.11.17\n   Compiling toml_edit v0.22.25\n   Compiling toml v0.8.21\n   Compiling trybuild v1.0.104\nerror[E0412]: cannot find type `Position` in this scope\n    --> src/de.rs:2743:27\n     |\n2743 |     fn position(&self) -> Position {\n     |                           ^^^^^^^^ not found in this scope\n     |\nhelp: consider importing this struct\n     |\n2705 +    use crate::read::Position;\n     |\n\nerror[E0422]: cannot find struct, variant or union type `Position` in this scope\n    --> src/de.rs:2744:9\n     |\n2744 |         Position { line: 0, column: self.position }\n     |         ^^^^^^^^ not found in this scope\n     |\nhelp: consider importing this struct\n     |\n2705 +    use crate::read::Position;\n     |\n\nerror[E0412]: cannot find type `Position` in this scope\n    --> src/de.rs:2747:32\n     |\n2747 |     fn peek_position(&self) -> Position {\n     |                                ^^^^^^^^ not found in this scope\n     |\nhelp: consider importing this struct\n     |\n2705 +    use crate::read::Position;\n     |\n\nerror[E0422]: cannot find struct, variant or union type `Position` in this scope\n    --> src/de.rs:2748:9\n     |\n2748 |         Position { line: 0, column: self.position }\n     |         ^^^^^^^^ not found in this scope\n     |\nhelp: consider importing this struct\n     |\n2705 +    use crate::read::Position;\n     |\n\nwarning: unused import: `ntest::timeout`\n    --> src/de.rs:2706:8\n     |\n2706 |    use ntest::timeout;\n     |        ^^^^^^^^^^^^^^\n     |\n     = note: `#[warn(unused_imports)]` on by default\n\nerror[E0277]: the trait bound `MockRead: read::private::Sealed` is not satisfied\n    --> src/de.rs:2718:25\n     |\n2718 | impl<'de> Read<'de> for MockRead {\n     |                         ^^^^^^^^ the trait `read::private::Sealed` is not implemented for `MockRead`\n     |\n     = help: the following other types implement trait `read::private::Sealed`:\n               &mut R\n               IoRead<R>\n               SliceRead<'a>\n               StrRead<'a>\nnote: required by a bound in `read::Read`\n    --> src/read.rs:28:22\n     |\n28   | pub trait Read<'de>: private::Sealed {\n     |                      ^^^^^^^^^^^^^^^ required by this bound in `Read`\n     = note: `Read` is a \"sealed trait\", because to implement it you also need to implement `read::private::Sealed`, which is not accessible; this is usually done to force you to use one of the provided types that already implement it\n     = help: the following types implement the trait:\n               read::IoRead<R>\n               read::SliceRead<'a>\n               read::StrRead<'a>\n               &mut R\n\nwarning: unused variable: `scratch`\n    --> src/de.rs:2755:36\n     |\n2755 |     fn parse_str<'s>(&'s mut self, scratch: &'s mut Vec<u8>) -> Result<Reference<'de, 's, str>> {\n     |                                    ^^^^^^^ help: if this is intentional, prefix it with an underscore: `_scratch`\n     |\n     = note: `#[warn(unused_variables)]` on by default\n\nwarning: unused variable: `scratch`\n    --> src/de.rs:2759:40\n     |\n2759 |     fn parse_str_raw<'s>(&'s mut self, scratch: &'s mut Vec<u8>) -> Result<Reference<'de, 's, [u8]>> {\n     |                                        ^^^^^^^ help: if this is intentional, prefix it with an underscore: `_scratch`\n\nwarning: unused variable: `result`\n    --> src/de.rs:2797:9\n     |\n2797 |     let result = deserializer.parse_exponent_overflow(true, true, true);\n     |         ^^^^^^ help: if this is intentional, prefix it with an underscore: `_result`\n\nSome errors have detailed explanations: E0277, E0412, E0422.\nFor more information about an error, try `rustc --explain E0277`.\nwarning: `serde_json` (lib test) generated 4 warnings\nerror: could not compile `serde_json` (lib test) due to 5 previous errors; 4 warnings emitted\n"
                },
                {
                  "Err": "   Compiling proc-macro2 v1.0.95\n   Compiling serde v1.0.219\n   Compiling syn v1.0.109\n   Compiling libc v0.2.172\n   Compiling target-triple v0.1.4\n   Compiling serde_json v1.0.140\n   Compiling rustversion v1.0.20\n   Compiling ref-cast v1.0.24\n   Compiling serde_json v1.0.140 (/home/abezbm/rust-utgen-test-crates-new/json)\n   Compiling psm v0.1.26\n   Compiling stacker v0.1.21\n   Compiling quote v1.0.40\n   Compiling syn v2.0.101\n   Compiling serde_derive v1.0.219\n   Compiling ref-cast-impl v1.0.24\n   Compiling automod v1.0.15\n   Compiling ntest_test_cases v0.9.3\n   Compiling ntest_timeout v0.9.3\n   Compiling ntest v0.9.3\n   Compiling serde_spanned v0.6.8\n   Compiling toml_datetime v0.6.9\n   Compiling serde_stacker v0.1.12\n   Compiling serde_bytes v0.11.17\n   Compiling toml_edit v0.22.25\n   Compiling toml v0.8.21\n   Compiling trybuild v1.0.104\nerror[E0412]: cannot find type `Position` in this scope\n    --> src/de.rs:2743:27\n     |\n2743 |     fn position(&self) -> Position {\n     |                           ^^^^^^^^ not found in this scope\n     |\nhelp: consider importing this struct\n     |\n2705 +    use crate::read::Position;\n     |\n\nerror[E0422]: cannot find struct, variant or union type `Position` in this scope\n    --> src/de.rs:2744:9\n     |\n2744 |         Position { line: 0, column: self.position }\n     |         ^^^^^^^^ not found in this scope\n     |\nhelp: consider importing this struct\n     |\n2705 +    use crate::read::Position;\n     |\n\nerror[E0412]: cannot find type `Position` in this scope\n    --> src/de.rs:2747:32\n     |\n2747 |     fn peek_position(&self) -> Position {\n     |                                ^^^^^^^^ not found in this scope\n     |\nhelp: consider importing this struct\n     |\n2705 +    use crate::read::Position;\n     |\n\nerror[E0422]: cannot find struct, variant or union type `Position` in this scope\n    --> src/de.rs:2748:9\n     |\n2748 |         Position { line: 0, column: self.position }\n     |         ^^^^^^^^ not found in this scope\n     |\nhelp: consider importing this struct\n     |\n2705 +    use crate::read::Position;\n     |\n\nwarning: unused import: `ntest::timeout`\n    --> src/de.rs:2706:8\n     |\n2706 |    use ntest::timeout;\n     |        ^^^^^^^^^^^^^^\n     |\n     = note: `#[warn(unused_imports)]` on by default\n\nerror[E0277]: the trait bound `MockRead: read::private::Sealed` is not satisfied\n    --> src/de.rs:2718:25\n     |\n2718 | impl<'de> Read<'de> for MockRead {\n     |                         ^^^^^^^^ the trait `read::private::Sealed` is not implemented for `MockRead`\n     |\n     = help: the following other types implement trait `read::private::Sealed`:\n               &mut R\n               IoRead<R>\n               SliceRead<'a>\n               StrRead<'a>\nnote: required by a bound in `read::Read`\n    --> src/read.rs:28:22\n     |\n28   | pub trait Read<'de>: private::Sealed {\n     |                      ^^^^^^^^^^^^^^^ required by this bound in `Read`\n     = note: `Read` is a \"sealed trait\", because to implement it you also need to implement `read::private::Sealed`, which is not accessible; this is usually done to force you to use one of the provided types that already implement it\n     = help: the following types implement the trait:\n               read::IoRead<R>\n               read::SliceRead<'a>\n               read::StrRead<'a>\n               &mut R\n\nerror[E0616]: field `err` of struct `error::Error` is private\n    --> src/de.rs:2800:36\n     |\n2800 |     assert_eq!(result.unwrap_err().err, ErrorCode::NumberOutOfRange);\n     |                                    ^^^ private field\n\nwarning: unused variable: `scratch`\n    --> src/de.rs:2755:36\n     |\n2755 |     fn parse_str<'s>(&'s mut self, scratch: &'s mut Vec<u8>) -> Result<Reference<'de, 's, str>> {\n     |                                    ^^^^^^^ help: if this is intentional, prefix it with an underscore: `_scratch`\n     |\n     = note: `#[warn(unused_variables)]` on by default\n\nwarning: unused variable: `scratch`\n    --> src/de.rs:2759:40\n     |\n2759 |     fn parse_str_raw<'s>(&'s mut self, scratch: &'s mut Vec<u8>) -> Result<Reference<'de, 's, [u8]>> {\n     |                                        ^^^^^^^ help: if this is intentional, prefix it with an underscore: `_scratch`\n\nSome errors have detailed explanations: E0277, E0412, E0422, E0616.\nFor more information about an error, try `rustc --explain E0277`.\nwarning: `serde_json` (lib test) generated 3 warnings\nerror: could not compile `serde_json` (lib test) due to 6 previous errors; 3 warnings emitted\n"
                }
              ],
              "repaired": [
                false,
                false
              ]
            },
            {
              "attrs": [],
              "prefix": [
                "{",
                "    let mut deserializer = Deserializer {",
                "        read: MockRead::new(vec![]), // Represents the case of an error",
                "        scratch: Vec::new(),",
                "        remaining_depth: 0,",
                "        #[cfg(feature = \"float_roundtrip\")]",
                "        single_precision: false,",
                "        #[cfg(feature = \"unbounded_depth\")]",
                "        disable_recursion_limit: false,",
                "    };",
                "    let result = deserializer.parse_exponent_overflow(true, true, true);",
                "}"
              ],
              "oracles": [
                [
                  "    let mut deserializer = Deserializer {",
                  "    read: MockRead::new(vec![b'0', b'1']),",
                  "    scratch: Vec::new(),",
                  "    remaining_depth: 0,",
                  "    #[cfg(feature = \"float_roundtrip\")]",
                  "    single_precision: false,",
                  "    #[cfg(feature = \"unbounded_depth\")]",
                  "    disable_recursion_limit: false,",
                  "    };",
                  "    let result = deserializer.parse_exponent_overflow(true, true, true);",
                  "    assert!(result.is_ok() && result.unwrap() == 0.0);"
                ],
                [
                  "    let mut deserializer = Deserializer {",
                  "    read: MockRead::new(vec![b'0', b'1']),",
                  "    scratch: Vec::new(),",
                  "    remaining_depth: 0,",
                  "    #[cfg(feature = \"float_roundtrip\")]",
                  "    single_precision: false,",
                  "    #[cfg(feature = \"unbounded_depth\")]",
                  "    disable_recursion_limit: false,",
                  "    };",
                  "    let result = deserializer.parse_exponent_overflow(true, true, true);",
                  "    let mut deserializer = Deserializer {",
                  "    read: MockRead::new(vec![b'0']),",
                  "    scratch: Vec::new(),",
                  "    remaining_depth: 0,",
                  "    #[cfg(feature = \"float_roundtrip\")]",
                  "    single_precision: false,",
                  "    #[cfg(feature = \"unbounded_depth\")]",
                  "    disable_recursion_limit: false,",
                  "    };",
                  "    let result = deserializer.parse_exponent_overflow(false, true, true);",
                  "    assert!(result.is_ok() && result.unwrap() == -0.0);"
                ],
                [
                  "    let mut deserializer = Deserializer {",
                  "    read: MockRead::new(vec![b'0', b'1']),",
                  "    scratch: Vec::new(),",
                  "    remaining_depth: 0,",
                  "    #[cfg(feature = \"float_roundtrip\")]",
                  "    single_precision: false,",
                  "    #[cfg(feature = \"unbounded_depth\")]",
                  "    disable_recursion_limit: false,",
                  "    };",
                  "    let result = deserializer.parse_exponent_overflow(true, true, true);",
                  "    let mut deserializer = Deserializer {",
                  "    read: MockRead::new(vec![b'0']),",
                  "    scratch: Vec::new(),",
                  "    remaining_depth: 0,",
                  "    #[cfg(feature = \"float_roundtrip\")]",
                  "    single_precision: false,",
                  "    #[cfg(feature = \"unbounded_depth\")]",
                  "    disable_recursion_limit: false,",
                  "    };",
                  "    let result = deserializer.parse_exponent_overflow(false, true, true);",
                  "    let mut deserializer = Deserializer {",
                  "    read: MockRead::new(vec![]),",
                  "    scratch: Vec::new(),",
                  "    remaining_depth: 0,",
                  "    #[cfg(feature = \"float_roundtrip\")]",
                  "    single_precision: false,",
                  "    #[cfg(feature = \"unbounded_depth\")]",
                  "    disable_recursion_limit: false,",
                  "    };",
                  "    let result = deserializer.parse_exponent_overflow(true, false, true);",
                  "    assert!(result.is_err() && result.unwrap_err().err == ErrorCode::NumberOutOfRange);"
                ]
              ],
              "codes": [
                [
                  "{",
                  "    let mut deserializer = Deserializer {",
                  "        read: MockRead::new(vec![]), // Represents the case of an error",
                  "        scratch: Vec::new(),",
                  "        remaining_depth: 0,",
                  "        #[cfg(feature = \"float_roundtrip\")]",
                  "        single_precision: false,",
                  "        #[cfg(feature = \"unbounded_depth\")]",
                  "        disable_recursion_limit: false,",
                  "    };",
                  "    let result = deserializer.parse_exponent_overflow(true, true, true);",
                  "    let mut deserializer = Deserializer {",
                  "    read: MockRead::new(vec![b'0', b'1']),",
                  "    scratch: Vec::new(),",
                  "    remaining_depth: 0,",
                  "    #[cfg(feature = \"float_roundtrip\")]",
                  "    single_precision: false,",
                  "    #[cfg(feature = \"unbounded_depth\")]",
                  "    disable_recursion_limit: false,",
                  "    };",
                  "    let result = deserializer.parse_exponent_overflow(true, true, true);",
                  "    assert!(result.is_ok() && result.unwrap() == 0.0);",
                  "}"
                ],
                [
                  "{",
                  "    let mut deserializer = Deserializer {",
                  "        read: MockRead::new(vec![]), // Represents the case of an error",
                  "        scratch: Vec::new(),",
                  "        remaining_depth: 0,",
                  "        #[cfg(feature = \"float_roundtrip\")]",
                  "        single_precision: false,",
                  "        #[cfg(feature = \"unbounded_depth\")]",
                  "        disable_recursion_limit: false,",
                  "    };",
                  "    let result = deserializer.parse_exponent_overflow(true, true, true);",
                  "    let mut deserializer = Deserializer {",
                  "    read: MockRead::new(vec![b'0', b'1']),",
                  "    scratch: Vec::new(),",
                  "    remaining_depth: 0,",
                  "    #[cfg(feature = \"float_roundtrip\")]",
                  "    single_precision: false,",
                  "    #[cfg(feature = \"unbounded_depth\")]",
                  "    disable_recursion_limit: false,",
                  "    };",
                  "    let result = deserializer.parse_exponent_overflow(true, true, true);",
                  "    let mut deserializer = Deserializer {",
                  "    read: MockRead::new(vec![b'0']),",
                  "    scratch: Vec::new(),",
                  "    remaining_depth: 0,",
                  "    #[cfg(feature = \"float_roundtrip\")]",
                  "    single_precision: false,",
                  "    #[cfg(feature = \"unbounded_depth\")]",
                  "    disable_recursion_limit: false,",
                  "    };",
                  "    let result = deserializer.parse_exponent_overflow(false, true, true);",
                  "    assert!(result.is_ok() && result.unwrap() == -0.0);",
                  "}"
                ],
                [
                  "{",
                  "    let mut deserializer = Deserializer {",
                  "        read: MockRead::new(vec![]), // Represents the case of an error",
                  "        scratch: Vec::new(),",
                  "        remaining_depth: 0,",
                  "        #[cfg(feature = \"float_roundtrip\")]",
                  "        single_precision: false,",
                  "        #[cfg(feature = \"unbounded_depth\")]",
                  "        disable_recursion_limit: false,",
                  "    };",
                  "    let result = deserializer.parse_exponent_overflow(true, true, true);",
                  "    let mut deserializer = Deserializer {",
                  "    read: MockRead::new(vec![b'0', b'1']),",
                  "    scratch: Vec::new(),",
                  "    remaining_depth: 0,",
                  "    #[cfg(feature = \"float_roundtrip\")]",
                  "    single_precision: false,",
                  "    #[cfg(feature = \"unbounded_depth\")]",
                  "    disable_recursion_limit: false,",
                  "    };",
                  "    let result = deserializer.parse_exponent_overflow(true, true, true);",
                  "    let mut deserializer = Deserializer {",
                  "    read: MockRead::new(vec![b'0']),",
                  "    scratch: Vec::new(),",
                  "    remaining_depth: 0,",
                  "    #[cfg(feature = \"float_roundtrip\")]",
                  "    single_precision: false,",
                  "    #[cfg(feature = \"unbounded_depth\")]",
                  "    disable_recursion_limit: false,",
                  "    };",
                  "    let result = deserializer.parse_exponent_overflow(false, true, true);",
                  "    let mut deserializer = Deserializer {",
                  "    read: MockRead::new(vec![]),",
                  "    scratch: Vec::new(),",
                  "    remaining_depth: 0,",
                  "    #[cfg(feature = \"float_roundtrip\")]",
                  "    single_precision: false,",
                  "    #[cfg(feature = \"unbounded_depth\")]",
                  "    disable_recursion_limit: false,",
                  "    };",
                  "    let result = deserializer.parse_exponent_overflow(true, false, true);",
                  "    assert!(result.is_err() && result.unwrap_err().err == ErrorCode::NumberOutOfRange);",
                  "}"
                ]
              ],
              "can_compile": [
                {
                  "Err": "   Compiling proc-macro2 v1.0.95\n   Compiling serde v1.0.219\n   Compiling syn v1.0.109\n   Compiling libc v0.2.172\n   Compiling serde_json v1.0.140\n   Compiling target-triple v0.1.4\n   Compiling ref-cast v1.0.24\n   Compiling rustversion v1.0.20\n   Compiling serde_json v1.0.140 (/home/abezbm/rust-utgen-test-crates-new/json)\n   Compiling psm v0.1.26\n   Compiling stacker v0.1.21\n   Compiling quote v1.0.40\n   Compiling syn v2.0.101\n   Compiling serde_derive v1.0.219\n   Compiling ref-cast-impl v1.0.24\n   Compiling automod v1.0.15\n   Compiling ntest_timeout v0.9.3\n   Compiling ntest_test_cases v0.9.3\n   Compiling ntest v0.9.3\n   Compiling serde_spanned v0.6.8\n   Compiling toml_datetime v0.6.9\n   Compiling serde_bytes v0.11.17\n   Compiling serde_stacker v0.1.12\n   Compiling toml_edit v0.22.25\n   Compiling toml v0.8.21\n   Compiling trybuild v1.0.104\nerror[E0412]: cannot find type `Position` in this scope\n    --> src/de.rs:2743:27\n     |\n2743 |     fn position(&self) -> Position {\n     |                           ^^^^^^^^ not found in this scope\n     |\nhelp: consider importing this struct\n     |\n2705 +    use crate::read::Position;\n     |\n\nerror[E0422]: cannot find struct, variant or union type `Position` in this scope\n    --> src/de.rs:2744:9\n     |\n2744 |         Position { line: 0, column: self.position }\n     |         ^^^^^^^^ not found in this scope\n     |\nhelp: consider importing this struct\n     |\n2705 +    use crate::read::Position;\n     |\n\nerror[E0412]: cannot find type `Position` in this scope\n    --> src/de.rs:2747:32\n     |\n2747 |     fn peek_position(&self) -> Position {\n     |                                ^^^^^^^^ not found in this scope\n     |\nhelp: consider importing this struct\n     |\n2705 +    use crate::read::Position;\n     |\n\nerror[E0422]: cannot find struct, variant or union type `Position` in this scope\n    --> src/de.rs:2748:9\n     |\n2748 |         Position { line: 0, column: self.position }\n     |         ^^^^^^^^ not found in this scope\n     |\nhelp: consider importing this struct\n     |\n2705 +    use crate::read::Position;\n     |\n\nwarning: unused import: `ntest::timeout`\n    --> src/de.rs:2706:8\n     |\n2706 |    use ntest::timeout;\n     |        ^^^^^^^^^^^^^^\n     |\n     = note: `#[warn(unused_imports)]` on by default\n\nerror[E0277]: the trait bound `MockRead: read::private::Sealed` is not satisfied\n    --> src/de.rs:2718:25\n     |\n2718 | impl<'de> Read<'de> for MockRead {\n     |                         ^^^^^^^^ the trait `read::private::Sealed` is not implemented for `MockRead`\n     |\n     = help: the following other types implement trait `read::private::Sealed`:\n               &mut R\n               IoRead<R>\n               SliceRead<'a>\n               StrRead<'a>\nnote: required by a bound in `read::Read`\n    --> src/read.rs:28:22\n     |\n28   | pub trait Read<'de>: private::Sealed {\n     |                      ^^^^^^^^^^^^^^^ required by this bound in `Read`\n     = note: `Read` is a \"sealed trait\", because to implement it you also need to implement `read::private::Sealed`, which is not accessible; this is usually done to force you to use one of the provided types that already implement it\n     = help: the following types implement the trait:\n               read::IoRead<R>\n               read::SliceRead<'a>\n               read::StrRead<'a>\n               &mut R\n\nwarning: unused variable: `scratch`\n    --> src/de.rs:2755:36\n     |\n2755 |     fn parse_str<'s>(&'s mut self, scratch: &'s mut Vec<u8>) -> Result<Reference<'de, 's, str>> {\n     |                                    ^^^^^^^ help: if this is intentional, prefix it with an underscore: `_scratch`\n     |\n     = note: `#[warn(unused_variables)]` on by default\n\nwarning: unused variable: `scratch`\n    --> src/de.rs:2759:40\n     |\n2759 |     fn parse_str_raw<'s>(&'s mut self, scratch: &'s mut Vec<u8>) -> Result<Reference<'de, 's, [u8]>> {\n     |                                        ^^^^^^^ help: if this is intentional, prefix it with an underscore: `_scratch`\n\nwarning: unused variable: `result`\n    --> src/de.rs:2797:9\n     |\n2797 |     let result = deserializer.parse_exponent_overflow(true, true, true);\n     |         ^^^^^^ help: if this is intentional, prefix it with an underscore: `_result`\n\nSome errors have detailed explanations: E0277, E0412, E0422.\nFor more information about an error, try `rustc --explain E0277`.\nwarning: `serde_json` (lib test) generated 4 warnings\nerror: could not compile `serde_json` (lib test) due to 5 previous errors; 4 warnings emitted\n"
                },
                {
                  "Err": "   Compiling proc-macro2 v1.0.95\n   Compiling serde v1.0.219\n   Compiling syn v1.0.109\n   Compiling libc v0.2.172\n   Compiling target-triple v0.1.4\n   Compiling serde_json v1.0.140\n   Compiling ref-cast v1.0.24\n   Compiling rustversion v1.0.20\n   Compiling serde_json v1.0.140 (/home/abezbm/rust-utgen-test-crates-new/json)\n   Compiling psm v0.1.26\n   Compiling stacker v0.1.21\n   Compiling quote v1.0.40\n   Compiling syn v2.0.101\n   Compiling serde_derive v1.0.219\n   Compiling ref-cast-impl v1.0.24\n   Compiling automod v1.0.15\n   Compiling ntest_timeout v0.9.3\n   Compiling ntest_test_cases v0.9.3\n   Compiling ntest v0.9.3\n   Compiling toml_datetime v0.6.9\n   Compiling serde_spanned v0.6.8\n   Compiling serde_bytes v0.11.17\n   Compiling serde_stacker v0.1.12\n   Compiling toml_edit v0.22.25\n   Compiling toml v0.8.21\n   Compiling trybuild v1.0.104\nerror[E0412]: cannot find type `Position` in this scope\n    --> src/de.rs:2743:27\n     |\n2743 |     fn position(&self) -> Position {\n     |                           ^^^^^^^^ not found in this scope\n     |\nhelp: consider importing this struct\n     |\n2705 +    use crate::read::Position;\n     |\n\nerror[E0422]: cannot find struct, variant or union type `Position` in this scope\n    --> src/de.rs:2744:9\n     |\n2744 |         Position { line: 0, column: self.position }\n     |         ^^^^^^^^ not found in this scope\n     |\nhelp: consider importing this struct\n     |\n2705 +    use crate::read::Position;\n     |\n\nerror[E0412]: cannot find type `Position` in this scope\n    --> src/de.rs:2747:32\n     |\n2747 |     fn peek_position(&self) -> Position {\n     |                                ^^^^^^^^ not found in this scope\n     |\nhelp: consider importing this struct\n     |\n2705 +    use crate::read::Position;\n     |\n\nerror[E0422]: cannot find struct, variant or union type `Position` in this scope\n    --> src/de.rs:2748:9\n     |\n2748 |         Position { line: 0, column: self.position }\n     |         ^^^^^^^^ not found in this scope\n     |\nhelp: consider importing this struct\n     |\n2705 +    use crate::read::Position;\n     |\n\nwarning: unused import: `ntest::timeout`\n    --> src/de.rs:2706:8\n     |\n2706 |    use ntest::timeout;\n     |        ^^^^^^^^^^^^^^\n     |\n     = note: `#[warn(unused_imports)]` on by default\n\nerror[E0277]: the trait bound `MockRead: read::private::Sealed` is not satisfied\n    --> src/de.rs:2718:25\n     |\n2718 | impl<'de> Read<'de> for MockRead {\n     |                         ^^^^^^^^ the trait `read::private::Sealed` is not implemented for `MockRead`\n     |\n     = help: the following other types implement trait `read::private::Sealed`:\n               &mut R\n               IoRead<R>\n               SliceRead<'a>\n               StrRead<'a>\nnote: required by a bound in `read::Read`\n    --> src/read.rs:28:22\n     |\n28   | pub trait Read<'de>: private::Sealed {\n     |                      ^^^^^^^^^^^^^^^ required by this bound in `Read`\n     = note: `Read` is a \"sealed trait\", because to implement it you also need to implement `read::private::Sealed`, which is not accessible; this is usually done to force you to use one of the provided types that already implement it\n     = help: the following types implement the trait:\n               read::IoRead<R>\n               read::SliceRead<'a>\n               read::StrRead<'a>\n               &mut R\n\nwarning: unused variable: `scratch`\n    --> src/de.rs:2755:36\n     |\n2755 |     fn parse_str<'s>(&'s mut self, scratch: &'s mut Vec<u8>) -> Result<Reference<'de, 's, str>> {\n     |                                    ^^^^^^^ help: if this is intentional, prefix it with an underscore: `_scratch`\n     |\n     = note: `#[warn(unused_variables)]` on by default\n\nwarning: unused variable: `scratch`\n    --> src/de.rs:2759:40\n     |\n2759 |     fn parse_str_raw<'s>(&'s mut self, scratch: &'s mut Vec<u8>) -> Result<Reference<'de, 's, [u8]>> {\n     |                                        ^^^^^^^ help: if this is intentional, prefix it with an underscore: `_scratch`\n\nwarning: unused variable: `result`\n    --> src/de.rs:2797:9\n     |\n2797 |     let result = deserializer.parse_exponent_overflow(true, true, true);\n     |         ^^^^^^ help: if this is intentional, prefix it with an underscore: `_result`\n\nwarning: unused variable: `result`\n    --> src/de.rs:2807:9\n     |\n2807 |     let result = deserializer.parse_exponent_overflow(true, true, true);\n     |         ^^^^^^ help: if this is intentional, prefix it with an underscore: `_result`\n\nSome errors have detailed explanations: E0277, E0412, E0422.\nFor more information about an error, try `rustc --explain E0277`.\nwarning: `serde_json` (lib test) generated 5 warnings\nerror: could not compile `serde_json` (lib test) due to 5 previous errors; 5 warnings emitted\n"
                },
                {
                  "Err": "   Compiling proc-macro2 v1.0.95\n   Compiling serde v1.0.219\n   Compiling syn v1.0.109\n   Compiling libc v0.2.172\n   Compiling target-triple v0.1.4\n   Compiling serde_json v1.0.140\n   Compiling ref-cast v1.0.24\n   Compiling rustversion v1.0.20\n   Compiling serde_json v1.0.140 (/home/abezbm/rust-utgen-test-crates-new/json)\n   Compiling psm v0.1.26\n   Compiling stacker v0.1.21\n   Compiling quote v1.0.40\n   Compiling syn v2.0.101\n   Compiling serde_derive v1.0.219\n   Compiling ref-cast-impl v1.0.24\n   Compiling automod v1.0.15\n   Compiling ntest_test_cases v0.9.3\n   Compiling ntest_timeout v0.9.3\n   Compiling ntest v0.9.3\n   Compiling serde_spanned v0.6.8\n   Compiling toml_datetime v0.6.9\n   Compiling serde_bytes v0.11.17\n   Compiling serde_stacker v0.1.12\n   Compiling toml_edit v0.22.25\n   Compiling toml v0.8.21\n   Compiling trybuild v1.0.104\nerror[E0412]: cannot find type `Position` in this scope\n    --> src/de.rs:2743:27\n     |\n2743 |     fn position(&self) -> Position {\n     |                           ^^^^^^^^ not found in this scope\n     |\nhelp: consider importing this struct\n     |\n2705 +    use crate::read::Position;\n     |\n\nerror[E0422]: cannot find struct, variant or union type `Position` in this scope\n    --> src/de.rs:2744:9\n     |\n2744 |         Position { line: 0, column: self.position }\n     |         ^^^^^^^^ not found in this scope\n     |\nhelp: consider importing this struct\n     |\n2705 +    use crate::read::Position;\n     |\n\nerror[E0412]: cannot find type `Position` in this scope\n    --> src/de.rs:2747:32\n     |\n2747 |     fn peek_position(&self) -> Position {\n     |                                ^^^^^^^^ not found in this scope\n     |\nhelp: consider importing this struct\n     |\n2705 +    use crate::read::Position;\n     |\n\nerror[E0422]: cannot find struct, variant or union type `Position` in this scope\n    --> src/de.rs:2748:9\n     |\n2748 |         Position { line: 0, column: self.position }\n     |         ^^^^^^^^ not found in this scope\n     |\nhelp: consider importing this struct\n     |\n2705 +    use crate::read::Position;\n     |\n\nwarning: unused import: `ntest::timeout`\n    --> src/de.rs:2706:8\n     |\n2706 |    use ntest::timeout;\n     |        ^^^^^^^^^^^^^^\n     |\n     = note: `#[warn(unused_imports)]` on by default\n\nerror[E0277]: the trait bound `MockRead: read::private::Sealed` is not satisfied\n    --> src/de.rs:2718:25\n     |\n2718 | impl<'de> Read<'de> for MockRead {\n     |                         ^^^^^^^^ the trait `read::private::Sealed` is not implemented for `MockRead`\n     |\n     = help: the following other types implement trait `read::private::Sealed`:\n               &mut R\n               IoRead<R>\n               SliceRead<'a>\n               StrRead<'a>\nnote: required by a bound in `read::Read`\n    --> src/read.rs:28:22\n     |\n28   | pub trait Read<'de>: private::Sealed {\n     |                      ^^^^^^^^^^^^^^^ required by this bound in `Read`\n     = note: `Read` is a \"sealed trait\", because to implement it you also need to implement `read::private::Sealed`, which is not accessible; this is usually done to force you to use one of the provided types that already implement it\n     = help: the following types implement the trait:\n               read::IoRead<R>\n               read::SliceRead<'a>\n               read::StrRead<'a>\n               &mut R\n\nerror[E0616]: field `err` of struct `error::Error` is private\n    --> src/de.rs:2828:52\n     |\n2828 |     assert!(result.is_err() && result.unwrap_err().err == ErrorCode::NumberOutOfRange);\n     |                                                    ^^^ private field\n\nwarning: unused variable: `scratch`\n    --> src/de.rs:2755:36\n     |\n2755 |     fn parse_str<'s>(&'s mut self, scratch: &'s mut Vec<u8>) -> Result<Reference<'de, 's, str>> {\n     |                                    ^^^^^^^ help: if this is intentional, prefix it with an underscore: `_scratch`\n     |\n     = note: `#[warn(unused_variables)]` on by default\n\nwarning: unused variable: `scratch`\n    --> src/de.rs:2759:40\n     |\n2759 |     fn parse_str_raw<'s>(&'s mut self, scratch: &'s mut Vec<u8>) -> Result<Reference<'de, 's, [u8]>> {\n     |                                        ^^^^^^^ help: if this is intentional, prefix it with an underscore: `_scratch`\n\nSome errors have detailed explanations: E0277, E0412, E0422, E0616.\nFor more information about an error, try `rustc --explain E0277`.\nwarning: `serde_json` (lib test) generated 3 warnings\nerror: could not compile `serde_json` (lib test) due to 6 previous errors; 3 warnings emitted\n"
                }
              ],
              "repaired": [
                false,
                false,
                false
              ]
            }
          ]
        }
      ]
    },
    {
      "chain_id": 7,
      "prompt_conds": [
        "// constraint: zero_significand is false\n",
        "// constraint: positive_exp is true\n",
        "// expected return value/type: Err(self.error(ErrorCode::NumberOutOfRange))\n"
      ],
      "input_infer": "zero_significand = false, positive_exp = true, input: 1e309\n",
      "answers": [
        {
          "uses": [],
          "has_test_mod": false,
          "common": [],
          "chain_tests": [
            {
              "attrs": [],
              "prefix": [
                "{",
                "    struct TestReader {",
                "        data: Vec<u8>,",
                "        position: usize,",
                "    }",
                "",
                "    impl Read<'_> for TestReader {",
                "        const should_early_return_if_failed: bool = false;",
                "",
                "        fn next(&mut self) -> Result<Option<u8>> {",
                "            if self.position < self.data.len() {",
                "                let byte = self.data[self.position];",
                "                self.position += 1;",
                "                Ok(Some(byte))",
                "            } else {",
                "                Ok(None)",
                "            }",
                "        }",
                "",
                "        fn peek(&mut self) -> Result<Option<u8>> {",
                "            if self.position < self.data.len() {",
                "                Ok(Some(self.data[self.position]))",
                "            } else {",
                "                Ok(None)",
                "            }",
                "        }",
                "",
                "        fn discard(&mut self) {}",
                "",
                "        fn position(&self) -> Position {",
                "            Position { line: 1, column: self.position }",
                "        }",
                "",
                "        fn peek_position(&self) -> Position {",
                "            self.position()",
                "        }",
                "",
                "        fn byte_offset(&self) -> usize {",
                "            self.position",
                "        }",
                "",
                "        fn parse_str<'s>(&'s mut self, _scratch: &'s mut Vec<u8>) -> Result<Reference<'_, 's, str>> {",
                "            unimplemented!()",
                "        }",
                "",
                "        fn parse_str_raw<'s>(&'s mut self, _scratch: &'s mut Vec<u8>) -> Result<Reference<'_, 's, [u8]>> {",
                "            unimplemented!()",
                "        }",
                "",
                "        fn ignore_str(&mut self) -> Result<()> {",
                "            unimplemented!()",
                "        }",
                "",
                "        fn decode_hex_escape(&mut self) -> Result<u16> {",
                "            unimplemented!()",
                "        }",
                "",
                "        #[cfg(feature = \"raw_value\")]",
                "        fn begin_raw_buffering(&mut self) {}",
                "",
                "        #[cfg(feature = \"raw_value\")]",
                "        fn end_raw_buffering<V>(&mut self, _visitor: V) -> Result<V::Value> where V: Visitor<'_> {",
                "            unimplemented!()",
                "        }",
                "",
                "        fn set_failed(&mut self, _failed: &mut bool) {}",
                "    }",
                "",
                "    let mut reader = TestReader { data: b\"1e309\".to_vec(), position: 0 };",
                "    let mut deserializer = Deserializer { read: &mut reader, scratch: vec![], remaining_depth: 10 }; ",
                "    let result = deserializer.parse_exponent_overflow(true, false, true);",
                "}"
              ],
              "oracles": [
                [
                  "    let mut reader = TestReader { data: b\"1e309\".to_vec(), position: 0 };",
                  "    let mut deserializer = Deserializer { read: &mut reader, scratch: vec![], remaining_depth: 10 };",
                  "    let result = deserializer.parse_exponent_overflow(true, false, true);",
                  "    assert!(result.is_err());"
                ],
                [
                  "    let mut reader = TestReader { data: b\"1e309\".to_vec(), position: 0 };",
                  "    let mut deserializer = Deserializer { read: &mut reader, scratch: vec![], remaining_depth: 10 };",
                  "    let result = deserializer.parse_exponent_overflow(true, false, true);",
                  "    assert_eq!(result.unwrap_err().err, ErrorCode::NumberOutOfRange);"
                ]
              ],
              "codes": [
                [
                  "{",
                  "    struct TestReader {",
                  "        data: Vec<u8>,",
                  "        position: usize,",
                  "    }",
                  "",
                  "    impl Read<'_> for TestReader {",
                  "        const should_early_return_if_failed: bool = false;",
                  "",
                  "        fn next(&mut self) -> Result<Option<u8>> {",
                  "            if self.position < self.data.len() {",
                  "                let byte = self.data[self.position];",
                  "                self.position += 1;",
                  "                Ok(Some(byte))",
                  "            } else {",
                  "                Ok(None)",
                  "            }",
                  "        }",
                  "",
                  "        fn peek(&mut self) -> Result<Option<u8>> {",
                  "            if self.position < self.data.len() {",
                  "                Ok(Some(self.data[self.position]))",
                  "            } else {",
                  "                Ok(None)",
                  "            }",
                  "        }",
                  "",
                  "        fn discard(&mut self) {}",
                  "",
                  "        fn position(&self) -> Position {",
                  "            Position { line: 1, column: self.position }",
                  "        }",
                  "",
                  "        fn peek_position(&self) -> Position {",
                  "            self.position()",
                  "        }",
                  "",
                  "        fn byte_offset(&self) -> usize {",
                  "            self.position",
                  "        }",
                  "",
                  "        fn parse_str<'s>(&'s mut self, _scratch: &'s mut Vec<u8>) -> Result<Reference<'_, 's, str>> {",
                  "            unimplemented!()",
                  "        }",
                  "",
                  "        fn parse_str_raw<'s>(&'s mut self, _scratch: &'s mut Vec<u8>) -> Result<Reference<'_, 's, [u8]>> {",
                  "            unimplemented!()",
                  "        }",
                  "",
                  "        fn ignore_str(&mut self) -> Result<()> {",
                  "            unimplemented!()",
                  "        }",
                  "",
                  "        fn decode_hex_escape(&mut self) -> Result<u16> {",
                  "            unimplemented!()",
                  "        }",
                  "",
                  "        #[cfg(feature = \"raw_value\")]",
                  "        fn begin_raw_buffering(&mut self) {}",
                  "",
                  "        #[cfg(feature = \"raw_value\")]",
                  "        fn end_raw_buffering<V>(&mut self, _visitor: V) -> Result<V::Value> where V: Visitor<'_> {",
                  "            unimplemented!()",
                  "        }",
                  "",
                  "        fn set_failed(&mut self, _failed: &mut bool) {}",
                  "    }",
                  "",
                  "    let mut reader = TestReader { data: b\"1e309\".to_vec(), position: 0 };",
                  "    let mut deserializer = Deserializer { read: &mut reader, scratch: vec![], remaining_depth: 10 }; ",
                  "    let result = deserializer.parse_exponent_overflow(true, false, true);",
                  "    let mut reader = TestReader { data: b\"1e309\".to_vec(), position: 0 };",
                  "    let mut deserializer = Deserializer { read: &mut reader, scratch: vec![], remaining_depth: 10 };",
                  "    let result = deserializer.parse_exponent_overflow(true, false, true);",
                  "    assert!(result.is_err());",
                  "}"
                ],
                [
                  "{",
                  "    struct TestReader {",
                  "        data: Vec<u8>,",
                  "        position: usize,",
                  "    }",
                  "",
                  "    impl Read<'_> for TestReader {",
                  "        const should_early_return_if_failed: bool = false;",
                  "",
                  "        fn next(&mut self) -> Result<Option<u8>> {",
                  "            if self.position < self.data.len() {",
                  "                let byte = self.data[self.position];",
                  "                self.position += 1;",
                  "                Ok(Some(byte))",
                  "            } else {",
                  "                Ok(None)",
                  "            }",
                  "        }",
                  "",
                  "        fn peek(&mut self) -> Result<Option<u8>> {",
                  "            if self.position < self.data.len() {",
                  "                Ok(Some(self.data[self.position]))",
                  "            } else {",
                  "                Ok(None)",
                  "            }",
                  "        }",
                  "",
                  "        fn discard(&mut self) {}",
                  "",
                  "        fn position(&self) -> Position {",
                  "            Position { line: 1, column: self.position }",
                  "        }",
                  "",
                  "        fn peek_position(&self) -> Position {",
                  "            self.position()",
                  "        }",
                  "",
                  "        fn byte_offset(&self) -> usize {",
                  "            self.position",
                  "        }",
                  "",
                  "        fn parse_str<'s>(&'s mut self, _scratch: &'s mut Vec<u8>) -> Result<Reference<'_, 's, str>> {",
                  "            unimplemented!()",
                  "        }",
                  "",
                  "        fn parse_str_raw<'s>(&'s mut self, _scratch: &'s mut Vec<u8>) -> Result<Reference<'_, 's, [u8]>> {",
                  "            unimplemented!()",
                  "        }",
                  "",
                  "        fn ignore_str(&mut self) -> Result<()> {",
                  "            unimplemented!()",
                  "        }",
                  "",
                  "        fn decode_hex_escape(&mut self) -> Result<u16> {",
                  "            unimplemented!()",
                  "        }",
                  "",
                  "        #[cfg(feature = \"raw_value\")]",
                  "        fn begin_raw_buffering(&mut self) {}",
                  "",
                  "        #[cfg(feature = \"raw_value\")]",
                  "        fn end_raw_buffering<V>(&mut self, _visitor: V) -> Result<V::Value> where V: Visitor<'_> {",
                  "            unimplemented!()",
                  "        }",
                  "",
                  "        fn set_failed(&mut self, _failed: &mut bool) {}",
                  "    }",
                  "",
                  "    let mut reader = TestReader { data: b\"1e309\".to_vec(), position: 0 };",
                  "    let mut deserializer = Deserializer { read: &mut reader, scratch: vec![], remaining_depth: 10 }; ",
                  "    let result = deserializer.parse_exponent_overflow(true, false, true);",
                  "    let mut reader = TestReader { data: b\"1e309\".to_vec(), position: 0 };",
                  "    let mut deserializer = Deserializer { read: &mut reader, scratch: vec![], remaining_depth: 10 };",
                  "    let result = deserializer.parse_exponent_overflow(true, false, true);",
                  "    assert_eq!(result.unwrap_err().err, ErrorCode::NumberOutOfRange);",
                  "}"
                ]
              ],
              "can_compile": [
                {
                  "Err": "   Compiling proc-macro2 v1.0.95\n   Compiling serde v1.0.219\n   Compiling syn v1.0.109\n   Compiling libc v0.2.172\n   Compiling target-triple v0.1.4\n   Compiling serde_json v1.0.140\n   Compiling ref-cast v1.0.24\n   Compiling rustversion v1.0.20\n   Compiling serde_json v1.0.140 (/home/abezbm/rust-utgen-test-crates-new/json)\n   Compiling psm v0.1.26\n   Compiling stacker v0.1.21\n   Compiling quote v1.0.40\n   Compiling syn v2.0.101\n   Compiling serde_derive v1.0.219\n   Compiling ref-cast-impl v1.0.24\n   Compiling automod v1.0.15\n   Compiling ntest_timeout v0.9.3\n   Compiling ntest_test_cases v0.9.3\n   Compiling ntest v0.9.3\n   Compiling serde_spanned v0.6.8\n   Compiling toml_datetime v0.6.9\n   Compiling serde_stacker v0.1.12\n   Compiling serde_bytes v0.11.17\n   Compiling toml_edit v0.22.25\n   Compiling toml v0.8.21\n   Compiling trybuild v1.0.104\nerror[E0412]: cannot find type `Position` in this scope\n    --> src/de.rs:2738:31\n     |\n2738 |         fn position(&self) -> Position {\n     |                               ^^^^^^^^ not found in this scope\n     |\nhelp: consider importing this struct\n     |\n2705 +    use crate::read::Position;\n     |\n\nerror[E0422]: cannot find struct, variant or union type `Position` in this scope\n    --> src/de.rs:2739:13\n     |\n2739 |             Position { line: 1, column: self.position }\n     |             ^^^^^^^^ not found in this scope\n     |\nhelp: consider importing this struct\n     |\n2705 +    use crate::read::Position;\n     |\n\nerror[E0412]: cannot find type `Position` in this scope\n    --> src/de.rs:2742:36\n     |\n2742 |         fn peek_position(&self) -> Position {\n     |                                    ^^^^^^^^ not found in this scope\n     |\nhelp: consider importing this struct\n     |\n2705 +    use crate::read::Position;\n     |\n\nwarning: unused import: `ntest::timeout`\n    --> src/de.rs:2706:8\n     |\n2706 |    use ntest::timeout;\n     |        ^^^^^^^^^^^^^^\n     |\n     = note: `#[warn(unused_imports)]` on by default\n\nerror[E0277]: the trait bound `TestReader: read::private::Sealed` is not satisfied\n    --> src/de.rs:2715:23\n     |\n2715 |     impl Read<'_> for TestReader {\n     |                       ^^^^^^^^^^ the trait `read::private::Sealed` is not implemented for `TestReader`\n     |\n     = help: the following other types implement trait `read::private::Sealed`:\n               &mut R\n               IoRead<R>\n               SliceRead<'a>\n               StrRead<'a>\nnote: required by a bound in `read::Read`\n    --> src/read.rs:28:22\n     |\n28   | pub trait Read<'de>: private::Sealed {\n     |                      ^^^^^^^^^^^^^^^ required by this bound in `Read`\n     = note: `Read` is a \"sealed trait\", because to implement it you also need to implement `read::private::Sealed`, which is not accessible; this is usually done to force you to use one of the provided types that already implement it\n     = help: the following types implement the trait:\n               read::IoRead<R>\n               read::SliceRead<'a>\n               read::StrRead<'a>\n               &mut R\n\nerror: `impl` item signature doesn't match `trait` item signature\n    --> src/de.rs:2750:9\n     |\n2750 |         fn parse_str<'s>(&'s mut self, _scratch: &'s mut Vec<u8>) -> Result<Reference<'_, 's, str>> {\n     |         ^^^^^^^^^^^^^^^^^^^^^^^^^^^^^^^^^^^^^^^^^^^^^^^^^^^^^^^^^^^^^^^^^^^^^^^^^^^^^^^^^^^^^^^^^^^ found `fn(&'1 mut TestReader, &'1 mut std::vec::Vec<u8>) -> std::result::Result<read::Reference<'1, '1, str>, error::Error>`\n     |\n    ::: src/read.rs:67:5\n     |\n67   |     fn parse_str<'s>(&'s mut self, scratch: &'s mut Vec<u8>) -> Result<Reference<'de, 's, str>>;\n     |     -------------------------------------------------------------------------------------------- expected `fn(&'s mut TestReader, &'s mut std::vec::Vec<u8>) -> std::result::Result<read::Reference<'1, 's, str>, error::Error>`\n     |\n     = note: expected signature `fn(&'s mut TestReader, &'s mut std::vec::Vec<u8>) -> std::result::Result<read::Reference<'1, 's, str>, error::Error>`\n                found signature `fn(&'1 mut TestReader, &'1 mut std::vec::Vec<u8>) -> std::result::Result<read::Reference<'1, '1, str>, error::Error>`\n     = help: the lifetime requirements from the `impl` do not correspond to the requirements in the `trait`\n     = help: verify the lifetime relationships in the `trait` and `impl` between the `self` argument, the other inputs and its output\n\nerror: `impl` item signature doesn't match `trait` item signature\n    --> src/de.rs:2754:9\n     |\n2754 |           fn parse_str_raw<'s>(&'s mut self, _scratch: &'s mut Vec<u8>) -> Result<Reference<'_, 's, [u8]>> {\n     |           ^^^^^^^^^^^^^^^^^^^^^^^^^^^^^^^^^^^^^^^^^^^^^^^^^^^^^^^^^^^^^^^^^^^^^^^^^^^^^^^^^^^^^^^^^^^^^^^^ found `fn(&'1 mut TestReader, &'1 mut std::vec::Vec<u8>) -> std::result::Result<read::Reference<'1, '1, [u8]>, error::Error>`\n     |\n    ::: src/read.rs:76:5\n     |\n76   | /     fn parse_str_raw<'s>(\n77   | |         &'s mut self,\n78   | |         scratch: &'s mut Vec<u8>,\n79   | |     ) -> Result<Reference<'de, 's, [u8]>>;\n     | |__________________________________________- expected `fn(&'s mut TestReader, &'s mut std::vec::Vec<u8>) -> std::result::Result<read::Reference<'1, 's, [u8]>, error::Error>`\n     |\n     = note: expected signature `fn(&'s mut TestReader, &'s mut std::vec::Vec<u8>) -> std::result::Result<read::Reference<'1, 's, [u8]>, error::Error>`\n                found signature `fn(&'1 mut TestReader, &'1 mut std::vec::Vec<u8>) -> std::result::Result<read::Reference<'1, '1, [u8]>, error::Error>`\n     = help: the lifetime requirements from the `impl` do not correspond to the requirements in the `trait`\n     = help: verify the lifetime relationships in the `trait` and `impl` between the `self` argument, the other inputs and its output\n\nerror[E0277]: the trait bound `TestReader: read::private::Sealed` is not satisfied\n    --> src/de.rs:2743:18\n     |\n2743 |             self.position()\n     |                  ^^^^^^^^ the trait `read::private::Sealed` is not implemented for `TestReader`\n     |\nnote: required by a bound in `read::Read::position`\n    --> src/read.rs:28:22\n     |\n28   | pub trait Read<'de>: private::Sealed {\n     |                      ^^^^^^^^^^^^^^^ required by this bound in `Read::position`\n...\n46   |     fn position(&self) -> Position;\n     |        -------- required by a bound in this associated function\nhelp: consider mutably borrowing here\n     |\n2743 |             (&mut self).position()\n     |             +++++     +\n\nwarning: unused variable: `result`\n    --> src/de.rs:2779:9\n     |\n2779 |     let result = deserializer.parse_exponent_overflow(true, false, true);\n     |         ^^^^^^ help: if this is intentional, prefix it with an underscore: `_result`\n     |\n     = note: `#[warn(unused_variables)]` on by default\n\nSome errors have detailed explanations: E0277, E0412, E0422.\nFor more information about an error, try `rustc --explain E0277`.\nwarning: `serde_json` (lib test) generated 2 warnings\nerror: could not compile `serde_json` (lib test) due to 7 previous errors; 2 warnings emitted\n"
                },
                {
                  "Err": "   Compiling proc-macro2 v1.0.95\n   Compiling serde v1.0.219\n   Compiling syn v1.0.109\n   Compiling libc v0.2.172\n   Compiling target-triple v0.1.4\n   Compiling serde_json v1.0.140\n   Compiling rustversion v1.0.20\n   Compiling ref-cast v1.0.24\n   Compiling serde_json v1.0.140 (/home/abezbm/rust-utgen-test-crates-new/json)\n   Compiling psm v0.1.26\n   Compiling stacker v0.1.21\n   Compiling quote v1.0.40\n   Compiling syn v2.0.101\n   Compiling serde_derive v1.0.219\n   Compiling ref-cast-impl v1.0.24\n   Compiling automod v1.0.15\n   Compiling ntest_test_cases v0.9.3\n   Compiling ntest_timeout v0.9.3\n   Compiling ntest v0.9.3\n   Compiling serde_spanned v0.6.8\n   Compiling toml_datetime v0.6.9\n   Compiling serde_bytes v0.11.17\n   Compiling serde_stacker v0.1.12\n   Compiling toml_edit v0.22.25\n   Compiling toml v0.8.21\n   Compiling trybuild v1.0.104\nerror[E0412]: cannot find type `Position` in this scope\n    --> src/de.rs:2738:31\n     |\n2738 |         fn position(&self) -> Position {\n     |                               ^^^^^^^^ not found in this scope\n     |\nhelp: consider importing this struct\n     |\n2705 +    use crate::read::Position;\n     |\n\nerror[E0422]: cannot find struct, variant or union type `Position` in this scope\n    --> src/de.rs:2739:13\n     |\n2739 |             Position { line: 1, column: self.position }\n     |             ^^^^^^^^ not found in this scope\n     |\nhelp: consider importing this struct\n     |\n2705 +    use crate::read::Position;\n     |\n\nerror[E0412]: cannot find type `Position` in this scope\n    --> src/de.rs:2742:36\n     |\n2742 |         fn peek_position(&self) -> Position {\n     |                                    ^^^^^^^^ not found in this scope\n     |\nhelp: consider importing this struct\n     |\n2705 +    use crate::read::Position;\n     |\n\nwarning: unused import: `ntest::timeout`\n    --> src/de.rs:2706:8\n     |\n2706 |    use ntest::timeout;\n     |        ^^^^^^^^^^^^^^\n     |\n     = note: `#[warn(unused_imports)]` on by default\n\nerror[E0277]: the trait bound `TestReader: read::private::Sealed` is not satisfied\n    --> src/de.rs:2715:23\n     |\n2715 |     impl Read<'_> for TestReader {\n     |                       ^^^^^^^^^^ the trait `read::private::Sealed` is not implemented for `TestReader`\n     |\n     = help: the following other types implement trait `read::private::Sealed`:\n               &mut R\n               IoRead<R>\n               SliceRead<'a>\n               StrRead<'a>\nnote: required by a bound in `read::Read`\n    --> src/read.rs:28:22\n     |\n28   | pub trait Read<'de>: private::Sealed {\n     |                      ^^^^^^^^^^^^^^^ required by this bound in `Read`\n     = note: `Read` is a \"sealed trait\", because to implement it you also need to implement `read::private::Sealed`, which is not accessible; this is usually done to force you to use one of the provided types that already implement it\n     = help: the following types implement the trait:\n               read::IoRead<R>\n               read::SliceRead<'a>\n               read::StrRead<'a>\n               &mut R\n\nerror: `impl` item signature doesn't match `trait` item signature\n    --> src/de.rs:2750:9\n     |\n2750 |         fn parse_str<'s>(&'s mut self, _scratch: &'s mut Vec<u8>) -> Result<Reference<'_, 's, str>> {\n     |         ^^^^^^^^^^^^^^^^^^^^^^^^^^^^^^^^^^^^^^^^^^^^^^^^^^^^^^^^^^^^^^^^^^^^^^^^^^^^^^^^^^^^^^^^^^^ found `fn(&'1 mut TestReader, &'1 mut std::vec::Vec<u8>) -> std::result::Result<read::Reference<'1, '1, str>, error::Error>`\n     |\n    ::: src/read.rs:67:5\n     |\n67   |     fn parse_str<'s>(&'s mut self, scratch: &'s mut Vec<u8>) -> Result<Reference<'de, 's, str>>;\n     |     -------------------------------------------------------------------------------------------- expected `fn(&'s mut TestReader, &'s mut std::vec::Vec<u8>) -> std::result::Result<read::Reference<'1, 's, str>, error::Error>`\n     |\n     = note: expected signature `fn(&'s mut TestReader, &'s mut std::vec::Vec<u8>) -> std::result::Result<read::Reference<'1, 's, str>, error::Error>`\n                found signature `fn(&'1 mut TestReader, &'1 mut std::vec::Vec<u8>) -> std::result::Result<read::Reference<'1, '1, str>, error::Error>`\n     = help: the lifetime requirements from the `impl` do not correspond to the requirements in the `trait`\n     = help: verify the lifetime relationships in the `trait` and `impl` between the `self` argument, the other inputs and its output\n\nerror: `impl` item signature doesn't match `trait` item signature\n    --> src/de.rs:2754:9\n     |\n2754 |           fn parse_str_raw<'s>(&'s mut self, _scratch: &'s mut Vec<u8>) -> Result<Reference<'_, 's, [u8]>> {\n     |           ^^^^^^^^^^^^^^^^^^^^^^^^^^^^^^^^^^^^^^^^^^^^^^^^^^^^^^^^^^^^^^^^^^^^^^^^^^^^^^^^^^^^^^^^^^^^^^^^ found `fn(&'1 mut TestReader, &'1 mut std::vec::Vec<u8>) -> std::result::Result<read::Reference<'1, '1, [u8]>, error::Error>`\n     |\n    ::: src/read.rs:76:5\n     |\n76   | /     fn parse_str_raw<'s>(\n77   | |         &'s mut self,\n78   | |         scratch: &'s mut Vec<u8>,\n79   | |     ) -> Result<Reference<'de, 's, [u8]>>;\n     | |__________________________________________- expected `fn(&'s mut TestReader, &'s mut std::vec::Vec<u8>) -> std::result::Result<read::Reference<'1, 's, [u8]>, error::Error>`\n     |\n     = note: expected signature `fn(&'s mut TestReader, &'s mut std::vec::Vec<u8>) -> std::result::Result<read::Reference<'1, 's, [u8]>, error::Error>`\n                found signature `fn(&'1 mut TestReader, &'1 mut std::vec::Vec<u8>) -> std::result::Result<read::Reference<'1, '1, [u8]>, error::Error>`\n     = help: the lifetime requirements from the `impl` do not correspond to the requirements in the `trait`\n     = help: verify the lifetime relationships in the `trait` and `impl` between the `self` argument, the other inputs and its output\n\nerror[E0616]: field `err` of struct `error::Error` is private\n    --> src/de.rs:2783:36\n     |\n2783 |     assert_eq!(result.unwrap_err().err, ErrorCode::NumberOutOfRange);\n     |                                    ^^^ private field\n\nerror[E0277]: the trait bound `TestReader: read::private::Sealed` is not satisfied\n    --> src/de.rs:2743:18\n     |\n2743 |             self.position()\n     |                  ^^^^^^^^ the trait `read::private::Sealed` is not implemented for `TestReader`\n     |\nnote: required by a bound in `read::Read::position`\n    --> src/read.rs:28:22\n     |\n28   | pub trait Read<'de>: private::Sealed {\n     |                      ^^^^^^^^^^^^^^^ required by this bound in `Read::position`\n...\n46   |     fn position(&self) -> Position;\n     |        -------- required by a bound in this associated function\nhelp: consider mutably borrowing here\n     |\n2743 |             (&mut self).position()\n     |             +++++     +\n\nSome errors have detailed explanations: E0277, E0412, E0422, E0616.\nFor more information about an error, try `rustc --explain E0277`.\nwarning: `serde_json` (lib test) generated 1 warning\nerror: could not compile `serde_json` (lib test) due to 8 previous errors; 1 warning emitted\n"
                }
              ],
              "repaired": [
                false,
                false
              ]
            }
          ]
        }
      ]
    },
    {
      "chain_id": 12,
      "prompt_conds": [
        "// constraint: zero_significand is false\n",
        "// constraint: positive_exp is false\n",
        "// constraint: self.peek_or_null() matches core::result::Result::Ok(val) is true\n",
        "// constraint: self.peek_or_null() matches core::result::Result::Ok(val) is true\n",
        "// constraint: let b'0'..=b'9' = tri!(self.peek_or_null()) is false\n",
        "// constraint: positive is true\n",
        "// expected return value/type: Ok(if positive { 0.0 } else { -0.0 })\n"
      ],
      "input_infer": "positive: true, zero_significand: false, positive_exp: false, self.peek_or_null() returns Ok(val) with val not in the range b'0'..=b'9'\n",
      "answers": [
        {
          "uses": [],
          "has_test_mod": false,
          "common": [],
          "chain_tests": [
            {
              "attrs": [],
              "prefix": [
                "{",
                "    struct MockRead {",
                "        bytes: Vec<u8>,",
                "        position: usize,",
                "    }",
                "",
                "    impl<'de> Read<'de> for MockRead {",
                "        const should_early_return_if_failed: bool = false;",
                "",
                "        fn next(&mut self) -> Result<Option<u8>> {",
                "            if self.position < self.bytes.len() {",
                "                let byte = self.bytes[self.position];",
                "                self.position += 1;",
                "                Ok(Some(byte))",
                "            } else {",
                "                Ok(None)",
                "            }",
                "        }",
                "",
                "        fn peek(&mut self) -> Result<Option<u8>> {",
                "            if self.position < self.bytes.len() {",
                "                Ok(Some(self.bytes[self.position]))",
                "            } else {",
                "                Ok(None)",
                "            }",
                "        }",
                "",
                "        fn discard(&mut self) {}",
                "",
                "        fn position(&self) -> Position {",
                "            Position { line: 0, column: self.position }",
                "        }",
                "",
                "        fn peek_position(&self) -> Position {",
                "            Position { line: 0, column: self.position }",
                "        }",
                "",
                "        fn byte_offset(&self) -> usize {",
                "            self.position",
                "        }",
                "        ",
                "        fn parse_str<'s>(&'s mut self, _scratch: &'s mut Vec<u8>) -> Result<Reference<'de, 's, str>> {",
                "            unimplemented!()",
                "        }",
                "",
                "        fn parse_str_raw<'s>(&'s mut self, _scratch: &'s mut Vec<u8>) -> Result<Reference<'de, 's, [u8]>> {",
                "            unimplemented!()",
                "        }",
                "",
                "        fn ignore_str(&mut self) -> Result<()> {",
                "            unimplemented!()",
                "        }",
                "",
                "        fn decode_hex_escape(&mut self) -> Result<u16> {",
                "            unimplemented!()",
                "        }",
                "",
                "        fn set_failed(&mut self, _failed: &mut bool) {}",
                "    }",
                "",
                "    let mut mock_reader = MockRead {",
                "        bytes: b\"abc\".to_vec(), // Contains none of b'0'..=b'9'",
                "        position: 0,",
                "    };",
                "",
                "    let mut deserializer = Deserializer {",
                "        read: mock_reader,",
                "        scratch: Vec::new(),",
                "        remaining_depth: 128,",
                "    };",
                "",
                "    let _result = deserializer.parse_exponent_overflow(true, false, false);",
                "}"
              ],
              "oracles": [
                [
                  "    let mut mock_reader = MockRead { bytes: b\"abc\".to_vec(), position: 0 };",
                  "    let mut deserializer = Deserializer { read: mock_reader, scratch: Vec::new(), remaining_depth: 128 };",
                  "    let result = deserializer.parse_exponent_overflow(true, false, false);",
                  "    assert!(result.is_ok());"
                ],
                [
                  "    let mut mock_reader = MockRead { bytes: b\"abc\".to_vec(), position: 0 };",
                  "    let mut deserializer = Deserializer { read: mock_reader, scratch: Vec::new(), remaining_depth: 128 };",
                  "    let result = deserializer.parse_exponent_overflow(true, false, false);",
                  "    assert_eq!(result.unwrap(), 0.0);"
                ]
              ],
              "codes": [
                [
                  "{",
                  "    struct MockRead {",
                  "        bytes: Vec<u8>,",
                  "        position: usize,",
                  "    }",
                  "",
                  "    impl<'de> Read<'de> for MockRead {",
                  "        const should_early_return_if_failed: bool = false;",
                  "",
                  "        fn next(&mut self) -> Result<Option<u8>> {",
                  "            if self.position < self.bytes.len() {",
                  "                let byte = self.bytes[self.position];",
                  "                self.position += 1;",
                  "                Ok(Some(byte))",
                  "            } else {",
                  "                Ok(None)",
                  "            }",
                  "        }",
                  "",
                  "        fn peek(&mut self) -> Result<Option<u8>> {",
                  "            if self.position < self.bytes.len() {",
                  "                Ok(Some(self.bytes[self.position]))",
                  "            } else {",
                  "                Ok(None)",
                  "            }",
                  "        }",
                  "",
                  "        fn discard(&mut self) {}",
                  "",
                  "        fn position(&self) -> Position {",
                  "            Position { line: 0, column: self.position }",
                  "        }",
                  "",
                  "        fn peek_position(&self) -> Position {",
                  "            Position { line: 0, column: self.position }",
                  "        }",
                  "",
                  "        fn byte_offset(&self) -> usize {",
                  "            self.position",
                  "        }",
                  "        ",
                  "        fn parse_str<'s>(&'s mut self, _scratch: &'s mut Vec<u8>) -> Result<Reference<'de, 's, str>> {",
                  "            unimplemented!()",
                  "        }",
                  "",
                  "        fn parse_str_raw<'s>(&'s mut self, _scratch: &'s mut Vec<u8>) -> Result<Reference<'de, 's, [u8]>> {",
                  "            unimplemented!()",
                  "        }",
                  "",
                  "        fn ignore_str(&mut self) -> Result<()> {",
                  "            unimplemented!()",
                  "        }",
                  "",
                  "        fn decode_hex_escape(&mut self) -> Result<u16> {",
                  "            unimplemented!()",
                  "        }",
                  "",
                  "        fn set_failed(&mut self, _failed: &mut bool) {}",
                  "    }",
                  "",
                  "    let mut mock_reader = MockRead {",
                  "        bytes: b\"abc\".to_vec(), // Contains none of b'0'..=b'9'",
                  "        position: 0,",
                  "    };",
                  "",
                  "    let mut deserializer = Deserializer {",
                  "        read: mock_reader,",
                  "        scratch: Vec::new(),",
                  "        remaining_depth: 128,",
                  "    };",
                  "",
                  "    let _result = deserializer.parse_exponent_overflow(true, false, false);",
                  "    let mut mock_reader = MockRead { bytes: b\"abc\".to_vec(), position: 0 };",
                  "    let mut deserializer = Deserializer { read: mock_reader, scratch: Vec::new(), remaining_depth: 128 };",
                  "    let result = deserializer.parse_exponent_overflow(true, false, false);",
                  "    assert!(result.is_ok());",
                  "}"
                ],
                [
                  "{",
                  "    struct MockRead {",
                  "        bytes: Vec<u8>,",
                  "        position: usize,",
                  "    }",
                  "",
                  "    impl<'de> Read<'de> for MockRead {",
                  "        const should_early_return_if_failed: bool = false;",
                  "",
                  "        fn next(&mut self) -> Result<Option<u8>> {",
                  "            if self.position < self.bytes.len() {",
                  "                let byte = self.bytes[self.position];",
                  "                self.position += 1;",
                  "                Ok(Some(byte))",
                  "            } else {",
                  "                Ok(None)",
                  "            }",
                  "        }",
                  "",
                  "        fn peek(&mut self) -> Result<Option<u8>> {",
                  "            if self.position < self.bytes.len() {",
                  "                Ok(Some(self.bytes[self.position]))",
                  "            } else {",
                  "                Ok(None)",
                  "            }",
                  "        }",
                  "",
                  "        fn discard(&mut self) {}",
                  "",
                  "        fn position(&self) -> Position {",
                  "            Position { line: 0, column: self.position }",
                  "        }",
                  "",
                  "        fn peek_position(&self) -> Position {",
                  "            Position { line: 0, column: self.position }",
                  "        }",
                  "",
                  "        fn byte_offset(&self) -> usize {",
                  "            self.position",
                  "        }",
                  "        ",
                  "        fn parse_str<'s>(&'s mut self, _scratch: &'s mut Vec<u8>) -> Result<Reference<'de, 's, str>> {",
                  "            unimplemented!()",
                  "        }",
                  "",
                  "        fn parse_str_raw<'s>(&'s mut self, _scratch: &'s mut Vec<u8>) -> Result<Reference<'de, 's, [u8]>> {",
                  "            unimplemented!()",
                  "        }",
                  "",
                  "        fn ignore_str(&mut self) -> Result<()> {",
                  "            unimplemented!()",
                  "        }",
                  "",
                  "        fn decode_hex_escape(&mut self) -> Result<u16> {",
                  "            unimplemented!()",
                  "        }",
                  "",
                  "        fn set_failed(&mut self, _failed: &mut bool) {}",
                  "    }",
                  "",
                  "    let mut mock_reader = MockRead {",
                  "        bytes: b\"abc\".to_vec(), // Contains none of b'0'..=b'9'",
                  "        position: 0,",
                  "    };",
                  "",
                  "    let mut deserializer = Deserializer {",
                  "        read: mock_reader,",
                  "        scratch: Vec::new(),",
                  "        remaining_depth: 128,",
                  "    };",
                  "",
                  "    let _result = deserializer.parse_exponent_overflow(true, false, false);",
                  "    let mut mock_reader = MockRead { bytes: b\"abc\".to_vec(), position: 0 };",
                  "    let mut deserializer = Deserializer { read: mock_reader, scratch: Vec::new(), remaining_depth: 128 };",
                  "    let result = deserializer.parse_exponent_overflow(true, false, false);",
                  "    assert_eq!(result.unwrap(), 0.0);",
                  "}"
                ]
              ],
              "can_compile": [
                {
                  "Err": "   Compiling proc-macro2 v1.0.95\n   Compiling serde v1.0.219\n   Compiling syn v1.0.109\n   Compiling libc v0.2.172\n   Compiling serde_json v1.0.140\n   Compiling target-triple v0.1.4\n   Compiling ref-cast v1.0.24\n   Compiling rustversion v1.0.20\n   Compiling serde_json v1.0.140 (/home/abezbm/rust-utgen-test-crates-new/json)\n   Compiling psm v0.1.26\n   Compiling stacker v0.1.21\n   Compiling quote v1.0.40\n   Compiling syn v2.0.101\n   Compiling serde_derive v1.0.219\n   Compiling ref-cast-impl v1.0.24\n   Compiling automod v1.0.15\n   Compiling ntest_test_cases v0.9.3\n   Compiling ntest_timeout v0.9.3\n   Compiling ntest v0.9.3\n   Compiling serde_spanned v0.6.8\n   Compiling toml_datetime v0.6.9\n   Compiling serde_bytes v0.11.17\n   Compiling serde_stacker v0.1.12\n   Compiling toml_edit v0.22.25\n   Compiling toml v0.8.21\n   Compiling trybuild v1.0.104\nerror[E0412]: cannot find type `Position` in this scope\n    --> src/de.rs:2738:31\n     |\n2738 |         fn position(&self) -> Position {\n     |                               ^^^^^^^^ not found in this scope\n     |\nhelp: consider importing this struct\n     |\n2705 +    use crate::read::Position;\n     |\n\nerror[E0422]: cannot find struct, variant or union type `Position` in this scope\n    --> src/de.rs:2739:13\n     |\n2739 |             Position { line: 0, column: self.position }\n     |             ^^^^^^^^ not found in this scope\n     |\nhelp: consider importing this struct\n     |\n2705 +    use crate::read::Position;\n     |\n\nerror[E0412]: cannot find type `Position` in this scope\n    --> src/de.rs:2742:36\n     |\n2742 |         fn peek_position(&self) -> Position {\n     |                                    ^^^^^^^^ not found in this scope\n     |\nhelp: consider importing this struct\n     |\n2705 +    use crate::read::Position;\n     |\n\nerror[E0422]: cannot find struct, variant or union type `Position` in this scope\n    --> src/de.rs:2743:13\n     |\n2743 |             Position { line: 0, column: self.position }\n     |             ^^^^^^^^ not found in this scope\n     |\nhelp: consider importing this struct\n     |\n2705 +    use crate::read::Position;\n     |\n\nwarning: unused import: `ntest::timeout`\n    --> src/de.rs:2706:8\n     |\n2706 |    use ntest::timeout;\n     |        ^^^^^^^^^^^^^^\n     |\n     = note: `#[warn(unused_imports)]` on by default\n\nerror[E0277]: the trait bound `MockRead: read::private::Sealed` is not satisfied\n    --> src/de.rs:2715:29\n     |\n2715 |     impl<'de> Read<'de> for MockRead {\n     |                             ^^^^^^^^ the trait `read::private::Sealed` is not implemented for `MockRead`\n     |\n     = help: the following other types implement trait `read::private::Sealed`:\n               &mut R\n               IoRead<R>\n               SliceRead<'a>\n               StrRead<'a>\nnote: required by a bound in `read::Read`\n    --> src/read.rs:28:22\n     |\n28   | pub trait Read<'de>: private::Sealed {\n     |                      ^^^^^^^^^^^^^^^ required by this bound in `Read`\n     = note: `Read` is a \"sealed trait\", because to implement it you also need to implement `read::private::Sealed`, which is not accessible; this is usually done to force you to use one of the provided types that already implement it\n     = help: the following types implement the trait:\n               read::IoRead<R>\n               read::SliceRead<'a>\n               read::StrRead<'a>\n               &mut R\n\nwarning: variable does not need to be mutable\n    --> src/de.rs:2769:9\n     |\n2769 |     let mut mock_reader = MockRead {\n     |         ----^^^^^^^^^^^\n     |         |\n     |         help: remove this `mut`\n     |\n     = note: `#[warn(unused_mut)]` on by default\n\nwarning: variable does not need to be mutable\n    --> src/de.rs:2781:9\n     |\n2781 |     let mut mock_reader = MockRead { bytes: b\"abc\".to_vec(), position: 0 };\n     |         ----^^^^^^^^^^^\n     |         |\n     |         help: remove this `mut`\n\nSome errors have detailed explanations: E0277, E0412, E0422.\nFor more information about an error, try `rustc --explain E0277`.\nwarning: `serde_json` (lib test) generated 3 warnings\nerror: could not compile `serde_json` (lib test) due to 5 previous errors; 3 warnings emitted\n"
                },
                {
                  "Err": "   Compiling proc-macro2 v1.0.95\n   Compiling serde v1.0.219\n   Compiling syn v1.0.109\n   Compiling libc v0.2.172\n   Compiling serde_json v1.0.140\n   Compiling target-triple v0.1.4\n   Compiling rustversion v1.0.20\n   Compiling ref-cast v1.0.24\n   Compiling serde_json v1.0.140 (/home/abezbm/rust-utgen-test-crates-new/json)\n   Compiling psm v0.1.26\n   Compiling stacker v0.1.21\n   Compiling quote v1.0.40\n   Compiling syn v2.0.101\n   Compiling serde_derive v1.0.219\n   Compiling ref-cast-impl v1.0.24\n   Compiling automod v1.0.15\n   Compiling ntest_test_cases v0.9.3\n   Compiling ntest_timeout v0.9.3\n   Compiling ntest v0.9.3\n   Compiling serde_spanned v0.6.8\n   Compiling toml_datetime v0.6.9\n   Compiling serde_bytes v0.11.17\n   Compiling serde_stacker v0.1.12\n   Compiling toml_edit v0.22.25\n   Compiling toml v0.8.21\n   Compiling trybuild v1.0.104\nerror[E0412]: cannot find type `Position` in this scope\n    --> src/de.rs:2738:31\n     |\n2738 |         fn position(&self) -> Position {\n     |                               ^^^^^^^^ not found in this scope\n     |\nhelp: consider importing this struct\n     |\n2705 +    use crate::read::Position;\n     |\n\nerror[E0422]: cannot find struct, variant or union type `Position` in this scope\n    --> src/de.rs:2739:13\n     |\n2739 |             Position { line: 0, column: self.position }\n     |             ^^^^^^^^ not found in this scope\n     |\nhelp: consider importing this struct\n     |\n2705 +    use crate::read::Position;\n     |\n\nerror[E0412]: cannot find type `Position` in this scope\n    --> src/de.rs:2742:36\n     |\n2742 |         fn peek_position(&self) -> Position {\n     |                                    ^^^^^^^^ not found in this scope\n     |\nhelp: consider importing this struct\n     |\n2705 +    use crate::read::Position;\n     |\n\nerror[E0422]: cannot find struct, variant or union type `Position` in this scope\n    --> src/de.rs:2743:13\n     |\n2743 |             Position { line: 0, column: self.position }\n     |             ^^^^^^^^ not found in this scope\n     |\nhelp: consider importing this struct\n     |\n2705 +    use crate::read::Position;\n     |\n\nwarning: unused import: `ntest::timeout`\n    --> src/de.rs:2706:8\n     |\n2706 |    use ntest::timeout;\n     |        ^^^^^^^^^^^^^^\n     |\n     = note: `#[warn(unused_imports)]` on by default\n\nerror[E0277]: the trait bound `MockRead: read::private::Sealed` is not satisfied\n    --> src/de.rs:2715:29\n     |\n2715 |     impl<'de> Read<'de> for MockRead {\n     |                             ^^^^^^^^ the trait `read::private::Sealed` is not implemented for `MockRead`\n     |\n     = help: the following other types implement trait `read::private::Sealed`:\n               &mut R\n               IoRead<R>\n               SliceRead<'a>\n               StrRead<'a>\nnote: required by a bound in `read::Read`\n    --> src/read.rs:28:22\n     |\n28   | pub trait Read<'de>: private::Sealed {\n     |                      ^^^^^^^^^^^^^^^ required by this bound in `Read`\n     = note: `Read` is a \"sealed trait\", because to implement it you also need to implement `read::private::Sealed`, which is not accessible; this is usually done to force you to use one of the provided types that already implement it\n     = help: the following types implement the trait:\n               read::IoRead<R>\n               read::SliceRead<'a>\n               read::StrRead<'a>\n               &mut R\n\nwarning: variable does not need to be mutable\n    --> src/de.rs:2769:9\n     |\n2769 |     let mut mock_reader = MockRead {\n     |         ----^^^^^^^^^^^\n     |         |\n     |         help: remove this `mut`\n     |\n     = note: `#[warn(unused_mut)]` on by default\n\nwarning: variable does not need to be mutable\n    --> src/de.rs:2781:9\n     |\n2781 |     let mut mock_reader = MockRead { bytes: b\"abc\".to_vec(), position: 0 };\n     |         ----^^^^^^^^^^^\n     |         |\n     |         help: remove this `mut`\n\nSome errors have detailed explanations: E0277, E0412, E0422.\nFor more information about an error, try `rustc --explain E0277`.\nwarning: `serde_json` (lib test) generated 3 warnings\nerror: could not compile `serde_json` (lib test) due to 5 previous errors; 3 warnings emitted\n"
                }
              ],
              "repaired": [
                false,
                false
              ]
            },
            {
              "attrs": [],
              "prefix": [
                "{",
                "    struct MockRead {",
                "        bytes: Vec<u8>,",
                "        position: usize,",
                "    }",
                "",
                "    impl<'de> Read<'de> for MockRead {",
                "        const should_early_return_if_failed: bool = false;",
                "",
                "        fn next(&mut self) -> Result<Option<u8>> {",
                "            if self.position < self.bytes.len() {",
                "                let byte = self.bytes[self.position];",
                "                self.position += 1;",
                "                Ok(Some(byte))",
                "            } else {",
                "                Ok(None)",
                "            }",
                "        }",
                "",
                "        fn peek(&mut self) -> Result<Option<u8>> {",
                "            if self.position < self.bytes.len() {",
                "                Ok(Some(self.bytes[self.position]))",
                "            } else {",
                "                Ok(None)",
                "            }",
                "        }",
                "",
                "        fn discard(&mut self) {}",
                "",
                "        fn position(&self) -> Position {",
                "            Position { line: 0, column: self.position }",
                "        }",
                "",
                "        fn peek_position(&self) -> Position {",
                "            Position { line: 0, column: self.position }",
                "        }",
                "",
                "        fn byte_offset(&self) -> usize {",
                "            self.position",
                "        }",
                "        ",
                "        fn parse_str<'s>(&'s mut self, _scratch: &'s mut Vec<u8>) -> Result<Reference<'de, 's, str>> {",
                "            unimplemented!()",
                "        }",
                "",
                "        fn parse_str_raw<'s>(&'s mut self, _scratch: &'s mut Vec<u8>) -> Result<Reference<'de, 's, [u8]>> {",
                "            unimplemented!()",
                "        }",
                "",
                "        fn ignore_str(&mut self) -> Result<()> {",
                "            unimplemented!()",
                "        }",
                "",
                "        fn decode_hex_escape(&mut self) -> Result<u16> {",
                "            unimplemented!()",
                "        }",
                "",
                "        fn set_failed(&mut self, _failed: &mut bool) {}",
                "    }",
                "",
                "    let mut mock_reader = MockRead {",
                "        bytes: b\"abcdef\".to_vec(), // Also contains none of b'0'..=b'9'",
                "        position: 0,",
                "    };",
                "",
                "    let mut deserializer = Deserializer {",
                "        read: mock_reader,",
                "        scratch: Vec::new(),",
                "        remaining_depth: 128,",
                "    };",
                "",
                "    let _result = deserializer.parse_exponent_overflow(true, false, false);",
                "}"
              ],
              "oracles": [
                [
                  "    let mut mock_reader = MockRead { bytes: b\"abcdef\".to_vec(), position: 0 };",
                  "    let mut deserializer = Deserializer { read: mock_reader, scratch: Vec::new(), remaining_depth: 128 };",
                  "    let _result = deserializer.parse_exponent_overflow(true, false, false);",
                  "    assert_eq!(_result, Ok(0.0));"
                ]
              ],
              "codes": [
                [
                  "{",
                  "    struct MockRead {",
                  "        bytes: Vec<u8>,",
                  "        position: usize,",
                  "    }",
                  "",
                  "    impl<'de> Read<'de> for MockRead {",
                  "        const should_early_return_if_failed: bool = false;",
                  "",
                  "        fn next(&mut self) -> Result<Option<u8>> {",
                  "            if self.position < self.bytes.len() {",
                  "                let byte = self.bytes[self.position];",
                  "                self.position += 1;",
                  "                Ok(Some(byte))",
                  "            } else {",
                  "                Ok(None)",
                  "            }",
                  "        }",
                  "",
                  "        fn peek(&mut self) -> Result<Option<u8>> {",
                  "            if self.position < self.bytes.len() {",
                  "                Ok(Some(self.bytes[self.position]))",
                  "            } else {",
                  "                Ok(None)",
                  "            }",
                  "        }",
                  "",
                  "        fn discard(&mut self) {}",
                  "",
                  "        fn position(&self) -> Position {",
                  "            Position { line: 0, column: self.position }",
                  "        }",
                  "",
                  "        fn peek_position(&self) -> Position {",
                  "            Position { line: 0, column: self.position }",
                  "        }",
                  "",
                  "        fn byte_offset(&self) -> usize {",
                  "            self.position",
                  "        }",
                  "        ",
                  "        fn parse_str<'s>(&'s mut self, _scratch: &'s mut Vec<u8>) -> Result<Reference<'de, 's, str>> {",
                  "            unimplemented!()",
                  "        }",
                  "",
                  "        fn parse_str_raw<'s>(&'s mut self, _scratch: &'s mut Vec<u8>) -> Result<Reference<'de, 's, [u8]>> {",
                  "            unimplemented!()",
                  "        }",
                  "",
                  "        fn ignore_str(&mut self) -> Result<()> {",
                  "            unimplemented!()",
                  "        }",
                  "",
                  "        fn decode_hex_escape(&mut self) -> Result<u16> {",
                  "            unimplemented!()",
                  "        }",
                  "",
                  "        fn set_failed(&mut self, _failed: &mut bool) {}",
                  "    }",
                  "",
                  "    let mut mock_reader = MockRead {",
                  "        bytes: b\"abcdef\".to_vec(), // Also contains none of b'0'..=b'9'",
                  "        position: 0,",
                  "    };",
                  "",
                  "    let mut deserializer = Deserializer {",
                  "        read: mock_reader,",
                  "        scratch: Vec::new(),",
                  "        remaining_depth: 128,",
                  "    };",
                  "",
                  "    let _result = deserializer.parse_exponent_overflow(true, false, false);",
                  "    let mut mock_reader = MockRead { bytes: b\"abcdef\".to_vec(), position: 0 };",
                  "    let mut deserializer = Deserializer { read: mock_reader, scratch: Vec::new(), remaining_depth: 128 };",
                  "    let _result = deserializer.parse_exponent_overflow(true, false, false);",
                  "    assert_eq!(_result, Ok(0.0));",
                  "}"
                ]
              ],
              "can_compile": [
                {
                  "Err": "   Compiling proc-macro2 v1.0.95\n   Compiling serde v1.0.219\n   Compiling syn v1.0.109\n   Compiling libc v0.2.172\n   Compiling target-triple v0.1.4\n   Compiling serde_json v1.0.140\n   Compiling rustversion v1.0.20\n   Compiling ref-cast v1.0.24\n   Compiling psm v0.1.26\n   Compiling stacker v0.1.21\n   Compiling serde_json v1.0.140 (/home/abezbm/rust-utgen-test-crates-new/json)\n   Compiling quote v1.0.40\n   Compiling syn v2.0.101\n   Compiling serde_derive v1.0.219\n   Compiling ref-cast-impl v1.0.24\n   Compiling automod v1.0.15\n   Compiling ntest_timeout v0.9.3\n   Compiling ntest_test_cases v0.9.3\n   Compiling ntest v0.9.3\n   Compiling serde_spanned v0.6.8\n   Compiling toml_datetime v0.6.9\n   Compiling serde_stacker v0.1.12\n   Compiling serde_bytes v0.11.17\n   Compiling toml_edit v0.22.25\n   Compiling toml v0.8.21\n   Compiling trybuild v1.0.104\nerror[E0412]: cannot find type `Position` in this scope\n    --> src/de.rs:2738:31\n     |\n2738 |         fn position(&self) -> Position {\n     |                               ^^^^^^^^ not found in this scope\n     |\nhelp: consider importing this struct\n     |\n2705 +    use crate::read::Position;\n     |\n\nerror[E0422]: cannot find struct, variant or union type `Position` in this scope\n    --> src/de.rs:2739:13\n     |\n2739 |             Position { line: 0, column: self.position }\n     |             ^^^^^^^^ not found in this scope\n     |\nhelp: consider importing this struct\n     |\n2705 +    use crate::read::Position;\n     |\n\nerror[E0412]: cannot find type `Position` in this scope\n    --> src/de.rs:2742:36\n     |\n2742 |         fn peek_position(&self) -> Position {\n     |                                    ^^^^^^^^ not found in this scope\n     |\nhelp: consider importing this struct\n     |\n2705 +    use crate::read::Position;\n     |\n\nerror[E0422]: cannot find struct, variant or union type `Position` in this scope\n    --> src/de.rs:2743:13\n     |\n2743 |             Position { line: 0, column: self.position }\n     |             ^^^^^^^^ not found in this scope\n     |\nhelp: consider importing this struct\n     |\n2705 +    use crate::read::Position;\n     |\n\nwarning: unused import: `ntest::timeout`\n    --> src/de.rs:2706:8\n     |\n2706 |    use ntest::timeout;\n     |        ^^^^^^^^^^^^^^\n     |\n     = note: `#[warn(unused_imports)]` on by default\n\nerror[E0277]: the trait bound `MockRead: read::private::Sealed` is not satisfied\n    --> src/de.rs:2715:29\n     |\n2715 |     impl<'de> Read<'de> for MockRead {\n     |                             ^^^^^^^^ the trait `read::private::Sealed` is not implemented for `MockRead`\n     |\n     = help: the following other types implement trait `read::private::Sealed`:\n               &mut R\n               IoRead<R>\n               SliceRead<'a>\n               StrRead<'a>\nnote: required by a bound in `read::Read`\n    --> src/read.rs:28:22\n     |\n28   | pub trait Read<'de>: private::Sealed {\n     |                      ^^^^^^^^^^^^^^^ required by this bound in `Read`\n     = note: `Read` is a \"sealed trait\", because to implement it you also need to implement `read::private::Sealed`, which is not accessible; this is usually done to force you to use one of the provided types that already implement it\n     = help: the following types implement the trait:\n               read::IoRead<R>\n               read::SliceRead<'a>\n               read::StrRead<'a>\n               &mut R\n\nerror[E0369]: binary operation `==` cannot be applied to type `std::result::Result<f64, error::Error>`\n    --> src/de.rs:2784:5\n     |\n2784 |     assert_eq!(_result, Ok(0.0));\n     |     ^^^^^^^^^^^^^^^^^^^^^^^^^^^^\n     |     |\n     |     std::result::Result<f64, error::Error>\n     |     std::result::Result<f64, error::Error>\n     |\nnote: an implementation of `PartialEq` might be missing for `error::Error`\n    --> src/error.rs:17:1\n     |\n17   | pub struct Error {\n     | ^^^^^^^^^^^^^^^^ must implement `PartialEq`\n     = note: this error originates in the macro `assert_eq` (in Nightly builds, run with -Z macro-backtrace for more info)\nhelp: consider annotating `error::Error` with `#[derive(PartialEq)]`\n    -->  src/error.rs:17:1\n     |\n17   + #[derive(PartialEq)]\n18   | pub struct Error {\n     |\n\nSome errors have detailed explanations: E0277, E0369, E0412, E0422.\nFor more information about an error, try `rustc --explain E0277`.\nwarning: `serde_json` (lib test) generated 1 warning\nerror: could not compile `serde_json` (lib test) due to 6 previous errors; 1 warning emitted\n"
                }
              ],
              "repaired": [
                false
              ]
            }
          ]
        }
      ]
    },
    {
      "chain_id": 13,
      "prompt_conds": [
        "// constraint: zero_significand is false\n",
        "// constraint: positive_exp is false\n",
        "// constraint: self.peek_or_null() matches core::result::Result::Ok(val) is true\n",
        "// constraint: self.peek_or_null() matches core::result::Result::Ok(val) is true\n",
        "// constraint: let b'0'..=b'9' = tri!(self.peek_or_null()) is false\n",
        "// constraint: positive is false\n",
        "// expected return value/type: Ok(if positive { 0.0 } else { -0.0 })\n"
      ],
      "input_infer": "zero_significand = false, positive_exp = false, self.peek_or_null() = Ok(b'0'), self.peek_or_null() = Ok(b'9'), let b'0'..=b'9' = false, positive = false\n",
      "answers": [
        {
          "uses": [],
          "has_test_mod": false,
          "common": [],
          "chain_tests": [
            {
              "attrs": [],
              "prefix": [
                "{",
                "    struct MockRead {",
                "        input: Vec<u8>,",
                "        position: usize,",
                "    }",
                "",
                "    impl<'de> Read<'de> for MockRead {",
                "        const should_early_return_if_failed: bool = false;",
                "        ",
                "        fn next(&mut self) -> Result<Option<u8>> {",
                "            if self.position < self.input.len() {",
                "                let byte = self.input[self.position];",
                "                self.position += 1;",
                "                Ok(Some(byte))",
                "            } else {",
                "                Ok(None)",
                "            }",
                "        }",
                "",
                "        fn peek(&mut self) -> Result<Option<u8>> {",
                "            if self.position < self.input.len() {",
                "                Ok(Some(self.input[self.position]))",
                "            } else {",
                "                Ok(None)",
                "            }",
                "        }",
                "",
                "        fn discard(&mut self) {}",
                "",
                "        fn position(&self) -> Position {",
                "            Position { line: 0, column: self.position }",
                "        }",
                "",
                "        fn peek_position(&self) -> Position {",
                "            Position { line: 0, column: self.position }",
                "        }",
                "",
                "        fn byte_offset(&self) -> usize {",
                "            self.position",
                "        }",
                "",
                "        fn parse_str<'s>(&'s mut self, scratch: &'s mut Vec<u8>) -> Result<Reference<'de, 's, str>> {",
                "            unimplemented!()",
                "        }",
                "",
                "        fn parse_str_raw<'s>(&'s mut self, scratch: &'s mut Vec<u8>) -> Result<Reference<'de, 's, [u8]>> {",
                "            unimplemented!()",
                "        }",
                "",
                "        fn ignore_str(&mut self) -> Result<()> {",
                "            unimplemented!()",
                "        }",
                "",
                "        fn decode_hex_escape(&mut self) -> Result<u16> {",
                "            unimplemented!()",
                "        }",
                "",
                "        fn set_failed(&mut self, failed: &mut bool) {",
                "            *failed = true;",
                "        }",
                "    }",
                "",
                "    let input = b\"00000000000000000\"; // represents zero_significand = false, enough '0's present in input",
                "    let mut mock_reader = MockRead { input: input.to_vec(), position: 0 };",
                "    let mut deserializer = Deserializer { read: mock_reader, scratch: Vec::new(), remaining_depth: 0 };",
                "",
                "    let result = deserializer.parse_exponent_overflow(false, false, false);",
                "}"
              ],
              "oracles": [
                [
                  "    let input = b\"00000000000000000\";",
                  "    let mut mock_reader = MockRead { input: input.to_vec(), position: 0 };",
                  "    let mut deserializer = Deserializer { read: mock_reader, scratch: Vec::new(), remaining_depth: 0 };",
                  "    let result = deserializer.parse_exponent_overflow(false, false, false);",
                  "    assert_eq!(result, Ok(-0.0));"
                ]
              ],
              "codes": [
                [
                  "{",
                  "    struct MockRead {",
                  "        input: Vec<u8>,",
                  "        position: usize,",
                  "    }",
                  "",
                  "    impl<'de> Read<'de> for MockRead {",
                  "        const should_early_return_if_failed: bool = false;",
                  "        ",
                  "        fn next(&mut self) -> Result<Option<u8>> {",
                  "            if self.position < self.input.len() {",
                  "                let byte = self.input[self.position];",
                  "                self.position += 1;",
                  "                Ok(Some(byte))",
                  "            } else {",
                  "                Ok(None)",
                  "            }",
                  "        }",
                  "",
                  "        fn peek(&mut self) -> Result<Option<u8>> {",
                  "            if self.position < self.input.len() {",
                  "                Ok(Some(self.input[self.position]))",
                  "            } else {",
                  "                Ok(None)",
                  "            }",
                  "        }",
                  "",
                  "        fn discard(&mut self) {}",
                  "",
                  "        fn position(&self) -> Position {",
                  "            Position { line: 0, column: self.position }",
                  "        }",
                  "",
                  "        fn peek_position(&self) -> Position {",
                  "            Position { line: 0, column: self.position }",
                  "        }",
                  "",
                  "        fn byte_offset(&self) -> usize {",
                  "            self.position",
                  "        }",
                  "",
                  "        fn parse_str<'s>(&'s mut self, scratch: &'s mut Vec<u8>) -> Result<Reference<'de, 's, str>> {",
                  "            unimplemented!()",
                  "        }",
                  "",
                  "        fn parse_str_raw<'s>(&'s mut self, scratch: &'s mut Vec<u8>) -> Result<Reference<'de, 's, [u8]>> {",
                  "            unimplemented!()",
                  "        }",
                  "",
                  "        fn ignore_str(&mut self) -> Result<()> {",
                  "            unimplemented!()",
                  "        }",
                  "",
                  "        fn decode_hex_escape(&mut self) -> Result<u16> {",
                  "            unimplemented!()",
                  "        }",
                  "",
                  "        fn set_failed(&mut self, failed: &mut bool) {",
                  "            *failed = true;",
                  "        }",
                  "    }",
                  "",
                  "    let input = b\"00000000000000000\"; // represents zero_significand = false, enough '0's present in input",
                  "    let mut mock_reader = MockRead { input: input.to_vec(), position: 0 };",
                  "    let mut deserializer = Deserializer { read: mock_reader, scratch: Vec::new(), remaining_depth: 0 };",
                  "",
                  "    let result = deserializer.parse_exponent_overflow(false, false, false);",
                  "    let input = b\"00000000000000000\";",
                  "    let mut mock_reader = MockRead { input: input.to_vec(), position: 0 };",
                  "    let mut deserializer = Deserializer { read: mock_reader, scratch: Vec::new(), remaining_depth: 0 };",
                  "    let result = deserializer.parse_exponent_overflow(false, false, false);",
                  "    assert_eq!(result, Ok(-0.0));",
                  "}"
                ]
              ],
              "can_compile": [
                {
                  "Err": "   Compiling proc-macro2 v1.0.95\n   Compiling serde v1.0.219\n   Compiling syn v1.0.109\n   Compiling libc v0.2.172\n   Compiling serde_json v1.0.140\n   Compiling target-triple v0.1.4\n   Compiling ref-cast v1.0.24\n   Compiling rustversion v1.0.20\n   Compiling serde_json v1.0.140 (/home/abezbm/rust-utgen-test-crates-new/json)\n   Compiling psm v0.1.26\n   Compiling stacker v0.1.21\n   Compiling quote v1.0.40\n   Compiling syn v2.0.101\n   Compiling serde_derive v1.0.219\n   Compiling ref-cast-impl v1.0.24\n   Compiling automod v1.0.15\n   Compiling ntest_timeout v0.9.3\n   Compiling ntest_test_cases v0.9.3\n   Compiling ntest v0.9.3\n   Compiling serde_spanned v0.6.8\n   Compiling toml_datetime v0.6.9\n   Compiling serde_stacker v0.1.12\n   Compiling serde_bytes v0.11.17\n   Compiling toml_edit v0.22.25\n   Compiling toml v0.8.21\n   Compiling trybuild v1.0.104\nerror[E0412]: cannot find type `Position` in this scope\n    --> src/de.rs:2738:31\n     |\n2738 |         fn position(&self) -> Position {\n     |                               ^^^^^^^^ not found in this scope\n     |\nhelp: consider importing this struct\n     |\n2705 +    use crate::read::Position;\n     |\n\nerror[E0422]: cannot find struct, variant or union type `Position` in this scope\n    --> src/de.rs:2739:13\n     |\n2739 |             Position { line: 0, column: self.position }\n     |             ^^^^^^^^ not found in this scope\n     |\nhelp: consider importing this struct\n     |\n2705 +    use crate::read::Position;\n     |\n\nerror[E0412]: cannot find type `Position` in this scope\n    --> src/de.rs:2742:36\n     |\n2742 |         fn peek_position(&self) -> Position {\n     |                                    ^^^^^^^^ not found in this scope\n     |\nhelp: consider importing this struct\n     |\n2705 +    use crate::read::Position;\n     |\n\nerror[E0422]: cannot find struct, variant or union type `Position` in this scope\n    --> src/de.rs:2743:13\n     |\n2743 |             Position { line: 0, column: self.position }\n     |             ^^^^^^^^ not found in this scope\n     |\nhelp: consider importing this struct\n     |\n2705 +    use crate::read::Position;\n     |\n\nwarning: unused import: `ntest::timeout`\n    --> src/de.rs:2706:8\n     |\n2706 |    use ntest::timeout;\n     |        ^^^^^^^^^^^^^^\n     |\n     = note: `#[warn(unused_imports)]` on by default\n\nerror[E0277]: the trait bound `MockRead: read::private::Sealed` is not satisfied\n    --> src/de.rs:2715:29\n     |\n2715 |     impl<'de> Read<'de> for MockRead {\n     |                             ^^^^^^^^ the trait `read::private::Sealed` is not implemented for `MockRead`\n     |\n     = help: the following other types implement trait `read::private::Sealed`:\n               &mut R\n               IoRead<R>\n               SliceRead<'a>\n               StrRead<'a>\nnote: required by a bound in `read::Read`\n    --> src/read.rs:28:22\n     |\n28   | pub trait Read<'de>: private::Sealed {\n     |                      ^^^^^^^^^^^^^^^ required by this bound in `Read`\n     = note: `Read` is a \"sealed trait\", because to implement it you also need to implement `read::private::Sealed`, which is not accessible; this is usually done to force you to use one of the provided types that already implement it\n     = help: the following types implement the trait:\n               read::IoRead<R>\n               read::SliceRead<'a>\n               read::StrRead<'a>\n               &mut R\n\nerror[E0369]: binary operation `==` cannot be applied to type `std::result::Result<f64, error::Error>`\n    --> src/de.rs:2780:5\n     |\n2780 |     assert_eq!(result, Ok(-0.0));\n     |     ^^^^^^^^^^^^^^^^^^^^^^^^^^^^\n     |     |\n     |     std::result::Result<f64, error::Error>\n     |     std::result::Result<f64, error::Error>\n     |\nnote: an implementation of `PartialEq` might be missing for `error::Error`\n    --> src/error.rs:17:1\n     |\n17   | pub struct Error {\n     | ^^^^^^^^^^^^^^^^ must implement `PartialEq`\n     = note: this error originates in the macro `assert_eq` (in Nightly builds, run with -Z macro-backtrace for more info)\nhelp: consider annotating `error::Error` with `#[derive(PartialEq)]`\n    -->  src/error.rs:17:1\n     |\n17   + #[derive(PartialEq)]\n18   | pub struct Error {\n     |\n\nwarning: unused variable: `scratch`\n    --> src/de.rs:2750:40\n     |\n2750 |         fn parse_str<'s>(&'s mut self, scratch: &'s mut Vec<u8>) -> Result<Reference<'de, 's, str>> {\n     |                                        ^^^^^^^ help: if this is intentional, prefix it with an underscore: `_scratch`\n     |\n     = note: `#[warn(unused_variables)]` on by default\n\nwarning: unused variable: `scratch`\n    --> src/de.rs:2754:44\n     |\n2754 |         fn parse_str_raw<'s>(&'s mut self, scratch: &'s mut Vec<u8>) -> Result<Reference<'de, 's, [u8]>> {\n     |                                            ^^^^^^^ help: if this is intentional, prefix it with an underscore: `_scratch`\n\nSome errors have detailed explanations: E0277, E0369, E0412, E0422.\nFor more information about an error, try `rustc --explain E0277`.\nwarning: `serde_json` (lib test) generated 3 warnings\nerror: could not compile `serde_json` (lib test) due to 6 previous errors; 3 warnings emitted\n"
                }
              ],
              "repaired": [
                false
              ]
            },
            {
              "attrs": [],
              "prefix": [
                "{",
                "    struct MockRead {",
                "        input: Vec<u8>,",
                "        position: usize,",
                "    }",
                "",
                "    impl<'de> Read<'de> for MockRead {",
                "        const should_early_return_if_failed: bool = false;",
                "        ",
                "        fn next(&mut self) -> Result<Option<u8>> {",
                "            if self.position < self.input.len() {",
                "                let byte = self.input[self.position];",
                "                self.position += 1;",
                "                Ok(Some(byte))",
                "            } else {",
                "                Ok(None)",
                "            }",
                "        }",
                "",
                "        fn peek(&mut self) -> Result<Option<u8>> {",
                "            if self.position < self.input.len() {",
                "                Ok(Some(self.input[self.position]))",
                "            } else {",
                "                Ok(None)",
                "            }",
                "        }",
                "",
                "        fn discard(&mut self) {}",
                "",
                "        fn position(&self) -> Position {",
                "            Position { line: 0, column: self.position }",
                "        }",
                "",
                "        fn peek_position(&self) -> Position {",
                "            Position { line: 0, column: self.position }",
                "        }",
                "",
                "        fn byte_offset(&self) -> usize {",
                "            self.position",
                "        }",
                "",
                "        fn parse_str<'s>(&'s mut self, scratch: &'s mut Vec<u8>) -> Result<Reference<'de, 's, str>> {",
                "            unimplemented!()",
                "        }",
                "",
                "        fn parse_str_raw<'s>(&'s mut self, scratch: &'s mut Vec<u8>) -> Result<Reference<'de, 's, [u8]>> {",
                "            unimplemented!()",
                "        }",
                "",
                "        fn ignore_str(&mut self) -> Result<()> {",
                "            unimplemented!()",
                "        }",
                "",
                "        fn decode_hex_escape(&mut self) -> Result<u16> {",
                "            unimplemented!()",
                "        }",
                "",
                "        fn set_failed(&mut self, failed: &mut bool) {",
                "            *failed = true;",
                "        }",
                "    }",
                "",
                "    let input = b\"99999999999999999\"; // represents zero_significand = false, large number present in input",
                "    let mut mock_reader = MockRead { input: input.to_vec(), position: 0 };",
                "    let mut deserializer = Deserializer { read: mock_reader, scratch: Vec::new(), remaining_depth: 0 };",
                "",
                "    let result = deserializer.parse_exponent_overflow(false, false, false);",
                "}"
              ],
              "oracles": [
                [
                  "    let input = b\"99999999999999999\";",
                  "    let mut mock_reader = MockRead { input: input.to_vec(), position: 0 };",
                  "    let mut deserializer = Deserializer { read: mock_reader, scratch: Vec::new(), remaining_depth: 0 };",
                  "    let result = deserializer.parse_exponent_overflow(false, false, false);",
                  "    assert_eq!(result, Ok(-0.0));"
                ]
              ],
              "codes": [
                [
                  "{",
                  "    struct MockRead {",
                  "        input: Vec<u8>,",
                  "        position: usize,",
                  "    }",
                  "",
                  "    impl<'de> Read<'de> for MockRead {",
                  "        const should_early_return_if_failed: bool = false;",
                  "        ",
                  "        fn next(&mut self) -> Result<Option<u8>> {",
                  "            if self.position < self.input.len() {",
                  "                let byte = self.input[self.position];",
                  "                self.position += 1;",
                  "                Ok(Some(byte))",
                  "            } else {",
                  "                Ok(None)",
                  "            }",
                  "        }",
                  "",
                  "        fn peek(&mut self) -> Result<Option<u8>> {",
                  "            if self.position < self.input.len() {",
                  "                Ok(Some(self.input[self.position]))",
                  "            } else {",
                  "                Ok(None)",
                  "            }",
                  "        }",
                  "",
                  "        fn discard(&mut self) {}",
                  "",
                  "        fn position(&self) -> Position {",
                  "            Position { line: 0, column: self.position }",
                  "        }",
                  "",
                  "        fn peek_position(&self) -> Position {",
                  "            Position { line: 0, column: self.position }",
                  "        }",
                  "",
                  "        fn byte_offset(&self) -> usize {",
                  "            self.position",
                  "        }",
                  "",
                  "        fn parse_str<'s>(&'s mut self, scratch: &'s mut Vec<u8>) -> Result<Reference<'de, 's, str>> {",
                  "            unimplemented!()",
                  "        }",
                  "",
                  "        fn parse_str_raw<'s>(&'s mut self, scratch: &'s mut Vec<u8>) -> Result<Reference<'de, 's, [u8]>> {",
                  "            unimplemented!()",
                  "        }",
                  "",
                  "        fn ignore_str(&mut self) -> Result<()> {",
                  "            unimplemented!()",
                  "        }",
                  "",
                  "        fn decode_hex_escape(&mut self) -> Result<u16> {",
                  "            unimplemented!()",
                  "        }",
                  "",
                  "        fn set_failed(&mut self, failed: &mut bool) {",
                  "            *failed = true;",
                  "        }",
                  "    }",
                  "",
                  "    let input = b\"99999999999999999\"; // represents zero_significand = false, large number present in input",
                  "    let mut mock_reader = MockRead { input: input.to_vec(), position: 0 };",
                  "    let mut deserializer = Deserializer { read: mock_reader, scratch: Vec::new(), remaining_depth: 0 };",
                  "",
                  "    let result = deserializer.parse_exponent_overflow(false, false, false);",
                  "    let input = b\"99999999999999999\";",
                  "    let mut mock_reader = MockRead { input: input.to_vec(), position: 0 };",
                  "    let mut deserializer = Deserializer { read: mock_reader, scratch: Vec::new(), remaining_depth: 0 };",
                  "    let result = deserializer.parse_exponent_overflow(false, false, false);",
                  "    assert_eq!(result, Ok(-0.0));",
                  "}"
                ]
              ],
              "can_compile": [
                {
                  "Err": "   Compiling proc-macro2 v1.0.95\n   Compiling serde v1.0.219\n   Compiling syn v1.0.109\n   Compiling libc v0.2.172\n   Compiling target-triple v0.1.4\n   Compiling serde_json v1.0.140\n   Compiling rustversion v1.0.20\n   Compiling ref-cast v1.0.24\n   Compiling serde_json v1.0.140 (/home/abezbm/rust-utgen-test-crates-new/json)\n   Compiling psm v0.1.26\n   Compiling stacker v0.1.21\n   Compiling quote v1.0.40\n   Compiling syn v2.0.101\n   Compiling serde_derive v1.0.219\n   Compiling ref-cast-impl v1.0.24\n   Compiling automod v1.0.15\n   Compiling ntest_timeout v0.9.3\n   Compiling ntest_test_cases v0.9.3\n   Compiling ntest v0.9.3\n   Compiling toml_datetime v0.6.9\n   Compiling serde_spanned v0.6.8\n   Compiling serde_stacker v0.1.12\n   Compiling serde_bytes v0.11.17\n   Compiling toml_edit v0.22.25\n   Compiling toml v0.8.21\n   Compiling trybuild v1.0.104\nerror[E0412]: cannot find type `Position` in this scope\n    --> src/de.rs:2738:31\n     |\n2738 |         fn position(&self) -> Position {\n     |                               ^^^^^^^^ not found in this scope\n     |\nhelp: consider importing this struct\n     |\n2705 +    use crate::read::Position;\n     |\n\nerror[E0422]: cannot find struct, variant or union type `Position` in this scope\n    --> src/de.rs:2739:13\n     |\n2739 |             Position { line: 0, column: self.position }\n     |             ^^^^^^^^ not found in this scope\n     |\nhelp: consider importing this struct\n     |\n2705 +    use crate::read::Position;\n     |\n\nerror[E0412]: cannot find type `Position` in this scope\n    --> src/de.rs:2742:36\n     |\n2742 |         fn peek_position(&self) -> Position {\n     |                                    ^^^^^^^^ not found in this scope\n     |\nhelp: consider importing this struct\n     |\n2705 +    use crate::read::Position;\n     |\n\nerror[E0422]: cannot find struct, variant or union type `Position` in this scope\n    --> src/de.rs:2743:13\n     |\n2743 |             Position { line: 0, column: self.position }\n     |             ^^^^^^^^ not found in this scope\n     |\nhelp: consider importing this struct\n     |\n2705 +    use crate::read::Position;\n     |\n\nwarning: unused import: `ntest::timeout`\n    --> src/de.rs:2706:8\n     |\n2706 |    use ntest::timeout;\n     |        ^^^^^^^^^^^^^^\n     |\n     = note: `#[warn(unused_imports)]` on by default\n\nerror[E0277]: the trait bound `MockRead: read::private::Sealed` is not satisfied\n    --> src/de.rs:2715:29\n     |\n2715 |     impl<'de> Read<'de> for MockRead {\n     |                             ^^^^^^^^ the trait `read::private::Sealed` is not implemented for `MockRead`\n     |\n     = help: the following other types implement trait `read::private::Sealed`:\n               &mut R\n               IoRead<R>\n               SliceRead<'a>\n               StrRead<'a>\nnote: required by a bound in `read::Read`\n    --> src/read.rs:28:22\n     |\n28   | pub trait Read<'de>: private::Sealed {\n     |                      ^^^^^^^^^^^^^^^ required by this bound in `Read`\n     = note: `Read` is a \"sealed trait\", because to implement it you also need to implement `read::private::Sealed`, which is not accessible; this is usually done to force you to use one of the provided types that already implement it\n     = help: the following types implement the trait:\n               read::IoRead<R>\n               read::SliceRead<'a>\n               read::StrRead<'a>\n               &mut R\n\nerror[E0369]: binary operation `==` cannot be applied to type `std::result::Result<f64, error::Error>`\n    --> src/de.rs:2780:5\n     |\n2780 |     assert_eq!(result, Ok(-0.0));\n     |     ^^^^^^^^^^^^^^^^^^^^^^^^^^^^\n     |     |\n     |     std::result::Result<f64, error::Error>\n     |     std::result::Result<f64, error::Error>\n     |\nnote: an implementation of `PartialEq` might be missing for `error::Error`\n    --> src/error.rs:17:1\n     |\n17   | pub struct Error {\n     | ^^^^^^^^^^^^^^^^ must implement `PartialEq`\n     = note: this error originates in the macro `assert_eq` (in Nightly builds, run with -Z macro-backtrace for more info)\nhelp: consider annotating `error::Error` with `#[derive(PartialEq)]`\n    -->  src/error.rs:17:1\n     |\n17   + #[derive(PartialEq)]\n18   | pub struct Error {\n     |\n\nwarning: unused variable: `scratch`\n    --> src/de.rs:2750:40\n     |\n2750 |         fn parse_str<'s>(&'s mut self, scratch: &'s mut Vec<u8>) -> Result<Reference<'de, 's, str>> {\n     |                                        ^^^^^^^ help: if this is intentional, prefix it with an underscore: `_scratch`\n     |\n     = note: `#[warn(unused_variables)]` on by default\n\nwarning: unused variable: `scratch`\n    --> src/de.rs:2754:44\n     |\n2754 |         fn parse_str_raw<'s>(&'s mut self, scratch: &'s mut Vec<u8>) -> Result<Reference<'de, 's, [u8]>> {\n     |                                            ^^^^^^^ help: if this is intentional, prefix it with an underscore: `_scratch`\n\nSome errors have detailed explanations: E0277, E0369, E0412, E0422.\nFor more information about an error, try `rustc --explain E0277`.\nwarning: `serde_json` (lib test) generated 3 warnings\nerror: could not compile `serde_json` (lib test) due to 6 previous errors; 3 warnings emitted\n"
                }
              ],
              "repaired": [
                false
              ]
            }
          ]
        }
      ]
    }
  ]
}