{
  "name": "serde_json::value::de::<value::de::MapKeyDeserializer<'de> as serde::Deserializer<'de>>::deserialize_enum",
  "name_with_impl": "serde_json::value::de::{impl#20}::deserialize_enum",
  "mod_info": {
    "name": "value::de",
    "loc": "src/value/mod.rs:927:1:927:8"
  },
  "visible": true,
  "loc": "src/value/de.rs:1302:5:1314:6",
  "fn_tests": [
    {
      "chain_id": 1,
      "prompt_conds": [],
      "input_infer": "key: [\"valid_variant\", \"another_valid_variant\", \"invalid_variant\"], name: \"TestEnum\", variants: [\"\"], visitor: V = CustomVisitor; \n",
      "answers": [
        {
          "uses": [],
          "has_test_mod": false,
          "common": [
            "#[derive(Debug)]",
            "struct CustomVisitor;",
            "",
            "impl<'de> Visitor<'de> for CustomVisitor {",
            "    type Value = String;",
            "",
            "    fn expecting(&self, formatter: &mut fmt::Formatter) -> fmt::Result {",
            "        formatter.write_str(\"a string\")",
            "    }",
            "",
            "    fn visit_str<E>(self, value: &str) -> Result<Self::Value, E> {",
            "        Ok(value.to_owned())",
            "    }",
            "",
            "    // Implement other required methods...",
            "}"
          ],
          "chain_tests": [
            {
              "attrs": [],
              "prefix": [
                "{",
                "    let key = Cow::Borrowed(\"valid_variant\");",
                "    let deserializer = MapKeyDeserializer { key };",
                "    let result = deserializer.deserialize_enum(\"TestEnum\", &[\"valid_variant\", \"another_valid_variant\"], CustomVisitor);",
                "}"
              ],
              "oracles": [
                [
                  "    let key = Cow::Borrowed(\"valid_variant\");",
                  "    let deserializer = MapKeyDeserializer { key };",
                  "    let result = deserializer.deserialize_enum(\"TestEnum\", &[\"valid_variant\", \"another_valid_variant\"], CustomVisitor);",
                  "    assert!(result.is_ok());"
                ],
                [
                  "    let key = Cow::Borrowed(\"valid_variant\");",
                  "    let deserializer = MapKeyDeserializer { key };",
                  "    let result = deserializer.deserialize_enum(\"TestEnum\", &[\"valid_variant\", \"another_valid_variant\"], CustomVisitor);",
                  "    let value = result.unwrap();",
                  "    assert_eq!(value, \"valid_variant\");"
                ],
                [
                  "    let key = Cow::Borrowed(\"valid_variant\");",
                  "    let deserializer = MapKeyDeserializer { key };",
                  "    let result = deserializer.deserialize_enum(\"TestEnum\", &[\"valid_variant\", \"another_valid_variant\"], CustomVisitor);",
                  "    let value = result.unwrap();",
                  "    assert!(result.is_ok());"
                ],
                [
                  "    let key = Cow::Borrowed(\"valid_variant\");",
                  "    let deserializer = MapKeyDeserializer { key };",
                  "    let result = deserializer.deserialize_enum(\"TestEnum\", &[\"valid_variant\", \"another_valid_variant\"], CustomVisitor);",
                  "    let value = result.unwrap();",
                  "    assert!(result.is_ok());"
                ]
              ],
              "codes": [
                [
                  "{",
                  "    let key = Cow::Borrowed(\"valid_variant\");",
                  "    let deserializer = MapKeyDeserializer { key };",
                  "    let result = deserializer.deserialize_enum(\"TestEnum\", &[\"valid_variant\", \"another_valid_variant\"], CustomVisitor);",
                  "    let key = Cow::Borrowed(\"valid_variant\");",
                  "    let deserializer = MapKeyDeserializer { key };",
                  "    let result = deserializer.deserialize_enum(\"TestEnum\", &[\"valid_variant\", \"another_valid_variant\"], CustomVisitor);",
                  "    assert!(result.is_ok());",
                  "}"
                ],
                [
                  "{",
                  "    let key = Cow::Borrowed(\"valid_variant\");",
                  "    let deserializer = MapKeyDeserializer { key };",
                  "    let result = deserializer.deserialize_enum(\"TestEnum\", &[\"valid_variant\", \"another_valid_variant\"], CustomVisitor);",
                  "    let key = Cow::Borrowed(\"valid_variant\");",
                  "    let deserializer = MapKeyDeserializer { key };",
                  "    let result = deserializer.deserialize_enum(\"TestEnum\", &[\"valid_variant\", \"another_valid_variant\"], CustomVisitor);",
                  "    let value = result.unwrap();",
                  "    assert_eq!(value, \"valid_variant\");",
                  "}"
                ],
                [
                  "{",
                  "    let key = Cow::Borrowed(\"valid_variant\");",
                  "    let deserializer = MapKeyDeserializer { key };",
                  "    let result = deserializer.deserialize_enum(\"TestEnum\", &[\"valid_variant\", \"another_valid_variant\"], CustomVisitor);",
                  "    let key = Cow::Borrowed(\"valid_variant\");",
                  "    let deserializer = MapKeyDeserializer { key };",
                  "    let result = deserializer.deserialize_enum(\"TestEnum\", &[\"valid_variant\", \"another_valid_variant\"], CustomVisitor);",
                  "    let value = result.unwrap();",
                  "    assert!(result.is_ok());",
                  "}"
                ],
                [
                  "{",
                  "    let key = Cow::Borrowed(\"valid_variant\");",
                  "    let deserializer = MapKeyDeserializer { key };",
                  "    let result = deserializer.deserialize_enum(\"TestEnum\", &[\"valid_variant\", \"another_valid_variant\"], CustomVisitor);",
                  "    let key = Cow::Borrowed(\"valid_variant\");",
                  "    let deserializer = MapKeyDeserializer { key };",
                  "    let result = deserializer.deserialize_enum(\"TestEnum\", &[\"valid_variant\", \"another_valid_variant\"], CustomVisitor);",
                  "    let value = result.unwrap();",
                  "    assert!(result.is_ok());",
                  "}"
                ]
              ],
              "can_compile": [
                {
                  "Ok": null
                },
                {
                  "Ok": null
                },
                {
                  "Err": "   Compiling proc-macro2 v1.0.95\n   Compiling serde v1.0.219\n   Compiling syn v1.0.109\n   Compiling libc v0.2.172\n   Compiling serde_json v1.0.140\n   Compiling target-triple v0.1.4\n   Compiling rustversion v1.0.20\n   Compiling ref-cast v1.0.24\n   Compiling serde_json v1.0.140 (/home/abezbm/rust-utgen-test-crates-new/json)\n   Compiling psm v0.1.26\n   Compiling stacker v0.1.21\n   Compiling quote v1.0.40\n   Compiling syn v2.0.101\n   Compiling serde_derive v1.0.219\n   Compiling ref-cast-impl v1.0.24\n   Compiling automod v1.0.15\n   Compiling ntest_test_cases v0.9.3\n   Compiling ntest_timeout v0.9.3\n   Compiling ntest v0.9.3\n   Compiling toml_datetime v0.6.9\n   Compiling serde_spanned v0.6.8\n   Compiling serde_stacker v0.1.12\n   Compiling serde_bytes v0.11.17\n   Compiling toml_edit v0.22.25\n   Compiling toml v0.8.21\n   Compiling trybuild v1.0.104\nwarning: unused import: `ntest::timeout`\n    --> src/value/de.rs:1504:8\n     |\n1504 |    use ntest::timeout;\n     |        ^^^^^^^^^^^^^^\n     |\n     = note: `#[warn(unused_imports)]` on by default\n\nwarning: unused variable: `result`\n    --> src/value/de.rs:1527:9\n     |\n1527 |     let result = deserializer.deserialize_enum(\"TestEnum\", &[\"valid_variant\", \"another_valid_variant\"], CustomVisitor);\n     |         ^^^^^^ help: if this is intentional, prefix it with an underscore: `_result`\n     |\n     = note: `#[warn(unused_variables)]` on by default\n\nwarning: unused variable: `value`\n    --> src/value/de.rs:1531:9\n     |\n1531 |     let value = result.unwrap();\n     |         ^^^^^ help: if this is intentional, prefix it with an underscore: `_value`\n\nerror[E0382]: borrow of moved value: `result`\n    --> src/value/de.rs:1532:13\n     |\n1530 |     let result = deserializer.deserialize_enum(\"TestEnum\", &[\"valid_variant\", \"another_valid_variant\"], CustomVisitor);\n     |         ------ move occurs because `result` has type `std::result::Result<std::string::String, error::Error>`, which does not implement the `Copy` trait\n1531 |     let value = result.unwrap();\n     |                 ------ -------- `result` moved due to this method call\n     |                 |\n     |                 help: consider calling `.as_ref()` or `.as_mut()` to borrow the type's contents\n1532 |     assert!(result.is_ok());\n     |             ^^^^^^ value borrowed here after move\n     |\nnote: `std::result::Result::<T, E>::unwrap` takes ownership of the receiver `self`, which moves `result`\n    --> /home/abezbm/.rustup/toolchains/nightly-2024-07-21-x86_64-unknown-linux-gnu/lib/rustlib/src/rust/library/core/src/result.rs:1096:19\n     |\n1096 |     pub fn unwrap(self) -> T\n     |                   ^^^^\nhelp: you could `clone` the value and consume it, if the `error::Error: Clone` trait bound could be satisfied\n     |\n1531 |     let value = result.clone().unwrap();\n     |                       ++++++++\n\nFor more information about this error, try `rustc --explain E0382`.\nwarning: `serde_json` (lib test) generated 3 warnings\nerror: could not compile `serde_json` (lib test) due to 1 previous error; 3 warnings emitted\n"
                },
                {
                  "Err": "   Compiling proc-macro2 v1.0.95\n   Compiling serde v1.0.219\n   Compiling syn v1.0.109\n   Compiling libc v0.2.172\n   Compiling target-triple v0.1.4\n   Compiling serde_json v1.0.140\n   Compiling ref-cast v1.0.24\n   Compiling rustversion v1.0.20\n   Compiling serde_json v1.0.140 (/home/abezbm/rust-utgen-test-crates-new/json)\n   Compiling psm v0.1.26\n   Compiling stacker v0.1.21\n   Compiling quote v1.0.40\n   Compiling syn v2.0.101\n   Compiling serde_derive v1.0.219\n   Compiling ref-cast-impl v1.0.24\n   Compiling automod v1.0.15\n   Compiling ntest_test_cases v0.9.3\n   Compiling ntest_timeout v0.9.3\n   Compiling ntest v0.9.3\n   Compiling toml_datetime v0.6.9\n   Compiling serde_spanned v0.6.8\n   Compiling serde_stacker v0.1.12\n   Compiling serde_bytes v0.11.17\n   Compiling toml_edit v0.22.25\n   Compiling toml v0.8.21\n   Compiling trybuild v1.0.104\nwarning: unused import: `ntest::timeout`\n    --> src/value/de.rs:1504:8\n     |\n1504 |    use ntest::timeout;\n     |        ^^^^^^^^^^^^^^\n     |\n     = note: `#[warn(unused_imports)]` on by default\n\nwarning: unused variable: `result`\n    --> src/value/de.rs:1527:9\n     |\n1527 |     let result = deserializer.deserialize_enum(\"TestEnum\", &[\"valid_variant\", \"another_valid_variant\"], CustomVisitor);\n     |         ^^^^^^ help: if this is intentional, prefix it with an underscore: `_result`\n     |\n     = note: `#[warn(unused_variables)]` on by default\n\nwarning: unused variable: `value`\n    --> src/value/de.rs:1531:9\n     |\n1531 |     let value = result.unwrap();\n     |         ^^^^^ help: if this is intentional, prefix it with an underscore: `_value`\n\nerror[E0382]: borrow of moved value: `result`\n    --> src/value/de.rs:1532:13\n     |\n1530 |     let result = deserializer.deserialize_enum(\"TestEnum\", &[\"valid_variant\", \"another_valid_variant\"], CustomVisitor);\n     |         ------ move occurs because `result` has type `std::result::Result<std::string::String, error::Error>`, which does not implement the `Copy` trait\n1531 |     let value = result.unwrap();\n     |                 ------ -------- `result` moved due to this method call\n     |                 |\n     |                 help: consider calling `.as_ref()` or `.as_mut()` to borrow the type's contents\n1532 |     assert!(result.is_ok());\n     |             ^^^^^^ value borrowed here after move\n     |\nnote: `std::result::Result::<T, E>::unwrap` takes ownership of the receiver `self`, which moves `result`\n    --> /home/abezbm/.rustup/toolchains/nightly-2024-07-21-x86_64-unknown-linux-gnu/lib/rustlib/src/rust/library/core/src/result.rs:1096:19\n     |\n1096 |     pub fn unwrap(self) -> T\n     |                   ^^^^\nhelp: you could `clone` the value and consume it, if the `error::Error: Clone` trait bound could be satisfied\n     |\n1531 |     let value = result.clone().unwrap();\n     |                       ++++++++\n\nFor more information about this error, try `rustc --explain E0382`.\nwarning: `serde_json` (lib test) generated 3 warnings\nerror: could not compile `serde_json` (lib test) due to 1 previous error; 3 warnings emitted\n"
                }
              ],
              "repaired": [
                false,
                false,
                false,
                false
              ]
            },
            {
              "attrs": [],
              "prefix": [
                "{",
                "    let key = Cow::Borrowed(\"another_valid_variant\");",
                "    let deserializer = MapKeyDeserializer { key };",
                "    let result = deserializer.deserialize_enum(\"TestEnum\", &[\"valid_variant\", \"another_valid_variant\"], CustomVisitor);",
                "}"
              ],
              "oracles": [
                [
                  "    let key = Cow::Borrowed(\"another_valid_variant\");",
                  "    let deserializer = MapKeyDeserializer { key };",
                  "    let result = deserializer.deserialize_enum(\"TestEnum\", &[\"valid_variant\", \"another_valid_variant\"], CustomVisitor);",
                  "    assert!(result.is_ok());"
                ],
                [
                  "    let key = Cow::Borrowed(\"another_valid_variant\");",
                  "    let deserializer = MapKeyDeserializer { key };",
                  "    let result = deserializer.deserialize_enum(\"TestEnum\", &[\"valid_variant\", \"another_valid_variant\"], CustomVisitor);",
                  "    assert_eq!(result.unwrap(), \"another_valid_variant\");"
                ],
                [
                  "    let key = Cow::Borrowed(\"another_valid_variant\");",
                  "    let deserializer = MapKeyDeserializer { key };",
                  "    let result = deserializer.deserialize_enum(\"TestEnum\", &[\"valid_variant\", \"another_valid_variant\"], CustomVisitor);",
                  "    let key_invalid = Cow::Borrowed(\"invalid_variant\");",
                  "    let deserializer_invalid = MapKeyDeserializer { key: key_invalid };",
                  "    let result_invalid = deserializer_invalid.deserialize_enum(\"TestEnum\", &[\"valid_variant\", \"another_valid_variant\"], CustomVisitor);",
                  "    assert!(result_invalid.is_err());"
                ],
                [
                  "    let key = Cow::Borrowed(\"another_valid_variant\");",
                  "    let deserializer = MapKeyDeserializer { key };",
                  "    let result = deserializer.deserialize_enum(\"TestEnum\", &[\"valid_variant\", \"another_valid_variant\"], CustomVisitor);",
                  "    let key_invalid = Cow::Borrowed(\"invalid_variant\");",
                  "    let deserializer_invalid = MapKeyDeserializer { key: key_invalid };",
                  "    let result_invalid = deserializer_invalid.deserialize_enum(\"TestEnum\", &[\"valid_variant\", \"another_valid_variant\"], CustomVisitor);",
                  "    assert_eq!(result_invalid.unwrap_err().code(), ErrorCode::ExpectedEnumVariant);"
                ]
              ],
              "codes": [
                [
                  "{",
                  "    let key = Cow::Borrowed(\"another_valid_variant\");",
                  "    let deserializer = MapKeyDeserializer { key };",
                  "    let result = deserializer.deserialize_enum(\"TestEnum\", &[\"valid_variant\", \"another_valid_variant\"], CustomVisitor);",
                  "    let key = Cow::Borrowed(\"another_valid_variant\");",
                  "    let deserializer = MapKeyDeserializer { key };",
                  "    let result = deserializer.deserialize_enum(\"TestEnum\", &[\"valid_variant\", \"another_valid_variant\"], CustomVisitor);",
                  "    assert!(result.is_ok());",
                  "}"
                ],
                [
                  "{",
                  "    let key = Cow::Borrowed(\"another_valid_variant\");",
                  "    let deserializer = MapKeyDeserializer { key };",
                  "    let result = deserializer.deserialize_enum(\"TestEnum\", &[\"valid_variant\", \"another_valid_variant\"], CustomVisitor);",
                  "    let key = Cow::Borrowed(\"another_valid_variant\");",
                  "    let deserializer = MapKeyDeserializer { key };",
                  "    let result = deserializer.deserialize_enum(\"TestEnum\", &[\"valid_variant\", \"another_valid_variant\"], CustomVisitor);",
                  "    assert_eq!(result.unwrap(), \"another_valid_variant\");",
                  "}"
                ],
                [
                  "{",
                  "    let key = Cow::Borrowed(\"another_valid_variant\");",
                  "    let deserializer = MapKeyDeserializer { key };",
                  "    let result = deserializer.deserialize_enum(\"TestEnum\", &[\"valid_variant\", \"another_valid_variant\"], CustomVisitor);",
                  "    let key = Cow::Borrowed(\"another_valid_variant\");",
                  "    let deserializer = MapKeyDeserializer { key };",
                  "    let result = deserializer.deserialize_enum(\"TestEnum\", &[\"valid_variant\", \"another_valid_variant\"], CustomVisitor);",
                  "    let key_invalid = Cow::Borrowed(\"invalid_variant\");",
                  "    let deserializer_invalid = MapKeyDeserializer { key: key_invalid };",
                  "    let result_invalid = deserializer_invalid.deserialize_enum(\"TestEnum\", &[\"valid_variant\", \"another_valid_variant\"], CustomVisitor);",
                  "    assert!(result_invalid.is_err());",
                  "}"
                ],
                [
                  "{",
                  "    let key = Cow::Borrowed(\"another_valid_variant\");",
                  "    let deserializer = MapKeyDeserializer { key };",
                  "    let result = deserializer.deserialize_enum(\"TestEnum\", &[\"valid_variant\", \"another_valid_variant\"], CustomVisitor);",
                  "    let key = Cow::Borrowed(\"another_valid_variant\");",
                  "    let deserializer = MapKeyDeserializer { key };",
                  "    let result = deserializer.deserialize_enum(\"TestEnum\", &[\"valid_variant\", \"another_valid_variant\"], CustomVisitor);",
                  "    let key_invalid = Cow::Borrowed(\"invalid_variant\");",
                  "    let deserializer_invalid = MapKeyDeserializer { key: key_invalid };",
                  "    let result_invalid = deserializer_invalid.deserialize_enum(\"TestEnum\", &[\"valid_variant\", \"another_valid_variant\"], CustomVisitor);",
                  "    assert_eq!(result_invalid.unwrap_err().code(), ErrorCode::ExpectedEnumVariant);",
                  "}"
                ]
              ],
              "can_compile": [
                {
                  "Ok": null
                },
                {
                  "Ok": null
                },
                {
                  "Ok": null
                },
                {
                  "Err": "   Compiling proc-macro2 v1.0.95\n   Compiling serde v1.0.219\n   Compiling syn v1.0.109\n   Compiling libc v0.2.172\n   Compiling target-triple v0.1.4\n   Compiling serde_json v1.0.140\n   Compiling ref-cast v1.0.24\n   Compiling rustversion v1.0.20\n   Compiling serde_json v1.0.140 (/home/abezbm/rust-utgen-test-crates-new/json)\n   Compiling psm v0.1.26\n   Compiling stacker v0.1.21\n   Compiling quote v1.0.40\n   Compiling syn v2.0.101\n   Compiling serde_derive v1.0.219\n   Compiling ref-cast-impl v1.0.24\n   Compiling automod v1.0.15\n   Compiling ntest_test_cases v0.9.3\n   Compiling ntest_timeout v0.9.3\n   Compiling ntest v0.9.3\n   Compiling serde_spanned v0.6.8\n   Compiling toml_datetime v0.6.9\n   Compiling serde_stacker v0.1.12\n   Compiling serde_bytes v0.11.17\n   Compiling toml_edit v0.22.25\n   Compiling toml v0.8.21\n   Compiling trybuild v1.0.104\nwarning: unused import: `ntest::timeout`\n    --> src/value/de.rs:1504:8\n     |\n1504 |    use ntest::timeout;\n     |        ^^^^^^^^^^^^^^\n     |\n     = note: `#[warn(unused_imports)]` on by default\n\nerror[E0599]: no method named `code` found for struct `error::Error` in the current scope\n    --> src/value/de.rs:1534:44\n     |\n1534 |     assert_eq!(result_invalid.unwrap_err().code(), ErrorCode::ExpectedEnumVariant);\n     |                                            ^^^^ method not found in `Error`\n     |\n    ::: src/error.rs:17:1\n     |\n17   | pub struct Error {\n     | ---------------- method `code` not found for this struct\n\nerror[E0599]: no variant or associated item named `ExpectedEnumVariant` found for enum `error::ErrorCode` in the current scope\n    --> src/value/de.rs:1534:63\n     |\n1534 |     assert_eq!(result_invalid.unwrap_err().code(), ErrorCode::ExpectedEnumVariant);\n     |                                                               ^^^^^^^^^^^^^^^^^^^ variant or associated item not found in `ErrorCode`\n     |\n    ::: src/error.rs:236:1\n     |\n236  | pub(crate) enum ErrorCode {\n     | ------------------------- variant or associated item `ExpectedEnumVariant` not found for this enum\n\nFor more information about this error, try `rustc --explain E0599`.\nwarning: `serde_json` (lib test) generated 1 warning\nerror: could not compile `serde_json` (lib test) due to 2 previous errors; 1 warning emitted\n"
                }
              ],
              "repaired": [
                false,
                false,
                false,
                false
              ]
            },
            {
              "attrs": [
                "#[should_panic]"
              ],
              "prefix": [
                "{",
                "    let key = Cow::Borrowed(\"invalid_variant\");",
                "    let deserializer = MapKeyDeserializer { key };",
                "    let result = deserializer.deserialize_enum(\"TestEnum\", &[\"valid_variant\", \"another_valid_variant\"], CustomVisitor);",
                "}"
              ],
              "oracles": [
                [
                  "    let key = Cow::Borrowed(\"invalid_variant\");",
                  "    let deserializer = MapKeyDeserializer { key };",
                  "    let result = deserializer.deserialize_enum(\"TestEnum\", &[\"valid_variant\", \"another_valid_variant\"], CustomVisitor);",
                  "    assert!(result.is_err());"
                ],
                [
                  "    let key = Cow::Borrowed(\"invalid_variant\");",
                  "    let deserializer = MapKeyDeserializer { key };",
                  "    let result = deserializer.deserialize_enum(\"TestEnum\", &[\"valid_variant\", \"another_valid_variant\"], CustomVisitor);",
                  "    assert!(matches!(result.unwrap_err(), Error::syntax(ErrorCode::ExpectedNumericKey, _, _)));"
                ]
              ],
              "codes": [
                [
                  "{",
                  "    let key = Cow::Borrowed(\"invalid_variant\");",
                  "    let deserializer = MapKeyDeserializer { key };",
                  "    let result = deserializer.deserialize_enum(\"TestEnum\", &[\"valid_variant\", \"another_valid_variant\"], CustomVisitor);",
                  "    let key = Cow::Borrowed(\"invalid_variant\");",
                  "    let deserializer = MapKeyDeserializer { key };",
                  "    let result = deserializer.deserialize_enum(\"TestEnum\", &[\"valid_variant\", \"another_valid_variant\"], CustomVisitor);",
                  "    assert!(result.is_err());",
                  "}"
                ],
                [
                  "{",
                  "    let key = Cow::Borrowed(\"invalid_variant\");",
                  "    let deserializer = MapKeyDeserializer { key };",
                  "    let result = deserializer.deserialize_enum(\"TestEnum\", &[\"valid_variant\", \"another_valid_variant\"], CustomVisitor);",
                  "    let key = Cow::Borrowed(\"invalid_variant\");",
                  "    let deserializer = MapKeyDeserializer { key };",
                  "    let result = deserializer.deserialize_enum(\"TestEnum\", &[\"valid_variant\", \"another_valid_variant\"], CustomVisitor);",
                  "    assert!(matches!(result.unwrap_err(), Error::syntax(ErrorCode::ExpectedNumericKey, _, _)));",
                  "}"
                ]
              ],
              "can_compile": [
                {
                  "Ok": null
                },
                {
                  "Err": "   Compiling proc-macro2 v1.0.95\n   Compiling serde v1.0.219\n   Compiling syn v1.0.109\n   Compiling libc v0.2.172\n   Compiling serde_json v1.0.140\n   Compiling target-triple v0.1.4\n   Compiling rustversion v1.0.20\n   Compiling ref-cast v1.0.24\n   Compiling serde_json v1.0.140 (/home/abezbm/rust-utgen-test-crates-new/json)\n   Compiling psm v0.1.26\n   Compiling stacker v0.1.21\n   Compiling quote v1.0.40\n   Compiling syn v2.0.101\n   Compiling serde_derive v1.0.219\n   Compiling ref-cast-impl v1.0.24\n   Compiling automod v1.0.15\n   Compiling ntest_test_cases v0.9.3\n   Compiling ntest_timeout v0.9.3\n   Compiling ntest v0.9.3\n   Compiling serde_spanned v0.6.8\n   Compiling toml_datetime v0.6.9\n   Compiling serde_bytes v0.11.17\n   Compiling serde_stacker v0.1.12\n   Compiling toml_edit v0.22.25\n   Compiling toml v0.8.21\n   Compiling trybuild v1.0.104\nwarning: unused import: `ntest::timeout`\n    --> src/value/de.rs:1504:8\n     |\n1504 |    use ntest::timeout;\n     |        ^^^^^^^^^^^^^^\n     |\n     = note: `#[warn(unused_imports)]` on by default\n\nerror[E0164]: expected tuple struct or tuple variant, found associated function `Error::syntax`\n    --> src/value/de.rs:1532:43\n     |\n1532 |     assert!(matches!(result.unwrap_err(), Error::syntax(ErrorCode::ExpectedNumericKey, _, _)));\n     |                                           ^^^^^^^^^^^^^^^^^^^^^^^^^^^^^^^^^^^^^^^^^^^^^^^^^^ `fn` calls are not allowed in patterns\n     |\n     = help: for more information, visit https://doc.rust-lang.org/book/ch18-00-patterns.html\n\nFor more information about this error, try `rustc --explain E0164`.\nwarning: `serde_json` (lib test) generated 1 warning\nerror: could not compile `serde_json` (lib test) due to 1 previous error; 1 warning emitted\n"
                }
              ],
              "repaired": [
                false,
                false
              ]
            }
          ]
        }
      ]
    }
  ]
}