{
  "name": "serde_json::de::de::Deserializer<R>::new",
  "name_with_impl": "serde_json::de::{impl#0}::new",
  "mod_info": {
    "name": "de",
    "loc": "src/lib.rs:418:1:418:12"
  },
  "visible": true,
  "loc": "src/de.rs:59:5:69:6",
  "fn_tests": [
    {
      "chain_id": 1,
      "prompt_conds": [
        "// expected return value/type: Deserializer {\n            read,\n            scratch: Vec::new(),\n            remaining_depth: 128,\n            #[cfg(feature = \"float_roundtrip\")]\n            single_precision: false,\n            #[cfg(feature = \"unbounded_depth\")]\n            disable_recursion_limit: false,\n        }\n"
      ],
      "input_infer": "read: (any valid input that can be read, such as a string slice or a buffered reader); scratch: empty Vec<u8>; remaining_depth: 128; single_precision: false; disable_recursion_limit: false\n",
      "answers": [
        {
          "uses": [
            "use std::io::BufReader;",
            "use std::io::Cursor;"
          ],
          "has_test_mod": false,
          "common": [],
          "chain_tests": [
            {
              "attrs": [],
              "prefix": [
                "{",
                "    let input: &str = \"{}\";",
                "    let deserializer = Deserializer::new(StrRead::new(input));",
                "}"
              ],
              "oracles": [
                [
                  "    let input: &str = \"{}\";",
                  "    let deserializer = Deserializer::new(StrRead::new(input));",
                  "    assert_eq!(deserializer.remaining_depth, 128);"
                ],
                [
                  "    let input: &str = \"{}\";",
                  "    let deserializer = Deserializer::new(StrRead::new(input));",
                  "    assert!(deserializer.scratch.is_empty());"
                ],
                [
                  "    let input: &str = \"{}\";",
                  "    let deserializer = Deserializer::new(StrRead::new(input));",
                  "    #[cfg(feature = \"float_roundtrip\")]",
                  "    assert!(!deserializer.single_precision);"
                ],
                [
                  "    let input: &str = \"{}\";",
                  "    let deserializer = Deserializer::new(StrRead::new(input));",
                  "    #[cfg(feature = \"float_roundtrip\")]",
                  "    #[cfg(feature = \"unbounded_depth\")]",
                  "    assert!(!deserializer.disable_recursion_limit);"
                ]
              ],
              "codes": [
                [
                  "{",
                  "    let input: &str = \"{}\";",
                  "    let deserializer = Deserializer::new(StrRead::new(input));",
                  "    let input: &str = \"{}\";",
                  "    let deserializer = Deserializer::new(StrRead::new(input));",
                  "    assert_eq!(deserializer.remaining_depth, 128);",
                  "}"
                ],
                [
                  "{",
                  "    let input: &str = \"{}\";",
                  "    let deserializer = Deserializer::new(StrRead::new(input));",
                  "    let input: &str = \"{}\";",
                  "    let deserializer = Deserializer::new(StrRead::new(input));",
                  "    assert!(deserializer.scratch.is_empty());",
                  "}"
                ],
                [
                  "{",
                  "    let input: &str = \"{}\";",
                  "    let deserializer = Deserializer::new(StrRead::new(input));",
                  "    let input: &str = \"{}\";",
                  "    let deserializer = Deserializer::new(StrRead::new(input));",
                  "    #[cfg(feature = \"float_roundtrip\")]",
                  "    assert!(!deserializer.single_precision);",
                  "}"
                ],
                [
                  "{",
                  "    let input: &str = \"{}\";",
                  "    let deserializer = Deserializer::new(StrRead::new(input));",
                  "    let input: &str = \"{}\";",
                  "    let deserializer = Deserializer::new(StrRead::new(input));",
                  "    #[cfg(feature = \"float_roundtrip\")]",
                  "    #[cfg(feature = \"unbounded_depth\")]",
                  "    assert!(!deserializer.disable_recursion_limit);",
                  "}"
                ]
              ],
              "can_compile": [
                {
                  "Ok": null
                },
                {
                  "Ok": null
                },
                {
                  "Ok": null
                },
                {
                  "Ok": null
                }
              ],
              "repaired": [
                false,
                false,
                false,
                false
              ]
            },
            {
              "attrs": [],
              "prefix": [
                "{",
                "    let input: &[u8] = b\"{}\";",
                "    let deserializer = Deserializer::new(SliceRead::new(input));",
                "}"
              ],
              "oracles": [
                [
                  "    let input: &[u8] = b\"{}\";",
                  "    let deserializer = Deserializer::new(SliceRead::new(input));",
                  "    assert_eq!(deserializer.scratch, Vec::new());"
                ],
                [
                  "    let input: &[u8] = b\"{}\";",
                  "    let deserializer = Deserializer::new(SliceRead::new(input));",
                  "    assert_eq!(deserializer.remaining_depth, 128);"
                ],
                [
                  "    let input: &[u8] = b\"{}\";",
                  "    let deserializer = Deserializer::new(SliceRead::new(input));",
                  "    assert_eq!(deserializer.single_precision, false);"
                ],
                [
                  "    let input: &[u8] = b\"{}\";",
                  "    let deserializer = Deserializer::new(SliceRead::new(input));",
                  "    assert_eq!(deserializer.disable_recursion_limit, false);"
                ]
              ],
              "codes": [
                [
                  "{",
                  "    let input: &[u8] = b\"{}\";",
                  "    let deserializer = Deserializer::new(SliceRead::new(input));",
                  "    let input: &[u8] = b\"{}\";",
                  "    let deserializer = Deserializer::new(SliceRead::new(input));",
                  "    assert_eq!(deserializer.scratch, Vec::new());",
                  "}"
                ],
                [
                  "{",
                  "    let input: &[u8] = b\"{}\";",
                  "    let deserializer = Deserializer::new(SliceRead::new(input));",
                  "    let input: &[u8] = b\"{}\";",
                  "    let deserializer = Deserializer::new(SliceRead::new(input));",
                  "    assert_eq!(deserializer.remaining_depth, 128);",
                  "}"
                ],
                [
                  "{",
                  "    let input: &[u8] = b\"{}\";",
                  "    let deserializer = Deserializer::new(SliceRead::new(input));",
                  "    let input: &[u8] = b\"{}\";",
                  "    let deserializer = Deserializer::new(SliceRead::new(input));",
                  "    assert_eq!(deserializer.single_precision, false);",
                  "}"
                ],
                [
                  "{",
                  "    let input: &[u8] = b\"{}\";",
                  "    let deserializer = Deserializer::new(SliceRead::new(input));",
                  "    let input: &[u8] = b\"{}\";",
                  "    let deserializer = Deserializer::new(SliceRead::new(input));",
                  "    assert_eq!(deserializer.disable_recursion_limit, false);",
                  "}"
                ]
              ],
              "can_compile": [
                {
                  "Err": "   Compiling proc-macro2 v1.0.95\n   Compiling serde v1.0.219\n   Compiling syn v1.0.109\n   Compiling libc v0.2.172\n   Compiling serde_json v1.0.140\n   Compiling target-triple v0.1.4\n   Compiling ref-cast v1.0.24\n   Compiling rustversion v1.0.20\n   Compiling serde_json v1.0.140 (/home/abezbm/rust-utgen-test-crates-new/json)\n   Compiling psm v0.1.26\n   Compiling stacker v0.1.21\n   Compiling quote v1.0.40\n   Compiling syn v2.0.101\n   Compiling serde_derive v1.0.219\n   Compiling ref-cast-impl v1.0.24\n   Compiling automod v1.0.15\n   Compiling ntest_timeout v0.9.3\n   Compiling ntest_test_cases v0.9.3\n   Compiling ntest v0.9.3\n   Compiling serde_spanned v0.6.8\n   Compiling toml_datetime v0.6.9\n   Compiling serde_bytes v0.11.17\n   Compiling serde_stacker v0.1.12\n   Compiling toml_edit v0.22.25\n   Compiling toml v0.8.21\n   Compiling trybuild v1.0.104\nwarning: unused import: `ntest::timeout`\n    --> src/de.rs:2706:8\n     |\n2706 |    use ntest::timeout;\n     |        ^^^^^^^^^^^^^^\n     |\n     = note: `#[warn(unused_imports)]` on by default\n\nerror[E0282]: type annotations needed\n    --> src/de.rs:2714:38\n     |\n2714 |     assert_eq!(deserializer.scratch, Vec::new());\n     |                                      ^^^^^^^^ cannot infer type of the type parameter `T` declared on the struct `Vec`\n     |\nhelp: consider specifying the generic argument\n     |\n2714 |     assert_eq!(deserializer.scratch, Vec::<T>::new());\n     |                                         +++++\n\nerror[E0283]: type annotations needed\n    --> src/de.rs:2714:38\n     |\n2714 |     assert_eq!(deserializer.scratch, Vec::new());\n     |     ---------------------------------^^^^^^^^---\n     |     |                                |\n     |     |                                cannot infer type of the type parameter `T` declared on the struct `Vec`\n     |     type must be known at this point\n     |\nnote: multiple `impl`s satisfying `u8: PartialEq<_>` found\n    --> src/value/partial_eq.rs:76:13\n     |\n76   |               impl PartialEq<Value> for $ty {\n     |               ^^^^^^^^^^^^^^^^^^^^^^^^^^^^^\n...\n97   | / partialeq_numeric! {\n98   | |     eq_i64[i8 i16 i32 i64 isize]\n99   | |     eq_u64[u8 u16 u32 u64 usize]\n100  | |     eq_f32[f32]\n101  | |     eq_f64[f64]\n102  | |     eq_bool[bool]\n103  | | }\n     | |_- in this macro invocation\n     = note: and another `impl` found in the `core` crate: `impl PartialEq for u8;`\n     = note: required for `std::vec::Vec<u8>` to implement `PartialEq<std::vec::Vec<_>>`\n     = note: this error originates in the macro `partialeq_numeric` (in Nightly builds, run with -Z macro-backtrace for more info)\nhelp: consider specifying the generic argument\n     |\n2714 |     assert_eq!(deserializer.scratch, Vec::<T>::new());\n     |                                         +++++\n\nSome errors have detailed explanations: E0282, E0283.\nFor more information about an error, try `rustc --explain E0282`.\nwarning: `serde_json` (lib test) generated 1 warning\nerror: could not compile `serde_json` (lib test) due to 2 previous errors; 1 warning emitted\n"
                },
                {
                  "Ok": null
                },
                {
                  "Err": "   Compiling proc-macro2 v1.0.95\n   Compiling serde v1.0.219\n   Compiling syn v1.0.109\n   Compiling libc v0.2.172\n   Compiling serde_json v1.0.140\n   Compiling target-triple v0.1.4\n   Compiling rustversion v1.0.20\n   Compiling ref-cast v1.0.24\n   Compiling serde_json v1.0.140 (/home/abezbm/rust-utgen-test-crates-new/json)\n   Compiling psm v0.1.26\n   Compiling stacker v0.1.21\n   Compiling quote v1.0.40\n   Compiling syn v2.0.101\n   Compiling serde_derive v1.0.219\n   Compiling ref-cast-impl v1.0.24\n   Compiling automod v1.0.15\n   Compiling ntest_timeout v0.9.3\n   Compiling ntest_test_cases v0.9.3\n   Compiling ntest v0.9.3\n   Compiling toml_datetime v0.6.9\n   Compiling serde_spanned v0.6.8\n   Compiling serde_stacker v0.1.12\n   Compiling serde_bytes v0.11.17\n   Compiling toml_edit v0.22.25\n   Compiling toml v0.8.21\n   Compiling trybuild v1.0.104\nwarning: unused import: `ntest::timeout`\n    --> src/de.rs:2706:8\n     |\n2706 |    use ntest::timeout;\n     |        ^^^^^^^^^^^^^^\n     |\n     = note: `#[warn(unused_imports)]` on by default\n\nerror[E0609]: no field `single_precision` on type `de::Deserializer<read::SliceRead<'_>>`\n    --> src/de.rs:2714:29\n     |\n2714 |     assert_eq!(deserializer.single_precision, false);\n     |                             ^^^^^^^^^^^^^^^^ unknown field\n     |\n     = note: available fields are: `read`, `scratch`, `remaining_depth`\n\nFor more information about this error, try `rustc --explain E0609`.\nwarning: `serde_json` (lib test) generated 1 warning\nerror: could not compile `serde_json` (lib test) due to 1 previous error; 1 warning emitted\n"
                },
                {
                  "Err": "   Compiling proc-macro2 v1.0.95\n   Compiling serde v1.0.219\n   Compiling syn v1.0.109\n   Compiling libc v0.2.172\n   Compiling serde_json v1.0.140\n   Compiling target-triple v0.1.4\n   Compiling rustversion v1.0.20\n   Compiling ref-cast v1.0.24\n   Compiling psm v0.1.26\n   Compiling stacker v0.1.21\n   Compiling serde_json v1.0.140 (/home/abezbm/rust-utgen-test-crates-new/json)\n   Compiling quote v1.0.40\n   Compiling syn v2.0.101\n   Compiling serde_derive v1.0.219\n   Compiling ref-cast-impl v1.0.24\n   Compiling automod v1.0.15\n   Compiling ntest_timeout v0.9.3\n   Compiling ntest_test_cases v0.9.3\n   Compiling ntest v0.9.3\n   Compiling toml_datetime v0.6.9\n   Compiling serde_spanned v0.6.8\n   Compiling serde_stacker v0.1.12\n   Compiling serde_bytes v0.11.17\n   Compiling toml_edit v0.22.25\n   Compiling toml v0.8.21\n   Compiling trybuild v1.0.104\nwarning: unused import: `ntest::timeout`\n    --> src/de.rs:2706:8\n     |\n2706 |    use ntest::timeout;\n     |        ^^^^^^^^^^^^^^\n     |\n     = note: `#[warn(unused_imports)]` on by default\n\nerror[E0609]: no field `disable_recursion_limit` on type `de::Deserializer<read::SliceRead<'_>>`\n    --> src/de.rs:2714:29\n     |\n2714 |     assert_eq!(deserializer.disable_recursion_limit, false);\n     |                             ^^^^^^^^^^^^^^^^^^^^^^^ unknown field\n     |\n     = note: available fields are: `read`, `scratch`, `remaining_depth`\n\nFor more information about this error, try `rustc --explain E0609`.\nwarning: `serde_json` (lib test) generated 1 warning\nerror: could not compile `serde_json` (lib test) due to 1 previous error; 1 warning emitted\n"
                }
              ],
              "repaired": [
                false,
                false,
                false,
                false
              ]
            },
            {
              "attrs": [],
              "prefix": [
                "{",
                "    use std::io::{BufReader, Cursor};",
                "",
                "    let input = Cursor::new(\"{}\");",
                "    let buffered_reader = BufReader::new(input);",
                "    let deserializer = Deserializer::new(IoRead::new(buffered_reader));",
                "}"
              ],
              "oracles": [
                [
                  "    let input = Cursor::new(\"{}\");",
                  "    let buffered_reader = BufReader::new(input);",
                  "    let deserializer = Deserializer::new(IoRead::new(buffered_reader));",
                  "    assert_eq!(deserializer.remaining_depth, 128);"
                ],
                [
                  "    let input = Cursor::new(\"{}\");",
                  "    let buffered_reader = BufReader::new(input);",
                  "    let deserializer = Deserializer::new(IoRead::new(buffered_reader));",
                  "    assert_eq!(deserializer.scratch.len(), 0);"
                ]
              ],
              "codes": [
                [
                  "{",
                  "    use std::io::{BufReader, Cursor};",
                  "",
                  "    let input = Cursor::new(\"{}\");",
                  "    let buffered_reader = BufReader::new(input);",
                  "    let deserializer = Deserializer::new(IoRead::new(buffered_reader));",
                  "    let input = Cursor::new(\"{}\");",
                  "    let buffered_reader = BufReader::new(input);",
                  "    let deserializer = Deserializer::new(IoRead::new(buffered_reader));",
                  "    assert_eq!(deserializer.remaining_depth, 128);",
                  "}"
                ],
                [
                  "{",
                  "    use std::io::{BufReader, Cursor};",
                  "",
                  "    let input = Cursor::new(\"{}\");",
                  "    let buffered_reader = BufReader::new(input);",
                  "    let deserializer = Deserializer::new(IoRead::new(buffered_reader));",
                  "    let input = Cursor::new(\"{}\");",
                  "    let buffered_reader = BufReader::new(input);",
                  "    let deserializer = Deserializer::new(IoRead::new(buffered_reader));",
                  "    assert_eq!(deserializer.scratch.len(), 0);",
                  "}"
                ]
              ],
              "can_compile": [
                {
                  "Ok": null
                },
                {
                  "Ok": null
                }
              ],
              "repaired": [
                false,
                false
              ]
            },
            {
              "attrs": [],
              "prefix": [
                "{",
                "    let input: &str = \"\";",
                "    let deserializer = Deserializer::new(StrRead::new(input));",
                "}"
              ],
              "oracles": [
                [
                  "    let input: &str = \"\";",
                  "    let deserializer = Deserializer::new(StrRead::new(input));",
                  "    assert_eq!(deserializer.remaining_depth, 128);"
                ],
                [
                  "    let input: &str = \"\";",
                  "    let deserializer = Deserializer::new(StrRead::new(input));",
                  "    assert!(deserializer.scratch.is_empty());"
                ],
                [
                  "    let input: &str = \"\";",
                  "    let deserializer = Deserializer::new(StrRead::new(input));",
                  "    #[cfg(feature = \"float_roundtrip\")]",
                  "    assert!(!deserializer.single_precision);"
                ],
                [
                  "    let input: &str = \"\";",
                  "    let deserializer = Deserializer::new(StrRead::new(input));",
                  "    #[cfg(feature = \"float_roundtrip\")]",
                  "    #[cfg(feature = \"unbounded_depth\")]",
                  "    assert!(!deserializer.disable_recursion_limit);"
                ]
              ],
              "codes": [
                [
                  "{",
                  "    let input: &str = \"\";",
                  "    let deserializer = Deserializer::new(StrRead::new(input));",
                  "    let input: &str = \"\";",
                  "    let deserializer = Deserializer::new(StrRead::new(input));",
                  "    assert_eq!(deserializer.remaining_depth, 128);",
                  "}"
                ],
                [
                  "{",
                  "    let input: &str = \"\";",
                  "    let deserializer = Deserializer::new(StrRead::new(input));",
                  "    let input: &str = \"\";",
                  "    let deserializer = Deserializer::new(StrRead::new(input));",
                  "    assert!(deserializer.scratch.is_empty());",
                  "}"
                ],
                [
                  "{",
                  "    let input: &str = \"\";",
                  "    let deserializer = Deserializer::new(StrRead::new(input));",
                  "    let input: &str = \"\";",
                  "    let deserializer = Deserializer::new(StrRead::new(input));",
                  "    #[cfg(feature = \"float_roundtrip\")]",
                  "    assert!(!deserializer.single_precision);",
                  "}"
                ],
                [
                  "{",
                  "    let input: &str = \"\";",
                  "    let deserializer = Deserializer::new(StrRead::new(input));",
                  "    let input: &str = \"\";",
                  "    let deserializer = Deserializer::new(StrRead::new(input));",
                  "    #[cfg(feature = \"float_roundtrip\")]",
                  "    #[cfg(feature = \"unbounded_depth\")]",
                  "    assert!(!deserializer.disable_recursion_limit);",
                  "}"
                ]
              ],
              "can_compile": [
                {
                  "Ok": null
                },
                {
                  "Ok": null
                },
                {
                  "Ok": null
                },
                {
                  "Ok": null
                }
              ],
              "repaired": [
                false,
                false,
                false,
                false
              ]
            },
            {
              "attrs": [],
              "prefix": [
                "{",
                "    let input: &str = \"{\\\"key\\\": {\\\"nested_key\\\": 1}}\";",
                "    let deserializer = Deserializer::new(StrRead::new(input));",
                "}"
              ],
              "oracles": [
                [
                  "    let input: &str = \"{\\\"key\\\": {\\\"nested_key\\\": 1}}\";",
                  "    let deserializer = Deserializer::new(StrRead::new(input));",
                  "    assert_eq!(deserializer.remaining_depth, 128);"
                ],
                [
                  "    let input: &str = \"{\\\"key\\\": {\\\"nested_key\\\": 1}}\";",
                  "    let deserializer = Deserializer::new(StrRead::new(input));",
                  "    assert!(deserializer.scratch.is_empty());"
                ],
                [
                  "    let input: &str = \"{\\\"key\\\": {\\\"nested_key\\\": 1}}\";",
                  "    let deserializer = Deserializer::new(StrRead::new(input));",
                  "    #[cfg(feature = \"float_roundtrip\")]",
                  "    assert!(!deserializer.single_precision);"
                ],
                [
                  "    let input: &str = \"{\\\"key\\\": {\\\"nested_key\\\": 1}}\";",
                  "    let deserializer = Deserializer::new(StrRead::new(input));",
                  "    #[cfg(feature = \"float_roundtrip\")]",
                  "    #[cfg(feature = \"unbounded_depth\")]",
                  "    assert!(!deserializer.disable_recursion_limit);"
                ]
              ],
              "codes": [
                [
                  "{",
                  "    let input: &str = \"{\\\"key\\\": {\\\"nested_key\\\": 1}}\";",
                  "    let deserializer = Deserializer::new(StrRead::new(input));",
                  "    let input: &str = \"{\\\"key\\\": {\\\"nested_key\\\": 1}}\";",
                  "    let deserializer = Deserializer::new(StrRead::new(input));",
                  "    assert_eq!(deserializer.remaining_depth, 128);",
                  "}"
                ],
                [
                  "{",
                  "    let input: &str = \"{\\\"key\\\": {\\\"nested_key\\\": 1}}\";",
                  "    let deserializer = Deserializer::new(StrRead::new(input));",
                  "    let input: &str = \"{\\\"key\\\": {\\\"nested_key\\\": 1}}\";",
                  "    let deserializer = Deserializer::new(StrRead::new(input));",
                  "    assert!(deserializer.scratch.is_empty());",
                  "}"
                ],
                [
                  "{",
                  "    let input: &str = \"{\\\"key\\\": {\\\"nested_key\\\": 1}}\";",
                  "    let deserializer = Deserializer::new(StrRead::new(input));",
                  "    let input: &str = \"{\\\"key\\\": {\\\"nested_key\\\": 1}}\";",
                  "    let deserializer = Deserializer::new(StrRead::new(input));",
                  "    #[cfg(feature = \"float_roundtrip\")]",
                  "    assert!(!deserializer.single_precision);",
                  "}"
                ],
                [
                  "{",
                  "    let input: &str = \"{\\\"key\\\": {\\\"nested_key\\\": 1}}\";",
                  "    let deserializer = Deserializer::new(StrRead::new(input));",
                  "    let input: &str = \"{\\\"key\\\": {\\\"nested_key\\\": 1}}\";",
                  "    let deserializer = Deserializer::new(StrRead::new(input));",
                  "    #[cfg(feature = \"float_roundtrip\")]",
                  "    #[cfg(feature = \"unbounded_depth\")]",
                  "    assert!(!deserializer.disable_recursion_limit);",
                  "}"
                ]
              ],
              "can_compile": [
                {
                  "Ok": null
                },
                {
                  "Ok": null
                },
                {
                  "Ok": null
                },
                {
                  "Ok": null
                }
              ],
              "repaired": [
                false,
                false,
                false,
                false
              ]
            },
            {
              "attrs": [],
              "prefix": [
                "{",
                "    let input: &str = \"[{\\\"key\\\": 1}; 1000]\"; // Testing performance with larger input",
                "    let deserializer = Deserializer::new(StrRead::new(input));",
                "}"
              ],
              "oracles": [
                [
                  "    let input: &str = \"[{\\\"key\\\": 1}; 1000]\";",
                  "    let deserializer = Deserializer::new(StrRead::new(input));",
                  "    assert_eq!(deserializer.scratch, Vec::new());"
                ],
                [
                  "    let input: &str = \"[{\\\"key\\\": 1}; 1000]\";",
                  "    let deserializer = Deserializer::new(StrRead::new(input));",
                  "    assert_eq!(deserializer.remaining_depth, 128);"
                ],
                [
                  "    let input: &str = \"[{\\\"key\\\": 1}; 1000]\";",
                  "    let deserializer = Deserializer::new(StrRead::new(input));",
                  "    #[cfg(feature = \"float_roundtrip\")]",
                  "    assert_eq!(deserializer.single_precision, false);"
                ],
                [
                  "    let input: &str = \"[{\\\"key\\\": 1}; 1000]\";",
                  "    let deserializer = Deserializer::new(StrRead::new(input));",
                  "    #[cfg(feature = \"float_roundtrip\")]",
                  "    #[cfg(feature = \"unbounded_depth\")]",
                  "    assert_eq!(deserializer.disable_recursion_limit, false);"
                ]
              ],
              "codes": [
                [
                  "{",
                  "    let input: &str = \"[{\\\"key\\\": 1}; 1000]\"; // Testing performance with larger input",
                  "    let deserializer = Deserializer::new(StrRead::new(input));",
                  "    let input: &str = \"[{\\\"key\\\": 1}; 1000]\";",
                  "    let deserializer = Deserializer::new(StrRead::new(input));",
                  "    assert_eq!(deserializer.scratch, Vec::new());",
                  "}"
                ],
                [
                  "{",
                  "    let input: &str = \"[{\\\"key\\\": 1}; 1000]\"; // Testing performance with larger input",
                  "    let deserializer = Deserializer::new(StrRead::new(input));",
                  "    let input: &str = \"[{\\\"key\\\": 1}; 1000]\";",
                  "    let deserializer = Deserializer::new(StrRead::new(input));",
                  "    assert_eq!(deserializer.remaining_depth, 128);",
                  "}"
                ],
                [
                  "{",
                  "    let input: &str = \"[{\\\"key\\\": 1}; 1000]\"; // Testing performance with larger input",
                  "    let deserializer = Deserializer::new(StrRead::new(input));",
                  "    let input: &str = \"[{\\\"key\\\": 1}; 1000]\";",
                  "    let deserializer = Deserializer::new(StrRead::new(input));",
                  "    #[cfg(feature = \"float_roundtrip\")]",
                  "    assert_eq!(deserializer.single_precision, false);",
                  "}"
                ],
                [
                  "{",
                  "    let input: &str = \"[{\\\"key\\\": 1}; 1000]\"; // Testing performance with larger input",
                  "    let deserializer = Deserializer::new(StrRead::new(input));",
                  "    let input: &str = \"[{\\\"key\\\": 1}; 1000]\";",
                  "    let deserializer = Deserializer::new(StrRead::new(input));",
                  "    #[cfg(feature = \"float_roundtrip\")]",
                  "    #[cfg(feature = \"unbounded_depth\")]",
                  "    assert_eq!(deserializer.disable_recursion_limit, false);",
                  "}"
                ]
              ],
              "can_compile": [
                {
                  "Err": "   Compiling proc-macro2 v1.0.95\n   Compiling serde v1.0.219\n   Compiling syn v1.0.109\n   Compiling libc v0.2.172\n   Compiling target-triple v0.1.4\n   Compiling serde_json v1.0.140\n   Compiling ref-cast v1.0.24\n   Compiling rustversion v1.0.20\n   Compiling serde_json v1.0.140 (/home/abezbm/rust-utgen-test-crates-new/json)\n   Compiling psm v0.1.26\n   Compiling stacker v0.1.21\n   Compiling quote v1.0.40\n   Compiling syn v2.0.101\n   Compiling serde_derive v1.0.219\n   Compiling ref-cast-impl v1.0.24\n   Compiling automod v1.0.15\n   Compiling ntest_timeout v0.9.3\n   Compiling ntest_test_cases v0.9.3\n   Compiling ntest v0.9.3\n   Compiling serde_spanned v0.6.8\n   Compiling toml_datetime v0.6.9\n   Compiling serde_bytes v0.11.17\n   Compiling serde_stacker v0.1.12\n   Compiling toml_edit v0.22.25\n   Compiling toml v0.8.21\n   Compiling trybuild v1.0.104\nwarning: unused import: `ntest::timeout`\n    --> src/de.rs:2706:8\n     |\n2706 |    use ntest::timeout;\n     |        ^^^^^^^^^^^^^^\n     |\n     = note: `#[warn(unused_imports)]` on by default\n\nerror[E0282]: type annotations needed\n    --> src/de.rs:2714:38\n     |\n2714 |     assert_eq!(deserializer.scratch, Vec::new());\n     |                                      ^^^^^^^^ cannot infer type of the type parameter `T` declared on the struct `Vec`\n     |\nhelp: consider specifying the generic argument\n     |\n2714 |     assert_eq!(deserializer.scratch, Vec::<T>::new());\n     |                                         +++++\n\nerror[E0283]: type annotations needed\n    --> src/de.rs:2714:38\n     |\n2714 |     assert_eq!(deserializer.scratch, Vec::new());\n     |     ---------------------------------^^^^^^^^---\n     |     |                                |\n     |     |                                cannot infer type of the type parameter `T` declared on the struct `Vec`\n     |     type must be known at this point\n     |\nnote: multiple `impl`s satisfying `u8: PartialEq<_>` found\n    --> src/value/partial_eq.rs:76:13\n     |\n76   |               impl PartialEq<Value> for $ty {\n     |               ^^^^^^^^^^^^^^^^^^^^^^^^^^^^^\n...\n97   | / partialeq_numeric! {\n98   | |     eq_i64[i8 i16 i32 i64 isize]\n99   | |     eq_u64[u8 u16 u32 u64 usize]\n100  | |     eq_f32[f32]\n101  | |     eq_f64[f64]\n102  | |     eq_bool[bool]\n103  | | }\n     | |_- in this macro invocation\n     = note: and another `impl` found in the `core` crate: `impl PartialEq for u8;`\n     = note: required for `std::vec::Vec<u8>` to implement `PartialEq<std::vec::Vec<_>>`\n     = note: this error originates in the macro `partialeq_numeric` (in Nightly builds, run with -Z macro-backtrace for more info)\nhelp: consider specifying the generic argument\n     |\n2714 |     assert_eq!(deserializer.scratch, Vec::<T>::new());\n     |                                         +++++\n\nSome errors have detailed explanations: E0282, E0283.\nFor more information about an error, try `rustc --explain E0282`.\nwarning: `serde_json` (lib test) generated 1 warning\nerror: could not compile `serde_json` (lib test) due to 2 previous errors; 1 warning emitted\n"
                },
                {
                  "Ok": null
                },
                {
                  "Ok": null
                },
                {
                  "Ok": null
                }
              ],
              "repaired": [
                false,
                false,
                false,
                false
              ]
            },
            {
              "attrs": [
                "#[should_panic]"
              ],
              "prefix": [
                "{",
                "    struct ExceedingDepthRead;",
                "",
                "    impl read::Read<'static> for ExceedingDepthRead {",
                "        fn fill_buf(&mut self) -> Result<&[u8]> {",
                "            Err(Error::custom(\"Exceeding depth error\"))",
                "        }",
                "",
                "        fn consume(&mut self, _: usize) {}",
                "    }",
                "",
                "    let input = ExceedingDepthRead;",
                "    let deserializer = Deserializer::new(input);",
                "}"
              ],
              "oracles": [
                [
                  "    let input = ExceedingDepthRead;",
                  "    let deserializer = Deserializer::new(input);",
                  "    assert_eq!(deserializer.remaining_depth, 128);"
                ],
                [
                  "    let input = ExceedingDepthRead;",
                  "    let deserializer = Deserializer::new(input);",
                  "    assert!(deserializer.scratch.is_empty());"
                ]
              ],
              "codes": [
                [
                  "{",
                  "    struct ExceedingDepthRead;",
                  "",
                  "    impl read::Read<'static> for ExceedingDepthRead {",
                  "        fn fill_buf(&mut self) -> Result<&[u8]> {",
                  "            Err(Error::custom(\"Exceeding depth error\"))",
                  "        }",
                  "",
                  "        fn consume(&mut self, _: usize) {}",
                  "    }",
                  "",
                  "    let input = ExceedingDepthRead;",
                  "    let deserializer = Deserializer::new(input);",
                  "    let input = ExceedingDepthRead;",
                  "    let deserializer = Deserializer::new(input);",
                  "    assert_eq!(deserializer.remaining_depth, 128);",
                  "}"
                ],
                [
                  "{",
                  "    struct ExceedingDepthRead;",
                  "",
                  "    impl read::Read<'static> for ExceedingDepthRead {",
                  "        fn fill_buf(&mut self) -> Result<&[u8]> {",
                  "            Err(Error::custom(\"Exceeding depth error\"))",
                  "        }",
                  "",
                  "        fn consume(&mut self, _: usize) {}",
                  "    }",
                  "",
                  "    let input = ExceedingDepthRead;",
                  "    let deserializer = Deserializer::new(input);",
                  "    let input = ExceedingDepthRead;",
                  "    let deserializer = Deserializer::new(input);",
                  "    assert!(deserializer.scratch.is_empty());",
                  "}"
                ]
              ],
              "can_compile": [
                {
                  "Err": "   Compiling proc-macro2 v1.0.95\n   Compiling serde v1.0.219\n   Compiling syn v1.0.109\n   Compiling libc v0.2.172\n   Compiling target-triple v0.1.4\n   Compiling serde_json v1.0.140\n   Compiling ref-cast v1.0.24\n   Compiling rustversion v1.0.20\n   Compiling serde_json v1.0.140 (/home/abezbm/rust-utgen-test-crates-new/json)\n   Compiling psm v0.1.26\n   Compiling stacker v0.1.21\n   Compiling quote v1.0.40\n   Compiling syn v2.0.101\n   Compiling serde_derive v1.0.219\n   Compiling ref-cast-impl v1.0.24\n   Compiling automod v1.0.15\n   Compiling ntest_timeout v0.9.3\n   Compiling ntest_test_cases v0.9.3\n   Compiling ntest v0.9.3\n   Compiling toml_datetime v0.6.9\n   Compiling serde_spanned v0.6.8\n   Compiling serde_bytes v0.11.17\n   Compiling serde_stacker v0.1.12\n   Compiling toml_edit v0.22.25\n   Compiling toml v0.8.21\n   Compiling trybuild v1.0.104\nerror[E0407]: method `fill_buf` is not a member of trait `read::Read`\n    --> src/de.rs:2714:9\n     |\n2714 | /         fn fill_buf(&mut self) -> Result<&[u8]> {\n2715 | |             Err(Error::custom(\"Exceeding depth error\"))\n2716 | |         }\n     | |_________^ not a member of trait `read::Read`\n\nerror[E0407]: method `consume` is not a member of trait `read::Read`\n    --> src/de.rs:2718:9\n     |\n2718 |         fn consume(&mut self, _: usize) {}\n     |         ^^^^^^^^^^^^^^^^^^^^^^^^^^^^^^^^^^ not a member of trait `read::Read`\n\nwarning: unused import: `ntest::timeout`\n    --> src/de.rs:2706:8\n     |\n2706 |    use ntest::timeout;\n     |        ^^^^^^^^^^^^^^\n     |\n     = note: `#[warn(unused_imports)]` on by default\n\nerror[E0277]: the trait bound `ExceedingDepthRead: read::private::Sealed` is not satisfied\n    --> src/de.rs:2713:34\n     |\n2713 |     impl read::Read<'static> for ExceedingDepthRead {\n     |                                  ^^^^^^^^^^^^^^^^^^ the trait `read::private::Sealed` is not implemented for `ExceedingDepthRead`\n     |\n     = help: the following other types implement trait `read::private::Sealed`:\n               &mut R\n               IoRead<R>\n               SliceRead<'a>\n               StrRead<'a>\nnote: required by a bound in `read::Read`\n    --> src/read.rs:28:22\n     |\n28   | pub trait Read<'de>: private::Sealed {\n     |                      ^^^^^^^^^^^^^^^ required by this bound in `Read`\n     = note: `Read` is a \"sealed trait\", because to implement it you also need to implement `read::private::Sealed`, which is not accessible; this is usually done to force you to use one of the provided types that already implement it\n     = help: the following types implement the trait:\n               read::IoRead<R>\n               read::SliceRead<'a>\n               read::StrRead<'a>\n               &mut R\n\nerror[E0046]: not all trait items implemented, missing: `next`, `peek`, `discard`, `position`, `peek_position`, `byte_offset`, `parse_str`, `parse_str_raw`, `ignore_str`, `decode_hex_escape`, `should_early_return_if_failed`, `set_failed`\n    --> src/de.rs:2713:5\n     |\n2713 |       impl read::Read<'static> for ExceedingDepthRead {\n     |       ^^^^^^^^^^^^^^^^^^^^^^^^^^^^^^^^^^^^^^^^^^^^^^^ missing `next`, `peek`, `discard`, `position`, `peek_position`, `byte_offset`, `parse_str`, `parse_str_raw`, `ignore_str`, `decode_hex_escape`, `should_early_return_if_failed`, `set_failed` in implementation\n     |\n    ::: src/read.rs:30:5\n     |\n30   |       fn next(&mut self) -> Result<Option<u8>>;\n     |       ----------------------------------------- `next` from trait\n31   |       #[doc(hidden)]\n32   |       fn peek(&mut self) -> Result<Option<u8>>;\n     |       ----------------------------------------- `peek` from trait\n...\n36   |       fn discard(&mut self);\n     |       ---------------------- `discard` from trait\n...\n46   |       fn position(&self) -> Position;\n     |       ------------------------------- `position` from trait\n...\n56   |       fn peek_position(&self) -> Position;\n     |       ------------------------------------ `peek_position` from trait\n...\n61   |       fn byte_offset(&self) -> usize;\n     |       ------------------------------- `byte_offset` from trait\n...\n67   |       fn parse_str<'s>(&'s mut self, scratch: &'s mut Vec<u8>) -> Result<Reference<'de, 's, str>>;\n     |       -------------------------------------------------------------------------------------------- `parse_str` from trait\n...\n76   | /     fn parse_str_raw<'s>(\n77   | |         &'s mut self,\n78   | |         scratch: &'s mut Vec<u8>,\n79   | |     ) -> Result<Reference<'de, 's, [u8]>>;\n     | |__________________________________________- `parse_str_raw` from trait\n...\n84   |       fn ignore_str(&mut self) -> Result<()>;\n     |       --------------------------------------- `ignore_str` from trait\n...\n89   |       fn decode_hex_escape(&mut self) -> Result<u16>;\n     |       ----------------------------------------------- `decode_hex_escape` from trait\n...\n111  |       const should_early_return_if_failed: bool;\n     |       ----------------------------------------- `should_early_return_if_failed` from trait\n...\n116  |       fn set_failed(&mut self, failed: &mut bool);\n     |       -------------------------------------------- `set_failed` from trait\n\nerror[E0599]: no function or associated item named `custom` found for struct `error::Error` in the current scope\n    --> src/de.rs:2715:24\n     |\n2715 |             Err(Error::custom(\"Exceeding depth error\"))\n     |                        ^^^^^^ function or associated item not found in `Error`\n     |\n    ::: src/error.rs:17:1\n     |\n17   | pub struct Error {\n     | ---------------- function or associated item `custom` not found for this struct\n     |\nnote: if you're trying to build a new `error::Error` consider using one of the following associated functions:\n      error::Error::syntax\n      error::Error::io\n    --> src/error.rs:315:5\n     |\n315  |     pub(crate) fn syntax(code: ErrorCode, line: usize, column: usize) -> Self {\n     |     ^^^^^^^^^^^^^^^^^^^^^^^^^^^^^^^^^^^^^^^^^^^^^^^^^^^^^^^^^^^^^^^^^^^^^^^^^\n...\n326  |     pub fn io(error: io::Error) -> Self {\n     |     ^^^^^^^^^^^^^^^^^^^^^^^^^^^^^^^^^^^\n     = help: items from traits can only be used if the trait is in scope\nhelp: the following traits which provide `custom` are implemented but not in scope; perhaps you want to import one of them\n     |\n2705 +    use serde::de::Error;\n     |\n2705 +    use serde::ser::Error;\n     |\n\nwarning: unused variable: `deserializer`\n    --> src/de.rs:2722:9\n     |\n2722 |     let deserializer = Deserializer::new(input);\n     |         ^^^^^^^^^^^^ help: if this is intentional, prefix it with an underscore: `_deserializer`\n     |\n     = note: `#[warn(unused_variables)]` on by default\n\nSome errors have detailed explanations: E0046, E0277, E0407, E0599.\nFor more information about an error, try `rustc --explain E0046`.\nwarning: `serde_json` (lib test) generated 2 warnings\nerror: could not compile `serde_json` (lib test) due to 5 previous errors; 2 warnings emitted\n"
                },
                {
                  "Err": "   Compiling proc-macro2 v1.0.95\n   Compiling serde v1.0.219\n   Compiling syn v1.0.109\n   Compiling libc v0.2.172\n   Compiling serde_json v1.0.140\n   Compiling target-triple v0.1.4\n   Compiling ref-cast v1.0.24\n   Compiling rustversion v1.0.20\n   Compiling serde_json v1.0.140 (/home/abezbm/rust-utgen-test-crates-new/json)\n   Compiling psm v0.1.26\n   Compiling stacker v0.1.21\n   Compiling quote v1.0.40\n   Compiling syn v2.0.101\n   Compiling serde_derive v1.0.219\n   Compiling ref-cast-impl v1.0.24\n   Compiling automod v1.0.15\n   Compiling ntest_test_cases v0.9.3\n   Compiling ntest_timeout v0.9.3\n   Compiling ntest v0.9.3\n   Compiling serde_spanned v0.6.8\n   Compiling toml_datetime v0.6.9\n   Compiling serde_stacker v0.1.12\n   Compiling serde_bytes v0.11.17\n   Compiling toml_edit v0.22.25\n   Compiling toml v0.8.21\n   Compiling trybuild v1.0.104\nerror[E0407]: method `fill_buf` is not a member of trait `read::Read`\n    --> src/de.rs:2714:9\n     |\n2714 | /         fn fill_buf(&mut self) -> Result<&[u8]> {\n2715 | |             Err(Error::custom(\"Exceeding depth error\"))\n2716 | |         }\n     | |_________^ not a member of trait `read::Read`\n\nerror[E0407]: method `consume` is not a member of trait `read::Read`\n    --> src/de.rs:2718:9\n     |\n2718 |         fn consume(&mut self, _: usize) {}\n     |         ^^^^^^^^^^^^^^^^^^^^^^^^^^^^^^^^^^ not a member of trait `read::Read`\n\nwarning: unused import: `ntest::timeout`\n    --> src/de.rs:2706:8\n     |\n2706 |    use ntest::timeout;\n     |        ^^^^^^^^^^^^^^\n     |\n     = note: `#[warn(unused_imports)]` on by default\n\nerror[E0277]: the trait bound `ExceedingDepthRead: read::private::Sealed` is not satisfied\n    --> src/de.rs:2713:34\n     |\n2713 |     impl read::Read<'static> for ExceedingDepthRead {\n     |                                  ^^^^^^^^^^^^^^^^^^ the trait `read::private::Sealed` is not implemented for `ExceedingDepthRead`\n     |\n     = help: the following other types implement trait `read::private::Sealed`:\n               &mut R\n               IoRead<R>\n               SliceRead<'a>\n               StrRead<'a>\nnote: required by a bound in `read::Read`\n    --> src/read.rs:28:22\n     |\n28   | pub trait Read<'de>: private::Sealed {\n     |                      ^^^^^^^^^^^^^^^ required by this bound in `Read`\n     = note: `Read` is a \"sealed trait\", because to implement it you also need to implement `read::private::Sealed`, which is not accessible; this is usually done to force you to use one of the provided types that already implement it\n     = help: the following types implement the trait:\n               read::IoRead<R>\n               read::SliceRead<'a>\n               read::StrRead<'a>\n               &mut R\n\nerror[E0046]: not all trait items implemented, missing: `next`, `peek`, `discard`, `position`, `peek_position`, `byte_offset`, `parse_str`, `parse_str_raw`, `ignore_str`, `decode_hex_escape`, `should_early_return_if_failed`, `set_failed`\n    --> src/de.rs:2713:5\n     |\n2713 |       impl read::Read<'static> for ExceedingDepthRead {\n     |       ^^^^^^^^^^^^^^^^^^^^^^^^^^^^^^^^^^^^^^^^^^^^^^^ missing `next`, `peek`, `discard`, `position`, `peek_position`, `byte_offset`, `parse_str`, `parse_str_raw`, `ignore_str`, `decode_hex_escape`, `should_early_return_if_failed`, `set_failed` in implementation\n     |\n    ::: src/read.rs:30:5\n     |\n30   |       fn next(&mut self) -> Result<Option<u8>>;\n     |       ----------------------------------------- `next` from trait\n31   |       #[doc(hidden)]\n32   |       fn peek(&mut self) -> Result<Option<u8>>;\n     |       ----------------------------------------- `peek` from trait\n...\n36   |       fn discard(&mut self);\n     |       ---------------------- `discard` from trait\n...\n46   |       fn position(&self) -> Position;\n     |       ------------------------------- `position` from trait\n...\n56   |       fn peek_position(&self) -> Position;\n     |       ------------------------------------ `peek_position` from trait\n...\n61   |       fn byte_offset(&self) -> usize;\n     |       ------------------------------- `byte_offset` from trait\n...\n67   |       fn parse_str<'s>(&'s mut self, scratch: &'s mut Vec<u8>) -> Result<Reference<'de, 's, str>>;\n     |       -------------------------------------------------------------------------------------------- `parse_str` from trait\n...\n76   | /     fn parse_str_raw<'s>(\n77   | |         &'s mut self,\n78   | |         scratch: &'s mut Vec<u8>,\n79   | |     ) -> Result<Reference<'de, 's, [u8]>>;\n     | |__________________________________________- `parse_str_raw` from trait\n...\n84   |       fn ignore_str(&mut self) -> Result<()>;\n     |       --------------------------------------- `ignore_str` from trait\n...\n89   |       fn decode_hex_escape(&mut self) -> Result<u16>;\n     |       ----------------------------------------------- `decode_hex_escape` from trait\n...\n111  |       const should_early_return_if_failed: bool;\n     |       ----------------------------------------- `should_early_return_if_failed` from trait\n...\n116  |       fn set_failed(&mut self, failed: &mut bool);\n     |       -------------------------------------------- `set_failed` from trait\n\nerror[E0599]: no function or associated item named `custom` found for struct `error::Error` in the current scope\n    --> src/de.rs:2715:24\n     |\n2715 |             Err(Error::custom(\"Exceeding depth error\"))\n     |                        ^^^^^^ function or associated item not found in `Error`\n     |\n    ::: src/error.rs:17:1\n     |\n17   | pub struct Error {\n     | ---------------- function or associated item `custom` not found for this struct\n     |\nnote: if you're trying to build a new `error::Error` consider using one of the following associated functions:\n      error::Error::syntax\n      error::Error::io\n    --> src/error.rs:315:5\n     |\n315  |     pub(crate) fn syntax(code: ErrorCode, line: usize, column: usize) -> Self {\n     |     ^^^^^^^^^^^^^^^^^^^^^^^^^^^^^^^^^^^^^^^^^^^^^^^^^^^^^^^^^^^^^^^^^^^^^^^^^\n...\n326  |     pub fn io(error: io::Error) -> Self {\n     |     ^^^^^^^^^^^^^^^^^^^^^^^^^^^^^^^^^^^\n     = help: items from traits can only be used if the trait is in scope\nhelp: the following traits which provide `custom` are implemented but not in scope; perhaps you want to import one of them\n     |\n2705 +    use serde::de::Error;\n     |\n2705 +    use serde::ser::Error;\n     |\n\nwarning: unused variable: `deserializer`\n    --> src/de.rs:2722:9\n     |\n2722 |     let deserializer = Deserializer::new(input);\n     |         ^^^^^^^^^^^^ help: if this is intentional, prefix it with an underscore: `_deserializer`\n     |\n     = note: `#[warn(unused_variables)]` on by default\n\nSome errors have detailed explanations: E0046, E0277, E0407, E0599.\nFor more information about an error, try `rustc --explain E0046`.\nwarning: `serde_json` (lib test) generated 2 warnings\nerror: could not compile `serde_json` (lib test) due to 5 previous errors; 2 warnings emitted\n"
                }
              ],
              "repaired": [
                false,
                false
              ]
            }
          ]
        }
      ]
    }
  ]
}