{
  "name": "serde_json::value::de::value::de::<impl serde::Deserializer<'de> for value::Value>::deserialize_char",
  "name_with_impl": "serde_json::value::de::{impl#3}::deserialize_char",
  "mod_info": {
    "name": "value::de",
    "loc": "src/value/mod.rs:927:1:927:8"
  },
  "visible": true,
  "loc": "src/value/de.rs:375:5:380:6",
  "fn_tests": [
    {
      "chain_id": 1,
      "prompt_conds": [],
      "input_infer": "Value::Char('a'), Value::String(String::from(\"character\")), Value::String(String::from(\"\")), Value::String(String::from(\"1\")), Value::Null\n",
      "answers": [
        {
          "uses": [],
          "has_test_mod": false,
          "common": [
            "struct MockVisitor;",
            "",
            "impl<'de> Visitor<'de> for MockVisitor {",
            "    type Value = ();",
            "    ",
            "    fn expecting(&self, formatter: &mut fmt::Formatter) -> fmt::Result {",
            "        formatter.write_str(\"a character or string\")",
            "    }",
            "    ",
            "    fn visit_char<E>(self, _value: char) -> Result<Self::Value, E> {",
            "        Ok(())",
            "    }",
            "    ",
            "    fn visit_str<E>(self, _value: &str) -> Result<Self::Value, E> {",
            "        Ok(())",
            "    }",
            "    ",
            "    fn visit_unit<E>(self) -> Result<Self::Value, E> {",
            "        Ok(())",
            "    }",
            "}"
          ],
          "chain_tests": [
            {
              "attrs": [],
              "prefix": [
                "{",
                "    let value = Value::Char('a');",
                "    let visitor = MockVisitor {};",
                "    let _ = value.deserialize_char(visitor);",
                "}"
              ],
              "oracles": [
                [
                  "    let value = Value::Char('a');",
                  "    let visitor = MockVisitor {};",
                  "    let result = value.deserialize_char(visitor);",
                  "    assert!(result.is_ok());"
                ],
                [
                  "    let value = Value::Char('a');",
                  "    let visitor = MockVisitor {};",
                  "    let result = value.deserialize_char(visitor);",
                  "    assert_eq!(result.unwrap(), ());"
                ]
              ],
              "codes": [
                [
                  "{",
                  "    let value = Value::Char('a');",
                  "    let visitor = MockVisitor {};",
                  "    let _ = value.deserialize_char(visitor);",
                  "    let value = Value::Char('a');",
                  "    let visitor = MockVisitor {};",
                  "    let result = value.deserialize_char(visitor);",
                  "    assert!(result.is_ok());",
                  "}"
                ],
                [
                  "{",
                  "    let value = Value::Char('a');",
                  "    let visitor = MockVisitor {};",
                  "    let _ = value.deserialize_char(visitor);",
                  "    let value = Value::Char('a');",
                  "    let visitor = MockVisitor {};",
                  "    let result = value.deserialize_char(visitor);",
                  "    assert_eq!(result.unwrap(), ());",
                  "}"
                ]
              ],
              "can_compile": [
                {
                  "Err": "   Compiling proc-macro2 v1.0.95\n   Compiling serde v1.0.219\n   Compiling syn v1.0.109\n   Compiling libc v0.2.172\n   Compiling serde_json v1.0.140\n   Compiling target-triple v0.1.4\n   Compiling ref-cast v1.0.24\n   Compiling rustversion v1.0.20\n   Compiling serde_json v1.0.140 (/home/abezbm/rust-utgen-test-crates-new/json)\n   Compiling psm v0.1.26\n   Compiling stacker v0.1.21\n   Compiling quote v1.0.40\n   Compiling syn v2.0.101\n   Compiling serde_derive v1.0.219\n   Compiling ref-cast-impl v1.0.24\n   Compiling automod v1.0.15\n   Compiling ntest_test_cases v0.9.3\n   Compiling ntest_timeout v0.9.3\n   Compiling ntest v0.9.3\n   Compiling toml_datetime v0.6.9\n   Compiling serde_spanned v0.6.8\n   Compiling serde_stacker v0.1.12\n   Compiling serde_bytes v0.11.17\n   Compiling toml_edit v0.22.25\n   Compiling toml v0.8.21\n   Compiling trybuild v1.0.104\nwarning: unused import: `ntest::timeout`\n    --> src/value/de.rs:1504:8\n     |\n1504 |    use ntest::timeout;\n     |        ^^^^^^^^^^^^^^\n     |\n     = note: `#[warn(unused_imports)]` on by default\n\nerror[E0599]: no variant or associated item named `Char` found for enum `value::Value` in the current scope\n    --> src/value/de.rs:1530:24\n     |\n1530 |     let value = Value::Char('a');\n     |                        ^^^^ variant or associated item not found in `Value`\n     |\n    ::: src/value/mod.rs:116:1\n     |\n116  | pub enum Value {\n     | -------------- variant or associated item `Char` not found for this enum\n\nerror[E0599]: no variant or associated item named `Char` found for enum `value::Value` in the current scope\n    --> src/value/de.rs:1533:24\n     |\n1533 |     let value = Value::Char('a');\n     |                        ^^^^ variant or associated item not found in `Value`\n     |\n    ::: src/value/mod.rs:116:1\n     |\n116  | pub enum Value {\n     | -------------- variant or associated item `Char` not found for this enum\n\nFor more information about this error, try `rustc --explain E0599`.\nwarning: `serde_json` (lib test) generated 1 warning\nerror: could not compile `serde_json` (lib test) due to 2 previous errors; 1 warning emitted\n"
                },
                {
                  "Err": "   Compiling proc-macro2 v1.0.95\n   Compiling serde v1.0.219\n   Compiling syn v1.0.109\n   Compiling libc v0.2.172\n   Compiling serde_json v1.0.140\n   Compiling target-triple v0.1.4\n   Compiling ref-cast v1.0.24\n   Compiling rustversion v1.0.20\n   Compiling serde_json v1.0.140 (/home/abezbm/rust-utgen-test-crates-new/json)\n   Compiling psm v0.1.26\n   Compiling stacker v0.1.21\n   Compiling quote v1.0.40\n   Compiling syn v2.0.101\n   Compiling serde_derive v1.0.219\n   Compiling ref-cast-impl v1.0.24\n   Compiling automod v1.0.15\n   Compiling ntest_test_cases v0.9.3\n   Compiling ntest_timeout v0.9.3\n   Compiling ntest v0.9.3\n   Compiling toml_datetime v0.6.9\n   Compiling serde_spanned v0.6.8\n   Compiling serde_stacker v0.1.12\n   Compiling serde_bytes v0.11.17\n   Compiling toml_edit v0.22.25\n   Compiling toml v0.8.21\n   Compiling trybuild v1.0.104\nwarning: unused import: `ntest::timeout`\n    --> src/value/de.rs:1504:8\n     |\n1504 |    use ntest::timeout;\n     |        ^^^^^^^^^^^^^^\n     |\n     = note: `#[warn(unused_imports)]` on by default\n\nerror[E0599]: no variant or associated item named `Char` found for enum `value::Value` in the current scope\n    --> src/value/de.rs:1530:24\n     |\n1530 |     let value = Value::Char('a');\n     |                        ^^^^ variant or associated item not found in `Value`\n     |\n    ::: src/value/mod.rs:116:1\n     |\n116  | pub enum Value {\n     | -------------- variant or associated item `Char` not found for this enum\n\nerror[E0599]: no variant or associated item named `Char` found for enum `value::Value` in the current scope\n    --> src/value/de.rs:1533:24\n     |\n1533 |     let value = Value::Char('a');\n     |                        ^^^^ variant or associated item not found in `Value`\n     |\n    ::: src/value/mod.rs:116:1\n     |\n116  | pub enum Value {\n     | -------------- variant or associated item `Char` not found for this enum\n\nFor more information about this error, try `rustc --explain E0599`.\nwarning: `serde_json` (lib test) generated 1 warning\nerror: could not compile `serde_json` (lib test) due to 2 previous errors; 1 warning emitted\n"
                }
              ],
              "repaired": [
                false,
                false
              ]
            },
            {
              "attrs": [],
              "prefix": [
                "{",
                "    let value = Value::String(String::from(\"character\"));",
                "    let visitor = MockVisitor {};",
                "    let _ = value.deserialize_char(visitor);",
                "}"
              ],
              "oracles": [
                [
                  "    let value = Value::String(String::from(\"character\"));",
                  "    let visitor = MockVisitor {};",
                  "    let result = value.deserialize_char(visitor);",
                  "    assert!(result.is_ok());"
                ],
                [
                  "    let value = Value::String(String::from(\"character\"));",
                  "    let visitor = MockVisitor {};",
                  "    let result = value.deserialize_char(visitor);",
                  "    assert!(result.unwrap().is_void());"
                ]
              ],
              "codes": [
                [
                  "{",
                  "    let value = Value::String(String::from(\"character\"));",
                  "    let visitor = MockVisitor {};",
                  "    let _ = value.deserialize_char(visitor);",
                  "    let value = Value::String(String::from(\"character\"));",
                  "    let visitor = MockVisitor {};",
                  "    let result = value.deserialize_char(visitor);",
                  "    assert!(result.is_ok());",
                  "}"
                ],
                [
                  "{",
                  "    let value = Value::String(String::from(\"character\"));",
                  "    let visitor = MockVisitor {};",
                  "    let _ = value.deserialize_char(visitor);",
                  "    let value = Value::String(String::from(\"character\"));",
                  "    let visitor = MockVisitor {};",
                  "    let result = value.deserialize_char(visitor);",
                  "    assert!(result.unwrap().is_void());",
                  "}"
                ]
              ],
              "can_compile": [
                {
                  "Ok": null
                },
                {
                  "Err": "   Compiling proc-macro2 v1.0.95\n   Compiling serde v1.0.219\n   Compiling syn v1.0.109\n   Compiling libc v0.2.172\n   Compiling target-triple v0.1.4\n   Compiling serde_json v1.0.140\n   Compiling rustversion v1.0.20\n   Compiling ref-cast v1.0.24\n   Compiling serde_json v1.0.140 (/home/abezbm/rust-utgen-test-crates-new/json)\n   Compiling psm v0.1.26\n   Compiling stacker v0.1.21\n   Compiling quote v1.0.40\n   Compiling syn v2.0.101\n   Compiling serde_derive v1.0.219\n   Compiling ref-cast-impl v1.0.24\n   Compiling automod v1.0.15\n   Compiling ntest_test_cases v0.9.3\n   Compiling ntest_timeout v0.9.3\n   Compiling ntest v0.9.3\n   Compiling serde_spanned v0.6.8\n   Compiling toml_datetime v0.6.9\n   Compiling serde_stacker v0.1.12\n   Compiling serde_bytes v0.11.17\n   Compiling toml_edit v0.22.25\n   Compiling toml v0.8.21\n   Compiling trybuild v1.0.104\nwarning: unused import: `ntest::timeout`\n    --> src/value/de.rs:1504:8\n     |\n1504 |    use ntest::timeout;\n     |        ^^^^^^^^^^^^^^\n     |\n     = note: `#[warn(unused_imports)]` on by default\n\nerror[E0599]: no method named `is_void` found for unit type `()` in the current scope\n    --> src/value/de.rs:1536:29\n     |\n1536 |     assert!(result.unwrap().is_void());\n     |                             ^^^^^^^ method not found in `()`\n\nFor more information about this error, try `rustc --explain E0599`.\nwarning: `serde_json` (lib test) generated 1 warning\nerror: could not compile `serde_json` (lib test) due to 1 previous error; 1 warning emitted\n"
                }
              ],
              "repaired": [
                false,
                false
              ]
            },
            {
              "attrs": [],
              "prefix": [
                "{",
                "    let value = Value::String(String::from(\"\"));",
                "    let visitor = MockVisitor {};",
                "    let _ = value.deserialize_char(visitor);",
                "}"
              ],
              "oracles": [
                [
                  "    let value = Value::String(String::from(\"a\"));",
                  "    let visitor = MockVisitor {};",
                  "    let result = value.deserialize_char(visitor);",
                  "    assert!(result.is_ok());"
                ],
                [
                  "    let value = Value::String(String::from(\"a\"));",
                  "    let visitor = MockVisitor {};",
                  "    let result = value.deserialize_char(visitor);",
                  "    let value = Value::String(String::from(\"1\"));",
                  "    let visitor = MockVisitor {};",
                  "    let result = value.deserialize_char(visitor);",
                  "    assert!(result.is_ok());"
                ],
                [
                  "    let value = Value::String(String::from(\"a\"));",
                  "    let visitor = MockVisitor {};",
                  "    let result = value.deserialize_char(visitor);",
                  "    let value = Value::String(String::from(\"1\"));",
                  "    let visitor = MockVisitor {};",
                  "    let result = value.deserialize_char(visitor);",
                  "    let value = Value::String(String::from(\"test\"));",
                  "    let visitor = MockVisitor {};",
                  "    let result = value.deserialize_char(visitor);",
                  "    assert!(result.is_ok());"
                ],
                [
                  "    let value = Value::String(String::from(\"a\"));",
                  "    let visitor = MockVisitor {};",
                  "    let result = value.deserialize_char(visitor);",
                  "    let value = Value::String(String::from(\"1\"));",
                  "    let visitor = MockVisitor {};",
                  "    let result = value.deserialize_char(visitor);",
                  "    let value = Value::String(String::from(\"test\"));",
                  "    let visitor = MockVisitor {};",
                  "    let result = value.deserialize_char(visitor);",
                  "    let value = Value::Null;",
                  "    let visitor = MockVisitor {};",
                  "    let result = value.deserialize_char(visitor);",
                  "    assert!(result.is_err());"
                ],
                [
                  "    let value = Value::String(String::from(\"a\"));",
                  "    let visitor = MockVisitor {};",
                  "    let result = value.deserialize_char(visitor);",
                  "    let value = Value::String(String::from(\"1\"));",
                  "    let visitor = MockVisitor {};",
                  "    let result = value.deserialize_char(visitor);",
                  "    let value = Value::String(String::from(\"test\"));",
                  "    let visitor = MockVisitor {};",
                  "    let result = value.deserialize_char(visitor);",
                  "    let value = Value::Null;",
                  "    let visitor = MockVisitor {};",
                  "    let result = value.deserialize_char(visitor);",
                  "    let value = Value::Bool(true);",
                  "    let visitor = MockVisitor {};",
                  "    let result = value.deserialize_char(visitor);",
                  "    assert!(result.is_err());"
                ],
                [
                  "    let value = Value::String(String::from(\"a\"));",
                  "    let visitor = MockVisitor {};",
                  "    let result = value.deserialize_char(visitor);",
                  "    let value = Value::String(String::from(\"1\"));",
                  "    let visitor = MockVisitor {};",
                  "    let result = value.deserialize_char(visitor);",
                  "    let value = Value::String(String::from(\"test\"));",
                  "    let visitor = MockVisitor {};",
                  "    let result = value.deserialize_char(visitor);",
                  "    let value = Value::Null;",
                  "    let visitor = MockVisitor {};",
                  "    let result = value.deserialize_char(visitor);",
                  "    let value = Value::Bool(true);",
                  "    let visitor = MockVisitor {};",
                  "    let result = value.deserialize_char(visitor);",
                  "    let value = Value::Number(Number { n: N });",
                  "    let visitor = MockVisitor {};",
                  "    let result = value.deserialize_char(visitor);",
                  "    assert!(result.is_err());"
                ],
                [
                  "    let value = Value::String(String::from(\"a\"));",
                  "    let visitor = MockVisitor {};",
                  "    let result = value.deserialize_char(visitor);",
                  "    let value = Value::String(String::from(\"1\"));",
                  "    let visitor = MockVisitor {};",
                  "    let result = value.deserialize_char(visitor);",
                  "    let value = Value::String(String::from(\"test\"));",
                  "    let visitor = MockVisitor {};",
                  "    let result = value.deserialize_char(visitor);",
                  "    let value = Value::Null;",
                  "    let visitor = MockVisitor {};",
                  "    let result = value.deserialize_char(visitor);",
                  "    let value = Value::Bool(true);",
                  "    let visitor = MockVisitor {};",
                  "    let result = value.deserialize_char(visitor);",
                  "    let value = Value::Number(Number { n: N });",
                  "    let visitor = MockVisitor {};",
                  "    let result = value.deserialize_char(visitor);",
                  "    let value = Value::Array(vec![Value::String(String::from(\"test\"))]);",
                  "    let visitor = MockVisitor {};",
                  "    let result = value.deserialize_char(visitor);",
                  "    assert!(result.is_err());"
                ],
                [
                  "    let value = Value::String(String::from(\"a\"));",
                  "    let visitor = MockVisitor {};",
                  "    let result = value.deserialize_char(visitor);",
                  "    let value = Value::String(String::from(\"1\"));",
                  "    let visitor = MockVisitor {};",
                  "    let result = value.deserialize_char(visitor);",
                  "    let value = Value::String(String::from(\"test\"));",
                  "    let visitor = MockVisitor {};",
                  "    let result = value.deserialize_char(visitor);",
                  "    let value = Value::Null;",
                  "    let visitor = MockVisitor {};",
                  "    let result = value.deserialize_char(visitor);",
                  "    let value = Value::Bool(true);",
                  "    let visitor = MockVisitor {};",
                  "    let result = value.deserialize_char(visitor);",
                  "    let value = Value::Number(Number { n: N });",
                  "    let visitor = MockVisitor {};",
                  "    let result = value.deserialize_char(visitor);",
                  "    let value = Value::Array(vec![Value::String(String::from(\"test\"))]);",
                  "    let visitor = MockVisitor {};",
                  "    let result = value.deserialize_char(visitor);",
                  "    let value = Value::Object(Map::new());",
                  "    let visitor = MockVisitor {};",
                  "    let result = value.deserialize_char(visitor);",
                  "    assert!(result.is_err());"
                ]
              ],
              "codes": [
                [
                  "{",
                  "    let value = Value::String(String::from(\"\"));",
                  "    let visitor = MockVisitor {};",
                  "    let _ = value.deserialize_char(visitor);",
                  "    let value = Value::String(String::from(\"a\"));",
                  "    let visitor = MockVisitor {};",
                  "    let result = value.deserialize_char(visitor);",
                  "    assert!(result.is_ok());",
                  "}"
                ],
                [
                  "{",
                  "    let value = Value::String(String::from(\"\"));",
                  "    let visitor = MockVisitor {};",
                  "    let _ = value.deserialize_char(visitor);",
                  "    let value = Value::String(String::from(\"a\"));",
                  "    let visitor = MockVisitor {};",
                  "    let result = value.deserialize_char(visitor);",
                  "    let value = Value::String(String::from(\"1\"));",
                  "    let visitor = MockVisitor {};",
                  "    let result = value.deserialize_char(visitor);",
                  "    assert!(result.is_ok());",
                  "}"
                ],
                [
                  "{",
                  "    let value = Value::String(String::from(\"\"));",
                  "    let visitor = MockVisitor {};",
                  "    let _ = value.deserialize_char(visitor);",
                  "    let value = Value::String(String::from(\"a\"));",
                  "    let visitor = MockVisitor {};",
                  "    let result = value.deserialize_char(visitor);",
                  "    let value = Value::String(String::from(\"1\"));",
                  "    let visitor = MockVisitor {};",
                  "    let result = value.deserialize_char(visitor);",
                  "    let value = Value::String(String::from(\"test\"));",
                  "    let visitor = MockVisitor {};",
                  "    let result = value.deserialize_char(visitor);",
                  "    assert!(result.is_ok());",
                  "}"
                ],
                [
                  "{",
                  "    let value = Value::String(String::from(\"\"));",
                  "    let visitor = MockVisitor {};",
                  "    let _ = value.deserialize_char(visitor);",
                  "    let value = Value::String(String::from(\"a\"));",
                  "    let visitor = MockVisitor {};",
                  "    let result = value.deserialize_char(visitor);",
                  "    let value = Value::String(String::from(\"1\"));",
                  "    let visitor = MockVisitor {};",
                  "    let result = value.deserialize_char(visitor);",
                  "    let value = Value::String(String::from(\"test\"));",
                  "    let visitor = MockVisitor {};",
                  "    let result = value.deserialize_char(visitor);",
                  "    let value = Value::Null;",
                  "    let visitor = MockVisitor {};",
                  "    let result = value.deserialize_char(visitor);",
                  "    assert!(result.is_err());",
                  "}"
                ],
                [
                  "{",
                  "    let value = Value::String(String::from(\"\"));",
                  "    let visitor = MockVisitor {};",
                  "    let _ = value.deserialize_char(visitor);",
                  "    let value = Value::String(String::from(\"a\"));",
                  "    let visitor = MockVisitor {};",
                  "    let result = value.deserialize_char(visitor);",
                  "    let value = Value::String(String::from(\"1\"));",
                  "    let visitor = MockVisitor {};",
                  "    let result = value.deserialize_char(visitor);",
                  "    let value = Value::String(String::from(\"test\"));",
                  "    let visitor = MockVisitor {};",
                  "    let result = value.deserialize_char(visitor);",
                  "    let value = Value::Null;",
                  "    let visitor = MockVisitor {};",
                  "    let result = value.deserialize_char(visitor);",
                  "    let value = Value::Bool(true);",
                  "    let visitor = MockVisitor {};",
                  "    let result = value.deserialize_char(visitor);",
                  "    assert!(result.is_err());",
                  "}"
                ],
                [
                  "{",
                  "    let value = Value::String(String::from(\"\"));",
                  "    let visitor = MockVisitor {};",
                  "    let _ = value.deserialize_char(visitor);",
                  "    let value = Value::String(String::from(\"a\"));",
                  "    let visitor = MockVisitor {};",
                  "    let result = value.deserialize_char(visitor);",
                  "    let value = Value::String(String::from(\"1\"));",
                  "    let visitor = MockVisitor {};",
                  "    let result = value.deserialize_char(visitor);",
                  "    let value = Value::String(String::from(\"test\"));",
                  "    let visitor = MockVisitor {};",
                  "    let result = value.deserialize_char(visitor);",
                  "    let value = Value::Null;",
                  "    let visitor = MockVisitor {};",
                  "    let result = value.deserialize_char(visitor);",
                  "    let value = Value::Bool(true);",
                  "    let visitor = MockVisitor {};",
                  "    let result = value.deserialize_char(visitor);",
                  "    let value = Value::Number(Number { n: N });",
                  "    let visitor = MockVisitor {};",
                  "    let result = value.deserialize_char(visitor);",
                  "    assert!(result.is_err());",
                  "}"
                ],
                [
                  "{",
                  "    let value = Value::String(String::from(\"\"));",
                  "    let visitor = MockVisitor {};",
                  "    let _ = value.deserialize_char(visitor);",
                  "    let value = Value::String(String::from(\"a\"));",
                  "    let visitor = MockVisitor {};",
                  "    let result = value.deserialize_char(visitor);",
                  "    let value = Value::String(String::from(\"1\"));",
                  "    let visitor = MockVisitor {};",
                  "    let result = value.deserialize_char(visitor);",
                  "    let value = Value::String(String::from(\"test\"));",
                  "    let visitor = MockVisitor {};",
                  "    let result = value.deserialize_char(visitor);",
                  "    let value = Value::Null;",
                  "    let visitor = MockVisitor {};",
                  "    let result = value.deserialize_char(visitor);",
                  "    let value = Value::Bool(true);",
                  "    let visitor = MockVisitor {};",
                  "    let result = value.deserialize_char(visitor);",
                  "    let value = Value::Number(Number { n: N });",
                  "    let visitor = MockVisitor {};",
                  "    let result = value.deserialize_char(visitor);",
                  "    let value = Value::Array(vec![Value::String(String::from(\"test\"))]);",
                  "    let visitor = MockVisitor {};",
                  "    let result = value.deserialize_char(visitor);",
                  "    assert!(result.is_err());",
                  "}"
                ],
                [
                  "{",
                  "    let value = Value::String(String::from(\"\"));",
                  "    let visitor = MockVisitor {};",
                  "    let _ = value.deserialize_char(visitor);",
                  "    let value = Value::String(String::from(\"a\"));",
                  "    let visitor = MockVisitor {};",
                  "    let result = value.deserialize_char(visitor);",
                  "    let value = Value::String(String::from(\"1\"));",
                  "    let visitor = MockVisitor {};",
                  "    let result = value.deserialize_char(visitor);",
                  "    let value = Value::String(String::from(\"test\"));",
                  "    let visitor = MockVisitor {};",
                  "    let result = value.deserialize_char(visitor);",
                  "    let value = Value::Null;",
                  "    let visitor = MockVisitor {};",
                  "    let result = value.deserialize_char(visitor);",
                  "    let value = Value::Bool(true);",
                  "    let visitor = MockVisitor {};",
                  "    let result = value.deserialize_char(visitor);",
                  "    let value = Value::Number(Number { n: N });",
                  "    let visitor = MockVisitor {};",
                  "    let result = value.deserialize_char(visitor);",
                  "    let value = Value::Array(vec![Value::String(String::from(\"test\"))]);",
                  "    let visitor = MockVisitor {};",
                  "    let result = value.deserialize_char(visitor);",
                  "    let value = Value::Object(Map::new());",
                  "    let visitor = MockVisitor {};",
                  "    let result = value.deserialize_char(visitor);",
                  "    assert!(result.is_err());",
                  "}"
                ]
              ],
              "can_compile": [
                {
                  "Ok": null
                },
                {
                  "Ok": null
                },
                {
                  "Ok": null
                },
                {
                  "Ok": null
                },
                {
                  "Ok": null
                },
                {
                  "Err": "   Compiling proc-macro2 v1.0.95\n   Compiling serde v1.0.219\n   Compiling syn v1.0.109\n   Compiling libc v0.2.172\n   Compiling serde_json v1.0.140\n   Compiling target-triple v0.1.4\n   Compiling rustversion v1.0.20\n   Compiling ref-cast v1.0.24\n   Compiling serde_json v1.0.140 (/home/abezbm/rust-utgen-test-crates-new/json)\n   Compiling psm v0.1.26\n   Compiling stacker v0.1.21\n   Compiling quote v1.0.40\n   Compiling syn v2.0.101\n   Compiling serde_derive v1.0.219\n   Compiling ref-cast-impl v1.0.24\n   Compiling automod v1.0.15\n   Compiling ntest_test_cases v0.9.3\n   Compiling ntest_timeout v0.9.3\n   Compiling ntest v0.9.3\n   Compiling serde_spanned v0.6.8\n   Compiling toml_datetime v0.6.9\n   Compiling serde_stacker v0.1.12\n   Compiling serde_bytes v0.11.17\n   Compiling toml_edit v0.22.25\n   Compiling toml v0.8.21\n   Compiling trybuild v1.0.104\nerror[E0425]: cannot find value `N` in this scope\n    --> src/value/de.rs:1548:43\n     |\n1548 |     let value = Value::Number(Number { n: N });\n     |                                           ^ not found in this scope\n     |\nhelp: you might be missing a const parameter\n     |\n1528 | fn test_deserialize_char_09<const N: /* Type */>()\n     |                            +++++++++++++++++++++\n\nwarning: unused import: `ntest::timeout`\n    --> src/value/de.rs:1504:8\n     |\n1504 |    use ntest::timeout;\n     |        ^^^^^^^^^^^^^^\n     |\n     = note: `#[warn(unused_imports)]` on by default\n\nFor more information about this error, try `rustc --explain E0425`.\nwarning: `serde_json` (lib test) generated 1 warning\nerror: could not compile `serde_json` (lib test) due to 1 previous error; 1 warning emitted\n"
                },
                {
                  "Err": "   Compiling proc-macro2 v1.0.95\n   Compiling serde v1.0.219\n   Compiling syn v1.0.109\n   Compiling libc v0.2.172\n   Compiling serde_json v1.0.140\n   Compiling target-triple v0.1.4\n   Compiling ref-cast v1.0.24\n   Compiling rustversion v1.0.20\n   Compiling serde_json v1.0.140 (/home/abezbm/rust-utgen-test-crates-new/json)\n   Compiling psm v0.1.26\n   Compiling stacker v0.1.21\n   Compiling quote v1.0.40\n   Compiling syn v2.0.101\n   Compiling serde_derive v1.0.219\n   Compiling ref-cast-impl v1.0.24\n   Compiling automod v1.0.15\n   Compiling ntest_test_cases v0.9.3\n   Compiling ntest_timeout v0.9.3\n   Compiling ntest v0.9.3\n   Compiling serde_spanned v0.6.8\n   Compiling toml_datetime v0.6.9\n   Compiling serde_stacker v0.1.12\n   Compiling serde_bytes v0.11.17\n   Compiling toml_edit v0.22.25\n   Compiling toml v0.8.21\n   Compiling trybuild v1.0.104\nerror[E0425]: cannot find value `N` in this scope\n    --> src/value/de.rs:1548:43\n     |\n1548 |     let value = Value::Number(Number { n: N });\n     |                                           ^ not found in this scope\n     |\nhelp: you might be missing a const parameter\n     |\n1528 | fn test_deserialize_char_10<const N: /* Type */>()\n     |                            +++++++++++++++++++++\n\nwarning: unused import: `ntest::timeout`\n    --> src/value/de.rs:1504:8\n     |\n1504 |    use ntest::timeout;\n     |        ^^^^^^^^^^^^^^\n     |\n     = note: `#[warn(unused_imports)]` on by default\n\nFor more information about this error, try `rustc --explain E0425`.\nwarning: `serde_json` (lib test) generated 1 warning\nerror: could not compile `serde_json` (lib test) due to 1 previous error; 1 warning emitted\n"
                },
                {
                  "Err": "   Compiling proc-macro2 v1.0.95\n   Compiling serde v1.0.219\n   Compiling syn v1.0.109\n   Compiling libc v0.2.172\n   Compiling target-triple v0.1.4\n   Compiling serde_json v1.0.140\n   Compiling ref-cast v1.0.24\n   Compiling rustversion v1.0.20\n   Compiling serde_json v1.0.140 (/home/abezbm/rust-utgen-test-crates-new/json)\n   Compiling psm v0.1.26\n   Compiling stacker v0.1.21\n   Compiling quote v1.0.40\n   Compiling syn v2.0.101\n   Compiling serde_derive v1.0.219\n   Compiling ref-cast-impl v1.0.24\n   Compiling automod v1.0.15\n   Compiling ntest_timeout v0.9.3\n   Compiling ntest_test_cases v0.9.3\n   Compiling ntest v0.9.3\n   Compiling serde_spanned v0.6.8\n   Compiling toml_datetime v0.6.9\n   Compiling serde_bytes v0.11.17\n   Compiling serde_stacker v0.1.12\n   Compiling toml_edit v0.22.25\n   Compiling toml v0.8.21\n   Compiling trybuild v1.0.104\nerror[E0425]: cannot find value `N` in this scope\n    --> src/value/de.rs:1548:43\n     |\n1548 |     let value = Value::Number(Number { n: N });\n     |                                           ^ not found in this scope\n     |\nhelp: you might be missing a const parameter\n     |\n1528 | fn test_deserialize_char_11<const N: /* Type */>()\n     |                            +++++++++++++++++++++\n\nwarning: unused import: `ntest::timeout`\n    --> src/value/de.rs:1504:8\n     |\n1504 |    use ntest::timeout;\n     |        ^^^^^^^^^^^^^^\n     |\n     = note: `#[warn(unused_imports)]` on by default\n\nFor more information about this error, try `rustc --explain E0425`.\nwarning: `serde_json` (lib test) generated 1 warning\nerror: could not compile `serde_json` (lib test) due to 1 previous error; 1 warning emitted\n"
                }
              ],
              "repaired": [
                false,
                false,
                false,
                false,
                false,
                false,
                false,
                false
              ]
            },
            {
              "attrs": [],
              "prefix": [
                "{",
                "    let value = Value::String(String::from(\"1\"));",
                "    let visitor = MockVisitor {};",
                "    let _ = value.deserialize_char(visitor);",
                "}"
              ],
              "oracles": [
                [
                  "    let value = Value::String(String::from(\"1\"));",
                  "    assert_eq!(value.deserialize_char(MockVisitor {}), Ok(()));"
                ]
              ],
              "codes": [
                [
                  "{",
                  "    let value = Value::String(String::from(\"1\"));",
                  "    let visitor = MockVisitor {};",
                  "    let _ = value.deserialize_char(visitor);",
                  "    let value = Value::String(String::from(\"1\"));",
                  "    assert_eq!(value.deserialize_char(MockVisitor {}), Ok(()));",
                  "}"
                ]
              ],
              "can_compile": [
                {
                  "Err": "   Compiling proc-macro2 v1.0.95\n   Compiling serde v1.0.219\n   Compiling syn v1.0.109\n   Compiling libc v0.2.172\n   Compiling serde_json v1.0.140\n   Compiling target-triple v0.1.4\n   Compiling ref-cast v1.0.24\n   Compiling rustversion v1.0.20\n   Compiling serde_json v1.0.140 (/home/abezbm/rust-utgen-test-crates-new/json)\n   Compiling psm v0.1.26\n   Compiling stacker v0.1.21\n   Compiling quote v1.0.40\n   Compiling syn v2.0.101\n   Compiling serde_derive v1.0.219\n   Compiling ref-cast-impl v1.0.24\n   Compiling automod v1.0.15\n   Compiling ntest_test_cases v0.9.3\n   Compiling ntest_timeout v0.9.3\n   Compiling ntest v0.9.3\n   Compiling serde_spanned v0.6.8\n   Compiling toml_datetime v0.6.9\n   Compiling serde_stacker v0.1.12\n   Compiling serde_bytes v0.11.17\n   Compiling toml_edit v0.22.25\n   Compiling toml v0.8.21\n   Compiling trybuild v1.0.104\nwarning: unused import: `ntest::timeout`\n    --> src/value/de.rs:1504:8\n     |\n1504 |    use ntest::timeout;\n     |        ^^^^^^^^^^^^^^\n     |\n     = note: `#[warn(unused_imports)]` on by default\n\nerror[E0369]: binary operation `==` cannot be applied to type `std::result::Result<(), error::Error>`\n    --> src/value/de.rs:1534:5\n     |\n1534 |     assert_eq!(value.deserialize_char(MockVisitor {}), Ok(()));\n     |     ^^^^^^^^^^^^^^^^^^^^^^^^^^^^^^^^^^^^^^^^^^^^^^^^^^^^^^^^^^\n     |     |\n     |     std::result::Result<(), error::Error>\n     |     std::result::Result<(), error::Error>\n     |\nnote: an implementation of `PartialEq` might be missing for `error::Error`\n    --> src/error.rs:17:1\n     |\n17   | pub struct Error {\n     | ^^^^^^^^^^^^^^^^ must implement `PartialEq`\n     = note: this error originates in the macro `assert_eq` (in Nightly builds, run with -Z macro-backtrace for more info)\nhelp: consider annotating `error::Error` with `#[derive(PartialEq)]`\n    -->  src/error.rs:17:1\n     |\n17   + #[derive(PartialEq)]\n18   | pub struct Error {\n     |\n\nFor more information about this error, try `rustc --explain E0369`.\nwarning: `serde_json` (lib test) generated 1 warning\nerror: could not compile `serde_json` (lib test) due to 1 previous error; 1 warning emitted\n"
                }
              ],
              "repaired": [
                false
              ]
            },
            {
              "attrs": [],
              "prefix": [
                "{",
                "    let value = Value::Null;",
                "    let visitor = MockVisitor {};",
                "    let _ = value.deserialize_char(visitor);",
                "}"
              ],
              "oracles": [
                [
                  "    let value = Value::Null;",
                  "    let visitor = MockVisitor {};",
                  "    assert!(value.deserialize_char(visitor).is_ok());"
                ]
              ],
              "codes": [
                [
                  "{",
                  "    let value = Value::Null;",
                  "    let visitor = MockVisitor {};",
                  "    let _ = value.deserialize_char(visitor);",
                  "    let value = Value::Null;",
                  "    let visitor = MockVisitor {};",
                  "    assert!(value.deserialize_char(visitor).is_ok());",
                  "}"
                ]
              ],
              "can_compile": [
                {
                  "Ok": null
                }
              ],
              "repaired": [
                false
              ]
            }
          ]
        }
      ]
    }
  ]
}