{
  "name": "serde_json::ser::<&'a mut ser::Serializer<W, F> as serde::Serializer>::serialize_u32",
  "name_with_impl": "serde_json::ser::{impl#3}::serialize_u32",
  "mod_info": {
    "name": "ser",
    "loc": "src/lib.rs:423:1:423:13"
  },
  "visible": true,
  "loc": "src/ser.rs:133:5:137:6",
  "fn_tests": [
    {
      "chain_id": 1,
      "prompt_conds": [],
      "input_infer": "0 to 4294967295 (inclusive)\n",
      "answers": [
        {
          "uses": [],
          "has_test_mod": false,
          "common": [],
          "chain_tests": [
            {
              "attrs": [],
              "prefix": [
                "{",
                "    let writer = Vec::new();",
                "    let formatter = SomeFormatter; // Assuming SomeFormatter implements required traits",
                "    let mut serializer = Serializer { writer, formatter };",
                "",
                "    // Call with minimum value",
                "    let _ = serializer.serialize_u32(0);",
                "}"
              ],
              "oracles": [
                [
                  "    let writer = Vec::new();",
                  "    let formatter = SomeFormatter;",
                  "    let serializer = Serializer { writer, formatter };",
                  "    assert!(serializer.serialize_u32(0).is_ok());"
                ]
              ],
              "codes": [
                [
                  "{",
                  "    let writer = Vec::new();",
                  "    let formatter = SomeFormatter; // Assuming SomeFormatter implements required traits",
                  "    let mut serializer = Serializer { writer, formatter };",
                  "",
                  "    // Call with minimum value",
                  "    let _ = serializer.serialize_u32(0);",
                  "    let writer = Vec::new();",
                  "    let formatter = SomeFormatter;",
                  "    let serializer = Serializer { writer, formatter };",
                  "    assert!(serializer.serialize_u32(0).is_ok());",
                  "}"
                ]
              ],
              "can_compile": [
                {
                  "Err": "   Compiling proc-macro2 v1.0.95\n   Compiling serde v1.0.219\n   Compiling syn v1.0.109\n   Compiling libc v0.2.172\n   Compiling target-triple v0.1.4\n   Compiling serde_json v1.0.140\n   Compiling ref-cast v1.0.24\n   Compiling rustversion v1.0.20\n   Compiling serde_json v1.0.140 (/home/abezbm/rust-utgen-test-crates-new/json)\n   Compiling psm v0.1.26\n   Compiling stacker v0.1.21\n   Compiling quote v1.0.40\n   Compiling syn v2.0.101\n   Compiling serde_derive v1.0.219\n   Compiling ref-cast-impl v1.0.24\n   Compiling automod v1.0.15\n   Compiling ntest_test_cases v0.9.3\n   Compiling ntest_timeout v0.9.3\n   Compiling ntest v0.9.3\n   Compiling serde_spanned v0.6.8\n   Compiling toml_datetime v0.6.9\n   Compiling serde_bytes v0.11.17\n   Compiling serde_stacker v0.1.12\n   Compiling toml_edit v0.22.25\n   Compiling toml v0.8.21\n   Compiling trybuild v1.0.104\nerror[E0425]: cannot find value `SomeFormatter` in this scope\n    --> src/ser.rs:2286:21\n     |\n2286 |     let formatter = SomeFormatter; // Assuming SomeFormatter implements required traits\n     |                     ^^^^^^^^^^^^^ not found in this scope\n\nerror[E0425]: cannot find value `SomeFormatter` in this scope\n    --> src/ser.rs:2292:21\n     |\n2292 |     let formatter = SomeFormatter;\n     |                     ^^^^^^^^^^^^^ not found in this scope\n\nwarning: unused import: `ntest::timeout`\n    --> src/ser.rs:2281:8\n     |\n2281 |    use ntest::timeout;\n     |        ^^^^^^^^^^^^^^\n     |\n     = note: `#[warn(unused_imports)]` on by default\n\nFor more information about this error, try `rustc --explain E0425`.\nwarning: `serde_json` (lib test) generated 1 warning\nerror: could not compile `serde_json` (lib test) due to 2 previous errors; 1 warning emitted\n"
                }
              ],
              "repaired": [
                false
              ]
            },
            {
              "attrs": [],
              "prefix": [
                "{",
                "    let writer = Vec::new();",
                "    let formatter = SomeFormatter; // Assuming SomeFormatter implements required traits",
                "    let mut serializer = Serializer { writer, formatter };",
                "",
                "    // Call with a mid-range value",
                "    let _ = serializer.serialize_u32(2147483648);",
                "}"
              ],
              "oracles": [
                [
                  "    let writer = Vec::new();",
                  "    let formatter = SomeFormatter;",
                  "    let mut serializer = Serializer { writer, formatter };",
                  "    assert!(serializer.serialize_u32(2147483648).is_ok());"
                ],
                [
                  "    let writer = Vec::new();",
                  "    let formatter = SomeFormatter;",
                  "    let mut serializer = Serializer { writer, formatter };",
                  "    assert!(serializer.writer.len() > 0);"
                ],
                [
                  "    let writer = Vec::new();",
                  "    let formatter = SomeFormatter;",
                  "    let mut serializer = Serializer { writer, formatter };",
                  "    assert!(serializer.formatter.is_initialized());"
                ]
              ],
              "codes": [
                [
                  "{",
                  "    let writer = Vec::new();",
                  "    let formatter = SomeFormatter; // Assuming SomeFormatter implements required traits",
                  "    let mut serializer = Serializer { writer, formatter };",
                  "",
                  "    // Call with a mid-range value",
                  "    let _ = serializer.serialize_u32(2147483648);",
                  "    let writer = Vec::new();",
                  "    let formatter = SomeFormatter;",
                  "    let mut serializer = Serializer { writer, formatter };",
                  "    assert!(serializer.serialize_u32(2147483648).is_ok());",
                  "}"
                ],
                [
                  "{",
                  "    let writer = Vec::new();",
                  "    let formatter = SomeFormatter; // Assuming SomeFormatter implements required traits",
                  "    let mut serializer = Serializer { writer, formatter };",
                  "",
                  "    // Call with a mid-range value",
                  "    let _ = serializer.serialize_u32(2147483648);",
                  "    let writer = Vec::new();",
                  "    let formatter = SomeFormatter;",
                  "    let mut serializer = Serializer { writer, formatter };",
                  "    assert!(serializer.writer.len() > 0);",
                  "}"
                ],
                [
                  "{",
                  "    let writer = Vec::new();",
                  "    let formatter = SomeFormatter; // Assuming SomeFormatter implements required traits",
                  "    let mut serializer = Serializer { writer, formatter };",
                  "",
                  "    // Call with a mid-range value",
                  "    let _ = serializer.serialize_u32(2147483648);",
                  "    let writer = Vec::new();",
                  "    let formatter = SomeFormatter;",
                  "    let mut serializer = Serializer { writer, formatter };",
                  "    assert!(serializer.formatter.is_initialized());",
                  "}"
                ]
              ],
              "can_compile": [
                {
                  "Err": "   Compiling proc-macro2 v1.0.95\n   Compiling serde v1.0.219\n   Compiling syn v1.0.109\n   Compiling libc v0.2.172\n   Compiling serde_json v1.0.140\n   Compiling target-triple v0.1.4\n   Compiling ref-cast v1.0.24\n   Compiling rustversion v1.0.20\n   Compiling serde_json v1.0.140 (/home/abezbm/rust-utgen-test-crates-new/json)\n   Compiling psm v0.1.26\n   Compiling stacker v0.1.21\n   Compiling quote v1.0.40\n   Compiling syn v2.0.101\n   Compiling serde_derive v1.0.219\n   Compiling ref-cast-impl v1.0.24\n   Compiling automod v1.0.15\n   Compiling ntest_timeout v0.9.3\n   Compiling ntest_test_cases v0.9.3\n   Compiling ntest v0.9.3\n   Compiling toml_datetime v0.6.9\n   Compiling serde_spanned v0.6.8\n   Compiling serde_bytes v0.11.17\n   Compiling serde_stacker v0.1.12\n   Compiling toml_edit v0.22.25\n   Compiling toml v0.8.21\n   Compiling trybuild v1.0.104\nerror[E0425]: cannot find value `SomeFormatter` in this scope\n    --> src/ser.rs:2286:21\n     |\n2286 |     let formatter = SomeFormatter; // Assuming SomeFormatter implements required traits\n     |                     ^^^^^^^^^^^^^ not found in this scope\n\nerror[E0425]: cannot find value `SomeFormatter` in this scope\n    --> src/ser.rs:2292:21\n     |\n2292 |     let formatter = SomeFormatter;\n     |                     ^^^^^^^^^^^^^ not found in this scope\n\nwarning: unused import: `ntest::timeout`\n    --> src/ser.rs:2281:8\n     |\n2281 |    use ntest::timeout;\n     |        ^^^^^^^^^^^^^^\n     |\n     = note: `#[warn(unused_imports)]` on by default\n\nFor more information about this error, try `rustc --explain E0425`.\nwarning: `serde_json` (lib test) generated 1 warning\nerror: could not compile `serde_json` (lib test) due to 2 previous errors; 1 warning emitted\n"
                },
                {
                  "Err": "   Compiling proc-macro2 v1.0.95\n   Compiling serde v1.0.219\n   Compiling syn v1.0.109\n   Compiling libc v0.2.172\n   Compiling serde_json v1.0.140\n   Compiling target-triple v0.1.4\n   Compiling ref-cast v1.0.24\n   Compiling rustversion v1.0.20\n   Compiling serde_json v1.0.140 (/home/abezbm/rust-utgen-test-crates-new/json)\n   Compiling psm v0.1.26\n   Compiling stacker v0.1.21\n   Compiling quote v1.0.40\n   Compiling syn v2.0.101\n   Compiling serde_derive v1.0.219\n   Compiling ref-cast-impl v1.0.24\n   Compiling automod v1.0.15\n   Compiling ntest_timeout v0.9.3\n   Compiling ntest_test_cases v0.9.3\n   Compiling ntest v0.9.3\n   Compiling serde_spanned v0.6.8\n   Compiling toml_datetime v0.6.9\n   Compiling serde_bytes v0.11.17\n   Compiling serde_stacker v0.1.12\n   Compiling toml_edit v0.22.25\n   Compiling toml v0.8.21\n   Compiling trybuild v1.0.104\nerror[E0425]: cannot find value `SomeFormatter` in this scope\n    --> src/ser.rs:2286:21\n     |\n2286 |     let formatter = SomeFormatter; // Assuming SomeFormatter implements required traits\n     |                     ^^^^^^^^^^^^^ not found in this scope\n\nerror[E0425]: cannot find value `SomeFormatter` in this scope\n    --> src/ser.rs:2292:21\n     |\n2292 |     let formatter = SomeFormatter;\n     |                     ^^^^^^^^^^^^^ not found in this scope\n\nwarning: unused import: `ntest::timeout`\n    --> src/ser.rs:2281:8\n     |\n2281 |    use ntest::timeout;\n     |        ^^^^^^^^^^^^^^\n     |\n     = note: `#[warn(unused_imports)]` on by default\n\nFor more information about this error, try `rustc --explain E0425`.\nwarning: `serde_json` (lib test) generated 1 warning\nerror: could not compile `serde_json` (lib test) due to 2 previous errors; 1 warning emitted\n"
                },
                {
                  "Err": "   Compiling proc-macro2 v1.0.95\n   Compiling serde v1.0.219\n   Compiling syn v1.0.109\n   Compiling libc v0.2.172\n   Compiling serde_json v1.0.140\n   Compiling target-triple v0.1.4\n   Compiling ref-cast v1.0.24\n   Compiling rustversion v1.0.20\n   Compiling serde_json v1.0.140 (/home/abezbm/rust-utgen-test-crates-new/json)\n   Compiling psm v0.1.26\n   Compiling stacker v0.1.21\n   Compiling quote v1.0.40\n   Compiling syn v2.0.101\n   Compiling serde_derive v1.0.219\n   Compiling ref-cast-impl v1.0.24\n   Compiling automod v1.0.15\n   Compiling ntest_timeout v0.9.3\n   Compiling ntest_test_cases v0.9.3\n   Compiling ntest v0.9.3\n   Compiling serde_spanned v0.6.8\n   Compiling toml_datetime v0.6.9\n   Compiling serde_bytes v0.11.17\n   Compiling serde_stacker v0.1.12\n   Compiling toml_edit v0.22.25\n   Compiling toml v0.8.21\n   Compiling trybuild v1.0.104\nerror[E0425]: cannot find value `SomeFormatter` in this scope\n    --> src/ser.rs:2286:21\n     |\n2286 |     let formatter = SomeFormatter; // Assuming SomeFormatter implements required traits\n     |                     ^^^^^^^^^^^^^ not found in this scope\n\nerror[E0425]: cannot find value `SomeFormatter` in this scope\n    --> src/ser.rs:2292:21\n     |\n2292 |     let formatter = SomeFormatter;\n     |                     ^^^^^^^^^^^^^ not found in this scope\n\nwarning: unused import: `ntest::timeout`\n    --> src/ser.rs:2281:8\n     |\n2281 |    use ntest::timeout;\n     |        ^^^^^^^^^^^^^^\n     |\n     = note: `#[warn(unused_imports)]` on by default\n\nFor more information about this error, try `rustc --explain E0425`.\nwarning: `serde_json` (lib test) generated 1 warning\nerror: could not compile `serde_json` (lib test) due to 2 previous errors; 1 warning emitted\n"
                }
              ],
              "repaired": [
                false,
                false,
                false
              ]
            },
            {
              "attrs": [],
              "prefix": [
                "{",
                "    let writer = Vec::new();",
                "    let formatter = SomeFormatter; // Assuming SomeFormatter implements required traits",
                "    let mut serializer = Serializer { writer, formatter };",
                "",
                "    // Call with maximum value",
                "    let _ = serializer.serialize_u32(4294967295);",
                "}"
              ],
              "oracles": [
                [
                  "    let mut writer = Vec::new();",
                  "    let formatter = SomeFormatter;",
                  "    let mut serializer = Serializer { writer, formatter };",
                  "    let result = serializer.serialize_u32(4294967295);",
                  "    assert!(result.is_ok());"
                ]
              ],
              "codes": [
                [
                  "{",
                  "    let writer = Vec::new();",
                  "    let formatter = SomeFormatter; // Assuming SomeFormatter implements required traits",
                  "    let mut serializer = Serializer { writer, formatter };",
                  "",
                  "    // Call with maximum value",
                  "    let _ = serializer.serialize_u32(4294967295);",
                  "    let mut writer = Vec::new();",
                  "    let formatter = SomeFormatter;",
                  "    let mut serializer = Serializer { writer, formatter };",
                  "    let result = serializer.serialize_u32(4294967295);",
                  "    assert!(result.is_ok());",
                  "}"
                ]
              ],
              "can_compile": [
                {
                  "Err": "   Compiling proc-macro2 v1.0.95\n   Compiling serde v1.0.219\n   Compiling syn v1.0.109\n   Compiling libc v0.2.172\n   Compiling target-triple v0.1.4\n   Compiling serde_json v1.0.140\n   Compiling ref-cast v1.0.24\n   Compiling rustversion v1.0.20\n   Compiling serde_json v1.0.140 (/home/abezbm/rust-utgen-test-crates-new/json)\n   Compiling psm v0.1.26\n   Compiling stacker v0.1.21\n   Compiling quote v1.0.40\n   Compiling syn v2.0.101\n   Compiling serde_derive v1.0.219\n   Compiling ref-cast-impl v1.0.24\n   Compiling automod v1.0.15\n   Compiling ntest_test_cases v0.9.3\n   Compiling ntest_timeout v0.9.3\n   Compiling ntest v0.9.3\n   Compiling toml_datetime v0.6.9\n   Compiling serde_spanned v0.6.8\n   Compiling serde_bytes v0.11.17\n   Compiling serde_stacker v0.1.12\n   Compiling toml_edit v0.22.25\n   Compiling toml v0.8.21\n   Compiling trybuild v1.0.104\nerror[E0425]: cannot find value `SomeFormatter` in this scope\n    --> src/ser.rs:2286:21\n     |\n2286 |     let formatter = SomeFormatter; // Assuming SomeFormatter implements required traits\n     |                     ^^^^^^^^^^^^^ not found in this scope\n\nerror[E0425]: cannot find value `SomeFormatter` in this scope\n    --> src/ser.rs:2292:21\n     |\n2292 |     let formatter = SomeFormatter;\n     |                     ^^^^^^^^^^^^^ not found in this scope\n\nwarning: unused import: `ntest::timeout`\n    --> src/ser.rs:2281:8\n     |\n2281 |    use ntest::timeout;\n     |        ^^^^^^^^^^^^^^\n     |\n     = note: `#[warn(unused_imports)]` on by default\n\nFor more information about this error, try `rustc --explain E0425`.\nwarning: `serde_json` (lib test) generated 1 warning\nerror: could not compile `serde_json` (lib test) due to 2 previous errors; 1 warning emitted\n"
                }
              ],
              "repaired": [
                false
              ]
            },
            {
              "attrs": [],
              "prefix": [
                "{",
                "    let writer = Vec::new();",
                "    let formatter = SomeFormatter; // Assuming SomeFormatter implements required traits",
                "    let mut serializer = Serializer { writer, formatter };",
                "",
                "    // Call with other boundary values to ensure coverage",
                "    let _ = serializer.serialize_u32(1);",
                "    let _ = serializer.serialize_u32(4294967294);",
                "}"
              ],
              "oracles": [
                [
                  "    let formatter = SomeFormatter;",
                  "    assert!(serializer.writer.is_empty());"
                ],
                [
                  "    let formatter = SomeFormatter;",
                  "    let result_1 = serializer.serialize_u32(1);",
                  "    assert!(result_1.is_ok());"
                ],
                [
                  "    let formatter = SomeFormatter;",
                  "    let result_1 = serializer.serialize_u32(1);",
                  "    assert_eq!(serializer.writer, expected_output_for_1);"
                ],
                [
                  "    let formatter = SomeFormatter;",
                  "    let result_1 = serializer.serialize_u32(1);",
                  "    let result_2 = serializer.serialize_u32(4294967294);",
                  "    assert!(result_2.is_ok());"
                ],
                [
                  "    let formatter = SomeFormatter;",
                  "    let result_1 = serializer.serialize_u32(1);",
                  "    let result_2 = serializer.serialize_u32(4294967294);",
                  "    assert_eq!(serializer.writer, expected_output_for_4294967294);"
                ]
              ],
              "codes": [
                [
                  "{",
                  "    let writer = Vec::new();",
                  "    let formatter = SomeFormatter; // Assuming SomeFormatter implements required traits",
                  "    let mut serializer = Serializer { writer, formatter };",
                  "",
                  "    // Call with other boundary values to ensure coverage",
                  "    let _ = serializer.serialize_u32(1);",
                  "    let _ = serializer.serialize_u32(4294967294);",
                  "    let formatter = SomeFormatter;",
                  "    assert!(serializer.writer.is_empty());",
                  "}"
                ],
                [
                  "{",
                  "    let writer = Vec::new();",
                  "    let formatter = SomeFormatter; // Assuming SomeFormatter implements required traits",
                  "    let mut serializer = Serializer { writer, formatter };",
                  "",
                  "    // Call with other boundary values to ensure coverage",
                  "    let _ = serializer.serialize_u32(1);",
                  "    let _ = serializer.serialize_u32(4294967294);",
                  "    let formatter = SomeFormatter;",
                  "    let result_1 = serializer.serialize_u32(1);",
                  "    assert!(result_1.is_ok());",
                  "}"
                ],
                [
                  "{",
                  "    let writer = Vec::new();",
                  "    let formatter = SomeFormatter; // Assuming SomeFormatter implements required traits",
                  "    let mut serializer = Serializer { writer, formatter };",
                  "",
                  "    // Call with other boundary values to ensure coverage",
                  "    let _ = serializer.serialize_u32(1);",
                  "    let _ = serializer.serialize_u32(4294967294);",
                  "    let formatter = SomeFormatter;",
                  "    let result_1 = serializer.serialize_u32(1);",
                  "    assert_eq!(serializer.writer, expected_output_for_1);",
                  "}"
                ],
                [
                  "{",
                  "    let writer = Vec::new();",
                  "    let formatter = SomeFormatter; // Assuming SomeFormatter implements required traits",
                  "    let mut serializer = Serializer { writer, formatter };",
                  "",
                  "    // Call with other boundary values to ensure coverage",
                  "    let _ = serializer.serialize_u32(1);",
                  "    let _ = serializer.serialize_u32(4294967294);",
                  "    let formatter = SomeFormatter;",
                  "    let result_1 = serializer.serialize_u32(1);",
                  "    let result_2 = serializer.serialize_u32(4294967294);",
                  "    assert!(result_2.is_ok());",
                  "}"
                ],
                [
                  "{",
                  "    let writer = Vec::new();",
                  "    let formatter = SomeFormatter; // Assuming SomeFormatter implements required traits",
                  "    let mut serializer = Serializer { writer, formatter };",
                  "",
                  "    // Call with other boundary values to ensure coverage",
                  "    let _ = serializer.serialize_u32(1);",
                  "    let _ = serializer.serialize_u32(4294967294);",
                  "    let formatter = SomeFormatter;",
                  "    let result_1 = serializer.serialize_u32(1);",
                  "    let result_2 = serializer.serialize_u32(4294967294);",
                  "    assert_eq!(serializer.writer, expected_output_for_4294967294);",
                  "}"
                ]
              ],
              "can_compile": [
                {
                  "Err": "   Compiling proc-macro2 v1.0.95\n   Compiling serde v1.0.219\n   Compiling syn v1.0.109\n   Compiling libc v0.2.172\n   Compiling serde_json v1.0.140\n   Compiling target-triple v0.1.4\n   Compiling rustversion v1.0.20\n   Compiling ref-cast v1.0.24\n   Compiling serde_json v1.0.140 (/home/abezbm/rust-utgen-test-crates-new/json)\n   Compiling psm v0.1.26\n   Compiling stacker v0.1.21\n   Compiling quote v1.0.40\n   Compiling syn v2.0.101\n   Compiling serde_derive v1.0.219\n   Compiling ref-cast-impl v1.0.24\n   Compiling automod v1.0.15\n   Compiling ntest_timeout v0.9.3\n   Compiling ntest_test_cases v0.9.3\n   Compiling ntest v0.9.3\n   Compiling toml_datetime v0.6.9\n   Compiling serde_spanned v0.6.8\n   Compiling serde_stacker v0.1.12\n   Compiling serde_bytes v0.11.17\n   Compiling toml_edit v0.22.25\n   Compiling toml v0.8.21\n   Compiling trybuild v1.0.104\nerror[E0425]: cannot find value `SomeFormatter` in this scope\n    --> src/ser.rs:2286:21\n     |\n2286 |     let formatter = SomeFormatter; // Assuming SomeFormatter implements required traits\n     |                     ^^^^^^^^^^^^^ not found in this scope\n\nerror[E0425]: cannot find value `SomeFormatter` in this scope\n    --> src/ser.rs:2292:21\n     |\n2292 |     let formatter = SomeFormatter;\n     |                     ^^^^^^^^^^^^^ not found in this scope\n\nwarning: unused import: `ntest::timeout`\n    --> src/ser.rs:2281:8\n     |\n2281 |    use ntest::timeout;\n     |        ^^^^^^^^^^^^^^\n     |\n     = note: `#[warn(unused_imports)]` on by default\n\nFor more information about this error, try `rustc --explain E0425`.\nwarning: `serde_json` (lib test) generated 1 warning\nerror: could not compile `serde_json` (lib test) due to 2 previous errors; 1 warning emitted\n"
                },
                {
                  "Err": "   Compiling proc-macro2 v1.0.95\n   Compiling serde v1.0.219\n   Compiling syn v1.0.109\n   Compiling libc v0.2.172\n   Compiling target-triple v0.1.4\n   Compiling serde_json v1.0.140\n   Compiling ref-cast v1.0.24\n   Compiling rustversion v1.0.20\n   Compiling serde_json v1.0.140 (/home/abezbm/rust-utgen-test-crates-new/json)\n   Compiling psm v0.1.26\n   Compiling stacker v0.1.21\n   Compiling quote v1.0.40\n   Compiling syn v2.0.101\n   Compiling serde_derive v1.0.219\n   Compiling ref-cast-impl v1.0.24\n   Compiling automod v1.0.15\n   Compiling ntest_timeout v0.9.3\n   Compiling ntest_test_cases v0.9.3\n   Compiling ntest v0.9.3\n   Compiling serde_spanned v0.6.8\n   Compiling toml_datetime v0.6.9\n   Compiling serde_stacker v0.1.12\n   Compiling serde_bytes v0.11.17\n   Compiling toml_edit v0.22.25\n   Compiling toml v0.8.21\n   Compiling trybuild v1.0.104\nerror[E0425]: cannot find value `SomeFormatter` in this scope\n    --> src/ser.rs:2286:21\n     |\n2286 |     let formatter = SomeFormatter; // Assuming SomeFormatter implements required traits\n     |                     ^^^^^^^^^^^^^ not found in this scope\n\nerror[E0425]: cannot find value `SomeFormatter` in this scope\n    --> src/ser.rs:2292:21\n     |\n2292 |     let formatter = SomeFormatter;\n     |                     ^^^^^^^^^^^^^ not found in this scope\n\nwarning: unused import: `ntest::timeout`\n    --> src/ser.rs:2281:8\n     |\n2281 |    use ntest::timeout;\n     |        ^^^^^^^^^^^^^^\n     |\n     = note: `#[warn(unused_imports)]` on by default\n\nFor more information about this error, try `rustc --explain E0425`.\nwarning: `serde_json` (lib test) generated 1 warning\nerror: could not compile `serde_json` (lib test) due to 2 previous errors; 1 warning emitted\n"
                },
                {
                  "Err": "   Compiling proc-macro2 v1.0.95\n   Compiling serde v1.0.219\n   Compiling syn v1.0.109\n   Compiling libc v0.2.172\n   Compiling serde_json v1.0.140\n   Compiling target-triple v0.1.4\n   Compiling rustversion v1.0.20\n   Compiling ref-cast v1.0.24\n   Compiling serde_json v1.0.140 (/home/abezbm/rust-utgen-test-crates-new/json)\n   Compiling psm v0.1.26\n   Compiling stacker v0.1.21\n   Compiling quote v1.0.40\n   Compiling syn v2.0.101\n   Compiling serde_derive v1.0.219\n   Compiling ref-cast-impl v1.0.24\n   Compiling automod v1.0.15\n   Compiling ntest_timeout v0.9.3\n   Compiling ntest_test_cases v0.9.3\n   Compiling ntest v0.9.3\n   Compiling serde_spanned v0.6.8\n   Compiling toml_datetime v0.6.9\n   Compiling serde_stacker v0.1.12\n   Compiling serde_bytes v0.11.17\n   Compiling toml_edit v0.22.25\n   Compiling toml v0.8.21\n   Compiling trybuild v1.0.104\nerror[E0425]: cannot find value `SomeFormatter` in this scope\n    --> src/ser.rs:2286:21\n     |\n2286 |     let formatter = SomeFormatter; // Assuming SomeFormatter implements required traits\n     |                     ^^^^^^^^^^^^^ not found in this scope\n\nerror[E0425]: cannot find value `SomeFormatter` in this scope\n    --> src/ser.rs:2292:21\n     |\n2292 |     let formatter = SomeFormatter;\n     |                     ^^^^^^^^^^^^^ not found in this scope\n\nerror[E0425]: cannot find value `expected_output_for_1` in this scope\n    --> src/ser.rs:2294:35\n     |\n2294 |     assert_eq!(serializer.writer, expected_output_for_1);\n     |                                   ^^^^^^^^^^^^^^^^^^^^^ not found in this scope\n\nwarning: unused import: `ntest::timeout`\n    --> src/ser.rs:2281:8\n     |\n2281 |    use ntest::timeout;\n     |        ^^^^^^^^^^^^^^\n     |\n     = note: `#[warn(unused_imports)]` on by default\n\nFor more information about this error, try `rustc --explain E0425`.\nwarning: `serde_json` (lib test) generated 1 warning\nerror: could not compile `serde_json` (lib test) due to 3 previous errors; 1 warning emitted\n"
                },
                {
                  "Err": "   Compiling proc-macro2 v1.0.95\n   Compiling serde v1.0.219\n   Compiling syn v1.0.109\n   Compiling libc v0.2.172\n   Compiling serde_json v1.0.140\n   Compiling target-triple v0.1.4\n   Compiling rustversion v1.0.20\n   Compiling ref-cast v1.0.24\n   Compiling serde_json v1.0.140 (/home/abezbm/rust-utgen-test-crates-new/json)\n   Compiling psm v0.1.26\n   Compiling stacker v0.1.21\n   Compiling quote v1.0.40\n   Compiling syn v2.0.101\n   Compiling serde_derive v1.0.219\n   Compiling ref-cast-impl v1.0.24\n   Compiling automod v1.0.15\n   Compiling ntest_test_cases v0.9.3\n   Compiling ntest_timeout v0.9.3\n   Compiling ntest v0.9.3\n   Compiling serde_spanned v0.6.8\n   Compiling toml_datetime v0.6.9\n   Compiling serde_bytes v0.11.17\n   Compiling serde_stacker v0.1.12\n   Compiling toml_edit v0.22.25\n   Compiling toml v0.8.21\n   Compiling trybuild v1.0.104\nerror[E0425]: cannot find value `SomeFormatter` in this scope\n    --> src/ser.rs:2286:21\n     |\n2286 |     let formatter = SomeFormatter; // Assuming SomeFormatter implements required traits\n     |                     ^^^^^^^^^^^^^ not found in this scope\n\nerror[E0425]: cannot find value `SomeFormatter` in this scope\n    --> src/ser.rs:2292:21\n     |\n2292 |     let formatter = SomeFormatter;\n     |                     ^^^^^^^^^^^^^ not found in this scope\n\nwarning: unused import: `ntest::timeout`\n    --> src/ser.rs:2281:8\n     |\n2281 |    use ntest::timeout;\n     |        ^^^^^^^^^^^^^^\n     |\n     = note: `#[warn(unused_imports)]` on by default\n\nFor more information about this error, try `rustc --explain E0425`.\nwarning: `serde_json` (lib test) generated 1 warning\nerror: could not compile `serde_json` (lib test) due to 2 previous errors; 1 warning emitted\n"
                },
                {
                  "Err": "   Compiling proc-macro2 v1.0.95\n   Compiling serde v1.0.219\n   Compiling syn v1.0.109\n   Compiling libc v0.2.172\n   Compiling serde_json v1.0.140\n   Compiling target-triple v0.1.4\n   Compiling rustversion v1.0.20\n   Compiling ref-cast v1.0.24\n   Compiling serde_json v1.0.140 (/home/abezbm/rust-utgen-test-crates-new/json)\n   Compiling psm v0.1.26\n   Compiling stacker v0.1.21\n   Compiling quote v1.0.40\n   Compiling syn v2.0.101\n   Compiling serde_derive v1.0.219\n   Compiling ref-cast-impl v1.0.24\n   Compiling automod v1.0.15\n   Compiling ntest_test_cases v0.9.3\n   Compiling ntest_timeout v0.9.3\n   Compiling ntest v0.9.3\n   Compiling toml_datetime v0.6.9\n   Compiling serde_spanned v0.6.8\n   Compiling serde_stacker v0.1.12\n   Compiling serde_bytes v0.11.17\n   Compiling toml_edit v0.22.25\n   Compiling toml v0.8.21\n   Compiling trybuild v1.0.104\nerror[E0425]: cannot find value `SomeFormatter` in this scope\n    --> src/ser.rs:2286:21\n     |\n2286 |     let formatter = SomeFormatter; // Assuming SomeFormatter implements required traits\n     |                     ^^^^^^^^^^^^^ not found in this scope\n\nerror[E0425]: cannot find value `SomeFormatter` in this scope\n    --> src/ser.rs:2292:21\n     |\n2292 |     let formatter = SomeFormatter;\n     |                     ^^^^^^^^^^^^^ not found in this scope\n\nerror[E0425]: cannot find value `expected_output_for_4294967294` in this scope\n    --> src/ser.rs:2295:35\n     |\n2295 |     assert_eq!(serializer.writer, expected_output_for_4294967294);\n     |                                   ^^^^^^^^^^^^^^^^^^^^^^^^^^^^^^ not found in this scope\n\nwarning: unused import: `ntest::timeout`\n    --> src/ser.rs:2281:8\n     |\n2281 |    use ntest::timeout;\n     |        ^^^^^^^^^^^^^^\n     |\n     = note: `#[warn(unused_imports)]` on by default\n\nFor more information about this error, try `rustc --explain E0425`.\nwarning: `serde_json` (lib test) generated 1 warning\nerror: could not compile `serde_json` (lib test) due to 3 previous errors; 1 warning emitted\n"
                }
              ],
              "repaired": [
                false,
                false,
                false,
                false,
                false
              ]
            }
          ]
        }
      ]
    }
  ]
}