{
  "name": "serde_json::value::value::Value::is_boolean",
  "name_with_impl": "serde_json::value::{impl#2}::is_boolean",
  "mod_info": {
    "name": "value",
    "loc": "src/lib.rs:426:1:426:15"
  },
  "visible": true,
  "loc": "src/value/mod.rs:691:5:693:6",
  "fn_tests": [
    {
      "chain_id": 1,
      "prompt_conds": [],
      "input_infer": "Value::Bool(true), Value::Bool(false), Value::Number(Number), Value::String(String), Value::Array(Vec::new()), Value::Object(Map::new()), Value::Null\n",
      "answers": [
        {
          "uses": [],
          "has_test_mod": false,
          "common": [],
          "chain_tests": [
            {
              "attrs": [],
              "prefix": [
                "{",
                "    let value = Value::Bool(true);",
                "    value.is_boolean();",
                "}"
              ],
              "oracles": [
                [
                  "    let value = Value::Bool(true);",
                  "    assert!(value.is_boolean());"
                ],
                [
                  "    let value = Value::Bool(true);",
                  "    let value = Value::Bool(false);",
                  "    assert!(value.is_boolean());"
                ],
                [
                  "    let value = Value::Bool(true);",
                  "    let value = Value::Bool(false);",
                  "    let value = Value::String(String::from(\"false\"));",
                  "    assert!(!value.is_boolean());"
                ],
                [
                  "    let value = Value::Bool(true);",
                  "    let value = Value::Bool(false);",
                  "    let value = Value::String(String::from(\"false\"));",
                  "    let value = Value::Null;",
                  "    assert!(!value.is_boolean());"
                ],
                [
                  "    let value = Value::Bool(true);",
                  "    let value = Value::Bool(false);",
                  "    let value = Value::String(String::from(\"false\"));",
                  "    let value = Value::Null;",
                  "    let value = Value::Number(Number { n: N });",
                  "    assert!(!value.is_boolean());"
                ],
                [
                  "    let value = Value::Bool(true);",
                  "    let value = Value::Bool(false);",
                  "    let value = Value::String(String::from(\"false\"));",
                  "    let value = Value::Null;",
                  "    let value = Value::Number(Number { n: N });",
                  "    let value = Value::Array(Vec::new());",
                  "    assert!(!value.is_boolean());"
                ],
                [
                  "    let value = Value::Bool(true);",
                  "    let value = Value::Bool(false);",
                  "    let value = Value::String(String::from(\"false\"));",
                  "    let value = Value::Null;",
                  "    let value = Value::Number(Number { n: N });",
                  "    let value = Value::Array(Vec::new());",
                  "    let value = Value::Object(Map::new());",
                  "    assert!(!value.is_boolean());"
                ]
              ],
              "codes": [
                [
                  "{",
                  "    let value = Value::Bool(true);",
                  "    value.is_boolean();",
                  "    let value = Value::Bool(true);",
                  "    assert!(value.is_boolean());",
                  "}"
                ],
                [
                  "{",
                  "    let value = Value::Bool(true);",
                  "    value.is_boolean();",
                  "    let value = Value::Bool(true);",
                  "    let value = Value::Bool(false);",
                  "    assert!(value.is_boolean());",
                  "}"
                ],
                [
                  "{",
                  "    let value = Value::Bool(true);",
                  "    value.is_boolean();",
                  "    let value = Value::Bool(true);",
                  "    let value = Value::Bool(false);",
                  "    let value = Value::String(String::from(\"false\"));",
                  "    assert!(!value.is_boolean());",
                  "}"
                ],
                [
                  "{",
                  "    let value = Value::Bool(true);",
                  "    value.is_boolean();",
                  "    let value = Value::Bool(true);",
                  "    let value = Value::Bool(false);",
                  "    let value = Value::String(String::from(\"false\"));",
                  "    let value = Value::Null;",
                  "    assert!(!value.is_boolean());",
                  "}"
                ],
                [
                  "{",
                  "    let value = Value::Bool(true);",
                  "    value.is_boolean();",
                  "    let value = Value::Bool(true);",
                  "    let value = Value::Bool(false);",
                  "    let value = Value::String(String::from(\"false\"));",
                  "    let value = Value::Null;",
                  "    let value = Value::Number(Number { n: N });",
                  "    assert!(!value.is_boolean());",
                  "}"
                ],
                [
                  "{",
                  "    let value = Value::Bool(true);",
                  "    value.is_boolean();",
                  "    let value = Value::Bool(true);",
                  "    let value = Value::Bool(false);",
                  "    let value = Value::String(String::from(\"false\"));",
                  "    let value = Value::Null;",
                  "    let value = Value::Number(Number { n: N });",
                  "    let value = Value::Array(Vec::new());",
                  "    assert!(!value.is_boolean());",
                  "}"
                ],
                [
                  "{",
                  "    let value = Value::Bool(true);",
                  "    value.is_boolean();",
                  "    let value = Value::Bool(true);",
                  "    let value = Value::Bool(false);",
                  "    let value = Value::String(String::from(\"false\"));",
                  "    let value = Value::Null;",
                  "    let value = Value::Number(Number { n: N });",
                  "    let value = Value::Array(Vec::new());",
                  "    let value = Value::Object(Map::new());",
                  "    assert!(!value.is_boolean());",
                  "}"
                ]
              ],
              "can_compile": [
                {
                  "Ok": null
                },
                {
                  "Ok": null
                },
                {
                  "Ok": null
                },
                {
                  "Ok": null
                },
                {
                  "Err": "   Compiling proc-macro2 v1.0.95\n   Compiling serde v1.0.219\n   Compiling syn v1.0.109\n   Compiling libc v0.2.172\n   Compiling target-triple v0.1.4\n   Compiling serde_json v1.0.140\n   Compiling rustversion v1.0.20\n   Compiling ref-cast v1.0.24\n   Compiling serde_json v1.0.140 (/home/abezbm/rust-utgen-test-crates-new/json)\n   Compiling psm v0.1.26\n   Compiling stacker v0.1.21\n   Compiling quote v1.0.40\n   Compiling syn v2.0.101\n   Compiling serde_derive v1.0.219\n   Compiling ref-cast-impl v1.0.24\n   Compiling automod v1.0.15\n   Compiling ntest_test_cases v0.9.3\n   Compiling ntest_timeout v0.9.3\n   Compiling ntest v0.9.3\n   Compiling toml_datetime v0.6.9\n   Compiling serde_spanned v0.6.8\n   Compiling serde_stacker v0.1.12\n   Compiling serde_bytes v0.11.17\n   Compiling toml_edit v0.22.25\n   Compiling toml v0.8.21\n   Compiling trybuild v1.0.104\nerror[E0425]: cannot find value `N` in this scope\n    --> src/value/mod.rs:1049:43\n     |\n1049 |     let value = Value::Number(Number { n: N });\n     |                                           ^ not found in this scope\n     |\nhelp: you might be missing a const parameter\n     |\n1041 | fn test_is_boolean_04<const N: /* Type */>()\n     |                      +++++++++++++++++++++\n\nwarning: unused import: `ntest::timeout`\n    --> src/value/mod.rs:1039:8\n     |\n1039 |    use ntest::timeout;\n     |        ^^^^^^^^^^^^^^\n     |\n     = note: `#[warn(unused_imports)]` on by default\n\nFor more information about this error, try `rustc --explain E0425`.\nwarning: `serde_json` (lib test) generated 1 warning\nerror: could not compile `serde_json` (lib test) due to 1 previous error; 1 warning emitted\n"
                },
                {
                  "Err": "   Compiling proc-macro2 v1.0.95\n   Compiling serde v1.0.219\n   Compiling syn v1.0.109\n   Compiling libc v0.2.172\n   Compiling target-triple v0.1.4\n   Compiling serde_json v1.0.140\n   Compiling rustversion v1.0.20\n   Compiling ref-cast v1.0.24\n   Compiling serde_json v1.0.140 (/home/abezbm/rust-utgen-test-crates-new/json)\n   Compiling psm v0.1.26\n   Compiling stacker v0.1.21\n   Compiling quote v1.0.40\n   Compiling syn v2.0.101\n   Compiling serde_derive v1.0.219\n   Compiling ref-cast-impl v1.0.24\n   Compiling automod v1.0.15\n   Compiling ntest_test_cases v0.9.3\n   Compiling ntest_timeout v0.9.3\n   Compiling ntest v0.9.3\n   Compiling toml_datetime v0.6.9\n   Compiling serde_spanned v0.6.8\n   Compiling serde_bytes v0.11.17\n   Compiling serde_stacker v0.1.12\n   Compiling toml_edit v0.22.25\n   Compiling toml v0.8.21\n   Compiling trybuild v1.0.104\nerror[E0425]: cannot find value `N` in this scope\n    --> src/value/mod.rs:1049:43\n     |\n1049 |     let value = Value::Number(Number { n: N });\n     |                                           ^ not found in this scope\n     |\nhelp: you might be missing a const parameter\n     |\n1041 | fn test_is_boolean_05<const N: /* Type */>()\n     |                      +++++++++++++++++++++\n\nwarning: unused import: `ntest::timeout`\n    --> src/value/mod.rs:1039:8\n     |\n1039 |    use ntest::timeout;\n     |        ^^^^^^^^^^^^^^\n     |\n     = note: `#[warn(unused_imports)]` on by default\n\nFor more information about this error, try `rustc --explain E0425`.\nwarning: `serde_json` (lib test) generated 1 warning\nerror: could not compile `serde_json` (lib test) due to 1 previous error; 1 warning emitted\n"
                },
                {
                  "Err": "   Compiling proc-macro2 v1.0.95\n   Compiling serde v1.0.219\n   Compiling syn v1.0.109\n   Compiling libc v0.2.172\n   Compiling target-triple v0.1.4\n   Compiling serde_json v1.0.140\n   Compiling rustversion v1.0.20\n   Compiling ref-cast v1.0.24\n   Compiling serde_json v1.0.140 (/home/abezbm/rust-utgen-test-crates-new/json)\n   Compiling psm v0.1.26\n   Compiling stacker v0.1.21\n   Compiling quote v1.0.40\n   Compiling syn v2.0.101\n   Compiling serde_derive v1.0.219\n   Compiling ref-cast-impl v1.0.24\n   Compiling automod v1.0.15\n   Compiling ntest_timeout v0.9.3\n   Compiling ntest_test_cases v0.9.3\n   Compiling ntest v0.9.3\n   Compiling serde_spanned v0.6.8\n   Compiling toml_datetime v0.6.9\n   Compiling serde_stacker v0.1.12\n   Compiling serde_bytes v0.11.17\n   Compiling toml_edit v0.22.25\n   Compiling toml v0.8.21\n   Compiling trybuild v1.0.104\nerror[E0425]: cannot find value `N` in this scope\n    --> src/value/mod.rs:1049:43\n     |\n1049 |     let value = Value::Number(Number { n: N });\n     |                                           ^ not found in this scope\n     |\nhelp: you might be missing a const parameter\n     |\n1041 | fn test_is_boolean_06<const N: /* Type */>()\n     |                      +++++++++++++++++++++\n\nwarning: unused import: `ntest::timeout`\n    --> src/value/mod.rs:1039:8\n     |\n1039 |    use ntest::timeout;\n     |        ^^^^^^^^^^^^^^\n     |\n     = note: `#[warn(unused_imports)]` on by default\n\nFor more information about this error, try `rustc --explain E0425`.\nwarning: `serde_json` (lib test) generated 1 warning\nerror: could not compile `serde_json` (lib test) due to 1 previous error; 1 warning emitted\n"
                }
              ],
              "repaired": [
                false,
                false,
                false,
                false,
                false,
                false,
                false
              ]
            },
            {
              "attrs": [],
              "prefix": [
                "{",
                "    let value = Value::Bool(false);",
                "    value.is_boolean();",
                "}"
              ],
              "oracles": [
                [
                  "    let value = Value::Bool(false);",
                  "    assert!(value.is_boolean() == true);"
                ],
                [
                  "    let value = Value::Bool(false);",
                  "    let value_not_bool = Value::String(String::from(\"false\"));",
                  "    assert!(value_not_bool.is_boolean() == false);"
                ],
                [
                  "    let value = Value::Bool(false);",
                  "    let value_not_bool = Value::String(String::from(\"false\"));",
                  "    let value_null = Value::Null;",
                  "    assert!(value_null.is_boolean() == false);"
                ],
                [
                  "    let value = Value::Bool(false);",
                  "    let value_not_bool = Value::String(String::from(\"false\"));",
                  "    let value_null = Value::Null;",
                  "    let value_number = Value::Number(Number { n: 42 });",
                  "    assert!(value_number.is_boolean() == false);"
                ]
              ],
              "codes": [
                [
                  "{",
                  "    let value = Value::Bool(false);",
                  "    value.is_boolean();",
                  "    let value = Value::Bool(false);",
                  "    assert!(value.is_boolean() == true);",
                  "}"
                ],
                [
                  "{",
                  "    let value = Value::Bool(false);",
                  "    value.is_boolean();",
                  "    let value = Value::Bool(false);",
                  "    let value_not_bool = Value::String(String::from(\"false\"));",
                  "    assert!(value_not_bool.is_boolean() == false);",
                  "}"
                ],
                [
                  "{",
                  "    let value = Value::Bool(false);",
                  "    value.is_boolean();",
                  "    let value = Value::Bool(false);",
                  "    let value_not_bool = Value::String(String::from(\"false\"));",
                  "    let value_null = Value::Null;",
                  "    assert!(value_null.is_boolean() == false);",
                  "}"
                ],
                [
                  "{",
                  "    let value = Value::Bool(false);",
                  "    value.is_boolean();",
                  "    let value = Value::Bool(false);",
                  "    let value_not_bool = Value::String(String::from(\"false\"));",
                  "    let value_null = Value::Null;",
                  "    let value_number = Value::Number(Number { n: 42 });",
                  "    assert!(value_number.is_boolean() == false);",
                  "}"
                ]
              ],
              "can_compile": [
                {
                  "Ok": null
                },
                {
                  "Ok": null
                },
                {
                  "Ok": null
                },
                {
                  "Err": "   Compiling proc-macro2 v1.0.95\n   Compiling serde v1.0.219\n   Compiling syn v1.0.109\n   Compiling libc v0.2.172\n   Compiling target-triple v0.1.4\n   Compiling serde_json v1.0.140\n   Compiling ref-cast v1.0.24\n   Compiling rustversion v1.0.20\n   Compiling serde_json v1.0.140 (/home/abezbm/rust-utgen-test-crates-new/json)\n   Compiling psm v0.1.26\n   Compiling stacker v0.1.21\n   Compiling quote v1.0.40\n   Compiling syn v2.0.101\n   Compiling serde_derive v1.0.219\n   Compiling ref-cast-impl v1.0.24\n   Compiling automod v1.0.15\n   Compiling ntest_timeout v0.9.3\n   Compiling ntest_test_cases v0.9.3\n   Compiling ntest v0.9.3\n   Compiling serde_spanned v0.6.8\n   Compiling toml_datetime v0.6.9\n   Compiling serde_stacker v0.1.12\n   Compiling serde_bytes v0.11.17\n   Compiling toml_edit v0.22.25\n   Compiling toml v0.8.21\n   Compiling trybuild v1.0.104\nwarning: unused import: `ntest::timeout`\n    --> src/value/mod.rs:1039:8\n     |\n1039 |    use ntest::timeout;\n     |        ^^^^^^^^^^^^^^\n     |\n     = note: `#[warn(unused_imports)]` on by default\n\nerror[E0308]: mismatched types\n    --> src/value/mod.rs:1048:50\n     |\n1048 |     let value_number = Value::Number(Number { n: 42 });\n     |                                                  ^^ expected `N`, found integer\n     |\nhelp: try wrapping the expression in a variant of `N`\n     |\n1048 |     let value_number = Value::Number(Number { n: number::N::PosInt(42) });\n     |                                                  ++++++++++++++++++  +\n1048 |     let value_number = Value::Number(Number { n: number::N::NegInt(42) });\n     |                                                  ++++++++++++++++++  +\n\nFor more information about this error, try `rustc --explain E0308`.\nwarning: `serde_json` (lib test) generated 1 warning\nerror: could not compile `serde_json` (lib test) due to 1 previous error; 1 warning emitted\n"
                }
              ],
              "repaired": [
                false,
                false,
                false,
                false
              ]
            },
            {
              "attrs": [],
              "prefix": [
                "{",
                "    let value = Value::Number(Number { n: 0 });",
                "    value.is_boolean();",
                "}"
              ],
              "oracles": [
                [
                  "    let value = Value::Number(Number { n: 0 });",
                  "    assert!(!value.is_boolean());"
                ]
              ],
              "codes": [
                [
                  "{",
                  "    let value = Value::Number(Number { n: 0 });",
                  "    value.is_boolean();",
                  "    let value = Value::Number(Number { n: 0 });",
                  "    assert!(!value.is_boolean());",
                  "}"
                ]
              ],
              "can_compile": [
                {
                  "Err": "   Compiling proc-macro2 v1.0.95\n   Compiling serde v1.0.219\n   Compiling syn v1.0.109\n   Compiling libc v0.2.172\n   Compiling serde_json v1.0.140\n   Compiling target-triple v0.1.4\n   Compiling rustversion v1.0.20\n   Compiling ref-cast v1.0.24\n   Compiling serde_json v1.0.140 (/home/abezbm/rust-utgen-test-crates-new/json)\n   Compiling psm v0.1.26\n   Compiling stacker v0.1.21\n   Compiling quote v1.0.40\n   Compiling syn v2.0.101\n   Compiling serde_derive v1.0.219\n   Compiling ref-cast-impl v1.0.24\n   Compiling automod v1.0.15\n   Compiling ntest_timeout v0.9.3\n   Compiling ntest_test_cases v0.9.3\n   Compiling ntest v0.9.3\n   Compiling serde_spanned v0.6.8\n   Compiling toml_datetime v0.6.9\n   Compiling serde_bytes v0.11.17\n   Compiling serde_stacker v0.1.12\n   Compiling toml_edit v0.22.25\n   Compiling toml v0.8.21\n   Compiling trybuild v1.0.104\nwarning: unused import: `ntest::timeout`\n    --> src/value/mod.rs:1039:8\n     |\n1039 |    use ntest::timeout;\n     |        ^^^^^^^^^^^^^^\n     |\n     = note: `#[warn(unused_imports)]` on by default\n\nerror[E0308]: mismatched types\n    --> src/value/mod.rs:1043:43\n     |\n1043 |     let value = Value::Number(Number { n: 0 });\n     |                                           ^ expected `N`, found integer\n     |\nhelp: try wrapping the expression in a variant of `N`\n     |\n1043 |     let value = Value::Number(Number { n: number::N::PosInt(0) });\n     |                                           ++++++++++++++++++ +\n1043 |     let value = Value::Number(Number { n: number::N::NegInt(0) });\n     |                                           ++++++++++++++++++ +\n\nerror[E0308]: mismatched types\n    --> src/value/mod.rs:1045:43\n     |\n1045 |     let value = Value::Number(Number { n: 0 });\n     |                                           ^ expected `N`, found integer\n     |\nhelp: try wrapping the expression in a variant of `N`\n     |\n1045 |     let value = Value::Number(Number { n: number::N::PosInt(0) });\n     |                                           ++++++++++++++++++ +\n1045 |     let value = Value::Number(Number { n: number::N::NegInt(0) });\n     |                                           ++++++++++++++++++ +\n\nFor more information about this error, try `rustc --explain E0308`.\nwarning: `serde_json` (lib test) generated 1 warning\nerror: could not compile `serde_json` (lib test) due to 2 previous errors; 1 warning emitted\n"
                }
              ],
              "repaired": [
                false
              ]
            },
            {
              "attrs": [],
              "prefix": [
                "{",
                "    let value = Value::String(String::from(\"false\"));",
                "    value.is_boolean();",
                "}"
              ],
              "oracles": [
                [
                  "    let value = Value::String(String::from(\"false\"));",
                  "    assert!(!value.is_boolean());"
                ]
              ],
              "codes": [
                [
                  "{",
                  "    let value = Value::String(String::from(\"false\"));",
                  "    value.is_boolean();",
                  "    let value = Value::String(String::from(\"false\"));",
                  "    assert!(!value.is_boolean());",
                  "}"
                ]
              ],
              "can_compile": [
                {
                  "Ok": null
                }
              ],
              "repaired": [
                false
              ]
            },
            {
              "attrs": [],
              "prefix": [
                "{",
                "    let value = Value::Array(Vec::new());",
                "    value.is_boolean();",
                "}"
              ],
              "oracles": [
                [
                  "    let value = Value::Array(Vec::new());",
                  "    assert!(!value.is_boolean());"
                ]
              ],
              "codes": [
                [
                  "{",
                  "    let value = Value::Array(Vec::new());",
                  "    value.is_boolean();",
                  "    let value = Value::Array(Vec::new());",
                  "    assert!(!value.is_boolean());",
                  "}"
                ]
              ],
              "can_compile": [
                {
                  "Ok": null
                }
              ],
              "repaired": [
                false
              ]
            },
            {
              "attrs": [],
              "prefix": [
                "{",
                "    let value = Value::Object(Map { map: MapImpl::new() });",
                "    value.is_boolean();",
                "}"
              ],
              "oracles": [
                [
                  "    let value = Value::Bool(true);",
                  "    assert!(value.is_boolean());"
                ],
                [
                  "    let value = Value::Bool(true);",
                  "    let value = Value::Bool(false);",
                  "    assert!(value.is_boolean());"
                ],
                [
                  "    let value = Value::Bool(true);",
                  "    let value = Value::Bool(false);",
                  "    let value = Value::String(String::from(\"false\"));",
                  "    assert!(!value.is_boolean());"
                ],
                [
                  "    let value = Value::Bool(true);",
                  "    let value = Value::Bool(false);",
                  "    let value = Value::String(String::from(\"false\"));",
                  "    let value = Value::Null;",
                  "    assert!(!value.is_boolean());"
                ],
                [
                  "    let value = Value::Bool(true);",
                  "    let value = Value::Bool(false);",
                  "    let value = Value::String(String::from(\"false\"));",
                  "    let value = Value::Null;",
                  "    let value = Value::Number(Number { n: N::from(0) });",
                  "    assert!(!value.is_boolean());"
                ],
                [
                  "    let value = Value::Bool(true);",
                  "    let value = Value::Bool(false);",
                  "    let value = Value::String(String::from(\"false\"));",
                  "    let value = Value::Null;",
                  "    let value = Value::Number(Number { n: N::from(0) });",
                  "    let value = Value::Array(Vec::new());",
                  "    assert!(!value.is_boolean());"
                ],
                [
                  "    let value = Value::Bool(true);",
                  "    let value = Value::Bool(false);",
                  "    let value = Value::String(String::from(\"false\"));",
                  "    let value = Value::Null;",
                  "    let value = Value::Number(Number { n: N::from(0) });",
                  "    let value = Value::Array(Vec::new());",
                  "    let value = Value::Object(Map { map: MapImpl::new() });",
                  "    assert!(!value.is_boolean());"
                ]
              ],
              "codes": [
                [
                  "{",
                  "    let value = Value::Object(Map { map: MapImpl::new() });",
                  "    value.is_boolean();",
                  "    let value = Value::Bool(true);",
                  "    assert!(value.is_boolean());",
                  "}"
                ],
                [
                  "{",
                  "    let value = Value::Object(Map { map: MapImpl::new() });",
                  "    value.is_boolean();",
                  "    let value = Value::Bool(true);",
                  "    let value = Value::Bool(false);",
                  "    assert!(value.is_boolean());",
                  "}"
                ],
                [
                  "{",
                  "    let value = Value::Object(Map { map: MapImpl::new() });",
                  "    value.is_boolean();",
                  "    let value = Value::Bool(true);",
                  "    let value = Value::Bool(false);",
                  "    let value = Value::String(String::from(\"false\"));",
                  "    assert!(!value.is_boolean());",
                  "}"
                ],
                [
                  "{",
                  "    let value = Value::Object(Map { map: MapImpl::new() });",
                  "    value.is_boolean();",
                  "    let value = Value::Bool(true);",
                  "    let value = Value::Bool(false);",
                  "    let value = Value::String(String::from(\"false\"));",
                  "    let value = Value::Null;",
                  "    assert!(!value.is_boolean());",
                  "}"
                ],
                [
                  "{",
                  "    let value = Value::Object(Map { map: MapImpl::new() });",
                  "    value.is_boolean();",
                  "    let value = Value::Bool(true);",
                  "    let value = Value::Bool(false);",
                  "    let value = Value::String(String::from(\"false\"));",
                  "    let value = Value::Null;",
                  "    let value = Value::Number(Number { n: N::from(0) });",
                  "    assert!(!value.is_boolean());",
                  "}"
                ],
                [
                  "{",
                  "    let value = Value::Object(Map { map: MapImpl::new() });",
                  "    value.is_boolean();",
                  "    let value = Value::Bool(true);",
                  "    let value = Value::Bool(false);",
                  "    let value = Value::String(String::from(\"false\"));",
                  "    let value = Value::Null;",
                  "    let value = Value::Number(Number { n: N::from(0) });",
                  "    let value = Value::Array(Vec::new());",
                  "    assert!(!value.is_boolean());",
                  "}"
                ],
                [
                  "{",
                  "    let value = Value::Object(Map { map: MapImpl::new() });",
                  "    value.is_boolean();",
                  "    let value = Value::Bool(true);",
                  "    let value = Value::Bool(false);",
                  "    let value = Value::String(String::from(\"false\"));",
                  "    let value = Value::Null;",
                  "    let value = Value::Number(Number { n: N::from(0) });",
                  "    let value = Value::Array(Vec::new());",
                  "    let value = Value::Object(Map { map: MapImpl::new() });",
                  "    assert!(!value.is_boolean());",
                  "}"
                ]
              ],
              "can_compile": [
                {
                  "Err": "   Compiling proc-macro2 v1.0.95\n   Compiling serde v1.0.219\n   Compiling syn v1.0.109\n   Compiling libc v0.2.172\n   Compiling serde_json v1.0.140\n   Compiling target-triple v0.1.4\n   Compiling ref-cast v1.0.24\n   Compiling rustversion v1.0.20\n   Compiling serde_json v1.0.140 (/home/abezbm/rust-utgen-test-crates-new/json)\n   Compiling psm v0.1.26\n   Compiling stacker v0.1.21\n   Compiling quote v1.0.40\n   Compiling syn v2.0.101\n   Compiling serde_derive v1.0.219\n   Compiling ref-cast-impl v1.0.24\n   Compiling automod v1.0.15\n   Compiling ntest_test_cases v0.9.3\n   Compiling ntest_timeout v0.9.3\n   Compiling ntest v0.9.3\n   Compiling toml_datetime v0.6.9\n   Compiling serde_spanned v0.6.8\n   Compiling serde_stacker v0.1.12\n   Compiling serde_bytes v0.11.17\n   Compiling toml_edit v0.22.25\n   Compiling toml v0.8.21\n   Compiling trybuild v1.0.104\nerror[E0433]: failed to resolve: use of undeclared type `MapImpl`\n    --> src/value/mod.rs:1043:42\n     |\n1043 |     let value = Value::Object(Map { map: MapImpl::new() });\n     |                                          ^^^^^^^ use of undeclared type `MapImpl`\n     |\nnote: type alias `crate::map::MapImpl` exists but is inaccessible\n    --> src/map.rs:34:1\n     |\n34   | type MapImpl<K, V> = BTreeMap<K, V>;\n     | ^^^^^^^^^^^^^^^^^^^^^^^^^^^^^^^^^^^^ not accessible\n\nwarning: unused import: `ntest::timeout`\n    --> src/value/mod.rs:1039:8\n     |\n1039 |    use ntest::timeout;\n     |        ^^^^^^^^^^^^^^\n     |\n     = note: `#[warn(unused_imports)]` on by default\n\nFor more information about this error, try `rustc --explain E0433`.\nwarning: `serde_json` (lib test) generated 1 warning\nerror: could not compile `serde_json` (lib test) due to 1 previous error; 1 warning emitted\n"
                },
                {
                  "Err": "   Compiling proc-macro2 v1.0.95\n   Compiling serde v1.0.219\n   Compiling syn v1.0.109\n   Compiling libc v0.2.172\n   Compiling serde_json v1.0.140\n   Compiling target-triple v0.1.4\n   Compiling rustversion v1.0.20\n   Compiling ref-cast v1.0.24\n   Compiling serde_json v1.0.140 (/home/abezbm/rust-utgen-test-crates-new/json)\n   Compiling psm v0.1.26\n   Compiling stacker v0.1.21\n   Compiling quote v1.0.40\n   Compiling syn v2.0.101\n   Compiling serde_derive v1.0.219\n   Compiling ref-cast-impl v1.0.24\n   Compiling automod v1.0.15\n   Compiling ntest_timeout v0.9.3\n   Compiling ntest_test_cases v0.9.3\n   Compiling ntest v0.9.3\n   Compiling toml_datetime v0.6.9\n   Compiling serde_spanned v0.6.8\n   Compiling serde_bytes v0.11.17\n   Compiling serde_stacker v0.1.12\n   Compiling toml_edit v0.22.25\n   Compiling toml v0.8.21\n   Compiling trybuild v1.0.104\nerror[E0433]: failed to resolve: use of undeclared type `MapImpl`\n    --> src/value/mod.rs:1043:42\n     |\n1043 |     let value = Value::Object(Map { map: MapImpl::new() });\n     |                                          ^^^^^^^ use of undeclared type `MapImpl`\n     |\nnote: type alias `crate::map::MapImpl` exists but is inaccessible\n    --> src/map.rs:34:1\n     |\n34   | type MapImpl<K, V> = BTreeMap<K, V>;\n     | ^^^^^^^^^^^^^^^^^^^^^^^^^^^^^^^^^^^^ not accessible\n\nwarning: unused import: `ntest::timeout`\n    --> src/value/mod.rs:1039:8\n     |\n1039 |    use ntest::timeout;\n     |        ^^^^^^^^^^^^^^\n     |\n     = note: `#[warn(unused_imports)]` on by default\n\nFor more information about this error, try `rustc --explain E0433`.\nwarning: `serde_json` (lib test) generated 1 warning\nerror: could not compile `serde_json` (lib test) due to 1 previous error; 1 warning emitted\n"
                },
                {
                  "Err": "   Compiling proc-macro2 v1.0.95\n   Compiling serde v1.0.219\n   Compiling syn v1.0.109\n   Compiling libc v0.2.172\n   Compiling serde_json v1.0.140\n   Compiling target-triple v0.1.4\n   Compiling ref-cast v1.0.24\n   Compiling rustversion v1.0.20\n   Compiling serde_json v1.0.140 (/home/abezbm/rust-utgen-test-crates-new/json)\n   Compiling psm v0.1.26\n   Compiling stacker v0.1.21\n   Compiling quote v1.0.40\n   Compiling syn v2.0.101\n   Compiling serde_derive v1.0.219\n   Compiling ref-cast-impl v1.0.24\n   Compiling automod v1.0.15\n   Compiling ntest_timeout v0.9.3\n   Compiling ntest_test_cases v0.9.3\n   Compiling ntest v0.9.3\n   Compiling serde_spanned v0.6.8\n   Compiling toml_datetime v0.6.9\n   Compiling serde_bytes v0.11.17\n   Compiling serde_stacker v0.1.12\n   Compiling toml_edit v0.22.25\n   Compiling toml v0.8.21\n   Compiling trybuild v1.0.104\nerror[E0433]: failed to resolve: use of undeclared type `MapImpl`\n    --> src/value/mod.rs:1043:42\n     |\n1043 |     let value = Value::Object(Map { map: MapImpl::new() });\n     |                                          ^^^^^^^ use of undeclared type `MapImpl`\n     |\nnote: type alias `crate::map::MapImpl` exists but is inaccessible\n    --> src/map.rs:34:1\n     |\n34   | type MapImpl<K, V> = BTreeMap<K, V>;\n     | ^^^^^^^^^^^^^^^^^^^^^^^^^^^^^^^^^^^^ not accessible\n\nwarning: unused import: `ntest::timeout`\n    --> src/value/mod.rs:1039:8\n     |\n1039 |    use ntest::timeout;\n     |        ^^^^^^^^^^^^^^\n     |\n     = note: `#[warn(unused_imports)]` on by default\n\nFor more information about this error, try `rustc --explain E0433`.\nwarning: `serde_json` (lib test) generated 1 warning\nerror: could not compile `serde_json` (lib test) due to 1 previous error; 1 warning emitted\n"
                },
                {
                  "Err": "   Compiling proc-macro2 v1.0.95\n   Compiling serde v1.0.219\n   Compiling syn v1.0.109\n   Compiling libc v0.2.172\n   Compiling serde_json v1.0.140\n   Compiling target-triple v0.1.4\n   Compiling rustversion v1.0.20\n   Compiling ref-cast v1.0.24\n   Compiling serde_json v1.0.140 (/home/abezbm/rust-utgen-test-crates-new/json)\n   Compiling psm v0.1.26\n   Compiling stacker v0.1.21\n   Compiling quote v1.0.40\n   Compiling syn v2.0.101\n   Compiling serde_derive v1.0.219\n   Compiling ref-cast-impl v1.0.24\n   Compiling automod v1.0.15\n   Compiling ntest_test_cases v0.9.3\n   Compiling ntest_timeout v0.9.3\n   Compiling ntest v0.9.3\n   Compiling toml_datetime v0.6.9\n   Compiling serde_spanned v0.6.8\n   Compiling serde_stacker v0.1.12\n   Compiling serde_bytes v0.11.17\n   Compiling toml_edit v0.22.25\n   Compiling toml v0.8.21\n   Compiling trybuild v1.0.104\nerror[E0433]: failed to resolve: use of undeclared type `MapImpl`\n    --> src/value/mod.rs:1043:42\n     |\n1043 |     let value = Value::Object(Map { map: MapImpl::new() });\n     |                                          ^^^^^^^ use of undeclared type `MapImpl`\n     |\nnote: type alias `crate::map::MapImpl` exists but is inaccessible\n    --> src/map.rs:34:1\n     |\n34   | type MapImpl<K, V> = BTreeMap<K, V>;\n     | ^^^^^^^^^^^^^^^^^^^^^^^^^^^^^^^^^^^^ not accessible\n\nwarning: unused import: `ntest::timeout`\n    --> src/value/mod.rs:1039:8\n     |\n1039 |    use ntest::timeout;\n     |        ^^^^^^^^^^^^^^\n     |\n     = note: `#[warn(unused_imports)]` on by default\n\nFor more information about this error, try `rustc --explain E0433`.\nwarning: `serde_json` (lib test) generated 1 warning\nerror: could not compile `serde_json` (lib test) due to 1 previous error; 1 warning emitted\n"
                },
                {
                  "Err": "   Compiling proc-macro2 v1.0.95\n   Compiling serde v1.0.219\n   Compiling syn v1.0.109\n   Compiling libc v0.2.172\n   Compiling serde_json v1.0.140\n   Compiling target-triple v0.1.4\n   Compiling rustversion v1.0.20\n   Compiling ref-cast v1.0.24\n   Compiling serde_json v1.0.140 (/home/abezbm/rust-utgen-test-crates-new/json)\n   Compiling psm v0.1.26\n   Compiling stacker v0.1.21\n   Compiling quote v1.0.40\n   Compiling syn v2.0.101\n   Compiling serde_derive v1.0.219\n   Compiling ref-cast-impl v1.0.24\n   Compiling automod v1.0.15\n   Compiling ntest_test_cases v0.9.3\n   Compiling ntest_timeout v0.9.3\n   Compiling ntest v0.9.3\n   Compiling toml_datetime v0.6.9\n   Compiling serde_spanned v0.6.8\n   Compiling serde_stacker v0.1.12\n   Compiling serde_bytes v0.11.17\n   Compiling toml_edit v0.22.25\n   Compiling toml v0.8.21\n   Compiling trybuild v1.0.104\nerror[E0433]: failed to resolve: use of undeclared type `MapImpl`\n    --> src/value/mod.rs:1043:42\n     |\n1043 |     let value = Value::Object(Map { map: MapImpl::new() });\n     |                                          ^^^^^^^ use of undeclared type `MapImpl`\n     |\nnote: type alias `crate::map::MapImpl` exists but is inaccessible\n    --> src/map.rs:34:1\n     |\n34   | type MapImpl<K, V> = BTreeMap<K, V>;\n     | ^^^^^^^^^^^^^^^^^^^^^^^^^^^^^^^^^^^^ not accessible\n\nerror[E0433]: failed to resolve: use of undeclared type `N`\n    --> src/value/mod.rs:1049:43\n     |\n1049 |     let value = Value::Number(Number { n: N::from(0) });\n     |                                           ^ use of undeclared type `N`\n     |\nnote: enum `crate::number::N` exists but is inaccessible\n    --> src/number.rs:28:1\n     |\n28   | enum N {\n     | ^^^^^^ not accessible\n\nwarning: unused import: `ntest::timeout`\n    --> src/value/mod.rs:1039:8\n     |\n1039 |    use ntest::timeout;\n     |        ^^^^^^^^^^^^^^\n     |\n     = note: `#[warn(unused_imports)]` on by default\n\nFor more information about this error, try `rustc --explain E0433`.\nwarning: `serde_json` (lib test) generated 1 warning\nerror: could not compile `serde_json` (lib test) due to 2 previous errors; 1 warning emitted\n"
                },
                {
                  "Err": "   Compiling proc-macro2 v1.0.95\n   Compiling serde v1.0.219\n   Compiling syn v1.0.109\n   Compiling libc v0.2.172\n   Compiling serde_json v1.0.140\n   Compiling target-triple v0.1.4\n   Compiling ref-cast v1.0.24\n   Compiling rustversion v1.0.20\n   Compiling serde_json v1.0.140 (/home/abezbm/rust-utgen-test-crates-new/json)\n   Compiling psm v0.1.26\n   Compiling stacker v0.1.21\n   Compiling quote v1.0.40\n   Compiling syn v2.0.101\n   Compiling serde_derive v1.0.219\n   Compiling ref-cast-impl v1.0.24\n   Compiling automod v1.0.15\n   Compiling ntest_test_cases v0.9.3\n   Compiling ntest_timeout v0.9.3\n   Compiling ntest v0.9.3\n   Compiling serde_spanned v0.6.8\n   Compiling toml_datetime v0.6.9\n   Compiling serde_stacker v0.1.12\n   Compiling serde_bytes v0.11.17\n   Compiling toml_edit v0.22.25\n   Compiling toml v0.8.21\n   Compiling trybuild v1.0.104\nerror[E0433]: failed to resolve: use of undeclared type `MapImpl`\n    --> src/value/mod.rs:1043:42\n     |\n1043 |     let value = Value::Object(Map { map: MapImpl::new() });\n     |                                          ^^^^^^^ use of undeclared type `MapImpl`\n     |\nnote: type alias `crate::map::MapImpl` exists but is inaccessible\n    --> src/map.rs:34:1\n     |\n34   | type MapImpl<K, V> = BTreeMap<K, V>;\n     | ^^^^^^^^^^^^^^^^^^^^^^^^^^^^^^^^^^^^ not accessible\n\nerror[E0433]: failed to resolve: use of undeclared type `N`\n    --> src/value/mod.rs:1049:43\n     |\n1049 |     let value = Value::Number(Number { n: N::from(0) });\n     |                                           ^ use of undeclared type `N`\n     |\nnote: enum `crate::number::N` exists but is inaccessible\n    --> src/number.rs:28:1\n     |\n28   | enum N {\n     | ^^^^^^ not accessible\n\nwarning: unused import: `ntest::timeout`\n    --> src/value/mod.rs:1039:8\n     |\n1039 |    use ntest::timeout;\n     |        ^^^^^^^^^^^^^^\n     |\n     = note: `#[warn(unused_imports)]` on by default\n\nFor more information about this error, try `rustc --explain E0433`.\nwarning: `serde_json` (lib test) generated 1 warning\nerror: could not compile `serde_json` (lib test) due to 2 previous errors; 1 warning emitted\n"
                },
                {
                  "Err": "   Compiling proc-macro2 v1.0.95\n   Compiling serde v1.0.219\n   Compiling syn v1.0.109\n   Compiling libc v0.2.172\n   Compiling target-triple v0.1.4\n   Compiling serde_json v1.0.140\n   Compiling ref-cast v1.0.24\n   Compiling rustversion v1.0.20\n   Compiling serde_json v1.0.140 (/home/abezbm/rust-utgen-test-crates-new/json)\n   Compiling psm v0.1.26\n   Compiling stacker v0.1.21\n   Compiling quote v1.0.40\n   Compiling syn v2.0.101\n   Compiling serde_derive v1.0.219\n   Compiling ref-cast-impl v1.0.24\n   Compiling automod v1.0.15\n   Compiling ntest_timeout v0.9.3\n   Compiling ntest_test_cases v0.9.3\n   Compiling ntest v0.9.3\n   Compiling serde_spanned v0.6.8\n   Compiling toml_datetime v0.6.9\n   Compiling serde_stacker v0.1.12\n   Compiling serde_bytes v0.11.17\n   Compiling toml_edit v0.22.25\n   Compiling toml v0.8.21\n   Compiling trybuild v1.0.104\nerror[E0433]: failed to resolve: use of undeclared type `MapImpl`\n    --> src/value/mod.rs:1043:42\n     |\n1043 |     let value = Value::Object(Map { map: MapImpl::new() });\n     |                                          ^^^^^^^ use of undeclared type `MapImpl`\n     |\nnote: type alias `crate::map::MapImpl` exists but is inaccessible\n    --> src/map.rs:34:1\n     |\n34   | type MapImpl<K, V> = BTreeMap<K, V>;\n     | ^^^^^^^^^^^^^^^^^^^^^^^^^^^^^^^^^^^^ not accessible\n\nerror[E0433]: failed to resolve: use of undeclared type `N`\n    --> src/value/mod.rs:1049:43\n     |\n1049 |     let value = Value::Number(Number { n: N::from(0) });\n     |                                           ^ use of undeclared type `N`\n     |\nnote: enum `crate::number::N` exists but is inaccessible\n    --> src/number.rs:28:1\n     |\n28   | enum N {\n     | ^^^^^^ not accessible\n\nerror[E0433]: failed to resolve: use of undeclared type `MapImpl`\n    --> src/value/mod.rs:1051:42\n     |\n1051 |     let value = Value::Object(Map { map: MapImpl::new() });\n     |                                          ^^^^^^^ use of undeclared type `MapImpl`\n     |\nnote: type alias `crate::map::MapImpl` exists but is inaccessible\n    --> src/map.rs:34:1\n     |\n34   | type MapImpl<K, V> = BTreeMap<K, V>;\n     | ^^^^^^^^^^^^^^^^^^^^^^^^^^^^^^^^^^^^ not accessible\n\nwarning: unused import: `ntest::timeout`\n    --> src/value/mod.rs:1039:8\n     |\n1039 |    use ntest::timeout;\n     |        ^^^^^^^^^^^^^^\n     |\n     = note: `#[warn(unused_imports)]` on by default\n\nFor more information about this error, try `rustc --explain E0433`.\nwarning: `serde_json` (lib test) generated 1 warning\nerror: could not compile `serde_json` (lib test) due to 3 previous errors; 1 warning emitted\n"
                }
              ],
              "repaired": [
                false,
                false,
                false,
                false,
                false,
                false,
                false
              ]
            },
            {
              "attrs": [],
              "prefix": [
                "{",
                "    let value = Value::Null;",
                "    value.is_boolean();",
                "}"
              ],
              "oracles": [
                [
                  "    let value = Value::Null;",
                  "    assert!(!value.is_boolean());"
                ]
              ],
              "codes": [
                [
                  "{",
                  "    let value = Value::Null;",
                  "    value.is_boolean();",
                  "    let value = Value::Null;",
                  "    assert!(!value.is_boolean());",
                  "}"
                ]
              ],
              "can_compile": [
                {
                  "Ok": null
                }
              ],
              "repaired": [
                false
              ]
            }
          ]
        }
      ]
    }
  ]
}