{
  "name": "serde_json::value::value::Value::is_string",
  "name_with_impl": "serde_json::value::{impl#2}::is_string",
  "mod_info": {
    "name": "value",
    "loc": "src/lib.rs:426:1:426:15"
  },
  "visible": true,
  "loc": "src/value/mod.rs:465:5:467:6",
  "fn_tests": [
    {
      "chain_id": 1,
      "prompt_conds": [],
      "input_infer": "Value::String(String) with any non-empty string and Value::Null, Value::Bool(true or false), Value::Number(Number), Value::Array(Vec<Value>), Value::Object(Map<String, Value>)\n",
      "answers": [
        {
          "uses": [],
          "has_test_mod": false,
          "common": [],
          "chain_tests": [
            {
              "attrs": [],
              "prefix": [
                "{",
                "    let value = Value::String(String::from(\"Hello, World!\"));",
                "    value.is_string();",
                "}"
              ],
              "oracles": [
                [
                  "    let value = Value::String(String::from(\"Hello, World!\"));",
                  "    assert!(value.is_string());"
                ],
                [
                  "    let value = Value::String(String::from(\"Hello, World!\"));",
                  "    let value = Value::Null;",
                  "    assert!(!value.is_string());"
                ],
                [
                  "    let value = Value::String(String::from(\"Hello, World!\"));",
                  "    let value = Value::Null;",
                  "    let value = Value::Bool(true);",
                  "    assert!(!value.is_string());"
                ],
                [
                  "    let value = Value::String(String::from(\"Hello, World!\"));",
                  "    let value = Value::Null;",
                  "    let value = Value::Bool(true);",
                  "    let value = Value::Number(Number { n: 0 });",
                  "    assert!(!value.is_string());"
                ],
                [
                  "    let value = Value::String(String::from(\"Hello, World!\"));",
                  "    let value = Value::Null;",
                  "    let value = Value::Bool(true);",
                  "    let value = Value::Number(Number { n: 0 });",
                  "    let value = Value::Array(Vec::new());",
                  "    assert!(!value.is_string());"
                ],
                [
                  "    let value = Value::String(String::from(\"Hello, World!\"));",
                  "    let value = Value::Null;",
                  "    let value = Value::Bool(true);",
                  "    let value = Value::Number(Number { n: 0 });",
                  "    let value = Value::Array(Vec::new());",
                  "    let value = Value::Object(Map::new());",
                  "    assert!(!value.is_string());"
                ]
              ],
              "codes": [
                [
                  "{",
                  "    let value = Value::String(String::from(\"Hello, World!\"));",
                  "    value.is_string();",
                  "    let value = Value::String(String::from(\"Hello, World!\"));",
                  "    assert!(value.is_string());",
                  "}"
                ],
                [
                  "{",
                  "    let value = Value::String(String::from(\"Hello, World!\"));",
                  "    value.is_string();",
                  "    let value = Value::String(String::from(\"Hello, World!\"));",
                  "    let value = Value::Null;",
                  "    assert!(!value.is_string());",
                  "}"
                ],
                [
                  "{",
                  "    let value = Value::String(String::from(\"Hello, World!\"));",
                  "    value.is_string();",
                  "    let value = Value::String(String::from(\"Hello, World!\"));",
                  "    let value = Value::Null;",
                  "    let value = Value::Bool(true);",
                  "    assert!(!value.is_string());",
                  "}"
                ],
                [
                  "{",
                  "    let value = Value::String(String::from(\"Hello, World!\"));",
                  "    value.is_string();",
                  "    let value = Value::String(String::from(\"Hello, World!\"));",
                  "    let value = Value::Null;",
                  "    let value = Value::Bool(true);",
                  "    let value = Value::Number(Number { n: 0 });",
                  "    assert!(!value.is_string());",
                  "}"
                ],
                [
                  "{",
                  "    let value = Value::String(String::from(\"Hello, World!\"));",
                  "    value.is_string();",
                  "    let value = Value::String(String::from(\"Hello, World!\"));",
                  "    let value = Value::Null;",
                  "    let value = Value::Bool(true);",
                  "    let value = Value::Number(Number { n: 0 });",
                  "    let value = Value::Array(Vec::new());",
                  "    assert!(!value.is_string());",
                  "}"
                ],
                [
                  "{",
                  "    let value = Value::String(String::from(\"Hello, World!\"));",
                  "    value.is_string();",
                  "    let value = Value::String(String::from(\"Hello, World!\"));",
                  "    let value = Value::Null;",
                  "    let value = Value::Bool(true);",
                  "    let value = Value::Number(Number { n: 0 });",
                  "    let value = Value::Array(Vec::new());",
                  "    let value = Value::Object(Map::new());",
                  "    assert!(!value.is_string());",
                  "}"
                ]
              ],
              "can_compile": [
                {
                  "Ok": null
                },
                {
                  "Ok": null
                },
                {
                  "Ok": null
                },
                {
                  "Err": "   Compiling proc-macro2 v1.0.95\n   Compiling serde v1.0.219\n   Compiling syn v1.0.109\n   Compiling libc v0.2.172\n   Compiling target-triple v0.1.4\n   Compiling serde_json v1.0.140\n   Compiling rustversion v1.0.20\n   Compiling ref-cast v1.0.24\n   Compiling serde_json v1.0.140 (/home/abezbm/rust-utgen-test-crates-new/json)\n   Compiling psm v0.1.26\n   Compiling stacker v0.1.21\n   Compiling quote v1.0.40\n   Compiling syn v2.0.101\n   Compiling serde_derive v1.0.219\n   Compiling ref-cast-impl v1.0.24\n   Compiling automod v1.0.15\n   Compiling ntest_timeout v0.9.3\n   Compiling ntest_test_cases v0.9.3\n   Compiling ntest v0.9.3\n   Compiling toml_datetime v0.6.9\n   Compiling serde_spanned v0.6.8\n   Compiling serde_stacker v0.1.12\n   Compiling serde_bytes v0.11.17\n   Compiling toml_edit v0.22.25\n   Compiling toml v0.8.21\n   Compiling trybuild v1.0.104\nwarning: unused import: `ntest::timeout`\n    --> src/value/mod.rs:1039:8\n     |\n1039 |    use ntest::timeout;\n     |        ^^^^^^^^^^^^^^\n     |\n     = note: `#[warn(unused_imports)]` on by default\n\nerror[E0308]: mismatched types\n    --> src/value/mod.rs:1048:43\n     |\n1048 |     let value = Value::Number(Number { n: 0 });\n     |                                           ^ expected `N`, found integer\n     |\nhelp: try wrapping the expression in a variant of `N`\n     |\n1048 |     let value = Value::Number(Number { n: number::N::PosInt(0) });\n     |                                           ++++++++++++++++++ +\n1048 |     let value = Value::Number(Number { n: number::N::NegInt(0) });\n     |                                           ++++++++++++++++++ +\n\nFor more information about this error, try `rustc --explain E0308`.\nwarning: `serde_json` (lib test) generated 1 warning\nerror: could not compile `serde_json` (lib test) due to 1 previous error; 1 warning emitted\n"
                },
                {
                  "Err": "   Compiling proc-macro2 v1.0.95\n   Compiling serde v1.0.219\n   Compiling syn v1.0.109\n   Compiling libc v0.2.172\n   Compiling target-triple v0.1.4\n   Compiling serde_json v1.0.140\n   Compiling ref-cast v1.0.24\n   Compiling rustversion v1.0.20\n   Compiling serde_json v1.0.140 (/home/abezbm/rust-utgen-test-crates-new/json)\n   Compiling psm v0.1.26\n   Compiling stacker v0.1.21\n   Compiling quote v1.0.40\n   Compiling syn v2.0.101\n   Compiling serde_derive v1.0.219\n   Compiling ref-cast-impl v1.0.24\n   Compiling automod v1.0.15\n   Compiling ntest_test_cases v0.9.3\n   Compiling ntest_timeout v0.9.3\n   Compiling ntest v0.9.3\n   Compiling serde_spanned v0.6.8\n   Compiling toml_datetime v0.6.9\n   Compiling serde_bytes v0.11.17\n   Compiling serde_stacker v0.1.12\n   Compiling toml_edit v0.22.25\n   Compiling toml v0.8.21\n   Compiling trybuild v1.0.104\nwarning: unused import: `ntest::timeout`\n    --> src/value/mod.rs:1039:8\n     |\n1039 |    use ntest::timeout;\n     |        ^^^^^^^^^^^^^^\n     |\n     = note: `#[warn(unused_imports)]` on by default\n\nerror[E0308]: mismatched types\n    --> src/value/mod.rs:1048:43\n     |\n1048 |     let value = Value::Number(Number { n: 0 });\n     |                                           ^ expected `N`, found integer\n     |\nhelp: try wrapping the expression in a variant of `N`\n     |\n1048 |     let value = Value::Number(Number { n: number::N::PosInt(0) });\n     |                                           ++++++++++++++++++ +\n1048 |     let value = Value::Number(Number { n: number::N::NegInt(0) });\n     |                                           ++++++++++++++++++ +\n\nFor more information about this error, try `rustc --explain E0308`.\nwarning: `serde_json` (lib test) generated 1 warning\nerror: could not compile `serde_json` (lib test) due to 1 previous error; 1 warning emitted\n"
                },
                {
                  "Err": "   Compiling proc-macro2 v1.0.95\n   Compiling serde v1.0.219\n   Compiling syn v1.0.109\n   Compiling libc v0.2.172\n   Compiling serde_json v1.0.140\n   Compiling target-triple v0.1.4\n   Compiling ref-cast v1.0.24\n   Compiling rustversion v1.0.20\n   Compiling serde_json v1.0.140 (/home/abezbm/rust-utgen-test-crates-new/json)\n   Compiling psm v0.1.26\n   Compiling stacker v0.1.21\n   Compiling quote v1.0.40\n   Compiling syn v2.0.101\n   Compiling serde_derive v1.0.219\n   Compiling ref-cast-impl v1.0.24\n   Compiling automod v1.0.15\n   Compiling ntest_timeout v0.9.3\n   Compiling ntest_test_cases v0.9.3\n   Compiling ntest v0.9.3\n   Compiling toml_datetime v0.6.9\n   Compiling serde_spanned v0.6.8\n   Compiling serde_bytes v0.11.17\n   Compiling serde_stacker v0.1.12\n   Compiling toml_edit v0.22.25\n   Compiling toml v0.8.21\n   Compiling trybuild v1.0.104\nwarning: unused import: `ntest::timeout`\n    --> src/value/mod.rs:1039:8\n     |\n1039 |    use ntest::timeout;\n     |        ^^^^^^^^^^^^^^\n     |\n     = note: `#[warn(unused_imports)]` on by default\n\nerror[E0308]: mismatched types\n    --> src/value/mod.rs:1048:43\n     |\n1048 |     let value = Value::Number(Number { n: 0 });\n     |                                           ^ expected `N`, found integer\n     |\nhelp: try wrapping the expression in a variant of `N`\n     |\n1048 |     let value = Value::Number(Number { n: number::N::PosInt(0) });\n     |                                           ++++++++++++++++++ +\n1048 |     let value = Value::Number(Number { n: number::N::NegInt(0) });\n     |                                           ++++++++++++++++++ +\n\nFor more information about this error, try `rustc --explain E0308`.\nwarning: `serde_json` (lib test) generated 1 warning\nerror: could not compile `serde_json` (lib test) due to 1 previous error; 1 warning emitted\n"
                }
              ],
              "repaired": [
                false,
                false,
                false,
                false,
                false,
                false
              ]
            },
            {
              "attrs": [],
              "prefix": [
                "{",
                "    let value = Value::String(String::from(\"\"));",
                "    value.is_string();",
                "}"
              ],
              "oracles": [
                [
                  "    let value = Value::String(String::from(\"\"));",
                  "    assert!(value.is_string());"
                ],
                [
                  "    let value = Value::String(String::from(\"\"));",
                  "    let value = Value::Null;",
                  "    assert!(!value.is_string());"
                ],
                [
                  "    let value = Value::String(String::from(\"\"));",
                  "    let value = Value::Null;",
                  "    let value = Value::Bool(true);",
                  "    assert!(!value.is_string());"
                ],
                [
                  "    let value = Value::String(String::from(\"\"));",
                  "    let value = Value::Null;",
                  "    let value = Value::Bool(true);",
                  "    let value = Value::Number(Number { n: 42 });",
                  "    assert!(!value.is_string());"
                ],
                [
                  "    let value = Value::String(String::from(\"\"));",
                  "    let value = Value::Null;",
                  "    let value = Value::Bool(true);",
                  "    let value = Value::Number(Number { n: 42 });",
                  "    let value = Value::Array(Vec::new());",
                  "    assert!(!value.is_string());"
                ],
                [
                  "    let value = Value::String(String::from(\"\"));",
                  "    let value = Value::Null;",
                  "    let value = Value::Bool(true);",
                  "    let value = Value::Number(Number { n: 42 });",
                  "    let value = Value::Array(Vec::new());",
                  "    let value = Value::Object(Map::new());",
                  "    assert!(!value.is_string());"
                ],
                [
                  "    let value = Value::String(String::from(\"\"));",
                  "    let value = Value::Null;",
                  "    let value = Value::Bool(true);",
                  "    let value = Value::Number(Number { n: 42 });",
                  "    let value = Value::Array(Vec::new());",
                  "    let value = Value::Object(Map::new());",
                  "    let value = Value::String(String::from(\"Hello, world!\"));",
                  "    assert!(value.is_string());"
                ]
              ],
              "codes": [
                [
                  "{",
                  "    let value = Value::String(String::from(\"\"));",
                  "    value.is_string();",
                  "    let value = Value::String(String::from(\"\"));",
                  "    assert!(value.is_string());",
                  "}"
                ],
                [
                  "{",
                  "    let value = Value::String(String::from(\"\"));",
                  "    value.is_string();",
                  "    let value = Value::String(String::from(\"\"));",
                  "    let value = Value::Null;",
                  "    assert!(!value.is_string());",
                  "}"
                ],
                [
                  "{",
                  "    let value = Value::String(String::from(\"\"));",
                  "    value.is_string();",
                  "    let value = Value::String(String::from(\"\"));",
                  "    let value = Value::Null;",
                  "    let value = Value::Bool(true);",
                  "    assert!(!value.is_string());",
                  "}"
                ],
                [
                  "{",
                  "    let value = Value::String(String::from(\"\"));",
                  "    value.is_string();",
                  "    let value = Value::String(String::from(\"\"));",
                  "    let value = Value::Null;",
                  "    let value = Value::Bool(true);",
                  "    let value = Value::Number(Number { n: 42 });",
                  "    assert!(!value.is_string());",
                  "}"
                ],
                [
                  "{",
                  "    let value = Value::String(String::from(\"\"));",
                  "    value.is_string();",
                  "    let value = Value::String(String::from(\"\"));",
                  "    let value = Value::Null;",
                  "    let value = Value::Bool(true);",
                  "    let value = Value::Number(Number { n: 42 });",
                  "    let value = Value::Array(Vec::new());",
                  "    assert!(!value.is_string());",
                  "}"
                ],
                [
                  "{",
                  "    let value = Value::String(String::from(\"\"));",
                  "    value.is_string();",
                  "    let value = Value::String(String::from(\"\"));",
                  "    let value = Value::Null;",
                  "    let value = Value::Bool(true);",
                  "    let value = Value::Number(Number { n: 42 });",
                  "    let value = Value::Array(Vec::new());",
                  "    let value = Value::Object(Map::new());",
                  "    assert!(!value.is_string());",
                  "}"
                ],
                [
                  "{",
                  "    let value = Value::String(String::from(\"\"));",
                  "    value.is_string();",
                  "    let value = Value::String(String::from(\"\"));",
                  "    let value = Value::Null;",
                  "    let value = Value::Bool(true);",
                  "    let value = Value::Number(Number { n: 42 });",
                  "    let value = Value::Array(Vec::new());",
                  "    let value = Value::Object(Map::new());",
                  "    let value = Value::String(String::from(\"Hello, world!\"));",
                  "    assert!(value.is_string());",
                  "}"
                ]
              ],
              "can_compile": [
                {
                  "Ok": null
                },
                {
                  "Ok": null
                },
                {
                  "Ok": null
                },
                {
                  "Err": "   Compiling proc-macro2 v1.0.95\n   Compiling serde v1.0.219\n   Compiling syn v1.0.109\n   Compiling libc v0.2.172\n   Compiling target-triple v0.1.4\n   Compiling serde_json v1.0.140\n   Compiling rustversion v1.0.20\n   Compiling ref-cast v1.0.24\n   Compiling psm v0.1.26\n   Compiling stacker v0.1.21\n   Compiling serde_json v1.0.140 (/home/abezbm/rust-utgen-test-crates-new/json)\n   Compiling quote v1.0.40\n   Compiling syn v2.0.101\n   Compiling serde_derive v1.0.219\n   Compiling ref-cast-impl v1.0.24\n   Compiling automod v1.0.15\n   Compiling ntest_timeout v0.9.3\n   Compiling ntest_test_cases v0.9.3\n   Compiling ntest v0.9.3\n   Compiling serde_spanned v0.6.8\n   Compiling toml_datetime v0.6.9\n   Compiling serde_bytes v0.11.17\n   Compiling serde_stacker v0.1.12\n   Compiling toml_edit v0.22.25\n   Compiling toml v0.8.21\n   Compiling trybuild v1.0.104\nwarning: unused import: `ntest::timeout`\n    --> src/value/mod.rs:1039:8\n     |\n1039 |    use ntest::timeout;\n     |        ^^^^^^^^^^^^^^\n     |\n     = note: `#[warn(unused_imports)]` on by default\n\nerror[E0308]: mismatched types\n    --> src/value/mod.rs:1048:43\n     |\n1048 |     let value = Value::Number(Number { n: 42 });\n     |                                           ^^ expected `N`, found integer\n     |\nhelp: try wrapping the expression in a variant of `N`\n     |\n1048 |     let value = Value::Number(Number { n: number::N::PosInt(42) });\n     |                                           ++++++++++++++++++  +\n1048 |     let value = Value::Number(Number { n: number::N::NegInt(42) });\n     |                                           ++++++++++++++++++  +\n\nFor more information about this error, try `rustc --explain E0308`.\nwarning: `serde_json` (lib test) generated 1 warning\nerror: could not compile `serde_json` (lib test) due to 1 previous error; 1 warning emitted\n"
                },
                {
                  "Err": "   Compiling proc-macro2 v1.0.95\n   Compiling serde v1.0.219\n   Compiling syn v1.0.109\n   Compiling libc v0.2.172\n   Compiling serde_json v1.0.140\n   Compiling target-triple v0.1.4\n   Compiling rustversion v1.0.20\n   Compiling ref-cast v1.0.24\n   Compiling serde_json v1.0.140 (/home/abezbm/rust-utgen-test-crates-new/json)\n   Compiling psm v0.1.26\n   Compiling stacker v0.1.21\n   Compiling quote v1.0.40\n   Compiling syn v2.0.101\n   Compiling serde_derive v1.0.219\n   Compiling ref-cast-impl v1.0.24\n   Compiling automod v1.0.15\n   Compiling ntest_test_cases v0.9.3\n   Compiling ntest_timeout v0.9.3\n   Compiling ntest v0.9.3\n   Compiling serde_spanned v0.6.8\n   Compiling toml_datetime v0.6.9\n   Compiling serde_stacker v0.1.12\n   Compiling serde_bytes v0.11.17\n   Compiling toml_edit v0.22.25\n   Compiling toml v0.8.21\n   Compiling trybuild v1.0.104\nwarning: unused import: `ntest::timeout`\n    --> src/value/mod.rs:1039:8\n     |\n1039 |    use ntest::timeout;\n     |        ^^^^^^^^^^^^^^\n     |\n     = note: `#[warn(unused_imports)]` on by default\n\nerror[E0308]: mismatched types\n    --> src/value/mod.rs:1048:43\n     |\n1048 |     let value = Value::Number(Number { n: 42 });\n     |                                           ^^ expected `N`, found integer\n     |\nhelp: try wrapping the expression in a variant of `N`\n     |\n1048 |     let value = Value::Number(Number { n: number::N::PosInt(42) });\n     |                                           ++++++++++++++++++  +\n1048 |     let value = Value::Number(Number { n: number::N::NegInt(42) });\n     |                                           ++++++++++++++++++  +\n\nFor more information about this error, try `rustc --explain E0308`.\nwarning: `serde_json` (lib test) generated 1 warning\nerror: could not compile `serde_json` (lib test) due to 1 previous error; 1 warning emitted\n"
                },
                {
                  "Err": "   Compiling proc-macro2 v1.0.95\n   Compiling serde v1.0.219\n   Compiling syn v1.0.109\n   Compiling libc v0.2.172\n   Compiling serde_json v1.0.140\n   Compiling target-triple v0.1.4\n   Compiling ref-cast v1.0.24\n   Compiling rustversion v1.0.20\n   Compiling serde_json v1.0.140 (/home/abezbm/rust-utgen-test-crates-new/json)\n   Compiling psm v0.1.26\n   Compiling stacker v0.1.21\n   Compiling quote v1.0.40\n   Compiling syn v2.0.101\n   Compiling serde_derive v1.0.219\n   Compiling ref-cast-impl v1.0.24\n   Compiling automod v1.0.15\n   Compiling ntest_timeout v0.9.3\n   Compiling ntest_test_cases v0.9.3\n   Compiling ntest v0.9.3\n   Compiling toml_datetime v0.6.9\n   Compiling serde_spanned v0.6.8\n   Compiling serde_bytes v0.11.17\n   Compiling serde_stacker v0.1.12\n   Compiling toml_edit v0.22.25\n   Compiling toml v0.8.21\n   Compiling trybuild v1.0.104\nwarning: unused import: `ntest::timeout`\n    --> src/value/mod.rs:1039:8\n     |\n1039 |    use ntest::timeout;\n     |        ^^^^^^^^^^^^^^\n     |\n     = note: `#[warn(unused_imports)]` on by default\n\nerror[E0308]: mismatched types\n    --> src/value/mod.rs:1048:43\n     |\n1048 |     let value = Value::Number(Number { n: 42 });\n     |                                           ^^ expected `N`, found integer\n     |\nhelp: try wrapping the expression in a variant of `N`\n     |\n1048 |     let value = Value::Number(Number { n: number::N::PosInt(42) });\n     |                                           ++++++++++++++++++  +\n1048 |     let value = Value::Number(Number { n: number::N::NegInt(42) });\n     |                                           ++++++++++++++++++  +\n\nFor more information about this error, try `rustc --explain E0308`.\nwarning: `serde_json` (lib test) generated 1 warning\nerror: could not compile `serde_json` (lib test) due to 1 previous error; 1 warning emitted\n"
                },
                {
                  "Err": "   Compiling proc-macro2 v1.0.95\n   Compiling serde v1.0.219\n   Compiling syn v1.0.109\n   Compiling libc v0.2.172\n   Compiling target-triple v0.1.4\n   Compiling serde_json v1.0.140\n   Compiling rustversion v1.0.20\n   Compiling ref-cast v1.0.24\n   Compiling serde_json v1.0.140 (/home/abezbm/rust-utgen-test-crates-new/json)\n   Compiling psm v0.1.26\n   Compiling stacker v0.1.21\n   Compiling quote v1.0.40\n   Compiling syn v2.0.101\n   Compiling serde_derive v1.0.219\n   Compiling ref-cast-impl v1.0.24\n   Compiling automod v1.0.15\n   Compiling ntest_timeout v0.9.3\n   Compiling ntest_test_cases v0.9.3\n   Compiling ntest v0.9.3\n   Compiling toml_datetime v0.6.9\n   Compiling serde_spanned v0.6.8\n   Compiling serde_stacker v0.1.12\n   Compiling serde_bytes v0.11.17\n   Compiling toml_edit v0.22.25\n   Compiling toml v0.8.21\n   Compiling trybuild v1.0.104\nwarning: unused import: `ntest::timeout`\n    --> src/value/mod.rs:1039:8\n     |\n1039 |    use ntest::timeout;\n     |        ^^^^^^^^^^^^^^\n     |\n     = note: `#[warn(unused_imports)]` on by default\n\nerror[E0308]: mismatched types\n    --> src/value/mod.rs:1048:43\n     |\n1048 |     let value = Value::Number(Number { n: 42 });\n     |                                           ^^ expected `N`, found integer\n     |\nhelp: try wrapping the expression in a variant of `N`\n     |\n1048 |     let value = Value::Number(Number { n: number::N::PosInt(42) });\n     |                                           ++++++++++++++++++  +\n1048 |     let value = Value::Number(Number { n: number::N::NegInt(42) });\n     |                                           ++++++++++++++++++  +\n\nFor more information about this error, try `rustc --explain E0308`.\nwarning: `serde_json` (lib test) generated 1 warning\nerror: could not compile `serde_json` (lib test) due to 1 previous error; 1 warning emitted\n"
                }
              ],
              "repaired": [
                false,
                false,
                false,
                false,
                false,
                false,
                false
              ]
            },
            {
              "attrs": [],
              "prefix": [
                "{",
                "    let value = Value::Null;",
                "    value.is_string();",
                "}"
              ],
              "oracles": [
                [
                  "    let value = Value::Null;",
                  "    assert!(!value.is_string());"
                ]
              ],
              "codes": [
                [
                  "{",
                  "    let value = Value::Null;",
                  "    value.is_string();",
                  "    let value = Value::Null;",
                  "    assert!(!value.is_string());",
                  "}"
                ]
              ],
              "can_compile": [
                {
                  "Ok": null
                }
              ],
              "repaired": [
                false
              ]
            },
            {
              "attrs": [],
              "prefix": [
                "{",
                "    let value = Value::Bool(true);",
                "    value.is_string();",
                "}"
              ],
              "oracles": [
                [
                  "    let value = Value::Bool(true);",
                  "    assert!(!value.is_string());"
                ],
                [
                  "    let value = Value::Bool(true);",
                  "    let value = Value::String(String::from(\"test\"));",
                  "    assert!(value.is_string());"
                ],
                [
                  "    let value = Value::Bool(true);",
                  "    let value = Value::String(String::from(\"test\"));",
                  "    let value = Value::Null;",
                  "    assert!(!value.is_string());"
                ]
              ],
              "codes": [
                [
                  "{",
                  "    let value = Value::Bool(true);",
                  "    value.is_string();",
                  "    let value = Value::Bool(true);",
                  "    assert!(!value.is_string());",
                  "}"
                ],
                [
                  "{",
                  "    let value = Value::Bool(true);",
                  "    value.is_string();",
                  "    let value = Value::Bool(true);",
                  "    let value = Value::String(String::from(\"test\"));",
                  "    assert!(value.is_string());",
                  "}"
                ],
                [
                  "{",
                  "    let value = Value::Bool(true);",
                  "    value.is_string();",
                  "    let value = Value::Bool(true);",
                  "    let value = Value::String(String::from(\"test\"));",
                  "    let value = Value::Null;",
                  "    assert!(!value.is_string());",
                  "}"
                ]
              ],
              "can_compile": [
                {
                  "Ok": null
                },
                {
                  "Ok": null
                },
                {
                  "Ok": null
                }
              ],
              "repaired": [
                false,
                false,
                false
              ]
            },
            {
              "attrs": [],
              "prefix": [
                "{",
                "    let value = Value::Bool(false);",
                "    value.is_string();",
                "}"
              ],
              "oracles": [
                [
                  "    let value = Value::Bool(false);",
                  "    assert!(!value.is_string());"
                ]
              ],
              "codes": [
                [
                  "{",
                  "    let value = Value::Bool(false);",
                  "    value.is_string();",
                  "    let value = Value::Bool(false);",
                  "    assert!(!value.is_string());",
                  "}"
                ]
              ],
              "can_compile": [
                {
                  "Ok": null
                }
              ],
              "repaired": [
                false
              ]
            },
            {
              "attrs": [],
              "prefix": [
                "{",
                "    let number_value = Number { n: 42 };  // example number",
                "    let value = Value::Number(number_value);",
                "    value.is_string();",
                "}"
              ],
              "oracles": [
                [
                  "    let number_value = Number { n: 42 };",
                  "    let value = Value::Number(number_value);",
                  "    assert!(!value.is_string());"
                ]
              ],
              "codes": [
                [
                  "{",
                  "    let number_value = Number { n: 42 };  // example number",
                  "    let value = Value::Number(number_value);",
                  "    value.is_string();",
                  "    let number_value = Number { n: 42 };",
                  "    let value = Value::Number(number_value);",
                  "    assert!(!value.is_string());",
                  "}"
                ]
              ],
              "can_compile": [
                {
                  "Err": "   Compiling proc-macro2 v1.0.95\n   Compiling serde v1.0.219\n   Compiling syn v1.0.109\n   Compiling libc v0.2.172\n   Compiling serde_json v1.0.140\n   Compiling target-triple v0.1.4\n   Compiling rustversion v1.0.20\n   Compiling ref-cast v1.0.24\n   Compiling serde_json v1.0.140 (/home/abezbm/rust-utgen-test-crates-new/json)\n   Compiling psm v0.1.26\n   Compiling stacker v0.1.21\n   Compiling quote v1.0.40\n   Compiling syn v2.0.101\n   Compiling serde_derive v1.0.219\n   Compiling ref-cast-impl v1.0.24\n   Compiling automod v1.0.15\n   Compiling ntest_timeout v0.9.3\n   Compiling ntest_test_cases v0.9.3\n   Compiling ntest v0.9.3\n   Compiling serde_spanned v0.6.8\n   Compiling toml_datetime v0.6.9\n   Compiling serde_bytes v0.11.17\n   Compiling serde_stacker v0.1.12\n   Compiling toml_edit v0.22.25\n   Compiling toml v0.8.21\n   Compiling trybuild v1.0.104\nwarning: unused import: `ntest::timeout`\n    --> src/value/mod.rs:1039:8\n     |\n1039 |    use ntest::timeout;\n     |        ^^^^^^^^^^^^^^\n     |\n     = note: `#[warn(unused_imports)]` on by default\n\nerror[E0308]: mismatched types\n    --> src/value/mod.rs:1043:36\n     |\n1043 |     let number_value = Number { n: 42 };  // example number\n     |                                    ^^ expected `N`, found integer\n     |\nhelp: try wrapping the expression in a variant of `N`\n     |\n1043 |     let number_value = Number { n: number::N::PosInt(42) };  // example number\n     |                                    ++++++++++++++++++  +\n1043 |     let number_value = Number { n: number::N::NegInt(42) };  // example number\n     |                                    ++++++++++++++++++  +\n\nerror[E0308]: mismatched types\n    --> src/value/mod.rs:1046:36\n     |\n1046 |     let number_value = Number { n: 42 };\n     |                                    ^^ expected `N`, found integer\n     |\nhelp: try wrapping the expression in a variant of `N`\n     |\n1046 |     let number_value = Number { n: number::N::PosInt(42) };\n     |                                    ++++++++++++++++++  +\n1046 |     let number_value = Number { n: number::N::NegInt(42) };\n     |                                    ++++++++++++++++++  +\n\nFor more information about this error, try `rustc --explain E0308`.\nwarning: `serde_json` (lib test) generated 1 warning\nerror: could not compile `serde_json` (lib test) due to 2 previous errors; 1 warning emitted\n"
                }
              ],
              "repaired": [
                false
              ]
            },
            {
              "attrs": [],
              "prefix": [
                "{",
                "    let value = Value::Array(vec![Value::Number(Number { n: 0 }), Value::String(String::from(\"Test\"))]);",
                "    value.is_string();",
                "}"
              ],
              "oracles": [
                [
                  "    let value = Value::Array(vec![Value::Number(Number { n: 0 }), Value::String(String::from(\"Test\"))]);",
                  "    assert!(!value.is_string());"
                ],
                [
                  "    let value = Value::Array(vec![Value::Number(Number { n: 0 }), Value::String(String::from(\"Test\"))]);",
                  "    let value = Value::String(String::from(\"Test\"));",
                  "    assert!(value.is_string());"
                ]
              ],
              "codes": [
                [
                  "{",
                  "    let value = Value::Array(vec![Value::Number(Number { n: 0 }), Value::String(String::from(\"Test\"))]);",
                  "    value.is_string();",
                  "    let value = Value::Array(vec![Value::Number(Number { n: 0 }), Value::String(String::from(\"Test\"))]);",
                  "    assert!(!value.is_string());",
                  "}"
                ],
                [
                  "{",
                  "    let value = Value::Array(vec![Value::Number(Number { n: 0 }), Value::String(String::from(\"Test\"))]);",
                  "    value.is_string();",
                  "    let value = Value::Array(vec![Value::Number(Number { n: 0 }), Value::String(String::from(\"Test\"))]);",
                  "    let value = Value::String(String::from(\"Test\"));",
                  "    assert!(value.is_string());",
                  "}"
                ]
              ],
              "can_compile": [
                {
                  "Err": "   Compiling proc-macro2 v1.0.95\n   Compiling serde v1.0.219\n   Compiling syn v1.0.109\n   Compiling libc v0.2.172\n   Compiling serde_json v1.0.140\n   Compiling target-triple v0.1.4\n   Compiling ref-cast v1.0.24\n   Compiling rustversion v1.0.20\n   Compiling serde_json v1.0.140 (/home/abezbm/rust-utgen-test-crates-new/json)\n   Compiling psm v0.1.26\n   Compiling stacker v0.1.21\n   Compiling quote v1.0.40\n   Compiling syn v2.0.101\n   Compiling serde_derive v1.0.219\n   Compiling ref-cast-impl v1.0.24\n   Compiling automod v1.0.15\n   Compiling ntest_test_cases v0.9.3\n   Compiling ntest_timeout v0.9.3\n   Compiling ntest v0.9.3\n   Compiling serde_spanned v0.6.8\n   Compiling toml_datetime v0.6.9\n   Compiling serde_bytes v0.11.17\n   Compiling serde_stacker v0.1.12\n   Compiling toml_edit v0.22.25\n   Compiling toml v0.8.21\n   Compiling trybuild v1.0.104\nwarning: unused import: `ntest::timeout`\n    --> src/value/mod.rs:1039:8\n     |\n1039 |    use ntest::timeout;\n     |        ^^^^^^^^^^^^^^\n     |\n     = note: `#[warn(unused_imports)]` on by default\n\nerror[E0308]: mismatched types\n    --> src/value/mod.rs:1043:61\n     |\n1043 |     let value = Value::Array(vec![Value::Number(Number { n: 0 }), Value::String(String::from(\"Test\"))]);\n     |                                                             ^ expected `N`, found integer\n     |\nhelp: try wrapping the expression in a variant of `N`\n     |\n1043 |     let value = Value::Array(vec![Value::Number(Number { n: number::N::PosInt(0) }), Value::String(String::from(\"Test\"))]);\n     |                                                             ++++++++++++++++++ +\n1043 |     let value = Value::Array(vec![Value::Number(Number { n: number::N::NegInt(0) }), Value::String(String::from(\"Test\"))]);\n     |                                                             ++++++++++++++++++ +\n\nerror[E0308]: mismatched types\n    --> src/value/mod.rs:1045:61\n     |\n1045 |     let value = Value::Array(vec![Value::Number(Number { n: 0 }), Value::String(String::from(\"Test\"))]);\n     |                                                             ^ expected `N`, found integer\n     |\nhelp: try wrapping the expression in a variant of `N`\n     |\n1045 |     let value = Value::Array(vec![Value::Number(Number { n: number::N::PosInt(0) }), Value::String(String::from(\"Test\"))]);\n     |                                                             ++++++++++++++++++ +\n1045 |     let value = Value::Array(vec![Value::Number(Number { n: number::N::NegInt(0) }), Value::String(String::from(\"Test\"))]);\n     |                                                             ++++++++++++++++++ +\n\nFor more information about this error, try `rustc --explain E0308`.\nwarning: `serde_json` (lib test) generated 1 warning\nerror: could not compile `serde_json` (lib test) due to 2 previous errors; 1 warning emitted\n"
                },
                {
                  "Err": "   Compiling proc-macro2 v1.0.95\n   Compiling serde v1.0.219\n   Compiling syn v1.0.109\n   Compiling libc v0.2.172\n   Compiling serde_json v1.0.140\n   Compiling target-triple v0.1.4\n   Compiling rustversion v1.0.20\n   Compiling ref-cast v1.0.24\n   Compiling serde_json v1.0.140 (/home/abezbm/rust-utgen-test-crates-new/json)\n   Compiling psm v0.1.26\n   Compiling stacker v0.1.21\n   Compiling quote v1.0.40\n   Compiling syn v2.0.101\n   Compiling serde_derive v1.0.219\n   Compiling ref-cast-impl v1.0.24\n   Compiling automod v1.0.15\n   Compiling ntest_test_cases v0.9.3\n   Compiling ntest_timeout v0.9.3\n   Compiling ntest v0.9.3\n   Compiling serde_spanned v0.6.8\n   Compiling toml_datetime v0.6.9\n   Compiling serde_stacker v0.1.12\n   Compiling serde_bytes v0.11.17\n   Compiling toml_edit v0.22.25\n   Compiling toml v0.8.21\n   Compiling trybuild v1.0.104\nwarning: unused import: `ntest::timeout`\n    --> src/value/mod.rs:1039:8\n     |\n1039 |    use ntest::timeout;\n     |        ^^^^^^^^^^^^^^\n     |\n     = note: `#[warn(unused_imports)]` on by default\n\nerror[E0308]: mismatched types\n    --> src/value/mod.rs:1043:61\n     |\n1043 |     let value = Value::Array(vec![Value::Number(Number { n: 0 }), Value::String(String::from(\"Test\"))]);\n     |                                                             ^ expected `N`, found integer\n     |\nhelp: try wrapping the expression in a variant of `N`\n     |\n1043 |     let value = Value::Array(vec![Value::Number(Number { n: number::N::PosInt(0) }), Value::String(String::from(\"Test\"))]);\n     |                                                             ++++++++++++++++++ +\n1043 |     let value = Value::Array(vec![Value::Number(Number { n: number::N::NegInt(0) }), Value::String(String::from(\"Test\"))]);\n     |                                                             ++++++++++++++++++ +\n\nerror[E0308]: mismatched types\n    --> src/value/mod.rs:1045:61\n     |\n1045 |     let value = Value::Array(vec![Value::Number(Number { n: 0 }), Value::String(String::from(\"Test\"))]);\n     |                                                             ^ expected `N`, found integer\n     |\nhelp: try wrapping the expression in a variant of `N`\n     |\n1045 |     let value = Value::Array(vec![Value::Number(Number { n: number::N::PosInt(0) }), Value::String(String::from(\"Test\"))]);\n     |                                                             ++++++++++++++++++ +\n1045 |     let value = Value::Array(vec![Value::Number(Number { n: number::N::NegInt(0) }), Value::String(String::from(\"Test\"))]);\n     |                                                             ++++++++++++++++++ +\n\nFor more information about this error, try `rustc --explain E0308`.\nwarning: `serde_json` (lib test) generated 1 warning\nerror: could not compile `serde_json` (lib test) due to 2 previous errors; 1 warning emitted\n"
                }
              ],
              "repaired": [
                false,
                false
              ]
            },
            {
              "attrs": [],
              "prefix": [
                "{",
                "    let object_value = Map { map: MapImpl::new() }; // Assuming MapImpl::new() initializes a new map",
                "    let value = Value::Object(object_value);",
                "    value.is_string();",
                "}"
              ],
              "oracles": [
                [
                  "    let object_value = Map { map: MapImpl::new() };",
                  "    let value = Value::Object(object_value);",
                  "    assert!(!value.is_string());"
                ]
              ],
              "codes": [
                [
                  "{",
                  "    let object_value = Map { map: MapImpl::new() }; // Assuming MapImpl::new() initializes a new map",
                  "    let value = Value::Object(object_value);",
                  "    value.is_string();",
                  "    let object_value = Map { map: MapImpl::new() };",
                  "    let value = Value::Object(object_value);",
                  "    assert!(!value.is_string());",
                  "}"
                ]
              ],
              "can_compile": [
                {
                  "Err": "   Compiling proc-macro2 v1.0.95\n   Compiling serde v1.0.219\n   Compiling syn v1.0.109\n   Compiling libc v0.2.172\n   Compiling target-triple v0.1.4\n   Compiling serde_json v1.0.140\n   Compiling rustversion v1.0.20\n   Compiling ref-cast v1.0.24\n   Compiling serde_json v1.0.140 (/home/abezbm/rust-utgen-test-crates-new/json)\n   Compiling psm v0.1.26\n   Compiling stacker v0.1.21\n   Compiling quote v1.0.40\n   Compiling syn v2.0.101\n   Compiling serde_derive v1.0.219\n   Compiling ref-cast-impl v1.0.24\n   Compiling automod v1.0.15\n   Compiling ntest_test_cases v0.9.3\n   Compiling ntest_timeout v0.9.3\n   Compiling ntest v0.9.3\n   Compiling toml_datetime v0.6.9\n   Compiling serde_spanned v0.6.8\n   Compiling serde_bytes v0.11.17\n   Compiling serde_stacker v0.1.12\n   Compiling toml_edit v0.22.25\n   Compiling toml v0.8.21\n   Compiling trybuild v1.0.104\nerror[E0433]: failed to resolve: use of undeclared type `MapImpl`\n    --> src/value/mod.rs:1043:35\n     |\n1043 |     let object_value = Map { map: MapImpl::new() }; // Assuming MapImpl::new() initializes a new map\n     |                                   ^^^^^^^ use of undeclared type `MapImpl`\n     |\nnote: type alias `crate::map::MapImpl` exists but is inaccessible\n    --> src/map.rs:34:1\n     |\n34   | type MapImpl<K, V> = BTreeMap<K, V>;\n     | ^^^^^^^^^^^^^^^^^^^^^^^^^^^^^^^^^^^^ not accessible\n\nerror[E0433]: failed to resolve: use of undeclared type `MapImpl`\n    --> src/value/mod.rs:1046:35\n     |\n1046 |     let object_value = Map { map: MapImpl::new() };\n     |                                   ^^^^^^^ use of undeclared type `MapImpl`\n     |\nnote: type alias `crate::map::MapImpl` exists but is inaccessible\n    --> src/map.rs:34:1\n     |\n34   | type MapImpl<K, V> = BTreeMap<K, V>;\n     | ^^^^^^^^^^^^^^^^^^^^^^^^^^^^^^^^^^^^ not accessible\n\nwarning: unused import: `ntest::timeout`\n    --> src/value/mod.rs:1039:8\n     |\n1039 |    use ntest::timeout;\n     |        ^^^^^^^^^^^^^^\n     |\n     = note: `#[warn(unused_imports)]` on by default\n\nFor more information about this error, try `rustc --explain E0433`.\nwarning: `serde_json` (lib test) generated 1 warning\nerror: could not compile `serde_json` (lib test) due to 2 previous errors; 1 warning emitted\n"
                }
              ],
              "repaired": [
                false
              ]
            }
          ]
        }
      ]
    }
  ]
}