{
  "name": "fastrand::Rng::f64",
  "name_with_impl": "fastrand::{impl#2}::f64",
  "mod_info": {
    "name": "",
    "loc": "src/lib.rs:1:1:689:2"
  },
  "visible": true,
  "loc": "src/lib.rs:375:5:379:6",
  "fn_tests": [
    {
      "chain_id": 1,
      "prompt_conds": [
        "// expected return value/type: f64::from_bits((1 << (b - 2)) - (1 << f) + (self.u64(..) >> (b - f))) - 1.0\n"
      ],
      "input_infer": "0.0 to 1.0\n",
      "answers": [
        {
          "uses": [],
          "has_test_mod": false,
          "common": [],
          "chain_tests": [
            {
              "attrs": [],
              "prefix": [
                "{",
                "    let mut rng = Rng::with_seed(0);",
                "    let result = rng.f64();",
                "}"
              ],
              "oracles": [
                [
                  "    let mut rng = Rng::with_seed(0);",
                  "    let expected = f64::from_bits((1 << (64 - 2)) - (1 << (core::f64::MANTISSA_DIGITS - 1)) + (rng.u64(..) >> (64 - (core::f64::MANTISSA_DIGITS - 1)))) - 1.0;",
                  "    assert_eq!(result, expected);"
                ]
              ],
              "codes": [
                [
                  "{",
                  "    let mut rng = Rng::with_seed(0);",
                  "    let result = rng.f64();",
                  "    let mut rng = Rng::with_seed(0);",
                  "    let expected = f64::from_bits((1 << (64 - 2)) - (1 << (core::f64::MANTISSA_DIGITS - 1)) + (rng.u64(..) >> (64 - (core::f64::MANTISSA_DIGITS - 1)))) - 1.0;",
                  "    assert_eq!(result, expected);",
                  "}"
                ]
              ],
              "can_compile": [
                {
                  "Ok": null
                }
              ],
              "repaired": [
                false
              ]
            },
            {
              "attrs": [],
              "prefix": [
                "{",
                "    let mut rng = Rng::with_seed(u64::MAX);",
                "    let result = rng.f64();",
                "}"
              ],
              "oracles": [
                [
                  "    let mut rng = Rng::with_seed(u64::MAX);",
                  "    let expected = f64::from_bits((1 << (64 - 2)) - (1 << (core::f64::MANTISSA_DIGITS - 1)) + (rng.u64(..) >> (64 - (core::f64::MANTISSA_DIGITS - 1)))) - 1.0;",
                  "    assert_eq!(result, expected);"
                ]
              ],
              "codes": [
                [
                  "{",
                  "    let mut rng = Rng::with_seed(u64::MAX);",
                  "    let result = rng.f64();",
                  "    let mut rng = Rng::with_seed(u64::MAX);",
                  "    let expected = f64::from_bits((1 << (64 - 2)) - (1 << (core::f64::MANTISSA_DIGITS - 1)) + (rng.u64(..) >> (64 - (core::f64::MANTISSA_DIGITS - 1)))) - 1.0;",
                  "    assert_eq!(result, expected);",
                  "}"
                ]
              ],
              "can_compile": [
                {
                  "Ok": null
                }
              ],
              "repaired": [
                false
              ]
            },
            {
              "attrs": [],
              "prefix": [
                "{",
                "    let mut rng = Rng::with_seed(1);",
                "    let result = rng.f64();",
                "}"
              ],
              "oracles": [
                [
                  "    let mut rng = Rng::with_seed(1);",
                  "    let expected_value = f64::from_bits((1 << (64 - 2)) - (1 << (core::f64::MANTISSA_DIGITS - 1)) + (rng.u64(..) >> (64 - (core::f64::MANTISSA_DIGITS - 1)))) - 1.0;",
                  "    assert_eq!(result, expected_value);"
                ]
              ],
              "codes": [
                [
                  "{",
                  "    let mut rng = Rng::with_seed(1);",
                  "    let result = rng.f64();",
                  "    let mut rng = Rng::with_seed(1);",
                  "    let expected_value = f64::from_bits((1 << (64 - 2)) - (1 << (core::f64::MANTISSA_DIGITS - 1)) + (rng.u64(..) >> (64 - (core::f64::MANTISSA_DIGITS - 1)))) - 1.0;",
                  "    assert_eq!(result, expected_value);",
                  "}"
                ]
              ],
              "can_compile": [
                {
                  "Ok": null
                }
              ],
              "repaired": [
                false
              ]
            },
            {
              "attrs": [],
              "prefix": [
                "{",
                "    let mut rng = Rng::with_seed(2);",
                "    let result = rng.f64();",
                "}"
              ],
              "oracles": [
                [
                  "    let mut rng = Rng::with_seed(2);",
                  "    let expected = f64::from_bits((1 << (64 - 2)) - (1 << (core::f64::MANTISSA_DIGITS - 1)) + (rng.u64(..) >> (64 - (core::f64::MANTISSA_DIGITS - 1)))) - 1.0;",
                  "    assert_eq!(result, expected);"
                ]
              ],
              "codes": [
                [
                  "{",
                  "    let mut rng = Rng::with_seed(2);",
                  "    let result = rng.f64();",
                  "    let mut rng = Rng::with_seed(2);",
                  "    let expected = f64::from_bits((1 << (64 - 2)) - (1 << (core::f64::MANTISSA_DIGITS - 1)) + (rng.u64(..) >> (64 - (core::f64::MANTISSA_DIGITS - 1)))) - 1.0;",
                  "    assert_eq!(result, expected);",
                  "}"
                ]
              ],
              "can_compile": [
                {
                  "Ok": null
                }
              ],
              "repaired": [
                false
              ]
            },
            {
              "attrs": [],
              "prefix": [
                "{",
                "    let mut rng = Rng::with_seed(0);",
                "    for _ in 0..10 {",
                "        let result = rng.f64();",
                "    }",
                "}"
              ],
              "oracles": [
                [
                  "    let mut rng = Rng::with_seed(0);",
                  "    let expected_result_type = \"f64\";",
                  "    let expected_range = \"[-1, +inf)\";",
                  "    for _ in 0..10 {",
                  "    let result = rng.f64();",
                  "    assert_eq(result.is_finite(), true);"
                ],
                [
                  "    let mut rng = Rng::with_seed(0);",
                  "    let expected_result_type = \"f64\";",
                  "    let expected_range = \"[-1, +inf)\";",
                  "    for _ in 0..10 {",
                  "    let result = rng.f64();",
                  "    assert!(result >= -1.0);"
                ],
                [
                  "    let mut rng = Rng::with_seed(0);",
                  "    let expected_result_type = \"f64\";",
                  "    let expected_range = \"[-1, +inf)\";",
                  "    for _ in 0..10 {",
                  "    let result = rng.f64();",
                  "    }",
                  "    assert!(result >= -1.0);"
                ],
                [
                  "    let mut rng = Rng::with_seed(0);",
                  "    let expected_result_type = \"f64\";",
                  "    let expected_range = \"[-1, +inf)\";",
                  "    for _ in 0..10 {",
                  "    let result = rng.f64();",
                  "    }",
                  "    assert_eq(result as f64, (1 << (64 - 2)) - (1 << (core::f64::MANTISSA_DIGITS - 1)) + (rng.u64(..) >> (64 - (core::f64::MANTISSA_DIGITS - 1))));"
                ]
              ],
              "codes": [
                [
                  "{",
                  "    let mut rng = Rng::with_seed(0);",
                  "    for _ in 0..10 {",
                  "        let result = rng.f64();",
                  "    }",
                  "    let mut rng = Rng::with_seed(0);",
                  "    let expected_result_type = \"f64\";",
                  "    let expected_range = \"[-1, +inf)\";",
                  "    for _ in 0..10 {",
                  "    let result = rng.f64();",
                  "    assert_eq(result.is_finite(), true);",
                  "}"
                ],
                [
                  "{",
                  "    let mut rng = Rng::with_seed(0);",
                  "    for _ in 0..10 {",
                  "        let result = rng.f64();",
                  "    }",
                  "    let mut rng = Rng::with_seed(0);",
                  "    let expected_result_type = \"f64\";",
                  "    let expected_range = \"[-1, +inf)\";",
                  "    for _ in 0..10 {",
                  "    let result = rng.f64();",
                  "    assert!(result >= -1.0);",
                  "}"
                ],
                [
                  "{",
                  "    let mut rng = Rng::with_seed(0);",
                  "    for _ in 0..10 {",
                  "        let result = rng.f64();",
                  "    }",
                  "    let mut rng = Rng::with_seed(0);",
                  "    let expected_result_type = \"f64\";",
                  "    let expected_range = \"[-1, +inf)\";",
                  "    for _ in 0..10 {",
                  "    let result = rng.f64();",
                  "    }",
                  "    assert!(result >= -1.0);",
                  "}"
                ],
                [
                  "{",
                  "    let mut rng = Rng::with_seed(0);",
                  "    for _ in 0..10 {",
                  "        let result = rng.f64();",
                  "    }",
                  "    let mut rng = Rng::with_seed(0);",
                  "    let expected_result_type = \"f64\";",
                  "    let expected_range = \"[-1, +inf)\";",
                  "    for _ in 0..10 {",
                  "    let result = rng.f64();",
                  "    }",
                  "    assert_eq(result as f64, (1 << (64 - 2)) - (1 << (core::f64::MANTISSA_DIGITS - 1)) + (rng.u64(..) >> (64 - (core::f64::MANTISSA_DIGITS - 1))));",
                  "}"
                ]
              ],
              "can_compile": [
                {
                  "Err": "   Compiling proc-macro2 v1.0.95\n   Compiling libc v0.2.172\n   Compiling zerocopy v0.8.25\n   Compiling syn v1.0.109\n   Compiling quote v1.0.40\n   Compiling getrandom v0.2.16\n   Compiling rand_core v0.6.4\n   Compiling wyhash v0.5.0\n   Compiling ppv-lite86 v0.2.21\n   Compiling rand_chacha v0.3.1\n   Compiling rand v0.8.5\n   Compiling ntest_timeout v0.9.3\n   Compiling ntest_test_cases v0.9.3\n   Compiling ntest v0.9.3\n   Compiling fastrand v2.3.0 (/home/abezbm/rust-utgen-test-crates-new/fastrand)\nerror: this file contains an unclosed delimiter\n   --> src/lib.rs:708:3\n    |\n691 | mod llmtests {\n    |              - unclosed delimiter\n...\n708 | }\n    |   ^\n\nerror: could not compile `fastrand` (lib test) due to 1 previous error\n"
                },
                {
                  "Err": "    Blocking waiting for file lock on package cache\n    Blocking waiting for file lock on package cache\n    Blocking waiting for file lock on package cache\n   Compiling libc v0.2.172\n   Compiling proc-macro2 v1.0.95\n   Compiling syn v1.0.109\n   Compiling zerocopy v0.8.25\n   Compiling quote v1.0.40\n   Compiling getrandom v0.2.16\n   Compiling rand_core v0.6.4\n   Compiling wyhash v0.5.0\n   Compiling ppv-lite86 v0.2.21\n   Compiling rand_chacha v0.3.1\n   Compiling rand v0.8.5\n   Compiling ntest_test_cases v0.9.3\n   Compiling ntest_timeout v0.9.3\n   Compiling ntest v0.9.3\n   Compiling fastrand v2.3.0 (/home/abezbm/rust-utgen-test-crates-new/fastrand)\nerror: this file contains an unclosed delimiter\n   --> src/lib.rs:708:3\n    |\n691 | mod llmtests {\n    |              - unclosed delimiter\n...\n708 | }\n    |   ^\n\nerror: could not compile `fastrand` (lib test) due to 1 previous error\n"
                },
                {
                  "Err": "   Compiling libc v0.2.172\n   Compiling proc-macro2 v1.0.95\n   Compiling zerocopy v0.8.25\n   Compiling syn v1.0.109\n   Compiling quote v1.0.40\n   Compiling getrandom v0.2.16\n   Compiling rand_core v0.6.4\n   Compiling wyhash v0.5.0\n   Compiling ppv-lite86 v0.2.21\n   Compiling rand_chacha v0.3.1\n   Compiling rand v0.8.5\n   Compiling ntest_test_cases v0.9.3\n   Compiling ntest_timeout v0.9.3\n   Compiling ntest v0.9.3\n   Compiling fastrand v2.3.0 (/home/abezbm/rust-utgen-test-crates-new/fastrand)\nerror[E0425]: cannot find value `result` in this scope\n   --> src/lib.rs:707:13\n    |\n707 |     assert!(result >= -1.0);\n    |             ^^^^^^\n    |\nhelp: the binding `result` is available in a different scope in the same function\n   --> src/lib.rs:705:9\n    |\n705 |     let result = rng.f64();\n    |         ^^^^^^\n\nwarning: unused import: `ntest::timeout`\n   --> src/lib.rs:693:8\n    |\n693 |    use ntest::timeout;\n    |        ^^^^^^^^^^^^^^\n    |\n    = note: `#[warn(unused_imports)]` on by default\n\nFor more information about this error, try `rustc --explain E0425`.\nwarning: `fastrand` (lib test) generated 1 warning\nerror: could not compile `fastrand` (lib test) due to 1 previous error; 1 warning emitted\n"
                },
                {
                  "Err": "   Compiling proc-macro2 v1.0.95\n   Compiling libc v0.2.172\n   Compiling zerocopy v0.8.25\n   Compiling syn v1.0.109\n   Compiling quote v1.0.40\n   Compiling getrandom v0.2.16\n   Compiling rand_core v0.6.4\n   Compiling wyhash v0.5.0\n   Compiling ppv-lite86 v0.2.21\n   Compiling rand_chacha v0.3.1\n   Compiling rand v0.8.5\n   Compiling ntest_test_cases v0.9.3\n   Compiling ntest_timeout v0.9.3\n   Compiling ntest v0.9.3\n   Compiling fastrand v2.3.0 (/home/abezbm/rust-utgen-test-crates-new/fastrand)\nerror[E0425]: cannot find value `result` in this scope\n   --> src/lib.rs:707:15\n    |\n707 |     assert_eq(result as f64, (1 << (64 - 2)) - (1 << (core::f64::MANTISSA_DIGITS - 1)) + (rng.u64(..) >> (64 - (core::f64::MANTISSA_DIGIT...\n    |               ^^^^^^\n    |\nhelp: the binding `result` is available in a different scope in the same function\n   --> src/lib.rs:705:9\n    |\n705 |     let result = rng.f64();\n    |         ^^^^^^\n\nwarning: unused import: `ntest::timeout`\n   --> src/lib.rs:693:8\n    |\n693 |    use ntest::timeout;\n    |        ^^^^^^^^^^^^^^\n    |\n    = note: `#[warn(unused_imports)]` on by default\n\nerror[E0423]: expected function, found macro `assert_eq`\n   --> src/lib.rs:707:5\n    |\n707 |     assert_eq(result as f64, (1 << (64 - 2)) - (1 << (core::f64::MANTISSA_DIGITS - 1)) + (rng.u64(..) >> (64 - (core::f64::MANTISSA_DIGIT...\n    |     ^^^^^^^^^ not a function\n    |\nhelp: use `!` to invoke the macro\n    |\n707 |     assert_eq!(result as f64, (1 << (64 - 2)) - (1 << (core::f64::MANTISSA_DIGITS - 1)) + (rng.u64(..) >> (64 - (core::f64::MANTISSA_DIGITS - 1))));\n    |              +\n\nSome errors have detailed explanations: E0423, E0425.\nFor more information about an error, try `rustc --explain E0423`.\nwarning: `fastrand` (lib test) generated 1 warning\nerror: could not compile `fastrand` (lib test) due to 2 previous errors; 1 warning emitted\n"
                }
              ],
              "repaired": [
                false,
                false,
                false,
                false
              ]
            }
          ]
        }
      ]
    }
  ]
}