{
  "name": "rand_chacha::guts::guts::ChaCha::new",
  "name_with_impl": "rand_chacha::guts::{impl#0}::new",
  "mod_info": {
    "name": "guts",
    "loc": "rand_chacha/src/lib.rs:97:1:97:10"
  },
  "visible": true,
  "loc": "rand_chacha/src/guts.rs:74:5:76:6",
  "fn_tests": [
    {
      "chain_id": 0,
      "prompt_conds": [],
      "input_infer": "",
      "answers": [
        {
          "uses": [
            "use rand_chacha::guts::init_chacha;"
          ],
          "has_test_mod": false,
          "common": [],
          "chain_tests": [
            {
              "attrs": [],
              "prefix": [],
              "oracles": [],
              "codes": [
                [
                  "{",
                  "    use rand_chacha::guts::init_chacha;",
                  "",
                  "    struct ChaCha {",
                  "        // Fields for ChaCha struct, based on what init_chacha would initialize",
                  "    }",
                  "",
                  "    let key: [u8; 32] = [0; 32]; // Initializing a key with zeros",
                  "    let nonce: &[u8] = &[0; 12]; // Example nonce of length 12 bytes",
                  "",
                  "    let instance = init_chacha(&key, nonce);",
                  "",
                  "    // Validate the created instance",
                  "    // Perform necessary assertions to check correctness",
                  "}"
                ]
              ],
              "can_compile": [
                {
                  "Err": "   Compiling proc-macro2 v1.0.95\n   Compiling syn v1.0.109\n   Compiling libc v0.2.172\n   Compiling zerocopy v0.8.24\n   Compiling getrandom v0.3.2\n   Compiling serde v1.0.219\n   Compiling serde_json v1.0.140\n   Compiling quote v1.0.40\n   Compiling ppv-lite86 v0.2.21\n   Compiling ntest_test_cases v0.9.3\n   Compiling ntest_timeout v0.9.3\n   Compiling ntest v0.9.3\n   Compiling rand_core v0.9.3 (/home/utgen/workspace/rand/rand_core)\n   Compiling rand_chacha v0.9.0 (/home/utgen/workspace/rand/rand_chacha)\nerror[E0433]: failed to resolve: use of undeclared crate or module `rand_chacha`\n   --> rand_chacha/src/guts.rs:295:9\n    |\n295 |     use rand_chacha::guts::init_chacha;\n    |         ^^^^^^^^^^^ use of undeclared crate or module `rand_chacha`\n\nwarning: unused imports: `RngCore` and `SeedableRng`\n   --> rand_chacha/src/chacha.rs:356:21\n    |\n356 |     use rand_core::{RngCore, SeedableRng};\n    |                     ^^^^^^^  ^^^^^^^^^^^\n    |\n    = note: `#[warn(unused_imports)]` on by default\n\nwarning: unused import: `super::*`\n   --> rand_chacha/src/guts.rs:290:8\n    |\n290 |    use super::*;\n    |        ^^^^^^^^\n\nwarning: unused import: `ntest::timeout`\n   --> rand_chacha/src/guts.rs:291:8\n    |\n291 |    use ntest::timeout;\n    |        ^^^^^^^^^^^^^^\n\nFor more information about this error, try `rustc --explain E0433`.\nwarning: `rand_chacha` (lib test) generated 3 warnings\nerror: could not compile `rand_chacha` (lib test) due to 1 previous error; 3 warnings emitted\n"
                }
              ],
              "repaired": [
                false
              ]
            },
            {
              "attrs": [
                "#[should_panic(expected = \"Panic message here\")]"
              ],
              "prefix": [],
              "oracles": [],
              "codes": [
                [
                  "{",
                  "    use rand_chacha::guts::init_chacha;",
                  "",
                  "    let key: [u8; 32] = [0; 32]; // Initializing a key with zeros",
                  "    let nonce: &[u8] = &[0; 11]; // Nonce with invalid length",
                  "",
                  "    let _instance = init_chacha(&key, nonce); // This should panic",
                  "}"
                ]
              ],
              "can_compile": [
                {
                  "Err": "   Compiling proc-macro2 v1.0.95\n   Compiling syn v1.0.109\n   Compiling libc v0.2.172\n   Compiling getrandom v0.3.2\n   Compiling zerocopy v0.8.24\n   Compiling serde v1.0.219\n   Compiling serde_json v1.0.140\n   Compiling quote v1.0.40\n   Compiling ppv-lite86 v0.2.21\n   Compiling ntest_timeout v0.9.3\n   Compiling ntest_test_cases v0.9.3\n   Compiling ntest v0.9.3\n   Compiling rand_core v0.9.3 (/home/utgen/workspace/rand/rand_core)\n   Compiling rand_chacha v0.9.0 (/home/utgen/workspace/rand/rand_chacha)\nerror[E0433]: failed to resolve: use of undeclared crate or module `rand_chacha`\n   --> rand_chacha/src/guts.rs:296:9\n    |\n296 |     use rand_chacha::guts::init_chacha;\n    |         ^^^^^^^^^^^ use of undeclared crate or module `rand_chacha`\n\nwarning: unused imports: `RngCore` and `SeedableRng`\n   --> rand_chacha/src/chacha.rs:356:21\n    |\n356 |     use rand_core::{RngCore, SeedableRng};\n    |                     ^^^^^^^  ^^^^^^^^^^^\n    |\n    = note: `#[warn(unused_imports)]` on by default\n\nwarning: unused import: `super::*`\n   --> rand_chacha/src/guts.rs:290:8\n    |\n290 |    use super::*;\n    |        ^^^^^^^^\n\nwarning: unused import: `ntest::timeout`\n   --> rand_chacha/src/guts.rs:291:8\n    |\n291 |    use ntest::timeout;\n    |        ^^^^^^^^^^^^^^\n\nFor more information about this error, try `rustc --explain E0433`.\nwarning: `rand_chacha` (lib test) generated 3 warnings\nerror: could not compile `rand_chacha` (lib test) due to 1 previous error; 3 warnings emitted\n"
                }
              ],
              "repaired": [
                false
              ]
            },
            {
              "attrs": [],
              "prefix": [],
              "oracles": [],
              "codes": [
                [
                  "{",
                  "    use rand_chacha::guts::init_chacha;",
                  "",
                  "    let key: [u8; 32] = [1; 32]; // Initializing a different key",
                  "    let nonce: &[u8] = &[2; 12]; // Initializing a different nonce",
                  "",
                  "    let instance = init_chacha(&key, nonce);",
                  "",
                  "    // Validate the created instance",
                  "    // Perform necessary assertions to check correctness",
                  "}"
                ]
              ],
              "can_compile": [
                {
                  "Err": "   Compiling proc-macro2 v1.0.95\n   Compiling syn v1.0.109\n   Compiling libc v0.2.172\n   Compiling getrandom v0.3.2\n   Compiling zerocopy v0.8.24\n   Compiling serde v1.0.219\n   Compiling serde_json v1.0.140\n   Compiling quote v1.0.40\n   Compiling ppv-lite86 v0.2.21\n   Compiling ntest_test_cases v0.9.3\n   Compiling ntest_timeout v0.9.3\n   Compiling ntest v0.9.3\n   Compiling rand_core v0.9.3 (/home/utgen/workspace/rand/rand_core)\n   Compiling rand_chacha v0.9.0 (/home/utgen/workspace/rand/rand_chacha)\nerror[E0433]: failed to resolve: use of undeclared crate or module `rand_chacha`\n   --> rand_chacha/src/guts.rs:295:9\n    |\n295 |     use rand_chacha::guts::init_chacha;\n    |         ^^^^^^^^^^^ use of undeclared crate or module `rand_chacha`\n\nwarning: unused imports: `RngCore` and `SeedableRng`\n   --> rand_chacha/src/chacha.rs:356:21\n    |\n356 |     use rand_core::{RngCore, SeedableRng};\n    |                     ^^^^^^^  ^^^^^^^^^^^\n    |\n    = note: `#[warn(unused_imports)]` on by default\n\nwarning: unused import: `super::*`\n   --> rand_chacha/src/guts.rs:290:8\n    |\n290 |    use super::*;\n    |        ^^^^^^^^\n\nwarning: unused import: `ntest::timeout`\n   --> rand_chacha/src/guts.rs:291:8\n    |\n291 |    use ntest::timeout;\n    |        ^^^^^^^^^^^^^^\n\nFor more information about this error, try `rustc --explain E0433`.\nwarning: `rand_chacha` (lib test) generated 3 warnings\nerror: could not compile `rand_chacha` (lib test) due to 1 previous error; 3 warnings emitted\n"
                }
              ],
              "repaired": [
                false
              ]
            }
          ]
        }
      ]
    }
  ]
}