{
  "name": "regex_syntax::hir::translate::<hir::translate::TranslatorI<'t, 'p> as ast::visitor::Visitor>::visit_class_set_binary_op_post",
  "name_with_impl": "regex_syntax::hir::translate::{impl#4}::visit_class_set_binary_op_post",
  "mod_info": {
    "name": "hir::translate",
    "loc": "regex-syntax/src/hir/mod.rs:29:1:29:19"
  },
  "visible": true,
  "loc": "regex-syntax/src/hir/translate.rs:512:5:550:6",
  "fn_tests": [
    {
      "chain_id": 2,
      "prompt_conds": [
        "// constraint: self.flags().unicode() is true\n",
        "// may panic: self.pop().unwrap() may panic in certain situations\n",
        "// may panic: self.pop().unwrap() may panic in certain situations\n",
        "// may panic: self.pop().unwrap() may panic in certain situations\n",
        "// constraint: self.flags().case_insensitive() is true\n",
        "// constraint: op.kind matches Difference is true\n",
        "// constraint: op.kind matches Difference is true\n",
        "// expected return value/type: Ok(())\n"
      ],
      "input_infer": "",
      "answers": [
        {
          "uses": [
            "use regex_syntax::hir::HirFrame;",
            "use regex_syntax::Result;",
            "use regex_syntax::Flags;",
            "use regex_syntax::hir::ClassSetBinaryOp;",
            "use regex_syntax::hir::ClassSetBinaryOpKind;"
          ],
          "has_test_mod": false,
          "common": [],
          "chain_tests": [
            {
              "attrs": [],
              "prefix": [],
              "oracles": [],
              "codes": [
                [
                  "{",
                  "    use regex_syntax::hir::{HirFrame, ClassSetBinaryOp, ClassSetBinaryOpKind};",
                  "    use regex_syntax::Flags;",
                  "    use regex_syntax::Result;",
                  "",
                  "    struct MockVisitor {",
                  "        frames: Vec<HirFrame>,",
                  "        flags: Flags,",
                  "    }",
                  "",
                  "    impl MockVisitor {",
                  "        fn new(flags: Flags) -> Self {",
                  "            Self { frames: Vec::new(), flags }",
                  "        }",
                  "",
                  "        fn flags(&self) -> &Flags {",
                  "            &self.flags",
                  "        }",
                  "",
                  "        fn pop(&mut self) -> Option<Result<HirFrame>> {",
                  "            self.frames.pop().map(Ok)",
                  "        }",
                  "",
                  "        fn push(&mut self, frame: HirFrame) {",
                  "            self.frames.push(frame);",
                  "        }",
                  "    }",
                  "",
                  "    // Create mock ClassUnicode instances that can be used for the test",
                  "    struct MockClassUnicode;",
                  "",
                  "    impl MockClassUnicode {",
                  "        fn intersect(&mut self, _other: &MockClassUnicode) {}",
                  "        fn difference(&mut self, _other: &MockClassUnicode) {}",
                  "        fn symmetric_difference(&mut self, _other: &MockClassUnicode) {}",
                  "        fn union(&mut self, _other: &MockClassUnicode) {}",
                  "        fn case_fold_simple(&mut self) {}",
                  "    }",
                  "",
                  "    let mut visitor = MockVisitor::new(Flags::unicode(true).case_insensitive(true));",
                  "    let op = ClassSetBinaryOp {",
                  "        kind: ClassSetBinaryOpKind::Difference,",
                  "    };",
                  "",
                  "    // Push three mock ClassUnicode instances to satisfy pop() calls",
                  "    visitor.push(HirFrame::ClassUnicode(MockClassUnicode));",
                  "    visitor.push(HirFrame::ClassUnicode(MockClassUnicode));",
                  "    visitor.push(HirFrame::ClassUnicode(MockClassUnicode));",
                  "",
                  "    let result: Result<()> = visitor.visit_class_set_binary_op_post(&op);",
                  "",
                  "    assert_eq!(result, Ok(()));",
                  "}"
                ]
              ],
              "can_compile": [
                {
                  "Err": "warning: /home/abezbm/rust-utgen-test-crates-new/regex/regex-syntax/Cargo.toml: no edition set: defaulting to the 2015 edition while the latest is 2021\nwarning: /home/abezbm/rust-utgen-test-crates-new/regex/regex-capi/Cargo.toml: no edition set: defaulting to the 2015 edition while the latest is 2021\nwarning: /home/abezbm/rust-utgen-test-crates-new/regex/Cargo.toml: no edition set: defaulting to the 2015 edition while the latest is 2021\nwarning: /home/abezbm/rust-utgen-test-crates-new/regex/regex-debug/Cargo.toml: no edition set: defaulting to the 2015 edition while the latest is 2021\n   Compiling proc-macro2 v1.0.95\n   Compiling syn v1.0.109\n   Compiling quote v1.0.40\n   Compiling ntest_timeout v0.9.3\n   Compiling ntest_test_cases v0.9.3\n   Compiling ntest v0.9.3\n   Compiling regex-syntax v0.6.0 (/home/abezbm/rust-utgen-test-crates-new/regex/regex-syntax)\nerror[E0433]: failed to resolve: maybe a missing crate `regex_syntax`?\n    --> regex-syntax/src/hir/translate.rs:2540:9\n     |\n2540 |     use regex_syntax::hir::{HirFrame, ClassSetBinaryOp, ClassSetBinaryOpKind};\n     |         ^^^^^^^^^^^^ maybe a missing crate `regex_syntax`?\n     |\n     = help: consider adding `extern crate regex_syntax` to use the `regex_syntax` crate\n\nerror[E0432]: unresolved import `regex_syntax`\n    --> regex-syntax/src/hir/translate.rs:2541:9\n     |\n2541 |     use regex_syntax::Flags;\n     |         ^^^^^^^^^^^^ maybe a missing crate `regex_syntax`?\n     |\n     = help: consider adding `extern crate regex_syntax` to use the `regex_syntax` crate\n\nerror[E0432]: unresolved import `regex_syntax`\n    --> regex-syntax/src/hir/translate.rs:2542:9\n     |\n2542 |     use regex_syntax::Result;\n     |         ^^^^^^^^^^^^ maybe a missing crate `regex_syntax`?\n     |\n     = help: consider adding `extern crate regex_syntax` to use the `regex_syntax` crate\n\nwarning: `...` range patterns are deprecated\n    --> regex-syntax/src/ast/parse.rs:1445:16\n     |\n1445 |             '0'...'7' => {\n     |                ^^^ help: use `..=` for an inclusive range\n     |\n     = warning: this is accepted in the current edition (Rust 2015) but is a hard error in Rust 2021!\n     = note: for more information, see <https://doc.rust-lang.org/nightly/edition-guide/rust-2021/warnings-promoted-to-error.html>\n     = note: `#[warn(ellipsis_inclusive_range_patterns)]` on by default\n\nwarning: `...` range patterns are deprecated\n    --> regex-syntax/src/ast/parse.rs:1456:16\n     |\n1456 |             '8'...'9' if !self.parser().octal => {\n     |                ^^^ help: use `..=` for an inclusive range\n     |\n     = warning: this is accepted in the current edition (Rust 2015) but is a hard error in Rust 2021!\n     = note: for more information, see <https://doc.rust-lang.org/nightly/edition-guide/rust-2021/warnings-promoted-to-error.html>\n\nwarning: unused import: `Primitive`\n    --> regex-syntax/src/ast/parse.rs:2261:49\n     |\n2261 |     use super::{Parser, ParserI, ParserBuilder, Primitive};\n     |                                                 ^^^^^^^^^\n     |\n     = note: `#[warn(unused_imports)]` on by default\n\nwarning: unused macro definition: `assert_eq`\n    --> regex-syntax/src/ast/parse.rs:2265:18\n     |\n2265 |     macro_rules! assert_eq {\n     |                  ^^^^^^^^^\n     |\n     = note: `#[warn(unused_macros)]` on by default\n\nwarning: unused import: `super::*`\n    --> regex-syntax/src/ast/mod.rs:1482:9\n     |\n1482 |     use super::*;\n     |         ^^^^^^^^\n\nwarning: unused import: `ast::parse::Parser`\n   --> regex-syntax/src/error.rs:288:9\n    |\n288 |     use ast::parse::Parser;\n    |         ^^^^^^^^^^^^^^^^^^\n\nwarning: unused import: `ParserBuilder`\n    --> regex-syntax/src/hir/literal/mod.rs:1004:9\n     |\n1004 |     use ParserBuilder;\n     |         ^^^^^^^^^^^^^\n\nwarning: unused imports: `Position` and `self`\n    --> regex-syntax/src/hir/translate.rs:1094:15\n     |\n1094 |     use ast::{self, Ast, Position, Span};\n     |               ^^^^       ^^^^^^^^\n\nwarning: unused import: `ascii_class`\n    --> regex-syntax/src/hir/translate.rs:1099:36\n     |\n1099 |     use super::{TranslatorBuilder, ascii_class};\n     |                                    ^^^^^^^^^^^\n\nwarning: unused import: `ntest::timeout`\n    --> regex-syntax/src/hir/translate.rs:2536:8\n     |\n2536 |    use ntest::timeout;\n     |        ^^^^^^^^^^^^^^\n\nwarning: unused imports: `contains_simple_case_mapping` and `simple_fold`\n   --> regex-syntax/src/unicode.rs:375:17\n    |\n375 |     use super::{contains_simple_case_mapping, simple_fold};\n    |                 ^^^^^^^^^^^^^^^^^^^^^^^^^^^^  ^^^^^^^^^^^\n\nwarning: `...` range patterns are deprecated\n   --> regex-syntax/src/lib.rs:195:21\n    |\n195 |         b'_' | b'0' ... b'9' | b'a' ... b'z' | b'A' ... b'Z'  => true,\n    |                     ^^^ help: use `..=` for an inclusive range\n    |\n    = warning: this is accepted in the current edition (Rust 2015) but is a hard error in Rust 2021!\n    = note: for more information, see <https://doc.rust-lang.org/nightly/edition-guide/rust-2021/warnings-promoted-to-error.html>\n\nwarning: `...` range patterns are deprecated\n   --> regex-syntax/src/lib.rs:195:37\n    |\n195 |         b'_' | b'0' ... b'9' | b'a' ... b'z' | b'A' ... b'Z'  => true,\n    |                                     ^^^ help: use `..=` for an inclusive range\n    |\n    = warning: this is accepted in the current edition (Rust 2015) but is a hard error in Rust 2021!\n    = note: for more information, see <https://doc.rust-lang.org/nightly/edition-guide/rust-2021/warnings-promoted-to-error.html>\n\nwarning: `...` range patterns are deprecated\n   --> regex-syntax/src/lib.rs:195:53\n    |\n195 |         b'_' | b'0' ... b'9' | b'a' ... b'z' | b'A' ... b'Z'  => true,\n    |                                                     ^^^ help: use `..=` for an inclusive range\n    |\n    = warning: this is accepted in the current edition (Rust 2015) but is a hard error in Rust 2021!\n    = note: for more information, see <https://doc.rust-lang.org/nightly/edition-guide/rust-2021/warnings-promoted-to-error.html>\n\nwarning: unused import: `super::*`\n   --> regex-syntax/src/lib.rs:202:9\n    |\n202 |     use super::*;\n    |         ^^^^^^^^\n\nwarning: use of deprecated method `std::error::Error::description`: use the Display impl or to_string()\n  --> regex-syntax/src/error.rs:45:38\n   |\n45 |             Error::Parse(ref x) => x.description(),\n   |                                      ^^^^^^^^^^^\n   |\n   = note: `#[warn(deprecated)]` on by default\n\nwarning: use of deprecated method `std::error::Error::description`: use the Display impl or to_string()\n  --> regex-syntax/src/error.rs:46:42\n   |\n46 |             Error::Translate(ref x) => x.description(),\n   |                                          ^^^^^^^^^^^\n\nerror[E0599]: no method named `visit_class_set_binary_op_post` found for struct `MockVisitor` in the current scope\n    --> regex-syntax/src/hir/translate.rs:2588:38\n     |\n2544 |     struct MockVisitor {\n     |     ------------------ method `visit_class_set_binary_op_post` not found for this struct\n...\n2588 |     let result: Result<()> = visitor.visit_class_set_binary_op_post(&op);\n     |                                      ^^^^^^^^^^^^^^^^^^^^^^^^^^^^^^ method not found in `MockVisitor`\n     |\n     = help: items from traits can only be used if the trait is implemented and in scope\nnote: `ast::visitor::Visitor` defines an item `visit_class_set_binary_op_post`, perhaps you need to implement it\n    --> regex-syntax/src/ast/visitor.rs:33:1\n     |\n33   | pub trait Visitor {\n     | ^^^^^^^^^^^^^^^^^\n\nwarning: unused import: `super`\n    --> regex-syntax/src/hir/translate.rs:2535:8\n     |\n2535 |    use super::*;\n     |        ^^^^^\n\nwarning: variable does not need to be mutable\n   --> regex-syntax/src/hir/literal/mod.rs:687:17\n    |\n687 |             let mut buf = &mut buf[..i];\n    |                 ----^^^\n    |                 |\n    |                 help: remove this `mut`\n    |\n    = note: `#[warn(unused_mut)]` on by default\n\nSome errors have detailed explanations: E0432, E0433, E0599.\nFor more information about an error, try `rustc --explain E0432`.\nwarning: `regex-syntax` (lib test) generated 19 warnings\nerror: could not compile `regex-syntax` (lib test) due to 4 previous errors; 19 warnings emitted\n"
                }
              ],
              "repaired": [
                false
              ]
            }
          ]
        }
      ]
    },
    {
      "chain_id": 4,
      "prompt_conds": [
        "// constraint: self.flags().unicode() is true\n",
        "// may panic: self.pop().unwrap() may panic in certain situations\n",
        "// may panic: self.pop().unwrap() may panic in certain situations\n",
        "// may panic: self.pop().unwrap() may panic in certain situations\n",
        "// constraint: self.flags().case_insensitive() is false\n",
        "// constraint: op.kind matches SymmetricDifference is true\n",
        "// expected return value/type: Ok(())\n"
      ],
      "input_infer": "",
      "answers": [
        {
          "uses": [
            "use ast::ClassSetBinaryOpKind::*;"
          ],
          "has_test_mod": false,
          "common": [
            "fn test_visit_class_set_binary_op_post() {",
            "    struct MockFlags {",
            "        unicode: bool,",
            "        case_insensitive: bool,",
            "    }",
            "",
            "    impl MockFlags {",
            "        fn unicode(&self) -> bool {",
            "            self.unicode",
            "        }",
            "",
            "        fn case_insensitive(&self) -> bool {",
            "            self.case_insensitive",
            "        }",
            "    }",
            "",
            "    struct MockHirFrame {",
            "        kind: String,",
            "    }",
            "",
            "    struct MockSelf {",
            "        stack: Vec<MockHirFrame>,",
            "        flags: MockFlags,",
            "    }",
            "",
            "    impl MockSelf {",
            "        fn new(flags: MockFlags) -> MockSelf {",
            "            MockSelf {",
            "                stack: Vec::new(),",
            "                flags,",
            "            }",
            "        }",
            "",
            "        fn flags(&self) -> &MockFlags {",
            "            &self.flags",
            "        }",
            "",
            "        fn pop(&mut self) -> Option<MockHirFrame> {",
            "            self.stack.pop()",
            "        }",
            "",
            "        fn push(&mut self, frame: MockHirFrame) {",
            "            self.stack.push(frame);",
            "        }",
            "        ",
            "        fn visit_class_set_binary_op_post(",
            "            &mut self,",
            "            op: &ast::ClassSetBinaryOp,",
            "        ) -> Result<(), String> {",
            "",
            "            if self.flags().unicode() {",
            "                let rhs = self.pop().unwrap();",
            "                let lhs = self.pop().unwrap();",
            "                let cls = self.pop().unwrap();",
            "                if self.flags().case_insensitive() {",
            "                    // implement case folding if necessary",
            "                }",
            "                match op.kind {",
            "                    Intersection => { /* handle intersection */ },",
            "                    Difference => { /* handle difference */ },",
            "                    SymmetricDifference => { /* handle symmetric difference */ },",
            "                }",
            "                self.push(cls); // mock union",
            "            } else {",
            "                // handle byte classes similarly",
            "            }",
            "            Ok(())",
            "        }",
            "    }",
            "",
            "    struct ClassSetBinaryOp {",
            "        kind: ast::ClassSetBinaryOpKind,",
            "    }",
            "",
            "    let mut mock_self = MockSelf::new(MockFlags {",
            "        unicode: true,",
            "        case_insensitive: false,",
            "    });",
            "",
            "    // Prepare mock inputs",
            "    mock_self.push(MockHirFrame { kind: \"class1\".to_string() });",
            "    mock_self.push(MockHirFrame { kind: \"class2\".to_string() });",
            "    mock_self.push(MockHirFrame { kind: \"class3\".to_string() });",
            "",
            "    let op = ClassSetBinaryOp {",
            "        kind: ast::ClassSetBinaryOpKind::SymmetricDifference,",
            "    };",
            "",
            "    let result = mock_self.visit_class_set_binary_op_post(&op);",
            "    assert_eq!(result, Ok(()));",
            "}"
          ],
          "chain_tests": []
        }
      ]
    },
    {
      "chain_id": 6,
      "prompt_conds": [
        "// constraint: self.flags().unicode() is true\n",
        "// may panic: self.pop().unwrap() may panic in certain situations\n",
        "// may panic: self.pop().unwrap() may panic in certain situations\n",
        "// may panic: self.pop().unwrap() may panic in certain situations\n",
        "// constraint: self.flags().case_insensitive() is false\n",
        "// constraint: op.kind matches Intersection is true\n",
        "// constraint: op.kind matches Intersection is true\n",
        "// expected return value/type: Ok(())\n"
      ],
      "input_infer": "",
      "answers": [
        {
          "uses": [],
          "has_test_mod": false,
          "common": [
            "fn test_visit_class_set_binary_op_post_intersection_unicode() {",
            "    struct MockFlags {",
            "        unicode: bool,",
            "        case_insensitive: bool,",
            "    }",
            "",
            "    impl MockFlags {",
            "        fn unicode(&self) -> bool {",
            "            self.unicode",
            "        }",
            "",
            "        fn case_insensitive(&self) -> bool {",
            "            self.case_insensitive",
            "        }",
            "    }",
            "",
            "    struct MockHirFrame {",
            "        // Add necessary fields and methods to simulate ClassUnicode or ClassBytes",
            "    }",
            "",
            "    struct MockVisitor {",
            "        flags: MockFlags,",
            "        frames: Vec<MockHirFrame>, // Stack to simulate pop and push operations",
            "    }",
            "",
            "    impl MockVisitor {",
            "        fn flags(&self) -> &MockFlags {",
            "            &self.flags",
            "        }",
            "",
            "        fn pop(&mut self) -> Option<Result<MockHirFrame, &str>> {",
            "            self.frames.pop().map(|frame| Ok(frame))",
            "        }",
            "",
            "        fn push(&mut self, frame: MockHirFrame) {",
            "            self.frames.push(frame);",
            "        }",
            "    }",
            "",
            "    struct MockClassSetBinaryOp {",
            "        kind: ast::ClassSetBinaryOpKind,",
            "    }",
            "",
            "    let mut visitor = MockVisitor {",
            "        flags: MockFlags { unicode: true, case_insensitive: false },",
            "        frames: vec![",
            "            MockHirFrame {}, // Simulate ClassUnicode",
            "            MockHirFrame {}, // Simulate ClassUnicode",
            "            MockHirFrame {}, // Simulate ClassUnicode",
            "        ],",
            "    };",
            "",
            "    // Create a ClassSetBinaryOp with kind set to Intersection",
            "    let op = MockClassSetBinaryOp {",
            "        kind: ast::ClassSetBinaryOpKind::Intersection,",
            "    };",
            "",
            "    let result = visitor.visit_class_set_binary_op_post(&op);",
            "    assert_eq!(result, Ok(()));",
            "}"
          ],
          "chain_tests": []
        }
      ]
    },
    {
      "chain_id": 8,
      "prompt_conds": [
        "// constraint: self.flags().unicode() is false\n",
        "// may panic: self.pop().unwrap() may panic in certain situations\n",
        "// may panic: self.pop().unwrap() may panic in certain situations\n",
        "// may panic: self.pop().unwrap() may panic in certain situations\n",
        "// constraint: self.flags().case_insensitive() is true\n",
        "// constraint: op.kind matches Difference is true\n",
        "// constraint: op.kind matches Difference is true\n",
        "// expected return value/type: Ok(())\n"
      ],
      "input_infer": "",
      "answers": [
        {
          "uses": [],
          "has_test_mod": false,
          "common": [
            "fn test_visit_class_set_binary_op_post_difference_case_insensitive() {",
            "    // Setup the necessary structures and states for the test",
            "    struct MockFlags {",
            "        unicode: bool,",
            "        case_insensitive: bool,",
            "    }",
            "    ",
            "    impl MockFlags {",
            "        fn unicode(&self) -> bool {",
            "            self.unicode",
            "        }",
            "        ",
            "        fn case_insensitive(&self) -> bool {",
            "            self.case_insensitive",
            "        }",
            "    }",
            "    ",
            "    struct HirFrame {",
            "        // Assuming a struct for class bytes",
            "        class_bytes: Vec<u8>,",
            "    }",
            "    ",
            "    struct TestContext {",
            "        flags: MockFlags,",
            "        stack: Vec<HirFrame>,",
            "    }",
            "    ",
            "    impl TestContext {",
            "        fn new() -> Self {",
            "            TestContext {",
            "                flags: MockFlags {",
            "                    unicode: false,",
            "                    case_insensitive: true,",
            "                },",
            "                stack: Vec::new(),",
            "            }",
            "        }",
            "        ",
            "        fn flags(&self) -> &MockFlags {",
            "            &self.flags",
            "        }",
            "        ",
            "        fn pop(&mut self) -> Option<HirFrame> {",
            "            self.stack.pop()",
            "        }",
            "        ",
            "        fn push(&mut self, frame: HirFrame) {",
            "            self.stack.push(frame);",
            "        }",
            "    }",
            "",
            "    // Define the ClassSetBinaryOp kind to be tested",
            "    struct ClassSetBinaryOp {",
            "        kind: ClassSetBinaryOpKind,",
            "    }",
            "",
            "    enum ClassSetBinaryOpKind {",
            "        Intersection,",
            "        Difference,",
            "        SymmetricDifference,",
            "    }",
            "",
            "    // Initialize context",
            "    let mut context = TestContext::new();",
            "    ",
            "    // Prepare mock data for lhs, rhs, and cls",
            "    context.push(HirFrame { class_bytes: vec![1, 2, 3] }); // lhs",
            "    context.push(HirFrame { class_bytes: vec![2, 3, 4] }); // rhs",
            "    context.push(HirFrame { class_bytes: vec![1, 2, 3, 4] }); // cls",
            "",
            "    // Create the binary operation for Difference",
            "    let op = ClassSetBinaryOp {",
            "        kind: ClassSetBinaryOpKind::Difference,",
            "    };",
            "",
            "    // Call the function and assert the outcome",
            "    let result = visit_class_set_binary_op_post(&mut context, &op);",
            "    ",
            "    // Assert result is Ok(())",
            "    assert!(result.is_ok());",
            "}"
          ],
          "chain_tests": []
        }
      ]
    },
    {
      "chain_id": 10,
      "prompt_conds": [
        "// constraint: self.flags().unicode() is false\n",
        "// may panic: self.pop().unwrap() may panic in certain situations\n",
        "// may panic: self.pop().unwrap() may panic in certain situations\n",
        "// may panic: self.pop().unwrap() may panic in certain situations\n",
        "// constraint: self.flags().case_insensitive() is false\n",
        "// constraint: op.kind matches SymmetricDifference is true\n",
        "// expected return value/type: Ok(())\n"
      ],
      "input_infer": "",
      "answers": [
        {
          "uses": [],
          "has_test_mod": false,
          "common": [],
          "chain_tests": [
            {
              "attrs": [],
              "prefix": [],
              "oracles": [],
              "codes": [
                [
                  "{",
                  "    struct MockFlags {",
                  "        unicode: bool,",
                  "        case_insensitive: bool,",
                  "    }",
                  "",
                  "    impl MockFlags {",
                  "        fn unicode(&self) -> bool {",
                  "            self.unicode",
                  "        }",
                  "",
                  "        fn case_insensitive(&self) -> bool {",
                  "            self.case_insensitive",
                  "        }",
                  "    }",
                  "",
                  "    struct MockHirFrame {",
                  "        kind: String,",
                  "    }",
                  "",
                  "    impl MockHirFrame {",
                  "        fn unwrap_class_bytes(self) -> Self {",
                  "            self",
                  "        }",
                  "",
                  "        fn union(&mut self, _other: &Self) {}",
                  "",
                  "        fn intersect(&mut self, _other: &Self) {}",
                  "",
                  "        fn difference(&mut self, _other: &Self) {}",
                  "",
                  "        fn symmetric_difference(&mut self, _other: &Self) {}",
                  "    }",
                  "",
                  "    struct MockSelf {",
                  "        flags: MockFlags,",
                  "        stack: Vec<MockHirFrame>,",
                  "    }",
                  "",
                  "    impl MockSelf {",
                  "        fn flags(&self) -> &MockFlags {",
                  "            &self.flags",
                  "        }",
                  "",
                  "        fn pop(&mut self) -> Option<Result<MockHirFrame, ()>> {",
                  "            self.stack.pop().map(|v| Ok(v))",
                  "        }",
                  "",
                  "        fn push(&mut self, frame: MockHirFrame) {",
                  "            self.stack.push(frame);",
                  "        }",
                  "    }",
                  "",
                  "    let mut mock_self = MockSelf {",
                  "        flags: MockFlags {",
                  "            unicode: false,",
                  "            case_insensitive: false,",
                  "        },",
                  "        stack: vec![",
                  "            MockHirFrame { kind: String::from(\"class1\") },",
                  "            MockHirFrame { kind: String::from(\"class2\") },",
                  "            MockHirFrame { kind: String::from(\"class3\") },",
                  "        ],",
                  "    };",
                  "",
                  "    let op = ast::ClassSetBinaryOp {",
                  "        kind: ast::ClassSetBinaryOpKind::SymmetricDifference,",
                  "    };",
                  "",
                  "    let result = mock_self.visit_class_set_binary_op_post(&op);",
                  "    assert!(result.is_ok());",
                  "}"
                ]
              ],
              "can_compile": [
                {
                  "Err": "warning: /home/abezbm/rust-utgen-test-crates-new/regex/regex-capi/Cargo.toml: no edition set: defaulting to the 2015 edition while the latest is 2021\nwarning: /home/abezbm/rust-utgen-test-crates-new/regex/regex-debug/Cargo.toml: no edition set: defaulting to the 2015 edition while the latest is 2021\nwarning: /home/abezbm/rust-utgen-test-crates-new/regex/Cargo.toml: no edition set: defaulting to the 2015 edition while the latest is 2021\nwarning: /home/abezbm/rust-utgen-test-crates-new/regex/regex-syntax/Cargo.toml: no edition set: defaulting to the 2015 edition while the latest is 2021\n   Compiling proc-macro2 v1.0.95\n   Compiling syn v1.0.109\n   Compiling quote v1.0.40\n   Compiling ntest_timeout v0.9.3\n   Compiling ntest_test_cases v0.9.3\n   Compiling ntest v0.9.3\n   Compiling regex-syntax v0.6.0 (/home/abezbm/rust-utgen-test-crates-new/regex/regex-syntax)\nwarning: `...` range patterns are deprecated\n    --> regex-syntax/src/ast/parse.rs:1445:16\n     |\n1445 |             '0'...'7' => {\n     |                ^^^ help: use `..=` for an inclusive range\n     |\n     = warning: this is accepted in the current edition (Rust 2015) but is a hard error in Rust 2021!\n     = note: for more information, see <https://doc.rust-lang.org/nightly/edition-guide/rust-2021/warnings-promoted-to-error.html>\n     = note: `#[warn(ellipsis_inclusive_range_patterns)]` on by default\n\nwarning: `...` range patterns are deprecated\n    --> regex-syntax/src/ast/parse.rs:1456:16\n     |\n1456 |             '8'...'9' if !self.parser().octal => {\n     |                ^^^ help: use `..=` for an inclusive range\n     |\n     = warning: this is accepted in the current edition (Rust 2015) but is a hard error in Rust 2021!\n     = note: for more information, see <https://doc.rust-lang.org/nightly/edition-guide/rust-2021/warnings-promoted-to-error.html>\n\nwarning: unused import: `Primitive`\n    --> regex-syntax/src/ast/parse.rs:2261:49\n     |\n2261 |     use super::{Parser, ParserI, ParserBuilder, Primitive};\n     |                                                 ^^^^^^^^^\n     |\n     = note: `#[warn(unused_imports)]` on by default\n\nwarning: unused macro definition: `assert_eq`\n    --> regex-syntax/src/ast/parse.rs:2265:18\n     |\n2265 |     macro_rules! assert_eq {\n     |                  ^^^^^^^^^\n     |\n     = note: `#[warn(unused_macros)]` on by default\n\nwarning: unused import: `super::*`\n    --> regex-syntax/src/ast/mod.rs:1482:9\n     |\n1482 |     use super::*;\n     |         ^^^^^^^^\n\nwarning: unused import: `ast::parse::Parser`\n   --> regex-syntax/src/error.rs:288:9\n    |\n288 |     use ast::parse::Parser;\n    |         ^^^^^^^^^^^^^^^^^^\n\nwarning: unused import: `ParserBuilder`\n    --> regex-syntax/src/hir/literal/mod.rs:1004:9\n     |\n1004 |     use ParserBuilder;\n     |         ^^^^^^^^^^^^^\n\nwarning: unused imports: `Position` and `self`\n    --> regex-syntax/src/hir/translate.rs:1094:15\n     |\n1094 |     use ast::{self, Ast, Position, Span};\n     |               ^^^^       ^^^^^^^^\n\nwarning: unused import: `ascii_class`\n    --> regex-syntax/src/hir/translate.rs:1099:36\n     |\n1099 |     use super::{TranslatorBuilder, ascii_class};\n     |                                    ^^^^^^^^^^^\n\nwarning: unused import: `ntest::timeout`\n    --> regex-syntax/src/hir/translate.rs:2536:8\n     |\n2536 |    use ntest::timeout;\n     |        ^^^^^^^^^^^^^^\n\nwarning: unused imports: `contains_simple_case_mapping` and `simple_fold`\n   --> regex-syntax/src/unicode.rs:375:17\n    |\n375 |     use super::{contains_simple_case_mapping, simple_fold};\n    |                 ^^^^^^^^^^^^^^^^^^^^^^^^^^^^  ^^^^^^^^^^^\n\nwarning: `...` range patterns are deprecated\n   --> regex-syntax/src/lib.rs:195:21\n    |\n195 |         b'_' | b'0' ... b'9' | b'a' ... b'z' | b'A' ... b'Z'  => true,\n    |                     ^^^ help: use `..=` for an inclusive range\n    |\n    = warning: this is accepted in the current edition (Rust 2015) but is a hard error in Rust 2021!\n    = note: for more information, see <https://doc.rust-lang.org/nightly/edition-guide/rust-2021/warnings-promoted-to-error.html>\n\nwarning: `...` range patterns are deprecated\n   --> regex-syntax/src/lib.rs:195:37\n    |\n195 |         b'_' | b'0' ... b'9' | b'a' ... b'z' | b'A' ... b'Z'  => true,\n    |                                     ^^^ help: use `..=` for an inclusive range\n    |\n    = warning: this is accepted in the current edition (Rust 2015) but is a hard error in Rust 2021!\n    = note: for more information, see <https://doc.rust-lang.org/nightly/edition-guide/rust-2021/warnings-promoted-to-error.html>\n\nwarning: `...` range patterns are deprecated\n   --> regex-syntax/src/lib.rs:195:53\n    |\n195 |         b'_' | b'0' ... b'9' | b'a' ... b'z' | b'A' ... b'Z'  => true,\n    |                                                     ^^^ help: use `..=` for an inclusive range\n    |\n    = warning: this is accepted in the current edition (Rust 2015) but is a hard error in Rust 2021!\n    = note: for more information, see <https://doc.rust-lang.org/nightly/edition-guide/rust-2021/warnings-promoted-to-error.html>\n\nwarning: unused import: `super::*`\n   --> regex-syntax/src/lib.rs:202:9\n    |\n202 |     use super::*;\n    |         ^^^^^^^^\n\nerror[E0107]: type alias takes 1 generic argument but 2 generic arguments were supplied\n    --> regex-syntax/src/hir/translate.rs:2583:37\n     |\n2583 |         fn pop(&mut self) -> Option<Result<MockHirFrame, ()>> {\n     |                                     ^^^^^^               -- help: remove this generic argument\n     |                                     |\n     |                                     expected 1 generic argument\n     |\nnote: type alias defined here, with 1 generic parameter: `T`\n    --> regex-syntax/src/hir/translate.rs:22:6\n     |\n22   | type Result<T> = result::Result<T, Error>;\n     |      ^^^^^^ -\n\nwarning: use of deprecated method `std::error::Error::description`: use the Display impl or to_string()\n  --> regex-syntax/src/error.rs:45:38\n   |\n45 |             Error::Parse(ref x) => x.description(),\n   |                                      ^^^^^^^^^^^\n   |\n   = note: `#[warn(deprecated)]` on by default\n\nwarning: use of deprecated method `std::error::Error::description`: use the Display impl or to_string()\n  --> regex-syntax/src/error.rs:46:42\n   |\n46 |             Error::Translate(ref x) => x.description(),\n   |                                          ^^^^^^^^^^^\n\nerror[E0063]: missing fields `lhs`, `rhs` and `span` in initializer of `ClassSetBinaryOp`\n    --> regex-syntax/src/hir/translate.rs:2604:14\n     |\n2604 |     let op = ast::ClassSetBinaryOp {\n     |              ^^^^^^^^^^^^^^^^^^^^^ missing `lhs`, `rhs` and `span`\n\nerror[E0599]: no method named `visit_class_set_binary_op_post` found for struct `MockSelf` in the current scope\n    --> regex-syntax/src/hir/translate.rs:2608:28\n     |\n2573 |     struct MockSelf {\n     |     --------------- method `visit_class_set_binary_op_post` not found for this struct\n...\n2608 |     let result = mock_self.visit_class_set_binary_op_post(&op);\n     |                            ^^^^^^^^^^^^^^^^^^^^^^^^^^^^^^ method not found in `MockSelf`\n     |\n     = help: items from traits can only be used if the trait is implemented and in scope\nnote: `ast::visitor::Visitor` defines an item `visit_class_set_binary_op_post`, perhaps you need to implement it\n    --> regex-syntax/src/ast/visitor.rs:33:1\n     |\n33   | pub trait Visitor {\n     | ^^^^^^^^^^^^^^^^^\n\nwarning: variable does not need to be mutable\n   --> regex-syntax/src/hir/literal/mod.rs:687:17\n    |\n687 |             let mut buf = &mut buf[..i];\n    |                 ----^^^\n    |                 |\n    |                 help: remove this `mut`\n    |\n    = note: `#[warn(unused_mut)]` on by default\n\nSome errors have detailed explanations: E0063, E0107, E0599.\nFor more information about an error, try `rustc --explain E0063`.\nwarning: `regex-syntax` (lib test) generated 18 warnings\nerror: could not compile `regex-syntax` (lib test) due to 3 previous errors; 18 warnings emitted\n"
                }
              ],
              "repaired": [
                false
              ]
            }
          ]
        }
      ]
    },
    {
      "chain_id": 12,
      "prompt_conds": [
        "// constraint: self.flags().unicode() is false\n",
        "// may panic: self.pop().unwrap() may panic in certain situations\n",
        "// may panic: self.pop().unwrap() may panic in certain situations\n",
        "// may panic: self.pop().unwrap() may panic in certain situations\n",
        "// constraint: self.flags().case_insensitive() is false\n",
        "// constraint: op.kind matches Intersection is true\n",
        "// constraint: op.kind matches Intersection is true\n",
        "// expected return value/type: Ok(())\n"
      ],
      "input_infer": "",
      "answers": [
        {
          "uses": [],
          "has_test_mod": false,
          "common": [],
          "chain_tests": [
            {
              "attrs": [],
              "prefix": [],
              "oracles": [],
              "codes": [
                [
                  "{",
                  "    struct Flags {",
                  "        unicode: bool,",
                  "        case_insensitive: bool,",
                  "    }",
                  "",
                  "    struct HirFrame {",
                  "        // Minimal representation for class bytes",
                  "        class_bytes: Vec<u8>,",
                  "    }",
                  "",
                  "    struct MockVisitor {",
                  "        frames: Vec<HirFrame>,",
                  "        flags: Flags,",
                  "    }",
                  "",
                  "    impl MockVisitor {",
                  "        fn new(flags: Flags) -> Self {",
                  "            MockVisitor {",
                  "                frames: Vec::new(),",
                  "                flags,",
                  "            }",
                  "        }",
                  "",
                  "        fn push(&mut self, frame: HirFrame) {",
                  "            self.frames.push(frame);",
                  "        }",
                  "",
                  "        fn pop(&mut self) -> Option<HirFrame> {",
                  "            self.frames.pop()",
                  "        }",
                  "",
                  "        fn flags(&self) -> &Flags {",
                  "            &self.flags",
                  "        }",
                  "    }",
                  "",
                  "    let mut visitor = MockVisitor::new(Flags {",
                  "        unicode: false,",
                  "        case_insensitive: false,",
                  "    });",
                  "",
                  "    visitor.push(HirFrame { class_bytes: vec![1, 2, 3] });",
                  "    visitor.push(HirFrame { class_bytes: vec![2, 3, 4] });",
                  "    visitor.push(HirFrame { class_bytes: vec![0] });",
                  "",
                  "    let op = ast::ClassSetBinaryOp {",
                  "        kind: ast::ClassSetBinaryOpKind::Intersection,",
                  "    };",
                  "",
                  "    let result = visitor.visit_class_set_binary_op_post(&op);",
                  "    assert!(result.is_ok());",
                  "    assert_eq!(visitor.frames.len(), 1);",
                  "    assert_eq!(visitor.frames[0].class_bytes, vec![0, 1, 2, 3, 4]);",
                  "}"
                ]
              ],
              "can_compile": [
                {
                  "Err": "warning: /home/abezbm/rust-utgen-test-crates-new/regex/regex-debug/Cargo.toml: no edition set: defaulting to the 2015 edition while the latest is 2021\nwarning: /home/abezbm/rust-utgen-test-crates-new/regex/regex-syntax/Cargo.toml: no edition set: defaulting to the 2015 edition while the latest is 2021\nwarning: /home/abezbm/rust-utgen-test-crates-new/regex/regex-capi/Cargo.toml: no edition set: defaulting to the 2015 edition while the latest is 2021\nwarning: /home/abezbm/rust-utgen-test-crates-new/regex/Cargo.toml: no edition set: defaulting to the 2015 edition while the latest is 2021\n   Compiling proc-macro2 v1.0.95\n   Compiling syn v1.0.109\n   Compiling quote v1.0.40\n   Compiling ntest_timeout v0.9.3\n   Compiling ntest_test_cases v0.9.3\n   Compiling ntest v0.9.3\n   Compiling regex-syntax v0.6.0 (/home/abezbm/rust-utgen-test-crates-new/regex/regex-syntax)\nwarning: `...` range patterns are deprecated\n    --> regex-syntax/src/ast/parse.rs:1445:16\n     |\n1445 |             '0'...'7' => {\n     |                ^^^ help: use `..=` for an inclusive range\n     |\n     = warning: this is accepted in the current edition (Rust 2015) but is a hard error in Rust 2021!\n     = note: for more information, see <https://doc.rust-lang.org/nightly/edition-guide/rust-2021/warnings-promoted-to-error.html>\n     = note: `#[warn(ellipsis_inclusive_range_patterns)]` on by default\n\nwarning: `...` range patterns are deprecated\n    --> regex-syntax/src/ast/parse.rs:1456:16\n     |\n1456 |             '8'...'9' if !self.parser().octal => {\n     |                ^^^ help: use `..=` for an inclusive range\n     |\n     = warning: this is accepted in the current edition (Rust 2015) but is a hard error in Rust 2021!\n     = note: for more information, see <https://doc.rust-lang.org/nightly/edition-guide/rust-2021/warnings-promoted-to-error.html>\n\nwarning: unused import: `Primitive`\n    --> regex-syntax/src/ast/parse.rs:2261:49\n     |\n2261 |     use super::{Parser, ParserI, ParserBuilder, Primitive};\n     |                                                 ^^^^^^^^^\n     |\n     = note: `#[warn(unused_imports)]` on by default\n\nwarning: unused macro definition: `assert_eq`\n    --> regex-syntax/src/ast/parse.rs:2265:18\n     |\n2265 |     macro_rules! assert_eq {\n     |                  ^^^^^^^^^\n     |\n     = note: `#[warn(unused_macros)]` on by default\n\nwarning: unused import: `super::*`\n    --> regex-syntax/src/ast/mod.rs:1482:9\n     |\n1482 |     use super::*;\n     |         ^^^^^^^^\n\nwarning: unused import: `ast::parse::Parser`\n   --> regex-syntax/src/error.rs:288:9\n    |\n288 |     use ast::parse::Parser;\n    |         ^^^^^^^^^^^^^^^^^^\n\nwarning: unused import: `ParserBuilder`\n    --> regex-syntax/src/hir/literal/mod.rs:1004:9\n     |\n1004 |     use ParserBuilder;\n     |         ^^^^^^^^^^^^^\n\nwarning: unused imports: `Position` and `self`\n    --> regex-syntax/src/hir/translate.rs:1094:15\n     |\n1094 |     use ast::{self, Ast, Position, Span};\n     |               ^^^^       ^^^^^^^^\n\nwarning: unused import: `ascii_class`\n    --> regex-syntax/src/hir/translate.rs:1099:36\n     |\n1099 |     use super::{TranslatorBuilder, ascii_class};\n     |                                    ^^^^^^^^^^^\n\nwarning: unused import: `ntest::timeout`\n    --> regex-syntax/src/hir/translate.rs:2536:8\n     |\n2536 |    use ntest::timeout;\n     |        ^^^^^^^^^^^^^^\n\nwarning: unused imports: `contains_simple_case_mapping` and `simple_fold`\n   --> regex-syntax/src/unicode.rs:375:17\n    |\n375 |     use super::{contains_simple_case_mapping, simple_fold};\n    |                 ^^^^^^^^^^^^^^^^^^^^^^^^^^^^  ^^^^^^^^^^^\n\nwarning: `...` range patterns are deprecated\n   --> regex-syntax/src/lib.rs:195:21\n    |\n195 |         b'_' | b'0' ... b'9' | b'a' ... b'z' | b'A' ... b'Z'  => true,\n    |                     ^^^ help: use `..=` for an inclusive range\n    |\n    = warning: this is accepted in the current edition (Rust 2015) but is a hard error in Rust 2021!\n    = note: for more information, see <https://doc.rust-lang.org/nightly/edition-guide/rust-2021/warnings-promoted-to-error.html>\n\nwarning: `...` range patterns are deprecated\n   --> regex-syntax/src/lib.rs:195:37\n    |\n195 |         b'_' | b'0' ... b'9' | b'a' ... b'z' | b'A' ... b'Z'  => true,\n    |                                     ^^^ help: use `..=` for an inclusive range\n    |\n    = warning: this is accepted in the current edition (Rust 2015) but is a hard error in Rust 2021!\n    = note: for more information, see <https://doc.rust-lang.org/nightly/edition-guide/rust-2021/warnings-promoted-to-error.html>\n\nwarning: `...` range patterns are deprecated\n   --> regex-syntax/src/lib.rs:195:53\n    |\n195 |         b'_' | b'0' ... b'9' | b'a' ... b'z' | b'A' ... b'Z'  => true,\n    |                                                     ^^^ help: use `..=` for an inclusive range\n    |\n    = warning: this is accepted in the current edition (Rust 2015) but is a hard error in Rust 2021!\n    = note: for more information, see <https://doc.rust-lang.org/nightly/edition-guide/rust-2021/warnings-promoted-to-error.html>\n\nwarning: unused import: `super::*`\n   --> regex-syntax/src/lib.rs:202:9\n    |\n202 |     use super::*;\n    |         ^^^^^^^^\n\nwarning: use of deprecated method `std::error::Error::description`: use the Display impl or to_string()\n  --> regex-syntax/src/error.rs:45:38\n   |\n45 |             Error::Parse(ref x) => x.description(),\n   |                                      ^^^^^^^^^^^\n   |\n   = note: `#[warn(deprecated)]` on by default\n\nwarning: use of deprecated method `std::error::Error::description`: use the Display impl or to_string()\n  --> regex-syntax/src/error.rs:46:42\n   |\n46 |             Error::Translate(ref x) => x.description(),\n   |                                          ^^^^^^^^^^^\n\nerror[E0063]: missing fields `lhs`, `rhs` and `span` in initializer of `ClassSetBinaryOp`\n    --> regex-syntax/src/hir/translate.rs:2585:14\n     |\n2585 |     let op = ast::ClassSetBinaryOp {\n     |              ^^^^^^^^^^^^^^^^^^^^^ missing `lhs`, `rhs` and `span`\n\nerror[E0599]: no method named `visit_class_set_binary_op_post` found for struct `MockVisitor` in the current scope\n    --> regex-syntax/src/hir/translate.rs:2589:26\n     |\n2550 |     struct MockVisitor {\n     |     ------------------ method `visit_class_set_binary_op_post` not found for this struct\n...\n2589 |     let result = visitor.visit_class_set_binary_op_post(&op);\n     |                          ^^^^^^^^^^^^^^^^^^^^^^^^^^^^^^ method not found in `MockVisitor`\n     |\n     = help: items from traits can only be used if the trait is implemented and in scope\nnote: `ast::visitor::Visitor` defines an item `visit_class_set_binary_op_post`, perhaps you need to implement it\n    --> regex-syntax/src/ast/visitor.rs:33:1\n     |\n33   | pub trait Visitor {\n     | ^^^^^^^^^^^^^^^^^\n\nwarning: variable does not need to be mutable\n   --> regex-syntax/src/hir/literal/mod.rs:687:17\n    |\n687 |             let mut buf = &mut buf[..i];\n    |                 ----^^^\n    |                 |\n    |                 help: remove this `mut`\n    |\n    = note: `#[warn(unused_mut)]` on by default\n\nSome errors have detailed explanations: E0063, E0599.\nFor more information about an error, try `rustc --explain E0063`.\nwarning: `regex-syntax` (lib test) generated 18 warnings\nerror: could not compile `regex-syntax` (lib test) due to 2 previous errors; 18 warnings emitted\n"
                }
              ],
              "repaired": [
                false
              ]
            }
          ]
        }
      ]
    }
  ]
}