{
  "name": "regex::literal::literal::SingleByteSet::find",
  "name_with_impl": "regex::literal::{impl#3}::find",
  "mod_info": {
    "name": "literal",
    "loc": "src/lib.rs:656:1:656:13"
  },
  "visible": false,
  "loc": "src/literal/mod.rs:383:5:391:6",
  "fn_tests": [
    {
      "chain_id": 1,
      "prompt_conds": [
        "// constraint: self.dense.len() matches 0 is true\n",
        "// constraint: self.dense.len() matches 2 is true\n",
        "// constraint: self.dense.len() matches 3 is true\n",
        "// constraint: self.dense.len() matches 1 is true\n",
        "// constraint: self.dense.len() matches _ is true\n"
      ],
      "input_infer": "",
      "answers": [
        {
          "uses": [],
          "has_test_mod": false,
          "common": [],
          "chain_tests": [
            {
              "attrs": [],
              "prefix": [],
              "oracles": [],
              "codes": [
                [
                  "{",
                  "    struct TestStruct {",
                  "        dense: Vec<u8>,",
                  "    }",
                  "",
                  "    impl TestStruct {",
                  "        fn find(&self, text: &[u8]) -> Option<usize> {",
                  "            match self.dense.len() {",
                  "                0 => None,",
                  "                1 => memchr(self.dense[0], text),",
                  "                2 => memchr2(self.dense[0], self.dense[1], text),",
                  "                3 => memchr3(self.dense[0], self.dense[1], self.dense[2], text),",
                  "                _ => self._find(text),",
                  "            }",
                  "        }",
                  "",
                  "        fn _find(&self, _text: &[u8]) -> Option<usize> {",
                  "            None // Placeholder for the function's behavior for len() > 3",
                  "        }",
                  "    }",
                  "    ",
                  "    let tester = TestStruct { dense: vec![] };",
                  "    assert_eq!(tester.find(b\"test\"), None);",
                  "}"
                ]
              ],
              "can_compile": [
                {
                  "Ok": null
                }
              ],
              "repaired": [
                false
              ]
            },
            {
              "attrs": [],
              "prefix": [],
              "oracles": [],
              "codes": [
                [
                  "{",
                  "    struct TestStruct {",
                  "        dense: Vec<u8>,",
                  "    }",
                  "",
                  "    impl TestStruct {",
                  "        fn find(&self, text: &[u8]) -> Option<usize> {",
                  "            match self.dense.len() {",
                  "                0 => None,",
                  "                1 => memchr(self.dense[0], text),",
                  "                2 => memchr2(self.dense[0], self.dense[1], text),",
                  "                3 => memchr3(self.dense[0], self.dense[1], self.dense[2], text),",
                  "                _ => self._find(text),",
                  "            }",
                  "        }",
                  "",
                  "        fn _find(&self, _text: &[u8]) -> Option<usize> {",
                  "            None // Placeholder for the function's behavior for len() > 3",
                  "        }",
                  "    }",
                  "    ",
                  "    let tester = TestStruct { dense: vec![b'a'] };",
                  "    assert_eq!(tester.find(b\"test\"), None);",
                  "    assert_eq!(tester.find(b\"a\"), Some(0));",
                  "}"
                ]
              ],
              "can_compile": [
                {
                  "Ok": null
                }
              ],
              "repaired": [
                false
              ]
            },
            {
              "attrs": [],
              "prefix": [],
              "oracles": [],
              "codes": [
                [
                  "{",
                  "    struct TestStruct {",
                  "        dense: Vec<u8>,",
                  "    }",
                  "",
                  "    impl TestStruct {",
                  "        fn find(&self, text: &[u8]) -> Option<usize> {",
                  "            match self.dense.len() {",
                  "                0 => None,",
                  "                1 => memchr(self.dense[0], text),",
                  "                2 => memchr2(self.dense[0], self.dense[1], text),",
                  "                3 => memchr3(self.dense[0], self.dense[1], self.dense[2], text),",
                  "                _ => self._find(text),",
                  "            }",
                  "        }",
                  "",
                  "        fn _find(&self, _text: &[u8]) -> Option<usize> {",
                  "            None // Placeholder for the function's behavior for len() > 3",
                  "        }",
                  "    }",
                  "    ",
                  "    let tester = TestStruct { dense: vec![b'a', b'b'] };",
                  "    assert_eq!(tester.find(b\"test\"), None);",
                  "    assert_eq!(tester.find(b\"a\"), Some(0));",
                  "    assert_eq!(tester.find(b\"b\"), Some(1));",
                  "}"
                ]
              ],
              "can_compile": [
                {
                  "Ok": null
                }
              ],
              "repaired": [
                false
              ]
            },
            {
              "attrs": [],
              "prefix": [],
              "oracles": [],
              "codes": [
                [
                  "{",
                  "    struct TestStruct {",
                  "        dense: Vec<u8>,",
                  "    }",
                  "",
                  "    impl TestStruct {",
                  "        fn find(&self, text: &[u8]) -> Option<usize> {",
                  "            match self.dense.len() {",
                  "                0 => None,",
                  "                1 => memchr(self.dense[0], text),",
                  "                2 => memchr2(self.dense[0], self.dense[1], text),",
                  "                3 => memchr3(self.dense[0], self.dense[1], self.dense[2], text),",
                  "                _ => self._find(text),",
                  "            }",
                  "        }",
                  "",
                  "        fn _find(&self, _text: &[u8]) -> Option<usize> {",
                  "            None // Placeholder for the function's behavior for len() > 3",
                  "        }",
                  "    }",
                  "    ",
                  "    let tester = TestStruct { dense: vec![b'a', b'b', b'c'] };",
                  "    assert_eq!(tester.find(b\"test\"), None);",
                  "    assert_eq!(tester.find(b\"a\"), Some(0));",
                  "    assert_eq!(tester.find(b\"b\"), Some(1));",
                  "    assert_eq!(tester.find(b\"c\"), Some(2));",
                  "}"
                ]
              ],
              "can_compile": [
                {
                  "Ok": null
                }
              ],
              "repaired": [
                false
              ]
            },
            {
              "attrs": [],
              "prefix": [],
              "oracles": [],
              "codes": [
                [
                  "{",
                  "    struct TestStruct {",
                  "        dense: Vec<u8>,",
                  "    }",
                  "",
                  "    impl TestStruct {",
                  "        fn find(&self, text: &[u8]) -> Option<usize> {",
                  "            match self.dense.len() {",
                  "                0 => None,",
                  "                1 => memchr(self.dense[0], text),",
                  "                2 => memchr2(self.dense[0], self.dense[1], text),",
                  "                3 => memchr3(self.dense[0], self.dense[1], self.dense[2], text),",
                  "                _ => self._find(text),",
                  "            }",
                  "        }",
                  "",
                  "        fn _find(&self, _text: &[u8]) -> Option<usize> {",
                  "            None // Placeholder for the function's behavior for len() > 3",
                  "        }",
                  "    }",
                  "    ",
                  "    let tester = TestStruct { dense: vec![b'a', b'b', b'c', b'd', b'e'] };",
                  "    assert_eq!(tester.find(b\"test\"), None);",
                  "}"
                ]
              ],
              "can_compile": [
                {
                  "Ok": null
                }
              ],
              "repaired": [
                false
              ]
            }
          ]
        }
      ]
    },
    {
      "chain_id": 2,
      "prompt_conds": [
        "// constraint: self.dense.len() matches 3 is true\n",
        "// constraint: self.dense.len() matches 3 is true\n",
        "// may panic: self.dense[0] may panic in certain situations\n",
        "// may panic: self.dense[1] may panic in certain situations\n",
        "// may panic: self.dense[2] may panic in certain situations\n"
      ],
      "input_infer": "",
      "answers": [
        {
          "uses": [],
          "has_test_mod": false,
          "common": [
            "fn memchr(c: u8, text: &[u8]) -> Option<usize> {",
            "    text.iter().position(|&x| x == c)",
            "}",
            "",
            "fn memchr2(c1: u8, c2: u8, text: &[u8]) -> Option<usize> {",
            "    text.iter().position(|&x| x == c1 || x == c2)",
            "}",
            "",
            "fn memchr3(c1: u8, c2: u8, c3: u8, text: &[u8]) -> Option<usize> {",
            "    text.iter().position(|&x| x == c1 || x == c2 || x == c3)",
            "}",
            "",
            "struct Literal {",
            "    dense: Vec<u8>,",
            "}",
            "",
            "impl Literal {",
            "    fn find(&self, text: &[u8]) -> Option<usize> {",
            "        match self.dense.len() {",
            "            0 => None,",
            "            1 => memchr(self.dense[0], text),",
            "            2 => memchr2(self.dense[0], self.dense[1], text),",
            "            3 => memchr3(self.dense[0], self.dense[1], self.dense[2], text),",
            "            _ => None,  // Handling for other cases if needed",
            "        }",
            "    }",
            "}"
          ],
          "chain_tests": [
            {
              "attrs": [],
              "prefix": [],
              "oracles": [],
              "codes": [
                [
                  "{",
                  "    let literal = Literal { dense: vec![b'a', b'b', b'c'] };",
                  "    let text = b\"hello abc world\";",
                  "    assert_eq!(literal.find(text), Some(6));",
                  "}"
                ]
              ],
              "can_compile": [
                {
                  "Ok": null
                }
              ],
              "repaired": [
                false
              ]
            },
            {
              "attrs": [],
              "prefix": [],
              "oracles": [],
              "codes": [
                [
                  "{",
                  "    let literal = Literal { dense: vec![b'a', b'b', b'c'] };",
                  "    let text = b\"hello ab world\";",
                  "    assert_eq!(literal.find(text), Some(6));",
                  "}"
                ]
              ],
              "can_compile": [
                {
                  "Ok": null
                }
              ],
              "repaired": [
                false
              ]
            },
            {
              "attrs": [],
              "prefix": [],
              "oracles": [],
              "codes": [
                [
                  "{",
                  "    let literal = Literal { dense: vec![b'a', b'b', b'c'] };",
                  "    let text = b\"hello xyz world\";",
                  "    assert_eq!(literal.find(text), None);",
                  "}"
                ]
              ],
              "can_compile": [
                {
                  "Ok": null
                }
              ],
              "repaired": [
                false
              ]
            },
            {
              "attrs": [],
              "prefix": [],
              "oracles": [],
              "codes": [
                [
                  "{",
                  "    let literal = Literal { dense: vec![b'a', b'b', b'c'] };",
                  "    let text: &[u8] = &[];",
                  "    assert_eq!(literal.find(text), None);",
                  "}"
                ]
              ],
              "can_compile": [
                {
                  "Ok": null
                }
              ],
              "repaired": [
                false
              ]
            },
            {
              "attrs": [],
              "prefix": [],
              "oracles": [],
              "codes": [
                [
                  "{",
                  "    let literal = Literal { dense: vec![b'a', b'b', b'c'] };",
                  "    let text = b\"abc world\";",
                  "    assert_eq!(literal.find(text), Some(0));",
                  "}"
                ]
              ],
              "can_compile": [
                {
                  "Ok": null
                }
              ],
              "repaired": [
                false
              ]
            },
            {
              "attrs": [],
              "prefix": [],
              "oracles": [],
              "codes": [
                [
                  "{",
                  "    let literal = Literal { dense: vec![b'a', b'b', b'c'] };",
                  "    let text = b\"abc abc abc\";",
                  "    assert_eq!(literal.find(text), Some(0)); // First match",
                  "}"
                ]
              ],
              "can_compile": [
                {
                  "Ok": null
                }
              ],
              "repaired": [
                false
              ]
            }
          ]
        }
      ]
    },
    {
      "chain_id": 3,
      "prompt_conds": [
        "// constraint: self.dense.len() matches 2 is true\n",
        "// constraint: self.dense.len() matches 2 is true\n",
        "// may panic: self.dense[0] may panic in certain situations\n",
        "// may panic: self.dense[1] may panic in certain situations\n"
      ],
      "input_infer": "",
      "answers": [
        {
          "uses": [],
          "has_test_mod": false,
          "common": [],
          "chain_tests": [
            {
              "attrs": [],
              "prefix": [],
              "oracles": [],
              "codes": [
                [
                  "{",
                  "    struct TestStruct {",
                  "        dense: Vec<u8>,",
                  "    }",
                  "",
                  "    impl TestStruct {",
                  "        fn find(&self, text: &[u8]) -> Option<usize> {",
                  "            match self.dense.len() {",
                  "                0 => None,",
                  "                1 => memchr(self.dense[0], text),",
                  "                2 => memchr2(self.dense[0], self.dense[1], text),",
                  "                3 => memchr3(self.dense[0], self.dense[1], self.dense[2], text),",
                  "                _ => self._find(text),",
                  "            }",
                  "        }",
                  "",
                  "        fn _find(&self, _text: &[u8]) -> Option<usize> {",
                  "            None",
                  "        }",
                  "    }",
                  "",
                  "    fn memchr(c: u8, text: &[u8]) -> Option<usize> {",
                  "        text.iter().position(|&x| x == c)",
                  "    }",
                  "",
                  "    fn memchr2(c0: u8, c1: u8, text: &[u8]) -> Option<usize> {",
                  "        text.iter().position(|&x| x == c0 || x == c1)",
                  "    }",
                  "",
                  "    let tester = TestStruct { dense: vec![b'a', b'b'] };",
                  "",
                  "    // Test: Finding first occurrence of 'a' in text",
                  "    let result = tester.find(b\"abcde\");",
                  "    assert_eq!(result, Some(0));",
                  "",
                  "    // Test: Finding first occurrence of 'b' in text",
                  "    let result = tester.find(b\"cdefab\");",
                  "    assert_eq!(result, Some(5));",
                  "",
                  "    // Test: No occurrences of 'a' or 'b' in text",
                  "    let result = tester.find(b\"xyz\");",
                  "    assert_eq!(result, None);",
                  "",
                  "    // Test: Empty text",
                  "    let result = tester.find(b\"\");",
                  "    assert_eq!(result, None);",
                  "}"
                ]
              ],
              "can_compile": [
                {
                  "Ok": null
                }
              ],
              "repaired": [
                false
              ]
            },
            {
              "attrs": [
                "#[should_panic]"
              ],
              "prefix": [],
              "oracles": [],
              "codes": [
                [
                  "{",
                  "    struct TestStruct {",
                  "        dense: Vec<u8>,",
                  "    }",
                  "",
                  "    impl TestStruct {",
                  "        fn find(&self, text: &[u8]) -> Option<usize> {",
                  "            match self.dense.len() {",
                  "                0 => None,",
                  "                1 => memchr(self.dense[0], text),",
                  "                2 => memchr2(self.dense[0], self.dense[1], text),",
                  "                3 => memchr3(self.dense[0], self.dense[1], self.dense[2], text),",
                  "                _ => self._find(text),",
                  "            }",
                  "        }",
                  "",
                  "        fn _find(&self, _text: &[u8]) -> Option<usize> {",
                  "            None",
                  "        }",
                  "    }",
                  "",
                  "    fn memchr2(c0: u8, c1: u8, text: &[u8]) -> Option<usize> {",
                  "        if c0 == 0 || c1 == 0 {",
                  "            panic!(\"Invalid character: zero byte\");",
                  "        }",
                  "        text.iter().position(|&x| x == c0 || x == c1)",
                  "    }",
                  "",
                  "    let tester = TestStruct { dense: vec![0, b'b'] };",
                  "",
                  "    // This will trigger a panic due to the zero byte",
                  "    tester.find(b\"abcde\");",
                  "}"
                ]
              ],
              "can_compile": [
                {
                  "Ok": null
                }
              ],
              "repaired": [
                false
              ]
            }
          ]
        }
      ]
    },
    {
      "chain_id": 4,
      "prompt_conds": [
        "// constraint: self.dense.len() matches 1 is true\n",
        "// constraint: self.dense.len() matches 1 is true\n",
        "// may panic: self.dense[0] may panic in certain situations\n"
      ],
      "input_infer": "",
      "answers": [
        {
          "uses": [],
          "has_test_mod": false,
          "common": [
            "#[derive(Debug)]",
            "struct TestStruct {",
            "    dense: Vec<u8>,",
            "}",
            "",
            "impl TestStruct {",
            "    fn find(&self, text: &[u8]) -> Option<usize> {",
            "        match self.dense.len() {",
            "            0 => None,",
            "            1 => memchr(self.dense[0], text),",
            "            2 => memchr2(self.dense[0], self.dense[1], text),",
            "            3 => memchr3(self.dense[0], self.dense[1], self.dense[2], text),",
            "            _ => self._find(text),",
            "        }",
            "    }",
            "}"
          ],
          "chain_tests": [
            {
              "attrs": [],
              "prefix": [],
              "oracles": [],
              "codes": [
                [
                  "{",
                  "    let test_struct = TestStruct { dense: vec![b'a'] };",
                  "    let text = b\"abcde\";",
                  "    assert_eq!(test_struct.find(text), Some(0));",
                  "}"
                ]
              ],
              "can_compile": [
                {
                  "Err": "warning: /home/abezbm/rust-utgen-test-crates-new/regex/regex-debug/Cargo.toml: no edition set: defaulting to the 2015 edition while the latest is 2021\nwarning: /home/abezbm/rust-utgen-test-crates-new/regex/Cargo.toml: no edition set: defaulting to the 2015 edition while the latest is 2021\nwarning: /home/abezbm/rust-utgen-test-crates-new/regex/regex-capi/Cargo.toml: no edition set: defaulting to the 2015 edition while the latest is 2021\nwarning: /home/abezbm/rust-utgen-test-crates-new/regex/regex-syntax/Cargo.toml: no edition set: defaulting to the 2015 edition while the latest is 2021\n   Compiling proc-macro2 v1.0.95\n   Compiling syn v1.0.109\n   Compiling libc v0.2.172\n   Compiling regex v1.0.0 (/home/abezbm/rust-utgen-test-crates-new/regex)\n   Compiling quote v1.0.40\n   Compiling rand v0.4.6\n   Compiling quickcheck v0.6.2\n   Compiling ntest_test_cases v0.9.3\n   Compiling ntest_timeout v0.9.3\n   Compiling ntest v0.9.3\n   Compiling regex-syntax v0.6.0 (/home/abezbm/rust-utgen-test-crates-new/regex/regex-syntax)\nwarning: `...` range patterns are deprecated\n    --> regex-syntax/src/ast/parse.rs:1445:16\n     |\n1445 |             '0'...'7' => {\n     |                ^^^ help: use `..=` for an inclusive range\n     |\n     = warning: this is accepted in the current edition (Rust 2015) but is a hard error in Rust 2021!\n     = note: for more information, see <https://doc.rust-lang.org/nightly/edition-guide/rust-2021/warnings-promoted-to-error.html>\n     = note: `#[warn(ellipsis_inclusive_range_patterns)]` on by default\n\nwarning: `...` range patterns are deprecated\n    --> regex-syntax/src/ast/parse.rs:1456:16\n     |\n1456 |             '8'...'9' if !self.parser().octal => {\n     |                ^^^ help: use `..=` for an inclusive range\n     |\n     = warning: this is accepted in the current edition (Rust 2015) but is a hard error in Rust 2021!\n     = note: for more information, see <https://doc.rust-lang.org/nightly/edition-guide/rust-2021/warnings-promoted-to-error.html>\n\nwarning: `...` range patterns are deprecated\n   --> regex-syntax/src/lib.rs:195:21\n    |\n195 |         b'_' | b'0' ... b'9' | b'a' ... b'z' | b'A' ... b'Z'  => true,\n    |                     ^^^ help: use `..=` for an inclusive range\n    |\n    = warning: this is accepted in the current edition (Rust 2015) but is a hard error in Rust 2021!\n    = note: for more information, see <https://doc.rust-lang.org/nightly/edition-guide/rust-2021/warnings-promoted-to-error.html>\n\nwarning: `...` range patterns are deprecated\n   --> regex-syntax/src/lib.rs:195:37\n    |\n195 |         b'_' | b'0' ... b'9' | b'a' ... b'z' | b'A' ... b'Z'  => true,\n    |                                     ^^^ help: use `..=` for an inclusive range\n    |\n    = warning: this is accepted in the current edition (Rust 2015) but is a hard error in Rust 2021!\n    = note: for more information, see <https://doc.rust-lang.org/nightly/edition-guide/rust-2021/warnings-promoted-to-error.html>\n\nwarning: `...` range patterns are deprecated\n   --> regex-syntax/src/lib.rs:195:53\n    |\n195 |         b'_' | b'0' ... b'9' | b'a' ... b'z' | b'A' ... b'Z'  => true,\n    |                                                     ^^^ help: use `..=` for an inclusive range\n    |\n    = warning: this is accepted in the current edition (Rust 2015) but is a hard error in Rust 2021!\n    = note: for more information, see <https://doc.rust-lang.org/nightly/edition-guide/rust-2021/warnings-promoted-to-error.html>\n\nwarning: use of deprecated method `std::error::Error::description`: use the Display impl or to_string()\n  --> regex-syntax/src/error.rs:45:38\n   |\n45 |             Error::Parse(ref x) => x.description(),\n   |                                      ^^^^^^^^^^^\n   |\n   = note: `#[warn(deprecated)]` on by default\n\nwarning: use of deprecated method `std::error::Error::description`: use the Display impl or to_string()\n  --> regex-syntax/src/error.rs:46:42\n   |\n46 |             Error::Translate(ref x) => x.description(),\n   |                                          ^^^^^^^^^^^\n\nwarning: variable does not need to be mutable\n   --> regex-syntax/src/hir/literal/mod.rs:687:17\n    |\n687 |             let mut buf = &mut buf[..i];\n    |                 ----^^^\n    |                 |\n    |                 help: remove this `mut`\n    |\n    = note: `#[warn(unused_mut)]` on by default\n\nwarning: field `printer` is never read\n  --> regex-syntax/src/ast/print.rs:80:5\n   |\n79 | struct Writer<'p, W> {\n   |        ------ field in this struct\n80 |     printer: &'p mut Printer,\n   |     ^^^^^^^\n   |\n   = note: `Writer` has a derived impl for the trait `Debug`, but this is intentionally ignored during dead code analysis\n   = note: `#[warn(dead_code)]` on by default\n\nwarning: method `symmetric_difference` is never used\n   --> regex-syntax/src/hir/interval.rs:411:8\n    |\n326 | pub trait Interval:\n    |           -------- method in this trait\n...\n411 |     fn symmetric_difference(\n    |        ^^^^^^^^^^^^^^^^^^^^\n\nwarning: field `printer` is never read\n  --> regex-syntax/src/hir/print.rs:78:5\n   |\n77 | struct Writer<'p, W> {\n   |        ------ field in this struct\n78 |     printer: &'p mut Printer,\n   |     ^^^^^^^\n   |\n   = note: `Writer` has a derived impl for the trait `Debug`, but this is intentionally ignored during dead code analysis\n\nwarning: call to `.borrow()` on a reference in this situation does nothing\n   --> regex-syntax/src/ast/parse.rs:386:21\n    |\n386 |         self.pattern.borrow()\n    |                     ^^^^^^^^^ help: remove this redundant call\n    |\n    = note: the type `str` does not implement `Borrow`, so calling `borrow` on `&str` copies the reference, which does not do anything and can be removed\n    = note: `#[warn(noop_method_call)]` on by default\n\nwarning: `regex-syntax` (lib) generated 12 warnings (run `cargo fix --lib -p regex-syntax` to apply 7 suggestions)\nwarning: `...` range patterns are deprecated\n  --> src/utf8.rs:59:21\n   |\n59 |         0b110_00000 ... 0b110_11111 => {\n   |                     ^^^ help: use `..=` for an inclusive range\n   |\n   = warning: this is accepted in the current edition (Rust 2015) but is a hard error in Rust 2021!\n   = note: for more information, see <https://doc.rust-lang.org/nightly/edition-guide/rust-2021/warnings-promoted-to-error.html>\n   = note: `#[warn(ellipsis_inclusive_range_patterns)]` on by default\n\nwarning: `...` range patterns are deprecated\n  --> src/utf8.rs:70:22\n   |\n70 |                 0x80 ... 0x7FF => char::from_u32(cp).map(|cp| (cp, 2)),\n   |                      ^^^ help: use `..=` for an inclusive range\n   |\n   = warning: this is accepted in the current edition (Rust 2015) but is a hard error in Rust 2021!\n   = note: for more information, see <https://doc.rust-lang.org/nightly/edition-guide/rust-2021/warnings-promoted-to-error.html>\n\nwarning: `...` range patterns are deprecated\n  --> src/utf8.rs:74:21\n   |\n74 |         0b1110_0000 ... 0b1110_1111 => {\n   |                     ^^^ help: use `..=` for an inclusive range\n   |\n   = warning: this is accepted in the current edition (Rust 2015) but is a hard error in Rust 2021!\n   = note: for more information, see <https://doc.rust-lang.org/nightly/edition-guide/rust-2021/warnings-promoted-to-error.html>\n\nwarning: `...` range patterns are deprecated\n  --> src/utf8.rs:90:23\n   |\n90 |                 0x800 ... 0xFFFF => char::from_u32(cp).map(|cp| (cp, 3)),\n   |                       ^^^ help: use `..=` for an inclusive range\n   |\n   = warning: this is accepted in the current edition (Rust 2015) but is a hard error in Rust 2021!\n   = note: for more information, see <https://doc.rust-lang.org/nightly/edition-guide/rust-2021/warnings-promoted-to-error.html>\n\nwarning: `...` range patterns are deprecated\n  --> src/utf8.rs:94:21\n   |\n94 |         0b11110_000 ... 0b11110_111 => {\n   |                     ^^^ help: use `..=` for an inclusive range\n   |\n   = warning: this is accepted in the current edition (Rust 2015) but is a hard error in Rust 2021!\n   = note: for more information, see <https://doc.rust-lang.org/nightly/edition-guide/rust-2021/warnings-promoted-to-error.html>\n\nwarning: `...` range patterns are deprecated\n   --> src/utf8.rs:113:25\n    |\n113 |                 0x10000 ... 0x10FFFF => char::from_u32(cp).map(|cp| (cp, 4)),\n    |                         ^^^ help: use `..=` for an inclusive range\n    |\n    = warning: this is accepted in the current edition (Rust 2015) but is a hard error in Rust 2021!\n    = note: for more information, see <https://doc.rust-lang.org/nightly/edition-guide/rust-2021/warnings-promoted-to-error.html>\n\nwarning: unused import: `std::str`\n   --> src/utf8.rs:150:9\n    |\n150 |     use std::str;\n    |         ^^^^^^^^\n    |\n    = note: `#[warn(unused_imports)]` on by default\n\nwarning: unused import: `quickcheck::quickcheck`\n   --> src/utf8.rs:152:9\n    |\n152 |     use quickcheck::quickcheck;\n    |         ^^^^^^^^^^^^^^^^^^^^^^\n\nwarning: unused imports: `TAG_CONT`, `TAG_FOUR`, `TAG_THREE`, `TAG_TWO`, `decode_last_utf8`, and `decode_utf8`\n   --> src/utf8.rs:155:9\n    |\n155 |         TAG_CONT, TAG_TWO, TAG_THREE, TAG_FOUR,\n    |         ^^^^^^^^  ^^^^^^^  ^^^^^^^^^  ^^^^^^^^\n156 |         decode_utf8, decode_last_utf8,\n    |         ^^^^^^^^^^^  ^^^^^^^^^^^^^^^^\n\nwarning: unused import: `super::ByteClassSet`\n    --> src/compile.rs:1110:9\n     |\n1110 |     use super::ByteClassSet;\n     |         ^^^^^^^^^^^^^^^^^^^\n\nwarning: `...` range patterns are deprecated\n    --> src/dfa.rs:1695:17\n     |\n1695 |             b'A'...b'Z' | b'a'...b'z' | b'0'...b'9' | b'_' => true,\n     |                 ^^^ help: use `..=` for an inclusive range\n     |\n     = warning: this is accepted in the current edition (Rust 2015) but is a hard error in Rust 2021!\n     = note: for more information, see <https://doc.rust-lang.org/nightly/edition-guide/rust-2021/warnings-promoted-to-error.html>\n\nwarning: `...` range patterns are deprecated\n    --> src/dfa.rs:1695:31\n     |\n1695 |             b'A'...b'Z' | b'a'...b'z' | b'0'...b'9' | b'_' => true,\n     |                               ^^^ help: use `..=` for an inclusive range\n     |\n     = warning: this is accepted in the current edition (Rust 2015) but is a hard error in Rust 2021!\n     = note: for more information, see <https://doc.rust-lang.org/nightly/edition-guide/rust-2021/warnings-promoted-to-error.html>\n\nwarning: `...` range patterns are deprecated\n    --> src/dfa.rs:1695:45\n     |\n1695 |             b'A'...b'Z' | b'a'...b'z' | b'0'...b'9' | b'_' => true,\n     |                                             ^^^ help: use `..=` for an inclusive range\n     |\n     = warning: this is accepted in the current edition (Rust 2015) but is a hard error in Rust 2021!\n     = note: for more information, see <https://doc.rust-lang.org/nightly/edition-guide/rust-2021/warnings-promoted-to-error.html>\n\nwarning: unused imports: `QuickCheck`, `StdGen`, and `quickcheck`\n    --> src/dfa.rs:1847:22\n     |\n1847 |     use quickcheck::{QuickCheck, StdGen, quickcheck};\n     |                      ^^^^^^^^^^  ^^^^^^  ^^^^^^^^^^\n\nwarning: unused imports: `StateFlags`, `State`, `push_inst_ptr`, `read_vari32`, `read_varu32`, `write_vari32`, and `write_varu32`\n    --> src/dfa.rs:1849:9\n     |\n1849 |         StateFlags, State, push_inst_ptr,\n     |         ^^^^^^^^^^  ^^^^^  ^^^^^^^^^^^^^\n1850 |         write_varu32, read_varu32, write_vari32, read_vari32,\n     |         ^^^^^^^^^^^^  ^^^^^^^^^^^  ^^^^^^^^^^^^  ^^^^^^^^^^^\n\nwarning: `...` range patterns are deprecated\n   --> src/expand.rs:172:14\n    |\n172 |         b'0' ... b'9' | b'a' ... b'z' | b'A' ... b'Z' | b'_' => true,\n    |              ^^^ help: use `..=` for an inclusive range\n    |\n    = warning: this is accepted in the current edition (Rust 2015) but is a hard error in Rust 2021!\n    = note: for more information, see <https://doc.rust-lang.org/nightly/edition-guide/rust-2021/warnings-promoted-to-error.html>\n\nwarning: `...` range patterns are deprecated\n   --> src/expand.rs:172:30\n    |\n172 |         b'0' ... b'9' | b'a' ... b'z' | b'A' ... b'Z' | b'_' => true,\n    |                              ^^^ help: use `..=` for an inclusive range\n    |\n    = warning: this is accepted in the current edition (Rust 2015) but is a hard error in Rust 2021!\n    = note: for more information, see <https://doc.rust-lang.org/nightly/edition-guide/rust-2021/warnings-promoted-to-error.html>\n\nwarning: `...` range patterns are deprecated\n   --> src/expand.rs:172:46\n    |\n172 |         b'0' ... b'9' | b'a' ... b'z' | b'A' ... b'Z' | b'_' => true,\n    |                                              ^^^ help: use `..=` for an inclusive range\n    |\n    = warning: this is accepted in the current edition (Rust 2015) but is a hard error in Rust 2021!\n    = note: for more information, see <https://doc.rust-lang.org/nightly/edition-guide/rust-2021/warnings-promoted-to-error.html>\n\nwarning: unused imports: `CaptureRef` and `find_cap_ref`\n   --> src/expand.rs:179:17\n    |\n179 |     use super::{CaptureRef, find_cap_ref};\n    |                 ^^^^^^^^^^  ^^^^^^^^^^^^\n\nwarning: unused macro definition: `find`\n   --> src/expand.rs:181:18\n    |\n181 |     macro_rules! find {\n    |                  ^^^^\n    |\n    = note: `#[warn(unused_macros)]` on by default\n\nwarning: unused macro definition: `c`\n   --> src/expand.rs:196:18\n    |\n196 |     macro_rules! c {\n    |                  ^\n\nwarning: unexpected `cfg` condition name: `regex_runtime_teddy_avx2`\n --> src/literal/teddy_avx2/mod.rs:5:5\n  |\n5 |     regex_runtime_teddy_avx2,\n  |     ^^^^^^^^^^^^^^^^^^^^^^^^\n  |\n  = help: expected names are: `clippy`, `debug_assertions`, `doc`, `docsrs`, `doctest`, `feature`, `miri`, `overflow_checks`, `panic`, `proc_macro`, `relocation_model`, `rustfmt`, `sanitize`, `sanitizer_cfi_generalize_pointers`, `sanitizer_cfi_normalize_integers`, `target_abi`, `target_arch`, `target_endian`, `target_env`, `target_family`, `target_feature`, `target_has_atomic`, `target_has_atomic_equal_alignment`, `target_has_atomic_load_store`, `target_os`, `target_pointer_width`, `target_thread_local`, `target_vendor`, `test`, `ub_checks`, `unix`, and `windows`\n  = help: consider using a Cargo feature instead\n  = help: or consider adding in `Cargo.toml` the `check-cfg` lint config for the lint:\n           [lints.rust]\n           unexpected_cfgs = { level = \"warn\", check-cfg = ['cfg(regex_runtime_teddy_avx2)'] }\n  = help: or consider adding `println!(\"cargo::rustc-check-cfg=cfg(regex_runtime_teddy_avx2)\");` to the top of the `build.rs`\n  = note: see <https://doc.rust-lang.org/nightly/rustc/check-cfg/cargo-specifics.html> for more information about checking conditional configuration\n  = note: `#[warn(unexpected_cfgs)]` on by default\n\nwarning: unexpected `cfg` condition name: `regex_runtime_teddy_avx2`\n  --> src/literal/teddy_avx2/mod.rs:12:5\n   |\n12 |     regex_runtime_teddy_avx2,\n   |     ^^^^^^^^^^^^^^^^^^^^^^^^\n   |\n   = help: consider using a Cargo feature instead\n   = help: or consider adding in `Cargo.toml` the `check-cfg` lint config for the lint:\n            [lints.rust]\n            unexpected_cfgs = { level = \"warn\", check-cfg = ['cfg(regex_runtime_teddy_avx2)'] }\n   = help: or consider adding `println!(\"cargo::rustc-check-cfg=cfg(regex_runtime_teddy_avx2)\");` to the top of the `build.rs`\n   = note: see <https://doc.rust-lang.org/nightly/rustc/check-cfg/cargo-specifics.html> for more information about checking conditional configuration\n\nwarning: unexpected `cfg` condition name: `regex_runtime_teddy_ssse3`\n --> src/literal/teddy_ssse3/mod.rs:5:5\n  |\n5 |     regex_runtime_teddy_ssse3,\n  |     ^^^^^^^^^^^^^^^^^^^^^^^^^\n  |\n  = help: consider using a Cargo feature instead\n  = help: or consider adding in `Cargo.toml` the `check-cfg` lint config for the lint:\n           [lints.rust]\n           unexpected_cfgs = { level = \"warn\", check-cfg = ['cfg(regex_runtime_teddy_ssse3)'] }\n  = help: or consider adding `println!(\"cargo::rustc-check-cfg=cfg(regex_runtime_teddy_ssse3)\");` to the top of the `build.rs`\n  = note: see <https://doc.rust-lang.org/nightly/rustc/check-cfg/cargo-specifics.html> for more information about checking conditional configuration\n\nwarning: unexpected `cfg` condition name: `regex_runtime_teddy_ssse3`\n  --> src/literal/teddy_ssse3/mod.rs:12:5\n   |\n12 |     regex_runtime_teddy_ssse3,\n   |     ^^^^^^^^^^^^^^^^^^^^^^^^^\n   |\n   = help: consider using a Cargo feature instead\n   = help: or consider adding in `Cargo.toml` the `check-cfg` lint config for the lint:\n            [lints.rust]\n            unexpected_cfgs = { level = \"warn\", check-cfg = ['cfg(regex_runtime_teddy_ssse3)'] }\n   = help: or consider adding `println!(\"cargo::rustc-check-cfg=cfg(regex_runtime_teddy_ssse3)\");` to the top of the `build.rs`\n   = note: see <https://doc.rust-lang.org/nightly/rustc/check-cfg/cargo-specifics.html> for more information about checking conditional configuration\n\nwarning: unused imports: `BoyerMooreSearch` and `FreqyPacked`\n   --> src/literal/mod.rs:902:17\n    |\n902 |     use super::{BoyerMooreSearch, FreqyPacked};\n    |                 ^^^^^^^^^^^^^^^^  ^^^^^^^^^^^\n\nwarning: unused import: `quickcheck::TestResult`\n    --> src/literal/mod.rs:1004:9\n     |\n1004 |     use quickcheck::TestResult;\n     |         ^^^^^^^^^^^^^^^^^^^^^^\n\nwarning: unused import: `ntest::timeout`\n    --> src/literal/mod.rs:1145:8\n     |\n1145 |    use ntest::timeout;\n     |        ^^^^^^^^^^^^^^\n\nwarning: trait objects without an explicit `dyn` are deprecated\n  --> src/error.rs:40:32\n   |\n40 |     fn cause(&self) -> Option<&::std::error::Error> {\n   |                                ^^^^^^^^^^^^^^^^^^^\n   |\n   = warning: this is accepted in the current edition (Rust 2015) but is a hard error in Rust 2021!\n   = note: for more information, see <https://doc.rust-lang.org/nightly/edition-guide/rust-2021/warnings-promoted-to-error.html>\n   = note: `#[warn(bare_trait_objects)]` on by default\nhelp: if this is an object-safe trait, use `dyn`\n   |\n40 |     fn cause(&self) -> Option<&dyn (::std::error::Error)> {\n   |                                +++++                   +\n\nwarning: trait objects without an explicit `dyn` are deprecated\n   --> src/compile.rs:400:28\n    |\n400 |         let mut chars: Box<Iterator<Item=&char>> =\n    |                            ^^^^^^^^^^^^^^^^^^^^\n    |\n    = warning: this is accepted in the current edition (Rust 2015) but is a hard error in Rust 2021!\n    = note: for more information, see <https://doc.rust-lang.org/nightly/edition-guide/rust-2021/warnings-promoted-to-error.html>\nhelp: if this is an object-safe trait, use `dyn`\n    |\n400 |         let mut chars: Box<dyn Iterator<Item=&char>> =\n    |                            +++\n\nwarning: trait objects without an explicit `dyn` are deprecated\n   --> src/compile.rs:441:28\n    |\n441 |         let mut bytes: Box<Iterator<Item=&u8>> =\n    |                            ^^^^^^^^^^^^^^^^^^\n    |\n    = warning: this is accepted in the current edition (Rust 2015) but is a hard error in Rust 2021!\n    = note: for more information, see <https://doc.rust-lang.org/nightly/edition-guide/rust-2021/warnings-promoted-to-error.html>\nhelp: if this is an object-safe trait, use `dyn`\n    |\n441 |         let mut bytes: Box<dyn Iterator<Item=&u8>> =\n    |                            +++\n\nerror[E0599]: no method named `_find` found for reference `&TestStruct` in the current scope\n    --> src/literal/mod.rs:1158:23\n     |\n1158 |             _ => self._find(text),\n     |                       ^^^^^\n     |\nhelp: there is a method `find` with a similar name\n     |\n1158 |             _ => self.find(text),\n     |                       ~~~~\n\nFor more information about this error, try `rustc --explain E0599`.\nwarning: `regex` (lib test) generated 31 warnings\nerror: could not compile `regex` (lib test) due to 1 previous error; 31 warnings emitted\n"
                }
              ],
              "repaired": [
                false
              ]
            },
            {
              "attrs": [],
              "prefix": [],
              "oracles": [],
              "codes": [
                [
                  "{",
                  "    let test_struct = TestStruct { dense: vec![b'z'] };",
                  "    let text = b\"abcde\";",
                  "    assert_eq!(test_struct.find(text), None);",
                  "}"
                ]
              ],
              "can_compile": [
                {
                  "Err": "warning: /home/abezbm/rust-utgen-test-crates-new/regex/regex-capi/Cargo.toml: no edition set: defaulting to the 2015 edition while the latest is 2021\nwarning: /home/abezbm/rust-utgen-test-crates-new/regex/regex-debug/Cargo.toml: no edition set: defaulting to the 2015 edition while the latest is 2021\nwarning: /home/abezbm/rust-utgen-test-crates-new/regex/Cargo.toml: no edition set: defaulting to the 2015 edition while the latest is 2021\nwarning: /home/abezbm/rust-utgen-test-crates-new/regex/regex-syntax/Cargo.toml: no edition set: defaulting to the 2015 edition while the latest is 2021\n   Compiling proc-macro2 v1.0.95\n   Compiling syn v1.0.109\n   Compiling libc v0.2.172\n   Compiling regex v1.0.0 (/home/abezbm/rust-utgen-test-crates-new/regex)\n   Compiling quote v1.0.40\n   Compiling rand v0.4.6\n   Compiling quickcheck v0.6.2\n   Compiling ntest_test_cases v0.9.3\n   Compiling ntest_timeout v0.9.3\n   Compiling ntest v0.9.3\n   Compiling regex-syntax v0.6.0 (/home/abezbm/rust-utgen-test-crates-new/regex/regex-syntax)\nwarning: `...` range patterns are deprecated\n    --> regex-syntax/src/ast/parse.rs:1445:16\n     |\n1445 |             '0'...'7' => {\n     |                ^^^ help: use `..=` for an inclusive range\n     |\n     = warning: this is accepted in the current edition (Rust 2015) but is a hard error in Rust 2021!\n     = note: for more information, see <https://doc.rust-lang.org/nightly/edition-guide/rust-2021/warnings-promoted-to-error.html>\n     = note: `#[warn(ellipsis_inclusive_range_patterns)]` on by default\n\nwarning: `...` range patterns are deprecated\n    --> regex-syntax/src/ast/parse.rs:1456:16\n     |\n1456 |             '8'...'9' if !self.parser().octal => {\n     |                ^^^ help: use `..=` for an inclusive range\n     |\n     = warning: this is accepted in the current edition (Rust 2015) but is a hard error in Rust 2021!\n     = note: for more information, see <https://doc.rust-lang.org/nightly/edition-guide/rust-2021/warnings-promoted-to-error.html>\n\nwarning: `...` range patterns are deprecated\n   --> regex-syntax/src/lib.rs:195:21\n    |\n195 |         b'_' | b'0' ... b'9' | b'a' ... b'z' | b'A' ... b'Z'  => true,\n    |                     ^^^ help: use `..=` for an inclusive range\n    |\n    = warning: this is accepted in the current edition (Rust 2015) but is a hard error in Rust 2021!\n    = note: for more information, see <https://doc.rust-lang.org/nightly/edition-guide/rust-2021/warnings-promoted-to-error.html>\n\nwarning: `...` range patterns are deprecated\n   --> regex-syntax/src/lib.rs:195:37\n    |\n195 |         b'_' | b'0' ... b'9' | b'a' ... b'z' | b'A' ... b'Z'  => true,\n    |                                     ^^^ help: use `..=` for an inclusive range\n    |\n    = warning: this is accepted in the current edition (Rust 2015) but is a hard error in Rust 2021!\n    = note: for more information, see <https://doc.rust-lang.org/nightly/edition-guide/rust-2021/warnings-promoted-to-error.html>\n\nwarning: `...` range patterns are deprecated\n   --> regex-syntax/src/lib.rs:195:53\n    |\n195 |         b'_' | b'0' ... b'9' | b'a' ... b'z' | b'A' ... b'Z'  => true,\n    |                                                     ^^^ help: use `..=` for an inclusive range\n    |\n    = warning: this is accepted in the current edition (Rust 2015) but is a hard error in Rust 2021!\n    = note: for more information, see <https://doc.rust-lang.org/nightly/edition-guide/rust-2021/warnings-promoted-to-error.html>\n\nwarning: use of deprecated method `std::error::Error::description`: use the Display impl or to_string()\n  --> regex-syntax/src/error.rs:45:38\n   |\n45 |             Error::Parse(ref x) => x.description(),\n   |                                      ^^^^^^^^^^^\n   |\n   = note: `#[warn(deprecated)]` on by default\n\nwarning: use of deprecated method `std::error::Error::description`: use the Display impl or to_string()\n  --> regex-syntax/src/error.rs:46:42\n   |\n46 |             Error::Translate(ref x) => x.description(),\n   |                                          ^^^^^^^^^^^\n\nwarning: variable does not need to be mutable\n   --> regex-syntax/src/hir/literal/mod.rs:687:17\n    |\n687 |             let mut buf = &mut buf[..i];\n    |                 ----^^^\n    |                 |\n    |                 help: remove this `mut`\n    |\n    = note: `#[warn(unused_mut)]` on by default\n\nwarning: field `printer` is never read\n  --> regex-syntax/src/ast/print.rs:80:5\n   |\n79 | struct Writer<'p, W> {\n   |        ------ field in this struct\n80 |     printer: &'p mut Printer,\n   |     ^^^^^^^\n   |\n   = note: `Writer` has a derived impl for the trait `Debug`, but this is intentionally ignored during dead code analysis\n   = note: `#[warn(dead_code)]` on by default\n\nwarning: method `symmetric_difference` is never used\n   --> regex-syntax/src/hir/interval.rs:411:8\n    |\n326 | pub trait Interval:\n    |           -------- method in this trait\n...\n411 |     fn symmetric_difference(\n    |        ^^^^^^^^^^^^^^^^^^^^\n\nwarning: field `printer` is never read\n  --> regex-syntax/src/hir/print.rs:78:5\n   |\n77 | struct Writer<'p, W> {\n   |        ------ field in this struct\n78 |     printer: &'p mut Printer,\n   |     ^^^^^^^\n   |\n   = note: `Writer` has a derived impl for the trait `Debug`, but this is intentionally ignored during dead code analysis\n\nwarning: call to `.borrow()` on a reference in this situation does nothing\n   --> regex-syntax/src/ast/parse.rs:386:21\n    |\n386 |         self.pattern.borrow()\n    |                     ^^^^^^^^^ help: remove this redundant call\n    |\n    = note: the type `str` does not implement `Borrow`, so calling `borrow` on `&str` copies the reference, which does not do anything and can be removed\n    = note: `#[warn(noop_method_call)]` on by default\n\nwarning: `regex-syntax` (lib) generated 12 warnings (run `cargo fix --lib -p regex-syntax` to apply 7 suggestions)\nwarning: `...` range patterns are deprecated\n  --> src/utf8.rs:59:21\n   |\n59 |         0b110_00000 ... 0b110_11111 => {\n   |                     ^^^ help: use `..=` for an inclusive range\n   |\n   = warning: this is accepted in the current edition (Rust 2015) but is a hard error in Rust 2021!\n   = note: for more information, see <https://doc.rust-lang.org/nightly/edition-guide/rust-2021/warnings-promoted-to-error.html>\n   = note: `#[warn(ellipsis_inclusive_range_patterns)]` on by default\n\nwarning: `...` range patterns are deprecated\n  --> src/utf8.rs:70:22\n   |\n70 |                 0x80 ... 0x7FF => char::from_u32(cp).map(|cp| (cp, 2)),\n   |                      ^^^ help: use `..=` for an inclusive range\n   |\n   = warning: this is accepted in the current edition (Rust 2015) but is a hard error in Rust 2021!\n   = note: for more information, see <https://doc.rust-lang.org/nightly/edition-guide/rust-2021/warnings-promoted-to-error.html>\n\nwarning: `...` range patterns are deprecated\n  --> src/utf8.rs:74:21\n   |\n74 |         0b1110_0000 ... 0b1110_1111 => {\n   |                     ^^^ help: use `..=` for an inclusive range\n   |\n   = warning: this is accepted in the current edition (Rust 2015) but is a hard error in Rust 2021!\n   = note: for more information, see <https://doc.rust-lang.org/nightly/edition-guide/rust-2021/warnings-promoted-to-error.html>\n\nwarning: `...` range patterns are deprecated\n  --> src/utf8.rs:90:23\n   |\n90 |                 0x800 ... 0xFFFF => char::from_u32(cp).map(|cp| (cp, 3)),\n   |                       ^^^ help: use `..=` for an inclusive range\n   |\n   = warning: this is accepted in the current edition (Rust 2015) but is a hard error in Rust 2021!\n   = note: for more information, see <https://doc.rust-lang.org/nightly/edition-guide/rust-2021/warnings-promoted-to-error.html>\n\nwarning: `...` range patterns are deprecated\n  --> src/utf8.rs:94:21\n   |\n94 |         0b11110_000 ... 0b11110_111 => {\n   |                     ^^^ help: use `..=` for an inclusive range\n   |\n   = warning: this is accepted in the current edition (Rust 2015) but is a hard error in Rust 2021!\n   = note: for more information, see <https://doc.rust-lang.org/nightly/edition-guide/rust-2021/warnings-promoted-to-error.html>\n\nwarning: `...` range patterns are deprecated\n   --> src/utf8.rs:113:25\n    |\n113 |                 0x10000 ... 0x10FFFF => char::from_u32(cp).map(|cp| (cp, 4)),\n    |                         ^^^ help: use `..=` for an inclusive range\n    |\n    = warning: this is accepted in the current edition (Rust 2015) but is a hard error in Rust 2021!\n    = note: for more information, see <https://doc.rust-lang.org/nightly/edition-guide/rust-2021/warnings-promoted-to-error.html>\n\nwarning: unused import: `std::str`\n   --> src/utf8.rs:150:9\n    |\n150 |     use std::str;\n    |         ^^^^^^^^\n    |\n    = note: `#[warn(unused_imports)]` on by default\n\nwarning: unused import: `quickcheck::quickcheck`\n   --> src/utf8.rs:152:9\n    |\n152 |     use quickcheck::quickcheck;\n    |         ^^^^^^^^^^^^^^^^^^^^^^\n\nwarning: unused imports: `TAG_CONT`, `TAG_FOUR`, `TAG_THREE`, `TAG_TWO`, `decode_last_utf8`, and `decode_utf8`\n   --> src/utf8.rs:155:9\n    |\n155 |         TAG_CONT, TAG_TWO, TAG_THREE, TAG_FOUR,\n    |         ^^^^^^^^  ^^^^^^^  ^^^^^^^^^  ^^^^^^^^\n156 |         decode_utf8, decode_last_utf8,\n    |         ^^^^^^^^^^^  ^^^^^^^^^^^^^^^^\n\nwarning: unused import: `super::ByteClassSet`\n    --> src/compile.rs:1110:9\n     |\n1110 |     use super::ByteClassSet;\n     |         ^^^^^^^^^^^^^^^^^^^\n\nwarning: `...` range patterns are deprecated\n    --> src/dfa.rs:1695:17\n     |\n1695 |             b'A'...b'Z' | b'a'...b'z' | b'0'...b'9' | b'_' => true,\n     |                 ^^^ help: use `..=` for an inclusive range\n     |\n     = warning: this is accepted in the current edition (Rust 2015) but is a hard error in Rust 2021!\n     = note: for more information, see <https://doc.rust-lang.org/nightly/edition-guide/rust-2021/warnings-promoted-to-error.html>\n\nwarning: `...` range patterns are deprecated\n    --> src/dfa.rs:1695:31\n     |\n1695 |             b'A'...b'Z' | b'a'...b'z' | b'0'...b'9' | b'_' => true,\n     |                               ^^^ help: use `..=` for an inclusive range\n     |\n     = warning: this is accepted in the current edition (Rust 2015) but is a hard error in Rust 2021!\n     = note: for more information, see <https://doc.rust-lang.org/nightly/edition-guide/rust-2021/warnings-promoted-to-error.html>\n\nwarning: `...` range patterns are deprecated\n    --> src/dfa.rs:1695:45\n     |\n1695 |             b'A'...b'Z' | b'a'...b'z' | b'0'...b'9' | b'_' => true,\n     |                                             ^^^ help: use `..=` for an inclusive range\n     |\n     = warning: this is accepted in the current edition (Rust 2015) but is a hard error in Rust 2021!\n     = note: for more information, see <https://doc.rust-lang.org/nightly/edition-guide/rust-2021/warnings-promoted-to-error.html>\n\nwarning: unused imports: `QuickCheck`, `StdGen`, and `quickcheck`\n    --> src/dfa.rs:1847:22\n     |\n1847 |     use quickcheck::{QuickCheck, StdGen, quickcheck};\n     |                      ^^^^^^^^^^  ^^^^^^  ^^^^^^^^^^\n\nwarning: unused imports: `StateFlags`, `State`, `push_inst_ptr`, `read_vari32`, `read_varu32`, `write_vari32`, and `write_varu32`\n    --> src/dfa.rs:1849:9\n     |\n1849 |         StateFlags, State, push_inst_ptr,\n     |         ^^^^^^^^^^  ^^^^^  ^^^^^^^^^^^^^\n1850 |         write_varu32, read_varu32, write_vari32, read_vari32,\n     |         ^^^^^^^^^^^^  ^^^^^^^^^^^  ^^^^^^^^^^^^  ^^^^^^^^^^^\n\nwarning: `...` range patterns are deprecated\n   --> src/expand.rs:172:14\n    |\n172 |         b'0' ... b'9' | b'a' ... b'z' | b'A' ... b'Z' | b'_' => true,\n    |              ^^^ help: use `..=` for an inclusive range\n    |\n    = warning: this is accepted in the current edition (Rust 2015) but is a hard error in Rust 2021!\n    = note: for more information, see <https://doc.rust-lang.org/nightly/edition-guide/rust-2021/warnings-promoted-to-error.html>\n\nwarning: `...` range patterns are deprecated\n   --> src/expand.rs:172:30\n    |\n172 |         b'0' ... b'9' | b'a' ... b'z' | b'A' ... b'Z' | b'_' => true,\n    |                              ^^^ help: use `..=` for an inclusive range\n    |\n    = warning: this is accepted in the current edition (Rust 2015) but is a hard error in Rust 2021!\n    = note: for more information, see <https://doc.rust-lang.org/nightly/edition-guide/rust-2021/warnings-promoted-to-error.html>\n\nwarning: `...` range patterns are deprecated\n   --> src/expand.rs:172:46\n    |\n172 |         b'0' ... b'9' | b'a' ... b'z' | b'A' ... b'Z' | b'_' => true,\n    |                                              ^^^ help: use `..=` for an inclusive range\n    |\n    = warning: this is accepted in the current edition (Rust 2015) but is a hard error in Rust 2021!\n    = note: for more information, see <https://doc.rust-lang.org/nightly/edition-guide/rust-2021/warnings-promoted-to-error.html>\n\nwarning: unused imports: `CaptureRef` and `find_cap_ref`\n   --> src/expand.rs:179:17\n    |\n179 |     use super::{CaptureRef, find_cap_ref};\n    |                 ^^^^^^^^^^  ^^^^^^^^^^^^\n\nwarning: unused macro definition: `find`\n   --> src/expand.rs:181:18\n    |\n181 |     macro_rules! find {\n    |                  ^^^^\n    |\n    = note: `#[warn(unused_macros)]` on by default\n\nwarning: unused macro definition: `c`\n   --> src/expand.rs:196:18\n    |\n196 |     macro_rules! c {\n    |                  ^\n\nwarning: unexpected `cfg` condition name: `regex_runtime_teddy_avx2`\n --> src/literal/teddy_avx2/mod.rs:5:5\n  |\n5 |     regex_runtime_teddy_avx2,\n  |     ^^^^^^^^^^^^^^^^^^^^^^^^\n  |\n  = help: expected names are: `clippy`, `debug_assertions`, `doc`, `docsrs`, `doctest`, `feature`, `miri`, `overflow_checks`, `panic`, `proc_macro`, `relocation_model`, `rustfmt`, `sanitize`, `sanitizer_cfi_generalize_pointers`, `sanitizer_cfi_normalize_integers`, `target_abi`, `target_arch`, `target_endian`, `target_env`, `target_family`, `target_feature`, `target_has_atomic`, `target_has_atomic_equal_alignment`, `target_has_atomic_load_store`, `target_os`, `target_pointer_width`, `target_thread_local`, `target_vendor`, `test`, `ub_checks`, `unix`, and `windows`\n  = help: consider using a Cargo feature instead\n  = help: or consider adding in `Cargo.toml` the `check-cfg` lint config for the lint:\n           [lints.rust]\n           unexpected_cfgs = { level = \"warn\", check-cfg = ['cfg(regex_runtime_teddy_avx2)'] }\n  = help: or consider adding `println!(\"cargo::rustc-check-cfg=cfg(regex_runtime_teddy_avx2)\");` to the top of the `build.rs`\n  = note: see <https://doc.rust-lang.org/nightly/rustc/check-cfg/cargo-specifics.html> for more information about checking conditional configuration\n  = note: `#[warn(unexpected_cfgs)]` on by default\n\nwarning: unexpected `cfg` condition name: `regex_runtime_teddy_avx2`\n  --> src/literal/teddy_avx2/mod.rs:12:5\n   |\n12 |     regex_runtime_teddy_avx2,\n   |     ^^^^^^^^^^^^^^^^^^^^^^^^\n   |\n   = help: consider using a Cargo feature instead\n   = help: or consider adding in `Cargo.toml` the `check-cfg` lint config for the lint:\n            [lints.rust]\n            unexpected_cfgs = { level = \"warn\", check-cfg = ['cfg(regex_runtime_teddy_avx2)'] }\n   = help: or consider adding `println!(\"cargo::rustc-check-cfg=cfg(regex_runtime_teddy_avx2)\");` to the top of the `build.rs`\n   = note: see <https://doc.rust-lang.org/nightly/rustc/check-cfg/cargo-specifics.html> for more information about checking conditional configuration\n\nwarning: unexpected `cfg` condition name: `regex_runtime_teddy_ssse3`\n --> src/literal/teddy_ssse3/mod.rs:5:5\n  |\n5 |     regex_runtime_teddy_ssse3,\n  |     ^^^^^^^^^^^^^^^^^^^^^^^^^\n  |\n  = help: consider using a Cargo feature instead\n  = help: or consider adding in `Cargo.toml` the `check-cfg` lint config for the lint:\n           [lints.rust]\n           unexpected_cfgs = { level = \"warn\", check-cfg = ['cfg(regex_runtime_teddy_ssse3)'] }\n  = help: or consider adding `println!(\"cargo::rustc-check-cfg=cfg(regex_runtime_teddy_ssse3)\");` to the top of the `build.rs`\n  = note: see <https://doc.rust-lang.org/nightly/rustc/check-cfg/cargo-specifics.html> for more information about checking conditional configuration\n\nwarning: unexpected `cfg` condition name: `regex_runtime_teddy_ssse3`\n  --> src/literal/teddy_ssse3/mod.rs:12:5\n   |\n12 |     regex_runtime_teddy_ssse3,\n   |     ^^^^^^^^^^^^^^^^^^^^^^^^^\n   |\n   = help: consider using a Cargo feature instead\n   = help: or consider adding in `Cargo.toml` the `check-cfg` lint config for the lint:\n            [lints.rust]\n            unexpected_cfgs = { level = \"warn\", check-cfg = ['cfg(regex_runtime_teddy_ssse3)'] }\n   = help: or consider adding `println!(\"cargo::rustc-check-cfg=cfg(regex_runtime_teddy_ssse3)\");` to the top of the `build.rs`\n   = note: see <https://doc.rust-lang.org/nightly/rustc/check-cfg/cargo-specifics.html> for more information about checking conditional configuration\n\nwarning: unused imports: `BoyerMooreSearch` and `FreqyPacked`\n   --> src/literal/mod.rs:902:17\n    |\n902 |     use super::{BoyerMooreSearch, FreqyPacked};\n    |                 ^^^^^^^^^^^^^^^^  ^^^^^^^^^^^\n\nwarning: unused import: `quickcheck::TestResult`\n    --> src/literal/mod.rs:1004:9\n     |\n1004 |     use quickcheck::TestResult;\n     |         ^^^^^^^^^^^^^^^^^^^^^^\n\nwarning: unused import: `ntest::timeout`\n    --> src/literal/mod.rs:1145:8\n     |\n1145 |    use ntest::timeout;\n     |        ^^^^^^^^^^^^^^\n\nwarning: trait objects without an explicit `dyn` are deprecated\n  --> src/error.rs:40:32\n   |\n40 |     fn cause(&self) -> Option<&::std::error::Error> {\n   |                                ^^^^^^^^^^^^^^^^^^^\n   |\n   = warning: this is accepted in the current edition (Rust 2015) but is a hard error in Rust 2021!\n   = note: for more information, see <https://doc.rust-lang.org/nightly/edition-guide/rust-2021/warnings-promoted-to-error.html>\n   = note: `#[warn(bare_trait_objects)]` on by default\nhelp: if this is an object-safe trait, use `dyn`\n   |\n40 |     fn cause(&self) -> Option<&dyn (::std::error::Error)> {\n   |                                +++++                   +\n\nwarning: trait objects without an explicit `dyn` are deprecated\n   --> src/compile.rs:400:28\n    |\n400 |         let mut chars: Box<Iterator<Item=&char>> =\n    |                            ^^^^^^^^^^^^^^^^^^^^\n    |\n    = warning: this is accepted in the current edition (Rust 2015) but is a hard error in Rust 2021!\n    = note: for more information, see <https://doc.rust-lang.org/nightly/edition-guide/rust-2021/warnings-promoted-to-error.html>\nhelp: if this is an object-safe trait, use `dyn`\n    |\n400 |         let mut chars: Box<dyn Iterator<Item=&char>> =\n    |                            +++\n\nwarning: trait objects without an explicit `dyn` are deprecated\n   --> src/compile.rs:441:28\n    |\n441 |         let mut bytes: Box<Iterator<Item=&u8>> =\n    |                            ^^^^^^^^^^^^^^^^^^\n    |\n    = warning: this is accepted in the current edition (Rust 2015) but is a hard error in Rust 2021!\n    = note: for more information, see <https://doc.rust-lang.org/nightly/edition-guide/rust-2021/warnings-promoted-to-error.html>\nhelp: if this is an object-safe trait, use `dyn`\n    |\n441 |         let mut bytes: Box<dyn Iterator<Item=&u8>> =\n    |                            +++\n\nerror[E0599]: no method named `_find` found for reference `&TestStruct` in the current scope\n    --> src/literal/mod.rs:1158:23\n     |\n1158 |             _ => self._find(text),\n     |                       ^^^^^\n     |\nhelp: there is a method `find` with a similar name\n     |\n1158 |             _ => self.find(text),\n     |                       ~~~~\n\nFor more information about this error, try `rustc --explain E0599`.\nwarning: `regex` (lib test) generated 31 warnings\nerror: could not compile `regex` (lib test) due to 1 previous error; 31 warnings emitted\n"
                }
              ],
              "repaired": [
                false
              ]
            },
            {
              "attrs": [],
              "prefix": [],
              "oracles": [],
              "codes": [
                [
                  "{",
                  "    let test_struct = TestStruct { dense: vec![b'a'] };",
                  "    let text = b\"\";",
                  "    assert_eq!(test_struct.find(text), None);",
                  "}"
                ]
              ],
              "can_compile": [
                {
                  "Err": "warning: /home/abezbm/rust-utgen-test-crates-new/regex/regex-debug/Cargo.toml: no edition set: defaulting to the 2015 edition while the latest is 2021\nwarning: /home/abezbm/rust-utgen-test-crates-new/regex/Cargo.toml: no edition set: defaulting to the 2015 edition while the latest is 2021\nwarning: /home/abezbm/rust-utgen-test-crates-new/regex/regex-syntax/Cargo.toml: no edition set: defaulting to the 2015 edition while the latest is 2021\nwarning: /home/abezbm/rust-utgen-test-crates-new/regex/regex-capi/Cargo.toml: no edition set: defaulting to the 2015 edition while the latest is 2021\n   Compiling proc-macro2 v1.0.95\n   Compiling syn v1.0.109\n   Compiling libc v0.2.172\n   Compiling regex v1.0.0 (/home/abezbm/rust-utgen-test-crates-new/regex)\n   Compiling quote v1.0.40\n   Compiling rand v0.4.6\n   Compiling quickcheck v0.6.2\n   Compiling ntest_test_cases v0.9.3\n   Compiling ntest_timeout v0.9.3\n   Compiling ntest v0.9.3\n   Compiling regex-syntax v0.6.0 (/home/abezbm/rust-utgen-test-crates-new/regex/regex-syntax)\nwarning: `...` range patterns are deprecated\n    --> regex-syntax/src/ast/parse.rs:1445:16\n     |\n1445 |             '0'...'7' => {\n     |                ^^^ help: use `..=` for an inclusive range\n     |\n     = warning: this is accepted in the current edition (Rust 2015) but is a hard error in Rust 2021!\n     = note: for more information, see <https://doc.rust-lang.org/nightly/edition-guide/rust-2021/warnings-promoted-to-error.html>\n     = note: `#[warn(ellipsis_inclusive_range_patterns)]` on by default\n\nwarning: `...` range patterns are deprecated\n    --> regex-syntax/src/ast/parse.rs:1456:16\n     |\n1456 |             '8'...'9' if !self.parser().octal => {\n     |                ^^^ help: use `..=` for an inclusive range\n     |\n     = warning: this is accepted in the current edition (Rust 2015) but is a hard error in Rust 2021!\n     = note: for more information, see <https://doc.rust-lang.org/nightly/edition-guide/rust-2021/warnings-promoted-to-error.html>\n\nwarning: `...` range patterns are deprecated\n   --> regex-syntax/src/lib.rs:195:21\n    |\n195 |         b'_' | b'0' ... b'9' | b'a' ... b'z' | b'A' ... b'Z'  => true,\n    |                     ^^^ help: use `..=` for an inclusive range\n    |\n    = warning: this is accepted in the current edition (Rust 2015) but is a hard error in Rust 2021!\n    = note: for more information, see <https://doc.rust-lang.org/nightly/edition-guide/rust-2021/warnings-promoted-to-error.html>\n\nwarning: `...` range patterns are deprecated\n   --> regex-syntax/src/lib.rs:195:37\n    |\n195 |         b'_' | b'0' ... b'9' | b'a' ... b'z' | b'A' ... b'Z'  => true,\n    |                                     ^^^ help: use `..=` for an inclusive range\n    |\n    = warning: this is accepted in the current edition (Rust 2015) but is a hard error in Rust 2021!\n    = note: for more information, see <https://doc.rust-lang.org/nightly/edition-guide/rust-2021/warnings-promoted-to-error.html>\n\nwarning: `...` range patterns are deprecated\n   --> regex-syntax/src/lib.rs:195:53\n    |\n195 |         b'_' | b'0' ... b'9' | b'a' ... b'z' | b'A' ... b'Z'  => true,\n    |                                                     ^^^ help: use `..=` for an inclusive range\n    |\n    = warning: this is accepted in the current edition (Rust 2015) but is a hard error in Rust 2021!\n    = note: for more information, see <https://doc.rust-lang.org/nightly/edition-guide/rust-2021/warnings-promoted-to-error.html>\n\nwarning: use of deprecated method `std::error::Error::description`: use the Display impl or to_string()\n  --> regex-syntax/src/error.rs:45:38\n   |\n45 |             Error::Parse(ref x) => x.description(),\n   |                                      ^^^^^^^^^^^\n   |\n   = note: `#[warn(deprecated)]` on by default\n\nwarning: use of deprecated method `std::error::Error::description`: use the Display impl or to_string()\n  --> regex-syntax/src/error.rs:46:42\n   |\n46 |             Error::Translate(ref x) => x.description(),\n   |                                          ^^^^^^^^^^^\n\nwarning: variable does not need to be mutable\n   --> regex-syntax/src/hir/literal/mod.rs:687:17\n    |\n687 |             let mut buf = &mut buf[..i];\n    |                 ----^^^\n    |                 |\n    |                 help: remove this `mut`\n    |\n    = note: `#[warn(unused_mut)]` on by default\n\nwarning: field `printer` is never read\n  --> regex-syntax/src/ast/print.rs:80:5\n   |\n79 | struct Writer<'p, W> {\n   |        ------ field in this struct\n80 |     printer: &'p mut Printer,\n   |     ^^^^^^^\n   |\n   = note: `Writer` has a derived impl for the trait `Debug`, but this is intentionally ignored during dead code analysis\n   = note: `#[warn(dead_code)]` on by default\n\nwarning: method `symmetric_difference` is never used\n   --> regex-syntax/src/hir/interval.rs:411:8\n    |\n326 | pub trait Interval:\n    |           -------- method in this trait\n...\n411 |     fn symmetric_difference(\n    |        ^^^^^^^^^^^^^^^^^^^^\n\nwarning: field `printer` is never read\n  --> regex-syntax/src/hir/print.rs:78:5\n   |\n77 | struct Writer<'p, W> {\n   |        ------ field in this struct\n78 |     printer: &'p mut Printer,\n   |     ^^^^^^^\n   |\n   = note: `Writer` has a derived impl for the trait `Debug`, but this is intentionally ignored during dead code analysis\n\nwarning: call to `.borrow()` on a reference in this situation does nothing\n   --> regex-syntax/src/ast/parse.rs:386:21\n    |\n386 |         self.pattern.borrow()\n    |                     ^^^^^^^^^ help: remove this redundant call\n    |\n    = note: the type `str` does not implement `Borrow`, so calling `borrow` on `&str` copies the reference, which does not do anything and can be removed\n    = note: `#[warn(noop_method_call)]` on by default\n\nwarning: `regex-syntax` (lib) generated 12 warnings (run `cargo fix --lib -p regex-syntax` to apply 7 suggestions)\nwarning: `...` range patterns are deprecated\n  --> src/utf8.rs:59:21\n   |\n59 |         0b110_00000 ... 0b110_11111 => {\n   |                     ^^^ help: use `..=` for an inclusive range\n   |\n   = warning: this is accepted in the current edition (Rust 2015) but is a hard error in Rust 2021!\n   = note: for more information, see <https://doc.rust-lang.org/nightly/edition-guide/rust-2021/warnings-promoted-to-error.html>\n   = note: `#[warn(ellipsis_inclusive_range_patterns)]` on by default\n\nwarning: `...` range patterns are deprecated\n  --> src/utf8.rs:70:22\n   |\n70 |                 0x80 ... 0x7FF => char::from_u32(cp).map(|cp| (cp, 2)),\n   |                      ^^^ help: use `..=` for an inclusive range\n   |\n   = warning: this is accepted in the current edition (Rust 2015) but is a hard error in Rust 2021!\n   = note: for more information, see <https://doc.rust-lang.org/nightly/edition-guide/rust-2021/warnings-promoted-to-error.html>\n\nwarning: `...` range patterns are deprecated\n  --> src/utf8.rs:74:21\n   |\n74 |         0b1110_0000 ... 0b1110_1111 => {\n   |                     ^^^ help: use `..=` for an inclusive range\n   |\n   = warning: this is accepted in the current edition (Rust 2015) but is a hard error in Rust 2021!\n   = note: for more information, see <https://doc.rust-lang.org/nightly/edition-guide/rust-2021/warnings-promoted-to-error.html>\n\nwarning: `...` range patterns are deprecated\n  --> src/utf8.rs:90:23\n   |\n90 |                 0x800 ... 0xFFFF => char::from_u32(cp).map(|cp| (cp, 3)),\n   |                       ^^^ help: use `..=` for an inclusive range\n   |\n   = warning: this is accepted in the current edition (Rust 2015) but is a hard error in Rust 2021!\n   = note: for more information, see <https://doc.rust-lang.org/nightly/edition-guide/rust-2021/warnings-promoted-to-error.html>\n\nwarning: `...` range patterns are deprecated\n  --> src/utf8.rs:94:21\n   |\n94 |         0b11110_000 ... 0b11110_111 => {\n   |                     ^^^ help: use `..=` for an inclusive range\n   |\n   = warning: this is accepted in the current edition (Rust 2015) but is a hard error in Rust 2021!\n   = note: for more information, see <https://doc.rust-lang.org/nightly/edition-guide/rust-2021/warnings-promoted-to-error.html>\n\nwarning: `...` range patterns are deprecated\n   --> src/utf8.rs:113:25\n    |\n113 |                 0x10000 ... 0x10FFFF => char::from_u32(cp).map(|cp| (cp, 4)),\n    |                         ^^^ help: use `..=` for an inclusive range\n    |\n    = warning: this is accepted in the current edition (Rust 2015) but is a hard error in Rust 2021!\n    = note: for more information, see <https://doc.rust-lang.org/nightly/edition-guide/rust-2021/warnings-promoted-to-error.html>\n\nwarning: unused import: `std::str`\n   --> src/utf8.rs:150:9\n    |\n150 |     use std::str;\n    |         ^^^^^^^^\n    |\n    = note: `#[warn(unused_imports)]` on by default\n\nwarning: unused import: `quickcheck::quickcheck`\n   --> src/utf8.rs:152:9\n    |\n152 |     use quickcheck::quickcheck;\n    |         ^^^^^^^^^^^^^^^^^^^^^^\n\nwarning: unused imports: `TAG_CONT`, `TAG_FOUR`, `TAG_THREE`, `TAG_TWO`, `decode_last_utf8`, and `decode_utf8`\n   --> src/utf8.rs:155:9\n    |\n155 |         TAG_CONT, TAG_TWO, TAG_THREE, TAG_FOUR,\n    |         ^^^^^^^^  ^^^^^^^  ^^^^^^^^^  ^^^^^^^^\n156 |         decode_utf8, decode_last_utf8,\n    |         ^^^^^^^^^^^  ^^^^^^^^^^^^^^^^\n\nwarning: unused import: `super::ByteClassSet`\n    --> src/compile.rs:1110:9\n     |\n1110 |     use super::ByteClassSet;\n     |         ^^^^^^^^^^^^^^^^^^^\n\nwarning: `...` range patterns are deprecated\n    --> src/dfa.rs:1695:17\n     |\n1695 |             b'A'...b'Z' | b'a'...b'z' | b'0'...b'9' | b'_' => true,\n     |                 ^^^ help: use `..=` for an inclusive range\n     |\n     = warning: this is accepted in the current edition (Rust 2015) but is a hard error in Rust 2021!\n     = note: for more information, see <https://doc.rust-lang.org/nightly/edition-guide/rust-2021/warnings-promoted-to-error.html>\n\nwarning: `...` range patterns are deprecated\n    --> src/dfa.rs:1695:31\n     |\n1695 |             b'A'...b'Z' | b'a'...b'z' | b'0'...b'9' | b'_' => true,\n     |                               ^^^ help: use `..=` for an inclusive range\n     |\n     = warning: this is accepted in the current edition (Rust 2015) but is a hard error in Rust 2021!\n     = note: for more information, see <https://doc.rust-lang.org/nightly/edition-guide/rust-2021/warnings-promoted-to-error.html>\n\nwarning: `...` range patterns are deprecated\n    --> src/dfa.rs:1695:45\n     |\n1695 |             b'A'...b'Z' | b'a'...b'z' | b'0'...b'9' | b'_' => true,\n     |                                             ^^^ help: use `..=` for an inclusive range\n     |\n     = warning: this is accepted in the current edition (Rust 2015) but is a hard error in Rust 2021!\n     = note: for more information, see <https://doc.rust-lang.org/nightly/edition-guide/rust-2021/warnings-promoted-to-error.html>\n\nwarning: unused imports: `QuickCheck`, `StdGen`, and `quickcheck`\n    --> src/dfa.rs:1847:22\n     |\n1847 |     use quickcheck::{QuickCheck, StdGen, quickcheck};\n     |                      ^^^^^^^^^^  ^^^^^^  ^^^^^^^^^^\n\nwarning: unused imports: `StateFlags`, `State`, `push_inst_ptr`, `read_vari32`, `read_varu32`, `write_vari32`, and `write_varu32`\n    --> src/dfa.rs:1849:9\n     |\n1849 |         StateFlags, State, push_inst_ptr,\n     |         ^^^^^^^^^^  ^^^^^  ^^^^^^^^^^^^^\n1850 |         write_varu32, read_varu32, write_vari32, read_vari32,\n     |         ^^^^^^^^^^^^  ^^^^^^^^^^^  ^^^^^^^^^^^^  ^^^^^^^^^^^\n\nwarning: `...` range patterns are deprecated\n   --> src/expand.rs:172:14\n    |\n172 |         b'0' ... b'9' | b'a' ... b'z' | b'A' ... b'Z' | b'_' => true,\n    |              ^^^ help: use `..=` for an inclusive range\n    |\n    = warning: this is accepted in the current edition (Rust 2015) but is a hard error in Rust 2021!\n    = note: for more information, see <https://doc.rust-lang.org/nightly/edition-guide/rust-2021/warnings-promoted-to-error.html>\n\nwarning: `...` range patterns are deprecated\n   --> src/expand.rs:172:30\n    |\n172 |         b'0' ... b'9' | b'a' ... b'z' | b'A' ... b'Z' | b'_' => true,\n    |                              ^^^ help: use `..=` for an inclusive range\n    |\n    = warning: this is accepted in the current edition (Rust 2015) but is a hard error in Rust 2021!\n    = note: for more information, see <https://doc.rust-lang.org/nightly/edition-guide/rust-2021/warnings-promoted-to-error.html>\n\nwarning: `...` range patterns are deprecated\n   --> src/expand.rs:172:46\n    |\n172 |         b'0' ... b'9' | b'a' ... b'z' | b'A' ... b'Z' | b'_' => true,\n    |                                              ^^^ help: use `..=` for an inclusive range\n    |\n    = warning: this is accepted in the current edition (Rust 2015) but is a hard error in Rust 2021!\n    = note: for more information, see <https://doc.rust-lang.org/nightly/edition-guide/rust-2021/warnings-promoted-to-error.html>\n\nwarning: unused imports: `CaptureRef` and `find_cap_ref`\n   --> src/expand.rs:179:17\n    |\n179 |     use super::{CaptureRef, find_cap_ref};\n    |                 ^^^^^^^^^^  ^^^^^^^^^^^^\n\nwarning: unused macro definition: `find`\n   --> src/expand.rs:181:18\n    |\n181 |     macro_rules! find {\n    |                  ^^^^\n    |\n    = note: `#[warn(unused_macros)]` on by default\n\nwarning: unused macro definition: `c`\n   --> src/expand.rs:196:18\n    |\n196 |     macro_rules! c {\n    |                  ^\n\nwarning: unexpected `cfg` condition name: `regex_runtime_teddy_avx2`\n --> src/literal/teddy_avx2/mod.rs:5:5\n  |\n5 |     regex_runtime_teddy_avx2,\n  |     ^^^^^^^^^^^^^^^^^^^^^^^^\n  |\n  = help: expected names are: `clippy`, `debug_assertions`, `doc`, `docsrs`, `doctest`, `feature`, `miri`, `overflow_checks`, `panic`, `proc_macro`, `relocation_model`, `rustfmt`, `sanitize`, `sanitizer_cfi_generalize_pointers`, `sanitizer_cfi_normalize_integers`, `target_abi`, `target_arch`, `target_endian`, `target_env`, `target_family`, `target_feature`, `target_has_atomic`, `target_has_atomic_equal_alignment`, `target_has_atomic_load_store`, `target_os`, `target_pointer_width`, `target_thread_local`, `target_vendor`, `test`, `ub_checks`, `unix`, and `windows`\n  = help: consider using a Cargo feature instead\n  = help: or consider adding in `Cargo.toml` the `check-cfg` lint config for the lint:\n           [lints.rust]\n           unexpected_cfgs = { level = \"warn\", check-cfg = ['cfg(regex_runtime_teddy_avx2)'] }\n  = help: or consider adding `println!(\"cargo::rustc-check-cfg=cfg(regex_runtime_teddy_avx2)\");` to the top of the `build.rs`\n  = note: see <https://doc.rust-lang.org/nightly/rustc/check-cfg/cargo-specifics.html> for more information about checking conditional configuration\n  = note: `#[warn(unexpected_cfgs)]` on by default\n\nwarning: unexpected `cfg` condition name: `regex_runtime_teddy_avx2`\n  --> src/literal/teddy_avx2/mod.rs:12:5\n   |\n12 |     regex_runtime_teddy_avx2,\n   |     ^^^^^^^^^^^^^^^^^^^^^^^^\n   |\n   = help: consider using a Cargo feature instead\n   = help: or consider adding in `Cargo.toml` the `check-cfg` lint config for the lint:\n            [lints.rust]\n            unexpected_cfgs = { level = \"warn\", check-cfg = ['cfg(regex_runtime_teddy_avx2)'] }\n   = help: or consider adding `println!(\"cargo::rustc-check-cfg=cfg(regex_runtime_teddy_avx2)\");` to the top of the `build.rs`\n   = note: see <https://doc.rust-lang.org/nightly/rustc/check-cfg/cargo-specifics.html> for more information about checking conditional configuration\n\nwarning: unexpected `cfg` condition name: `regex_runtime_teddy_ssse3`\n --> src/literal/teddy_ssse3/mod.rs:5:5\n  |\n5 |     regex_runtime_teddy_ssse3,\n  |     ^^^^^^^^^^^^^^^^^^^^^^^^^\n  |\n  = help: consider using a Cargo feature instead\n  = help: or consider adding in `Cargo.toml` the `check-cfg` lint config for the lint:\n           [lints.rust]\n           unexpected_cfgs = { level = \"warn\", check-cfg = ['cfg(regex_runtime_teddy_ssse3)'] }\n  = help: or consider adding `println!(\"cargo::rustc-check-cfg=cfg(regex_runtime_teddy_ssse3)\");` to the top of the `build.rs`\n  = note: see <https://doc.rust-lang.org/nightly/rustc/check-cfg/cargo-specifics.html> for more information about checking conditional configuration\n\nwarning: unexpected `cfg` condition name: `regex_runtime_teddy_ssse3`\n  --> src/literal/teddy_ssse3/mod.rs:12:5\n   |\n12 |     regex_runtime_teddy_ssse3,\n   |     ^^^^^^^^^^^^^^^^^^^^^^^^^\n   |\n   = help: consider using a Cargo feature instead\n   = help: or consider adding in `Cargo.toml` the `check-cfg` lint config for the lint:\n            [lints.rust]\n            unexpected_cfgs = { level = \"warn\", check-cfg = ['cfg(regex_runtime_teddy_ssse3)'] }\n   = help: or consider adding `println!(\"cargo::rustc-check-cfg=cfg(regex_runtime_teddy_ssse3)\");` to the top of the `build.rs`\n   = note: see <https://doc.rust-lang.org/nightly/rustc/check-cfg/cargo-specifics.html> for more information about checking conditional configuration\n\nwarning: unused imports: `BoyerMooreSearch` and `FreqyPacked`\n   --> src/literal/mod.rs:902:17\n    |\n902 |     use super::{BoyerMooreSearch, FreqyPacked};\n    |                 ^^^^^^^^^^^^^^^^  ^^^^^^^^^^^\n\nwarning: unused import: `quickcheck::TestResult`\n    --> src/literal/mod.rs:1004:9\n     |\n1004 |     use quickcheck::TestResult;\n     |         ^^^^^^^^^^^^^^^^^^^^^^\n\nwarning: unused import: `ntest::timeout`\n    --> src/literal/mod.rs:1145:8\n     |\n1145 |    use ntest::timeout;\n     |        ^^^^^^^^^^^^^^\n\nwarning: trait objects without an explicit `dyn` are deprecated\n  --> src/error.rs:40:32\n   |\n40 |     fn cause(&self) -> Option<&::std::error::Error> {\n   |                                ^^^^^^^^^^^^^^^^^^^\n   |\n   = warning: this is accepted in the current edition (Rust 2015) but is a hard error in Rust 2021!\n   = note: for more information, see <https://doc.rust-lang.org/nightly/edition-guide/rust-2021/warnings-promoted-to-error.html>\n   = note: `#[warn(bare_trait_objects)]` on by default\nhelp: if this is an object-safe trait, use `dyn`\n   |\n40 |     fn cause(&self) -> Option<&dyn (::std::error::Error)> {\n   |                                +++++                   +\n\nwarning: trait objects without an explicit `dyn` are deprecated\n   --> src/compile.rs:400:28\n    |\n400 |         let mut chars: Box<Iterator<Item=&char>> =\n    |                            ^^^^^^^^^^^^^^^^^^^^\n    |\n    = warning: this is accepted in the current edition (Rust 2015) but is a hard error in Rust 2021!\n    = note: for more information, see <https://doc.rust-lang.org/nightly/edition-guide/rust-2021/warnings-promoted-to-error.html>\nhelp: if this is an object-safe trait, use `dyn`\n    |\n400 |         let mut chars: Box<dyn Iterator<Item=&char>> =\n    |                            +++\n\nwarning: trait objects without an explicit `dyn` are deprecated\n   --> src/compile.rs:441:28\n    |\n441 |         let mut bytes: Box<Iterator<Item=&u8>> =\n    |                            ^^^^^^^^^^^^^^^^^^\n    |\n    = warning: this is accepted in the current edition (Rust 2015) but is a hard error in Rust 2021!\n    = note: for more information, see <https://doc.rust-lang.org/nightly/edition-guide/rust-2021/warnings-promoted-to-error.html>\nhelp: if this is an object-safe trait, use `dyn`\n    |\n441 |         let mut bytes: Box<dyn Iterator<Item=&u8>> =\n    |                            +++\n\nerror[E0599]: no method named `_find` found for reference `&TestStruct` in the current scope\n    --> src/literal/mod.rs:1158:23\n     |\n1158 |             _ => self._find(text),\n     |                       ^^^^^\n     |\nhelp: there is a method `find` with a similar name\n     |\n1158 |             _ => self.find(text),\n     |                       ~~~~\n\nFor more information about this error, try `rustc --explain E0599`.\nwarning: `regex` (lib test) generated 31 warnings\nerror: could not compile `regex` (lib test) due to 1 previous error; 31 warnings emitted\n"
                }
              ],
              "repaired": [
                false
              ]
            },
            {
              "attrs": [
                "#[should_panic(expected = \"index out of bounds\")]"
              ],
              "prefix": [],
              "oracles": [],
              "codes": [
                [
                  "{",
                  "    let test_struct = TestStruct { dense: vec![] };",
                  "    let text = b\"abcde\";",
                  "    test_struct.find(text); // This should panic.",
                  "}"
                ]
              ],
              "can_compile": [
                {
                  "Err": "warning: /home/abezbm/rust-utgen-test-crates-new/regex/Cargo.toml: no edition set: defaulting to the 2015 edition while the latest is 2021\nwarning: /home/abezbm/rust-utgen-test-crates-new/regex/regex-capi/Cargo.toml: no edition set: defaulting to the 2015 edition while the latest is 2021\nwarning: /home/abezbm/rust-utgen-test-crates-new/regex/regex-syntax/Cargo.toml: no edition set: defaulting to the 2015 edition while the latest is 2021\nwarning: /home/abezbm/rust-utgen-test-crates-new/regex/regex-debug/Cargo.toml: no edition set: defaulting to the 2015 edition while the latest is 2021\n   Compiling proc-macro2 v1.0.95\n   Compiling syn v1.0.109\n   Compiling libc v0.2.172\n   Compiling regex v1.0.0 (/home/abezbm/rust-utgen-test-crates-new/regex)\n   Compiling quote v1.0.40\n   Compiling rand v0.4.6\n   Compiling quickcheck v0.6.2\n   Compiling ntest_test_cases v0.9.3\n   Compiling ntest_timeout v0.9.3\n   Compiling ntest v0.9.3\n   Compiling regex-syntax v0.6.0 (/home/abezbm/rust-utgen-test-crates-new/regex/regex-syntax)\nwarning: `...` range patterns are deprecated\n    --> regex-syntax/src/ast/parse.rs:1445:16\n     |\n1445 |             '0'...'7' => {\n     |                ^^^ help: use `..=` for an inclusive range\n     |\n     = warning: this is accepted in the current edition (Rust 2015) but is a hard error in Rust 2021!\n     = note: for more information, see <https://doc.rust-lang.org/nightly/edition-guide/rust-2021/warnings-promoted-to-error.html>\n     = note: `#[warn(ellipsis_inclusive_range_patterns)]` on by default\n\nwarning: `...` range patterns are deprecated\n    --> regex-syntax/src/ast/parse.rs:1456:16\n     |\n1456 |             '8'...'9' if !self.parser().octal => {\n     |                ^^^ help: use `..=` for an inclusive range\n     |\n     = warning: this is accepted in the current edition (Rust 2015) but is a hard error in Rust 2021!\n     = note: for more information, see <https://doc.rust-lang.org/nightly/edition-guide/rust-2021/warnings-promoted-to-error.html>\n\nwarning: `...` range patterns are deprecated\n   --> regex-syntax/src/lib.rs:195:21\n    |\n195 |         b'_' | b'0' ... b'9' | b'a' ... b'z' | b'A' ... b'Z'  => true,\n    |                     ^^^ help: use `..=` for an inclusive range\n    |\n    = warning: this is accepted in the current edition (Rust 2015) but is a hard error in Rust 2021!\n    = note: for more information, see <https://doc.rust-lang.org/nightly/edition-guide/rust-2021/warnings-promoted-to-error.html>\n\nwarning: `...` range patterns are deprecated\n   --> regex-syntax/src/lib.rs:195:37\n    |\n195 |         b'_' | b'0' ... b'9' | b'a' ... b'z' | b'A' ... b'Z'  => true,\n    |                                     ^^^ help: use `..=` for an inclusive range\n    |\n    = warning: this is accepted in the current edition (Rust 2015) but is a hard error in Rust 2021!\n    = note: for more information, see <https://doc.rust-lang.org/nightly/edition-guide/rust-2021/warnings-promoted-to-error.html>\n\nwarning: `...` range patterns are deprecated\n   --> regex-syntax/src/lib.rs:195:53\n    |\n195 |         b'_' | b'0' ... b'9' | b'a' ... b'z' | b'A' ... b'Z'  => true,\n    |                                                     ^^^ help: use `..=` for an inclusive range\n    |\n    = warning: this is accepted in the current edition (Rust 2015) but is a hard error in Rust 2021!\n    = note: for more information, see <https://doc.rust-lang.org/nightly/edition-guide/rust-2021/warnings-promoted-to-error.html>\n\nwarning: use of deprecated method `std::error::Error::description`: use the Display impl or to_string()\n  --> regex-syntax/src/error.rs:45:38\n   |\n45 |             Error::Parse(ref x) => x.description(),\n   |                                      ^^^^^^^^^^^\n   |\n   = note: `#[warn(deprecated)]` on by default\n\nwarning: use of deprecated method `std::error::Error::description`: use the Display impl or to_string()\n  --> regex-syntax/src/error.rs:46:42\n   |\n46 |             Error::Translate(ref x) => x.description(),\n   |                                          ^^^^^^^^^^^\n\nwarning: variable does not need to be mutable\n   --> regex-syntax/src/hir/literal/mod.rs:687:17\n    |\n687 |             let mut buf = &mut buf[..i];\n    |                 ----^^^\n    |                 |\n    |                 help: remove this `mut`\n    |\n    = note: `#[warn(unused_mut)]` on by default\n\nwarning: field `printer` is never read\n  --> regex-syntax/src/ast/print.rs:80:5\n   |\n79 | struct Writer<'p, W> {\n   |        ------ field in this struct\n80 |     printer: &'p mut Printer,\n   |     ^^^^^^^\n   |\n   = note: `Writer` has a derived impl for the trait `Debug`, but this is intentionally ignored during dead code analysis\n   = note: `#[warn(dead_code)]` on by default\n\nwarning: method `symmetric_difference` is never used\n   --> regex-syntax/src/hir/interval.rs:411:8\n    |\n326 | pub trait Interval:\n    |           -------- method in this trait\n...\n411 |     fn symmetric_difference(\n    |        ^^^^^^^^^^^^^^^^^^^^\n\nwarning: field `printer` is never read\n  --> regex-syntax/src/hir/print.rs:78:5\n   |\n77 | struct Writer<'p, W> {\n   |        ------ field in this struct\n78 |     printer: &'p mut Printer,\n   |     ^^^^^^^\n   |\n   = note: `Writer` has a derived impl for the trait `Debug`, but this is intentionally ignored during dead code analysis\n\nwarning: call to `.borrow()` on a reference in this situation does nothing\n   --> regex-syntax/src/ast/parse.rs:386:21\n    |\n386 |         self.pattern.borrow()\n    |                     ^^^^^^^^^ help: remove this redundant call\n    |\n    = note: the type `str` does not implement `Borrow`, so calling `borrow` on `&str` copies the reference, which does not do anything and can be removed\n    = note: `#[warn(noop_method_call)]` on by default\n\nwarning: `regex-syntax` (lib) generated 12 warnings (run `cargo fix --lib -p regex-syntax` to apply 7 suggestions)\nwarning: `...` range patterns are deprecated\n  --> src/utf8.rs:59:21\n   |\n59 |         0b110_00000 ... 0b110_11111 => {\n   |                     ^^^ help: use `..=` for an inclusive range\n   |\n   = warning: this is accepted in the current edition (Rust 2015) but is a hard error in Rust 2021!\n   = note: for more information, see <https://doc.rust-lang.org/nightly/edition-guide/rust-2021/warnings-promoted-to-error.html>\n   = note: `#[warn(ellipsis_inclusive_range_patterns)]` on by default\n\nwarning: `...` range patterns are deprecated\n  --> src/utf8.rs:70:22\n   |\n70 |                 0x80 ... 0x7FF => char::from_u32(cp).map(|cp| (cp, 2)),\n   |                      ^^^ help: use `..=` for an inclusive range\n   |\n   = warning: this is accepted in the current edition (Rust 2015) but is a hard error in Rust 2021!\n   = note: for more information, see <https://doc.rust-lang.org/nightly/edition-guide/rust-2021/warnings-promoted-to-error.html>\n\nwarning: `...` range patterns are deprecated\n  --> src/utf8.rs:74:21\n   |\n74 |         0b1110_0000 ... 0b1110_1111 => {\n   |                     ^^^ help: use `..=` for an inclusive range\n   |\n   = warning: this is accepted in the current edition (Rust 2015) but is a hard error in Rust 2021!\n   = note: for more information, see <https://doc.rust-lang.org/nightly/edition-guide/rust-2021/warnings-promoted-to-error.html>\n\nwarning: `...` range patterns are deprecated\n  --> src/utf8.rs:90:23\n   |\n90 |                 0x800 ... 0xFFFF => char::from_u32(cp).map(|cp| (cp, 3)),\n   |                       ^^^ help: use `..=` for an inclusive range\n   |\n   = warning: this is accepted in the current edition (Rust 2015) but is a hard error in Rust 2021!\n   = note: for more information, see <https://doc.rust-lang.org/nightly/edition-guide/rust-2021/warnings-promoted-to-error.html>\n\nwarning: `...` range patterns are deprecated\n  --> src/utf8.rs:94:21\n   |\n94 |         0b11110_000 ... 0b11110_111 => {\n   |                     ^^^ help: use `..=` for an inclusive range\n   |\n   = warning: this is accepted in the current edition (Rust 2015) but is a hard error in Rust 2021!\n   = note: for more information, see <https://doc.rust-lang.org/nightly/edition-guide/rust-2021/warnings-promoted-to-error.html>\n\nwarning: `...` range patterns are deprecated\n   --> src/utf8.rs:113:25\n    |\n113 |                 0x10000 ... 0x10FFFF => char::from_u32(cp).map(|cp| (cp, 4)),\n    |                         ^^^ help: use `..=` for an inclusive range\n    |\n    = warning: this is accepted in the current edition (Rust 2015) but is a hard error in Rust 2021!\n    = note: for more information, see <https://doc.rust-lang.org/nightly/edition-guide/rust-2021/warnings-promoted-to-error.html>\n\nwarning: unused import: `std::str`\n   --> src/utf8.rs:150:9\n    |\n150 |     use std::str;\n    |         ^^^^^^^^\n    |\n    = note: `#[warn(unused_imports)]` on by default\n\nwarning: unused import: `quickcheck::quickcheck`\n   --> src/utf8.rs:152:9\n    |\n152 |     use quickcheck::quickcheck;\n    |         ^^^^^^^^^^^^^^^^^^^^^^\n\nwarning: unused imports: `TAG_CONT`, `TAG_FOUR`, `TAG_THREE`, `TAG_TWO`, `decode_last_utf8`, and `decode_utf8`\n   --> src/utf8.rs:155:9\n    |\n155 |         TAG_CONT, TAG_TWO, TAG_THREE, TAG_FOUR,\n    |         ^^^^^^^^  ^^^^^^^  ^^^^^^^^^  ^^^^^^^^\n156 |         decode_utf8, decode_last_utf8,\n    |         ^^^^^^^^^^^  ^^^^^^^^^^^^^^^^\n\nwarning: unused import: `super::ByteClassSet`\n    --> src/compile.rs:1110:9\n     |\n1110 |     use super::ByteClassSet;\n     |         ^^^^^^^^^^^^^^^^^^^\n\nwarning: `...` range patterns are deprecated\n    --> src/dfa.rs:1695:17\n     |\n1695 |             b'A'...b'Z' | b'a'...b'z' | b'0'...b'9' | b'_' => true,\n     |                 ^^^ help: use `..=` for an inclusive range\n     |\n     = warning: this is accepted in the current edition (Rust 2015) but is a hard error in Rust 2021!\n     = note: for more information, see <https://doc.rust-lang.org/nightly/edition-guide/rust-2021/warnings-promoted-to-error.html>\n\nwarning: `...` range patterns are deprecated\n    --> src/dfa.rs:1695:31\n     |\n1695 |             b'A'...b'Z' | b'a'...b'z' | b'0'...b'9' | b'_' => true,\n     |                               ^^^ help: use `..=` for an inclusive range\n     |\n     = warning: this is accepted in the current edition (Rust 2015) but is a hard error in Rust 2021!\n     = note: for more information, see <https://doc.rust-lang.org/nightly/edition-guide/rust-2021/warnings-promoted-to-error.html>\n\nwarning: `...` range patterns are deprecated\n    --> src/dfa.rs:1695:45\n     |\n1695 |             b'A'...b'Z' | b'a'...b'z' | b'0'...b'9' | b'_' => true,\n     |                                             ^^^ help: use `..=` for an inclusive range\n     |\n     = warning: this is accepted in the current edition (Rust 2015) but is a hard error in Rust 2021!\n     = note: for more information, see <https://doc.rust-lang.org/nightly/edition-guide/rust-2021/warnings-promoted-to-error.html>\n\nwarning: unused imports: `QuickCheck`, `StdGen`, and `quickcheck`\n    --> src/dfa.rs:1847:22\n     |\n1847 |     use quickcheck::{QuickCheck, StdGen, quickcheck};\n     |                      ^^^^^^^^^^  ^^^^^^  ^^^^^^^^^^\n\nwarning: unused imports: `StateFlags`, `State`, `push_inst_ptr`, `read_vari32`, `read_varu32`, `write_vari32`, and `write_varu32`\n    --> src/dfa.rs:1849:9\n     |\n1849 |         StateFlags, State, push_inst_ptr,\n     |         ^^^^^^^^^^  ^^^^^  ^^^^^^^^^^^^^\n1850 |         write_varu32, read_varu32, write_vari32, read_vari32,\n     |         ^^^^^^^^^^^^  ^^^^^^^^^^^  ^^^^^^^^^^^^  ^^^^^^^^^^^\n\nwarning: `...` range patterns are deprecated\n   --> src/expand.rs:172:14\n    |\n172 |         b'0' ... b'9' | b'a' ... b'z' | b'A' ... b'Z' | b'_' => true,\n    |              ^^^ help: use `..=` for an inclusive range\n    |\n    = warning: this is accepted in the current edition (Rust 2015) but is a hard error in Rust 2021!\n    = note: for more information, see <https://doc.rust-lang.org/nightly/edition-guide/rust-2021/warnings-promoted-to-error.html>\n\nwarning: `...` range patterns are deprecated\n   --> src/expand.rs:172:30\n    |\n172 |         b'0' ... b'9' | b'a' ... b'z' | b'A' ... b'Z' | b'_' => true,\n    |                              ^^^ help: use `..=` for an inclusive range\n    |\n    = warning: this is accepted in the current edition (Rust 2015) but is a hard error in Rust 2021!\n    = note: for more information, see <https://doc.rust-lang.org/nightly/edition-guide/rust-2021/warnings-promoted-to-error.html>\n\nwarning: `...` range patterns are deprecated\n   --> src/expand.rs:172:46\n    |\n172 |         b'0' ... b'9' | b'a' ... b'z' | b'A' ... b'Z' | b'_' => true,\n    |                                              ^^^ help: use `..=` for an inclusive range\n    |\n    = warning: this is accepted in the current edition (Rust 2015) but is a hard error in Rust 2021!\n    = note: for more information, see <https://doc.rust-lang.org/nightly/edition-guide/rust-2021/warnings-promoted-to-error.html>\n\nwarning: unused imports: `CaptureRef` and `find_cap_ref`\n   --> src/expand.rs:179:17\n    |\n179 |     use super::{CaptureRef, find_cap_ref};\n    |                 ^^^^^^^^^^  ^^^^^^^^^^^^\n\nwarning: unused macro definition: `find`\n   --> src/expand.rs:181:18\n    |\n181 |     macro_rules! find {\n    |                  ^^^^\n    |\n    = note: `#[warn(unused_macros)]` on by default\n\nwarning: unused macro definition: `c`\n   --> src/expand.rs:196:18\n    |\n196 |     macro_rules! c {\n    |                  ^\n\nwarning: unexpected `cfg` condition name: `regex_runtime_teddy_avx2`\n --> src/literal/teddy_avx2/mod.rs:5:5\n  |\n5 |     regex_runtime_teddy_avx2,\n  |     ^^^^^^^^^^^^^^^^^^^^^^^^\n  |\n  = help: expected names are: `clippy`, `debug_assertions`, `doc`, `docsrs`, `doctest`, `feature`, `miri`, `overflow_checks`, `panic`, `proc_macro`, `relocation_model`, `rustfmt`, `sanitize`, `sanitizer_cfi_generalize_pointers`, `sanitizer_cfi_normalize_integers`, `target_abi`, `target_arch`, `target_endian`, `target_env`, `target_family`, `target_feature`, `target_has_atomic`, `target_has_atomic_equal_alignment`, `target_has_atomic_load_store`, `target_os`, `target_pointer_width`, `target_thread_local`, `target_vendor`, `test`, `ub_checks`, `unix`, and `windows`\n  = help: consider using a Cargo feature instead\n  = help: or consider adding in `Cargo.toml` the `check-cfg` lint config for the lint:\n           [lints.rust]\n           unexpected_cfgs = { level = \"warn\", check-cfg = ['cfg(regex_runtime_teddy_avx2)'] }\n  = help: or consider adding `println!(\"cargo::rustc-check-cfg=cfg(regex_runtime_teddy_avx2)\");` to the top of the `build.rs`\n  = note: see <https://doc.rust-lang.org/nightly/rustc/check-cfg/cargo-specifics.html> for more information about checking conditional configuration\n  = note: `#[warn(unexpected_cfgs)]` on by default\n\nwarning: unexpected `cfg` condition name: `regex_runtime_teddy_avx2`\n  --> src/literal/teddy_avx2/mod.rs:12:5\n   |\n12 |     regex_runtime_teddy_avx2,\n   |     ^^^^^^^^^^^^^^^^^^^^^^^^\n   |\n   = help: consider using a Cargo feature instead\n   = help: or consider adding in `Cargo.toml` the `check-cfg` lint config for the lint:\n            [lints.rust]\n            unexpected_cfgs = { level = \"warn\", check-cfg = ['cfg(regex_runtime_teddy_avx2)'] }\n   = help: or consider adding `println!(\"cargo::rustc-check-cfg=cfg(regex_runtime_teddy_avx2)\");` to the top of the `build.rs`\n   = note: see <https://doc.rust-lang.org/nightly/rustc/check-cfg/cargo-specifics.html> for more information about checking conditional configuration\n\nwarning: unexpected `cfg` condition name: `regex_runtime_teddy_ssse3`\n --> src/literal/teddy_ssse3/mod.rs:5:5\n  |\n5 |     regex_runtime_teddy_ssse3,\n  |     ^^^^^^^^^^^^^^^^^^^^^^^^^\n  |\n  = help: consider using a Cargo feature instead\n  = help: or consider adding in `Cargo.toml` the `check-cfg` lint config for the lint:\n           [lints.rust]\n           unexpected_cfgs = { level = \"warn\", check-cfg = ['cfg(regex_runtime_teddy_ssse3)'] }\n  = help: or consider adding `println!(\"cargo::rustc-check-cfg=cfg(regex_runtime_teddy_ssse3)\");` to the top of the `build.rs`\n  = note: see <https://doc.rust-lang.org/nightly/rustc/check-cfg/cargo-specifics.html> for more information about checking conditional configuration\n\nwarning: unexpected `cfg` condition name: `regex_runtime_teddy_ssse3`\n  --> src/literal/teddy_ssse3/mod.rs:12:5\n   |\n12 |     regex_runtime_teddy_ssse3,\n   |     ^^^^^^^^^^^^^^^^^^^^^^^^^\n   |\n   = help: consider using a Cargo feature instead\n   = help: or consider adding in `Cargo.toml` the `check-cfg` lint config for the lint:\n            [lints.rust]\n            unexpected_cfgs = { level = \"warn\", check-cfg = ['cfg(regex_runtime_teddy_ssse3)'] }\n   = help: or consider adding `println!(\"cargo::rustc-check-cfg=cfg(regex_runtime_teddy_ssse3)\");` to the top of the `build.rs`\n   = note: see <https://doc.rust-lang.org/nightly/rustc/check-cfg/cargo-specifics.html> for more information about checking conditional configuration\n\nwarning: unused imports: `BoyerMooreSearch` and `FreqyPacked`\n   --> src/literal/mod.rs:902:17\n    |\n902 |     use super::{BoyerMooreSearch, FreqyPacked};\n    |                 ^^^^^^^^^^^^^^^^  ^^^^^^^^^^^\n\nwarning: unused import: `quickcheck::TestResult`\n    --> src/literal/mod.rs:1004:9\n     |\n1004 |     use quickcheck::TestResult;\n     |         ^^^^^^^^^^^^^^^^^^^^^^\n\nwarning: unused import: `ntest::timeout`\n    --> src/literal/mod.rs:1145:8\n     |\n1145 |    use ntest::timeout;\n     |        ^^^^^^^^^^^^^^\n\nwarning: trait objects without an explicit `dyn` are deprecated\n  --> src/error.rs:40:32\n   |\n40 |     fn cause(&self) -> Option<&::std::error::Error> {\n   |                                ^^^^^^^^^^^^^^^^^^^\n   |\n   = warning: this is accepted in the current edition (Rust 2015) but is a hard error in Rust 2021!\n   = note: for more information, see <https://doc.rust-lang.org/nightly/edition-guide/rust-2021/warnings-promoted-to-error.html>\n   = note: `#[warn(bare_trait_objects)]` on by default\nhelp: if this is an object-safe trait, use `dyn`\n   |\n40 |     fn cause(&self) -> Option<&dyn (::std::error::Error)> {\n   |                                +++++                   +\n\nwarning: trait objects without an explicit `dyn` are deprecated\n   --> src/compile.rs:400:28\n    |\n400 |         let mut chars: Box<Iterator<Item=&char>> =\n    |                            ^^^^^^^^^^^^^^^^^^^^\n    |\n    = warning: this is accepted in the current edition (Rust 2015) but is a hard error in Rust 2021!\n    = note: for more information, see <https://doc.rust-lang.org/nightly/edition-guide/rust-2021/warnings-promoted-to-error.html>\nhelp: if this is an object-safe trait, use `dyn`\n    |\n400 |         let mut chars: Box<dyn Iterator<Item=&char>> =\n    |                            +++\n\nwarning: trait objects without an explicit `dyn` are deprecated\n   --> src/compile.rs:441:28\n    |\n441 |         let mut bytes: Box<Iterator<Item=&u8>> =\n    |                            ^^^^^^^^^^^^^^^^^^\n    |\n    = warning: this is accepted in the current edition (Rust 2015) but is a hard error in Rust 2021!\n    = note: for more information, see <https://doc.rust-lang.org/nightly/edition-guide/rust-2021/warnings-promoted-to-error.html>\nhelp: if this is an object-safe trait, use `dyn`\n    |\n441 |         let mut bytes: Box<dyn Iterator<Item=&u8>> =\n    |                            +++\n\nerror[E0599]: no method named `_find` found for reference `&TestStruct` in the current scope\n    --> src/literal/mod.rs:1158:23\n     |\n1158 |             _ => self._find(text),\n     |                       ^^^^^\n     |\nhelp: there is a method `find` with a similar name\n     |\n1158 |             _ => self.find(text),\n     |                       ~~~~\n\nFor more information about this error, try `rustc --explain E0599`.\nwarning: `regex` (lib test) generated 31 warnings\nerror: could not compile `regex` (lib test) due to 1 previous error; 31 warnings emitted\n"
                }
              ],
              "repaired": [
                false
              ]
            }
          ]
        }
      ]
    },
    {
      "chain_id": 5,
      "prompt_conds": [
        "// constraint: self.dense.len() matches 0 is true\n",
        "// constraint: self.dense.len() matches 0 is true\n",
        "// expected return value/type: None\n"
      ],
      "input_infer": "",
      "answers": [
        {
          "uses": [],
          "has_test_mod": false,
          "common": [],
          "chain_tests": [
            {
              "attrs": [],
              "prefix": [],
              "oracles": [],
              "codes": [
                [
                  "{",
                  "    struct Finder {",
                  "        dense: Vec<u8>,",
                  "    }",
                  "",
                  "    impl Finder {",
                  "        fn find(&self, text: &[u8]) -> Option<usize> {",
                  "            match self.dense.len() {",
                  "                0 => None,",
                  "                1 => memchr(self.dense[0], text),",
                  "                2 => memchr2(self.dense[0], self.dense[1], text),",
                  "                3 => memchr3(self.dense[0], self.dense[1], self.dense[2], text),",
                  "                _ => self._find(text),",
                  "            }",
                  "        }",
                  "        ",
                  "        fn _find(&self, text: &[u8]) -> Option<usize> {",
                  "            // Placeholder implementation for testing purposes.",
                  "            text.iter().position(|&b| self.dense.contains(&b))",
                  "        }",
                  "    }",
                  "",
                  "    let finder = Finder { dense: vec![] }; // Test case with an empty `dense`",
                  "    let result = finder.find(b\"some text\"); // Any arbitrary text can be used",
                  "",
                  "    assert_eq!(result, None); // Expecting None since self.dense.len() is 0",
                  "}"
                ]
              ],
              "can_compile": [
                {
                  "Ok": null
                }
              ],
              "repaired": [
                false
              ]
            }
          ]
        }
      ]
    }
  ]
}