{
  "name": "fastrand::global_rng::try_with_rng",
  "name_with_impl": "fastrand::global_rng::try_with_rng",
  "mod_info": {
    "name": "global_rng",
    "loc": "src/lib.rs:125:1:125:16"
  },
  "visible": false,
  "loc": "src/global_rng.rs:48:1:56:2",
  "fn_tests": [
    {
      "chain_id": 1,
      "prompt_conds": [],
      "input_infer": "u8: 0..=255, i8: -128..=127, u16: 0..=65535, i16: -32768..=32767, u32: 0..=4294967295, i32: -2147483648..=2147483647, u64: 0..=18446744073709551615, i64: -9223372036854775808..=9223372036854775807, u128: 0..=340282366920938463463374607431768211455, i128: -170141183460469231731687303715884105728..=170141183460469231731687303715884105727, usize: 0..=usize::MAX, isize: isize::MIN..=isize::MAX, char: '\\u{0}'..='\\u{10FFFF}'\n",
      "answers": [
        {
          "uses": [],
          "has_test_mod": false,
          "common": [],
          "chain_tests": [
            {
              "attrs": [],
              "prefix": [
                "{",
                "    try_with_rng(|rng| {",
                "        let value = rng.u8(0..=255);",
                "    }).unwrap();",
                "}"
              ],
              "oracles": [
                [
                  "    let value = rng.u8(0..=255);",
                  "    assert!(value >= 0 && value <= 255);"
                ]
              ],
              "codes": [
                [
                  "{",
                  "    try_with_rng(|rng| {",
                  "        let value = rng.u8(0..=255);",
                  "    }).unwrap();",
                  "    let value = rng.u8(0..=255);",
                  "    assert!(value >= 0 && value <= 255);",
                  "}"
                ]
              ],
              "can_compile": [
                {
                  "Err": "   Compiling proc-macro2 v1.0.95\n   Compiling libc v0.2.172\n   Compiling zerocopy v0.8.25\n   Compiling syn v1.0.109\n   Compiling quote v1.0.40\n   Compiling getrandom v0.2.16\n   Compiling rand_core v0.6.4\n   Compiling wyhash v0.5.0\n   Compiling ppv-lite86 v0.2.21\n   Compiling rand_chacha v0.3.1\n   Compiling rand v0.8.5\n   Compiling ntest_test_cases v0.9.3\n   Compiling ntest_timeout v0.9.3\n   Compiling ntest v0.9.3\n   Compiling fastrand v2.3.0 (/home/abezbm/rust-utgen-test-crates-new/fastrand)\nerror[E0425]: cannot find value `rng` in this scope\n   --> src/global_rng.rs:235:17\n    |\n30  | / std::thread_local! {\n31  | |     static RNG: Cell<Rng> = Cell::new(Rng(random_seed().unwrap_or(DEFAULT_RNG_SEED)));\n32  | | }\n    | |_- similarly named constant `RNG` defined here\n...\n235 |       let value = rng.u8(0..=255);\n    |                   ^^^ help: a constant with a similar name exists: `RNG`\n\nwarning: unused import: `ntest::timeout`\n   --> src/global_rng.rs:228:8\n    |\n228 |    use ntest::timeout;\n    |        ^^^^^^^^^^^^^^\n    |\n    = note: `#[warn(unused_imports)]` on by default\n\nFor more information about this error, try `rustc --explain E0425`.\nwarning: `fastrand` (lib test) generated 1 warning\nerror: could not compile `fastrand` (lib test) due to 1 previous error; 1 warning emitted\n"
                }
              ],
              "repaired": [
                false
              ]
            },
            {
              "attrs": [],
              "prefix": [
                "{",
                "    try_with_rng(|rng| {",
                "        let value = rng.i8(-128..=127);",
                "    }).unwrap();",
                "}"
              ],
              "oracles": [
                [
                  "    let value = rng.i8(-128..=127);",
                  "    assert!(value >= -128 && value <= 127);"
                ],
                [
                  "    let value = rng.i8(-128..=127);",
                  "    assert_eq!(std::panic::catch_unwind(|| rng.i8(1..=0)).is_err(), true);"
                ]
              ],
              "codes": [
                [
                  "{",
                  "    try_with_rng(|rng| {",
                  "        let value = rng.i8(-128..=127);",
                  "    }).unwrap();",
                  "    let value = rng.i8(-128..=127);",
                  "    assert!(value >= -128 && value <= 127);",
                  "}"
                ],
                [
                  "{",
                  "    try_with_rng(|rng| {",
                  "        let value = rng.i8(-128..=127);",
                  "    }).unwrap();",
                  "    let value = rng.i8(-128..=127);",
                  "    assert_eq!(std::panic::catch_unwind(|| rng.i8(1..=0)).is_err(), true);",
                  "}"
                ]
              ],
              "can_compile": [
                {
                  "Err": "   Compiling libc v0.2.172\n   Compiling proc-macro2 v1.0.95\n   Compiling syn v1.0.109\n   Compiling zerocopy v0.8.25\n   Compiling quote v1.0.40\n   Compiling getrandom v0.2.16\n   Compiling rand_core v0.6.4\n   Compiling wyhash v0.5.0\n   Compiling ppv-lite86 v0.2.21\n   Compiling rand_chacha v0.3.1\n   Compiling rand v0.8.5\n   Compiling ntest_test_cases v0.9.3\n   Compiling ntest_timeout v0.9.3\n   Compiling ntest v0.9.3\n   Compiling fastrand v2.3.0 (/home/abezbm/rust-utgen-test-crates-new/fastrand)\nerror[E0425]: cannot find value `rng` in this scope\n   --> src/global_rng.rs:235:17\n    |\n30  | / std::thread_local! {\n31  | |     static RNG: Cell<Rng> = Cell::new(Rng(random_seed().unwrap_or(DEFAULT_RNG_SEED)));\n32  | | }\n    | |_- similarly named constant `RNG` defined here\n...\n235 |       let value = rng.i8(-128..=127);\n    |                   ^^^ help: a constant with a similar name exists: `RNG`\n\nwarning: unused import: `ntest::timeout`\n   --> src/global_rng.rs:228:8\n    |\n228 |    use ntest::timeout;\n    |        ^^^^^^^^^^^^^^\n    |\n    = note: `#[warn(unused_imports)]` on by default\n\nFor more information about this error, try `rustc --explain E0425`.\nwarning: `fastrand` (lib test) generated 1 warning\nerror: could not compile `fastrand` (lib test) due to 1 previous error; 1 warning emitted\n"
                },
                {
                  "Err": "   Compiling proc-macro2 v1.0.95\n   Compiling libc v0.2.172\n   Compiling syn v1.0.109\n   Compiling zerocopy v0.8.25\n   Compiling quote v1.0.40\n   Compiling getrandom v0.2.16\n   Compiling rand_core v0.6.4\n   Compiling wyhash v0.5.0\n   Compiling ppv-lite86 v0.2.21\n   Compiling rand_chacha v0.3.1\n   Compiling rand v0.8.5\n   Compiling ntest_timeout v0.9.3\n   Compiling ntest_test_cases v0.9.3\n   Compiling ntest v0.9.3\n   Compiling fastrand v2.3.0 (/home/abezbm/rust-utgen-test-crates-new/fastrand)\nerror[E0425]: cannot find value `rng` in this scope\n   --> src/global_rng.rs:235:17\n    |\n30  | / std::thread_local! {\n31  | |     static RNG: Cell<Rng> = Cell::new(Rng(random_seed().unwrap_or(DEFAULT_RNG_SEED)));\n32  | | }\n    | |_- similarly named constant `RNG` defined here\n...\n235 |       let value = rng.i8(-128..=127);\n    |                   ^^^ help: a constant with a similar name exists: `RNG`\n\nerror[E0425]: cannot find value `rng` in this scope\n   --> src/global_rng.rs:236:44\n    |\n30  | / std::thread_local! {\n31  | |     static RNG: Cell<Rng> = Cell::new(Rng(random_seed().unwrap_or(DEFAULT_RNG_SEED)));\n32  | | }\n    | |_- similarly named constant `RNG` defined here\n...\n236 |       assert_eq!(std::panic::catch_unwind(|| rng.i8(1..=0)).is_err(), true);\n    |                                              ^^^ help: a constant with a similar name exists: `RNG`\n\nwarning: unused import: `ntest::timeout`\n   --> src/global_rng.rs:228:8\n    |\n228 |    use ntest::timeout;\n    |        ^^^^^^^^^^^^^^\n    |\n    = note: `#[warn(unused_imports)]` on by default\n\nFor more information about this error, try `rustc --explain E0425`.\nwarning: `fastrand` (lib test) generated 1 warning\nerror: could not compile `fastrand` (lib test) due to 2 previous errors; 1 warning emitted\n"
                }
              ],
              "repaired": [
                false,
                false
              ]
            },
            {
              "attrs": [],
              "prefix": [
                "{",
                "    try_with_rng(|rng| {",
                "        let value = rng.u16(0..=65535);",
                "    }).unwrap();",
                "}"
              ],
              "oracles": [
                [
                  "    let value = rng.u16(0..=65535);",
                  "    assert!(value >= 0 && value <= 65535);"
                ]
              ],
              "codes": [
                [
                  "{",
                  "    try_with_rng(|rng| {",
                  "        let value = rng.u16(0..=65535);",
                  "    }).unwrap();",
                  "    let value = rng.u16(0..=65535);",
                  "    assert!(value >= 0 && value <= 65535);",
                  "}"
                ]
              ],
              "can_compile": [
                {
                  "Err": "   Compiling libc v0.2.172\n   Compiling proc-macro2 v1.0.95\n   Compiling syn v1.0.109\n   Compiling zerocopy v0.8.25\n   Compiling quote v1.0.40\n   Compiling getrandom v0.2.16\n   Compiling rand_core v0.6.4\n   Compiling wyhash v0.5.0\n   Compiling ppv-lite86 v0.2.21\n   Compiling rand_chacha v0.3.1\n   Compiling rand v0.8.5\n   Compiling ntest_test_cases v0.9.3\n   Compiling ntest_timeout v0.9.3\n   Compiling ntest v0.9.3\n   Compiling fastrand v2.3.0 (/home/abezbm/rust-utgen-test-crates-new/fastrand)\nerror[E0425]: cannot find value `rng` in this scope\n   --> src/global_rng.rs:235:17\n    |\n30  | / std::thread_local! {\n31  | |     static RNG: Cell<Rng> = Cell::new(Rng(random_seed().unwrap_or(DEFAULT_RNG_SEED)));\n32  | | }\n    | |_- similarly named constant `RNG` defined here\n...\n235 |       let value = rng.u16(0..=65535);\n    |                   ^^^ help: a constant with a similar name exists: `RNG`\n\nwarning: unused import: `ntest::timeout`\n   --> src/global_rng.rs:228:8\n    |\n228 |    use ntest::timeout;\n    |        ^^^^^^^^^^^^^^\n    |\n    = note: `#[warn(unused_imports)]` on by default\n\nFor more information about this error, try `rustc --explain E0425`.\nwarning: `fastrand` (lib test) generated 1 warning\nerror: could not compile `fastrand` (lib test) due to 1 previous error; 1 warning emitted\n"
                }
              ],
              "repaired": [
                false
              ]
            },
            {
              "attrs": [],
              "prefix": [
                "{",
                "    try_with_rng(|rng| {",
                "        let value = rng.i16(-32768..=32767);",
                "    }).unwrap();",
                "}"
              ],
              "oracles": [
                [
                  "    let result = try_with_rng(|rng| {",
                  "    let value = rng.i16(-32768..=32767);",
                  "    });",
                  "    assert!(result.is_ok());"
                ],
                [
                  "    let result = try_with_rng(|rng| {",
                  "    let value = rng.i16(-32768..=32767);",
                  "    });",
                  "    let value = result.unwrap();",
                  "    assert!(value >= -32768);"
                ],
                [
                  "    let result = try_with_rng(|rng| {",
                  "    let value = rng.i16(-32768..=32767);",
                  "    });",
                  "    let value = result.unwrap();",
                  "    assert!(value <= 32767);"
                ]
              ],
              "codes": [
                [
                  "{",
                  "    try_with_rng(|rng| {",
                  "        let value = rng.i16(-32768..=32767);",
                  "    }).unwrap();",
                  "    let result = try_with_rng(|rng| {",
                  "    let value = rng.i16(-32768..=32767);",
                  "    });",
                  "    assert!(result.is_ok());",
                  "}"
                ],
                [
                  "{",
                  "    try_with_rng(|rng| {",
                  "        let value = rng.i16(-32768..=32767);",
                  "    }).unwrap();",
                  "    let result = try_with_rng(|rng| {",
                  "    let value = rng.i16(-32768..=32767);",
                  "    });",
                  "    let value = result.unwrap();",
                  "    assert!(value >= -32768);",
                  "}"
                ],
                [
                  "{",
                  "    try_with_rng(|rng| {",
                  "        let value = rng.i16(-32768..=32767);",
                  "    }).unwrap();",
                  "    let result = try_with_rng(|rng| {",
                  "    let value = rng.i16(-32768..=32767);",
                  "    });",
                  "    let value = result.unwrap();",
                  "    assert!(value <= 32767);",
                  "}"
                ]
              ],
              "can_compile": [
                {
                  "Ok": null
                },
                {
                  "Err": "   Compiling libc v0.2.172\n   Compiling proc-macro2 v1.0.95\n   Compiling syn v1.0.109\n   Compiling zerocopy v0.8.25\n   Compiling quote v1.0.40\n   Compiling getrandom v0.2.16\n   Compiling rand_core v0.6.4\n   Compiling wyhash v0.5.0\n   Compiling ppv-lite86 v0.2.21\n   Compiling rand_chacha v0.3.1\n   Compiling rand v0.8.5\n   Compiling ntest_timeout v0.9.3\n   Compiling ntest_test_cases v0.9.3\n   Compiling ntest v0.9.3\n   Compiling fastrand v2.3.0 (/home/abezbm/rust-utgen-test-crates-new/fastrand)\nwarning: unused import: `ntest::timeout`\n   --> src/global_rng.rs:228:8\n    |\n228 |    use ntest::timeout;\n    |        ^^^^^^^^^^^^^^\n    |\n    = note: `#[warn(unused_imports)]` on by default\n\nerror[E0308]: mismatched types\n   --> src/global_rng.rs:239:22\n    |\n239 |     assert!(value >= -32768);\n    |             -----    ^^^^^^ expected `()`, found integer\n    |             |\n    |             expected because this is `()`\n\nFor more information about this error, try `rustc --explain E0308`.\nwarning: `fastrand` (lib test) generated 1 warning\nerror: could not compile `fastrand` (lib test) due to 1 previous error; 1 warning emitted\n"
                },
                {
                  "Err": "   Compiling libc v0.2.172\n   Compiling proc-macro2 v1.0.95\n   Compiling zerocopy v0.8.25\n   Compiling syn v1.0.109\n   Compiling quote v1.0.40\n   Compiling getrandom v0.2.16\n   Compiling rand_core v0.6.4\n   Compiling wyhash v0.5.0\n   Compiling ppv-lite86 v0.2.21\n   Compiling rand_chacha v0.3.1\n   Compiling rand v0.8.5\n   Compiling ntest_test_cases v0.9.3\n   Compiling ntest_timeout v0.9.3\n   Compiling ntest v0.9.3\n   Compiling fastrand v2.3.0 (/home/abezbm/rust-utgen-test-crates-new/fastrand)\nwarning: unused import: `ntest::timeout`\n   --> src/global_rng.rs:228:8\n    |\n228 |    use ntest::timeout;\n    |        ^^^^^^^^^^^^^^\n    |\n    = note: `#[warn(unused_imports)]` on by default\n\nerror[E0308]: mismatched types\n   --> src/global_rng.rs:239:22\n    |\n239 |     assert!(value <= 32767);\n    |             -----    ^^^^^ expected `()`, found integer\n    |             |\n    |             expected because this is `()`\n\nFor more information about this error, try `rustc --explain E0308`.\nwarning: `fastrand` (lib test) generated 1 warning\nerror: could not compile `fastrand` (lib test) due to 1 previous error; 1 warning emitted\n"
                }
              ],
              "repaired": [
                false,
                false,
                false
              ]
            },
            {
              "attrs": [],
              "prefix": [
                "{",
                "    try_with_rng(|rng| {",
                "        let value = rng.u32(0..=4294967295);",
                "    }).unwrap();",
                "}"
              ],
              "oracles": [
                [
                  "    let value = rng.u32(0..=4294967295);",
                  "    assert!(value >= 0 && value <= 4294967295);"
                ]
              ],
              "codes": [
                [
                  "{",
                  "    try_with_rng(|rng| {",
                  "        let value = rng.u32(0..=4294967295);",
                  "    }).unwrap();",
                  "    let value = rng.u32(0..=4294967295);",
                  "    assert!(value >= 0 && value <= 4294967295);",
                  "}"
                ]
              ],
              "can_compile": [
                {
                  "Err": "   Compiling libc v0.2.172\n   Compiling proc-macro2 v1.0.95\n   Compiling zerocopy v0.8.25\n   Compiling syn v1.0.109\n   Compiling quote v1.0.40\n   Compiling getrandom v0.2.16\n   Compiling rand_core v0.6.4\n   Compiling wyhash v0.5.0\n   Compiling ppv-lite86 v0.2.21\n   Compiling rand_chacha v0.3.1\n   Compiling rand v0.8.5\n   Compiling ntest_test_cases v0.9.3\n   Compiling ntest_timeout v0.9.3\n   Compiling ntest v0.9.3\n   Compiling fastrand v2.3.0 (/home/abezbm/rust-utgen-test-crates-new/fastrand)\nerror[E0425]: cannot find value `rng` in this scope\n   --> src/global_rng.rs:235:17\n    |\n30  | / std::thread_local! {\n31  | |     static RNG: Cell<Rng> = Cell::new(Rng(random_seed().unwrap_or(DEFAULT_RNG_SEED)));\n32  | | }\n    | |_- similarly named constant `RNG` defined here\n...\n235 |       let value = rng.u32(0..=4294967295);\n    |                   ^^^ help: a constant with a similar name exists: `RNG`\n\nwarning: unused import: `ntest::timeout`\n   --> src/global_rng.rs:228:8\n    |\n228 |    use ntest::timeout;\n    |        ^^^^^^^^^^^^^^\n    |\n    = note: `#[warn(unused_imports)]` on by default\n\nFor more information about this error, try `rustc --explain E0425`.\nwarning: `fastrand` (lib test) generated 1 warning\nerror: could not compile `fastrand` (lib test) due to 1 previous error; 1 warning emitted\n"
                }
              ],
              "repaired": [
                false
              ]
            },
            {
              "attrs": [],
              "prefix": [
                "{",
                "    try_with_rng(|rng| {",
                "        let value = rng.i32(-2147483648..=2147483647);",
                "    }).unwrap();",
                "}"
              ],
              "oracles": [
                [
                  "    let value = rng.i32(-2147483648..=2147483647);",
                  "    assert!(value >= -2147483648);"
                ],
                [
                  "    let value = rng.i32(-2147483648..=2147483647);",
                  "    assert!(value <= 2147483647);"
                ]
              ],
              "codes": [
                [
                  "{",
                  "    try_with_rng(|rng| {",
                  "        let value = rng.i32(-2147483648..=2147483647);",
                  "    }).unwrap();",
                  "    let value = rng.i32(-2147483648..=2147483647);",
                  "    assert!(value >= -2147483648);",
                  "}"
                ],
                [
                  "{",
                  "    try_with_rng(|rng| {",
                  "        let value = rng.i32(-2147483648..=2147483647);",
                  "    }).unwrap();",
                  "    let value = rng.i32(-2147483648..=2147483647);",
                  "    assert!(value <= 2147483647);",
                  "}"
                ]
              ],
              "can_compile": [
                {
                  "Err": "   Compiling libc v0.2.172\n   Compiling proc-macro2 v1.0.95\n   Compiling syn v1.0.109\n   Compiling zerocopy v0.8.25\n   Compiling quote v1.0.40\n   Compiling getrandom v0.2.16\n   Compiling rand_core v0.6.4\n   Compiling wyhash v0.5.0\n   Compiling ppv-lite86 v0.2.21\n   Compiling rand_chacha v0.3.1\n   Compiling rand v0.8.5\n   Compiling ntest_test_cases v0.9.3\n   Compiling ntest_timeout v0.9.3\n   Compiling ntest v0.9.3\n   Compiling fastrand v2.3.0 (/home/abezbm/rust-utgen-test-crates-new/fastrand)\nerror[E0425]: cannot find value `rng` in this scope\n   --> src/global_rng.rs:235:17\n    |\n30  | / std::thread_local! {\n31  | |     static RNG: Cell<Rng> = Cell::new(Rng(random_seed().unwrap_or(DEFAULT_RNG_SEED)));\n32  | | }\n    | |_- similarly named constant `RNG` defined here\n...\n235 |       let value = rng.i32(-2147483648..=2147483647);\n    |                   ^^^ help: a constant with a similar name exists: `RNG`\n\nwarning: unused import: `ntest::timeout`\n   --> src/global_rng.rs:228:8\n    |\n228 |    use ntest::timeout;\n    |        ^^^^^^^^^^^^^^\n    |\n    = note: `#[warn(unused_imports)]` on by default\n\nFor more information about this error, try `rustc --explain E0425`.\nwarning: `fastrand` (lib test) generated 1 warning\nerror: could not compile `fastrand` (lib test) due to 1 previous error; 1 warning emitted\n"
                },
                {
                  "Err": "   Compiling libc v0.2.172\n   Compiling proc-macro2 v1.0.95\n   Compiling syn v1.0.109\n   Compiling zerocopy v0.8.25\n   Compiling quote v1.0.40\n   Compiling getrandom v0.2.16\n   Compiling rand_core v0.6.4\n   Compiling wyhash v0.5.0\n   Compiling ppv-lite86 v0.2.21\n   Compiling rand_chacha v0.3.1\n   Compiling rand v0.8.5\n   Compiling ntest_test_cases v0.9.3\n   Compiling ntest_timeout v0.9.3\n   Compiling ntest v0.9.3\n   Compiling fastrand v2.3.0 (/home/abezbm/rust-utgen-test-crates-new/fastrand)\nerror[E0425]: cannot find value `rng` in this scope\n   --> src/global_rng.rs:235:17\n    |\n30  | / std::thread_local! {\n31  | |     static RNG: Cell<Rng> = Cell::new(Rng(random_seed().unwrap_or(DEFAULT_RNG_SEED)));\n32  | | }\n    | |_- similarly named constant `RNG` defined here\n...\n235 |       let value = rng.i32(-2147483648..=2147483647);\n    |                   ^^^ help: a constant with a similar name exists: `RNG`\n\nwarning: unused import: `ntest::timeout`\n   --> src/global_rng.rs:228:8\n    |\n228 |    use ntest::timeout;\n    |        ^^^^^^^^^^^^^^\n    |\n    = note: `#[warn(unused_imports)]` on by default\n\nFor more information about this error, try `rustc --explain E0425`.\nwarning: `fastrand` (lib test) generated 1 warning\nerror: could not compile `fastrand` (lib test) due to 1 previous error; 1 warning emitted\n"
                }
              ],
              "repaired": [
                false,
                false
              ]
            },
            {
              "attrs": [],
              "prefix": [
                "{",
                "    try_with_rng(|rng| {",
                "        let value = rng.u64(0..=18446744073709551615);",
                "    }).unwrap();",
                "}"
              ],
              "oracles": [
                [
                  "    let value = rng.u64(0..=18446744073709551615);",
                  "    assert!(value >= 0);"
                ],
                [
                  "    let value = rng.u64(0..=18446744073709551615);",
                  "    assert!(value <= 18446744073709551615);"
                ]
              ],
              "codes": [
                [
                  "{",
                  "    try_with_rng(|rng| {",
                  "        let value = rng.u64(0..=18446744073709551615);",
                  "    }).unwrap();",
                  "    let value = rng.u64(0..=18446744073709551615);",
                  "    assert!(value >= 0);",
                  "}"
                ],
                [
                  "{",
                  "    try_with_rng(|rng| {",
                  "        let value = rng.u64(0..=18446744073709551615);",
                  "    }).unwrap();",
                  "    let value = rng.u64(0..=18446744073709551615);",
                  "    assert!(value <= 18446744073709551615);",
                  "}"
                ]
              ],
              "can_compile": [
                {
                  "Err": "   Compiling libc v0.2.172\n   Compiling proc-macro2 v1.0.95\n   Compiling zerocopy v0.8.25\n   Compiling syn v1.0.109\n   Compiling quote v1.0.40\n   Compiling getrandom v0.2.16\n   Compiling rand_core v0.6.4\n   Compiling wyhash v0.5.0\n   Compiling ppv-lite86 v0.2.21\n   Compiling rand_chacha v0.3.1\n   Compiling rand v0.8.5\n   Compiling ntest_test_cases v0.9.3\n   Compiling ntest_timeout v0.9.3\n   Compiling ntest v0.9.3\n   Compiling fastrand v2.3.0 (/home/abezbm/rust-utgen-test-crates-new/fastrand)\nerror[E0425]: cannot find value `rng` in this scope\n   --> src/global_rng.rs:235:17\n    |\n30  | / std::thread_local! {\n31  | |     static RNG: Cell<Rng> = Cell::new(Rng(random_seed().unwrap_or(DEFAULT_RNG_SEED)));\n32  | | }\n    | |_- similarly named constant `RNG` defined here\n...\n235 |       let value = rng.u64(0..=18446744073709551615);\n    |                   ^^^ help: a constant with a similar name exists: `RNG`\n\nwarning: unused import: `ntest::timeout`\n   --> src/global_rng.rs:228:8\n    |\n228 |    use ntest::timeout;\n    |        ^^^^^^^^^^^^^^\n    |\n    = note: `#[warn(unused_imports)]` on by default\n\nFor more information about this error, try `rustc --explain E0425`.\nwarning: `fastrand` (lib test) generated 1 warning\nerror: could not compile `fastrand` (lib test) due to 1 previous error; 1 warning emitted\n"
                },
                {
                  "Err": "   Compiling proc-macro2 v1.0.95\n   Compiling libc v0.2.172\n   Compiling zerocopy v0.8.25\n   Compiling syn v1.0.109\n   Compiling quote v1.0.40\n   Compiling getrandom v0.2.16\n   Compiling rand_core v0.6.4\n   Compiling wyhash v0.5.0\n   Compiling ppv-lite86 v0.2.21\n   Compiling rand_chacha v0.3.1\n   Compiling rand v0.8.5\n   Compiling ntest_timeout v0.9.3\n   Compiling ntest_test_cases v0.9.3\n   Compiling ntest v0.9.3\n   Compiling fastrand v2.3.0 (/home/abezbm/rust-utgen-test-crates-new/fastrand)\nerror[E0425]: cannot find value `rng` in this scope\n   --> src/global_rng.rs:235:17\n    |\n30  | / std::thread_local! {\n31  | |     static RNG: Cell<Rng> = Cell::new(Rng(random_seed().unwrap_or(DEFAULT_RNG_SEED)));\n32  | | }\n    | |_- similarly named constant `RNG` defined here\n...\n235 |       let value = rng.u64(0..=18446744073709551615);\n    |                   ^^^ help: a constant with a similar name exists: `RNG`\n\nwarning: unused import: `ntest::timeout`\n   --> src/global_rng.rs:228:8\n    |\n228 |    use ntest::timeout;\n    |        ^^^^^^^^^^^^^^\n    |\n    = note: `#[warn(unused_imports)]` on by default\n\nFor more information about this error, try `rustc --explain E0425`.\nwarning: `fastrand` (lib test) generated 1 warning\nerror: could not compile `fastrand` (lib test) due to 1 previous error; 1 warning emitted\n"
                }
              ],
              "repaired": [
                false,
                false
              ]
            },
            {
              "attrs": [],
              "prefix": [
                "{",
                "    try_with_rng(|rng| {",
                "        let value = rng.i64(-9223372036854775808..=9223372036854775807);",
                "    }).unwrap();",
                "}"
              ],
              "oracles": [
                [
                  "    let value = rng.i64(-9223372036854775808..=9223372036854775807);",
                  "    assert!(value >= -9223372036854775808);"
                ],
                [
                  "    let value = rng.i64(-9223372036854775808..=9223372036854775807);",
                  "    assert!(value <= 9223372036854775807);"
                ]
              ],
              "codes": [
                [
                  "{",
                  "    try_with_rng(|rng| {",
                  "        let value = rng.i64(-9223372036854775808..=9223372036854775807);",
                  "    }).unwrap();",
                  "    let value = rng.i64(-9223372036854775808..=9223372036854775807);",
                  "    assert!(value >= -9223372036854775808);",
                  "}"
                ],
                [
                  "{",
                  "    try_with_rng(|rng| {",
                  "        let value = rng.i64(-9223372036854775808..=9223372036854775807);",
                  "    }).unwrap();",
                  "    let value = rng.i64(-9223372036854775808..=9223372036854775807);",
                  "    assert!(value <= 9223372036854775807);",
                  "}"
                ]
              ],
              "can_compile": [
                {
                  "Err": "   Compiling proc-macro2 v1.0.95\n   Compiling libc v0.2.172\n   Compiling zerocopy v0.8.25\n   Compiling syn v1.0.109\n   Compiling quote v1.0.40\n   Compiling getrandom v0.2.16\n   Compiling rand_core v0.6.4\n   Compiling wyhash v0.5.0\n   Compiling ppv-lite86 v0.2.21\n   Compiling rand_chacha v0.3.1\n   Compiling rand v0.8.5\n   Compiling ntest_test_cases v0.9.3\n   Compiling ntest_timeout v0.9.3\n   Compiling ntest v0.9.3\n   Compiling fastrand v2.3.0 (/home/abezbm/rust-utgen-test-crates-new/fastrand)\nerror[E0425]: cannot find value `rng` in this scope\n   --> src/global_rng.rs:235:17\n    |\n30  | / std::thread_local! {\n31  | |     static RNG: Cell<Rng> = Cell::new(Rng(random_seed().unwrap_or(DEFAULT_RNG_SEED)));\n32  | | }\n    | |_- similarly named constant `RNG` defined here\n...\n235 |       let value = rng.i64(-9223372036854775808..=9223372036854775807);\n    |                   ^^^ help: a constant with a similar name exists: `RNG`\n\nwarning: unused import: `ntest::timeout`\n   --> src/global_rng.rs:228:8\n    |\n228 |    use ntest::timeout;\n    |        ^^^^^^^^^^^^^^\n    |\n    = note: `#[warn(unused_imports)]` on by default\n\nFor more information about this error, try `rustc --explain E0425`.\nwarning: `fastrand` (lib test) generated 1 warning\nerror: could not compile `fastrand` (lib test) due to 1 previous error; 1 warning emitted\n"
                },
                {
                  "Err": "   Compiling proc-macro2 v1.0.95\n   Compiling libc v0.2.172\n   Compiling syn v1.0.109\n   Compiling zerocopy v0.8.25\n   Compiling quote v1.0.40\n   Compiling getrandom v0.2.16\n   Compiling rand_core v0.6.4\n   Compiling wyhash v0.5.0\n   Compiling ppv-lite86 v0.2.21\n   Compiling rand_chacha v0.3.1\n   Compiling rand v0.8.5\n   Compiling ntest_timeout v0.9.3\n   Compiling ntest_test_cases v0.9.3\n   Compiling ntest v0.9.3\n   Compiling fastrand v2.3.0 (/home/abezbm/rust-utgen-test-crates-new/fastrand)\nerror[E0425]: cannot find value `rng` in this scope\n   --> src/global_rng.rs:235:17\n    |\n30  | / std::thread_local! {\n31  | |     static RNG: Cell<Rng> = Cell::new(Rng(random_seed().unwrap_or(DEFAULT_RNG_SEED)));\n32  | | }\n    | |_- similarly named constant `RNG` defined here\n...\n235 |       let value = rng.i64(-9223372036854775808..=9223372036854775807);\n    |                   ^^^ help: a constant with a similar name exists: `RNG`\n\nwarning: unused import: `ntest::timeout`\n   --> src/global_rng.rs:228:8\n    |\n228 |    use ntest::timeout;\n    |        ^^^^^^^^^^^^^^\n    |\n    = note: `#[warn(unused_imports)]` on by default\n\nFor more information about this error, try `rustc --explain E0425`.\nwarning: `fastrand` (lib test) generated 1 warning\nerror: could not compile `fastrand` (lib test) due to 1 previous error; 1 warning emitted\n"
                }
              ],
              "repaired": [
                false,
                false
              ]
            },
            {
              "attrs": [],
              "prefix": [
                "{",
                "    try_with_rng(|rng| {",
                "        let value = rng.u128(0..=340282366920938463463374607431768211455);",
                "    }).unwrap();",
                "}"
              ],
              "oracles": [
                [
                  "    let range = 0..=340282366920938463463374607431768211455;",
                  "    assert!(value >= range.start && value <= range.end);"
                ]
              ],
              "codes": [
                [
                  "{",
                  "    try_with_rng(|rng| {",
                  "        let value = rng.u128(0..=340282366920938463463374607431768211455);",
                  "    }).unwrap();",
                  "    let range = 0..=340282366920938463463374607431768211455;",
                  "    assert!(value >= range.start && value <= range.end);",
                  "}"
                ]
              ],
              "can_compile": [
                {
                  "Err": "   Compiling proc-macro2 v1.0.95\n   Compiling libc v0.2.172\n   Compiling syn v1.0.109\n   Compiling zerocopy v0.8.25\n   Compiling quote v1.0.40\n   Compiling getrandom v0.2.16\n   Compiling rand_core v0.6.4\n   Compiling wyhash v0.5.0\n   Compiling ppv-lite86 v0.2.21\n   Compiling rand_chacha v0.3.1\n   Compiling rand v0.8.5\n   Compiling ntest_timeout v0.9.3\n   Compiling ntest_test_cases v0.9.3\n   Compiling ntest v0.9.3\n   Compiling fastrand v2.3.0 (/home/abezbm/rust-utgen-test-crates-new/fastrand)\nerror[E0425]: cannot find value `value` in this scope\n   --> src/global_rng.rs:236:13\n    |\n236 |     assert!(value >= range.start && value <= range.end);\n    |             ^^^^^\n    |\nhelp: the binding `value` is available in a different scope in the same function\n   --> src/global_rng.rs:233:13\n    |\n233 |         let value = rng.u128(0..=340282366920938463463374607431768211455);\n    |             ^^^^^\n\nerror[E0425]: cannot find value `value` in this scope\n   --> src/global_rng.rs:236:37\n    |\n236 |     assert!(value >= range.start && value <= range.end);\n    |                                     ^^^^^\n    |\nhelp: the binding `value` is available in a different scope in the same function\n   --> src/global_rng.rs:233:13\n    |\n233 |         let value = rng.u128(0..=340282366920938463463374607431768211455);\n    |             ^^^^^\n\nwarning: unused import: `ntest::timeout`\n   --> src/global_rng.rs:228:8\n    |\n228 |    use ntest::timeout;\n    |        ^^^^^^^^^^^^^^\n    |\n    = note: `#[warn(unused_imports)]` on by default\n\nerror[E0616]: field `start` of struct `std::ops::RangeInclusive` is private\n   --> src/global_rng.rs:236:28\n    |\n236 |     assert!(value >= range.start && value <= range.end);\n    |                            ^^^^^ private field\n    |\nhelp: a method `start` also exists, call it with parentheses\n    |\n236 |     assert!(value >= range.start() && value <= range.end);\n    |                                 ++\n\nerror[E0616]: field `end` of struct `std::ops::RangeInclusive` is private\n   --> src/global_rng.rs:236:52\n    |\n236 |     assert!(value >= range.start && value <= range.end);\n    |                                                    ^^^ private field\n    |\nhelp: a method `end` also exists, call it with parentheses\n    |\n236 |     assert!(value >= range.start && value <= range.end());\n    |                                                       ++\n\nSome errors have detailed explanations: E0425, E0616.\nFor more information about an error, try `rustc --explain E0425`.\nwarning: `fastrand` (lib test) generated 1 warning\nerror: could not compile `fastrand` (lib test) due to 4 previous errors; 1 warning emitted\n"
                }
              ],
              "repaired": [
                false
              ]
            },
            {
              "attrs": [],
              "prefix": [
                "{",
                "    try_with_rng(|rng| {",
                "        let value = rng.i128(-170141183460469231731687303715884105728..=170141183460469231731687303715884105727);",
                "    }).unwrap();",
                "}"
              ],
              "oracles": [
                [
                  "    let value = rng.i128(-170141183460469231731687303715884105728..=170141183460469231731687303715884105727);",
                  "    assert!(value >= -170141183460469231731687303715884105728 && value <= 170141183460469231731687303715884105727);"
                ]
              ],
              "codes": [
                [
                  "{",
                  "    try_with_rng(|rng| {",
                  "        let value = rng.i128(-170141183460469231731687303715884105728..=170141183460469231731687303715884105727);",
                  "    }).unwrap();",
                  "    let value = rng.i128(-170141183460469231731687303715884105728..=170141183460469231731687303715884105727);",
                  "    assert!(value >= -170141183460469231731687303715884105728 && value <= 170141183460469231731687303715884105727);",
                  "}"
                ]
              ],
              "can_compile": [
                {
                  "Err": "   Compiling proc-macro2 v1.0.95\n   Compiling libc v0.2.172\n   Compiling zerocopy v0.8.25\n   Compiling syn v1.0.109\n   Compiling quote v1.0.40\n   Compiling getrandom v0.2.16\n   Compiling rand_core v0.6.4\n   Compiling wyhash v0.5.0\n   Compiling ppv-lite86 v0.2.21\n   Compiling rand_chacha v0.3.1\n   Compiling rand v0.8.5\n   Compiling ntest_test_cases v0.9.3\n   Compiling ntest_timeout v0.9.3\n   Compiling ntest v0.9.3\n   Compiling fastrand v2.3.0 (/home/abezbm/rust-utgen-test-crates-new/fastrand)\nerror[E0425]: cannot find value `rng` in this scope\n   --> src/global_rng.rs:235:17\n    |\n30  | / std::thread_local! {\n31  | |     static RNG: Cell<Rng> = Cell::new(Rng(random_seed().unwrap_or(DEFAULT_RNG_SEED)));\n32  | | }\n    | |_- similarly named constant `RNG` defined here\n...\n235 |       let value = rng.i128(-170141183460469231731687303715884105728..=170141183460469231731687303715884105727);\n    |                   ^^^ help: a constant with a similar name exists: `RNG`\n\nwarning: unused import: `ntest::timeout`\n   --> src/global_rng.rs:228:8\n    |\n228 |    use ntest::timeout;\n    |        ^^^^^^^^^^^^^^\n    |\n    = note: `#[warn(unused_imports)]` on by default\n\nFor more information about this error, try `rustc --explain E0425`.\nwarning: `fastrand` (lib test) generated 1 warning\nerror: could not compile `fastrand` (lib test) due to 1 previous error; 1 warning emitted\n"
                }
              ],
              "repaired": [
                false
              ]
            },
            {
              "attrs": [],
              "prefix": [
                "{",
                "    try_with_rng(|rng| {",
                "        let value = rng.usize(0..=usize::MAX);",
                "    }).unwrap();",
                "}"
              ],
              "oracles": [
                [
                  "    let value = rng.usize(0..=usize::MAX);",
                  "    assert!(value <= usize::MAX && value >= 0);"
                ],
                [
                  "    let value = rng.usize(0..=usize::MAX);",
                  "    assert_eq!(value, value);"
                ]
              ],
              "codes": [
                [
                  "{",
                  "    try_with_rng(|rng| {",
                  "        let value = rng.usize(0..=usize::MAX);",
                  "    }).unwrap();",
                  "    let value = rng.usize(0..=usize::MAX);",
                  "    assert!(value <= usize::MAX && value >= 0);",
                  "}"
                ],
                [
                  "{",
                  "    try_with_rng(|rng| {",
                  "        let value = rng.usize(0..=usize::MAX);",
                  "    }).unwrap();",
                  "    let value = rng.usize(0..=usize::MAX);",
                  "    assert_eq!(value, value);",
                  "}"
                ]
              ],
              "can_compile": [
                {
                  "Err": "   Compiling libc v0.2.172\n   Compiling proc-macro2 v1.0.95\n   Compiling syn v1.0.109\n   Compiling zerocopy v0.8.25\n   Compiling quote v1.0.40\n   Compiling getrandom v0.2.16\n   Compiling rand_core v0.6.4\n   Compiling wyhash v0.5.0\n   Compiling ppv-lite86 v0.2.21\n   Compiling rand_chacha v0.3.1\n   Compiling rand v0.8.5\n   Compiling ntest_test_cases v0.9.3\n   Compiling ntest_timeout v0.9.3\n   Compiling ntest v0.9.3\n   Compiling fastrand v2.3.0 (/home/abezbm/rust-utgen-test-crates-new/fastrand)\nerror[E0425]: cannot find value `rng` in this scope\n   --> src/global_rng.rs:235:17\n    |\n30  | / std::thread_local! {\n31  | |     static RNG: Cell<Rng> = Cell::new(Rng(random_seed().unwrap_or(DEFAULT_RNG_SEED)));\n32  | | }\n    | |_- similarly named constant `RNG` defined here\n...\n235 |       let value = rng.usize(0..=usize::MAX);\n    |                   ^^^ help: a constant with a similar name exists: `RNG`\n\nwarning: unused import: `ntest::timeout`\n   --> src/global_rng.rs:228:8\n    |\n228 |    use ntest::timeout;\n    |        ^^^^^^^^^^^^^^\n    |\n    = note: `#[warn(unused_imports)]` on by default\n\nFor more information about this error, try `rustc --explain E0425`.\nwarning: `fastrand` (lib test) generated 1 warning\nerror: could not compile `fastrand` (lib test) due to 1 previous error; 1 warning emitted\n"
                },
                {
                  "Err": "   Compiling proc-macro2 v1.0.95\n   Compiling libc v0.2.172\n   Compiling syn v1.0.109\n   Compiling zerocopy v0.8.25\n   Compiling quote v1.0.40\n   Compiling getrandom v0.2.16\n   Compiling rand_core v0.6.4\n   Compiling wyhash v0.5.0\n   Compiling ppv-lite86 v0.2.21\n   Compiling rand_chacha v0.3.1\n   Compiling rand v0.8.5\n   Compiling ntest_test_cases v0.9.3\n   Compiling ntest_timeout v0.9.3\n   Compiling ntest v0.9.3\n   Compiling fastrand v2.3.0 (/home/abezbm/rust-utgen-test-crates-new/fastrand)\nerror[E0425]: cannot find value `rng` in this scope\n   --> src/global_rng.rs:235:17\n    |\n30  | / std::thread_local! {\n31  | |     static RNG: Cell<Rng> = Cell::new(Rng(random_seed().unwrap_or(DEFAULT_RNG_SEED)));\n32  | | }\n    | |_- similarly named constant `RNG` defined here\n...\n235 |       let value = rng.usize(0..=usize::MAX);\n    |                   ^^^ help: a constant with a similar name exists: `RNG`\n\nwarning: unused import: `ntest::timeout`\n   --> src/global_rng.rs:228:8\n    |\n228 |    use ntest::timeout;\n    |        ^^^^^^^^^^^^^^\n    |\n    = note: `#[warn(unused_imports)]` on by default\n\nFor more information about this error, try `rustc --explain E0425`.\nwarning: `fastrand` (lib test) generated 1 warning\nerror: could not compile `fastrand` (lib test) due to 1 previous error; 1 warning emitted\n"
                }
              ],
              "repaired": [
                false,
                false
              ]
            },
            {
              "attrs": [],
              "prefix": [
                "{",
                "    try_with_rng(|rng| {",
                "        let value = rng.isize(isize::MIN..=isize::MAX);",
                "    }).unwrap();",
                "}"
              ],
              "oracles": [
                [
                  "    let value = try_with_rng(|rng| rng.isize(isize::MIN..=isize::MAX)).unwrap();",
                  "    assert!(value >= isize::MIN && value <= isize::MAX);"
                ]
              ],
              "codes": [
                [
                  "{",
                  "    try_with_rng(|rng| {",
                  "        let value = rng.isize(isize::MIN..=isize::MAX);",
                  "    }).unwrap();",
                  "    let value = try_with_rng(|rng| rng.isize(isize::MIN..=isize::MAX)).unwrap();",
                  "    assert!(value >= isize::MIN && value <= isize::MAX);",
                  "}"
                ]
              ],
              "can_compile": [
                {
                  "Ok": null
                }
              ],
              "repaired": [
                false
              ]
            },
            {
              "attrs": [],
              "prefix": [
                "{",
                "    try_with_rng(|rng| {",
                "        let value = rng.char('\\u{0}'..='\\u{10FFFF}');",
                "    }).unwrap();",
                "}"
              ],
              "oracles": [
                [
                  "    let value = rng.char('\\u{0}'..='\\u{10FFFF}');",
                  "    assert!(value >= '\\u{0}' && value <= '\\u{10FFFF}');"
                ]
              ],
              "codes": [
                [
                  "{",
                  "    try_with_rng(|rng| {",
                  "        let value = rng.char('\\u{0}'..='\\u{10FFFF}');",
                  "    }).unwrap();",
                  "    let value = rng.char('\\u{0}'..='\\u{10FFFF}');",
                  "    assert!(value >= '\\u{0}' && value <= '\\u{10FFFF}');",
                  "}"
                ]
              ],
              "can_compile": [
                {
                  "Err": "   Compiling proc-macro2 v1.0.95\n   Compiling libc v0.2.172\n   Compiling syn v1.0.109\n   Compiling zerocopy v0.8.25\n   Compiling quote v1.0.40\n   Compiling getrandom v0.2.16\n   Compiling rand_core v0.6.4\n   Compiling wyhash v0.5.0\n   Compiling ppv-lite86 v0.2.21\n   Compiling rand_chacha v0.3.1\n   Compiling rand v0.8.5\n   Compiling ntest_test_cases v0.9.3\n   Compiling ntest_timeout v0.9.3\n   Compiling ntest v0.9.3\n   Compiling fastrand v2.3.0 (/home/abezbm/rust-utgen-test-crates-new/fastrand)\nerror[E0425]: cannot find value `rng` in this scope\n   --> src/global_rng.rs:235:17\n    |\n30  | / std::thread_local! {\n31  | |     static RNG: Cell<Rng> = Cell::new(Rng(random_seed().unwrap_or(DEFAULT_RNG_SEED)));\n32  | | }\n    | |_- similarly named constant `RNG` defined here\n...\n235 |       let value = rng.char('\\u{0}'..='\\u{10FFFF}');\n    |                   ^^^ help: a constant with a similar name exists: `RNG`\n\nwarning: unused import: `ntest::timeout`\n   --> src/global_rng.rs:228:8\n    |\n228 |    use ntest::timeout;\n    |        ^^^^^^^^^^^^^^\n    |\n    = note: `#[warn(unused_imports)]` on by default\n\nFor more information about this error, try `rustc --explain E0425`.\nwarning: `fastrand` (lib test) generated 1 warning\nerror: could not compile `fastrand` (lib test) due to 1 previous error; 1 warning emitted\n"
                }
              ],
              "repaired": [
                false
              ]
            }
          ]
        }
      ]
    }
  ]
}