<?xml version="1.0" ?>
<!DOCTYPE coverage SYSTEM "https://cobertura.sourceforge.net/xml/coverage-04.dtd">
<coverage branch-rate="0.35714285714285715" branches-covered="5" branches-valid="14" complexity="0" line-rate="0.7654784240150094" lines-covered="816" lines-valid="1066" timestamp="1748617798" version="2.0.3">
    <sources>
        <source>/home/abezbm/rust-utgen-test-crates-rug/quote</source>
    </sources>
    <packages>
        <package line-rate="0.7654784240150094" branch-rate="0.35714285714285715" name="src" complexity="0">
            <classes>
                <class branch-rate="0" complexity="0" filename="src/ident_fragment.rs" line-rate="0.18181818181818182" name="src.ident_fragment.rs">
                    <methods>
                        <method name="&lt;&amp;_ as quote::ident_fragment::IdentFragment&gt;::fmt" signature="" complexity="0" line-rate="0" branch-rate="0">
                            <lines>
                                <line hits="0" number="30" branch="false"/>
                            </lines>
                        </method>
                        <method name="&lt;&amp;_ as quote::ident_fragment::IdentFragment&gt;::span" signature="" complexity="0" line-rate="0" branch-rate="0">
                            <lines>
                                <line hits="0" number="26" branch="false"/>
                            </lines>
                        </method>
                        <method name="&lt;alloc::borrow::Cow&lt;_&gt; as quote::ident_fragment::IdentFragment&gt;::fmt" signature="" complexity="0" line-rate="0" branch-rate="0">
                            <lines>
                                <line hits="0" number="68" branch="false"/>
                            </lines>
                        </method>
                        <method name="&lt;alloc::borrow::Cow&lt;_&gt; as quote::ident_fragment::IdentFragment&gt;::span" signature="" complexity="0" line-rate="0" branch-rate="0">
                            <lines>
                                <line hits="0" number="64" branch="false"/>
                            </lines>
                        </method>
                        <method name="&lt;&amp;mut _ as quote::ident_fragment::IdentFragment&gt;::fmt" signature="" complexity="0" line-rate="0" branch-rate="0">
                            <lines>
                                <line hits="0" number="40" branch="false"/>
                            </lines>
                        </method>
                        <method name="&lt;&amp;mut _ as quote::ident_fragment::IdentFragment&gt;::span" signature="" complexity="0" line-rate="0" branch-rate="0">
                            <lines>
                                <line hits="0" number="36" branch="false"/>
                            </lines>
                        </method>
                        <method name="&lt;&amp;_ as quote::ident_fragment::IdentFragment&gt;::fmt" signature="" complexity="0" line-rate="0" branch-rate="0">
                            <lines>
                                <line hits="0" number="30" branch="false"/>
                            </lines>
                        </method>
                        <method name="&lt;&amp;_ as quote::ident_fragment::IdentFragment&gt;::span" signature="" complexity="0" line-rate="0" branch-rate="0">
                            <lines>
                                <line hits="0" number="26" branch="false"/>
                            </lines>
                        </method>
                        <method name="&lt;alloc::borrow::Cow&lt;_&gt; as quote::ident_fragment::IdentFragment&gt;::fmt" signature="" complexity="0" line-rate="0" branch-rate="0">
                            <lines>
                                <line hits="0" number="68" branch="false"/>
                            </lines>
                        </method>
                        <method name="&lt;alloc::borrow::Cow&lt;_&gt; as quote::ident_fragment::IdentFragment&gt;::span" signature="" complexity="0" line-rate="0" branch-rate="0">
                            <lines>
                                <line hits="0" number="64" branch="false"/>
                            </lines>
                        </method>
                        <method name="&lt;&amp;mut _ as quote::ident_fragment::IdentFragment&gt;::fmt" signature="" complexity="0" line-rate="0" branch-rate="0">
                            <lines>
                                <line hits="0" number="40" branch="false"/>
                            </lines>
                        </method>
                        <method name="&lt;&amp;mut _ as quote::ident_fragment::IdentFragment&gt;::span" signature="" complexity="0" line-rate="0" branch-rate="0">
                            <lines>
                                <line hits="0" number="36" branch="false"/>
                            </lines>
                        </method>
                        <method name="&lt;&amp;alloc::borrow::Cow&lt;str&gt; as quote::ident_fragment::IdentFragment&gt;::fmt" signature="" complexity="0" line-rate="0" branch-rate="0">
                            <lines>
                                <line hits="0" number="30" branch="false"/>
                            </lines>
                        </method>
                        <method name="&lt;&amp;alloc::borrow::Cow&lt;str&gt; as quote::ident_fragment::IdentFragment&gt;::span" signature="" complexity="0" line-rate="0" branch-rate="0">
                            <lines>
                                <line hits="0" number="26" branch="false"/>
                            </lines>
                        </method>
                        <method name="&lt;&amp;proc_macro2::Ident as quote::ident_fragment::IdentFragment&gt;::fmt" signature="" complexity="0" line-rate="0" branch-rate="0">
                            <lines>
                                <line hits="0" number="30" branch="false"/>
                            </lines>
                        </method>
                        <method name="&lt;&amp;proc_macro2::Ident as quote::ident_fragment::IdentFragment&gt;::span" signature="" complexity="0" line-rate="0" branch-rate="0">
                            <lines>
                                <line hits="0" number="26" branch="false"/>
                            </lines>
                        </method>
                        <method name="&lt;&amp;usize as quote::ident_fragment::IdentFragment&gt;::fmt" signature="" complexity="0" line-rate="0" branch-rate="0">
                            <lines>
                                <line hits="0" number="30" branch="false"/>
                            </lines>
                        </method>
                        <method name="&lt;&amp;usize as quote::ident_fragment::IdentFragment&gt;::span" signature="" complexity="0" line-rate="0" branch-rate="0">
                            <lines>
                                <line hits="0" number="26" branch="false"/>
                            </lines>
                        </method>
                        <method name="&lt;proc_macro2::Ident as quote::ident_fragment::IdentFragment&gt;::fmt" signature="" complexity="0" line-rate="0" branch-rate="0">
                            <lines>
                                <line hits="0" number="50" branch="false"/>
                            </lines>
                        </method>
                        <method name="&lt;proc_macro2::Ident as quote::ident_fragment::IdentFragment&gt;::span" signature="" complexity="0" line-rate="0" branch-rate="0">
                            <lines>
                                <line hits="0" number="46" branch="false"/>
                            </lines>
                        </method>
                        <method name="&lt;proc_macro2::Ident as quote::ident_fragment::IdentFragment&gt;::fmt" signature="" complexity="0" line-rate="0" branch-rate="0">
                            <lines>
                                <line hits="0" number="50" branch="false"/>
                            </lines>
                        </method>
                        <method name="&lt;proc_macro2::Ident as quote::ident_fragment::IdentFragment&gt;::span" signature="" complexity="0" line-rate="1" branch-rate="1">
                            <lines>
                                <line hits="1" number="46" branch="false"/>
                            </lines>
                        </method>
                        <method name="&lt;alloc::borrow::Cow&lt;str&gt; as quote::ident_fragment::IdentFragment&gt;::fmt" signature="" complexity="0" line-rate="0" branch-rate="0">
                            <lines>
                                <line hits="0" number="68" branch="false"/>
                            </lines>
                        </method>
                        <method name="&lt;alloc::borrow::Cow&lt;str&gt; as quote::ident_fragment::IdentFragment&gt;::span" signature="" complexity="0" line-rate="0" branch-rate="0">
                            <lines>
                                <line hits="0" number="64" branch="false"/>
                            </lines>
                        </method>
                        <method name="&lt;bool as quote::ident_fragment::IdentFragment&gt;::fmt" signature="" complexity="0" line-rate="0" branch-rate="0">
                            <lines>
                                <line hits="0" number="79" branch="false"/>
                            </lines>
                        </method>
                        <method name="&lt;bool as quote::ident_fragment::IdentFragment&gt;::fmt" signature="" complexity="0" line-rate="0" branch-rate="0">
                            <lines>
                                <line hits="0" number="79" branch="false"/>
                            </lines>
                        </method>
                        <method name="&lt;str as quote::ident_fragment::IdentFragment&gt;::fmt" signature="" complexity="0" line-rate="0" branch-rate="0">
                            <lines>
                                <line hits="0" number="79" branch="false"/>
                            </lines>
                        </method>
                        <method name="&lt;str as quote::ident_fragment::IdentFragment&gt;::fmt" signature="" complexity="0" line-rate="0" branch-rate="0">
                            <lines>
                                <line hits="0" number="79" branch="false"/>
                            </lines>
                        </method>
                        <method name="&lt;alloc::string::String as quote::ident_fragment::IdentFragment&gt;::fmt" signature="" complexity="0" line-rate="0" branch-rate="0">
                            <lines>
                                <line hits="0" number="79" branch="false"/>
                            </lines>
                        </method>
                        <method name="&lt;alloc::string::String as quote::ident_fragment::IdentFragment&gt;::fmt" signature="" complexity="0" line-rate="0" branch-rate="0">
                            <lines>
                                <line hits="0" number="79" branch="false"/>
                            </lines>
                        </method>
                        <method name="&lt;char as quote::ident_fragment::IdentFragment&gt;::fmt" signature="" complexity="0" line-rate="0" branch-rate="0">
                            <lines>
                                <line hits="0" number="79" branch="false"/>
                            </lines>
                        </method>
                        <method name="&lt;char as quote::ident_fragment::IdentFragment&gt;::fmt" signature="" complexity="0" line-rate="0" branch-rate="0">
                            <lines>
                                <line hits="0" number="79" branch="false"/>
                            </lines>
                        </method>
                        <method name="&lt;u8 as quote::ident_fragment::IdentFragment&gt;::fmt" signature="" complexity="0" line-rate="0" branch-rate="0">
                            <lines>
                                <line hits="0" number="79" branch="false"/>
                            </lines>
                        </method>
                        <method name="&lt;u8 as quote::ident_fragment::IdentFragment&gt;::fmt" signature="" complexity="0" line-rate="0" branch-rate="0">
                            <lines>
                                <line hits="0" number="79" branch="false"/>
                            </lines>
                        </method>
                        <method name="&lt;u16 as quote::ident_fragment::IdentFragment&gt;::fmt" signature="" complexity="0" line-rate="0" branch-rate="0">
                            <lines>
                                <line hits="0" number="79" branch="false"/>
                            </lines>
                        </method>
                        <method name="&lt;u16 as quote::ident_fragment::IdentFragment&gt;::fmt" signature="" complexity="0" line-rate="0" branch-rate="0">
                            <lines>
                                <line hits="0" number="79" branch="false"/>
                            </lines>
                        </method>
                        <method name="&lt;u32 as quote::ident_fragment::IdentFragment&gt;::fmt" signature="" complexity="0" line-rate="0" branch-rate="0">
                            <lines>
                                <line hits="0" number="79" branch="false"/>
                            </lines>
                        </method>
                        <method name="&lt;u32 as quote::ident_fragment::IdentFragment&gt;::fmt" signature="" complexity="0" line-rate="0" branch-rate="0">
                            <lines>
                                <line hits="0" number="79" branch="false"/>
                            </lines>
                        </method>
                        <method name="&lt;u64 as quote::ident_fragment::IdentFragment&gt;::fmt" signature="" complexity="0" line-rate="0" branch-rate="0">
                            <lines>
                                <line hits="0" number="79" branch="false"/>
                            </lines>
                        </method>
                        <method name="&lt;u64 as quote::ident_fragment::IdentFragment&gt;::fmt" signature="" complexity="0" line-rate="0" branch-rate="0">
                            <lines>
                                <line hits="0" number="79" branch="false"/>
                            </lines>
                        </method>
                        <method name="&lt;u128 as quote::ident_fragment::IdentFragment&gt;::fmt" signature="" complexity="0" line-rate="0" branch-rate="0">
                            <lines>
                                <line hits="0" number="79" branch="false"/>
                            </lines>
                        </method>
                        <method name="&lt;u128 as quote::ident_fragment::IdentFragment&gt;::fmt" signature="" complexity="0" line-rate="0" branch-rate="0">
                            <lines>
                                <line hits="0" number="79" branch="false"/>
                            </lines>
                        </method>
                        <method name="&lt;usize as quote::ident_fragment::IdentFragment&gt;::fmt" signature="" complexity="0" line-rate="0" branch-rate="0">
                            <lines>
                                <line hits="0" number="79" branch="false"/>
                            </lines>
                        </method>
                        <method name="&lt;usize as quote::ident_fragment::IdentFragment&gt;::fmt" signature="" complexity="0" line-rate="0" branch-rate="0">
                            <lines>
                                <line hits="0" number="79" branch="false"/>
                            </lines>
                        </method>
                        <method name="&lt;quote::__private::tests_llm_16_82::test_span_none::Dummy as quote::ident_fragment::IdentFragment&gt;::span" signature="" complexity="0" line-rate="1" branch-rate="1">
                            <lines>
                                <line hits="1" number="20" branch="false"/>
                            </lines>
                        </method>
                        <method name="&lt;str as quote::ident_fragment::IdentFragment&gt;::span" signature="" complexity="0" line-rate="0" branch-rate="0">
                            <lines>
                                <line hits="0" number="20" branch="false"/>
                            </lines>
                        </method>
                        <method name="&lt;usize as quote::ident_fragment::IdentFragment&gt;::span" signature="" complexity="0" line-rate="0" branch-rate="0">
                            <lines>
                                <line hits="0" number="20" branch="false"/>
                            </lines>
                        </method>
                        <method name="&lt;_ as quote::ident_fragment::IdentFragment&gt;::span" signature="" complexity="0" line-rate="0" branch-rate="0">
                            <lines>
                                <line hits="0" number="20" branch="false"/>
                            </lines>
                        </method>
                    </methods>
                    <lines>
                        <line branch="false" hits="1" number="20"/>
                        <line branch="false" hits="1" number="21"/>
                        <line branch="false" hits="1" number="22"/>
                        <line branch="false" hits="0" number="26"/>
                        <line branch="false" hits="0" number="27"/>
                        <line branch="false" hits="0" number="28"/>
                        <line branch="false" hits="0" number="30"/>
                        <line branch="false" hits="0" number="31"/>
                        <line branch="false" hits="0" number="32"/>
                        <line branch="false" hits="0" number="36"/>
                        <line branch="false" hits="0" number="37"/>
                        <line branch="false" hits="0" number="38"/>
                        <line branch="false" hits="0" number="40"/>
                        <line branch="false" hits="0" number="41"/>
                        <line branch="false" hits="0" number="42"/>
                        <line branch="false" hits="1" number="46"/>
                        <line branch="false" hits="1" number="47"/>
                        <line branch="false" hits="1" number="48"/>
                        <line branch="false" hits="0" number="50"/>
                        <line branch="false" hits="0" number="51"/>
                        <line branch="true" hits="0" number="52" condition-coverage="0% (0/2)"/>
                        <line branch="false" hits="0" number="53"/>
                        <line branch="false" hits="0" number="55"/>
                        <line branch="false" hits="0" number="57"/>
                        <line branch="false" hits="0" number="64"/>
                        <line branch="false" hits="0" number="65"/>
                        <line branch="false" hits="0" number="66"/>
                        <line branch="false" hits="0" number="68"/>
                        <line branch="false" hits="0" number="69"/>
                        <line branch="false" hits="0" number="70"/>
                        <line branch="false" hits="0" number="79"/>
                        <line branch="false" hits="0" number="80"/>
                        <line branch="false" hits="0" number="81"/>
                    </lines>
                </class>
                <class branch-rate="0.5" complexity="0" filename="src/runtime.rs" line-rate="0.809593023255814" name="src.runtime.rs">
                    <methods>
                        <method name="quote::__private::get_span::&lt;proc_macro2::Span&gt;" signature="" complexity="0" line-rate="0" branch-rate="0">
                            <lines>
                                <line hits="0" number="194" branch="false"/>
                            </lines>
                        </method>
                        <method name="quote::__private::get_span::&lt;proc_macro2::extra::DelimSpan&gt;" signature="" complexity="0" line-rate="0" branch-rate="0">
                            <lines>
                                <line hits="0" number="194" branch="false"/>
                            </lines>
                        </method>
                        <method name="quote::__private::get_span::&lt;_&gt;" signature="" complexity="0" line-rate="0" branch-rate="0">
                            <lines>
                                <line hits="0" number="194" branch="false"/>
                            </lines>
                        </method>
                        <method name="quote::__private::get_span::&lt;_&gt;" signature="" complexity="0" line-rate="0" branch-rate="0">
                            <lines>
                                <line hits="0" number="194" branch="false"/>
                            </lines>
                        </method>
                        <method name="quote::__private::parse_spanned::{closure#0}" signature="" complexity="0" line-rate="0" branch-rate="0">
                            <lines>
                                <line hits="0" number="275" branch="false"/>
                            </lines>
                        </method>
                        <method name="quote::__private::respan_token_tree::{closure#0}" signature="" complexity="0" line-rate="0" branch-rate="0">
                            <lines>
                                <line hits="0" number="285" branch="false"/>
                            </lines>
                        </method>
                        <method name="quote::__private::parse_spanned::{closure#0}" signature="" complexity="0" line-rate="0" branch-rate="0">
                            <lines>
                                <line hits="0" number="275" branch="false"/>
                            </lines>
                        </method>
                        <method name="quote::__private::respan_token_tree::{closure#0}" signature="" complexity="0" line-rate="0" branch-rate="0">
                            <lines>
                                <line hits="0" number="285" branch="false"/>
                            </lines>
                        </method>
                        <method name="quote::__private::tests_llm_16_99::test_push_and::{closure#0}" signature="" complexity="0" line-rate="1" branch-rate="1">
                            <lines>
                                <line hits="1" number="694" branch="false"/>
                            </lines>
                        </method>
                        <method name="quote::__private::tests_llm_16_181::test_push_shr_eq_spanned::{closure#0}" signature="" complexity="0" line-rate="1" branch-rate="1">
                            <lines>
                                <line hits="3" number="1290" branch="false"/>
                            </lines>
                        </method>
                        <method name="&lt;quote::__private::get_span::GetSpan&lt;proc_macro2::Span&gt;&gt;::__into_span" signature="" complexity="0" line-rate="0" branch-rate="0">
                            <lines>
                                <line hits="0" number="211" branch="false"/>
                            </lines>
                        </method>
                        <method name="&lt;quote::__private::get_span::GetSpan&lt;proc_macro2::Span&gt;&gt;::__into_span" signature="" complexity="0" line-rate="0" branch-rate="0">
                            <lines>
                                <line hits="0" number="211" branch="false"/>
                            </lines>
                        </method>
                        <method name="&lt;quote::__private::get_span::GetSpan&lt;proc_macro2::Span&gt;&gt;::__into_span" signature="" complexity="0" line-rate="0" branch-rate="0">
                            <lines>
                                <line hits="0" number="211" branch="false"/>
                            </lines>
                        </method>
                        <method name="&lt;quote::__private::get_span::GetSpanBase&lt;_&gt;&gt;::__into_span" signature="" complexity="0" line-rate="0" branch-rate="0">
                            <lines>
                                <line hits="0" number="225" branch="false"/>
                            </lines>
                        </method>
                        <method name="&lt;quote::__private::get_span::GetSpanBase&lt;i32&gt;&gt;::__into_span" signature="" complexity="0" line-rate="1" branch-rate="1">
                            <lines>
                                <line hits="1" number="225" branch="false"/>
                            </lines>
                        </method>
                        <method name="&lt;quote::__private::RepInterp&lt;&amp;test::X&gt;&gt;::next" signature="" complexity="0" line-rate="0" branch-rate="0">
                            <lines>
                                <line hits="0" number="173" branch="false"/>
                            </lines>
                        </method>
                        <method name="&lt;quote::__private::RepInterp&lt;&amp;alloc::string::String&gt;&gt;::next" signature="" complexity="0" line-rate="0" branch-rate="0">
                            <lines>
                                <line hits="0" number="173" branch="false"/>
                            </lines>
                        </method>
                        <method name="&lt;quote::__private::RepInterp&lt;&amp;&amp;str&gt;&gt;::next" signature="" complexity="0" line-rate="0" branch-rate="0">
                            <lines>
                                <line hits="0" number="173" branch="false"/>
                            </lines>
                        </method>
                        <method name="&lt;quote::__private::RepInterp&lt;&amp;str&gt;&gt;::next" signature="" complexity="0" line-rate="0" branch-rate="0">
                            <lines>
                                <line hits="0" number="173" branch="false"/>
                            </lines>
                        </method>
                        <method name="&lt;quote::__private::RepInterp&lt;&amp;u8&gt;&gt;::next" signature="" complexity="0" line-rate="0" branch-rate="0">
                            <lines>
                                <line hits="0" number="173" branch="false"/>
                            </lines>
                        </method>
                        <method name="&lt;quote::__private::RepInterp&lt;_&gt;&gt;::next" signature="" complexity="0" line-rate="0" branch-rate="0">
                            <lines>
                                <line hits="0" number="173" branch="false"/>
                            </lines>
                        </method>
                        <method name="&lt;quote::__private::RepInterp&lt;core::option::Option&lt;&amp;str&gt;&gt;&gt;::next" signature="" complexity="0" line-rate="1" branch-rate="1">
                            <lines>
                                <line hits="1" number="173" branch="false"/>
                            </lines>
                        </method>
                        <method name="&lt;quote::__private::RepInterp&lt;core::option::Option&lt;i32&gt;&gt;&gt;::next" signature="" complexity="0" line-rate="1" branch-rate="1">
                            <lines>
                                <line hits="1" number="173" branch="false"/>
                            </lines>
                        </method>
                        <method name="&lt;quote::__private::RepInterp&lt;i32&gt;&gt;::next" signature="" complexity="0" line-rate="1" branch-rate="1">
                            <lines>
                                <line hits="1" number="173" branch="false"/>
                            </lines>
                        </method>
                        <method name="&lt;quote::__private::IdentFragmentAdapter&lt;&amp;alloc::borrow::Cow&lt;str&gt;&gt;&gt;::span" signature="" complexity="0" line-rate="0" branch-rate="0">
                            <lines>
                                <line hits="0" number="459" branch="false"/>
                            </lines>
                        </method>
                        <method name="&lt;quote::__private::IdentFragmentAdapter&lt;&amp;proc_macro2::Ident&gt;&gt;::span" signature="" complexity="0" line-rate="0" branch-rate="0">
                            <lines>
                                <line hits="0" number="459" branch="false"/>
                            </lines>
                        </method>
                        <method name="&lt;quote::__private::IdentFragmentAdapter&lt;&amp;usize&gt;&gt;::span" signature="" complexity="0" line-rate="0" branch-rate="0">
                            <lines>
                                <line hits="0" number="459" branch="false"/>
                            </lines>
                        </method>
                        <method name="&lt;quote::__private::IdentFragmentAdapter&lt;_&gt;&gt;::span" signature="" complexity="0" line-rate="0" branch-rate="0">
                            <lines>
                                <line hits="0" number="459" branch="false"/>
                            </lines>
                        </method>
                        <method name="&lt;quote::__private::IdentFragmentAdapter&lt;proc_macro2::Ident&gt;&gt;::span" signature="" complexity="0" line-rate="1" branch-rate="1">
                            <lines>
                                <line hits="1" number="459" branch="false"/>
                            </lines>
                        </method>
                        <method name="&lt;quote::__private::IdentFragmentAdapter&lt;quote::__private::tests_llm_16_82::test_span_none::Dummy&gt;&gt;::span" signature="" complexity="0" line-rate="1" branch-rate="1">
                            <lines>
                                <line hits="1" number="459" branch="false"/>
                            </lines>
                        </method>
                        <method name="&lt;quote::__private::get_span::GetSpanInner&lt;proc_macro2::extra::DelimSpan&gt;&gt;::__into_span" signature="" complexity="0" line-rate="0" branch-rate="0">
                            <lines>
                                <line hits="0" number="218" branch="false"/>
                            </lines>
                        </method>
                        <method name="&lt;quote::__private::get_span::GetSpanInner&lt;proc_macro2::extra::DelimSpan&gt;&gt;::__into_span" signature="" complexity="0" line-rate="0" branch-rate="0">
                            <lines>
                                <line hits="0" number="218" branch="false"/>
                            </lines>
                        </method>
                        <method name="&lt;quote::__private::get_span::GetSpanInner&lt;proc_macro2::extra::DelimSpan&gt;&gt;::__into_span" signature="" complexity="0" line-rate="0" branch-rate="0">
                            <lines>
                                <line hits="0" number="218" branch="false"/>
                            </lines>
                        </method>
                        <method name="quote::__private::push_caret" signature="" complexity="0" line-rate="0" branch-rate="0">
                            <lines>
                                <line hits="0" number="329" branch="false"/>
                            </lines>
                        </method>
                        <method name="quote::__private::push_colon" signature="" complexity="0" line-rate="1" branch-rate="1">
                            <lines>
                                <line hits="27000" number="329" branch="false"/>
                            </lines>
                        </method>
                        <method name="quote::__private::push_comma" signature="" complexity="0" line-rate="1" branch-rate="1">
                            <lines>
                                <line hits="71000" number="329" branch="false"/>
                            </lines>
                        </method>
                        <method name="quote::__private::push_eq_eq" signature="" complexity="0" line-rate="0" branch-rate="0">
                            <lines>
                                <line hits="0" number="341" branch="false"/>
                            </lines>
                        </method>
                        <method name="quote::__private::push_group" signature="" complexity="0" line-rate="1" branch-rate="1">
                            <lines>
                                <line hits="103000" number="250" branch="false"/>
                            </lines>
                        </method>
                        <method name="quote::__private::push_ident" signature="" complexity="0" line-rate="1" branch-rate="1">
                            <lines>
                                <line hits="493000" number="296" branch="false"/>
                            </lines>
                        </method>
                        <method name="quote::__private::push_or_eq" signature="" complexity="0" line-rate="0" branch-rate="0">
                            <lines>
                                <line hits="0" number="341" branch="false"/>
                            </lines>
                        </method>
                        <method name="quote::__private::push_or_or" signature="" complexity="0" line-rate="0" branch-rate="0">
                            <lines>
                                <line hits="0" number="341" branch="false"/>
                            </lines>
                        </method>
                        <method name="quote::__private::push_pound" signature="" complexity="0" line-rate="1" branch-rate="1">
                            <lines>
                                <line hits="4000" number="329" branch="false"/>
                            </lines>
                        </method>
                        <method name="quote::__private::push_add_eq" signature="" complexity="0" line-rate="0" branch-rate="0">
                            <lines>
                                <line hits="0" number="341" branch="false"/>
                            </lines>
                        </method>
                        <method name="quote::__private::push_and_eq" signature="" complexity="0" line-rate="0" branch-rate="0">
                            <lines>
                                <line hits="0" number="341" branch="false"/>
                            </lines>
                        </method>
                        <method name="quote::__private::push_colon2" signature="" complexity="0" line-rate="1" branch-rate="1">
                            <lines>
                                <line hits="198000" number="341" branch="false"/>
                            </lines>
                        </method>
                        <method name="quote::__private::push_div_eq" signature="" complexity="0" line-rate="0" branch-rate="0">
                            <lines>
                                <line hits="0" number="341" branch="false"/>
                            </lines>
                        </method>
                        <method name="quote::__private::push_larrow" signature="" complexity="0" line-rate="0" branch-rate="0">
                            <lines>
                                <line hits="0" number="341" branch="false"/>
                            </lines>
                        </method>
                        <method name="quote::__private::push_mul_eq" signature="" complexity="0" line-rate="0" branch-rate="0">
                            <lines>
                                <line hits="0" number="341" branch="false"/>
                            </lines>
                        </method>
                        <method name="quote::__private::push_rarrow" signature="" complexity="0" line-rate="1" branch-rate="1">
                            <lines>
                                <line hits="9000" number="341" branch="false"/>
                            </lines>
                        </method>
                        <method name="quote::__private::push_rem_eq" signature="" complexity="0" line-rate="0" branch-rate="0">
                            <lines>
                                <line hits="0" number="341" branch="false"/>
                            </lines>
                        </method>
                        <method name="quote::__private::push_shl_eq" signature="" complexity="0" line-rate="0" branch-rate="0">
                            <lines>
                                <line hits="0" number="357" branch="false"/>
                            </lines>
                        </method>
                        <method name="quote::__private::push_shr_eq" signature="" complexity="0" line-rate="0" branch-rate="0">
                            <lines>
                                <line hits="0" number="357" branch="false"/>
                            </lines>
                        </method>
                        <method name="quote::__private::push_sub_eq" signature="" complexity="0" line-rate="0" branch-rate="0">
                            <lines>
                                <line hits="0" number="341" branch="false"/>
                            </lines>
                        </method>
                        <method name="quote::__private::push_and_and" signature="" complexity="0" line-rate="0" branch-rate="0">
                            <lines>
                                <line hits="0" number="341" branch="false"/>
                            </lines>
                        </method>
                        <method name="quote::__private::parse_spanned" signature="" complexity="0" line-rate="0" branch-rate="0">
                            <lines>
                                <line hits="0" number="273" branch="false"/>
                            </lines>
                        </method>
                        <method name="quote::__private::push_caret_eq" signature="" complexity="0" line-rate="0" branch-rate="0">
                            <lines>
                                <line hits="0" number="341" branch="false"/>
                            </lines>
                        </method>
                        <method name="quote::__private::push_lifetime" signature="" complexity="0" line-rate="1" branch-rate="1">
                            <lines>
                                <line hits="17000" number="307" branch="false"/>
                            </lines>
                        </method>
                        <method name="quote::__private::push_question" signature="" complexity="0" line-rate="0" branch-rate="0">
                            <lines>
                                <line hits="0" number="329" branch="false"/>
                            </lines>
                        </method>
                        <method name="quote::__private::push_fat_arrow" signature="" complexity="0" line-rate="1" branch-rate="1">
                            <lines>
                                <line hits="20000" number="341" branch="false"/>
                            </lines>
                        </method>
                        <method name="quote::__private::ident_maybe_raw" signature="" complexity="0" line-rate="1" branch-rate="1">
                            <lines>
                                <line hits="493000" number="440" branch="false"/>
                            </lines>
                        </method>
                        <method name="quote::__private::push_at_spanned" signature="" complexity="0" line-rate="0" branch-rate="0">
                            <lines>
                                <line hits="0" number="333" branch="false"/>
                            </lines>
                        </method>
                        <method name="quote::__private::push_dot_dot_eq" signature="" complexity="0" line-rate="0" branch-rate="0">
                            <lines>
                                <line hits="0" number="357" branch="false"/>
                            </lines>
                        </method>
                        <method name="quote::__private::push_eq_spanned" signature="" complexity="0" line-rate="0" branch-rate="0">
                            <lines>
                                <line hits="0" number="333" branch="false"/>
                            </lines>
                        </method>
                        <method name="quote::__private::push_ge_spanned" signature="" complexity="0" line-rate="0" branch-rate="0">
                            <lines>
                                <line hits="0" number="346" branch="false"/>
                            </lines>
                        </method>
                        <method name="quote::__private::push_gt_spanned" signature="" complexity="0" line-rate="0" branch-rate="0">
                            <lines>
                                <line hits="0" number="333" branch="false"/>
                            </lines>
                        </method>
                        <method name="quote::__private::push_le_spanned" signature="" complexity="0" line-rate="0" branch-rate="0">
                            <lines>
                                <line hits="0" number="346" branch="false"/>
                            </lines>
                        </method>
                        <method name="quote::__private::push_lt_spanned" signature="" complexity="0" line-rate="0" branch-rate="0">
                            <lines>
                                <line hits="0" number="333" branch="false"/>
                            </lines>
                        </method>
                        <method name="quote::__private::push_ne_spanned" signature="" complexity="0" line-rate="0" branch-rate="0">
                            <lines>
                                <line hits="0" number="346" branch="false"/>
                            </lines>
                        </method>
                        <method name="quote::__private::push_or_spanned" signature="" complexity="0" line-rate="0" branch-rate="0">
                            <lines>
                                <line hits="0" number="333" branch="false"/>
                            </lines>
                        </method>
                        <method name="quote::__private::push_underscore" signature="" complexity="0" line-rate="1" branch-rate="1">
                            <lines>
                                <line hits="5000" number="423" branch="false"/>
                            </lines>
                        </method>
                        <method name="quote::__private::push_add_spanned" signature="" complexity="0" line-rate="0" branch-rate="0">
                            <lines>
                                <line hits="0" number="333" branch="false"/>
                            </lines>
                        </method>
                        <method name="quote::__private::push_and_spanned" signature="" complexity="0" line-rate="0" branch-rate="0">
                            <lines>
                                <line hits="0" number="333" branch="false"/>
                            </lines>
                        </method>
                        <method name="quote::__private::push_div_spanned" signature="" complexity="0" line-rate="0" branch-rate="0">
                            <lines>
                                <line hits="0" number="333" branch="false"/>
                            </lines>
                        </method>
                        <method name="quote::__private::push_dot_spanned" signature="" complexity="0" line-rate="0" branch-rate="0">
                            <lines>
                                <line hits="0" number="333" branch="false"/>
                            </lines>
                        </method>
                        <method name="quote::__private::push_rem_spanned" signature="" complexity="0" line-rate="0" branch-rate="0">
                            <lines>
                                <line hits="0" number="333" branch="false"/>
                            </lines>
                        </method>
                        <method name="quote::__private::push_shl_spanned" signature="" complexity="0" line-rate="0" branch-rate="0">
                            <lines>
                                <line hits="0" number="346" branch="false"/>
                            </lines>
                        </method>
                        <method name="quote::__private::push_shr_spanned" signature="" complexity="0" line-rate="0" branch-rate="0">
                            <lines>
                                <line hits="0" number="346" branch="false"/>
                            </lines>
                        </method>
                        <method name="quote::__private::push_sub_spanned" signature="" complexity="0" line-rate="0" branch-rate="0">
                            <lines>
                                <line hits="0" number="333" branch="false"/>
                            </lines>
                        </method>
                        <method name="quote::__private::push_bang_spanned" signature="" complexity="0" line-rate="0" branch-rate="0">
                            <lines>
                                <line hits="0" number="333" branch="false"/>
                            </lines>
                        </method>
                        <method name="quote::__private::push_dot2_spanned" signature="" complexity="0" line-rate="0" branch-rate="0">
                            <lines>
                                <line hits="0" number="346" branch="false"/>
                            </lines>
                        </method>
                        <method name="quote::__private::push_dot3_spanned" signature="" complexity="0" line-rate="0" branch-rate="0">
                            <lines>
                                <line hits="0" number="363" branch="false"/>
                            </lines>
                        </method>
                        <method name="quote::__private::push_semi_spanned" signature="" complexity="0" line-rate="0" branch-rate="0">
                            <lines>
                                <line hits="0" number="333" branch="false"/>
                            </lines>
                        </method>
                        <method name="quote::__private::push_star_spanned" signature="" complexity="0" line-rate="0" branch-rate="0">
                            <lines>
                                <line hits="0" number="333" branch="false"/>
                            </lines>
                        </method>
                        <method name="quote::__private::respan_token_tree" signature="" complexity="0" line-rate="0" branch-rate="0">
                            <lines>
                                <line hits="0" number="279" branch="false"/>
                            </lines>
                        </method>
                        <method name="quote::__private::push_caret_spanned" signature="" complexity="0" line-rate="0" branch-rate="0">
                            <lines>
                                <line hits="0" number="333" branch="false"/>
                            </lines>
                        </method>
                        <method name="quote::__private::push_colon_spanned" signature="" complexity="0" line-rate="0" branch-rate="0">
                            <lines>
                                <line hits="0" number="333" branch="false"/>
                            </lines>
                        </method>
                        <method name="quote::__private::push_comma_spanned" signature="" complexity="0" line-rate="0" branch-rate="0">
                            <lines>
                                <line hits="0" number="333" branch="false"/>
                            </lines>
                        </method>
                        <method name="quote::__private::push_eq_eq_spanned" signature="" complexity="0" line-rate="0" branch-rate="0">
                            <lines>
                                <line hits="0" number="346" branch="false"/>
                            </lines>
                        </method>
                        <method name="quote::__private::push_group_spanned" signature="" complexity="0" line-rate="0" branch-rate="0">
                            <lines>
                                <line hits="0" number="255" branch="false"/>
                            </lines>
                        </method>
                        <method name="quote::__private::push_ident_spanned" signature="" complexity="0" line-rate="1" branch-rate="1">
                            <lines>
                                <line hits="493000" number="302" branch="false"/>
                            </lines>
                        </method>
                        <method name="quote::__private::push_or_eq_spanned" signature="" complexity="0" line-rate="0" branch-rate="0">
                            <lines>
                                <line hits="0" number="346" branch="false"/>
                            </lines>
                        </method>
                        <method name="quote::__private::push_or_or_spanned" signature="" complexity="0" line-rate="0" branch-rate="0">
                            <lines>
                                <line hits="0" number="346" branch="false"/>
                            </lines>
                        </method>
                        <method name="quote::__private::push_pound_spanned" signature="" complexity="0" line-rate="0" branch-rate="0">
                            <lines>
                                <line hits="0" number="333" branch="false"/>
                            </lines>
                        </method>
                        <method name="quote::__private::push_add_eq_spanned" signature="" complexity="0" line-rate="0" branch-rate="0">
                            <lines>
                                <line hits="0" number="346" branch="false"/>
                            </lines>
                        </method>
                        <method name="quote::__private::push_and_eq_spanned" signature="" complexity="0" line-rate="0" branch-rate="0">
                            <lines>
                                <line hits="0" number="346" branch="false"/>
                            </lines>
                        </method>
                        <method name="quote::__private::push_colon2_spanned" signature="" complexity="0" line-rate="0" branch-rate="0">
                            <lines>
                                <line hits="0" number="346" branch="false"/>
                            </lines>
                        </method>
                        <method name="quote::__private::push_div_eq_spanned" signature="" complexity="0" line-rate="0" branch-rate="0">
                            <lines>
                                <line hits="0" number="346" branch="false"/>
                            </lines>
                        </method>
                        <method name="quote::__private::push_larrow_spanned" signature="" complexity="0" line-rate="0" branch-rate="0">
                            <lines>
                                <line hits="0" number="346" branch="false"/>
                            </lines>
                        </method>
                        <method name="quote::__private::push_mul_eq_spanned" signature="" complexity="0" line-rate="0" branch-rate="0">
                            <lines>
                                <line hits="0" number="346" branch="false"/>
                            </lines>
                        </method>
                        <method name="quote::__private::push_rarrow_spanned" signature="" complexity="0" line-rate="0" branch-rate="0">
                            <lines>
                                <line hits="0" number="346" branch="false"/>
                            </lines>
                        </method>
                        <method name="quote::__private::push_rem_eq_spanned" signature="" complexity="0" line-rate="0" branch-rate="0">
                            <lines>
                                <line hits="0" number="346" branch="false"/>
                            </lines>
                        </method>
                        <method name="quote::__private::push_shl_eq_spanned" signature="" complexity="0" line-rate="0" branch-rate="0">
                            <lines>
                                <line hits="0" number="363" branch="false"/>
                            </lines>
                        </method>
                        <method name="quote::__private::push_shr_eq_spanned" signature="" complexity="0" line-rate="0" branch-rate="0">
                            <lines>
                                <line hits="0" number="363" branch="false"/>
                            </lines>
                        </method>
                        <method name="quote::__private::push_sub_eq_spanned" signature="" complexity="0" line-rate="0" branch-rate="0">
                            <lines>
                                <line hits="0" number="346" branch="false"/>
                            </lines>
                        </method>
                        <method name="quote::__private::push_and_and_spanned" signature="" complexity="0" line-rate="0" branch-rate="0">
                            <lines>
                                <line hits="0" number="346" branch="false"/>
                            </lines>
                        </method>
                        <method name="quote::__private::push_caret_eq_spanned" signature="" complexity="0" line-rate="0" branch-rate="0">
                            <lines>
                                <line hits="0" number="346" branch="false"/>
                            </lines>
                        </method>
                        <method name="quote::__private::push_lifetime_spanned" signature="" complexity="0" line-rate="0" branch-rate="0">
                            <lines>
                                <line hits="0" number="315" branch="false"/>
                            </lines>
                        </method>
                        <method name="quote::__private::push_question_spanned" signature="" complexity="0" line-rate="0" branch-rate="0">
                            <lines>
                                <line hits="0" number="333" branch="false"/>
                            </lines>
                        </method>
                        <method name="quote::__private::push_fat_arrow_spanned" signature="" complexity="0" line-rate="0" branch-rate="0">
                            <lines>
                                <line hits="0" number="346" branch="false"/>
                            </lines>
                        </method>
                        <method name="quote::__private::push_dot_dot_eq_spanned" signature="" complexity="0" line-rate="0" branch-rate="0">
                            <lines>
                                <line hits="0" number="363" branch="false"/>
                            </lines>
                        </method>
                        <method name="quote::__private::push_underscore_spanned" signature="" complexity="0" line-rate="1" branch-rate="1">
                            <lines>
                                <line hits="5000" number="428" branch="false"/>
                            </lines>
                        </method>
                        <method name="quote::__private::parse" signature="" complexity="0" line-rate="1" branch-rate="1">
                            <lines>
                                <line hits="19000" number="267" branch="false"/>
                            </lines>
                        </method>
                        <method name="quote::__private::push_at" signature="" complexity="0" line-rate="0" branch-rate="0">
                            <lines>
                                <line hits="0" number="329" branch="false"/>
                            </lines>
                        </method>
                        <method name="quote::__private::push_eq" signature="" complexity="0" line-rate="1" branch-rate="1">
                            <lines>
                                <line hits="13000" number="329" branch="false"/>
                            </lines>
                        </method>
                        <method name="quote::__private::push_ge" signature="" complexity="0" line-rate="0" branch-rate="0">
                            <lines>
                                <line hits="0" number="341" branch="false"/>
                            </lines>
                        </method>
                        <method name="quote::__private::push_gt" signature="" complexity="0" line-rate="1" branch-rate="1">
                            <lines>
                                <line hits="41000" number="329" branch="false"/>
                            </lines>
                        </method>
                        <method name="quote::__private::push_le" signature="" complexity="0" line-rate="0" branch-rate="0">
                            <lines>
                                <line hits="0" number="341" branch="false"/>
                            </lines>
                        </method>
                        <method name="quote::__private::push_lt" signature="" complexity="0" line-rate="1" branch-rate="1">
                            <lines>
                                <line hits="41000" number="329" branch="false"/>
                            </lines>
                        </method>
                        <method name="quote::__private::push_ne" signature="" complexity="0" line-rate="0" branch-rate="0">
                            <lines>
                                <line hits="0" number="341" branch="false"/>
                            </lines>
                        </method>
                        <method name="quote::__private::push_or" signature="" complexity="0" line-rate="0" branch-rate="0">
                            <lines>
                                <line hits="0" number="329" branch="false"/>
                            </lines>
                        </method>
                        <method name="quote::__private::mk_ident" signature="" complexity="0" line-rate="0" branch-rate="0">
                            <lines>
                                <line hits="0" number="435" branch="false"/>
                            </lines>
                        </method>
                        <method name="quote::__private::push_add" signature="" complexity="0" line-rate="0" branch-rate="0">
                            <lines>
                                <line hits="0" number="329" branch="false"/>
                            </lines>
                        </method>
                        <method name="quote::__private::push_and" signature="" complexity="0" line-rate="1" branch-rate="1">
                            <lines>
                                <line hits="21000" number="329" branch="false"/>
                            </lines>
                        </method>
                        <method name="quote::__private::push_div" signature="" complexity="0" line-rate="0" branch-rate="0">
                            <lines>
                                <line hits="0" number="329" branch="false"/>
                            </lines>
                        </method>
                        <method name="quote::__private::push_dot" signature="" complexity="0" line-rate="0" branch-rate="0">
                            <lines>
                                <line hits="0" number="329" branch="false"/>
                            </lines>
                        </method>
                        <method name="quote::__private::push_rem" signature="" complexity="0" line-rate="0" branch-rate="0">
                            <lines>
                                <line hits="0" number="329" branch="false"/>
                            </lines>
                        </method>
                        <method name="quote::__private::push_shl" signature="" complexity="0" line-rate="0" branch-rate="0">
                            <lines>
                                <line hits="0" number="341" branch="false"/>
                            </lines>
                        </method>
                        <method name="quote::__private::push_shr" signature="" complexity="0" line-rate="0" branch-rate="0">
                            <lines>
                                <line hits="0" number="341" branch="false"/>
                            </lines>
                        </method>
                        <method name="quote::__private::push_sub" signature="" complexity="0" line-rate="0" branch-rate="0">
                            <lines>
                                <line hits="0" number="329" branch="false"/>
                            </lines>
                        </method>
                        <method name="quote::__private::push_bang" signature="" complexity="0" line-rate="1" branch-rate="1">
                            <lines>
                                <line hits="9000" number="329" branch="false"/>
                            </lines>
                        </method>
                        <method name="quote::__private::push_dot2" signature="" complexity="0" line-rate="0" branch-rate="0">
                            <lines>
                                <line hits="0" number="341" branch="false"/>
                            </lines>
                        </method>
                        <method name="quote::__private::push_dot3" signature="" complexity="0" line-rate="0" branch-rate="0">
                            <lines>
                                <line hits="0" number="357" branch="false"/>
                            </lines>
                        </method>
                        <method name="quote::__private::push_semi" signature="" complexity="0" line-rate="1" branch-rate="1">
                            <lines>
                                <line hits="17000" number="329" branch="false"/>
                            </lines>
                        </method>
                        <method name="quote::__private::push_star" signature="" complexity="0" line-rate="0" branch-rate="0">
                            <lines>
                                <line hits="0" number="329" branch="false"/>
                            </lines>
                        </method>
                        <method name="quote::__private::push_caret" signature="" complexity="0" line-rate="0" branch-rate="0">
                            <lines>
                                <line hits="0" number="329" branch="false"/>
                            </lines>
                        </method>
                        <method name="quote::__private::push_colon" signature="" complexity="0" line-rate="1" branch-rate="1">
                            <lines>
                                <line hits="1" number="329" branch="false"/>
                            </lines>
                        </method>
                        <method name="quote::__private::push_comma" signature="" complexity="0" line-rate="0" branch-rate="0">
                            <lines>
                                <line hits="0" number="329" branch="false"/>
                            </lines>
                        </method>
                        <method name="quote::__private::push_eq_eq" signature="" complexity="0" line-rate="0" branch-rate="0">
                            <lines>
                                <line hits="0" number="341" branch="false"/>
                            </lines>
                        </method>
                        <method name="quote::__private::push_group" signature="" complexity="0" line-rate="0" branch-rate="0">
                            <lines>
                                <line hits="0" number="250" branch="false"/>
                            </lines>
                        </method>
                        <method name="quote::__private::push_ident" signature="" complexity="0" line-rate="1" branch-rate="1">
                            <lines>
                                <line hits="3" number="296" branch="false"/>
                            </lines>
                        </method>
                        <method name="quote::__private::push_or_eq" signature="" complexity="0" line-rate="0" branch-rate="0">
                            <lines>
                                <line hits="0" number="341" branch="false"/>
                            </lines>
                        </method>
                        <method name="quote::__private::push_or_or" signature="" complexity="0" line-rate="1" branch-rate="1">
                            <lines>
                                <line hits="1" number="341" branch="false"/>
                            </lines>
                        </method>
                        <method name="quote::__private::push_pound" signature="" complexity="0" line-rate="0" branch-rate="0">
                            <lines>
                                <line hits="0" number="329" branch="false"/>
                            </lines>
                        </method>
                        <method name="quote::__private::push_add_eq" signature="" complexity="0" line-rate="1" branch-rate="1">
                            <lines>
                                <line hits="1" number="341" branch="false"/>
                            </lines>
                        </method>
                        <method name="quote::__private::push_and_eq" signature="" complexity="0" line-rate="1" branch-rate="1">
                            <lines>
                                <line hits="1" number="341" branch="false"/>
                            </lines>
                        </method>
                        <method name="quote::__private::push_colon2" signature="" complexity="0" line-rate="1" branch-rate="1">
                            <lines>
                                <line hits="1" number="341" branch="false"/>
                            </lines>
                        </method>
                        <method name="quote::__private::push_div_eq" signature="" complexity="0" line-rate="1" branch-rate="1">
                            <lines>
                                <line hits="1" number="341" branch="false"/>
                            </lines>
                        </method>
                        <method name="quote::__private::push_larrow" signature="" complexity="0" line-rate="0" branch-rate="0">
                            <lines>
                                <line hits="0" number="341" branch="false"/>
                            </lines>
                        </method>
                        <method name="quote::__private::push_mul_eq" signature="" complexity="0" line-rate="0" branch-rate="0">
                            <lines>
                                <line hits="0" number="341" branch="false"/>
                            </lines>
                        </method>
                        <method name="quote::__private::push_rarrow" signature="" complexity="0" line-rate="0" branch-rate="0">
                            <lines>
                                <line hits="0" number="341" branch="false"/>
                            </lines>
                        </method>
                        <method name="quote::__private::push_rem_eq" signature="" complexity="0" line-rate="0" branch-rate="0">
                            <lines>
                                <line hits="0" number="341" branch="false"/>
                            </lines>
                        </method>
                        <method name="quote::__private::push_shl_eq" signature="" complexity="0" line-rate="0" branch-rate="0">
                            <lines>
                                <line hits="0" number="357" branch="false"/>
                            </lines>
                        </method>
                        <method name="quote::__private::push_shr_eq" signature="" complexity="0" line-rate="0" branch-rate="0">
                            <lines>
                                <line hits="0" number="357" branch="false"/>
                            </lines>
                        </method>
                        <method name="quote::__private::push_sub_eq" signature="" complexity="0" line-rate="0" branch-rate="0">
                            <lines>
                                <line hits="0" number="341" branch="false"/>
                            </lines>
                        </method>
                        <method name="quote::__private::push_and_and" signature="" complexity="0" line-rate="1" branch-rate="1">
                            <lines>
                                <line hits="1" number="341" branch="false"/>
                            </lines>
                        </method>
                        <method name="quote::__private::parse_spanned" signature="" complexity="0" line-rate="0" branch-rate="0">
                            <lines>
                                <line hits="0" number="273" branch="false"/>
                            </lines>
                        </method>
                        <method name="quote::__private::push_caret_eq" signature="" complexity="0" line-rate="0" branch-rate="0">
                            <lines>
                                <line hits="0" number="341" branch="false"/>
                            </lines>
                        </method>
                        <method name="quote::__private::push_lifetime" signature="" complexity="0" line-rate="0" branch-rate="0">
                            <lines>
                                <line hits="0" number="307" branch="false"/>
                            </lines>
                        </method>
                        <method name="quote::__private::push_question" signature="" complexity="0" line-rate="1" branch-rate="1">
                            <lines>
                                <line hits="1" number="329" branch="false"/>
                            </lines>
                        </method>
                        <method name="quote::__private::push_fat_arrow" signature="" complexity="0" line-rate="0" branch-rate="0">
                            <lines>
                                <line hits="0" number="341" branch="false"/>
                            </lines>
                        </method>
                        <method name="quote::__private::ident_maybe_raw" signature="" complexity="0" line-rate="1" branch-rate="1">
                            <lines>
                                <line hits="3" number="440" branch="false"/>
                            </lines>
                        </method>
                        <method name="quote::__private::push_at_spanned" signature="" complexity="0" line-rate="0" branch-rate="0">
                            <lines>
                                <line hits="0" number="333" branch="false"/>
                            </lines>
                        </method>
                        <method name="quote::__private::push_dot_dot_eq" signature="" complexity="0" line-rate="1" branch-rate="1">
                            <lines>
                                <line hits="1" number="357" branch="false"/>
                            </lines>
                        </method>
                        <method name="quote::__private::push_eq_spanned" signature="" complexity="0" line-rate="0" branch-rate="0">
                            <lines>
                                <line hits="0" number="333" branch="false"/>
                            </lines>
                        </method>
                        <method name="quote::__private::push_ge_spanned" signature="" complexity="0" line-rate="0" branch-rate="0">
                            <lines>
                                <line hits="0" number="346" branch="false"/>
                            </lines>
                        </method>
                        <method name="quote::__private::push_gt_spanned" signature="" complexity="0" line-rate="0" branch-rate="0">
                            <lines>
                                <line hits="0" number="333" branch="false"/>
                            </lines>
                        </method>
                        <method name="quote::__private::push_le_spanned" signature="" complexity="0" line-rate="1" branch-rate="1">
                            <lines>
                                <line hits="1" number="346" branch="false"/>
                            </lines>
                        </method>
                        <method name="quote::__private::push_lt_spanned" signature="" complexity="0" line-rate="0" branch-rate="0">
                            <lines>
                                <line hits="0" number="333" branch="false"/>
                            </lines>
                        </method>
                        <method name="quote::__private::push_ne_spanned" signature="" complexity="0" line-rate="0" branch-rate="0">
                            <lines>
                                <line hits="0" number="346" branch="false"/>
                            </lines>
                        </method>
                        <method name="quote::__private::push_or_spanned" signature="" complexity="0" line-rate="1" branch-rate="1">
                            <lines>
                                <line hits="1" number="333" branch="false"/>
                            </lines>
                        </method>
                        <method name="quote::__private::push_underscore" signature="" complexity="0" line-rate="0" branch-rate="0">
                            <lines>
                                <line hits="0" number="423" branch="false"/>
                            </lines>
                        </method>
                        <method name="quote::__private::push_add_spanned" signature="" complexity="0" line-rate="1" branch-rate="1">
                            <lines>
                                <line hits="1" number="333" branch="false"/>
                            </lines>
                        </method>
                        <method name="quote::__private::push_and_spanned" signature="" complexity="0" line-rate="1" branch-rate="1">
                            <lines>
                                <line hits="1" number="333" branch="false"/>
                            </lines>
                        </method>
                        <method name="quote::__private::push_div_spanned" signature="" complexity="0" line-rate="0" branch-rate="0">
                            <lines>
                                <line hits="0" number="333" branch="false"/>
                            </lines>
                        </method>
                        <method name="quote::__private::push_dot_spanned" signature="" complexity="0" line-rate="0" branch-rate="0">
                            <lines>
                                <line hits="0" number="333" branch="false"/>
                            </lines>
                        </method>
                        <method name="quote::__private::push_rem_spanned" signature="" complexity="0" line-rate="0" branch-rate="0">
                            <lines>
                                <line hits="0" number="333" branch="false"/>
                            </lines>
                        </method>
                        <method name="quote::__private::push_shl_spanned" signature="" complexity="0" line-rate="0" branch-rate="0">
                            <lines>
                                <line hits="0" number="346" branch="false"/>
                            </lines>
                        </method>
                        <method name="quote::__private::push_shr_spanned" signature="" complexity="0" line-rate="0" branch-rate="0">
                            <lines>
                                <line hits="0" number="346" branch="false"/>
                            </lines>
                        </method>
                        <method name="quote::__private::push_sub_spanned" signature="" complexity="0" line-rate="0" branch-rate="0">
                            <lines>
                                <line hits="0" number="333" branch="false"/>
                            </lines>
                        </method>
                        <method name="quote::__private::push_bang_spanned" signature="" complexity="0" line-rate="0" branch-rate="0">
                            <lines>
                                <line hits="0" number="333" branch="false"/>
                            </lines>
                        </method>
                        <method name="quote::__private::push_dot2_spanned" signature="" complexity="0" line-rate="0" branch-rate="0">
                            <lines>
                                <line hits="0" number="346" branch="false"/>
                            </lines>
                        </method>
                        <method name="quote::__private::push_dot3_spanned" signature="" complexity="0" line-rate="0" branch-rate="0">
                            <lines>
                                <line hits="0" number="363" branch="false"/>
                            </lines>
                        </method>
                        <method name="quote::__private::push_semi_spanned" signature="" complexity="0" line-rate="0" branch-rate="0">
                            <lines>
                                <line hits="0" number="333" branch="false"/>
                            </lines>
                        </method>
                        <method name="quote::__private::push_star_spanned" signature="" complexity="0" line-rate="0" branch-rate="0">
                            <lines>
                                <line hits="0" number="333" branch="false"/>
                            </lines>
                        </method>
                        <method name="quote::__private::respan_token_tree" signature="" complexity="0" line-rate="0" branch-rate="0">
                            <lines>
                                <line hits="0" number="279" branch="false"/>
                            </lines>
                        </method>
                        <method name="quote::__private::push_caret_spanned" signature="" complexity="0" line-rate="0" branch-rate="0">
                            <lines>
                                <line hits="0" number="333" branch="false"/>
                            </lines>
                        </method>
                        <method name="quote::__private::push_colon_spanned" signature="" complexity="0" line-rate="0" branch-rate="0">
                            <lines>
[...]
                        <line branch="false" hits="1" number="340"/>
                        <line branch="false" hits="1" number="341"/>
                        <line branch="false" hits="1" number="342"/>
                        <line branch="false" hits="1" number="343"/>
                        <line branch="false" hits="1" number="344"/>
                        <line branch="false" hits="1" number="345"/>
                        <line branch="false" hits="1" number="356"/>
                        <line branch="false" hits="1" number="357"/>
                        <line branch="false" hits="1" number="358"/>
                        <line branch="false" hits="1" number="359"/>
                        <line branch="false" hits="1" number="360"/>
                        <line branch="false" hits="1" number="361"/>
                        <line branch="false" hits="1" number="362"/>
                        <line branch="false" hits="1" number="363"/>
                        <line branch="false" hits="1" number="364"/>
                        <line branch="false" hits="1" number="365"/>
                        <line branch="false" hits="1" number="366"/>
                        <line branch="false" hits="1" number="367"/>
                        <line branch="false" hits="1" number="368"/>
                        <line branch="false" hits="1" number="379"/>
                        <line branch="false" hits="1" number="380"/>
                        <line branch="false" hits="1" number="381"/>
                        <line branch="false" hits="1" number="382"/>
                        <line branch="false" hits="1" number="383"/>
                        <line branch="false" hits="1" number="384"/>
                        <line branch="false" hits="1" number="385"/>
                        <line branch="false" hits="1" number="386"/>
                        <line branch="false" hits="1" number="387"/>
                        <line branch="false" hits="1" number="388"/>
                        <line branch="false" hits="1" number="389"/>
                        <line branch="false" hits="1" number="400"/>
                        <line branch="false" hits="1" number="401"/>
                        <line branch="false" hits="1" number="402"/>
                        <line branch="false" hits="1" number="403"/>
                        <line branch="false" hits="1" number="404"/>
                        <line branch="false" hits="1" number="405"/>
                        <line branch="false" hits="1" number="406"/>
                        <line branch="false" hits="1" number="407"/>
                        <line branch="false" hits="1" number="408"/>
                        <line branch="false" hits="1" number="409"/>
                        <line branch="false" hits="1" number="420"/>
                        <line branch="false" hits="1" number="421"/>
                        <line branch="false" hits="1" number="422"/>
                        <line branch="false" hits="1" number="423"/>
                        <line branch="false" hits="1" number="424"/>
                        <line branch="false" hits="1" number="425"/>
                        <line branch="false" hits="1" number="426"/>
                        <line branch="false" hits="1" number="427"/>
                        <line branch="false" hits="1" number="438"/>
                        <line branch="false" hits="1" number="439"/>
                        <line branch="false" hits="1" number="440"/>
                        <line branch="false" hits="1" number="441"/>
                        <line branch="false" hits="1" number="442"/>
                        <line branch="false" hits="1" number="443"/>
                        <line branch="false" hits="1" number="444"/>
                        <line branch="false" hits="1" number="445"/>
                        <line branch="false" hits="1" number="446"/>
                        <line branch="false" hits="1" number="459"/>
                        <line branch="false" hits="1" number="460"/>
                        <line branch="false" hits="1" number="461"/>
                        <line branch="false" hits="1" number="462"/>
                        <line branch="false" hits="1" number="463"/>
                        <line branch="false" hits="1" number="464"/>
                        <line branch="false" hits="1" number="465"/>
                        <line branch="false" hits="1" number="466"/>
                        <line branch="false" hits="1" number="467"/>
                        <line branch="false" hits="1" number="480"/>
                        <line branch="false" hits="1" number="481"/>
                        <line branch="false" hits="1" number="482"/>
                        <line branch="false" hits="1" number="483"/>
                        <line branch="false" hits="1" number="484"/>
                        <line branch="false" hits="1" number="485"/>
                        <line branch="false" hits="1" number="486"/>
                        <line branch="false" hits="1" number="487"/>
                        <line branch="false" hits="1" number="488"/>
                        <line branch="false" hits="1" number="489"/>
                        <line branch="false" hits="1" number="490"/>
                        <line branch="false" hits="1" number="491"/>
                        <line branch="false" hits="1" number="502"/>
                        <line branch="false" hits="1" number="503"/>
                        <line branch="false" hits="1" number="504"/>
                        <line branch="false" hits="1" number="505"/>
                        <line branch="false" hits="1" number="506"/>
                        <line branch="false" hits="1" number="507"/>
                        <line branch="false" hits="1" number="508"/>
                        <line branch="false" hits="1" number="509"/>
                        <line branch="false" hits="1" number="510"/>
                        <line branch="false" hits="1" number="511"/>
                        <line branch="false" hits="1" number="512"/>
                        <line branch="false" hits="1" number="523"/>
                        <line branch="false" hits="1" number="524"/>
                        <line branch="false" hits="1" number="525"/>
                        <line branch="false" hits="1" number="526"/>
                        <line branch="false" hits="1" number="527"/>
                        <line branch="false" hits="1" number="528"/>
                        <line branch="false" hits="1" number="529"/>
                        <line branch="false" hits="1" number="530"/>
                        <line branch="false" hits="1" number="531"/>
                        <line branch="false" hits="1" number="542"/>
                        <line branch="false" hits="1" number="543"/>
                        <line branch="false" hits="1" number="544"/>
                        <line branch="false" hits="1" number="545"/>
                        <line branch="false" hits="1" number="546"/>
                        <line branch="false" hits="1" number="547"/>
                        <line branch="false" hits="1" number="548"/>
                        <line branch="false" hits="1" number="549"/>
                        <line branch="false" hits="1" number="558"/>
                        <line branch="false" hits="1" number="559"/>
                        <line branch="false" hits="1" number="560"/>
                        <line branch="false" hits="1" number="561"/>
                        <line branch="false" hits="1" number="562"/>
                        <line branch="false" hits="1" number="563"/>
                        <line branch="false" hits="1" number="564"/>
                        <line branch="false" hits="1" number="565"/>
                        <line branch="false" hits="1" number="576"/>
                        <line branch="false" hits="1" number="577"/>
                        <line branch="false" hits="1" number="578"/>
                        <line branch="false" hits="1" number="579"/>
                        <line branch="false" hits="1" number="580"/>
                        <line branch="false" hits="1" number="581"/>
                        <line branch="false" hits="1" number="582"/>
                        <line branch="false" hits="1" number="583"/>
                        <line branch="false" hits="1" number="594"/>
                        <line branch="false" hits="1" number="595"/>
                        <line branch="false" hits="1" number="596"/>
                        <line branch="false" hits="1" number="597"/>
                        <line branch="false" hits="1" number="598"/>
                    </lines>
                </class>
                <class branch-rate="0" complexity="0" filename="src/ext.rs" line-rate="0.603448275862069" name="src.ext.rs">
                    <methods>
                        <method name="&lt;proc_macro2::TokenStream as quote::ext::TokenStreamExt&gt;::append_all::&lt;proc_macro2::TokenStream&gt;" signature="" complexity="0" line-rate="0" branch-rate="0">
                            <lines>
                                <line hits="0" number="67" branch="false"/>
                            </lines>
                        </method>
                        <method name="&lt;proc_macro2::TokenStream as quote::ext::TokenStreamExt&gt;::append_all::&lt;_&gt;" signature="" complexity="0" line-rate="0" branch-rate="0">
                            <lines>
                                <line hits="0" number="67" branch="false"/>
                            </lines>
                        </method>
                        <method name="&lt;proc_macro2::TokenStream as quote::ext::TokenStreamExt&gt;::append_separated::&lt;_, _&gt;" signature="" complexity="0" line-rate="0" branch-rate="0">
                            <lines>
                                <line hits="0" number="77" branch="false"/>
                            </lines>
                        </method>
                        <method name="&lt;proc_macro2::TokenStream as quote::ext::TokenStreamExt&gt;::append_terminated::&lt;_, _&gt;" signature="" complexity="0" line-rate="0" branch-rate="0">
                            <lines>
                                <line hits="0" number="91" branch="false"/>
                            </lines>
                        </method>
                        <method name="&lt;proc_macro2::TokenStream as quote::ext::TokenStreamExt&gt;::append::&lt;proc_macro2::Group&gt;" signature="" complexity="0" line-rate="1" branch-rate="1">
                            <lines>
                                <line hits="103000" number="60" branch="false"/>
                            </lines>
                        </method>
                        <method name="&lt;proc_macro2::TokenStream as quote::ext::TokenStreamExt&gt;::append::&lt;proc_macro2::Ident&gt;" signature="" complexity="0" line-rate="1" branch-rate="1">
                            <lines>
                                <line hits="505000" number="60" branch="false"/>
                            </lines>
                        </method>
                        <method name="&lt;proc_macro2::TokenStream as quote::ext::TokenStreamExt&gt;::append::&lt;proc_macro2::Punct&gt;" signature="" complexity="0" line-rate="1" branch-rate="1">
                            <lines>
                                <line hits="698000" number="60" branch="false"/>
                            </lines>
                        </method>
                        <method name="&lt;proc_macro2::TokenStream as quote::ext::TokenStreamExt&gt;::append::&lt;proc_macro2::Literal&gt;" signature="" complexity="0" line-rate="0" branch-rate="0">
                            <lines>
                                <line hits="0" number="60" branch="false"/>
                            </lines>
                        </method>
                        <method name="&lt;proc_macro2::TokenStream as quote::ext::TokenStreamExt&gt;::append::&lt;proc_macro2::TokenTree&gt;" signature="" complexity="0" line-rate="0" branch-rate="0">
                            <lines>
                                <line hits="0" number="60" branch="false"/>
                            </lines>
                        </method>
                        <method name="&lt;proc_macro2::TokenStream as quote::ext::TokenStreamExt&gt;::append_all::&lt;core::slice::iter::Iter&lt;proc_macro2::TokenTree&gt;&gt;" signature="" complexity="0" line-rate="1" branch-rate="1">
                            <lines>
                                <line hits="1" number="67" branch="false"/>
                            </lines>
                        </method>
                        <method name="&lt;proc_macro2::TokenStream as quote::ext::TokenStreamExt&gt;::append_separated::&lt;_, _&gt;" signature="" complexity="0" line-rate="0" branch-rate="0">
                            <lines>
                                <line hits="0" number="77" branch="false"/>
                            </lines>
                        </method>
                        <method name="&lt;proc_macro2::TokenStream as quote::ext::TokenStreamExt&gt;::append_terminated::&lt;_, _&gt;" signature="" complexity="0" line-rate="0" branch-rate="0">
                            <lines>
                                <line hits="0" number="91" branch="false"/>
                            </lines>
                        </method>
                        <method name="&lt;proc_macro2::TokenStream as quote::ext::TokenStreamExt&gt;::append::&lt;proc_macro2::Group&gt;" signature="" complexity="0" line-rate="1" branch-rate="1">
                            <lines>
                                <line hits="1" number="60" branch="false"/>
                            </lines>
                        </method>
                        <method name="&lt;proc_macro2::TokenStream as quote::ext::TokenStreamExt&gt;::append::&lt;proc_macro2::Ident&gt;" signature="" complexity="0" line-rate="1" branch-rate="1">
                            <lines>
                                <line hits="4" number="60" branch="false"/>
                            </lines>
                        </method>
                        <method name="&lt;proc_macro2::TokenStream as quote::ext::TokenStreamExt&gt;::append::&lt;proc_macro2::Punct&gt;" signature="" complexity="0" line-rate="1" branch-rate="1">
                            <lines>
                                <line hits="66" number="60" branch="false"/>
                            </lines>
                        </method>
                        <method name="&lt;proc_macro2::TokenStream as quote::ext::TokenStreamExt&gt;::append::&lt;proc_macro2::Literal&gt;" signature="" complexity="0" line-rate="1" branch-rate="1">
                            <lines>
                                <line hits="16" number="60" branch="false"/>
                            </lines>
                        </method>
                        <method name="&lt;proc_macro2::TokenStream as quote::ext::TokenStreamExt&gt;::append::&lt;proc_macro2::TokenTree&gt;" signature="" complexity="0" line-rate="1" branch-rate="1">
                            <lines>
                                <line hits="4" number="60" branch="false"/>
                            </lines>
                        </method>
                        <method name="quote::ext::tests_llm_16_49::test_append_all" signature="" complexity="0" line-rate="1" branch-rate="1">
                            <lines>
                                <line hits="1" number="118" branch="false"/>
                            </lines>
                        </method>
                    </methods>
                    <lines>
                        <line branch="false" hits="1306091" number="60"/>
                        <line branch="false" hits="1306091" number="61"/>
                        <line branch="false" hits="1306091" number="62"/>
                        <line branch="false" hits="1306091" number="63"/>
                        <line branch="false" hits="1306091" number="64"/>
                        <line branch="false" hits="1306091" number="65"/>
                        <line branch="false" hits="1" number="67"/>
                        <line branch="false" hits="1" number="68"/>
                        <line branch="false" hits="1" number="69"/>
                        <line branch="false" hits="1" number="70"/>
                        <line branch="false" hits="1" number="71"/>
                        <line branch="false" hits="4" number="72"/>
                        <line branch="false" hits="3" number="73"/>
                        <line branch="false" hits="3" number="74"/>
                        <line branch="false" hits="1" number="75"/>
                        <line branch="false" hits="0" number="77"/>
                        <line branch="false" hits="0" number="78"/>
                        <line branch="false" hits="0" number="79"/>
                        <line branch="false" hits="0" number="80"/>
                        <line branch="false" hits="0" number="81"/>
                        <line branch="false" hits="0" number="82"/>
                        <line branch="false" hits="0" number="83"/>
                        <line branch="false" hits="0" number="84"/>
                        <line branch="false" hits="0" number="85"/>
                        <line branch="false" hits="0" number="86"/>
                        <line branch="false" hits="0" number="87"/>
                        <line branch="false" hits="0" number="89"/>
                        <line branch="false" hits="0" number="91"/>
                        <line branch="false" hits="0" number="92"/>
                        <line branch="false" hits="0" number="93"/>
                        <line branch="false" hits="0" number="94"/>
                        <line branch="false" hits="0" number="95"/>
                        <line branch="false" hits="0" number="96"/>
                        <line branch="false" hits="0" number="97"/>
                        <line branch="false" hits="0" number="98"/>
                        <line branch="false" hits="0" number="99"/>
                        <line branch="false" hits="0" number="100"/>
                        <line branch="false" hits="0" number="101"/>
                        <line branch="false" hits="1" number="118"/>
                        <line branch="false" hits="1" number="119"/>
                        <line branch="false" hits="1" number="120"/>
                        <line branch="false" hits="1" number="121"/>
                        <line branch="false" hits="1" number="122"/>
                        <line branch="false" hits="1" number="123"/>
                        <line branch="false" hits="1" number="124"/>
                        <line branch="false" hits="1" number="125"/>
                        <line branch="false" hits="1" number="126"/>
                        <line branch="false" hits="1" number="127"/>
                        <line branch="false" hits="1" number="128"/>
                        <line branch="false" hits="1" number="129"/>
                        <line branch="false" hits="1" number="130"/>
                        <line branch="false" hits="1" number="131"/>
                        <line branch="false" hits="1" number="132"/>
                        <line branch="false" hits="1" number="133"/>
                        <line branch="false" hits="1" number="134"/>
                        <line branch="false" hits="1" number="135"/>
                        <line branch="false" hits="1" number="136"/>
                        <line branch="false" hits="1" number="137"/>
                    </lines>
                </class>
            </classes>
        </package>
    </packages>
</coverage>