{
  "name": "http::method::method::Method::from_bytes",
  "name_with_impl": "http::method::{impl#0}::from_bytes",
  "mod_info": {
    "name": "method",
    "loc": "src/lib.rs:173:1:173:16"
  },
  "visible": true,
  "loc": "src/method.rs:98:5:135:6",
  "fn_tests": [
    {
      "chain_id": 0,
      "prompt_conds": [],
      "input_infer": "",
      "answers": [
        {
          "uses": [],
          "has_test_mod": false,
          "common": [
            "#[derive(Debug, PartialEq)]",
            "struct Get;",
            "#[derive(Debug, PartialEq)]",
            "struct Put;",
            "#[derive(Debug, PartialEq)]",
            "struct Post;",
            "#[derive(Debug, PartialEq)]",
            "struct Head;",
            "#[derive(Debug, PartialEq)]",
            "struct Patch;",
            "#[derive(Debug, PartialEq)]",
            "struct Trace;",
            "#[derive(Debug, PartialEq)]",
            "struct Delete;",
            "#[derive(Debug, PartialEq)]",
            "struct Options;",
            "#[derive(Debug, PartialEq)]",
            "struct Connect;",
            "",
            "#[derive(Debug, PartialEq)]",
            "struct InvalidMethod;",
            "",
            "impl InvalidMethod {",
            "    fn new() -> Self {",
            "        InvalidMethod",
            "    }",
            "}",
            "",
            "#[derive(Debug, PartialEq)]",
            "enum Method {",
            "    Get(Get),",
            "    Put(Put),",
            "    Post(Post),",
            "    Head(Head),",
            "    Patch(Patch),",
            "    Trace(Trace),",
            "    Delete(Delete),",
            "    Options(Options),",
            "    Connect(Connect),",
            "    ExtensionAllocated(AllocatedExtension),",
            "    // Assume ExtensionInline is defined elsewhere",
            "}",
            "",
            "#[derive(Debug, PartialEq)]",
            "struct AllocatedExtension<'a>(&'a [u8]);",
            "",
            "impl<'a> AllocatedExtension<'a> {",
            "    fn new(src: &[u8]) -> Result<Self, InvalidMethod> {",
            "        Ok(AllocatedExtension(src))",
            "    }",
            "}",
            "",
            "// Assuming InlineExtension is defined somewhere else",
            "struct InlineExtension;",
            "",
            "impl InlineExtension {",
            "    const MAX: usize = 8; // Assume some maximum size",
            "}",
            "",
            "impl Method {",
            "    fn extension_inline(src: &[u8]) -> Result<Self, InvalidMethod> {",
            "        // Simplified for this test context, replace with logic as needed",
            "        Err(InvalidMethod::new())",
            "    }",
            "}"
          ],
          "chain_tests": [
            {
              "attrs": [],
              "prefix": [],
              "oracles": [],
              "codes": [
                [
                  "{",
                  "    let result = from_bytes(&[]);",
                  "    assert_eq!(result, Err(InvalidMethod::new()));",
                  "}"
                ]
              ],
              "can_compile": [
                {
                  "Err": "   Compiling proc-macro2 v1.0.95\n   Compiling libc v0.2.172\n   Compiling zerocopy v0.8.25\n   Compiling syn v1.0.109\n   Compiling serde v1.0.219\n   Compiling doc-comment v0.3.3\n   Compiling serde_json v1.0.140\n   Compiling quote v1.0.40\n   Compiling getrandom v0.2.16\n   Compiling rand_core v0.6.4\n   Compiling ppv-lite86 v0.2.21\n   Compiling rand_chacha v0.3.1\n   Compiling rand v0.8.5\n   Compiling quickcheck v1.0.3\n   Compiling ntest_test_cases v0.9.3\n   Compiling ntest_timeout v0.9.3\n   Compiling ntest v0.9.3\n   Compiling http v1.3.1 (/home/abezbm/rust-utgen-test-crates-new/http)\nerror[E0106]: missing lifetime specifier\n   --> src/method.rs:544:24\n    |\n544 |     ExtensionAllocated(AllocatedExtension),\n    |                        ^^^^^^^^^^^^^^^^^^ expected named lifetime parameter\n    |\nhelp: consider introducing a named lifetime parameter\n    |\n534 ~ enum Method<'a> {\n535 |     Get(Get),\n...\n543 |     Connect(Connect),\n544 ~     ExtensionAllocated(AllocatedExtension<'a>),\n    |\n\nwarning: unused import: `self::StandardHeader::Vary`\n    --> src/header/name.rs:1676:9\n     |\n1676 |     use self::StandardHeader::Vary;\n     |         ^^^^^^^^^^^^^^^^^^^^^^^^^^\n     |\n     = note: `#[warn(unused_imports)]` on by default\n\nwarning: unused import: `super::*`\n   --> src/header/value.rs:481:9\n    |\n481 |     use super::*;\n    |         ^^^^^^^^\n\nwarning: unused import: `crate::header::map::HeaderMap`\n   --> src/header/value.rs:482:9\n    |\n482 |     use crate::header::map::HeaderMap;\n    |         ^^^^^^^^^^^^^^^^^^^^^^^^^^^^^\n\nwarning: unused import: `crate::header::name`\n   --> src/header/value.rs:483:9\n    |\n483 |     use crate::header::name;\n    |         ^^^^^^^^^^^^^^^^^^^\n\nwarning: unused import: `super::*`\n   --> src/header/value.rs:568:9\n    |\n568 |     use super::*;\n    |         ^^^^^^^^\n\nwarning: unused import: `crate::header::name`\n   --> src/header/value.rs:569:9\n    |\n569 |     use crate::header::name;\n    |         ^^^^^^^^^^^^^^^^^^^\n\nwarning: unused import: `super::*`\n   --> src/method.rs:424:9\n    |\n424 |     use super::*;\n    |         ^^^^^^^^\n\nwarning: unused import: `super::*`\n   --> src/method.rs:503:8\n    |\n503 |    use super::*;\n    |        ^^^^^^^^\n\nwarning: unused import: `ntest::timeout`\n   --> src/method.rs:504:8\n    |\n504 |    use ntest::timeout;\n    |        ^^^^^^^^^^^^^^\n\nwarning: unused import: `super::*`\n    --> src/request.rs:1063:9\n     |\n1063 |     use super::*;\n     |         ^^^^^^^^\n\nwarning: unused import: `super::*`\n   --> src/response.rs:776:9\n    |\n776 |     use super::*;\n    |         ^^^^^^^^\n\nwarning: unused import: `super::*`\n   --> src/uri/authority.rs:533:9\n    |\n533 |     use super::*;\n    |         ^^^^^^^^\n\nwarning: unused import: `super::*`\n   --> src/uri/builder.rs:165:9\n    |\n165 |     use super::*;\n    |         ^^^^^^^^\n\nwarning: unused import: `super::*`\n   --> src/uri/port.rs:115:9\n    |\n115 |     use super::*;\n    |         ^^^^^^^^\n\nwarning: unused import: `super::*`\n   --> src/error.rs:143:9\n    |\n143 |     use super::*;\n    |         ^^^^^^^^\n\nwarning: unused import: `super::*`\n   --> src/lib.rs:197:9\n    |\n197 |     use super::*;\n    |         ^^^^^^^^\n\nerror[E0425]: cannot find function `from_bytes` in this scope\n   --> src/method.rs:574:18\n    |\n574 |     let result = from_bytes(&[]);\n    |                  ^^^^^^^^^^ not found in this scope\n\nerror[E0621]: explicit lifetime required in the type of `src`\n   --> src/method.rs:553:9\n    |\n552 |     fn new(src: &[u8]) -> Result<Self, InvalidMethod> {\n    |                 ----- help: add explicit lifetime `'a` to the type of `src`: `&'a [u8]`\n553 |         Ok(AllocatedExtension(src))\n    |         ^^^^^^^^^^^^^^^^^^^^^^^^^^^ lifetime `'a` required\n\nwarning: unused variable: `src`\n   --> src/method.rs:565:25\n    |\n565 |     fn extension_inline(src: &[u8]) -> Result<Self, InvalidMethod> {\n    |                         ^^^ help: if this is intentional, prefix it with an underscore: `_src`\n    |\n    = note: `#[warn(unused_variables)]` on by default\n\nSome errors have detailed explanations: E0106, E0425, E0621.\nFor more information about an error, try `rustc --explain E0106`.\nwarning: `http` (lib test) generated 17 warnings\nerror: could not compile `http` (lib test) due to 3 previous errors; 17 warnings emitted\n"
                }
              ],
              "repaired": [
                false
              ]
            },
            {
              "attrs": [],
              "prefix": [],
              "oracles": [],
              "codes": [
                [
                  "{",
                  "    let result = from_bytes(b\"GET\");",
                  "    assert_eq!(result, Ok(Method::Get(Get)));",
                  "}"
                ]
              ],
              "can_compile": [
                {
                  "Err": "   Compiling libc v0.2.172\n   Compiling proc-macro2 v1.0.95\n   Compiling zerocopy v0.8.25\n   Compiling syn v1.0.109\n   Compiling serde v1.0.219\n   Compiling serde_json v1.0.140\n   Compiling doc-comment v0.3.3\n   Compiling quote v1.0.40\n   Compiling getrandom v0.2.16\n   Compiling rand_core v0.6.4\n   Compiling ppv-lite86 v0.2.21\n   Compiling rand_chacha v0.3.1\n   Compiling rand v0.8.5\n   Compiling quickcheck v1.0.3\n   Compiling ntest_timeout v0.9.3\n   Compiling ntest_test_cases v0.9.3\n   Compiling ntest v0.9.3\n   Compiling http v1.3.1 (/home/abezbm/rust-utgen-test-crates-new/http)\nerror[E0106]: missing lifetime specifier\n   --> src/method.rs:544:24\n    |\n544 |     ExtensionAllocated(AllocatedExtension),\n    |                        ^^^^^^^^^^^^^^^^^^ expected named lifetime parameter\n    |\nhelp: consider introducing a named lifetime parameter\n    |\n534 ~ enum Method<'a> {\n535 |     Get(Get),\n...\n543 |     Connect(Connect),\n544 ~     ExtensionAllocated(AllocatedExtension<'a>),\n    |\n\nwarning: unused import: `self::StandardHeader::Vary`\n    --> src/header/name.rs:1676:9\n     |\n1676 |     use self::StandardHeader::Vary;\n     |         ^^^^^^^^^^^^^^^^^^^^^^^^^^\n     |\n     = note: `#[warn(unused_imports)]` on by default\n\nwarning: unused import: `super::*`\n   --> src/header/value.rs:481:9\n    |\n481 |     use super::*;\n    |         ^^^^^^^^\n\nwarning: unused import: `crate::header::map::HeaderMap`\n   --> src/header/value.rs:482:9\n    |\n482 |     use crate::header::map::HeaderMap;\n    |         ^^^^^^^^^^^^^^^^^^^^^^^^^^^^^\n\nwarning: unused import: `crate::header::name`\n   --> src/header/value.rs:483:9\n    |\n483 |     use crate::header::name;\n    |         ^^^^^^^^^^^^^^^^^^^\n\nwarning: unused import: `super::*`\n   --> src/header/value.rs:568:9\n    |\n568 |     use super::*;\n    |         ^^^^^^^^\n\nwarning: unused import: `crate::header::name`\n   --> src/header/value.rs:569:9\n    |\n569 |     use crate::header::name;\n    |         ^^^^^^^^^^^^^^^^^^^\n\nwarning: unused import: `super::*`\n   --> src/method.rs:424:9\n    |\n424 |     use super::*;\n    |         ^^^^^^^^\n\nwarning: unused import: `super::*`\n   --> src/method.rs:503:8\n    |\n503 |    use super::*;\n    |        ^^^^^^^^\n\nwarning: unused import: `ntest::timeout`\n   --> src/method.rs:504:8\n    |\n504 |    use ntest::timeout;\n    |        ^^^^^^^^^^^^^^\n\nwarning: unused import: `super::*`\n    --> src/request.rs:1063:9\n     |\n1063 |     use super::*;\n     |         ^^^^^^^^\n\nwarning: unused import: `super::*`\n   --> src/response.rs:776:9\n    |\n776 |     use super::*;\n    |         ^^^^^^^^\n\nwarning: unused import: `super::*`\n   --> src/uri/authority.rs:533:9\n    |\n533 |     use super::*;\n    |         ^^^^^^^^\n\nwarning: unused import: `super::*`\n   --> src/uri/builder.rs:165:9\n    |\n165 |     use super::*;\n    |         ^^^^^^^^\n\nwarning: unused import: `super::*`\n   --> src/uri/port.rs:115:9\n    |\n115 |     use super::*;\n    |         ^^^^^^^^\n\nwarning: unused import: `super::*`\n   --> src/error.rs:143:9\n    |\n143 |     use super::*;\n    |         ^^^^^^^^\n\nwarning: unused import: `super::*`\n   --> src/lib.rs:197:9\n    |\n197 |     use super::*;\n    |         ^^^^^^^^\n\nerror[E0425]: cannot find function `from_bytes` in this scope\n   --> src/method.rs:574:18\n    |\n574 |     let result = from_bytes(b\"GET\");\n    |                  ^^^^^^^^^^ not found in this scope\n\nerror[E0621]: explicit lifetime required in the type of `src`\n   --> src/method.rs:553:9\n    |\n552 |     fn new(src: &[u8]) -> Result<Self, InvalidMethod> {\n    |                 ----- help: add explicit lifetime `'a` to the type of `src`: `&'a [u8]`\n553 |         Ok(AllocatedExtension(src))\n    |         ^^^^^^^^^^^^^^^^^^^^^^^^^^^ lifetime `'a` required\n\nwarning: unused variable: `src`\n   --> src/method.rs:565:25\n    |\n565 |     fn extension_inline(src: &[u8]) -> Result<Self, InvalidMethod> {\n    |                         ^^^ help: if this is intentional, prefix it with an underscore: `_src`\n    |\n    = note: `#[warn(unused_variables)]` on by default\n\nSome errors have detailed explanations: E0106, E0425, E0621.\nFor more information about an error, try `rustc --explain E0106`.\nwarning: `http` (lib test) generated 17 warnings\nerror: could not compile `http` (lib test) due to 3 previous errors; 17 warnings emitted\n"
                }
              ],
              "repaired": [
                false
              ]
            },
            {
              "attrs": [],
              "prefix": [],
              "oracles": [],
              "codes": [
                [
                  "{",
                  "    let result = from_bytes(b\"POST\");",
                  "    assert_eq!(result, Ok(Method::Post(Post)));",
                  "}"
                ]
              ],
              "can_compile": [
                {
                  "Err": "   Compiling proc-macro2 v1.0.95\n   Compiling libc v0.2.172\n   Compiling zerocopy v0.8.25\n   Compiling syn v1.0.109\n   Compiling serde v1.0.219\n   Compiling serde_json v1.0.140\n   Compiling doc-comment v0.3.3\n   Compiling quote v1.0.40\n   Compiling getrandom v0.2.16\n   Compiling rand_core v0.6.4\n   Compiling ppv-lite86 v0.2.21\n   Compiling rand_chacha v0.3.1\n   Compiling rand v0.8.5\n   Compiling quickcheck v1.0.3\n   Compiling ntest_test_cases v0.9.3\n   Compiling ntest_timeout v0.9.3\n   Compiling ntest v0.9.3\n   Compiling http v1.3.1 (/home/abezbm/rust-utgen-test-crates-new/http)\nerror[E0106]: missing lifetime specifier\n   --> src/method.rs:544:24\n    |\n544 |     ExtensionAllocated(AllocatedExtension),\n    |                        ^^^^^^^^^^^^^^^^^^ expected named lifetime parameter\n    |\nhelp: consider introducing a named lifetime parameter\n    |\n534 ~ enum Method<'a> {\n535 |     Get(Get),\n...\n543 |     Connect(Connect),\n544 ~     ExtensionAllocated(AllocatedExtension<'a>),\n    |\n\nwarning: unused import: `self::StandardHeader::Vary`\n    --> src/header/name.rs:1676:9\n     |\n1676 |     use self::StandardHeader::Vary;\n     |         ^^^^^^^^^^^^^^^^^^^^^^^^^^\n     |\n     = note: `#[warn(unused_imports)]` on by default\n\nwarning: unused import: `super::*`\n   --> src/header/value.rs:481:9\n    |\n481 |     use super::*;\n    |         ^^^^^^^^\n\nwarning: unused import: `crate::header::map::HeaderMap`\n   --> src/header/value.rs:482:9\n    |\n482 |     use crate::header::map::HeaderMap;\n    |         ^^^^^^^^^^^^^^^^^^^^^^^^^^^^^\n\nwarning: unused import: `crate::header::name`\n   --> src/header/value.rs:483:9\n    |\n483 |     use crate::header::name;\n    |         ^^^^^^^^^^^^^^^^^^^\n\nwarning: unused import: `super::*`\n   --> src/header/value.rs:568:9\n    |\n568 |     use super::*;\n    |         ^^^^^^^^\n\nwarning: unused import: `crate::header::name`\n   --> src/header/value.rs:569:9\n    |\n569 |     use crate::header::name;\n    |         ^^^^^^^^^^^^^^^^^^^\n\nwarning: unused import: `super::*`\n   --> src/method.rs:424:9\n    |\n424 |     use super::*;\n    |         ^^^^^^^^\n\nwarning: unused import: `super::*`\n   --> src/method.rs:503:8\n    |\n503 |    use super::*;\n    |        ^^^^^^^^\n\nwarning: unused import: `ntest::timeout`\n   --> src/method.rs:504:8\n    |\n504 |    use ntest::timeout;\n    |        ^^^^^^^^^^^^^^\n\nwarning: unused import: `super::*`\n    --> src/request.rs:1063:9\n     |\n1063 |     use super::*;\n     |         ^^^^^^^^\n\nwarning: unused import: `super::*`\n   --> src/response.rs:776:9\n    |\n776 |     use super::*;\n    |         ^^^^^^^^\n\nwarning: unused import: `super::*`\n   --> src/uri/authority.rs:533:9\n    |\n533 |     use super::*;\n    |         ^^^^^^^^\n\nwarning: unused import: `super::*`\n   --> src/uri/builder.rs:165:9\n    |\n165 |     use super::*;\n    |         ^^^^^^^^\n\nwarning: unused import: `super::*`\n   --> src/uri/port.rs:115:9\n    |\n115 |     use super::*;\n    |         ^^^^^^^^\n\nwarning: unused import: `super::*`\n   --> src/error.rs:143:9\n    |\n143 |     use super::*;\n    |         ^^^^^^^^\n\nwarning: unused import: `super::*`\n   --> src/lib.rs:197:9\n    |\n197 |     use super::*;\n    |         ^^^^^^^^\n\nerror[E0425]: cannot find function `from_bytes` in this scope\n   --> src/method.rs:574:18\n    |\n574 |     let result = from_bytes(b\"POST\");\n    |                  ^^^^^^^^^^ not found in this scope\n\nerror[E0621]: explicit lifetime required in the type of `src`\n   --> src/method.rs:553:9\n    |\n552 |     fn new(src: &[u8]) -> Result<Self, InvalidMethod> {\n    |                 ----- help: add explicit lifetime `'a` to the type of `src`: `&'a [u8]`\n553 |         Ok(AllocatedExtension(src))\n    |         ^^^^^^^^^^^^^^^^^^^^^^^^^^^ lifetime `'a` required\n\nwarning: unused variable: `src`\n   --> src/method.rs:565:25\n    |\n565 |     fn extension_inline(src: &[u8]) -> Result<Self, InvalidMethod> {\n    |                         ^^^ help: if this is intentional, prefix it with an underscore: `_src`\n    |\n    = note: `#[warn(unused_variables)]` on by default\n\nSome errors have detailed explanations: E0106, E0425, E0621.\nFor more information about an error, try `rustc --explain E0106`.\nwarning: `http` (lib test) generated 17 warnings\nerror: could not compile `http` (lib test) due to 3 previous errors; 17 warnings emitted\n"
                }
              ],
              "repaired": [
                false
              ]
            },
            {
              "attrs": [],
              "prefix": [],
              "oracles": [],
              "codes": [
                [
                  "{",
                  "    let result = from_bytes(b\"INVALID\");",
                  "    assert_eq!(result, Err(InvalidMethod::new()));",
                  "}"
                ]
              ],
              "can_compile": [
                {
                  "Err": "   Compiling proc-macro2 v1.0.95\n   Compiling libc v0.2.172\n   Compiling zerocopy v0.8.25\n   Compiling syn v1.0.109\n   Compiling serde v1.0.219\n   Compiling serde_json v1.0.140\n   Compiling doc-comment v0.3.3\n   Compiling quote v1.0.40\n   Compiling getrandom v0.2.16\n   Compiling rand_core v0.6.4\n   Compiling ppv-lite86 v0.2.21\n   Compiling rand_chacha v0.3.1\n   Compiling rand v0.8.5\n   Compiling quickcheck v1.0.3\n   Compiling ntest_timeout v0.9.3\n   Compiling ntest_test_cases v0.9.3\n   Compiling ntest v0.9.3\n   Compiling http v1.3.1 (/home/abezbm/rust-utgen-test-crates-new/http)\nerror[E0106]: missing lifetime specifier\n   --> src/method.rs:544:24\n    |\n544 |     ExtensionAllocated(AllocatedExtension),\n    |                        ^^^^^^^^^^^^^^^^^^ expected named lifetime parameter\n    |\nhelp: consider introducing a named lifetime parameter\n    |\n534 ~ enum Method<'a> {\n535 |     Get(Get),\n...\n543 |     Connect(Connect),\n544 ~     ExtensionAllocated(AllocatedExtension<'a>),\n    |\n\nwarning: unused import: `self::StandardHeader::Vary`\n    --> src/header/name.rs:1676:9\n     |\n1676 |     use self::StandardHeader::Vary;\n     |         ^^^^^^^^^^^^^^^^^^^^^^^^^^\n     |\n     = note: `#[warn(unused_imports)]` on by default\n\nwarning: unused import: `super::*`\n   --> src/header/value.rs:481:9\n    |\n481 |     use super::*;\n    |         ^^^^^^^^\n\nwarning: unused import: `crate::header::map::HeaderMap`\n   --> src/header/value.rs:482:9\n    |\n482 |     use crate::header::map::HeaderMap;\n    |         ^^^^^^^^^^^^^^^^^^^^^^^^^^^^^\n\nwarning: unused import: `crate::header::name`\n   --> src/header/value.rs:483:9\n    |\n483 |     use crate::header::name;\n    |         ^^^^^^^^^^^^^^^^^^^\n\nwarning: unused import: `super::*`\n   --> src/header/value.rs:568:9\n    |\n568 |     use super::*;\n    |         ^^^^^^^^\n\nwarning: unused import: `crate::header::name`\n   --> src/header/value.rs:569:9\n    |\n569 |     use crate::header::name;\n    |         ^^^^^^^^^^^^^^^^^^^\n\nwarning: unused import: `super::*`\n   --> src/method.rs:424:9\n    |\n424 |     use super::*;\n    |         ^^^^^^^^\n\nwarning: unused import: `super::*`\n   --> src/method.rs:503:8\n    |\n503 |    use super::*;\n    |        ^^^^^^^^\n\nwarning: unused import: `ntest::timeout`\n   --> src/method.rs:504:8\n    |\n504 |    use ntest::timeout;\n    |        ^^^^^^^^^^^^^^\n\nwarning: unused import: `super::*`\n    --> src/request.rs:1063:9\n     |\n1063 |     use super::*;\n     |         ^^^^^^^^\n\nwarning: unused import: `super::*`\n   --> src/response.rs:776:9\n    |\n776 |     use super::*;\n    |         ^^^^^^^^\n\nwarning: unused import: `super::*`\n   --> src/uri/authority.rs:533:9\n    |\n533 |     use super::*;\n    |         ^^^^^^^^\n\nwarning: unused import: `super::*`\n   --> src/uri/builder.rs:165:9\n    |\n165 |     use super::*;\n    |         ^^^^^^^^\n\nwarning: unused import: `super::*`\n   --> src/uri/port.rs:115:9\n    |\n115 |     use super::*;\n    |         ^^^^^^^^\n\nwarning: unused import: `super::*`\n   --> src/error.rs:143:9\n    |\n143 |     use super::*;\n    |         ^^^^^^^^\n\nwarning: unused import: `super::*`\n   --> src/lib.rs:197:9\n    |\n197 |     use super::*;\n    |         ^^^^^^^^\n\nerror[E0425]: cannot find function `from_bytes` in this scope\n   --> src/method.rs:574:18\n    |\n574 |     let result = from_bytes(b\"INVALID\");\n    |                  ^^^^^^^^^^ not found in this scope\n\nerror[E0621]: explicit lifetime required in the type of `src`\n   --> src/method.rs:553:9\n    |\n552 |     fn new(src: &[u8]) -> Result<Self, InvalidMethod> {\n    |                 ----- help: add explicit lifetime `'a` to the type of `src`: `&'a [u8]`\n553 |         Ok(AllocatedExtension(src))\n    |         ^^^^^^^^^^^^^^^^^^^^^^^^^^^ lifetime `'a` required\n\nwarning: unused variable: `src`\n   --> src/method.rs:565:25\n    |\n565 |     fn extension_inline(src: &[u8]) -> Result<Self, InvalidMethod> {\n    |                         ^^^ help: if this is intentional, prefix it with an underscore: `_src`\n    |\n    = note: `#[warn(unused_variables)]` on by default\n\nSome errors have detailed explanations: E0106, E0425, E0621.\nFor more information about an error, try `rustc --explain E0106`.\nwarning: `http` (lib test) generated 17 warnings\nerror: could not compile `http` (lib test) due to 3 previous errors; 17 warnings emitted\n"
                }
              ],
              "repaired": [
                false
              ]
            },
            {
              "attrs": [],
              "prefix": [],
              "oracles": [],
              "codes": [
                [
                  "{",
                  "    let result = from_bytes(b\"PATCH\");",
                  "    assert_eq!(result, Ok(Method::Patch(Patch)));",
                  "}"
                ]
              ],
              "can_compile": [
                {
                  "Err": "   Compiling libc v0.2.172\n   Compiling proc-macro2 v1.0.95\n   Compiling zerocopy v0.8.25\n   Compiling syn v1.0.109\n   Compiling serde v1.0.219\n   Compiling serde_json v1.0.140\n   Compiling doc-comment v0.3.3\n   Compiling quote v1.0.40\n   Compiling getrandom v0.2.16\n   Compiling rand_core v0.6.4\n   Compiling ppv-lite86 v0.2.21\n   Compiling rand_chacha v0.3.1\n   Compiling rand v0.8.5\n   Compiling quickcheck v1.0.3\n   Compiling ntest_test_cases v0.9.3\n   Compiling ntest_timeout v0.9.3\n   Compiling ntest v0.9.3\n   Compiling http v1.3.1 (/home/abezbm/rust-utgen-test-crates-new/http)\nerror[E0106]: missing lifetime specifier\n   --> src/method.rs:544:24\n    |\n544 |     ExtensionAllocated(AllocatedExtension),\n    |                        ^^^^^^^^^^^^^^^^^^ expected named lifetime parameter\n    |\nhelp: consider introducing a named lifetime parameter\n    |\n534 ~ enum Method<'a> {\n535 |     Get(Get),\n...\n543 |     Connect(Connect),\n544 ~     ExtensionAllocated(AllocatedExtension<'a>),\n    |\n\nwarning: unused import: `self::StandardHeader::Vary`\n    --> src/header/name.rs:1676:9\n     |\n1676 |     use self::StandardHeader::Vary;\n     |         ^^^^^^^^^^^^^^^^^^^^^^^^^^\n     |\n     = note: `#[warn(unused_imports)]` on by default\n\nwarning: unused import: `super::*`\n   --> src/header/value.rs:481:9\n    |\n481 |     use super::*;\n    |         ^^^^^^^^\n\nwarning: unused import: `crate::header::map::HeaderMap`\n   --> src/header/value.rs:482:9\n    |\n482 |     use crate::header::map::HeaderMap;\n    |         ^^^^^^^^^^^^^^^^^^^^^^^^^^^^^\n\nwarning: unused import: `crate::header::name`\n   --> src/header/value.rs:483:9\n    |\n483 |     use crate::header::name;\n    |         ^^^^^^^^^^^^^^^^^^^\n\nwarning: unused import: `super::*`\n   --> src/header/value.rs:568:9\n    |\n568 |     use super::*;\n    |         ^^^^^^^^\n\nwarning: unused import: `crate::header::name`\n   --> src/header/value.rs:569:9\n    |\n569 |     use crate::header::name;\n    |         ^^^^^^^^^^^^^^^^^^^\n\nwarning: unused import: `super::*`\n   --> src/method.rs:424:9\n    |\n424 |     use super::*;\n    |         ^^^^^^^^\n\nwarning: unused import: `super::*`\n   --> src/method.rs:503:8\n    |\n503 |    use super::*;\n    |        ^^^^^^^^\n\nwarning: unused import: `ntest::timeout`\n   --> src/method.rs:504:8\n    |\n504 |    use ntest::timeout;\n    |        ^^^^^^^^^^^^^^\n\nwarning: unused import: `super::*`\n    --> src/request.rs:1063:9\n     |\n1063 |     use super::*;\n     |         ^^^^^^^^\n\nwarning: unused import: `super::*`\n   --> src/response.rs:776:9\n    |\n776 |     use super::*;\n    |         ^^^^^^^^\n\nwarning: unused import: `super::*`\n   --> src/uri/authority.rs:533:9\n    |\n533 |     use super::*;\n    |         ^^^^^^^^\n\nwarning: unused import: `super::*`\n   --> src/uri/builder.rs:165:9\n    |\n165 |     use super::*;\n    |         ^^^^^^^^\n\nwarning: unused import: `super::*`\n   --> src/uri/port.rs:115:9\n    |\n115 |     use super::*;\n    |         ^^^^^^^^\n\nwarning: unused import: `super::*`\n   --> src/error.rs:143:9\n    |\n143 |     use super::*;\n    |         ^^^^^^^^\n\nwarning: unused import: `super::*`\n   --> src/lib.rs:197:9\n    |\n197 |     use super::*;\n    |         ^^^^^^^^\n\nerror[E0425]: cannot find function `from_bytes` in this scope\n   --> src/method.rs:574:18\n    |\n574 |     let result = from_bytes(b\"PATCH\");\n    |                  ^^^^^^^^^^ not found in this scope\n\nerror[E0621]: explicit lifetime required in the type of `src`\n   --> src/method.rs:553:9\n    |\n552 |     fn new(src: &[u8]) -> Result<Self, InvalidMethod> {\n    |                 ----- help: add explicit lifetime `'a` to the type of `src`: `&'a [u8]`\n553 |         Ok(AllocatedExtension(src))\n    |         ^^^^^^^^^^^^^^^^^^^^^^^^^^^ lifetime `'a` required\n\nwarning: unused variable: `src`\n   --> src/method.rs:565:25\n    |\n565 |     fn extension_inline(src: &[u8]) -> Result<Self, InvalidMethod> {\n    |                         ^^^ help: if this is intentional, prefix it with an underscore: `_src`\n    |\n    = note: `#[warn(unused_variables)]` on by default\n\nSome errors have detailed explanations: E0106, E0425, E0621.\nFor more information about an error, try `rustc --explain E0106`.\nwarning: `http` (lib test) generated 17 warnings\nerror: could not compile `http` (lib test) due to 3 previous errors; 17 warnings emitted\n"
                }
              ],
              "repaired": [
                false
              ]
            },
            {
              "attrs": [],
              "prefix": [],
              "oracles": [],
              "codes": [
                [
                  "{",
                  "    // Test with a length exceeding InlineExtension::MAX",
                  "    let long_method = b\"TOO_LONG_METHOD\";",
                  "    let result = from_bytes(long_method);",
                  "    assert!(result.is_ok()); // Assuming it gets allocated",
                  "}"
                ]
              ],
              "can_compile": [
                {
                  "Err": "   Compiling proc-macro2 v1.0.95\n   Compiling libc v0.2.172\n   Compiling zerocopy v0.8.25\n   Compiling syn v1.0.109\n   Compiling serde v1.0.219\n   Compiling doc-comment v0.3.3\n   Compiling serde_json v1.0.140\n   Compiling quote v1.0.40\n   Compiling getrandom v0.2.16\n   Compiling rand_core v0.6.4\n   Compiling ppv-lite86 v0.2.21\n   Compiling rand_chacha v0.3.1\n   Compiling rand v0.8.5\n   Compiling quickcheck v1.0.3\n   Compiling ntest_timeout v0.9.3\n   Compiling ntest_test_cases v0.9.3\n   Compiling ntest v0.9.3\n   Compiling http v1.3.1 (/home/abezbm/rust-utgen-test-crates-new/http)\nerror[E0106]: missing lifetime specifier\n   --> src/method.rs:544:24\n    |\n544 |     ExtensionAllocated(AllocatedExtension),\n    |                        ^^^^^^^^^^^^^^^^^^ expected named lifetime parameter\n    |\nhelp: consider introducing a named lifetime parameter\n    |\n534 ~ enum Method<'a> {\n535 |     Get(Get),\n...\n543 |     Connect(Connect),\n544 ~     ExtensionAllocated(AllocatedExtension<'a>),\n    |\n\nwarning: unused import: `self::StandardHeader::Vary`\n    --> src/header/name.rs:1676:9\n     |\n1676 |     use self::StandardHeader::Vary;\n     |         ^^^^^^^^^^^^^^^^^^^^^^^^^^\n     |\n     = note: `#[warn(unused_imports)]` on by default\n\nwarning: unused import: `super::*`\n   --> src/header/value.rs:481:9\n    |\n481 |     use super::*;\n    |         ^^^^^^^^\n\nwarning: unused import: `crate::header::map::HeaderMap`\n   --> src/header/value.rs:482:9\n    |\n482 |     use crate::header::map::HeaderMap;\n    |         ^^^^^^^^^^^^^^^^^^^^^^^^^^^^^\n\nwarning: unused import: `crate::header::name`\n   --> src/header/value.rs:483:9\n    |\n483 |     use crate::header::name;\n    |         ^^^^^^^^^^^^^^^^^^^\n\nwarning: unused import: `super::*`\n   --> src/header/value.rs:568:9\n    |\n568 |     use super::*;\n    |         ^^^^^^^^\n\nwarning: unused import: `crate::header::name`\n   --> src/header/value.rs:569:9\n    |\n569 |     use crate::header::name;\n    |         ^^^^^^^^^^^^^^^^^^^\n\nwarning: unused import: `super::*`\n   --> src/method.rs:424:9\n    |\n424 |     use super::*;\n    |         ^^^^^^^^\n\nwarning: unused import: `super::*`\n   --> src/method.rs:503:8\n    |\n503 |    use super::*;\n    |        ^^^^^^^^\n\nwarning: unused import: `ntest::timeout`\n   --> src/method.rs:504:8\n    |\n504 |    use ntest::timeout;\n    |        ^^^^^^^^^^^^^^\n\nwarning: unused import: `super::*`\n    --> src/request.rs:1063:9\n     |\n1063 |     use super::*;\n     |         ^^^^^^^^\n\nwarning: unused import: `super::*`\n   --> src/response.rs:776:9\n    |\n776 |     use super::*;\n    |         ^^^^^^^^\n\nwarning: unused import: `super::*`\n   --> src/uri/authority.rs:533:9\n    |\n533 |     use super::*;\n    |         ^^^^^^^^\n\nwarning: unused import: `super::*`\n   --> src/uri/builder.rs:165:9\n    |\n165 |     use super::*;\n    |         ^^^^^^^^\n\nwarning: unused import: `super::*`\n   --> src/uri/port.rs:115:9\n    |\n115 |     use super::*;\n    |         ^^^^^^^^\n\nwarning: unused import: `super::*`\n   --> src/error.rs:143:9\n    |\n143 |     use super::*;\n    |         ^^^^^^^^\n\nwarning: unused import: `super::*`\n   --> src/lib.rs:197:9\n    |\n197 |     use super::*;\n    |         ^^^^^^^^\n\nerror[E0425]: cannot find function `from_bytes` in this scope\n   --> src/method.rs:576:18\n    |\n576 |     let result = from_bytes(long_method);\n    |                  ^^^^^^^^^^ not found in this scope\n\nerror[E0621]: explicit lifetime required in the type of `src`\n   --> src/method.rs:553:9\n    |\n552 |     fn new(src: &[u8]) -> Result<Self, InvalidMethod> {\n    |                 ----- help: add explicit lifetime `'a` to the type of `src`: `&'a [u8]`\n553 |         Ok(AllocatedExtension(src))\n    |         ^^^^^^^^^^^^^^^^^^^^^^^^^^^ lifetime `'a` required\n\nwarning: unused variable: `src`\n   --> src/method.rs:565:25\n    |\n565 |     fn extension_inline(src: &[u8]) -> Result<Self, InvalidMethod> {\n    |                         ^^^ help: if this is intentional, prefix it with an underscore: `_src`\n    |\n    = note: `#[warn(unused_variables)]` on by default\n\nSome errors have detailed explanations: E0106, E0425, E0621.\nFor more information about an error, try `rustc --explain E0106`.\nwarning: `http` (lib test) generated 17 warnings\nerror: could not compile `http` (lib test) due to 3 previous errors; 17 warnings emitted\n"
                }
              ],
              "repaired": [
                false
              ]
            }
          ]
        }
      ]
    }
  ]
}