{
  "name": "serde::__private::de::content::__private::de::content::TagOrContentVisitor<'de>::new",
  "name_with_impl": "serde::__private::de::content::{impl#6}::new",
  "mod_info": {
    "name": "__private::de::content",
    "loc": "serde/src/private/de.rs:198:1:2358:2"
  },
  "visible": false,
  "loc": "serde/src/private/de.rs:554:9:559:10",
  "fn_tests": [
    {
      "chain_id": 0,
      "prompt_conds": [],
      "input_infer": "",
      "answers": [
        {
          "uses": [],
          "has_test_mod": false,
          "common": [],
          "chain_tests": [
            {
              "attrs": [],
              "prefix": [],
              "oracles": [],
              "codes": [
                [
                  "{",
                  "    struct TestVisitor<'de> {",
                  "        name: &'static str,",
                  "        value: std::marker::PhantomData<TagOrContent<'de>>,",
                  "    }",
                  "",
                  "    impl<'de> TagOrContentVisitor<'de> {",
                  "        fn new(name: &'static str) -> Self {",
                  "            TagOrContentVisitor {",
                  "                name,",
                  "                value: std::marker::PhantomData,",
                  "            }",
                  "        }",
                  "    }",
                  "",
                  "    let visitor = TagOrContentVisitor::new(\"test_name\");",
                  "    assert_eq!(visitor.name, \"test_name\");",
                  "}"
                ]
              ],
              "can_compile": [
                {
                  "Err": "   Compiling proc-macro2 v1.0.95\n   Compiling syn v1.0.109\n   Compiling serde_derive v1.0.219 (/home/abezbm/rust-utgen-test-crates-new/serde/serde_derive)\n   Compiling serde v1.0.219 (/home/abezbm/rust-utgen-test-crates-new/serde/serde)\n   Compiling quote v1.0.40\n   Compiling syn v2.0.100\n   Compiling ntest_timeout v0.9.3\n   Compiling ntest_test_cases v0.9.3\n   Compiling ntest v0.9.3\nwarning: unused import: `ntest::timeout`\n    --> serde/src/private/de.rs:2362:8\n     |\n2362 |    use ntest::timeout;\n     |        ^^^^^^^^^^^^^^\n     |\n     = note: `#[warn(unused_imports)]` on by default\n\nerror[E0592]: duplicate definitions with name `new`\n    --> serde/src/private/de.rs:554:9\n     |\n554  |         fn new(name: &'static str) -> Self {\n     |         ^^^^^^^^^^^^^^^^^^^^^^^^^^^^^^^^^^ duplicate definitions for `new`\n...\n2372 |         fn new(name: &'static str) -> Self {\n     |         ---------------------------------- other definition for `new`\n\nerror[E0034]: multiple applicable items in scope\n    --> serde/src/private/de.rs:2380:40\n     |\n2380 |     let visitor = TagOrContentVisitor::new(\"test_name\");\n     |                                        ^^^ multiple `new` found\n     |\nnote: candidate #1 is defined in an impl for the type `__private::de::content::TagOrContentVisitor<'de>`\n    --> serde/src/private/de.rs:554:9\n     |\n554  |         fn new(name: &'static str) -> Self {\n     |         ^^^^^^^^^^^^^^^^^^^^^^^^^^^^^^^^^^\nnote: candidate #2 is defined in an impl for the type `__private::de::content::TagOrContentVisitor<'de>`\n    --> serde/src/private/de.rs:2372:9\n     |\n2372 |         fn new(name: &'static str) -> Self {\n     |         ^^^^^^^^^^^^^^^^^^^^^^^^^^^^^^^^^^\n\nSome errors have detailed explanations: E0034, E0592.\nFor more information about an error, try `rustc --explain E0034`.\nwarning: `serde` (lib test) generated 1 warning\nerror: could not compile `serde` (lib test) due to 2 previous errors; 1 warning emitted\n"
                }
              ],
              "repaired": [
                false
              ]
            },
            {
              "attrs": [],
              "prefix": [],
              "oracles": [],
              "codes": [
                [
                  "{",
                  "    struct TestVisitor<'de> {",
                  "        name: &'static str,",
                  "        value: std::marker::PhantomData<TagOrContent<'de>>,",
                  "    }",
                  "",
                  "    impl<'de> TagOrContentVisitor<'de> {",
                  "        fn new(name: &'static str) -> Self {",
                  "            TagOrContentVisitor {",
                  "                name,",
                  "                value: std::marker::PhantomData,",
                  "            }",
                  "        }",
                  "    }",
                  "",
                  "    let visitor = TagOrContentVisitor::new(\"\");",
                  "    assert_eq!(visitor.name, \"\");",
                  "}"
                ]
              ],
              "can_compile": [
                {
                  "Err": "   Compiling proc-macro2 v1.0.95\n   Compiling syn v1.0.109\n   Compiling serde_derive v1.0.219 (/home/abezbm/rust-utgen-test-crates-new/serde/serde_derive)\n   Compiling serde v1.0.219 (/home/abezbm/rust-utgen-test-crates-new/serde/serde)\n   Compiling quote v1.0.40\n   Compiling syn v2.0.100\n   Compiling ntest_timeout v0.9.3\n   Compiling ntest_test_cases v0.9.3\n   Compiling ntest v0.9.3\nwarning: unused import: `ntest::timeout`\n    --> serde/src/private/de.rs:2362:8\n     |\n2362 |    use ntest::timeout;\n     |        ^^^^^^^^^^^^^^\n     |\n     = note: `#[warn(unused_imports)]` on by default\n\nerror[E0592]: duplicate definitions with name `new`\n    --> serde/src/private/de.rs:554:9\n     |\n554  |         fn new(name: &'static str) -> Self {\n     |         ^^^^^^^^^^^^^^^^^^^^^^^^^^^^^^^^^^ duplicate definitions for `new`\n...\n2372 |         fn new(name: &'static str) -> Self {\n     |         ---------------------------------- other definition for `new`\n\nerror[E0034]: multiple applicable items in scope\n    --> serde/src/private/de.rs:2380:40\n     |\n2380 |     let visitor = TagOrContentVisitor::new(\"\");\n     |                                        ^^^ multiple `new` found\n     |\nnote: candidate #1 is defined in an impl for the type `__private::de::content::TagOrContentVisitor<'de>`\n    --> serde/src/private/de.rs:554:9\n     |\n554  |         fn new(name: &'static str) -> Self {\n     |         ^^^^^^^^^^^^^^^^^^^^^^^^^^^^^^^^^^\nnote: candidate #2 is defined in an impl for the type `__private::de::content::TagOrContentVisitor<'de>`\n    --> serde/src/private/de.rs:2372:9\n     |\n2372 |         fn new(name: &'static str) -> Self {\n     |         ^^^^^^^^^^^^^^^^^^^^^^^^^^^^^^^^^^\n\nSome errors have detailed explanations: E0034, E0592.\nFor more information about an error, try `rustc --explain E0034`.\nwarning: `serde` (lib test) generated 1 warning\nerror: could not compile `serde` (lib test) due to 2 previous errors; 1 warning emitted\n"
                }
              ],
              "repaired": [
                false
              ]
            }
          ]
        }
      ]
    }
  ]
}