{
  "name": "serde::de::value::<de::value::StringDeserializer<E> as de::IntoDeserializer<'de, E>>::into_deserializer",
  "name_with_impl": "serde::de::value::{impl#31}::into_deserializer",
  "mod_info": {
    "name": "de::value",
    "loc": "serde/src/de/mod.rs:119:1:119:15"
  },
  "visible": true,
  "loc": "serde/src/de/value.rs:717:5:719:6",
  "fn_tests": [
    {
      "chain_id": 0,
      "prompt_conds": [],
      "input_infer": "",
      "answers": [
        {
          "uses": [
            "use crate::de::IntoDeserializer;"
          ],
          "has_test_mod": false,
          "common": [],
          "chain_tests": [
            {
              "attrs": [],
              "prefix": [],
              "oracles": [],
              "codes": [
                [
                  "{",
                  "    use crate::de::IntoDeserializer;",
                  "",
                  "    struct MyError;",
                  "",
                  "    impl de::Error for MyError {",
                  "        fn custom<T>(_: T) -> Self {",
                  "            MyError",
                  "        }",
                  "    }",
                  "    ",
                  "    let deserializer = StringDeserializer::<MyError> {",
                  "        value: String::from(\"test\"),",
                  "        marker: PhantomData,",
                  "    };",
                  "",
                  "    let deserializer_out = deserializer.into_deserializer();",
                  "",
                  "    assert_eq!(deserializer_out.value, \"test\");",
                  "}"
                ]
              ],
              "can_compile": [
                {
                  "Err": "   Compiling proc-macro2 v1.0.95\n   Compiling syn v1.0.109\n   Compiling serde_derive v1.0.219 (/home/abezbm/rust-utgen-test-crates-new/serde/serde_derive)\n   Compiling serde v1.0.219 (/home/abezbm/rust-utgen-test-crates-new/serde/serde)\n   Compiling quote v1.0.40\n   Compiling syn v2.0.100\n   Compiling ntest_test_cases v0.9.3\n   Compiling ntest_timeout v0.9.3\n   Compiling ntest v0.9.3\nwarning: unused import: `ntest::timeout`\n    --> serde/src/de/value.rs:1901:8\n     |\n1901 |    use ntest::timeout;\n     |        ^^^^^^^^^^^^^^\n     |\n     = note: `#[warn(unused_imports)]` on by default\n\nerror[E0277]: the trait bound `MyError: std::error::Error` is not satisfied\n    --> serde/src/de/value.rs:1909:24\n     |\n1909 |     impl de::Error for MyError {\n     |                        ^^^^^^^ the trait `std::error::Error` is not implemented for `MyError`\n     |\nnote: required by a bound in `de::Error`\n    --> serde/src/de/mod.rs:161:38\n     |\n161  |         pub trait Error: Sized $(+ $($supertrait)::+)* {\n     |                                      ^^^^^^^^^^^ required by this bound in `Error`\n...\n300  | declare_error_trait!(Error: Sized + StdError);\n     | --------------------------------------------- in this macro invocation\n     = note: this error originates in the macro `declare_error_trait` (in Nightly builds, run with -Z macro-backtrace for more info)\n\nFor more information about this error, try `rustc --explain E0277`.\nwarning: `serde` (lib test) generated 1 warning\nerror: could not compile `serde` (lib test) due to 1 previous error; 1 warning emitted\n"
                }
              ],
              "repaired": [
                false
              ]
            },
            {
              "attrs": [],
              "prefix": [],
              "oracles": [],
              "codes": [
                [
                  "{",
                  "    use crate::de::IntoDeserializer;",
                  "",
                  "    struct MyError;",
                  "",
                  "    impl de::Error for MyError {",
                  "        fn custom<T>(_: T) -> Self {",
                  "            MyError",
                  "        }",
                  "    }",
                  "    ",
                  "    let deserializer = StringDeserializer::<MyError> {",
                  "        value: String::from(\"\"),",
                  "        marker: PhantomData,",
                  "    };",
                  "",
                  "    let deserializer_out = deserializer.into_deserializer();",
                  "",
                  "    assert_eq!(deserializer_out.value, \"\");",
                  "}"
                ]
              ],
              "can_compile": [
                {
                  "Err": "   Compiling proc-macro2 v1.0.95\n   Compiling syn v1.0.109\n   Compiling serde_derive v1.0.219 (/home/abezbm/rust-utgen-test-crates-new/serde/serde_derive)\n   Compiling serde v1.0.219 (/home/abezbm/rust-utgen-test-crates-new/serde/serde)\n   Compiling quote v1.0.40\n   Compiling syn v2.0.100\n   Compiling ntest_timeout v0.9.3\n   Compiling ntest_test_cases v0.9.3\n   Compiling ntest v0.9.3\nwarning: unused import: `ntest::timeout`\n    --> serde/src/de/value.rs:1901:8\n     |\n1901 |    use ntest::timeout;\n     |        ^^^^^^^^^^^^^^\n     |\n     = note: `#[warn(unused_imports)]` on by default\n\nerror[E0277]: the trait bound `MyError: std::error::Error` is not satisfied\n    --> serde/src/de/value.rs:1909:24\n     |\n1909 |     impl de::Error for MyError {\n     |                        ^^^^^^^ the trait `std::error::Error` is not implemented for `MyError`\n     |\nnote: required by a bound in `de::Error`\n    --> serde/src/de/mod.rs:161:38\n     |\n161  |         pub trait Error: Sized $(+ $($supertrait)::+)* {\n     |                                      ^^^^^^^^^^^ required by this bound in `Error`\n...\n300  | declare_error_trait!(Error: Sized + StdError);\n     | --------------------------------------------- in this macro invocation\n     = note: this error originates in the macro `declare_error_trait` (in Nightly builds, run with -Z macro-backtrace for more info)\n\nFor more information about this error, try `rustc --explain E0277`.\nwarning: `serde` (lib test) generated 1 warning\nerror: could not compile `serde` (lib test) due to 1 previous error; 1 warning emitted\n"
                }
              ],
              "repaired": [
                false
              ]
            }
          ]
        }
      ]
    }
  ]
}