{
  "name": "serde::de::value::<de::value::BorrowedBytesDeserializer<'de, E> as de::IntoDeserializer<'de, E>>::into_deserializer",
  "name_with_impl": "serde::de::value::{impl#48}::into_deserializer",
  "mod_info": {
    "name": "de::value",
    "loc": "serde/src/de/mod.rs:119:1:119:15"
  },
  "visible": true,
  "loc": "serde/src/de/value.rs:984:5:986:6",
  "fn_tests": [
    {
      "chain_id": 0,
      "prompt_conds": [],
      "input_infer": "",
      "answers": [
        {
          "uses": [],
          "has_test_mod": false,
          "common": [],
          "chain_tests": [
            {
              "attrs": [],
              "prefix": [],
              "oracles": [],
              "codes": [
                [
                  "{",
                  "    struct MockError;",
                  "    ",
                  "    impl de::Error for MockError {",
                  "        fn custom<T>(_msg: T) -> Self {",
                  "            MockError",
                  "        }",
                  "    }",
                  "",
                  "    let bytes: &[u8] = &[1, 2, 3];",
                  "    let deserializer = BorrowedBytesDeserializer {",
                  "        value: bytes,",
                  "        marker: PhantomData::<MockError>,",
                  "    };",
                  "",
                  "    let result = deserializer.into_deserializer();",
                  "",
                  "    assert_eq!(result.value, bytes);",
                  "}"
                ]
              ],
              "can_compile": [
                {
                  "Err": "   Compiling proc-macro2 v1.0.95\n   Compiling syn v1.0.109\n   Compiling serde_derive v1.0.219 (/home/abezbm/rust-utgen-test-crates-new/serde/serde_derive)\n   Compiling serde v1.0.219 (/home/abezbm/rust-utgen-test-crates-new/serde/serde)\n   Compiling quote v1.0.40\n   Compiling syn v2.0.100\n   Compiling ntest_timeout v0.9.3\n   Compiling ntest_test_cases v0.9.3\n   Compiling ntest v0.9.3\nwarning: unused import: `ntest::timeout`\n    --> serde/src/de/value.rs:1901:8\n     |\n1901 |    use ntest::timeout;\n     |        ^^^^^^^^^^^^^^\n     |\n     = note: `#[warn(unused_imports)]` on by default\n\nerror[E0277]: the trait bound `MockError: std::error::Error` is not satisfied\n    --> serde/src/de/value.rs:1907:24\n     |\n1907 |     impl de::Error for MockError {\n     |                        ^^^^^^^^^ the trait `std::error::Error` is not implemented for `MockError`\n     |\nnote: required by a bound in `de::Error`\n    --> serde/src/de/mod.rs:161:38\n     |\n161  |         pub trait Error: Sized $(+ $($supertrait)::+)* {\n     |                                      ^^^^^^^^^^^ required by this bound in `Error`\n...\n300  | declare_error_trait!(Error: Sized + StdError);\n     | --------------------------------------------- in this macro invocation\n     = note: this error originates in the macro `declare_error_trait` (in Nightly builds, run with -Z macro-backtrace for more info)\n\nFor more information about this error, try `rustc --explain E0277`.\nwarning: `serde` (lib test) generated 1 warning\nerror: could not compile `serde` (lib test) due to 1 previous error; 1 warning emitted\n"
                }
              ],
              "repaired": [
                false
              ]
            },
            {
              "attrs": [],
              "prefix": [],
              "oracles": [],
              "codes": [
                [
                  "{",
                  "    struct OtherDeserializer<E> {",
                  "        value: i32,",
                  "        marker: PhantomData<E>,",
                  "    }",
                  "",
                  "    impl<E> IntoDeserializer<'_, E> for OtherDeserializer<E>",
                  "    where",
                  "        E: de::Error,",
                  "    {",
                  "        type Deserializer = Self;",
                  "",
                  "        fn into_deserializer(self) -> Self::Deserializer {",
                  "            self",
                  "        }",
                  "    }",
                  "",
                  "    let other_deserializer = OtherDeserializer {",
                  "        value: 42,",
                  "        marker: PhantomData::<MockError>,",
                  "    };",
                  "",
                  "    let result = other_deserializer.into_deserializer();",
                  "",
                  "    assert_eq!(result.value, 42);",
                  "}"
                ]
              ],
              "can_compile": [
                {
                  "Err": "   Compiling proc-macro2 v1.0.95\n   Compiling syn v1.0.109\n   Compiling serde_derive v1.0.219 (/home/abezbm/rust-utgen-test-crates-new/serde/serde_derive)\n   Compiling serde v1.0.219 (/home/abezbm/rust-utgen-test-crates-new/serde/serde)\n   Compiling quote v1.0.40\n   Compiling syn v2.0.100\n   Compiling ntest_timeout v0.9.3\n   Compiling ntest_test_cases v0.9.3\n   Compiling ntest v0.9.3\nerror[E0412]: cannot find type `MockError` in this scope\n    --> serde/src/de/value.rs:1923:31\n     |\n1923 |         marker: PhantomData::<MockError>,\n     |                               ^^^^^^^^^ not found in this scope\n     |\nhelp: you might be missing a type parameter\n     |\n1903 | fn test_into_deserializer_01<MockError>()\n     |                             +++++++++++\n\nwarning: unused import: `ntest::timeout`\n    --> serde/src/de/value.rs:1901:8\n     |\n1901 |    use ntest::timeout;\n     |        ^^^^^^^^^^^^^^\n     |\n     = note: `#[warn(unused_imports)]` on by default\n\nerror[E0277]: the trait bound `OtherDeserializer<E>: Deserializer<'_>` is not satisfied\n    --> serde/src/de/value.rs:1914:29\n     |\n1914 |         type Deserializer = Self;\n     |                             ^^^^ the trait `Deserializer<'_>` is not implemented for `OtherDeserializer<E>`\n     |\n     = help: the following other types implement trait `Deserializer<'de>`:\n               BoolDeserializer<E>\n               BorrowedBytesDeserializer<'de, E>\n               BytesDeserializer<'a, E>\n               CharDeserializer<E>\n               ContentDeserializer<'de, E>\n               ContentRefDeserializer<'a, 'de, E>\n               CowStrDeserializer<'a, E>\n               EnumAccessDeserializer<A>\n             and 26 others\nnote: required by a bound in `de::IntoDeserializer::Deserializer`\n    --> serde/src/de/mod.rs:2261:24\n     |\n2261 |     type Deserializer: Deserializer<'de, Error = E>;\n     |                        ^^^^^^^^^^^^^^^^^^^^^^^^^^^^ required by this bound in `IntoDeserializer::Deserializer`\n\nSome errors have detailed explanations: E0277, E0412.\nFor more information about an error, try `rustc --explain E0277`.\nwarning: `serde` (lib test) generated 1 warning\nerror: could not compile `serde` (lib test) due to 2 previous errors; 1 warning emitted\n"
                }
              ],
              "repaired": [
                false
              ]
            }
          ]
        }
      ]
    }
  ]
}