{
  "name": "bytes::bytes::static_drop",
  "name_with_impl": "bytes::bytes::static_drop",
  "mod_info": {
    "name": "bytes",
    "loc": "src/lib.rs:82:1:82:11"
  },
  "visible": false,
  "loc": "src/bytes.rs:1105:1:1107:2",
  "fn_tests": [
    {
      "chain_id": 1,
      "prompt_conds": [],
      "input_infer": "",
      "answers": [
        {
          "uses": [
            "use core::sync::atomic::AtomicPtr;",
            "use core::ptr::NonNull;"
          ],
          "has_test_mod": false,
          "common": [],
          "chain_tests": [
            {
              "attrs": [],
              "prefix": [],
              "oracles": [],
              "codes": [
                [
                  "{",
                  "    use core::ptr::NonNull;",
                  "    use core::sync::atomic::AtomicPtr;",
                  "",
                  "    let atomic_ptr = AtomicPtr::new(NonNull::dangling().as_ptr());",
                  "    let size = 0;",
                  "",
                  "    unsafe {",
                  "        static_drop(&mut atomic_ptr, NonNull::dangling().as_ptr(), size);",
                  "    }",
                  "}"
                ]
              ],
              "can_compile": [
                {
                  "Err": "   Compiling proc-macro2 v1.0.95\n   Compiling syn v1.0.109\n   Compiling serde v1.0.219\n   Compiling quote v1.0.40\n   Compiling serde_test v1.0.177\n   Compiling ntest_timeout v0.9.3\n   Compiling ntest_test_cases v0.9.3\n   Compiling ntest v0.9.3\n   Compiling bytes v1.10.1 (/home/abezbm/rust-utgen-test-crates-new/bytes)\nwarning: unused import: `ntest::timeout`\n    --> src/bytes.rs:1684:8\n     |\n1684 |    use ntest::timeout;\n     |        ^^^^^^^^^^^^^^\n     |\n     = note: `#[warn(unused_imports)]` on by default\n\nwarning: unused import: `super::*`\n    --> src/bytes_mut.rs:1500:9\n     |\n1500 |     use super::*;\n     |         ^^^^^^^^\n\nerror[E0596]: cannot borrow `atomic_ptr` as mutable, as it is not declared as mutable\n    --> src/bytes.rs:1695:21\n     |\n1695 |         static_drop(&mut atomic_ptr, NonNull::dangling().as_ptr(), size);\n     |                     ^^^^^^^^^^^^^^^ cannot borrow as mutable\n     |\nhelp: consider changing this to be mutable\n     |\n1691 |     let mut atomic_ptr = AtomicPtr::new(NonNull::dangling().as_ptr());\n     |         +++\n\nFor more information about this error, try `rustc --explain E0596`.\nwarning: `bytes` (lib test) generated 2 warnings\nerror: could not compile `bytes` (lib test) due to 1 previous error; 2 warnings emitted\n"
                }
              ],
              "repaired": [
                false
              ]
            },
            {
              "attrs": [
                "#[should_panic]"
              ],
              "prefix": [],
              "oracles": [],
              "codes": [
                [
                  "{",
                  "    use core::sync::atomic::AtomicPtr;",
                  "",
                  "    let atomic_ptr = AtomicPtr::new(core::ptr::null_mut());",
                  "    let size = 1; // Arbitrary size that is non-zero",
                  "",
                  "    unsafe {",
                  "        static_drop(&mut atomic_ptr, core::ptr::null(), size);",
                  "    }",
                  "}"
                ]
              ],
              "can_compile": [
                {
                  "Err": "   Compiling proc-macro2 v1.0.95\n   Compiling syn v1.0.109\n   Compiling serde v1.0.219\n   Compiling quote v1.0.40\n   Compiling serde_test v1.0.177\n   Compiling ntest_test_cases v0.9.3\n   Compiling ntest_timeout v0.9.3\n   Compiling ntest v0.9.3\n   Compiling bytes v1.10.1 (/home/abezbm/rust-utgen-test-crates-new/bytes)\nwarning: unused import: `ntest::timeout`\n    --> src/bytes.rs:1684:8\n     |\n1684 |    use ntest::timeout;\n     |        ^^^^^^^^^^^^^^\n     |\n     = note: `#[warn(unused_imports)]` on by default\n\nwarning: unused import: `super::*`\n    --> src/bytes_mut.rs:1500:9\n     |\n1500 |     use super::*;\n     |         ^^^^^^^^\n\nerror[E0596]: cannot borrow `atomic_ptr` as mutable, as it is not declared as mutable\n    --> src/bytes.rs:1695:21\n     |\n1695 |         static_drop(&mut atomic_ptr, core::ptr::null(), size);\n     |                     ^^^^^^^^^^^^^^^ cannot borrow as mutable\n     |\nhelp: consider changing this to be mutable\n     |\n1691 |     let mut atomic_ptr = AtomicPtr::new(core::ptr::null_mut());\n     |         +++\n\nFor more information about this error, try `rustc --explain E0596`.\nwarning: `bytes` (lib test) generated 2 warnings\nerror: could not compile `bytes` (lib test) due to 1 previous error; 2 warnings emitted\n"
                }
              ],
              "repaired": [
                false
              ]
            }
          ]
        }
      ]
    }
  ]
}