{
  "name": "bytes::bytes_mut::bytes_mut::BytesMut::resize",
  "name_with_impl": "bytes::bytes_mut::{impl#0}::resize",
  "mod_info": {
    "name": "bytes_mut",
    "loc": "src/lib.rs:83:1:83:15"
  },
  "visible": true,
  "loc": "src/bytes_mut.rs:479:5:500:6",
  "fn_tests": [
    {
      "chain_id": 2,
      "prompt_conds": [
        "// constraint: let Some(additional) = new_len.checked_sub(self.len()) is true\n",
        "// constraint: additional == 0 is false\n"
      ],
      "input_infer": "",
      "answers": [
        {
          "uses": [],
          "has_test_mod": false,
          "common": [],
          "chain_tests": [
            {
              "attrs": [],
              "prefix": [],
              "oracles": [],
              "codes": [
                [
                  "{",
                  "    let mut buf = BytesMut::with_capacity(5);",
                  "    buf.resize(3, 0x1);",
                  "    assert_eq!(buf.len(), 3);",
                  "    assert_eq!(&buf.spare_capacity_mut()[..3], &[0x1, 0x1, 0x1]);",
                  "",
                  "    buf.resize(5, 0x2);",
                  "    assert_eq!(buf.len(), 5);",
                  "    assert_eq!(&buf.spare_capacity_mut()[..5], &[0x1, 0x1, 0x2, 0x2, 0x2]);",
                  "}"
                ]
              ],
              "can_compile": [
                {
                  "Err": "   Compiling proc-macro2 v1.0.95\n   Compiling syn v1.0.109\n   Compiling serde v1.0.219\n   Compiling quote v1.0.40\n   Compiling serde_test v1.0.177\n   Compiling ntest_test_cases v0.9.3\n   Compiling ntest_timeout v0.9.3\n   Compiling ntest v0.9.3\n   Compiling bytes v1.10.1 (/home/abezbm/rust-utgen-test-crates-new/bytes)\nwarning: unused import: `super::*`\n    --> src/bytes_mut.rs:1500:9\n     |\n1500 |     use super::*;\n     |         ^^^^^^^^\n     |\n     = note: `#[warn(unused_imports)]` on by default\n\nwarning: unused import: `ntest::timeout`\n    --> src/bytes_mut.rs:1925:8\n     |\n1925 |    use ntest::timeout;\n     |        ^^^^^^^^^^^^^^\n\nerror[E0369]: binary operation `==` cannot be applied to type `&[MaybeUninit<u8>]`\n    --> src/bytes_mut.rs:1932:5\n     |\n1932 |     assert_eq!(&buf.spare_capacity_mut()[..3], &[0x1, 0x1, 0x1]);\n     |     ^^^^^^^^^^^^^^^^^^^^^^^^^^^^^^^^^^^^^^^^^^^^^^^^^^^^^^^^^^^^\n     |     |\n     |     &[MaybeUninit<u8>]\n     |     &[{integer}; 3]\n     |\nnote: the foreign item type `MaybeUninit<u8>` doesn't implement `PartialEq<{integer}>`\n    --> /home/abezbm/.rustup/toolchains/nightly-2024-07-21-x86_64-unknown-linux-gnu/lib/rustlib/src/rust/library/core/src/mem/maybe_uninit.rs:243:1\n     |\n243  | pub union MaybeUninit<T> {\n     | ^^^^^^^^^^^^^^^^^^^^^^^^ not implement `PartialEq<{integer}>`\n     = note: this error originates in the macro `assert_eq` (in Nightly builds, run with -Z macro-backtrace for more info)\n\nerror[E0369]: binary operation `==` cannot be applied to type `&[MaybeUninit<u8>]`\n    --> src/bytes_mut.rs:1936:5\n     |\n1936 |     assert_eq!(&buf.spare_capacity_mut()[..5], &[0x1, 0x1, 0x2, 0x2, 0x2]);\n     |     ^^^^^^^^^^^^^^^^^^^^^^^^^^^^^^^^^^^^^^^^^^^^^^^^^^^^^^^^^^^^^^^^^^^^^^\n     |     |\n     |     &[MaybeUninit<u8>]\n     |     &[{integer}; 5]\n     |\nnote: the foreign item type `MaybeUninit<u8>` doesn't implement `PartialEq<{integer}>`\n    --> /home/abezbm/.rustup/toolchains/nightly-2024-07-21-x86_64-unknown-linux-gnu/lib/rustlib/src/rust/library/core/src/mem/maybe_uninit.rs:243:1\n     |\n243  | pub union MaybeUninit<T> {\n     | ^^^^^^^^^^^^^^^^^^^^^^^^ not implement `PartialEq<{integer}>`\n     = note: this error originates in the macro `assert_eq` (in Nightly builds, run with -Z macro-backtrace for more info)\n\nFor more information about this error, try `rustc --explain E0369`.\nwarning: `bytes` (lib test) generated 2 warnings\nerror: could not compile `bytes` (lib test) due to 2 previous errors; 2 warnings emitted\n"
                }
              ],
              "repaired": [
                false
              ]
            },
            {
              "attrs": [],
              "prefix": [],
              "oracles": [],
              "codes": [
                [
                  "{",
                  "    let mut buf = BytesMut::with_capacity(5);",
                  "    buf.resize(4, 0x1);",
                  "    assert_eq!(buf.len(), 4);",
                  "    assert_eq!(&buf.spare_capacity_mut()[..4], &[0x1, 0x1, 0x1, 0x1]);",
                  "",
                  "    buf.resize(2, 0x2);",
                  "    assert_eq!(buf.len(), 2);",
                  "    assert_eq!(&buf.spare_capacity_mut()[..2], &[0x1, 0x1]);",
                  "}"
                ]
              ],
              "can_compile": [
                {
                  "Err": "   Compiling proc-macro2 v1.0.95\n   Compiling syn v1.0.109\n   Compiling serde v1.0.219\n   Compiling quote v1.0.40\n   Compiling serde_test v1.0.177\n   Compiling ntest_timeout v0.9.3\n   Compiling ntest_test_cases v0.9.3\n   Compiling ntest v0.9.3\n   Compiling bytes v1.10.1 (/home/abezbm/rust-utgen-test-crates-new/bytes)\nwarning: unused import: `super::*`\n    --> src/bytes_mut.rs:1500:9\n     |\n1500 |     use super::*;\n     |         ^^^^^^^^\n     |\n     = note: `#[warn(unused_imports)]` on by default\n\nwarning: unused import: `ntest::timeout`\n    --> src/bytes_mut.rs:1925:8\n     |\n1925 |    use ntest::timeout;\n     |        ^^^^^^^^^^^^^^\n\nerror[E0369]: binary operation `==` cannot be applied to type `&[MaybeUninit<u8>]`\n    --> src/bytes_mut.rs:1932:5\n     |\n1932 |     assert_eq!(&buf.spare_capacity_mut()[..4], &[0x1, 0x1, 0x1, 0x1]);\n     |     ^^^^^^^^^^^^^^^^^^^^^^^^^^^^^^^^^^^^^^^^^^^^^^^^^^^^^^^^^^^^^^^^^\n     |     |\n     |     &[MaybeUninit<u8>]\n     |     &[{integer}; 4]\n     |\nnote: the foreign item type `MaybeUninit<u8>` doesn't implement `PartialEq<{integer}>`\n    --> /home/abezbm/.rustup/toolchains/nightly-2024-07-21-x86_64-unknown-linux-gnu/lib/rustlib/src/rust/library/core/src/mem/maybe_uninit.rs:243:1\n     |\n243  | pub union MaybeUninit<T> {\n     | ^^^^^^^^^^^^^^^^^^^^^^^^ not implement `PartialEq<{integer}>`\n     = note: this error originates in the macro `assert_eq` (in Nightly builds, run with -Z macro-backtrace for more info)\n\nerror[E0369]: binary operation `==` cannot be applied to type `&[MaybeUninit<u8>]`\n    --> src/bytes_mut.rs:1936:5\n     |\n1936 |     assert_eq!(&buf.spare_capacity_mut()[..2], &[0x1, 0x1]);\n     |     ^^^^^^^^^^^^^^^^^^^^^^^^^^^^^^^^^^^^^^^^^^^^^^^^^^^^^^^\n     |     |\n     |     &[MaybeUninit<u8>]\n     |     &[{integer}; 2]\n     |\nnote: the foreign item type `MaybeUninit<u8>` doesn't implement `PartialEq<{integer}>`\n    --> /home/abezbm/.rustup/toolchains/nightly-2024-07-21-x86_64-unknown-linux-gnu/lib/rustlib/src/rust/library/core/src/mem/maybe_uninit.rs:243:1\n     |\n243  | pub union MaybeUninit<T> {\n     | ^^^^^^^^^^^^^^^^^^^^^^^^ not implement `PartialEq<{integer}>`\n     = note: this error originates in the macro `assert_eq` (in Nightly builds, run with -Z macro-backtrace for more info)\n\nFor more information about this error, try `rustc --explain E0369`.\nwarning: `bytes` (lib test) generated 2 warnings\nerror: could not compile `bytes` (lib test) due to 2 previous errors; 2 warnings emitted\n"
                }
              ],
              "repaired": [
                false
              ]
            },
            {
              "attrs": [],
              "prefix": [],
              "oracles": [],
              "codes": [
                [
                  "{",
                  "    let mut buf = BytesMut::with_capacity(5);",
                  "    buf.resize(0, 0x1);",
                  "    assert_eq!(buf.len(), 0);",
                  "",
                  "    buf.resize(3, 0x3);",
                  "    assert_eq!(buf.len(), 3);",
                  "    assert_eq!(&buf.spare_capacity_mut()[..3], &[0x3, 0x3, 0x3]);",
                  "",
                  "    buf.resize(3, 0x4);",
                  "    assert_eq!(buf.len(), 3);",
                  "    assert_eq!(&buf.spare_capacity_mut()[..3], &[0x3, 0x3, 0x3]);",
                  "}"
                ]
              ],
              "can_compile": [
                {
                  "Err": "   Compiling proc-macro2 v1.0.95\n   Compiling syn v1.0.109\n   Compiling serde v1.0.219\n   Compiling quote v1.0.40\n   Compiling serde_test v1.0.177\n   Compiling ntest_test_cases v0.9.3\n   Compiling ntest_timeout v0.9.3\n   Compiling ntest v0.9.3\n   Compiling bytes v1.10.1 (/home/abezbm/rust-utgen-test-crates-new/bytes)\nwarning: unused import: `super::*`\n    --> src/bytes_mut.rs:1500:9\n     |\n1500 |     use super::*;\n     |         ^^^^^^^^\n     |\n     = note: `#[warn(unused_imports)]` on by default\n\nwarning: unused import: `ntest::timeout`\n    --> src/bytes_mut.rs:1925:8\n     |\n1925 |    use ntest::timeout;\n     |        ^^^^^^^^^^^^^^\n\nerror[E0369]: binary operation `==` cannot be applied to type `&[MaybeUninit<u8>]`\n    --> src/bytes_mut.rs:1935:5\n     |\n1935 |     assert_eq!(&buf.spare_capacity_mut()[..3], &[0x3, 0x3, 0x3]);\n     |     ^^^^^^^^^^^^^^^^^^^^^^^^^^^^^^^^^^^^^^^^^^^^^^^^^^^^^^^^^^^^\n     |     |\n     |     &[MaybeUninit<u8>]\n     |     &[{integer}; 3]\n     |\nnote: the foreign item type `MaybeUninit<u8>` doesn't implement `PartialEq<{integer}>`\n    --> /home/abezbm/.rustup/toolchains/nightly-2024-07-21-x86_64-unknown-linux-gnu/lib/rustlib/src/rust/library/core/src/mem/maybe_uninit.rs:243:1\n     |\n243  | pub union MaybeUninit<T> {\n     | ^^^^^^^^^^^^^^^^^^^^^^^^ not implement `PartialEq<{integer}>`\n     = note: this error originates in the macro `assert_eq` (in Nightly builds, run with -Z macro-backtrace for more info)\n\nerror[E0369]: binary operation `==` cannot be applied to type `&[MaybeUninit<u8>]`\n    --> src/bytes_mut.rs:1939:5\n     |\n1939 |     assert_eq!(&buf.spare_capacity_mut()[..3], &[0x3, 0x3, 0x3]);\n     |     ^^^^^^^^^^^^^^^^^^^^^^^^^^^^^^^^^^^^^^^^^^^^^^^^^^^^^^^^^^^^\n     |     |\n     |     &[MaybeUninit<u8>]\n     |     &[{integer}; 3]\n     |\nnote: the foreign item type `MaybeUninit<u8>` doesn't implement `PartialEq<{integer}>`\n    --> /home/abezbm/.rustup/toolchains/nightly-2024-07-21-x86_64-unknown-linux-gnu/lib/rustlib/src/rust/library/core/src/mem/maybe_uninit.rs:243:1\n     |\n243  | pub union MaybeUninit<T> {\n     | ^^^^^^^^^^^^^^^^^^^^^^^^ not implement `PartialEq<{integer}>`\n     = note: this error originates in the macro `assert_eq` (in Nightly builds, run with -Z macro-backtrace for more info)\n\nFor more information about this error, try `rustc --explain E0369`.\nwarning: `bytes` (lib test) generated 2 warnings\nerror: could not compile `bytes` (lib test) due to 2 previous errors; 2 warnings emitted\n"
                }
              ],
              "repaired": [
                false
              ]
            }
          ]
        }
      ]
    },
    {
      "chain_id": 3,
      "prompt_conds": [
        "// constraint: let Some(additional) = new_len.checked_sub(self.len()) is true\n",
        "// constraint: additional == 0 is true\n"
      ],
      "input_infer": "",
      "answers": [
        {
          "uses": [],
          "has_test_mod": false,
          "common": [],
          "chain_tests": [
            {
              "attrs": [],
              "prefix": [],
              "oracles": [],
              "codes": [
                [
                  "{",
                  "    let mut buf = BytesMut::new();",
                  "    buf.resize(3, 0x1);",
                  "    assert_eq!(buf.len(), 3);",
                  "    assert_eq!(&buf.spare_capacity_mut()[..3], &[0x1, 0x1, 0x1]);",
                  "}"
                ]
              ],
              "can_compile": [
                {
                  "Err": "   Compiling proc-macro2 v1.0.95\n   Compiling syn v1.0.109\n   Compiling serde v1.0.219\n   Compiling quote v1.0.40\n   Compiling serde_test v1.0.177\n   Compiling ntest_test_cases v0.9.3\n   Compiling ntest_timeout v0.9.3\n   Compiling ntest v0.9.3\n   Compiling bytes v1.10.1 (/home/abezbm/rust-utgen-test-crates-new/bytes)\nwarning: unused import: `super::*`\n    --> src/bytes_mut.rs:1500:9\n     |\n1500 |     use super::*;\n     |         ^^^^^^^^\n     |\n     = note: `#[warn(unused_imports)]` on by default\n\nwarning: unused import: `ntest::timeout`\n    --> src/bytes_mut.rs:1925:8\n     |\n1925 |    use ntest::timeout;\n     |        ^^^^^^^^^^^^^^\n\nerror[E0369]: binary operation `==` cannot be applied to type `&[MaybeUninit<u8>]`\n    --> src/bytes_mut.rs:1932:5\n     |\n1932 |     assert_eq!(&buf.spare_capacity_mut()[..3], &[0x1, 0x1, 0x1]);\n     |     ^^^^^^^^^^^^^^^^^^^^^^^^^^^^^^^^^^^^^^^^^^^^^^^^^^^^^^^^^^^^\n     |     |\n     |     &[MaybeUninit<u8>]\n     |     &[{integer}; 3]\n     |\nnote: the foreign item type `MaybeUninit<u8>` doesn't implement `PartialEq<{integer}>`\n    --> /home/abezbm/.rustup/toolchains/nightly-2024-07-21-x86_64-unknown-linux-gnu/lib/rustlib/src/rust/library/core/src/mem/maybe_uninit.rs:243:1\n     |\n243  | pub union MaybeUninit<T> {\n     | ^^^^^^^^^^^^^^^^^^^^^^^^ not implement `PartialEq<{integer}>`\n     = note: this error originates in the macro `assert_eq` (in Nightly builds, run with -Z macro-backtrace for more info)\n\nFor more information about this error, try `rustc --explain E0369`.\nwarning: `bytes` (lib test) generated 2 warnings\nerror: could not compile `bytes` (lib test) due to 1 previous error; 2 warnings emitted\n"
                }
              ],
              "repaired": [
                false
              ]
            },
            {
              "attrs": [],
              "prefix": [],
              "oracles": [],
              "codes": [
                [
                  "{",
                  "    let mut buf = BytesMut::new();",
                  "    buf.resize(3, 0x1);",
                  "    buf.resize(2, 0x2);",
                  "    assert_eq!(buf.len(), 2);",
                  "    assert_eq!(&buf.spare_capacity_mut()[..2], &[0x1, 0x1]);",
                  "}"
                ]
              ],
              "can_compile": [
                {
                  "Err": "   Compiling proc-macro2 v1.0.95\n   Compiling syn v1.0.109\n   Compiling serde v1.0.219\n   Compiling quote v1.0.40\n   Compiling serde_test v1.0.177\n   Compiling ntest_test_cases v0.9.3\n   Compiling ntest_timeout v0.9.3\n   Compiling ntest v0.9.3\n   Compiling bytes v1.10.1 (/home/abezbm/rust-utgen-test-crates-new/bytes)\nwarning: unused import: `super::*`\n    --> src/bytes_mut.rs:1500:9\n     |\n1500 |     use super::*;\n     |         ^^^^^^^^\n     |\n     = note: `#[warn(unused_imports)]` on by default\n\nwarning: unused import: `ntest::timeout`\n    --> src/bytes_mut.rs:1925:8\n     |\n1925 |    use ntest::timeout;\n     |        ^^^^^^^^^^^^^^\n\nerror[E0369]: binary operation `==` cannot be applied to type `&[MaybeUninit<u8>]`\n    --> src/bytes_mut.rs:1933:5\n     |\n1933 |     assert_eq!(&buf.spare_capacity_mut()[..2], &[0x1, 0x1]);\n     |     ^^^^^^^^^^^^^^^^^^^^^^^^^^^^^^^^^^^^^^^^^^^^^^^^^^^^^^^\n     |     |\n     |     &[MaybeUninit<u8>]\n     |     &[{integer}; 2]\n     |\nnote: the foreign item type `MaybeUninit<u8>` doesn't implement `PartialEq<{integer}>`\n    --> /home/abezbm/.rustup/toolchains/nightly-2024-07-21-x86_64-unknown-linux-gnu/lib/rustlib/src/rust/library/core/src/mem/maybe_uninit.rs:243:1\n     |\n243  | pub union MaybeUninit<T> {\n     | ^^^^^^^^^^^^^^^^^^^^^^^^ not implement `PartialEq<{integer}>`\n     = note: this error originates in the macro `assert_eq` (in Nightly builds, run with -Z macro-backtrace for more info)\n\nFor more information about this error, try `rustc --explain E0369`.\nwarning: `bytes` (lib test) generated 2 warnings\nerror: could not compile `bytes` (lib test) due to 1 previous error; 2 warnings emitted\n"
                }
              ],
              "repaired": [
                false
              ]
            },
            {
              "attrs": [],
              "prefix": [],
              "oracles": [],
              "codes": [
                [
                  "{",
                  "    let mut buf = BytesMut::new();",
                  "    buf.resize(3, 0x1);",
                  "    buf.resize(3, 0x2); // new_len == len, should not change",
                  "    assert_eq!(buf.len(), 3);",
                  "    assert_eq!(&buf.spare_capacity_mut()[..3], &[0x1, 0x1, 0x1]);",
                  "}"
                ]
              ],
              "can_compile": [
                {
                  "Err": "   Compiling proc-macro2 v1.0.95\n   Compiling syn v1.0.109\n   Compiling serde v1.0.219\n   Compiling quote v1.0.40\n   Compiling serde_test v1.0.177\n   Compiling ntest_timeout v0.9.3\n   Compiling ntest_test_cases v0.9.3\n   Compiling ntest v0.9.3\n   Compiling bytes v1.10.1 (/home/abezbm/rust-utgen-test-crates-new/bytes)\nwarning: unused import: `super::*`\n    --> src/bytes_mut.rs:1500:9\n     |\n1500 |     use super::*;\n     |         ^^^^^^^^\n     |\n     = note: `#[warn(unused_imports)]` on by default\n\nwarning: unused import: `ntest::timeout`\n    --> src/bytes_mut.rs:1925:8\n     |\n1925 |    use ntest::timeout;\n     |        ^^^^^^^^^^^^^^\n\nerror[E0369]: binary operation `==` cannot be applied to type `&[MaybeUninit<u8>]`\n    --> src/bytes_mut.rs:1933:5\n     |\n1933 |     assert_eq!(&buf.spare_capacity_mut()[..3], &[0x1, 0x1, 0x1]);\n     |     ^^^^^^^^^^^^^^^^^^^^^^^^^^^^^^^^^^^^^^^^^^^^^^^^^^^^^^^^^^^^\n     |     |\n     |     &[MaybeUninit<u8>]\n     |     &[{integer}; 3]\n     |\nnote: the foreign item type `MaybeUninit<u8>` doesn't implement `PartialEq<{integer}>`\n    --> /home/abezbm/.rustup/toolchains/nightly-2024-07-21-x86_64-unknown-linux-gnu/lib/rustlib/src/rust/library/core/src/mem/maybe_uninit.rs:243:1\n     |\n243  | pub union MaybeUninit<T> {\n     | ^^^^^^^^^^^^^^^^^^^^^^^^ not implement `PartialEq<{integer}>`\n     = note: this error originates in the macro `assert_eq` (in Nightly builds, run with -Z macro-backtrace for more info)\n\nFor more information about this error, try `rustc --explain E0369`.\nwarning: `bytes` (lib test) generated 2 warnings\nerror: could not compile `bytes` (lib test) due to 1 previous error; 2 warnings emitted\n"
                }
              ],
              "repaired": [
                false
              ]
            },
            {
              "attrs": [],
              "prefix": [],
              "oracles": [],
              "codes": [
                [
                  "{",
                  "    let mut buf = BytesMut::new();",
                  "    buf.resize(2, 0x1);",
                  "    buf.resize(4, 0x2); // increasing with new value",
                  "    assert_eq!(buf.len(), 4);",
                  "    assert_eq!(&buf.spare_capacity_mut()[..4], &[0x1, 0x1, 0x2, 0x2]);",
                  "}"
                ]
              ],
              "can_compile": [
                {
                  "Err": "   Compiling proc-macro2 v1.0.95\n   Compiling syn v1.0.109\n   Compiling serde v1.0.219\n   Compiling quote v1.0.40\n   Compiling serde_test v1.0.177\n   Compiling ntest_test_cases v0.9.3\n   Compiling ntest_timeout v0.9.3\n   Compiling ntest v0.9.3\n   Compiling bytes v1.10.1 (/home/abezbm/rust-utgen-test-crates-new/bytes)\nwarning: unused import: `super::*`\n    --> src/bytes_mut.rs:1500:9\n     |\n1500 |     use super::*;\n     |         ^^^^^^^^\n     |\n     = note: `#[warn(unused_imports)]` on by default\n\nwarning: unused import: `ntest::timeout`\n    --> src/bytes_mut.rs:1925:8\n     |\n1925 |    use ntest::timeout;\n     |        ^^^^^^^^^^^^^^\n\nerror[E0369]: binary operation `==` cannot be applied to type `&[MaybeUninit<u8>]`\n    --> src/bytes_mut.rs:1933:5\n     |\n1933 |     assert_eq!(&buf.spare_capacity_mut()[..4], &[0x1, 0x1, 0x2, 0x2]);\n     |     ^^^^^^^^^^^^^^^^^^^^^^^^^^^^^^^^^^^^^^^^^^^^^^^^^^^^^^^^^^^^^^^^^\n     |     |\n     |     &[MaybeUninit<u8>]\n     |     &[{integer}; 4]\n     |\nnote: the foreign item type `MaybeUninit<u8>` doesn't implement `PartialEq<{integer}>`\n    --> /home/abezbm/.rustup/toolchains/nightly-2024-07-21-x86_64-unknown-linux-gnu/lib/rustlib/src/rust/library/core/src/mem/maybe_uninit.rs:243:1\n     |\n243  | pub union MaybeUninit<T> {\n     | ^^^^^^^^^^^^^^^^^^^^^^^^ not implement `PartialEq<{integer}>`\n     = note: this error originates in the macro `assert_eq` (in Nightly builds, run with -Z macro-backtrace for more info)\n\nFor more information about this error, try `rustc --explain E0369`.\nwarning: `bytes` (lib test) generated 2 warnings\nerror: could not compile `bytes` (lib test) due to 1 previous error; 2 warnings emitted\n"
                }
              ],
              "repaired": [
                false
              ]
            }
          ]
        }
      ]
    }
  ]
}