{
  "name": "rand_pcg::pcg128::<pcg128::Lcg128Xsl64 as rand_core::RngCore>::next_u64",
  "name_with_impl": "rand_pcg::pcg128::{impl#3}::next_u64",
  "mod_info": {
    "name": "pcg128",
    "loc": "rand_pcg/src/lib.rs:92:1:92:12"
  },
  "visible": true,
  "loc": "rand_pcg/src/pcg128.rs:146:5:149:6",
  "fn_tests": [
    {
      "chain_id": 1,
      "prompt_conds": [],
      "input_infer": "state: [0, 2^128 - 1], increment: [1, 2^128 - 1]\n",
      "answers": [
        {
          "uses": [],
          "has_test_mod": false,
          "common": [],
          "chain_tests": [
            {
              "attrs": [],
              "prefix": [
                "{",
                "    let mut rng = Lcg128Xsl64::new(0, 1);",
                "    let result = rng.next_u64();",
                "}"
              ],
              "oracles": [
                [
                  "    let mut rng = Lcg128Xsl64::new(0, 1);",
                  "    let expected_state = 0.wrapping_mul(MULTIPLIER).wrapping_add(1);",
                  "    rng.step();",
                  "    let expected_output = output_xsl_rr(expected_state);",
                  "    assert_eq!(result, expected_output);"
                ]
              ],
              "codes": [
                [
                  "{",
                  "    let mut rng = Lcg128Xsl64::new(0, 1);",
                  "    let result = rng.next_u64();",
                  "    let mut rng = Lcg128Xsl64::new(0, 1);",
                  "    let expected_state = 0.wrapping_mul(MULTIPLIER).wrapping_add(1);",
                  "    rng.step();",
                  "    let expected_output = output_xsl_rr(expected_state);",
                  "    assert_eq!(result, expected_output);",
                  "}"
                ]
              ],
              "can_compile": [
                {
                  "Err": "   Compiling proc-macro2 v1.0.95\n   Compiling syn v1.0.109\n   Compiling libc v0.2.172\n   Compiling getrandom v0.3.2\n   Compiling serde v1.0.219\n   Compiling quote v1.0.40\n   Compiling bincode v1.3.3\n   Compiling ntest_test_cases v0.9.3\n   Compiling ntest_timeout v0.9.3\n   Compiling ntest v0.9.3\n   Compiling rand_core v0.9.3 (/home/utgen/workspace/rand/rand_core)\n   Compiling rand_pcg v0.9.0 (/home/utgen/workspace/rand/rand_pcg)\nwarning: unused import: `ntest::timeout`\n   --> rand_pcg/src/pcg128.rs:274:8\n    |\n274 |    use ntest::timeout;\n    |        ^^^^^^^^^^^^^^\n    |\n    = note: `#[warn(unused_imports)]` on by default\n\nerror[E0689]: can't call method `wrapping_mul` on ambiguous numeric type `{integer}`\n   --> rand_pcg/src/pcg128.rs:281:28\n    |\n281 |     let expected_state = 0.wrapping_mul(MULTIPLIER).wrapping_add(1);\n    |                            ^^^^^^^^^^^^\n    |\nhelp: you must specify a concrete type for this numeric value, like `i32`\n    |\n281 |     let expected_state = 0_i32.wrapping_mul(MULTIPLIER).wrapping_add(1);\n    |                          ~~~~~\n\nFor more information about this error, try `rustc --explain E0689`.\nwarning: `rand_pcg` (lib test) generated 1 warning\nerror: could not compile `rand_pcg` (lib test) due to 1 previous error; 1 warning emitted\n"
                }
              ],
              "repaired": [
                false
              ]
            },
            {
              "attrs": [],
              "prefix": [
                "{",
                "    let mut rng = Lcg128Xsl64::new(1, 1);",
                "    let result = rng.next_u64();",
                "}"
              ],
              "oracles": [
                [
                  "    let mut rng = Lcg128Xsl64::new(1, 1);",
                  "    let expected_state_after_step = (1.wrapping_mul(MULTIPLIER).wrapping_add(3));",
                  "    let expected_output_xsl_rr = output_xsl_rr(expected_state_after_step);",
                  "    assert_eq!(rng.state, expected_state_after_step);"
                ],
                [
                  "    let mut rng = Lcg128Xsl64::new(1, 1);",
                  "    let expected_state_after_step = (1.wrapping_mul(MULTIPLIER).wrapping_add(3));",
                  "    let expected_output_xsl_rr = output_xsl_rr(expected_state_after_step);",
                  "    assert_eq!(result, expected_output_xsl_rr);"
                ]
              ],
              "codes": [
                [
                  "{",
                  "    let mut rng = Lcg128Xsl64::new(1, 1);",
                  "    let result = rng.next_u64();",
                  "    let mut rng = Lcg128Xsl64::new(1, 1);",
                  "    let expected_state_after_step = (1.wrapping_mul(MULTIPLIER).wrapping_add(3));",
                  "    let expected_output_xsl_rr = output_xsl_rr(expected_state_after_step);",
                  "    assert_eq!(rng.state, expected_state_after_step);",
                  "}"
                ],
                [
                  "{",
                  "    let mut rng = Lcg128Xsl64::new(1, 1);",
                  "    let result = rng.next_u64();",
                  "    let mut rng = Lcg128Xsl64::new(1, 1);",
                  "    let expected_state_after_step = (1.wrapping_mul(MULTIPLIER).wrapping_add(3));",
                  "    let expected_output_xsl_rr = output_xsl_rr(expected_state_after_step);",
                  "    assert_eq!(result, expected_output_xsl_rr);",
                  "}"
                ]
              ],
              "can_compile": [
                {
                  "Err": "   Compiling proc-macro2 v1.0.95\n   Compiling syn v1.0.109\n   Compiling libc v0.2.172\n   Compiling getrandom v0.3.2\n   Compiling serde v1.0.219\n   Compiling quote v1.0.40\n   Compiling bincode v1.3.3\n   Compiling ntest_test_cases v0.9.3\n   Compiling ntest_timeout v0.9.3\n   Compiling ntest v0.9.3\n   Compiling rand_core v0.9.3 (/home/utgen/workspace/rand/rand_core)\n   Compiling rand_pcg v0.9.0 (/home/utgen/workspace/rand/rand_pcg)\nwarning: unused import: `ntest::timeout`\n   --> rand_pcg/src/pcg128.rs:274:8\n    |\n274 |    use ntest::timeout;\n    |        ^^^^^^^^^^^^^^\n    |\n    = note: `#[warn(unused_imports)]` on by default\n\nwarning: unnecessary parentheses around assigned value\n   --> rand_pcg/src/pcg128.rs:281:37\n    |\n281 |     let expected_state_after_step = (1.wrapping_mul(MULTIPLIER).wrapping_add(3));\n    |                                     ^                                          ^\n    |\n    = note: `#[warn(unused_parens)]` on by default\nhelp: remove these parentheses\n    |\n281 -     let expected_state_after_step = (1.wrapping_mul(MULTIPLIER).wrapping_add(3));\n281 +     let expected_state_after_step = 1.wrapping_mul(MULTIPLIER).wrapping_add(3);\n    |\n\nerror[E0689]: can't call method `wrapping_mul` on ambiguous numeric type `{integer}`\n   --> rand_pcg/src/pcg128.rs:281:40\n    |\n281 |     let expected_state_after_step = (1.wrapping_mul(MULTIPLIER).wrapping_add(3));\n    |                                        ^^^^^^^^^^^^\n    |\nhelp: you must specify a concrete type for this numeric value, like `i32`\n    |\n281 |     let expected_state_after_step = (1_i32.wrapping_mul(MULTIPLIER).wrapping_add(3));\n    |                                      ~~~~~\n\nFor more information about this error, try `rustc --explain E0689`.\nwarning: `rand_pcg` (lib test) generated 2 warnings\nerror: could not compile `rand_pcg` (lib test) due to 1 previous error; 2 warnings emitted\n"
                },
                {
                  "Err": "   Compiling proc-macro2 v1.0.95\n   Compiling syn v1.0.109\n   Compiling libc v0.2.172\n   Compiling getrandom v0.3.2\n   Compiling serde v1.0.219\n   Compiling quote v1.0.40\n   Compiling bincode v1.3.3\n   Compiling ntest_timeout v0.9.3\n   Compiling ntest_test_cases v0.9.3\n   Compiling ntest v0.9.3\n   Compiling rand_core v0.9.3 (/home/utgen/workspace/rand/rand_core)\n   Compiling rand_pcg v0.9.0 (/home/utgen/workspace/rand/rand_pcg)\nwarning: unused import: `ntest::timeout`\n   --> rand_pcg/src/pcg128.rs:274:8\n    |\n274 |    use ntest::timeout;\n    |        ^^^^^^^^^^^^^^\n    |\n    = note: `#[warn(unused_imports)]` on by default\n\nwarning: unnecessary parentheses around assigned value\n   --> rand_pcg/src/pcg128.rs:281:37\n    |\n281 |     let expected_state_after_step = (1.wrapping_mul(MULTIPLIER).wrapping_add(3));\n    |                                     ^                                          ^\n    |\n    = note: `#[warn(unused_parens)]` on by default\nhelp: remove these parentheses\n    |\n281 -     let expected_state_after_step = (1.wrapping_mul(MULTIPLIER).wrapping_add(3));\n281 +     let expected_state_after_step = 1.wrapping_mul(MULTIPLIER).wrapping_add(3);\n    |\n\nerror[E0689]: can't call method `wrapping_mul` on ambiguous numeric type `{integer}`\n   --> rand_pcg/src/pcg128.rs:281:40\n    |\n281 |     let expected_state_after_step = (1.wrapping_mul(MULTIPLIER).wrapping_add(3));\n    |                                        ^^^^^^^^^^^^\n    |\nhelp: you must specify a concrete type for this numeric value, like `i32`\n    |\n281 |     let expected_state_after_step = (1_i32.wrapping_mul(MULTIPLIER).wrapping_add(3));\n    |                                      ~~~~~\n\nFor more information about this error, try `rustc --explain E0689`.\nwarning: `rand_pcg` (lib test) generated 2 warnings\nerror: could not compile `rand_pcg` (lib test) due to 1 previous error; 2 warnings emitted\n"
                }
              ],
              "repaired": [
                false,
                false
              ]
            },
            {
              "attrs": [],
              "prefix": [
                "{",
                "    let mut rng = Lcg128Xsl64::new(u128::MAX, u128::MAX);",
                "    let result = rng.next_u64();",
                "}"
              ],
              "oracles": [
                [
                  "    let mut rng = Lcg128Xsl64::new(u128::MAX, u128::MAX);",
                  "    let expected_increment = (u128::MAX << 1) | 1;",
                  "    let expected_state = u128::MAX.wrapping_add(expected_increment);",
                  "    rng.step();",
                  "    assert_eq!(rng.state, expected_state);"
                ],
                [
                  "    let mut rng = Lcg128Xsl64::new(u128::MAX, u128::MAX);",
                  "    let expected_increment = (u128::MAX << 1) | 1;",
                  "    let expected_state = u128::MAX.wrapping_add(expected_increment);",
                  "    rng.step();",
                  "    let result = output_xsl_rr(rng.state);",
                  "    assert!(result.is_instance_of::<u64>());"
                ],
                [
                  "    let mut rng = Lcg128Xsl64::new(u128::MAX, u128::MAX);",
                  "    let expected_increment = (u128::MAX << 1) | 1;",
                  "    let expected_state = u128::MAX.wrapping_add(expected_increment);",
                  "    rng.step();",
                  "    let result = output_xsl_rr(rng.state);",
                  "    assert!(result <= u64::MAX);"
                ]
              ],
              "codes": [
                [
                  "{",
                  "    let mut rng = Lcg128Xsl64::new(u128::MAX, u128::MAX);",
                  "    let result = rng.next_u64();",
                  "    let mut rng = Lcg128Xsl64::new(u128::MAX, u128::MAX);",
                  "    let expected_increment = (u128::MAX << 1) | 1;",
                  "    let expected_state = u128::MAX.wrapping_add(expected_increment);",
                  "    rng.step();",
                  "    assert_eq!(rng.state, expected_state);",
                  "}"
                ],
                [
                  "{",
                  "    let mut rng = Lcg128Xsl64::new(u128::MAX, u128::MAX);",
                  "    let result = rng.next_u64();",
                  "    let mut rng = Lcg128Xsl64::new(u128::MAX, u128::MAX);",
                  "    let expected_increment = (u128::MAX << 1) | 1;",
                  "    let expected_state = u128::MAX.wrapping_add(expected_increment);",
                  "    rng.step();",
                  "    let result = output_xsl_rr(rng.state);",
                  "    assert!(result.is_instance_of::<u64>());",
                  "}"
                ],
                [
                  "{",
                  "    let mut rng = Lcg128Xsl64::new(u128::MAX, u128::MAX);",
                  "    let result = rng.next_u64();",
                  "    let mut rng = Lcg128Xsl64::new(u128::MAX, u128::MAX);",
                  "    let expected_increment = (u128::MAX << 1) | 1;",
                  "    let expected_state = u128::MAX.wrapping_add(expected_increment);",
                  "    rng.step();",
                  "    let result = output_xsl_rr(rng.state);",
                  "    assert!(result <= u64::MAX);",
                  "}"
                ]
              ],
              "can_compile": [
                {
                  "Ok": null
                },
                {
                  "Err": "   Compiling proc-macro2 v1.0.95\n   Compiling syn v1.0.109\n   Compiling libc v0.2.172\n   Compiling serde v1.0.219\n   Compiling getrandom v0.3.2\n   Compiling quote v1.0.40\n   Compiling bincode v1.3.3\n   Compiling ntest_timeout v0.9.3\n   Compiling ntest_test_cases v0.9.3\n   Compiling ntest v0.9.3\n   Compiling rand_core v0.9.3 (/home/utgen/workspace/rand/rand_core)\n   Compiling rand_pcg v0.9.0 (/home/utgen/workspace/rand/rand_pcg)\nwarning: unused import: `ntest::timeout`\n   --> rand_pcg/src/pcg128.rs:274:8\n    |\n274 |    use ntest::timeout;\n    |        ^^^^^^^^^^^^^^\n    |\n    = note: `#[warn(unused_imports)]` on by default\n\nerror[E0599]: no method named `is_instance_of` found for type `u64` in the current scope\n   --> rand_pcg/src/pcg128.rs:285:20\n    |\n285 |     assert!(result.is_instance_of::<u64>());\n    |                    ^^^^^^^^^^^^^^ method not found in `u64`\n\nFor more information about this error, try `rustc --explain E0599`.\nwarning: `rand_pcg` (lib test) generated 1 warning\nerror: could not compile `rand_pcg` (lib test) due to 1 previous error; 1 warning emitted\n"
                },
                {
                  "Ok": null
                }
              ],
              "repaired": [
                false,
                false,
                false
              ]
            },
            {
              "attrs": [],
              "prefix": [
                "{",
                "    let mut rng = Lcg128Xsl64::new(u128::MAX - 1, u128::MAX - 1);",
                "    let result = rng.next_u64();",
                "}"
              ],
              "oracles": [
                [
                  "    let mut rng = Lcg128Xsl64::new(u128::MAX - 1, u128::MAX - 1);",
                  "    let expected_state = rng.state.wrapping_mul(MULTIPLIER).wrapping_add(rng.increment);",
                  "    rng.step();",
                  "    let result = output_xsl_rr(expected_state);",
                  "    assert_eq!(result, rng.next_u64());"
                ],
                [
                  "    let mut rng = Lcg128Xsl64::new(u128::MAX - 1, u128::MAX - 1);",
                  "    let expected_state = rng.state.wrapping_mul(MULTIPLIER).wrapping_add(rng.increment);",
                  "    rng.step();",
                  "    let result = output_xsl_rr(expected_state);",
                  "    assert!(rng.state < u128::MAX);"
                ]
              ],
              "codes": [
                [
                  "{",
                  "    let mut rng = Lcg128Xsl64::new(u128::MAX - 1, u128::MAX - 1);",
                  "    let result = rng.next_u64();",
                  "    let mut rng = Lcg128Xsl64::new(u128::MAX - 1, u128::MAX - 1);",
                  "    let expected_state = rng.state.wrapping_mul(MULTIPLIER).wrapping_add(rng.increment);",
                  "    rng.step();",
                  "    let result = output_xsl_rr(expected_state);",
                  "    assert_eq!(result, rng.next_u64());",
                  "}"
                ],
                [
                  "{",
                  "    let mut rng = Lcg128Xsl64::new(u128::MAX - 1, u128::MAX - 1);",
                  "    let result = rng.next_u64();",
                  "    let mut rng = Lcg128Xsl64::new(u128::MAX - 1, u128::MAX - 1);",
                  "    let expected_state = rng.state.wrapping_mul(MULTIPLIER).wrapping_add(rng.increment);",
                  "    rng.step();",
                  "    let result = output_xsl_rr(expected_state);",
                  "    assert!(rng.state < u128::MAX);",
                  "}"
                ]
              ],
              "can_compile": [
                {
                  "Ok": null
                },
                {
                  "Ok": null
                }
              ],
              "repaired": [
                false,
                false
              ]
            },
            {
              "attrs": [],
              "prefix": [
                "{",
                "    let mut rng = Lcg128Xsl64::new(1, u128::MAX);",
                "    let result = rng.next_u64();",
                "}"
              ],
              "oracles": [
                [
                  "    let mut rng = Lcg128Xsl64::new(1, u128::MAX);",
                  "    let expected_state = rng.state;",
                  "    rng.step();",
                  "    let expected_result = output_xsl_rr(expected_state);",
                  "    assert_eq!(result, expected_result);"
                ],
                [
                  "    let mut rng = Lcg128Xsl64::new(1, u128::MAX);",
                  "    let expected_state = rng.state;",
                  "    rng.step();",
                  "    let expected_result = output_xsl_rr(expected_state);",
                  "    assert!(result != 0);"
                ]
              ],
              "codes": [
                [
                  "{",
                  "    let mut rng = Lcg128Xsl64::new(1, u128::MAX);",
                  "    let result = rng.next_u64();",
                  "    let mut rng = Lcg128Xsl64::new(1, u128::MAX);",
                  "    let expected_state = rng.state;",
                  "    rng.step();",
                  "    let expected_result = output_xsl_rr(expected_state);",
                  "    assert_eq!(result, expected_result);",
                  "}"
                ],
                [
                  "{",
                  "    let mut rng = Lcg128Xsl64::new(1, u128::MAX);",
                  "    let result = rng.next_u64();",
                  "    let mut rng = Lcg128Xsl64::new(1, u128::MAX);",
                  "    let expected_state = rng.state;",
                  "    rng.step();",
                  "    let expected_result = output_xsl_rr(expected_state);",
                  "    assert!(result != 0);",
                  "}"
                ]
              ],
              "can_compile": [
                {
                  "Ok": null
                },
                {
                  "Ok": null
                }
              ],
              "repaired": [
                false,
                false
              ]
            },
            {
              "attrs": [],
              "prefix": [
                "{",
                "    let mut rng = Lcg128Xsl64::new(123456789012345678901234567890123456, 987654321098765432109876543210987654);",
                "    let result = rng.next_u64();",
                "}"
              ],
              "oracles": [
                [
                  "    let mut rng = Lcg128Xsl64::new(123456789012345678901234567890123456, 987654321098765432109876543210987654);",
                  "    let expected_state = 123456789012345678901234567890123456.wrapping_mul(MULTIPLIER).wrapping_add(987654321098765432109876543210987654);",
                  "    let expected_result = output_xsl_rr(expected_state);",
                  "    assert_eq!(rng.state, expected_state);"
                ],
                [
                  "    let mut rng = Lcg128Xsl64::new(123456789012345678901234567890123456, 987654321098765432109876543210987654);",
                  "    let expected_state = 123456789012345678901234567890123456.wrapping_mul(MULTIPLIER).wrapping_add(987654321098765432109876543210987654);",
                  "    let expected_result = output_xsl_rr(expected_state);",
                  "    assert_eq!(result, expected_result);"
                ]
              ],
              "codes": [
                [
                  "{",
                  "    let mut rng = Lcg128Xsl64::new(123456789012345678901234567890123456, 987654321098765432109876543210987654);",
                  "    let result = rng.next_u64();",
                  "    let mut rng = Lcg128Xsl64::new(123456789012345678901234567890123456, 987654321098765432109876543210987654);",
                  "    let expected_state = 123456789012345678901234567890123456.wrapping_mul(MULTIPLIER).wrapping_add(987654321098765432109876543210987654);",
                  "    let expected_result = output_xsl_rr(expected_state);",
                  "    assert_eq!(rng.state, expected_state);",
                  "}"
                ],
                [
                  "{",
                  "    let mut rng = Lcg128Xsl64::new(123456789012345678901234567890123456, 987654321098765432109876543210987654);",
                  "    let result = rng.next_u64();",
                  "    let mut rng = Lcg128Xsl64::new(123456789012345678901234567890123456, 987654321098765432109876543210987654);",
                  "    let expected_state = 123456789012345678901234567890123456.wrapping_mul(MULTIPLIER).wrapping_add(987654321098765432109876543210987654);",
                  "    let expected_result = output_xsl_rr(expected_state);",
                  "    assert_eq!(result, expected_result);",
                  "}"
                ]
              ],
              "can_compile": [
                {
                  "Err": "   Compiling proc-macro2 v1.0.95\n   Compiling syn v1.0.109\n   Compiling libc v0.2.172\n   Compiling serde v1.0.219\n   Compiling getrandom v0.3.2\n   Compiling quote v1.0.40\n   Compiling bincode v1.3.3\n   Compiling ntest_timeout v0.9.3\n   Compiling ntest_test_cases v0.9.3\n   Compiling ntest v0.9.3\n   Compiling rand_core v0.9.3 (/home/utgen/workspace/rand/rand_core)\n   Compiling rand_pcg v0.9.0 (/home/utgen/workspace/rand/rand_pcg)\nwarning: unused import: `ntest::timeout`\n   --> rand_pcg/src/pcg128.rs:274:8\n    |\n274 |    use ntest::timeout;\n    |        ^^^^^^^^^^^^^^\n    |\n    = note: `#[warn(unused_imports)]` on by default\n\nerror[E0689]: can't call method `wrapping_mul` on ambiguous numeric type `{integer}`\n   --> rand_pcg/src/pcg128.rs:281:63\n    |\n281 |     let expected_state = 123456789012345678901234567890123456.wrapping_mul(MULTIPLIER).wrapping_add(987654321098765432109876543210987654);\n    |                                                               ^^^^^^^^^^^^\n    |\nhelp: you must specify a concrete type for this numeric value, like `i32`\n    |\n281 |     let expected_state = 123456789012345678901234567890123456_i32.wrapping_mul(MULTIPLIER).wrapping_add(987654321098765432109876543210987654);\n    |                          ~~~~~~~~~~~~~~~~~~~~~~~~~~~~~~~~~~~~~~~~\n\nFor more information about this error, try `rustc --explain E0689`.\nwarning: `rand_pcg` (lib test) generated 1 warning\nerror: could not compile `rand_pcg` (lib test) due to 1 previous error; 1 warning emitted\n"
                },
                {
                  "Err": "   Compiling proc-macro2 v1.0.95\n   Compiling syn v1.0.109\n   Compiling libc v0.2.172\n   Compiling serde v1.0.219\n   Compiling getrandom v0.3.2\n   Compiling quote v1.0.40\n   Compiling bincode v1.3.3\n   Compiling ntest_test_cases v0.9.3\n   Compiling ntest_timeout v0.9.3\n   Compiling ntest v0.9.3\n   Compiling rand_core v0.9.3 (/home/utgen/workspace/rand/rand_core)\n   Compiling rand_pcg v0.9.0 (/home/utgen/workspace/rand/rand_pcg)\nwarning: unused import: `ntest::timeout`\n   --> rand_pcg/src/pcg128.rs:274:8\n    |\n274 |    use ntest::timeout;\n    |        ^^^^^^^^^^^^^^\n    |\n    = note: `#[warn(unused_imports)]` on by default\n\nerror[E0689]: can't call method `wrapping_mul` on ambiguous numeric type `{integer}`\n   --> rand_pcg/src/pcg128.rs:281:63\n    |\n281 |     let expected_state = 123456789012345678901234567890123456.wrapping_mul(MULTIPLIER).wrapping_add(987654321098765432109876543210987654);\n    |                                                               ^^^^^^^^^^^^\n    |\nhelp: you must specify a concrete type for this numeric value, like `i32`\n    |\n281 |     let expected_state = 123456789012345678901234567890123456_i32.wrapping_mul(MULTIPLIER).wrapping_add(987654321098765432109876543210987654);\n    |                          ~~~~~~~~~~~~~~~~~~~~~~~~~~~~~~~~~~~~~~~~\n\nFor more information about this error, try `rustc --explain E0689`.\nwarning: `rand_pcg` (lib test) generated 1 warning\nerror: could not compile `rand_pcg` (lib test) due to 1 previous error; 1 warning emitted\n"
                }
              ],
              "repaired": [
                false,
                false
              ]
            },
            {
              "attrs": [],
              "prefix": [
                "{",
                "    let mut rng = Lcg128Xsl64::new(123456789012345678901234567890123456, 1);",
                "    let result = rng.next_u64();",
                "    let mut rng2 = Lcg128Xsl64::new(123456789012345678901234567890123456, 2);",
                "    let result2 = rng2.next_u64();",
                "}"
              ],
              "oracles": [
                [
                  "    let mut rng = Lcg128Xsl64::new(123456789012345678901234567890123456, 1);",
                  "    let expected_result = <insert_expected_value_for_stream_1>;",
                  "    assert_eq!(result, expected_result);"
                ],
                [
                  "    let mut rng = Lcg128Xsl64::new(123456789012345678901234567890123456, 1);",
                  "    let expected_result = <insert_expected_value_for_stream_1>;",
                  "    let mut rng2 = Lcg128Xsl64::new(123456789012345678901234567890123456, 2);",
                  "    let expected_result2 = <insert_expected_value_for_stream_2>;",
                  "    assert_eq!(result2, expected_result2);"
                ]
              ],
              "codes": [
                [
                  "{",
                  "    let mut rng = Lcg128Xsl64::new(123456789012345678901234567890123456, 1);",
                  "    let result = rng.next_u64();",
                  "    let mut rng2 = Lcg128Xsl64::new(123456789012345678901234567890123456, 2);",
                  "    let result2 = rng2.next_u64();",
                  "    let mut rng = Lcg128Xsl64::new(123456789012345678901234567890123456, 1);",
                  "    let expected_result = <insert_expected_value_for_stream_1>;",
                  "    assert_eq!(result, expected_result);",
                  "}"
                ],
                [
                  "{",
                  "    let mut rng = Lcg128Xsl64::new(123456789012345678901234567890123456, 1);",
                  "    let result = rng.next_u64();",
                  "    let mut rng2 = Lcg128Xsl64::new(123456789012345678901234567890123456, 2);",
                  "    let result2 = rng2.next_u64();",
                  "    let mut rng = Lcg128Xsl64::new(123456789012345678901234567890123456, 1);",
                  "    let expected_result = <insert_expected_value_for_stream_1>;",
                  "    let mut rng2 = Lcg128Xsl64::new(123456789012345678901234567890123456, 2);",
                  "    let expected_result2 = <insert_expected_value_for_stream_2>;",
                  "    assert_eq!(result2, expected_result2);",
                  "}"
                ]
              ],
              "can_compile": [
                {
                  "Err": "   Compiling proc-macro2 v1.0.95\n   Compiling syn v1.0.109\n   Compiling libc v0.2.172\n   Compiling getrandom v0.3.2\n   Compiling serde v1.0.219\n   Compiling quote v1.0.40\n   Compiling bincode v1.3.3\n   Compiling ntest_test_cases v0.9.3\n   Compiling ntest_timeout v0.9.3\n   Compiling ntest v0.9.3\n   Compiling rand_core v0.9.3 (/home/utgen/workspace/rand/rand_core)\n   Compiling rand_pcg v0.9.0 (/home/utgen/workspace/rand/rand_pcg)\nerror: expected `::`, found `;`\n   --> rand_pcg/src/pcg128.rs:283:63\n    |\n283 |     let expected_result = <insert_expected_value_for_stream_1>;\n    |                                                               ^ expected `::`\n\nwarning: unused import: `ntest::timeout`\n   --> rand_pcg/src/pcg128.rs:274:8\n    |\n274 |    use ntest::timeout;\n    |        ^^^^^^^^^^^^^^\n    |\n    = note: `#[warn(unused_imports)]` on by default\n\nwarning: `rand_pcg` (lib test) generated 1 warning\nerror: could not compile `rand_pcg` (lib test) due to 1 previous error; 1 warning emitted\n"
                },
                {
                  "Err": "   Compiling proc-macro2 v1.0.95\n   Compiling syn v1.0.109\n   Compiling libc v0.2.172\n   Compiling getrandom v0.3.2\n   Compiling serde v1.0.219\n   Compiling quote v1.0.40\n   Compiling bincode v1.3.3\n   Compiling ntest_timeout v0.9.3\n   Compiling ntest_test_cases v0.9.3\n   Compiling ntest v0.9.3\n   Compiling rand_core v0.9.3 (/home/utgen/workspace/rand/rand_core)\n   Compiling rand_pcg v0.9.0 (/home/utgen/workspace/rand/rand_pcg)\nerror: expected `::`, found `;`\n   --> rand_pcg/src/pcg128.rs:283:63\n    |\n283 |     let expected_result = <insert_expected_value_for_stream_1>;\n    |                                                               ^ expected `::`\n\nwarning: unused import: `ntest::timeout`\n   --> rand_pcg/src/pcg128.rs:274:8\n    |\n274 |    use ntest::timeout;\n    |        ^^^^^^^^^^^^^^\n    |\n    = note: `#[warn(unused_imports)]` on by default\n\nwarning: `rand_pcg` (lib test) generated 1 warning\nerror: could not compile `rand_pcg` (lib test) due to 1 previous error; 1 warning emitted\n"
                }
              ],
              "repaired": [
                false,
                false
              ]
            }
          ]
        }
      ]
    }
  ]
}