{
  "name": "regex_syntax::ast::parse::ast::parse::ParserI<'s, P>::parse_set_class_item",
  "name_with_impl": "regex_syntax::ast::parse::{impl#5}::parse_set_class_item",
  "mod_info": {
    "name": "ast::parse",
    "loc": "regex-syntax/src/ast/mod.rs:21:1:21:15"
  },
  "visible": false,
  "loc": "regex-syntax/src/ast/parse.rs:1844:5:1856:6",
  "fn_tests": [
    {
      "chain_id": 0,
      "prompt_conds": [],
      "input_infer": "",
      "answers": [
        {
          "uses": [],
          "has_test_mod": false,
          "common": [],
          "chain_tests": [
            {
              "attrs": [],
              "prefix": [],
              "oracles": [],
              "codes": [
                [
                  "{",
                  "    struct DummyParser {",
                  "        position: Position,",
                  "        pattern: String,",
                  "    }",
                  "",
                  "    impl Borrow<Parser> for DummyParser {",
                  "        fn borrow(&self) -> &Parser {",
                  "            // Provide a borrowed reference to Parser (simple mock setup).",
                  "            unimplemented!()",
                  "        }",
                  "    }",
                  "",
                  "    impl DummyParser {",
                  "        fn char(&self) -> char {",
                  "            self.pattern.chars().nth(self.position as usize).unwrap_or('\\0')",
                  "        }",
                  "",
                  "        fn bump(&mut self) {",
                  "            self.position += 1;",
                  "        }",
                  "",
                  "        fn span_char(&self) -> Span {",
                  "            Span {",
                  "                start: self.position,",
                  "                end: self.position + 1,",
                  "            }",
                  "        }",
                  "",
                  "        fn parse_set_class_item(&self) -> Result<Primitive> {",
                  "            if self.char() == '\\\\' {",
                  "                self.parse_escape()",
                  "            } else {",
                  "                let x = Primitive::Literal(ast::Literal {",
                  "                    span: self.span_char(),",
                  "                    kind: ast::LiteralKind::Verbatim,",
                  "                    c: self.char(),",
                  "                });",
                  "                self.bump();",
                  "                Ok(x)",
                  "            }",
                  "        }",
                  "",
                  "        fn parse_escape(&self) -> Result<Primitive> {",
                  "            // Mocked implementation for escape sequences.",
                  "            unimplemented!()",
                  "        }",
                  "    }",
                  "",
                  "    let parser = DummyParser {",
                  "        position: 0,",
                  "        pattern: \"a\".to_string(),",
                  "    };",
                  "    let result = parser.parse_set_class_item();",
                  "    assert!(result.is_ok());",
                  "    if let Ok(primitive) = result {",
                  "        if let Primitive::Literal(literal) = primitive {",
                  "            assert_eq!(literal.c, 'a');",
                  "            assert_eq!(literal.kind, LiteralKind::Verbatim);",
                  "        } else {",
                  "            panic!(\"Expected a Literal from the parse_set_class_item result.\");",
                  "        }",
                  "    }",
                  "}"
                ]
              ],
              "can_compile": [
                {
                  "Err": "warning: /home/abezbm/rust-utgen-test-crates-new/regex/Cargo.toml: no edition set: defaulting to the 2015 edition while the latest is 2021\nwarning: /home/abezbm/rust-utgen-test-crates-new/regex/regex-syntax/Cargo.toml: no edition set: defaulting to the 2015 edition while the latest is 2021\nwarning: /home/abezbm/rust-utgen-test-crates-new/regex/regex-capi/Cargo.toml: no edition set: defaulting to the 2015 edition while the latest is 2021\nwarning: /home/abezbm/rust-utgen-test-crates-new/regex/regex-debug/Cargo.toml: no edition set: defaulting to the 2015 edition while the latest is 2021\n   Compiling proc-macro2 v1.0.95\n   Compiling syn v1.0.109\n   Compiling quote v1.0.40\n   Compiling ntest_test_cases v0.9.3\n   Compiling ntest_timeout v0.9.3\n   Compiling ntest v0.9.3\n   Compiling regex-syntax v0.6.0 (/home/abezbm/rust-utgen-test-crates-new/regex/regex-syntax)\nerror[E0433]: failed to resolve: use of undeclared type `LiteralKind`\n    --> regex-syntax/src/ast/parse.rs:5430:38\n     |\n5430 |             assert_eq!(literal.kind, LiteralKind::Verbatim);\n     |                                      ^^^^^^^^^^^ use of undeclared type `LiteralKind`\n     |\nhelp: consider importing this enum\n     |\n5368 +    use ast::LiteralKind;\n     |\n\nwarning: `...` range patterns are deprecated\n    --> regex-syntax/src/ast/parse.rs:1445:16\n     |\n1445 |             '0'...'7' => {\n     |                ^^^ help: use `..=` for an inclusive range\n     |\n     = warning: this is accepted in the current edition (Rust 2015) but is a hard error in Rust 2021!\n     = note: for more information, see <https://doc.rust-lang.org/nightly/edition-guide/rust-2021/warnings-promoted-to-error.html>\n     = note: `#[warn(ellipsis_inclusive_range_patterns)]` on by default\n\nwarning: `...` range patterns are deprecated\n    --> regex-syntax/src/ast/parse.rs:1456:16\n     |\n1456 |             '8'...'9' if !self.parser().octal => {\n     |                ^^^ help: use `..=` for an inclusive range\n     |\n     = warning: this is accepted in the current edition (Rust 2015) but is a hard error in Rust 2021!\n     = note: for more information, see <https://doc.rust-lang.org/nightly/edition-guide/rust-2021/warnings-promoted-to-error.html>\n\nwarning: unused import: `Primitive`\n    --> regex-syntax/src/ast/parse.rs:2261:49\n     |\n2261 |     use super::{Parser, ParserI, ParserBuilder, Primitive};\n     |                                                 ^^^^^^^^^\n     |\n     = note: `#[warn(unused_imports)]` on by default\n\nwarning: unused macro definition: `assert_eq`\n    --> regex-syntax/src/ast/parse.rs:2265:18\n     |\n2265 |     macro_rules! assert_eq {\n     |                  ^^^^^^^^^\n     |\n     = note: `#[warn(unused_macros)]` on by default\n\nwarning: unused import: `ntest::timeout`\n    --> regex-syntax/src/ast/parse.rs:5369:8\n     |\n5369 |    use ntest::timeout;\n     |        ^^^^^^^^^^^^^^\n\nwarning: unused import: `super::*`\n    --> regex-syntax/src/ast/mod.rs:1482:9\n     |\n1482 |     use super::*;\n     |         ^^^^^^^^\n\nwarning: unused import: `ast::parse::Parser`\n   --> regex-syntax/src/error.rs:288:9\n    |\n288 |     use ast::parse::Parser;\n    |         ^^^^^^^^^^^^^^^^^^\n\nwarning: unused import: `ParserBuilder`\n    --> regex-syntax/src/hir/literal/mod.rs:1004:9\n     |\n1004 |     use ParserBuilder;\n     |         ^^^^^^^^^^^^^\n\nwarning: unused imports: `Position` and `self`\n    --> regex-syntax/src/hir/translate.rs:1094:15\n     |\n1094 |     use ast::{self, Ast, Position, Span};\n     |               ^^^^       ^^^^^^^^\n\nwarning: unused import: `ascii_class`\n    --> regex-syntax/src/hir/translate.rs:1099:36\n     |\n1099 |     use super::{TranslatorBuilder, ascii_class};\n     |                                    ^^^^^^^^^^^\n\nwarning: unused imports: `contains_simple_case_mapping` and `simple_fold`\n   --> regex-syntax/src/unicode.rs:375:17\n    |\n375 |     use super::{contains_simple_case_mapping, simple_fold};\n    |                 ^^^^^^^^^^^^^^^^^^^^^^^^^^^^  ^^^^^^^^^^^\n\nwarning: `...` range patterns are deprecated\n   --> regex-syntax/src/lib.rs:195:21\n    |\n195 |         b'_' | b'0' ... b'9' | b'a' ... b'z' | b'A' ... b'Z'  => true,\n    |                     ^^^ help: use `..=` for an inclusive range\n    |\n    = warning: this is accepted in the current edition (Rust 2015) but is a hard error in Rust 2021!\n    = note: for more information, see <https://doc.rust-lang.org/nightly/edition-guide/rust-2021/warnings-promoted-to-error.html>\n\nwarning: `...` range patterns are deprecated\n   --> regex-syntax/src/lib.rs:195:37\n    |\n195 |         b'_' | b'0' ... b'9' | b'a' ... b'z' | b'A' ... b'Z'  => true,\n    |                                     ^^^ help: use `..=` for an inclusive range\n    |\n    = warning: this is accepted in the current edition (Rust 2015) but is a hard error in Rust 2021!\n    = note: for more information, see <https://doc.rust-lang.org/nightly/edition-guide/rust-2021/warnings-promoted-to-error.html>\n\nwarning: `...` range patterns are deprecated\n   --> regex-syntax/src/lib.rs:195:53\n    |\n195 |         b'_' | b'0' ... b'9' | b'a' ... b'z' | b'A' ... b'Z'  => true,\n    |                                                     ^^^ help: use `..=` for an inclusive range\n    |\n    = warning: this is accepted in the current edition (Rust 2015) but is a hard error in Rust 2021!\n    = note: for more information, see <https://doc.rust-lang.org/nightly/edition-guide/rust-2021/warnings-promoted-to-error.html>\n\nwarning: unused import: `super::*`\n   --> regex-syntax/src/lib.rs:202:9\n    |\n202 |     use super::*;\n    |         ^^^^^^^^\n\nerror[E0308]: mismatched types\n    --> regex-syntax/src/ast/parse.rs:5422:19\n     |\n5422 |         position: 0,\n     |                   ^ expected `Position`, found integer\n\nerror[E0605]: non-primitive cast: `ast::Position` as `usize`\n    --> regex-syntax/src/ast/parse.rs:5387:38\n     |\n5387 |             self.pattern.chars().nth(self.position as usize).unwrap_or('\\0')\n     |                                      ^^^^^^^^^^^^^^^^^^^^^^ an `as` expression can only be used to convert between primitive types or to coerce to a specific trait object\n\nerror[E0368]: binary assignment operation `+=` cannot be applied to type `ast::Position`\n    --> regex-syntax/src/ast/parse.rs:5391:13\n     |\n5391 |             self.position += 1;\n     |             -------------^^^^^\n     |             |\n     |             cannot use `+=` on type `ast::Position`\n     |\nnote: an implementation of `AddAssign<{integer}>` might be missing for `ast::Position`\n    --> regex-syntax/src/ast/mod.rs:363:1\n     |\n363  | pub struct Position {\n     | ^^^^^^^^^^^^^^^^^^^ must implement `AddAssign<{integer}>`\nnote: the trait `AddAssign` must be implemented\n    --> /home/abezbm/.rustup/toolchains/nightly-2024-07-21-x86_64-unknown-linux-gnu/lib/rustlib/src/rust/library/core/src/ops/arith.rs:738:1\n     |\n738  | pub trait AddAssign<Rhs = Self> {\n     | ^^^^^^^^^^^^^^^^^^^^^^^^^^^^^^^\n\nerror[E0369]: cannot add `{integer}` to `ast::Position`\n    --> regex-syntax/src/ast/parse.rs:5397:36\n     |\n5397 |                 end: self.position + 1,\n     |                      ------------- ^ - {integer}\n     |                      |\n     |                      ast::Position\n     |\nnote: an implementation of `Add<{integer}>` might be missing for `ast::Position`\n    --> regex-syntax/src/ast/mod.rs:363:1\n     |\n363  | pub struct Position {\n     | ^^^^^^^^^^^^^^^^^^^ must implement `Add<{integer}>`\nnote: the trait `Add` must be implemented\n    --> /home/abezbm/.rustup/toolchains/nightly-2024-07-21-x86_64-unknown-linux-gnu/lib/rustlib/src/rust/library/core/src/ops/arith.rs:76:1\n     |\n76   | pub trait Add<Rhs = Self> {\n     | ^^^^^^^^^^^^^^^^^^^^^^^^^\n\nwarning: use of deprecated method `std::error::Error::description`: use the Display impl or to_string()\n  --> regex-syntax/src/error.rs:45:38\n   |\n45 |             Error::Parse(ref x) => x.description(),\n   |                                      ^^^^^^^^^^^\n   |\n   = note: `#[warn(deprecated)]` on by default\n\nwarning: use of deprecated method `std::error::Error::description`: use the Display impl or to_string()\n  --> regex-syntax/src/error.rs:46:42\n   |\n46 |             Error::Translate(ref x) => x.description(),\n   |                                          ^^^^^^^^^^^\n\nerror[E0596]: cannot borrow `*self` as mutable, as it is behind a `&` reference\n    --> regex-syntax/src/ast/parse.rs:5410:17\n     |\n5410 |                 self.bump();\n     |                 ^^^^ `self` is a `&` reference, so the data it refers to cannot be borrowed as mutable\n     |\nhelp: consider changing this to be a mutable reference\n     |\n5401 |         fn parse_set_class_item(&mut self) -> Result<Primitive> {\n     |                                 ~~~~~~~~~\n\nwarning: variable does not need to be mutable\n   --> regex-syntax/src/hir/literal/mod.rs:687:17\n    |\n687 |             let mut buf = &mut buf[..i];\n    |                 ----^^^\n    |                 |\n    |                 help: remove this `mut`\n    |\n    = note: `#[warn(unused_mut)]` on by default\n\nSome errors have detailed explanations: E0308, E0368, E0369, E0433, E0596, E0605.\nFor more information about an error, try `rustc --explain E0308`.\nwarning: `regex-syntax` (lib test) generated 18 warnings\nerror: could not compile `regex-syntax` (lib test) due to 6 previous errors; 18 warnings emitted\n"
                }
              ],
              "repaired": [
                false
              ]
            },
            {
              "attrs": [
                "#[should_panic]"
              ],
              "prefix": [],
              "oracles": [],
              "codes": [
                [
                  "{",
                  "    struct DummyParser {",
                  "        position: Position,",
                  "        pattern: String,",
                  "    }",
                  "",
                  "    impl Borrow<Parser> for DummyParser {",
                  "        fn borrow(&self) -> &Parser {",
                  "            unimplemented!()",
                  "        }",
                  "    }",
                  "",
                  "    impl DummyParser {",
                  "        fn char(&self) -> char {",
                  "            self.pattern.chars().nth(self.position as usize).unwrap_or('\\0')",
                  "        }",
                  "",
                  "        fn bump(&mut self) {",
                  "            self.position += 1;",
                  "        }",
                  "",
                  "        fn span_char(&self) -> Span {",
                  "            Span {",
                  "                start: self.position,",
                  "                end: self.position + 1,",
                  "            }",
                  "        }",
                  "",
                  "        fn parse_set_class_item(&self) -> Result<Primitive> {",
                  "            if self.char() == '\\\\' {",
                  "                self.parse_escape()",
                  "            } else {",
                  "                let x = Primitive::Literal(ast::Literal {",
                  "                    span: self.span_char(),",
                  "                    kind: ast::LiteralKind::Verbatim,",
                  "                    c: self.char(),",
                  "                });",
                  "                self.bump();",
                  "                Ok(x)",
                  "            }",
                  "        }",
                  "",
                  "        fn parse_escape(&self) -> Result<Primitive> {",
                  "            // Simulate an unrecognized escape sequence.",
                  "            Err(ast::Error {",
                  "                kind: ast::ErrorKind::EscapeUnrecognized,",
                  "                pattern: self.pattern.clone(),",
                  "                span: self.span_char(),",
                  "            })",
                  "        }",
                  "    }",
                  "",
                  "    let parser = DummyParser {",
                  "        position: 0,",
                  "        pattern: \"\\\\\".to_string(),",
                  "    };",
                  "    ",
                  "    parser.parse_set_class_item().unwrap();  // This should trigger panic due to the simulated error.",
                  "}"
                ]
              ],
              "can_compile": [
                {
                  "Err": "warning: /home/abezbm/rust-utgen-test-crates-new/regex/regex-syntax/Cargo.toml: no edition set: defaulting to the 2015 edition while the latest is 2021\nwarning: /home/abezbm/rust-utgen-test-crates-new/regex/regex-capi/Cargo.toml: no edition set: defaulting to the 2015 edition while the latest is 2021\nwarning: /home/abezbm/rust-utgen-test-crates-new/regex/Cargo.toml: no edition set: defaulting to the 2015 edition while the latest is 2021\nwarning: /home/abezbm/rust-utgen-test-crates-new/regex/regex-debug/Cargo.toml: no edition set: defaulting to the 2015 edition while the latest is 2021\n   Compiling proc-macro2 v1.0.95\n   Compiling syn v1.0.109\n   Compiling quote v1.0.40\n   Compiling ntest_test_cases v0.9.3\n   Compiling ntest_timeout v0.9.3\n   Compiling ntest v0.9.3\n   Compiling regex-syntax v0.6.0 (/home/abezbm/rust-utgen-test-crates-new/regex/regex-syntax)\nwarning: `...` range patterns are deprecated\n    --> regex-syntax/src/ast/parse.rs:1445:16\n     |\n1445 |             '0'...'7' => {\n     |                ^^^ help: use `..=` for an inclusive range\n     |\n     = warning: this is accepted in the current edition (Rust 2015) but is a hard error in Rust 2021!\n     = note: for more information, see <https://doc.rust-lang.org/nightly/edition-guide/rust-2021/warnings-promoted-to-error.html>\n     = note: `#[warn(ellipsis_inclusive_range_patterns)]` on by default\n\nwarning: `...` range patterns are deprecated\n    --> regex-syntax/src/ast/parse.rs:1456:16\n     |\n1456 |             '8'...'9' if !self.parser().octal => {\n     |                ^^^ help: use `..=` for an inclusive range\n     |\n     = warning: this is accepted in the current edition (Rust 2015) but is a hard error in Rust 2021!\n     = note: for more information, see <https://doc.rust-lang.org/nightly/edition-guide/rust-2021/warnings-promoted-to-error.html>\n\nwarning: unused import: `Primitive`\n    --> regex-syntax/src/ast/parse.rs:2261:49\n     |\n2261 |     use super::{Parser, ParserI, ParserBuilder, Primitive};\n     |                                                 ^^^^^^^^^\n     |\n     = note: `#[warn(unused_imports)]` on by default\n\nwarning: unused macro definition: `assert_eq`\n    --> regex-syntax/src/ast/parse.rs:2265:18\n     |\n2265 |     macro_rules! assert_eq {\n     |                  ^^^^^^^^^\n     |\n     = note: `#[warn(unused_macros)]` on by default\n\nwarning: unused import: `ntest::timeout`\n    --> regex-syntax/src/ast/parse.rs:5369:8\n     |\n5369 |    use ntest::timeout;\n     |        ^^^^^^^^^^^^^^\n\nwarning: unused import: `super::*`\n    --> regex-syntax/src/ast/mod.rs:1482:9\n     |\n1482 |     use super::*;\n     |         ^^^^^^^^\n\nwarning: unused import: `ast::parse::Parser`\n   --> regex-syntax/src/error.rs:288:9\n    |\n288 |     use ast::parse::Parser;\n    |         ^^^^^^^^^^^^^^^^^^\n\nwarning: unused import: `ParserBuilder`\n    --> regex-syntax/src/hir/literal/mod.rs:1004:9\n     |\n1004 |     use ParserBuilder;\n     |         ^^^^^^^^^^^^^\n\nwarning: unused imports: `Position` and `self`\n    --> regex-syntax/src/hir/translate.rs:1094:15\n     |\n1094 |     use ast::{self, Ast, Position, Span};\n     |               ^^^^       ^^^^^^^^\n\nwarning: unused import: `ascii_class`\n    --> regex-syntax/src/hir/translate.rs:1099:36\n     |\n1099 |     use super::{TranslatorBuilder, ascii_class};\n     |                                    ^^^^^^^^^^^\n\nwarning: unused imports: `contains_simple_case_mapping` and `simple_fold`\n   --> regex-syntax/src/unicode.rs:375:17\n    |\n375 |     use super::{contains_simple_case_mapping, simple_fold};\n    |                 ^^^^^^^^^^^^^^^^^^^^^^^^^^^^  ^^^^^^^^^^^\n\nwarning: `...` range patterns are deprecated\n   --> regex-syntax/src/lib.rs:195:21\n    |\n195 |         b'_' | b'0' ... b'9' | b'a' ... b'z' | b'A' ... b'Z'  => true,\n    |                     ^^^ help: use `..=` for an inclusive range\n    |\n    = warning: this is accepted in the current edition (Rust 2015) but is a hard error in Rust 2021!\n    = note: for more information, see <https://doc.rust-lang.org/nightly/edition-guide/rust-2021/warnings-promoted-to-error.html>\n\nwarning: `...` range patterns are deprecated\n   --> regex-syntax/src/lib.rs:195:37\n    |\n195 |         b'_' | b'0' ... b'9' | b'a' ... b'z' | b'A' ... b'Z'  => true,\n    |                                     ^^^ help: use `..=` for an inclusive range\n    |\n    = warning: this is accepted in the current edition (Rust 2015) but is a hard error in Rust 2021!\n    = note: for more information, see <https://doc.rust-lang.org/nightly/edition-guide/rust-2021/warnings-promoted-to-error.html>\n\nwarning: `...` range patterns are deprecated\n   --> regex-syntax/src/lib.rs:195:53\n    |\n195 |         b'_' | b'0' ... b'9' | b'a' ... b'z' | b'A' ... b'Z'  => true,\n    |                                                     ^^^ help: use `..=` for an inclusive range\n    |\n    = warning: this is accepted in the current edition (Rust 2015) but is a hard error in Rust 2021!\n    = note: for more information, see <https://doc.rust-lang.org/nightly/edition-guide/rust-2021/warnings-promoted-to-error.html>\n\nwarning: unused import: `super::*`\n   --> regex-syntax/src/lib.rs:202:9\n    |\n202 |     use super::*;\n    |         ^^^^^^^^\n\nerror[E0308]: mismatched types\n    --> regex-syntax/src/ast/parse.rs:5426:19\n     |\n5426 |         position: 0,\n     |                   ^ expected `Position`, found integer\n\nerror[E0605]: non-primitive cast: `ast::Position` as `usize`\n    --> regex-syntax/src/ast/parse.rs:5387:38\n     |\n5387 |             self.pattern.chars().nth(self.position as usize).unwrap_or('\\0')\n     |                                      ^^^^^^^^^^^^^^^^^^^^^^ an `as` expression can only be used to convert between primitive types or to coerce to a specific trait object\n\nerror[E0368]: binary assignment operation `+=` cannot be applied to type `ast::Position`\n    --> regex-syntax/src/ast/parse.rs:5391:13\n     |\n5391 |             self.position += 1;\n     |             -------------^^^^^\n     |             |\n     |             cannot use `+=` on type `ast::Position`\n     |\nnote: an implementation of `AddAssign<{integer}>` might be missing for `ast::Position`\n    --> regex-syntax/src/ast/mod.rs:363:1\n     |\n363  | pub struct Position {\n     | ^^^^^^^^^^^^^^^^^^^ must implement `AddAssign<{integer}>`\nnote: the trait `AddAssign` must be implemented\n    --> /home/abezbm/.rustup/toolchains/nightly-2024-07-21-x86_64-unknown-linux-gnu/lib/rustlib/src/rust/library/core/src/ops/arith.rs:738:1\n     |\n738  | pub trait AddAssign<Rhs = Self> {\n     | ^^^^^^^^^^^^^^^^^^^^^^^^^^^^^^^\n\nerror[E0369]: cannot add `{integer}` to `ast::Position`\n    --> regex-syntax/src/ast/parse.rs:5397:36\n     |\n5397 |                 end: self.position + 1,\n     |                      ------------- ^ - {integer}\n     |                      |\n     |                      ast::Position\n     |\nnote: an implementation of `Add<{integer}>` might be missing for `ast::Position`\n    --> regex-syntax/src/ast/mod.rs:363:1\n     |\n363  | pub struct Position {\n     | ^^^^^^^^^^^^^^^^^^^ must implement `Add<{integer}>`\nnote: the trait `Add` must be implemented\n    --> /home/abezbm/.rustup/toolchains/nightly-2024-07-21-x86_64-unknown-linux-gnu/lib/rustlib/src/rust/library/core/src/ops/arith.rs:76:1\n     |\n76   | pub trait Add<Rhs = Self> {\n     | ^^^^^^^^^^^^^^^^^^^^^^^^^\n\nwarning: use of deprecated method `std::error::Error::description`: use the Display impl or to_string()\n  --> regex-syntax/src/error.rs:45:38\n   |\n45 |             Error::Parse(ref x) => x.description(),\n   |                                      ^^^^^^^^^^^\n   |\n   = note: `#[warn(deprecated)]` on by default\n\nwarning: use of deprecated method `std::error::Error::description`: use the Display impl or to_string()\n  --> regex-syntax/src/error.rs:46:42\n   |\n46 |             Error::Translate(ref x) => x.description(),\n   |                                          ^^^^^^^^^^^\n\nerror[E0596]: cannot borrow `*self` as mutable, as it is behind a `&` reference\n    --> regex-syntax/src/ast/parse.rs:5410:17\n     |\n5410 |                 self.bump();\n     |                 ^^^^ `self` is a `&` reference, so the data it refers to cannot be borrowed as mutable\n     |\nhelp: consider changing this to be a mutable reference\n     |\n5401 |         fn parse_set_class_item(&mut self) -> Result<Primitive> {\n     |                                 ~~~~~~~~~\n\nwarning: variable does not need to be mutable\n   --> regex-syntax/src/hir/literal/mod.rs:687:17\n    |\n687 |             let mut buf = &mut buf[..i];\n    |                 ----^^^\n    |                 |\n    |                 help: remove this `mut`\n    |\n    = note: `#[warn(unused_mut)]` on by default\n\nSome errors have detailed explanations: E0308, E0368, E0369, E0596, E0605.\nFor more information about an error, try `rustc --explain E0308`.\nwarning: `regex-syntax` (lib test) generated 18 warnings\nerror: could not compile `regex-syntax` (lib test) due to 5 previous errors; 18 warnings emitted\n"
                }
              ],
              "repaired": [
                false
              ]
            }
          ]
        }
      ]
    }
  ]
}