{
  "name": "serde_json::ser::<ser::PrettyFormatter<'a> as ser::Formatter>::begin_object_key",
  "name_with_impl": "serde_json::ser::{impl#16}::begin_object_key",
  "mod_info": {
    "name": "ser",
    "loc": "src/lib.rs:423:1:423:13"
  },
  "visible": true,
  "loc": "src/ser.rs:2055:5:2061:6",
  "fn_tests": [
    {
      "chain_id": 0,
      "prompt_conds": [],
      "input_infer": "",
      "answers": [
        {
          "uses": [
            "use std::io;",
            "use std::io::Write;",
            "use std::io::Cursor;"
          ],
          "has_test_mod": false,
          "common": [],
          "chain_tests": [
            {
              "attrs": [],
              "prefix": [],
              "oracles": [],
              "codes": [
                [
                  "{",
                  "    use std::io::Cursor;",
                  "    use std::io::{self, Write};",
                  "",
                  "    struct TestWriter {",
                  "        buf: Vec<u8>,",
                  "        current_indent: usize,",
                  "        indent: usize,",
                  "    }",
                  "",
                  "    impl TestWriter {",
                  "        fn new() -> Self {",
                  "            TestWriter {",
                  "                buf: Vec::new(),",
                  "                current_indent: 0,",
                  "                indent: 2,",
                  "            }",
                  "        }",
                  "",
                  "        fn begin_object_key(&mut self, writer: &mut dyn Write, first: bool) -> io::Result<()> {",
                  "            writer.write_all(if first { b\"\\n\" } else { b\",\\n\" })?;",
                  "            for _ in 0..self.current_indent {",
                  "                writer.write_all(b\" \")?;",
                  "            }",
                  "            Ok(())",
                  "        }",
                  "    }",
                  "",
                  "    let mut writer = TestWriter::new();",
                  "    let mut cursor = Cursor::new(&mut writer.buf);",
                  "    writer.begin_object_key(&mut cursor, true).unwrap();",
                  "    ",
                  "    assert_eq!(writer.buf, b\"\\n\");",
                  "}"
                ]
              ],
              "can_compile": [
                {
                  "Err": "   Compiling proc-macro2 v1.0.95\n   Compiling serde v1.0.219\n   Compiling syn v1.0.109\n   Compiling libc v0.2.172\n   Compiling target-triple v0.1.4\n   Compiling serde_json v1.0.140\n   Compiling rustversion v1.0.20\n   Compiling ref-cast v1.0.24\n   Compiling serde_json v1.0.140 (/home/abezbm/rust-utgen-test-crates-new/json)\n   Compiling psm v0.1.26\n   Compiling stacker v0.1.21\n   Compiling quote v1.0.40\n   Compiling syn v2.0.101\n   Compiling serde_derive v1.0.219\n   Compiling ref-cast-impl v1.0.24\n   Compiling automod v1.0.15\n   Compiling ntest_test_cases v0.9.3\n   Compiling ntest_timeout v0.9.3\n   Compiling ntest v0.9.3\n   Compiling serde_spanned v0.6.8\n   Compiling toml_datetime v0.6.9\n   Compiling serde_bytes v0.11.17\n   Compiling serde_stacker v0.1.12\n   Compiling toml_edit v0.22.25\n   Compiling toml v0.8.21\n   Compiling trybuild v1.0.104\nwarning: unused import: `ntest::timeout`\n    --> src/ser.rs:2281:8\n     |\n2281 |    use ntest::timeout;\n     |        ^^^^^^^^^^^^^^\n     |\n     = note: `#[warn(unused_imports)]` on by default\n\nerror[E0499]: cannot borrow `writer` as mutable more than once at a time\n    --> src/ser.rs:2314:5\n     |\n2313 |     let mut cursor = Cursor::new(&mut writer.buf);\n     |                                  --------------- first mutable borrow occurs here\n2314 |     writer.begin_object_key(&mut cursor, true).unwrap();\n     |     ^^^^^^                  ----------- first borrow later used here\n     |     |\n     |     second mutable borrow occurs here\n\nFor more information about this error, try `rustc --explain E0499`.\nwarning: `serde_json` (lib test) generated 1 warning\nerror: could not compile `serde_json` (lib test) due to 1 previous error; 1 warning emitted\n"
                }
              ],
              "repaired": [
                false
              ]
            },
            {
              "attrs": [],
              "prefix": [],
              "oracles": [],
              "codes": [
                [
                  "{",
                  "    use std::io::Cursor;",
                  "    use std::io::{self, Write};",
                  "",
                  "    struct TestWriter {",
                  "        buf: Vec<u8>,",
                  "        current_indent: usize,",
                  "        indent: usize,",
                  "    }",
                  "",
                  "    impl TestWriter {",
                  "        fn new() -> Self {",
                  "            TestWriter {",
                  "                buf: Vec::new(),",
                  "                current_indent: 0,",
                  "                indent: 2,",
                  "            }",
                  "        }",
                  "",
                  "        fn begin_object_key(&mut self, writer: &mut dyn Write, first: bool) -> io::Result<()> {",
                  "            writer.write_all(if first { b\"\\n\" } else { b\",\\n\" })?;",
                  "            for _ in 0..self.current_indent {",
                  "                writer.write_all(b\" \")?;",
                  "            }",
                  "            Ok(())",
                  "        }",
                  "    }",
                  "",
                  "    let mut writer = TestWriter::new();",
                  "    let mut cursor = Cursor::new(&mut writer.buf);",
                  "    writer.begin_object_key(&mut cursor, false).unwrap();",
                  "    ",
                  "    assert_eq!(writer.buf, b\",\\n\");",
                  "}"
                ]
              ],
              "can_compile": [
                {
                  "Err": "   Compiling proc-macro2 v1.0.95\n   Compiling serde v1.0.219\n   Compiling syn v1.0.109\n   Compiling libc v0.2.172\n   Compiling serde_json v1.0.140\n   Compiling target-triple v0.1.4\n   Compiling rustversion v1.0.20\n   Compiling ref-cast v1.0.24\n   Compiling serde_json v1.0.140 (/home/abezbm/rust-utgen-test-crates-new/json)\n   Compiling psm v0.1.26\n   Compiling stacker v0.1.21\n   Compiling quote v1.0.40\n   Compiling syn v2.0.101\n   Compiling serde_derive v1.0.219\n   Compiling ref-cast-impl v1.0.24\n   Compiling automod v1.0.15\n   Compiling ntest_timeout v0.9.3\n   Compiling ntest_test_cases v0.9.3\n   Compiling ntest v0.9.3\n   Compiling toml_datetime v0.6.9\n   Compiling serde_spanned v0.6.8\n   Compiling serde_stacker v0.1.12\n   Compiling serde_bytes v0.11.17\n   Compiling toml_edit v0.22.25\n   Compiling toml v0.8.21\n   Compiling trybuild v1.0.104\nwarning: unused import: `ntest::timeout`\n    --> src/ser.rs:2281:8\n     |\n2281 |    use ntest::timeout;\n     |        ^^^^^^^^^^^^^^\n     |\n     = note: `#[warn(unused_imports)]` on by default\n\nerror[E0499]: cannot borrow `writer` as mutable more than once at a time\n    --> src/ser.rs:2314:5\n     |\n2313 |     let mut cursor = Cursor::new(&mut writer.buf);\n     |                                  --------------- first mutable borrow occurs here\n2314 |     writer.begin_object_key(&mut cursor, false).unwrap();\n     |     ^^^^^^                  ----------- first borrow later used here\n     |     |\n     |     second mutable borrow occurs here\n\nFor more information about this error, try `rustc --explain E0499`.\nwarning: `serde_json` (lib test) generated 1 warning\nerror: could not compile `serde_json` (lib test) due to 1 previous error; 1 warning emitted\n"
                }
              ],
              "repaired": [
                false
              ]
            }
          ]
        }
      ]
    }
  ]
}