{
  "name": "serde_json::value::de::<value::de::KeyClassifier as serde::de::Visitor<'de>>::visit_string",
  "name_with_impl": "serde_json::value::de::{impl#22}::visit_string",
  "mod_info": {
    "name": "value::de",
    "loc": "src/value/mod.rs:927:1:927:8"
  },
  "visible": true,
  "loc": "src/value/de.rs:1364:5:1375:6",
  "fn_tests": [
    {
      "chain_id": 0,
      "prompt_conds": [],
      "input_infer": "",
      "answers": [
        {
          "uses": [],
          "has_test_mod": false,
          "common": [
            "#[derive(Debug)]",
            "struct KeyClass {",
            "    value: String,",
            "}",
            "",
            "impl KeyClass {",
            "    fn Map(s: String) -> Self {",
            "        KeyClass { value: s }",
            "    }",
            "",
            "    #[cfg(feature = \"arbitrary_precision\")]",
            "    fn Number() -> Self {",
            "        KeyClass { value: \"number\".to_string() }",
            "    }",
            "",
            "    #[cfg(feature = \"raw_value\")]",
            "    fn RawValue() -> Self {",
            "        KeyClass { value: \"raw_value\".to_string() }",
            "    }",
            "}",
            "",
            "struct TestError;",
            "impl de::Error for TestError {",
            "    fn custom<T>(_msg: T) -> Self {",
            "        TestError",
            "    }",
            "}",
            "",
            "fn visit_string<E>(s: String) -> Result<KeyClass, E>",
            "where",
            "    E: de::Error,",
            "{",
            "    match s.as_str() {",
            "        #[cfg(feature = \"arbitrary_precision\")]",
            "        \"number\" => Ok(KeyClass::Number()),",
            "        #[cfg(feature = \"raw_value\")]",
            "        \"raw_value\" => Ok(KeyClass::RawValue()),",
            "        _ => Ok(KeyClass::Map(s)),",
            "    }",
            "}"
          ],
          "chain_tests": [
            {
              "attrs": [],
              "prefix": [],
              "oracles": [],
              "codes": [
                [
                  "{",
                  "    let result = visit_string::<TestError>(\"some_key\".to_string()).unwrap();",
                  "    assert_eq!(result.value, \"some_key\");",
                  "}"
                ]
              ],
              "can_compile": [
                {
                  "Err": "   Compiling proc-macro2 v1.0.95\n   Compiling serde v1.0.219\n   Compiling syn v1.0.109\n   Compiling libc v0.2.172\n   Compiling serde_json v1.0.140\n   Compiling target-triple v0.1.4\n   Compiling rustversion v1.0.20\n   Compiling ref-cast v1.0.24\n   Compiling psm v0.1.26\n   Compiling stacker v0.1.21\n   Compiling serde_json v1.0.140 (/home/abezbm/rust-utgen-test-crates-new/json)\n   Compiling quote v1.0.40\n   Compiling syn v2.0.101\n   Compiling serde_derive v1.0.219\n   Compiling ref-cast-impl v1.0.24\n   Compiling automod v1.0.15\n   Compiling ntest_test_cases v0.9.3\n   Compiling ntest_timeout v0.9.3\n   Compiling ntest v0.9.3\n   Compiling serde_spanned v0.6.8\n   Compiling toml_datetime v0.6.9\n   Compiling serde_bytes v0.11.17\n   Compiling serde_stacker v0.1.12\n   Compiling toml_edit v0.22.25\n   Compiling toml v0.8.21\n   Compiling trybuild v1.0.104\nwarning: unused import: `ntest::timeout`\n    --> src/value/de.rs:1504:8\n     |\n1504 |    use ntest::timeout;\n     |        ^^^^^^^^^^^^^^\n     |\n     = note: `#[warn(unused_imports)]` on by default\n\nerror[E0277]: the trait bound `TestError: StdError` is not satisfied\n    --> src/value/de.rs:1527:20\n     |\n1527 | impl de::Error for TestError {\n     |                    ^^^^^^^^^ the trait `StdError` is not implemented for `TestError`\n     |\nnote: required by a bound in `serde::de::Error`\n    --> /home/abezbm/.cargo/registry/src/index.crates.io-6f17d22bba15001f/serde-1.0.219/src/de/mod.rs:300:1\n     |\n300  | declare_error_trait!(Error: Sized + StdError);\n     | ^^^^^^^^^^^^^^^^^^^^^^^^^^^^^^^^^^^^^^^^^^^^^ required by this bound in `Error`\n     = note: this error originates in the macro `declare_error_trait` (in Nightly builds, run with -Z macro-backtrace for more info)\n\nerror[E0277]: `TestError` doesn't implement `Debug`\n    --> src/value/de.rs:1549:68\n     |\n1549 |     let result = visit_string::<TestError>(\"some_key\".to_string()).unwrap();\n     |                                                                    ^^^^^^ `TestError` cannot be formatted using `{:?}`\n     |\n     = help: the trait `Debug` is not implemented for `TestError`\n     = note: add `#[derive(Debug)]` to `TestError` or manually `impl Debug for TestError`\nnote: required by a bound in `std::result::Result::<T, E>::unwrap`\n    --> /home/abezbm/.rustup/toolchains/nightly-2024-07-21-x86_64-unknown-linux-gnu/lib/rustlib/src/rust/library/core/src/result.rs:1098:12\n     |\n1096 |     pub fn unwrap(self) -> T\n     |            ------ required by a bound in this associated function\n1097 |     where\n1098 |         E: fmt::Debug,\n     |            ^^^^^^^^^^ required by this bound in `Result::<T, E>::unwrap`\nhelp: consider annotating `TestError` with `#[derive(Debug)]`\n     |\n1526 + #[derive(Debug)]\n1527 | struct TestError;\n     |\n\nFor more information about this error, try `rustc --explain E0277`.\nwarning: `serde_json` (lib test) generated 1 warning\nerror: could not compile `serde_json` (lib test) due to 2 previous errors; 1 warning emitted\n"
                }
              ],
              "repaired": [
                false
              ]
            },
            {
              "attrs": [
                "#[cfg(feature = \"arbitrary_precision\")]"
              ],
              "prefix": [],
              "oracles": [],
              "codes": [
                [
                  "{",
                  "    let result = visit_string::<TestError>(\"number\".to_string()).unwrap();",
                  "    assert_eq!(result.value, \"number\");",
                  "}"
                ]
              ],
              "can_compile": [
                {
                  "Err": "   Compiling proc-macro2 v1.0.95\n   Compiling serde v1.0.219\n   Compiling syn v1.0.109\n   Compiling libc v0.2.172\n   Compiling target-triple v0.1.4\n   Compiling serde_json v1.0.140\n   Compiling rustversion v1.0.20\n   Compiling ref-cast v1.0.24\n   Compiling serde_json v1.0.140 (/home/abezbm/rust-utgen-test-crates-new/json)\n   Compiling psm v0.1.26\n   Compiling stacker v0.1.21\n   Compiling quote v1.0.40\n   Compiling syn v2.0.101\n   Compiling serde_derive v1.0.219\n   Compiling ref-cast-impl v1.0.24\n   Compiling automod v1.0.15\n   Compiling ntest_timeout v0.9.3\n   Compiling ntest_test_cases v0.9.3\n   Compiling ntest v0.9.3\n   Compiling serde_spanned v0.6.8\n   Compiling toml_datetime v0.6.9\n   Compiling serde_stacker v0.1.12\n   Compiling serde_bytes v0.11.17\n   Compiling toml_edit v0.22.25\n   Compiling toml v0.8.21\n   Compiling trybuild v1.0.104\nwarning: unused import: `ntest::timeout`\n    --> src/value/de.rs:1504:8\n     |\n1504 |    use ntest::timeout;\n     |        ^^^^^^^^^^^^^^\n     |\n     = note: `#[warn(unused_imports)]` on by default\n\nerror[E0277]: the trait bound `TestError: StdError` is not satisfied\n    --> src/value/de.rs:1527:20\n     |\n1527 | impl de::Error for TestError {\n     |                    ^^^^^^^^^ the trait `StdError` is not implemented for `TestError`\n     |\nnote: required by a bound in `serde::de::Error`\n    --> /home/abezbm/.cargo/registry/src/index.crates.io-6f17d22bba15001f/serde-1.0.219/src/de/mod.rs:300:1\n     |\n300  | declare_error_trait!(Error: Sized + StdError);\n     | ^^^^^^^^^^^^^^^^^^^^^^^^^^^^^^^^^^^^^^^^^^^^^ required by this bound in `Error`\n     = note: this error originates in the macro `declare_error_trait` (in Nightly builds, run with -Z macro-backtrace for more info)\n\nFor more information about this error, try `rustc --explain E0277`.\nwarning: `serde_json` (lib test) generated 1 warning\nerror: could not compile `serde_json` (lib test) due to 1 previous error; 1 warning emitted\n"
                }
              ],
              "repaired": [
                false
              ]
            },
            {
              "attrs": [
                "#[cfg(feature = \"raw_value\")]"
              ],
              "prefix": [],
              "oracles": [],
              "codes": [
                [
                  "{",
                  "    let result = visit_string::<TestError>(\"raw_value\".to_string()).unwrap();",
                  "    assert_eq!(result.value, \"raw_value\");",
                  "}"
                ]
              ],
              "can_compile": [
                {
                  "Err": "   Compiling proc-macro2 v1.0.95\n   Compiling serde v1.0.219\n   Compiling syn v1.0.109\n   Compiling libc v0.2.172\n   Compiling target-triple v0.1.4\n   Compiling serde_json v1.0.140\n   Compiling ref-cast v1.0.24\n   Compiling rustversion v1.0.20\n   Compiling serde_json v1.0.140 (/home/abezbm/rust-utgen-test-crates-new/json)\n   Compiling psm v0.1.26\n   Compiling stacker v0.1.21\n   Compiling quote v1.0.40\n   Compiling syn v2.0.101\n   Compiling serde_derive v1.0.219\n   Compiling ref-cast-impl v1.0.24\n   Compiling automod v1.0.15\n   Compiling ntest_timeout v0.9.3\n   Compiling ntest_test_cases v0.9.3\n   Compiling ntest v0.9.3\n   Compiling serde_spanned v0.6.8\n   Compiling toml_datetime v0.6.9\n   Compiling serde_bytes v0.11.17\n   Compiling serde_stacker v0.1.12\n   Compiling toml_edit v0.22.25\n   Compiling toml v0.8.21\n   Compiling trybuild v1.0.104\nwarning: unused import: `ntest::timeout`\n    --> src/value/de.rs:1504:8\n     |\n1504 |    use ntest::timeout;\n     |        ^^^^^^^^^^^^^^\n     |\n     = note: `#[warn(unused_imports)]` on by default\n\nerror[E0277]: the trait bound `TestError: StdError` is not satisfied\n    --> src/value/de.rs:1527:20\n     |\n1527 | impl de::Error for TestError {\n     |                    ^^^^^^^^^ the trait `StdError` is not implemented for `TestError`\n     |\nnote: required by a bound in `serde::de::Error`\n    --> /home/abezbm/.cargo/registry/src/index.crates.io-6f17d22bba15001f/serde-1.0.219/src/de/mod.rs:300:1\n     |\n300  | declare_error_trait!(Error: Sized + StdError);\n     | ^^^^^^^^^^^^^^^^^^^^^^^^^^^^^^^^^^^^^^^^^^^^^ required by this bound in `Error`\n     = note: this error originates in the macro `declare_error_trait` (in Nightly builds, run with -Z macro-backtrace for more info)\n\nFor more information about this error, try `rustc --explain E0277`.\nwarning: `serde_json` (lib test) generated 1 warning\nerror: could not compile `serde_json` (lib test) due to 1 previous error; 1 warning emitted\n"
                }
              ],
              "repaired": [
                false
              ]
            }
          ]
        }
      ]
    }
  ]
}