{
  "name": "serde_json::value::ser::<value::ser::Serializer as serde::Serializer>::serialize_u8",
  "name_with_impl": "serde_json::value::ser::{impl#1}::serialize_u8",
  "mod_info": {
    "name": "value::ser",
    "loc": "src/value/mod.rs:931:1:931:9"
  },
  "visible": true,
  "loc": "src/value/ser.rs:115:5:117:6",
  "fn_tests": [
    {
      "chain_id": 0,
      "prompt_conds": [],
      "input_infer": "",
      "answers": [
        {
          "uses": [
            "use serde_json::Value;",
            "use super::*;"
          ],
          "has_test_mod": true,
          "common": [
            "    struct Serializer;",
            "",
            "    impl Serializer {",
            "        fn serialize_u64(self, value: u64) -> Result<Value> {",
            "            // Imagine a simple serialization logic here",
            "            Ok(Value::Number(serde_json::Number::from(value)))",
            "        }",
            "        ",
            "        fn serialize_u8(self, value: u8) -> Result<Value> {",
            "            self.serialize_u64(value as u64)",
            "        }",
            "    }"
          ],
          "chain_tests": [
            {
              "attrs": [],
              "prefix": [],
              "oracles": [],
              "codes": [
                [
                  "{",
                  "    let serializer = Serializer;",
                  "    let result = serializer.serialize_u8(255);",
                  "    assert_eq!(result, Ok(Value::Number(serde_json::Number::from(255))));",
                  "}"
                ]
              ],
              "can_compile": [
                {
                  "Err": "   Compiling proc-macro2 v1.0.95\n   Compiling serde v1.0.219\n   Compiling syn v1.0.109\n   Compiling libc v0.2.172\n   Compiling serde_json v1.0.140\n   Compiling target-triple v0.1.4\n   Compiling rustversion v1.0.20\n   Compiling ref-cast v1.0.24\n   Compiling serde_json v1.0.140 (/home/abezbm/rust-utgen-test-crates-new/json)\n   Compiling psm v0.1.26\n   Compiling stacker v0.1.21\n   Compiling quote v1.0.40\n   Compiling syn v2.0.101\n   Compiling serde_derive v1.0.219\n   Compiling ref-cast-impl v1.0.24\n   Compiling automod v1.0.15\n   Compiling ntest_timeout v0.9.3\n   Compiling ntest_test_cases v0.9.3\n   Compiling ntest v0.9.3\n   Compiling serde_spanned v0.6.8\n   Compiling toml_datetime v0.6.9\n   Compiling serde_stacker v0.1.12\n   Compiling serde_bytes v0.11.17\n   Compiling toml_edit v0.22.25\n   Compiling toml v0.8.21\n   Compiling trybuild v1.0.104\nerror[E0433]: failed to resolve: use of undeclared crate or module `serde_json`\n    --> src/value/ser.rs:1073:30\n     |\n1073 |             Ok(Value::Number(serde_json::Number::from(value)))\n     |                              ^^^^^^^^^^ use of undeclared crate or module `serde_json`\n     |\nhelp: consider importing this struct\n     |\n1066 +    use crate::number::Number;\n     |\nhelp: if you import `Number`, refer to it directly\n     |\n1073 -             Ok(Value::Number(serde_json::Number::from(value)))\n1073 +             Ok(Value::Number(Number::from(value)))\n     |\n\nerror[E0433]: failed to resolve: use of undeclared crate or module `serde_json`\n    --> src/value/ser.rs:1086:41\n     |\n1086 |     assert_eq!(result, Ok(Value::Number(serde_json::Number::from(255))));\n     |                                         ^^^^^^^^^^ use of undeclared crate or module `serde_json`\n     |\nhelp: consider importing this struct\n     |\n1066 +    use crate::number::Number;\n     |\nhelp: if you import `Number`, refer to it directly\n     |\n1086 -     assert_eq!(result, Ok(Value::Number(serde_json::Number::from(255))));\n1086 +     assert_eq!(result, Ok(Value::Number(Number::from(255))));\n     |\n\nwarning: unused import: `ntest::timeout`\n    --> src/value/ser.rs:1067:8\n     |\n1067 |    use ntest::timeout;\n     |        ^^^^^^^^^^^^^^\n     |\n     = note: `#[warn(unused_imports)]` on by default\n\nerror[E0369]: binary operation `==` cannot be applied to type `std::result::Result<value::Value, error::Error>`\n    --> src/value/ser.rs:1086:5\n     |\n1086 |     assert_eq!(result, Ok(Value::Number(serde_json::Number::from(255))));\n     |     ^^^^^^^^^^^^^^^^^^^^^^^^^^^^^^^^^^^^^^^^^^^^^^^^^^^^^^^^^^^^^^^^^^^^\n     |     |\n     |     std::result::Result<value::Value, error::Error>\n     |     std::result::Result<value::Value, error::Error>\n     |\nnote: an implementation of `PartialEq` might be missing for `error::Error`\n    --> src/error.rs:17:1\n     |\n17   | pub struct Error {\n     | ^^^^^^^^^^^^^^^^ must implement `PartialEq`\n     = note: this error originates in the macro `assert_eq` (in Nightly builds, run with -Z macro-backtrace for more info)\nhelp: consider annotating `error::Error` with `#[derive(PartialEq)]`\n    -->  src/error.rs:17:1\n     |\n17   + #[derive(PartialEq)]\n18   | pub struct Error {\n     |\n\nSome errors have detailed explanations: E0369, E0433.\nFor more information about an error, try `rustc --explain E0369`.\nwarning: `serde_json` (lib test) generated 1 warning\nerror: could not compile `serde_json` (lib test) due to 3 previous errors; 1 warning emitted\n"
                }
              ],
              "repaired": [
                false
              ]
            },
            {
              "attrs": [],
              "prefix": [],
              "oracles": [],
              "codes": [
                [
                  "{",
                  "    let serializer = Serializer;",
                  "    let result = serializer.serialize_u8(0);",
                  "    assert_eq!(result, Ok(Value::Number(serde_json::Number::from(0))));",
                  "}"
                ]
              ],
              "can_compile": [
                {
                  "Err": "   Compiling proc-macro2 v1.0.95\n   Compiling serde v1.0.219\n   Compiling syn v1.0.109\n   Compiling libc v0.2.172\n   Compiling serde_json v1.0.140\n   Compiling target-triple v0.1.4\n   Compiling ref-cast v1.0.24\n   Compiling rustversion v1.0.20\n   Compiling serde_json v1.0.140 (/home/abezbm/rust-utgen-test-crates-new/json)\n   Compiling psm v0.1.26\n   Compiling stacker v0.1.21\n   Compiling quote v1.0.40\n   Compiling syn v2.0.101\n   Compiling serde_derive v1.0.219\n   Compiling ref-cast-impl v1.0.24\n   Compiling automod v1.0.15\n   Compiling ntest_timeout v0.9.3\n   Compiling ntest_test_cases v0.9.3\n   Compiling ntest v0.9.3\n   Compiling serde_spanned v0.6.8\n   Compiling toml_datetime v0.6.9\n   Compiling serde_bytes v0.11.17\n   Compiling serde_stacker v0.1.12\n   Compiling toml_edit v0.22.25\n   Compiling toml v0.8.21\n   Compiling trybuild v1.0.104\nerror[E0433]: failed to resolve: use of undeclared crate or module `serde_json`\n    --> src/value/ser.rs:1073:30\n     |\n1073 |             Ok(Value::Number(serde_json::Number::from(value)))\n     |                              ^^^^^^^^^^ use of undeclared crate or module `serde_json`\n     |\nhelp: consider importing this struct\n     |\n1066 +    use crate::number::Number;\n     |\nhelp: if you import `Number`, refer to it directly\n     |\n1073 -             Ok(Value::Number(serde_json::Number::from(value)))\n1073 +             Ok(Value::Number(Number::from(value)))\n     |\n\nerror[E0433]: failed to resolve: use of undeclared crate or module `serde_json`\n    --> src/value/ser.rs:1086:41\n     |\n1086 |     assert_eq!(result, Ok(Value::Number(serde_json::Number::from(0))));\n     |                                         ^^^^^^^^^^ use of undeclared crate or module `serde_json`\n     |\nhelp: consider importing this struct\n     |\n1066 +    use crate::number::Number;\n     |\nhelp: if you import `Number`, refer to it directly\n     |\n1086 -     assert_eq!(result, Ok(Value::Number(serde_json::Number::from(0))));\n1086 +     assert_eq!(result, Ok(Value::Number(Number::from(0))));\n     |\n\nwarning: unused import: `ntest::timeout`\n    --> src/value/ser.rs:1067:8\n     |\n1067 |    use ntest::timeout;\n     |        ^^^^^^^^^^^^^^\n     |\n     = note: `#[warn(unused_imports)]` on by default\n\nerror[E0369]: binary operation `==` cannot be applied to type `std::result::Result<value::Value, error::Error>`\n    --> src/value/ser.rs:1086:5\n     |\n1086 |     assert_eq!(result, Ok(Value::Number(serde_json::Number::from(0))));\n     |     ^^^^^^^^^^^^^^^^^^^^^^^^^^^^^^^^^^^^^^^^^^^^^^^^^^^^^^^^^^^^^^^^^^\n     |     |\n     |     std::result::Result<value::Value, error::Error>\n     |     std::result::Result<value::Value, error::Error>\n     |\nnote: an implementation of `PartialEq` might be missing for `error::Error`\n    --> src/error.rs:17:1\n     |\n17   | pub struct Error {\n     | ^^^^^^^^^^^^^^^^ must implement `PartialEq`\n     = note: this error originates in the macro `assert_eq` (in Nightly builds, run with -Z macro-backtrace for more info)\nhelp: consider annotating `error::Error` with `#[derive(PartialEq)]`\n    -->  src/error.rs:17:1\n     |\n17   + #[derive(PartialEq)]\n18   | pub struct Error {\n     |\n\nSome errors have detailed explanations: E0369, E0433.\nFor more information about an error, try `rustc --explain E0369`.\nwarning: `serde_json` (lib test) generated 1 warning\nerror: could not compile `serde_json` (lib test) due to 3 previous errors; 1 warning emitted\n"
                }
              ],
              "repaired": [
                false
              ]
            },
            {
              "attrs": [],
              "prefix": [],
              "oracles": [],
              "codes": [
                [
                  "{",
                  "    let serializer = Serializer;",
                  "    let result = serializer.serialize_u8(1);",
                  "    assert_eq!(result, Ok(Value::Number(serde_json::Number::from(1))));",
                  "}"
                ]
              ],
              "can_compile": [
                {
                  "Err": "   Compiling proc-macro2 v1.0.95\n   Compiling serde v1.0.219\n   Compiling syn v1.0.109\n   Compiling libc v0.2.172\n   Compiling target-triple v0.1.4\n   Compiling serde_json v1.0.140\n   Compiling rustversion v1.0.20\n   Compiling ref-cast v1.0.24\n   Compiling serde_json v1.0.140 (/home/abezbm/rust-utgen-test-crates-new/json)\n   Compiling psm v0.1.26\n   Compiling stacker v0.1.21\n   Compiling quote v1.0.40\n   Compiling syn v2.0.101\n   Compiling serde_derive v1.0.219\n   Compiling ref-cast-impl v1.0.24\n   Compiling automod v1.0.15\n   Compiling ntest_timeout v0.9.3\n   Compiling ntest_test_cases v0.9.3\n   Compiling ntest v0.9.3\n   Compiling toml_datetime v0.6.9\n   Compiling serde_spanned v0.6.8\n   Compiling serde_stacker v0.1.12\n   Compiling serde_bytes v0.11.17\n   Compiling toml_edit v0.22.25\n   Compiling toml v0.8.21\n   Compiling trybuild v1.0.104\nerror[E0433]: failed to resolve: use of undeclared crate or module `serde_json`\n    --> src/value/ser.rs:1073:30\n     |\n1073 |             Ok(Value::Number(serde_json::Number::from(value)))\n     |                              ^^^^^^^^^^ use of undeclared crate or module `serde_json`\n     |\nhelp: consider importing this struct\n     |\n1066 +    use crate::number::Number;\n     |\nhelp: if you import `Number`, refer to it directly\n     |\n1073 -             Ok(Value::Number(serde_json::Number::from(value)))\n1073 +             Ok(Value::Number(Number::from(value)))\n     |\n\nerror[E0433]: failed to resolve: use of undeclared crate or module `serde_json`\n    --> src/value/ser.rs:1086:41\n     |\n1086 |     assert_eq!(result, Ok(Value::Number(serde_json::Number::from(1))));\n     |                                         ^^^^^^^^^^ use of undeclared crate or module `serde_json`\n     |\nhelp: consider importing this struct\n     |\n1066 +    use crate::number::Number;\n     |\nhelp: if you import `Number`, refer to it directly\n     |\n1086 -     assert_eq!(result, Ok(Value::Number(serde_json::Number::from(1))));\n1086 +     assert_eq!(result, Ok(Value::Number(Number::from(1))));\n     |\n\nwarning: unused import: `ntest::timeout`\n    --> src/value/ser.rs:1067:8\n     |\n1067 |    use ntest::timeout;\n     |        ^^^^^^^^^^^^^^\n     |\n     = note: `#[warn(unused_imports)]` on by default\n\nerror[E0369]: binary operation `==` cannot be applied to type `std::result::Result<value::Value, error::Error>`\n    --> src/value/ser.rs:1086:5\n     |\n1086 |     assert_eq!(result, Ok(Value::Number(serde_json::Number::from(1))));\n     |     ^^^^^^^^^^^^^^^^^^^^^^^^^^^^^^^^^^^^^^^^^^^^^^^^^^^^^^^^^^^^^^^^^^\n     |     |\n     |     std::result::Result<value::Value, error::Error>\n     |     std::result::Result<value::Value, error::Error>\n     |\nnote: an implementation of `PartialEq` might be missing for `error::Error`\n    --> src/error.rs:17:1\n     |\n17   | pub struct Error {\n     | ^^^^^^^^^^^^^^^^ must implement `PartialEq`\n     = note: this error originates in the macro `assert_eq` (in Nightly builds, run with -Z macro-backtrace for more info)\nhelp: consider annotating `error::Error` with `#[derive(PartialEq)]`\n    -->  src/error.rs:17:1\n     |\n17   + #[derive(PartialEq)]\n18   | pub struct Error {\n     |\n\nSome errors have detailed explanations: E0369, E0433.\nFor more information about an error, try `rustc --explain E0369`.\nwarning: `serde_json` (lib test) generated 1 warning\nerror: could not compile `serde_json` (lib test) due to 3 previous errors; 1 warning emitted\n"
                }
              ],
              "repaired": [
                false
              ]
            }
          ]
        }
      ]
    }
  ]
}