{
  "name": "serde_json::iter::iter::LineColIterator<I>::line",
  "name_with_impl": "serde_json::iter::{impl#0}::line",
  "mod_info": {
    "name": "iter",
    "loc": "src/lib.rs:430:1:430:10"
  },
  "visible": true,
  "loc": "src/iter.rs:35:5:37:6",
  "fn_tests": [
    {
      "chain_id": 0,
      "prompt_conds": [],
      "input_infer": "",
      "answers": [
        {
          "uses": [],
          "has_test_mod": false,
          "common": [],
          "chain_tests": [
            {
              "attrs": [],
              "prefix": [],
              "oracles": [],
              "codes": [
                [
                  "{",
                  "    struct TestStruct {",
                  "        line: usize,",
                  "    }",
                  "    ",
                  "    impl TestStruct {",
                  "        pub fn new(line: usize) -> Self {",
                  "            TestStruct { line }",
                  "        }",
                  "    }",
                  "    ",
                  "    let instance = TestStruct::new(42);",
                  "    assert_eq!(instance.line(), 42);",
                  "}"
                ]
              ],
              "can_compile": [
                {
                  "Err": "   Compiling proc-macro2 v1.0.95\n   Compiling serde v1.0.219\n   Compiling syn v1.0.109\n   Compiling libc v0.2.172\n   Compiling target-triple v0.1.4\n   Compiling serde_json v1.0.140\n   Compiling rustversion v1.0.20\n   Compiling ref-cast v1.0.24\n   Compiling serde_json v1.0.140 (/home/abezbm/rust-utgen-test-crates-new/json)\n   Compiling psm v0.1.26\n   Compiling stacker v0.1.21\n   Compiling quote v1.0.40\n   Compiling syn v2.0.101\n   Compiling serde_derive v1.0.219\n   Compiling ref-cast-impl v1.0.24\n   Compiling automod v1.0.15\n   Compiling ntest_test_cases v0.9.3\n   Compiling ntest_timeout v0.9.3\n   Compiling ntest v0.9.3\n   Compiling serde_spanned v0.6.8\n   Compiling toml_datetime v0.6.9\n   Compiling serde_bytes v0.11.17\n   Compiling serde_stacker v0.1.12\n   Compiling toml_edit v0.22.25\n   Compiling toml v0.8.21\n   Compiling trybuild v1.0.104\nwarning: unused import: `super::*`\n  --> src/iter.rs:73:8\n   |\n73 |    use super::*;\n   |        ^^^^^^^^\n   |\n   = note: `#[warn(unused_imports)]` on by default\n\nwarning: unused import: `ntest::timeout`\n  --> src/iter.rs:74:8\n   |\n74 |    use ntest::timeout;\n   |        ^^^^^^^^^^^^^^\n\nerror[E0599]: no method named `line` found for struct `TestStruct` in the current scope\n  --> src/iter.rs:89:25\n   |\n78 |     struct TestStruct {\n   |     ----------------- method `line` not found for this struct\n...\n89 |     assert_eq!(instance.line(), 42);\n   |                         ^^^^-- help: remove the arguments\n   |                         |\n   |                         field, not a method\n\nFor more information about this error, try `rustc --explain E0599`.\nwarning: `serde_json` (lib test) generated 2 warnings\nerror: could not compile `serde_json` (lib test) due to 1 previous error; 2 warnings emitted\n"
                }
              ],
              "repaired": [
                false
              ]
            },
            {
              "attrs": [],
              "prefix": [],
              "oracles": [],
              "codes": [
                [
                  "{",
                  "    struct TestStruct {",
                  "        line: usize,",
                  "    }",
                  "    ",
                  "    impl TestStruct {",
                  "        pub fn new(line: usize) -> Self {",
                  "            TestStruct { line }",
                  "        }",
                  "    }",
                  "    ",
                  "    let instance = TestStruct::new(0);",
                  "    assert_eq!(instance.line(), 0);",
                  "}"
                ]
              ],
              "can_compile": [
                {
                  "Err": "   Compiling proc-macro2 v1.0.95\n   Compiling serde v1.0.219\n   Compiling syn v1.0.109\n   Compiling libc v0.2.172\n   Compiling serde_json v1.0.140\n   Compiling target-triple v0.1.4\n   Compiling ref-cast v1.0.24\n   Compiling rustversion v1.0.20\n   Compiling serde_json v1.0.140 (/home/abezbm/rust-utgen-test-crates-new/json)\n   Compiling psm v0.1.26\n   Compiling stacker v0.1.21\n   Compiling quote v1.0.40\n   Compiling syn v2.0.101\n   Compiling serde_derive v1.0.219\n   Compiling ref-cast-impl v1.0.24\n   Compiling automod v1.0.15\n   Compiling ntest_test_cases v0.9.3\n   Compiling ntest_timeout v0.9.3\n   Compiling ntest v0.9.3\n   Compiling toml_datetime v0.6.9\n   Compiling serde_spanned v0.6.8\n   Compiling serde_stacker v0.1.12\n   Compiling serde_bytes v0.11.17\n   Compiling toml_edit v0.22.25\n   Compiling toml v0.8.21\n   Compiling trybuild v1.0.104\nwarning: unused import: `super::*`\n  --> src/iter.rs:73:8\n   |\n73 |    use super::*;\n   |        ^^^^^^^^\n   |\n   = note: `#[warn(unused_imports)]` on by default\n\nwarning: unused import: `ntest::timeout`\n  --> src/iter.rs:74:8\n   |\n74 |    use ntest::timeout;\n   |        ^^^^^^^^^^^^^^\n\nerror[E0599]: no method named `line` found for struct `TestStruct` in the current scope\n  --> src/iter.rs:89:25\n   |\n78 |     struct TestStruct {\n   |     ----------------- method `line` not found for this struct\n...\n89 |     assert_eq!(instance.line(), 0);\n   |                         ^^^^-- help: remove the arguments\n   |                         |\n   |                         field, not a method\n\nFor more information about this error, try `rustc --explain E0599`.\nwarning: `serde_json` (lib test) generated 2 warnings\nerror: could not compile `serde_json` (lib test) due to 1 previous error; 2 warnings emitted\n"
                }
              ],
              "repaired": [
                false
              ]
            },
            {
              "attrs": [],
              "prefix": [],
              "oracles": [],
              "codes": [
                [
                  "{",
                  "    struct TestStruct {",
                  "        line: usize,",
                  "    }",
                  "    ",
                  "    impl TestStruct {",
                  "        pub fn new(line: usize) -> Self {",
                  "            TestStruct { line }",
                  "        }",
                  "    }",
                  "    ",
                  "    let instance = TestStruct::new(usize::MAX);",
                  "    assert_eq!(instance.line(), usize::MAX);",
                  "}"
                ]
              ],
              "can_compile": [
                {
                  "Err": "   Compiling proc-macro2 v1.0.95\n   Compiling serde v1.0.219\n   Compiling syn v1.0.109\n   Compiling libc v0.2.172\n   Compiling target-triple v0.1.4\n   Compiling serde_json v1.0.140\n   Compiling ref-cast v1.0.24\n   Compiling rustversion v1.0.20\n   Compiling serde_json v1.0.140 (/home/abezbm/rust-utgen-test-crates-new/json)\n   Compiling psm v0.1.26\n   Compiling stacker v0.1.21\n   Compiling quote v1.0.40\n   Compiling syn v2.0.101\n   Compiling serde_derive v1.0.219\n   Compiling ref-cast-impl v1.0.24\n   Compiling automod v1.0.15\n   Compiling ntest_timeout v0.9.3\n   Compiling ntest_test_cases v0.9.3\n   Compiling ntest v0.9.3\n   Compiling serde_spanned v0.6.8\n   Compiling toml_datetime v0.6.9\n   Compiling serde_bytes v0.11.17\n   Compiling serde_stacker v0.1.12\n   Compiling toml_edit v0.22.25\n   Compiling toml v0.8.21\n   Compiling trybuild v1.0.104\nwarning: unused import: `super::*`\n  --> src/iter.rs:73:8\n   |\n73 |    use super::*;\n   |        ^^^^^^^^\n   |\n   = note: `#[warn(unused_imports)]` on by default\n\nwarning: unused import: `ntest::timeout`\n  --> src/iter.rs:74:8\n   |\n74 |    use ntest::timeout;\n   |        ^^^^^^^^^^^^^^\n\nerror[E0599]: no method named `line` found for struct `TestStruct` in the current scope\n  --> src/iter.rs:89:25\n   |\n78 |     struct TestStruct {\n   |     ----------------- method `line` not found for this struct\n...\n89 |     assert_eq!(instance.line(), usize::MAX);\n   |                         ^^^^-- help: remove the arguments\n   |                         |\n   |                         field, not a method\n\nFor more information about this error, try `rustc --explain E0599`.\nwarning: `serde_json` (lib test) generated 2 warnings\nerror: could not compile `serde_json` (lib test) due to 1 previous error; 2 warnings emitted\n"
                }
              ],
              "repaired": [
                false
              ]
            }
          ]
        }
      ]
    }
  ]
}