{
  "name": "serde_json::value::de::<value::de::VariantDeserializer as serde::de::VariantAccess<'de>>::struct_variant",
  "name_with_impl": "serde_json::value::de::{impl#7}::struct_variant",
  "mod_info": {
    "name": "value::de",
    "loc": "src/value/mod.rs:927:1:927:8"
  },
  "visible": true,
  "loc": "src/value/de.rs:592:5:611:6",
  "fn_tests": [
    {
      "chain_id": 0,
      "prompt_conds": [],
      "input_infer": "",
      "answers": [
        {
          "uses": [
            "use serde::de;",
            "use std::marker::PhantomData;",
            "use serde_json::Value;",
            "use serde::de::Visitor;"
          ],
          "has_test_mod": false,
          "common": [],
          "chain_tests": [
            {
              "attrs": [],
              "prefix": [],
              "oracles": [],
              "codes": [
                [
                  "{",
                  "    use serde::de::{self, Visitor};",
                  "    use serde_json::Value;",
                  "    use std::marker::PhantomData;",
                  "",
                  "    struct TestVisitor {",
                  "        _phantom: PhantomData<()>,",
                  "    }",
                  "",
                  "    impl<'de> Visitor<'de> for TestVisitor {",
                  "        type Value = Value;",
                  "",
                  "        fn expecting(&self, formatter: &mut std::fmt::Formatter) -> std::fmt::Result {",
                  "            formatter.write_str(\"a struct variant\")",
                  "        }",
                  "",
                  "        fn visit_map<M>(self, _map: M) -> Result<Self::Value, de::Error>",
                  "        where",
                  "            M: serde::de::MapAccess<'de>,",
                  "        {",
                  "            Ok(Value::Object(serde_json::Map::new()))",
                  "        }",
                  "    }",
                  "",
                  "    struct TestStruct {",
                  "        value: Option<Value>,",
                  "    }",
                  "",
                  "    impl TestStruct {",
                  "        fn struct_variant<V>(",
                  "            self,",
                  "            _fields: &'static [&'static str],",
                  "            visitor: V,",
                  "        ) -> Result<V::Value, de::Error>",
                  "        where",
                  "            V: Visitor<'de>,",
                  "        {",
                  "            match self.value {",
                  "                Some(Value::Object(v)) => v.deserialize_any(visitor),",
                  "                Some(other) => Err(de::Error::invalid_type(",
                  "                    other.unexpected(),",
                  "                    &\"struct variant\",",
                  "                )),",
                  "                None => Err(de::Error::invalid_type(",
                  "                    de::Unexpected::UnitVariant,",
                  "                    &\"struct variant\",",
                  "                )),",
                  "            }",
                  "        }",
                  "    }",
                  "",
                  "    let test_struct = TestStruct {",
                  "        value: Some(Value::Object(serde_json::Map::new())),",
                  "    };",
                  "",
                  "    let result = test_struct.struct_variant(&[\"field1\", \"field2\"], TestVisitor { _phantom: PhantomData });",
                  "    assert!(result.is_ok());",
                  "}"
                ]
              ],
              "can_compile": [
                {
                  "Err": "   Compiling proc-macro2 v1.0.95\n   Compiling serde v1.0.219\n   Compiling syn v1.0.109\n   Compiling libc v0.2.172\n   Compiling target-triple v0.1.4\n   Compiling serde_json v1.0.140\n   Compiling rustversion v1.0.20\n   Compiling ref-cast v1.0.24\n   Compiling serde_json v1.0.140 (/home/abezbm/rust-utgen-test-crates-new/json)\n   Compiling psm v0.1.26\n   Compiling stacker v0.1.21\n   Compiling quote v1.0.40\n   Compiling syn v2.0.101\n   Compiling serde_derive v1.0.219\n   Compiling ref-cast-impl v1.0.24\n   Compiling automod v1.0.15\n   Compiling ntest_timeout v0.9.3\n   Compiling ntest_test_cases v0.9.3\n   Compiling ntest v0.9.3\n   Compiling toml_datetime v0.6.9\n   Compiling serde_spanned v0.6.8\n   Compiling serde_stacker v0.1.12\n   Compiling serde_bytes v0.11.17\n   Compiling toml_edit v0.22.25\n   Compiling toml v0.8.21\n   Compiling trybuild v1.0.104\nerror[E0432]: unresolved import `serde_json`\n    --> src/value/de.rs:1509:9\n     |\n1509 |     use serde_json::Value;\n     |         ^^^^^^^^^^ use of undeclared crate or module `serde_json`\n\nerror[E0261]: use of undeclared lifetime name `'de`\n    --> src/value/de.rs:1542:24\n     |\n1542 |             V: Visitor<'de>,\n     |                        ^^^ undeclared lifetime\n     |\n     = note: for more information on higher-ranked polymorphism, visit https://doc.rust-lang.org/nomicon/hrtb.html\nhelp: consider making the bound lifetime-generic with a new `'de` lifetime\n     |\n1542 |             V: for<'de> Visitor<'de>,\n     |                ++++++++\nhelp: consider making the bound lifetime-generic with a new `'de` lifetime\n     |\n1542 |             for<'de> V: Visitor<'de>,\n     |             ++++++++\nhelp: consider introducing lifetime `'de` here\n     |\n1536 |         fn struct_variant<'de, V>(\n     |                           ++++\nhelp: consider introducing lifetime `'de` here\n     |\n1535 |     impl<'de> TestStruct {\n     |         +++++\n\nerror[E0433]: failed to resolve: use of undeclared crate or module `serde_json`\n    --> src/value/de.rs:1527:30\n     |\n1527 |             Ok(Value::Object(serde_json::Map::new()))\n     |                              ^^^^^^^^^^ use of undeclared crate or module `serde_json`\n     |\nhelp: consider importing one of these structs\n     |\n1503 +    use crate::value::Map;\n     |\n1503 +    use std::iter::Map;\n     |\nhelp: if you import `Map`, refer to it directly\n     |\n1527 -             Ok(Value::Object(serde_json::Map::new()))\n1527 +             Ok(Value::Object(Map::new()))\n     |\n\nerror[E0433]: failed to resolve: use of undeclared crate or module `serde_json`\n    --> src/value/de.rs:1559:35\n     |\n1559 |         value: Some(Value::Object(serde_json::Map::new())),\n     |                                   ^^^^^^^^^^ use of undeclared crate or module `serde_json`\n     |\nhelp: consider importing one of these structs\n     |\n1503 +    use crate::value::Map;\n     |\n1503 +    use std::iter::Map;\n     |\nhelp: if you import `Map`, refer to it directly\n     |\n1559 -         value: Some(Value::Object(serde_json::Map::new())),\n1559 +         value: Some(Value::Object(Map::new())),\n     |\n\nwarning: unused import: `ntest::timeout`\n    --> src/value/de.rs:1504:8\n     |\n1504 |    use ntest::timeout;\n     |        ^^^^^^^^^^^^^^\n     |\n     = note: `#[warn(unused_imports)]` on by default\n\nerror[E0038]: the trait `serde::de::Error` cannot be made into an object\n    --> src/value/de.rs:1523:63\n     |\n1523 |         fn visit_map<M>(self, _map: M) -> Result<Self::Value, de::Error>\n     |                                                               ^^^^^^^^^ `serde::de::Error` cannot be made into an object\n     |\n     = note: the trait cannot be made into an object because it requires `Self: Sized`\n     = note: for a trait to be \"object safe\" it needs to allow building a vtable to allow the call to be resolvable dynamically; for more information visit <https://doc.rust-lang.org/reference/items/traits.html#object-safety>\n     = help: the following types implement the trait, consider defining an enum where each variant holds one of these types, implementing `serde::de::Error` for this new enum and using it instead:\n               error::Error\n               serde::de::value::Error\n               serde_json::Error\n               toml::de::Error\n               toml_edit::de::Error\n\nerror[E0038]: the trait `serde::de::Error` cannot be made into an object\n    --> src/value/de.rs:1540:31\n     |\n1540 |         ) -> Result<V::Value, de::Error>\n     |                               ^^^^^^^^^ `serde::de::Error` cannot be made into an object\n     |\n     = note: the trait cannot be made into an object because it requires `Self: Sized`\n     = note: for a trait to be \"object safe\" it needs to allow building a vtable to allow the call to be resolvable dynamically; for more information visit <https://doc.rust-lang.org/reference/items/traits.html#object-safety>\n     = help: the following types implement the trait, consider defining an enum where each variant holds one of these types, implementing `serde::de::Error` for this new enum and using it instead:\n               error::Error\n               serde::de::value::Error\n               serde_json::Error\n               toml::de::Error\n               toml_edit::de::Error\n\nerror[E0038]: the trait `serde::de::Error` cannot be made into an object\n    --> src/value/de.rs:1562:30\n     |\n1562 |     let result = test_struct.struct_variant(&[\"field1\", \"field2\"], TestVisitor { _phantom: PhantomData });\n     |                              ^^^^^^^^^^^^^^ `serde::de::Error` cannot be made into an object\n     |\n     = note: the trait cannot be made into an object because it requires `Self: Sized`\n     = note: for a trait to be \"object safe\" it needs to allow building a vtable to allow the call to be resolvable dynamically; for more information visit <https://doc.rust-lang.org/reference/items/traits.html#object-safety>\n     = help: the following types implement the trait, consider defining an enum where each variant holds one of these types, implementing `serde::de::Error` for this new enum and using it instead:\n               error::Error\n               serde::de::value::Error\n               serde_json::Error\n               toml::de::Error\n               toml_edit::de::Error\n\nwarning: unused import: `super`\n    --> src/value/de.rs:1503:8\n     |\n1503 |    use super::*;\n     |        ^^^^^\n\nerror[E0782]: trait objects must include the `dyn` keyword\n    --> src/value/de.rs:1523:63\n     |\n1523 |         fn visit_map<M>(self, _map: M) -> Result<Self::Value, de::Error>\n     |                                                               ^^^^^^^^^\n     |\nhelp: add `dyn` keyword before this trait\n     |\n1523 |         fn visit_map<M>(self, _map: M) -> Result<Self::Value, dyn de::Error>\n     |                                                               +++\n\nerror[E0782]: trait objects must include the `dyn` keyword\n    --> src/value/de.rs:1540:31\n     |\n1540 |         ) -> Result<V::Value, de::Error>\n     |                               ^^^^^^^^^\n     |\nhelp: add `dyn` keyword before this trait\n     |\n1540 |         ) -> Result<V::Value, dyn de::Error>\n     |                               +++\n\nSome errors have detailed explanations: E0038, E0261, E0432, E0433, E0782.\nFor more information about an error, try `rustc --explain E0038`.\nwarning: `serde_json` (lib test) generated 2 warnings\nerror: could not compile `serde_json` (lib test) due to 9 previous errors; 2 warnings emitted\n"
                }
              ],
              "repaired": [
                false
              ]
            },
            {
              "attrs": [],
              "prefix": [],
              "oracles": [],
              "codes": [
                [
                  "{",
                  "    use serde::de::{self, Visitor};",
                  "    use serde_json::Value;",
                  "    use std::marker::PhantomData;",
                  "",
                  "    struct TestVisitor {",
                  "        _phantom: PhantomData<()>,",
                  "    }",
                  "",
                  "    impl<'de> Visitor<'de> for TestVisitor {",
                  "        type Value = Value;",
                  "",
                  "        fn expecting(&self, formatter: &mut std::fmt::Formatter) -> std::fmt::Result {",
                  "            formatter.write_str(\"a struct variant\")",
                  "        }",
                  "",
                  "        fn visit_map<M>(self, _map: M) -> Result<Self::Value, de::Error>",
                  "        where",
                  "            M: serde::de::MapAccess<'de>,",
                  "        {",
                  "            Ok(Value::Object(serde_json::Map::new()))",
                  "        }",
                  "    }",
                  "",
                  "    struct TestStruct {",
                  "        value: Option<Value>,",
                  "    }",
                  "",
                  "    impl TestStruct {",
                  "        fn struct_variant<V>(",
                  "            self,",
                  "            _fields: &'static [&'static str],",
                  "            visitor: V,",
                  "        ) -> Result<V::Value, de::Error>",
                  "        where",
                  "            V: Visitor<'de>,",
                  "        {",
                  "            match self.value {",
                  "                Some(Value::Object(v)) => v.deserialize_any(visitor),",
                  "                Some(other) => Err(de::Error::invalid_type(",
                  "                    other.unexpected(),",
                  "                    &\"struct variant\",",
                  "                )),",
                  "                None => Err(de::Error::invalid_type(",
                  "                    de::Unexpected::UnitVariant,",
                  "                    &\"struct variant\",",
                  "                )),",
                  "            }",
                  "        }",
                  "    }",
                  "",
                  "    let test_struct = TestStruct {",
                  "        value: Some(Value::Bool(true)),",
                  "    };",
                  "",
                  "    let result = test_struct.struct_variant(&[\"field1\", \"field2\"], TestVisitor { _phantom: PhantomData });",
                  "    assert!(result.is_err());",
                  "}"
                ]
              ],
              "can_compile": [
                {
                  "Err": "   Compiling proc-macro2 v1.0.95\n   Compiling serde v1.0.219\n   Compiling syn v1.0.109\n   Compiling libc v0.2.172\n   Compiling serde_json v1.0.140\n   Compiling target-triple v0.1.4\n   Compiling rustversion v1.0.20\n   Compiling ref-cast v1.0.24\n   Compiling serde_json v1.0.140 (/home/abezbm/rust-utgen-test-crates-new/json)\n   Compiling psm v0.1.26\n   Compiling stacker v0.1.21\n   Compiling quote v1.0.40\n   Compiling syn v2.0.101\n   Compiling serde_derive v1.0.219\n   Compiling ref-cast-impl v1.0.24\n   Compiling automod v1.0.15\n   Compiling ntest_test_cases v0.9.3\n   Compiling ntest_timeout v0.9.3\n   Compiling ntest v0.9.3\n   Compiling toml_datetime v0.6.9\n   Compiling serde_spanned v0.6.8\n   Compiling serde_stacker v0.1.12\n   Compiling serde_bytes v0.11.17\n   Compiling toml_edit v0.22.25\n   Compiling toml v0.8.21\n   Compiling trybuild v1.0.104\nerror[E0432]: unresolved import `serde_json`\n    --> src/value/de.rs:1509:9\n     |\n1509 |     use serde_json::Value;\n     |         ^^^^^^^^^^ use of undeclared crate or module `serde_json`\n\nerror[E0261]: use of undeclared lifetime name `'de`\n    --> src/value/de.rs:1542:24\n     |\n1542 |             V: Visitor<'de>,\n     |                        ^^^ undeclared lifetime\n     |\n     = note: for more information on higher-ranked polymorphism, visit https://doc.rust-lang.org/nomicon/hrtb.html\nhelp: consider making the bound lifetime-generic with a new `'de` lifetime\n     |\n1542 |             V: for<'de> Visitor<'de>,\n     |                ++++++++\nhelp: consider making the bound lifetime-generic with a new `'de` lifetime\n     |\n1542 |             for<'de> V: Visitor<'de>,\n     |             ++++++++\nhelp: consider introducing lifetime `'de` here\n     |\n1536 |         fn struct_variant<'de, V>(\n     |                           ++++\nhelp: consider introducing lifetime `'de` here\n     |\n1535 |     impl<'de> TestStruct {\n     |         +++++\n\nerror[E0433]: failed to resolve: use of undeclared crate or module `serde_json`\n    --> src/value/de.rs:1527:30\n     |\n1527 |             Ok(Value::Object(serde_json::Map::new()))\n     |                              ^^^^^^^^^^ use of undeclared crate or module `serde_json`\n     |\nhelp: consider importing one of these structs\n     |\n1503 +    use crate::value::Map;\n     |\n1503 +    use std::iter::Map;\n     |\nhelp: if you import `Map`, refer to it directly\n     |\n1527 -             Ok(Value::Object(serde_json::Map::new()))\n1527 +             Ok(Value::Object(Map::new()))\n     |\n\nwarning: unused import: `ntest::timeout`\n    --> src/value/de.rs:1504:8\n     |\n1504 |    use ntest::timeout;\n     |        ^^^^^^^^^^^^^^\n     |\n     = note: `#[warn(unused_imports)]` on by default\n\nerror[E0038]: the trait `serde::de::Error` cannot be made into an object\n    --> src/value/de.rs:1523:63\n     |\n1523 |         fn visit_map<M>(self, _map: M) -> Result<Self::Value, de::Error>\n     |                                                               ^^^^^^^^^ `serde::de::Error` cannot be made into an object\n     |\n     = note: the trait cannot be made into an object because it requires `Self: Sized`\n     = note: for a trait to be \"object safe\" it needs to allow building a vtable to allow the call to be resolvable dynamically; for more information visit <https://doc.rust-lang.org/reference/items/traits.html#object-safety>\n     = help: the following types implement the trait, consider defining an enum where each variant holds one of these types, implementing `serde::de::Error` for this new enum and using it instead:\n               error::Error\n               serde::de::value::Error\n               serde_json::Error\n               toml::de::Error\n               toml_edit::de::Error\n\nerror[E0038]: the trait `serde::de::Error` cannot be made into an object\n    --> src/value/de.rs:1540:31\n     |\n1540 |         ) -> Result<V::Value, de::Error>\n     |                               ^^^^^^^^^ `serde::de::Error` cannot be made into an object\n     |\n     = note: the trait cannot be made into an object because it requires `Self: Sized`\n     = note: for a trait to be \"object safe\" it needs to allow building a vtable to allow the call to be resolvable dynamically; for more information visit <https://doc.rust-lang.org/reference/items/traits.html#object-safety>\n     = help: the following types implement the trait, consider defining an enum where each variant holds one of these types, implementing `serde::de::Error` for this new enum and using it instead:\n               error::Error\n               serde::de::value::Error\n               serde_json::Error\n               toml::de::Error\n               toml_edit::de::Error\n\nerror[E0038]: the trait `serde::de::Error` cannot be made into an object\n    --> src/value/de.rs:1562:30\n     |\n1562 |     let result = test_struct.struct_variant(&[\"field1\", \"field2\"], TestVisitor { _phantom: PhantomData });\n     |                              ^^^^^^^^^^^^^^ `serde::de::Error` cannot be made into an object\n     |\n     = note: the trait cannot be made into an object because it requires `Self: Sized`\n     = note: for a trait to be \"object safe\" it needs to allow building a vtable to allow the call to be resolvable dynamically; for more information visit <https://doc.rust-lang.org/reference/items/traits.html#object-safety>\n     = help: the following types implement the trait, consider defining an enum where each variant holds one of these types, implementing `serde::de::Error` for this new enum and using it instead:\n               error::Error\n               serde::de::value::Error\n               serde_json::Error\n               toml::de::Error\n               toml_edit::de::Error\n\nwarning: unused import: `super`\n    --> src/value/de.rs:1503:8\n     |\n1503 |    use super::*;\n     |        ^^^^^\n\nerror[E0782]: trait objects must include the `dyn` keyword\n    --> src/value/de.rs:1523:63\n     |\n1523 |         fn visit_map<M>(self, _map: M) -> Result<Self::Value, de::Error>\n     |                                                               ^^^^^^^^^\n     |\nhelp: add `dyn` keyword before this trait\n     |\n1523 |         fn visit_map<M>(self, _map: M) -> Result<Self::Value, dyn de::Error>\n     |                                                               +++\n\nerror[E0782]: trait objects must include the `dyn` keyword\n    --> src/value/de.rs:1540:31\n     |\n1540 |         ) -> Result<V::Value, de::Error>\n     |                               ^^^^^^^^^\n     |\nhelp: add `dyn` keyword before this trait\n     |\n1540 |         ) -> Result<V::Value, dyn de::Error>\n     |                               +++\n\nSome errors have detailed explanations: E0038, E0261, E0432, E0433, E0782.\nFor more information about an error, try `rustc --explain E0038`.\nwarning: `serde_json` (lib test) generated 2 warnings\nerror: could not compile `serde_json` (lib test) due to 8 previous errors; 2 warnings emitted\n"
                }
              ],
              "repaired": [
                false
              ]
            },
            {
              "attrs": [],
              "prefix": [],
              "oracles": [],
              "codes": [
                [
                  "{",
                  "    use serde::de::{self, Visitor};",
                  "    use serde_json::Value;",
                  "    use std::marker::PhantomData;",
                  "",
                  "    struct TestVisitor {",
                  "        _phantom: PhantomData<()>,",
                  "    }",
                  "",
                  "    impl<'de> Visitor<'de> for TestVisitor {",
                  "        type Value = Value;",
                  "",
                  "        fn expecting(&self, formatter: &mut std::fmt::Formatter) -> std::fmt::Result {",
                  "            formatter.write_str(\"a struct variant\")",
                  "        }",
                  "",
                  "        fn visit_map<M>(self, _map: M) -> Result<Self::Value, de::Error>",
                  "        where",
                  "            M: serde::de::MapAccess<'de>,",
                  "        {",
                  "            Ok(Value::Object(serde_json::Map::new()))",
                  "        }",
                  "    }",
                  "",
                  "    struct TestStruct {",
                  "        value: Option<Value>,",
                  "    }",
                  "",
                  "    impl TestStruct {",
                  "        fn struct_variant<V>(",
                  "            self,",
                  "            _fields: &'static [&'static str],",
                  "            visitor: V,",
                  "        ) -> Result<V::Value, de::Error>",
                  "        where",
                  "            V: Visitor<'de>,",
                  "        {",
                  "            match self.value {",
                  "                Some(Value::Object(v)) => v.deserialize_any(visitor),",
                  "                Some(other) => Err(de::Error::invalid_type(",
                  "                    other.unexpected(),",
                  "                    &\"struct variant\",",
                  "                )),",
                  "                None => Err(de::Error::invalid_type(",
                  "                    de::Unexpected::UnitVariant,",
                  "                    &\"struct variant\",",
                  "                )),",
                  "            }",
                  "        }",
                  "    }",
                  "",
                  "    let test_struct = TestStruct { value: None };",
                  "    let result = test_struct.struct_variant(&[\"field1\", \"field2\"], TestVisitor { _phantom: PhantomData });",
                  "    assert!(result.is_err());",
                  "}"
                ]
              ],
              "can_compile": [
                {
                  "Err": "   Compiling proc-macro2 v1.0.95\n   Compiling serde v1.0.219\n   Compiling syn v1.0.109\n   Compiling libc v0.2.172\n   Compiling serde_json v1.0.140\n   Compiling target-triple v0.1.4\n   Compiling ref-cast v1.0.24\n   Compiling rustversion v1.0.20\n   Compiling serde_json v1.0.140 (/home/abezbm/rust-utgen-test-crates-new/json)\n   Compiling psm v0.1.26\n   Compiling stacker v0.1.21\n   Compiling quote v1.0.40\n   Compiling syn v2.0.101\n   Compiling serde_derive v1.0.219\n   Compiling ref-cast-impl v1.0.24\n   Compiling automod v1.0.15\n   Compiling ntest_timeout v0.9.3\n   Compiling ntest_test_cases v0.9.3\n   Compiling ntest v0.9.3\n   Compiling toml_datetime v0.6.9\n   Compiling serde_spanned v0.6.8\n   Compiling serde_bytes v0.11.17\n   Compiling serde_stacker v0.1.12\n   Compiling toml_edit v0.22.25\n   Compiling toml v0.8.21\n   Compiling trybuild v1.0.104\nerror[E0432]: unresolved import `serde_json`\n    --> src/value/de.rs:1509:9\n     |\n1509 |     use serde_json::Value;\n     |         ^^^^^^^^^^ use of undeclared crate or module `serde_json`\n\nerror[E0261]: use of undeclared lifetime name `'de`\n    --> src/value/de.rs:1542:24\n     |\n1542 |             V: Visitor<'de>,\n     |                        ^^^ undeclared lifetime\n     |\n     = note: for more information on higher-ranked polymorphism, visit https://doc.rust-lang.org/nomicon/hrtb.html\nhelp: consider making the bound lifetime-generic with a new `'de` lifetime\n     |\n1542 |             V: for<'de> Visitor<'de>,\n     |                ++++++++\nhelp: consider making the bound lifetime-generic with a new `'de` lifetime\n     |\n1542 |             for<'de> V: Visitor<'de>,\n     |             ++++++++\nhelp: consider introducing lifetime `'de` here\n     |\n1536 |         fn struct_variant<'de, V>(\n     |                           ++++\nhelp: consider introducing lifetime `'de` here\n     |\n1535 |     impl<'de> TestStruct {\n     |         +++++\n\nerror[E0433]: failed to resolve: use of undeclared crate or module `serde_json`\n    --> src/value/de.rs:1527:30\n     |\n1527 |             Ok(Value::Object(serde_json::Map::new()))\n     |                              ^^^^^^^^^^ use of undeclared crate or module `serde_json`\n     |\nhelp: consider importing one of these structs\n     |\n1503 +    use crate::value::Map;\n     |\n1503 +    use std::iter::Map;\n     |\nhelp: if you import `Map`, refer to it directly\n     |\n1527 -             Ok(Value::Object(serde_json::Map::new()))\n1527 +             Ok(Value::Object(Map::new()))\n     |\n\nwarning: unused import: `ntest::timeout`\n    --> src/value/de.rs:1504:8\n     |\n1504 |    use ntest::timeout;\n     |        ^^^^^^^^^^^^^^\n     |\n     = note: `#[warn(unused_imports)]` on by default\n\nerror[E0038]: the trait `serde::de::Error` cannot be made into an object\n    --> src/value/de.rs:1523:63\n     |\n1523 |         fn visit_map<M>(self, _map: M) -> Result<Self::Value, de::Error>\n     |                                                               ^^^^^^^^^ `serde::de::Error` cannot be made into an object\n     |\n     = note: the trait cannot be made into an object because it requires `Self: Sized`\n     = note: for a trait to be \"object safe\" it needs to allow building a vtable to allow the call to be resolvable dynamically; for more information visit <https://doc.rust-lang.org/reference/items/traits.html#object-safety>\n     = help: the following types implement the trait, consider defining an enum where each variant holds one of these types, implementing `serde::de::Error` for this new enum and using it instead:\n               error::Error\n               serde::de::value::Error\n               serde_json::Error\n               toml::de::Error\n               toml_edit::de::Error\n\nerror[E0038]: the trait `serde::de::Error` cannot be made into an object\n    --> src/value/de.rs:1540:31\n     |\n1540 |         ) -> Result<V::Value, de::Error>\n     |                               ^^^^^^^^^ `serde::de::Error` cannot be made into an object\n     |\n     = note: the trait cannot be made into an object because it requires `Self: Sized`\n     = note: for a trait to be \"object safe\" it needs to allow building a vtable to allow the call to be resolvable dynamically; for more information visit <https://doc.rust-lang.org/reference/items/traits.html#object-safety>\n     = help: the following types implement the trait, consider defining an enum where each variant holds one of these types, implementing `serde::de::Error` for this new enum and using it instead:\n               error::Error\n               serde::de::value::Error\n               serde_json::Error\n               toml::de::Error\n               toml_edit::de::Error\n\nerror[E0038]: the trait `serde::de::Error` cannot be made into an object\n    --> src/value/de.rs:1559:30\n     |\n1559 |     let result = test_struct.struct_variant(&[\"field1\", \"field2\"], TestVisitor { _phantom: PhantomData });\n     |                              ^^^^^^^^^^^^^^ `serde::de::Error` cannot be made into an object\n     |\n     = note: the trait cannot be made into an object because it requires `Self: Sized`\n     = note: for a trait to be \"object safe\" it needs to allow building a vtable to allow the call to be resolvable dynamically; for more information visit <https://doc.rust-lang.org/reference/items/traits.html#object-safety>\n     = help: the following types implement the trait, consider defining an enum where each variant holds one of these types, implementing `serde::de::Error` for this new enum and using it instead:\n               error::Error\n               serde::de::value::Error\n               serde_json::Error\n               toml::de::Error\n               toml_edit::de::Error\n\nwarning: unused import: `super`\n    --> src/value/de.rs:1503:8\n     |\n1503 |    use super::*;\n     |        ^^^^^\n\nerror[E0782]: trait objects must include the `dyn` keyword\n    --> src/value/de.rs:1523:63\n     |\n1523 |         fn visit_map<M>(self, _map: M) -> Result<Self::Value, de::Error>\n     |                                                               ^^^^^^^^^\n     |\nhelp: add `dyn` keyword before this trait\n     |\n1523 |         fn visit_map<M>(self, _map: M) -> Result<Self::Value, dyn de::Error>\n     |                                                               +++\n\nerror[E0782]: trait objects must include the `dyn` keyword\n    --> src/value/de.rs:1540:31\n     |\n1540 |         ) -> Result<V::Value, de::Error>\n     |                               ^^^^^^^^^\n     |\nhelp: add `dyn` keyword before this trait\n     |\n1540 |         ) -> Result<V::Value, dyn de::Error>\n     |                               +++\n\nSome errors have detailed explanations: E0038, E0261, E0432, E0433, E0782.\nFor more information about an error, try `rustc --explain E0038`.\nwarning: `serde_json` (lib test) generated 2 warnings\nerror: could not compile `serde_json` (lib test) due to 8 previous errors; 2 warnings emitted\n"
                }
              ],
              "repaired": [
                false
              ]
            }
          ]
        }
      ]
    }
  ]
}