{
  "name": "serde_json::ser::<&'a mut ser::Serializer<W, F> as serde::Serializer>::serialize_u32",
  "name_with_impl": "serde_json::ser::{impl#3}::serialize_u32",
  "mod_info": {
    "name": "ser",
    "loc": "src/lib.rs:423:1:423:13"
  },
  "visible": true,
  "loc": "src/ser.rs:133:5:137:6",
  "fn_tests": [
    {
      "chain_id": 0,
      "prompt_conds": [],
      "input_infer": "",
      "answers": [
        {
          "uses": [],
          "has_test_mod": false,
          "common": [],
          "chain_tests": [
            {
              "attrs": [],
              "prefix": [],
              "oracles": [],
              "codes": [
                [
                  "{",
                  "    struct MockFormatter;",
                  "    impl MockFormatter {",
                  "        fn write_u32(&self, writer: &mut Vec<u8>, value: u32) -> Result<(), std::io::Error> {",
                  "            writer.extend_from_slice(&value.to_le_bytes());",
                  "            Ok(())",
                  "        }",
                  "    }",
                  "",
                  "    struct Serializer<'a> {",
                  "        formatter: MockFormatter,",
                  "        writer: &'a mut Vec<u8>,",
                  "    }",
                  "",
                  "    fn serialize_u32<'a>(self: Serializer<'a>, value: u32) -> Result<(), std::io::Error> {",
                  "        self.formatter",
                  "            .write_u32(self.writer, value)",
                  "            .map_err(|e| e)",
                  "    }",
                  "",
                  "    let mut writer = Vec::new();",
                  "    let serializer = Serializer {",
                  "        formatter: MockFormatter,",
                  "        writer: &mut writer,",
                  "    };",
                  "",
                  "    let result = serialize_u32(serializer, 42);",
                  "    assert!(result.is_ok());",
                  "    assert_eq!(writer, vec![42, 0, 0, 0]);",
                  "}"
                ]
              ],
              "can_compile": [
                {
                  "Err": "   Compiling proc-macro2 v1.0.95\n   Compiling serde v1.0.219\n   Compiling syn v1.0.109\n   Compiling libc v0.2.172\n   Compiling target-triple v0.1.4\n   Compiling serde_json v1.0.140\n   Compiling ref-cast v1.0.24\n   Compiling rustversion v1.0.20\n   Compiling serde_json v1.0.140 (/home/abezbm/rust-utgen-test-crates-new/json)\n   Compiling psm v0.1.26\n   Compiling stacker v0.1.21\n   Compiling quote v1.0.40\n   Compiling syn v2.0.101\n   Compiling serde_derive v1.0.219\n   Compiling ref-cast-impl v1.0.24\n   Compiling automod v1.0.15\n   Compiling ntest_test_cases v0.9.3\n   Compiling ntest_timeout v0.9.3\n   Compiling ntest v0.9.3\n   Compiling toml_datetime v0.6.9\n   Compiling serde_spanned v0.6.8\n   Compiling serde_stacker v0.1.12\n   Compiling serde_bytes v0.11.17\n   Compiling toml_edit v0.22.25\n   Compiling toml v0.8.21\n   Compiling trybuild v1.0.104\nerror: `self` parameter is only allowed in associated functions\n    --> src/ser.rs:2298:26\n     |\n2298 |     fn serialize_u32<'a>(self: Serializer<'a>, value: u32) -> Result<(), std::io::Error> {\n     |                          ^^^^ not semantically valid as function parameter\n     |\n     = note: associated functions are those in `impl` or `trait` definitions\n\nwarning: unused import: `ntest::timeout`\n    --> src/ser.rs:2281:8\n     |\n2281 |    use ntest::timeout;\n     |        ^^^^^^^^^^^^^^\n     |\n     = note: `#[warn(unused_imports)]` on by default\n\nerror[E0107]: type alias takes 1 generic argument but 2 generic arguments were supplied\n    --> src/ser.rs:2298:63\n     |\n2298 |     fn serialize_u32<'a>(self: Serializer<'a>, value: u32) -> Result<(), std::io::Error> {\n     |                                                               ^^^^^^     -------------- help: remove this generic argument\n     |                                                               |\n     |                                                               expected 1 generic argument\n     |\nnote: type alias defined here, with 1 generic parameter: `T`\n    --> src/error.rs:25:10\n     |\n25   | pub type Result<T> = result::Result<T, Error>;\n     |          ^^^^^^ -\n\nerror[E0107]: type alias takes 1 generic argument but 2 generic arguments were supplied\n    --> src/ser.rs:2287:66\n     |\n2287 |         fn write_u32(&self, writer: &mut Vec<u8>, value: u32) -> Result<(), std::io::Error> {\n     |                                                                  ^^^^^^     -------------- help: remove this generic argument\n     |                                                                  |\n     |                                                                  expected 1 generic argument\n     |\nnote: type alias defined here, with 1 generic parameter: `T`\n    --> src/error.rs:25:10\n     |\n25   | pub type Result<T> = result::Result<T, Error>;\n     |          ^^^^^^ -\n\nFor more information about this error, try `rustc --explain E0107`.\nwarning: `serde_json` (lib test) generated 1 warning\nerror: could not compile `serde_json` (lib test) due to 3 previous errors; 1 warning emitted\n"
                }
              ],
              "repaired": [
                false
              ]
            },
            {
              "attrs": [
                "#[should_panic]"
              ],
              "prefix": [],
              "oracles": [],
              "codes": [
                [
                  "{",
                  "    struct FailingFormatter;",
                  "    impl FailingFormatter {",
                  "        fn write_u32(&self, _: &mut Vec<u8>, _: u32) -> Result<(), std::io::Error> {",
                  "            Err(std::io::Error::new(std::io::ErrorKind::Other, \"Failing formatter\"))",
                  "        }",
                  "    }",
                  "",
                  "    struct FailingSerializer<'a> {",
                  "        formatter: FailingFormatter,",
                  "        writer: &'a mut Vec<u8>,",
                  "    }",
                  "",
                  "    fn serialize_u32<'a>(self: FailingSerializer<'a>, value: u32) -> Result<(), std::io::Error> {",
                  "        self.formatter",
                  "            .write_u32(self.writer, value)",
                  "            .map_err(|e| e)",
                  "    }",
                  "",
                  "    let mut writer = Vec::new();",
                  "    let serializer = FailingSerializer {",
                  "        formatter: FailingFormatter,",
                  "        writer: &mut writer,",
                  "    };",
                  "",
                  "    let _ = serialize_u32(serializer, 100); // This should panic",
                  "}"
                ]
              ],
              "can_compile": [
                {
                  "Err": "   Compiling proc-macro2 v1.0.95\n   Compiling serde v1.0.219\n   Compiling syn v1.0.109\n   Compiling libc v0.2.172\n   Compiling target-triple v0.1.4\n   Compiling serde_json v1.0.140\n   Compiling ref-cast v1.0.24\n   Compiling rustversion v1.0.20\n   Compiling serde_json v1.0.140 (/home/abezbm/rust-utgen-test-crates-new/json)\n   Compiling psm v0.1.26\n   Compiling stacker v0.1.21\n   Compiling quote v1.0.40\n   Compiling syn v2.0.101\n   Compiling serde_derive v1.0.219\n   Compiling ref-cast-impl v1.0.24\n   Compiling automod v1.0.15\n   Compiling ntest_timeout v0.9.3\n   Compiling ntest_test_cases v0.9.3\n   Compiling ntest v0.9.3\n   Compiling serde_spanned v0.6.8\n   Compiling toml_datetime v0.6.9\n   Compiling serde_bytes v0.11.17\n   Compiling serde_stacker v0.1.12\n   Compiling toml_edit v0.22.25\n   Compiling toml v0.8.21\n   Compiling trybuild v1.0.104\nerror: `self` parameter is only allowed in associated functions\n    --> src/ser.rs:2298:26\n     |\n2298 |     fn serialize_u32<'a>(self: FailingSerializer<'a>, value: u32) -> Result<(), std::io::Error> {\n     |                          ^^^^ not semantically valid as function parameter\n     |\n     = note: associated functions are those in `impl` or `trait` definitions\n\nwarning: unused import: `ntest::timeout`\n    --> src/ser.rs:2281:8\n     |\n2281 |    use ntest::timeout;\n     |        ^^^^^^^^^^^^^^\n     |\n     = note: `#[warn(unused_imports)]` on by default\n\nerror[E0107]: type alias takes 1 generic argument but 2 generic arguments were supplied\n    --> src/ser.rs:2298:70\n     |\n2298 |     fn serialize_u32<'a>(self: FailingSerializer<'a>, value: u32) -> Result<(), std::io::Error> {\n     |                                                                      ^^^^^^     -------------- help: remove this generic argument\n     |                                                                      |\n     |                                                                      expected 1 generic argument\n     |\nnote: type alias defined here, with 1 generic parameter: `T`\n    --> src/error.rs:25:10\n     |\n25   | pub type Result<T> = result::Result<T, Error>;\n     |          ^^^^^^ -\n\nerror[E0107]: type alias takes 1 generic argument but 2 generic arguments were supplied\n    --> src/ser.rs:2288:57\n     |\n2288 |         fn write_u32(&self, _: &mut Vec<u8>, _: u32) -> Result<(), std::io::Error> {\n     |                                                         ^^^^^^     -------------- help: remove this generic argument\n     |                                                         |\n     |                                                         expected 1 generic argument\n     |\nnote: type alias defined here, with 1 generic parameter: `T`\n    --> src/error.rs:25:10\n     |\n25   | pub type Result<T> = result::Result<T, Error>;\n     |          ^^^^^^ -\n\nerror[E0308]: mismatched types\n    --> src/ser.rs:2289:17\n     |\n2289 |             Err(std::io::Error::new(std::io::ErrorKind::Other, \"Failing formatter\"))\n     |             --- ^^^^^^^^^^^^^^^^^^^^^^^^^^^^^^^^^^^^^^^^^^^^^^^^^^^^^^^^^^^^^^^^^^^ expected `error::Error`, found `std::io::Error`\n     |             |\n     |             arguments to this enum variant are incorrect\n     |\n     = note: `std::io::Error` and `error::Error` have similar names, but are actually distinct types\nnote: `std::io::Error` is defined in crate `std`\n    --> /home/abezbm/.rustup/toolchains/nightly-2024-07-21-x86_64-unknown-linux-gnu/lib/rustlib/src/rust/library/std/src/io/error.rs:67:1\n     |\n67   | pub struct Error {\n     | ^^^^^^^^^^^^^^^^\nnote: `error::Error` is defined in the current crate\n    --> src/error.rs:17:1\n     |\n17   | pub struct Error {\n     | ^^^^^^^^^^^^^^^^\nhelp: the type constructed contains `std::io::Error` due to the type of the argument passed\n    --> src/ser.rs:2289:13\n     |\n2289 |             Err(std::io::Error::new(std::io::ErrorKind::Other, \"Failing formatter\"))\n     |             ^^^^-------------------------------------------------------------------^\n     |                 |\n     |                 this argument influences the type of `Err`\nnote: tuple variant defined here\n    --> /home/abezbm/.rustup/toolchains/nightly-2024-07-21-x86_64-unknown-linux-gnu/lib/rustlib/src/rust/library/core/src/result.rs:536:5\n     |\n536  |     Err(#[stable(feature = \"rust1\", since = \"1.0.0\")] E),\n     |     ^^^\n\nSome errors have detailed explanations: E0107, E0308.\nFor more information about an error, try `rustc --explain E0107`.\nwarning: `serde_json` (lib test) generated 1 warning\nerror: could not compile `serde_json` (lib test) due to 4 previous errors; 1 warning emitted\n"
                }
              ],
              "repaired": [
                false
              ]
            }
          ]
        }
      ]
    }
  ]
}