{
  "name": "serde::ser::fmt::ser::fmt::<impl ser::Serializer for &mut std::fmt::Formatter<'a>>::serialize_bytes",
  "name_with_impl": "serde::ser::fmt::{impl#1}::serialize_bytes",
  "mod_info": {
    "name": "ser::fmt",
    "loc": "serde/src/ser/mod.rs:112:1:112:9"
  },
  "visible": true,
  "loc": "serde/src/ser/fmt.rs:84:5:86:6",
  "fn_tests": [
    {
      "chain_id": 1,
      "prompt_conds": [
        "// expected return value/type: Err(fmt::Error)\n"
      ],
      "input_infer": "",
      "answers": [
        {
          "uses": [],
          "has_test_mod": false,
          "common": [],
          "chain_tests": [
            {
              "attrs": [],
              "prefix": [],
              "oracles": [],
              "codes": [
                [
                  "{",
                  "    struct TestSerializer;",
                  "",
                  "    impl TestSerializer {",
                  "        fn serialize_bytes(self, _v: &[u8]) -> Result<(), fmt::Error> {",
                  "            Err(fmt::Error)",
                  "        }",
                  "    }",
                  "",
                  "    let serializer = TestSerializer;",
                  "",
                  "    // Test with an empty byte slice",
                  "    let result_empty = serializer.serialize_bytes(&[]);",
                  "    assert_eq!(result_empty, Err(fmt::Error));",
                  "",
                  "    // Test with a non-empty byte slice",
                  "    let result_non_empty = serializer.serialize_bytes(&[1, 2, 3]);",
                  "    assert_eq!(result_non_empty, Err(fmt::Error));",
                  "",
                  "    // Test with a byte slice containing a single element",
                  "    let result_single = serializer.serialize_bytes(&[42]);",
                  "    assert_eq!(result_single, Err(fmt::Error));",
                  "}"
                ]
              ],
              "can_compile": [
                {
                  "Err": "   Compiling proc-macro2 v1.0.95\n   Compiling syn v1.0.109\n   Compiling serde_derive v1.0.219 (/home/abezbm/rust-utgen-test-crates-new/serde/serde_derive)\n   Compiling serde v1.0.219 (/home/abezbm/rust-utgen-test-crates-new/serde/serde)\n   Compiling quote v1.0.40\n   Compiling syn v2.0.100\n   Compiling ntest_timeout v0.9.3\n   Compiling ntest_test_cases v0.9.3\n   Compiling ntest v0.9.3\nwarning: unused import: `ntest::timeout`\n   --> serde/src/ser/fmt.rs:174:8\n    |\n174 |    use ntest::timeout;\n    |        ^^^^^^^^^^^^^^\n    |\n    = note: `#[warn(unused_imports)]` on by default\n\nerror[E0382]: use of moved value: `serializer`\n   --> serde/src/ser/fmt.rs:193:28\n    |\n186 |     let serializer = TestSerializer;\n    |         ---------- move occurs because `serializer` has type `TestSerializer`, which does not implement the `Copy` trait\n...\n189 |     let result_empty = serializer.serialize_bytes(&[]);\n    |                                   -------------------- `serializer` moved due to this method call\n...\n193 |     let result_non_empty = serializer.serialize_bytes(&[1, 2, 3]);\n    |                            ^^^^^^^^^^ value used here after move\n    |\nnote: `TestSerializer::serialize_bytes` takes ownership of the receiver `self`, which moves `serializer`\n   --> serde/src/ser/fmt.rs:181:28\n    |\n181 |         fn serialize_bytes(self, _v: &[u8]) -> Result<(), fmt::Error> {\n    |                            ^^^^\n\nerror[E0382]: use of moved value: `serializer`\n   --> serde/src/ser/fmt.rs:197:25\n    |\n186 |     let serializer = TestSerializer;\n    |         ---------- move occurs because `serializer` has type `TestSerializer`, which does not implement the `Copy` trait\n...\n193 |     let result_non_empty = serializer.serialize_bytes(&[1, 2, 3]);\n    |                                       --------------------------- `serializer` moved due to this method call\n...\n197 |     let result_single = serializer.serialize_bytes(&[42]);\n    |                         ^^^^^^^^^^ value used here after move\n\nFor more information about this error, try `rustc --explain E0382`.\nwarning: `serde` (lib test) generated 1 warning\nerror: could not compile `serde` (lib test) due to 2 previous errors; 1 warning emitted\n"
                }
              ],
              "repaired": [
                false
              ]
            }
          ]
        }
      ]
    }
  ]
}