{
  "name": "serde::ser::fmt::ser::fmt::<impl ser::Serializer for &mut std::fmt::Formatter<'a>>::serialize_seq",
  "name_with_impl": "serde::ser::fmt::{impl#1}::serialize_seq",
  "mod_info": {
    "name": "ser::fmt",
    "loc": "serde/src/ser/mod.rs:112:1:112:9"
  },
  "visible": true,
  "loc": "serde/src/ser/fmt.rs:116:5:118:6",
  "fn_tests": [
    {
      "chain_id": 1,
      "prompt_conds": [
        "// expected return value/type: Err(fmt::Error)\n"
      ],
      "input_infer": "",
      "answers": [
        {
          "uses": [],
          "has_test_mod": false,
          "common": [
            "#[derive(Debug)]",
            "struct StubSerializer;",
            "",
            "impl StubSerializer {",
            "    fn serialize_seq(self, _len: Option<usize>) -> Result<StubSerializeSeq, fmt::Error> {",
            "        Err(fmt::Error)",
            "    }",
            "}",
            "",
            "struct StubSerializeSeq;"
          ],
          "chain_tests": [
            {
              "attrs": [],
              "prefix": [],
              "oracles": [],
              "codes": [
                [
                  "{",
                  "    let serializer = StubSerializer;",
                  "    let result = serializer.serialize_seq(None);",
                  "    assert!(result.is_err());",
                  "    assert_eq!(result, Err(fmt::Error));",
                  "}"
                ]
              ],
              "can_compile": [
                {
                  "Err": "   Compiling proc-macro2 v1.0.95\n   Compiling syn v1.0.109\n   Compiling serde_derive v1.0.219 (/home/abezbm/rust-utgen-test-crates-new/serde/serde_derive)\n   Compiling serde v1.0.219 (/home/abezbm/rust-utgen-test-crates-new/serde/serde)\n   Compiling quote v1.0.40\n   Compiling syn v2.0.100\n   Compiling ntest_test_cases v0.9.3\n   Compiling ntest_timeout v0.9.3\n   Compiling ntest v0.9.3\nwarning: unused import: `ntest::timeout`\n   --> serde/src/ser/fmt.rs:174:8\n    |\n174 |    use ntest::timeout;\n    |        ^^^^^^^^^^^^^^\n    |\n    = note: `#[warn(unused_imports)]` on by default\n\nerror[E0369]: binary operation `==` cannot be applied to type `Result<StubSerializeSeq, std::fmt::Error>`\n   --> serde/src/ser/fmt.rs:192:5\n    |\n192 |     assert_eq!(result, Err(fmt::Error));\n    |     ^^^^^^^^^^^^^^^^^^^^^^^^^^^^^^^^^^^\n    |     |\n    |     Result<StubSerializeSeq, std::fmt::Error>\n    |     Result<StubSerializeSeq, std::fmt::Error>\n    |\nnote: an implementation of `PartialEq` might be missing for `StubSerializeSeq`\n   --> serde/src/ser/fmt.rs:184:1\n    |\n184 | struct StubSerializeSeq;\n    | ^^^^^^^^^^^^^^^^^^^^^^^ must implement `PartialEq`\n    = note: this error originates in the macro `assert_eq` (in Nightly builds, run with -Z macro-backtrace for more info)\nhelp: consider annotating `StubSerializeSeq` with `#[derive(PartialEq)]`\n    |\n184 + #[derive(PartialEq)]\n185 | struct StubSerializeSeq;\n    |\n\nerror[E0277]: `StubSerializeSeq` doesn't implement `std::fmt::Debug`\n   --> serde/src/ser/fmt.rs:192:5\n    |\n192 |     assert_eq!(result, Err(fmt::Error));\n    |     ^^^^^^^^^^^^^^^^^^^^^^^^^^^^^^^^^^^ `StubSerializeSeq` cannot be formatted using `{:?}`\n    |\n    = help: the trait `std::fmt::Debug` is not implemented for `StubSerializeSeq`, which is required by `Result<StubSerializeSeq, std::fmt::Error>: std::fmt::Debug`\n    = note: add `#[derive(Debug)]` to `StubSerializeSeq` or manually `impl std::fmt::Debug for StubSerializeSeq`\n    = help: the trait `std::fmt::Debug` is implemented for `Result<T, E>`\n    = note: this error originates in the macro `assert_eq` (in Nightly builds, run with -Z macro-backtrace for more info)\nhelp: consider annotating `StubSerializeSeq` with `#[derive(Debug)]`\n    |\n184 + #[derive(Debug)]\n185 | struct StubSerializeSeq;\n    |\n\nSome errors have detailed explanations: E0277, E0369.\nFor more information about an error, try `rustc --explain E0277`.\nwarning: `serde` (lib test) generated 1 warning\nerror: could not compile `serde` (lib test) due to 3 previous errors; 1 warning emitted\n"
                }
              ],
              "repaired": [
                false
              ]
            },
            {
              "attrs": [],
              "prefix": [],
              "oracles": [],
              "codes": [
                [
                  "{",
                  "    let serializer = StubSerializer;",
                  "    let result = serializer.serialize_seq(Some(0));",
                  "    assert!(result.is_err());",
                  "    assert_eq!(result, Err(fmt::Error));",
                  "}"
                ]
              ],
              "can_compile": [
                {
                  "Err": "   Compiling proc-macro2 v1.0.95\n   Compiling syn v1.0.109\n   Compiling serde_derive v1.0.219 (/home/abezbm/rust-utgen-test-crates-new/serde/serde_derive)\n   Compiling serde v1.0.219 (/home/abezbm/rust-utgen-test-crates-new/serde/serde)\n   Compiling quote v1.0.40\n   Compiling syn v2.0.100\n   Compiling ntest_timeout v0.9.3\n   Compiling ntest_test_cases v0.9.3\n   Compiling ntest v0.9.3\nwarning: unused import: `ntest::timeout`\n   --> serde/src/ser/fmt.rs:174:8\n    |\n174 |    use ntest::timeout;\n    |        ^^^^^^^^^^^^^^\n    |\n    = note: `#[warn(unused_imports)]` on by default\n\nerror[E0369]: binary operation `==` cannot be applied to type `Result<StubSerializeSeq, std::fmt::Error>`\n   --> serde/src/ser/fmt.rs:192:5\n    |\n192 |     assert_eq!(result, Err(fmt::Error));\n    |     ^^^^^^^^^^^^^^^^^^^^^^^^^^^^^^^^^^^\n    |     |\n    |     Result<StubSerializeSeq, std::fmt::Error>\n    |     Result<StubSerializeSeq, std::fmt::Error>\n    |\nnote: an implementation of `PartialEq` might be missing for `StubSerializeSeq`\n   --> serde/src/ser/fmt.rs:184:1\n    |\n184 | struct StubSerializeSeq;\n    | ^^^^^^^^^^^^^^^^^^^^^^^ must implement `PartialEq`\n    = note: this error originates in the macro `assert_eq` (in Nightly builds, run with -Z macro-backtrace for more info)\nhelp: consider annotating `StubSerializeSeq` with `#[derive(PartialEq)]`\n    |\n184 + #[derive(PartialEq)]\n185 | struct StubSerializeSeq;\n    |\n\nerror[E0277]: `StubSerializeSeq` doesn't implement `std::fmt::Debug`\n   --> serde/src/ser/fmt.rs:192:5\n    |\n192 |     assert_eq!(result, Err(fmt::Error));\n    |     ^^^^^^^^^^^^^^^^^^^^^^^^^^^^^^^^^^^ `StubSerializeSeq` cannot be formatted using `{:?}`\n    |\n    = help: the trait `std::fmt::Debug` is not implemented for `StubSerializeSeq`, which is required by `Result<StubSerializeSeq, std::fmt::Error>: std::fmt::Debug`\n    = note: add `#[derive(Debug)]` to `StubSerializeSeq` or manually `impl std::fmt::Debug for StubSerializeSeq`\n    = help: the trait `std::fmt::Debug` is implemented for `Result<T, E>`\n    = note: this error originates in the macro `assert_eq` (in Nightly builds, run with -Z macro-backtrace for more info)\nhelp: consider annotating `StubSerializeSeq` with `#[derive(Debug)]`\n    |\n184 + #[derive(Debug)]\n185 | struct StubSerializeSeq;\n    |\n\nSome errors have detailed explanations: E0277, E0369.\nFor more information about an error, try `rustc --explain E0277`.\nwarning: `serde` (lib test) generated 1 warning\nerror: could not compile `serde` (lib test) due to 3 previous errors; 1 warning emitted\n"
                }
              ],
              "repaired": [
                false
              ]
            }
          ]
        }
      ]
    }
  ]
}