{
  "name": "serde::ser::fmt::ser::fmt::<impl ser::Serializer for &mut std::fmt::Formatter<'a>>::collect_str",
  "name_with_impl": "serde::ser::fmt::{impl#1}::collect_str",
  "mod_info": {
    "name": "ser::fmt",
    "loc": "serde/src/ser/mod.rs:112:1:112:9"
  },
  "visible": true,
  "loc": "serde/src/ser/fmt.rs:164:5:169:6",
  "fn_tests": [
    {
      "chain_id": 1,
      "prompt_conds": [],
      "input_infer": "",
      "answers": [
        {
          "uses": [
            "use std::fmt::Display;",
            "use std::fmt;",
            "use std::fmt::Write;"
          ],
          "has_test_mod": false,
          "common": [],
          "chain_tests": [
            {
              "attrs": [],
              "prefix": [],
              "oracles": [],
              "codes": [
                [
                  "{",
                  "    use std::fmt::{self, Display, Write};",
                  "",
                  "    struct TestFormatter {",
                  "        output: String,",
                  "    }",
                  "",
                  "    impl TestFormatter {",
                  "        fn new() -> Self {",
                  "            TestFormatter {",
                  "                output: String::new(),",
                  "            }",
                  "        }",
                  "    }",
                  "",
                  "    impl Write for TestFormatter {",
                  "        fn write_str(&mut self, s: &str) -> fmt::Result {",
                  "            self.output.push_str(s);",
                  "            Ok(())",
                  "        }",
                  "    }",
                  "",
                  "    let mut formatter = TestFormatter::new();",
                  "",
                  "    let result = formatter.collect_str(&\"Hello, world!\");",
                  "    assert!(result.is_ok());",
                  "    assert_eq!(formatter.output, \"Hello, world!\");",
                  "}"
                ]
              ],
              "can_compile": [
                {
                  "Err": "   Compiling proc-macro2 v1.0.95\n   Compiling syn v1.0.109\n   Compiling serde_derive v1.0.219 (/home/abezbm/rust-utgen-test-crates-new/serde/serde_derive)\n   Compiling serde v1.0.219 (/home/abezbm/rust-utgen-test-crates-new/serde/serde)\n   Compiling quote v1.0.40\n   Compiling syn v2.0.100\n   Compiling ntest_test_cases v0.9.3\n   Compiling ntest_timeout v0.9.3\n   Compiling ntest v0.9.3\nwarning: unused import: `ntest::timeout`\n   --> serde/src/ser/fmt.rs:174:8\n    |\n174 |    use ntest::timeout;\n    |        ^^^^^^^^^^^^^^\n    |\n    = note: `#[warn(unused_imports)]` on by default\n\nwarning: unused import: `Display`\n   --> serde/src/ser/fmt.rs:178:26\n    |\n178 |     use std::fmt::{self, Display, Write};\n    |                          ^^^^^^^\n\nerror[E0599]: no method named `collect_str` found for struct `TestFormatter` in the current scope\n   --> serde/src/ser/fmt.rs:201:28\n    |\n180 |     struct TestFormatter {\n    |     -------------------- method `collect_str` not found for this struct\n...\n201 |     let result = formatter.collect_str(&\"Hello, world!\");\n    |                            ^^^^^^^^^^^ method not found in `TestFormatter`\n    |\n    = help: items from traits can only be used if the trait is implemented and in scope\nnote: `ser::Serializer` defines an item `collect_str`, perhaps you need to implement it\n   --> serde/src/ser/mod.rs:340:1\n    |\n340 | pub trait Serializer: Sized {\n    | ^^^^^^^^^^^^^^^^^^^^^^^^^^^\n\nFor more information about this error, try `rustc --explain E0599`.\nwarning: `serde` (lib test) generated 2 warnings\nerror: could not compile `serde` (lib test) due to 1 previous error; 2 warnings emitted\n"
                }
              ],
              "repaired": [
                false
              ]
            },
            {
              "attrs": [],
              "prefix": [],
              "oracles": [],
              "codes": [
                [
                  "{",
                  "    use std::fmt::{self, Display, Write};",
                  "",
                  "    struct TestFormatter {",
                  "        output: String,",
                  "    }",
                  "",
                  "    impl TestFormatter {",
                  "        fn new() -> Self {",
                  "            TestFormatter {",
                  "                output: String::new(),",
                  "            }",
                  "        }",
                  "    }",
                  "",
                  "    impl Write for TestFormatter {",
                  "        fn write_str(&mut self, s: &str) -> fmt::Result {",
                  "            self.output.push_str(s);",
                  "            Ok(())",
                  "        }",
                  "    }",
                  "",
                  "    let mut formatter = TestFormatter::new();",
                  "    let result = formatter.collect_str(&\"\");",
                  "    assert!(result.is_ok());",
                  "    assert_eq!(formatter.output, \"\");",
                  "}"
                ]
              ],
              "can_compile": [
                {
                  "Err": "   Compiling proc-macro2 v1.0.95\n   Compiling syn v1.0.109\n   Compiling serde_derive v1.0.219 (/home/abezbm/rust-utgen-test-crates-new/serde/serde_derive)\n   Compiling serde v1.0.219 (/home/abezbm/rust-utgen-test-crates-new/serde/serde)\n   Compiling quote v1.0.40\n   Compiling syn v2.0.100\n   Compiling ntest_test_cases v0.9.3\n   Compiling ntest_timeout v0.9.3\n   Compiling ntest v0.9.3\nwarning: unused import: `ntest::timeout`\n   --> serde/src/ser/fmt.rs:174:8\n    |\n174 |    use ntest::timeout;\n    |        ^^^^^^^^^^^^^^\n    |\n    = note: `#[warn(unused_imports)]` on by default\n\nwarning: unused import: `Display`\n   --> serde/src/ser/fmt.rs:178:26\n    |\n178 |     use std::fmt::{self, Display, Write};\n    |                          ^^^^^^^\n\nerror[E0599]: no method named `collect_str` found for struct `TestFormatter` in the current scope\n   --> serde/src/ser/fmt.rs:200:28\n    |\n180 |     struct TestFormatter {\n    |     -------------------- method `collect_str` not found for this struct\n...\n200 |     let result = formatter.collect_str(&\"\");\n    |                            ^^^^^^^^^^^ method not found in `TestFormatter`\n    |\n    = help: items from traits can only be used if the trait is implemented and in scope\nnote: `ser::Serializer` defines an item `collect_str`, perhaps you need to implement it\n   --> serde/src/ser/mod.rs:340:1\n    |\n340 | pub trait Serializer: Sized {\n    | ^^^^^^^^^^^^^^^^^^^^^^^^^^^\n\nFor more information about this error, try `rustc --explain E0599`.\nwarning: `serde` (lib test) generated 2 warnings\nerror: could not compile `serde` (lib test) due to 1 previous error; 2 warnings emitted\n"
                }
              ],
              "repaired": [
                false
              ]
            },
            {
              "attrs": [
                "#[should_panic]"
              ],
              "prefix": [],
              "oracles": [],
              "codes": [
                [
                  "{",
                  "    use std::fmt::{self, Display, Write};",
                  "",
                  "    struct TestFormatter {",
                  "        output: String,",
                  "    }",
                  "",
                  "    impl TestFormatter {",
                  "        fn new() -> Self {",
                  "            TestFormatter {",
                  "                output: String::new(),",
                  "            }",
                  "        }",
                  "    }",
                  "",
                  "    impl Write for TestFormatter {",
                  "        fn write_str(&mut self, _: &str) -> fmt::Result {",
                  "            panic!(\"Forced panic for testing\");",
                  "        }",
                  "    }",
                  "",
                  "    let mut formatter = TestFormatter::new();",
                  "    let _ = formatter.collect_str(&\"This will panic\");",
                  "}"
                ]
              ],
              "can_compile": [
                {
                  "Err": "   Compiling proc-macro2 v1.0.95\n   Compiling syn v1.0.109\n   Compiling serde_derive v1.0.219 (/home/abezbm/rust-utgen-test-crates-new/serde/serde_derive)\n   Compiling serde v1.0.219 (/home/abezbm/rust-utgen-test-crates-new/serde/serde)\n   Compiling quote v1.0.40\n   Compiling syn v2.0.100\n   Compiling ntest_test_cases v0.9.3\n   Compiling ntest_timeout v0.9.3\n   Compiling ntest v0.9.3\nwarning: unused import: `ntest::timeout`\n   --> serde/src/ser/fmt.rs:174:8\n    |\n174 |    use ntest::timeout;\n    |        ^^^^^^^^^^^^^^\n    |\n    = note: `#[warn(unused_imports)]` on by default\n\nwarning: unused import: `Display`\n   --> serde/src/ser/fmt.rs:179:26\n    |\n179 |     use std::fmt::{self, Display, Write};\n    |                          ^^^^^^^\n\nerror[E0599]: no method named `collect_str` found for struct `TestFormatter` in the current scope\n   --> serde/src/ser/fmt.rs:200:23\n    |\n181 |     struct TestFormatter {\n    |     -------------------- method `collect_str` not found for this struct\n...\n200 |     let _ = formatter.collect_str(&\"This will panic\");\n    |                       ^^^^^^^^^^^ method not found in `TestFormatter`\n    |\n    = help: items from traits can only be used if the trait is implemented and in scope\nnote: `ser::Serializer` defines an item `collect_str`, perhaps you need to implement it\n   --> serde/src/ser/mod.rs:340:1\n    |\n340 | pub trait Serializer: Sized {\n    | ^^^^^^^^^^^^^^^^^^^^^^^^^^^\n\nFor more information about this error, try `rustc --explain E0599`.\nwarning: `serde` (lib test) generated 2 warnings\nerror: could not compile `serde` (lib test) due to 1 previous error; 2 warnings emitted\n"
                }
              ],
              "repaired": [
                false
              ]
            }
          ]
        }
      ]
    }
  ]
}