{
  "name": "serde::de::value::<de::value::SeqAccessDeserializer<A> as de::Deserializer<'de>>::deserialize_any",
  "name_with_impl": "serde::de::value::{impl#61}::deserialize_any",
  "mod_info": {
    "name": "de::value",
    "loc": "serde/src/de/mod.rs:119:1:119:15"
  },
  "visible": true,
  "loc": "serde/src/de/value.rs:1198:5:1203:6",
  "fn_tests": [
    {
      "chain_id": 1,
      "prompt_conds": [],
      "input_infer": "",
      "answers": [
        {
          "uses": [],
          "has_test_mod": false,
          "common": [],
          "chain_tests": [
            {
              "attrs": [],
              "prefix": [],
              "oracles": [],
              "codes": [
                [
                  "{",
                  "    struct MockVisitor {",
                  "        called: bool,",
                  "    }",
                  "",
                  "    impl<'de> de::Visitor<'de> for MockVisitor {",
                  "        type Value = Vec<()>;",
                  "",
                  "        fn visit_seq(self, seq: impl Iterator<Item = ()>) -> Result<Self::Value, serde::de::Error> {",
                  "            self.called = true;",
                  "            Ok(seq.collect())",
                  "        }",
                  "",
                  "        // Other visitor methods can be defined here if needed",
                  "    }",
                  "",
                  "    struct MockDeserializer {",
                  "        seq: Vec<()>,",
                  "    }",
                  "",
                  "    impl MockDeserializer {",
                  "        fn new(seq: Vec<()>) -> Self {",
                  "            Self { seq }",
                  "        }",
                  "",
                  "        fn deserialize_any<V>(self, visitor: V) -> Result<V::Value, serde::de::Error>",
                  "        where",
                  "            V: de::Visitor<'de>,",
                  "        {",
                  "            visitor.visit_seq(self.seq.into_iter())",
                  "        }",
                  "    }",
                  "",
                  "    let deserializer = MockDeserializer::new(vec![]);",
                  "    let visitor = MockVisitor { called: false };",
                  "",
                  "    let result = deserializer.deserialize_any(visitor);",
                  "",
                  "    assert!(result.is_ok());",
                  "    assert_eq!(result.unwrap(), Vec::<()>::new());",
                  "}"
                ]
              ],
              "can_compile": [
                {
                  "Err": "   Compiling proc-macro2 v1.0.95\n   Compiling syn v1.0.109\n   Compiling serde_derive v1.0.219 (/home/abezbm/rust-utgen-test-crates-new/serde/serde_derive)\n   Compiling serde v1.0.219 (/home/abezbm/rust-utgen-test-crates-new/serde/serde)\n   Compiling quote v1.0.40\n   Compiling syn v2.0.100\n   Compiling ntest_test_cases v0.9.3\n   Compiling ntest_timeout v0.9.3\n   Compiling ntest v0.9.3\nerror[E0261]: use of undeclared lifetime name `'de`\n    --> serde/src/de/value.rs:1931:28\n     |\n1931 |             V: de::Visitor<'de>,\n     |                            ^^^ undeclared lifetime\n     |\n     = note: for more information on higher-ranked polymorphism, visit https://doc.rust-lang.org/nomicon/hrtb.html\nhelp: consider making the bound lifetime-generic with a new `'de` lifetime\n     |\n1931 |             V: for<'de> de::Visitor<'de>,\n     |                ++++++++\nhelp: consider making the bound lifetime-generic with a new `'de` lifetime\n     |\n1931 |             for<'de> V: de::Visitor<'de>,\n     |             ++++++++\nhelp: consider introducing lifetime `'de` here\n     |\n1929 |         fn deserialize_any<'de, V>(self, visitor: V) -> Result<V::Value, serde::de::Error>\n     |                            ++++\nhelp: consider introducing lifetime `'de` here\n     |\n1924 |     impl<'de> MockDeserializer {\n     |         +++++\n\nerror[E0433]: failed to resolve: use of undeclared crate or module `serde`\n    --> serde/src/de/value.rs:1912:82\n     |\n1912 |         fn visit_seq(self, seq: impl Iterator<Item = ()>) -> Result<Self::Value, serde::de::Error> {\n     |                                                                                  ^^^^^ use of undeclared crate or module `serde`\n     |\nhelp: consider importing one of these modules\n     |\n1900 +    use crate::__private::de;\n     |\n1900 +    use crate::de;\n     |\nhelp: if you import `de`, refer to it directly\n     |\n1912 -         fn visit_seq(self, seq: impl Iterator<Item = ()>) -> Result<Self::Value, serde::de::Error> {\n1912 +         fn visit_seq(self, seq: impl Iterator<Item = ()>) -> Result<Self::Value, de::Error> {\n     |\n\nerror[E0433]: failed to resolve: use of undeclared crate or module `serde`\n    --> serde/src/de/value.rs:1929:69\n     |\n1929 |         fn deserialize_any<V>(self, visitor: V) -> Result<V::Value, serde::de::Error>\n     |                                                                     ^^^^^ use of undeclared crate or module `serde`\n     |\nhelp: consider importing one of these modules\n     |\n1900 +    use crate::__private::de;\n     |\n1900 +    use crate::de;\n     |\nhelp: if you import `de`, refer to it directly\n     |\n1929 -         fn deserialize_any<V>(self, visitor: V) -> Result<V::Value, serde::de::Error>\n1929 +         fn deserialize_any<V>(self, visitor: V) -> Result<V::Value, de::Error>\n     |\n\nwarning: unused import: `ntest::timeout`\n    --> serde/src/de/value.rs:1901:8\n     |\n1901 |    use ntest::timeout;\n     |        ^^^^^^^^^^^^^^\n     |\n     = note: `#[warn(unused_imports)]` on by default\n\nerror[E0643]: method `visit_seq` has incompatible signature for trait\n    --> serde/src/de/value.rs:1912:33\n     |\n1912 |         fn visit_seq(self, seq: impl Iterator<Item = ()>) -> Result<Self::Value, serde::de::Error> {\n     |                                 ^^^^^^^^^^^^^^^^^^^^^^^^ expected generic parameter, found `impl Trait`\n     |\n    ::: serde/src/de/mod.rs:1649:18\n     |\n1649 |     fn visit_seq<A>(self, seq: A) -> Result<Self::Value, A::Error>\n     |                  - declaration in trait here\n     |\nhelp: try changing the `impl Trait` argument to a generic parameter\n     |\n1912 |         fn visit_seq<A>(self, seq: A) -> Result<Self::Value, serde::de::Error> {\n     |                     +++            ~\n\nerror[E0046]: not all trait items implemented, missing: `expecting`\n    --> serde/src/de/value.rs:1909:5\n     |\n1909 |     impl<'de> de::Visitor<'de> for MockVisitor {\n     |     ^^^^^^^^^^^^^^^^^^^^^^^^^^^^^^^^^^^^^^^^^^ missing `expecting` in implementation\n     |\n    ::: serde/src/de/mod.rs:1310:5\n     |\n1310 |     fn expecting(&self, formatter: &mut fmt::Formatter) -> fmt::Result;\n     |     ------------------------------------------------------------------- `expecting` from trait\n\nSome errors have detailed explanations: E0046, E0261, E0433, E0643.\nFor more information about an error, try `rustc --explain E0046`.\nwarning: `serde` (lib test) generated 1 warning\nerror: could not compile `serde` (lib test) due to 5 previous errors; 1 warning emitted\n"
                }
              ],
              "repaired": [
                false
              ]
            },
            {
              "attrs": [],
              "prefix": [],
              "oracles": [],
              "codes": [
                [
                  "{",
                  "    struct MockVisitor {",
                  "        called: bool,",
                  "    }",
                  "",
                  "    impl<'de> de::Visitor<'de> for MockVisitor {",
                  "        type Value = Vec<i32>;",
                  "",
                  "        fn visit_seq(self, seq: impl Iterator<Item = i32>) -> Result<Self::Value, serde::de::Error> {",
                  "            self.called = true;",
                  "            Ok(seq.collect())",
                  "        }",
                  "",
                  "        // Other visitor methods can be defined here if needed",
                  "    }",
                  "",
                  "    struct MockDeserializer {",
                  "        seq: Vec<i32>,",
                  "    }",
                  "",
                  "    impl MockDeserializer {",
                  "        fn new(seq: Vec<i32>) -> Self {",
                  "            Self { seq }",
                  "        }",
                  "",
                  "        fn deserialize_any<V>(self, visitor: V) -> Result<V::Value, serde::de::Error>",
                  "        where",
                  "            V: de::Visitor<'de>,",
                  "        {",
                  "            visitor.visit_seq(self.seq.into_iter())",
                  "        }",
                  "    }",
                  "",
                  "    let deserializer = MockDeserializer::new(vec![42]);",
                  "    let visitor = MockVisitor { called: false };",
                  "",
                  "    let result = deserializer.deserialize_any(visitor);",
                  "",
                  "    assert!(result.is_ok());",
                  "    assert_eq!(result.unwrap(), vec![42]);",
                  "}"
                ]
              ],
              "can_compile": [
                {
                  "Err": "   Compiling proc-macro2 v1.0.95\n   Compiling syn v1.0.109\n   Compiling serde_derive v1.0.219 (/home/abezbm/rust-utgen-test-crates-new/serde/serde_derive)\n   Compiling serde v1.0.219 (/home/abezbm/rust-utgen-test-crates-new/serde/serde)\n   Compiling quote v1.0.40\n   Compiling syn v2.0.100\n   Compiling ntest_test_cases v0.9.3\n   Compiling ntest_timeout v0.9.3\n   Compiling ntest v0.9.3\nerror[E0261]: use of undeclared lifetime name `'de`\n    --> serde/src/de/value.rs:1931:28\n     |\n1931 |             V: de::Visitor<'de>,\n     |                            ^^^ undeclared lifetime\n     |\n     = note: for more information on higher-ranked polymorphism, visit https://doc.rust-lang.org/nomicon/hrtb.html\nhelp: consider making the bound lifetime-generic with a new `'de` lifetime\n     |\n1931 |             V: for<'de> de::Visitor<'de>,\n     |                ++++++++\nhelp: consider making the bound lifetime-generic with a new `'de` lifetime\n     |\n1931 |             for<'de> V: de::Visitor<'de>,\n     |             ++++++++\nhelp: consider introducing lifetime `'de` here\n     |\n1929 |         fn deserialize_any<'de, V>(self, visitor: V) -> Result<V::Value, serde::de::Error>\n     |                            ++++\nhelp: consider introducing lifetime `'de` here\n     |\n1924 |     impl<'de> MockDeserializer {\n     |         +++++\n\nerror[E0433]: failed to resolve: use of undeclared crate or module `serde`\n    --> serde/src/de/value.rs:1912:83\n     |\n1912 |         fn visit_seq(self, seq: impl Iterator<Item = i32>) -> Result<Self::Value, serde::de::Error> {\n     |                                                                                   ^^^^^ use of undeclared crate or module `serde`\n     |\nhelp: consider importing one of these modules\n     |\n1900 +    use crate::__private::de;\n     |\n1900 +    use crate::de;\n     |\nhelp: if you import `de`, refer to it directly\n     |\n1912 -         fn visit_seq(self, seq: impl Iterator<Item = i32>) -> Result<Self::Value, serde::de::Error> {\n1912 +         fn visit_seq(self, seq: impl Iterator<Item = i32>) -> Result<Self::Value, de::Error> {\n     |\n\nerror[E0433]: failed to resolve: use of undeclared crate or module `serde`\n    --> serde/src/de/value.rs:1929:69\n     |\n1929 |         fn deserialize_any<V>(self, visitor: V) -> Result<V::Value, serde::de::Error>\n     |                                                                     ^^^^^ use of undeclared crate or module `serde`\n     |\nhelp: consider importing one of these modules\n     |\n1900 +    use crate::__private::de;\n     |\n1900 +    use crate::de;\n     |\nhelp: if you import `de`, refer to it directly\n     |\n1929 -         fn deserialize_any<V>(self, visitor: V) -> Result<V::Value, serde::de::Error>\n1929 +         fn deserialize_any<V>(self, visitor: V) -> Result<V::Value, de::Error>\n     |\n\nwarning: unused import: `ntest::timeout`\n    --> serde/src/de/value.rs:1901:8\n     |\n1901 |    use ntest::timeout;\n     |        ^^^^^^^^^^^^^^\n     |\n     = note: `#[warn(unused_imports)]` on by default\n\nerror[E0643]: method `visit_seq` has incompatible signature for trait\n    --> serde/src/de/value.rs:1912:33\n     |\n1912 |         fn visit_seq(self, seq: impl Iterator<Item = i32>) -> Result<Self::Value, serde::de::Error> {\n     |                                 ^^^^^^^^^^^^^^^^^^^^^^^^^ expected generic parameter, found `impl Trait`\n     |\n    ::: serde/src/de/mod.rs:1649:18\n     |\n1649 |     fn visit_seq<A>(self, seq: A) -> Result<Self::Value, A::Error>\n     |                  - declaration in trait here\n     |\nhelp: try changing the `impl Trait` argument to a generic parameter\n     |\n1912 |         fn visit_seq<A>(self, seq: A) -> Result<Self::Value, serde::de::Error> {\n     |                     +++            ~\n\nerror[E0046]: not all trait items implemented, missing: `expecting`\n    --> serde/src/de/value.rs:1909:5\n     |\n1909 |     impl<'de> de::Visitor<'de> for MockVisitor {\n     |     ^^^^^^^^^^^^^^^^^^^^^^^^^^^^^^^^^^^^^^^^^^ missing `expecting` in implementation\n     |\n    ::: serde/src/de/mod.rs:1310:5\n     |\n1310 |     fn expecting(&self, formatter: &mut fmt::Formatter) -> fmt::Result;\n     |     ------------------------------------------------------------------- `expecting` from trait\n\nSome errors have detailed explanations: E0046, E0261, E0433, E0643.\nFor more information about an error, try `rustc --explain E0046`.\nwarning: `serde` (lib test) generated 1 warning\nerror: could not compile `serde` (lib test) due to 5 previous errors; 1 warning emitted\n"
                }
              ],
              "repaired": [
                false
              ]
            },
            {
              "attrs": [],
              "prefix": [],
              "oracles": [],
              "codes": [
                [
                  "{",
                  "    struct MockVisitor {",
                  "        called: bool,",
                  "    }",
                  "",
                  "    impl<'de> de::Visitor<'de> for MockVisitor {",
                  "        type Value = Vec<i32>;",
                  "",
                  "        fn visit_seq(self, seq: impl Iterator<Item = i32>) -> Result<Self::Value, serde::de::Error> {",
                  "            self.called = true;",
                  "            Ok(seq.collect())",
                  "        }",
                  "",
                  "        // Other visitor methods can be defined here if needed",
                  "    }",
                  "",
                  "    struct MockDeserializer {",
                  "        seq: Vec<i32>,",
                  "    }",
                  "",
                  "    impl MockDeserializer {",
                  "        fn new(seq: Vec<i32>) -> Self {",
                  "            Self { seq }",
                  "        }",
                  "",
                  "        fn deserialize_any<V>(self, visitor: V) -> Result<V::Value, serde::de::Error>",
                  "        where",
                  "            V: de::Visitor<'de>,",
                  "        {",
                  "            visitor.visit_seq(self.seq.into_iter())",
                  "        }",
                  "    }",
                  "",
                  "    let deserializer = MockDeserializer::new(vec![1, 2, 3]);",
                  "    let visitor = MockVisitor { called: false };",
                  "",
                  "    let result = deserializer.deserialize_any(visitor);",
                  "",
                  "    assert!(result.is_ok());",
                  "    assert_eq!(result.unwrap(), vec![1, 2, 3]);",
                  "}"
                ]
              ],
              "can_compile": [
                {
                  "Err": "   Compiling proc-macro2 v1.0.95\n   Compiling syn v1.0.109\n   Compiling serde_derive v1.0.219 (/home/abezbm/rust-utgen-test-crates-new/serde/serde_derive)\n   Compiling serde v1.0.219 (/home/abezbm/rust-utgen-test-crates-new/serde/serde)\n   Compiling quote v1.0.40\n   Compiling syn v2.0.100\n   Compiling ntest_test_cases v0.9.3\n   Compiling ntest_timeout v0.9.3\n   Compiling ntest v0.9.3\nerror[E0261]: use of undeclared lifetime name `'de`\n    --> serde/src/de/value.rs:1931:28\n     |\n1931 |             V: de::Visitor<'de>,\n     |                            ^^^ undeclared lifetime\n     |\n     = note: for more information on higher-ranked polymorphism, visit https://doc.rust-lang.org/nomicon/hrtb.html\nhelp: consider making the bound lifetime-generic with a new `'de` lifetime\n     |\n1931 |             V: for<'de> de::Visitor<'de>,\n     |                ++++++++\nhelp: consider making the bound lifetime-generic with a new `'de` lifetime\n     |\n1931 |             for<'de> V: de::Visitor<'de>,\n     |             ++++++++\nhelp: consider introducing lifetime `'de` here\n     |\n1929 |         fn deserialize_any<'de, V>(self, visitor: V) -> Result<V::Value, serde::de::Error>\n     |                            ++++\nhelp: consider introducing lifetime `'de` here\n     |\n1924 |     impl<'de> MockDeserializer {\n     |         +++++\n\nerror[E0433]: failed to resolve: use of undeclared crate or module `serde`\n    --> serde/src/de/value.rs:1912:83\n     |\n1912 |         fn visit_seq(self, seq: impl Iterator<Item = i32>) -> Result<Self::Value, serde::de::Error> {\n     |                                                                                   ^^^^^ use of undeclared crate or module `serde`\n     |\nhelp: consider importing one of these modules\n     |\n1900 +    use crate::__private::de;\n     |\n1900 +    use crate::de;\n     |\nhelp: if you import `de`, refer to it directly\n     |\n1912 -         fn visit_seq(self, seq: impl Iterator<Item = i32>) -> Result<Self::Value, serde::de::Error> {\n1912 +         fn visit_seq(self, seq: impl Iterator<Item = i32>) -> Result<Self::Value, de::Error> {\n     |\n\nerror[E0433]: failed to resolve: use of undeclared crate or module `serde`\n    --> serde/src/de/value.rs:1929:69\n     |\n1929 |         fn deserialize_any<V>(self, visitor: V) -> Result<V::Value, serde::de::Error>\n     |                                                                     ^^^^^ use of undeclared crate or module `serde`\n     |\nhelp: consider importing one of these modules\n     |\n1900 +    use crate::__private::de;\n     |\n1900 +    use crate::de;\n     |\nhelp: if you import `de`, refer to it directly\n     |\n1929 -         fn deserialize_any<V>(self, visitor: V) -> Result<V::Value, serde::de::Error>\n1929 +         fn deserialize_any<V>(self, visitor: V) -> Result<V::Value, de::Error>\n     |\n\nwarning: unused import: `ntest::timeout`\n    --> serde/src/de/value.rs:1901:8\n     |\n1901 |    use ntest::timeout;\n     |        ^^^^^^^^^^^^^^\n     |\n     = note: `#[warn(unused_imports)]` on by default\n\nerror[E0643]: method `visit_seq` has incompatible signature for trait\n    --> serde/src/de/value.rs:1912:33\n     |\n1912 |         fn visit_seq(self, seq: impl Iterator<Item = i32>) -> Result<Self::Value, serde::de::Error> {\n     |                                 ^^^^^^^^^^^^^^^^^^^^^^^^^ expected generic parameter, found `impl Trait`\n     |\n    ::: serde/src/de/mod.rs:1649:18\n     |\n1649 |     fn visit_seq<A>(self, seq: A) -> Result<Self::Value, A::Error>\n     |                  - declaration in trait here\n     |\nhelp: try changing the `impl Trait` argument to a generic parameter\n     |\n1912 |         fn visit_seq<A>(self, seq: A) -> Result<Self::Value, serde::de::Error> {\n     |                     +++            ~\n\nerror[E0046]: not all trait items implemented, missing: `expecting`\n    --> serde/src/de/value.rs:1909:5\n     |\n1909 |     impl<'de> de::Visitor<'de> for MockVisitor {\n     |     ^^^^^^^^^^^^^^^^^^^^^^^^^^^^^^^^^^^^^^^^^^ missing `expecting` in implementation\n     |\n    ::: serde/src/de/mod.rs:1310:5\n     |\n1310 |     fn expecting(&self, formatter: &mut fmt::Formatter) -> fmt::Result;\n     |     ------------------------------------------------------------------- `expecting` from trait\n\nSome errors have detailed explanations: E0046, E0261, E0433, E0643.\nFor more information about an error, try `rustc --explain E0046`.\nwarning: `serde` (lib test) generated 1 warning\nerror: could not compile `serde` (lib test) due to 5 previous errors; 1 warning emitted\n"
                }
              ],
              "repaired": [
                false
              ]
            }
          ]
        }
      ]
    }
  ]
}