{
  "name": "bytes::buf::uninit_slice::buf::uninit_slice::UninitSlice::len",
  "name_with_impl": "bytes::buf::uninit_slice::{impl#0}::len",
  "mod_info": {
    "name": "buf::uninit_slice",
    "loc": "src/buf/mod.rs:25:1:25:18"
  },
  "visible": true,
  "loc": "src/buf/uninit_slice.rs:205:5:207:6",
  "fn_tests": [
    {
      "chain_id": 1,
      "prompt_conds": [],
      "input_infer": "",
      "answers": [
        {
          "uses": [],
          "has_test_mod": false,
          "common": [],
          "chain_tests": [
            {
              "attrs": [],
              "prefix": [],
              "oracles": [],
              "codes": [
                [
                  "{",
                  "    struct TestBufMut<'a>(&'a [u8]);",
                  "",
                  "    let data: &mut [u8] = &mut [];",
                  "    let buf_mut = TestBufMut(data);",
                  "    assert_eq!(buf_mut.len(), 0);",
                  "}"
                ]
              ],
              "can_compile": [
                {
                  "Err": "   Compiling proc-macro2 v1.0.95\n   Compiling syn v1.0.109\n   Compiling serde v1.0.219\n   Compiling quote v1.0.40\n   Compiling serde_test v1.0.177\n   Compiling ntest_test_cases v0.9.3\n   Compiling ntest_timeout v0.9.3\n   Compiling ntest v0.9.3\n   Compiling bytes v1.10.1 (/home/abezbm/rust-utgen-test-crates-new/bytes)\nwarning: unused import: `super::*`\n   --> src/buf/uninit_slice.rs:260:8\n    |\n260 |    use super::*;\n    |        ^^^^^^^^\n    |\n    = note: `#[warn(unused_imports)]` on by default\n\nwarning: unused import: `ntest::timeout`\n   --> src/buf/uninit_slice.rs:261:8\n    |\n261 |    use ntest::timeout;\n    |        ^^^^^^^^^^^^^^\n\nwarning: unused import: `super::*`\n    --> src/bytes_mut.rs:1500:9\n     |\n1500 |     use super::*;\n     |         ^^^^^^^^\n\nerror[E0599]: no method named `len` found for struct `TestBufMut` in the current scope\n   --> src/buf/uninit_slice.rs:269:24\n    |\n265 |     struct TestBufMut<'a>(&'a [u8]);\n    |     --------------------- method `len` not found for this struct\n...\n269 |     assert_eq!(buf_mut.len(), 0);\n    |                        ^^^ method not found in `TestBufMut<'_>`\n    |\n    = help: items from traits can only be used if the trait is implemented and in scope\n    = note: the following trait defines an item `len`, perhaps you need to implement it:\n            candidate #1: `ExactSizeIterator`\nhelp: one of the expressions' fields has a method of the same name\n    |\n269 |     assert_eq!(buf_mut.0.len(), 0);\n    |                        ++\n\nFor more information about this error, try `rustc --explain E0599`.\nwarning: `bytes` (lib test) generated 3 warnings\nerror: could not compile `bytes` (lib test) due to 1 previous error; 3 warnings emitted\n"
                }
              ],
              "repaired": [
                false
              ]
            },
            {
              "attrs": [],
              "prefix": [],
              "oracles": [],
              "codes": [
                [
                  "{",
                  "    struct TestBufMut<'a>(&'a [u8]);",
                  "",
                  "    let data: &mut [u8] = &mut [0, 1, 2];",
                  "    let buf_mut = TestBufMut(data);",
                  "    assert_eq!(buf_mut.len(), 3);",
                  "}"
                ]
              ],
              "can_compile": [
                {
                  "Err": "   Compiling proc-macro2 v1.0.95\n   Compiling syn v1.0.109\n   Compiling serde v1.0.219\n   Compiling quote v1.0.40\n   Compiling serde_test v1.0.177\n   Compiling ntest_test_cases v0.9.3\n   Compiling ntest_timeout v0.9.3\n   Compiling ntest v0.9.3\n   Compiling bytes v1.10.1 (/home/abezbm/rust-utgen-test-crates-new/bytes)\nwarning: unused import: `super::*`\n   --> src/buf/uninit_slice.rs:260:8\n    |\n260 |    use super::*;\n    |        ^^^^^^^^\n    |\n    = note: `#[warn(unused_imports)]` on by default\n\nwarning: unused import: `ntest::timeout`\n   --> src/buf/uninit_slice.rs:261:8\n    |\n261 |    use ntest::timeout;\n    |        ^^^^^^^^^^^^^^\n\nwarning: unused import: `super::*`\n    --> src/bytes_mut.rs:1500:9\n     |\n1500 |     use super::*;\n     |         ^^^^^^^^\n\nerror[E0599]: no method named `len` found for struct `TestBufMut` in the current scope\n   --> src/buf/uninit_slice.rs:269:24\n    |\n265 |     struct TestBufMut<'a>(&'a [u8]);\n    |     --------------------- method `len` not found for this struct\n...\n269 |     assert_eq!(buf_mut.len(), 3);\n    |                        ^^^ method not found in `TestBufMut<'_>`\n    |\n    = help: items from traits can only be used if the trait is implemented and in scope\n    = note: the following trait defines an item `len`, perhaps you need to implement it:\n            candidate #1: `ExactSizeIterator`\nhelp: one of the expressions' fields has a method of the same name\n    |\n269 |     assert_eq!(buf_mut.0.len(), 3);\n    |                        ++\n\nFor more information about this error, try `rustc --explain E0599`.\nwarning: `bytes` (lib test) generated 3 warnings\nerror: could not compile `bytes` (lib test) due to 1 previous error; 3 warnings emitted\n"
                }
              ],
              "repaired": [
                false
              ]
            },
            {
              "attrs": [],
              "prefix": [],
              "oracles": [],
              "codes": [
                [
                  "{",
                  "    struct TestBufMut<'a>(&'a [u8]);",
                  "",
                  "    let data: &mut [u8] = &mut [42];",
                  "    let buf_mut = TestBufMut(data);",
                  "    assert_eq!(buf_mut.len(), 1);",
                  "}"
                ]
              ],
              "can_compile": [
                {
                  "Err": "   Compiling proc-macro2 v1.0.95\n   Compiling syn v1.0.109\n   Compiling serde v1.0.219\n   Compiling quote v1.0.40\n   Compiling serde_test v1.0.177\n   Compiling ntest_test_cases v0.9.3\n   Compiling ntest_timeout v0.9.3\n   Compiling ntest v0.9.3\n   Compiling bytes v1.10.1 (/home/abezbm/rust-utgen-test-crates-new/bytes)\nwarning: unused import: `super::*`\n   --> src/buf/uninit_slice.rs:260:8\n    |\n260 |    use super::*;\n    |        ^^^^^^^^\n    |\n    = note: `#[warn(unused_imports)]` on by default\n\nwarning: unused import: `ntest::timeout`\n   --> src/buf/uninit_slice.rs:261:8\n    |\n261 |    use ntest::timeout;\n    |        ^^^^^^^^^^^^^^\n\nwarning: unused import: `super::*`\n    --> src/bytes_mut.rs:1500:9\n     |\n1500 |     use super::*;\n     |         ^^^^^^^^\n\nerror[E0599]: no method named `len` found for struct `TestBufMut` in the current scope\n   --> src/buf/uninit_slice.rs:269:24\n    |\n265 |     struct TestBufMut<'a>(&'a [u8]);\n    |     --------------------- method `len` not found for this struct\n...\n269 |     assert_eq!(buf_mut.len(), 1);\n    |                        ^^^ method not found in `TestBufMut<'_>`\n    |\n    = help: items from traits can only be used if the trait is implemented and in scope\n    = note: the following trait defines an item `len`, perhaps you need to implement it:\n            candidate #1: `ExactSizeIterator`\nhelp: one of the expressions' fields has a method of the same name\n    |\n269 |     assert_eq!(buf_mut.0.len(), 1);\n    |                        ++\n\nFor more information about this error, try `rustc --explain E0599`.\nwarning: `bytes` (lib test) generated 3 warnings\nerror: could not compile `bytes` (lib test) due to 1 previous error; 3 warnings emitted\n"
                }
              ],
              "repaired": [
                false
              ]
            },
            {
              "attrs": [],
              "prefix": [],
              "oracles": [],
              "codes": [
                [
                  "{",
                  "    struct TestBufMut<'a>(&'a [u8]);",
                  "",
                  "    let data: &mut [u8] = &mut [0; 1000]; // slice with 1000 zeroes",
                  "    let buf_mut = TestBufMut(data);",
                  "    assert_eq!(buf_mut.len(), 1000);",
                  "}"
                ]
              ],
              "can_compile": [
                {
                  "Err": "   Compiling proc-macro2 v1.0.95\n   Compiling syn v1.0.109\n   Compiling serde v1.0.219\n   Compiling quote v1.0.40\n   Compiling serde_test v1.0.177\n   Compiling ntest_test_cases v0.9.3\n   Compiling ntest_timeout v0.9.3\n   Compiling ntest v0.9.3\n   Compiling bytes v1.10.1 (/home/abezbm/rust-utgen-test-crates-new/bytes)\nwarning: unused import: `super::*`\n   --> src/buf/uninit_slice.rs:260:8\n    |\n260 |    use super::*;\n    |        ^^^^^^^^\n    |\n    = note: `#[warn(unused_imports)]` on by default\n\nwarning: unused import: `ntest::timeout`\n   --> src/buf/uninit_slice.rs:261:8\n    |\n261 |    use ntest::timeout;\n    |        ^^^^^^^^^^^^^^\n\nwarning: unused import: `super::*`\n    --> src/bytes_mut.rs:1500:9\n     |\n1500 |     use super::*;\n     |         ^^^^^^^^\n\nerror[E0599]: no method named `len` found for struct `TestBufMut` in the current scope\n   --> src/buf/uninit_slice.rs:269:24\n    |\n265 |     struct TestBufMut<'a>(&'a [u8]);\n    |     --------------------- method `len` not found for this struct\n...\n269 |     assert_eq!(buf_mut.len(), 1000);\n    |                        ^^^ method not found in `TestBufMut<'_>`\n    |\n    = help: items from traits can only be used if the trait is implemented and in scope\n    = note: the following trait defines an item `len`, perhaps you need to implement it:\n            candidate #1: `ExactSizeIterator`\nhelp: one of the expressions' fields has a method of the same name\n    |\n269 |     assert_eq!(buf_mut.0.len(), 1000);\n    |                        ++\n\nFor more information about this error, try `rustc --explain E0599`.\nwarning: `bytes` (lib test) generated 3 warnings\nerror: could not compile `bytes` (lib test) due to 1 previous error; 3 warnings emitted\n"
                }
              ],
              "repaired": [
                false
              ]
            }
          ]
        }
      ]
    }
  ]
}