{
  "name": "bytes::buf::buf_mut::<alloc::vec::Vec<u8> as buf::buf_mut::BufMut>::put_slice",
  "name_with_impl": "bytes::buf::buf_mut::{impl#4}::put_slice",
  "mod_info": {
    "name": "buf::buf_mut",
    "loc": "src/buf/mod.rs:18:1:18:13"
  },
  "visible": true,
  "loc": "src/buf/buf_mut.rs:1657:5:1659:6",
  "fn_tests": [
    {
      "chain_id": 1,
      "prompt_conds": [],
      "input_infer": "",
      "answers": [
        {
          "uses": [],
          "has_test_mod": false,
          "common": [
            "#[should_panic]",
            "fn test_put_slice_exceeding_capacity() {",
            "    let mut buf = bytes::BufMut::with_capacity(5);",
            "    buf.put_slice(&[1, 2, 3, 4, 5, 6]); // exceeds the capacity",
            "}"
          ],
          "chain_tests": [
            {
              "attrs": [],
              "prefix": [],
              "oracles": [],
              "codes": [
                [
                  "{",
                  "    let mut buf = bytes::BufMut::with_capacity(10);",
                  "    buf.put_slice(&[]);",
                  "    assert_eq!(buf.len(), 0);",
                  "}"
                ]
              ],
              "can_compile": [
                {
                  "Err": "    Blocking waiting for file lock on package cache\n   Compiling proc-macro2 v1.0.95\n   Compiling syn v1.0.109\n   Compiling serde v1.0.219\n   Compiling quote v1.0.40\n   Compiling serde_test v1.0.177\n   Compiling ntest_timeout v0.9.3\n   Compiling ntest_test_cases v0.9.3\n   Compiling ntest v0.9.3\n   Compiling bytes v1.10.1 (/home/abezbm/rust-utgen-test-crates-new/bytes)\nerror[E0433]: failed to resolve: use of undeclared crate or module `bytes`\n    --> src/buf/buf_mut.rs:1678:19\n     |\n1678 |     let mut buf = bytes::BufMut::with_capacity(5);\n     |                   ^^^^^ use of undeclared crate or module `bytes`\n     |\nhelp: consider importing this trait through its public re-export\n     |\n1674 +    use crate::BufMut;\n     |\nhelp: if you import `BufMut`, refer to it directly\n     |\n1678 -     let mut buf = bytes::BufMut::with_capacity(5);\n1678 +     let mut buf = BufMut::with_capacity(5);\n     |\n\nerror[E0433]: failed to resolve: use of undeclared crate or module `bytes`\n    --> src/buf/buf_mut.rs:1685:19\n     |\n1685 |     let mut buf = bytes::BufMut::with_capacity(10);\n     |                   ^^^^^ use of undeclared crate or module `bytes`\n     |\nhelp: consider importing this trait through its public re-export\n     |\n1674 +    use crate::BufMut;\n     |\nhelp: if you import `BufMut`, refer to it directly\n     |\n1685 -     let mut buf = bytes::BufMut::with_capacity(10);\n1685 +     let mut buf = BufMut::with_capacity(10);\n     |\n\nwarning: unused import: `ntest::timeout`\n    --> src/buf/buf_mut.rs:1675:8\n     |\n1675 |    use ntest::timeout;\n     |        ^^^^^^^^^^^^^^\n     |\n     = note: `#[warn(unused_imports)]` on by default\n\nwarning: unused import: `super::*`\n    --> src/bytes_mut.rs:1500:9\n     |\n1500 |     use super::*;\n     |         ^^^^^^^^\n\nwarning: unused import: `super`\n    --> src/buf/buf_mut.rs:1674:8\n     |\n1674 |    use super::*;\n     |        ^^^^^\n\nFor more information about this error, try `rustc --explain E0433`.\nwarning: `bytes` (lib test) generated 3 warnings\nerror: could not compile `bytes` (lib test) due to 2 previous errors; 3 warnings emitted\n"
                }
              ],
              "repaired": [
                false
              ]
            },
            {
              "attrs": [],
              "prefix": [],
              "oracles": [],
              "codes": [
                [
                  "{",
                  "    let mut buf = bytes::BufMut::with_capacity(10);",
                  "    buf.put_slice(&[1, 2, 3, 4, 5]);",
                  "    assert_eq!(buf.len(), 5);",
                  "    assert_eq!(buf.as_slice(), &[1, 2, 3, 4, 5]);",
                  "}"
                ]
              ],
              "can_compile": [
                {
                  "Err": "   Compiling proc-macro2 v1.0.95\n   Compiling syn v1.0.109\n   Compiling serde v1.0.219\n   Compiling quote v1.0.40\n   Compiling serde_test v1.0.177\n   Compiling ntest_test_cases v0.9.3\n   Compiling ntest_timeout v0.9.3\n   Compiling ntest v0.9.3\n   Compiling bytes v1.10.1 (/home/abezbm/rust-utgen-test-crates-new/bytes)\nerror[E0433]: failed to resolve: use of undeclared crate or module `bytes`\n    --> src/buf/buf_mut.rs:1678:19\n     |\n1678 |     let mut buf = bytes::BufMut::with_capacity(5);\n     |                   ^^^^^ use of undeclared crate or module `bytes`\n     |\nhelp: consider importing this trait through its public re-export\n     |\n1674 +    use crate::BufMut;\n     |\nhelp: if you import `BufMut`, refer to it directly\n     |\n1678 -     let mut buf = bytes::BufMut::with_capacity(5);\n1678 +     let mut buf = BufMut::with_capacity(5);\n     |\n\nerror[E0433]: failed to resolve: use of undeclared crate or module `bytes`\n    --> src/buf/buf_mut.rs:1685:19\n     |\n1685 |     let mut buf = bytes::BufMut::with_capacity(10);\n     |                   ^^^^^ use of undeclared crate or module `bytes`\n     |\nhelp: consider importing this trait through its public re-export\n     |\n1674 +    use crate::BufMut;\n     |\nhelp: if you import `BufMut`, refer to it directly\n     |\n1685 -     let mut buf = bytes::BufMut::with_capacity(10);\n1685 +     let mut buf = BufMut::with_capacity(10);\n     |\n\nwarning: unused import: `ntest::timeout`\n    --> src/buf/buf_mut.rs:1675:8\n     |\n1675 |    use ntest::timeout;\n     |        ^^^^^^^^^^^^^^\n     |\n     = note: `#[warn(unused_imports)]` on by default\n\nwarning: unused import: `super::*`\n    --> src/bytes_mut.rs:1500:9\n     |\n1500 |     use super::*;\n     |         ^^^^^^^^\n\nwarning: unused import: `super`\n    --> src/buf/buf_mut.rs:1674:8\n     |\n1674 |    use super::*;\n     |        ^^^^^\n\nFor more information about this error, try `rustc --explain E0433`.\nwarning: `bytes` (lib test) generated 3 warnings\nerror: could not compile `bytes` (lib test) due to 2 previous errors; 3 warnings emitted\n"
                }
              ],
              "repaired": [
                false
              ]
            },
            {
              "attrs": [],
              "prefix": [],
              "oracles": [],
              "codes": [
                [
                  "{",
                  "    let mut buf = bytes::BufMut::with_capacity(10);",
                  "    buf.put_slice(&[1; 15]); // filling with 15 bytes of 1",
                  "    assert_eq!(buf.len(), 15);",
                  "    assert_eq!(buf.as_slice(), &[1; 15]);",
                  "}"
                ]
              ],
              "can_compile": [
                {
                  "Err": "   Compiling proc-macro2 v1.0.95\n   Compiling syn v1.0.109\n   Compiling serde v1.0.219\n   Compiling quote v1.0.40\n   Compiling serde_test v1.0.177\n   Compiling ntest_test_cases v0.9.3\n   Compiling ntest_timeout v0.9.3\n   Compiling ntest v0.9.3\n   Compiling bytes v1.10.1 (/home/abezbm/rust-utgen-test-crates-new/bytes)\nerror[E0433]: failed to resolve: use of undeclared crate or module `bytes`\n    --> src/buf/buf_mut.rs:1678:19\n     |\n1678 |     let mut buf = bytes::BufMut::with_capacity(5);\n     |                   ^^^^^ use of undeclared crate or module `bytes`\n     |\nhelp: consider importing this trait through its public re-export\n     |\n1674 +    use crate::BufMut;\n     |\nhelp: if you import `BufMut`, refer to it directly\n     |\n1678 -     let mut buf = bytes::BufMut::with_capacity(5);\n1678 +     let mut buf = BufMut::with_capacity(5);\n     |\n\nerror[E0433]: failed to resolve: use of undeclared crate or module `bytes`\n    --> src/buf/buf_mut.rs:1685:19\n     |\n1685 |     let mut buf = bytes::BufMut::with_capacity(10);\n     |                   ^^^^^ use of undeclared crate or module `bytes`\n     |\nhelp: consider importing this trait through its public re-export\n     |\n1674 +    use crate::BufMut;\n     |\nhelp: if you import `BufMut`, refer to it directly\n     |\n1685 -     let mut buf = bytes::BufMut::with_capacity(10);\n1685 +     let mut buf = BufMut::with_capacity(10);\n     |\n\nwarning: unused import: `ntest::timeout`\n    --> src/buf/buf_mut.rs:1675:8\n     |\n1675 |    use ntest::timeout;\n     |        ^^^^^^^^^^^^^^\n     |\n     = note: `#[warn(unused_imports)]` on by default\n\nwarning: unused import: `super::*`\n    --> src/bytes_mut.rs:1500:9\n     |\n1500 |     use super::*;\n     |         ^^^^^^^^\n\nwarning: unused import: `super`\n    --> src/buf/buf_mut.rs:1674:8\n     |\n1674 |    use super::*;\n     |        ^^^^^\n\nFor more information about this error, try `rustc --explain E0433`.\nwarning: `bytes` (lib test) generated 3 warnings\nerror: could not compile `bytes` (lib test) due to 2 previous errors; 3 warnings emitted\n"
                }
              ],
              "repaired": [
                false
              ]
            },
            {
              "attrs": [],
              "prefix": [],
              "oracles": [],
              "codes": [
                [
                  "{",
                  "    let mut buf = bytes::BufMut::with_capacity(5);",
                  "    buf.put_slice(&[1, 2, 3, 4, 5]); // exactly fills the buffer",
                  "    assert_eq!(buf.len(), 5);",
                  "    assert_eq!(buf.as_slice(), &[1, 2, 3, 4, 5]);",
                  "}"
                ]
              ],
              "can_compile": [
                {
                  "Err": "   Compiling proc-macro2 v1.0.95\n   Compiling syn v1.0.109\n   Compiling serde v1.0.219\n   Compiling quote v1.0.40\n   Compiling serde_test v1.0.177\n   Compiling ntest_test_cases v0.9.3\n   Compiling ntest_timeout v0.9.3\n   Compiling ntest v0.9.3\n   Compiling bytes v1.10.1 (/home/abezbm/rust-utgen-test-crates-new/bytes)\nerror[E0433]: failed to resolve: use of undeclared crate or module `bytes`\n    --> src/buf/buf_mut.rs:1678:19\n     |\n1678 |     let mut buf = bytes::BufMut::with_capacity(5);\n     |                   ^^^^^ use of undeclared crate or module `bytes`\n     |\nhelp: consider importing this trait through its public re-export\n     |\n1674 +    use crate::BufMut;\n     |\nhelp: if you import `BufMut`, refer to it directly\n     |\n1678 -     let mut buf = bytes::BufMut::with_capacity(5);\n1678 +     let mut buf = BufMut::with_capacity(5);\n     |\n\nerror[E0433]: failed to resolve: use of undeclared crate or module `bytes`\n    --> src/buf/buf_mut.rs:1685:19\n     |\n1685 |     let mut buf = bytes::BufMut::with_capacity(5);\n     |                   ^^^^^ use of undeclared crate or module `bytes`\n     |\nhelp: consider importing this trait through its public re-export\n     |\n1674 +    use crate::BufMut;\n     |\nhelp: if you import `BufMut`, refer to it directly\n     |\n1685 -     let mut buf = bytes::BufMut::with_capacity(5);\n1685 +     let mut buf = BufMut::with_capacity(5);\n     |\n\nwarning: unused import: `ntest::timeout`\n    --> src/buf/buf_mut.rs:1675:8\n     |\n1675 |    use ntest::timeout;\n     |        ^^^^^^^^^^^^^^\n     |\n     = note: `#[warn(unused_imports)]` on by default\n\nwarning: unused import: `super::*`\n    --> src/bytes_mut.rs:1500:9\n     |\n1500 |     use super::*;\n     |         ^^^^^^^^\n\nwarning: unused import: `super`\n    --> src/buf/buf_mut.rs:1674:8\n     |\n1674 |    use super::*;\n     |        ^^^^^\n\nFor more information about this error, try `rustc --explain E0433`.\nwarning: `bytes` (lib test) generated 3 warnings\nerror: could not compile `bytes` (lib test) due to 2 previous errors; 3 warnings emitted\n"
                }
              ],
              "repaired": [
                false
              ]
            }
          ]
        }
      ]
    }
  ]
}