{
  "name": "bytes::bytes_mut::bytes_mut::BytesMut::freeze",
  "name_with_impl": "bytes::bytes_mut::{impl#0}::freeze",
  "mod_info": {
    "name": "bytes_mut",
    "loc": "src/lib.rs:83:1:83:15"
  },
  "visible": true,
  "loc": "src/bytes_mut.rs:246:5:265:6",
  "fn_tests": [
    {
      "chain_id": 1,
      "prompt_conds": [
        "// constraint: bytes.kind() == KIND_VEC is true\n",
        "// expected return value/type: b\n"
      ],
      "input_infer": "",
      "answers": [
        {
          "uses": [
            "use bytes::BytesMut;",
            "use bytes::Bytes;"
          ],
          "has_test_mod": false,
          "common": [],
          "chain_tests": [
            {
              "attrs": [],
              "prefix": [],
              "oracles": [],
              "codes": [
                [
                  "{",
                  "    use bytes::{BytesMut, Bytes};",
                  "",
                  "    struct TestVec {",
                  "        data: Vec<u8>,",
                  "    }",
                  "",
                  "    impl TestVec {",
                  "        fn new(len: usize) -> Self {",
                  "            Self {",
                  "                data: vec![0; len],",
                  "            }",
                  "        }",
                  "",
                  "        fn put(&mut self, bytes: &[u8]) {",
                  "            self.data.extend_from_slice(bytes);",
                  "        }",
                  "        ",
                  "        fn freeze(self) -> Bytes {",
                  "            let mut b = BytesMut::with_capacity(self.data.len());",
                  "            b.put(&self.data);",
                  "            b.freeze()",
                  "        }",
                  "    }",
                  "",
                  "    let test_vec = TestVec::new(64);",
                  "    let mut b = test_vec;",
                  "    ",
                  "    b.put(&b\"hello world\"[..]);",
                  "    let frozen_bytes = b.freeze();",
                  "",
                  "    assert_eq!(&frozen_bytes[..], b\"hello world\");",
                  "}"
                ]
              ],
              "can_compile": [
                {
                  "Err": "   Compiling proc-macro2 v1.0.95\n   Compiling syn v1.0.109\n   Compiling serde v1.0.219\n   Compiling quote v1.0.40\n   Compiling serde_test v1.0.177\n   Compiling ntest_timeout v0.9.3\n   Compiling ntest_test_cases v0.9.3\n   Compiling ntest v0.9.3\n   Compiling bytes v1.10.1 (/home/abezbm/rust-utgen-test-crates-new/bytes)\nerror[E0432]: unresolved import `bytes`\n    --> src/bytes_mut.rs:1929:9\n     |\n1929 |     use bytes::{BytesMut, Bytes};\n     |         ^^^^^ help: a similar path exists: `crate::bytes`\n     |\n     = note: `use` statements changed in Rust 2018; read more at <https://doc.rust-lang.org/edition-guide/rust-2018/module-system/path-clarity.html>\n\nwarning: unused import: `super::*`\n    --> src/bytes_mut.rs:1500:9\n     |\n1500 |     use super::*;\n     |         ^^^^^^^^\n     |\n     = note: `#[warn(unused_imports)]` on by default\n\nwarning: unused import: `ntest::timeout`\n    --> src/bytes_mut.rs:1925:8\n     |\n1925 |    use ntest::timeout;\n     |        ^^^^^^^^^^^^^^\n\nFor more information about this error, try `rustc --explain E0432`.\nwarning: `bytes` (lib test) generated 2 warnings\nerror: could not compile `bytes` (lib test) due to 1 previous error; 2 warnings emitted\n"
                }
              ],
              "repaired": [
                false
              ]
            },
            {
              "attrs": [],
              "prefix": [],
              "oracles": [],
              "codes": [
                [
                  "{",
                  "    use bytes::{BytesMut, Bytes};",
                  "",
                  "    let mut b = BytesMut::with_capacity(0);",
                  "    let frozen_bytes = b.freeze();",
                  "",
                  "    assert_eq!(&frozen_bytes[..], b\"\");",
                  "}"
                ]
              ],
              "can_compile": [
                {
                  "Err": "   Compiling proc-macro2 v1.0.95\n   Compiling syn v1.0.109\n   Compiling serde v1.0.219\n   Compiling quote v1.0.40\n   Compiling serde_test v1.0.177\n   Compiling ntest_timeout v0.9.3\n   Compiling ntest_test_cases v0.9.3\n   Compiling ntest v0.9.3\n   Compiling bytes v1.10.1 (/home/abezbm/rust-utgen-test-crates-new/bytes)\nerror[E0432]: unresolved import `bytes`\n    --> src/bytes_mut.rs:1929:9\n     |\n1929 |     use bytes::{BytesMut, Bytes};\n     |         ^^^^^ help: a similar path exists: `crate::bytes`\n     |\n     = note: `use` statements changed in Rust 2018; read more at <https://doc.rust-lang.org/edition-guide/rust-2018/module-system/path-clarity.html>\n\nwarning: unused import: `super::*`\n    --> src/bytes_mut.rs:1500:9\n     |\n1500 |     use super::*;\n     |         ^^^^^^^^\n     |\n     = note: `#[warn(unused_imports)]` on by default\n\nwarning: unused import: `super::*`\n    --> src/bytes_mut.rs:1924:8\n     |\n1924 |    use super::*;\n     |        ^^^^^^^^\n\nwarning: unused import: `ntest::timeout`\n    --> src/bytes_mut.rs:1925:8\n     |\n1925 |    use ntest::timeout;\n     |        ^^^^^^^^^^^^^^\n\nFor more information about this error, try `rustc --explain E0432`.\nwarning: `bytes` (lib test) generated 3 warnings\nerror: could not compile `bytes` (lib test) due to 1 previous error; 3 warnings emitted\n"
                }
              ],
              "repaired": [
                false
              ]
            }
          ]
        }
      ]
    },
    {
      "chain_id": 2,
      "prompt_conds": [
        "// constraint: bytes.kind() == KIND_VEC is false\n",
        "// constraint: (*left_val == *right_val) is true\n"
      ],
      "input_infer": "",
      "answers": [
        {
          "uses": [
            "use bytes::BytesMut;",
            "use bytes::Bytes;",
            "use std::mem::ManuallyDrop;",
            "use std::sync::Arc;"
          ],
          "has_test_mod": false,
          "common": [],
          "chain_tests": [
            {
              "attrs": [],
              "prefix": [],
              "oracles": [],
              "codes": [
                [
                  "{",
                  "    use bytes::{BytesMut, Bytes};",
                  "    use std::mem::ManuallyDrop;",
                  "    use std::sync::Arc;",
                  "",
                  "    // Setup a BytesMut instance with some data",
                  "    let mut bytes_mut = BytesMut::with_capacity(64);",
                  "    bytes_mut.put(&b\"hello world\"[..]);",
                  "",
                  "    // Create an instance that behaves like an ARC to satisfy the constraint",
                  "    struct ArcWrapper {",
                  "        data: Arc<Vec<u8>>,",
                  "    }",
                  "",
                  "    impl ArcWrapper {",
                  "        fn new(data: Vec<u8>) -> Self {",
                  "            ArcWrapper {",
                  "                data: Arc::new(data),",
                  "            }",
                  "        }",
                  "    }",
                  "",
                  "    // Replace the BytesMut with an Arc",
                  "    let bytes_arc = ArcWrapper::new(bytes_mut.to_vec());",
                  "",
                  "    // Attempt to freeze (which simulates the freeze functionality)",
                  "    let frozen_bytes: Bytes = unsafe {",
                  "        let bytes = ManuallyDrop::new(bytes_arc);",
                  "        Bytes::from(",
                  "            Arc::as_ptr(&bytes.data).cast::<u8>(),",
                  "            bytes.data.len(),",
                  "        )",
                  "    };",
                  "",
                  "    // Perform assertions to ensure constraints are met",
                  "    assert_eq!(&frozen_bytes[..], b\"hello world\");",
                  "    assert_eq!(frozen_bytes.len(), 11);",
                  "}"
                ]
              ],
              "can_compile": [
                {
                  "Err": "   Compiling proc-macro2 v1.0.95\n   Compiling syn v1.0.109\n   Compiling serde v1.0.219\n   Compiling quote v1.0.40\n   Compiling serde_test v1.0.177\n   Compiling ntest_test_cases v0.9.3\n   Compiling ntest_timeout v0.9.3\n   Compiling ntest v0.9.3\n   Compiling bytes v1.10.1 (/home/abezbm/rust-utgen-test-crates-new/bytes)\nerror[E0432]: unresolved import `bytes`\n    --> src/bytes_mut.rs:1929:9\n     |\n1929 |     use bytes::{BytesMut, Bytes};\n     |         ^^^^^ help: a similar path exists: `crate::bytes`\n     |\n     = note: `use` statements changed in Rust 2018; read more at <https://doc.rust-lang.org/edition-guide/rust-2018/module-system/path-clarity.html>\n\nwarning: unused import: `super::*`\n    --> src/bytes_mut.rs:1500:9\n     |\n1500 |     use super::*;\n     |         ^^^^^^^^\n     |\n     = note: `#[warn(unused_imports)]` on by default\n\nwarning: unused import: `ntest::timeout`\n    --> src/bytes_mut.rs:1925:8\n     |\n1925 |    use ntest::timeout;\n     |        ^^^^^^^^^^^^^^\n\nFor more information about this error, try `rustc --explain E0432`.\nwarning: `bytes` (lib test) generated 2 warnings\nerror: could not compile `bytes` (lib test) due to 1 previous error; 2 warnings emitted\n"
                }
              ],
              "repaired": [
                false
              ]
            }
          ]
        }
      ]
    },
    {
      "chain_id": 3,
      "prompt_conds": [
        "// constraint: bytes.kind() == KIND_VEC is false\n",
        "// constraint: (*left_val == *right_val) is false\n"
      ],
      "input_infer": "",
      "answers": [
        {
          "uses": [],
          "has_test_mod": false,
          "common": [],
          "chain_tests": [
            {
              "attrs": [],
              "prefix": [],
              "oracles": [],
              "codes": [
                [
                  "{",
                  "    struct DummyBytesMut {",
                  "        kind: usize,",
                  "        ptr: *const u8,",
                  "        len: usize,",
                  "        cap: usize,",
                  "        data: std::sync::atomic::AtomicPtr<u8>,",
                  "    }",
                  "    ",
                  "    const KIND_ARC: usize = 1; // Assume this is the kind representing non-Vec",
                  "    const SHARED_VTABLE: usize = 12345; // Dummy vtable representation",
                  "",
                  "    impl DummyBytesMut {",
                  "        fn kind(&self) -> usize {",
                  "            self.kind",
                  "        }",
                  "",
                  "        unsafe fn with_vtable(ptr: *const u8, len: usize, data: std::sync::atomic::AtomicPtr<u8>, vtable: usize) -> Bytes {",
                  "            // Simulated conversion to Bytes",
                  "            Bytes { ptr, len, data, vtable }",
                  "        }",
                  "",
                  "        fn freeze(self) -> Bytes {",
                  "            let bytes = std::mem::ManuallyDrop::new(self);",
                  "            if bytes.kind() == 0 { // Invalid scenario to trigger non-vec case",
                  "                panic!(\"Should not reach here\");",
                  "            } else {",
                  "                debug_assert_eq!(bytes.kind(), KIND_ARC);",
                  "                let ptr = bytes.ptr;",
                  "                let len = bytes.len;",
                  "                let data = bytes.data;",
                  "                unsafe { Bytes::with_vtable(ptr, len, data, SHARED_VTABLE) }",
                  "            }",
                  "        }",
                  "    }",
                  "",
                  "    struct Bytes {",
                  "        ptr: *const u8,",
                  "        len: usize,",
                  "        data: std::sync::atomic::AtomicPtr<u8>,",
                  "        vtable: usize,",
                  "    }",
                  "",
                  "    let dummy_data = [1u8, 2, 3, 4, 5];",
                  "    let ptr = dummy_data.as_ptr();",
                  "    ",
                  "    let bytes_mut = DummyBytesMut {",
                  "        kind: KIND_ARC,",
                  "        ptr,",
                  "        len: dummy_data.len(),",
                  "        cap: dummy_data.len(),",
                  "        data: std::sync::atomic::AtomicPtr::new(std::ptr::null_mut()),",
                  "    };",
                  "",
                  "    let frozen_bytes = bytes_mut.freeze();",
                  "",
                  "    // Validate the returned bytes",
                  "    assert_eq!(frozen_bytes.len, dummy_data.len());",
                  "    assert_eq!(frozen_bytes.ptr, ptr);",
                  "}"
                ]
              ],
              "can_compile": [
                {
                  "Err": "   Compiling proc-macro2 v1.0.95\n   Compiling syn v1.0.109\n   Compiling serde v1.0.219\n   Compiling quote v1.0.40\n   Compiling serde_test v1.0.177\n   Compiling ntest_test_cases v0.9.3\n   Compiling ntest_timeout v0.9.3\n   Compiling ntest v0.9.3\n   Compiling bytes v1.10.1 (/home/abezbm/rust-utgen-test-crates-new/bytes)\nwarning: unused import: `super::*`\n    --> src/bytes_mut.rs:1500:9\n     |\n1500 |     use super::*;\n     |         ^^^^^^^^\n     |\n     = note: `#[warn(unused_imports)]` on by default\n\nwarning: unused import: `ntest::timeout`\n    --> src/bytes_mut.rs:1925:8\n     |\n1925 |    use ntest::timeout;\n     |        ^^^^^^^^^^^^^^\n\nerror[E0599]: no function or associated item named `with_vtable` found for struct `llmtests::test_freeze_03::Bytes` in the current scope\n    --> src/bytes_mut.rs:1959:33\n     |\n1959 |                 unsafe { Bytes::with_vtable(ptr, len, data, SHARED_VTABLE) }\n     |                                 ^^^^^^^^^^^ function or associated item not found in `Bytes`\n...\n1964 |     struct Bytes {\n     |     ------------ function or associated item `with_vtable` not found for this struct\n\nFor more information about this error, try `rustc --explain E0599`.\nwarning: `bytes` (lib test) generated 2 warnings\nerror: could not compile `bytes` (lib test) due to 1 previous error; 2 warnings emitted\n"
                }
              ],
              "repaired": [
                false
              ]
            }
          ]
        }
      ]
    }
  ]
}