{
  "name": "serde::de::size_hint::from_bounds",
  "name_with_impl": "serde::de::size_hint::from_bounds",
  "mod_info": {
    "name": "de::size_hint",
    "loc": "serde/src/de/mod.rs:123:1:123:26"
  },
  "visible": true,
  "loc": "serde/src/de/size_hint.rs:4:1:9:2",
  "fn_tests": [
    {
      "chain_id": 0,
      "prompt_conds": [],
      "input_infer": "",
      "answers": [
        {
          "uses": [],
          "has_test_mod": false,
          "common": [],
          "chain_tests": [
            {
              "attrs": [],
              "prefix": [],
              "oracles": [],
              "codes": [
                [
                  "{",
                  "    struct TestIterator {",
                  "        current: usize,",
                  "        end: usize,",
                  "    }",
                  "",
                  "    impl Iterator for TestIterator {",
                  "        type Item = usize;",
                  "",
                  "        fn next(&mut self) -> Option<Self::Item> {",
                  "            if self.current < self.end {",
                  "                let value = self.current;",
                  "                self.current += 1;",
                  "                Some(value)",
                  "            } else {",
                  "                None",
                  "            }",
                  "        }",
                  "",
                  "        fn size_hint(&self) -> (usize, Option<usize>) {",
                  "            (self.end - self.current, Some(self.end - self.current))",
                  "        }",
                  "    }",
                  "",
                  "    let iter = TestIterator { current: 0, end: 10 };",
                  "    assert_eq!(serde::de::from_bounds(&iter), Some(10));",
                  "}"
                ]
              ],
              "can_compile": [
                {
                  "Err": "   Compiling proc-macro2 v1.0.95\n   Compiling syn v1.0.109\n   Compiling serde_derive v1.0.219 (/home/utgen/workspace/serde/serde_derive)\n   Compiling serde v1.0.219 (/home/utgen/workspace/serde/serde)\n   Compiling quote v1.0.40\n   Compiling syn v2.0.100\n   Compiling ntest_timeout v0.9.3\n   Compiling ntest_test_cases v0.9.3\n   Compiling ntest v0.9.3\nerror[E0433]: failed to resolve: use of undeclared crate or module `serde`\n  --> serde/src/de/size_hint.rs:62:16\n   |\n62 |     assert_eq!(serde::de::from_bounds(&iter), Some(10));\n   |                ^^^^^ use of undeclared crate or module `serde`\n\nwarning: unused import: `super::*`\n  --> serde/src/de/size_hint.rs:33:8\n   |\n33 |    use super::*;\n   |        ^^^^^^^^\n   |\n   = note: `#[warn(unused_imports)]` on by default\n\nwarning: unused import: `ntest::timeout`\n  --> serde/src/de/size_hint.rs:34:8\n   |\n34 |    use ntest::timeout;\n   |        ^^^^^^^^^^^^^^\n\nFor more information about this error, try `rustc --explain E0433`.\nwarning: `serde` (lib test) generated 2 warnings\nerror: could not compile `serde` (lib test) due to 1 previous error; 2 warnings emitted\n"
                }
              ],
              "repaired": [
                false
              ]
            },
            {
              "attrs": [],
              "prefix": [],
              "oracles": [],
              "codes": [
                [
                  "{",
                  "    struct EmptyIterator;",
                  "",
                  "    impl Iterator for EmptyIterator {",
                  "        type Item = usize;",
                  "",
                  "        fn next(&mut self) -> Option<Self::Item> {",
                  "            None",
                  "        }",
                  "",
                  "        fn size_hint(&self) -> (usize, Option<usize>) {",
                  "            (0, Some(0))",
                  "        }",
                  "    }",
                  "",
                  "    let iter = EmptyIterator;",
                  "    assert_eq!(serde::de::from_bounds(&iter), Some(0));",
                  "}"
                ]
              ],
              "can_compile": [
                {
                  "Err": "   Compiling proc-macro2 v1.0.95\n   Compiling syn v1.0.109\n   Compiling serde_derive v1.0.219 (/home/utgen/workspace/serde/serde_derive)\n   Compiling serde v1.0.219 (/home/utgen/workspace/serde/serde)\n   Compiling quote v1.0.40\n   Compiling syn v2.0.100\n   Compiling ntest_test_cases v0.9.3\n   Compiling ntest_timeout v0.9.3\n   Compiling ntest v0.9.3\nerror[E0433]: failed to resolve: use of undeclared crate or module `serde`\n  --> serde/src/de/size_hint.rs:53:16\n   |\n53 |     assert_eq!(serde::de::from_bounds(&iter), Some(0));\n   |                ^^^^^ use of undeclared crate or module `serde`\n\nwarning: unused import: `super::*`\n  --> serde/src/de/size_hint.rs:33:8\n   |\n33 |    use super::*;\n   |        ^^^^^^^^\n   |\n   = note: `#[warn(unused_imports)]` on by default\n\nwarning: unused import: `ntest::timeout`\n  --> serde/src/de/size_hint.rs:34:8\n   |\n34 |    use ntest::timeout;\n   |        ^^^^^^^^^^^^^^\n\nFor more information about this error, try `rustc --explain E0433`.\nwarning: `serde` (lib test) generated 2 warnings\nerror: could not compile `serde` (lib test) due to 1 previous error; 2 warnings emitted\n"
                }
              ],
              "repaired": [
                false
              ]
            },
            {
              "attrs": [],
              "prefix": [],
              "oracles": [],
              "codes": [
                [
                  "{",
                  "    struct OverIterator {",
                  "        current: usize,",
                  "        end: usize,",
                  "    }",
                  "",
                  "    impl Iterator for OverIterator {",
                  "        type Item = usize;",
                  "",
                  "        fn next(&mut self) -> Option<Self::Item> {",
                  "            if self.current < self.end {",
                  "                let value = self.current;",
                  "                self.current += 1;",
                  "                Some(value)",
                  "            } else {",
                  "                None",
                  "            }",
                  "        }",
                  "",
                  "        fn size_hint(&self) -> (usize, Option<usize>) {",
                  "            (self.end + 5, None) // Exceeding bounds",
                  "        }",
                  "    }",
                  "",
                  "    let iter = OverIterator { current: 0, end: 10 };",
                  "    assert_eq!(serde::de::from_bounds(&iter), Some(15)); // Expected size hint should consider the None as unlimited",
                  "}"
                ]
              ],
              "can_compile": [
                {
                  "Err": "   Compiling proc-macro2 v1.0.95\n   Compiling syn v1.0.109\n   Compiling serde_derive v1.0.219 (/home/utgen/workspace/serde/serde_derive)\n   Compiling serde v1.0.219 (/home/utgen/workspace/serde/serde)\n   Compiling quote v1.0.40\n   Compiling syn v2.0.100\n   Compiling ntest_test_cases v0.9.3\n   Compiling ntest_timeout v0.9.3\n   Compiling ntest v0.9.3\nerror[E0433]: failed to resolve: use of undeclared crate or module `serde`\n  --> serde/src/de/size_hint.rs:62:16\n   |\n62 |     assert_eq!(serde::de::from_bounds(&iter), Some(15)); // Expected size hint should consider the None as unlimited\n   |                ^^^^^ use of undeclared crate or module `serde`\n\nwarning: unused import: `super::*`\n  --> serde/src/de/size_hint.rs:33:8\n   |\n33 |    use super::*;\n   |        ^^^^^^^^\n   |\n   = note: `#[warn(unused_imports)]` on by default\n\nwarning: unused import: `ntest::timeout`\n  --> serde/src/de/size_hint.rs:34:8\n   |\n34 |    use ntest::timeout;\n   |        ^^^^^^^^^^^^^^\n\nFor more information about this error, try `rustc --explain E0433`.\nwarning: `serde` (lib test) generated 2 warnings\nerror: could not compile `serde` (lib test) due to 1 previous error; 2 warnings emitted\n"
                }
              ],
              "repaired": [
                false
              ]
            }
          ]
        }
      ]
    }
  ]
}