{
  "name": "serde::ser::fmt::ser::fmt::<impl ser::Serializer for &mut std::fmt::Formatter<'a>>::serialize_tuple",
  "name_with_impl": "serde::ser::fmt::{impl#1}::serialize_tuple",
  "mod_info": {
    "name": "ser::fmt",
    "loc": "serde/src/ser/mod.rs:112:1:112:9"
  },
  "visible": true,
  "loc": "serde/src/ser/fmt.rs:120:5:122:6",
  "fn_tests": [
    {
      "chain_id": 0,
      "prompt_conds": [],
      "input_infer": "",
      "answers": [
        {
          "uses": [],
          "has_test_mod": false,
          "common": [
            "#[derive(Debug)]",
            "struct DummySerializer;",
            "",
            "impl DummySerializer {",
            "    fn serialize_tuple(self, _len: usize) -> Result<Self::SerializeTuple, fmt::Error> {",
            "        Err(fmt::Error)",
            "    }",
            "}"
          ],
          "chain_tests": [
            {
              "attrs": [],
              "prefix": [],
              "oracles": [],
              "codes": [
                [
                  "{",
                  "    let serializer = DummySerializer;",
                  "    let result = serializer.serialize_tuple(2);",
                  "    assert!(result.is_err());",
                  "}"
                ]
              ],
              "can_compile": [
                {
                  "Err": "   Compiling proc-macro2 v1.0.95\n   Compiling syn v1.0.109\n   Compiling serde_derive v1.0.219 (/home/utgen/workspace/serde/serde_derive)\n   Compiling serde v1.0.219 (/home/utgen/workspace/serde/serde)\n   Compiling quote v1.0.40\n   Compiling syn v2.0.100\n   Compiling ntest_timeout v0.9.3\n   Compiling ntest_test_cases v0.9.3\n   Compiling ntest v0.9.3\nwarning: unused import: `ntest::timeout`\n   --> serde/src/ser/fmt.rs:174:8\n    |\n174 |    use ntest::timeout;\n    |        ^^^^^^^^^^^^^^\n    |\n    = note: `#[warn(unused_imports)]` on by default\n\nerror[E0223]: ambiguous associated type\n   --> serde/src/ser/fmt.rs:179:53\n    |\n179 |     fn serialize_tuple(self, _len: usize) -> Result<Self::SerializeTuple, fmt::Error> {\n    |                                                     ^^^^^^^^^^^^^^^^^^^^\n    |\nhelp: if there were a trait named `Example` with associated type `SerializeTuple` implemented for `DummySerializer`, you could use the fully-qualified path\n    |\n179 |     fn serialize_tuple(self, _len: usize) -> Result<<DummySerializer as Example>::SerializeTuple, fmt::Error> {\n    |                                                     ~~~~~~~~~~~~~~~~~~~~~~~~~~~~~~~~~~~~~~~~~~~~\n\nFor more information about this error, try `rustc --explain E0223`.\nwarning: `serde` (lib test) generated 1 warning\nerror: could not compile `serde` (lib test) due to 1 previous error; 1 warning emitted\n"
                }
              ],
              "repaired": [
                false
              ]
            },
            {
              "attrs": [
                "#[should_panic]"
              ],
              "prefix": [],
              "oracles": [],
              "codes": [
                [
                  "{",
                  "    let serializer = DummySerializer;",
                  "    // This will not panic since we are testing for an error case, but you can change the situation here if necessary.",
                  "    let _ = serializer.serialize_tuple(3).unwrap();",
                  "}"
                ]
              ],
              "can_compile": [
                {
                  "Err": "   Compiling proc-macro2 v1.0.95\n   Compiling syn v1.0.109\n   Compiling serde_derive v1.0.219 (/home/utgen/workspace/serde/serde_derive)\n   Compiling serde v1.0.219 (/home/utgen/workspace/serde/serde)\n   Compiling quote v1.0.40\n   Compiling syn v2.0.100\n   Compiling ntest_timeout v0.9.3\n   Compiling ntest_test_cases v0.9.3\n   Compiling ntest v0.9.3\nwarning: unused import: `ntest::timeout`\n   --> serde/src/ser/fmt.rs:174:8\n    |\n174 |    use ntest::timeout;\n    |        ^^^^^^^^^^^^^^\n    |\n    = note: `#[warn(unused_imports)]` on by default\n\nerror[E0223]: ambiguous associated type\n   --> serde/src/ser/fmt.rs:179:53\n    |\n179 |     fn serialize_tuple(self, _len: usize) -> Result<Self::SerializeTuple, fmt::Error> {\n    |                                                     ^^^^^^^^^^^^^^^^^^^^\n    |\nhelp: if there were a trait named `Example` with associated type `SerializeTuple` implemented for `DummySerializer`, you could use the fully-qualified path\n    |\n179 |     fn serialize_tuple(self, _len: usize) -> Result<<DummySerializer as Example>::SerializeTuple, fmt::Error> {\n    |                                                     ~~~~~~~~~~~~~~~~~~~~~~~~~~~~~~~~~~~~~~~~~~~~\n\nFor more information about this error, try `rustc --explain E0223`.\nwarning: `serde` (lib test) generated 1 warning\nerror: could not compile `serde` (lib test) due to 1 previous error; 1 warning emitted\n"
                }
              ],
              "repaired": [
                false
              ]
            }
          ]
        }
      ]
    }
  ]
}