{
  "name": "serde::de::value::private::<de::value::private::UnitOnly<E> as de::VariantAccess<'de>>::tuple_variant",
  "name_with_impl": "serde::de::value::private::{impl#0}::tuple_variant",
  "mod_info": {
    "name": "de::value::private",
    "loc": "serde/src/de/value.rs:1730:1:1894:2"
  },
  "visible": true,
  "loc": "serde/src/de/value.rs:1770:9:1778:10",
  "fn_tests": [
    {
      "chain_id": 0,
      "prompt_conds": [],
      "input_infer": "",
      "answers": [
        {
          "uses": [],
          "has_test_mod": false,
          "common": [],
          "chain_tests": [
            {
              "attrs": [],
              "prefix": [],
              "oracles": [],
              "codes": [
                [
                  "{",
                  "    struct TestVisitor;",
                  "",
                  "    impl<'de> serde::de::Visitor<'de> for TestVisitor {",
                  "        type Value = ();",
                  "",
                  "        fn expecting(&self, formatter: &mut std::fmt::Formatter) -> std::fmt::Result {",
                  "            formatter.write_str(\"tuple variant\")",
                  "        }",
                  "",
                  "        fn visit_unit_variant<E>(self) -> Result<Self::Value, E>",
                  "        where",
                  "            E: serde::de::Error,",
                  "        {",
                  "            Err(E::invalid_type(serde::de::Unexpected::UnitVariant, &\"tuple variant\"))",
                  "        }",
                  "    }",
                  "",
                  "    struct TestDeserializer;",
                  "",
                  "    impl<'de> serde::de::Deserializer<'de> for TestDeserializer {",
                  "        type Error = serde::de::Error;",
                  "",
                  "        fn deserialize_any<V>(self, visitor: V) -> Result<V::Value, Self::Error>",
                  "        where",
                  "            V: serde::de::Visitor<'de>,",
                  "        {",
                  "            visitor.visit_unit_variant()",
                  "        }",
                  "",
                  "        // Other methods of the Deserializer trait can be left unimplemented for this test",
                  "        fn deserialize_bool(self) -> Result<bool, Self::Error> { unimplemented!() }",
                  "        fn deserialize_i8(self) -> Result<i8, Self::Error> { unimplemented!() }",
                  "        // ... other necessary methods from the trait could follow",
                  "    }",
                  "",
                  "    let deserializer = TestDeserializer;",
                  "    let visitor = TestVisitor;",
                  "",
                  "    let result: Result<_, serde::de::Error> = deserializer.tuple_variant(0, visitor);",
                  "    assert!(result.is_err());",
                  "}"
                ]
              ],
              "can_compile": [
                {
                  "Err": "   Compiling proc-macro2 v1.0.95\n   Compiling syn v1.0.109\n   Compiling serde_derive v1.0.219 (/home/utgen/workspace/serde/serde_derive)\n   Compiling serde v1.0.219 (/home/utgen/workspace/serde/serde)\n   Compiling quote v1.0.40\n   Compiling syn v2.0.100\n   Compiling ntest_test_cases v0.9.3\n   Compiling ntest_timeout v0.9.3\n   Compiling ntest v0.9.3\nerror[E0433]: failed to resolve: use of undeclared crate or module `serde`\n    --> serde/src/de/value.rs:1904:15\n     |\n1904 |     impl<'de> serde::de::Visitor<'de> for TestVisitor {\n     |               ^^^^^ use of undeclared crate or module `serde`\n     |\nhelp: consider importing one of these modules\n     |\n1897 +    use crate::__private::de;\n     |\n1897 +    use crate::de;\n     |\nhelp: if you import `de`, refer to it directly\n     |\n1904 -     impl<'de> serde::de::Visitor<'de> for TestVisitor {\n1904 +     impl<'de> de::Visitor<'de> for TestVisitor {\n     |\n\nerror[E0433]: failed to resolve: use of undeclared crate or module `serde`\n    --> serde/src/de/value.rs:1913:16\n     |\n1913 |             E: serde::de::Error,\n     |                ^^^^^ use of undeclared crate or module `serde`\n     |\nhelp: consider importing one of these modules\n     |\n1897 +    use crate::__private::de;\n     |\n1897 +    use crate::de;\n     |\nhelp: if you import `de`, refer to it directly\n     |\n1913 -             E: serde::de::Error,\n1913 +             E: de::Error,\n     |\n\nerror[E0433]: failed to resolve: use of undeclared crate or module `serde`\n    --> serde/src/de/value.rs:1915:33\n     |\n1915 |             Err(E::invalid_type(serde::de::Unexpected::UnitVariant, &\"tuple variant\"))\n     |                                 ^^^^^ use of undeclared crate or module `serde`\n     |\nhelp: consider importing this enum\n     |\n1897 +    use crate::de::Unexpected;\n     |\nhelp: if you import `Unexpected`, refer to it directly\n     |\n1915 -             Err(E::invalid_type(serde::de::Unexpected::UnitVariant, &\"tuple variant\"))\n1915 +             Err(E::invalid_type(Unexpected::UnitVariant, &\"tuple variant\"))\n     |\n\nerror[E0433]: failed to resolve: use of undeclared crate or module `serde`\n    --> serde/src/de/value.rs:1921:15\n     |\n1921 |     impl<'de> serde::de::Deserializer<'de> for TestDeserializer {\n     |               ^^^^^ use of undeclared crate or module `serde`\n     |\nhelp: consider importing one of these modules\n     |\n1897 +    use crate::__private::de;\n     |\n1897 +    use crate::de;\n     |\nhelp: if you import `de`, refer to it directly\n     |\n1921 -     impl<'de> serde::de::Deserializer<'de> for TestDeserializer {\n1921 +     impl<'de> de::Deserializer<'de> for TestDeserializer {\n     |\n\nerror[E0433]: failed to resolve: use of undeclared crate or module `serde`\n    --> serde/src/de/value.rs:1922:22\n     |\n1922 |         type Error = serde::de::Error;\n     |                      ^^^^^ use of undeclared crate or module `serde`\n     |\nhelp: consider importing one of these modules\n     |\n1897 +    use crate::__private::de;\n     |\n1897 +    use crate::de;\n     |\nhelp: if you import `de`, refer to it directly\n     |\n1922 -         type Error = serde::de::Error;\n1922 +         type Error = de::Error;\n     |\n\nerror[E0433]: failed to resolve: use of undeclared crate or module `serde`\n    --> serde/src/de/value.rs:1926:16\n     |\n1926 |             V: serde::de::Visitor<'de>,\n     |                ^^^^^ use of undeclared crate or module `serde`\n     |\nhelp: consider importing one of these modules\n     |\n1897 +    use crate::__private::de;\n     |\n1897 +    use crate::de;\n     |\nhelp: if you import `de`, refer to it directly\n     |\n1926 -             V: serde::de::Visitor<'de>,\n1926 +             V: de::Visitor<'de>,\n     |\n\nerror[E0433]: failed to resolve: use of undeclared crate or module `serde`\n    --> serde/src/de/value.rs:1940:27\n     |\n1940 |     let result: Result<_, serde::de::Error> = deserializer.tuple_variant(0, visitor);\n     |                           ^^^^^ use of undeclared crate or module `serde`\n     |\nhelp: consider importing one of these modules\n     |\n1897 +    use crate::__private::de;\n     |\n1897 +    use crate::de;\n     |\nhelp: if you import `de`, refer to it directly\n     |\n1940 -     let result: Result<_, serde::de::Error> = deserializer.tuple_variant(0, visitor);\n1940 +     let result: Result<_, de::Error> = deserializer.tuple_variant(0, visitor);\n     |\n\nwarning: unused import: `ntest::timeout`\n    --> serde/src/de/value.rs:1898:8\n     |\n1898 |    use ntest::timeout;\n     |        ^^^^^^^^^^^^^^\n     |\n     = note: `#[warn(unused_imports)]` on by default\n\nerror[E0223]: ambiguous associated type\n    --> serde/src/de/value.rs:1911:50\n     |\n1911 |         fn visit_unit_variant<E>(self) -> Result<Self::Value, E>\n     |                                                  ^^^^^^^^^^^\n     |\nhelp: if there were a trait named `Example` with associated type `Value` implemented for `TestVisitor`, you could use the fully-qualified path\n     |\n1911 |         fn visit_unit_variant<E>(self) -> Result<<TestVisitor as Example>::Value, E>\n     |                                                  ~~~~~~~~~~~~~~~~~~~~~~~~~~~~~~~\n\nerror[E0220]: associated type `Value` not found for `V`\n    --> serde/src/de/value.rs:1924:62\n     |\n1924 |         fn deserialize_any<V>(self, visitor: V) -> Result<V::Value, Self::Error>\n     |                                                              ^^^^^ associated type `Value` not found\n\nerror[E0223]: ambiguous associated type\n    --> serde/src/de/value.rs:1924:69\n     |\n1924 |         fn deserialize_any<V>(self, visitor: V) -> Result<V::Value, Self::Error>\n     |                                                                     ^^^^^^^^^^^\n     |\nhelp: use fully-qualified syntax\n     |\n1924 |         fn deserialize_any<V>(self, visitor: V) -> Result<V::Value, <TestDeserializer as TryFrom>::Error>\n     |                                                                     ~~~~~~~~~~~~~~~~~~~~~~~~~~~~~~~~~~~~\n1924 |         fn deserialize_any<V>(self, visitor: V) -> Result<V::Value, <TestDeserializer as TryInto>::Error>\n     |                                                                     ~~~~~~~~~~~~~~~~~~~~~~~~~~~~~~~~~~~~\n\nerror[E0223]: ambiguous associated type\n    --> serde/src/de/value.rs:1932:51\n     |\n1932 |         fn deserialize_bool(self) -> Result<bool, Self::Error> { unimplemented!() }\n     |                                                   ^^^^^^^^^^^\n     |\nhelp: use fully-qualified syntax\n     |\n1932 |         fn deserialize_bool(self) -> Result<bool, <TestDeserializer as TryFrom>::Error> { unimplemented!() }\n     |                                                   ~~~~~~~~~~~~~~~~~~~~~~~~~~~~~~~~~~~~\n1932 |         fn deserialize_bool(self) -> Result<bool, <TestDeserializer as TryInto>::Error> { unimplemented!() }\n     |                                                   ~~~~~~~~~~~~~~~~~~~~~~~~~~~~~~~~~~~~\n\nerror[E0223]: ambiguous associated type\n    --> serde/src/de/value.rs:1933:47\n     |\n1933 |         fn deserialize_i8(self) -> Result<i8, Self::Error> { unimplemented!() }\n     |                                               ^^^^^^^^^^^\n     |\nhelp: use fully-qualified syntax\n     |\n1933 |         fn deserialize_i8(self) -> Result<i8, <TestDeserializer as TryFrom>::Error> { unimplemented!() }\n     |                                               ~~~~~~~~~~~~~~~~~~~~~~~~~~~~~~~~~~~~\n1933 |         fn deserialize_i8(self) -> Result<i8, <TestDeserializer as TryInto>::Error> { unimplemented!() }\n     |                                               ~~~~~~~~~~~~~~~~~~~~~~~~~~~~~~~~~~~~\n\nSome errors have detailed explanations: E0220, E0223, E0433.\nFor more information about an error, try `rustc --explain E0220`.\nwarning: `serde` (lib test) generated 1 warning\nerror: could not compile `serde` (lib test) due to 12 previous errors; 1 warning emitted\n"
                }
              ],
              "repaired": [
                false
              ]
            }
          ]
        }
      ]
    }
  ]
}