{
  "name": "serde::de::MapAccess::next_entry_seed",
  "name_with_impl": "serde::de::MapAccess::next_entry_seed",
  "mod_info": {
    "name": "de",
    "loc": "serde/src/lib.rs:311:1:311:12"
  },
  "visible": true,
  "loc": "serde/src/de/mod.rs:1828:5:1844:6",
  "fn_tests": [
    {
      "chain_id": 0,
      "prompt_conds": [],
      "input_infer": "",
      "answers": [
        {
          "uses": [
            "use serde::de::Deserializer;",
            "use serde::Deserialize;",
            "use serde::de::MapAccess;",
            "use std::marker::PhantomData;",
            "use serde::de::DeserializeSeed;"
          ],
          "has_test_mod": false,
          "common": [],
          "chain_tests": [
            {
              "attrs": [],
              "prefix": [],
              "oracles": [],
              "codes": [
                [
                  "{",
                  "    use serde::de::{Deserializer, DeserializeSeed, MapAccess};",
                  "    use serde::Deserialize;",
                  "    use std::marker::PhantomData;",
                  "",
                  "    struct TestMapAccess {",
                  "        items: Vec<(i32, String)>,",
                  "        current: usize,",
                  "    }",
                  "",
                  "    impl TestMapAccess {",
                  "        fn new(items: Vec<(i32, String)>) -> Self {",
                  "            TestMapAccess { items, current: 0 }",
                  "        }",
                  "    }",
                  "",
                  "    impl<'de> MapAccess<'de> for TestMapAccess {",
                  "        type Error = serde::de::value::Error;",
                  "",
                  "        fn next_key_seed<K>(&mut self, seed: K) -> Result<Option<K::Value>, Self::Error>",
                  "        where",
                  "            K: DeserializeSeed<'de>,",
                  "        {",
                  "            if self.current < self.items.len() {",
                  "                let (key, _) = &self.items[self.current];",
                  "                let value = seed.deserialize(*key).map(|v| Some(v))?;",
                  "                Ok(value)",
                  "            } else {",
                  "                Ok(None)",
                  "            }",
                  "        }",
                  "",
                  "        fn next_value_seed<V>(&mut self, seed: V) -> Result<V::Value, Self::Error>",
                  "        where",
                  "            V: DeserializeSeed<'de>,",
                  "        {",
                  "            if self.current < self.items.len() {",
                  "                let (_, value) = &self.items[self.current];",
                  "                let result = seed.deserialize(value.clone())?;",
                  "                self.current += 1;",
                  "                Ok(result)",
                  "            } else {",
                  "                Err(serde::de::value::Error::custom(\"No more values\"))",
                  "            }",
                  "        }",
                  "    }",
                  "",
                  "    struct IntSeed;",
                  "    ",
                  "    impl<'de> DeserializeSeed<'de> for IntSeed {",
                  "        type Value = i32;",
                  "",
                  "        fn deserialize<D>(self, deserializer: D) -> Result<Self::Value, D::Error>",
                  "        where",
                  "            D: Deserializer<'de>,",
                  "        {",
                  "            deserializer.deserialize_i32(serde::de::value::BorrowedBytes::from(&0))",
                  "        }",
                  "    }",
                  "",
                  "    struct StringSeed;",
                  "",
                  "    impl<'de> DeserializeSeed<'de> for StringSeed {",
                  "        type Value = String;",
                  "",
                  "        fn deserialize<D>(self, deserializer: D) -> Result<Self::Value, D::Error>",
                  "        where",
                  "            D: Deserializer<'de>,",
                  "        {",
                  "            Ok(\"test\".to_string())",
                  "        }",
                  "    }",
                  "",
                  "    let items = vec![(1, \"one\".to_string()), (2, \"two\".to_string())];",
                  "    let mut access = TestMapAccess::new(items);",
                  "    let kseed = IntSeed;",
                  "    let vseed = StringSeed;",
                  "    ",
                  "    let result1 = access.next_entry_seed(kseed, vseed);",
                  "    assert!(result1.is_ok());",
                  "    assert_eq!(result1.unwrap(), Some((1, \"test\".to_string())));",
                  "    ",
                  "    let result2 = access.next_entry_seed(kseed, vseed);",
                  "    assert!(result2.is_ok());",
                  "    assert_eq!(result2.unwrap(), Some((2, \"test\".to_string())));",
                  "    ",
                  "    let result3 = access.next_entry_seed(kseed, vseed);",
                  "    assert!(result3.is_ok());",
                  "    assert_eq!(result3.unwrap(), None);",
                  "}"
                ]
              ],
              "can_compile": [
                {
                  "Err": "   Compiling proc-macro2 v1.0.95\n   Compiling syn v1.0.109\n   Compiling serde_derive v1.0.219 (/home/utgen/workspace/serde/serde_derive)\n   Compiling serde v1.0.219 (/home/utgen/workspace/serde/serde)\n   Compiling quote v1.0.40\n   Compiling syn v2.0.100\n   Compiling ntest_timeout v0.9.3\n   Compiling ntest_test_cases v0.9.3\n   Compiling ntest v0.9.3\nerror[E0433]: failed to resolve: use of undeclared crate or module `serde`\n    --> serde/src/de/mod.rs:2343:9\n     |\n2343 |     use serde::de::{Deserializer, DeserializeSeed, MapAccess};\n     |         ^^^^^ use of undeclared crate or module `serde`\n\nerror[E0432]: unresolved import `serde`\n    --> serde/src/de/mod.rs:2344:9\n     |\n2344 |     use serde::Deserialize;\n     |         ^^^^^ use of undeclared crate or module `serde`\n\nerror[E0433]: failed to resolve: use of undeclared crate or module `serde`\n    --> serde/src/de/mod.rs:2398:42\n     |\n2398 |             deserializer.deserialize_i32(serde::de::value::BorrowedBytes::from(&0))\n     |                                          ^^^^^ use of undeclared crate or module `serde`\n\nerror[E0433]: failed to resolve: use of undeclared crate or module `serde`\n    --> serde/src/de/mod.rs:2359:22\n     |\n2359 |         type Error = serde::de::value::Error;\n     |                      ^^^^^ use of undeclared crate or module `serde`\n     |\nhelp: consider importing this module\n     |\n2338 +    use crate::de::value;\n     |\nhelp: if you import `value`, refer to it directly\n     |\n2359 -         type Error = serde::de::value::Error;\n2359 +         type Error = value::Error;\n     |\n\nerror[E0433]: failed to resolve: use of undeclared crate or module `serde`\n    --> serde/src/de/mod.rs:2384:21\n     |\n2384 |                 Err(serde::de::value::Error::custom(\"No more values\"))\n     |                     ^^^^^ use of undeclared crate or module `serde`\n     |\nhelp: consider importing one of these items\n     |\n2338 +    use crate::__private::doc::Error;\n     |\n2338 +    use crate::__private::fmt::Error;\n     |\n2338 +    use crate::de::Error;\n     |\n2338 +    use crate::de::error::Error;\n     |\n       and 7 other candidates\nhelp: if you import `Error`, refer to it directly\n     |\n2384 -                 Err(serde::de::value::Error::custom(\"No more values\"))\n2384 +                 Err(Error::custom(\"No more values\"))\n     |\n\nwarning: unused import: `ntest::timeout`\n    --> serde/src/de/mod.rs:2339:8\n     |\n2339 |    use ntest::timeout;\n     |        ^^^^^^^^^^^^^^\n     |\n     = note: `#[warn(unused_imports)]` on by default\n\nwarning: unused import: `std::marker::PhantomData`\n    --> serde/src/de/mod.rs:2345:9\n     |\n2345 |     use std::marker::PhantomData;\n     |         ^^^^^^^^^^^^^^^^^^^^^^^^\n\nerror[E0220]: associated type `Value` not found for `K`\n    --> serde/src/de/mod.rs:2361:69\n     |\n2361 |         fn next_key_seed<K>(&mut self, seed: K) -> Result<Option<K::Value>, Self::Error>\n     |                                                                     ^^^^^ associated type `Value` not found\n\nerror[E0223]: ambiguous associated type\n    --> serde/src/de/mod.rs:2361:77\n     |\n2361 |         fn next_key_seed<K>(&mut self, seed: K) -> Result<Option<K::Value>, Self::Error>\n     |                                                                             ^^^^^^^^^^^\n     |\nhelp: use fully-qualified syntax\n     |\n2361 |         fn next_key_seed<K>(&mut self, seed: K) -> Result<Option<K::Value>, <TestMapAccess as TryFrom>::Error>\n     |                                                                             ~~~~~~~~~~~~~~~~~~~~~~~~~~~~~~~~~\n2361 |         fn next_key_seed<K>(&mut self, seed: K) -> Result<Option<K::Value>, <TestMapAccess as TryInto>::Error>\n     |                                                                             ~~~~~~~~~~~~~~~~~~~~~~~~~~~~~~~~~\n\nerror[E0220]: associated type `Value` not found for `V`\n    --> serde/src/de/mod.rs:2374:64\n     |\n2374 |         fn next_value_seed<V>(&mut self, seed: V) -> Result<V::Value, Self::Error>\n     |                                                                ^^^^^ associated type `Value` not found\n\nerror[E0223]: ambiguous associated type\n    --> serde/src/de/mod.rs:2374:71\n     |\n2374 |         fn next_value_seed<V>(&mut self, seed: V) -> Result<V::Value, Self::Error>\n     |                                                                       ^^^^^^^^^^^\n     |\nhelp: use fully-qualified syntax\n     |\n2374 |         fn next_value_seed<V>(&mut self, seed: V) -> Result<V::Value, <TestMapAccess as TryFrom>::Error>\n     |                                                                       ~~~~~~~~~~~~~~~~~~~~~~~~~~~~~~~~~\n2374 |         fn next_value_seed<V>(&mut self, seed: V) -> Result<V::Value, <TestMapAccess as TryInto>::Error>\n     |                                                                       ~~~~~~~~~~~~~~~~~~~~~~~~~~~~~~~~~\n\nerror[E0223]: ambiguous associated type\n    --> serde/src/de/mod.rs:2394:60\n     |\n2394 |         fn deserialize<D>(self, deserializer: D) -> Result<Self::Value, D::Error>\n     |                                                            ^^^^^^^^^^^\n     |\nhelp: if there were a trait named `Example` with associated type `Value` implemented for `IntSeed`, you could use the fully-qualified path\n     |\n2394 |         fn deserialize<D>(self, deserializer: D) -> Result<<IntSeed as Example>::Value, D::Error>\n     |                                                            ~~~~~~~~~~~~~~~~~~~~~~~~~~~\n\nerror[E0220]: associated type `Error` not found for `D`\n    --> serde/src/de/mod.rs:2394:76\n     |\n2394 |         fn deserialize<D>(self, deserializer: D) -> Result<Self::Value, D::Error>\n     |                                                                            ^^^^^ associated type `Error` not found\n\nerror[E0223]: ambiguous associated type\n    --> serde/src/de/mod.rs:2407:60\n     |\n2407 |         fn deserialize<D>(self, deserializer: D) -> Result<Self::Value, D::Error>\n     |                                                            ^^^^^^^^^^^\n     |\nhelp: if there were a trait named `Example` with associated type `Value` implemented for `StringSeed`, you could use the fully-qualified path\n     |\n2407 |         fn deserialize<D>(self, deserializer: D) -> Result<<StringSeed as Example>::Value, D::Error>\n     |                                                            ~~~~~~~~~~~~~~~~~~~~~~~~~~~~~~\n\nerror[E0220]: associated type `Error` not found for `D`\n    --> serde/src/de/mod.rs:2407:76\n     |\n2407 |         fn deserialize<D>(self, deserializer: D) -> Result<Self::Value, D::Error>\n     |                                                                            ^^^^^ associated type `Error` not found\n\nSome errors have detailed explanations: E0220, E0223, E0432, E0433.\nFor more information about an error, try `rustc --explain E0220`.\nwarning: `serde` (lib test) generated 2 warnings\nerror: could not compile `serde` (lib test) due to 13 previous errors; 2 warnings emitted\n"
                }
              ],
              "repaired": [
                false
              ]
            },
            {
              "attrs": [
                "#[should_panic]"
              ],
              "prefix": [],
              "oracles": [],
              "codes": [
                [
                  "{",
                  "    use serde::de::{Deserializer, DeserializeSeed, MapAccess};",
                  "",
                  "    struct EmptyMapAccess;",
                  "",
                  "    impl<'de> MapAccess<'de> for EmptyMapAccess {",
                  "        type Error = serde::de::value::Error;",
                  "",
                  "        fn next_key_seed<K>(&mut self, _seed: K) -> Result<Option<K::Value>, Self::Error>",
                  "        where",
                  "            K: DeserializeSeed<'de>,",
                  "        {",
                  "            Ok(None)",
                  "        }",
                  "",
                  "        fn next_value_seed<V>(&mut self, _seed: V) -> Result<V::Value, Self::Error>",
                  "        where",
                  "            V: DeserializeSeed<'de>,",
                  "        {",
                  "            Err(serde::de::value::Error::custom(\"No more values\"))",
                  "        }",
                  "    }",
                  "",
                  "    struct TestSeed;",
                  "",
                  "    impl<'de> DeserializeSeed<'de> for TestSeed {",
                  "        type Value = String;",
                  "",
                  "        fn deserialize<D>(self, _deserializer: D) -> Result<Self::Value, D::Error>",
                  "        where",
                  "            D: Deserializer<'de>,",
                  "        {",
                  "            Ok(\"value\".to_string())",
                  "        }",
                  "    }",
                  "",
                  "    let mut access = EmptyMapAccess;",
                  "    let kseed = TestSeed;",
                  "    let vseed = TestSeed;",
                  "    let _ = access.next_entry_seed(kseed, vseed);",
                  "}"
                ]
              ],
              "can_compile": [
                {
                  "Err": "   Compiling proc-macro2 v1.0.95\n   Compiling syn v1.0.109\n   Compiling serde_derive v1.0.219 (/home/utgen/workspace/serde/serde_derive)\n   Compiling serde v1.0.219 (/home/utgen/workspace/serde/serde)\n   Compiling quote v1.0.40\n   Compiling syn v2.0.100\n   Compiling ntest_timeout v0.9.3\n   Compiling ntest_test_cases v0.9.3\n   Compiling ntest v0.9.3\nerror[E0433]: failed to resolve: use of undeclared crate or module `serde`\n    --> serde/src/de/mod.rs:2344:9\n     |\n2344 |     use serde::de::{Deserializer, DeserializeSeed, MapAccess};\n     |         ^^^^^ use of undeclared crate or module `serde`\n\nerror[E0433]: failed to resolve: use of undeclared crate or module `serde`\n    --> serde/src/de/mod.rs:2349:22\n     |\n2349 |         type Error = serde::de::value::Error;\n     |                      ^^^^^ use of undeclared crate or module `serde`\n     |\nhelp: consider importing this module\n     |\n2338 +    use crate::de::value;\n     |\nhelp: if you import `value`, refer to it directly\n     |\n2349 -         type Error = serde::de::value::Error;\n2349 +         type Error = value::Error;\n     |\n\nerror[E0433]: failed to resolve: use of undeclared crate or module `serde`\n    --> serde/src/de/mod.rs:2362:17\n     |\n2362 |             Err(serde::de::value::Error::custom(\"No more values\"))\n     |                 ^^^^^ use of undeclared crate or module `serde`\n     |\nhelp: consider importing one of these items\n     |\n2338 +    use crate::__private::doc::Error;\n     |\n2338 +    use crate::__private::fmt::Error;\n     |\n2338 +    use crate::de::Error;\n     |\n2338 +    use crate::de::error::Error;\n     |\n       and 7 other candidates\nhelp: if you import `Error`, refer to it directly\n     |\n2362 -             Err(serde::de::value::Error::custom(\"No more values\"))\n2362 +             Err(Error::custom(\"No more values\"))\n     |\n\nwarning: unused import: `ntest::timeout`\n    --> serde/src/de/mod.rs:2339:8\n     |\n2339 |    use ntest::timeout;\n     |        ^^^^^^^^^^^^^^\n     |\n     = note: `#[warn(unused_imports)]` on by default\n\nerror[E0220]: associated type `Value` not found for `K`\n    --> serde/src/de/mod.rs:2351:70\n     |\n2351 |         fn next_key_seed<K>(&mut self, _seed: K) -> Result<Option<K::Value>, Self::Error>\n     |                                                                      ^^^^^ associated type `Value` not found\n\nerror[E0223]: ambiguous associated type\n    --> serde/src/de/mod.rs:2351:78\n     |\n2351 |         fn next_key_seed<K>(&mut self, _seed: K) -> Result<Option<K::Value>, Self::Error>\n     |                                                                              ^^^^^^^^^^^\n     |\nhelp: use fully-qualified syntax\n     |\n2351 |         fn next_key_seed<K>(&mut self, _seed: K) -> Result<Option<K::Value>, <EmptyMapAccess as TryFrom>::Error>\n     |                                                                              ~~~~~~~~~~~~~~~~~~~~~~~~~~~~~~~~~~\n2351 |         fn next_key_seed<K>(&mut self, _seed: K) -> Result<Option<K::Value>, <EmptyMapAccess as TryInto>::Error>\n     |                                                                              ~~~~~~~~~~~~~~~~~~~~~~~~~~~~~~~~~~\n\nerror[E0220]: associated type `Value` not found for `V`\n    --> serde/src/de/mod.rs:2358:65\n     |\n2358 |         fn next_value_seed<V>(&mut self, _seed: V) -> Result<V::Value, Self::Error>\n     |                                                                 ^^^^^ associated type `Value` not found\n\nerror[E0223]: ambiguous associated type\n    --> serde/src/de/mod.rs:2358:72\n     |\n2358 |         fn next_value_seed<V>(&mut self, _seed: V) -> Result<V::Value, Self::Error>\n     |                                                                        ^^^^^^^^^^^\n     |\nhelp: use fully-qualified syntax\n     |\n2358 |         fn next_value_seed<V>(&mut self, _seed: V) -> Result<V::Value, <EmptyMapAccess as TryFrom>::Error>\n     |                                                                        ~~~~~~~~~~~~~~~~~~~~~~~~~~~~~~~~~~\n2358 |         fn next_value_seed<V>(&mut self, _seed: V) -> Result<V::Value, <EmptyMapAccess as TryInto>::Error>\n     |                                                                        ~~~~~~~~~~~~~~~~~~~~~~~~~~~~~~~~~~\n\nerror[E0223]: ambiguous associated type\n    --> serde/src/de/mod.rs:2371:61\n     |\n2371 |         fn deserialize<D>(self, _deserializer: D) -> Result<Self::Value, D::Error>\n     |                                                             ^^^^^^^^^^^\n     |\nhelp: if there were a trait named `Example` with associated type `Value` implemented for `TestSeed`, you could use the fully-qualified path\n     |\n2371 |         fn deserialize<D>(self, _deserializer: D) -> Result<<TestSeed as Example>::Value, D::Error>\n     |                                                             ~~~~~~~~~~~~~~~~~~~~~~~~~~~~\n\nerror[E0220]: associated type `Error` not found for `D`\n    --> serde/src/de/mod.rs:2371:77\n     |\n2371 |         fn deserialize<D>(self, _deserializer: D) -> Result<Self::Value, D::Error>\n     |                                                                             ^^^^^ associated type `Error` not found\n\nSome errors have detailed explanations: E0220, E0223, E0433.\nFor more information about an error, try `rustc --explain E0220`.\nwarning: `serde` (lib test) generated 1 warning\nerror: could not compile `serde` (lib test) due to 9 previous errors; 1 warning emitted\n"
                }
              ],
              "repaired": [
                false
              ]
            }
          ]
        }
      ]
    }
  ]
}