{
  "name": "serde::__private::ser::<__private::ser::TaggedSerializer<S> as ser::Serializer>::serialize_tuple_variant",
  "name_with_impl": "serde::__private::ser::{impl#2}::serialize_tuple_variant",
  "mod_info": {
    "name": "__private::ser",
    "loc": "serde/src/private/mod.rs:4:1:4:13"
  },
  "visible": true,
  "loc": "serde/src/private/ser.rs:263:5:278:6",
  "fn_tests": [
    {
      "chain_id": 0,
      "prompt_conds": [],
      "input_infer": "",
      "answers": [
        {
          "uses": [],
          "has_test_mod": false,
          "common": [],
          "chain_tests": [
            {
              "attrs": [],
              "prefix": [],
              "oracles": [],
              "codes": [
                [
                  "{",
                  "    struct MockSerializer;",
                  "    struct SerializeTupleVariantAsMapValue;",
                  "",
                  "    impl MockSerializer {",
                  "        fn serialize_map(&self, _: Option<usize>) -> Result<SerializeTupleVariantAsMapValue, &'static str> {",
                  "            Ok(SerializeTupleVariantAsMapValue)",
                  "        }",
                  "    }",
                  "",
                  "    impl SerializeTupleVariantAsMapValue {",
                  "        fn new(_: SerializeTupleVariantAsMapValue, _: &'static str, _: usize) -> Self {",
                  "            SerializeTupleVariantAsMapValue",
                  "        }",
                  "    }",
                  "",
                  "    let serializer = MockSerializer;",
                  "    let result = serializer.serialize_tuple_variant(\"tag\", 1, \"inner_variant\", 2);",
                  "    ",
                  "    assert!(result.is_ok());",
                  "}"
                ]
              ],
              "can_compile": [
                {
                  "Err": "   Compiling proc-macro2 v1.0.95\n   Compiling syn v1.0.109\n   Compiling serde_derive v1.0.219 (/home/utgen/workspace/serde/serde_derive)\n   Compiling serde v1.0.219 (/home/utgen/workspace/serde/serde)\n   Compiling quote v1.0.40\n   Compiling syn v2.0.100\n   Compiling ntest_timeout v0.9.3\n   Compiling ntest_test_cases v0.9.3\n   Compiling ntest v0.9.3\nwarning: unused import: `ntest::timeout`\n    --> serde/src/private/ser.rs:1366:8\n     |\n1366 |    use ntest::timeout;\n     |        ^^^^^^^^^^^^^^\n     |\n     = note: `#[warn(unused_imports)]` on by default\n\nerror[E0599]: no method named `serialize_tuple_variant` found for struct `MockSerializer` in the current scope\n    --> serde/src/private/ser.rs:1386:29\n     |\n1370 |     struct MockSerializer;\n     |     --------------------- method `serialize_tuple_variant` not found for this struct\n...\n1386 |     let result = serializer.serialize_tuple_variant(\"tag\", 1, \"inner_variant\", 2);\n     |                             ^^^^^^^^^^^^^^^^^^^^^^^\n     |\n     = help: items from traits can only be used if the trait is implemented and in scope\nnote: `ser::Serializer` defines an item `serialize_tuple_variant`, perhaps you need to implement it\n    --> serde/src/ser/mod.rs:340:1\n     |\n340  | pub trait Serializer: Sized {\n     | ^^^^^^^^^^^^^^^^^^^^^^^^^^^\nhelp: there is a method `serialize_map` with a similar name, but with different arguments\n    --> serde/src/private/ser.rs:1374:9\n     |\n1374 |         fn serialize_map(&self, _: Option<usize>) -> Result<SerializeTupleVariantAsMapValue, &'static str> {\n     |         ^^^^^^^^^^^^^^^^^^^^^^^^^^^^^^^^^^^^^^^^^^^^^^^^^^^^^^^^^^^^^^^^^^^^^^^^^^^^^^^^^^^^^^^^^^^^^^^^^^\n\nFor more information about this error, try `rustc --explain E0599`.\nwarning: `serde` (lib test) generated 1 warning\nerror: could not compile `serde` (lib test) due to 1 previous error; 1 warning emitted\n"
                }
              ],
              "repaired": [
                false
              ]
            },
            {
              "attrs": [
                "#[should_panic]"
              ],
              "prefix": [],
              "oracles": [],
              "codes": [
                [
                  "{",
                  "    struct MockSerializerFail;",
                  "    ",
                  "    impl MockSerializerFail {",
                  "        fn serialize_map(&self, _: Option<usize>) -> Result<SerializeTupleVariantAsMapValue, &'static str> {",
                  "            Err(\"serialize_map failed\")",
                  "        }",
                  "    }",
                  "",
                  "    let serializer = MockSerializerFail;",
                  "    let _ = serializer.serialize_tuple_variant(\"tag\", 1, \"inner_variant\", 2).unwrap();",
                  "}"
                ]
              ],
              "can_compile": [
                {
                  "Err": "   Compiling proc-macro2 v1.0.95\n   Compiling syn v1.0.109\n   Compiling serde_derive v1.0.219 (/home/utgen/workspace/serde/serde_derive)\n   Compiling serde v1.0.219 (/home/utgen/workspace/serde/serde)\n   Compiling quote v1.0.40\n   Compiling syn v2.0.100\n   Compiling ntest_test_cases v0.9.3\n   Compiling ntest_timeout v0.9.3\n   Compiling ntest v0.9.3\nwarning: unused import: `ntest::timeout`\n    --> serde/src/private/ser.rs:1366:8\n     |\n1366 |    use ntest::timeout;\n     |        ^^^^^^^^^^^^^^\n     |\n     = note: `#[warn(unused_imports)]` on by default\n\nerror[E0107]: missing generics for struct `__private::ser::content::SerializeTupleVariantAsMapValue`\n    --> serde/src/private/ser.rs:1374:61\n     |\n1374 |         fn serialize_map(&self, _: Option<usize>) -> Result<SerializeTupleVariantAsMapValue, &'static str> {\n     |                                                             ^^^^^^^^^^^^^^^^^^^^^^^^^^^^^^^ expected 1 generic argument\n     |\nnote: struct defined here, with 1 generic parameter: `M`\n    --> serde/src/private/ser.rs:342:16\n     |\n342  |     pub struct SerializeTupleVariantAsMapValue<M> {\n     |                ^^^^^^^^^^^^^^^^^^^^^^^^^^^^^^^ -\nhelp: add missing generic argument\n     |\n1374 |         fn serialize_map(&self, _: Option<usize>) -> Result<SerializeTupleVariantAsMapValue<M>, &'static str> {\n     |                                                                                            +++\n\nerror[E0599]: no method named `serialize_tuple_variant` found for struct `MockSerializerFail` in the current scope\n    --> serde/src/private/ser.rs:1380:24\n     |\n1371 |     struct MockSerializerFail;\n     |     ------------------------- method `serialize_tuple_variant` not found for this struct\n...\n1380 |     let _ = serializer.serialize_tuple_variant(\"tag\", 1, \"inner_variant\", 2).unwrap();\n     |                        ^^^^^^^^^^^^^^^^^^^^^^^\n     |\n     = help: items from traits can only be used if the trait is implemented and in scope\nnote: `ser::Serializer` defines an item `serialize_tuple_variant`, perhaps you need to implement it\n    --> serde/src/ser/mod.rs:340:1\n     |\n340  | pub trait Serializer: Sized {\n     | ^^^^^^^^^^^^^^^^^^^^^^^^^^^\nhelp: there is a method `serialize_map` with a similar name, but with different arguments\n    --> serde/src/private/ser.rs:1374:9\n     |\n1374 |         fn serialize_map(&self, _: Option<usize>) -> Result<SerializeTupleVariantAsMapValue, &'static str> {\n     |         ^^^^^^^^^^^^^^^^^^^^^^^^^^^^^^^^^^^^^^^^^^^^^^^^^^^^^^^^^^^^^^^^^^^^^^^^^^^^^^^^^^^^^^^^^^^^^^^^^^\n\nSome errors have detailed explanations: E0107, E0599.\nFor more information about an error, try `rustc --explain E0107`.\nwarning: `serde` (lib test) generated 1 warning\nerror: could not compile `serde` (lib test) due to 2 previous errors; 1 warning emitted\n"
                }
              ],
              "repaired": [
                false
              ]
            }
          ]
        }
      ]
    }
  ]
}