{
  "name": "serde_json::de::<de::MapAccess<'a, R> as serde::de::MapAccess<'de>>::next_value_seed",
  "name_with_impl": "serde_json::de::{impl#11}::next_value_seed",
  "mod_info": {
    "name": "de",
    "loc": "src/lib.rs:418:1:418:12"
  },
  "visible": true,
  "loc": "src/de.rs:2025:5:2032:6",
  "fn_tests": [
    {
      "chain_id": 0,
      "prompt_conds": [],
      "input_infer": "",
      "answers": [
        {
          "uses": [],
          "has_test_mod": false,
          "common": [],
          "chain_tests": [
            {
              "attrs": [],
              "prefix": [],
              "oracles": [],
              "codes": [
                [
                  "{",
                  "    struct TestSeed;",
                  "    ",
                  "    impl<'de> de::DeserializeSeed<'de> for TestSeed {",
                  "        type Value = String;",
                  "        ",
                  "        fn deserialize<Deserializer>(self, deserializer: &mut Deserializer) -> Result<Self::Value>",
                  "        where",
                  "            Deserializer: de::Deserializer<'de>,",
                  "        {",
                  "            Ok(String::from(\"test_value\"))",
                  "        }",
                  "    }",
                  "",
                  "    struct TestDeserializer {",
                  "        de: TestDeserializerInner,",
                  "    }",
                  "",
                  "    struct TestDeserializerInner;",
                  "",
                  "    impl TestDeserializerInner {",
                  "        fn parse_object_colon(&mut self) -> Result<()> {",
                  "            Ok(())",
                  "        }",
                  "    }",
                  "",
                  "    impl TestDeserializer {",
                  "        fn new() -> Self {",
                  "            Self { de: TestDeserializerInner }",
                  "        }",
                  "    }",
                  "",
                  "    impl<'de> de::Deserializer<'de> for TestDeserializer {",
                  "        type Error = serde_json::Error;",
                  "",
                  "        fn deserialize_string<V>(self, seed: V) -> Result<V::Value>",
                  "        where",
                  "            V: de::DeserializeSeed<'de>,",
                  "        {",
                  "            self.next_value_seed(seed)",
                  "        }",
                  "    }",
                  "",
                  "    let mut de = TestDeserializer::new();",
                  "    let seed = TestSeed;",
                  "    let result = de.next_value_seed(seed);",
                  "    assert_eq!(result.unwrap(), \"test_value\");",
                  "}"
                ]
              ],
              "can_compile": [
                {
                  "Err": "   Compiling proc-macro2 v1.0.95\n   Compiling serde v1.0.219\n   Compiling syn v1.0.109\n   Compiling libc v0.2.172\n   Compiling serde_json v1.0.140\n   Compiling target-triple v0.1.4\n   Compiling ref-cast v1.0.24\n   Compiling rustversion v1.0.20\n   Compiling serde_json v1.0.140 (/home/abezbm/rust-utgen-test-crates-new/json)\n   Compiling psm v0.1.26\n   Compiling stacker v0.1.21\n   Compiling quote v1.0.40\n   Compiling syn v2.0.101\n   Compiling serde_derive v1.0.219\n   Compiling ref-cast-impl v1.0.24\n   Compiling automod v1.0.15\n   Compiling ntest_test_cases v0.9.3\n   Compiling ntest_timeout v0.9.3\n   Compiling ntest v0.9.3\n   Compiling toml_datetime v0.6.9\n   Compiling serde_spanned v0.6.8\n   Compiling serde_bytes v0.11.17\n   Compiling serde_stacker v0.1.12\n   Compiling toml_edit v0.22.25\n   Compiling toml v0.8.21\n   Compiling trybuild v1.0.104\nwarning: unused import: `ntest::timeout`\n    --> src/de.rs:2706:8\n     |\n2706 |    use ntest::timeout;\n     |        ^^^^^^^^^^^^^^\n     |\n     = note: `#[warn(unused_imports)]` on by default\n\nerror[E0053]: method `deserialize` has an incompatible type for trait\n    --> src/de.rs:2715:58\n     |\n2715 |         fn deserialize<Deserializer>(self, deserializer: &mut Deserializer) -> Result<Self::Value>\n     |                        ------------                      ^^^^^^^^^^^^^^^^^ expected type parameter `Deserializer`, found `&mut Deserializer`\n     |                        |\n     |                        expected this type parameter\n     |\n     = note: expected signature `fn(TestSeed, _) -> std::result::Result<_, <Deserializer as serde::Deserializer<'de>>::Error>`\n                found signature `fn(TestSeed, &mut _) -> std::result::Result<_, error::Error>`\nhelp: change the parameter type to match the trait\n     |\n2715 |         fn deserialize<Deserializer>(self, deserializer: Deserializer) -> Result<Self::Value>\n     |                                                          ~~~~~~~~~~~~\n\nerror[E0276]: impl has stricter requirements than trait\n    --> src/de.rs:2746:16\n     |\n2746 |             V: de::DeserializeSeed<'de>,\n     |                ^^^^^^^^^^^^^^^^^^^^^^^^ impl has extra requirement `V: DeserializeSeed<'de>`\n\nerror[E0046]: not all trait items implemented, missing: `deserialize_any`, `deserialize_bool`, `deserialize_i8`, `deserialize_i16`, `deserialize_i32`, `deserialize_i64`, `deserialize_u8`, `deserialize_u16`, `deserialize_u32`, `deserialize_u64`, `deserialize_f32`, `deserialize_f64`, `deserialize_char`, `deserialize_str`, `deserialize_bytes`, `deserialize_byte_buf`, `deserialize_option`, `deserialize_unit`, `deserialize_unit_struct`, `deserialize_newtype_struct`, `deserialize_seq`, `deserialize_tuple`, `deserialize_tuple_struct`, `deserialize_map`, `deserialize_struct`, `deserialize_enum`, `deserialize_identifier`, `deserialize_ignored_any`\n    --> src/de.rs:2741:5\n     |\n2741 |     impl<'de> de::Deserializer<'de> for TestDeserializer {\n     |     ^^^^^^^^^^^^^^^^^^^^^^^^^^^^^^^^^^^^^^^^^^^^^^^^^^^^ missing `deserialize_any`, `deserialize_bool`, `deserialize_i8`, `deserialize_i16`, `deserialize_i32`, `deserialize_i64`, `deserialize_u8`, `deserialize_u16`, `deserialize_u32`, `deserialize_u64`, `deserialize_f32`, `deserialize_f64`, `deserialize_char`, `deserialize_str`, `deserialize_bytes`, `deserialize_byte_buf`, `deserialize_option`, `deserialize_unit`, `deserialize_unit_struct`, `deserialize_newtype_struct`, `deserialize_seq`, `deserialize_tuple`, `deserialize_tuple_struct`, `deserialize_map`, `deserialize_struct`, `deserialize_enum`, `deserialize_identifier`, `deserialize_ignored_any` in implementation\n     |\n     = help: implement the missing item: `fn deserialize_any<V>(self, _: V) -> std::result::Result<<V as serde::de::Visitor<'de>>::Value, <Self as serde::Deserializer<'de>>::Error> where V: serde::de::Visitor { todo!() }`\n     = help: implement the missing item: `fn deserialize_bool<V>(self, _: V) -> std::result::Result<<V as serde::de::Visitor<'de>>::Value, <Self as serde::Deserializer<'de>>::Error> where V: serde::de::Visitor { todo!() }`\n     = help: implement the missing item: `fn deserialize_i8<V>(self, _: V) -> std::result::Result<<V as serde::de::Visitor<'de>>::Value, <Self as serde::Deserializer<'de>>::Error> where V: serde::de::Visitor { todo!() }`\n     = help: implement the missing item: `fn deserialize_i16<V>(self, _: V) -> std::result::Result<<V as serde::de::Visitor<'de>>::Value, <Self as serde::Deserializer<'de>>::Error> where V: serde::de::Visitor { todo!() }`\n     = help: implement the missing item: `fn deserialize_i32<V>(self, _: V) -> std::result::Result<<V as serde::de::Visitor<'de>>::Value, <Self as serde::Deserializer<'de>>::Error> where V: serde::de::Visitor { todo!() }`\n     = help: implement the missing item: `fn deserialize_i64<V>(self, _: V) -> std::result::Result<<V as serde::de::Visitor<'de>>::Value, <Self as serde::Deserializer<'de>>::Error> where V: serde::de::Visitor { todo!() }`\n     = help: implement the missing item: `fn deserialize_u8<V>(self, _: V) -> std::result::Result<<V as serde::de::Visitor<'de>>::Value, <Self as serde::Deserializer<'de>>::Error> where V: serde::de::Visitor { todo!() }`\n     = help: implement the missing item: `fn deserialize_u16<V>(self, _: V) -> std::result::Result<<V as serde::de::Visitor<'de>>::Value, <Self as serde::Deserializer<'de>>::Error> where V: serde::de::Visitor { todo!() }`\n     = help: implement the missing item: `fn deserialize_u32<V>(self, _: V) -> std::result::Result<<V as serde::de::Visitor<'de>>::Value, <Self as serde::Deserializer<'de>>::Error> where V: serde::de::Visitor { todo!() }`\n     = help: implement the missing item: `fn deserialize_u64<V>(self, _: V) -> std::result::Result<<V as serde::de::Visitor<'de>>::Value, <Self as serde::Deserializer<'de>>::Error> where V: serde::de::Visitor { todo!() }`\n     = help: implement the missing item: `fn deserialize_f32<V>(self, _: V) -> std::result::Result<<V as serde::de::Visitor<'de>>::Value, <Self as serde::Deserializer<'de>>::Error> where V: serde::de::Visitor { todo!() }`\n     = help: implement the missing item: `fn deserialize_f64<V>(self, _: V) -> std::result::Result<<V as serde::de::Visitor<'de>>::Value, <Self as serde::Deserializer<'de>>::Error> where V: serde::de::Visitor { todo!() }`\n     = help: implement the missing item: `fn deserialize_char<V>(self, _: V) -> std::result::Result<<V as serde::de::Visitor<'de>>::Value, <Self as serde::Deserializer<'de>>::Error> where V: serde::de::Visitor { todo!() }`\n     = help: implement the missing item: `fn deserialize_str<V>(self, _: V) -> std::result::Result<<V as serde::de::Visitor<'de>>::Value, <Self as serde::Deserializer<'de>>::Error> where V: serde::de::Visitor { todo!() }`\n     = help: implement the missing item: `fn deserialize_bytes<V>(self, _: V) -> std::result::Result<<V as serde::de::Visitor<'de>>::Value, <Self as serde::Deserializer<'de>>::Error> where V: serde::de::Visitor { todo!() }`\n     = help: implement the missing item: `fn deserialize_byte_buf<V>(self, _: V) -> std::result::Result<<V as serde::de::Visitor<'de>>::Value, <Self as serde::Deserializer<'de>>::Error> where V: serde::de::Visitor { todo!() }`\n     = help: implement the missing item: `fn deserialize_option<V>(self, _: V) -> std::result::Result<<V as serde::de::Visitor<'de>>::Value, <Self as serde::Deserializer<'de>>::Error> where V: serde::de::Visitor { todo!() }`\n     = help: implement the missing item: `fn deserialize_unit<V>(self, _: V) -> std::result::Result<<V as serde::de::Visitor<'de>>::Value, <Self as serde::Deserializer<'de>>::Error> where V: serde::de::Visitor { todo!() }`\n     = help: implement the missing item: `fn deserialize_unit_struct<V>(self, _: &'static str, _: V) -> std::result::Result<<V as serde::de::Visitor<'de>>::Value, <Self as serde::Deserializer<'de>>::Error> where V: serde::de::Visitor { todo!() }`\n     = help: implement the missing item: `fn deserialize_newtype_struct<V>(self, _: &'static str, _: V) -> std::result::Result<<V as serde::de::Visitor<'de>>::Value, <Self as serde::Deserializer<'de>>::Error> where V: serde::de::Visitor { todo!() }`\n     = help: implement the missing item: `fn deserialize_seq<V>(self, _: V) -> std::result::Result<<V as serde::de::Visitor<'de>>::Value, <Self as serde::Deserializer<'de>>::Error> where V: serde::de::Visitor { todo!() }`\n     = help: implement the missing item: `fn deserialize_tuple<V>(self, _: usize, _: V) -> std::result::Result<<V as serde::de::Visitor<'de>>::Value, <Self as serde::Deserializer<'de>>::Error> where V: serde::de::Visitor { todo!() }`\n     = help: implement the missing item: `fn deserialize_tuple_struct<V>(self, _: &'static str, _: usize, _: V) -> std::result::Result<<V as serde::de::Visitor<'de>>::Value, <Self as serde::Deserializer<'de>>::Error> where V: serde::de::Visitor { todo!() }`\n     = help: implement the missing item: `fn deserialize_map<V>(self, _: V) -> std::result::Result<<V as serde::de::Visitor<'de>>::Value, <Self as serde::Deserializer<'de>>::Error> where V: serde::de::Visitor { todo!() }`\n     = help: implement the missing item: `fn deserialize_struct<V>(self, _: &'static str, _: &'static [&'static str], _: V) -> std::result::Result<<V as serde::de::Visitor<'de>>::Value, <Self as serde::Deserializer<'de>>::Error> where V: serde::de::Visitor { todo!() }`\n     = help: implement the missing item: `fn deserialize_enum<V>(self, _: &'static str, _: &'static [&'static str], _: V) -> std::result::Result<<V as serde::de::Visitor<'de>>::Value, <Self as serde::Deserializer<'de>>::Error> where V: serde::de::Visitor { todo!() }`\n     = help: implement the missing item: `fn deserialize_identifier<V>(self, _: V) -> std::result::Result<<V as serde::de::Visitor<'de>>::Value, <Self as serde::Deserializer<'de>>::Error> where V: serde::de::Visitor { todo!() }`\n     = help: implement the missing item: `fn deserialize_ignored_any<V>(self, _: V) -> std::result::Result<<V as serde::de::Visitor<'de>>::Value, <Self as serde::Deserializer<'de>>::Error> where V: serde::de::Visitor { todo!() }`\n\nerror[E0599]: no method named `next_value_seed` found for struct `TestDeserializer` in the current scope\n    --> src/de.rs:2754:21\n     |\n2723 |     struct TestDeserializer {\n     |     ----------------------- method `next_value_seed` not found for this struct\n...\n2754 |     let result = de.next_value_seed(seed);\n     |                     ^^^^^^^^^^^^^^^ method not found in `TestDeserializer`\n     |\n     = help: items from traits can only be used if the trait is implemented and in scope\n     = note: the following trait defines an item `next_value_seed`, perhaps you need to implement it:\n             candidate #1: `serde::de::MapAccess`\n\nerror[E0599]: no method named `next_value_seed` found for struct `TestDeserializer` in the current scope\n    --> src/de.rs:2748:18\n     |\n2723 |     struct TestDeserializer {\n     |     ----------------------- method `next_value_seed` not found for this struct\n...\n2748 |             self.next_value_seed(seed)\n     |                  ^^^^^^^^^^^^^^^ method not found in `TestDeserializer`\n     |\n     = help: items from traits can only be used if the trait is implemented and in scope\n     = note: the following trait defines an item `next_value_seed`, perhaps you need to implement it:\n             candidate #1: `serde::de::MapAccess`\n\nwarning: unused variable: `deserializer`\n    --> src/de.rs:2715:44\n     |\n2715 |         fn deserialize<Deserializer>(self, deserializer: &mut Deserializer) -> Result<Self::Value>\n     |                                            ^^^^^^^^^^^^ help: if this is intentional, prefix it with an underscore: `_deserializer`\n     |\n     = note: `#[warn(unused_variables)]` on by default\n\nerror[E0433]: failed to resolve: use of undeclared crate or module `serde_json`\n    --> src/de.rs:2742:22\n     |\n2742 |         type Error = serde_json::Error;\n     |                      ^^^^^^^^^^ use of undeclared crate or module `serde_json`\n\nSome errors have detailed explanations: E0046, E0053, E0276, E0433, E0599.\nFor more information about an error, try `rustc --explain E0046`.\nwarning: `serde_json` (lib test) generated 2 warnings\nerror: could not compile `serde_json` (lib test) due to 6 previous errors; 2 warnings emitted\n"
                }
              ],
              "repaired": [
                false
              ]
            },
            {
              "attrs": [
                "#[should_panic]"
              ],
              "prefix": [],
              "oracles": [],
              "codes": [
                [
                  "{",
                  "    struct FailingSeed;",
                  "",
                  "    impl<'de> de::DeserializeSeed<'de> for FailingSeed {",
                  "        type Value = String;",
                  "",
                  "        fn deserialize<Deserializer>(self, deserializer: &mut Deserializer) -> Result<Self::Value>",
                  "        where",
                  "            Deserializer: de::Deserializer<'de>,",
                  "        {",
                  "            Err(serde_json::Error::custom(\"deserialization failed\"))",
                  "        }",
                  "    }",
                  "",
                  "    struct TestDeserializer {",
                  "        de: TestDeserializerInner,",
                  "    }",
                  "",
                  "    struct TestDeserializerInner;",
                  "",
                  "    impl TestDeserializerInner {",
                  "        fn parse_object_colon(&mut self) -> Result<()> {",
                  "            Ok(())",
                  "        }",
                  "    }",
                  "",
                  "    impl TestDeserializer {",
                  "        fn new() -> Self {",
                  "            Self { de: TestDeserializerInner }",
                  "        }",
                  "    }",
                  "",
                  "    impl<'de> de::Deserializer<'de> for TestDeserializer {",
                  "        type Error = serde_json::Error;",
                  "",
                  "        fn deserialize_string<V>(self, seed: V) -> Result<V::Value>",
                  "        where",
                  "            V: de::DeserializeSeed<'de>,",
                  "        {",
                  "            self.next_value_seed(seed)",
                  "        }",
                  "    }",
                  "",
                  "    let mut de = TestDeserializer::new();",
                  "    let seed = FailingSeed;",
                  "    let _ = de.next_value_seed(seed);",
                  "}"
                ]
              ],
              "can_compile": [
                {
                  "Err": "   Compiling proc-macro2 v1.0.95\n   Compiling serde v1.0.219\n   Compiling syn v1.0.109\n   Compiling libc v0.2.172\n   Compiling target-triple v0.1.4\n   Compiling serde_json v1.0.140\n   Compiling rustversion v1.0.20\n   Compiling ref-cast v1.0.24\n   Compiling serde_json v1.0.140 (/home/abezbm/rust-utgen-test-crates-new/json)\n   Compiling psm v0.1.26\n   Compiling stacker v0.1.21\n   Compiling quote v1.0.40\n   Compiling syn v2.0.101\n   Compiling serde_derive v1.0.219\n   Compiling ref-cast-impl v1.0.24\n   Compiling automod v1.0.15\n   Compiling ntest_test_cases v0.9.3\n   Compiling ntest_timeout v0.9.3\n   Compiling ntest v0.9.3\n   Compiling toml_datetime v0.6.9\n   Compiling serde_spanned v0.6.8\n   Compiling serde_bytes v0.11.17\n   Compiling serde_stacker v0.1.12\n   Compiling toml_edit v0.22.25\n   Compiling toml v0.8.21\n   Compiling trybuild v1.0.104\nerror[E0433]: failed to resolve: use of undeclared crate or module `serde_json`\n    --> src/de.rs:2720:17\n     |\n2720 |             Err(serde_json::Error::custom(\"deserialization failed\"))\n     |                 ^^^^^^^^^^ use of undeclared crate or module `serde_json`\n     |\nhelp: consider importing one of these items\n     |\n2705 +    use crate::Error;\n     |\n2705 +    use crate::de::de::Error;\n     |\n2705 +    use crate::de::de::value::Error;\n     |\n2705 +    use crate::io::Error;\n     |\n       and 9 other candidates\nhelp: if you import `Error`, refer to it directly\n     |\n2720 -             Err(serde_json::Error::custom(\"deserialization failed\"))\n2720 +             Err(Error::custom(\"deserialization failed\"))\n     |\n\nwarning: unused import: `ntest::timeout`\n    --> src/de.rs:2706:8\n     |\n2706 |    use ntest::timeout;\n     |        ^^^^^^^^^^^^^^\n     |\n     = note: `#[warn(unused_imports)]` on by default\n\nerror[E0053]: method `deserialize` has an incompatible type for trait\n    --> src/de.rs:2716:58\n     |\n2716 |         fn deserialize<Deserializer>(self, deserializer: &mut Deserializer) -> Result<Self::Value>\n     |                        ------------                      ^^^^^^^^^^^^^^^^^ expected type parameter `Deserializer`, found `&mut Deserializer`\n     |                        |\n     |                        expected this type parameter\n     |\n     = note: expected signature `fn(FailingSeed, _) -> std::result::Result<_, <Deserializer as serde::Deserializer<'de>>::Error>`\n                found signature `fn(FailingSeed, &mut _) -> std::result::Result<_, error::Error>`\nhelp: change the parameter type to match the trait\n     |\n2716 |         fn deserialize<Deserializer>(self, deserializer: Deserializer) -> Result<Self::Value>\n     |                                                          ~~~~~~~~~~~~\n\nerror[E0276]: impl has stricter requirements than trait\n    --> src/de.rs:2747:16\n     |\n2747 |             V: de::DeserializeSeed<'de>,\n     |                ^^^^^^^^^^^^^^^^^^^^^^^^ impl has extra requirement `V: DeserializeSeed<'de>`\n\nerror[E0046]: not all trait items implemented, missing: `deserialize_any`, `deserialize_bool`, `deserialize_i8`, `deserialize_i16`, `deserialize_i32`, `deserialize_i64`, `deserialize_u8`, `deserialize_u16`, `deserialize_u32`, `deserialize_u64`, `deserialize_f32`, `deserialize_f64`, `deserialize_char`, `deserialize_str`, `deserialize_bytes`, `deserialize_byte_buf`, `deserialize_option`, `deserialize_unit`, `deserialize_unit_struct`, `deserialize_newtype_struct`, `deserialize_seq`, `deserialize_tuple`, `deserialize_tuple_struct`, `deserialize_map`, `deserialize_struct`, `deserialize_enum`, `deserialize_identifier`, `deserialize_ignored_any`\n    --> src/de.rs:2742:5\n     |\n2742 |     impl<'de> de::Deserializer<'de> for TestDeserializer {\n     |     ^^^^^^^^^^^^^^^^^^^^^^^^^^^^^^^^^^^^^^^^^^^^^^^^^^^^ missing `deserialize_any`, `deserialize_bool`, `deserialize_i8`, `deserialize_i16`, `deserialize_i32`, `deserialize_i64`, `deserialize_u8`, `deserialize_u16`, `deserialize_u32`, `deserialize_u64`, `deserialize_f32`, `deserialize_f64`, `deserialize_char`, `deserialize_str`, `deserialize_bytes`, `deserialize_byte_buf`, `deserialize_option`, `deserialize_unit`, `deserialize_unit_struct`, `deserialize_newtype_struct`, `deserialize_seq`, `deserialize_tuple`, `deserialize_tuple_struct`, `deserialize_map`, `deserialize_struct`, `deserialize_enum`, `deserialize_identifier`, `deserialize_ignored_any` in implementation\n     |\n     = help: implement the missing item: `fn deserialize_any<V>(self, _: V) -> std::result::Result<<V as serde::de::Visitor<'de>>::Value, <Self as serde::Deserializer<'de>>::Error> where V: serde::de::Visitor { todo!() }`\n     = help: implement the missing item: `fn deserialize_bool<V>(self, _: V) -> std::result::Result<<V as serde::de::Visitor<'de>>::Value, <Self as serde::Deserializer<'de>>::Error> where V: serde::de::Visitor { todo!() }`\n     = help: implement the missing item: `fn deserialize_i8<V>(self, _: V) -> std::result::Result<<V as serde::de::Visitor<'de>>::Value, <Self as serde::Deserializer<'de>>::Error> where V: serde::de::Visitor { todo!() }`\n     = help: implement the missing item: `fn deserialize_i16<V>(self, _: V) -> std::result::Result<<V as serde::de::Visitor<'de>>::Value, <Self as serde::Deserializer<'de>>::Error> where V: serde::de::Visitor { todo!() }`\n     = help: implement the missing item: `fn deserialize_i32<V>(self, _: V) -> std::result::Result<<V as serde::de::Visitor<'de>>::Value, <Self as serde::Deserializer<'de>>::Error> where V: serde::de::Visitor { todo!() }`\n     = help: implement the missing item: `fn deserialize_i64<V>(self, _: V) -> std::result::Result<<V as serde::de::Visitor<'de>>::Value, <Self as serde::Deserializer<'de>>::Error> where V: serde::de::Visitor { todo!() }`\n     = help: implement the missing item: `fn deserialize_u8<V>(self, _: V) -> std::result::Result<<V as serde::de::Visitor<'de>>::Value, <Self as serde::Deserializer<'de>>::Error> where V: serde::de::Visitor { todo!() }`\n     = help: implement the missing item: `fn deserialize_u16<V>(self, _: V) -> std::result::Result<<V as serde::de::Visitor<'de>>::Value, <Self as serde::Deserializer<'de>>::Error> where V: serde::de::Visitor { todo!() }`\n     = help: implement the missing item: `fn deserialize_u32<V>(self, _: V) -> std::result::Result<<V as serde::de::Visitor<'de>>::Value, <Self as serde::Deserializer<'de>>::Error> where V: serde::de::Visitor { todo!() }`\n     = help: implement the missing item: `fn deserialize_u64<V>(self, _: V) -> std::result::Result<<V as serde::de::Visitor<'de>>::Value, <Self as serde::Deserializer<'de>>::Error> where V: serde::de::Visitor { todo!() }`\n     = help: implement the missing item: `fn deserialize_f32<V>(self, _: V) -> std::result::Result<<V as serde::de::Visitor<'de>>::Value, <Self as serde::Deserializer<'de>>::Error> where V: serde::de::Visitor { todo!() }`\n     = help: implement the missing item: `fn deserialize_f64<V>(self, _: V) -> std::result::Result<<V as serde::de::Visitor<'de>>::Value, <Self as serde::Deserializer<'de>>::Error> where V: serde::de::Visitor { todo!() }`\n     = help: implement the missing item: `fn deserialize_char<V>(self, _: V) -> std::result::Result<<V as serde::de::Visitor<'de>>::Value, <Self as serde::Deserializer<'de>>::Error> where V: serde::de::Visitor { todo!() }`\n     = help: implement the missing item: `fn deserialize_str<V>(self, _: V) -> std::result::Result<<V as serde::de::Visitor<'de>>::Value, <Self as serde::Deserializer<'de>>::Error> where V: serde::de::Visitor { todo!() }`\n     = help: implement the missing item: `fn deserialize_bytes<V>(self, _: V) -> std::result::Result<<V as serde::de::Visitor<'de>>::Value, <Self as serde::Deserializer<'de>>::Error> where V: serde::de::Visitor { todo!() }`\n     = help: implement the missing item: `fn deserialize_byte_buf<V>(self, _: V) -> std::result::Result<<V as serde::de::Visitor<'de>>::Value, <Self as serde::Deserializer<'de>>::Error> where V: serde::de::Visitor { todo!() }`\n     = help: implement the missing item: `fn deserialize_option<V>(self, _: V) -> std::result::Result<<V as serde::de::Visitor<'de>>::Value, <Self as serde::Deserializer<'de>>::Error> where V: serde::de::Visitor { todo!() }`\n     = help: implement the missing item: `fn deserialize_unit<V>(self, _: V) -> std::result::Result<<V as serde::de::Visitor<'de>>::Value, <Self as serde::Deserializer<'de>>::Error> where V: serde::de::Visitor { todo!() }`\n     = help: implement the missing item: `fn deserialize_unit_struct<V>(self, _: &'static str, _: V) -> std::result::Result<<V as serde::de::Visitor<'de>>::Value, <Self as serde::Deserializer<'de>>::Error> where V: serde::de::Visitor { todo!() }`\n     = help: implement the missing item: `fn deserialize_newtype_struct<V>(self, _: &'static str, _: V) -> std::result::Result<<V as serde::de::Visitor<'de>>::Value, <Self as serde::Deserializer<'de>>::Error> where V: serde::de::Visitor { todo!() }`\n     = help: implement the missing item: `fn deserialize_seq<V>(self, _: V) -> std::result::Result<<V as serde::de::Visitor<'de>>::Value, <Self as serde::Deserializer<'de>>::Error> where V: serde::de::Visitor { todo!() }`\n     = help: implement the missing item: `fn deserialize_tuple<V>(self, _: usize, _: V) -> std::result::Result<<V as serde::de::Visitor<'de>>::Value, <Self as serde::Deserializer<'de>>::Error> where V: serde::de::Visitor { todo!() }`\n     = help: implement the missing item: `fn deserialize_tuple_struct<V>(self, _: &'static str, _: usize, _: V) -> std::result::Result<<V as serde::de::Visitor<'de>>::Value, <Self as serde::Deserializer<'de>>::Error> where V: serde::de::Visitor { todo!() }`\n     = help: implement the missing item: `fn deserialize_map<V>(self, _: V) -> std::result::Result<<V as serde::de::Visitor<'de>>::Value, <Self as serde::Deserializer<'de>>::Error> where V: serde::de::Visitor { todo!() }`\n     = help: implement the missing item: `fn deserialize_struct<V>(self, _: &'static str, _: &'static [&'static str], _: V) -> std::result::Result<<V as serde::de::Visitor<'de>>::Value, <Self as serde::Deserializer<'de>>::Error> where V: serde::de::Visitor { todo!() }`\n     = help: implement the missing item: `fn deserialize_enum<V>(self, _: &'static str, _: &'static [&'static str], _: V) -> std::result::Result<<V as serde::de::Visitor<'de>>::Value, <Self as serde::Deserializer<'de>>::Error> where V: serde::de::Visitor { todo!() }`\n     = help: implement the missing item: `fn deserialize_identifier<V>(self, _: V) -> std::result::Result<<V as serde::de::Visitor<'de>>::Value, <Self as serde::Deserializer<'de>>::Error> where V: serde::de::Visitor { todo!() }`\n     = help: implement the missing item: `fn deserialize_ignored_any<V>(self, _: V) -> std::result::Result<<V as serde::de::Visitor<'de>>::Value, <Self as serde::Deserializer<'de>>::Error> where V: serde::de::Visitor { todo!() }`\n\nerror[E0599]: no method named `next_value_seed` found for struct `TestDeserializer` in the current scope\n    --> src/de.rs:2755:16\n     |\n2724 |     struct TestDeserializer {\n     |     ----------------------- method `next_value_seed` not found for this struct\n...\n2755 |     let _ = de.next_value_seed(seed);\n     |                ^^^^^^^^^^^^^^^ method not found in `TestDeserializer`\n     |\n     = help: items from traits can only be used if the trait is implemented and in scope\n     = note: the following trait defines an item `next_value_seed`, perhaps you need to implement it:\n             candidate #1: `serde::de::MapAccess`\n\nerror[E0599]: no method named `next_value_seed` found for struct `TestDeserializer` in the current scope\n    --> src/de.rs:2749:18\n     |\n2724 |     struct TestDeserializer {\n     |     ----------------------- method `next_value_seed` not found for this struct\n...\n2749 |             self.next_value_seed(seed)\n     |                  ^^^^^^^^^^^^^^^ method not found in `TestDeserializer`\n     |\n     = help: items from traits can only be used if the trait is implemented and in scope\n     = note: the following trait defines an item `next_value_seed`, perhaps you need to implement it:\n             candidate #1: `serde::de::MapAccess`\n\nerror[E0433]: failed to resolve: use of undeclared crate or module `serde_json`\n    --> src/de.rs:2743:22\n     |\n2743 |         type Error = serde_json::Error;\n     |                      ^^^^^^^^^^ use of undeclared crate or module `serde_json`\n\nSome errors have detailed explanations: E0046, E0053, E0276, E0433, E0599.\nFor more information about an error, try `rustc --explain E0046`.\nwarning: `serde_json` (lib test) generated 1 warning\nerror: could not compile `serde_json` (lib test) due to 7 previous errors; 1 warning emitted\n"
                }
              ],
              "repaired": [
                false
              ]
            }
          ]
        }
      ]
    }
  ]
}