{
  "name": "serde_json::value::de::value::de::<impl value::Value>::invalid_type",
  "name_with_impl": "serde_json::value::de::{impl#23}::invalid_type",
  "mod_info": {
    "name": "value::de",
    "loc": "src/value/mod.rs:927:1:927:8"
  },
  "visible": false,
  "loc": "src/value/de.rs:1380:5:1385:6",
  "fn_tests": [
    {
      "chain_id": 0,
      "prompt_conds": [],
      "input_infer": "",
      "answers": [
        {
          "uses": [],
          "has_test_mod": false,
          "common": [],
          "chain_tests": [
            {
              "attrs": [],
              "prefix": [],
              "oracles": [],
              "codes": [
                [
                  "{",
                  "    struct MockExpected {",
                  "        expected_type: &'static str,",
                  "    }",
                  "    ",
                  "    impl serde::de::Expected for MockExpected {",
                  "        fn fmt(&self, f: &mut std::fmt::Formatter) -> std::fmt::Result {",
                  "            write!(f, \"expected {}\", self.expected_type)",
                  "        }",
                  "    }",
                  "",
                  "    struct MockError;",
                  "",
                  "    impl serde::de::Error for MockError {",
                  "        fn custom<T>(msg: T) -> Self where T: std::fmt::Display {",
                  "            MockError",
                  "        }",
                  "",
                  "        fn invalid_type<E>(&self, _unexpected: &'static str, _exp: &dyn Expected) -> E {",
                  "            // Simulate error handling",
                  "            panic!(\"Invalid type\")",
                  "        }",
                  "    }",
                  "",
                  "    let unexpected_value = \"unexpected_value\";",
                  "    let exp = MockExpected { expected_type: \"string\" };",
                  "",
                  "    let error_result: MockError = serde_json::de::Deserializer::from_str(unexpected_value)",
                  "        .invalid_type::<MockError>(&exp);",
                  "    ",
                  "    let _ = error_result; // To avoid unused variable warning",
                  "}"
                ]
              ],
              "can_compile": [
                {
                  "Err": "   Compiling proc-macro2 v1.0.95\n   Compiling serde v1.0.219\n   Compiling syn v1.0.109\n   Compiling libc v0.2.172\n   Compiling target-triple v0.1.4\n   Compiling serde_json v1.0.140\n   Compiling ref-cast v1.0.24\n   Compiling rustversion v1.0.20\n   Compiling serde_json v1.0.140 (/home/abezbm/rust-utgen-test-crates-new/json)\n   Compiling psm v0.1.26\n   Compiling stacker v0.1.21\n   Compiling quote v1.0.40\n   Compiling syn v2.0.101\n   Compiling serde_derive v1.0.219\n   Compiling ref-cast-impl v1.0.24\n   Compiling automod v1.0.15\n   Compiling ntest_timeout v0.9.3\n   Compiling ntest_test_cases v0.9.3\n   Compiling ntest v0.9.3\n   Compiling toml_datetime v0.6.9\n   Compiling serde_spanned v0.6.8\n   Compiling serde_bytes v0.11.17\n   Compiling serde_stacker v0.1.12\n   Compiling toml_edit v0.22.25\n   Compiling toml v0.8.21\n   Compiling trybuild v1.0.104\nerror[E0433]: failed to resolve: use of undeclared crate or module `serde_json`\n    --> src/value/de.rs:1534:35\n     |\n1534 |     let error_result: MockError = serde_json::de::Deserializer::from_str(unexpected_value)\n     |                                   ^^^^^^^^^^ use of undeclared crate or module `serde_json`\n     |\nhelp: consider importing one of these items\n     |\n1503 +    use crate::Deserializer;\n     |\n1503 +    use crate::value::de::de::Deserializer;\n     |\n1503 +    use serde::Deserializer;\n     |\n1503 +    use serde_stacker::Deserializer;\n     |\nhelp: if you import `Deserializer`, refer to it directly\n     |\n1534 -     let error_result: MockError = serde_json::de::Deserializer::from_str(unexpected_value)\n1534 +     let error_result: MockError = Deserializer::from_str(unexpected_value)\n     |\n\nwarning: unused import: `ntest::timeout`\n    --> src/value/de.rs:1504:8\n     |\n1504 |    use ntest::timeout;\n     |        ^^^^^^^^^^^^^^\n     |\n     = note: `#[warn(unused_imports)]` on by default\n\nerror[E0277]: the trait bound `MockError: StdError` is not satisfied\n    --> src/value/de.rs:1520:31\n     |\n1520 |     impl serde::de::Error for MockError {\n     |                               ^^^^^^^^^ the trait `StdError` is not implemented for `MockError`\n     |\nnote: required by a bound in `serde::de::Error`\n    --> /home/abezbm/.cargo/registry/src/index.crates.io-6f17d22bba15001f/serde-1.0.219/src/de/mod.rs:300:1\n     |\n300  | declare_error_trait!(Error: Sized + StdError);\n     | ^^^^^^^^^^^^^^^^^^^^^^^^^^^^^^^^^^^^^^^^^^^^^ required by this bound in `Error`\n     = note: this error originates in the macro `declare_error_trait` (in Nightly builds, run with -Z macro-backtrace for more info)\n\nerror[E0185]: method `invalid_type` has a `&self` declaration in the impl, but not in the trait\n    --> src/value/de.rs:1525:9\n     |\n1525 |         fn invalid_type<E>(&self, _unexpected: &'static str, _exp: &dyn Expected) -> E {\n     |         ^^^^^^^^^^^^^^^^^^^^^^^^^^^^^^^^^^^^^^^^^^^^^^^^^^^^^^^^^^^^^^^^^^^^^^^^^^^^^^ `&self` used in impl\n     |\n     = note: `invalid_type` from trait: `fn(Unexpected<'_>, &dyn serde::de::Expected) -> Self`\n\nwarning: unused variable: `msg`\n    --> src/value/de.rs:1521:22\n     |\n1521 |         fn custom<T>(msg: T) -> Self where T: std::fmt::Display {\n     |                      ^^^ help: if this is intentional, prefix it with an underscore: `_msg`\n     |\n     = note: `#[warn(unused_variables)]` on by default\n\nSome errors have detailed explanations: E0185, E0277, E0433.\nFor more information about an error, try `rustc --explain E0185`.\nwarning: `serde_json` (lib test) generated 2 warnings\nerror: could not compile `serde_json` (lib test) due to 3 previous errors; 2 warnings emitted\n"
                }
              ],
              "repaired": [
                false
              ]
            },
            {
              "attrs": [
                "#[should_panic]"
              ],
              "prefix": [],
              "oracles": [],
              "codes": [
                [
                  "{",
                  "    struct MockExpected {",
                  "        expected_type: &'static str,",
                  "    }",
                  "    ",
                  "    impl serde::de::Expected for MockExpected {",
                  "        fn fmt(&self, f: &mut std::fmt::Formatter) -> std::fmt::Result {",
                  "            write!(f, \"expected {}\", self.expected_type)",
                  "        }",
                  "    }",
                  "",
                  "    struct MockError;",
                  "",
                  "    impl serde::de::Error for MockError {",
                  "        fn custom<T>(msg: T) -> Self where T: std::fmt::Display {",
                  "            MockError",
                  "        }",
                  "",
                  "        fn invalid_type<E>(&self, _unexpected: &'static str, _exp: &dyn Expected) -> E {",
                  "            panic!(\"Invalid type\")",
                  "        }",
                  "    }",
                  "",
                  "    let unexpected_value = \"unexpected_value\";",
                  "    let exp = MockExpected { expected_type: \"integer\" };",
                  "",
                  "    let error_result: MockError = serde_json::de::Deserializer::from_str(unexpected_value)",
                  "        .invalid_type::<MockError>(&exp);",
                  "    ",
                  "    let _ = error_result; // To avoid unused variable warning",
                  "}"
                ]
              ],
              "can_compile": [
                {
                  "Err": "   Compiling proc-macro2 v1.0.95\n   Compiling serde v1.0.219\n   Compiling syn v1.0.109\n   Compiling libc v0.2.172\n   Compiling serde_json v1.0.140\n   Compiling target-triple v0.1.4\n   Compiling ref-cast v1.0.24\n   Compiling rustversion v1.0.20\n   Compiling serde_json v1.0.140 (/home/abezbm/rust-utgen-test-crates-new/json)\n   Compiling psm v0.1.26\n   Compiling stacker v0.1.21\n   Compiling quote v1.0.40\n   Compiling syn v2.0.101\n   Compiling serde_derive v1.0.219\n   Compiling ref-cast-impl v1.0.24\n   Compiling automod v1.0.15\n   Compiling ntest_test_cases v0.9.3\n   Compiling ntest_timeout v0.9.3\n   Compiling ntest v0.9.3\n   Compiling serde_spanned v0.6.8\n   Compiling toml_datetime v0.6.9\n   Compiling serde_stacker v0.1.12\n   Compiling serde_bytes v0.11.17\n   Compiling toml_edit v0.22.25\n   Compiling toml v0.8.21\n   Compiling trybuild v1.0.104\nerror[E0433]: failed to resolve: use of undeclared crate or module `serde_json`\n    --> src/value/de.rs:1534:35\n     |\n1534 |     let error_result: MockError = serde_json::de::Deserializer::from_str(unexpected_value)\n     |                                   ^^^^^^^^^^ use of undeclared crate or module `serde_json`\n     |\nhelp: consider importing one of these items\n     |\n1503 +    use crate::Deserializer;\n     |\n1503 +    use crate::value::de::de::Deserializer;\n     |\n1503 +    use serde::Deserializer;\n     |\n1503 +    use serde_stacker::Deserializer;\n     |\nhelp: if you import `Deserializer`, refer to it directly\n     |\n1534 -     let error_result: MockError = serde_json::de::Deserializer::from_str(unexpected_value)\n1534 +     let error_result: MockError = Deserializer::from_str(unexpected_value)\n     |\n\nwarning: unused import: `ntest::timeout`\n    --> src/value/de.rs:1504:8\n     |\n1504 |    use ntest::timeout;\n     |        ^^^^^^^^^^^^^^\n     |\n     = note: `#[warn(unused_imports)]` on by default\n\nerror[E0277]: the trait bound `MockError: StdError` is not satisfied\n    --> src/value/de.rs:1521:31\n     |\n1521 |     impl serde::de::Error for MockError {\n     |                               ^^^^^^^^^ the trait `StdError` is not implemented for `MockError`\n     |\nnote: required by a bound in `serde::de::Error`\n    --> /home/abezbm/.cargo/registry/src/index.crates.io-6f17d22bba15001f/serde-1.0.219/src/de/mod.rs:300:1\n     |\n300  | declare_error_trait!(Error: Sized + StdError);\n     | ^^^^^^^^^^^^^^^^^^^^^^^^^^^^^^^^^^^^^^^^^^^^^ required by this bound in `Error`\n     = note: this error originates in the macro `declare_error_trait` (in Nightly builds, run with -Z macro-backtrace for more info)\n\nerror[E0185]: method `invalid_type` has a `&self` declaration in the impl, but not in the trait\n    --> src/value/de.rs:1526:9\n     |\n1526 |         fn invalid_type<E>(&self, _unexpected: &'static str, _exp: &dyn Expected) -> E {\n     |         ^^^^^^^^^^^^^^^^^^^^^^^^^^^^^^^^^^^^^^^^^^^^^^^^^^^^^^^^^^^^^^^^^^^^^^^^^^^^^^ `&self` used in impl\n     |\n     = note: `invalid_type` from trait: `fn(Unexpected<'_>, &dyn serde::de::Expected) -> Self`\n\nwarning: unused variable: `msg`\n    --> src/value/de.rs:1522:22\n     |\n1522 |         fn custom<T>(msg: T) -> Self where T: std::fmt::Display {\n     |                      ^^^ help: if this is intentional, prefix it with an underscore: `_msg`\n     |\n     = note: `#[warn(unused_variables)]` on by default\n\nSome errors have detailed explanations: E0185, E0277, E0433.\nFor more information about an error, try `rustc --explain E0185`.\nwarning: `serde_json` (lib test) generated 2 warnings\nerror: could not compile `serde_json` (lib test) due to 3 previous errors; 2 warnings emitted\n"
                }
              ],
              "repaired": [
                false
              ]
            }
          ]
        }
      ]
    }
  ]
}