{
  "name": "serde_json::value::index::value::index::<impl std::ops::Index<I> for value::Value>::index",
  "name_with_impl": "serde_json::value::index::{impl#5}::index",
  "mod_info": {
    "name": "value::index",
    "loc": "src/value/mod.rs:929:1:929:11"
  },
  "visible": true,
  "loc": "src/value/index.rs:212:5:215:6",
  "fn_tests": [
    {
      "chain_id": 0,
      "prompt_conds": [],
      "input_infer": "",
      "answers": [
        {
          "uses": [],
          "has_test_mod": false,
          "common": [],
          "chain_tests": [
            {
              "attrs": [],
              "prefix": [],
              "oracles": [],
              "codes": [
                [
                  "{",
                  "    // Define a simple JSON object",
                  "    let data = serde_json::json!({",
                  "        \"key\": \"value\",",
                  "        \"array\": [1, 2, 3]",
                  "    });",
                  "",
                  "    // Accessing existing keys",
                  "    assert_eq!(data[\"key\"], serde_json::json!(\"value\"));",
                  "    assert_eq!(data[\"array\"], serde_json::json!([1, 2, 3]));",
                  "}"
                ]
              ],
              "can_compile": [
                {
                  "Err": "   Compiling proc-macro2 v1.0.95\n   Compiling serde v1.0.219\n   Compiling syn v1.0.109\n   Compiling libc v0.2.172\n   Compiling serde_json v1.0.140\n   Compiling target-triple v0.1.4\n   Compiling rustversion v1.0.20\n   Compiling ref-cast v1.0.24\n   Compiling serde_json v1.0.140 (/home/abezbm/rust-utgen-test-crates-new/json)\n   Compiling psm v0.1.26\n   Compiling stacker v0.1.21\n   Compiling quote v1.0.40\n   Compiling syn v2.0.101\n   Compiling serde_derive v1.0.219\n   Compiling ref-cast-impl v1.0.24\n   Compiling automod v1.0.15\n   Compiling ntest_test_cases v0.9.3\n   Compiling ntest_timeout v0.9.3\n   Compiling ntest v0.9.3\n   Compiling serde_spanned v0.6.8\n   Compiling toml_datetime v0.6.9\n   Compiling serde_stacker v0.1.12\n   Compiling serde_bytes v0.11.17\n   Compiling toml_edit v0.22.25\n   Compiling toml v0.8.21\n   Compiling trybuild v1.0.104\nerror[E0433]: failed to resolve: use of undeclared crate or module `serde_json`\n   --> src/value/index.rs:274:31\n    |\n274 |     assert_eq!(data[\"array\"], serde_json::json!([1, 2, 3]));\n    |                               ^^^^^^^^^^ use of undeclared crate or module `serde_json`\n\nerror[E0433]: failed to resolve: use of undeclared crate or module `serde_json`\n   --> src/value/index.rs:273:29\n    |\n273 |     assert_eq!(data[\"key\"], serde_json::json!(\"value\"));\n    |                             ^^^^^^^^^^ use of undeclared crate or module `serde_json`\n\nerror[E0433]: failed to resolve: use of undeclared crate or module `serde_json`\n   --> src/value/index.rs:267:16\n    |\n267 |     let data = serde_json::json!({\n    |                ^^^^^^^^^^ use of undeclared crate or module `serde_json`\n\nwarning: unused import: `super::*`\n   --> src/value/index.rs:261:8\n    |\n261 |    use super::*;\n    |        ^^^^^^^^\n    |\n    = note: `#[warn(unused_imports)]` on by default\n\nwarning: unused import: `ntest::timeout`\n   --> src/value/index.rs:262:8\n    |\n262 |    use ntest::timeout;\n    |        ^^^^^^^^^^^^^^\n\nFor more information about this error, try `rustc --explain E0433`.\nwarning: `serde_json` (lib test) generated 2 warnings\nerror: could not compile `serde_json` (lib test) due to 3 previous errors; 2 warnings emitted\n"
                }
              ],
              "repaired": [
                false
              ]
            },
            {
              "attrs": [],
              "prefix": [],
              "oracles": [],
              "codes": [
                [
                  "{",
                  "    // Define a simple JSON array",
                  "    let data = serde_json::json!([1, 2, 3, 4, 5]);",
                  "",
                  "    // Accessing existing indices",
                  "    assert_eq!(data[0], serde_json::json!(1));",
                  "    assert_eq!(data[4], serde_json::json!(5));",
                  "",
                  "    // Accessing an out of bounds index",
                  "    assert_eq!(data[5], serde_json::json!(null));",
                  "}"
                ]
              ],
              "can_compile": [
                {
                  "Err": "   Compiling proc-macro2 v1.0.95\n   Compiling serde v1.0.219\n   Compiling syn v1.0.109\n   Compiling libc v0.2.172\n   Compiling serde_json v1.0.140\n   Compiling target-triple v0.1.4\n   Compiling rustversion v1.0.20\n   Compiling ref-cast v1.0.24\n   Compiling serde_json v1.0.140 (/home/abezbm/rust-utgen-test-crates-new/json)\n   Compiling psm v0.1.26\n   Compiling stacker v0.1.21\n   Compiling quote v1.0.40\n   Compiling syn v2.0.101\n   Compiling serde_derive v1.0.219\n   Compiling ref-cast-impl v1.0.24\n   Compiling automod v1.0.15\n   Compiling ntest_timeout v0.9.3\n   Compiling ntest_test_cases v0.9.3\n   Compiling ntest v0.9.3\n   Compiling toml_datetime v0.6.9\n   Compiling serde_spanned v0.6.8\n   Compiling serde_stacker v0.1.12\n   Compiling serde_bytes v0.11.17\n   Compiling toml_edit v0.22.25\n   Compiling toml v0.8.21\n   Compiling trybuild v1.0.104\nerror[E0433]: failed to resolve: use of undeclared crate or module `serde_json`\n   --> src/value/index.rs:274:25\n    |\n274 |     assert_eq!(data[5], serde_json::json!(null));\n    |                         ^^^^^^^^^^ use of undeclared crate or module `serde_json`\n\nerror[E0433]: failed to resolve: use of undeclared crate or module `serde_json`\n   --> src/value/index.rs:271:25\n    |\n271 |     assert_eq!(data[4], serde_json::json!(5));\n    |                         ^^^^^^^^^^ use of undeclared crate or module `serde_json`\n\nerror[E0433]: failed to resolve: use of undeclared crate or module `serde_json`\n   --> src/value/index.rs:270:25\n    |\n270 |     assert_eq!(data[0], serde_json::json!(1));\n    |                         ^^^^^^^^^^ use of undeclared crate or module `serde_json`\n\nerror[E0433]: failed to resolve: use of undeclared crate or module `serde_json`\n   --> src/value/index.rs:267:16\n    |\n267 |     let data = serde_json::json!([1, 2, 3, 4, 5]);\n    |                ^^^^^^^^^^ use of undeclared crate or module `serde_json`\n\nwarning: unused import: `super::*`\n   --> src/value/index.rs:261:8\n    |\n261 |    use super::*;\n    |        ^^^^^^^^\n    |\n    = note: `#[warn(unused_imports)]` on by default\n\nwarning: unused import: `ntest::timeout`\n   --> src/value/index.rs:262:8\n    |\n262 |    use ntest::timeout;\n    |        ^^^^^^^^^^^^^^\n\nFor more information about this error, try `rustc --explain E0433`.\nwarning: `serde_json` (lib test) generated 2 warnings\nerror: could not compile `serde_json` (lib test) due to 4 previous errors; 2 warnings emitted\n"
                }
              ],
              "repaired": [
                false
              ]
            },
            {
              "attrs": [],
              "prefix": [],
              "oracles": [],
              "codes": [
                [
                  "{",
                  "    // Define a JSON object without certain keys",
                  "    let data = serde_json::json!({",
                  "        \"key\": \"value\"",
                  "    });",
                  "",
                  "    // Accessing nonexistent keys",
                  "    assert_eq!(data[\"nonexistent\"], serde_json::json!(null));",
                  "}"
                ]
              ],
              "can_compile": [
                {
                  "Err": "   Compiling proc-macro2 v1.0.95\n   Compiling serde v1.0.219\n   Compiling syn v1.0.109\n   Compiling libc v0.2.172\n   Compiling serde_json v1.0.140\n   Compiling target-triple v0.1.4\n   Compiling ref-cast v1.0.24\n   Compiling rustversion v1.0.20\n   Compiling serde_json v1.0.140 (/home/abezbm/rust-utgen-test-crates-new/json)\n   Compiling psm v0.1.26\n   Compiling stacker v0.1.21\n   Compiling quote v1.0.40\n   Compiling syn v2.0.101\n   Compiling serde_derive v1.0.219\n   Compiling ref-cast-impl v1.0.24\n   Compiling automod v1.0.15\n   Compiling ntest_test_cases v0.9.3\n   Compiling ntest_timeout v0.9.3\n   Compiling ntest v0.9.3\n   Compiling toml_datetime v0.6.9\n   Compiling serde_spanned v0.6.8\n   Compiling serde_stacker v0.1.12\n   Compiling serde_bytes v0.11.17\n   Compiling toml_edit v0.22.25\n   Compiling toml v0.8.21\n   Compiling trybuild v1.0.104\nerror[E0433]: failed to resolve: use of undeclared crate or module `serde_json`\n   --> src/value/index.rs:272:37\n    |\n272 |     assert_eq!(data[\"nonexistent\"], serde_json::json!(null));\n    |                                     ^^^^^^^^^^ use of undeclared crate or module `serde_json`\n\nerror[E0433]: failed to resolve: use of undeclared crate or module `serde_json`\n   --> src/value/index.rs:267:16\n    |\n267 |     let data = serde_json::json!({\n    |                ^^^^^^^^^^ use of undeclared crate or module `serde_json`\n\nwarning: unused import: `super::*`\n   --> src/value/index.rs:261:8\n    |\n261 |    use super::*;\n    |        ^^^^^^^^\n    |\n    = note: `#[warn(unused_imports)]` on by default\n\nwarning: unused import: `ntest::timeout`\n   --> src/value/index.rs:262:8\n    |\n262 |    use ntest::timeout;\n    |        ^^^^^^^^^^^^^^\n\nFor more information about this error, try `rustc --explain E0433`.\nwarning: `serde_json` (lib test) generated 2 warnings\nerror: could not compile `serde_json` (lib test) due to 2 previous errors; 2 warnings emitted\n"
                }
              ],
              "repaired": [
                false
              ]
            },
            {
              "attrs": [],
              "prefix": [],
              "oracles": [],
              "codes": [
                [
                  "{",
                  "    // Define a nested JSON object",
                  "    let data = serde_json::json!({",
                  "        \"x\": {",
                  "            \"y\": [\"a\", \"b\", \"c\"]",
                  "        }",
                  "    });",
                  "",
                  "    // Accessing a key and index that do not exist",
                  "    assert_eq!(data[\"x\"][\"y\"][\"z\"], serde_json::json!(null)); // string index on an array",
                  "    assert_eq!(data[\"a\"][\"b\"], serde_json::json!(null)); // accessing nonexistent keys",
                  "    assert_eq!(data[\"x\"][3], serde_json::json!(null)); // out of bounds index",
                  "}"
                ]
              ],
              "can_compile": [
                {
                  "Err": "   Compiling proc-macro2 v1.0.95\n   Compiling serde v1.0.219\n   Compiling syn v1.0.109\n   Compiling libc v0.2.172\n   Compiling target-triple v0.1.4\n   Compiling serde_json v1.0.140\n   Compiling ref-cast v1.0.24\n   Compiling rustversion v1.0.20\n   Compiling serde_json v1.0.140 (/home/abezbm/rust-utgen-test-crates-new/json)\n   Compiling psm v0.1.26\n   Compiling stacker v0.1.21\n   Compiling quote v1.0.40\n   Compiling syn v2.0.101\n   Compiling serde_derive v1.0.219\n   Compiling ref-cast-impl v1.0.24\n   Compiling automod v1.0.15\n   Compiling ntest_test_cases v0.9.3\n   Compiling ntest_timeout v0.9.3\n   Compiling ntest v0.9.3\n   Compiling serde_spanned v0.6.8\n   Compiling toml_datetime v0.6.9\n   Compiling serde_bytes v0.11.17\n   Compiling serde_stacker v0.1.12\n   Compiling toml_edit v0.22.25\n   Compiling toml v0.8.21\n   Compiling trybuild v1.0.104\nerror[E0433]: failed to resolve: use of undeclared crate or module `serde_json`\n   --> src/value/index.rs:276:30\n    |\n276 |     assert_eq!(data[\"x\"][3], serde_json::json!(null)); // out of bounds index\n    |                              ^^^^^^^^^^ use of undeclared crate or module `serde_json`\n\nerror[E0433]: failed to resolve: use of undeclared crate or module `serde_json`\n   --> src/value/index.rs:275:32\n    |\n275 |     assert_eq!(data[\"a\"][\"b\"], serde_json::json!(null)); // accessing nonexistent keys\n    |                                ^^^^^^^^^^ use of undeclared crate or module `serde_json`\n\nerror[E0433]: failed to resolve: use of undeclared crate or module `serde_json`\n   --> src/value/index.rs:274:37\n    |\n274 |     assert_eq!(data[\"x\"][\"y\"][\"z\"], serde_json::json!(null)); // string index on an array\n    |                                     ^^^^^^^^^^ use of undeclared crate or module `serde_json`\n\nerror[E0433]: failed to resolve: use of undeclared crate or module `serde_json`\n   --> src/value/index.rs:267:16\n    |\n267 |     let data = serde_json::json!({\n    |                ^^^^^^^^^^ use of undeclared crate or module `serde_json`\n\nwarning: unused import: `super::*`\n   --> src/value/index.rs:261:8\n    |\n261 |    use super::*;\n    |        ^^^^^^^^\n    |\n    = note: `#[warn(unused_imports)]` on by default\n\nwarning: unused import: `ntest::timeout`\n   --> src/value/index.rs:262:8\n    |\n262 |    use ntest::timeout;\n    |        ^^^^^^^^^^^^^^\n\nFor more information about this error, try `rustc --explain E0433`.\nwarning: `serde_json` (lib test) generated 2 warnings\nerror: could not compile `serde_json` (lib test) due to 4 previous errors; 2 warnings emitted\n"
                }
              ],
              "repaired": [
                false
              ]
            }
          ]
        }
      ]
    }
  ]
}