{
  "name": "serde_json::value::de::<value::de::VariantDeserializer as serde::de::VariantAccess<'de>>::newtype_variant_seed",
  "name_with_impl": "serde_json::value::de::{impl#7}::newtype_variant_seed",
  "mod_info": {
    "name": "value::de",
    "loc": "src/value/mod.rs:927:1:927:8"
  },
  "visible": true,
  "loc": "src/value/de.rs:556:5:567:6",
  "fn_tests": [
    {
      "chain_id": 0,
      "prompt_conds": [],
      "input_infer": "",
      "answers": [
        {
          "uses": [],
          "has_test_mod": false,
          "common": [
            "#[derive(Debug)]",
            "struct DummyValue;",
            "",
            "struct DummySeed;",
            "",
            "impl<'de> serde::de::DeserializeSeed<'de> for DummySeed {",
            "    type Value = DummyValue;",
            "",
            "    fn deserialize<T>(self, _: T) -> Result<Self::Value, serde::de::Error>",
            "    where",
            "        T: serde::de::Deserializer<'de>,",
            "    {",
            "        Ok(DummyValue)",
            "    }",
            "}"
          ],
          "chain_tests": [
            {
              "attrs": [],
              "prefix": [],
              "oracles": [],
              "codes": [
                [
                  "{",
                  "    let value = Some(serde_json::json!(\"some_value\"));",
                  "    let result = newtype_variant_seed(DummySeed, value);",
                  "    assert!(result.is_ok());",
                  "}"
                ]
              ],
              "can_compile": [
                {
                  "Err": "   Compiling proc-macro2 v1.0.95\n   Compiling serde v1.0.219\n   Compiling syn v1.0.109\n   Compiling libc v0.2.172\n   Compiling serde_json v1.0.140\n   Compiling target-triple v0.1.4\n   Compiling ref-cast v1.0.24\n   Compiling rustversion v1.0.20\n   Compiling serde_json v1.0.140 (/home/abezbm/rust-utgen-test-crates-new/json)\n   Compiling psm v0.1.26\n   Compiling stacker v0.1.21\n   Compiling quote v1.0.40\n   Compiling syn v2.0.101\n   Compiling serde_derive v1.0.219\n   Compiling ref-cast-impl v1.0.24\n   Compiling automod v1.0.15\n   Compiling ntest_test_cases v0.9.3\n   Compiling ntest_timeout v0.9.3\n   Compiling ntest v0.9.3\n   Compiling serde_spanned v0.6.8\n   Compiling toml_datetime v0.6.9\n   Compiling serde_stacker v0.1.12\n   Compiling serde_bytes v0.11.17\n   Compiling toml_edit v0.22.25\n   Compiling toml v0.8.21\n   Compiling trybuild v1.0.104\nerror[E0433]: failed to resolve: use of undeclared crate or module `serde_json`\n    --> src/value/de.rs:1524:22\n     |\n1524 |     let value = Some(serde_json::json!(\"some_value\"));\n     |                      ^^^^^^^^^^ use of undeclared crate or module `serde_json`\n\nwarning: unused import: `super::*`\n    --> src/value/de.rs:1503:8\n     |\n1503 |    use super::*;\n     |        ^^^^^^^^\n     |\n     = note: `#[warn(unused_imports)]` on by default\n\nwarning: unused import: `ntest::timeout`\n    --> src/value/de.rs:1504:8\n     |\n1504 |    use ntest::timeout;\n     |        ^^^^^^^^^^^^^^\n\nerror[E0053]: method `deserialize` has an incompatible type for trait\n    --> src/value/de.rs:1513:38\n     |\n1513 |     fn deserialize<T>(self, _: T) -> Result<Self::Value, serde::de::Error>\n     |                                      ^^^^^^^^^^^^^^^^^^^^^^^^^^^^^^^^^^^^^ expected associated type, found `dyn serde::de::Error`\n     |\n     = note: expected signature `fn(DummySeed, _) -> std::result::Result<_, <T as serde::Deserializer<'de>>::Error>`\n                found signature `fn(DummySeed, _) -> std::result::Result<_, (dyn serde::de::Error + 'static)>`\nhelp: change the output type to match the trait\n     |\n1513 |     fn deserialize<T>(self, _: T) -> std::result::Result<DummyValue, <T as serde::Deserializer<'de>>::Error>\n     |                                      ~~~~~~~~~~~~~~~~~~~~~~~~~~~~~~~~~~~~~~~~~~~~~~~~~~~~~~~~~~~~~~~~~~~~~~~\n\nerror[E0038]: the trait `serde::de::Error` cannot be made into an object\n    --> src/value/de.rs:1513:58\n     |\n1513 |     fn deserialize<T>(self, _: T) -> Result<Self::Value, serde::de::Error>\n     |                                                          ^^^^^^^^^^^^^^^^ `serde::de::Error` cannot be made into an object\n     |\n     = note: the trait cannot be made into an object because it requires `Self: Sized`\n     = note: for a trait to be \"object safe\" it needs to allow building a vtable to allow the call to be resolvable dynamically; for more information visit <https://doc.rust-lang.org/reference/items/traits.html#object-safety>\n     = help: the following types implement the trait, consider defining an enum where each variant holds one of these types, implementing `serde::de::Error` for this new enum and using it instead:\n               error::Error\n               serde::de::value::Error\n               serde_json::Error\n               toml::de::Error\n               toml_edit::de::Error\n\nerror[E0277]: the size for values of type `(dyn serde::de::Error + 'static)` cannot be known at compilation time\n    --> src/value/de.rs:1513:38\n     |\n1513 |     fn deserialize<T>(self, _: T) -> Result<Self::Value, serde::de::Error>\n     |                                      ^^^^^^^^^^^^^^^^^^^^^^^^^^^^^^^^^^^^^ doesn't have a size known at compile-time\n     |\n     = help: the trait `Sized` is not implemented for `(dyn serde::de::Error + 'static)`\nnote: required by an implicit `Sized` bound in `std::result::Result`\n    --> /home/abezbm/.rustup/toolchains/nightly-2024-07-21-x86_64-unknown-linux-gnu/lib/rustlib/src/rust/library/core/src/result.rs:527:20\n     |\n527  | pub enum Result<T, E> {\n     |                    ^ required by the implicit `Sized` requirement on this type parameter in `Result`\n\nerror[E0038]: the trait `serde::de::Error` cannot be made into an object\n    --> src/value/de.rs:1517:9\n     |\n1517 |         Ok(DummyValue)\n     |         ^^ `serde::de::Error` cannot be made into an object\n     |\n     = note: the trait cannot be made into an object because it requires `Self: Sized`\n     = note: for a trait to be \"object safe\" it needs to allow building a vtable to allow the call to be resolvable dynamically; for more information visit <https://doc.rust-lang.org/reference/items/traits.html#object-safety>\n     = help: the following types implement the trait, consider defining an enum where each variant holds one of these types, implementing `serde::de::Error` for this new enum and using it instead:\n               error::Error\n               serde::de::value::Error\n               serde_json::Error\n               toml::de::Error\n               toml_edit::de::Error\n\nerror[E0277]: the size for values of type `dyn serde::de::Error` cannot be known at compilation time\n    --> src/value/de.rs:1517:9\n     |\n1517 |         Ok(DummyValue)\n     |         ^^^^^^^^^^^^^^ doesn't have a size known at compile-time\n     |\n     = help: the trait `Sized` is not implemented for `dyn serde::de::Error`\nnote: required by a bound in `Ok`\n    --> /home/abezbm/.rustup/toolchains/nightly-2024-07-21-x86_64-unknown-linux-gnu/lib/rustlib/src/rust/library/core/src/result.rs:527:20\n     |\n527  | pub enum Result<T, E> {\n     |                    ^ required by this bound in `Ok`\n...\n531  |     Ok(#[stable(feature = \"rust1\", since = \"1.0.0\")] T),\n     |     -- required by a bound in this tuple variant\n\nerror[E0425]: cannot find function `newtype_variant_seed` in this scope\n    --> src/value/de.rs:1525:18\n     |\n1525 |     let result = newtype_variant_seed(DummySeed, value);\n     |                  ^^^^^^^^^^^^^^^^^^^^ not found in this scope\n\nerror[E0782]: trait objects must include the `dyn` keyword\n    --> src/value/de.rs:1513:58\n     |\n1513 |     fn deserialize<T>(self, _: T) -> Result<Self::Value, serde::de::Error>\n     |                                                          ^^^^^^^^^^^^^^^^\n     |\nhelp: add `dyn` keyword before this trait\n     |\n1513 |     fn deserialize<T>(self, _: T) -> Result<Self::Value, dyn serde::de::Error>\n     |                                                          +++\n\nSome errors have detailed explanations: E0038, E0053, E0277, E0425, E0433, E0782.\nFor more information about an error, try `rustc --explain E0038`.\nwarning: `serde_json` (lib test) generated 2 warnings\nerror: could not compile `serde_json` (lib test) due to 8 previous errors; 2 warnings emitted\n"
                }
              ],
              "repaired": [
                false
              ]
            },
            {
              "attrs": [],
              "prefix": [],
              "oracles": [],
              "codes": [
                [
                  "{",
                  "    let value: Option<serde_json::Value> = None;",
                  "    let result = newtype_variant_seed(DummySeed, value);",
                  "    assert!(result.is_err());",
                  "}"
                ]
              ],
              "can_compile": [
                {
                  "Err": "   Compiling proc-macro2 v1.0.95\n   Compiling serde v1.0.219\n   Compiling syn v1.0.109\n   Compiling libc v0.2.172\n   Compiling serde_json v1.0.140\n   Compiling target-triple v0.1.4\n   Compiling rustversion v1.0.20\n   Compiling ref-cast v1.0.24\n   Compiling psm v0.1.26\n   Compiling stacker v0.1.21\n   Compiling serde_json v1.0.140 (/home/abezbm/rust-utgen-test-crates-new/json)\n   Compiling quote v1.0.40\n   Compiling syn v2.0.101\n   Compiling serde_derive v1.0.219\n   Compiling ref-cast-impl v1.0.24\n   Compiling automod v1.0.15\n   Compiling ntest_timeout v0.9.3\n   Compiling ntest_test_cases v0.9.3\n   Compiling ntest v0.9.3\n   Compiling toml_datetime v0.6.9\n   Compiling serde_spanned v0.6.8\n   Compiling serde_stacker v0.1.12\n   Compiling serde_bytes v0.11.17\n   Compiling toml_edit v0.22.25\n   Compiling toml v0.8.21\n   Compiling trybuild v1.0.104\nwarning: unused import: `super::*`\n    --> src/value/de.rs:1503:8\n     |\n1503 |    use super::*;\n     |        ^^^^^^^^\n     |\n     = note: `#[warn(unused_imports)]` on by default\n\nwarning: unused import: `ntest::timeout`\n    --> src/value/de.rs:1504:8\n     |\n1504 |    use ntest::timeout;\n     |        ^^^^^^^^^^^^^^\n\nerror[E0053]: method `deserialize` has an incompatible type for trait\n    --> src/value/de.rs:1513:38\n     |\n1513 |     fn deserialize<T>(self, _: T) -> Result<Self::Value, serde::de::Error>\n     |                                      ^^^^^^^^^^^^^^^^^^^^^^^^^^^^^^^^^^^^^ expected associated type, found `dyn serde::de::Error`\n     |\n     = note: expected signature `fn(DummySeed, _) -> std::result::Result<_, <T as serde::Deserializer<'de>>::Error>`\n                found signature `fn(DummySeed, _) -> std::result::Result<_, (dyn serde::de::Error + 'static)>`\nhelp: change the output type to match the trait\n     |\n1513 |     fn deserialize<T>(self, _: T) -> std::result::Result<DummyValue, <T as serde::Deserializer<'de>>::Error>\n     |                                      ~~~~~~~~~~~~~~~~~~~~~~~~~~~~~~~~~~~~~~~~~~~~~~~~~~~~~~~~~~~~~~~~~~~~~~~\n\nerror[E0038]: the trait `serde::de::Error` cannot be made into an object\n    --> src/value/de.rs:1513:58\n     |\n1513 |     fn deserialize<T>(self, _: T) -> Result<Self::Value, serde::de::Error>\n     |                                                          ^^^^^^^^^^^^^^^^ `serde::de::Error` cannot be made into an object\n     |\n     = note: the trait cannot be made into an object because it requires `Self: Sized`\n     = note: for a trait to be \"object safe\" it needs to allow building a vtable to allow the call to be resolvable dynamically; for more information visit <https://doc.rust-lang.org/reference/items/traits.html#object-safety>\n     = help: the following types implement the trait, consider defining an enum where each variant holds one of these types, implementing `serde::de::Error` for this new enum and using it instead:\n               error::Error\n               serde::de::value::Error\n               serde_json::Error\n               toml::de::Error\n               toml_edit::de::Error\n\nerror[E0277]: the size for values of type `(dyn serde::de::Error + 'static)` cannot be known at compilation time\n    --> src/value/de.rs:1513:38\n     |\n1513 |     fn deserialize<T>(self, _: T) -> Result<Self::Value, serde::de::Error>\n     |                                      ^^^^^^^^^^^^^^^^^^^^^^^^^^^^^^^^^^^^^ doesn't have a size known at compile-time\n     |\n     = help: the trait `Sized` is not implemented for `(dyn serde::de::Error + 'static)`\nnote: required by an implicit `Sized` bound in `std::result::Result`\n    --> /home/abezbm/.rustup/toolchains/nightly-2024-07-21-x86_64-unknown-linux-gnu/lib/rustlib/src/rust/library/core/src/result.rs:527:20\n     |\n527  | pub enum Result<T, E> {\n     |                    ^ required by the implicit `Sized` requirement on this type parameter in `Result`\n\nerror[E0038]: the trait `serde::de::Error` cannot be made into an object\n    --> src/value/de.rs:1517:9\n     |\n1517 |         Ok(DummyValue)\n     |         ^^ `serde::de::Error` cannot be made into an object\n     |\n     = note: the trait cannot be made into an object because it requires `Self: Sized`\n     = note: for a trait to be \"object safe\" it needs to allow building a vtable to allow the call to be resolvable dynamically; for more information visit <https://doc.rust-lang.org/reference/items/traits.html#object-safety>\n     = help: the following types implement the trait, consider defining an enum where each variant holds one of these types, implementing `serde::de::Error` for this new enum and using it instead:\n               error::Error\n               serde::de::value::Error\n               serde_json::Error\n               toml::de::Error\n               toml_edit::de::Error\n\nerror[E0277]: the size for values of type `dyn serde::de::Error` cannot be known at compilation time\n    --> src/value/de.rs:1517:9\n     |\n1517 |         Ok(DummyValue)\n     |         ^^^^^^^^^^^^^^ doesn't have a size known at compile-time\n     |\n     = help: the trait `Sized` is not implemented for `dyn serde::de::Error`\nnote: required by a bound in `Ok`\n    --> /home/abezbm/.rustup/toolchains/nightly-2024-07-21-x86_64-unknown-linux-gnu/lib/rustlib/src/rust/library/core/src/result.rs:527:20\n     |\n527  | pub enum Result<T, E> {\n     |                    ^ required by this bound in `Ok`\n...\n531  |     Ok(#[stable(feature = \"rust1\", since = \"1.0.0\")] T),\n     |     -- required by a bound in this tuple variant\n\nerror[E0425]: cannot find function `newtype_variant_seed` in this scope\n    --> src/value/de.rs:1525:18\n     |\n1525 |     let result = newtype_variant_seed(DummySeed, value);\n     |                  ^^^^^^^^^^^^^^^^^^^^ not found in this scope\n\nerror[E0433]: failed to resolve: use of undeclared crate or module `serde_json`\n    --> src/value/de.rs:1524:23\n     |\n1524 |     let value: Option<serde_json::Value> = None;\n     |                       ^^^^^^^^^^ use of undeclared crate or module `serde_json`\n\nerror[E0782]: trait objects must include the `dyn` keyword\n    --> src/value/de.rs:1513:58\n     |\n1513 |     fn deserialize<T>(self, _: T) -> Result<Self::Value, serde::de::Error>\n     |                                                          ^^^^^^^^^^^^^^^^\n     |\nhelp: add `dyn` keyword before this trait\n     |\n1513 |     fn deserialize<T>(self, _: T) -> Result<Self::Value, dyn serde::de::Error>\n     |                                                          +++\n\nSome errors have detailed explanations: E0038, E0053, E0277, E0425, E0433, E0782.\nFor more information about an error, try `rustc --explain E0038`.\nwarning: `serde_json` (lib test) generated 2 warnings\nerror: could not compile `serde_json` (lib test) due to 8 previous errors; 2 warnings emitted\n"
                }
              ],
              "repaired": [
                false
              ]
            }
          ]
        }
      ]
    }
  ]
}