{
  "name": "serde_json::value::partial_eq::eq_f64",
  "name_with_impl": "serde_json::value::partial_eq::eq_f64",
  "mod_info": {
    "name": "value::partial_eq",
    "loc": "src/value/mod.rs:930:1:930:16"
  },
  "visible": false,
  "loc": "src/value/partial_eq.rs:19:1:21:2",
  "fn_tests": [
    {
      "chain_id": 0,
      "prompt_conds": [],
      "input_infer": "",
      "answers": [
        {
          "uses": [],
          "has_test_mod": false,
          "common": [
            "#[derive(Debug)]",
            "struct Value {",
            "    number: Option<f64>,",
            "}",
            "",
            "impl Value {",
            "    fn as_f64(&self) -> Option<f64> {",
            "        self.number",
            "    }",
            "",
            "    fn new(number: Option<f64>) -> Self {",
            "        Value { number }",
            "    }",
            "}"
          ],
          "chain_tests": [
            {
              "attrs": [],
              "prefix": [],
              "oracles": [],
              "codes": [
                [
                  "{",
                  "    let value = Value::new(Some(3.14));",
                  "    let result = eq_f64(&value, 3.14);",
                  "    assert!(result);",
                  "}"
                ]
              ],
              "can_compile": [
                {
                  "Err": "   Compiling proc-macro2 v1.0.95\n   Compiling serde v1.0.219\n   Compiling syn v1.0.109\n   Compiling libc v0.2.172\n   Compiling serde_json v1.0.140\n   Compiling target-triple v0.1.4\n   Compiling ref-cast v1.0.24\n   Compiling rustversion v1.0.20\n   Compiling serde_json v1.0.140 (/home/abezbm/rust-utgen-test-crates-new/json)\n   Compiling psm v0.1.26\n   Compiling stacker v0.1.21\n   Compiling quote v1.0.40\n   Compiling syn v2.0.101\n   Compiling serde_derive v1.0.219\n   Compiling ref-cast-impl v1.0.24\n   Compiling automod v1.0.15\n   Compiling ntest_test_cases v0.9.3\n   Compiling ntest_timeout v0.9.3\n   Compiling ntest v0.9.3\n   Compiling toml_datetime v0.6.9\n   Compiling serde_spanned v0.6.8\n   Compiling serde_bytes v0.11.17\n   Compiling serde_stacker v0.1.12\n   Compiling toml_edit v0.22.25\n   Compiling toml v0.8.21\n   Compiling trybuild v1.0.104\nwarning: unused import: `ntest::timeout`\n   --> src/value/partial_eq.rs:107:8\n    |\n107 |    use ntest::timeout;\n    |        ^^^^^^^^^^^^^^\n    |\n    = note: `#[warn(unused_imports)]` on by default\n\nerror[E0308]: mismatched types\n   --> src/value/partial_eq.rs:127:25\n    |\n127 |     let result = eq_f64(&value, 3.14);\n    |                  ------ ^^^^^^ expected `value::Value`, found `llmtests::Value`\n    |                  |\n    |                  arguments to this function are incorrect\n    |\n    = note: `llmtests::Value` and `value::Value` have similar names, but are actually distinct types\nnote: `llmtests::Value` is defined in module `crate::value::partial_eq::llmtests` of the current crate\n   --> src/value/partial_eq.rs:109:1\n    |\n109 | struct Value {\n    | ^^^^^^^^^^^^\nnote: `value::Value` is defined in module `crate::value` of the current crate\n   --> src/value/mod.rs:116:1\n    |\n116 | pub enum Value {\n    | ^^^^^^^^^^^^^^\nnote: function defined here\n   --> src/value/partial_eq.rs:19:4\n    |\n19  | fn eq_f64(value: &Value, other: f64) -> bool {\n    |    ^^^^^^ -------------\n\nFor more information about this error, try `rustc --explain E0308`.\nwarning: `serde_json` (lib test) generated 1 warning\nerror: could not compile `serde_json` (lib test) due to 1 previous error; 1 warning emitted\n"
                }
              ],
              "repaired": [
                false
              ]
            },
            {
              "attrs": [],
              "prefix": [],
              "oracles": [],
              "codes": [
                [
                  "{",
                  "    let value = Value::new(Some(2.71));",
                  "    let result = eq_f64(&value, 3.14);",
                  "    assert!(!result);",
                  "}"
                ]
              ],
              "can_compile": [
                {
                  "Err": "   Compiling proc-macro2 v1.0.95\n   Compiling serde v1.0.219\n   Compiling syn v1.0.109\n   Compiling libc v0.2.172\n   Compiling target-triple v0.1.4\n   Compiling serde_json v1.0.140\n   Compiling rustversion v1.0.20\n   Compiling ref-cast v1.0.24\n   Compiling serde_json v1.0.140 (/home/abezbm/rust-utgen-test-crates-new/json)\n   Compiling psm v0.1.26\n   Compiling stacker v0.1.21\n   Compiling quote v1.0.40\n   Compiling syn v2.0.101\n   Compiling serde_derive v1.0.219\n   Compiling ref-cast-impl v1.0.24\n   Compiling automod v1.0.15\n   Compiling ntest_timeout v0.9.3\n   Compiling ntest_test_cases v0.9.3\n   Compiling ntest v0.9.3\n   Compiling serde_spanned v0.6.8\n   Compiling toml_datetime v0.6.9\n   Compiling serde_stacker v0.1.12\n   Compiling serde_bytes v0.11.17\n   Compiling toml_edit v0.22.25\n   Compiling toml v0.8.21\n   Compiling trybuild v1.0.104\nwarning: unused import: `ntest::timeout`\n   --> src/value/partial_eq.rs:107:8\n    |\n107 |    use ntest::timeout;\n    |        ^^^^^^^^^^^^^^\n    |\n    = note: `#[warn(unused_imports)]` on by default\n\nerror[E0308]: mismatched types\n   --> src/value/partial_eq.rs:127:25\n    |\n127 |     let result = eq_f64(&value, 3.14);\n    |                  ------ ^^^^^^ expected `value::Value`, found `llmtests::Value`\n    |                  |\n    |                  arguments to this function are incorrect\n    |\n    = note: `llmtests::Value` and `value::Value` have similar names, but are actually distinct types\nnote: `llmtests::Value` is defined in module `crate::value::partial_eq::llmtests` of the current crate\n   --> src/value/partial_eq.rs:109:1\n    |\n109 | struct Value {\n    | ^^^^^^^^^^^^\nnote: `value::Value` is defined in module `crate::value` of the current crate\n   --> src/value/mod.rs:116:1\n    |\n116 | pub enum Value {\n    | ^^^^^^^^^^^^^^\nnote: function defined here\n   --> src/value/partial_eq.rs:19:4\n    |\n19  | fn eq_f64(value: &Value, other: f64) -> bool {\n    |    ^^^^^^ -------------\n\nFor more information about this error, try `rustc --explain E0308`.\nwarning: `serde_json` (lib test) generated 1 warning\nerror: could not compile `serde_json` (lib test) due to 1 previous error; 1 warning emitted\n"
                }
              ],
              "repaired": [
                false
              ]
            },
            {
              "attrs": [],
              "prefix": [],
              "oracles": [],
              "codes": [
                [
                  "{",
                  "    let value = Value::new(None);",
                  "    let result = eq_f64(&value, 3.14);",
                  "    assert!(!result);",
                  "}"
                ]
              ],
              "can_compile": [
                {
                  "Err": "   Compiling proc-macro2 v1.0.95\n   Compiling serde v1.0.219\n   Compiling syn v1.0.109\n   Compiling libc v0.2.172\n   Compiling target-triple v0.1.4\n   Compiling serde_json v1.0.140\n   Compiling rustversion v1.0.20\n   Compiling ref-cast v1.0.24\n   Compiling serde_json v1.0.140 (/home/abezbm/rust-utgen-test-crates-new/json)\n   Compiling psm v0.1.26\n   Compiling stacker v0.1.21\n   Compiling quote v1.0.40\n   Compiling syn v2.0.101\n   Compiling serde_derive v1.0.219\n   Compiling ref-cast-impl v1.0.24\n   Compiling automod v1.0.15\n   Compiling ntest_timeout v0.9.3\n   Compiling ntest_test_cases v0.9.3\n   Compiling ntest v0.9.3\n   Compiling toml_datetime v0.6.9\n   Compiling serde_spanned v0.6.8\n   Compiling serde_bytes v0.11.17\n   Compiling serde_stacker v0.1.12\n   Compiling toml_edit v0.22.25\n   Compiling toml v0.8.21\n   Compiling trybuild v1.0.104\nwarning: unused import: `ntest::timeout`\n   --> src/value/partial_eq.rs:107:8\n    |\n107 |    use ntest::timeout;\n    |        ^^^^^^^^^^^^^^\n    |\n    = note: `#[warn(unused_imports)]` on by default\n\nerror[E0308]: mismatched types\n   --> src/value/partial_eq.rs:127:25\n    |\n127 |     let result = eq_f64(&value, 3.14);\n    |                  ------ ^^^^^^ expected `value::Value`, found `llmtests::Value`\n    |                  |\n    |                  arguments to this function are incorrect\n    |\n    = note: `llmtests::Value` and `value::Value` have similar names, but are actually distinct types\nnote: `llmtests::Value` is defined in module `crate::value::partial_eq::llmtests` of the current crate\n   --> src/value/partial_eq.rs:109:1\n    |\n109 | struct Value {\n    | ^^^^^^^^^^^^\nnote: `value::Value` is defined in module `crate::value` of the current crate\n   --> src/value/mod.rs:116:1\n    |\n116 | pub enum Value {\n    | ^^^^^^^^^^^^^^\nnote: function defined here\n   --> src/value/partial_eq.rs:19:4\n    |\n19  | fn eq_f64(value: &Value, other: f64) -> bool {\n    |    ^^^^^^ -------------\n\nFor more information about this error, try `rustc --explain E0308`.\nwarning: `serde_json` (lib test) generated 1 warning\nerror: could not compile `serde_json` (lib test) due to 1 previous error; 1 warning emitted\n"
                }
              ],
              "repaired": [
                false
              ]
            },
            {
              "attrs": [],
              "prefix": [],
              "oracles": [],
              "codes": [
                [
                  "{",
                  "    let value = Value::new(Some(-2.0));",
                  "    let result = eq_f64(&value, -2.0);",
                  "    assert!(result);",
                  "}"
                ]
              ],
              "can_compile": [
                {
                  "Err": "   Compiling proc-macro2 v1.0.95\n   Compiling serde v1.0.219\n   Compiling syn v1.0.109\n   Compiling libc v0.2.172\n   Compiling serde_json v1.0.140\n   Compiling target-triple v0.1.4\n   Compiling rustversion v1.0.20\n   Compiling ref-cast v1.0.24\n   Compiling serde_json v1.0.140 (/home/abezbm/rust-utgen-test-crates-new/json)\n   Compiling psm v0.1.26\n   Compiling stacker v0.1.21\n   Compiling quote v1.0.40\n   Compiling syn v2.0.101\n   Compiling serde_derive v1.0.219\n   Compiling ref-cast-impl v1.0.24\n   Compiling automod v1.0.15\n   Compiling ntest_timeout v0.9.3\n   Compiling ntest_test_cases v0.9.3\n   Compiling ntest v0.9.3\n   Compiling toml_datetime v0.6.9\n   Compiling serde_spanned v0.6.8\n   Compiling serde_stacker v0.1.12\n   Compiling serde_bytes v0.11.17\n   Compiling toml_edit v0.22.25\n   Compiling toml v0.8.21\n   Compiling trybuild v1.0.104\nwarning: unused import: `ntest::timeout`\n   --> src/value/partial_eq.rs:107:8\n    |\n107 |    use ntest::timeout;\n    |        ^^^^^^^^^^^^^^\n    |\n    = note: `#[warn(unused_imports)]` on by default\n\nerror[E0308]: mismatched types\n   --> src/value/partial_eq.rs:127:25\n    |\n127 |     let result = eq_f64(&value, -2.0);\n    |                  ------ ^^^^^^ expected `value::Value`, found `llmtests::Value`\n    |                  |\n    |                  arguments to this function are incorrect\n    |\n    = note: `llmtests::Value` and `value::Value` have similar names, but are actually distinct types\nnote: `llmtests::Value` is defined in module `crate::value::partial_eq::llmtests` of the current crate\n   --> src/value/partial_eq.rs:109:1\n    |\n109 | struct Value {\n    | ^^^^^^^^^^^^\nnote: `value::Value` is defined in module `crate::value` of the current crate\n   --> src/value/mod.rs:116:1\n    |\n116 | pub enum Value {\n    | ^^^^^^^^^^^^^^\nnote: function defined here\n   --> src/value/partial_eq.rs:19:4\n    |\n19  | fn eq_f64(value: &Value, other: f64) -> bool {\n    |    ^^^^^^ -------------\n\nFor more information about this error, try `rustc --explain E0308`.\nwarning: `serde_json` (lib test) generated 1 warning\nerror: could not compile `serde_json` (lib test) due to 1 previous error; 1 warning emitted\n"
                }
              ],
              "repaired": [
                false
              ]
            },
            {
              "attrs": [],
              "prefix": [],
              "oracles": [],
              "codes": [
                [
                  "{",
                  "    let value = Value::new(Some(0.0));",
                  "    let result = eq_f64(&value, 0.0);",
                  "    assert!(result);",
                  "}"
                ]
              ],
              "can_compile": [
                {
                  "Err": "   Compiling proc-macro2 v1.0.95\n   Compiling serde v1.0.219\n   Compiling syn v1.0.109\n   Compiling libc v0.2.172\n   Compiling target-triple v0.1.4\n   Compiling serde_json v1.0.140\n   Compiling rustversion v1.0.20\n   Compiling ref-cast v1.0.24\n   Compiling serde_json v1.0.140 (/home/abezbm/rust-utgen-test-crates-new/json)\n   Compiling psm v0.1.26\n   Compiling stacker v0.1.21\n   Compiling quote v1.0.40\n   Compiling syn v2.0.101\n   Compiling serde_derive v1.0.219\n   Compiling ref-cast-impl v1.0.24\n   Compiling automod v1.0.15\n   Compiling ntest_timeout v0.9.3\n   Compiling ntest_test_cases v0.9.3\n   Compiling ntest v0.9.3\n   Compiling toml_datetime v0.6.9\n   Compiling serde_spanned v0.6.8\n   Compiling serde_bytes v0.11.17\n   Compiling serde_stacker v0.1.12\n   Compiling toml_edit v0.22.25\n   Compiling toml v0.8.21\n   Compiling trybuild v1.0.104\nwarning: unused import: `ntest::timeout`\n   --> src/value/partial_eq.rs:107:8\n    |\n107 |    use ntest::timeout;\n    |        ^^^^^^^^^^^^^^\n    |\n    = note: `#[warn(unused_imports)]` on by default\n\nerror[E0308]: mismatched types\n   --> src/value/partial_eq.rs:127:25\n    |\n127 |     let result = eq_f64(&value, 0.0);\n    |                  ------ ^^^^^^ expected `value::Value`, found `llmtests::Value`\n    |                  |\n    |                  arguments to this function are incorrect\n    |\n    = note: `llmtests::Value` and `value::Value` have similar names, but are actually distinct types\nnote: `llmtests::Value` is defined in module `crate::value::partial_eq::llmtests` of the current crate\n   --> src/value/partial_eq.rs:109:1\n    |\n109 | struct Value {\n    | ^^^^^^^^^^^^\nnote: `value::Value` is defined in module `crate::value` of the current crate\n   --> src/value/mod.rs:116:1\n    |\n116 | pub enum Value {\n    | ^^^^^^^^^^^^^^\nnote: function defined here\n   --> src/value/partial_eq.rs:19:4\n    |\n19  | fn eq_f64(value: &Value, other: f64) -> bool {\n    |    ^^^^^^ -------------\n\nFor more information about this error, try `rustc --explain E0308`.\nwarning: `serde_json` (lib test) generated 1 warning\nerror: could not compile `serde_json` (lib test) due to 1 previous error; 1 warning emitted\n"
                }
              ],
              "repaired": [
                false
              ]
            }
          ]
        }
      ]
    }
  ]
}