{
  "name": "serde::de::ignored_any::<de::ignored_any::IgnoredAny as de::Visitor<'de>>::visit_bytes",
  "name_with_impl": "serde::de::ignored_any::{impl#0}::visit_bytes",
  "mod_info": {
    "name": "de::ignored_any",
    "loc": "serde/src/de/mod.rs:121:1:121:17"
  },
  "visible": true,
  "loc": "serde/src/de/ignored_any.rs:214:5:220:6",
  "fn_tests": [
    {
      "chain_id": 0,
      "prompt_conds": [],
      "input_infer": "",
      "answers": [
        {
          "uses": [],
          "has_test_mod": false,
          "common": [
            "#[derive(Debug)]",
            "struct IgnoredAny;",
            "",
            "struct TestError;",
            "",
            "impl std::fmt::Display for TestError {",
            "    fn fmt(&self, _: &mut std::fmt::Formatter<'_>) -> std::fmt::Result {",
            "        Ok(())",
            "    }",
            "}",
            "",
            "impl std::error::Error for TestError {}",
            "",
            "struct Visitor;",
            "",
            "impl Visitor {",
            "    fn visit_bytes<E>(self, bytes: &[u8]) -> Result<IgnoredAny, E>",
            "    where",
            "        E: std::error::Error,",
            "    {",
            "        let _ = bytes;",
            "        Ok(IgnoredAny)",
            "    }",
            "}"
          ],
          "chain_tests": [
            {
              "attrs": [],
              "prefix": [],
              "oracles": [],
              "codes": [
                [
                  "{",
                  "    let visitor = Visitor;",
                  "    let result = visitor.visit_bytes::<TestError>(&[]);",
                  "    assert!(result.is_ok());",
                  "}"
                ]
              ],
              "can_compile": [
                {
                  "Err": "   Compiling proc-macro2 v1.0.95\n   Compiling syn v1.0.109\n   Compiling serde_derive v1.0.219 (/home/utgen/workspace/serde/serde_derive)\n   Compiling serde v1.0.219 (/home/utgen/workspace/serde/serde)\n   Compiling quote v1.0.40\n   Compiling syn v2.0.100\n   Compiling ntest_test_cases v0.9.3\n   Compiling ntest_timeout v0.9.3\n   Compiling ntest v0.9.3\nwarning: unused import: `ntest::timeout`\n   --> serde/src/de/ignored_any.rs:242:8\n    |\n242 |    use ntest::timeout;\n    |        ^^^^^^^^^^^^^^\n    |\n    = note: `#[warn(unused_imports)]` on by default\n\nerror[E0277]: `TestError` doesn't implement `std::fmt::Debug`\n   --> serde/src/de/ignored_any.rs:254:28\n    |\n254 | impl std::error::Error for TestError {}\n    |                            ^^^^^^^^^ `TestError` cannot be formatted using `{:?}`\n    |\n    = help: the trait `std::fmt::Debug` is not implemented for `TestError`\n    = note: add `#[derive(Debug)]` to `TestError` or manually `impl std::fmt::Debug for TestError`\nnote: required by a bound in `std::error::Error`\n   --> /rustc/5069856495870486134dd2ca0b0e2516308c5c2a/library/core/src/error.rs:32:1\nhelp: consider annotating `TestError` with `#[derive(Debug)]`\n    |\n246 + #[derive(Debug)]\n247 | struct TestError;\n    |\n\nFor more information about this error, try `rustc --explain E0277`.\nwarning: `serde` (lib test) generated 1 warning\nerror: could not compile `serde` (lib test) due to 1 previous error; 1 warning emitted\n"
                }
              ],
              "repaired": [
                false
              ]
            },
            {
              "attrs": [],
              "prefix": [],
              "oracles": [],
              "codes": [
                [
                  "{",
                  "    let visitor = Visitor;",
                  "    let result = visitor.visit_bytes::<TestError>(&[1, 2, 3]);",
                  "    assert!(result.is_ok());",
                  "}"
                ]
              ],
              "can_compile": [
                {
                  "Err": "   Compiling proc-macro2 v1.0.95\n   Compiling syn v1.0.109\n   Compiling serde_derive v1.0.219 (/home/utgen/workspace/serde/serde_derive)\n   Compiling serde v1.0.219 (/home/utgen/workspace/serde/serde)\n   Compiling quote v1.0.40\n   Compiling syn v2.0.100\n   Compiling ntest_test_cases v0.9.3\n   Compiling ntest_timeout v0.9.3\n   Compiling ntest v0.9.3\nwarning: unused import: `ntest::timeout`\n   --> serde/src/de/ignored_any.rs:242:8\n    |\n242 |    use ntest::timeout;\n    |        ^^^^^^^^^^^^^^\n    |\n    = note: `#[warn(unused_imports)]` on by default\n\nerror[E0277]: `TestError` doesn't implement `std::fmt::Debug`\n   --> serde/src/de/ignored_any.rs:254:28\n    |\n254 | impl std::error::Error for TestError {}\n    |                            ^^^^^^^^^ `TestError` cannot be formatted using `{:?}`\n    |\n    = help: the trait `std::fmt::Debug` is not implemented for `TestError`\n    = note: add `#[derive(Debug)]` to `TestError` or manually `impl std::fmt::Debug for TestError`\nnote: required by a bound in `std::error::Error`\n   --> /rustc/5069856495870486134dd2ca0b0e2516308c5c2a/library/core/src/error.rs:32:1\nhelp: consider annotating `TestError` with `#[derive(Debug)]`\n    |\n246 + #[derive(Debug)]\n247 | struct TestError;\n    |\n\nFor more information about this error, try `rustc --explain E0277`.\nwarning: `serde` (lib test) generated 1 warning\nerror: could not compile `serde` (lib test) due to 1 previous error; 1 warning emitted\n"
                }
              ],
              "repaired": [
                false
              ]
            },
            {
              "attrs": [],
              "prefix": [],
              "oracles": [],
              "codes": [
                [
                  "{",
                  "    let visitor = Visitor;",
                  "    let input = vec![0u8; 1024]; // large input",
                  "    let result = visitor.visit_bytes::<TestError>(&input);",
                  "    assert!(result.is_ok());",
                  "}"
                ]
              ],
              "can_compile": [
                {
                  "Err": "   Compiling proc-macro2 v1.0.95\n   Compiling syn v1.0.109\n   Compiling serde_derive v1.0.219 (/home/utgen/workspace/serde/serde_derive)\n   Compiling serde v1.0.219 (/home/utgen/workspace/serde/serde)\n   Compiling quote v1.0.40\n   Compiling syn v2.0.100\n   Compiling ntest_test_cases v0.9.3\n   Compiling ntest_timeout v0.9.3\n   Compiling ntest v0.9.3\nwarning: unused import: `ntest::timeout`\n   --> serde/src/de/ignored_any.rs:242:8\n    |\n242 |    use ntest::timeout;\n    |        ^^^^^^^^^^^^^^\n    |\n    = note: `#[warn(unused_imports)]` on by default\n\nerror[E0277]: `TestError` doesn't implement `std::fmt::Debug`\n   --> serde/src/de/ignored_any.rs:254:28\n    |\n254 | impl std::error::Error for TestError {}\n    |                            ^^^^^^^^^ `TestError` cannot be formatted using `{:?}`\n    |\n    = help: the trait `std::fmt::Debug` is not implemented for `TestError`\n    = note: add `#[derive(Debug)]` to `TestError` or manually `impl std::fmt::Debug for TestError`\nnote: required by a bound in `std::error::Error`\n   --> /rustc/5069856495870486134dd2ca0b0e2516308c5c2a/library/core/src/error.rs:32:1\nhelp: consider annotating `TestError` with `#[derive(Debug)]`\n    |\n246 + #[derive(Debug)]\n247 | struct TestError;\n    |\n\nFor more information about this error, try `rustc --explain E0277`.\nwarning: `serde` (lib test) generated 1 warning\nerror: could not compile `serde` (lib test) due to 1 previous error; 1 warning emitted\n"
                }
              ],
              "repaired": [
                false
              ]
            }
          ]
        }
      ]
    }
  ]
}