{
  "name": "serde::de::impls::range_to::<de::impls::range_to::RangeToVisitor<Idx> as de::Visitor<'de>>::visit_seq",
  "name_with_impl": "serde::de::impls::range_to::{impl#1}::visit_seq",
  "mod_info": {
    "name": "de::impls::range_to",
    "loc": "serde/src/de/impls.rs:2760:1:2867:2"
  },
  "visible": true,
  "loc": "serde/src/de/impls.rs:2832:9:2843:10",
  "fn_tests": [
    {
      "chain_id": 0,
      "prompt_conds": [],
      "input_infer": "",
      "answers": [
        {
          "uses": [],
          "has_test_mod": false,
          "common": [
            "#[derive(Debug)]",
            "struct TestSeqAccess {",
            "    elements: Vec<i32>,",
            "    index: usize,",
            "}",
            "",
            "impl TestSeqAccess {",
            "    fn new(elements: Vec<i32>) -> Self {",
            "        TestSeqAccess { elements, index: 0 }",
            "    }",
            "}",
            "",
            "impl<'de> SeqAccess<'de> for TestSeqAccess {",
            "    type Error = serde::de::value::Error;",
            "",
            "    fn next_element<T>(&mut self) -> Result<Option<T>, Self::Error>",
            "    where",
            "        T: Deserialize<'de>,",
            "    {",
            "        if self.index < self.elements.len() {",
            "            let value: T = Deserialize::deserialize(&mut self.elements[self.index]).map_err(|_| Self::Error::custom(\"Deserialization failed\"))?;",
            "            self.index += 1;",
            "            Ok(Some(value))",
            "        } else {",
            "            Ok(None)",
            "        }",
            "    }",
            "}"
          ],
          "chain_tests": [
            {
              "attrs": [],
              "prefix": [],
              "oracles": [],
              "codes": [
                [
                  "{",
                  "    let seq_access = TestSeqAccess::new(vec![42]);",
                  "    let result: Result<i32, _> = visit_seq(seq_access);",
                  "    assert_eq!(result, Ok(42));",
                  "}"
                ]
              ],
              "can_compile": [
                {
                  "Err": "   Compiling proc-macro2 v1.0.95\n   Compiling syn v1.0.109\n   Compiling serde_derive v1.0.219 (/home/utgen/workspace/serde/serde_derive)\n   Compiling serde v1.0.219 (/home/utgen/workspace/serde/serde)\n   Compiling quote v1.0.40\n   Compiling syn v2.0.100\n   Compiling ntest_test_cases v0.9.3\n   Compiling ntest_timeout v0.9.3\n   Compiling ntest v0.9.3\nerror[E0433]: failed to resolve: use of undeclared crate or module `serde`\n    --> serde/src/de/impls.rs:2885:18\n     |\n2885 |     type Error = serde::de::value::Error;\n     |                  ^^^^^ use of undeclared crate or module `serde`\n     |\nhelp: consider importing this module\n     |\n2870 +    use crate::de::value;\n     |\nhelp: if you import `value`, refer to it directly\n     |\n2885 -     type Error = serde::de::value::Error;\n2885 +     type Error = value::Error;\n     |\n\nwarning: unused import: `ntest::timeout`\n    --> serde/src/de/impls.rs:2871:8\n     |\n2871 |    use ntest::timeout;\n     |        ^^^^^^^^^^^^^^\n     |\n     = note: `#[warn(unused_imports)]` on by default\n\nerror[E0046]: not all trait items implemented, missing: `next_element_seed`\n    --> serde/src/de/impls.rs:2884:1\n     |\n2884 |   impl<'de> SeqAccess<'de> for TestSeqAccess {\n     |   ^^^^^^^^^^^^^^^^^^^^^^^^^^^^^^^^^^^^^^^^^^ missing `next_element_seed` in implementation\n     |\n    ::: serde/src/de/mod.rs:1720:5\n     |\n1720 | /     fn next_element_seed<T>(&mut self, seed: T) -> Result<Option<T::Value>, Self::Error>\n1721 | |     where\n1722 | |         T: DeserializeSeed<'de>;\n     | |________________________________- `next_element_seed` from trait\n\nerror[E0277]: the trait bound `&mut i32: Deserializer<'_>` is not satisfied\n    --> serde/src/de/impls.rs:2892:53\n     |\n2892 | ...ue: T = Deserialize::deserialize(&mut self.elements[self.index]).map_err(|_| Self::Error::custom(\"Deserialization failed\"))?;\n     |            ------------------------ ^^^^^^^^^^^^^^^^^^^^^^^^^^^^^^ the trait `Deserializer<'_>` is not implemented for `&mut i32`\n     |            |\n     |            required by a bound introduced by this call\n     |\n     = help: the following other types implement trait `Deserializer<'de>`:\n               BoolDeserializer<E>\n               BorrowedBytesDeserializer<'de, E>\n               BytesDeserializer<'a, E>\n               CharDeserializer<E>\n               ContentDeserializer<'de, E>\n               ContentRefDeserializer<'a, 'de, E>\n               CowStrDeserializer<'a, E>\n               EnumAccessDeserializer<A>\n             and 25 others\nnote: required by a bound in `de::Deserialize::deserialize`\n    --> serde/src/de/mod.rs:550:12\n     |\n548  |     fn deserialize<D>(deserializer: D) -> Result<Self, D::Error>\n     |        ----------- required by a bound in this associated function\n549  |     where\n550  |         D: Deserializer<'de>;\n     |            ^^^^^^^^^^^^^^^^^ required by this bound in `Deserialize::deserialize`\n\nerror[E0277]: the trait bound `&mut i32: Deserializer<'_>` is not satisfied\n    --> serde/src/de/impls.rs:2892:28\n     |\n2892 | ...e: T = Deserialize::deserialize(&mut self.elements[self.index]).map_err(|_| Self::Error::custom(\"Deserialization failed\"))?;\n     |           ^^^^^^^^^^^^^^^^^^^^^^^^^^^^^^^^^^^^^^^^^^^^^^^^^^^^^^^^ the trait `Deserializer<'_>` is not implemented for `&mut i32`\n     |\n     = help: the following other types implement trait `Deserializer<'de>`:\n               BoolDeserializer<E>\n               BorrowedBytesDeserializer<'de, E>\n               BytesDeserializer<'a, E>\n               CharDeserializer<E>\n               ContentDeserializer<'de, E>\n               ContentRefDeserializer<'a, 'de, E>\n               CowStrDeserializer<'a, E>\n               EnumAccessDeserializer<A>\n             and 25 others\n\nerror[E0425]: cannot find function `visit_seq` in this scope\n    --> serde/src/de/impls.rs:2905:34\n     |\n2905 |     let result: Result<i32, _> = visit_seq(seq_access);\n     |                                  ^^^^^^^^^ not found in this scope\n\nSome errors have detailed explanations: E0046, E0277, E0425, E0433.\nFor more information about an error, try `rustc --explain E0046`.\nwarning: `serde` (lib test) generated 1 warning\nerror: could not compile `serde` (lib test) due to 5 previous errors; 1 warning emitted\n"
                }
              ],
              "repaired": [
                false
              ]
            },
            {
              "attrs": [],
              "prefix": [],
              "oracles": [],
              "codes": [
                [
                  "{",
                  "    let seq_access = TestSeqAccess::new(vec![]);",
                  "    let result: Result<i32, _> = visit_seq(seq_access);",
                  "    assert!(result.is_err());",
                  "}"
                ]
              ],
              "can_compile": [
                {
                  "Err": "   Compiling proc-macro2 v1.0.95\n   Compiling syn v1.0.109\n   Compiling serde_derive v1.0.219 (/home/utgen/workspace/serde/serde_derive)\n   Compiling serde v1.0.219 (/home/utgen/workspace/serde/serde)\n   Compiling quote v1.0.40\n   Compiling syn v2.0.100\n   Compiling ntest_test_cases v0.9.3\n   Compiling ntest_timeout v0.9.3\n   Compiling ntest v0.9.3\nerror[E0433]: failed to resolve: use of undeclared crate or module `serde`\n    --> serde/src/de/impls.rs:2885:18\n     |\n2885 |     type Error = serde::de::value::Error;\n     |                  ^^^^^ use of undeclared crate or module `serde`\n     |\nhelp: consider importing this module\n     |\n2870 +    use crate::de::value;\n     |\nhelp: if you import `value`, refer to it directly\n     |\n2885 -     type Error = serde::de::value::Error;\n2885 +     type Error = value::Error;\n     |\n\nwarning: unused import: `ntest::timeout`\n    --> serde/src/de/impls.rs:2871:8\n     |\n2871 |    use ntest::timeout;\n     |        ^^^^^^^^^^^^^^\n     |\n     = note: `#[warn(unused_imports)]` on by default\n\nerror[E0046]: not all trait items implemented, missing: `next_element_seed`\n    --> serde/src/de/impls.rs:2884:1\n     |\n2884 |   impl<'de> SeqAccess<'de> for TestSeqAccess {\n     |   ^^^^^^^^^^^^^^^^^^^^^^^^^^^^^^^^^^^^^^^^^^ missing `next_element_seed` in implementation\n     |\n    ::: serde/src/de/mod.rs:1720:5\n     |\n1720 | /     fn next_element_seed<T>(&mut self, seed: T) -> Result<Option<T::Value>, Self::Error>\n1721 | |     where\n1722 | |         T: DeserializeSeed<'de>;\n     | |________________________________- `next_element_seed` from trait\n\nerror[E0277]: the trait bound `&mut i32: Deserializer<'_>` is not satisfied\n    --> serde/src/de/impls.rs:2892:53\n     |\n2892 | ...ue: T = Deserialize::deserialize(&mut self.elements[self.index]).map_err(|_| Self::Error::custom(\"Deserialization failed\"))?;\n     |            ------------------------ ^^^^^^^^^^^^^^^^^^^^^^^^^^^^^^ the trait `Deserializer<'_>` is not implemented for `&mut i32`\n     |            |\n     |            required by a bound introduced by this call\n     |\n     = help: the following other types implement trait `Deserializer<'de>`:\n               BoolDeserializer<E>\n               BorrowedBytesDeserializer<'de, E>\n               BytesDeserializer<'a, E>\n               CharDeserializer<E>\n               ContentDeserializer<'de, E>\n               ContentRefDeserializer<'a, 'de, E>\n               CowStrDeserializer<'a, E>\n               EnumAccessDeserializer<A>\n             and 25 others\nnote: required by a bound in `de::Deserialize::deserialize`\n    --> serde/src/de/mod.rs:550:12\n     |\n548  |     fn deserialize<D>(deserializer: D) -> Result<Self, D::Error>\n     |        ----------- required by a bound in this associated function\n549  |     where\n550  |         D: Deserializer<'de>;\n     |            ^^^^^^^^^^^^^^^^^ required by this bound in `Deserialize::deserialize`\n\nerror[E0277]: the trait bound `&mut i32: Deserializer<'_>` is not satisfied\n    --> serde/src/de/impls.rs:2892:28\n     |\n2892 | ...e: T = Deserialize::deserialize(&mut self.elements[self.index]).map_err(|_| Self::Error::custom(\"Deserialization failed\"))?;\n     |           ^^^^^^^^^^^^^^^^^^^^^^^^^^^^^^^^^^^^^^^^^^^^^^^^^^^^^^^^ the trait `Deserializer<'_>` is not implemented for `&mut i32`\n     |\n     = help: the following other types implement trait `Deserializer<'de>`:\n               BoolDeserializer<E>\n               BorrowedBytesDeserializer<'de, E>\n               BytesDeserializer<'a, E>\n               CharDeserializer<E>\n               ContentDeserializer<'de, E>\n               ContentRefDeserializer<'a, 'de, E>\n               CowStrDeserializer<'a, E>\n               EnumAccessDeserializer<A>\n             and 25 others\n\nerror[E0425]: cannot find function `visit_seq` in this scope\n    --> serde/src/de/impls.rs:2905:34\n     |\n2905 |     let result: Result<i32, _> = visit_seq(seq_access);\n     |                                  ^^^^^^^^^ not found in this scope\n\nSome errors have detailed explanations: E0046, E0277, E0425, E0433.\nFor more information about an error, try `rustc --explain E0046`.\nwarning: `serde` (lib test) generated 1 warning\nerror: could not compile `serde` (lib test) due to 5 previous errors; 1 warning emitted\n"
                }
              ],
              "repaired": [
                false
              ]
            }
          ]
        }
      ]
    }
  ]
}