{
  "name": "serde::__private::de::content::<__private::de::content::ContentRefDeserializer<'a, 'de, E> as de::Deserializer<'de>>::deserialize_u32",
  "name_with_impl": "serde::__private::de::content::{impl#22}::deserialize_u32",
  "mod_info": {
    "name": "__private::de::content",
    "loc": "serde/src/private/de.rs:198:1:2358:2"
  },
  "visible": true,
  "loc": "serde/src/private/de.rs:1825:9:1830:10",
  "fn_tests": [
    {
      "chain_id": 0,
      "prompt_conds": [],
      "input_infer": "",
      "answers": [
        {
          "uses": [],
          "has_test_mod": false,
          "common": [],
          "chain_tests": [
            {
              "attrs": [],
              "prefix": [],
              "oracles": [],
              "codes": [
                [
                  "{",
                  "    struct TestDeserializer;",
                  "",
                  "    impl<'de> serde::de::Deserializer<'de> for TestDeserializer {",
                  "        type Error = serde::de::value::Error;",
                  "",
                  "        // Other required methods would be here.",
                  "",
                  "        fn deserialize_integer<V>(self, visitor: V) -> Result<V::Value, Self::Error>",
                  "        where",
                  "            V: serde::de::Visitor<'de>,",
                  "        {",
                  "            visitor.visit_u32(42)",
                  "        }",
                  "",
                  "        fn deserialize_any<V>(self, visitor: V) -> Result<V::Value, Self::Error>",
                  "        where",
                  "            V: serde::de::Visitor<'de>,",
                  "        {",
                  "            visitor.visit_u32(42)",
                  "        }",
                  "",
                  "        // Implement other required methods as no-op or suitable defaults to allow compilation.",
                  "        // ...",
                  "    }",
                  "",
                  "    let deserializer = TestDeserializer;",
                  "    let result: Result<u32, _> = deserializer.deserialize_u32(serde::de::value::U32Visitor);",
                  "    assert_eq!(result, Ok(42));",
                  "}"
                ]
              ],
              "can_compile": [
                {
                  "Err": "   Compiling proc-macro2 v1.0.95\n   Compiling syn v1.0.109\n   Compiling serde_derive v1.0.219 (/home/utgen/workspace/serde/serde_derive)\n   Compiling serde v1.0.219 (/home/utgen/workspace/serde/serde)\n   Compiling quote v1.0.40\n   Compiling syn v2.0.100\n   Compiling ntest_timeout v0.9.3\n   Compiling ntest_test_cases v0.9.3\n   Compiling ntest v0.9.3\nerror[E0433]: failed to resolve: use of undeclared crate or module `serde`\n    --> serde/src/private/de.rs:2392:63\n     |\n2392 |     let result: Result<u32, _> = deserializer.deserialize_u32(serde::de::value::U32Visitor);\n     |                                                               ^^^^^ use of undeclared crate or module `serde`\n\nerror[E0433]: failed to resolve: use of undeclared crate or module `serde`\n    --> serde/src/private/de.rs:2368:15\n     |\n2368 |     impl<'de> serde::de::Deserializer<'de> for TestDeserializer {\n     |               ^^^^^ use of undeclared crate or module `serde`\n     |\nhelp: consider importing one of these modules\n     |\n2361 +    use crate::__private::de;\n     |\n2361 +    use crate::de;\n     |\nhelp: if you import `de`, refer to it directly\n     |\n2368 -     impl<'de> serde::de::Deserializer<'de> for TestDeserializer {\n2368 +     impl<'de> de::Deserializer<'de> for TestDeserializer {\n     |\n\nerror[E0433]: failed to resolve: use of undeclared crate or module `serde`\n    --> serde/src/private/de.rs:2369:22\n     |\n2369 |         type Error = serde::de::value::Error;\n     |                      ^^^^^ use of undeclared crate or module `serde`\n     |\nhelp: consider importing this module\n     |\n2361 +    use crate::de::value;\n     |\nhelp: if you import `value`, refer to it directly\n     |\n2369 -         type Error = serde::de::value::Error;\n2369 +         type Error = value::Error;\n     |\n\nerror[E0433]: failed to resolve: use of undeclared crate or module `serde`\n    --> serde/src/private/de.rs:2375:16\n     |\n2375 |             V: serde::de::Visitor<'de>,\n     |                ^^^^^ use of undeclared crate or module `serde`\n     |\nhelp: consider importing one of these modules\n     |\n2361 +    use crate::__private::de;\n     |\n2361 +    use crate::de;\n     |\nhelp: if you import `de`, refer to it directly\n     |\n2375 -             V: serde::de::Visitor<'de>,\n2375 +             V: de::Visitor<'de>,\n     |\n\nerror[E0433]: failed to resolve: use of undeclared crate or module `serde`\n    --> serde/src/private/de.rs:2382:16\n     |\n2382 |             V: serde::de::Visitor<'de>,\n     |                ^^^^^ use of undeclared crate or module `serde`\n     |\nhelp: consider importing one of these modules\n     |\n2361 +    use crate::__private::de;\n     |\n2361 +    use crate::de;\n     |\nhelp: if you import `de`, refer to it directly\n     |\n2382 -             V: serde::de::Visitor<'de>,\n2382 +             V: de::Visitor<'de>,\n     |\n\nwarning: unused import: `ntest::timeout`\n    --> serde/src/private/de.rs:2362:8\n     |\n2362 |    use ntest::timeout;\n     |        ^^^^^^^^^^^^^^\n     |\n     = note: `#[warn(unused_imports)]` on by default\n\nerror[E0220]: associated type `Value` not found for `V`\n    --> serde/src/private/de.rs:2373:66\n     |\n2373 |         fn deserialize_integer<V>(self, visitor: V) -> Result<V::Value, Self::Error>\n     |                                                                  ^^^^^ associated type `Value` not found\n\nerror[E0223]: ambiguous associated type\n    --> serde/src/private/de.rs:2373:73\n     |\n2373 |         fn deserialize_integer<V>(self, visitor: V) -> Result<V::Value, Self::Error>\n     |                                                                         ^^^^^^^^^^^\n     |\nhelp: use fully-qualified syntax\n     |\n2373 |         fn deserialize_integer<V>(self, visitor: V) -> Result<V::Value, <TestDeserializer as TryFrom>::Error>\n     |                                                                         ~~~~~~~~~~~~~~~~~~~~~~~~~~~~~~~~~~~~\n2373 |         fn deserialize_integer<V>(self, visitor: V) -> Result<V::Value, <TestDeserializer as TryInto>::Error>\n     |                                                                         ~~~~~~~~~~~~~~~~~~~~~~~~~~~~~~~~~~~~\n\nerror[E0220]: associated type `Value` not found for `V`\n    --> serde/src/private/de.rs:2380:62\n     |\n2380 |         fn deserialize_any<V>(self, visitor: V) -> Result<V::Value, Self::Error>\n     |                                                              ^^^^^ associated type `Value` not found\n\nerror[E0223]: ambiguous associated type\n    --> serde/src/private/de.rs:2380:69\n     |\n2380 |         fn deserialize_any<V>(self, visitor: V) -> Result<V::Value, Self::Error>\n     |                                                                     ^^^^^^^^^^^\n     |\nhelp: use fully-qualified syntax\n     |\n2380 |         fn deserialize_any<V>(self, visitor: V) -> Result<V::Value, <TestDeserializer as TryFrom>::Error>\n     |                                                                     ~~~~~~~~~~~~~~~~~~~~~~~~~~~~~~~~~~~~\n2380 |         fn deserialize_any<V>(self, visitor: V) -> Result<V::Value, <TestDeserializer as TryInto>::Error>\n     |                                                                     ~~~~~~~~~~~~~~~~~~~~~~~~~~~~~~~~~~~~\n\nSome errors have detailed explanations: E0220, E0223, E0433.\nFor more information about an error, try `rustc --explain E0220`.\nwarning: `serde` (lib test) generated 1 warning\nerror: could not compile `serde` (lib test) due to 9 previous errors; 1 warning emitted\n"
                }
              ],
              "repaired": [
                false
              ]
            },
            {
              "attrs": [
                "#[should_panic]"
              ],
              "prefix": [],
              "oracles": [],
              "codes": [
                [
                  "{",
                  "    struct InvalidDeserializer;",
                  "",
                  "    impl<'de> serde::de::Deserializer<'de> for InvalidDeserializer {",
                  "        type Error = serde::de::value::Error;",
                  "",
                  "        // Other required methods would be here.",
                  "",
                  "        fn deserialize_integer<V>(self, visitor: V) -> Result<V::Value, Self::Error>",
                  "        where",
                  "            V: serde::de::Visitor<'de>,",
                  "        {",
                  "            visitor.visit_u32(0xFFFFFFFF + 1) // Simulating an overflow",
                  "        }",
                  "",
                  "        fn deserialize_any<V>(self, visitor: V) -> Result<V::Value, Self::Error>",
                  "        where",
                  "            V: serde::de::Visitor<'de>,",
                  "        {",
                  "            visitor.visit_u32(0xFFFFFFFF + 1) // Simulating an overflow",
                  "        }",
                  "",
                  "        // Implement other required methods as no-op or suitable defaults to allow compilation.",
                  "        // ...",
                  "    }",
                  "",
                  "    let deserializer = InvalidDeserializer;",
                  "    let _result: Result<u32, _> = deserializer.deserialize_u32(serde::de::value::U32Visitor);",
                  "}"
                ]
              ],
              "can_compile": [
                {
                  "Err": "   Compiling proc-macro2 v1.0.95\n   Compiling syn v1.0.109\n   Compiling serde_derive v1.0.219 (/home/utgen/workspace/serde/serde_derive)\n   Compiling serde v1.0.219 (/home/utgen/workspace/serde/serde)\n   Compiling quote v1.0.40\n   Compiling syn v2.0.100\n   Compiling ntest_test_cases v0.9.3\n   Compiling ntest_timeout v0.9.3\n   Compiling ntest v0.9.3\nerror[E0433]: failed to resolve: use of undeclared crate or module `serde`\n    --> serde/src/private/de.rs:2393:64\n     |\n2393 |     let _result: Result<u32, _> = deserializer.deserialize_u32(serde::de::value::U32Visitor);\n     |                                                                ^^^^^ use of undeclared crate or module `serde`\n\nerror[E0433]: failed to resolve: use of undeclared crate or module `serde`\n    --> serde/src/private/de.rs:2369:15\n     |\n2369 |     impl<'de> serde::de::Deserializer<'de> for InvalidDeserializer {\n     |               ^^^^^ use of undeclared crate or module `serde`\n     |\nhelp: consider importing one of these modules\n     |\n2361 +    use crate::__private::de;\n     |\n2361 +    use crate::de;\n     |\nhelp: if you import `de`, refer to it directly\n     |\n2369 -     impl<'de> serde::de::Deserializer<'de> for InvalidDeserializer {\n2369 +     impl<'de> de::Deserializer<'de> for InvalidDeserializer {\n     |\n\nerror[E0433]: failed to resolve: use of undeclared crate or module `serde`\n    --> serde/src/private/de.rs:2370:22\n     |\n2370 |         type Error = serde::de::value::Error;\n     |                      ^^^^^ use of undeclared crate or module `serde`\n     |\nhelp: consider importing this module\n     |\n2361 +    use crate::de::value;\n     |\nhelp: if you import `value`, refer to it directly\n     |\n2370 -         type Error = serde::de::value::Error;\n2370 +         type Error = value::Error;\n     |\n\nerror[E0433]: failed to resolve: use of undeclared crate or module `serde`\n    --> serde/src/private/de.rs:2376:16\n     |\n2376 |             V: serde::de::Visitor<'de>,\n     |                ^^^^^ use of undeclared crate or module `serde`\n     |\nhelp: consider importing one of these modules\n     |\n2361 +    use crate::__private::de;\n     |\n2361 +    use crate::de;\n     |\nhelp: if you import `de`, refer to it directly\n     |\n2376 -             V: serde::de::Visitor<'de>,\n2376 +             V: de::Visitor<'de>,\n     |\n\nerror[E0433]: failed to resolve: use of undeclared crate or module `serde`\n    --> serde/src/private/de.rs:2383:16\n     |\n2383 |             V: serde::de::Visitor<'de>,\n     |                ^^^^^ use of undeclared crate or module `serde`\n     |\nhelp: consider importing one of these modules\n     |\n2361 +    use crate::__private::de;\n     |\n2361 +    use crate::de;\n     |\nhelp: if you import `de`, refer to it directly\n     |\n2383 -             V: serde::de::Visitor<'de>,\n2383 +             V: de::Visitor<'de>,\n     |\n\nwarning: unused import: `ntest::timeout`\n    --> serde/src/private/de.rs:2362:8\n     |\n2362 |    use ntest::timeout;\n     |        ^^^^^^^^^^^^^^\n     |\n     = note: `#[warn(unused_imports)]` on by default\n\nerror[E0220]: associated type `Value` not found for `V`\n    --> serde/src/private/de.rs:2374:66\n     |\n2374 |         fn deserialize_integer<V>(self, visitor: V) -> Result<V::Value, Self::Error>\n     |                                                                  ^^^^^ associated type `Value` not found\n\nerror[E0223]: ambiguous associated type\n    --> serde/src/private/de.rs:2374:73\n     |\n2374 |         fn deserialize_integer<V>(self, visitor: V) -> Result<V::Value, Self::Error>\n     |                                                                         ^^^^^^^^^^^\n     |\nhelp: use fully-qualified syntax\n     |\n2374 |         fn deserialize_integer<V>(self, visitor: V) -> Result<V::Value, <InvalidDeserializer as TryFrom>::Error>\n     |                                                                         ~~~~~~~~~~~~~~~~~~~~~~~~~~~~~~~~~~~~~~~\n2374 |         fn deserialize_integer<V>(self, visitor: V) -> Result<V::Value, <InvalidDeserializer as TryInto>::Error>\n     |                                                                         ~~~~~~~~~~~~~~~~~~~~~~~~~~~~~~~~~~~~~~~\n\nerror[E0220]: associated type `Value` not found for `V`\n    --> serde/src/private/de.rs:2381:62\n     |\n2381 |         fn deserialize_any<V>(self, visitor: V) -> Result<V::Value, Self::Error>\n     |                                                              ^^^^^ associated type `Value` not found\n\nerror[E0223]: ambiguous associated type\n    --> serde/src/private/de.rs:2381:69\n     |\n2381 |         fn deserialize_any<V>(self, visitor: V) -> Result<V::Value, Self::Error>\n     |                                                                     ^^^^^^^^^^^\n     |\nhelp: use fully-qualified syntax\n     |\n2381 |         fn deserialize_any<V>(self, visitor: V) -> Result<V::Value, <InvalidDeserializer as TryFrom>::Error>\n     |                                                                     ~~~~~~~~~~~~~~~~~~~~~~~~~~~~~~~~~~~~~~~\n2381 |         fn deserialize_any<V>(self, visitor: V) -> Result<V::Value, <InvalidDeserializer as TryInto>::Error>\n     |                                                                     ~~~~~~~~~~~~~~~~~~~~~~~~~~~~~~~~~~~~~~~\n\nSome errors have detailed explanations: E0220, E0223, E0433.\nFor more information about an error, try `rustc --explain E0220`.\nwarning: `serde` (lib test) generated 1 warning\nerror: could not compile `serde` (lib test) due to 9 previous errors; 1 warning emitted\n"
                }
              ],
              "repaired": [
                false
              ]
            }
          ]
        }
      ]
    }
  ]
}