{
  "name": "serde::de::<de::Unexpected<'a> as std::fmt::Display>::fmt",
  "name_with_impl": "serde::de::{impl#0}::fmt",
  "mod_info": {
    "name": "de",
    "loc": "serde/src/lib.rs:311:1:311:12"
  },
  "visible": true,
  "loc": "serde/src/de/mod.rs:398:5:420:6",
  "fn_tests": [
    {
      "chain_id": 0,
      "prompt_conds": [],
      "input_infer": "",
      "answers": [
        {
          "uses": [
            "use Unexpected::*;"
          ],
          "has_test_mod": false,
          "common": [
            "#[derive(Debug)]",
            "enum Unexpected {",
            "    Bool(bool),",
            "    Unsigned(u64),",
            "    Signed(i64),",
            "    Float(f64),",
            "    Char(char),",
            "    Str(String),",
            "    Bytes(Vec<u8>),",
            "    Unit,",
            "    Option,",
            "    NewtypeStruct,",
            "    Seq,",
            "    Map,",
            "    Enum,",
            "    UnitVariant,",
            "    NewtypeVariant,",
            "    TupleVariant,",
            "    StructVariant,",
            "    Other(&'static str),",
            "}",
            "",
            "impl std::fmt::Display for Unexpected {",
            "    fn fmt(&self, formatter: &mut std::fmt::Formatter) -> std::fmt::Result {",
            "        match *self {",
            "            Bool(b) => write!(formatter, \"boolean `{}`\", b),",
            "            Unsigned(i) => write!(formatter, \"integer `{}`\", i),",
            "            Signed(i) => write!(formatter, \"integer `{}`\", i),",
            "            Float(f) => write!(formatter, \"floating point `{}`\", f),",
            "            Char(c) => write!(formatter, \"character `{}`\", c),",
            "            Str(ref s) => write!(formatter, \"string {:?}\", s),",
            "            Bytes(_) => formatter.write_str(\"byte array\"),",
            "            Unit => formatter.write_str(\"unit value\"),",
            "            Option => formatter.write_str(\"Option value\"),",
            "            NewtypeStruct => formatter.write_str(\"newtype struct\"),",
            "            Seq => formatter.write_str(\"sequence\"),",
            "            Map => formatter.write_str(\"map\"),",
            "            Enum => formatter.write_str(\"enum\"),",
            "            UnitVariant => formatter.write_str(\"unit variant\"),",
            "            NewtypeVariant => formatter.write_str(\"newtype variant\"),",
            "            TupleVariant => formatter.write_str(\"tuple variant\"),",
            "            StructVariant => formatter.write_str(\"struct variant\"),",
            "            Other(other) => formatter.write_str(other),",
            "        }",
            "    }",
            "}"
          ],
          "chain_tests": [
            {
              "attrs": [],
              "prefix": [],
              "oracles": [],
              "codes": [
                [
                  "{",
                  "    let value = Unexpected::Bool(true);",
                  "    let mut formatter = std::fmt::Formatter::new();",
                  "    let result = value.fmt(&mut formatter);",
                  "    assert_eq!(result.is_ok(), true);",
                  "}"
                ]
              ],
              "can_compile": [
                {
                  "Err": "   Compiling proc-macro2 v1.0.95\n   Compiling syn v1.0.109\n   Compiling serde_derive v1.0.219 (/home/utgen/workspace/serde/serde_derive)\n   Compiling serde v1.0.219 (/home/utgen/workspace/serde/serde)\n   Compiling quote v1.0.40\n   Compiling syn v2.0.100\n   Compiling ntest_timeout v0.9.3\n   Compiling ntest_test_cases v0.9.3\n   Compiling ntest v0.9.3\nerror[E0531]: cannot find tuple struct or tuple variant `Bool` in this scope\n    --> serde/src/de/mod.rs:2365:13\n     |\n2365 |             Bool(b) => write!(formatter, \"boolean `{}`\", b),\n     |             ^^^^ not found in this scope\n     |\nhelp: consider importing one of these tuple variants\n     |\n2338 +    use crate::__private::de::Content::Bool;\n     |\n2338 +    use crate::de::Unexpected::Bool;\n     |\n2338 +    use crate::de::llmtests::Unexpected::Bool;\n     |\n\nerror[E0531]: cannot find tuple struct or tuple variant `Unsigned` in this scope\n    --> serde/src/de/mod.rs:2366:13\n     |\n2366 |             Unsigned(i) => write!(formatter, \"integer `{}`\", i),\n     |             ^^^^^^^^ not found in this scope\n     |\nhelp: consider importing one of these tuple variants\n     |\n2338 +    use crate::de::Unexpected::Unsigned;\n     |\n2338 +    use crate::de::llmtests::Unexpected::Unsigned;\n     |\n\nerror[E0531]: cannot find tuple struct or tuple variant `Signed` in this scope\n    --> serde/src/de/mod.rs:2367:13\n     |\n2367 |             Signed(i) => write!(formatter, \"integer `{}`\", i),\n     |             ^^^^^^ not found in this scope\n     |\nhelp: consider importing one of these tuple variants\n     |\n2338 +    use crate::de::Unexpected::Signed;\n     |\n2338 +    use crate::de::llmtests::Unexpected::Signed;\n     |\n\nerror[E0531]: cannot find tuple struct or tuple variant `Float` in this scope\n    --> serde/src/de/mod.rs:2368:13\n     |\n2368 |             Float(f) => write!(formatter, \"floating point `{}`\", f),\n     |             ^^^^^ not found in this scope\n     |\nhelp: consider importing one of these tuple variants\n     |\n2338 +    use crate::de::Unexpected::Float;\n     |\n2338 +    use crate::de::llmtests::Unexpected::Float;\n     |\n\nerror[E0531]: cannot find tuple struct or tuple variant `Char` in this scope\n    --> serde/src/de/mod.rs:2369:13\n     |\n2369 |             Char(c) => write!(formatter, \"character `{}`\", c),\n     |             ^^^^ not found in this scope\n     |\nhelp: consider importing one of these tuple variants\n     |\n2338 +    use crate::__private::de::Content::Char;\n     |\n2338 +    use crate::de::Unexpected::Char;\n     |\n2338 +    use crate::de::llmtests::Unexpected::Char;\n     |\n\nerror[E0531]: cannot find tuple struct or tuple variant `Str` in this scope\n    --> serde/src/de/mod.rs:2370:13\n     |\n2370 |             Str(ref s) => write!(formatter, \"string {:?}\", s),\n     |             ^^^ not found in this scope\n     |\nhelp: consider importing one of these tuple variants\n     |\n2338 +    use crate::__private::de::Content::Str;\n     |\n2338 +    use crate::de::Unexpected::Str;\n     |\n2338 +    use crate::de::llmtests::Unexpected::Str;\n     |\n\nerror[E0531]: cannot find tuple struct or tuple variant `Bytes` in this scope\n    --> serde/src/de/mod.rs:2371:13\n     |\n2371 |             Bytes(_) => formatter.write_str(\"byte array\"),\n     |             ^^^^^ not found in this scope\n     |\nhelp: consider importing one of these tuple variants\n     |\n2338 +    use crate::__private::de::Content::Bytes;\n     |\n2338 +    use crate::de::Unexpected::Bytes;\n     |\n2338 +    use crate::de::llmtests::Unexpected::Bytes;\n     |\n\nerror[E0531]: cannot find tuple struct or tuple variant `Other` in this scope\n    --> serde/src/de/mod.rs:2382:13\n     |\n2382 |             Other(other) => formatter.write_str(other),\n     |             ^^^^^ not found in this scope\n     |\nhelp: consider importing one of these tuple variants\n     |\n2338 +    use crate::de::Unexpected::Other;\n     |\n2338 +    use crate::de::llmtests::Unexpected::Other;\n     |\n\nwarning: unused import: `ntest::timeout`\n    --> serde/src/de/mod.rs:2339:8\n     |\n2339 |    use ntest::timeout;\n     |        ^^^^^^^^^^^^^^\n     |\n     = note: `#[warn(unused_imports)]` on by default\n\nerror[E0658]: use of unstable library feature 'fmt_internals': internal to standard library\n    --> serde/src/de/mod.rs:2391:25\n     |\n2391 |     let mut formatter = std::fmt::Formatter::new();\n     |                         ^^^^^^^^^^^^^^^^^^^^^^^^\n     |\n     = help: add `#![feature(fmt_internals)]` to the crate attributes to enable\n     = note: this compiler was built on 2024-07-20; consider upgrading it if it is out of date\n\nerror[E0061]: this function takes 1 argument but 0 arguments were supplied\n    --> serde/src/de/mod.rs:2391:25\n     |\n2391 |     let mut formatter = std::fmt::Formatter::new();\n     |                         ^^^^^^^^^^^^^^^^^^^^^^^^-- argument #1 of type `&mut dyn std::fmt::Write` is missing\n     |\nnote: associated function defined here\n    --> /rustc/5069856495870486134dd2ca0b0e2516308c5c2a/library/core/src/fmt/mod.rs:286:12\nhelp: provide the argument\n     |\n2391 |     let mut formatter = std::fmt::Formatter::new(/* &mut dyn std::fmt::Write */);\n     |                                                 ~~~~~~~~~~~~~~~~~~~~~~~~~~~~~~~~\n\nerror[E0034]: multiple applicable items in scope\n    --> serde/src/de/mod.rs:2392:24\n     |\n2392 |     let result = value.fmt(&mut formatter);\n     |                        ^^^ multiple `fmt` found\n     |\nnote: candidate #1 is defined in an impl of the trait `de::Expected` for the type `T`\n    --> serde/src/de/mod.rs:484:5\n     |\n484  |     fn fmt(&self, formatter: &mut fmt::Formatter) -> fmt::Result {\n     |     ^^^^^^^^^^^^^^^^^^^^^^^^^^^^^^^^^^^^^^^^^^^^^^^^^^^^^^^^^^^^\nnote: candidate #2 is defined in an impl of the trait `std::fmt::Debug` for the type `llmtests::Unexpected`\n    --> serde/src/de/mod.rs:2340:10\n     |\n2340 | #[derive(Debug)]\n     |          ^^^^^\nnote: candidate #3 is defined in an impl of the trait `std::fmt::Display` for the type `llmtests::Unexpected`\n    --> serde/src/de/mod.rs:2363:5\n     |\n2363 |     fn fmt(&self, formatter: &mut std::fmt::Formatter) -> std::fmt::Result {\n     |     ^^^^^^^^^^^^^^^^^^^^^^^^^^^^^^^^^^^^^^^^^^^^^^^^^^^^^^^^^^^^^^^^^^^^^^\n     = note: this error originates in the derive macro `Debug` (in Nightly builds, run with -Z macro-backtrace for more info)\nhelp: disambiguate the method for candidate #1\n     |\n2392 |     let result = de::Expected::fmt(&value, &mut formatter);\n     |                  ~~~~~~~~~~~~~~~~~~~~~~~~~~~~~~~~~~~~~~~~~\nhelp: disambiguate the method for candidate #2\n     |\n2392 |     let result = std::fmt::Debug::fmt(&value, &mut formatter);\n     |                  ~~~~~~~~~~~~~~~~~~~~~~~~~~~~~~~~~~~~~~~~~~~~\nhelp: disambiguate the method for candidate #3\n     |\n2392 |     let result = std::fmt::Display::fmt(&value, &mut formatter);\n     |                  ~~~~~~~~~~~~~~~~~~~~~~~~~~~~~~~~~~~~~~~~~~~~~~\n\nSome errors have detailed explanations: E0034, E0061, E0531, E0658.\nFor more information about an error, try `rustc --explain E0034`.\nwarning: `serde` (lib test) generated 1 warning\nerror: could not compile `serde` (lib test) due to 11 previous errors; 1 warning emitted\n"
                }
              ],
              "repaired": [
                false
              ]
            },
            {
              "attrs": [],
              "prefix": [],
              "oracles": [],
              "codes": [
                [
                  "{",
                  "    let value = Unexpected::Unsigned(42);",
                  "    let mut formatter = std::fmt::Formatter::new();",
                  "    let result = value.fmt(&mut formatter);",
                  "    assert_eq!(result.is_ok(), true);",
                  "}"
                ]
              ],
              "can_compile": [
                {
                  "Err": "   Compiling proc-macro2 v1.0.95\n   Compiling syn v1.0.109\n   Compiling serde_derive v1.0.219 (/home/utgen/workspace/serde/serde_derive)\n   Compiling serde v1.0.219 (/home/utgen/workspace/serde/serde)\n   Compiling quote v1.0.40\n   Compiling syn v2.0.100\n   Compiling ntest_test_cases v0.9.3\n   Compiling ntest_timeout v0.9.3\n   Compiling ntest v0.9.3\nerror[E0531]: cannot find tuple struct or tuple variant `Bool` in this scope\n    --> serde/src/de/mod.rs:2365:13\n     |\n2365 |             Bool(b) => write!(formatter, \"boolean `{}`\", b),\n     |             ^^^^ not found in this scope\n     |\nhelp: consider importing one of these tuple variants\n     |\n2338 +    use crate::__private::de::Content::Bool;\n     |\n2338 +    use crate::de::Unexpected::Bool;\n     |\n2338 +    use crate::de::llmtests::Unexpected::Bool;\n     |\n\nerror[E0531]: cannot find tuple struct or tuple variant `Unsigned` in this scope\n    --> serde/src/de/mod.rs:2366:13\n     |\n2366 |             Unsigned(i) => write!(formatter, \"integer `{}`\", i),\n     |             ^^^^^^^^ not found in this scope\n     |\nhelp: consider importing one of these tuple variants\n     |\n2338 +    use crate::de::Unexpected::Unsigned;\n     |\n2338 +    use crate::de::llmtests::Unexpected::Unsigned;\n     |\n\nerror[E0531]: cannot find tuple struct or tuple variant `Signed` in this scope\n    --> serde/src/de/mod.rs:2367:13\n     |\n2367 |             Signed(i) => write!(formatter, \"integer `{}`\", i),\n     |             ^^^^^^ not found in this scope\n     |\nhelp: consider importing one of these tuple variants\n     |\n2338 +    use crate::de::Unexpected::Signed;\n     |\n2338 +    use crate::de::llmtests::Unexpected::Signed;\n     |\n\nerror[E0531]: cannot find tuple struct or tuple variant `Float` in this scope\n    --> serde/src/de/mod.rs:2368:13\n     |\n2368 |             Float(f) => write!(formatter, \"floating point `{}`\", f),\n     |             ^^^^^ not found in this scope\n     |\nhelp: consider importing one of these tuple variants\n     |\n2338 +    use crate::de::Unexpected::Float;\n     |\n2338 +    use crate::de::llmtests::Unexpected::Float;\n     |\n\nerror[E0531]: cannot find tuple struct or tuple variant `Char` in this scope\n    --> serde/src/de/mod.rs:2369:13\n     |\n2369 |             Char(c) => write!(formatter, \"character `{}`\", c),\n     |             ^^^^ not found in this scope\n     |\nhelp: consider importing one of these tuple variants\n     |\n2338 +    use crate::__private::de::Content::Char;\n     |\n2338 +    use crate::de::Unexpected::Char;\n     |\n2338 +    use crate::de::llmtests::Unexpected::Char;\n     |\n\nerror[E0531]: cannot find tuple struct or tuple variant `Str` in this scope\n    --> serde/src/de/mod.rs:2370:13\n     |\n2370 |             Str(ref s) => write!(formatter, \"string {:?}\", s),\n     |             ^^^ not found in this scope\n     |\nhelp: consider importing one of these tuple variants\n     |\n2338 +    use crate::__private::de::Content::Str;\n     |\n2338 +    use crate::de::Unexpected::Str;\n     |\n2338 +    use crate::de::llmtests::Unexpected::Str;\n     |\n\nerror[E0531]: cannot find tuple struct or tuple variant `Bytes` in this scope\n    --> serde/src/de/mod.rs:2371:13\n     |\n2371 |             Bytes(_) => formatter.write_str(\"byte array\"),\n     |             ^^^^^ not found in this scope\n     |\nhelp: consider importing one of these tuple variants\n     |\n2338 +    use crate::__private::de::Content::Bytes;\n     |\n2338 +    use crate::de::Unexpected::Bytes;\n     |\n2338 +    use crate::de::llmtests::Unexpected::Bytes;\n     |\n\nerror[E0531]: cannot find tuple struct or tuple variant `Other` in this scope\n    --> serde/src/de/mod.rs:2382:13\n     |\n2382 |             Other(other) => formatter.write_str(other),\n     |             ^^^^^ not found in this scope\n     |\nhelp: consider importing one of these tuple variants\n     |\n2338 +    use crate::de::Unexpected::Other;\n     |\n2338 +    use crate::de::llmtests::Unexpected::Other;\n     |\n\nwarning: unused import: `ntest::timeout`\n    --> serde/src/de/mod.rs:2339:8\n     |\n2339 |    use ntest::timeout;\n     |        ^^^^^^^^^^^^^^\n     |\n     = note: `#[warn(unused_imports)]` on by default\n\nerror[E0658]: use of unstable library feature 'fmt_internals': internal to standard library\n    --> serde/src/de/mod.rs:2391:25\n     |\n2391 |     let mut formatter = std::fmt::Formatter::new();\n     |                         ^^^^^^^^^^^^^^^^^^^^^^^^\n     |\n     = help: add `#![feature(fmt_internals)]` to the crate attributes to enable\n     = note: this compiler was built on 2024-07-20; consider upgrading it if it is out of date\n\nerror[E0061]: this function takes 1 argument but 0 arguments were supplied\n    --> serde/src/de/mod.rs:2391:25\n     |\n2391 |     let mut formatter = std::fmt::Formatter::new();\n     |                         ^^^^^^^^^^^^^^^^^^^^^^^^-- argument #1 of type `&mut dyn std::fmt::Write` is missing\n     |\nnote: associated function defined here\n    --> /rustc/5069856495870486134dd2ca0b0e2516308c5c2a/library/core/src/fmt/mod.rs:286:12\nhelp: provide the argument\n     |\n2391 |     let mut formatter = std::fmt::Formatter::new(/* &mut dyn std::fmt::Write */);\n     |                                                 ~~~~~~~~~~~~~~~~~~~~~~~~~~~~~~~~\n\nerror[E0034]: multiple applicable items in scope\n    --> serde/src/de/mod.rs:2392:24\n     |\n2392 |     let result = value.fmt(&mut formatter);\n     |                        ^^^ multiple `fmt` found\n     |\nnote: candidate #1 is defined in an impl of the trait `de::Expected` for the type `T`\n    --> serde/src/de/mod.rs:484:5\n     |\n484  |     fn fmt(&self, formatter: &mut fmt::Formatter) -> fmt::Result {\n     |     ^^^^^^^^^^^^^^^^^^^^^^^^^^^^^^^^^^^^^^^^^^^^^^^^^^^^^^^^^^^^\nnote: candidate #2 is defined in an impl of the trait `std::fmt::Debug` for the type `llmtests::Unexpected`\n    --> serde/src/de/mod.rs:2340:10\n     |\n2340 | #[derive(Debug)]\n     |          ^^^^^\nnote: candidate #3 is defined in an impl of the trait `std::fmt::Display` for the type `llmtests::Unexpected`\n    --> serde/src/de/mod.rs:2363:5\n     |\n2363 |     fn fmt(&self, formatter: &mut std::fmt::Formatter) -> std::fmt::Result {\n     |     ^^^^^^^^^^^^^^^^^^^^^^^^^^^^^^^^^^^^^^^^^^^^^^^^^^^^^^^^^^^^^^^^^^^^^^\n     = note: this error originates in the derive macro `Debug` (in Nightly builds, run with -Z macro-backtrace for more info)\nhelp: disambiguate the method for candidate #1\n     |\n2392 |     let result = de::Expected::fmt(&value, &mut formatter);\n     |                  ~~~~~~~~~~~~~~~~~~~~~~~~~~~~~~~~~~~~~~~~~\nhelp: disambiguate the method for candidate #2\n     |\n2392 |     let result = std::fmt::Debug::fmt(&value, &mut formatter);\n     |                  ~~~~~~~~~~~~~~~~~~~~~~~~~~~~~~~~~~~~~~~~~~~~\nhelp: disambiguate the method for candidate #3\n     |\n2392 |     let result = std::fmt::Display::fmt(&value, &mut formatter);\n     |                  ~~~~~~~~~~~~~~~~~~~~~~~~~~~~~~~~~~~~~~~~~~~~~~\n\nSome errors have detailed explanations: E0034, E0061, E0531, E0658.\nFor more information about an error, try `rustc --explain E0034`.\nwarning: `serde` (lib test) generated 1 warning\nerror: could not compile `serde` (lib test) due to 11 previous errors; 1 warning emitted\n"
                }
              ],
              "repaired": [
                false
              ]
            },
            {
              "attrs": [],
              "prefix": [],
              "oracles": [],
              "codes": [
                [
                  "{",
                  "    let value = Unexpected::Signed(-42);",
                  "    let mut formatter = std::fmt::Formatter::new();",
                  "    let result = value.fmt(&mut formatter);",
                  "    assert_eq!(result.is_ok(), true);",
                  "}"
                ]
              ],
              "can_compile": [
                {
                  "Err": "   Compiling proc-macro2 v1.0.95\n   Compiling syn v1.0.109\n   Compiling serde_derive v1.0.219 (/home/utgen/workspace/serde/serde_derive)\n   Compiling serde v1.0.219 (/home/utgen/workspace/serde/serde)\n   Compiling quote v1.0.40\n   Compiling syn v2.0.100\n   Compiling ntest_timeout v0.9.3\n   Compiling ntest_test_cases v0.9.3\n   Compiling ntest v0.9.3\nerror[E0531]: cannot find tuple struct or tuple variant `Bool` in this scope\n    --> serde/src/de/mod.rs:2365:13\n     |\n2365 |             Bool(b) => write!(formatter, \"boolean `{}`\", b),\n     |             ^^^^ not found in this scope\n     |\nhelp: consider importing one of these tuple variants\n     |\n2338 +    use crate::__private::de::Content::Bool;\n     |\n2338 +    use crate::de::Unexpected::Bool;\n     |\n2338 +    use crate::de::llmtests::Unexpected::Bool;\n     |\n\nerror[E0531]: cannot find tuple struct or tuple variant `Unsigned` in this scope\n    --> serde/src/de/mod.rs:2366:13\n     |\n2366 |             Unsigned(i) => write!(formatter, \"integer `{}`\", i),\n     |             ^^^^^^^^ not found in this scope\n     |\nhelp: consider importing one of these tuple variants\n     |\n2338 +    use crate::de::Unexpected::Unsigned;\n     |\n2338 +    use crate::de::llmtests::Unexpected::Unsigned;\n     |\n\nerror[E0531]: cannot find tuple struct or tuple variant `Signed` in this scope\n    --> serde/src/de/mod.rs:2367:13\n     |\n2367 |             Signed(i) => write!(formatter, \"integer `{}`\", i),\n     |             ^^^^^^ not found in this scope\n     |\nhelp: consider importing one of these tuple variants\n     |\n2338 +    use crate::de::Unexpected::Signed;\n     |\n2338 +    use crate::de::llmtests::Unexpected::Signed;\n     |\n\nerror[E0531]: cannot find tuple struct or tuple variant `Float` in this scope\n    --> serde/src/de/mod.rs:2368:13\n     |\n2368 |             Float(f) => write!(formatter, \"floating point `{}`\", f),\n     |             ^^^^^ not found in this scope\n     |\nhelp: consider importing one of these tuple variants\n     |\n2338 +    use crate::de::Unexpected::Float;\n     |\n2338 +    use crate::de::llmtests::Unexpected::Float;\n     |\n\nerror[E0531]: cannot find tuple struct or tuple variant `Char` in this scope\n    --> serde/src/de/mod.rs:2369:13\n     |\n2369 |             Char(c) => write!(formatter, \"character `{}`\", c),\n     |             ^^^^ not found in this scope\n     |\nhelp: consider importing one of these tuple variants\n     |\n2338 +    use crate::__private::de::Content::Char;\n     |\n2338 +    use crate::de::Unexpected::Char;\n     |\n2338 +    use crate::de::llmtests::Unexpected::Char;\n     |\n\nerror[E0531]: cannot find tuple struct or tuple variant `Str` in this scope\n    --> serde/src/de/mod.rs:2370:13\n     |\n2370 |             Str(ref s) => write!(formatter, \"string {:?}\", s),\n     |             ^^^ not found in this scope\n     |\nhelp: consider importing one of these tuple variants\n     |\n2338 +    use crate::__private::de::Content::Str;\n     |\n2338 +    use crate::de::Unexpected::Str;\n     |\n2338 +    use crate::de::llmtests::Unexpected::Str;\n     |\n\nerror[E0531]: cannot find tuple struct or tuple variant `Bytes` in this scope\n    --> serde/src/de/mod.rs:2371:13\n     |\n2371 |             Bytes(_) => formatter.write_str(\"byte array\"),\n     |             ^^^^^ not found in this scope\n     |\nhelp: consider importing one of these tuple variants\n     |\n2338 +    use crate::__private::de::Content::Bytes;\n     |\n2338 +    use crate::de::Unexpected::Bytes;\n     |\n2338 +    use crate::de::llmtests::Unexpected::Bytes;\n     |\n\nerror[E0531]: cannot find tuple struct or tuple variant `Other` in this scope\n    --> serde/src/de/mod.rs:2382:13\n     |\n2382 |             Other(other) => formatter.write_str(other),\n     |             ^^^^^ not found in this scope\n     |\nhelp: consider importing one of these tuple variants\n     |\n2338 +    use crate::de::Unexpected::Other;\n     |\n2338 +    use crate::de::llmtests::Unexpected::Other;\n     |\n\nwarning: unused import: `ntest::timeout`\n    --> serde/src/de/mod.rs:2339:8\n     |\n2339 |    use ntest::timeout;\n     |        ^^^^^^^^^^^^^^\n     |\n     = note: `#[warn(unused_imports)]` on by default\n\nerror[E0658]: use of unstable library feature 'fmt_internals': internal to standard library\n    --> serde/src/de/mod.rs:2391:25\n     |\n2391 |     let mut formatter = std::fmt::Formatter::new();\n     |                         ^^^^^^^^^^^^^^^^^^^^^^^^\n     |\n     = help: add `#![feature(fmt_internals)]` to the crate attributes to enable\n     = note: this compiler was built on 2024-07-20; consider upgrading it if it is out of date\n\nerror[E0061]: this function takes 1 argument but 0 arguments were supplied\n    --> serde/src/de/mod.rs:2391:25\n     |\n2391 |     let mut formatter = std::fmt::Formatter::new();\n     |                         ^^^^^^^^^^^^^^^^^^^^^^^^-- argument #1 of type `&mut dyn std::fmt::Write` is missing\n     |\nnote: associated function defined here\n    --> /rustc/5069856495870486134dd2ca0b0e2516308c5c2a/library/core/src/fmt/mod.rs:286:12\nhelp: provide the argument\n     |\n2391 |     let mut formatter = std::fmt::Formatter::new(/* &mut dyn std::fmt::Write */);\n     |                                                 ~~~~~~~~~~~~~~~~~~~~~~~~~~~~~~~~\n\nerror[E0034]: multiple applicable items in scope\n    --> serde/src/de/mod.rs:2392:24\n     |\n2392 |     let result = value.fmt(&mut formatter);\n     |                        ^^^ multiple `fmt` found\n     |\nnote: candidate #1 is defined in an impl of the trait `de::Expected` for the type `T`\n    --> serde/src/de/mod.rs:484:5\n     |\n484  |     fn fmt(&self, formatter: &mut fmt::Formatter) -> fmt::Result {\n     |     ^^^^^^^^^^^^^^^^^^^^^^^^^^^^^^^^^^^^^^^^^^^^^^^^^^^^^^^^^^^^\nnote: candidate #2 is defined in an impl of the trait `std::fmt::Debug` for the type `llmtests::Unexpected`\n    --> serde/src/de/mod.rs:2340:10\n     |\n2340 | #[derive(Debug)]\n     |          ^^^^^\nnote: candidate #3 is defined in an impl of the trait `std::fmt::Display` for the type `llmtests::Unexpected`\n    --> serde/src/de/mod.rs:2363:5\n     |\n2363 |     fn fmt(&self, formatter: &mut std::fmt::Formatter) -> std::fmt::Result {\n     |     ^^^^^^^^^^^^^^^^^^^^^^^^^^^^^^^^^^^^^^^^^^^^^^^^^^^^^^^^^^^^^^^^^^^^^^\n     = note: this error originates in the derive macro `Debug` (in Nightly builds, run with -Z macro-backtrace for more info)\nhelp: disambiguate the method for candidate #1\n     |\n2392 |     let result = de::Expected::fmt(&value, &mut formatter);\n     |                  ~~~~~~~~~~~~~~~~~~~~~~~~~~~~~~~~~~~~~~~~~\nhelp: disambiguate the method for candidate #2\n     |\n2392 |     let result = std::fmt::Debug::fmt(&value, &mut formatter);\n     |                  ~~~~~~~~~~~~~~~~~~~~~~~~~~~~~~~~~~~~~~~~~~~~\nhelp: disambiguate the method for candidate #3\n     |\n2392 |     let result = std::fmt::Display::fmt(&value, &mut formatter);\n     |                  ~~~~~~~~~~~~~~~~~~~~~~~~~~~~~~~~~~~~~~~~~~~~~~\n\nSome errors have detailed explanations: E0034, E0061, E0531, E0658.\nFor more information about an error, try `rustc --explain E0034`.\nwarning: `serde` (lib test) generated 1 warning\nerror: could not compile `serde` (lib test) due to 11 previous errors; 1 warning emitted\n"
                }
              ],
              "repaired": [
                false
              ]
            },
            {
              "attrs": [],
              "prefix": [],
              "oracles": [],
              "codes": [
                [
                  "{",
                  "    let value = Unexpected::Float(3.14);",
                  "    let mut formatter = std::fmt::Formatter::new();",
                  "    let result = value.fmt(&mut formatter);",
                  "    assert_eq!(result.is_ok(), true);",
                  "}"
                ]
              ],
              "can_compile": [
                {
                  "Err": "   Compiling proc-macro2 v1.0.95\n   Compiling syn v1.0.109\n   Compiling serde_derive v1.0.219 (/home/utgen/workspace/serde/serde_derive)\n   Compiling serde v1.0.219 (/home/utgen/workspace/serde/serde)\n   Compiling quote v1.0.40\n   Compiling syn v2.0.100\n   Compiling ntest_test_cases v0.9.3\n   Compiling ntest_timeout v0.9.3\n   Compiling ntest v0.9.3\nerror[E0531]: cannot find tuple struct or tuple variant `Bool` in this scope\n    --> serde/src/de/mod.rs:2365:13\n     |\n2365 |             Bool(b) => write!(formatter, \"boolean `{}`\", b),\n     |             ^^^^ not found in this scope\n     |\nhelp: consider importing one of these tuple variants\n     |\n2338 +    use crate::__private::de::Content::Bool;\n     |\n2338 +    use crate::de::Unexpected::Bool;\n     |\n2338 +    use crate::de::llmtests::Unexpected::Bool;\n     |\n\nerror[E0531]: cannot find tuple struct or tuple variant `Unsigned` in this scope\n    --> serde/src/de/mod.rs:2366:13\n     |\n2366 |             Unsigned(i) => write!(formatter, \"integer `{}`\", i),\n     |             ^^^^^^^^ not found in this scope\n     |\nhelp: consider importing one of these tuple variants\n     |\n2338 +    use crate::de::Unexpected::Unsigned;\n     |\n2338 +    use crate::de::llmtests::Unexpected::Unsigned;\n     |\n\nerror[E0531]: cannot find tuple struct or tuple variant `Signed` in this scope\n    --> serde/src/de/mod.rs:2367:13\n     |\n2367 |             Signed(i) => write!(formatter, \"integer `{}`\", i),\n     |             ^^^^^^ not found in this scope\n     |\nhelp: consider importing one of these tuple variants\n     |\n2338 +    use crate::de::Unexpected::Signed;\n     |\n2338 +    use crate::de::llmtests::Unexpected::Signed;\n     |\n\nerror[E0531]: cannot find tuple struct or tuple variant `Float` in this scope\n    --> serde/src/de/mod.rs:2368:13\n     |\n2368 |             Float(f) => write!(formatter, \"floating point `{}`\", f),\n     |             ^^^^^ not found in this scope\n     |\nhelp: consider importing one of these tuple variants\n     |\n2338 +    use crate::de::Unexpected::Float;\n     |\n2338 +    use crate::de::llmtests::Unexpected::Float;\n     |\n\nerror[E0531]: cannot find tuple struct or tuple variant `Char` in this scope\n    --> serde/src/de/mod.rs:2369:13\n     |\n2369 |             Char(c) => write!(formatter, \"character `{}`\", c),\n     |             ^^^^ not found in this scope\n     |\nhelp: consider importing one of these tuple variants\n     |\n2338 +    use crate::__private::de::Content::Char;\n     |\n2338 +    use crate::de::Unexpected::Char;\n     |\n2338 +    use crate::de::llmtests::Unexpected::Char;\n     |\n\nerror[E0531]: cannot find tuple struct or tuple variant `Str` in this scope\n    --> serde/src/de/mod.rs:2370:13\n     |\n2370 |             Str(ref s) => write!(formatter, \"string {:?}\", s),\n     |             ^^^ not found in this scope\n     |\nhelp: consider importing one of these tuple variants\n     |\n2338 +    use crate::__private::de::Content::Str;\n     |\n2338 +    use crate::de::Unexpected::Str;\n     |\n2338 +    use crate::de::llmtests::Unexpected::Str;\n     |\n\nerror[E0531]: cannot find tuple struct or tuple variant `Bytes` in this scope\n    --> serde/src/de/mod.rs:2371:13\n     |\n2371 |             Bytes(_) => formatter.write_str(\"byte array\"),\n     |             ^^^^^ not found in this scope\n     |\nhelp: consider importing one of these tuple variants\n     |\n2338 +    use crate::__private::de::Content::Bytes;\n     |\n2338 +    use crate::de::Unexpected::Bytes;\n     |\n2338 +    use crate::de::llmtests::Unexpected::Bytes;\n     |\n\nerror[E0531]: cannot find tuple struct or tuple variant `Other` in this scope\n    --> serde/src/de/mod.rs:2382:13\n     |\n2382 |             Other(other) => formatter.write_str(other),\n     |             ^^^^^ not found in this scope\n     |\nhelp: consider importing one of these tuple variants\n     |\n2338 +    use crate::de::Unexpected::Other;\n     |\n2338 +    use crate::de::llmtests::Unexpected::Other;\n     |\n\nwarning: unused import: `ntest::timeout`\n    --> serde/src/de/mod.rs:2339:8\n     |\n2339 |    use ntest::timeout;\n     |        ^^^^^^^^^^^^^^\n     |\n     = note: `#[warn(unused_imports)]` on by default\n\nerror[E0658]: use of unstable library feature 'fmt_internals': internal to standard library\n    --> serde/src/de/mod.rs:2391:25\n     |\n2391 |     let mut formatter = std::fmt::Formatter::new();\n     |                         ^^^^^^^^^^^^^^^^^^^^^^^^\n     |\n     = help: add `#![feature(fmt_internals)]` to the crate attributes to enable\n     = note: this compiler was built on 2024-07-20; consider upgrading it if it is out of date\n\nerror[E0061]: this function takes 1 argument but 0 arguments were supplied\n    --> serde/src/de/mod.rs:2391:25\n     |\n2391 |     let mut formatter = std::fmt::Formatter::new();\n     |                         ^^^^^^^^^^^^^^^^^^^^^^^^-- argument #1 of type `&mut dyn std::fmt::Write` is missing\n     |\nnote: associated function defined here\n    --> /rustc/5069856495870486134dd2ca0b0e2516308c5c2a/library/core/src/fmt/mod.rs:286:12\nhelp: provide the argument\n     |\n2391 |     let mut formatter = std::fmt::Formatter::new(/* &mut dyn std::fmt::Write */);\n     |                                                 ~~~~~~~~~~~~~~~~~~~~~~~~~~~~~~~~\n\nerror[E0034]: multiple applicable items in scope\n    --> serde/src/de/mod.rs:2392:24\n     |\n2392 |     let result = value.fmt(&mut formatter);\n     |                        ^^^ multiple `fmt` found\n     |\nnote: candidate #1 is defined in an impl of the trait `de::Expected` for the type `T`\n    --> serde/src/de/mod.rs:484:5\n     |\n484  |     fn fmt(&self, formatter: &mut fmt::Formatter) -> fmt::Result {\n     |     ^^^^^^^^^^^^^^^^^^^^^^^^^^^^^^^^^^^^^^^^^^^^^^^^^^^^^^^^^^^^\nnote: candidate #2 is defined in an impl of the trait `std::fmt::Debug` for the type `llmtests::Unexpected`\n    --> serde/src/de/mod.rs:2340:10\n     |\n2340 | #[derive(Debug)]\n     |          ^^^^^\nnote: candidate #3 is defined in an impl of the trait `std::fmt::Display` for the type `llmtests::Unexpected`\n    --> serde/src/de/mod.rs:2363:5\n     |\n2363 |     fn fmt(&self, formatter: &mut std::fmt::Formatter) -> std::fmt::Result {\n     |     ^^^^^^^^^^^^^^^^^^^^^^^^^^^^^^^^^^^^^^^^^^^^^^^^^^^^^^^^^^^^^^^^^^^^^^\n     = note: this error originates in the derive macro `Debug` (in Nightly builds, run with -Z macro-backtrace for more info)\nhelp: disambiguate the method for candidate #1\n     |\n2392 |     let result = de::Expected::fmt(&value, &mut formatter);\n     |                  ~~~~~~~~~~~~~~~~~~~~~~~~~~~~~~~~~~~~~~~~~\nhelp: disambiguate the method for candidate #2\n     |\n2392 |     let result = std::fmt::Debug::fmt(&value, &mut formatter);\n     |                  ~~~~~~~~~~~~~~~~~~~~~~~~~~~~~~~~~~~~~~~~~~~~\nhelp: disambiguate the method for candidate #3\n     |\n2392 |     let result = std::fmt::Display::fmt(&value, &mut formatter);\n     |                  ~~~~~~~~~~~~~~~~~~~~~~~~~~~~~~~~~~~~~~~~~~~~~~\n\nSome errors have detailed explanations: E0034, E0061, E0531, E0658.\nFor more information about an error, try `rustc --explain E0034`.\nwarning: `serde` (lib test) generated 1 warning\nerror: could not compile `serde` (lib test) due to 11 previous errors; 1 warning emitted\n"
                }
              ],
              "repaired": [
                false
              ]
            },
            {
              "attrs": [],
              "prefix": [],
              "oracles": [],
              "codes": [
                [
                  "{",
                  "    let value = Unexpected::Char('a');",
                  "    let mut formatter = std::fmt::Formatter::new();",
                  "    let result = value.fmt(&mut formatter);",
                  "    assert_eq!(result.is_ok(), true);",
                  "}"
                ]
              ],
              "can_compile": [
                {
                  "Err": "   Compiling proc-macro2 v1.0.95\n   Compiling syn v1.0.109\n   Compiling serde_derive v1.0.219 (/home/utgen/workspace/serde/serde_derive)\n   Compiling serde v1.0.219 (/home/utgen/workspace/serde/serde)\n   Compiling quote v1.0.40\n   Compiling syn v2.0.100\n   Compiling ntest_timeout v0.9.3\n   Compiling ntest_test_cases v0.9.3\n   Compiling ntest v0.9.3\nerror[E0531]: cannot find tuple struct or tuple variant `Bool` in this scope\n    --> serde/src/de/mod.rs:2365:13\n     |\n2365 |             Bool(b) => write!(formatter, \"boolean `{}`\", b),\n     |             ^^^^ not found in this scope\n     |\nhelp: consider importing one of these tuple variants\n     |\n2338 +    use crate::__private::de::Content::Bool;\n     |\n2338 +    use crate::de::Unexpected::Bool;\n     |\n2338 +    use crate::de::llmtests::Unexpected::Bool;\n     |\n\nerror[E0531]: cannot find tuple struct or tuple variant `Unsigned` in this scope\n    --> serde/src/de/mod.rs:2366:13\n     |\n2366 |             Unsigned(i) => write!(formatter, \"integer `{}`\", i),\n     |             ^^^^^^^^ not found in this scope\n     |\nhelp: consider importing one of these tuple variants\n     |\n2338 +    use crate::de::Unexpected::Unsigned;\n     |\n2338 +    use crate::de::llmtests::Unexpected::Unsigned;\n     |\n\nerror[E0531]: cannot find tuple struct or tuple variant `Signed` in this scope\n    --> serde/src/de/mod.rs:2367:13\n     |\n2367 |             Signed(i) => write!(formatter, \"integer `{}`\", i),\n     |             ^^^^^^ not found in this scope\n     |\nhelp: consider importing one of these tuple variants\n     |\n2338 +    use crate::de::Unexpected::Signed;\n     |\n2338 +    use crate::de::llmtests::Unexpected::Signed;\n     |\n\nerror[E0531]: cannot find tuple struct or tuple variant `Float` in this scope\n    --> serde/src/de/mod.rs:2368:13\n     |\n2368 |             Float(f) => write!(formatter, \"floating point `{}`\", f),\n     |             ^^^^^ not found in this scope\n     |\nhelp: consider importing one of these tuple variants\n     |\n2338 +    use crate::de::Unexpected::Float;\n     |\n2338 +    use crate::de::llmtests::Unexpected::Float;\n     |\n\nerror[E0531]: cannot find tuple struct or tuple variant `Char` in this scope\n    --> serde/src/de/mod.rs:2369:13\n     |\n2369 |             Char(c) => write!(formatter, \"character `{}`\", c),\n     |             ^^^^ not found in this scope\n     |\nhelp: consider importing one of these tuple variants\n     |\n2338 +    use crate::__private::de::Content::Char;\n     |\n2338 +    use crate::de::Unexpected::Char;\n     |\n2338 +    use crate::de::llmtests::Unexpected::Char;\n     |\n\nerror[E0531]: cannot find tuple struct or tuple variant `Str` in this scope\n    --> serde/src/de/mod.rs:2370:13\n     |\n2370 |             Str(ref s) => write!(formatter, \"string {:?}\", s),\n     |             ^^^ not found in this scope\n     |\nhelp: consider importing one of these tuple variants\n     |\n2338 +    use crate::__private::de::Content::Str;\n     |\n2338 +    use crate::de::Unexpected::Str;\n     |\n2338 +    use crate::de::llmtests::Unexpected::Str;\n     |\n\nerror[E0531]: cannot find tuple struct or tuple variant `Bytes` in this scope\n    --> serde/src/de/mod.rs:2371:13\n     |\n2371 |             Bytes(_) => formatter.write_str(\"byte array\"),\n     |             ^^^^^ not found in this scope\n     |\nhelp: consider importing one of these tuple variants\n     |\n2338 +    use crate::__private::de::Content::Bytes;\n     |\n2338 +    use crate::de::Unexpected::Bytes;\n     |\n2338 +    use crate::de::llmtests::Unexpected::Bytes;\n     |\n\nerror[E0531]: cannot find tuple struct or tuple variant `Other` in this scope\n    --> serde/src/de/mod.rs:2382:13\n     |\n2382 |             Other(other) => formatter.write_str(other),\n     |             ^^^^^ not found in this scope\n     |\nhelp: consider importing one of these tuple variants\n     |\n2338 +    use crate::de::Unexpected::Other;\n     |\n2338 +    use crate::de::llmtests::Unexpected::Other;\n     |\n\nwarning: unused import: `ntest::timeout`\n    --> serde/src/de/mod.rs:2339:8\n     |\n2339 |    use ntest::timeout;\n     |        ^^^^^^^^^^^^^^\n     |\n     = note: `#[warn(unused_imports)]` on by default\n\nerror[E0658]: use of unstable library feature 'fmt_internals': internal to standard library\n    --> serde/src/de/mod.rs:2391:25\n     |\n2391 |     let mut formatter = std::fmt::Formatter::new();\n     |                         ^^^^^^^^^^^^^^^^^^^^^^^^\n     |\n     = help: add `#![feature(fmt_internals)]` to the crate attributes to enable\n     = note: this compiler was built on 2024-07-20; consider upgrading it if it is out of date\n\nerror[E0061]: this function takes 1 argument but 0 arguments were supplied\n    --> serde/src/de/mod.rs:2391:25\n     |\n2391 |     let mut formatter = std::fmt::Formatter::new();\n     |                         ^^^^^^^^^^^^^^^^^^^^^^^^-- argument #1 of type `&mut dyn std::fmt::Write` is missing\n     |\nnote: associated function defined here\n    --> /rustc/5069856495870486134dd2ca0b0e2516308c5c2a/library/core/src/fmt/mod.rs:286:12\nhelp: provide the argument\n     |\n2391 |     let mut formatter = std::fmt::Formatter::new(/* &mut dyn std::fmt::Write */);\n     |                                                 ~~~~~~~~~~~~~~~~~~~~~~~~~~~~~~~~\n\nerror[E0034]: multiple applicable items in scope\n    --> serde/src/de/mod.rs:2392:24\n     |\n2392 |     let result = value.fmt(&mut formatter);\n     |                        ^^^ multiple `fmt` found\n     |\nnote: candidate #1 is defined in an impl of the trait `de::Expected` for the type `T`\n    --> serde/src/de/mod.rs:484:5\n     |\n484  |     fn fmt(&self, formatter: &mut fmt::Formatter) -> fmt::Result {\n     |     ^^^^^^^^^^^^^^^^^^^^^^^^^^^^^^^^^^^^^^^^^^^^^^^^^^^^^^^^^^^^\nnote: candidate #2 is defined in an impl of the trait `std::fmt::Debug` for the type `llmtests::Unexpected`\n    --> serde/src/de/mod.rs:2340:10\n     |\n2340 | #[derive(Debug)]\n     |          ^^^^^\nnote: candidate #3 is defined in an impl of the trait `std::fmt::Display` for the type `llmtests::Unexpected`\n    --> serde/src/de/mod.rs:2363:5\n     |\n2363 |     fn fmt(&self, formatter: &mut std::fmt::Formatter) -> std::fmt::Result {\n     |     ^^^^^^^^^^^^^^^^^^^^^^^^^^^^^^^^^^^^^^^^^^^^^^^^^^^^^^^^^^^^^^^^^^^^^^\n     = note: this error originates in the derive macro `Debug` (in Nightly builds, run with -Z macro-backtrace for more info)\nhelp: disambiguate the method for candidate #1\n     |\n2392 |     let result = de::Expected::fmt(&value, &mut formatter);\n     |                  ~~~~~~~~~~~~~~~~~~~~~~~~~~~~~~~~~~~~~~~~~\nhelp: disambiguate the method for candidate #2\n     |\n2392 |     let result = std::fmt::Debug::fmt(&value, &mut formatter);\n     |                  ~~~~~~~~~~~~~~~~~~~~~~~~~~~~~~~~~~~~~~~~~~~~\nhelp: disambiguate the method for candidate #3\n     |\n2392 |     let result = std::fmt::Display::fmt(&value, &mut formatter);\n     |                  ~~~~~~~~~~~~~~~~~~~~~~~~~~~~~~~~~~~~~~~~~~~~~~\n\nSome errors have detailed explanations: E0034, E0061, E0531, E0658.\nFor more information about an error, try `rustc --explain E0034`.\nwarning: `serde` (lib test) generated 1 warning\nerror: could not compile `serde` (lib test) due to 11 previous errors; 1 warning emitted\n"
                }
              ],
              "repaired": [
                false
              ]
            },
            {
              "attrs": [],
              "prefix": [],
              "oracles": [],
              "codes": [
                [
                  "{",
                  "    let value = Unexpected::Str(\"hello\".to_string());",
                  "    let mut formatter = std::fmt::Formatter::new();",
                  "    let result = value.fmt(&mut formatter);",
                  "    assert_eq!(result.is_ok(), true);",
                  "}"
                ]
              ],
              "can_compile": [
                {
                  "Err": "   Compiling proc-macro2 v1.0.95\n   Compiling syn v1.0.109\n   Compiling serde_derive v1.0.219 (/home/utgen/workspace/serde/serde_derive)\n   Compiling serde v1.0.219 (/home/utgen/workspace/serde/serde)\n   Compiling quote v1.0.40\n   Compiling syn v2.0.100\n   Compiling ntest_test_cases v0.9.3\n   Compiling ntest_timeout v0.9.3\n   Compiling ntest v0.9.3\nerror[E0531]: cannot find tuple struct or tuple variant `Bool` in this scope\n    --> serde/src/de/mod.rs:2365:13\n     |\n2365 |             Bool(b) => write!(formatter, \"boolean `{}`\", b),\n     |             ^^^^ not found in this scope\n     |\nhelp: consider importing one of these tuple variants\n     |\n2338 +    use crate::__private::de::Content::Bool;\n     |\n2338 +    use crate::de::Unexpected::Bool;\n     |\n2338 +    use crate::de::llmtests::Unexpected::Bool;\n     |\n\nerror[E0531]: cannot find tuple struct or tuple variant `Unsigned` in this scope\n    --> serde/src/de/mod.rs:2366:13\n     |\n2366 |             Unsigned(i) => write!(formatter, \"integer `{}`\", i),\n     |             ^^^^^^^^ not found in this scope\n     |\nhelp: consider importing one of these tuple variants\n     |\n2338 +    use crate::de::Unexpected::Unsigned;\n     |\n2338 +    use crate::de::llmtests::Unexpected::Unsigned;\n     |\n\nerror[E0531]: cannot find tuple struct or tuple variant `Signed` in this scope\n    --> serde/src/de/mod.rs:2367:13\n     |\n2367 |             Signed(i) => write!(formatter, \"integer `{}`\", i),\n     |             ^^^^^^ not found in this scope\n     |\nhelp: consider importing one of these tuple variants\n     |\n2338 +    use crate::de::Unexpected::Signed;\n     |\n2338 +    use crate::de::llmtests::Unexpected::Signed;\n     |\n\nerror[E0531]: cannot find tuple struct or tuple variant `Float` in this scope\n    --> serde/src/de/mod.rs:2368:13\n     |\n2368 |             Float(f) => write!(formatter, \"floating point `{}`\", f),\n     |             ^^^^^ not found in this scope\n     |\nhelp: consider importing one of these tuple variants\n     |\n2338 +    use crate::de::Unexpected::Float;\n     |\n2338 +    use crate::de::llmtests::Unexpected::Float;\n     |\n\nerror[E0531]: cannot find tuple struct or tuple variant `Char` in this scope\n    --> serde/src/de/mod.rs:2369:13\n     |\n2369 |             Char(c) => write!(formatter, \"character `{}`\", c),\n     |             ^^^^ not found in this scope\n     |\nhelp: consider importing one of these tuple variants\n     |\n2338 +    use crate::__private::de::Content::Char;\n     |\n2338 +    use crate::de::Unexpected::Char;\n     |\n2338 +    use crate::de::llmtests::Unexpected::Char;\n     |\n\nerror[E0531]: cannot find tuple struct or tuple variant `Str` in this scope\n    --> serde/src/de/mod.rs:2370:13\n     |\n2370 |             Str(ref s) => write!(formatter, \"string {:?}\", s),\n     |             ^^^ not found in this scope\n     |\nhelp: consider importing one of these tuple variants\n     |\n2338 +    use crate::__private::de::Content::Str;\n     |\n2338 +    use crate::de::Unexpected::Str;\n     |\n2338 +    use crate::de::llmtests::Unexpected::Str;\n     |\n\nerror[E0531]: cannot find tuple struct or tuple variant `Bytes` in this scope\n    --> serde/src/de/mod.rs:2371:13\n     |\n2371 |             Bytes(_) => formatter.write_str(\"byte array\"),\n     |             ^^^^^ not found in this scope\n     |\nhelp: consider importing one of these tuple variants\n     |\n2338 +    use crate::__private::de::Content::Bytes;\n     |\n2338 +    use crate::de::Unexpected::Bytes;\n     |\n2338 +    use crate::de::llmtests::Unexpected::Bytes;\n     |\n\nerror[E0531]: cannot find tuple struct or tuple variant `Other` in this scope\n    --> serde/src/de/mod.rs:2382:13\n     |\n2382 |             Other(other) => formatter.write_str(other),\n     |             ^^^^^ not found in this scope\n     |\nhelp: consider importing one of these tuple variants\n     |\n2338 +    use crate::de::Unexpected::Other;\n     |\n2338 +    use crate::de::llmtests::Unexpected::Other;\n     |\n\nwarning: unused import: `ntest::timeout`\n    --> serde/src/de/mod.rs:2339:8\n     |\n2339 |    use ntest::timeout;\n     |        ^^^^^^^^^^^^^^\n     |\n     = note: `#[warn(unused_imports)]` on by default\n\nerror[E0658]: use of unstable library feature 'fmt_internals': internal to standard library\n    --> serde/src/de/mod.rs:2391:25\n     |\n2391 |     let mut formatter = std::fmt::Formatter::new();\n     |                         ^^^^^^^^^^^^^^^^^^^^^^^^\n     |\n     = help: add `#![feature(fmt_internals)]` to the crate attributes to enable\n     = note: this compiler was built on 2024-07-20; consider upgrading it if it is out of date\n\nerror[E0061]: this function takes 1 argument but 0 arguments were supplied\n    --> serde/src/de/mod.rs:2391:25\n     |\n2391 |     let mut formatter = std::fmt::Formatter::new();\n     |                         ^^^^^^^^^^^^^^^^^^^^^^^^-- argument #1 of type `&mut dyn std::fmt::Write` is missing\n     |\nnote: associated function defined here\n    --> /rustc/5069856495870486134dd2ca0b0e2516308c5c2a/library/core/src/fmt/mod.rs:286:12\nhelp: provide the argument\n     |\n2391 |     let mut formatter = std::fmt::Formatter::new(/* &mut dyn std::fmt::Write */);\n     |                                                 ~~~~~~~~~~~~~~~~~~~~~~~~~~~~~~~~\n\nerror[E0034]: multiple applicable items in scope\n    --> serde/src/de/mod.rs:2392:24\n     |\n2392 |     let result = value.fmt(&mut formatter);\n     |                        ^^^ multiple `fmt` found\n     |\nnote: candidate #1 is defined in an impl of the trait `de::Expected` for the type `T`\n    --> serde/src/de/mod.rs:484:5\n     |\n484  |     fn fmt(&self, formatter: &mut fmt::Formatter) -> fmt::Result {\n     |     ^^^^^^^^^^^^^^^^^^^^^^^^^^^^^^^^^^^^^^^^^^^^^^^^^^^^^^^^^^^^\nnote: candidate #2 is defined in an impl of the trait `std::fmt::Debug` for the type `llmtests::Unexpected`\n    --> serde/src/de/mod.rs:2340:10\n     |\n2340 | #[derive(Debug)]\n     |          ^^^^^\nnote: candidate #3 is defined in an impl of the trait `std::fmt::Display` for the type `llmtests::Unexpected`\n    --> serde/src/de/mod.rs:2363:5\n     |\n2363 |     fn fmt(&self, formatter: &mut std::fmt::Formatter) -> std::fmt::Result {\n     |     ^^^^^^^^^^^^^^^^^^^^^^^^^^^^^^^^^^^^^^^^^^^^^^^^^^^^^^^^^^^^^^^^^^^^^^\n     = note: this error originates in the derive macro `Debug` (in Nightly builds, run with -Z macro-backtrace for more info)\nhelp: disambiguate the method for candidate #1\n     |\n2392 |     let result = de::Expected::fmt(&value, &mut formatter);\n     |                  ~~~~~~~~~~~~~~~~~~~~~~~~~~~~~~~~~~~~~~~~~\nhelp: disambiguate the method for candidate #2\n     |\n2392 |     let result = std::fmt::Debug::fmt(&value, &mut formatter);\n     |                  ~~~~~~~~~~~~~~~~~~~~~~~~~~~~~~~~~~~~~~~~~~~~\nhelp: disambiguate the method for candidate #3\n     |\n2392 |     let result = std::fmt::Display::fmt(&value, &mut formatter);\n     |                  ~~~~~~~~~~~~~~~~~~~~~~~~~~~~~~~~~~~~~~~~~~~~~~\n\nSome errors have detailed explanations: E0034, E0061, E0531, E0658.\nFor more information about an error, try `rustc --explain E0034`.\nwarning: `serde` (lib test) generated 1 warning\nerror: could not compile `serde` (lib test) due to 11 previous errors; 1 warning emitted\n"
                }
              ],
              "repaired": [
                false
              ]
            },
            {
              "attrs": [],
              "prefix": [],
              "oracles": [],
              "codes": [
                [
                  "{",
                  "    let value = Unexpected::Bytes(vec![1, 2, 3]);",
                  "    let mut formatter = std::fmt::Formatter::new();",
                  "    let result = value.fmt(&mut formatter);",
                  "    assert_eq!(result.is_ok(), true);",
                  "}"
                ]
              ],
              "can_compile": [
                {
                  "Err": "   Compiling proc-macro2 v1.0.95\n   Compiling syn v1.0.109\n   Compiling serde_derive v1.0.219 (/home/utgen/workspace/serde/serde_derive)\n   Compiling serde v1.0.219 (/home/utgen/workspace/serde/serde)\n   Compiling quote v1.0.40\n   Compiling syn v2.0.100\n   Compiling ntest_timeout v0.9.3\n   Compiling ntest_test_cases v0.9.3\n   Compiling ntest v0.9.3\nerror[E0531]: cannot find tuple struct or tuple variant `Bool` in this scope\n    --> serde/src/de/mod.rs:2365:13\n     |\n2365 |             Bool(b) => write!(formatter, \"boolean `{}`\", b),\n     |             ^^^^ not found in this scope\n     |\nhelp: consider importing one of these tuple variants\n     |\n2338 +    use crate::__private::de::Content::Bool;\n     |\n2338 +    use crate::de::Unexpected::Bool;\n     |\n2338 +    use crate::de::llmtests::Unexpected::Bool;\n     |\n\nerror[E0531]: cannot find tuple struct or tuple variant `Unsigned` in this scope\n    --> serde/src/de/mod.rs:2366:13\n     |\n2366 |             Unsigned(i) => write!(formatter, \"integer `{}`\", i),\n     |             ^^^^^^^^ not found in this scope\n     |\nhelp: consider importing one of these tuple variants\n     |\n2338 +    use crate::de::Unexpected::Unsigned;\n     |\n2338 +    use crate::de::llmtests::Unexpected::Unsigned;\n     |\n\nerror[E0531]: cannot find tuple struct or tuple variant `Signed` in this scope\n    --> serde/src/de/mod.rs:2367:13\n     |\n2367 |             Signed(i) => write!(formatter, \"integer `{}`\", i),\n     |             ^^^^^^ not found in this scope\n     |\nhelp: consider importing one of these tuple variants\n     |\n2338 +    use crate::de::Unexpected::Signed;\n     |\n2338 +    use crate::de::llmtests::Unexpected::Signed;\n     |\n\nerror[E0531]: cannot find tuple struct or tuple variant `Float` in this scope\n    --> serde/src/de/mod.rs:2368:13\n     |\n2368 |             Float(f) => write!(formatter, \"floating point `{}`\", f),\n     |             ^^^^^ not found in this scope\n     |\nhelp: consider importing one of these tuple variants\n     |\n2338 +    use crate::de::Unexpected::Float;\n     |\n2338 +    use crate::de::llmtests::Unexpected::Float;\n     |\n\nerror[E0531]: cannot find tuple struct or tuple variant `Char` in this scope\n    --> serde/src/de/mod.rs:2369:13\n     |\n2369 |             Char(c) => write!(formatter, \"character `{}`\", c),\n     |             ^^^^ not found in this scope\n     |\nhelp: consider importing one of these tuple variants\n     |\n2338 +    use crate::__private::de::Content::Char;\n     |\n2338 +    use crate::de::Unexpected::Char;\n     |\n2338 +    use crate::de::llmtests::Unexpected::Char;\n     |\n\nerror[E0531]: cannot find tuple struct or tuple variant `Str` in this scope\n    --> serde/src/de/mod.rs:2370:13\n     |\n2370 |             Str(ref s) => write!(formatter, \"string {:?}\", s),\n     |             ^^^ not found in this scope\n     |\nhelp: consider importing one of these tuple variants\n     |\n2338 +    use crate::__private::de::Content::Str;\n     |\n2338 +    use crate::de::Unexpected::Str;\n     |\n2338 +    use crate::de::llmtests::Unexpected::Str;\n     |\n\nerror[E0531]: cannot find tuple struct or tuple variant `Bytes` in this scope\n    --> serde/src/de/mod.rs:2371:13\n     |\n2371 |             Bytes(_) => formatter.write_str(\"byte array\"),\n     |             ^^^^^ not found in this scope\n     |\nhelp: consider importing one of these tuple variants\n     |\n2338 +    use crate::__private::de::Content::Bytes;\n     |\n2338 +    use crate::de::Unexpected::Bytes;\n     |\n2338 +    use crate::de::llmtests::Unexpected::Bytes;\n     |\n\nerror[E0531]: cannot find tuple struct or tuple variant `Other` in this scope\n    --> serde/src/de/mod.rs:2382:13\n     |\n2382 |             Other(other) => formatter.write_str(other),\n     |             ^^^^^ not found in this scope\n     |\nhelp: consider importing one of these tuple variants\n     |\n2338 +    use crate::de::Unexpected::Other;\n     |\n2338 +    use crate::de::llmtests::Unexpected::Other;\n     |\n\nwarning: unused import: `ntest::timeout`\n    --> serde/src/de/mod.rs:2339:8\n     |\n2339 |    use ntest::timeout;\n     |        ^^^^^^^^^^^^^^\n     |\n     = note: `#[warn(unused_imports)]` on by default\n\nerror[E0658]: use of unstable library feature 'fmt_internals': internal to standard library\n    --> serde/src/de/mod.rs:2391:25\n     |\n2391 |     let mut formatter = std::fmt::Formatter::new();\n     |                         ^^^^^^^^^^^^^^^^^^^^^^^^\n     |\n     = help: add `#![feature(fmt_internals)]` to the crate attributes to enable\n     = note: this compiler was built on 2024-07-20; consider upgrading it if it is out of date\n\nerror[E0061]: this function takes 1 argument but 0 arguments were supplied\n    --> serde/src/de/mod.rs:2391:25\n     |\n2391 |     let mut formatter = std::fmt::Formatter::new();\n     |                         ^^^^^^^^^^^^^^^^^^^^^^^^-- argument #1 of type `&mut dyn std::fmt::Write` is missing\n     |\nnote: associated function defined here\n    --> /rustc/5069856495870486134dd2ca0b0e2516308c5c2a/library/core/src/fmt/mod.rs:286:12\nhelp: provide the argument\n     |\n2391 |     let mut formatter = std::fmt::Formatter::new(/* &mut dyn std::fmt::Write */);\n     |                                                 ~~~~~~~~~~~~~~~~~~~~~~~~~~~~~~~~\n\nerror[E0034]: multiple applicable items in scope\n    --> serde/src/de/mod.rs:2392:24\n     |\n2392 |     let result = value.fmt(&mut formatter);\n     |                        ^^^ multiple `fmt` found\n     |\nnote: candidate #1 is defined in an impl of the trait `de::Expected` for the type `T`\n    --> serde/src/de/mod.rs:484:5\n     |\n484  |     fn fmt(&self, formatter: &mut fmt::Formatter) -> fmt::Result {\n     |     ^^^^^^^^^^^^^^^^^^^^^^^^^^^^^^^^^^^^^^^^^^^^^^^^^^^^^^^^^^^^\nnote: candidate #2 is defined in an impl of the trait `std::fmt::Debug` for the type `llmtests::Unexpected`\n    --> serde/src/de/mod.rs:2340:10\n     |\n2340 | #[derive(Debug)]\n     |          ^^^^^\nnote: candidate #3 is defined in an impl of the trait `std::fmt::Display` for the type `llmtests::Unexpected`\n    --> serde/src/de/mod.rs:2363:5\n     |\n2363 |     fn fmt(&self, formatter: &mut std::fmt::Formatter) -> std::fmt::Result {\n     |     ^^^^^^^^^^^^^^^^^^^^^^^^^^^^^^^^^^^^^^^^^^^^^^^^^^^^^^^^^^^^^^^^^^^^^^\n     = note: this error originates in the derive macro `Debug` (in Nightly builds, run with -Z macro-backtrace for more info)\nhelp: disambiguate the method for candidate #1\n     |\n2392 |     let result = de::Expected::fmt(&value, &mut formatter);\n     |                  ~~~~~~~~~~~~~~~~~~~~~~~~~~~~~~~~~~~~~~~~~\nhelp: disambiguate the method for candidate #2\n     |\n2392 |     let result = std::fmt::Debug::fmt(&value, &mut formatter);\n     |                  ~~~~~~~~~~~~~~~~~~~~~~~~~~~~~~~~~~~~~~~~~~~~\nhelp: disambiguate the method for candidate #3\n     |\n2392 |     let result = std::fmt::Display::fmt(&value, &mut formatter);\n     |                  ~~~~~~~~~~~~~~~~~~~~~~~~~~~~~~~~~~~~~~~~~~~~~~\n\nSome errors have detailed explanations: E0034, E0061, E0531, E0658.\nFor more information about an error, try `rustc --explain E0034`.\nwarning: `serde` (lib test) generated 1 warning\nerror: could not compile `serde` (lib test) due to 11 previous errors; 1 warning emitted\n"
                }
              ],
              "repaired": [
                false
              ]
            },
            {
              "attrs": [],
              "prefix": [],
              "oracles": [],
              "codes": [
                [
                  "{",
                  "    let value = Unexpected::Unit;",
                  "    let mut formatter = std::fmt::Formatter::new();",
                  "    let result = value.fmt(&mut formatter);",
                  "    assert_eq!(result.is_ok(), true);",
                  "}"
                ]
              ],
              "can_compile": [
                {
                  "Err": "   Compiling proc-macro2 v1.0.95\n   Compiling syn v1.0.109\n   Compiling serde_derive v1.0.219 (/home/utgen/workspace/serde/serde_derive)\n   Compiling serde v1.0.219 (/home/utgen/workspace/serde/serde)\n   Compiling quote v1.0.40\n   Compiling syn v2.0.100\n   Compiling ntest_timeout v0.9.3\n   Compiling ntest_test_cases v0.9.3\n   Compiling ntest v0.9.3\nerror[E0531]: cannot find tuple struct or tuple variant `Bool` in this scope\n    --> serde/src/de/mod.rs:2365:13\n     |\n2365 |             Bool(b) => write!(formatter, \"boolean `{}`\", b),\n     |             ^^^^ not found in this scope\n     |\nhelp: consider importing one of these tuple variants\n     |\n2338 +    use crate::__private::de::Content::Bool;\n     |\n2338 +    use crate::de::Unexpected::Bool;\n     |\n2338 +    use crate::de::llmtests::Unexpected::Bool;\n     |\n\nerror[E0531]: cannot find tuple struct or tuple variant `Unsigned` in this scope\n    --> serde/src/de/mod.rs:2366:13\n     |\n2366 |             Unsigned(i) => write!(formatter, \"integer `{}`\", i),\n     |             ^^^^^^^^ not found in this scope\n     |\nhelp: consider importing one of these tuple variants\n     |\n2338 +    use crate::de::Unexpected::Unsigned;\n     |\n2338 +    use crate::de::llmtests::Unexpected::Unsigned;\n     |\n\nerror[E0531]: cannot find tuple struct or tuple variant `Signed` in this scope\n    --> serde/src/de/mod.rs:2367:13\n     |\n2367 |             Signed(i) => write!(formatter, \"integer `{}`\", i),\n     |             ^^^^^^ not found in this scope\n     |\nhelp: consider importing one of these tuple variants\n     |\n2338 +    use crate::de::Unexpected::Signed;\n     |\n2338 +    use crate::de::llmtests::Unexpected::Signed;\n     |\n\nerror[E0531]: cannot find tuple struct or tuple variant `Float` in this scope\n    --> serde/src/de/mod.rs:2368:13\n     |\n2368 |             Float(f) => write!(formatter, \"floating point `{}`\", f),\n     |             ^^^^^ not found in this scope\n     |\nhelp: consider importing one of these tuple variants\n     |\n2338 +    use crate::de::Unexpected::Float;\n     |\n2338 +    use crate::de::llmtests::Unexpected::Float;\n     |\n\nerror[E0531]: cannot find tuple struct or tuple variant `Char` in this scope\n    --> serde/src/de/mod.rs:2369:13\n     |\n2369 |             Char(c) => write!(formatter, \"character `{}`\", c),\n     |             ^^^^ not found in this scope\n     |\nhelp: consider importing one of these tuple variants\n     |\n2338 +    use crate::__private::de::Content::Char;\n     |\n2338 +    use crate::de::Unexpected::Char;\n     |\n2338 +    use crate::de::llmtests::Unexpected::Char;\n     |\n\nerror[E0531]: cannot find tuple struct or tuple variant `Str` in this scope\n    --> serde/src/de/mod.rs:2370:13\n     |\n2370 |             Str(ref s) => write!(formatter, \"string {:?}\", s),\n     |             ^^^ not found in this scope\n     |\nhelp: consider importing one of these tuple variants\n     |\n2338 +    use crate::__private::de::Content::Str;\n     |\n2338 +    use crate::de::Unexpected::Str;\n     |\n2338 +    use crate::de::llmtests::Unexpected::Str;\n     |\n\nerror[E0531]: cannot find tuple struct or tuple variant `Bytes` in this scope\n    --> serde/src/de/mod.rs:2371:13\n     |\n2371 |             Bytes(_) => formatter.write_str(\"byte array\"),\n     |             ^^^^^ not found in this scope\n     |\nhelp: consider importing one of these tuple variants\n     |\n2338 +    use crate::__private::de::Content::Bytes;\n     |\n2338 +    use crate::de::Unexpected::Bytes;\n     |\n2338 +    use crate::de::llmtests::Unexpected::Bytes;\n     |\n\nerror[E0531]: cannot find tuple struct or tuple variant `Other` in this scope\n    --> serde/src/de/mod.rs:2382:13\n     |\n2382 |             Other(other) => formatter.write_str(other),\n     |             ^^^^^ not found in this scope\n     |\nhelp: consider importing one of these tuple variants\n     |\n2338 +    use crate::de::Unexpected::Other;\n     |\n2338 +    use crate::de::llmtests::Unexpected::Other;\n     |\n\nwarning: unused import: `ntest::timeout`\n    --> serde/src/de/mod.rs:2339:8\n     |\n2339 |    use ntest::timeout;\n     |        ^^^^^^^^^^^^^^\n     |\n     = note: `#[warn(unused_imports)]` on by default\n\nerror[E0658]: use of unstable library feature 'fmt_internals': internal to standard library\n    --> serde/src/de/mod.rs:2391:25\n     |\n2391 |     let mut formatter = std::fmt::Formatter::new();\n     |                         ^^^^^^^^^^^^^^^^^^^^^^^^\n     |\n     = help: add `#![feature(fmt_internals)]` to the crate attributes to enable\n     = note: this compiler was built on 2024-07-20; consider upgrading it if it is out of date\n\nerror[E0061]: this function takes 1 argument but 0 arguments were supplied\n    --> serde/src/de/mod.rs:2391:25\n     |\n2391 |     let mut formatter = std::fmt::Formatter::new();\n     |                         ^^^^^^^^^^^^^^^^^^^^^^^^-- argument #1 of type `&mut dyn std::fmt::Write` is missing\n     |\nnote: associated function defined here\n    --> /rustc/5069856495870486134dd2ca0b0e2516308c5c2a/library/core/src/fmt/mod.rs:286:12\nhelp: provide the argument\n     |\n2391 |     let mut formatter = std::fmt::Formatter::new(/* &mut dyn std::fmt::Write */);\n     |                                                 ~~~~~~~~~~~~~~~~~~~~~~~~~~~~~~~~\n\nerror[E0034]: multiple applicable items in scope\n    --> serde/src/de/mod.rs:2392:24\n     |\n2392 |     let result = value.fmt(&mut formatter);\n     |                        ^^^ multiple `fmt` found\n     |\nnote: candidate #1 is defined in an impl of the trait `de::Expected` for the type `T`\n    --> serde/src/de/mod.rs:484:5\n     |\n484  |     fn fmt(&self, formatter: &mut fmt::Formatter) -> fmt::Result {\n     |     ^^^^^^^^^^^^^^^^^^^^^^^^^^^^^^^^^^^^^^^^^^^^^^^^^^^^^^^^^^^^\nnote: candidate #2 is defined in an impl of the trait `std::fmt::Debug` for the type `llmtests::Unexpected`\n    --> serde/src/de/mod.rs:2340:10\n     |\n2340 | #[derive(Debug)]\n     |          ^^^^^\nnote: candidate #3 is defined in an impl of the trait `std::fmt::Display` for the type `llmtests::Unexpected`\n    --> serde/src/de/mod.rs:2363:5\n     |\n2363 |     fn fmt(&self, formatter: &mut std::fmt::Formatter) -> std::fmt::Result {\n     |     ^^^^^^^^^^^^^^^^^^^^^^^^^^^^^^^^^^^^^^^^^^^^^^^^^^^^^^^^^^^^^^^^^^^^^^\n     = note: this error originates in the derive macro `Debug` (in Nightly builds, run with -Z macro-backtrace for more info)\nhelp: disambiguate the method for candidate #1\n     |\n2392 |     let result = de::Expected::fmt(&value, &mut formatter);\n     |                  ~~~~~~~~~~~~~~~~~~~~~~~~~~~~~~~~~~~~~~~~~\nhelp: disambiguate the method for candidate #2\n     |\n2392 |     let result = std::fmt::Debug::fmt(&value, &mut formatter);\n     |                  ~~~~~~~~~~~~~~~~~~~~~~~~~~~~~~~~~~~~~~~~~~~~\nhelp: disambiguate the method for candidate #3\n     |\n2392 |     let result = std::fmt::Display::fmt(&value, &mut formatter);\n     |                  ~~~~~~~~~~~~~~~~~~~~~~~~~~~~~~~~~~~~~~~~~~~~~~\n\nSome errors have detailed explanations: E0034, E0061, E0531, E0658.\nFor more information about an error, try `rustc --explain E0034`.\nwarning: `serde` (lib test) generated 1 warning\nerror: could not compile `serde` (lib test) due to 11 previous errors; 1 warning emitted\n"
                }
              ],
              "repaired": [
                false
              ]
            },
            {
              "attrs": [],
              "prefix": [],
              "oracles": [],
              "codes": [
                [
                  "{",
                  "    let value = Unexpected::Option;",
                  "    let mut formatter = std::fmt::Formatter::new();",
                  "    let result = value.fmt(&mut formatter);",
                  "    assert_eq!(result.is_ok(), true);",
                  "}"
                ]
              ],
              "can_compile": [
                {
                  "Err": "   Compiling proc-macro2 v1.0.95\n   Compiling syn v1.0.109\n   Compiling serde_derive v1.0.219 (/home/utgen/workspace/serde/serde_derive)\n   Compiling serde v1.0.219 (/home/utgen/workspace/serde/serde)\n   Compiling quote v1.0.40\n   Compiling syn v2.0.100\n   Compiling ntest_timeout v0.9.3\n   Compiling ntest_test_cases v0.9.3\n   Compiling ntest v0.9.3\nerror[E0531]: cannot find tuple struct or tuple variant `Bool` in this scope\n    --> serde/src/de/mod.rs:2365:13\n     |\n2365 |             Bool(b) => write!(formatter, \"boolean `{}`\", b),\n     |             ^^^^ not found in this scope\n     |\nhelp: consider importing one of these tuple variants\n     |\n2338 +    use crate::__private::de::Content::Bool;\n     |\n2338 +    use crate::de::Unexpected::Bool;\n     |\n2338 +    use crate::de::llmtests::Unexpected::Bool;\n     |\n\nerror[E0531]: cannot find tuple struct or tuple variant `Unsigned` in this scope\n    --> serde/src/de/mod.rs:2366:13\n     |\n2366 |             Unsigned(i) => write!(formatter, \"integer `{}`\", i),\n     |             ^^^^^^^^ not found in this scope\n     |\nhelp: consider importing one of these tuple variants\n     |\n2338 +    use crate::de::Unexpected::Unsigned;\n     |\n2338 +    use crate::de::llmtests::Unexpected::Unsigned;\n     |\n\nerror[E0531]: cannot find tuple struct or tuple variant `Signed` in this scope\n    --> serde/src/de/mod.rs:2367:13\n     |\n2367 |             Signed(i) => write!(formatter, \"integer `{}`\", i),\n     |             ^^^^^^ not found in this scope\n     |\nhelp: consider importing one of these tuple variants\n     |\n2338 +    use crate::de::Unexpected::Signed;\n     |\n2338 +    use crate::de::llmtests::Unexpected::Signed;\n     |\n\nerror[E0531]: cannot find tuple struct or tuple variant `Float` in this scope\n    --> serde/src/de/mod.rs:2368:13\n     |\n2368 |             Float(f) => write!(formatter, \"floating point `{}`\", f),\n     |             ^^^^^ not found in this scope\n     |\nhelp: consider importing one of these tuple variants\n     |\n2338 +    use crate::de::Unexpected::Float;\n     |\n2338 +    use crate::de::llmtests::Unexpected::Float;\n     |\n\nerror[E0531]: cannot find tuple struct or tuple variant `Char` in this scope\n    --> serde/src/de/mod.rs:2369:13\n     |\n2369 |             Char(c) => write!(formatter, \"character `{}`\", c),\n     |             ^^^^ not found in this scope\n     |\nhelp: consider importing one of these tuple variants\n     |\n2338 +    use crate::__private::de::Content::Char;\n     |\n2338 +    use crate::de::Unexpected::Char;\n     |\n2338 +    use crate::de::llmtests::Unexpected::Char;\n     |\n\nerror[E0531]: cannot find tuple struct or tuple variant `Str` in this scope\n    --> serde/src/de/mod.rs:2370:13\n     |\n2370 |             Str(ref s) => write!(formatter, \"string {:?}\", s),\n     |             ^^^ not found in this scope\n     |\nhelp: consider importing one of these tuple variants\n     |\n2338 +    use crate::__private::de::Content::Str;\n     |\n2338 +    use crate::de::Unexpected::Str;\n     |\n2338 +    use crate::de::llmtests::Unexpected::Str;\n     |\n\nerror[E0531]: cannot find tuple struct or tuple variant `Bytes` in this scope\n    --> serde/src/de/mod.rs:2371:13\n     |\n2371 |             Bytes(_) => formatter.write_str(\"byte array\"),\n     |             ^^^^^ not found in this scope\n     |\nhelp: consider importing one of these tuple variants\n     |\n2338 +    use crate::__private::de::Content::Bytes;\n     |\n2338 +    use crate::de::Unexpected::Bytes;\n     |\n2338 +    use crate::de::llmtests::Unexpected::Bytes;\n     |\n\nerror[E0531]: cannot find tuple struct or tuple variant `Other` in this scope\n    --> serde/src/de/mod.rs:2382:13\n     |\n2382 |             Other(other) => formatter.write_str(other),\n     |             ^^^^^ not found in this scope\n     |\nhelp: consider importing one of these tuple variants\n     |\n2338 +    use crate::de::Unexpected::Other;\n     |\n2338 +    use crate::de::llmtests::Unexpected::Other;\n     |\n\nwarning: unused import: `ntest::timeout`\n    --> serde/src/de/mod.rs:2339:8\n     |\n2339 |    use ntest::timeout;\n     |        ^^^^^^^^^^^^^^\n     |\n     = note: `#[warn(unused_imports)]` on by default\n\nerror[E0658]: use of unstable library feature 'fmt_internals': internal to standard library\n    --> serde/src/de/mod.rs:2391:25\n     |\n2391 |     let mut formatter = std::fmt::Formatter::new();\n     |                         ^^^^^^^^^^^^^^^^^^^^^^^^\n     |\n     = help: add `#![feature(fmt_internals)]` to the crate attributes to enable\n     = note: this compiler was built on 2024-07-20; consider upgrading it if it is out of date\n\nerror[E0061]: this function takes 1 argument but 0 arguments were supplied\n    --> serde/src/de/mod.rs:2391:25\n     |\n2391 |     let mut formatter = std::fmt::Formatter::new();\n     |                         ^^^^^^^^^^^^^^^^^^^^^^^^-- argument #1 of type `&mut dyn std::fmt::Write` is missing\n     |\nnote: associated function defined here\n    --> /rustc/5069856495870486134dd2ca0b0e2516308c5c2a/library/core/src/fmt/mod.rs:286:12\nhelp: provide the argument\n     |\n2391 |     let mut formatter = std::fmt::Formatter::new(/* &mut dyn std::fmt::Write */);\n     |                                                 ~~~~~~~~~~~~~~~~~~~~~~~~~~~~~~~~\n\nerror[E0034]: multiple applicable items in scope\n    --> serde/src/de/mod.rs:2392:24\n     |\n2392 |     let result = value.fmt(&mut formatter);\n     |                        ^^^ multiple `fmt` found\n     |\nnote: candidate #1 is defined in an impl of the trait `de::Expected` for the type `T`\n    --> serde/src/de/mod.rs:484:5\n     |\n484  |     fn fmt(&self, formatter: &mut fmt::Formatter) -> fmt::Result {\n     |     ^^^^^^^^^^^^^^^^^^^^^^^^^^^^^^^^^^^^^^^^^^^^^^^^^^^^^^^^^^^^\nnote: candidate #2 is defined in an impl of the trait `std::fmt::Debug` for the type `llmtests::Unexpected`\n    --> serde/src/de/mod.rs:2340:10\n     |\n2340 | #[derive(Debug)]\n     |          ^^^^^\nnote: candidate #3 is defined in an impl of the trait `std::fmt::Display` for the type `llmtests::Unexpected`\n    --> serde/src/de/mod.rs:2363:5\n     |\n2363 |     fn fmt(&self, formatter: &mut std::fmt::Formatter) -> std::fmt::Result {\n     |     ^^^^^^^^^^^^^^^^^^^^^^^^^^^^^^^^^^^^^^^^^^^^^^^^^^^^^^^^^^^^^^^^^^^^^^\n     = note: this error originates in the derive macro `Debug` (in Nightly builds, run with -Z macro-backtrace for more info)\nhelp: disambiguate the method for candidate #1\n     |\n2392 |     let result = de::Expected::fmt(&value, &mut formatter);\n     |                  ~~~~~~~~~~~~~~~~~~~~~~~~~~~~~~~~~~~~~~~~~\nhelp: disambiguate the method for candidate #2\n     |\n2392 |     let result = std::fmt::Debug::fmt(&value, &mut formatter);\n     |                  ~~~~~~~~~~~~~~~~~~~~~~~~~~~~~~~~~~~~~~~~~~~~\nhelp: disambiguate the method for candidate #3\n     |\n2392 |     let result = std::fmt::Display::fmt(&value, &mut formatter);\n     |                  ~~~~~~~~~~~~~~~~~~~~~~~~~~~~~~~~~~~~~~~~~~~~~~\n\nSome errors have detailed explanations: E0034, E0061, E0531, E0658.\nFor more information about an error, try `rustc --explain E0034`.\nwarning: `serde` (lib test) generated 1 warning\nerror: could not compile `serde` (lib test) due to 11 previous errors; 1 warning emitted\n"
                }
              ],
              "repaired": [
                false
              ]
            },
            {
              "attrs": [],
              "prefix": [],
              "oracles": [],
              "codes": [
                [
                  "{",
                  "    let value = Unexpected::NewtypeStruct;",
                  "    let mut formatter = std::fmt::Formatter::new();",
                  "    let result = value.fmt(&mut formatter);",
                  "    assert_eq!(result.is_ok(), true);",
                  "}"
                ]
              ],
              "can_compile": [
                {
                  "Err": "   Compiling proc-macro2 v1.0.95\n   Compiling syn v1.0.109\n   Compiling serde_derive v1.0.219 (/home/utgen/workspace/serde/serde_derive)\n   Compiling serde v1.0.219 (/home/utgen/workspace/serde/serde)\n   Compiling quote v1.0.40\n   Compiling syn v2.0.100\n   Compiling ntest_test_cases v0.9.3\n   Compiling ntest_timeout v0.9.3\n   Compiling ntest v0.9.3\nerror[E0531]: cannot find tuple struct or tuple variant `Bool` in this scope\n    --> serde/src/de/mod.rs:2365:13\n     |\n2365 |             Bool(b) => write!(formatter, \"boolean `{}`\", b),\n     |             ^^^^ not found in this scope\n     |\nhelp: consider importing one of these tuple variants\n     |\n2338 +    use crate::__private::de::Content::Bool;\n     |\n2338 +    use crate::de::Unexpected::Bool;\n     |\n2338 +    use crate::de::llmtests::Unexpected::Bool;\n     |\n\nerror[E0531]: cannot find tuple struct or tuple variant `Unsigned` in this scope\n    --> serde/src/de/mod.rs:2366:13\n     |\n2366 |             Unsigned(i) => write!(formatter, \"integer `{}`\", i),\n     |             ^^^^^^^^ not found in this scope\n     |\nhelp: consider importing one of these tuple variants\n     |\n2338 +    use crate::de::Unexpected::Unsigned;\n     |\n2338 +    use crate::de::llmtests::Unexpected::Unsigned;\n     |\n\nerror[E0531]: cannot find tuple struct or tuple variant `Signed` in this scope\n    --> serde/src/de/mod.rs:2367:13\n     |\n2367 |             Signed(i) => write!(formatter, \"integer `{}`\", i),\n     |             ^^^^^^ not found in this scope\n     |\nhelp: consider importing one of these tuple variants\n     |\n2338 +    use crate::de::Unexpected::Signed;\n     |\n2338 +    use crate::de::llmtests::Unexpected::Signed;\n     |\n\nerror[E0531]: cannot find tuple struct or tuple variant `Float` in this scope\n    --> serde/src/de/mod.rs:2368:13\n     |\n2368 |             Float(f) => write!(formatter, \"floating point `{}`\", f),\n     |             ^^^^^ not found in this scope\n     |\nhelp: consider importing one of these tuple variants\n     |\n2338 +    use crate::de::Unexpected::Float;\n     |\n2338 +    use crate::de::llmtests::Unexpected::Float;\n     |\n\nerror[E0531]: cannot find tuple struct or tuple variant `Char` in this scope\n    --> serde/src/de/mod.rs:2369:13\n     |\n2369 |             Char(c) => write!(formatter, \"character `{}`\", c),\n     |             ^^^^ not found in this scope\n     |\nhelp: consider importing one of these tuple variants\n     |\n2338 +    use crate::__private::de::Content::Char;\n     |\n2338 +    use crate::de::Unexpected::Char;\n     |\n2338 +    use crate::de::llmtests::Unexpected::Char;\n     |\n\nerror[E0531]: cannot find tuple struct or tuple variant `Str` in this scope\n    --> serde/src/de/mod.rs:2370:13\n     |\n2370 |             Str(ref s) => write!(formatter, \"string {:?}\", s),\n     |             ^^^ not found in this scope\n     |\nhelp: consider importing one of these tuple variants\n     |\n2338 +    use crate::__private::de::Content::Str;\n     |\n2338 +    use crate::de::Unexpected::Str;\n     |\n2338 +    use crate::de::llmtests::Unexpected::Str;\n     |\n\nerror[E0531]: cannot find tuple struct or tuple variant `Bytes` in this scope\n    --> serde/src/de/mod.rs:2371:13\n     |\n2371 |             Bytes(_) => formatter.write_str(\"byte array\"),\n     |             ^^^^^ not found in this scope\n     |\nhelp: consider importing one of these tuple variants\n     |\n2338 +    use crate::__private::de::Content::Bytes;\n     |\n2338 +    use crate::de::Unexpected::Bytes;\n     |\n2338 +    use crate::de::llmtests::Unexpected::Bytes;\n     |\n\nerror[E0531]: cannot find tuple struct or tuple variant `Other` in this scope\n    --> serde/src/de/mod.rs:2382:13\n     |\n2382 |             Other(other) => formatter.write_str(other),\n     |             ^^^^^ not found in this scope\n     |\nhelp: consider importing one of these tuple variants\n     |\n2338 +    use crate::de::Unexpected::Other;\n     |\n2338 +    use crate::de::llmtests::Unexpected::Other;\n     |\n\nwarning: unused import: `ntest::timeout`\n    --> serde/src/de/mod.rs:2339:8\n     |\n2339 |    use ntest::timeout;\n     |        ^^^^^^^^^^^^^^\n     |\n     = note: `#[warn(unused_imports)]` on by default\n\nerror[E0658]: use of unstable library feature 'fmt_internals': internal to standard library\n    --> serde/src/de/mod.rs:2391:25\n     |\n2391 |     let mut formatter = std::fmt::Formatter::new();\n     |                         ^^^^^^^^^^^^^^^^^^^^^^^^\n     |\n     = help: add `#![feature(fmt_internals)]` to the crate attributes to enable\n     = note: this compiler was built on 2024-07-20; consider upgrading it if it is out of date\n\nerror[E0061]: this function takes 1 argument but 0 arguments were supplied\n    --> serde/src/de/mod.rs:2391:25\n     |\n2391 |     let mut formatter = std::fmt::Formatter::new();\n     |                         ^^^^^^^^^^^^^^^^^^^^^^^^-- argument #1 of type `&mut dyn std::fmt::Write` is missing\n     |\nnote: associated function defined here\n    --> /rustc/5069856495870486134dd2ca0b0e2516308c5c2a/library/core/src/fmt/mod.rs:286:12\nhelp: provide the argument\n     |\n2391 |     let mut formatter = std::fmt::Formatter::new(/* &mut dyn std::fmt::Write */);\n     |                                                 ~~~~~~~~~~~~~~~~~~~~~~~~~~~~~~~~\n\nerror[E0034]: multiple applicable items in scope\n    --> serde/src/de/mod.rs:2392:24\n     |\n2392 |     let result = value.fmt(&mut formatter);\n     |                        ^^^ multiple `fmt` found\n     |\nnote: candidate #1 is defined in an impl of the trait `de::Expected` for the type `T`\n    --> serde/src/de/mod.rs:484:5\n     |\n484  |     fn fmt(&self, formatter: &mut fmt::Formatter) -> fmt::Result {\n     |     ^^^^^^^^^^^^^^^^^^^^^^^^^^^^^^^^^^^^^^^^^^^^^^^^^^^^^^^^^^^^\nnote: candidate #2 is defined in an impl of the trait `std::fmt::Debug` for the type `llmtests::Unexpected`\n    --> serde/src/de/mod.rs:2340:10\n     |\n2340 | #[derive(Debug)]\n     |          ^^^^^\nnote: candidate #3 is defined in an impl of the trait `std::fmt::Display` for the type `llmtests::Unexpected`\n    --> serde/src/de/mod.rs:2363:5\n     |\n2363 |     fn fmt(&self, formatter: &mut std::fmt::Formatter) -> std::fmt::Result {\n     |     ^^^^^^^^^^^^^^^^^^^^^^^^^^^^^^^^^^^^^^^^^^^^^^^^^^^^^^^^^^^^^^^^^^^^^^\n     = note: this error originates in the derive macro `Debug` (in Nightly builds, run with -Z macro-backtrace for more info)\nhelp: disambiguate the method for candidate #1\n     |\n2392 |     let result = de::Expected::fmt(&value, &mut formatter);\n     |                  ~~~~~~~~~~~~~~~~~~~~~~~~~~~~~~~~~~~~~~~~~\nhelp: disambiguate the method for candidate #2\n     |\n2392 |     let result = std::fmt::Debug::fmt(&value, &mut formatter);\n     |                  ~~~~~~~~~~~~~~~~~~~~~~~~~~~~~~~~~~~~~~~~~~~~\nhelp: disambiguate the method for candidate #3\n     |\n2392 |     let result = std::fmt::Display::fmt(&value, &mut formatter);\n     |                  ~~~~~~~~~~~~~~~~~~~~~~~~~~~~~~~~~~~~~~~~~~~~~~\n\nSome errors have detailed explanations: E0034, E0061, E0531, E0658.\nFor more information about an error, try `rustc --explain E0034`.\nwarning: `serde` (lib test) generated 1 warning\nerror: could not compile `serde` (lib test) due to 11 previous errors; 1 warning emitted\n"
                }
              ],
              "repaired": [
                false
              ]
            },
            {
              "attrs": [],
              "prefix": [],
              "oracles": [],
              "codes": [
                [
                  "{",
                  "    let value = Unexpected::Seq;",
                  "    let mut formatter = std::fmt::Formatter::new();",
                  "    let result = value.fmt(&mut formatter);",
                  "    assert_eq!(result.is_ok(), true);",
                  "}"
                ]
              ],
              "can_compile": [
                {
                  "Err": "   Compiling proc-macro2 v1.0.95\n   Compiling syn v1.0.109\n   Compiling serde_derive v1.0.219 (/home/utgen/workspace/serde/serde_derive)\n   Compiling serde v1.0.219 (/home/utgen/workspace/serde/serde)\n   Compiling quote v1.0.40\n   Compiling syn v2.0.100\n   Compiling ntest_test_cases v0.9.3\n   Compiling ntest_timeout v0.9.3\n   Compiling ntest v0.9.3\nerror[E0531]: cannot find tuple struct or tuple variant `Bool` in this scope\n    --> serde/src/de/mod.rs:2365:13\n     |\n2365 |             Bool(b) => write!(formatter, \"boolean `{}`\", b),\n     |             ^^^^ not found in this scope\n     |\nhelp: consider importing one of these tuple variants\n     |\n2338 +    use crate::__private::de::Content::Bool;\n     |\n2338 +    use crate::de::Unexpected::Bool;\n     |\n2338 +    use crate::de::llmtests::Unexpected::Bool;\n     |\n\nerror[E0531]: cannot find tuple struct or tuple variant `Unsigned` in this scope\n    --> serde/src/de/mod.rs:2366:13\n     |\n2366 |             Unsigned(i) => write!(formatter, \"integer `{}`\", i),\n     |             ^^^^^^^^ not found in this scope\n     |\nhelp: consider importing one of these tuple variants\n     |\n2338 +    use crate::de::Unexpected::Unsigned;\n     |\n2338 +    use crate::de::llmtests::Unexpected::Unsigned;\n     |\n\nerror[E0531]: cannot find tuple struct or tuple variant `Signed` in this scope\n    --> serde/src/de/mod.rs:2367:13\n     |\n2367 |             Signed(i) => write!(formatter, \"integer `{}`\", i),\n     |             ^^^^^^ not found in this scope\n     |\nhelp: consider importing one of these tuple variants\n     |\n2338 +    use crate::de::Unexpected::Signed;\n     |\n2338 +    use crate::de::llmtests::Unexpected::Signed;\n     |\n\nerror[E0531]: cannot find tuple struct or tuple variant `Float` in this scope\n    --> serde/src/de/mod.rs:2368:13\n     |\n2368 |             Float(f) => write!(formatter, \"floating point `{}`\", f),\n     |             ^^^^^ not found in this scope\n     |\nhelp: consider importing one of these tuple variants\n     |\n2338 +    use crate::de::Unexpected::Float;\n     |\n2338 +    use crate::de::llmtests::Unexpected::Float;\n     |\n\nerror[E0531]: cannot find tuple struct or tuple variant `Char` in this scope\n    --> serde/src/de/mod.rs:2369:13\n     |\n2369 |             Char(c) => write!(formatter, \"character `{}`\", c),\n     |             ^^^^ not found in this scope\n     |\nhelp: consider importing one of these tuple variants\n     |\n2338 +    use crate::__private::de::Content::Char;\n     |\n2338 +    use crate::de::Unexpected::Char;\n     |\n2338 +    use crate::de::llmtests::Unexpected::Char;\n     |\n\nerror[E0531]: cannot find tuple struct or tuple variant `Str` in this scope\n    --> serde/src/de/mod.rs:2370:13\n     |\n2370 |             Str(ref s) => write!(formatter, \"string {:?}\", s),\n     |             ^^^ not found in this scope\n     |\nhelp: consider importing one of these tuple variants\n     |\n2338 +    use crate::__private::de::Content::Str;\n     |\n2338 +    use crate::de::Unexpected::Str;\n     |\n2338 +    use crate::de::llmtests::Unexpected::Str;\n     |\n\nerror[E0531]: cannot find tuple struct or tuple variant `Bytes` in this scope\n    --> serde/src/de/mod.rs:2371:13\n     |\n2371 |             Bytes(_) => formatter.write_str(\"byte array\"),\n     |             ^^^^^ not found in this scope\n     |\nhelp: consider importing one of these tuple variants\n     |\n2338 +    use crate::__private::de::Content::Bytes;\n     |\n2338 +    use crate::de::Unexpected::Bytes;\n     |\n2338 +    use crate::de::llmtests::Unexpected::Bytes;\n     |\n\nerror[E0531]: cannot find tuple struct or tuple variant `Other` in this scope\n    --> serde/src/de/mod.rs:2382:13\n     |\n2382 |             Other(other) => formatter.write_str(other),\n     |             ^^^^^ not found in this scope\n     |\nhelp: consider importing one of these tuple variants\n     |\n2338 +    use crate::de::Unexpected::Other;\n     |\n2338 +    use crate::de::llmtests::Unexpected::Other;\n     |\n\nwarning: unused import: `ntest::timeout`\n    --> serde/src/de/mod.rs:2339:8\n     |\n2339 |    use ntest::timeout;\n     |        ^^^^^^^^^^^^^^\n     |\n     = note: `#[warn(unused_imports)]` on by default\n\nerror[E0658]: use of unstable library feature 'fmt_internals': internal to standard library\n    --> serde/src/de/mod.rs:2391:25\n     |\n2391 |     let mut formatter = std::fmt::Formatter::new();\n     |                         ^^^^^^^^^^^^^^^^^^^^^^^^\n     |\n     = help: add `#![feature(fmt_internals)]` to the crate attributes to enable\n     = note: this compiler was built on 2024-07-20; consider upgrading it if it is out of date\n\nerror[E0061]: this function takes 1 argument but 0 arguments were supplied\n    --> serde/src/de/mod.rs:2391:25\n     |\n2391 |     let mut formatter = std::fmt::Formatter::new();\n     |                         ^^^^^^^^^^^^^^^^^^^^^^^^-- argument #1 of type `&mut dyn std::fmt::Write` is missing\n     |\nnote: associated function defined here\n    --> /rustc/5069856495870486134dd2ca0b0e2516308c5c2a/library/core/src/fmt/mod.rs:286:12\nhelp: provide the argument\n     |\n2391 |     let mut formatter = std::fmt::Formatter::new(/* &mut dyn std::fmt::Write */);\n     |                                                 ~~~~~~~~~~~~~~~~~~~~~~~~~~~~~~~~\n\nerror[E0034]: multiple applicable items in scope\n    --> serde/src/de/mod.rs:2392:24\n     |\n2392 |     let result = value.fmt(&mut formatter);\n     |                        ^^^ multiple `fmt` found\n     |\nnote: candidate #1 is defined in an impl of the trait `de::Expected` for the type `T`\n    --> serde/src/de/mod.rs:484:5\n     |\n484  |     fn fmt(&self, formatter: &mut fmt::Formatter) -> fmt::Result {\n     |     ^^^^^^^^^^^^^^^^^^^^^^^^^^^^^^^^^^^^^^^^^^^^^^^^^^^^^^^^^^^^\nnote: candidate #2 is defined in an impl of the trait `std::fmt::Debug` for the type `llmtests::Unexpected`\n    --> serde/src/de/mod.rs:2340:10\n     |\n2340 | #[derive(Debug)]\n     |          ^^^^^\nnote: candidate #3 is defined in an impl of the trait `std::fmt::Display` for the type `llmtests::Unexpected`\n    --> serde/src/de/mod.rs:2363:5\n     |\n2363 |     fn fmt(&self, formatter: &mut std::fmt::Formatter) -> std::fmt::Result {\n     |     ^^^^^^^^^^^^^^^^^^^^^^^^^^^^^^^^^^^^^^^^^^^^^^^^^^^^^^^^^^^^^^^^^^^^^^\n     = note: this error originates in the derive macro `Debug` (in Nightly builds, run with -Z macro-backtrace for more info)\nhelp: disambiguate the method for candidate #1\n     |\n2392 |     let result = de::Expected::fmt(&value, &mut formatter);\n     |                  ~~~~~~~~~~~~~~~~~~~~~~~~~~~~~~~~~~~~~~~~~\nhelp: disambiguate the method for candidate #2\n     |\n2392 |     let result = std::fmt::Debug::fmt(&value, &mut formatter);\n     |                  ~~~~~~~~~~~~~~~~~~~~~~~~~~~~~~~~~~~~~~~~~~~~\nhelp: disambiguate the method for candidate #3\n     |\n2392 |     let result = std::fmt::Display::fmt(&value, &mut formatter);\n     |                  ~~~~~~~~~~~~~~~~~~~~~~~~~~~~~~~~~~~~~~~~~~~~~~\n\nSome errors have detailed explanations: E0034, E0061, E0531, E0658.\nFor more information about an error, try `rustc --explain E0034`.\nwarning: `serde` (lib test) generated 1 warning\nerror: could not compile `serde` (lib test) due to 11 previous errors; 1 warning emitted\n"
                }
              ],
              "repaired": [
                false
              ]
            },
            {
              "attrs": [],
              "prefix": [],
              "oracles": [],
              "codes": [
                [
                  "{",
                  "    let value = Unexpected::Map;",
                  "    let mut formatter = std::fmt::Formatter::new();",
                  "    let result = value.fmt(&mut formatter);",
                  "    assert_eq!(result.is_ok(), true);",
                  "}"
                ]
              ],
              "can_compile": [
                {
                  "Err": "   Compiling proc-macro2 v1.0.95\n   Compiling syn v1.0.109\n   Compiling serde_derive v1.0.219 (/home/utgen/workspace/serde/serde_derive)\n   Compiling serde v1.0.219 (/home/utgen/workspace/serde/serde)\n   Compiling quote v1.0.40\n   Compiling syn v2.0.100\n   Compiling ntest_timeout v0.9.3\n   Compiling ntest_test_cases v0.9.3\n   Compiling ntest v0.9.3\nerror[E0531]: cannot find tuple struct or tuple variant `Bool` in this scope\n    --> serde/src/de/mod.rs:2365:13\n     |\n2365 |             Bool(b) => write!(formatter, \"boolean `{}`\", b),\n     |             ^^^^ not found in this scope\n     |\nhelp: consider importing one of these tuple variants\n     |\n2338 +    use crate::__private::de::Content::Bool;\n     |\n2338 +    use crate::de::Unexpected::Bool;\n     |\n2338 +    use crate::de::llmtests::Unexpected::Bool;\n     |\n\nerror[E0531]: cannot find tuple struct or tuple variant `Unsigned` in this scope\n    --> serde/src/de/mod.rs:2366:13\n     |\n2366 |             Unsigned(i) => write!(formatter, \"integer `{}`\", i),\n     |             ^^^^^^^^ not found in this scope\n     |\nhelp: consider importing one of these tuple variants\n     |\n2338 +    use crate::de::Unexpected::Unsigned;\n     |\n2338 +    use crate::de::llmtests::Unexpected::Unsigned;\n     |\n\nerror[E0531]: cannot find tuple struct or tuple variant `Signed` in this scope\n    --> serde/src/de/mod.rs:2367:13\n     |\n2367 |             Signed(i) => write!(formatter, \"integer `{}`\", i),\n     |             ^^^^^^ not found in this scope\n     |\nhelp: consider importing one of these tuple variants\n     |\n2338 +    use crate::de::Unexpected::Signed;\n     |\n2338 +    use crate::de::llmtests::Unexpected::Signed;\n     |\n\nerror[E0531]: cannot find tuple struct or tuple variant `Float` in this scope\n    --> serde/src/de/mod.rs:2368:13\n     |\n2368 |             Float(f) => write!(formatter, \"floating point `{}`\", f),\n     |             ^^^^^ not found in this scope\n     |\nhelp: consider importing one of these tuple variants\n     |\n2338 +    use crate::de::Unexpected::Float;\n     |\n2338 +    use crate::de::llmtests::Unexpected::Float;\n     |\n\nerror[E0531]: cannot find tuple struct or tuple variant `Char` in this scope\n    --> serde/src/de/mod.rs:2369:13\n     |\n2369 |             Char(c) => write!(formatter, \"character `{}`\", c),\n     |             ^^^^ not found in this scope\n     |\nhelp: consider importing one of these tuple variants\n     |\n2338 +    use crate::__private::de::Content::Char;\n     |\n2338 +    use crate::de::Unexpected::Char;\n     |\n2338 +    use crate::de::llmtests::Unexpected::Char;\n     |\n\nerror[E0531]: cannot find tuple struct or tuple variant `Str` in this scope\n    --> serde/src/de/mod.rs:2370:13\n     |\n2370 |             Str(ref s) => write!(formatter, \"string {:?}\", s),\n     |             ^^^ not found in this scope\n     |\nhelp: consider importing one of these tuple variants\n     |\n2338 +    use crate::__private::de::Content::Str;\n     |\n2338 +    use crate::de::Unexpected::Str;\n     |\n2338 +    use crate::de::llmtests::Unexpected::Str;\n     |\n\nerror[E0531]: cannot find tuple struct or tuple variant `Bytes` in this scope\n    --> serde/src/de/mod.rs:2371:13\n     |\n2371 |             Bytes(_) => formatter.write_str(\"byte array\"),\n     |             ^^^^^ not found in this scope\n     |\nhelp: consider importing one of these tuple variants\n     |\n2338 +    use crate::__private::de::Content::Bytes;\n     |\n2338 +    use crate::de::Unexpected::Bytes;\n     |\n2338 +    use crate::de::llmtests::Unexpected::Bytes;\n     |\n\nerror[E0531]: cannot find tuple struct or tuple variant `Other` in this scope\n    --> serde/src/de/mod.rs:2382:13\n     |\n2382 |             Other(other) => formatter.write_str(other),\n     |             ^^^^^ not found in this scope\n     |\nhelp: consider importing one of these tuple variants\n     |\n2338 +    use crate::de::Unexpected::Other;\n     |\n2338 +    use crate::de::llmtests::Unexpected::Other;\n     |\n\nwarning: unused import: `ntest::timeout`\n    --> serde/src/de/mod.rs:2339:8\n     |\n2339 |    use ntest::timeout;\n     |        ^^^^^^^^^^^^^^\n     |\n     = note: `#[warn(unused_imports)]` on by default\n\nerror[E0658]: use of unstable library feature 'fmt_internals': internal to standard library\n    --> serde/src/de/mod.rs:2391:25\n     |\n2391 |     let mut formatter = std::fmt::Formatter::new();\n     |                         ^^^^^^^^^^^^^^^^^^^^^^^^\n     |\n     = help: add `#![feature(fmt_internals)]` to the crate attributes to enable\n     = note: this compiler was built on 2024-07-20; consider upgrading it if it is out of date\n\nerror[E0061]: this function takes 1 argument but 0 arguments were supplied\n    --> serde/src/de/mod.rs:2391:25\n     |\n2391 |     let mut formatter = std::fmt::Formatter::new();\n     |                         ^^^^^^^^^^^^^^^^^^^^^^^^-- argument #1 of type `&mut dyn std::fmt::Write` is missing\n     |\nnote: associated function defined here\n    --> /rustc/5069856495870486134dd2ca0b0e2516308c5c2a/library/core/src/fmt/mod.rs:286:12\nhelp: provide the argument\n     |\n2391 |     let mut formatter = std::fmt::Formatter::new(/* &mut dyn std::fmt::Write */);\n     |                                                 ~~~~~~~~~~~~~~~~~~~~~~~~~~~~~~~~\n\nerror[E0034]: multiple applicable items in scope\n    --> serde/src/de/mod.rs:2392:24\n     |\n2392 |     let result = value.fmt(&mut formatter);\n     |                        ^^^ multiple `fmt` found\n     |\nnote: candidate #1 is defined in an impl of the trait `de::Expected` for the type `T`\n    --> serde/src/de/mod.rs:484:5\n     |\n484  |     fn fmt(&self, formatter: &mut fmt::Formatter) -> fmt::Result {\n     |     ^^^^^^^^^^^^^^^^^^^^^^^^^^^^^^^^^^^^^^^^^^^^^^^^^^^^^^^^^^^^\nnote: candidate #2 is defined in an impl of the trait `std::fmt::Debug` for the type `llmtests::Unexpected`\n    --> serde/src/de/mod.rs:2340:10\n     |\n2340 | #[derive(Debug)]\n     |          ^^^^^\nnote: candidate #3 is defined in an impl of the trait `std::fmt::Display` for the type `llmtests::Unexpected`\n    --> serde/src/de/mod.rs:2363:5\n     |\n2363 |     fn fmt(&self, formatter: &mut std::fmt::Formatter) -> std::fmt::Result {\n     |     ^^^^^^^^^^^^^^^^^^^^^^^^^^^^^^^^^^^^^^^^^^^^^^^^^^^^^^^^^^^^^^^^^^^^^^\n     = note: this error originates in the derive macro `Debug` (in Nightly builds, run with -Z macro-backtrace for more info)\nhelp: disambiguate the method for candidate #1\n     |\n2392 |     let result = de::Expected::fmt(&value, &mut formatter);\n     |                  ~~~~~~~~~~~~~~~~~~~~~~~~~~~~~~~~~~~~~~~~~\nhelp: disambiguate the method for candidate #2\n     |\n2392 |     let result = std::fmt::Debug::fmt(&value, &mut formatter);\n     |                  ~~~~~~~~~~~~~~~~~~~~~~~~~~~~~~~~~~~~~~~~~~~~\nhelp: disambiguate the method for candidate #3\n     |\n2392 |     let result = std::fmt::Display::fmt(&value, &mut formatter);\n     |                  ~~~~~~~~~~~~~~~~~~~~~~~~~~~~~~~~~~~~~~~~~~~~~~\n\nSome errors have detailed explanations: E0034, E0061, E0531, E0658.\nFor more information about an error, try `rustc --explain E0034`.\nwarning: `serde` (lib test) generated 1 warning\nerror: could not compile `serde` (lib test) due to 11 previous errors; 1 warning emitted\n"
                }
              ],
              "repaired": [
                false
              ]
            },
            {
              "attrs": [],
              "prefix": [],
              "oracles": [],
              "codes": [
                [
                  "{",
                  "    let value = Unexpected::Enum;",
                  "    let mut formatter = std::fmt::Formatter::new();",
                  "    let result = value.fmt(&mut formatter);",
                  "    assert_eq!(result.is_ok(), true);",
                  "}"
                ]
              ],
              "can_compile": [
                {
                  "Err": "   Compiling proc-macro2 v1.0.95\n   Compiling syn v1.0.109\n   Compiling serde_derive v1.0.219 (/home/utgen/workspace/serde/serde_derive)\n   Compiling serde v1.0.219 (/home/utgen/workspace/serde/serde)\n   Compiling quote v1.0.40\n   Compiling syn v2.0.100\n   Compiling ntest_timeout v0.9.3\n   Compiling ntest_test_cases v0.9.3\n   Compiling ntest v0.9.3\nerror[E0531]: cannot find tuple struct or tuple variant `Bool` in this scope\n    --> serde/src/de/mod.rs:2365:13\n     |\n2365 |             Bool(b) => write!(formatter, \"boolean `{}`\", b),\n     |             ^^^^ not found in this scope\n     |\nhelp: consider importing one of these tuple variants\n     |\n2338 +    use crate::__private::de::Content::Bool;\n     |\n2338 +    use crate::de::Unexpected::Bool;\n     |\n2338 +    use crate::de::llmtests::Unexpected::Bool;\n     |\n\nerror[E0531]: cannot find tuple struct or tuple variant `Unsigned` in this scope\n    --> serde/src/de/mod.rs:2366:13\n     |\n2366 |             Unsigned(i) => write!(formatter, \"integer `{}`\", i),\n     |             ^^^^^^^^ not found in this scope\n     |\nhelp: consider importing one of these tuple variants\n     |\n2338 +    use crate::de::Unexpected::Unsigned;\n     |\n2338 +    use crate::de::llmtests::Unexpected::Unsigned;\n     |\n\nerror[E0531]: cannot find tuple struct or tuple variant `Signed` in this scope\n    --> serde/src/de/mod.rs:2367:13\n     |\n2367 |             Signed(i) => write!(formatter, \"integer `{}`\", i),\n     |             ^^^^^^ not found in this scope\n     |\nhelp: consider importing one of these tuple variants\n     |\n2338 +    use crate::de::Unexpected::Signed;\n     |\n2338 +    use crate::de::llmtests::Unexpected::Signed;\n     |\n\nerror[E0531]: cannot find tuple struct or tuple variant `Float` in this scope\n    --> serde/src/de/mod.rs:2368:13\n     |\n2368 |             Float(f) => write!(formatter, \"floating point `{}`\", f),\n     |             ^^^^^ not found in this scope\n     |\nhelp: consider importing one of these tuple variants\n     |\n2338 +    use crate::de::Unexpected::Float;\n     |\n2338 +    use crate::de::llmtests::Unexpected::Float;\n     |\n\nerror[E0531]: cannot find tuple struct or tuple variant `Char` in this scope\n    --> serde/src/de/mod.rs:2369:13\n     |\n2369 |             Char(c) => write!(formatter, \"character `{}`\", c),\n     |             ^^^^ not found in this scope\n     |\nhelp: consider importing one of these tuple variants\n     |\n2338 +    use crate::__private::de::Content::Char;\n     |\n2338 +    use crate::de::Unexpected::Char;\n     |\n2338 +    use crate::de::llmtests::Unexpected::Char;\n     |\n\nerror[E0531]: cannot find tuple struct or tuple variant `Str` in this scope\n    --> serde/src/de/mod.rs:2370:13\n     |\n2370 |             Str(ref s) => write!(formatter, \"string {:?}\", s),\n     |             ^^^ not found in this scope\n     |\nhelp: consider importing one of these tuple variants\n     |\n2338 +    use crate::__private::de::Content::Str;\n     |\n2338 +    use crate::de::Unexpected::Str;\n     |\n2338 +    use crate::de::llmtests::Unexpected::Str;\n     |\n\nerror[E0531]: cannot find tuple struct or tuple variant `Bytes` in this scope\n    --> serde/src/de/mod.rs:2371:13\n     |\n2371 |             Bytes(_) => formatter.write_str(\"byte array\"),\n     |             ^^^^^ not found in this scope\n     |\nhelp: consider importing one of these tuple variants\n     |\n2338 +    use crate::__private::de::Content::Bytes;\n     |\n2338 +    use crate::de::Unexpected::Bytes;\n     |\n2338 +    use crate::de::llmtests::Unexpected::Bytes;\n     |\n\nerror[E0531]: cannot find tuple struct or tuple variant `Other` in this scope\n    --> serde/src/de/mod.rs:2382:13\n     |\n2382 |             Other(other) => formatter.write_str(other),\n     |             ^^^^^ not found in this scope\n     |\nhelp: consider importing one of these tuple variants\n     |\n2338 +    use crate::de::Unexpected::Other;\n     |\n2338 +    use crate::de::llmtests::Unexpected::Other;\n     |\n\nwarning: unused import: `ntest::timeout`\n    --> serde/src/de/mod.rs:2339:8\n     |\n2339 |    use ntest::timeout;\n     |        ^^^^^^^^^^^^^^\n     |\n     = note: `#[warn(unused_imports)]` on by default\n\nerror[E0658]: use of unstable library feature 'fmt_internals': internal to standard library\n    --> serde/src/de/mod.rs:2391:25\n     |\n2391 |     let mut formatter = std::fmt::Formatter::new();\n     |                         ^^^^^^^^^^^^^^^^^^^^^^^^\n     |\n     = help: add `#![feature(fmt_internals)]` to the crate attributes to enable\n     = note: this compiler was built on 2024-07-20; consider upgrading it if it is out of date\n\nerror[E0061]: this function takes 1 argument but 0 arguments were supplied\n    --> serde/src/de/mod.rs:2391:25\n     |\n2391 |     let mut formatter = std::fmt::Formatter::new();\n     |                         ^^^^^^^^^^^^^^^^^^^^^^^^-- argument #1 of type `&mut dyn std::fmt::Write` is missing\n     |\nnote: associated function defined here\n    --> /rustc/5069856495870486134dd2ca0b0e2516308c5c2a/library/core/src/fmt/mod.rs:286:12\nhelp: provide the argument\n     |\n2391 |     let mut formatter = std::fmt::Formatter::new(/* &mut dyn std::fmt::Write */);\n     |                                                 ~~~~~~~~~~~~~~~~~~~~~~~~~~~~~~~~\n\nerror[E0034]: multiple applicable items in scope\n    --> serde/src/de/mod.rs:2392:24\n     |\n2392 |     let result = value.fmt(&mut formatter);\n     |                        ^^^ multiple `fmt` found\n     |\nnote: candidate #1 is defined in an impl of the trait `de::Expected` for the type `T`\n    --> serde/src/de/mod.rs:484:5\n     |\n484  |     fn fmt(&self, formatter: &mut fmt::Formatter) -> fmt::Result {\n     |     ^^^^^^^^^^^^^^^^^^^^^^^^^^^^^^^^^^^^^^^^^^^^^^^^^^^^^^^^^^^^\nnote: candidate #2 is defined in an impl of the trait `std::fmt::Debug` for the type `llmtests::Unexpected`\n    --> serde/src/de/mod.rs:2340:10\n     |\n2340 | #[derive(Debug)]\n     |          ^^^^^\nnote: candidate #3 is defined in an impl of the trait `std::fmt::Display` for the type `llmtests::Unexpected`\n    --> serde/src/de/mod.rs:2363:5\n     |\n2363 |     fn fmt(&self, formatter: &mut std::fmt::Formatter) -> std::fmt::Result {\n     |     ^^^^^^^^^^^^^^^^^^^^^^^^^^^^^^^^^^^^^^^^^^^^^^^^^^^^^^^^^^^^^^^^^^^^^^\n     = note: this error originates in the derive macro `Debug` (in Nightly builds, run with -Z macro-backtrace for more info)\nhelp: disambiguate the method for candidate #1\n     |\n2392 |     let result = de::Expected::fmt(&value, &mut formatter);\n     |                  ~~~~~~~~~~~~~~~~~~~~~~~~~~~~~~~~~~~~~~~~~\nhelp: disambiguate the method for candidate #2\n     |\n2392 |     let result = std::fmt::Debug::fmt(&value, &mut formatter);\n     |                  ~~~~~~~~~~~~~~~~~~~~~~~~~~~~~~~~~~~~~~~~~~~~\nhelp: disambiguate the method for candidate #3\n     |\n2392 |     let result = std::fmt::Display::fmt(&value, &mut formatter);\n     |                  ~~~~~~~~~~~~~~~~~~~~~~~~~~~~~~~~~~~~~~~~~~~~~~\n\nSome errors have detailed explanations: E0034, E0061, E0531, E0658.\nFor more information about an error, try `rustc --explain E0034`.\nwarning: `serde` (lib test) generated 1 warning\nerror: could not compile `serde` (lib test) due to 11 previous errors; 1 warning emitted\n"
                }
              ],
              "repaired": [
                false
              ]
            },
            {
              "attrs": [],
              "prefix": [],
              "oracles": [],
              "codes": [
                [
                  "{",
                  "    let value = Unexpected::UnitVariant;",
                  "    let mut formatter = std::fmt::Formatter::new();",
                  "    let result = value.fmt(&mut formatter);",
                  "    assert_eq!(result.is_ok(), true);",
                  "}"
                ]
              ],
              "can_compile": [
                {
                  "Err": "   Compiling proc-macro2 v1.0.95\n   Compiling syn v1.0.109\n   Compiling serde_derive v1.0.219 (/home/utgen/workspace/serde/serde_derive)\n   Compiling serde v1.0.219 (/home/utgen/workspace/serde/serde)\n   Compiling quote v1.0.40\n   Compiling syn v2.0.100\n   Compiling ntest_timeout v0.9.3\n   Compiling ntest_test_cases v0.9.3\n   Compiling ntest v0.9.3\nerror[E0531]: cannot find tuple struct or tuple variant `Bool` in this scope\n    --> serde/src/de/mod.rs:2365:13\n     |\n2365 |             Bool(b) => write!(formatter, \"boolean `{}`\", b),\n     |             ^^^^ not found in this scope\n     |\nhelp: consider importing one of these tuple variants\n     |\n2338 +    use crate::__private::de::Content::Bool;\n     |\n2338 +    use crate::de::Unexpected::Bool;\n     |\n2338 +    use crate::de::llmtests::Unexpected::Bool;\n     |\n\nerror[E0531]: cannot find tuple struct or tuple variant `Unsigned` in this scope\n    --> serde/src/de/mod.rs:2366:13\n     |\n2366 |             Unsigned(i) => write!(formatter, \"integer `{}`\", i),\n     |             ^^^^^^^^ not found in this scope\n     |\nhelp: consider importing one of these tuple variants\n     |\n2338 +    use crate::de::Unexpected::Unsigned;\n     |\n2338 +    use crate::de::llmtests::Unexpected::Unsigned;\n     |\n\nerror[E0531]: cannot find tuple struct or tuple variant `Signed` in this scope\n    --> serde/src/de/mod.rs:2367:13\n     |\n2367 |             Signed(i) => write!(formatter, \"integer `{}`\", i),\n     |             ^^^^^^ not found in this scope\n     |\nhelp: consider importing one of these tuple variants\n     |\n2338 +    use crate::de::Unexpected::Signed;\n     |\n2338 +    use crate::de::llmtests::Unexpected::Signed;\n     |\n\nerror[E0531]: cannot find tuple struct or tuple variant `Float` in this scope\n    --> serde/src/de/mod.rs:2368:13\n     |\n2368 |             Float(f) => write!(formatter, \"floating point `{}`\", f),\n     |             ^^^^^ not found in this scope\n     |\nhelp: consider importing one of these tuple variants\n     |\n2338 +    use crate::de::Unexpected::Float;\n     |\n2338 +    use crate::de::llmtests::Unexpected::Float;\n     |\n\nerror[E0531]: cannot find tuple struct or tuple variant `Char` in this scope\n    --> serde/src/de/mod.rs:2369:13\n     |\n2369 |             Char(c) => write!(formatter, \"character `{}`\", c),\n     |             ^^^^ not found in this scope\n     |\nhelp: consider importing one of these tuple variants\n     |\n2338 +    use crate::__private::de::Content::Char;\n     |\n2338 +    use crate::de::Unexpected::Char;\n     |\n2338 +    use crate::de::llmtests::Unexpected::Char;\n     |\n\nerror[E0531]: cannot find tuple struct or tuple variant `Str` in this scope\n    --> serde/src/de/mod.rs:2370:13\n     |\n2370 |             Str(ref s) => write!(formatter, \"string {:?}\", s),\n     |             ^^^ not found in this scope\n     |\nhelp: consider importing one of these tuple variants\n     |\n2338 +    use crate::__private::de::Content::Str;\n     |\n2338 +    use crate::de::Unexpected::Str;\n     |\n2338 +    use crate::de::llmtests::Unexpected::Str;\n     |\n\nerror[E0531]: cannot find tuple struct or tuple variant `Bytes` in this scope\n    --> serde/src/de/mod.rs:2371:13\n     |\n2371 |             Bytes(_) => formatter.write_str(\"byte array\"),\n     |             ^^^^^ not found in this scope\n     |\nhelp: consider importing one of these tuple variants\n     |\n2338 +    use crate::__private::de::Content::Bytes;\n     |\n2338 +    use crate::de::Unexpected::Bytes;\n     |\n2338 +    use crate::de::llmtests::Unexpected::Bytes;\n     |\n\nerror[E0531]: cannot find tuple struct or tuple variant `Other` in this scope\n    --> serde/src/de/mod.rs:2382:13\n     |\n2382 |             Other(other) => formatter.write_str(other),\n     |             ^^^^^ not found in this scope\n     |\nhelp: consider importing one of these tuple variants\n     |\n2338 +    use crate::de::Unexpected::Other;\n     |\n2338 +    use crate::de::llmtests::Unexpected::Other;\n     |\n\nwarning: unused import: `ntest::timeout`\n    --> serde/src/de/mod.rs:2339:8\n     |\n2339 |    use ntest::timeout;\n     |        ^^^^^^^^^^^^^^\n     |\n     = note: `#[warn(unused_imports)]` on by default\n\nerror[E0658]: use of unstable library feature 'fmt_internals': internal to standard library\n    --> serde/src/de/mod.rs:2391:25\n     |\n2391 |     let mut formatter = std::fmt::Formatter::new();\n     |                         ^^^^^^^^^^^^^^^^^^^^^^^^\n     |\n     = help: add `#![feature(fmt_internals)]` to the crate attributes to enable\n     = note: this compiler was built on 2024-07-20; consider upgrading it if it is out of date\n\nerror[E0061]: this function takes 1 argument but 0 arguments were supplied\n    --> serde/src/de/mod.rs:2391:25\n     |\n2391 |     let mut formatter = std::fmt::Formatter::new();\n     |                         ^^^^^^^^^^^^^^^^^^^^^^^^-- argument #1 of type `&mut dyn std::fmt::Write` is missing\n     |\nnote: associated function defined here\n    --> /rustc/5069856495870486134dd2ca0b0e2516308c5c2a/library/core/src/fmt/mod.rs:286:12\nhelp: provide the argument\n     |\n2391 |     let mut formatter = std::fmt::Formatter::new(/* &mut dyn std::fmt::Write */);\n     |                                                 ~~~~~~~~~~~~~~~~~~~~~~~~~~~~~~~~\n\nerror[E0034]: multiple applicable items in scope\n    --> serde/src/de/mod.rs:2392:24\n     |\n2392 |     let result = value.fmt(&mut formatter);\n     |                        ^^^ multiple `fmt` found\n     |\nnote: candidate #1 is defined in an impl of the trait `de::Expected` for the type `T`\n    --> serde/src/de/mod.rs:484:5\n     |\n484  |     fn fmt(&self, formatter: &mut fmt::Formatter) -> fmt::Result {\n     |     ^^^^^^^^^^^^^^^^^^^^^^^^^^^^^^^^^^^^^^^^^^^^^^^^^^^^^^^^^^^^\nnote: candidate #2 is defined in an impl of the trait `std::fmt::Debug` for the type `llmtests::Unexpected`\n    --> serde/src/de/mod.rs:2340:10\n     |\n2340 | #[derive(Debug)]\n     |          ^^^^^\nnote: candidate #3 is defined in an impl of the trait `std::fmt::Display` for the type `llmtests::Unexpected`\n    --> serde/src/de/mod.rs:2363:5\n     |\n2363 |     fn fmt(&self, formatter: &mut std::fmt::Formatter) -> std::fmt::Result {\n     |     ^^^^^^^^^^^^^^^^^^^^^^^^^^^^^^^^^^^^^^^^^^^^^^^^^^^^^^^^^^^^^^^^^^^^^^\n     = note: this error originates in the derive macro `Debug` (in Nightly builds, run with -Z macro-backtrace for more info)\nhelp: disambiguate the method for candidate #1\n     |\n2392 |     let result = de::Expected::fmt(&value, &mut formatter);\n     |                  ~~~~~~~~~~~~~~~~~~~~~~~~~~~~~~~~~~~~~~~~~\nhelp: disambiguate the method for candidate #2\n     |\n2392 |     let result = std::fmt::Debug::fmt(&value, &mut formatter);\n     |                  ~~~~~~~~~~~~~~~~~~~~~~~~~~~~~~~~~~~~~~~~~~~~\nhelp: disambiguate the method for candidate #3\n     |\n2392 |     let result = std::fmt::Display::fmt(&value, &mut formatter);\n     |                  ~~~~~~~~~~~~~~~~~~~~~~~~~~~~~~~~~~~~~~~~~~~~~~\n\nSome errors have detailed explanations: E0034, E0061, E0531, E0658.\nFor more information about an error, try `rustc --explain E0034`.\nwarning: `serde` (lib test) generated 1 warning\nerror: could not compile `serde` (lib test) due to 11 previous errors; 1 warning emitted\n"
                }
              ],
              "repaired": [
                false
              ]
            },
            {
              "attrs": [],
              "prefix": [],
              "oracles": [],
              "codes": [
                [
                  "{",
                  "    let value = Unexpected::NewtypeVariant;",
                  "    let mut formatter = std::fmt::Formatter::new();",
                  "    let result = value.fmt(&mut formatter);",
                  "    assert_eq!(result.is_ok(), true);",
                  "}"
                ]
              ],
              "can_compile": [
                {
                  "Err": "   Compiling proc-macro2 v1.0.95\n   Compiling syn v1.0.109\n   Compiling serde_derive v1.0.219 (/home/utgen/workspace/serde/serde_derive)\n   Compiling serde v1.0.219 (/home/utgen/workspace/serde/serde)\n   Compiling quote v1.0.40\n   Compiling syn v2.0.100\n   Compiling ntest_timeout v0.9.3\n   Compiling ntest_test_cases v0.9.3\n   Compiling ntest v0.9.3\nerror[E0531]: cannot find tuple struct or tuple variant `Bool` in this scope\n    --> serde/src/de/mod.rs:2365:13\n     |\n2365 |             Bool(b) => write!(formatter, \"boolean `{}`\", b),\n     |             ^^^^ not found in this scope\n     |\nhelp: consider importing one of these tuple variants\n     |\n2338 +    use crate::__private::de::Content::Bool;\n     |\n2338 +    use crate::de::Unexpected::Bool;\n     |\n2338 +    use crate::de::llmtests::Unexpected::Bool;\n     |\n\nerror[E0531]: cannot find tuple struct or tuple variant `Unsigned` in this scope\n    --> serde/src/de/mod.rs:2366:13\n     |\n2366 |             Unsigned(i) => write!(formatter, \"integer `{}`\", i),\n     |             ^^^^^^^^ not found in this scope\n     |\nhelp: consider importing one of these tuple variants\n     |\n2338 +    use crate::de::Unexpected::Unsigned;\n     |\n2338 +    use crate::de::llmtests::Unexpected::Unsigned;\n     |\n\nerror[E0531]: cannot find tuple struct or tuple variant `Signed` in this scope\n    --> serde/src/de/mod.rs:2367:13\n     |\n2367 |             Signed(i) => write!(formatter, \"integer `{}`\", i),\n     |             ^^^^^^ not found in this scope\n     |\nhelp: consider importing one of these tuple variants\n     |\n2338 +    use crate::de::Unexpected::Signed;\n     |\n2338 +    use crate::de::llmtests::Unexpected::Signed;\n     |\n\nerror[E0531]: cannot find tuple struct or tuple variant `Float` in this scope\n    --> serde/src/de/mod.rs:2368:13\n     |\n2368 |             Float(f) => write!(formatter, \"floating point `{}`\", f),\n     |             ^^^^^ not found in this scope\n     |\nhelp: consider importing one of these tuple variants\n     |\n2338 +    use crate::de::Unexpected::Float;\n     |\n2338 +    use crate::de::llmtests::Unexpected::Float;\n     |\n\nerror[E0531]: cannot find tuple struct or tuple variant `Char` in this scope\n    --> serde/src/de/mod.rs:2369:13\n     |\n2369 |             Char(c) => write!(formatter, \"character `{}`\", c),\n     |             ^^^^ not found in this scope\n     |\nhelp: consider importing one of these tuple variants\n     |\n2338 +    use crate::__private::de::Content::Char;\n     |\n2338 +    use crate::de::Unexpected::Char;\n     |\n2338 +    use crate::de::llmtests::Unexpected::Char;\n     |\n\nerror[E0531]: cannot find tuple struct or tuple variant `Str` in this scope\n    --> serde/src/de/mod.rs:2370:13\n     |\n2370 |             Str(ref s) => write!(formatter, \"string {:?}\", s),\n     |             ^^^ not found in this scope\n     |\nhelp: consider importing one of these tuple variants\n     |\n2338 +    use crate::__private::de::Content::Str;\n     |\n2338 +    use crate::de::Unexpected::Str;\n     |\n2338 +    use crate::de::llmtests::Unexpected::Str;\n     |\n\nerror[E0531]: cannot find tuple struct or tuple variant `Bytes` in this scope\n    --> serde/src/de/mod.rs:2371:13\n     |\n2371 |             Bytes(_) => formatter.write_str(\"byte array\"),\n     |             ^^^^^ not found in this scope\n     |\nhelp: consider importing one of these tuple variants\n     |\n2338 +    use crate::__private::de::Content::Bytes;\n     |\n2338 +    use crate::de::Unexpected::Bytes;\n     |\n2338 +    use crate::de::llmtests::Unexpected::Bytes;\n     |\n\nerror[E0531]: cannot find tuple struct or tuple variant `Other` in this scope\n    --> serde/src/de/mod.rs:2382:13\n     |\n2382 |             Other(other) => formatter.write_str(other),\n     |             ^^^^^ not found in this scope\n     |\nhelp: consider importing one of these tuple variants\n     |\n2338 +    use crate::de::Unexpected::Other;\n     |\n2338 +    use crate::de::llmtests::Unexpected::Other;\n     |\n\nwarning: unused import: `ntest::timeout`\n    --> serde/src/de/mod.rs:2339:8\n     |\n2339 |    use ntest::timeout;\n     |        ^^^^^^^^^^^^^^\n     |\n     = note: `#[warn(unused_imports)]` on by default\n\nerror[E0658]: use of unstable library feature 'fmt_internals': internal to standard library\n    --> serde/src/de/mod.rs:2391:25\n     |\n2391 |     let mut formatter = std::fmt::Formatter::new();\n     |                         ^^^^^^^^^^^^^^^^^^^^^^^^\n     |\n     = help: add `#![feature(fmt_internals)]` to the crate attributes to enable\n     = note: this compiler was built on 2024-07-20; consider upgrading it if it is out of date\n\nerror[E0061]: this function takes 1 argument but 0 arguments were supplied\n    --> serde/src/de/mod.rs:2391:25\n     |\n2391 |     let mut formatter = std::fmt::Formatter::new();\n     |                         ^^^^^^^^^^^^^^^^^^^^^^^^-- argument #1 of type `&mut dyn std::fmt::Write` is missing\n     |\nnote: associated function defined here\n    --> /rustc/5069856495870486134dd2ca0b0e2516308c5c2a/library/core/src/fmt/mod.rs:286:12\nhelp: provide the argument\n     |\n2391 |     let mut formatter = std::fmt::Formatter::new(/* &mut dyn std::fmt::Write */);\n     |                                                 ~~~~~~~~~~~~~~~~~~~~~~~~~~~~~~~~\n\nerror[E0034]: multiple applicable items in scope\n    --> serde/src/de/mod.rs:2392:24\n     |\n2392 |     let result = value.fmt(&mut formatter);\n     |                        ^^^ multiple `fmt` found\n     |\nnote: candidate #1 is defined in an impl of the trait `de::Expected` for the type `T`\n    --> serde/src/de/mod.rs:484:5\n     |\n484  |     fn fmt(&self, formatter: &mut fmt::Formatter) -> fmt::Result {\n     |     ^^^^^^^^^^^^^^^^^^^^^^^^^^^^^^^^^^^^^^^^^^^^^^^^^^^^^^^^^^^^\nnote: candidate #2 is defined in an impl of the trait `std::fmt::Debug` for the type `llmtests::Unexpected`\n    --> serde/src/de/mod.rs:2340:10\n     |\n2340 | #[derive(Debug)]\n     |          ^^^^^\nnote: candidate #3 is defined in an impl of the trait `std::fmt::Display` for the type `llmtests::Unexpected`\n    --> serde/src/de/mod.rs:2363:5\n     |\n2363 |     fn fmt(&self, formatter: &mut std::fmt::Formatter) -> std::fmt::Result {\n     |     ^^^^^^^^^^^^^^^^^^^^^^^^^^^^^^^^^^^^^^^^^^^^^^^^^^^^^^^^^^^^^^^^^^^^^^\n     = note: this error originates in the derive macro `Debug` (in Nightly builds, run with -Z macro-backtrace for more info)\nhelp: disambiguate the method for candidate #1\n     |\n2392 |     let result = de::Expected::fmt(&value, &mut formatter);\n     |                  ~~~~~~~~~~~~~~~~~~~~~~~~~~~~~~~~~~~~~~~~~\nhelp: disambiguate the method for candidate #2\n     |\n2392 |     let result = std::fmt::Debug::fmt(&value, &mut formatter);\n     |                  ~~~~~~~~~~~~~~~~~~~~~~~~~~~~~~~~~~~~~~~~~~~~\nhelp: disambiguate the method for candidate #3\n     |\n2392 |     let result = std::fmt::Display::fmt(&value, &mut formatter);\n     |                  ~~~~~~~~~~~~~~~~~~~~~~~~~~~~~~~~~~~~~~~~~~~~~~\n\nSome errors have detailed explanations: E0034, E0061, E0531, E0658.\nFor more information about an error, try `rustc --explain E0034`.\nwarning: `serde` (lib test) generated 1 warning\nerror: could not compile `serde` (lib test) due to 11 previous errors; 1 warning emitted\n"
                }
              ],
              "repaired": [
                false
              ]
            },
            {
              "attrs": [],
              "prefix": [],
              "oracles": [],
              "codes": [
                [
                  "{",
                  "    let value = Unexpected::TupleVariant;",
                  "    let mut formatter = std::fmt::Formatter::new();",
                  "    let result = value.fmt(&mut formatter);",
                  "    assert_eq!(result.is_ok(), true);",
                  "}"
                ]
              ],
              "can_compile": [
                {
                  "Err": "   Compiling proc-macro2 v1.0.95\n   Compiling syn v1.0.109\n   Compiling serde_derive v1.0.219 (/home/utgen/workspace/serde/serde_derive)\n   Compiling serde v1.0.219 (/home/utgen/workspace/serde/serde)\n   Compiling quote v1.0.40\n   Compiling syn v2.0.100\n   Compiling ntest_timeout v0.9.3\n   Compiling ntest_test_cases v0.9.3\n   Compiling ntest v0.9.3\nerror[E0531]: cannot find tuple struct or tuple variant `Bool` in this scope\n    --> serde/src/de/mod.rs:2365:13\n     |\n2365 |             Bool(b) => write!(formatter, \"boolean `{}`\", b),\n     |             ^^^^ not found in this scope\n     |\nhelp: consider importing one of these tuple variants\n     |\n2338 +    use crate::__private::de::Content::Bool;\n     |\n2338 +    use crate::de::Unexpected::Bool;\n     |\n2338 +    use crate::de::llmtests::Unexpected::Bool;\n     |\n\nerror[E0531]: cannot find tuple struct or tuple variant `Unsigned` in this scope\n    --> serde/src/de/mod.rs:2366:13\n     |\n2366 |             Unsigned(i) => write!(formatter, \"integer `{}`\", i),\n     |             ^^^^^^^^ not found in this scope\n     |\nhelp: consider importing one of these tuple variants\n     |\n2338 +    use crate::de::Unexpected::Unsigned;\n     |\n2338 +    use crate::de::llmtests::Unexpected::Unsigned;\n     |\n\nerror[E0531]: cannot find tuple struct or tuple variant `Signed` in this scope\n    --> serde/src/de/mod.rs:2367:13\n     |\n2367 |             Signed(i) => write!(formatter, \"integer `{}`\", i),\n     |             ^^^^^^ not found in this scope\n     |\nhelp: consider importing one of these tuple variants\n     |\n2338 +    use crate::de::Unexpected::Signed;\n     |\n2338 +    use crate::de::llmtests::Unexpected::Signed;\n     |\n\nerror[E0531]: cannot find tuple struct or tuple variant `Float` in this scope\n    --> serde/src/de/mod.rs:2368:13\n     |\n2368 |             Float(f) => write!(formatter, \"floating point `{}`\", f),\n     |             ^^^^^ not found in this scope\n     |\nhelp: consider importing one of these tuple variants\n     |\n2338 +    use crate::de::Unexpected::Float;\n     |\n2338 +    use crate::de::llmtests::Unexpected::Float;\n     |\n\nerror[E0531]: cannot find tuple struct or tuple variant `Char` in this scope\n    --> serde/src/de/mod.rs:2369:13\n     |\n2369 |             Char(c) => write!(formatter, \"character `{}`\", c),\n     |             ^^^^ not found in this scope\n     |\nhelp: consider importing one of these tuple variants\n     |\n2338 +    use crate::__private::de::Content::Char;\n     |\n2338 +    use crate::de::Unexpected::Char;\n     |\n2338 +    use crate::de::llmtests::Unexpected::Char;\n     |\n\nerror[E0531]: cannot find tuple struct or tuple variant `Str` in this scope\n    --> serde/src/de/mod.rs:2370:13\n     |\n2370 |             Str(ref s) => write!(formatter, \"string {:?}\", s),\n     |             ^^^ not found in this scope\n     |\nhelp: consider importing one of these tuple variants\n     |\n2338 +    use crate::__private::de::Content::Str;\n     |\n2338 +    use crate::de::Unexpected::Str;\n     |\n2338 +    use crate::de::llmtests::Unexpected::Str;\n     |\n\nerror[E0531]: cannot find tuple struct or tuple variant `Bytes` in this scope\n    --> serde/src/de/mod.rs:2371:13\n     |\n2371 |             Bytes(_) => formatter.write_str(\"byte array\"),\n     |             ^^^^^ not found in this scope\n     |\nhelp: consider importing one of these tuple variants\n     |\n2338 +    use crate::__private::de::Content::Bytes;\n     |\n2338 +    use crate::de::Unexpected::Bytes;\n     |\n2338 +    use crate::de::llmtests::Unexpected::Bytes;\n     |\n\nerror[E0531]: cannot find tuple struct or tuple variant `Other` in this scope\n    --> serde/src/de/mod.rs:2382:13\n     |\n2382 |             Other(other) => formatter.write_str(other),\n     |             ^^^^^ not found in this scope\n     |\nhelp: consider importing one of these tuple variants\n     |\n2338 +    use crate::de::Unexpected::Other;\n     |\n2338 +    use crate::de::llmtests::Unexpected::Other;\n     |\n\nwarning: unused import: `ntest::timeout`\n    --> serde/src/de/mod.rs:2339:8\n     |\n2339 |    use ntest::timeout;\n     |        ^^^^^^^^^^^^^^\n     |\n     = note: `#[warn(unused_imports)]` on by default\n\nerror[E0658]: use of unstable library feature 'fmt_internals': internal to standard library\n    --> serde/src/de/mod.rs:2391:25\n     |\n2391 |     let mut formatter = std::fmt::Formatter::new();\n     |                         ^^^^^^^^^^^^^^^^^^^^^^^^\n     |\n     = help: add `#![feature(fmt_internals)]` to the crate attributes to enable\n     = note: this compiler was built on 2024-07-20; consider upgrading it if it is out of date\n\nerror[E0061]: this function takes 1 argument but 0 arguments were supplied\n    --> serde/src/de/mod.rs:2391:25\n     |\n2391 |     let mut formatter = std::fmt::Formatter::new();\n     |                         ^^^^^^^^^^^^^^^^^^^^^^^^-- argument #1 of type `&mut dyn std::fmt::Write` is missing\n     |\nnote: associated function defined here\n    --> /rustc/5069856495870486134dd2ca0b0e2516308c5c2a/library/core/src/fmt/mod.rs:286:12\nhelp: provide the argument\n     |\n2391 |     let mut formatter = std::fmt::Formatter::new(/* &mut dyn std::fmt::Write */);\n     |                                                 ~~~~~~~~~~~~~~~~~~~~~~~~~~~~~~~~\n\nerror[E0034]: multiple applicable items in scope\n    --> serde/src/de/mod.rs:2392:24\n     |\n2392 |     let result = value.fmt(&mut formatter);\n     |                        ^^^ multiple `fmt` found\n     |\nnote: candidate #1 is defined in an impl of the trait `de::Expected` for the type `T`\n    --> serde/src/de/mod.rs:484:5\n     |\n484  |     fn fmt(&self, formatter: &mut fmt::Formatter) -> fmt::Result {\n     |     ^^^^^^^^^^^^^^^^^^^^^^^^^^^^^^^^^^^^^^^^^^^^^^^^^^^^^^^^^^^^\nnote: candidate #2 is defined in an impl of the trait `std::fmt::Debug` for the type `llmtests::Unexpected`\n    --> serde/src/de/mod.rs:2340:10\n     |\n2340 | #[derive(Debug)]\n     |          ^^^^^\nnote: candidate #3 is defined in an impl of the trait `std::fmt::Display` for the type `llmtests::Unexpected`\n    --> serde/src/de/mod.rs:2363:5\n     |\n2363 |     fn fmt(&self, formatter: &mut std::fmt::Formatter) -> std::fmt::Result {\n     |     ^^^^^^^^^^^^^^^^^^^^^^^^^^^^^^^^^^^^^^^^^^^^^^^^^^^^^^^^^^^^^^^^^^^^^^\n     = note: this error originates in the derive macro `Debug` (in Nightly builds, run with -Z macro-backtrace for more info)\nhelp: disambiguate the method for candidate #1\n     |\n2392 |     let result = de::Expected::fmt(&value, &mut formatter);\n     |                  ~~~~~~~~~~~~~~~~~~~~~~~~~~~~~~~~~~~~~~~~~\nhelp: disambiguate the method for candidate #2\n     |\n2392 |     let result = std::fmt::Debug::fmt(&value, &mut formatter);\n     |                  ~~~~~~~~~~~~~~~~~~~~~~~~~~~~~~~~~~~~~~~~~~~~\nhelp: disambiguate the method for candidate #3\n     |\n2392 |     let result = std::fmt::Display::fmt(&value, &mut formatter);\n     |                  ~~~~~~~~~~~~~~~~~~~~~~~~~~~~~~~~~~~~~~~~~~~~~~\n\nSome errors have detailed explanations: E0034, E0061, E0531, E0658.\nFor more information about an error, try `rustc --explain E0034`.\nwarning: `serde` (lib test) generated 1 warning\nerror: could not compile `serde` (lib test) due to 11 previous errors; 1 warning emitted\n"
                }
              ],
              "repaired": [
                false
              ]
            },
            {
              "attrs": [],
              "prefix": [],
              "oracles": [],
              "codes": [
                [
                  "{",
                  "    let value = Unexpected::StructVariant;",
                  "    let mut formatter = std::fmt::Formatter::new();",
                  "    let result = value.fmt(&mut formatter);",
                  "    assert_eq!(result.is_ok(), true);",
                  "}"
                ]
              ],
              "can_compile": [
                {
                  "Err": "   Compiling proc-macro2 v1.0.95\n   Compiling syn v1.0.109\n   Compiling serde_derive v1.0.219 (/home/utgen/workspace/serde/serde_derive)\n   Compiling serde v1.0.219 (/home/utgen/workspace/serde/serde)\n   Compiling quote v1.0.40\n   Compiling syn v2.0.100\n   Compiling ntest_test_cases v0.9.3\n   Compiling ntest_timeout v0.9.3\n   Compiling ntest v0.9.3\nerror[E0531]: cannot find tuple struct or tuple variant `Bool` in this scope\n    --> serde/src/de/mod.rs:2365:13\n     |\n2365 |             Bool(b) => write!(formatter, \"boolean `{}`\", b),\n     |             ^^^^ not found in this scope\n     |\nhelp: consider importing one of these tuple variants\n     |\n2338 +    use crate::__private::de::Content::Bool;\n     |\n2338 +    use crate::de::Unexpected::Bool;\n     |\n2338 +    use crate::de::llmtests::Unexpected::Bool;\n     |\n\nerror[E0531]: cannot find tuple struct or tuple variant `Unsigned` in this scope\n    --> serde/src/de/mod.rs:2366:13\n     |\n2366 |             Unsigned(i) => write!(formatter, \"integer `{}`\", i),\n     |             ^^^^^^^^ not found in this scope\n     |\nhelp: consider importing one of these tuple variants\n     |\n2338 +    use crate::de::Unexpected::Unsigned;\n     |\n2338 +    use crate::de::llmtests::Unexpected::Unsigned;\n     |\n\nerror[E0531]: cannot find tuple struct or tuple variant `Signed` in this scope\n    --> serde/src/de/mod.rs:2367:13\n     |\n2367 |             Signed(i) => write!(formatter, \"integer `{}`\", i),\n     |             ^^^^^^ not found in this scope\n     |\nhelp: consider importing one of these tuple variants\n     |\n2338 +    use crate::de::Unexpected::Signed;\n     |\n2338 +    use crate::de::llmtests::Unexpected::Signed;\n     |\n\nerror[E0531]: cannot find tuple struct or tuple variant `Float` in this scope\n    --> serde/src/de/mod.rs:2368:13\n     |\n2368 |             Float(f) => write!(formatter, \"floating point `{}`\", f),\n     |             ^^^^^ not found in this scope\n     |\nhelp: consider importing one of these tuple variants\n     |\n2338 +    use crate::de::Unexpected::Float;\n     |\n2338 +    use crate::de::llmtests::Unexpected::Float;\n     |\n\nerror[E0531]: cannot find tuple struct or tuple variant `Char` in this scope\n    --> serde/src/de/mod.rs:2369:13\n     |\n2369 |             Char(c) => write!(formatter, \"character `{}`\", c),\n     |             ^^^^ not found in this scope\n     |\nhelp: consider importing one of these tuple variants\n     |\n2338 +    use crate::__private::de::Content::Char;\n     |\n2338 +    use crate::de::Unexpected::Char;\n     |\n2338 +    use crate::de::llmtests::Unexpected::Char;\n     |\n\nerror[E0531]: cannot find tuple struct or tuple variant `Str` in this scope\n    --> serde/src/de/mod.rs:2370:13\n     |\n2370 |             Str(ref s) => write!(formatter, \"string {:?}\", s),\n     |             ^^^ not found in this scope\n     |\nhelp: consider importing one of these tuple variants\n     |\n2338 +    use crate::__private::de::Content::Str;\n     |\n2338 +    use crate::de::Unexpected::Str;\n     |\n2338 +    use crate::de::llmtests::Unexpected::Str;\n     |\n\nerror[E0531]: cannot find tuple struct or tuple variant `Bytes` in this scope\n    --> serde/src/de/mod.rs:2371:13\n     |\n2371 |             Bytes(_) => formatter.write_str(\"byte array\"),\n     |             ^^^^^ not found in this scope\n     |\nhelp: consider importing one of these tuple variants\n     |\n2338 +    use crate::__private::de::Content::Bytes;\n     |\n2338 +    use crate::de::Unexpected::Bytes;\n     |\n2338 +    use crate::de::llmtests::Unexpected::Bytes;\n     |\n\nerror[E0531]: cannot find tuple struct or tuple variant `Other` in this scope\n    --> serde/src/de/mod.rs:2382:13\n     |\n2382 |             Other(other) => formatter.write_str(other),\n     |             ^^^^^ not found in this scope\n     |\nhelp: consider importing one of these tuple variants\n     |\n2338 +    use crate::de::Unexpected::Other;\n     |\n2338 +    use crate::de::llmtests::Unexpected::Other;\n     |\n\nwarning: unused import: `ntest::timeout`\n    --> serde/src/de/mod.rs:2339:8\n     |\n2339 |    use ntest::timeout;\n     |        ^^^^^^^^^^^^^^\n     |\n     = note: `#[warn(unused_imports)]` on by default\n\nerror[E0658]: use of unstable library feature 'fmt_internals': internal to standard library\n    --> serde/src/de/mod.rs:2391:25\n     |\n2391 |     let mut formatter = std::fmt::Formatter::new();\n     |                         ^^^^^^^^^^^^^^^^^^^^^^^^\n     |\n     = help: add `#![feature(fmt_internals)]` to the crate attributes to enable\n     = note: this compiler was built on 2024-07-20; consider upgrading it if it is out of date\n\nerror[E0061]: this function takes 1 argument but 0 arguments were supplied\n    --> serde/src/de/mod.rs:2391:25\n     |\n2391 |     let mut formatter = std::fmt::Formatter::new();\n     |                         ^^^^^^^^^^^^^^^^^^^^^^^^-- argument #1 of type `&mut dyn std::fmt::Write` is missing\n     |\nnote: associated function defined here\n    --> /rustc/5069856495870486134dd2ca0b0e2516308c5c2a/library/core/src/fmt/mod.rs:286:12\nhelp: provide the argument\n     |\n2391 |     let mut formatter = std::fmt::Formatter::new(/* &mut dyn std::fmt::Write */);\n     |                                                 ~~~~~~~~~~~~~~~~~~~~~~~~~~~~~~~~\n\nerror[E0034]: multiple applicable items in scope\n    --> serde/src/de/mod.rs:2392:24\n     |\n2392 |     let result = value.fmt(&mut formatter);\n     |                        ^^^ multiple `fmt` found\n     |\nnote: candidate #1 is defined in an impl of the trait `de::Expected` for the type `T`\n    --> serde/src/de/mod.rs:484:5\n     |\n484  |     fn fmt(&self, formatter: &mut fmt::Formatter) -> fmt::Result {\n     |     ^^^^^^^^^^^^^^^^^^^^^^^^^^^^^^^^^^^^^^^^^^^^^^^^^^^^^^^^^^^^\nnote: candidate #2 is defined in an impl of the trait `std::fmt::Debug` for the type `llmtests::Unexpected`\n    --> serde/src/de/mod.rs:2340:10\n     |\n2340 | #[derive(Debug)]\n     |          ^^^^^\nnote: candidate #3 is defined in an impl of the trait `std::fmt::Display` for the type `llmtests::Unexpected`\n    --> serde/src/de/mod.rs:2363:5\n     |\n2363 |     fn fmt(&self, formatter: &mut std::fmt::Formatter) -> std::fmt::Result {\n     |     ^^^^^^^^^^^^^^^^^^^^^^^^^^^^^^^^^^^^^^^^^^^^^^^^^^^^^^^^^^^^^^^^^^^^^^\n     = note: this error originates in the derive macro `Debug` (in Nightly builds, run with -Z macro-backtrace for more info)\nhelp: disambiguate the method for candidate #1\n     |\n2392 |     let result = de::Expected::fmt(&value, &mut formatter);\n     |                  ~~~~~~~~~~~~~~~~~~~~~~~~~~~~~~~~~~~~~~~~~\nhelp: disambiguate the method for candidate #2\n     |\n2392 |     let result = std::fmt::Debug::fmt(&value, &mut formatter);\n     |                  ~~~~~~~~~~~~~~~~~~~~~~~~~~~~~~~~~~~~~~~~~~~~\nhelp: disambiguate the method for candidate #3\n     |\n2392 |     let result = std::fmt::Display::fmt(&value, &mut formatter);\n     |                  ~~~~~~~~~~~~~~~~~~~~~~~~~~~~~~~~~~~~~~~~~~~~~~\n\nSome errors have detailed explanations: E0034, E0061, E0531, E0658.\nFor more information about an error, try `rustc --explain E0034`.\nwarning: `serde` (lib test) generated 1 warning\nerror: could not compile `serde` (lib test) due to 11 previous errors; 1 warning emitted\n"
                }
              ],
              "repaired": [
                false
              ]
            },
            {
              "attrs": [],
              "prefix": [],
              "oracles": [],
              "codes": [
                [
                  "{",
                  "    let value = Unexpected::Other(\"custom error\");",
                  "    let mut formatter = std::fmt::Formatter::new();",
                  "    let result = value.fmt(&mut formatter);",
                  "    assert_eq!(result.is_ok(), true);",
                  "}"
                ]
              ],
              "can_compile": [
                {
                  "Err": "   Compiling proc-macro2 v1.0.95\n   Compiling syn v1.0.109\n   Compiling serde_derive v1.0.219 (/home/utgen/workspace/serde/serde_derive)\n   Compiling serde v1.0.219 (/home/utgen/workspace/serde/serde)\n   Compiling quote v1.0.40\n   Compiling syn v2.0.100\n   Compiling ntest_test_cases v0.9.3\n   Compiling ntest_timeout v0.9.3\n   Compiling ntest v0.9.3\nerror[E0531]: cannot find tuple struct or tuple variant `Bool` in this scope\n    --> serde/src/de/mod.rs:2365:13\n     |\n2365 |             Bool(b) => write!(formatter, \"boolean `{}`\", b),\n     |             ^^^^ not found in this scope\n     |\nhelp: consider importing one of these tuple variants\n     |\n2338 +    use crate::__private::de::Content::Bool;\n     |\n2338 +    use crate::de::Unexpected::Bool;\n     |\n2338 +    use crate::de::llmtests::Unexpected::Bool;\n     |\n\nerror[E0531]: cannot find tuple struct or tuple variant `Unsigned` in this scope\n    --> serde/src/de/mod.rs:2366:13\n     |\n2366 |             Unsigned(i) => write!(formatter, \"integer `{}`\", i),\n     |             ^^^^^^^^ not found in this scope\n     |\nhelp: consider importing one of these tuple variants\n     |\n2338 +    use crate::de::Unexpected::Unsigned;\n     |\n2338 +    use crate::de::llmtests::Unexpected::Unsigned;\n     |\n\nerror[E0531]: cannot find tuple struct or tuple variant `Signed` in this scope\n    --> serde/src/de/mod.rs:2367:13\n     |\n2367 |             Signed(i) => write!(formatter, \"integer `{}`\", i),\n     |             ^^^^^^ not found in this scope\n     |\nhelp: consider importing one of these tuple variants\n     |\n2338 +    use crate::de::Unexpected::Signed;\n     |\n2338 +    use crate::de::llmtests::Unexpected::Signed;\n     |\n\nerror[E0531]: cannot find tuple struct or tuple variant `Float` in this scope\n    --> serde/src/de/mod.rs:2368:13\n     |\n2368 |             Float(f) => write!(formatter, \"floating point `{}`\", f),\n     |             ^^^^^ not found in this scope\n     |\nhelp: consider importing one of these tuple variants\n     |\n2338 +    use crate::de::Unexpected::Float;\n     |\n2338 +    use crate::de::llmtests::Unexpected::Float;\n     |\n\nerror[E0531]: cannot find tuple struct or tuple variant `Char` in this scope\n    --> serde/src/de/mod.rs:2369:13\n     |\n2369 |             Char(c) => write!(formatter, \"character `{}`\", c),\n     |             ^^^^ not found in this scope\n     |\nhelp: consider importing one of these tuple variants\n     |\n2338 +    use crate::__private::de::Content::Char;\n     |\n2338 +    use crate::de::Unexpected::Char;\n     |\n2338 +    use crate::de::llmtests::Unexpected::Char;\n     |\n\nerror[E0531]: cannot find tuple struct or tuple variant `Str` in this scope\n    --> serde/src/de/mod.rs:2370:13\n     |\n2370 |             Str(ref s) => write!(formatter, \"string {:?}\", s),\n     |             ^^^ not found in this scope\n     |\nhelp: consider importing one of these tuple variants\n     |\n2338 +    use crate::__private::de::Content::Str;\n     |\n2338 +    use crate::de::Unexpected::Str;\n     |\n2338 +    use crate::de::llmtests::Unexpected::Str;\n     |\n\nerror[E0531]: cannot find tuple struct or tuple variant `Bytes` in this scope\n    --> serde/src/de/mod.rs:2371:13\n     |\n2371 |             Bytes(_) => formatter.write_str(\"byte array\"),\n     |             ^^^^^ not found in this scope\n     |\nhelp: consider importing one of these tuple variants\n     |\n2338 +    use crate::__private::de::Content::Bytes;\n     |\n2338 +    use crate::de::Unexpected::Bytes;\n     |\n2338 +    use crate::de::llmtests::Unexpected::Bytes;\n     |\n\nerror[E0531]: cannot find tuple struct or tuple variant `Other` in this scope\n    --> serde/src/de/mod.rs:2382:13\n     |\n2382 |             Other(other) => formatter.write_str(other),\n     |             ^^^^^ not found in this scope\n     |\nhelp: consider importing one of these tuple variants\n     |\n2338 +    use crate::de::Unexpected::Other;\n     |\n2338 +    use crate::de::llmtests::Unexpected::Other;\n     |\n\nwarning: unused import: `ntest::timeout`\n    --> serde/src/de/mod.rs:2339:8\n     |\n2339 |    use ntest::timeout;\n     |        ^^^^^^^^^^^^^^\n     |\n     = note: `#[warn(unused_imports)]` on by default\n\nerror[E0658]: use of unstable library feature 'fmt_internals': internal to standard library\n    --> serde/src/de/mod.rs:2391:25\n     |\n2391 |     let mut formatter = std::fmt::Formatter::new();\n     |                         ^^^^^^^^^^^^^^^^^^^^^^^^\n     |\n     = help: add `#![feature(fmt_internals)]` to the crate attributes to enable\n     = note: this compiler was built on 2024-07-20; consider upgrading it if it is out of date\n\nerror[E0061]: this function takes 1 argument but 0 arguments were supplied\n    --> serde/src/de/mod.rs:2391:25\n     |\n2391 |     let mut formatter = std::fmt::Formatter::new();\n     |                         ^^^^^^^^^^^^^^^^^^^^^^^^-- argument #1 of type `&mut dyn std::fmt::Write` is missing\n     |\nnote: associated function defined here\n    --> /rustc/5069856495870486134dd2ca0b0e2516308c5c2a/library/core/src/fmt/mod.rs:286:12\nhelp: provide the argument\n     |\n2391 |     let mut formatter = std::fmt::Formatter::new(/* &mut dyn std::fmt::Write */);\n     |                                                 ~~~~~~~~~~~~~~~~~~~~~~~~~~~~~~~~\n\nerror[E0034]: multiple applicable items in scope\n    --> serde/src/de/mod.rs:2392:24\n     |\n2392 |     let result = value.fmt(&mut formatter);\n     |                        ^^^ multiple `fmt` found\n     |\nnote: candidate #1 is defined in an impl of the trait `de::Expected` for the type `T`\n    --> serde/src/de/mod.rs:484:5\n     |\n484  |     fn fmt(&self, formatter: &mut fmt::Formatter) -> fmt::Result {\n     |     ^^^^^^^^^^^^^^^^^^^^^^^^^^^^^^^^^^^^^^^^^^^^^^^^^^^^^^^^^^^^\nnote: candidate #2 is defined in an impl of the trait `std::fmt::Debug` for the type `llmtests::Unexpected`\n    --> serde/src/de/mod.rs:2340:10\n     |\n2340 | #[derive(Debug)]\n     |          ^^^^^\nnote: candidate #3 is defined in an impl of the trait `std::fmt::Display` for the type `llmtests::Unexpected`\n    --> serde/src/de/mod.rs:2363:5\n     |\n2363 |     fn fmt(&self, formatter: &mut std::fmt::Formatter) -> std::fmt::Result {\n     |     ^^^^^^^^^^^^^^^^^^^^^^^^^^^^^^^^^^^^^^^^^^^^^^^^^^^^^^^^^^^^^^^^^^^^^^\n     = note: this error originates in the derive macro `Debug` (in Nightly builds, run with -Z macro-backtrace for more info)\nhelp: disambiguate the method for candidate #1\n     |\n2392 |     let result = de::Expected::fmt(&value, &mut formatter);\n     |                  ~~~~~~~~~~~~~~~~~~~~~~~~~~~~~~~~~~~~~~~~~\nhelp: disambiguate the method for candidate #2\n     |\n2392 |     let result = std::fmt::Debug::fmt(&value, &mut formatter);\n     |                  ~~~~~~~~~~~~~~~~~~~~~~~~~~~~~~~~~~~~~~~~~~~~\nhelp: disambiguate the method for candidate #3\n     |\n2392 |     let result = std::fmt::Display::fmt(&value, &mut formatter);\n     |                  ~~~~~~~~~~~~~~~~~~~~~~~~~~~~~~~~~~~~~~~~~~~~~~\n\nSome errors have detailed explanations: E0034, E0061, E0531, E0658.\nFor more information about an error, try `rustc --explain E0034`.\nwarning: `serde` (lib test) generated 1 warning\nerror: could not compile `serde` (lib test) due to 11 previous errors; 1 warning emitted\n"
                }
              ],
              "repaired": [
                false
              ]
            }
          ]
        }
      ]
    }
  ]
}