{
  "name": "regex::exec::exec::ExecNoSync<'c>::exec_nfa",
  "name_with_impl": "regex::exec::{impl#3}::exec_nfa",
  "mod_info": {
    "name": "exec",
    "loc": "src/lib.rs:652:1:652:10"
  },
  "visible": false,
  "loc": "src/exec.rs:919:5:944:6",
  "fn_tests": [
    {
      "chain_id": 0,
      "prompt_conds": [],
      "input_infer": "",
      "answers": [
        {
          "uses": [
            "use self::MatchNfaType::*;"
          ],
          "has_test_mod": false,
          "common": [
            "#[derive(Debug)]",
            "struct MockNfa {",
            "    nfa: Vec<u8>,",
            "}",
            "",
            "#[derive(Debug)]",
            "enum MatchNfaType {",
            "    Auto,",
            "    Backtrack,",
            "    PikeVM,",
            "}",
            "",
            "struct Slot;",
            "",
            "impl MockNfa {",
            "    fn exec_backtrack(&self, _matches: &mut [bool], _slots: &mut [Slot], _text: &[u8], _start: usize) -> bool {",
            "        // Dummy implementation for testing purposes",
            "        true",
            "    }",
            "",
            "    fn exec_pikevm(&self, _matches: &mut [bool], _slots: &mut [Slot], _quit_after_match: bool, _text: &[u8], _start: usize) -> bool {",
            "        // Dummy implementation for testing purposes",
            "        true",
            "    }",
            "",
            "    fn exec_nfa(",
            "        &self,",
            "        mut ty: MatchNfaType,",
            "        matches: &mut [bool],",
            "        slots: &mut [Slot],",
            "        quit_after_match: bool,",
            "        text: &[u8],",
            "        start: usize,",
            "    ) -> bool {",
            "        if let Auto = ty {",
            "            if backtrack::should_exec(self.nfa.len(), text.len()) {",
            "                ty = Backtrack;",
            "            } else {",
            "                ty = PikeVM;",
            "            }",
            "        }",
            "        match ty {",
            "            Auto => unreachable!(),",
            "            Backtrack => self.exec_backtrack(matches, slots, text, start),",
            "            PikeVM => {",
            "                self.exec_pikevm(matches, slots, quit_after_match, text, start)",
            "            }",
            "        }",
            "    }",
            "}",
            "",
            "mod backtrack {",
            "    pub fn should_exec(nfa_len: usize, text_len: usize) -> bool {",
            "        // Example logic for demonstrative purposes",
            "        nfa_len < text_len",
            "    }",
            "}"
          ],
          "chain_tests": [
            {
              "attrs": [],
              "prefix": [],
              "oracles": [],
              "codes": [
                [
                  "{",
                  "    let nfa = MockNfa {",
                  "        nfa: vec![1, 2, 3],",
                  "    };",
                  "    let mut matches = vec![false; 5];",
                  "    let mut slots = vec![Slot; 5];",
                  "    let text = b\"test string\";",
                  "    let result = nfa.exec_nfa(MatchNfaType::Auto, &mut matches, &mut slots, true, text, 0);",
                  "    assert!(result);",
                  "}"
                ]
              ],
              "can_compile": [
                {
                  "Err": "warning: /home/abezbm/rust-utgen-test-crates-new/regex/regex-debug/Cargo.toml: no edition set: defaulting to the 2015 edition while the latest is 2021\nwarning: /home/abezbm/rust-utgen-test-crates-new/regex/regex-capi/Cargo.toml: no edition set: defaulting to the 2015 edition while the latest is 2021\nwarning: /home/abezbm/rust-utgen-test-crates-new/regex/regex-syntax/Cargo.toml: no edition set: defaulting to the 2015 edition while the latest is 2021\nwarning: /home/abezbm/rust-utgen-test-crates-new/regex/Cargo.toml: no edition set: defaulting to the 2015 edition while the latest is 2021\n   Compiling proc-macro2 v1.0.95\n   Compiling syn v1.0.109\n   Compiling libc v0.2.172\n   Compiling regex v1.0.0 (/home/abezbm/rust-utgen-test-crates-new/regex)\n   Compiling quote v1.0.40\n   Compiling rand v0.4.6\n   Compiling quickcheck v0.6.2\n   Compiling ntest_timeout v0.9.3\n   Compiling ntest_test_cases v0.9.3\n   Compiling ntest v0.9.3\n   Compiling regex-syntax v0.6.0 (/home/abezbm/rust-utgen-test-crates-new/regex/regex-syntax)\nwarning: `...` range patterns are deprecated\n    --> regex-syntax/src/ast/parse.rs:1445:16\n     |\n1445 |             '0'...'7' => {\n     |                ^^^ help: use `..=` for an inclusive range\n     |\n     = warning: this is accepted in the current edition (Rust 2015) but is a hard error in Rust 2021!\n     = note: for more information, see <https://doc.rust-lang.org/nightly/edition-guide/rust-2021/warnings-promoted-to-error.html>\n     = note: `#[warn(ellipsis_inclusive_range_patterns)]` on by default\n\nwarning: `...` range patterns are deprecated\n    --> regex-syntax/src/ast/parse.rs:1456:16\n     |\n1456 |             '8'...'9' if !self.parser().octal => {\n     |                ^^^ help: use `..=` for an inclusive range\n     |\n     = warning: this is accepted in the current edition (Rust 2015) but is a hard error in Rust 2021!\n     = note: for more information, see <https://doc.rust-lang.org/nightly/edition-guide/rust-2021/warnings-promoted-to-error.html>\n\nwarning: `...` range patterns are deprecated\n   --> regex-syntax/src/lib.rs:195:21\n    |\n195 |         b'_' | b'0' ... b'9' | b'a' ... b'z' | b'A' ... b'Z'  => true,\n    |                     ^^^ help: use `..=` for an inclusive range\n    |\n    = warning: this is accepted in the current edition (Rust 2015) but is a hard error in Rust 2021!\n    = note: for more information, see <https://doc.rust-lang.org/nightly/edition-guide/rust-2021/warnings-promoted-to-error.html>\n\nwarning: `...` range patterns are deprecated\n   --> regex-syntax/src/lib.rs:195:37\n    |\n195 |         b'_' | b'0' ... b'9' | b'a' ... b'z' | b'A' ... b'Z'  => true,\n    |                                     ^^^ help: use `..=` for an inclusive range\n    |\n    = warning: this is accepted in the current edition (Rust 2015) but is a hard error in Rust 2021!\n    = note: for more information, see <https://doc.rust-lang.org/nightly/edition-guide/rust-2021/warnings-promoted-to-error.html>\n\nwarning: `...` range patterns are deprecated\n   --> regex-syntax/src/lib.rs:195:53\n    |\n195 |         b'_' | b'0' ... b'9' | b'a' ... b'z' | b'A' ... b'Z'  => true,\n    |                                                     ^^^ help: use `..=` for an inclusive range\n    |\n    = warning: this is accepted in the current edition (Rust 2015) but is a hard error in Rust 2021!\n    = note: for more information, see <https://doc.rust-lang.org/nightly/edition-guide/rust-2021/warnings-promoted-to-error.html>\n\nwarning: use of deprecated method `std::error::Error::description`: use the Display impl or to_string()\n  --> regex-syntax/src/error.rs:45:38\n   |\n45 |             Error::Parse(ref x) => x.description(),\n   |                                      ^^^^^^^^^^^\n   |\n   = note: `#[warn(deprecated)]` on by default\n\nwarning: use of deprecated method `std::error::Error::description`: use the Display impl or to_string()\n  --> regex-syntax/src/error.rs:46:42\n   |\n46 |             Error::Translate(ref x) => x.description(),\n   |                                          ^^^^^^^^^^^\n\nwarning: variable does not need to be mutable\n   --> regex-syntax/src/hir/literal/mod.rs:687:17\n    |\n687 |             let mut buf = &mut buf[..i];\n    |                 ----^^^\n    |                 |\n    |                 help: remove this `mut`\n    |\n    = note: `#[warn(unused_mut)]` on by default\n\nwarning: field `printer` is never read\n  --> regex-syntax/src/ast/print.rs:80:5\n   |\n79 | struct Writer<'p, W> {\n   |        ------ field in this struct\n80 |     printer: &'p mut Printer,\n   |     ^^^^^^^\n   |\n   = note: `Writer` has a derived impl for the trait `Debug`, but this is intentionally ignored during dead code analysis\n   = note: `#[warn(dead_code)]` on by default\n\nwarning: method `symmetric_difference` is never used\n   --> regex-syntax/src/hir/interval.rs:411:8\n    |\n326 | pub trait Interval:\n    |           -------- method in this trait\n...\n411 |     fn symmetric_difference(\n    |        ^^^^^^^^^^^^^^^^^^^^\n\nwarning: field `printer` is never read\n  --> regex-syntax/src/hir/print.rs:78:5\n   |\n77 | struct Writer<'p, W> {\n   |        ------ field in this struct\n78 |     printer: &'p mut Printer,\n   |     ^^^^^^^\n   |\n   = note: `Writer` has a derived impl for the trait `Debug`, but this is intentionally ignored during dead code analysis\n\nwarning: call to `.borrow()` on a reference in this situation does nothing\n   --> regex-syntax/src/ast/parse.rs:386:21\n    |\n386 |         self.pattern.borrow()\n    |                     ^^^^^^^^^ help: remove this redundant call\n    |\n    = note: the type `str` does not implement `Borrow`, so calling `borrow` on `&str` copies the reference, which does not do anything and can be removed\n    = note: `#[warn(noop_method_call)]` on by default\n\nwarning: `regex-syntax` (lib) generated 12 warnings (run `cargo fix --lib -p regex-syntax` to apply 7 suggestions)\nerror[E0425]: cannot find value `Backtrack` in this scope\n    --> src/exec.rs:1391:22\n     |\n1391 |                 ty = Backtrack;\n     |                      ^^^^^^^^^ not found in this scope\n     |\nhelp: consider importing one of these unit variants\n     |\n1353 +    use exec::MatchNfaType::Backtrack;\n     |\n1353 +    use exec::llmtests::MatchNfaType::Backtrack;\n     |\n\nerror[E0425]: cannot find value `PikeVM` in this scope\n    --> src/exec.rs:1393:22\n     |\n1393 |                 ty = PikeVM;\n     |                      ^^^^^^ not found in this scope\n     |\nhelp: consider importing one of these unit variants\n     |\n1353 +    use exec::MatchNfaType::PikeVM;\n     |\n1353 +    use exec::llmtests::MatchNfaType::PikeVM;\n     |\n\nwarning: `...` range patterns are deprecated\n  --> src/utf8.rs:59:21\n   |\n59 |         0b110_00000 ... 0b110_11111 => {\n   |                     ^^^ help: use `..=` for an inclusive range\n   |\n   = warning: this is accepted in the current edition (Rust 2015) but is a hard error in Rust 2021!\n   = note: for more information, see <https://doc.rust-lang.org/nightly/edition-guide/rust-2021/warnings-promoted-to-error.html>\n   = note: `#[warn(ellipsis_inclusive_range_patterns)]` on by default\n\nwarning: `...` range patterns are deprecated\n  --> src/utf8.rs:70:22\n   |\n70 |                 0x80 ... 0x7FF => char::from_u32(cp).map(|cp| (cp, 2)),\n   |                      ^^^ help: use `..=` for an inclusive range\n   |\n   = warning: this is accepted in the current edition (Rust 2015) but is a hard error in Rust 2021!\n   = note: for more information, see <https://doc.rust-lang.org/nightly/edition-guide/rust-2021/warnings-promoted-to-error.html>\n\nwarning: `...` range patterns are deprecated\n  --> src/utf8.rs:74:21\n   |\n74 |         0b1110_0000 ... 0b1110_1111 => {\n   |                     ^^^ help: use `..=` for an inclusive range\n   |\n   = warning: this is accepted in the current edition (Rust 2015) but is a hard error in Rust 2021!\n   = note: for more information, see <https://doc.rust-lang.org/nightly/edition-guide/rust-2021/warnings-promoted-to-error.html>\n\nwarning: `...` range patterns are deprecated\n  --> src/utf8.rs:90:23\n   |\n90 |                 0x800 ... 0xFFFF => char::from_u32(cp).map(|cp| (cp, 3)),\n   |                       ^^^ help: use `..=` for an inclusive range\n   |\n   = warning: this is accepted in the current edition (Rust 2015) but is a hard error in Rust 2021!\n   = note: for more information, see <https://doc.rust-lang.org/nightly/edition-guide/rust-2021/warnings-promoted-to-error.html>\n\nwarning: `...` range patterns are deprecated\n  --> src/utf8.rs:94:21\n   |\n94 |         0b11110_000 ... 0b11110_111 => {\n   |                     ^^^ help: use `..=` for an inclusive range\n   |\n   = warning: this is accepted in the current edition (Rust 2015) but is a hard error in Rust 2021!\n   = note: for more information, see <https://doc.rust-lang.org/nightly/edition-guide/rust-2021/warnings-promoted-to-error.html>\n\nwarning: `...` range patterns are deprecated\n   --> src/utf8.rs:113:25\n    |\n113 |                 0x10000 ... 0x10FFFF => char::from_u32(cp).map(|cp| (cp, 4)),\n    |                         ^^^ help: use `..=` for an inclusive range\n    |\n    = warning: this is accepted in the current edition (Rust 2015) but is a hard error in Rust 2021!\n    = note: for more information, see <https://doc.rust-lang.org/nightly/edition-guide/rust-2021/warnings-promoted-to-error.html>\n\nwarning: unused import: `std::str`\n   --> src/utf8.rs:150:9\n    |\n150 |     use std::str;\n    |         ^^^^^^^^\n    |\n    = note: `#[warn(unused_imports)]` on by default\n\nwarning: unused import: `quickcheck::quickcheck`\n   --> src/utf8.rs:152:9\n    |\n152 |     use quickcheck::quickcheck;\n    |         ^^^^^^^^^^^^^^^^^^^^^^\n\nwarning: unused imports: `TAG_CONT`, `TAG_FOUR`, `TAG_THREE`, `TAG_TWO`, `decode_last_utf8`, and `decode_utf8`\n   --> src/utf8.rs:155:9\n    |\n155 |         TAG_CONT, TAG_TWO, TAG_THREE, TAG_FOUR,\n    |         ^^^^^^^^  ^^^^^^^  ^^^^^^^^^  ^^^^^^^^\n156 |         decode_utf8, decode_last_utf8,\n    |         ^^^^^^^^^^^  ^^^^^^^^^^^^^^^^\n\nwarning: unused import: `super::ByteClassSet`\n    --> src/compile.rs:1110:9\n     |\n1110 |     use super::ByteClassSet;\n     |         ^^^^^^^^^^^^^^^^^^^\n\nwarning: `...` range patterns are deprecated\n    --> src/dfa.rs:1695:17\n     |\n1695 |             b'A'...b'Z' | b'a'...b'z' | b'0'...b'9' | b'_' => true,\n     |                 ^^^ help: use `..=` for an inclusive range\n     |\n     = warning: this is accepted in the current edition (Rust 2015) but is a hard error in Rust 2021!\n     = note: for more information, see <https://doc.rust-lang.org/nightly/edition-guide/rust-2021/warnings-promoted-to-error.html>\n\nwarning: `...` range patterns are deprecated\n    --> src/dfa.rs:1695:31\n     |\n1695 |             b'A'...b'Z' | b'a'...b'z' | b'0'...b'9' | b'_' => true,\n     |                               ^^^ help: use `..=` for an inclusive range\n     |\n     = warning: this is accepted in the current edition (Rust 2015) but is a hard error in Rust 2021!\n     = note: for more information, see <https://doc.rust-lang.org/nightly/edition-guide/rust-2021/warnings-promoted-to-error.html>\n\nwarning: `...` range patterns are deprecated\n    --> src/dfa.rs:1695:45\n     |\n1695 |             b'A'...b'Z' | b'a'...b'z' | b'0'...b'9' | b'_' => true,\n     |                                             ^^^ help: use `..=` for an inclusive range\n     |\n     = warning: this is accepted in the current edition (Rust 2015) but is a hard error in Rust 2021!\n     = note: for more information, see <https://doc.rust-lang.org/nightly/edition-guide/rust-2021/warnings-promoted-to-error.html>\n\nwarning: unused imports: `QuickCheck`, `StdGen`, and `quickcheck`\n    --> src/dfa.rs:1847:22\n     |\n1847 |     use quickcheck::{QuickCheck, StdGen, quickcheck};\n     |                      ^^^^^^^^^^  ^^^^^^  ^^^^^^^^^^\n\nwarning: unused imports: `StateFlags`, `State`, `push_inst_ptr`, `read_vari32`, `read_varu32`, `write_vari32`, and `write_varu32`\n    --> src/dfa.rs:1849:9\n     |\n1849 |         StateFlags, State, push_inst_ptr,\n     |         ^^^^^^^^^^  ^^^^^  ^^^^^^^^^^^^^\n1850 |         write_varu32, read_varu32, write_vari32, read_vari32,\n     |         ^^^^^^^^^^^^  ^^^^^^^^^^^  ^^^^^^^^^^^^  ^^^^^^^^^^^\n\nwarning: unused import: `super::*`\n    --> src/exec.rs:1353:8\n     |\n1353 |    use super::*;\n     |        ^^^^^^^^\n\nwarning: unused import: `ntest::timeout`\n    --> src/exec.rs:1354:8\n     |\n1354 |    use ntest::timeout;\n     |        ^^^^^^^^^^^^^^\n\nwarning: `...` range patterns are deprecated\n   --> src/expand.rs:172:14\n    |\n172 |         b'0' ... b'9' | b'a' ... b'z' | b'A' ... b'Z' | b'_' => true,\n    |              ^^^ help: use `..=` for an inclusive range\n    |\n    = warning: this is accepted in the current edition (Rust 2015) but is a hard error in Rust 2021!\n    = note: for more information, see <https://doc.rust-lang.org/nightly/edition-guide/rust-2021/warnings-promoted-to-error.html>\n\nwarning: `...` range patterns are deprecated\n   --> src/expand.rs:172:30\n    |\n172 |         b'0' ... b'9' | b'a' ... b'z' | b'A' ... b'Z' | b'_' => true,\n    |                              ^^^ help: use `..=` for an inclusive range\n    |\n    = warning: this is accepted in the current edition (Rust 2015) but is a hard error in Rust 2021!\n    = note: for more information, see <https://doc.rust-lang.org/nightly/edition-guide/rust-2021/warnings-promoted-to-error.html>\n\nwarning: `...` range patterns are deprecated\n   --> src/expand.rs:172:46\n    |\n172 |         b'0' ... b'9' | b'a' ... b'z' | b'A' ... b'Z' | b'_' => true,\n    |                                              ^^^ help: use `..=` for an inclusive range\n    |\n    = warning: this is accepted in the current edition (Rust 2015) but is a hard error in Rust 2021!\n    = note: for more information, see <https://doc.rust-lang.org/nightly/edition-guide/rust-2021/warnings-promoted-to-error.html>\n\nwarning: unused imports: `CaptureRef` and `find_cap_ref`\n   --> src/expand.rs:179:17\n    |\n179 |     use super::{CaptureRef, find_cap_ref};\n    |                 ^^^^^^^^^^  ^^^^^^^^^^^^\n\nwarning: unused macro definition: `find`\n   --> src/expand.rs:181:18\n    |\n181 |     macro_rules! find {\n    |                  ^^^^\n    |\n    = note: `#[warn(unused_macros)]` on by default\n\nwarning: unused macro definition: `c`\n   --> src/expand.rs:196:18\n    |\n196 |     macro_rules! c {\n    |                  ^\n\nwarning: unexpected `cfg` condition name: `regex_runtime_teddy_avx2`\n --> src/literal/teddy_avx2/mod.rs:5:5\n  |\n5 |     regex_runtime_teddy_avx2,\n  |     ^^^^^^^^^^^^^^^^^^^^^^^^\n  |\n  = help: expected names are: `clippy`, `debug_assertions`, `doc`, `docsrs`, `doctest`, `feature`, `miri`, `overflow_checks`, `panic`, `proc_macro`, `relocation_model`, `rustfmt`, `sanitize`, `sanitizer_cfi_generalize_pointers`, `sanitizer_cfi_normalize_integers`, `target_abi`, `target_arch`, `target_endian`, `target_env`, `target_family`, `target_feature`, `target_has_atomic`, `target_has_atomic_equal_alignment`, `target_has_atomic_load_store`, `target_os`, `target_pointer_width`, `target_thread_local`, `target_vendor`, `test`, `ub_checks`, `unix`, and `windows`\n  = help: consider using a Cargo feature instead\n  = help: or consider adding in `Cargo.toml` the `check-cfg` lint config for the lint:\n           [lints.rust]\n           unexpected_cfgs = { level = \"warn\", check-cfg = ['cfg(regex_runtime_teddy_avx2)'] }\n  = help: or consider adding `println!(\"cargo::rustc-check-cfg=cfg(regex_runtime_teddy_avx2)\");` to the top of the `build.rs`\n  = note: see <https://doc.rust-lang.org/nightly/rustc/check-cfg/cargo-specifics.html> for more information about checking conditional configuration\n  = note: `#[warn(unexpected_cfgs)]` on by default\n\nwarning: unexpected `cfg` condition name: `regex_runtime_teddy_avx2`\n  --> src/literal/teddy_avx2/mod.rs:12:5\n   |\n12 |     regex_runtime_teddy_avx2,\n   |     ^^^^^^^^^^^^^^^^^^^^^^^^\n   |\n   = help: consider using a Cargo feature instead\n   = help: or consider adding in `Cargo.toml` the `check-cfg` lint config for the lint:\n            [lints.rust]\n            unexpected_cfgs = { level = \"warn\", check-cfg = ['cfg(regex_runtime_teddy_avx2)'] }\n   = help: or consider adding `println!(\"cargo::rustc-check-cfg=cfg(regex_runtime_teddy_avx2)\");` to the top of the `build.rs`\n   = note: see <https://doc.rust-lang.org/nightly/rustc/check-cfg/cargo-specifics.html> for more information about checking conditional configuration\n\nwarning: unexpected `cfg` condition name: `regex_runtime_teddy_ssse3`\n --> src/literal/teddy_ssse3/mod.rs:5:5\n  |\n5 |     regex_runtime_teddy_ssse3,\n  |     ^^^^^^^^^^^^^^^^^^^^^^^^^\n  |\n  = help: consider using a Cargo feature instead\n  = help: or consider adding in `Cargo.toml` the `check-cfg` lint config for the lint:\n           [lints.rust]\n           unexpected_cfgs = { level = \"warn\", check-cfg = ['cfg(regex_runtime_teddy_ssse3)'] }\n  = help: or consider adding `println!(\"cargo::rustc-check-cfg=cfg(regex_runtime_teddy_ssse3)\");` to the top of the `build.rs`\n  = note: see <https://doc.rust-lang.org/nightly/rustc/check-cfg/cargo-specifics.html> for more information about checking conditional configuration\n\nwarning: unexpected `cfg` condition name: `regex_runtime_teddy_ssse3`\n  --> src/literal/teddy_ssse3/mod.rs:12:5\n   |\n12 |     regex_runtime_teddy_ssse3,\n   |     ^^^^^^^^^^^^^^^^^^^^^^^^^\n   |\n   = help: consider using a Cargo feature instead\n   = help: or consider adding in `Cargo.toml` the `check-cfg` lint config for the lint:\n            [lints.rust]\n            unexpected_cfgs = { level = \"warn\", check-cfg = ['cfg(regex_runtime_teddy_ssse3)'] }\n   = help: or consider adding `println!(\"cargo::rustc-check-cfg=cfg(regex_runtime_teddy_ssse3)\");` to the top of the `build.rs`\n   = note: see <https://doc.rust-lang.org/nightly/rustc/check-cfg/cargo-specifics.html> for more information about checking conditional configuration\n\nwarning: unused imports: `BoyerMooreSearch` and `FreqyPacked`\n   --> src/literal/mod.rs:902:17\n    |\n902 |     use super::{BoyerMooreSearch, FreqyPacked};\n    |                 ^^^^^^^^^^^^^^^^  ^^^^^^^^^^^\n\nwarning: unused import: `quickcheck::TestResult`\n    --> src/literal/mod.rs:1004:9\n     |\n1004 |     use quickcheck::TestResult;\n     |         ^^^^^^^^^^^^^^^^^^^^^^\n\nwarning: trait objects without an explicit `dyn` are deprecated\n  --> src/error.rs:40:32\n   |\n40 |     fn cause(&self) -> Option<&::std::error::Error> {\n   |                                ^^^^^^^^^^^^^^^^^^^\n   |\n   = warning: this is accepted in the current edition (Rust 2015) but is a hard error in Rust 2021!\n   = note: for more information, see <https://doc.rust-lang.org/nightly/edition-guide/rust-2021/warnings-promoted-to-error.html>\n   = note: `#[warn(bare_trait_objects)]` on by default\nhelp: if this is an object-safe trait, use `dyn`\n   |\n40 |     fn cause(&self) -> Option<&dyn (::std::error::Error)> {\n   |                                +++++                   +\n\nwarning: trait objects without an explicit `dyn` are deprecated\n   --> src/compile.rs:400:28\n    |\n400 |         let mut chars: Box<Iterator<Item=&char>> =\n    |                            ^^^^^^^^^^^^^^^^^^^^\n    |\n    = warning: this is accepted in the current edition (Rust 2015) but is a hard error in Rust 2021!\n    = note: for more information, see <https://doc.rust-lang.org/nightly/edition-guide/rust-2021/warnings-promoted-to-error.html>\nhelp: if this is an object-safe trait, use `dyn`\n    |\n400 |         let mut chars: Box<dyn Iterator<Item=&char>> =\n    |                            +++\n\nwarning: trait objects without an explicit `dyn` are deprecated\n   --> src/compile.rs:441:28\n    |\n441 |         let mut bytes: Box<Iterator<Item=&u8>> =\n    |                            ^^^^^^^^^^^^^^^^^^\n    |\n    = warning: this is accepted in the current edition (Rust 2015) but is a hard error in Rust 2021!\n    = note: for more information, see <https://doc.rust-lang.org/nightly/edition-guide/rust-2021/warnings-promoted-to-error.html>\nhelp: if this is an object-safe trait, use `dyn`\n    |\n441 |         let mut bytes: Box<dyn Iterator<Item=&u8>> =\n    |                            +++\n\nerror[E0277]: the trait bound `llmtests::Slot: Clone` is not satisfied\n    --> src/exec.rs:1420:26\n     |\n1420 |     let mut slots = vec![Slot; 5];\n     |                     -----^^^^----\n     |                     |    |\n     |                     |    the trait `Clone` is not implemented for `llmtests::Slot`\n     |                     required by a bound introduced by this call\n     |\nnote: required by a bound in `from_elem`\n    --> /home/abezbm/.rustup/toolchains/nightly-2024-07-21-x86_64-unknown-linux-gnu/lib/rustlib/src/rust/library/alloc/src/vec/mod.rs:2743:21\n     |\n2743 | pub fn from_elem<T: Clone>(elem: T, n: usize) -> Vec<T> {\n     |                     ^^^^^ required by this bound in `from_elem`\nhelp: consider annotating `llmtests::Slot` with `#[derive(Clone)]`\n     |\n1367 + #[derive(Clone)]\n1368 | struct Slot;\n     |\n\nSome errors have detailed explanations: E0277, E0425.\nFor more information about an error, try `rustc --explain E0277`.\nwarning: `regex` (lib test) generated 32 warnings\nerror: could not compile `regex` (lib test) due to 3 previous errors; 32 warnings emitted\n"
                }
              ],
              "repaired": [
                false
              ]
            },
            {
              "attrs": [],
              "prefix": [],
              "oracles": [],
              "codes": [
                [
                  "{",
                  "    let nfa = MockNfa {",
                  "        nfa: vec![1, 2],",
                  "    };",
                  "    let mut matches = vec![false; 5];",
                  "    let mut slots = vec![Slot; 5];",
                  "    let text = b\"test\";",
                  "    let result = nfa.exec_nfa(MatchNfaType::Backtrack, &mut matches, &mut slots, true, text, 0);",
                  "    assert!(result);",
                  "}"
                ]
              ],
              "can_compile": [
                {
                  "Err": "warning: /home/abezbm/rust-utgen-test-crates-new/regex/Cargo.toml: no edition set: defaulting to the 2015 edition while the latest is 2021\nwarning: /home/abezbm/rust-utgen-test-crates-new/regex/regex-syntax/Cargo.toml: no edition set: defaulting to the 2015 edition while the latest is 2021\nwarning: /home/abezbm/rust-utgen-test-crates-new/regex/regex-debug/Cargo.toml: no edition set: defaulting to the 2015 edition while the latest is 2021\nwarning: /home/abezbm/rust-utgen-test-crates-new/regex/regex-capi/Cargo.toml: no edition set: defaulting to the 2015 edition while the latest is 2021\n   Compiling proc-macro2 v1.0.95\n   Compiling syn v1.0.109\n   Compiling libc v0.2.172\n   Compiling regex v1.0.0 (/home/abezbm/rust-utgen-test-crates-new/regex)\n   Compiling quote v1.0.40\n   Compiling rand v0.4.6\n   Compiling quickcheck v0.6.2\n   Compiling ntest_timeout v0.9.3\n   Compiling ntest_test_cases v0.9.3\n   Compiling ntest v0.9.3\n   Compiling regex-syntax v0.6.0 (/home/abezbm/rust-utgen-test-crates-new/regex/regex-syntax)\nwarning: `...` range patterns are deprecated\n    --> regex-syntax/src/ast/parse.rs:1445:16\n     |\n1445 |             '0'...'7' => {\n     |                ^^^ help: use `..=` for an inclusive range\n     |\n     = warning: this is accepted in the current edition (Rust 2015) but is a hard error in Rust 2021!\n     = note: for more information, see <https://doc.rust-lang.org/nightly/edition-guide/rust-2021/warnings-promoted-to-error.html>\n     = note: `#[warn(ellipsis_inclusive_range_patterns)]` on by default\n\nwarning: `...` range patterns are deprecated\n    --> regex-syntax/src/ast/parse.rs:1456:16\n     |\n1456 |             '8'...'9' if !self.parser().octal => {\n     |                ^^^ help: use `..=` for an inclusive range\n     |\n     = warning: this is accepted in the current edition (Rust 2015) but is a hard error in Rust 2021!\n     = note: for more information, see <https://doc.rust-lang.org/nightly/edition-guide/rust-2021/warnings-promoted-to-error.html>\n\nwarning: `...` range patterns are deprecated\n   --> regex-syntax/src/lib.rs:195:21\n    |\n195 |         b'_' | b'0' ... b'9' | b'a' ... b'z' | b'A' ... b'Z'  => true,\n    |                     ^^^ help: use `..=` for an inclusive range\n    |\n    = warning: this is accepted in the current edition (Rust 2015) but is a hard error in Rust 2021!\n    = note: for more information, see <https://doc.rust-lang.org/nightly/edition-guide/rust-2021/warnings-promoted-to-error.html>\n\nwarning: `...` range patterns are deprecated\n   --> regex-syntax/src/lib.rs:195:37\n    |\n195 |         b'_' | b'0' ... b'9' | b'a' ... b'z' | b'A' ... b'Z'  => true,\n    |                                     ^^^ help: use `..=` for an inclusive range\n    |\n    = warning: this is accepted in the current edition (Rust 2015) but is a hard error in Rust 2021!\n    = note: for more information, see <https://doc.rust-lang.org/nightly/edition-guide/rust-2021/warnings-promoted-to-error.html>\n\nwarning: `...` range patterns are deprecated\n   --> regex-syntax/src/lib.rs:195:53\n    |\n195 |         b'_' | b'0' ... b'9' | b'a' ... b'z' | b'A' ... b'Z'  => true,\n    |                                                     ^^^ help: use `..=` for an inclusive range\n    |\n    = warning: this is accepted in the current edition (Rust 2015) but is a hard error in Rust 2021!\n    = note: for more information, see <https://doc.rust-lang.org/nightly/edition-guide/rust-2021/warnings-promoted-to-error.html>\n\nwarning: use of deprecated method `std::error::Error::description`: use the Display impl or to_string()\n  --> regex-syntax/src/error.rs:45:38\n   |\n45 |             Error::Parse(ref x) => x.description(),\n   |                                      ^^^^^^^^^^^\n   |\n   = note: `#[warn(deprecated)]` on by default\n\nwarning: use of deprecated method `std::error::Error::description`: use the Display impl or to_string()\n  --> regex-syntax/src/error.rs:46:42\n   |\n46 |             Error::Translate(ref x) => x.description(),\n   |                                          ^^^^^^^^^^^\n\nwarning: variable does not need to be mutable\n   --> regex-syntax/src/hir/literal/mod.rs:687:17\n    |\n687 |             let mut buf = &mut buf[..i];\n    |                 ----^^^\n    |                 |\n    |                 help: remove this `mut`\n    |\n    = note: `#[warn(unused_mut)]` on by default\n\nwarning: field `printer` is never read\n  --> regex-syntax/src/ast/print.rs:80:5\n   |\n79 | struct Writer<'p, W> {\n   |        ------ field in this struct\n80 |     printer: &'p mut Printer,\n   |     ^^^^^^^\n   |\n   = note: `Writer` has a derived impl for the trait `Debug`, but this is intentionally ignored during dead code analysis\n   = note: `#[warn(dead_code)]` on by default\n\nwarning: method `symmetric_difference` is never used\n   --> regex-syntax/src/hir/interval.rs:411:8\n    |\n326 | pub trait Interval:\n    |           -------- method in this trait\n...\n411 |     fn symmetric_difference(\n    |        ^^^^^^^^^^^^^^^^^^^^\n\nwarning: field `printer` is never read\n  --> regex-syntax/src/hir/print.rs:78:5\n   |\n77 | struct Writer<'p, W> {\n   |        ------ field in this struct\n78 |     printer: &'p mut Printer,\n   |     ^^^^^^^\n   |\n   = note: `Writer` has a derived impl for the trait `Debug`, but this is intentionally ignored during dead code analysis\n\nwarning: call to `.borrow()` on a reference in this situation does nothing\n   --> regex-syntax/src/ast/parse.rs:386:21\n    |\n386 |         self.pattern.borrow()\n    |                     ^^^^^^^^^ help: remove this redundant call\n    |\n    = note: the type `str` does not implement `Borrow`, so calling `borrow` on `&str` copies the reference, which does not do anything and can be removed\n    = note: `#[warn(noop_method_call)]` on by default\n\nwarning: `regex-syntax` (lib) generated 12 warnings (run `cargo fix --lib -p regex-syntax` to apply 7 suggestions)\nerror[E0425]: cannot find value `Backtrack` in this scope\n    --> src/exec.rs:1391:22\n     |\n1391 |                 ty = Backtrack;\n     |                      ^^^^^^^^^ not found in this scope\n     |\nhelp: consider importing one of these unit variants\n     |\n1353 +    use exec::MatchNfaType::Backtrack;\n     |\n1353 +    use exec::llmtests::MatchNfaType::Backtrack;\n     |\n\nerror[E0425]: cannot find value `PikeVM` in this scope\n    --> src/exec.rs:1393:22\n     |\n1393 |                 ty = PikeVM;\n     |                      ^^^^^^ not found in this scope\n     |\nhelp: consider importing one of these unit variants\n     |\n1353 +    use exec::MatchNfaType::PikeVM;\n     |\n1353 +    use exec::llmtests::MatchNfaType::PikeVM;\n     |\n\nwarning: `...` range patterns are deprecated\n  --> src/utf8.rs:59:21\n   |\n59 |         0b110_00000 ... 0b110_11111 => {\n   |                     ^^^ help: use `..=` for an inclusive range\n   |\n   = warning: this is accepted in the current edition (Rust 2015) but is a hard error in Rust 2021!\n   = note: for more information, see <https://doc.rust-lang.org/nightly/edition-guide/rust-2021/warnings-promoted-to-error.html>\n   = note: `#[warn(ellipsis_inclusive_range_patterns)]` on by default\n\nwarning: `...` range patterns are deprecated\n  --> src/utf8.rs:70:22\n   |\n70 |                 0x80 ... 0x7FF => char::from_u32(cp).map(|cp| (cp, 2)),\n   |                      ^^^ help: use `..=` for an inclusive range\n   |\n   = warning: this is accepted in the current edition (Rust 2015) but is a hard error in Rust 2021!\n   = note: for more information, see <https://doc.rust-lang.org/nightly/edition-guide/rust-2021/warnings-promoted-to-error.html>\n\nwarning: `...` range patterns are deprecated\n  --> src/utf8.rs:74:21\n   |\n74 |         0b1110_0000 ... 0b1110_1111 => {\n   |                     ^^^ help: use `..=` for an inclusive range\n   |\n   = warning: this is accepted in the current edition (Rust 2015) but is a hard error in Rust 2021!\n   = note: for more information, see <https://doc.rust-lang.org/nightly/edition-guide/rust-2021/warnings-promoted-to-error.html>\n\nwarning: `...` range patterns are deprecated\n  --> src/utf8.rs:90:23\n   |\n90 |                 0x800 ... 0xFFFF => char::from_u32(cp).map(|cp| (cp, 3)),\n   |                       ^^^ help: use `..=` for an inclusive range\n   |\n   = warning: this is accepted in the current edition (Rust 2015) but is a hard error in Rust 2021!\n   = note: for more information, see <https://doc.rust-lang.org/nightly/edition-guide/rust-2021/warnings-promoted-to-error.html>\n\nwarning: `...` range patterns are deprecated\n  --> src/utf8.rs:94:21\n   |\n94 |         0b11110_000 ... 0b11110_111 => {\n   |                     ^^^ help: use `..=` for an inclusive range\n   |\n   = warning: this is accepted in the current edition (Rust 2015) but is a hard error in Rust 2021!\n   = note: for more information, see <https://doc.rust-lang.org/nightly/edition-guide/rust-2021/warnings-promoted-to-error.html>\n\nwarning: `...` range patterns are deprecated\n   --> src/utf8.rs:113:25\n    |\n113 |                 0x10000 ... 0x10FFFF => char::from_u32(cp).map(|cp| (cp, 4)),\n    |                         ^^^ help: use `..=` for an inclusive range\n    |\n    = warning: this is accepted in the current edition (Rust 2015) but is a hard error in Rust 2021!\n    = note: for more information, see <https://doc.rust-lang.org/nightly/edition-guide/rust-2021/warnings-promoted-to-error.html>\n\nwarning: unused import: `std::str`\n   --> src/utf8.rs:150:9\n    |\n150 |     use std::str;\n    |         ^^^^^^^^\n    |\n    = note: `#[warn(unused_imports)]` on by default\n\nwarning: unused import: `quickcheck::quickcheck`\n   --> src/utf8.rs:152:9\n    |\n152 |     use quickcheck::quickcheck;\n    |         ^^^^^^^^^^^^^^^^^^^^^^\n\nwarning: unused imports: `TAG_CONT`, `TAG_FOUR`, `TAG_THREE`, `TAG_TWO`, `decode_last_utf8`, and `decode_utf8`\n   --> src/utf8.rs:155:9\n    |\n155 |         TAG_CONT, TAG_TWO, TAG_THREE, TAG_FOUR,\n    |         ^^^^^^^^  ^^^^^^^  ^^^^^^^^^  ^^^^^^^^\n156 |         decode_utf8, decode_last_utf8,\n    |         ^^^^^^^^^^^  ^^^^^^^^^^^^^^^^\n\nwarning: unused import: `super::ByteClassSet`\n    --> src/compile.rs:1110:9\n     |\n1110 |     use super::ByteClassSet;\n     |         ^^^^^^^^^^^^^^^^^^^\n\nwarning: `...` range patterns are deprecated\n    --> src/dfa.rs:1695:17\n     |\n1695 |             b'A'...b'Z' | b'a'...b'z' | b'0'...b'9' | b'_' => true,\n     |                 ^^^ help: use `..=` for an inclusive range\n     |\n     = warning: this is accepted in the current edition (Rust 2015) but is a hard error in Rust 2021!\n     = note: for more information, see <https://doc.rust-lang.org/nightly/edition-guide/rust-2021/warnings-promoted-to-error.html>\n\nwarning: `...` range patterns are deprecated\n    --> src/dfa.rs:1695:31\n     |\n1695 |             b'A'...b'Z' | b'a'...b'z' | b'0'...b'9' | b'_' => true,\n     |                               ^^^ help: use `..=` for an inclusive range\n     |\n     = warning: this is accepted in the current edition (Rust 2015) but is a hard error in Rust 2021!\n     = note: for more information, see <https://doc.rust-lang.org/nightly/edition-guide/rust-2021/warnings-promoted-to-error.html>\n\nwarning: `...` range patterns are deprecated\n    --> src/dfa.rs:1695:45\n     |\n1695 |             b'A'...b'Z' | b'a'...b'z' | b'0'...b'9' | b'_' => true,\n     |                                             ^^^ help: use `..=` for an inclusive range\n     |\n     = warning: this is accepted in the current edition (Rust 2015) but is a hard error in Rust 2021!\n     = note: for more information, see <https://doc.rust-lang.org/nightly/edition-guide/rust-2021/warnings-promoted-to-error.html>\n\nwarning: unused imports: `QuickCheck`, `StdGen`, and `quickcheck`\n    --> src/dfa.rs:1847:22\n     |\n1847 |     use quickcheck::{QuickCheck, StdGen, quickcheck};\n     |                      ^^^^^^^^^^  ^^^^^^  ^^^^^^^^^^\n\nwarning: unused imports: `StateFlags`, `State`, `push_inst_ptr`, `read_vari32`, `read_varu32`, `write_vari32`, and `write_varu32`\n    --> src/dfa.rs:1849:9\n     |\n1849 |         StateFlags, State, push_inst_ptr,\n     |         ^^^^^^^^^^  ^^^^^  ^^^^^^^^^^^^^\n1850 |         write_varu32, read_varu32, write_vari32, read_vari32,\n     |         ^^^^^^^^^^^^  ^^^^^^^^^^^  ^^^^^^^^^^^^  ^^^^^^^^^^^\n\nwarning: unused import: `super::*`\n    --> src/exec.rs:1353:8\n     |\n1353 |    use super::*;\n     |        ^^^^^^^^\n\nwarning: unused import: `ntest::timeout`\n    --> src/exec.rs:1354:8\n     |\n1354 |    use ntest::timeout;\n     |        ^^^^^^^^^^^^^^\n\nwarning: `...` range patterns are deprecated\n   --> src/expand.rs:172:14\n    |\n172 |         b'0' ... b'9' | b'a' ... b'z' | b'A' ... b'Z' | b'_' => true,\n    |              ^^^ help: use `..=` for an inclusive range\n    |\n    = warning: this is accepted in the current edition (Rust 2015) but is a hard error in Rust 2021!\n    = note: for more information, see <https://doc.rust-lang.org/nightly/edition-guide/rust-2021/warnings-promoted-to-error.html>\n\nwarning: `...` range patterns are deprecated\n   --> src/expand.rs:172:30\n    |\n172 |         b'0' ... b'9' | b'a' ... b'z' | b'A' ... b'Z' | b'_' => true,\n    |                              ^^^ help: use `..=` for an inclusive range\n    |\n    = warning: this is accepted in the current edition (Rust 2015) but is a hard error in Rust 2021!\n    = note: for more information, see <https://doc.rust-lang.org/nightly/edition-guide/rust-2021/warnings-promoted-to-error.html>\n\nwarning: `...` range patterns are deprecated\n   --> src/expand.rs:172:46\n    |\n172 |         b'0' ... b'9' | b'a' ... b'z' | b'A' ... b'Z' | b'_' => true,\n    |                                              ^^^ help: use `..=` for an inclusive range\n    |\n    = warning: this is accepted in the current edition (Rust 2015) but is a hard error in Rust 2021!\n    = note: for more information, see <https://doc.rust-lang.org/nightly/edition-guide/rust-2021/warnings-promoted-to-error.html>\n\nwarning: unused imports: `CaptureRef` and `find_cap_ref`\n   --> src/expand.rs:179:17\n    |\n179 |     use super::{CaptureRef, find_cap_ref};\n    |                 ^^^^^^^^^^  ^^^^^^^^^^^^\n\nwarning: unused macro definition: `find`\n   --> src/expand.rs:181:18\n    |\n181 |     macro_rules! find {\n    |                  ^^^^\n    |\n    = note: `#[warn(unused_macros)]` on by default\n\nwarning: unused macro definition: `c`\n   --> src/expand.rs:196:18\n    |\n196 |     macro_rules! c {\n    |                  ^\n\nwarning: unexpected `cfg` condition name: `regex_runtime_teddy_avx2`\n --> src/literal/teddy_avx2/mod.rs:5:5\n  |\n5 |     regex_runtime_teddy_avx2,\n  |     ^^^^^^^^^^^^^^^^^^^^^^^^\n  |\n  = help: expected names are: `clippy`, `debug_assertions`, `doc`, `docsrs`, `doctest`, `feature`, `miri`, `overflow_checks`, `panic`, `proc_macro`, `relocation_model`, `rustfmt`, `sanitize`, `sanitizer_cfi_generalize_pointers`, `sanitizer_cfi_normalize_integers`, `target_abi`, `target_arch`, `target_endian`, `target_env`, `target_family`, `target_feature`, `target_has_atomic`, `target_has_atomic_equal_alignment`, `target_has_atomic_load_store`, `target_os`, `target_pointer_width`, `target_thread_local`, `target_vendor`, `test`, `ub_checks`, `unix`, and `windows`\n  = help: consider using a Cargo feature instead\n  = help: or consider adding in `Cargo.toml` the `check-cfg` lint config for the lint:\n           [lints.rust]\n           unexpected_cfgs = { level = \"warn\", check-cfg = ['cfg(regex_runtime_teddy_avx2)'] }\n  = help: or consider adding `println!(\"cargo::rustc-check-cfg=cfg(regex_runtime_teddy_avx2)\");` to the top of the `build.rs`\n  = note: see <https://doc.rust-lang.org/nightly/rustc/check-cfg/cargo-specifics.html> for more information about checking conditional configuration\n  = note: `#[warn(unexpected_cfgs)]` on by default\n\nwarning: unexpected `cfg` condition name: `regex_runtime_teddy_avx2`\n  --> src/literal/teddy_avx2/mod.rs:12:5\n   |\n12 |     regex_runtime_teddy_avx2,\n   |     ^^^^^^^^^^^^^^^^^^^^^^^^\n   |\n   = help: consider using a Cargo feature instead\n   = help: or consider adding in `Cargo.toml` the `check-cfg` lint config for the lint:\n            [lints.rust]\n            unexpected_cfgs = { level = \"warn\", check-cfg = ['cfg(regex_runtime_teddy_avx2)'] }\n   = help: or consider adding `println!(\"cargo::rustc-check-cfg=cfg(regex_runtime_teddy_avx2)\");` to the top of the `build.rs`\n   = note: see <https://doc.rust-lang.org/nightly/rustc/check-cfg/cargo-specifics.html> for more information about checking conditional configuration\n\nwarning: unexpected `cfg` condition name: `regex_runtime_teddy_ssse3`\n --> src/literal/teddy_ssse3/mod.rs:5:5\n  |\n5 |     regex_runtime_teddy_ssse3,\n  |     ^^^^^^^^^^^^^^^^^^^^^^^^^\n  |\n  = help: consider using a Cargo feature instead\n  = help: or consider adding in `Cargo.toml` the `check-cfg` lint config for the lint:\n           [lints.rust]\n           unexpected_cfgs = { level = \"warn\", check-cfg = ['cfg(regex_runtime_teddy_ssse3)'] }\n  = help: or consider adding `println!(\"cargo::rustc-check-cfg=cfg(regex_runtime_teddy_ssse3)\");` to the top of the `build.rs`\n  = note: see <https://doc.rust-lang.org/nightly/rustc/check-cfg/cargo-specifics.html> for more information about checking conditional configuration\n\nwarning: unexpected `cfg` condition name: `regex_runtime_teddy_ssse3`\n  --> src/literal/teddy_ssse3/mod.rs:12:5\n   |\n12 |     regex_runtime_teddy_ssse3,\n   |     ^^^^^^^^^^^^^^^^^^^^^^^^^\n   |\n   = help: consider using a Cargo feature instead\n   = help: or consider adding in `Cargo.toml` the `check-cfg` lint config for the lint:\n            [lints.rust]\n            unexpected_cfgs = { level = \"warn\", check-cfg = ['cfg(regex_runtime_teddy_ssse3)'] }\n   = help: or consider adding `println!(\"cargo::rustc-check-cfg=cfg(regex_runtime_teddy_ssse3)\");` to the top of the `build.rs`\n   = note: see <https://doc.rust-lang.org/nightly/rustc/check-cfg/cargo-specifics.html> for more information about checking conditional configuration\n\nwarning: unused imports: `BoyerMooreSearch` and `FreqyPacked`\n   --> src/literal/mod.rs:902:17\n    |\n902 |     use super::{BoyerMooreSearch, FreqyPacked};\n    |                 ^^^^^^^^^^^^^^^^  ^^^^^^^^^^^\n\nwarning: unused import: `quickcheck::TestResult`\n    --> src/literal/mod.rs:1004:9\n     |\n1004 |     use quickcheck::TestResult;\n     |         ^^^^^^^^^^^^^^^^^^^^^^\n\nwarning: trait objects without an explicit `dyn` are deprecated\n  --> src/error.rs:40:32\n   |\n40 |     fn cause(&self) -> Option<&::std::error::Error> {\n   |                                ^^^^^^^^^^^^^^^^^^^\n   |\n   = warning: this is accepted in the current edition (Rust 2015) but is a hard error in Rust 2021!\n   = note: for more information, see <https://doc.rust-lang.org/nightly/edition-guide/rust-2021/warnings-promoted-to-error.html>\n   = note: `#[warn(bare_trait_objects)]` on by default\nhelp: if this is an object-safe trait, use `dyn`\n   |\n40 |     fn cause(&self) -> Option<&dyn (::std::error::Error)> {\n   |                                +++++                   +\n\nwarning: trait objects without an explicit `dyn` are deprecated\n   --> src/compile.rs:400:28\n    |\n400 |         let mut chars: Box<Iterator<Item=&char>> =\n    |                            ^^^^^^^^^^^^^^^^^^^^\n    |\n    = warning: this is accepted in the current edition (Rust 2015) but is a hard error in Rust 2021!\n    = note: for more information, see <https://doc.rust-lang.org/nightly/edition-guide/rust-2021/warnings-promoted-to-error.html>\nhelp: if this is an object-safe trait, use `dyn`\n    |\n400 |         let mut chars: Box<dyn Iterator<Item=&char>> =\n    |                            +++\n\nwarning: trait objects without an explicit `dyn` are deprecated\n   --> src/compile.rs:441:28\n    |\n441 |         let mut bytes: Box<Iterator<Item=&u8>> =\n    |                            ^^^^^^^^^^^^^^^^^^\n    |\n    = warning: this is accepted in the current edition (Rust 2015) but is a hard error in Rust 2021!\n    = note: for more information, see <https://doc.rust-lang.org/nightly/edition-guide/rust-2021/warnings-promoted-to-error.html>\nhelp: if this is an object-safe trait, use `dyn`\n    |\n441 |         let mut bytes: Box<dyn Iterator<Item=&u8>> =\n    |                            +++\n\nerror[E0277]: the trait bound `llmtests::Slot: Clone` is not satisfied\n    --> src/exec.rs:1420:26\n     |\n1420 |     let mut slots = vec![Slot; 5];\n     |                     -----^^^^----\n     |                     |    |\n     |                     |    the trait `Clone` is not implemented for `llmtests::Slot`\n     |                     required by a bound introduced by this call\n     |\nnote: required by a bound in `from_elem`\n    --> /home/abezbm/.rustup/toolchains/nightly-2024-07-21-x86_64-unknown-linux-gnu/lib/rustlib/src/rust/library/alloc/src/vec/mod.rs:2743:21\n     |\n2743 | pub fn from_elem<T: Clone>(elem: T, n: usize) -> Vec<T> {\n     |                     ^^^^^ required by this bound in `from_elem`\nhelp: consider annotating `llmtests::Slot` with `#[derive(Clone)]`\n     |\n1367 + #[derive(Clone)]\n1368 | struct Slot;\n     |\n\nSome errors have detailed explanations: E0277, E0425.\nFor more information about an error, try `rustc --explain E0277`.\nwarning: `regex` (lib test) generated 32 warnings\nerror: could not compile `regex` (lib test) due to 3 previous errors; 32 warnings emitted\n"
                }
              ],
              "repaired": [
                false
              ]
            },
            {
              "attrs": [],
              "prefix": [],
              "oracles": [],
              "codes": [
                [
                  "{",
                  "    let nfa = MockNfa {",
                  "        nfa: vec![1],",
                  "    };",
                  "    let mut matches = vec![false; 5];",
                  "    let mut slots = vec![Slot; 5];",
                  "    let text = b\"sample text\";",
                  "    let result = nfa.exec_nfa(MatchNfaType::PikeVM, &mut matches, &mut slots, true, text, 0);",
                  "    assert!(result);",
                  "}"
                ]
              ],
              "can_compile": [
                {
                  "Err": "warning: /home/abezbm/rust-utgen-test-crates-new/regex/Cargo.toml: no edition set: defaulting to the 2015 edition while the latest is 2021\nwarning: /home/abezbm/rust-utgen-test-crates-new/regex/regex-debug/Cargo.toml: no edition set: defaulting to the 2015 edition while the latest is 2021\nwarning: /home/abezbm/rust-utgen-test-crates-new/regex/regex-syntax/Cargo.toml: no edition set: defaulting to the 2015 edition while the latest is 2021\nwarning: /home/abezbm/rust-utgen-test-crates-new/regex/regex-capi/Cargo.toml: no edition set: defaulting to the 2015 edition while the latest is 2021\n   Compiling proc-macro2 v1.0.95\n   Compiling syn v1.0.109\n   Compiling libc v0.2.172\n   Compiling regex v1.0.0 (/home/abezbm/rust-utgen-test-crates-new/regex)\n   Compiling quote v1.0.40\n   Compiling rand v0.4.6\n   Compiling quickcheck v0.6.2\n   Compiling ntest_test_cases v0.9.3\n   Compiling ntest_timeout v0.9.3\n   Compiling ntest v0.9.3\n   Compiling regex-syntax v0.6.0 (/home/abezbm/rust-utgen-test-crates-new/regex/regex-syntax)\nwarning: `...` range patterns are deprecated\n    --> regex-syntax/src/ast/parse.rs:1445:16\n     |\n1445 |             '0'...'7' => {\n     |                ^^^ help: use `..=` for an inclusive range\n     |\n     = warning: this is accepted in the current edition (Rust 2015) but is a hard error in Rust 2021!\n     = note: for more information, see <https://doc.rust-lang.org/nightly/edition-guide/rust-2021/warnings-promoted-to-error.html>\n     = note: `#[warn(ellipsis_inclusive_range_patterns)]` on by default\n\nwarning: `...` range patterns are deprecated\n    --> regex-syntax/src/ast/parse.rs:1456:16\n     |\n1456 |             '8'...'9' if !self.parser().octal => {\n     |                ^^^ help: use `..=` for an inclusive range\n     |\n     = warning: this is accepted in the current edition (Rust 2015) but is a hard error in Rust 2021!\n     = note: for more information, see <https://doc.rust-lang.org/nightly/edition-guide/rust-2021/warnings-promoted-to-error.html>\n\nwarning: `...` range patterns are deprecated\n   --> regex-syntax/src/lib.rs:195:21\n    |\n195 |         b'_' | b'0' ... b'9' | b'a' ... b'z' | b'A' ... b'Z'  => true,\n    |                     ^^^ help: use `..=` for an inclusive range\n    |\n    = warning: this is accepted in the current edition (Rust 2015) but is a hard error in Rust 2021!\n    = note: for more information, see <https://doc.rust-lang.org/nightly/edition-guide/rust-2021/warnings-promoted-to-error.html>\n\nwarning: `...` range patterns are deprecated\n   --> regex-syntax/src/lib.rs:195:37\n    |\n195 |         b'_' | b'0' ... b'9' | b'a' ... b'z' | b'A' ... b'Z'  => true,\n    |                                     ^^^ help: use `..=` for an inclusive range\n    |\n    = warning: this is accepted in the current edition (Rust 2015) but is a hard error in Rust 2021!\n    = note: for more information, see <https://doc.rust-lang.org/nightly/edition-guide/rust-2021/warnings-promoted-to-error.html>\n\nwarning: `...` range patterns are deprecated\n   --> regex-syntax/src/lib.rs:195:53\n    |\n195 |         b'_' | b'0' ... b'9' | b'a' ... b'z' | b'A' ... b'Z'  => true,\n    |                                                     ^^^ help: use `..=` for an inclusive range\n    |\n    = warning: this is accepted in the current edition (Rust 2015) but is a hard error in Rust 2021!\n    = note: for more information, see <https://doc.rust-lang.org/nightly/edition-guide/rust-2021/warnings-promoted-to-error.html>\n\nwarning: use of deprecated method `std::error::Error::description`: use the Display impl or to_string()\n  --> regex-syntax/src/error.rs:45:38\n   |\n45 |             Error::Parse(ref x) => x.description(),\n   |                                      ^^^^^^^^^^^\n   |\n   = note: `#[warn(deprecated)]` on by default\n\nwarning: use of deprecated method `std::error::Error::description`: use the Display impl or to_string()\n  --> regex-syntax/src/error.rs:46:42\n   |\n46 |             Error::Translate(ref x) => x.description(),\n   |                                          ^^^^^^^^^^^\n\nwarning: variable does not need to be mutable\n   --> regex-syntax/src/hir/literal/mod.rs:687:17\n    |\n687 |             let mut buf = &mut buf[..i];\n    |                 ----^^^\n    |                 |\n    |                 help: remove this `mut`\n    |\n    = note: `#[warn(unused_mut)]` on by default\n\nwarning: field `printer` is never read\n  --> regex-syntax/src/ast/print.rs:80:5\n   |\n79 | struct Writer<'p, W> {\n   |        ------ field in this struct\n80 |     printer: &'p mut Printer,\n   |     ^^^^^^^\n   |\n   = note: `Writer` has a derived impl for the trait `Debug`, but this is intentionally ignored during dead code analysis\n   = note: `#[warn(dead_code)]` on by default\n\nwarning: method `symmetric_difference` is never used\n   --> regex-syntax/src/hir/interval.rs:411:8\n    |\n326 | pub trait Interval:\n    |           -------- method in this trait\n...\n411 |     fn symmetric_difference(\n    |        ^^^^^^^^^^^^^^^^^^^^\n\nwarning: field `printer` is never read\n  --> regex-syntax/src/hir/print.rs:78:5\n   |\n77 | struct Writer<'p, W> {\n   |        ------ field in this struct\n78 |     printer: &'p mut Printer,\n   |     ^^^^^^^\n   |\n   = note: `Writer` has a derived impl for the trait `Debug`, but this is intentionally ignored during dead code analysis\n\nwarning: call to `.borrow()` on a reference in this situation does nothing\n   --> regex-syntax/src/ast/parse.rs:386:21\n    |\n386 |         self.pattern.borrow()\n    |                     ^^^^^^^^^ help: remove this redundant call\n    |\n    = note: the type `str` does not implement `Borrow`, so calling `borrow` on `&str` copies the reference, which does not do anything and can be removed\n    = note: `#[warn(noop_method_call)]` on by default\n\nwarning: `regex-syntax` (lib) generated 12 warnings (run `cargo fix --lib -p regex-syntax` to apply 7 suggestions)\nerror[E0425]: cannot find value `Backtrack` in this scope\n    --> src/exec.rs:1391:22\n     |\n1391 |                 ty = Backtrack;\n     |                      ^^^^^^^^^ not found in this scope\n     |\nhelp: consider importing one of these unit variants\n     |\n1353 +    use exec::MatchNfaType::Backtrack;\n     |\n1353 +    use exec::llmtests::MatchNfaType::Backtrack;\n     |\n\nerror[E0425]: cannot find value `PikeVM` in this scope\n    --> src/exec.rs:1393:22\n     |\n1393 |                 ty = PikeVM;\n     |                      ^^^^^^ not found in this scope\n     |\nhelp: consider importing one of these unit variants\n     |\n1353 +    use exec::MatchNfaType::PikeVM;\n     |\n1353 +    use exec::llmtests::MatchNfaType::PikeVM;\n     |\n\nwarning: `...` range patterns are deprecated\n  --> src/utf8.rs:59:21\n   |\n59 |         0b110_00000 ... 0b110_11111 => {\n   |                     ^^^ help: use `..=` for an inclusive range\n   |\n   = warning: this is accepted in the current edition (Rust 2015) but is a hard error in Rust 2021!\n   = note: for more information, see <https://doc.rust-lang.org/nightly/edition-guide/rust-2021/warnings-promoted-to-error.html>\n   = note: `#[warn(ellipsis_inclusive_range_patterns)]` on by default\n\nwarning: `...` range patterns are deprecated\n  --> src/utf8.rs:70:22\n   |\n70 |                 0x80 ... 0x7FF => char::from_u32(cp).map(|cp| (cp, 2)),\n   |                      ^^^ help: use `..=` for an inclusive range\n   |\n   = warning: this is accepted in the current edition (Rust 2015) but is a hard error in Rust 2021!\n   = note: for more information, see <https://doc.rust-lang.org/nightly/edition-guide/rust-2021/warnings-promoted-to-error.html>\n\nwarning: `...` range patterns are deprecated\n  --> src/utf8.rs:74:21\n   |\n74 |         0b1110_0000 ... 0b1110_1111 => {\n   |                     ^^^ help: use `..=` for an inclusive range\n   |\n   = warning: this is accepted in the current edition (Rust 2015) but is a hard error in Rust 2021!\n   = note: for more information, see <https://doc.rust-lang.org/nightly/edition-guide/rust-2021/warnings-promoted-to-error.html>\n\nwarning: `...` range patterns are deprecated\n  --> src/utf8.rs:90:23\n   |\n90 |                 0x800 ... 0xFFFF => char::from_u32(cp).map(|cp| (cp, 3)),\n   |                       ^^^ help: use `..=` for an inclusive range\n   |\n   = warning: this is accepted in the current edition (Rust 2015) but is a hard error in Rust 2021!\n   = note: for more information, see <https://doc.rust-lang.org/nightly/edition-guide/rust-2021/warnings-promoted-to-error.html>\n\nwarning: `...` range patterns are deprecated\n  --> src/utf8.rs:94:21\n   |\n94 |         0b11110_000 ... 0b11110_111 => {\n   |                     ^^^ help: use `..=` for an inclusive range\n   |\n   = warning: this is accepted in the current edition (Rust 2015) but is a hard error in Rust 2021!\n   = note: for more information, see <https://doc.rust-lang.org/nightly/edition-guide/rust-2021/warnings-promoted-to-error.html>\n\nwarning: `...` range patterns are deprecated\n   --> src/utf8.rs:113:25\n    |\n113 |                 0x10000 ... 0x10FFFF => char::from_u32(cp).map(|cp| (cp, 4)),\n    |                         ^^^ help: use `..=` for an inclusive range\n    |\n    = warning: this is accepted in the current edition (Rust 2015) but is a hard error in Rust 2021!\n    = note: for more information, see <https://doc.rust-lang.org/nightly/edition-guide/rust-2021/warnings-promoted-to-error.html>\n\nwarning: unused import: `std::str`\n   --> src/utf8.rs:150:9\n    |\n150 |     use std::str;\n    |         ^^^^^^^^\n    |\n    = note: `#[warn(unused_imports)]` on by default\n\nwarning: unused import: `quickcheck::quickcheck`\n   --> src/utf8.rs:152:9\n    |\n152 |     use quickcheck::quickcheck;\n    |         ^^^^^^^^^^^^^^^^^^^^^^\n\nwarning: unused imports: `TAG_CONT`, `TAG_FOUR`, `TAG_THREE`, `TAG_TWO`, `decode_last_utf8`, and `decode_utf8`\n   --> src/utf8.rs:155:9\n    |\n155 |         TAG_CONT, TAG_TWO, TAG_THREE, TAG_FOUR,\n    |         ^^^^^^^^  ^^^^^^^  ^^^^^^^^^  ^^^^^^^^\n156 |         decode_utf8, decode_last_utf8,\n    |         ^^^^^^^^^^^  ^^^^^^^^^^^^^^^^\n\nwarning: unused import: `super::ByteClassSet`\n    --> src/compile.rs:1110:9\n     |\n1110 |     use super::ByteClassSet;\n     |         ^^^^^^^^^^^^^^^^^^^\n\nwarning: `...` range patterns are deprecated\n    --> src/dfa.rs:1695:17\n     |\n1695 |             b'A'...b'Z' | b'a'...b'z' | b'0'...b'9' | b'_' => true,\n     |                 ^^^ help: use `..=` for an inclusive range\n     |\n     = warning: this is accepted in the current edition (Rust 2015) but is a hard error in Rust 2021!\n     = note: for more information, see <https://doc.rust-lang.org/nightly/edition-guide/rust-2021/warnings-promoted-to-error.html>\n\nwarning: `...` range patterns are deprecated\n    --> src/dfa.rs:1695:31\n     |\n1695 |             b'A'...b'Z' | b'a'...b'z' | b'0'...b'9' | b'_' => true,\n     |                               ^^^ help: use `..=` for an inclusive range\n     |\n     = warning: this is accepted in the current edition (Rust 2015) but is a hard error in Rust 2021!\n     = note: for more information, see <https://doc.rust-lang.org/nightly/edition-guide/rust-2021/warnings-promoted-to-error.html>\n\nwarning: `...` range patterns are deprecated\n    --> src/dfa.rs:1695:45\n     |\n1695 |             b'A'...b'Z' | b'a'...b'z' | b'0'...b'9' | b'_' => true,\n     |                                             ^^^ help: use `..=` for an inclusive range\n     |\n     = warning: this is accepted in the current edition (Rust 2015) but is a hard error in Rust 2021!\n     = note: for more information, see <https://doc.rust-lang.org/nightly/edition-guide/rust-2021/warnings-promoted-to-error.html>\n\nwarning: unused imports: `QuickCheck`, `StdGen`, and `quickcheck`\n    --> src/dfa.rs:1847:22\n     |\n1847 |     use quickcheck::{QuickCheck, StdGen, quickcheck};\n     |                      ^^^^^^^^^^  ^^^^^^  ^^^^^^^^^^\n\nwarning: unused imports: `StateFlags`, `State`, `push_inst_ptr`, `read_vari32`, `read_varu32`, `write_vari32`, and `write_varu32`\n    --> src/dfa.rs:1849:9\n     |\n1849 |         StateFlags, State, push_inst_ptr,\n     |         ^^^^^^^^^^  ^^^^^  ^^^^^^^^^^^^^\n1850 |         write_varu32, read_varu32, write_vari32, read_vari32,\n     |         ^^^^^^^^^^^^  ^^^^^^^^^^^  ^^^^^^^^^^^^  ^^^^^^^^^^^\n\nwarning: unused import: `super::*`\n    --> src/exec.rs:1353:8\n     |\n1353 |    use super::*;\n     |        ^^^^^^^^\n\nwarning: unused import: `ntest::timeout`\n    --> src/exec.rs:1354:8\n     |\n1354 |    use ntest::timeout;\n     |        ^^^^^^^^^^^^^^\n\nwarning: `...` range patterns are deprecated\n   --> src/expand.rs:172:14\n    |\n172 |         b'0' ... b'9' | b'a' ... b'z' | b'A' ... b'Z' | b'_' => true,\n    |              ^^^ help: use `..=` for an inclusive range\n    |\n    = warning: this is accepted in the current edition (Rust 2015) but is a hard error in Rust 2021!\n    = note: for more information, see <https://doc.rust-lang.org/nightly/edition-guide/rust-2021/warnings-promoted-to-error.html>\n\nwarning: `...` range patterns are deprecated\n   --> src/expand.rs:172:30\n    |\n172 |         b'0' ... b'9' | b'a' ... b'z' | b'A' ... b'Z' | b'_' => true,\n    |                              ^^^ help: use `..=` for an inclusive range\n    |\n    = warning: this is accepted in the current edition (Rust 2015) but is a hard error in Rust 2021!\n    = note: for more information, see <https://doc.rust-lang.org/nightly/edition-guide/rust-2021/warnings-promoted-to-error.html>\n\nwarning: `...` range patterns are deprecated\n   --> src/expand.rs:172:46\n    |\n172 |         b'0' ... b'9' | b'a' ... b'z' | b'A' ... b'Z' | b'_' => true,\n    |                                              ^^^ help: use `..=` for an inclusive range\n    |\n    = warning: this is accepted in the current edition (Rust 2015) but is a hard error in Rust 2021!\n    = note: for more information, see <https://doc.rust-lang.org/nightly/edition-guide/rust-2021/warnings-promoted-to-error.html>\n\nwarning: unused imports: `CaptureRef` and `find_cap_ref`\n   --> src/expand.rs:179:17\n    |\n179 |     use super::{CaptureRef, find_cap_ref};\n    |                 ^^^^^^^^^^  ^^^^^^^^^^^^\n\nwarning: unused macro definition: `find`\n   --> src/expand.rs:181:18\n    |\n181 |     macro_rules! find {\n    |                  ^^^^\n    |\n    = note: `#[warn(unused_macros)]` on by default\n\nwarning: unused macro definition: `c`\n   --> src/expand.rs:196:18\n    |\n196 |     macro_rules! c {\n    |                  ^\n\nwarning: unexpected `cfg` condition name: `regex_runtime_teddy_avx2`\n --> src/literal/teddy_avx2/mod.rs:5:5\n  |\n5 |     regex_runtime_teddy_avx2,\n  |     ^^^^^^^^^^^^^^^^^^^^^^^^\n  |\n  = help: expected names are: `clippy`, `debug_assertions`, `doc`, `docsrs`, `doctest`, `feature`, `miri`, `overflow_checks`, `panic`, `proc_macro`, `relocation_model`, `rustfmt`, `sanitize`, `sanitizer_cfi_generalize_pointers`, `sanitizer_cfi_normalize_integers`, `target_abi`, `target_arch`, `target_endian`, `target_env`, `target_family`, `target_feature`, `target_has_atomic`, `target_has_atomic_equal_alignment`, `target_has_atomic_load_store`, `target_os`, `target_pointer_width`, `target_thread_local`, `target_vendor`, `test`, `ub_checks`, `unix`, and `windows`\n  = help: consider using a Cargo feature instead\n  = help: or consider adding in `Cargo.toml` the `check-cfg` lint config for the lint:\n           [lints.rust]\n           unexpected_cfgs = { level = \"warn\", check-cfg = ['cfg(regex_runtime_teddy_avx2)'] }\n  = help: or consider adding `println!(\"cargo::rustc-check-cfg=cfg(regex_runtime_teddy_avx2)\");` to the top of the `build.rs`\n  = note: see <https://doc.rust-lang.org/nightly/rustc/check-cfg/cargo-specifics.html> for more information about checking conditional configuration\n  = note: `#[warn(unexpected_cfgs)]` on by default\n\nwarning: unexpected `cfg` condition name: `regex_runtime_teddy_avx2`\n  --> src/literal/teddy_avx2/mod.rs:12:5\n   |\n12 |     regex_runtime_teddy_avx2,\n   |     ^^^^^^^^^^^^^^^^^^^^^^^^\n   |\n   = help: consider using a Cargo feature instead\n   = help: or consider adding in `Cargo.toml` the `check-cfg` lint config for the lint:\n            [lints.rust]\n            unexpected_cfgs = { level = \"warn\", check-cfg = ['cfg(regex_runtime_teddy_avx2)'] }\n   = help: or consider adding `println!(\"cargo::rustc-check-cfg=cfg(regex_runtime_teddy_avx2)\");` to the top of the `build.rs`\n   = note: see <https://doc.rust-lang.org/nightly/rustc/check-cfg/cargo-specifics.html> for more information about checking conditional configuration\n\nwarning: unexpected `cfg` condition name: `regex_runtime_teddy_ssse3`\n --> src/literal/teddy_ssse3/mod.rs:5:5\n  |\n5 |     regex_runtime_teddy_ssse3,\n  |     ^^^^^^^^^^^^^^^^^^^^^^^^^\n  |\n  = help: consider using a Cargo feature instead\n  = help: or consider adding in `Cargo.toml` the `check-cfg` lint config for the lint:\n           [lints.rust]\n           unexpected_cfgs = { level = \"warn\", check-cfg = ['cfg(regex_runtime_teddy_ssse3)'] }\n  = help: or consider adding `println!(\"cargo::rustc-check-cfg=cfg(regex_runtime_teddy_ssse3)\");` to the top of the `build.rs`\n  = note: see <https://doc.rust-lang.org/nightly/rustc/check-cfg/cargo-specifics.html> for more information about checking conditional configuration\n\nwarning: unexpected `cfg` condition name: `regex_runtime_teddy_ssse3`\n  --> src/literal/teddy_ssse3/mod.rs:12:5\n   |\n12 |     regex_runtime_teddy_ssse3,\n   |     ^^^^^^^^^^^^^^^^^^^^^^^^^\n   |\n   = help: consider using a Cargo feature instead\n   = help: or consider adding in `Cargo.toml` the `check-cfg` lint config for the lint:\n            [lints.rust]\n            unexpected_cfgs = { level = \"warn\", check-cfg = ['cfg(regex_runtime_teddy_ssse3)'] }\n   = help: or consider adding `println!(\"cargo::rustc-check-cfg=cfg(regex_runtime_teddy_ssse3)\");` to the top of the `build.rs`\n   = note: see <https://doc.rust-lang.org/nightly/rustc/check-cfg/cargo-specifics.html> for more information about checking conditional configuration\n\nwarning: unused imports: `BoyerMooreSearch` and `FreqyPacked`\n   --> src/literal/mod.rs:902:17\n    |\n902 |     use super::{BoyerMooreSearch, FreqyPacked};\n    |                 ^^^^^^^^^^^^^^^^  ^^^^^^^^^^^\n\nwarning: unused import: `quickcheck::TestResult`\n    --> src/literal/mod.rs:1004:9\n     |\n1004 |     use quickcheck::TestResult;\n     |         ^^^^^^^^^^^^^^^^^^^^^^\n\nwarning: trait objects without an explicit `dyn` are deprecated\n  --> src/error.rs:40:32\n   |\n40 |     fn cause(&self) -> Option<&::std::error::Error> {\n   |                                ^^^^^^^^^^^^^^^^^^^\n   |\n   = warning: this is accepted in the current edition (Rust 2015) but is a hard error in Rust 2021!\n   = note: for more information, see <https://doc.rust-lang.org/nightly/edition-guide/rust-2021/warnings-promoted-to-error.html>\n   = note: `#[warn(bare_trait_objects)]` on by default\nhelp: if this is an object-safe trait, use `dyn`\n   |\n40 |     fn cause(&self) -> Option<&dyn (::std::error::Error)> {\n   |                                +++++                   +\n\nwarning: trait objects without an explicit `dyn` are deprecated\n   --> src/compile.rs:400:28\n    |\n400 |         let mut chars: Box<Iterator<Item=&char>> =\n    |                            ^^^^^^^^^^^^^^^^^^^^\n    |\n    = warning: this is accepted in the current edition (Rust 2015) but is a hard error in Rust 2021!\n    = note: for more information, see <https://doc.rust-lang.org/nightly/edition-guide/rust-2021/warnings-promoted-to-error.html>\nhelp: if this is an object-safe trait, use `dyn`\n    |\n400 |         let mut chars: Box<dyn Iterator<Item=&char>> =\n    |                            +++\n\nwarning: trait objects without an explicit `dyn` are deprecated\n   --> src/compile.rs:441:28\n    |\n441 |         let mut bytes: Box<Iterator<Item=&u8>> =\n    |                            ^^^^^^^^^^^^^^^^^^\n    |\n    = warning: this is accepted in the current edition (Rust 2015) but is a hard error in Rust 2021!\n    = note: for more information, see <https://doc.rust-lang.org/nightly/edition-guide/rust-2021/warnings-promoted-to-error.html>\nhelp: if this is an object-safe trait, use `dyn`\n    |\n441 |         let mut bytes: Box<dyn Iterator<Item=&u8>> =\n    |                            +++\n\nerror[E0277]: the trait bound `llmtests::Slot: Clone` is not satisfied\n    --> src/exec.rs:1420:26\n     |\n1420 |     let mut slots = vec![Slot; 5];\n     |                     -----^^^^----\n     |                     |    |\n     |                     |    the trait `Clone` is not implemented for `llmtests::Slot`\n     |                     required by a bound introduced by this call\n     |\nnote: required by a bound in `from_elem`\n    --> /home/abezbm/.rustup/toolchains/nightly-2024-07-21-x86_64-unknown-linux-gnu/lib/rustlib/src/rust/library/alloc/src/vec/mod.rs:2743:21\n     |\n2743 | pub fn from_elem<T: Clone>(elem: T, n: usize) -> Vec<T> {\n     |                     ^^^^^ required by this bound in `from_elem`\nhelp: consider annotating `llmtests::Slot` with `#[derive(Clone)]`\n     |\n1367 + #[derive(Clone)]\n1368 | struct Slot;\n     |\n\nSome errors have detailed explanations: E0277, E0425.\nFor more information about an error, try `rustc --explain E0277`.\nwarning: `regex` (lib test) generated 32 warnings\nerror: could not compile `regex` (lib test) due to 3 previous errors; 32 warnings emitted\n"
                }
              ],
              "repaired": [
                false
              ]
            }
          ]
        }
      ]
    }
  ]
}