{
  "name": "regex_syntax::hir::translate::hir::translate::TranslatorI<'t, 'p>::pop",
  "name_with_impl": "regex_syntax::hir::translate::{impl#5}::pop",
  "mod_info": {
    "name": "hir::translate",
    "loc": "regex-syntax/src/hir/mod.rs:29:1:29:19"
  },
  "visible": false,
  "loc": "regex-syntax/src/hir/translate.rs:582:5:584:6",
  "fn_tests": [
    {
      "chain_id": 0,
      "prompt_conds": [],
      "input_infer": "",
      "answers": [
        {
          "uses": [],
          "has_test_mod": false,
          "common": [
            "#[derive(Debug)]",
            "struct HirFrame;",
            "",
            "struct CallStack {",
            "    stack: Vec<HirFrame>,",
            "}",
            "",
            "impl CallStack {",
            "    fn new() -> Self {",
            "        CallStack { stack: Vec::new() }",
            "    }",
            "",
            "    fn push(&mut self, frame: HirFrame) {",
            "        self.stack.push(frame);",
            "    }",
            "",
            "    fn pop(&mut self) -> Option<HirFrame> {",
            "        self.stack.pop()",
            "    }",
            "}",
            "",
            "struct Translator {",
            "    stack: std::cell::RefCell<CallStack>,",
            "}",
            "",
            "impl Translator {",
            "    fn new() -> Self {",
            "        Translator {",
            "            stack: std::cell::RefCell::new(CallStack::new()),",
            "        }",
            "    }",
            "",
            "    fn trans(&self) -> &CallStack {",
            "        &self.stack.borrow_mut()",
            "    }",
            "",
            "    fn pop(&self) -> Option<HirFrame> {",
            "        self.trans().pop()",
            "    }",
            "}"
          ],
          "chain_tests": [
            {
              "attrs": [],
              "prefix": [],
              "oracles": [],
              "codes": [
                [
                  "{",
                  "    let translator = Translator::new();",
                  "    let result = translator.pop();",
                  "    assert_eq!(result, None);",
                  "}"
                ]
              ],
              "can_compile": [
                {
                  "Err": "warning: /home/abezbm/rust-utgen-test-crates-new/regex/regex-syntax/Cargo.toml: no edition set: defaulting to the 2015 edition while the latest is 2021\nwarning: /home/abezbm/rust-utgen-test-crates-new/regex/regex-debug/Cargo.toml: no edition set: defaulting to the 2015 edition while the latest is 2021\nwarning: /home/abezbm/rust-utgen-test-crates-new/regex/Cargo.toml: no edition set: defaulting to the 2015 edition while the latest is 2021\nwarning: /home/abezbm/rust-utgen-test-crates-new/regex/regex-capi/Cargo.toml: no edition set: defaulting to the 2015 edition while the latest is 2021\n   Compiling proc-macro2 v1.0.95\n   Compiling syn v1.0.109\n   Compiling quote v1.0.40\n   Compiling ntest_timeout v0.9.3\n   Compiling ntest_test_cases v0.9.3\n   Compiling ntest v0.9.3\n   Compiling regex-syntax v0.6.0 (/home/abezbm/rust-utgen-test-crates-new/regex/regex-syntax)\nwarning: `...` range patterns are deprecated\n    --> regex-syntax/src/ast/parse.rs:1445:16\n     |\n1445 |             '0'...'7' => {\n     |                ^^^ help: use `..=` for an inclusive range\n     |\n     = warning: this is accepted in the current edition (Rust 2015) but is a hard error in Rust 2021!\n     = note: for more information, see <https://doc.rust-lang.org/nightly/edition-guide/rust-2021/warnings-promoted-to-error.html>\n     = note: `#[warn(ellipsis_inclusive_range_patterns)]` on by default\n\nwarning: `...` range patterns are deprecated\n    --> regex-syntax/src/ast/parse.rs:1456:16\n     |\n1456 |             '8'...'9' if !self.parser().octal => {\n     |                ^^^ help: use `..=` for an inclusive range\n     |\n     = warning: this is accepted in the current edition (Rust 2015) but is a hard error in Rust 2021!\n     = note: for more information, see <https://doc.rust-lang.org/nightly/edition-guide/rust-2021/warnings-promoted-to-error.html>\n\nwarning: unused import: `Primitive`\n    --> regex-syntax/src/ast/parse.rs:2261:49\n     |\n2261 |     use super::{Parser, ParserI, ParserBuilder, Primitive};\n     |                                                 ^^^^^^^^^\n     |\n     = note: `#[warn(unused_imports)]` on by default\n\nwarning: unused macro definition: `assert_eq`\n    --> regex-syntax/src/ast/parse.rs:2265:18\n     |\n2265 |     macro_rules! assert_eq {\n     |                  ^^^^^^^^^\n     |\n     = note: `#[warn(unused_macros)]` on by default\n\nwarning: unused import: `super::*`\n    --> regex-syntax/src/ast/mod.rs:1482:9\n     |\n1482 |     use super::*;\n     |         ^^^^^^^^\n\nwarning: unused import: `ast::parse::Parser`\n   --> regex-syntax/src/error.rs:288:9\n    |\n288 |     use ast::parse::Parser;\n    |         ^^^^^^^^^^^^^^^^^^\n\nwarning: unused import: `ParserBuilder`\n    --> regex-syntax/src/hir/literal/mod.rs:1004:9\n     |\n1004 |     use ParserBuilder;\n     |         ^^^^^^^^^^^^^\n\nwarning: unused imports: `Position` and `self`\n    --> regex-syntax/src/hir/translate.rs:1094:15\n     |\n1094 |     use ast::{self, Ast, Position, Span};\n     |               ^^^^       ^^^^^^^^\n\nwarning: unused import: `ascii_class`\n    --> regex-syntax/src/hir/translate.rs:1099:36\n     |\n1099 |     use super::{TranslatorBuilder, ascii_class};\n     |                                    ^^^^^^^^^^^\n\nwarning: unused import: `super::*`\n    --> regex-syntax/src/hir/translate.rs:2535:8\n     |\n2535 |    use super::*;\n     |        ^^^^^^^^\n\nwarning: unused import: `ntest::timeout`\n    --> regex-syntax/src/hir/translate.rs:2536:8\n     |\n2536 |    use ntest::timeout;\n     |        ^^^^^^^^^^^^^^\n\nwarning: unused imports: `contains_simple_case_mapping` and `simple_fold`\n   --> regex-syntax/src/unicode.rs:375:17\n    |\n375 |     use super::{contains_simple_case_mapping, simple_fold};\n    |                 ^^^^^^^^^^^^^^^^^^^^^^^^^^^^  ^^^^^^^^^^^\n\nwarning: `...` range patterns are deprecated\n   --> regex-syntax/src/lib.rs:195:21\n    |\n195 |         b'_' | b'0' ... b'9' | b'a' ... b'z' | b'A' ... b'Z'  => true,\n    |                     ^^^ help: use `..=` for an inclusive range\n    |\n    = warning: this is accepted in the current edition (Rust 2015) but is a hard error in Rust 2021!\n    = note: for more information, see <https://doc.rust-lang.org/nightly/edition-guide/rust-2021/warnings-promoted-to-error.html>\n\nwarning: `...` range patterns are deprecated\n   --> regex-syntax/src/lib.rs:195:37\n    |\n195 |         b'_' | b'0' ... b'9' | b'a' ... b'z' | b'A' ... b'Z'  => true,\n    |                                     ^^^ help: use `..=` for an inclusive range\n    |\n    = warning: this is accepted in the current edition (Rust 2015) but is a hard error in Rust 2021!\n    = note: for more information, see <https://doc.rust-lang.org/nightly/edition-guide/rust-2021/warnings-promoted-to-error.html>\n\nwarning: `...` range patterns are deprecated\n   --> regex-syntax/src/lib.rs:195:53\n    |\n195 |         b'_' | b'0' ... b'9' | b'a' ... b'z' | b'A' ... b'Z'  => true,\n    |                                                     ^^^ help: use `..=` for an inclusive range\n    |\n    = warning: this is accepted in the current edition (Rust 2015) but is a hard error in Rust 2021!\n    = note: for more information, see <https://doc.rust-lang.org/nightly/edition-guide/rust-2021/warnings-promoted-to-error.html>\n\nwarning: unused import: `super::*`\n   --> regex-syntax/src/lib.rs:202:9\n    |\n202 |     use super::*;\n    |         ^^^^^^^^\n\nwarning: use of deprecated method `std::error::Error::description`: use the Display impl or to_string()\n  --> regex-syntax/src/error.rs:45:38\n   |\n45 |             Error::Parse(ref x) => x.description(),\n   |                                      ^^^^^^^^^^^\n   |\n   = note: `#[warn(deprecated)]` on by default\n\nwarning: use of deprecated method `std::error::Error::description`: use the Display impl or to_string()\n  --> regex-syntax/src/error.rs:46:42\n   |\n46 |             Error::Translate(ref x) => x.description(),\n   |                                          ^^^^^^^^^^^\n\nerror[E0369]: binary operation `==` cannot be applied to type `Option<llmtests::HirFrame>`\n    --> regex-syntax/src/hir/translate.rs:2583:5\n     |\n2583 |     assert_eq!(result, None);\n     |     ^^^^^^^^^^^^^^^^^^^^^^^^\n     |     |\n     |     Option<llmtests::HirFrame>\n     |     Option<llmtests::HirFrame>\n     |\nnote: an implementation of `PartialEq` might be missing for `llmtests::HirFrame`\n    --> regex-syntax/src/hir/translate.rs:2538:1\n     |\n2538 | struct HirFrame;\n     | ^^^^^^^^^^^^^^^ must implement `PartialEq`\n     = note: this error originates in the macro `assert_eq` (in Nightly builds, run with -Z macro-backtrace for more info)\nhelp: consider annotating `llmtests::HirFrame` with `#[derive(PartialEq)]`\n     |\n2538 + #[derive(PartialEq)]\n2539 | struct HirFrame;\n     |\n\nwarning: variable does not need to be mutable\n   --> regex-syntax/src/hir/literal/mod.rs:687:17\n    |\n687 |             let mut buf = &mut buf[..i];\n    |                 ----^^^\n    |                 |\n    |                 help: remove this `mut`\n    |\n    = note: `#[warn(unused_mut)]` on by default\n\nerror[E0515]: cannot return reference to temporary value\n    --> regex-syntax/src/hir/translate.rs:2570:9\n     |\n2570 |         &self.stack.borrow_mut()\n     |         ^-----------------------\n     |         ||\n     |         |temporary value created here\n     |         returns a reference to data owned by the current function\n\nerror[E0596]: cannot borrow data in a `&` reference as mutable\n    --> regex-syntax/src/hir/translate.rs:2574:9\n     |\n2574 |         self.trans().pop()\n     |         ^^^^^^^^^^^^ cannot borrow as mutable\n\nSome errors have detailed explanations: E0369, E0515, E0596.\nFor more information about an error, try `rustc --explain E0369`.\nwarning: `regex-syntax` (lib test) generated 19 warnings\nerror: could not compile `regex-syntax` (lib test) due to 3 previous errors; 19 warnings emitted\n"
                }
              ],
              "repaired": [
                false
              ]
            },
            {
              "attrs": [],
              "prefix": [],
              "oracles": [],
              "codes": [
                [
                  "{",
                  "    let mut translator = Translator::new();",
                  "    let frame = HirFrame;",
                  "    translator.trans().push(frame);",
                  "    let result = translator.pop();",
                  "    assert!(result.is_some());",
                  "}"
                ]
              ],
              "can_compile": [
                {
                  "Err": "warning: /home/abezbm/rust-utgen-test-crates-new/regex/Cargo.toml: no edition set: defaulting to the 2015 edition while the latest is 2021\nwarning: /home/abezbm/rust-utgen-test-crates-new/regex/regex-capi/Cargo.toml: no edition set: defaulting to the 2015 edition while the latest is 2021\nwarning: /home/abezbm/rust-utgen-test-crates-new/regex/regex-syntax/Cargo.toml: no edition set: defaulting to the 2015 edition while the latest is 2021\nwarning: /home/abezbm/rust-utgen-test-crates-new/regex/regex-debug/Cargo.toml: no edition set: defaulting to the 2015 edition while the latest is 2021\n   Compiling proc-macro2 v1.0.95\n   Compiling syn v1.0.109\n   Compiling quote v1.0.40\n   Compiling ntest_test_cases v0.9.3\n   Compiling ntest_timeout v0.9.3\n   Compiling ntest v0.9.3\n   Compiling regex-syntax v0.6.0 (/home/abezbm/rust-utgen-test-crates-new/regex/regex-syntax)\nwarning: `...` range patterns are deprecated\n    --> regex-syntax/src/ast/parse.rs:1445:16\n     |\n1445 |             '0'...'7' => {\n     |                ^^^ help: use `..=` for an inclusive range\n     |\n     = warning: this is accepted in the current edition (Rust 2015) but is a hard error in Rust 2021!\n     = note: for more information, see <https://doc.rust-lang.org/nightly/edition-guide/rust-2021/warnings-promoted-to-error.html>\n     = note: `#[warn(ellipsis_inclusive_range_patterns)]` on by default\n\nwarning: `...` range patterns are deprecated\n    --> regex-syntax/src/ast/parse.rs:1456:16\n     |\n1456 |             '8'...'9' if !self.parser().octal => {\n     |                ^^^ help: use `..=` for an inclusive range\n     |\n     = warning: this is accepted in the current edition (Rust 2015) but is a hard error in Rust 2021!\n     = note: for more information, see <https://doc.rust-lang.org/nightly/edition-guide/rust-2021/warnings-promoted-to-error.html>\n\nwarning: unused import: `Primitive`\n    --> regex-syntax/src/ast/parse.rs:2261:49\n     |\n2261 |     use super::{Parser, ParserI, ParserBuilder, Primitive};\n     |                                                 ^^^^^^^^^\n     |\n     = note: `#[warn(unused_imports)]` on by default\n\nwarning: unused macro definition: `assert_eq`\n    --> regex-syntax/src/ast/parse.rs:2265:18\n     |\n2265 |     macro_rules! assert_eq {\n     |                  ^^^^^^^^^\n     |\n     = note: `#[warn(unused_macros)]` on by default\n\nwarning: unused import: `super::*`\n    --> regex-syntax/src/ast/mod.rs:1482:9\n     |\n1482 |     use super::*;\n     |         ^^^^^^^^\n\nwarning: unused import: `ast::parse::Parser`\n   --> regex-syntax/src/error.rs:288:9\n    |\n288 |     use ast::parse::Parser;\n    |         ^^^^^^^^^^^^^^^^^^\n\nwarning: unused import: `ParserBuilder`\n    --> regex-syntax/src/hir/literal/mod.rs:1004:9\n     |\n1004 |     use ParserBuilder;\n     |         ^^^^^^^^^^^^^\n\nwarning: unused imports: `Position` and `self`\n    --> regex-syntax/src/hir/translate.rs:1094:15\n     |\n1094 |     use ast::{self, Ast, Position, Span};\n     |               ^^^^       ^^^^^^^^\n\nwarning: unused import: `ascii_class`\n    --> regex-syntax/src/hir/translate.rs:1099:36\n     |\n1099 |     use super::{TranslatorBuilder, ascii_class};\n     |                                    ^^^^^^^^^^^\n\nwarning: unused import: `super::*`\n    --> regex-syntax/src/hir/translate.rs:2535:8\n     |\n2535 |    use super::*;\n     |        ^^^^^^^^\n\nwarning: unused import: `ntest::timeout`\n    --> regex-syntax/src/hir/translate.rs:2536:8\n     |\n2536 |    use ntest::timeout;\n     |        ^^^^^^^^^^^^^^\n\nwarning: unused imports: `contains_simple_case_mapping` and `simple_fold`\n   --> regex-syntax/src/unicode.rs:375:17\n    |\n375 |     use super::{contains_simple_case_mapping, simple_fold};\n    |                 ^^^^^^^^^^^^^^^^^^^^^^^^^^^^  ^^^^^^^^^^^\n\nwarning: `...` range patterns are deprecated\n   --> regex-syntax/src/lib.rs:195:21\n    |\n195 |         b'_' | b'0' ... b'9' | b'a' ... b'z' | b'A' ... b'Z'  => true,\n    |                     ^^^ help: use `..=` for an inclusive range\n    |\n    = warning: this is accepted in the current edition (Rust 2015) but is a hard error in Rust 2021!\n    = note: for more information, see <https://doc.rust-lang.org/nightly/edition-guide/rust-2021/warnings-promoted-to-error.html>\n\nwarning: `...` range patterns are deprecated\n   --> regex-syntax/src/lib.rs:195:37\n    |\n195 |         b'_' | b'0' ... b'9' | b'a' ... b'z' | b'A' ... b'Z'  => true,\n    |                                     ^^^ help: use `..=` for an inclusive range\n    |\n    = warning: this is accepted in the current edition (Rust 2015) but is a hard error in Rust 2021!\n    = note: for more information, see <https://doc.rust-lang.org/nightly/edition-guide/rust-2021/warnings-promoted-to-error.html>\n\nwarning: `...` range patterns are deprecated\n   --> regex-syntax/src/lib.rs:195:53\n    |\n195 |         b'_' | b'0' ... b'9' | b'a' ... b'z' | b'A' ... b'Z'  => true,\n    |                                                     ^^^ help: use `..=` for an inclusive range\n    |\n    = warning: this is accepted in the current edition (Rust 2015) but is a hard error in Rust 2021!\n    = note: for more information, see <https://doc.rust-lang.org/nightly/edition-guide/rust-2021/warnings-promoted-to-error.html>\n\nwarning: unused import: `super::*`\n   --> regex-syntax/src/lib.rs:202:9\n    |\n202 |     use super::*;\n    |         ^^^^^^^^\n\nwarning: use of deprecated method `std::error::Error::description`: use the Display impl or to_string()\n  --> regex-syntax/src/error.rs:45:38\n   |\n45 |             Error::Parse(ref x) => x.description(),\n   |                                      ^^^^^^^^^^^\n   |\n   = note: `#[warn(deprecated)]` on by default\n\nwarning: use of deprecated method `std::error::Error::description`: use the Display impl or to_string()\n  --> regex-syntax/src/error.rs:46:42\n   |\n46 |             Error::Translate(ref x) => x.description(),\n   |                                          ^^^^^^^^^^^\n\nwarning: variable does not need to be mutable\n   --> regex-syntax/src/hir/literal/mod.rs:687:17\n    |\n687 |             let mut buf = &mut buf[..i];\n    |                 ----^^^\n    |                 |\n    |                 help: remove this `mut`\n    |\n    = note: `#[warn(unused_mut)]` on by default\n\nerror[E0515]: cannot return reference to temporary value\n    --> regex-syntax/src/hir/translate.rs:2570:9\n     |\n2570 |         &self.stack.borrow_mut()\n     |         ^-----------------------\n     |         ||\n     |         |temporary value created here\n     |         returns a reference to data owned by the current function\n\nerror[E0596]: cannot borrow data in a `&` reference as mutable\n    --> regex-syntax/src/hir/translate.rs:2574:9\n     |\n2574 |         self.trans().pop()\n     |         ^^^^^^^^^^^^ cannot borrow as mutable\n\nwarning: variable does not need to be mutable\n    --> regex-syntax/src/hir/translate.rs:2581:9\n     |\n2581 |     let mut translator = Translator::new();\n     |         ----^^^^^^^^^^\n     |         |\n     |         help: remove this `mut`\n\nerror[E0596]: cannot borrow data in a `&` reference as mutable\n    --> regex-syntax/src/hir/translate.rs:2583:5\n     |\n2583 |     translator.trans().push(frame);\n     |     ^^^^^^^^^^^^^^^^^^ cannot borrow as mutable\n\nSome errors have detailed explanations: E0515, E0596.\nFor more information about an error, try `rustc --explain E0515`.\nwarning: `regex-syntax` (lib test) generated 20 warnings\nerror: could not compile `regex-syntax` (lib test) due to 3 previous errors; 20 warnings emitted\n"
                }
              ],
              "repaired": [
                false
              ]
            },
            {
              "attrs": [],
              "prefix": [],
              "oracles": [],
              "codes": [
                [
                  "{",
                  "    let mut translator = Translator::new();",
                  "    let frame1 = HirFrame;",
                  "    let frame2 = HirFrame;",
                  "    translator.trans().push(frame1);",
                  "    translator.trans().push(frame2);",
                  "    ",
                  "    let result1 = translator.pop();",
                  "    assert!(result1.is_some());",
                  "    ",
                  "    let result2 = translator.pop();",
                  "    assert!(result2.is_some());",
                  "    ",
                  "    let result3 = translator.pop();",
                  "    assert_eq!(result3, None);",
                  "}"
                ]
              ],
              "can_compile": [
                {
                  "Err": "warning: /home/abezbm/rust-utgen-test-crates-new/regex/regex-syntax/Cargo.toml: no edition set: defaulting to the 2015 edition while the latest is 2021\nwarning: /home/abezbm/rust-utgen-test-crates-new/regex/Cargo.toml: no edition set: defaulting to the 2015 edition while the latest is 2021\nwarning: /home/abezbm/rust-utgen-test-crates-new/regex/regex-debug/Cargo.toml: no edition set: defaulting to the 2015 edition while the latest is 2021\nwarning: /home/abezbm/rust-utgen-test-crates-new/regex/regex-capi/Cargo.toml: no edition set: defaulting to the 2015 edition while the latest is 2021\n   Compiling proc-macro2 v1.0.95\n   Compiling syn v1.0.109\n   Compiling quote v1.0.40\n   Compiling ntest_test_cases v0.9.3\n   Compiling ntest_timeout v0.9.3\n   Compiling ntest v0.9.3\n   Compiling regex-syntax v0.6.0 (/home/abezbm/rust-utgen-test-crates-new/regex/regex-syntax)\nwarning: `...` range patterns are deprecated\n    --> regex-syntax/src/ast/parse.rs:1445:16\n     |\n1445 |             '0'...'7' => {\n     |                ^^^ help: use `..=` for an inclusive range\n     |\n     = warning: this is accepted in the current edition (Rust 2015) but is a hard error in Rust 2021!\n     = note: for more information, see <https://doc.rust-lang.org/nightly/edition-guide/rust-2021/warnings-promoted-to-error.html>\n     = note: `#[warn(ellipsis_inclusive_range_patterns)]` on by default\n\nwarning: `...` range patterns are deprecated\n    --> regex-syntax/src/ast/parse.rs:1456:16\n     |\n1456 |             '8'...'9' if !self.parser().octal => {\n     |                ^^^ help: use `..=` for an inclusive range\n     |\n     = warning: this is accepted in the current edition (Rust 2015) but is a hard error in Rust 2021!\n     = note: for more information, see <https://doc.rust-lang.org/nightly/edition-guide/rust-2021/warnings-promoted-to-error.html>\n\nwarning: unused import: `Primitive`\n    --> regex-syntax/src/ast/parse.rs:2261:49\n     |\n2261 |     use super::{Parser, ParserI, ParserBuilder, Primitive};\n     |                                                 ^^^^^^^^^\n     |\n     = note: `#[warn(unused_imports)]` on by default\n\nwarning: unused macro definition: `assert_eq`\n    --> regex-syntax/src/ast/parse.rs:2265:18\n     |\n2265 |     macro_rules! assert_eq {\n     |                  ^^^^^^^^^\n     |\n     = note: `#[warn(unused_macros)]` on by default\n\nwarning: unused import: `super::*`\n    --> regex-syntax/src/ast/mod.rs:1482:9\n     |\n1482 |     use super::*;\n     |         ^^^^^^^^\n\nwarning: unused import: `ast::parse::Parser`\n   --> regex-syntax/src/error.rs:288:9\n    |\n288 |     use ast::parse::Parser;\n    |         ^^^^^^^^^^^^^^^^^^\n\nwarning: unused import: `ParserBuilder`\n    --> regex-syntax/src/hir/literal/mod.rs:1004:9\n     |\n1004 |     use ParserBuilder;\n     |         ^^^^^^^^^^^^^\n\nwarning: unused imports: `Position` and `self`\n    --> regex-syntax/src/hir/translate.rs:1094:15\n     |\n1094 |     use ast::{self, Ast, Position, Span};\n     |               ^^^^       ^^^^^^^^\n\nwarning: unused import: `ascii_class`\n    --> regex-syntax/src/hir/translate.rs:1099:36\n     |\n1099 |     use super::{TranslatorBuilder, ascii_class};\n     |                                    ^^^^^^^^^^^\n\nwarning: unused import: `super::*`\n    --> regex-syntax/src/hir/translate.rs:2535:8\n     |\n2535 |    use super::*;\n     |        ^^^^^^^^\n\nwarning: unused import: `ntest::timeout`\n    --> regex-syntax/src/hir/translate.rs:2536:8\n     |\n2536 |    use ntest::timeout;\n     |        ^^^^^^^^^^^^^^\n\nwarning: unused imports: `contains_simple_case_mapping` and `simple_fold`\n   --> regex-syntax/src/unicode.rs:375:17\n    |\n375 |     use super::{contains_simple_case_mapping, simple_fold};\n    |                 ^^^^^^^^^^^^^^^^^^^^^^^^^^^^  ^^^^^^^^^^^\n\nwarning: `...` range patterns are deprecated\n   --> regex-syntax/src/lib.rs:195:21\n    |\n195 |         b'_' | b'0' ... b'9' | b'a' ... b'z' | b'A' ... b'Z'  => true,\n    |                     ^^^ help: use `..=` for an inclusive range\n    |\n    = warning: this is accepted in the current edition (Rust 2015) but is a hard error in Rust 2021!\n    = note: for more information, see <https://doc.rust-lang.org/nightly/edition-guide/rust-2021/warnings-promoted-to-error.html>\n\nwarning: `...` range patterns are deprecated\n   --> regex-syntax/src/lib.rs:195:37\n    |\n195 |         b'_' | b'0' ... b'9' | b'a' ... b'z' | b'A' ... b'Z'  => true,\n    |                                     ^^^ help: use `..=` for an inclusive range\n    |\n    = warning: this is accepted in the current edition (Rust 2015) but is a hard error in Rust 2021!\n    = note: for more information, see <https://doc.rust-lang.org/nightly/edition-guide/rust-2021/warnings-promoted-to-error.html>\n\nwarning: `...` range patterns are deprecated\n   --> regex-syntax/src/lib.rs:195:53\n    |\n195 |         b'_' | b'0' ... b'9' | b'a' ... b'z' | b'A' ... b'Z'  => true,\n    |                                                     ^^^ help: use `..=` for an inclusive range\n    |\n    = warning: this is accepted in the current edition (Rust 2015) but is a hard error in Rust 2021!\n    = note: for more information, see <https://doc.rust-lang.org/nightly/edition-guide/rust-2021/warnings-promoted-to-error.html>\n\nwarning: unused import: `super::*`\n   --> regex-syntax/src/lib.rs:202:9\n    |\n202 |     use super::*;\n    |         ^^^^^^^^\n\nwarning: use of deprecated method `std::error::Error::description`: use the Display impl or to_string()\n  --> regex-syntax/src/error.rs:45:38\n   |\n45 |             Error::Parse(ref x) => x.description(),\n   |                                      ^^^^^^^^^^^\n   |\n   = note: `#[warn(deprecated)]` on by default\n\nwarning: use of deprecated method `std::error::Error::description`: use the Display impl or to_string()\n  --> regex-syntax/src/error.rs:46:42\n   |\n46 |             Error::Translate(ref x) => x.description(),\n   |                                          ^^^^^^^^^^^\n\nerror[E0369]: binary operation `==` cannot be applied to type `Option<llmtests::HirFrame>`\n    --> regex-syntax/src/hir/translate.rs:2594:5\n     |\n2594 |     assert_eq!(result3, None);\n     |     ^^^^^^^^^^^^^^^^^^^^^^^^^\n     |     |\n     |     Option<llmtests::HirFrame>\n     |     Option<llmtests::HirFrame>\n     |\nnote: an implementation of `PartialEq` might be missing for `llmtests::HirFrame`\n    --> regex-syntax/src/hir/translate.rs:2538:1\n     |\n2538 | struct HirFrame;\n     | ^^^^^^^^^^^^^^^ must implement `PartialEq`\n     = note: this error originates in the macro `assert_eq` (in Nightly builds, run with -Z macro-backtrace for more info)\nhelp: consider annotating `llmtests::HirFrame` with `#[derive(PartialEq)]`\n     |\n2538 + #[derive(PartialEq)]\n2539 | struct HirFrame;\n     |\n\nwarning: variable does not need to be mutable\n   --> regex-syntax/src/hir/literal/mod.rs:687:17\n    |\n687 |             let mut buf = &mut buf[..i];\n    |                 ----^^^\n    |                 |\n    |                 help: remove this `mut`\n    |\n    = note: `#[warn(unused_mut)]` on by default\n\nerror[E0515]: cannot return reference to temporary value\n    --> regex-syntax/src/hir/translate.rs:2570:9\n     |\n2570 |         &self.stack.borrow_mut()\n     |         ^-----------------------\n     |         ||\n     |         |temporary value created here\n     |         returns a reference to data owned by the current function\n\nerror[E0596]: cannot borrow data in a `&` reference as mutable\n    --> regex-syntax/src/hir/translate.rs:2574:9\n     |\n2574 |         self.trans().pop()\n     |         ^^^^^^^^^^^^ cannot borrow as mutable\n\nSome errors have detailed explanations: E0369, E0515, E0596.\nFor more information about an error, try `rustc --explain E0369`.\nwarning: `regex-syntax` (lib test) generated 19 warnings\nerror: could not compile `regex-syntax` (lib test) due to 3 previous errors; 19 warnings emitted\n"
                }
              ],
              "repaired": [
                false
              ]
            }
          ]
        }
      ]
    }
  ]
}