{
  "name": "serde::__private::de::content::<__private::de::content::ContentRefDeserializer<'a, 'de, E> as de::Deserializer<'de>>::deserialize_bytes",
  "name_with_impl": "serde::__private::de::content::{impl#22}::deserialize_bytes",
  "mod_info": {
    "name": "__private::de::content",
    "loc": "serde/src/private/de.rs:198:1:2358:2"
  },
  "visible": true,
  "loc": "serde/src/private/de.rs:1885:9:1897:10",
  "fn_tests": [
    {
      "chain_id": 1,
      "prompt_conds": [
        "// constraint: *self.content matches Content::Str(v) is false\n",
        "// constraint: *self.content matches Content::Bytes(v) is false\n",
        "// constraint: *self.content matches Content::Seq(ref v) is false\n",
        "// constraint: *self.content matches _ is true\n",
        "// constraint: *self.content matches Content::String(ref v) is false\n",
        "// constraint: *self.content matches Content::ByteBuf(ref v) is false\n",
        "// expected return value/type: Err(self.invalid_type(&visitor))\n"
      ],
      "input_infer": "",
      "answers": [
        {
          "uses": [
            "use crate::de::Visitor;"
          ],
          "has_test_mod": false,
          "common": [],
          "chain_tests": [
            {
              "attrs": [],
              "prefix": [],
              "oracles": [],
              "codes": [
                [
                  "{",
                  "    use crate::de::Visitor;",
                  "    ",
                  "    struct MockVisitor;",
                  "",
                  "    impl Visitor<'_> for MockVisitor {",
                  "        type Value = ();",
                  "",
                  "        fn visit_str<E>(self, _: &str) -> Result<Self::Value, E> where E: de::Error {",
                  "            unreachable!()",
                  "        }",
                  "        ",
                  "        fn visit_borrowed_str<E>(self, _: &'_ str) -> Result<Self::Value, E> where E: de::Error {",
                  "            unreachable!()",
                  "        }",
                  "        ",
                  "        fn visit_bytes<E>(self, _: &[u8]) -> Result<Self::Value, E> where E: de::Error {",
                  "            unreachable!()",
                  "        }",
                  "        ",
                  "        fn visit_borrowed_bytes<E>(self, _: &[u8]) -> Result<Self::Value, E> where E: de::Error {",
                  "            unreachable!()",
                  "        }",
                  "",
                  "        fn visit_unit<E>(self) -> Result<Self::Value, E> where E: de::Error {",
                  "            unreachable!()",
                  "        }",
                  "    }",
                  "",
                  "    let content = crate::Content::Unit; // matches the final condition where content does not match any of the expected types",
                  "",
                  "    let deserializer = crate::ContentRefDeserializer {",
                  "        content: &content,",
                  "        err: std::marker::PhantomData::<()> ",
                  "    };",
                  "",
                  "    let result: Result<_, _> = deserializer.deserialize_bytes(MockVisitor);",
                  "    assert!(result.is_err());",
                  "}"
                ]
              ],
              "can_compile": [
                {
                  "Err": "   Compiling proc-macro2 v1.0.95\n   Compiling syn v1.0.109\n   Compiling serde_derive v1.0.219 (/home/abezbm/rust-utgen-test-crates-new/serde/serde_derive)\n   Compiling serde v1.0.219 (/home/abezbm/rust-utgen-test-crates-new/serde/serde)\n   Compiling quote v1.0.40\n   Compiling syn v2.0.100\n   Compiling ntest_timeout v0.9.3\n   Compiling ntest_test_cases v0.9.3\n   Compiling ntest v0.9.3\nerror[E0433]: failed to resolve: could not find `Content` in the crate root\n    --> serde/src/private/de.rs:2394:26\n     |\n2394 |     let content = crate::Content::Unit; // matches the final condition where content does not match any of the expected types\n     |                          ^^^^^^^ could not find `Content` in the crate root\n     |\nhelp: consider importing this enum through its public re-export\n     |\n2361 +    use crate::__private::de::Content;\n     |\nhelp: if you import `Content`, refer to it directly\n     |\n2394 -     let content = crate::Content::Unit; // matches the final condition where content does not match any of the expected types\n2394 +     let content = Content::Unit; // matches the final condition where content does not match any of the expected types\n     |\n\nerror[E0422]: cannot find struct, variant or union type `ContentRefDeserializer` in the crate root\n    --> serde/src/private/de.rs:2396:31\n     |\n2396 |     let deserializer = crate::ContentRefDeserializer {\n     |                               ^^^^^^^^^^^^^^^^^^^^^^ not found in the crate root\n     |\nhelp: consider importing this struct through its public re-export\n     |\n2361 +    use crate::__private::de::ContentRefDeserializer;\n     |\nhelp: if you import `ContentRefDeserializer`, refer to it directly\n     |\n2396 -     let deserializer = crate::ContentRefDeserializer {\n2396 +     let deserializer = ContentRefDeserializer {\n     |\n\nwarning: unused import: `ntest::timeout`\n    --> serde/src/private/de.rs:2362:8\n     |\n2362 |    use ntest::timeout;\n     |        ^^^^^^^^^^^^^^\n     |\n     = note: `#[warn(unused_imports)]` on by default\n\nerror[E0046]: not all trait items implemented, missing: `expecting`\n    --> serde/src/private/de.rs:2370:5\n     |\n2370 |     impl Visitor<'_> for MockVisitor {\n     |     ^^^^^^^^^^^^^^^^^^^^^^^^^^^^^^^^ missing `expecting` in implementation\n     |\n    ::: serde/src/de/mod.rs:1310:5\n     |\n1310 |     fn expecting(&self, formatter: &mut fmt::Formatter) -> fmt::Result;\n     |     ------------------------------------------------------------------- `expecting` from trait\n\nSome errors have detailed explanations: E0046, E0422, E0433.\nFor more information about an error, try `rustc --explain E0046`.\nwarning: `serde` (lib test) generated 1 warning\nerror: could not compile `serde` (lib test) due to 3 previous errors; 1 warning emitted\n"
                }
              ],
              "repaired": [
                false
              ]
            }
          ]
        }
      ]
    },
    {
      "chain_id": 2,
      "prompt_conds": [
        "// constraint: *self.content matches Content::Seq(ref v) is true\n",
        "// constraint: *self.content matches Content::Seq(ref v) is true\n"
      ],
      "input_infer": "",
      "answers": [
        {
          "uses": [
            "use crate::de::value::Content;",
            "use crate::de::Visitor;"
          ],
          "has_test_mod": false,
          "common": [],
          "chain_tests": [
            {
              "attrs": [],
              "prefix": [],
              "oracles": [],
              "codes": [
                [
                  "{",
                  "    use crate::de::Visitor;",
                  "    use crate::de::value::Content;",
                  "",
                  "    struct TestVisitor {",
                  "        result: Vec<u8>,",
                  "    }",
                  "",
                  "    impl Visitor<'_> for TestVisitor {",
                  "        type Value = Vec<u8>;",
                  "",
                  "        fn visit_seq<V>(self, seq: &mut V) -> Result<Self::Value, V::Error>",
                  "        where",
                  "            V: SeqAccess<'_>,",
                  "        {",
                  "            let mut result = Vec::new();",
                  "            while let Some(item) = seq.next_element::<u8>()? {",
                  "                result.push(item);",
                  "            }",
                  "            Ok(result)",
                  "        }",
                  "",
                  "        fn visit_bytes(self, _: &[u8]) -> Result<Self::Value, Self::Error> {",
                  "            Ok(Vec::new()) // Placeholder implementation",
                  "        }",
                  "",
                  "        fn visit_str(self, _: &str) -> Result<Self::Value, Self::Error> {",
                  "            Ok(Vec::new()) // Placeholder implementation",
                  "        }",
                  "",
                  "        fn visit_borrowed_str(self, _: &'_ str) -> Result<Self::Value, Self::Error> {",
                  "            Ok(Vec::new()) // Placeholder implementation",
                  "        }",
                  "    }",
                  "",
                  "    let content = Content::Seq(vec![",
                  "        Content::U8(1),",
                  "        Content::U8(2),",
                  "        Content::U8(3),",
                  "    ]);",
                  "    ",
                  "    let deserializer = ContentRefDeserializer {",
                  "        content: &content,",
                  "        err: PhantomData,",
                  "    };",
                  "",
                  "    let visitor = TestVisitor { result: Vec::new() };",
                  "    let result = deserializer.deserialize_bytes(visitor).unwrap();",
                  "",
                  "    assert_eq!(result, vec![1, 2, 3]);",
                  "}"
                ]
              ],
              "can_compile": [
                {
                  "Err": "   Compiling proc-macro2 v1.0.95\n   Compiling syn v1.0.109\n   Compiling serde_derive v1.0.219 (/home/abezbm/rust-utgen-test-crates-new/serde/serde_derive)\n   Compiling serde v1.0.219 (/home/abezbm/rust-utgen-test-crates-new/serde/serde)\n   Compiling quote v1.0.40\n   Compiling syn v2.0.100\n   Compiling ntest_test_cases v0.9.3\n   Compiling ntest_timeout v0.9.3\n   Compiling ntest v0.9.3\nerror[E0432]: unresolved import `crate::de::value::Content`\n    --> serde/src/private/de.rs:2367:9\n     |\n2367 |     use crate::de::value::Content;\n     |         ^^^^^^^^^^^^^^^^^^^^^^^^^ no `Content` in `de::value`\n     |\nhelp: consider importing one of these items instead\n     |\n2367 |     use crate::__private::de::Content;\n     |         ~~~~~~~~~~~~~~~~~~~~~~~~~~~~~\n2367 |     use crate::__private::de::TagContentOtherField::Content;\n     |         ~~~~~~~~~~~~~~~~~~~~~~~~~~~~~~~~~~~~~~~~~~~~~~~~~~~\n2367 |     use crate::__private::de::TagOrContentField::Content;\n     |         ~~~~~~~~~~~~~~~~~~~~~~~~~~~~~~~~~~~~~~~~~~~~~~~~\n2367 |     use crate::__private::de::content::TagOrContent::Content;\n     |         ~~~~~~~~~~~~~~~~~~~~~~~~~~~~~~~~~~~~~~~~~~~~~~~~~~~~\n\nerror[E0637]: `'_` cannot be used here\n    --> serde/src/private/de.rs:2378:26\n     |\n2378 |             V: SeqAccess<'_>,\n     |                          ^^ `'_` is a reserved lifetime name\n\nwarning: unused import: `ntest::timeout`\n    --> serde/src/private/de.rs:2362:8\n     |\n2362 |    use ntest::timeout;\n     |        ^^^^^^^^^^^^^^\n     |\n     = note: `#[warn(unused_imports)]` on by default\n\nerror[E0220]: associated type `Error` not found for `Self`\n    --> serde/src/private/de.rs:2387:69\n     |\n2387 |         fn visit_bytes(self, _: &[u8]) -> Result<Self::Value, Self::Error> {\n     |                                                                     ^^^^^ help: `Self` has the following associated type: `Value`\n\nerror[E0220]: associated type `Error` not found for `Self`\n    --> serde/src/private/de.rs:2391:66\n     |\n2391 |         fn visit_str(self, _: &str) -> Result<Self::Value, Self::Error> {\n     |                                                                  ^^^^^ help: `Self` has the following associated type: `Value`\n\nerror[E0220]: associated type `Error` not found for `Self`\n    --> serde/src/private/de.rs:2395:78\n     |\n2395 |         fn visit_borrowed_str(self, _: &'_ str) -> Result<Self::Value, Self::Error> {\n     |                                                                              ^^^^^ help: `Self` has the following associated type: `Value`\n\nerror[E0049]: method `visit_bytes` has 0 type parameters but its trait declaration has 1 type parameter\n    --> serde/src/private/de.rs:2387:23\n     |\n2387 |         fn visit_bytes(self, _: &[u8]) -> Result<Self::Value, Self::Error> {\n     |                       ^ found 0 type parameters\n     |\n    ::: serde/src/de/mod.rs:1553:20\n     |\n1553 |     fn visit_bytes<E>(self, v: &[u8]) -> Result<Self::Value, E>\n     |                    - expected 1 type parameter\n\nerror[E0049]: method `visit_str` has 0 type parameters but its trait declaration has 1 type parameter\n    --> serde/src/private/de.rs:2391:21\n     |\n2391 |         fn visit_str(self, _: &str) -> Result<Self::Value, Self::Error> {\n     |                     ^ found 0 type parameters\n     |\n    ::: serde/src/de/mod.rs:1493:18\n     |\n1493 |     fn visit_str<E>(self, v: &str) -> Result<Self::Value, E>\n     |                  - expected 1 type parameter\n\nerror[E0049]: method `visit_borrowed_str` has 0 type parameters but its trait declaration has 1 type parameter\n    --> serde/src/private/de.rs:2395:30\n     |\n2395 |         fn visit_borrowed_str(self, _: &'_ str) -> Result<Self::Value, Self::Error> {\n     |                              ^ found 0 type parameters\n     |\n    ::: serde/src/de/mod.rs:1510:27\n     |\n1510 |     fn visit_borrowed_str<E>(self, v: &'de str) -> Result<Self::Value, E>\n     |                           - expected 1 type parameter\n\nerror[E0046]: not all trait items implemented, missing: `expecting`\n    --> serde/src/private/de.rs:2373:5\n     |\n2373 |     impl Visitor<'_> for TestVisitor {\n     |     ^^^^^^^^^^^^^^^^^^^^^^^^^^^^^^^^ missing `expecting` in implementation\n     |\n    ::: serde/src/de/mod.rs:1310:5\n     |\n1310 |     fn expecting(&self, formatter: &mut fmt::Formatter) -> fmt::Result;\n     |     ------------------------------------------------------------------- `expecting` from trait\n\nSome errors have detailed explanations: E0046, E0049, E0220, E0432, E0637.\nFor more information about an error, try `rustc --explain E0046`.\nwarning: `serde` (lib test) generated 1 warning\nerror: could not compile `serde` (lib test) due to 9 previous errors; 1 warning emitted\n"
                }
              ],
              "repaired": [
                false
              ]
            },
            {
              "attrs": [],
              "prefix": [],
              "oracles": [],
              "codes": [
                [
                  "{",
                  "    use crate::de::Visitor;",
                  "    use crate::de::value::Content;",
                  "",
                  "    struct TestVisitor {",
                  "        result: Vec<u8>,",
                  "    }",
                  "",
                  "    impl Visitor<'_> for TestVisitor {",
                  "        type Value = Vec<u8>;",
                  "",
                  "        fn visit_bytes(self, v: &[u8]) -> Result<Self::Value, Self::Error> {",
                  "            Ok(v.to_vec())",
                  "        }",
                  "",
                  "        fn visit_str(self, _: &str) -> Result<Self::Value, Self::Error> {",
                  "            Ok(Vec::new()) // Placeholder implementation",
                  "        }",
                  "",
                  "        fn visit_borrowed_str(self, _: &'_ str) -> Result<Self::Value, Self::Error> {",
                  "            Ok(Vec::new()) // Placeholder implementation",
                  "        }",
                  "    }",
                  "",
                  "    let content = Content::Bytes(vec![4, 5, 6]);",
                  "    ",
                  "    let deserializer = ContentRefDeserializer {",
                  "        content: &content,",
                  "        err: PhantomData,",
                  "    };",
                  "",
                  "    let visitor = TestVisitor { result: Vec::new() };",
                  "    let result = deserializer.deserialize_bytes(visitor).unwrap();",
                  "",
                  "    assert_eq!(result, vec![4, 5, 6]);",
                  "}"
                ]
              ],
              "can_compile": [
                {
                  "Err": "   Compiling proc-macro2 v1.0.95\n   Compiling syn v1.0.109\n   Compiling serde_derive v1.0.219 (/home/abezbm/rust-utgen-test-crates-new/serde/serde_derive)\n   Compiling serde v1.0.219 (/home/abezbm/rust-utgen-test-crates-new/serde/serde)\n   Compiling quote v1.0.40\n   Compiling syn v2.0.100\n   Compiling ntest_timeout v0.9.3\n   Compiling ntest_test_cases v0.9.3\n   Compiling ntest v0.9.3\nerror[E0432]: unresolved import `crate::de::value::Content`\n    --> serde/src/private/de.rs:2367:9\n     |\n2367 |     use crate::de::value::Content;\n     |         ^^^^^^^^^^^^^^^^^^^^^^^^^ no `Content` in `de::value`\n     |\nhelp: consider importing one of these items instead\n     |\n2367 |     use crate::__private::de::Content;\n     |         ~~~~~~~~~~~~~~~~~~~~~~~~~~~~~\n2367 |     use crate::__private::de::TagContentOtherField::Content;\n     |         ~~~~~~~~~~~~~~~~~~~~~~~~~~~~~~~~~~~~~~~~~~~~~~~~~~~\n2367 |     use crate::__private::de::TagOrContentField::Content;\n     |         ~~~~~~~~~~~~~~~~~~~~~~~~~~~~~~~~~~~~~~~~~~~~~~~~\n2367 |     use crate::__private::de::content::TagOrContent::Content;\n     |         ~~~~~~~~~~~~~~~~~~~~~~~~~~~~~~~~~~~~~~~~~~~~~~~~~~~~\n\nwarning: unused import: `ntest::timeout`\n    --> serde/src/private/de.rs:2362:8\n     |\n2362 |    use ntest::timeout;\n     |        ^^^^^^^^^^^^^^\n     |\n     = note: `#[warn(unused_imports)]` on by default\n\nerror[E0220]: associated type `Error` not found for `Self`\n    --> serde/src/private/de.rs:2376:69\n     |\n2376 |         fn visit_bytes(self, v: &[u8]) -> Result<Self::Value, Self::Error> {\n     |                                                                     ^^^^^ help: `Self` has the following associated type: `Value`\n\nerror[E0220]: associated type `Error` not found for `Self`\n    --> serde/src/private/de.rs:2380:66\n     |\n2380 |         fn visit_str(self, _: &str) -> Result<Self::Value, Self::Error> {\n     |                                                                  ^^^^^ help: `Self` has the following associated type: `Value`\n\nerror[E0220]: associated type `Error` not found for `Self`\n    --> serde/src/private/de.rs:2384:78\n     |\n2384 |         fn visit_borrowed_str(self, _: &'_ str) -> Result<Self::Value, Self::Error> {\n     |                                                                              ^^^^^ help: `Self` has the following associated type: `Value`\n\nerror[E0049]: method `visit_bytes` has 0 type parameters but its trait declaration has 1 type parameter\n    --> serde/src/private/de.rs:2376:23\n     |\n2376 |         fn visit_bytes(self, v: &[u8]) -> Result<Self::Value, Self::Error> {\n     |                       ^ found 0 type parameters\n     |\n    ::: serde/src/de/mod.rs:1553:20\n     |\n1553 |     fn visit_bytes<E>(self, v: &[u8]) -> Result<Self::Value, E>\n     |                    - expected 1 type parameter\n\nerror[E0049]: method `visit_str` has 0 type parameters but its trait declaration has 1 type parameter\n    --> serde/src/private/de.rs:2380:21\n     |\n2380 |         fn visit_str(self, _: &str) -> Result<Self::Value, Self::Error> {\n     |                     ^ found 0 type parameters\n     |\n    ::: serde/src/de/mod.rs:1493:18\n     |\n1493 |     fn visit_str<E>(self, v: &str) -> Result<Self::Value, E>\n     |                  - expected 1 type parameter\n\nerror[E0049]: method `visit_borrowed_str` has 0 type parameters but its trait declaration has 1 type parameter\n    --> serde/src/private/de.rs:2384:30\n     |\n2384 |         fn visit_borrowed_str(self, _: &'_ str) -> Result<Self::Value, Self::Error> {\n     |                              ^ found 0 type parameters\n     |\n    ::: serde/src/de/mod.rs:1510:27\n     |\n1510 |     fn visit_borrowed_str<E>(self, v: &'de str) -> Result<Self::Value, E>\n     |                           - expected 1 type parameter\n\nerror[E0046]: not all trait items implemented, missing: `expecting`\n    --> serde/src/private/de.rs:2373:5\n     |\n2373 |     impl Visitor<'_> for TestVisitor {\n     |     ^^^^^^^^^^^^^^^^^^^^^^^^^^^^^^^^ missing `expecting` in implementation\n     |\n    ::: serde/src/de/mod.rs:1310:5\n     |\n1310 |     fn expecting(&self, formatter: &mut fmt::Formatter) -> fmt::Result;\n     |     ------------------------------------------------------------------- `expecting` from trait\n\nSome errors have detailed explanations: E0046, E0049, E0220, E0432.\nFor more information about an error, try `rustc --explain E0046`.\nwarning: `serde` (lib test) generated 1 warning\nerror: could not compile `serde` (lib test) due to 8 previous errors; 1 warning emitted\n"
                }
              ],
              "repaired": [
                false
              ]
            },
            {
              "attrs": [],
              "prefix": [],
              "oracles": [],
              "codes": [
                [
                  "{",
                  "    use crate::de::Visitor;",
                  "    use crate::de::value::Content;",
                  "",
                  "    struct TestVisitor {",
                  "        result: Vec<u8>,",
                  "    }",
                  "",
                  "    impl Visitor<'_> for TestVisitor {",
                  "        type Value = Vec<u8>;",
                  "",
                  "        fn visit_seq<V>(self, seq: &mut V) -> Result<Self::Value, V::Error>",
                  "        where",
                  "            V: SeqAccess<'_>,",
                  "        {",
                  "            let mut result = Vec::new();",
                  "            while let Some(item) = seq.next_element::<u8>()? {",
                  "                result.push(item);",
                  "            }",
                  "            Ok(result)",
                  "        }",
                  "",
                  "        fn visit_bytes(self, _: &[u8]) -> Result<Self::Value, Self::Error> {",
                  "            Ok(Vec::new()) // Placeholder implementation",
                  "        }",
                  "",
                  "        fn visit_str(self, _: &str) -> Result<Self::Value, Self::Error> {",
                  "            Ok(Vec::new()) // Placeholder implementation",
                  "        }",
                  "",
                  "        fn visit_borrowed_str(self, _: &'_ str) -> Result<Self::Value, Self::Error> {",
                  "            Ok(Vec::new()) // Placeholder implementation",
                  "        }",
                  "    }",
                  "",
                  "    let content = Content::Seq(vec![]);",
                  "    ",
                  "    let deserializer = ContentRefDeserializer {",
                  "        content: &content,",
                  "        err: PhantomData,",
                  "    };",
                  "",
                  "    let visitor = TestVisitor { result: Vec::new() };",
                  "    let result = deserializer.deserialize_bytes(visitor).unwrap();",
                  "",
                  "    assert_eq!(result, Vec::<u8>::new());",
                  "}"
                ]
              ],
              "can_compile": [
                {
                  "Err": "   Compiling proc-macro2 v1.0.95\n   Compiling syn v1.0.109\n   Compiling serde_derive v1.0.219 (/home/abezbm/rust-utgen-test-crates-new/serde/serde_derive)\n   Compiling serde v1.0.219 (/home/abezbm/rust-utgen-test-crates-new/serde/serde)\n   Compiling quote v1.0.40\n   Compiling syn v2.0.100\n   Compiling ntest_timeout v0.9.3\n   Compiling ntest_test_cases v0.9.3\n   Compiling ntest v0.9.3\nerror[E0432]: unresolved import `crate::de::value::Content`\n    --> serde/src/private/de.rs:2367:9\n     |\n2367 |     use crate::de::value::Content;\n     |         ^^^^^^^^^^^^^^^^^^^^^^^^^ no `Content` in `de::value`\n     |\nhelp: consider importing one of these items instead\n     |\n2367 |     use crate::__private::de::Content;\n     |         ~~~~~~~~~~~~~~~~~~~~~~~~~~~~~\n2367 |     use crate::__private::de::TagContentOtherField::Content;\n     |         ~~~~~~~~~~~~~~~~~~~~~~~~~~~~~~~~~~~~~~~~~~~~~~~~~~~\n2367 |     use crate::__private::de::TagOrContentField::Content;\n     |         ~~~~~~~~~~~~~~~~~~~~~~~~~~~~~~~~~~~~~~~~~~~~~~~~\n2367 |     use crate::__private::de::content::TagOrContent::Content;\n     |         ~~~~~~~~~~~~~~~~~~~~~~~~~~~~~~~~~~~~~~~~~~~~~~~~~~~~\n\nerror[E0637]: `'_` cannot be used here\n    --> serde/src/private/de.rs:2378:26\n     |\n2378 |             V: SeqAccess<'_>,\n     |                          ^^ `'_` is a reserved lifetime name\n\nwarning: unused import: `ntest::timeout`\n    --> serde/src/private/de.rs:2362:8\n     |\n2362 |    use ntest::timeout;\n     |        ^^^^^^^^^^^^^^\n     |\n     = note: `#[warn(unused_imports)]` on by default\n\nerror[E0220]: associated type `Error` not found for `Self`\n    --> serde/src/private/de.rs:2387:69\n     |\n2387 |         fn visit_bytes(self, _: &[u8]) -> Result<Self::Value, Self::Error> {\n     |                                                                     ^^^^^ help: `Self` has the following associated type: `Value`\n\nerror[E0220]: associated type `Error` not found for `Self`\n    --> serde/src/private/de.rs:2391:66\n     |\n2391 |         fn visit_str(self, _: &str) -> Result<Self::Value, Self::Error> {\n     |                                                                  ^^^^^ help: `Self` has the following associated type: `Value`\n\nerror[E0220]: associated type `Error` not found for `Self`\n    --> serde/src/private/de.rs:2395:78\n     |\n2395 |         fn visit_borrowed_str(self, _: &'_ str) -> Result<Self::Value, Self::Error> {\n     |                                                                              ^^^^^ help: `Self` has the following associated type: `Value`\n\nerror[E0049]: method `visit_bytes` has 0 type parameters but its trait declaration has 1 type parameter\n    --> serde/src/private/de.rs:2387:23\n     |\n2387 |         fn visit_bytes(self, _: &[u8]) -> Result<Self::Value, Self::Error> {\n     |                       ^ found 0 type parameters\n     |\n    ::: serde/src/de/mod.rs:1553:20\n     |\n1553 |     fn visit_bytes<E>(self, v: &[u8]) -> Result<Self::Value, E>\n     |                    - expected 1 type parameter\n\nerror[E0049]: method `visit_str` has 0 type parameters but its trait declaration has 1 type parameter\n    --> serde/src/private/de.rs:2391:21\n     |\n2391 |         fn visit_str(self, _: &str) -> Result<Self::Value, Self::Error> {\n     |                     ^ found 0 type parameters\n     |\n    ::: serde/src/de/mod.rs:1493:18\n     |\n1493 |     fn visit_str<E>(self, v: &str) -> Result<Self::Value, E>\n     |                  - expected 1 type parameter\n\nerror[E0049]: method `visit_borrowed_str` has 0 type parameters but its trait declaration has 1 type parameter\n    --> serde/src/private/de.rs:2395:30\n     |\n2395 |         fn visit_borrowed_str(self, _: &'_ str) -> Result<Self::Value, Self::Error> {\n     |                              ^ found 0 type parameters\n     |\n    ::: serde/src/de/mod.rs:1510:27\n     |\n1510 |     fn visit_borrowed_str<E>(self, v: &'de str) -> Result<Self::Value, E>\n     |                           - expected 1 type parameter\n\nerror[E0046]: not all trait items implemented, missing: `expecting`\n    --> serde/src/private/de.rs:2373:5\n     |\n2373 |     impl Visitor<'_> for TestVisitor {\n     |     ^^^^^^^^^^^^^^^^^^^^^^^^^^^^^^^^ missing `expecting` in implementation\n     |\n    ::: serde/src/de/mod.rs:1310:5\n     |\n1310 |     fn expecting(&self, formatter: &mut fmt::Formatter) -> fmt::Result;\n     |     ------------------------------------------------------------------- `expecting` from trait\n\nSome errors have detailed explanations: E0046, E0049, E0220, E0432, E0637.\nFor more information about an error, try `rustc --explain E0046`.\nwarning: `serde` (lib test) generated 1 warning\nerror: could not compile `serde` (lib test) due to 9 previous errors; 1 warning emitted\n"
                }
              ],
              "repaired": [
                false
              ]
            }
          ]
        }
      ]
    },
    {
      "chain_id": 3,
      "prompt_conds": [
        "// constraint: *self.content matches Content::Bytes(v) is true\n",
        "// constraint: *self.content matches Content::Bytes(v) is true\n"
      ],
      "input_infer": "",
      "answers": [
        {
          "uses": [
            "use crate::de::Error;",
            "use crate::de::Visitor;"
          ],
          "has_test_mod": false,
          "common": [],
          "chain_tests": [
            {
              "attrs": [],
              "prefix": [],
              "oracles": [],
              "codes": [
                [
                  "{",
                  "    use crate::de::Visitor;",
                  "    use crate::de::Error;",
                  "",
                  "    struct TestVisitor {",
                  "        value: Option<Vec<u8>>,",
                  "    }",
                  "",
                  "    impl<'de> Visitor<'de> for TestVisitor {",
                  "        type Value = Vec<u8>;",
                  "",
                  "        fn visit_bytes(self, value: &'de [u8]) -> Result<Self::Value, Error> {",
                  "            Ok(value.to_vec())",
                  "        }",
                  "",
                  "        fn visit_borrowed_bytes(self, value: &'de [u8]) -> Result<Self::Value, Error> {",
                  "            Ok(value.to_vec())",
                  "        }",
                  "",
                  "        fn visit_str(self, _: &'de str) -> Result<Self::Value, Error> {",
                  "            Err(Error::custom(\"expected bytes\"))",
                  "        }",
                  "",
                  "        fn visit_borrowed_str(self, _: &'de str) -> Result<Self::Value, Error> {",
                  "            Err(Error::custom(\"expected bytes\"))",
                  "        }",
                  "    }",
                  "",
                  "    let content = Content::Bytes(vec![1, 2, 3, 4]);",
                  "",
                  "    let deserializer = ContentRefDeserializer {",
                  "        content: &content,",
                  "        err: std::marker::PhantomData,",
                  "    };",
                  "",
                  "    let result: Result<Vec<u8>, _> = deserializer.deserialize_bytes(TestVisitor { value: None });",
                  "    ",
                  "    assert_eq!(result, Ok(vec![1, 2, 3, 4]));",
                  "}"
                ]
              ],
              "can_compile": [
                {
                  "Err": "   Compiling proc-macro2 v1.0.95\n   Compiling syn v1.0.109\n   Compiling serde_derive v1.0.219 (/home/abezbm/rust-utgen-test-crates-new/serde/serde_derive)\n   Compiling serde v1.0.219 (/home/abezbm/rust-utgen-test-crates-new/serde/serde)\n   Compiling quote v1.0.40\n   Compiling syn v2.0.100\n   Compiling ntest_test_cases v0.9.3\n   Compiling ntest_timeout v0.9.3\n   Compiling ntest v0.9.3\nwarning: unused import: `ntest::timeout`\n    --> serde/src/private/de.rs:2362:8\n     |\n2362 |    use ntest::timeout;\n     |        ^^^^^^^^^^^^^^\n     |\n     = note: `#[warn(unused_imports)]` on by default\n\nerror[E0049]: method `visit_bytes` has 0 type parameters but its trait declaration has 1 type parameter\n    --> serde/src/private/de.rs:2376:23\n     |\n2376 |         fn visit_bytes(self, value: &'de [u8]) -> Result<Self::Value, Error> {\n     |                       ^ found 0 type parameters\n     |\n    ::: serde/src/de/mod.rs:1553:20\n     |\n1553 |     fn visit_bytes<E>(self, v: &[u8]) -> Result<Self::Value, E>\n     |                    - expected 1 type parameter\n\nerror[E0049]: method `visit_borrowed_bytes` has 0 type parameters but its trait declaration has 1 type parameter\n    --> serde/src/private/de.rs:2380:32\n     |\n2380 |         fn visit_borrowed_bytes(self, value: &'de [u8]) -> Result<Self::Value, Error> {\n     |                                ^ found 0 type parameters\n     |\n    ::: serde/src/de/mod.rs:1569:29\n     |\n1569 |     fn visit_borrowed_bytes<E>(self, v: &'de [u8]) -> Result<Self::Value, E>\n     |                             - expected 1 type parameter\n\nerror[E0049]: method `visit_str` has 0 type parameters but its trait declaration has 1 type parameter\n    --> serde/src/private/de.rs:2384:21\n     |\n2384 |         fn visit_str(self, _: &'de str) -> Result<Self::Value, Error> {\n     |                     ^ found 0 type parameters\n     |\n    ::: serde/src/de/mod.rs:1493:18\n     |\n1493 |     fn visit_str<E>(self, v: &str) -> Result<Self::Value, E>\n     |                  - expected 1 type parameter\n\nerror[E0049]: method `visit_borrowed_str` has 0 type parameters but its trait declaration has 1 type parameter\n    --> serde/src/private/de.rs:2388:30\n     |\n2388 |         fn visit_borrowed_str(self, _: &'de str) -> Result<Self::Value, Error> {\n     |                              ^ found 0 type parameters\n     |\n    ::: serde/src/de/mod.rs:1510:27\n     |\n1510 |     fn visit_borrowed_str<E>(self, v: &'de str) -> Result<Self::Value, E>\n     |                           - expected 1 type parameter\n\nerror[E0046]: not all trait items implemented, missing: `expecting`\n    --> serde/src/private/de.rs:2373:5\n     |\n2373 |     impl<'de> Visitor<'de> for TestVisitor {\n     |     ^^^^^^^^^^^^^^^^^^^^^^^^^^^^^^^^^^^^^^ missing `expecting` in implementation\n     |\n    ::: serde/src/de/mod.rs:1310:5\n     |\n1310 |     fn expecting(&self, formatter: &mut fmt::Formatter) -> fmt::Result;\n     |     ------------------------------------------------------------------- `expecting` from trait\n\nerror[E0038]: the trait `de::Error` cannot be made into an object\n    --> serde/src/private/de.rs:2376:71\n     |\n2376 |         fn visit_bytes(self, value: &'de [u8]) -> Result<Self::Value, Error> {\n     |                                                                       ^^^^^ `de::Error` cannot be made into an object\n     |\nnote: for a trait to be \"object safe\" it needs to allow building a vtable to allow the call to be resolvable dynamically; for more information visit <https://doc.rust-lang.org/reference/items/traits.html#object-safety>\n    --> serde/src/de/mod.rs:161:26\n     |\n161  |         pub trait Error: Sized $(+ $($supertrait)::+)* {\n     |                   -----  ^^^^^ ...because it requires `Self: Sized`\n     |                   |\n     |                   this trait cannot be made into an object...\n...\n300  | declare_error_trait!(Error: Sized + StdError);\n     | --------------------------------------------- in this macro invocation\n     = help: only type `de::value::Error` is seen to implement the trait in this crate, consider using it directly instead\n     = note: `de::Error` can be implemented in other crates; if you want to support your users passing their own types here, you can't refer to a specific type\n     = note: this error originates in the macro `declare_error_trait` (in Nightly builds, run with -Z macro-backtrace for more info)\n\nerror[E0277]: the size for values of type `(dyn de::Error + 'static)` cannot be known at compilation time\n    --> serde/src/private/de.rs:2376:51\n     |\n2376 |         fn visit_bytes(self, value: &'de [u8]) -> Result<Self::Value, Error> {\n     |                                                   ^^^^^^^^^^^^^^^^^^^^^^^^^^ doesn't have a size known at compile-time\n     |\n     = help: the trait `Sized` is not implemented for `(dyn de::Error + 'static)`\nnote: required by an implicit `Sized` bound in `Result`\n    --> /home/abezbm/.rustup/toolchains/nightly-2024-07-21-x86_64-unknown-linux-gnu/lib/rustlib/src/rust/library/core/src/result.rs:527:20\n     |\n527  | pub enum Result<T, E> {\n     |                    ^ required by the implicit `Sized` requirement on this type parameter in `Result`\n\nerror[E0038]: the trait `de::Error` cannot be made into an object\n    --> serde/src/private/de.rs:2380:80\n     |\n2380 |         fn visit_borrowed_bytes(self, value: &'de [u8]) -> Result<Self::Value, Error> {\n     |                                                                                ^^^^^ `de::Error` cannot be made into an object\n     |\nnote: for a trait to be \"object safe\" it needs to allow building a vtable to allow the call to be resolvable dynamically; for more information visit <https://doc.rust-lang.org/reference/items/traits.html#object-safety>\n    --> serde/src/de/mod.rs:161:26\n     |\n161  |         pub trait Error: Sized $(+ $($supertrait)::+)* {\n     |                   -----  ^^^^^ ...because it requires `Self: Sized`\n     |                   |\n     |                   this trait cannot be made into an object...\n...\n300  | declare_error_trait!(Error: Sized + StdError);\n     | --------------------------------------------- in this macro invocation\n     = help: only type `de::value::Error` is seen to implement the trait in this crate, consider using it directly instead\n     = note: `de::Error` can be implemented in other crates; if you want to support your users passing their own types here, you can't refer to a specific type\n     = note: this error originates in the macro `declare_error_trait` (in Nightly builds, run with -Z macro-backtrace for more info)\n\nerror[E0277]: the size for values of type `(dyn de::Error + 'static)` cannot be known at compilation time\n    --> serde/src/private/de.rs:2380:60\n     |\n2380 |         fn visit_borrowed_bytes(self, value: &'de [u8]) -> Result<Self::Value, Error> {\n     |                                                            ^^^^^^^^^^^^^^^^^^^^^^^^^^ doesn't have a size known at compile-time\n     |\n     = help: the trait `Sized` is not implemented for `(dyn de::Error + 'static)`\nnote: required by an implicit `Sized` bound in `Result`\n    --> /home/abezbm/.rustup/toolchains/nightly-2024-07-21-x86_64-unknown-linux-gnu/lib/rustlib/src/rust/library/core/src/result.rs:527:20\n     |\n527  | pub enum Result<T, E> {\n     |                    ^ required by the implicit `Sized` requirement on this type parameter in `Result`\n\nerror[E0038]: the trait `de::Error` cannot be made into an object\n    --> serde/src/private/de.rs:2384:64\n     |\n2384 |         fn visit_str(self, _: &'de str) -> Result<Self::Value, Error> {\n     |                                                                ^^^^^ `de::Error` cannot be made into an object\n     |\nnote: for a trait to be \"object safe\" it needs to allow building a vtable to allow the call to be resolvable dynamically; for more information visit <https://doc.rust-lang.org/reference/items/traits.html#object-safety>\n    --> serde/src/de/mod.rs:161:26\n     |\n161  |         pub trait Error: Sized $(+ $($supertrait)::+)* {\n     |                   -----  ^^^^^ ...because it requires `Self: Sized`\n     |                   |\n     |                   this trait cannot be made into an object...\n...\n300  | declare_error_trait!(Error: Sized + StdError);\n     | --------------------------------------------- in this macro invocation\n     = help: only type `de::value::Error` is seen to implement the trait in this crate, consider using it directly instead\n     = note: `de::Error` can be implemented in other crates; if you want to support your users passing their own types here, you can't refer to a specific type\n     = note: this error originates in the macro `declare_error_trait` (in Nightly builds, run with -Z macro-backtrace for more info)\n\nerror[E0277]: the size for values of type `(dyn de::Error + 'static)` cannot be known at compilation time\n    --> serde/src/private/de.rs:2384:44\n     |\n2384 |         fn visit_str(self, _: &'de str) -> Result<Self::Value, Error> {\n     |                                            ^^^^^^^^^^^^^^^^^^^^^^^^^^ doesn't have a size known at compile-time\n     |\n     = help: the trait `Sized` is not implemented for `(dyn de::Error + 'static)`\nnote: required by an implicit `Sized` bound in `Result`\n    --> /home/abezbm/.rustup/toolchains/nightly-2024-07-21-x86_64-unknown-linux-gnu/lib/rustlib/src/rust/library/core/src/result.rs:527:20\n     |\n527  | pub enum Result<T, E> {\n     |                    ^ required by the implicit `Sized` requirement on this type parameter in `Result`\n\nerror[E0038]: the trait `de::Error` cannot be made into an object\n    --> serde/src/private/de.rs:2388:73\n     |\n2388 |         fn visit_borrowed_str(self, _: &'de str) -> Result<Self::Value, Error> {\n     |                                                                         ^^^^^ `de::Error` cannot be made into an object\n     |\nnote: for a trait to be \"object safe\" it needs to allow building a vtable to allow the call to be resolvable dynamically; for more information visit <https://doc.rust-lang.org/reference/items/traits.html#object-safety>\n    --> serde/src/de/mod.rs:161:26\n     |\n161  |         pub trait Error: Sized $(+ $($supertrait)::+)* {\n     |                   -----  ^^^^^ ...because it requires `Self: Sized`\n     |                   |\n     |                   this trait cannot be made into an object...\n...\n300  | declare_error_trait!(Error: Sized + StdError);\n     | --------------------------------------------- in this macro invocation\n     = help: only type `de::value::Error` is seen to implement the trait in this crate, consider using it directly instead\n     = note: `de::Error` can be implemented in other crates; if you want to support your users passing their own types here, you can't refer to a specific type\n     = note: this error originates in the macro `declare_error_trait` (in Nightly builds, run with -Z macro-backtrace for more info)\n\nerror[E0277]: the size for values of type `(dyn de::Error + 'static)` cannot be known at compilation time\n    --> serde/src/private/de.rs:2388:53\n     |\n2388 |         fn visit_borrowed_str(self, _: &'de str) -> Result<Self::Value, Error> {\n     |                                                     ^^^^^^^^^^^^^^^^^^^^^^^^^^ doesn't have a size known at compile-time\n     |\n     = help: the trait `Sized` is not implemented for `(dyn de::Error + 'static)`\nnote: required by an implicit `Sized` bound in `Result`\n    --> /home/abezbm/.rustup/toolchains/nightly-2024-07-21-x86_64-unknown-linux-gnu/lib/rustlib/src/rust/library/core/src/result.rs:527:20\n     |\n527  | pub enum Result<T, E> {\n     |                    ^ required by the implicit `Sized` requirement on this type parameter in `Result`\n\nerror[E0308]: mismatched types\n    --> serde/src/private/de.rs:2393:34\n     |\n2393 |     let content = Content::Bytes(vec![1, 2, 3, 4]);\n     |                   -------------- ^^^^^^^^^^^^^^^^ expected `&[u8]`, found `Vec<{integer}>`\n     |                   |\n     |                   arguments to this enum variant are incorrect\n     |\n     = note: expected reference `&[u8]`\n                   found struct `std::vec::Vec<{integer}>`\nnote: tuple variant defined here\n    --> serde/src/private/de.rs:243:9\n     |\n243  |         Bytes(&'de [u8]),\n     |         ^^^^^\n\nerror[E0038]: the trait `de::Error` cannot be made into an object\n    --> serde/src/private/de.rs:2377:13\n     |\n2377 |             Ok(value.to_vec())\n     |             ^^ `de::Error` cannot be made into an object\n     |\nnote: for a trait to be \"object safe\" it needs to allow building a vtable to allow the call to be resolvable dynamically; for more information visit <https://doc.rust-lang.org/reference/items/traits.html#object-safety>\n    --> serde/src/de/mod.rs:161:26\n     |\n161  |         pub trait Error: Sized $(+ $($supertrait)::+)* {\n     |                   -----  ^^^^^ ...because it requires `Self: Sized`\n     |                   |\n     |                   this trait cannot be made into an object...\n...\n300  | declare_error_trait!(Error: Sized + StdError);\n     | --------------------------------------------- in this macro invocation\n     = help: only type `de::value::Error` is seen to implement the trait in this crate, consider using it directly instead\n     = note: `de::Error` can be implemented in other crates; if you want to support your users passing their own types here, you can't refer to a specific type\n     = note: this error originates in the macro `declare_error_trait` (in Nightly builds, run with -Z macro-backtrace for more info)\n\nerror[E0277]: the size for values of type `dyn de::Error` cannot be known at compilation time\n    --> serde/src/private/de.rs:2377:13\n     |\n2377 |             Ok(value.to_vec())\n     |             ^^^^^^^^^^^^^^^^^^ doesn't have a size known at compile-time\n     |\n     = help: the trait `Sized` is not implemented for `dyn de::Error`\nnote: required by a bound in `Ok`\n    --> /home/abezbm/.rustup/toolchains/nightly-2024-07-21-x86_64-unknown-linux-gnu/lib/rustlib/src/rust/library/core/src/result.rs:527:20\n     |\n527  | pub enum Result<T, E> {\n     |                    ^ required by this bound in `Ok`\n...\n531  |     Ok(#[stable(feature = \"rust1\", since = \"1.0.0\")] T),\n     |     -- required by a bound in this tuple variant\n\nerror[E0038]: the trait `de::Error` cannot be made into an object\n    --> serde/src/private/de.rs:2381:13\n     |\n2381 |             Ok(value.to_vec())\n     |             ^^ `de::Error` cannot be made into an object\n     |\nnote: for a trait to be \"object safe\" it needs to allow building a vtable to allow the call to be resolvable dynamically; for more information visit <https://doc.rust-lang.org/reference/items/traits.html#object-safety>\n    --> serde/src/de/mod.rs:161:26\n     |\n161  |         pub trait Error: Sized $(+ $($supertrait)::+)* {\n     |                   -----  ^^^^^ ...because it requires `Self: Sized`\n     |                   |\n     |                   this trait cannot be made into an object...\n...\n300  | declare_error_trait!(Error: Sized + StdError);\n     | --------------------------------------------- in this macro invocation\n     = help: only type `de::value::Error` is seen to implement the trait in this crate, consider using it directly instead\n     = note: `de::Error` can be implemented in other crates; if you want to support your users passing their own types here, you can't refer to a specific type\n     = note: this error originates in the macro `declare_error_trait` (in Nightly builds, run with -Z macro-backtrace for more info)\n\nerror[E0277]: the size for values of type `dyn de::Error` cannot be known at compilation time\n    --> serde/src/private/de.rs:2381:13\n     |\n2381 |             Ok(value.to_vec())\n     |             ^^^^^^^^^^^^^^^^^^ doesn't have a size known at compile-time\n     |\n     = help: the trait `Sized` is not implemented for `dyn de::Error`\nnote: required by a bound in `Ok`\n    --> /home/abezbm/.rustup/toolchains/nightly-2024-07-21-x86_64-unknown-linux-gnu/lib/rustlib/src/rust/library/core/src/result.rs:527:20\n     |\n527  | pub enum Result<T, E> {\n     |                    ^ required by this bound in `Ok`\n...\n531  |     Ok(#[stable(feature = \"rust1\", since = \"1.0.0\")] T),\n     |     -- required by a bound in this tuple variant\n\nerror[E0038]: the trait `de::Error` cannot be made into an object\n    --> serde/src/private/de.rs:2385:13\n     |\n2385 |             Err(Error::custom(\"expected bytes\"))\n     |             ^^^ `de::Error` cannot be made into an object\n     |\nnote: for a trait to be \"object safe\" it needs to allow building a vtable to allow the call to be resolvable dynamically; for more information visit <https://doc.rust-lang.org/reference/items/traits.html#object-safety>\n    --> serde/src/de/mod.rs:161:26\n     |\n161  |         pub trait Error: Sized $(+ $($supertrait)::+)* {\n     |                   -----  ^^^^^ ...because it requires `Self: Sized`\n     |                   |\n     |                   this trait cannot be made into an object...\n...\n300  | declare_error_trait!(Error: Sized + StdError);\n     | --------------------------------------------- in this macro invocation\n     = help: only type `de::value::Error` is seen to implement the trait in this crate, consider using it directly instead\n     = note: `de::Error` can be implemented in other crates; if you want to support your users passing their own types here, you can't refer to a specific type\n     = note: this error originates in the macro `declare_error_trait` (in Nightly builds, run with -Z macro-backtrace for more info)\n\nerror[E0038]: the trait `de::Error` cannot be made into an object\n    --> serde/src/private/de.rs:2385:17\n     |\n2385 |             Err(Error::custom(\"expected bytes\"))\n     |                 ^^^^^^^^^^^^^ `de::Error` cannot be made into an object\n     |\nnote: for a trait to be \"object safe\" it needs to allow building a vtable to allow the call to be resolvable dynamically; for more information visit <https://doc.rust-lang.org/reference/items/traits.html#object-safety>\n    --> serde/src/de/mod.rs:161:26\n     |\n161  |         pub trait Error: Sized $(+ $($supertrait)::+)* {\n     |                   -----  ^^^^^ ...because it requires `Self: Sized`\n     |                   |\n     |                   this trait cannot be made into an object...\n...\n300  | declare_error_trait!(Error: Sized + StdError);\n     | --------------------------------------------- in this macro invocation\n     = help: only type `de::value::Error` is seen to implement the trait in this crate, consider using it directly instead\n     = note: `de::Error` can be implemented in other crates; if you want to support your users passing their own types here, you can't refer to a specific type\n     = note: this error originates in the macro `declare_error_trait` (in Nightly builds, run with -Z macro-backtrace for more info)\n\nerror[E0277]: the size for values of type `dyn de::Error` cannot be known at compilation time\n    --> serde/src/private/de.rs:2385:17\n     |\n2385 |             Err(Error::custom(\"expected bytes\"))\n     |             --- ^^^^^^^^^^^^^^^^^^^^^^^^^^^^^^^ doesn't have a size known at compile-time\n     |             |\n     |             required by a bound introduced by this call\n     |\n     = help: the trait `Sized` is not implemented for `dyn de::Error`\nnote: required by a bound in `Err`\n    --> /home/abezbm/.rustup/toolchains/nightly-2024-07-21-x86_64-unknown-linux-gnu/lib/rustlib/src/rust/library/core/src/result.rs:527:20\n     |\n527  | pub enum Result<T, E> {\n     |                    ^ required by this bound in `Err`\n...\n536  |     Err(#[stable(feature = \"rust1\", since = \"1.0.0\")] E),\n     |     --- required by a bound in this tuple variant\n\nerror[E0038]: the trait `de::Error` cannot be made into an object\n    --> serde/src/private/de.rs:2389:13\n     |\n2389 |             Err(Error::custom(\"expected bytes\"))\n     |             ^^^ `de::Error` cannot be made into an object\n     |\nnote: for a trait to be \"object safe\" it needs to allow building a vtable to allow the call to be resolvable dynamically; for more information visit <https://doc.rust-lang.org/reference/items/traits.html#object-safety>\n    --> serde/src/de/mod.rs:161:26\n     |\n161  |         pub trait Error: Sized $(+ $($supertrait)::+)* {\n     |                   -----  ^^^^^ ...because it requires `Self: Sized`\n     |                   |\n     |                   this trait cannot be made into an object...\n...\n300  | declare_error_trait!(Error: Sized + StdError);\n     | --------------------------------------------- in this macro invocation\n     = help: only type `de::value::Error` is seen to implement the trait in this crate, consider using it directly instead\n     = note: `de::Error` can be implemented in other crates; if you want to support your users passing their own types here, you can't refer to a specific type\n     = note: this error originates in the macro `declare_error_trait` (in Nightly builds, run with -Z macro-backtrace for more info)\n\nerror[E0038]: the trait `de::Error` cannot be made into an object\n    --> serde/src/private/de.rs:2389:17\n     |\n2389 |             Err(Error::custom(\"expected bytes\"))\n     |                 ^^^^^^^^^^^^^ `de::Error` cannot be made into an object\n     |\nnote: for a trait to be \"object safe\" it needs to allow building a vtable to allow the call to be resolvable dynamically; for more information visit <https://doc.rust-lang.org/reference/items/traits.html#object-safety>\n    --> serde/src/de/mod.rs:161:26\n     |\n161  |         pub trait Error: Sized $(+ $($supertrait)::+)* {\n     |                   -----  ^^^^^ ...because it requires `Self: Sized`\n     |                   |\n     |                   this trait cannot be made into an object...\n...\n300  | declare_error_trait!(Error: Sized + StdError);\n     | --------------------------------------------- in this macro invocation\n     = help: only type `de::value::Error` is seen to implement the trait in this crate, consider using it directly instead\n     = note: `de::Error` can be implemented in other crates; if you want to support your users passing their own types here, you can't refer to a specific type\n     = note: this error originates in the macro `declare_error_trait` (in Nightly builds, run with -Z macro-backtrace for more info)\n\nerror[E0277]: the size for values of type `dyn de::Error` cannot be known at compilation time\n    --> serde/src/private/de.rs:2389:17\n     |\n2389 |             Err(Error::custom(\"expected bytes\"))\n     |             --- ^^^^^^^^^^^^^^^^^^^^^^^^^^^^^^^ doesn't have a size known at compile-time\n     |             |\n     |             required by a bound introduced by this call\n     |\n     = help: the trait `Sized` is not implemented for `dyn de::Error`\nnote: required by a bound in `Err`\n    --> /home/abezbm/.rustup/toolchains/nightly-2024-07-21-x86_64-unknown-linux-gnu/lib/rustlib/src/rust/library/core/src/result.rs:527:20\n     |\n527  | pub enum Result<T, E> {\n     |                    ^ required by this bound in `Err`\n...\n536  |     Err(#[stable(feature = \"rust1\", since = \"1.0.0\")] E),\n     |     --- required by a bound in this tuple variant\n\nerror[E0782]: trait objects must include the `dyn` keyword\n    --> serde/src/private/de.rs:2376:71\n     |\n2376 |         fn visit_bytes(self, value: &'de [u8]) -> Result<Self::Value, Error> {\n     |                                                                       ^^^^^\n     |\nhelp: add `dyn` keyword before this trait\n     |\n2376 |         fn visit_bytes(self, value: &'de [u8]) -> Result<Self::Value, dyn Error> {\n     |                                                                       +++\n\nerror[E0782]: trait objects must include the `dyn` keyword\n    --> serde/src/private/de.rs:2380:80\n     |\n2380 |         fn visit_borrowed_bytes(self, value: &'de [u8]) -> Result<Self::Value, Error> {\n     |                                                                                ^^^^^\n     |\nhelp: add `dyn` keyword before this trait\n     |\n2380 |         fn visit_borrowed_bytes(self, value: &'de [u8]) -> Result<Self::Value, dyn Error> {\n     |                                                                                +++\n\nerror[E0782]: trait objects must include the `dyn` keyword\n    --> serde/src/private/de.rs:2384:64\n     |\n2384 |         fn visit_str(self, _: &'de str) -> Result<Self::Value, Error> {\n     |                                                                ^^^^^\n     |\nhelp: add `dyn` keyword before this trait\n     |\n2384 |         fn visit_str(self, _: &'de str) -> Result<Self::Value, dyn Error> {\n     |                                                                +++\n\nerror[E0782]: trait objects must include the `dyn` keyword\n    --> serde/src/private/de.rs:2388:73\n     |\n2388 |         fn visit_borrowed_str(self, _: &'de str) -> Result<Self::Value, Error> {\n     |                                                                         ^^^^^\n     |\nhelp: add `dyn` keyword before this trait\n     |\n2388 |         fn visit_borrowed_str(self, _: &'de str) -> Result<Self::Value, dyn Error> {\n     |                                                                         +++\n\nSome errors have detailed explanations: E0038, E0046, E0049, E0277, E0308, E0782.\nFor more information about an error, try `rustc --explain E0038`.\nwarning: `serde` (lib test) generated 1 warning\nerror: could not compile `serde` (lib test) due to 28 previous errors; 1 warning emitted\n"
                }
              ],
              "repaired": [
                false
              ]
            },
            {
              "attrs": [],
              "prefix": [],
              "oracles": [],
              "codes": [
                [
                  "{",
                  "    use crate::de::Visitor;",
                  "    use crate::de::Error;",
                  "",
                  "    struct TestVisitor {",
                  "        value: Option<Vec<u8>>,",
                  "    }",
                  "",
                  "    impl<'de> Visitor<'de> for TestVisitor {",
                  "        type Value = Vec<u8>;",
                  "",
                  "        fn visit_bytes(self, value: &'de [u8]) -> Result<Self::Value, Error> {",
                  "            Ok(value.to_vec())",
                  "        }",
                  "",
                  "        fn visit_borrowed_bytes(self, value: &'de [u8]) -> Result<Self::Value, Error> {",
                  "            Ok(value.to_vec())",
                  "        }",
                  "",
                  "        fn visit_str(self, _: &'de str) -> Result<Self::Value, Error> {",
                  "            Err(Error::custom(\"expected bytes\"))",
                  "        }",
                  "",
                  "        fn visit_borrowed_str(self, _: &'de str) -> Result<Self::Value, Error> {",
                  "            Err(Error::custom(\"expected bytes\"))",
                  "        }",
                  "    }",
                  "",
                  "    let content = Content::ByteBuf(vec![5, 6, 7]);",
                  "",
                  "    let deserializer = ContentRefDeserializer {",
                  "        content: &content,",
                  "        err: std::marker::PhantomData,",
                  "    };",
                  "",
                  "    let result: Result<Vec<u8>, _> = deserializer.deserialize_bytes(TestVisitor { value: None });",
                  "    ",
                  "    assert_eq!(result, Ok(vec![5, 6, 7]));",
                  "}"
                ]
              ],
              "can_compile": [
                {
                  "Err": "   Compiling proc-macro2 v1.0.95\n   Compiling syn v1.0.109\n   Compiling serde_derive v1.0.219 (/home/abezbm/rust-utgen-test-crates-new/serde/serde_derive)\n   Compiling serde v1.0.219 (/home/abezbm/rust-utgen-test-crates-new/serde/serde)\n   Compiling quote v1.0.40\n   Compiling syn v2.0.100\n   Compiling ntest_timeout v0.9.3\n   Compiling ntest_test_cases v0.9.3\n   Compiling ntest v0.9.3\nwarning: unused import: `ntest::timeout`\n    --> serde/src/private/de.rs:2362:8\n     |\n2362 |    use ntest::timeout;\n     |        ^^^^^^^^^^^^^^\n     |\n     = note: `#[warn(unused_imports)]` on by default\n\nerror[E0049]: method `visit_bytes` has 0 type parameters but its trait declaration has 1 type parameter\n    --> serde/src/private/de.rs:2376:23\n     |\n2376 |         fn visit_bytes(self, value: &'de [u8]) -> Result<Self::Value, Error> {\n     |                       ^ found 0 type parameters\n     |\n    ::: serde/src/de/mod.rs:1553:20\n     |\n1553 |     fn visit_bytes<E>(self, v: &[u8]) -> Result<Self::Value, E>\n     |                    - expected 1 type parameter\n\nerror[E0049]: method `visit_borrowed_bytes` has 0 type parameters but its trait declaration has 1 type parameter\n    --> serde/src/private/de.rs:2380:32\n     |\n2380 |         fn visit_borrowed_bytes(self, value: &'de [u8]) -> Result<Self::Value, Error> {\n     |                                ^ found 0 type parameters\n     |\n    ::: serde/src/de/mod.rs:1569:29\n     |\n1569 |     fn visit_borrowed_bytes<E>(self, v: &'de [u8]) -> Result<Self::Value, E>\n     |                             - expected 1 type parameter\n\nerror[E0049]: method `visit_str` has 0 type parameters but its trait declaration has 1 type parameter\n    --> serde/src/private/de.rs:2384:21\n     |\n2384 |         fn visit_str(self, _: &'de str) -> Result<Self::Value, Error> {\n     |                     ^ found 0 type parameters\n     |\n    ::: serde/src/de/mod.rs:1493:18\n     |\n1493 |     fn visit_str<E>(self, v: &str) -> Result<Self::Value, E>\n     |                  - expected 1 type parameter\n\nerror[E0049]: method `visit_borrowed_str` has 0 type parameters but its trait declaration has 1 type parameter\n    --> serde/src/private/de.rs:2388:30\n     |\n2388 |         fn visit_borrowed_str(self, _: &'de str) -> Result<Self::Value, Error> {\n     |                              ^ found 0 type parameters\n     |\n    ::: serde/src/de/mod.rs:1510:27\n     |\n1510 |     fn visit_borrowed_str<E>(self, v: &'de str) -> Result<Self::Value, E>\n     |                           - expected 1 type parameter\n\nerror[E0046]: not all trait items implemented, missing: `expecting`\n    --> serde/src/private/de.rs:2373:5\n     |\n2373 |     impl<'de> Visitor<'de> for TestVisitor {\n     |     ^^^^^^^^^^^^^^^^^^^^^^^^^^^^^^^^^^^^^^ missing `expecting` in implementation\n     |\n    ::: serde/src/de/mod.rs:1310:5\n     |\n1310 |     fn expecting(&self, formatter: &mut fmt::Formatter) -> fmt::Result;\n     |     ------------------------------------------------------------------- `expecting` from trait\n\nerror[E0038]: the trait `de::Error` cannot be made into an object\n    --> serde/src/private/de.rs:2376:71\n     |\n2376 |         fn visit_bytes(self, value: &'de [u8]) -> Result<Self::Value, Error> {\n     |                                                                       ^^^^^ `de::Error` cannot be made into an object\n     |\nnote: for a trait to be \"object safe\" it needs to allow building a vtable to allow the call to be resolvable dynamically; for more information visit <https://doc.rust-lang.org/reference/items/traits.html#object-safety>\n    --> serde/src/de/mod.rs:161:26\n     |\n161  |         pub trait Error: Sized $(+ $($supertrait)::+)* {\n     |                   -----  ^^^^^ ...because it requires `Self: Sized`\n     |                   |\n     |                   this trait cannot be made into an object...\n...\n300  | declare_error_trait!(Error: Sized + StdError);\n     | --------------------------------------------- in this macro invocation\n     = help: only type `de::value::Error` is seen to implement the trait in this crate, consider using it directly instead\n     = note: `de::Error` can be implemented in other crates; if you want to support your users passing their own types here, you can't refer to a specific type\n     = note: this error originates in the macro `declare_error_trait` (in Nightly builds, run with -Z macro-backtrace for more info)\n\nerror[E0277]: the size for values of type `(dyn de::Error + 'static)` cannot be known at compilation time\n    --> serde/src/private/de.rs:2376:51\n     |\n2376 |         fn visit_bytes(self, value: &'de [u8]) -> Result<Self::Value, Error> {\n     |                                                   ^^^^^^^^^^^^^^^^^^^^^^^^^^ doesn't have a size known at compile-time\n     |\n     = help: the trait `Sized` is not implemented for `(dyn de::Error + 'static)`\nnote: required by an implicit `Sized` bound in `Result`\n    --> /home/abezbm/.rustup/toolchains/nightly-2024-07-21-x86_64-unknown-linux-gnu/lib/rustlib/src/rust/library/core/src/result.rs:527:20\n     |\n527  | pub enum Result<T, E> {\n     |                    ^ required by the implicit `Sized` requirement on this type parameter in `Result`\n\nerror[E0038]: the trait `de::Error` cannot be made into an object\n    --> serde/src/private/de.rs:2380:80\n     |\n2380 |         fn visit_borrowed_bytes(self, value: &'de [u8]) -> Result<Self::Value, Error> {\n     |                                                                                ^^^^^ `de::Error` cannot be made into an object\n     |\nnote: for a trait to be \"object safe\" it needs to allow building a vtable to allow the call to be resolvable dynamically; for more information visit <https://doc.rust-lang.org/reference/items/traits.html#object-safety>\n    --> serde/src/de/mod.rs:161:26\n     |\n161  |         pub trait Error: Sized $(+ $($supertrait)::+)* {\n     |                   -----  ^^^^^ ...because it requires `Self: Sized`\n     |                   |\n     |                   this trait cannot be made into an object...\n...\n300  | declare_error_trait!(Error: Sized + StdError);\n     | --------------------------------------------- in this macro invocation\n     = help: only type `de::value::Error` is seen to implement the trait in this crate, consider using it directly instead\n     = note: `de::Error` can be implemented in other crates; if you want to support your users passing their own types here, you can't refer to a specific type\n     = note: this error originates in the macro `declare_error_trait` (in Nightly builds, run with -Z macro-backtrace for more info)\n\nerror[E0277]: the size for values of type `(dyn de::Error + 'static)` cannot be known at compilation time\n    --> serde/src/private/de.rs:2380:60\n     |\n2380 |         fn visit_borrowed_bytes(self, value: &'de [u8]) -> Result<Self::Value, Error> {\n     |                                                            ^^^^^^^^^^^^^^^^^^^^^^^^^^ doesn't have a size known at compile-time\n     |\n     = help: the trait `Sized` is not implemented for `(dyn de::Error + 'static)`\nnote: required by an implicit `Sized` bound in `Result`\n    --> /home/abezbm/.rustup/toolchains/nightly-2024-07-21-x86_64-unknown-linux-gnu/lib/rustlib/src/rust/library/core/src/result.rs:527:20\n     |\n527  | pub enum Result<T, E> {\n     |                    ^ required by the implicit `Sized` requirement on this type parameter in `Result`\n\nerror[E0038]: the trait `de::Error` cannot be made into an object\n    --> serde/src/private/de.rs:2384:64\n     |\n2384 |         fn visit_str(self, _: &'de str) -> Result<Self::Value, Error> {\n     |                                                                ^^^^^ `de::Error` cannot be made into an object\n     |\nnote: for a trait to be \"object safe\" it needs to allow building a vtable to allow the call to be resolvable dynamically; for more information visit <https://doc.rust-lang.org/reference/items/traits.html#object-safety>\n    --> serde/src/de/mod.rs:161:26\n     |\n161  |         pub trait Error: Sized $(+ $($supertrait)::+)* {\n     |                   -----  ^^^^^ ...because it requires `Self: Sized`\n     |                   |\n     |                   this trait cannot be made into an object...\n...\n300  | declare_error_trait!(Error: Sized + StdError);\n     | --------------------------------------------- in this macro invocation\n     = help: only type `de::value::Error` is seen to implement the trait in this crate, consider using it directly instead\n     = note: `de::Error` can be implemented in other crates; if you want to support your users passing their own types here, you can't refer to a specific type\n     = note: this error originates in the macro `declare_error_trait` (in Nightly builds, run with -Z macro-backtrace for more info)\n\nerror[E0277]: the size for values of type `(dyn de::Error + 'static)` cannot be known at compilation time\n    --> serde/src/private/de.rs:2384:44\n     |\n2384 |         fn visit_str(self, _: &'de str) -> Result<Self::Value, Error> {\n     |                                            ^^^^^^^^^^^^^^^^^^^^^^^^^^ doesn't have a size known at compile-time\n     |\n     = help: the trait `Sized` is not implemented for `(dyn de::Error + 'static)`\nnote: required by an implicit `Sized` bound in `Result`\n    --> /home/abezbm/.rustup/toolchains/nightly-2024-07-21-x86_64-unknown-linux-gnu/lib/rustlib/src/rust/library/core/src/result.rs:527:20\n     |\n527  | pub enum Result<T, E> {\n     |                    ^ required by the implicit `Sized` requirement on this type parameter in `Result`\n\nerror[E0038]: the trait `de::Error` cannot be made into an object\n    --> serde/src/private/de.rs:2388:73\n     |\n2388 |         fn visit_borrowed_str(self, _: &'de str) -> Result<Self::Value, Error> {\n     |                                                                         ^^^^^ `de::Error` cannot be made into an object\n     |\nnote: for a trait to be \"object safe\" it needs to allow building a vtable to allow the call to be resolvable dynamically; for more information visit <https://doc.rust-lang.org/reference/items/traits.html#object-safety>\n    --> serde/src/de/mod.rs:161:26\n     |\n161  |         pub trait Error: Sized $(+ $($supertrait)::+)* {\n     |                   -----  ^^^^^ ...because it requires `Self: Sized`\n     |                   |\n     |                   this trait cannot be made into an object...\n...\n300  | declare_error_trait!(Error: Sized + StdError);\n     | --------------------------------------------- in this macro invocation\n     = help: only type `de::value::Error` is seen to implement the trait in this crate, consider using it directly instead\n     = note: `de::Error` can be implemented in other crates; if you want to support your users passing their own types here, you can't refer to a specific type\n     = note: this error originates in the macro `declare_error_trait` (in Nightly builds, run with -Z macro-backtrace for more info)\n\nerror[E0277]: the size for values of type `(dyn de::Error + 'static)` cannot be known at compilation time\n    --> serde/src/private/de.rs:2388:53\n     |\n2388 |         fn visit_borrowed_str(self, _: &'de str) -> Result<Self::Value, Error> {\n     |                                                     ^^^^^^^^^^^^^^^^^^^^^^^^^^ doesn't have a size known at compile-time\n     |\n     = help: the trait `Sized` is not implemented for `(dyn de::Error + 'static)`\nnote: required by an implicit `Sized` bound in `Result`\n    --> /home/abezbm/.rustup/toolchains/nightly-2024-07-21-x86_64-unknown-linux-gnu/lib/rustlib/src/rust/library/core/src/result.rs:527:20\n     |\n527  | pub enum Result<T, E> {\n     |                    ^ required by the implicit `Sized` requirement on this type parameter in `Result`\n\nerror[E0282]: type annotations needed for `__private::de::content::ContentRefDeserializer<'_, '_, _>`\n    --> serde/src/private/de.rs:2395:9\n     |\n2395 |     let deserializer = ContentRefDeserializer {\n     |         ^^^^^^^^^^^^\n2396 |         content: &content,\n2397 |         err: std::marker::PhantomData,\n     |              ------------------------ type must be known at this point\n     |\nhelp: consider giving `deserializer` an explicit type, where the type for type parameter `T` is specified\n     |\n2395 |     let deserializer: __private::de::content::ContentRefDeserializer<'_, '_, E> = ContentRefDeserializer {\n     |                     +++++++++++++++++++++++++++++++++++++++++++++++++++++++++++\n\nerror[E0038]: the trait `de::Error` cannot be made into an object\n    --> serde/src/private/de.rs:2377:13\n     |\n2377 |             Ok(value.to_vec())\n     |             ^^ `de::Error` cannot be made into an object\n     |\nnote: for a trait to be \"object safe\" it needs to allow building a vtable to allow the call to be resolvable dynamically; for more information visit <https://doc.rust-lang.org/reference/items/traits.html#object-safety>\n    --> serde/src/de/mod.rs:161:26\n     |\n161  |         pub trait Error: Sized $(+ $($supertrait)::+)* {\n     |                   -----  ^^^^^ ...because it requires `Self: Sized`\n     |                   |\n     |                   this trait cannot be made into an object...\n...\n300  | declare_error_trait!(Error: Sized + StdError);\n     | --------------------------------------------- in this macro invocation\n     = help: only type `de::value::Error` is seen to implement the trait in this crate, consider using it directly instead\n     = note: `de::Error` can be implemented in other crates; if you want to support your users passing their own types here, you can't refer to a specific type\n     = note: this error originates in the macro `declare_error_trait` (in Nightly builds, run with -Z macro-backtrace for more info)\n\nerror[E0277]: the size for values of type `dyn de::Error` cannot be known at compilation time\n    --> serde/src/private/de.rs:2377:13\n     |\n2377 |             Ok(value.to_vec())\n     |             ^^^^^^^^^^^^^^^^^^ doesn't have a size known at compile-time\n     |\n     = help: the trait `Sized` is not implemented for `dyn de::Error`\nnote: required by a bound in `Ok`\n    --> /home/abezbm/.rustup/toolchains/nightly-2024-07-21-x86_64-unknown-linux-gnu/lib/rustlib/src/rust/library/core/src/result.rs:527:20\n     |\n527  | pub enum Result<T, E> {\n     |                    ^ required by this bound in `Ok`\n...\n531  |     Ok(#[stable(feature = \"rust1\", since = \"1.0.0\")] T),\n     |     -- required by a bound in this tuple variant\n\nerror[E0038]: the trait `de::Error` cannot be made into an object\n    --> serde/src/private/de.rs:2381:13\n     |\n2381 |             Ok(value.to_vec())\n     |             ^^ `de::Error` cannot be made into an object\n     |\nnote: for a trait to be \"object safe\" it needs to allow building a vtable to allow the call to be resolvable dynamically; for more information visit <https://doc.rust-lang.org/reference/items/traits.html#object-safety>\n    --> serde/src/de/mod.rs:161:26\n     |\n161  |         pub trait Error: Sized $(+ $($supertrait)::+)* {\n     |                   -----  ^^^^^ ...because it requires `Self: Sized`\n     |                   |\n     |                   this trait cannot be made into an object...\n...\n300  | declare_error_trait!(Error: Sized + StdError);\n     | --------------------------------------------- in this macro invocation\n     = help: only type `de::value::Error` is seen to implement the trait in this crate, consider using it directly instead\n     = note: `de::Error` can be implemented in other crates; if you want to support your users passing their own types here, you can't refer to a specific type\n     = note: this error originates in the macro `declare_error_trait` (in Nightly builds, run with -Z macro-backtrace for more info)\n\nerror[E0277]: the size for values of type `dyn de::Error` cannot be known at compilation time\n    --> serde/src/private/de.rs:2381:13\n     |\n2381 |             Ok(value.to_vec())\n     |             ^^^^^^^^^^^^^^^^^^ doesn't have a size known at compile-time\n     |\n     = help: the trait `Sized` is not implemented for `dyn de::Error`\nnote: required by a bound in `Ok`\n    --> /home/abezbm/.rustup/toolchains/nightly-2024-07-21-x86_64-unknown-linux-gnu/lib/rustlib/src/rust/library/core/src/result.rs:527:20\n     |\n527  | pub enum Result<T, E> {\n     |                    ^ required by this bound in `Ok`\n...\n531  |     Ok(#[stable(feature = \"rust1\", since = \"1.0.0\")] T),\n     |     -- required by a bound in this tuple variant\n\nerror[E0038]: the trait `de::Error` cannot be made into an object\n    --> serde/src/private/de.rs:2385:13\n     |\n2385 |             Err(Error::custom(\"expected bytes\"))\n     |             ^^^ `de::Error` cannot be made into an object\n     |\nnote: for a trait to be \"object safe\" it needs to allow building a vtable to allow the call to be resolvable dynamically; for more information visit <https://doc.rust-lang.org/reference/items/traits.html#object-safety>\n    --> serde/src/de/mod.rs:161:26\n     |\n161  |         pub trait Error: Sized $(+ $($supertrait)::+)* {\n     |                   -----  ^^^^^ ...because it requires `Self: Sized`\n     |                   |\n     |                   this trait cannot be made into an object...\n...\n300  | declare_error_trait!(Error: Sized + StdError);\n     | --------------------------------------------- in this macro invocation\n     = help: only type `de::value::Error` is seen to implement the trait in this crate, consider using it directly instead\n     = note: `de::Error` can be implemented in other crates; if you want to support your users passing their own types here, you can't refer to a specific type\n     = note: this error originates in the macro `declare_error_trait` (in Nightly builds, run with -Z macro-backtrace for more info)\n\nerror[E0038]: the trait `de::Error` cannot be made into an object\n    --> serde/src/private/de.rs:2385:17\n     |\n2385 |             Err(Error::custom(\"expected bytes\"))\n     |                 ^^^^^^^^^^^^^ `de::Error` cannot be made into an object\n     |\nnote: for a trait to be \"object safe\" it needs to allow building a vtable to allow the call to be resolvable dynamically; for more information visit <https://doc.rust-lang.org/reference/items/traits.html#object-safety>\n    --> serde/src/de/mod.rs:161:26\n     |\n161  |         pub trait Error: Sized $(+ $($supertrait)::+)* {\n     |                   -----  ^^^^^ ...because it requires `Self: Sized`\n     |                   |\n     |                   this trait cannot be made into an object...\n...\n300  | declare_error_trait!(Error: Sized + StdError);\n     | --------------------------------------------- in this macro invocation\n     = help: only type `de::value::Error` is seen to implement the trait in this crate, consider using it directly instead\n     = note: `de::Error` can be implemented in other crates; if you want to support your users passing their own types here, you can't refer to a specific type\n     = note: this error originates in the macro `declare_error_trait` (in Nightly builds, run with -Z macro-backtrace for more info)\n\nerror[E0277]: the size for values of type `dyn de::Error` cannot be known at compilation time\n    --> serde/src/private/de.rs:2385:17\n     |\n2385 |             Err(Error::custom(\"expected bytes\"))\n     |             --- ^^^^^^^^^^^^^^^^^^^^^^^^^^^^^^^ doesn't have a size known at compile-time\n     |             |\n     |             required by a bound introduced by this call\n     |\n     = help: the trait `Sized` is not implemented for `dyn de::Error`\nnote: required by a bound in `Err`\n    --> /home/abezbm/.rustup/toolchains/nightly-2024-07-21-x86_64-unknown-linux-gnu/lib/rustlib/src/rust/library/core/src/result.rs:527:20\n     |\n527  | pub enum Result<T, E> {\n     |                    ^ required by this bound in `Err`\n...\n536  |     Err(#[stable(feature = \"rust1\", since = \"1.0.0\")] E),\n     |     --- required by a bound in this tuple variant\n\nerror[E0038]: the trait `de::Error` cannot be made into an object\n    --> serde/src/private/de.rs:2389:13\n     |\n2389 |             Err(Error::custom(\"expected bytes\"))\n     |             ^^^ `de::Error` cannot be made into an object\n     |\nnote: for a trait to be \"object safe\" it needs to allow building a vtable to allow the call to be resolvable dynamically; for more information visit <https://doc.rust-lang.org/reference/items/traits.html#object-safety>\n    --> serde/src/de/mod.rs:161:26\n     |\n161  |         pub trait Error: Sized $(+ $($supertrait)::+)* {\n     |                   -----  ^^^^^ ...because it requires `Self: Sized`\n     |                   |\n     |                   this trait cannot be made into an object...\n...\n300  | declare_error_trait!(Error: Sized + StdError);\n     | --------------------------------------------- in this macro invocation\n     = help: only type `de::value::Error` is seen to implement the trait in this crate, consider using it directly instead\n     = note: `de::Error` can be implemented in other crates; if you want to support your users passing their own types here, you can't refer to a specific type\n     = note: this error originates in the macro `declare_error_trait` (in Nightly builds, run with -Z macro-backtrace for more info)\n\nerror[E0038]: the trait `de::Error` cannot be made into an object\n    --> serde/src/private/de.rs:2389:17\n     |\n2389 |             Err(Error::custom(\"expected bytes\"))\n     |                 ^^^^^^^^^^^^^ `de::Error` cannot be made into an object\n     |\nnote: for a trait to be \"object safe\" it needs to allow building a vtable to allow the call to be resolvable dynamically; for more information visit <https://doc.rust-lang.org/reference/items/traits.html#object-safety>\n    --> serde/src/de/mod.rs:161:26\n     |\n161  |         pub trait Error: Sized $(+ $($supertrait)::+)* {\n     |                   -----  ^^^^^ ...because it requires `Self: Sized`\n     |                   |\n     |                   this trait cannot be made into an object...\n...\n300  | declare_error_trait!(Error: Sized + StdError);\n     | --------------------------------------------- in this macro invocation\n     = help: only type `de::value::Error` is seen to implement the trait in this crate, consider using it directly instead\n     = note: `de::Error` can be implemented in other crates; if you want to support your users passing their own types here, you can't refer to a specific type\n     = note: this error originates in the macro `declare_error_trait` (in Nightly builds, run with -Z macro-backtrace for more info)\n\nerror[E0277]: the size for values of type `dyn de::Error` cannot be known at compilation time\n    --> serde/src/private/de.rs:2389:17\n     |\n2389 |             Err(Error::custom(\"expected bytes\"))\n     |             --- ^^^^^^^^^^^^^^^^^^^^^^^^^^^^^^^ doesn't have a size known at compile-time\n     |             |\n     |             required by a bound introduced by this call\n     |\n     = help: the trait `Sized` is not implemented for `dyn de::Error`\nnote: required by a bound in `Err`\n    --> /home/abezbm/.rustup/toolchains/nightly-2024-07-21-x86_64-unknown-linux-gnu/lib/rustlib/src/rust/library/core/src/result.rs:527:20\n     |\n527  | pub enum Result<T, E> {\n     |                    ^ required by this bound in `Err`\n...\n536  |     Err(#[stable(feature = \"rust1\", since = \"1.0.0\")] E),\n     |     --- required by a bound in this tuple variant\n\nerror[E0782]: trait objects must include the `dyn` keyword\n    --> serde/src/private/de.rs:2376:71\n     |\n2376 |         fn visit_bytes(self, value: &'de [u8]) -> Result<Self::Value, Error> {\n     |                                                                       ^^^^^\n     |\nhelp: add `dyn` keyword before this trait\n     |\n2376 |         fn visit_bytes(self, value: &'de [u8]) -> Result<Self::Value, dyn Error> {\n     |                                                                       +++\n\nerror[E0782]: trait objects must include the `dyn` keyword\n    --> serde/src/private/de.rs:2380:80\n     |\n2380 |         fn visit_borrowed_bytes(self, value: &'de [u8]) -> Result<Self::Value, Error> {\n     |                                                                                ^^^^^\n     |\nhelp: add `dyn` keyword before this trait\n     |\n2380 |         fn visit_borrowed_bytes(self, value: &'de [u8]) -> Result<Self::Value, dyn Error> {\n     |                                                                                +++\n\nerror[E0782]: trait objects must include the `dyn` keyword\n    --> serde/src/private/de.rs:2384:64\n     |\n2384 |         fn visit_str(self, _: &'de str) -> Result<Self::Value, Error> {\n     |                                                                ^^^^^\n     |\nhelp: add `dyn` keyword before this trait\n     |\n2384 |         fn visit_str(self, _: &'de str) -> Result<Self::Value, dyn Error> {\n     |                                                                +++\n\nerror[E0782]: trait objects must include the `dyn` keyword\n    --> serde/src/private/de.rs:2388:73\n     |\n2388 |         fn visit_borrowed_str(self, _: &'de str) -> Result<Self::Value, Error> {\n     |                                                                         ^^^^^\n     |\nhelp: add `dyn` keyword before this trait\n     |\n2388 |         fn visit_borrowed_str(self, _: &'de str) -> Result<Self::Value, dyn Error> {\n     |                                                                         +++\n\nSome errors have detailed explanations: E0038, E0046, E0049, E0277, E0282, E0782.\nFor more information about an error, try `rustc --explain E0038`.\nwarning: `serde` (lib test) generated 1 warning\nerror: could not compile `serde` (lib test) due to 28 previous errors; 1 warning emitted\n"
                }
              ],
              "repaired": [
                false
              ]
            }
          ]
        }
      ]
    },
    {
      "chain_id": 4,
      "prompt_conds": [
        "// constraint: *self.content matches Content::ByteBuf(ref v) is true\n",
        "// constraint: *self.content matches Content::ByteBuf(ref v) is true\n"
      ],
      "input_infer": "",
      "answers": [
        {
          "uses": [],
          "has_test_mod": false,
          "common": [],
          "chain_tests": [
            {
              "attrs": [],
              "prefix": [],
              "oracles": [],
              "codes": [
                [
                  "{",
                  "    struct MockVisitor {",
                  "        value: Option<Vec<u8>>,",
                  "    }",
                  "",
                  "    impl<'de> Visitor<'de> for MockVisitor {",
                  "        type Value = Vec<u8>;",
                  "",
                  "        fn visit_bytes(self, value: &'de [u8]) -> Result<Self::Value, serde::de::Error> {",
                  "            Ok(value.to_vec())",
                  "        }",
                  "",
                  "        fn visit_borrowed_bytes(self, value: &'de [u8]) -> Result<Self::Value, serde::de::Error> {",
                  "            Ok(value.to_owned())",
                  "        }",
                  "",
                  "        // Implement other visitor methods as required to fulfill the trait, ignoring for now",
                  "        fn visit_str(self, _value: &'de str) -> Result<Self::Value, serde::de::Error> {",
                  "            unimplemented!()",
                  "        }",
                  "",
                  "        fn visit_borrowed_str(self, _value: &'de str) -> Result<Self::Value, serde::de::Error> {",
                  "            unimplemented!()",
                  "        }",
                  "",
                  "        fn visit_unit(self) -> Result<Self::Value, serde::de::Error> {",
                  "            unimplemented!()",
                  "        }",
                  "",
                  "        // Other methods of Visitor...",
                  "    }",
                  "",
                  "    let content = Content::ByteBuf(vec![1, 2, 3, 4]);",
                  "    let deserializer = ContentRefDeserializer {",
                  "        content: &content,",
                  "        err: std::marker::PhantomData,",
                  "    };",
                  "    let visitor = MockVisitor { value: None };",
                  "    let result = deserializer.deserialize_bytes(visitor);",
                  "",
                  "    assert_eq!(result.unwrap(), vec![1, 2, 3, 4]);",
                  "}"
                ]
              ],
              "can_compile": [
                {
                  "Err": "   Compiling proc-macro2 v1.0.95\n   Compiling syn v1.0.109\n   Compiling serde_derive v1.0.219 (/home/abezbm/rust-utgen-test-crates-new/serde/serde_derive)\n   Compiling serde v1.0.219 (/home/abezbm/rust-utgen-test-crates-new/serde/serde)\n   Compiling quote v1.0.40\n   Compiling syn v2.0.100\n   Compiling ntest_test_cases v0.9.3\n   Compiling ntest_timeout v0.9.3\n   Compiling ntest v0.9.3\nerror[E0433]: failed to resolve: use of undeclared crate or module `serde`\n    --> serde/src/private/de.rs:2373:71\n     |\n2373 |         fn visit_bytes(self, value: &'de [u8]) -> Result<Self::Value, serde::de::Error> {\n     |                                                                       ^^^^^ use of undeclared crate or module `serde`\n     |\nhelp: consider importing one of these modules\n     |\n2361 +    use crate::__private::de;\n     |\n2361 +    use crate::de;\n     |\nhelp: if you import `de`, refer to it directly\n     |\n2373 -         fn visit_bytes(self, value: &'de [u8]) -> Result<Self::Value, serde::de::Error> {\n2373 +         fn visit_bytes(self, value: &'de [u8]) -> Result<Self::Value, de::Error> {\n     |\n\nerror[E0433]: failed to resolve: use of undeclared crate or module `serde`\n    --> serde/src/private/de.rs:2377:80\n     |\n2377 |         fn visit_borrowed_bytes(self, value: &'de [u8]) -> Result<Self::Value, serde::de::Error> {\n     |                                                                                ^^^^^ use of undeclared crate or module `serde`\n     |\nhelp: consider importing one of these modules\n     |\n2361 +    use crate::__private::de;\n     |\n2361 +    use crate::de;\n     |\nhelp: if you import `de`, refer to it directly\n     |\n2377 -         fn visit_borrowed_bytes(self, value: &'de [u8]) -> Result<Self::Value, serde::de::Error> {\n2377 +         fn visit_borrowed_bytes(self, value: &'de [u8]) -> Result<Self::Value, de::Error> {\n     |\n\nerror[E0433]: failed to resolve: use of undeclared crate or module `serde`\n    --> serde/src/private/de.rs:2382:69\n     |\n2382 |         fn visit_str(self, _value: &'de str) -> Result<Self::Value, serde::de::Error> {\n     |                                                                     ^^^^^ use of undeclared crate or module `serde`\n     |\nhelp: consider importing one of these modules\n     |\n2361 +    use crate::__private::de;\n     |\n2361 +    use crate::de;\n     |\nhelp: if you import `de`, refer to it directly\n     |\n2382 -         fn visit_str(self, _value: &'de str) -> Result<Self::Value, serde::de::Error> {\n2382 +         fn visit_str(self, _value: &'de str) -> Result<Self::Value, de::Error> {\n     |\n\nerror[E0433]: failed to resolve: use of undeclared crate or module `serde`\n    --> serde/src/private/de.rs:2386:78\n     |\n2386 |         fn visit_borrowed_str(self, _value: &'de str) -> Result<Self::Value, serde::de::Error> {\n     |                                                                              ^^^^^ use of undeclared crate or module `serde`\n     |\nhelp: consider importing one of these modules\n     |\n2361 +    use crate::__private::de;\n     |\n2361 +    use crate::de;\n     |\nhelp: if you import `de`, refer to it directly\n     |\n2386 -         fn visit_borrowed_str(self, _value: &'de str) -> Result<Self::Value, serde::de::Error> {\n2386 +         fn visit_borrowed_str(self, _value: &'de str) -> Result<Self::Value, de::Error> {\n     |\n\nerror[E0433]: failed to resolve: use of undeclared crate or module `serde`\n    --> serde/src/private/de.rs:2390:52\n     |\n2390 |         fn visit_unit(self) -> Result<Self::Value, serde::de::Error> {\n     |                                                    ^^^^^ use of undeclared crate or module `serde`\n     |\nhelp: consider importing one of these modules\n     |\n2361 +    use crate::__private::de;\n     |\n2361 +    use crate::de;\n     |\nhelp: if you import `de`, refer to it directly\n     |\n2390 -         fn visit_unit(self) -> Result<Self::Value, serde::de::Error> {\n2390 +         fn visit_unit(self) -> Result<Self::Value, de::Error> {\n     |\n\nwarning: unused import: `ntest::timeout`\n    --> serde/src/private/de.rs:2362:8\n     |\n2362 |    use ntest::timeout;\n     |        ^^^^^^^^^^^^^^\n     |\n     = note: `#[warn(unused_imports)]` on by default\n\nerror[E0049]: method `visit_bytes` has 0 type parameters but its trait declaration has 1 type parameter\n    --> serde/src/private/de.rs:2373:23\n     |\n2373 |         fn visit_bytes(self, value: &'de [u8]) -> Result<Self::Value, serde::de::Error> {\n     |                       ^ found 0 type parameters\n     |\n    ::: serde/src/de/mod.rs:1553:20\n     |\n1553 |     fn visit_bytes<E>(self, v: &[u8]) -> Result<Self::Value, E>\n     |                    - expected 1 type parameter\n\nerror[E0049]: method `visit_borrowed_bytes` has 0 type parameters but its trait declaration has 1 type parameter\n    --> serde/src/private/de.rs:2377:32\n     |\n2377 |         fn visit_borrowed_bytes(self, value: &'de [u8]) -> Result<Self::Value, serde::de::Error> {\n     |                                ^ found 0 type parameters\n     |\n    ::: serde/src/de/mod.rs:1569:29\n     |\n1569 |     fn visit_borrowed_bytes<E>(self, v: &'de [u8]) -> Result<Self::Value, E>\n     |                             - expected 1 type parameter\n\nerror[E0049]: method `visit_str` has 0 type parameters but its trait declaration has 1 type parameter\n    --> serde/src/private/de.rs:2382:21\n     |\n2382 |         fn visit_str(self, _value: &'de str) -> Result<Self::Value, serde::de::Error> {\n     |                     ^ found 0 type parameters\n     |\n    ::: serde/src/de/mod.rs:1493:18\n     |\n1493 |     fn visit_str<E>(self, v: &str) -> Result<Self::Value, E>\n     |                  - expected 1 type parameter\n\nerror[E0049]: method `visit_borrowed_str` has 0 type parameters but its trait declaration has 1 type parameter\n    --> serde/src/private/de.rs:2386:30\n     |\n2386 |         fn visit_borrowed_str(self, _value: &'de str) -> Result<Self::Value, serde::de::Error> {\n     |                              ^ found 0 type parameters\n     |\n    ::: serde/src/de/mod.rs:1510:27\n     |\n1510 |     fn visit_borrowed_str<E>(self, v: &'de str) -> Result<Self::Value, E>\n     |                           - expected 1 type parameter\n\nerror[E0049]: method `visit_unit` has 0 type parameters but its trait declaration has 1 type parameter\n    --> serde/src/private/de.rs:2390:22\n     |\n2390 |         fn visit_unit(self) -> Result<Self::Value, serde::de::Error> {\n     |                      ^ found 0 type parameters\n     |\n    ::: serde/src/de/mod.rs:1625:19\n     |\n1625 |     fn visit_unit<E>(self) -> Result<Self::Value, E>\n     |                   - expected 1 type parameter\n\nerror[E0046]: not all trait items implemented, missing: `expecting`\n    --> serde/src/private/de.rs:2370:5\n     |\n2370 |     impl<'de> Visitor<'de> for MockVisitor {\n     |     ^^^^^^^^^^^^^^^^^^^^^^^^^^^^^^^^^^^^^^ missing `expecting` in implementation\n     |\n    ::: serde/src/de/mod.rs:1310:5\n     |\n1310 |     fn expecting(&self, formatter: &mut fmt::Formatter) -> fmt::Result;\n     |     ------------------------------------------------------------------- `expecting` from trait\n\nerror[E0282]: type annotations needed for `__private::de::content::ContentRefDeserializer<'_, '_, _>`\n    --> serde/src/private/de.rs:2398:9\n     |\n2398 |     let deserializer = ContentRefDeserializer {\n     |         ^^^^^^^^^^^^\n2399 |         content: &content,\n2400 |         err: std::marker::PhantomData,\n     |              ------------------------ type must be known at this point\n     |\nhelp: consider giving `deserializer` an explicit type, where the type for type parameter `T` is specified\n     |\n2398 |     let deserializer: __private::de::content::ContentRefDeserializer<'_, '_, E> = ContentRefDeserializer {\n     |                     +++++++++++++++++++++++++++++++++++++++++++++++++++++++++++\n\nSome errors have detailed explanations: E0046, E0049, E0282, E0433.\nFor more information about an error, try `rustc --explain E0046`.\nwarning: `serde` (lib test) generated 1 warning\nerror: could not compile `serde` (lib test) due to 12 previous errors; 1 warning emitted\n"
                }
              ],
              "repaired": [
                false
              ]
            },
            {
              "attrs": [],
              "prefix": [],
              "oracles": [],
              "codes": [
                [
                  "{",
                  "    struct MockVisitorForSeq {",
                  "        value: Option<Vec<u8>>,",
                  "    }",
                  "",
                  "    impl<'de> Visitor<'de> for MockVisitorForSeq {",
                  "        type Value = Vec<u8>;",
                  "",
                  "        fn visit_seq<V>(self, mut seq: V) -> Result<Self::Value, serde::de::Error>",
                  "        where",
                  "            V: serde::de::SeqAccess<'de>,",
                  "        {",
                  "            let mut result = Vec::new();",
                  "            while let Some(byte) = seq.next_element::<u8>()? {",
                  "                result.push(byte);",
                  "            }",
                  "            Ok(result)",
                  "        }",
                  "",
                  "        // Implement other visitor methods as required to fulfill the trait, ignoring for now",
                  "        fn visit_bytes(self, _value: &'de [u8]) -> Result<Self::Value, serde::de::Error> {",
                  "            unimplemented!()",
                  "        }",
                  "",
                  "        fn visit_borrowed_bytes(self, _value: &'de [u8]) -> Result<Self::Value, serde::de::Error> {",
                  "            unimplemented!()",
                  "        }",
                  "",
                  "        fn visit_str(self, _value: &'de str) -> Result<Self::Value, serde::de::Error> {",
                  "            unimplemented!()",
                  "        }",
                  "",
                  "        fn visit_borrowed_str(self, _value: &'de str) -> Result<Self::Value, serde::de::Error> {",
                  "            unimplemented!()",
                  "        }",
                  "",
                  "        fn visit_unit(self) -> Result<Self::Value, serde::de::Error> {",
                  "            unimplemented!()",
                  "        }",
                  "",
                  "        // Other methods of Visitor...",
                  "    }",
                  "",
                  "    let content = Content::Seq(vec![Content::U8(5), Content::U8(6), Content::U8(7)]);",
                  "    let deserializer = ContentRefDeserializer {",
                  "        content: &content,",
                  "        err: std::marker::PhantomData,",
                  "    };",
                  "    let visitor = MockVisitorForSeq { value: None };",
                  "    let result = deserializer.deserialize_bytes(visitor);",
                  "",
                  "    assert_eq!(result.unwrap(), vec![5, 6, 7]);",
                  "}"
                ]
              ],
              "can_compile": [
                {
                  "Err": "   Compiling proc-macro2 v1.0.95\n   Compiling syn v1.0.109\n   Compiling serde_derive v1.0.219 (/home/abezbm/rust-utgen-test-crates-new/serde/serde_derive)\n   Compiling serde v1.0.219 (/home/abezbm/rust-utgen-test-crates-new/serde/serde)\n   Compiling quote v1.0.40\n   Compiling syn v2.0.100\n   Compiling ntest_timeout v0.9.3\n   Compiling ntest_test_cases v0.9.3\n   Compiling ntest v0.9.3\nerror[E0433]: failed to resolve: use of undeclared crate or module `serde`\n    --> serde/src/private/de.rs:2375:16\n     |\n2375 |             V: serde::de::SeqAccess<'de>,\n     |                ^^^^^ use of undeclared crate or module `serde`\n     |\nhelp: consider importing this module\n     |\n2361 +    use crate::de;\n     |\nhelp: if you import `de`, refer to it directly\n     |\n2375 -             V: serde::de::SeqAccess<'de>,\n2375 +             V: de::SeqAccess<'de>,\n     |\n\nerror[E0433]: failed to resolve: use of undeclared crate or module `serde`\n    --> serde/src/private/de.rs:2373:66\n     |\n2373 |         fn visit_seq<V>(self, mut seq: V) -> Result<Self::Value, serde::de::Error>\n     |                                                                  ^^^^^ use of undeclared crate or module `serde`\n     |\nhelp: consider importing one of these modules\n     |\n2361 +    use crate::__private::de;\n     |\n2361 +    use crate::de;\n     |\nhelp: if you import `de`, refer to it directly\n     |\n2373 -         fn visit_seq<V>(self, mut seq: V) -> Result<Self::Value, serde::de::Error>\n2373 +         fn visit_seq<V>(self, mut seq: V) -> Result<Self::Value, de::Error>\n     |\n\nerror[E0433]: failed to resolve: use of undeclared crate or module `serde`\n    --> serde/src/private/de.rs:2385:72\n     |\n2385 |         fn visit_bytes(self, _value: &'de [u8]) -> Result<Self::Value, serde::de::Error> {\n     |                                                                        ^^^^^ use of undeclared crate or module `serde`\n     |\nhelp: consider importing one of these modules\n     |\n2361 +    use crate::__private::de;\n     |\n2361 +    use crate::de;\n     |\nhelp: if you import `de`, refer to it directly\n     |\n2385 -         fn visit_bytes(self, _value: &'de [u8]) -> Result<Self::Value, serde::de::Error> {\n2385 +         fn visit_bytes(self, _value: &'de [u8]) -> Result<Self::Value, de::Error> {\n     |\n\nerror[E0433]: failed to resolve: use of undeclared crate or module `serde`\n    --> serde/src/private/de.rs:2389:81\n     |\n2389 |         fn visit_borrowed_bytes(self, _value: &'de [u8]) -> Result<Self::Value, serde::de::Error> {\n     |                                                                                 ^^^^^ use of undeclared crate or module `serde`\n     |\nhelp: consider importing one of these modules\n     |\n2361 +    use crate::__private::de;\n     |\n2361 +    use crate::de;\n     |\nhelp: if you import `de`, refer to it directly\n     |\n2389 -         fn visit_borrowed_bytes(self, _value: &'de [u8]) -> Result<Self::Value, serde::de::Error> {\n2389 +         fn visit_borrowed_bytes(self, _value: &'de [u8]) -> Result<Self::Value, de::Error> {\n     |\n\nerror[E0433]: failed to resolve: use of undeclared crate or module `serde`\n    --> serde/src/private/de.rs:2393:69\n     |\n2393 |         fn visit_str(self, _value: &'de str) -> Result<Self::Value, serde::de::Error> {\n     |                                                                     ^^^^^ use of undeclared crate or module `serde`\n     |\nhelp: consider importing one of these modules\n     |\n2361 +    use crate::__private::de;\n     |\n2361 +    use crate::de;\n     |\nhelp: if you import `de`, refer to it directly\n     |\n2393 -         fn visit_str(self, _value: &'de str) -> Result<Self::Value, serde::de::Error> {\n2393 +         fn visit_str(self, _value: &'de str) -> Result<Self::Value, de::Error> {\n     |\n\nerror[E0433]: failed to resolve: use of undeclared crate or module `serde`\n    --> serde/src/private/de.rs:2397:78\n     |\n2397 |         fn visit_borrowed_str(self, _value: &'de str) -> Result<Self::Value, serde::de::Error> {\n     |                                                                              ^^^^^ use of undeclared crate or module `serde`\n     |\nhelp: consider importing one of these modules\n     |\n2361 +    use crate::__private::de;\n     |\n2361 +    use crate::de;\n     |\nhelp: if you import `de`, refer to it directly\n     |\n2397 -         fn visit_borrowed_str(self, _value: &'de str) -> Result<Self::Value, serde::de::Error> {\n2397 +         fn visit_borrowed_str(self, _value: &'de str) -> Result<Self::Value, de::Error> {\n     |\n\nerror[E0433]: failed to resolve: use of undeclared crate or module `serde`\n    --> serde/src/private/de.rs:2401:52\n     |\n2401 |         fn visit_unit(self) -> Result<Self::Value, serde::de::Error> {\n     |                                                    ^^^^^ use of undeclared crate or module `serde`\n     |\nhelp: consider importing one of these modules\n     |\n2361 +    use crate::__private::de;\n     |\n2361 +    use crate::de;\n     |\nhelp: if you import `de`, refer to it directly\n     |\n2401 -         fn visit_unit(self) -> Result<Self::Value, serde::de::Error> {\n2401 +         fn visit_unit(self) -> Result<Self::Value, de::Error> {\n     |\n\nwarning: unused import: `ntest::timeout`\n    --> serde/src/private/de.rs:2362:8\n     |\n2362 |    use ntest::timeout;\n     |        ^^^^^^^^^^^^^^\n     |\n     = note: `#[warn(unused_imports)]` on by default\n\nFor more information about this error, try `rustc --explain E0433`.\nwarning: `serde` (lib test) generated 1 warning\nerror: could not compile `serde` (lib test) due to 7 previous errors; 1 warning emitted\n"
                }
              ],
              "repaired": [
                false
              ]
            }
          ]
        }
      ]
    },
    {
      "chain_id": 5,
      "prompt_conds": [
        "// constraint: *self.content matches Content::Str(v) is true\n",
        "// constraint: *self.content matches Content::Str(v) is true\n"
      ],
      "input_infer": "",
      "answers": [
        {
          "uses": [],
          "has_test_mod": false,
          "common": [],
          "chain_tests": [
            {
              "attrs": [],
              "prefix": [],
              "oracles": [],
              "codes": [
                [
                  "{",
                  "    struct VisitorMock {",
                  "        pub visited_str: Option<String>,",
                  "        pub visited_bytes: Option<Vec<u8>>,",
                  "    }",
                  "",
                  "    impl<'de> Visitor<'de> for VisitorMock {",
                  "        type Value = &'de str;",
                  "",
                  "        fn visit_str<E>(self, value: &'de str) -> Result<Self::Value, E> {",
                  "            Ok(value)",
                  "        }",
                  "",
                  "        fn visit_borrowed_str<E>(self, value: &'de str) -> Result<Self::Value, E> {",
                  "            self.visited_str = Some(value.to_string());",
                  "            Ok(value)",
                  "        }",
                  "",
                  "        fn visit_bytes<E>(self, _value: &[u8]) -> Result<Self::Value, E> {",
                  "            Err(E::custom(\"Unexpected visit_bytes call\"))",
                  "        }",
                  "",
                  "        fn visit_borrowed_bytes<E>(self, _value: &[u8]) -> Result<Self::Value, E> {",
                  "            Err(E::custom(\"Unexpected visit_borrowed_bytes call\"))",
                  "        }",
                  "    }",
                  "",
                  "    let content = Content::Str(\"test_string\");",
                  "    let deserializer = ContentRefDeserializer {",
                  "        content: &content,",
                  "        err: PhantomData,",
                  "    };",
                  "    let mut visitor = VisitorMock {",
                  "        visited_str: None,",
                  "        visited_bytes: None,",
                  "    };",
                  "",
                  "    let result = deserializer.deserialize_bytes(visitor);",
                  "    assert_eq!(result.unwrap(), \"test_string\");",
                  "    assert_eq!(visitor.visited_str.unwrap(), \"test_string\");",
                  "}"
                ]
              ],
              "can_compile": [
                {
                  "Err": "   Compiling proc-macro2 v1.0.95\n   Compiling syn v1.0.109\n   Compiling serde_derive v1.0.219 (/home/abezbm/rust-utgen-test-crates-new/serde/serde_derive)\n   Compiling serde v1.0.219 (/home/abezbm/rust-utgen-test-crates-new/serde/serde)\n   Compiling quote v1.0.40\n   Compiling syn v2.0.100\n   Compiling ntest_test_cases v0.9.3\n   Compiling ntest_timeout v0.9.3\n   Compiling ntest v0.9.3\nwarning: unused import: `ntest::timeout`\n    --> serde/src/private/de.rs:2362:8\n     |\n2362 |    use ntest::timeout;\n     |        ^^^^^^^^^^^^^^\n     |\n     = note: `#[warn(unused_imports)]` on by default\n\nerror[E0308]: method not compatible with trait\n    --> serde/src/private/de.rs:2374:9\n     |\n2374 |         fn visit_str<E>(self, value: &'de str) -> Result<Self::Value, E> {\n     |         ^^^^^^^^^^^^^^^^^^^^^^^^^^^^^^^^^^^^^^^^^^^^^^^^^^^^^^^^^^^^^^^^ lifetime mismatch\n     |\n     = note: expected signature `fn(VisitorMock, &_) -> Result<_, _>`\n                found signature `fn(VisitorMock, &'de _) -> Result<_, _>`\nnote: the anonymous lifetime defined here...\n    --> serde/src/de/mod.rs:1493:30\n     |\n1493 |     fn visit_str<E>(self, v: &str) -> Result<Self::Value, E>\n     |                              ^^^^\nnote: ...does not necessarily outlive the lifetime `'de` as defined here\n    --> serde/src/private/de.rs:2371:10\n     |\n2371 |     impl<'de> Visitor<'de> for VisitorMock {\n     |          ^^^\n\nerror[E0046]: not all trait items implemented, missing: `expecting`\n    --> serde/src/private/de.rs:2371:5\n     |\n2371 |     impl<'de> Visitor<'de> for VisitorMock {\n     |     ^^^^^^^^^^^^^^^^^^^^^^^^^^^^^^^^^^^^^^ missing `expecting` in implementation\n     |\n    ::: serde/src/de/mod.rs:1310:5\n     |\n1310 |     fn expecting(&self, formatter: &mut fmt::Formatter) -> fmt::Result;\n     |     ------------------------------------------------------------------- `expecting` from trait\n\nerror[E0282]: type annotations needed for `__private::de::content::ContentRefDeserializer<'_, '_, _>`\n    --> serde/src/private/de.rs:2393:9\n     |\n2393 |     let deserializer = ContentRefDeserializer {\n     |         ^^^^^^^^^^^^\n2394 |         content: &content,\n2395 |         err: PhantomData,\n     |              ----------- type must be known at this point\n     |\nhelp: consider giving `deserializer` an explicit type, where the type for type parameter `T` is specified\n     |\n2393 |     let deserializer: __private::de::content::ContentRefDeserializer<'_, '_, E> = ContentRefDeserializer {\n     |                     +++++++++++++++++++++++++++++++++++++++++++++++++++++++++++\n\nerror[E0599]: no function or associated item named `custom` found for type parameter `E` in the current scope\n    --> serde/src/private/de.rs:2384:20\n     |\n2383 |         fn visit_bytes<E>(self, _value: &[u8]) -> Result<Self::Value, E> {\n     |                        - function or associated item `custom` not found for this type parameter\n2384 |             Err(E::custom(\"Unexpected visit_bytes call\"))\n     |                    ^^^^^^ function or associated item not found in `E`\n     |\n     = help: items from traits can only be used if the type parameter is bounded by the trait\nhelp: the following traits define an item `custom`, perhaps you need to restrict type parameter `E` with one of them:\n     |\n2383 |         fn visit_bytes<E: de::Error>(self, _value: &[u8]) -> Result<Self::Value, E> {\n     |                         +++++++++++\n2383 |         fn visit_bytes<E: ser::Error>(self, _value: &[u8]) -> Result<Self::Value, E> {\n     |                         ++++++++++++\n\nerror[E0599]: no function or associated item named `custom` found for type parameter `E` in the current scope\n    --> serde/src/private/de.rs:2388:20\n     |\n2387 |         fn visit_borrowed_bytes<E>(self, _value: &[u8]) -> Result<Self::Value, E> {\n     |                                 - function or associated item `custom` not found for this type parameter\n2388 |             Err(E::custom(\"Unexpected visit_borrowed_bytes call\"))\n     |                    ^^^^^^ function or associated item not found in `E`\n     |\n     = help: items from traits can only be used if the type parameter is bounded by the trait\nhelp: the following traits define an item `custom`, perhaps you need to restrict type parameter `E` with one of them:\n     |\n2387 |         fn visit_borrowed_bytes<E: de::Error>(self, _value: &[u8]) -> Result<Self::Value, E> {\n     |                                  +++++++++++\n2387 |         fn visit_borrowed_bytes<E: ser::Error>(self, _value: &[u8]) -> Result<Self::Value, E> {\n     |                                  ++++++++++++\n\nerror[E0594]: cannot assign to `self.visited_str`, as `self` is not declared as mutable\n    --> serde/src/private/de.rs:2379:13\n     |\n2379 |             self.visited_str = Some(value.to_string());\n     |             ^^^^^^^^^^^^^^^^ cannot assign\n     |\nhelp: consider changing this to be mutable\n     |\n2378 |         fn visit_borrowed_str<E>(mut self, value: &'de str) -> Result<Self::Value, E> {\n     |                                  +++\n\nSome errors have detailed explanations: E0046, E0282, E0308, E0594, E0599.\nFor more information about an error, try `rustc --explain E0046`.\nwarning: `serde` (lib test) generated 1 warning\nerror: could not compile `serde` (lib test) due to 6 previous errors; 1 warning emitted\n"
                }
              ],
              "repaired": [
                false
              ]
            },
            {
              "attrs": [],
              "prefix": [],
              "oracles": [],
              "codes": [
                [
                  "{",
                  "    struct VisitorMock {",
                  "        pub visited_str: Option<String>,",
                  "        pub visited_bytes: Option<Vec<u8>>,",
                  "    }",
                  "",
                  "    impl<'de> Visitor<'de> for VisitorMock {",
                  "        type Value = &'de str;",
                  "",
                  "        fn visit_str<E>(self, value: &'de str) -> Result<Self::Value, E> {",
                  "            Err(E::custom(\"Unexpected visit_str call\"))",
                  "        }",
                  "",
                  "        fn visit_borrowed_str<E>(self, value: &'de str) -> Result<Self::Value, E> {",
                  "            self.visited_str = Some(value.to_string());",
                  "            Ok(value)",
                  "        }",
                  "",
                  "        fn visit_bytes<E>(self, _value: &[u8]) -> Result<Self::Value, E> {",
                  "            Err(E::custom(\"Unexpected visit_bytes call\"))",
                  "        }",
                  "",
                  "        fn visit_borrowed_bytes<E>(self, _value: &[u8]) -> Result<Self::Value, E> {",
                  "            Err(E::custom(\"Unexpected visit_borrowed_bytes call\"))",
                  "        }",
                  "    }",
                  "",
                  "    let content = Content::Str(\"borrowed_string\");",
                  "    let deserializer = ContentRefDeserializer {",
                  "        content: &content,",
                  "        err: PhantomData,",
                  "    };",
                  "    let mut visitor = VisitorMock {",
                  "        visited_str: None,",
                  "        visited_bytes: None,",
                  "    };",
                  "",
                  "    let result = deserializer.deserialize_bytes(visitor);",
                  "    assert_eq!(result.unwrap(), \"borrowed_string\");",
                  "    assert_eq!(visitor.visited_str.unwrap(), \"borrowed_string\");",
                  "}"
                ]
              ],
              "can_compile": [
                {
                  "Err": "   Compiling proc-macro2 v1.0.95\n   Compiling syn v1.0.109\n   Compiling serde_derive v1.0.219 (/home/abezbm/rust-utgen-test-crates-new/serde/serde_derive)\n   Compiling serde v1.0.219 (/home/abezbm/rust-utgen-test-crates-new/serde/serde)\n   Compiling quote v1.0.40\n   Compiling syn v2.0.100\n   Compiling ntest_timeout v0.9.3\n   Compiling ntest_test_cases v0.9.3\n   Compiling ntest v0.9.3\nwarning: unused import: `ntest::timeout`\n    --> serde/src/private/de.rs:2362:8\n     |\n2362 |    use ntest::timeout;\n     |        ^^^^^^^^^^^^^^\n     |\n     = note: `#[warn(unused_imports)]` on by default\n\nerror[E0308]: method not compatible with trait\n    --> serde/src/private/de.rs:2374:9\n     |\n2374 |         fn visit_str<E>(self, value: &'de str) -> Result<Self::Value, E> {\n     |         ^^^^^^^^^^^^^^^^^^^^^^^^^^^^^^^^^^^^^^^^^^^^^^^^^^^^^^^^^^^^^^^^ lifetime mismatch\n     |\n     = note: expected signature `fn(VisitorMock, &_) -> Result<_, _>`\n                found signature `fn(VisitorMock, &'de _) -> Result<_, _>`\nnote: the anonymous lifetime defined here...\n    --> serde/src/de/mod.rs:1493:30\n     |\n1493 |     fn visit_str<E>(self, v: &str) -> Result<Self::Value, E>\n     |                              ^^^^\nnote: ...does not necessarily outlive the lifetime `'de` as defined here\n    --> serde/src/private/de.rs:2371:10\n     |\n2371 |     impl<'de> Visitor<'de> for VisitorMock {\n     |          ^^^\n\nerror[E0046]: not all trait items implemented, missing: `expecting`\n    --> serde/src/private/de.rs:2371:5\n     |\n2371 |     impl<'de> Visitor<'de> for VisitorMock {\n     |     ^^^^^^^^^^^^^^^^^^^^^^^^^^^^^^^^^^^^^^ missing `expecting` in implementation\n     |\n    ::: serde/src/de/mod.rs:1310:5\n     |\n1310 |     fn expecting(&self, formatter: &mut fmt::Formatter) -> fmt::Result;\n     |     ------------------------------------------------------------------- `expecting` from trait\n\nerror[E0282]: type annotations needed for `__private::de::content::ContentRefDeserializer<'_, '_, _>`\n    --> serde/src/private/de.rs:2393:9\n     |\n2393 |     let deserializer = ContentRefDeserializer {\n     |         ^^^^^^^^^^^^\n2394 |         content: &content,\n2395 |         err: PhantomData,\n     |              ----------- type must be known at this point\n     |\nhelp: consider giving `deserializer` an explicit type, where the type for type parameter `T` is specified\n     |\n2393 |     let deserializer: __private::de::content::ContentRefDeserializer<'_, '_, E> = ContentRefDeserializer {\n     |                     +++++++++++++++++++++++++++++++++++++++++++++++++++++++++++\n\nerror[E0599]: no function or associated item named `custom` found for type parameter `E` in the current scope\n    --> serde/src/private/de.rs:2375:20\n     |\n2374 |         fn visit_str<E>(self, value: &'de str) -> Result<Self::Value, E> {\n     |                      - function or associated item `custom` not found for this type parameter\n2375 |             Err(E::custom(\"Unexpected visit_str call\"))\n     |                    ^^^^^^ function or associated item not found in `E`\n     |\n     = help: items from traits can only be used if the type parameter is bounded by the trait\nhelp: the following traits define an item `custom`, perhaps you need to restrict type parameter `E` with one of them:\n     |\n2374 |         fn visit_str<E: de::Error>(self, value: &'de str) -> Result<Self::Value, E> {\n     |                       +++++++++++\n2374 |         fn visit_str<E: ser::Error>(self, value: &'de str) -> Result<Self::Value, E> {\n     |                       ++++++++++++\n\nerror[E0599]: no function or associated item named `custom` found for type parameter `E` in the current scope\n    --> serde/src/private/de.rs:2384:20\n     |\n2383 |         fn visit_bytes<E>(self, _value: &[u8]) -> Result<Self::Value, E> {\n     |                        - function or associated item `custom` not found for this type parameter\n2384 |             Err(E::custom(\"Unexpected visit_bytes call\"))\n     |                    ^^^^^^ function or associated item not found in `E`\n     |\n     = help: items from traits can only be used if the type parameter is bounded by the trait\nhelp: the following traits define an item `custom`, perhaps you need to restrict type parameter `E` with one of them:\n     |\n2383 |         fn visit_bytes<E: de::Error>(self, _value: &[u8]) -> Result<Self::Value, E> {\n     |                         +++++++++++\n2383 |         fn visit_bytes<E: ser::Error>(self, _value: &[u8]) -> Result<Self::Value, E> {\n     |                         ++++++++++++\n\nerror[E0599]: no function or associated item named `custom` found for type parameter `E` in the current scope\n    --> serde/src/private/de.rs:2388:20\n     |\n2387 |         fn visit_borrowed_bytes<E>(self, _value: &[u8]) -> Result<Self::Value, E> {\n     |                                 - function or associated item `custom` not found for this type parameter\n2388 |             Err(E::custom(\"Unexpected visit_borrowed_bytes call\"))\n     |                    ^^^^^^ function or associated item not found in `E`\n     |\n     = help: items from traits can only be used if the type parameter is bounded by the trait\nhelp: the following traits define an item `custom`, perhaps you need to restrict type parameter `E` with one of them:\n     |\n2387 |         fn visit_borrowed_bytes<E: de::Error>(self, _value: &[u8]) -> Result<Self::Value, E> {\n     |                                  +++++++++++\n2387 |         fn visit_borrowed_bytes<E: ser::Error>(self, _value: &[u8]) -> Result<Self::Value, E> {\n     |                                  ++++++++++++\n\nerror[E0594]: cannot assign to `self.visited_str`, as `self` is not declared as mutable\n    --> serde/src/private/de.rs:2379:13\n     |\n2379 |             self.visited_str = Some(value.to_string());\n     |             ^^^^^^^^^^^^^^^^ cannot assign\n     |\nhelp: consider changing this to be mutable\n     |\n2378 |         fn visit_borrowed_str<E>(mut self, value: &'de str) -> Result<Self::Value, E> {\n     |                                  +++\n\nSome errors have detailed explanations: E0046, E0282, E0308, E0594, E0599.\nFor more information about an error, try `rustc --explain E0046`.\nwarning: `serde` (lib test) generated 1 warning\nerror: could not compile `serde` (lib test) due to 7 previous errors; 1 warning emitted\n"
                }
              ],
              "repaired": [
                false
              ]
            }
          ]
        }
      ]
    },
    {
      "chain_id": 6,
      "prompt_conds": [
        "// constraint: *self.content matches Content::String(ref v) is true\n",
        "// constraint: *self.content matches Content::String(ref v) is true\n"
      ],
      "input_infer": "",
      "answers": [
        {
          "uses": [],
          "has_test_mod": false,
          "common": [],
          "chain_tests": [
            {
              "attrs": [],
              "prefix": [],
              "oracles": [],
              "codes": [
                [
                  "{",
                  "    struct VisitorImpl {",
                  "        value: Option<String>,",
                  "    }",
                  "",
                  "    impl<'de> Visitor<'de> for VisitorImpl {",
                  "        type Value = String;",
                  "",
                  "        fn visit_str<E>(self, value: &str) -> Result<Self::Value, E> {",
                  "            Ok(value.to_string())",
                  "        }",
                  "",
                  "        fn visit_borrowed_str<E>(self, value: &'de str) -> Result<Self::Value, E> {",
                  "            Ok(value.to_string())",
                  "        }",
                  "",
                  "        fn visit_bytes<E>(self, _value: &'de [u8]) -> Result<Self::Value, E> {",
                  "            Err(E::custom(\"Unexpected bytes\"))",
                  "        }",
                  "",
                  "        fn visit_borrowed_bytes<E>(self, _value: &'de [u8]) -> Result<Self::Value, E> {",
                  "            Err(E::custom(\"Unexpected borrowed bytes\"))",
                  "        }",
                  "",
                  "        fn visit_seq<V>(self, _visitor: V) -> Result<Self::Value, E>",
                  "        where",
                  "            V: SeqAccess<'de>,",
                  "        {",
                  "            Err(E::custom(\"Unexpected sequence\"))",
                  "        }",
                  "",
                  "        fn visit_unit<E>(self) -> Result<Self::Value, E> {",
                  "            Err(E::custom(\"Unexpected unit\"))",
                  "        }",
                  "    }",
                  "",
                  "    let content = Content::String(\"test\".to_string());",
                  "    let deserializer = ContentRefDeserializer {",
                  "        content: &content,",
                  "        err: PhantomData,",
                  "    };",
                  "    let visitor = VisitorImpl { value: None };",
                  "    let result = deserializer.deserialize_bytes(visitor).unwrap();",
                  "    assert_eq!(result, \"test\".to_string());",
                  "}"
                ]
              ],
              "can_compile": [
                {
                  "Err": "   Compiling proc-macro2 v1.0.95\n   Compiling syn v1.0.109\n   Compiling serde_derive v1.0.219 (/home/abezbm/rust-utgen-test-crates-new/serde/serde_derive)\n   Compiling serde v1.0.219 (/home/abezbm/rust-utgen-test-crates-new/serde/serde)\n   Compiling quote v1.0.40\n   Compiling syn v2.0.100\n   Compiling ntest_test_cases v0.9.3\n   Compiling ntest_timeout v0.9.3\n   Compiling ntest v0.9.3\nerror[E0412]: cannot find type `E` in this scope\n    --> serde/src/private/de.rs:2389:67\n     |\n2389 |         fn visit_seq<V>(self, _visitor: V) -> Result<Self::Value, E>\n     |                                                                   ^\n     |\n    ::: /home/abezbm/.rustup/toolchains/nightly-2024-07-21-x86_64-unknown-linux-gnu/lib/rustlib/src/rust/library/core/src/cmp.rs:328:1\n     |\n328  | pub trait Eq: PartialEq<Self> {\n     | ----------------------------- similarly named trait `Eq` defined here\n     |\nhelp: a trait with a similar name exists\n     |\n2389 |         fn visit_seq<V>(self, _visitor: V) -> Result<Self::Value, Eq>\n     |                                                                   ~~\nhelp: you might be missing a type parameter\n     |\n2370 |     impl<'de, E> Visitor<'de> for VisitorImpl {\n     |             +++\n\nwarning: unused import: `ntest::timeout`\n    --> serde/src/private/de.rs:2362:8\n     |\n2362 |    use ntest::timeout;\n     |        ^^^^^^^^^^^^^^\n     |\n     = note: `#[warn(unused_imports)]` on by default\n\nerror[E0308]: method not compatible with trait\n    --> serde/src/private/de.rs:2381:9\n     |\n2381 |         fn visit_bytes<E>(self, _value: &'de [u8]) -> Result<Self::Value, E> {\n     |         ^^^^^^^^^^^^^^^^^^^^^^^^^^^^^^^^^^^^^^^^^^^^^^^^^^^^^^^^^^^^^^^^^^^^ lifetime mismatch\n     |\n     = note: expected signature `fn(VisitorImpl, &_) -> Result<_, _>`\n                found signature `fn(VisitorImpl, &'de _) -> Result<_, _>`\nnote: the anonymous lifetime defined here...\n    --> serde/src/de/mod.rs:1553:32\n     |\n1553 |     fn visit_bytes<E>(self, v: &[u8]) -> Result<Self::Value, E>\n     |                                ^^^^^\nnote: ...does not necessarily outlive the lifetime `'de` as defined here\n    --> serde/src/private/de.rs:2370:10\n     |\n2370 |     impl<'de> Visitor<'de> for VisitorImpl {\n     |          ^^^\n\nerror[E0046]: not all trait items implemented, missing: `expecting`\n    --> serde/src/private/de.rs:2370:5\n     |\n2370 |     impl<'de> Visitor<'de> for VisitorImpl {\n     |     ^^^^^^^^^^^^^^^^^^^^^^^^^^^^^^^^^^^^^^ missing `expecting` in implementation\n     |\n    ::: serde/src/de/mod.rs:1310:5\n     |\n1310 |     fn expecting(&self, formatter: &mut fmt::Formatter) -> fmt::Result;\n     |     ------------------------------------------------------------------- `expecting` from trait\n\nerror[E0282]: type annotations needed for `__private::de::content::ContentRefDeserializer<'_, '_, _>`\n    --> serde/src/private/de.rs:2402:9\n     |\n2402 |     let deserializer = ContentRefDeserializer {\n     |         ^^^^^^^^^^^^\n2403 |         content: &content,\n2404 |         err: PhantomData,\n     |              ----------- type must be known at this point\n     |\nhelp: consider giving `deserializer` an explicit type, where the type for type parameter `T` is specified\n     |\n2402 |     let deserializer: __private::de::content::ContentRefDeserializer<'_, '_, E> = ContentRefDeserializer {\n     |                     +++++++++++++++++++++++++++++++++++++++++++++++++++++++++++\n\nerror[E0599]: no function or associated item named `custom` found for type parameter `E` in the current scope\n    --> serde/src/private/de.rs:2382:20\n     |\n2381 |         fn visit_bytes<E>(self, _value: &'de [u8]) -> Result<Self::Value, E> {\n     |                        - function or associated item `custom` not found for this type parameter\n2382 |             Err(E::custom(\"Unexpected bytes\"))\n     |                    ^^^^^^ function or associated item not found in `E`\n     |\n     = help: items from traits can only be used if the type parameter is bounded by the trait\nhelp: the following traits define an item `custom`, perhaps you need to restrict type parameter `E` with one of them:\n     |\n2381 |         fn visit_bytes<E: de::Error>(self, _value: &'de [u8]) -> Result<Self::Value, E> {\n     |                         +++++++++++\n2381 |         fn visit_bytes<E: ser::Error>(self, _value: &'de [u8]) -> Result<Self::Value, E> {\n     |                         ++++++++++++\n\nerror[E0599]: no function or associated item named `custom` found for type parameter `E` in the current scope\n    --> serde/src/private/de.rs:2386:20\n     |\n2385 |         fn visit_borrowed_bytes<E>(self, _value: &'de [u8]) -> Result<Self::Value, E> {\n     |                                 - function or associated item `custom` not found for this type parameter\n2386 |             Err(E::custom(\"Unexpected borrowed bytes\"))\n     |                    ^^^^^^ function or associated item not found in `E`\n     |\n     = help: items from traits can only be used if the type parameter is bounded by the trait\nhelp: the following traits define an item `custom`, perhaps you need to restrict type parameter `E` with one of them:\n     |\n2385 |         fn visit_borrowed_bytes<E: de::Error>(self, _value: &'de [u8]) -> Result<Self::Value, E> {\n     |                                  +++++++++++\n2385 |         fn visit_borrowed_bytes<E: ser::Error>(self, _value: &'de [u8]) -> Result<Self::Value, E> {\n     |                                  ++++++++++++\n\nerror[E0433]: failed to resolve: use of undeclared type `E`\n    --> serde/src/private/de.rs:2393:17\n     |\n2393 |             Err(E::custom(\"Unexpected sequence\"))\n     |                 ^\n     |                 |\n     |                 use of undeclared type `E`\n     |                 help: a trait with a similar name exists: `Eq`\n\nerror[E0599]: no function or associated item named `custom` found for type parameter `E` in the current scope\n    --> serde/src/private/de.rs:2397:20\n     |\n2396 |         fn visit_unit<E>(self) -> Result<Self::Value, E> {\n     |                       - function or associated item `custom` not found for this type parameter\n2397 |             Err(E::custom(\"Unexpected unit\"))\n     |                    ^^^^^^ function or associated item not found in `E`\n     |\n     = help: items from traits can only be used if the type parameter is bounded by the trait\nhelp: the following traits define an item `custom`, perhaps you need to restrict type parameter `E` with one of them:\n     |\n2396 |         fn visit_unit<E: de::Error>(self) -> Result<Self::Value, E> {\n     |                        +++++++++++\n2396 |         fn visit_unit<E: ser::Error>(self) -> Result<Self::Value, E> {\n     |                        ++++++++++++\n\nSome errors have detailed explanations: E0046, E0282, E0308, E0412, E0433, E0599.\nFor more information about an error, try `rustc --explain E0046`.\nwarning: `serde` (lib test) generated 1 warning\nerror: could not compile `serde` (lib test) due to 8 previous errors; 1 warning emitted\n"
                }
              ],
              "repaired": [
                false
              ]
            },
            {
              "attrs": [],
              "prefix": [],
              "oracles": [],
              "codes": [
                [
                  "{",
                  "    struct VisitorImpl {",
                  "        value: Option<String>,",
                  "    }",
                  "",
                  "    impl<'de> Visitor<'de> for VisitorImpl {",
                  "        type Value = String;",
                  "",
                  "        fn visit_str<E>(self, value: &str) -> Result<Self::Value, E> {",
                  "            Ok(value.to_string())",
                  "        }",
                  "",
                  "        fn visit_borrowed_str<E>(self, value: &'de str) -> Result<Self::Value, E> {",
                  "            Ok(value.to_string())",
                  "        }",
                  "",
                  "        fn visit_bytes<E>(self, _value: &'de [u8]) -> Result<Self::Value, E> {",
                  "            Err(E::custom(\"Unexpected bytes\"))",
                  "        }",
                  "",
                  "        fn visit_borrowed_bytes<E>(self, _value: &'de [u8]) -> Result<Self::Value, E> {",
                  "            Err(E::custom(\"Unexpected borrowed bytes\"))",
                  "        }",
                  "",
                  "        fn visit_seq<V>(self, _visitor: V) -> Result<Self::Value, E>",
                  "        where",
                  "            V: SeqAccess<'de>,",
                  "        {",
                  "            Err(E::custom(\"Unexpected sequence\"))",
                  "        }",
                  "",
                  "        fn visit_unit<E>(self) -> Result<Self::Value, E> {",
                  "            Err(E::custom(\"Unexpected unit\"))",
                  "        }",
                  "    }",
                  "",
                  "    let content = Content::Str(\"test_str\");",
                  "    let deserializer = ContentRefDeserializer {",
                  "        content: &content,",
                  "        err: PhantomData,",
                  "    };",
                  "    let visitor = VisitorImpl { value: None };",
                  "    let result = deserializer.deserialize_bytes(visitor).unwrap();",
                  "    assert_eq!(result, \"test_str\".to_string());",
                  "}"
                ]
              ],
              "can_compile": [
                {
                  "Err": "   Compiling proc-macro2 v1.0.95\n   Compiling syn v1.0.109\n   Compiling serde_derive v1.0.219 (/home/abezbm/rust-utgen-test-crates-new/serde/serde_derive)\n   Compiling serde v1.0.219 (/home/abezbm/rust-utgen-test-crates-new/serde/serde)\n   Compiling quote v1.0.40\n   Compiling syn v2.0.100\n   Compiling ntest_test_cases v0.9.3\n   Compiling ntest_timeout v0.9.3\n   Compiling ntest v0.9.3\nerror[E0412]: cannot find type `E` in this scope\n    --> serde/src/private/de.rs:2389:67\n     |\n2389 |         fn visit_seq<V>(self, _visitor: V) -> Result<Self::Value, E>\n     |                                                                   ^\n     |\n    ::: /home/abezbm/.rustup/toolchains/nightly-2024-07-21-x86_64-unknown-linux-gnu/lib/rustlib/src/rust/library/core/src/cmp.rs:328:1\n     |\n328  | pub trait Eq: PartialEq<Self> {\n     | ----------------------------- similarly named trait `Eq` defined here\n     |\nhelp: a trait with a similar name exists\n     |\n2389 |         fn visit_seq<V>(self, _visitor: V) -> Result<Self::Value, Eq>\n     |                                                                   ~~\nhelp: you might be missing a type parameter\n     |\n2370 |     impl<'de, E> Visitor<'de> for VisitorImpl {\n     |             +++\n\nwarning: unused import: `ntest::timeout`\n    --> serde/src/private/de.rs:2362:8\n     |\n2362 |    use ntest::timeout;\n     |        ^^^^^^^^^^^^^^\n     |\n     = note: `#[warn(unused_imports)]` on by default\n\nerror[E0308]: method not compatible with trait\n    --> serde/src/private/de.rs:2381:9\n     |\n2381 |         fn visit_bytes<E>(self, _value: &'de [u8]) -> Result<Self::Value, E> {\n     |         ^^^^^^^^^^^^^^^^^^^^^^^^^^^^^^^^^^^^^^^^^^^^^^^^^^^^^^^^^^^^^^^^^^^^ lifetime mismatch\n     |\n     = note: expected signature `fn(VisitorImpl, &_) -> Result<_, _>`\n                found signature `fn(VisitorImpl, &'de _) -> Result<_, _>`\nnote: the anonymous lifetime defined here...\n    --> serde/src/de/mod.rs:1553:32\n     |\n1553 |     fn visit_bytes<E>(self, v: &[u8]) -> Result<Self::Value, E>\n     |                                ^^^^^\nnote: ...does not necessarily outlive the lifetime `'de` as defined here\n    --> serde/src/private/de.rs:2370:10\n     |\n2370 |     impl<'de> Visitor<'de> for VisitorImpl {\n     |          ^^^\n\nerror[E0046]: not all trait items implemented, missing: `expecting`\n    --> serde/src/private/de.rs:2370:5\n     |\n2370 |     impl<'de> Visitor<'de> for VisitorImpl {\n     |     ^^^^^^^^^^^^^^^^^^^^^^^^^^^^^^^^^^^^^^ missing `expecting` in implementation\n     |\n    ::: serde/src/de/mod.rs:1310:5\n     |\n1310 |     fn expecting(&self, formatter: &mut fmt::Formatter) -> fmt::Result;\n     |     ------------------------------------------------------------------- `expecting` from trait\n\nerror[E0282]: type annotations needed for `__private::de::content::ContentRefDeserializer<'_, '_, _>`\n    --> serde/src/private/de.rs:2402:9\n     |\n2402 |     let deserializer = ContentRefDeserializer {\n     |         ^^^^^^^^^^^^\n2403 |         content: &content,\n2404 |         err: PhantomData,\n     |              ----------- type must be known at this point\n     |\nhelp: consider giving `deserializer` an explicit type, where the type for type parameter `T` is specified\n     |\n2402 |     let deserializer: __private::de::content::ContentRefDeserializer<'_, '_, E> = ContentRefDeserializer {\n     |                     +++++++++++++++++++++++++++++++++++++++++++++++++++++++++++\n\nerror[E0599]: no function or associated item named `custom` found for type parameter `E` in the current scope\n    --> serde/src/private/de.rs:2382:20\n     |\n2381 |         fn visit_bytes<E>(self, _value: &'de [u8]) -> Result<Self::Value, E> {\n     |                        - function or associated item `custom` not found for this type parameter\n2382 |             Err(E::custom(\"Unexpected bytes\"))\n     |                    ^^^^^^ function or associated item not found in `E`\n     |\n     = help: items from traits can only be used if the type parameter is bounded by the trait\nhelp: the following traits define an item `custom`, perhaps you need to restrict type parameter `E` with one of them:\n     |\n2381 |         fn visit_bytes<E: de::Error>(self, _value: &'de [u8]) -> Result<Self::Value, E> {\n     |                         +++++++++++\n2381 |         fn visit_bytes<E: ser::Error>(self, _value: &'de [u8]) -> Result<Self::Value, E> {\n     |                         ++++++++++++\n\nerror[E0599]: no function or associated item named `custom` found for type parameter `E` in the current scope\n    --> serde/src/private/de.rs:2386:20\n     |\n2385 |         fn visit_borrowed_bytes<E>(self, _value: &'de [u8]) -> Result<Self::Value, E> {\n     |                                 - function or associated item `custom` not found for this type parameter\n2386 |             Err(E::custom(\"Unexpected borrowed bytes\"))\n     |                    ^^^^^^ function or associated item not found in `E`\n     |\n     = help: items from traits can only be used if the type parameter is bounded by the trait\nhelp: the following traits define an item `custom`, perhaps you need to restrict type parameter `E` with one of them:\n     |\n2385 |         fn visit_borrowed_bytes<E: de::Error>(self, _value: &'de [u8]) -> Result<Self::Value, E> {\n     |                                  +++++++++++\n2385 |         fn visit_borrowed_bytes<E: ser::Error>(self, _value: &'de [u8]) -> Result<Self::Value, E> {\n     |                                  ++++++++++++\n\nerror[E0433]: failed to resolve: use of undeclared type `E`\n    --> serde/src/private/de.rs:2393:17\n     |\n2393 |             Err(E::custom(\"Unexpected sequence\"))\n     |                 ^\n     |                 |\n     |                 use of undeclared type `E`\n     |                 help: a trait with a similar name exists: `Eq`\n\nerror[E0599]: no function or associated item named `custom` found for type parameter `E` in the current scope\n    --> serde/src/private/de.rs:2397:20\n     |\n2396 |         fn visit_unit<E>(self) -> Result<Self::Value, E> {\n     |                       - function or associated item `custom` not found for this type parameter\n2397 |             Err(E::custom(\"Unexpected unit\"))\n     |                    ^^^^^^ function or associated item not found in `E`\n     |\n     = help: items from traits can only be used if the type parameter is bounded by the trait\nhelp: the following traits define an item `custom`, perhaps you need to restrict type parameter `E` with one of them:\n     |\n2396 |         fn visit_unit<E: de::Error>(self) -> Result<Self::Value, E> {\n     |                        +++++++++++\n2396 |         fn visit_unit<E: ser::Error>(self) -> Result<Self::Value, E> {\n     |                        ++++++++++++\n\nSome errors have detailed explanations: E0046, E0282, E0308, E0412, E0433, E0599.\nFor more information about an error, try `rustc --explain E0046`.\nwarning: `serde` (lib test) generated 1 warning\nerror: could not compile `serde` (lib test) due to 8 previous errors; 1 warning emitted\n"
                }
              ],
              "repaired": [
                false
              ]
            }
          ]
        }
      ]
    }
  ]
}