{
  "name": "serde::__private::de::content::<__private::de::content::ContentDeserializer<'de, E> as de::Deserializer<'de>>::deserialize_newtype_struct",
  "name_with_impl": "serde::__private::de::content::{impl#16}::deserialize_newtype_struct",
  "mod_info": {
    "name": "__private::de::content",
    "loc": "serde/src/private/de.rs:198:1:2358:2"
  },
  "visible": true,
  "loc": "serde/src/private/de.rs:1367:9:1379:10",
  "fn_tests": [
    {
      "chain_id": 1,
      "prompt_conds": [
        "// constraint: self.content matches Content::Newtype(v) is false\n",
        "// constraint: self.content matches _ is true\n"
      ],
      "input_infer": "",
      "answers": [
        {
          "uses": [],
          "has_test_mod": false,
          "common": [],
          "chain_tests": [
            {
              "attrs": [],
              "prefix": [],
              "oracles": [],
              "codes": [
                [
                  "{",
                  "    struct DummyVisitor;",
                  "",
                  "    impl<'de> Visitor<'de> for DummyVisitor {",
                  "        type Value = String;",
                  "",
                  "        fn visit_newtype_struct<V>(self, _: V) -> Result<Self::Value, E> ",
                  "        where ",
                  "            V: Deserializer<'de> ",
                  "        {",
                  "            Ok(\"Visited newtype struct\".to_string())",
                  "        }",
                  "",
                  "        // Other methods can be left unimplemented for this test scenario",
                  "    }",
                  "",
                  "    let content = Content::String(\"Test string\".to_string());",
                  "    let deserializer = ContentDeserializer::new(content);",
                  "    let result: Result<String, _> = deserializer.deserialize_newtype_struct(\"MyNewType\", DummyVisitor);",
                  "",
                  "    assert!(result.is_ok());",
                  "    assert_eq!(result.unwrap(), \"Visited newtype struct\");",
                  "}"
                ]
              ],
              "can_compile": [
                {
                  "Err": "   Compiling proc-macro2 v1.0.95\n   Compiling syn v1.0.109\n   Compiling serde_derive v1.0.219 (/home/abezbm/rust-utgen-test-crates-new/serde/serde_derive)\n   Compiling serde v1.0.219 (/home/abezbm/rust-utgen-test-crates-new/serde/serde)\n   Compiling quote v1.0.40\n   Compiling syn v2.0.100\n   Compiling ntest_test_cases v0.9.3\n   Compiling ntest_timeout v0.9.3\n   Compiling ntest v0.9.3\nerror[E0412]: cannot find type `E` in this scope\n    --> serde/src/private/de.rs:2371:71\n     |\n2371 |         fn visit_newtype_struct<V>(self, _: V) -> Result<Self::Value, E> \n     |                                                                       ^\n     |\n    ::: /home/abezbm/.rustup/toolchains/nightly-2024-07-21-x86_64-unknown-linux-gnu/lib/rustlib/src/rust/library/core/src/cmp.rs:328:1\n     |\n328  | pub trait Eq: PartialEq<Self> {\n     | ----------------------------- similarly named trait `Eq` defined here\n     |\nhelp: a trait with a similar name exists\n     |\n2371 |         fn visit_newtype_struct<V>(self, _: V) -> Result<Self::Value, Eq> \n     |                                                                       ~~\nhelp: you might be missing a type parameter\n     |\n2368 |     impl<'de, E> Visitor<'de> for DummyVisitor {\n     |             +++\n\nwarning: unused import: `ntest::timeout`\n    --> serde/src/private/de.rs:2362:8\n     |\n2362 |    use ntest::timeout;\n     |        ^^^^^^^^^^^^^^\n     |\n     = note: `#[warn(unused_imports)]` on by default\n\nerror[E0046]: not all trait items implemented, missing: `expecting`\n    --> serde/src/private/de.rs:2368:5\n     |\n2368 |     impl<'de> Visitor<'de> for DummyVisitor {\n     |     ^^^^^^^^^^^^^^^^^^^^^^^^^^^^^^^^^^^^^^^ missing `expecting` in implementation\n     |\n    ::: serde/src/de/mod.rs:1310:5\n     |\n1310 |     fn expecting(&self, formatter: &mut fmt::Formatter) -> fmt::Result;\n     |     ------------------------------------------------------------------- `expecting` from trait\n\nerror[E0282]: type annotations needed for `__private::de::content::ContentDeserializer<'_, _>`\n    --> serde/src/private/de.rs:2382:9\n     |\n2382 |     let deserializer = ContentDeserializer::new(content);\n     |         ^^^^^^^^^^^^   --------------------------------- type must be known at this point\n     |\nhelp: consider giving `deserializer` an explicit type, where the type for type parameter `E` is specified\n     |\n2382 |     let deserializer: __private::de::content::ContentDeserializer<'_, E> = ContentDeserializer::new(content);\n     |                     ++++++++++++++++++++++++++++++++++++++++++++++++++++\n\nSome errors have detailed explanations: E0046, E0282, E0412.\nFor more information about an error, try `rustc --explain E0046`.\nwarning: `serde` (lib test) generated 1 warning\nerror: could not compile `serde` (lib test) due to 3 previous errors; 1 warning emitted\n"
                }
              ],
              "repaired": [
                false
              ]
            },
            {
              "attrs": [],
              "prefix": [],
              "oracles": [],
              "codes": [
                [
                  "{",
                  "    struct DummyVisitor;",
                  "",
                  "    impl<'de> Visitor<'de> for DummyVisitor {",
                  "        type Value = String;",
                  "",
                  "        fn visit_newtype_struct<V>(self, _: V) -> Result<Self::Value, E> ",
                  "        where ",
                  "            V: Deserializer<'de> ",
                  "        {",
                  "            Ok(\"Visited empty map as newtype struct\".to_string())",
                  "        }",
                  "",
                  "        // Other methods can be left unimplemented for this test scenario",
                  "    }",
                  "",
                  "    let content = Content::Map(vec![]);",
                  "    let deserializer = ContentDeserializer::new(content);",
                  "    let result: Result<String, _> = deserializer.deserialize_newtype_struct(\"MyNewType\", DummyVisitor);",
                  "",
                  "    assert!(result.is_ok());",
                  "    assert_eq!(result.unwrap(), \"Visited empty map as newtype struct\");",
                  "}"
                ]
              ],
              "can_compile": [
                {
                  "Err": "   Compiling proc-macro2 v1.0.95\n   Compiling syn v1.0.109\n   Compiling serde_derive v1.0.219 (/home/abezbm/rust-utgen-test-crates-new/serde/serde_derive)\n   Compiling serde v1.0.219 (/home/abezbm/rust-utgen-test-crates-new/serde/serde)\n   Compiling quote v1.0.40\n   Compiling syn v2.0.100\n   Compiling ntest_test_cases v0.9.3\n   Compiling ntest_timeout v0.9.3\n   Compiling ntest v0.9.3\nerror[E0412]: cannot find type `E` in this scope\n    --> serde/src/private/de.rs:2371:71\n     |\n2371 |         fn visit_newtype_struct<V>(self, _: V) -> Result<Self::Value, E> \n     |                                                                       ^\n     |\n    ::: /home/abezbm/.rustup/toolchains/nightly-2024-07-21-x86_64-unknown-linux-gnu/lib/rustlib/src/rust/library/core/src/cmp.rs:328:1\n     |\n328  | pub trait Eq: PartialEq<Self> {\n     | ----------------------------- similarly named trait `Eq` defined here\n     |\nhelp: a trait with a similar name exists\n     |\n2371 |         fn visit_newtype_struct<V>(self, _: V) -> Result<Self::Value, Eq> \n     |                                                                       ~~\nhelp: you might be missing a type parameter\n     |\n2368 |     impl<'de, E> Visitor<'de> for DummyVisitor {\n     |             +++\n\nwarning: unused import: `ntest::timeout`\n    --> serde/src/private/de.rs:2362:8\n     |\n2362 |    use ntest::timeout;\n     |        ^^^^^^^^^^^^^^\n     |\n     = note: `#[warn(unused_imports)]` on by default\n\nerror[E0046]: not all trait items implemented, missing: `expecting`\n    --> serde/src/private/de.rs:2368:5\n     |\n2368 |     impl<'de> Visitor<'de> for DummyVisitor {\n     |     ^^^^^^^^^^^^^^^^^^^^^^^^^^^^^^^^^^^^^^^ missing `expecting` in implementation\n     |\n    ::: serde/src/de/mod.rs:1310:5\n     |\n1310 |     fn expecting(&self, formatter: &mut fmt::Formatter) -> fmt::Result;\n     |     ------------------------------------------------------------------- `expecting` from trait\n\nerror[E0282]: type annotations needed for `__private::de::content::ContentDeserializer<'_, _>`\n    --> serde/src/private/de.rs:2382:9\n     |\n2382 |     let deserializer = ContentDeserializer::new(content);\n     |         ^^^^^^^^^^^^   --------------------------------- type must be known at this point\n     |\nhelp: consider giving `deserializer` an explicit type, where the type for type parameter `E` is specified\n     |\n2382 |     let deserializer: __private::de::content::ContentDeserializer<'_, E> = ContentDeserializer::new(content);\n     |                     ++++++++++++++++++++++++++++++++++++++++++++++++++++\n\nSome errors have detailed explanations: E0046, E0282, E0412.\nFor more information about an error, try `rustc --explain E0046`.\nwarning: `serde` (lib test) generated 1 warning\nerror: could not compile `serde` (lib test) due to 3 previous errors; 1 warning emitted\n"
                }
              ],
              "repaired": [
                false
              ]
            }
          ]
        }
      ]
    },
    {
      "chain_id": 2,
      "prompt_conds": [
        "// constraint: self.content matches Content::Newtype(v) is true\n",
        "// constraint: self.content matches Content::Newtype(v) is true\n"
      ],
      "input_infer": "",
      "answers": [
        {
          "uses": [
            "use serde::de::Visitor;"
          ],
          "has_test_mod": false,
          "common": [],
          "chain_tests": [
            {
              "attrs": [],
              "prefix": [],
              "oracles": [],
              "codes": [
                [
                  "{",
                  "    use serde::de::Visitor;",
                  "",
                  "    struct TestVisitor;",
                  "",
                  "    impl<'de> Visitor<'de> for TestVisitor {",
                  "        type Value = String;",
                  "",
                  "        fn visit_newtype_struct<V>(self, _: ContentDeserializer<'de, V>) -> Result<Self::Value, V::Error> {",
                  "            Ok(\"Newtype struct deserialized\".to_string())",
                  "        }",
                  "",
                  "        fn visit_unit(self) -> Result<Self::Value, V::Error> {",
                  "            Ok(\"Unit deserialized\".to_string())",
                  "        }",
                  "    }",
                  "",
                  "    let newtype_content = Content::Newtype(Box::new(Content::String(\"Test\".to_string())));",
                  "    let deserializer = ContentDeserializer::new(newtype_content);",
                  "    ",
                  "    let result: Result<String, _> = deserializer.deserialize_newtype_struct(\"TestName\", TestVisitor);",
                  "",
                  "    assert_eq!(result.unwrap(), \"Newtype struct deserialized\");",
                  "}"
                ]
              ],
              "can_compile": [
                {
                  "Err": "   Compiling proc-macro2 v1.0.95\n   Compiling syn v1.0.109\n   Compiling serde_derive v1.0.219 (/home/abezbm/rust-utgen-test-crates-new/serde/serde_derive)\n   Compiling serde v1.0.219 (/home/abezbm/rust-utgen-test-crates-new/serde/serde)\n   Compiling quote v1.0.40\n   Compiling syn v2.0.100\n   Compiling ntest_test_cases v0.9.3\n   Compiling ntest_timeout v0.9.3\n   Compiling ntest v0.9.3\nerror[E0433]: failed to resolve: use of undeclared crate or module `serde`\n    --> serde/src/private/de.rs:2366:9\n     |\n2366 |     use serde::de::Visitor;\n     |         ^^^^^ use of undeclared crate or module `serde`\n\nwarning: unused import: `ntest::timeout`\n    --> serde/src/private/de.rs:2362:8\n     |\n2362 |    use ntest::timeout;\n     |        ^^^^^^^^^^^^^^\n     |\n     = note: `#[warn(unused_imports)]` on by default\n\nerror[E0223]: ambiguous associated type\n    --> serde/src/private/de.rs:2373:84\n     |\n2373 |         fn visit_newtype_struct<V>(self, _: ContentDeserializer<'de, V>) -> Result<Self::Value, V::Error> {\n     |                                                                                    ^^^^^^^^^^^\n     |\nhelp: if there were a trait named `Example` with associated type `Value` implemented for `TestVisitor`, you could use the fully-qualified path\n     |\n2373 |         fn visit_newtype_struct<V>(self, _: ContentDeserializer<'de, V>) -> Result<<TestVisitor as Example>::Value, V::Error> {\n     |                                                                                    ~~~~~~~~~~~~~~~~~~~~~~~~~~~~~~~\n\nerror[E0220]: associated type `Error` not found for `V`\n    --> serde/src/private/de.rs:2373:100\n     |\n2373 |         fn visit_newtype_struct<V>(self, _: ContentDeserializer<'de, V>) -> Result<Self::Value, V::Error> {\n     |                                                                                                    ^^^^^ associated type `Error` not found\n\nerror[E0223]: ambiguous associated type\n    --> serde/src/private/de.rs:2377:39\n     |\n2377 |         fn visit_unit(self) -> Result<Self::Value, V::Error> {\n     |                                       ^^^^^^^^^^^\n     |\nhelp: if there were a trait named `Example` with associated type `Value` implemented for `TestVisitor`, you could use the fully-qualified path\n     |\n2377 |         fn visit_unit(self) -> Result<<TestVisitor as Example>::Value, V::Error> {\n     |                                       ~~~~~~~~~~~~~~~~~~~~~~~~~~~~~~~\n\nerror[E0433]: failed to resolve: use of undeclared type `V`\n    --> serde/src/private/de.rs:2377:52\n     |\n2377 |         fn visit_unit(self) -> Result<Self::Value, V::Error> {\n     |                                                    ^ use of undeclared type `V`\n\nSome errors have detailed explanations: E0220, E0223, E0433.\nFor more information about an error, try `rustc --explain E0220`.\nwarning: `serde` (lib test) generated 1 warning\nerror: could not compile `serde` (lib test) due to 5 previous errors; 1 warning emitted\n"
                }
              ],
              "repaired": [
                false
              ]
            },
            {
              "attrs": [],
              "prefix": [],
              "oracles": [],
              "codes": [
                [
                  "{",
                  "    use serde::de::Visitor;",
                  "",
                  "    struct TestVisitor;",
                  "",
                  "    impl<'de> Visitor<'de> for TestVisitor {",
                  "        type Value = String;",
                  "",
                  "        fn visit_newtype_struct<V>(self, _: ContentDeserializer<'de, V>) -> Result<Self::Value, V::Error> {",
                  "            Ok(\"Newtype struct deserialized\".to_string())",
                  "        }",
                  "",
                  "        fn visit_unit(self) -> Result<Self::Value, V::Error> {",
                  "            Ok(\"Unit deserialized\".to_string())",
                  "        }",
                  "    }",
                  "",
                  "    let non_newtype_content = Content::String(\"Test\".to_string());",
                  "    let deserializer = ContentDeserializer::new(non_newtype_content);",
                  "    ",
                  "    let result: Result<String, _> = deserializer.deserialize_newtype_struct(\"TestName\", TestVisitor);",
                  "",
                  "    assert_eq!(result.unwrap(), \"Newtype struct deserialized\");",
                  "}"
                ]
              ],
              "can_compile": [
                {
                  "Err": "   Compiling proc-macro2 v1.0.95\n   Compiling syn v1.0.109\n   Compiling serde_derive v1.0.219 (/home/abezbm/rust-utgen-test-crates-new/serde/serde_derive)\n   Compiling serde v1.0.219 (/home/abezbm/rust-utgen-test-crates-new/serde/serde)\n   Compiling quote v1.0.40\n   Compiling syn v2.0.100\n   Compiling ntest_timeout v0.9.3\n   Compiling ntest_test_cases v0.9.3\n   Compiling ntest v0.9.3\nerror[E0433]: failed to resolve: use of undeclared crate or module `serde`\n    --> serde/src/private/de.rs:2366:9\n     |\n2366 |     use serde::de::Visitor;\n     |         ^^^^^ use of undeclared crate or module `serde`\n\nwarning: unused import: `ntest::timeout`\n    --> serde/src/private/de.rs:2362:8\n     |\n2362 |    use ntest::timeout;\n     |        ^^^^^^^^^^^^^^\n     |\n     = note: `#[warn(unused_imports)]` on by default\n\nerror[E0223]: ambiguous associated type\n    --> serde/src/private/de.rs:2373:84\n     |\n2373 |         fn visit_newtype_struct<V>(self, _: ContentDeserializer<'de, V>) -> Result<Self::Value, V::Error> {\n     |                                                                                    ^^^^^^^^^^^\n     |\nhelp: if there were a trait named `Example` with associated type `Value` implemented for `TestVisitor`, you could use the fully-qualified path\n     |\n2373 |         fn visit_newtype_struct<V>(self, _: ContentDeserializer<'de, V>) -> Result<<TestVisitor as Example>::Value, V::Error> {\n     |                                                                                    ~~~~~~~~~~~~~~~~~~~~~~~~~~~~~~~\n\nerror[E0220]: associated type `Error` not found for `V`\n    --> serde/src/private/de.rs:2373:100\n     |\n2373 |         fn visit_newtype_struct<V>(self, _: ContentDeserializer<'de, V>) -> Result<Self::Value, V::Error> {\n     |                                                                                                    ^^^^^ associated type `Error` not found\n\nerror[E0223]: ambiguous associated type\n    --> serde/src/private/de.rs:2377:39\n     |\n2377 |         fn visit_unit(self) -> Result<Self::Value, V::Error> {\n     |                                       ^^^^^^^^^^^\n     |\nhelp: if there were a trait named `Example` with associated type `Value` implemented for `TestVisitor`, you could use the fully-qualified path\n     |\n2377 |         fn visit_unit(self) -> Result<<TestVisitor as Example>::Value, V::Error> {\n     |                                       ~~~~~~~~~~~~~~~~~~~~~~~~~~~~~~~\n\nerror[E0433]: failed to resolve: use of undeclared type `V`\n    --> serde/src/private/de.rs:2377:52\n     |\n2377 |         fn visit_unit(self) -> Result<Self::Value, V::Error> {\n     |                                                    ^ use of undeclared type `V`\n\nSome errors have detailed explanations: E0220, E0223, E0433.\nFor more information about an error, try `rustc --explain E0220`.\nwarning: `serde` (lib test) generated 1 warning\nerror: could not compile `serde` (lib test) due to 5 previous errors; 1 warning emitted\n"
                }
              ],
              "repaired": [
                false
              ]
            }
          ]
        }
      ]
    }
  ]
}