{
  "name": "serde::de::impls::<de::impls::BoolVisitor as de::Visitor<'de>>::expecting",
  "name_with_impl": "serde::de::impls::{impl#2}::expecting",
  "mod_info": {
    "name": "de::impls",
    "loc": "serde/src/de/mod.rs:122:1:122:11"
  },
  "visible": true,
  "loc": "serde/src/de/impls.rs:59:5:61:6",
  "fn_tests": [
    {
      "chain_id": 1,
      "prompt_conds": [],
      "input_infer": "",
      "answers": [
        {
          "uses": [
            "use std::fmt::Write;",
            "use std::fmt;",
            "use std::fmt::Formatter;"
          ],
          "has_test_mod": false,
          "common": [],
          "chain_tests": [
            {
              "attrs": [],
              "prefix": [],
              "oracles": [],
              "codes": [
                [
                  "{",
                  "    use std::fmt::Formatter;",
                  "    use std::fmt::Write;",
                  "",
                  "    struct TestVisitor;",
                  "",
                  "    impl<'de> Visitor<'de> for TestVisitor {",
                  "        type Value = bool;",
                  "",
                  "        fn expecting(&self, formatter: &mut Formatter) -> std::fmt::Result {",
                  "            formatter.write_str(\"a boolean\")",
                  "        }",
                  "    }",
                  "",
                  "    let mut formatter = Formatter::new();",
                  "    let visitor = TestVisitor;",
                  "",
                  "    let result = visitor.expecting(&mut formatter);",
                  "    ",
                  "    assert!(result.is_ok());",
                  "    assert_eq!(formatter.as_str(), \"a boolean\");",
                  "}"
                ]
              ],
              "can_compile": [
                {
                  "Err": "   Compiling proc-macro2 v1.0.95\n   Compiling syn v1.0.109\n   Compiling serde_derive v1.0.219 (/home/abezbm/rust-utgen-test-crates-new/serde/serde_derive)\n   Compiling serde v1.0.219 (/home/abezbm/rust-utgen-test-crates-new/serde/serde)\n   Compiling quote v1.0.40\n   Compiling syn v2.0.100\n   Compiling ntest_timeout v0.9.3\n   Compiling ntest_test_cases v0.9.3\n   Compiling ntest v0.9.3\nwarning: unused import: `ntest::timeout`\n    --> serde/src/de/impls.rs:3177:8\n     |\n3177 |    use ntest::timeout;\n     |        ^^^^^^^^^^^^^^\n     |\n     = note: `#[warn(unused_imports)]` on by default\n\nerror[E0658]: use of unstable library feature 'fmt_internals': internal to standard library\n    --> serde/src/de/impls.rs:3194:25\n     |\n3194 |     let mut formatter = Formatter::new();\n     |                         ^^^^^^^^^^^^^^\n     |\n     = help: add `#![feature(fmt_internals)]` to the crate attributes to enable\n     = note: this compiler was built on 2024-07-20; consider upgrading it if it is out of date\n\nerror[E0061]: this function takes 1 argument but 0 arguments were supplied\n    --> serde/src/de/impls.rs:3194:25\n     |\n3194 |     let mut formatter = Formatter::new();\n     |                         ^^^^^^^^^^^^^^-- argument #1 of type `&mut dyn std::fmt::Write` is missing\n     |\nnote: associated function defined here\n    --> /home/abezbm/.rustup/toolchains/nightly-2024-07-21-x86_64-unknown-linux-gnu/lib/rustlib/src/rust/library/core/src/fmt/mod.rs:286:12\n     |\n286  |     pub fn new(buf: &'a mut (dyn Write + 'a)) -> Formatter<'a> {\n     |            ^^^\nhelp: provide the argument\n     |\n3194 |     let mut formatter = Formatter::new(/* &mut dyn std::fmt::Write */);\n     |                                       ~~~~~~~~~~~~~~~~~~~~~~~~~~~~~~~~\n\nerror[E0599]: no method named `as_str` found for struct `Formatter` in the current scope\n    --> serde/src/de/impls.rs:3200:26\n     |\n3200 |     assert_eq!(formatter.as_str(), \"a boolean\");\n     |                          ^^^^^^ method not found in `Formatter<'_>`\n\nwarning: unused import: `std::fmt::Write`\n    --> serde/src/de/impls.rs:3182:9\n     |\n3182 |     use std::fmt::Write;\n     |         ^^^^^^^^^^^^^^^\n\nSome errors have detailed explanations: E0061, E0599, E0658.\nFor more information about an error, try `rustc --explain E0061`.\nwarning: `serde` (lib test) generated 2 warnings\nerror: could not compile `serde` (lib test) due to 3 previous errors; 2 warnings emitted\n"
                }
              ],
              "repaired": [
                false
              ]
            },
            {
              "attrs": [],
              "prefix": [],
              "oracles": [],
              "codes": [
                [
                  "{",
                  "    use std::fmt::{self, Formatter};",
                  "",
                  "    struct PanicVisitor;",
                  "",
                  "    impl<'de> Visitor<'de> for PanicVisitor {",
                  "        type Value = bool;",
                  "",
                  "        fn expecting(&self, formatter: &mut Formatter) -> fmt::Result {",
                  "            // Introducing a potential panic situation here",
                  "            let _ = formatter.write_str(\"a boolean\"); ",
                  "            panic!(\"This is an intentional panic!\");",
                  "        }",
                  "    }",
                  "",
                  "    let visitor = PanicVisitor;",
                  "",
                  "    // Expecting this test to panic",
                  "    let result = std::panic::catch_unwind(|| {",
                  "        let mut formatter = Formatter::new();",
                  "        visitor.expecting(&mut formatter)",
                  "    });",
                  "",
                  "    assert!(result.is_err());",
                  "}"
                ]
              ],
              "can_compile": [
                {
                  "Err": "   Compiling proc-macro2 v1.0.95\n   Compiling syn v1.0.109\n   Compiling serde_derive v1.0.219 (/home/abezbm/rust-utgen-test-crates-new/serde/serde_derive)\n   Compiling serde v1.0.219 (/home/abezbm/rust-utgen-test-crates-new/serde/serde)\n   Compiling quote v1.0.40\n   Compiling syn v2.0.100\n   Compiling ntest_test_cases v0.9.3\n   Compiling ntest_timeout v0.9.3\n   Compiling ntest v0.9.3\nwarning: unused import: `ntest::timeout`\n    --> serde/src/de/impls.rs:3177:8\n     |\n3177 |    use ntest::timeout;\n     |        ^^^^^^^^^^^^^^\n     |\n     = note: `#[warn(unused_imports)]` on by default\n\nerror[E0658]: use of unstable library feature 'fmt_internals': internal to standard library\n    --> serde/src/de/impls.rs:3199:29\n     |\n3199 |         let mut formatter = Formatter::new();\n     |                             ^^^^^^^^^^^^^^\n     |\n     = help: add `#![feature(fmt_internals)]` to the crate attributes to enable\n     = note: this compiler was built on 2024-07-20; consider upgrading it if it is out of date\n\nerror[E0061]: this function takes 1 argument but 0 arguments were supplied\n    --> serde/src/de/impls.rs:3199:29\n     |\n3199 |         let mut formatter = Formatter::new();\n     |                             ^^^^^^^^^^^^^^-- argument #1 of type `&mut dyn std::fmt::Write` is missing\n     |\nnote: associated function defined here\n    --> /home/abezbm/.rustup/toolchains/nightly-2024-07-21-x86_64-unknown-linux-gnu/lib/rustlib/src/rust/library/core/src/fmt/mod.rs:286:12\n     |\n286  |     pub fn new(buf: &'a mut (dyn Write + 'a)) -> Formatter<'a> {\n     |            ^^^\nhelp: provide the argument\n     |\n3199 |         let mut formatter = Formatter::new(/* &mut dyn std::fmt::Write */);\n     |                                           ~~~~~~~~~~~~~~~~~~~~~~~~~~~~~~~~\n\nSome errors have detailed explanations: E0061, E0658.\nFor more information about an error, try `rustc --explain E0061`.\nwarning: `serde` (lib test) generated 1 warning\nerror: could not compile `serde` (lib test) due to 2 previous errors; 1 warning emitted\n"
                }
              ],
              "repaired": [
                false
              ]
            }
          ]
        }
      ]
    }
  ]
}