{
  "name": "serde::__private::ser::<__private::ser::FlatMapSerializer<'a, M> as ser::Serializer>::serialize_bytes",
  "name_with_impl": "serde::__private::ser::{impl#4}::serialize_bytes",
  "mod_info": {
    "name": "__private::ser",
    "loc": "serde/src/private/mod.rs:4:1:4:13"
  },
  "visible": true,
  "loc": "serde/src/private/ser.rs:1073:5:1075:6",
  "fn_tests": [
    {
      "chain_id": 1,
      "prompt_conds": [
        "// expected return value/type: Err(Self::bad_type(Unsupported::ByteArray))\n"
      ],
      "input_infer": "",
      "answers": [
        {
          "uses": [],
          "has_test_mod": false,
          "common": [],
          "chain_tests": [
            {
              "attrs": [],
              "prefix": [],
              "oracles": [],
              "codes": [
                [
                  "{",
                  "    struct DummySerializer;",
                  "",
                  "    impl Serializer for DummySerializer {",
                  "        type Ok = ();",
                  "        type Error = ();",
                  "        type SerializeSeq = Impossible<Self::Ok, Self::Error>;",
                  "        type SerializeTuple = Impossible<Self::Ok, Self::Error>;",
                  "        type SerializeTupleStruct = Impossible<Self::Ok, Self::Error>;",
                  "        type SerializeMap = Impossible<Self::Ok, Self::Error>;",
                  "        type SerializeStruct = Impossible<Self::Ok, Self::Error>;",
                  "        type SerializeTupleVariant = Impossible<Self::Ok, Self::Error>;",
                  "        type SerializeStructVariant = Impossible<Self::Ok, Self::Error>;",
                  "",
                  "        fn serialize_bool(self, _: bool) -> Result<Self::Ok, Self::Error> {",
                  "            unimplemented!()",
                  "        }",
                  "",
                  "        fn serialize_i8(self, _: i8) -> Result<Self::Ok, Self::Error> {",
                  "            unimplemented!()",
                  "        }",
                  "",
                  "        fn serialize_bytes(self, _: &[u8]) -> Result<Self::Ok, Self::Error> {",
                  "            Err(Self::bad_type(Unsupported::ByteArray))",
                  "        }",
                  "",
                  "        fn bad_type(_: Unsupported) -> Self::Error {",
                  "            ()",
                  "        }",
                  "",
                  "        // Additional required methods not implemented for brevity",
                  "        fn serialize_i16(self, _: i16) -> Result<Self::Ok, Self::Error> { unimplemented!() }",
                  "        fn serialize_i32(self, _: i32) -> Result<Self::Ok, Self::Error> { unimplemented!() }",
                  "        fn serialize_i64(self, _: i64) -> Result<Self::Ok, Self::Error> { unimplemented!() }",
                  "        fn serialize_u8(self, _: u8) -> Result<Self::Ok, Self::Error> { unimplemented!() }",
                  "        fn serialize_u16(self, _: u16) -> Result<Self::Ok, Self::Error> { unimplemented!() }",
                  "        fn serialize_u32(self, _: u32) -> Result<Self::Ok, Self::Error> { unimplemented!() }",
                  "        fn serialize_u64(self, _: u64) -> Result<Self::Ok, Self::Error> { unimplemented!() }",
                  "        fn serialize_f32(self, _: f32) -> Result<Self::Ok, Self::Error> { unimplemented!() }",
                  "        fn serialize_f64(self, _: f64) -> Result<Self::Ok, Self::Error> { unimplemented!() }",
                  "        fn serialize_char(self, _: char) -> Result<Self::Ok, Self::Error> { unimplemented!() }",
                  "        fn serialize_str(self, _: &str) -> Result<Self::Ok, Self::Error> { unimplemented!() }",
                  "        fn serialize_none(self) -> Result<Self::Ok, Self::Error> { unimplemented!() }",
                  "        fn serialize_some<T>(self, _: &T) -> Result<Self::Ok, Self::Error> where T: ?Sized + Serialize { unimplemented!() }",
                  "        fn serialize_unit(self) -> Result<Self::Ok, Self::Error> { unimplemented!() }",
                  "        fn serialize_unit_struct(self, _: &'static str) -> Result<Self::Ok, Self::Error> { unimplemented!() }",
                  "        fn serialize_unit_variant(self, _: &'static str, _: u32, _: &'static str) -> Result<Self::Ok, Self::Error> { unimplemented!() }",
                  "        fn serialize_newtype_struct<T>(self, _: &'static str, _: &T) -> Result<Self::Ok, Self::Error> where T: ?Sized + Serialize { unimplemented!() }",
                  "        fn serialize_newtype_variant<T>(self, _: &'static str, _: u32, _: &'static str, _: &T) -> Result<Self::Ok, Self::Error> where T: ?Sized + Serialize { unimplemented!() }",
                  "        fn serialize_seq(self, _: Option<usize>) -> Result<Self::SerializeSeq, Self::Error> { unimplemented!() }",
                  "        fn serialize_tuple(self, _: usize) -> Result<Self::SerializeTuple, Self::Error> { unimplemented!() }",
                  "        fn serialize_tuple_struct(self, _: &'static str, _: usize) -> Result<Self::SerializeTupleStruct, Self::Error> { unimplemented!() }",
                  "        fn serialize_tuple_variant(self, _: &'static str, _: u32, _: &'static str, _: usize) -> Result<Self::SerializeTupleVariant, Self::Error> { unimplemented!() }",
                  "        fn serialize_map(self, _: Option<usize>) -> Result<Self::SerializeMap, Self::Error> { unimplemented!() }",
                  "        fn serialize_struct(self, _: &'static str, _: usize) -> Result<Self::SerializeStruct, Self::Error> { unimplemented!() }",
                  "        fn serialize_struct_variant(self, _: &'static str, _: u32, _: &'static str, _: usize) -> Result<Self::SerializeStructVariant, Self::Error> { unimplemented!() }",
                  "    }",
                  "",
                  "    let serializer = DummySerializer;",
                  "    let result = serializer.serialize_bytes(&[1, 2, 3]);",
                  "    assert_eq!(result, Err(()));",
                  "}"
                ]
              ],
              "can_compile": [
                {
                  "Err": "   Compiling proc-macro2 v1.0.95\n   Compiling syn v1.0.109\n   Compiling serde_derive v1.0.219 (/home/abezbm/rust-utgen-test-crates-new/serde/serde_derive)\n   Compiling serde v1.0.219 (/home/abezbm/rust-utgen-test-crates-new/serde/serde)\n   Compiling quote v1.0.40\n   Compiling syn v2.0.100\n   Compiling ntest_test_cases v0.9.3\n   Compiling ntest_timeout v0.9.3\n   Compiling ntest v0.9.3\nerror[E0407]: method `bad_type` is not a member of trait `Serializer`\n    --> serde/src/private/ser.rs:1397:9\n     |\n1397 | /         fn bad_type(_: Unsupported) -> Self::Error {\n1398 | |             ()\n1399 | |         }\n     | |_________^ not a member of trait `Serializer`\n\nwarning: unused import: `ntest::timeout`\n    --> serde/src/private/ser.rs:1368:8\n     |\n1368 |    use ntest::timeout;\n     |        ^^^^^^^^^^^^^^\n     |\n     = note: `#[warn(unused_imports)]` on by default\n\nerror[E0277]: the trait bound `(): ser::Error` is not satisfied\n    --> serde/src/private/ser.rs:1376:22\n     |\n1376 |         type Error = ();\n     |                      ^^ the trait `ser::Error` is not implemented for `()`\n     |\n     = help: the following other types implement trait `ser::Error`:\n               doc::Error\n               std::fmt::Error\n               value::Error\nnote: required by a bound in `ser::Serializer::Error`\n    --> serde/src/ser/mod.rs:352:17\n     |\n352  |     type Error: Error;\n     |                 ^^^^^ required by this bound in `Serializer::Error`\n\nerror[E0277]: the trait bound `(): ser::Error` is not satisfied\n    --> serde/src/private/ser.rs:1377:29\n     |\n1377 |         type SerializeSeq = Impossible<Self::Ok, Self::Error>;\n     |                             ^^^^^^^^^^^^^^^^^^^^^^^^^^^^^^^^^ the trait `ser::Error` is not implemented for `()`, which is required by `impossible::Impossible<(), ()>: ser::SerializeSeq`\n     |\n     = help: the following other types implement trait `ser::Error`:\n               doc::Error\n               std::fmt::Error\n               value::Error\nnote: required for `impossible::Impossible<(), ()>` to implement `ser::SerializeSeq`\n    --> serde/src/ser/impossible.rs:68:17\n     |\n68   | impl<Ok, Error> SerializeSeq for Impossible<Ok, Error>\n     |                 ^^^^^^^^^^^^     ^^^^^^^^^^^^^^^^^^^^^\n69   | where\n70   |     Error: ser::Error,\n     |            ---------- unsatisfied trait bound introduced here\nnote: required by a bound in `ser::Serializer::SerializeSeq`\n    --> serde/src/ser/mod.rs:358:52\n     |\n358  |     type SerializeSeq: SerializeSeq<Ok = Self::Ok, Error = Self::Error>;\n     |                                                    ^^^^^^^^^^^^^^^^^^^ required by this bound in `Serializer::SerializeSeq`\n\nerror[E0277]: the trait bound `(): ser::Error` is not satisfied\n    --> serde/src/private/ser.rs:1378:31\n     |\n1378 |         type SerializeTuple = Impossible<Self::Ok, Self::Error>;\n     |                               ^^^^^^^^^^^^^^^^^^^^^^^^^^^^^^^^^ the trait `ser::Error` is not implemented for `()`, which is required by `impossible::Impossible<(), ()>: ser::SerializeTuple`\n     |\n     = help: the following other types implement trait `ser::Error`:\n               doc::Error\n               std::fmt::Error\n               value::Error\nnote: required for `impossible::Impossible<(), ()>` to implement `ser::SerializeTuple`\n    --> serde/src/ser/impossible.rs:88:17\n     |\n88   | impl<Ok, Error> SerializeTuple for Impossible<Ok, Error>\n     |                 ^^^^^^^^^^^^^^     ^^^^^^^^^^^^^^^^^^^^^\n89   | where\n90   |     Error: ser::Error,\n     |            ---------- unsatisfied trait bound introduced here\nnote: required by a bound in `ser::Serializer::SerializeTuple`\n    --> serde/src/ser/mod.rs:364:56\n     |\n364  |     type SerializeTuple: SerializeTuple<Ok = Self::Ok, Error = Self::Error>;\n     |                                                        ^^^^^^^^^^^^^^^^^^^ required by this bound in `Serializer::SerializeTuple`\n\nerror[E0277]: the trait bound `(): ser::Error` is not satisfied\n    --> serde/src/private/ser.rs:1379:37\n     |\n1379 |         type SerializeTupleStruct = Impossible<Self::Ok, Self::Error>;\n     |                                     ^^^^^^^^^^^^^^^^^^^^^^^^^^^^^^^^^ the trait `ser::Error` is not implemented for `()`, which is required by `impossible::Impossible<(), ()>: ser::SerializeTupleStruct`\n     |\n     = help: the following other types implement trait `ser::Error`:\n               doc::Error\n               std::fmt::Error\n               value::Error\nnote: required for `impossible::Impossible<(), ()>` to implement `ser::SerializeTupleStruct`\n    --> serde/src/ser/impossible.rs:108:17\n     |\n108  | impl<Ok, Error> SerializeTupleStruct for Impossible<Ok, Error>\n     |                 ^^^^^^^^^^^^^^^^^^^^     ^^^^^^^^^^^^^^^^^^^^^\n109  | where\n110  |     Error: ser::Error,\n     |            ---------- unsatisfied trait bound introduced here\nnote: required by a bound in `ser::Serializer::SerializeTupleStruct`\n    --> serde/src/ser/mod.rs:370:68\n     |\n370  |     type SerializeTupleStruct: SerializeTupleStruct<Ok = Self::Ok, Error = Self::Error>;\n     |                                                                    ^^^^^^^^^^^^^^^^^^^ required by this bound in `Serializer::SerializeTupleStruct`\n\nerror[E0277]: the trait bound `(): ser::Error` is not satisfied\n    --> serde/src/private/ser.rs:1380:29\n     |\n1380 |         type SerializeMap = Impossible<Self::Ok, Self::Error>;\n     |                             ^^^^^^^^^^^^^^^^^^^^^^^^^^^^^^^^^ the trait `ser::Error` is not implemented for `()`, which is required by `impossible::Impossible<(), ()>: ser::SerializeMap`\n     |\n     = help: the following other types implement trait `ser::Error`:\n               doc::Error\n               std::fmt::Error\n               value::Error\nnote: required for `impossible::Impossible<(), ()>` to implement `ser::SerializeMap`\n    --> serde/src/ser/impossible.rs:148:17\n     |\n148  | impl<Ok, Error> SerializeMap for Impossible<Ok, Error>\n     |                 ^^^^^^^^^^^^     ^^^^^^^^^^^^^^^^^^^^^\n149  | where\n150  |     Error: ser::Error,\n     |            ---------- unsatisfied trait bound introduced here\nnote: required by a bound in `ser::Serializer::SerializeMap`\n    --> serde/src/ser/mod.rs:382:52\n     |\n382  |     type SerializeMap: SerializeMap<Ok = Self::Ok, Error = Self::Error>;\n     |                                                    ^^^^^^^^^^^^^^^^^^^ required by this bound in `Serializer::SerializeMap`\n\nerror[E0277]: the trait bound `(): ser::Error` is not satisfied\n    --> serde/src/private/ser.rs:1381:32\n     |\n1381 |         type SerializeStruct = Impossible<Self::Ok, Self::Error>;\n     |                                ^^^^^^^^^^^^^^^^^^^^^^^^^^^^^^^^^ the trait `ser::Error` is not implemented for `()`, which is required by `impossible::Impossible<(), ()>: ser::SerializeStruct`\n     |\n     = help: the following other types implement trait `ser::Error`:\n               doc::Error\n               std::fmt::Error\n               value::Error\nnote: required for `impossible::Impossible<(), ()>` to implement `ser::SerializeStruct`\n    --> serde/src/ser/impossible.rs:176:17\n     |\n176  | impl<Ok, Error> SerializeStruct for Impossible<Ok, Error>\n     |                 ^^^^^^^^^^^^^^^     ^^^^^^^^^^^^^^^^^^^^^\n177  | where\n178  |     Error: ser::Error,\n     |            ---------- unsatisfied trait bound introduced here\nnote: required by a bound in `ser::Serializer::SerializeStruct`\n    --> serde/src/ser/mod.rs:388:58\n     |\n388  |     type SerializeStruct: SerializeStruct<Ok = Self::Ok, Error = Self::Error>;\n     |                                                          ^^^^^^^^^^^^^^^^^^^ required by this bound in `Serializer::SerializeStruct`\n\nerror[E0277]: the trait bound `(): ser::Error` is not satisfied\n    --> serde/src/private/ser.rs:1382:38\n     |\n1382 |         type SerializeTupleVariant = Impossible<Self::Ok, Self::Error>;\n     |                                      ^^^^^^^^^^^^^^^^^^^^^^^^^^^^^^^^^ the trait `ser::Error` is not implemented for `()`, which is required by `impossible::Impossible<(), ()>: ser::SerializeTupleVariant`\n     |\n     = help: the following other types implement trait `ser::Error`:\n               doc::Error\n               std::fmt::Error\n               value::Error\nnote: required for `impossible::Impossible<(), ()>` to implement `ser::SerializeTupleVariant`\n    --> serde/src/ser/impossible.rs:128:17\n     |\n128  | impl<Ok, Error> SerializeTupleVariant for Impossible<Ok, Error>\n     |                 ^^^^^^^^^^^^^^^^^^^^^     ^^^^^^^^^^^^^^^^^^^^^\n129  | where\n130  |     Error: ser::Error,\n     |            ---------- unsatisfied trait bound introduced here\nnote: required by a bound in `ser::Serializer::SerializeTupleVariant`\n    --> serde/src/ser/mod.rs:376:70\n     |\n376  |     type SerializeTupleVariant: SerializeTupleVariant<Ok = Self::Ok, Error = Self::Error>;\n     |                                                                      ^^^^^^^^^^^^^^^^^^^ required by this bound in `Serializer::SerializeTupleVariant`\n\nerror[E0277]: the trait bound `(): ser::Error` is not satisfied\n    --> serde/src/private/ser.rs:1383:39\n     |\n1383 |         type SerializeStructVariant = Impossible<Self::Ok, Self::Error>;\n     |                                       ^^^^^^^^^^^^^^^^^^^^^^^^^^^^^^^^^ the trait `ser::Error` is not implemented for `()`, which is required by `impossible::Impossible<(), ()>: ser::SerializeStructVariant`\n     |\n     = help: the following other types implement trait `ser::Error`:\n               doc::Error\n               std::fmt::Error\n               value::Error\nnote: required for `impossible::Impossible<(), ()>` to implement `ser::SerializeStructVariant`\n    --> serde/src/ser/impossible.rs:197:17\n     |\n197  | impl<Ok, Error> SerializeStructVariant for Impossible<Ok, Error>\n     |                 ^^^^^^^^^^^^^^^^^^^^^^     ^^^^^^^^^^^^^^^^^^^^^\n198  | where\n199  |     Error: ser::Error,\n     |            ---------- unsatisfied trait bound introduced here\nnote: required by a bound in `ser::Serializer::SerializeStructVariant`\n    --> serde/src/ser/mod.rs:394:72\n     |\n394  |     type SerializeStructVariant: SerializeStructVariant<Ok = Self::Ok, Error = Self::Error>;\n     |                                                                        ^^^^^^^^^^^^^^^^^^^ required by this bound in `Serializer::SerializeStructVariant`\n\nerror[E0599]: no function or associated item named `bad_type` found for struct `DummySerializer` in the current scope\n    --> serde/src/private/ser.rs:1394:23\n     |\n1372 |     struct DummySerializer;\n     |     ---------------------- function or associated item `bad_type` not found for this struct\n...\n1394 |             Err(Self::bad_type(Unsupported::ByteArray))\n     |                       ^^^^^^^^ function or associated item not found in `DummySerializer`\n\nSome errors have detailed explanations: E0277, E0407, E0599.\nFor more information about an error, try `rustc --explain E0277`.\nwarning: `serde` (lib test) generated 1 warning\nerror: could not compile `serde` (lib test) due to 10 previous errors; 1 warning emitted\n"
                }
              ],
              "repaired": [
                false
              ]
            }
          ]
        }
      ]
    }
  ]
}