{
  "name": "serde::__private::de::<__private::de::FlatStructAccess<'a, 'de, E> as de::MapAccess<'de>>::next_key_seed",
  "name_with_impl": "serde::__private::de::{impl#10}::next_key_seed",
  "mod_info": {
    "name": "__private::de",
    "loc": "serde/src/private/mod.rs:2:1:2:12"
  },
  "visible": true,
  "loc": "serde/src/private/de.rs:2708:5:2719:6",
  "fn_tests": [
    {
      "chain_id": 2,
      "prompt_conds": [
        "// constraint: entry in self.iter.by_ref() is true\n",
        "// constraint: let Some((key, content)) = flat_map_take_entry(entry, self.fields) is true\n"
      ],
      "input_infer": "",
      "answers": [
        {
          "uses": [
            "use std::marker::PhantomData;",
            "use crate::de::DeserializeSeed;",
            "use crate::de::Visitor;"
          ],
          "has_test_mod": false,
          "common": [],
          "chain_tests": [
            {
              "attrs": [],
              "prefix": [],
              "oracles": [],
              "codes": [
                [
                  "{",
                  "    use crate::de::{DeserializeSeed, Visitor};",
                  "    use std::marker::PhantomData;",
                  "",
                  "    struct MockSeed;",
                  "",
                  "    impl<'de> DeserializeSeed<'de> for MockSeed {",
                  "        type Value = String;",
                  "        fn deserialize<V>(self, _: V) -> Result<Self::Value, <Self as DeserializeSeed<'de>>::Error>",
                  "        where",
                  "            V: Visitor<'de>,",
                  "        {",
                  "            Ok(\"mock_key\".to_string())",
                  "        }",
                  "    }",
                  "",
                  "    struct MockError;",
                  "",
                  "    impl Error for MockError {",
                  "        fn custom<T>(_: T) -> Self {",
                  "            MockError",
                  "        }",
                  "    }",
                  "",
                  "    let key_content = Content::String(\"mock_key\".to_string());",
                  "    let value_content = Content::U32(42);",
                  "    let entry = Some((key_content.clone(), value_content));",
                  "",
                  "    let fields: &[&str] = &[\"mock_key\"];",
                  "    let mut access = FlatStructAccess {",
                  "        iter: &mut [entry].iter_mut(),",
                  "        pending_content: None,",
                  "        fields,",
                  "        _marker: PhantomData::<MockError>,",
                  "    };",
                  "",
                  "    let result: Result<Option<String>, _> = access.next_key_seed(MockSeed);",
                  "    assert_eq!(result.unwrap(), Some(\"mock_key\".to_string()));",
                  "}"
                ]
              ],
              "can_compile": [
                {
                  "Err": "   Compiling proc-macro2 v1.0.95\n   Compiling syn v1.0.109\n   Compiling serde_derive v1.0.219 (/home/abezbm/rust-utgen-test-crates-new/serde/serde_derive)\n   Compiling serde v1.0.219 (/home/abezbm/rust-utgen-test-crates-new/serde/serde)\n   Compiling quote v1.0.40\n   Compiling syn v2.0.100\n   Compiling ntest_test_cases v0.9.3\n   Compiling ntest_timeout v0.9.3\n   Compiling ntest v0.9.3\nerror[E0576]: cannot find associated type `Error` in trait `DeserializeSeed`\n    --> serde/src/private/de.rs:2819:94\n     |\n2819 |         fn deserialize<V>(self, _: V) -> Result<Self::Value, <Self as DeserializeSeed<'de>>::Error>\n     |                                                                                              ^^^^^\n     |                                                                                              |\n     |                                                                                              not found in `DeserializeSeed`\n     |                                                                                              help: maybe you meant this associated type: `Value`\n     |\n    ::: serde/src/de/mod.rs:780:5\n     |\n780  |     type Value;\n     |     ----------- associated type `Value` defined here\n\nwarning: unused import: `ntest::timeout`\n    --> serde/src/private/de.rs:2808:8\n     |\n2808 |    use ntest::timeout;\n     |        ^^^^^^^^^^^^^^\n     |\n     = note: `#[warn(unused_imports)]` on by default\n\nerror[E0276]: impl has stricter requirements than trait\n    --> serde/src/private/de.rs:2821:16\n     |\n2821 |               V: Visitor<'de>,\n     |                  ^^^^^^^^^^^^ impl has extra requirement `V: Visitor<'de>`\n     |\n    ::: serde/src/de/mod.rs:784:5\n     |\n784  | /     fn deserialize<D>(self, deserializer: D) -> Result<Self::Value, D::Error>\n785  | |     where\n786  | |         D: Deserializer<'de>;\n     | |_____________________________- definition of `deserialize` from trait\n\nerror[E0277]: the trait bound `MockError: std::error::Error` is not satisfied\n    --> serde/src/private/de.rs:2829:20\n     |\n2829 |     impl Error for MockError {\n     |                    ^^^^^^^^^ the trait `std::error::Error` is not implemented for `MockError`\n     |\nnote: required by a bound in `de::Error`\n    --> serde/src/de/mod.rs:161:38\n     |\n161  |         pub trait Error: Sized $(+ $($supertrait)::+)* {\n     |                                      ^^^^^^^^^^^ required by this bound in `Error`\n...\n300  | declare_error_trait!(Error: Sized + StdError);\n     | --------------------------------------------- in this macro invocation\n     = note: this error originates in the macro `declare_error_trait` (in Nightly builds, run with -Z macro-backtrace for more info)\n\nerror[E0308]: mismatched types\n    --> serde/src/private/de.rs:2841:15\n     |\n2841 |         iter: &mut [entry].iter_mut(),\n     |               ^^^^^^^^^^^^^^^^^^^^^^^ expected `IterMut<'_, Option<(..., ...)>>`, found `&mut IterMut<'_, Option<...>>`\n     |\n     = note:         expected struct `std::slice::IterMut<'_, std::option::Option<(__private::de::content::Content<'_>, __private::de::content::Content<'_>)>>`\n             found mutable reference `&mut std::slice::IterMut<'_, std::option::Option<(__private::de::content::Content<'_>, __private::de::content::Content<'_>)>>`\nhelp: consider removing the borrow\n     |\n2841 -         iter: &mut [entry].iter_mut(),\n2841 +         iter: [entry].iter_mut(),\n     |\n\nerror[E0277]: `MockError` doesn't implement `std::fmt::Debug`\n    --> serde/src/private/de.rs:2848:23\n     |\n2848 |     assert_eq!(result.unwrap(), Some(\"mock_key\".to_string()));\n     |                       ^^^^^^ `MockError` cannot be formatted using `{:?}`\n     |\n     = help: the trait `std::fmt::Debug` is not implemented for `MockError`\n     = note: add `#[derive(Debug)]` to `MockError` or manually `impl std::fmt::Debug for MockError`\nnote: required by a bound in `Result::<T, E>::unwrap`\n    --> /home/abezbm/.rustup/toolchains/nightly-2024-07-21-x86_64-unknown-linux-gnu/lib/rustlib/src/rust/library/core/src/result.rs:1098:12\n     |\n1096 |     pub fn unwrap(self) -> T\n     |            ------ required by a bound in this associated function\n1097 |     where\n1098 |         E: fmt::Debug,\n     |            ^^^^^^^^^^ required by this bound in `Result::<T, E>::unwrap`\nhelp: consider annotating `MockError` with `#[derive(Debug)]`\n     |\n2827 +     #[derive(Debug)]\n2828 |     struct MockError;\n     |\n\nSome errors have detailed explanations: E0276, E0277, E0308, E0576.\nFor more information about an error, try `rustc --explain E0276`.\nwarning: `serde` (lib test) generated 1 warning\nerror: could not compile `serde` (lib test) due to 5 previous errors; 1 warning emitted\n"
                }
              ],
              "repaired": [
                false
              ]
            },
            {
              "attrs": [],
              "prefix": [],
              "oracles": [],
              "codes": [
                [
                  "{",
                  "    use crate::de::{DeserializeSeed, Visitor};",
                  "    use std::marker::PhantomData;",
                  "",
                  "    struct MockSeed;",
                  "",
                  "    impl<'de> DeserializeSeed<'de> for MockSeed {",
                  "        type Value = String;",
                  "        fn deserialize<V>(self, _: V) -> Result<Self::Value, <Self as DeserializeSeed<'de>>::Error>",
                  "        where",
                  "            V: Visitor<'de>,",
                  "        {",
                  "            Ok(\"mock_key\".to_string())",
                  "        }",
                  "    }",
                  "",
                  "    struct MockError;",
                  "",
                  "    impl Error for MockError {",
                  "        fn custom<T>(_: T) -> Self {",
                  "            MockError",
                  "        }",
                  "    }",
                  "",
                  "    let key_content = Content::String(\"mock_key\".to_string());",
                  "    let value_content1 = Content::U32(42);",
                  "    let value_content2 = Content::U32(100);",
                  "    let entry1 = Some((key_content.clone(), value_content1));",
                  "    let entry2 = Some((Content::String(\"another_key\".to_string()), value_content2));",
                  "",
                  "    let fields: &[&str] = &[\"mock_key\"];",
                  "    let mut access = FlatStructAccess {",
                  "        iter: &mut [&mut entry1, &mut entry2].iter_mut(),",
                  "        pending_content: None,",
                  "        fields,",
                  "        _marker: PhantomData::<MockError>,",
                  "    };",
                  "",
                  "    let result: Result<Option<String>, _> = access.next_key_seed(MockSeed);",
                  "    assert_eq!(result.unwrap(), Some(\"mock_key\".to_string()));",
                  "}"
                ]
              ],
              "can_compile": [
                {
                  "Err": "   Compiling proc-macro2 v1.0.95\n   Compiling syn v1.0.109\n   Compiling serde_derive v1.0.219 (/home/abezbm/rust-utgen-test-crates-new/serde/serde_derive)\n   Compiling serde v1.0.219 (/home/abezbm/rust-utgen-test-crates-new/serde/serde)\n   Compiling quote v1.0.40\n   Compiling syn v2.0.100\n   Compiling ntest_test_cases v0.9.3\n   Compiling ntest_timeout v0.9.3\n   Compiling ntest v0.9.3\nerror[E0576]: cannot find associated type `Error` in trait `DeserializeSeed`\n    --> serde/src/private/de.rs:2819:94\n     |\n2819 |         fn deserialize<V>(self, _: V) -> Result<Self::Value, <Self as DeserializeSeed<'de>>::Error>\n     |                                                                                              ^^^^^\n     |                                                                                              |\n     |                                                                                              not found in `DeserializeSeed`\n     |                                                                                              help: maybe you meant this associated type: `Value`\n     |\n    ::: serde/src/de/mod.rs:780:5\n     |\n780  |     type Value;\n     |     ----------- associated type `Value` defined here\n\nwarning: unused import: `ntest::timeout`\n    --> serde/src/private/de.rs:2808:8\n     |\n2808 |    use ntest::timeout;\n     |        ^^^^^^^^^^^^^^\n     |\n     = note: `#[warn(unused_imports)]` on by default\n\nerror[E0276]: impl has stricter requirements than trait\n    --> serde/src/private/de.rs:2821:16\n     |\n2821 |               V: Visitor<'de>,\n     |                  ^^^^^^^^^^^^ impl has extra requirement `V: Visitor<'de>`\n     |\n    ::: serde/src/de/mod.rs:784:5\n     |\n784  | /     fn deserialize<D>(self, deserializer: D) -> Result<Self::Value, D::Error>\n785  | |     where\n786  | |         D: Deserializer<'de>;\n     | |_____________________________- definition of `deserialize` from trait\n\nerror[E0277]: the trait bound `MockError: std::error::Error` is not satisfied\n    --> serde/src/private/de.rs:2829:20\n     |\n2829 |     impl Error for MockError {\n     |                    ^^^^^^^^^ the trait `std::error::Error` is not implemented for `MockError`\n     |\nnote: required by a bound in `de::Error`\n    --> serde/src/de/mod.rs:161:38\n     |\n161  |         pub trait Error: Sized $(+ $($supertrait)::+)* {\n     |                                      ^^^^^^^^^^^ required by this bound in `Error`\n...\n300  | declare_error_trait!(Error: Sized + StdError);\n     | --------------------------------------------- in this macro invocation\n     = note: this error originates in the macro `declare_error_trait` (in Nightly builds, run with -Z macro-backtrace for more info)\n\nerror[E0308]: mismatched types\n    --> serde/src/private/de.rs:2843:15\n     |\n2843 |         iter: &mut [&mut entry1, &mut entry2].iter_mut(),\n     |               ^^^^^^^^^^^^^^^^^^^^^^^^^^^^^^^^^^^^^^^^^^ expected `IterMut<'_, Option<(..., ...)>>`, found `&mut IterMut<'_, &mut Option<...>>`\n     |\n     = note:         expected struct `std::slice::IterMut<'_, std::option::Option<(__private::de::content::Content<'_>, __private::de::content::Content<'_>)>>`\n             found mutable reference `&mut std::slice::IterMut<'_, &mut std::option::Option<(__private::de::content::Content<'_>, __private::de::content::Content<'_>)>>`\n\nerror[E0277]: `MockError` doesn't implement `std::fmt::Debug`\n    --> serde/src/private/de.rs:2850:23\n     |\n2850 |     assert_eq!(result.unwrap(), Some(\"mock_key\".to_string()));\n     |                       ^^^^^^ `MockError` cannot be formatted using `{:?}`\n     |\n     = help: the trait `std::fmt::Debug` is not implemented for `MockError`\n     = note: add `#[derive(Debug)]` to `MockError` or manually `impl std::fmt::Debug for MockError`\nnote: required by a bound in `Result::<T, E>::unwrap`\n    --> /home/abezbm/.rustup/toolchains/nightly-2024-07-21-x86_64-unknown-linux-gnu/lib/rustlib/src/rust/library/core/src/result.rs:1098:12\n     |\n1096 |     pub fn unwrap(self) -> T\n     |            ------ required by a bound in this associated function\n1097 |     where\n1098 |         E: fmt::Debug,\n     |            ^^^^^^^^^^ required by this bound in `Result::<T, E>::unwrap`\nhelp: consider annotating `MockError` with `#[derive(Debug)]`\n     |\n2827 +     #[derive(Debug)]\n2828 |     struct MockError;\n     |\n\nSome errors have detailed explanations: E0276, E0277, E0308, E0576.\nFor more information about an error, try `rustc --explain E0276`.\nwarning: `serde` (lib test) generated 1 warning\nerror: could not compile `serde` (lib test) due to 5 previous errors; 1 warning emitted\n"
                }
              ],
              "repaired": [
                false
              ]
            },
            {
              "attrs": [],
              "prefix": [],
              "oracles": [],
              "codes": [
                [
                  "{",
                  "    use crate::de::{DeserializeSeed, Visitor};",
                  "    use std::marker::PhantomData;",
                  "",
                  "    struct MockSeed;",
                  "",
                  "    impl<'de> DeserializeSeed<'de> for MockSeed {",
                  "        type Value = String;",
                  "        fn deserialize<V>(self, _: V) -> Result<Self::Value, <Self as DeserializeSeed<'de>>::Error>",
                  "        where",
                  "            V: Visitor<'de>,",
                  "        {",
                  "            Ok(\"mock_key\".to_string())",
                  "        }",
                  "    }",
                  "",
                  "    struct MockError;",
                  "",
                  "    impl Error for MockError {",
                  "        fn custom<T>(_: T) -> Self {",
                  "            MockError",
                  "        }",
                  "    }",
                  "",
                  "    let fields: &[&str] = &[\"mock_key\"];",
                  "    let mut access = FlatStructAccess {",
                  "        iter: &mut [None].iter_mut(),",
                  "        pending_content: None,",
                  "        fields,",
                  "        _marker: PhantomData::<MockError>,",
                  "    };",
                  "",
                  "    let result: Result<Option<String>, _> = access.next_key_seed(MockSeed);",
                  "    assert_eq!(result.unwrap(), None);",
                  "}"
                ]
              ],
              "can_compile": [
                {
                  "Err": "   Compiling proc-macro2 v1.0.95\n   Compiling syn v1.0.109\n   Compiling serde_derive v1.0.219 (/home/abezbm/rust-utgen-test-crates-new/serde/serde_derive)\n   Compiling serde v1.0.219 (/home/abezbm/rust-utgen-test-crates-new/serde/serde)\n   Compiling quote v1.0.40\n   Compiling syn v2.0.100\n   Compiling ntest_timeout v0.9.3\n   Compiling ntest_test_cases v0.9.3\n   Compiling ntest v0.9.3\nerror[E0576]: cannot find associated type `Error` in trait `DeserializeSeed`\n    --> serde/src/private/de.rs:2819:94\n     |\n2819 |         fn deserialize<V>(self, _: V) -> Result<Self::Value, <Self as DeserializeSeed<'de>>::Error>\n     |                                                                                              ^^^^^\n     |                                                                                              |\n     |                                                                                              not found in `DeserializeSeed`\n     |                                                                                              help: maybe you meant this associated type: `Value`\n     |\n    ::: serde/src/de/mod.rs:780:5\n     |\n780  |     type Value;\n     |     ----------- associated type `Value` defined here\n\nwarning: unused import: `ntest::timeout`\n    --> serde/src/private/de.rs:2808:8\n     |\n2808 |    use ntest::timeout;\n     |        ^^^^^^^^^^^^^^\n     |\n     = note: `#[warn(unused_imports)]` on by default\n\nerror[E0276]: impl has stricter requirements than trait\n    --> serde/src/private/de.rs:2821:16\n     |\n2821 |               V: Visitor<'de>,\n     |                  ^^^^^^^^^^^^ impl has extra requirement `V: Visitor<'de>`\n     |\n    ::: serde/src/de/mod.rs:784:5\n     |\n784  | /     fn deserialize<D>(self, deserializer: D) -> Result<Self::Value, D::Error>\n785  | |     where\n786  | |         D: Deserializer<'de>;\n     | |_____________________________- definition of `deserialize` from trait\n\nerror[E0277]: the trait bound `MockError: std::error::Error` is not satisfied\n    --> serde/src/private/de.rs:2829:20\n     |\n2829 |     impl Error for MockError {\n     |                    ^^^^^^^^^ the trait `std::error::Error` is not implemented for `MockError`\n     |\nnote: required by a bound in `de::Error`\n    --> serde/src/de/mod.rs:161:38\n     |\n161  |         pub trait Error: Sized $(+ $($supertrait)::+)* {\n     |                                      ^^^^^^^^^^^ required by this bound in `Error`\n...\n300  | declare_error_trait!(Error: Sized + StdError);\n     | --------------------------------------------- in this macro invocation\n     = note: this error originates in the macro `declare_error_trait` (in Nightly builds, run with -Z macro-backtrace for more info)\n\nerror[E0308]: mismatched types\n    --> serde/src/private/de.rs:2837:15\n     |\n2837 |         iter: &mut [None].iter_mut(),\n     |               ^^^^^^^^^^^^^^^^^^^^^^ expected `IterMut<'_, Option<(..., ...)>>`, found `&mut IterMut<'_, Option<_>>`\n     |\n     = note:         expected struct `std::slice::IterMut<'_, std::option::Option<(__private::de::content::Content<'_>, __private::de::content::Content<'_>)>>`\n             found mutable reference `&mut std::slice::IterMut<'_, std::option::Option<_>>`\nhelp: consider removing the borrow\n     |\n2837 -         iter: &mut [None].iter_mut(),\n2837 +         iter: [None].iter_mut(),\n     |\n\nerror[E0277]: `MockError` doesn't implement `std::fmt::Debug`\n    --> serde/src/private/de.rs:2844:23\n     |\n2844 |     assert_eq!(result.unwrap(), None);\n     |                       ^^^^^^ `MockError` cannot be formatted using `{:?}`\n     |\n     = help: the trait `std::fmt::Debug` is not implemented for `MockError`\n     = note: add `#[derive(Debug)]` to `MockError` or manually `impl std::fmt::Debug for MockError`\nnote: required by a bound in `Result::<T, E>::unwrap`\n    --> /home/abezbm/.rustup/toolchains/nightly-2024-07-21-x86_64-unknown-linux-gnu/lib/rustlib/src/rust/library/core/src/result.rs:1098:12\n     |\n1096 |     pub fn unwrap(self) -> T\n     |            ------ required by a bound in this associated function\n1097 |     where\n1098 |         E: fmt::Debug,\n     |            ^^^^^^^^^^ required by this bound in `Result::<T, E>::unwrap`\nhelp: consider annotating `MockError` with `#[derive(Debug)]`\n     |\n2827 +     #[derive(Debug)]\n2828 |     struct MockError;\n     |\n\nSome errors have detailed explanations: E0276, E0277, E0308, E0576.\nFor more information about an error, try `rustc --explain E0276`.\nwarning: `serde` (lib test) generated 1 warning\nerror: could not compile `serde` (lib test) due to 5 previous errors; 1 warning emitted\n"
                }
              ],
              "repaired": [
                false
              ]
            }
          ]
        }
      ]
    },
    {
      "chain_id": 3,
      "prompt_conds": [
        "// constraint: entry in self.iter.by_ref() is false\n",
        "// expected return value/type: Ok(None)\n"
      ],
      "input_infer": "",
      "answers": [
        {
          "uses": [
            "use std::marker::PhantomData;"
          ],
          "has_test_mod": false,
          "common": [],
          "chain_tests": [
            {
              "attrs": [],
              "prefix": [],
              "oracles": [],
              "codes": [
                [
                  "{",
                  "    use std::marker::PhantomData;",
                  "",
                  "    struct EmptySeed;",
                  "",
                  "    impl<'de> DeserializeSeed<'de> for EmptySeed {",
                  "        type Value = String;",
                  "",
                  "        fn deserialize<D>(self, _deserializer: D) -> Result<Self::Value, D::Error>",
                  "        where",
                  "            D: Deserializer<'de>,",
                  "        {",
                  "            Err(D::Error::custom(\"should not be called\"))",
                  "        }",
                  "    }",
                  "",
                  "    struct MockMapAccess<'a, 'de> {",
                  "        iter: std::slice::IterMut<'a, Option<(Content<'de>, Content<'de>)>>,",
                  "        fields: &'static [&'static str],",
                  "        pending_content: Option<Content<'de>>,",
                  "    }",
                  "",
                  "    impl<'a, 'de, E> MapAccess<'de> for MockMapAccess<'a, 'de>",
                  "    where",
                  "        E: Error,",
                  "    {",
                  "        type Error = E;",
                  "",
                  "        fn next_key_seed<T>(&mut self, seed: T) -> Result<Option<T::Value>, Self::Error>",
                  "        where",
                  "            T: DeserializeSeed<'de>,",
                  "        {",
                  "            for entry in self.iter.by_ref() {",
                  "                // This part will never succeed as iter is empty",
                  "                if let Some((key, content)) = flat_map_take_entry(entry, self.fields) {",
                  "                    self.pending_content = Some(content);",
                  "                    return seed.deserialize(ContentDeserializer::new(key)).map(Some);",
                  "                }",
                  "            }",
                  "            Ok(None)",
                  "        }",
                  "",
                  "        fn next_value_seed<T>(&mut self, _: T) -> Result<T::Value, Self::Error>",
                  "        where",
                  "            T: DeserializeSeed<'de>,",
                  "        {",
                  "            Err(E::custom(\"value is missing\"))",
                  "        }",
                  "    }",
                  "",
                  "    let empty_iter: Vec<Option<(Content, Content)>> = Vec::new();",
                  "    let mock_access = MockMapAccess {",
                  "        iter: empty_iter.iter_mut(),",
                  "        fields: &[],",
                  "        pending_content: None,",
                  "    };",
                  "    ",
                  "    let result: Result<Option<String>, _> = mock_access.next_key_seed(EmptySeed);",
                  "    assert_eq!(result, Ok(None));",
                  "}"
                ]
              ],
              "can_compile": [
                {
                  "Err": "   Compiling proc-macro2 v1.0.95\n   Compiling syn v1.0.109\n   Compiling serde_derive v1.0.219 (/home/abezbm/rust-utgen-test-crates-new/serde/serde_derive)\n   Compiling serde v1.0.219 (/home/abezbm/rust-utgen-test-crates-new/serde/serde)\n   Compiling quote v1.0.40\n   Compiling syn v2.0.100\n   Compiling ntest_timeout v0.9.3\n   Compiling ntest_test_cases v0.9.3\n   Compiling ntest v0.9.3\nwarning: unused import: `ntest::timeout`\n    --> serde/src/private/de.rs:2808:8\n     |\n2808 |    use ntest::timeout;\n     |        ^^^^^^^^^^^^^^\n     |\n     = note: `#[warn(unused_imports)]` on by default\n\nwarning: unused import: `std::marker::PhantomData`\n    --> serde/src/private/de.rs:2812:9\n     |\n2812 |     use std::marker::PhantomData;\n     |         ^^^^^^^^^^^^^^^^^^^^^^^^\n\nerror[E0207]: the type parameter `E` is not constrained by the impl trait, self type, or predicates\n    --> serde/src/private/de.rs:2833:19\n     |\n2833 |     impl<'a, 'de, E> MapAccess<'de> for MockMapAccess<'a, 'de>\n     |                   ^ unconstrained type parameter\n\nerror[E0283]: type annotations needed\n    --> serde/src/private/de.rs:2839:52\n     |\n2839 |         fn next_key_seed<T>(&mut self, seed: T) -> Result<Option<T::Value>, Self::Error>\n     |                                                    ^^^^^^^^^^^^^^^^^^^^^^^^^^^^^^^^^^^^^ cannot infer type for type parameter `E`\n     |\n     = note: cannot satisfy `_: de::Error`\n     = help: the trait `de::Error` is implemented for `value::Error`\nnote: required for `MockMapAccess<'a, 'de>` to implement `de::MapAccess<'de>`\n    --> serde/src/private/de.rs:2833:22\n     |\n2833 |     impl<'a, 'de, E> MapAccess<'de> for MockMapAccess<'a, 'de>\n     |                      ^^^^^^^^^^^^^^     ^^^^^^^^^^^^^^^^^^^^^^\n2834 |     where\n2835 |         E: Error,\n     |            ----- unsatisfied trait bound introduced here\n\nerror[E0283]: type annotations needed\n    --> serde/src/private/de.rs:2853:51\n     |\n2853 |         fn next_value_seed<T>(&mut self, _: T) -> Result<T::Value, Self::Error>\n     |                                                   ^^^^^^^^^^^^^^^^^^^^^^^^^^^^^ cannot infer type for type parameter `E`\n     |\n     = note: cannot satisfy `_: de::Error`\n     = help: the trait `de::Error` is implemented for `value::Error`\nnote: required for `MockMapAccess<'a, 'de>` to implement `de::MapAccess<'de>`\n    --> serde/src/private/de.rs:2833:22\n     |\n2833 |     impl<'a, 'de, E> MapAccess<'de> for MockMapAccess<'a, 'de>\n     |                      ^^^^^^^^^^^^^^     ^^^^^^^^^^^^^^^^^^^^^^\n2834 |     where\n2835 |         E: Error,\n     |            ----- unsatisfied trait bound introduced here\n\nerror[E0283]: type annotations needed\n    --> serde/src/private/de.rs:2869:24\n     |\n2868 |     let result: Result<Option<String>, _> = mock_access.next_key_seed(EmptySeed);\n     |                                                         ------------- type must be known at this point\n2869 |     assert_eq!(result, Ok(None));\n     |                        ^^ cannot infer type of the type parameter `E` declared on the enum `Result`\n     |\n     = note: cannot satisfy `_: de::Error`\n     = help: the trait `de::Error` is implemented for `value::Error`\nnote: required for `MockMapAccess<'_, '_>` to implement `de::MapAccess<'_>`\n    --> serde/src/private/de.rs:2833:22\n     |\n2833 |     impl<'a, 'de, E> MapAccess<'de> for MockMapAccess<'a, 'de>\n     |                      ^^^^^^^^^^^^^^     ^^^^^^^^^^^^^^^^^^^^^^\n2834 |     where\n2835 |         E: Error,\n     |            ----- unsatisfied trait bound introduced here\nhelp: consider specifying the generic arguments\n     |\n2869 |     assert_eq!(result, Ok::<std::option::Option<std::string::String>, E>(None));\n     |                          +++++++++++++++++++++++++++++++++++++++++++++++\n\nerror[E0283]: type annotations needed\n    --> serde/src/private/de.rs:2847:45\n     |\n2847 |                     return seed.deserialize(ContentDeserializer::new(key)).map(Some);\n     |                                             ^^^^^^^^^^^^^^^^^^^^^^^^ cannot infer type of the type parameter `E` declared on the struct `ContentDeserializer`\n     |\n     = note: cannot satisfy `_: de::Error`\n     = help: the trait `de::Error` is implemented for `value::Error`\nnote: required for `MockMapAccess<'a, 'de>` to implement `de::MapAccess<'de>`\n    --> serde/src/private/de.rs:2833:22\n     |\n2833 |     impl<'a, 'de, E> MapAccess<'de> for MockMapAccess<'a, 'de>\n     |                      ^^^^^^^^^^^^^^     ^^^^^^^^^^^^^^^^^^^^^^\n2834 |     where\n2835 |         E: Error,\n     |            ----- unsatisfied trait bound introduced here\nhelp: consider specifying the generic argument\n     |\n2847 |                     return seed.deserialize(ContentDeserializer::<E>(key)).map(Some);\n     |                                                                ~~~~~\n\nSome errors have detailed explanations: E0207, E0283.\nFor more information about an error, try `rustc --explain E0207`.\nwarning: `serde` (lib test) generated 2 warnings\nerror: could not compile `serde` (lib test) due to 5 previous errors; 2 warnings emitted\n"
                }
              ],
              "repaired": [
                false
              ]
            }
          ]
        }
      ]
    }
  ]
}