{
  "name": "serde::__private::ser::content::<__private::ser::content::SerializeTupleVariant<E> as ser::SerializeTupleVariant>::serialize_field",
  "name_with_impl": "serde::__private::ser::content::{impl#10}::serialize_field",
  "mod_info": {
    "name": "__private::ser::content",
    "loc": "serde/src/private/ser.rs:337:1:987:2"
  },
  "visible": true,
  "loc": "serde/src/private/ser.rs:857:9:864:10",
  "fn_tests": [
    {
      "chain_id": 1,
      "prompt_conds": [
        "// constraint: value.serialize(ContentSerializer::<E>::new()) matches Err(err) is true\n",
        "// expected return value/type: Err(err)\n"
      ],
      "input_infer": "",
      "answers": [
        {
          "uses": [
            "use crate::ser::Serialize;",
            "use crate::ser;"
          ],
          "has_test_mod": false,
          "common": [],
          "chain_tests": [
            {
              "attrs": [],
              "prefix": [],
              "oracles": [],
              "codes": [
                [
                  "{",
                  "    use crate::ser::{self, Serialize};",
                  "",
                  "    struct MockError;",
                  "",
                  "    impl ser::Error for MockError {}",
                  "",
                  "    struct TestSerializeTupleVariant {",
                  "        fields: Vec<Content>,",
                  "    }",
                  "",
                  "    impl ser::SerializeTupleVariant for TestSerializeTupleVariant {",
                  "        type Ok = Content;",
                  "        type Error = MockError;",
                  "",
                  "        fn serialize_field<T>(&mut self, value: &T) -> Result<(), Self::Error>",
                  "        where",
                  "            T: ?Sized + Serialize,",
                  "        {",
                  "            let err = MockError;",
                  "            Err(err)",
                  "        }",
                  "",
                  "        fn end(self) -> Result<Content, Self::Error> {",
                  "            Ok(Content::Unit) // Adjust as necessary",
                  "        }",
                  "    }",
                  "",
                  "    let mut serializer = TestSerializeTupleVariant {",
                  "        fields: Vec::new(),",
                  "    };",
                  "",
                  "    // This should produce an Err(MockError)",
                  "    let result: Result<(), MockError> = serializer.serialize_field(&\"Test\");",
                  "    assert!(result.is_err());",
                  "}"
                ]
              ],
              "can_compile": [
                {
                  "Err": "   Compiling proc-macro2 v1.0.95\n   Compiling syn v1.0.109\n   Compiling serde_derive v1.0.219 (/home/abezbm/rust-utgen-test-crates-new/serde/serde_derive)\n   Compiling serde v1.0.219 (/home/abezbm/rust-utgen-test-crates-new/serde/serde)\n   Compiling quote v1.0.40\n   Compiling syn v2.0.100\n   Compiling ntest_test_cases v0.9.3\n   Compiling ntest_timeout v0.9.3\n   Compiling ntest v0.9.3\nwarning: unused import: `ntest::timeout`\n   --> serde/src/private/ser.rs:991:8\n    |\n991 |    use ntest::timeout;\n    |        ^^^^^^^^^^^^^^\n    |\n    = note: `#[warn(unused_imports)]` on by default\n\nerror[E0277]: the trait bound `MockError: std::error::Error` is not satisfied\n   --> serde/src/private/ser.rs:999:25\n    |\n999 |     impl ser::Error for MockError {}\n    |                         ^^^^^^^^^ the trait `std::error::Error` is not implemented for `MockError`\n    |\nnote: required by a bound in `ser::Error`\n   --> serde/src/ser/mod.rs:142:38\n    |\n142 |         pub trait Error: Sized $(+ $($supertrait)::+)* {\n    |                                      ^^^^^^^^^^^ required by this bound in `Error`\n...\n186 | declare_error_trait!(Error: Sized + StdError);\n    | --------------------------------------------- in this macro invocation\n    = note: this error originates in the macro `declare_error_trait` (in Nightly builds, run with -Z macro-backtrace for more info)\n\nerror[E0046]: not all trait items implemented, missing: `custom`\n   --> serde/src/private/ser.rs:999:5\n    |\n999 |       impl ser::Error for MockError {}\n    |       ^^^^^^^^^^^^^^^^^^^^^^^^^^^^^ missing `custom` in implementation\n    |\n   ::: serde/src/ser/mod.rs:178:13\n    |\n178 | /             fn custom<T>(msg: T) -> Self\n179 | |             where\n180 | |                 T: Display;\n    | |___________________________- `custom` from trait\n\nerror[E0277]: the trait bound `MockError: std::error::Error` is not satisfied\n    --> serde/src/private/ser.rs:1007:22\n     |\n1007 |         type Error = MockError;\n     |                      ^^^^^^^^^ the trait `std::error::Error` is not implemented for `MockError`, which is required by `<TestSerializeTupleVariant as ser::SerializeTupleVariant>::Error: ser::Error`\n     |\n     = help: the following other types implement trait `ser::Error`:\n               MockError\n               doc::Error\n               std::fmt::Error\n               value::Error\nnote: required for `<TestSerializeTupleVariant as ser::SerializeTupleVariant>::Error` to implement `ser::Error`\n    --> serde/src/ser/mod.rs:142:19\n     |\n142  |         pub trait Error: Sized $(+ $($supertrait)::+)* {\n     |                   ^^^^^\n...\n186  | declare_error_trait!(Error: Sized + StdError);\n     | --------------------------------------------- in this macro invocation\nnote: required by a bound in `ser::SerializeTupleVariant::Error`\n    --> serde/src/ser/mod.rs:1705:17\n     |\n1705 |     type Error: Error;\n     |                 ^^^^^ required by this bound in `SerializeTupleVariant::Error`\n     = note: this error originates in the macro `declare_error_trait` (in Nightly builds, run with -Z macro-backtrace for more info)\n\nerror[E0599]: no method named `serialize_field` found for struct `TestSerializeTupleVariant` in the current scope\n    --> serde/src/private/ser.rs:1027:52\n     |\n1001 |     struct TestSerializeTupleVariant {\n     |     -------------------------------- method `serialize_field` not found for this struct\n...\n1027 |     let result: Result<(), MockError> = serializer.serialize_field(&\"Test\");\n     |                                                    ^^^^^^^^^^^^^^^ method not found in `TestSerializeTupleVariant`\n     |\n    ::: serde/src/ser/mod.rs:1708:8\n     |\n1708 |     fn serialize_field<T>(&mut self, value: &T) -> Result<(), Self::Error>\n     |        --------------- the method is available for `TestSerializeTupleVariant` here\n     |\n     = help: items from traits can only be used if the trait is in scope\nhelp: trait `SerializeTupleVariant` which provides `serialize_field` is implemented but not in scope; perhaps you want to import it\n     |\n990  +    use crate::ser::SerializeTupleVariant;\n     |\n\nwarning: unused variable: `value`\n    --> serde/src/private/ser.rs:1009:42\n     |\n1009 |         fn serialize_field<T>(&mut self, value: &T) -> Result<(), Self::Error>\n     |                                          ^^^^^ help: if this is intentional, prefix it with an underscore: `_value`\n     |\n     = note: `#[warn(unused_variables)]` on by default\n\nSome errors have detailed explanations: E0046, E0277, E0599.\nFor more information about an error, try `rustc --explain E0046`.\nwarning: `serde` (lib test) generated 2 warnings\nerror: could not compile `serde` (lib test) due to 4 previous errors; 2 warnings emitted\n"
                }
              ],
              "repaired": [
                false
              ]
            }
          ]
        }
      ]
    },
    {
      "chain_id": 2,
      "prompt_conds": [
        "// constraint: value.serialize(ContentSerializer::<E>::new()) matches Ok(val) is true\n",
        "// expected return value/type: Ok(())\n"
      ],
      "input_infer": "",
      "answers": [
        {
          "uses": [],
          "has_test_mod": false,
          "common": [],
          "chain_tests": [
            {
              "attrs": [],
              "prefix": [],
              "oracles": [],
              "codes": [
                [
                  "{",
                  "    struct TestError;",
                  "    impl std::fmt::Debug for TestError {",
                  "        fn fmt(&self, _: &mut std::fmt::Formatter) -> std::fmt::Result { Ok(()) }",
                  "    }",
                  "    impl ser::Error for TestError {}",
                  "",
                  "    struct TestSerializeTupleVariant {",
                  "        fields: Vec<Content>,",
                  "    }",
                  "",
                  "    impl ser::SerializeTupleVariant for TestSerializeTupleVariant {",
                  "        type Ok = Content;",
                  "        type Error = TestError;",
                  "",
                  "        fn serialize_field<T>(&mut self, value: &T) -> Result<(), Self::Error>",
                  "        where",
                  "            T: ?Sized + Serialize,",
                  "        {",
                  "            let value = value.serialize(ContentSerializer::<Self::Error>::new()).map_err(|_| TestError)?;",
                  "            self.fields.push(value);",
                  "            Ok(())",
                  "        }",
                  "",
                  "        fn end(self) -> Result<Content, Self::Error> {",
                  "            Ok(Content::Tuple(self.fields))",
                  "        }",
                  "    }",
                  "",
                  "    impl Serialize for bool {",
                  "        fn serialize<S>(&self, serializer: S) -> Result<S::Ok, S::Error>",
                  "        where",
                  "            S: Serializer,",
                  "        {",
                  "            serializer.serialize_bool(*self)",
                  "        }",
                  "    }",
                  "",
                  "    let mut serializer = TestSerializeTupleVariant { fields: Vec::new() };",
                  "    let result = serializer.serialize_field(&true);",
                  "    assert!(result.is_ok());",
                  "}"
                ]
              ],
              "can_compile": [
                {
                  "Err": "   Compiling proc-macro2 v1.0.95\n   Compiling syn v1.0.109\n   Compiling serde_derive v1.0.219 (/home/abezbm/rust-utgen-test-crates-new/serde/serde_derive)\n   Compiling serde v1.0.219 (/home/abezbm/rust-utgen-test-crates-new/serde/serde)\n   Compiling quote v1.0.40\n   Compiling syn v2.0.100\n   Compiling ntest_test_cases v0.9.3\n   Compiling ntest_timeout v0.9.3\n   Compiling ntest v0.9.3\nwarning: unused import: `ntest::timeout`\n   --> serde/src/private/ser.rs:991:8\n    |\n991 |    use ntest::timeout;\n    |        ^^^^^^^^^^^^^^\n    |\n    = note: `#[warn(unused_imports)]` on by default\n\nerror[E0119]: conflicting implementations of trait `ser::Serialize` for type `bool`\n    --> serde/src/private/ser.rs:1023:5\n     |\n1023 |     impl Serialize for bool {\n     |     ^^^^^^^^^^^^^^^^^^^^^^^ conflicting implementation for `bool`\n     |\n    ::: serde/src/ser/impls.rs:9:9\n     |\n9    |         impl Serialize for $ty {\n     |         ---------------------- first implementation here\n\nerror[E0277]: the trait bound `TestError: std::error::Error` is not satisfied\n   --> serde/src/private/ser.rs:999:25\n    |\n999 |     impl ser::Error for TestError {}\n    |                         ^^^^^^^^^ the trait `std::error::Error` is not implemented for `TestError`\n    |\nnote: required by a bound in `ser::Error`\n   --> serde/src/ser/mod.rs:142:38\n    |\n142 |         pub trait Error: Sized $(+ $($supertrait)::+)* {\n    |                                      ^^^^^^^^^^^ required by this bound in `Error`\n...\n186 | declare_error_trait!(Error: Sized + StdError);\n    | --------------------------------------------- in this macro invocation\n    = note: this error originates in the macro `declare_error_trait` (in Nightly builds, run with -Z macro-backtrace for more info)\n\nerror[E0046]: not all trait items implemented, missing: `custom`\n   --> serde/src/private/ser.rs:999:5\n    |\n999 |       impl ser::Error for TestError {}\n    |       ^^^^^^^^^^^^^^^^^^^^^^^^^^^^^ missing `custom` in implementation\n    |\n   ::: serde/src/ser/mod.rs:178:13\n    |\n178 | /             fn custom<T>(msg: T) -> Self\n179 | |             where\n180 | |                 T: Display;\n    | |___________________________- `custom` from trait\n\nerror[E0277]: the trait bound `TestError: std::error::Error` is not satisfied\n    --> serde/src/private/ser.rs:1007:22\n     |\n1007 |         type Error = TestError;\n     |                      ^^^^^^^^^ the trait `std::error::Error` is not implemented for `TestError`, which is required by `<TestSerializeTupleVariant as ser::SerializeTupleVariant>::Error: ser::Error`\n     |\n     = help: the following other types implement trait `ser::Error`:\n               TestError\n               doc::Error\n               std::fmt::Error\n               value::Error\nnote: required for `<TestSerializeTupleVariant as ser::SerializeTupleVariant>::Error` to implement `ser::Error`\n    --> serde/src/ser/mod.rs:142:19\n     |\n142  |         pub trait Error: Sized $(+ $($supertrait)::+)* {\n     |                   ^^^^^\n...\n186  | declare_error_trait!(Error: Sized + StdError);\n     | --------------------------------------------- in this macro invocation\nnote: required by a bound in `ser::SerializeTupleVariant::Error`\n    --> serde/src/ser/mod.rs:1705:17\n     |\n1705 |     type Error: Error;\n     |                 ^^^^^ required by this bound in `SerializeTupleVariant::Error`\n     = note: this error originates in the macro `declare_error_trait` (in Nightly builds, run with -Z macro-backtrace for more info)\n\nerror[E0599]: no method named `serialize_field` found for struct `TestSerializeTupleVariant` in the current scope\n    --> serde/src/private/ser.rs:1033:29\n     |\n1001 |     struct TestSerializeTupleVariant {\n     |     -------------------------------- method `serialize_field` not found for this struct\n...\n1033 |     let result = serializer.serialize_field(&true);\n     |                             ^^^^^^^^^^^^^^^ method not found in `TestSerializeTupleVariant`\n     |\n    ::: serde/src/ser/mod.rs:1708:8\n     |\n1708 |     fn serialize_field<T>(&mut self, value: &T) -> Result<(), Self::Error>\n     |        --------------- the method is available for `TestSerializeTupleVariant` here\n     |\n     = help: items from traits can only be used if the trait is in scope\nhelp: trait `SerializeTupleVariant` which provides `serialize_field` is implemented but not in scope; perhaps you want to import it\n     |\n990  +    use crate::ser::SerializeTupleVariant;\n     |\n\nSome errors have detailed explanations: E0046, E0119, E0277, E0599.\nFor more information about an error, try `rustc --explain E0046`.\nwarning: `serde` (lib test) generated 1 warning\nerror: could not compile `serde` (lib test) due to 5 previous errors; 1 warning emitted\n"
                }
              ],
              "repaired": [
                false
              ]
            },
            {
              "attrs": [],
              "prefix": [],
              "oracles": [],
              "codes": [
                [
                  "{",
                  "    struct TestError;",
                  "    impl std::fmt::Debug for TestError {",
                  "        fn fmt(&self, _: &mut std::fmt::Formatter) -> std::fmt::Result { Ok(()) }",
                  "    }",
                  "    impl ser::Error for TestError {}",
                  "",
                  "    struct TestSerializeTupleVariant {",
                  "        fields: Vec<Content>,",
                  "    }",
                  "",
                  "    impl ser::SerializeTupleVariant for TestSerializeTupleVariant {",
                  "        type Ok = Content;",
                  "        type Error = TestError;",
                  "",
                  "        fn serialize_field<T>(&mut self, value: &T) -> Result<(), Self::Error>",
                  "        where",
                  "            T: ?Sized + Serialize,",
                  "        {",
                  "            let value = value.serialize(ContentSerializer::<Self::Error>::new()).map_err(|_| TestError)?;",
                  "            self.fields.push(value);",
                  "            Ok(())",
                  "        }",
                  "",
                  "        fn end(self) -> Result<Content, Self::Error> {",
                  "            Ok(Content::Tuple(self.fields))",
                  "        }",
                  "    }",
                  "",
                  "    impl Serialize for u8 {",
                  "        fn serialize<S>(&self, serializer: S) -> Result<S::Ok, S::Error>",
                  "        where",
                  "            S: Serializer,",
                  "        {",
                  "            serializer.serialize_u8(*self)",
                  "        }",
                  "    }",
                  "",
                  "    let mut serializer = TestSerializeTupleVariant { fields: Vec::new() };",
                  "    let result = serializer.serialize_field(&255u8);",
                  "    assert!(result.is_ok());",
                  "}"
                ]
              ],
              "can_compile": [
                {
                  "Err": "   Compiling proc-macro2 v1.0.95\n   Compiling syn v1.0.109\n   Compiling serde_derive v1.0.219 (/home/abezbm/rust-utgen-test-crates-new/serde/serde_derive)\n   Compiling serde v1.0.219 (/home/abezbm/rust-utgen-test-crates-new/serde/serde)\n   Compiling quote v1.0.40\n   Compiling syn v2.0.100\n   Compiling ntest_timeout v0.9.3\n   Compiling ntest_test_cases v0.9.3\n   Compiling ntest v0.9.3\nwarning: unused import: `ntest::timeout`\n   --> serde/src/private/ser.rs:991:8\n    |\n991 |    use ntest::timeout;\n    |        ^^^^^^^^^^^^^^\n    |\n    = note: `#[warn(unused_imports)]` on by default\n\nerror[E0119]: conflicting implementations of trait `ser::Serialize` for type `u8`\n    --> serde/src/private/ser.rs:1023:5\n     |\n1023 |     impl Serialize for u8 {\n     |     ^^^^^^^^^^^^^^^^^^^^^ conflicting implementation for `u8`\n     |\n    ::: serde/src/ser/impls.rs:9:9\n     |\n9    |         impl Serialize for $ty {\n     |         ---------------------- first implementation here\n\nerror[E0277]: the trait bound `TestError: std::error::Error` is not satisfied\n   --> serde/src/private/ser.rs:999:25\n    |\n999 |     impl ser::Error for TestError {}\n    |                         ^^^^^^^^^ the trait `std::error::Error` is not implemented for `TestError`\n    |\nnote: required by a bound in `ser::Error`\n   --> serde/src/ser/mod.rs:142:38\n    |\n142 |         pub trait Error: Sized $(+ $($supertrait)::+)* {\n    |                                      ^^^^^^^^^^^ required by this bound in `Error`\n...\n186 | declare_error_trait!(Error: Sized + StdError);\n    | --------------------------------------------- in this macro invocation\n    = note: this error originates in the macro `declare_error_trait` (in Nightly builds, run with -Z macro-backtrace for more info)\n\nerror[E0046]: not all trait items implemented, missing: `custom`\n   --> serde/src/private/ser.rs:999:5\n    |\n999 |       impl ser::Error for TestError {}\n    |       ^^^^^^^^^^^^^^^^^^^^^^^^^^^^^ missing `custom` in implementation\n    |\n   ::: serde/src/ser/mod.rs:178:13\n    |\n178 | /             fn custom<T>(msg: T) -> Self\n179 | |             where\n180 | |                 T: Display;\n    | |___________________________- `custom` from trait\n\nerror[E0277]: the trait bound `TestError: std::error::Error` is not satisfied\n    --> serde/src/private/ser.rs:1007:22\n     |\n1007 |         type Error = TestError;\n     |                      ^^^^^^^^^ the trait `std::error::Error` is not implemented for `TestError`, which is required by `<TestSerializeTupleVariant as ser::SerializeTupleVariant>::Error: ser::Error`\n     |\n     = help: the following other types implement trait `ser::Error`:\n               TestError\n               doc::Error\n               std::fmt::Error\n               value::Error\nnote: required for `<TestSerializeTupleVariant as ser::SerializeTupleVariant>::Error` to implement `ser::Error`\n    --> serde/src/ser/mod.rs:142:19\n     |\n142  |         pub trait Error: Sized $(+ $($supertrait)::+)* {\n     |                   ^^^^^\n...\n186  | declare_error_trait!(Error: Sized + StdError);\n     | --------------------------------------------- in this macro invocation\nnote: required by a bound in `ser::SerializeTupleVariant::Error`\n    --> serde/src/ser/mod.rs:1705:17\n     |\n1705 |     type Error: Error;\n     |                 ^^^^^ required by this bound in `SerializeTupleVariant::Error`\n     = note: this error originates in the macro `declare_error_trait` (in Nightly builds, run with -Z macro-backtrace for more info)\n\nerror[E0599]: no method named `serialize_field` found for struct `TestSerializeTupleVariant` in the current scope\n    --> serde/src/private/ser.rs:1033:29\n     |\n1001 |     struct TestSerializeTupleVariant {\n     |     -------------------------------- method `serialize_field` not found for this struct\n...\n1033 |     let result = serializer.serialize_field(&255u8);\n     |                             ^^^^^^^^^^^^^^^ method not found in `TestSerializeTupleVariant`\n     |\n    ::: serde/src/ser/mod.rs:1708:8\n     |\n1708 |     fn serialize_field<T>(&mut self, value: &T) -> Result<(), Self::Error>\n     |        --------------- the method is available for `TestSerializeTupleVariant` here\n     |\n     = help: items from traits can only be used if the trait is in scope\nhelp: trait `SerializeTupleVariant` which provides `serialize_field` is implemented but not in scope; perhaps you want to import it\n     |\n990  +    use crate::ser::SerializeTupleVariant;\n     |\n\nSome errors have detailed explanations: E0046, E0119, E0277, E0599.\nFor more information about an error, try `rustc --explain E0046`.\nwarning: `serde` (lib test) generated 1 warning\nerror: could not compile `serde` (lib test) due to 5 previous errors; 1 warning emitted\n"
                }
              ],
              "repaired": [
                false
              ]
            },
            {
              "attrs": [],
              "prefix": [],
              "oracles": [],
              "codes": [
                [
                  "{",
                  "    struct TestError;",
                  "    impl std::fmt::Debug for TestError {",
                  "        fn fmt(&self, _: &mut std::fmt::Formatter) -> std::fmt::Result { Ok(()) }",
                  "    }",
                  "    impl ser::Error for TestError {}",
                  "",
                  "    struct TestSerializeTupleVariant {",
                  "        fields: Vec<Content>,",
                  "    }",
                  "",
                  "    impl ser::SerializeTupleVariant for TestSerializeTupleVariant {",
                  "        type Ok = Content;",
                  "        type Error = TestError;",
                  "",
                  "        fn serialize_field<T>(&mut self, value: &T) -> Result<(), Self::Error>",
                  "        where",
                  "            T: ?Sized + Serialize,",
                  "        {",
                  "            let value = value.serialize(ContentSerializer::<Self::Error>::new()).map_err(|_| TestError)?;",
                  "            self.fields.push(value);",
                  "            Ok(())",
                  "        }",
                  "",
                  "        fn end(self) -> Result<Content, Self::Error> {",
                  "            Ok(Content::Tuple(self.fields))",
                  "        }",
                  "    }",
                  "",
                  "    impl Serialize for String {",
                  "        fn serialize<S>(&self, serializer: S) -> Result<S::Ok, S::Error>",
                  "        where",
                  "            S: Serializer,",
                  "        {",
                  "            serializer.serialize_str(self)",
                  "        }",
                  "    }",
                  "",
                  "    let mut serializer = TestSerializeTupleVariant { fields: Vec::new() };",
                  "    let result = serializer.serialize_field(&\"Hello\".to_string());",
                  "    assert!(result.is_ok());",
                  "}"
                ]
              ],
              "can_compile": [
                {
                  "Err": "   Compiling proc-macro2 v1.0.95\n   Compiling syn v1.0.109\n   Compiling serde_derive v1.0.219 (/home/abezbm/rust-utgen-test-crates-new/serde/serde_derive)\n   Compiling serde v1.0.219 (/home/abezbm/rust-utgen-test-crates-new/serde/serde)\n   Compiling quote v1.0.40\n   Compiling syn v2.0.100\n   Compiling ntest_test_cases v0.9.3\n   Compiling ntest_timeout v0.9.3\n   Compiling ntest v0.9.3\nwarning: unused import: `ntest::timeout`\n   --> serde/src/private/ser.rs:991:8\n    |\n991 |    use ntest::timeout;\n    |        ^^^^^^^^^^^^^^\n    |\n    = note: `#[warn(unused_imports)]` on by default\n\nerror[E0119]: conflicting implementations of trait `ser::Serialize` for type `std::string::String`\n    --> serde/src/private/ser.rs:1023:5\n     |\n1023 |     impl Serialize for String {\n     |     ^^^^^^^^^^^^^^^^^^^^^^^^^ conflicting implementation for `std::string::String`\n     |\n    ::: serde/src/ser/impls.rs:52:1\n     |\n52   | impl Serialize for String {\n     | ------------------------- first implementation here\n\nerror[E0277]: the trait bound `TestError: std::error::Error` is not satisfied\n   --> serde/src/private/ser.rs:999:25\n    |\n999 |     impl ser::Error for TestError {}\n    |                         ^^^^^^^^^ the trait `std::error::Error` is not implemented for `TestError`\n    |\nnote: required by a bound in `ser::Error`\n   --> serde/src/ser/mod.rs:142:38\n    |\n142 |         pub trait Error: Sized $(+ $($supertrait)::+)* {\n    |                                      ^^^^^^^^^^^ required by this bound in `Error`\n...\n186 | declare_error_trait!(Error: Sized + StdError);\n    | --------------------------------------------- in this macro invocation\n    = note: this error originates in the macro `declare_error_trait` (in Nightly builds, run with -Z macro-backtrace for more info)\n\nerror[E0046]: not all trait items implemented, missing: `custom`\n   --> serde/src/private/ser.rs:999:5\n    |\n999 |       impl ser::Error for TestError {}\n    |       ^^^^^^^^^^^^^^^^^^^^^^^^^^^^^ missing `custom` in implementation\n    |\n   ::: serde/src/ser/mod.rs:178:13\n    |\n178 | /             fn custom<T>(msg: T) -> Self\n179 | |             where\n180 | |                 T: Display;\n    | |___________________________- `custom` from trait\n\nerror[E0277]: the trait bound `TestError: std::error::Error` is not satisfied\n    --> serde/src/private/ser.rs:1007:22\n     |\n1007 |         type Error = TestError;\n     |                      ^^^^^^^^^ the trait `std::error::Error` is not implemented for `TestError`, which is required by `<TestSerializeTupleVariant as ser::SerializeTupleVariant>::Error: ser::Error`\n     |\n     = help: the following other types implement trait `ser::Error`:\n               TestError\n               doc::Error\n               std::fmt::Error\n               value::Error\nnote: required for `<TestSerializeTupleVariant as ser::SerializeTupleVariant>::Error` to implement `ser::Error`\n    --> serde/src/ser/mod.rs:142:19\n     |\n142  |         pub trait Error: Sized $(+ $($supertrait)::+)* {\n     |                   ^^^^^\n...\n186  | declare_error_trait!(Error: Sized + StdError);\n     | --------------------------------------------- in this macro invocation\nnote: required by a bound in `ser::SerializeTupleVariant::Error`\n    --> serde/src/ser/mod.rs:1705:17\n     |\n1705 |     type Error: Error;\n     |                 ^^^^^ required by this bound in `SerializeTupleVariant::Error`\n     = note: this error originates in the macro `declare_error_trait` (in Nightly builds, run with -Z macro-backtrace for more info)\n\nerror[E0599]: no method named `serialize_field` found for struct `TestSerializeTupleVariant` in the current scope\n    --> serde/src/private/ser.rs:1033:29\n     |\n1001 |     struct TestSerializeTupleVariant {\n     |     -------------------------------- method `serialize_field` not found for this struct\n...\n1033 |     let result = serializer.serialize_field(&\"Hello\".to_string());\n     |                             ^^^^^^^^^^^^^^^ method not found in `TestSerializeTupleVariant`\n     |\n    ::: serde/src/ser/mod.rs:1708:8\n     |\n1708 |     fn serialize_field<T>(&mut self, value: &T) -> Result<(), Self::Error>\n     |        --------------- the method is available for `TestSerializeTupleVariant` here\n     |\n     = help: items from traits can only be used if the trait is in scope\nhelp: trait `SerializeTupleVariant` which provides `serialize_field` is implemented but not in scope; perhaps you want to import it\n     |\n990  +    use crate::ser::SerializeTupleVariant;\n     |\n\nSome errors have detailed explanations: E0046, E0119, E0277, E0599.\nFor more information about an error, try `rustc --explain E0046`.\nwarning: `serde` (lib test) generated 1 warning\nerror: could not compile `serde` (lib test) due to 5 previous errors; 1 warning emitted\n"
                }
              ],
              "repaired": [
                false
              ]
            }
          ]
        }
      ]
    }
  ]
}