{
  "name": "serde::__private::de::content::<__private::de::content::ContentDeserializer<'de, E> as de::Deserializer<'de>>::deserialize_u32",
  "name_with_impl": "serde::__private::de::content::{impl#16}::deserialize_u32",
  "mod_info": {
    "name": "__private::de::content",
    "loc": "serde/src/private/de.rs:198:1:2358:2"
  },
  "visible": true,
  "loc": "serde/src/private/de.rs:1224:9:1229:10",
  "fn_tests": [
    {
      "chain_id": 1,
      "prompt_conds": [],
      "input_infer": "",
      "answers": [
        {
          "uses": [],
          "has_test_mod": false,
          "common": [],
          "chain_tests": [
            {
              "attrs": [],
              "prefix": [],
              "oracles": [],
              "codes": [
                [
                  "{",
                  "    struct TestVisitor {",
                  "        value: Option<u32>,",
                  "    }",
                  "",
                  "    impl<'de> Visitor<'de> for TestVisitor {",
                  "        type Value = u32;",
                  "",
                  "        fn visit_u32<E>(self, value: u32) -> Result<Self::Value, E>",
                  "        where",
                  "            E: de::Error,",
                  "        {",
                  "            Ok(value)",
                  "        }",
                  "",
                  "        fn visit_u64<E>(self, value: u64) -> Result<Self::Value, E>",
                  "        where",
                  "            E: de::Error,",
                  "        {",
                  "            Ok(value.try_into().map_err(|_| E::custom(\"value out of range\"))?)",
                  "        }",
                  "",
                  "        fn visit_unit<E>(self) -> Result<Self::Value, E> {",
                  "            Err(E::custom(\"expected number but found unit\"))",
                  "        }",
                  "",
                  "        fn visit_none<E>(self) -> Result<Self::Value, E> {",
                  "            Err(E::custom(\"expected number but found none\"))",
                  "        }",
                  "",
                  "        // Implement other traits as needed for your test ",
                  "    }",
                  "",
                  "    let deserializer = ContentDeserializer {",
                  "        content: Content::U32(42),",
                  "        err: PhantomData,",
                  "    };",
                  "",
                  "    let result = deserializer.deserialize_u32(TestVisitor { value: None });",
                  "    assert_eq!(result.unwrap(), 42);",
                  "}"
                ]
              ],
              "can_compile": [
                {
                  "Err": "   Compiling proc-macro2 v1.0.95\n   Compiling syn v1.0.109\n   Compiling serde_derive v1.0.219 (/home/abezbm/rust-utgen-test-crates-new/serde/serde_derive)\n   Compiling serde v1.0.219 (/home/abezbm/rust-utgen-test-crates-new/serde/serde)\n   Compiling quote v1.0.40\n   Compiling syn v2.0.100\n   Compiling ntest_timeout v0.9.3\n   Compiling ntest_test_cases v0.9.3\n   Compiling ntest v0.9.3\nwarning: unused import: `ntest::timeout`\n    --> serde/src/private/de.rs:2362:8\n     |\n2362 |    use ntest::timeout;\n     |        ^^^^^^^^^^^^^^\n     |\n     = note: `#[warn(unused_imports)]` on by default\n\nerror[E0046]: not all trait items implemented, missing: `expecting`\n    --> serde/src/private/de.rs:2370:5\n     |\n2370 |     impl<'de> Visitor<'de> for TestVisitor {\n     |     ^^^^^^^^^^^^^^^^^^^^^^^^^^^^^^^^^^^^^^ missing `expecting` in implementation\n     |\n    ::: serde/src/de/mod.rs:1310:5\n     |\n1310 |     fn expecting(&self, formatter: &mut fmt::Formatter) -> fmt::Result;\n     |     ------------------------------------------------------------------- `expecting` from trait\n\nerror[E0282]: type annotations needed for `__private::de::content::ContentDeserializer<'_, _>`\n    --> serde/src/private/de.rs:2398:9\n     |\n2398 |     let deserializer = ContentDeserializer {\n     |         ^^^^^^^^^^^^\n2399 |         content: Content::U32(42),\n2400 |         err: PhantomData,\n     |              ----------- type must be known at this point\n     |\nhelp: consider giving `deserializer` an explicit type, where the type for type parameter `T` is specified\n     |\n2398 |     let deserializer: __private::de::content::ContentDeserializer<'_, E> = ContentDeserializer {\n     |                     ++++++++++++++++++++++++++++++++++++++++++++++++++++\n\nerror[E0599]: no function or associated item named `custom` found for type parameter `E` in the current scope\n    --> serde/src/private/de.rs:2388:20\n     |\n2387 |         fn visit_unit<E>(self) -> Result<Self::Value, E> {\n     |                       - function or associated item `custom` not found for this type parameter\n2388 |             Err(E::custom(\"expected number but found unit\"))\n     |                    ^^^^^^ function or associated item not found in `E`\n     |\n     = help: items from traits can only be used if the type parameter is bounded by the trait\nhelp: the following traits define an item `custom`, perhaps you need to restrict type parameter `E` with one of them:\n     |\n2387 |         fn visit_unit<E: de::Error>(self) -> Result<Self::Value, E> {\n     |                        +++++++++++\n2387 |         fn visit_unit<E: ser::Error>(self) -> Result<Self::Value, E> {\n     |                        ++++++++++++\n\nerror[E0599]: no function or associated item named `custom` found for type parameter `E` in the current scope\n    --> serde/src/private/de.rs:2392:20\n     |\n2391 |         fn visit_none<E>(self) -> Result<Self::Value, E> {\n     |                       - function or associated item `custom` not found for this type parameter\n2392 |             Err(E::custom(\"expected number but found none\"))\n     |                    ^^^^^^ function or associated item not found in `E`\n     |\n     = help: items from traits can only be used if the type parameter is bounded by the trait\nhelp: the following traits define an item `custom`, perhaps you need to restrict type parameter `E` with one of them:\n     |\n2391 |         fn visit_none<E: de::Error>(self) -> Result<Self::Value, E> {\n     |                        +++++++++++\n2391 |         fn visit_none<E: ser::Error>(self) -> Result<Self::Value, E> {\n     |                        ++++++++++++\n\nSome errors have detailed explanations: E0046, E0282, E0599.\nFor more information about an error, try `rustc --explain E0046`.\nwarning: `serde` (lib test) generated 1 warning\nerror: could not compile `serde` (lib test) due to 4 previous errors; 1 warning emitted\n"
                }
              ],
              "repaired": [
                false
              ]
            },
            {
              "attrs": [],
              "prefix": [],
              "oracles": [],
              "codes": [
                [
                  "{",
                  "    struct TestVisitor;",
                  "",
                  "    impl<'de> Visitor<'de> for TestVisitor {",
                  "        type Value = u32;",
                  "",
                  "        fn visit_u32<E>(self, _: u32) -> Result<Self::Value, E>",
                  "        where",
                  "            E: de::Error,",
                  "        {",
                  "            Err(E::custom(\"expected u32 type\"))",
                  "        }",
                  "",
                  "        fn visit_u64<E>(self, _: u64) -> Result<Self::Value, E>",
                  "        where",
                  "            E: de::Error,",
                  "        {",
                  "            Err(E::custom(\"expected u32 type\"))",
                  "        }",
                  "        ",
                  "        fn visit_unit<E>(self) -> Result<Self::Value, E> {",
                  "            Err(E::custom(\"expected u32 type\"))",
                  "        }",
                  "",
                  "        fn visit_none<E>(self) -> Result<Self::Value, E> {",
                  "            Err(E::custom(\"expected u32 type\"))",
                  "        }",
                  "",
                  "        // Implement other visitation methods if needed",
                  "    }",
                  "",
                  "    let deserializer = ContentDeserializer {",
                  "        content: Content::Unit,",
                  "        err: PhantomData,",
                  "    };",
                  "",
                  "    let result = deserializer.deserialize_u32(TestVisitor);",
                  "    assert!(result.is_err());",
                  "}"
                ]
              ],
              "can_compile": [
                {
                  "Err": "   Compiling proc-macro2 v1.0.95\n   Compiling syn v1.0.109\n   Compiling serde_derive v1.0.219 (/home/abezbm/rust-utgen-test-crates-new/serde/serde_derive)\n   Compiling serde v1.0.219 (/home/abezbm/rust-utgen-test-crates-new/serde/serde)\n   Compiling quote v1.0.40\n   Compiling syn v2.0.100\n   Compiling ntest_test_cases v0.9.3\n   Compiling ntest_timeout v0.9.3\n   Compiling ntest v0.9.3\nwarning: unused import: `ntest::timeout`\n    --> serde/src/private/de.rs:2362:8\n     |\n2362 |    use ntest::timeout;\n     |        ^^^^^^^^^^^^^^\n     |\n     = note: `#[warn(unused_imports)]` on by default\n\nerror[E0046]: not all trait items implemented, missing: `expecting`\n    --> serde/src/private/de.rs:2368:5\n     |\n2368 |     impl<'de> Visitor<'de> for TestVisitor {\n     |     ^^^^^^^^^^^^^^^^^^^^^^^^^^^^^^^^^^^^^^ missing `expecting` in implementation\n     |\n    ::: serde/src/de/mod.rs:1310:5\n     |\n1310 |     fn expecting(&self, formatter: &mut fmt::Formatter) -> fmt::Result;\n     |     ------------------------------------------------------------------- `expecting` from trait\n\nerror[E0282]: type annotations needed for `__private::de::content::ContentDeserializer<'_, _>`\n    --> serde/src/private/de.rs:2396:9\n     |\n2396 |     let deserializer = ContentDeserializer {\n     |         ^^^^^^^^^^^^\n2397 |         content: Content::Unit,\n2398 |         err: PhantomData,\n     |              ----------- type must be known at this point\n     |\nhelp: consider giving `deserializer` an explicit type, where the type for type parameter `T` is specified\n     |\n2396 |     let deserializer: __private::de::content::ContentDeserializer<'_, E> = ContentDeserializer {\n     |                     ++++++++++++++++++++++++++++++++++++++++++++++++++++\n\nerror[E0599]: no function or associated item named `custom` found for type parameter `E` in the current scope\n    --> serde/src/private/de.rs:2386:20\n     |\n2385 |         fn visit_unit<E>(self) -> Result<Self::Value, E> {\n     |                       - function or associated item `custom` not found for this type parameter\n2386 |             Err(E::custom(\"expected u32 type\"))\n     |                    ^^^^^^ function or associated item not found in `E`\n     |\n     = help: items from traits can only be used if the type parameter is bounded by the trait\nhelp: the following traits define an item `custom`, perhaps you need to restrict type parameter `E` with one of them:\n     |\n2385 |         fn visit_unit<E: de::Error>(self) -> Result<Self::Value, E> {\n     |                        +++++++++++\n2385 |         fn visit_unit<E: ser::Error>(self) -> Result<Self::Value, E> {\n     |                        ++++++++++++\n\nerror[E0599]: no function or associated item named `custom` found for type parameter `E` in the current scope\n    --> serde/src/private/de.rs:2390:20\n     |\n2389 |         fn visit_none<E>(self) -> Result<Self::Value, E> {\n     |                       - function or associated item `custom` not found for this type parameter\n2390 |             Err(E::custom(\"expected u32 type\"))\n     |                    ^^^^^^ function or associated item not found in `E`\n     |\n     = help: items from traits can only be used if the type parameter is bounded by the trait\nhelp: the following traits define an item `custom`, perhaps you need to restrict type parameter `E` with one of them:\n     |\n2389 |         fn visit_none<E: de::Error>(self) -> Result<Self::Value, E> {\n     |                        +++++++++++\n2389 |         fn visit_none<E: ser::Error>(self) -> Result<Self::Value, E> {\n     |                        ++++++++++++\n\nSome errors have detailed explanations: E0046, E0282, E0599.\nFor more information about an error, try `rustc --explain E0046`.\nwarning: `serde` (lib test) generated 1 warning\nerror: could not compile `serde` (lib test) due to 4 previous errors; 1 warning emitted\n"
                }
              ],
              "repaired": [
                false
              ]
            },
            {
              "attrs": [],
              "prefix": [],
              "oracles": [],
              "codes": [
                [
                  "{",
                  "    struct TestVisitor {",
                  "        value: Option<u32>,",
                  "    }",
                  "",
                  "    impl<'de> Visitor<'de> for TestVisitor {",
                  "        type Value = u32;",
                  "",
                  "        fn visit_u64<E>(self, value: u64) -> Result<Self::Value, E>",
                  "        where",
                  "            E: de::Error,",
                  "        {",
                  "            value.try_into().map_err(|_| E::custom(\"value out of range\"))",
                  "        }",
                  "",
                  "        // Implement required methods with no operation here to focus on the test",
                  "        fn visit_u32<E>(self, _: u32) -> Result<Self::Value, E>",
                  "        where",
                  "            E: de::Error,",
                  "        {",
                  "            Err(E::custom(\"expected u64\"))",
                  "        }",
                  "        ",
                  "        fn visit_none<E>(self) -> Result<Self::Value, E> {",
                  "            Err(E::custom(\"expected number but found none\"))",
                  "        }",
                  "",
                  "        // Implement other visitation methods if needed",
                  "    }",
                  "",
                  "    let deserializer = ContentDeserializer {",
                  "        content: Content::U64(500_000_000_000), // This value exceeds u32 max",
                  "        err: PhantomData,",
                  "    };",
                  "",
                  "    let result = deserializer.deserialize_u32(TestVisitor { value: None });",
                  "    assert!(result.is_err());",
                  "}"
                ]
              ],
              "can_compile": [
                {
                  "Err": "   Compiling proc-macro2 v1.0.95\n   Compiling syn v1.0.109\n   Compiling serde_derive v1.0.219 (/home/abezbm/rust-utgen-test-crates-new/serde/serde_derive)\n   Compiling serde v1.0.219 (/home/abezbm/rust-utgen-test-crates-new/serde/serde)\n   Compiling quote v1.0.40\n   Compiling syn v2.0.100\n   Compiling ntest_test_cases v0.9.3\n   Compiling ntest_timeout v0.9.3\n   Compiling ntest v0.9.3\nwarning: unused import: `ntest::timeout`\n    --> serde/src/private/de.rs:2362:8\n     |\n2362 |    use ntest::timeout;\n     |        ^^^^^^^^^^^^^^\n     |\n     = note: `#[warn(unused_imports)]` on by default\n\nerror[E0046]: not all trait items implemented, missing: `expecting`\n    --> serde/src/private/de.rs:2370:5\n     |\n2370 |     impl<'de> Visitor<'de> for TestVisitor {\n     |     ^^^^^^^^^^^^^^^^^^^^^^^^^^^^^^^^^^^^^^ missing `expecting` in implementation\n     |\n    ::: serde/src/de/mod.rs:1310:5\n     |\n1310 |     fn expecting(&self, formatter: &mut fmt::Formatter) -> fmt::Result;\n     |     ------------------------------------------------------------------- `expecting` from trait\n\nerror[E0282]: type annotations needed for `__private::de::content::ContentDeserializer<'_, _>`\n    --> serde/src/private/de.rs:2395:9\n     |\n2395 |     let deserializer = ContentDeserializer {\n     |         ^^^^^^^^^^^^\n2396 |         content: Content::U64(500_000_000_000), // This value exceeds u32 max\n2397 |         err: PhantomData,\n     |              ----------- type must be known at this point\n     |\nhelp: consider giving `deserializer` an explicit type, where the type for type parameter `T` is specified\n     |\n2395 |     let deserializer: __private::de::content::ContentDeserializer<'_, E> = ContentDeserializer {\n     |                     ++++++++++++++++++++++++++++++++++++++++++++++++++++\n\nerror[E0599]: no function or associated item named `custom` found for type parameter `E` in the current scope\n    --> serde/src/private/de.rs:2389:20\n     |\n2388 |         fn visit_none<E>(self) -> Result<Self::Value, E> {\n     |                       - function or associated item `custom` not found for this type parameter\n2389 |             Err(E::custom(\"expected number but found none\"))\n     |                    ^^^^^^ function or associated item not found in `E`\n     |\n     = help: items from traits can only be used if the type parameter is bounded by the trait\nhelp: the following traits define an item `custom`, perhaps you need to restrict type parameter `E` with one of them:\n     |\n2388 |         fn visit_none<E: de::Error>(self) -> Result<Self::Value, E> {\n     |                        +++++++++++\n2388 |         fn visit_none<E: ser::Error>(self) -> Result<Self::Value, E> {\n     |                        ++++++++++++\n\nSome errors have detailed explanations: E0046, E0282, E0599.\nFor more information about an error, try `rustc --explain E0046`.\nwarning: `serde` (lib test) generated 1 warning\nerror: could not compile `serde` (lib test) due to 3 previous errors; 1 warning emitted\n"
                }
              ],
              "repaired": [
                false
              ]
            }
          ]
        }
      ]
    }
  ]
}