{
  "name": "serde::__private::de::content::<__private::de::content::UntaggedUnitVisitor<'a> as de::Visitor<'de>>::visit_unit",
  "name_with_impl": "serde::__private::de::content::{impl#33}::visit_unit",
  "mod_info": {
    "name": "__private::de::content",
    "loc": "serde/src/private/de.rs:198:1:2358:2"
  },
  "visible": true,
  "loc": "serde/src/private/de.rs:2344:9:2349:10",
  "fn_tests": [
    {
      "chain_id": 1,
      "prompt_conds": [
        "// expected return value/type: Ok(())\n"
      ],
      "input_infer": "",
      "answers": [
        {
          "uses": [],
          "has_test_mod": false,
          "common": [],
          "chain_tests": [
            {
              "attrs": [],
              "prefix": [],
              "oracles": [],
              "codes": [
                [
                  "{",
                  "    struct TestVisitor;",
                  "",
                  "    impl<'de> Visitor<'de> for TestVisitor {",
                  "        type Value = ();",
                  "",
                  "        fn expecting(&self, _formatter: &mut std::fmt::Formatter) -> std::fmt::Result {",
                  "            Ok(())",
                  "        }",
                  "",
                  "        fn visit_unit<E>(self) -> Result<(), E>",
                  "        where",
                  "            E: de::Error,",
                  "        {",
                  "            Ok(())",
                  "        }",
                  "    }",
                  "",
                  "    let visitor = TestVisitor;",
                  "    let result: Result<(), ()> = visitor.visit_unit();",
                  "    assert_eq!(result, Ok(()));",
                  "}"
                ]
              ],
              "can_compile": [
                {
                  "Err": "   Compiling proc-macro2 v1.0.95\n   Compiling syn v1.0.109\n   Compiling serde_derive v1.0.219 (/home/abezbm/rust-utgen-test-crates-new/serde/serde_derive)\n   Compiling serde v1.0.219 (/home/abezbm/rust-utgen-test-crates-new/serde/serde)\n   Compiling quote v1.0.40\n   Compiling syn v2.0.100\n   Compiling ntest_timeout v0.9.3\n   Compiling ntest_test_cases v0.9.3\n   Compiling ntest v0.9.3\nwarning: unused import: `ntest::timeout`\n    --> serde/src/private/de.rs:2362:8\n     |\n2362 |    use ntest::timeout;\n     |        ^^^^^^^^^^^^^^\n     |\n     = note: `#[warn(unused_imports)]` on by default\n\nerror[E0277]: the trait bound `(): de::Error` is not satisfied\n    --> serde/src/private/de.rs:2384:42\n     |\n2384 |     let result: Result<(), ()> = visitor.visit_unit();\n     |                                          ^^^^^^^^^^ the trait `de::Error` is not implemented for `()`\n     |\n     = help: the trait `de::Error` is implemented for `value::Error`\nnote: required by a bound in `de::Visitor::visit_unit`\n    --> serde/src/de/mod.rs:1627:12\n     |\n1625 |     fn visit_unit<E>(self) -> Result<Self::Value, E>\n     |        ---------- required by a bound in this associated function\n1626 |     where\n1627 |         E: Error,\n     |            ^^^^^ required by this bound in `Visitor::visit_unit`\n\nFor more information about this error, try `rustc --explain E0277`.\nwarning: `serde` (lib test) generated 1 warning\nerror: could not compile `serde` (lib test) due to 1 previous error; 1 warning emitted\n"
                }
              ],
              "repaired": [
                false
              ]
            },
            {
              "attrs": [
                "#[should_panic]"
              ],
              "prefix": [],
              "oracles": [],
              "codes": [
                [
                  "{",
                  "    struct TestVisitor;",
                  "",
                  "    impl<'de> Visitor<'de> for TestVisitor {",
                  "        type Value = ();",
                  "",
                  "        fn expecting(&self, _formatter: &mut std::fmt::Formatter) -> std::fmt::Result {",
                  "            Ok(())",
                  "        }",
                  "",
                  "        fn visit_none<E>(self) -> Result<(), E>",
                  "        where",
                  "            E: de::Error,",
                  "        {",
                  "            panic!(\"This should panic\");",
                  "        }",
                  "    }",
                  "",
                  "    let visitor = TestVisitor;",
                  "    let _ = visitor.visit_none::<()>();",
                  "}"
                ]
              ],
              "can_compile": [
                {
                  "Err": "   Compiling proc-macro2 v1.0.95\n   Compiling syn v1.0.109\n   Compiling serde_derive v1.0.219 (/home/abezbm/rust-utgen-test-crates-new/serde/serde_derive)\n   Compiling serde v1.0.219 (/home/abezbm/rust-utgen-test-crates-new/serde/serde)\n   Compiling quote v1.0.40\n   Compiling syn v2.0.100\n   Compiling ntest_test_cases v0.9.3\n   Compiling ntest_timeout v0.9.3\n   Compiling ntest v0.9.3\nwarning: unused import: `ntest::timeout`\n    --> serde/src/private/de.rs:2362:8\n     |\n2362 |    use ntest::timeout;\n     |        ^^^^^^^^^^^^^^\n     |\n     = note: `#[warn(unused_imports)]` on by default\n\nerror[E0277]: the trait bound `(): de::Error` is not satisfied\n    --> serde/src/private/de.rs:2385:34\n     |\n2385 |     let _ = visitor.visit_none::<()>();\n     |                     ----------   ^^ the trait `de::Error` is not implemented for `()`\n     |                     |\n     |                     required by a bound introduced by this call\n     |\n     = help: the trait `de::Error` is implemented for `value::Error`\nnote: required by a bound in `de::Visitor::visit_none`\n    --> serde/src/de/mod.rs:1606:12\n     |\n1604 |     fn visit_none<E>(self) -> Result<Self::Value, E>\n     |        ---------- required by a bound in this associated function\n1605 |     where\n1606 |         E: Error,\n     |            ^^^^^ required by this bound in `Visitor::visit_none`\n\nFor more information about this error, try `rustc --explain E0277`.\nwarning: `serde` (lib test) generated 1 warning\nerror: could not compile `serde` (lib test) due to 1 previous error; 1 warning emitted\n"
                }
              ],
              "repaired": [
                false
              ]
            }
          ]
        }
      ]
    }
  ]
}