{
  "name": "indexmap::set::iter::set::iter::Drain<'a, T>::new",
  "name_with_impl": "indexmap::set::iter::{impl#17}::new",
  "mod_info": {
    "name": "set::iter",
    "loc": "src/set.rs:3:1:3:10"
  },
  "visible": false,
  "loc": "src/set/iter.rs:151:5:153:6",
  "fn_tests": [
    {
      "chain_id": 0,
      "prompt_conds": [],
      "input_infer": "",
      "answers": [
        {
          "uses": [
            "use std::vec;"
          ],
          "has_test_mod": false,
          "common": [],
          "chain_tests": [
            {
              "attrs": [],
              "prefix": [],
              "oracles": [],
              "codes": [
                [
                  "{",
                  "    use std::vec;",
                  "",
                  "    struct Bucket<T> {",
                  "        items: Vec<T>,",
                  "    }",
                  "",
                  "    struct Iter<T> {",
                  "        iter: vec::Drain<'static, Bucket<T>>,",
                  "    }",
                  "",
                  "    impl<T> Iter<T> {",
                  "        pub(super) fn new(iter: vec::Drain<'static, Bucket<T>>) -> Self {",
                  "            Self { iter }",
                  "        }",
                  "    }",
                  "",
                  "    let mut bucket = Bucket { items: vec![1, 2, 3] };",
                  "    let drain = bucket.items.drain(..);",
                  "    let iter = Iter::new(drain);",
                  "",
                  "    assert!(iter.iter.as_mut().next().is_some());",
                  "}"
                ]
              ],
              "can_compile": [
                {
                  "Err": "   Compiling libc v0.2.172\n   Compiling proc-macro2 v1.0.95\n   Compiling getrandom v0.3.2\n   Compiling zerocopy v0.8.25\n   Compiling syn v1.0.109\n   Compiling quote v1.0.40\n   Compiling syn v2.0.101\n   Compiling getrandom v0.2.16\n   Compiling rand_core v0.6.4\n   Compiling rand_core v0.9.3\n   Compiling rand v0.8.5\n   Compiling quickcheck v1.0.3\n   Compiling ppv-lite86 v0.2.21\n   Compiling rand_chacha v0.9.0\n   Compiling rand v0.9.1\n   Compiling serde_derive v1.0.219\n   Compiling ntest_test_cases v0.9.3\n   Compiling ntest_timeout v0.9.3\n   Compiling ntest v0.9.3\n   Compiling indexmap v2.9.0 (/home/abezbm/rust-utgen-test-crates-new/indexmap)\nwarning: unused import: `super::*`\n   --> src/map/slice.rs:520:9\n    |\n520 |     use super::*;\n    |         ^^^^^^^^\n    |\n    = note: `#[warn(unused_imports)]` on by default\n\nwarning: unused import: `super::*`\n --> src/map/tests.rs:1:5\n  |\n1 | use super::*;\n  |     ^^^^^^^^\n\nwarning: unused import: `std::string::String`\n --> src/map/tests.rs:2:5\n  |\n2 | use std::string::String;\n  |     ^^^^^^^^^^^^^^^^^^^\n\nwarning: unused macro definition: `move_index_oob`\n   --> src/map/tests.rs:817:14\n    |\n817 | macro_rules! move_index_oob {\n    |              ^^^^^^^^^^^^^^\n    |\n    = note: `#[warn(unused_macros)]` on by default\n\nwarning: unused import: `ntest::timeout`\n   --> src/set/iter.rs:632:8\n    |\n632 |    use ntest::timeout;\n    |        ^^^^^^^^^^^^^^\n\nwarning: unused import: `super::*`\n   --> src/set/slice.rs:334:9\n    |\n334 |     use super::*;\n    |         ^^^^^^^^\n\nwarning: unused import: `super::*`\n --> src/set/tests.rs:1:5\n  |\n1 | use super::*;\n  |     ^^^^^^^^\n\nwarning: unused import: `std::string::String`\n --> src/set/tests.rs:2:5\n  |\n2 | use std::string::String;\n  |     ^^^^^^^^^^^^^^^^^^^\n\nerror[E0310]: the parameter type `T` may not live long enough\n   --> src/set/iter.rs:643:15\n    |\n643 |         iter: vec::Drain<'static, Bucket<T>>,\n    |               ^^^^^^^^^^^^^^^^^^^^^^^^^^^^^^\n    |               |\n    |               the parameter type `T` must be valid for the static lifetime...\n    |               ...so that the type `llmtests::test_new_00::Bucket<T>` will meet its required lifetime bounds...\n    |\nnote: ...that is required by this bound\n   --> /home/abezbm/.rustup/toolchains/nightly-2024-07-21-x86_64-unknown-linux-gnu/lib/rustlib/src/rust/library/alloc/src/vec/drain.rs:24:8\n    |\n24  |     T: 'a,\n    |        ^^\nhelp: consider adding an explicit lifetime bound\n    |\n642 |     struct Iter<T: 'static> {\n    |                  +++++++++\n\nerror[E0308]: mismatched types\n   --> src/set/iter.rs:654:26\n    |\n654 |     let iter = Iter::new(drain);\n    |                --------- ^^^^^ expected `Drain<'_, Bucket<_>>`, found `Drain<'_, {integer}>`\n    |                |\n    |                arguments to this function are incorrect\n    |\n    = note: expected struct `std::vec::Drain<'static, llmtests::test_new_00::Bucket<_>, _>`\n               found struct `std::vec::Drain<'_, {integer}, _>`\nnote: associated function defined here\n   --> src/set/iter.rs:647:23\n    |\n647 |         pub(super) fn new(iter: vec::Drain<'static, Bucket<T>>) -> Self {\n    |                       ^^^ ------------------------------------\n\nerror[E0599]: no method named `as_mut` found for struct `std::vec::Drain` in the current scope\n   --> src/set/iter.rs:656:23\n    |\n656 |     assert!(iter.iter.as_mut().next().is_some());\n    |                       ^^^^^^ method not found in `Drain<'static, Bucket<_>>`\n    |\n   ::: /home/abezbm/.rustup/toolchains/nightly-2024-07-21-x86_64-unknown-linux-gnu/lib/rustlib/src/rust/library/core/src/convert/mod.rs:372:8\n    |\n372 |     fn as_mut(&mut self) -> &mut T;\n    |        ------\n    |        |\n    |        the method is available for `Box<std::vec::Drain<'static, llmtests::test_new_00::Bucket<_>>>` here\n    |        the method is available for `Box<&mut std::vec::Drain<'static, llmtests::test_new_00::Bucket<_>>>` here\n    |        the method is available for `Box<&std::vec::Drain<'static, llmtests::test_new_00::Bucket<_>>>` here\n    |\nhelp: consider wrapping the receiver expression with the appropriate type\n    |\n656 |     assert!(Box::new(iter.iter).as_mut().next().is_some());\n    |             +++++++++         +\nhelp: consider wrapping the receiver expression with the appropriate type\n    |\n656 |     assert!(Box::new(&mut iter.iter).as_mut().next().is_some());\n    |             +++++++++++++          +\nhelp: consider wrapping the receiver expression with the appropriate type\n    |\n656 |     assert!(Box::new(&iter.iter).as_mut().next().is_some());\n    |             ++++++++++         +\n\nSome errors have detailed explanations: E0308, E0310, E0599.\nFor more information about an error, try `rustc --explain E0308`.\nwarning: `indexmap` (lib test) generated 8 warnings\nerror: could not compile `indexmap` (lib test) due to 3 previous errors; 8 warnings emitted\n"
                }
              ],
              "repaired": [
                false
              ]
            },
            {
              "attrs": [],
              "prefix": [],
              "oracles": [],
              "codes": [
                [
                  "{",
                  "    use std::vec;",
                  "",
                  "    struct Bucket<T> {",
                  "        items: Vec<T>,",
                  "    }",
                  "",
                  "    struct Iter<T> {",
                  "        iter: vec::Drain<'static, Bucket<T>>,",
                  "    }",
                  "",
                  "    impl<T> Iter<T> {",
                  "        pub(super) fn new(iter: vec::Drain<'static, Bucket<T>>) -> Self {",
                  "            Self { iter }",
                  "        }",
                  "    }",
                  "",
                  "    let mut bucket = Bucket { items: Vec::new() };",
                  "    let drain = bucket.items.drain(..);",
                  "    let iter = Iter::new(drain);",
                  "    ",
                  "    assert!(iter.iter.as_mut().next().is_none());",
                  "}"
                ]
              ],
              "can_compile": [
                {
                  "Err": "   Compiling libc v0.2.172\n   Compiling proc-macro2 v1.0.95\n   Compiling syn v1.0.109\n   Compiling zerocopy v0.8.25\n   Compiling getrandom v0.3.2\n   Compiling quote v1.0.40\n   Compiling syn v2.0.101\n   Compiling getrandom v0.2.16\n   Compiling rand_core v0.6.4\n   Compiling rand_core v0.9.3\n   Compiling rand v0.8.5\n   Compiling quickcheck v1.0.3\n   Compiling ppv-lite86 v0.2.21\n   Compiling rand_chacha v0.9.0\n   Compiling rand v0.9.1\n   Compiling serde_derive v1.0.219\n   Compiling ntest_timeout v0.9.3\n   Compiling ntest_test_cases v0.9.3\n   Compiling ntest v0.9.3\n   Compiling indexmap v2.9.0 (/home/abezbm/rust-utgen-test-crates-new/indexmap)\nwarning: unused import: `super::*`\n   --> src/map/slice.rs:520:9\n    |\n520 |     use super::*;\n    |         ^^^^^^^^\n    |\n    = note: `#[warn(unused_imports)]` on by default\n\nwarning: unused import: `super::*`\n --> src/map/tests.rs:1:5\n  |\n1 | use super::*;\n  |     ^^^^^^^^\n\nwarning: unused import: `std::string::String`\n --> src/map/tests.rs:2:5\n  |\n2 | use std::string::String;\n  |     ^^^^^^^^^^^^^^^^^^^\n\nwarning: unused macro definition: `move_index_oob`\n   --> src/map/tests.rs:817:14\n    |\n817 | macro_rules! move_index_oob {\n    |              ^^^^^^^^^^^^^^\n    |\n    = note: `#[warn(unused_macros)]` on by default\n\nwarning: unused import: `ntest::timeout`\n   --> src/set/iter.rs:632:8\n    |\n632 |    use ntest::timeout;\n    |        ^^^^^^^^^^^^^^\n\nwarning: unused import: `super::*`\n   --> src/set/slice.rs:334:9\n    |\n334 |     use super::*;\n    |         ^^^^^^^^\n\nwarning: unused import: `super::*`\n --> src/set/tests.rs:1:5\n  |\n1 | use super::*;\n  |     ^^^^^^^^\n\nwarning: unused import: `std::string::String`\n --> src/set/tests.rs:2:5\n  |\n2 | use std::string::String;\n  |     ^^^^^^^^^^^^^^^^^^^\n\nerror[E0310]: the parameter type `T` may not live long enough\n   --> src/set/iter.rs:643:15\n    |\n643 |         iter: vec::Drain<'static, Bucket<T>>,\n    |               ^^^^^^^^^^^^^^^^^^^^^^^^^^^^^^\n    |               |\n    |               the parameter type `T` must be valid for the static lifetime...\n    |               ...so that the type `llmtests::test_new_01::Bucket<T>` will meet its required lifetime bounds...\n    |\nnote: ...that is required by this bound\n   --> /home/abezbm/.rustup/toolchains/nightly-2024-07-21-x86_64-unknown-linux-gnu/lib/rustlib/src/rust/library/alloc/src/vec/drain.rs:24:8\n    |\n24  |     T: 'a,\n    |        ^^\nhelp: consider adding an explicit lifetime bound\n    |\n642 |     struct Iter<T: 'static> {\n    |                  +++++++++\n\nerror[E0599]: no method named `as_mut` found for struct `std::vec::Drain` in the current scope\n   --> src/set/iter.rs:656:23\n    |\n656 |     assert!(iter.iter.as_mut().next().is_none());\n    |                       ^^^^^^ method not found in `Drain<'static, Bucket<_>>`\n    |\n   ::: /home/abezbm/.rustup/toolchains/nightly-2024-07-21-x86_64-unknown-linux-gnu/lib/rustlib/src/rust/library/core/src/convert/mod.rs:372:8\n    |\n372 |     fn as_mut(&mut self) -> &mut T;\n    |        ------\n    |        |\n    |        the method is available for `Box<std::vec::Drain<'static, llmtests::test_new_01::Bucket<_>>>` here\n    |        the method is available for `Box<&mut std::vec::Drain<'static, llmtests::test_new_01::Bucket<_>>>` here\n    |        the method is available for `Box<&std::vec::Drain<'static, llmtests::test_new_01::Bucket<_>>>` here\n    |\nhelp: consider wrapping the receiver expression with the appropriate type\n    |\n656 |     assert!(Box::new(iter.iter).as_mut().next().is_none());\n    |             +++++++++         +\nhelp: consider wrapping the receiver expression with the appropriate type\n    |\n656 |     assert!(Box::new(&mut iter.iter).as_mut().next().is_none());\n    |             +++++++++++++          +\nhelp: consider wrapping the receiver expression with the appropriate type\n    |\n656 |     assert!(Box::new(&iter.iter).as_mut().next().is_none());\n    |             ++++++++++         +\n\nSome errors have detailed explanations: E0310, E0599.\nFor more information about an error, try `rustc --explain E0310`.\nwarning: `indexmap` (lib test) generated 8 warnings\nerror: could not compile `indexmap` (lib test) due to 2 previous errors; 8 warnings emitted\n"
                }
              ],
              "repaired": [
                false
              ]
            }
          ]
        }
      ]
    }
  ]
}