{
  "name": "indexmap::set::set::IndexSet<T, S>::insert_full",
  "name_with_impl": "indexmap::set::{impl#5}::insert_full",
  "mod_info": {
    "name": "set",
    "loc": "src/lib.rs:123:1:123:13"
  },
  "visible": true,
  "loc": "src/set.rs:357:5:360:6",
  "fn_tests": [
    {
      "chain_id": 0,
      "prompt_conds": [],
      "input_infer": "",
      "answers": [
        {
          "uses": [],
          "has_test_mod": false,
          "common": [
            "#[derive(Default)]",
            "struct Set<T: Eq + std::hash::Hash> {",
            "    map: std::collections::HashMap<T, ()>,",
            "}",
            "",
            "impl<T: Eq + std::hash::Hash> Set<T> {",
            "    pub fn insert_full(&mut self, value: T) -> (usize, bool) {",
            "        let (index, existing) = self.map.insert_full(value, ());",
            "        (index, existing.is_none())",
            "    }",
            "}",
            "",
            "// Test functions"
          ],
          "chain_tests": [
            {
              "attrs": [],
              "prefix": [],
              "oracles": [],
              "codes": [
                [
                  "{",
                  "    let mut set: Set<i32> = Set::default();",
                  "    let (index, inserted) = set.insert_full(42);",
                  "    assert_eq!(index, 0);",
                  "    assert!(inserted);",
                  "}"
                ]
              ],
              "can_compile": [
                {
                  "Err": "   Compiling libc v0.2.172\n   Compiling proc-macro2 v1.0.95\n   Compiling syn v1.0.109\n   Compiling zerocopy v0.8.25\n   Compiling getrandom v0.3.2\n   Compiling quote v1.0.40\n   Compiling syn v2.0.101\n   Compiling getrandom v0.2.16\n   Compiling rand_core v0.6.4\n   Compiling rand_core v0.9.3\n   Compiling rand v0.8.5\n   Compiling quickcheck v1.0.3\n   Compiling ppv-lite86 v0.2.21\n   Compiling rand_chacha v0.9.0\n   Compiling rand v0.9.1\n   Compiling serde_derive v1.0.219\n   Compiling ntest_test_cases v0.9.3\n   Compiling ntest_timeout v0.9.3\n   Compiling ntest v0.9.3\n   Compiling indexmap v2.9.0 (/home/abezbm/rust-utgen-test-crates-new/indexmap)\nwarning: unused import: `super::*`\n   --> src/map/slice.rs:520:9\n    |\n520 |     use super::*;\n    |         ^^^^^^^^\n    |\n    = note: `#[warn(unused_imports)]` on by default\n\nwarning: unused import: `super::*`\n --> src/map/tests.rs:1:5\n  |\n1 | use super::*;\n  |     ^^^^^^^^\n\nwarning: unused import: `std::string::String`\n --> src/map/tests.rs:2:5\n  |\n2 | use std::string::String;\n  |     ^^^^^^^^^^^^^^^^^^^\n\nwarning: unused macro definition: `move_index_oob`\n   --> src/map/tests.rs:817:14\n    |\n817 | macro_rules! move_index_oob {\n    |              ^^^^^^^^^^^^^^\n    |\n    = note: `#[warn(unused_macros)]` on by default\n\nwarning: unused import: `super::*`\n   --> src/set/slice.rs:334:9\n    |\n334 |     use super::*;\n    |         ^^^^^^^^\n\nwarning: unused import: `super::*`\n --> src/set/tests.rs:1:5\n  |\n1 | use super::*;\n  |     ^^^^^^^^\n\nwarning: unused import: `std::string::String`\n --> src/set/tests.rs:2:5\n  |\n2 | use std::string::String;\n  |     ^^^^^^^^^^^^^^^^^^^\n\nwarning: unused import: `super::*`\n    --> src/set.rs:1304:8\n     |\n1304 |    use super::*;\n     |        ^^^^^^^^\n\nwarning: unused import: `ntest::timeout`\n    --> src/set.rs:1305:8\n     |\n1305 |    use ntest::timeout;\n     |        ^^^^^^^^^^^^^^\n\nerror[E0599]: no method named `insert_full` found for struct `std::collections::HashMap` in the current scope\n    --> src/set.rs:1313:42\n     |\n1313 |         let (index, existing) = self.map.insert_full(value, ());\n     |                                          ^^^^^^^^^^^\n     |\nhelp: there is a method `insert` with a similar name\n     |\n1313 |         let (index, existing) = self.map.insert(value, ());\n     |                                          ~~~~~~\n\nFor more information about this error, try `rustc --explain E0599`.\nwarning: `indexmap` (lib test) generated 9 warnings\nerror: could not compile `indexmap` (lib test) due to 1 previous error; 9 warnings emitted\n"
                }
              ],
              "repaired": [
                false
              ]
            },
            {
              "attrs": [],
              "prefix": [],
              "oracles": [],
              "codes": [
                [
                  "{",
                  "    let mut set: Set<i32> = Set::default();",
                  "    let (index_first, _) = set.insert_full(42);",
                  "    let (index_second, inserted) = set.insert_full(42);",
                  "    assert_eq!(index_first, 0);",
                  "    assert_eq!(index_second, 0);",
                  "    assert!(!inserted);",
                  "}"
                ]
              ],
              "can_compile": [
                {
                  "Err": "   Compiling libc v0.2.172\n   Compiling proc-macro2 v1.0.95\n   Compiling zerocopy v0.8.25\n   Compiling getrandom v0.3.2\n   Compiling syn v1.0.109\n   Compiling quote v1.0.40\n   Compiling syn v2.0.101\n   Compiling getrandom v0.2.16\n   Compiling rand_core v0.6.4\n   Compiling rand_core v0.9.3\n   Compiling rand v0.8.5\n   Compiling quickcheck v1.0.3\n   Compiling ppv-lite86 v0.2.21\n   Compiling rand_chacha v0.9.0\n   Compiling rand v0.9.1\n   Compiling serde_derive v1.0.219\n   Compiling ntest_timeout v0.9.3\n   Compiling ntest_test_cases v0.9.3\n   Compiling ntest v0.9.3\n   Compiling indexmap v2.9.0 (/home/abezbm/rust-utgen-test-crates-new/indexmap)\nwarning: unused import: `super::*`\n   --> src/map/slice.rs:520:9\n    |\n520 |     use super::*;\n    |         ^^^^^^^^\n    |\n    = note: `#[warn(unused_imports)]` on by default\n\nwarning: unused import: `super::*`\n --> src/map/tests.rs:1:5\n  |\n1 | use super::*;\n  |     ^^^^^^^^\n\nwarning: unused import: `std::string::String`\n --> src/map/tests.rs:2:5\n  |\n2 | use std::string::String;\n  |     ^^^^^^^^^^^^^^^^^^^\n\nwarning: unused macro definition: `move_index_oob`\n   --> src/map/tests.rs:817:14\n    |\n817 | macro_rules! move_index_oob {\n    |              ^^^^^^^^^^^^^^\n    |\n    = note: `#[warn(unused_macros)]` on by default\n\nwarning: unused import: `super::*`\n   --> src/set/slice.rs:334:9\n    |\n334 |     use super::*;\n    |         ^^^^^^^^\n\nwarning: unused import: `super::*`\n --> src/set/tests.rs:1:5\n  |\n1 | use super::*;\n  |     ^^^^^^^^\n\nwarning: unused import: `std::string::String`\n --> src/set/tests.rs:2:5\n  |\n2 | use std::string::String;\n  |     ^^^^^^^^^^^^^^^^^^^\n\nwarning: unused import: `super::*`\n    --> src/set.rs:1304:8\n     |\n1304 |    use super::*;\n     |        ^^^^^^^^\n\nwarning: unused import: `ntest::timeout`\n    --> src/set.rs:1305:8\n     |\n1305 |    use ntest::timeout;\n     |        ^^^^^^^^^^^^^^\n\nerror[E0599]: no method named `insert_full` found for struct `std::collections::HashMap` in the current scope\n    --> src/set.rs:1313:42\n     |\n1313 |         let (index, existing) = self.map.insert_full(value, ());\n     |                                          ^^^^^^^^^^^\n     |\nhelp: there is a method `insert` with a similar name\n     |\n1313 |         let (index, existing) = self.map.insert(value, ());\n     |                                          ~~~~~~\n\nFor more information about this error, try `rustc --explain E0599`.\nwarning: `indexmap` (lib test) generated 9 warnings\nerror: could not compile `indexmap` (lib test) due to 1 previous error; 9 warnings emitted\n"
                }
              ],
              "repaired": [
                false
              ]
            },
            {
              "attrs": [],
              "prefix": [],
              "oracles": [],
              "codes": [
                [
                  "{",
                  "    let mut set: Set<i32> = Set::default();",
                  "    let (index_first, _) = set.insert_full(10);",
                  "    let (index_second, _) = set.insert_full(20);",
                  "    let (index_third, inserted) = set.insert_full(10);",
                  "    ",
                  "    assert_eq!(index_first, 0);",
                  "    assert_eq!(index_second, 1);",
                  "    assert_eq!(index_third, 0);",
                  "    assert!(!inserted);",
                  "}"
                ]
              ],
              "can_compile": [
                {
                  "Err": "   Compiling libc v0.2.172\n   Compiling proc-macro2 v1.0.95\n   Compiling syn v1.0.109\n   Compiling getrandom v0.3.2\n   Compiling zerocopy v0.8.25\n   Compiling quote v1.0.40\n   Compiling syn v2.0.101\n   Compiling getrandom v0.2.16\n   Compiling rand_core v0.6.4\n   Compiling rand_core v0.9.3\n   Compiling rand v0.8.5\n   Compiling quickcheck v1.0.3\n   Compiling ppv-lite86 v0.2.21\n   Compiling rand_chacha v0.9.0\n   Compiling rand v0.9.1\n   Compiling serde_derive v1.0.219\n   Compiling ntest_timeout v0.9.3\n   Compiling ntest_test_cases v0.9.3\n   Compiling ntest v0.9.3\n   Compiling indexmap v2.9.0 (/home/abezbm/rust-utgen-test-crates-new/indexmap)\nwarning: unused import: `super::*`\n   --> src/map/slice.rs:520:9\n    |\n520 |     use super::*;\n    |         ^^^^^^^^\n    |\n    = note: `#[warn(unused_imports)]` on by default\n\nwarning: unused import: `super::*`\n --> src/map/tests.rs:1:5\n  |\n1 | use super::*;\n  |     ^^^^^^^^\n\nwarning: unused import: `std::string::String`\n --> src/map/tests.rs:2:5\n  |\n2 | use std::string::String;\n  |     ^^^^^^^^^^^^^^^^^^^\n\nwarning: unused macro definition: `move_index_oob`\n   --> src/map/tests.rs:817:14\n    |\n817 | macro_rules! move_index_oob {\n    |              ^^^^^^^^^^^^^^\n    |\n    = note: `#[warn(unused_macros)]` on by default\n\nwarning: unused import: `super::*`\n   --> src/set/slice.rs:334:9\n    |\n334 |     use super::*;\n    |         ^^^^^^^^\n\nwarning: unused import: `super::*`\n --> src/set/tests.rs:1:5\n  |\n1 | use super::*;\n  |     ^^^^^^^^\n\nwarning: unused import: `std::string::String`\n --> src/set/tests.rs:2:5\n  |\n2 | use std::string::String;\n  |     ^^^^^^^^^^^^^^^^^^^\n\nwarning: unused import: `super::*`\n    --> src/set.rs:1304:8\n     |\n1304 |    use super::*;\n     |        ^^^^^^^^\n\nwarning: unused import: `ntest::timeout`\n    --> src/set.rs:1305:8\n     |\n1305 |    use ntest::timeout;\n     |        ^^^^^^^^^^^^^^\n\nerror[E0599]: no method named `insert_full` found for struct `std::collections::HashMap` in the current scope\n    --> src/set.rs:1313:42\n     |\n1313 |         let (index, existing) = self.map.insert_full(value, ());\n     |                                          ^^^^^^^^^^^\n     |\nhelp: there is a method `insert` with a similar name\n     |\n1313 |         let (index, existing) = self.map.insert(value, ());\n     |                                          ~~~~~~\n\nFor more information about this error, try `rustc --explain E0599`.\nwarning: `indexmap` (lib test) generated 9 warnings\nerror: could not compile `indexmap` (lib test) due to 1 previous error; 9 warnings emitted\n"
                }
              ],
              "repaired": [
                false
              ]
            }
          ]
        }
      ]
    }
  ]
}