{
  "name": "indexmap::map::iter::map::iter::IntoIter<K, V>::as_slice",
  "name_with_impl": "indexmap::map::iter::{impl#25}::as_slice",
  "mod_info": {
    "name": "map::iter",
    "loc": "src/map.rs:5:1:5:10"
  },
  "visible": true,
  "loc": "src/map/iter.rs:237:5:239:6",
  "fn_tests": [
    {
      "chain_id": 0,
      "prompt_conds": [],
      "input_infer": "",
      "answers": [
        {
          "uses": [],
          "has_test_mod": false,
          "common": [],
          "chain_tests": [
            {
              "attrs": [],
              "prefix": [],
              "oracles": [],
              "codes": [
                [
                  "{",
                  "    struct TestMap {",
                  "        iter: Vec<(i32, &str)>,",
                  "    }",
                  "",
                  "    impl TestMap {",
                  "        fn as_slice(&self) -> &[(i32, &str)] {",
                  "            &self.iter",
                  "        }",
                  "    }",
                  "",
                  "    let map = TestMap {",
                  "        iter: vec![(1, \"a\"), (2, \"b\"), (3, \"c\")],",
                  "    };",
                  "",
                  "    let slice = map.as_slice();",
                  "    assert_eq!(slice.len(), 3);",
                  "    assert_eq!(slice[0], (1, \"a\"));",
                  "    assert_eq!(slice[1], (2, \"b\"));",
                  "    assert_eq!(slice[2], (3, \"c\"));",
                  "}"
                ]
              ],
              "can_compile": [
                {
                  "Err": "   Compiling libc v0.2.172\n   Compiling proc-macro2 v1.0.95\n   Compiling syn v1.0.109\n   Compiling getrandom v0.3.2\n   Compiling zerocopy v0.8.25\n   Compiling quote v1.0.40\n   Compiling syn v2.0.101\n   Compiling getrandom v0.2.16\n   Compiling rand_core v0.6.4\n   Compiling rand_core v0.9.3\n   Compiling rand v0.8.5\n   Compiling quickcheck v1.0.3\n   Compiling ppv-lite86 v0.2.21\n   Compiling rand_chacha v0.9.0\n   Compiling rand v0.9.1\n   Compiling serde_derive v1.0.219\n   Compiling ntest_test_cases v0.9.3\n   Compiling ntest_timeout v0.9.3\n   Compiling ntest v0.9.3\n   Compiling indexmap v2.9.0 (/home/abezbm/rust-utgen-test-crates-new/indexmap)\nerror[E0106]: missing lifetime specifier\n   --> src/map/iter.rs:785:25\n    |\n785 |         iter: Vec<(i32, &str)>,\n    |                         ^ expected named lifetime parameter\n    |\nhelp: consider introducing a named lifetime parameter\n    |\n784 ~     struct TestMap<'a> {\n785 ~         iter: Vec<(i32, &'a str)>,\n    |\n\nwarning: unused import: `ntest::timeout`\n   --> src/map/iter.rs:780:8\n    |\n780 |    use ntest::timeout;\n    |        ^^^^^^^^^^^^^^\n    |\n    = note: `#[warn(unused_imports)]` on by default\n\nwarning: unused import: `super::*`\n   --> src/map/slice.rs:520:9\n    |\n520 |     use super::*;\n    |         ^^^^^^^^\n\nwarning: unused import: `super::*`\n --> src/map/tests.rs:1:5\n  |\n1 | use super::*;\n  |     ^^^^^^^^\n\nwarning: unused import: `std::string::String`\n --> src/map/tests.rs:2:5\n  |\n2 | use std::string::String;\n  |     ^^^^^^^^^^^^^^^^^^^\n\nwarning: unused macro definition: `move_index_oob`\n   --> src/map/tests.rs:817:14\n    |\n817 | macro_rules! move_index_oob {\n    |              ^^^^^^^^^^^^^^\n    |\n    = note: `#[warn(unused_macros)]` on by default\n\nwarning: unused import: `super::*`\n   --> src/set/slice.rs:334:9\n    |\n334 |     use super::*;\n    |         ^^^^^^^^\n\nwarning: unused import: `super::*`\n --> src/set/tests.rs:1:5\n  |\n1 | use super::*;\n  |     ^^^^^^^^\n\nwarning: unused import: `std::string::String`\n --> src/set/tests.rs:2:5\n  |\n2 | use std::string::String;\n  |     ^^^^^^^^^^^^^^^^^^^\n\nFor more information about this error, try `rustc --explain E0106`.\nwarning: `indexmap` (lib test) generated 8 warnings\nerror: could not compile `indexmap` (lib test) due to 1 previous error; 8 warnings emitted\n"
                }
              ],
              "repaired": [
                false
              ]
            },
            {
              "attrs": [],
              "prefix": [],
              "oracles": [],
              "codes": [
                [
                  "{",
                  "    struct TestMap {",
                  "        iter: Vec<(i32, &str)>,",
                  "    }",
                  "",
                  "    impl TestMap {",
                  "        fn as_slice(&self) -> &[(i32, &str)] {",
                  "            &self.iter",
                  "        }",
                  "    }",
                  "",
                  "    let map = TestMap {",
                  "        iter: vec![],",
                  "    };",
                  "",
                  "    let slice = map.as_slice();",
                  "    assert_eq!(slice.len(), 0);",
                  "}"
                ]
              ],
              "can_compile": [
                {
                  "Err": "   Compiling libc v0.2.172\n   Compiling proc-macro2 v1.0.95\n   Compiling getrandom v0.3.2\n   Compiling zerocopy v0.8.25\n   Compiling syn v1.0.109\n   Compiling quote v1.0.40\n   Compiling syn v2.0.101\n   Compiling getrandom v0.2.16\n   Compiling rand_core v0.6.4\n   Compiling rand_core v0.9.3\n   Compiling rand v0.8.5\n   Compiling quickcheck v1.0.3\n   Compiling ppv-lite86 v0.2.21\n   Compiling rand_chacha v0.9.0\n   Compiling rand v0.9.1\n   Compiling serde_derive v1.0.219\n   Compiling ntest_test_cases v0.9.3\n   Compiling ntest_timeout v0.9.3\n   Compiling ntest v0.9.3\n   Compiling indexmap v2.9.0 (/home/abezbm/rust-utgen-test-crates-new/indexmap)\nerror[E0106]: missing lifetime specifier\n   --> src/map/iter.rs:785:25\n    |\n785 |         iter: Vec<(i32, &str)>,\n    |                         ^ expected named lifetime parameter\n    |\nhelp: consider introducing a named lifetime parameter\n    |\n784 ~     struct TestMap<'a> {\n785 ~         iter: Vec<(i32, &'a str)>,\n    |\n\nwarning: unused import: `ntest::timeout`\n   --> src/map/iter.rs:780:8\n    |\n780 |    use ntest::timeout;\n    |        ^^^^^^^^^^^^^^\n    |\n    = note: `#[warn(unused_imports)]` on by default\n\nwarning: unused import: `super::*`\n   --> src/map/slice.rs:520:9\n    |\n520 |     use super::*;\n    |         ^^^^^^^^\n\nwarning: unused import: `super::*`\n --> src/map/tests.rs:1:5\n  |\n1 | use super::*;\n  |     ^^^^^^^^\n\nwarning: unused import: `std::string::String`\n --> src/map/tests.rs:2:5\n  |\n2 | use std::string::String;\n  |     ^^^^^^^^^^^^^^^^^^^\n\nwarning: unused macro definition: `move_index_oob`\n   --> src/map/tests.rs:817:14\n    |\n817 | macro_rules! move_index_oob {\n    |              ^^^^^^^^^^^^^^\n    |\n    = note: `#[warn(unused_macros)]` on by default\n\nwarning: unused import: `super::*`\n   --> src/set/slice.rs:334:9\n    |\n334 |     use super::*;\n    |         ^^^^^^^^\n\nwarning: unused import: `super::*`\n --> src/set/tests.rs:1:5\n  |\n1 | use super::*;\n  |     ^^^^^^^^\n\nwarning: unused import: `std::string::String`\n --> src/set/tests.rs:2:5\n  |\n2 | use std::string::String;\n  |     ^^^^^^^^^^^^^^^^^^^\n\nFor more information about this error, try `rustc --explain E0106`.\nwarning: `indexmap` (lib test) generated 8 warnings\nerror: could not compile `indexmap` (lib test) due to 1 previous error; 8 warnings emitted\n"
                }
              ],
              "repaired": [
                false
              ]
            }
          ]
        }
      ]
    }
  ]
}