{
  "name": "rand_chacha::guts::guts::ChaCha::refill4",
  "name_with_impl": "rand_chacha::guts::{impl#0}::refill4",
  "mod_info": {
    "name": "guts",
    "loc": "rand_chacha/src/lib.rs:97:1:97:10"
  },
  "visible": true,
  "loc": "rand_chacha/src/guts.rs:80:5:82:6",
  "fn_tests": [
    {
      "chain_id": 1,
      "prompt_conds": [],
      "input_infer": "",
      "answers": [
        {
          "uses": [],
          "has_test_mod": false,
          "common": [
            "#[should_panic]",
            "fn test_refill4_invalid_out_size() {",
            "    let key: [u8; 32] = [3; 32];",
            "    let nonce: &[u8] = &[3; 12];",
            "    let mut state = ChaCha::new(&key, nonce);",
            "    let mut output = [0u32; BUFSZ + 1]; // Incorrect size to trigger panic",
            "",
            "    state.refill4(10, &mut output);",
            "}"
          ],
          "chain_tests": [
            {
              "attrs": [],
              "prefix": [],
              "oracles": [],
              "codes": [
                [
                  "{",
                  "    let key: [u8; 32] = [0; 32]; // Minimal key for test",
                  "    let nonce: &[u8] = &[0; 12]; // Minimal nonce size",
                  "    let mut state = ChaCha::new(&key, nonce);",
                  "    let mut output = [0u32; BUFSZ];",
                  "",
                  "    state.refill4(10, &mut output);",
                  "",
                  "    // Check that output is not zeroed",
                  "    assert!(output.iter().any(|&x| x != 0));",
                  "}"
                ]
              ],
              "can_compile": [
                {
                  "Err": "   Compiling proc-macro2 v1.0.95\n   Compiling syn v1.0.109\n   Compiling libc v0.2.172\n   Compiling serde v1.0.219\n   Compiling getrandom v0.3.2\n   Compiling zerocopy v0.8.24\n   Compiling serde_json v1.0.140\n   Compiling quote v1.0.40\n   Compiling ppv-lite86 v0.2.21\n   Compiling ntest_test_cases v0.9.3\n   Compiling ntest_timeout v0.9.3\n   Compiling ntest v0.9.3\n   Compiling rand_core v0.9.3 (/home/utgen/workspace/rand/rand_core)\n   Compiling rand_chacha v0.9.0 (/home/utgen/workspace/rand/rand_chacha)\nwarning: unused imports: `RngCore` and `SeedableRng`\n   --> rand_chacha/src/chacha.rs:356:21\n    |\n356 |     use rand_core::{RngCore, SeedableRng};\n    |                     ^^^^^^^  ^^^^^^^^^^^\n    |\n    = note: `#[warn(unused_imports)]` on by default\n\nwarning: unused import: `ntest::timeout`\n   --> rand_chacha/src/guts.rs:291:8\n    |\n291 |    use ntest::timeout;\n    |        ^^^^^^^^^^^^^^\n\nerror[E0308]: mismatched types\n   --> rand_chacha/src/guts.rs:299:23\n    |\n299 |     state.refill4(10, &mut output);\n    |           -------     ^^^^^^^^^^^ expected an array with a fixed size of 64 elements, found one with 65 elements\n    |           |\n    |           arguments to this method are incorrect\n    |\nnote: method defined here\n   --> rand_chacha/src/guts.rs:80:12\n    |\n80  |     pub fn refill4(&mut self, drounds: u32, out: &mut [u32; BUFSZ]) {\n    |            ^^^^^^^                          ----------------------\n\nFor more information about this error, try `rustc --explain E0308`.\nwarning: `rand_chacha` (lib test) generated 2 warnings\nerror: could not compile `rand_chacha` (lib test) due to 1 previous error; 2 warnings emitted\n"
                }
              ],
              "repaired": [
                false
              ]
            },
            {
              "attrs": [],
              "prefix": [],
              "oracles": [],
              "codes": [
                [
                  "{",
                  "    let key: [u8; 32] = [1; 32];",
                  "    let nonce: &[u8] = &[1; 12];",
                  "    let mut state = ChaCha::new(&key, nonce);",
                  "    let mut output = [0u32; BUFSZ];",
                  "",
                  "    state.refill4(0, &mut output);",
                  "",
                  "    // Check that output is not zeroed",
                  "    assert!(output.iter().any(|&x| x != 0));",
                  "}"
                ]
              ],
              "can_compile": [
                {
                  "Err": "   Compiling proc-macro2 v1.0.95\n   Compiling syn v1.0.109\n   Compiling libc v0.2.172\n   Compiling zerocopy v0.8.24\n   Compiling serde v1.0.219\n   Compiling getrandom v0.3.2\n   Compiling serde_json v1.0.140\n   Compiling quote v1.0.40\n   Compiling ppv-lite86 v0.2.21\n   Compiling ntest_timeout v0.9.3\n   Compiling ntest_test_cases v0.9.3\n   Compiling ntest v0.9.3\n   Compiling rand_core v0.9.3 (/home/utgen/workspace/rand/rand_core)\n   Compiling rand_chacha v0.9.0 (/home/utgen/workspace/rand/rand_chacha)\nwarning: unused imports: `RngCore` and `SeedableRng`\n   --> rand_chacha/src/chacha.rs:356:21\n    |\n356 |     use rand_core::{RngCore, SeedableRng};\n    |                     ^^^^^^^  ^^^^^^^^^^^\n    |\n    = note: `#[warn(unused_imports)]` on by default\n\nwarning: unused import: `ntest::timeout`\n   --> rand_chacha/src/guts.rs:291:8\n    |\n291 |    use ntest::timeout;\n    |        ^^^^^^^^^^^^^^\n\nerror[E0308]: mismatched types\n   --> rand_chacha/src/guts.rs:299:23\n    |\n299 |     state.refill4(10, &mut output);\n    |           -------     ^^^^^^^^^^^ expected an array with a fixed size of 64 elements, found one with 65 elements\n    |           |\n    |           arguments to this method are incorrect\n    |\nnote: method defined here\n   --> rand_chacha/src/guts.rs:80:12\n    |\n80  |     pub fn refill4(&mut self, drounds: u32, out: &mut [u32; BUFSZ]) {\n    |            ^^^^^^^                          ----------------------\n\nFor more information about this error, try `rustc --explain E0308`.\nwarning: `rand_chacha` (lib test) generated 2 warnings\nerror: could not compile `rand_chacha` (lib test) due to 1 previous error; 2 warnings emitted\n"
                }
              ],
              "repaired": [
                false
              ]
            },
            {
              "attrs": [],
              "prefix": [],
              "oracles": [],
              "codes": [
                [
                  "{",
                  "    let key: [u8; 32] = [2; 32];",
                  "    let nonce: &[u8] = &[2; 12];",
                  "    let mut state = ChaCha::new(&key, nonce);",
                  "    let mut output = [0u32; BUFSZ];",
                  "",
                  "    state.refill4(100, &mut output);",
                  "",
                  "    // Check that output matches expected size",
                  "    assert_eq!(output.len(), BUFSZ);",
                  "}"
                ]
              ],
              "can_compile": [
                {
                  "Err": "   Compiling proc-macro2 v1.0.95\n   Compiling syn v1.0.109\n   Compiling libc v0.2.172\n   Compiling serde v1.0.219\n   Compiling zerocopy v0.8.24\n   Compiling getrandom v0.3.2\n   Compiling serde_json v1.0.140\n   Compiling quote v1.0.40\n   Compiling ppv-lite86 v0.2.21\n   Compiling ntest_test_cases v0.9.3\n   Compiling ntest_timeout v0.9.3\n   Compiling ntest v0.9.3\n   Compiling rand_core v0.9.3 (/home/utgen/workspace/rand/rand_core)\n   Compiling rand_chacha v0.9.0 (/home/utgen/workspace/rand/rand_chacha)\nwarning: unused imports: `RngCore` and `SeedableRng`\n   --> rand_chacha/src/chacha.rs:356:21\n    |\n356 |     use rand_core::{RngCore, SeedableRng};\n    |                     ^^^^^^^  ^^^^^^^^^^^\n    |\n    = note: `#[warn(unused_imports)]` on by default\n\nwarning: unused import: `ntest::timeout`\n   --> rand_chacha/src/guts.rs:291:8\n    |\n291 |    use ntest::timeout;\n    |        ^^^^^^^^^^^^^^\n\nerror[E0308]: mismatched types\n   --> rand_chacha/src/guts.rs:299:23\n    |\n299 |     state.refill4(10, &mut output);\n    |           -------     ^^^^^^^^^^^ expected an array with a fixed size of 64 elements, found one with 65 elements\n    |           |\n    |           arguments to this method are incorrect\n    |\nnote: method defined here\n   --> rand_chacha/src/guts.rs:80:12\n    |\n80  |     pub fn refill4(&mut self, drounds: u32, out: &mut [u32; BUFSZ]) {\n    |            ^^^^^^^                          ----------------------\n\nFor more information about this error, try `rustc --explain E0308`.\nwarning: `rand_chacha` (lib test) generated 2 warnings\nerror: could not compile `rand_chacha` (lib test) due to 1 previous error; 2 warnings emitted\n"
                }
              ],
              "repaired": [
                false
              ]
            },
            {
              "attrs": [],
              "prefix": [],
              "oracles": [],
              "codes": [
                [
                  "{",
                  "    let key: [u8; 32] = [4; 32];",
                  "    let nonce: &[u8] = &[4; 12];",
                  "    let mut state = ChaCha::new(&key, nonce);",
                  "    let mut output = [0u32; BUFSZ];",
                  "",
                  "    state.refill4(1, &mut output);",
                  "",
                  "    // Check the first value remains modified (ensuring operation occurred)",
                  "    assert_ne!(output[0], 0);",
                  "}"
                ]
              ],
              "can_compile": [
                {
                  "Err": "   Compiling proc-macro2 v1.0.95\n   Compiling syn v1.0.109\n   Compiling libc v0.2.172\n   Compiling serde v1.0.219\n   Compiling zerocopy v0.8.24\n   Compiling getrandom v0.3.2\n   Compiling serde_json v1.0.140\n   Compiling quote v1.0.40\n   Compiling ppv-lite86 v0.2.21\n   Compiling ntest_timeout v0.9.3\n   Compiling ntest_test_cases v0.9.3\n   Compiling ntest v0.9.3\n   Compiling rand_core v0.9.3 (/home/utgen/workspace/rand/rand_core)\n   Compiling rand_chacha v0.9.0 (/home/utgen/workspace/rand/rand_chacha)\nwarning: unused imports: `RngCore` and `SeedableRng`\n   --> rand_chacha/src/chacha.rs:356:21\n    |\n356 |     use rand_core::{RngCore, SeedableRng};\n    |                     ^^^^^^^  ^^^^^^^^^^^\n    |\n    = note: `#[warn(unused_imports)]` on by default\n\nwarning: unused import: `ntest::timeout`\n   --> rand_chacha/src/guts.rs:291:8\n    |\n291 |    use ntest::timeout;\n    |        ^^^^^^^^^^^^^^\n\nerror[E0308]: mismatched types\n   --> rand_chacha/src/guts.rs:299:23\n    |\n299 |     state.refill4(10, &mut output);\n    |           -------     ^^^^^^^^^^^ expected an array with a fixed size of 64 elements, found one with 65 elements\n    |           |\n    |           arguments to this method are incorrect\n    |\nnote: method defined here\n   --> rand_chacha/src/guts.rs:80:12\n    |\n80  |     pub fn refill4(&mut self, drounds: u32, out: &mut [u32; BUFSZ]) {\n    |            ^^^^^^^                          ----------------------\n\nFor more information about this error, try `rustc --explain E0308`.\nwarning: `rand_chacha` (lib test) generated 2 warnings\nerror: could not compile `rand_chacha` (lib test) due to 1 previous error; 2 warnings emitted\n"
                }
              ],
              "repaired": [
                false
              ]
            }
          ]
        }
      ]
    }
  ]
}