<?xml version="1.0" ?>
<!DOCTYPE coverage SYSTEM "https://cobertura.sourceforge.net/xml/coverage-04.dtd">
<coverage branch-rate="0.5" branches-covered="19" branches-valid="38" complexity="0" line-rate="0.6492793411118737" lines-covered="946" lines-valid="1457" timestamp="1748254999" version="2.0.3">
    <sources>
        <source>/home/abezbm/rusty-unit/evaluation/once_cell/rusty-unit-0</source>
    </sources>
    <packages>
        <package line-rate="0.6492793411118737" branch-rate="0.5" name="src" complexity="0">
            <classes>
                <class branch-rate="0.5625" complexity="0" filename="src/lib.rs" line-rate="0.668918918918919" name="src.lib.rs">
                    <methods>
                        <method name="&lt;once_cell::sync::OnceCell&lt;isize&gt;&gt;::get_or_init::&lt;&lt;once_cell::sync::OnceCell&lt;isize&gt;&gt;::try_insert::{closure#0}&gt;" signature="" complexity="0" line-rate="1" branch-rate="1">
                            <lines>
                                <line hits="8" number="1115" branch="false"/>
                            </lines>
                        </method>
                        <method name="&lt;once_cell::sync::OnceCell&lt;isize&gt;&gt;::get_or_try_init::&lt;&lt;once_cell::sync::OnceCell&lt;isize&gt;&gt;::get_or_init&lt;&lt;once_cell::sync::OnceCell&lt;isize&gt;&gt;::try_insert::{closure#0}&gt;::{closure#0}, &lt;once_cell::sync::OnceCell&lt;_&gt;&gt;::get_or_init::Void&gt;" signature="" complexity="0" line-rate="1" branch-rate="1">
                            <lines>
                                <line hits="8" number="1152" branch="false"/>
                            </lines>
                        </method>
                        <method name="&lt;once_cell::unsync::OnceCell&lt;_&gt;&gt;::get_or_init::&lt;_&gt;" signature="" complexity="0" line-rate="0" branch-rate="0">
                            <lines>
                                <line hits="0" number="586" branch="false"/>
                            </lines>
                        </method>
                        <method name="&lt;once_cell::unsync::OnceCell&lt;_&gt;&gt;::get_or_try_init::&lt;_, _&gt;" signature="" complexity="0" line-rate="0" branch-rate="0">
                            <lines>
                                <line hits="0" number="622" branch="false"/>
                            </lines>
                        </method>
                        <method name="&lt;once_cell::sync::OnceCell&lt;isize&gt;&gt;::get_or_init::&lt;&lt;once_cell::sync::OnceCell&lt;isize&gt;&gt;::try_insert::{closure#0}&gt;::{closure#0}" signature="" complexity="0" line-rate="1" branch-rate="1">
                            <lines>
                                <line hits="5" number="1120" branch="false"/>
                            </lines>
                        </method>
                        <method name="&lt;once_cell::unsync::OnceCell&lt;_&gt;&gt;::get_or_init::&lt;_&gt;::{closure#0}" signature="" complexity="0" line-rate="0" branch-rate="0">
                            <lines>
                                <line hits="0" number="591" branch="false"/>
                            </lines>
                        </method>
                        <method name="&lt;once_cell::sync::Lazy&lt;bool, isize&gt;&gt;::into_value::{closure#0}::{closure#0}" signature="" complexity="0" line-rate="0" branch-rate="0">
                            <lines>
                                <line hits="0" number="1289" branch="false"/>
                            </lines>
                        </method>
                        <method name="&lt;once_cell::sync::Lazy&lt;isize, isize&gt;&gt;::into_value::{closure#0}::{closure#0}" signature="" complexity="0" line-rate="0" branch-rate="0">
                            <lines>
                                <line hits="0" number="1289" branch="false"/>
                            </lines>
                        </method>
                        <method name="&lt;once_cell::unsync::Lazy&lt;isize, isize&gt;&gt;::into_value::{closure#0}::{closure#0}" signature="" complexity="0" line-rate="0" branch-rate="0">
                            <lines>
                                <line hits="0" number="753" branch="false"/>
                            </lines>
                        </method>
                        <method name="&lt;once_cell::sync::OnceCell&lt;isize&gt;&gt;::try_insert::{closure#0}" signature="" complexity="0" line-rate="1" branch-rate="1">
                            <lines>
                                <line hits="5" number="1082" branch="false"/>
                            </lines>
                        </method>
                        <method name="&lt;once_cell::sync::Lazy&lt;bool, isize&gt;&gt;::into_value::{closure#0}" signature="" complexity="0" line-rate="1" branch-rate="1">
                            <lines>
                                <line hits="1" number="1288" branch="false"/>
                            </lines>
                        </method>
                        <method name="&lt;once_cell::sync::Lazy&lt;isize, isize&gt;&gt;::into_value::{closure#0}" signature="" complexity="0" line-rate="1" branch-rate="1">
                            <lines>
                                <line hits="2" number="1288" branch="false"/>
                            </lines>
                        </method>
                        <method name="&lt;once_cell::sync::Lazy&lt;_, _&gt;&gt;::force::{closure#0}" signature="" complexity="0" line-rate="0" branch-rate="0">
                            <lines>
                                <line hits="0" number="1309" branch="false"/>
                            </lines>
                        </method>
                        <method name="&lt;once_cell::unsync::Lazy&lt;isize, isize&gt;&gt;::into_value::{closure#0}" signature="" complexity="0" line-rate="1" branch-rate="1">
                            <lines>
                                <line hits="4" number="752" branch="false"/>
                            </lines>
                        </method>
                        <method name="&lt;once_cell::unsync::Lazy&lt;_, _&gt;&gt;::force::{closure#0}" signature="" complexity="0" line-rate="0" branch-rate="0">
                            <lines>
                                <line hits="0" number="774" branch="false"/>
                            </lines>
                        </method>
                        <method name="&lt;once_cell::sync::OnceCell&lt;alloc::boxed::Box&lt;isize&gt;&gt;&gt;::new" signature="" complexity="0" line-rate="1" branch-rate="1">
                            <lines>
                                <line hits="1" number="950" branch="false"/>
                            </lines>
                        </method>
                        <method name="&lt;once_cell::sync::OnceCell&lt;core::result::Result&lt;&amp;isize, isize&gt;&gt;&gt;::new" signature="" complexity="0" line-rate="1" branch-rate="1">
                            <lines>
                                <line hits="1" number="950" branch="false"/>
                            </lines>
                        </method>
                        <method name="&lt;once_cell::sync::OnceCell&lt;core::result::Result&lt;isize, isize&gt;&gt;&gt;::new" signature="" complexity="0" line-rate="1" branch-rate="1">
                            <lines>
                                <line hits="2" number="950" branch="false"/>
                            </lines>
                        </method>
                        <method name="&lt;once_cell::sync::OnceCell&lt;bool&gt;&gt;::into_inner" signature="" complexity="0" line-rate="1" branch-rate="1">
                            <lines>
                                <line hits="1" number="1217" branch="false"/>
                            </lines>
                        </method>
                        <method name="&lt;once_cell::sync::OnceCell&lt;bool&gt;&gt;::new" signature="" complexity="0" line-rate="1" branch-rate="1">
                            <lines>
                                <line hits="1" number="950" branch="false"/>
                            </lines>
                        </method>
                        <method name="&lt;once_cell::sync::OnceCell&lt;f64&gt;&gt;::with_value" signature="" complexity="0" line-rate="0" branch-rate="0">
                            <lines>
                                <line hits="0" number="955" branch="false"/>
                            </lines>
                        </method>
                        <method name="&lt;once_cell::sync::OnceCell&lt;f64&gt;&gt;::get_unchecked" signature="" complexity="0" line-rate="0" branch-rate="0">
                            <lines>
                                <line hits="0" number="1031" branch="false"/>
                            </lines>
                        </method>
                        <method name="&lt;once_cell::sync::OnceCell&lt;f64&gt;&gt;::get" signature="" complexity="0" line-rate="1" branch-rate="1">
                            <lines>
                                <line hits="7" number="963" branch="false"/>
                            </lines>
                        </method>
                        <method name="&lt;once_cell::sync::OnceCell&lt;f64&gt;&gt;::new" signature="" complexity="0" line-rate="1" branch-rate="1">
                            <lines>
                                <line hits="7" number="950" branch="false"/>
                            </lines>
                        </method>
                        <method name="&lt;once_cell::sync::OnceCell&lt;isize&gt;&gt;::into_inner" signature="" complexity="0" line-rate="1" branch-rate="1">
                            <lines>
                                <line hits="6" number="1217" branch="false"/>
                            </lines>
                        </method>
                        <method name="&lt;once_cell::sync::OnceCell&lt;isize&gt;&gt;::try_insert" signature="" complexity="0" line-rate="1" branch-rate="1">
                            <lines>
                                <line hits="8" number="1080" branch="false"/>
                            </lines>
                        </method>
                        <method name="&lt;once_cell::sync::OnceCell&lt;isize&gt;&gt;::with_value" signature="" complexity="0" line-rate="1" branch-rate="1">
                            <lines>
                                <line hits="12" number="955" branch="false"/>
                            </lines>
                        </method>
                        <method name="&lt;once_cell::sync::OnceCell&lt;isize&gt;&gt;::get_unchecked" signature="" complexity="0" line-rate="1" branch-rate="1">
                            <lines>
                                <line hits="11" number="1031" branch="false"/>
                            </lines>
                        </method>
                        <method name="&lt;once_cell::sync::OnceCell&lt;isize&gt;&gt;::get" signature="" complexity="0" line-rate="1" branch-rate="1">
                            <lines>
                                <line hits="14" number="963" branch="false"/>
                            </lines>
                        </method>
                        <method name="&lt;once_cell::sync::OnceCell&lt;isize&gt;&gt;::new" signature="" complexity="0" line-rate="1" branch-rate="1">
                            <lines>
                                <line hits="26" number="950" branch="false"/>
                            </lines>
                        </method>
                        <method name="&lt;once_cell::sync::OnceCell&lt;isize&gt;&gt;::set" signature="" complexity="0" line-rate="1" branch-rate="1">
                            <lines>
                                <line hits="5" number="1058" branch="false"/>
                            </lines>
                        </method>
                        <method name="&lt;once_cell::sync::OnceCell&lt;isize&gt;&gt;::take" signature="" complexity="0" line-rate="1" branch-rate="1">
                            <lines>
                                <line hits="2" number="1197" branch="false"/>
                            </lines>
                        </method>
                        <method name="&lt;once_cell::sync::OnceCell&lt;isize&gt;&gt;::wait" signature="" complexity="0" line-rate="1" branch-rate="1">
                            <lines>
                                <line hits="1" number="993" branch="false"/>
                            </lines>
                        </method>
                        <method name="&lt;once_cell::sync::OnceCell&lt;isize&gt;&gt;::get_mut" signature="" complexity="0" line-rate="1" branch-rate="1">
                            <lines>
                                <line hits="2" number="1019" branch="false"/>
                            </lines>
                        </method>
                        <method name="&lt;once_cell::sync::OnceCell&lt;usize&gt;&gt;::new" signature="" complexity="0" line-rate="1" branch-rate="1">
                            <lines>
                                <line hits="1" number="950" branch="false"/>
                            </lines>
                        </method>
                        <method name="&lt;once_cell::sync::OnceCell&lt;i128&gt;&gt;::with_value" signature="" complexity="0" line-rate="1" branch-rate="1">
                            <lines>
                                <line hits="1" number="955" branch="false"/>
                            </lines>
                        </method>
                        <method name="&lt;once_cell::sync::OnceCell&lt;i128&gt;&gt;::get_unchecked" signature="" complexity="0" line-rate="0" branch-rate="0">
                            <lines>
                                <line hits="0" number="1031" branch="false"/>
                            </lines>
                        </method>
                        <method name="&lt;once_cell::sync::OnceCell&lt;i128&gt;&gt;::get" signature="" complexity="0" line-rate="0" branch-rate="0">
                            <lines>
                                <line hits="0" number="963" branch="false"/>
                            </lines>
                        </method>
                        <method name="&lt;once_cell::sync::OnceCell&lt;i128&gt;&gt;::new" signature="" complexity="0" line-rate="1" branch-rate="1">
                            <lines>
                                <line hits="3" number="950" branch="false"/>
                            </lines>
                        </method>
                        <method name="&lt;once_cell::sync::OnceCell&lt;i128&gt;&gt;::get_mut" signature="" complexity="0" line-rate="0" branch-rate="0">
                            <lines>
                                <line hits="0" number="1019" branch="false"/>
                            </lines>
                        </method>
                        <method name="&lt;once_cell::sync::OnceCell&lt;i16&gt;&gt;::with_value" signature="" complexity="0" line-rate="0" branch-rate="0">
                            <lines>
                                <line hits="0" number="955" branch="false"/>
                            </lines>
                        </method>
                        <method name="&lt;once_cell::sync::OnceCell&lt;i16&gt;&gt;::get_unchecked" signature="" complexity="0" line-rate="0" branch-rate="0">
                            <lines>
                                <line hits="0" number="1031" branch="false"/>
                            </lines>
                        </method>
                        <method name="&lt;once_cell::sync::OnceCell&lt;i16&gt;&gt;::get" signature="" complexity="0" line-rate="1" branch-rate="1">
                            <lines>
                                <line hits="2" number="963" branch="false"/>
                            </lines>
                        </method>
                        <method name="&lt;once_cell::sync::OnceCell&lt;i16&gt;&gt;::new" signature="" complexity="0" line-rate="1" branch-rate="1">
                            <lines>
                                <line hits="4" number="950" branch="false"/>
                            </lines>
                        </method>
                        <method name="&lt;once_cell::sync::OnceCell&lt;u16&gt;&gt;::with_value" signature="" complexity="0" line-rate="0" branch-rate="0">
                            <lines>
                                <line hits="0" number="955" branch="false"/>
                            </lines>
                        </method>
                        <method name="&lt;once_cell::sync::OnceCell&lt;u16&gt;&gt;::get_unchecked" signature="" complexity="0" line-rate="0" branch-rate="0">
                            <lines>
                                <line hits="0" number="1031" branch="false"/>
                            </lines>
                        </method>
                        <method name="&lt;once_cell::sync::OnceCell&lt;u16&gt;&gt;::get" signature="" complexity="0" line-rate="1" branch-rate="1">
                            <lines>
                                <line hits="2" number="963" branch="false"/>
                            </lines>
                        </method>
                        <method name="&lt;once_cell::sync::OnceCell&lt;u16&gt;&gt;::new" signature="" complexity="0" line-rate="1" branch-rate="1">
                            <lines>
                                <line hits="3" number="950" branch="false"/>
                            </lines>
                        </method>
                        <method name="&lt;once_cell::sync::OnceCell&lt;u16&gt;&gt;::get_mut" signature="" complexity="0" line-rate="1" branch-rate="1">
                            <lines>
                                <line hits="1" number="1019" branch="false"/>
                            </lines>
                        </method>
                        <method name="&lt;once_cell::unsync::OnceCell&lt;core::result::Result&lt;bool, isize&gt;&gt;&gt;::with_value" signature="" complexity="0" line-rate="1" branch-rate="1">
                            <lines>
                                <line hits="1" number="475" branch="false"/>
                            </lines>
                        </method>
                        <method name="&lt;once_cell::unsync::OnceCell&lt;core::result::Result&lt;(), isize&gt;&gt;&gt;::new" signature="" complexity="0" line-rate="1" branch-rate="1">
                            <lines>
                                <line hits="1" number="470" branch="false"/>
                            </lines>
                        </method>
                        <method name="&lt;once_cell::unsync::OnceCell&lt;core::result::Result&lt;(), ()&gt;&gt;&gt;::new" signature="" complexity="0" line-rate="1" branch-rate="1">
                            <lines>
                                <line hits="2" number="470" branch="false"/>
                            </lines>
                        </method>
                        <method name="&lt;once_cell::unsync::OnceCell&lt;&amp;str&gt;&gt;::with_value" signature="" complexity="0" line-rate="1" branch-rate="1">
                            <lines>
                                <line hits="2" number="475" branch="false"/>
                            </lines>
                        </method>
                        <method name="&lt;once_cell::unsync::OnceCell&lt;&amp;str&gt;&gt;::get" signature="" complexity="0" line-rate="1" branch-rate="1">
                            <lines>
                                <line hits="1" number="483" branch="false"/>
                            </lines>
                        </method>
                        <method name="&lt;once_cell::unsync::OnceCell&lt;&amp;str&gt;&gt;::new" signature="" complexity="0" line-rate="0" branch-rate="0">
                            <lines>
                                <line hits="0" number="470" branch="false"/>
                            </lines>
                        </method>
                        <method name="&lt;once_cell::unsync::OnceCell&lt;f64&gt;&gt;::with_value" signature="" complexity="0" line-rate="1" branch-rate="1">
                            <lines>
                                <line hits="2" number="475" branch="false"/>
                            </lines>
                        </method>
                        <method name="&lt;once_cell::unsync::OnceCell&lt;f64&gt;&gt;::get" signature="" complexity="0" line-rate="1" branch-rate="1">
                            <lines>
                                <line hits="2" number="483" branch="false"/>
                            </lines>
                        </method>
                        <method name="&lt;once_cell::unsync::OnceCell&lt;f64&gt;&gt;::new" signature="" complexity="0" line-rate="1" branch-rate="1">
                            <lines>
                                <line hits="1" number="470" branch="false"/>
                            </lines>
                        </method>
                        <method name="&lt;once_cell::unsync::OnceCell&lt;f64&gt;&gt;::get_mut" signature="" complexity="0" line-rate="1" branch-rate="1">
                            <lines>
                                <line hits="1" number="508" branch="false"/>
                            </lines>
                        </method>
                        <method name="&lt;once_cell::unsync::OnceCell&lt;f32&gt;&gt;::with_value" signature="" complexity="0" line-rate="1" branch-rate="1">
                            <lines>
                                <line hits="2" number="475" branch="false"/>
                            </lines>
                        </method>
                        <method name="&lt;once_cell::unsync::OnceCell&lt;f32&gt;&gt;::get" signature="" complexity="0" line-rate="1" branch-rate="1">
                            <lines>
                                <line hits="1" number="483" branch="false"/>
                            </lines>
                        </method>
                        <method name="&lt;once_cell::unsync::OnceCell&lt;f32&gt;&gt;::new" signature="" complexity="0" line-rate="0" branch-rate="0">
                            <lines>
                                <line hits="0" number="470" branch="false"/>
                            </lines>
                        </method>
                        <method name="&lt;once_cell::unsync::OnceCell&lt;isize&gt;&gt;::into_inner" signature="" complexity="0" line-rate="1" branch-rate="1">
                            <lines>
                                <line hits="10" number="687" branch="false"/>
                            </lines>
                        </method>
                        <method name="&lt;once_cell::unsync::OnceCell&lt;isize&gt;&gt;::try_insert" signature="" complexity="0" line-rate="1" branch-rate="1">
                            <lines>
                                <line hits="1" number="551" branch="false"/>
                            </lines>
                        </method>
                        <method name="&lt;once_cell::unsync::OnceCell&lt;isize&gt;&gt;::with_value" signature="" complexity="0" line-rate="1" branch-rate="1">
                            <lines>
                                <line hits="19" number="475" branch="false"/>
                            </lines>
                        </method>
                        <method name="&lt;once_cell::unsync::OnceCell&lt;isize&gt;&gt;::get" signature="" complexity="0" line-rate="1" branch-rate="1">
                            <lines>
                                <line hits="10" number="483" branch="false"/>
                            </lines>
                        </method>
                        <method name="&lt;once_cell::unsync::OnceCell&lt;isize&gt;&gt;::new" signature="" complexity="0" line-rate="1" branch-rate="1">
                            <lines>
                                <line hits="22" number="470" branch="false"/>
                            </lines>
                        </method>
                        <method name="&lt;once_cell::unsync::OnceCell&lt;isize&gt;&gt;::set" signature="" complexity="0" line-rate="1" branch-rate="1">
                            <lines>
                                <line hits="1" number="530" branch="false"/>
                            </lines>
                        </method>
                        <method name="&lt;once_cell::unsync::OnceCell&lt;isize&gt;&gt;::take" signature="" complexity="0" line-rate="1" branch-rate="1">
                            <lines>
                                <line hits="2" number="667" branch="false"/>
                            </lines>
                        </method>
                        <method name="&lt;once_cell::unsync::OnceCell&lt;isize&gt;&gt;::get_mut" signature="" complexity="0" line-rate="1" branch-rate="1">
                            <lines>
                                <line hits="6" number="508" branch="false"/>
                            </lines>
                        </method>
                        <method name="&lt;once_cell::unsync::OnceCell&lt;i32&gt;&gt;::get" signature="" complexity="0" line-rate="1" branch-rate="1">
                            <lines>
                                <line hits="2" number="483" branch="false"/>
                            </lines>
                        </method>
                        <method name="&lt;once_cell::unsync::OnceCell&lt;i32&gt;&gt;::new" signature="" complexity="0" line-rate="1" branch-rate="1">
                            <lines>
                                <line hits="3" number="470" branch="false"/>
                            </lines>
                        </method>
                        <method name="&lt;once_cell::unsync::OnceCell&lt;i128&gt;&gt;::with_value" signature="" complexity="0" line-rate="1" branch-rate="1">
                            <lines>
                                <line hits="2" number="475" branch="false"/>
                            </lines>
                        </method>
                        <method name="&lt;once_cell::unsync::OnceCell&lt;i128&gt;&gt;::get" signature="" complexity="0" line-rate="1" branch-rate="1">
                            <lines>
                                <line hits="1" number="483" branch="false"/>
                            </lines>
                        </method>
                        <method name="&lt;once_cell::unsync::OnceCell&lt;i128&gt;&gt;::new" signature="" complexity="0" line-rate="0" branch-rate="0">
                            <lines>
                                <line hits="0" number="470" branch="false"/>
                            </lines>
                        </method>
                        <method name="&lt;once_cell::unsync::OnceCell&lt;u128&gt;&gt;::into_inner" signature="" complexity="0" line-rate="1" branch-rate="1">
                            <lines>
                                <line hits="1" number="687" branch="false"/>
                            </lines>
                        </method>
                        <method name="&lt;once_cell::unsync::OnceCell&lt;u128&gt;&gt;::with_value" signature="" complexity="0" line-rate="0" branch-rate="0">
                            <lines>
                                <line hits="0" number="475" branch="false"/>
                            </lines>
                        </method>
                        <method name="&lt;once_cell::unsync::OnceCell&lt;u128&gt;&gt;::get" signature="" complexity="0" line-rate="1" branch-rate="1">
                            <lines>
                                <line hits="1" number="483" branch="false"/>
                            </lines>
                        </method>
                        <method name="&lt;once_cell::unsync::OnceCell&lt;u128&gt;&gt;::new" signature="" complexity="0" line-rate="1" branch-rate="1">
                            <lines>
                                <line hits="2" number="470" branch="false"/>
                            </lines>
                        </method>
                        <method name="&lt;once_cell::unsync::OnceCell&lt;u16&gt;&gt;::new" signature="" complexity="0" line-rate="1" branch-rate="1">
                            <lines>
                                <line hits="1" number="470" branch="false"/>
                            </lines>
                        </method>
                        <method name="&lt;once_cell::sync::Lazy&lt;core::result::Result&lt;&amp;isize, isize&gt;, isize&gt;&gt;::new" signature="" complexity="0" line-rate="1" branch-rate="1">
                            <lines>
                                <line hits="1" number="1278" branch="false"/>
                            </lines>
                        </method>
                        <method name="&lt;once_cell::sync::Lazy&lt;core::result::Result&lt;isize, isize&gt;, isize&gt;&gt;::new" signature="" complexity="0" line-rate="1" branch-rate="1">
                            <lines>
                                <line hits="2" number="1278" branch="false"/>
                            </lines>
                        </method>
                        <method name="&lt;once_cell::sync::Lazy&lt;bool, isize&gt;&gt;::into_value" signature="" complexity="0" line-rate="1" branch-rate="1">
                            <lines>
                                <line hits="1" number="1285" branch="false"/>
                            </lines>
                        </method>
                        <method name="&lt;once_cell::sync::Lazy&lt;bool, isize&gt;&gt;::new" signature="" complexity="0" line-rate="1" branch-rate="1">
                            <lines>
                                <line hits="1" number="1278" branch="false"/>
                            </lines>
                        </method>
                        <method name="&lt;once_cell::sync::Lazy&lt;isize, isize&gt;&gt;::into_value" signature="" complexity="0" line-rate="1" branch-rate="1">
                            <lines>
                                <line hits="2" number="1285" branch="false"/>
                            </lines>
                        </method>
                        <method name="&lt;once_cell::sync::Lazy&lt;isize, isize&gt;&gt;::new" signature="" complexity="0" line-rate="1" branch-rate="1">
                            <lines>
                                <line hits="6" number="1278" branch="false"/>
                            </lines>
                        </method>
                        <method name="&lt;once_cell::sync::Lazy&lt;usize&gt;&gt;::new" signature="" complexity="0" line-rate="1" branch-rate="1">
                            <lines>
                                <line hits="1" number="1278" branch="false"/>
                            </lines>
                        </method>
                        <method name="&lt;once_cell::sync::Lazy&lt;i16&gt;&gt;::new" signature="" complexity="0" line-rate="1" branch-rate="1">
                            <lines>
                                <line hits="1" number="1278" branch="false"/>
                            </lines>
                        </method>
                        <method name="&lt;once_cell::sync::Lazy&lt;_, _&gt;&gt;::get" signature="" complexity="0" line-rate="0" branch-rate="0">
                            <lines>
                                <line hits="0" number="1351" branch="false"/>
                            </lines>
                        </method>
                        <method name="&lt;once_cell::sync::Lazy&lt;_, _&gt;&gt;::force" signature="" complexity="0" line-rate="0" branch-rate="0">
                            <lines>
                                <line hits="0" number="1308" branch="false"/>
                            </lines>
                        </method>
                        <method name="&lt;once_cell::sync::Lazy&lt;_, _&gt;&gt;::get_mut" signature="" complexity="0" line-rate="0" branch-rate="0">
                            <lines>
                                <line hits="0" number="1368" branch="false"/>
                            </lines>
                        </method>
                        <method name="&lt;once_cell::sync::Lazy&lt;_, _&gt;&gt;::force_mut" signature="" complexity="0" line-rate="0" branch-rate="0">
                            <lines>
                                <line hits="0" number="1327" branch="false"/>
                            </lines>
                        </method>
                        <method name="&lt;once_cell::unsync::Lazy&lt;core::result::Result&lt;(), isize&gt;, isize&gt;&gt;::new" signature="" complexity="0" line-rate="1" branch-rate="1">
                            <lines>
                                <line hits="1" number="742" branch="false"/>
                            </lines>
                        </method>
                        <method name="&lt;once_cell::unsync::Lazy&lt;core::result::Result&lt;(), ()&gt;, isize&gt;&gt;::new" signature="" complexity="0" line-rate="1" branch-rate="1">
                            <lines>
                                <line hits="1" number="742" branch="false"/>
                            </lines>
                        </method>
                        <method name="&lt;once_cell::unsync::Lazy&lt;isize, isize&gt;&gt;::into_value" signature="" complexity="0" line-rate="1" branch-rate="1">
                            <lines>
                                <line hits="4" number="749" branch="false"/>
                            </lines>
                        </method>
                        <method name="&lt;once_cell::unsync::Lazy&lt;isize, isize&gt;&gt;::new" signature="" complexity="0" line-rate="1" branch-rate="1">
                            <lines>
                                <line hits="7" number="742" branch="false"/>
                            </lines>
                        </method>
                        <method name="&lt;once_cell::unsync::Lazy&lt;i32&gt;&gt;::new" signature="" complexity="0" line-rate="1" branch-rate="1">
                            <lines>
                                <line hits="1" number="742" branch="false"/>
                            </lines>
                        </method>
                        <method name="&lt;once_cell::unsync::Lazy&lt;u16&gt;&gt;::new" signature="" complexity="0" line-rate="1" branch-rate="1">
                            <lines>
                                <line hits="1" number="742" branch="false"/>
                            </lines>
                        </method>
                        <method name="&lt;once_cell::unsync::Lazy&lt;_, _&gt;&gt;::get" signature="" complexity="0" line-rate="0" branch-rate="0">
                            <lines>
                                <line hits="0" number="818" branch="false"/>
                            </lines>
                        </method>
                        <method name="&lt;once_cell::unsync::Lazy&lt;_, _&gt;&gt;::force" signature="" complexity="0" line-rate="0" branch-rate="0">
                            <lines>
                                <line hits="0" number="773" branch="false"/>
                            </lines>
                        </method>
                        <method name="&lt;once_cell::unsync::Lazy&lt;_, _&gt;&gt;::get_mut" signature="" complexity="0" line-rate="0" branch-rate="0">
                            <lines>
                                <line hits="0" number="835" branch="false"/>
                            </lines>
                        </method>
                        <method name="&lt;once_cell::unsync::Lazy&lt;_, _&gt;&gt;::force_mut" signature="" complexity="0" line-rate="0" branch-rate="0">
                            <lines>
                                <line hits="0" number="794" branch="false"/>
                            </lines>
                        </method>
                        <method name="once_cell::rusty_tests::rusty_test_18" signature="" complexity="0" line-rate="0" branch-rate="0">
                            <lines>
                                <line hits="0" number="1463" branch="false"/>
                            </lines>
                        </method>
                        <method name="once_cell::sync::_dummy" signature="" complexity="0" line-rate="0" branch-rate="0">
                            <lines>
                                <line hits="0" number="1408" branch="false"/>
                            </lines>
                        </method>
                        <method name="once_cell::rusty_tests::rusty_test_18::ntest_callback" signature="" complexity="0" line-rate="1" branch-rate="1">
                            <lines>
                                <line hits="1" number="1464" branch="false"/>
                            </lines>
                        </method>
                        <method name="&lt;once_cell::sync::Lazy&lt;_, _&gt; as core::fmt::Debug&gt;::fmt" signature="" complexity="0" line-rate="0" branch-rate="0">
                            <lines>
                                <line hits="0" number="1261" branch="false"/>
                            </lines>
                        </method>
                        <method name="&lt;once_cell::sync::OnceCell&lt;_&gt; as core::fmt::Debug&gt;::fmt" signature="" complexity="0" line-rate="0" branch-rate="0">
                            <lines>
                                <line hits="0" number="910" branch="false"/>
                            </lines>
                        </method>
                        <method name="&lt;once_cell::sync::Lazy&lt;_, _&gt; as core::ops::deref::Deref&gt;::deref" signature="" complexity="0" line-rate="0" branch-rate="0">
                            <lines>
                                <line hits="0" number="1375" branch="false"/>
                            </lines>
                        </method>
                        <method name="&lt;once_cell::sync::Lazy&lt;_, _&gt; as core::ops::deref::DerefMut&gt;::deref_mut" signature="" complexity="0" line-rate="0" branch-rate="0">
                            <lines>
                                <line hits="0" number="1381" branch="false"/>
                            </lines>
                        </method>
                        <method name="&lt;once_cell::unsync::OnceCell&lt;_&gt; as core::fmt::Debug&gt;::fmt" signature="" complexity="0" line-rate="0" branch-rate="0">
                            <lines>
                                <line hits="0" number="430" branch="false"/>
                            </lines>
                        </method>
                        <method name="&lt;once_cell::unsync::Lazy&lt;_, _&gt; as core::fmt::Debug&gt;::fmt" signature="" complexity="0" line-rate="0" branch-rate="0">
                            <lines>
                                <line hits="0" number="722" branch="false"/>
                            </lines>
                        </method>
                        <method name="&lt;once_cell::unsync::Lazy&lt;_, _&gt; as core::ops::deref::Deref&gt;::deref" signature="" complexity="0" line-rate="0" branch-rate="0">
                            <lines>
                                <line hits="0" number="842" branch="false"/>
                            </lines>
                        </method>
                        <method name="&lt;once_cell::unsync::Lazy&lt;_, _&gt; as core::ops::deref::DerefMut&gt;::deref_mut" signature="" complexity="0" line-rate="0" branch-rate="0">
                            <lines>
                                <line hits="0" number="848" branch="false"/>
                            </lines>
                        </method>
                        <method name="&lt;once_cell::sync::OnceCell&lt;f64&gt; as core::default::Default&gt;::default" signature="" complexity="0" line-rate="1" branch-rate="1">
                            <lines>
                                <line hits="1" number="904" branch="false"/>
                            </lines>
                        </method>
                        <method name="&lt;once_cell::sync::OnceCell&lt;isize&gt; as core::default::Default&gt;::default" signature="" complexity="0" line-rate="1" branch-rate="1">
                            <lines>
                                <line hits="11" number="904" branch="false"/>
                            </lines>
                        </method>
                        <method name="&lt;once_cell::sync::OnceCell&lt;i128&gt; as core::default::Default&gt;::default" signature="" complexity="0" line-rate="1" branch-rate="1">
                            <lines>
                                <line hits="1" number="904" branch="false"/>
                            </lines>
                        </method>
                        <method name="&lt;once_cell::sync::OnceCell&lt;f64&gt; as core::clone::Clone&gt;::clone" signature="" complexity="0" line-rate="1" branch-rate="1">
                            <lines>
                                <line hits="2" number="919" branch="false"/>
                            </lines>
                        </method>
                        <method name="&lt;once_cell::sync::OnceCell&lt;isize&gt; as core::clone::Clone&gt;::clone_from" signature="" complexity="0" line-rate="1" branch-rate="1">
                            <lines>
                                <line hits="1" number="926" branch="false"/>
                            </lines>
                        </method>
                        <method name="&lt;once_cell::sync::OnceCell&lt;isize&gt; as core::clone::Clone&gt;::clone" signature="" complexity="0" line-rate="1" branch-rate="1">
                            <lines>
                                <line hits="1" number="919" branch="false"/>
                            </lines>
                        </method>
                        <method name="&lt;once_cell::sync::OnceCell&lt;i128&gt; as core::clone::Clone&gt;::clone_from" signature="" complexity="0" line-rate="0" branch-rate="0">
                            <lines>
                                <line hits="0" number="926" branch="false"/>
                            </lines>
                        </method>
                        <method name="&lt;once_cell::sync::OnceCell&lt;i128&gt; as core::clone::Clone&gt;::clone" signature="" complexity="0" line-rate="0" branch-rate="0">
                            <lines>
                                <line hits="0" number="919" branch="false"/>
                            </lines>
                        </method>
                        <method name="&lt;once_cell::sync::OnceCell&lt;i16&gt; as core::clone::Clone&gt;::clone" signature="" complexity="0" line-rate="0" branch-rate="0">
                            <lines>
                                <line hits="0" number="919" branch="false"/>
                            </lines>
                        </method>
                        <method name="&lt;once_cell::sync::OnceCell&lt;u16&gt; as core::clone::Clone&gt;::clone_from" signature="" complexity="0" line-rate="1" branch-rate="1">
                            <lines>
                                <line hits="1" number="926" branch="false"/>
                            </lines>
                        </method>
                        <method name="&lt;once_cell::sync::OnceCell&lt;u16&gt; as core::clone::Clone&gt;::clone" signature="" complexity="0" line-rate="1" branch-rate="1">
                            <lines>
                                <line hits="1" number="919" branch="false"/>
                            </lines>
                        </method>
                        <method name="&lt;once_cell::unsync::OnceCell&lt;isize&gt; as core::default::Default&gt;::default" signature="" complexity="0" line-rate="1" branch-rate="1">
                            <lines>
                                <line hits="3" number="424" branch="false"/>
                            </lines>
                        </method>
                        <method name="&lt;once_cell::unsync::OnceCell&lt;i32&gt; as core::default::Default&gt;::default" signature="" complexity="0" line-rate="1" branch-rate="1">
                            <lines>
                                <line hits="1" number="424" branch="false"/>
                            </lines>
                        </method>
                        <method name="&lt;once_cell::unsync::OnceCell&lt;u128&gt; as core::default::Default&gt;::default" signature="" complexity="0" line-rate="1" branch-rate="1">
                            <lines>
                                <line hits="1" number="424" branch="false"/>
                            </lines>
                        </method>
                        <method name="&lt;once_cell::sync::OnceCell&lt;isize&gt; as core::convert::From&lt;isize&gt;&gt;::from" signature="" complexity="0" line-rate="1" branch-rate="1">
                            <lines>
                                <line hits="5" number="935" branch="false"/>
                            </lines>
                        </method>
                        <method name="&lt;once_cell::sync::OnceCell&lt;f64&gt; as core::cmp::PartialEq&gt;::eq" signature="" complexity="0" line-rate="1" branch-rate="1">
                            <lines>
                                <line hits="2" number="941" branch="false"/>
                            </lines>
                        </method>
                        <method name="&lt;once_cell::sync::OnceCell&lt;i16&gt; as core::cmp::PartialEq&gt;::eq" signature="" complexity="0" line-rate="1" branch-rate="1">
                            <lines>
                                <line hits="1" number="941" branch="false"/>
                            </lines>
                        </method>
                        <method name="&lt;once_cell::unsync::OnceCell&lt;&amp;str&gt; as core::clone::Clone&gt;::clone" signature="" complexity="0" line-rate="1" branch-rate="1">
                            <lines>
                                <line hits="1" number="439" branch="false"/>
                            </lines>
                        </method>
                        <method name="&lt;once_cell::unsync::OnceCell&lt;f64&gt; as core::clone::Clone&gt;::clone_from" signature="" complexity="0" line-rate="1" branch-rate="1">
                            <lines>
                                <line hits="1" number="446" branch="false"/>
                            </lines>
                        </method>
                        <method name="&lt;once_cell::unsync::OnceCell&lt;f64&gt; as core::clone::Clone&gt;::clone" signature="" complexity="0" line-rate="1" branch-rate="1">
                            <lines>
                                <line hits="1" number="439" branch="false"/>
                            </lines>
                        </method>
                        <method name="&lt;once_cell::unsync::OnceCell&lt;f32&gt; as core::clone::Clone&gt;::clone" signature="" complexity="0" line-rate="1" branch-rate="1">
                            <lines>
                                <line hits="1" number="439" branch="false"/>
                            </lines>
                        </method>
                        <method name="&lt;once_cell::unsync::OnceCell&lt;i128&gt; as core::clone::Clone&gt;::clone" signature="" complexity="0" line-rate="1" branch-rate="1">
                            <lines>
                                <line hits="1" number="439" branch="false"/>
                            </lines>
                        </method>
                        <method name="&lt;once_cell::unsync::OnceCell&lt;u128&gt; as core::clone::Clone&gt;::clone" signature="" complexity="0" line-rate="1" branch-rate="1">
                            <lines>
                                <line hits="1" number="439" branch="false"/>
                            </lines>
                        </method>
                        <method name="&lt;once_cell::unsync::OnceCell&lt;isize&gt; as core::cmp::PartialEq&gt;::eq" signature="" complexity="0" line-rate="1" branch-rate="1">
                            <lines>
                                <line hits="4" number="455" branch="false"/>
                            </lines>
                        </method>
                        <method name="&lt;once_cell::unsync::OnceCell&lt;i32&gt; as core::cmp::PartialEq&gt;::eq" signature="" complexity="0" line-rate="1" branch-rate="1">
                            <lines>
                                <line hits="1" number="455" branch="false"/>
                            </lines>
                        </method>
                        <method name="&lt;once_cell::unsync::OnceCell&lt;core::result::Result&lt;bool, isize&gt;&gt; as core::convert::From&lt;core::result::Result&lt;bool, isize&gt;&gt;&gt;::from" signature="" complexity="0" line-rate="1" branch-rate="1">
                            <lines>
                                <line hits="1" number="463" branch="false"/>
                            </lines>
                        </method>
                        <method name="&lt;once_cell::unsync::OnceCell&lt;&amp;str&gt; as core::convert::From&lt;&amp;str&gt;&gt;::from" signature="" complexity="0" line-rate="1" branch-rate="1">
                            <lines>
                                <line hits="1" number="463" branch="false"/>
                            </lines>
                        </method>
                        <method name="&lt;once_cell::unsync::OnceCell&lt;isize&gt; as core::convert::From&lt;isize&gt;&gt;::from" signature="" complexity="0" line-rate="1" branch-rate="1">
                            <lines>
                                <line hits="8" number="463" branch="false"/>
                            </lines>
                        </method>
                        <method name="&lt;once_cell::sync::Lazy&lt;usize&gt; as core::default::Default&gt;::default" signature="" complexity="0" line-rate="1" branch-rate="1">
                            <lines>
                                <line hits="1" number="1388" branch="false"/>
                            </lines>
                        </method>
                        <method name="&lt;once_cell::sync::Lazy&lt;i16&gt; as core::default::Default&gt;::default" signature="" complexity="0" line-rate="1" branch-rate="1">
                            <lines>
                                <line hits="1" number="1388" branch="false"/>
                            </lines>
                        </method>
                        <method name="&lt;once_cell::unsync::Lazy&lt;i32&gt; as core::default::Default&gt;::default" signature="" complexity="0" line-rate="1" branch-rate="1">
                            <lines>
                                <line hits="1" number="855" branch="false"/>
                            </lines>
                        </method>
                        <method name="&lt;once_cell::unsync::Lazy&lt;u16&gt; as core::default::Default&gt;::default" signature="" complexity="0" line-rate="1" branch-rate="1">
                            <lines>
                                <line hits="1" number="855" branch="false"/>
                            </lines>
                        </method>
                    </methods>
                    <lines>
                        <line branch="false" hits="5" number="424"/>
                        <line branch="false" hits="5" number="425"/>
                        <line branch="false" hits="5" number="426"/>
                        <line branch="false" hits="0" number="430"/>
                        <line branch="false" hits="0" number="431"/>
                        <line branch="false" hits="0" number="432"/>
                        <line branch="false" hits="0" number="433"/>
                        <line branch="false" hits="0" number="435"/>
                        <line branch="false" hits="5" number="439"/>
                        <line branch="false" hits="5" number="440"/>
                        <line branch="false" hits="4" number="441"/>
                        <line branch="false" hits="1" number="442"/>
                        <line branch="false" hits="5" number="444"/>
                        <line branch="false" hits="1" number="446"/>
                        <line branch="false" hits="1" number="447"/>
                        <line branch="false" hits="0" number="448"/>
                        <line branch="false" hits="1" number="449"/>
                        <line branch="false" hits="1" number="451"/>
                        <line branch="false" hits="5" number="455"/>
                        <line branch="false" hits="5" number="456"/>
                        <line branch="false" hits="5" number="457"/>
                        <line branch="false" hits="10" number="463"/>
                        <line branch="false" hits="10" number="464"/>
                        <line branch="false" hits="10" number="465"/>
                        <line branch="false" hits="32" number="470"/>
                        <line branch="false" hits="32" number="471"/>
                        <line branch="false" hits="32" number="472"/>
                        <line branch="false" hits="28" number="475"/>
                        <line branch="false" hits="28" number="476"/>
                        <line branch="false" hits="28" number="477"/>
                        <line branch="false" hits="18" number="483"/>
                        <line branch="false" hits="18" number="484"/>
                        <line branch="false" hits="18" number="485"/>
                        <line branch="false" hits="18" number="486"/>
                        <line branch="false" hits="18" number="487"/>
                        <line branch="false" hits="18" number="488"/>
                        <line branch="false" hits="18" number="489"/>
                        <line branch="false" hits="7" number="508"/>
                        <line branch="false" hits="7" number="509"/>
                        <line branch="false" hits="7" number="510"/>
                        <line branch="false" hits="7" number="511"/>
                        <line branch="false" hits="1" number="530"/>
                        <line branch="false" hits="1" number="531"/>
                        <line branch="false" hits="1" number="532"/>
                        <line branch="false" hits="0" number="533"/>
                        <line branch="false" hits="1" number="535"/>
                        <line branch="false" hits="1" number="551"/>
                        <line branch="true" hits="1" number="552" condition-coverage="50% (1/2)"/>
                        <line branch="false" hits="0" number="553"/>
                        <line branch="false" hits="1" number="554"/>
                        <line branch="false" hits="1" number="555"/>
                        <line branch="false" hits="1" number="556"/>
                        <line branch="false" hits="1" number="557"/>
                        <line branch="false" hits="1" number="558"/>
                        <line branch="false" hits="1" number="559"/>
                        <line branch="false" hits="1" number="560"/>
                        <line branch="false" hits="1" number="561"/>
                        <line branch="false" hits="1" number="562"/>
                        <line branch="false" hits="1" number="563"/>
                        <line branch="false" hits="0" number="586"/>
                        <line branch="false" hits="0" number="587"/>
                        <line branch="false" hits="0" number="588"/>
                        <line branch="false" hits="0" number="589"/>
                        <line branch="false" hits="0" number="591"/>
                        <line branch="false" hits="0" number="592"/>
                        <line branch="false" hits="0" number="593"/>
                        <line branch="false" hits="0" number="594"/>
                        <line branch="false" hits="0" number="595"/>
                        <line branch="false" hits="0" number="622"/>
                        <line branch="false" hits="0" number="623"/>
                        <line branch="false" hits="0" number="624"/>
                        <line branch="false" hits="0" number="625"/>
                        <line branch="false" hits="0" number="626"/>
                        <line branch="false" hits="0" number="627"/>
                        <line branch="false" hits="0" number="628"/>
                        <line branch="false" hits="0" number="629"/>
                        <line branch="false" hits="0" number="634"/>
                        <line branch="false" hits="0" number="635"/>
                        <line branch="false" hits="0" number="636"/>
                        <line branch="false" hits="2" number="667"/>
                        <line branch="false" hits="2" number="668"/>
                        <line branch="false" hits="2" number="669"/>
                        <line branch="false" hits="11" number="687"/>
                        <line branch="false" hits="11" number="688"/>
                        <line branch="false" hits="11" number="689"/>
                        <line branch="false" hits="11" number="690"/>
                        <line branch="false" hits="11" number="691"/>
                        <line branch="false" hits="0" number="722"/>
                        <line branch="false" hits="0" number="723"/>
                        <line branch="false" hits="0" number="724"/>
                        <line branch="false" hits="11" number="742"/>
                        <line branch="false" hits="11" number="743"/>
                        <line branch="false" hits="11" number="744"/>
                        <line branch="false" hits="4" number="749"/>
                        <line branch="false" hits="4" number="750"/>
                        <line branch="false" hits="4" number="751"/>
                        <line branch="false" hits="4" number="752"/>
                        <line branch="false" hits="4" number="753"/>
                        <line branch="false" hits="4" number="754"/>
                        <line branch="false" hits="4" number="755"/>
                        <line branch="false" hits="0" number="773"/>
                        <line branch="false" hits="0" number="774"/>
                        <line branch="false" hits="0" number="775"/>
                        <line branch="false" hits="0" number="776"/>
                        <line branch="false" hits="0" number="777"/>
                        <line branch="false" hits="0" number="778"/>
                        <line branch="false" hits="0" number="794"/>
                        <line branch="false" hits="0" number="795"/>
                        <line branch="false" hits="0" number="796"/>
                        <line branch="false" hits="0" number="797"/>
                        <line branch="false" hits="0" number="798"/>
                        <line branch="false" hits="0" number="800"/>
                        <line branch="false" hits="0" number="801"/>
                        <line branch="false" hits="0" number="802"/>
                        <line branch="false" hits="0" number="803"/>
                        <line branch="false" hits="0" number="818"/>
                        <line branch="false" hits="0" number="819"/>
                        <line branch="false" hits="0" number="820"/>
                        <line branch="false" hits="0" number="835"/>
                        <line branch="false" hits="0" number="836"/>
                        <line branch="false" hits="0" number="837"/>
                        <line branch="false" hits="0" number="842"/>
                        <line branch="false" hits="0" number="843"/>
                        <line branch="false" hits="0" number="844"/>
                        <line branch="false" hits="0" number="848"/>
                        <line branch="false" hits="0" number="849"/>
                        <line branch="false" hits="0" number="850"/>
                        <line branch="false" hits="2" number="855"/>
                        <line branch="false" hits="2" number="856"/>
                        <line branch="false" hits="2" number="857"/>
                        <line branch="false" hits="13" number="904"/>
                        <line branch="false" hits="13" number="905"/>
                        <line branch="false" hits="13" number="906"/>
                        <line branch="false" hits="0" number="910"/>
                        <line branch="false" hits="0" number="911"/>
                        <line branch="false" hits="0" number="912"/>
                        <line branch="false" hits="0" number="913"/>
                        <line branch="false" hits="0" number="915"/>
                        <line branch="false" hits="4" number="919"/>
                        <line branch="false" hits="4" number="920"/>
                        <line branch="false" hits="0" number="921"/>
                        <line branch="false" hits="4" number="922"/>
                        <line branch="false" hits="4" number="924"/>
                        <line branch="false" hits="2" number="926"/>
                        <line branch="false" hits="2" number="927"/>
                        <line branch="false" hits="0" number="928"/>
                        <line branch="false" hits="2" number="929"/>
                        <line branch="false" hits="2" number="931"/>
                        <line branch="false" hits="5" number="935"/>
                        <line branch="false" hits="5" number="936"/>
                        <line branch="false" hits="5" number="937"/>
                        <line branch="false" hits="3" number="941"/>
                        <line branch="false" hits="3" number="942"/>
                        <line branch="false" hits="3" number="943"/>
                        <line branch="false" hits="49" number="950"/>
                        <line branch="false" hits="49" number="951"/>
                        <line branch="false" hits="49" number="952"/>
                        <line branch="false" hits="13" number="955"/>
                        <line branch="false" hits="13" number="956"/>
                        <line branch="false" hits="13" number="957"/>
                        <line branch="false" hits="25" number="963"/>
                        <line branch="true" hits="25" number="964" condition-coverage="50% (5/10)"/>
                        <line branch="false" hits="5" number="966"/>
                        <line branch="false" hits="20" number="968"/>
                        <line branch="false" hits="25" number="970"/>
                        <line branch="false" hits="1" number="993"/>
                        <line branch="true" hits="1" number="994" condition-coverage="50% (1/2)"/>
                        <line branch="false" hits="0" number="995"/>
                        <line branch="false" hits="1" number="996"/>
                        <line branch="false" hits="1" number="997"/>
                        <line branch="false" hits="1" number="1000"/>
                        <line branch="false" hits="1" number="1001"/>
                        <line branch="false" hits="3" number="1019"/>
                        <line branch="false" hits="3" number="1020"/>
                        <line branch="false" hits="3" number="1021"/>
                        <line branch="false" hits="11" number="1031"/>
                        <line branch="false" hits="11" number="1032"/>
                        <line branch="false" hits="11" number="1033"/>
                        <line branch="false" hits="5" number="1058"/>
                        <line branch="false" hits="5" number="1059"/>
                        <line branch="false" hits="3" number="1060"/>
                        <line branch="false" hits="2" number="1061"/>
                        <line branch="false" hits="5" number="1063"/>
                        <line branch="false" hits="8" number="1080"/>
                        <line branch="false" hits="8" number="1081"/>
                        <line branch="false" hits="8" number="1082"/>
                        <line branch="false" hits="8" number="1083"/>
                        <line branch="false" hits="5" number="1084"/>
                        <line branch="false" hits="3" number="1085"/>
                        <line branch="false" hits="8" number="1087"/>
                        <line branch="false" hits="8" number="1115"/>
                        <line branch="false" hits="8" number="1116"/>
                        <line branch="false" hits="8" number="1117"/>
                        <line branch="false" hits="8" number="1118"/>
                        <line branch="false" hits="8" number="1120"/>
                        <line branch="false" hits="8" number="1121"/>
                        <line branch="false" hits="8" number="1122"/>
                        <line branch="false" hits="8" number="1123"/>
                        <line branch="false" hits="8" number="1124"/>
                        <line branch="false" hits="8" number="1152"/>
                        <line branch="false" hits="8" number="1153"/>
                        <line branch="false" hits="8" number="1154"/>
                        <line branch="false" hits="8" number="1155"/>
                        <line branch="true" hits="8" number="1157" condition-coverage="100% (2/2)"/>
                        <line branch="false" hits="3" number="1158"/>
                        <line branch="false" hits="5" number="1159"/>
                        <line branch="false" hits="5" number="1160"/>
                        <line branch="false" hits="5" number="1161"/>
                        <line branch="false" hits="5" number="1164"/>
                        <line branch="false" hits="5" number="1165"/>
                        <line branch="false" hits="8" number="1166"/>
                        <line branch="false" hits="2" number="1197"/>
                        <line branch="false" hits="2" number="1198"/>
                        <line branch="false" hits="2" number="1199"/>
                        <line branch="false" hits="7" number="1217"/>
                        <line branch="false" hits="7" number="1218"/>
                        <line branch="false" hits="7" number="1219"/>
                        <line branch="false" hits="0" number="1261"/>
                        <line branch="false" hits="0" number="1262"/>
                        <line branch="false" hits="0" number="1263"/>
                        <line branch="false" hits="12" number="1278"/>
                        <line branch="false" hits="12" number="1279"/>
                        <line branch="false" hits="12" number="1280"/>
                        <line branch="false" hits="3" number="1285"/>
                        <line branch="false" hits="3" number="1286"/>
                        <line branch="false" hits="3" number="1287"/>
                        <line branch="false" hits="3" number="1288"/>
                        <line branch="false" hits="3" number="1289"/>
                        <line branch="false" hits="3" number="1290"/>
                        <line branch="false" hits="3" number="1291"/>
                        <line branch="false" hits="0" number="1308"/>
                        <line branch="false" hits="0" number="1309"/>
                        <line branch="false" hits="0" number="1310"/>
                        <line branch="false" hits="0" number="1311"/>
                        <line branch="false" hits="0" number="1312"/>
                        <line branch="false" hits="0" number="1313"/>
                        <line branch="false" hits="0" number="1327"/>
                        <line branch="false" hits="0" number="1328"/>
                        <line branch="false" hits="0" number="1329"/>
                        <line branch="false" hits="0" number="1330"/>
                        <line branch="false" hits="0" number="1331"/>
                        <line branch="false" hits="0" number="1333"/>
                        <line branch="false" hits="0" number="1334"/>
                        <line branch="false" hits="0" number="1335"/>
                        <line branch="false" hits="0" number="1336"/>
                        <line branch="false" hits="0" number="1351"/>
                        <line branch="false" hits="0" number="1352"/>
                        <line branch="false" hits="0" number="1353"/>
                        <line branch="false" hits="0" number="1368"/>
                        <line branch="false" hits="0" number="1369"/>
                        <line branch="false" hits="0" number="1370"/>
                        <line branch="false" hits="0" number="1375"/>
                        <line branch="false" hits="0" number="1376"/>
                        <line branch="false" hits="0" number="1377"/>
                        <line branch="false" hits="0" number="1381"/>
                        <line branch="false" hits="0" number="1382"/>
                        <line branch="false" hits="0" number="1383"/>
                        <line branch="false" hits="2" number="1388"/>
                        <line branch="false" hits="2" number="1389"/>
                        <line branch="false" hits="2" number="1390"/>
                        <line branch="false" hits="0" number="1408"/>
                        <line branch="false" hits="0" number="1463"/>
                        <line branch="false" hits="1" number="1464"/>
                        <line branch="false" hits="1" number="1465"/>
                        <line branch="false" hits="1" number="1466"/>
                        <line branch="false" hits="1" number="1467"/>
                        <line branch="false" hits="1" number="1468"/>
                        <line branch="false" hits="1" number="1469"/>
                        <line branch="false" hits="1" number="1470"/>
                        <line branch="false" hits="1" number="1471"/>
                        <line branch="false" hits="1" number="1472"/>
                        <line branch="false" hits="1" number="1473"/>
                        <line branch="false" hits="1" number="1474"/>
                        <line branch="false" hits="1" number="1475"/>
                        <line branch="false" hits="1" number="1476"/>
                        <line branch="false" hits="1" number="1477"/>
                        <line branch="false" hits="1" number="1478"/>
                        <line branch="false" hits="1" number="1479"/>
                        <line branch="false" hits="1" number="1480"/>
                        <line branch="false" hits="1" number="1481"/>
                        <line branch="false" hits="1" number="1482"/>
                        <line branch="false" hits="1" number="1483"/>
                        <line branch="false" hits="1" number="1484"/>
                        <line branch="false" hits="1" number="1485"/>
                        <line branch="false" hits="1" number="1486"/>
                        <line branch="false" hits="1" number="1487"/>
                        <line branch="false" hits="1" number="1488"/>
                        <line branch="false" hits="1" number="1489"/>
                        <line branch="false" hits="1" number="1490"/>
                        <line branch="false" hits="1" number="1491"/>
                        <line branch="false" hits="1" number="1492"/>
                        <line branch="false" hits="1" number="1493"/>
                        <line branch="false" hits="1" number="1494"/>
                        <line branch="false" hits="1" number="1495"/>
                        <line branch="false" hits="1" number="1496"/>
                        <line branch="false" hits="1" number="1497"/>
                    </lines>
                </class>
                <class branch-rate="0.4166666666666667" complexity="0" filename="src/imp_std.rs" line-rate="0.8302752293577982" name="src.imp_std.rs">
                    <methods>
                        <method name="&lt;once_cell::imp::OnceCell&lt;()&gt;&gt;::init::&lt;once_cell::imp::tests::poison_bad::{closure#0}::{closure#0}&gt;" signature="" complexity="0" line-rate="0" branch-rate="0">
                            <lines>
                                <line hits="0" number="298" branch="false"/>
                            </lines>
                        </method>
                        <method name="&lt;once_cell::imp::OnceCell&lt;()&gt;&gt;::init::&lt;once_cell::imp::tests::stampede_once::{closure#0}::{closure#0}&gt;" signature="" complexity="0" line-rate="0" branch-rate="0">
                            <lines>
                                <line hits="0" number="298" branch="false"/>
                            </lines>
                        </method>
                        <method name="&lt;once_cell::imp::OnceCell&lt;()&gt;&gt;::init::&lt;once_cell::imp::tests::wait_for_force_to_finish::{closure#0}::{closure#0}&gt;" signature="" complexity="0" line-rate="0" branch-rate="0">
                            <lines>
                                <line hits="0" number="298" branch="false"/>
                            </lines>
                        </method>
                        <method name="&lt;once_cell::imp::OnceCell&lt;()&gt;&gt;::init::&lt;once_cell::imp::tests::wait_for_force_to_finish::{closure#2}::{closure#0}&gt;" signature="" complexity="0" line-rate="0" branch-rate="0">
                            <lines>
                                <line hits="0" number="298" branch="false"/>
                            </lines>
                        </method>
                        <method name="&lt;once_cell::imp::OnceCell&lt;()&gt;&gt;::init::&lt;once_cell::imp::tests::wait_for_force_to_finish::{closure#1}::{closure#0}&gt;" signature="" complexity="0" line-rate="0" branch-rate="0">
                            <lines>
                                <line hits="0" number="298" branch="false"/>
                            </lines>
                        </method>
                        <method name="&lt;once_cell::imp::OnceCell&lt;()&gt;&gt;::init::&lt;once_cell::imp::tests::poison_bad::{closure#2}&gt;" signature="" complexity="0" line-rate="0" branch-rate="0">
                            <lines>
                                <line hits="0" number="298" branch="false"/>
                            </lines>
                        </method>
                        <method name="&lt;once_cell::imp::OnceCell&lt;()&gt;&gt;::init::&lt;once_cell::imp::tests::poison_bad::{closure#1}&gt;" signature="" complexity="0" line-rate="0" branch-rate="0">
                            <lines>
                                <line hits="0" number="298" branch="false"/>
                            </lines>
                        </method>
                        <method name="&lt;once_cell::imp::OnceCell&lt;()&gt;&gt;::init::&lt;once_cell::imp::tests::smoke_once::{closure#0}&gt;" signature="" complexity="0" line-rate="0" branch-rate="0">
                            <lines>
                                <line hits="0" number="298" branch="false"/>
                            </lines>
                        </method>
                        <method name="&lt;once_cell::imp::OnceCell&lt;()&gt;&gt;::init::&lt;once_cell::imp::tests::smoke_once::{closure#1}&gt;" signature="" complexity="0" line-rate="0" branch-rate="0">
                            <lines>
                                <line hits="0" number="298" branch="false"/>
                            </lines>
                        </method>
                        <method name="&lt;once_cell::imp::OnceCell&lt;()&gt;&gt;::init::&lt;once_cell::imp::tests::stampede_once::{closure#1}&gt;" signature="" complexity="0" line-rate="0" branch-rate="0">
                            <lines>
                                <line hits="0" number="298" branch="false"/>
                            </lines>
                        </method>
                        <method name="&lt;once_cell::imp::OnceCell&lt;isize&gt;&gt;::initialize::&lt;&lt;once_cell::sync::OnceCell&lt;isize&gt;&gt;::get_or_init&lt;&lt;once_cell::sync::OnceCell&lt;isize&gt;&gt;::try_insert::{closure#0}&gt;::{closure#0}, &lt;once_cell::sync::OnceCell&lt;_&gt;&gt;::get_or_init::Void&gt;" signature="" complexity="0" line-rate="1" branch-rate="1">
                            <lines>
                                <line hits="5" number="61" branch="false"/>
                            </lines>
                        </method>
                        <method name="&lt;once_cell::imp::OnceCell&lt;()&gt;&gt;::initialize::&lt;&lt;once_cell::imp::OnceCell&lt;()&gt;&gt;::init&lt;once_cell::imp::tests::poison_bad::{closure#0}::{closure#0}&gt;::{closure#0}, &lt;once_cell::imp::OnceCell&lt;_&gt;&gt;::init::Void&gt;" signature="" complexity="0" line-rate="0" branch-rate="0">
                            <lines>
                                <line hits="0" number="61" branch="false"/>
                            </lines>
                        </method>
                        <method name="&lt;once_cell::imp::OnceCell&lt;()&gt;&gt;::initialize::&lt;&lt;once_cell::imp::OnceCell&lt;()&gt;&gt;::init&lt;once_cell::imp::tests::stampede_once::{closure#0}::{closure#0}&gt;::{closure#0}, &lt;once_cell::imp::OnceCell&lt;_&gt;&gt;::init::Void&gt;" signature="" complexity="0" line-rate="0" branch-rate="0">
                            <lines>
                                <line hits="0" number="61" branch="false"/>
                            </lines>
                        </method>
                        <method name="&lt;once_cell::imp::OnceCell&lt;()&gt;&gt;::initialize::&lt;&lt;once_cell::imp::OnceCell&lt;()&gt;&gt;::init&lt;once_cell::imp::tests::wait_for_force_to_finish::{closure#0}::{closure#0}&gt;::{closure#0}, &lt;once_cell::imp::OnceCell&lt;_&gt;&gt;::init::Void&gt;" signature="" complexity="0" line-rate="0" branch-rate="0">
                            <lines>
                                <line hits="0" number="61" branch="false"/>
                            </lines>
                        </method>
                        <method name="&lt;once_cell::imp::OnceCell&lt;()&gt;&gt;::initialize::&lt;&lt;once_cell::imp::OnceCell&lt;()&gt;&gt;::init&lt;once_cell::imp::tests::wait_for_force_to_finish::{closure#2}::{closure#0}&gt;::{closure#0}, &lt;once_cell::imp::OnceCell&lt;_&gt;&gt;::init::Void&gt;" signature="" complexity="0" line-rate="0" branch-rate="0">
                            <lines>
                                <line hits="0" number="61" branch="false"/>
                            </lines>
                        </method>
                        <method name="&lt;once_cell::imp::OnceCell&lt;()&gt;&gt;::initialize::&lt;&lt;once_cell::imp::OnceCell&lt;()&gt;&gt;::init&lt;once_cell::imp::tests::wait_for_force_to_finish::{closure#1}::{closure#0}&gt;::{closure#0}, &lt;once_cell::imp::OnceCell&lt;_&gt;&gt;::init::Void&gt;" signature="" complexity="0" line-rate="0" branch-rate="0">
                            <lines>
                                <line hits="0" number="61" branch="false"/>
                            </lines>
                        </method>
[...]
                        <line branch="false" hits="1" number="920"/>
                        <line branch="false" hits="1" number="921"/>
                        <line branch="false" hits="1" number="922"/>
                        <line branch="false" hits="1" number="923"/>
                        <line branch="false" hits="1" number="924"/>
                        <line branch="false" hits="1" number="925"/>
                        <line branch="false" hits="1" number="926"/>
                        <line branch="false" hits="1" number="927"/>
                        <line branch="false" hits="1" number="928"/>
                        <line branch="false" hits="1" number="929"/>
                        <line branch="false" hits="1" number="930"/>
                        <line branch="false" hits="1" number="931"/>
                    </lines>
                </class>
                <class branch-rate="0" complexity="0" filename="src/rusty_monitor.rs" line-rate="0.02" name="src.rusty_monitor.rs">
                    <methods>
                        <method name="once_cell::rusty_monitor::trace_entry::{closure#0}" signature="" complexity="0" line-rate="0" branch-rate="0">
                            <lines>
                                <line hits="0" number="149" branch="false"/>
                            </lines>
                        </method>
                        <method name="once_cell::rusty_monitor::trace_branch_hit::{closure#0}" signature="" complexity="0" line-rate="0" branch-rate="0">
                            <lines>
                                <line hits="0" number="206" branch="false"/>
                            </lines>
                        </method>
                        <method name="once_cell::rusty_monitor::trace_branch_bool::{closure#0}" signature="" complexity="0" line-rate="0" branch-rate="0">
                            <lines>
                                <line hits="0" number="221" branch="false"/>
                            </lines>
                        </method>
                        <method name="once_cell::rusty_monitor::trace_zero_or_one::{closure#0}" signature="" complexity="0" line-rate="0" branch-rate="0">
                            <lines>
                                <line hits="0" number="154" branch="false"/>
                            </lines>
                        </method>
                        <method name="once_cell::rusty_monitor::trace_switch_value_with_var_int::{closure#0}" signature="" complexity="0" line-rate="0" branch-rate="0">
                            <lines>
                                <line hits="0" number="180" branch="false"/>
                            </lines>
                        </method>
                        <method name="once_cell::rusty_monitor::trace_switch_value_with_var_bool::{closure#0}" signature="" complexity="0" line-rate="0" branch-rate="0">
                            <lines>
                                <line hits="0" number="164" branch="false"/>
                            </lines>
                        </method>
                        <method name="once_cell::rusty_monitor::trace_switch_value_with_var_char::{closure#0}" signature="" complexity="0" line-rate="0" branch-rate="0">
                            <lines>
                                <line hits="0" number="196" branch="false"/>
                            </lines>
                        </method>
                        <method name="&lt;once_cell::rusty_monitor::Monitor&gt;::set_test_id" signature="" complexity="0" line-rate="0" branch-rate="0">
                            <lines>
                                <line hits="0" number="99" branch="false"/>
                            </lines>
                        </method>
                        <method name="&lt;once_cell::rusty_monitor::Monitor&gt;::trace_branch" signature="" complexity="0" line-rate="0" branch-rate="0">
                            <lines>
                                <line hits="0" number="113" branch="false"/>
                            </lines>
                        </method>
                        <method name="&lt;once_cell::rusty_monitor::Monitor&gt;::new" signature="" complexity="0" line-rate="0" branch-rate="0">
                            <lines>
                                <line hits="0" number="130" branch="false"/>
                            </lines>
                        </method>
                        <method name="&lt;once_cell::rusty_monitor::Monitor&gt;::clear" signature="" complexity="0" line-rate="0" branch-rate="0">
                            <lines>
                                <line hits="0" number="123" branch="false"/>
                            </lines>
                        </method>
                        <method name="&lt;once_cell::rusty_monitor::Monitor&gt;::trace_fn" signature="" complexity="0" line-rate="0" branch-rate="0">
                            <lines>
                                <line hits="0" number="103" branch="false"/>
                            </lines>
                        </method>
                        <method name="once_cell::rusty_monitor::set_test_id" signature="" complexity="0" line-rate="1" branch-rate="1">
                            <lines>
                                <line hits="17" number="291" branch="false"/>
                            </lines>
                        </method>
                        <method name="once_cell::rusty_monitor::trace_const" signature="" complexity="0" line-rate="0" branch-rate="0">
                            <lines>
                                <line hits="0" number="289" branch="false"/>
                            </lines>
                        </method>
                        <method name="once_cell::rusty_monitor::trace_entry" signature="" complexity="0" line-rate="0" branch-rate="0">
                            <lines>
                                <line hits="0" number="148" branch="false"/>
                            </lines>
                        </method>
                        <method name="once_cell::rusty_monitor::trace_branch_hit" signature="" complexity="0" line-rate="0" branch-rate="0">
                            <lines>
                                <line hits="0" number="205" branch="false"/>
                            </lines>
                        </method>
                        <method name="once_cell::rusty_monitor::trace_branch_bool" signature="" complexity="0" line-rate="0" branch-rate="0">
                            <lines>
                                <line hits="0" number="211" branch="false"/>
                            </lines>
                        </method>
                        <method name="once_cell::rusty_monitor::trace_zero_or_one" signature="" complexity="0" line-rate="0" branch-rate="0">
                            <lines>
                                <line hits="0" number="152" branch="false"/>
                            </lines>
                        </method>
                        <method name="once_cell::rusty_monitor::trace_switch_value_with_var_int" signature="" complexity="0" line-rate="0" branch-rate="0">
                            <lines>
                                <line hits="0" number="169" branch="false"/>
                            </lines>
                        </method>
                        <method name="once_cell::rusty_monitor::trace_switch_value_with_var_bool" signature="" complexity="0" line-rate="0" branch-rate="0">
                            <lines>
                                <line hits="0" number="157" branch="false"/>
                            </lines>
                        </method>
                        <method name="once_cell::rusty_monitor::trace_switch_value_with_var_char" signature="" complexity="0" line-rate="0" branch-rate="0">
                            <lines>
                                <line hits="0" number="185" branch="false"/>
                            </lines>
                        </method>
                        <method name="once_cell::rusty_monitor::distance" signature="" complexity="0" line-rate="0" branch-rate="0">
                            <lines>
                                <line hits="0" number="224" branch="false"/>
                            </lines>
                        </method>
                        <method name="once_cell::rusty_monitor::trace_op" signature="" complexity="0" line-rate="0" branch-rate="0">
                            <lines>
                                <line hits="0" number="201" branch="false"/>
                            </lines>
                        </method>
                        <method name="&lt;once_cell::rusty_monitor::BinaryOp as core::convert::Into&lt;u32&gt;&gt;::into" signature="" complexity="0" line-rate="0" branch-rate="0">
                            <lines>
                                <line hits="0" number="50" branch="false"/>
                            </lines>
                        </method>
                        <method name="&lt;once_cell::rusty_monitor::UnaryOp as core::convert::Into&lt;u32&gt;&gt;::into" signature="" complexity="0" line-rate="0" branch-rate="0">
                            <lines>
                                <line hits="0" number="81" branch="false"/>
                            </lines>
                        </method>
                    </methods>
                    <lines>
                        <line branch="false" hits="0" number="50"/>
                        <line branch="false" hits="0" number="51"/>
                        <line branch="false" hits="0" number="52"/>
                        <line branch="false" hits="0" number="53"/>
                        <line branch="false" hits="0" number="54"/>
                        <line branch="false" hits="0" number="55"/>
                        <line branch="false" hits="0" number="56"/>
                        <line branch="false" hits="0" number="57"/>
                        <line branch="false" hits="0" number="58"/>
                        <line branch="false" hits="0" number="59"/>
                        <line branch="false" hits="0" number="60"/>
                        <line branch="false" hits="0" number="61"/>
                        <line branch="false" hits="0" number="62"/>
                        <line branch="false" hits="0" number="63"/>
                        <line branch="false" hits="0" number="64"/>
                        <line branch="false" hits="0" number="65"/>
                        <line branch="false" hits="0" number="66"/>
                        <line branch="false" hits="0" number="67"/>
                        <line branch="false" hits="0" number="68"/>
                        <line branch="false" hits="0" number="70"/>
                        <line branch="false" hits="0" number="81"/>
                        <line branch="false" hits="0" number="82"/>
                        <line branch="false" hits="0" number="83"/>
                        <line branch="false" hits="0" number="84"/>
                        <line branch="false" hits="0" number="86"/>
                        <line branch="false" hits="0" number="99"/>
                        <line branch="false" hits="0" number="100"/>
                        <line branch="false" hits="0" number="101"/>
                        <line branch="false" hits="0" number="103"/>
                        <line branch="false" hits="0" number="104"/>
                        <line branch="false" hits="0" number="105"/>
                        <line branch="false" hits="0" number="106"/>
                        <line branch="false" hits="0" number="107"/>
                        <line branch="false" hits="0" number="108"/>
                        <line branch="false" hits="0" number="109"/>
                        <line branch="false" hits="0" number="110"/>
                        <line branch="false" hits="0" number="111"/>
                        <line branch="false" hits="0" number="112"/>
                        <line branch="false" hits="0" number="113"/>
                        <line branch="false" hits="0" number="114"/>
                        <line branch="false" hits="0" number="115"/>
                        <line branch="false" hits="0" number="116"/>
                        <line branch="false" hits="0" number="117"/>
                        <line branch="false" hits="0" number="118"/>
                        <line branch="false" hits="0" number="119"/>
                        <line branch="false" hits="0" number="120"/>
                        <line branch="false" hits="0" number="121"/>
                        <line branch="false" hits="0" number="123"/>
                        <line branch="false" hits="0" number="124"/>
                        <line branch="false" hits="0" number="125"/>
                        <line branch="false" hits="0" number="126"/>
                        <line branch="false" hits="0" number="127"/>
                        <line branch="false" hits="0" number="128"/>
                        <line branch="false" hits="0" number="130"/>
                        <line branch="false" hits="0" number="131"/>
                        <line branch="false" hits="0" number="132"/>
                        <line branch="false" hits="0" number="133"/>
                        <line branch="false" hits="0" number="134"/>
                        <line branch="false" hits="0" number="135"/>
                        <line branch="false" hits="0" number="136"/>
                        <line branch="false" hits="0" number="137"/>
                        <line branch="false" hits="0" number="138"/>
                        <line branch="false" hits="0" number="139"/>
                        <line branch="false" hits="0" number="140"/>
                        <line branch="false" hits="0" number="141"/>
                        <line branch="false" hits="0" number="142"/>
                        <line branch="false" hits="0" number="143"/>
                        <line branch="false" hits="0" number="144"/>
                        <line branch="false" hits="0" number="145"/>
                        <line branch="false" hits="0" number="148"/>
                        <line branch="false" hits="0" number="149"/>
                        <line branch="false" hits="0" number="150"/>
                        <line branch="false" hits="0" number="152"/>
                        <line branch="false" hits="0" number="153"/>
                        <line branch="false" hits="0" number="154"/>
                        <line branch="false" hits="0" number="155"/>
                        <line branch="false" hits="0" number="157"/>
                        <line branch="false" hits="0" number="158"/>
                        <line branch="false" hits="0" number="159"/>
                        <line branch="false" hits="0" number="161"/>
                        <line branch="false" hits="0" number="164"/>
                        <line branch="false" hits="0" number="165"/>
                        <line branch="false" hits="0" number="166"/>
                        <line branch="false" hits="0" number="167"/>
                        <line branch="false" hits="0" number="169"/>
                        <line branch="false" hits="0" number="170"/>
                        <line branch="false" hits="0" number="171"/>
                        <line branch="false" hits="0" number="173"/>
                        <line branch="false" hits="0" number="174"/>
                        <line branch="false" hits="0" number="176"/>
                        <line branch="false" hits="0" number="180"/>
                        <line branch="false" hits="0" number="181"/>
                        <line branch="false" hits="0" number="182"/>
                        <line branch="false" hits="0" number="183"/>
                        <line branch="false" hits="0" number="185"/>
                        <line branch="false" hits="0" number="186"/>
                        <line branch="false" hits="0" number="187"/>
                        <line branch="false" hits="0" number="189"/>
                        <line branch="false" hits="0" number="190"/>
                        <line branch="false" hits="0" number="192"/>
                        <line branch="false" hits="0" number="196"/>
                        <line branch="false" hits="0" number="197"/>
                        <line branch="false" hits="0" number="198"/>
                        <line branch="false" hits="0" number="199"/>
                        <line branch="false" hits="0" number="201"/>
                        <line branch="false" hits="0" number="202"/>
                        <line branch="false" hits="0" number="203"/>
                        <line branch="false" hits="0" number="205"/>
                        <line branch="false" hits="0" number="206"/>
                        <line branch="false" hits="0" number="207"/>
                        <line branch="false" hits="0" number="208"/>
                        <line branch="false" hits="0" number="209"/>
                        <line branch="false" hits="0" number="211"/>
                        <line branch="false" hits="0" number="212"/>
                        <line branch="false" hits="0" number="213"/>
                        <line branch="false" hits="0" number="214"/>
                        <line branch="false" hits="0" number="215"/>
                        <line branch="false" hits="0" number="216"/>
                        <line branch="false" hits="0" number="217"/>
                        <line branch="false" hits="0" number="218"/>
                        <line branch="false" hits="0" number="219"/>
                        <line branch="false" hits="0" number="220"/>
                        <line branch="false" hits="0" number="221"/>
                        <line branch="false" hits="0" number="222"/>
                        <line branch="false" hits="0" number="224"/>
                        <line branch="false" hits="0" number="225"/>
                        <line branch="false" hits="0" number="228"/>
                        <line branch="false" hits="0" number="230"/>
                        <line branch="false" hits="0" number="233"/>
                        <line branch="false" hits="0" number="238"/>
                        <line branch="false" hits="0" number="240"/>
                        <line branch="false" hits="0" number="243"/>
                        <line branch="false" hits="0" number="248"/>
                        <line branch="false" hits="0" number="250"/>
                        <line branch="false" hits="0" number="253"/>
                        <line branch="false" hits="0" number="258"/>
                        <line branch="false" hits="0" number="260"/>
                        <line branch="false" hits="0" number="263"/>
                        <line branch="false" hits="0" number="268"/>
                        <line branch="false" hits="0" number="270"/>
                        <line branch="false" hits="0" number="272"/>
                        <line branch="false" hits="0" number="277"/>
                        <line branch="false" hits="0" number="279"/>
                        <line branch="false" hits="0" number="282"/>
                        <line branch="false" hits="0" number="285"/>
                        <line branch="false" hits="0" number="287"/>
                        <line branch="false" hits="0" number="289"/>
                        <line branch="false" hits="17" number="291"/>
                        <line branch="false" hits="17" number="292"/>
                        <line branch="false" hits="17" number="293"/>
                    </lines>
                </class>
            </classes>
        </package>
    </packages>
</coverage>