{
  "name": "regex_syntax::ast::parse::ast::parse::ParserI<'s, P>::char_at",
  "name_with_impl": "regex_syntax::ast::parse::{impl#4}::char_at",
  "mod_info": {
    "name": "ast::parse",
    "loc": "regex-syntax/src/ast/mod.rs:21:1:21:15"
  },
  "visible": false,
  "loc": "regex-syntax/src/ast/parse.rs:471:5:476:6",
  "fn_tests": [
    {
      "chain_id": 1,
      "prompt_conds": [
        "// constraint: self.pattern()[i..] is \n"
      ],
      "input_infer": "0 â‰¤ i < length of self.pattern, and i = length of self.pattern for a panic condition.\n",
      "answers": [
        {
          "uses": [],
          "has_test_mod": false,
          "common": [],
          "chain_tests": [
            {
              "attrs": [],
              "prefix": [
                "{",
                "    let parser = ParserI::new(Parser::default(), \"hello\");",
                "    let result = parser.char_at(0);",
                "}"
              ],
              "oracles": [
                [
                  "    let parser = ParserI::new(Parser::default(), \"hello\");",
                  "    assert_eq!(result, 'h');"
                ],
                [
                  "    let parser = ParserI::new(Parser::default(), \"hello\");",
                  "    let result = parser.char_at(1);",
                  "    assert_eq!(result, 'e');"
                ],
                [
                  "    let parser = ParserI::new(Parser::default(), \"hello\");",
                  "    let result = parser.char_at(1);",
                  "    let result = parser.char_at(2);",
                  "    assert_eq!(result, 'l');"
                ],
                [
                  "    let parser = ParserI::new(Parser::default(), \"hello\");",
                  "    let result = parser.char_at(1);",
                  "    let result = parser.char_at(2);",
                  "    let result = parser.char_at(3);",
                  "    assert_eq!(result, 'l');"
                ],
                [
                  "    let parser = ParserI::new(Parser::default(), \"hello\");",
                  "    let result = parser.char_at(1);",
                  "    let result = parser.char_at(2);",
                  "    let result = parser.char_at(3);",
                  "    let result = parser.char_at(4);",
                  "    assert_eq!(result, 'o');"
                ],
                [
                  "    let parser = ParserI::new(Parser::default(), \"hello\");",
                  "    let result = parser.char_at(1);",
                  "    let result = parser.char_at(2);",
                  "    let result = parser.char_at(3);",
                  "    let result = parser.char_at(4);",
                  "    let result = std::panic::catch_unwind(|| parser.char_at(5));",
                  "    assert!(result.is_err());"
                ]
              ],
              "codes": [
                [
                  "{",
                  "    let parser = ParserI::new(Parser::default(), \"hello\");",
                  "    let result = parser.char_at(0);",
                  "    let parser = ParserI::new(Parser::default(), \"hello\");",
                  "    assert_eq!(result, 'h');",
                  "}"
                ],
                [
                  "{",
                  "    let parser = ParserI::new(Parser::default(), \"hello\");",
                  "    let result = parser.char_at(0);",
                  "    let parser = ParserI::new(Parser::default(), \"hello\");",
                  "    let result = parser.char_at(1);",
                  "    assert_eq!(result, 'e');",
                  "}"
                ],
                [
                  "{",
                  "    let parser = ParserI::new(Parser::default(), \"hello\");",
                  "    let result = parser.char_at(0);",
                  "    let parser = ParserI::new(Parser::default(), \"hello\");",
                  "    let result = parser.char_at(1);",
                  "    let result = parser.char_at(2);",
                  "    assert_eq!(result, 'l');",
                  "}"
                ],
                [
                  "{",
                  "    let parser = ParserI::new(Parser::default(), \"hello\");",
                  "    let result = parser.char_at(0);",
                  "    let parser = ParserI::new(Parser::default(), \"hello\");",
                  "    let result = parser.char_at(1);",
                  "    let result = parser.char_at(2);",
                  "    let result = parser.char_at(3);",
                  "    assert_eq!(result, 'l');",
                  "}"
                ],
                [
                  "{",
                  "    let parser = ParserI::new(Parser::default(), \"hello\");",
                  "    let result = parser.char_at(0);",
                  "    let parser = ParserI::new(Parser::default(), \"hello\");",
                  "    let result = parser.char_at(1);",
                  "    let result = parser.char_at(2);",
                  "    let result = parser.char_at(3);",
                  "    let result = parser.char_at(4);",
                  "    assert_eq!(result, 'o');",
                  "}"
                ],
                [
                  "{",
                  "    let parser = ParserI::new(Parser::default(), \"hello\");",
                  "    let result = parser.char_at(0);",
                  "    let parser = ParserI::new(Parser::default(), \"hello\");",
                  "    let result = parser.char_at(1);",
                  "    let result = parser.char_at(2);",
                  "    let result = parser.char_at(3);",
                  "    let result = parser.char_at(4);",
                  "    let result = std::panic::catch_unwind(|| parser.char_at(5));",
                  "    assert!(result.is_err());",
                  "}"
                ]
              ],
              "can_compile": [
                {
                  "Err": "warning: /home/utgen/workspace/regex/regex-syntax/Cargo.toml: no edition set: defaulting to the 2015 edition while the latest is 2021\nwarning: /home/utgen/workspace/regex/bench/Cargo.toml: no edition set: defaulting to the 2015 edition while the latest is 2021\nwarning: /home/utgen/workspace/regex/Cargo.toml: no edition set: defaulting to the 2015 edition while the latest is 2021\nwarning: /home/utgen/workspace/regex/regex-capi/Cargo.toml: no edition set: defaulting to the 2015 edition while the latest is 2021\nwarning: /home/utgen/workspace/regex/regex-debug/Cargo.toml: no edition set: defaulting to the 2015 edition while the latest is 2021\n   Compiling proc-macro2 v1.0.95\n   Compiling syn v1.0.109\n   Compiling quote v1.0.40\n   Compiling ntest_timeout v0.9.3\n   Compiling ntest_test_cases v0.9.3\n   Compiling ntest v0.9.3\n   Compiling regex-syntax v0.6.0 (/home/utgen/workspace/regex/regex-syntax)\nerror[E0432]: unresolved import `ntest`\n    --> regex-syntax/src/ast/parse.rs:5369:8\n     |\n5369 |    use ntest::timeout;\n     |        ^^^^^ maybe a missing crate `ntest`?\n     |\n     = help: consider adding `extern crate ntest` to use the `ntest` crate\n\nwarning: `...` range patterns are deprecated\n    --> regex-syntax/src/ast/parse.rs:1445:16\n     |\n1445 |             '0'...'7' => {\n     |                ^^^ help: use `..=` for an inclusive range\n     |\n     = warning: this is accepted in the current edition (Rust 2015) but is a hard error in Rust 2021!\n     = note: for more information, see <https://doc.rust-lang.org/nightly/edition-guide/rust-2021/warnings-promoted-to-error.html>\n     = note: `#[warn(ellipsis_inclusive_range_patterns)]` on by default\n\nwarning: `...` range patterns are deprecated\n    --> regex-syntax/src/ast/parse.rs:1456:16\n     |\n1456 |             '8'...'9' if !self.parser().octal => {\n     |                ^^^ help: use `..=` for an inclusive range\n     |\n     = warning: this is accepted in the current edition (Rust 2015) but is a hard error in Rust 2021!\n     = note: for more information, see <https://doc.rust-lang.org/nightly/edition-guide/rust-2021/warnings-promoted-to-error.html>\n\nwarning: unused import: `Primitive`\n    --> regex-syntax/src/ast/parse.rs:2261:49\n     |\n2261 |     use super::{Parser, ParserI, ParserBuilder, Primitive};\n     |                                                 ^^^^^^^^^\n     |\n     = note: `#[warn(unused_imports)]` on by default\n\nwarning: unused macro definition: `assert_eq`\n    --> regex-syntax/src/ast/parse.rs:2265:18\n     |\n2265 |     macro_rules! assert_eq {\n     |                  ^^^^^^^^^\n     |\n     = note: `#[warn(unused_macros)]` on by default\n\nwarning: unused import: `super::*`\n    --> regex-syntax/src/ast/mod.rs:1482:9\n     |\n1482 |     use super::*;\n     |         ^^^^^^^^\n\nwarning: unused import: `ast::parse::Parser`\n   --> regex-syntax/src/error.rs:288:9\n    |\n288 |     use ast::parse::Parser;\n    |         ^^^^^^^^^^^^^^^^^^\n\nwarning: unused import: `ParserBuilder`\n    --> regex-syntax/src/hir/literal/mod.rs:1004:9\n     |\n1004 |     use ParserBuilder;\n     |         ^^^^^^^^^^^^^\n\nwarning: unused imports: `Position` and `self`\n    --> regex-syntax/src/hir/translate.rs:1094:15\n     |\n1094 |     use ast::{self, Ast, Position, Span};\n     |               ^^^^       ^^^^^^^^\n\nwarning: unused import: `ascii_class`\n    --> regex-syntax/src/hir/translate.rs:1099:36\n     |\n1099 |     use super::{TranslatorBuilder, ascii_class};\n     |                                    ^^^^^^^^^^^\n\nwarning: unused imports: `contains_simple_case_mapping` and `simple_fold`\n   --> regex-syntax/src/unicode.rs:375:17\n    |\n375 |     use super::{contains_simple_case_mapping, simple_fold};\n    |                 ^^^^^^^^^^^^^^^^^^^^^^^^^^^^  ^^^^^^^^^^^\n\nwarning: `...` range patterns are deprecated\n   --> regex-syntax/src/lib.rs:195:21\n    |\n195 |         b'_' | b'0' ... b'9' | b'a' ... b'z' | b'A' ... b'Z'  => true,\n    |                     ^^^ help: use `..=` for an inclusive range\n    |\n    = warning: this is accepted in the current edition (Rust 2015) but is a hard error in Rust 2021!\n    = note: for more information, see <https://doc.rust-lang.org/nightly/edition-guide/rust-2021/warnings-promoted-to-error.html>\n\nwarning: `...` range patterns are deprecated\n   --> regex-syntax/src/lib.rs:195:37\n    |\n195 |         b'_' | b'0' ... b'9' | b'a' ... b'z' | b'A' ... b'Z'  => true,\n    |                                     ^^^ help: use `..=` for an inclusive range\n    |\n    = warning: this is accepted in the current edition (Rust 2015) but is a hard error in Rust 2021!\n    = note: for more information, see <https://doc.rust-lang.org/nightly/edition-guide/rust-2021/warnings-promoted-to-error.html>\n\nwarning: `...` range patterns are deprecated\n   --> regex-syntax/src/lib.rs:195:53\n    |\n195 |         b'_' | b'0' ... b'9' | b'a' ... b'z' | b'A' ... b'Z'  => true,\n    |                                                     ^^^ help: use `..=` for an inclusive range\n    |\n    = warning: this is accepted in the current edition (Rust 2015) but is a hard error in Rust 2021!\n    = note: for more information, see <https://doc.rust-lang.org/nightly/edition-guide/rust-2021/warnings-promoted-to-error.html>\n\nwarning: unused import: `super::*`\n   --> regex-syntax/src/lib.rs:202:9\n    |\n202 |     use super::*;\n    |         ^^^^^^^^\n\nerror[E0599]: no function or associated item named `default` found for struct `parse::Parser` in the current scope\n    --> regex-syntax/src/ast/parse.rs:5373:39\n     |\n233  | pub struct Parser {\n     | ----------------- function or associated item `default` not found for this struct\n...\n5373 |     let parser = ParserI::new(Parser::default(), \"hello\");\n     |                                       ^^^^^^^ function or associated item not found in `Parser`\n     |\nnote: if you're trying to build a new `parse::Parser`, consider using `parse::Parser::new` which returns `parse::Parser`\n    --> regex-syntax/src/ast/parse.rs:339:5\n     |\n339  |     pub fn new() -> Parser {\n     |     ^^^^^^^^^^^^^^^^^^^^^^\n     = help: items from traits can only be used if the trait is implemented and in scope\n     = note: the following trait defines an item `default`, perhaps you need to implement it:\n             candidate #1: `Default`\n\nerror[E0599]: no function or associated item named `default` found for struct `parse::Parser` in the current scope\n    --> regex-syntax/src/ast/parse.rs:5375:39\n     |\n233  | pub struct Parser {\n     | ----------------- function or associated item `default` not found for this struct\n...\n5375 |     let parser = ParserI::new(Parser::default(), \"hello\");\n     |                                       ^^^^^^^ function or associated item not found in `Parser`\n     |\nnote: if you're trying to build a new `parse::Parser`, consider using `parse::Parser::new` which returns `parse::Parser`\n    --> regex-syntax/src/ast/parse.rs:339:5\n     |\n339  |     pub fn new() -> Parser {\n     |     ^^^^^^^^^^^^^^^^^^^^^^\n     = help: items from traits can only be used if the trait is implemented and in scope\n     = note: the following trait defines an item `default`, perhaps you need to implement it:\n             candidate #1: `Default`\n\nwarning: use of deprecated method `std::error::Error::description`: use the Display impl or to_string()\n  --> regex-syntax/src/error.rs:45:38\n   |\n45 |             Error::Parse(ref x) => x.description(),\n   |                                      ^^^^^^^^^^^\n   |\n   = note: `#[warn(deprecated)]` on by default\n\nwarning: use of deprecated method `std::error::Error::description`: use the Display impl or to_string()\n  --> regex-syntax/src/error.rs:46:42\n   |\n46 |             Error::Translate(ref x) => x.description(),\n   |                                          ^^^^^^^^^^^\n\nwarning: variable does not need to be mutable\n   --> regex-syntax/src/hir/literal/mod.rs:687:17\n    |\n687 |             let mut buf = &mut buf[..i];\n    |                 ----^^^\n    |                 |\n    |                 help: remove this `mut`\n    |\n    = note: `#[warn(unused_mut)]` on by default\n\nSome errors have detailed explanations: E0432, E0599.\nFor more information about an error, try `rustc --explain E0432`.\nwarning: `regex-syntax` (lib test) generated 17 warnings\nerror: could not compile `regex-syntax` (lib test) due to 3 previous errors; 17 warnings emitted\n"
                },
                {
                  "Err": "warning: /home/utgen/workspace/regex/regex-debug/Cargo.toml: no edition set: defaulting to the 2015 edition while the latest is 2021\nwarning: /home/utgen/workspace/regex/bench/Cargo.toml: no edition set: defaulting to the 2015 edition while the latest is 2021\nwarning: /home/utgen/workspace/regex/regex-syntax/Cargo.toml: no edition set: defaulting to the 2015 edition while the latest is 2021\nwarning: /home/utgen/workspace/regex/Cargo.toml: no edition set: defaulting to the 2015 edition while the latest is 2021\nwarning: /home/utgen/workspace/regex/regex-capi/Cargo.toml: no edition set: defaulting to the 2015 edition while the latest is 2021\n   Compiling proc-macro2 v1.0.95\n   Compiling syn v1.0.109\n   Compiling quote v1.0.40\n   Compiling ntest_timeout v0.9.3\n   Compiling ntest_test_cases v0.9.3\n   Compiling ntest v0.9.3\n   Compiling regex-syntax v0.6.0 (/home/utgen/workspace/regex/regex-syntax)\nerror[E0432]: unresolved import `ntest`\n    --> regex-syntax/src/ast/parse.rs:5369:8\n     |\n5369 |    use ntest::timeout;\n     |        ^^^^^ maybe a missing crate `ntest`?\n     |\n     = help: consider adding `extern crate ntest` to use the `ntest` crate\n\nwarning: `...` range patterns are deprecated\n    --> regex-syntax/src/ast/parse.rs:1445:16\n     |\n1445 |             '0'...'7' => {\n     |                ^^^ help: use `..=` for an inclusive range\n     |\n     = warning: this is accepted in the current edition (Rust 2015) but is a hard error in Rust 2021!\n     = note: for more information, see <https://doc.rust-lang.org/nightly/edition-guide/rust-2021/warnings-promoted-to-error.html>\n     = note: `#[warn(ellipsis_inclusive_range_patterns)]` on by default\n\nwarning: `...` range patterns are deprecated\n    --> regex-syntax/src/ast/parse.rs:1456:16\n     |\n1456 |             '8'...'9' if !self.parser().octal => {\n     |                ^^^ help: use `..=` for an inclusive range\n     |\n     = warning: this is accepted in the current edition (Rust 2015) but is a hard error in Rust 2021!\n     = note: for more information, see <https://doc.rust-lang.org/nightly/edition-guide/rust-2021/warnings-promoted-to-error.html>\n\nwarning: unused import: `Primitive`\n    --> regex-syntax/src/ast/parse.rs:2261:49\n     |\n2261 |     use super::{Parser, ParserI, ParserBuilder, Primitive};\n     |                                                 ^^^^^^^^^\n     |\n     = note: `#[warn(unused_imports)]` on by default\n\nwarning: unused macro definition: `assert_eq`\n    --> regex-syntax/src/ast/parse.rs:2265:18\n     |\n2265 |     macro_rules! assert_eq {\n     |                  ^^^^^^^^^\n     |\n     = note: `#[warn(unused_macros)]` on by default\n\nwarning: unused import: `super::*`\n    --> regex-syntax/src/ast/mod.rs:1482:9\n     |\n1482 |     use super::*;\n     |         ^^^^^^^^\n\nwarning: unused import: `ast::parse::Parser`\n   --> regex-syntax/src/error.rs:288:9\n    |\n288 |     use ast::parse::Parser;\n    |         ^^^^^^^^^^^^^^^^^^\n\nwarning: unused import: `ParserBuilder`\n    --> regex-syntax/src/hir/literal/mod.rs:1004:9\n     |\n1004 |     use ParserBuilder;\n     |         ^^^^^^^^^^^^^\n\nwarning: unused imports: `Position` and `self`\n    --> regex-syntax/src/hir/translate.rs:1094:15\n     |\n1094 |     use ast::{self, Ast, Position, Span};\n     |               ^^^^       ^^^^^^^^\n\nwarning: unused import: `ascii_class`\n    --> regex-syntax/src/hir/translate.rs:1099:36\n     |\n1099 |     use super::{TranslatorBuilder, ascii_class};\n     |                                    ^^^^^^^^^^^\n\nwarning: unused imports: `contains_simple_case_mapping` and `simple_fold`\n   --> regex-syntax/src/unicode.rs:375:17\n    |\n375 |     use super::{contains_simple_case_mapping, simple_fold};\n    |                 ^^^^^^^^^^^^^^^^^^^^^^^^^^^^  ^^^^^^^^^^^\n\nwarning: `...` range patterns are deprecated\n   --> regex-syntax/src/lib.rs:195:21\n    |\n195 |         b'_' | b'0' ... b'9' | b'a' ... b'z' | b'A' ... b'Z'  => true,\n    |                     ^^^ help: use `..=` for an inclusive range\n    |\n    = warning: this is accepted in the current edition (Rust 2015) but is a hard error in Rust 2021!\n    = note: for more information, see <https://doc.rust-lang.org/nightly/edition-guide/rust-2021/warnings-promoted-to-error.html>\n\nwarning: `...` range patterns are deprecated\n   --> regex-syntax/src/lib.rs:195:37\n    |\n195 |         b'_' | b'0' ... b'9' | b'a' ... b'z' | b'A' ... b'Z'  => true,\n    |                                     ^^^ help: use `..=` for an inclusive range\n    |\n    = warning: this is accepted in the current edition (Rust 2015) but is a hard error in Rust 2021!\n    = note: for more information, see <https://doc.rust-lang.org/nightly/edition-guide/rust-2021/warnings-promoted-to-error.html>\n\nwarning: `...` range patterns are deprecated\n   --> regex-syntax/src/lib.rs:195:53\n    |\n195 |         b'_' | b'0' ... b'9' | b'a' ... b'z' | b'A' ... b'Z'  => true,\n    |                                                     ^^^ help: use `..=` for an inclusive range\n    |\n    = warning: this is accepted in the current edition (Rust 2015) but is a hard error in Rust 2021!\n    = note: for more information, see <https://doc.rust-lang.org/nightly/edition-guide/rust-2021/warnings-promoted-to-error.html>\n\nwarning: unused import: `super::*`\n   --> regex-syntax/src/lib.rs:202:9\n    |\n202 |     use super::*;\n    |         ^^^^^^^^\n\nerror[E0599]: no function or associated item named `default` found for struct `parse::Parser` in the current scope\n    --> regex-syntax/src/ast/parse.rs:5373:39\n     |\n233  | pub struct Parser {\n     | ----------------- function or associated item `default` not found for this struct\n...\n5373 |     let parser = ParserI::new(Parser::default(), \"hello\");\n     |                                       ^^^^^^^ function or associated item not found in `Parser`\n     |\nnote: if you're trying to build a new `parse::Parser`, consider using `parse::Parser::new` which returns `parse::Parser`\n    --> regex-syntax/src/ast/parse.rs:339:5\n     |\n339  |     pub fn new() -> Parser {\n     |     ^^^^^^^^^^^^^^^^^^^^^^\n     = help: items from traits can only be used if the trait is implemented and in scope\n     = note: the following trait defines an item `default`, perhaps you need to implement it:\n             candidate #1: `Default`\n\nerror[E0599]: no function or associated item named `default` found for struct `parse::Parser` in the current scope\n    --> regex-syntax/src/ast/parse.rs:5375:39\n     |\n233  | pub struct Parser {\n     | ----------------- function or associated item `default` not found for this struct\n...\n5375 |     let parser = ParserI::new(Parser::default(), \"hello\");\n     |                                       ^^^^^^^ function or associated item not found in `Parser`\n     |\nnote: if you're trying to build a new `parse::Parser`, consider using `parse::Parser::new` which returns `parse::Parser`\n    --> regex-syntax/src/ast/parse.rs:339:5\n     |\n339  |     pub fn new() -> Parser {\n     |     ^^^^^^^^^^^^^^^^^^^^^^\n     = help: items from traits can only be used if the trait is implemented and in scope\n     = note: the following trait defines an item `default`, perhaps you need to implement it:\n             candidate #1: `Default`\n\nwarning: use of deprecated method `std::error::Error::description`: use the Display impl or to_string()\n  --> regex-syntax/src/error.rs:45:38\n   |\n45 |             Error::Parse(ref x) => x.description(),\n   |                                      ^^^^^^^^^^^\n   |\n   = note: `#[warn(deprecated)]` on by default\n\nwarning: use of deprecated method `std::error::Error::description`: use the Display impl or to_string()\n  --> regex-syntax/src/error.rs:46:42\n   |\n46 |             Error::Translate(ref x) => x.description(),\n   |                                          ^^^^^^^^^^^\n\nwarning: variable does not need to be mutable\n   --> regex-syntax/src/hir/literal/mod.rs:687:17\n    |\n687 |             let mut buf = &mut buf[..i];\n    |                 ----^^^\n    |                 |\n    |                 help: remove this `mut`\n    |\n    = note: `#[warn(unused_mut)]` on by default\n\nSome errors have detailed explanations: E0432, E0599.\nFor more information about an error, try `rustc --explain E0432`.\nwarning: `regex-syntax` (lib test) generated 17 warnings\nerror: could not compile `regex-syntax` (lib test) due to 3 previous errors; 17 warnings emitted\n"
                },
                {
                  "Err": "warning: /home/utgen/workspace/regex/regex-debug/Cargo.toml: no edition set: defaulting to the 2015 edition while the latest is 2021\nwarning: /home/utgen/workspace/regex/Cargo.toml: no edition set: defaulting to the 2015 edition while the latest is 2021\nwarning: /home/utgen/workspace/regex/bench/Cargo.toml: no edition set: defaulting to the 2015 edition while the latest is 2021\nwarning: /home/utgen/workspace/regex/regex-capi/Cargo.toml: no edition set: defaulting to the 2015 edition while the latest is 2021\nwarning: /home/utgen/workspace/regex/regex-syntax/Cargo.toml: no edition set: defaulting to the 2015 edition while the latest is 2021\n   Compiling proc-macro2 v1.0.95\n   Compiling syn v1.0.109\n   Compiling quote v1.0.40\n   Compiling ntest_test_cases v0.9.3\n   Compiling ntest_timeout v0.9.3\n   Compiling ntest v0.9.3\n   Compiling regex-syntax v0.6.0 (/home/utgen/workspace/regex/regex-syntax)\nerror[E0432]: unresolved import `ntest`\n    --> regex-syntax/src/ast/parse.rs:5369:8\n     |\n5369 |    use ntest::timeout;\n     |        ^^^^^ maybe a missing crate `ntest`?\n     |\n     = help: consider adding `extern crate ntest` to use the `ntest` crate\n\nwarning: `...` range patterns are deprecated\n    --> regex-syntax/src/ast/parse.rs:1445:16\n     |\n1445 |             '0'...'7' => {\n     |                ^^^ help: use `..=` for an inclusive range\n     |\n     = warning: this is accepted in the current edition (Rust 2015) but is a hard error in Rust 2021!\n     = note: for more information, see <https://doc.rust-lang.org/nightly/edition-guide/rust-2021/warnings-promoted-to-error.html>\n     = note: `#[warn(ellipsis_inclusive_range_patterns)]` on by default\n\nwarning: `...` range patterns are deprecated\n    --> regex-syntax/src/ast/parse.rs:1456:16\n     |\n1456 |             '8'...'9' if !self.parser().octal => {\n     |                ^^^ help: use `..=` for an inclusive range\n     |\n     = warning: this is accepted in the current edition (Rust 2015) but is a hard error in Rust 2021!\n     = note: for more information, see <https://doc.rust-lang.org/nightly/edition-guide/rust-2021/warnings-promoted-to-error.html>\n\nwarning: unused import: `Primitive`\n    --> regex-syntax/src/ast/parse.rs:2261:49\n     |\n2261 |     use super::{Parser, ParserI, ParserBuilder, Primitive};\n     |                                                 ^^^^^^^^^\n     |\n     = note: `#[warn(unused_imports)]` on by default\n\nwarning: unused macro definition: `assert_eq`\n    --> regex-syntax/src/ast/parse.rs:2265:18\n     |\n2265 |     macro_rules! assert_eq {\n     |                  ^^^^^^^^^\n     |\n     = note: `#[warn(unused_macros)]` on by default\n\nwarning: unused import: `super::*`\n    --> regex-syntax/src/ast/mod.rs:1482:9\n     |\n1482 |     use super::*;\n     |         ^^^^^^^^\n\nwarning: unused import: `ast::parse::Parser`\n   --> regex-syntax/src/error.rs:288:9\n    |\n288 |     use ast::parse::Parser;\n    |         ^^^^^^^^^^^^^^^^^^\n\nwarning: unused import: `ParserBuilder`\n    --> regex-syntax/src/hir/literal/mod.rs:1004:9\n     |\n1004 |     use ParserBuilder;\n     |         ^^^^^^^^^^^^^\n\nwarning: unused imports: `Position` and `self`\n    --> regex-syntax/src/hir/translate.rs:1094:15\n     |\n1094 |     use ast::{self, Ast, Position, Span};\n     |               ^^^^       ^^^^^^^^\n\nwarning: unused import: `ascii_class`\n    --> regex-syntax/src/hir/translate.rs:1099:36\n     |\n1099 |     use super::{TranslatorBuilder, ascii_class};\n     |                                    ^^^^^^^^^^^\n\nwarning: unused imports: `contains_simple_case_mapping` and `simple_fold`\n   --> regex-syntax/src/unicode.rs:375:17\n    |\n375 |     use super::{contains_simple_case_mapping, simple_fold};\n    |                 ^^^^^^^^^^^^^^^^^^^^^^^^^^^^  ^^^^^^^^^^^\n\nwarning: `...` range patterns are deprecated\n   --> regex-syntax/src/lib.rs:195:21\n    |\n195 |         b'_' | b'0' ... b'9' | b'a' ... b'z' | b'A' ... b'Z'  => true,\n    |                     ^^^ help: use `..=` for an inclusive range\n    |\n    = warning: this is accepted in the current edition (Rust 2015) but is a hard error in Rust 2021!\n    = note: for more information, see <https://doc.rust-lang.org/nightly/edition-guide/rust-2021/warnings-promoted-to-error.html>\n\nwarning: `...` range patterns are deprecated\n   --> regex-syntax/src/lib.rs:195:37\n    |\n195 |         b'_' | b'0' ... b'9' | b'a' ... b'z' | b'A' ... b'Z'  => true,\n    |                                     ^^^ help: use `..=` for an inclusive range\n    |\n    = warning: this is accepted in the current edition (Rust 2015) but is a hard error in Rust 2021!\n    = note: for more information, see <https://doc.rust-lang.org/nightly/edition-guide/rust-2021/warnings-promoted-to-error.html>\n\nwarning: `...` range patterns are deprecated\n   --> regex-syntax/src/lib.rs:195:53\n    |\n195 |         b'_' | b'0' ... b'9' | b'a' ... b'z' | b'A' ... b'Z'  => true,\n    |                                                     ^^^ help: use `..=` for an inclusive range\n    |\n    = warning: this is accepted in the current edition (Rust 2015) but is a hard error in Rust 2021!\n    = note: for more information, see <https://doc.rust-lang.org/nightly/edition-guide/rust-2021/warnings-promoted-to-error.html>\n\nwarning: unused import: `super::*`\n   --> regex-syntax/src/lib.rs:202:9\n    |\n202 |     use super::*;\n    |         ^^^^^^^^\n\nerror[E0599]: no function or associated item named `default` found for struct `parse::Parser` in the current scope\n    --> regex-syntax/src/ast/parse.rs:5373:39\n     |\n233  | pub struct Parser {\n     | ----------------- function or associated item `default` not found for this struct\n...\n5373 |     let parser = ParserI::new(Parser::default(), \"hello\");\n     |                                       ^^^^^^^ function or associated item not found in `Parser`\n     |\nnote: if you're trying to build a new `parse::Parser`, consider using `parse::Parser::new` which returns `parse::Parser`\n    --> regex-syntax/src/ast/parse.rs:339:5\n     |\n339  |     pub fn new() -> Parser {\n     |     ^^^^^^^^^^^^^^^^^^^^^^\n     = help: items from traits can only be used if the trait is implemented and in scope\n     = note: the following trait defines an item `default`, perhaps you need to implement it:\n             candidate #1: `Default`\n\nerror[E0599]: no function or associated item named `default` found for struct `parse::Parser` in the current scope\n    --> regex-syntax/src/ast/parse.rs:5375:39\n     |\n233  | pub struct Parser {\n     | ----------------- function or associated item `default` not found for this struct\n...\n5375 |     let parser = ParserI::new(Parser::default(), \"hello\");\n     |                                       ^^^^^^^ function or associated item not found in `Parser`\n     |\nnote: if you're trying to build a new `parse::Parser`, consider using `parse::Parser::new` which returns `parse::Parser`\n    --> regex-syntax/src/ast/parse.rs:339:5\n     |\n339  |     pub fn new() -> Parser {\n     |     ^^^^^^^^^^^^^^^^^^^^^^\n     = help: items from traits can only be used if the trait is implemented and in scope\n     = note: the following trait defines an item `default`, perhaps you need to implement it:\n             candidate #1: `Default`\n\nwarning: use of deprecated method `std::error::Error::description`: use the Display impl or to_string()\n  --> regex-syntax/src/error.rs:45:38\n   |\n45 |             Error::Parse(ref x) => x.description(),\n   |                                      ^^^^^^^^^^^\n   |\n   = note: `#[warn(deprecated)]` on by default\n\nwarning: use of deprecated method `std::error::Error::description`: use the Display impl or to_string()\n  --> regex-syntax/src/error.rs:46:42\n   |\n46 |             Error::Translate(ref x) => x.description(),\n   |                                          ^^^^^^^^^^^\n\nwarning: variable does not need to be mutable\n   --> regex-syntax/src/hir/literal/mod.rs:687:17\n    |\n687 |             let mut buf = &mut buf[..i];\n    |                 ----^^^\n    |                 |\n    |                 help: remove this `mut`\n    |\n    = note: `#[warn(unused_mut)]` on by default\n\nSome errors have detailed explanations: E0432, E0599.\nFor more information about an error, try `rustc --explain E0432`.\nwarning: `regex-syntax` (lib test) generated 17 warnings\nerror: could not compile `regex-syntax` (lib test) due to 3 previous errors; 17 warnings emitted\n"
                },
                {
                  "Err": "warning: /home/utgen/workspace/regex/bench/Cargo.toml: no edition set: defaulting to the 2015 edition while the latest is 2021\nwarning: /home/utgen/workspace/regex/regex-syntax/Cargo.toml: no edition set: defaulting to the 2015 edition while the latest is 2021\nwarning: /home/utgen/workspace/regex/regex-capi/Cargo.toml: no edition set: defaulting to the 2015 edition while the latest is 2021\nwarning: /home/utgen/workspace/regex/Cargo.toml: no edition set: defaulting to the 2015 edition while the latest is 2021\nwarning: /home/utgen/workspace/regex/regex-debug/Cargo.toml: no edition set: defaulting to the 2015 edition while the latest is 2021\n   Compiling proc-macro2 v1.0.95\n   Compiling syn v1.0.109\n   Compiling quote v1.0.40\n   Compiling ntest_test_cases v0.9.3\n   Compiling ntest_timeout v0.9.3\n   Compiling ntest v0.9.3\n   Compiling regex-syntax v0.6.0 (/home/utgen/workspace/regex/regex-syntax)\nerror[E0432]: unresolved import `ntest`\n    --> regex-syntax/src/ast/parse.rs:5369:8\n     |\n5369 |    use ntest::timeout;\n     |        ^^^^^ maybe a missing crate `ntest`?\n     |\n     = help: consider adding `extern crate ntest` to use the `ntest` crate\n\nwarning: `...` range patterns are deprecated\n    --> regex-syntax/src/ast/parse.rs:1445:16\n     |\n1445 |             '0'...'7' => {\n     |                ^^^ help: use `..=` for an inclusive range\n     |\n     = warning: this is accepted in the current edition (Rust 2015) but is a hard error in Rust 2021!\n     = note: for more information, see <https://doc.rust-lang.org/nightly/edition-guide/rust-2021/warnings-promoted-to-error.html>\n     = note: `#[warn(ellipsis_inclusive_range_patterns)]` on by default\n\nwarning: `...` range patterns are deprecated\n    --> regex-syntax/src/ast/parse.rs:1456:16\n     |\n1456 |             '8'...'9' if !self.parser().octal => {\n     |                ^^^ help: use `..=` for an inclusive range\n     |\n     = warning: this is accepted in the current edition (Rust 2015) but is a hard error in Rust 2021!\n     = note: for more information, see <https://doc.rust-lang.org/nightly/edition-guide/rust-2021/warnings-promoted-to-error.html>\n\nwarning: unused import: `Primitive`\n    --> regex-syntax/src/ast/parse.rs:2261:49\n     |\n2261 |     use super::{Parser, ParserI, ParserBuilder, Primitive};\n     |                                                 ^^^^^^^^^\n     |\n     = note: `#[warn(unused_imports)]` on by default\n\nwarning: unused macro definition: `assert_eq`\n    --> regex-syntax/src/ast/parse.rs:2265:18\n     |\n2265 |     macro_rules! assert_eq {\n     |                  ^^^^^^^^^\n     |\n     = note: `#[warn(unused_macros)]` on by default\n\nwarning: unused import: `super::*`\n    --> regex-syntax/src/ast/mod.rs:1482:9\n     |\n1482 |     use super::*;\n     |         ^^^^^^^^\n\nwarning: unused import: `ast::parse::Parser`\n   --> regex-syntax/src/error.rs:288:9\n    |\n288 |     use ast::parse::Parser;\n    |         ^^^^^^^^^^^^^^^^^^\n\nwarning: unused import: `ParserBuilder`\n    --> regex-syntax/src/hir/literal/mod.rs:1004:9\n     |\n1004 |     use ParserBuilder;\n     |         ^^^^^^^^^^^^^\n\nwarning: unused imports: `Position` and `self`\n    --> regex-syntax/src/hir/translate.rs:1094:15\n     |\n1094 |     use ast::{self, Ast, Position, Span};\n     |               ^^^^       ^^^^^^^^\n\nwarning: unused import: `ascii_class`\n    --> regex-syntax/src/hir/translate.rs:1099:36\n     |\n1099 |     use super::{TranslatorBuilder, ascii_class};\n     |                                    ^^^^^^^^^^^\n\nwarning: unused imports: `contains_simple_case_mapping` and `simple_fold`\n   --> regex-syntax/src/unicode.rs:375:17\n    |\n375 |     use super::{contains_simple_case_mapping, simple_fold};\n    |                 ^^^^^^^^^^^^^^^^^^^^^^^^^^^^  ^^^^^^^^^^^\n\nwarning: `...` range patterns are deprecated\n   --> regex-syntax/src/lib.rs:195:21\n    |\n195 |         b'_' | b'0' ... b'9' | b'a' ... b'z' | b'A' ... b'Z'  => true,\n    |                     ^^^ help: use `..=` for an inclusive range\n    |\n    = warning: this is accepted in the current edition (Rust 2015) but is a hard error in Rust 2021!\n    = note: for more information, see <https://doc.rust-lang.org/nightly/edition-guide/rust-2021/warnings-promoted-to-error.html>\n\nwarning: `...` range patterns are deprecated\n   --> regex-syntax/src/lib.rs:195:37\n    |\n195 |         b'_' | b'0' ... b'9' | b'a' ... b'z' | b'A' ... b'Z'  => true,\n    |                                     ^^^ help: use `..=` for an inclusive range\n    |\n    = warning: this is accepted in the current edition (Rust 2015) but is a hard error in Rust 2021!\n    = note: for more information, see <https://doc.rust-lang.org/nightly/edition-guide/rust-2021/warnings-promoted-to-error.html>\n\nwarning: `...` range patterns are deprecated\n   --> regex-syntax/src/lib.rs:195:53\n    |\n195 |         b'_' | b'0' ... b'9' | b'a' ... b'z' | b'A' ... b'Z'  => true,\n    |                                                     ^^^ help: use `..=` for an inclusive range\n    |\n    = warning: this is accepted in the current edition (Rust 2015) but is a hard error in Rust 2021!\n    = note: for more information, see <https://doc.rust-lang.org/nightly/edition-guide/rust-2021/warnings-promoted-to-error.html>\n\nwarning: unused import: `super::*`\n   --> regex-syntax/src/lib.rs:202:9\n    |\n202 |     use super::*;\n    |         ^^^^^^^^\n\nerror[E0599]: no function or associated item named `default` found for struct `parse::Parser` in the current scope\n    --> regex-syntax/src/ast/parse.rs:5373:39\n     |\n233  | pub struct Parser {\n     | ----------------- function or associated item `default` not found for this struct\n...\n5373 |     let parser = ParserI::new(Parser::default(), \"hello\");\n     |                                       ^^^^^^^ function or associated item not found in `Parser`\n     |\nnote: if you're trying to build a new `parse::Parser`, consider using `parse::Parser::new` which returns `parse::Parser`\n    --> regex-syntax/src/ast/parse.rs:339:5\n     |\n339  |     pub fn new() -> Parser {\n     |     ^^^^^^^^^^^^^^^^^^^^^^\n     = help: items from traits can only be used if the trait is implemented and in scope\n     = note: the following trait defines an item `default`, perhaps you need to implement it:\n             candidate #1: `Default`\n\nerror[E0599]: no function or associated item named `default` found for struct `parse::Parser` in the current scope\n    --> regex-syntax/src/ast/parse.rs:5375:39\n     |\n233  | pub struct Parser {\n     | ----------------- function or associated item `default` not found for this struct\n...\n5375 |     let parser = ParserI::new(Parser::default(), \"hello\");\n     |                                       ^^^^^^^ function or associated item not found in `Parser`\n     |\nnote: if you're trying to build a new `parse::Parser`, consider using `parse::Parser::new` which returns `parse::Parser`\n    --> regex-syntax/src/ast/parse.rs:339:5\n     |\n339  |     pub fn new() -> Parser {\n     |     ^^^^^^^^^^^^^^^^^^^^^^\n     = help: items from traits can only be used if the trait is implemented and in scope\n     = note: the following trait defines an item `default`, perhaps you need to implement it:\n             candidate #1: `Default`\n\nwarning: use of deprecated method `std::error::Error::description`: use the Display impl or to_string()\n  --> regex-syntax/src/error.rs:45:38\n   |\n45 |             Error::Parse(ref x) => x.description(),\n   |                                      ^^^^^^^^^^^\n   |\n   = note: `#[warn(deprecated)]` on by default\n\nwarning: use of deprecated method `std::error::Error::description`: use the Display impl or to_string()\n  --> regex-syntax/src/error.rs:46:42\n   |\n46 |             Error::Translate(ref x) => x.description(),\n   |                                          ^^^^^^^^^^^\n\nwarning: variable does not need to be mutable\n   --> regex-syntax/src/hir/literal/mod.rs:687:17\n    |\n687 |             let mut buf = &mut buf[..i];\n    |                 ----^^^\n    |                 |\n    |                 help: remove this `mut`\n    |\n    = note: `#[warn(unused_mut)]` on by default\n\nSome errors have detailed explanations: E0432, E0599.\nFor more information about an error, try `rustc --explain E0432`.\nwarning: `regex-syntax` (lib test) generated 17 warnings\nerror: could not compile `regex-syntax` (lib test) due to 3 previous errors; 17 warnings emitted\n"
                },
                {
                  "Err": "warning: /home/utgen/workspace/regex/regex-syntax/Cargo.toml: no edition set: defaulting to the 2015 edition while the latest is 2021\nwarning: /home/utgen/workspace/regex/Cargo.toml: no edition set: defaulting to the 2015 edition while the latest is 2021\nwarning: /home/utgen/workspace/regex/bench/Cargo.toml: no edition set: defaulting to the 2015 edition while the latest is 2021\nwarning: /home/utgen/workspace/regex/regex-capi/Cargo.toml: no edition set: defaulting to the 2015 edition while the latest is 2021\nwarning: /home/utgen/workspace/regex/regex-debug/Cargo.toml: no edition set: defaulting to the 2015 edition while the latest is 2021\n   Compiling proc-macro2 v1.0.95\n   Compiling syn v1.0.109\n   Compiling quote v1.0.40\n   Compiling ntest_timeout v0.9.3\n   Compiling ntest_test_cases v0.9.3\n   Compiling ntest v0.9.3\n   Compiling regex-syntax v0.6.0 (/home/utgen/workspace/regex/regex-syntax)\nerror[E0432]: unresolved import `ntest`\n    --> regex-syntax/src/ast/parse.rs:5369:8\n     |\n5369 |    use ntest::timeout;\n     |        ^^^^^ maybe a missing crate `ntest`?\n     |\n     = help: consider adding `extern crate ntest` to use the `ntest` crate\n\nwarning: `...` range patterns are deprecated\n    --> regex-syntax/src/ast/parse.rs:1445:16\n     |\n1445 |             '0'...'7' => {\n     |                ^^^ help: use `..=` for an inclusive range\n     |\n     = warning: this is accepted in the current edition (Rust 2015) but is a hard error in Rust 2021!\n     = note: for more information, see <https://doc.rust-lang.org/nightly/edition-guide/rust-2021/warnings-promoted-to-error.html>\n     = note: `#[warn(ellipsis_inclusive_range_patterns)]` on by default\n\nwarning: `...` range patterns are deprecated\n    --> regex-syntax/src/ast/parse.rs:1456:16\n     |\n1456 |             '8'...'9' if !self.parser().octal => {\n     |                ^^^ help: use `..=` for an inclusive range\n     |\n     = warning: this is accepted in the current edition (Rust 2015) but is a hard error in Rust 2021!\n     = note: for more information, see <https://doc.rust-lang.org/nightly/edition-guide/rust-2021/warnings-promoted-to-error.html>\n\nwarning: unused import: `Primitive`\n    --> regex-syntax/src/ast/parse.rs:2261:49\n     |\n2261 |     use super::{Parser, ParserI, ParserBuilder, Primitive};\n     |                                                 ^^^^^^^^^\n     |\n     = note: `#[warn(unused_imports)]` on by default\n\nwarning: unused macro definition: `assert_eq`\n    --> regex-syntax/src/ast/parse.rs:2265:18\n     |\n2265 |     macro_rules! assert_eq {\n     |                  ^^^^^^^^^\n     |\n     = note: `#[warn(unused_macros)]` on by default\n\nwarning: unused import: `super::*`\n    --> regex-syntax/src/ast/mod.rs:1482:9\n     |\n1482 |     use super::*;\n     |         ^^^^^^^^\n\nwarning: unused import: `ast::parse::Parser`\n   --> regex-syntax/src/error.rs:288:9\n    |\n288 |     use ast::parse::Parser;\n    |         ^^^^^^^^^^^^^^^^^^\n\nwarning: unused import: `ParserBuilder`\n    --> regex-syntax/src/hir/literal/mod.rs:1004:9\n     |\n1004 |     use ParserBuilder;\n     |         ^^^^^^^^^^^^^\n\nwarning: unused imports: `Position` and `self`\n    --> regex-syntax/src/hir/translate.rs:1094:15\n     |\n1094 |     use ast::{self, Ast, Position, Span};\n     |               ^^^^       ^^^^^^^^\n\nwarning: unused import: `ascii_class`\n    --> regex-syntax/src/hir/translate.rs:1099:36\n     |\n1099 |     use super::{TranslatorBuilder, ascii_class};\n     |                                    ^^^^^^^^^^^\n\nwarning: unused imports: `contains_simple_case_mapping` and `simple_fold`\n   --> regex-syntax/src/unicode.rs:375:17\n    |\n375 |     use super::{contains_simple_case_mapping, simple_fold};\n    |                 ^^^^^^^^^^^^^^^^^^^^^^^^^^^^  ^^^^^^^^^^^\n\nwarning: `...` range patterns are deprecated\n   --> regex-syntax/src/lib.rs:195:21\n    |\n195 |         b'_' | b'0' ... b'9' | b'a' ... b'z' | b'A' ... b'Z'  => true,\n    |                     ^^^ help: use `..=` for an inclusive range\n    |\n    = warning: this is accepted in the current edition (Rust 2015) but is a hard error in Rust 2021!\n    = note: for more information, see <https://doc.rust-lang.org/nightly/edition-guide/rust-2021/warnings-promoted-to-error.html>\n\nwarning: `...` range patterns are deprecated\n   --> regex-syntax/src/lib.rs:195:37\n    |\n195 |         b'_' | b'0' ... b'9' | b'a' ... b'z' | b'A' ... b'Z'  => true,\n    |                                     ^^^ help: use `..=` for an inclusive range\n    |\n    = warning: this is accepted in the current edition (Rust 2015) but is a hard error in Rust 2021!\n    = note: for more information, see <https://doc.rust-lang.org/nightly/edition-guide/rust-2021/warnings-promoted-to-error.html>\n\nwarning: `...` range patterns are deprecated\n   --> regex-syntax/src/lib.rs:195:53\n    |\n195 |         b'_' | b'0' ... b'9' | b'a' ... b'z' | b'A' ... b'Z'  => true,\n    |                                                     ^^^ help: use `..=` for an inclusive range\n    |\n    = warning: this is accepted in the current edition (Rust 2015) but is a hard error in Rust 2021!\n    = note: for more information, see <https://doc.rust-lang.org/nightly/edition-guide/rust-2021/warnings-promoted-to-error.html>\n\nwarning: unused import: `super::*`\n   --> regex-syntax/src/lib.rs:202:9\n    |\n202 |     use super::*;\n    |         ^^^^^^^^\n\nerror[E0599]: no function or associated item named `default` found for struct `parse::Parser` in the current scope\n    --> regex-syntax/src/ast/parse.rs:5373:39\n     |\n233  | pub struct Parser {\n     | ----------------- function or associated item `default` not found for this struct\n...\n5373 |     let parser = ParserI::new(Parser::default(), \"hello\");\n     |                                       ^^^^^^^ function or associated item not found in `Parser`\n     |\nnote: if you're trying to build a new `parse::Parser`, consider using `parse::Parser::new` which returns `parse::Parser`\n    --> regex-syntax/src/ast/parse.rs:339:5\n     |\n339  |     pub fn new() -> Parser {\n     |     ^^^^^^^^^^^^^^^^^^^^^^\n     = help: items from traits can only be used if the trait is implemented and in scope\n     = note: the following trait defines an item `default`, perhaps you need to implement it:\n             candidate #1: `Default`\n\nerror[E0599]: no function or associated item named `default` found for struct `parse::Parser` in the current scope\n    --> regex-syntax/src/ast/parse.rs:5375:39\n     |\n233  | pub struct Parser {\n     | ----------------- function or associated item `default` not found for this struct\n...\n5375 |     let parser = ParserI::new(Parser::default(), \"hello\");\n     |                                       ^^^^^^^ function or associated item not found in `Parser`\n     |\nnote: if you're trying to build a new `parse::Parser`, consider using `parse::Parser::new` which returns `parse::Parser`\n    --> regex-syntax/src/ast/parse.rs:339:5\n     |\n339  |     pub fn new() -> Parser {\n     |     ^^^^^^^^^^^^^^^^^^^^^^\n     = help: items from traits can only be used if the trait is implemented and in scope\n     = note: the following trait defines an item `default`, perhaps you need to implement it:\n             candidate #1: `Default`\n\nwarning: use of deprecated method `std::error::Error::description`: use the Display impl or to_string()\n  --> regex-syntax/src/error.rs:45:38\n   |\n45 |             Error::Parse(ref x) => x.description(),\n   |                                      ^^^^^^^^^^^\n   |\n   = note: `#[warn(deprecated)]` on by default\n\nwarning: use of deprecated method `std::error::Error::description`: use the Display impl or to_string()\n  --> regex-syntax/src/error.rs:46:42\n   |\n46 |             Error::Translate(ref x) => x.description(),\n   |                                          ^^^^^^^^^^^\n\nwarning: variable does not need to be mutable\n   --> regex-syntax/src/hir/literal/mod.rs:687:17\n    |\n687 |             let mut buf = &mut buf[..i];\n    |                 ----^^^\n    |                 |\n    |                 help: remove this `mut`\n    |\n    = note: `#[warn(unused_mut)]` on by default\n\nSome errors have detailed explanations: E0432, E0599.\nFor more information about an error, try `rustc --explain E0432`.\nwarning: `regex-syntax` (lib test) generated 17 warnings\nerror: could not compile `regex-syntax` (lib test) due to 3 previous errors; 17 warnings emitted\n"
                },
                {
                  "Err": "warning: /home/utgen/workspace/regex/regex-debug/Cargo.toml: no edition set: defaulting to the 2015 edition while the latest is 2021\nwarning: /home/utgen/workspace/regex/Cargo.toml: no edition set: defaulting to the 2015 edition while the latest is 2021\nwarning: /home/utgen/workspace/regex/regex-capi/Cargo.toml: no edition set: defaulting to the 2015 edition while the latest is 2021\nwarning: /home/utgen/workspace/regex/bench/Cargo.toml: no edition set: defaulting to the 2015 edition while the latest is 2021\nwarning: /home/utgen/workspace/regex/regex-syntax/Cargo.toml: no edition set: defaulting to the 2015 edition while the latest is 2021\n   Compiling proc-macro2 v1.0.95\n   Compiling syn v1.0.109\n   Compiling quote v1.0.40\n   Compiling ntest_timeout v0.9.3\n   Compiling ntest_test_cases v0.9.3\n   Compiling ntest v0.9.3\n   Compiling regex-syntax v0.6.0 (/home/utgen/workspace/regex/regex-syntax)\nerror[E0432]: unresolved import `ntest`\n    --> regex-syntax/src/ast/parse.rs:5369:8\n     |\n5369 |    use ntest::timeout;\n     |        ^^^^^ maybe a missing crate `ntest`?\n     |\n     = help: consider adding `extern crate ntest` to use the `ntest` crate\n\nwarning: `...` range patterns are deprecated\n    --> regex-syntax/src/ast/parse.rs:1445:16\n     |\n1445 |             '0'...'7' => {\n     |                ^^^ help: use `..=` for an inclusive range\n     |\n     = warning: this is accepted in the current edition (Rust 2015) but is a hard error in Rust 2021!\n     = note: for more information, see <https://doc.rust-lang.org/nightly/edition-guide/rust-2021/warnings-promoted-to-error.html>\n     = note: `#[warn(ellipsis_inclusive_range_patterns)]` on by default\n\nwarning: `...` range patterns are deprecated\n    --> regex-syntax/src/ast/parse.rs:1456:16\n     |\n1456 |             '8'...'9' if !self.parser().octal => {\n     |                ^^^ help: use `..=` for an inclusive range\n     |\n     = warning: this is accepted in the current edition (Rust 2015) but is a hard error in Rust 2021!\n     = note: for more information, see <https://doc.rust-lang.org/nightly/edition-guide/rust-2021/warnings-promoted-to-error.html>\n\nwarning: unused import: `Primitive`\n    --> regex-syntax/src/ast/parse.rs:2261:49\n     |\n2261 |     use super::{Parser, ParserI, ParserBuilder, Primitive};\n     |                                                 ^^^^^^^^^\n     |\n     = note: `#[warn(unused_imports)]` on by default\n\nwarning: unused macro definition: `assert_eq`\n    --> regex-syntax/src/ast/parse.rs:2265:18\n     |\n2265 |     macro_rules! assert_eq {\n     |                  ^^^^^^^^^\n     |\n     = note: `#[warn(unused_macros)]` on by default\n\nwarning: unused import: `super::*`\n    --> regex-syntax/src/ast/mod.rs:1482:9\n     |\n1482 |     use super::*;\n     |         ^^^^^^^^\n\nwarning: unused import: `ast::parse::Parser`\n   --> regex-syntax/src/error.rs:288:9\n    |\n288 |     use ast::parse::Parser;\n    |         ^^^^^^^^^^^^^^^^^^\n\nwarning: unused import: `ParserBuilder`\n    --> regex-syntax/src/hir/literal/mod.rs:1004:9\n     |\n1004 |     use ParserBuilder;\n     |         ^^^^^^^^^^^^^\n\nwarning: unused imports: `Position` and `self`\n    --> regex-syntax/src/hir/translate.rs:1094:15\n     |\n1094 |     use ast::{self, Ast, Position, Span};\n     |               ^^^^       ^^^^^^^^\n\nwarning: unused import: `ascii_class`\n    --> regex-syntax/src/hir/translate.rs:1099:36\n     |\n1099 |     use super::{TranslatorBuilder, ascii_class};\n     |                                    ^^^^^^^^^^^\n\nwarning: unused imports: `contains_simple_case_mapping` and `simple_fold`\n   --> regex-syntax/src/unicode.rs:375:17\n    |\n375 |     use super::{contains_simple_case_mapping, simple_fold};\n    |                 ^^^^^^^^^^^^^^^^^^^^^^^^^^^^  ^^^^^^^^^^^\n\nwarning: `...` range patterns are deprecated\n   --> regex-syntax/src/lib.rs:195:21\n    |\n195 |         b'_' | b'0' ... b'9' | b'a' ... b'z' | b'A' ... b'Z'  => true,\n    |                     ^^^ help: use `..=` for an inclusive range\n    |\n    = warning: this is accepted in the current edition (Rust 2015) but is a hard error in Rust 2021!\n    = note: for more information, see <https://doc.rust-lang.org/nightly/edition-guide/rust-2021/warnings-promoted-to-error.html>\n\nwarning: `...` range patterns are deprecated\n   --> regex-syntax/src/lib.rs:195:37\n    |\n195 |         b'_' | b'0' ... b'9' | b'a' ... b'z' | b'A' ... b'Z'  => true,\n    |                                     ^^^ help: use `..=` for an inclusive range\n    |\n    = warning: this is accepted in the current edition (Rust 2015) but is a hard error in Rust 2021!\n    = note: for more information, see <https://doc.rust-lang.org/nightly/edition-guide/rust-2021/warnings-promoted-to-error.html>\n\nwarning: `...` range patterns are deprecated\n   --> regex-syntax/src/lib.rs:195:53\n    |\n195 |         b'_' | b'0' ... b'9' | b'a' ... b'z' | b'A' ... b'Z'  => true,\n    |                                                     ^^^ help: use `..=` for an inclusive range\n    |\n    = warning: this is accepted in the current edition (Rust 2015) but is a hard error in Rust 2021!\n    = note: for more information, see <https://doc.rust-lang.org/nightly/edition-guide/rust-2021/warnings-promoted-to-error.html>\n\nwarning: unused import: `super::*`\n   --> regex-syntax/src/lib.rs:202:9\n    |\n202 |     use super::*;\n    |         ^^^^^^^^\n\nerror[E0599]: no function or associated item named `default` found for struct `parse::Parser` in the current scope\n    --> regex-syntax/src/ast/parse.rs:5373:39\n     |\n233  | pub struct Parser {\n     | ----------------- function or associated item `default` not found for this struct\n...\n5373 |     let parser = ParserI::new(Parser::default(), \"hello\");\n     |                                       ^^^^^^^ function or associated item not found in `Parser`\n     |\nnote: if you're trying to build a new `parse::Parser`, consider using `parse::Parser::new` which returns `parse::Parser`\n    --> regex-syntax/src/ast/parse.rs:339:5\n     |\n339  |     pub fn new() -> Parser {\n     |     ^^^^^^^^^^^^^^^^^^^^^^\n     = help: items from traits can only be used if the trait is implemented and in scope\n     = note: the following trait defines an item `default`, perhaps you need to implement it:\n             candidate #1: `Default`\n\nerror[E0599]: no function or associated item named `default` found for struct `parse::Parser` in the current scope\n    --> regex-syntax/src/ast/parse.rs:5375:39\n     |\n233  | pub struct Parser {\n     | ----------------- function or associated item `default` not found for this struct\n...\n5375 |     let parser = ParserI::new(Parser::default(), \"hello\");\n     |                                       ^^^^^^^ function or associated item not found in `Parser`\n     |\nnote: if you're trying to build a new `parse::Parser`, consider using `parse::Parser::new` which returns `parse::Parser`\n    --> regex-syntax/src/ast/parse.rs:339:5\n     |\n339  |     pub fn new() -> Parser {\n     |     ^^^^^^^^^^^^^^^^^^^^^^\n     = help: items from traits can only be used if the trait is implemented and in scope\n     = note: the following trait defines an item `default`, perhaps you need to implement it:\n             candidate #1: `Default`\n\nwarning: use of deprecated method `std::error::Error::description`: use the Display impl or to_string()\n  --> regex-syntax/src/error.rs:45:38\n   |\n45 |             Error::Parse(ref x) => x.description(),\n   |                                      ^^^^^^^^^^^\n   |\n   = note: `#[warn(deprecated)]` on by default\n\nwarning: use of deprecated method `std::error::Error::description`: use the Display impl or to_string()\n  --> regex-syntax/src/error.rs:46:42\n   |\n46 |             Error::Translate(ref x) => x.description(),\n   |                                          ^^^^^^^^^^^\n\nwarning: variable does not need to be mutable\n   --> regex-syntax/src/hir/literal/mod.rs:687:17\n    |\n687 |             let mut buf = &mut buf[..i];\n    |                 ----^^^\n    |                 |\n    |                 help: remove this `mut`\n    |\n    = note: `#[warn(unused_mut)]` on by default\n\nSome errors have detailed explanations: E0432, E0599.\nFor more information about an error, try `rustc --explain E0432`.\nwarning: `regex-syntax` (lib test) generated 17 warnings\nerror: could not compile `regex-syntax` (lib test) due to 3 previous errors; 17 warnings emitted\n"
                }
              ],
              "repaired": [
                false,
                false,
                false,
                false,
                false,
                false
              ]
            },
            {
              "attrs": [],
              "prefix": [
                "{",
                "    let parser = ParserI::new(Parser::default(), \"hello\");",
                "    let result = parser.char_at(2);",
                "}"
              ],
              "oracles": [
                [
                  "    let parser = ParserI::new(Parser::default(), \"hello\");",
                  "    let result = parser.char_at(2);",
                  "    assert_eq!(result, 'l');"
                ],
                [
                  "    let parser = ParserI::new(Parser::default(), \"hello\");",
                  "    let result = parser.char_at(2);",
                  "    assert!(std::panic::catch_unwind(|| { parser.char_at(5); }).is_err());"
                ]
              ],
              "codes": [
                [
                  "{",
                  "    let parser = ParserI::new(Parser::default(), \"hello\");",
                  "    let result = parser.char_at(2);",
                  "    let parser = ParserI::new(Parser::default(), \"hello\");",
                  "    let result = parser.char_at(2);",
                  "    assert_eq!(result, 'l');",
                  "}"
                ],
                [
                  "{",
                  "    let parser = ParserI::new(Parser::default(), \"hello\");",
                  "    let result = parser.char_at(2);",
                  "    let parser = ParserI::new(Parser::default(), \"hello\");",
                  "    let result = parser.char_at(2);",
                  "    assert!(std::panic::catch_unwind(|| { parser.char_at(5); }).is_err());",
                  "}"
                ]
              ],
              "can_compile": [
                {
                  "Err": "warning: /home/utgen/workspace/regex/regex-syntax/Cargo.toml: no edition set: defaulting to the 2015 edition while the latest is 2021\nwarning: /home/utgen/workspace/regex/Cargo.toml: no edition set: defaulting to the 2015 edition while the latest is 2021\nwarning: /home/utgen/workspace/regex/bench/Cargo.toml: no edition set: defaulting to the 2015 edition while the latest is 2021\nwarning: /home/utgen/workspace/regex/regex-capi/Cargo.toml: no edition set: defaulting to the 2015 edition while the latest is 2021\nwarning: /home/utgen/workspace/regex/regex-debug/Cargo.toml: no edition set: defaulting to the 2015 edition while the latest is 2021\n   Compiling proc-macro2 v1.0.95\n   Compiling syn v1.0.109\n   Compiling quote v1.0.40\n   Compiling ntest_timeout v0.9.3\n   Compiling ntest_test_cases v0.9.3\n   Compiling ntest v0.9.3\n   Compiling regex-syntax v0.6.0 (/home/utgen/workspace/regex/regex-syntax)\nerror[E0432]: unresolved import `ntest`\n    --> regex-syntax/src/ast/parse.rs:5369:8\n     |\n5369 |    use ntest::timeout;\n     |        ^^^^^ maybe a missing crate `ntest`?\n     |\n     = help: consider adding `extern crate ntest` to use the `ntest` crate\n\nwarning: `...` range patterns are deprecated\n    --> regex-syntax/src/ast/parse.rs:1445:16\n     |\n1445 |             '0'...'7' => {\n     |                ^^^ help: use `..=` for an inclusive range\n     |\n     = warning: this is accepted in the current edition (Rust 2015) but is a hard error in Rust 2021!\n     = note: for more information, see <https://doc.rust-lang.org/nightly/edition-guide/rust-2021/warnings-promoted-to-error.html>\n     = note: `#[warn(ellipsis_inclusive_range_patterns)]` on by default\n\nwarning: `...` range patterns are deprecated\n    --> regex-syntax/src/ast/parse.rs:1456:16\n     |\n1456 |             '8'...'9' if !self.parser().octal => {\n     |                ^^^ help: use `..=` for an inclusive range\n     |\n     = warning: this is accepted in the current edition (Rust 2015) but is a hard error in Rust 2021!\n     = note: for more information, see <https://doc.rust-lang.org/nightly/edition-guide/rust-2021/warnings-promoted-to-error.html>\n\nwarning: unused import: `Primitive`\n    --> regex-syntax/src/ast/parse.rs:2261:49\n     |\n2261 |     use super::{Parser, ParserI, ParserBuilder, Primitive};\n     |                                                 ^^^^^^^^^\n     |\n     = note: `#[warn(unused_imports)]` on by default\n\nwarning: unused macro definition: `assert_eq`\n    --> regex-syntax/src/ast/parse.rs:2265:18\n     |\n2265 |     macro_rules! assert_eq {\n     |                  ^^^^^^^^^\n     |\n     = note: `#[warn(unused_macros)]` on by default\n\nwarning: unused import: `super::*`\n    --> regex-syntax/src/ast/mod.rs:1482:9\n     |\n1482 |     use super::*;\n     |         ^^^^^^^^\n\nwarning: unused import: `ast::parse::Parser`\n   --> regex-syntax/src/error.rs:288:9\n    |\n288 |     use ast::parse::Parser;\n    |         ^^^^^^^^^^^^^^^^^^\n\nwarning: unused import: `ParserBuilder`\n    --> regex-syntax/src/hir/literal/mod.rs:1004:9\n     |\n1004 |     use ParserBuilder;\n     |         ^^^^^^^^^^^^^\n\nwarning: unused imports: `Position` and `self`\n    --> regex-syntax/src/hir/translate.rs:1094:15\n     |\n1094 |     use ast::{self, Ast, Position, Span};\n     |               ^^^^       ^^^^^^^^\n\nwarning: unused import: `ascii_class`\n    --> regex-syntax/src/hir/translate.rs:1099:36\n     |\n1099 |     use super::{TranslatorBuilder, ascii_class};\n     |                                    ^^^^^^^^^^^\n\nwarning: unused imports: `contains_simple_case_mapping` and `simple_fold`\n   --> regex-syntax/src/unicode.rs:375:17\n    |\n375 |     use super::{contains_simple_case_mapping, simple_fold};\n    |                 ^^^^^^^^^^^^^^^^^^^^^^^^^^^^  ^^^^^^^^^^^\n\nwarning: `...` range patterns are deprecated\n   --> regex-syntax/src/lib.rs:195:21\n    |\n195 |         b'_' | b'0' ... b'9' | b'a' ... b'z' | b'A' ... b'Z'  => true,\n    |                     ^^^ help: use `..=` for an inclusive range\n    |\n    = warning: this is accepted in the current edition (Rust 2015) but is a hard error in Rust 2021!\n    = note: for more information, see <https://doc.rust-lang.org/nightly/edition-guide/rust-2021/warnings-promoted-to-error.html>\n\nwarning: `...` range patterns are deprecated\n   --> regex-syntax/src/lib.rs:195:37\n    |\n195 |         b'_' | b'0' ... b'9' | b'a' ... b'z' | b'A' ... b'Z'  => true,\n    |                                     ^^^ help: use `..=` for an inclusive range\n    |\n    = warning: this is accepted in the current edition (Rust 2015) but is a hard error in Rust 2021!\n    = note: for more information, see <https://doc.rust-lang.org/nightly/edition-guide/rust-2021/warnings-promoted-to-error.html>\n\nwarning: `...` range patterns are deprecated\n   --> regex-syntax/src/lib.rs:195:53\n    |\n195 |         b'_' | b'0' ... b'9' | b'a' ... b'z' | b'A' ... b'Z'  => true,\n    |                                                     ^^^ help: use `..=` for an inclusive range\n    |\n    = warning: this is accepted in the current edition (Rust 2015) but is a hard error in Rust 2021!\n    = note: for more information, see <https://doc.rust-lang.org/nightly/edition-guide/rust-2021/warnings-promoted-to-error.html>\n\nwarning: unused import: `super::*`\n   --> regex-syntax/src/lib.rs:202:9\n    |\n202 |     use super::*;\n    |         ^^^^^^^^\n\nerror[E0599]: no function or associated item named `default` found for struct `parse::Parser` in the current scope\n    --> regex-syntax/src/ast/parse.rs:5373:39\n     |\n233  | pub struct Parser {\n     | ----------------- function or associated item `default` not found for this struct\n...\n5373 |     let parser = ParserI::new(Parser::default(), \"hello\");\n     |                                       ^^^^^^^ function or associated item not found in `Parser`\n     |\nnote: if you're trying to build a new `parse::Parser`, consider using `parse::Parser::new` which returns `parse::Parser`\n    --> regex-syntax/src/ast/parse.rs:339:5\n     |\n339  |     pub fn new() -> Parser {\n     |     ^^^^^^^^^^^^^^^^^^^^^^\n     = help: items from traits can only be used if the trait is implemented and in scope\n     = note: the following trait defines an item `default`, perhaps you need to implement it:\n             candidate #1: `Default`\n\nerror[E0599]: no function or associated item named `default` found for struct `parse::Parser` in the current scope\n    --> regex-syntax/src/ast/parse.rs:5375:39\n     |\n233  | pub struct Parser {\n     | ----------------- function or associated item `default` not found for this struct\n...\n5375 |     let parser = ParserI::new(Parser::default(), \"hello\");\n     |                                       ^^^^^^^ function or associated item not found in `Parser`\n     |\nnote: if you're trying to build a new `parse::Parser`, consider using `parse::Parser::new` which returns `parse::Parser`\n    --> regex-syntax/src/ast/parse.rs:339:5\n     |\n339  |     pub fn new() -> Parser {\n     |     ^^^^^^^^^^^^^^^^^^^^^^\n     = help: items from traits can only be used if the trait is implemented and in scope\n     = note: the following trait defines an item `default`, perhaps you need to implement it:\n             candidate #1: `Default`\n\nwarning: use of deprecated method `std::error::Error::description`: use the Display impl or to_string()\n  --> regex-syntax/src/error.rs:45:38\n   |\n45 |             Error::Parse(ref x) => x.description(),\n   |                                      ^^^^^^^^^^^\n   |\n   = note: `#[warn(deprecated)]` on by default\n\nwarning: use of deprecated method `std::error::Error::description`: use the Display impl or to_string()\n  --> regex-syntax/src/error.rs:46:42\n   |\n46 |             Error::Translate(ref x) => x.description(),\n   |                                          ^^^^^^^^^^^\n\nwarning: variable does not need to be mutable\n   --> regex-syntax/src/hir/literal/mod.rs:687:17\n    |\n687 |             let mut buf = &mut buf[..i];\n    |                 ----^^^\n    |                 |\n    |                 help: remove this `mut`\n    |\n    = note: `#[warn(unused_mut)]` on by default\n\nSome errors have detailed explanations: E0432, E0599.\nFor more information about an error, try `rustc --explain E0432`.\nwarning: `regex-syntax` (lib test) generated 17 warnings\nerror: could not compile `regex-syntax` (lib test) due to 3 previous errors; 17 warnings emitted\n"
                },
                {
                  "Err": "warning: /home/utgen/workspace/regex/regex-syntax/Cargo.toml: no edition set: defaulting to the 2015 edition while the latest is 2021\nwarning: /home/utgen/workspace/regex/regex-capi/Cargo.toml: no edition set: defaulting to the 2015 edition while the latest is 2021\nwarning: /home/utgen/workspace/regex/bench/Cargo.toml: no edition set: defaulting to the 2015 edition while the latest is 2021\nwarning: /home/utgen/workspace/regex/regex-debug/Cargo.toml: no edition set: defaulting to the 2015 edition while the latest is 2021\nwarning: /home/utgen/workspace/regex/Cargo.toml: no edition set: defaulting to the 2015 edition while the latest is 2021\n   Compiling proc-macro2 v1.0.95\n   Compiling syn v1.0.109\n   Compiling quote v1.0.40\n   Compiling ntest_timeout v0.9.3\n   Compiling ntest_test_cases v0.9.3\n   Compiling ntest v0.9.3\n   Compiling regex-syntax v0.6.0 (/home/utgen/workspace/regex/regex-syntax)\nerror[E0432]: unresolved import `ntest`\n    --> regex-syntax/src/ast/parse.rs:5369:8\n     |\n5369 |    use ntest::timeout;\n     |        ^^^^^ maybe a missing crate `ntest`?\n     |\n     = help: consider adding `extern crate ntest` to use the `ntest` crate\n\nwarning: `...` range patterns are deprecated\n    --> regex-syntax/src/ast/parse.rs:1445:16\n     |\n1445 |             '0'...'7' => {\n     |                ^^^ help: use `..=` for an inclusive range\n     |\n     = warning: this is accepted in the current edition (Rust 2015) but is a hard error in Rust 2021!\n     = note: for more information, see <https://doc.rust-lang.org/nightly/edition-guide/rust-2021/warnings-promoted-to-error.html>\n     = note: `#[warn(ellipsis_inclusive_range_patterns)]` on by default\n\nwarning: `...` range patterns are deprecated\n    --> regex-syntax/src/ast/parse.rs:1456:16\n     |\n1456 |             '8'...'9' if !self.parser().octal => {\n     |                ^^^ help: use `..=` for an inclusive range\n     |\n     = warning: this is accepted in the current edition (Rust 2015) but is a hard error in Rust 2021!\n     = note: for more information, see <https://doc.rust-lang.org/nightly/edition-guide/rust-2021/warnings-promoted-to-error.html>\n\nwarning: unused import: `Primitive`\n    --> regex-syntax/src/ast/parse.rs:2261:49\n     |\n2261 |     use super::{Parser, ParserI, ParserBuilder, Primitive};\n     |                                                 ^^^^^^^^^\n     |\n     = note: `#[warn(unused_imports)]` on by default\n\nwarning: unused macro definition: `assert_eq`\n    --> regex-syntax/src/ast/parse.rs:2265:18\n     |\n2265 |     macro_rules! assert_eq {\n     |                  ^^^^^^^^^\n     |\n     = note: `#[warn(unused_macros)]` on by default\n\nwarning: unused import: `super::*`\n    --> regex-syntax/src/ast/mod.rs:1482:9\n     |\n1482 |     use super::*;\n     |         ^^^^^^^^\n\nwarning: unused import: `ast::parse::Parser`\n   --> regex-syntax/src/error.rs:288:9\n    |\n288 |     use ast::parse::Parser;\n    |         ^^^^^^^^^^^^^^^^^^\n\nwarning: unused import: `ParserBuilder`\n    --> regex-syntax/src/hir/literal/mod.rs:1004:9\n     |\n1004 |     use ParserBuilder;\n     |         ^^^^^^^^^^^^^\n\nwarning: unused imports: `Position` and `self`\n    --> regex-syntax/src/hir/translate.rs:1094:15\n     |\n1094 |     use ast::{self, Ast, Position, Span};\n     |               ^^^^       ^^^^^^^^\n\nwarning: unused import: `ascii_class`\n    --> regex-syntax/src/hir/translate.rs:1099:36\n     |\n1099 |     use super::{TranslatorBuilder, ascii_class};\n     |                                    ^^^^^^^^^^^\n\nwarning: unused imports: `contains_simple_case_mapping` and `simple_fold`\n   --> regex-syntax/src/unicode.rs:375:17\n    |\n375 |     use super::{contains_simple_case_mapping, simple_fold};\n    |                 ^^^^^^^^^^^^^^^^^^^^^^^^^^^^  ^^^^^^^^^^^\n\nwarning: `...` range patterns are deprecated\n   --> regex-syntax/src/lib.rs:195:21\n    |\n195 |         b'_' | b'0' ... b'9' | b'a' ... b'z' | b'A' ... b'Z'  => true,\n    |                     ^^^ help: use `..=` for an inclusive range\n    |\n    = warning: this is accepted in the current edition (Rust 2015) but is a hard error in Rust 2021!\n    = note: for more information, see <https://doc.rust-lang.org/nightly/edition-guide/rust-2021/warnings-promoted-to-error.html>\n\nwarning: `...` range patterns are deprecated\n   --> regex-syntax/src/lib.rs:195:37\n    |\n195 |         b'_' | b'0' ... b'9' | b'a' ... b'z' | b'A' ... b'Z'  => true,\n    |                                     ^^^ help: use `..=` for an inclusive range\n    |\n    = warning: this is accepted in the current edition (Rust 2015) but is a hard error in Rust 2021!\n    = note: for more information, see <https://doc.rust-lang.org/nightly/edition-guide/rust-2021/warnings-promoted-to-error.html>\n\nwarning: `...` range patterns are deprecated\n   --> regex-syntax/src/lib.rs:195:53\n    |\n195 |         b'_' | b'0' ... b'9' | b'a' ... b'z' | b'A' ... b'Z'  => true,\n    |                                                     ^^^ help: use `..=` for an inclusive range\n    |\n    = warning: this is accepted in the current edition (Rust 2015) but is a hard error in Rust 2021!\n    = note: for more information, see <https://doc.rust-lang.org/nightly/edition-guide/rust-2021/warnings-promoted-to-error.html>\n\nwarning: unused import: `super::*`\n   --> regex-syntax/src/lib.rs:202:9\n    |\n202 |     use super::*;\n    |         ^^^^^^^^\n\nerror[E0599]: no function or associated item named `default` found for struct `parse::Parser` in the current scope\n    --> regex-syntax/src/ast/parse.rs:5373:39\n     |\n233  | pub struct Parser {\n     | ----------------- function or associated item `default` not found for this struct\n...\n5373 |     let parser = ParserI::new(Parser::default(), \"hello\");\n     |                                       ^^^^^^^ function or associated item not found in `Parser`\n     |\nnote: if you're trying to build a new `parse::Parser`, consider using `parse::Parser::new` which returns `parse::Parser`\n    --> regex-syntax/src/ast/parse.rs:339:5\n     |\n339  |     pub fn new() -> Parser {\n     |     ^^^^^^^^^^^^^^^^^^^^^^\n     = help: items from traits can only be used if the trait is implemented and in scope\n     = note: the following trait defines an item `default`, perhaps you need to implement it:\n             candidate #1: `Default`\n\nerror[E0599]: no function or associated item named `default` found for struct `parse::Parser` in the current scope\n    --> regex-syntax/src/ast/parse.rs:5375:39\n     |\n233  | pub struct Parser {\n     | ----------------- function or associated item `default` not found for this struct\n...\n5375 |     let parser = ParserI::new(Parser::default(), \"hello\");\n     |                                       ^^^^^^^ function or associated item not found in `Parser`\n     |\nnote: if you're trying to build a new `parse::Parser`, consider using `parse::Parser::new` which returns `parse::Parser`\n    --> regex-syntax/src/ast/parse.rs:339:5\n     |\n339  |     pub fn new() -> Parser {\n     |     ^^^^^^^^^^^^^^^^^^^^^^\n     = help: items from traits can only be used if the trait is implemented and in scope\n     = note: the following trait defines an item `default`, perhaps you need to implement it:\n             candidate #1: `Default`\n\nwarning: use of deprecated method `std::error::Error::description`: use the Display impl or to_string()\n  --> regex-syntax/src/error.rs:45:38\n   |\n45 |             Error::Parse(ref x) => x.description(),\n   |                                      ^^^^^^^^^^^\n   |\n   = note: `#[warn(deprecated)]` on by default\n\nwarning: use of deprecated method `std::error::Error::description`: use the Display impl or to_string()\n  --> regex-syntax/src/error.rs:46:42\n   |\n46 |             Error::Translate(ref x) => x.description(),\n   |                                          ^^^^^^^^^^^\n\nwarning: variable does not need to be mutable\n   --> regex-syntax/src/hir/literal/mod.rs:687:17\n    |\n687 |             let mut buf = &mut buf[..i];\n    |                 ----^^^\n    |                 |\n    |                 help: remove this `mut`\n    |\n    = note: `#[warn(unused_mut)]` on by default\n\nSome errors have detailed explanations: E0432, E0599.\nFor more information about an error, try `rustc --explain E0432`.\nwarning: `regex-syntax` (lib test) generated 17 warnings\nerror: could not compile `regex-syntax` (lib test) due to 3 previous errors; 17 warnings emitted\n"
                }
              ],
              "repaired": [
                false,
                false
              ]
            },
            {
              "attrs": [],
              "prefix": [
                "{",
                "    let parser = ParserI::new(Parser::default(), \"hello\");",
                "    let result = parser.char_at(4);",
                "}"
              ],
              "oracles": [
                [
                  "    let parser = ParserI::new(Parser::default(), \"hello\");",
                  "    let result = parser.char_at(4);",
                  "    assert_eq!(result, 'o');"
                ],
                [
                  "    let parser = ParserI::new(Parser::default(), \"hello\");",
                  "    let result = parser.char_at(4);",
                  "    assert_panics!(parser.char_at(5));"
                ],
                [
                  "    let parser = ParserI::new(Parser::default(), \"hello\");",
                  "    let result = parser.char_at(4);",
                  "    assert_panics!(parser.char_at(6));"
                ]
              ],
              "codes": [
                [
                  "{",
                  "    let parser = ParserI::new(Parser::default(), \"hello\");",
                  "    let result = parser.char_at(4);",
                  "    let parser = ParserI::new(Parser::default(), \"hello\");",
                  "    let result = parser.char_at(4);",
                  "    assert_eq!(result, 'o');",
                  "}"
                ],
                [
                  "{",
                  "    let parser = ParserI::new(Parser::default(), \"hello\");",
                  "    let result = parser.char_at(4);",
                  "    let parser = ParserI::new(Parser::default(), \"hello\");",
                  "    let result = parser.char_at(4);",
                  "    assert_panics!(parser.char_at(5));",
                  "}"
                ],
                [
                  "{",
                  "    let parser = ParserI::new(Parser::default(), \"hello\");",
                  "    let result = parser.char_at(4);",
                  "    let parser = ParserI::new(Parser::default(), \"hello\");",
                  "    let result = parser.char_at(4);",
                  "    assert_panics!(parser.char_at(6));",
                  "}"
                ]
              ],
              "can_compile": [
                {
                  "Err": "warning: /home/utgen/workspace/regex/regex-capi/Cargo.toml: no edition set: defaulting to the 2015 edition while the latest is 2021\nwarning: /home/utgen/workspace/regex/regex-syntax/Cargo.toml: no edition set: defaulting to the 2015 edition while the latest is 2021\nwarning: /home/utgen/workspace/regex/regex-debug/Cargo.toml: no edition set: defaulting to the 2015 edition while the latest is 2021\nwarning: /home/utgen/workspace/regex/Cargo.toml: no edition set: defaulting to the 2015 edition while the latest is 2021\nwarning: /home/utgen/workspace/regex/bench/Cargo.toml: no edition set: defaulting to the 2015 edition while the latest is 2021\n   Compiling proc-macro2 v1.0.95\n   Compiling syn v1.0.109\n   Compiling quote v1.0.40\n   Compiling ntest_timeout v0.9.3\n   Compiling ntest_test_cases v0.9.3\n   Compiling ntest v0.9.3\n   Compiling regex-syntax v0.6.0 (/home/utgen/workspace/regex/regex-syntax)\nerror[E0432]: unresolved import `ntest`\n    --> regex-syntax/src/ast/parse.rs:5369:8\n     |\n5369 |    use ntest::timeout;\n     |        ^^^^^ maybe a missing crate `ntest`?\n     |\n     = help: consider adding `extern crate ntest` to use the `ntest` crate\n\nwarning: `...` range patterns are deprecated\n    --> regex-syntax/src/ast/parse.rs:1445:16\n     |\n1445 |             '0'...'7' => {\n     |                ^^^ help: use `..=` for an inclusive range\n     |\n     = warning: this is accepted in the current edition (Rust 2015) but is a hard error in Rust 2021!\n     = note: for more information, see <https://doc.rust-lang.org/nightly/edition-guide/rust-2021/warnings-promoted-to-error.html>\n     = note: `#[warn(ellipsis_inclusive_range_patterns)]` on by default\n\nwarning: `...` range patterns are deprecated\n    --> regex-syntax/src/ast/parse.rs:1456:16\n     |\n1456 |             '8'...'9' if !self.parser().octal => {\n     |                ^^^ help: use `..=` for an inclusive range\n     |\n     = warning: this is accepted in the current edition (Rust 2015) but is a hard error in Rust 2021!\n     = note: for more information, see <https://doc.rust-lang.org/nightly/edition-guide/rust-2021/warnings-promoted-to-error.html>\n\nwarning: unused import: `Primitive`\n    --> regex-syntax/src/ast/parse.rs:2261:49\n     |\n2261 |     use super::{Parser, ParserI, ParserBuilder, Primitive};\n     |                                                 ^^^^^^^^^\n     |\n     = note: `#[warn(unused_imports)]` on by default\n\nwarning: unused macro definition: `assert_eq`\n    --> regex-syntax/src/ast/parse.rs:2265:18\n     |\n2265 |     macro_rules! assert_eq {\n     |                  ^^^^^^^^^\n     |\n     = note: `#[warn(unused_macros)]` on by default\n\nwarning: unused import: `super::*`\n    --> regex-syntax/src/ast/mod.rs:1482:9\n     |\n1482 |     use super::*;\n     |         ^^^^^^^^\n\nwarning: unused import: `ast::parse::Parser`\n   --> regex-syntax/src/error.rs:288:9\n    |\n288 |     use ast::parse::Parser;\n    |         ^^^^^^^^^^^^^^^^^^\n\nwarning: unused import: `ParserBuilder`\n    --> regex-syntax/src/hir/literal/mod.rs:1004:9\n     |\n1004 |     use ParserBuilder;\n     |         ^^^^^^^^^^^^^\n\nwarning: unused imports: `Position` and `self`\n    --> regex-syntax/src/hir/translate.rs:1094:15\n     |\n1094 |     use ast::{self, Ast, Position, Span};\n     |               ^^^^       ^^^^^^^^\n\nwarning: unused import: `ascii_class`\n    --> regex-syntax/src/hir/translate.rs:1099:36\n     |\n1099 |     use super::{TranslatorBuilder, ascii_class};\n     |                                    ^^^^^^^^^^^\n\nwarning: unused imports: `contains_simple_case_mapping` and `simple_fold`\n   --> regex-syntax/src/unicode.rs:375:17\n    |\n375 |     use super::{contains_simple_case_mapping, simple_fold};\n    |                 ^^^^^^^^^^^^^^^^^^^^^^^^^^^^  ^^^^^^^^^^^\n\nwarning: `...` range patterns are deprecated\n   --> regex-syntax/src/lib.rs:195:21\n    |\n195 |         b'_' | b'0' ... b'9' | b'a' ... b'z' | b'A' ... b'Z'  => true,\n    |                     ^^^ help: use `..=` for an inclusive range\n    |\n    = warning: this is accepted in the current edition (Rust 2015) but is a hard error in Rust 2021!\n    = note: for more information, see <https://doc.rust-lang.org/nightly/edition-guide/rust-2021/warnings-promoted-to-error.html>\n\nwarning: `...` range patterns are deprecated\n   --> regex-syntax/src/lib.rs:195:37\n    |\n195 |         b'_' | b'0' ... b'9' | b'a' ... b'z' | b'A' ... b'Z'  => true,\n    |                                     ^^^ help: use `..=` for an inclusive range\n    |\n    = warning: this is accepted in the current edition (Rust 2015) but is a hard error in Rust 2021!\n    = note: for more information, see <https://doc.rust-lang.org/nightly/edition-guide/rust-2021/warnings-promoted-to-error.html>\n\nwarning: `...` range patterns are deprecated\n   --> regex-syntax/src/lib.rs:195:53\n    |\n195 |         b'_' | b'0' ... b'9' | b'a' ... b'z' | b'A' ... b'Z'  => true,\n    |                                                     ^^^ help: use `..=` for an inclusive range\n    |\n    = warning: this is accepted in the current edition (Rust 2015) but is a hard error in Rust 2021!\n    = note: for more information, see <https://doc.rust-lang.org/nightly/edition-guide/rust-2021/warnings-promoted-to-error.html>\n\nwarning: unused import: `super::*`\n   --> regex-syntax/src/lib.rs:202:9\n    |\n202 |     use super::*;\n    |         ^^^^^^^^\n\nerror[E0599]: no function or associated item named `default` found for struct `parse::Parser` in the current scope\n    --> regex-syntax/src/ast/parse.rs:5373:39\n     |\n233  | pub struct Parser {\n     | ----------------- function or associated item `default` not found for this struct\n...\n5373 |     let parser = ParserI::new(Parser::default(), \"hello\");\n     |                                       ^^^^^^^ function or associated item not found in `Parser`\n     |\nnote: if you're trying to build a new `parse::Parser`, consider using `parse::Parser::new` which returns `parse::Parser`\n    --> regex-syntax/src/ast/parse.rs:339:5\n     |\n339  |     pub fn new() -> Parser {\n     |     ^^^^^^^^^^^^^^^^^^^^^^\n     = help: items from traits can only be used if the trait is implemented and in scope\n     = note: the following trait defines an item `default`, perhaps you need to implement it:\n             candidate #1: `Default`\n\nerror[E0599]: no function or associated item named `default` found for struct `parse::Parser` in the current scope\n    --> regex-syntax/src/ast/parse.rs:5375:39\n     |\n233  | pub struct Parser {\n     | ----------------- function or associated item `default` not found for this struct\n...\n5375 |     let parser = ParserI::new(Parser::default(), \"hello\");\n     |                                       ^^^^^^^ function or associated item not found in `Parser`\n     |\nnote: if you're trying to build a new `parse::Parser`, consider using `parse::Parser::new` which returns `parse::Parser`\n    --> regex-syntax/src/ast/parse.rs:339:5\n     |\n339  |     pub fn new() -> Parser {\n     |     ^^^^^^^^^^^^^^^^^^^^^^\n     = help: items from traits can only be used if the trait is implemented and in scope\n     = note: the following trait defines an item `default`, perhaps you need to implement it:\n             candidate #1: `Default`\n\nwarning: use of deprecated method `std::error::Error::description`: use the Display impl or to_string()\n  --> regex-syntax/src/error.rs:45:38\n   |\n45 |             Error::Parse(ref x) => x.description(),\n   |                                      ^^^^^^^^^^^\n   |\n   = note: `#[warn(deprecated)]` on by default\n\nwarning: use of deprecated method `std::error::Error::description`: use the Display impl or to_string()\n  --> regex-syntax/src/error.rs:46:42\n   |\n46 |             Error::Translate(ref x) => x.description(),\n   |                                          ^^^^^^^^^^^\n\nwarning: variable does not need to be mutable\n   --> regex-syntax/src/hir/literal/mod.rs:687:17\n    |\n687 |             let mut buf = &mut buf[..i];\n    |                 ----^^^\n    |                 |\n    |                 help: remove this `mut`\n    |\n    = note: `#[warn(unused_mut)]` on by default\n\nSome errors have detailed explanations: E0432, E0599.\nFor more information about an error, try `rustc --explain E0432`.\nwarning: `regex-syntax` (lib test) generated 17 warnings\nerror: could not compile `regex-syntax` (lib test) due to 3 previous errors; 17 warnings emitted\n"
                },
                {
                  "Err": "warning: /home/utgen/workspace/regex/regex-capi/Cargo.toml: no edition set: defaulting to the 2015 edition while the latest is 2021\nwarning: /home/utgen/workspace/regex/regex-debug/Cargo.toml: no edition set: defaulting to the 2015 edition while the latest is 2021\nwarning: /home/utgen/workspace/regex/Cargo.toml: no edition set: defaulting to the 2015 edition while the latest is 2021\nwarning: /home/utgen/workspace/regex/regex-syntax/Cargo.toml: no edition set: defaulting to the 2015 edition while the latest is 2021\nwarning: /home/utgen/workspace/regex/bench/Cargo.toml: no edition set: defaulting to the 2015 edition while the latest is 2021\n   Compiling proc-macro2 v1.0.95\n   Compiling syn v1.0.109\n   Compiling quote v1.0.40\n   Compiling ntest_timeout v0.9.3\n   Compiling ntest_test_cases v0.9.3\n   Compiling ntest v0.9.3\n   Compiling regex-syntax v0.6.0 (/home/utgen/workspace/regex/regex-syntax)\nerror[E0432]: unresolved import `ntest`\n    --> regex-syntax/src/ast/parse.rs:5369:8\n     |\n5369 |    use ntest::timeout;\n     |        ^^^^^ maybe a missing crate `ntest`?\n     |\n     = help: consider adding `extern crate ntest` to use the `ntest` crate\n\nerror: cannot find macro `assert_panics` in this scope\n    --> regex-syntax/src/ast/parse.rs:5377:5\n     |\n5377 |     assert_panics!(parser.char_at(5));\n     |     ^^^^^^^^^^^^^\n\nwarning: `...` range patterns are deprecated\n    --> regex-syntax/src/ast/parse.rs:1445:16\n     |\n1445 |             '0'...'7' => {\n     |                ^^^ help: use `..=` for an inclusive range\n     |\n     = warning: this is accepted in the current edition (Rust 2015) but is a hard error in Rust 2021!\n     = note: for more information, see <https://doc.rust-lang.org/nightly/edition-guide/rust-2021/warnings-promoted-to-error.html>\n     = note: `#[warn(ellipsis_inclusive_range_patterns)]` on by default\n\nwarning: `...` range patterns are deprecated\n    --> regex-syntax/src/ast/parse.rs:1456:16\n     |\n1456 |             '8'...'9' if !self.parser().octal => {\n     |                ^^^ help: use `..=` for an inclusive range\n     |\n     = warning: this is accepted in the current edition (Rust 2015) but is a hard error in Rust 2021!\n     = note: for more information, see <https://doc.rust-lang.org/nightly/edition-guide/rust-2021/warnings-promoted-to-error.html>\n\nwarning: unused import: `Primitive`\n    --> regex-syntax/src/ast/parse.rs:2261:49\n     |\n2261 |     use super::{Parser, ParserI, ParserBuilder, Primitive};\n     |                                                 ^^^^^^^^^\n     |\n     = note: `#[warn(unused_imports)]` on by default\n\nwarning: unused macro definition: `assert_eq`\n    --> regex-syntax/src/ast/parse.rs:2265:18\n     |\n2265 |     macro_rules! assert_eq {\n     |                  ^^^^^^^^^\n     |\n     = note: `#[warn(unused_macros)]` on by default\n\nwarning: unused import: `super::*`\n    --> regex-syntax/src/ast/mod.rs:1482:9\n     |\n1482 |     use super::*;\n     |         ^^^^^^^^\n\nwarning: unused import: `ast::parse::Parser`\n   --> regex-syntax/src/error.rs:288:9\n    |\n288 |     use ast::parse::Parser;\n    |         ^^^^^^^^^^^^^^^^^^\n\nwarning: unused import: `ParserBuilder`\n    --> regex-syntax/src/hir/literal/mod.rs:1004:9\n     |\n1004 |     use ParserBuilder;\n     |         ^^^^^^^^^^^^^\n\nwarning: unused imports: `Position` and `self`\n    --> regex-syntax/src/hir/translate.rs:1094:15\n     |\n1094 |     use ast::{self, Ast, Position, Span};\n     |               ^^^^       ^^^^^^^^\n\nwarning: unused import: `ascii_class`\n    --> regex-syntax/src/hir/translate.rs:1099:36\n     |\n1099 |     use super::{TranslatorBuilder, ascii_class};\n     |                                    ^^^^^^^^^^^\n\nwarning: unused imports: `contains_simple_case_mapping` and `simple_fold`\n   --> regex-syntax/src/unicode.rs:375:17\n    |\n375 |     use super::{contains_simple_case_mapping, simple_fold};\n    |                 ^^^^^^^^^^^^^^^^^^^^^^^^^^^^  ^^^^^^^^^^^\n\nwarning: `...` range patterns are deprecated\n   --> regex-syntax/src/lib.rs:195:21\n    |\n195 |         b'_' | b'0' ... b'9' | b'a' ... b'z' | b'A' ... b'Z'  => true,\n    |                     ^^^ help: use `..=` for an inclusive range\n    |\n    = warning: this is accepted in the current edition (Rust 2015) but is a hard error in Rust 2021!\n    = note: for more information, see <https://doc.rust-lang.org/nightly/edition-guide/rust-2021/warnings-promoted-to-error.html>\n\nwarning: `...` range patterns are deprecated\n   --> regex-syntax/src/lib.rs:195:37\n    |\n195 |         b'_' | b'0' ... b'9' | b'a' ... b'z' | b'A' ... b'Z'  => true,\n    |                                     ^^^ help: use `..=` for an inclusive range\n    |\n    = warning: this is accepted in the current edition (Rust 2015) but is a hard error in Rust 2021!\n    = note: for more information, see <https://doc.rust-lang.org/nightly/edition-guide/rust-2021/warnings-promoted-to-error.html>\n\nwarning: `...` range patterns are deprecated\n   --> regex-syntax/src/lib.rs:195:53\n    |\n195 |         b'_' | b'0' ... b'9' | b'a' ... b'z' | b'A' ... b'Z'  => true,\n    |                                                     ^^^ help: use `..=` for an inclusive range\n    |\n    = warning: this is accepted in the current edition (Rust 2015) but is a hard error in Rust 2021!\n    = note: for more information, see <https://doc.rust-lang.org/nightly/edition-guide/rust-2021/warnings-promoted-to-error.html>\n\nwarning: unused import: `super::*`\n   --> regex-syntax/src/lib.rs:202:9\n    |\n202 |     use super::*;\n    |         ^^^^^^^^\n\nerror[E0599]: no function or associated item named `default` found for struct `parse::Parser` in the current scope\n    --> regex-syntax/src/ast/parse.rs:5373:39\n     |\n233  | pub struct Parser {\n     | ----------------- function or associated item `default` not found for this struct\n...\n5373 |     let parser = ParserI::new(Parser::default(), \"hello\");\n     |                                       ^^^^^^^ function or associated item not found in `Parser`\n     |\nnote: if you're trying to build a new `parse::Parser`, consider using `parse::Parser::new` which returns `parse::Parser`\n    --> regex-syntax/src/ast/parse.rs:339:5\n     |\n339  |     pub fn new() -> Parser {\n     |     ^^^^^^^^^^^^^^^^^^^^^^\n     = help: items from traits can only be used if the trait is implemented and in scope\n     = note: the following trait defines an item `default`, perhaps you need to implement it:\n             candidate #1: `Default`\n\nerror[E0599]: no function or associated item named `default` found for struct `parse::Parser` in the current scope\n    --> regex-syntax/src/ast/parse.rs:5375:39\n     |\n233  | pub struct Parser {\n     | ----------------- function or associated item `default` not found for this struct\n...\n5375 |     let parser = ParserI::new(Parser::default(), \"hello\");\n     |                                       ^^^^^^^ function or associated item not found in `Parser`\n     |\nnote: if you're trying to build a new `parse::Parser`, consider using `parse::Parser::new` which returns `parse::Parser`\n    --> regex-syntax/src/ast/parse.rs:339:5\n     |\n339  |     pub fn new() -> Parser {\n     |     ^^^^^^^^^^^^^^^^^^^^^^\n     = help: items from traits can only be used if the trait is implemented and in scope\n     = note: the following trait defines an item `default`, perhaps you need to implement it:\n             candidate #1: `Default`\n\nwarning: use of deprecated method `std::error::Error::description`: use the Display impl or to_string()\n  --> regex-syntax/src/error.rs:45:38\n   |\n45 |             Error::Parse(ref x) => x.description(),\n   |                                      ^^^^^^^^^^^\n   |\n   = note: `#[warn(deprecated)]` on by default\n\nwarning: use of deprecated method `std::error::Error::description`: use the Display impl or to_string()\n  --> regex-syntax/src/error.rs:46:42\n   |\n46 |             Error::Translate(ref x) => x.description(),\n   |                                          ^^^^^^^^^^^\n\nwarning: variable does not need to be mutable\n   --> regex-syntax/src/hir/literal/mod.rs:687:17\n    |\n687 |             let mut buf = &mut buf[..i];\n    |                 ----^^^\n    |                 |\n    |                 help: remove this `mut`\n    |\n    = note: `#[warn(unused_mut)]` on by default\n\nSome errors have detailed explanations: E0432, E0599.\nFor more information about an error, try `rustc --explain E0432`.\nwarning: `regex-syntax` (lib test) generated 17 warnings\nerror: could not compile `regex-syntax` (lib test) due to 4 previous errors; 17 warnings emitted\n"
                },
                {
                  "Err": "warning: /home/utgen/workspace/regex/regex-capi/Cargo.toml: no edition set: defaulting to the 2015 edition while the latest is 2021\nwarning: /home/utgen/workspace/regex/regex-syntax/Cargo.toml: no edition set: defaulting to the 2015 edition while the latest is 2021\nwarning: /home/utgen/workspace/regex/regex-debug/Cargo.toml: no edition set: defaulting to the 2015 edition while the latest is 2021\nwarning: /home/utgen/workspace/regex/Cargo.toml: no edition set: defaulting to the 2015 edition while the latest is 2021\nwarning: /home/utgen/workspace/regex/bench/Cargo.toml: no edition set: defaulting to the 2015 edition while the latest is 2021\n   Compiling proc-macro2 v1.0.95\n   Compiling syn v1.0.109\n   Compiling quote v1.0.40\n   Compiling ntest_test_cases v0.9.3\n   Compiling ntest_timeout v0.9.3\n   Compiling ntest v0.9.3\n   Compiling regex-syntax v0.6.0 (/home/utgen/workspace/regex/regex-syntax)\nerror[E0432]: unresolved import `ntest`\n    --> regex-syntax/src/ast/parse.rs:5369:8\n     |\n5369 |    use ntest::timeout;\n     |        ^^^^^ maybe a missing crate `ntest`?\n     |\n     = help: consider adding `extern crate ntest` to use the `ntest` crate\n\nerror: cannot find macro `assert_panics` in this scope\n    --> regex-syntax/src/ast/parse.rs:5377:5\n     |\n5377 |     assert_panics!(parser.char_at(6));\n     |     ^^^^^^^^^^^^^\n\nwarning: `...` range patterns are deprecated\n    --> regex-syntax/src/ast/parse.rs:1445:16\n     |\n1445 |             '0'...'7' => {\n     |                ^^^ help: use `..=` for an inclusive range\n     |\n     = warning: this is accepted in the current edition (Rust 2015) but is a hard error in Rust 2021!\n     = note: for more information, see <https://doc.rust-lang.org/nightly/edition-guide/rust-2021/warnings-promoted-to-error.html>\n     = note: `#[warn(ellipsis_inclusive_range_patterns)]` on by default\n\nwarning: `...` range patterns are deprecated\n    --> regex-syntax/src/ast/parse.rs:1456:16\n     |\n1456 |             '8'...'9' if !self.parser().octal => {\n     |                ^^^ help: use `..=` for an inclusive range\n     |\n     = warning: this is accepted in the current edition (Rust 2015) but is a hard error in Rust 2021!\n     = note: for more information, see <https://doc.rust-lang.org/nightly/edition-guide/rust-2021/warnings-promoted-to-error.html>\n\nwarning: unused import: `Primitive`\n    --> regex-syntax/src/ast/parse.rs:2261:49\n     |\n2261 |     use super::{Parser, ParserI, ParserBuilder, Primitive};\n     |                                                 ^^^^^^^^^\n     |\n     = note: `#[warn(unused_imports)]` on by default\n\nwarning: unused macro definition: `assert_eq`\n    --> regex-syntax/src/ast/parse.rs:2265:18\n     |\n2265 |     macro_rules! assert_eq {\n     |                  ^^^^^^^^^\n     |\n     = note: `#[warn(unused_macros)]` on by default\n\nwarning: unused import: `super::*`\n    --> regex-syntax/src/ast/mod.rs:1482:9\n     |\n1482 |     use super::*;\n     |         ^^^^^^^^\n\nwarning: unused import: `ast::parse::Parser`\n   --> regex-syntax/src/error.rs:288:9\n    |\n288 |     use ast::parse::Parser;\n    |         ^^^^^^^^^^^^^^^^^^\n\nwarning: unused import: `ParserBuilder`\n    --> regex-syntax/src/hir/literal/mod.rs:1004:9\n     |\n1004 |     use ParserBuilder;\n     |         ^^^^^^^^^^^^^\n\nwarning: unused imports: `Position` and `self`\n    --> regex-syntax/src/hir/translate.rs:1094:15\n     |\n1094 |     use ast::{self, Ast, Position, Span};\n     |               ^^^^       ^^^^^^^^\n\nwarning: unused import: `ascii_class`\n    --> regex-syntax/src/hir/translate.rs:1099:36\n     |\n1099 |     use super::{TranslatorBuilder, ascii_class};\n     |                                    ^^^^^^^^^^^\n\nwarning: unused imports: `contains_simple_case_mapping` and `simple_fold`\n   --> regex-syntax/src/unicode.rs:375:17\n    |\n375 |     use super::{contains_simple_case_mapping, simple_fold};\n    |                 ^^^^^^^^^^^^^^^^^^^^^^^^^^^^  ^^^^^^^^^^^\n\nwarning: `...` range patterns are deprecated\n   --> regex-syntax/src/lib.rs:195:21\n    |\n195 |         b'_' | b'0' ... b'9' | b'a' ... b'z' | b'A' ... b'Z'  => true,\n    |                     ^^^ help: use `..=` for an inclusive range\n    |\n    = warning: this is accepted in the current edition (Rust 2015) but is a hard error in Rust 2021!\n    = note: for more information, see <https://doc.rust-lang.org/nightly/edition-guide/rust-2021/warnings-promoted-to-error.html>\n\nwarning: `...` range patterns are deprecated\n   --> regex-syntax/src/lib.rs:195:37\n    |\n195 |         b'_' | b'0' ... b'9' | b'a' ... b'z' | b'A' ... b'Z'  => true,\n    |                                     ^^^ help: use `..=` for an inclusive range\n    |\n    = warning: this is accepted in the current edition (Rust 2015) but is a hard error in Rust 2021!\n    = note: for more information, see <https://doc.rust-lang.org/nightly/edition-guide/rust-2021/warnings-promoted-to-error.html>\n\nwarning: `...` range patterns are deprecated\n   --> regex-syntax/src/lib.rs:195:53\n    |\n195 |         b'_' | b'0' ... b'9' | b'a' ... b'z' | b'A' ... b'Z'  => true,\n    |                                                     ^^^ help: use `..=` for an inclusive range\n    |\n    = warning: this is accepted in the current edition (Rust 2015) but is a hard error in Rust 2021!\n    = note: for more information, see <https://doc.rust-lang.org/nightly/edition-guide/rust-2021/warnings-promoted-to-error.html>\n\nwarning: unused import: `super::*`\n   --> regex-syntax/src/lib.rs:202:9\n    |\n202 |     use super::*;\n    |         ^^^^^^^^\n\nerror[E0599]: no function or associated item named `default` found for struct `parse::Parser` in the current scope\n    --> regex-syntax/src/ast/parse.rs:5373:39\n     |\n233  | pub struct Parser {\n     | ----------------- function or associated item `default` not found for this struct\n...\n5373 |     let parser = ParserI::new(Parser::default(), \"hello\");\n     |                                       ^^^^^^^ function or associated item not found in `Parser`\n     |\nnote: if you're trying to build a new `parse::Parser`, consider using `parse::Parser::new` which returns `parse::Parser`\n    --> regex-syntax/src/ast/parse.rs:339:5\n     |\n339  |     pub fn new() -> Parser {\n     |     ^^^^^^^^^^^^^^^^^^^^^^\n     = help: items from traits can only be used if the trait is implemented and in scope\n     = note: the following trait defines an item `default`, perhaps you need to implement it:\n             candidate #1: `Default`\n\nerror[E0599]: no function or associated item named `default` found for struct `parse::Parser` in the current scope\n    --> regex-syntax/src/ast/parse.rs:5375:39\n     |\n233  | pub struct Parser {\n     | ----------------- function or associated item `default` not found for this struct\n...\n5375 |     let parser = ParserI::new(Parser::default(), \"hello\");\n     |                                       ^^^^^^^ function or associated item not found in `Parser`\n     |\nnote: if you're trying to build a new `parse::Parser`, consider using `parse::Parser::new` which returns `parse::Parser`\n    --> regex-syntax/src/ast/parse.rs:339:5\n     |\n339  |     pub fn new() -> Parser {\n     |     ^^^^^^^^^^^^^^^^^^^^^^\n     = help: items from traits can only be used if the trait is implemented and in scope\n     = note: the following trait defines an item `default`, perhaps you need to implement it:\n             candidate #1: `Default`\n\nwarning: use of deprecated method `std::error::Error::description`: use the Display impl or to_string()\n  --> regex-syntax/src/error.rs:45:38\n   |\n45 |             Error::Parse(ref x) => x.description(),\n   |                                      ^^^^^^^^^^^\n   |\n   = note: `#[warn(deprecated)]` on by default\n\nwarning: use of deprecated method `std::error::Error::description`: use the Display impl or to_string()\n  --> regex-syntax/src/error.rs:46:42\n   |\n46 |             Error::Translate(ref x) => x.description(),\n   |                                          ^^^^^^^^^^^\n\nwarning: variable does not need to be mutable\n   --> regex-syntax/src/hir/literal/mod.rs:687:17\n    |\n687 |             let mut buf = &mut buf[..i];\n    |                 ----^^^\n    |                 |\n    |                 help: remove this `mut`\n    |\n    = note: `#[warn(unused_mut)]` on by default\n\nSome errors have detailed explanations: E0432, E0599.\nFor more information about an error, try `rustc --explain E0432`.\nwarning: `regex-syntax` (lib test) generated 17 warnings\nerror: could not compile `regex-syntax` (lib test) due to 4 previous errors; 17 warnings emitted\n"
                }
              ],
              "repaired": [
                false,
                false,
                false
              ]
            },
            {
              "attrs": [
                "#[should_panic(expected = \"expected char at offset 5\")]"
              ],
              "prefix": [
                "{",
                "    let parser = ParserI::new(Parser::default(), \"hello\");",
                "    let result = parser.char_at(5);",
                "}"
              ],
              "oracles": [
                [
                  "    let parser = ParserI::new(Parser::default(), \"hello\");",
                  "    assert_eq!(std::panic::catch_unwind(|| parser.char_at(5)).is_err(), true);"
                ]
              ],
              "codes": [
                [
                  "{",
                  "    let parser = ParserI::new(Parser::default(), \"hello\");",
                  "    let result = parser.char_at(5);",
                  "    let parser = ParserI::new(Parser::default(), \"hello\");",
                  "    assert_eq!(std::panic::catch_unwind(|| parser.char_at(5)).is_err(), true);",
                  "}"
                ]
              ],
              "can_compile": [
                {
                  "Err": "warning: /home/utgen/workspace/regex/bench/Cargo.toml: no edition set: defaulting to the 2015 edition while the latest is 2021\nwarning: /home/utgen/workspace/regex/regex-syntax/Cargo.toml: no edition set: defaulting to the 2015 edition while the latest is 2021\nwarning: /home/utgen/workspace/regex/regex-debug/Cargo.toml: no edition set: defaulting to the 2015 edition while the latest is 2021\nwarning: /home/utgen/workspace/regex/Cargo.toml: no edition set: defaulting to the 2015 edition while the latest is 2021\nwarning: /home/utgen/workspace/regex/regex-capi/Cargo.toml: no edition set: defaulting to the 2015 edition while the latest is 2021\n   Compiling proc-macro2 v1.0.95\n   Compiling syn v1.0.109\n   Compiling quote v1.0.40\n   Compiling ntest_timeout v0.9.3\n   Compiling ntest_test_cases v0.9.3\n   Compiling ntest v0.9.3\n   Compiling regex-syntax v0.6.0 (/home/utgen/workspace/regex/regex-syntax)\nerror[E0432]: unresolved import `ntest`\n    --> regex-syntax/src/ast/parse.rs:5369:8\n     |\n5369 |    use ntest::timeout;\n     |        ^^^^^ maybe a missing crate `ntest`?\n     |\n     = help: consider adding `extern crate ntest` to use the `ntest` crate\n\nwarning: `...` range patterns are deprecated\n    --> regex-syntax/src/ast/parse.rs:1445:16\n     |\n1445 |             '0'...'7' => {\n     |                ^^^ help: use `..=` for an inclusive range\n     |\n     = warning: this is accepted in the current edition (Rust 2015) but is a hard error in Rust 2021!\n     = note: for more information, see <https://doc.rust-lang.org/nightly/edition-guide/rust-2021/warnings-promoted-to-error.html>\n     = note: `#[warn(ellipsis_inclusive_range_patterns)]` on by default\n\nwarning: `...` range patterns are deprecated\n    --> regex-syntax/src/ast/parse.rs:1456:16\n     |\n1456 |             '8'...'9' if !self.parser().octal => {\n     |                ^^^ help: use `..=` for an inclusive range\n     |\n     = warning: this is accepted in the current edition (Rust 2015) but is a hard error in Rust 2021!\n     = note: for more information, see <https://doc.rust-lang.org/nightly/edition-guide/rust-2021/warnings-promoted-to-error.html>\n\nwarning: unused import: `Primitive`\n    --> regex-syntax/src/ast/parse.rs:2261:49\n     |\n2261 |     use super::{Parser, ParserI, ParserBuilder, Primitive};\n     |                                                 ^^^^^^^^^\n     |\n     = note: `#[warn(unused_imports)]` on by default\n\nwarning: unused macro definition: `assert_eq`\n    --> regex-syntax/src/ast/parse.rs:2265:18\n     |\n2265 |     macro_rules! assert_eq {\n     |                  ^^^^^^^^^\n     |\n     = note: `#[warn(unused_macros)]` on by default\n\nwarning: unused import: `super::*`\n    --> regex-syntax/src/ast/mod.rs:1482:9\n     |\n1482 |     use super::*;\n     |         ^^^^^^^^\n\nwarning: unused import: `ast::parse::Parser`\n   --> regex-syntax/src/error.rs:288:9\n    |\n288 |     use ast::parse::Parser;\n    |         ^^^^^^^^^^^^^^^^^^\n\nwarning: unused import: `ParserBuilder`\n    --> regex-syntax/src/hir/literal/mod.rs:1004:9\n     |\n1004 |     use ParserBuilder;\n     |         ^^^^^^^^^^^^^\n\nwarning: unused imports: `Position` and `self`\n    --> regex-syntax/src/hir/translate.rs:1094:15\n     |\n1094 |     use ast::{self, Ast, Position, Span};\n     |               ^^^^       ^^^^^^^^\n\nwarning: unused import: `ascii_class`\n    --> regex-syntax/src/hir/translate.rs:1099:36\n     |\n1099 |     use super::{TranslatorBuilder, ascii_class};\n     |                                    ^^^^^^^^^^^\n\nwarning: unused imports: `contains_simple_case_mapping` and `simple_fold`\n   --> regex-syntax/src/unicode.rs:375:17\n    |\n375 |     use super::{contains_simple_case_mapping, simple_fold};\n    |                 ^^^^^^^^^^^^^^^^^^^^^^^^^^^^  ^^^^^^^^^^^\n\nwarning: `...` range patterns are deprecated\n   --> regex-syntax/src/lib.rs:195:21\n    |\n195 |         b'_' | b'0' ... b'9' | b'a' ... b'z' | b'A' ... b'Z'  => true,\n    |                     ^^^ help: use `..=` for an inclusive range\n    |\n    = warning: this is accepted in the current edition (Rust 2015) but is a hard error in Rust 2021!\n    = note: for more information, see <https://doc.rust-lang.org/nightly/edition-guide/rust-2021/warnings-promoted-to-error.html>\n\nwarning: `...` range patterns are deprecated\n   --> regex-syntax/src/lib.rs:195:37\n    |\n195 |         b'_' | b'0' ... b'9' | b'a' ... b'z' | b'A' ... b'Z'  => true,\n    |                                     ^^^ help: use `..=` for an inclusive range\n    |\n    = warning: this is accepted in the current edition (Rust 2015) but is a hard error in Rust 2021!\n    = note: for more information, see <https://doc.rust-lang.org/nightly/edition-guide/rust-2021/warnings-promoted-to-error.html>\n\nwarning: `...` range patterns are deprecated\n   --> regex-syntax/src/lib.rs:195:53\n    |\n195 |         b'_' | b'0' ... b'9' | b'a' ... b'z' | b'A' ... b'Z'  => true,\n    |                                                     ^^^ help: use `..=` for an inclusive range\n    |\n    = warning: this is accepted in the current edition (Rust 2015) but is a hard error in Rust 2021!\n    = note: for more information, see <https://doc.rust-lang.org/nightly/edition-guide/rust-2021/warnings-promoted-to-error.html>\n\nwarning: unused import: `super::*`\n   --> regex-syntax/src/lib.rs:202:9\n    |\n202 |     use super::*;\n    |         ^^^^^^^^\n\nerror[E0599]: no function or associated item named `default` found for struct `parse::Parser` in the current scope\n    --> regex-syntax/src/ast/parse.rs:5374:39\n     |\n233  | pub struct Parser {\n     | ----------------- function or associated item `default` not found for this struct\n...\n5374 |     let parser = ParserI::new(Parser::default(), \"hello\");\n     |                                       ^^^^^^^ function or associated item not found in `Parser`\n     |\nnote: if you're trying to build a new `parse::Parser`, consider using `parse::Parser::new` which returns `parse::Parser`\n    --> regex-syntax/src/ast/parse.rs:339:5\n     |\n339  |     pub fn new() -> Parser {\n     |     ^^^^^^^^^^^^^^^^^^^^^^\n     = help: items from traits can only be used if the trait is implemented and in scope\n     = note: the following trait defines an item `default`, perhaps you need to implement it:\n             candidate #1: `Default`\n\nerror[E0599]: no function or associated item named `default` found for struct `parse::Parser` in the current scope\n    --> regex-syntax/src/ast/parse.rs:5376:39\n     |\n233  | pub struct Parser {\n     | ----------------- function or associated item `default` not found for this struct\n...\n5376 |     let parser = ParserI::new(Parser::default(), \"hello\");\n     |                                       ^^^^^^^ function or associated item not found in `Parser`\n     |\nnote: if you're trying to build a new `parse::Parser`, consider using `parse::Parser::new` which returns `parse::Parser`\n    --> regex-syntax/src/ast/parse.rs:339:5\n     |\n339  |     pub fn new() -> Parser {\n     |     ^^^^^^^^^^^^^^^^^^^^^^\n     = help: items from traits can only be used if the trait is implemented and in scope\n     = note: the following trait defines an item `default`, perhaps you need to implement it:\n             candidate #1: `Default`\n\nwarning: use of deprecated method `std::error::Error::description`: use the Display impl or to_string()\n  --> regex-syntax/src/error.rs:45:38\n   |\n45 |             Error::Parse(ref x) => x.description(),\n   |                                      ^^^^^^^^^^^\n   |\n   = note: `#[warn(deprecated)]` on by default\n\nwarning: use of deprecated method `std::error::Error::description`: use the Display impl or to_string()\n  --> regex-syntax/src/error.rs:46:42\n   |\n46 |             Error::Translate(ref x) => x.description(),\n   |                                          ^^^^^^^^^^^\n\nwarning: variable does not need to be mutable\n   --> regex-syntax/src/hir/literal/mod.rs:687:17\n    |\n687 |             let mut buf = &mut buf[..i];\n    |                 ----^^^\n    |                 |\n    |                 help: remove this `mut`\n    |\n    = note: `#[warn(unused_mut)]` on by default\n\nSome errors have detailed explanations: E0432, E0599.\nFor more information about an error, try `rustc --explain E0432`.\nwarning: `regex-syntax` (lib test) generated 17 warnings\nerror: could not compile `regex-syntax` (lib test) due to 3 previous errors; 17 warnings emitted\n"
                }
              ],
              "repaired": [
                false
              ]
            },
            {
              "attrs": [
                "#[should_panic(expected = \"expected char at offset 0\")]"
              ],
              "prefix": [
                "{",
                "    let parser = ParserI::new(Parser::default(), \"\");",
                "    let result = parser.char_at(0);",
                "}"
              ],
              "oracles": [
                [
                  "    let parser = ParserI::new(Parser::default(), \"\");",
                  "    assert!(std::panic::catch_unwind(|| parser.char_at(0)).is_err());"
                ],
                [
                  "    let parser = ParserI::new(Parser::default(), \"\");",
                  "    assert_eq!(std::panic::catch_unwind(|| parser.char_at(0)).unwrap_err().downcast_ref::<&str>(), Some(&\"expected char at offset 0\"));"
                ]
              ],
              "codes": [
                [
                  "{",
                  "    let parser = ParserI::new(Parser::default(), \"\");",
                  "    let result = parser.char_at(0);",
                  "    let parser = ParserI::new(Parser::default(), \"\");",
                  "    assert!(std::panic::catch_unwind(|| parser.char_at(0)).is_err());",
                  "}"
                ],
                [
                  "{",
                  "    let parser = ParserI::new(Parser::default(), \"\");",
                  "    let result = parser.char_at(0);",
                  "    let parser = ParserI::new(Parser::default(), \"\");",
                  "    assert_eq!(std::panic::catch_unwind(|| parser.char_at(0)).unwrap_err().downcast_ref::<&str>(), Some(&\"expected char at offset 0\"));",
                  "}"
                ]
              ],
              "can_compile": [
                {
                  "Err": "warning: /home/utgen/workspace/regex/regex-debug/Cargo.toml: no edition set: defaulting to the 2015 edition while the latest is 2021\nwarning: /home/utgen/workspace/regex/regex-capi/Cargo.toml: no edition set: defaulting to the 2015 edition while the latest is 2021\nwarning: /home/utgen/workspace/regex/bench/Cargo.toml: no edition set: defaulting to the 2015 edition while the latest is 2021\nwarning: /home/utgen/workspace/regex/regex-syntax/Cargo.toml: no edition set: defaulting to the 2015 edition while the latest is 2021\nwarning: /home/utgen/workspace/regex/Cargo.toml: no edition set: defaulting to the 2015 edition while the latest is 2021\n   Compiling proc-macro2 v1.0.95\n   Compiling syn v1.0.109\n   Compiling quote v1.0.40\n   Compiling ntest_test_cases v0.9.3\n   Compiling ntest_timeout v0.9.3\n   Compiling ntest v0.9.3\n   Compiling regex-syntax v0.6.0 (/home/utgen/workspace/regex/regex-syntax)\nerror[E0432]: unresolved import `ntest`\n    --> regex-syntax/src/ast/parse.rs:5369:8\n     |\n5369 |    use ntest::timeout;\n     |        ^^^^^ maybe a missing crate `ntest`?\n     |\n     = help: consider adding `extern crate ntest` to use the `ntest` crate\n\nwarning: `...` range patterns are deprecated\n    --> regex-syntax/src/ast/parse.rs:1445:16\n     |\n1445 |             '0'...'7' => {\n     |                ^^^ help: use `..=` for an inclusive range\n     |\n     = warning: this is accepted in the current edition (Rust 2015) but is a hard error in Rust 2021!\n     = note: for more information, see <https://doc.rust-lang.org/nightly/edition-guide/rust-2021/warnings-promoted-to-error.html>\n     = note: `#[warn(ellipsis_inclusive_range_patterns)]` on by default\n\nwarning: `...` range patterns are deprecated\n    --> regex-syntax/src/ast/parse.rs:1456:16\n     |\n1456 |             '8'...'9' if !self.parser().octal => {\n     |                ^^^ help: use `..=` for an inclusive range\n     |\n     = warning: this is accepted in the current edition (Rust 2015) but is a hard error in Rust 2021!\n     = note: for more information, see <https://doc.rust-lang.org/nightly/edition-guide/rust-2021/warnings-promoted-to-error.html>\n\nwarning: unused import: `Primitive`\n    --> regex-syntax/src/ast/parse.rs:2261:49\n     |\n2261 |     use super::{Parser, ParserI, ParserBuilder, Primitive};\n     |                                                 ^^^^^^^^^\n     |\n     = note: `#[warn(unused_imports)]` on by default\n\nwarning: unused macro definition: `assert_eq`\n    --> regex-syntax/src/ast/parse.rs:2265:18\n     |\n2265 |     macro_rules! assert_eq {\n     |                  ^^^^^^^^^\n     |\n     = note: `#[warn(unused_macros)]` on by default\n\nwarning: unused import: `super::*`\n    --> regex-syntax/src/ast/mod.rs:1482:9\n     |\n1482 |     use super::*;\n     |         ^^^^^^^^\n\nwarning: unused import: `ast::parse::Parser`\n   --> regex-syntax/src/error.rs:288:9\n    |\n288 |     use ast::parse::Parser;\n    |         ^^^^^^^^^^^^^^^^^^\n\nwarning: unused import: `ParserBuilder`\n    --> regex-syntax/src/hir/literal/mod.rs:1004:9\n     |\n1004 |     use ParserBuilder;\n     |         ^^^^^^^^^^^^^\n\nwarning: unused imports: `Position` and `self`\n    --> regex-syntax/src/hir/translate.rs:1094:15\n     |\n1094 |     use ast::{self, Ast, Position, Span};\n     |               ^^^^       ^^^^^^^^\n\nwarning: unused import: `ascii_class`\n    --> regex-syntax/src/hir/translate.rs:1099:36\n     |\n1099 |     use super::{TranslatorBuilder, ascii_class};\n     |                                    ^^^^^^^^^^^\n\nwarning: unused imports: `contains_simple_case_mapping` and `simple_fold`\n   --> regex-syntax/src/unicode.rs:375:17\n    |\n375 |     use super::{contains_simple_case_mapping, simple_fold};\n    |                 ^^^^^^^^^^^^^^^^^^^^^^^^^^^^  ^^^^^^^^^^^\n\nwarning: `...` range patterns are deprecated\n   --> regex-syntax/src/lib.rs:195:21\n    |\n195 |         b'_' | b'0' ... b'9' | b'a' ... b'z' | b'A' ... b'Z'  => true,\n    |                     ^^^ help: use `..=` for an inclusive range\n    |\n    = warning: this is accepted in the current edition (Rust 2015) but is a hard error in Rust 2021!\n    = note: for more information, see <https://doc.rust-lang.org/nightly/edition-guide/rust-2021/warnings-promoted-to-error.html>\n\nwarning: `...` range patterns are deprecated\n   --> regex-syntax/src/lib.rs:195:37\n    |\n195 |         b'_' | b'0' ... b'9' | b'a' ... b'z' | b'A' ... b'Z'  => true,\n    |                                     ^^^ help: use `..=` for an inclusive range\n    |\n    = warning: this is accepted in the current edition (Rust 2015) but is a hard error in Rust 2021!\n    = note: for more information, see <https://doc.rust-lang.org/nightly/edition-guide/rust-2021/warnings-promoted-to-error.html>\n\nwarning: `...` range patterns are deprecated\n   --> regex-syntax/src/lib.rs:195:53\n    |\n195 |         b'_' | b'0' ... b'9' | b'a' ... b'z' | b'A' ... b'Z'  => true,\n    |                                                     ^^^ help: use `..=` for an inclusive range\n    |\n    = warning: this is accepted in the current edition (Rust 2015) but is a hard error in Rust 2021!\n    = note: for more information, see <https://doc.rust-lang.org/nightly/edition-guide/rust-2021/warnings-promoted-to-error.html>\n\nwarning: unused import: `super::*`\n   --> regex-syntax/src/lib.rs:202:9\n    |\n202 |     use super::*;\n    |         ^^^^^^^^\n\nerror[E0599]: no function or associated item named `default` found for struct `parse::Parser` in the current scope\n    --> regex-syntax/src/ast/parse.rs:5374:39\n     |\n233  | pub struct Parser {\n     | ----------------- function or associated item `default` not found for this struct\n...\n5374 |     let parser = ParserI::new(Parser::default(), \"\");\n     |                                       ^^^^^^^ function or associated item not found in `Parser`\n     |\nnote: if you're trying to build a new `parse::Parser`, consider using `parse::Parser::new` which returns `parse::Parser`\n    --> regex-syntax/src/ast/parse.rs:339:5\n     |\n339  |     pub fn new() -> Parser {\n     |     ^^^^^^^^^^^^^^^^^^^^^^\n     = help: items from traits can only be used if the trait is implemented and in scope\n     = note: the following trait defines an item `default`, perhaps you need to implement it:\n             candidate #1: `Default`\n\nerror[E0599]: no function or associated item named `default` found for struct `parse::Parser` in the current scope\n    --> regex-syntax/src/ast/parse.rs:5376:39\n     |\n233  | pub struct Parser {\n     | ----------------- function or associated item `default` not found for this struct\n...\n5376 |     let parser = ParserI::new(Parser::default(), \"\");\n     |                                       ^^^^^^^ function or associated item not found in `Parser`\n     |\nnote: if you're trying to build a new `parse::Parser`, consider using `parse::Parser::new` which returns `parse::Parser`\n    --> regex-syntax/src/ast/parse.rs:339:5\n     |\n339  |     pub fn new() -> Parser {\n     |     ^^^^^^^^^^^^^^^^^^^^^^\n     = help: items from traits can only be used if the trait is implemented and in scope\n     = note: the following trait defines an item `default`, perhaps you need to implement it:\n             candidate #1: `Default`\n\nwarning: use of deprecated method `std::error::Error::description`: use the Display impl or to_string()\n  --> regex-syntax/src/error.rs:45:38\n   |\n45 |             Error::Parse(ref x) => x.description(),\n   |                                      ^^^^^^^^^^^\n   |\n   = note: `#[warn(deprecated)]` on by default\n\nwarning: use of deprecated method `std::error::Error::description`: use the Display impl or to_string()\n  --> regex-syntax/src/error.rs:46:42\n   |\n46 |             Error::Translate(ref x) => x.description(),\n   |                                          ^^^^^^^^^^^\n\nwarning: variable does not need to be mutable\n   --> regex-syntax/src/hir/literal/mod.rs:687:17\n    |\n687 |             let mut buf = &mut buf[..i];\n    |                 ----^^^\n    |                 |\n    |                 help: remove this `mut`\n    |\n    = note: `#[warn(unused_mut)]` on by default\n\nSome errors have detailed explanations: E0432, E0599.\nFor more information about an error, try `rustc --explain E0432`.\nwarning: `regex-syntax` (lib test) generated 17 warnings\nerror: could not compile `regex-syntax` (lib test) due to 3 previous errors; 17 warnings emitted\n"
                },
                {
                  "Err": "warning: /home/utgen/workspace/regex/regex-syntax/Cargo.toml: no edition set: defaulting to the 2015 edition while the latest is 2021\nwarning: /home/utgen/workspace/regex/regex-capi/Cargo.toml: no edition set: defaulting to the 2015 edition while the latest is 2021\nwarning: /home/utgen/workspace/regex/bench/Cargo.toml: no edition set: defaulting to the 2015 edition while the latest is 2021\nwarning: /home/utgen/workspace/regex/regex-debug/Cargo.toml: no edition set: defaulting to the 2015 edition while the latest is 2021\nwarning: /home/utgen/workspace/regex/Cargo.toml: no edition set: defaulting to the 2015 edition while the latest is 2021\n   Compiling proc-macro2 v1.0.95\n   Compiling syn v1.0.109\n   Compiling quote v1.0.40\n   Compiling ntest_test_cases v0.9.3\n   Compiling ntest_timeout v0.9.3\n   Compiling ntest v0.9.3\n   Compiling regex-syntax v0.6.0 (/home/utgen/workspace/regex/regex-syntax)\nerror[E0432]: unresolved import `ntest`\n    --> regex-syntax/src/ast/parse.rs:5369:8\n     |\n5369 |    use ntest::timeout;\n     |        ^^^^^ maybe a missing crate `ntest`?\n     |\n     = help: consider adding `extern crate ntest` to use the `ntest` crate\n\nwarning: `...` range patterns are deprecated\n    --> regex-syntax/src/ast/parse.rs:1445:16\n     |\n1445 |             '0'...'7' => {\n     |                ^^^ help: use `..=` for an inclusive range\n     |\n     = warning: this is accepted in the current edition (Rust 2015) but is a hard error in Rust 2021!\n     = note: for more information, see <https://doc.rust-lang.org/nightly/edition-guide/rust-2021/warnings-promoted-to-error.html>\n     = note: `#[warn(ellipsis_inclusive_range_patterns)]` on by default\n\nwarning: `...` range patterns are deprecated\n    --> regex-syntax/src/ast/parse.rs:1456:16\n     |\n1456 |             '8'...'9' if !self.parser().octal => {\n     |                ^^^ help: use `..=` for an inclusive range\n     |\n     = warning: this is accepted in the current edition (Rust 2015) but is a hard error in Rust 2021!\n     = note: for more information, see <https://doc.rust-lang.org/nightly/edition-guide/rust-2021/warnings-promoted-to-error.html>\n\nwarning: unused import: `Primitive`\n    --> regex-syntax/src/ast/parse.rs:2261:49\n     |\n2261 |     use super::{Parser, ParserI, ParserBuilder, Primitive};\n     |                                                 ^^^^^^^^^\n     |\n     = note: `#[warn(unused_imports)]` on by default\n\nwarning: unused macro definition: `assert_eq`\n    --> regex-syntax/src/ast/parse.rs:2265:18\n     |\n2265 |     macro_rules! assert_eq {\n     |                  ^^^^^^^^^\n     |\n     = note: `#[warn(unused_macros)]` on by default\n\nwarning: unused import: `super::*`\n    --> regex-syntax/src/ast/mod.rs:1482:9\n     |\n1482 |     use super::*;\n     |         ^^^^^^^^\n\nwarning: unused import: `ast::parse::Parser`\n   --> regex-syntax/src/error.rs:288:9\n    |\n288 |     use ast::parse::Parser;\n    |         ^^^^^^^^^^^^^^^^^^\n\nwarning: unused import: `ParserBuilder`\n    --> regex-syntax/src/hir/literal/mod.rs:1004:9\n     |\n1004 |     use ParserBuilder;\n     |         ^^^^^^^^^^^^^\n\nwarning: unused imports: `Position` and `self`\n    --> regex-syntax/src/hir/translate.rs:1094:15\n     |\n1094 |     use ast::{self, Ast, Position, Span};\n     |               ^^^^       ^^^^^^^^\n\nwarning: unused import: `ascii_class`\n    --> regex-syntax/src/hir/translate.rs:1099:36\n     |\n1099 |     use super::{TranslatorBuilder, ascii_class};\n     |                                    ^^^^^^^^^^^\n\nwarning: unused imports: `contains_simple_case_mapping` and `simple_fold`\n   --> regex-syntax/src/unicode.rs:375:17\n    |\n375 |     use super::{contains_simple_case_mapping, simple_fold};\n    |                 ^^^^^^^^^^^^^^^^^^^^^^^^^^^^  ^^^^^^^^^^^\n\nwarning: `...` range patterns are deprecated\n   --> regex-syntax/src/lib.rs:195:21\n    |\n195 |         b'_' | b'0' ... b'9' | b'a' ... b'z' | b'A' ... b'Z'  => true,\n    |                     ^^^ help: use `..=` for an inclusive range\n    |\n    = warning: this is accepted in the current edition (Rust 2015) but is a hard error in Rust 2021!\n    = note: for more information, see <https://doc.rust-lang.org/nightly/edition-guide/rust-2021/warnings-promoted-to-error.html>\n\nwarning: `...` range patterns are deprecated\n   --> regex-syntax/src/lib.rs:195:37\n    |\n195 |         b'_' | b'0' ... b'9' | b'a' ... b'z' | b'A' ... b'Z'  => true,\n    |                                     ^^^ help: use `..=` for an inclusive range\n    |\n    = warning: this is accepted in the current edition (Rust 2015) but is a hard error in Rust 2021!\n    = note: for more information, see <https://doc.rust-lang.org/nightly/edition-guide/rust-2021/warnings-promoted-to-error.html>\n\nwarning: `...` range patterns are deprecated\n   --> regex-syntax/src/lib.rs:195:53\n    |\n195 |         b'_' | b'0' ... b'9' | b'a' ... b'z' | b'A' ... b'Z'  => true,\n    |                                                     ^^^ help: use `..=` for an inclusive range\n    |\n    = warning: this is accepted in the current edition (Rust 2015) but is a hard error in Rust 2021!\n    = note: for more information, see <https://doc.rust-lang.org/nightly/edition-guide/rust-2021/warnings-promoted-to-error.html>\n\nwarning: unused import: `super::*`\n   --> regex-syntax/src/lib.rs:202:9\n    |\n202 |     use super::*;\n    |         ^^^^^^^^\n\nerror[E0599]: no function or associated item named `default` found for struct `parse::Parser` in the current scope\n    --> regex-syntax/src/ast/parse.rs:5374:39\n     |\n233  | pub struct Parser {\n     | ----------------- function or associated item `default` not found for this struct\n...\n5374 |     let parser = ParserI::new(Parser::default(), \"\");\n     |                                       ^^^^^^^ function or associated item not found in `Parser`\n     |\nnote: if you're trying to build a new `parse::Parser`, consider using `parse::Parser::new` which returns `parse::Parser`\n    --> regex-syntax/src/ast/parse.rs:339:5\n     |\n339  |     pub fn new() -> Parser {\n     |     ^^^^^^^^^^^^^^^^^^^^^^\n     = help: items from traits can only be used if the trait is implemented and in scope\n     = note: the following trait defines an item `default`, perhaps you need to implement it:\n             candidate #1: `Default`\n\nerror[E0599]: no function or associated item named `default` found for struct `parse::Parser` in the current scope\n    --> regex-syntax/src/ast/parse.rs:5376:39\n     |\n233  | pub struct Parser {\n     | ----------------- function or associated item `default` not found for this struct\n...\n5376 |     let parser = ParserI::new(Parser::default(), \"\");\n     |                                       ^^^^^^^ function or associated item not found in `Parser`\n     |\nnote: if you're trying to build a new `parse::Parser`, consider using `parse::Parser::new` which returns `parse::Parser`\n    --> regex-syntax/src/ast/parse.rs:339:5\n     |\n339  |     pub fn new() -> Parser {\n     |     ^^^^^^^^^^^^^^^^^^^^^^\n     = help: items from traits can only be used if the trait is implemented and in scope\n     = note: the following trait defines an item `default`, perhaps you need to implement it:\n             candidate #1: `Default`\n\nwarning: use of deprecated method `std::error::Error::description`: use the Display impl or to_string()\n  --> regex-syntax/src/error.rs:45:38\n   |\n45 |             Error::Parse(ref x) => x.description(),\n   |                                      ^^^^^^^^^^^\n   |\n   = note: `#[warn(deprecated)]` on by default\n\nwarning: use of deprecated method `std::error::Error::description`: use the Display impl or to_string()\n  --> regex-syntax/src/error.rs:46:42\n   |\n46 |             Error::Translate(ref x) => x.description(),\n   |                                          ^^^^^^^^^^^\n\nwarning: variable does not need to be mutable\n   --> regex-syntax/src/hir/literal/mod.rs:687:17\n    |\n687 |             let mut buf = &mut buf[..i];\n    |                 ----^^^\n    |                 |\n    |                 help: remove this `mut`\n    |\n    = note: `#[warn(unused_mut)]` on by default\n\nSome errors have detailed explanations: E0432, E0599.\nFor more information about an error, try `rustc --explain E0432`.\nwarning: `regex-syntax` (lib test) generated 17 warnings\nerror: could not compile `regex-syntax` (lib test) due to 3 previous errors; 17 warnings emitted\n"
                }
              ],
              "repaired": [
                false,
                false
              ]
            }
          ]
        }
      ]
    }
  ]
}