{
  "name": "base64::write::encoder::write::encoder::EncoderWriter<'e, E, W>::write_to_delegate",
  "name_with_impl": "base64::write::encoder::{impl#1}::write_to_delegate",
  "mod_info": {
    "name": "write::encoder",
    "loc": "src/write/mod.rs:2:1:2:13"
  },
  "visible": false,
  "loc": "src/write/encoder.rs:179:5:201:6",
  "fn_tests": [
    {
      "chain_id": 1,
      "prompt_conds": [
        "// may panic: self\n            .delegate\n            .as_mut()\n            .expect(\"Writer must be present\") may panic in certain situations\n",
        "// may panic: self.output[..current_output_len] may panic in certain situations\n"
      ],
      "input_infer": "",
      "answers": [
        {
          "uses": [],
          "has_test_mod": false,
          "common": [],
          "chain_tests": [
            {
              "attrs": [],
              "prefix": [],
              "oracles": [],
              "codes": [
                [
                  "{",
                  "    struct MockWriter {",
                  "        buffer: Vec<u8>,",
                  "    }",
                  "",
                  "    impl io::Write for MockWriter {",
                  "        fn write(&mut self, buf: &[u8]) -> io::Result<usize> {",
                  "            self.buffer.extend_from_slice(buf);",
                  "            Ok(buf.len())",
                  "        }",
                  "",
                  "        fn flush(&mut self) -> io::Result<()> {",
                  "            Ok(())",
                  "        }",
                  "    }",
                  "",
                  "    struct MockEngine;",
                  "",
                  "    impl Engine for MockEngine {",
                  "        type Config = ();",
                  "        type DecodeEstimate = ();",
                  "",
                  "        fn internal_encode(&self, input: &[u8], output: &mut [u8]) -> usize {",
                  "            let encoded_data = base64::encode(input);",
                  "            let bytes_written = encoded_data.as_bytes();",
                  "            output[..bytes_written.len()].copy_from_slice(bytes_written);",
                  "            bytes_written.len()",
                  "        }",
                  "",
                  "        fn internal_decoded_len_estimate(&self, input_len: usize) -> Self::DecodeEstimate {",
                  "            unimplemented!()",
                  "        }",
                  "",
                  "        fn internal_decode(",
                  "            &self,",
                  "            _input: &[u8],",
                  "            _output: &mut [u8],",
                  "            _decode_estimate: Self::DecodeEstimate,",
                  "        ) -> Result<DecodeMetadata, DecodeSliceError> {",
                  "            unimplemented!()",
                  "        }",
                  "",
                  "        fn config(&self) -> &Self::Config {",
                  "            &()",
                  "        }",
                  "    }",
                  "",
                  "    let engine = MockEngine;",
                  "    let mut writer = MockWriter { buffer: Vec::new() };",
                  "    let mut encoder_writer = EncoderWriter::new(writer, &engine);",
                  "    ",
                  "    encoder_writer.output[..4].copy_from_slice(b\"test\");",
                  "    let result = encoder_writer.write_to_delegate(4);",
                  "",
                  "    assert!(result.is_ok());",
                  "    assert_eq!(encoder_writer.output_occupied_len, 0);",
                  "    assert_eq!(encoder_writer.delegate.buffer, b\"test\");",
                  "}"
                ]
              ],
              "can_compile": [
                {
                  "Err": "   Compiling proc-macro2 v1.0.94\n   Compiling crossbeam-utils v0.8.21\n   Compiling syn v1.0.109\n   Compiling semver v1.0.26\n   Compiling libc v0.2.171\n   Compiling rustix v0.38.44\n   Compiling serde v1.0.219\n   Compiling slab v0.4.9\n   Compiling proc-macro-error-attr v1.0.4\n   Compiling zerocopy v0.8.24\n   Compiling proc-macro-error v1.0.4\n   Compiling indexmap v1.9.3\n   Compiling num-traits v0.2.19\n   Compiling rayon-core v1.12.1\n   Compiling rustversion v1.0.20\n   Compiling serde_json v1.0.140\n   Compiling rustc_version v0.4.1\n   Compiling concurrent-queue v2.5.0\n   Compiling crossbeam-epoch v0.9.18\n   Compiling rstest_macros v0.13.0\n   Compiling rstest_reuse v0.6.0\n   Compiling event-listener v5.4.0\n   Compiling async-executor v1.13.1\n   Compiling async-channel v1.9.0\n   Compiling quote v1.0.40\n   Compiling crossbeam-deque v0.8.6\n   Compiling plotters v0.3.7\n   Compiling event-listener-strategy v0.5.4\n   Compiling syn v2.0.100\n   Compiling async-channel v2.3.1\n   Compiling async-lock v3.4.0\n   Compiling blocking v1.6.1\n   Compiling rayon v1.10.0\n   Compiling ppv-lite86 v0.2.21\n   Compiling getrandom v0.2.15\n   Compiling atty v0.2.14\n   Compiling rand_core v0.6.4\n   Compiling rand_chacha v0.3.1\n   Compiling rand v0.8.5\n   Compiling polling v3.7.4\n   Compiling async-io v2.4.0\n   Compiling async-global-executor v2.4.1\n   Compiling clap_derive v3.2.25\n   Compiling async-attributes v1.1.2\n   Compiling ntest_test_cases v0.9.3\n   Compiling ntest_timeout v0.9.3\n   Compiling serde_derive v1.0.219\n   Compiling futures-macro v0.3.31\n   Compiling strum_macros v0.25.3\n   Compiling async-std v1.13.1\n   Compiling ntest v0.9.3\n   Compiling futures-util v0.3.31\n   Compiling strum v0.25.0\n   Compiling clap v3.2.25\n   Compiling futures-executor v0.3.31\n   Compiling futures v0.3.31\n   Compiling rstest v0.13.0\n   Compiling ciborium v0.2.2\n   Compiling tinytemplate v1.2.1\n   Compiling criterion v0.4.0\n   Compiling base64 v0.22.1 (/home/abezbm/rust-utgen-test-crates-new/rust-base64)\nerror[E0412]: cannot find type `DecodeMetadata` in this scope\n   --> src/write/encoder.rs:454:21\n    |\n454 |         ) -> Result<DecodeMetadata, DecodeSliceError> {\n    |                     ^^^^^^^^^^^^^^ not found in this scope\n    |\nhelp: consider importing this struct\n    |\n412 +    use crate::engine::DecodeMetadata;\n    |\n\nerror[E0412]: cannot find type `DecodeSliceError` in this scope\n   --> src/write/encoder.rs:454:37\n    |\n454 |         ) -> Result<DecodeMetadata, DecodeSliceError> {\n    |                                     ^^^^^^^^^^^^^^^^ not found in this scope\n    |\nhelp: consider importing this enum through its public re-export\n    |\n412 +    use crate::DecodeSliceError;\n    |\n\nwarning: unused import: `rstest_reuse`\n   --> src/lib.rs:272:5\n    |\n272 | use rstest_reuse;\n    |     ^^^^^^^^^^^^\n    |\n    = note: `#[warn(unused_imports)]` on by default\n\nwarning: unused import: `PAD`\n  --> src/chunked_encoder.rs:82:73\n   |\n82 |         engine::general_purpose::{GeneralPurpose, GeneralPurposeConfig, PAD},\n   |                                                                         ^^^\n\nwarning: unused import: `chunked_encode_matches_normal_encode_random`\n  --> src/display.rs:58:9\n   |\n58 |         chunked_encode_matches_normal_encode_random, SinkTestHelper,\n   |         ^^^^^^^^^^^^^^^^^^^^^^^^^^^^^^^^^^^^^^^^^^^\n\nwarning: unused import: `crate::engine::general_purpose::STANDARD`\n  --> src/display.rs:61:9\n   |\n61 |     use crate::engine::general_purpose::STANDARD;\n   |         ^^^^^^^^^^^^^^^^^^^^^^^^^^^^^^^^^^^^^^^^\n\nwarning: unused import: `iter`\n --> src/read/decoder_tests.rs:4:5\n  |\n4 |     iter,\n  |     ^^^^\n\nwarning: unused import: `RngCore as _`\n --> src/read/decoder_tests.rs:7:22\n  |\n7 | use rand::{Rng as _, RngCore as _};\n  |                      ^^^^^^^^^^^^\n\nwarning: unused imports: `BUF_SIZE` and `DecoderReader`\n --> src/read/decoder_tests.rs:9:22\n  |\n9 | use super::decoder::{DecoderReader, BUF_SIZE};\n  |                      ^^^^^^^^^^^^^  ^^^^^^^^\n\nwarning: unused imports: `DecodeError`, `Engine`, `GeneralPurpose`, `PAD_BYTE`, `alphabet`, `general_purpose::STANDARD`, `random_alphabet`, `random_config`, and `random_engine`\n  --> src/read/decoder_tests.rs:11:5\n   |\n11 |     alphabet,\n   |     ^^^^^^^^\n12 |     engine::{general_purpose::STANDARD, Engine, GeneralPurpose},\n   |              ^^^^^^^^^^^^^^^^^^^^^^^^^  ^^^^^^  ^^^^^^^^^^^^^^\n13 |     tests::{random_alphabet, random_config, random_engine},\n   |             ^^^^^^^^^^^^^^^  ^^^^^^^^^^^^^  ^^^^^^^^^^^^^\n14 |     DecodeError, PAD_BYTE,\n   |     ^^^^^^^^^^^  ^^^^^^^^\n\nwarning: unused import: `ntest::timeout`\n   --> src/write/encoder.rs:413:8\n    |\n413 |    use ntest::timeout;\n    |        ^^^^^^^^^^^^^^\n\nwarning: unused imports: `engine::Engine`, `tests::random_engine`, and `write::encoder_string_writer::EncoderStringWriter`\n   --> src/write/encoder_string_writer.rs:139:9\n    |\n139 |         engine::Engine, tests::random_engine, write::encoder_string_writer::EncoderStringWriter,\n    |         ^^^^^^^^^^^^^^  ^^^^^^^^^^^^^^^^^^^^  ^^^^^^^^^^^^^^^^^^^^^^^^^^^^^^^^^^^^^^^^^^^^^^^^^\n\nwarning: unused import: `rand::Rng`\n   --> src/write/encoder_string_writer.rs:141:9\n    |\n141 |     use rand::Rng;\n    |         ^^^^^^^^^\n\nwarning: unused import: `std::cmp`\n   --> src/write/encoder_string_writer.rs:142:9\n    |\n142 |     use std::cmp;\n    |         ^^^^^^^^\n\nwarning: unused import: `std::io::Write`\n   --> src/write/encoder_string_writer.rs:143:9\n    |\n143 |     use std::io::Write;\n    |         ^^^^^^^^^^^^^^\n\nwarning: unused import: `Cursor`\n --> src/write/encoder_tests.rs:1:15\n  |\n1 | use std::io::{Cursor, Write};\n  |               ^^^^^^\n\nwarning: unused import: `super::*`\n   --> src/engine/general_purpose/decode.rs:302:9\n    |\n302 |     use super::*;\n    |         ^^^^^^^^\n\nwarning: unused import: `crate::engine::general_purpose::STANDARD`\n   --> src/engine/general_purpose/decode.rs:304:9\n    |\n304 |     use crate::engine::general_purpose::STANDARD;\n    |         ^^^^^^^^^^^^^^^^^^^^^^^^^^^^^^^^^^^^^^^^\n\nwarning: unused import: `crate::alphabet::*`\n   --> src/alphabet.rs:211:9\n    |\n211 |     use crate::alphabet::*;\n    |         ^^^^^^^^^^^^^^^^^^\n\nwarning: unused import: `core::convert::TryFrom as _`\n   --> src/alphabet.rs:212:9\n    |\n212 |     use core::convert::TryFrom as _;\n    |         ^^^^^^^^^^^^^^^^^^^^^^^^^^^\n\nwarning: unused imports: `STANDARD`, `random_config`, and `random_engine`\n   --> src/encode.rs:169:59\n    |\n169 |         engine::general_purpose::{GeneralPurpose, NO_PAD, STANDARD},\n    |                                                           ^^^^^^^^\n170 |         tests::{assert_encode_sanity, random_config, random_engine},\n    |                                       ^^^^^^^^^^^^^  ^^^^^^^^^^^^^\n\nwarning: unused imports: `Distribution` and `Uniform`\n   --> src/encode.rs:173:25\n    |\n173 |         distributions::{Distribution, Uniform},\n    |                         ^^^^^^^^^^^^  ^^^^^^^\n\nwarning: unused import: `std::str`\n   --> src/encode.rs:176:9\n    |\n176 |     use std::str;\n    |         ^^^^^^^^\n\nwarning: unused imports: `alphabet` and `general_purpose`\n   --> src/decode.rs:160:9\n    |\n160 |         alphabet,\n    |         ^^^^^^^^\n161 |         engine::{general_purpose, Config, GeneralPurpose},\n    |                  ^^^^^^^^^^^^^^^\n\nwarning: unused import: `super::*`\n   --> src/decode.rs:348:9\n    |\n348 |     use super::*;\n    |         ^^^^^^^^\n\nwarning: unused import: `std::error::Error`\n   --> src/decode.rs:349:9\n    |\n349 |     use std::error::Error;\n    |         ^^^^^^^^^^^^^^^^^\n\nerror[E0277]: the trait bound `(): Config` is not satisfied\n   --> src/write/encoder.rs:435:23\n    |\n435 |         type Config = ();\n    |                       ^^ the trait `Config` is not implemented for `()`\n    |\n    = help: the following other types implement trait `Config`:\n              GeneralPurposeConfig\n              NaiveConfig\nnote: required by a bound in `engine::Engine::Config`\n   --> src/engine/mod.rs:41:18\n    |\n41  |     type Config: Config;\n    |                  ^^^^^^ required by this bound in `Engine::Config`\n\nerror[E0277]: the trait bound `(): DecodeEstimate` is not satisfied\n   --> src/write/encoder.rs:436:31\n    |\n436 |         type DecodeEstimate = ();\n    |                               ^^ the trait `DecodeEstimate` is not implemented for `()`\n    |\n    = help: the following other types implement trait `DecodeEstimate`:\n              GeneralPurposeEstimate\n              NaiveEstimate\nnote: required by a bound in `engine::Engine::DecodeEstimate`\n   --> src/engine/mod.rs:43:26\n    |\n43  |     type DecodeEstimate: DecodeEstimate;\n    |                          ^^^^^^^^^^^^^^ required by this bound in `Engine::DecodeEstimate`\n\nerror[E0107]: type alias takes 1 generic argument but 2 generic arguments were supplied\n   --> src/write/encoder.rs:454:14\n    |\n454 |         ) -> Result<DecodeMetadata, DecodeSliceError> {\n    |              ^^^^^^                 ---------------- help: remove this generic argument\n    |              |\n    |              expected 1 generic argument\n    |\nnote: type alias defined here, with 1 generic parameter: `T`\n   --> /home/abezbm/.rustup/toolchains/nightly-2024-07-21-x86_64-unknown-linux-gnu/lib/rustlib/src/rust/library/std/src/io/error.rs:54:10\n    |\n54  | pub type Result<T> = result::Result<T, Error>;\n    |          ^^^^^^ -\n\nerror[E0609]: no field `buffer` on type `Option<MockWriter>`\n   --> src/write/encoder.rs:472:40\n    |\n472 |     assert_eq!(encoder_writer.delegate.buffer, b\"test\");\n    |                                        ^^^^^^ unknown field\n    |\nhelp: one of the expressions' fields has a field of the same name\n    |\n472 |     assert_eq!(encoder_writer.delegate.unwrap().buffer, b\"test\");\n    |                                        +++++++++\n\nerror[E0433]: failed to resolve: use of undeclared crate or module `base64`\n   --> src/write/encoder.rs:439:32\n    |\n439 |             let encoded_data = base64::encode(input);\n    |                                ^^^^^^ use of undeclared crate or module `base64`\n\nwarning: unused import: `Read`\n --> src/read/decoder_tests.rs:3:16\n  |\n3 |     io::{self, Read as _},\n  |                ^^^^\n\nwarning: unused variable: `input_len`\n   --> src/write/encoder.rs:445:49\n    |\n445 |         fn internal_decoded_len_estimate(&self, input_len: usize) -> Self::DecodeEstimate {\n    |                                                 ^^^^^^^^^ help: if this is intentional, prefix it with an underscore: `_input_len`\n    |\n    = note: `#[warn(unused_variables)]` on by default\n\nSome errors have detailed explanations: E0107, E0277, E0412, E0433, E0609.\nFor more information about an error, try `rustc --explain E0107`.\nwarning: `base64` (lib test) generated 26 warnings\nerror: could not compile `base64` (lib test) due to 7 previous errors; 26 warnings emitted\n"
                }
              ],
              "repaired": [
                false
              ]
            },
            {
              "attrs": [
                "#[should_panic(expected = \"Writer must be present\")]"
              ],
              "prefix": [],
              "oracles": [],
              "codes": [
                [
                  "{",
                  "    struct MockEngine;",
                  "",
                  "    impl Engine for MockEngine {",
                  "        type Config = ();",
                  "        type DecodeEstimate = ();",
                  "",
                  "        fn internal_encode(&self, input: &[u8], output: &mut [u8]) -> usize {",
                  "            0",
                  "        }",
                  "",
                  "        fn internal_decoded_len_estimate(&self, input_len: usize) -> Self::DecodeEstimate {",
                  "            unimplemented!()",
                  "        }",
                  "",
                  "        fn internal_decode(",
                  "            &self,",
                  "            _input: &[u8],",
                  "            _output: &mut [u8],",
                  "            _decode_estimate: Self::DecodeEstimate,",
                  "        ) -> Result<DecodeMetadata, DecodeSliceError> {",
                  "            unimplemented!()",
                  "        }",
                  "",
                  "        fn config(&self) -> &Self::Config {",
                  "            &()",
                  "        }",
                  "    }",
                  "",
                  "    let engine = MockEngine;",
                  "    let writer = std::io::empty(); // empty writer",
                  "    let mut encoder_writer = EncoderWriter::new(writer, &engine);",
                  "    ",
                  "    encoder_writer.delegate = None; // set delegate to None to trigger panic",
                  "    encoder_writer.write_to_delegate(4);",
                  "}"
                ]
              ],
              "can_compile": [
                {
                  "Err": "   Compiling proc-macro2 v1.0.94\n   Compiling crossbeam-utils v0.8.21\n   Compiling syn v1.0.109\n   Compiling semver v1.0.26\n   Compiling libc v0.2.171\n   Compiling rustix v0.38.44\n   Compiling slab v0.4.9\n   Compiling proc-macro-error-attr v1.0.4\n   Compiling serde v1.0.219\n   Compiling zerocopy v0.8.24\n   Compiling proc-macro-error v1.0.4\n   Compiling num-traits v0.2.19\n   Compiling indexmap v1.9.3\n   Compiling rustversion v1.0.20\n   Compiling rayon-core v1.12.1\n   Compiling serde_json v1.0.140\n   Compiling rustc_version v0.4.1\n   Compiling concurrent-queue v2.5.0\n   Compiling crossbeam-epoch v0.9.18\n   Compiling rstest_macros v0.13.0\n   Compiling rstest_reuse v0.6.0\n   Compiling quote v1.0.40\n   Compiling event-listener v5.4.0\n   Compiling async-executor v1.13.1\n   Compiling async-channel v1.9.0\n   Compiling crossbeam-deque v0.8.6\n   Compiling syn v2.0.100\n   Compiling plotters v0.3.7\n   Compiling event-listener-strategy v0.5.4\n   Compiling async-channel v2.3.1\n   Compiling async-lock v3.4.0\n   Compiling blocking v1.6.1\n   Compiling rayon v1.10.0\n   Compiling ppv-lite86 v0.2.21\n   Compiling getrandom v0.2.15\n   Compiling atty v0.2.14\n   Compiling rand_core v0.6.4\n   Compiling rand_chacha v0.3.1\n   Compiling rand v0.8.5\n   Compiling polling v3.7.4\n   Compiling async-io v2.4.0\n   Compiling async-global-executor v2.4.1\n   Compiling async-attributes v1.1.2\n   Compiling serde_derive v1.0.219\n   Compiling futures-macro v0.3.31\n   Compiling clap_derive v3.2.25\n   Compiling strum_macros v0.25.3\n   Compiling ntest_timeout v0.9.3\n   Compiling ntest_test_cases v0.9.3\n   Compiling async-std v1.13.1\n   Compiling ntest v0.9.3\n   Compiling futures-util v0.3.31\n   Compiling strum v0.25.0\n   Compiling clap v3.2.25\n   Compiling futures-executor v0.3.31\n   Compiling futures v0.3.31\n   Compiling rstest v0.13.0\n   Compiling ciborium v0.2.2\n   Compiling tinytemplate v1.2.1\n   Compiling criterion v0.4.0\n   Compiling base64 v0.22.1 (/home/abezbm/rust-utgen-test-crates-new/rust-base64)\nerror[E0412]: cannot find type `DecodeMetadata` in this scope\n   --> src/write/encoder.rs:437:21\n    |\n437 |         ) -> Result<DecodeMetadata, DecodeSliceError> {\n    |                     ^^^^^^^^^^^^^^ not found in this scope\n    |\nhelp: consider importing this struct\n    |\n412 +    use crate::engine::DecodeMetadata;\n    |\n\nerror[E0412]: cannot find type `DecodeSliceError` in this scope\n   --> src/write/encoder.rs:437:37\n    |\n437 |         ) -> Result<DecodeMetadata, DecodeSliceError> {\n    |                                     ^^^^^^^^^^^^^^^^ not found in this scope\n    |\nhelp: consider importing this enum through its public re-export\n    |\n412 +    use crate::DecodeSliceError;\n    |\n\nwarning: unused import: `rstest_reuse`\n   --> src/lib.rs:272:5\n    |\n272 | use rstest_reuse;\n    |     ^^^^^^^^^^^^\n    |\n    = note: `#[warn(unused_imports)]` on by default\n\nwarning: unused import: `PAD`\n  --> src/chunked_encoder.rs:82:73\n   |\n82 |         engine::general_purpose::{GeneralPurpose, GeneralPurposeConfig, PAD},\n   |                                                                         ^^^\n\nwarning: unused import: `chunked_encode_matches_normal_encode_random`\n  --> src/display.rs:58:9\n   |\n58 |         chunked_encode_matches_normal_encode_random, SinkTestHelper,\n   |         ^^^^^^^^^^^^^^^^^^^^^^^^^^^^^^^^^^^^^^^^^^^\n\nwarning: unused import: `crate::engine::general_purpose::STANDARD`\n  --> src/display.rs:61:9\n   |\n61 |     use crate::engine::general_purpose::STANDARD;\n   |         ^^^^^^^^^^^^^^^^^^^^^^^^^^^^^^^^^^^^^^^^\n\nwarning: unused import: `iter`\n --> src/read/decoder_tests.rs:4:5\n  |\n4 |     iter,\n  |     ^^^^\n\nwarning: unused import: `RngCore as _`\n --> src/read/decoder_tests.rs:7:22\n  |\n7 | use rand::{Rng as _, RngCore as _};\n  |                      ^^^^^^^^^^^^\n\nwarning: unused imports: `BUF_SIZE` and `DecoderReader`\n --> src/read/decoder_tests.rs:9:22\n  |\n9 | use super::decoder::{DecoderReader, BUF_SIZE};\n  |                      ^^^^^^^^^^^^^  ^^^^^^^^\n\nwarning: unused imports: `DecodeError`, `Engine`, `GeneralPurpose`, `PAD_BYTE`, `alphabet`, `general_purpose::STANDARD`, `random_alphabet`, `random_config`, and `random_engine`\n  --> src/read/decoder_tests.rs:11:5\n   |\n11 |     alphabet,\n   |     ^^^^^^^^\n12 |     engine::{general_purpose::STANDARD, Engine, GeneralPurpose},\n   |              ^^^^^^^^^^^^^^^^^^^^^^^^^  ^^^^^^  ^^^^^^^^^^^^^^\n13 |     tests::{random_alphabet, random_config, random_engine},\n   |             ^^^^^^^^^^^^^^^  ^^^^^^^^^^^^^  ^^^^^^^^^^^^^\n14 |     DecodeError, PAD_BYTE,\n   |     ^^^^^^^^^^^  ^^^^^^^^\n\nwarning: unused import: `ntest::timeout`\n   --> src/write/encoder.rs:413:8\n    |\n413 |    use ntest::timeout;\n    |        ^^^^^^^^^^^^^^\n\nwarning: unused imports: `engine::Engine`, `tests::random_engine`, and `write::encoder_string_writer::EncoderStringWriter`\n   --> src/write/encoder_string_writer.rs:139:9\n    |\n139 |         engine::Engine, tests::random_engine, write::encoder_string_writer::EncoderStringWriter,\n    |         ^^^^^^^^^^^^^^  ^^^^^^^^^^^^^^^^^^^^  ^^^^^^^^^^^^^^^^^^^^^^^^^^^^^^^^^^^^^^^^^^^^^^^^^\n\nwarning: unused import: `rand::Rng`\n   --> src/write/encoder_string_writer.rs:141:9\n    |\n141 |     use rand::Rng;\n    |         ^^^^^^^^^\n\nwarning: unused import: `std::cmp`\n   --> src/write/encoder_string_writer.rs:142:9\n    |\n142 |     use std::cmp;\n    |         ^^^^^^^^\n\nwarning: unused import: `std::io::Write`\n   --> src/write/encoder_string_writer.rs:143:9\n    |\n143 |     use std::io::Write;\n    |         ^^^^^^^^^^^^^^\n\nwarning: unused import: `Cursor`\n --> src/write/encoder_tests.rs:1:15\n  |\n1 | use std::io::{Cursor, Write};\n  |               ^^^^^^\n\nwarning: unused import: `super::*`\n   --> src/engine/general_purpose/decode.rs:302:9\n    |\n302 |     use super::*;\n    |         ^^^^^^^^\n\nwarning: unused import: `crate::engine::general_purpose::STANDARD`\n   --> src/engine/general_purpose/decode.rs:304:9\n    |\n304 |     use crate::engine::general_purpose::STANDARD;\n    |         ^^^^^^^^^^^^^^^^^^^^^^^^^^^^^^^^^^^^^^^^\n\nwarning: unused import: `crate::alphabet::*`\n   --> src/alphabet.rs:211:9\n    |\n211 |     use crate::alphabet::*;\n    |         ^^^^^^^^^^^^^^^^^^\n\nwarning: unused import: `core::convert::TryFrom as _`\n   --> src/alphabet.rs:212:9\n    |\n212 |     use core::convert::TryFrom as _;\n    |         ^^^^^^^^^^^^^^^^^^^^^^^^^^^\n\nwarning: unused imports: `STANDARD`, `random_config`, and `random_engine`\n   --> src/encode.rs:169:59\n    |\n169 |         engine::general_purpose::{GeneralPurpose, NO_PAD, STANDARD},\n    |                                                           ^^^^^^^^\n170 |         tests::{assert_encode_sanity, random_config, random_engine},\n    |                                       ^^^^^^^^^^^^^  ^^^^^^^^^^^^^\n\nwarning: unused imports: `Distribution` and `Uniform`\n   --> src/encode.rs:173:25\n    |\n173 |         distributions::{Distribution, Uniform},\n    |                         ^^^^^^^^^^^^  ^^^^^^^\n\nwarning: unused import: `std::str`\n   --> src/encode.rs:176:9\n    |\n176 |     use std::str;\n    |         ^^^^^^^^\n\nwarning: unused imports: `alphabet` and `general_purpose`\n   --> src/decode.rs:160:9\n    |\n160 |         alphabet,\n    |         ^^^^^^^^\n161 |         engine::{general_purpose, Config, GeneralPurpose},\n    |                  ^^^^^^^^^^^^^^^\n\nwarning: unused import: `super::*`\n   --> src/decode.rs:348:9\n    |\n348 |     use super::*;\n    |         ^^^^^^^^\n\nwarning: unused import: `std::error::Error`\n   --> src/decode.rs:349:9\n    |\n349 |     use std::error::Error;\n    |         ^^^^^^^^^^^^^^^^^\n\nerror[E0277]: the trait bound `(): Config` is not satisfied\n   --> src/write/encoder.rs:421:23\n    |\n421 |         type Config = ();\n    |                       ^^ the trait `Config` is not implemented for `()`\n    |\n    = help: the following other types implement trait `Config`:\n              GeneralPurposeConfig\n              NaiveConfig\nnote: required by a bound in `engine::Engine::Config`\n   --> src/engine/mod.rs:41:18\n    |\n41  |     type Config: Config;\n    |                  ^^^^^^ required by this bound in `Engine::Config`\n\nerror[E0277]: the trait bound `(): DecodeEstimate` is not satisfied\n   --> src/write/encoder.rs:422:31\n    |\n422 |         type DecodeEstimate = ();\n    |                               ^^ the trait `DecodeEstimate` is not implemented for `()`\n    |\n    = help: the following other types implement trait `DecodeEstimate`:\n              GeneralPurposeEstimate\n              NaiveEstimate\nnote: required by a bound in `engine::Engine::DecodeEstimate`\n   --> src/engine/mod.rs:43:26\n    |\n43  |     type DecodeEstimate: DecodeEstimate;\n    |                          ^^^^^^^^^^^^^^ required by this bound in `Engine::DecodeEstimate`\n\nerror[E0107]: type alias takes 1 generic argument but 2 generic arguments were supplied\n   --> src/write/encoder.rs:437:14\n    |\n437 |         ) -> Result<DecodeMetadata, DecodeSliceError> {\n    |              ^^^^^^                 ---------------- help: remove this generic argument\n    |              |\n    |              expected 1 generic argument\n    |\nnote: type alias defined here, with 1 generic parameter: `T`\n   --> /home/abezbm/.rustup/toolchains/nightly-2024-07-21-x86_64-unknown-linux-gnu/lib/rustlib/src/rust/library/std/src/io/error.rs:54:10\n    |\n54  | pub type Result<T> = result::Result<T, Error>;\n    |          ^^^^^^ -\n\nwarning: unused import: `Read`\n --> src/read/decoder_tests.rs:3:16\n  |\n3 |     io::{self, Read as _},\n  |                ^^^^\n\nwarning: unused variable: `input`\n   --> src/write/encoder.rs:424:35\n    |\n424 |         fn internal_encode(&self, input: &[u8], output: &mut [u8]) -> usize {\n    |                                   ^^^^^ help: if this is intentional, prefix it with an underscore: `_input`\n    |\n    = note: `#[warn(unused_variables)]` on by default\n\nwarning: unused variable: `output`\n   --> src/write/encoder.rs:424:49\n    |\n424 |         fn internal_encode(&self, input: &[u8], output: &mut [u8]) -> usize {\n    |                                                 ^^^^^^ help: if this is intentional, prefix it with an underscore: `_output`\n\nwarning: unused variable: `input_len`\n   --> src/write/encoder.rs:428:49\n    |\n428 |         fn internal_decoded_len_estimate(&self, input_len: usize) -> Self::DecodeEstimate {\n    |                                                 ^^^^^^^^^ help: if this is intentional, prefix it with an underscore: `_input_len`\n\nSome errors have detailed explanations: E0107, E0277, E0412.\nFor more information about an error, try `rustc --explain E0107`.\nwarning: `base64` (lib test) generated 28 warnings\nerror: could not compile `base64` (lib test) due to 5 previous errors; 28 warnings emitted\n"
                }
              ],
              "repaired": [
                false
              ]
            },
            {
              "attrs": [],
              "prefix": [],
              "oracles": [],
              "codes": [
                [
                  "{",
                  "    struct MockWriter {",
                  "        buffer: Vec<u8>,",
                  "        writable_size: usize,",
                  "    }",
                  "",
                  "    impl io::Write for MockWriter {",
                  "        fn write(&mut self, buf: &[u8]) -> io::Result<usize> {",
                  "            let write_size = buf.len().min(self.writable_size);",
                  "            self.buffer.extend_from_slice(&buf[..write_size]);",
                  "            Ok(write_size)",
                  "        }",
                  "",
                  "        fn flush(&mut self) -> io::Result<()> {",
                  "            Ok(())",
                  "        }",
                  "    }",
                  "",
                  "    struct MockEngine;",
                  "",
                  "    impl Engine for MockEngine {",
                  "        type Config = ();",
                  "        type DecodeEstimate = ();",
                  "",
                  "        fn internal_encode(&self, input: &[u8], output: &mut [u8]) -> usize {",
                  "            let encoded_data = base64::encode(input);",
                  "            let bytes_written = encoded_data.as_bytes();",
                  "            output[..bytes_written.len()].copy_from_slice(bytes_written);",
                  "            bytes_written.len()",
                  "        }",
                  "",
                  "        fn internal_decoded_len_estimate(&self, input_len: usize) -> Self::DecodeEstimate {",
                  "            unimplemented!()",
                  "        }",
                  "",
                  "        fn internal_decode(",
                  "            &self,",
                  "            _input: &[u8],",
                  "            _output: &mut [u8],",
                  "            _decode_estimate: Self::DecodeEstimate,",
                  "        ) -> Result<DecodeMetadata, DecodeSliceError> {",
                  "            unimplemented!()",
                  "        }",
                  "",
                  "        fn config(&self) -> &Self::Config {",
                  "            &()",
                  "        }",
                  "    }",
                  "",
                  "    let engine = MockEngine;",
                  "    let mut writer = MockWriter { buffer: Vec::new(), writable_size: 2 };",
                  "    let mut encoder_writer = EncoderWriter::new(writer, &engine);",
                  "    ",
                  "    encoder_writer.output[..4].copy_from_slice(b\"test\");",
                  "    let result = encoder_writer.write_to_delegate(4);",
                  "",
                  "    assert!(result.is_ok());",
                  "    assert_eq!(encoder_writer.output_occupied_len, 2);",
                  "    assert_eq!(encoder_writer.delegate.buffer, b\"te\");",
                  "}"
                ]
              ],
              "can_compile": [
                {
                  "Err": "   Compiling proc-macro2 v1.0.94\n   Compiling crossbeam-utils v0.8.21\n   Compiling syn v1.0.109\n   Compiling libc v0.2.171\n   Compiling semver v1.0.26\n   Compiling rustix v0.38.44\n   Compiling zerocopy v0.8.24\n   Compiling slab v0.4.9\n   Compiling proc-macro-error-attr v1.0.4\n   Compiling serde v1.0.219\n   Compiling proc-macro-error v1.0.4\n   Compiling indexmap v1.9.3\n   Compiling num-traits v0.2.19\n   Compiling rustversion v1.0.20\n   Compiling rayon-core v1.12.1\n   Compiling serde_json v1.0.140\n   Compiling rustc_version v0.4.1\n   Compiling concurrent-queue v2.5.0\n   Compiling crossbeam-epoch v0.9.18\n   Compiling rstest_macros v0.13.0\n   Compiling rstest_reuse v0.6.0\n   Compiling quote v1.0.40\n   Compiling event-listener v5.4.0\n   Compiling async-executor v1.13.1\n   Compiling async-channel v1.9.0\n   Compiling crossbeam-deque v0.8.6\n   Compiling plotters v0.3.7\n   Compiling syn v2.0.100\n   Compiling event-listener-strategy v0.5.4\n   Compiling async-channel v2.3.1\n   Compiling async-lock v3.4.0\n   Compiling blocking v1.6.1\n   Compiling rayon v1.10.0\n   Compiling getrandom v0.2.15\n   Compiling atty v0.2.14\n   Compiling ppv-lite86 v0.2.21\n   Compiling rand_core v0.6.4\n   Compiling rand_chacha v0.3.1\n   Compiling rand v0.8.5\n   Compiling polling v3.7.4\n   Compiling async-io v2.4.0\n   Compiling async-global-executor v2.4.1\n   Compiling async-attributes v1.1.2\n   Compiling clap_derive v3.2.25\n   Compiling ntest_timeout v0.9.3\n   Compiling ntest_test_cases v0.9.3\n   Compiling serde_derive v1.0.219\n   Compiling futures-macro v0.3.31\n   Compiling strum_macros v0.25.3\n   Compiling async-std v1.13.1\n   Compiling ntest v0.9.3\n   Compiling futures-util v0.3.31\n   Compiling strum v0.25.0\n   Compiling clap v3.2.25\n   Compiling futures-executor v0.3.31\n   Compiling futures v0.3.31\n   Compiling rstest v0.13.0\n   Compiling ciborium v0.2.2\n   Compiling tinytemplate v1.2.1\n   Compiling criterion v0.4.0\n   Compiling base64 v0.22.1 (/home/abezbm/rust-utgen-test-crates-new/rust-base64)\nerror[E0412]: cannot find type `DecodeMetadata` in this scope\n   --> src/write/encoder.rs:456:21\n    |\n456 |         ) -> Result<DecodeMetadata, DecodeSliceError> {\n    |                     ^^^^^^^^^^^^^^ not found in this scope\n    |\nhelp: consider importing this struct\n    |\n412 +    use crate::engine::DecodeMetadata;\n    |\n\nerror[E0412]: cannot find type `DecodeSliceError` in this scope\n   --> src/write/encoder.rs:456:37\n    |\n456 |         ) -> Result<DecodeMetadata, DecodeSliceError> {\n    |                                     ^^^^^^^^^^^^^^^^ not found in this scope\n    |\nhelp: consider importing this enum through its public re-export\n    |\n412 +    use crate::DecodeSliceError;\n    |\n\nwarning: unused import: `rstest_reuse`\n   --> src/lib.rs:272:5\n    |\n272 | use rstest_reuse;\n    |     ^^^^^^^^^^^^\n    |\n    = note: `#[warn(unused_imports)]` on by default\n\nwarning: unused import: `PAD`\n  --> src/chunked_encoder.rs:82:73\n   |\n82 |         engine::general_purpose::{GeneralPurpose, GeneralPurposeConfig, PAD},\n   |                                                                         ^^^\n\nwarning: unused import: `chunked_encode_matches_normal_encode_random`\n  --> src/display.rs:58:9\n   |\n58 |         chunked_encode_matches_normal_encode_random, SinkTestHelper,\n   |         ^^^^^^^^^^^^^^^^^^^^^^^^^^^^^^^^^^^^^^^^^^^\n\nwarning: unused import: `crate::engine::general_purpose::STANDARD`\n  --> src/display.rs:61:9\n   |\n61 |     use crate::engine::general_purpose::STANDARD;\n   |         ^^^^^^^^^^^^^^^^^^^^^^^^^^^^^^^^^^^^^^^^\n\nwarning: unused import: `iter`\n --> src/read/decoder_tests.rs:4:5\n  |\n4 |     iter,\n  |     ^^^^\n\nwarning: unused import: `RngCore as _`\n --> src/read/decoder_tests.rs:7:22\n  |\n7 | use rand::{Rng as _, RngCore as _};\n  |                      ^^^^^^^^^^^^\n\nwarning: unused imports: `BUF_SIZE` and `DecoderReader`\n --> src/read/decoder_tests.rs:9:22\n  |\n9 | use super::decoder::{DecoderReader, BUF_SIZE};\n  |                      ^^^^^^^^^^^^^  ^^^^^^^^\n\nwarning: unused imports: `DecodeError`, `Engine`, `GeneralPurpose`, `PAD_BYTE`, `alphabet`, `general_purpose::STANDARD`, `random_alphabet`, `random_config`, and `random_engine`\n  --> src/read/decoder_tests.rs:11:5\n   |\n11 |     alphabet,\n   |     ^^^^^^^^\n12 |     engine::{general_purpose::STANDARD, Engine, GeneralPurpose},\n   |              ^^^^^^^^^^^^^^^^^^^^^^^^^  ^^^^^^  ^^^^^^^^^^^^^^\n13 |     tests::{random_alphabet, random_config, random_engine},\n   |             ^^^^^^^^^^^^^^^  ^^^^^^^^^^^^^  ^^^^^^^^^^^^^\n14 |     DecodeError, PAD_BYTE,\n   |     ^^^^^^^^^^^  ^^^^^^^^\n\nwarning: unused import: `ntest::timeout`\n   --> src/write/encoder.rs:413:8\n    |\n413 |    use ntest::timeout;\n    |        ^^^^^^^^^^^^^^\n\nwarning: unused imports: `engine::Engine`, `tests::random_engine`, and `write::encoder_string_writer::EncoderStringWriter`\n   --> src/write/encoder_string_writer.rs:139:9\n    |\n139 |         engine::Engine, tests::random_engine, write::encoder_string_writer::EncoderStringWriter,\n    |         ^^^^^^^^^^^^^^  ^^^^^^^^^^^^^^^^^^^^  ^^^^^^^^^^^^^^^^^^^^^^^^^^^^^^^^^^^^^^^^^^^^^^^^^\n\nwarning: unused import: `rand::Rng`\n   --> src/write/encoder_string_writer.rs:141:9\n    |\n141 |     use rand::Rng;\n    |         ^^^^^^^^^\n\nwarning: unused import: `std::cmp`\n   --> src/write/encoder_string_writer.rs:142:9\n    |\n142 |     use std::cmp;\n    |         ^^^^^^^^\n\nwarning: unused import: `std::io::Write`\n   --> src/write/encoder_string_writer.rs:143:9\n    |\n143 |     use std::io::Write;\n    |         ^^^^^^^^^^^^^^\n\nwarning: unused import: `Cursor`\n --> src/write/encoder_tests.rs:1:15\n  |\n1 | use std::io::{Cursor, Write};\n  |               ^^^^^^\n\nwarning: unused import: `super::*`\n   --> src/engine/general_purpose/decode.rs:302:9\n    |\n302 |     use super::*;\n    |         ^^^^^^^^\n\nwarning: unused import: `crate::engine::general_purpose::STANDARD`\n   --> src/engine/general_purpose/decode.rs:304:9\n    |\n304 |     use crate::engine::general_purpose::STANDARD;\n    |         ^^^^^^^^^^^^^^^^^^^^^^^^^^^^^^^^^^^^^^^^\n\nwarning: unused import: `crate::alphabet::*`\n   --> src/alphabet.rs:211:9\n    |\n211 |     use crate::alphabet::*;\n    |         ^^^^^^^^^^^^^^^^^^\n\nwarning: unused import: `core::convert::TryFrom as _`\n   --> src/alphabet.rs:212:9\n    |\n212 |     use core::convert::TryFrom as _;\n    |         ^^^^^^^^^^^^^^^^^^^^^^^^^^^\n\nwarning: unused imports: `STANDARD`, `random_config`, and `random_engine`\n   --> src/encode.rs:169:59\n    |\n169 |         engine::general_purpose::{GeneralPurpose, NO_PAD, STANDARD},\n    |                                                           ^^^^^^^^\n170 |         tests::{assert_encode_sanity, random_config, random_engine},\n    |                                       ^^^^^^^^^^^^^  ^^^^^^^^^^^^^\n\nwarning: unused imports: `Distribution` and `Uniform`\n   --> src/encode.rs:173:25\n    |\n173 |         distributions::{Distribution, Uniform},\n    |                         ^^^^^^^^^^^^  ^^^^^^^\n\nwarning: unused import: `std::str`\n   --> src/encode.rs:176:9\n    |\n176 |     use std::str;\n    |         ^^^^^^^^\n\nwarning: unused imports: `alphabet` and `general_purpose`\n   --> src/decode.rs:160:9\n    |\n160 |         alphabet,\n    |         ^^^^^^^^\n161 |         engine::{general_purpose, Config, GeneralPurpose},\n    |                  ^^^^^^^^^^^^^^^\n\nwarning: unused import: `super::*`\n   --> src/decode.rs:348:9\n    |\n348 |     use super::*;\n    |         ^^^^^^^^\n\nwarning: unused import: `std::error::Error`\n   --> src/decode.rs:349:9\n    |\n349 |     use std::error::Error;\n    |         ^^^^^^^^^^^^^^^^^\n\nerror[E0277]: the trait bound `(): Config` is not satisfied\n   --> src/write/encoder.rs:437:23\n    |\n437 |         type Config = ();\n    |                       ^^ the trait `Config` is not implemented for `()`\n    |\n    = help: the following other types implement trait `Config`:\n              GeneralPurposeConfig\n              NaiveConfig\nnote: required by a bound in `engine::Engine::Config`\n   --> src/engine/mod.rs:41:18\n    |\n41  |     type Config: Config;\n    |                  ^^^^^^ required by this bound in `Engine::Config`\n\nerror[E0277]: the trait bound `(): DecodeEstimate` is not satisfied\n   --> src/write/encoder.rs:438:31\n    |\n438 |         type DecodeEstimate = ();\n    |                               ^^ the trait `DecodeEstimate` is not implemented for `()`\n    |\n    = help: the following other types implement trait `DecodeEstimate`:\n              GeneralPurposeEstimate\n              NaiveEstimate\nnote: required by a bound in `engine::Engine::DecodeEstimate`\n   --> src/engine/mod.rs:43:26\n    |\n43  |     type DecodeEstimate: DecodeEstimate;\n    |                          ^^^^^^^^^^^^^^ required by this bound in `Engine::DecodeEstimate`\n\nerror[E0107]: type alias takes 1 generic argument but 2 generic arguments were supplied\n   --> src/write/encoder.rs:456:14\n    |\n456 |         ) -> Result<DecodeMetadata, DecodeSliceError> {\n    |              ^^^^^^                 ---------------- help: remove this generic argument\n    |              |\n    |              expected 1 generic argument\n    |\nnote: type alias defined here, with 1 generic parameter: `T`\n   --> /home/abezbm/.rustup/toolchains/nightly-2024-07-21-x86_64-unknown-linux-gnu/lib/rustlib/src/rust/library/std/src/io/error.rs:54:10\n    |\n54  | pub type Result<T> = result::Result<T, Error>;\n    |          ^^^^^^ -\n\nerror[E0609]: no field `buffer` on type `Option<MockWriter>`\n   --> src/write/encoder.rs:474:40\n    |\n474 |     assert_eq!(encoder_writer.delegate.buffer, b\"te\");\n    |                                        ^^^^^^ unknown field\n    |\nhelp: one of the expressions' fields has a field of the same name\n    |\n474 |     assert_eq!(encoder_writer.delegate.unwrap().buffer, b\"te\");\n    |                                        +++++++++\n\nerror[E0433]: failed to resolve: use of undeclared crate or module `base64`\n   --> src/write/encoder.rs:441:32\n    |\n441 |             let encoded_data = base64::encode(input);\n    |                                ^^^^^^ use of undeclared crate or module `base64`\n\nwarning: unused import: `Read`\n --> src/read/decoder_tests.rs:3:16\n  |\n3 |     io::{self, Read as _},\n  |                ^^^^\n\nwarning: unused variable: `input_len`\n   --> src/write/encoder.rs:447:49\n    |\n447 |         fn internal_decoded_len_estimate(&self, input_len: usize) -> Self::DecodeEstimate {\n    |                                                 ^^^^^^^^^ help: if this is intentional, prefix it with an underscore: `_input_len`\n    |\n    = note: `#[warn(unused_variables)]` on by default\n\nSome errors have detailed explanations: E0107, E0277, E0412, E0433, E0609.\nFor more information about an error, try `rustc --explain E0107`.\nwarning: `base64` (lib test) generated 26 warnings\nerror: could not compile `base64` (lib test) due to 7 previous errors; 26 warnings emitted\n"
                }
              ],
              "repaired": [
                false
              ]
            }
          ]
        }
      ]
    }
  ]
}