{
  "name": "base64::engine::general_purpose::decode_table",
  "name_with_impl": "base64::engine::general_purpose::decode_table",
  "mod_info": {
    "name": "engine::general_purpose",
    "loc": "src/engine/mod.rs:14:1:14:25"
  },
  "visible": true,
  "loc": "src/engine/general_purpose/mod.rs:214:1:228:2",
  "fn_tests": [
    {
      "chain_id": 1,
      "prompt_conds": [
        "// constraint: index < 64 is true\n",
        "// constraint: index < 64 is false, with bound index == 64\n",
        "// expected return value/type: decode_table\n"
      ],
      "input_infer": "",
      "answers": [
        {
          "uses": [],
          "has_test_mod": false,
          "common": [],
          "chain_tests": [
            {
              "attrs": [],
              "prefix": [],
              "oracles": [],
              "codes": [
                [
                  "{",
                  "    let alphabet = Alphabet {",
                  "        symbols: [",
                  "            b'A', b'B', b'C', b'D', b'E', b'F', b'G', b'H',",
                  "            b'I', b'J', b'K', b'L', b'M', b'N', b'O', b'P',",
                  "            b'Q', b'R', b'S', b'T', b'U', b'V', b'W', b'X',",
                  "            b'Y', b'Z', b'a', b'b', b'c', b'd', b'e', b'f',",
                  "            b'g', b'h', b'i', b'j', b'k', b'l', b'm', b'n',",
                  "            b'o', b'p', b'q', b'r', b's', b't', b'u', b'v',",
                  "            b'w', b'x', b'y', b'z', b'0', b'1', b'2', b'3',",
                  "            b'4', b'5', b'6', b'7', b'8', b'9', b'+', b'/',",
                  "        ],",
                  "    };",
                  "    let result = decode_table(&alphabet);",
                  "    let expected_result: [u8; 256] = {",
                  "        let mut array = [INVALID_VALUE; 256];",
                  "        for i in 0..64 {",
                  "            array[alphabet.symbols[i] as usize] = i as u8;",
                  "        }",
                  "        array",
                  "    };",
                  "    assert_eq!(result, expected_result);",
                  "}"
                ]
              ],
              "can_compile": [
                {
                  "Ok": null
                }
              ],
              "repaired": [
                false
              ]
            },
            {
              "attrs": [],
              "prefix": [],
              "oracles": [],
              "codes": [
                [
                  "{",
                  "    let alphabet = Alphabet {",
                  "        symbols: [",
                  "            0, 0, 0, 0, 0, 0, 0, 0,",
                  "            0, 0, 0, 0, 0, 0, 0, 0,",
                  "            0, 0, 0, 0, 0, 0, 0, 0,",
                  "            0, 0, 0, 0, 0, 0, 0, 0,",
                  "            0, 0, 0, 0, 0, 0, 0, 0,",
                  "            0, 0, 0, 0, 0, 0, 0, 0,",
                  "            0, 0, 0, 0, 0, 0, 0, 0,",
                  "            0, 0, 0, 0, 0, 0, 0, 0,",
                  "            0, 0, 0, 0, 0, 0, 0, 0,",
                  "            0, 0, 0, 0, 0, 0, 0, 0,",
                  "            0, 0, 0, 0, 0, 0, 0, 0,",
                  "            0, 0, 0, 0, 0, 0, 0, 0,",
                  "            0, 0, 0, 0, 0, 0, 0, 0,",
                  "            0, 0, 0, 0, 0, 0, 0, 0,",
                  "            0, 0, 0, 0, 0, 0, 0, 0,",
                  "            0, 0, 0, 0, 0, 0, 0, 0,",
                  "        ],",
                  "    };",
                  "    let result = decode_table(&alphabet);",
                  "    let expected_result = [INVALID_VALUE; 256];",
                  "    assert_eq!(result, expected_result);",
                  "}"
                ]
              ],
              "can_compile": [
                {
                  "Err": "   Compiling proc-macro2 v1.0.94\n   Compiling crossbeam-utils v0.8.21\n   Compiling syn v1.0.109\n   Compiling libc v0.2.171\n   Compiling semver v1.0.26\n   Compiling rustix v0.38.44\n   Compiling slab v0.4.9\n   Compiling proc-macro-error-attr v1.0.4\n   Compiling serde v1.0.219\n   Compiling zerocopy v0.8.24\n   Compiling proc-macro-error v1.0.4\n   Compiling indexmap v1.9.3\n   Compiling num-traits v0.2.19\n   Compiling serde_json v1.0.140\n   Compiling rustversion v1.0.20\n   Compiling rayon-core v1.12.1\n   Compiling rustc_version v0.4.1\n   Compiling rstest_macros v0.13.0\n   Compiling concurrent-queue v2.5.0\n   Compiling crossbeam-epoch v0.9.18\n   Compiling rstest_reuse v0.6.0\n   Compiling event-listener v5.4.0\n   Compiling async-executor v1.13.1\n   Compiling async-channel v1.9.0\n   Compiling quote v1.0.40\n   Compiling crossbeam-deque v0.8.6\n   Compiling plotters v0.3.7\n   Compiling syn v2.0.100\n   Compiling event-listener-strategy v0.5.4\n   Compiling async-channel v2.3.1\n   Compiling async-lock v3.4.0\n   Compiling blocking v1.6.1\n   Compiling rayon v1.10.0\n   Compiling getrandom v0.2.15\n   Compiling atty v0.2.14\n   Compiling ppv-lite86 v0.2.21\n   Compiling rand_core v0.6.4\n   Compiling rand_chacha v0.3.1\n   Compiling rand v0.8.5\n   Compiling polling v3.7.4\n   Compiling async-io v2.4.0\n   Compiling async-global-executor v2.4.1\n   Compiling clap_derive v3.2.25\n   Compiling async-attributes v1.1.2\n   Compiling ntest_timeout v0.9.3\n   Compiling ntest_test_cases v0.9.3\n   Compiling serde_derive v1.0.219\n   Compiling futures-macro v0.3.31\n   Compiling strum_macros v0.25.3\n   Compiling async-std v1.13.1\n   Compiling ntest v0.9.3\n   Compiling futures-util v0.3.31\n   Compiling strum v0.25.0\n   Compiling clap v3.2.25\n   Compiling futures-executor v0.3.31\n   Compiling futures v0.3.31\n   Compiling rstest v0.13.0\n   Compiling ciborium v0.2.2\n   Compiling tinytemplate v1.2.1\n   Compiling criterion v0.4.0\n   Compiling base64 v0.22.1 (/home/abezbm/rust-utgen-test-crates-new/rust-base64)\nwarning: unused import: `rstest_reuse`\n   --> src/lib.rs:272:5\n    |\n272 | use rstest_reuse;\n    |     ^^^^^^^^^^^^\n    |\n    = note: `#[warn(unused_imports)]` on by default\n\nwarning: unused import: `PAD`\n  --> src/chunked_encoder.rs:82:73\n   |\n82 |         engine::general_purpose::{GeneralPurpose, GeneralPurposeConfig, PAD},\n   |                                                                         ^^^\n\nwarning: unused import: `chunked_encode_matches_normal_encode_random`\n  --> src/display.rs:58:9\n   |\n58 |         chunked_encode_matches_normal_encode_random, SinkTestHelper,\n   |         ^^^^^^^^^^^^^^^^^^^^^^^^^^^^^^^^^^^^^^^^^^^\n\nwarning: unused import: `crate::engine::general_purpose::STANDARD`\n  --> src/display.rs:61:9\n   |\n61 |     use crate::engine::general_purpose::STANDARD;\n   |         ^^^^^^^^^^^^^^^^^^^^^^^^^^^^^^^^^^^^^^^^\n\nwarning: unused import: `iter`\n --> src/read/decoder_tests.rs:4:5\n  |\n4 |     iter,\n  |     ^^^^\n\nwarning: unused import: `RngCore as _`\n --> src/read/decoder_tests.rs:7:22\n  |\n7 | use rand::{Rng as _, RngCore as _};\n  |                      ^^^^^^^^^^^^\n\nwarning: unused imports: `BUF_SIZE` and `DecoderReader`\n --> src/read/decoder_tests.rs:9:22\n  |\n9 | use super::decoder::{DecoderReader, BUF_SIZE};\n  |                      ^^^^^^^^^^^^^  ^^^^^^^^\n\nwarning: unused imports: `DecodeError`, `Engine`, `GeneralPurpose`, `PAD_BYTE`, `alphabet`, `general_purpose::STANDARD`, `random_alphabet`, `random_config`, and `random_engine`\n  --> src/read/decoder_tests.rs:11:5\n   |\n11 |     alphabet,\n   |     ^^^^^^^^\n12 |     engine::{general_purpose::STANDARD, Engine, GeneralPurpose},\n   |              ^^^^^^^^^^^^^^^^^^^^^^^^^  ^^^^^^  ^^^^^^^^^^^^^^\n13 |     tests::{random_alphabet, random_config, random_engine},\n   |             ^^^^^^^^^^^^^^^  ^^^^^^^^^^^^^  ^^^^^^^^^^^^^\n14 |     DecodeError, PAD_BYTE,\n   |     ^^^^^^^^^^^  ^^^^^^^^\n\nwarning: unused imports: `engine::Engine`, `tests::random_engine`, and `write::encoder_string_writer::EncoderStringWriter`\n   --> src/write/encoder_string_writer.rs:139:9\n    |\n139 |         engine::Engine, tests::random_engine, write::encoder_string_writer::EncoderStringWriter,\n    |         ^^^^^^^^^^^^^^  ^^^^^^^^^^^^^^^^^^^^  ^^^^^^^^^^^^^^^^^^^^^^^^^^^^^^^^^^^^^^^^^^^^^^^^^\n\nwarning: unused import: `rand::Rng`\n   --> src/write/encoder_string_writer.rs:141:9\n    |\n141 |     use rand::Rng;\n    |         ^^^^^^^^^\n\nwarning: unused import: `std::cmp`\n   --> src/write/encoder_string_writer.rs:142:9\n    |\n142 |     use std::cmp;\n    |         ^^^^^^^^\n\nwarning: unused import: `std::io::Write`\n   --> src/write/encoder_string_writer.rs:143:9\n    |\n143 |     use std::io::Write;\n    |         ^^^^^^^^^^^^^^\n\nwarning: unused import: `Cursor`\n --> src/write/encoder_tests.rs:1:15\n  |\n1 | use std::io::{Cursor, Write};\n  |               ^^^^^^\n\nwarning: unused import: `super::*`\n   --> src/engine/general_purpose/decode.rs:302:9\n    |\n302 |     use super::*;\n    |         ^^^^^^^^\n\nwarning: unused import: `crate::engine::general_purpose::STANDARD`\n   --> src/engine/general_purpose/decode.rs:304:9\n    |\n304 |     use crate::engine::general_purpose::STANDARD;\n    |         ^^^^^^^^^^^^^^^^^^^^^^^^^^^^^^^^^^^^^^^^\n\nwarning: unused import: `ntest::timeout`\n   --> src/engine/general_purpose/mod.rs:393:8\n    |\n393 |    use ntest::timeout;\n    |        ^^^^^^^^^^^^^^\n\nwarning: unused import: `crate::alphabet::*`\n   --> src/alphabet.rs:211:9\n    |\n211 |     use crate::alphabet::*;\n    |         ^^^^^^^^^^^^^^^^^^\n\nwarning: unused import: `core::convert::TryFrom as _`\n   --> src/alphabet.rs:212:9\n    |\n212 |     use core::convert::TryFrom as _;\n    |         ^^^^^^^^^^^^^^^^^^^^^^^^^^^\n\nwarning: unused imports: `STANDARD`, `random_config`, and `random_engine`\n   --> src/encode.rs:169:59\n    |\n169 |         engine::general_purpose::{GeneralPurpose, NO_PAD, STANDARD},\n    |                                                           ^^^^^^^^\n170 |         tests::{assert_encode_sanity, random_config, random_engine},\n    |                                       ^^^^^^^^^^^^^  ^^^^^^^^^^^^^\n\nwarning: unused imports: `Distribution` and `Uniform`\n   --> src/encode.rs:173:25\n    |\n173 |         distributions::{Distribution, Uniform},\n    |                         ^^^^^^^^^^^^  ^^^^^^^\n\nwarning: unused import: `std::str`\n   --> src/encode.rs:176:9\n    |\n176 |     use std::str;\n    |         ^^^^^^^^\n\nwarning: unused imports: `alphabet` and `general_purpose`\n   --> src/decode.rs:160:9\n    |\n160 |         alphabet,\n    |         ^^^^^^^^\n161 |         engine::{general_purpose, Config, GeneralPurpose},\n    |                  ^^^^^^^^^^^^^^^\n\nwarning: unused import: `super::*`\n   --> src/decode.rs:348:9\n    |\n348 |     use super::*;\n    |         ^^^^^^^^\n\nwarning: unused import: `std::error::Error`\n   --> src/decode.rs:349:9\n    |\n349 |     use std::error::Error;\n    |         ^^^^^^^^^^^^^^^^^\n\nerror[E0308]: mismatched types\n   --> src/engine/general_purpose/mod.rs:398:18\n    |\n398 |           symbols: [\n    |  __________________^\n399 | |             0, 0, 0, 0, 0, 0, 0, 0,\n400 | |             0, 0, 0, 0, 0, 0, 0, 0,\n401 | |             0, 0, 0, 0, 0, 0, 0, 0,\n...   |\n414 | |             0, 0, 0, 0, 0, 0, 0, 0,\n415 | |         ],\n    | |_________^ expected an array with a fixed size of 64 elements, found one with 128 elements\n\nwarning: unused import: `Read`\n --> src/read/decoder_tests.rs:3:16\n  |\n3 |     io::{self, Read as _},\n  |                ^^^^\n\nFor more information about this error, try `rustc --explain E0308`.\nwarning: `base64` (lib test) generated 25 warnings\nerror: could not compile `base64` (lib test) due to 1 previous error; 25 warnings emitted\n"
                }
              ],
              "repaired": [
                false
              ]
            },
            {
              "attrs": [
                "#[should_panic]"
              ],
              "prefix": [],
              "oracles": [],
              "codes": [
                [
                  "{",
                  "    let mut symbols = [0; 64];",
                  "    symbols[0..64].copy_from_slice(&[b'A', b'B', b'C', b'D', b'E', b'F', b'G', b'H', ",
                  "                                     b'I', b'J', b'K', b'L', b'M', b'N', b'O', b'P', ",
                  "                                     b'Q', b'R', b'S', b'T', b'U', b'V', b'W', b'X', ",
                  "                                     b'Y', b'Z', b'a', b'b', b'c', b'd', b'e', b'f', ",
                  "                                     b'g', b'h', b'i', b'j', b'k', b'l', b'm', b'n', ",
                  "                                     b'o', b'p', b'q', b'r', b's', b't', b'u', b'v', ",
                  "                                     b'w', b'x', b'y', b'z', b'0', b'1', b'2', b'3', ",
                  "                                     b'4', b'5', b'6', b'7', b'8', b'9', b'+', b'/']);",
                  "    ",
                  "    let alphabet = Alphabet {",
                  "        symbols,",
                  "    };",
                  "    // force panic by accessing an index >= 64",
                  "    alphabet.symbols[64] = b'!';",
                  "    let _ = decode_table(&alphabet); // This should panic due to index out of bounds.",
                  "}"
                ]
              ],
              "can_compile": [
                {
                  "Err": "   Compiling proc-macro2 v1.0.94\n   Compiling crossbeam-utils v0.8.21\n   Compiling syn v1.0.109\n   Compiling semver v1.0.26\n   Compiling libc v0.2.171\n   Compiling rustix v0.38.44\n   Compiling slab v0.4.9\n   Compiling proc-macro-error-attr v1.0.4\n   Compiling zerocopy v0.8.24\n   Compiling serde v1.0.219\n   Compiling proc-macro-error v1.0.4\n   Compiling indexmap v1.9.3\n   Compiling num-traits v0.2.19\n   Compiling rustversion v1.0.20\n   Compiling rayon-core v1.12.1\n   Compiling serde_json v1.0.140\n   Compiling rustc_version v0.4.1\n   Compiling concurrent-queue v2.5.0\n   Compiling crossbeam-epoch v0.9.18\n   Compiling rstest_macros v0.13.0\n   Compiling rstest_reuse v0.6.0\n   Compiling quote v1.0.40\n   Compiling event-listener v5.4.0\n   Compiling async-executor v1.13.1\n   Compiling async-channel v1.9.0\n   Compiling crossbeam-deque v0.8.6\n   Compiling plotters v0.3.7\n   Compiling syn v2.0.100\n   Compiling event-listener-strategy v0.5.4\n   Compiling async-lock v3.4.0\n   Compiling async-channel v2.3.1\n   Compiling blocking v1.6.1\n   Compiling rayon v1.10.0\n   Compiling getrandom v0.2.15\n   Compiling atty v0.2.14\n   Compiling ppv-lite86 v0.2.21\n   Compiling rand_core v0.6.4\n   Compiling rand_chacha v0.3.1\n   Compiling rand v0.8.5\n   Compiling polling v3.7.4\n   Compiling async-io v2.4.0\n   Compiling async-global-executor v2.4.1\n   Compiling serde_derive v1.0.219\n   Compiling futures-macro v0.3.31\n   Compiling strum_macros v0.25.3\n   Compiling clap_derive v3.2.25\n   Compiling async-attributes v1.1.2\n   Compiling ntest_test_cases v0.9.3\n   Compiling ntest_timeout v0.9.3\n   Compiling async-std v1.13.1\n   Compiling ntest v0.9.3\n   Compiling futures-util v0.3.31\n   Compiling strum v0.25.0\n   Compiling clap v3.2.25\n   Compiling futures-executor v0.3.31\n   Compiling futures v0.3.31\n   Compiling rstest v0.13.0\n   Compiling ciborium v0.2.2\n   Compiling tinytemplate v1.2.1\n   Compiling criterion v0.4.0\n   Compiling base64 v0.22.1 (/home/abezbm/rust-utgen-test-crates-new/rust-base64)\nwarning: unused import: `rstest_reuse`\n   --> src/lib.rs:272:5\n    |\n272 | use rstest_reuse;\n    |     ^^^^^^^^^^^^\n    |\n    = note: `#[warn(unused_imports)]` on by default\n\nwarning: unused import: `PAD`\n  --> src/chunked_encoder.rs:82:73\n   |\n82 |         engine::general_purpose::{GeneralPurpose, GeneralPurposeConfig, PAD},\n   |                                                                         ^^^\n\nwarning: unused import: `chunked_encode_matches_normal_encode_random`\n  --> src/display.rs:58:9\n   |\n58 |         chunked_encode_matches_normal_encode_random, SinkTestHelper,\n   |         ^^^^^^^^^^^^^^^^^^^^^^^^^^^^^^^^^^^^^^^^^^^\n\nwarning: unused import: `crate::engine::general_purpose::STANDARD`\n  --> src/display.rs:61:9\n   |\n61 |     use crate::engine::general_purpose::STANDARD;\n   |         ^^^^^^^^^^^^^^^^^^^^^^^^^^^^^^^^^^^^^^^^\n\nwarning: unused import: `iter`\n --> src/read/decoder_tests.rs:4:5\n  |\n4 |     iter,\n  |     ^^^^\n\nwarning: unused import: `RngCore as _`\n --> src/read/decoder_tests.rs:7:22\n  |\n7 | use rand::{Rng as _, RngCore as _};\n  |                      ^^^^^^^^^^^^\n\nwarning: unused imports: `BUF_SIZE` and `DecoderReader`\n --> src/read/decoder_tests.rs:9:22\n  |\n9 | use super::decoder::{DecoderReader, BUF_SIZE};\n  |                      ^^^^^^^^^^^^^  ^^^^^^^^\n\nwarning: unused imports: `DecodeError`, `Engine`, `GeneralPurpose`, `PAD_BYTE`, `alphabet`, `general_purpose::STANDARD`, `random_alphabet`, `random_config`, and `random_engine`\n  --> src/read/decoder_tests.rs:11:5\n   |\n11 |     alphabet,\n   |     ^^^^^^^^\n12 |     engine::{general_purpose::STANDARD, Engine, GeneralPurpose},\n   |              ^^^^^^^^^^^^^^^^^^^^^^^^^  ^^^^^^  ^^^^^^^^^^^^^^\n13 |     tests::{random_alphabet, random_config, random_engine},\n   |             ^^^^^^^^^^^^^^^  ^^^^^^^^^^^^^  ^^^^^^^^^^^^^\n14 |     DecodeError, PAD_BYTE,\n   |     ^^^^^^^^^^^  ^^^^^^^^\n\nwarning: unused imports: `engine::Engine`, `tests::random_engine`, and `write::encoder_string_writer::EncoderStringWriter`\n   --> src/write/encoder_string_writer.rs:139:9\n    |\n139 |         engine::Engine, tests::random_engine, write::encoder_string_writer::EncoderStringWriter,\n    |         ^^^^^^^^^^^^^^  ^^^^^^^^^^^^^^^^^^^^  ^^^^^^^^^^^^^^^^^^^^^^^^^^^^^^^^^^^^^^^^^^^^^^^^^\n\nwarning: unused import: `rand::Rng`\n   --> src/write/encoder_string_writer.rs:141:9\n    |\n141 |     use rand::Rng;\n    |         ^^^^^^^^^\n\nwarning: unused import: `std::cmp`\n   --> src/write/encoder_string_writer.rs:142:9\n    |\n142 |     use std::cmp;\n    |         ^^^^^^^^\n\nwarning: unused import: `std::io::Write`\n   --> src/write/encoder_string_writer.rs:143:9\n    |\n143 |     use std::io::Write;\n    |         ^^^^^^^^^^^^^^\n\nwarning: unused import: `Cursor`\n --> src/write/encoder_tests.rs:1:15\n  |\n1 | use std::io::{Cursor, Write};\n  |               ^^^^^^\n\nwarning: unused import: `super::*`\n   --> src/engine/general_purpose/decode.rs:302:9\n    |\n302 |     use super::*;\n    |         ^^^^^^^^\n\nwarning: unused import: `crate::engine::general_purpose::STANDARD`\n   --> src/engine/general_purpose/decode.rs:304:9\n    |\n304 |     use crate::engine::general_purpose::STANDARD;\n    |         ^^^^^^^^^^^^^^^^^^^^^^^^^^^^^^^^^^^^^^^^\n\nwarning: unused import: `ntest::timeout`\n   --> src/engine/general_purpose/mod.rs:393:8\n    |\n393 |    use ntest::timeout;\n    |        ^^^^^^^^^^^^^^\n\nwarning: unused import: `crate::alphabet::*`\n   --> src/alphabet.rs:211:9\n    |\n211 |     use crate::alphabet::*;\n    |         ^^^^^^^^^^^^^^^^^^\n\nwarning: unused import: `core::convert::TryFrom as _`\n   --> src/alphabet.rs:212:9\n    |\n212 |     use core::convert::TryFrom as _;\n    |         ^^^^^^^^^^^^^^^^^^^^^^^^^^^\n\nwarning: unused imports: `STANDARD`, `random_config`, and `random_engine`\n   --> src/encode.rs:169:59\n    |\n169 |         engine::general_purpose::{GeneralPurpose, NO_PAD, STANDARD},\n    |                                                           ^^^^^^^^\n170 |         tests::{assert_encode_sanity, random_config, random_engine},\n    |                                       ^^^^^^^^^^^^^  ^^^^^^^^^^^^^\n\nwarning: unused imports: `Distribution` and `Uniform`\n   --> src/encode.rs:173:25\n    |\n173 |         distributions::{Distribution, Uniform},\n    |                         ^^^^^^^^^^^^  ^^^^^^^\n\nwarning: unused import: `std::str`\n   --> src/encode.rs:176:9\n    |\n176 |     use std::str;\n    |         ^^^^^^^^\n\nwarning: unused imports: `alphabet` and `general_purpose`\n   --> src/decode.rs:160:9\n    |\n160 |         alphabet,\n    |         ^^^^^^^^\n161 |         engine::{general_purpose, Config, GeneralPurpose},\n    |                  ^^^^^^^^^^^^^^^\n\nwarning: unused import: `super::*`\n   --> src/decode.rs:348:9\n    |\n348 |     use super::*;\n    |         ^^^^^^^^\n\nwarning: unused import: `std::error::Error`\n   --> src/decode.rs:349:9\n    |\n349 |     use std::error::Error;\n    |         ^^^^^^^^^^^^^^^^^\n\nwarning: unused import: `Read`\n --> src/read/decoder_tests.rs:3:16\n  |\n3 |     io::{self, Read as _},\n  |                ^^^^\n\nerror[E0594]: cannot assign to `alphabet.symbols[_]`, as `alphabet` is not declared as mutable\n   --> src/engine/general_purpose/mod.rs:412:5\n    |\n412 |     alphabet.symbols[64] = b'!';\n    |     ^^^^^^^^^^^^^^^^^^^^^^^^^^^ cannot assign\n    |\nhelp: consider changing this to be mutable\n    |\n408 |     let mut alphabet = Alphabet {\n    |         +++\n\nFor more information about this error, try `rustc --explain E0594`.\nwarning: `base64` (lib test) generated 25 warnings\nerror: could not compile `base64` (lib test) due to 1 previous error; 25 warnings emitted\n"
                }
              ],
              "repaired": [
                false
              ]
            }
          ]
        }
      ]
    },
    {
      "chain_id": 2,
      "prompt_conds": [
        "// constraint: index < 64 is false, with bound index == 64\n",
        "// expected return value/type: decode_table\n"
      ],
      "input_infer": "",
      "answers": [
        {
          "uses": [],
          "has_test_mod": false,
          "common": [],
          "chain_tests": [
            {
              "attrs": [],
              "prefix": [],
              "oracles": [],
              "codes": [
                [
                  "{",
                  "    #[derive(Clone, Debug, Eq, PartialEq)]",
                  "    struct Alphabet {",
                  "        pub(crate) symbols: [u8; 64],",
                  "    }",
                  "",
                  "    let empty_symbols = [0u8; 64]; // All symbols initialized but not valid",
                  "    let alphabet_empty = Alphabet { symbols: empty_symbols };",
                  "    ",
                  "    let result = decode_table(&alphabet_empty);",
                  "    ",
                  "    // Check that all values are INVALID_VALUE since no valid characters were mapped",
                  "    for value in result.iter() {",
                  "        assert_eq!(*value, INVALID_VALUE);",
                  "    }",
                  "}"
                ]
              ],
              "can_compile": [
                {
                  "Err": "   Compiling proc-macro2 v1.0.94\n   Compiling crossbeam-utils v0.8.21\n   Compiling syn v1.0.109\n   Compiling libc v0.2.171\n   Compiling semver v1.0.26\n   Compiling rustix v0.38.44\n   Compiling serde v1.0.219\n   Compiling slab v0.4.9\n   Compiling proc-macro-error-attr v1.0.4\n   Compiling zerocopy v0.8.24\n   Compiling proc-macro-error v1.0.4\n   Compiling num-traits v0.2.19\n   Compiling indexmap v1.9.3\n   Compiling rayon-core v1.12.1\n   Compiling serde_json v1.0.140\n   Compiling rustversion v1.0.20\n   Compiling rustc_version v0.4.1\n   Compiling concurrent-queue v2.5.0\n   Compiling crossbeam-epoch v0.9.18\n   Compiling rstest_macros v0.13.0\n   Compiling rstest_reuse v0.6.0\n   Compiling quote v1.0.40\n   Compiling event-listener v5.4.0\n   Compiling async-executor v1.13.1\n   Compiling async-channel v1.9.0\n   Compiling crossbeam-deque v0.8.6\n   Compiling syn v2.0.100\n   Compiling plotters v0.3.7\n   Compiling event-listener-strategy v0.5.4\n   Compiling async-channel v2.3.1\n   Compiling async-lock v3.4.0\n   Compiling blocking v1.6.1\n   Compiling rayon v1.10.0\n   Compiling getrandom v0.2.15\n   Compiling atty v0.2.14\n   Compiling rand_core v0.6.4\n   Compiling ppv-lite86 v0.2.21\n   Compiling rand_chacha v0.3.1\n   Compiling rand v0.8.5\n   Compiling polling v3.7.4\n   Compiling async-io v2.4.0\n   Compiling async-global-executor v2.4.1\n   Compiling async-attributes v1.1.2\n   Compiling clap_derive v3.2.25\n   Compiling ntest_test_cases v0.9.3\n   Compiling ntest_timeout v0.9.3\n   Compiling serde_derive v1.0.219\n   Compiling futures-macro v0.3.31\n   Compiling strum_macros v0.25.3\n   Compiling async-std v1.13.1\n   Compiling ntest v0.9.3\n   Compiling futures-util v0.3.31\n   Compiling strum v0.25.0\n   Compiling clap v3.2.25\n   Compiling futures-executor v0.3.31\n   Compiling futures v0.3.31\n   Compiling rstest v0.13.0\n   Compiling ciborium v0.2.2\n   Compiling tinytemplate v1.2.1\n   Compiling criterion v0.4.0\n   Compiling base64 v0.22.1 (/home/abezbm/rust-utgen-test-crates-new/rust-base64)\nwarning: unused import: `rstest_reuse`\n   --> src/lib.rs:272:5\n    |\n272 | use rstest_reuse;\n    |     ^^^^^^^^^^^^\n    |\n    = note: `#[warn(unused_imports)]` on by default\n\nwarning: unused import: `PAD`\n  --> src/chunked_encoder.rs:82:73\n   |\n82 |         engine::general_purpose::{GeneralPurpose, GeneralPurposeConfig, PAD},\n   |                                                                         ^^^\n\nwarning: unused import: `chunked_encode_matches_normal_encode_random`\n  --> src/display.rs:58:9\n   |\n58 |         chunked_encode_matches_normal_encode_random, SinkTestHelper,\n   |         ^^^^^^^^^^^^^^^^^^^^^^^^^^^^^^^^^^^^^^^^^^^\n\nwarning: unused import: `crate::engine::general_purpose::STANDARD`\n  --> src/display.rs:61:9\n   |\n61 |     use crate::engine::general_purpose::STANDARD;\n   |         ^^^^^^^^^^^^^^^^^^^^^^^^^^^^^^^^^^^^^^^^\n\nwarning: unused import: `iter`\n --> src/read/decoder_tests.rs:4:5\n  |\n4 |     iter,\n  |     ^^^^\n\nwarning: unused import: `RngCore as _`\n --> src/read/decoder_tests.rs:7:22\n  |\n7 | use rand::{Rng as _, RngCore as _};\n  |                      ^^^^^^^^^^^^\n\nwarning: unused imports: `BUF_SIZE` and `DecoderReader`\n --> src/read/decoder_tests.rs:9:22\n  |\n9 | use super::decoder::{DecoderReader, BUF_SIZE};\n  |                      ^^^^^^^^^^^^^  ^^^^^^^^\n\nwarning: unused imports: `DecodeError`, `Engine`, `GeneralPurpose`, `PAD_BYTE`, `alphabet`, `general_purpose::STANDARD`, `random_alphabet`, `random_config`, and `random_engine`\n  --> src/read/decoder_tests.rs:11:5\n   |\n11 |     alphabet,\n   |     ^^^^^^^^\n12 |     engine::{general_purpose::STANDARD, Engine, GeneralPurpose},\n   |              ^^^^^^^^^^^^^^^^^^^^^^^^^  ^^^^^^  ^^^^^^^^^^^^^^\n13 |     tests::{random_alphabet, random_config, random_engine},\n   |             ^^^^^^^^^^^^^^^  ^^^^^^^^^^^^^  ^^^^^^^^^^^^^\n14 |     DecodeError, PAD_BYTE,\n   |     ^^^^^^^^^^^  ^^^^^^^^\n\nwarning: unused imports: `engine::Engine`, `tests::random_engine`, and `write::encoder_string_writer::EncoderStringWriter`\n   --> src/write/encoder_string_writer.rs:139:9\n    |\n139 |         engine::Engine, tests::random_engine, write::encoder_string_writer::EncoderStringWriter,\n    |         ^^^^^^^^^^^^^^  ^^^^^^^^^^^^^^^^^^^^  ^^^^^^^^^^^^^^^^^^^^^^^^^^^^^^^^^^^^^^^^^^^^^^^^^\n\nwarning: unused import: `rand::Rng`\n   --> src/write/encoder_string_writer.rs:141:9\n    |\n141 |     use rand::Rng;\n    |         ^^^^^^^^^\n\nwarning: unused import: `std::cmp`\n   --> src/write/encoder_string_writer.rs:142:9\n    |\n142 |     use std::cmp;\n    |         ^^^^^^^^\n\nwarning: unused import: `std::io::Write`\n   --> src/write/encoder_string_writer.rs:143:9\n    |\n143 |     use std::io::Write;\n    |         ^^^^^^^^^^^^^^\n\nwarning: unused import: `Cursor`\n --> src/write/encoder_tests.rs:1:15\n  |\n1 | use std::io::{Cursor, Write};\n  |               ^^^^^^\n\nwarning: unused import: `super::*`\n   --> src/engine/general_purpose/decode.rs:302:9\n    |\n302 |     use super::*;\n    |         ^^^^^^^^\n\nwarning: unused import: `crate::engine::general_purpose::STANDARD`\n   --> src/engine/general_purpose/decode.rs:304:9\n    |\n304 |     use crate::engine::general_purpose::STANDARD;\n    |         ^^^^^^^^^^^^^^^^^^^^^^^^^^^^^^^^^^^^^^^^\n\nwarning: unused import: `ntest::timeout`\n   --> src/engine/general_purpose/mod.rs:393:8\n    |\n393 |    use ntest::timeout;\n    |        ^^^^^^^^^^^^^^\n\nwarning: unused import: `crate::alphabet::*`\n   --> src/alphabet.rs:211:9\n    |\n211 |     use crate::alphabet::*;\n    |         ^^^^^^^^^^^^^^^^^^\n\nwarning: unused import: `core::convert::TryFrom as _`\n   --> src/alphabet.rs:212:9\n    |\n212 |     use core::convert::TryFrom as _;\n    |         ^^^^^^^^^^^^^^^^^^^^^^^^^^^\n\nwarning: unused imports: `STANDARD`, `random_config`, and `random_engine`\n   --> src/encode.rs:169:59\n    |\n169 |         engine::general_purpose::{GeneralPurpose, NO_PAD, STANDARD},\n    |                                                           ^^^^^^^^\n170 |         tests::{assert_encode_sanity, random_config, random_engine},\n    |                                       ^^^^^^^^^^^^^  ^^^^^^^^^^^^^\n\nwarning: unused imports: `Distribution` and `Uniform`\n   --> src/encode.rs:173:25\n    |\n173 |         distributions::{Distribution, Uniform},\n    |                         ^^^^^^^^^^^^  ^^^^^^^\n\nwarning: unused import: `std::str`\n   --> src/encode.rs:176:9\n    |\n176 |     use std::str;\n    |         ^^^^^^^^\n\nwarning: unused imports: `alphabet` and `general_purpose`\n   --> src/decode.rs:160:9\n    |\n160 |         alphabet,\n    |         ^^^^^^^^\n161 |         engine::{general_purpose, Config, GeneralPurpose},\n    |                  ^^^^^^^^^^^^^^^\n\nwarning: unused import: `super::*`\n   --> src/decode.rs:348:9\n    |\n348 |     use super::*;\n    |         ^^^^^^^^\n\nwarning: unused import: `std::error::Error`\n   --> src/decode.rs:349:9\n    |\n349 |     use std::error::Error;\n    |         ^^^^^^^^^^^^^^^^^\n\nerror[E0308]: mismatched types\n   --> src/engine/general_purpose/mod.rs:405:31\n    |\n405 |     let result = decode_table(&alphabet_empty);\n    |                  ------------ ^^^^^^^^^^^^^^^ expected `alphabet::Alphabet`, found `Alphabet`\n    |                  |\n    |                  arguments to this function are incorrect\n    |\n    = note: `Alphabet` and `alphabet::Alphabet` have similar names, but are actually distinct types\nnote: `Alphabet` is defined in module `crate::engine::general_purpose::llmtests` of the current crate\n   --> src/engine/general_purpose/mod.rs:398:5\n    |\n398 |     struct Alphabet {\n    |     ^^^^^^^^^^^^^^^\nnote: `alphabet::Alphabet` is defined in module `crate::alphabet` of the current crate\n   --> src/alphabet.rs:55:1\n    |\n55  | pub struct Alphabet {\n    | ^^^^^^^^^^^^^^^^^^^\nnote: function defined here\n   --> src/engine/general_purpose/mod.rs:214:21\n    |\n214 | pub(crate) const fn decode_table(alphabet: &Alphabet) -> [u8; 256] {\n    |                     ^^^^^^^^^^^^ -------------------\n\nwarning: unused import: `Read`\n --> src/read/decoder_tests.rs:3:16\n  |\n3 |     io::{self, Read as _},\n  |                ^^^^\n\nFor more information about this error, try `rustc --explain E0308`.\nwarning: `base64` (lib test) generated 25 warnings\nerror: could not compile `base64` (lib test) due to 1 previous error; 25 warnings emitted\n"
                }
              ],
              "repaired": [
                false
              ]
            },
            {
              "attrs": [],
              "prefix": [],
              "oracles": [],
              "codes": [
                [
                  "{",
                  "    #[derive(Clone, Debug, Eq, PartialEq)]",
                  "    struct Alphabet {",
                  "        pub(crate) symbols: [u8; 64],",
                  "    }",
                  "",
                  "    let valid_symbols = [",
                  "        b'A', b'B', b'C', b'D', b'E', b'F', b'G', b'H',",
                  "        b'I', b'J', b'K', b'L', b'M', b'N', b'O', b'P',",
                  "        b'Q', b'R', b'S', b'T', b'U', b'V', b'W', b'X',",
                  "        b'Y', b'Z', b'a', b'b', b'c', b'd', b'e', b'f',",
                  "        b'g', b'h', b'i', b'j', b'k', b'l', b'm', b'n',",
                  "        b'o', b'p', b'q', b'r', b's', b't', b'u', b'v',",
                  "        b'w', b'x', b'y', b'z', b'0', b'1', b'2', b'3',",
                  "        b'4', b'5', b'6', b'7', b'8', b'9', b'+', b'/',",
                  "    ];",
                  "    let alphabet_valid = Alphabet { symbols: valid_symbols };",
                  "    ",
                  "    let result = decode_table(&alphabet_valid);",
                  "",
                  "    // Check that valid ASCII base64 characters map correctly",
                  "    for i in 0..64 {",
                  "        assert_eq!(result[alphabet_valid.symbols[i] as usize], i as u8);",
                  "    }",
                  "",
                  "    // Check that non-base64 characters return INVALID_VALUE",
                  "    assert_eq!(result[b'!'] as usize, INVALID_VALUE);",
                  "}"
                ]
              ],
              "can_compile": [
                {
                  "Err": "   Compiling proc-macro2 v1.0.94\n   Compiling crossbeam-utils v0.8.21\n   Compiling syn v1.0.109\n   Compiling semver v1.0.26\n   Compiling libc v0.2.171\n   Compiling rustix v0.38.44\n   Compiling slab v0.4.9\n   Compiling proc-macro-error-attr v1.0.4\n   Compiling serde v1.0.219\n   Compiling zerocopy v0.8.24\n   Compiling proc-macro-error v1.0.4\n   Compiling num-traits v0.2.19\n   Compiling indexmap v1.9.3\n   Compiling serde_json v1.0.140\n   Compiling rustversion v1.0.20\n   Compiling rayon-core v1.12.1\n   Compiling rustc_version v0.4.1\n   Compiling rstest_macros v0.13.0\n   Compiling rstest_reuse v0.6.0\n   Compiling concurrent-queue v2.5.0\n   Compiling crossbeam-epoch v0.9.18\n   Compiling quote v1.0.40\n   Compiling event-listener v5.4.0\n   Compiling async-executor v1.13.1\n   Compiling async-channel v1.9.0\n   Compiling syn v2.0.100\n   Compiling crossbeam-deque v0.8.6\n   Compiling plotters v0.3.7\n   Compiling event-listener-strategy v0.5.4\n   Compiling async-channel v2.3.1\n   Compiling async-lock v3.4.0\n   Compiling blocking v1.6.1\n   Compiling rayon v1.10.0\n   Compiling getrandom v0.2.15\n   Compiling atty v0.2.14\n   Compiling ppv-lite86 v0.2.21\n   Compiling rand_core v0.6.4\n   Compiling rand_chacha v0.3.1\n   Compiling rand v0.8.5\n   Compiling polling v3.7.4\n   Compiling async-io v2.4.0\n   Compiling async-global-executor v2.4.1\n   Compiling serde_derive v1.0.219\n   Compiling futures-macro v0.3.31\n   Compiling strum_macros v0.25.3\n   Compiling async-attributes v1.1.2\n   Compiling clap_derive v3.2.25\n   Compiling ntest_timeout v0.9.3\n   Compiling ntest_test_cases v0.9.3\n   Compiling async-std v1.13.1\n   Compiling ntest v0.9.3\n   Compiling futures-util v0.3.31\n   Compiling strum v0.25.0\n   Compiling clap v3.2.25\n   Compiling futures-executor v0.3.31\n   Compiling futures v0.3.31\n   Compiling rstest v0.13.0\n   Compiling ciborium v0.2.2\n   Compiling tinytemplate v1.2.1\n   Compiling criterion v0.4.0\n   Compiling base64 v0.22.1 (/home/abezbm/rust-utgen-test-crates-new/rust-base64)\nwarning: unused import: `rstest_reuse`\n   --> src/lib.rs:272:5\n    |\n272 | use rstest_reuse;\n    |     ^^^^^^^^^^^^\n    |\n    = note: `#[warn(unused_imports)]` on by default\n\nwarning: unused import: `PAD`\n  --> src/chunked_encoder.rs:82:73\n   |\n82 |         engine::general_purpose::{GeneralPurpose, GeneralPurposeConfig, PAD},\n   |                                                                         ^^^\n\nwarning: unused import: `chunked_encode_matches_normal_encode_random`\n  --> src/display.rs:58:9\n   |\n58 |         chunked_encode_matches_normal_encode_random, SinkTestHelper,\n   |         ^^^^^^^^^^^^^^^^^^^^^^^^^^^^^^^^^^^^^^^^^^^\n\nwarning: unused import: `crate::engine::general_purpose::STANDARD`\n  --> src/display.rs:61:9\n   |\n61 |     use crate::engine::general_purpose::STANDARD;\n   |         ^^^^^^^^^^^^^^^^^^^^^^^^^^^^^^^^^^^^^^^^\n\nwarning: unused import: `iter`\n --> src/read/decoder_tests.rs:4:5\n  |\n4 |     iter,\n  |     ^^^^\n\nwarning: unused import: `RngCore as _`\n --> src/read/decoder_tests.rs:7:22\n  |\n7 | use rand::{Rng as _, RngCore as _};\n  |                      ^^^^^^^^^^^^\n\nwarning: unused imports: `BUF_SIZE` and `DecoderReader`\n --> src/read/decoder_tests.rs:9:22\n  |\n9 | use super::decoder::{DecoderReader, BUF_SIZE};\n  |                      ^^^^^^^^^^^^^  ^^^^^^^^\n\nwarning: unused imports: `DecodeError`, `Engine`, `GeneralPurpose`, `PAD_BYTE`, `alphabet`, `general_purpose::STANDARD`, `random_alphabet`, `random_config`, and `random_engine`\n  --> src/read/decoder_tests.rs:11:5\n   |\n11 |     alphabet,\n   |     ^^^^^^^^\n12 |     engine::{general_purpose::STANDARD, Engine, GeneralPurpose},\n   |              ^^^^^^^^^^^^^^^^^^^^^^^^^  ^^^^^^  ^^^^^^^^^^^^^^\n13 |     tests::{random_alphabet, random_config, random_engine},\n   |             ^^^^^^^^^^^^^^^  ^^^^^^^^^^^^^  ^^^^^^^^^^^^^\n14 |     DecodeError, PAD_BYTE,\n   |     ^^^^^^^^^^^  ^^^^^^^^\n\nwarning: unused imports: `engine::Engine`, `tests::random_engine`, and `write::encoder_string_writer::EncoderStringWriter`\n   --> src/write/encoder_string_writer.rs:139:9\n    |\n139 |         engine::Engine, tests::random_engine, write::encoder_string_writer::EncoderStringWriter,\n    |         ^^^^^^^^^^^^^^  ^^^^^^^^^^^^^^^^^^^^  ^^^^^^^^^^^^^^^^^^^^^^^^^^^^^^^^^^^^^^^^^^^^^^^^^\n\nwarning: unused import: `rand::Rng`\n   --> src/write/encoder_string_writer.rs:141:9\n    |\n141 |     use rand::Rng;\n    |         ^^^^^^^^^\n\nwarning: unused import: `std::cmp`\n   --> src/write/encoder_string_writer.rs:142:9\n    |\n142 |     use std::cmp;\n    |         ^^^^^^^^\n\nwarning: unused import: `std::io::Write`\n   --> src/write/encoder_string_writer.rs:143:9\n    |\n143 |     use std::io::Write;\n    |         ^^^^^^^^^^^^^^\n\nwarning: unused import: `Cursor`\n --> src/write/encoder_tests.rs:1:15\n  |\n1 | use std::io::{Cursor, Write};\n  |               ^^^^^^\n\nwarning: unused import: `super::*`\n   --> src/engine/general_purpose/decode.rs:302:9\n    |\n302 |     use super::*;\n    |         ^^^^^^^^\n\nwarning: unused import: `crate::engine::general_purpose::STANDARD`\n   --> src/engine/general_purpose/decode.rs:304:9\n    |\n304 |     use crate::engine::general_purpose::STANDARD;\n    |         ^^^^^^^^^^^^^^^^^^^^^^^^^^^^^^^^^^^^^^^^\n\nwarning: unused import: `ntest::timeout`\n   --> src/engine/general_purpose/mod.rs:393:8\n    |\n393 |    use ntest::timeout;\n    |        ^^^^^^^^^^^^^^\n\nwarning: unused import: `crate::alphabet::*`\n   --> src/alphabet.rs:211:9\n    |\n211 |     use crate::alphabet::*;\n    |         ^^^^^^^^^^^^^^^^^^\n\nwarning: unused import: `core::convert::TryFrom as _`\n   --> src/alphabet.rs:212:9\n    |\n212 |     use core::convert::TryFrom as _;\n    |         ^^^^^^^^^^^^^^^^^^^^^^^^^^^\n\nwarning: unused imports: `STANDARD`, `random_config`, and `random_engine`\n   --> src/encode.rs:169:59\n    |\n169 |         engine::general_purpose::{GeneralPurpose, NO_PAD, STANDARD},\n    |                                                           ^^^^^^^^\n170 |         tests::{assert_encode_sanity, random_config, random_engine},\n    |                                       ^^^^^^^^^^^^^  ^^^^^^^^^^^^^\n\nwarning: unused imports: `Distribution` and `Uniform`\n   --> src/encode.rs:173:25\n    |\n173 |         distributions::{Distribution, Uniform},\n    |                         ^^^^^^^^^^^^  ^^^^^^^\n\nwarning: unused import: `std::str`\n   --> src/encode.rs:176:9\n    |\n176 |     use std::str;\n    |         ^^^^^^^^\n\nwarning: unused imports: `alphabet` and `general_purpose`\n   --> src/decode.rs:160:9\n    |\n160 |         alphabet,\n    |         ^^^^^^^^\n161 |         engine::{general_purpose, Config, GeneralPurpose},\n    |                  ^^^^^^^^^^^^^^^\n\nwarning: unused import: `super::*`\n   --> src/decode.rs:348:9\n    |\n348 |     use super::*;\n    |         ^^^^^^^^\n\nwarning: unused import: `std::error::Error`\n   --> src/decode.rs:349:9\n    |\n349 |     use std::error::Error;\n    |         ^^^^^^^^^^^^^^^^^\n\nerror[E0308]: mismatched types\n   --> src/engine/general_purpose/mod.rs:414:31\n    |\n414 |     let result = decode_table(&alphabet_valid);\n    |                  ------------ ^^^^^^^^^^^^^^^ expected `alphabet::Alphabet`, found `Alphabet`\n    |                  |\n    |                  arguments to this function are incorrect\n    |\n    = note: `Alphabet` and `alphabet::Alphabet` have similar names, but are actually distinct types\nnote: `Alphabet` is defined in module `crate::engine::general_purpose::llmtests` of the current crate\n   --> src/engine/general_purpose/mod.rs:398:5\n    |\n398 |     struct Alphabet {\n    |     ^^^^^^^^^^^^^^^\nnote: `alphabet::Alphabet` is defined in module `crate::alphabet` of the current crate\n   --> src/alphabet.rs:55:1\n    |\n55  | pub struct Alphabet {\n    | ^^^^^^^^^^^^^^^^^^^\nnote: function defined here\n   --> src/engine/general_purpose/mod.rs:214:21\n    |\n214 | pub(crate) const fn decode_table(alphabet: &Alphabet) -> [u8; 256] {\n    |                     ^^^^^^^^^^^^ -------------------\n\nerror[E0277]: the type `[u8]` cannot be indexed by `u8`\n   --> src/engine/general_purpose/mod.rs:422:23\n    |\n422 |     assert_eq!(result[b'!'] as usize, INVALID_VALUE);\n    |                       ^^^^ slice indices are of type `usize` or ranges of `usize`\n    |\n    = help: the trait `SliceIndex<[u8]>` is not implemented for `u8`, which is required by `[u8; 256]: Index<_>`\n    = help: the trait `SliceIndex<[u8]>` is implemented for `usize`\n    = help: for that trait implementation, expected `usize`, found `u8`\n    = note: required for `[u8]` to implement `Index<u8>`\n    = note: 1 redundant requirement hidden\n    = note: required for `[u8; 256]` to implement `Index<u8>`\n\nerror[E0308]: mismatched types\n   --> src/engine/general_purpose/mod.rs:422:39\n    |\n422 |     assert_eq!(result[b'!'] as usize, INVALID_VALUE);\n    |                                       ^^^^^^^^^^^^^ expected `usize`, found `u8`\n    |\nhelp: you can convert a `u8` to a `usize`\n    |\n422 |     assert_eq!(result[b'!'] as usize, INVALID_VALUE.into());\n    |                                                    +++++++\n\nwarning: unused import: `Read`\n --> src/read/decoder_tests.rs:3:16\n  |\n3 |     io::{self, Read as _},\n  |                ^^^^\n\nSome errors have detailed explanations: E0277, E0308.\nFor more information about an error, try `rustc --explain E0277`.\nwarning: `base64` (lib test) generated 25 warnings\nerror: could not compile `base64` (lib test) due to 3 previous errors; 25 warnings emitted\n"
                }
              ],
              "repaired": [
                false
              ]
            },
            {
              "attrs": [],
              "prefix": [],
              "oracles": [],
              "codes": [
                [
                  "{",
                  "    #[derive(Clone, Debug, Eq, PartialEq)]",
                  "    struct Alphabet {",
                  "        pub(crate) symbols: [u8; 64],",
                  "    }",
                  "",
                  "    let edge_symbols = [",
                  "        b'A', b'B', b'C', b'D', b'E', b'F', b'G', b'H',",
                  "        b'I', b'J', b'K', b'L', b'M', b'N', b'O', b'P',",
                  "        b'Q', b'R', b'S', b'T', b'U', b'V', b'W', b'X',",
                  "        b'Y', b'Z', b'a', b'b', b'c', b'd', b'e', b'f',",
                  "        b'g', b'h', b'i', b'j', b'k', b'l', b'm', b'n',",
                  "        b'o', b'p', b'q', b'r', b's', b't', b'u', b'v',",
                  "        b'w', b'x', b'y', b'z', b'0', b'1', b'2', b'3',",
                  "        b'4', b'5', b'6', b'7', b'8', b'9', b'+', b'/',",
                  "    ];",
                  "    let alphabet_edge = Alphabet { symbols: edge_symbols };",
                  "    ",
                  "    let result = decode_table(&alphabet_edge);",
                  "",
                  "    // Check that the last index (63) is correctly handled",
                  "    assert_eq!(result[alphabet_edge.symbols[63] as usize], 63 as u8);",
                  "}"
                ]
              ],
              "can_compile": [
                {
                  "Err": "   Compiling proc-macro2 v1.0.94\n   Compiling crossbeam-utils v0.8.21\n   Compiling syn v1.0.109\n   Compiling libc v0.2.171\n   Compiling semver v1.0.26\n   Compiling rustix v0.38.44\n   Compiling slab v0.4.9\n   Compiling proc-macro-error-attr v1.0.4\n   Compiling zerocopy v0.8.24\n   Compiling serde v1.0.219\n   Compiling proc-macro-error v1.0.4\n   Compiling indexmap v1.9.3\n   Compiling num-traits v0.2.19\n   Compiling rustversion v1.0.20\n   Compiling rayon-core v1.12.1\n   Compiling serde_json v1.0.140\n   Compiling rustc_version v0.4.1\n   Compiling rstest_macros v0.13.0\n   Compiling rstest_reuse v0.6.0\n   Compiling concurrent-queue v2.5.0\n   Compiling crossbeam-epoch v0.9.18\n   Compiling quote v1.0.40\n   Compiling event-listener v5.4.0\n   Compiling async-executor v1.13.1\n   Compiling async-channel v1.9.0\n   Compiling crossbeam-deque v0.8.6\n   Compiling syn v2.0.100\n   Compiling plotters v0.3.7\n   Compiling event-listener-strategy v0.5.4\n   Compiling async-lock v3.4.0\n   Compiling async-channel v2.3.1\n   Compiling blocking v1.6.1\n   Compiling rayon v1.10.0\n   Compiling getrandom v0.2.15\n   Compiling atty v0.2.14\n   Compiling ppv-lite86 v0.2.21\n   Compiling rand_core v0.6.4\n   Compiling rand_chacha v0.3.1\n   Compiling rand v0.8.5\n   Compiling polling v3.7.4\n   Compiling async-io v2.4.0\n   Compiling async-global-executor v2.4.1\n   Compiling serde_derive v1.0.219\n   Compiling futures-macro v0.3.31\n   Compiling strum_macros v0.25.3\n   Compiling async-attributes v1.1.2\n   Compiling clap_derive v3.2.25\n   Compiling ntest_test_cases v0.9.3\n   Compiling ntest_timeout v0.9.3\n   Compiling async-std v1.13.1\n   Compiling ntest v0.9.3\n   Compiling futures-util v0.3.31\n   Compiling strum v0.25.0\n   Compiling clap v3.2.25\n   Compiling futures-executor v0.3.31\n   Compiling futures v0.3.31\n   Compiling rstest v0.13.0\n   Compiling ciborium v0.2.2\n   Compiling tinytemplate v1.2.1\n   Compiling criterion v0.4.0\n   Compiling base64 v0.22.1 (/home/abezbm/rust-utgen-test-crates-new/rust-base64)\nwarning: unused import: `rstest_reuse`\n   --> src/lib.rs:272:5\n    |\n272 | use rstest_reuse;\n    |     ^^^^^^^^^^^^\n    |\n    = note: `#[warn(unused_imports)]` on by default\n\nwarning: unused import: `PAD`\n  --> src/chunked_encoder.rs:82:73\n   |\n82 |         engine::general_purpose::{GeneralPurpose, GeneralPurposeConfig, PAD},\n   |                                                                         ^^^\n\nwarning: unused import: `chunked_encode_matches_normal_encode_random`\n  --> src/display.rs:58:9\n   |\n58 |         chunked_encode_matches_normal_encode_random, SinkTestHelper,\n   |         ^^^^^^^^^^^^^^^^^^^^^^^^^^^^^^^^^^^^^^^^^^^\n\nwarning: unused import: `crate::engine::general_purpose::STANDARD`\n  --> src/display.rs:61:9\n   |\n61 |     use crate::engine::general_purpose::STANDARD;\n   |         ^^^^^^^^^^^^^^^^^^^^^^^^^^^^^^^^^^^^^^^^\n\nwarning: unused import: `iter`\n --> src/read/decoder_tests.rs:4:5\n  |\n4 |     iter,\n  |     ^^^^\n\nwarning: unused import: `RngCore as _`\n --> src/read/decoder_tests.rs:7:22\n  |\n7 | use rand::{Rng as _, RngCore as _};\n  |                      ^^^^^^^^^^^^\n\nwarning: unused imports: `BUF_SIZE` and `DecoderReader`\n --> src/read/decoder_tests.rs:9:22\n  |\n9 | use super::decoder::{DecoderReader, BUF_SIZE};\n  |                      ^^^^^^^^^^^^^  ^^^^^^^^\n\nwarning: unused imports: `DecodeError`, `Engine`, `GeneralPurpose`, `PAD_BYTE`, `alphabet`, `general_purpose::STANDARD`, `random_alphabet`, `random_config`, and `random_engine`\n  --> src/read/decoder_tests.rs:11:5\n   |\n11 |     alphabet,\n   |     ^^^^^^^^\n12 |     engine::{general_purpose::STANDARD, Engine, GeneralPurpose},\n   |              ^^^^^^^^^^^^^^^^^^^^^^^^^  ^^^^^^  ^^^^^^^^^^^^^^\n13 |     tests::{random_alphabet, random_config, random_engine},\n   |             ^^^^^^^^^^^^^^^  ^^^^^^^^^^^^^  ^^^^^^^^^^^^^\n14 |     DecodeError, PAD_BYTE,\n   |     ^^^^^^^^^^^  ^^^^^^^^\n\nwarning: unused imports: `engine::Engine`, `tests::random_engine`, and `write::encoder_string_writer::EncoderStringWriter`\n   --> src/write/encoder_string_writer.rs:139:9\n    |\n139 |         engine::Engine, tests::random_engine, write::encoder_string_writer::EncoderStringWriter,\n    |         ^^^^^^^^^^^^^^  ^^^^^^^^^^^^^^^^^^^^  ^^^^^^^^^^^^^^^^^^^^^^^^^^^^^^^^^^^^^^^^^^^^^^^^^\n\nwarning: unused import: `rand::Rng`\n   --> src/write/encoder_string_writer.rs:141:9\n    |\n141 |     use rand::Rng;\n    |         ^^^^^^^^^\n\nwarning: unused import: `std::cmp`\n   --> src/write/encoder_string_writer.rs:142:9\n    |\n142 |     use std::cmp;\n    |         ^^^^^^^^\n\nwarning: unused import: `std::io::Write`\n   --> src/write/encoder_string_writer.rs:143:9\n    |\n143 |     use std::io::Write;\n    |         ^^^^^^^^^^^^^^\n\nwarning: unused import: `Cursor`\n --> src/write/encoder_tests.rs:1:15\n  |\n1 | use std::io::{Cursor, Write};\n  |               ^^^^^^\n\nwarning: unused import: `super::*`\n   --> src/engine/general_purpose/decode.rs:302:9\n    |\n302 |     use super::*;\n    |         ^^^^^^^^\n\nwarning: unused import: `crate::engine::general_purpose::STANDARD`\n   --> src/engine/general_purpose/decode.rs:304:9\n    |\n304 |     use crate::engine::general_purpose::STANDARD;\n    |         ^^^^^^^^^^^^^^^^^^^^^^^^^^^^^^^^^^^^^^^^\n\nwarning: unused import: `ntest::timeout`\n   --> src/engine/general_purpose/mod.rs:393:8\n    |\n393 |    use ntest::timeout;\n    |        ^^^^^^^^^^^^^^\n\nwarning: unused import: `crate::alphabet::*`\n   --> src/alphabet.rs:211:9\n    |\n211 |     use crate::alphabet::*;\n    |         ^^^^^^^^^^^^^^^^^^\n\nwarning: unused import: `core::convert::TryFrom as _`\n   --> src/alphabet.rs:212:9\n    |\n212 |     use core::convert::TryFrom as _;\n    |         ^^^^^^^^^^^^^^^^^^^^^^^^^^^\n\nwarning: unused imports: `STANDARD`, `random_config`, and `random_engine`\n   --> src/encode.rs:169:59\n    |\n169 |         engine::general_purpose::{GeneralPurpose, NO_PAD, STANDARD},\n    |                                                           ^^^^^^^^\n170 |         tests::{assert_encode_sanity, random_config, random_engine},\n    |                                       ^^^^^^^^^^^^^  ^^^^^^^^^^^^^\n\nwarning: unused imports: `Distribution` and `Uniform`\n   --> src/encode.rs:173:25\n    |\n173 |         distributions::{Distribution, Uniform},\n    |                         ^^^^^^^^^^^^  ^^^^^^^\n\nwarning: unused import: `std::str`\n   --> src/encode.rs:176:9\n    |\n176 |     use std::str;\n    |         ^^^^^^^^\n\nwarning: unused imports: `alphabet` and `general_purpose`\n   --> src/decode.rs:160:9\n    |\n160 |         alphabet,\n    |         ^^^^^^^^\n161 |         engine::{general_purpose, Config, GeneralPurpose},\n    |                  ^^^^^^^^^^^^^^^\n\nwarning: unused import: `super::*`\n   --> src/decode.rs:348:9\n    |\n348 |     use super::*;\n    |         ^^^^^^^^\n\nwarning: unused import: `std::error::Error`\n   --> src/decode.rs:349:9\n    |\n349 |     use std::error::Error;\n    |         ^^^^^^^^^^^^^^^^^\n\nerror[E0308]: mismatched types\n   --> src/engine/general_purpose/mod.rs:414:31\n    |\n414 |     let result = decode_table(&alphabet_edge);\n    |                  ------------ ^^^^^^^^^^^^^^ expected `alphabet::Alphabet`, found `Alphabet`\n    |                  |\n    |                  arguments to this function are incorrect\n    |\n    = note: `Alphabet` and `alphabet::Alphabet` have similar names, but are actually distinct types\nnote: `Alphabet` is defined in module `crate::engine::general_purpose::llmtests` of the current crate\n   --> src/engine/general_purpose/mod.rs:398:5\n    |\n398 |     struct Alphabet {\n    |     ^^^^^^^^^^^^^^^\nnote: `alphabet::Alphabet` is defined in module `crate::alphabet` of the current crate\n   --> src/alphabet.rs:55:1\n    |\n55  | pub struct Alphabet {\n    | ^^^^^^^^^^^^^^^^^^^\nnote: function defined here\n   --> src/engine/general_purpose/mod.rs:214:21\n    |\n214 | pub(crate) const fn decode_table(alphabet: &Alphabet) -> [u8; 256] {\n    |                     ^^^^^^^^^^^^ -------------------\n\nerror: trivial numeric cast: `u8` as `u8`\n   --> src/engine/general_purpose/mod.rs:417:60\n    |\n417 |     assert_eq!(result[alphabet_edge.symbols[63] as usize], 63 as u8);\n    |                                                            ^^^^^^^^\n    |\n    = help: cast can be replaced by coercion; this might require a temporary variable\nnote: the lint level is defined here\n   --> src/lib.rs:255:5\n    |\n255 |     trivial_numeric_casts,\n    |     ^^^^^^^^^^^^^^^^^^^^^\n\nwarning: unused import: `Read`\n --> src/read/decoder_tests.rs:3:16\n  |\n3 |     io::{self, Read as _},\n  |                ^^^^\n\nFor more information about this error, try `rustc --explain E0308`.\nwarning: `base64` (lib test) generated 25 warnings\nerror: could not compile `base64` (lib test) due to 2 previous errors; 25 warnings emitted\n"
                }
              ],
              "repaired": [
                false
              ]
            }
          ]
        }
      ]
    }
  ]
}