{
  "name": "indexmap::map::core::entry::map::core::entry::OccupiedEntry<'a, K, V>::remove_entry",
  "name_with_impl": "indexmap::map::core::entry::{impl#3}::remove_entry",
  "mod_info": {
    "name": "map::core::entry",
    "loc": "src/map/core.rs:10:1:10:11"
  },
  "visible": true,
  "loc": "src/map/core/entry.rs:257:5:259:6",
  "fn_tests": [
    {
      "chain_id": 1,
      "prompt_conds": [],
      "input_infer": "",
      "answers": [
        {
          "uses": [],
          "has_test_mod": false,
          "common": [],
          "chain_tests": [
            {
              "attrs": [],
              "prefix": [],
              "oracles": [],
              "codes": [
                [
                  "{",
                  "    struct TestMap {",
                  "        data: Vec<(i32, String)>,",
                  "    }",
                  "",
                  "    impl TestMap {",
                  "        pub fn new() -> Self {",
                  "            TestMap { data: Vec::new() }",
                  "        }",
                  "",
                  "        pub fn insert(&mut self, key: i32, value: String) {",
                  "            self.data.push((key, value));",
                  "        }",
                  "",
                  "        pub fn swap_remove_entry(&mut self, index: usize) -> (i32, String) {",
                  "            let len = self.data.len();",
                  "            if index >= len {",
                  "                panic!(\"Index out of bounds\");",
                  "            }",
                  "            self.data.swap_remove(index)",
                  "        }",
                  "",
                  "        pub fn remove_entry(self, index: usize) -> (i32, String) {",
                  "            self.swap_remove_entry(index)",
                  "        }",
                  "",
                  "        pub fn len(&self) -> usize {",
                  "            self.data.len()",
                  "        }",
                  "    }",
                  "",
                  "    let mut map = TestMap::new();",
                  "    map.insert(1, \"one\".to_string());",
                  "    map.insert(2, \"two\".to_string());",
                  "    map.insert(3, \"three\".to_string());",
                  "    ",
                  "    let (key, value) = map.remove_entry(1);",
                  "    assert_eq!(key, 2);",
                  "    assert_eq!(value, \"two\".to_string());",
                  "    assert_eq!(map.len(), 2);",
                  "}"
                ]
              ],
              "can_compile": [
                {
                  "Err": "   Compiling libc v0.2.172\n   Compiling proc-macro2 v1.0.95\n   Compiling zerocopy v0.8.25\n   Compiling syn v1.0.109\n   Compiling getrandom v0.3.2\n   Compiling quote v1.0.40\n   Compiling syn v2.0.101\n   Compiling getrandom v0.2.16\n   Compiling rand_core v0.6.4\n   Compiling rand_core v0.9.3\n   Compiling rand v0.8.5\n   Compiling quickcheck v1.0.3\n   Compiling ppv-lite86 v0.2.21\n   Compiling rand_chacha v0.9.0\n   Compiling rand v0.9.1\n   Compiling serde_derive v1.0.219\n   Compiling ntest_test_cases v0.9.3\n   Compiling ntest_timeout v0.9.3\n   Compiling ntest v0.9.3\n   Compiling indexmap v2.9.0 (/home/abezbm/rust-utgen-test-crates-new/indexmap)\nwarning: unused import: `super::*`\n   --> src/map/core/entry.rs:574:8\n    |\n574 |    use super::*;\n    |        ^^^^^^^^\n    |\n    = note: `#[warn(unused_imports)]` on by default\n\nwarning: unused import: `ntest::timeout`\n   --> src/map/core/entry.rs:575:8\n    |\n575 |    use ntest::timeout;\n    |        ^^^^^^^^^^^^^^\n\nwarning: unused import: `super::*`\n   --> src/map/slice.rs:520:9\n    |\n520 |     use super::*;\n    |         ^^^^^^^^\n\nwarning: unused import: `super::*`\n --> src/map/tests.rs:1:5\n  |\n1 | use super::*;\n  |     ^^^^^^^^\n\nwarning: unused import: `std::string::String`\n --> src/map/tests.rs:2:5\n  |\n2 | use std::string::String;\n  |     ^^^^^^^^^^^^^^^^^^^\n\nwarning: unused macro definition: `move_index_oob`\n   --> src/map/tests.rs:817:14\n    |\n817 | macro_rules! move_index_oob {\n    |              ^^^^^^^^^^^^^^\n    |\n    = note: `#[warn(unused_macros)]` on by default\n\nwarning: unused import: `super::*`\n   --> src/set/slice.rs:334:9\n    |\n334 |     use super::*;\n    |         ^^^^^^^^\n\nwarning: unused import: `super::*`\n --> src/set/tests.rs:1:5\n  |\n1 | use super::*;\n  |     ^^^^^^^^\n\nwarning: unused import: `std::string::String`\n --> src/set/tests.rs:2:5\n  |\n2 | use std::string::String;\n  |     ^^^^^^^^^^^^^^^^^^^\n\nerror[E0382]: borrow of moved value: `map`\n   --> src/map/core/entry.rs:617:16\n    |\n609 |     let mut map = TestMap::new();\n    |         ------- move occurs because `map` has type `TestMap`, which does not implement the `Copy` trait\n...\n614 |     let (key, value) = map.remove_entry(1);\n    |                            --------------- `map` moved due to this method call\n...\n617 |     assert_eq!(map.len(), 2);\n    |                ^^^ value borrowed here after move\n    |\nnote: `TestMap::remove_entry` takes ownership of the receiver `self`, which moves `map`\n   --> src/map/core/entry.rs:600:29\n    |\n600 |         pub fn remove_entry(self, index: usize) -> (i32, String) {\n    |                             ^^^^\n\nerror[E0596]: cannot borrow `self` as mutable, as it is not declared as mutable\n   --> src/map/core/entry.rs:601:13\n    |\n601 |             self.swap_remove_entry(index)\n    |             ^^^^ cannot borrow as mutable\n    |\nhelp: consider changing this to be mutable\n    |\n600 |         pub fn remove_entry(mut self, index: usize) -> (i32, String) {\n    |                             +++\n\nSome errors have detailed explanations: E0382, E0596.\nFor more information about an error, try `rustc --explain E0382`.\nwarning: `indexmap` (lib test) generated 9 warnings\nerror: could not compile `indexmap` (lib test) due to 2 previous errors; 9 warnings emitted\n"
                }
              ],
              "repaired": [
                false
              ]
            },
            {
              "attrs": [
                "#[should_panic(expected = \"Index out of bounds\")]"
              ],
              "prefix": [],
              "oracles": [],
              "codes": [
                [
                  "{",
                  "    struct TestMap {",
                  "        data: Vec<(i32, String)>,",
                  "    }",
                  "",
                  "    impl TestMap {",
                  "        pub fn new() -> Self {",
                  "            TestMap { data: Vec::new() }",
                  "        }",
                  "",
                  "        pub fn swap_remove_entry(&mut self, index: usize) -> (i32, String) {",
                  "            let len = self.data.len();",
                  "            if index >= len {",
                  "                panic!(\"Index out of bounds\");",
                  "            }",
                  "            self.data.swap_remove(index)",
                  "        }",
                  "",
                  "        pub fn remove_entry(self, index: usize) -> (i32, String) {",
                  "            self.swap_remove_entry(index)",
                  "        }",
                  "    }",
                  "",
                  "    let map = TestMap::new();",
                  "    let _ = map.remove_entry(0); // This should panic",
                  "}"
                ]
              ],
              "can_compile": [
                {
                  "Err": "   Compiling libc v0.2.172\n   Compiling proc-macro2 v1.0.95\n   Compiling syn v1.0.109\n   Compiling zerocopy v0.8.25\n   Compiling getrandom v0.3.2\n   Compiling quote v1.0.40\n   Compiling syn v2.0.101\n   Compiling getrandom v0.2.16\n   Compiling rand_core v0.6.4\n   Compiling rand_core v0.9.3\n   Compiling rand v0.8.5\n   Compiling quickcheck v1.0.3\n   Compiling ppv-lite86 v0.2.21\n   Compiling rand_chacha v0.9.0\n   Compiling rand v0.9.1\n   Compiling serde_derive v1.0.219\n   Compiling ntest_test_cases v0.9.3\n   Compiling ntest_timeout v0.9.3\n   Compiling ntest v0.9.3\n   Compiling indexmap v2.9.0 (/home/abezbm/rust-utgen-test-crates-new/indexmap)\nwarning: unused import: `super::*`\n   --> src/map/core/entry.rs:574:8\n    |\n574 |    use super::*;\n    |        ^^^^^^^^\n    |\n    = note: `#[warn(unused_imports)]` on by default\n\nwarning: unused import: `ntest::timeout`\n   --> src/map/core/entry.rs:575:8\n    |\n575 |    use ntest::timeout;\n    |        ^^^^^^^^^^^^^^\n\nwarning: unused import: `super::*`\n   --> src/map/slice.rs:520:9\n    |\n520 |     use super::*;\n    |         ^^^^^^^^\n\nwarning: unused import: `super::*`\n --> src/map/tests.rs:1:5\n  |\n1 | use super::*;\n  |     ^^^^^^^^\n\nwarning: unused import: `std::string::String`\n --> src/map/tests.rs:2:5\n  |\n2 | use std::string::String;\n  |     ^^^^^^^^^^^^^^^^^^^\n\nwarning: unused macro definition: `move_index_oob`\n   --> src/map/tests.rs:817:14\n    |\n817 | macro_rules! move_index_oob {\n    |              ^^^^^^^^^^^^^^\n    |\n    = note: `#[warn(unused_macros)]` on by default\n\nwarning: unused import: `super::*`\n   --> src/set/slice.rs:334:9\n    |\n334 |     use super::*;\n    |         ^^^^^^^^\n\nwarning: unused import: `super::*`\n --> src/set/tests.rs:1:5\n  |\n1 | use super::*;\n  |     ^^^^^^^^\n\nwarning: unused import: `std::string::String`\n --> src/set/tests.rs:2:5\n  |\n2 | use std::string::String;\n  |     ^^^^^^^^^^^^^^^^^^^\n\nerror[E0596]: cannot borrow `self` as mutable, as it is not declared as mutable\n   --> src/map/core/entry.rs:598:13\n    |\n598 |             self.swap_remove_entry(index)\n    |             ^^^^ cannot borrow as mutable\n    |\nhelp: consider changing this to be mutable\n    |\n597 |         pub fn remove_entry(mut self, index: usize) -> (i32, String) {\n    |                             +++\n\nFor more information about this error, try `rustc --explain E0596`.\nwarning: `indexmap` (lib test) generated 9 warnings\nerror: could not compile `indexmap` (lib test) due to 1 previous error; 9 warnings emitted\n"
                }
              ],
              "repaired": [
                false
              ]
            },
            {
              "attrs": [],
              "prefix": [],
              "oracles": [],
              "codes": [
                [
                  "{",
                  "    struct TestMap {",
                  "        data: Vec<(i32, String)>,",
                  "    }",
                  "",
                  "    impl TestMap {",
                  "        pub fn new() -> Self {",
                  "            TestMap { data: Vec::new() }",
                  "        }",
                  "",
                  "        pub fn insert(&mut self, key: i32, value: String) {",
                  "            self.data.push((key, value));",
                  "        }",
                  "",
                  "        pub fn swap_remove_entry(&mut self, index: usize) -> (i32, String) {",
                  "            let len = self.data.len();",
                  "            if index >= len {",
                  "                panic!(\"Index out of bounds\");",
                  "            }",
                  "            self.data.swap_remove(index)",
                  "        }",
                  "",
                  "        pub fn remove_entry(self, index: usize) -> (i32, String) {",
                  "            self.swap_remove_entry(index)",
                  "        }",
                  "",
                  "        pub fn len(&self) -> usize {",
                  "            self.data.len()",
                  "        }",
                  "    }",
                  "",
                  "    let mut map = TestMap::new();",
                  "    map.insert(1, \"one\".to_string());",
                  "    map.insert(2, \"two\".to_string());",
                  "    ",
                  "    // remove last entry",
                  "    let (key, value) = map.remove_entry(1);",
                  "    assert_eq!(key, 2);",
                  "    assert_eq!(value, \"two\".to_string());",
                  "    assert_eq!(map.len(), 1);",
                  "}"
                ]
              ],
              "can_compile": [
                {
                  "Err": "   Compiling libc v0.2.172\n   Compiling proc-macro2 v1.0.95\n   Compiling zerocopy v0.8.25\n   Compiling syn v1.0.109\n   Compiling getrandom v0.3.2\n   Compiling quote v1.0.40\n   Compiling syn v2.0.101\n   Compiling getrandom v0.2.16\n   Compiling rand_core v0.6.4\n   Compiling rand_core v0.9.3\n   Compiling rand v0.8.5\n   Compiling quickcheck v1.0.3\n   Compiling ppv-lite86 v0.2.21\n   Compiling rand_chacha v0.9.0\n   Compiling rand v0.9.1\n   Compiling serde_derive v1.0.219\n   Compiling ntest_timeout v0.9.3\n   Compiling ntest_test_cases v0.9.3\n   Compiling ntest v0.9.3\n   Compiling indexmap v2.9.0 (/home/abezbm/rust-utgen-test-crates-new/indexmap)\nwarning: unused import: `super::*`\n   --> src/map/core/entry.rs:574:8\n    |\n574 |    use super::*;\n    |        ^^^^^^^^\n    |\n    = note: `#[warn(unused_imports)]` on by default\n\nwarning: unused import: `ntest::timeout`\n   --> src/map/core/entry.rs:575:8\n    |\n575 |    use ntest::timeout;\n    |        ^^^^^^^^^^^^^^\n\nwarning: unused import: `super::*`\n   --> src/map/slice.rs:520:9\n    |\n520 |     use super::*;\n    |         ^^^^^^^^\n\nwarning: unused import: `super::*`\n --> src/map/tests.rs:1:5\n  |\n1 | use super::*;\n  |     ^^^^^^^^\n\nwarning: unused import: `std::string::String`\n --> src/map/tests.rs:2:5\n  |\n2 | use std::string::String;\n  |     ^^^^^^^^^^^^^^^^^^^\n\nwarning: unused macro definition: `move_index_oob`\n   --> src/map/tests.rs:817:14\n    |\n817 | macro_rules! move_index_oob {\n    |              ^^^^^^^^^^^^^^\n    |\n    = note: `#[warn(unused_macros)]` on by default\n\nwarning: unused import: `super::*`\n   --> src/set/slice.rs:334:9\n    |\n334 |     use super::*;\n    |         ^^^^^^^^\n\nwarning: unused import: `super::*`\n --> src/set/tests.rs:1:5\n  |\n1 | use super::*;\n  |     ^^^^^^^^\n\nwarning: unused import: `std::string::String`\n --> src/set/tests.rs:2:5\n  |\n2 | use std::string::String;\n  |     ^^^^^^^^^^^^^^^^^^^\n\nerror[E0382]: borrow of moved value: `map`\n   --> src/map/core/entry.rs:617:16\n    |\n609 |     let mut map = TestMap::new();\n    |         ------- move occurs because `map` has type `TestMap`, which does not implement the `Copy` trait\n...\n614 |     let (key, value) = map.remove_entry(1);\n    |                            --------------- `map` moved due to this method call\n...\n617 |     assert_eq!(map.len(), 1);\n    |                ^^^ value borrowed here after move\n    |\nnote: `TestMap::remove_entry` takes ownership of the receiver `self`, which moves `map`\n   --> src/map/core/entry.rs:600:29\n    |\n600 |         pub fn remove_entry(self, index: usize) -> (i32, String) {\n    |                             ^^^^\n\nerror[E0596]: cannot borrow `self` as mutable, as it is not declared as mutable\n   --> src/map/core/entry.rs:601:13\n    |\n601 |             self.swap_remove_entry(index)\n    |             ^^^^ cannot borrow as mutable\n    |\nhelp: consider changing this to be mutable\n    |\n600 |         pub fn remove_entry(mut self, index: usize) -> (i32, String) {\n    |                             +++\n\nSome errors have detailed explanations: E0382, E0596.\nFor more information about an error, try `rustc --explain E0382`.\nwarning: `indexmap` (lib test) generated 9 warnings\nerror: could not compile `indexmap` (lib test) due to 2 previous errors; 9 warnings emitted\n"
                }
              ],
              "repaired": [
                false
              ]
            },
            {
              "attrs": [
                "#[should_panic(expected = \"Index out of bounds\")]"
              ],
              "prefix": [],
              "oracles": [],
              "codes": [
                [
                  "{",
                  "    struct TestMap {",
                  "        data: Vec<(i32, String)>,",
                  "    }",
                  "",
                  "    impl TestMap {",
                  "        pub fn new() -> Self {",
                  "            TestMap { data: Vec::new() }",
                  "        }",
                  "",
                  "        pub fn insert(&mut self, key: i32, value: String) {",
                  "            self.data.push((key, value));",
                  "        }",
                  "",
                  "        pub fn swap_remove_entry(&mut self, index: usize) -> (i32, String) {",
                  "            let len = self.data.len();",
                  "            if index >= len {",
                  "                panic!(\"Index out of bounds\");",
                  "            }",
                  "            self.data.swap_remove(index)",
                  "        }",
                  "",
                  "        pub fn remove_entry(self, index: usize) -> (i32, String) {",
                  "            self.swap_remove_entry(index)",
                  "        }",
                  "    }",
                  "",
                  "    let mut map = TestMap::new();",
                  "    map.insert(1, \"one\".to_string());",
                  "    map.insert(2, \"two\".to_string());",
                  "    ",
                  "    let _ = map.remove_entry(3); // This should panic",
                  "}"
                ]
              ],
              "can_compile": [
                {
                  "Err": "   Compiling libc v0.2.172\n   Compiling proc-macro2 v1.0.95\n   Compiling syn v1.0.109\n   Compiling zerocopy v0.8.25\n   Compiling getrandom v0.3.2\n   Compiling quote v1.0.40\n   Compiling syn v2.0.101\n   Compiling getrandom v0.2.16\n   Compiling rand_core v0.6.4\n   Compiling rand_core v0.9.3\n   Compiling rand v0.8.5\n   Compiling quickcheck v1.0.3\n   Compiling ppv-lite86 v0.2.21\n   Compiling rand_chacha v0.9.0\n   Compiling rand v0.9.1\n   Compiling serde_derive v1.0.219\n   Compiling ntest_test_cases v0.9.3\n   Compiling ntest_timeout v0.9.3\n   Compiling ntest v0.9.3\n   Compiling indexmap v2.9.0 (/home/abezbm/rust-utgen-test-crates-new/indexmap)\nwarning: unused import: `super::*`\n   --> src/map/core/entry.rs:574:8\n    |\n574 |    use super::*;\n    |        ^^^^^^^^\n    |\n    = note: `#[warn(unused_imports)]` on by default\n\nwarning: unused import: `ntest::timeout`\n   --> src/map/core/entry.rs:575:8\n    |\n575 |    use ntest::timeout;\n    |        ^^^^^^^^^^^^^^\n\nwarning: unused import: `super::*`\n   --> src/map/slice.rs:520:9\n    |\n520 |     use super::*;\n    |         ^^^^^^^^\n\nwarning: unused import: `super::*`\n --> src/map/tests.rs:1:5\n  |\n1 | use super::*;\n  |     ^^^^^^^^\n\nwarning: unused import: `std::string::String`\n --> src/map/tests.rs:2:5\n  |\n2 | use std::string::String;\n  |     ^^^^^^^^^^^^^^^^^^^\n\nwarning: unused macro definition: `move_index_oob`\n   --> src/map/tests.rs:817:14\n    |\n817 | macro_rules! move_index_oob {\n    |              ^^^^^^^^^^^^^^\n    |\n    = note: `#[warn(unused_macros)]` on by default\n\nwarning: unused import: `super::*`\n   --> src/set/slice.rs:334:9\n    |\n334 |     use super::*;\n    |         ^^^^^^^^\n\nwarning: unused import: `super::*`\n --> src/set/tests.rs:1:5\n  |\n1 | use super::*;\n  |     ^^^^^^^^\n\nwarning: unused import: `std::string::String`\n --> src/set/tests.rs:2:5\n  |\n2 | use std::string::String;\n  |     ^^^^^^^^^^^^^^^^^^^\n\nerror[E0596]: cannot borrow `self` as mutable, as it is not declared as mutable\n   --> src/map/core/entry.rs:602:13\n    |\n602 |             self.swap_remove_entry(index)\n    |             ^^^^ cannot borrow as mutable\n    |\nhelp: consider changing this to be mutable\n    |\n601 |         pub fn remove_entry(mut self, index: usize) -> (i32, String) {\n    |                             +++\n\nFor more information about this error, try `rustc --explain E0596`.\nwarning: `indexmap` (lib test) generated 9 warnings\nerror: could not compile `indexmap` (lib test) due to 1 previous error; 9 warnings emitted\n"
                }
              ],
              "repaired": [
                false
              ]
            }
          ]
        }
      ]
    }
  ]
}