{
  "name": "indexmap::map::map::IndexMap<K, V, S>::get_mut",
  "name_with_impl": "indexmap::map::{impl#6}::get_mut",
  "mod_info": {
    "name": "map",
    "loc": "src/lib.rs:122:1:122:13"
  },
  "visible": true,
  "loc": "src/map.rs:769:5:779:6",
  "fn_tests": [
    {
      "chain_id": 1,
      "prompt_conds": [
        "// constraint: self.get_index_of(key) matches Some(i) is false\n",
        "// expected return value/type: None\n"
      ],
      "input_infer": "",
      "answers": [
        {
          "uses": [],
          "has_test_mod": false,
          "common": [],
          "chain_tests": [
            {
              "attrs": [],
              "prefix": [],
              "oracles": [],
              "codes": [
                [
                  "{",
                  "    struct TestMap {",
                  "        data: Vec<(String, i32)>,",
                  "    }",
                  "",
                  "    impl TestMap {",
                  "        fn new() -> Self {",
                  "            Self { data: Vec::new() }",
                  "        }",
                  "",
                  "        fn get_index_of<Q>(&self, key: &Q) -> Option<usize>",
                  "        where",
                  "            Q: ?Sized + Hash + Equivalent<String>,",
                  "        {",
                  "            for (i, (k, _)) in self.data.iter().enumerate() {",
                  "                if k == key {",
                  "                    return Some(i);",
                  "                }",
                  "            }",
                  "            None",
                  "        }",
                  "",
                  "        fn as_entries_mut(&mut self) -> &mut Vec<(String, i32)> {",
                  "            &mut self.data",
                  "        }",
                  "",
                  "        fn get_mut<Q>(&mut self, key: &Q) -> Option<&mut i32>",
                  "        where",
                  "            Q: ?Sized + Hash + Equivalent<String>,",
                  "        {",
                  "            if let Some(i) = self.get_index_of(key) {",
                  "                let entry = &mut self.as_entries_mut()[i];",
                  "                Some(&mut entry.1)",
                  "            } else {",
                  "                None",
                  "            }",
                  "        }",
                  "    }",
                  "",
                  "    let mut map = TestMap::new();",
                  "    map.data.push((String::from(\"key1\"), 100));",
                  "    ",
                  "    // Attempt to get a mutable reference for a key that does not exist",
                  "    let result = map.get_mut(\"non_existent_key\");",
                  "    assert!(result.is_none());",
                  "}"
                ]
              ],
              "can_compile": [
                {
                  "Err": "   Compiling libc v0.2.172\n   Compiling proc-macro2 v1.0.95\n   Compiling zerocopy v0.8.25\n   Compiling syn v1.0.109\n   Compiling getrandom v0.3.2\n   Compiling quote v1.0.40\n   Compiling syn v2.0.101\n   Compiling getrandom v0.2.16\n   Compiling rand_core v0.6.4\n   Compiling rand_core v0.9.3\n   Compiling rand v0.8.5\n   Compiling quickcheck v1.0.3\n   Compiling ppv-lite86 v0.2.21\n   Compiling rand_chacha v0.9.0\n   Compiling rand v0.9.1\n   Compiling serde_derive v1.0.219\n   Compiling ntest_test_cases v0.9.3\n   Compiling ntest_timeout v0.9.3\n   Compiling ntest v0.9.3\n   Compiling indexmap v2.9.0 (/home/abezbm/rust-utgen-test-crates-new/indexmap)\nwarning: unused import: `super::*`\n   --> src/map/slice.rs:520:9\n    |\n520 |     use super::*;\n    |         ^^^^^^^^\n    |\n    = note: `#[warn(unused_imports)]` on by default\n\nwarning: unused import: `super::*`\n --> src/map/tests.rs:1:5\n  |\n1 | use super::*;\n  |     ^^^^^^^^\n\nwarning: unused import: `std::string::String`\n --> src/map/tests.rs:2:5\n  |\n2 | use std::string::String;\n  |     ^^^^^^^^^^^^^^^^^^^\n\nwarning: unused macro definition: `move_index_oob`\n   --> src/map/tests.rs:817:14\n    |\n817 | macro_rules! move_index_oob {\n    |              ^^^^^^^^^^^^^^\n    |\n    = note: `#[warn(unused_macros)]` on by default\n\nwarning: unused import: `ntest::timeout`\n    --> src/map.rs:1655:8\n     |\n1655 |    use ntest::timeout;\n     |        ^^^^^^^^^^^^^^\n\nwarning: unused import: `super::*`\n   --> src/set/slice.rs:334:9\n    |\n334 |     use super::*;\n    |         ^^^^^^^^\n\nwarning: unused import: `super::*`\n --> src/set/tests.rs:1:5\n  |\n1 | use super::*;\n  |     ^^^^^^^^\n\nwarning: unused import: `std::string::String`\n --> src/set/tests.rs:2:5\n  |\n2 | use std::string::String;\n  |     ^^^^^^^^^^^^^^^^^^^\n\nerror[E0277]: can't compare `String` with `Q`\n    --> src/map.rs:1673:22\n     |\n1673 |                 if k == key {\n     |                      ^^ no implementation for `String == Q`\n     |\n     = help: the trait `PartialEq<Q>` is not implemented for `String`, which is required by `&String: PartialEq<&Q>`\n     = note: required for `&String` to implement `PartialEq<&Q>`\nhelp: consider introducing a `where` clause, but there might be an alternative better way to express this requirement\n     |\n1663 |     impl TestMap where String: PartialEq<Q> {\n     |                  ++++++++++++++++++++++++++\n\nFor more information about this error, try `rustc --explain E0277`.\nwarning: `indexmap` (lib test) generated 8 warnings\nerror: could not compile `indexmap` (lib test) due to 1 previous error; 8 warnings emitted\n"
                }
              ],
              "repaired": [
                false
              ]
            },
            {
              "attrs": [],
              "prefix": [],
              "oracles": [],
              "codes": [
                [
                  "{",
                  "    struct TestMap {",
                  "        data: Vec<(String, i32)>,",
                  "    }",
                  "",
                  "    impl TestMap {",
                  "        fn new() -> Self {",
                  "            Self { data: Vec::new() }",
                  "        }",
                  "",
                  "        fn get_index_of<Q>(&self, key: &Q) -> Option<usize>",
                  "        where",
                  "            Q: ?Sized + Hash + Equivalent<String>,",
                  "        {",
                  "            for (i, (k, _)) in self.data.iter().enumerate() {",
                  "                if k == key {",
                  "                    return Some(i);",
                  "                }",
                  "            }",
                  "            None",
                  "        }",
                  "",
                  "        fn as_entries_mut(&mut self) -> &mut Vec<(String, i32)> {",
                  "            &mut self.data",
                  "        }",
                  "",
                  "        fn get_mut<Q>(&mut self, key: &Q) -> Option<&mut i32>",
                  "        where",
                  "            Q: ?Sized + Hash + Equivalent<String>,",
                  "        {",
                  "            if let Some(i) = self.get_index_of(key) {",
                  "                let entry = &mut self.as_entries_mut()[i];",
                  "                Some(&mut entry.1)",
                  "            } else {",
                  "                None",
                  "            }",
                  "        }",
                  "    }",
                  "",
                  "    let mut map = TestMap::new();",
                  "    ",
                  "    // The map is empty, any key lookup should return None",
                  "    let result = map.get_mut(\"non_existent_key\");",
                  "    assert!(result.is_none());",
                  "}"
                ]
              ],
              "can_compile": [
                {
                  "Err": "   Compiling libc v0.2.172\n   Compiling proc-macro2 v1.0.95\n   Compiling zerocopy v0.8.25\n   Compiling syn v1.0.109\n   Compiling getrandom v0.3.2\n   Compiling quote v1.0.40\n   Compiling syn v2.0.101\n   Compiling getrandom v0.2.16\n   Compiling rand_core v0.6.4\n   Compiling rand_core v0.9.3\n   Compiling rand v0.8.5\n   Compiling quickcheck v1.0.3\n   Compiling ppv-lite86 v0.2.21\n   Compiling rand_chacha v0.9.0\n   Compiling rand v0.9.1\n   Compiling serde_derive v1.0.219\n   Compiling ntest_test_cases v0.9.3\n   Compiling ntest_timeout v0.9.3\n   Compiling ntest v0.9.3\n   Compiling indexmap v2.9.0 (/home/abezbm/rust-utgen-test-crates-new/indexmap)\nwarning: unused import: `super::*`\n   --> src/map/slice.rs:520:9\n    |\n520 |     use super::*;\n    |         ^^^^^^^^\n    |\n    = note: `#[warn(unused_imports)]` on by default\n\nwarning: unused import: `super::*`\n --> src/map/tests.rs:1:5\n  |\n1 | use super::*;\n  |     ^^^^^^^^\n\nwarning: unused import: `std::string::String`\n --> src/map/tests.rs:2:5\n  |\n2 | use std::string::String;\n  |     ^^^^^^^^^^^^^^^^^^^\n\nwarning: unused macro definition: `move_index_oob`\n   --> src/map/tests.rs:817:14\n    |\n817 | macro_rules! move_index_oob {\n    |              ^^^^^^^^^^^^^^\n    |\n    = note: `#[warn(unused_macros)]` on by default\n\nwarning: unused import: `ntest::timeout`\n    --> src/map.rs:1655:8\n     |\n1655 |    use ntest::timeout;\n     |        ^^^^^^^^^^^^^^\n\nwarning: unused import: `super::*`\n   --> src/set/slice.rs:334:9\n    |\n334 |     use super::*;\n    |         ^^^^^^^^\n\nwarning: unused import: `super::*`\n --> src/set/tests.rs:1:5\n  |\n1 | use super::*;\n  |     ^^^^^^^^\n\nwarning: unused import: `std::string::String`\n --> src/set/tests.rs:2:5\n  |\n2 | use std::string::String;\n  |     ^^^^^^^^^^^^^^^^^^^\n\nerror[E0277]: can't compare `String` with `Q`\n    --> src/map.rs:1673:22\n     |\n1673 |                 if k == key {\n     |                      ^^ no implementation for `String == Q`\n     |\n     = help: the trait `PartialEq<Q>` is not implemented for `String`, which is required by `&String: PartialEq<&Q>`\n     = note: required for `&String` to implement `PartialEq<&Q>`\nhelp: consider introducing a `where` clause, but there might be an alternative better way to express this requirement\n     |\n1663 |     impl TestMap where String: PartialEq<Q> {\n     |                  ++++++++++++++++++++++++++\n\nFor more information about this error, try `rustc --explain E0277`.\nwarning: `indexmap` (lib test) generated 8 warnings\nerror: could not compile `indexmap` (lib test) due to 1 previous error; 8 warnings emitted\n"
                }
              ],
              "repaired": [
                false
              ]
            }
          ]
        }
      ]
    },
    {
      "chain_id": 2,
      "prompt_conds": [
        "// constraint: self.get_index_of(key) matches Some(i) is true\n",
        "// expected return value/type: Some(&mut entry.value)\n"
      ],
      "input_infer": "",
      "answers": [
        {
          "uses": [],
          "has_test_mod": false,
          "common": [],
          "chain_tests": [
            {
              "attrs": [],
              "prefix": [],
              "oracles": [],
              "codes": [
                [
                  "{",
                  "    struct MockHasher;",
                  "",
                  "    impl BuildHasher for MockHasher {",
                  "        type Hasher = std::collections::hash_map::RandomState;",
                  "",
                  "        fn build_hasher(&self) -> Self::Hasher {",
                  "            std::collections::hash_map::RandomState::new()",
                  "        }",
                  "    }",
                  "",
                  "    let mut index_map: IndexMap<String, i32, MockHasher> = IndexMap {",
                  "        core: IndexMapCore {",
                  "            indices: Indices::new(),",
                  "            entries: Entries::new(),",
                  "        },",
                  "        hash_builder: MockHasher,",
                  "    };",
                  "",
                  "    index_map.insert(\"key1\".to_string(), 10);",
                  "    index_map.insert(\"key2\".to_string(), 20);",
                  "",
                  "    let value_ref: Option<&mut i32> = index_map.get_mut(&\"key1\".to_string());",
                  "",
                  "    assert!(value_ref.is_some());",
                  "    assert_eq!(*value_ref.unwrap(), 10);",
                  "}"
                ]
              ],
              "can_compile": [
                {
                  "Err": "   Compiling libc v0.2.172\n   Compiling proc-macro2 v1.0.95\n   Compiling zerocopy v0.8.25\n   Compiling syn v1.0.109\n   Compiling getrandom v0.3.2\n   Compiling quote v1.0.40\n   Compiling syn v2.0.101\n   Compiling getrandom v0.2.16\n   Compiling rand_core v0.6.4\n   Compiling rand_core v0.9.3\n   Compiling rand v0.8.5\n   Compiling quickcheck v1.0.3\n   Compiling ppv-lite86 v0.2.21\n   Compiling rand_chacha v0.9.0\n   Compiling rand v0.9.1\n   Compiling serde_derive v1.0.219\n   Compiling ntest_timeout v0.9.3\n   Compiling ntest_test_cases v0.9.3\n   Compiling ntest v0.9.3\n   Compiling indexmap v2.9.0 (/home/abezbm/rust-utgen-test-crates-new/indexmap)\nerror[E0433]: failed to resolve: use of undeclared type `Indices`\n    --> src/map.rs:1671:22\n     |\n1671 |             indices: Indices::new(),\n     |                      ^^^^^^^ use of undeclared type `Indices`\n     |\nnote: type alias `crate::map::core::Indices` exists but is inaccessible\n    --> src/map/core.rs:24:1\n     |\n24   | type Indices = hash_table::HashTable<usize>;\n     | ^^^^^^^^^^^^^^^^^^^^^^^^^^^^^^^^^^^^^^^^^^^^ not accessible\n\nwarning: unused import: `super::*`\n   --> src/map/slice.rs:520:9\n    |\n520 |     use super::*;\n    |         ^^^^^^^^\n    |\n    = note: `#[warn(unused_imports)]` on by default\n\nwarning: unused import: `super::*`\n --> src/map/tests.rs:1:5\n  |\n1 | use super::*;\n  |     ^^^^^^^^\n\nwarning: unused import: `std::string::String`\n --> src/map/tests.rs:2:5\n  |\n2 | use std::string::String;\n  |     ^^^^^^^^^^^^^^^^^^^\n\nwarning: unused macro definition: `move_index_oob`\n   --> src/map/tests.rs:817:14\n    |\n817 | macro_rules! move_index_oob {\n    |              ^^^^^^^^^^^^^^\n    |\n    = note: `#[warn(unused_macros)]` on by default\n\nwarning: unused import: `ntest::timeout`\n    --> src/map.rs:1655:8\n     |\n1655 |    use ntest::timeout;\n     |        ^^^^^^^^^^^^^^\n\nwarning: unused import: `super::*`\n   --> src/set/slice.rs:334:9\n    |\n334 |     use super::*;\n    |         ^^^^^^^^\n\nwarning: unused import: `super::*`\n --> src/set/tests.rs:1:5\n  |\n1 | use super::*;\n  |     ^^^^^^^^\n\nwarning: unused import: `std::string::String`\n --> src/set/tests.rs:2:5\n  |\n2 | use std::string::String;\n  |     ^^^^^^^^^^^^^^^^^^^\n\nerror[E0277]: the trait bound `RandomState: Hasher` is not satisfied\n    --> src/map.rs:1662:23\n     |\n1662 |         type Hasher = std::collections::hash_map::RandomState;\n     |                       ^^^^^^^^^^^^^^^^^^^^^^^^^^^^^^^^^^^^^^^ the trait `Hasher` is not implemented for `RandomState`\n     |\n     = help: the following other types implement trait `Hasher`:\n               &mut H\n               Box<T, A>\n               DefaultHasher\n               SipHasher\n               SipHasher13\n               adler::Adler32\n               fnv::FnvHasher\nnote: required by a bound in `std::hash::BuildHasher::Hasher`\n    --> /home/abezbm/.rustup/toolchains/nightly-2024-07-21-x86_64-unknown-linux-gnu/lib/rustlib/src/rust/library/core/src/hash/mod.rs:643:18\n     |\n643  |     type Hasher: Hasher;\n     |                  ^^^^^^ required by this bound in `BuildHasher::Hasher`\n\nerror[E0191]: the value of the associated type `Entry` in `Entries` must be specified\n    --> src/map.rs:1672:22\n     |\n1672 |             entries: Entries::new(),\n     |                      ^^^^^^^ help: specify the associated type: `Entries::<Entry = Type>`\n     |\n    ::: src/lib.rs:207:5\n     |\n207  |     type Entry;\n     |     ---------- `Entry` defined here\n\nerror[E0782]: trait objects must include the `dyn` keyword\n    --> src/map.rs:1672:22\n     |\n1672 |             entries: Entries::new(),\n     |                      ^^^^^^^\n     |\nhelp: add `dyn` keyword before this trait\n     |\n1672 |             entries: <dyn Entries>::new(),\n     |                      ++++        +\n\nerror[E0599]: no function or associated item named `new` found for trait `Entries`\n    --> src/map.rs:1672:31\n     |\n1672 |             entries: Entries::new(),\n     |                               ^^^ function or associated item not found in `Entries`\n     |\n     = note: the following traits define an item `new`, perhaps you need to implement one of them:\n             candidate #1: `itertools::adaptors::coalesce::CountItem`\n             candidate #2: `rand::distr::uniform::UniformSampler`\n             candidate #3: `rand::distributions::uniform::UniformSampler`\n\nSome errors have detailed explanations: E0191, E0277, E0433, E0599, E0782.\nFor more information about an error, try `rustc --explain E0191`.\nwarning: `indexmap` (lib test) generated 8 warnings\nerror: could not compile `indexmap` (lib test) due to 5 previous errors; 8 warnings emitted\n"
                }
              ],
              "repaired": [
                false
              ]
            },
            {
              "attrs": [],
              "prefix": [],
              "oracles": [],
              "codes": [
                [
                  "{",
                  "    struct MockHasher;",
                  "",
                  "    impl BuildHasher for MockHasher {",
                  "        type Hasher = std::collections::hash_map::RandomState;",
                  "",
                  "        fn build_hasher(&self) -> Self::Hasher {",
                  "            std::collections::hash_map::RandomState::new()",
                  "        }",
                  "    }",
                  "",
                  "    let mut index_map: IndexMap<String, i32, MockHasher> = IndexMap {",
                  "        core: IndexMapCore {",
                  "            indices: Indices::new(),",
                  "            entries: Entries::new(),",
                  "        },",
                  "        hash_builder: MockHasher,",
                  "    };",
                  "",
                  "    index_map.insert(\"key1\".to_string(), 10);",
                  "    index_map.insert(\"key2\".to_string(), 20);",
                  "",
                  "    let value_ref: Option<&mut i32> = index_map.get_mut(&\"nonexistent_key\".to_string());",
                  "",
                  "    assert!(value_ref.is_none());",
                  "}"
                ]
              ],
              "can_compile": [
                {
                  "Err": "   Compiling libc v0.2.172\n   Compiling proc-macro2 v1.0.95\n   Compiling getrandom v0.3.2\n   Compiling zerocopy v0.8.25\n   Compiling syn v1.0.109\n   Compiling quote v1.0.40\n   Compiling syn v2.0.101\n   Compiling getrandom v0.2.16\n   Compiling rand_core v0.6.4\n   Compiling rand_core v0.9.3\n   Compiling rand v0.8.5\n   Compiling quickcheck v1.0.3\n   Compiling ppv-lite86 v0.2.21\n   Compiling rand_chacha v0.9.0\n   Compiling rand v0.9.1\n   Compiling serde_derive v1.0.219\n   Compiling ntest_test_cases v0.9.3\n   Compiling ntest_timeout v0.9.3\n   Compiling ntest v0.9.3\n   Compiling indexmap v2.9.0 (/home/abezbm/rust-utgen-test-crates-new/indexmap)\nerror[E0433]: failed to resolve: use of undeclared type `Indices`\n    --> src/map.rs:1671:22\n     |\n1671 |             indices: Indices::new(),\n     |                      ^^^^^^^ use of undeclared type `Indices`\n     |\nnote: type alias `crate::map::core::Indices` exists but is inaccessible\n    --> src/map/core.rs:24:1\n     |\n24   | type Indices = hash_table::HashTable<usize>;\n     | ^^^^^^^^^^^^^^^^^^^^^^^^^^^^^^^^^^^^^^^^^^^^ not accessible\n\nwarning: unused import: `super::*`\n   --> src/map/slice.rs:520:9\n    |\n520 |     use super::*;\n    |         ^^^^^^^^\n    |\n    = note: `#[warn(unused_imports)]` on by default\n\nwarning: unused import: `super::*`\n --> src/map/tests.rs:1:5\n  |\n1 | use super::*;\n  |     ^^^^^^^^\n\nwarning: unused import: `std::string::String`\n --> src/map/tests.rs:2:5\n  |\n2 | use std::string::String;\n  |     ^^^^^^^^^^^^^^^^^^^\n\nwarning: unused macro definition: `move_index_oob`\n   --> src/map/tests.rs:817:14\n    |\n817 | macro_rules! move_index_oob {\n    |              ^^^^^^^^^^^^^^\n    |\n    = note: `#[warn(unused_macros)]` on by default\n\nwarning: unused import: `ntest::timeout`\n    --> src/map.rs:1655:8\n     |\n1655 |    use ntest::timeout;\n     |        ^^^^^^^^^^^^^^\n\nwarning: unused import: `super::*`\n   --> src/set/slice.rs:334:9\n    |\n334 |     use super::*;\n    |         ^^^^^^^^\n\nwarning: unused import: `super::*`\n --> src/set/tests.rs:1:5\n  |\n1 | use super::*;\n  |     ^^^^^^^^\n\nwarning: unused import: `std::string::String`\n --> src/set/tests.rs:2:5\n  |\n2 | use std::string::String;\n  |     ^^^^^^^^^^^^^^^^^^^\n\nerror[E0277]: the trait bound `RandomState: Hasher` is not satisfied\n    --> src/map.rs:1662:23\n     |\n1662 |         type Hasher = std::collections::hash_map::RandomState;\n     |                       ^^^^^^^^^^^^^^^^^^^^^^^^^^^^^^^^^^^^^^^ the trait `Hasher` is not implemented for `RandomState`\n     |\n     = help: the following other types implement trait `Hasher`:\n               &mut H\n               Box<T, A>\n               DefaultHasher\n               SipHasher\n               SipHasher13\n               adler::Adler32\n               fnv::FnvHasher\nnote: required by a bound in `std::hash::BuildHasher::Hasher`\n    --> /home/abezbm/.rustup/toolchains/nightly-2024-07-21-x86_64-unknown-linux-gnu/lib/rustlib/src/rust/library/core/src/hash/mod.rs:643:18\n     |\n643  |     type Hasher: Hasher;\n     |                  ^^^^^^ required by this bound in `BuildHasher::Hasher`\n\nerror[E0191]: the value of the associated type `Entry` in `Entries` must be specified\n    --> src/map.rs:1672:22\n     |\n1672 |             entries: Entries::new(),\n     |                      ^^^^^^^ help: specify the associated type: `Entries::<Entry = Type>`\n     |\n    ::: src/lib.rs:207:5\n     |\n207  |     type Entry;\n     |     ---------- `Entry` defined here\n\nerror[E0782]: trait objects must include the `dyn` keyword\n    --> src/map.rs:1672:22\n     |\n1672 |             entries: Entries::new(),\n     |                      ^^^^^^^\n     |\nhelp: add `dyn` keyword before this trait\n     |\n1672 |             entries: <dyn Entries>::new(),\n     |                      ++++        +\n\nerror[E0599]: no function or associated item named `new` found for trait `Entries`\n    --> src/map.rs:1672:31\n     |\n1672 |             entries: Entries::new(),\n     |                               ^^^ function or associated item not found in `Entries`\n     |\n     = note: the following traits define an item `new`, perhaps you need to implement one of them:\n             candidate #1: `itertools::adaptors::coalesce::CountItem`\n             candidate #2: `rand::distr::uniform::UniformSampler`\n             candidate #3: `rand::distributions::uniform::UniformSampler`\n\nSome errors have detailed explanations: E0191, E0277, E0433, E0599, E0782.\nFor more information about an error, try `rustc --explain E0191`.\nwarning: `indexmap` (lib test) generated 8 warnings\nerror: could not compile `indexmap` (lib test) due to 5 previous errors; 8 warnings emitted\n"
                }
              ],
              "repaired": [
                false
              ]
            }
          ]
        }
      ]
    }
  ]
}