{
  "name": "indexmap::set::iter::set::iter::IntoIter<T>::new",
  "name_with_impl": "indexmap::set::iter::{impl#10}::new",
  "mod_info": {
    "name": "set::iter",
    "loc": "src/set.rs:3:1:3:10"
  },
  "visible": false,
  "loc": "src/set/iter.rs:97:5:101:6",
  "fn_tests": [
    {
      "chain_id": 1,
      "prompt_conds": [
        "// expected return value/type: Self {\n            iter: entries.into_iter(),\n        }\n"
      ],
      "input_infer": "",
      "answers": [
        {
          "uses": [],
          "has_test_mod": false,
          "common": [],
          "chain_tests": [
            {
              "attrs": [],
              "prefix": [],
              "oracles": [],
              "codes": [
                [
                  "{",
                  "    let entries: Vec<Bucket<i32>> = Vec::new();",
                  "    let iterator = IntoIter::new(entries);",
                  "    assert!(iterator.iter.as_slice().len() == 0);",
                  "}"
                ]
              ],
              "can_compile": [
                {
                  "Ok": null
                }
              ],
              "repaired": [
                false
              ]
            },
            {
              "attrs": [],
              "prefix": [],
              "oracles": [],
              "codes": [
                [
                  "{",
                  "    let bucket = Bucket {",
                  "        hash: HashValue::default(),",
                  "        key: 42,",
                  "        value: \"value\",",
                  "    };",
                  "    let entries = vec![bucket];",
                  "    let iterator = IntoIter::new(entries);",
                  "    assert_eq!(iterator.iter.as_slice().len(), 1);",
                  "    assert_eq!(iterator.iter.as_slice()[0].key, 42);",
                  "}"
                ]
              ],
              "can_compile": [
                {
                  "Err": "   Compiling libc v0.2.172\n   Compiling proc-macro2 v1.0.95\n   Compiling getrandom v0.3.2\n   Compiling syn v1.0.109\n   Compiling zerocopy v0.8.25\n   Compiling quote v1.0.40\n   Compiling syn v2.0.101\n   Compiling getrandom v0.2.16\n   Compiling rand_core v0.6.4\n   Compiling rand_core v0.9.3\n   Compiling rand v0.8.5\n   Compiling quickcheck v1.0.3\n   Compiling ppv-lite86 v0.2.21\n   Compiling rand_chacha v0.9.0\n   Compiling rand v0.9.1\n   Compiling serde_derive v1.0.219\n   Compiling ntest_test_cases v0.9.3\n   Compiling ntest_timeout v0.9.3\n   Compiling ntest v0.9.3\n   Compiling indexmap v2.9.0 (/home/abezbm/rust-utgen-test-crates-new/indexmap)\nerror[E0433]: failed to resolve: use of undeclared type `HashValue`\n   --> src/set/iter.rs:637:15\n    |\n637 |         hash: HashValue::default(),\n    |               ^^^^^^^^^ use of undeclared type `HashValue`\n    |\nhelp: consider importing this struct\n    |\n631 +    use crate::HashValue;\n    |\n\nwarning: unused import: `super::*`\n   --> src/map/slice.rs:520:9\n    |\n520 |     use super::*;\n    |         ^^^^^^^^\n    |\n    = note: `#[warn(unused_imports)]` on by default\n\nwarning: unused import: `super::*`\n --> src/map/tests.rs:1:5\n  |\n1 | use super::*;\n  |     ^^^^^^^^\n\nwarning: unused import: `std::string::String`\n --> src/map/tests.rs:2:5\n  |\n2 | use std::string::String;\n  |     ^^^^^^^^^^^^^^^^^^^\n\nwarning: unused macro definition: `move_index_oob`\n   --> src/map/tests.rs:817:14\n    |\n817 | macro_rules! move_index_oob {\n    |              ^^^^^^^^^^^^^^\n    |\n    = note: `#[warn(unused_macros)]` on by default\n\nwarning: unused import: `ntest::timeout`\n   --> src/set/iter.rs:632:8\n    |\n632 |    use ntest::timeout;\n    |        ^^^^^^^^^^^^^^\n\nwarning: unused import: `super::*`\n   --> src/set/slice.rs:334:9\n    |\n334 |     use super::*;\n    |         ^^^^^^^^\n\nwarning: unused import: `super::*`\n --> src/set/tests.rs:1:5\n  |\n1 | use super::*;\n  |     ^^^^^^^^\n\nwarning: unused import: `std::string::String`\n --> src/set/tests.rs:2:5\n  |\n2 | use std::string::String;\n  |     ^^^^^^^^^^^^^^^^^^^\n\nerror[E0308]: mismatched types\n   --> src/set/iter.rs:639:16\n    |\n639 |         value: \"value\",\n    |                ^^^^^^^ expected `()`, found `&str`\n\nSome errors have detailed explanations: E0308, E0433.\nFor more information about an error, try `rustc --explain E0308`.\nwarning: `indexmap` (lib test) generated 8 warnings\nerror: could not compile `indexmap` (lib test) due to 2 previous errors; 8 warnings emitted\n"
                }
              ],
              "repaired": [
                false
              ]
            },
            {
              "attrs": [],
              "prefix": [],
              "oracles": [],
              "codes": [
                [
                  "{",
                  "    let bucket1 = Bucket {",
                  "        hash: HashValue::default(),",
                  "        key: 1,",
                  "        value: \"first\",",
                  "    };",
                  "    let bucket2 = Bucket {",
                  "        hash: HashValue::default(),",
                  "        key: 2,",
                  "        value: \"second\",",
                  "    };",
                  "    let entries = vec![bucket1, bucket2];",
                  "    let iterator = IntoIter::new(entries);",
                  "    assert_eq!(iterator.iter.as_slice().len(), 2);",
                  "    assert_eq!(iterator.iter.as_slice()[0].key, 1);",
                  "    assert_eq!(iterator.iter.as_slice()[1].key, 2);",
                  "}"
                ]
              ],
              "can_compile": [
                {
                  "Err": "   Compiling libc v0.2.172\n   Compiling proc-macro2 v1.0.95\n   Compiling zerocopy v0.8.25\n   Compiling getrandom v0.3.2\n   Compiling syn v1.0.109\n   Compiling quote v1.0.40\n   Compiling syn v2.0.101\n   Compiling getrandom v0.2.16\n   Compiling rand_core v0.6.4\n   Compiling rand_core v0.9.3\n   Compiling rand v0.8.5\n   Compiling quickcheck v1.0.3\n   Compiling ppv-lite86 v0.2.21\n   Compiling rand_chacha v0.9.0\n   Compiling rand v0.9.1\n   Compiling serde_derive v1.0.219\n   Compiling ntest_test_cases v0.9.3\n   Compiling ntest_timeout v0.9.3\n   Compiling ntest v0.9.3\n   Compiling indexmap v2.9.0 (/home/abezbm/rust-utgen-test-crates-new/indexmap)\nerror[E0433]: failed to resolve: use of undeclared type `HashValue`\n   --> src/set/iter.rs:637:15\n    |\n637 |         hash: HashValue::default(),\n    |               ^^^^^^^^^ use of undeclared type `HashValue`\n    |\nhelp: consider importing this struct\n    |\n631 +    use crate::HashValue;\n    |\n\nerror[E0433]: failed to resolve: use of undeclared type `HashValue`\n   --> src/set/iter.rs:642:15\n    |\n642 |         hash: HashValue::default(),\n    |               ^^^^^^^^^ use of undeclared type `HashValue`\n    |\nhelp: consider importing this struct\n    |\n631 +    use crate::HashValue;\n    |\n\nwarning: unused import: `super::*`\n   --> src/map/slice.rs:520:9\n    |\n520 |     use super::*;\n    |         ^^^^^^^^\n    |\n    = note: `#[warn(unused_imports)]` on by default\n\nwarning: unused import: `super::*`\n --> src/map/tests.rs:1:5\n  |\n1 | use super::*;\n  |     ^^^^^^^^\n\nwarning: unused import: `std::string::String`\n --> src/map/tests.rs:2:5\n  |\n2 | use std::string::String;\n  |     ^^^^^^^^^^^^^^^^^^^\n\nwarning: unused macro definition: `move_index_oob`\n   --> src/map/tests.rs:817:14\n    |\n817 | macro_rules! move_index_oob {\n    |              ^^^^^^^^^^^^^^\n    |\n    = note: `#[warn(unused_macros)]` on by default\n\nwarning: unused import: `ntest::timeout`\n   --> src/set/iter.rs:632:8\n    |\n632 |    use ntest::timeout;\n    |        ^^^^^^^^^^^^^^\n\nwarning: unused import: `super::*`\n   --> src/set/slice.rs:334:9\n    |\n334 |     use super::*;\n    |         ^^^^^^^^\n\nwarning: unused import: `super::*`\n --> src/set/tests.rs:1:5\n  |\n1 | use super::*;\n  |     ^^^^^^^^\n\nwarning: unused import: `std::string::String`\n --> src/set/tests.rs:2:5\n  |\n2 | use std::string::String;\n  |     ^^^^^^^^^^^^^^^^^^^\n\nerror[E0308]: mismatched types\n   --> src/set/iter.rs:639:16\n    |\n639 |         value: \"first\",\n    |                ^^^^^^^ expected `()`, found `&str`\n\nerror[E0308]: mismatched types\n   --> src/set/iter.rs:644:16\n    |\n644 |         value: \"second\",\n    |                ^^^^^^^^ expected `()`, found `&str`\n\nSome errors have detailed explanations: E0308, E0433.\nFor more information about an error, try `rustc --explain E0308`.\nwarning: `indexmap` (lib test) generated 8 warnings\nerror: could not compile `indexmap` (lib test) due to 4 previous errors; 8 warnings emitted\n"
                }
              ],
              "repaired": [
                false
              ]
            }
          ]
        }
      ]
    }
  ]
}