{
  "name": "indexmap::set::set::IndexSet<T, S>::capacity",
  "name_with_impl": "indexmap::set::{impl#4}::capacity",
  "mod_info": {
    "name": "set",
    "loc": "src/lib.rs:123:1:123:13"
  },
  "visible": true,
  "loc": "src/set.rs:198:5:200:6",
  "fn_tests": [
    {
      "chain_id": 1,
      "prompt_conds": [],
      "input_infer": "",
      "answers": [
        {
          "uses": [],
          "has_test_mod": false,
          "common": [],
          "chain_tests": [
            {
              "attrs": [],
              "prefix": [],
              "oracles": [],
              "codes": [
                [
                  "{",
                  "    struct TestHasher; // Stub for a hash builder",
                  "    let hash_builder = TestHasher;",
                  "    let mut index_set = IndexSet::with_capacity_and_hasher(10, hash_builder);",
                  "    ",
                  "    index_set.map.insert(1, ()); // Add an element to the set",
                  "    assert_eq!(index_set.capacity(), 10);",
                  "}"
                ]
              ],
              "can_compile": [
                {
                  "Err": "   Compiling libc v0.2.172\n   Compiling proc-macro2 v1.0.95\n   Compiling zerocopy v0.8.25\n   Compiling syn v1.0.109\n   Compiling getrandom v0.3.2\n   Compiling quote v1.0.40\n   Compiling syn v2.0.101\n   Compiling getrandom v0.2.16\n   Compiling rand_core v0.6.4\n   Compiling rand_core v0.9.3\n   Compiling rand v0.8.5\n   Compiling quickcheck v1.0.3\n   Compiling ppv-lite86 v0.2.21\n   Compiling rand_chacha v0.9.0\n   Compiling rand v0.9.1\n   Compiling serde_derive v1.0.219\n   Compiling ntest_test_cases v0.9.3\n   Compiling ntest_timeout v0.9.3\n   Compiling ntest v0.9.3\n   Compiling indexmap v2.9.0 (/home/abezbm/rust-utgen-test-crates-new/indexmap)\nwarning: unused import: `super::*`\n   --> src/map/slice.rs:520:9\n    |\n520 |     use super::*;\n    |         ^^^^^^^^\n    |\n    = note: `#[warn(unused_imports)]` on by default\n\nwarning: unused import: `super::*`\n --> src/map/tests.rs:1:5\n  |\n1 | use super::*;\n  |     ^^^^^^^^\n\nwarning: unused import: `std::string::String`\n --> src/map/tests.rs:2:5\n  |\n2 | use std::string::String;\n  |     ^^^^^^^^^^^^^^^^^^^\n\nwarning: unused macro definition: `move_index_oob`\n   --> src/map/tests.rs:817:14\n    |\n817 | macro_rules! move_index_oob {\n    |              ^^^^^^^^^^^^^^\n    |\n    = note: `#[warn(unused_macros)]` on by default\n\nwarning: unused import: `super::*`\n   --> src/set/slice.rs:334:9\n    |\n334 |     use super::*;\n    |         ^^^^^^^^\n\nwarning: unused import: `super::*`\n --> src/set/tests.rs:1:5\n  |\n1 | use super::*;\n  |     ^^^^^^^^\n\nwarning: unused import: `std::string::String`\n --> src/set/tests.rs:2:5\n  |\n2 | use std::string::String;\n  |     ^^^^^^^^^^^^^^^^^^^\n\nwarning: unused import: `ntest::timeout`\n    --> src/set.rs:1305:8\n     |\n1305 |    use ntest::timeout;\n     |        ^^^^^^^^^^^^^^\n\nerror[E0599]: the method `insert` exists for struct `IndexMap<_, (), TestHasher>`, but its trait bounds were not satisfied\n    --> src/set.rs:1313:19\n     |\n1309 |     struct TestHasher; // Stub for a hash builder\n     |     ----------------- doesn't satisfy `TestHasher: BuildHasher`\n...\n1313 |     index_set.map.insert(1, ()); // Add an element to the set\n     |                   ^^^^^^\n     |\n    ::: src/map.rs:87:1\n     |\n87   | pub struct IndexMap<K, V, S = RandomState> {\n     | ------------------------------------------ method `insert` not found for this struct\n     |\nnote: trait bound `TestHasher: BuildHasher` was not satisfied\n    --> src/map.rs:384:8\n     |\n381  | impl<K, V, S> IndexMap<K, V, S>\n     |               -----------------\n...\n384  |     S: BuildHasher,\n     |        ^^^^^^^^^^^ unsatisfied trait bound introduced here\nnote: the trait `BuildHasher` must be implemented\n    --> /home/abezbm/.rustup/toolchains/nightly-2024-07-21-x86_64-unknown-linux-gnu/lib/rustlib/src/rust/library/core/src/hash/mod.rs:640:1\n     |\n640  | pub trait BuildHasher {\n     | ^^^^^^^^^^^^^^^^^^^^^\n\nFor more information about this error, try `rustc --explain E0599`.\nwarning: `indexmap` (lib test) generated 8 warnings\nerror: could not compile `indexmap` (lib test) due to 1 previous error; 8 warnings emitted\n"
                }
              ],
              "repaired": [
                false
              ]
            },
            {
              "attrs": [],
              "prefix": [],
              "oracles": [],
              "codes": [
                [
                  "{",
                  "    struct TestHasher; // Stub for a hash builder",
                  "    let hash_builder = TestHasher;",
                  "    let index_set = IndexSet::with_capacity_and_hasher(0, hash_builder);",
                  "    ",
                  "    assert_eq!(index_set.capacity(), 0);",
                  "}"
                ]
              ],
              "can_compile": [
                {
                  "Err": "   Compiling libc v0.2.172\n   Compiling proc-macro2 v1.0.95\n   Compiling getrandom v0.3.2\n   Compiling zerocopy v0.8.25\n   Compiling syn v1.0.109\n   Compiling quote v1.0.40\n   Compiling syn v2.0.101\n   Compiling getrandom v0.2.16\n   Compiling rand_core v0.6.4\n   Compiling rand_core v0.9.3\n   Compiling rand v0.8.5\n   Compiling quickcheck v1.0.3\n   Compiling ppv-lite86 v0.2.21\n   Compiling rand_chacha v0.9.0\n   Compiling rand v0.9.1\n   Compiling serde_derive v1.0.219\n   Compiling ntest_test_cases v0.9.3\n   Compiling ntest_timeout v0.9.3\n   Compiling ntest v0.9.3\n   Compiling indexmap v2.9.0 (/home/abezbm/rust-utgen-test-crates-new/indexmap)\nwarning: unused import: `super::*`\n   --> src/map/slice.rs:520:9\n    |\n520 |     use super::*;\n    |         ^^^^^^^^\n    |\n    = note: `#[warn(unused_imports)]` on by default\n\nwarning: unused import: `super::*`\n --> src/map/tests.rs:1:5\n  |\n1 | use super::*;\n  |     ^^^^^^^^\n\nwarning: unused import: `std::string::String`\n --> src/map/tests.rs:2:5\n  |\n2 | use std::string::String;\n  |     ^^^^^^^^^^^^^^^^^^^\n\nwarning: unused macro definition: `move_index_oob`\n   --> src/map/tests.rs:817:14\n    |\n817 | macro_rules! move_index_oob {\n    |              ^^^^^^^^^^^^^^\n    |\n    = note: `#[warn(unused_macros)]` on by default\n\nwarning: unused import: `super::*`\n   --> src/set/slice.rs:334:9\n    |\n334 |     use super::*;\n    |         ^^^^^^^^\n\nwarning: unused import: `super::*`\n --> src/set/tests.rs:1:5\n  |\n1 | use super::*;\n  |     ^^^^^^^^\n\nwarning: unused import: `std::string::String`\n --> src/set/tests.rs:2:5\n  |\n2 | use std::string::String;\n  |     ^^^^^^^^^^^^^^^^^^^\n\nwarning: unused import: `ntest::timeout`\n    --> src/set.rs:1305:8\n     |\n1305 |    use ntest::timeout;\n     |        ^^^^^^^^^^^^^^\n\nerror[E0282]: type annotations needed for `set::IndexSet<_, TestHasher>`\n    --> src/set.rs:1311:9\n     |\n1311 |     let index_set = IndexSet::with_capacity_and_hasher(0, hash_builder);\n     |         ^^^^^^^^^   --------------------------------------------------- type must be known at this point\n     |\nhelp: consider giving `index_set` an explicit type, where the type for type parameter `T` is specified\n     |\n1311 |     let index_set: set::IndexSet<T, TestHasher> = IndexSet::with_capacity_and_hasher(0, hash_builder);\n     |                  ++++++++++++++++++++++++++++++\n\nFor more information about this error, try `rustc --explain E0282`.\nwarning: `indexmap` (lib test) generated 8 warnings\nerror: could not compile `indexmap` (lib test) due to 1 previous error; 8 warnings emitted\n"
                }
              ],
              "repaired": [
                false
              ]
            },
            {
              "attrs": [],
              "prefix": [],
              "oracles": [],
              "codes": [
                [
                  "{",
                  "    struct TestHasher; // Stub for a hash builder",
                  "    let hash_builder = TestHasher;",
                  "    let mut index_set = IndexSet::with_capacity_and_hasher(5, hash_builder);",
                  "    ",
                  "    index_set.reserve(10); // Reserve space for 10 more elements",
                  "    assert_eq!(index_set.capacity(), 5); // Still should return initial capacity since it doesn't increase until actual reallocation",
                  "}"
                ]
              ],
              "can_compile": [
                {
                  "Err": "   Compiling libc v0.2.172\n   Compiling proc-macro2 v1.0.95\n   Compiling zerocopy v0.8.25\n   Compiling getrandom v0.3.2\n   Compiling syn v1.0.109\n   Compiling quote v1.0.40\n   Compiling syn v2.0.101\n   Compiling getrandom v0.2.16\n   Compiling rand_core v0.6.4\n   Compiling rand_core v0.9.3\n   Compiling rand v0.8.5\n   Compiling quickcheck v1.0.3\n   Compiling ppv-lite86 v0.2.21\n   Compiling rand_chacha v0.9.0\n   Compiling rand v0.9.1\n   Compiling serde_derive v1.0.219\n   Compiling ntest_test_cases v0.9.3\n   Compiling ntest_timeout v0.9.3\n   Compiling ntest v0.9.3\n   Compiling indexmap v2.9.0 (/home/abezbm/rust-utgen-test-crates-new/indexmap)\nwarning: unused import: `super::*`\n   --> src/map/slice.rs:520:9\n    |\n520 |     use super::*;\n    |         ^^^^^^^^\n    |\n    = note: `#[warn(unused_imports)]` on by default\n\nwarning: unused import: `super::*`\n --> src/map/tests.rs:1:5\n  |\n1 | use super::*;\n  |     ^^^^^^^^\n\nwarning: unused import: `std::string::String`\n --> src/map/tests.rs:2:5\n  |\n2 | use std::string::String;\n  |     ^^^^^^^^^^^^^^^^^^^\n\nwarning: unused macro definition: `move_index_oob`\n   --> src/map/tests.rs:817:14\n    |\n817 | macro_rules! move_index_oob {\n    |              ^^^^^^^^^^^^^^\n    |\n    = note: `#[warn(unused_macros)]` on by default\n\nwarning: unused import: `super::*`\n   --> src/set/slice.rs:334:9\n    |\n334 |     use super::*;\n    |         ^^^^^^^^\n\nwarning: unused import: `super::*`\n --> src/set/tests.rs:1:5\n  |\n1 | use super::*;\n  |     ^^^^^^^^\n\nwarning: unused import: `std::string::String`\n --> src/set/tests.rs:2:5\n  |\n2 | use std::string::String;\n  |     ^^^^^^^^^^^^^^^^^^^\n\nwarning: unused import: `ntest::timeout`\n    --> src/set.rs:1305:8\n     |\n1305 |    use ntest::timeout;\n     |        ^^^^^^^^^^^^^^\n\nerror[E0282]: type annotations needed for `set::IndexSet<_, TestHasher>`\n    --> src/set.rs:1311:9\n     |\n1311 |     let mut index_set = IndexSet::with_capacity_and_hasher(5, hash_builder);\n     |         ^^^^^^^^^^^^^   --------------------------------------------------- type must be known at this point\n     |\nhelp: consider giving `index_set` an explicit type, where the type for type parameter `T` is specified\n     |\n1311 |     let mut index_set: set::IndexSet<T, TestHasher> = IndexSet::with_capacity_and_hasher(5, hash_builder);\n     |                      ++++++++++++++++++++++++++++++\n\nFor more information about this error, try `rustc --explain E0282`.\nwarning: `indexmap` (lib test) generated 8 warnings\nerror: could not compile `indexmap` (lib test) due to 1 previous error; 8 warnings emitted\n"
                }
              ],
              "repaired": [
                false
              ]
            },
            {
              "attrs": [],
              "prefix": [],
              "oracles": [],
              "codes": [
                [
                  "{",
                  "    struct TestHasher; // Stub for a hash builder",
                  "    let hash_builder = TestHasher;",
                  "    let mut index_set = IndexSet::with_capacity_and_hasher(10, hash_builder);",
                  "    ",
                  "    index_set.map.insert(1, ()); // Add one element",
                  "    index_set.truncate(0); // Truncate to zero",
                  "    assert_eq!(index_set.capacity(), 10); // Should still return the original capacity even if empty",
                  "}"
                ]
              ],
              "can_compile": [
                {
                  "Err": "   Compiling libc v0.2.172\n   Compiling proc-macro2 v1.0.95\n   Compiling syn v1.0.109\n   Compiling getrandom v0.3.2\n   Compiling zerocopy v0.8.25\n   Compiling quote v1.0.40\n   Compiling syn v2.0.101\n   Compiling getrandom v0.2.16\n   Compiling rand_core v0.6.4\n   Compiling rand_core v0.9.3\n   Compiling rand v0.8.5\n   Compiling quickcheck v1.0.3\n   Compiling ppv-lite86 v0.2.21\n   Compiling rand_chacha v0.9.0\n   Compiling rand v0.9.1\n   Compiling serde_derive v1.0.219\n   Compiling ntest_test_cases v0.9.3\n   Compiling ntest_timeout v0.9.3\n   Compiling ntest v0.9.3\n   Compiling indexmap v2.9.0 (/home/abezbm/rust-utgen-test-crates-new/indexmap)\nwarning: unused import: `super::*`\n   --> src/map/slice.rs:520:9\n    |\n520 |     use super::*;\n    |         ^^^^^^^^\n    |\n    = note: `#[warn(unused_imports)]` on by default\n\nwarning: unused import: `super::*`\n --> src/map/tests.rs:1:5\n  |\n1 | use super::*;\n  |     ^^^^^^^^\n\nwarning: unused import: `std::string::String`\n --> src/map/tests.rs:2:5\n  |\n2 | use std::string::String;\n  |     ^^^^^^^^^^^^^^^^^^^\n\nwarning: unused macro definition: `move_index_oob`\n   --> src/map/tests.rs:817:14\n    |\n817 | macro_rules! move_index_oob {\n    |              ^^^^^^^^^^^^^^\n    |\n    = note: `#[warn(unused_macros)]` on by default\n\nwarning: unused import: `super::*`\n   --> src/set/slice.rs:334:9\n    |\n334 |     use super::*;\n    |         ^^^^^^^^\n\nwarning: unused import: `super::*`\n --> src/set/tests.rs:1:5\n  |\n1 | use super::*;\n  |     ^^^^^^^^\n\nwarning: unused import: `std::string::String`\n --> src/set/tests.rs:2:5\n  |\n2 | use std::string::String;\n  |     ^^^^^^^^^^^^^^^^^^^\n\nwarning: unused import: `ntest::timeout`\n    --> src/set.rs:1305:8\n     |\n1305 |    use ntest::timeout;\n     |        ^^^^^^^^^^^^^^\n\nerror[E0599]: the method `insert` exists for struct `IndexMap<_, (), TestHasher>`, but its trait bounds were not satisfied\n    --> src/set.rs:1313:19\n     |\n1309 |     struct TestHasher; // Stub for a hash builder\n     |     ----------------- doesn't satisfy `TestHasher: BuildHasher`\n...\n1313 |     index_set.map.insert(1, ()); // Add one element\n     |                   ^^^^^^\n     |\n    ::: src/map.rs:87:1\n     |\n87   | pub struct IndexMap<K, V, S = RandomState> {\n     | ------------------------------------------ method `insert` not found for this struct\n     |\nnote: trait bound `TestHasher: BuildHasher` was not satisfied\n    --> src/map.rs:384:8\n     |\n381  | impl<K, V, S> IndexMap<K, V, S>\n     |               -----------------\n...\n384  |     S: BuildHasher,\n     |        ^^^^^^^^^^^ unsatisfied trait bound introduced here\nnote: the trait `BuildHasher` must be implemented\n    --> /home/abezbm/.rustup/toolchains/nightly-2024-07-21-x86_64-unknown-linux-gnu/lib/rustlib/src/rust/library/core/src/hash/mod.rs:640:1\n     |\n640  | pub trait BuildHasher {\n     | ^^^^^^^^^^^^^^^^^^^^^\n\nFor more information about this error, try `rustc --explain E0599`.\nwarning: `indexmap` (lib test) generated 8 warnings\nerror: could not compile `indexmap` (lib test) due to 1 previous error; 8 warnings emitted\n"
                }
              ],
              "repaired": [
                false
              ]
            },
            {
              "attrs": [],
              "prefix": [],
              "oracles": [],
              "codes": [
                [
                  "{",
                  "    struct TestHasher; // Stub for a hash builder",
                  "    let hash_builder = TestHasher;",
                  "    let index_set = IndexSet::with_capacity_and_hasher(1_000_000, hash_builder);",
                  "    ",
                  "    assert_eq!(index_set.capacity(), 1_000_000);",
                  "}"
                ]
              ],
              "can_compile": [
                {
                  "Err": "   Compiling libc v0.2.172\n   Compiling proc-macro2 v1.0.95\n   Compiling getrandom v0.3.2\n   Compiling syn v1.0.109\n   Compiling zerocopy v0.8.25\n   Compiling quote v1.0.40\n   Compiling syn v2.0.101\n   Compiling getrandom v0.2.16\n   Compiling rand_core v0.6.4\n   Compiling rand_core v0.9.3\n   Compiling rand v0.8.5\n   Compiling quickcheck v1.0.3\n   Compiling ppv-lite86 v0.2.21\n   Compiling rand_chacha v0.9.0\n   Compiling rand v0.9.1\n   Compiling serde_derive v1.0.219\n   Compiling ntest_test_cases v0.9.3\n   Compiling ntest_timeout v0.9.3\n   Compiling ntest v0.9.3\n   Compiling indexmap v2.9.0 (/home/abezbm/rust-utgen-test-crates-new/indexmap)\nwarning: unused import: `super::*`\n   --> src/map/slice.rs:520:9\n    |\n520 |     use super::*;\n    |         ^^^^^^^^\n    |\n    = note: `#[warn(unused_imports)]` on by default\n\nwarning: unused import: `super::*`\n --> src/map/tests.rs:1:5\n  |\n1 | use super::*;\n  |     ^^^^^^^^\n\nwarning: unused import: `std::string::String`\n --> src/map/tests.rs:2:5\n  |\n2 | use std::string::String;\n  |     ^^^^^^^^^^^^^^^^^^^\n\nwarning: unused macro definition: `move_index_oob`\n   --> src/map/tests.rs:817:14\n    |\n817 | macro_rules! move_index_oob {\n    |              ^^^^^^^^^^^^^^\n    |\n    = note: `#[warn(unused_macros)]` on by default\n\nwarning: unused import: `super::*`\n   --> src/set/slice.rs:334:9\n    |\n334 |     use super::*;\n    |         ^^^^^^^^\n\nwarning: unused import: `super::*`\n --> src/set/tests.rs:1:5\n  |\n1 | use super::*;\n  |     ^^^^^^^^\n\nwarning: unused import: `std::string::String`\n --> src/set/tests.rs:2:5\n  |\n2 | use std::string::String;\n  |     ^^^^^^^^^^^^^^^^^^^\n\nwarning: unused import: `ntest::timeout`\n    --> src/set.rs:1305:8\n     |\n1305 |    use ntest::timeout;\n     |        ^^^^^^^^^^^^^^\n\nerror[E0282]: type annotations needed for `set::IndexSet<_, TestHasher>`\n    --> src/set.rs:1311:9\n     |\n1311 |     let index_set = IndexSet::with_capacity_and_hasher(1_000_000, hash_builder);\n     |         ^^^^^^^^^   ----------------------------------------------------------- type must be known at this point\n     |\nhelp: consider giving `index_set` an explicit type, where the type for type parameter `T` is specified\n     |\n1311 |     let index_set: set::IndexSet<T, TestHasher> = IndexSet::with_capacity_and_hasher(1_000_000, hash_builder);\n     |                  ++++++++++++++++++++++++++++++\n\nFor more information about this error, try `rustc --explain E0282`.\nwarning: `indexmap` (lib test) generated 8 warnings\nerror: could not compile `indexmap` (lib test) due to 1 previous error; 8 warnings emitted\n"
                }
              ],
              "repaired": [
                false
              ]
            }
          ]
        }
      ]
    }
  ]
}