{
  "name": "indexmap::map::slice::map::slice::Slice<K, V>::binary_search_by_key",
  "name_with_impl": "indexmap::map::slice::{impl#1}::binary_search_by_key",
  "mod_info": {
    "name": "map::slice",
    "loc": "src/map.rs:7:1:7:11"
  },
  "visible": true,
  "loc": "src/map/slice.rs:252:5:258:6",
  "fn_tests": [
    {
      "chain_id": 1,
      "prompt_conds": [],
      "input_infer": "",
      "answers": [
        {
          "uses": [],
          "has_test_mod": false,
          "common": [],
          "chain_tests": [
            {
              "attrs": [],
              "prefix": [],
              "oracles": [],
              "codes": [
                [
                  "{",
                  "    struct TestKey;",
                  "    struct TestValue;",
                  "",
                  "    impl Ord for TestKey {",
                  "        fn cmp(&self, _: &Self) -> Ordering {",
                  "            Ordering::Equal",
                  "        }",
                  "    }",
                  "",
                  "    impl Ord for TestValue {",
                  "        fn cmp(&self, _: &Self) -> Ordering {",
                  "            Ordering::Equal",
                  "        }",
                  "    }",
                  "",
                  "    let entries: Vec<Bucket<TestKey, TestValue>> = vec![Bucket { hash: 0, key: TestKey, value: TestValue }];",
                  "    let slice = Slice { entries: entries.try_into().unwrap() };",
                  "",
                  "    let result = slice.binary_search_by_key(&TestKey, |_, _| TestKey);",
                  "    assert_eq!(result, Ok(0));",
                  "}"
                ]
              ],
              "can_compile": [
                {
                  "Err": "   Compiling libc v0.2.172\n   Compiling proc-macro2 v1.0.95\n   Compiling syn v1.0.109\n   Compiling zerocopy v0.8.25\n   Compiling getrandom v0.3.2\n   Compiling quote v1.0.40\n   Compiling syn v2.0.101\n   Compiling getrandom v0.2.16\n   Compiling rand_core v0.6.4\n   Compiling rand_core v0.9.3\n   Compiling rand v0.8.5\n   Compiling quickcheck v1.0.3\n   Compiling ppv-lite86 v0.2.21\n   Compiling rand_chacha v0.9.0\n   Compiling rand v0.9.1\n   Compiling serde_derive v1.0.219\n   Compiling ntest_timeout v0.9.3\n   Compiling ntest_test_cases v0.9.3\n   Compiling ntest v0.9.3\n   Compiling indexmap v2.9.0 (/home/abezbm/rust-utgen-test-crates-new/indexmap)\nwarning: unused import: `super::*`\n   --> src/map/slice.rs:520:9\n    |\n520 |     use super::*;\n    |         ^^^^^^^^\n    |\n    = note: `#[warn(unused_imports)]` on by default\n\nwarning: unused import: `ntest::timeout`\n   --> src/map/slice.rs:635:8\n    |\n635 |    use ntest::timeout;\n    |        ^^^^^^^^^^^^^^\n\nwarning: unused import: `super::*`\n --> src/map/tests.rs:1:5\n  |\n1 | use super::*;\n  |     ^^^^^^^^\n\nwarning: unused import: `std::string::String`\n --> src/map/tests.rs:2:5\n  |\n2 | use std::string::String;\n  |     ^^^^^^^^^^^^^^^^^^^\n\nwarning: unused macro definition: `move_index_oob`\n   --> src/map/tests.rs:817:14\n    |\n817 | macro_rules! move_index_oob {\n    |              ^^^^^^^^^^^^^^\n    |\n    = note: `#[warn(unused_macros)]` on by default\n\nwarning: unused import: `super::*`\n   --> src/set/slice.rs:334:9\n    |\n334 |     use super::*;\n    |         ^^^^^^^^\n\nwarning: unused import: `super::*`\n --> src/set/tests.rs:1:5\n  |\n1 | use super::*;\n  |     ^^^^^^^^\n\nwarning: unused import: `std::string::String`\n --> src/set/tests.rs:2:5\n  |\n2 | use std::string::String;\n  |     ^^^^^^^^^^^^^^^^^^^\n\nerror[E0277]: can't compare `TestKey` with `TestKey`\n   --> src/map/slice.rs:642:18\n    |\n642 |     impl Ord for TestKey {\n    |                  ^^^^^^^ no implementation for `TestKey < TestKey` and `TestKey > TestKey`\n    |\n    = help: the trait `PartialOrd` is not implemented for `TestKey`\nnote: required by a bound in `Ord`\n   --> /home/abezbm/.rustup/toolchains/nightly-2024-07-21-x86_64-unknown-linux-gnu/lib/rustlib/src/rust/library/core/src/cmp.rs:821:21\n    |\n821 | pub trait Ord: Eq + PartialOrd<Self> {\n    |                     ^^^^^^^^^^^^^^^^ required by this bound in `Ord`\nhelp: consider annotating `TestKey` with `#[derive(PartialOrd)]`\n    |\n639 +     #[derive(PartialOrd)]\n640 |     struct TestKey;\n    |\n\nerror[E0277]: the trait bound `TestKey: std::cmp::Eq` is not satisfied\n   --> src/map/slice.rs:642:18\n    |\n642 |     impl Ord for TestKey {\n    |                  ^^^^^^^ the trait `std::cmp::Eq` is not implemented for `TestKey`\n    |\nnote: required by a bound in `Ord`\n   --> /home/abezbm/.rustup/toolchains/nightly-2024-07-21-x86_64-unknown-linux-gnu/lib/rustlib/src/rust/library/core/src/cmp.rs:821:16\n    |\n821 | pub trait Ord: Eq + PartialOrd<Self> {\n    |                ^^ required by this bound in `Ord`\nhelp: consider annotating `TestKey` with `#[derive(Eq)]`\n    |\n639 +     #[derive(Eq)]\n640 |     struct TestKey;\n    |\n\nerror[E0277]: can't compare `TestValue` with `TestValue`\n   --> src/map/slice.rs:648:18\n    |\n648 |     impl Ord for TestValue {\n    |                  ^^^^^^^^^ no implementation for `TestValue < TestValue` and `TestValue > TestValue`\n    |\n    = help: the trait `PartialOrd` is not implemented for `TestValue`\nnote: required by a bound in `Ord`\n   --> /home/abezbm/.rustup/toolchains/nightly-2024-07-21-x86_64-unknown-linux-gnu/lib/rustlib/src/rust/library/core/src/cmp.rs:821:21\n    |\n821 | pub trait Ord: Eq + PartialOrd<Self> {\n    |                     ^^^^^^^^^^^^^^^^ required by this bound in `Ord`\nhelp: consider annotating `TestValue` with `#[derive(PartialOrd)]`\n    |\n640 +     #[derive(PartialOrd)]\n641 |     struct TestValue;\n    |\n\nerror[E0277]: the trait bound `TestValue: std::cmp::Eq` is not satisfied\n   --> src/map/slice.rs:648:18\n    |\n648 |     impl Ord for TestValue {\n    |                  ^^^^^^^^^ the trait `std::cmp::Eq` is not implemented for `TestValue`\n    |\nnote: required by a bound in `Ord`\n   --> /home/abezbm/.rustup/toolchains/nightly-2024-07-21-x86_64-unknown-linux-gnu/lib/rustlib/src/rust/library/core/src/cmp.rs:821:16\n    |\n821 | pub trait Ord: Eq + PartialOrd<Self> {\n    |                ^^ required by this bound in `Ord`\nhelp: consider annotating `TestValue` with `#[derive(Eq)]`\n    |\n640 +     #[derive(Eq)]\n641 |     struct TestValue;\n    |\n\nerror[E0308]: mismatched types\n   --> src/map/slice.rs:654:72\n    |\n654 |     let entries: Vec<Bucket<TestKey, TestValue>> = vec![Bucket { hash: 0, key: TestKey, value: TestValue }];\n    |                                                                        ^ expected `HashValue`, found integer\n    |\nhelp: try wrapping the expression in `HashValue`\n    |\n654 |     let entries: Vec<Bucket<TestKey, TestValue>> = vec![Bucket { hash: HashValue(0), key: TestKey, value: TestValue }];\n    |                                                                        ++++++++++ +\n\nerror[E0277]: the trait bound `[Bucket<_, _>]: TryFrom<std::vec::Vec<Bucket<TestKey, TestValue>>>` is not satisfied\n   --> src/map/slice.rs:655:42\n    |\n655 |     let slice = Slice { entries: entries.try_into().unwrap() };\n    |                                          ^^^^^^^^ the trait `From<std::vec::Vec<Bucket<TestKey, TestValue>>>` is not implemented for `[Bucket<_, _>]`, which is required by `std::vec::Vec<Bucket<TestKey, TestValue>>: TryInto<_>`\n    |\n    = help: the following other types implement trait `From<T>`:\n              `[T; 10]` implements `From<(T, T, T, T, T, T, T, T, T, T)>`\n              `[T; 11]` implements `From<(T, T, T, T, T, T, T, T, T, T, T)>`\n              `[T; 12]` implements `From<(T, T, T, T, T, T, T, T, T, T, T, T)>`\n              `[T; 1]` implements `From<(T,)>`\n              `[T; 2]` implements `From<(T, T)>`\n              `[T; 3]` implements `From<(T, T, T)>`\n              `[T; 4]` implements `From<(T, T, T, T)>`\n              `[T; 5]` implements `From<(T, T, T, T, T)>`\n            and 6 others\n    = note: required for `std::vec::Vec<Bucket<TestKey, TestValue>>` to implement `Into<[Bucket<_, _>]>`\n    = note: required for `[Bucket<_, _>]` to implement `TryFrom<std::vec::Vec<Bucket<TestKey, TestValue>>>`\n    = note: required for `std::vec::Vec<Bucket<TestKey, TestValue>>` to implement `TryInto<[Bucket<_, _>]>`\n\nerror[E0277]: the size for values of type `[Bucket<_, _>]` cannot be known at compilation time\n    --> src/map/slice.rs:655:53\n     |\n655  |     let slice = Slice { entries: entries.try_into().unwrap() };\n     |                                                     ^^^^^^ doesn't have a size known at compile-time\n     |\n     = help: the trait `Sized` is not implemented for `[Bucket<_, _>]`\nnote: required by a bound in `Result::<T, E>::unwrap`\n    --> /home/abezbm/.rustup/toolchains/nightly-2024-07-21-x86_64-unknown-linux-gnu/lib/rustlib/src/rust/library/core/src/result.rs:543:6\n     |\n543  | impl<T, E> Result<T, E> {\n     |      ^ required by this bound in `Result::<T, E>::unwrap`\n...\n1096 |     pub fn unwrap(self) -> T\n     |            ------ required by a bound in this associated function\nhelp: consider removing this method call, as the receiver has type `std::vec::Vec<Bucket<TestKey, TestValue>>` and `std::vec::Vec<Bucket<TestKey, TestValue>>: Sized` trivially holds\n     |\n655  -     let slice = Slice { entries: entries.try_into().unwrap() };\n655  +     let slice = Slice { entries: entries.unwrap() };\n     |\n\nerror[E0277]: the size for values of type `[Bucket<_, _>]` cannot be known at compilation time\n   --> src/map/slice.rs:655:17\n    |\n655 |     let slice = Slice { entries: entries.try_into().unwrap() };\n    |                 ^^^^^^^^^^^^^^^^^^^^^^^^^^^^^^^^^^^^^^^^^^^^^^ doesn't have a size known at compile-time\n    |\n    = help: within `map::slice::Slice<_, _>`, the trait `Sized` is not implemented for `[Bucket<_, _>]`, which is required by `map::slice::Slice<_, _>: Sized`\nnote: required because it appears within the type `map::slice::Slice<_, _>`\n   --> src/map/slice.rs:23:12\n    |\n23  | pub struct Slice<K, V> {\n    |            ^^^^^\n    = note: structs must have a statically known size to be initialized\n\nerror[E0277]: the size for values of type `[Bucket<_, _>]` cannot be known at compilation time\n   --> src/map/slice.rs:655:42\n    |\n655 |     let slice = Slice { entries: entries.try_into().unwrap() };\n    |                                          ^^^^^^^^ doesn't have a size known at compile-time\n    |\n    = help: the trait `Sized` is not implemented for `[Bucket<_, _>]`, which is required by `std::vec::Vec<Bucket<TestKey, TestValue>>: TryInto<_>`\n    = note: required for `std::vec::Vec<Bucket<TestKey, TestValue>>` to implement `TryInto<[Bucket<_, _>]>`\n\nerror[E0277]: the size for values of type `[Bucket<_, _>]` cannot be known at compilation time\n   --> src/map/slice.rs:655:9\n    |\n655 |     let slice = Slice { entries: entries.try_into().unwrap() };\n    |         ^^^^^ doesn't have a size known at compile-time\n    |\n    = help: within `map::slice::Slice<_, _>`, the trait `Sized` is not implemented for `[Bucket<_, _>]`, which is required by `map::slice::Slice<_, _>: Sized`\nnote: required because it appears within the type `map::slice::Slice<_, _>`\n   --> src/map/slice.rs:23:12\n    |\n23  | pub struct Slice<K, V> {\n    |            ^^^^^\n    = note: all local variables must have a statically known size\n    = help: unsized locals are gated as an unstable feature\n\nSome errors have detailed explanations: E0277, E0308.\nFor more information about an error, try `rustc --explain E0277`.\nwarning: `indexmap` (lib test) generated 8 warnings\nerror: could not compile `indexmap` (lib test) due to 10 previous errors; 8 warnings emitted\n"
                }
              ],
              "repaired": [
                false
              ]
            },
            {
              "attrs": [],
              "prefix": [],
              "oracles": [],
              "codes": [
                [
                  "{",
                  "    struct TestKey(usize);",
                  "    struct TestValue;",
                  "",
                  "    impl Ord for TestKey {",
                  "        fn cmp(&self, other: &Self) -> Ordering {",
                  "            self.0.cmp(&other.0)",
                  "        }",
                  "    }",
                  "",
                  "    let entries: Vec<Bucket<TestKey, TestValue>> = vec![",
                  "        Bucket { hash: 0, key: TestKey(1), value: TestValue },",
                  "        Bucket { hash: 1, key: TestKey(3), value: TestValue },",
                  "        Bucket { hash: 2, key: TestKey(5), value: TestValue },",
                  "    ];",
                  "    let slice = Slice { entries: entries.try_into().unwrap() };",
                  "",
                  "    let result = slice.binary_search_by_key(&TestKey(4), |_, _| TestKey(4));",
                  "    assert_eq!(result, Err(2)); // Should return the position where it can be inserted",
                  "}"
                ]
              ],
              "can_compile": [
                {
                  "Err": "   Compiling libc v0.2.172\n   Compiling proc-macro2 v1.0.95\n   Compiling syn v1.0.109\n   Compiling getrandom v0.3.2\n   Compiling zerocopy v0.8.25\n   Compiling quote v1.0.40\n   Compiling syn v2.0.101\n   Compiling getrandom v0.2.16\n   Compiling rand_core v0.6.4\n   Compiling rand_core v0.9.3\n   Compiling rand v0.8.5\n   Compiling quickcheck v1.0.3\n   Compiling ppv-lite86 v0.2.21\n   Compiling rand_chacha v0.9.0\n   Compiling rand v0.9.1\n   Compiling serde_derive v1.0.219\n   Compiling ntest_timeout v0.9.3\n   Compiling ntest_test_cases v0.9.3\n   Compiling ntest v0.9.3\n   Compiling indexmap v2.9.0 (/home/abezbm/rust-utgen-test-crates-new/indexmap)\nwarning: unused import: `super::*`\n   --> src/map/slice.rs:520:9\n    |\n520 |     use super::*;\n    |         ^^^^^^^^\n    |\n    = note: `#[warn(unused_imports)]` on by default\n\nwarning: unused import: `ntest::timeout`\n   --> src/map/slice.rs:635:8\n    |\n635 |    use ntest::timeout;\n    |        ^^^^^^^^^^^^^^\n\nwarning: unused import: `super::*`\n --> src/map/tests.rs:1:5\n  |\n1 | use super::*;\n  |     ^^^^^^^^\n\nwarning: unused import: `std::string::String`\n --> src/map/tests.rs:2:5\n  |\n2 | use std::string::String;\n  |     ^^^^^^^^^^^^^^^^^^^\n\nwarning: unused macro definition: `move_index_oob`\n   --> src/map/tests.rs:817:14\n    |\n817 | macro_rules! move_index_oob {\n    |              ^^^^^^^^^^^^^^\n    |\n    = note: `#[warn(unused_macros)]` on by default\n\nwarning: unused import: `super::*`\n   --> src/set/slice.rs:334:9\n    |\n334 |     use super::*;\n    |         ^^^^^^^^\n\nwarning: unused import: `super::*`\n --> src/set/tests.rs:1:5\n  |\n1 | use super::*;\n  |     ^^^^^^^^\n\nwarning: unused import: `std::string::String`\n --> src/set/tests.rs:2:5\n  |\n2 | use std::string::String;\n  |     ^^^^^^^^^^^^^^^^^^^\n\nerror[E0277]: can't compare `TestKey` with `TestKey`\n   --> src/map/slice.rs:642:18\n    |\n642 |     impl Ord for TestKey {\n    |                  ^^^^^^^ no implementation for `TestKey < TestKey` and `TestKey > TestKey`\n    |\n    = help: the trait `PartialOrd` is not implemented for `TestKey`\nnote: required by a bound in `Ord`\n   --> /home/abezbm/.rustup/toolchains/nightly-2024-07-21-x86_64-unknown-linux-gnu/lib/rustlib/src/rust/library/core/src/cmp.rs:821:21\n    |\n821 | pub trait Ord: Eq + PartialOrd<Self> {\n    |                     ^^^^^^^^^^^^^^^^ required by this bound in `Ord`\nhelp: consider annotating `TestKey` with `#[derive(PartialOrd)]`\n    |\n639 +     #[derive(PartialOrd)]\n640 |     struct TestKey(usize);\n    |\n\nerror[E0277]: the trait bound `TestKey: std::cmp::Eq` is not satisfied\n   --> src/map/slice.rs:642:18\n    |\n642 |     impl Ord for TestKey {\n    |                  ^^^^^^^ the trait `std::cmp::Eq` is not implemented for `TestKey`\n    |\nnote: required by a bound in `Ord`\n   --> /home/abezbm/.rustup/toolchains/nightly-2024-07-21-x86_64-unknown-linux-gnu/lib/rustlib/src/rust/library/core/src/cmp.rs:821:16\n    |\n821 | pub trait Ord: Eq + PartialOrd<Self> {\n    |                ^^ required by this bound in `Ord`\nhelp: consider annotating `TestKey` with `#[derive(Eq)]`\n    |\n639 +     #[derive(Eq)]\n640 |     struct TestKey(usize);\n    |\n\nerror[E0308]: mismatched types\n   --> src/map/slice.rs:649:24\n    |\n649 |         Bucket { hash: 0, key: TestKey(1), value: TestValue },\n    |                        ^ expected `HashValue`, found integer\n    |\nhelp: try wrapping the expression in `HashValue`\n    |\n649 |         Bucket { hash: HashValue(0), key: TestKey(1), value: TestValue },\n    |                        ++++++++++ +\n\nerror[E0308]: mismatched types\n   --> src/map/slice.rs:650:24\n    |\n650 |         Bucket { hash: 1, key: TestKey(3), value: TestValue },\n    |                        ^ expected `HashValue`, found integer\n    |\nhelp: try wrapping the expression in `HashValue`\n    |\n650 |         Bucket { hash: HashValue(1), key: TestKey(3), value: TestValue },\n    |                        ++++++++++ +\n\nerror[E0308]: mismatched types\n   --> src/map/slice.rs:651:24\n    |\n651 |         Bucket { hash: 2, key: TestKey(5), value: TestValue },\n    |                        ^ expected `HashValue`, found integer\n    |\nhelp: try wrapping the expression in `HashValue`\n    |\n651 |         Bucket { hash: HashValue(2), key: TestKey(5), value: TestValue },\n    |                        ++++++++++ +\n\nerror[E0277]: the trait bound `[Bucket<_, _>]: TryFrom<std::vec::Vec<Bucket<TestKey, TestValue>>>` is not satisfied\n   --> src/map/slice.rs:653:42\n    |\n653 |     let slice = Slice { entries: entries.try_into().unwrap() };\n    |                                          ^^^^^^^^ the trait `From<std::vec::Vec<Bucket<TestKey, TestValue>>>` is not implemented for `[Bucket<_, _>]`, which is required by `std::vec::Vec<Bucket<TestKey, TestValue>>: TryInto<_>`\n    |\n    = help: the following other types implement trait `From<T>`:\n              `[T; 10]` implements `From<(T, T, T, T, T, T, T, T, T, T)>`\n              `[T; 11]` implements `From<(T, T, T, T, T, T, T, T, T, T, T)>`\n              `[T; 12]` implements `From<(T, T, T, T, T, T, T, T, T, T, T, T)>`\n              `[T; 1]` implements `From<(T,)>`\n              `[T; 2]` implements `From<(T, T)>`\n              `[T; 3]` implements `From<(T, T, T)>`\n              `[T; 4]` implements `From<(T, T, T, T)>`\n              `[T; 5]` implements `From<(T, T, T, T, T)>`\n            and 6 others\n    = note: required for `std::vec::Vec<Bucket<TestKey, TestValue>>` to implement `Into<[Bucket<_, _>]>`\n    = note: required for `[Bucket<_, _>]` to implement `TryFrom<std::vec::Vec<Bucket<TestKey, TestValue>>>`\n    = note: required for `std::vec::Vec<Bucket<TestKey, TestValue>>` to implement `TryInto<[Bucket<_, _>]>`\n\nerror[E0277]: the size for values of type `[Bucket<_, _>]` cannot be known at compilation time\n    --> src/map/slice.rs:653:53\n     |\n653  |     let slice = Slice { entries: entries.try_into().unwrap() };\n     |                                                     ^^^^^^ doesn't have a size known at compile-time\n     |\n     = help: the trait `Sized` is not implemented for `[Bucket<_, _>]`\nnote: required by a bound in `Result::<T, E>::unwrap`\n    --> /home/abezbm/.rustup/toolchains/nightly-2024-07-21-x86_64-unknown-linux-gnu/lib/rustlib/src/rust/library/core/src/result.rs:543:6\n     |\n543  | impl<T, E> Result<T, E> {\n     |      ^ required by this bound in `Result::<T, E>::unwrap`\n...\n1096 |     pub fn unwrap(self) -> T\n     |            ------ required by a bound in this associated function\nhelp: consider removing this method call, as the receiver has type `std::vec::Vec<Bucket<TestKey, TestValue>>` and `std::vec::Vec<Bucket<TestKey, TestValue>>: Sized` trivially holds\n     |\n653  -     let slice = Slice { entries: entries.try_into().unwrap() };\n653  +     let slice = Slice { entries: entries.unwrap() };\n     |\n\nerror[E0277]: the size for values of type `[Bucket<_, _>]` cannot be known at compilation time\n   --> src/map/slice.rs:653:17\n    |\n653 |     let slice = Slice { entries: entries.try_into().unwrap() };\n    |                 ^^^^^^^^^^^^^^^^^^^^^^^^^^^^^^^^^^^^^^^^^^^^^^ doesn't have a size known at compile-time\n    |\n    = help: within `map::slice::Slice<_, _>`, the trait `Sized` is not implemented for `[Bucket<_, _>]`, which is required by `map::slice::Slice<_, _>: Sized`\nnote: required because it appears within the type `map::slice::Slice<_, _>`\n   --> src/map/slice.rs:23:12\n    |\n23  | pub struct Slice<K, V> {\n    |            ^^^^^\n    = note: structs must have a statically known size to be initialized\n\nerror[E0277]: the size for values of type `[Bucket<_, _>]` cannot be known at compilation time\n   --> src/map/slice.rs:653:42\n    |\n653 |     let slice = Slice { entries: entries.try_into().unwrap() };\n    |                                          ^^^^^^^^ doesn't have a size known at compile-time\n    |\n    = help: the trait `Sized` is not implemented for `[Bucket<_, _>]`, which is required by `std::vec::Vec<Bucket<TestKey, TestValue>>: TryInto<_>`\n    = note: required for `std::vec::Vec<Bucket<TestKey, TestValue>>` to implement `TryInto<[Bucket<_, _>]>`\n\nerror[E0277]: the size for values of type `[Bucket<_, _>]` cannot be known at compilation time\n   --> src/map/slice.rs:653:9\n    |\n653 |     let slice = Slice { entries: entries.try_into().unwrap() };\n    |         ^^^^^ doesn't have a size known at compile-time\n    |\n    = help: within `map::slice::Slice<_, _>`, the trait `Sized` is not implemented for `[Bucket<_, _>]`, which is required by `map::slice::Slice<_, _>: Sized`\nnote: required because it appears within the type `map::slice::Slice<_, _>`\n   --> src/map/slice.rs:23:12\n    |\n23  | pub struct Slice<K, V> {\n    |            ^^^^^\n    = note: all local variables must have a statically known size\n    = help: unsized locals are gated as an unstable feature\n\nSome errors have detailed explanations: E0277, E0308.\nFor more information about an error, try `rustc --explain E0277`.\nwarning: `indexmap` (lib test) generated 8 warnings\nerror: could not compile `indexmap` (lib test) due to 10 previous errors; 8 warnings emitted\n"
                }
              ],
              "repaired": [
                false
              ]
            },
            {
              "attrs": [],
              "prefix": [],
              "oracles": [],
              "codes": [
                [
                  "{",
                  "    struct TestKey;",
                  "    struct TestValue;",
                  "",
                  "    let entries: Vec<Bucket<TestKey, TestValue>> = vec![];",
                  "    let slice = Slice { entries: entries.try_into().unwrap() };",
                  "",
                  "    let result = slice.binary_search_by_key(&TestKey, |_, _| TestKey);",
                  "    assert_eq!(result, Err(0)); // On empty, should return Err(0) for insert position",
                  "}"
                ]
              ],
              "can_compile": [
                {
                  "Err": "   Compiling libc v0.2.172\n   Compiling proc-macro2 v1.0.95\n   Compiling zerocopy v0.8.25\n   Compiling syn v1.0.109\n   Compiling getrandom v0.3.2\n   Compiling quote v1.0.40\n   Compiling syn v2.0.101\n   Compiling getrandom v0.2.16\n   Compiling rand_core v0.9.3\n   Compiling rand_core v0.6.4\n   Compiling rand v0.8.5\n   Compiling quickcheck v1.0.3\n   Compiling ppv-lite86 v0.2.21\n   Compiling rand_chacha v0.9.0\n   Compiling rand v0.9.1\n   Compiling serde_derive v1.0.219\n   Compiling ntest_timeout v0.9.3\n   Compiling ntest_test_cases v0.9.3\n   Compiling ntest v0.9.3\n   Compiling indexmap v2.9.0 (/home/abezbm/rust-utgen-test-crates-new/indexmap)\nwarning: unused import: `super::*`\n   --> src/map/slice.rs:520:9\n    |\n520 |     use super::*;\n    |         ^^^^^^^^\n    |\n    = note: `#[warn(unused_imports)]` on by default\n\nwarning: unused import: `ntest::timeout`\n   --> src/map/slice.rs:635:8\n    |\n635 |    use ntest::timeout;\n    |        ^^^^^^^^^^^^^^\n\nwarning: unused import: `super::*`\n --> src/map/tests.rs:1:5\n  |\n1 | use super::*;\n  |     ^^^^^^^^\n\nwarning: unused import: `std::string::String`\n --> src/map/tests.rs:2:5\n  |\n2 | use std::string::String;\n  |     ^^^^^^^^^^^^^^^^^^^\n\nwarning: unused macro definition: `move_index_oob`\n   --> src/map/tests.rs:817:14\n    |\n817 | macro_rules! move_index_oob {\n    |              ^^^^^^^^^^^^^^\n    |\n    = note: `#[warn(unused_macros)]` on by default\n\nwarning: unused import: `super::*`\n   --> src/set/slice.rs:334:9\n    |\n334 |     use super::*;\n    |         ^^^^^^^^\n\nwarning: unused import: `super::*`\n --> src/set/tests.rs:1:5\n  |\n1 | use super::*;\n  |     ^^^^^^^^\n\nwarning: unused import: `std::string::String`\n --> src/set/tests.rs:2:5\n  |\n2 | use std::string::String;\n  |     ^^^^^^^^^^^^^^^^^^^\n\nerror[E0277]: the trait bound `[Bucket<_, _>]: TryFrom<std::vec::Vec<Bucket<TestKey, TestValue>>>` is not satisfied\n   --> src/map/slice.rs:643:42\n    |\n643 |     let slice = Slice { entries: entries.try_into().unwrap() };\n    |                                          ^^^^^^^^ the trait `From<std::vec::Vec<Bucket<TestKey, TestValue>>>` is not implemented for `[Bucket<_, _>]`, which is required by `std::vec::Vec<Bucket<TestKey, TestValue>>: TryInto<_>`\n    |\n    = help: the following other types implement trait `From<T>`:\n              `[T; 10]` implements `From<(T, T, T, T, T, T, T, T, T, T)>`\n              `[T; 11]` implements `From<(T, T, T, T, T, T, T, T, T, T, T)>`\n              `[T; 12]` implements `From<(T, T, T, T, T, T, T, T, T, T, T, T)>`\n              `[T; 1]` implements `From<(T,)>`\n              `[T; 2]` implements `From<(T, T)>`\n              `[T; 3]` implements `From<(T, T, T)>`\n              `[T; 4]` implements `From<(T, T, T, T)>`\n              `[T; 5]` implements `From<(T, T, T, T, T)>`\n            and 6 others\n    = note: required for `std::vec::Vec<Bucket<TestKey, TestValue>>` to implement `Into<[Bucket<_, _>]>`\n    = note: required for `[Bucket<_, _>]` to implement `TryFrom<std::vec::Vec<Bucket<TestKey, TestValue>>>`\n    = note: required for `std::vec::Vec<Bucket<TestKey, TestValue>>` to implement `TryInto<[Bucket<_, _>]>`\n\nerror[E0277]: the size for values of type `[Bucket<_, _>]` cannot be known at compilation time\n    --> src/map/slice.rs:643:53\n     |\n643  |     let slice = Slice { entries: entries.try_into().unwrap() };\n     |                                                     ^^^^^^ doesn't have a size known at compile-time\n     |\n     = help: the trait `Sized` is not implemented for `[Bucket<_, _>]`\nnote: required by a bound in `Result::<T, E>::unwrap`\n    --> /home/abezbm/.rustup/toolchains/nightly-2024-07-21-x86_64-unknown-linux-gnu/lib/rustlib/src/rust/library/core/src/result.rs:543:6\n     |\n543  | impl<T, E> Result<T, E> {\n     |      ^ required by this bound in `Result::<T, E>::unwrap`\n...\n1096 |     pub fn unwrap(self) -> T\n     |            ------ required by a bound in this associated function\nhelp: consider removing this method call, as the receiver has type `std::vec::Vec<Bucket<TestKey, TestValue>>` and `std::vec::Vec<Bucket<TestKey, TestValue>>: Sized` trivially holds\n     |\n643  -     let slice = Slice { entries: entries.try_into().unwrap() };\n643  +     let slice = Slice { entries: entries.unwrap() };\n     |\n\nerror[E0277]: the size for values of type `[Bucket<_, _>]` cannot be known at compilation time\n   --> src/map/slice.rs:643:17\n    |\n643 |     let slice = Slice { entries: entries.try_into().unwrap() };\n    |                 ^^^^^^^^^^^^^^^^^^^^^^^^^^^^^^^^^^^^^^^^^^^^^^ doesn't have a size known at compile-time\n    |\n    = help: within `map::slice::Slice<_, _>`, the trait `Sized` is not implemented for `[Bucket<_, _>]`, which is required by `map::slice::Slice<_, _>: Sized`\nnote: required because it appears within the type `map::slice::Slice<_, _>`\n   --> src/map/slice.rs:23:12\n    |\n23  | pub struct Slice<K, V> {\n    |            ^^^^^\n    = note: structs must have a statically known size to be initialized\n\nerror[E0277]: the size for values of type `[Bucket<_, _>]` cannot be known at compilation time\n   --> src/map/slice.rs:643:42\n    |\n643 |     let slice = Slice { entries: entries.try_into().unwrap() };\n    |                                          ^^^^^^^^ doesn't have a size known at compile-time\n    |\n    = help: the trait `Sized` is not implemented for `[Bucket<_, _>]`, which is required by `std::vec::Vec<Bucket<TestKey, TestValue>>: TryInto<_>`\n    = note: required for `std::vec::Vec<Bucket<TestKey, TestValue>>` to implement `TryInto<[Bucket<_, _>]>`\n\nerror[E0277]: the size for values of type `[Bucket<_, _>]` cannot be known at compilation time\n   --> src/map/slice.rs:643:9\n    |\n643 |     let slice = Slice { entries: entries.try_into().unwrap() };\n    |         ^^^^^ doesn't have a size known at compile-time\n    |\n    = help: within `map::slice::Slice<_, _>`, the trait `Sized` is not implemented for `[Bucket<_, _>]`, which is required by `map::slice::Slice<_, _>: Sized`\nnote: required because it appears within the type `map::slice::Slice<_, _>`\n   --> src/map/slice.rs:23:12\n    |\n23  | pub struct Slice<K, V> {\n    |            ^^^^^\n    = note: all local variables must have a statically known size\n    = help: unsized locals are gated as an unstable feature\n\nerror[E0277]: the trait bound `TestKey: Ord` is not satisfied\n   --> src/map/slice.rs:645:45\n    |\n645 |     let result = slice.binary_search_by_key(&TestKey, |_, _| TestKey);\n    |                        -------------------- ^^^^^^^^ the trait `Ord` is not implemented for `TestKey`\n    |                        |\n    |                        required by a bound introduced by this call\n    |\nnote: required by a bound in `map::slice::Slice::<K, V>::binary_search_by_key`\n   --> src/map/slice.rs:255:12\n    |\n252 |     pub fn binary_search_by_key<'a, B, F>(&'a self, b: &B, mut f: F) -> Result<usize, usize>\n    |            -------------------- required by a bound in this associated function\n...\n255 |         B: Ord,\n    |            ^^^ required by this bound in `Slice::<K, V>::binary_search_by_key`\nhelp: consider annotating `TestKey` with `#[derive(Ord)]`\n    |\n639 +     #[derive(Ord)]\n640 |     struct TestKey;\n    |\n\nFor more information about this error, try `rustc --explain E0277`.\nwarning: `indexmap` (lib test) generated 8 warnings\nerror: could not compile `indexmap` (lib test) due to 6 previous errors; 8 warnings emitted\n"
                }
              ],
              "repaired": [
                false
              ]
            },
            {
              "attrs": [
                "#[should_panic]"
              ],
              "prefix": [],
              "oracles": [],
              "codes": [
                [
                  "{",
                  "    struct TestKey(usize);",
                  "    struct TestValue;",
                  "",
                  "    impl Ord for TestKey {",
                  "        fn cmp(&self, other: &Self) -> Ordering {",
                  "            self.0.cmp(&other.0)",
                  "        }",
                  "    }",
                  "",
                  "    let entries: Vec<Bucket<TestKey, TestValue>> = vec![",
                  "        Bucket { hash: 0, key: TestKey(1), value: TestValue },",
                  "        Bucket { hash: 1, key: TestKey(3), value: TestValue },",
                  "        Bucket { hash: 2, key: TestKey(5), value: TestValue },",
                  "    ];",
                  "    let slice = Slice { entries: entries.try_into().unwrap() };",
                  "",
                  "    // This will panic because we're trying to access a position out of bounds",
                  "    let _ = slice.binary_search_by_key(&TestKey(6), |_, _| TestKey(6));",
                  "}"
                ]
              ],
              "can_compile": [
                {
                  "Err": "   Compiling libc v0.2.172\n   Compiling proc-macro2 v1.0.95\n   Compiling syn v1.0.109\n   Compiling zerocopy v0.8.25\n   Compiling getrandom v0.3.2\n   Compiling quote v1.0.40\n   Compiling syn v2.0.101\n   Compiling getrandom v0.2.16\n   Compiling rand_core v0.6.4\n   Compiling rand_core v0.9.3\n   Compiling rand v0.8.5\n   Compiling quickcheck v1.0.3\n   Compiling ppv-lite86 v0.2.21\n   Compiling rand_chacha v0.9.0\n   Compiling rand v0.9.1\n   Compiling serde_derive v1.0.219\n   Compiling ntest_test_cases v0.9.3\n   Compiling ntest_timeout v0.9.3\n   Compiling ntest v0.9.3\n   Compiling indexmap v2.9.0 (/home/abezbm/rust-utgen-test-crates-new/indexmap)\nwarning: unused import: `super::*`\n   --> src/map/slice.rs:520:9\n    |\n520 |     use super::*;\n    |         ^^^^^^^^\n    |\n    = note: `#[warn(unused_imports)]` on by default\n\nwarning: unused import: `ntest::timeout`\n   --> src/map/slice.rs:635:8\n    |\n635 |    use ntest::timeout;\n    |        ^^^^^^^^^^^^^^\n\nwarning: unused import: `super::*`\n --> src/map/tests.rs:1:5\n  |\n1 | use super::*;\n  |     ^^^^^^^^\n\nwarning: unused import: `std::string::String`\n --> src/map/tests.rs:2:5\n  |\n2 | use std::string::String;\n  |     ^^^^^^^^^^^^^^^^^^^\n\nwarning: unused macro definition: `move_index_oob`\n   --> src/map/tests.rs:817:14\n    |\n817 | macro_rules! move_index_oob {\n    |              ^^^^^^^^^^^^^^\n    |\n    = note: `#[warn(unused_macros)]` on by default\n\nwarning: unused import: `super::*`\n   --> src/set/slice.rs:334:9\n    |\n334 |     use super::*;\n    |         ^^^^^^^^\n\nwarning: unused import: `super::*`\n --> src/set/tests.rs:1:5\n  |\n1 | use super::*;\n  |     ^^^^^^^^\n\nwarning: unused import: `std::string::String`\n --> src/set/tests.rs:2:5\n  |\n2 | use std::string::String;\n  |     ^^^^^^^^^^^^^^^^^^^\n\nerror[E0277]: can't compare `TestKey` with `TestKey`\n   --> src/map/slice.rs:643:18\n    |\n643 |     impl Ord for TestKey {\n    |                  ^^^^^^^ no implementation for `TestKey < TestKey` and `TestKey > TestKey`\n    |\n    = help: the trait `PartialOrd` is not implemented for `TestKey`\nnote: required by a bound in `Ord`\n   --> /home/abezbm/.rustup/toolchains/nightly-2024-07-21-x86_64-unknown-linux-gnu/lib/rustlib/src/rust/library/core/src/cmp.rs:821:21\n    |\n821 | pub trait Ord: Eq + PartialOrd<Self> {\n    |                     ^^^^^^^^^^^^^^^^ required by this bound in `Ord`\nhelp: consider annotating `TestKey` with `#[derive(PartialOrd)]`\n    |\n640 +     #[derive(PartialOrd)]\n641 |     struct TestKey(usize);\n    |\n\nerror[E0277]: the trait bound `TestKey: std::cmp::Eq` is not satisfied\n   --> src/map/slice.rs:643:18\n    |\n643 |     impl Ord for TestKey {\n    |                  ^^^^^^^ the trait `std::cmp::Eq` is not implemented for `TestKey`\n    |\nnote: required by a bound in `Ord`\n   --> /home/abezbm/.rustup/toolchains/nightly-2024-07-21-x86_64-unknown-linux-gnu/lib/rustlib/src/rust/library/core/src/cmp.rs:821:16\n    |\n821 | pub trait Ord: Eq + PartialOrd<Self> {\n    |                ^^ required by this bound in `Ord`\nhelp: consider annotating `TestKey` with `#[derive(Eq)]`\n    |\n640 +     #[derive(Eq)]\n641 |     struct TestKey(usize);\n    |\n\nerror[E0308]: mismatched types\n   --> src/map/slice.rs:650:24\n    |\n650 |         Bucket { hash: 0, key: TestKey(1), value: TestValue },\n    |                        ^ expected `HashValue`, found integer\n    |\nhelp: try wrapping the expression in `HashValue`\n    |\n650 |         Bucket { hash: HashValue(0), key: TestKey(1), value: TestValue },\n    |                        ++++++++++ +\n\nerror[E0308]: mismatched types\n   --> src/map/slice.rs:651:24\n    |\n651 |         Bucket { hash: 1, key: TestKey(3), value: TestValue },\n    |                        ^ expected `HashValue`, found integer\n    |\nhelp: try wrapping the expression in `HashValue`\n    |\n651 |         Bucket { hash: HashValue(1), key: TestKey(3), value: TestValue },\n    |                        ++++++++++ +\n\nerror[E0308]: mismatched types\n   --> src/map/slice.rs:652:24\n    |\n652 |         Bucket { hash: 2, key: TestKey(5), value: TestValue },\n    |                        ^ expected `HashValue`, found integer\n    |\nhelp: try wrapping the expression in `HashValue`\n    |\n652 |         Bucket { hash: HashValue(2), key: TestKey(5), value: TestValue },\n    |                        ++++++++++ +\n\nerror[E0277]: the trait bound `[Bucket<_, _>]: TryFrom<std::vec::Vec<Bucket<TestKey, TestValue>>>` is not satisfied\n   --> src/map/slice.rs:654:42\n    |\n654 |     let slice = Slice { entries: entries.try_into().unwrap() };\n    |                                          ^^^^^^^^ the trait `From<std::vec::Vec<Bucket<TestKey, TestValue>>>` is not implemented for `[Bucket<_, _>]`, which is required by `std::vec::Vec<Bucket<TestKey, TestValue>>: TryInto<_>`\n    |\n    = help: the following other types implement trait `From<T>`:\n              `[T; 10]` implements `From<(T, T, T, T, T, T, T, T, T, T)>`\n              `[T; 11]` implements `From<(T, T, T, T, T, T, T, T, T, T, T)>`\n              `[T; 12]` implements `From<(T, T, T, T, T, T, T, T, T, T, T, T)>`\n              `[T; 1]` implements `From<(T,)>`\n              `[T; 2]` implements `From<(T, T)>`\n              `[T; 3]` implements `From<(T, T, T)>`\n              `[T; 4]` implements `From<(T, T, T, T)>`\n              `[T; 5]` implements `From<(T, T, T, T, T)>`\n            and 6 others\n    = note: required for `std::vec::Vec<Bucket<TestKey, TestValue>>` to implement `Into<[Bucket<_, _>]>`\n    = note: required for `[Bucket<_, _>]` to implement `TryFrom<std::vec::Vec<Bucket<TestKey, TestValue>>>`\n    = note: required for `std::vec::Vec<Bucket<TestKey, TestValue>>` to implement `TryInto<[Bucket<_, _>]>`\n\nerror[E0277]: the size for values of type `[Bucket<_, _>]` cannot be known at compilation time\n    --> src/map/slice.rs:654:53\n     |\n654  |     let slice = Slice { entries: entries.try_into().unwrap() };\n     |                                                     ^^^^^^ doesn't have a size known at compile-time\n     |\n     = help: the trait `Sized` is not implemented for `[Bucket<_, _>]`\nnote: required by a bound in `Result::<T, E>::unwrap`\n    --> /home/abezbm/.rustup/toolchains/nightly-2024-07-21-x86_64-unknown-linux-gnu/lib/rustlib/src/rust/library/core/src/result.rs:543:6\n     |\n543  | impl<T, E> Result<T, E> {\n     |      ^ required by this bound in `Result::<T, E>::unwrap`\n...\n1096 |     pub fn unwrap(self) -> T\n     |            ------ required by a bound in this associated function\nhelp: consider removing this method call, as the receiver has type `std::vec::Vec<Bucket<TestKey, TestValue>>` and `std::vec::Vec<Bucket<TestKey, TestValue>>: Sized` trivially holds\n     |\n654  -     let slice = Slice { entries: entries.try_into().unwrap() };\n654  +     let slice = Slice { entries: entries.unwrap() };\n     |\n\nerror[E0277]: the size for values of type `[Bucket<_, _>]` cannot be known at compilation time\n   --> src/map/slice.rs:654:17\n    |\n654 |     let slice = Slice { entries: entries.try_into().unwrap() };\n    |                 ^^^^^^^^^^^^^^^^^^^^^^^^^^^^^^^^^^^^^^^^^^^^^^ doesn't have a size known at compile-time\n    |\n    = help: within `map::slice::Slice<_, _>`, the trait `Sized` is not implemented for `[Bucket<_, _>]`, which is required by `map::slice::Slice<_, _>: Sized`\nnote: required because it appears within the type `map::slice::Slice<_, _>`\n   --> src/map/slice.rs:23:12\n    |\n23  | pub struct Slice<K, V> {\n    |            ^^^^^\n    = note: structs must have a statically known size to be initialized\n\nerror[E0277]: the size for values of type `[Bucket<_, _>]` cannot be known at compilation time\n   --> src/map/slice.rs:654:42\n    |\n654 |     let slice = Slice { entries: entries.try_into().unwrap() };\n    |                                          ^^^^^^^^ doesn't have a size known at compile-time\n    |\n    = help: the trait `Sized` is not implemented for `[Bucket<_, _>]`, which is required by `std::vec::Vec<Bucket<TestKey, TestValue>>: TryInto<_>`\n    = note: required for `std::vec::Vec<Bucket<TestKey, TestValue>>` to implement `TryInto<[Bucket<_, _>]>`\n\nerror[E0277]: the size for values of type `[Bucket<_, _>]` cannot be known at compilation time\n   --> src/map/slice.rs:654:9\n    |\n654 |     let slice = Slice { entries: entries.try_into().unwrap() };\n    |         ^^^^^ doesn't have a size known at compile-time\n    |\n    = help: within `map::slice::Slice<_, _>`, the trait `Sized` is not implemented for `[Bucket<_, _>]`, which is required by `map::slice::Slice<_, _>: Sized`\nnote: required because it appears within the type `map::slice::Slice<_, _>`\n   --> src/map/slice.rs:23:12\n    |\n23  | pub struct Slice<K, V> {\n    |            ^^^^^\n    = note: all local variables must have a statically known size\n    = help: unsized locals are gated as an unstable feature\n\nSome errors have detailed explanations: E0277, E0308.\nFor more information about an error, try `rustc --explain E0277`.\nwarning: `indexmap` (lib test) generated 8 warnings\nerror: could not compile `indexmap` (lib test) due to 10 previous errors; 8 warnings emitted\n"
                }
              ],
              "repaired": [
                false
              ]
            }
          ]
        }
      ]
    }
  ]
}