{
  "name": "base64::read::decoder::read::decoder::DecoderReader<'e, E, R>::read_from_delegate",
  "name_with_impl": "base64::read::decoder::{impl#1}::read_from_delegate",
  "mod_info": {
    "name": "read::decoder",
    "loc": "src/read/mod.rs:2:1:2:13"
  },
  "visible": false,
  "loc": "src/read/decoder.rs:119:5:130:6",
  "fn_tests": [
    {
      "chain_id": 1,
      "prompt_conds": [
        "// constraint: self.b64_offset + self.b64_len < BUF_SIZE is true\n",
        "// may panic: self.b64_buffer[self.b64_offset + self.b64_len..] may panic in certain situations\n",
        "// constraint: self\n            .inner\n            .read(&mut self.b64_buffer[self.b64_offset + self.b64_len..])? is Err/None\n"
      ],
      "input_infer": "",
      "answers": [
        {
          "uses": [
            "use std::io::Cursor;",
            "use std::io;"
          ],
          "has_test_mod": false,
          "common": [],
          "chain_tests": [
            {
              "attrs": [],
              "prefix": [],
              "oracles": [],
              "codes": [
                [
                  "{",
                  "    use std::io::{self, Cursor};",
                  "    ",
                  "    struct MockInner {",
                  "        data: Cursor<Vec<u8>>,",
                  "    }",
                  "",
                  "    impl MockInner {",
                  "        fn new(data: Vec<u8>) -> Self {",
                  "            MockInner { data: Cursor::new(data) }",
                  "        }",
                  "    }",
                  "",
                  "    struct Decoder {",
                  "        inner: MockInner,",
                  "        b64_buffer: [u8; 64],",
                  "        b64_offset: usize,",
                  "        b64_len: usize,",
                  "    }",
                  "",
                  "    impl Decoder {",
                  "        fn new(inner: MockInner) -> Self {",
                  "            Decoder {",
                  "                inner,",
                  "                b64_buffer: [0; 64],",
                  "                b64_offset: 0,",
                  "                b64_len: 0,",
                  "            }",
                  "        }",
                  "",
                  "        fn read_from_delegate(&mut self) -> io::Result<usize> {",
                  "            debug_assert!(self.b64_offset + self.b64_len < 64);",
                  "",
                  "            let read = self.inner.data.read(&mut self.b64_buffer[self.b64_offset + self.b64_len..])?;",
                  "            self.b64_len += read;",
                  "",
                  "            debug_assert!(self.b64_offset + self.b64_len <= 64);",
                  "",
                  "            Ok(read)",
                  "        }",
                  "    }",
                  "",
                  "    let mock_data = vec![1, 2, 3, 4];",
                  "    let inner = MockInner::new(mock_data);",
                  "    let mut decoder = Decoder::new(inner);",
                  "    let bytes_read = decoder.read_from_delegate().unwrap();",
                  "",
                  "    assert_eq!(bytes_read, 4);",
                  "    assert_eq!(decoder.b64_len, 4);",
                  "}"
                ]
              ],
              "can_compile": [
                {
                  "Err": "    Blocking waiting for file lock on package cache\n   Compiling proc-macro2 v1.0.94\n   Compiling crossbeam-utils v0.8.21\n   Compiling syn v1.0.109\n   Compiling libc v0.2.171\n   Compiling semver v1.0.26\n   Compiling rustix v0.38.44\n   Compiling slab v0.4.9\n   Compiling proc-macro-error-attr v1.0.4\n   Compiling zerocopy v0.8.24\n   Compiling serde v1.0.219\n   Compiling proc-macro-error v1.0.4\n   Compiling indexmap v1.9.3\n   Compiling num-traits v0.2.19\n   Compiling rayon-core v1.12.1\n   Compiling rustversion v1.0.20\n   Compiling serde_json v1.0.140\n   Compiling rustc_version v0.4.1\n   Compiling concurrent-queue v2.5.0\n   Compiling crossbeam-epoch v0.9.18\n   Compiling rstest_macros v0.13.0\n   Compiling rstest_reuse v0.6.0\n   Compiling quote v1.0.40\n   Compiling event-listener v5.4.0\n   Compiling async-executor v1.13.1\n   Compiling async-channel v1.9.0\n   Compiling syn v2.0.100\n   Compiling crossbeam-deque v0.8.6\n   Compiling plotters v0.3.7\n   Compiling event-listener-strategy v0.5.4\n   Compiling async-channel v2.3.1\n   Compiling async-lock v3.4.0\n   Compiling blocking v1.6.1\n   Compiling rayon v1.10.0\n   Compiling getrandom v0.2.15\n   Compiling atty v0.2.14\n   Compiling rand_core v0.6.4\n   Compiling ppv-lite86 v0.2.21\n   Compiling rand_chacha v0.3.1\n   Compiling rand v0.8.5\n   Compiling polling v3.7.4\n   Compiling async-io v2.4.0\n   Compiling async-global-executor v2.4.1\n   Compiling async-attributes v1.1.2\n   Compiling clap_derive v3.2.25\n   Compiling ntest_timeout v0.9.3\n   Compiling ntest_test_cases v0.9.3\n   Compiling serde_derive v1.0.219\n   Compiling futures-macro v0.3.31\n   Compiling strum_macros v0.25.3\n   Compiling async-std v1.13.1\n   Compiling ntest v0.9.3\n   Compiling futures-util v0.3.31\n   Compiling strum v0.25.0\n   Compiling clap v3.2.25\n   Compiling futures-executor v0.3.31\n   Compiling futures v0.3.31\n   Compiling rstest v0.13.0\n   Compiling ciborium v0.2.2\n   Compiling tinytemplate v1.2.1\n   Compiling criterion v0.4.0\n   Compiling base64 v0.22.1 (/home/abezbm/rust-utgen-test-crates-new/rust-base64)\nwarning: unused import: `rstest_reuse`\n   --> src/lib.rs:272:5\n    |\n272 | use rstest_reuse;\n    |     ^^^^^^^^^^^^\n    |\n    = note: `#[warn(unused_imports)]` on by default\n\nwarning: unused import: `PAD`\n  --> src/chunked_encoder.rs:82:73\n   |\n82 |         engine::general_purpose::{GeneralPurpose, GeneralPurposeConfig, PAD},\n   |                                                                         ^^^\n\nwarning: unused import: `chunked_encode_matches_normal_encode_random`\n  --> src/display.rs:58:9\n   |\n58 |         chunked_encode_matches_normal_encode_random, SinkTestHelper,\n   |         ^^^^^^^^^^^^^^^^^^^^^^^^^^^^^^^^^^^^^^^^^^^\n\nwarning: unused import: `crate::engine::general_purpose::STANDARD`\n  --> src/display.rs:61:9\n   |\n61 |     use crate::engine::general_purpose::STANDARD;\n   |         ^^^^^^^^^^^^^^^^^^^^^^^^^^^^^^^^^^^^^^^^\n\nwarning: unused import: `super::*`\n   --> src/read/decoder.rs:338:8\n    |\n338 |    use super::*;\n    |        ^^^^^^^^\n\nwarning: unused import: `ntest::timeout`\n   --> src/read/decoder.rs:339:8\n    |\n339 |    use ntest::timeout;\n    |        ^^^^^^^^^^^^^^\n\nwarning: unused import: `iter`\n --> src/read/decoder_tests.rs:4:5\n  |\n4 |     iter,\n  |     ^^^^\n\nwarning: unused import: `RngCore as _`\n --> src/read/decoder_tests.rs:7:22\n  |\n7 | use rand::{Rng as _, RngCore as _};\n  |                      ^^^^^^^^^^^^\n\nwarning: unused imports: `BUF_SIZE` and `DecoderReader`\n --> src/read/decoder_tests.rs:9:22\n  |\n9 | use super::decoder::{DecoderReader, BUF_SIZE};\n  |                      ^^^^^^^^^^^^^  ^^^^^^^^\n\nwarning: unused imports: `DecodeError`, `Engine`, `GeneralPurpose`, `PAD_BYTE`, `alphabet`, `general_purpose::STANDARD`, `random_alphabet`, `random_config`, and `random_engine`\n  --> src/read/decoder_tests.rs:11:5\n   |\n11 |     alphabet,\n   |     ^^^^^^^^\n12 |     engine::{general_purpose::STANDARD, Engine, GeneralPurpose},\n   |              ^^^^^^^^^^^^^^^^^^^^^^^^^  ^^^^^^  ^^^^^^^^^^^^^^\n13 |     tests::{random_alphabet, random_config, random_engine},\n   |             ^^^^^^^^^^^^^^^  ^^^^^^^^^^^^^  ^^^^^^^^^^^^^\n14 |     DecodeError, PAD_BYTE,\n   |     ^^^^^^^^^^^  ^^^^^^^^\n\nwarning: unused imports: `engine::Engine`, `tests::random_engine`, and `write::encoder_string_writer::EncoderStringWriter`\n   --> src/write/encoder_string_writer.rs:139:9\n    |\n139 |         engine::Engine, tests::random_engine, write::encoder_string_writer::EncoderStringWriter,\n    |         ^^^^^^^^^^^^^^  ^^^^^^^^^^^^^^^^^^^^  ^^^^^^^^^^^^^^^^^^^^^^^^^^^^^^^^^^^^^^^^^^^^^^^^^\n\nwarning: unused import: `rand::Rng`\n   --> src/write/encoder_string_writer.rs:141:9\n    |\n141 |     use rand::Rng;\n    |         ^^^^^^^^^\n\nwarning: unused import: `std::cmp`\n   --> src/write/encoder_string_writer.rs:142:9\n    |\n142 |     use std::cmp;\n    |         ^^^^^^^^\n\nwarning: unused import: `std::io::Write`\n   --> src/write/encoder_string_writer.rs:143:9\n    |\n143 |     use std::io::Write;\n    |         ^^^^^^^^^^^^^^\n\nwarning: unused import: `Cursor`\n --> src/write/encoder_tests.rs:1:15\n  |\n1 | use std::io::{Cursor, Write};\n  |               ^^^^^^\n\nwarning: unused import: `super::*`\n   --> src/engine/general_purpose/decode.rs:302:9\n    |\n302 |     use super::*;\n    |         ^^^^^^^^\n\nwarning: unused import: `crate::engine::general_purpose::STANDARD`\n   --> src/engine/general_purpose/decode.rs:304:9\n    |\n304 |     use crate::engine::general_purpose::STANDARD;\n    |         ^^^^^^^^^^^^^^^^^^^^^^^^^^^^^^^^^^^^^^^^\n\nwarning: unused import: `crate::alphabet::*`\n   --> src/alphabet.rs:211:9\n    |\n211 |     use crate::alphabet::*;\n    |         ^^^^^^^^^^^^^^^^^^\n\nwarning: unused import: `core::convert::TryFrom as _`\n   --> src/alphabet.rs:212:9\n    |\n212 |     use core::convert::TryFrom as _;\n    |         ^^^^^^^^^^^^^^^^^^^^^^^^^^^\n\nwarning: unused imports: `STANDARD`, `random_config`, and `random_engine`\n   --> src/encode.rs:169:59\n    |\n169 |         engine::general_purpose::{GeneralPurpose, NO_PAD, STANDARD},\n    |                                                           ^^^^^^^^\n170 |         tests::{assert_encode_sanity, random_config, random_engine},\n    |                                       ^^^^^^^^^^^^^  ^^^^^^^^^^^^^\n\nwarning: unused imports: `Distribution` and `Uniform`\n   --> src/encode.rs:173:25\n    |\n173 |         distributions::{Distribution, Uniform},\n    |                         ^^^^^^^^^^^^  ^^^^^^^\n\nwarning: unused import: `std::str`\n   --> src/encode.rs:176:9\n    |\n176 |     use std::str;\n    |         ^^^^^^^^\n\nwarning: unused imports: `alphabet` and `general_purpose`\n   --> src/decode.rs:160:9\n    |\n160 |         alphabet,\n    |         ^^^^^^^^\n161 |         engine::{general_purpose, Config, GeneralPurpose},\n    |                  ^^^^^^^^^^^^^^^\n\nwarning: unused import: `super::*`\n   --> src/decode.rs:348:9\n    |\n348 |     use super::*;\n    |         ^^^^^^^^\n\nwarning: unused import: `std::error::Error`\n   --> src/decode.rs:349:9\n    |\n349 |     use std::error::Error;\n    |         ^^^^^^^^^^^^^^^^^\n\nerror[E0599]: no method named `read` found for struct `std::io::Cursor` in the current scope\n   --> src/read/decoder.rs:375:40\n    |\n375 |             let read = self.inner.data.read(&mut self.b64_buffer[self.b64_offset + self.b64_len..])?;\n    |                                        ^^^^ method not found in `Cursor<Vec<u8>>`\n    |\n   ::: /home/abezbm/.rustup/toolchains/nightly-2024-07-21-x86_64-unknown-linux-gnu/lib/rustlib/src/rust/library/std/src/io/mod.rs:756:8\n    |\n756 |     fn read(&mut self, buf: &mut [u8]) -> Result<usize>;\n    |        ---- the method is available for `std::io::Cursor<std::vec::Vec<u8>>` here\n    |\n    = help: items from traits can only be used if the trait is in scope\nhelp: trait `Read` which provides `read` is implemented but not in scope; perhaps you want to import it\n    |\n338 +    use std::io::Read;\n    |\n\nwarning: unused import: `Read`\n --> src/read/decoder_tests.rs:3:16\n  |\n3 |     io::{self, Read as _},\n  |                ^^^^\n\nFor more information about this error, try `rustc --explain E0599`.\nwarning: `base64` (lib test) generated 26 warnings\nerror: could not compile `base64` (lib test) due to 1 previous error; 26 warnings emitted\n"
                }
              ],
              "repaired": [
                false
              ]
            },
            {
              "attrs": [],
              "prefix": [],
              "oracles": [],
              "codes": [
                [
                  "{",
                  "    use std::io::{self, Cursor};",
                  "    ",
                  "    struct MockInner {",
                  "        data: Cursor<Vec<u8>>,",
                  "    }",
                  "",
                  "    impl MockInner {",
                  "        fn new(data: Vec<u8>) -> Self {",
                  "            MockInner { data: Cursor::new(data) }",
                  "        }",
                  "    }",
                  "",
                  "    struct Decoder {",
                  "        inner: MockInner,",
                  "        b64_buffer: [u8; 64],",
                  "        b64_offset: usize,",
                  "        b64_len: usize,",
                  "    }",
                  "",
                  "    impl Decoder {",
                  "        fn new(inner: MockInner) -> Self {",
                  "            Decoder {",
                  "                inner,",
                  "                b64_buffer: [0; 64],",
                  "                b64_offset: 60,",
                  "                b64_len: 4,",
                  "            }",
                  "        }",
                  "",
                  "        fn read_from_delegate(&mut self) -> io::Result<usize> {",
                  "            debug_assert!(self.b64_offset + self.b64_len < 64);",
                  "",
                  "            let read = self.inner.data.read(&mut self.b64_buffer[self.b64_offset + self.b64_len..])?;",
                  "            self.b64_len += read;",
                  "",
                  "            debug_assert!(self.b64_offset + self.b64_len <= 64);",
                  "",
                  "            Ok(read)",
                  "        }",
                  "    }",
                  "",
                  "    let mock_data = vec![1, 2, 3, 4];",
                  "    let inner = MockInner::new(mock_data);",
                  "    let mut decoder = Decoder::new(inner);",
                  "",
                  "    let result = decoder.read_from_delegate();",
                  "    assert!(result.is_err());",
                  "}"
                ]
              ],
              "can_compile": [
                {
                  "Err": "   Compiling proc-macro2 v1.0.94\n   Compiling crossbeam-utils v0.8.21\n   Compiling syn v1.0.109\n   Compiling libc v0.2.171\n   Compiling semver v1.0.26\n   Compiling rustix v0.38.44\n   Compiling slab v0.4.9\n   Compiling proc-macro-error-attr v1.0.4\n   Compiling zerocopy v0.8.24\n   Compiling serde v1.0.219\n   Compiling proc-macro-error v1.0.4\n   Compiling num-traits v0.2.19\n   Compiling indexmap v1.9.3\n   Compiling rayon-core v1.12.1\n   Compiling rustversion v1.0.20\n   Compiling serde_json v1.0.140\n   Compiling rustc_version v0.4.1\n   Compiling concurrent-queue v2.5.0\n   Compiling crossbeam-epoch v0.9.18\n   Compiling rstest_macros v0.13.0\n   Compiling rstest_reuse v0.6.0\n   Compiling quote v1.0.40\n   Compiling event-listener v5.4.0\n   Compiling async-executor v1.13.1\n   Compiling async-channel v1.9.0\n   Compiling syn v2.0.100\n   Compiling crossbeam-deque v0.8.6\n   Compiling plotters v0.3.7\n   Compiling event-listener-strategy v0.5.4\n   Compiling async-lock v3.4.0\n   Compiling async-channel v2.3.1\n   Compiling blocking v1.6.1\n   Compiling rayon v1.10.0\n   Compiling getrandom v0.2.15\n   Compiling atty v0.2.14\n   Compiling rand_core v0.6.4\n   Compiling ppv-lite86 v0.2.21\n   Compiling rand_chacha v0.3.1\n   Compiling rand v0.8.5\n   Compiling polling v3.7.4\n   Compiling async-io v2.4.0\n   Compiling async-global-executor v2.4.1\n   Compiling serde_derive v1.0.219\n   Compiling futures-macro v0.3.31\n   Compiling strum_macros v0.25.3\n   Compiling async-attributes v1.1.2\n   Compiling clap_derive v3.2.25\n   Compiling ntest_test_cases v0.9.3\n   Compiling ntest_timeout v0.9.3\n   Compiling async-std v1.13.1\n   Compiling ntest v0.9.3\n   Compiling futures-util v0.3.31\n   Compiling strum v0.25.0\n   Compiling clap v3.2.25\n   Compiling futures-executor v0.3.31\n   Compiling futures v0.3.31\n   Compiling rstest v0.13.0\n   Compiling ciborium v0.2.2\n   Compiling tinytemplate v1.2.1\n   Compiling criterion v0.4.0\n   Compiling base64 v0.22.1 (/home/abezbm/rust-utgen-test-crates-new/rust-base64)\nwarning: unused import: `rstest_reuse`\n   --> src/lib.rs:272:5\n    |\n272 | use rstest_reuse;\n    |     ^^^^^^^^^^^^\n    |\n    = note: `#[warn(unused_imports)]` on by default\n\nwarning: unused import: `PAD`\n  --> src/chunked_encoder.rs:82:73\n   |\n82 |         engine::general_purpose::{GeneralPurpose, GeneralPurposeConfig, PAD},\n   |                                                                         ^^^\n\nwarning: unused import: `chunked_encode_matches_normal_encode_random`\n  --> src/display.rs:58:9\n   |\n58 |         chunked_encode_matches_normal_encode_random, SinkTestHelper,\n   |         ^^^^^^^^^^^^^^^^^^^^^^^^^^^^^^^^^^^^^^^^^^^\n\nwarning: unused import: `crate::engine::general_purpose::STANDARD`\n  --> src/display.rs:61:9\n   |\n61 |     use crate::engine::general_purpose::STANDARD;\n   |         ^^^^^^^^^^^^^^^^^^^^^^^^^^^^^^^^^^^^^^^^\n\nwarning: unused import: `super::*`\n   --> src/read/decoder.rs:338:8\n    |\n338 |    use super::*;\n    |        ^^^^^^^^\n\nwarning: unused import: `ntest::timeout`\n   --> src/read/decoder.rs:339:8\n    |\n339 |    use ntest::timeout;\n    |        ^^^^^^^^^^^^^^\n\nwarning: unused import: `iter`\n --> src/read/decoder_tests.rs:4:5\n  |\n4 |     iter,\n  |     ^^^^\n\nwarning: unused import: `RngCore as _`\n --> src/read/decoder_tests.rs:7:22\n  |\n7 | use rand::{Rng as _, RngCore as _};\n  |                      ^^^^^^^^^^^^\n\nwarning: unused imports: `BUF_SIZE` and `DecoderReader`\n --> src/read/decoder_tests.rs:9:22\n  |\n9 | use super::decoder::{DecoderReader, BUF_SIZE};\n  |                      ^^^^^^^^^^^^^  ^^^^^^^^\n\nwarning: unused imports: `DecodeError`, `Engine`, `GeneralPurpose`, `PAD_BYTE`, `alphabet`, `general_purpose::STANDARD`, `random_alphabet`, `random_config`, and `random_engine`\n  --> src/read/decoder_tests.rs:11:5\n   |\n11 |     alphabet,\n   |     ^^^^^^^^\n12 |     engine::{general_purpose::STANDARD, Engine, GeneralPurpose},\n   |              ^^^^^^^^^^^^^^^^^^^^^^^^^  ^^^^^^  ^^^^^^^^^^^^^^\n13 |     tests::{random_alphabet, random_config, random_engine},\n   |             ^^^^^^^^^^^^^^^  ^^^^^^^^^^^^^  ^^^^^^^^^^^^^\n14 |     DecodeError, PAD_BYTE,\n   |     ^^^^^^^^^^^  ^^^^^^^^\n\nwarning: unused imports: `engine::Engine`, `tests::random_engine`, and `write::encoder_string_writer::EncoderStringWriter`\n   --> src/write/encoder_string_writer.rs:139:9\n    |\n139 |         engine::Engine, tests::random_engine, write::encoder_string_writer::EncoderStringWriter,\n    |         ^^^^^^^^^^^^^^  ^^^^^^^^^^^^^^^^^^^^  ^^^^^^^^^^^^^^^^^^^^^^^^^^^^^^^^^^^^^^^^^^^^^^^^^\n\nwarning: unused import: `rand::Rng`\n   --> src/write/encoder_string_writer.rs:141:9\n    |\n141 |     use rand::Rng;\n    |         ^^^^^^^^^\n\nwarning: unused import: `std::cmp`\n   --> src/write/encoder_string_writer.rs:142:9\n    |\n142 |     use std::cmp;\n    |         ^^^^^^^^\n\nwarning: unused import: `std::io::Write`\n   --> src/write/encoder_string_writer.rs:143:9\n    |\n143 |     use std::io::Write;\n    |         ^^^^^^^^^^^^^^\n\nwarning: unused import: `Cursor`\n --> src/write/encoder_tests.rs:1:15\n  |\n1 | use std::io::{Cursor, Write};\n  |               ^^^^^^\n\nwarning: unused import: `super::*`\n   --> src/engine/general_purpose/decode.rs:302:9\n    |\n302 |     use super::*;\n    |         ^^^^^^^^\n\nwarning: unused import: `crate::engine::general_purpose::STANDARD`\n   --> src/engine/general_purpose/decode.rs:304:9\n    |\n304 |     use crate::engine::general_purpose::STANDARD;\n    |         ^^^^^^^^^^^^^^^^^^^^^^^^^^^^^^^^^^^^^^^^\n\nwarning: unused import: `crate::alphabet::*`\n   --> src/alphabet.rs:211:9\n    |\n211 |     use crate::alphabet::*;\n    |         ^^^^^^^^^^^^^^^^^^\n\nwarning: unused import: `core::convert::TryFrom as _`\n   --> src/alphabet.rs:212:9\n    |\n212 |     use core::convert::TryFrom as _;\n    |         ^^^^^^^^^^^^^^^^^^^^^^^^^^^\n\nwarning: unused imports: `STANDARD`, `random_config`, and `random_engine`\n   --> src/encode.rs:169:59\n    |\n169 |         engine::general_purpose::{GeneralPurpose, NO_PAD, STANDARD},\n    |                                                           ^^^^^^^^\n170 |         tests::{assert_encode_sanity, random_config, random_engine},\n    |                                       ^^^^^^^^^^^^^  ^^^^^^^^^^^^^\n\nwarning: unused imports: `Distribution` and `Uniform`\n   --> src/encode.rs:173:25\n    |\n173 |         distributions::{Distribution, Uniform},\n    |                         ^^^^^^^^^^^^  ^^^^^^^\n\nwarning: unused import: `std::str`\n   --> src/encode.rs:176:9\n    |\n176 |     use std::str;\n    |         ^^^^^^^^\n\nwarning: unused imports: `alphabet` and `general_purpose`\n   --> src/decode.rs:160:9\n    |\n160 |         alphabet,\n    |         ^^^^^^^^\n161 |         engine::{general_purpose, Config, GeneralPurpose},\n    |                  ^^^^^^^^^^^^^^^\n\nwarning: unused import: `super::*`\n   --> src/decode.rs:348:9\n    |\n348 |     use super::*;\n    |         ^^^^^^^^\n\nwarning: unused import: `std::error::Error`\n   --> src/decode.rs:349:9\n    |\n349 |     use std::error::Error;\n    |         ^^^^^^^^^^^^^^^^^\n\nerror[E0599]: no method named `read` found for struct `std::io::Cursor` in the current scope\n   --> src/read/decoder.rs:375:40\n    |\n375 |             let read = self.inner.data.read(&mut self.b64_buffer[self.b64_offset + self.b64_len..])?;\n    |                                        ^^^^ method not found in `Cursor<Vec<u8>>`\n    |\n   ::: /home/abezbm/.rustup/toolchains/nightly-2024-07-21-x86_64-unknown-linux-gnu/lib/rustlib/src/rust/library/std/src/io/mod.rs:756:8\n    |\n756 |     fn read(&mut self, buf: &mut [u8]) -> Result<usize>;\n    |        ---- the method is available for `std::io::Cursor<std::vec::Vec<u8>>` here\n    |\n    = help: items from traits can only be used if the trait is in scope\nhelp: trait `Read` which provides `read` is implemented but not in scope; perhaps you want to import it\n    |\n338 +    use std::io::Read;\n    |\n\nwarning: unused import: `Read`\n --> src/read/decoder_tests.rs:3:16\n  |\n3 |     io::{self, Read as _},\n  |                ^^^^\n\nFor more information about this error, try `rustc --explain E0599`.\nwarning: `base64` (lib test) generated 26 warnings\nerror: could not compile `base64` (lib test) due to 1 previous error; 26 warnings emitted\n"
                }
              ],
              "repaired": [
                false
              ]
            },
            {
              "attrs": [
                "#[should_panic]"
              ],
              "prefix": [],
              "oracles": [],
              "codes": [
                [
                  "{",
                  "    use std::io::{self, Cursor};",
                  "    ",
                  "    struct MockInner {",
                  "        data: Cursor<Vec<u8>>,",
                  "    }",
                  "",
                  "    impl MockInner {",
                  "        fn new(data: Vec<u8>) -> Self {",
                  "            MockInner { data: Cursor::new(data) }",
                  "        }",
                  "    }",
                  "",
                  "    struct Decoder {",
                  "        inner: MockInner,",
                  "        b64_buffer: [u8; 64],",
                  "        b64_offset: usize,",
                  "        b64_len: usize,",
                  "    }",
                  "",
                  "    impl Decoder {",
                  "        fn new(inner: MockInner) -> Self {",
                  "            Decoder {",
                  "                inner,",
                  "                b64_buffer: [0; 64],",
                  "                b64_offset: 65,",
                  "                b64_len: 0,",
                  "            }",
                  "        }",
                  "",
                  "        fn read_from_delegate(&mut self) -> io::Result<usize> {",
                  "            debug_assert!(self.b64_offset + self.b64_len < 64);",
                  "",
                  "            let read = self.inner.data.read(&mut self.b64_buffer[self.b64_offset + self.b64_len..])?;",
                  "            self.b64_len += read;",
                  "",
                  "            debug_assert!(self.b64_offset + self.b64_len <= 64);",
                  "",
                  "            Ok(read)",
                  "        }",
                  "    }",
                  "",
                  "    let mock_data = vec![1, 2, 3, 4];",
                  "    let inner = MockInner::new(mock_data);",
                  "    let mut decoder = Decoder::new(inner);",
                  "    ",
                  "    decoder.read_from_delegate().unwrap();",
                  "}"
                ]
              ],
              "can_compile": [
                {
                  "Err": "   Compiling proc-macro2 v1.0.94\n   Compiling crossbeam-utils v0.8.21\n   Compiling syn v1.0.109\n   Compiling semver v1.0.26\n   Compiling libc v0.2.171\n   Compiling rustix v0.38.44\n   Compiling slab v0.4.9\n   Compiling proc-macro-error-attr v1.0.4\n   Compiling serde v1.0.219\n   Compiling zerocopy v0.8.24\n   Compiling proc-macro-error v1.0.4\n   Compiling indexmap v1.9.3\n   Compiling num-traits v0.2.19\n   Compiling serde_json v1.0.140\n   Compiling rayon-core v1.12.1\n   Compiling rustversion v1.0.20\n   Compiling rustc_version v0.4.1\n   Compiling concurrent-queue v2.5.0\n   Compiling crossbeam-epoch v0.9.18\n   Compiling rstest_macros v0.13.0\n   Compiling rstest_reuse v0.6.0\n   Compiling quote v1.0.40\n   Compiling event-listener v5.4.0\n   Compiling async-executor v1.13.1\n   Compiling async-channel v1.9.0\n   Compiling crossbeam-deque v0.8.6\n   Compiling syn v2.0.100\n   Compiling plotters v0.3.7\n   Compiling event-listener-strategy v0.5.4\n   Compiling async-lock v3.4.0\n   Compiling async-channel v2.3.1\n   Compiling blocking v1.6.1\n   Compiling rayon v1.10.0\n   Compiling getrandom v0.2.15\n   Compiling atty v0.2.14\n   Compiling ppv-lite86 v0.2.21\n   Compiling rand_core v0.6.4\n   Compiling rand_chacha v0.3.1\n   Compiling rand v0.8.5\n   Compiling polling v3.7.4\n   Compiling async-io v2.4.0\n   Compiling async-global-executor v2.4.1\n   Compiling async-attributes v1.1.2\n   Compiling clap_derive v3.2.25\n   Compiling ntest_test_cases v0.9.3\n   Compiling ntest_timeout v0.9.3\n   Compiling serde_derive v1.0.219\n   Compiling futures-macro v0.3.31\n   Compiling strum_macros v0.25.3\n   Compiling async-std v1.13.1\n   Compiling ntest v0.9.3\n   Compiling futures-util v0.3.31\n   Compiling strum v0.25.0\n   Compiling clap v3.2.25\n   Compiling futures-executor v0.3.31\n   Compiling futures v0.3.31\n   Compiling rstest v0.13.0\n   Compiling ciborium v0.2.2\n   Compiling tinytemplate v1.2.1\n   Compiling criterion v0.4.0\n   Compiling base64 v0.22.1 (/home/abezbm/rust-utgen-test-crates-new/rust-base64)\nwarning: unused import: `rstest_reuse`\n   --> src/lib.rs:272:5\n    |\n272 | use rstest_reuse;\n    |     ^^^^^^^^^^^^\n    |\n    = note: `#[warn(unused_imports)]` on by default\n\nwarning: unused import: `PAD`\n  --> src/chunked_encoder.rs:82:73\n   |\n82 |         engine::general_purpose::{GeneralPurpose, GeneralPurposeConfig, PAD},\n   |                                                                         ^^^\n\nwarning: unused import: `chunked_encode_matches_normal_encode_random`\n  --> src/display.rs:58:9\n   |\n58 |         chunked_encode_matches_normal_encode_random, SinkTestHelper,\n   |         ^^^^^^^^^^^^^^^^^^^^^^^^^^^^^^^^^^^^^^^^^^^\n\nwarning: unused import: `crate::engine::general_purpose::STANDARD`\n  --> src/display.rs:61:9\n   |\n61 |     use crate::engine::general_purpose::STANDARD;\n   |         ^^^^^^^^^^^^^^^^^^^^^^^^^^^^^^^^^^^^^^^^\n\nwarning: unused import: `super::*`\n   --> src/read/decoder.rs:338:8\n    |\n338 |    use super::*;\n    |        ^^^^^^^^\n\nwarning: unused import: `ntest::timeout`\n   --> src/read/decoder.rs:339:8\n    |\n339 |    use ntest::timeout;\n    |        ^^^^^^^^^^^^^^\n\nwarning: unused import: `iter`\n --> src/read/decoder_tests.rs:4:5\n  |\n4 |     iter,\n  |     ^^^^\n\nwarning: unused import: `RngCore as _`\n --> src/read/decoder_tests.rs:7:22\n  |\n7 | use rand::{Rng as _, RngCore as _};\n  |                      ^^^^^^^^^^^^\n\nwarning: unused imports: `BUF_SIZE` and `DecoderReader`\n --> src/read/decoder_tests.rs:9:22\n  |\n9 | use super::decoder::{DecoderReader, BUF_SIZE};\n  |                      ^^^^^^^^^^^^^  ^^^^^^^^\n\nwarning: unused imports: `DecodeError`, `Engine`, `GeneralPurpose`, `PAD_BYTE`, `alphabet`, `general_purpose::STANDARD`, `random_alphabet`, `random_config`, and `random_engine`\n  --> src/read/decoder_tests.rs:11:5\n   |\n11 |     alphabet,\n   |     ^^^^^^^^\n12 |     engine::{general_purpose::STANDARD, Engine, GeneralPurpose},\n   |              ^^^^^^^^^^^^^^^^^^^^^^^^^  ^^^^^^  ^^^^^^^^^^^^^^\n13 |     tests::{random_alphabet, random_config, random_engine},\n   |             ^^^^^^^^^^^^^^^  ^^^^^^^^^^^^^  ^^^^^^^^^^^^^\n14 |     DecodeError, PAD_BYTE,\n   |     ^^^^^^^^^^^  ^^^^^^^^\n\nwarning: unused imports: `engine::Engine`, `tests::random_engine`, and `write::encoder_string_writer::EncoderStringWriter`\n   --> src/write/encoder_string_writer.rs:139:9\n    |\n139 |         engine::Engine, tests::random_engine, write::encoder_string_writer::EncoderStringWriter,\n    |         ^^^^^^^^^^^^^^  ^^^^^^^^^^^^^^^^^^^^  ^^^^^^^^^^^^^^^^^^^^^^^^^^^^^^^^^^^^^^^^^^^^^^^^^\n\nwarning: unused import: `rand::Rng`\n   --> src/write/encoder_string_writer.rs:141:9\n    |\n141 |     use rand::Rng;\n    |         ^^^^^^^^^\n\nwarning: unused import: `std::cmp`\n   --> src/write/encoder_string_writer.rs:142:9\n    |\n142 |     use std::cmp;\n    |         ^^^^^^^^\n\nwarning: unused import: `std::io::Write`\n   --> src/write/encoder_string_writer.rs:143:9\n    |\n143 |     use std::io::Write;\n    |         ^^^^^^^^^^^^^^\n\nwarning: unused import: `Cursor`\n --> src/write/encoder_tests.rs:1:15\n  |\n1 | use std::io::{Cursor, Write};\n  |               ^^^^^^\n\nwarning: unused import: `super::*`\n   --> src/engine/general_purpose/decode.rs:302:9\n    |\n302 |     use super::*;\n    |         ^^^^^^^^\n\nwarning: unused import: `crate::engine::general_purpose::STANDARD`\n   --> src/engine/general_purpose/decode.rs:304:9\n    |\n304 |     use crate::engine::general_purpose::STANDARD;\n    |         ^^^^^^^^^^^^^^^^^^^^^^^^^^^^^^^^^^^^^^^^\n\nwarning: unused import: `crate::alphabet::*`\n   --> src/alphabet.rs:211:9\n    |\n211 |     use crate::alphabet::*;\n    |         ^^^^^^^^^^^^^^^^^^\n\nwarning: unused import: `core::convert::TryFrom as _`\n   --> src/alphabet.rs:212:9\n    |\n212 |     use core::convert::TryFrom as _;\n    |         ^^^^^^^^^^^^^^^^^^^^^^^^^^^\n\nwarning: unused imports: `STANDARD`, `random_config`, and `random_engine`\n   --> src/encode.rs:169:59\n    |\n169 |         engine::general_purpose::{GeneralPurpose, NO_PAD, STANDARD},\n    |                                                           ^^^^^^^^\n170 |         tests::{assert_encode_sanity, random_config, random_engine},\n    |                                       ^^^^^^^^^^^^^  ^^^^^^^^^^^^^\n\nwarning: unused imports: `Distribution` and `Uniform`\n   --> src/encode.rs:173:25\n    |\n173 |         distributions::{Distribution, Uniform},\n    |                         ^^^^^^^^^^^^  ^^^^^^^\n\nwarning: unused import: `std::str`\n   --> src/encode.rs:176:9\n    |\n176 |     use std::str;\n    |         ^^^^^^^^\n\nwarning: unused imports: `alphabet` and `general_purpose`\n   --> src/decode.rs:160:9\n    |\n160 |         alphabet,\n    |         ^^^^^^^^\n161 |         engine::{general_purpose, Config, GeneralPurpose},\n    |                  ^^^^^^^^^^^^^^^\n\nwarning: unused import: `super::*`\n   --> src/decode.rs:348:9\n    |\n348 |     use super::*;\n    |         ^^^^^^^^\n\nwarning: unused import: `std::error::Error`\n   --> src/decode.rs:349:9\n    |\n349 |     use std::error::Error;\n    |         ^^^^^^^^^^^^^^^^^\n\nerror[E0599]: no method named `read` found for struct `std::io::Cursor` in the current scope\n   --> src/read/decoder.rs:376:40\n    |\n376 |             let read = self.inner.data.read(&mut self.b64_buffer[self.b64_offset + self.b64_len..])?;\n    |                                        ^^^^ method not found in `Cursor<Vec<u8>>`\n    |\n   ::: /home/abezbm/.rustup/toolchains/nightly-2024-07-21-x86_64-unknown-linux-gnu/lib/rustlib/src/rust/library/std/src/io/mod.rs:756:8\n    |\n756 |     fn read(&mut self, buf: &mut [u8]) -> Result<usize>;\n    |        ---- the method is available for `std::io::Cursor<std::vec::Vec<u8>>` here\n    |\n    = help: items from traits can only be used if the trait is in scope\nhelp: trait `Read` which provides `read` is implemented but not in scope; perhaps you want to import it\n    |\n338 +    use std::io::Read;\n    |\n\nwarning: unused import: `Read`\n --> src/read/decoder_tests.rs:3:16\n  |\n3 |     io::{self, Read as _},\n  |                ^^^^\n\nFor more information about this error, try `rustc --explain E0599`.\nwarning: `base64` (lib test) generated 26 warnings\nerror: could not compile `base64` (lib test) due to 1 previous error; 26 warnings emitted\n"
                }
              ],
              "repaired": [
                false
              ]
            }
          ]
        }
      ]
    },
    {
      "chain_id": 2,
      "prompt_conds": [
        "// constraint: self.b64_offset + self.b64_len < BUF_SIZE is true\n",
        "// may panic: self.b64_buffer[self.b64_offset + self.b64_len..] may panic in certain situations\n",
        "// constraint: self\n            .inner\n            .read(&mut self.b64_buffer[self.b64_offset + self.b64_len..])? is Ok/Some\n",
        "// constraint: self.b64_offset + self.b64_len <= BUF_SIZE is true, with bound self.b64_offset + self.b64_len == BUF_SIZE\n",
        "// expected return value/type: Ok(read)\n"
      ],
      "input_infer": "",
      "answers": [
        {
          "uses": [
            "use std::io::Cursor;",
            "use std::io;"
          ],
          "has_test_mod": false,
          "common": [],
          "chain_tests": [
            {
              "attrs": [],
              "prefix": [],
              "oracles": [],
              "codes": [
                [
                  "{",
                  "    use std::io::{self, Cursor};",
                  "",
                  "    struct TestStruct {",
                  "        b64_offset: usize,",
                  "        b64_len: usize,",
                  "        b64_buffer: [u8; 10],",
                  "        inner: Cursor<Vec<u8>>,",
                  "    }",
                  "",
                  "    impl TestStruct {",
                  "        fn new(inner_data: Vec<u8>) -> Self {",
                  "            Self {",
                  "                b64_offset: 0,",
                  "                b64_len: 0,",
                  "                b64_buffer: [0; 10],",
                  "                inner: Cursor::new(inner_data),",
                  "            }",
                  "        }",
                  "",
                  "        fn read_from_delegate(&mut self) -> io::Result<usize> {",
                  "            debug_assert!(self.b64_offset + self.b64_len < 10);",
                  "",
                  "            let read = self.inner.read(&mut self.b64_buffer[self.b64_offset + self.b64_len..])?;",
                  "            self.b64_len += read;",
                  "",
                  "            debug_assert!(self.b64_offset + self.b64_len <= 10);",
                  "",
                  "            Ok(read)",
                  "        }",
                  "    }",
                  "",
                  "    let mut test_struct = TestStruct::new(vec![1, 2, 3, 4, 5]);",
                  "    let result = test_struct.read_from_delegate().unwrap();",
                  "    assert_eq!(result, 5);",
                  "    assert_eq!(test_struct.b64_len, 5);",
                  "}"
                ]
              ],
              "can_compile": [
                {
                  "Err": "   Compiling proc-macro2 v1.0.94\n   Compiling crossbeam-utils v0.8.21\n   Compiling syn v1.0.109\n   Compiling semver v1.0.26\n   Compiling libc v0.2.171\n   Compiling rustix v0.38.44\n   Compiling slab v0.4.9\n   Compiling proc-macro-error-attr v1.0.4\n   Compiling serde v1.0.219\n   Compiling zerocopy v0.8.24\n   Compiling proc-macro-error v1.0.4\n   Compiling num-traits v0.2.19\n   Compiling indexmap v1.9.3\n   Compiling serde_json v1.0.140\n   Compiling rayon-core v1.12.1\n   Compiling rustversion v1.0.20\n   Compiling rustc_version v0.4.1\n   Compiling rstest_macros v0.13.0\n   Compiling rstest_reuse v0.6.0\n   Compiling concurrent-queue v2.5.0\n   Compiling crossbeam-epoch v0.9.18\n   Compiling quote v1.0.40\n   Compiling event-listener v5.4.0\n   Compiling async-executor v1.13.1\n   Compiling async-channel v1.9.0\n   Compiling syn v2.0.100\n   Compiling crossbeam-deque v0.8.6\n   Compiling plotters v0.3.7\n   Compiling event-listener-strategy v0.5.4\n   Compiling async-lock v3.4.0\n   Compiling async-channel v2.3.1\n   Compiling blocking v1.6.1\n   Compiling rayon v1.10.0\n   Compiling getrandom v0.2.15\n   Compiling atty v0.2.14\n   Compiling ppv-lite86 v0.2.21\n   Compiling rand_core v0.6.4\n   Compiling rand_chacha v0.3.1\n   Compiling rand v0.8.5\n   Compiling polling v3.7.4\n   Compiling async-io v2.4.0\n   Compiling async-global-executor v2.4.1\n   Compiling clap_derive v3.2.25\n   Compiling async-attributes v1.1.2\n   Compiling ntest_test_cases v0.9.3\n   Compiling ntest_timeout v0.9.3\n   Compiling serde_derive v1.0.219\n   Compiling futures-macro v0.3.31\n   Compiling strum_macros v0.25.3\n   Compiling async-std v1.13.1\n   Compiling ntest v0.9.3\n   Compiling futures-util v0.3.31\n   Compiling strum v0.25.0\n   Compiling clap v3.2.25\n   Compiling futures-executor v0.3.31\n   Compiling futures v0.3.31\n   Compiling rstest v0.13.0\n   Compiling ciborium v0.2.2\n   Compiling tinytemplate v1.2.1\n   Compiling criterion v0.4.0\n   Compiling base64 v0.22.1 (/home/abezbm/rust-utgen-test-crates-new/rust-base64)\nwarning: unused import: `rstest_reuse`\n   --> src/lib.rs:272:5\n    |\n272 | use rstest_reuse;\n    |     ^^^^^^^^^^^^\n    |\n    = note: `#[warn(unused_imports)]` on by default\n\nwarning: unused import: `PAD`\n  --> src/chunked_encoder.rs:82:73\n   |\n82 |         engine::general_purpose::{GeneralPurpose, GeneralPurposeConfig, PAD},\n   |                                                                         ^^^\n\nwarning: unused import: `chunked_encode_matches_normal_encode_random`\n  --> src/display.rs:58:9\n   |\n58 |         chunked_encode_matches_normal_encode_random, SinkTestHelper,\n   |         ^^^^^^^^^^^^^^^^^^^^^^^^^^^^^^^^^^^^^^^^^^^\n\nwarning: unused import: `crate::engine::general_purpose::STANDARD`\n  --> src/display.rs:61:9\n   |\n61 |     use crate::engine::general_purpose::STANDARD;\n   |         ^^^^^^^^^^^^^^^^^^^^^^^^^^^^^^^^^^^^^^^^\n\nwarning: unused import: `super::*`\n   --> src/read/decoder.rs:338:8\n    |\n338 |    use super::*;\n    |        ^^^^^^^^\n\nwarning: unused import: `ntest::timeout`\n   --> src/read/decoder.rs:339:8\n    |\n339 |    use ntest::timeout;\n    |        ^^^^^^^^^^^^^^\n\nwarning: unused import: `iter`\n --> src/read/decoder_tests.rs:4:5\n  |\n4 |     iter,\n  |     ^^^^\n\nwarning: unused import: `RngCore as _`\n --> src/read/decoder_tests.rs:7:22\n  |\n7 | use rand::{Rng as _, RngCore as _};\n  |                      ^^^^^^^^^^^^\n\nwarning: unused imports: `BUF_SIZE` and `DecoderReader`\n --> src/read/decoder_tests.rs:9:22\n  |\n9 | use super::decoder::{DecoderReader, BUF_SIZE};\n  |                      ^^^^^^^^^^^^^  ^^^^^^^^\n\nwarning: unused imports: `DecodeError`, `Engine`, `GeneralPurpose`, `PAD_BYTE`, `alphabet`, `general_purpose::STANDARD`, `random_alphabet`, `random_config`, and `random_engine`\n  --> src/read/decoder_tests.rs:11:5\n   |\n11 |     alphabet,\n   |     ^^^^^^^^\n12 |     engine::{general_purpose::STANDARD, Engine, GeneralPurpose},\n   |              ^^^^^^^^^^^^^^^^^^^^^^^^^  ^^^^^^  ^^^^^^^^^^^^^^\n13 |     tests::{random_alphabet, random_config, random_engine},\n   |             ^^^^^^^^^^^^^^^  ^^^^^^^^^^^^^  ^^^^^^^^^^^^^\n14 |     DecodeError, PAD_BYTE,\n   |     ^^^^^^^^^^^  ^^^^^^^^\n\nwarning: unused imports: `engine::Engine`, `tests::random_engine`, and `write::encoder_string_writer::EncoderStringWriter`\n   --> src/write/encoder_string_writer.rs:139:9\n    |\n139 |         engine::Engine, tests::random_engine, write::encoder_string_writer::EncoderStringWriter,\n    |         ^^^^^^^^^^^^^^  ^^^^^^^^^^^^^^^^^^^^  ^^^^^^^^^^^^^^^^^^^^^^^^^^^^^^^^^^^^^^^^^^^^^^^^^\n\nwarning: unused import: `rand::Rng`\n   --> src/write/encoder_string_writer.rs:141:9\n    |\n141 |     use rand::Rng;\n    |         ^^^^^^^^^\n\nwarning: unused import: `std::cmp`\n   --> src/write/encoder_string_writer.rs:142:9\n    |\n142 |     use std::cmp;\n    |         ^^^^^^^^\n\nwarning: unused import: `std::io::Write`\n   --> src/write/encoder_string_writer.rs:143:9\n    |\n143 |     use std::io::Write;\n    |         ^^^^^^^^^^^^^^\n\nwarning: unused import: `Cursor`\n --> src/write/encoder_tests.rs:1:15\n  |\n1 | use std::io::{Cursor, Write};\n  |               ^^^^^^\n\nwarning: unused import: `super::*`\n   --> src/engine/general_purpose/decode.rs:302:9\n    |\n302 |     use super::*;\n    |         ^^^^^^^^\n\nwarning: unused import: `crate::engine::general_purpose::STANDARD`\n   --> src/engine/general_purpose/decode.rs:304:9\n    |\n304 |     use crate::engine::general_purpose::STANDARD;\n    |         ^^^^^^^^^^^^^^^^^^^^^^^^^^^^^^^^^^^^^^^^\n\nwarning: unused import: `crate::alphabet::*`\n   --> src/alphabet.rs:211:9\n    |\n211 |     use crate::alphabet::*;\n    |         ^^^^^^^^^^^^^^^^^^\n\nwarning: unused import: `core::convert::TryFrom as _`\n   --> src/alphabet.rs:212:9\n    |\n212 |     use core::convert::TryFrom as _;\n    |         ^^^^^^^^^^^^^^^^^^^^^^^^^^^\n\nwarning: unused imports: `STANDARD`, `random_config`, and `random_engine`\n   --> src/encode.rs:169:59\n    |\n169 |         engine::general_purpose::{GeneralPurpose, NO_PAD, STANDARD},\n    |                                                           ^^^^^^^^\n170 |         tests::{assert_encode_sanity, random_config, random_engine},\n    |                                       ^^^^^^^^^^^^^  ^^^^^^^^^^^^^\n\nwarning: unused imports: `Distribution` and `Uniform`\n   --> src/encode.rs:173:25\n    |\n173 |         distributions::{Distribution, Uniform},\n    |                         ^^^^^^^^^^^^  ^^^^^^^\n\nwarning: unused import: `std::str`\n   --> src/encode.rs:176:9\n    |\n176 |     use std::str;\n    |         ^^^^^^^^\n\nwarning: unused imports: `alphabet` and `general_purpose`\n   --> src/decode.rs:160:9\n    |\n160 |         alphabet,\n    |         ^^^^^^^^\n161 |         engine::{general_purpose, Config, GeneralPurpose},\n    |                  ^^^^^^^^^^^^^^^\n\nwarning: unused import: `super::*`\n   --> src/decode.rs:348:9\n    |\n348 |     use super::*;\n    |         ^^^^^^^^\n\nwarning: unused import: `std::error::Error`\n   --> src/decode.rs:349:9\n    |\n349 |     use std::error::Error;\n    |         ^^^^^^^^^^^^^^^^^\n\nerror[E0599]: no method named `read` found for struct `std::io::Cursor` in the current scope\n   --> src/read/decoder.rs:365:35\n    |\n365 |             let read = self.inner.read(&mut self.b64_buffer[self.b64_offset + self.b64_len..])?;\n    |                                   ^^^^ method not found in `Cursor<Vec<u8>>`\n    |\n   ::: /home/abezbm/.rustup/toolchains/nightly-2024-07-21-x86_64-unknown-linux-gnu/lib/rustlib/src/rust/library/std/src/io/mod.rs:756:8\n    |\n756 |     fn read(&mut self, buf: &mut [u8]) -> Result<usize>;\n    |        ---- the method is available for `std::io::Cursor<std::vec::Vec<u8>>` here\n    |\n    = help: items from traits can only be used if the trait is in scope\nhelp: trait `Read` which provides `read` is implemented but not in scope; perhaps you want to import it\n    |\n338 +    use std::io::Read;\n    |\n\nwarning: unused import: `Read`\n --> src/read/decoder_tests.rs:3:16\n  |\n3 |     io::{self, Read as _},\n  |                ^^^^\n\nFor more information about this error, try `rustc --explain E0599`.\nwarning: `base64` (lib test) generated 26 warnings\nerror: could not compile `base64` (lib test) due to 1 previous error; 26 warnings emitted\n"
                }
              ],
              "repaired": [
                false
              ]
            },
            {
              "attrs": [
                "#[should_panic]"
              ],
              "prefix": [],
              "oracles": [],
              "codes": [
                [
                  "{",
                  "    use std::io::{self, Cursor};",
                  "",
                  "    struct TestStruct {",
                  "        b64_offset: usize,",
                  "        b64_len: usize,",
                  "        b64_buffer: [u8; 10],",
                  "        inner: Cursor<Vec<u8>>,",
                  "    }",
                  "",
                  "    impl TestStruct {",
                  "        fn new(inner_data: Vec<u8>) -> Self {",
                  "            Self {",
                  "                b64_offset: 0,",
                  "                b64_len: 10, // setting length to BUF_SIZE to cause panic",
                  "                b64_buffer: [0; 10],",
                  "                inner: Cursor::new(inner_data),",
                  "            }",
                  "        }",
                  "",
                  "        fn read_from_delegate(&mut self) -> io::Result<usize> {",
                  "            debug_assert!(self.b64_offset + self.b64_len < 10);",
                  "",
                  "            let read = self.inner.read(&mut self.b64_buffer[self.b64_offset + self.b64_len..])?;",
                  "            self.b64_len += read;",
                  "",
                  "            debug_assert!(self.b64_offset + self.b64_len <= 10);",
                  "",
                  "            Ok(read)",
                  "        }",
                  "    }",
                  "",
                  "    let mut test_struct = TestStruct::new(vec![1, 2, 3, 4, 5]);",
                  "    let _result = test_struct.read_from_delegate().unwrap();",
                  "}"
                ]
              ],
              "can_compile": [
                {
                  "Err": "   Compiling proc-macro2 v1.0.94\n   Compiling crossbeam-utils v0.8.21\n   Compiling syn v1.0.109\n   Compiling semver v1.0.26\n   Compiling libc v0.2.171\n   Compiling rustix v0.38.44\n   Compiling slab v0.4.9\n   Compiling proc-macro-error-attr v1.0.4\n   Compiling serde v1.0.219\n   Compiling zerocopy v0.8.24\n   Compiling proc-macro-error v1.0.4\n   Compiling num-traits v0.2.19\n   Compiling indexmap v1.9.3\n   Compiling rustversion v1.0.20\n   Compiling serde_json v1.0.140\n   Compiling rayon-core v1.12.1\n   Compiling rustc_version v0.4.1\n   Compiling concurrent-queue v2.5.0\n   Compiling crossbeam-epoch v0.9.18\n   Compiling rstest_macros v0.13.0\n   Compiling rstest_reuse v0.6.0\n   Compiling quote v1.0.40\n   Compiling event-listener v5.4.0\n   Compiling async-executor v1.13.1\n   Compiling async-channel v1.9.0\n   Compiling crossbeam-deque v0.8.6\n   Compiling plotters v0.3.7\n   Compiling syn v2.0.100\n   Compiling event-listener-strategy v0.5.4\n   Compiling async-lock v3.4.0\n   Compiling async-channel v2.3.1\n   Compiling blocking v1.6.1\n   Compiling rayon v1.10.0\n   Compiling ppv-lite86 v0.2.21\n   Compiling getrandom v0.2.15\n   Compiling atty v0.2.14\n   Compiling rand_core v0.6.4\n   Compiling rand_chacha v0.3.1\n   Compiling rand v0.8.5\n   Compiling polling v3.7.4\n   Compiling async-io v2.4.0\n   Compiling async-global-executor v2.4.1\n   Compiling serde_derive v1.0.219\n   Compiling futures-macro v0.3.31\n   Compiling strum_macros v0.25.3\n   Compiling clap_derive v3.2.25\n   Compiling async-attributes v1.1.2\n   Compiling ntest_timeout v0.9.3\n   Compiling ntest_test_cases v0.9.3\n   Compiling async-std v1.13.1\n   Compiling ntest v0.9.3\n   Compiling futures-util v0.3.31\n   Compiling strum v0.25.0\n   Compiling clap v3.2.25\n   Compiling futures-executor v0.3.31\n   Compiling futures v0.3.31\n   Compiling rstest v0.13.0\n   Compiling ciborium v0.2.2\n   Compiling tinytemplate v1.2.1\n   Compiling criterion v0.4.0\n   Compiling base64 v0.22.1 (/home/abezbm/rust-utgen-test-crates-new/rust-base64)\nwarning: unused import: `rstest_reuse`\n   --> src/lib.rs:272:5\n    |\n272 | use rstest_reuse;\n    |     ^^^^^^^^^^^^\n    |\n    = note: `#[warn(unused_imports)]` on by default\n\nwarning: unused import: `PAD`\n  --> src/chunked_encoder.rs:82:73\n   |\n82 |         engine::general_purpose::{GeneralPurpose, GeneralPurposeConfig, PAD},\n   |                                                                         ^^^\n\nwarning: unused import: `chunked_encode_matches_normal_encode_random`\n  --> src/display.rs:58:9\n   |\n58 |         chunked_encode_matches_normal_encode_random, SinkTestHelper,\n   |         ^^^^^^^^^^^^^^^^^^^^^^^^^^^^^^^^^^^^^^^^^^^\n\nwarning: unused import: `crate::engine::general_purpose::STANDARD`\n  --> src/display.rs:61:9\n   |\n61 |     use crate::engine::general_purpose::STANDARD;\n   |         ^^^^^^^^^^^^^^^^^^^^^^^^^^^^^^^^^^^^^^^^\n\nwarning: unused import: `super::*`\n   --> src/read/decoder.rs:338:8\n    |\n338 |    use super::*;\n    |        ^^^^^^^^\n\nwarning: unused import: `ntest::timeout`\n   --> src/read/decoder.rs:339:8\n    |\n339 |    use ntest::timeout;\n    |        ^^^^^^^^^^^^^^\n\nwarning: unused import: `iter`\n --> src/read/decoder_tests.rs:4:5\n  |\n4 |     iter,\n  |     ^^^^\n\nwarning: unused import: `RngCore as _`\n --> src/read/decoder_tests.rs:7:22\n  |\n7 | use rand::{Rng as _, RngCore as _};\n  |                      ^^^^^^^^^^^^\n\nwarning: unused imports: `BUF_SIZE` and `DecoderReader`\n --> src/read/decoder_tests.rs:9:22\n  |\n9 | use super::decoder::{DecoderReader, BUF_SIZE};\n  |                      ^^^^^^^^^^^^^  ^^^^^^^^\n\nwarning: unused imports: `DecodeError`, `Engine`, `GeneralPurpose`, `PAD_BYTE`, `alphabet`, `general_purpose::STANDARD`, `random_alphabet`, `random_config`, and `random_engine`\n  --> src/read/decoder_tests.rs:11:5\n   |\n11 |     alphabet,\n   |     ^^^^^^^^\n12 |     engine::{general_purpose::STANDARD, Engine, GeneralPurpose},\n   |              ^^^^^^^^^^^^^^^^^^^^^^^^^  ^^^^^^  ^^^^^^^^^^^^^^\n13 |     tests::{random_alphabet, random_config, random_engine},\n   |             ^^^^^^^^^^^^^^^  ^^^^^^^^^^^^^  ^^^^^^^^^^^^^\n14 |     DecodeError, PAD_BYTE,\n   |     ^^^^^^^^^^^  ^^^^^^^^\n\nwarning: unused imports: `engine::Engine`, `tests::random_engine`, and `write::encoder_string_writer::EncoderStringWriter`\n   --> src/write/encoder_string_writer.rs:139:9\n    |\n139 |         engine::Engine, tests::random_engine, write::encoder_string_writer::EncoderStringWriter,\n    |         ^^^^^^^^^^^^^^  ^^^^^^^^^^^^^^^^^^^^  ^^^^^^^^^^^^^^^^^^^^^^^^^^^^^^^^^^^^^^^^^^^^^^^^^\n\nwarning: unused import: `rand::Rng`\n   --> src/write/encoder_string_writer.rs:141:9\n    |\n141 |     use rand::Rng;\n    |         ^^^^^^^^^\n\nwarning: unused import: `std::cmp`\n   --> src/write/encoder_string_writer.rs:142:9\n    |\n142 |     use std::cmp;\n    |         ^^^^^^^^\n\nwarning: unused import: `std::io::Write`\n   --> src/write/encoder_string_writer.rs:143:9\n    |\n143 |     use std::io::Write;\n    |         ^^^^^^^^^^^^^^\n\nwarning: unused import: `Cursor`\n --> src/write/encoder_tests.rs:1:15\n  |\n1 | use std::io::{Cursor, Write};\n  |               ^^^^^^\n\nwarning: unused import: `super::*`\n   --> src/engine/general_purpose/decode.rs:302:9\n    |\n302 |     use super::*;\n    |         ^^^^^^^^\n\nwarning: unused import: `crate::engine::general_purpose::STANDARD`\n   --> src/engine/general_purpose/decode.rs:304:9\n    |\n304 |     use crate::engine::general_purpose::STANDARD;\n    |         ^^^^^^^^^^^^^^^^^^^^^^^^^^^^^^^^^^^^^^^^\n\nwarning: unused import: `crate::alphabet::*`\n   --> src/alphabet.rs:211:9\n    |\n211 |     use crate::alphabet::*;\n    |         ^^^^^^^^^^^^^^^^^^\n\nwarning: unused import: `core::convert::TryFrom as _`\n   --> src/alphabet.rs:212:9\n    |\n212 |     use core::convert::TryFrom as _;\n    |         ^^^^^^^^^^^^^^^^^^^^^^^^^^^\n\nwarning: unused imports: `STANDARD`, `random_config`, and `random_engine`\n   --> src/encode.rs:169:59\n    |\n169 |         engine::general_purpose::{GeneralPurpose, NO_PAD, STANDARD},\n    |                                                           ^^^^^^^^\n170 |         tests::{assert_encode_sanity, random_config, random_engine},\n    |                                       ^^^^^^^^^^^^^  ^^^^^^^^^^^^^\n\nwarning: unused imports: `Distribution` and `Uniform`\n   --> src/encode.rs:173:25\n    |\n173 |         distributions::{Distribution, Uniform},\n    |                         ^^^^^^^^^^^^  ^^^^^^^\n\nwarning: unused import: `std::str`\n   --> src/encode.rs:176:9\n    |\n176 |     use std::str;\n    |         ^^^^^^^^\n\nwarning: unused imports: `alphabet` and `general_purpose`\n   --> src/decode.rs:160:9\n    |\n160 |         alphabet,\n    |         ^^^^^^^^\n161 |         engine::{general_purpose, Config, GeneralPurpose},\n    |                  ^^^^^^^^^^^^^^^\n\nwarning: unused import: `super::*`\n   --> src/decode.rs:348:9\n    |\n348 |     use super::*;\n    |         ^^^^^^^^\n\nwarning: unused import: `std::error::Error`\n   --> src/decode.rs:349:9\n    |\n349 |     use std::error::Error;\n    |         ^^^^^^^^^^^^^^^^^\n\nerror[E0599]: no method named `read` found for struct `std::io::Cursor` in the current scope\n   --> src/read/decoder.rs:366:35\n    |\n366 |             let read = self.inner.read(&mut self.b64_buffer[self.b64_offset + self.b64_len..])?;\n    |                                   ^^^^ method not found in `Cursor<Vec<u8>>`\n    |\n   ::: /home/abezbm/.rustup/toolchains/nightly-2024-07-21-x86_64-unknown-linux-gnu/lib/rustlib/src/rust/library/std/src/io/mod.rs:756:8\n    |\n756 |     fn read(&mut self, buf: &mut [u8]) -> Result<usize>;\n    |        ---- the method is available for `std::io::Cursor<std::vec::Vec<u8>>` here\n    |\n    = help: items from traits can only be used if the trait is in scope\nhelp: trait `Read` which provides `read` is implemented but not in scope; perhaps you want to import it\n    |\n338 +    use std::io::Read;\n    |\n\nwarning: unused import: `Read`\n --> src/read/decoder_tests.rs:3:16\n  |\n3 |     io::{self, Read as _},\n  |                ^^^^\n\nFor more information about this error, try `rustc --explain E0599`.\nwarning: `base64` (lib test) generated 26 warnings\nerror: could not compile `base64` (lib test) due to 1 previous error; 26 warnings emitted\n"
                }
              ],
              "repaired": [
                false
              ]
            }
          ]
        }
      ]
    },
    {
      "chain_id": 3,
      "prompt_conds": [
        "// constraint: self.b64_offset + self.b64_len < BUF_SIZE is true\n",
        "// may panic: self.b64_buffer[self.b64_offset + self.b64_len..] may panic in certain situations\n",
        "// constraint: self\n            .inner\n            .read(&mut self.b64_buffer[self.b64_offset + self.b64_len..])? is Ok/Some\n",
        "// constraint: self.b64_offset + self.b64_len <= BUF_SIZE is false\n"
      ],
      "input_infer": "",
      "answers": [
        {
          "uses": [
            "use std::io;",
            "use std::io::Cursor;"
          ],
          "has_test_mod": false,
          "common": [],
          "chain_tests": [
            {
              "attrs": [],
              "prefix": [],
              "oracles": [],
              "codes": [
                [
                  "{",
                  "    use std::io::{self, Cursor};",
                  "",
                  "    const BUF_SIZE: usize = 1024;",
                  "",
                  "    struct InnerReader {",
                  "        data: Cursor<Vec<u8>>,",
                  "    }",
                  "",
                  "    impl InnerReader {",
                  "        fn new(data: Vec<u8>) -> Self {",
                  "            InnerReader {",
                  "                data: Cursor::new(data),",
                  "            }",
                  "        }",
                  "    }",
                  "",
                  "    impl std::io::Read for InnerReader {",
                  "        fn read(&mut self, buf: &mut [u8]) -> io::Result<usize> {",
                  "            self.data.read(buf)",
                  "        }",
                  "    }",
                  "",
                  "    struct Decoder {",
                  "        inner: InnerReader,",
                  "        b64_buffer: [u8; BUF_SIZE],",
                  "        b64_offset: usize,",
                  "        b64_len: usize,",
                  "    }",
                  "",
                  "    impl Decoder {",
                  "        fn new(inner: InnerReader) -> Self {",
                  "            Decoder {",
                  "                inner,",
                  "                b64_buffer: [0; BUF_SIZE],",
                  "                b64_offset: 0,",
                  "                b64_len: 0,",
                  "            }",
                  "        }",
                  "",
                  "        fn read_from_delegate(&mut self) -> io::Result<usize> {",
                  "            debug_assert!(self.b64_offset + self.b64_len < BUF_SIZE);",
                  "",
                  "            let read = self",
                  "                .inner",
                  "                .read(&mut self.b64_buffer[self.b64_offset + self.b64_len..])?;",
                  "            self.b64_len += read;",
                  "",
                  "            debug_assert!(self.b64_offset + self.b64_len <= BUF_SIZE);",
                  "",
                  "            Ok(read)",
                  "        }",
                  "    }",
                  "",
                  "    let data = vec![1, 2, 3, 4, 5];",
                  "    let inner_reader = InnerReader::new(data);",
                  "    let mut decoder = Decoder::new(inner_reader);",
                  "    decoder.b64_len = 5; // Fill the buffer with 5 bytes of valid data",
                  "    let result = decoder.read_from_delegate();",
                  "    assert!(result.is_ok());",
                  "    assert_eq!(result.unwrap(), 0); // No new bytes should be read since buffer is full",
                  "}"
                ]
              ],
              "can_compile": [
                {
                  "Err": "   Compiling proc-macro2 v1.0.94\n   Compiling crossbeam-utils v0.8.21\n   Compiling syn v1.0.109\n   Compiling libc v0.2.171\n   Compiling semver v1.0.26\n   Compiling rustix v0.38.44\n   Compiling slab v0.4.9\n   Compiling proc-macro-error-attr v1.0.4\n   Compiling serde v1.0.219\n   Compiling zerocopy v0.8.24\n   Compiling proc-macro-error v1.0.4\n   Compiling num-traits v0.2.19\n   Compiling indexmap v1.9.3\n   Compiling serde_json v1.0.140\n   Compiling rustversion v1.0.20\n   Compiling rayon-core v1.12.1\n   Compiling rustc_version v0.4.1\n   Compiling rstest_macros v0.13.0\n   Compiling rstest_reuse v0.6.0\n   Compiling concurrent-queue v2.5.0\n   Compiling crossbeam-epoch v0.9.18\n   Compiling quote v1.0.40\n   Compiling event-listener v5.4.0\n   Compiling async-executor v1.13.1\n   Compiling async-channel v1.9.0\n   Compiling syn v2.0.100\n   Compiling crossbeam-deque v0.8.6\n   Compiling plotters v0.3.7\n   Compiling event-listener-strategy v0.5.4\n   Compiling async-channel v2.3.1\n   Compiling async-lock v3.4.0\n   Compiling blocking v1.6.1\n   Compiling rayon v1.10.0\n   Compiling getrandom v0.2.15\n   Compiling atty v0.2.14\n   Compiling ppv-lite86 v0.2.21\n   Compiling rand_core v0.6.4\n   Compiling rand_chacha v0.3.1\n   Compiling rand v0.8.5\n   Compiling polling v3.7.4\n   Compiling async-io v2.4.0\n   Compiling async-global-executor v2.4.1\n   Compiling clap_derive v3.2.25\n   Compiling async-attributes v1.1.2\n   Compiling ntest_test_cases v0.9.3\n   Compiling ntest_timeout v0.9.3\n   Compiling serde_derive v1.0.219\n   Compiling futures-macro v0.3.31\n   Compiling strum_macros v0.25.3\n   Compiling async-std v1.13.1\n   Compiling ntest v0.9.3\n   Compiling futures-util v0.3.31\n   Compiling strum v0.25.0\n   Compiling clap v3.2.25\n   Compiling futures-executor v0.3.31\n   Compiling futures v0.3.31\n   Compiling rstest v0.13.0\n   Compiling ciborium v0.2.2\n   Compiling tinytemplate v1.2.1\n   Compiling criterion v0.4.0\n   Compiling base64 v0.22.1 (/home/abezbm/rust-utgen-test-crates-new/rust-base64)\nwarning: unused import: `rstest_reuse`\n   --> src/lib.rs:272:5\n    |\n272 | use rstest_reuse;\n    |     ^^^^^^^^^^^^\n    |\n    = note: `#[warn(unused_imports)]` on by default\n\nwarning: unused import: `PAD`\n  --> src/chunked_encoder.rs:82:73\n   |\n82 |         engine::general_purpose::{GeneralPurpose, GeneralPurposeConfig, PAD},\n   |                                                                         ^^^\n\nwarning: unused import: `chunked_encode_matches_normal_encode_random`\n  --> src/display.rs:58:9\n   |\n58 |         chunked_encode_matches_normal_encode_random, SinkTestHelper,\n   |         ^^^^^^^^^^^^^^^^^^^^^^^^^^^^^^^^^^^^^^^^^^^\n\nwarning: unused import: `crate::engine::general_purpose::STANDARD`\n  --> src/display.rs:61:9\n   |\n61 |     use crate::engine::general_purpose::STANDARD;\n   |         ^^^^^^^^^^^^^^^^^^^^^^^^^^^^^^^^^^^^^^^^\n\nwarning: unused import: `super::*`\n   --> src/read/decoder.rs:338:8\n    |\n338 |    use super::*;\n    |        ^^^^^^^^\n\nwarning: unused import: `ntest::timeout`\n   --> src/read/decoder.rs:339:8\n    |\n339 |    use ntest::timeout;\n    |        ^^^^^^^^^^^^^^\n\nwarning: unused import: `iter`\n --> src/read/decoder_tests.rs:4:5\n  |\n4 |     iter,\n  |     ^^^^\n\nwarning: unused import: `RngCore as _`\n --> src/read/decoder_tests.rs:7:22\n  |\n7 | use rand::{Rng as _, RngCore as _};\n  |                      ^^^^^^^^^^^^\n\nwarning: unused imports: `BUF_SIZE` and `DecoderReader`\n --> src/read/decoder_tests.rs:9:22\n  |\n9 | use super::decoder::{DecoderReader, BUF_SIZE};\n  |                      ^^^^^^^^^^^^^  ^^^^^^^^\n\nwarning: unused imports: `DecodeError`, `Engine`, `GeneralPurpose`, `PAD_BYTE`, `alphabet`, `general_purpose::STANDARD`, `random_alphabet`, `random_config`, and `random_engine`\n  --> src/read/decoder_tests.rs:11:5\n   |\n11 |     alphabet,\n   |     ^^^^^^^^\n12 |     engine::{general_purpose::STANDARD, Engine, GeneralPurpose},\n   |              ^^^^^^^^^^^^^^^^^^^^^^^^^  ^^^^^^  ^^^^^^^^^^^^^^\n13 |     tests::{random_alphabet, random_config, random_engine},\n   |             ^^^^^^^^^^^^^^^  ^^^^^^^^^^^^^  ^^^^^^^^^^^^^\n14 |     DecodeError, PAD_BYTE,\n   |     ^^^^^^^^^^^  ^^^^^^^^\n\nwarning: unused imports: `engine::Engine`, `tests::random_engine`, and `write::encoder_string_writer::EncoderStringWriter`\n   --> src/write/encoder_string_writer.rs:139:9\n    |\n139 |         engine::Engine, tests::random_engine, write::encoder_string_writer::EncoderStringWriter,\n    |         ^^^^^^^^^^^^^^  ^^^^^^^^^^^^^^^^^^^^  ^^^^^^^^^^^^^^^^^^^^^^^^^^^^^^^^^^^^^^^^^^^^^^^^^\n\nwarning: unused import: `rand::Rng`\n   --> src/write/encoder_string_writer.rs:141:9\n    |\n141 |     use rand::Rng;\n    |         ^^^^^^^^^\n\nwarning: unused import: `std::cmp`\n   --> src/write/encoder_string_writer.rs:142:9\n    |\n142 |     use std::cmp;\n    |         ^^^^^^^^\n\nwarning: unused import: `std::io::Write`\n   --> src/write/encoder_string_writer.rs:143:9\n    |\n143 |     use std::io::Write;\n    |         ^^^^^^^^^^^^^^\n\nwarning: unused import: `Cursor`\n --> src/write/encoder_tests.rs:1:15\n  |\n1 | use std::io::{Cursor, Write};\n  |               ^^^^^^\n\nwarning: unused import: `super::*`\n   --> src/engine/general_purpose/decode.rs:302:9\n    |\n302 |     use super::*;\n    |         ^^^^^^^^\n\nwarning: unused import: `crate::engine::general_purpose::STANDARD`\n   --> src/engine/general_purpose/decode.rs:304:9\n    |\n304 |     use crate::engine::general_purpose::STANDARD;\n    |         ^^^^^^^^^^^^^^^^^^^^^^^^^^^^^^^^^^^^^^^^\n\nwarning: unused import: `crate::alphabet::*`\n   --> src/alphabet.rs:211:9\n    |\n211 |     use crate::alphabet::*;\n    |         ^^^^^^^^^^^^^^^^^^\n\nwarning: unused import: `core::convert::TryFrom as _`\n   --> src/alphabet.rs:212:9\n    |\n212 |     use core::convert::TryFrom as _;\n    |         ^^^^^^^^^^^^^^^^^^^^^^^^^^^\n\nwarning: unused imports: `STANDARD`, `random_config`, and `random_engine`\n   --> src/encode.rs:169:59\n    |\n169 |         engine::general_purpose::{GeneralPurpose, NO_PAD, STANDARD},\n    |                                                           ^^^^^^^^\n170 |         tests::{assert_encode_sanity, random_config, random_engine},\n    |                                       ^^^^^^^^^^^^^  ^^^^^^^^^^^^^\n\nwarning: unused imports: `Distribution` and `Uniform`\n   --> src/encode.rs:173:25\n    |\n173 |         distributions::{Distribution, Uniform},\n    |                         ^^^^^^^^^^^^  ^^^^^^^\n\nwarning: unused import: `std::str`\n   --> src/encode.rs:176:9\n    |\n176 |     use std::str;\n    |         ^^^^^^^^\n\nwarning: unused imports: `alphabet` and `general_purpose`\n   --> src/decode.rs:160:9\n    |\n160 |         alphabet,\n    |         ^^^^^^^^\n161 |         engine::{general_purpose, Config, GeneralPurpose},\n    |                  ^^^^^^^^^^^^^^^\n\nwarning: unused import: `super::*`\n   --> src/decode.rs:348:9\n    |\n348 |     use super::*;\n    |         ^^^^^^^^\n\nwarning: unused import: `std::error::Error`\n   --> src/decode.rs:349:9\n    |\n349 |     use std::error::Error;\n    |         ^^^^^^^^^^^^^^^^^\n\nerror[E0599]: no method named `read` found for struct `InnerReader` in the current scope\n   --> src/read/decoder.rs:387:18\n    |\n347 |       struct InnerReader {\n    |       ------------------ method `read` not found for this struct\n...\n385 |               let read = self\n    |  ________________________-\n386 | |                 .inner\n387 | |                 .read(&mut self.b64_buffer[self.b64_offset + self.b64_len..])?;\n    | |                 -^^^^ method not found in `InnerReader`\n    | |_________________|\n    |\n    |\n   ::: /home/abezbm/.rustup/toolchains/nightly-2024-07-21-x86_64-unknown-linux-gnu/lib/rustlib/src/rust/library/std/src/io/mod.rs:756:8\n    |\n756 |       fn read(&mut self, buf: &mut [u8]) -> Result<usize>;\n    |          ---- the method is available for `InnerReader` here\n    |\n    = help: items from traits can only be used if the trait is in scope\nhelp: trait `Read` which provides `read` is implemented but not in scope; perhaps you want to import it\n    |\n338 +    use std::io::Read;\n    |\n\nwarning: unused import: `Read`\n --> src/read/decoder_tests.rs:3:16\n  |\n3 |     io::{self, Read as _},\n  |                ^^^^\n\nFor more information about this error, try `rustc --explain E0599`.\nwarning: `base64` (lib test) generated 26 warnings\nerror: could not compile `base64` (lib test) due to 1 previous error; 26 warnings emitted\n"
                }
              ],
              "repaired": [
                false
              ]
            },
            {
              "attrs": [
                "#[should_panic]"
              ],
              "prefix": [],
              "oracles": [],
              "codes": [
                [
                  "{",
                  "    use std::io::{self, Cursor};",
                  "",
                  "    const BUF_SIZE: usize = 1024;",
                  "",
                  "    struct InnerReader {",
                  "        data: Cursor<Vec<u8>>,",
                  "    }",
                  "",
                  "    impl InnerReader {",
                  "        fn new(data: Vec<u8>) -> Self {",
                  "            InnerReader {",
                  "                data: Cursor::new(data),",
                  "            }",
                  "        }",
                  "    }",
                  "",
                  "    impl std::io::Read for InnerReader {",
                  "        fn read(&mut self, buf: &mut [u8]) -> io::Result<usize> {",
                  "            self.data.read(buf)",
                  "        }",
                  "    }",
                  "",
                  "    struct Decoder {",
                  "        inner: InnerReader,",
                  "        b64_buffer: [u8; BUF_SIZE],",
                  "        b64_offset: usize,",
                  "        b64_len: usize,",
                  "    }",
                  "",
                  "    impl Decoder {",
                  "        fn new(inner: InnerReader) -> Self {",
                  "            Decoder {",
                  "                inner,",
                  "                b64_buffer: [0; BUF_SIZE],",
                  "                b64_offset: 0,",
                  "                b64_len: 0,",
                  "            }",
                  "        }",
                  "",
                  "        fn read_from_delegate(&mut self) -> io::Result<usize> {",
                  "            debug_assert!(self.b64_offset + self.b64_len < BUF_SIZE);",
                  "",
                  "            let read = self",
                  "                .inner",
                  "                .read(&mut self.b64_buffer[self.b64_offset + self.b64_len..])?;",
                  "            self.b64_len += read;",
                  "",
                  "            debug_assert!(self.b64_offset + self.b64_len <= BUF_SIZE);",
                  "",
                  "            Ok(read)",
                  "        }",
                  "    }",
                  "",
                  "    let data = vec![1, 2, 3, 4, 5];",
                  "    let inner_reader = InnerReader::new(data);",
                  "    let mut decoder = Decoder::new(inner_reader);",
                  "    decoder.b64_offset = BUF_SIZE; // Offset is set to BUF_SIZE, should panic",
                  "    let _ = decoder.read_from_delegate();",
                  "}"
                ]
              ],
              "can_compile": [
                {
                  "Err": "   Compiling proc-macro2 v1.0.94\n   Compiling crossbeam-utils v0.8.21\n   Compiling syn v1.0.109\n   Compiling semver v1.0.26\n   Compiling libc v0.2.171\n   Compiling rustix v0.38.44\n   Compiling slab v0.4.9\n   Compiling proc-macro-error-attr v1.0.4\n   Compiling zerocopy v0.8.24\n   Compiling serde v1.0.219\n   Compiling proc-macro-error v1.0.4\n   Compiling indexmap v1.9.3\n   Compiling num-traits v0.2.19\n   Compiling rayon-core v1.12.1\n   Compiling serde_json v1.0.140\n   Compiling rustversion v1.0.20\n   Compiling rustc_version v0.4.1\n   Compiling concurrent-queue v2.5.0\n   Compiling crossbeam-epoch v0.9.18\n   Compiling rstest_macros v0.13.0\n   Compiling rstest_reuse v0.6.0\n   Compiling quote v1.0.40\n   Compiling event-listener v5.4.0\n   Compiling async-executor v1.13.1\n   Compiling async-channel v1.9.0\n   Compiling crossbeam-deque v0.8.6\n   Compiling plotters v0.3.7\n   Compiling syn v2.0.100\n   Compiling event-listener-strategy v0.5.4\n   Compiling async-lock v3.4.0\n   Compiling async-channel v2.3.1\n   Compiling blocking v1.6.1\n   Compiling rayon v1.10.0\n   Compiling getrandom v0.2.15\n   Compiling atty v0.2.14\n   Compiling ppv-lite86 v0.2.21\n   Compiling rand_core v0.6.4\n   Compiling rand_chacha v0.3.1\n   Compiling rand v0.8.5\n   Compiling polling v3.7.4\n   Compiling async-io v2.4.0\n   Compiling async-global-executor v2.4.1\n   Compiling async-attributes v1.1.2\n   Compiling clap_derive v3.2.25\n   Compiling ntest_test_cases v0.9.3\n   Compiling ntest_timeout v0.9.3\n   Compiling serde_derive v1.0.219\n   Compiling futures-macro v0.3.31\n   Compiling strum_macros v0.25.3\n   Compiling async-std v1.13.1\n   Compiling ntest v0.9.3\n   Compiling futures-util v0.3.31\n   Compiling strum v0.25.0\n   Compiling clap v3.2.25\n   Compiling futures-executor v0.3.31\n   Compiling futures v0.3.31\n   Compiling rstest v0.13.0\n   Compiling ciborium v0.2.2\n   Compiling tinytemplate v1.2.1\n   Compiling criterion v0.4.0\n   Compiling base64 v0.22.1 (/home/abezbm/rust-utgen-test-crates-new/rust-base64)\nwarning: unused import: `rstest_reuse`\n   --> src/lib.rs:272:5\n    |\n272 | use rstest_reuse;\n    |     ^^^^^^^^^^^^\n    |\n    = note: `#[warn(unused_imports)]` on by default\n\nwarning: unused import: `PAD`\n  --> src/chunked_encoder.rs:82:73\n   |\n82 |         engine::general_purpose::{GeneralPurpose, GeneralPurposeConfig, PAD},\n   |                                                                         ^^^\n\nwarning: unused import: `chunked_encode_matches_normal_encode_random`\n  --> src/display.rs:58:9\n   |\n58 |         chunked_encode_matches_normal_encode_random, SinkTestHelper,\n   |         ^^^^^^^^^^^^^^^^^^^^^^^^^^^^^^^^^^^^^^^^^^^\n\nwarning: unused import: `crate::engine::general_purpose::STANDARD`\n  --> src/display.rs:61:9\n   |\n61 |     use crate::engine::general_purpose::STANDARD;\n   |         ^^^^^^^^^^^^^^^^^^^^^^^^^^^^^^^^^^^^^^^^\n\nwarning: unused import: `super::*`\n   --> src/read/decoder.rs:338:8\n    |\n338 |    use super::*;\n    |        ^^^^^^^^\n\nwarning: unused import: `ntest::timeout`\n   --> src/read/decoder.rs:339:8\n    |\n339 |    use ntest::timeout;\n    |        ^^^^^^^^^^^^^^\n\nwarning: unused import: `iter`\n --> src/read/decoder_tests.rs:4:5\n  |\n4 |     iter,\n  |     ^^^^\n\nwarning: unused import: `RngCore as _`\n --> src/read/decoder_tests.rs:7:22\n  |\n7 | use rand::{Rng as _, RngCore as _};\n  |                      ^^^^^^^^^^^^\n\nwarning: unused imports: `BUF_SIZE` and `DecoderReader`\n --> src/read/decoder_tests.rs:9:22\n  |\n9 | use super::decoder::{DecoderReader, BUF_SIZE};\n  |                      ^^^^^^^^^^^^^  ^^^^^^^^\n\nwarning: unused imports: `DecodeError`, `Engine`, `GeneralPurpose`, `PAD_BYTE`, `alphabet`, `general_purpose::STANDARD`, `random_alphabet`, `random_config`, and `random_engine`\n  --> src/read/decoder_tests.rs:11:5\n   |\n11 |     alphabet,\n   |     ^^^^^^^^\n12 |     engine::{general_purpose::STANDARD, Engine, GeneralPurpose},\n   |              ^^^^^^^^^^^^^^^^^^^^^^^^^  ^^^^^^  ^^^^^^^^^^^^^^\n13 |     tests::{random_alphabet, random_config, random_engine},\n   |             ^^^^^^^^^^^^^^^  ^^^^^^^^^^^^^  ^^^^^^^^^^^^^\n14 |     DecodeError, PAD_BYTE,\n   |     ^^^^^^^^^^^  ^^^^^^^^\n\nwarning: unused imports: `engine::Engine`, `tests::random_engine`, and `write::encoder_string_writer::EncoderStringWriter`\n   --> src/write/encoder_string_writer.rs:139:9\n    |\n139 |         engine::Engine, tests::random_engine, write::encoder_string_writer::EncoderStringWriter,\n    |         ^^^^^^^^^^^^^^  ^^^^^^^^^^^^^^^^^^^^  ^^^^^^^^^^^^^^^^^^^^^^^^^^^^^^^^^^^^^^^^^^^^^^^^^\n\nwarning: unused import: `rand::Rng`\n   --> src/write/encoder_string_writer.rs:141:9\n    |\n141 |     use rand::Rng;\n    |         ^^^^^^^^^\n\nwarning: unused import: `std::cmp`\n   --> src/write/encoder_string_writer.rs:142:9\n    |\n142 |     use std::cmp;\n    |         ^^^^^^^^\n\nwarning: unused import: `std::io::Write`\n   --> src/write/encoder_string_writer.rs:143:9\n    |\n143 |     use std::io::Write;\n    |         ^^^^^^^^^^^^^^\n\nwarning: unused import: `Cursor`\n --> src/write/encoder_tests.rs:1:15\n  |\n1 | use std::io::{Cursor, Write};\n  |               ^^^^^^\n\nwarning: unused import: `super::*`\n   --> src/engine/general_purpose/decode.rs:302:9\n    |\n302 |     use super::*;\n    |         ^^^^^^^^\n\nwarning: unused import: `crate::engine::general_purpose::STANDARD`\n   --> src/engine/general_purpose/decode.rs:304:9\n    |\n304 |     use crate::engine::general_purpose::STANDARD;\n    |         ^^^^^^^^^^^^^^^^^^^^^^^^^^^^^^^^^^^^^^^^\n\nwarning: unused import: `crate::alphabet::*`\n   --> src/alphabet.rs:211:9\n    |\n211 |     use crate::alphabet::*;\n    |         ^^^^^^^^^^^^^^^^^^\n\nwarning: unused import: `core::convert::TryFrom as _`\n   --> src/alphabet.rs:212:9\n    |\n212 |     use core::convert::TryFrom as _;\n    |         ^^^^^^^^^^^^^^^^^^^^^^^^^^^\n\nwarning: unused imports: `STANDARD`, `random_config`, and `random_engine`\n   --> src/encode.rs:169:59\n    |\n169 |         engine::general_purpose::{GeneralPurpose, NO_PAD, STANDARD},\n    |                                                           ^^^^^^^^\n170 |         tests::{assert_encode_sanity, random_config, random_engine},\n    |                                       ^^^^^^^^^^^^^  ^^^^^^^^^^^^^\n\nwarning: unused imports: `Distribution` and `Uniform`\n   --> src/encode.rs:173:25\n    |\n173 |         distributions::{Distribution, Uniform},\n    |                         ^^^^^^^^^^^^  ^^^^^^^\n\nwarning: unused import: `std::str`\n   --> src/encode.rs:176:9\n    |\n176 |     use std::str;\n    |         ^^^^^^^^\n\nwarning: unused imports: `alphabet` and `general_purpose`\n   --> src/decode.rs:160:9\n    |\n160 |         alphabet,\n    |         ^^^^^^^^\n161 |         engine::{general_purpose, Config, GeneralPurpose},\n    |                  ^^^^^^^^^^^^^^^\n\nwarning: unused import: `super::*`\n   --> src/decode.rs:348:9\n    |\n348 |     use super::*;\n    |         ^^^^^^^^\n\nwarning: unused import: `std::error::Error`\n   --> src/decode.rs:349:9\n    |\n349 |     use std::error::Error;\n    |         ^^^^^^^^^^^^^^^^^\n\nerror[E0599]: no method named `read` found for struct `InnerReader` in the current scope\n   --> src/read/decoder.rs:388:18\n    |\n348 |       struct InnerReader {\n    |       ------------------ method `read` not found for this struct\n...\n386 |               let read = self\n    |  ________________________-\n387 | |                 .inner\n388 | |                 .read(&mut self.b64_buffer[self.b64_offset + self.b64_len..])?;\n    | |                 -^^^^ method not found in `InnerReader`\n    | |_________________|\n    |\n    |\n   ::: /home/abezbm/.rustup/toolchains/nightly-2024-07-21-x86_64-unknown-linux-gnu/lib/rustlib/src/rust/library/std/src/io/mod.rs:756:8\n    |\n756 |       fn read(&mut self, buf: &mut [u8]) -> Result<usize>;\n    |          ---- the method is available for `InnerReader` here\n    |\n    = help: items from traits can only be used if the trait is in scope\nhelp: trait `Read` which provides `read` is implemented but not in scope; perhaps you want to import it\n    |\n338 +    use std::io::Read;\n    |\n\nwarning: unused import: `Read`\n --> src/read/decoder_tests.rs:3:16\n  |\n3 |     io::{self, Read as _},\n  |                ^^^^\n\nFor more information about this error, try `rustc --explain E0599`.\nwarning: `base64` (lib test) generated 26 warnings\nerror: could not compile `base64` (lib test) due to 1 previous error; 26 warnings emitted\n"
                }
              ],
              "repaired": [
                false
              ]
            },
            {
              "attrs": [],
              "prefix": [],
              "oracles": [],
              "codes": [
                [
                  "{",
                  "    use std::io::{self, Cursor};",
                  "",
                  "    const BUF_SIZE: usize = 1024;",
                  "",
                  "    struct InnerReader {",
                  "        data: Cursor<Vec<u8>>,",
                  "    }",
                  "",
                  "    impl InnerReader {",
                  "        fn new(data: Vec<u8>) -> Self {",
                  "            InnerReader {",
                  "                data: Cursor::new(data),",
                  "            }",
                  "        }",
                  "    }",
                  "",
                  "    impl std::io::Read for InnerReader {",
                  "        fn read(&mut self, buf: &mut [u8]) -> io::Result<usize> {",
                  "            self.data.read(buf)",
                  "        }",
                  "    }",
                  "",
                  "    struct Decoder {",
                  "        inner: InnerReader,",
                  "        b64_buffer: [u8; BUF_SIZE],",
                  "        b64_offset: usize,",
                  "        b64_len: usize,",
                  "    }",
                  "",
                  "    impl Decoder {",
                  "        fn new(inner: InnerReader) -> Self {",
                  "            Decoder {",
                  "                inner,",
                  "                b64_buffer: [0; BUF_SIZE],",
                  "                b64_offset: 0,",
                  "                b64_len: 0,",
                  "            }",
                  "        }",
                  "",
                  "        fn read_from_delegate(&mut self) -> io::Result<usize> {",
                  "            debug_assert!(self.b64_offset + self.b64_len < BUF_SIZE);",
                  "",
                  "            let read = self",
                  "                .inner",
                  "                .read(&mut self.b64_buffer[self.b64_offset + self.b64_len..])?;",
                  "            self.b64_len += read;",
                  "",
                  "            debug_assert!(self.b64_offset + self.b64_len <= BUF_SIZE);",
                  "",
                  "            Ok(read)",
                  "        }",
                  "    }",
                  "    ",
                  "    let data = vec![1, 2, 3]; // Less than the BUF_SIZE",
                  "    let inner_reader = InnerReader::new(data);",
                  "    let mut decoder = Decoder::new(inner_reader);",
                  "    decoder.b64_len = 0; // Start with empty buffer",
                  "    let result = decoder.read_from_delegate();",
                  "    assert!(result.is_ok());",
                  "    assert_eq!(result.unwrap(), 3); // Expect to read all 3 bytes",
                  "}"
                ]
              ],
              "can_compile": [
                {
                  "Err": "   Compiling proc-macro2 v1.0.94\n   Compiling crossbeam-utils v0.8.21\n   Compiling syn v1.0.109\n   Compiling libc v0.2.171\n   Compiling semver v1.0.26\n   Compiling rustix v0.38.44\n   Compiling slab v0.4.9\n   Compiling proc-macro-error-attr v1.0.4\n   Compiling serde v1.0.219\n   Compiling zerocopy v0.8.24\n   Compiling proc-macro-error v1.0.4\n   Compiling num-traits v0.2.19\n   Compiling indexmap v1.9.3\n   Compiling rayon-core v1.12.1\n   Compiling rustversion v1.0.20\n   Compiling serde_json v1.0.140\n   Compiling rustc_version v0.4.1\n   Compiling concurrent-queue v2.5.0\n   Compiling crossbeam-epoch v0.9.18\n   Compiling rstest_macros v0.13.0\n   Compiling rstest_reuse v0.6.0\n   Compiling quote v1.0.40\n   Compiling event-listener v5.4.0\n   Compiling async-executor v1.13.1\n   Compiling async-channel v1.9.0\n   Compiling crossbeam-deque v0.8.6\n   Compiling plotters v0.3.7\n   Compiling syn v2.0.100\n   Compiling event-listener-strategy v0.5.4\n   Compiling async-channel v2.3.1\n   Compiling async-lock v3.4.0\n   Compiling blocking v1.6.1\n   Compiling rayon v1.10.0\n   Compiling getrandom v0.2.15\n   Compiling atty v0.2.14\n   Compiling rand_core v0.6.4\n   Compiling ppv-lite86 v0.2.21\n   Compiling rand_chacha v0.3.1\n   Compiling rand v0.8.5\n   Compiling polling v3.7.4\n   Compiling async-io v2.4.0\n   Compiling async-global-executor v2.4.1\n   Compiling clap_derive v3.2.25\n   Compiling async-attributes v1.1.2\n   Compiling ntest_timeout v0.9.3\n   Compiling ntest_test_cases v0.9.3\n   Compiling serde_derive v1.0.219\n   Compiling futures-macro v0.3.31\n   Compiling strum_macros v0.25.3\n   Compiling async-std v1.13.1\n   Compiling ntest v0.9.3\n   Compiling futures-util v0.3.31\n   Compiling strum v0.25.0\n   Compiling clap v3.2.25\n   Compiling futures-executor v0.3.31\n   Compiling futures v0.3.31\n   Compiling rstest v0.13.0\n   Compiling ciborium v0.2.2\n   Compiling tinytemplate v1.2.1\n   Compiling criterion v0.4.0\n   Compiling base64 v0.22.1 (/home/abezbm/rust-utgen-test-crates-new/rust-base64)\nwarning: unused import: `rstest_reuse`\n   --> src/lib.rs:272:5\n    |\n272 | use rstest_reuse;\n    |     ^^^^^^^^^^^^\n    |\n    = note: `#[warn(unused_imports)]` on by default\n\nwarning: unused import: `PAD`\n  --> src/chunked_encoder.rs:82:73\n   |\n82 |         engine::general_purpose::{GeneralPurpose, GeneralPurposeConfig, PAD},\n   |                                                                         ^^^\n\nwarning: unused import: `chunked_encode_matches_normal_encode_random`\n  --> src/display.rs:58:9\n   |\n58 |         chunked_encode_matches_normal_encode_random, SinkTestHelper,\n   |         ^^^^^^^^^^^^^^^^^^^^^^^^^^^^^^^^^^^^^^^^^^^\n\nwarning: unused import: `crate::engine::general_purpose::STANDARD`\n  --> src/display.rs:61:9\n   |\n61 |     use crate::engine::general_purpose::STANDARD;\n   |         ^^^^^^^^^^^^^^^^^^^^^^^^^^^^^^^^^^^^^^^^\n\nwarning: unused import: `super::*`\n   --> src/read/decoder.rs:338:8\n    |\n338 |    use super::*;\n    |        ^^^^^^^^\n\nwarning: unused import: `ntest::timeout`\n   --> src/read/decoder.rs:339:8\n    |\n339 |    use ntest::timeout;\n    |        ^^^^^^^^^^^^^^\n\nwarning: unused import: `iter`\n --> src/read/decoder_tests.rs:4:5\n  |\n4 |     iter,\n  |     ^^^^\n\nwarning: unused import: `RngCore as _`\n --> src/read/decoder_tests.rs:7:22\n  |\n7 | use rand::{Rng as _, RngCore as _};\n  |                      ^^^^^^^^^^^^\n\nwarning: unused imports: `BUF_SIZE` and `DecoderReader`\n --> src/read/decoder_tests.rs:9:22\n  |\n9 | use super::decoder::{DecoderReader, BUF_SIZE};\n  |                      ^^^^^^^^^^^^^  ^^^^^^^^\n\nwarning: unused imports: `DecodeError`, `Engine`, `GeneralPurpose`, `PAD_BYTE`, `alphabet`, `general_purpose::STANDARD`, `random_alphabet`, `random_config`, and `random_engine`\n  --> src/read/decoder_tests.rs:11:5\n   |\n11 |     alphabet,\n   |     ^^^^^^^^\n12 |     engine::{general_purpose::STANDARD, Engine, GeneralPurpose},\n   |              ^^^^^^^^^^^^^^^^^^^^^^^^^  ^^^^^^  ^^^^^^^^^^^^^^\n13 |     tests::{random_alphabet, random_config, random_engine},\n   |             ^^^^^^^^^^^^^^^  ^^^^^^^^^^^^^  ^^^^^^^^^^^^^\n14 |     DecodeError, PAD_BYTE,\n   |     ^^^^^^^^^^^  ^^^^^^^^\n\nwarning: unused imports: `engine::Engine`, `tests::random_engine`, and `write::encoder_string_writer::EncoderStringWriter`\n   --> src/write/encoder_string_writer.rs:139:9\n    |\n139 |         engine::Engine, tests::random_engine, write::encoder_string_writer::EncoderStringWriter,\n    |         ^^^^^^^^^^^^^^  ^^^^^^^^^^^^^^^^^^^^  ^^^^^^^^^^^^^^^^^^^^^^^^^^^^^^^^^^^^^^^^^^^^^^^^^\n\nwarning: unused import: `rand::Rng`\n   --> src/write/encoder_string_writer.rs:141:9\n    |\n141 |     use rand::Rng;\n    |         ^^^^^^^^^\n\nwarning: unused import: `std::cmp`\n   --> src/write/encoder_string_writer.rs:142:9\n    |\n142 |     use std::cmp;\n    |         ^^^^^^^^\n\nwarning: unused import: `std::io::Write`\n   --> src/write/encoder_string_writer.rs:143:9\n    |\n143 |     use std::io::Write;\n    |         ^^^^^^^^^^^^^^\n\nwarning: unused import: `Cursor`\n --> src/write/encoder_tests.rs:1:15\n  |\n1 | use std::io::{Cursor, Write};\n  |               ^^^^^^\n\nwarning: unused import: `super::*`\n   --> src/engine/general_purpose/decode.rs:302:9\n    |\n302 |     use super::*;\n    |         ^^^^^^^^\n\nwarning: unused import: `crate::engine::general_purpose::STANDARD`\n   --> src/engine/general_purpose/decode.rs:304:9\n    |\n304 |     use crate::engine::general_purpose::STANDARD;\n    |         ^^^^^^^^^^^^^^^^^^^^^^^^^^^^^^^^^^^^^^^^\n\nwarning: unused import: `crate::alphabet::*`\n   --> src/alphabet.rs:211:9\n    |\n211 |     use crate::alphabet::*;\n    |         ^^^^^^^^^^^^^^^^^^\n\nwarning: unused import: `core::convert::TryFrom as _`\n   --> src/alphabet.rs:212:9\n    |\n212 |     use core::convert::TryFrom as _;\n    |         ^^^^^^^^^^^^^^^^^^^^^^^^^^^\n\nwarning: unused imports: `STANDARD`, `random_config`, and `random_engine`\n   --> src/encode.rs:169:59\n    |\n169 |         engine::general_purpose::{GeneralPurpose, NO_PAD, STANDARD},\n    |                                                           ^^^^^^^^\n170 |         tests::{assert_encode_sanity, random_config, random_engine},\n    |                                       ^^^^^^^^^^^^^  ^^^^^^^^^^^^^\n\nwarning: unused imports: `Distribution` and `Uniform`\n   --> src/encode.rs:173:25\n    |\n173 |         distributions::{Distribution, Uniform},\n    |                         ^^^^^^^^^^^^  ^^^^^^^\n\nwarning: unused import: `std::str`\n   --> src/encode.rs:176:9\n    |\n176 |     use std::str;\n    |         ^^^^^^^^\n\nwarning: unused imports: `alphabet` and `general_purpose`\n   --> src/decode.rs:160:9\n    |\n160 |         alphabet,\n    |         ^^^^^^^^\n161 |         engine::{general_purpose, Config, GeneralPurpose},\n    |                  ^^^^^^^^^^^^^^^\n\nwarning: unused import: `super::*`\n   --> src/decode.rs:348:9\n    |\n348 |     use super::*;\n    |         ^^^^^^^^\n\nwarning: unused import: `std::error::Error`\n   --> src/decode.rs:349:9\n    |\n349 |     use std::error::Error;\n    |         ^^^^^^^^^^^^^^^^^\n\nerror[E0599]: no method named `read` found for struct `InnerReader` in the current scope\n   --> src/read/decoder.rs:387:18\n    |\n347 |       struct InnerReader {\n    |       ------------------ method `read` not found for this struct\n...\n385 |               let read = self\n    |  ________________________-\n386 | |                 .inner\n387 | |                 .read(&mut self.b64_buffer[self.b64_offset + self.b64_len..])?;\n    | |                 -^^^^ method not found in `InnerReader`\n    | |_________________|\n    |\n    |\n   ::: /home/abezbm/.rustup/toolchains/nightly-2024-07-21-x86_64-unknown-linux-gnu/lib/rustlib/src/rust/library/std/src/io/mod.rs:756:8\n    |\n756 |       fn read(&mut self, buf: &mut [u8]) -> Result<usize>;\n    |          ---- the method is available for `InnerReader` here\n    |\n    = help: items from traits can only be used if the trait is in scope\nhelp: trait `Read` which provides `read` is implemented but not in scope; perhaps you want to import it\n    |\n338 +    use std::io::Read;\n    |\n\nwarning: unused import: `Read`\n --> src/read/decoder_tests.rs:3:16\n  |\n3 |     io::{self, Read as _},\n  |                ^^^^\n\nFor more information about this error, try `rustc --explain E0599`.\nwarning: `base64` (lib test) generated 26 warnings\nerror: could not compile `base64` (lib test) due to 1 previous error; 26 warnings emitted\n"
                }
              ],
              "repaired": [
                false
              ]
            }
          ]
        }
      ]
    },
    {
      "chain_id": 4,
      "prompt_conds": [
        "// constraint: self.b64_offset + self.b64_len < BUF_SIZE is false, with bound self.b64_offset + self.b64_len == BUF_SIZE\n"
      ],
      "input_infer": "",
      "answers": [
        {
          "uses": [
            "use std::ptr;",
            "use std::io;",
            "use std::io::Read;"
          ],
          "has_test_mod": false,
          "common": [],
          "chain_tests": [
            {
              "attrs": [],
              "prefix": [],
              "oracles": [],
              "codes": [
                [
                  "{",
                  "    use std::io::{self, Read};",
                  "    use std::ptr;",
                  "",
                  "    const BUF_SIZE: usize = 10;",
                  "    ",
                  "    struct MockReader {",
                  "        data: Vec<u8>,",
                  "        position: usize,",
                  "    }",
                  "",
                  "    impl Read for MockReader {",
                  "        fn read(&mut self, buf: &mut [u8]) -> io::Result<usize> {",
                  "            let to_read = self.data.len().saturating_sub(self.position);",
                  "            let read_len = to_read.min(buf.len());",
                  "            buf[..read_len].copy_from_slice(&self.data[self.position..self.position + read_len]);",
                  "            self.position += read_len;",
                  "            Ok(read_len)",
                  "        }",
                  "    }",
                  "",
                  "    struct Decoder {",
                  "        inner: MockReader,",
                  "        b64_buffer: [u8; BUF_SIZE],",
                  "        b64_offset: usize,",
                  "        b64_len: usize,",
                  "    }",
                  "",
                  "    // Prepare the buffer with maximum constraints",
                  "    let inner_reader = MockReader {",
                  "        data: vec![1, 2, 3, 4, 5, 6, 7, 8, 9, 10], // 10 bytes of data ",
                  "        position: 0,",
                  "    };",
                  "",
                  "    let mut decoder = Decoder {",
                  "        inner: inner_reader,",
                  "        b64_buffer: [0; BUF_SIZE],",
                  "        b64_offset: BUF_SIZE, // Trigger creating a condition where it panics",
                  "        b64_len: 0,",
                  "    };",
                  "",
                  "    // This should trigger a panic due to the debug_assert failing",
                  "    let result = decoder.read_from_delegate();",
                  "    assert!(result.is_err());",
                  "}"
                ]
              ],
              "can_compile": [
                {
                  "Err": "    Blocking waiting for file lock on package cache\n    Blocking waiting for file lock on package cache\n    Blocking waiting for file lock on package cache\n   Compiling proc-macro2 v1.0.94\n   Compiling crossbeam-utils v0.8.21\n   Compiling syn v1.0.109\n   Compiling libc v0.2.171\n   Compiling semver v1.0.26\n   Compiling rustix v0.38.44\n   Compiling slab v0.4.9\n   Compiling proc-macro-error-attr v1.0.4\n   Compiling zerocopy v0.8.24\n   Compiling serde v1.0.219\n   Compiling proc-macro-error v1.0.4\n   Compiling num-traits v0.2.19\n   Compiling indexmap v1.9.3\n   Compiling serde_json v1.0.140\n   Compiling rayon-core v1.12.1\n   Compiling rustversion v1.0.20\n   Compiling rustc_version v0.4.1\n   Compiling concurrent-queue v2.5.0\n   Compiling crossbeam-epoch v0.9.18\n   Compiling rstest_macros v0.13.0\n   Compiling rstest_reuse v0.6.0\n   Compiling quote v1.0.40\n   Compiling event-listener v5.4.0\n   Compiling async-executor v1.13.1\n   Compiling async-channel v1.9.0\n   Compiling crossbeam-deque v0.8.6\n   Compiling syn v2.0.100\n   Compiling plotters v0.3.7\n   Compiling event-listener-strategy v0.5.4\n   Compiling async-channel v2.3.1\n   Compiling async-lock v3.4.0\n   Compiling blocking v1.6.1\n   Compiling rayon v1.10.0\n   Compiling ppv-lite86 v0.2.21\n   Compiling getrandom v0.2.15\n   Compiling atty v0.2.14\n   Compiling rand_core v0.6.4\n   Compiling rand_chacha v0.3.1\n   Compiling rand v0.8.5\n   Compiling polling v3.7.4\n   Compiling async-io v2.4.0\n   Compiling async-global-executor v2.4.1\n   Compiling async-attributes v1.1.2\n   Compiling clap_derive v3.2.25\n   Compiling ntest_timeout v0.9.3\n   Compiling ntest_test_cases v0.9.3\n   Compiling serde_derive v1.0.219\n   Compiling futures-macro v0.3.31\n   Compiling strum_macros v0.25.3\n   Compiling async-std v1.13.1\n   Compiling ntest v0.9.3\n   Compiling futures-util v0.3.31\n   Compiling strum v0.25.0\n   Compiling clap v3.2.25\n   Compiling futures-executor v0.3.31\n   Compiling futures v0.3.31\n   Compiling rstest v0.13.0\n   Compiling ciborium v0.2.2\n   Compiling tinytemplate v1.2.1\n   Compiling criterion v0.4.0\n   Compiling base64 v0.22.1 (/home/abezbm/rust-utgen-test-crates-new/rust-base64)\nwarning: unused import: `rstest_reuse`\n   --> src/lib.rs:272:5\n    |\n272 | use rstest_reuse;\n    |     ^^^^^^^^^^^^\n    |\n    = note: `#[warn(unused_imports)]` on by default\n\nwarning: unused import: `PAD`\n  --> src/chunked_encoder.rs:82:73\n   |\n82 |         engine::general_purpose::{GeneralPurpose, GeneralPurposeConfig, PAD},\n   |                                                                         ^^^\n\nwarning: unused import: `chunked_encode_matches_normal_encode_random`\n  --> src/display.rs:58:9\n   |\n58 |         chunked_encode_matches_normal_encode_random, SinkTestHelper,\n   |         ^^^^^^^^^^^^^^^^^^^^^^^^^^^^^^^^^^^^^^^^^^^\n\nwarning: unused import: `crate::engine::general_purpose::STANDARD`\n  --> src/display.rs:61:9\n   |\n61 |     use crate::engine::general_purpose::STANDARD;\n   |         ^^^^^^^^^^^^^^^^^^^^^^^^^^^^^^^^^^^^^^^^\n\nwarning: unused import: `super::*`\n   --> src/read/decoder.rs:338:8\n    |\n338 |    use super::*;\n    |        ^^^^^^^^\n\nwarning: unused import: `ntest::timeout`\n   --> src/read/decoder.rs:339:8\n    |\n339 |    use ntest::timeout;\n    |        ^^^^^^^^^^^^^^\n\nwarning: unused import: `std::ptr`\n   --> src/read/decoder.rs:344:9\n    |\n344 |     use std::ptr;\n    |         ^^^^^^^^\n\nwarning: unused import: `iter`\n --> src/read/decoder_tests.rs:4:5\n  |\n4 |     iter,\n  |     ^^^^\n\nwarning: unused import: `RngCore as _`\n --> src/read/decoder_tests.rs:7:22\n  |\n7 | use rand::{Rng as _, RngCore as _};\n  |                      ^^^^^^^^^^^^\n\nwarning: unused imports: `BUF_SIZE` and `DecoderReader`\n --> src/read/decoder_tests.rs:9:22\n  |\n9 | use super::decoder::{DecoderReader, BUF_SIZE};\n  |                      ^^^^^^^^^^^^^  ^^^^^^^^\n\nwarning: unused imports: `DecodeError`, `Engine`, `GeneralPurpose`, `PAD_BYTE`, `alphabet`, `general_purpose::STANDARD`, `random_alphabet`, `random_config`, and `random_engine`\n  --> src/read/decoder_tests.rs:11:5\n   |\n11 |     alphabet,\n   |     ^^^^^^^^\n12 |     engine::{general_purpose::STANDARD, Engine, GeneralPurpose},\n   |              ^^^^^^^^^^^^^^^^^^^^^^^^^  ^^^^^^  ^^^^^^^^^^^^^^\n13 |     tests::{random_alphabet, random_config, random_engine},\n   |             ^^^^^^^^^^^^^^^  ^^^^^^^^^^^^^  ^^^^^^^^^^^^^\n14 |     DecodeError, PAD_BYTE,\n   |     ^^^^^^^^^^^  ^^^^^^^^\n\nwarning: unused imports: `engine::Engine`, `tests::random_engine`, and `write::encoder_string_writer::EncoderStringWriter`\n   --> src/write/encoder_string_writer.rs:139:9\n    |\n139 |         engine::Engine, tests::random_engine, write::encoder_string_writer::EncoderStringWriter,\n    |         ^^^^^^^^^^^^^^  ^^^^^^^^^^^^^^^^^^^^  ^^^^^^^^^^^^^^^^^^^^^^^^^^^^^^^^^^^^^^^^^^^^^^^^^\n\nwarning: unused import: `rand::Rng`\n   --> src/write/encoder_string_writer.rs:141:9\n    |\n141 |     use rand::Rng;\n    |         ^^^^^^^^^\n\nwarning: unused import: `std::cmp`\n   --> src/write/encoder_string_writer.rs:142:9\n    |\n142 |     use std::cmp;\n    |         ^^^^^^^^\n\nwarning: unused import: `std::io::Write`\n   --> src/write/encoder_string_writer.rs:143:9\n    |\n143 |     use std::io::Write;\n    |         ^^^^^^^^^^^^^^\n\nwarning: unused import: `Cursor`\n --> src/write/encoder_tests.rs:1:15\n  |\n1 | use std::io::{Cursor, Write};\n  |               ^^^^^^\n\nwarning: unused import: `super::*`\n   --> src/engine/general_purpose/decode.rs:302:9\n    |\n302 |     use super::*;\n    |         ^^^^^^^^\n\nwarning: unused import: `crate::engine::general_purpose::STANDARD`\n   --> src/engine/general_purpose/decode.rs:304:9\n    |\n304 |     use crate::engine::general_purpose::STANDARD;\n    |         ^^^^^^^^^^^^^^^^^^^^^^^^^^^^^^^^^^^^^^^^\n\nwarning: unused import: `crate::alphabet::*`\n   --> src/alphabet.rs:211:9\n    |\n211 |     use crate::alphabet::*;\n    |         ^^^^^^^^^^^^^^^^^^\n\nwarning: unused import: `core::convert::TryFrom as _`\n   --> src/alphabet.rs:212:9\n    |\n212 |     use core::convert::TryFrom as _;\n    |         ^^^^^^^^^^^^^^^^^^^^^^^^^^^\n\nwarning: unused imports: `STANDARD`, `random_config`, and `random_engine`\n   --> src/encode.rs:169:59\n    |\n169 |         engine::general_purpose::{GeneralPurpose, NO_PAD, STANDARD},\n    |                                                           ^^^^^^^^\n170 |         tests::{assert_encode_sanity, random_config, random_engine},\n    |                                       ^^^^^^^^^^^^^  ^^^^^^^^^^^^^\n\nwarning: unused imports: `Distribution` and `Uniform`\n   --> src/encode.rs:173:25\n    |\n173 |         distributions::{Distribution, Uniform},\n    |                         ^^^^^^^^^^^^  ^^^^^^^\n\nwarning: unused import: `std::str`\n   --> src/encode.rs:176:9\n    |\n176 |     use std::str;\n    |         ^^^^^^^^\n\nwarning: unused imports: `alphabet` and `general_purpose`\n   --> src/decode.rs:160:9\n    |\n160 |         alphabet,\n    |         ^^^^^^^^\n161 |         engine::{general_purpose, Config, GeneralPurpose},\n    |                  ^^^^^^^^^^^^^^^\n\nwarning: unused import: `super::*`\n   --> src/decode.rs:348:9\n    |\n348 |     use super::*;\n    |         ^^^^^^^^\n\nwarning: unused import: `std::error::Error`\n   --> src/decode.rs:349:9\n    |\n349 |     use std::error::Error;\n    |         ^^^^^^^^^^^^^^^^^\n\nerror[E0599]: no method named `read_from_delegate` found for struct `Decoder` in the current scope\n   --> src/read/decoder.rs:384:26\n    |\n363 |     struct Decoder {\n    |     -------------- method `read_from_delegate` not found for this struct\n...\n384 |     let result = decoder.read_from_delegate();\n    |                          ^^^^^^^^^^^^^^^^^^ method not found in `Decoder`\n\nwarning: unused import: `Read`\n --> src/read/decoder_tests.rs:3:16\n  |\n3 |     io::{self, Read as _},\n  |                ^^^^\n\nFor more information about this error, try `rustc --explain E0599`.\nwarning: `base64` (lib test) generated 27 warnings\nerror: could not compile `base64` (lib test) due to 1 previous error; 27 warnings emitted\n"
                }
              ],
              "repaired": [
                false
              ]
            }
          ]
        }
      ]
    }
  ]
}