<?xml version="1.0" ?>
<!DOCTYPE coverage SYSTEM "https://cobertura.sourceforge.net/xml/coverage-04.dtd">
<coverage branch-rate="0" branches-covered="0" branches-valid="750" complexity="0" line-rate="0" lines-covered="0" lines-valid="4755" timestamp="1748254783" version="2.0.3">
    <sources>
        <source>/home/abezbm/rusty-unit/evaluation/http/rusty-unit-0</source>
    </sources>
    <packages>
        <package line-rate="0" branch-rate="0" name="src.header" complexity="0">
            <classes>
                <class branch-rate="0" complexity="0" filename="src/header/map.rs" line-rate="0" name="src.header.map.rs">
                    <methods>
                        <method name="&lt;http::header::map::HeaderMap&lt;usize&gt;&gt;::try_insert::&lt;http::header::name::HeaderName&gt;" signature="" complexity="0" line-rate="0" branch-rate="0">
                            <lines>
                                <line hits="0" number="1266" branch="false"/>
                            </lines>
                        </method>
                        <method name="&lt;http::header::map::HeaderMap&lt;usize&gt;&gt;::try_insert2::&lt;http::header::name::HeaderName&gt;" signature="" complexity="0" line-rate="0" branch-rate="0">
                            <lines>
                                <line hits="0" number="1274" branch="false"/>
                            </lines>
                        </method>
                        <method name="&lt;http::header::map::HeaderMap&lt;usize&gt;&gt;::insert::&lt;http::header::name::HeaderName&gt;" signature="" complexity="0" line-rate="0" branch-rate="0">
                            <lines>
                                <line hits="0" number="1228" branch="false"/>
                            </lines>
                        </method>
                        <method name="&lt;http::header::map::HeaderMap&lt;_&gt;&gt;::try_append::&lt;_&gt;" signature="" complexity="0" line-rate="0" branch-rate="0">
                            <lines>
                                <line hits="0" number="1409" branch="false"/>
                            </lines>
                        </method>
                        <method name="&lt;http::header::map::HeaderMap&lt;_&gt;&gt;::try_entry2::&lt;_&gt;" signature="" complexity="0" line-rate="0" branch-rate="0">
                            <lines>
                                <line hits="0" number="1160" branch="false"/>
                            </lines>
                        </method>
                        <method name="&lt;http::header::map::HeaderMap&lt;_&gt;&gt;::try_insert::&lt;_&gt;" signature="" complexity="0" line-rate="0" branch-rate="0">
                            <lines>
                                <line hits="0" number="1266" branch="false"/>
                            </lines>
                        </method>
                        <method name="&lt;http::header::map::HeaderMap&lt;_&gt;&gt;::try_append2::&lt;_&gt;" signature="" complexity="0" line-rate="0" branch-rate="0">
                            <lines>
                                <line hits="0" number="1417" branch="false"/>
                            </lines>
                        </method>
                        <method name="&lt;http::header::map::HeaderMap&lt;_&gt;&gt;::try_insert2::&lt;_&gt;" signature="" complexity="0" line-rate="0" branch-rate="0">
                            <lines>
                                <line hits="0" number="1274" branch="false"/>
                            </lines>
                        </method>
                        <method name="&lt;http::header::map::HeaderMap&lt;_&gt;&gt;::contains_key::&lt;_&gt;" signature="" complexity="0" line-rate="0" branch-rate="0">
                            <lines>
                                <line hits="0" number="851" branch="false"/>
                            </lines>
                        </method>
                        <method name="&lt;http::header::map::HeaderMap&lt;_&gt;&gt;::get::&lt;_&gt;" signature="" complexity="0" line-rate="0" branch-rate="0">
                            <lines>
                                <line hits="0" number="753" branch="false"/>
                            </lines>
                        </method>
                        <method name="&lt;http::header::map::HeaderMap&lt;_&gt;&gt;::find::&lt;_&gt;" signature="" complexity="0" line-rate="0" branch-rate="0">
                            <lines>
                                <line hits="0" number="1454" branch="false"/>
                            </lines>
                        </method>
                        <method name="&lt;http::header::map::HeaderMap&lt;_&gt;&gt;::get2::&lt;_&gt;" signature="" complexity="0" line-rate="0" branch-rate="0">
                            <lines>
                                <line hits="0" number="760" branch="false"/>
                            </lines>
                        </method>
                        <method name="&lt;http::header::map::HeaderMap&lt;_&gt;&gt;::entry::&lt;_&gt;" signature="" complexity="0" line-rate="0" branch-rate="0">
                            <lines>
                                <line hits="0" number="1124" branch="false"/>
                            </lines>
                        </method>
                        <method name="&lt;http::header::map::HeaderMap&lt;_&gt;&gt;::append::&lt;_&gt;" signature="" complexity="0" line-rate="0" branch-rate="0">
                            <lines>
                                <line hits="0" number="1371" branch="false"/>
                            </lines>
                        </method>
                        <method name="&lt;http::header::map::HeaderMap&lt;_&gt;&gt;::insert::&lt;_&gt;" signature="" complexity="0" line-rate="0" branch-rate="0">
                            <lines>
                                <line hits="0" number="1228" branch="false"/>
                            </lines>
                        </method>
                        <method name="&lt;http::header::map::HeaderMap&lt;_&gt;&gt;::remove::&lt;_&gt;" signature="" complexity="0" line-rate="0" branch-rate="0">
                            <lines>
                                <line hits="0" number="1528" branch="false"/>
                            </lines>
                        </method>
                        <method name="&lt;http::header::map::HeaderMap&lt;_&gt;&gt;::get_all::&lt;_&gt;" signature="" complexity="0" line-rate="0" branch-rate="0">
                            <lines>
                                <line hits="0" number="828" branch="false"/>
                            </lines>
                        </method>
                        <method name="&lt;http::header::map::HeaderMap&lt;_&gt;&gt;::get_mut::&lt;_&gt;" signature="" complexity="0" line-rate="0" branch-rate="0">
                            <lines>
                                <line hits="0" number="790" branch="false"/>
                            </lines>
                        </method>
                        <method name="&lt;http::header::map::HeaderMap&lt;_&gt;&gt;::try_entry::&lt;_&gt;" signature="" complexity="0" line-rate="0" branch-rate="0">
                            <lines>
                                <line hits="0" number="1145" branch="false"/>
                            </lines>
                        </method>
                        <method name="&lt;http::header::map::HeaderMap&gt;::try_append::&lt;http::header::name::HeaderName&gt;" signature="" complexity="0" line-rate="0" branch-rate="0">
                            <lines>
                                <line hits="0" number="1409" branch="false"/>
                            </lines>
                        </method>
                        <method name="&lt;http::header::map::HeaderMap&gt;::try_append::&lt;http::header::name::HeaderName&gt;" signature="" complexity="0" line-rate="0" branch-rate="0">
                            <lines>
                                <line hits="0" number="1409" branch="false"/>
                            </lines>
                        </method>
                        <method name="&lt;http::header::map::HeaderMap&gt;::try_append::&lt;&amp;http::header::name::HeaderName&gt;" signature="" complexity="0" line-rate="0" branch-rate="0">
                            <lines>
                                <line hits="0" number="1409" branch="false"/>
                            </lines>
                        </method>
                        <method name="&lt;http::header::map::HeaderMap&gt;::try_append::&lt;&amp;str&gt;" signature="" complexity="0" line-rate="0" branch-rate="0">
                            <lines>
                                <line hits="0" number="1409" branch="false"/>
                            </lines>
                        </method>
                        <method name="&lt;http::header::map::HeaderMap&gt;::try_entry2::&lt;http::header::name::HeaderName&gt;" signature="" complexity="0" line-rate="0" branch-rate="0">
                            <lines>
                                <line hits="0" number="1160" branch="false"/>
                            </lines>
                        </method>
                        <method name="&lt;http::header::map::HeaderMap&gt;::try_entry2::&lt;http::header::name::HdrName&gt;" signature="" complexity="0" line-rate="0" branch-rate="0">
                            <lines>
                                <line hits="0" number="1160" branch="false"/>
                            </lines>
                        </method>
                        <method name="&lt;http::header::map::HeaderMap&gt;::try_entry2::&lt;&amp;http::header::name::HeaderName&gt;" signature="" complexity="0" line-rate="0" branch-rate="0">
                            <lines>
                                <line hits="0" number="1160" branch="false"/>
                            </lines>
                        </method>
                        <method name="&lt;http::header::map::HeaderMap&gt;::try_insert::&lt;http::header::name::HeaderName&gt;" signature="" complexity="0" line-rate="0" branch-rate="0">
                            <lines>
                                <line hits="0" number="1266" branch="false"/>
                            </lines>
                        </method>
                        <method name="&lt;http::header::map::HeaderMap&gt;::try_insert::&lt;http::header::name::HeaderName&gt;" signature="" complexity="0" line-rate="0" branch-rate="0">
                            <lines>
                                <line hits="0" number="1266" branch="false"/>
                            </lines>
                        </method>
                        <method name="&lt;http::header::map::HeaderMap&gt;::try_insert::&lt;&amp;http::header::name::HeaderName&gt;" signature="" complexity="0" line-rate="0" branch-rate="0">
                            <lines>
                                <line hits="0" number="1266" branch="false"/>
                            </lines>
                        </method>
                        <method name="&lt;http::header::map::HeaderMap&gt;::try_insert::&lt;&amp;str&gt;" signature="" complexity="0" line-rate="0" branch-rate="0">
                            <lines>
                                <line hits="0" number="1266" branch="false"/>
                            </lines>
                        </method>
                        <method name="&lt;http::header::map::HeaderMap&gt;::try_append2::&lt;http::header::name::HeaderName&gt;" signature="" complexity="0" line-rate="0" branch-rate="0">
                            <lines>
                                <line hits="0" number="1417" branch="false"/>
                            </lines>
                        </method>
                        <method name="&lt;http::header::map::HeaderMap&gt;::try_append2::&lt;http::header::name::HeaderName&gt;" signature="" complexity="0" line-rate="0" branch-rate="0">
                            <lines>
                                <line hits="0" number="1417" branch="false"/>
                            </lines>
                        </method>
                        <method name="&lt;http::header::map::HeaderMap&gt;::try_append2::&lt;http::header::name::HdrName&gt;" signature="" complexity="0" line-rate="0" branch-rate="0">
                            <lines>
                                <line hits="0" number="1417" branch="false"/>
                            </lines>
                        </method>
                        <method name="&lt;http::header::map::HeaderMap&gt;::try_append2::&lt;&amp;http::header::name::HeaderName&gt;" signature="" complexity="0" line-rate="0" branch-rate="0">
                            <lines>
                                <line hits="0" number="1417" branch="false"/>
                            </lines>
                        </method>
                        <method name="&lt;http::header::map::HeaderMap&gt;::try_insert2::&lt;http::header::name::HeaderName&gt;" signature="" complexity="0" line-rate="0" branch-rate="0">
                            <lines>
                                <line hits="0" number="1274" branch="false"/>
                            </lines>
                        </method>
                        <method name="&lt;http::header::map::HeaderMap&gt;::try_insert2::&lt;http::header::name::HeaderName&gt;" signature="" complexity="0" line-rate="0" branch-rate="0">
                            <lines>
                                <line hits="0" number="1274" branch="false"/>
                            </lines>
                        </method>
                        <method name="&lt;http::header::map::HeaderMap&gt;::try_insert2::&lt;http::header::name::HdrName&gt;" signature="" complexity="0" line-rate="0" branch-rate="0">
                            <lines>
                                <line hits="0" number="1274" branch="false"/>
                            </lines>
                        </method>
                        <method name="&lt;http::header::map::HeaderMap&gt;::try_insert2::&lt;&amp;http::header::name::HeaderName&gt;" signature="" complexity="0" line-rate="0" branch-rate="0">
                            <lines>
                                <line hits="0" number="1274" branch="false"/>
                            </lines>
                        </method>
                        <method name="&lt;http::header::map::HeaderMap&gt;::get::&lt;&amp;http::header::name::HeaderName&gt;" signature="" complexity="0" line-rate="0" branch-rate="0">
                            <lines>
                                <line hits="0" number="753" branch="false"/>
                            </lines>
                        </method>
                        <method name="&lt;http::header::map::HeaderMap&gt;::get::&lt;&amp;http::header::name::HeaderName&gt;" signature="" complexity="0" line-rate="0" branch-rate="0">
                            <lines>
                                <line hits="0" number="753" branch="false"/>
                            </lines>
                        </method>
                        <method name="&lt;http::header::map::HeaderMap&gt;::get::&lt;&amp;alloc::string::String&gt;" signature="" complexity="0" line-rate="0" branch-rate="0">
                            <lines>
                                <line hits="0" number="753" branch="false"/>
                            </lines>
                        </method>
                        <method name="&lt;http::header::map::HeaderMap&gt;::get::&lt;&amp;str&gt;" signature="" complexity="0" line-rate="0" branch-rate="0">
                            <lines>
                                <line hits="0" number="753" branch="false"/>
                            </lines>
                        </method>
                        <method name="&lt;http::header::map::HeaderMap&gt;::find::&lt;http::header::name::HeaderName&gt;" signature="" complexity="0" line-rate="0" branch-rate="0">
                            <lines>
                                <line hits="0" number="1454" branch="false"/>
                            </lines>
                        </method>
                        <method name="&lt;http::header::map::HeaderMap&gt;::find::&lt;http::header::name::HeaderName&gt;" signature="" complexity="0" line-rate="0" branch-rate="0">
                            <lines>
                                <line hits="0" number="1454" branch="false"/>
                            </lines>
                        </method>
                        <method name="&lt;http::header::map::HeaderMap&gt;::find::&lt;http::header::name::HdrName&gt;" signature="" complexity="0" line-rate="0" branch-rate="0">
                            <lines>
                                <line hits="0" number="1454" branch="false"/>
                            </lines>
                        </method>
                        <method name="&lt;http::header::map::HeaderMap&gt;::get2::&lt;&amp;http::header::name::HeaderName&gt;" signature="" complexity="0" line-rate="0" branch-rate="0">
                            <lines>
                                <line hits="0" number="760" branch="false"/>
                            </lines>
                        </method>
                        <method name="&lt;http::header::map::HeaderMap&gt;::get2::&lt;&amp;http::header::name::HeaderName&gt;" signature="" complexity="0" line-rate="0" branch-rate="0">
                            <lines>
                                <line hits="0" number="760" branch="false"/>
                            </lines>
                        </method>
                        <method name="&lt;http::header::map::HeaderMap&gt;::get2::&lt;&amp;alloc::string::String&gt;" signature="" complexity="0" line-rate="0" branch-rate="0">
                            <lines>
                                <line hits="0" number="760" branch="false"/>
                            </lines>
                        </method>
                        <method name="&lt;http::header::map::HeaderMap&gt;::get2::&lt;&amp;str&gt;" signature="" complexity="0" line-rate="0" branch-rate="0">
                            <lines>
                                <line hits="0" number="760" branch="false"/>
                            </lines>
                        </method>
                        <method name="&lt;http::header::map::HeaderMap&gt;::entry::&lt;http::header::name::HeaderName&gt;" signature="" complexity="0" line-rate="0" branch-rate="0">
                            <lines>
                                <line hits="0" number="1124" branch="false"/>
                            </lines>
                        </method>
                        <method name="&lt;http::header::map::HeaderMap&gt;::entry::&lt;&amp;http::header::name::HeaderName&gt;" signature="" complexity="0" line-rate="0" branch-rate="0">
                            <lines>
                                <line hits="0" number="1124" branch="false"/>
                            </lines>
                        </method>
                        <method name="&lt;http::header::map::HeaderMap&gt;::entry::&lt;&amp;str&gt;" signature="" complexity="0" line-rate="0" branch-rate="0">
                            <lines>
                                <line hits="0" number="1124" branch="false"/>
                            </lines>
                        </method>
                        <method name="&lt;http::header::map::HeaderMap&gt;::append::&lt;http::header::name::HeaderName&gt;" signature="" complexity="0" line-rate="0" branch-rate="0">
                            <lines>
                                <line hits="0" number="1371" branch="false"/>
                            </lines>
                        </method>
                        <method name="&lt;http::header::map::HeaderMap&gt;::append::&lt;http::header::name::HeaderName&gt;" signature="" complexity="0" line-rate="0" branch-rate="0">
                            <lines>
                                <line hits="0" number="1371" branch="false"/>
                            </lines>
                        </method>
                        <method name="&lt;http::header::map::HeaderMap&gt;::append::&lt;&amp;http::header::name::HeaderName&gt;" signature="" complexity="0" line-rate="0" branch-rate="0">
                            <lines>
                                <line hits="0" number="1371" branch="false"/>
                            </lines>
                        </method>
                        <method name="&lt;http::header::map::HeaderMap&gt;::append::&lt;&amp;str&gt;" signature="" complexity="0" line-rate="0" branch-rate="0">
                            <lines>
                                <line hits="0" number="1371" branch="false"/>
                            </lines>
                        </method>
                        <method name="&lt;http::header::map::HeaderMap&gt;::insert::&lt;http::header::name::HeaderName&gt;" signature="" complexity="0" line-rate="0" branch-rate="0">
                            <lines>
                                <line hits="0" number="1228" branch="false"/>
                            </lines>
                        </method>
                        <method name="&lt;http::header::map::HeaderMap&gt;::insert::&lt;http::header::name::HeaderName&gt;" signature="" complexity="0" line-rate="0" branch-rate="0">
                            <lines>
                                <line hits="0" number="1228" branch="false"/>
                            </lines>
                        </method>
                        <method name="&lt;http::header::map::HeaderMap&gt;::insert::&lt;&amp;http::header::name::HeaderName&gt;" signature="" complexity="0" line-rate="0" branch-rate="0">
                            <lines>
                                <line hits="0" number="1228" branch="false"/>
                            </lines>
                        </method>
                        <method name="&lt;http::header::map::HeaderMap&gt;::insert::&lt;&amp;str&gt;" signature="" complexity="0" line-rate="0" branch-rate="0">
                            <lines>
                                <line hits="0" number="1228" branch="false"/>
                            </lines>
                        </method>
                        <method name="&lt;http::header::map::HeaderMap&gt;::remove::&lt;http::header::name::HeaderName&gt;" signature="" complexity="0" line-rate="0" branch-rate="0">
                            <lines>
                                <line hits="0" number="1528" branch="false"/>
                            </lines>
                        </method>
                        <method name="&lt;http::header::map::HeaderMap&gt;::remove::&lt;&amp;http::header::name::HeaderName&gt;" signature="" complexity="0" line-rate="0" branch-rate="0">
                            <lines>
                                <line hits="0" number="1528" branch="false"/>
                            </lines>
                        </method>
                        <method name="&lt;http::header::map::HeaderMap&gt;::get_all::&lt;&amp;http::header::name::HeaderName&gt;" signature="" complexity="0" line-rate="0" branch-rate="0">
                            <lines>
                                <line hits="0" number="828" branch="false"/>
                            </lines>
                        </method>
                        <method name="&lt;http::header::map::HeaderMap&gt;::get_all::&lt;&amp;http::header::name::HeaderName&gt;" signature="" complexity="0" line-rate="0" branch-rate="0">
                            <lines>
                                <line hits="0" number="828" branch="false"/>
                            </lines>
                        </method>
                        <method name="&lt;http::header::map::HeaderMap&lt;_&gt;&gt;::try_entry2::&lt;_&gt;" signature="" complexity="0" line-rate="0" branch-rate="0">
                            <lines>
                                <line hits="0" number="1160" branch="false"/>
                            </lines>
                        </method>
                        <method name="&lt;http::header::map::HeaderMap&lt;_&gt;&gt;::contains_key::&lt;_&gt;" signature="" complexity="0" line-rate="0" branch-rate="0">
                            <lines>
                                <line hits="0" number="851" branch="false"/>
                            </lines>
                        </method>
                        <method name="&lt;http::header::map::HeaderMap&lt;_&gt;&gt;::entry::&lt;_&gt;" signature="" complexity="0" line-rate="0" branch-rate="0">
                            <lines>
                                <line hits="0" number="1124" branch="false"/>
                            </lines>
                        </method>
                        <method name="&lt;http::header::map::HeaderMap&lt;_&gt;&gt;::append::&lt;_&gt;" signature="" complexity="0" line-rate="0" branch-rate="0">
                            <lines>
                                <line hits="0" number="1371" branch="false"/>
                            </lines>
                        </method>
                        <method name="&lt;http::header::map::HeaderMap&lt;_&gt;&gt;::remove::&lt;_&gt;" signature="" complexity="0" line-rate="0" branch-rate="0">
                            <lines>
                                <line hits="0" number="1528" branch="false"/>
                            </lines>
                        </method>
                        <method name="&lt;http::header::map::HeaderMap&lt;_&gt;&gt;::get_all::&lt;_&gt;" signature="" complexity="0" line-rate="0" branch-rate="0">
                            <lines>
                                <line hits="0" number="828" branch="false"/>
                            </lines>
                        </method>
                        <method name="&lt;http::header::map::HeaderMap&lt;_&gt;&gt;::get_mut::&lt;_&gt;" signature="" complexity="0" line-rate="0" branch-rate="0">
                            <lines>
                                <line hits="0" number="790" branch="false"/>
                            </lines>
                        </method>
                        <method name="&lt;http::header::map::HeaderMap&lt;_&gt;&gt;::try_entry::&lt;_&gt;" signature="" complexity="0" line-rate="0" branch-rate="0">
                            <lines>
                                <line hits="0" number="1145" branch="false"/>
                            </lines>
                        </method>
                        <method name="&lt;http::header::map::HeaderMap&gt;::try_append::&lt;&amp;str&gt;" signature="" complexity="0" line-rate="0" branch-rate="0">
                            <lines>
                                <line hits="0" number="1409" branch="false"/>
                            </lines>
                        </method>
                        <method name="&lt;http::header::map::HeaderMap&gt;::try_insert::&lt;http::header::name::HeaderName&gt;" signature="" complexity="0" line-rate="0" branch-rate="0">
                            <lines>
                                <line hits="0" number="1266" branch="false"/>
                            </lines>
                        </method>
                        <method name="&lt;http::header::map::HeaderMap&gt;::try_append2::&lt;http::header::name::HdrName&gt;" signature="" complexity="0" line-rate="0" branch-rate="0">
                            <lines>
                                <line hits="0" number="1417" branch="false"/>
                            </lines>
                        </method>
                        <method name="&lt;http::header::map::HeaderMap&gt;::try_insert2::&lt;http::header::name::HeaderName&gt;" signature="" complexity="0" line-rate="0" branch-rate="0">
                            <lines>
                                <line hits="0" number="1274" branch="false"/>
                            </lines>
                        </method>
                        <method name="&lt;http::header::map::HeaderMap&gt;::get::&lt;http::header::name::HeaderName&gt;" signature="" complexity="0" line-rate="0" branch-rate="0">
                            <lines>
                                <line hits="0" number="753" branch="false"/>
                            </lines>
                        </method>
                        <method name="&lt;http::header::map::HeaderMap&gt;::find::&lt;http::header::name::HeaderName&gt;" signature="" complexity="0" line-rate="0" branch-rate="0">
                            <lines>
                                <line hits="0" number="1454" branch="false"/>
                            </lines>
                        </method>
                        <method name="&lt;http::header::map::HeaderMap&gt;::get2::&lt;http::header::name::HeaderName&gt;" signature="" complexity="0" line-rate="0" branch-rate="0">
                            <lines>
                                <line hits="0" number="760" branch="false"/>
                            </lines>
                        </method>
                        <method name="&lt;http::header::map::HeaderMap&gt;::insert::&lt;http::header::name::HeaderName&gt;" signature="" complexity="0" line-rate="0" branch-rate="0">
                            <lines>
                                <line hits="0" number="1228" branch="false"/>
                            </lines>
                        </method>
                        <method name="&lt;http::header::map::Entry&lt;_&gt;&gt;::or_insert_with::&lt;_&gt;" signature="" complexity="0" line-rate="0" branch-rate="0">
                            <lines>
                                <line hits="0" number="2603" branch="false"/>
                            </lines>
                        </method>
                        <method name="&lt;http::header::map::Entry&lt;_&gt;&gt;::or_try_insert_with::&lt;_&gt;" signature="" complexity="0" line-rate="0" branch-rate="0">
                            <lines>
                                <line hits="0" number="2644" branch="false"/>
                            </lines>
                        </method>
                        <method name="&lt;http::header::map::Entry&lt;_&gt;&gt;::or_insert_with::&lt;_&gt;" signature="" complexity="0" line-rate="0" branch-rate="0">
                            <lines>
                                <line hits="0" number="2603" branch="false"/>
                            </lines>
                        </method>
                        <method name="&lt;http::header::map::Entry&lt;_&gt;&gt;::or_try_insert_with::&lt;_&gt;" signature="" complexity="0" line-rate="0" branch-rate="0">
                            <lines>
                                <line hits="0" number="2644" branch="false"/>
                            </lines>
                        </method>
                        <method name="http::header::map::append_value::&lt;http::header::value::HeaderValue&gt;" signature="" complexity="0" line-rate="0" branch-rate="0">
                            <lines>
                                <line hits="0" number="2213" branch="false"/>
                            </lines>
                        </method>
                        <method name="http::header::map::append_value::&lt;http::header::value::HeaderValue&gt;" signature="" complexity="0" line-rate="0" branch-rate="0">
                            <lines>
                                <line hits="0" number="2213" branch="false"/>
                            </lines>
                        </method>
                        <method name="http::header::map::append_value::&lt;_&gt;" signature="" complexity="0" line-rate="0" branch-rate="0">
                            <lines>
                                <line hits="0" number="2213" branch="false"/>
                            </lines>
                        </method>
                        <method name="http::header::map::hash_elem_using::&lt;http::header::name::HeaderName&gt;" signature="" complexity="0" line-rate="0" branch-rate="0">
                            <lines>
                                <line hits="0" number="3608" branch="false"/>
                            </lines>
                        </method>
                        <method name="http::header::map::hash_elem_using::&lt;http::header::name::HeaderName&gt;" signature="" complexity="0" line-rate="0" branch-rate="0">
                            <lines>
                                <line hits="0" number="3608" branch="false"/>
                            </lines>
                        </method>
                        <method name="http::header::map::hash_elem_using::&lt;http::header::name::HdrName&gt;" signature="" complexity="0" line-rate="0" branch-rate="0">
                            <lines>
                                <line hits="0" number="3608" branch="false"/>
                            </lines>
                        </method>
                        <method name="http::header::map::hash_elem_using::&lt;&amp;http::header::name::HeaderName&gt;" signature="" complexity="0" line-rate="0" branch-rate="0">
                            <lines>
                                <line hits="0" number="3608" branch="false"/>
                            </lines>
                        </method>
                        <method name="http::header::map::hash_elem_using::&lt;_&gt;" signature="" complexity="0" line-rate="0" branch-rate="0">
                            <lines>
                                <line hits="0" number="3608" branch="false"/>
                            </lines>
                        </method>
                        <method name="http::header::map::remove_extra_value::&lt;http::header::value::HeaderValue&gt;" signature="" complexity="0" line-rate="0" branch-rate="0">
                            <lines>
                                <line hits="0" number="1782" branch="false"/>
                            </lines>
                        </method>
                        <method name="http::header::map::remove_extra_value::&lt;http::header::value::HeaderValue&gt;" signature="" complexity="0" line-rate="0" branch-rate="0">
                            <lines>
                                <line hits="0" number="1782" branch="false"/>
                            </lines>
                        </method>
                        <method name="http::header::map::remove_extra_value::&lt;usize&gt;" signature="" complexity="0" line-rate="0" branch-rate="0">
                            <lines>
                                <line hits="0" number="1782" branch="false"/>
                            </lines>
                        </method>
                        <method name="http::header::map::remove_extra_value::&lt;_&gt;" signature="" complexity="0" line-rate="0" branch-rate="0">
                            <lines>
                                <line hits="0" number="1782" branch="false"/>
                            </lines>
                        </method>
                        <method name="http::header::map::drain_all_extra_values::&lt;http::header::value::HeaderValue&gt;" signature="" complexity="0" line-rate="0" branch-rate="0">
                            <lines>
                                <line hits="0" number="1900" branch="false"/>
                            </lines>
                        </method>
                        <method name="http::header::map::drain_all_extra_values::&lt;_&gt;" signature="" complexity="0" line-rate="0" branch-rate="0">
                            <lines>
                                <line hits="0" number="1900" branch="false"/>
                            </lines>
                        </method>
                        <method name="http::header::map::append_value::&lt;http::header::value::HeaderValue&gt;" signature="" complexity="0" line-rate="0" branch-rate="0">
                            <lines>
                                <line hits="0" number="2213" branch="false"/>
                            </lines>
                        </method>
                        <method name="http::header::map::hash_elem_using::&lt;http::header::name::HeaderName&gt;" signature="" complexity="0" line-rate="0" branch-rate="0">
                            <lines>
                                <line hits="0" number="3608" branch="false"/>
                            </lines>
                        </method>
                        <method name="http::header::map::hash_elem_using::&lt;http::header::name::HdrName&gt;" signature="" complexity="0" line-rate="0" branch-rate="0">
                            <lines>
                                <line hits="0" number="3608" branch="false"/>
                            </lines>
                        </method>
                        <method name="http::header::map::remove_extra_value::&lt;http::header::value::HeaderValue&gt;" signature="" complexity="0" line-rate="0" branch-rate="0">
                            <lines>
                                <line hits="0" number="1782" branch="false"/>
                            </lines>
                        </method>
                        <method name="http::header::map::drain_all_extra_values::&lt;_&gt;" signature="" complexity="0" line-rate="0" branch-rate="0">
                            <lines>
                                <line hits="0" number="1900" branch="false"/>
                            </lines>
                        </method>
                        <method name="http::header::map::test_bounds::check_bounds::&lt;http::header::map::ValueDrain&lt;()&gt;&gt;" signature="" complexity="0" line-rate="0" branch-rate="0">
                            <lines>
                                <line hits="0" number="3879" branch="false"/>
                            </lines>
                        </method>
                        <method name="http::header::map::test_bounds::check_bounds::&lt;http::header::map::VacantEntry&lt;()&gt;&gt;" signature="" complexity="0" line-rate="0" branch-rate="0">
                            <lines>
                                <line hits="0" number="3879" branch="false"/>
                            </lines>
                        </method>
                        <method name="http::header::map::test_bounds::check_bounds::&lt;http::header::map::ValueIterMut&lt;()&gt;&gt;" signature="" complexity="0" line-rate="0" branch-rate="0">
                            <lines>
                                <line hits="0" number="3879" branch="false"/>
                            </lines>
                        </method>
                        <method name="http::header::map::test_bounds::check_bounds::&lt;http::header::map::OccupiedEntry&lt;()&gt;&gt;" signature="" complexity="0" line-rate="0" branch-rate="0">
                            <lines>
                                <line hits="0" number="3879" branch="false"/>
                            </lines>
                        </method>
                        <method name="http::header::map::test_bounds::check_bounds::&lt;http::header::map::Iter&lt;()&gt;&gt;" signature="" complexity="0" line-rate="0" branch-rate="0">
                            <lines>
                                <line hits="0" number="3879" branch="false"/>
                            </lines>
                        </method>
                        <method name="http::header::map::test_bounds::check_bounds::&lt;http::header::map::Keys&lt;()&gt;&gt;" signature="" complexity="0" line-rate="0" branch-rate="0">
                            <lines>
                                <line hits="0" number="3879" branch="false"/>
                            </lines>
                        </method>
                        <method name="http::header::map::test_bounds::check_bounds::&lt;http::header::map::Drain&lt;()&gt;&gt;" signature="" complexity="0" line-rate="0" branch-rate="0">
                            <lines>
                                <line hits="0" number="3879" branch="false"/>
                            </lines>
                        </method>
                        <method name="http::header::map::test_bounds::check_bounds::&lt;http::header::map::Entry&lt;()&gt;&gt;" signature="" complexity="0" line-rate="0" branch-rate="0">
                            <lines>
                                <line hits="0" number="3879" branch="false"/>
                            </lines>
                        </method>
                        <method name="http::header::map::test_bounds::check_bounds::&lt;http::header::map::GetAll&lt;()&gt;&gt;" signature="" complexity="0" line-rate="0" branch-rate="0">
                            <lines>
                                <line hits="0" number="3879" branch="false"/>
                            </lines>
                        </method>
                        <method name="http::header::map::test_bounds::check_bounds::&lt;http::header::map::Values&lt;()&gt;&gt;" signature="" complexity="0" line-rate="0" branch-rate="0">
                            <lines>
                                <line hits="0" number="3879" branch="false"/>
                            </lines>
                        </method>
                        <method name="http::header::map::test_bounds::check_bounds::&lt;http::header::map::IterMut&lt;()&gt;&gt;" signature="" complexity="0" line-rate="0" branch-rate="0">
                            <lines>
                                <line hits="0" number="3879" branch="false"/>
                            </lines>
                        </method>
                        <method name="http::header::map::test_bounds::check_bounds::&lt;http::header::map::HeaderMap&lt;()&gt;&gt;" signature="" complexity="0" line-rate="0" branch-rate="0">
                            <lines>
                                <line hits="0" number="3879" branch="false"/>
                            </lines>
                        </method>
                        <method name="http::header::map::test_bounds::check_bounds::&lt;http::header::map::ValueIter&lt;()&gt;&gt;" signature="" complexity="0" line-rate="0" branch-rate="0">
                            <lines>
                                <line hits="0" number="3879" branch="false"/>
                            </lines>
                        </method>
                        <method name="http::header::map::test_bounds::check_bounds::&lt;http::header::map::ValuesMut&lt;()&gt;&gt;" signature="" complexity="0" line-rate="0" branch-rate="0">
                            <lines>
                                <line hits="0" number="3879" branch="false"/>
                            </lines>
                        </method>
                        <method name="&lt;http::header::map::HeaderMap&lt;_&gt; as core::iter::traits::collect::FromIterator&lt;(http::header::name::HeaderName, _)&gt;&gt;::from_iter::&lt;_&gt;" signature="" complexity="0" line-rate="0" branch-rate="0">
                            <lines>
                                <line hits="0" number="2000" branch="false"/>
                            </lines>
                        </method>
                        <method name="&lt;http::header::map::HeaderMap&lt;_&gt; as core::iter::traits::collect::Extend&lt;(core::option::Option&lt;http::header::name::HeaderName&gt;, _)&gt;&gt;::extend::&lt;_&gt;" signature="" complexity="0" line-rate="0" branch-rate="0">
                            <lines>
                                <line hits="0" number="2083" branch="false"/>
                            </lines>
                        </method>
                        <method name="&lt;http::header::map::HeaderMap&lt;_&gt; as core::iter::traits::collect::Extend&lt;(http::header::name::HeaderName, _)&gt;&gt;::extend::&lt;_&gt;" signature="" complexity="0" line-rate="0" branch-rate="0">
                            <lines>
                                <line hits="0" number="2127" branch="false"/>
                            </lines>
                        </method>
                        <method name="&lt;http::header::map::HeaderMap&lt;_&gt; as core::iter::traits::collect::FromIterator&lt;(http::header::name::HeaderName, _)&gt;&gt;::from_iter::&lt;_&gt;" signature="" complexity="0" line-rate="0" branch-rate="0">
                            <lines>
                                <line hits="0" number="2000" branch="false"/>
                            </lines>
                        </method>
                        <method name="&lt;http::header::map::HeaderMap&lt;_&gt; as core::iter::traits::collect::Extend&lt;(core::option::Option&lt;http::header::name::HeaderName&gt;, _)&gt;&gt;::extend::&lt;_&gt;" signature="" complexity="0" line-rate="0" branch-rate="0">
                            <lines>
                                <line hits="0" number="2083" branch="false"/>
                            </lines>
                        </method>
                        <method name="&lt;http::header::map::HeaderMap&lt;_&gt; as core::iter::traits::collect::Extend&lt;(http::header::name::HeaderName, _)&gt;&gt;::extend::&lt;_&gt;" signature="" complexity="0" line-rate="0" branch-rate="0">
                            <lines>
                                <line hits="0" number="2127" branch="false"/>
                            </lines>
                        </method>
                        <method name="&lt;http::header::name::HeaderName as http::header::map::into_header_name::Sealed&gt;::try_append::&lt;http::header::value::HeaderValue&gt;" signature="" complexity="0" line-rate="0" branch-rate="0">
                            <lines>
                                <line hits="0" number="3680" branch="false"/>
                            </lines>
                        </method>
                        <method name="&lt;http::header::name::HeaderName as http::header::map::into_header_name::Sealed&gt;::try_append::&lt;http::header::value::HeaderValue&gt;" signature="" complexity="0" line-rate="0" branch-rate="0">
                            <lines>
                                <line hits="0" number="3680" branch="false"/>
                            </lines>
                        </method>
                        <method name="&lt;http::header::name::HeaderName as http::header::map::into_header_name::Sealed&gt;::try_append::&lt;_&gt;" signature="" complexity="0" line-rate="0" branch-rate="0">
                            <lines>
                                <line hits="0" number="3680" branch="false"/>
                            </lines>
                        </method>
                        <method name="&lt;http::header::name::HeaderName as http::header::map::into_header_name::Sealed&gt;::try_insert::&lt;http::header::value::HeaderValue&gt;" signature="" complexity="0" line-rate="0" branch-rate="0">
                            <lines>
                                <line hits="0" number="3671" branch="false"/>
                            </lines>
                        </method>
                        <method name="&lt;http::header::name::HeaderName as http::header::map::into_header_name::Sealed&gt;::try_insert::&lt;http::header::value::HeaderValue&gt;" signature="" complexity="0" line-rate="0" branch-rate="0">
                            <lines>
                                <line hits="0" number="3671" branch="false"/>
                            </lines>
                        </method>
                        <method name="&lt;http::header::name::HeaderName as http::header::map::into_header_name::Sealed&gt;::try_insert::&lt;usize&gt;" signature="" complexity="0" line-rate="0" branch-rate="0">
                            <lines>
                                <line hits="0" number="3671" branch="false"/>
                            </lines>
                        </method>
                        <method name="&lt;http::header::name::HeaderName as http::header::map::into_header_name::Sealed&gt;::try_insert::&lt;_&gt;" signature="" complexity="0" line-rate="0" branch-rate="0">
                            <lines>
                                <line hits="0" number="3671" branch="false"/>
                            </lines>
                        </method>
                        <method name="&lt;http::header::name::HeaderName as http::header::map::into_header_name::Sealed&gt;::try_entry::&lt;http::header::value::HeaderValue&gt;" signature="" complexity="0" line-rate="0" branch-rate="0">
                            <lines>
                                <line hits="0" number="3685" branch="false"/>
                            </lines>
                        </method>
                        <method name="&lt;http::header::name::HeaderName as http::header::map::into_header_name::Sealed&gt;::try_entry::&lt;_&gt;" signature="" complexity="0" line-rate="0" branch-rate="0">
                            <lines>
                                <line hits="0" number="3685" branch="false"/>
                            </lines>
                        </method>
                        <method name="&lt;http::header::name::HeaderName as http::header::map::into_header_name::Sealed&gt;::try_append::&lt;_&gt;" signature="" complexity="0" line-rate="0" branch-rate="0">
                            <lines>
                                <line hits="0" number="3680" branch="false"/>
                            </lines>
                        </method>
                        <method name="&lt;http::header::name::HeaderName as http::header::map::into_header_name::Sealed&gt;::try_insert::&lt;http::header::value::HeaderValue&gt;" signature="" complexity="0" line-rate="0" branch-rate="0">
                            <lines>
                                <line hits="0" number="3671" branch="false"/>
                            </lines>
                        </method>
                        <method name="&lt;http::header::name::HeaderName as http::header::map::into_header_name::Sealed&gt;::try_entry::&lt;_&gt;" signature="" complexity="0" line-rate="0" branch-rate="0">
                            <lines>
                                <line hits="0" number="3685" branch="false"/>
                            </lines>
                        </method>
                        <method name="&lt;http::header::name::HeaderName as http::header::map::as_header_name::Sealed&gt;::find::&lt;http::header::value::HeaderValue&gt;" signature="" complexity="0" line-rate="0" branch-rate="0">
                            <lines>
                                <line hits="0" number="3791" branch="false"/>
                            </lines>
                        </method>
                        <method name="&lt;http::header::name::HeaderName as http::header::map::as_header_name::Sealed&gt;::find::&lt;_&gt;" signature="" complexity="0" line-rate="0" branch-rate="0">
                            <lines>
                                <line hits="0" number="3791" branch="false"/>
                            </lines>
                        </method>
                        <method name="&lt;http::header::name::HeaderName as http::header::map::as_header_name::Sealed&gt;::try_entry::&lt;_&gt;" signature="" complexity="0" line-rate="0" branch-rate="0">
                            <lines>
                                <line hits="0" number="3786" branch="false"/>
                            </lines>
                        </method>
                        <method name="&lt;&amp;http::header::name::HeaderName as http::header::map::into_header_name::Sealed&gt;::try_append::&lt;http::header::value::HeaderValue&gt;" signature="" complexity="0" line-rate="0" branch-rate="0">
                            <lines>
                                <line hits="0" number="3702" branch="false"/>
                            </lines>
                        </method>
                        <method name="&lt;&amp;http::header::name::HeaderName as http::header::map::into_header_name::Sealed&gt;::try_append::&lt;_&gt;" signature="" complexity="0" line-rate="0" branch-rate="0">
                            <lines>
                                <line hits="0" number="3702" branch="false"/>
                            </lines>
                        </method>
                        <method name="&lt;&amp;http::header::name::HeaderName as http::header::map::into_header_name::Sealed&gt;::try_insert::&lt;http::header::value::HeaderValue&gt;" signature="" complexity="0" line-rate="0" branch-rate="0">
                            <lines>
                                <line hits="0" number="3694" branch="false"/>
                            </lines>
                        </method>
                        <method name="&lt;&amp;http::header::name::HeaderName as http::header::map::into_header_name::Sealed&gt;::try_insert::&lt;_&gt;" signature="" complexity="0" line-rate="0" branch-rate="0">
                            <lines>
                                <line hits="0" number="3694" branch="false"/>
                            </lines>
                        </method>
                        <method name="&lt;&amp;http::header::name::HeaderName as http::header::map::into_header_name::Sealed&gt;::try_entry::&lt;http::header::value::HeaderValue&gt;" signature="" complexity="0" line-rate="0" branch-rate="0">
                            <lines>
                                <line hits="0" number="3707" branch="false"/>
                            </lines>
                        </method>
                        <method name="&lt;&amp;http::header::name::HeaderName as http::header::map::into_header_name::Sealed&gt;::try_entry::&lt;_&gt;" signature="" complexity="0" line-rate="0" branch-rate="0">
                            <lines>
                                <line hits="0" number="3707" branch="false"/>
                            </lines>
                        </method>
                        <method name="&lt;http::header::name::HeaderName as http::header::map::as_header_name::Sealed&gt;::find::&lt;http::header::value::HeaderValue&gt;" signature="" complexity="0" line-rate="0" branch-rate="0">
                            <lines>
                                <line hits="0" number="3791" branch="false"/>
                            </lines>
                        </method>
                        <method name="&lt;http::header::name::HeaderName as http::header::map::as_header_name::Sealed&gt;::try_entry::&lt;_&gt;" signature="" complexity="0" line-rate="0" branch-rate="0">
                            <lines>
                                <line hits="0" number="3786" branch="false"/>
                            </lines>
                        </method>
                        <method name="&lt;&amp;http::header::name::HeaderName as http::header::map::into_header_name::Sealed&gt;::try_append::&lt;_&gt;" signature="" complexity="0" line-rate="0" branch-rate="0">
                            <lines>
                                <line hits="0" number="3702" branch="false"/>
                            </lines>
                        </method>
                        <method name="&lt;&amp;http::header::name::HeaderName as http::header::map::into_header_name::Sealed&gt;::try_insert::&lt;_&gt;" signature="" complexity="0" line-rate="0" branch-rate="0">
                            <lines>
                                <line hits="0" number="3694" branch="false"/>
                            </lines>
                        </method>
                        <method name="&lt;&amp;http::header::name::HeaderName as http::header::map::into_header_name::Sealed&gt;::try_entry::&lt;_&gt;" signature="" complexity="0" line-rate="0" branch-rate="0">
                            <lines>
                                <line hits="0" number="3707" branch="false"/>
                            </lines>
                        </method>
                        <method name="&lt;&amp;http::header::name::HeaderName as http::header::map::as_header_name::Sealed&gt;::find::&lt;http::header::value::HeaderValue&gt;" signature="" complexity="0" line-rate="0" branch-rate="0">
                            <lines>
                                <line hits="0" number="3809" branch="false"/>
                            </lines>
                        </method>
                        <method name="&lt;&amp;http::header::name::HeaderName as http::header::map::as_header_name::Sealed&gt;::find::&lt;http::header::value::HeaderValue&gt;" signature="" complexity="0" line-rate="0" branch-rate="0">
                            <lines>
                                <line hits="0" number="3809" branch="false"/>
                            </lines>
                        </method>
                        <method name="&lt;&amp;http::header::name::HeaderName as http::header::map::as_header_name::Sealed&gt;::find::&lt;_&gt;" signature="" complexity="0" line-rate="0" branch-rate="0">
                            <lines>
                                <line hits="0" number="3809" branch="false"/>
                            </lines>
                        </method>
                        <method name="&lt;&amp;http::header::name::HeaderName as http::header::map::as_header_name::Sealed&gt;::try_entry::&lt;_&gt;" signature="" complexity="0" line-rate="0" branch-rate="0">
                            <lines>
                                <line hits="0" number="3804" branch="false"/>
                            </lines>
                        </method>
                        <method name="&lt;&amp;str as http::header::map::into_header_name::Sealed&gt;::try_append::&lt;http::header::value::HeaderValue&gt;" signature="" complexity="0" line-rate="0" branch-rate="0">
                            <lines>
                                <line hits="0" number="3724" branch="false"/>
                            </lines>
                        </method>
                        <method name="&lt;&amp;str as http::header::map::into_header_name::Sealed&gt;::try_append::&lt;_&gt;" signature="" complexity="0" line-rate="0" branch-rate="0">
                            <lines>
                                <line hits="0" number="3724" branch="false"/>
                            </lines>
                        </method>
                        <method name="&lt;&amp;str as http::header::map::into_header_name::Sealed&gt;::try_insert::&lt;http::header::value::HeaderValue&gt;" signature="" complexity="0" line-rate="0" branch-rate="0">
                            <lines>
                                <line hits="0" number="3716" branch="false"/>
                            </lines>
                        </method>
                        <method name="&lt;&amp;str as http::header::map::into_header_name::Sealed&gt;::try_insert::&lt;_&gt;" signature="" complexity="0" line-rate="0" branch-rate="0">
                            <lines>
                                <line hits="0" number="3716" branch="false"/>
                            </lines>
                        </method>
                        <method name="&lt;&amp;str as http::header::map::into_header_name::Sealed&gt;::try_entry::&lt;http::header::value::HeaderValue&gt;" signature="" complexity="0" line-rate="0" branch-rate="0">
                            <lines>
                                <line hits="0" number="3729" branch="false"/>
                            </lines>
                        </method>
                        <method name="&lt;&amp;str as http::header::map::into_header_name::Sealed&gt;::try_entry::&lt;_&gt;" signature="" complexity="0" line-rate="0" branch-rate="0">
                            <lines>
                                <line hits="0" number="3729" branch="false"/>
                            </lines>
                        </method>
                        <method name="&lt;&amp;http::header::name::HeaderName as http::header::map::as_header_name::Sealed&gt;::find::&lt;_&gt;" signature="" complexity="0" line-rate="0" branch-rate="0">
                            <lines>
                                <line hits="0" number="3809" branch="false"/>
                            </lines>
                        </method>
                        <method name="&lt;&amp;http::header::name::HeaderName as http::header::map::as_header_name::Sealed&gt;::try_entry::&lt;_&gt;" signature="" complexity="0" line-rate="0" branch-rate="0">
                            <lines>
                                <line hits="0" number="3804" branch="false"/>
                            </lines>
                        </method>
                        <method name="&lt;&amp;str as http::header::map::into_header_name::Sealed&gt;::try_append::&lt;http::header::value::HeaderValue&gt;" signature="" complexity="0" line-rate="0" branch-rate="0">
                            <lines>
                                <line hits="0" number="3724" branch="false"/>
                            </lines>
                        </method>
                        <method name="&lt;&amp;str as http::header::map::into_header_name::Sealed&gt;::try_insert::&lt;_&gt;" signature="" complexity="0" line-rate="0" branch-rate="0">
                            <lines>
                                <line hits="0" number="3716" branch="false"/>
                            </lines>
                        </method>
                        <method name="&lt;&amp;str as http::header::map::into_header_name::Sealed&gt;::try_entry::&lt;_&gt;" signature="" complexity="0" line-rate="0" branch-rate="0">
                            <lines>
                                <line hits="0" number="3729" branch="false"/>
                            </lines>
                        </method>
                        <method name="&lt;&amp;str as http::header::map::as_header_name::Sealed&gt;::find::&lt;http::header::value::HeaderValue&gt;" signature="" complexity="0" line-rate="0" branch-rate="0">
                            <lines>
                                <line hits="0" number="3829" branch="false"/>
                            </lines>
                        </method>
                        <method name="&lt;&amp;str as http::header::map::as_header_name::Sealed&gt;::find::&lt;_&gt;" signature="" complexity="0" line-rate="0" branch-rate="0">
                            <lines>
                                <line hits="0" number="3829" branch="false"/>
                            </lines>
                        </method>
                        <method name="&lt;&amp;str as http::header::map::as_header_name::Sealed&gt;::try_entry::&lt;_&gt;" signature="" complexity="0" line-rate="0" branch-rate="0">
                            <lines>
                                <line hits="0" number="3822" branch="false"/>
                            </lines>
                        </method>
                        <method name="&lt;&amp;str as http::header::map::as_header_name::Sealed&gt;::find::&lt;_&gt;" signature="" complexity="0" line-rate="0" branch-rate="0">
                            <lines>
                                <line hits="0" number="3829" branch="false"/>
                            </lines>
                        </method>
                        <method name="&lt;&amp;str as http::header::map::as_header_name::Sealed&gt;::try_entry::&lt;_&gt;" signature="" complexity="0" line-rate="0" branch-rate="0">
                            <lines>
                                <line hits="0" number="3822" branch="false"/>
                            </lines>
                        </method>
                        <method name="&lt;alloc::string::String as http::header::map::as_header_name::Sealed&gt;::find::&lt;http::header::value::HeaderValue&gt;" signature="" complexity="0" line-rate="0" branch-rate="0">
                            <lines>
                                <line hits="0" number="3847" branch="false"/>
                            </lines>
                        </method>
                        <method name="&lt;alloc::string::String as http::header::map::as_header_name::Sealed&gt;::find::&lt;_&gt;" signature="" complexity="0" line-rate="0" branch-rate="0">
                            <lines>
                                <line hits="0" number="3847" branch="false"/>
                            </lines>
                        </method>
                        <method name="&lt;alloc::string::String as http::header::map::as_header_name::Sealed&gt;::try_entry::&lt;_&gt;" signature="" complexity="0" line-rate="0" branch-rate="0">
                            <lines>
                                <line hits="0" number="3842" branch="false"/>
                            </lines>
                        </method>
                        <method name="&lt;alloc::string::String as http::header::map::as_header_name::Sealed&gt;::find::&lt;_&gt;" signature="" complexity="0" line-rate="0" branch-rate="0">
                            <lines>
                                <line hits="0" number="3847" branch="false"/>
                            </lines>
                        </method>
                        <method name="&lt;alloc::string::String as http::header::map::as_header_name::Sealed&gt;::try_entry::&lt;_&gt;" signature="" complexity="0" line-rate="0" branch-rate="0">
                            <lines>
                                <line hits="0" number="3842" branch="false"/>
                            </lines>
                        </method>
                        <method name="&lt;&amp;alloc::string::String as http::header::map::as_header_name::Sealed&gt;::find::&lt;http::header::value::HeaderValue&gt;" signature="" complexity="0" line-rate="0" branch-rate="0">
                            <lines>
                                <line hits="0" number="3865" branch="false"/>
                            </lines>
                        </method>
                        <method name="&lt;&amp;alloc::string::String as http::header::map::as_header_name::Sealed&gt;::find::&lt;_&gt;" signature="" complexity="0" line-rate="0" branch-rate="0">
                            <lines>
                                <line hits="0" number="3865" branch="false"/>
                            </lines>
                        </method>
                        <method name="&lt;&amp;alloc::string::String as http::header::map::as_header_name::Sealed&gt;::try_entry::&lt;_&gt;" signature="" complexity="0" line-rate="0" branch-rate="0">
                            <lines>
                                <line hits="0" number="3860" branch="false"/>
                            </lines>
                        </method>
                        <method name="&lt;&amp;alloc::string::String as http::header::map::as_header_name::Sealed&gt;::find::&lt;_&gt;" signature="" complexity="0" line-rate="0" branch-rate="0">
                            <lines>
                                <line hits="0" number="3865" branch="false"/>
                            </lines>
                        </method>
                        <method name="&lt;&amp;alloc::string::String as http::header::map::as_header_name::Sealed&gt;::try_entry::&lt;_&gt;" signature="" complexity="0" line-rate="0" branch-rate="0">
                            <lines>
                                <line hits="0" number="3860" branch="false"/>
                            </lines>
                        </method>
                        <method name="&lt;http::header::map::HeaderMap&lt;_&gt;&gt;::get_all::&lt;_&gt;::{closure#0}" signature="" complexity="0" line-rate="0" branch-rate="0">
                            <lines>
                                <line hits="0" number="834" branch="false"/>
                            </lines>
                        </method>
                        <method name="&lt;http::header::map::HeaderMap&lt;_&gt;&gt;::try_entry::&lt;_&gt;::{closure#0}" signature="" complexity="0" line-rate="0" branch-rate="0">
                            <lines>
                                <line hits="0" number="1149" branch="false"/>
                            </lines>
                        </method>
                        <method name="&lt;http::header::map::HeaderMap&gt;::get_all::&lt;&amp;http::header::name::HeaderName&gt;::{closure#0}" signature="" complexity="0" line-rate="0" branch-rate="0">
                            <lines>
                                <line hits="0" number="834" branch="false"/>
                            </lines>
                        </method>
                        <method name="&lt;http::header::map::HeaderMap&gt;::get_all::&lt;&amp;http::header::name::HeaderName&gt;::{closure#0}" signature="" complexity="0" line-rate="0" branch-rate="0">
                            <lines>
                                <line hits="0" number="834" branch="false"/>
                            </lines>
                        </method>
                        <method name="&lt;http::header::map::HeaderMap&lt;_&gt;&gt;::get_all::&lt;_&gt;::{closure#0}" signature="" complexity="0" line-rate="0" branch-rate="0">
                            <lines>
                                <line hits="0" number="834" branch="false"/>
                            </lines>
                        </method>
                        <method name="&lt;http::header::map::HeaderMap&lt;_&gt;&gt;::try_entry::&lt;_&gt;::{closure#0}" signature="" complexity="0" line-rate="0" branch-rate="0">
                            <lines>
                                <line hits="0" number="1149" branch="false"/>
                            </lines>
                        </method>
                        <method name="&lt;&amp;str as http::header::map::into_header_name::Sealed&gt;::try_append::&lt;http::header::value::HeaderValue&gt;::{closure#0}" signature="" complexity="0" line-rate="0" branch-rate="0">
                            <lines>
                                <line hits="0" number="3725" branch="false"/>
                            </lines>
                        </method>
                        <method name="&lt;&amp;str as http::header::map::into_header_name::Sealed&gt;::try_append::&lt;_&gt;::{closure#0}" signature="" complexity="0" line-rate="0" branch-rate="0">
                            <lines>
                                <line hits="0" number="3725" branch="false"/>
                            </lines>
                        </method>
                        <method name="&lt;&amp;str as http::header::map::into_header_name::Sealed&gt;::try_insert::&lt;http::header::value::HeaderValue&gt;::{closure#0}" signature="" complexity="0" line-rate="0" branch-rate="0">
                            <lines>
                                <line hits="0" number="3721" branch="false"/>
                            </lines>
                        </method>
                        <method name="&lt;&amp;str as http::header::map::into_header_name::Sealed&gt;::try_insert::&lt;_&gt;::{closure#0}" signature="" complexity="0" line-rate="0" branch-rate="0">
                            <lines>
                                <line hits="0" number="3721" branch="false"/>
                            </lines>
                        </method>
                        <method name="&lt;&amp;str as http::header::map::into_header_name::Sealed&gt;::try_entry::&lt;http::header::value::HeaderValue&gt;::{closure#0}" signature="" complexity="0" line-rate="0" branch-rate="0">
                            <lines>
                                <line hits="0" number="3730" branch="false"/>
                            </lines>
                        </method>
                        <method name="&lt;&amp;str as http::header::map::into_header_name::Sealed&gt;::try_entry::&lt;_&gt;::{closure#0}" signature="" complexity="0" line-rate="0" branch-rate="0">
                            <lines>
                                <line hits="0" number="3730" branch="false"/>
                            </lines>
                        </method>
                        <method name="&lt;&amp;str as http::header::map::into_header_name::Sealed&gt;::try_append::&lt;http::header::value::HeaderValue&gt;::{closure#0}" signature="" complexity="0" line-rate="0" branch-rate="0">
                            <lines>
                                <line hits="0" number="3725" branch="false"/>
                            </lines>
                        </method>
                        <method name="&lt;&amp;str as http::header::map::into_header_name::Sealed&gt;::try_insert::&lt;_&gt;::{closure#0}" signature="" complexity="0" line-rate="0" branch-rate="0">
                            <lines>
                                <line hits="0" number="3721" branch="false"/>
                            </lines>
                        </method>
                        <method name="&lt;&amp;str as http::header::map::into_header_name::Sealed&gt;::try_entry::&lt;_&gt;::{closure#0}" signature="" complexity="0" line-rate="0" branch-rate="0">
                            <lines>
                                <line hits="0" number="3730" branch="false"/>
                            </lines>
                        </method>
                        <method name="&lt;&amp;str as http::header::map::as_header_name::Sealed&gt;::find::&lt;http::header::value::HeaderValue&gt;::{closure#0}" signature="" complexity="0" line-rate="0" branch-rate="0">
                            <lines>
                                <line hits="0" number="3830" branch="false"/>
                            </lines>
                        </method>
                        <method name="&lt;&amp;str as http::header::map::as_header_name::Sealed&gt;::find::&lt;_&gt;::{closure#0}" signature="" complexity="0" line-rate="0" branch-rate="0">
                            <lines>
                                <line hits="0" number="3830" branch="false"/>
                            </lines>
                        </method>
                        <method name="&lt;&amp;str as http::header::map::as_header_name::Sealed&gt;::try_entry::&lt;_&gt;::{closure#0}" signature="" complexity="0" line-rate="0" branch-rate="0">
                            <lines>
                                <line hits="0" number="3823" branch="false"/>
                            </lines>
                        </method>
                        <method name="&lt;&amp;str as http::header::map::as_header_name::Sealed&gt;::find::&lt;_&gt;::{closure#0}" signature="" complexity="0" line-rate="0" branch-rate="0">
                            <lines>
                                <line hits="0" number="3830" branch="false"/>
                            </lines>
                        </method>
                        <method name="&lt;&amp;str as http::header::map::as_header_name::Sealed&gt;::try_entry::&lt;_&gt;::{closure#0}" signature="" complexity="0" line-rate="0" branch-rate="0">
                            <lines>
                                <line hits="0" number="3823" branch="false"/>
                            </lines>
                        </method>
                        <method name="&lt;http::header::map::OccupiedEntry&lt;http::header::value::HeaderValue&gt;&gt;::remove_entry_mult::{closure#0}" signature="" complexity="0" line-rate="0" branch-rate="0">
                            <lines>
                                <line hits="0" number="3331" branch="false"/>
                            </lines>
                        </method>
                        <method name="&lt;http::header::map::OccupiedEntry&lt;_&gt;&gt;::remove_entry_mult::{closure#0}" signature="" complexity="0" line-rate="0" branch-rate="0">
                            <lines>
                                <line hits="0" number="3331" branch="false"/>
                            </lines>
                        </method>
                        <method name="&lt;http::header::map::OccupiedEntry&lt;_&gt;&gt;::remove_entry_mult::{closure#0}" signature="" complexity="0" line-rate="0" branch-rate="0">
                            <lines>
                                <line hits="0" number="3331" branch="false"/>
                            </lines>
                        </method>
                        <method name="&lt;http::header::map::HeaderMap&lt;_&gt;&gt;::value_iter::{closure#0}" signature="" complexity="0" line-rate="0" branch-rate="0">
                            <lines>
                                <line hits="0" number="1059" branch="false"/>
                            </lines>
                        </method>
                        <method name="&lt;http::header::map::HeaderMap&lt;_&gt;&gt;::value_iter_mut::{closure#0}" signature="" complexity="0" line-rate="0" branch-rate="0">
                            <lines>
                                <line hits="0" number="1084" branch="false"/>
                            </lines>
                        </method>
                        <method name="&lt;http::header::map::HeaderMap&lt;_&gt;&gt;::insert_occupied_mult::{closure#0}" signature="" complexity="0" line-rate="0" branch-rate="0">
                            <lines>
                                <line hits="0" number="1332" branch="false"/>
                            </lines>
                        </method>
                        <method name="&lt;http::header::map::HeaderMap&lt;_&gt;&gt;::iter_mut::{closure#0}" signature="" complexity="0" line-rate="0" branch-rate="0">
                            <lines>
                                <line hits="0" number="912" branch="false"/>
                            </lines>
                        </method>
                        <method name="&lt;http::header::map::HeaderMap&gt;::value_iter::{closure#0}" signature="" complexity="0" line-rate="0" branch-rate="0">
                            <lines>
                                <line hits="0" number="1059" branch="false"/>
                            </lines>
                        </method>
                        <method name="&lt;http::header::map::HeaderMap&gt;::value_iter::{closure#0}" signature="" complexity="0" line-rate="0" branch-rate="0">
                            <lines>
                                <line hits="0" number="1059" branch="false"/>
                            </lines>
                        </method>
                        <method name="&lt;http::header::map::HeaderMap&gt;::insert_occupied_mult::{closure#0}" signature="" complexity="0" line-rate="0" branch-rate="0">
                            <lines>
                                <line hits="0" number="1332" branch="false"/>
                            </lines>
                        </method>
                        <method name="&lt;http::header::map::HeaderMap&gt;::iter::{closure#0}" signature="" complexity="0" line-rate="0" branch-rate="0">
                            <lines>
                                <line hits="0" number="883" branch="false"/>
                            </lines>
                        </method>
                        <method name="&lt;http::header::map::HeaderMap&lt;_&gt;&gt;::value_iter::{closure#0}" signature="" complexity="0" line-rate="0" branch-rate="0">
                            <lines>
                                <line hits="0" number="1059" branch="false"/>
                            </lines>
                        </method>
                        <method name="&lt;http::header::map::HeaderMap&lt;_&gt;&gt;::value_iter_mut::{closure#0}" signature="" complexity="0" line-rate="0" branch-rate="0">
                            <lines>
[...]
                        <line branch="false" hits="0" number="175"/>
                        <line branch="false" hits="0" number="176"/>
                        <line branch="false" hits="0" number="177"/>
                        <line branch="false" hits="0" number="178"/>
                        <line branch="false" hits="0" number="180"/>
                        <line branch="false" hits="0" number="185"/>
                        <line branch="false" hits="0" number="186"/>
                        <line branch="false" hits="0" number="187"/>
                        <line branch="false" hits="0" number="192"/>
                        <line branch="false" hits="0" number="193"/>
                        <line branch="false" hits="0" number="194"/>
                        <line branch="false" hits="0" number="199"/>
                        <line branch="false" hits="0" number="200"/>
                        <line branch="false" hits="0" number="201"/>
                        <line branch="false" hits="0" number="206"/>
                        <line branch="false" hits="0" number="207"/>
                        <line branch="false" hits="0" number="208"/>
                        <line branch="false" hits="0" number="213"/>
                        <line branch="false" hits="0" number="214"/>
                        <line branch="false" hits="0" number="215"/>
                        <line branch="false" hits="0" number="220"/>
                        <line branch="false" hits="0" number="221"/>
                        <line branch="false" hits="0" number="222"/>
                        <line branch="false" hits="0" number="227"/>
                        <line branch="false" hits="0" number="228"/>
                        <line branch="false" hits="0" number="229"/>
                        <line branch="false" hits="0" number="233"/>
                        <line branch="false" hits="0" number="234"/>
                        <line branch="false" hits="0" number="235"/>
                        <line branch="false" hits="0" number="239"/>
                        <line branch="false" hits="0" number="240"/>
                        <line branch="false" hits="0" number="241"/>
                        <line branch="false" hits="0" number="246"/>
                        <line branch="false" hits="0" number="247"/>
                        <line branch="false" hits="0" number="248"/>
                        <line branch="false" hits="0" number="253"/>
                        <line branch="false" hits="0" number="254"/>
                        <line branch="false" hits="0" number="255"/>
                        <line branch="false" hits="0" number="262"/>
                        <line branch="false" hits="0" number="263"/>
                        <line branch="false" hits="0" number="264"/>
                        <line branch="false" hits="0" number="271"/>
                        <line branch="false" hits="0" number="272"/>
                        <line branch="false" hits="0" number="273"/>
                        <line branch="false" hits="0" number="280"/>
                        <line branch="false" hits="0" number="281"/>
                        <line branch="false" hits="0" number="282"/>
                        <line branch="false" hits="0" number="286"/>
                        <line branch="false" hits="0" number="287"/>
                        <line branch="false" hits="0" number="288"/>
                        <line branch="false" hits="0" number="292"/>
                        <line branch="false" hits="0" number="293"/>
                        <line branch="false" hits="0" number="294"/>
                        <line branch="false" hits="0" number="295"/>
                        <line branch="false" hits="0" number="296"/>
                        <line branch="false" hits="0" number="300"/>
                        <line branch="false" hits="0" number="301"/>
                        <line branch="false" hits="0" number="302"/>
                        <line branch="false" hits="0" number="323"/>
                        <line branch="false" hits="0" number="324"/>
                        <line branch="false" hits="0" number="325"/>
                        <line branch="false" hits="0" number="326"/>
                        <line branch="false" hits="0" number="330"/>
                        <line branch="false" hits="0" number="331"/>
                        <line branch="false" hits="0" number="333"/>
                        <line branch="false" hits="0" number="334"/>
                        <line branch="false" hits="0" number="335"/>
                        <line branch="false" hits="0" number="336"/>
                        <line branch="false" hits="0" number="337"/>
                        <line branch="false" hits="0" number="338"/>
                        <line branch="false" hits="0" number="342"/>
                        <line branch="false" hits="0" number="343"/>
                        <line branch="false" hits="0" number="344"/>
                        <line branch="false" hits="0" number="345"/>
                        <line branch="false" hits="0" number="349"/>
                        <line branch="false" hits="0" number="350"/>
                        <line branch="false" hits="0" number="352"/>
                        <line branch="false" hits="0" number="353"/>
                        <line branch="false" hits="0" number="354"/>
                        <line branch="false" hits="0" number="355"/>
                        <line branch="false" hits="0" number="356"/>
                        <line branch="false" hits="0" number="407"/>
                        <line branch="false" hits="0" number="408"/>
                        <line branch="false" hits="0" number="409"/>
                        <line branch="false" hits="0" number="410"/>
                        <line branch="true" hits="0" number="411" condition-coverage="0% (0/4)"/>
                        <line branch="false" hits="0" number="412"/>
                        <line branch="false" hits="0" number="413"/>
                        <line branch="false" hits="0" number="414"/>
                        <line branch="false" hits="0" number="415"/>
                        <line branch="false" hits="0" number="418"/>
                        <line branch="false" hits="0" number="419"/>
                        <line branch="false" hits="0" number="427"/>
                        <line branch="false" hits="0" number="428"/>
                        <line branch="false" hits="0" number="429"/>
                        <line branch="false" hits="0" number="430"/>
                        <line branch="false" hits="0" number="432"/>
                        <line branch="false" hits="0" number="433"/>
                        <line branch="false" hits="0" number="435"/>
                        <line branch="false" hits="0" number="436"/>
                        <line branch="false" hits="0" number="437"/>
                        <line branch="false" hits="0" number="440"/>
                        <line branch="false" hits="0" number="441"/>
                        <line branch="false" hits="0" number="442"/>
                        <line branch="false" hits="0" number="443"/>
                        <line branch="false" hits="0" number="444"/>
                        <line branch="false" hits="0" number="445"/>
                        <line branch="false" hits="0" number="448"/>
                        <line branch="false" hits="0" number="449"/>
                        <line branch="false" hits="0" number="450"/>
                        <line branch="false" hits="0" number="451"/>
                        <line branch="false" hits="0" number="452"/>
                        <line branch="false" hits="0" number="453"/>
                        <line branch="false" hits="0" number="454"/>
                        <line branch="false" hits="0" number="456"/>
                        <line branch="false" hits="0" number="457"/>
                        <line branch="false" hits="0" number="458"/>
                        <line branch="false" hits="0" number="459"/>
                        <line branch="false" hits="0" number="462"/>
                        <line branch="false" hits="0" number="463"/>
                        <line branch="false" hits="0" number="464"/>
                        <line branch="false" hits="0" number="466"/>
                        <line branch="false" hits="0" number="467"/>
                        <line branch="false" hits="0" number="469"/>
                        <line branch="false" hits="0" number="470"/>
                        <line branch="false" hits="0" number="471"/>
                        <line branch="false" hits="0" number="472"/>
                        <line branch="false" hits="0" number="473"/>
                        <line branch="false" hits="0" number="474"/>
                        <line branch="false" hits="0" number="475"/>
                        <line branch="false" hits="0" number="476"/>
                        <line branch="false" hits="0" number="477"/>
                        <line branch="false" hits="0" number="478"/>
                        <line branch="false" hits="0" number="479"/>
                        <line branch="false" hits="0" number="480"/>
                        <line branch="false" hits="0" number="481"/>
                        <line branch="false" hits="0" number="482"/>
                        <line branch="false" hits="0" number="483"/>
                        <line branch="false" hits="0" number="486"/>
                        <line branch="false" hits="0" number="490"/>
                        <line branch="false" hits="0" number="491"/>
                        <line branch="false" hits="0" number="492"/>
                        <line branch="false" hits="0" number="493"/>
                        <line branch="false" hits="0" number="494"/>
                        <line branch="false" hits="0" number="495"/>
                        <line branch="false" hits="0" number="496"/>
                        <line branch="false" hits="0" number="499"/>
                    </lines>
                </class>
                <class branch-rate="0" complexity="0" filename="src/byte_str.rs" line-rate="0" name="src.byte_str.rs">
                    <methods>
                        <method name="&lt;http::byte_str::ByteStr&gt;::from_static" signature="" complexity="0" line-rate="0" branch-rate="0">
                            <lines>
                                <line hits="0" number="21" branch="false"/>
                            </lines>
                        </method>
                        <method name="&lt;http::byte_str::ByteStr&gt;::from_utf8_unchecked" signature="" complexity="0" line-rate="0" branch-rate="0">
                            <lines>
                                <line hits="0" number="35" branch="false"/>
                            </lines>
                        </method>
                        <method name="&lt;http::byte_str::ByteStr&gt;::new" signature="" complexity="0" line-rate="0" branch-rate="0">
                            <lines>
                                <line hits="0" number="13" branch="false"/>
                            </lines>
                        </method>
                        <method name="&lt;http::byte_str::ByteStr&gt;::from_utf8" signature="" complexity="0" line-rate="0" branch-rate="0">
                            <lines>
                                <line hits="0" number="49" branch="false"/>
                            </lines>
                        </method>
                        <method name="&lt;http::byte_str::ByteStr&gt;::from_static" signature="" complexity="0" line-rate="0" branch-rate="0">
                            <lines>
                                <line hits="0" number="21" branch="false"/>
                            </lines>
                        </method>
                        <method name="&lt;http::byte_str::ByteStr&gt;::from_utf8_unchecked" signature="" complexity="0" line-rate="0" branch-rate="0">
                            <lines>
                                <line hits="0" number="35" branch="false"/>
                            </lines>
                        </method>
                        <method name="&lt;http::byte_str::ByteStr&gt;::new" signature="" complexity="0" line-rate="0" branch-rate="0">
                            <lines>
                                <line hits="0" number="13" branch="false"/>
                            </lines>
                        </method>
                        <method name="&lt;http::byte_str::ByteStr&gt;::from_utf8" signature="" complexity="0" line-rate="0" branch-rate="0">
                            <lines>
                                <line hits="0" number="49" branch="false"/>
                            </lines>
                        </method>
                        <method name="&lt;http::byte_str::ByteStr as core::convert::From&lt;alloc::string::String&gt;&gt;::from" signature="" complexity="0" line-rate="0" branch-rate="0">
                            <lines>
                                <line hits="0" number="69" branch="false"/>
                            </lines>
                        </method>
                        <method name="&lt;http::byte_str::ByteStr as core::convert::From&lt;alloc::string::String&gt;&gt;::from" signature="" complexity="0" line-rate="0" branch-rate="0">
                            <lines>
                                <line hits="0" number="69" branch="false"/>
                            </lines>
                        </method>
                        <method name="&lt;http::byte_str::ByteStr as core::convert::From&lt;&amp;str&gt;&gt;::from" signature="" complexity="0" line-rate="0" branch-rate="0">
                            <lines>
                                <line hits="0" number="79" branch="false"/>
                            </lines>
                        </method>
                        <method name="&lt;http::byte_str::ByteStr as core::convert::From&lt;&amp;str&gt;&gt;::from" signature="" complexity="0" line-rate="0" branch-rate="0">
                            <lines>
                                <line hits="0" number="79" branch="false"/>
                            </lines>
                        </method>
                        <method name="&lt;bytes::bytes::Bytes as core::convert::From&lt;http::byte_str::ByteStr&gt;&gt;::from" signature="" complexity="0" line-rate="0" branch-rate="0">
                            <lines>
                                <line hits="0" number="88" branch="false"/>
                            </lines>
                        </method>
                        <method name="&lt;bytes::bytes::Bytes as core::convert::From&lt;http::byte_str::ByteStr&gt;&gt;::from" signature="" complexity="0" line-rate="0" branch-rate="0">
                            <lines>
                                <line hits="0" number="88" branch="false"/>
                            </lines>
                        </method>
                        <method name="&lt;http::byte_str::ByteStr as core::ops::deref::Deref&gt;::deref" signature="" complexity="0" line-rate="0" branch-rate="0">
                            <lines>
                                <line hits="0" number="60" branch="false"/>
                            </lines>
                        </method>
                        <method name="&lt;http::byte_str::ByteStr as core::ops::deref::Deref&gt;::deref" signature="" complexity="0" line-rate="0" branch-rate="0">
                            <lines>
                                <line hits="0" number="60" branch="false"/>
                            </lines>
                        </method>
                        <method name="&lt;http::byte_str::ByteStr as core::ops::deref::Deref&gt;::deref" signature="" complexity="0" line-rate="0" branch-rate="0">
                            <lines>
                                <line hits="0" number="60" branch="false"/>
                            </lines>
                        </method>
                        <method name="&lt;http::byte_str::ByteStr as core::ops::deref::Deref&gt;::deref" signature="" complexity="0" line-rate="0" branch-rate="0">
                            <lines>
                                <line hits="0" number="60" branch="false"/>
                            </lines>
                        </method>
                    </methods>
                    <lines>
                        <line branch="false" hits="0" number="13"/>
                        <line branch="false" hits="0" number="14"/>
                        <line branch="false" hits="0" number="15"/>
                        <line branch="false" hits="0" number="16"/>
                        <line branch="false" hits="0" number="17"/>
                        <line branch="false" hits="0" number="18"/>
                        <line branch="false" hits="0" number="21"/>
                        <line branch="false" hits="0" number="22"/>
                        <line branch="false" hits="0" number="23"/>
                        <line branch="false" hits="0" number="24"/>
                        <line branch="false" hits="0" number="25"/>
                        <line branch="false" hits="0" number="26"/>
                        <line branch="false" hits="0" number="35"/>
                        <line branch="false" hits="0" number="36"/>
                        <line branch="false" hits="0" number="37"/>
                        <line branch="false" hits="0" number="38"/>
                        <line branch="false" hits="0" number="39"/>
                        <line branch="false" hits="0" number="40"/>
                        <line branch="false" hits="0" number="41"/>
                        <line branch="false" hits="0" number="42"/>
                        <line branch="false" hits="0" number="44"/>
                        <line branch="false" hits="0" number="46"/>
                        <line branch="false" hits="0" number="47"/>
                        <line branch="false" hits="0" number="49"/>
                        <line branch="false" hits="0" number="50"/>
                        <line branch="false" hits="0" number="52"/>
                        <line branch="false" hits="0" number="53"/>
                        <line branch="false" hits="0" number="60"/>
                        <line branch="false" hits="0" number="61"/>
                        <line branch="false" hits="0" number="62"/>
                        <line branch="false" hits="0" number="63"/>
                        <line branch="false" hits="0" number="64"/>
                        <line branch="false" hits="0" number="69"/>
                        <line branch="false" hits="0" number="70"/>
                        <line branch="false" hits="0" number="71"/>
                        <line branch="false" hits="0" number="72"/>
                        <line branch="false" hits="0" number="73"/>
                        <line branch="false" hits="0" number="74"/>
                        <line branch="false" hits="0" number="79"/>
                        <line branch="false" hits="0" number="80"/>
                        <line branch="false" hits="0" number="81"/>
                        <line branch="false" hits="0" number="82"/>
                        <line branch="false" hits="0" number="83"/>
                        <line branch="false" hits="0" number="84"/>
                        <line branch="false" hits="0" number="88"/>
                        <line branch="false" hits="0" number="89"/>
                        <line branch="false" hits="0" number="90"/>
                    </lines>
                </class>
            </classes>
        </package>
    </packages>
</coverage>