{
  "name": "once_cell::race::once_box::_dummy",
  "name_with_impl": "once_cell::race::once_box::_dummy",
  "mod_info": {
    "name": "race::once_box",
    "loc": "src/race.rs:354:1:498:2"
  },
  "visible": false,
  "loc": "src/race.rs:497:5:497:19",
  "fn_tests": [
    {
      "chain_id": 1,
      "prompt_conds": [],
      "input_infer": "1 <= T <= 100; 0 <= S <= 10; 0 < OnceBox::<S>::new() < 100\n",
      "answers": [
        {
          "uses": [],
          "has_test_mod": false,
          "common": [],
          "chain_tests": [
            {
              "attrs": [],
              "prefix": [
                "{",
                "    struct S(*mut ());",
                "    unsafe impl Sync for S {}",
                "    ",
                "    let ptr: *mut () = 1 as *mut (); // valid pointer for test",
                "    let s_instance = S(ptr);",
                "    let once_box = once_cell::race::OnceBox::<S>::new();",
                "    share(&once_box);",
                "}"
              ],
              "oracles": [
                [
                  "    let ptr: *mut () = 1 as *mut ();",
                  "    let s_instance = S(ptr);",
                  "    let once_box = once_cell::race::OnceBox::<S>::new();",
                  "    assert!(ptr.is_non_null());"
                ],
                [
                  "    let ptr: *mut () = 1 as *mut ();",
                  "    let s_instance = S(ptr);",
                  "    let once_box = once_cell::race::OnceBox::<S>::new();",
                  "    assert_eq!(std::mem::size_of::<S>(), std::mem::size_of::<*mut ()>());"
                ],
                [
                  "    let ptr: *mut () = 1 as *mut ();",
                  "    let s_instance = S(ptr);",
                  "    let once_box = once_cell::race::OnceBox::<S>::new();",
                  "    assert!(std::any::TypeId::of::<S>() == std::any::TypeId::of::<*mut ()>());"
                ],
                [
                  "    let ptr: *mut () = 1 as *mut ();",
                  "    let s_instance = S(ptr);",
                  "    let once_box = once_cell::race::OnceBox::<S>::new();",
                  "    assert!(std::mem::align_of::<S>() == std::mem::align_of::<*mut ()>());"
                ],
                [
                  "    let ptr: *mut () = 1 as *mut ();",
                  "    let s_instance = S(ptr);",
                  "    let once_box = once_cell::race::OnceBox::<S>::new();",
                  "    assert!(once_box.is_initialized());"
                ]
              ],
              "codes": [
                [
                  "{",
                  "    struct S(*mut ());",
                  "    unsafe impl Sync for S {}",
                  "    ",
                  "    let ptr: *mut () = 1 as *mut (); // valid pointer for test",
                  "    let s_instance = S(ptr);",
                  "    let once_box = once_cell::race::OnceBox::<S>::new();",
                  "    share(&once_box);",
                  "    let ptr: *mut () = 1 as *mut ();",
                  "    let s_instance = S(ptr);",
                  "    let once_box = once_cell::race::OnceBox::<S>::new();",
                  "    assert!(ptr.is_non_null());",
                  "}"
                ],
                [
                  "{",
                  "    struct S(*mut ());",
                  "    unsafe impl Sync for S {}",
                  "    ",
                  "    let ptr: *mut () = 1 as *mut (); // valid pointer for test",
                  "    let s_instance = S(ptr);",
                  "    let once_box = once_cell::race::OnceBox::<S>::new();",
                  "    share(&once_box);",
                  "    let ptr: *mut () = 1 as *mut ();",
                  "    let s_instance = S(ptr);",
                  "    let once_box = once_cell::race::OnceBox::<S>::new();",
                  "    assert_eq!(std::mem::size_of::<S>(), std::mem::size_of::<*mut ()>());",
                  "}"
                ],
                [
                  "{",
                  "    struct S(*mut ());",
                  "    unsafe impl Sync for S {}",
                  "    ",
                  "    let ptr: *mut () = 1 as *mut (); // valid pointer for test",
                  "    let s_instance = S(ptr);",
                  "    let once_box = once_cell::race::OnceBox::<S>::new();",
                  "    share(&once_box);",
                  "    let ptr: *mut () = 1 as *mut ();",
                  "    let s_instance = S(ptr);",
                  "    let once_box = once_cell::race::OnceBox::<S>::new();",
                  "    assert!(std::any::TypeId::of::<S>() == std::any::TypeId::of::<*mut ()>());",
                  "}"
                ],
                [
                  "{",
                  "    struct S(*mut ());",
                  "    unsafe impl Sync for S {}",
                  "    ",
                  "    let ptr: *mut () = 1 as *mut (); // valid pointer for test",
                  "    let s_instance = S(ptr);",
                  "    let once_box = once_cell::race::OnceBox::<S>::new();",
                  "    share(&once_box);",
                  "    let ptr: *mut () = 1 as *mut ();",
                  "    let s_instance = S(ptr);",
                  "    let once_box = once_cell::race::OnceBox::<S>::new();",
                  "    assert!(std::mem::align_of::<S>() == std::mem::align_of::<*mut ()>());",
                  "}"
                ],
                [
                  "{",
                  "    struct S(*mut ());",
                  "    unsafe impl Sync for S {}",
                  "    ",
                  "    let ptr: *mut () = 1 as *mut (); // valid pointer for test",
                  "    let s_instance = S(ptr);",
                  "    let once_box = once_cell::race::OnceBox::<S>::new();",
                  "    share(&once_box);",
                  "    let ptr: *mut () = 1 as *mut ();",
                  "    let s_instance = S(ptr);",
                  "    let once_box = once_cell::race::OnceBox::<S>::new();",
                  "    assert!(once_box.is_initialized());",
                  "}"
                ]
              ],
              "can_compile": [
                {
                  "Err": "   Compiling proc-macro2 v1.0.95\n   Compiling unicode-ident v1.0.18\n   Compiling syn v1.0.109\n   Compiling hashbrown v0.15.2\n   Compiling equivalent v1.0.2\n   Compiling toml_datetime v0.6.8\n   Compiling winnow v0.7.6\n   Compiling memchr v2.7.4\n   Compiling regex-syntax v0.8.5\n   Compiling critical-section v1.2.0\n   Compiling aho-corasick v1.1.3\n   Compiling indexmap v2.9.0\n   Compiling quote v1.0.40\n   Compiling regex-automata v0.4.9\n   Compiling toml_edit v0.22.24\n   Compiling proc-macro-crate v3.3.0\n   Compiling ntest_test_cases v0.9.3\n   Compiling ntest_timeout v0.9.3\n   Compiling regex v1.11.1\n   Compiling ntest v0.9.3\n   Compiling once_cell v1.21.3 (/home/abezbm/rust-utgen-test-crates-new/once_cell)\nerror[E0433]: failed to resolve: use of undeclared crate or module `once_cell`\n   --> src/race.rs:511:20\n    |\n511 |     let once_box = once_cell::race::OnceBox::<S>::new();\n    |                    ^^^^^^^^^ use of undeclared crate or module `once_cell`\n    |\nhelp: consider importing this struct through its public re-export\n    |\n501 +    use crate::race::OnceBox;\n    |\nhelp: if you import `OnceBox`, refer to it directly\n    |\n511 -     let once_box = once_cell::race::OnceBox::<S>::new();\n511 +     let once_box = OnceBox::<S>::new();\n    |\n\nerror[E0433]: failed to resolve: use of undeclared crate or module `once_cell`\n   --> src/race.rs:515:20\n    |\n515 |     let once_box = once_cell::race::OnceBox::<S>::new();\n    |                    ^^^^^^^^^ use of undeclared crate or module `once_cell`\n    |\nhelp: consider importing this struct through its public re-export\n    |\n501 +    use crate::race::OnceBox;\n    |\nhelp: if you import `OnceBox`, refer to it directly\n    |\n515 -     let once_box = once_cell::race::OnceBox::<S>::new();\n515 +     let once_box = OnceBox::<S>::new();\n    |\n\nwarning: unused import: `std::panic`\n   --> src/imp_std.rs:292:9\n    |\n292 |     use std::panic;\n    |         ^^^^^^^^^^\n    |\n    = note: `#[warn(unused_imports)]` on by default\n\nwarning: unused imports: `sync::mpsc::channel` and `thread`\n   --> src/imp_std.rs:293:15\n    |\n293 |     use std::{sync::mpsc::channel, thread};\n    |               ^^^^^^^^^^^^^^^^^^^  ^^^^^^\n\nwarning: unused import: `super::*`\n   --> src/race.rs:501:8\n    |\n501 |    use super::*;\n    |        ^^^^^^^^\n\nwarning: unused import: `ntest::timeout`\n   --> src/race.rs:502:8\n    |\n502 |    use ntest::timeout;\n    |        ^^^^^^^^^^^^^^\n\nerror[E0425]: cannot find function `share` in this scope\n   --> src/race.rs:512:5\n    |\n512 |     share(&once_box);\n    |     ^^^^^ not found in this scope\n\nerror[E0599]: no method named `is_non_null` found for raw pointer `*mut ()` in the current scope\n   --> src/race.rs:516:17\n    |\n516 |     assert!(ptr.is_non_null());\n    |                 ^^^^^^^^^^^\n    |\nhelp: there is a method `is_null` with a similar name\n    |\n516 |     assert!(ptr.is_null());\n    |                 ~~~~~~~\n\nSome errors have detailed explanations: E0425, E0433, E0599.\nFor more information about an error, try `rustc --explain E0425`.\nwarning: `once_cell` (lib test) generated 4 warnings\nerror: could not compile `once_cell` (lib test) due to 4 previous errors; 4 warnings emitted\n"
                },
                {
                  "Err": "   Compiling proc-macro2 v1.0.95\n   Compiling unicode-ident v1.0.18\n   Compiling hashbrown v0.15.2\n   Compiling syn v1.0.109\n   Compiling equivalent v1.0.2\n   Compiling toml_datetime v0.6.8\n   Compiling winnow v0.7.6\n   Compiling memchr v2.7.4\n   Compiling regex-syntax v0.8.5\n   Compiling critical-section v1.2.0\n   Compiling aho-corasick v1.1.3\n   Compiling indexmap v2.9.0\n   Compiling quote v1.0.40\n   Compiling toml_edit v0.22.24\n   Compiling regex-automata v0.4.9\n   Compiling proc-macro-crate v3.3.0\n   Compiling ntest_test_cases v0.9.3\n   Compiling regex v1.11.1\n   Compiling ntest_timeout v0.9.3\n   Compiling ntest v0.9.3\n   Compiling once_cell v1.21.3 (/home/abezbm/rust-utgen-test-crates-new/once_cell)\nerror[E0433]: failed to resolve: use of undeclared crate or module `once_cell`\n   --> src/race.rs:511:20\n    |\n511 |     let once_box = once_cell::race::OnceBox::<S>::new();\n    |                    ^^^^^^^^^ use of undeclared crate or module `once_cell`\n    |\nhelp: consider importing this struct through its public re-export\n    |\n501 +    use crate::race::OnceBox;\n    |\nhelp: if you import `OnceBox`, refer to it directly\n    |\n511 -     let once_box = once_cell::race::OnceBox::<S>::new();\n511 +     let once_box = OnceBox::<S>::new();\n    |\n\nerror[E0433]: failed to resolve: use of undeclared crate or module `once_cell`\n   --> src/race.rs:515:20\n    |\n515 |     let once_box = once_cell::race::OnceBox::<S>::new();\n    |                    ^^^^^^^^^ use of undeclared crate or module `once_cell`\n    |\nhelp: consider importing this struct through its public re-export\n    |\n501 +    use crate::race::OnceBox;\n    |\nhelp: if you import `OnceBox`, refer to it directly\n    |\n515 -     let once_box = once_cell::race::OnceBox::<S>::new();\n515 +     let once_box = OnceBox::<S>::new();\n    |\n\nwarning: unused import: `std::panic`\n   --> src/imp_std.rs:292:9\n    |\n292 |     use std::panic;\n    |         ^^^^^^^^^^\n    |\n    = note: `#[warn(unused_imports)]` on by default\n\nwarning: unused imports: `sync::mpsc::channel` and `thread`\n   --> src/imp_std.rs:293:15\n    |\n293 |     use std::{sync::mpsc::channel, thread};\n    |               ^^^^^^^^^^^^^^^^^^^  ^^^^^^\n\nwarning: unused import: `super::*`\n   --> src/race.rs:501:8\n    |\n501 |    use super::*;\n    |        ^^^^^^^^\n\nwarning: unused import: `ntest::timeout`\n   --> src/race.rs:502:8\n    |\n502 |    use ntest::timeout;\n    |        ^^^^^^^^^^^^^^\n\nerror[E0425]: cannot find function `share` in this scope\n   --> src/race.rs:512:5\n    |\n512 |     share(&once_box);\n    |     ^^^^^ not found in this scope\n\nSome errors have detailed explanations: E0425, E0433.\nFor more information about an error, try `rustc --explain E0425`.\nwarning: `once_cell` (lib test) generated 4 warnings\nerror: could not compile `once_cell` (lib test) due to 3 previous errors; 4 warnings emitted\n"
                },
                {
                  "Err": "   Compiling proc-macro2 v1.0.95\n   Compiling unicode-ident v1.0.18\n   Compiling equivalent v1.0.2\n   Compiling syn v1.0.109\n   Compiling hashbrown v0.15.2\n   Compiling toml_datetime v0.6.8\n   Compiling winnow v0.7.6\n   Compiling memchr v2.7.4\n   Compiling regex-syntax v0.8.5\n   Compiling critical-section v1.2.0\n   Compiling aho-corasick v1.1.3\n   Compiling indexmap v2.9.0\n   Compiling quote v1.0.40\n   Compiling toml_edit v0.22.24\n   Compiling regex-automata v0.4.9\n   Compiling proc-macro-crate v3.3.0\n   Compiling ntest_test_cases v0.9.3\n   Compiling ntest_timeout v0.9.3\n   Compiling ntest v0.9.3\n   Compiling regex v1.11.1\n   Compiling once_cell v1.21.3 (/home/abezbm/rust-utgen-test-crates-new/once_cell)\nerror[E0433]: failed to resolve: use of undeclared crate or module `once_cell`\n   --> src/race.rs:511:20\n    |\n511 |     let once_box = once_cell::race::OnceBox::<S>::new();\n    |                    ^^^^^^^^^ use of undeclared crate or module `once_cell`\n    |\nhelp: consider importing this struct through its public re-export\n    |\n501 +    use crate::race::OnceBox;\n    |\nhelp: if you import `OnceBox`, refer to it directly\n    |\n511 -     let once_box = once_cell::race::OnceBox::<S>::new();\n511 +     let once_box = OnceBox::<S>::new();\n    |\n\nerror[E0433]: failed to resolve: use of undeclared crate or module `once_cell`\n   --> src/race.rs:515:20\n    |\n515 |     let once_box = once_cell::race::OnceBox::<S>::new();\n    |                    ^^^^^^^^^ use of undeclared crate or module `once_cell`\n    |\nhelp: consider importing this struct through its public re-export\n    |\n501 +    use crate::race::OnceBox;\n    |\nhelp: if you import `OnceBox`, refer to it directly\n    |\n515 -     let once_box = once_cell::race::OnceBox::<S>::new();\n515 +     let once_box = OnceBox::<S>::new();\n    |\n\nwarning: unused import: `std::panic`\n   --> src/imp_std.rs:292:9\n    |\n292 |     use std::panic;\n    |         ^^^^^^^^^^\n    |\n    = note: `#[warn(unused_imports)]` on by default\n\nwarning: unused imports: `sync::mpsc::channel` and `thread`\n   --> src/imp_std.rs:293:15\n    |\n293 |     use std::{sync::mpsc::channel, thread};\n    |               ^^^^^^^^^^^^^^^^^^^  ^^^^^^\n\nwarning: unused import: `super::*`\n   --> src/race.rs:501:8\n    |\n501 |    use super::*;\n    |        ^^^^^^^^\n\nwarning: unused import: `ntest::timeout`\n   --> src/race.rs:502:8\n    |\n502 |    use ntest::timeout;\n    |        ^^^^^^^^^^^^^^\n\nerror[E0425]: cannot find function `share` in this scope\n   --> src/race.rs:512:5\n    |\n512 |     share(&once_box);\n    |     ^^^^^ not found in this scope\n\nSome errors have detailed explanations: E0425, E0433.\nFor more information about an error, try `rustc --explain E0425`.\nwarning: `once_cell` (lib test) generated 4 warnings\nerror: could not compile `once_cell` (lib test) due to 3 previous errors; 4 warnings emitted\n"
                },
                {
                  "Err": "   Compiling proc-macro2 v1.0.95\n   Compiling unicode-ident v1.0.18\n   Compiling equivalent v1.0.2\n   Compiling hashbrown v0.15.2\n   Compiling syn v1.0.109\n   Compiling toml_datetime v0.6.8\n   Compiling winnow v0.7.6\n   Compiling memchr v2.7.4\n   Compiling regex-syntax v0.8.5\n   Compiling critical-section v1.2.0\n   Compiling aho-corasick v1.1.3\n   Compiling indexmap v2.9.0\n   Compiling quote v1.0.40\n   Compiling toml_edit v0.22.24\n   Compiling regex-automata v0.4.9\n   Compiling proc-macro-crate v3.3.0\n   Compiling ntest_test_cases v0.9.3\n   Compiling ntest_timeout v0.9.3\n   Compiling ntest v0.9.3\n   Compiling regex v1.11.1\n   Compiling once_cell v1.21.3 (/home/abezbm/rust-utgen-test-crates-new/once_cell)\nerror[E0433]: failed to resolve: use of undeclared crate or module `once_cell`\n   --> src/race.rs:511:20\n    |\n511 |     let once_box = once_cell::race::OnceBox::<S>::new();\n    |                    ^^^^^^^^^ use of undeclared crate or module `once_cell`\n    |\nhelp: consider importing this struct through its public re-export\n    |\n501 +    use crate::race::OnceBox;\n    |\nhelp: if you import `OnceBox`, refer to it directly\n    |\n511 -     let once_box = once_cell::race::OnceBox::<S>::new();\n511 +     let once_box = OnceBox::<S>::new();\n    |\n\nerror[E0433]: failed to resolve: use of undeclared crate or module `once_cell`\n   --> src/race.rs:515:20\n    |\n515 |     let once_box = once_cell::race::OnceBox::<S>::new();\n    |                    ^^^^^^^^^ use of undeclared crate or module `once_cell`\n    |\nhelp: consider importing this struct through its public re-export\n    |\n501 +    use crate::race::OnceBox;\n    |\nhelp: if you import `OnceBox`, refer to it directly\n    |\n515 -     let once_box = once_cell::race::OnceBox::<S>::new();\n515 +     let once_box = OnceBox::<S>::new();\n    |\n\nwarning: unused import: `std::panic`\n   --> src/imp_std.rs:292:9\n    |\n292 |     use std::panic;\n    |         ^^^^^^^^^^\n    |\n    = note: `#[warn(unused_imports)]` on by default\n\nwarning: unused imports: `sync::mpsc::channel` and `thread`\n   --> src/imp_std.rs:293:15\n    |\n293 |     use std::{sync::mpsc::channel, thread};\n    |               ^^^^^^^^^^^^^^^^^^^  ^^^^^^\n\nwarning: unused import: `super::*`\n   --> src/race.rs:501:8\n    |\n501 |    use super::*;\n    |        ^^^^^^^^\n\nwarning: unused import: `ntest::timeout`\n   --> src/race.rs:502:8\n    |\n502 |    use ntest::timeout;\n    |        ^^^^^^^^^^^^^^\n\nerror[E0425]: cannot find function `share` in this scope\n   --> src/race.rs:512:5\n    |\n512 |     share(&once_box);\n    |     ^^^^^ not found in this scope\n\nSome errors have detailed explanations: E0425, E0433.\nFor more information about an error, try `rustc --explain E0425`.\nwarning: `once_cell` (lib test) generated 4 warnings\nerror: could not compile `once_cell` (lib test) due to 3 previous errors; 4 warnings emitted\n"
                },
                {
                  "Err": "   Compiling proc-macro2 v1.0.95\n   Compiling unicode-ident v1.0.18\n   Compiling syn v1.0.109\n   Compiling equivalent v1.0.2\n   Compiling hashbrown v0.15.2\n   Compiling toml_datetime v0.6.8\n   Compiling winnow v0.7.6\n   Compiling memchr v2.7.4\n   Compiling regex-syntax v0.8.5\n   Compiling critical-section v1.2.0\n   Compiling aho-corasick v1.1.3\n   Compiling indexmap v2.9.0\n   Compiling quote v1.0.40\n   Compiling toml_edit v0.22.24\n   Compiling regex-automata v0.4.9\n   Compiling proc-macro-crate v3.3.0\n   Compiling ntest_test_cases v0.9.3\n   Compiling ntest_timeout v0.9.3\n   Compiling regex v1.11.1\n   Compiling ntest v0.9.3\n   Compiling once_cell v1.21.3 (/home/abezbm/rust-utgen-test-crates-new/once_cell)\nerror[E0433]: failed to resolve: use of undeclared crate or module `once_cell`\n   --> src/race.rs:511:20\n    |\n511 |     let once_box = once_cell::race::OnceBox::<S>::new();\n    |                    ^^^^^^^^^ use of undeclared crate or module `once_cell`\n    |\nhelp: consider importing this struct through its public re-export\n    |\n501 +    use crate::race::OnceBox;\n    |\nhelp: if you import `OnceBox`, refer to it directly\n    |\n511 -     let once_box = once_cell::race::OnceBox::<S>::new();\n511 +     let once_box = OnceBox::<S>::new();\n    |\n\nerror[E0433]: failed to resolve: use of undeclared crate or module `once_cell`\n   --> src/race.rs:515:20\n    |\n515 |     let once_box = once_cell::race::OnceBox::<S>::new();\n    |                    ^^^^^^^^^ use of undeclared crate or module `once_cell`\n    |\nhelp: consider importing this struct through its public re-export\n    |\n501 +    use crate::race::OnceBox;\n    |\nhelp: if you import `OnceBox`, refer to it directly\n    |\n515 -     let once_box = once_cell::race::OnceBox::<S>::new();\n515 +     let once_box = OnceBox::<S>::new();\n    |\n\nwarning: unused import: `std::panic`\n   --> src/imp_std.rs:292:9\n    |\n292 |     use std::panic;\n    |         ^^^^^^^^^^\n    |\n    = note: `#[warn(unused_imports)]` on by default\n\nwarning: unused imports: `sync::mpsc::channel` and `thread`\n   --> src/imp_std.rs:293:15\n    |\n293 |     use std::{sync::mpsc::channel, thread};\n    |               ^^^^^^^^^^^^^^^^^^^  ^^^^^^\n\nwarning: unused import: `super::*`\n   --> src/race.rs:501:8\n    |\n501 |    use super::*;\n    |        ^^^^^^^^\n\nwarning: unused import: `ntest::timeout`\n   --> src/race.rs:502:8\n    |\n502 |    use ntest::timeout;\n    |        ^^^^^^^^^^^^^^\n\nerror[E0425]: cannot find function `share` in this scope\n   --> src/race.rs:512:5\n    |\n512 |     share(&once_box);\n    |     ^^^^^ not found in this scope\n\nSome errors have detailed explanations: E0425, E0433.\nFor more information about an error, try `rustc --explain E0425`.\nwarning: `once_cell` (lib test) generated 4 warnings\nerror: could not compile `once_cell` (lib test) due to 3 previous errors; 4 warnings emitted\n"
                }
              ],
              "repaired": [
                false,
                false,
                false,
                false,
                false
              ]
            },
            {
              "attrs": [],
              "prefix": [
                "{",
                "    struct S(*mut ());",
                "    unsafe impl Sync for S {}",
                "    ",
                "    let s_instance = S(ptr::null_mut()); // null pointer",
                "    let once_box = once_cell::race::OnceBox::<S>::new();",
                "    share(&once_box);",
                "}"
              ],
              "oracles": [
                [
                  "    let s_instance = S(ptr::null_mut());",
                  "    let once_box = once_cell::race::OnceBox::<S>::new();",
                  "    assert!(!once_box.is_null());"
                ],
                [
                  "    let s_instance = S(ptr::null_mut());",
                  "    let once_box = once_cell::race::OnceBox::<S>::new();",
                  "    assert_eq!(once_box.get(), ptr::null_mut());"
                ]
              ],
              "codes": [
                [
                  "{",
                  "    struct S(*mut ());",
                  "    unsafe impl Sync for S {}",
                  "    ",
                  "    let s_instance = S(ptr::null_mut()); // null pointer",
                  "    let once_box = once_cell::race::OnceBox::<S>::new();",
                  "    share(&once_box);",
                  "    let s_instance = S(ptr::null_mut());",
                  "    let once_box = once_cell::race::OnceBox::<S>::new();",
                  "    assert!(!once_box.is_null());",
                  "}"
                ],
                [
                  "{",
                  "    struct S(*mut ());",
                  "    unsafe impl Sync for S {}",
                  "    ",
                  "    let s_instance = S(ptr::null_mut()); // null pointer",
                  "    let once_box = once_cell::race::OnceBox::<S>::new();",
                  "    share(&once_box);",
                  "    let s_instance = S(ptr::null_mut());",
                  "    let once_box = once_cell::race::OnceBox::<S>::new();",
                  "    assert_eq!(once_box.get(), ptr::null_mut());",
                  "}"
                ]
              ],
              "can_compile": [
                {
                  "Err": "   Compiling proc-macro2 v1.0.95\n   Compiling unicode-ident v1.0.18\n   Compiling hashbrown v0.15.2\n   Compiling equivalent v1.0.2\n   Compiling syn v1.0.109\n   Compiling winnow v0.7.6\n   Compiling toml_datetime v0.6.8\n   Compiling memchr v2.7.4\n   Compiling regex-syntax v0.8.5\n   Compiling critical-section v1.2.0\n   Compiling aho-corasick v1.1.3\n   Compiling indexmap v2.9.0\n   Compiling quote v1.0.40\n   Compiling regex-automata v0.4.9\n   Compiling toml_edit v0.22.24\n   Compiling proc-macro-crate v3.3.0\n   Compiling ntest_test_cases v0.9.3\n   Compiling regex v1.11.1\n   Compiling ntest_timeout v0.9.3\n   Compiling ntest v0.9.3\n   Compiling once_cell v1.21.3 (/home/abezbm/rust-utgen-test-crates-new/once_cell)\nerror[E0433]: failed to resolve: use of undeclared crate or module `once_cell`\n   --> src/race.rs:510:20\n    |\n510 |     let once_box = once_cell::race::OnceBox::<S>::new();\n    |                    ^^^^^^^^^ use of undeclared crate or module `once_cell`\n    |\nhelp: consider importing this struct through its public re-export\n    |\n501 +    use crate::race::OnceBox;\n    |\nhelp: if you import `OnceBox`, refer to it directly\n    |\n510 -     let once_box = once_cell::race::OnceBox::<S>::new();\n510 +     let once_box = OnceBox::<S>::new();\n    |\n\nerror[E0433]: failed to resolve: use of undeclared crate or module `once_cell`\n   --> src/race.rs:513:20\n    |\n513 |     let once_box = once_cell::race::OnceBox::<S>::new();\n    |                    ^^^^^^^^^ use of undeclared crate or module `once_cell`\n    |\nhelp: consider importing this struct through its public re-export\n    |\n501 +    use crate::race::OnceBox;\n    |\nhelp: if you import `OnceBox`, refer to it directly\n    |\n513 -     let once_box = once_cell::race::OnceBox::<S>::new();\n513 +     let once_box = OnceBox::<S>::new();\n    |\n\nwarning: unused import: `std::panic`\n   --> src/imp_std.rs:292:9\n    |\n292 |     use std::panic;\n    |         ^^^^^^^^^^\n    |\n    = note: `#[warn(unused_imports)]` on by default\n\nwarning: unused imports: `sync::mpsc::channel` and `thread`\n   --> src/imp_std.rs:293:15\n    |\n293 |     use std::{sync::mpsc::channel, thread};\n    |               ^^^^^^^^^^^^^^^^^^^  ^^^^^^\n\nwarning: unused import: `ntest::timeout`\n   --> src/race.rs:502:8\n    |\n502 |    use ntest::timeout;\n    |        ^^^^^^^^^^^^^^\n\nerror[E0425]: cannot find function `share` in this scope\n   --> src/race.rs:511:5\n    |\n511 |     share(&once_box);\n    |     ^^^^^ not found in this scope\n\nSome errors have detailed explanations: E0425, E0433.\nFor more information about an error, try `rustc --explain E0425`.\nwarning: `once_cell` (lib test) generated 3 warnings\nerror: could not compile `once_cell` (lib test) due to 3 previous errors; 3 warnings emitted\n"
                },
                {
                  "Err": "   Compiling proc-macro2 v1.0.95\n   Compiling unicode-ident v1.0.18\n   Compiling equivalent v1.0.2\n   Compiling syn v1.0.109\n   Compiling hashbrown v0.15.2\n   Compiling winnow v0.7.6\n   Compiling toml_datetime v0.6.8\n   Compiling memchr v2.7.4\n   Compiling regex-syntax v0.8.5\n   Compiling critical-section v1.2.0\n   Compiling indexmap v2.9.0\n   Compiling aho-corasick v1.1.3\n   Compiling quote v1.0.40\n   Compiling regex-automata v0.4.9\n   Compiling toml_edit v0.22.24\n   Compiling proc-macro-crate v3.3.0\n   Compiling ntest_test_cases v0.9.3\n   Compiling ntest_timeout v0.9.3\n   Compiling regex v1.11.1\n   Compiling ntest v0.9.3\n   Compiling once_cell v1.21.3 (/home/abezbm/rust-utgen-test-crates-new/once_cell)\nerror[E0433]: failed to resolve: use of undeclared crate or module `once_cell`\n   --> src/race.rs:510:20\n    |\n510 |     let once_box = once_cell::race::OnceBox::<S>::new();\n    |                    ^^^^^^^^^ use of undeclared crate or module `once_cell`\n    |\nhelp: consider importing this struct through its public re-export\n    |\n501 +    use crate::race::OnceBox;\n    |\nhelp: if you import `OnceBox`, refer to it directly\n    |\n510 -     let once_box = once_cell::race::OnceBox::<S>::new();\n510 +     let once_box = OnceBox::<S>::new();\n    |\n\nerror[E0433]: failed to resolve: use of undeclared crate or module `once_cell`\n   --> src/race.rs:513:20\n    |\n513 |     let once_box = once_cell::race::OnceBox::<S>::new();\n    |                    ^^^^^^^^^ use of undeclared crate or module `once_cell`\n    |\nhelp: consider importing this struct through its public re-export\n    |\n501 +    use crate::race::OnceBox;\n    |\nhelp: if you import `OnceBox`, refer to it directly\n    |\n513 -     let once_box = once_cell::race::OnceBox::<S>::new();\n513 +     let once_box = OnceBox::<S>::new();\n    |\n\nwarning: unused import: `std::panic`\n   --> src/imp_std.rs:292:9\n    |\n292 |     use std::panic;\n    |         ^^^^^^^^^^\n    |\n    = note: `#[warn(unused_imports)]` on by default\n\nwarning: unused imports: `sync::mpsc::channel` and `thread`\n   --> src/imp_std.rs:293:15\n    |\n293 |     use std::{sync::mpsc::channel, thread};\n    |               ^^^^^^^^^^^^^^^^^^^  ^^^^^^\n\nwarning: unused import: `ntest::timeout`\n   --> src/race.rs:502:8\n    |\n502 |    use ntest::timeout;\n    |        ^^^^^^^^^^^^^^\n\nerror[E0425]: cannot find function `share` in this scope\n   --> src/race.rs:511:5\n    |\n511 |     share(&once_box);\n    |     ^^^^^ not found in this scope\n\nSome errors have detailed explanations: E0425, E0433.\nFor more information about an error, try `rustc --explain E0425`.\nwarning: `once_cell` (lib test) generated 3 warnings\nerror: could not compile `once_cell` (lib test) due to 3 previous errors; 3 warnings emitted\n"
                }
              ],
              "repaired": [
                false,
                false
              ]
            },
            {
              "attrs": [],
              "prefix": [
                "{",
                "    struct S(*mut ());",
                "    unsafe impl Sync for S {}",
                "    ",
                "    let ptr: *mut () = 100 as *mut (); // large pointer value",
                "    let s_instance = S(ptr);",
                "    let once_box = once_cell::race::OnceBox::<S>::new();",
                "    share(&once_box);",
                "}"
              ],
              "oracles": [
                [
                  "    let ptr: *mut () = 100 as *mut ();",
                  "    let s_instance = S(ptr);",
                  "    let once_box = once_cell::race::OnceBox::<S>::new();",
                  "    share(&once_box);",
                  "    assert!(once_box.is_null() == false);"
                ],
                [
                  "    let ptr: *mut () = 100 as *mut ();",
                  "    let s_instance = S(ptr);",
                  "    let once_box = once_cell::race::OnceBox::<S>::new();",
                  "    share(&once_box);",
                  "    assert_eq!(ptr, once_box.into_inner() as *mut ());"
                ]
              ],
              "codes": [
                [
                  "{",
                  "    struct S(*mut ());",
                  "    unsafe impl Sync for S {}",
                  "    ",
                  "    let ptr: *mut () = 100 as *mut (); // large pointer value",
                  "    let s_instance = S(ptr);",
                  "    let once_box = once_cell::race::OnceBox::<S>::new();",
                  "    share(&once_box);",
                  "    let ptr: *mut () = 100 as *mut ();",
                  "    let s_instance = S(ptr);",
                  "    let once_box = once_cell::race::OnceBox::<S>::new();",
                  "    share(&once_box);",
                  "    assert!(once_box.is_null() == false);",
                  "}"
                ],
                [
                  "{",
                  "    struct S(*mut ());",
                  "    unsafe impl Sync for S {}",
                  "    ",
                  "    let ptr: *mut () = 100 as *mut (); // large pointer value",
                  "    let s_instance = S(ptr);",
                  "    let once_box = once_cell::race::OnceBox::<S>::new();",
                  "    share(&once_box);",
                  "    let ptr: *mut () = 100 as *mut ();",
                  "    let s_instance = S(ptr);",
                  "    let once_box = once_cell::race::OnceBox::<S>::new();",
                  "    share(&once_box);",
                  "    assert_eq!(ptr, once_box.into_inner() as *mut ());",
                  "}"
                ]
              ],
              "can_compile": [
                {
                  "Err": "   Compiling proc-macro2 v1.0.95\n   Compiling unicode-ident v1.0.18\n   Compiling hashbrown v0.15.2\n   Compiling syn v1.0.109\n   Compiling equivalent v1.0.2\n   Compiling winnow v0.7.6\n   Compiling toml_datetime v0.6.8\n   Compiling memchr v2.7.4\n   Compiling regex-syntax v0.8.5\n   Compiling critical-section v1.2.0\n   Compiling aho-corasick v1.1.3\n   Compiling indexmap v2.9.0\n   Compiling quote v1.0.40\n   Compiling regex-automata v0.4.9\n   Compiling toml_edit v0.22.24\n   Compiling proc-macro-crate v3.3.0\n   Compiling ntest_test_cases v0.9.3\n   Compiling ntest_timeout v0.9.3\n   Compiling regex v1.11.1\n   Compiling ntest v0.9.3\n   Compiling once_cell v1.21.3 (/home/abezbm/rust-utgen-test-crates-new/once_cell)\nerror[E0433]: failed to resolve: use of undeclared crate or module `once_cell`\n   --> src/race.rs:511:20\n    |\n511 |     let once_box = once_cell::race::OnceBox::<S>::new();\n    |                    ^^^^^^^^^ use of undeclared crate or module `once_cell`\n    |\nhelp: consider importing this struct through its public re-export\n    |\n501 +    use crate::race::OnceBox;\n    |\nhelp: if you import `OnceBox`, refer to it directly\n    |\n511 -     let once_box = once_cell::race::OnceBox::<S>::new();\n511 +     let once_box = OnceBox::<S>::new();\n    |\n\nerror[E0433]: failed to resolve: use of undeclared crate or module `once_cell`\n   --> src/race.rs:515:20\n    |\n515 |     let once_box = once_cell::race::OnceBox::<S>::new();\n    |                    ^^^^^^^^^ use of undeclared crate or module `once_cell`\n    |\nhelp: consider importing this struct through its public re-export\n    |\n501 +    use crate::race::OnceBox;\n    |\nhelp: if you import `OnceBox`, refer to it directly\n    |\n515 -     let once_box = once_cell::race::OnceBox::<S>::new();\n515 +     let once_box = OnceBox::<S>::new();\n    |\n\nwarning: unused import: `std::panic`\n   --> src/imp_std.rs:292:9\n    |\n292 |     use std::panic;\n    |         ^^^^^^^^^^\n    |\n    = note: `#[warn(unused_imports)]` on by default\n\nwarning: unused imports: `sync::mpsc::channel` and `thread`\n   --> src/imp_std.rs:293:15\n    |\n293 |     use std::{sync::mpsc::channel, thread};\n    |               ^^^^^^^^^^^^^^^^^^^  ^^^^^^\n\nwarning: unused import: `super::*`\n   --> src/race.rs:501:8\n    |\n501 |    use super::*;\n    |        ^^^^^^^^\n\nwarning: unused import: `ntest::timeout`\n   --> src/race.rs:502:8\n    |\n502 |    use ntest::timeout;\n    |        ^^^^^^^^^^^^^^\n\nerror[E0425]: cannot find function `share` in this scope\n   --> src/race.rs:512:5\n    |\n512 |     share(&once_box);\n    |     ^^^^^ not found in this scope\n\nerror[E0425]: cannot find function `share` in this scope\n   --> src/race.rs:516:5\n    |\n516 |     share(&once_box);\n    |     ^^^^^ not found in this scope\n\nSome errors have detailed explanations: E0425, E0433.\nFor more information about an error, try `rustc --explain E0425`.\nwarning: `once_cell` (lib test) generated 4 warnings\nerror: could not compile `once_cell` (lib test) due to 4 previous errors; 4 warnings emitted\n"
                },
                {
                  "Err": "   Compiling proc-macro2 v1.0.95\n   Compiling unicode-ident v1.0.18\n   Compiling syn v1.0.109\n   Compiling equivalent v1.0.2\n   Compiling hashbrown v0.15.2\n   Compiling toml_datetime v0.6.8\n   Compiling winnow v0.7.6\n   Compiling memchr v2.7.4\n   Compiling regex-syntax v0.8.5\n   Compiling critical-section v1.2.0\n   Compiling aho-corasick v1.1.3\n   Compiling indexmap v2.9.0\n   Compiling quote v1.0.40\n   Compiling toml_edit v0.22.24\n   Compiling regex-automata v0.4.9\n   Compiling ntest_test_cases v0.9.3\n   Compiling proc-macro-crate v3.3.0\n   Compiling regex v1.11.1\n   Compiling ntest_timeout v0.9.3\n   Compiling ntest v0.9.3\n   Compiling once_cell v1.21.3 (/home/abezbm/rust-utgen-test-crates-new/once_cell)\nerror[E0433]: failed to resolve: use of undeclared crate or module `once_cell`\n   --> src/race.rs:511:20\n    |\n511 |     let once_box = once_cell::race::OnceBox::<S>::new();\n    |                    ^^^^^^^^^ use of undeclared crate or module `once_cell`\n    |\nhelp: consider importing this struct through its public re-export\n    |\n501 +    use crate::race::OnceBox;\n    |\nhelp: if you import `OnceBox`, refer to it directly\n    |\n511 -     let once_box = once_cell::race::OnceBox::<S>::new();\n511 +     let once_box = OnceBox::<S>::new();\n    |\n\nerror[E0433]: failed to resolve: use of undeclared crate or module `once_cell`\n   --> src/race.rs:515:20\n    |\n515 |     let once_box = once_cell::race::OnceBox::<S>::new();\n    |                    ^^^^^^^^^ use of undeclared crate or module `once_cell`\n    |\nhelp: consider importing this struct through its public re-export\n    |\n501 +    use crate::race::OnceBox;\n    |\nhelp: if you import `OnceBox`, refer to it directly\n    |\n515 -     let once_box = once_cell::race::OnceBox::<S>::new();\n515 +     let once_box = OnceBox::<S>::new();\n    |\n\nwarning: unused import: `std::panic`\n   --> src/imp_std.rs:292:9\n    |\n292 |     use std::panic;\n    |         ^^^^^^^^^^\n    |\n    = note: `#[warn(unused_imports)]` on by default\n\nwarning: unused imports: `sync::mpsc::channel` and `thread`\n   --> src/imp_std.rs:293:15\n    |\n293 |     use std::{sync::mpsc::channel, thread};\n    |               ^^^^^^^^^^^^^^^^^^^  ^^^^^^\n\nwarning: unused import: `super::*`\n   --> src/race.rs:501:8\n    |\n501 |    use super::*;\n    |        ^^^^^^^^\n\nwarning: unused import: `ntest::timeout`\n   --> src/race.rs:502:8\n    |\n502 |    use ntest::timeout;\n    |        ^^^^^^^^^^^^^^\n\nerror[E0425]: cannot find function `share` in this scope\n   --> src/race.rs:512:5\n    |\n512 |     share(&once_box);\n    |     ^^^^^ not found in this scope\n\nerror[E0425]: cannot find function `share` in this scope\n   --> src/race.rs:516:5\n    |\n516 |     share(&once_box);\n    |     ^^^^^ not found in this scope\n\nSome errors have detailed explanations: E0425, E0433.\nFor more information about an error, try `rustc --explain E0425`.\nwarning: `once_cell` (lib test) generated 4 warnings\nerror: could not compile `once_cell` (lib test) due to 4 previous errors; 4 warnings emitted\n"
                }
              ],
              "repaired": [
                false,
                false
              ]
            },
            {
              "attrs": [],
              "prefix": [
                "{",
                "    struct S(*mut ());",
                "    unsafe impl Sync for S {}",
                "    ",
                "    let ptr: *mut () = 0 as *mut (); // edge case with 0",
                "    let s_instance = S(ptr);",
                "    let once_box = once_cell::race::OnceBox::<S>::new();",
                "    share(&once_box);",
                "}"
              ],
              "oracles": [
                [
                  "    let ptr: *mut () = 0 as *mut ();",
                  "    let s_instance = S(ptr);",
                  "    let once_box = once_cell::race::OnceBox::<S>::new();",
                  "    assert_eq!(once_box.is_null(), false);"
                ],
                [
                  "    let ptr: *mut () = 0 as *mut ();",
                  "    let s_instance = S(ptr);",
                  "    let once_box = once_cell::race::OnceBox::<S>::new();",
                  "    assert_eq!(ptr, s_instance.0);"
                ],
                [
                  "    let ptr: *mut () = 0 as *mut ();",
                  "    let s_instance = S(ptr);",
                  "    let once_box = once_cell::race::OnceBox::<S>::new();",
                  "    assert_eq!(std::mem::size_of::<once_cell::race::OnceBox<S>>(), std::mem::size_of::<Box<S>>());"
                ],
                [
                  "    let ptr: *mut () = 0 as *mut ();",
                  "    let s_instance = S(ptr);",
                  "    let once_box = once_cell::race::OnceBox::<S>::new();",
                  "    assert!(std::mem::align_of::<once_cell::race::OnceBox<S>>() <= std::mem::align_of::<S>());"
                ]
              ],
              "codes": [
                [
                  "{",
                  "    struct S(*mut ());",
                  "    unsafe impl Sync for S {}",
                  "    ",
                  "    let ptr: *mut () = 0 as *mut (); // edge case with 0",
                  "    let s_instance = S(ptr);",
                  "    let once_box = once_cell::race::OnceBox::<S>::new();",
                  "    share(&once_box);",
                  "    let ptr: *mut () = 0 as *mut ();",
                  "    let s_instance = S(ptr);",
                  "    let once_box = once_cell::race::OnceBox::<S>::new();",
                  "    assert_eq!(once_box.is_null(), false);",
                  "}"
                ],
                [
                  "{",
                  "    struct S(*mut ());",
                  "    unsafe impl Sync for S {}",
                  "    ",
                  "    let ptr: *mut () = 0 as *mut (); // edge case with 0",
                  "    let s_instance = S(ptr);",
                  "    let once_box = once_cell::race::OnceBox::<S>::new();",
                  "    share(&once_box);",
                  "    let ptr: *mut () = 0 as *mut ();",
                  "    let s_instance = S(ptr);",
                  "    let once_box = once_cell::race::OnceBox::<S>::new();",
                  "    assert_eq!(ptr, s_instance.0);",
                  "}"
                ],
                [
                  "{",
                  "    struct S(*mut ());",
                  "    unsafe impl Sync for S {}",
                  "    ",
                  "    let ptr: *mut () = 0 as *mut (); // edge case with 0",
                  "    let s_instance = S(ptr);",
                  "    let once_box = once_cell::race::OnceBox::<S>::new();",
                  "    share(&once_box);",
                  "    let ptr: *mut () = 0 as *mut ();",
                  "    let s_instance = S(ptr);",
                  "    let once_box = once_cell::race::OnceBox::<S>::new();",
                  "    assert_eq!(std::mem::size_of::<once_cell::race::OnceBox<S>>(), std::mem::size_of::<Box<S>>());",
                  "}"
                ],
                [
                  "{",
                  "    struct S(*mut ());",
                  "    unsafe impl Sync for S {}",
                  "    ",
                  "    let ptr: *mut () = 0 as *mut (); // edge case with 0",
                  "    let s_instance = S(ptr);",
                  "    let once_box = once_cell::race::OnceBox::<S>::new();",
                  "    share(&once_box);",
                  "    let ptr: *mut () = 0 as *mut ();",
                  "    let s_instance = S(ptr);",
                  "    let once_box = once_cell::race::OnceBox::<S>::new();",
                  "    assert!(std::mem::align_of::<once_cell::race::OnceBox<S>>() <= std::mem::align_of::<S>());",
                  "}"
                ]
              ],
              "can_compile": [
                {
                  "Err": "   Compiling proc-macro2 v1.0.95\n   Compiling unicode-ident v1.0.18\n   Compiling syn v1.0.109\n   Compiling equivalent v1.0.2\n   Compiling hashbrown v0.15.2\n   Compiling winnow v0.7.6\n   Compiling toml_datetime v0.6.8\n   Compiling memchr v2.7.4\n   Compiling regex-syntax v0.8.5\n   Compiling critical-section v1.2.0\n   Compiling aho-corasick v1.1.3\n   Compiling indexmap v2.9.0\n   Compiling quote v1.0.40\n   Compiling toml_edit v0.22.24\n   Compiling regex-automata v0.4.9\n   Compiling proc-macro-crate v3.3.0\n   Compiling ntest_timeout v0.9.3\n   Compiling ntest_test_cases v0.9.3\n   Compiling regex v1.11.1\n   Compiling ntest v0.9.3\n   Compiling once_cell v1.21.3 (/home/abezbm/rust-utgen-test-crates-new/once_cell)\nerror[E0433]: failed to resolve: use of undeclared crate or module `once_cell`\n   --> src/race.rs:511:20\n    |\n511 |     let once_box = once_cell::race::OnceBox::<S>::new();\n    |                    ^^^^^^^^^ use of undeclared crate or module `once_cell`\n    |\nhelp: consider importing this struct through its public re-export\n    |\n501 +    use crate::race::OnceBox;\n    |\nhelp: if you import `OnceBox`, refer to it directly\n    |\n511 -     let once_box = once_cell::race::OnceBox::<S>::new();\n511 +     let once_box = OnceBox::<S>::new();\n    |\n\nerror[E0433]: failed to resolve: use of undeclared crate or module `once_cell`\n   --> src/race.rs:515:20\n    |\n515 |     let once_box = once_cell::race::OnceBox::<S>::new();\n    |                    ^^^^^^^^^ use of undeclared crate or module `once_cell`\n    |\nhelp: consider importing this struct through its public re-export\n    |\n501 +    use crate::race::OnceBox;\n    |\nhelp: if you import `OnceBox`, refer to it directly\n    |\n515 -     let once_box = once_cell::race::OnceBox::<S>::new();\n515 +     let once_box = OnceBox::<S>::new();\n    |\n\nwarning: unused import: `std::panic`\n   --> src/imp_std.rs:292:9\n    |\n292 |     use std::panic;\n    |         ^^^^^^^^^^\n    |\n    = note: `#[warn(unused_imports)]` on by default\n\nwarning: unused imports: `sync::mpsc::channel` and `thread`\n   --> src/imp_std.rs:293:15\n    |\n293 |     use std::{sync::mpsc::channel, thread};\n    |               ^^^^^^^^^^^^^^^^^^^  ^^^^^^\n\nwarning: unused import: `super::*`\n   --> src/race.rs:501:8\n    |\n501 |    use super::*;\n    |        ^^^^^^^^\n\nwarning: unused import: `ntest::timeout`\n   --> src/race.rs:502:8\n    |\n502 |    use ntest::timeout;\n    |        ^^^^^^^^^^^^^^\n\nerror[E0425]: cannot find function `share` in this scope\n   --> src/race.rs:512:5\n    |\n512 |     share(&once_box);\n    |     ^^^^^ not found in this scope\n\nSome errors have detailed explanations: E0425, E0433.\nFor more information about an error, try `rustc --explain E0425`.\nwarning: `once_cell` (lib test) generated 4 warnings\nerror: could not compile `once_cell` (lib test) due to 3 previous errors; 4 warnings emitted\n"
                },
                {
                  "Err": "   Compiling proc-macro2 v1.0.95\n   Compiling unicode-ident v1.0.18\n   Compiling equivalent v1.0.2\n   Compiling syn v1.0.109\n   Compiling hashbrown v0.15.2\n   Compiling winnow v0.7.6\n   Compiling toml_datetime v0.6.8\n   Compiling memchr v2.7.4\n   Compiling regex-syntax v0.8.5\n   Compiling critical-section v1.2.0\n   Compiling aho-corasick v1.1.3\n   Compiling indexmap v2.9.0\n   Compiling quote v1.0.40\n   Compiling toml_edit v0.22.24\n   Compiling regex-automata v0.4.9\n   Compiling proc-macro-crate v3.3.0\n   Compiling ntest_timeout v0.9.3\n   Compiling ntest_test_cases v0.9.3\n   Compiling ntest v0.9.3\n   Compiling regex v1.11.1\n   Compiling once_cell v1.21.3 (/home/abezbm/rust-utgen-test-crates-new/once_cell)\nerror[E0433]: failed to resolve: use of undeclared crate or module `once_cell`\n   --> src/race.rs:511:20\n    |\n511 |     let once_box = once_cell::race::OnceBox::<S>::new();\n    |                    ^^^^^^^^^ use of undeclared crate or module `once_cell`\n    |\nhelp: consider importing this struct through its public re-export\n    |\n501 +    use crate::race::OnceBox;\n    |\nhelp: if you import `OnceBox`, refer to it directly\n    |\n511 -     let once_box = once_cell::race::OnceBox::<S>::new();\n511 +     let once_box = OnceBox::<S>::new();\n    |\n\nerror[E0433]: failed to resolve: use of undeclared crate or module `once_cell`\n   --> src/race.rs:515:20\n    |\n515 |     let once_box = once_cell::race::OnceBox::<S>::new();\n    |                    ^^^^^^^^^ use of undeclared crate or module `once_cell`\n    |\nhelp: consider importing this struct through its public re-export\n    |\n501 +    use crate::race::OnceBox;\n    |\nhelp: if you import `OnceBox`, refer to it directly\n    |\n515 -     let once_box = once_cell::race::OnceBox::<S>::new();\n515 +     let once_box = OnceBox::<S>::new();\n    |\n\nwarning: unused import: `std::panic`\n   --> src/imp_std.rs:292:9\n    |\n292 |     use std::panic;\n    |         ^^^^^^^^^^\n    |\n    = note: `#[warn(unused_imports)]` on by default\n\nwarning: unused imports: `sync::mpsc::channel` and `thread`\n   --> src/imp_std.rs:293:15\n    |\n293 |     use std::{sync::mpsc::channel, thread};\n    |               ^^^^^^^^^^^^^^^^^^^  ^^^^^^\n\nwarning: unused import: `super::*`\n   --> src/race.rs:501:8\n    |\n501 |    use super::*;\n    |        ^^^^^^^^\n\nwarning: unused import: `ntest::timeout`\n   --> src/race.rs:502:8\n    |\n502 |    use ntest::timeout;\n    |        ^^^^^^^^^^^^^^\n\nerror[E0425]: cannot find function `share` in this scope\n   --> src/race.rs:512:5\n    |\n512 |     share(&once_box);\n    |     ^^^^^ not found in this scope\n\nSome errors have detailed explanations: E0425, E0433.\nFor more information about an error, try `rustc --explain E0425`.\nwarning: `once_cell` (lib test) generated 4 warnings\nerror: could not compile `once_cell` (lib test) due to 3 previous errors; 4 warnings emitted\n"
                },
                {
                  "Err": "   Compiling proc-macro2 v1.0.95\n   Compiling unicode-ident v1.0.18\n   Compiling hashbrown v0.15.2\n   Compiling equivalent v1.0.2\n   Compiling syn v1.0.109\n   Compiling winnow v0.7.6\n   Compiling toml_datetime v0.6.8\n   Compiling memchr v2.7.4\n   Compiling regex-syntax v0.8.5\n   Compiling critical-section v1.2.0\n   Compiling aho-corasick v1.1.3\n   Compiling indexmap v2.9.0\n   Compiling quote v1.0.40\n   Compiling toml_edit v0.22.24\n   Compiling regex-automata v0.4.9\n   Compiling proc-macro-crate v3.3.0\n   Compiling ntest_test_cases v0.9.3\n   Compiling ntest_timeout v0.9.3\n   Compiling regex v1.11.1\n   Compiling ntest v0.9.3\n   Compiling once_cell v1.21.3 (/home/abezbm/rust-utgen-test-crates-new/once_cell)\nerror[E0433]: failed to resolve: use of undeclared crate or module `once_cell`\n   --> src/race.rs:511:20\n    |\n511 |     let once_box = once_cell::race::OnceBox::<S>::new();\n    |                    ^^^^^^^^^ use of undeclared crate or module `once_cell`\n    |\nhelp: consider importing this struct through its public re-export\n    |\n501 +    use crate::race::OnceBox;\n    |\nhelp: if you import `OnceBox`, refer to it directly\n    |\n511 -     let once_box = once_cell::race::OnceBox::<S>::new();\n511 +     let once_box = OnceBox::<S>::new();\n    |\n\nerror[E0433]: failed to resolve: use of undeclared crate or module `once_cell`\n   --> src/race.rs:515:20\n    |\n515 |     let once_box = once_cell::race::OnceBox::<S>::new();\n    |                    ^^^^^^^^^ use of undeclared crate or module `once_cell`\n    |\nhelp: consider importing this struct through its public re-export\n    |\n501 +    use crate::race::OnceBox;\n    |\nhelp: if you import `OnceBox`, refer to it directly\n    |\n515 -     let once_box = once_cell::race::OnceBox::<S>::new();\n515 +     let once_box = OnceBox::<S>::new();\n    |\n\nerror[E0433]: failed to resolve: use of undeclared crate or module `once_cell`\n   --> src/race.rs:516:36\n    |\n516 |     assert_eq!(std::mem::size_of::<once_cell::race::OnceBox<S>>(), std::mem::size_of::<Box<S>>());\n    |                                    ^^^^^^^^^ use of undeclared crate or module `once_cell`\n    |\nhelp: consider importing this module\n    |\n501 +    use crate::race;\n    |\nhelp: if you import `race`, refer to it directly\n    |\n516 -     assert_eq!(std::mem::size_of::<once_cell::race::OnceBox<S>>(), std::mem::size_of::<Box<S>>());\n516 +     assert_eq!(std::mem::size_of::<race::OnceBox<S>>(), std::mem::size_of::<Box<S>>());\n    |\n\nwarning: unused import: `std::panic`\n   --> src/imp_std.rs:292:9\n    |\n292 |     use std::panic;\n    |         ^^^^^^^^^^\n    |\n    = note: `#[warn(unused_imports)]` on by default\n\nwarning: unused imports: `sync::mpsc::channel` and `thread`\n   --> src/imp_std.rs:293:15\n    |\n293 |     use std::{sync::mpsc::channel, thread};\n    |               ^^^^^^^^^^^^^^^^^^^  ^^^^^^\n\nwarning: unused import: `ntest::timeout`\n   --> src/race.rs:502:8\n    |\n502 |    use ntest::timeout;\n    |        ^^^^^^^^^^^^^^\n\nerror[E0425]: cannot find function `share` in this scope\n   --> src/race.rs:512:5\n    |\n512 |     share(&once_box);\n    |     ^^^^^ not found in this scope\n\nSome errors have detailed explanations: E0425, E0433.\nFor more information about an error, try `rustc --explain E0425`.\nwarning: `once_cell` (lib test) generated 3 warnings\nerror: could not compile `once_cell` (lib test) due to 4 previous errors; 3 warnings emitted\n"
                },
                {
                  "Err": "   Compiling proc-macro2 v1.0.95\n   Compiling unicode-ident v1.0.18\n   Compiling syn v1.0.109\n   Compiling equivalent v1.0.2\n   Compiling hashbrown v0.15.2\n   Compiling toml_datetime v0.6.8\n   Compiling winnow v0.7.6\n   Compiling memchr v2.7.4\n   Compiling regex-syntax v0.8.5\n   Compiling critical-section v1.2.0\n   Compiling aho-corasick v1.1.3\n   Compiling indexmap v2.9.0\n   Compiling quote v1.0.40\n   Compiling toml_edit v0.22.24\n   Compiling regex-automata v0.4.9\n   Compiling proc-macro-crate v3.3.0\n   Compiling ntest_test_cases v0.9.3\n   Compiling ntest_timeout v0.9.3\n   Compiling regex v1.11.1\n   Compiling ntest v0.9.3\n   Compiling once_cell v1.21.3 (/home/abezbm/rust-utgen-test-crates-new/once_cell)\nerror[E0433]: failed to resolve: use of undeclared crate or module `once_cell`\n   --> src/race.rs:511:20\n    |\n511 |     let once_box = once_cell::race::OnceBox::<S>::new();\n    |                    ^^^^^^^^^ use of undeclared crate or module `once_cell`\n    |\nhelp: consider importing this struct through its public re-export\n    |\n501 +    use crate::race::OnceBox;\n    |\nhelp: if you import `OnceBox`, refer to it directly\n    |\n511 -     let once_box = once_cell::race::OnceBox::<S>::new();\n511 +     let once_box = OnceBox::<S>::new();\n    |\n\nerror[E0433]: failed to resolve: use of undeclared crate or module `once_cell`\n   --> src/race.rs:515:20\n    |\n515 |     let once_box = once_cell::race::OnceBox::<S>::new();\n    |                    ^^^^^^^^^ use of undeclared crate or module `once_cell`\n    |\nhelp: consider importing this struct through its public re-export\n    |\n501 +    use crate::race::OnceBox;\n    |\nhelp: if you import `OnceBox`, refer to it directly\n    |\n515 -     let once_box = once_cell::race::OnceBox::<S>::new();\n515 +     let once_box = OnceBox::<S>::new();\n    |\n\nerror[E0433]: failed to resolve: use of undeclared crate or module `once_cell`\n   --> src/race.rs:516:34\n    |\n516 |     assert!(std::mem::align_of::<once_cell::race::OnceBox<S>>() <= std::mem::align_of::<S>());\n    |                                  ^^^^^^^^^ use of undeclared crate or module `once_cell`\n    |\nhelp: consider importing this module\n    |\n501 +    use crate::race;\n    |\nhelp: if you import `race`, refer to it directly\n    |\n516 -     assert!(std::mem::align_of::<once_cell::race::OnceBox<S>>() <= std::mem::align_of::<S>());\n516 +     assert!(std::mem::align_of::<race::OnceBox<S>>() <= std::mem::align_of::<S>());\n    |\n\nwarning: unused import: `std::panic`\n   --> src/imp_std.rs:292:9\n    |\n292 |     use std::panic;\n    |         ^^^^^^^^^^\n    |\n    = note: `#[warn(unused_imports)]` on by default\n\nwarning: unused imports: `sync::mpsc::channel` and `thread`\n   --> src/imp_std.rs:293:15\n    |\n293 |     use std::{sync::mpsc::channel, thread};\n    |               ^^^^^^^^^^^^^^^^^^^  ^^^^^^\n\nwarning: unused import: `super::*`\n   --> src/race.rs:501:8\n    |\n501 |    use super::*;\n    |        ^^^^^^^^\n\nwarning: unused import: `ntest::timeout`\n   --> src/race.rs:502:8\n    |\n502 |    use ntest::timeout;\n    |        ^^^^^^^^^^^^^^\n\nerror[E0425]: cannot find function `share` in this scope\n   --> src/race.rs:512:5\n    |\n512 |     share(&once_box);\n    |     ^^^^^ not found in this scope\n\nSome errors have detailed explanations: E0425, E0433.\nFor more information about an error, try `rustc --explain E0425`.\nwarning: `once_cell` (lib test) generated 4 warnings\nerror: could not compile `once_cell` (lib test) due to 4 previous errors; 4 warnings emitted\n"
                }
              ],
              "repaired": [
                false,
                false,
                false,
                false
              ]
            },
            {
              "attrs": [],
              "prefix": [
                "{",
                "    struct S(*mut ());",
                "    unsafe impl Sync for S {}",
                "    ",
                "    for i in 1..=10 {",
                "        let ptr: *mut () = i as *mut (); // multiple pointers",
                "        let s_instance = S(ptr);",
                "        let once_box = once_cell::race::OnceBox::<S>::new();",
                "        share(&once_box);",
                "    }",
                "}"
              ],
              "oracles": [
                [
                  "    let ptr: *mut () = i as *mut ();",
                  "    let s_instance = S(ptr);",
                  "    let once_box = once_cell::race::OnceBox::<S>::new();",
                  "    let result = share(&once_box);",
                  "    assert_eq!(result, expected_value);"
                ],
                [
                  "    let ptr: *mut () = i as *mut ();",
                  "    let s_instance = S(ptr);",
                  "    let once_box = once_cell::race::OnceBox::<S>::new();",
                  "    let result = share(&once_box);",
                  "    assert!(result.is_ok());"
                ],
                [
                  "    let ptr: *mut () = i as *mut ();",
                  "    let s_instance = S(ptr);",
                  "    let once_box = once_cell::race::OnceBox::<S>::new();",
                  "    let result = share(&once_box);",
                  "    assert_ne!(once_box, ptr::null_mut());"
                ],
                [
                  "    let ptr: *mut () = i as *mut ();",
                  "    let s_instance = S(ptr);",
                  "    let once_box = once_cell::race::OnceBox::<S>::new();",
                  "    let result = share(&once_box);",
                  "    assert!(std::mem::size_of_val(&once_box) > 0);"
                ],
                [
                  "    let ptr: *mut () = i as *mut ();",
                  "    let s_instance = S(ptr);",
                  "    let once_box = once_cell::race::OnceBox::<S>::new();",
                  "    let result = share(&once_box);",
                  "    assert!(once_box.is_some());"
                ]
              ],
              "codes": [
                [
                  "{",
                  "    struct S(*mut ());",
                  "    unsafe impl Sync for S {}",
                  "    ",
                  "    for i in 1..=10 {",
                  "        let ptr: *mut () = i as *mut (); // multiple pointers",
                  "        let s_instance = S(ptr);",
                  "        let once_box = once_cell::race::OnceBox::<S>::new();",
                  "        share(&once_box);",
                  "    }",
                  "    let ptr: *mut () = i as *mut ();",
                  "    let s_instance = S(ptr);",
                  "    let once_box = once_cell::race::OnceBox::<S>::new();",
                  "    let result = share(&once_box);",
                  "    assert_eq!(result, expected_value);",
                  "}"
                ],
                [
                  "{",
                  "    struct S(*mut ());",
                  "    unsafe impl Sync for S {}",
                  "    ",
                  "    for i in 1..=10 {",
                  "        let ptr: *mut () = i as *mut (); // multiple pointers",
                  "        let s_instance = S(ptr);",
                  "        let once_box = once_cell::race::OnceBox::<S>::new();",
                  "        share(&once_box);",
                  "    }",
                  "    let ptr: *mut () = i as *mut ();",
                  "    let s_instance = S(ptr);",
                  "    let once_box = once_cell::race::OnceBox::<S>::new();",
                  "    let result = share(&once_box);",
                  "    assert!(result.is_ok());",
                  "}"
                ],
                [
                  "{",
                  "    struct S(*mut ());",
                  "    unsafe impl Sync for S {}",
                  "    ",
                  "    for i in 1..=10 {",
                  "        let ptr: *mut () = i as *mut (); // multiple pointers",
                  "        let s_instance = S(ptr);",
                  "        let once_box = once_cell::race::OnceBox::<S>::new();",
                  "        share(&once_box);",
                  "    }",
                  "    let ptr: *mut () = i as *mut ();",
                  "    let s_instance = S(ptr);",
                  "    let once_box = once_cell::race::OnceBox::<S>::new();",
                  "    let result = share(&once_box);",
                  "    assert_ne!(once_box, ptr::null_mut());",
                  "}"
                ],
                [
                  "{",
                  "    struct S(*mut ());",
                  "    unsafe impl Sync for S {}",
                  "    ",
                  "    for i in 1..=10 {",
                  "        let ptr: *mut () = i as *mut (); // multiple pointers",
                  "        let s_instance = S(ptr);",
                  "        let once_box = once_cell::race::OnceBox::<S>::new();",
                  "        share(&once_box);",
                  "    }",
                  "    let ptr: *mut () = i as *mut ();",
                  "    let s_instance = S(ptr);",
                  "    let once_box = once_cell::race::OnceBox::<S>::new();",
                  "    let result = share(&once_box);",
                  "    assert!(std::mem::size_of_val(&once_box) > 0);",
                  "}"
                ],
                [
                  "{",
                  "    struct S(*mut ());",
                  "    unsafe impl Sync for S {}",
                  "    ",
                  "    for i in 1..=10 {",
                  "        let ptr: *mut () = i as *mut (); // multiple pointers",
                  "        let s_instance = S(ptr);",
                  "        let once_box = once_cell::race::OnceBox::<S>::new();",
                  "        share(&once_box);",
                  "    }",
                  "    let ptr: *mut () = i as *mut ();",
                  "    let s_instance = S(ptr);",
                  "    let once_box = once_cell::race::OnceBox::<S>::new();",
                  "    let result = share(&once_box);",
                  "    assert!(once_box.is_some());",
                  "}"
                ]
              ],
              "can_compile": [
                {
                  "Err": "   Compiling proc-macro2 v1.0.95\n   Compiling unicode-ident v1.0.18\n   Compiling equivalent v1.0.2\n   Compiling syn v1.0.109\n   Compiling hashbrown v0.15.2\n   Compiling winnow v0.7.6\n   Compiling toml_datetime v0.6.8\n   Compiling memchr v2.7.4\n   Compiling regex-syntax v0.8.5\n   Compiling critical-section v1.2.0\n   Compiling aho-corasick v1.1.3\n   Compiling indexmap v2.9.0\n   Compiling quote v1.0.40\n   Compiling toml_edit v0.22.24\n   Compiling regex-automata v0.4.9\n   Compiling proc-macro-crate v3.3.0\n   Compiling ntest_test_cases v0.9.3\n   Compiling ntest_timeout v0.9.3\n   Compiling ntest v0.9.3\n   Compiling regex v1.11.1\n   Compiling once_cell v1.21.3 (/home/abezbm/rust-utgen-test-crates-new/once_cell)\nerror[E0433]: failed to resolve: use of undeclared crate or module `once_cell`\n   --> src/race.rs:512:24\n    |\n512 |         let once_box = once_cell::race::OnceBox::<S>::new();\n    |                        ^^^^^^^^^ use of undeclared crate or module `once_cell`\n    |\nhelp: consider importing this struct through its public re-export\n    |\n501 +    use crate::race::OnceBox;\n    |\nhelp: if you import `OnceBox`, refer to it directly\n    |\n512 -         let once_box = once_cell::race::OnceBox::<S>::new();\n512 +         let once_box = OnceBox::<S>::new();\n    |\n\nerror[E0425]: cannot find value `i` in this scope\n   --> src/race.rs:515:24\n    |\n506 |     struct S(*mut ());\n    |     ------------------ similarly named tuple struct `S` defined here\n...\n515 |     let ptr: *mut () = i as *mut ();\n    |                        ^ help: a tuple struct with a similar name exists: `S`\n\nerror[E0433]: failed to resolve: use of undeclared crate or module `once_cell`\n   --> src/race.rs:517:20\n    |\n517 |     let once_box = once_cell::race::OnceBox::<S>::new();\n    |                    ^^^^^^^^^ use of undeclared crate or module `once_cell`\n    |\nhelp: consider importing this struct through its public re-export\n    |\n501 +    use crate::race::OnceBox;\n    |\nhelp: if you import `OnceBox`, refer to it directly\n    |\n517 -     let once_box = once_cell::race::OnceBox::<S>::new();\n517 +     let once_box = OnceBox::<S>::new();\n    |\n\nerror[E0425]: cannot find value `expected_value` in this scope\n   --> src/race.rs:519:24\n    |\n519 |     assert_eq!(result, expected_value);\n    |                        ^^^^^^^^^^^^^^ not found in this scope\n\nwarning: unused import: `std::panic`\n   --> src/imp_std.rs:292:9\n    |\n292 |     use std::panic;\n    |         ^^^^^^^^^^\n    |\n    = note: `#[warn(unused_imports)]` on by default\n\nwarning: unused imports: `sync::mpsc::channel` and `thread`\n   --> src/imp_std.rs:293:15\n    |\n293 |     use std::{sync::mpsc::channel, thread};\n    |               ^^^^^^^^^^^^^^^^^^^  ^^^^^^\n\nwarning: unused import: `super::*`\n   --> src/race.rs:501:8\n    |\n501 |    use super::*;\n    |        ^^^^^^^^\n\nwarning: unused import: `ntest::timeout`\n   --> src/race.rs:502:8\n    |\n502 |    use ntest::timeout;\n    |        ^^^^^^^^^^^^^^\n\nerror[E0425]: cannot find function `share` in this scope\n   --> src/race.rs:513:9\n    |\n513 |         share(&once_box);\n    |         ^^^^^ not found in this scope\n\nerror[E0425]: cannot find function `share` in this scope\n   --> src/race.rs:518:18\n    |\n518 |     let result = share(&once_box);\n    |                  ^^^^^ not found in this scope\n\nSome errors have detailed explanations: E0425, E0433.\nFor more information about an error, try `rustc --explain E0425`.\nwarning: `once_cell` (lib test) generated 4 warnings\nerror: could not compile `once_cell` (lib test) due to 6 previous errors; 4 warnings emitted\n"
                },
                {
                  "Err": "   Compiling proc-macro2 v1.0.95\n   Compiling unicode-ident v1.0.18\n   Compiling syn v1.0.109\n   Compiling equivalent v1.0.2\n   Compiling hashbrown v0.15.2\n   Compiling toml_datetime v0.6.8\n   Compiling winnow v0.7.6\n   Compiling memchr v2.7.4\n   Compiling regex-syntax v0.8.5\n   Compiling critical-section v1.2.0\n   Compiling aho-corasick v1.1.3\n   Compiling indexmap v2.9.0\n   Compiling quote v1.0.40\n   Compiling regex-automata v0.4.9\n   Compiling toml_edit v0.22.24\n   Compiling proc-macro-crate v3.3.0\n   Compiling ntest_timeout v0.9.3\n   Compiling ntest_test_cases v0.9.3\n   Compiling regex v1.11.1\n   Compiling ntest v0.9.3\n   Compiling once_cell v1.21.3 (/home/abezbm/rust-utgen-test-crates-new/once_cell)\nerror[E0433]: failed to resolve: use of undeclared crate or module `once_cell`\n   --> src/race.rs:512:24\n    |\n512 |         let once_box = once_cell::race::OnceBox::<S>::new();\n    |                        ^^^^^^^^^ use of undeclared crate or module `once_cell`\n    |\nhelp: consider importing this struct through its public re-export\n    |\n501 +    use crate::race::OnceBox;\n    |\nhelp: if you import `OnceBox`, refer to it directly\n    |\n512 -         let once_box = once_cell::race::OnceBox::<S>::new();\n512 +         let once_box = OnceBox::<S>::new();\n    |\n\nerror[E0425]: cannot find value `i` in this scope\n   --> src/race.rs:515:24\n    |\n506 |     struct S(*mut ());\n    |     ------------------ similarly named tuple struct `S` defined here\n...\n515 |     let ptr: *mut () = i as *mut ();\n    |                        ^ help: a tuple struct with a similar name exists: `S`\n\nerror[E0433]: failed to resolve: use of undeclared crate or module `once_cell`\n   --> src/race.rs:517:20\n    |\n517 |     let once_box = once_cell::race::OnceBox::<S>::new();\n    |                    ^^^^^^^^^ use of undeclared crate or module `once_cell`\n    |\nhelp: consider importing this struct through its public re-export\n    |\n501 +    use crate::race::OnceBox;\n    |\nhelp: if you import `OnceBox`, refer to it directly\n    |\n517 -     let once_box = once_cell::race::OnceBox::<S>::new();\n517 +     let once_box = OnceBox::<S>::new();\n    |\n\nwarning: unused import: `std::panic`\n   --> src/imp_std.rs:292:9\n    |\n292 |     use std::panic;\n    |         ^^^^^^^^^^\n    |\n    = note: `#[warn(unused_imports)]` on by default\n\nwarning: unused imports: `sync::mpsc::channel` and `thread`\n   --> src/imp_std.rs:293:15\n    |\n293 |     use std::{sync::mpsc::channel, thread};\n    |               ^^^^^^^^^^^^^^^^^^^  ^^^^^^\n\nwarning: unused import: `super::*`\n   --> src/race.rs:501:8\n    |\n501 |    use super::*;\n    |        ^^^^^^^^\n\nwarning: unused import: `ntest::timeout`\n   --> src/race.rs:502:8\n    |\n502 |    use ntest::timeout;\n    |        ^^^^^^^^^^^^^^\n\nerror[E0425]: cannot find function `share` in this scope\n   --> src/race.rs:513:9\n    |\n513 |         share(&once_box);\n    |         ^^^^^ not found in this scope\n\nerror[E0425]: cannot find function `share` in this scope\n   --> src/race.rs:518:18\n    |\n518 |     let result = share(&once_box);\n    |                  ^^^^^ not found in this scope\n\nSome errors have detailed explanations: E0425, E0433.\nFor more information about an error, try `rustc --explain E0425`.\nwarning: `once_cell` (lib test) generated 4 warnings\nerror: could not compile `once_cell` (lib test) due to 5 previous errors; 4 warnings emitted\n"
                },
                {
                  "Err": "   Compiling proc-macro2 v1.0.95\n   Compiling unicode-ident v1.0.18\n   Compiling equivalent v1.0.2\n   Compiling hashbrown v0.15.2\n   Compiling syn v1.0.109\n   Compiling winnow v0.7.6\n   Compiling toml_datetime v0.6.8\n   Compiling memchr v2.7.4\n   Compiling regex-syntax v0.8.5\n   Compiling critical-section v1.2.0\n   Compiling indexmap v2.9.0\n   Compiling aho-corasick v1.1.3\n   Compiling quote v1.0.40\n   Compiling regex-automata v0.4.9\n   Compiling toml_edit v0.22.24\n   Compiling proc-macro-crate v3.3.0\n   Compiling ntest_test_cases v0.9.3\n   Compiling regex v1.11.1\n   Compiling ntest_timeout v0.9.3\n   Compiling ntest v0.9.3\n   Compiling once_cell v1.21.3 (/home/abezbm/rust-utgen-test-crates-new/once_cell)\nerror[E0433]: failed to resolve: use of undeclared crate or module `once_cell`\n   --> src/race.rs:512:24\n    |\n512 |         let once_box = once_cell::race::OnceBox::<S>::new();\n    |                        ^^^^^^^^^ use of undeclared crate or module `once_cell`\n    |\nhelp: consider importing this struct through its public re-export\n    |\n501 +    use crate::race::OnceBox;\n    |\nhelp: if you import `OnceBox`, refer to it directly\n    |\n512 -         let once_box = once_cell::race::OnceBox::<S>::new();\n512 +         let once_box = OnceBox::<S>::new();\n    |\n\nerror[E0425]: cannot find value `i` in this scope\n   --> src/race.rs:515:24\n    |\n506 |     struct S(*mut ());\n    |     ------------------ similarly named tuple struct `S` defined here\n...\n515 |     let ptr: *mut () = i as *mut ();\n    |                        ^ help: a tuple struct with a similar name exists: `S`\n\nerror[E0433]: failed to resolve: use of undeclared crate or module `once_cell`\n   --> src/race.rs:517:20\n    |\n517 |     let once_box = once_cell::race::OnceBox::<S>::new();\n    |                    ^^^^^^^^^ use of undeclared crate or module `once_cell`\n    |\nhelp: consider importing this struct through its public re-export\n    |\n501 +    use crate::race::OnceBox;\n    |\nhelp: if you import `OnceBox`, refer to it directly\n    |\n517 -     let once_box = once_cell::race::OnceBox::<S>::new();\n517 +     let once_box = OnceBox::<S>::new();\n    |\n\nwarning: unused import: `std::panic`\n   --> src/imp_std.rs:292:9\n    |\n292 |     use std::panic;\n    |         ^^^^^^^^^^\n    |\n    = note: `#[warn(unused_imports)]` on by default\n\nwarning: unused imports: `sync::mpsc::channel` and `thread`\n   --> src/imp_std.rs:293:15\n    |\n293 |     use std::{sync::mpsc::channel, thread};\n    |               ^^^^^^^^^^^^^^^^^^^  ^^^^^^\n\nwarning: unused import: `ntest::timeout`\n   --> src/race.rs:502:8\n    |\n502 |    use ntest::timeout;\n    |        ^^^^^^^^^^^^^^\n\nerror[E0425]: cannot find function `share` in this scope\n   --> src/race.rs:513:9\n    |\n513 |         share(&once_box);\n    |         ^^^^^ not found in this scope\n\nerror[E0425]: cannot find function `share` in this scope\n   --> src/race.rs:518:18\n    |\n518 |     let result = share(&once_box);\n    |                  ^^^^^ not found in this scope\n\nSome errors have detailed explanations: E0425, E0433.\nFor more information about an error, try `rustc --explain E0425`.\nwarning: `once_cell` (lib test) generated 3 warnings\nerror: could not compile `once_cell` (lib test) due to 5 previous errors; 3 warnings emitted\n"
                },
                {
                  "Err": "   Compiling proc-macro2 v1.0.95\n   Compiling unicode-ident v1.0.18\n   Compiling equivalent v1.0.2\n   Compiling hashbrown v0.15.2\n   Compiling syn v1.0.109\n   Compiling toml_datetime v0.6.8\n   Compiling winnow v0.7.6\n   Compiling memchr v2.7.4\n   Compiling regex-syntax v0.8.5\n   Compiling critical-section v1.2.0\n   Compiling aho-corasick v1.1.3\n   Compiling indexmap v2.9.0\n   Compiling quote v1.0.40\n   Compiling regex-automata v0.4.9\n   Compiling toml_edit v0.22.24\n   Compiling proc-macro-crate v3.3.0\n   Compiling ntest_test_cases v0.9.3\n   Compiling ntest_timeout v0.9.3\n   Compiling regex v1.11.1\n   Compiling ntest v0.9.3\n   Compiling once_cell v1.21.3 (/home/abezbm/rust-utgen-test-crates-new/once_cell)\nerror[E0433]: failed to resolve: use of undeclared crate or module `once_cell`\n   --> src/race.rs:512:24\n    |\n512 |         let once_box = once_cell::race::OnceBox::<S>::new();\n    |                        ^^^^^^^^^ use of undeclared crate or module `once_cell`\n    |\nhelp: consider importing this struct through its public re-export\n    |\n501 +    use crate::race::OnceBox;\n    |\nhelp: if you import `OnceBox`, refer to it directly\n    |\n512 -         let once_box = once_cell::race::OnceBox::<S>::new();\n512 +         let once_box = OnceBox::<S>::new();\n    |\n\nerror[E0425]: cannot find value `i` in this scope\n   --> src/race.rs:515:24\n    |\n506 |     struct S(*mut ());\n    |     ------------------ similarly named tuple struct `S` defined here\n...\n515 |     let ptr: *mut () = i as *mut ();\n    |                        ^ help: a tuple struct with a similar name exists: `S`\n\nerror[E0433]: failed to resolve: use of undeclared crate or module `once_cell`\n   --> src/race.rs:517:20\n    |\n517 |     let once_box = once_cell::race::OnceBox::<S>::new();\n    |                    ^^^^^^^^^ use of undeclared crate or module `once_cell`\n    |\nhelp: consider importing this struct through its public re-export\n    |\n501 +    use crate::race::OnceBox;\n    |\nhelp: if you import `OnceBox`, refer to it directly\n    |\n517 -     let once_box = once_cell::race::OnceBox::<S>::new();\n517 +     let once_box = OnceBox::<S>::new();\n    |\n\nwarning: unused import: `std::panic`\n   --> src/imp_std.rs:292:9\n    |\n292 |     use std::panic;\n    |         ^^^^^^^^^^\n    |\n    = note: `#[warn(unused_imports)]` on by default\n\nwarning: unused imports: `sync::mpsc::channel` and `thread`\n   --> src/imp_std.rs:293:15\n    |\n293 |     use std::{sync::mpsc::channel, thread};\n    |               ^^^^^^^^^^^^^^^^^^^  ^^^^^^\n\nwarning: unused import: `super::*`\n   --> src/race.rs:501:8\n    |\n501 |    use super::*;\n    |        ^^^^^^^^\n\nwarning: unused import: `ntest::timeout`\n   --> src/race.rs:502:8\n    |\n502 |    use ntest::timeout;\n    |        ^^^^^^^^^^^^^^\n\nerror[E0425]: cannot find function `share` in this scope\n   --> src/race.rs:513:9\n    |\n513 |         share(&once_box);\n    |         ^^^^^ not found in this scope\n\nerror[E0425]: cannot find function `share` in this scope\n   --> src/race.rs:518:18\n    |\n518 |     let result = share(&once_box);\n    |                  ^^^^^ not found in this scope\n\nSome errors have detailed explanations: E0425, E0433.\nFor more information about an error, try `rustc --explain E0425`.\nwarning: `once_cell` (lib test) generated 4 warnings\nerror: could not compile `once_cell` (lib test) due to 5 previous errors; 4 warnings emitted\n"
                },
                {
                  "Err": "   Compiling proc-macro2 v1.0.95\n   Compiling unicode-ident v1.0.18\n   Compiling syn v1.0.109\n   Compiling equivalent v1.0.2\n   Compiling hashbrown v0.15.2\n   Compiling winnow v0.7.6\n   Compiling toml_datetime v0.6.8\n   Compiling memchr v2.7.4\n   Compiling regex-syntax v0.8.5\n   Compiling critical-section v1.2.0\n   Compiling aho-corasick v1.1.3\n   Compiling indexmap v2.9.0\n   Compiling quote v1.0.40\n   Compiling regex-automata v0.4.9\n   Compiling toml_edit v0.22.24\n   Compiling proc-macro-crate v3.3.0\n   Compiling ntest_test_cases v0.9.3\n   Compiling ntest_timeout v0.9.3\n   Compiling regex v1.11.1\n   Compiling ntest v0.9.3\n   Compiling once_cell v1.21.3 (/home/abezbm/rust-utgen-test-crates-new/once_cell)\nerror[E0433]: failed to resolve: use of undeclared crate or module `once_cell`\n   --> src/race.rs:512:24\n    |\n512 |         let once_box = once_cell::race::OnceBox::<S>::new();\n    |                        ^^^^^^^^^ use of undeclared crate or module `once_cell`\n    |\nhelp: consider importing this struct through its public re-export\n    |\n501 +    use crate::race::OnceBox;\n    |\nhelp: if you import `OnceBox`, refer to it directly\n    |\n512 -         let once_box = once_cell::race::OnceBox::<S>::new();\n512 +         let once_box = OnceBox::<S>::new();\n    |\n\nerror[E0425]: cannot find value `i` in this scope\n   --> src/race.rs:515:24\n    |\n506 |     struct S(*mut ());\n    |     ------------------ similarly named tuple struct `S` defined here\n...\n515 |     let ptr: *mut () = i as *mut ();\n    |                        ^ help: a tuple struct with a similar name exists: `S`\n\nerror[E0433]: failed to resolve: use of undeclared crate or module `once_cell`\n   --> src/race.rs:517:20\n    |\n517 |     let once_box = once_cell::race::OnceBox::<S>::new();\n    |                    ^^^^^^^^^ use of undeclared crate or module `once_cell`\n    |\nhelp: consider importing this struct through its public re-export\n    |\n501 +    use crate::race::OnceBox;\n    |\nhelp: if you import `OnceBox`, refer to it directly\n    |\n517 -     let once_box = once_cell::race::OnceBox::<S>::new();\n517 +     let once_box = OnceBox::<S>::new();\n    |\n\nwarning: unused import: `std::panic`\n   --> src/imp_std.rs:292:9\n    |\n292 |     use std::panic;\n    |         ^^^^^^^^^^\n    |\n    = note: `#[warn(unused_imports)]` on by default\n\nwarning: unused imports: `sync::mpsc::channel` and `thread`\n   --> src/imp_std.rs:293:15\n    |\n293 |     use std::{sync::mpsc::channel, thread};\n    |               ^^^^^^^^^^^^^^^^^^^  ^^^^^^\n\nwarning: unused import: `super::*`\n   --> src/race.rs:501:8\n    |\n501 |    use super::*;\n    |        ^^^^^^^^\n\nwarning: unused import: `ntest::timeout`\n   --> src/race.rs:502:8\n    |\n502 |    use ntest::timeout;\n    |        ^^^^^^^^^^^^^^\n\nerror[E0425]: cannot find function `share` in this scope\n   --> src/race.rs:513:9\n    |\n513 |         share(&once_box);\n    |         ^^^^^ not found in this scope\n\nerror[E0425]: cannot find function `share` in this scope\n   --> src/race.rs:518:18\n    |\n518 |     let result = share(&once_box);\n    |                  ^^^^^ not found in this scope\n\nSome errors have detailed explanations: E0425, E0433.\nFor more information about an error, try `rustc --explain E0425`.\nwarning: `once_cell` (lib test) generated 4 warnings\nerror: could not compile `once_cell` (lib test) due to 5 previous errors; 4 warnings emitted\n"
                }
              ],
              "repaired": [
                false,
                false,
                false,
                false,
                false
              ]
            }
          ]
        }
      ]
    }
  ]
}