{
  "name": "http::request::request::Request<T>::headers",
  "name_with_impl": "http::request::{impl#1}::headers",
  "mod_info": {
    "name": "request",
    "loc": "src/lib.rs:174:1:174:17"
  },
  "visible": true,
  "loc": "src/request.rs:555:5:557:6",
  "fn_tests": [
    {
      "chain_id": 0,
      "prompt_conds": [],
      "input_infer": "",
      "answers": [
        {
          "uses": [
            "use http::header::HeaderMap;",
            "use http::header::HeaderValue;"
          ],
          "has_test_mod": false,
          "common": [],
          "chain_tests": [
            {
              "attrs": [],
              "prefix": [],
              "oracles": [],
              "codes": [
                [
                  "{",
                  "    struct Request<T> {",
                  "        head: HeaderMap<HeaderValue>,",
                  "        _marker: std::marker::PhantomData<T>,",
                  "    }",
                  "",
                  "    impl<T> Default for Request<T> {",
                  "        fn default() -> Self {",
                  "            Self {",
                  "                head: HeaderMap::new(),",
                  "                _marker: std::marker::PhantomData,",
                  "            }",
                  "        }",
                  "    }",
                  "",
                  "    let request: Request<()> = Request::default();",
                  "    assert!(request.headers().is_empty());",
                  "}"
                ]
              ],
              "can_compile": [
                {
                  "Err": "   Compiling proc-macro2 v1.0.95\n   Compiling libc v0.2.172\n   Compiling zerocopy v0.8.25\n   Compiling syn v1.0.109\n   Compiling serde v1.0.219\n   Compiling serde_json v1.0.140\n   Compiling doc-comment v0.3.3\n   Compiling quote v1.0.40\n   Compiling getrandom v0.2.16\n   Compiling rand_core v0.6.4\n   Compiling ppv-lite86 v0.2.21\n   Compiling rand_chacha v0.3.1\n   Compiling rand v0.8.5\n   Compiling quickcheck v1.0.3\n   Compiling ntest_timeout v0.9.3\n   Compiling ntest_test_cases v0.9.3\n   Compiling ntest v0.9.3\n   Compiling http v1.3.1 (/home/abezbm/rust-utgen-test-crates-new/http)\nwarning: unused import: `self::StandardHeader::Vary`\n    --> src/header/name.rs:1676:9\n     |\n1676 |     use self::StandardHeader::Vary;\n     |         ^^^^^^^^^^^^^^^^^^^^^^^^^^\n     |\n     = note: `#[warn(unused_imports)]` on by default\n\nwarning: unused import: `super::*`\n   --> src/header/value.rs:481:9\n    |\n481 |     use super::*;\n    |         ^^^^^^^^\n\nwarning: unused import: `crate::header::map::HeaderMap`\n   --> src/header/value.rs:482:9\n    |\n482 |     use crate::header::map::HeaderMap;\n    |         ^^^^^^^^^^^^^^^^^^^^^^^^^^^^^\n\nwarning: unused import: `crate::header::name`\n   --> src/header/value.rs:483:9\n    |\n483 |     use crate::header::name;\n    |         ^^^^^^^^^^^^^^^^^^^\n\nwarning: unused import: `super::*`\n   --> src/header/value.rs:568:9\n    |\n568 |     use super::*;\n    |         ^^^^^^^^\n\nwarning: unused import: `crate::header::name`\n   --> src/header/value.rs:569:9\n    |\n569 |     use crate::header::name;\n    |         ^^^^^^^^^^^^^^^^^^^\n\nwarning: unused import: `super::*`\n   --> src/method.rs:424:9\n    |\n424 |     use super::*;\n    |         ^^^^^^^^\n\nwarning: unused import: `super::*`\n    --> src/request.rs:1063:9\n     |\n1063 |     use super::*;\n     |         ^^^^^^^^\n\nwarning: unused import: `ntest::timeout`\n    --> src/request.rs:1078:8\n     |\n1078 |    use ntest::timeout;\n     |        ^^^^^^^^^^^^^^\n\nwarning: unused import: `super::*`\n   --> src/response.rs:776:9\n    |\n776 |     use super::*;\n    |         ^^^^^^^^\n\nwarning: unused import: `super::*`\n   --> src/uri/authority.rs:533:9\n    |\n533 |     use super::*;\n    |         ^^^^^^^^\n\nwarning: unused import: `super::*`\n   --> src/uri/builder.rs:165:9\n    |\n165 |     use super::*;\n    |         ^^^^^^^^\n\nwarning: unused import: `super::*`\n   --> src/uri/port.rs:115:9\n    |\n115 |     use super::*;\n    |         ^^^^^^^^\n\nwarning: unused import: `super::*`\n   --> src/error.rs:143:9\n    |\n143 |     use super::*;\n    |         ^^^^^^^^\n\nwarning: unused import: `super::*`\n   --> src/lib.rs:197:9\n    |\n197 |     use super::*;\n    |         ^^^^^^^^\n\nerror[E0599]: no method named `headers` found for struct `llmtests::test_headers_00::Request` in the current scope\n    --> src/request.rs:1097:21\n     |\n1082 |     struct Request<T> {\n     |     ----------------- method `headers` not found for this struct\n...\n1097 |     assert!(request.headers().is_empty());\n     |                     ^^^^^^^ method not found in `Request<()>`\n\nFor more information about this error, try `rustc --explain E0599`.\nwarning: `http` (lib test) generated 15 warnings\nerror: could not compile `http` (lib test) due to 1 previous error; 15 warnings emitted\n"
                }
              ],
              "repaired": [
                false
              ]
            },
            {
              "attrs": [],
              "prefix": [],
              "oracles": [],
              "codes": [
                [
                  "{",
                  "    use http::header::{HeaderMap, HeaderValue};",
                  "",
                  "    struct Request<T> {",
                  "        head: HeaderMap<HeaderValue>,",
                  "        _marker: std::marker::PhantomData<T>,",
                  "    }",
                  "",
                  "    impl<T> Default for Request<T> {",
                  "        fn default() -> Self {",
                  "            Self {",
                  "                head: HeaderMap::new(),",
                  "                _marker: std::marker::PhantomData,",
                  "            }",
                  "        }",
                  "    }",
                  "",
                  "    impl<T> Request<T> {",
                  "        pub fn add_header(&mut self, key: &str, value: &str) {",
                  "            self.head.insert(HeaderName::from_static(key), HeaderValue::from_static(value));",
                  "        }",
                  "    }",
                  "",
                  "    let mut request: Request<()> = Request::default();",
                  "    request.add_header(\"Content-Type\", \"application/json\");",
                  "    assert!(!request.headers().is_empty());",
                  "}"
                ]
              ],
              "can_compile": [
                {
                  "Err": "   Compiling proc-macro2 v1.0.95\n   Compiling libc v0.2.172\n   Compiling zerocopy v0.8.25\n   Compiling syn v1.0.109\n   Compiling serde v1.0.219\n   Compiling serde_json v1.0.140\n   Compiling doc-comment v0.3.3\n   Compiling quote v1.0.40\n   Compiling getrandom v0.2.16\n   Compiling rand_core v0.6.4\n   Compiling ppv-lite86 v0.2.21\n   Compiling rand_chacha v0.3.1\n   Compiling rand v0.8.5\n   Compiling quickcheck v1.0.3\n   Compiling ntest_timeout v0.9.3\n   Compiling ntest_test_cases v0.9.3\n   Compiling ntest v0.9.3\n   Compiling http v1.3.1 (/home/abezbm/rust-utgen-test-crates-new/http)\nerror[E0433]: failed to resolve: use of undeclared crate or module `http`\n    --> src/request.rs:1082:9\n     |\n1082 |     use http::header::{HeaderMap, HeaderValue};\n     |         ^^^^ use of undeclared crate or module `http`\n\nwarning: unused import: `self::StandardHeader::Vary`\n    --> src/header/name.rs:1676:9\n     |\n1676 |     use self::StandardHeader::Vary;\n     |         ^^^^^^^^^^^^^^^^^^^^^^^^^^\n     |\n     = note: `#[warn(unused_imports)]` on by default\n\nwarning: unused import: `super::*`\n   --> src/header/value.rs:481:9\n    |\n481 |     use super::*;\n    |         ^^^^^^^^\n\nwarning: unused import: `crate::header::map::HeaderMap`\n   --> src/header/value.rs:482:9\n    |\n482 |     use crate::header::map::HeaderMap;\n    |         ^^^^^^^^^^^^^^^^^^^^^^^^^^^^^\n\nwarning: unused import: `crate::header::name`\n   --> src/header/value.rs:483:9\n    |\n483 |     use crate::header::name;\n    |         ^^^^^^^^^^^^^^^^^^^\n\nwarning: unused import: `super::*`\n   --> src/header/value.rs:568:9\n    |\n568 |     use super::*;\n    |         ^^^^^^^^\n\nwarning: unused import: `crate::header::name`\n   --> src/header/value.rs:569:9\n    |\n569 |     use crate::header::name;\n    |         ^^^^^^^^^^^^^^^^^^^\n\nwarning: unused import: `super::*`\n   --> src/method.rs:424:9\n    |\n424 |     use super::*;\n    |         ^^^^^^^^\n\nwarning: unused import: `super::*`\n    --> src/request.rs:1063:9\n     |\n1063 |     use super::*;\n     |         ^^^^^^^^\n\nwarning: unused import: `ntest::timeout`\n    --> src/request.rs:1078:8\n     |\n1078 |    use ntest::timeout;\n     |        ^^^^^^^^^^^^^^\n\nwarning: unused import: `super::*`\n   --> src/response.rs:776:9\n    |\n776 |     use super::*;\n    |         ^^^^^^^^\n\nwarning: unused import: `super::*`\n   --> src/uri/authority.rs:533:9\n    |\n533 |     use super::*;\n    |         ^^^^^^^^\n\nwarning: unused import: `super::*`\n   --> src/uri/builder.rs:165:9\n    |\n165 |     use super::*;\n    |         ^^^^^^^^\n\nwarning: unused import: `super::*`\n   --> src/uri/port.rs:115:9\n    |\n115 |     use super::*;\n    |         ^^^^^^^^\n\nwarning: unused import: `super::*`\n   --> src/error.rs:143:9\n    |\n143 |     use super::*;\n    |         ^^^^^^^^\n\nwarning: unused import: `super::*`\n   --> src/lib.rs:197:9\n    |\n197 |     use super::*;\n    |         ^^^^^^^^\n\nerror[E0599]: no method named `headers` found for struct `llmtests::test_headers_01::Request` in the current scope\n    --> src/request.rs:1106:22\n     |\n1084 |     struct Request<T> {\n     |     ----------------- method `headers` not found for this struct\n...\n1106 |     assert!(!request.headers().is_empty());\n     |                      ^^^^^^^ method not found in `Request<()>`\n\nSome errors have detailed explanations: E0433, E0599.\nFor more information about an error, try `rustc --explain E0433`.\nwarning: `http` (lib test) generated 15 warnings\nerror: could not compile `http` (lib test) due to 2 previous errors; 15 warnings emitted\n"
                }
              ],
              "repaired": [
                false
              ]
            }
          ]
        }
      ]
    }
  ]
}