{
  "name": "http::uri::path::uri::path::PathAndQuery::from_maybe_shared",
  "name_with_impl": "http::uri::path::{impl#0}::from_maybe_shared",
  "mod_info": {
    "name": "uri::path",
    "loc": "src/uri/mod.rs:45:1:45:10"
  },
  "visible": true,
  "loc": "src/uri/path.rs:151:5:160:6",
  "fn_tests": [
    {
      "chain_id": 0,
      "prompt_conds": [],
      "input_infer": "",
      "answers": [
        {
          "uses": [
            "use http::Bytes;",
            "use http::path::PathAndQuery;",
            "use http::path::InvalidUri;"
          ],
          "has_test_mod": false,
          "common": [],
          "chain_tests": [
            {
              "attrs": [],
              "prefix": [],
              "oracles": [],
              "codes": [
                [
                  "{",
                  "    use http::Bytes;",
                  "    use http::path::{PathAndQuery, InvalidUri};",
                  "",
                  "    let bytes = Bytes::from_static(b\"/path?query=value\");",
                  "    let result = PathAndQuery::from_maybe_shared(bytes);",
                  "",
                  "    assert!(result.is_ok());",
                  "    assert_eq!(result.unwrap().as_str(), \"/path?query=value\");",
                  "}"
                ]
              ],
              "can_compile": [
                {
                  "Err": "    Blocking waiting for file lock on package cache\n   Compiling libc v0.2.172\n   Compiling proc-macro2 v1.0.95\n   Compiling zerocopy v0.8.25\n   Compiling syn v1.0.109\n   Compiling serde v1.0.219\n   Compiling serde_json v1.0.140\n   Compiling doc-comment v0.3.3\n   Compiling quote v1.0.40\n   Compiling getrandom v0.2.16\n   Compiling rand_core v0.6.4\n   Compiling ppv-lite86 v0.2.21\n   Compiling rand_chacha v0.3.1\n   Compiling rand v0.8.5\n   Compiling quickcheck v1.0.3\n   Compiling ntest_timeout v0.9.3\n   Compiling ntest_test_cases v0.9.3\n   Compiling ntest v0.9.3\n   Compiling http v1.3.1 (/home/abezbm/rust-utgen-test-crates-new/http)\nerror[E0433]: failed to resolve: use of undeclared crate or module `http`\n   --> src/uri/path.rs:613:9\n    |\n613 |     use http::path::{PathAndQuery, InvalidUri};\n    |         ^^^^ use of undeclared crate or module `http`\n\nerror[E0432]: unresolved import `http`\n   --> src/uri/path.rs:612:9\n    |\n612 |     use http::Bytes;\n    |         ^^^^ use of undeclared crate or module `http`\n\nwarning: unused import: `self::StandardHeader::Vary`\n    --> src/header/name.rs:1676:9\n     |\n1676 |     use self::StandardHeader::Vary;\n     |         ^^^^^^^^^^^^^^^^^^^^^^^^^^\n     |\n     = note: `#[warn(unused_imports)]` on by default\n\nwarning: unused import: `super::*`\n   --> src/header/value.rs:481:9\n    |\n481 |     use super::*;\n    |         ^^^^^^^^\n\nwarning: unused import: `crate::header::map::HeaderMap`\n   --> src/header/value.rs:482:9\n    |\n482 |     use crate::header::map::HeaderMap;\n    |         ^^^^^^^^^^^^^^^^^^^^^^^^^^^^^\n\nwarning: unused import: `crate::header::name`\n   --> src/header/value.rs:483:9\n    |\n483 |     use crate::header::name;\n    |         ^^^^^^^^^^^^^^^^^^^\n\nwarning: unused import: `super::*`\n   --> src/header/value.rs:568:9\n    |\n568 |     use super::*;\n    |         ^^^^^^^^\n\nwarning: unused import: `crate::header::name`\n   --> src/header/value.rs:569:9\n    |\n569 |     use crate::header::name;\n    |         ^^^^^^^^^^^^^^^^^^^\n\nwarning: unused import: `super::*`\n   --> src/method.rs:424:9\n    |\n424 |     use super::*;\n    |         ^^^^^^^^\n\nwarning: unused import: `super::*`\n    --> src/request.rs:1063:9\n     |\n1063 |     use super::*;\n     |         ^^^^^^^^\n\nwarning: unused import: `super::*`\n   --> src/response.rs:776:9\n    |\n776 |     use super::*;\n    |         ^^^^^^^^\n\nwarning: unused import: `super::*`\n   --> src/uri/authority.rs:533:9\n    |\n533 |     use super::*;\n    |         ^^^^^^^^\n\nwarning: unused import: `super::*`\n   --> src/uri/builder.rs:165:9\n    |\n165 |     use super::*;\n    |         ^^^^^^^^\n\nwarning: unused import: `super::*`\n   --> src/uri/path.rs:607:8\n    |\n607 |    use super::*;\n    |        ^^^^^^^^\n\nwarning: unused import: `ntest::timeout`\n   --> src/uri/path.rs:608:8\n    |\n608 |    use ntest::timeout;\n    |        ^^^^^^^^^^^^^^\n\nwarning: unused import: `super::*`\n   --> src/uri/port.rs:115:9\n    |\n115 |     use super::*;\n    |         ^^^^^^^^\n\nwarning: unused import: `super::*`\n   --> src/error.rs:143:9\n    |\n143 |     use super::*;\n    |         ^^^^^^^^\n\nwarning: unused import: `super::*`\n   --> src/lib.rs:197:9\n    |\n197 |     use super::*;\n    |         ^^^^^^^^\n\nSome errors have detailed explanations: E0432, E0433.\nFor more information about an error, try `rustc --explain E0432`.\nwarning: `http` (lib test) generated 16 warnings\nerror: could not compile `http` (lib test) due to 2 previous errors; 16 warnings emitted\n"
                }
              ],
              "repaired": [
                false
              ]
            },
            {
              "attrs": [],
              "prefix": [],
              "oracles": [],
              "codes": [
                [
                  "{",
                  "    use http::path::{PathAndQuery, InvalidUri};",
                  "    ",
                  "    let vec: Vec<u8> = b\"/another_path?query=another_value\".to_vec();",
                  "    let result = PathAndQuery::from_maybe_shared(vec);",
                  "",
                  "    assert!(result.is_ok());",
                  "    assert_eq!(result.unwrap().as_str(), \"/another_path?query=another_value\");",
                  "}"
                ]
              ],
              "can_compile": [
                {
                  "Err": "   Compiling libc v0.2.172\n   Compiling proc-macro2 v1.0.95\n   Compiling zerocopy v0.8.25\n   Compiling syn v1.0.109\n   Compiling serde v1.0.219\n   Compiling doc-comment v0.3.3\n   Compiling serde_json v1.0.140\n   Compiling quote v1.0.40\n   Compiling getrandom v0.2.16\n   Compiling rand_core v0.6.4\n   Compiling ppv-lite86 v0.2.21\n   Compiling rand_chacha v0.3.1\n   Compiling rand v0.8.5\n   Compiling quickcheck v1.0.3\n   Compiling ntest_test_cases v0.9.3\n   Compiling ntest_timeout v0.9.3\n   Compiling ntest v0.9.3\n   Compiling http v1.3.1 (/home/abezbm/rust-utgen-test-crates-new/http)\nerror[E0433]: failed to resolve: use of undeclared crate or module `http`\n   --> src/uri/path.rs:612:9\n    |\n612 |     use http::path::{PathAndQuery, InvalidUri};\n    |         ^^^^ use of undeclared crate or module `http`\n\nwarning: unused import: `self::StandardHeader::Vary`\n    --> src/header/name.rs:1676:9\n     |\n1676 |     use self::StandardHeader::Vary;\n     |         ^^^^^^^^^^^^^^^^^^^^^^^^^^\n     |\n     = note: `#[warn(unused_imports)]` on by default\n\nwarning: unused import: `super::*`\n   --> src/header/value.rs:481:9\n    |\n481 |     use super::*;\n    |         ^^^^^^^^\n\nwarning: unused import: `crate::header::map::HeaderMap`\n   --> src/header/value.rs:482:9\n    |\n482 |     use crate::header::map::HeaderMap;\n    |         ^^^^^^^^^^^^^^^^^^^^^^^^^^^^^\n\nwarning: unused import: `crate::header::name`\n   --> src/header/value.rs:483:9\n    |\n483 |     use crate::header::name;\n    |         ^^^^^^^^^^^^^^^^^^^\n\nwarning: unused import: `super::*`\n   --> src/header/value.rs:568:9\n    |\n568 |     use super::*;\n    |         ^^^^^^^^\n\nwarning: unused import: `crate::header::name`\n   --> src/header/value.rs:569:9\n    |\n569 |     use crate::header::name;\n    |         ^^^^^^^^^^^^^^^^^^^\n\nwarning: unused import: `super::*`\n   --> src/method.rs:424:9\n    |\n424 |     use super::*;\n    |         ^^^^^^^^\n\nwarning: unused import: `super::*`\n    --> src/request.rs:1063:9\n     |\n1063 |     use super::*;\n     |         ^^^^^^^^\n\nwarning: unused import: `super::*`\n   --> src/response.rs:776:9\n    |\n776 |     use super::*;\n    |         ^^^^^^^^\n\nwarning: unused import: `super::*`\n   --> src/uri/authority.rs:533:9\n    |\n533 |     use super::*;\n    |         ^^^^^^^^\n\nwarning: unused import: `super::*`\n   --> src/uri/builder.rs:165:9\n    |\n165 |     use super::*;\n    |         ^^^^^^^^\n\nwarning: unused import: `super::*`\n   --> src/uri/path.rs:607:8\n    |\n607 |    use super::*;\n    |        ^^^^^^^^\n\nwarning: unused import: `ntest::timeout`\n   --> src/uri/path.rs:608:8\n    |\n608 |    use ntest::timeout;\n    |        ^^^^^^^^^^^^^^\n\nwarning: unused import: `super::*`\n   --> src/uri/port.rs:115:9\n    |\n115 |     use super::*;\n    |         ^^^^^^^^\n\nwarning: unused import: `super::*`\n   --> src/error.rs:143:9\n    |\n143 |     use super::*;\n    |         ^^^^^^^^\n\nwarning: unused import: `super::*`\n   --> src/lib.rs:197:9\n    |\n197 |     use super::*;\n    |         ^^^^^^^^\n\nFor more information about this error, try `rustc --explain E0433`.\nwarning: `http` (lib test) generated 16 warnings\nerror: could not compile `http` (lib test) due to 1 previous error; 16 warnings emitted\n"
                }
              ],
              "repaired": [
                false
              ]
            },
            {
              "attrs": [],
              "prefix": [],
              "oracles": [],
              "codes": [
                [
                  "{",
                  "    use http::path::{PathAndQuery, InvalidUri};",
                  "",
                  "    let invalid_vec: Vec<u8> = b\"invalid_uri_>\".to_vec();",
                  "    let result = PathAndQuery::from_maybe_shared(invalid_vec);",
                  "",
                  "    assert!(result.is_err());",
                  "}"
                ]
              ],
              "can_compile": [
                {
                  "Err": "   Compiling libc v0.2.172\n   Compiling proc-macro2 v1.0.95\n   Compiling zerocopy v0.8.25\n   Compiling syn v1.0.109\n   Compiling serde v1.0.219\n   Compiling doc-comment v0.3.3\n   Compiling serde_json v1.0.140\n   Compiling quote v1.0.40\n   Compiling getrandom v0.2.16\n   Compiling rand_core v0.6.4\n   Compiling ppv-lite86 v0.2.21\n   Compiling rand_chacha v0.3.1\n   Compiling rand v0.8.5\n   Compiling quickcheck v1.0.3\n   Compiling ntest_test_cases v0.9.3\n   Compiling ntest_timeout v0.9.3\n   Compiling ntest v0.9.3\n   Compiling http v1.3.1 (/home/abezbm/rust-utgen-test-crates-new/http)\nerror[E0433]: failed to resolve: use of undeclared crate or module `http`\n   --> src/uri/path.rs:612:9\n    |\n612 |     use http::path::{PathAndQuery, InvalidUri};\n    |         ^^^^ use of undeclared crate or module `http`\n\nwarning: unused import: `self::StandardHeader::Vary`\n    --> src/header/name.rs:1676:9\n     |\n1676 |     use self::StandardHeader::Vary;\n     |         ^^^^^^^^^^^^^^^^^^^^^^^^^^\n     |\n     = note: `#[warn(unused_imports)]` on by default\n\nwarning: unused import: `super::*`\n   --> src/header/value.rs:481:9\n    |\n481 |     use super::*;\n    |         ^^^^^^^^\n\nwarning: unused import: `crate::header::map::HeaderMap`\n   --> src/header/value.rs:482:9\n    |\n482 |     use crate::header::map::HeaderMap;\n    |         ^^^^^^^^^^^^^^^^^^^^^^^^^^^^^\n\nwarning: unused import: `crate::header::name`\n   --> src/header/value.rs:483:9\n    |\n483 |     use crate::header::name;\n    |         ^^^^^^^^^^^^^^^^^^^\n\nwarning: unused import: `super::*`\n   --> src/header/value.rs:568:9\n    |\n568 |     use super::*;\n    |         ^^^^^^^^\n\nwarning: unused import: `crate::header::name`\n   --> src/header/value.rs:569:9\n    |\n569 |     use crate::header::name;\n    |         ^^^^^^^^^^^^^^^^^^^\n\nwarning: unused import: `super::*`\n   --> src/method.rs:424:9\n    |\n424 |     use super::*;\n    |         ^^^^^^^^\n\nwarning: unused import: `super::*`\n    --> src/request.rs:1063:9\n     |\n1063 |     use super::*;\n     |         ^^^^^^^^\n\nwarning: unused import: `super::*`\n   --> src/response.rs:776:9\n    |\n776 |     use super::*;\n    |         ^^^^^^^^\n\nwarning: unused import: `super::*`\n   --> src/uri/authority.rs:533:9\n    |\n533 |     use super::*;\n    |         ^^^^^^^^\n\nwarning: unused import: `super::*`\n   --> src/uri/builder.rs:165:9\n    |\n165 |     use super::*;\n    |         ^^^^^^^^\n\nwarning: unused import: `super::*`\n   --> src/uri/path.rs:607:8\n    |\n607 |    use super::*;\n    |        ^^^^^^^^\n\nwarning: unused import: `ntest::timeout`\n   --> src/uri/path.rs:608:8\n    |\n608 |    use ntest::timeout;\n    |        ^^^^^^^^^^^^^^\n\nwarning: unused import: `super::*`\n   --> src/uri/port.rs:115:9\n    |\n115 |     use super::*;\n    |         ^^^^^^^^\n\nwarning: unused import: `super::*`\n   --> src/error.rs:143:9\n    |\n143 |     use super::*;\n    |         ^^^^^^^^\n\nwarning: unused import: `super::*`\n   --> src/lib.rs:197:9\n    |\n197 |     use super::*;\n    |         ^^^^^^^^\n\nFor more information about this error, try `rustc --explain E0433`.\nwarning: `http` (lib test) generated 16 warnings\nerror: could not compile `http` (lib test) due to 1 previous error; 16 warnings emitted\n"
                }
              ],
              "repaired": [
                false
              ]
            }
          ]
        }
      ]
    }
  ]
}