{
  "name": "serde::__private::ser::content::<__private::ser::content::ContentSerializer<E> as ser::Serializer>::serialize_char",
  "name_with_impl": "serde::__private::ser::content::{impl#6}::serialize_char",
  "mod_info": {
    "name": "__private::ser::content",
    "loc": "serde/src/private/ser.rs:337:1:987:2"
  },
  "visible": true,
  "loc": "serde/src/private/ser.rs:616:9:618:10",
  "fn_tests": [
    {
      "chain_id": 1,
      "prompt_conds": [
        "// expected return value/type: Ok(Content::Char(v))\n"
      ],
      "input_infer": "",
      "answers": [
        {
          "uses": [],
          "has_test_mod": false,
          "common": [
            "#[derive(Debug)]",
            "struct Content {",
            "    ch: char,",
            "}",
            "",
            "impl Content {",
            "    fn Char(v: char) -> Self {",
            "        Content { ch: v }",
            "    }",
            "}",
            "",
            "struct TestSerializer;",
            "",
            "impl TestSerializer {",
            "    fn serialize_char(self, v: char) -> Result<Content, &'static str> {",
            "        Ok(Content::Char(v))",
            "    }",
            "}"
          ],
          "chain_tests": [
            {
              "attrs": [],
              "prefix": [],
              "oracles": [],
              "codes": [
                [
                  "{",
                  "    let serializer = TestSerializer;",
                  "",
                  "    // Test with a typical character",
                  "    let result = serializer.serialize_char('a');",
                  "    assert_eq!(result.unwrap().ch, 'a');",
                  "",
                  "    // Test with special character",
                  "    let result = serializer.serialize_char('!');",
                  "    assert_eq!(result.unwrap().ch, '!');",
                  "",
                  "    // Test with whitespace character",
                  "    let result = serializer.serialize_char(' ');",
                  "    assert_eq!(result.unwrap().ch, ' ');",
                  "",
                  "    // Test with Unicode character",
                  "    let result = serializer.serialize_char('ðŸ˜Š');",
                  "    assert_eq!(result.unwrap().ch, 'ðŸ˜Š');",
                  "",
                  "    // Test with a newline character",
                  "    let result = serializer.serialize_char('\\n');",
                  "    assert_eq!(result.unwrap().ch, '\\n');",
                  "",
                  "    // Test with a tab character",
                  "    let result = serializer.serialize_char('\\t');",
                  "    assert_eq!(result.unwrap().ch, '\\t');",
                  "}"
                ]
              ],
              "can_compile": [
                {
                  "Err": "   Compiling proc-macro2 v1.0.95\n   Compiling syn v1.0.109\n   Compiling serde_derive v1.0.219 (/home/abezbm/rust-utgen-test-crates-new/serde/serde_derive)\n   Compiling serde v1.0.219 (/home/abezbm/rust-utgen-test-crates-new/serde/serde)\n   Compiling quote v1.0.40\n   Compiling syn v2.0.100\n   Compiling ntest_test_cases v0.9.3\n   Compiling ntest_timeout v0.9.3\n   Compiling ntest v0.9.3\nwarning: unused import: `ntest::timeout`\n   --> serde/src/private/ser.rs:991:8\n    |\n991 |    use ntest::timeout;\n    |        ^^^^^^^^^^^^^^\n    |\n    = note: `#[warn(unused_imports)]` on by default\n\nerror[E0382]: use of moved value: `serializer`\n    --> serde/src/private/ser.rs:1021:18\n     |\n1014 |     let serializer = TestSerializer;\n     |         ---------- move occurs because `serializer` has type `TestSerializer`, which does not implement the `Copy` trait\n...\n1017 |     let result = serializer.serialize_char('a');\n     |                             ------------------- `serializer` moved due to this method call\n...\n1021 |     let result = serializer.serialize_char('!');\n     |                  ^^^^^^^^^^ value used here after move\n     |\nnote: `TestSerializer::serialize_char` takes ownership of the receiver `self`, which moves `serializer`\n    --> serde/src/private/ser.rs:1006:23\n     |\n1006 |     fn serialize_char(self, v: char) -> Result<Content, &'static str> {\n     |                       ^^^^\n\nerror[E0382]: use of moved value: `serializer`\n    --> serde/src/private/ser.rs:1025:18\n     |\n1014 |     let serializer = TestSerializer;\n     |         ---------- move occurs because `serializer` has type `TestSerializer`, which does not implement the `Copy` trait\n...\n1021 |     let result = serializer.serialize_char('!');\n     |                             ------------------- `serializer` moved due to this method call\n...\n1025 |     let result = serializer.serialize_char(' ');\n     |                  ^^^^^^^^^^ value used here after move\n\nerror[E0382]: use of moved value: `serializer`\n    --> serde/src/private/ser.rs:1029:18\n     |\n1014 |     let serializer = TestSerializer;\n     |         ---------- move occurs because `serializer` has type `TestSerializer`, which does not implement the `Copy` trait\n...\n1025 |     let result = serializer.serialize_char(' ');\n     |                             ------------------- `serializer` moved due to this method call\n...\n1029 |     let result = serializer.serialize_char('ðŸ˜Š');\n     |                  ^^^^^^^^^^ value used here after move\n\nerror[E0382]: use of moved value: `serializer`\n    --> serde/src/private/ser.rs:1033:18\n     |\n1014 |     let serializer = TestSerializer;\n     |         ---------- move occurs because `serializer` has type `TestSerializer`, which does not implement the `Copy` trait\n...\n1029 |     let result = serializer.serialize_char('ðŸ˜Š');\n     |                             -------------------- `serializer` moved due to this method call\n...\n1033 |     let result = serializer.serialize_char('\\n');\n     |                  ^^^^^^^^^^ value used here after move\n\nerror[E0382]: use of moved value: `serializer`\n    --> serde/src/private/ser.rs:1037:18\n     |\n1014 |     let serializer = TestSerializer;\n     |         ---------- move occurs because `serializer` has type `TestSerializer`, which does not implement the `Copy` trait\n...\n1033 |     let result = serializer.serialize_char('\\n');\n     |                             -------------------- `serializer` moved due to this method call\n...\n1037 |     let result = serializer.serialize_char('\\t');\n     |                  ^^^^^^^^^^ value used here after move\n\nFor more information about this error, try `rustc --explain E0382`.\nwarning: `serde` (lib test) generated 1 warning\nerror: could not compile `serde` (lib test) due to 5 previous errors; 1 warning emitted\n"
                }
              ],
              "repaired": [
                false
              ]
            }
          ]
        }
      ]
    }
  ]
}