{
  "name": "serde::__private::ser::<__private::ser::TaggedSerializer<S> as ser::Serializer>::serialize_newtype_variant",
  "name_with_impl": "serde::__private::ser::{impl#2}::serialize_newtype_variant",
  "mod_info": {
    "name": "__private::ser",
    "loc": "serde/src/private/mod.rs:4:1:4:13"
  },
  "visible": true,
  "loc": "serde/src/private/ser.rs:217:5:231:6",
  "fn_tests": [
    {
      "chain_id": 1,
      "prompt_conds": [
        "// constraint: self.delegate.serialize_map(Some(2)) matches Err(err) is true\n",
        "// expected return value/type: Err(err)\n"
      ],
      "input_infer": "",
      "answers": [
        {
          "uses": [],
          "has_test_mod": false,
          "common": [],
          "chain_tests": [
            {
              "attrs": [],
              "prefix": [],
              "oracles": [],
              "codes": [
                [
                  "{",
                  "    struct Delegate;",
                  "",
                  "    impl Delegate {",
                  "        fn serialize_map(&mut self, _: Option<usize>) -> Result<FakeMap, &'static str> {",
                  "            Err(\"serialization error\")",
                  "        }",
                  "    }",
                  "",
                  "    struct Serializer {",
                  "        delegate: Delegate,",
                  "        tag: &'static str,",
                  "        variant_name: &'static str,",
                  "    }",
                  "",
                  "    impl Serializer {",
                  "        fn new(delegate: Delegate, tag: &'static str, variant_name: &'static str) -> Self {",
                  "            Serializer { delegate, tag, variant_name }",
                  "        }",
                  "",
                  "        fn serialize_newtype_variant<T>(",
                  "            self,",
                  "            _: &'static str,",
                  "            _: u32,",
                  "            inner_variant: &'static str,",
                  "            inner_value: &T,",
                  "        ) -> Result<(), &'static str>",
                  "        where",
                  "            T: ?Sized + serde::Serialize,",
                  "        {",
                  "            let mut map = self.delegate.serialize_map(Some(2))?;",
                  "            map.serialize_entry(self.tag, self.variant_name)?;",
                  "            map.serialize_entry(inner_variant, inner_value)?;",
                  "            Ok(())",
                  "        }",
                  "    }",
                  "",
                  "    struct FakeMap;",
                  "",
                  "    impl FakeMap {",
                  "        fn serialize_entry<K, V>(&mut self, _: K, _: V) -> Result<(), &'static str> {",
                  "            Ok(())",
                  "        }",
                  "        ",
                  "        fn end(self) -> Result<(), &'static str> {",
                  "            Ok(())",
                  "        }",
                  "    }",
                  "",
                  "    let delegate = Delegate;",
                  "    let serializer = Serializer::new(delegate, \"tag\", \"variant_name\");",
                  "    ",
                  "    let result = serializer.serialize_newtype_variant(\"newtype\", 0, \"inner_variant\", &42);",
                  "    ",
                  "    assert_eq!(result, Err(\"serialization error\"));",
                  "}"
                ]
              ],
              "can_compile": [
                {
                  "Err": "   Compiling proc-macro2 v1.0.95\n   Compiling syn v1.0.109\n   Compiling serde_derive v1.0.219 (/home/abezbm/rust-utgen-test-crates-new/serde/serde_derive)\n   Compiling serde v1.0.219 (/home/abezbm/rust-utgen-test-crates-new/serde/serde)\n   Compiling quote v1.0.40\n   Compiling syn v2.0.100\n   Compiling ntest_test_cases v0.9.3\n   Compiling ntest_timeout v0.9.3\n   Compiling ntest v0.9.3\nwarning: unused import: `ntest::timeout`\n    --> serde/src/private/ser.rs:1368:8\n     |\n1368 |    use ntest::timeout;\n     |        ^^^^^^^^^^^^^^\n     |\n     = note: `#[warn(unused_imports)]` on by default\n\nerror[E0433]: failed to resolve: use of undeclared crate or module `serde`\n    --> serde/src/private/ser.rs:1399:25\n     |\n1399 |             T: ?Sized + serde::Serialize,\n     |                         ^^^^^ use of undeclared crate or module `serde`\n\nFor more information about this error, try `rustc --explain E0433`.\nwarning: `serde` (lib test) generated 1 warning\nerror: could not compile `serde` (lib test) due to 1 previous error; 1 warning emitted\n"
                }
              ],
              "repaired": [
                false
              ]
            }
          ]
        }
      ]
    },
    {
      "chain_id": 2,
      "prompt_conds": [
        "// constraint: self.delegate.serialize_map(Some(2)) matches Ok(val) is true\n",
        "// constraint: map.serialize_entry(self.tag, self.variant_name) matches Err(err) is true\n",
        "// expected return value/type: Err(err)\n"
      ],
      "input_infer": "",
      "answers": [
        {
          "uses": [],
          "has_test_mod": false,
          "common": [
            "#[derive(Debug)]",
            "struct MockDelegate;",
            "",
            "impl MockDelegate {",
            "    fn serialize_map(&self, _: Option<usize>) -> Result<MockMap, String> {",
            "        Ok(MockMap)",
            "    }",
            "}",
            "",
            "struct MockMap;",
            "",
            "impl MockMap {",
            "    fn serialize_entry(&mut self, _: &'static str, _: &'static str) -> Result<(), String> {",
            "        Err(\"Serialization error\".to_string())",
            "    }",
            "",
            "    fn end(self) -> Result<(), String> {",
            "        Ok(())",
            "    }",
            "}",
            "",
            "struct Serializer {",
            "    delegate: MockDelegate,",
            "    tag: &'static str,",
            "    variant_name: &'static str,",
            "}",
            "",
            "impl Serializer {",
            "    fn serialize_newtype_variant<T>(",
            "        self,",
            "        _: &'static str,",
            "        _: u32,",
            "        inner_variant: &'static str,",
            "        inner_value: &T,",
            "    ) -> Result<(), String>",
            "    where",
            "        T: ?Sized + serde::ser::Serialize,",
            "    {",
            "        let mut map = self.delegate.serialize_map(Some(2))?;",
            "        map.serialize_entry(self.tag, self.variant_name)?;",
            "        map.serialize_entry(inner_variant, inner_value)?;",
            "        map.end()",
            "    }",
            "}"
          ],
          "chain_tests": [
            {
              "attrs": [],
              "prefix": [],
              "oracles": [],
              "codes": [
                [
                  "{",
                  "    let serializer = Serializer {",
                  "        delegate: MockDelegate,",
                  "        tag: \"tag\",",
                  "        variant_name: \"variant_name\",",
                  "    };",
                  "    let result = serializer.serialize_newtype_variant(\"newtype\", 0, \"inner_variant\", &\"inner_value\");",
                  "    assert!(result.is_err());",
                  "}"
                ]
              ],
              "can_compile": [
                {
                  "Err": "   Compiling proc-macro2 v1.0.95\n   Compiling syn v1.0.109\n   Compiling serde_derive v1.0.219 (/home/abezbm/rust-utgen-test-crates-new/serde/serde_derive)\n   Compiling serde v1.0.219 (/home/abezbm/rust-utgen-test-crates-new/serde/serde)\n   Compiling quote v1.0.40\n   Compiling syn v2.0.100\n   Compiling ntest_test_cases v0.9.3\n   Compiling ntest_timeout v0.9.3\n   Compiling ntest v0.9.3\nerror[E0433]: failed to resolve: use of undeclared crate or module `serde`\n    --> serde/src/private/ser.rs:1405:21\n     |\n1405 |         T: ?Sized + serde::ser::Serialize,\n     |                     ^^^^^ use of undeclared crate or module `serde`\n     |\nhelp: consider importing one of these modules\n     |\n1367 +    use crate::__private::ser;\n     |\n1367 +    use crate::ser;\n     |\nhelp: if you import `ser`, refer to it directly\n     |\n1405 -         T: ?Sized + serde::ser::Serialize,\n1405 +         T: ?Sized + ser::Serialize,\n     |\n\nwarning: unused import: `ntest::timeout`\n    --> serde/src/private/ser.rs:1368:8\n     |\n1368 |    use ntest::timeout;\n     |        ^^^^^^^^^^^^^^\n     |\n     = note: `#[warn(unused_imports)]` on by default\n\nFor more information about this error, try `rustc --explain E0433`.\nwarning: `serde` (lib test) generated 1 warning\nerror: could not compile `serde` (lib test) due to 1 previous error; 1 warning emitted\n"
                }
              ],
              "repaired": [
                false
              ]
            }
          ]
        }
      ]
    },
    {
      "chain_id": 3,
      "prompt_conds": [
        "// constraint: self.delegate.serialize_map(Some(2)) matches Ok(val) is true\n",
        "// constraint: map.serialize_entry(self.tag, self.variant_name) matches Ok(val) is true\n",
        "// constraint: map.serialize_entry(inner_variant, inner_value) matches Err(err) is true\n",
        "// expected return value/type: Err(err)\n"
      ],
      "input_infer": "",
      "answers": [
        {
          "uses": [],
          "has_test_mod": false,
          "common": [
            "#[derive(Debug)]",
            "struct DummySerializer;",
            "",
            "impl DummySerializer {",
            "    fn serialize_map(&self, _: Option<usize>) -> Result<DummyMap, ()> {",
            "        Ok(DummyMap::new())",
            "    }",
            "}",
            "",
            "struct DummyMap {",
            "    entries: Vec<(String, String)>,",
            "}",
            "",
            "impl DummyMap {",
            "    fn new() -> Self {",
            "        DummyMap { entries: Vec::new() }",
            "    }",
            "",
            "    fn serialize_entry<T: ToString, U: ToString>(&mut self, key: T, value: U) -> Result<(), ()> {",
            "        if key.to_string() == \"inner\" && value.to_string() == \"value\" {",
            "            return Err(());",
            "        }",
            "        self.entries.push((key.to_string(), value.to_string()));",
            "        Ok(())",
            "    }",
            "",
            "    fn end(self) -> Result<(), ()> {",
            "        Ok(())",
            "    }",
            "}",
            "",
            "struct SerializerContext {",
            "    delegate: DummySerializer,",
            "    tag: &'static str,",
            "    variant_name: &'static str,",
            "}",
            "",
            "impl SerializerContext {",
            "    fn new() -> Self {",
            "        SerializerContext {",
            "            delegate: DummySerializer,",
            "            tag: \"tag\",",
            "            variant_name: \"variant_name\",",
            "        }",
            "    }",
            "",
            "    fn serialize_newtype_variant<T>(",
            "        self,",
            "        _: &'static str,",
            "        _: u32,",
            "        inner_variant: &'static str,",
            "        inner_value: &T,",
            "    ) -> Result<(), ()>",
            "    where",
            "        T: ?Sized + ToString,",
            "    {",
            "        let mut map = self.delegate.serialize_map(Some(2))?;",
            "        map.serialize_entry(self.tag, self.variant_name)?;",
            "        map.serialize_entry(inner_variant, inner_value)?;",
            "        map.end()",
            "    }",
            "}"
          ],
          "chain_tests": [
            {
              "attrs": [],
              "prefix": [],
              "oracles": [],
              "codes": [
                [
                  "{",
                  "    let context = SerializerContext::new();",
                  "    let result = context.serialize_newtype_variant(\"test\", 0, \"inner\", &\"value\");",
                  "    assert!(result.is_err());",
                  "}"
                ]
              ],
              "can_compile": [
                {
                  "Err": "   Compiling proc-macro2 v1.0.95\n   Compiling syn v1.0.109\n   Compiling serde_derive v1.0.219 (/home/abezbm/rust-utgen-test-crates-new/serde/serde_derive)\n   Compiling serde v1.0.219 (/home/abezbm/rust-utgen-test-crates-new/serde/serde)\n   Compiling quote v1.0.40\n   Compiling syn v2.0.100\n   Compiling ntest_timeout v0.9.3\n   Compiling ntest_test_cases v0.9.3\n   Compiling ntest v0.9.3\nwarning: unused import: `ntest::timeout`\n    --> serde/src/private/ser.rs:1368:8\n     |\n1368 |    use ntest::timeout;\n     |        ^^^^^^^^^^^^^^\n     |\n     = note: `#[warn(unused_imports)]` on by default\n\nerror[E0277]: the trait bound `&T: std::string::ToString` is not satisfied\n    --> serde/src/private/ser.rs:1427:44\n     |\n1427 |         map.serialize_entry(inner_variant, inner_value)?;\n     |             ---------------                ^^^^^^^^^^^ the trait `std::fmt::Display` is not implemented for `T`, which is required by `&T: std::string::ToString`\n     |             |\n     |             required by a bound introduced by this call\n     |\n     = note: required for `&T` to implement `std::fmt::Display`\n     = note: required for `&T` to implement `std::string::ToString`\nnote: required by a bound in `DummyMap::serialize_entry`\n    --> serde/src/private/ser.rs:1387:40\n     |\n1387 |     fn serialize_entry<T: ToString, U: ToString>(&mut self, key: T, value: U) -> Result<(), ()> {\n     |                                        ^^^^^^^^ required by this bound in `DummyMap::serialize_entry`\nhelp: consider further restricting this bound\n     |\n1423 |         T: ?Sized + ToString + std::fmt::Display,\n     |                              +++++++++++++++++++\n\nFor more information about this error, try `rustc --explain E0277`.\nwarning: `serde` (lib test) generated 1 warning\nerror: could not compile `serde` (lib test) due to 1 previous error; 1 warning emitted\n"
                }
              ],
              "repaired": [
                false
              ]
            }
          ]
        }
      ]
    },
    {
      "chain_id": 4,
      "prompt_conds": [
        "// constraint: self.delegate.serialize_map(Some(2)) matches Ok(val) is true\n",
        "// constraint: map.serialize_entry(self.tag, self.variant_name) matches Ok(val) is true\n",
        "// constraint: map.serialize_entry(inner_variant, inner_value) matches Ok(val) is true\n"
      ],
      "input_infer": "",
      "answers": [
        {
          "uses": [],
          "has_test_mod": false,
          "common": [
            "#[derive(serde::Serialize)]",
            "struct TestValue {",
            "    value: String,",
            "}",
            "",
            "struct TestSerializer;",
            "",
            "impl TestSerializer {",
            "    fn serialize_map(&self, _: Option<usize>) -> Result<TestMap, &'static str> {",
            "        Ok(TestMap {})",
            "    }",
            "}",
            "",
            "struct TestMap;",
            "",
            "impl TestMap {",
            "    fn serialize_entry<K: serde::Serialize, V: serde::Serialize>(",
            "        &mut self,",
            "        _: K,",
            "        _: V,",
            "    ) -> Result<(), &'static str> {",
            "        Ok(())",
            "    }",
            "    ",
            "    fn end(self) -> Result<(), &'static str> {",
            "        Ok(())",
            "    }",
            "}",
            "",
            "struct Test {",
            "    tag: &'static str,",
            "    variant_name: &'static str,",
            "    delegate: TestSerializer,",
            "}",
            "",
            "impl Test {",
            "    fn serialize_newtype_variant<T>(",
            "        self,",
            "        _: &'static str,",
            "        _: u32,",
            "        inner_variant: &'static str,",
            "        inner_value: &T,",
            "    ) -> Result<(), &'static str>",
            "    where",
            "        T: ?Sized + serde::Serialize,",
            "    {",
            "        let mut map = self.delegate.serialize_map(Some(2))?;",
            "        map.serialize_entry(self.tag, self.variant_name)?;",
            "        map.serialize_entry(inner_variant, inner_value)?;",
            "        map.end()",
            "    }",
            "}"
          ],
          "chain_tests": [
            {
              "attrs": [],
              "prefix": [],
              "oracles": [],
              "codes": [
                [
                  "{",
                  "    let test_serializer = TestSerializer {};",
                  "    let test_struct = Test {",
                  "        tag: \"test_tag\",",
                  "        variant_name: \"test_variant\",",
                  "        delegate: test_serializer,",
                  "    };",
                  "    ",
                  "    let inner_value = TestValue { value: String::from(\"test_value\") };",
                  "    ",
                  "    let result = test_struct.serialize_newtype_variant(\"test\", 0, \"inner_variant\", &inner_value);",
                  "    ",
                  "    assert!(result.is_ok());",
                  "}"
                ]
              ],
              "can_compile": [
                {
                  "Err": "   Compiling proc-macro2 v1.0.95\n   Compiling syn v1.0.109\n   Compiling serde_derive v1.0.219 (/home/abezbm/rust-utgen-test-crates-new/serde/serde_derive)\n   Compiling serde v1.0.219 (/home/abezbm/rust-utgen-test-crates-new/serde/serde)\n   Compiling quote v1.0.40\n   Compiling syn v2.0.100\n   Compiling ntest_timeout v0.9.3\n   Compiling ntest_test_cases v0.9.3\n   Compiling ntest v0.9.3\nerror[E0433]: failed to resolve: use of undeclared crate or module `serde`\n    --> serde/src/private/ser.rs:1369:10\n     |\n1369 | #[derive(serde::Serialize)]\n     |          ^^^^^ use of undeclared crate or module `serde`\n\nwarning: unused import: `ntest::timeout`\n    --> serde/src/private/ser.rs:1368:8\n     |\n1368 |    use ntest::timeout;\n     |        ^^^^^^^^^^^^^^\n     |\n     = note: `#[warn(unused_imports)]` on by default\n\nerror[E0433]: failed to resolve: use of undeclared crate or module `serde`\n    --> serde/src/private/ser.rs:1385:27\n     |\n1385 |     fn serialize_entry<K: serde::Serialize, V: serde::Serialize>(\n     |                           ^^^^^ use of undeclared crate or module `serde`\n\nerror[E0433]: failed to resolve: use of undeclared crate or module `serde`\n    --> serde/src/private/ser.rs:1385:48\n     |\n1385 |     fn serialize_entry<K: serde::Serialize, V: serde::Serialize>(\n     |                                                ^^^^^ use of undeclared crate or module `serde`\n\nerror[E0433]: failed to resolve: use of undeclared crate or module `serde`\n    --> serde/src/private/ser.rs:1413:21\n     |\n1413 |         T: ?Sized + serde::Serialize,\n     |                     ^^^^^ use of undeclared crate or module `serde`\n\nFor more information about this error, try `rustc --explain E0433`.\nwarning: `serde` (lib test) generated 1 warning\nerror: could not compile `serde` (lib test) due to 4 previous errors; 1 warning emitted\n"
                }
              ],
              "repaired": [
                false
              ]
            },
            {
              "attrs": [
                "#[should_panic]"
              ],
              "prefix": [],
              "oracles": [],
              "codes": [
                [
                  "{",
                  "    // Simulating a panic situation (this can vary based on specific implementation details)",
                  "    struct PanickingSerializer;",
                  "",
                  "    impl PanickingSerializer {",
                  "        fn serialize_map(&self, _: Option<usize>) -> Result<TestMap, &'static str> {",
                  "            Err(\"panic\")",
                  "        }",
                  "    }",
                  "",
                  "    let test_struct = Test {",
                  "        tag: \"test_tag\",",
                  "        variant_name: \"test_variant\",",
                  "        delegate: PanickingSerializer {},",
                  "    };",
                  "",
                  "    let inner_value = TestValue { value: String::from(\"test_value\") };",
                  "    ",
                  "    test_struct.serialize_newtype_variant(\"test\", 0, \"inner_variant\", &inner_value).unwrap();",
                  "}"
                ]
              ],
              "can_compile": [
                {
                  "Err": "   Compiling proc-macro2 v1.0.95\n   Compiling syn v1.0.109\n   Compiling serde_derive v1.0.219 (/home/abezbm/rust-utgen-test-crates-new/serde/serde_derive)\n   Compiling serde v1.0.219 (/home/abezbm/rust-utgen-test-crates-new/serde/serde)\n   Compiling quote v1.0.40\n   Compiling syn v2.0.100\n   Compiling ntest_timeout v0.9.3\n   Compiling ntest_test_cases v0.9.3\n   Compiling ntest v0.9.3\nerror[E0433]: failed to resolve: use of undeclared crate or module `serde`\n    --> serde/src/private/ser.rs:1369:10\n     |\n1369 | #[derive(serde::Serialize)]\n     |          ^^^^^ use of undeclared crate or module `serde`\n\nwarning: unused import: `ntest::timeout`\n    --> serde/src/private/ser.rs:1368:8\n     |\n1368 |    use ntest::timeout;\n     |        ^^^^^^^^^^^^^^\n     |\n     = note: `#[warn(unused_imports)]` on by default\n\nerror[E0433]: failed to resolve: use of undeclared crate or module `serde`\n    --> serde/src/private/ser.rs:1385:27\n     |\n1385 |     fn serialize_entry<K: serde::Serialize, V: serde::Serialize>(\n     |                           ^^^^^ use of undeclared crate or module `serde`\n\nerror[E0433]: failed to resolve: use of undeclared crate or module `serde`\n    --> serde/src/private/ser.rs:1385:48\n     |\n1385 |     fn serialize_entry<K: serde::Serialize, V: serde::Serialize>(\n     |                                                ^^^^^ use of undeclared crate or module `serde`\n\nerror[E0433]: failed to resolve: use of undeclared crate or module `serde`\n    --> serde/src/private/ser.rs:1413:21\n     |\n1413 |         T: ?Sized + serde::Serialize,\n     |                     ^^^^^ use of undeclared crate or module `serde`\n\nFor more information about this error, try `rustc --explain E0433`.\nwarning: `serde` (lib test) generated 1 warning\nerror: could not compile `serde` (lib test) due to 4 previous errors; 1 warning emitted\n"
                }
              ],
              "repaired": [
                false
              ]
            },
            {
              "attrs": [
                "#[should_panic]"
              ],
              "prefix": [],
              "oracles": [],
              "codes": [
                [
                  "{",
                  "    struct FailingMap;",
                  "",
                  "    impl FailingMap {",
                  "        fn serialize_entry<K: serde::Serialize, V: serde::Serialize>(",
                  "            &mut self,",
                  "            _: K,",
                  "            _: V,",
                  "        ) -> Result<(), &'static str> {",
                  "            Err(\"entry failed\")",
                  "        }",
                  "        ",
                  "        fn end(self) -> Result<(), &'static str> {",
                  "            Ok(())",
                  "        }",
                  "    }",
                  "",
                  "    struct FailingSerializer;",
                  "",
                  "    impl FailingSerializer {",
                  "        fn serialize_map(&self, _: Option<usize>) -> Result<FailingMap, &'static str> {",
                  "            Ok(FailingMap {})",
                  "        }",
                  "    }",
                  "",
                  "    let test_struct = Test {",
                  "        tag: \"test_tag\",",
                  "        variant_name: \"test_variant\",",
                  "        delegate: FailingSerializer {},",
                  "    };",
                  "",
                  "    let inner_value = TestValue { value: String::from(\"test_value\") };",
                  "    ",
                  "    test_struct.serialize_newtype_variant(\"test\", 0, \"inner_variant\", &inner_value).unwrap();",
                  "}"
                ]
              ],
              "can_compile": [
                {
                  "Err": "   Compiling proc-macro2 v1.0.95\n   Compiling syn v1.0.109\n   Compiling serde_derive v1.0.219 (/home/abezbm/rust-utgen-test-crates-new/serde/serde_derive)\n   Compiling serde v1.0.219 (/home/abezbm/rust-utgen-test-crates-new/serde/serde)\n   Compiling quote v1.0.40\n   Compiling syn v2.0.100\n   Compiling ntest_timeout v0.9.3\n   Compiling ntest_test_cases v0.9.3\n   Compiling ntest v0.9.3\nerror[E0433]: failed to resolve: use of undeclared crate or module `serde`\n    --> serde/src/private/ser.rs:1369:10\n     |\n1369 | #[derive(serde::Serialize)]\n     |          ^^^^^ use of undeclared crate or module `serde`\n\nwarning: unused import: `ntest::timeout`\n    --> serde/src/private/ser.rs:1368:8\n     |\n1368 |    use ntest::timeout;\n     |        ^^^^^^^^^^^^^^\n     |\n     = note: `#[warn(unused_imports)]` on by default\n\nerror[E0433]: failed to resolve: use of undeclared crate or module `serde`\n    --> serde/src/private/ser.rs:1385:27\n     |\n1385 |     fn serialize_entry<K: serde::Serialize, V: serde::Serialize>(\n     |                           ^^^^^ use of undeclared crate or module `serde`\n\nerror[E0433]: failed to resolve: use of undeclared crate or module `serde`\n    --> serde/src/private/ser.rs:1385:48\n     |\n1385 |     fn serialize_entry<K: serde::Serialize, V: serde::Serialize>(\n     |                                                ^^^^^ use of undeclared crate or module `serde`\n\nerror[E0433]: failed to resolve: use of undeclared crate or module `serde`\n    --> serde/src/private/ser.rs:1413:21\n     |\n1413 |         T: ?Sized + serde::Serialize,\n     |                     ^^^^^ use of undeclared crate or module `serde`\n\nerror[E0433]: failed to resolve: use of undeclared crate or module `serde`\n    --> serde/src/private/ser.rs:1429:31\n     |\n1429 |         fn serialize_entry<K: serde::Serialize, V: serde::Serialize>(\n     |                               ^^^^^ use of undeclared crate or module `serde`\n\nerror[E0433]: failed to resolve: use of undeclared crate or module `serde`\n    --> serde/src/private/ser.rs:1429:52\n     |\n1429 |         fn serialize_entry<K: serde::Serialize, V: serde::Serialize>(\n     |                                                    ^^^^^ use of undeclared crate or module `serde`\n\nFor more information about this error, try `rustc --explain E0433`.\nwarning: `serde` (lib test) generated 1 warning\nerror: could not compile `serde` (lib test) due to 6 previous errors; 1 warning emitted\n"
                }
              ],
              "repaired": [
                false
              ]
            }
          ]
        }
      ]
    }
  ]
}