{
  "name": "serde::de::impls::de::impls::<impl de::Deserialize<'de> for std::net::SocketAddr>::deserialize",
  "name_with_impl": "serde::de::impls::{impl#25}::deserialize",
  "mod_info": {
    "name": "de::impls",
    "loc": "serde/src/de/mod.rs:122:1:122:11"
  },
  "visible": true,
  "loc": "serde/src/de/impls.rs:1754:5:1768:6",
  "fn_tests": [
    {
      "chain_id": 1,
      "prompt_conds": [
        "// constraint: deserializer.is_human_readable() is true\n"
      ],
      "input_infer": "",
      "answers": [
        {
          "uses": [
            "use serde::de::Visitor;",
            "use std::fmt;",
            "use std::str::FromStr;",
            "use std::net::SocketAddr;",
            "use serde::de;",
            "use serde::de::Deserializer;"
          ],
          "has_test_mod": false,
          "common": [],
          "chain_tests": [
            {
              "attrs": [],
              "prefix": [],
              "oracles": [],
              "codes": [
                [
                  "{",
                  "    use serde::de::{self, Deserializer, Visitor};",
                  "    use std::fmt;",
                  "    use std::str::FromStr;",
                  "    use std::net::SocketAddr;",
                  "",
                  "    struct MockDeserializer {",
                  "        human_readable: bool,",
                  "        input: &'static str,",
                  "    }",
                  "",
                  "    impl<'de> Deserializer<'de> for MockDeserializer {",
                  "        type Error = de::Error;",
                  "",
                  "        fn is_human_readable(&self) -> bool {",
                  "            self.human_readable",
                  "        }",
                  "",
                  "        fn deserialize_str<V>(self, visitor: V) -> Result<V::Value, Self::Error>",
                  "        where",
                  "            V: Visitor<'de>,",
                  "        {",
                  "            visitor.visit_str(self.input)",
                  "        }",
                  "",
                  "        // Other required methods for the Deserializer trait would be here,",
                  "        // but are left unimplemented for brevity.",
                  "    }",
                  "",
                  "    #[derive(Debug, PartialEq)]",
                  "    struct TestStruct {",
                  "        address: SocketAddr,",
                  "    }",
                  "",
                  "    impl TestStruct {",
                  "        fn deserialize<D>(deserializer: D) -> Result<Self, D::Error>",
                  "        where",
                  "            D: Deserializer<'de>,",
                  "        {",
                  "            if deserializer.is_human_readable() {",
                  "                deserializer.deserialize_str(FromStrVisitor::new(\"socket address\"))",
                  "            } else {",
                  "                // Equivalent to the original function body for other cases",
                  "                unimplemented!()",
                  "            }",
                  "        }",
                  "    }",
                  "",
                  "    struct FromStrVisitor;",
                  "",
                  "    impl FromStrVisitor {",
                  "        fn new(_field: &'static str) -> Self {",
                  "            FromStrVisitor",
                  "        }",
                  "    }",
                  "",
                  "    impl<'de> Visitor<'de> for FromStrVisitor {",
                  "        type Value = TestStruct;",
                  "",
                  "        fn expecting(&self, formatter: &mut fmt::Formatter) -> fmt::Result {",
                  "            formatter.write_str(\"a valid socket address\")",
                  "        }",
                  "",
                  "        fn visit_str<E>(self, value: &str) -> Result<Self::Value, E>",
                  "        where",
                  "            E: de::Error,",
                  "        {",
                  "            let address = SocketAddr::from_str(value).map_err(E::custom)?;",
                  "            Ok(TestStruct { address })",
                  "        }",
                  "    }",
                  "",
                  "    // Test with a valid human-readable input",
                  "    let valid_input = \"127.0.0.1:8080\";",
                  "    let deserializer = MockDeserializer {",
                  "        human_readable: true,",
                  "        input: valid_input,",
                  "    };",
                  "    let result: Result<TestStruct, _> = TestStruct::deserialize(deserializer);",
                  "    assert!(result.is_ok());",
                  "    assert_eq!(result.unwrap().address, \"127.0.0.1:8080\".parse::<SocketAddr>().unwrap());",
                  "",
                  "    // Test with an invalid human-readable input to trigger a potential panic.",
                  "    let invalid_input = \"invalid_socket_address\";",
                  "    let deserializer_invalid = MockDeserializer {",
                  "        human_readable: true,",
                  "        input: invalid_input,",
                  "    };",
                  "    let result_invalid: Result<TestStruct, _> = TestStruct::deserialize(deserializer_invalid);",
                  "    assert!(result_invalid.is_err());",
                  "}"
                ]
              ],
              "can_compile": [
                {
                  "Err": "   Compiling proc-macro2 v1.0.95\n   Compiling syn v1.0.109\n   Compiling serde_derive v1.0.219 (/home/abezbm/rust-utgen-test-crates-new/serde/serde_derive)\n   Compiling serde v1.0.219 (/home/abezbm/rust-utgen-test-crates-new/serde/serde)\n   Compiling quote v1.0.40\n   Compiling syn v2.0.100\n   Compiling ntest_timeout v0.9.3\n   Compiling ntest_test_cases v0.9.3\n   Compiling ntest v0.9.3\nerror[E0433]: failed to resolve: use of undeclared crate or module `serde`\n    --> serde/src/de/impls.rs:3181:9\n     |\n3181 |     use serde::de::{self, Deserializer, Visitor};\n     |         ^^^^^ use of undeclared crate or module `serde`\n\nerror[E0432]: unresolved import `serde`\n    --> serde/src/de/impls.rs:3181:9\n     |\n3181 |     use serde::de::{self, Deserializer, Visitor};\n     |         ^^^^^ use of undeclared crate or module `serde`\n\nerror[E0261]: use of undeclared lifetime name `'de`\n    --> serde/src/de/impls.rs:3217:29\n     |\n3217 |             D: Deserializer<'de>,\n     |                             ^^^ undeclared lifetime\n     |\n     = note: for more information on higher-ranked polymorphism, visit https://doc.rust-lang.org/nomicon/hrtb.html\nhelp: consider making the bound lifetime-generic with a new `'de` lifetime\n     |\n3217 |             D: for<'de> Deserializer<'de>,\n     |                ++++++++\nhelp: consider making the bound lifetime-generic with a new `'de` lifetime\n     |\n3217 |             for<'de> D: Deserializer<'de>,\n     |             ++++++++\nhelp: consider introducing lifetime `'de` here\n     |\n3215 |         fn deserialize<'de, D>(deserializer: D) -> Result<Self, D::Error>\n     |                        ++++\nhelp: consider introducing lifetime `'de` here\n     |\n3214 |     impl<'de> TestStruct {\n     |         +++++\n\nwarning: unused import: `ntest::timeout`\n    --> serde/src/de/impls.rs:3177:8\n     |\n3177 |    use ntest::timeout;\n     |        ^^^^^^^^^^^^^^\n     |\n     = note: `#[warn(unused_imports)]` on by default\n\nerror[E0220]: associated type `Value` not found for `V`\n    --> serde/src/de/impls.rs:3198:62\n     |\n3198 |         fn deserialize_str<V>(self, visitor: V) -> Result<V::Value, Self::Error>\n     |                                                              ^^^^^ associated type `Value` not found\n\nerror[E0223]: ambiguous associated type\n    --> serde/src/de/impls.rs:3198:69\n     |\n3198 |         fn deserialize_str<V>(self, visitor: V) -> Result<V::Value, Self::Error>\n     |                                                                     ^^^^^^^^^^^\n     |\nhelp: use fully-qualified syntax\n     |\n3198 |         fn deserialize_str<V>(self, visitor: V) -> Result<V::Value, <MockDeserializer as TryFrom>::Error>\n     |                                                                     ~~~~~~~~~~~~~~~~~~~~~~~~~~~~~~~~~~~~\n3198 |         fn deserialize_str<V>(self, visitor: V) -> Result<V::Value, <MockDeserializer as TryInto>::Error>\n     |                                                                     ~~~~~~~~~~~~~~~~~~~~~~~~~~~~~~~~~~~~\n\nerror[E0220]: associated type `Error` not found for `D`\n    --> serde/src/de/impls.rs:3215:63\n     |\n3215 |         fn deserialize<D>(deserializer: D) -> Result<Self, D::Error>\n     |                                                               ^^^^^ associated type `Error` not found\n\nerror[E0223]: ambiguous associated type\n    --> serde/src/de/impls.rs:3243:54\n     |\n3243 |         fn visit_str<E>(self, value: &str) -> Result<Self::Value, E>\n     |                                                      ^^^^^^^^^^^\n     |\nhelp: if there were a trait named `Example` with associated type `Value` implemented for `llmtests::test_deserialize_00::FromStrVisitor`, you could use the fully-qualified path\n     |\n3243 |         fn visit_str<E>(self, value: &str) -> Result<<llmtests::test_deserialize_00::FromStrVisitor as Example>::Value, E>\n     |                                                      ~~~~~~~~~~~~~~~~~~~~~~~~~~~~~~~~~~~~~~~~~~~~~~~~~~~~~~~~~~~~~~~~~\n\nSome errors have detailed explanations: E0220, E0223, E0261, E0432, E0433.\nFor more information about an error, try `rustc --explain E0220`.\nwarning: `serde` (lib test) generated 1 warning\nerror: could not compile `serde` (lib test) due to 7 previous errors; 1 warning emitted\n"
                }
              ],
              "repaired": [
                false
              ]
            }
          ]
        }
      ]
    },
    {
      "chain_id": 2,
      "prompt_conds": [
        "// constraint: deserializer.is_human_readable() is false\n"
      ],
      "input_infer": "",
      "answers": [
        {
          "uses": [],
          "has_test_mod": false,
          "common": [],
          "chain_tests": [
            {
              "attrs": [],
              "prefix": [],
              "oracles": [],
              "codes": [
                [
                  "{",
                  "    struct MockDeserializer {",
                  "        human_readable: bool,",
                  "    }",
                  "",
                  "    impl<'de> Deserializer<'de> for MockDeserializer {",
                  "        type Error = serde_json::Error;",
                  "",
                  "        fn is_human_readable(&self) -> bool {",
                  "            self.human_readable",
                  "        }",
                  "",
                  "        fn deserialize_enum<V>(",
                  "            self,",
                  "            _name: &'static str,",
                  "            _variants: &'static [&'static str],",
                  "            visitor: V,",
                  "        ) -> Result<V::Value, Self::Error>",
                  "        where",
                  "            V: serde::de::EnumVisitor<'de>,",
                  "        {",
                  "            visitor.visit_variant::<SocketAddrKind>(\"V4\")",
                  "        }",
                  "",
                  "        // Implement other methods as no-op or return defaults as needed",
                  "        // ...",
                  "    }",
                  "",
                  "    let mock_deserializer = MockDeserializer { human_readable: false };",
                  "    let result: Result<SocketAddr, _> = deserialize(mock_deserializer);",
                  "    assert!(result.is_ok());",
                  "}"
                ]
              ],
              "can_compile": [
                {
                  "Err": "   Compiling proc-macro2 v1.0.95\n   Compiling syn v1.0.109\n   Compiling serde_derive v1.0.219 (/home/abezbm/rust-utgen-test-crates-new/serde/serde_derive)\n   Compiling serde v1.0.219 (/home/abezbm/rust-utgen-test-crates-new/serde/serde)\n   Compiling quote v1.0.40\n   Compiling syn v2.0.100\n   Compiling ntest_timeout v0.9.3\n   Compiling ntest_test_cases v0.9.3\n   Compiling ntest v0.9.3\nerror[E0433]: failed to resolve: use of undeclared crate or module `serde`\n    --> serde/src/de/impls.rs:3199:16\n     |\n3199 |             V: serde::de::EnumVisitor<'de>,\n     |                ^^^^^ use of undeclared crate or module `serde`\n\nerror[E0412]: cannot find type `SocketAddrKind` in this scope\n    --> serde/src/de/impls.rs:3201:37\n     |\n3201 |             visitor.visit_variant::<SocketAddrKind>(\"V4\")\n     |                                     ^^^^^^^^^^^^^^ not found in this scope\n     |\nhelp: you might be missing a type parameter\n     |\n3185 |     impl<'de, SocketAddrKind> Deserializer<'de> for MockDeserializer {\n     |             ++++++++++++++++\n\nerror[E0412]: cannot find type `SocketAddr` in this scope\n    --> serde/src/de/impls.rs:3209:24\n     |\n3209 |     let result: Result<SocketAddr, _> = deserialize(mock_deserializer);\n     |                        ^^^^^^^^^^ not found in this scope\n     |\nhelp: consider importing one of these items\n     |\n3176 +    use crate::de::net::SocketAddr;\n     |\n3176 +    use std::net::SocketAddr;\n     |\n3176 +    use std::os::unix::net::SocketAddr;\n     |\n3176 +    use core::net::SocketAddr;\n     |\n\nwarning: unused import: `ntest::timeout`\n    --> serde/src/de/impls.rs:3177:8\n     |\n3177 |    use ntest::timeout;\n     |        ^^^^^^^^^^^^^^\n     |\n     = note: `#[warn(unused_imports)]` on by default\n\nerror[E0220]: associated type `Value` not found for `V`\n    --> serde/src/de/impls.rs:3197:24\n     |\n3197 |         ) -> Result<V::Value, Self::Error>\n     |                        ^^^^^ associated type `Value` not found\n\nerror[E0433]: failed to resolve: use of undeclared crate or module `serde_json`\n    --> serde/src/de/impls.rs:3186:22\n     |\n3186 |         type Error = serde_json::Error;\n     |                      ^^^^^^^^^^ use of undeclared crate or module `serde_json`\n\nerror[E0425]: cannot find function `deserialize` in this scope\n    --> serde/src/de/impls.rs:3209:41\n     |\n3209 |     let result: Result<SocketAddr, _> = deserialize(mock_deserializer);\n     |                                         ^^^^^^^^^^^ not found in this scope\n\nSome errors have detailed explanations: E0220, E0412, E0425, E0433.\nFor more information about an error, try `rustc --explain E0220`.\nwarning: `serde` (lib test) generated 1 warning\nerror: could not compile `serde` (lib test) due to 6 previous errors; 1 warning emitted\n"
                }
              ],
              "repaired": [
                false
              ]
            },
            {
              "attrs": [],
              "prefix": [],
              "oracles": [],
              "codes": [
                [
                  "{",
                  "    struct MockDeserializer {",
                  "        human_readable: bool,",
                  "    }",
                  "",
                  "    impl<'de> Deserializer<'de> for MockDeserializer {",
                  "        type Error = serde_json::Error;",
                  "",
                  "        fn is_human_readable(&self) -> bool {",
                  "            self.human_readable",
                  "        }",
                  "",
                  "        fn deserialize_enum<V>(",
                  "            self,",
                  "            _name: &'static str,",
                  "            _variants: &'static [&'static str],",
                  "            visitor: V,",
                  "        ) -> Result<V::Value, Self::Error>",
                  "        where",
                  "            V: serde::de::EnumVisitor<'de>,",
                  "        {",
                  "            visitor.visit_variant::<SocketAddrKind>(\"V6\")",
                  "        }",
                  "",
                  "        // Implement other methods as no-op or return defaults as needed",
                  "        // ...",
                  "    }",
                  "",
                  "    let mock_deserializer = MockDeserializer { human_readable: false };",
                  "    let result: Result<SocketAddr, _> = deserialize(mock_deserializer);",
                  "    assert!(result.is_ok());",
                  "}"
                ]
              ],
              "can_compile": [
                {
                  "Err": "   Compiling proc-macro2 v1.0.95\n   Compiling syn v1.0.109\n   Compiling serde_derive v1.0.219 (/home/abezbm/rust-utgen-test-crates-new/serde/serde_derive)\n   Compiling serde v1.0.219 (/home/abezbm/rust-utgen-test-crates-new/serde/serde)\n   Compiling quote v1.0.40\n   Compiling syn v2.0.100\n   Compiling ntest_test_cases v0.9.3\n   Compiling ntest_timeout v0.9.3\n   Compiling ntest v0.9.3\nerror[E0433]: failed to resolve: use of undeclared crate or module `serde`\n    --> serde/src/de/impls.rs:3199:16\n     |\n3199 |             V: serde::de::EnumVisitor<'de>,\n     |                ^^^^^ use of undeclared crate or module `serde`\n\nerror[E0412]: cannot find type `SocketAddrKind` in this scope\n    --> serde/src/de/impls.rs:3201:37\n     |\n3201 |             visitor.visit_variant::<SocketAddrKind>(\"V6\")\n     |                                     ^^^^^^^^^^^^^^ not found in this scope\n     |\nhelp: you might be missing a type parameter\n     |\n3185 |     impl<'de, SocketAddrKind> Deserializer<'de> for MockDeserializer {\n     |             ++++++++++++++++\n\nerror[E0412]: cannot find type `SocketAddr` in this scope\n    --> serde/src/de/impls.rs:3209:24\n     |\n3209 |     let result: Result<SocketAddr, _> = deserialize(mock_deserializer);\n     |                        ^^^^^^^^^^ not found in this scope\n     |\nhelp: consider importing one of these items\n     |\n3176 +    use crate::de::net::SocketAddr;\n     |\n3176 +    use std::net::SocketAddr;\n     |\n3176 +    use std::os::unix::net::SocketAddr;\n     |\n3176 +    use core::net::SocketAddr;\n     |\n\nwarning: unused import: `ntest::timeout`\n    --> serde/src/de/impls.rs:3177:8\n     |\n3177 |    use ntest::timeout;\n     |        ^^^^^^^^^^^^^^\n     |\n     = note: `#[warn(unused_imports)]` on by default\n\nerror[E0220]: associated type `Value` not found for `V`\n    --> serde/src/de/impls.rs:3197:24\n     |\n3197 |         ) -> Result<V::Value, Self::Error>\n     |                        ^^^^^ associated type `Value` not found\n\nerror[E0433]: failed to resolve: use of undeclared crate or module `serde_json`\n    --> serde/src/de/impls.rs:3186:22\n     |\n3186 |         type Error = serde_json::Error;\n     |                      ^^^^^^^^^^ use of undeclared crate or module `serde_json`\n\nerror[E0425]: cannot find function `deserialize` in this scope\n    --> serde/src/de/impls.rs:3209:41\n     |\n3209 |     let result: Result<SocketAddr, _> = deserialize(mock_deserializer);\n     |                                         ^^^^^^^^^^^ not found in this scope\n\nSome errors have detailed explanations: E0220, E0412, E0425, E0433.\nFor more information about an error, try `rustc --explain E0220`.\nwarning: `serde` (lib test) generated 1 warning\nerror: could not compile `serde` (lib test) due to 6 previous errors; 1 warning emitted\n"
                }
              ],
              "repaired": [
                false
              ]
            }
          ]
        }
      ]
    }
  ]
}