{
  "name": "serde::__private::de::content::<__private::de::content::InternallyTaggedUnitVisitor<'a> as de::Visitor<'de>>::expecting",
  "name_with_impl": "serde::__private::de::content::{impl#31}::expecting",
  "mod_info": {
    "name": "__private::de::content",
    "loc": "serde/src/private/de.rs:198:1:2358:2"
  },
  "visible": true,
  "loc": "serde/src/private/de.rs:2291:9:2297:10",
  "fn_tests": [
    {
      "chain_id": 1,
      "prompt_conds": [],
      "input_infer": "",
      "answers": [
        {
          "uses": [
            "use std::fmt;"
          ],
          "has_test_mod": true,
          "common": [
            "    struct TestStruct<'a> {",
            "        type_name: &'a str,",
            "        variant_name: &'a str,",
            "    }",
            "",
            "    impl<'a> TestStruct<'a> {",
            "        fn expecting(&self, formatter: &mut fmt::Formatter) -> fmt::Result {",
            "            write!(",
            "                formatter,",
            "                \"unit variant {}::{}\",",
            "                self.type_name, self.variant_name",
            "            )",
            "        }",
            "    }"
          ],
          "chain_tests": [
            {
              "attrs": [],
              "prefix": [],
              "oracles": [],
              "codes": [
                [
                  "{",
                  "        let instance = TestStruct {",
                  "            type_name: \"TypeName\",",
                  "            variant_name: \"VariantName\",",
                  "        };",
                  "        let mut output = String::new();",
                  "        let result = instance.expecting(&mut fmt::Formatter::new(&mut output));",
                  "",
                  "        assert!(result.is_ok());",
                  "        assert_eq!(output, \"unit variant TypeName::VariantName\");",
                  "    }"
                ]
              ],
              "can_compile": [
                {
                  "Err": "   Compiling proc-macro2 v1.0.95\n   Compiling syn v1.0.109\n   Compiling serde_derive v1.0.219 (/home/abezbm/rust-utgen-test-crates-new/serde/serde_derive)\n   Compiling serde v1.0.219 (/home/abezbm/rust-utgen-test-crates-new/serde/serde)\n   Compiling quote v1.0.40\n   Compiling syn v2.0.100\n   Compiling ntest_timeout v0.9.3\n   Compiling ntest_test_cases v0.9.3\n   Compiling ntest v0.9.3\nwarning: unused import: `ntest::timeout`\n    --> serde/src/private/de.rs:2362:8\n     |\n2362 |    use ntest::timeout;\n     |        ^^^^^^^^^^^^^^\n     |\n     = note: `#[warn(unused_imports)]` on by default\n\nerror[E0658]: use of unstable library feature 'fmt_internals': internal to standard library\n    --> serde/src/private/de.rs:2386:46\n     |\n2386 |         let result = instance.expecting(&mut fmt::Formatter::new(&mut output));\n     |                                              ^^^^^^^^^^^^^^^^^^^\n     |\n     = help: add `#![feature(fmt_internals)]` to the crate attributes to enable\n     = note: this compiler was built on 2024-07-20; consider upgrading it if it is out of date\n\nFor more information about this error, try `rustc --explain E0658`.\nwarning: `serde` (lib test) generated 1 warning\nerror: could not compile `serde` (lib test) due to 1 previous error; 1 warning emitted\n"
                }
              ],
              "repaired": [
                false
              ]
            },
            {
              "attrs": [
                "#[should_panic]"
              ],
              "prefix": [],
              "oracles": [],
              "codes": [
                [
                  "{",
                  "    let instance = TestStruct {",
                  "        type_name: \"\",",
                  "        variant_name: \"\",",
                  "    };",
                  "    let mut output = String::new();",
                  "    let _ = instance.expecting(&mut fmt::Formatter::new(&mut output)); // This should panic",
                  "}"
                ]
              ],
              "can_compile": [
                {
                  "Err": "   Compiling proc-macro2 v1.0.95\n   Compiling syn v1.0.109\n   Compiling serde_derive v1.0.219 (/home/abezbm/rust-utgen-test-crates-new/serde/serde_derive)\n   Compiling serde v1.0.219 (/home/abezbm/rust-utgen-test-crates-new/serde/serde)\n   Compiling quote v1.0.40\n   Compiling syn v2.0.100\n   Compiling ntest_timeout v0.9.3\n   Compiling ntest_test_cases v0.9.3\n   Compiling ntest v0.9.3\nwarning: unused import: `ntest::timeout`\n    --> serde/src/private/de.rs:2362:8\n     |\n2362 |    use ntest::timeout;\n     |        ^^^^^^^^^^^^^^\n     |\n     = note: `#[warn(unused_imports)]` on by default\n\nerror[E0658]: use of unstable library feature 'fmt_internals': internal to standard library\n    --> serde/src/private/de.rs:2387:37\n     |\n2387 |     let _ = instance.expecting(&mut fmt::Formatter::new(&mut output)); // This should panic\n     |                                     ^^^^^^^^^^^^^^^^^^^\n     |\n     = help: add `#![feature(fmt_internals)]` to the crate attributes to enable\n     = note: this compiler was built on 2024-07-20; consider upgrading it if it is out of date\n\nFor more information about this error, try `rustc --explain E0658`.\nwarning: `serde` (lib test) generated 1 warning\nerror: could not compile `serde` (lib test) due to 1 previous error; 1 warning emitted\n"
                }
              ],
              "repaired": [
                false
              ]
            },
            {
              "attrs": [],
              "prefix": [],
              "oracles": [],
              "codes": [
                [
                  "{",
                  "        let instance = TestStruct {",
                  "            type_name: \"AReallyLongTypeNameThatExceedsNormalLength\",",
                  "            variant_name: \"AnotherReallyLongVariantNameThatExceedsNormalLength\",",
                  "        };",
                  "        let mut output = String::new();",
                  "        let result = instance.expecting(&mut fmt::Formatter::new(&mut output));",
                  "",
                  "        assert!(result.is_ok());",
                  "        assert_eq!(output, \"unit variant AReallyLongTypeNameThatExceedsNormalLength::AnotherReallyLongVariantNameThatExceedsNormalLength\");",
                  "    }"
                ]
              ],
              "can_compile": [
                {
                  "Err": "   Compiling proc-macro2 v1.0.95\n   Compiling syn v1.0.109\n   Compiling serde_derive v1.0.219 (/home/abezbm/rust-utgen-test-crates-new/serde/serde_derive)\n   Compiling serde v1.0.219 (/home/abezbm/rust-utgen-test-crates-new/serde/serde)\n   Compiling quote v1.0.40\n   Compiling syn v2.0.100\n   Compiling ntest_timeout v0.9.3\n   Compiling ntest_test_cases v0.9.3\n   Compiling ntest v0.9.3\nwarning: unused import: `ntest::timeout`\n    --> serde/src/private/de.rs:2362:8\n     |\n2362 |    use ntest::timeout;\n     |        ^^^^^^^^^^^^^^\n     |\n     = note: `#[warn(unused_imports)]` on by default\n\nerror[E0658]: use of unstable library feature 'fmt_internals': internal to standard library\n    --> serde/src/private/de.rs:2386:46\n     |\n2386 |         let result = instance.expecting(&mut fmt::Formatter::new(&mut output));\n     |                                              ^^^^^^^^^^^^^^^^^^^\n     |\n     = help: add `#![feature(fmt_internals)]` to the crate attributes to enable\n     = note: this compiler was built on 2024-07-20; consider upgrading it if it is out of date\n\nFor more information about this error, try `rustc --explain E0658`.\nwarning: `serde` (lib test) generated 1 warning\nerror: could not compile `serde` (lib test) due to 1 previous error; 1 warning emitted\n"
                }
              ],
              "repaired": [
                false
              ]
            }
          ]
        }
      ]
    }
  ]
}