{
  "name": "serde::__private::de::content::visit_content_seq",
  "name_with_impl": "serde::__private::de::content::visit_content_seq",
  "mod_info": {
    "name": "__private::de::content",
    "loc": "serde/src/private/de.rs:198:1:2358:2"
  },
  "visible": false,
  "loc": "serde/src/private/de.rs:1109:5:1118:6",
  "fn_tests": [
    {
      "chain_id": 1,
      "prompt_conds": [
        "// constraint: visitor.visit_seq(&mut seq_visitor) matches Err(err) is true\n",
        "// expected return value/type: Err(err)\n"
      ],
      "input_infer": "",
      "answers": [
        {
          "uses": [
            "use serde::de;",
            "use serde::de::Visitor;"
          ],
          "has_test_mod": false,
          "common": [],
          "chain_tests": [
            {
              "attrs": [],
              "prefix": [],
              "oracles": [],
              "codes": [
                [
                  "{",
                  "    use serde::de::{self, Visitor};",
                  "    ",
                  "    struct Content<'de>(&'de str);",
                  "",
                  "    struct ErroneousVisitor;",
                  "",
                  "    impl<'de> Visitor<'de> for ErroneousVisitor {",
                  "        type Value = ();",
                  "        ",
                  "        fn visit_seq<V>(self, _: &mut V) -> Result<Self::Value, V::Error>",
                  "        where",
                  "            V: serde::de::SeqAccess<'de>,",
                  "        {",
                  "            Err(V::Error::custom(\"Visit sequence error\"))",
                  "        }",
                  "        ",
                  "        // Implement other required methods of the Visitor trait if needed",
                  "    }",
                  "",
                  "    let content = vec![Content(\"item1\"), Content(\"item2\")];",
                  "    let visitor = ErroneousVisitor;",
                  "    ",
                  "    let result: Result<(), _> = visit_content_seq(content, visitor);",
                  "    assert!(result.is_err());",
                  "}"
                ]
              ],
              "can_compile": [
                {
                  "Err": "   Compiling proc-macro2 v1.0.95\n   Compiling syn v1.0.109\n   Compiling serde_derive v1.0.219 (/home/abezbm/rust-utgen-test-crates-new/serde/serde_derive)\n   Compiling serde v1.0.219 (/home/abezbm/rust-utgen-test-crates-new/serde/serde)\n   Compiling quote v1.0.40\n   Compiling syn v2.0.100\n   Compiling ntest_timeout v0.9.3\n   Compiling ntest_test_cases v0.9.3\n   Compiling ntest v0.9.3\nerror[E0433]: failed to resolve: use of undeclared crate or module `serde`\n    --> serde/src/private/de.rs:2366:9\n     |\n2366 |     use serde::de::{self, Visitor};\n     |         ^^^^^ use of undeclared crate or module `serde`\n\nerror[E0432]: unresolved import `serde`\n    --> serde/src/private/de.rs:2366:9\n     |\n2366 |     use serde::de::{self, Visitor};\n     |         ^^^^^ use of undeclared crate or module `serde`\n\nerror[E0433]: failed to resolve: use of undeclared crate or module `serde`\n    --> serde/src/private/de.rs:2377:16\n     |\n2377 |             V: serde::de::SeqAccess<'de>,\n     |                ^^^^^ use of undeclared crate or module `serde`\n     |\nhelp: consider importing this module\n     |\n2361 +    use crate::de;\n     |\nhelp: if you import `de`, refer to it directly\n     |\n2377 -             V: serde::de::SeqAccess<'de>,\n2377 +             V: de::SeqAccess<'de>,\n     |\n\nwarning: unused import: `ntest::timeout`\n    --> serde/src/private/de.rs:2362:8\n     |\n2362 |    use ntest::timeout;\n     |        ^^^^^^^^^^^^^^\n     |\n     = note: `#[warn(unused_imports)]` on by default\n\nerror[E0223]: ambiguous associated type\n    --> serde/src/private/de.rs:2375:52\n     |\n2375 |         fn visit_seq<V>(self, _: &mut V) -> Result<Self::Value, V::Error>\n     |                                                    ^^^^^^^^^^^\n     |\nhelp: if there were a trait named `Example` with associated type `Value` implemented for `ErroneousVisitor`, you could use the fully-qualified path\n     |\n2375 |         fn visit_seq<V>(self, _: &mut V) -> Result<<ErroneousVisitor as Example>::Value, V::Error>\n     |                                                    ~~~~~~~~~~~~~~~~~~~~~~~~~~~~~~~~~~~~\n\nerror[E0220]: associated type `Error` not found for `V`\n    --> serde/src/private/de.rs:2375:68\n     |\n2375 |         fn visit_seq<V>(self, _: &mut V) -> Result<Self::Value, V::Error>\n     |                                                                    ^^^^^ associated type `Error` not found\n\nSome errors have detailed explanations: E0220, E0223, E0432, E0433.\nFor more information about an error, try `rustc --explain E0220`.\nwarning: `serde` (lib test) generated 1 warning\nerror: could not compile `serde` (lib test) due to 5 previous errors; 1 warning emitted\n"
                }
              ],
              "repaired": [
                false
              ]
            },
            {
              "attrs": [],
              "prefix": [],
              "oracles": [],
              "codes": [
                [
                  "{",
                  "    use serde::de::{self, Visitor};",
                  "    ",
                  "    struct Content<'de>(&'de str);",
                  "",
                  "    struct EmptyVisitor;",
                  "",
                  "    impl<'de> Visitor<'de> for EmptyVisitor {",
                  "        type Value = ();",
                  "        ",
                  "        fn visit_seq<V>(self, _: &mut V) -> Result<Self::Value, V::Error>",
                  "        where",
                  "            V: serde::de::SeqAccess<'de>,",
                  "        {",
                  "            Err(V::Error::custom(\"No elements in sequence\"))",
                  "        }",
                  "        ",
                  "        // Implement other required methods of the Visitor trait if needed",
                  "    }",
                  "",
                  "    let content: Vec<Content> = Vec::new();",
                  "    let visitor = EmptyVisitor;",
                  "    ",
                  "    let result: Result<(), _> = visit_content_seq(content, visitor);",
                  "    assert!(result.is_err());",
                  "}"
                ]
              ],
              "can_compile": [
                {
                  "Err": "   Compiling proc-macro2 v1.0.95\n   Compiling syn v1.0.109\n   Compiling serde_derive v1.0.219 (/home/abezbm/rust-utgen-test-crates-new/serde/serde_derive)\n   Compiling serde v1.0.219 (/home/abezbm/rust-utgen-test-crates-new/serde/serde)\n   Compiling quote v1.0.40\n   Compiling syn v2.0.100\n   Compiling ntest_test_cases v0.9.3\n   Compiling ntest_timeout v0.9.3\n   Compiling ntest v0.9.3\nerror[E0433]: failed to resolve: use of undeclared crate or module `serde`\n    --> serde/src/private/de.rs:2366:9\n     |\n2366 |     use serde::de::{self, Visitor};\n     |         ^^^^^ use of undeclared crate or module `serde`\n\nerror[E0432]: unresolved import `serde`\n    --> serde/src/private/de.rs:2366:9\n     |\n2366 |     use serde::de::{self, Visitor};\n     |         ^^^^^ use of undeclared crate or module `serde`\n\nerror[E0433]: failed to resolve: use of undeclared crate or module `serde`\n    --> serde/src/private/de.rs:2377:16\n     |\n2377 |             V: serde::de::SeqAccess<'de>,\n     |                ^^^^^ use of undeclared crate or module `serde`\n     |\nhelp: consider importing this module\n     |\n2361 +    use crate::de;\n     |\nhelp: if you import `de`, refer to it directly\n     |\n2377 -             V: serde::de::SeqAccess<'de>,\n2377 +             V: de::SeqAccess<'de>,\n     |\n\nwarning: unused import: `ntest::timeout`\n    --> serde/src/private/de.rs:2362:8\n     |\n2362 |    use ntest::timeout;\n     |        ^^^^^^^^^^^^^^\n     |\n     = note: `#[warn(unused_imports)]` on by default\n\nerror[E0223]: ambiguous associated type\n    --> serde/src/private/de.rs:2375:52\n     |\n2375 |         fn visit_seq<V>(self, _: &mut V) -> Result<Self::Value, V::Error>\n     |                                                    ^^^^^^^^^^^\n     |\nhelp: if there were a trait named `Example` with associated type `Value` implemented for `EmptyVisitor`, you could use the fully-qualified path\n     |\n2375 |         fn visit_seq<V>(self, _: &mut V) -> Result<<EmptyVisitor as Example>::Value, V::Error>\n     |                                                    ~~~~~~~~~~~~~~~~~~~~~~~~~~~~~~~~\n\nerror[E0220]: associated type `Error` not found for `V`\n    --> serde/src/private/de.rs:2375:68\n     |\n2375 |         fn visit_seq<V>(self, _: &mut V) -> Result<Self::Value, V::Error>\n     |                                                                    ^^^^^ associated type `Error` not found\n\nSome errors have detailed explanations: E0220, E0223, E0432, E0433.\nFor more information about an error, try `rustc --explain E0220`.\nwarning: `serde` (lib test) generated 1 warning\nerror: could not compile `serde` (lib test) due to 5 previous errors; 1 warning emitted\n"
                }
              ],
              "repaired": [
                false
              ]
            }
          ]
        }
      ]
    },
    {
      "chain_id": 2,
      "prompt_conds": [
        "// constraint: visitor.visit_seq(&mut seq_visitor) matches Ok(val) is true\n",
        "// constraint: seq_visitor.end() matches Err(err) is true\n",
        "// expected return value/type: Err(err)\n"
      ],
      "input_infer": "",
      "answers": [
        {
          "uses": [
            "use serde::de::Visitor;",
            "use serde::de;"
          ],
          "has_test_mod": false,
          "common": [],
          "chain_tests": [
            {
              "attrs": [],
              "prefix": [],
              "oracles": [],
              "codes": [
                [
                  "{",
                  "    use serde::de::{self, Visitor};",
                  "",
                  "    struct MockVisitor {",
                  "        should_fail: bool,",
                  "    }",
                  "",
                  "    impl<'de> Visitor<'de> for MockVisitor {",
                  "        type Value = String;",
                  "",
                  "        fn visit_seq<V>(self, _seq: &mut V) -> Result<Self::Value, V::Error>",
                  "        where",
                  "            V: serde::de::SeqAccess<'de>,",
                  "        {",
                  "            if self.should_fail {",
                  "                Err(de::Error::custom(\"visit_seq failure\"))",
                  "            } else {",
                  "                Ok(\"success\".to_string())",
                  "            }",
                  "        }",
                  "",
                  "        fn expecting(&self, formatter: &mut std::fmt::Formatter) -> std::fmt::Result {",
                  "            formatter.write_str(\"a sequence\")",
                  "        }",
                  "    }",
                  "",
                  "    struct Content<'de> {",
                  "        data: &'de str,",
                  "    }",
                  "",
                  "    struct SeqDeserializer<I> {",
                  "        iter: I,",
                  "    }",
                  "",
                  "    impl<I> SeqDeserializer<I> {",
                  "        fn new(iter: I) -> Self {",
                  "            SeqDeserializer { iter }",
                  "        }",
                  "        ",
                  "        fn end(self) -> Result<(), Box<dyn std::error::Error>> {",
                  "            Err(Box::new(std::fmt::Error)) // Trigger error condition",
                  "        }",
                  "    }",
                  "",
                  "    let content = vec![Content { data: \"item1\" }];",
                  "",
                  "    let visitor = MockVisitor { should_fail: false };",
                  "    let result = visit_content_seq(content, visitor);",
                  "    assert!(result.is_err());",
                  "    ",
                  "    let visitor_with_failure = MockVisitor { should_fail: true };",
                  "    let result_with_failure = visit_content_seq(content.clone(), visitor_with_failure);",
                  "    assert!(result_with_failure.is_err());",
                  "}"
                ]
              ],
              "can_compile": [
                {
                  "Err": "   Compiling proc-macro2 v1.0.95\n   Compiling syn v1.0.109\n   Compiling serde_derive v1.0.219 (/home/abezbm/rust-utgen-test-crates-new/serde/serde_derive)\n   Compiling serde v1.0.219 (/home/abezbm/rust-utgen-test-crates-new/serde/serde)\n   Compiling quote v1.0.40\n   Compiling syn v2.0.100\n   Compiling ntest_test_cases v0.9.3\n   Compiling ntest_timeout v0.9.3\n   Compiling ntest v0.9.3\nerror[E0433]: failed to resolve: use of undeclared crate or module `serde`\n    --> serde/src/private/de.rs:2366:9\n     |\n2366 |     use serde::de::{self, Visitor};\n     |         ^^^^^ use of undeclared crate or module `serde`\n\nerror[E0432]: unresolved import `serde`\n    --> serde/src/private/de.rs:2366:9\n     |\n2366 |     use serde::de::{self, Visitor};\n     |         ^^^^^ use of undeclared crate or module `serde`\n\nerror[E0433]: failed to resolve: use of undeclared crate or module `serde`\n    --> serde/src/private/de.rs:2377:16\n     |\n2377 |             V: serde::de::SeqAccess<'de>,\n     |                ^^^^^ use of undeclared crate or module `serde`\n     |\nhelp: consider importing this module\n     |\n2361 +    use crate::de;\n     |\nhelp: if you import `de`, refer to it directly\n     |\n2377 -             V: serde::de::SeqAccess<'de>,\n2377 +             V: de::SeqAccess<'de>,\n     |\n\nwarning: unused import: `ntest::timeout`\n    --> serde/src/private/de.rs:2362:8\n     |\n2362 |    use ntest::timeout;\n     |        ^^^^^^^^^^^^^^\n     |\n     = note: `#[warn(unused_imports)]` on by default\n\nerror[E0223]: ambiguous associated type\n    --> serde/src/private/de.rs:2375:55\n     |\n2375 |         fn visit_seq<V>(self, _seq: &mut V) -> Result<Self::Value, V::Error>\n     |                                                       ^^^^^^^^^^^\n     |\nhelp: if there were a trait named `Example` with associated type `Value` implemented for `MockVisitor`, you could use the fully-qualified path\n     |\n2375 |         fn visit_seq<V>(self, _seq: &mut V) -> Result<<MockVisitor as Example>::Value, V::Error>\n     |                                                       ~~~~~~~~~~~~~~~~~~~~~~~~~~~~~~~\n\nerror[E0220]: associated type `Error` not found for `V`\n    --> serde/src/private/de.rs:2375:71\n     |\n2375 |         fn visit_seq<V>(self, _seq: &mut V) -> Result<Self::Value, V::Error>\n     |                                                                       ^^^^^ associated type `Error` not found\n\nSome errors have detailed explanations: E0220, E0223, E0432, E0433.\nFor more information about an error, try `rustc --explain E0220`.\nwarning: `serde` (lib test) generated 1 warning\nerror: could not compile `serde` (lib test) due to 5 previous errors; 1 warning emitted\n"
                }
              ],
              "repaired": [
                false
              ]
            }
          ]
        }
      ]
    },
    {
      "chain_id": 3,
      "prompt_conds": [
        "// constraint: visitor.visit_seq(&mut seq_visitor) matches Ok(val) is true\n",
        "// constraint: seq_visitor.end() matches Ok(val) is true\n",
        "// expected return value/type: Ok(value)\n"
      ],
      "input_infer": "",
      "answers": [
        {
          "uses": [],
          "has_test_mod": false,
          "common": [
            "#[derive(Debug)]",
            "struct Content<'de> {",
            "    data: &'de str,",
            "}",
            "",
            "struct TestVisitor {",
            "    called: bool,",
            "}",
            "",
            "impl<'de> Visitor<'de> for TestVisitor {",
            "    type Value = &'de str;",
            "",
            "    fn visit_seq<V>(&mut self, seq: &mut V) -> Result<Self::Value, V::Error>",
            "    where",
            "        V: SeqAccess<'de>,",
            "    {",
            "        self.called = true;",
            "        let content = seq.next_element::<Content<'de>>()?.unwrap();",
            "        Ok(content.data)",
            "    }",
            "}"
          ],
          "chain_tests": [
            {
              "attrs": [],
              "prefix": [],
              "oracles": [],
              "codes": [
                [
                  "{",
                  "    let content = vec![",
                  "        Content { data: \"test1\" },",
                  "        Content { data: \"test2\" },",
                  "    ];",
                  "    ",
                  "    let mut visitor = TestVisitor { called: false };",
                  "    let result: Result<&str, _> = visit_content_seq(content, &mut visitor);",
                  "    ",
                  "    assert!(visitor.called);",
                  "    assert_eq!(result, Ok(\"test1\"));",
                  "}"
                ]
              ],
              "can_compile": [
                {
                  "Err": "   Compiling proc-macro2 v1.0.95\n   Compiling syn v1.0.109\n   Compiling serde_derive v1.0.219 (/home/abezbm/rust-utgen-test-crates-new/serde/serde_derive)\n   Compiling serde v1.0.219 (/home/abezbm/rust-utgen-test-crates-new/serde/serde)\n   Compiling quote v1.0.40\n   Compiling syn v2.0.100\n   Compiling ntest_timeout v0.9.3\n   Compiling ntest_test_cases v0.9.3\n   Compiling ntest v0.9.3\nwarning: unused import: `ntest::timeout`\n    --> serde/src/private/de.rs:2362:8\n     |\n2362 |    use ntest::timeout;\n     |        ^^^^^^^^^^^^^^\n     |\n     = note: `#[warn(unused_imports)]` on by default\n\nerror[E0053]: method `visit_seq` has an incompatible type for trait\n    --> serde/src/private/de.rs:2375:21\n     |\n2375 |     fn visit_seq<V>(&mut self, seq: &mut V) -> Result<Self::Value, V::Error>\n     |                     ^^^^^^^^^ expected `TestVisitor`, found `&mut TestVisitor`\n     |\nnote: type in trait\n    --> serde/src/de/mod.rs:1649:21\n     |\n1649 |     fn visit_seq<A>(self, seq: A) -> Result<Self::Value, A::Error>\n     |                     ^^^^\n     = note: expected signature `fn(TestVisitor, _) -> Result<_, _>`\n                found signature `fn(&mut TestVisitor, &mut _) -> Result<_, _>`\nhelp: change the self-receiver type to match the trait\n     |\n2375 |     fn visit_seq<V>(self, seq: &mut V) -> Result<Self::Value, V::Error>\n     |                     ~~~~\n\nerror[E0046]: not all trait items implemented, missing: `expecting`\n    --> serde/src/private/de.rs:2372:1\n     |\n2372 | impl<'de> Visitor<'de> for TestVisitor {\n     | ^^^^^^^^^^^^^^^^^^^^^^^^^^^^^^^^^^^^^^ missing `expecting` in implementation\n     |\n    ::: serde/src/de/mod.rs:1310:5\n     |\n1310 |     fn expecting(&self, formatter: &mut fmt::Formatter) -> fmt::Result;\n     |     ------------------------------------------------------------------- `expecting` from trait\n\nerror[E0277]: the trait bound `llmtests::Content<'de>: Deserialize<'de>` is not satisfied\n    --> serde/src/private/de.rs:2380:42\n     |\n2380 |         let content = seq.next_element::<Content<'de>>()?.unwrap();\n     |                           ------------   ^^^^^^^^^^^^ the trait `Deserialize<'de>` is not implemented for `llmtests::Content<'de>`\n     |                           |\n     |                           required by a bound introduced by this call\n     |\n     = note: for local types consider adding `#[derive(serde::Deserialize)]` to your `llmtests::Content<'de>` type\n     = note: for types from other crates check whether the crate offers a `serde` feature flag\n     = help: the following other types implement trait `Deserialize<'de>`:\n               &'a [u8]\n               &'a std::path::Path\n               &'a str\n               ()\n               (T,)\n               (T0, T1)\n               (T0, T1, T2)\n               (T0, T1, T2, T3)\n             and 139 others\nnote: required by a bound in `de::SeqAccess::next_element`\n    --> serde/src/de/mod.rs:1732:12\n     |\n1730 |     fn next_element<T>(&mut self) -> Result<Option<T>, Self::Error>\n     |        ------------ required by a bound in this associated function\n1731 |     where\n1732 |         T: Deserialize<'de>,\n     |            ^^^^^^^^^^^^^^^^ required by this bound in `SeqAccess::next_element`\n\nerror[E0277]: the trait bound `&mut TestVisitor: de::Visitor<'_>` is not satisfied\n    --> serde/src/private/de.rs:2394:62\n     |\n2394 |     let result: Result<&str, _> = visit_content_seq(content, &mut visitor);\n     |                                   -----------------          ^^^^^^^^^^^^ the trait `de::Visitor<'_>` is not implemented for `&mut TestVisitor`\n     |                                   |\n     |                                   required by a bound introduced by this call\n     |\nnote: required by a bound in `__private::de::content::visit_content_seq`\n    --> serde/src/private/de.rs:1111:12\n     |\n1109 |     fn visit_content_seq<'de, V, E>(content: Vec<Content<'de>>, visitor: V) -> Result<V::Value, E>\n     |        ----------------- required by a bound in this function\n1110 |     where\n1111 |         V: Visitor<'de>,\n     |            ^^^^^^^^^^^^ required by this bound in `visit_content_seq`\nhelp: consider removing the leading `&`-reference\n     |\n2394 -     let result: Result<&str, _> = visit_content_seq(content, &mut visitor);\n2394 +     let result: Result<&str, _> = visit_content_seq(content, visitor);\n     |\n\nerror[E0308]: mismatched types\n    --> serde/src/private/de.rs:2394:53\n     |\n2394 |     let result: Result<&str, _> = visit_content_seq(content, &mut visitor);\n     |                                   ----------------- ^^^^^^^ expected `__private::de::content::Content<'_>`, found `llmtests::Content<'_>`\n     |                                   |\n     |                                   arguments to this function are incorrect\n     |\n     = note: `llmtests::Content<'_>` and `__private::de::content::Content<'_>` have similar names, but are actually distinct types\nnote: `llmtests::Content<'_>` is defined in module `crate::__private::de::content::llmtests` of the current crate\n    --> serde/src/private/de.rs:2364:1\n     |\n2364 | struct Content<'de> {\n     | ^^^^^^^^^^^^^^^^^^^\nnote: `__private::de::content::Content<'_>` is defined in module `crate::__private::de::content` of the current crate\n    --> serde/src/private/de.rs:223:5\n     |\n223  |     pub enum Content<'de> {\n     |     ^^^^^^^^^^^^^^^^^^^^^\nnote: function defined here\n    --> serde/src/private/de.rs:1109:8\n     |\n1109 |     fn visit_content_seq<'de, V, E>(content: Vec<Content<'de>>, visitor: V) -> Result<V::Value, E>\n     |        ^^^^^^^^^^^^^^^^^            --------------------------\n\nerror[E0277]: the trait bound `&mut TestVisitor: de::Visitor<'_>` is not satisfied\n    --> serde/src/private/de.rs:2394:35\n     |\n2394 |     let result: Result<&str, _> = visit_content_seq(content, &mut visitor);\n     |                                   ^^^^^^^^^^^^^^^^^^^^^^^^^^^^^^^^^^^^^^^^ the trait `de::Visitor<'_>` is not implemented for `&mut TestVisitor`\n     |\n     = help: the trait `de::Visitor<'_>` is implemented for `TestVisitor`\n     = help: for that trait implementation, expected `TestVisitor`, found `&mut TestVisitor`\n\nSome errors have detailed explanations: E0046, E0053, E0277, E0308.\nFor more information about an error, try `rustc --explain E0046`.\nwarning: `serde` (lib test) generated 1 warning\nerror: could not compile `serde` (lib test) due to 6 previous errors; 1 warning emitted\n"
                }
              ],
              "repaired": [
                false
              ]
            },
            {
              "attrs": [],
              "prefix": [],
              "oracles": [],
              "codes": [
                [
                  "{",
                  "    let content: Vec<Content> = vec![];",
                  "    ",
                  "    let mut visitor = TestVisitor { called: false };",
                  "    let result: Result<&str, _> = visit_content_seq(content, &mut visitor);",
                  "    ",
                  "    assert!(!visitor.called);",
                  "    assert_eq!(result.is_err(), true);",
                  "}"
                ]
              ],
              "can_compile": [
                {
                  "Err": "   Compiling proc-macro2 v1.0.95\n   Compiling syn v1.0.109\n   Compiling serde_derive v1.0.219 (/home/abezbm/rust-utgen-test-crates-new/serde/serde_derive)\n   Compiling serde v1.0.219 (/home/abezbm/rust-utgen-test-crates-new/serde/serde)\n   Compiling quote v1.0.40\n   Compiling syn v2.0.100\n   Compiling ntest_test_cases v0.9.3\n   Compiling ntest_timeout v0.9.3\n   Compiling ntest v0.9.3\nwarning: unused import: `ntest::timeout`\n    --> serde/src/private/de.rs:2362:8\n     |\n2362 |    use ntest::timeout;\n     |        ^^^^^^^^^^^^^^\n     |\n     = note: `#[warn(unused_imports)]` on by default\n\nerror[E0053]: method `visit_seq` has an incompatible type for trait\n    --> serde/src/private/de.rs:2375:21\n     |\n2375 |     fn visit_seq<V>(&mut self, seq: &mut V) -> Result<Self::Value, V::Error>\n     |                     ^^^^^^^^^ expected `TestVisitor`, found `&mut TestVisitor`\n     |\nnote: type in trait\n    --> serde/src/de/mod.rs:1649:21\n     |\n1649 |     fn visit_seq<A>(self, seq: A) -> Result<Self::Value, A::Error>\n     |                     ^^^^\n     = note: expected signature `fn(TestVisitor, _) -> Result<_, _>`\n                found signature `fn(&mut TestVisitor, &mut _) -> Result<_, _>`\nhelp: change the self-receiver type to match the trait\n     |\n2375 |     fn visit_seq<V>(self, seq: &mut V) -> Result<Self::Value, V::Error>\n     |                     ~~~~\n\nerror[E0046]: not all trait items implemented, missing: `expecting`\n    --> serde/src/private/de.rs:2372:1\n     |\n2372 | impl<'de> Visitor<'de> for TestVisitor {\n     | ^^^^^^^^^^^^^^^^^^^^^^^^^^^^^^^^^^^^^^ missing `expecting` in implementation\n     |\n    ::: serde/src/de/mod.rs:1310:5\n     |\n1310 |     fn expecting(&self, formatter: &mut fmt::Formatter) -> fmt::Result;\n     |     ------------------------------------------------------------------- `expecting` from trait\n\nerror[E0277]: the trait bound `llmtests::Content<'de>: Deserialize<'de>` is not satisfied\n    --> serde/src/private/de.rs:2380:42\n     |\n2380 |         let content = seq.next_element::<Content<'de>>()?.unwrap();\n     |                           ------------   ^^^^^^^^^^^^ the trait `Deserialize<'de>` is not implemented for `llmtests::Content<'de>`\n     |                           |\n     |                           required by a bound introduced by this call\n     |\n     = note: for local types consider adding `#[derive(serde::Deserialize)]` to your `llmtests::Content<'de>` type\n     = note: for types from other crates check whether the crate offers a `serde` feature flag\n     = help: the following other types implement trait `Deserialize<'de>`:\n               &'a [u8]\n               &'a std::path::Path\n               &'a str\n               ()\n               (T,)\n               (T0, T1)\n               (T0, T1, T2)\n               (T0, T1, T2, T3)\n             and 139 others\nnote: required by a bound in `de::SeqAccess::next_element`\n    --> serde/src/de/mod.rs:1732:12\n     |\n1730 |     fn next_element<T>(&mut self) -> Result<Option<T>, Self::Error>\n     |        ------------ required by a bound in this associated function\n1731 |     where\n1732 |         T: Deserialize<'de>,\n     |            ^^^^^^^^^^^^^^^^ required by this bound in `SeqAccess::next_element`\n\nerror[E0277]: the trait bound `&mut TestVisitor: de::Visitor<'_>` is not satisfied\n    --> serde/src/private/de.rs:2391:62\n     |\n2391 |     let result: Result<&str, _> = visit_content_seq(content, &mut visitor);\n     |                                   -----------------          ^^^^^^^^^^^^ the trait `de::Visitor<'_>` is not implemented for `&mut TestVisitor`\n     |                                   |\n     |                                   required by a bound introduced by this call\n     |\nnote: required by a bound in `__private::de::content::visit_content_seq`\n    --> serde/src/private/de.rs:1111:12\n     |\n1109 |     fn visit_content_seq<'de, V, E>(content: Vec<Content<'de>>, visitor: V) -> Result<V::Value, E>\n     |        ----------------- required by a bound in this function\n1110 |     where\n1111 |         V: Visitor<'de>,\n     |            ^^^^^^^^^^^^ required by this bound in `visit_content_seq`\nhelp: consider removing the leading `&`-reference\n     |\n2391 -     let result: Result<&str, _> = visit_content_seq(content, &mut visitor);\n2391 +     let result: Result<&str, _> = visit_content_seq(content, visitor);\n     |\n\nerror[E0308]: mismatched types\n    --> serde/src/private/de.rs:2391:53\n     |\n2391 |     let result: Result<&str, _> = visit_content_seq(content, &mut visitor);\n     |                                   ----------------- ^^^^^^^ expected `__private::de::content::Content<'_>`, found `llmtests::Content<'_>`\n     |                                   |\n     |                                   arguments to this function are incorrect\n     |\n     = note: `llmtests::Content<'_>` and `__private::de::content::Content<'_>` have similar names, but are actually distinct types\nnote: `llmtests::Content<'_>` is defined in module `crate::__private::de::content::llmtests` of the current crate\n    --> serde/src/private/de.rs:2364:1\n     |\n2364 | struct Content<'de> {\n     | ^^^^^^^^^^^^^^^^^^^\nnote: `__private::de::content::Content<'_>` is defined in module `crate::__private::de::content` of the current crate\n    --> serde/src/private/de.rs:223:5\n     |\n223  |     pub enum Content<'de> {\n     |     ^^^^^^^^^^^^^^^^^^^^^\nnote: function defined here\n    --> serde/src/private/de.rs:1109:8\n     |\n1109 |     fn visit_content_seq<'de, V, E>(content: Vec<Content<'de>>, visitor: V) -> Result<V::Value, E>\n     |        ^^^^^^^^^^^^^^^^^            --------------------------\n\nerror[E0277]: the trait bound `&mut TestVisitor: de::Visitor<'_>` is not satisfied\n    --> serde/src/private/de.rs:2391:35\n     |\n2391 |     let result: Result<&str, _> = visit_content_seq(content, &mut visitor);\n     |                                   ^^^^^^^^^^^^^^^^^^^^^^^^^^^^^^^^^^^^^^^^ the trait `de::Visitor<'_>` is not implemented for `&mut TestVisitor`\n     |\n     = help: the trait `de::Visitor<'_>` is implemented for `TestVisitor`\n     = help: for that trait implementation, expected `TestVisitor`, found `&mut TestVisitor`\n\nSome errors have detailed explanations: E0046, E0053, E0277, E0308.\nFor more information about an error, try `rustc --explain E0046`.\nwarning: `serde` (lib test) generated 1 warning\nerror: could not compile `serde` (lib test) due to 6 previous errors; 1 warning emitted\n"
                }
              ],
              "repaired": [
                false
              ]
            }
          ]
        }
      ]
    }
  ]
}