{
  "name": "serde::__private::de::content::<__private::de::content::TagOrContentVisitor<'de> as de::Visitor<'de>>::visit_unit",
  "name_with_impl": "serde::__private::de::content::{impl#8}::visit_unit",
  "mod_info": {
    "name": "__private::de::content",
    "loc": "serde/src/private/de.rs:198:1:2358:2"
  },
  "visible": true,
  "loc": "serde/src/private/de.rs:768:9:775:10",
  "fn_tests": [
    {
      "chain_id": 1,
      "prompt_conds": [],
      "input_infer": "",
      "answers": [
        {
          "uses": [
            "use serde::de;"
          ],
          "has_test_mod": false,
          "common": [],
          "chain_tests": [
            {
              "attrs": [],
              "prefix": [],
              "oracles": [],
              "codes": [
                [
                  "{",
                  "    struct TestVisitor;",
                  "",
                  "    impl serde::de::Visitor for TestVisitor {",
                  "        type Value = TagOrContent;",
                  "",
                  "        fn visit_unit<F>(self) -> Result<Self::Value, F>",
                  "        where",
                  "            F: serde::de::Error,",
                  "        {",
                  "            // Assuming we simulate the successful visit unit behavior",
                  "            Ok(TagOrContent::Content)",
                  "        }",
                  "    }",
                  "",
                  "    struct TestContentVisitor;",
                  "",
                  "    impl TestContentVisitor {",
                  "        fn new() -> Self {",
                  "            TestContentVisitor",
                  "        }",
                  "",
                  "        fn visit_unit<F>(self) -> Result<TagOrContent, F>",
                  "        where",
                  "            F: serde::de::Error,",
                  "        {",
                  "            Ok(TagOrContent::Content)",
                  "        }",
                  "    }",
                  "",
                  "    use serde::de;",
                  "",
                  "    let visitor = TestVisitor;",
                  "",
                  "    let result: Result<TagOrContent, _> = visitor.visit_unit();",
                  "",
                  "    assert_eq!(result.is_ok(), true);",
                  "    assert_eq!(result.unwrap(), TagOrContent::Content);",
                  "}"
                ]
              ],
              "can_compile": [
                {
                  "Err": "   Compiling proc-macro2 v1.0.95\n   Compiling syn v1.0.109\n   Compiling serde_derive v1.0.219 (/home/abezbm/rust-utgen-test-crates-new/serde/serde_derive)\n   Compiling serde v1.0.219 (/home/abezbm/rust-utgen-test-crates-new/serde/serde)\n   Compiling quote v1.0.40\n   Compiling syn v2.0.100\n   Compiling ntest_timeout v0.9.3\n   Compiling ntest_test_cases v0.9.3\n   Compiling ntest v0.9.3\nerror[E0432]: unresolved import `serde`\n    --> serde/src/private/de.rs:2395:9\n     |\n2395 |     use serde::de;\n     |         ^^^^^ use of undeclared crate or module `serde`\n\nerror[E0106]: missing lifetime specifier\n    --> serde/src/private/de.rs:2369:22\n     |\n2369 |         type Value = TagOrContent;\n     |                      ^^^^^^^^^^^^ expected named lifetime parameter\n     |\nhelp: consider introducing a named lifetime parameter\n     |\n2369 |         type Value<'a> = TagOrContent<'a>;\n     |                   ++++               ++++\n\nerror[E0106]: missing lifetime specifier\n    --> serde/src/private/de.rs:2387:42\n     |\n2387 |         fn visit_unit<F>(self) -> Result<TagOrContent, F>\n     |                                          ^^^^^^^^^^^^ expected named lifetime parameter\n     |\n     = help: this function's return type contains a borrowed value, but there is no value for it to be borrowed from\nhelp: consider using the `'static` lifetime, but this is uncommon unless you're returning a borrowed value from a `const` or a `static`, or if you will only have owned values\n     |\n2387 |         fn visit_unit<F>(self) -> Result<TagOrContent<'static>, F>\n     |                                                      +++++++++\n\nerror[E0433]: failed to resolve: use of undeclared crate or module `serde`\n    --> serde/src/private/de.rs:2368:10\n     |\n2368 |     impl serde::de::Visitor for TestVisitor {\n     |          ^^^^^ use of undeclared crate or module `serde`\n     |\nhelp: consider importing one of these modules\n     |\n2361 +    use crate::__private::de;\n     |\n2361 +    use crate::de;\n     |\nhelp: if you import `de`, refer to it directly\n     |\n2368 -     impl serde::de::Visitor for TestVisitor {\n2368 +     impl de::Visitor for TestVisitor {\n     |\n\nerror[E0433]: failed to resolve: use of undeclared crate or module `serde`\n    --> serde/src/private/de.rs:2373:16\n     |\n2373 |             F: serde::de::Error,\n     |                ^^^^^ use of undeclared crate or module `serde`\n     |\nhelp: consider importing one of these modules\n     |\n2361 +    use crate::__private::de;\n     |\n2361 +    use crate::de;\n     |\nhelp: if you import `de`, refer to it directly\n     |\n2373 -             F: serde::de::Error,\n2373 +             F: de::Error,\n     |\n\nerror[E0433]: failed to resolve: use of undeclared crate or module `serde`\n    --> serde/src/private/de.rs:2389:16\n     |\n2389 |             F: serde::de::Error,\n     |                ^^^^^ use of undeclared crate or module `serde`\n     |\nhelp: consider importing one of these modules\n     |\n2361 +    use crate::__private::de;\n     |\n2361 +    use crate::de;\n     |\nhelp: if you import `de`, refer to it directly\n     |\n2389 -             F: serde::de::Error,\n2389 +             F: de::Error,\n     |\n\nwarning: unused import: `ntest::timeout`\n    --> serde/src/private/de.rs:2362:8\n     |\n2362 |    use ntest::timeout;\n     |        ^^^^^^^^^^^^^^\n     |\n     = note: `#[warn(unused_imports)]` on by default\n\nerror[E0223]: ambiguous associated type\n    --> serde/src/private/de.rs:2371:42\n     |\n2371 |         fn visit_unit<F>(self) -> Result<Self::Value, F>\n     |                                          ^^^^^^^^^^^\n     |\nhelp: if there were a trait named `Example` with associated type `Value` implemented for `TestVisitor`, you could use the fully-qualified path\n     |\n2371 |         fn visit_unit<F>(self) -> Result<<TestVisitor as Example>::Value, F>\n     |                                          ~~~~~~~~~~~~~~~~~~~~~~~~~~~~~~~\n\nSome errors have detailed explanations: E0106, E0223, E0432, E0433.\nFor more information about an error, try `rustc --explain E0106`.\nwarning: `serde` (lib test) generated 1 warning\nerror: could not compile `serde` (lib test) due to 7 previous errors; 1 warning emitted\n"
                }
              ],
              "repaired": [
                false
              ]
            },
            {
              "attrs": [
                "#[should_panic]"
              ],
              "prefix": [],
              "oracles": [],
              "codes": [
                [
                  "{",
                  "    struct PanickingVisitor;",
                  "",
                  "    impl serde::de::Visitor for PanickingVisitor {",
                  "        type Value = TagOrContent;",
                  "",
                  "        fn visit_unit<F>(self) -> Result<Self::Value, F>",
                  "        where",
                  "            F: serde::de::Error,",
                  "        {",
                  "            panic!(\"This should trigger a panic.\")",
                  "        }",
                  "    }",
                  "",
                  "    let visitor = PanickingVisitor;",
                  "",
                  "    // This should panic",
                  "    let _result: Result<TagOrContent, _> = visitor.visit_unit();",
                  "}"
                ]
              ],
              "can_compile": [
                {
                  "Err": "   Compiling proc-macro2 v1.0.95\n   Compiling syn v1.0.109\n   Compiling serde_derive v1.0.219 (/home/abezbm/rust-utgen-test-crates-new/serde/serde_derive)\n   Compiling serde v1.0.219 (/home/abezbm/rust-utgen-test-crates-new/serde/serde)\n   Compiling quote v1.0.40\n   Compiling syn v2.0.100\n   Compiling ntest_test_cases v0.9.3\n   Compiling ntest_timeout v0.9.3\n   Compiling ntest v0.9.3\nerror[E0106]: missing lifetime specifier\n    --> serde/src/private/de.rs:2370:22\n     |\n2370 |         type Value = TagOrContent;\n     |                      ^^^^^^^^^^^^ expected named lifetime parameter\n     |\nhelp: consider introducing a named lifetime parameter\n     |\n2370 |         type Value<'a> = TagOrContent<'a>;\n     |                   ++++               ++++\n\nerror[E0433]: failed to resolve: use of undeclared crate or module `serde`\n    --> serde/src/private/de.rs:2369:10\n     |\n2369 |     impl serde::de::Visitor for PanickingVisitor {\n     |          ^^^^^ use of undeclared crate or module `serde`\n     |\nhelp: consider importing one of these modules\n     |\n2361 +    use crate::__private::de;\n     |\n2361 +    use crate::de;\n     |\nhelp: if you import `de`, refer to it directly\n     |\n2369 -     impl serde::de::Visitor for PanickingVisitor {\n2369 +     impl de::Visitor for PanickingVisitor {\n     |\n\nerror[E0433]: failed to resolve: use of undeclared crate or module `serde`\n    --> serde/src/private/de.rs:2374:16\n     |\n2374 |             F: serde::de::Error,\n     |                ^^^^^ use of undeclared crate or module `serde`\n     |\nhelp: consider importing one of these modules\n     |\n2361 +    use crate::__private::de;\n     |\n2361 +    use crate::de;\n     |\nhelp: if you import `de`, refer to it directly\n     |\n2374 -             F: serde::de::Error,\n2374 +             F: de::Error,\n     |\n\nwarning: unused import: `ntest::timeout`\n    --> serde/src/private/de.rs:2362:8\n     |\n2362 |    use ntest::timeout;\n     |        ^^^^^^^^^^^^^^\n     |\n     = note: `#[warn(unused_imports)]` on by default\n\nerror[E0223]: ambiguous associated type\n    --> serde/src/private/de.rs:2372:42\n     |\n2372 |         fn visit_unit<F>(self) -> Result<Self::Value, F>\n     |                                          ^^^^^^^^^^^\n     |\nhelp: if there were a trait named `Example` with associated type `Value` implemented for `PanickingVisitor`, you could use the fully-qualified path\n     |\n2372 |         fn visit_unit<F>(self) -> Result<<PanickingVisitor as Example>::Value, F>\n     |                                          ~~~~~~~~~~~~~~~~~~~~~~~~~~~~~~~~~~~~\n\nSome errors have detailed explanations: E0106, E0223, E0433.\nFor more information about an error, try `rustc --explain E0106`.\nwarning: `serde` (lib test) generated 1 warning\nerror: could not compile `serde` (lib test) due to 4 previous errors; 1 warning emitted\n"
                }
              ],
              "repaired": [
                false
              ]
            }
          ]
        }
      ]
    }
  ]
}