{
  "name": "ryu::pretty::mantissa::write_mantissa",
  "name_with_impl": "ryu::pretty::mantissa::write_mantissa",
  "mod_info": {
    "name": "pretty::mantissa",
    "loc": "src/pretty/mod.rs:2:1:2:14"
  },
  "visible": true,
  "loc": "src/pretty/mantissa.rs:44:1:82:2",
  "fn_tests": [
    {
      "chain_id": 4,
      "prompt_conds": [
        "// constraint: output >= 10_000 is true, with bound output == 10_000\n",
        "// constraint: output >= 10_000 is false\n",
        "// constraint: output >= 100 is false\n",
        "// constraint: output >= 10 is false\n"
      ],
      "input_infer": "",
      "answers": [
        {
          "uses": [],
          "has_test_mod": false,
          "common": [],
          "chain_tests": [
            {
              "attrs": [],
              "prefix": [],
              "oracles": [],
              "codes": [
                [
                  "{",
                  "    let mut result_array = [0u8; 16]; // Adjust size as necessary for expected results",
                  "    let result_ptr = result_array.as_mut_ptr();",
                  "    unsafe {",
                  "        write_mantissa(10_000, result_ptr);",
                  "    }",
                  "    assert_eq!(&result_array[..], b\"0000\"); // Expected result based on the implementation",
                  "}"
                ]
              ],
              "can_compile": [
                {
                  "Ok": null
                }
              ],
              "repaired": [
                false
              ]
            },
            {
              "attrs": [],
              "prefix": [],
              "oracles": [],
              "codes": [
                [
                  "{",
                  "    let mut result_array = [0u8; 8]; // Adjust size as necessary for expected results",
                  "    let result_ptr = result_array.as_mut_ptr();",
                  "    unsafe {",
                  "        write_mantissa(99, result_ptr);",
                  "    }",
                  "    assert_eq!(&result_array[..], b\"99\"); // Expected result based on the implementation",
                  "}"
                ]
              ],
              "can_compile": [
                {
                  "Ok": null
                }
              ],
              "repaired": [
                false
              ]
            },
            {
              "attrs": [],
              "prefix": [],
              "oracles": [],
              "codes": [
                [
                  "{",
                  "    let mut result_array = [0u8; 8]; // Adjust size as necessary for expected results",
                  "    let result_ptr = result_array.as_mut_ptr();",
                  "    unsafe {",
                  "        write_mantissa(5, result_ptr);",
                  "    }",
                  "    assert_eq!(&result_array[..], b\"5\"); // Expected result based on the implementation",
                  "}"
                ]
              ],
              "can_compile": [
                {
                  "Ok": null
                }
              ],
              "repaired": [
                false
              ]
            },
            {
              "attrs": [],
              "prefix": [],
              "oracles": [],
              "codes": [
                [
                  "{",
                  "    let mut result_array = [0u8; 8]; // Adjust size for a simple zero case",
                  "    let result_ptr = result_array.as_mut_ptr();",
                  "    unsafe {",
                  "        write_mantissa(0, result_ptr);",
                  "    }",
                  "    assert_eq!(&result_array[..], b\"0\"); // Expected result for zero input",
                  "}"
                ]
              ],
              "can_compile": [
                {
                  "Ok": null
                }
              ],
              "repaired": [
                false
              ]
            }
          ]
        }
      ]
    },
    {
      "chain_id": 5,
      "prompt_conds": [
        "// constraint: output >= 10_000 is false\n",
        "// constraint: output >= 100 is true, with bound output == 100\n",
        "// constraint: output >= 10 is true, with bound output == 10\n"
      ],
      "input_infer": "",
      "answers": [
        {
          "uses": [],
          "has_test_mod": false,
          "common": [],
          "chain_tests": [
            {
              "attrs": [],
              "prefix": [],
              "oracles": [],
              "codes": [
                [
                  "{",
                  "    let output: u32 = 9999;",
                  "    let mut buffer = [0u8; 10]; // Buffer for the result",
                  "    let result_ptr = buffer.as_mut_ptr().offset(10); // Start at the end of the buffer",
                  "",
                  "    unsafe {",
                  "        write_mantissa(output, result_ptr);",
                  "    }",
                  "    ",
                  "    assert_eq!(&buffer[8..10], b\"99\"); // Expected output when output == 9999",
                  "}"
                ]
              ],
              "can_compile": [
                {
                  "Err": "   Compiling libc v0.2.172\n   Compiling proc-macro2 v1.0.95\n   Compiling getrandom v0.3.2\n   Compiling syn v1.0.109\n   Compiling zerocopy v0.8.24\n   Compiling ryu v1.0.20 (/home/abezbm/rust-utgen-test-crates-new/ryu)\n   Compiling quote v1.0.40\n   Compiling num_cpus v1.16.0\n   Compiling rand_core v0.9.3\n   Compiling rand_xorshift v0.4.0\n   Compiling ppv-lite86 v0.2.21\n   Compiling rand_chacha v0.9.0\n   Compiling rand v0.9.1\n   Compiling ntest_timeout v0.9.3\n   Compiling ntest_test_cases v0.9.3\n   Compiling ntest v0.9.3\nwarning: unused import: `ntest::timeout`\n  --> src/pretty/mantissa.rs:86:8\n   |\n86 |    use ntest::timeout;\n   |        ^^^^^^^^^^^^^^\n   |\n   = note: `#[warn(unused_imports)]` on by default\n\nerror[E0133]: call to unsafe function `std::ptr::mut_ptr::<impl *mut T>::offset` is unsafe and requires unsafe function or block\n  --> src/pretty/mantissa.rs:92:22\n   |\n92 |     let result_ptr = buffer.as_mut_ptr().offset(10); // Start at the end of the buffer\n   |                      ^^^^^^^^^^^^^^^^^^^^^^^^^^^^^^ call to unsafe function\n   |\n   = note: consult the function's documentation for information on how to avoid undefined behavior\n\nFor more information about this error, try `rustc --explain E0133`.\nwarning: `ryu` (lib test) generated 1 warning\nerror: could not compile `ryu` (lib test) due to 1 previous error; 1 warning emitted\n"
                }
              ],
              "repaired": [
                false
              ]
            },
            {
              "attrs": [],
              "prefix": [],
              "oracles": [],
              "codes": [
                [
                  "{",
                  "    let output: u32 = 100;",
                  "    let mut buffer = [0u8; 10]; // Buffer for the result",
                  "    let result_ptr = buffer.as_mut_ptr().offset(10); // Start at the end of the buffer",
                  "",
                  "    unsafe {",
                  "        write_mantissa(output, result_ptr);",
                  "    }",
                  "    ",
                  "    assert_eq!(&buffer[8..10], b\"00\"); // Expected output when output == 100",
                  "}"
                ]
              ],
              "can_compile": [
                {
                  "Err": "   Compiling libc v0.2.172\n   Compiling proc-macro2 v1.0.95\n   Compiling getrandom v0.3.2\n   Compiling syn v1.0.109\n   Compiling zerocopy v0.8.24\n   Compiling ryu v1.0.20 (/home/abezbm/rust-utgen-test-crates-new/ryu)\n   Compiling quote v1.0.40\n   Compiling num_cpus v1.16.0\n   Compiling rand_core v0.9.3\n   Compiling rand_xorshift v0.4.0\n   Compiling ppv-lite86 v0.2.21\n   Compiling rand_chacha v0.9.0\n   Compiling rand v0.9.1\n   Compiling ntest_test_cases v0.9.3\n   Compiling ntest_timeout v0.9.3\n   Compiling ntest v0.9.3\nwarning: unused import: `ntest::timeout`\n  --> src/pretty/mantissa.rs:86:8\n   |\n86 |    use ntest::timeout;\n   |        ^^^^^^^^^^^^^^\n   |\n   = note: `#[warn(unused_imports)]` on by default\n\nerror[E0133]: call to unsafe function `std::ptr::mut_ptr::<impl *mut T>::offset` is unsafe and requires unsafe function or block\n  --> src/pretty/mantissa.rs:92:22\n   |\n92 |     let result_ptr = buffer.as_mut_ptr().offset(10); // Start at the end of the buffer\n   |                      ^^^^^^^^^^^^^^^^^^^^^^^^^^^^^^ call to unsafe function\n   |\n   = note: consult the function's documentation for information on how to avoid undefined behavior\n\nFor more information about this error, try `rustc --explain E0133`.\nwarning: `ryu` (lib test) generated 1 warning\nerror: could not compile `ryu` (lib test) due to 1 previous error; 1 warning emitted\n"
                }
              ],
              "repaired": [
                false
              ]
            },
            {
              "attrs": [],
              "prefix": [],
              "oracles": [],
              "codes": [
                [
                  "{",
                  "    let output: u32 = 10;",
                  "    let mut buffer = [0u8; 10]; // Buffer for the result",
                  "    let result_ptr = buffer.as_mut_ptr().offset(10); // Start at the end of the buffer",
                  "",
                  "    unsafe {",
                  "        write_mantissa(output, result_ptr);",
                  "    }",
                  "    ",
                  "    assert_eq!(buffer[9], b'0' + 10); // Expected output when output == 10",
                  "}"
                ]
              ],
              "can_compile": [
                {
                  "Err": "    Blocking waiting for file lock on package cache\n   Compiling libc v0.2.172\n   Compiling proc-macro2 v1.0.95\n   Compiling getrandom v0.3.2\n   Compiling zerocopy v0.8.24\n   Compiling syn v1.0.109\n   Compiling ryu v1.0.20 (/home/abezbm/rust-utgen-test-crates-new/ryu)\n   Compiling quote v1.0.40\n   Compiling num_cpus v1.16.0\n   Compiling rand_core v0.9.3\n   Compiling rand_xorshift v0.4.0\n   Compiling ppv-lite86 v0.2.21\n   Compiling rand_chacha v0.9.0\n   Compiling rand v0.9.1\n   Compiling ntest_test_cases v0.9.3\n   Compiling ntest_timeout v0.9.3\n   Compiling ntest v0.9.3\nwarning: unused import: `ntest::timeout`\n  --> src/pretty/mantissa.rs:86:8\n   |\n86 |    use ntest::timeout;\n   |        ^^^^^^^^^^^^^^\n   |\n   = note: `#[warn(unused_imports)]` on by default\n\nerror[E0133]: call to unsafe function `std::ptr::mut_ptr::<impl *mut T>::offset` is unsafe and requires unsafe function or block\n  --> src/pretty/mantissa.rs:92:22\n   |\n92 |     let result_ptr = buffer.as_mut_ptr().offset(10); // Start at the end of the buffer\n   |                      ^^^^^^^^^^^^^^^^^^^^^^^^^^^^^^ call to unsafe function\n   |\n   = note: consult the function's documentation for information on how to avoid undefined behavior\n\nFor more information about this error, try `rustc --explain E0133`.\nwarning: `ryu` (lib test) generated 1 warning\nerror: could not compile `ryu` (lib test) due to 1 previous error; 1 warning emitted\n"
                }
              ],
              "repaired": [
                false
              ]
            }
          ]
        }
      ]
    },
    {
      "chain_id": 8,
      "prompt_conds": [
        "// constraint: output >= 10_000 is false\n",
        "// constraint: output >= 100 is false\n",
        "// constraint: output >= 10 is false\n"
      ],
      "input_infer": "",
      "answers": [
        {
          "uses": [],
          "has_test_mod": false,
          "common": [],
          "chain_tests": [
            {
              "attrs": [],
              "prefix": [],
              "oracles": [],
              "codes": [
                [
                  "{",
                  "    let mut buffer: [u8; 20] = [0; 20];",
                  "    let result_ptr = buffer.as_mut_ptr().add(20); // Point to the end of the array",
                  "",
                  "    unsafe {",
                  "        write_mantissa(0, result_ptr);",
                  "    }",
                  "",
                  "    assert_eq!(&buffer[18..20], &[b'0', 0]);",
                  "}"
                ]
              ],
              "can_compile": [
                {
                  "Err": "   Compiling libc v0.2.172\n   Compiling proc-macro2 v1.0.95\n   Compiling getrandom v0.3.2\n   Compiling syn v1.0.109\n   Compiling zerocopy v0.8.24\n   Compiling ryu v1.0.20 (/home/abezbm/rust-utgen-test-crates-new/ryu)\n   Compiling quote v1.0.40\n   Compiling num_cpus v1.16.0\n   Compiling rand_core v0.9.3\n   Compiling rand_xorshift v0.4.0\n   Compiling ppv-lite86 v0.2.21\n   Compiling rand_chacha v0.9.0\n   Compiling rand v0.9.1\n   Compiling ntest_test_cases v0.9.3\n   Compiling ntest_timeout v0.9.3\n   Compiling ntest v0.9.3\nwarning: unused import: `ntest::timeout`\n  --> src/pretty/mantissa.rs:86:8\n   |\n86 |    use ntest::timeout;\n   |        ^^^^^^^^^^^^^^\n   |\n   = note: `#[warn(unused_imports)]` on by default\n\nerror[E0133]: call to unsafe function `std::ptr::mut_ptr::<impl *mut T>::add` is unsafe and requires unsafe function or block\n  --> src/pretty/mantissa.rs:91:22\n   |\n91 |     let result_ptr = buffer.as_mut_ptr().add(20); // Point to the end of the array\n   |                      ^^^^^^^^^^^^^^^^^^^^^^^^^^^ call to unsafe function\n   |\n   = note: consult the function's documentation for information on how to avoid undefined behavior\n\nFor more information about this error, try `rustc --explain E0133`.\nwarning: `ryu` (lib test) generated 1 warning\nerror: could not compile `ryu` (lib test) due to 1 previous error; 1 warning emitted\n"
                }
              ],
              "repaired": [
                false
              ]
            },
            {
              "attrs": [],
              "prefix": [],
              "oracles": [],
              "codes": [
                [
                  "{",
                  "    let mut buffer: [u8; 20] = [0; 20];",
                  "    let result_ptr = buffer.as_mut_ptr().add(20); // Point to the end of the array",
                  "",
                  "    unsafe {",
                  "        write_mantissa(1, result_ptr);",
                  "    }",
                  "",
                  "    assert_eq!(&buffer[19..20], &[b'1']);",
                  "}"
                ]
              ],
              "can_compile": [
                {
                  "Err": "   Compiling libc v0.2.172\n   Compiling proc-macro2 v1.0.95\n   Compiling getrandom v0.3.2\n   Compiling syn v1.0.109\n   Compiling zerocopy v0.8.24\n   Compiling ryu v1.0.20 (/home/abezbm/rust-utgen-test-crates-new/ryu)\n   Compiling quote v1.0.40\n   Compiling num_cpus v1.16.0\n   Compiling rand_core v0.9.3\n   Compiling rand_xorshift v0.4.0\n   Compiling ppv-lite86 v0.2.21\n   Compiling rand_chacha v0.9.0\n   Compiling rand v0.9.1\n   Compiling ntest_timeout v0.9.3\n   Compiling ntest_test_cases v0.9.3\n   Compiling ntest v0.9.3\nwarning: unused import: `ntest::timeout`\n  --> src/pretty/mantissa.rs:86:8\n   |\n86 |    use ntest::timeout;\n   |        ^^^^^^^^^^^^^^\n   |\n   = note: `#[warn(unused_imports)]` on by default\n\nerror[E0133]: call to unsafe function `std::ptr::mut_ptr::<impl *mut T>::add` is unsafe and requires unsafe function or block\n  --> src/pretty/mantissa.rs:91:22\n   |\n91 |     let result_ptr = buffer.as_mut_ptr().add(20); // Point to the end of the array\n   |                      ^^^^^^^^^^^^^^^^^^^^^^^^^^^ call to unsafe function\n   |\n   = note: consult the function's documentation for information on how to avoid undefined behavior\n\nFor more information about this error, try `rustc --explain E0133`.\nwarning: `ryu` (lib test) generated 1 warning\nerror: could not compile `ryu` (lib test) due to 1 previous error; 1 warning emitted\n"
                }
              ],
              "repaired": [
                false
              ]
            },
            {
              "attrs": [],
              "prefix": [],
              "oracles": [],
              "codes": [
                [
                  "{",
                  "    let mut buffer: [u8; 20] = [0; 20];",
                  "    let result_ptr = buffer.as_mut_ptr().add(20); // Point to the end of the array",
                  "",
                  "    unsafe {",
                  "        write_mantissa(9, result_ptr);",
                  "    }",
                  "",
                  "    assert_eq!(&buffer[19..20], &[b'9']);",
                  "}"
                ]
              ],
              "can_compile": [
                {
                  "Err": "   Compiling libc v0.2.172\n   Compiling proc-macro2 v1.0.95\n   Compiling getrandom v0.3.2\n   Compiling syn v1.0.109\n   Compiling zerocopy v0.8.24\n   Compiling ryu v1.0.20 (/home/abezbm/rust-utgen-test-crates-new/ryu)\n   Compiling quote v1.0.40\n   Compiling num_cpus v1.16.0\n   Compiling rand_core v0.9.3\n   Compiling rand_xorshift v0.4.0\n   Compiling ppv-lite86 v0.2.21\n   Compiling rand_chacha v0.9.0\n   Compiling rand v0.9.1\n   Compiling ntest_timeout v0.9.3\n   Compiling ntest_test_cases v0.9.3\n   Compiling ntest v0.9.3\nwarning: unused import: `ntest::timeout`\n  --> src/pretty/mantissa.rs:86:8\n   |\n86 |    use ntest::timeout;\n   |        ^^^^^^^^^^^^^^\n   |\n   = note: `#[warn(unused_imports)]` on by default\n\nerror[E0133]: call to unsafe function `std::ptr::mut_ptr::<impl *mut T>::add` is unsafe and requires unsafe function or block\n  --> src/pretty/mantissa.rs:91:22\n   |\n91 |     let result_ptr = buffer.as_mut_ptr().add(20); // Point to the end of the array\n   |                      ^^^^^^^^^^^^^^^^^^^^^^^^^^^ call to unsafe function\n   |\n   = note: consult the function's documentation for information on how to avoid undefined behavior\n\nFor more information about this error, try `rustc --explain E0133`.\nwarning: `ryu` (lib test) generated 1 warning\nerror: could not compile `ryu` (lib test) due to 1 previous error; 1 warning emitted\n"
                }
              ],
              "repaired": [
                false
              ]
            },
            {
              "attrs": [],
              "prefix": [],
              "oracles": [],
              "codes": [
                [
                  "{",
                  "    let mut buffer: [u8; 20] = [0; 20];",
                  "    let result_ptr = buffer.as_mut_ptr().add(20); // Point to the end of the array",
                  "",
                  "    unsafe {",
                  "        write_mantissa(10, result_ptr);",
                  "    }",
                  "",
                  "    assert_eq!(&buffer[18..20], &[b'1', b'0']);",
                  "}"
                ]
              ],
              "can_compile": [
                {
                  "Err": "   Compiling libc v0.2.172\n   Compiling proc-macro2 v1.0.95\n   Compiling getrandom v0.3.2\n   Compiling zerocopy v0.8.24\n   Compiling syn v1.0.109\n   Compiling ryu v1.0.20 (/home/abezbm/rust-utgen-test-crates-new/ryu)\n   Compiling quote v1.0.40\n   Compiling num_cpus v1.16.0\n   Compiling rand_core v0.9.3\n   Compiling rand_xorshift v0.4.0\n   Compiling ppv-lite86 v0.2.21\n   Compiling rand_chacha v0.9.0\n   Compiling rand v0.9.1\n   Compiling ntest_test_cases v0.9.3\n   Compiling ntest_timeout v0.9.3\n   Compiling ntest v0.9.3\nwarning: unused import: `ntest::timeout`\n  --> src/pretty/mantissa.rs:86:8\n   |\n86 |    use ntest::timeout;\n   |        ^^^^^^^^^^^^^^\n   |\n   = note: `#[warn(unused_imports)]` on by default\n\nerror[E0133]: call to unsafe function `std::ptr::mut_ptr::<impl *mut T>::add` is unsafe and requires unsafe function or block\n  --> src/pretty/mantissa.rs:91:22\n   |\n91 |     let result_ptr = buffer.as_mut_ptr().add(20); // Point to the end of the array\n   |                      ^^^^^^^^^^^^^^^^^^^^^^^^^^^ call to unsafe function\n   |\n   = note: consult the function's documentation for information on how to avoid undefined behavior\n\nFor more information about this error, try `rustc --explain E0133`.\nwarning: `ryu` (lib test) generated 1 warning\nerror: could not compile `ryu` (lib test) due to 1 previous error; 1 warning emitted\n"
                }
              ],
              "repaired": [
                false
              ]
            },
            {
              "attrs": [],
              "prefix": [],
              "oracles": [],
              "codes": [
                [
                  "{",
                  "    let mut buffer: [u8; 20] = [0; 20];",
                  "    let result_ptr = buffer.as_mut_ptr().add(20); // Point to the end of the array",
                  "",
                  "    unsafe {",
                  "        write_mantissa(11, result_ptr);",
                  "    }",
                  "",
                  "    assert_eq!(&buffer[18..20], &[b'1', b'1']);",
                  "}"
                ]
              ],
              "can_compile": [
                {
                  "Err": "   Compiling libc v0.2.172\n   Compiling proc-macro2 v1.0.95\n   Compiling getrandom v0.3.2\n   Compiling syn v1.0.109\n   Compiling zerocopy v0.8.24\n   Compiling ryu v1.0.20 (/home/abezbm/rust-utgen-test-crates-new/ryu)\n   Compiling quote v1.0.40\n   Compiling num_cpus v1.16.0\n   Compiling rand_core v0.9.3\n   Compiling rand_xorshift v0.4.0\n   Compiling ppv-lite86 v0.2.21\n   Compiling rand_chacha v0.9.0\n   Compiling rand v0.9.1\n   Compiling ntest_timeout v0.9.3\n   Compiling ntest_test_cases v0.9.3\n   Compiling ntest v0.9.3\nwarning: unused import: `ntest::timeout`\n  --> src/pretty/mantissa.rs:86:8\n   |\n86 |    use ntest::timeout;\n   |        ^^^^^^^^^^^^^^\n   |\n   = note: `#[warn(unused_imports)]` on by default\n\nerror[E0133]: call to unsafe function `std::ptr::mut_ptr::<impl *mut T>::add` is unsafe and requires unsafe function or block\n  --> src/pretty/mantissa.rs:91:22\n   |\n91 |     let result_ptr = buffer.as_mut_ptr().add(20); // Point to the end of the array\n   |                      ^^^^^^^^^^^^^^^^^^^^^^^^^^^ call to unsafe function\n   |\n   = note: consult the function's documentation for information on how to avoid undefined behavior\n\nFor more information about this error, try `rustc --explain E0133`.\nwarning: `ryu` (lib test) generated 1 warning\nerror: could not compile `ryu` (lib test) due to 1 previous error; 1 warning emitted\n"
                }
              ],
              "repaired": [
                false
              ]
            }
          ]
        }
      ]
    }
  ]
}