{
  "name": "hashbrown::map::map::HashMap<K, V, S, A>::into_values",
  "name_with_impl": "hashbrown::map::{impl#4}::into_values",
  "mod_info": {
    "name": "map",
    "loc": "src/lib.rs:65:1:65:9"
  },
  "visible": true,
  "loc": "src/map.rs:1061:5:1065:6",
  "fn_tests": [
    {
      "chain_id": 1,
      "prompt_conds": [
        "// expected return value/type: IntoValues {\n            inner: self.into_iter(),\n        }\n"
      ],
      "input_infer": "",
      "answers": [
        {
          "uses": [],
          "has_test_mod": false,
          "common": [
            "#[should_panic]",
            "fn test_into_values_map_used_after() {",
            "    let mut map = HashMap::with_hasher_in(DefaultHashBuilder::new(), Global);",
            "    map.insert(\"a\", 1);",
            "    let _values: IntoValues<&str, i32> = map.into_values();",
            "    // The map should not be used after this point, uncommenting the next line should trigger a panic.",
            "    // let _len = map.len();",
            "}"
          ],
          "chain_tests": [
            {
              "attrs": [],
              "prefix": [],
              "oracles": [],
              "codes": [
                [
                  "{",
                  "    let map: HashMap<&str, i32> = HashMap::with_hasher_in(DefaultHashBuilder::new(), Global);",
                  "    let values: Vec<i32> = map.into_values().collect();",
                  "    assert!(values.is_empty());",
                  "}"
                ]
              ],
              "can_compile": [
                {
                  "Err": "   Compiling proc-macro2 v1.0.95\n   Compiling crossbeam-utils v0.8.21\n   Compiling libc v0.2.172\n   Compiling zerocopy v0.8.25\n   Compiling syn v1.0.109\n   Compiling rayon-core v1.12.1\n   Compiling serde v1.0.219\n   Compiling doc-comment v0.3.3\n   Compiling crossbeam-epoch v0.9.18\n   Compiling quote v1.0.40\n   Compiling crossbeam-deque v0.8.6\n   Compiling getrandom v0.2.16\n   Compiling rand_core v0.6.4\n   Compiling rayon v1.10.0\n   Compiling ppv-lite86 v0.2.21\n   Compiling rand_chacha v0.3.1\n   Compiling rand v0.8.5\n   Compiling serde_test v1.0.177\n   Compiling ntest_test_cases v0.9.3\n   Compiling ntest_timeout v0.9.3\n   Compiling ntest v0.9.3\n   Compiling hashbrown v0.15.1 (/home/abezbm/rust-utgen-test-crates-new/hashbrown)\nwarning: unused imports: `Occupied` and `Vacant`\n    --> src/map.rs:4688:24\n     |\n4688 |     use super::Entry::{Occupied, Vacant};\n     |                        ^^^^^^^^  ^^^^^^\n     |\n     = note: `#[warn(unused_imports)]` on by default\n\nwarning: unused import: `super::EntryRef`\n    --> src/map.rs:4689:9\n     |\n4689 |     use super::EntryRef;\n     |         ^^^^^^^^^^^^^^^\n\nwarning: unused import: `ToString`\n    --> src/map.rs:4691:33\n     |\n4691 |     use alloc::string::{String, ToString};\n     |                                 ^^^^^^^^\n\nwarning: unused imports: `Rng`, `SeedableRng`, and `rngs::SmallRng`\n    --> src/map.rs:4697:16\n     |\n4697 |     use rand::{rngs::SmallRng, Rng, SeedableRng};\n     |                ^^^^^^^^^^^^^^  ^^^  ^^^^^^^^^^^\n\nwarning: unused import: `std::borrow::ToOwned`\n    --> src/map.rs:4698:9\n     |\n4698 |     use std::borrow::ToOwned;\n     |         ^^^^^^^^^^^^^^^^^^^^\n\nwarning: unused import: `ntest::timeout`\n    --> src/map.rs:6514:8\n     |\n6514 |    use ntest::timeout;\n     |        ^^^^^^^^^^^^^^\n\nwarning: unused import: `super::HashMap`\n    --> src/raw_entry.rs:1487:9\n     |\n1487 |     use super::HashMap;\n     |         ^^^^^^^^^^^^^^\n\nwarning: unused import: `super::RawEntryMut`\n    --> src/raw_entry.rs:1488:9\n     |\n1488 |     use super::RawEntryMut;\n     |         ^^^^^^^^^^^^^^^^^^\n\nwarning: unused imports: `Equivalent`, `HashSet`, and `make_hash`\n    --> src/set.rs:2579:17\n     |\n2579 |     use super::{make_hash, Equivalent, HashSet};\n     |                 ^^^^^^^^^  ^^^^^^^^^^  ^^^^^^^\n\nwarning: unused import: `crate::DefaultHashBuilder`\n    --> src/set.rs:2580:9\n     |\n2580 |     use crate::DefaultHashBuilder;\n     |         ^^^^^^^^^^^^^^^^^^^^^^^^^\n\nwarning: unused import: `std::vec::Vec`\n    --> src/set.rs:2581:9\n     |\n2581 |     use std::vec::Vec;\n     |         ^^^^^^^^^^^^^\n\nwarning: unused import: `super::HashTable`\n    --> src/table.rs:2375:9\n     |\n2375 |     use super::HashTable;\n     |         ^^^^^^^^^^^^^^^^\n\nerror[E0599]: no function or associated item named `new` found for struct `foldhash::fast::RandomState` in the current scope\n    --> src/map.rs:6517:63\n     |\n6517 |     let mut map = HashMap::with_hasher_in(DefaultHashBuilder::new(), Global);\n     |                                                               ^^^ function or associated item not found in `RandomState`\n\nerror[E0599]: no function or associated item named `new` found for struct `foldhash::fast::RandomState` in the current scope\n    --> src/map.rs:6527:79\n     |\n6527 |     let map: HashMap<&str, i32> = HashMap::with_hasher_in(DefaultHashBuilder::new(), Global);\n     |                                                                               ^^^ function or associated item not found in `RandomState`\n\nFor more information about this error, try `rustc --explain E0599`.\nwarning: `hashbrown` (lib test) generated 12 warnings\nerror: could not compile `hashbrown` (lib test) due to 2 previous errors; 12 warnings emitted\n"
                }
              ],
              "repaired": [
                false
              ]
            },
            {
              "attrs": [],
              "prefix": [],
              "oracles": [],
              "codes": [
                [
                  "{",
                  "    let mut map = HashMap::with_hasher_in(DefaultHashBuilder::new(), Global);",
                  "    map.insert(\"a\", 1);",
                  "    let mut values: Vec<i32> = map.into_values().collect();",
                  "    values.sort_unstable();",
                  "    assert_eq!(values, [1]);",
                  "}"
                ]
              ],
              "can_compile": [
                {
                  "Err": "   Compiling proc-macro2 v1.0.95\n   Compiling crossbeam-utils v0.8.21\n   Compiling libc v0.2.172\n   Compiling syn v1.0.109\n   Compiling zerocopy v0.8.25\n   Compiling serde v1.0.219\n   Compiling rayon-core v1.12.1\n   Compiling doc-comment v0.3.3\n   Compiling crossbeam-epoch v0.9.18\n   Compiling quote v1.0.40\n   Compiling crossbeam-deque v0.8.6\n   Compiling getrandom v0.2.16\n   Compiling rand_core v0.6.4\n   Compiling rayon v1.10.0\n   Compiling ppv-lite86 v0.2.21\n   Compiling rand_chacha v0.3.1\n   Compiling rand v0.8.5\n   Compiling serde_test v1.0.177\n   Compiling ntest_timeout v0.9.3\n   Compiling ntest_test_cases v0.9.3\n   Compiling ntest v0.9.3\n   Compiling hashbrown v0.15.1 (/home/abezbm/rust-utgen-test-crates-new/hashbrown)\nwarning: unused imports: `Occupied` and `Vacant`\n    --> src/map.rs:4688:24\n     |\n4688 |     use super::Entry::{Occupied, Vacant};\n     |                        ^^^^^^^^  ^^^^^^\n     |\n     = note: `#[warn(unused_imports)]` on by default\n\nwarning: unused import: `super::EntryRef`\n    --> src/map.rs:4689:9\n     |\n4689 |     use super::EntryRef;\n     |         ^^^^^^^^^^^^^^^\n\nwarning: unused import: `ToString`\n    --> src/map.rs:4691:33\n     |\n4691 |     use alloc::string::{String, ToString};\n     |                                 ^^^^^^^^\n\nwarning: unused imports: `Rng`, `SeedableRng`, and `rngs::SmallRng`\n    --> src/map.rs:4697:16\n     |\n4697 |     use rand::{rngs::SmallRng, Rng, SeedableRng};\n     |                ^^^^^^^^^^^^^^  ^^^  ^^^^^^^^^^^\n\nwarning: unused import: `std::borrow::ToOwned`\n    --> src/map.rs:4698:9\n     |\n4698 |     use std::borrow::ToOwned;\n     |         ^^^^^^^^^^^^^^^^^^^^\n\nwarning: unused import: `ntest::timeout`\n    --> src/map.rs:6514:8\n     |\n6514 |    use ntest::timeout;\n     |        ^^^^^^^^^^^^^^\n\nwarning: unused import: `super::HashMap`\n    --> src/raw_entry.rs:1487:9\n     |\n1487 |     use super::HashMap;\n     |         ^^^^^^^^^^^^^^\n\nwarning: unused import: `super::RawEntryMut`\n    --> src/raw_entry.rs:1488:9\n     |\n1488 |     use super::RawEntryMut;\n     |         ^^^^^^^^^^^^^^^^^^\n\nwarning: unused imports: `Equivalent`, `HashSet`, and `make_hash`\n    --> src/set.rs:2579:17\n     |\n2579 |     use super::{make_hash, Equivalent, HashSet};\n     |                 ^^^^^^^^^  ^^^^^^^^^^  ^^^^^^^\n\nwarning: unused import: `crate::DefaultHashBuilder`\n    --> src/set.rs:2580:9\n     |\n2580 |     use crate::DefaultHashBuilder;\n     |         ^^^^^^^^^^^^^^^^^^^^^^^^^\n\nwarning: unused import: `std::vec::Vec`\n    --> src/set.rs:2581:9\n     |\n2581 |     use std::vec::Vec;\n     |         ^^^^^^^^^^^^^\n\nwarning: unused import: `super::HashTable`\n    --> src/table.rs:2375:9\n     |\n2375 |     use super::HashTable;\n     |         ^^^^^^^^^^^^^^^^\n\nerror[E0599]: no function or associated item named `new` found for struct `foldhash::fast::RandomState` in the current scope\n    --> src/map.rs:6517:63\n     |\n6517 |     let mut map = HashMap::with_hasher_in(DefaultHashBuilder::new(), Global);\n     |                                                               ^^^ function or associated item not found in `RandomState`\n\nerror[E0599]: no function or associated item named `new` found for struct `foldhash::fast::RandomState` in the current scope\n    --> src/map.rs:6527:63\n     |\n6527 |     let mut map = HashMap::with_hasher_in(DefaultHashBuilder::new(), Global);\n     |                                                               ^^^ function or associated item not found in `RandomState`\n\nFor more information about this error, try `rustc --explain E0599`.\nwarning: `hashbrown` (lib test) generated 12 warnings\nerror: could not compile `hashbrown` (lib test) due to 2 previous errors; 12 warnings emitted\n"
                }
              ],
              "repaired": [
                false
              ]
            },
            {
              "attrs": [],
              "prefix": [],
              "oracles": [],
              "codes": [
                [
                  "{",
                  "    let mut map = HashMap::with_hasher_in(DefaultHashBuilder::new(), Global);",
                  "    map.insert(\"a\", 1);",
                  "    map.insert(\"b\", 2);",
                  "    map.insert(\"c\", 3);",
                  "    ",
                  "    let mut values: Vec<i32> = map.into_values().collect();",
                  "    values.sort_unstable();",
                  "    assert_eq!(values, [1, 2, 3]);",
                  "}"
                ]
              ],
              "can_compile": [
                {
                  "Err": "   Compiling proc-macro2 v1.0.95\n   Compiling libc v0.2.172\n   Compiling crossbeam-utils v0.8.21\n   Compiling zerocopy v0.8.25\n   Compiling syn v1.0.109\n   Compiling rayon-core v1.12.1\n   Compiling serde v1.0.219\n   Compiling doc-comment v0.3.3\n   Compiling crossbeam-epoch v0.9.18\n   Compiling quote v1.0.40\n   Compiling crossbeam-deque v0.8.6\n   Compiling getrandom v0.2.16\n   Compiling rand_core v0.6.4\n   Compiling rayon v1.10.0\n   Compiling ppv-lite86 v0.2.21\n   Compiling rand_chacha v0.3.1\n   Compiling rand v0.8.5\n   Compiling serde_test v1.0.177\n   Compiling ntest_timeout v0.9.3\n   Compiling ntest_test_cases v0.9.3\n   Compiling ntest v0.9.3\n   Compiling hashbrown v0.15.1 (/home/abezbm/rust-utgen-test-crates-new/hashbrown)\nwarning: unused imports: `Occupied` and `Vacant`\n    --> src/map.rs:4688:24\n     |\n4688 |     use super::Entry::{Occupied, Vacant};\n     |                        ^^^^^^^^  ^^^^^^\n     |\n     = note: `#[warn(unused_imports)]` on by default\n\nwarning: unused import: `super::EntryRef`\n    --> src/map.rs:4689:9\n     |\n4689 |     use super::EntryRef;\n     |         ^^^^^^^^^^^^^^^\n\nwarning: unused import: `ToString`\n    --> src/map.rs:4691:33\n     |\n4691 |     use alloc::string::{String, ToString};\n     |                                 ^^^^^^^^\n\nwarning: unused imports: `Rng`, `SeedableRng`, and `rngs::SmallRng`\n    --> src/map.rs:4697:16\n     |\n4697 |     use rand::{rngs::SmallRng, Rng, SeedableRng};\n     |                ^^^^^^^^^^^^^^  ^^^  ^^^^^^^^^^^\n\nwarning: unused import: `std::borrow::ToOwned`\n    --> src/map.rs:4698:9\n     |\n4698 |     use std::borrow::ToOwned;\n     |         ^^^^^^^^^^^^^^^^^^^^\n\nwarning: unused import: `ntest::timeout`\n    --> src/map.rs:6514:8\n     |\n6514 |    use ntest::timeout;\n     |        ^^^^^^^^^^^^^^\n\nwarning: unused import: `super::HashMap`\n    --> src/raw_entry.rs:1487:9\n     |\n1487 |     use super::HashMap;\n     |         ^^^^^^^^^^^^^^\n\nwarning: unused import: `super::RawEntryMut`\n    --> src/raw_entry.rs:1488:9\n     |\n1488 |     use super::RawEntryMut;\n     |         ^^^^^^^^^^^^^^^^^^\n\nwarning: unused imports: `Equivalent`, `HashSet`, and `make_hash`\n    --> src/set.rs:2579:17\n     |\n2579 |     use super::{make_hash, Equivalent, HashSet};\n     |                 ^^^^^^^^^  ^^^^^^^^^^  ^^^^^^^\n\nwarning: unused import: `crate::DefaultHashBuilder`\n    --> src/set.rs:2580:9\n     |\n2580 |     use crate::DefaultHashBuilder;\n     |         ^^^^^^^^^^^^^^^^^^^^^^^^^\n\nwarning: unused import: `std::vec::Vec`\n    --> src/set.rs:2581:9\n     |\n2581 |     use std::vec::Vec;\n     |         ^^^^^^^^^^^^^\n\nwarning: unused import: `super::HashTable`\n    --> src/table.rs:2375:9\n     |\n2375 |     use super::HashTable;\n     |         ^^^^^^^^^^^^^^^^\n\nerror[E0599]: no function or associated item named `new` found for struct `foldhash::fast::RandomState` in the current scope\n    --> src/map.rs:6517:63\n     |\n6517 |     let mut map = HashMap::with_hasher_in(DefaultHashBuilder::new(), Global);\n     |                                                               ^^^ function or associated item not found in `RandomState`\n\nerror[E0599]: no function or associated item named `new` found for struct `foldhash::fast::RandomState` in the current scope\n    --> src/map.rs:6527:63\n     |\n6527 |     let mut map = HashMap::with_hasher_in(DefaultHashBuilder::new(), Global);\n     |                                                               ^^^ function or associated item not found in `RandomState`\n\nFor more information about this error, try `rustc --explain E0599`.\nwarning: `hashbrown` (lib test) generated 12 warnings\nerror: could not compile `hashbrown` (lib test) due to 2 previous errors; 12 warnings emitted\n"
                }
              ],
              "repaired": [
                false
              ]
            },
            {
              "attrs": [],
              "prefix": [],
              "oracles": [],
              "codes": [
                [
                  "{",
                  "    let mut map = HashMap::with_hasher_in(DefaultHashBuilder::new(), Global);",
                  "    map.insert(\"x\", 10);",
                  "    map.insert(\"y\", 20);",
                  "    map.insert(\"z\", 30);",
                  "    ",
                  "    let mut values: Vec<i32> = map.into_values().collect();",
                  "    values.sort_unstable();",
                  "    assert_eq!(values, [10, 20, 30]);",
                  "}"
                ]
              ],
              "can_compile": [
                {
                  "Err": "   Compiling proc-macro2 v1.0.95\n   Compiling libc v0.2.172\n   Compiling crossbeam-utils v0.8.21\n   Compiling zerocopy v0.8.25\n   Compiling syn v1.0.109\n   Compiling serde v1.0.219\n   Compiling rayon-core v1.12.1\n   Compiling doc-comment v0.3.3\n   Compiling crossbeam-epoch v0.9.18\n   Compiling quote v1.0.40\n   Compiling crossbeam-deque v0.8.6\n   Compiling getrandom v0.2.16\n   Compiling rand_core v0.6.4\n   Compiling rayon v1.10.0\n   Compiling ppv-lite86 v0.2.21\n   Compiling rand_chacha v0.3.1\n   Compiling rand v0.8.5\n   Compiling serde_test v1.0.177\n   Compiling ntest_test_cases v0.9.3\n   Compiling ntest_timeout v0.9.3\n   Compiling ntest v0.9.3\n   Compiling hashbrown v0.15.1 (/home/abezbm/rust-utgen-test-crates-new/hashbrown)\nwarning: unused imports: `Occupied` and `Vacant`\n    --> src/map.rs:4688:24\n     |\n4688 |     use super::Entry::{Occupied, Vacant};\n     |                        ^^^^^^^^  ^^^^^^\n     |\n     = note: `#[warn(unused_imports)]` on by default\n\nwarning: unused import: `super::EntryRef`\n    --> src/map.rs:4689:9\n     |\n4689 |     use super::EntryRef;\n     |         ^^^^^^^^^^^^^^^\n\nwarning: unused import: `ToString`\n    --> src/map.rs:4691:33\n     |\n4691 |     use alloc::string::{String, ToString};\n     |                                 ^^^^^^^^\n\nwarning: unused imports: `Rng`, `SeedableRng`, and `rngs::SmallRng`\n    --> src/map.rs:4697:16\n     |\n4697 |     use rand::{rngs::SmallRng, Rng, SeedableRng};\n     |                ^^^^^^^^^^^^^^  ^^^  ^^^^^^^^^^^\n\nwarning: unused import: `std::borrow::ToOwned`\n    --> src/map.rs:4698:9\n     |\n4698 |     use std::borrow::ToOwned;\n     |         ^^^^^^^^^^^^^^^^^^^^\n\nwarning: unused import: `ntest::timeout`\n    --> src/map.rs:6514:8\n     |\n6514 |    use ntest::timeout;\n     |        ^^^^^^^^^^^^^^\n\nwarning: unused import: `super::HashMap`\n    --> src/raw_entry.rs:1487:9\n     |\n1487 |     use super::HashMap;\n     |         ^^^^^^^^^^^^^^\n\nwarning: unused import: `super::RawEntryMut`\n    --> src/raw_entry.rs:1488:9\n     |\n1488 |     use super::RawEntryMut;\n     |         ^^^^^^^^^^^^^^^^^^\n\nwarning: unused imports: `Equivalent`, `HashSet`, and `make_hash`\n    --> src/set.rs:2579:17\n     |\n2579 |     use super::{make_hash, Equivalent, HashSet};\n     |                 ^^^^^^^^^  ^^^^^^^^^^  ^^^^^^^\n\nwarning: unused import: `crate::DefaultHashBuilder`\n    --> src/set.rs:2580:9\n     |\n2580 |     use crate::DefaultHashBuilder;\n     |         ^^^^^^^^^^^^^^^^^^^^^^^^^\n\nwarning: unused import: `std::vec::Vec`\n    --> src/set.rs:2581:9\n     |\n2581 |     use std::vec::Vec;\n     |         ^^^^^^^^^^^^^\n\nwarning: unused import: `super::HashTable`\n    --> src/table.rs:2375:9\n     |\n2375 |     use super::HashTable;\n     |         ^^^^^^^^^^^^^^^^\n\nerror[E0599]: no function or associated item named `new` found for struct `foldhash::fast::RandomState` in the current scope\n    --> src/map.rs:6517:63\n     |\n6517 |     let mut map = HashMap::with_hasher_in(DefaultHashBuilder::new(), Global);\n     |                                                               ^^^ function or associated item not found in `RandomState`\n\nerror[E0599]: no function or associated item named `new` found for struct `foldhash::fast::RandomState` in the current scope\n    --> src/map.rs:6527:63\n     |\n6527 |     let mut map = HashMap::with_hasher_in(DefaultHashBuilder::new(), Global);\n     |                                                               ^^^ function or associated item not found in `RandomState`\n\nFor more information about this error, try `rustc --explain E0599`.\nwarning: `hashbrown` (lib test) generated 12 warnings\nerror: could not compile `hashbrown` (lib test) due to 2 previous errors; 12 warnings emitted\n"
                }
              ],
              "repaired": [
                false
              ]
            }
          ]
        }
      ]
    }
  ]
}