{
  "name": "regex_syntax::ast::visitor::ast::visitor::ClassInduct<'a>::from_bracketed",
  "name_with_impl": "regex_syntax::ast::visitor::{impl#3}::from_bracketed",
  "mod_info": {
    "name": "ast::visitor",
    "loc": "regex-syntax/src/ast/mod.rs:23:1:23:13"
  },
  "visible": false,
  "loc": "regex-syntax/src/ast/visitor.rs:502:5:504:6",
  "fn_tests": [
    {
      "chain_id": 1,
      "prompt_conds": [],
      "input_infer": "ClassBracketed span: (0, 10), negated: {true, false}, kind: {Item, BinaryOp}\n",
      "answers": [
        {
          "uses": [],
          "has_test_mod": false,
          "common": [],
          "chain_tests": [
            {
              "attrs": [],
              "prefix": [
                "{",
                "    let span = Span::new(0, 10);",
                "    let literal = Literal::new('a');",
                "    let class_item = ClassSetItem::Literal(literal);",
                "    let class_set = ClassSet::Item(class_item);",
                "    let class_bracketed = ClassBracketed {",
                "        span,",
                "        negated: true,",
                "        kind: class_set,",
                "    };",
                "    let result = ClassInduct::from_bracketed(&class_bracketed);",
                "}"
              ],
              "oracles": [
                [
                  "    let span = Span::new(0, 10);",
                  "    let literal = Literal::new('a');",
                  "    let class_item = ClassSetItem::Literal(literal);",
                  "    let class_set = ClassSet::Item(class_item);",
                  "    let class_bracketed = ClassBracketed { span, negated: true, kind: class_set };",
                  "    let result = ClassInduct::from_bracketed(&class_bracketed);",
                  "    assert_eq!(result.kind, ClassInduct::Item(&class_item));"
                ],
                [
                  "    let span = Span::new(0, 10);",
                  "    let literal = Literal::new('a');",
                  "    let class_item = ClassSetItem::Literal(literal);",
                  "    let class_set = ClassSet::Item(class_item);",
                  "    let class_bracketed = ClassBracketed { span, negated: true, kind: class_set };",
                  "    let result = ClassInduct::from_bracketed(&class_bracketed);",
                  "    assert!(result.is_binary_op() == false);"
                ],
                [
                  "    let span = Span::new(0, 10);",
                  "    let literal = Literal::new('a');",
                  "    let class_item = ClassSetItem::Literal(literal);",
                  "    let class_set = ClassSet::Item(class_item);",
                  "    let class_bracketed = ClassBracketed { span, negated: true, kind: class_set };",
                  "    let result = ClassInduct::from_bracketed(&class_bracketed);",
                  "    assert_eq!(result.negated, true);"
                ],
                [
                  "    let span = Span::new(0, 10);",
                  "    let literal = Literal::new('a');",
                  "    let class_item = ClassSetItem::Literal(literal);",
                  "    let class_set = ClassSet::Item(class_item);",
                  "    let class_bracketed = ClassBracketed { span, negated: true, kind: class_set };",
                  "    let result = ClassInduct::from_bracketed(&class_bracketed);",
                  "    assert_eq!(result.span, span);"
                ]
              ],
              "codes": [
                [
                  "{",
                  "    let span = Span::new(0, 10);",
                  "    let literal = Literal::new('a');",
                  "    let class_item = ClassSetItem::Literal(literal);",
                  "    let class_set = ClassSet::Item(class_item);",
                  "    let class_bracketed = ClassBracketed {",
                  "        span,",
                  "        negated: true,",
                  "        kind: class_set,",
                  "    };",
                  "    let result = ClassInduct::from_bracketed(&class_bracketed);",
                  "    let span = Span::new(0, 10);",
                  "    let literal = Literal::new('a');",
                  "    let class_item = ClassSetItem::Literal(literal);",
                  "    let class_set = ClassSet::Item(class_item);",
                  "    let class_bracketed = ClassBracketed { span, negated: true, kind: class_set };",
                  "    let result = ClassInduct::from_bracketed(&class_bracketed);",
                  "    assert_eq!(result.kind, ClassInduct::Item(&class_item));",
                  "}"
                ],
                [
                  "{",
                  "    let span = Span::new(0, 10);",
                  "    let literal = Literal::new('a');",
                  "    let class_item = ClassSetItem::Literal(literal);",
                  "    let class_set = ClassSet::Item(class_item);",
                  "    let class_bracketed = ClassBracketed {",
                  "        span,",
                  "        negated: true,",
                  "        kind: class_set,",
                  "    };",
                  "    let result = ClassInduct::from_bracketed(&class_bracketed);",
                  "    let span = Span::new(0, 10);",
                  "    let literal = Literal::new('a');",
                  "    let class_item = ClassSetItem::Literal(literal);",
                  "    let class_set = ClassSet::Item(class_item);",
                  "    let class_bracketed = ClassBracketed { span, negated: true, kind: class_set };",
                  "    let result = ClassInduct::from_bracketed(&class_bracketed);",
                  "    assert!(result.is_binary_op() == false);",
                  "}"
                ],
                [
                  "{",
                  "    let span = Span::new(0, 10);",
                  "    let literal = Literal::new('a');",
                  "    let class_item = ClassSetItem::Literal(literal);",
                  "    let class_set = ClassSet::Item(class_item);",
                  "    let class_bracketed = ClassBracketed {",
                  "        span,",
                  "        negated: true,",
                  "        kind: class_set,",
                  "    };",
                  "    let result = ClassInduct::from_bracketed(&class_bracketed);",
                  "    let span = Span::new(0, 10);",
                  "    let literal = Literal::new('a');",
                  "    let class_item = ClassSetItem::Literal(literal);",
                  "    let class_set = ClassSet::Item(class_item);",
                  "    let class_bracketed = ClassBracketed { span, negated: true, kind: class_set };",
                  "    let result = ClassInduct::from_bracketed(&class_bracketed);",
                  "    assert_eq!(result.negated, true);",
                  "}"
                ],
                [
                  "{",
                  "    let span = Span::new(0, 10);",
                  "    let literal = Literal::new('a');",
                  "    let class_item = ClassSetItem::Literal(literal);",
                  "    let class_set = ClassSet::Item(class_item);",
                  "    let class_bracketed = ClassBracketed {",
                  "        span,",
                  "        negated: true,",
                  "        kind: class_set,",
                  "    };",
                  "    let result = ClassInduct::from_bracketed(&class_bracketed);",
                  "    let span = Span::new(0, 10);",
                  "    let literal = Literal::new('a');",
                  "    let class_item = ClassSetItem::Literal(literal);",
                  "    let class_set = ClassSet::Item(class_item);",
                  "    let class_bracketed = ClassBracketed { span, negated: true, kind: class_set };",
                  "    let result = ClassInduct::from_bracketed(&class_bracketed);",
                  "    assert_eq!(result.span, span);",
                  "}"
                ]
              ],
              "can_compile": [
                {
                  "Err": "warning: /home/utgen/workspace/regex/Cargo.toml: no edition set: defaulting to the 2015 edition while the latest is 2021\nwarning: /home/utgen/workspace/regex/regex-syntax/Cargo.toml: no edition set: defaulting to the 2015 edition while the latest is 2021\nwarning: /home/utgen/workspace/regex/regex-debug/Cargo.toml: no edition set: defaulting to the 2015 edition while the latest is 2021\nwarning: /home/utgen/workspace/regex/regex-capi/Cargo.toml: no edition set: defaulting to the 2015 edition while the latest is 2021\nwarning: /home/utgen/workspace/regex/bench/Cargo.toml: no edition set: defaulting to the 2015 edition while the latest is 2021\n   Compiling proc-macro2 v1.0.95\n   Compiling syn v1.0.109\n   Compiling quote v1.0.40\n   Compiling ntest_timeout v0.9.3\n   Compiling ntest_test_cases v0.9.3\n   Compiling ntest v0.9.3\n   Compiling regex-syntax v0.6.0 (/home/utgen/workspace/regex/regex-syntax)\nerror[E0432]: unresolved import `ntest`\n   --> regex-syntax/src/ast/visitor.rs:561:8\n    |\n561 |    use ntest::timeout;\n    |        ^^^^^ maybe a missing crate `ntest`?\n    |\n    = help: consider adding `extern crate ntest` to use the `ntest` crate\n\nerror[E0433]: failed to resolve: use of undeclared type `Span`\n   --> regex-syntax/src/ast/visitor.rs:565:16\n    |\n565 |     let span = Span::new(0, 10);\n    |                ^^^^ use of undeclared type `Span`\n    |\nhelp: consider importing this struct\n    |\n560 +    use ast::Span;\n    |\n\nerror[E0433]: failed to resolve: use of undeclared type `Literal`\n   --> regex-syntax/src/ast/visitor.rs:566:19\n    |\n566 |     let literal = Literal::new('a');\n    |                   ^^^^^^^ use of undeclared type `Literal`\n    |\nhelp: consider importing one of these items\n    |\n560 +    use ast::Literal;\n    |\n560 +    use hir::Literal;\n    |\n560 +    use hir::literal::Literal;\n    |\n\nerror[E0433]: failed to resolve: use of undeclared type `ClassSetItem`\n   --> regex-syntax/src/ast/visitor.rs:567:22\n    |\n567 |     let class_item = ClassSetItem::Literal(literal);\n    |                      ^^^^^^^^^^^^ use of undeclared type `ClassSetItem`\n    |\nhelp: consider importing this enum\n    |\n560 +    use ast::ClassSetItem;\n    |\n\nerror[E0433]: failed to resolve: use of undeclared type `ClassSet`\n   --> regex-syntax/src/ast/visitor.rs:568:21\n    |\n568 |     let class_set = ClassSet::Item(class_item);\n    |                     ^^^^^^^^ use of undeclared type `ClassSet`\n    |\nhelp: consider importing this enum\n    |\n560 +    use ast::ClassSet;\n    |\n\nerror[E0422]: cannot find struct, variant or union type `ClassBracketed` in this scope\n   --> regex-syntax/src/ast/visitor.rs:569:27\n    |\n569 |     let class_bracketed = ClassBracketed {\n    |                           ^^^^^^^^^^^^^^ not found in this scope\n    |\nhelp: consider importing this struct\n    |\n560 +    use ast::ClassBracketed;\n    |\n\nerror[E0433]: failed to resolve: use of undeclared type `Span`\n   --> regex-syntax/src/ast/visitor.rs:575:16\n    |\n575 |     let span = Span::new(0, 10);\n    |                ^^^^ use of undeclared type `Span`\n    |\nhelp: consider importing this struct\n    |\n560 +    use ast::Span;\n    |\n\nerror[E0433]: failed to resolve: use of undeclared type `Literal`\n   --> regex-syntax/src/ast/visitor.rs:576:19\n    |\n576 |     let literal = Literal::new('a');\n    |                   ^^^^^^^ use of undeclared type `Literal`\n    |\nhelp: consider importing one of these items\n    |\n560 +    use ast::Literal;\n    |\n560 +    use hir::Literal;\n    |\n560 +    use hir::literal::Literal;\n    |\n\nerror[E0433]: failed to resolve: use of undeclared type `ClassSetItem`\n   --> regex-syntax/src/ast/visitor.rs:577:22\n    |\n577 |     let class_item = ClassSetItem::Literal(literal);\n    |                      ^^^^^^^^^^^^ use of undeclared type `ClassSetItem`\n    |\nhelp: consider importing this enum\n    |\n560 +    use ast::ClassSetItem;\n    |\n\nerror[E0433]: failed to resolve: use of undeclared type `ClassSet`\n   --> regex-syntax/src/ast/visitor.rs:578:21\n    |\n578 |     let class_set = ClassSet::Item(class_item);\n    |                     ^^^^^^^^ use of undeclared type `ClassSet`\n    |\nhelp: consider importing this enum\n    |\n560 +    use ast::ClassSet;\n    |\n\nerror[E0422]: cannot find struct, variant or union type `ClassBracketed` in this scope\n   --> regex-syntax/src/ast/visitor.rs:579:27\n    |\n579 |     let class_bracketed = ClassBracketed { span, negated: true, kind: class_set };\n    |                           ^^^^^^^^^^^^^^ not found in this scope\n    |\nhelp: consider importing this struct\n    |\n560 +    use ast::ClassBracketed;\n    |\n\nwarning: `...` range patterns are deprecated\n    --> regex-syntax/src/ast/parse.rs:1445:16\n     |\n1445 |             '0'...'7' => {\n     |                ^^^ help: use `..=` for an inclusive range\n     |\n     = warning: this is accepted in the current edition (Rust 2015) but is a hard error in Rust 2021!\n     = note: for more information, see <https://doc.rust-lang.org/nightly/edition-guide/rust-2021/warnings-promoted-to-error.html>\n     = note: `#[warn(ellipsis_inclusive_range_patterns)]` on by default\n\nwarning: `...` range patterns are deprecated\n    --> regex-syntax/src/ast/parse.rs:1456:16\n     |\n1456 |             '8'...'9' if !self.parser().octal => {\n     |                ^^^ help: use `..=` for an inclusive range\n     |\n     = warning: this is accepted in the current edition (Rust 2015) but is a hard error in Rust 2021!\n     = note: for more information, see <https://doc.rust-lang.org/nightly/edition-guide/rust-2021/warnings-promoted-to-error.html>\n\nwarning: unused import: `Primitive`\n    --> regex-syntax/src/ast/parse.rs:2261:49\n     |\n2261 |     use super::{Parser, ParserI, ParserBuilder, Primitive};\n     |                                                 ^^^^^^^^^\n     |\n     = note: `#[warn(unused_imports)]` on by default\n\nwarning: unused macro definition: `assert_eq`\n    --> regex-syntax/src/ast/parse.rs:2265:18\n     |\n2265 |     macro_rules! assert_eq {\n     |                  ^^^^^^^^^\n     |\n     = note: `#[warn(unused_macros)]` on by default\n\nwarning: unused import: `super::*`\n    --> regex-syntax/src/ast/mod.rs:1482:9\n     |\n1482 |     use super::*;\n     |         ^^^^^^^^\n\nwarning: unused import: `ast::parse::Parser`\n   --> regex-syntax/src/error.rs:288:9\n    |\n288 |     use ast::parse::Parser;\n    |         ^^^^^^^^^^^^^^^^^^\n\nwarning: unused import: `ParserBuilder`\n    --> regex-syntax/src/hir/literal/mod.rs:1004:9\n     |\n1004 |     use ParserBuilder;\n     |         ^^^^^^^^^^^^^\n\nwarning: unused imports: `Position` and `self`\n    --> regex-syntax/src/hir/translate.rs:1094:15\n     |\n1094 |     use ast::{self, Ast, Position, Span};\n     |               ^^^^       ^^^^^^^^\n\nwarning: unused import: `ascii_class`\n    --> regex-syntax/src/hir/translate.rs:1099:36\n     |\n1099 |     use super::{TranslatorBuilder, ascii_class};\n     |                                    ^^^^^^^^^^^\n\nwarning: unused imports: `contains_simple_case_mapping` and `simple_fold`\n   --> regex-syntax/src/unicode.rs:375:17\n    |\n375 |     use super::{contains_simple_case_mapping, simple_fold};\n    |                 ^^^^^^^^^^^^^^^^^^^^^^^^^^^^  ^^^^^^^^^^^\n\nwarning: `...` range patterns are deprecated\n   --> regex-syntax/src/lib.rs:195:21\n    |\n195 |         b'_' | b'0' ... b'9' | b'a' ... b'z' | b'A' ... b'Z'  => true,\n    |                     ^^^ help: use `..=` for an inclusive range\n    |\n    = warning: this is accepted in the current edition (Rust 2015) but is a hard error in Rust 2021!\n    = note: for more information, see <https://doc.rust-lang.org/nightly/edition-guide/rust-2021/warnings-promoted-to-error.html>\n\nwarning: `...` range patterns are deprecated\n   --> regex-syntax/src/lib.rs:195:37\n    |\n195 |         b'_' | b'0' ... b'9' | b'a' ... b'z' | b'A' ... b'Z'  => true,\n    |                                     ^^^ help: use `..=` for an inclusive range\n    |\n    = warning: this is accepted in the current edition (Rust 2015) but is a hard error in Rust 2021!\n    = note: for more information, see <https://doc.rust-lang.org/nightly/edition-guide/rust-2021/warnings-promoted-to-error.html>\n\nwarning: `...` range patterns are deprecated\n   --> regex-syntax/src/lib.rs:195:53\n    |\n195 |         b'_' | b'0' ... b'9' | b'a' ... b'z' | b'A' ... b'Z'  => true,\n    |                                                     ^^^ help: use `..=` for an inclusive range\n    |\n    = warning: this is accepted in the current edition (Rust 2015) but is a hard error in Rust 2021!\n    = note: for more information, see <https://doc.rust-lang.org/nightly/edition-guide/rust-2021/warnings-promoted-to-error.html>\n\nwarning: unused import: `super::*`\n   --> regex-syntax/src/lib.rs:202:9\n    |\n202 |     use super::*;\n    |         ^^^^^^^^\n\nerror[E0609]: no field `kind` on type `ast::visitor::ClassInduct<'_>`\n   --> regex-syntax/src/ast/visitor.rs:581:23\n    |\n581 |     assert_eq!(result.kind, ClassInduct::Item(&class_item));\n    |                       ^^^^ unknown field\n\nwarning: use of deprecated method `std::error::Error::description`: use the Display impl or to_string()\n  --> regex-syntax/src/error.rs:45:38\n   |\n45 |             Error::Parse(ref x) => x.description(),\n   |                                      ^^^^^^^^^^^\n   |\n   = note: `#[warn(deprecated)]` on by default\n\nwarning: use of deprecated method `std::error::Error::description`: use the Display impl or to_string()\n  --> regex-syntax/src/error.rs:46:42\n   |\n46 |             Error::Translate(ref x) => x.description(),\n   |                                          ^^^^^^^^^^^\n\nwarning: variable does not need to be mutable\n   --> regex-syntax/src/hir/literal/mod.rs:687:17\n    |\n687 |             let mut buf = &mut buf[..i];\n    |                 ----^^^\n    |                 |\n    |                 help: remove this `mut`\n    |\n    = note: `#[warn(unused_mut)]` on by default\n\nSome errors have detailed explanations: E0422, E0432, E0433, E0609.\nFor more information about an error, try `rustc --explain E0422`.\nwarning: `regex-syntax` (lib test) generated 17 warnings\nerror: could not compile `regex-syntax` (lib test) due to 12 previous errors; 17 warnings emitted\n"
                },
                {
                  "Err": "warning: /home/utgen/workspace/regex/regex-capi/Cargo.toml: no edition set: defaulting to the 2015 edition while the latest is 2021\nwarning: /home/utgen/workspace/regex/bench/Cargo.toml: no edition set: defaulting to the 2015 edition while the latest is 2021\nwarning: /home/utgen/workspace/regex/Cargo.toml: no edition set: defaulting to the 2015 edition while the latest is 2021\nwarning: /home/utgen/workspace/regex/regex-debug/Cargo.toml: no edition set: defaulting to the 2015 edition while the latest is 2021\nwarning: /home/utgen/workspace/regex/regex-syntax/Cargo.toml: no edition set: defaulting to the 2015 edition while the latest is 2021\n   Compiling proc-macro2 v1.0.95\n   Compiling syn v1.0.109\n   Compiling quote v1.0.40\n   Compiling ntest_test_cases v0.9.3\n   Compiling ntest_timeout v0.9.3\n   Compiling ntest v0.9.3\n   Compiling regex-syntax v0.6.0 (/home/utgen/workspace/regex/regex-syntax)\nerror[E0432]: unresolved import `ntest`\n   --> regex-syntax/src/ast/visitor.rs:561:8\n    |\n561 |    use ntest::timeout;\n    |        ^^^^^ maybe a missing crate `ntest`?\n    |\n    = help: consider adding `extern crate ntest` to use the `ntest` crate\n\nerror[E0433]: failed to resolve: use of undeclared type `Span`\n   --> regex-syntax/src/ast/visitor.rs:565:16\n    |\n565 |     let span = Span::new(0, 10);\n    |                ^^^^ use of undeclared type `Span`\n    |\nhelp: consider importing this struct\n    |\n560 +    use ast::Span;\n    |\n\nerror[E0433]: failed to resolve: use of undeclared type `Literal`\n   --> regex-syntax/src/ast/visitor.rs:566:19\n    |\n566 |     let literal = Literal::new('a');\n    |                   ^^^^^^^ use of undeclared type `Literal`\n    |\nhelp: consider importing one of these items\n    |\n560 +    use ast::Literal;\n    |\n560 +    use hir::Literal;\n    |\n560 +    use hir::literal::Literal;\n    |\n\nerror[E0433]: failed to resolve: use of undeclared type `ClassSetItem`\n   --> regex-syntax/src/ast/visitor.rs:567:22\n    |\n567 |     let class_item = ClassSetItem::Literal(literal);\n    |                      ^^^^^^^^^^^^ use of undeclared type `ClassSetItem`\n    |\nhelp: consider importing this enum\n    |\n560 +    use ast::ClassSetItem;\n    |\n\nerror[E0433]: failed to resolve: use of undeclared type `ClassSet`\n   --> regex-syntax/src/ast/visitor.rs:568:21\n    |\n568 |     let class_set = ClassSet::Item(class_item);\n    |                     ^^^^^^^^ use of undeclared type `ClassSet`\n    |\nhelp: consider importing this enum\n    |\n560 +    use ast::ClassSet;\n    |\n\nerror[E0422]: cannot find struct, variant or union type `ClassBracketed` in this scope\n   --> regex-syntax/src/ast/visitor.rs:569:27\n    |\n569 |     let class_bracketed = ClassBracketed {\n    |                           ^^^^^^^^^^^^^^ not found in this scope\n    |\nhelp: consider importing this struct\n    |\n560 +    use ast::ClassBracketed;\n    |\n\nerror[E0433]: failed to resolve: use of undeclared type `Span`\n   --> regex-syntax/src/ast/visitor.rs:575:16\n    |\n575 |     let span = Span::new(0, 10);\n    |                ^^^^ use of undeclared type `Span`\n    |\nhelp: consider importing this struct\n    |\n560 +    use ast::Span;\n    |\n\nerror[E0433]: failed to resolve: use of undeclared type `Literal`\n   --> regex-syntax/src/ast/visitor.rs:576:19\n    |\n576 |     let literal = Literal::new('a');\n    |                   ^^^^^^^ use of undeclared type `Literal`\n    |\nhelp: consider importing one of these items\n    |\n560 +    use ast::Literal;\n    |\n560 +    use hir::Literal;\n    |\n560 +    use hir::literal::Literal;\n    |\n\nerror[E0433]: failed to resolve: use of undeclared type `ClassSetItem`\n   --> regex-syntax/src/ast/visitor.rs:577:22\n    |\n577 |     let class_item = ClassSetItem::Literal(literal);\n    |                      ^^^^^^^^^^^^ use of undeclared type `ClassSetItem`\n    |\nhelp: consider importing this enum\n    |\n560 +    use ast::ClassSetItem;\n    |\n\nerror[E0433]: failed to resolve: use of undeclared type `ClassSet`\n   --> regex-syntax/src/ast/visitor.rs:578:21\n    |\n578 |     let class_set = ClassSet::Item(class_item);\n    |                     ^^^^^^^^ use of undeclared type `ClassSet`\n    |\nhelp: consider importing this enum\n    |\n560 +    use ast::ClassSet;\n    |\n\nerror[E0422]: cannot find struct, variant or union type `ClassBracketed` in this scope\n   --> regex-syntax/src/ast/visitor.rs:579:27\n    |\n579 |     let class_bracketed = ClassBracketed { span, negated: true, kind: class_set };\n    |                           ^^^^^^^^^^^^^^ not found in this scope\n    |\nhelp: consider importing this struct\n    |\n560 +    use ast::ClassBracketed;\n    |\n\nwarning: `...` range patterns are deprecated\n    --> regex-syntax/src/ast/parse.rs:1445:16\n     |\n1445 |             '0'...'7' => {\n     |                ^^^ help: use `..=` for an inclusive range\n     |\n     = warning: this is accepted in the current edition (Rust 2015) but is a hard error in Rust 2021!\n     = note: for more information, see <https://doc.rust-lang.org/nightly/edition-guide/rust-2021/warnings-promoted-to-error.html>\n     = note: `#[warn(ellipsis_inclusive_range_patterns)]` on by default\n\nwarning: `...` range patterns are deprecated\n    --> regex-syntax/src/ast/parse.rs:1456:16\n     |\n1456 |             '8'...'9' if !self.parser().octal => {\n     |                ^^^ help: use `..=` for an inclusive range\n     |\n     = warning: this is accepted in the current edition (Rust 2015) but is a hard error in Rust 2021!\n     = note: for more information, see <https://doc.rust-lang.org/nightly/edition-guide/rust-2021/warnings-promoted-to-error.html>\n\nwarning: unused import: `Primitive`\n    --> regex-syntax/src/ast/parse.rs:2261:49\n     |\n2261 |     use super::{Parser, ParserI, ParserBuilder, Primitive};\n     |                                                 ^^^^^^^^^\n     |\n     = note: `#[warn(unused_imports)]` on by default\n\nwarning: unused macro definition: `assert_eq`\n    --> regex-syntax/src/ast/parse.rs:2265:18\n     |\n2265 |     macro_rules! assert_eq {\n     |                  ^^^^^^^^^\n     |\n     = note: `#[warn(unused_macros)]` on by default\n\nwarning: unused import: `super::*`\n    --> regex-syntax/src/ast/mod.rs:1482:9\n     |\n1482 |     use super::*;\n     |         ^^^^^^^^\n\nwarning: unused import: `ast::parse::Parser`\n   --> regex-syntax/src/error.rs:288:9\n    |\n288 |     use ast::parse::Parser;\n    |         ^^^^^^^^^^^^^^^^^^\n\nwarning: unused import: `ParserBuilder`\n    --> regex-syntax/src/hir/literal/mod.rs:1004:9\n     |\n1004 |     use ParserBuilder;\n     |         ^^^^^^^^^^^^^\n\nwarning: unused imports: `Position` and `self`\n    --> regex-syntax/src/hir/translate.rs:1094:15\n     |\n1094 |     use ast::{self, Ast, Position, Span};\n     |               ^^^^       ^^^^^^^^\n\nwarning: unused import: `ascii_class`\n    --> regex-syntax/src/hir/translate.rs:1099:36\n     |\n1099 |     use super::{TranslatorBuilder, ascii_class};\n     |                                    ^^^^^^^^^^^\n\nwarning: unused imports: `contains_simple_case_mapping` and `simple_fold`\n   --> regex-syntax/src/unicode.rs:375:17\n    |\n375 |     use super::{contains_simple_case_mapping, simple_fold};\n    |                 ^^^^^^^^^^^^^^^^^^^^^^^^^^^^  ^^^^^^^^^^^\n\nwarning: `...` range patterns are deprecated\n   --> regex-syntax/src/lib.rs:195:21\n    |\n195 |         b'_' | b'0' ... b'9' | b'a' ... b'z' | b'A' ... b'Z'  => true,\n    |                     ^^^ help: use `..=` for an inclusive range\n    |\n    = warning: this is accepted in the current edition (Rust 2015) but is a hard error in Rust 2021!\n    = note: for more information, see <https://doc.rust-lang.org/nightly/edition-guide/rust-2021/warnings-promoted-to-error.html>\n\nwarning: `...` range patterns are deprecated\n   --> regex-syntax/src/lib.rs:195:37\n    |\n195 |         b'_' | b'0' ... b'9' | b'a' ... b'z' | b'A' ... b'Z'  => true,\n    |                                     ^^^ help: use `..=` for an inclusive range\n    |\n    = warning: this is accepted in the current edition (Rust 2015) but is a hard error in Rust 2021!\n    = note: for more information, see <https://doc.rust-lang.org/nightly/edition-guide/rust-2021/warnings-promoted-to-error.html>\n\nwarning: `...` range patterns are deprecated\n   --> regex-syntax/src/lib.rs:195:53\n    |\n195 |         b'_' | b'0' ... b'9' | b'a' ... b'z' | b'A' ... b'Z'  => true,\n    |                                                     ^^^ help: use `..=` for an inclusive range\n    |\n    = warning: this is accepted in the current edition (Rust 2015) but is a hard error in Rust 2021!\n    = note: for more information, see <https://doc.rust-lang.org/nightly/edition-guide/rust-2021/warnings-promoted-to-error.html>\n\nwarning: unused import: `super::*`\n   --> regex-syntax/src/lib.rs:202:9\n    |\n202 |     use super::*;\n    |         ^^^^^^^^\n\nerror[E0599]: no method named `is_binary_op` found for enum `ast::visitor::ClassInduct` in the current scope\n   --> regex-syntax/src/ast/visitor.rs:581:20\n    |\n211 | enum ClassInduct<'a> {\n    | -------------------- method `is_binary_op` not found for this enum\n...\n581 |     assert!(result.is_binary_op() == false);\n    |                    ^^^^^^^^^^^^ method not found in `ClassInduct<'_>`\n\nwarning: use of deprecated method `std::error::Error::description`: use the Display impl or to_string()\n  --> regex-syntax/src/error.rs:45:38\n   |\n45 |             Error::Parse(ref x) => x.description(),\n   |                                      ^^^^^^^^^^^\n   |\n   = note: `#[warn(deprecated)]` on by default\n\nwarning: use of deprecated method `std::error::Error::description`: use the Display impl or to_string()\n  --> regex-syntax/src/error.rs:46:42\n   |\n46 |             Error::Translate(ref x) => x.description(),\n   |                                          ^^^^^^^^^^^\n\nwarning: variable does not need to be mutable\n   --> regex-syntax/src/hir/literal/mod.rs:687:17\n    |\n687 |             let mut buf = &mut buf[..i];\n    |                 ----^^^\n    |                 |\n    |                 help: remove this `mut`\n    |\n    = note: `#[warn(unused_mut)]` on by default\n\nSome errors have detailed explanations: E0422, E0432, E0433, E0599.\nFor more information about an error, try `rustc --explain E0422`.\nwarning: `regex-syntax` (lib test) generated 17 warnings\nerror: could not compile `regex-syntax` (lib test) due to 12 previous errors; 17 warnings emitted\n"
                },
                {
                  "Err": "warning: /home/utgen/workspace/regex/regex-syntax/Cargo.toml: no edition set: defaulting to the 2015 edition while the latest is 2021\nwarning: /home/utgen/workspace/regex/Cargo.toml: no edition set: defaulting to the 2015 edition while the latest is 2021\nwarning: /home/utgen/workspace/regex/regex-capi/Cargo.toml: no edition set: defaulting to the 2015 edition while the latest is 2021\nwarning: /home/utgen/workspace/regex/bench/Cargo.toml: no edition set: defaulting to the 2015 edition while the latest is 2021\nwarning: /home/utgen/workspace/regex/regex-debug/Cargo.toml: no edition set: defaulting to the 2015 edition while the latest is 2021\n   Compiling proc-macro2 v1.0.95\n   Compiling syn v1.0.109\n   Compiling quote v1.0.40\n   Compiling ntest_timeout v0.9.3\n   Compiling ntest_test_cases v0.9.3\n   Compiling ntest v0.9.3\n   Compiling regex-syntax v0.6.0 (/home/utgen/workspace/regex/regex-syntax)\nerror[E0432]: unresolved import `ntest`\n   --> regex-syntax/src/ast/visitor.rs:561:8\n    |\n561 |    use ntest::timeout;\n    |        ^^^^^ maybe a missing crate `ntest`?\n    |\n    = help: consider adding `extern crate ntest` to use the `ntest` crate\n\nerror[E0433]: failed to resolve: use of undeclared type `Span`\n   --> regex-syntax/src/ast/visitor.rs:565:16\n    |\n565 |     let span = Span::new(0, 10);\n    |                ^^^^ use of undeclared type `Span`\n    |\nhelp: consider importing this struct\n    |\n560 +    use ast::Span;\n    |\n\nerror[E0433]: failed to resolve: use of undeclared type `Literal`\n   --> regex-syntax/src/ast/visitor.rs:566:19\n    |\n566 |     let literal = Literal::new('a');\n    |                   ^^^^^^^ use of undeclared type `Literal`\n    |\nhelp: consider importing one of these items\n    |\n560 +    use ast::Literal;\n    |\n560 +    use hir::Literal;\n    |\n560 +    use hir::literal::Literal;\n    |\n\nerror[E0433]: failed to resolve: use of undeclared type `ClassSetItem`\n   --> regex-syntax/src/ast/visitor.rs:567:22\n    |\n567 |     let class_item = ClassSetItem::Literal(literal);\n    |                      ^^^^^^^^^^^^ use of undeclared type `ClassSetItem`\n    |\nhelp: consider importing this enum\n    |\n560 +    use ast::ClassSetItem;\n    |\n\nerror[E0433]: failed to resolve: use of undeclared type `ClassSet`\n   --> regex-syntax/src/ast/visitor.rs:568:21\n    |\n568 |     let class_set = ClassSet::Item(class_item);\n    |                     ^^^^^^^^ use of undeclared type `ClassSet`\n    |\nhelp: consider importing this enum\n    |\n560 +    use ast::ClassSet;\n    |\n\nerror[E0422]: cannot find struct, variant or union type `ClassBracketed` in this scope\n   --> regex-syntax/src/ast/visitor.rs:569:27\n    |\n569 |     let class_bracketed = ClassBracketed {\n    |                           ^^^^^^^^^^^^^^ not found in this scope\n    |\nhelp: consider importing this struct\n    |\n560 +    use ast::ClassBracketed;\n    |\n\nerror[E0433]: failed to resolve: use of undeclared type `Span`\n   --> regex-syntax/src/ast/visitor.rs:575:16\n    |\n575 |     let span = Span::new(0, 10);\n    |                ^^^^ use of undeclared type `Span`\n    |\nhelp: consider importing this struct\n    |\n560 +    use ast::Span;\n    |\n\nerror[E0433]: failed to resolve: use of undeclared type `Literal`\n   --> regex-syntax/src/ast/visitor.rs:576:19\n    |\n576 |     let literal = Literal::new('a');\n    |                   ^^^^^^^ use of undeclared type `Literal`\n    |\nhelp: consider importing one of these items\n    |\n560 +    use ast::Literal;\n    |\n560 +    use hir::Literal;\n    |\n560 +    use hir::literal::Literal;\n    |\n\nerror[E0433]: failed to resolve: use of undeclared type `ClassSetItem`\n   --> regex-syntax/src/ast/visitor.rs:577:22\n    |\n577 |     let class_item = ClassSetItem::Literal(literal);\n    |                      ^^^^^^^^^^^^ use of undeclared type `ClassSetItem`\n    |\nhelp: consider importing this enum\n    |\n560 +    use ast::ClassSetItem;\n    |\n\nerror[E0433]: failed to resolve: use of undeclared type `ClassSet`\n   --> regex-syntax/src/ast/visitor.rs:578:21\n    |\n578 |     let class_set = ClassSet::Item(class_item);\n    |                     ^^^^^^^^ use of undeclared type `ClassSet`\n    |\nhelp: consider importing this enum\n    |\n560 +    use ast::ClassSet;\n    |\n\nerror[E0422]: cannot find struct, variant or union type `ClassBracketed` in this scope\n   --> regex-syntax/src/ast/visitor.rs:579:27\n    |\n579 |     let class_bracketed = ClassBracketed { span, negated: true, kind: class_set };\n    |                           ^^^^^^^^^^^^^^ not found in this scope\n    |\nhelp: consider importing this struct\n    |\n560 +    use ast::ClassBracketed;\n    |\n\nwarning: `...` range patterns are deprecated\n    --> regex-syntax/src/ast/parse.rs:1445:16\n     |\n1445 |             '0'...'7' => {\n     |                ^^^ help: use `..=` for an inclusive range\n     |\n     = warning: this is accepted in the current edition (Rust 2015) but is a hard error in Rust 2021!\n     = note: for more information, see <https://doc.rust-lang.org/nightly/edition-guide/rust-2021/warnings-promoted-to-error.html>\n     = note: `#[warn(ellipsis_inclusive_range_patterns)]` on by default\n\nwarning: `...` range patterns are deprecated\n    --> regex-syntax/src/ast/parse.rs:1456:16\n     |\n1456 |             '8'...'9' if !self.parser().octal => {\n     |                ^^^ help: use `..=` for an inclusive range\n     |\n     = warning: this is accepted in the current edition (Rust 2015) but is a hard error in Rust 2021!\n     = note: for more information, see <https://doc.rust-lang.org/nightly/edition-guide/rust-2021/warnings-promoted-to-error.html>\n\nwarning: unused import: `Primitive`\n    --> regex-syntax/src/ast/parse.rs:2261:49\n     |\n2261 |     use super::{Parser, ParserI, ParserBuilder, Primitive};\n     |                                                 ^^^^^^^^^\n     |\n     = note: `#[warn(unused_imports)]` on by default\n\nwarning: unused macro definition: `assert_eq`\n    --> regex-syntax/src/ast/parse.rs:2265:18\n     |\n2265 |     macro_rules! assert_eq {\n     |                  ^^^^^^^^^\n     |\n     = note: `#[warn(unused_macros)]` on by default\n\nwarning: unused import: `super::*`\n    --> regex-syntax/src/ast/mod.rs:1482:9\n     |\n1482 |     use super::*;\n     |         ^^^^^^^^\n\nwarning: unused import: `ast::parse::Parser`\n   --> regex-syntax/src/error.rs:288:9\n    |\n288 |     use ast::parse::Parser;\n    |         ^^^^^^^^^^^^^^^^^^\n\nwarning: unused import: `ParserBuilder`\n    --> regex-syntax/src/hir/literal/mod.rs:1004:9\n     |\n1004 |     use ParserBuilder;\n     |         ^^^^^^^^^^^^^\n\nwarning: unused imports: `Position` and `self`\n    --> regex-syntax/src/hir/translate.rs:1094:15\n     |\n1094 |     use ast::{self, Ast, Position, Span};\n     |               ^^^^       ^^^^^^^^\n\nwarning: unused import: `ascii_class`\n    --> regex-syntax/src/hir/translate.rs:1099:36\n     |\n1099 |     use super::{TranslatorBuilder, ascii_class};\n     |                                    ^^^^^^^^^^^\n\nwarning: unused imports: `contains_simple_case_mapping` and `simple_fold`\n   --> regex-syntax/src/unicode.rs:375:17\n    |\n375 |     use super::{contains_simple_case_mapping, simple_fold};\n    |                 ^^^^^^^^^^^^^^^^^^^^^^^^^^^^  ^^^^^^^^^^^\n\nwarning: `...` range patterns are deprecated\n   --> regex-syntax/src/lib.rs:195:21\n    |\n195 |         b'_' | b'0' ... b'9' | b'a' ... b'z' | b'A' ... b'Z'  => true,\n    |                     ^^^ help: use `..=` for an inclusive range\n    |\n    = warning: this is accepted in the current edition (Rust 2015) but is a hard error in Rust 2021!\n    = note: for more information, see <https://doc.rust-lang.org/nightly/edition-guide/rust-2021/warnings-promoted-to-error.html>\n\nwarning: `...` range patterns are deprecated\n   --> regex-syntax/src/lib.rs:195:37\n    |\n195 |         b'_' | b'0' ... b'9' | b'a' ... b'z' | b'A' ... b'Z'  => true,\n    |                                     ^^^ help: use `..=` for an inclusive range\n    |\n    = warning: this is accepted in the current edition (Rust 2015) but is a hard error in Rust 2021!\n    = note: for more information, see <https://doc.rust-lang.org/nightly/edition-guide/rust-2021/warnings-promoted-to-error.html>\n\nwarning: `...` range patterns are deprecated\n   --> regex-syntax/src/lib.rs:195:53\n    |\n195 |         b'_' | b'0' ... b'9' | b'a' ... b'z' | b'A' ... b'Z'  => true,\n    |                                                     ^^^ help: use `..=` for an inclusive range\n    |\n    = warning: this is accepted in the current edition (Rust 2015) but is a hard error in Rust 2021!\n    = note: for more information, see <https://doc.rust-lang.org/nightly/edition-guide/rust-2021/warnings-promoted-to-error.html>\n\nwarning: unused import: `super::*`\n   --> regex-syntax/src/lib.rs:202:9\n    |\n202 |     use super::*;\n    |         ^^^^^^^^\n\nerror[E0609]: no field `negated` on type `ast::visitor::ClassInduct<'_>`\n   --> regex-syntax/src/ast/visitor.rs:581:23\n    |\n581 |     assert_eq!(result.negated, true);\n    |                       ^^^^^^^ unknown field\n\nwarning: use of deprecated method `std::error::Error::description`: use the Display impl or to_string()\n  --> regex-syntax/src/error.rs:45:38\n   |\n45 |             Error::Parse(ref x) => x.description(),\n   |                                      ^^^^^^^^^^^\n   |\n   = note: `#[warn(deprecated)]` on by default\n\nwarning: use of deprecated method `std::error::Error::description`: use the Display impl or to_string()\n  --> regex-syntax/src/error.rs:46:42\n   |\n46 |             Error::Translate(ref x) => x.description(),\n   |                                          ^^^^^^^^^^^\n\nwarning: variable does not need to be mutable\n   --> regex-syntax/src/hir/literal/mod.rs:687:17\n    |\n687 |             let mut buf = &mut buf[..i];\n    |                 ----^^^\n    |                 |\n    |                 help: remove this `mut`\n    |\n    = note: `#[warn(unused_mut)]` on by default\n\nSome errors have detailed explanations: E0422, E0432, E0433, E0609.\nFor more information about an error, try `rustc --explain E0422`.\nwarning: `regex-syntax` (lib test) generated 17 warnings\nerror: could not compile `regex-syntax` (lib test) due to 12 previous errors; 17 warnings emitted\n"
                },
                {
                  "Err": "warning: /home/utgen/workspace/regex/regex-capi/Cargo.toml: no edition set: defaulting to the 2015 edition while the latest is 2021\nwarning: /home/utgen/workspace/regex/Cargo.toml: no edition set: defaulting to the 2015 edition while the latest is 2021\nwarning: /home/utgen/workspace/regex/bench/Cargo.toml: no edition set: defaulting to the 2015 edition while the latest is 2021\nwarning: /home/utgen/workspace/regex/regex-debug/Cargo.toml: no edition set: defaulting to the 2015 edition while the latest is 2021\nwarning: /home/utgen/workspace/regex/regex-syntax/Cargo.toml: no edition set: defaulting to the 2015 edition while the latest is 2021\n   Compiling proc-macro2 v1.0.95\n   Compiling syn v1.0.109\n   Compiling quote v1.0.40\n   Compiling ntest_timeout v0.9.3\n   Compiling ntest_test_cases v0.9.3\n   Compiling ntest v0.9.3\n   Compiling regex-syntax v0.6.0 (/home/utgen/workspace/regex/regex-syntax)\nerror[E0432]: unresolved import `ntest`\n   --> regex-syntax/src/ast/visitor.rs:561:8\n    |\n561 |    use ntest::timeout;\n    |        ^^^^^ maybe a missing crate `ntest`?\n    |\n    = help: consider adding `extern crate ntest` to use the `ntest` crate\n\nerror[E0433]: failed to resolve: use of undeclared type `Span`\n   --> regex-syntax/src/ast/visitor.rs:565:16\n    |\n565 |     let span = Span::new(0, 10);\n    |                ^^^^ use of undeclared type `Span`\n    |\nhelp: consider importing this struct\n    |\n560 +    use ast::Span;\n    |\n\nerror[E0433]: failed to resolve: use of undeclared type `Literal`\n   --> regex-syntax/src/ast/visitor.rs:566:19\n    |\n566 |     let literal = Literal::new('a');\n    |                   ^^^^^^^ use of undeclared type `Literal`\n    |\nhelp: consider importing one of these items\n    |\n560 +    use ast::Literal;\n    |\n560 +    use hir::Literal;\n    |\n560 +    use hir::literal::Literal;\n    |\n\nerror[E0433]: failed to resolve: use of undeclared type `ClassSetItem`\n   --> regex-syntax/src/ast/visitor.rs:567:22\n    |\n567 |     let class_item = ClassSetItem::Literal(literal);\n    |                      ^^^^^^^^^^^^ use of undeclared type `ClassSetItem`\n    |\nhelp: consider importing this enum\n    |\n560 +    use ast::ClassSetItem;\n    |\n\nerror[E0433]: failed to resolve: use of undeclared type `ClassSet`\n   --> regex-syntax/src/ast/visitor.rs:568:21\n    |\n568 |     let class_set = ClassSet::Item(class_item);\n    |                     ^^^^^^^^ use of undeclared type `ClassSet`\n    |\nhelp: consider importing this enum\n    |\n560 +    use ast::ClassSet;\n    |\n\nerror[E0422]: cannot find struct, variant or union type `ClassBracketed` in this scope\n   --> regex-syntax/src/ast/visitor.rs:569:27\n    |\n569 |     let class_bracketed = ClassBracketed {\n    |                           ^^^^^^^^^^^^^^ not found in this scope\n    |\nhelp: consider importing this struct\n    |\n560 +    use ast::ClassBracketed;\n    |\n\nerror[E0433]: failed to resolve: use of undeclared type `Span`\n   --> regex-syntax/src/ast/visitor.rs:575:16\n    |\n575 |     let span = Span::new(0, 10);\n    |                ^^^^ use of undeclared type `Span`\n    |\nhelp: consider importing this struct\n    |\n560 +    use ast::Span;\n    |\n\nerror[E0433]: failed to resolve: use of undeclared type `Literal`\n   --> regex-syntax/src/ast/visitor.rs:576:19\n    |\n576 |     let literal = Literal::new('a');\n    |                   ^^^^^^^ use of undeclared type `Literal`\n    |\nhelp: consider importing one of these items\n    |\n560 +    use ast::Literal;\n    |\n560 +    use hir::Literal;\n    |\n560 +    use hir::literal::Literal;\n    |\n\nerror[E0433]: failed to resolve: use of undeclared type `ClassSetItem`\n   --> regex-syntax/src/ast/visitor.rs:577:22\n    |\n577 |     let class_item = ClassSetItem::Literal(literal);\n    |                      ^^^^^^^^^^^^ use of undeclared type `ClassSetItem`\n    |\nhelp: consider importing this enum\n    |\n560 +    use ast::ClassSetItem;\n    |\n\nerror[E0433]: failed to resolve: use of undeclared type `ClassSet`\n   --> regex-syntax/src/ast/visitor.rs:578:21\n    |\n578 |     let class_set = ClassSet::Item(class_item);\n    |                     ^^^^^^^^ use of undeclared type `ClassSet`\n    |\nhelp: consider importing this enum\n    |\n560 +    use ast::ClassSet;\n    |\n\nerror[E0422]: cannot find struct, variant or union type `ClassBracketed` in this scope\n   --> regex-syntax/src/ast/visitor.rs:579:27\n    |\n579 |     let class_bracketed = ClassBracketed { span, negated: true, kind: class_set };\n    |                           ^^^^^^^^^^^^^^ not found in this scope\n    |\nhelp: consider importing this struct\n    |\n560 +    use ast::ClassBracketed;\n    |\n\nwarning: `...` range patterns are deprecated\n    --> regex-syntax/src/ast/parse.rs:1445:16\n     |\n1445 |             '0'...'7' => {\n     |                ^^^ help: use `..=` for an inclusive range\n     |\n     = warning: this is accepted in the current edition (Rust 2015) but is a hard error in Rust 2021!\n     = note: for more information, see <https://doc.rust-lang.org/nightly/edition-guide/rust-2021/warnings-promoted-to-error.html>\n     = note: `#[warn(ellipsis_inclusive_range_patterns)]` on by default\n\nwarning: `...` range patterns are deprecated\n    --> regex-syntax/src/ast/parse.rs:1456:16\n     |\n1456 |             '8'...'9' if !self.parser().octal => {\n     |                ^^^ help: use `..=` for an inclusive range\n     |\n     = warning: this is accepted in the current edition (Rust 2015) but is a hard error in Rust 2021!\n     = note: for more information, see <https://doc.rust-lang.org/nightly/edition-guide/rust-2021/warnings-promoted-to-error.html>\n\nwarning: unused import: `Primitive`\n    --> regex-syntax/src/ast/parse.rs:2261:49\n     |\n2261 |     use super::{Parser, ParserI, ParserBuilder, Primitive};\n     |                                                 ^^^^^^^^^\n     |\n     = note: `#[warn(unused_imports)]` on by default\n\nwarning: unused macro definition: `assert_eq`\n    --> regex-syntax/src/ast/parse.rs:2265:18\n     |\n2265 |     macro_rules! assert_eq {\n     |                  ^^^^^^^^^\n     |\n     = note: `#[warn(unused_macros)]` on by default\n\nwarning: unused import: `super::*`\n    --> regex-syntax/src/ast/mod.rs:1482:9\n     |\n1482 |     use super::*;\n     |         ^^^^^^^^\n\nwarning: unused import: `ast::parse::Parser`\n   --> regex-syntax/src/error.rs:288:9\n    |\n288 |     use ast::parse::Parser;\n    |         ^^^^^^^^^^^^^^^^^^\n\nwarning: unused import: `ParserBuilder`\n    --> regex-syntax/src/hir/literal/mod.rs:1004:9\n     |\n1004 |     use ParserBuilder;\n     |         ^^^^^^^^^^^^^\n\nwarning: unused imports: `Position` and `self`\n    --> regex-syntax/src/hir/translate.rs:1094:15\n     |\n1094 |     use ast::{self, Ast, Position, Span};\n     |               ^^^^       ^^^^^^^^\n\nwarning: unused import: `ascii_class`\n    --> regex-syntax/src/hir/translate.rs:1099:36\n     |\n1099 |     use super::{TranslatorBuilder, ascii_class};\n     |                                    ^^^^^^^^^^^\n\nwarning: unused imports: `contains_simple_case_mapping` and `simple_fold`\n   --> regex-syntax/src/unicode.rs:375:17\n    |\n375 |     use super::{contains_simple_case_mapping, simple_fold};\n    |                 ^^^^^^^^^^^^^^^^^^^^^^^^^^^^  ^^^^^^^^^^^\n\nwarning: `...` range patterns are deprecated\n   --> regex-syntax/src/lib.rs:195:21\n    |\n195 |         b'_' | b'0' ... b'9' | b'a' ... b'z' | b'A' ... b'Z'  => true,\n    |                     ^^^ help: use `..=` for an inclusive range\n    |\n    = warning: this is accepted in the current edition (Rust 2015) but is a hard error in Rust 2021!\n    = note: for more information, see <https://doc.rust-lang.org/nightly/edition-guide/rust-2021/warnings-promoted-to-error.html>\n\nwarning: `...` range patterns are deprecated\n   --> regex-syntax/src/lib.rs:195:37\n    |\n195 |         b'_' | b'0' ... b'9' | b'a' ... b'z' | b'A' ... b'Z'  => true,\n    |                                     ^^^ help: use `..=` for an inclusive range\n    |\n    = warning: this is accepted in the current edition (Rust 2015) but is a hard error in Rust 2021!\n    = note: for more information, see <https://doc.rust-lang.org/nightly/edition-guide/rust-2021/warnings-promoted-to-error.html>\n\nwarning: `...` range patterns are deprecated\n   --> regex-syntax/src/lib.rs:195:53\n    |\n195 |         b'_' | b'0' ... b'9' | b'a' ... b'z' | b'A' ... b'Z'  => true,\n    |                                                     ^^^ help: use `..=` for an inclusive range\n    |\n    = warning: this is accepted in the current edition (Rust 2015) but is a hard error in Rust 2021!\n    = note: for more information, see <https://doc.rust-lang.org/nightly/edition-guide/rust-2021/warnings-promoted-to-error.html>\n\nwarning: unused import: `super::*`\n   --> regex-syntax/src/lib.rs:202:9\n    |\n202 |     use super::*;\n    |         ^^^^^^^^\n\nerror[E0609]: no field `span` on type `ast::visitor::ClassInduct<'_>`\n   --> regex-syntax/src/ast/visitor.rs:581:23\n    |\n581 |     assert_eq!(result.span, span);\n    |                       ^^^^ unknown field\n\nwarning: use of deprecated method `std::error::Error::description`: use the Display impl or to_string()\n  --> regex-syntax/src/error.rs:45:38\n   |\n45 |             Error::Parse(ref x) => x.description(),\n   |                                      ^^^^^^^^^^^\n   |\n   = note: `#[warn(deprecated)]` on by default\n\nwarning: use of deprecated method `std::error::Error::description`: use the Display impl or to_string()\n  --> regex-syntax/src/error.rs:46:42\n   |\n46 |             Error::Translate(ref x) => x.description(),\n   |                                          ^^^^^^^^^^^\n\nwarning: variable does not need to be mutable\n   --> regex-syntax/src/hir/literal/mod.rs:687:17\n    |\n687 |             let mut buf = &mut buf[..i];\n    |                 ----^^^\n    |                 |\n    |                 help: remove this `mut`\n    |\n    = note: `#[warn(unused_mut)]` on by default\n\nSome errors have detailed explanations: E0422, E0432, E0433, E0609.\nFor more information about an error, try `rustc --explain E0422`.\nwarning: `regex-syntax` (lib test) generated 17 warnings\nerror: could not compile `regex-syntax` (lib test) due to 12 previous errors; 17 warnings emitted\n"
                }
              ],
              "repaired": [
                false,
                false,
                false,
                false
              ]
            },
            {
              "attrs": [],
              "prefix": [
                "{",
                "    let span = Span::new(0, 10);",
                "    let literal = Literal::new('b');",
                "    let class_item = ClassSetItem::Literal(literal);",
                "    let class_set = ClassSet::Item(class_item);",
                "    let class_bracketed = ClassBracketed {",
                "        span,",
                "        negated: false,",
                "        kind: class_set,",
                "    };",
                "    let result = ClassInduct::from_bracketed(&class_bracketed);",
                "}"
              ],
              "oracles": [
                [
                  "    let span = Span::new(0, 10);",
                  "    let literal = Literal::new('b');",
                  "    let class_item = ClassSetItem::Literal(literal);",
                  "    let class_set = ClassSet::Item(class_item);",
                  "    let class_bracketed = ClassBracketed { span, negated: false, kind: class_set };",
                  "    let result = ClassInduct::from_bracketed(&class_bracketed);",
                  "    assert_eq!(result, ClassInduct::Item(&class_item));"
                ]
              ],
              "codes": [
                [
                  "{",
                  "    let span = Span::new(0, 10);",
                  "    let literal = Literal::new('b');",
                  "    let class_item = ClassSetItem::Literal(literal);",
                  "    let class_set = ClassSet::Item(class_item);",
                  "    let class_bracketed = ClassBracketed {",
                  "        span,",
                  "        negated: false,",
                  "        kind: class_set,",
                  "    };",
                  "    let result = ClassInduct::from_bracketed(&class_bracketed);",
                  "    let span = Span::new(0, 10);",
                  "    let literal = Literal::new('b');",
                  "    let class_item = ClassSetItem::Literal(literal);",
                  "    let class_set = ClassSet::Item(class_item);",
                  "    let class_bracketed = ClassBracketed { span, negated: false, kind: class_set };",
                  "    let result = ClassInduct::from_bracketed(&class_bracketed);",
                  "    assert_eq!(result, ClassInduct::Item(&class_item));",
                  "}"
                ]
              ],
              "can_compile": [
                {
                  "Err": "warning: /home/utgen/workspace/regex/regex-syntax/Cargo.toml: no edition set: defaulting to the 2015 edition while the latest is 2021\nwarning: /home/utgen/workspace/regex/Cargo.toml: no edition set: defaulting to the 2015 edition while the latest is 2021\nwarning: /home/utgen/workspace/regex/bench/Cargo.toml: no edition set: defaulting to the 2015 edition while the latest is 2021\nwarning: /home/utgen/workspace/regex/regex-debug/Cargo.toml: no edition set: defaulting to the 2015 edition while the latest is 2021\nwarning: /home/utgen/workspace/regex/regex-capi/Cargo.toml: no edition set: defaulting to the 2015 edition while the latest is 2021\n   Compiling proc-macro2 v1.0.95\n   Compiling syn v1.0.109\n   Compiling quote v1.0.40\n   Compiling ntest_timeout v0.9.3\n   Compiling ntest_test_cases v0.9.3\n   Compiling ntest v0.9.3\n   Compiling regex-syntax v0.6.0 (/home/utgen/workspace/regex/regex-syntax)\nerror[E0432]: unresolved import `ntest`\n   --> regex-syntax/src/ast/visitor.rs:561:8\n    |\n561 |    use ntest::timeout;\n    |        ^^^^^ maybe a missing crate `ntest`?\n    |\n    = help: consider adding `extern crate ntest` to use the `ntest` crate\n\nerror[E0433]: failed to resolve: use of undeclared type `Span`\n   --> regex-syntax/src/ast/visitor.rs:565:16\n    |\n565 |     let span = Span::new(0, 10);\n    |                ^^^^ use of undeclared type `Span`\n    |\nhelp: consider importing this struct\n    |\n560 +    use ast::Span;\n    |\n\nerror[E0433]: failed to resolve: use of undeclared type `Literal`\n   --> regex-syntax/src/ast/visitor.rs:566:19\n    |\n566 |     let literal = Literal::new('b');\n    |                   ^^^^^^^ use of undeclared type `Literal`\n    |\nhelp: consider importing one of these items\n    |\n560 +    use ast::Literal;\n    |\n560 +    use hir::Literal;\n    |\n560 +    use hir::literal::Literal;\n    |\n\nerror[E0433]: failed to resolve: use of undeclared type `ClassSetItem`\n   --> regex-syntax/src/ast/visitor.rs:567:22\n    |\n567 |     let class_item = ClassSetItem::Literal(literal);\n    |                      ^^^^^^^^^^^^ use of undeclared type `ClassSetItem`\n    |\nhelp: consider importing this enum\n    |\n560 +    use ast::ClassSetItem;\n    |\n\nerror[E0433]: failed to resolve: use of undeclared type `ClassSet`\n   --> regex-syntax/src/ast/visitor.rs:568:21\n    |\n568 |     let class_set = ClassSet::Item(class_item);\n    |                     ^^^^^^^^ use of undeclared type `ClassSet`\n    |\nhelp: consider importing this enum\n    |\n560 +    use ast::ClassSet;\n    |\n\nerror[E0422]: cannot find struct, variant or union type `ClassBracketed` in this scope\n   --> regex-syntax/src/ast/visitor.rs:569:27\n    |\n569 |     let class_bracketed = ClassBracketed {\n    |                           ^^^^^^^^^^^^^^ not found in this scope\n    |\nhelp: consider importing this struct\n    |\n560 +    use ast::ClassBracketed;\n    |\n\nerror[E0433]: failed to resolve: use of undeclared type `Span`\n   --> regex-syntax/src/ast/visitor.rs:575:16\n    |\n575 |     let span = Span::new(0, 10);\n    |                ^^^^ use of undeclared type `Span`\n    |\nhelp: consider importing this struct\n    |\n560 +    use ast::Span;\n    |\n\nerror[E0433]: failed to resolve: use of undeclared type `Literal`\n   --> regex-syntax/src/ast/visitor.rs:576:19\n    |\n576 |     let literal = Literal::new('b');\n    |                   ^^^^^^^ use of undeclared type `Literal`\n    |\nhelp: consider importing one of these items\n    |\n560 +    use ast::Literal;\n    |\n560 +    use hir::Literal;\n    |\n560 +    use hir::literal::Literal;\n    |\n\nerror[E0433]: failed to resolve: use of undeclared type `ClassSetItem`\n   --> regex-syntax/src/ast/visitor.rs:577:22\n    |\n577 |     let class_item = ClassSetItem::Literal(literal);\n    |                      ^^^^^^^^^^^^ use of undeclared type `ClassSetItem`\n    |\nhelp: consider importing this enum\n    |\n560 +    use ast::ClassSetItem;\n    |\n\nerror[E0433]: failed to resolve: use of undeclared type `ClassSet`\n   --> regex-syntax/src/ast/visitor.rs:578:21\n    |\n578 |     let class_set = ClassSet::Item(class_item);\n    |                     ^^^^^^^^ use of undeclared type `ClassSet`\n    |\nhelp: consider importing this enum\n    |\n560 +    use ast::ClassSet;\n    |\n\nerror[E0422]: cannot find struct, variant or union type `ClassBracketed` in this scope\n   --> regex-syntax/src/ast/visitor.rs:579:27\n    |\n579 |     let class_bracketed = ClassBracketed { span, negated: false, kind: class_set };\n    |                           ^^^^^^^^^^^^^^ not found in this scope\n    |\nhelp: consider importing this struct\n    |\n560 +    use ast::ClassBracketed;\n    |\n\nwarning: `...` range patterns are deprecated\n    --> regex-syntax/src/ast/parse.rs:1445:16\n     |\n1445 |             '0'...'7' => {\n     |                ^^^ help: use `..=` for an inclusive range\n     |\n     = warning: this is accepted in the current edition (Rust 2015) but is a hard error in Rust 2021!\n     = note: for more information, see <https://doc.rust-lang.org/nightly/edition-guide/rust-2021/warnings-promoted-to-error.html>\n     = note: `#[warn(ellipsis_inclusive_range_patterns)]` on by default\n\nwarning: `...` range patterns are deprecated\n    --> regex-syntax/src/ast/parse.rs:1456:16\n     |\n1456 |             '8'...'9' if !self.parser().octal => {\n     |                ^^^ help: use `..=` for an inclusive range\n     |\n     = warning: this is accepted in the current edition (Rust 2015) but is a hard error in Rust 2021!\n     = note: for more information, see <https://doc.rust-lang.org/nightly/edition-guide/rust-2021/warnings-promoted-to-error.html>\n\nwarning: unused import: `Primitive`\n    --> regex-syntax/src/ast/parse.rs:2261:49\n     |\n2261 |     use super::{Parser, ParserI, ParserBuilder, Primitive};\n     |                                                 ^^^^^^^^^\n     |\n     = note: `#[warn(unused_imports)]` on by default\n\nwarning: unused macro definition: `assert_eq`\n    --> regex-syntax/src/ast/parse.rs:2265:18\n     |\n2265 |     macro_rules! assert_eq {\n     |                  ^^^^^^^^^\n     |\n     = note: `#[warn(unused_macros)]` on by default\n\nwarning: unused import: `super::*`\n    --> regex-syntax/src/ast/mod.rs:1482:9\n     |\n1482 |     use super::*;\n     |         ^^^^^^^^\n\nwarning: unused import: `ast::parse::Parser`\n   --> regex-syntax/src/error.rs:288:9\n    |\n288 |     use ast::parse::Parser;\n    |         ^^^^^^^^^^^^^^^^^^\n\nwarning: unused import: `ParserBuilder`\n    --> regex-syntax/src/hir/literal/mod.rs:1004:9\n     |\n1004 |     use ParserBuilder;\n     |         ^^^^^^^^^^^^^\n\nwarning: unused imports: `Position` and `self`\n    --> regex-syntax/src/hir/translate.rs:1094:15\n     |\n1094 |     use ast::{self, Ast, Position, Span};\n     |               ^^^^       ^^^^^^^^\n\nwarning: unused import: `ascii_class`\n    --> regex-syntax/src/hir/translate.rs:1099:36\n     |\n1099 |     use super::{TranslatorBuilder, ascii_class};\n     |                                    ^^^^^^^^^^^\n\nwarning: unused imports: `contains_simple_case_mapping` and `simple_fold`\n   --> regex-syntax/src/unicode.rs:375:17\n    |\n375 |     use super::{contains_simple_case_mapping, simple_fold};\n    |                 ^^^^^^^^^^^^^^^^^^^^^^^^^^^^  ^^^^^^^^^^^\n\nwarning: `...` range patterns are deprecated\n   --> regex-syntax/src/lib.rs:195:21\n    |\n195 |         b'_' | b'0' ... b'9' | b'a' ... b'z' | b'A' ... b'Z'  => true,\n    |                     ^^^ help: use `..=` for an inclusive range\n    |\n    = warning: this is accepted in the current edition (Rust 2015) but is a hard error in Rust 2021!\n    = note: for more information, see <https://doc.rust-lang.org/nightly/edition-guide/rust-2021/warnings-promoted-to-error.html>\n\nwarning: `...` range patterns are deprecated\n   --> regex-syntax/src/lib.rs:195:37\n    |\n195 |         b'_' | b'0' ... b'9' | b'a' ... b'z' | b'A' ... b'Z'  => true,\n    |                                     ^^^ help: use `..=` for an inclusive range\n    |\n    = warning: this is accepted in the current edition (Rust 2015) but is a hard error in Rust 2021!\n    = note: for more information, see <https://doc.rust-lang.org/nightly/edition-guide/rust-2021/warnings-promoted-to-error.html>\n\nwarning: `...` range patterns are deprecated\n   --> regex-syntax/src/lib.rs:195:53\n    |\n195 |         b'_' | b'0' ... b'9' | b'a' ... b'z' | b'A' ... b'Z'  => true,\n    |                                                     ^^^ help: use `..=` for an inclusive range\n    |\n    = warning: this is accepted in the current edition (Rust 2015) but is a hard error in Rust 2021!\n    = note: for more information, see <https://doc.rust-lang.org/nightly/edition-guide/rust-2021/warnings-promoted-to-error.html>\n\nwarning: unused import: `super::*`\n   --> regex-syntax/src/lib.rs:202:9\n    |\n202 |     use super::*;\n    |         ^^^^^^^^\n\nerror[E0369]: binary operation `==` cannot be applied to type `ast::visitor::ClassInduct<'_>`\n   --> regex-syntax/src/ast/visitor.rs:581:5\n    |\n581 |     assert_eq!(result, ClassInduct::Item(&class_item));\n    |     ^^^^^^^^^^^^^^^^^^^^^^^^^^^^^^^^^^^^^^^^^^^^^^^^^^\n    |     |\n    |     ast::visitor::ClassInduct<'_>\n    |     ast::visitor::ClassInduct<'_>\n    |\nnote: an implementation of `PartialEq<ast::visitor::ClassInduct<'_>>` might be missing for `ast::visitor::ClassInduct<'_>`\n   --> regex-syntax/src/ast/visitor.rs:211:1\n    |\n211 | enum ClassInduct<'a> {\n    | ^^^^^^^^^^^^^^^^^^^^ must implement `PartialEq<ast::visitor::ClassInduct<'_>>`\n    = note: this error originates in the macro `assert_eq` (in Nightly builds, run with -Z macro-backtrace for more info)\nhelp: consider annotating `ast::visitor::ClassInduct<'_>` with `#[derive(PartialEq)]`\n    |\n211 + #[derive(PartialEq)]\n212 | enum ClassInduct<'a> {\n    |\n\nwarning: use of deprecated method `std::error::Error::description`: use the Display impl or to_string()\n  --> regex-syntax/src/error.rs:45:38\n   |\n45 |             Error::Parse(ref x) => x.description(),\n   |                                      ^^^^^^^^^^^\n   |\n   = note: `#[warn(deprecated)]` on by default\n\nwarning: use of deprecated method `std::error::Error::description`: use the Display impl or to_string()\n  --> regex-syntax/src/error.rs:46:42\n   |\n46 |             Error::Translate(ref x) => x.description(),\n   |                                          ^^^^^^^^^^^\n\nwarning: variable does not need to be mutable\n   --> regex-syntax/src/hir/literal/mod.rs:687:17\n    |\n687 |             let mut buf = &mut buf[..i];\n    |                 ----^^^\n    |                 |\n    |                 help: remove this `mut`\n    |\n    = note: `#[warn(unused_mut)]` on by default\n\nSome errors have detailed explanations: E0369, E0422, E0432, E0433.\nFor more information about an error, try `rustc --explain E0369`.\nwarning: `regex-syntax` (lib test) generated 17 warnings\nerror: could not compile `regex-syntax` (lib test) due to 12 previous errors; 17 warnings emitted\n"
                }
              ],
              "repaired": [
                false
              ]
            },
            {
              "attrs": [],
              "prefix": [
                "{",
                "    let span = Span::new(0, 10);",
                "    let lhs_literal = Literal::new('c');",
                "    let rhs_literal = Literal::new('d');",
                "    let lhs = ClassSetItem::Literal(lhs_literal);",
                "    let rhs = ClassSetItem::Literal(rhs_literal);",
                "    let binary_op = ClassSetBinaryOp {",
                "        span,",
                "        kind: ClassSetBinaryOpKind::Union,",
                "        lhs: Box::new(ClassSet::Item(lhs)),",
                "        rhs: Box::new(ClassSet::Item(rhs)),",
                "    };",
                "    let class_set = ClassSet::BinaryOp(binary_op);",
                "    let class_bracketed = ClassBracketed {",
                "        span,",
                "        negated: true,",
                "        kind: class_set,",
                "    };",
                "    let result = ClassInduct::from_bracketed(&class_bracketed);",
                "}"
              ],
              "oracles": [
                [
                  "    let span = Span::new(0, 10);",
                  "    let lhs_literal = Literal::new('c');",
                  "    let rhs_literal = Literal::new('d');",
                  "    let lhs = ClassSetItem::Literal(lhs_literal);",
                  "    let rhs = ClassSetItem::Literal(rhs_literal);",
                  "    let binary_op = ClassSetBinaryOp {",
                  "    span,",
                  "    kind: ClassSetBinaryOpKind::Union,",
                  "    lhs: Box::new(ClassSet::Item(lhs)),",
                  "    rhs: Box::new(ClassSet::Item(rhs)),",
                  "    };",
                  "    let class_set = ClassSet::BinaryOp(binary_op);",
                  "    let class_bracketed = ClassBracketed {",
                  "    span,",
                  "    negated: true,",
                  "    kind: class_set,",
                  "    };",
                  "    let result = ClassInduct::from_bracketed(&class_bracketed);",
                  "    assert_eq!(result, ClassInduct::BinaryOp(&binary_op));"
                ]
              ],
              "codes": [
                [
                  "{",
                  "    let span = Span::new(0, 10);",
                  "    let lhs_literal = Literal::new('c');",
                  "    let rhs_literal = Literal::new('d');",
                  "    let lhs = ClassSetItem::Literal(lhs_literal);",
                  "    let rhs = ClassSetItem::Literal(rhs_literal);",
                  "    let binary_op = ClassSetBinaryOp {",
                  "        span,",
                  "        kind: ClassSetBinaryOpKind::Union,",
                  "        lhs: Box::new(ClassSet::Item(lhs)),",
                  "        rhs: Box::new(ClassSet::Item(rhs)),",
                  "    };",
                  "    let class_set = ClassSet::BinaryOp(binary_op);",
                  "    let class_bracketed = ClassBracketed {",
                  "        span,",
                  "        negated: true,",
                  "        kind: class_set,",
                  "    };",
                  "    let result = ClassInduct::from_bracketed(&class_bracketed);",
                  "    let span = Span::new(0, 10);",
                  "    let lhs_literal = Literal::new('c');",
                  "    let rhs_literal = Literal::new('d');",
                  "    let lhs = ClassSetItem::Literal(lhs_literal);",
                  "    let rhs = ClassSetItem::Literal(rhs_literal);",
                  "    let binary_op = ClassSetBinaryOp {",
                  "    span,",
                  "    kind: ClassSetBinaryOpKind::Union,",
                  "    lhs: Box::new(ClassSet::Item(lhs)),",
                  "    rhs: Box::new(ClassSet::Item(rhs)),",
                  "    };",
                  "    let class_set = ClassSet::BinaryOp(binary_op);",
                  "    let class_bracketed = ClassBracketed {",
                  "    span,",
                  "    negated: true,",
                  "    kind: class_set,",
                  "    };",
                  "    let result = ClassInduct::from_bracketed(&class_bracketed);",
                  "    assert_eq!(result, ClassInduct::BinaryOp(&binary_op));",
                  "}"
                ]
              ],
              "can_compile": [
                {
                  "Err": "warning: /home/utgen/workspace/regex/regex-syntax/Cargo.toml: no edition set: defaulting to the 2015 edition while the latest is 2021\nwarning: /home/utgen/workspace/regex/Cargo.toml: no edition set: defaulting to the 2015 edition while the latest is 2021\nwarning: /home/utgen/workspace/regex/regex-debug/Cargo.toml: no edition set: defaulting to the 2015 edition while the latest is 2021\nwarning: /home/utgen/workspace/regex/regex-capi/Cargo.toml: no edition set: defaulting to the 2015 edition while the latest is 2021\nwarning: /home/utgen/workspace/regex/bench/Cargo.toml: no edition set: defaulting to the 2015 edition while the latest is 2021\n   Compiling proc-macro2 v1.0.95\n   Compiling syn v1.0.109\n   Compiling quote v1.0.40\n   Compiling ntest_timeout v0.9.3\n   Compiling ntest_test_cases v0.9.3\n   Compiling ntest v0.9.3\n   Compiling regex-syntax v0.6.0 (/home/utgen/workspace/regex/regex-syntax)\nerror[E0432]: unresolved import `ntest`\n   --> regex-syntax/src/ast/visitor.rs:561:8\n    |\n561 |    use ntest::timeout;\n    |        ^^^^^ maybe a missing crate `ntest`?\n    |\n    = help: consider adding `extern crate ntest` to use the `ntest` crate\n\nerror[E0433]: failed to resolve: use of undeclared type `Span`\n   --> regex-syntax/src/ast/visitor.rs:565:16\n    |\n565 |     let span = Span::new(0, 10);\n    |                ^^^^ use of undeclared type `Span`\n    |\nhelp: consider importing this struct\n    |\n560 +    use ast::Span;\n    |\n\nerror[E0433]: failed to resolve: use of undeclared type `Literal`\n   --> regex-syntax/src/ast/visitor.rs:566:23\n    |\n566 |     let lhs_literal = Literal::new('c');\n    |                       ^^^^^^^ use of undeclared type `Literal`\n    |\nhelp: consider importing one of these items\n    |\n560 +    use ast::Literal;\n    |\n560 +    use hir::Literal;\n    |\n560 +    use hir::literal::Literal;\n    |\n\nerror[E0433]: failed to resolve: use of undeclared type `Literal`\n   --> regex-syntax/src/ast/visitor.rs:567:23\n    |\n567 |     let rhs_literal = Literal::new('d');\n    |                       ^^^^^^^ use of undeclared type `Literal`\n    |\nhelp: consider importing one of these items\n    |\n560 +    use ast::Literal;\n    |\n560 +    use hir::Literal;\n    |\n560 +    use hir::literal::Literal;\n    |\n\nerror[E0433]: failed to resolve: use of undeclared type `ClassSetItem`\n   --> regex-syntax/src/ast/visitor.rs:568:15\n    |\n568 |     let lhs = ClassSetItem::Literal(lhs_literal);\n    |               ^^^^^^^^^^^^ use of undeclared type `ClassSetItem`\n    |\nhelp: consider importing this enum\n    |\n560 +    use ast::ClassSetItem;\n    |\n\nerror[E0433]: failed to resolve: use of undeclared type `ClassSetItem`\n   --> regex-syntax/src/ast/visitor.rs:569:15\n    |\n569 |     let rhs = ClassSetItem::Literal(rhs_literal);\n    |               ^^^^^^^^^^^^ use of undeclared type `ClassSetItem`\n    |\nhelp: consider importing this enum\n    |\n560 +    use ast::ClassSetItem;\n    |\n\nerror[E0422]: cannot find struct, variant or union type `ClassSetBinaryOp` in this scope\n   --> regex-syntax/src/ast/visitor.rs:570:21\n    |\n570 |     let binary_op = ClassSetBinaryOp {\n    |                     ^^^^^^^^^^^^^^^^ not found in this scope\n    |\nhelp: consider importing this struct\n    |\n560 +    use ast::ClassSetBinaryOp;\n    |\n\nerror[E0433]: failed to resolve: use of undeclared type `ClassSetBinaryOpKind`\n   --> regex-syntax/src/ast/visitor.rs:572:15\n    |\n572 |         kind: ClassSetBinaryOpKind::Union,\n    |               ^^^^^^^^^^^^^^^^^^^^ use of undeclared type `ClassSetBinaryOpKind`\n    |\nhelp: consider importing this enum\n    |\n560 +    use ast::ClassSetBinaryOpKind;\n    |\n\nerror[E0433]: failed to resolve: use of undeclared type `ClassSet`\n   --> regex-syntax/src/ast/visitor.rs:573:23\n    |\n573 |         lhs: Box::new(ClassSet::Item(lhs)),\n    |                       ^^^^^^^^ use of undeclared type `ClassSet`\n    |\nhelp: consider importing this enum\n    |\n560 +    use ast::ClassSet;\n    |\n\nerror[E0433]: failed to resolve: use of undeclared type `ClassSet`\n   --> regex-syntax/src/ast/visitor.rs:574:23\n    |\n574 |         rhs: Box::new(ClassSet::Item(rhs)),\n    |                       ^^^^^^^^ use of undeclared type `ClassSet`\n    |\nhelp: consider importing this enum\n    |\n560 +    use ast::ClassSet;\n    |\n\nerror[E0433]: failed to resolve: use of undeclared type `ClassSet`\n   --> regex-syntax/src/ast/visitor.rs:576:21\n    |\n576 |     let class_set = ClassSet::BinaryOp(binary_op);\n    |                     ^^^^^^^^ use of undeclared type `ClassSet`\n    |\nhelp: consider importing this enum\n    |\n560 +    use ast::ClassSet;\n    |\n\nerror[E0422]: cannot find struct, variant or union type `ClassBracketed` in this scope\n   --> regex-syntax/src/ast/visitor.rs:577:27\n    |\n577 |     let class_bracketed = ClassBracketed {\n    |                           ^^^^^^^^^^^^^^ not found in this scope\n    |\nhelp: consider importing this struct\n    |\n560 +    use ast::ClassBracketed;\n    |\n\nerror[E0433]: failed to resolve: use of undeclared type `Span`\n   --> regex-syntax/src/ast/visitor.rs:583:16\n    |\n583 |     let span = Span::new(0, 10);\n    |                ^^^^ use of undeclared type `Span`\n    |\nhelp: consider importing this struct\n    |\n560 +    use ast::Span;\n    |\n\nerror[E0433]: failed to resolve: use of undeclared type `Literal`\n   --> regex-syntax/src/ast/visitor.rs:584:23\n    |\n584 |     let lhs_literal = Literal::new('c');\n    |                       ^^^^^^^ use of undeclared type `Literal`\n    |\nhelp: consider importing one of these items\n    |\n560 +    use ast::Literal;\n    |\n560 +    use hir::Literal;\n    |\n560 +    use hir::literal::Literal;\n    |\n\nerror[E0433]: failed to resolve: use of undeclared type `Literal`\n   --> regex-syntax/src/ast/visitor.rs:585:23\n    |\n585 |     let rhs_literal = Literal::new('d');\n    |                       ^^^^^^^ use of undeclared type `Literal`\n    |\nhelp: consider importing one of these items\n    |\n560 +    use ast::Literal;\n    |\n560 +    use hir::Literal;\n    |\n560 +    use hir::literal::Literal;\n    |\n\nerror[E0433]: failed to resolve: use of undeclared type `ClassSetItem`\n   --> regex-syntax/src/ast/visitor.rs:586:15\n    |\n586 |     let lhs = ClassSetItem::Literal(lhs_literal);\n    |               ^^^^^^^^^^^^ use of undeclared type `ClassSetItem`\n    |\nhelp: consider importing this enum\n    |\n560 +    use ast::ClassSetItem;\n    |\n\nerror[E0433]: failed to resolve: use of undeclared type `ClassSetItem`\n   --> regex-syntax/src/ast/visitor.rs:587:15\n    |\n587 |     let rhs = ClassSetItem::Literal(rhs_literal);\n    |               ^^^^^^^^^^^^ use of undeclared type `ClassSetItem`\n    |\nhelp: consider importing this enum\n    |\n560 +    use ast::ClassSetItem;\n    |\n\nerror[E0422]: cannot find struct, variant or union type `ClassSetBinaryOp` in this scope\n   --> regex-syntax/src/ast/visitor.rs:588:21\n    |\n588 |     let binary_op = ClassSetBinaryOp {\n    |                     ^^^^^^^^^^^^^^^^ not found in this scope\n    |\nhelp: consider importing this struct\n    |\n560 +    use ast::ClassSetBinaryOp;\n    |\n\nerror[E0433]: failed to resolve: use of undeclared type `ClassSetBinaryOpKind`\n   --> regex-syntax/src/ast/visitor.rs:590:11\n    |\n590 |     kind: ClassSetBinaryOpKind::Union,\n    |           ^^^^^^^^^^^^^^^^^^^^ use of undeclared type `ClassSetBinaryOpKind`\n    |\nhelp: consider importing this enum\n    |\n560 +    use ast::ClassSetBinaryOpKind;\n    |\n\nerror[E0433]: failed to resolve: use of undeclared type `ClassSet`\n   --> regex-syntax/src/ast/visitor.rs:591:19\n    |\n591 |     lhs: Box::new(ClassSet::Item(lhs)),\n    |                   ^^^^^^^^ use of undeclared type `ClassSet`\n    |\nhelp: consider importing this enum\n    |\n560 +    use ast::ClassSet;\n    |\n\nerror[E0433]: failed to resolve: use of undeclared type `ClassSet`\n   --> regex-syntax/src/ast/visitor.rs:592:19\n    |\n592 |     rhs: Box::new(ClassSet::Item(rhs)),\n    |                   ^^^^^^^^ use of undeclared type `ClassSet`\n    |\nhelp: consider importing this enum\n    |\n560 +    use ast::ClassSet;\n    |\n\nerror[E0433]: failed to resolve: use of undeclared type `ClassSet`\n   --> regex-syntax/src/ast/visitor.rs:594:21\n    |\n594 |     let class_set = ClassSet::BinaryOp(binary_op);\n    |                     ^^^^^^^^ use of undeclared type `ClassSet`\n    |\nhelp: consider importing this enum\n    |\n560 +    use ast::ClassSet;\n    |\n\nerror[E0422]: cannot find struct, variant or union type `ClassBracketed` in this scope\n   --> regex-syntax/src/ast/visitor.rs:595:27\n    |\n595 |     let class_bracketed = ClassBracketed {\n    |                           ^^^^^^^^^^^^^^ not found in this scope\n    |\nhelp: consider importing this struct\n    |\n560 +    use ast::ClassBracketed;\n    |\n\nwarning: `...` range patterns are deprecated\n    --> regex-syntax/src/ast/parse.rs:1445:16\n     |\n1445 |             '0'...'7' => {\n     |                ^^^ help: use `..=` for an inclusive range\n     |\n     = warning: this is accepted in the current edition (Rust 2015) but is a hard error in Rust 2021!\n     = note: for more information, see <https://doc.rust-lang.org/nightly/edition-guide/rust-2021/warnings-promoted-to-error.html>\n     = note: `#[warn(ellipsis_inclusive_range_patterns)]` on by default\n\nwarning: `...` range patterns are deprecated\n    --> regex-syntax/src/ast/parse.rs:1456:16\n     |\n1456 |             '8'...'9' if !self.parser().octal => {\n     |                ^^^ help: use `..=` for an inclusive range\n     |\n     = warning: this is accepted in the current edition (Rust 2015) but is a hard error in Rust 2021!\n     = note: for more information, see <https://doc.rust-lang.org/nightly/edition-guide/rust-2021/warnings-promoted-to-error.html>\n\nwarning: unused import: `Primitive`\n    --> regex-syntax/src/ast/parse.rs:2261:49\n     |\n2261 |     use super::{Parser, ParserI, ParserBuilder, Primitive};\n     |                                                 ^^^^^^^^^\n     |\n     = note: `#[warn(unused_imports)]` on by default\n\nwarning: unused macro definition: `assert_eq`\n    --> regex-syntax/src/ast/parse.rs:2265:18\n     |\n2265 |     macro_rules! assert_eq {\n     |                  ^^^^^^^^^\n     |\n     = note: `#[warn(unused_macros)]` on by default\n\nwarning: unused import: `super::*`\n    --> regex-syntax/src/ast/mod.rs:1482:9\n     |\n1482 |     use super::*;\n     |         ^^^^^^^^\n\nwarning: unused import: `ast::parse::Parser`\n   --> regex-syntax/src/error.rs:288:9\n    |\n288 |     use ast::parse::Parser;\n    |         ^^^^^^^^^^^^^^^^^^\n\nwarning: unused import: `ParserBuilder`\n    --> regex-syntax/src/hir/literal/mod.rs:1004:9\n     |\n1004 |     use ParserBuilder;\n     |         ^^^^^^^^^^^^^\n\nwarning: unused imports: `Position` and `self`\n    --> regex-syntax/src/hir/translate.rs:1094:15\n     |\n1094 |     use ast::{self, Ast, Position, Span};\n     |               ^^^^       ^^^^^^^^\n\nwarning: unused import: `ascii_class`\n    --> regex-syntax/src/hir/translate.rs:1099:36\n     |\n1099 |     use super::{TranslatorBuilder, ascii_class};\n     |                                    ^^^^^^^^^^^\n\nwarning: unused imports: `contains_simple_case_mapping` and `simple_fold`\n   --> regex-syntax/src/unicode.rs:375:17\n    |\n375 |     use super::{contains_simple_case_mapping, simple_fold};\n    |                 ^^^^^^^^^^^^^^^^^^^^^^^^^^^^  ^^^^^^^^^^^\n\nwarning: `...` range patterns are deprecated\n   --> regex-syntax/src/lib.rs:195:21\n    |\n195 |         b'_' | b'0' ... b'9' | b'a' ... b'z' | b'A' ... b'Z'  => true,\n    |                     ^^^ help: use `..=` for an inclusive range\n    |\n    = warning: this is accepted in the current edition (Rust 2015) but is a hard error in Rust 2021!\n    = note: for more information, see <https://doc.rust-lang.org/nightly/edition-guide/rust-2021/warnings-promoted-to-error.html>\n\nwarning: `...` range patterns are deprecated\n   --> regex-syntax/src/lib.rs:195:37\n    |\n195 |         b'_' | b'0' ... b'9' | b'a' ... b'z' | b'A' ... b'Z'  => true,\n    |                                     ^^^ help: use `..=` for an inclusive range\n    |\n    = warning: this is accepted in the current edition (Rust 2015) but is a hard error in Rust 2021!\n    = note: for more information, see <https://doc.rust-lang.org/nightly/edition-guide/rust-2021/warnings-promoted-to-error.html>\n\nwarning: `...` range patterns are deprecated\n   --> regex-syntax/src/lib.rs:195:53\n    |\n195 |         b'_' | b'0' ... b'9' | b'a' ... b'z' | b'A' ... b'Z'  => true,\n    |                                                     ^^^ help: use `..=` for an inclusive range\n    |\n    = warning: this is accepted in the current edition (Rust 2015) but is a hard error in Rust 2021!\n    = note: for more information, see <https://doc.rust-lang.org/nightly/edition-guide/rust-2021/warnings-promoted-to-error.html>\n\nwarning: unused import: `super::*`\n   --> regex-syntax/src/lib.rs:202:9\n    |\n202 |     use super::*;\n    |         ^^^^^^^^\n\nerror[E0369]: binary operation `==` cannot be applied to type `ast::visitor::ClassInduct<'_>`\n   --> regex-syntax/src/ast/visitor.rs:601:5\n    |\n601 |     assert_eq!(result, ClassInduct::BinaryOp(&binary_op));\n    |     ^^^^^^^^^^^^^^^^^^^^^^^^^^^^^^^^^^^^^^^^^^^^^^^^^^^^^\n    |     |\n    |     ast::visitor::ClassInduct<'_>\n    |     ast::visitor::ClassInduct<'_>\n    |\nnote: an implementation of `PartialEq<ast::visitor::ClassInduct<'_>>` might be missing for `ast::visitor::ClassInduct<'_>`\n   --> regex-syntax/src/ast/visitor.rs:211:1\n    |\n211 | enum ClassInduct<'a> {\n    | ^^^^^^^^^^^^^^^^^^^^ must implement `PartialEq<ast::visitor::ClassInduct<'_>>`\n    = note: this error originates in the macro `assert_eq` (in Nightly builds, run with -Z macro-backtrace for more info)\nhelp: consider annotating `ast::visitor::ClassInduct<'_>` with `#[derive(PartialEq)]`\n    |\n211 + #[derive(PartialEq)]\n212 | enum ClassInduct<'a> {\n    |\n\nwarning: use of deprecated method `std::error::Error::description`: use the Display impl or to_string()\n  --> regex-syntax/src/error.rs:45:38\n   |\n45 |             Error::Parse(ref x) => x.description(),\n   |                                      ^^^^^^^^^^^\n   |\n   = note: `#[warn(deprecated)]` on by default\n\nwarning: use of deprecated method `std::error::Error::description`: use the Display impl or to_string()\n  --> regex-syntax/src/error.rs:46:42\n   |\n46 |             Error::Translate(ref x) => x.description(),\n   |                                          ^^^^^^^^^^^\n\nwarning: variable does not need to be mutable\n   --> regex-syntax/src/hir/literal/mod.rs:687:17\n    |\n687 |             let mut buf = &mut buf[..i];\n    |                 ----^^^\n    |                 |\n    |                 help: remove this `mut`\n    |\n    = note: `#[warn(unused_mut)]` on by default\n\nSome errors have detailed explanations: E0369, E0422, E0432, E0433.\nFor more information about an error, try `rustc --explain E0369`.\nwarning: `regex-syntax` (lib test) generated 17 warnings\nerror: could not compile `regex-syntax` (lib test) due to 24 previous errors; 17 warnings emitted\n"
                }
              ],
              "repaired": [
                false
              ]
            },
            {
              "attrs": [],
              "prefix": [
                "{",
                "    let span = Span::new(0, 10);",
                "    let lhs_literal = Literal::new('e');",
                "    let rhs_literal = Literal::new('f');",
                "    let lhs = ClassSetItem::Literal(lhs_literal);",
                "    let rhs = ClassSetItem::Literal(rhs_literal);",
                "    let binary_op = ClassSetBinaryOp {",
                "        span,",
                "        kind: ClassSetBinaryOpKind::Intersection,",
                "        lhs: Box::new(ClassSet::Item(lhs)),",
                "        rhs: Box::new(ClassSet::Item(rhs)),",
                "    };",
                "    let class_set = ClassSet::BinaryOp(binary_op);",
                "    let class_bracketed = ClassBracketed {",
                "        span,",
                "        negated: false,",
                "        kind: class_set,",
                "    };",
                "    let result = ClassInduct::from_bracketed(&class_bracketed);",
                "}"
              ],
              "oracles": [
                [
                  "    let span = Span::new(0, 10);",
                  "    let lhs_literal = Literal::new('e');",
                  "    let rhs_literal = Literal::new('f');",
                  "    let lhs = ClassSetItem::Literal(lhs_literal);",
                  "    let rhs = ClassSetItem::Literal(rhs_literal);",
                  "    let binary_op = ClassSetBinaryOp {",
                  "    span,",
                  "    kind: ClassSetBinaryOpKind::Intersection,",
                  "    lhs: Box::new(ClassSet::Item(lhs)),",
                  "    rhs: Box::new(ClassSet::Item(rhs)),",
                  "    };",
                  "    let class_set = ClassSet::BinaryOp(binary_op);",
                  "    let class_bracketed = ClassBracketed {",
                  "    span,",
                  "    negated: false,",
                  "    kind: class_set,",
                  "    };",
                  "    let result = ClassInduct::from_bracketed(&class_bracketed);",
                  "    assert_eq!(result, ClassInduct::BinaryOp(&binary_op));"
                ]
              ],
              "codes": [
                [
                  "{",
                  "    let span = Span::new(0, 10);",
                  "    let lhs_literal = Literal::new('e');",
                  "    let rhs_literal = Literal::new('f');",
                  "    let lhs = ClassSetItem::Literal(lhs_literal);",
                  "    let rhs = ClassSetItem::Literal(rhs_literal);",
                  "    let binary_op = ClassSetBinaryOp {",
                  "        span,",
                  "        kind: ClassSetBinaryOpKind::Intersection,",
                  "        lhs: Box::new(ClassSet::Item(lhs)),",
                  "        rhs: Box::new(ClassSet::Item(rhs)),",
                  "    };",
                  "    let class_set = ClassSet::BinaryOp(binary_op);",
                  "    let class_bracketed = ClassBracketed {",
                  "        span,",
                  "        negated: false,",
                  "        kind: class_set,",
                  "    };",
                  "    let result = ClassInduct::from_bracketed(&class_bracketed);",
                  "    let span = Span::new(0, 10);",
                  "    let lhs_literal = Literal::new('e');",
                  "    let rhs_literal = Literal::new('f');",
                  "    let lhs = ClassSetItem::Literal(lhs_literal);",
                  "    let rhs = ClassSetItem::Literal(rhs_literal);",
                  "    let binary_op = ClassSetBinaryOp {",
                  "    span,",
                  "    kind: ClassSetBinaryOpKind::Intersection,",
                  "    lhs: Box::new(ClassSet::Item(lhs)),",
                  "    rhs: Box::new(ClassSet::Item(rhs)),",
                  "    };",
                  "    let class_set = ClassSet::BinaryOp(binary_op);",
                  "    let class_bracketed = ClassBracketed {",
                  "    span,",
                  "    negated: false,",
                  "    kind: class_set,",
                  "    };",
                  "    let result = ClassInduct::from_bracketed(&class_bracketed);",
                  "    assert_eq!(result, ClassInduct::BinaryOp(&binary_op));",
                  "}"
                ]
              ],
              "can_compile": [
                {
                  "Err": "warning: /home/utgen/workspace/regex/bench/Cargo.toml: no edition set: defaulting to the 2015 edition while the latest is 2021\nwarning: /home/utgen/workspace/regex/regex-syntax/Cargo.toml: no edition set: defaulting to the 2015 edition while the latest is 2021\nwarning: /home/utgen/workspace/regex/regex-capi/Cargo.toml: no edition set: defaulting to the 2015 edition while the latest is 2021\nwarning: /home/utgen/workspace/regex/regex-debug/Cargo.toml: no edition set: defaulting to the 2015 edition while the latest is 2021\nwarning: /home/utgen/workspace/regex/Cargo.toml: no edition set: defaulting to the 2015 edition while the latest is 2021\n   Compiling proc-macro2 v1.0.95\n   Compiling syn v1.0.109\n   Compiling quote v1.0.40\n   Compiling ntest_timeout v0.9.3\n   Compiling ntest_test_cases v0.9.3\n   Compiling ntest v0.9.3\n   Compiling regex-syntax v0.6.0 (/home/utgen/workspace/regex/regex-syntax)\nerror[E0432]: unresolved import `ntest`\n   --> regex-syntax/src/ast/visitor.rs:561:8\n    |\n561 |    use ntest::timeout;\n    |        ^^^^^ maybe a missing crate `ntest`?\n    |\n    = help: consider adding `extern crate ntest` to use the `ntest` crate\n\nerror[E0433]: failed to resolve: use of undeclared type `Span`\n   --> regex-syntax/src/ast/visitor.rs:565:16\n    |\n565 |     let span = Span::new(0, 10);\n    |                ^^^^ use of undeclared type `Span`\n    |\nhelp: consider importing this struct\n    |\n560 +    use ast::Span;\n    |\n\nerror[E0433]: failed to resolve: use of undeclared type `Literal`\n   --> regex-syntax/src/ast/visitor.rs:566:23\n    |\n566 |     let lhs_literal = Literal::new('e');\n    |                       ^^^^^^^ use of undeclared type `Literal`\n    |\nhelp: consider importing one of these items\n    |\n560 +    use ast::Literal;\n    |\n560 +    use hir::Literal;\n    |\n560 +    use hir::literal::Literal;\n    |\n\nerror[E0433]: failed to resolve: use of undeclared type `Literal`\n   --> regex-syntax/src/ast/visitor.rs:567:23\n    |\n567 |     let rhs_literal = Literal::new('f');\n    |                       ^^^^^^^ use of undeclared type `Literal`\n    |\nhelp: consider importing one of these items\n    |\n560 +    use ast::Literal;\n    |\n560 +    use hir::Literal;\n    |\n560 +    use hir::literal::Literal;\n    |\n\nerror[E0433]: failed to resolve: use of undeclared type `ClassSetItem`\n   --> regex-syntax/src/ast/visitor.rs:568:15\n    |\n568 |     let lhs = ClassSetItem::Literal(lhs_literal);\n    |               ^^^^^^^^^^^^ use of undeclared type `ClassSetItem`\n    |\nhelp: consider importing this enum\n    |\n560 +    use ast::ClassSetItem;\n    |\n\nerror[E0433]: failed to resolve: use of undeclared type `ClassSetItem`\n   --> regex-syntax/src/ast/visitor.rs:569:15\n    |\n569 |     let rhs = ClassSetItem::Literal(rhs_literal);\n    |               ^^^^^^^^^^^^ use of undeclared type `ClassSetItem`\n    |\nhelp: consider importing this enum\n    |\n560 +    use ast::ClassSetItem;\n    |\n\nerror[E0422]: cannot find struct, variant or union type `ClassSetBinaryOp` in this scope\n   --> regex-syntax/src/ast/visitor.rs:570:21\n    |\n570 |     let binary_op = ClassSetBinaryOp {\n    |                     ^^^^^^^^^^^^^^^^ not found in this scope\n    |\nhelp: consider importing this struct\n    |\n560 +    use ast::ClassSetBinaryOp;\n    |\n\nerror[E0433]: failed to resolve: use of undeclared type `ClassSetBinaryOpKind`\n   --> regex-syntax/src/ast/visitor.rs:572:15\n    |\n572 |         kind: ClassSetBinaryOpKind::Intersection,\n    |               ^^^^^^^^^^^^^^^^^^^^ use of undeclared type `ClassSetBinaryOpKind`\n    |\nhelp: consider importing this enum\n    |\n560 +    use ast::ClassSetBinaryOpKind;\n    |\n\nerror[E0433]: failed to resolve: use of undeclared type `ClassSet`\n   --> regex-syntax/src/ast/visitor.rs:573:23\n    |\n573 |         lhs: Box::new(ClassSet::Item(lhs)),\n    |                       ^^^^^^^^ use of undeclared type `ClassSet`\n    |\nhelp: consider importing this enum\n    |\n560 +    use ast::ClassSet;\n    |\n\nerror[E0433]: failed to resolve: use of undeclared type `ClassSet`\n   --> regex-syntax/src/ast/visitor.rs:574:23\n    |\n574 |         rhs: Box::new(ClassSet::Item(rhs)),\n    |                       ^^^^^^^^ use of undeclared type `ClassSet`\n    |\nhelp: consider importing this enum\n    |\n560 +    use ast::ClassSet;\n    |\n\nerror[E0433]: failed to resolve: use of undeclared type `ClassSet`\n   --> regex-syntax/src/ast/visitor.rs:576:21\n    |\n576 |     let class_set = ClassSet::BinaryOp(binary_op);\n    |                     ^^^^^^^^ use of undeclared type `ClassSet`\n    |\nhelp: consider importing this enum\n    |\n560 +    use ast::ClassSet;\n    |\n\nerror[E0422]: cannot find struct, variant or union type `ClassBracketed` in this scope\n   --> regex-syntax/src/ast/visitor.rs:577:27\n    |\n577 |     let class_bracketed = ClassBracketed {\n    |                           ^^^^^^^^^^^^^^ not found in this scope\n    |\nhelp: consider importing this struct\n    |\n560 +    use ast::ClassBracketed;\n    |\n\nerror[E0433]: failed to resolve: use of undeclared type `Span`\n   --> regex-syntax/src/ast/visitor.rs:583:16\n    |\n583 |     let span = Span::new(0, 10);\n    |                ^^^^ use of undeclared type `Span`\n    |\nhelp: consider importing this struct\n    |\n560 +    use ast::Span;\n    |\n\nerror[E0433]: failed to resolve: use of undeclared type `Literal`\n   --> regex-syntax/src/ast/visitor.rs:584:23\n    |\n584 |     let lhs_literal = Literal::new('e');\n    |                       ^^^^^^^ use of undeclared type `Literal`\n    |\nhelp: consider importing one of these items\n    |\n560 +    use ast::Literal;\n    |\n560 +    use hir::Literal;\n    |\n560 +    use hir::literal::Literal;\n    |\n\nerror[E0433]: failed to resolve: use of undeclared type `Literal`\n   --> regex-syntax/src/ast/visitor.rs:585:23\n    |\n585 |     let rhs_literal = Literal::new('f');\n    |                       ^^^^^^^ use of undeclared type `Literal`\n    |\nhelp: consider importing one of these items\n    |\n560 +    use ast::Literal;\n    |\n560 +    use hir::Literal;\n    |\n560 +    use hir::literal::Literal;\n    |\n\nerror[E0433]: failed to resolve: use of undeclared type `ClassSetItem`\n   --> regex-syntax/src/ast/visitor.rs:586:15\n    |\n586 |     let lhs = ClassSetItem::Literal(lhs_literal);\n    |               ^^^^^^^^^^^^ use of undeclared type `ClassSetItem`\n    |\nhelp: consider importing this enum\n    |\n560 +    use ast::ClassSetItem;\n    |\n\nerror[E0433]: failed to resolve: use of undeclared type `ClassSetItem`\n   --> regex-syntax/src/ast/visitor.rs:587:15\n    |\n587 |     let rhs = ClassSetItem::Literal(rhs_literal);\n    |               ^^^^^^^^^^^^ use of undeclared type `ClassSetItem`\n    |\nhelp: consider importing this enum\n    |\n560 +    use ast::ClassSetItem;\n    |\n\nerror[E0422]: cannot find struct, variant or union type `ClassSetBinaryOp` in this scope\n   --> regex-syntax/src/ast/visitor.rs:588:21\n    |\n588 |     let binary_op = ClassSetBinaryOp {\n    |                     ^^^^^^^^^^^^^^^^ not found in this scope\n    |\nhelp: consider importing this struct\n    |\n560 +    use ast::ClassSetBinaryOp;\n    |\n\nerror[E0433]: failed to resolve: use of undeclared type `ClassSetBinaryOpKind`\n   --> regex-syntax/src/ast/visitor.rs:590:11\n    |\n590 |     kind: ClassSetBinaryOpKind::Intersection,\n    |           ^^^^^^^^^^^^^^^^^^^^ use of undeclared type `ClassSetBinaryOpKind`\n    |\nhelp: consider importing this enum\n    |\n560 +    use ast::ClassSetBinaryOpKind;\n    |\n\nerror[E0433]: failed to resolve: use of undeclared type `ClassSet`\n   --> regex-syntax/src/ast/visitor.rs:591:19\n    |\n591 |     lhs: Box::new(ClassSet::Item(lhs)),\n    |                   ^^^^^^^^ use of undeclared type `ClassSet`\n    |\nhelp: consider importing this enum\n    |\n560 +    use ast::ClassSet;\n    |\n\nerror[E0433]: failed to resolve: use of undeclared type `ClassSet`\n   --> regex-syntax/src/ast/visitor.rs:592:19\n    |\n592 |     rhs: Box::new(ClassSet::Item(rhs)),\n    |                   ^^^^^^^^ use of undeclared type `ClassSet`\n    |\nhelp: consider importing this enum\n    |\n560 +    use ast::ClassSet;\n    |\n\nerror[E0433]: failed to resolve: use of undeclared type `ClassSet`\n   --> regex-syntax/src/ast/visitor.rs:594:21\n    |\n594 |     let class_set = ClassSet::BinaryOp(binary_op);\n    |                     ^^^^^^^^ use of undeclared type `ClassSet`\n    |\nhelp: consider importing this enum\n    |\n560 +    use ast::ClassSet;\n    |\n\nerror[E0422]: cannot find struct, variant or union type `ClassBracketed` in this scope\n   --> regex-syntax/src/ast/visitor.rs:595:27\n    |\n595 |     let class_bracketed = ClassBracketed {\n    |                           ^^^^^^^^^^^^^^ not found in this scope\n    |\nhelp: consider importing this struct\n    |\n560 +    use ast::ClassBracketed;\n    |\n\nwarning: `...` range patterns are deprecated\n    --> regex-syntax/src/ast/parse.rs:1445:16\n     |\n1445 |             '0'...'7' => {\n     |                ^^^ help: use `..=` for an inclusive range\n     |\n     = warning: this is accepted in the current edition (Rust 2015) but is a hard error in Rust 2021!\n     = note: for more information, see <https://doc.rust-lang.org/nightly/edition-guide/rust-2021/warnings-promoted-to-error.html>\n     = note: `#[warn(ellipsis_inclusive_range_patterns)]` on by default\n\nwarning: `...` range patterns are deprecated\n    --> regex-syntax/src/ast/parse.rs:1456:16\n     |\n1456 |             '8'...'9' if !self.parser().octal => {\n     |                ^^^ help: use `..=` for an inclusive range\n     |\n     = warning: this is accepted in the current edition (Rust 2015) but is a hard error in Rust 2021!\n     = note: for more information, see <https://doc.rust-lang.org/nightly/edition-guide/rust-2021/warnings-promoted-to-error.html>\n\nwarning: unused import: `Primitive`\n    --> regex-syntax/src/ast/parse.rs:2261:49\n     |\n2261 |     use super::{Parser, ParserI, ParserBuilder, Primitive};\n     |                                                 ^^^^^^^^^\n     |\n     = note: `#[warn(unused_imports)]` on by default\n\nwarning: unused macro definition: `assert_eq`\n    --> regex-syntax/src/ast/parse.rs:2265:18\n     |\n2265 |     macro_rules! assert_eq {\n     |                  ^^^^^^^^^\n     |\n     = note: `#[warn(unused_macros)]` on by default\n\nwarning: unused import: `super::*`\n    --> regex-syntax/src/ast/mod.rs:1482:9\n     |\n1482 |     use super::*;\n     |         ^^^^^^^^\n\nwarning: unused import: `ast::parse::Parser`\n   --> regex-syntax/src/error.rs:288:9\n    |\n288 |     use ast::parse::Parser;\n    |         ^^^^^^^^^^^^^^^^^^\n\nwarning: unused import: `ParserBuilder`\n    --> regex-syntax/src/hir/literal/mod.rs:1004:9\n     |\n1004 |     use ParserBuilder;\n     |         ^^^^^^^^^^^^^\n\nwarning: unused imports: `Position` and `self`\n    --> regex-syntax/src/hir/translate.rs:1094:15\n     |\n1094 |     use ast::{self, Ast, Position, Span};\n     |               ^^^^       ^^^^^^^^\n\nwarning: unused import: `ascii_class`\n    --> regex-syntax/src/hir/translate.rs:1099:36\n     |\n1099 |     use super::{TranslatorBuilder, ascii_class};\n     |                                    ^^^^^^^^^^^\n\nwarning: unused imports: `contains_simple_case_mapping` and `simple_fold`\n   --> regex-syntax/src/unicode.rs:375:17\n    |\n375 |     use super::{contains_simple_case_mapping, simple_fold};\n    |                 ^^^^^^^^^^^^^^^^^^^^^^^^^^^^  ^^^^^^^^^^^\n\nwarning: `...` range patterns are deprecated\n   --> regex-syntax/src/lib.rs:195:21\n    |\n195 |         b'_' | b'0' ... b'9' | b'a' ... b'z' | b'A' ... b'Z'  => true,\n    |                     ^^^ help: use `..=` for an inclusive range\n    |\n    = warning: this is accepted in the current edition (Rust 2015) but is a hard error in Rust 2021!\n    = note: for more information, see <https://doc.rust-lang.org/nightly/edition-guide/rust-2021/warnings-promoted-to-error.html>\n\nwarning: `...` range patterns are deprecated\n   --> regex-syntax/src/lib.rs:195:37\n    |\n195 |         b'_' | b'0' ... b'9' | b'a' ... b'z' | b'A' ... b'Z'  => true,\n    |                                     ^^^ help: use `..=` for an inclusive range\n    |\n    = warning: this is accepted in the current edition (Rust 2015) but is a hard error in Rust 2021!\n    = note: for more information, see <https://doc.rust-lang.org/nightly/edition-guide/rust-2021/warnings-promoted-to-error.html>\n\nwarning: `...` range patterns are deprecated\n   --> regex-syntax/src/lib.rs:195:53\n    |\n195 |         b'_' | b'0' ... b'9' | b'a' ... b'z' | b'A' ... b'Z'  => true,\n    |                                                     ^^^ help: use `..=` for an inclusive range\n    |\n    = warning: this is accepted in the current edition (Rust 2015) but is a hard error in Rust 2021!\n    = note: for more information, see <https://doc.rust-lang.org/nightly/edition-guide/rust-2021/warnings-promoted-to-error.html>\n\nwarning: unused import: `super::*`\n   --> regex-syntax/src/lib.rs:202:9\n    |\n202 |     use super::*;\n    |         ^^^^^^^^\n\nerror[E0369]: binary operation `==` cannot be applied to type `ast::visitor::ClassInduct<'_>`\n   --> regex-syntax/src/ast/visitor.rs:601:5\n    |\n601 |     assert_eq!(result, ClassInduct::BinaryOp(&binary_op));\n    |     ^^^^^^^^^^^^^^^^^^^^^^^^^^^^^^^^^^^^^^^^^^^^^^^^^^^^^\n    |     |\n    |     ast::visitor::ClassInduct<'_>\n    |     ast::visitor::ClassInduct<'_>\n    |\nnote: an implementation of `PartialEq<ast::visitor::ClassInduct<'_>>` might be missing for `ast::visitor::ClassInduct<'_>`\n   --> regex-syntax/src/ast/visitor.rs:211:1\n    |\n211 | enum ClassInduct<'a> {\n    | ^^^^^^^^^^^^^^^^^^^^ must implement `PartialEq<ast::visitor::ClassInduct<'_>>`\n    = note: this error originates in the macro `assert_eq` (in Nightly builds, run with -Z macro-backtrace for more info)\nhelp: consider annotating `ast::visitor::ClassInduct<'_>` with `#[derive(PartialEq)]`\n    |\n211 + #[derive(PartialEq)]\n212 | enum ClassInduct<'a> {\n    |\n\nwarning: use of deprecated method `std::error::Error::description`: use the Display impl or to_string()\n  --> regex-syntax/src/error.rs:45:38\n   |\n45 |             Error::Parse(ref x) => x.description(),\n   |                                      ^^^^^^^^^^^\n   |\n   = note: `#[warn(deprecated)]` on by default\n\nwarning: use of deprecated method `std::error::Error::description`: use the Display impl or to_string()\n  --> regex-syntax/src/error.rs:46:42\n   |\n46 |             Error::Translate(ref x) => x.description(),\n   |                                          ^^^^^^^^^^^\n\nwarning: variable does not need to be mutable\n   --> regex-syntax/src/hir/literal/mod.rs:687:17\n    |\n687 |             let mut buf = &mut buf[..i];\n    |                 ----^^^\n    |                 |\n    |                 help: remove this `mut`\n    |\n    = note: `#[warn(unused_mut)]` on by default\n\nSome errors have detailed explanations: E0369, E0422, E0432, E0433.\nFor more information about an error, try `rustc --explain E0369`.\nwarning: `regex-syntax` (lib test) generated 17 warnings\nerror: could not compile `regex-syntax` (lib test) due to 24 previous errors; 17 warnings emitted\n"
                }
              ],
              "repaired": [
                false
              ]
            }
          ]
        }
      ]
    }
  ]
}