{
  "name": "http::request::request::Request<T>::method_mut",
  "name_with_impl": "http::request::{impl#1}::method_mut",
  "mod_info": {
    "name": "request",
    "loc": "src/lib.rs:174:1:174:17"
  },
  "visible": true,
  "loc": "src/request.rs:483:5:485:6",
  "fn_tests": [
    {
      "chain_id": 1,
      "prompt_conds": [
        "// expected return value/type: &mut self.head.method\n"
      ],
      "input_infer": "method_mut() expects a mutable reference to a Request instance with a valid method set to Method. Valid test input ranges for Method include: any valid HTTP method string (e.g., \"GET\", \"POST\", \"PUT\", \"DELETE\", etc.) and an uninitialized body type that satisfies the Request<T> requirements. For boundary cases, consider an empty or minimal structure for Request<T> and test with unusual or rarely used HTTP methods (e.g., \"PATCH\", \"OPTIONS\", \"CONNECT\", \"TRACE\"). The test input ranges are: Request<()>, Request<String>, Request<Vec<u8>>, valid Method values: [\"GET\", \"POST\", \"PUT\", \"DELETE\", \"PATCH\", \"OPTIONS\", \"CONNECT\", \"TRACE\"].\n",
      "answers": [
        {
          "uses": [],
          "has_test_mod": false,
          "common": [],
          "chain_tests": [
            {
              "attrs": [],
              "prefix": [
                "{",
                "    let mut request: Request<()> = Request::new(());",
                "    *request.method_mut() = Method(Inner(\"GET\".to_string()));",
                "}"
              ],
              "oracles": [
                [
                  "    let mut request: Request<()> = Request::new(());",
                  "    *request.method_mut() = Method(Inner(\"GET\".to_string()));",
                  "    assert_eq!(*request.method(), Method(Inner(\"GET\".to_string())));"
                ]
              ],
              "codes": [
                [
                  "{",
                  "    let mut request: Request<()> = Request::new(());",
                  "    *request.method_mut() = Method(Inner(\"GET\".to_string()));",
                  "    let mut request: Request<()> = Request::new(());",
                  "    *request.method_mut() = Method(Inner(\"GET\".to_string()));",
                  "    assert_eq!(*request.method(), Method(Inner(\"GET\".to_string())));",
                  "}"
                ]
              ],
              "can_compile": [
                {
                  "Err": "   Compiling libc v0.2.172\n   Compiling proc-macro2 v1.0.95\n   Compiling zerocopy v0.8.25\n   Compiling syn v1.0.109\n   Compiling serde v1.0.219\n   Compiling doc-comment v0.3.3\n   Compiling serde_json v1.0.140\n   Compiling quote v1.0.40\n   Compiling getrandom v0.2.16\n   Compiling rand_core v0.6.4\n   Compiling ppv-lite86 v0.2.21\n   Compiling rand_chacha v0.3.1\n   Compiling rand v0.8.5\n   Compiling quickcheck v1.0.3\n   Compiling ntest_timeout v0.9.3\n   Compiling ntest_test_cases v0.9.3\n   Compiling ntest v0.9.3\n   Compiling http v1.3.1 (/home/abezbm/rust-utgen-test-crates/http)\nerror[E0423]: cannot initialize a tuple struct which contains private fields\n    --> src/request.rs:1083:29\n     |\n1083 |     *request.method_mut() = Method(Inner(\"GET\".to_string()));\n     |                             ^^^^^^\n     |\nnote: constructor is not visible here due to private fields\n    --> src/method.rs:45:19\n     |\n45   | pub struct Method(Inner);\n     |                   ^^^^^ private field\nnote: tuple variant `crate::error::ErrorKind::Method` exists but is inaccessible\n    --> src/error.rs:26:5\n     |\n26   |     Method(method::InvalidMethod),\n     |     ^^^^^^^^^^^^^^^^^^^^^^^^^^^^^ not accessible\nhelp: consider making the field publicly accessible\n    -->  src/method.rs:45:19\n     |\n45   | pub struct Method(pub Inner);\n     |                   +++\n\nerror[E0423]: cannot initialize a tuple struct which contains private fields\n    --> src/request.rs:1085:29\n     |\n1085 |     *request.method_mut() = Method(Inner(\"GET\".to_string()));\n     |                             ^^^^^^\n     |\nnote: constructor is not visible here due to private fields\n    --> src/method.rs:45:19\n     |\n45   | pub struct Method(Inner);\n     |                   ^^^^^ private field\nnote: tuple variant `crate::error::ErrorKind::Method` exists but is inaccessible\n    --> src/error.rs:26:5\n     |\n26   |     Method(method::InvalidMethod),\n     |     ^^^^^^^^^^^^^^^^^^^^^^^^^^^^^ not accessible\nhelp: consider making the field publicly accessible\n    -->  src/method.rs:45:19\n     |\n45   | pub struct Method(pub Inner);\n     |                   +++\n\nerror[E0423]: cannot initialize a tuple struct which contains private fields\n    --> src/request.rs:1086:35\n     |\n1086 |     assert_eq!(*request.method(), Method(Inner(\"GET\".to_string())));\n     |                                   ^^^^^^\n     |\nnote: constructor is not visible here due to private fields\n    --> src/method.rs:45:19\n     |\n45   | pub struct Method(Inner);\n     |                   ^^^^^ private field\nnote: tuple variant `crate::error::ErrorKind::Method` exists but is inaccessible\n    --> src/error.rs:26:5\n     |\n26   |     Method(method::InvalidMethod),\n     |     ^^^^^^^^^^^^^^^^^^^^^^^^^^^^^ not accessible\nhelp: consider making the field publicly accessible\n    -->  src/method.rs:45:19\n     |\n45   | pub struct Method(pub Inner);\n     |                   +++\n\nwarning: unused import: `self::StandardHeader::Vary`\n    --> src/header/name.rs:1676:9\n     |\n1676 |     use self::StandardHeader::Vary;\n     |         ^^^^^^^^^^^^^^^^^^^^^^^^^^\n     |\n     = note: `#[warn(unused_imports)]` on by default\n\nwarning: unused import: `super::*`\n   --> src/header/value.rs:481:9\n    |\n481 |     use super::*;\n    |         ^^^^^^^^\n\nwarning: unused import: `crate::header::map::HeaderMap`\n   --> src/header/value.rs:482:9\n    |\n482 |     use crate::header::map::HeaderMap;\n    |         ^^^^^^^^^^^^^^^^^^^^^^^^^^^^^\n\nwarning: unused import: `crate::header::name`\n   --> src/header/value.rs:483:9\n    |\n483 |     use crate::header::name;\n    |         ^^^^^^^^^^^^^^^^^^^\n\nwarning: unused import: `super::*`\n   --> src/header/value.rs:568:9\n    |\n568 |     use super::*;\n    |         ^^^^^^^^\n\nwarning: unused import: `crate::header::name`\n   --> src/header/value.rs:569:9\n    |\n569 |     use crate::header::name;\n    |         ^^^^^^^^^^^^^^^^^^^\n\nwarning: unused import: `super::*`\n   --> src/method.rs:424:9\n    |\n424 |     use super::*;\n    |         ^^^^^^^^\n\nwarning: unused import: `super::*`\n    --> src/request.rs:1063:9\n     |\n1063 |     use super::*;\n     |         ^^^^^^^^\n\nwarning: unused import: `ntest::timeout`\n    --> src/request.rs:1078:8\n     |\n1078 |    use ntest::timeout;\n     |        ^^^^^^^^^^^^^^\n\nwarning: unused import: `super::*`\n   --> src/response.rs:776:9\n    |\n776 |     use super::*;\n    |         ^^^^^^^^\n\nwarning: unused import: `super::*`\n   --> src/uri/authority.rs:533:9\n    |\n533 |     use super::*;\n    |         ^^^^^^^^\n\nwarning: unused import: `super::*`\n   --> src/uri/builder.rs:165:9\n    |\n165 |     use super::*;\n    |         ^^^^^^^^\n\nwarning: unused import: `super::*`\n   --> src/uri/port.rs:115:9\n    |\n115 |     use super::*;\n    |         ^^^^^^^^\n\nwarning: unused import: `super::*`\n   --> src/error.rs:143:9\n    |\n143 |     use super::*;\n    |         ^^^^^^^^\n\nwarning: unused import: `super::*`\n   --> src/lib.rs:197:9\n    |\n197 |     use super::*;\n    |         ^^^^^^^^\n\nerror[E0425]: cannot find function, tuple struct or tuple variant `Inner` in this scope\n    --> src/request.rs:1083:36\n     |\n1083 |     *request.method_mut() = Method(Inner(\"GET\".to_string()));\n     |                                    ^^^^^ not found in this scope\n\nerror[E0425]: cannot find function, tuple struct or tuple variant `Inner` in this scope\n    --> src/request.rs:1085:36\n     |\n1085 |     *request.method_mut() = Method(Inner(\"GET\".to_string()));\n     |                                    ^^^^^ not found in this scope\n\nerror[E0425]: cannot find function, tuple struct or tuple variant `Inner` in this scope\n    --> src/request.rs:1086:42\n     |\n1086 |     assert_eq!(*request.method(), Method(Inner(\"GET\".to_string())));\n     |                                          ^^^^^ not found in this scope\n\nSome errors have detailed explanations: E0423, E0425.\nFor more information about an error, try `rustc --explain E0423`.\nwarning: `http` (lib test) generated 15 warnings\nerror: could not compile `http` (lib test) due to 6 previous errors; 15 warnings emitted\n"
                }
              ],
              "repaired": [
                false
              ]
            },
            {
              "attrs": [],
              "prefix": [
                "{",
                "    let mut request: Request<String> = Request::new(\"body\".to_string());",
                "    *request.method_mut() = Method(Inner(\"POST\".to_string()));",
                "}"
              ],
              "oracles": [
                [
                  "    let mut request: Request<String> = Request::new(\"body\".to_string());",
                  "    *request.method_mut() = Method(Inner(\"POST\".to_string()));",
                  "    assert_eq!(*request.method(), Method(Inner(\"POST\".to_string())));"
                ]
              ],
              "codes": [
                [
                  "{",
                  "    let mut request: Request<String> = Request::new(\"body\".to_string());",
                  "    *request.method_mut() = Method(Inner(\"POST\".to_string()));",
                  "    let mut request: Request<String> = Request::new(\"body\".to_string());",
                  "    *request.method_mut() = Method(Inner(\"POST\".to_string()));",
                  "    assert_eq!(*request.method(), Method(Inner(\"POST\".to_string())));",
                  "}"
                ]
              ],
              "can_compile": [
                {
                  "Err": "   Compiling proc-macro2 v1.0.95\n   Compiling libc v0.2.172\n   Compiling zerocopy v0.8.25\n   Compiling syn v1.0.109\n   Compiling serde v1.0.219\n   Compiling serde_json v1.0.140\n   Compiling doc-comment v0.3.3\n   Compiling quote v1.0.40\n   Compiling getrandom v0.2.16\n   Compiling rand_core v0.6.4\n   Compiling ppv-lite86 v0.2.21\n   Compiling rand_chacha v0.3.1\n   Compiling rand v0.8.5\n   Compiling quickcheck v1.0.3\n   Compiling ntest_timeout v0.9.3\n   Compiling ntest_test_cases v0.9.3\n   Compiling ntest v0.9.3\n   Compiling http v1.3.1 (/home/abezbm/rust-utgen-test-crates/http)\nerror[E0423]: cannot initialize a tuple struct which contains private fields\n    --> src/request.rs:1083:29\n     |\n1083 |     *request.method_mut() = Method(Inner(\"POST\".to_string()));\n     |                             ^^^^^^\n     |\nnote: constructor is not visible here due to private fields\n    --> src/method.rs:45:19\n     |\n45   | pub struct Method(Inner);\n     |                   ^^^^^ private field\nnote: tuple variant `crate::error::ErrorKind::Method` exists but is inaccessible\n    --> src/error.rs:26:5\n     |\n26   |     Method(method::InvalidMethod),\n     |     ^^^^^^^^^^^^^^^^^^^^^^^^^^^^^ not accessible\nhelp: consider making the field publicly accessible\n    -->  src/method.rs:45:19\n     |\n45   | pub struct Method(pub Inner);\n     |                   +++\n\nerror[E0423]: cannot initialize a tuple struct which contains private fields\n    --> src/request.rs:1085:29\n     |\n1085 |     *request.method_mut() = Method(Inner(\"POST\".to_string()));\n     |                             ^^^^^^\n     |\nnote: constructor is not visible here due to private fields\n    --> src/method.rs:45:19\n     |\n45   | pub struct Method(Inner);\n     |                   ^^^^^ private field\nnote: tuple variant `crate::error::ErrorKind::Method` exists but is inaccessible\n    --> src/error.rs:26:5\n     |\n26   |     Method(method::InvalidMethod),\n     |     ^^^^^^^^^^^^^^^^^^^^^^^^^^^^^ not accessible\nhelp: consider making the field publicly accessible\n    -->  src/method.rs:45:19\n     |\n45   | pub struct Method(pub Inner);\n     |                   +++\n\nerror[E0423]: cannot initialize a tuple struct which contains private fields\n    --> src/request.rs:1086:35\n     |\n1086 |     assert_eq!(*request.method(), Method(Inner(\"POST\".to_string())));\n     |                                   ^^^^^^\n     |\nnote: constructor is not visible here due to private fields\n    --> src/method.rs:45:19\n     |\n45   | pub struct Method(Inner);\n     |                   ^^^^^ private field\nnote: tuple variant `crate::error::ErrorKind::Method` exists but is inaccessible\n    --> src/error.rs:26:5\n     |\n26   |     Method(method::InvalidMethod),\n     |     ^^^^^^^^^^^^^^^^^^^^^^^^^^^^^ not accessible\nhelp: consider making the field publicly accessible\n    -->  src/method.rs:45:19\n     |\n45   | pub struct Method(pub Inner);\n     |                   +++\n\nwarning: unused import: `self::StandardHeader::Vary`\n    --> src/header/name.rs:1676:9\n     |\n1676 |     use self::StandardHeader::Vary;\n     |         ^^^^^^^^^^^^^^^^^^^^^^^^^^\n     |\n     = note: `#[warn(unused_imports)]` on by default\n\nwarning: unused import: `super::*`\n   --> src/header/value.rs:481:9\n    |\n481 |     use super::*;\n    |         ^^^^^^^^\n\nwarning: unused import: `crate::header::map::HeaderMap`\n   --> src/header/value.rs:482:9\n    |\n482 |     use crate::header::map::HeaderMap;\n    |         ^^^^^^^^^^^^^^^^^^^^^^^^^^^^^\n\nwarning: unused import: `crate::header::name`\n   --> src/header/value.rs:483:9\n    |\n483 |     use crate::header::name;\n    |         ^^^^^^^^^^^^^^^^^^^\n\nwarning: unused import: `super::*`\n   --> src/header/value.rs:568:9\n    |\n568 |     use super::*;\n    |         ^^^^^^^^\n\nwarning: unused import: `crate::header::name`\n   --> src/header/value.rs:569:9\n    |\n569 |     use crate::header::name;\n    |         ^^^^^^^^^^^^^^^^^^^\n\nwarning: unused import: `super::*`\n   --> src/method.rs:424:9\n    |\n424 |     use super::*;\n    |         ^^^^^^^^\n\nwarning: unused import: `super::*`\n    --> src/request.rs:1063:9\n     |\n1063 |     use super::*;\n     |         ^^^^^^^^\n\nwarning: unused import: `ntest::timeout`\n    --> src/request.rs:1078:8\n     |\n1078 |    use ntest::timeout;\n     |        ^^^^^^^^^^^^^^\n\nwarning: unused import: `super::*`\n   --> src/response.rs:776:9\n    |\n776 |     use super::*;\n    |         ^^^^^^^^\n\nwarning: unused import: `super::*`\n   --> src/uri/authority.rs:533:9\n    |\n533 |     use super::*;\n    |         ^^^^^^^^\n\nwarning: unused import: `super::*`\n   --> src/uri/builder.rs:165:9\n    |\n165 |     use super::*;\n    |         ^^^^^^^^\n\nwarning: unused import: `super::*`\n   --> src/uri/port.rs:115:9\n    |\n115 |     use super::*;\n    |         ^^^^^^^^\n\nwarning: unused import: `super::*`\n   --> src/error.rs:143:9\n    |\n143 |     use super::*;\n    |         ^^^^^^^^\n\nwarning: unused import: `super::*`\n   --> src/lib.rs:197:9\n    |\n197 |     use super::*;\n    |         ^^^^^^^^\n\nerror[E0425]: cannot find function, tuple struct or tuple variant `Inner` in this scope\n    --> src/request.rs:1083:36\n     |\n1083 |     *request.method_mut() = Method(Inner(\"POST\".to_string()));\n     |                                    ^^^^^ not found in this scope\n\nerror[E0425]: cannot find function, tuple struct or tuple variant `Inner` in this scope\n    --> src/request.rs:1085:36\n     |\n1085 |     *request.method_mut() = Method(Inner(\"POST\".to_string()));\n     |                                    ^^^^^ not found in this scope\n\nerror[E0425]: cannot find function, tuple struct or tuple variant `Inner` in this scope\n    --> src/request.rs:1086:42\n     |\n1086 |     assert_eq!(*request.method(), Method(Inner(\"POST\".to_string())));\n     |                                          ^^^^^ not found in this scope\n\nSome errors have detailed explanations: E0423, E0425.\nFor more information about an error, try `rustc --explain E0423`.\nwarning: `http` (lib test) generated 15 warnings\nerror: could not compile `http` (lib test) due to 6 previous errors; 15 warnings emitted\n"
                }
              ],
              "repaired": [
                false
              ]
            },
            {
              "attrs": [],
              "prefix": [
                "{",
                "    let mut request: Request<Vec<u8>> = Request::new(vec![1, 2, 3]);",
                "    *request.method_mut() = Method(Inner(\"PUT\".to_string()));",
                "}"
              ],
              "oracles": [
                [
                  "    let mut request: Request<Vec<u8>> = Request::new(vec![1, 2, 3]);",
                  "    *request.method_mut() = Method(Inner(\"PUT\".to_string()));",
                  "    assert_eq!(*request.method(), Method(Inner(\"PUT\".to_string())));"
                ]
              ],
              "codes": [
                [
                  "{",
                  "    let mut request: Request<Vec<u8>> = Request::new(vec![1, 2, 3]);",
                  "    *request.method_mut() = Method(Inner(\"PUT\".to_string()));",
                  "    let mut request: Request<Vec<u8>> = Request::new(vec![1, 2, 3]);",
                  "    *request.method_mut() = Method(Inner(\"PUT\".to_string()));",
                  "    assert_eq!(*request.method(), Method(Inner(\"PUT\".to_string())));",
                  "}"
                ]
              ],
              "can_compile": [
                {
                  "Err": "   Compiling proc-macro2 v1.0.95\n   Compiling libc v0.2.172\n   Compiling zerocopy v0.8.25\n   Compiling syn v1.0.109\n   Compiling serde v1.0.219\n   Compiling doc-comment v0.3.3\n   Compiling serde_json v1.0.140\n   Compiling quote v1.0.40\n   Compiling getrandom v0.2.16\n   Compiling rand_core v0.6.4\n   Compiling ppv-lite86 v0.2.21\n   Compiling rand_chacha v0.3.1\n   Compiling rand v0.8.5\n   Compiling quickcheck v1.0.3\n   Compiling ntest_test_cases v0.9.3\n   Compiling ntest_timeout v0.9.3\n   Compiling ntest v0.9.3\n   Compiling http v1.3.1 (/home/abezbm/rust-utgen-test-crates/http)\nerror[E0423]: cannot initialize a tuple struct which contains private fields\n    --> src/request.rs:1083:29\n     |\n1083 |     *request.method_mut() = Method(Inner(\"PUT\".to_string()));\n     |                             ^^^^^^\n     |\nnote: constructor is not visible here due to private fields\n    --> src/method.rs:45:19\n     |\n45   | pub struct Method(Inner);\n     |                   ^^^^^ private field\nnote: tuple variant `crate::error::ErrorKind::Method` exists but is inaccessible\n    --> src/error.rs:26:5\n     |\n26   |     Method(method::InvalidMethod),\n     |     ^^^^^^^^^^^^^^^^^^^^^^^^^^^^^ not accessible\nhelp: consider making the field publicly accessible\n    -->  src/method.rs:45:19\n     |\n45   | pub struct Method(pub Inner);\n     |                   +++\n\nerror[E0423]: cannot initialize a tuple struct which contains private fields\n    --> src/request.rs:1085:29\n     |\n1085 |     *request.method_mut() = Method(Inner(\"PUT\".to_string()));\n     |                             ^^^^^^\n     |\nnote: constructor is not visible here due to private fields\n    --> src/method.rs:45:19\n     |\n45   | pub struct Method(Inner);\n     |                   ^^^^^ private field\nnote: tuple variant `crate::error::ErrorKind::Method` exists but is inaccessible\n    --> src/error.rs:26:5\n     |\n26   |     Method(method::InvalidMethod),\n     |     ^^^^^^^^^^^^^^^^^^^^^^^^^^^^^ not accessible\nhelp: consider making the field publicly accessible\n    -->  src/method.rs:45:19\n     |\n45   | pub struct Method(pub Inner);\n     |                   +++\n\nerror[E0423]: cannot initialize a tuple struct which contains private fields\n    --> src/request.rs:1086:35\n     |\n1086 |     assert_eq!(*request.method(), Method(Inner(\"PUT\".to_string())));\n     |                                   ^^^^^^\n     |\nnote: constructor is not visible here due to private fields\n    --> src/method.rs:45:19\n     |\n45   | pub struct Method(Inner);\n     |                   ^^^^^ private field\nnote: tuple variant `crate::error::ErrorKind::Method` exists but is inaccessible\n    --> src/error.rs:26:5\n     |\n26   |     Method(method::InvalidMethod),\n     |     ^^^^^^^^^^^^^^^^^^^^^^^^^^^^^ not accessible\nhelp: consider making the field publicly accessible\n    -->  src/method.rs:45:19\n     |\n45   | pub struct Method(pub Inner);\n     |                   +++\n\nwarning: unused import: `self::StandardHeader::Vary`\n    --> src/header/name.rs:1676:9\n     |\n1676 |     use self::StandardHeader::Vary;\n     |         ^^^^^^^^^^^^^^^^^^^^^^^^^^\n     |\n     = note: `#[warn(unused_imports)]` on by default\n\nwarning: unused import: `super::*`\n   --> src/header/value.rs:481:9\n    |\n481 |     use super::*;\n    |         ^^^^^^^^\n\nwarning: unused import: `crate::header::map::HeaderMap`\n   --> src/header/value.rs:482:9\n    |\n482 |     use crate::header::map::HeaderMap;\n    |         ^^^^^^^^^^^^^^^^^^^^^^^^^^^^^\n\nwarning: unused import: `crate::header::name`\n   --> src/header/value.rs:483:9\n    |\n483 |     use crate::header::name;\n    |         ^^^^^^^^^^^^^^^^^^^\n\nwarning: unused import: `super::*`\n   --> src/header/value.rs:568:9\n    |\n568 |     use super::*;\n    |         ^^^^^^^^\n\nwarning: unused import: `crate::header::name`\n   --> src/header/value.rs:569:9\n    |\n569 |     use crate::header::name;\n    |         ^^^^^^^^^^^^^^^^^^^\n\nwarning: unused import: `super::*`\n   --> src/method.rs:424:9\n    |\n424 |     use super::*;\n    |         ^^^^^^^^\n\nwarning: unused import: `super::*`\n    --> src/request.rs:1063:9\n     |\n1063 |     use super::*;\n     |         ^^^^^^^^\n\nwarning: unused import: `ntest::timeout`\n    --> src/request.rs:1078:8\n     |\n1078 |    use ntest::timeout;\n     |        ^^^^^^^^^^^^^^\n\nwarning: unused import: `super::*`\n   --> src/response.rs:776:9\n    |\n776 |     use super::*;\n    |         ^^^^^^^^\n\nwarning: unused import: `super::*`\n   --> src/uri/authority.rs:533:9\n    |\n533 |     use super::*;\n    |         ^^^^^^^^\n\nwarning: unused import: `super::*`\n   --> src/uri/builder.rs:165:9\n    |\n165 |     use super::*;\n    |         ^^^^^^^^\n\nwarning: unused import: `super::*`\n   --> src/uri/port.rs:115:9\n    |\n115 |     use super::*;\n    |         ^^^^^^^^\n\nwarning: unused import: `super::*`\n   --> src/error.rs:143:9\n    |\n143 |     use super::*;\n    |         ^^^^^^^^\n\nwarning: unused import: `super::*`\n   --> src/lib.rs:197:9\n    |\n197 |     use super::*;\n    |         ^^^^^^^^\n\nerror[E0425]: cannot find function, tuple struct or tuple variant `Inner` in this scope\n    --> src/request.rs:1083:36\n     |\n1083 |     *request.method_mut() = Method(Inner(\"PUT\".to_string()));\n     |                                    ^^^^^ not found in this scope\n\nerror[E0425]: cannot find function, tuple struct or tuple variant `Inner` in this scope\n    --> src/request.rs:1085:36\n     |\n1085 |     *request.method_mut() = Method(Inner(\"PUT\".to_string()));\n     |                                    ^^^^^ not found in this scope\n\nerror[E0425]: cannot find function, tuple struct or tuple variant `Inner` in this scope\n    --> src/request.rs:1086:42\n     |\n1086 |     assert_eq!(*request.method(), Method(Inner(\"PUT\".to_string())));\n     |                                          ^^^^^ not found in this scope\n\nSome errors have detailed explanations: E0423, E0425.\nFor more information about an error, try `rustc --explain E0423`.\nwarning: `http` (lib test) generated 15 warnings\nerror: could not compile `http` (lib test) due to 6 previous errors; 15 warnings emitted\n"
                }
              ],
              "repaired": [
                false
              ]
            },
            {
              "attrs": [],
              "prefix": [
                "{",
                "    let mut request: Request<()> = Request::new(());",
                "    *request.method_mut() = Method(Inner(\"PATCH\".to_string()));",
                "}"
              ],
              "oracles": [
                [
                  "    let mut request: Request<()> = Request::new(());",
                  "    *request.method_mut() = Method(Inner(\"PATCH\".to_string()));",
                  "    assert_eq!(*request.method(), Method(Inner(\"PATCH\".to_string())));"
                ]
              ],
              "codes": [
                [
                  "{",
                  "    let mut request: Request<()> = Request::new(());",
                  "    *request.method_mut() = Method(Inner(\"PATCH\".to_string()));",
                  "    let mut request: Request<()> = Request::new(());",
                  "    *request.method_mut() = Method(Inner(\"PATCH\".to_string()));",
                  "    assert_eq!(*request.method(), Method(Inner(\"PATCH\".to_string())));",
                  "}"
                ]
              ],
              "can_compile": [
                {
                  "Err": "   Compiling proc-macro2 v1.0.95\n   Compiling libc v0.2.172\n   Compiling zerocopy v0.8.25\n   Compiling syn v1.0.109\n   Compiling serde v1.0.219\n   Compiling doc-comment v0.3.3\n   Compiling serde_json v1.0.140\n   Compiling quote v1.0.40\n   Compiling getrandom v0.2.16\n   Compiling rand_core v0.6.4\n   Compiling ppv-lite86 v0.2.21\n   Compiling rand_chacha v0.3.1\n   Compiling rand v0.8.5\n   Compiling quickcheck v1.0.3\n   Compiling ntest_timeout v0.9.3\n   Compiling ntest_test_cases v0.9.3\n   Compiling ntest v0.9.3\n   Compiling http v1.3.1 (/home/abezbm/rust-utgen-test-crates/http)\nerror[E0423]: cannot initialize a tuple struct which contains private fields\n    --> src/request.rs:1083:29\n     |\n1083 |     *request.method_mut() = Method(Inner(\"PATCH\".to_string()));\n     |                             ^^^^^^\n     |\nnote: constructor is not visible here due to private fields\n    --> src/method.rs:45:19\n     |\n45   | pub struct Method(Inner);\n     |                   ^^^^^ private field\nnote: tuple variant `crate::error::ErrorKind::Method` exists but is inaccessible\n    --> src/error.rs:26:5\n     |\n26   |     Method(method::InvalidMethod),\n     |     ^^^^^^^^^^^^^^^^^^^^^^^^^^^^^ not accessible\nhelp: consider making the field publicly accessible\n    -->  src/method.rs:45:19\n     |\n45   | pub struct Method(pub Inner);\n     |                   +++\n\nerror[E0423]: cannot initialize a tuple struct which contains private fields\n    --> src/request.rs:1085:29\n     |\n1085 |     *request.method_mut() = Method(Inner(\"PATCH\".to_string()));\n     |                             ^^^^^^\n     |\nnote: constructor is not visible here due to private fields\n    --> src/method.rs:45:19\n     |\n45   | pub struct Method(Inner);\n     |                   ^^^^^ private field\nnote: tuple variant `crate::error::ErrorKind::Method` exists but is inaccessible\n    --> src/error.rs:26:5\n     |\n26   |     Method(method::InvalidMethod),\n     |     ^^^^^^^^^^^^^^^^^^^^^^^^^^^^^ not accessible\nhelp: consider making the field publicly accessible\n    -->  src/method.rs:45:19\n     |\n45   | pub struct Method(pub Inner);\n     |                   +++\n\nerror[E0423]: cannot initialize a tuple struct which contains private fields\n    --> src/request.rs:1086:35\n     |\n1086 |     assert_eq!(*request.method(), Method(Inner(\"PATCH\".to_string())));\n     |                                   ^^^^^^\n     |\nnote: constructor is not visible here due to private fields\n    --> src/method.rs:45:19\n     |\n45   | pub struct Method(Inner);\n     |                   ^^^^^ private field\nnote: tuple variant `crate::error::ErrorKind::Method` exists but is inaccessible\n    --> src/error.rs:26:5\n     |\n26   |     Method(method::InvalidMethod),\n     |     ^^^^^^^^^^^^^^^^^^^^^^^^^^^^^ not accessible\nhelp: consider making the field publicly accessible\n    -->  src/method.rs:45:19\n     |\n45   | pub struct Method(pub Inner);\n     |                   +++\n\nwarning: unused import: `self::StandardHeader::Vary`\n    --> src/header/name.rs:1676:9\n     |\n1676 |     use self::StandardHeader::Vary;\n     |         ^^^^^^^^^^^^^^^^^^^^^^^^^^\n     |\n     = note: `#[warn(unused_imports)]` on by default\n\nwarning: unused import: `super::*`\n   --> src/header/value.rs:481:9\n    |\n481 |     use super::*;\n    |         ^^^^^^^^\n\nwarning: unused import: `crate::header::map::HeaderMap`\n   --> src/header/value.rs:482:9\n    |\n482 |     use crate::header::map::HeaderMap;\n    |         ^^^^^^^^^^^^^^^^^^^^^^^^^^^^^\n\nwarning: unused import: `crate::header::name`\n   --> src/header/value.rs:483:9\n    |\n483 |     use crate::header::name;\n    |         ^^^^^^^^^^^^^^^^^^^\n\nwarning: unused import: `super::*`\n   --> src/header/value.rs:568:9\n    |\n568 |     use super::*;\n    |         ^^^^^^^^\n\nwarning: unused import: `crate::header::name`\n   --> src/header/value.rs:569:9\n    |\n569 |     use crate::header::name;\n    |         ^^^^^^^^^^^^^^^^^^^\n\nwarning: unused import: `super::*`\n   --> src/method.rs:424:9\n    |\n424 |     use super::*;\n    |         ^^^^^^^^\n\nwarning: unused import: `super::*`\n    --> src/request.rs:1063:9\n     |\n1063 |     use super::*;\n     |         ^^^^^^^^\n\nwarning: unused import: `ntest::timeout`\n    --> src/request.rs:1078:8\n     |\n1078 |    use ntest::timeout;\n     |        ^^^^^^^^^^^^^^\n\nwarning: unused import: `super::*`\n   --> src/response.rs:776:9\n    |\n776 |     use super::*;\n    |         ^^^^^^^^\n\nwarning: unused import: `super::*`\n   --> src/uri/authority.rs:533:9\n    |\n533 |     use super::*;\n    |         ^^^^^^^^\n\nwarning: unused import: `super::*`\n   --> src/uri/builder.rs:165:9\n    |\n165 |     use super::*;\n    |         ^^^^^^^^\n\nwarning: unused import: `super::*`\n   --> src/uri/port.rs:115:9\n    |\n115 |     use super::*;\n    |         ^^^^^^^^\n\nwarning: unused import: `super::*`\n   --> src/error.rs:143:9\n    |\n143 |     use super::*;\n    |         ^^^^^^^^\n\nwarning: unused import: `super::*`\n   --> src/lib.rs:197:9\n    |\n197 |     use super::*;\n    |         ^^^^^^^^\n\nerror[E0425]: cannot find function, tuple struct or tuple variant `Inner` in this scope\n    --> src/request.rs:1083:36\n     |\n1083 |     *request.method_mut() = Method(Inner(\"PATCH\".to_string()));\n     |                                    ^^^^^ not found in this scope\n\nerror[E0425]: cannot find function, tuple struct or tuple variant `Inner` in this scope\n    --> src/request.rs:1085:36\n     |\n1085 |     *request.method_mut() = Method(Inner(\"PATCH\".to_string()));\n     |                                    ^^^^^ not found in this scope\n\nerror[E0425]: cannot find function, tuple struct or tuple variant `Inner` in this scope\n    --> src/request.rs:1086:42\n     |\n1086 |     assert_eq!(*request.method(), Method(Inner(\"PATCH\".to_string())));\n     |                                          ^^^^^ not found in this scope\n\nSome errors have detailed explanations: E0423, E0425.\nFor more information about an error, try `rustc --explain E0423`.\nwarning: `http` (lib test) generated 15 warnings\nerror: could not compile `http` (lib test) due to 6 previous errors; 15 warnings emitted\n"
                }
              ],
              "repaired": [
                false
              ]
            },
            {
              "attrs": [],
              "prefix": [
                "{",
                "    let mut request: Request<()> = Request::new(());",
                "    *request.method_mut() = Method(Inner(\"OPTIONS\".to_string()));",
                "}"
              ],
              "oracles": [
                [
                  "    let mut request: Request<()> = Request::new(());",
                  "    let method_ref: &mut Method = request.method_mut();",
                  "    *method_ref = Method(Inner(\"OPTIONS\".to_string()));",
                  "    assert_eq!(*request.method(), Method(Inner(\"OPTIONS\".to_string())));"
                ],
                [
                  "    let mut request: Request<()> = Request::new(());",
                  "    let method_ref: &mut Method = request.method_mut();",
                  "    *method_ref = Method(Inner(\"OPTIONS\".to_string()));",
                  "    assert_ne!(*request.method(), Method(Inner(\"GET\".to_string())));"
                ],
                [
                  "    let mut request: Request<()> = Request::new(());",
                  "    let method_ref: &mut Method = request.method_mut();",
                  "    *method_ref = Method(Inner(\"OPTIONS\".to_string()));",
                  "    assert_ne!(*request.method(), Method(Inner(\"POST\".to_string())));"
                ]
              ],
              "codes": [
                [
                  "{",
                  "    let mut request: Request<()> = Request::new(());",
                  "    *request.method_mut() = Method(Inner(\"OPTIONS\".to_string()));",
                  "    let mut request: Request<()> = Request::new(());",
                  "    let method_ref: &mut Method = request.method_mut();",
                  "    *method_ref = Method(Inner(\"OPTIONS\".to_string()));",
                  "    assert_eq!(*request.method(), Method(Inner(\"OPTIONS\".to_string())));",
                  "}"
                ],
                [
                  "{",
                  "    let mut request: Request<()> = Request::new(());",
                  "    *request.method_mut() = Method(Inner(\"OPTIONS\".to_string()));",
                  "    let mut request: Request<()> = Request::new(());",
                  "    let method_ref: &mut Method = request.method_mut();",
                  "    *method_ref = Method(Inner(\"OPTIONS\".to_string()));",
                  "    assert_ne!(*request.method(), Method(Inner(\"GET\".to_string())));",
                  "}"
                ],
                [
                  "{",
                  "    let mut request: Request<()> = Request::new(());",
                  "    *request.method_mut() = Method(Inner(\"OPTIONS\".to_string()));",
                  "    let mut request: Request<()> = Request::new(());",
                  "    let method_ref: &mut Method = request.method_mut();",
                  "    *method_ref = Method(Inner(\"OPTIONS\".to_string()));",
                  "    assert_ne!(*request.method(), Method(Inner(\"POST\".to_string())));",
                  "}"
                ]
              ],
              "can_compile": [
                {
                  "Err": "   Compiling proc-macro2 v1.0.95\n   Compiling libc v0.2.172\n   Compiling zerocopy v0.8.25\n   Compiling syn v1.0.109\n   Compiling serde v1.0.219\n   Compiling serde_json v1.0.140\n   Compiling doc-comment v0.3.3\n   Compiling quote v1.0.40\n   Compiling getrandom v0.2.16\n   Compiling rand_core v0.6.4\n   Compiling ppv-lite86 v0.2.21\n   Compiling rand_chacha v0.3.1\n   Compiling rand v0.8.5\n   Compiling quickcheck v1.0.3\n   Compiling ntest_timeout v0.9.3\n   Compiling ntest_test_cases v0.9.3\n   Compiling ntest v0.9.3\n   Compiling http v1.3.1 (/home/abezbm/rust-utgen-test-crates/http)\nerror[E0423]: cannot initialize a tuple struct which contains private fields\n    --> src/request.rs:1083:29\n     |\n1083 |     *request.method_mut() = Method(Inner(\"OPTIONS\".to_string()));\n     |                             ^^^^^^\n     |\nnote: constructor is not visible here due to private fields\n    --> src/method.rs:45:19\n     |\n45   | pub struct Method(Inner);\n     |                   ^^^^^ private field\nnote: tuple variant `crate::error::ErrorKind::Method` exists but is inaccessible\n    --> src/error.rs:26:5\n     |\n26   |     Method(method::InvalidMethod),\n     |     ^^^^^^^^^^^^^^^^^^^^^^^^^^^^^ not accessible\nhelp: consider making the field publicly accessible\n    -->  src/method.rs:45:19\n     |\n45   | pub struct Method(pub Inner);\n     |                   +++\n\nerror[E0423]: cannot initialize a tuple struct which contains private fields\n    --> src/request.rs:1086:19\n     |\n1086 |     *method_ref = Method(Inner(\"OPTIONS\".to_string()));\n     |                   ^^^^^^\n     |\nnote: constructor is not visible here due to private fields\n    --> src/method.rs:45:19\n     |\n45   | pub struct Method(Inner);\n     |                   ^^^^^ private field\nnote: tuple variant `crate::error::ErrorKind::Method` exists but is inaccessible\n    --> src/error.rs:26:5\n     |\n26   |     Method(method::InvalidMethod),\n     |     ^^^^^^^^^^^^^^^^^^^^^^^^^^^^^ not accessible\nhelp: consider making the field publicly accessible\n    -->  src/method.rs:45:19\n     |\n45   | pub struct Method(pub Inner);\n     |                   +++\n\nerror[E0423]: cannot initialize a tuple struct which contains private fields\n    --> src/request.rs:1087:35\n     |\n1087 |     assert_eq!(*request.method(), Method(Inner(\"OPTIONS\".to_string())));\n     |                                   ^^^^^^\n     |\nnote: constructor is not visible here due to private fields\n    --> src/method.rs:45:19\n     |\n45   | pub struct Method(Inner);\n     |                   ^^^^^ private field\nnote: tuple variant `crate::error::ErrorKind::Method` exists but is inaccessible\n    --> src/error.rs:26:5\n     |\n26   |     Method(method::InvalidMethod),\n     |     ^^^^^^^^^^^^^^^^^^^^^^^^^^^^^ not accessible\nhelp: consider making the field publicly accessible\n    -->  src/method.rs:45:19\n     |\n45   | pub struct Method(pub Inner);\n     |                   +++\n\nwarning: unused import: `self::StandardHeader::Vary`\n    --> src/header/name.rs:1676:9\n     |\n1676 |     use self::StandardHeader::Vary;\n     |         ^^^^^^^^^^^^^^^^^^^^^^^^^^\n     |\n     = note: `#[warn(unused_imports)]` on by default\n\nwarning: unused import: `super::*`\n   --> src/header/value.rs:481:9\n    |\n481 |     use super::*;\n    |         ^^^^^^^^\n\nwarning: unused import: `crate::header::map::HeaderMap`\n   --> src/header/value.rs:482:9\n    |\n482 |     use crate::header::map::HeaderMap;\n    |         ^^^^^^^^^^^^^^^^^^^^^^^^^^^^^\n\nwarning: unused import: `crate::header::name`\n   --> src/header/value.rs:483:9\n    |\n483 |     use crate::header::name;\n    |         ^^^^^^^^^^^^^^^^^^^\n\nwarning: unused import: `super::*`\n   --> src/header/value.rs:568:9\n    |\n568 |     use super::*;\n    |         ^^^^^^^^\n\nwarning: unused import: `crate::header::name`\n   --> src/header/value.rs:569:9\n    |\n569 |     use crate::header::name;\n    |         ^^^^^^^^^^^^^^^^^^^\n\nwarning: unused import: `super::*`\n   --> src/method.rs:424:9\n    |\n424 |     use super::*;\n    |         ^^^^^^^^\n\nwarning: unused import: `super::*`\n    --> src/request.rs:1063:9\n     |\n1063 |     use super::*;\n     |         ^^^^^^^^\n\nwarning: unused import: `ntest::timeout`\n    --> src/request.rs:1078:8\n     |\n1078 |    use ntest::timeout;\n     |        ^^^^^^^^^^^^^^\n\nwarning: unused import: `super::*`\n   --> src/response.rs:776:9\n    |\n776 |     use super::*;\n    |         ^^^^^^^^\n\nwarning: unused import: `super::*`\n   --> src/uri/authority.rs:533:9\n    |\n533 |     use super::*;\n    |         ^^^^^^^^\n\nwarning: unused import: `super::*`\n   --> src/uri/builder.rs:165:9\n    |\n165 |     use super::*;\n    |         ^^^^^^^^\n\nwarning: unused import: `super::*`\n   --> src/uri/port.rs:115:9\n    |\n115 |     use super::*;\n    |         ^^^^^^^^\n\nwarning: unused import: `super::*`\n   --> src/error.rs:143:9\n    |\n143 |     use super::*;\n    |         ^^^^^^^^\n\nwarning: unused import: `super::*`\n   --> src/lib.rs:197:9\n    |\n197 |     use super::*;\n    |         ^^^^^^^^\n\nerror[E0425]: cannot find function, tuple struct or tuple variant `Inner` in this scope\n    --> src/request.rs:1083:36\n     |\n1083 |     *request.method_mut() = Method(Inner(\"OPTIONS\".to_string()));\n     |                                    ^^^^^ not found in this scope\n\nerror[E0425]: cannot find function, tuple struct or tuple variant `Inner` in this scope\n    --> src/request.rs:1086:26\n     |\n1086 |     *method_ref = Method(Inner(\"OPTIONS\".to_string()));\n     |                          ^^^^^ not found in this scope\n\nerror[E0425]: cannot find function, tuple struct or tuple variant `Inner` in this scope\n    --> src/request.rs:1087:42\n     |\n1087 |     assert_eq!(*request.method(), Method(Inner(\"OPTIONS\".to_string())));\n     |                                          ^^^^^ not found in this scope\n\nSome errors have detailed explanations: E0423, E0425.\nFor more information about an error, try `rustc --explain E0423`.\nwarning: `http` (lib test) generated 15 warnings\nerror: could not compile `http` (lib test) due to 6 previous errors; 15 warnings emitted\n"
                },
                {
                  "Err": "   Compiling proc-macro2 v1.0.95\n   Compiling libc v0.2.172\n   Compiling zerocopy v0.8.25\n   Compiling syn v1.0.109\n   Compiling serde v1.0.219\n   Compiling doc-comment v0.3.3\n   Compiling serde_json v1.0.140\n   Compiling quote v1.0.40\n   Compiling getrandom v0.2.16\n   Compiling rand_core v0.6.4\n   Compiling ppv-lite86 v0.2.21\n   Compiling rand_chacha v0.3.1\n   Compiling rand v0.8.5\n   Compiling quickcheck v1.0.3\n   Compiling ntest_test_cases v0.9.3\n   Compiling ntest_timeout v0.9.3\n   Compiling ntest v0.9.3\n   Compiling http v1.3.1 (/home/abezbm/rust-utgen-test-crates/http)\nerror[E0423]: cannot initialize a tuple struct which contains private fields\n    --> src/request.rs:1083:29\n     |\n1083 |     *request.method_mut() = Method(Inner(\"OPTIONS\".to_string()));\n     |                             ^^^^^^\n     |\nnote: constructor is not visible here due to private fields\n    --> src/method.rs:45:19\n     |\n45   | pub struct Method(Inner);\n     |                   ^^^^^ private field\nnote: tuple variant `crate::error::ErrorKind::Method` exists but is inaccessible\n    --> src/error.rs:26:5\n     |\n26   |     Method(method::InvalidMethod),\n     |     ^^^^^^^^^^^^^^^^^^^^^^^^^^^^^ not accessible\nhelp: consider making the field publicly accessible\n    -->  src/method.rs:45:19\n     |\n45   | pub struct Method(pub Inner);\n     |                   +++\n\nerror[E0423]: cannot initialize a tuple struct which contains private fields\n    --> src/request.rs:1086:19\n     |\n1086 |     *method_ref = Method(Inner(\"OPTIONS\".to_string()));\n     |                   ^^^^^^\n     |\nnote: constructor is not visible here due to private fields\n    --> src/method.rs:45:19\n     |\n45   | pub struct Method(Inner);\n     |                   ^^^^^ private field\nnote: tuple variant `crate::error::ErrorKind::Method` exists but is inaccessible\n    --> src/error.rs:26:5\n     |\n26   |     Method(method::InvalidMethod),\n     |     ^^^^^^^^^^^^^^^^^^^^^^^^^^^^^ not accessible\nhelp: consider making the field publicly accessible\n    -->  src/method.rs:45:19\n     |\n45   | pub struct Method(pub Inner);\n     |                   +++\n\nerror[E0423]: cannot initialize a tuple struct which contains private fields\n    --> src/request.rs:1087:35\n     |\n1087 |     assert_ne!(*request.method(), Method(Inner(\"GET\".to_string())));\n     |                                   ^^^^^^\n     |\nnote: constructor is not visible here due to private fields\n    --> src/method.rs:45:19\n     |\n45   | pub struct Method(Inner);\n     |                   ^^^^^ private field\nnote: tuple variant `crate::error::ErrorKind::Method` exists but is inaccessible\n    --> src/error.rs:26:5\n     |\n26   |     Method(method::InvalidMethod),\n     |     ^^^^^^^^^^^^^^^^^^^^^^^^^^^^^ not accessible\nhelp: consider making the field publicly accessible\n    -->  src/method.rs:45:19\n     |\n45   | pub struct Method(pub Inner);\n     |                   +++\n\nwarning: unused import: `self::StandardHeader::Vary`\n    --> src/header/name.rs:1676:9\n     |\n1676 |     use self::StandardHeader::Vary;\n     |         ^^^^^^^^^^^^^^^^^^^^^^^^^^\n     |\n     = note: `#[warn(unused_imports)]` on by default\n\nwarning: unused import: `super::*`\n   --> src/header/value.rs:481:9\n    |\n481 |     use super::*;\n    |         ^^^^^^^^\n\nwarning: unused import: `crate::header::map::HeaderMap`\n   --> src/header/value.rs:482:9\n    |\n482 |     use crate::header::map::HeaderMap;\n    |         ^^^^^^^^^^^^^^^^^^^^^^^^^^^^^\n\nwarning: unused import: `crate::header::name`\n   --> src/header/value.rs:483:9\n    |\n483 |     use crate::header::name;\n    |         ^^^^^^^^^^^^^^^^^^^\n\nwarning: unused import: `super::*`\n   --> src/header/value.rs:568:9\n    |\n568 |     use super::*;\n    |         ^^^^^^^^\n\nwarning: unused import: `crate::header::name`\n   --> src/header/value.rs:569:9\n    |\n569 |     use crate::header::name;\n    |         ^^^^^^^^^^^^^^^^^^^\n\nwarning: unused import: `super::*`\n   --> src/method.rs:424:9\n    |\n424 |     use super::*;\n    |         ^^^^^^^^\n\nwarning: unused import: `super::*`\n    --> src/request.rs:1063:9\n     |\n1063 |     use super::*;\n     |         ^^^^^^^^\n\nwarning: unused import: `ntest::timeout`\n    --> src/request.rs:1078:8\n     |\n1078 |    use ntest::timeout;\n     |        ^^^^^^^^^^^^^^\n\nwarning: unused import: `super::*`\n   --> src/response.rs:776:9\n    |\n776 |     use super::*;\n    |         ^^^^^^^^\n\nwarning: unused import: `super::*`\n   --> src/uri/authority.rs:533:9\n    |\n533 |     use super::*;\n    |         ^^^^^^^^\n\nwarning: unused import: `super::*`\n   --> src/uri/builder.rs:165:9\n    |\n165 |     use super::*;\n    |         ^^^^^^^^\n\nwarning: unused import: `super::*`\n   --> src/uri/port.rs:115:9\n    |\n115 |     use super::*;\n    |         ^^^^^^^^\n\nwarning: unused import: `super::*`\n   --> src/error.rs:143:9\n    |\n143 |     use super::*;\n    |         ^^^^^^^^\n\nwarning: unused import: `super::*`\n   --> src/lib.rs:197:9\n    |\n197 |     use super::*;\n    |         ^^^^^^^^\n\nerror[E0425]: cannot find function, tuple struct or tuple variant `Inner` in this scope\n    --> src/request.rs:1083:36\n     |\n1083 |     *request.method_mut() = Method(Inner(\"OPTIONS\".to_string()));\n     |                                    ^^^^^ not found in this scope\n\nerror[E0425]: cannot find function, tuple struct or tuple variant `Inner` in this scope\n    --> src/request.rs:1086:26\n     |\n1086 |     *method_ref = Method(Inner(\"OPTIONS\".to_string()));\n     |                          ^^^^^ not found in this scope\n\nerror[E0425]: cannot find function, tuple struct or tuple variant `Inner` in this scope\n    --> src/request.rs:1087:42\n     |\n1087 |     assert_ne!(*request.method(), Method(Inner(\"GET\".to_string())));\n     |                                          ^^^^^ not found in this scope\n\nSome errors have detailed explanations: E0423, E0425.\nFor more information about an error, try `rustc --explain E0423`.\nwarning: `http` (lib test) generated 15 warnings\nerror: could not compile `http` (lib test) due to 6 previous errors; 15 warnings emitted\n"
                },
                {
                  "Err": "   Compiling proc-macro2 v1.0.95\n   Compiling libc v0.2.172\n   Compiling zerocopy v0.8.25\n   Compiling syn v1.0.109\n   Compiling serde v1.0.219\n   Compiling doc-comment v0.3.3\n   Compiling serde_json v1.0.140\n   Compiling quote v1.0.40\n   Compiling getrandom v0.2.16\n   Compiling rand_core v0.6.4\n   Compiling ppv-lite86 v0.2.21\n   Compiling rand_chacha v0.3.1\n   Compiling rand v0.8.5\n   Compiling quickcheck v1.0.3\n   Compiling ntest_test_cases v0.9.3\n   Compiling ntest_timeout v0.9.3\n   Compiling ntest v0.9.3\n   Compiling http v1.3.1 (/home/abezbm/rust-utgen-test-crates/http)\nerror[E0423]: cannot initialize a tuple struct which contains private fields\n    --> src/request.rs:1083:29\n     |\n1083 |     *request.method_mut() = Method(Inner(\"OPTIONS\".to_string()));\n     |                             ^^^^^^\n     |\nnote: constructor is not visible here due to private fields\n    --> src/method.rs:45:19\n     |\n45   | pub struct Method(Inner);\n     |                   ^^^^^ private field\nnote: tuple variant `crate::error::ErrorKind::Method` exists but is inaccessible\n    --> src/error.rs:26:5\n     |\n26   |     Method(method::InvalidMethod),\n     |     ^^^^^^^^^^^^^^^^^^^^^^^^^^^^^ not accessible\nhelp: consider making the field publicly accessible\n    -->  src/method.rs:45:19\n     |\n45   | pub struct Method(pub Inner);\n     |                   +++\n\nerror[E0423]: cannot initialize a tuple struct which contains private fields\n    --> src/request.rs:1086:19\n     |\n1086 |     *method_ref = Method(Inner(\"OPTIONS\".to_string()));\n     |                   ^^^^^^\n     |\nnote: constructor is not visible here due to private fields\n    --> src/method.rs:45:19\n     |\n45   | pub struct Method(Inner);\n     |                   ^^^^^ private field\nnote: tuple variant `crate::error::ErrorKind::Method` exists but is inaccessible\n    --> src/error.rs:26:5\n     |\n26   |     Method(method::InvalidMethod),\n     |     ^^^^^^^^^^^^^^^^^^^^^^^^^^^^^ not accessible\nhelp: consider making the field publicly accessible\n    -->  src/method.rs:45:19\n     |\n45   | pub struct Method(pub Inner);\n     |                   +++\n\nerror[E0423]: cannot initialize a tuple struct which contains private fields\n    --> src/request.rs:1087:35\n     |\n1087 |     assert_ne!(*request.method(), Method(Inner(\"POST\".to_string())));\n     |                                   ^^^^^^\n     |\nnote: constructor is not visible here due to private fields\n    --> src/method.rs:45:19\n     |\n45   | pub struct Method(Inner);\n     |                   ^^^^^ private field\nnote: tuple variant `crate::error::ErrorKind::Method` exists but is inaccessible\n    --> src/error.rs:26:5\n     |\n26   |     Method(method::InvalidMethod),\n     |     ^^^^^^^^^^^^^^^^^^^^^^^^^^^^^ not accessible\nhelp: consider making the field publicly accessible\n    -->  src/method.rs:45:19\n     |\n45   | pub struct Method(pub Inner);\n     |                   +++\n\nwarning: unused import: `self::StandardHeader::Vary`\n    --> src/header/name.rs:1676:9\n     |\n1676 |     use self::StandardHeader::Vary;\n     |         ^^^^^^^^^^^^^^^^^^^^^^^^^^\n     |\n     = note: `#[warn(unused_imports)]` on by default\n\nwarning: unused import: `super::*`\n   --> src/header/value.rs:481:9\n    |\n481 |     use super::*;\n    |         ^^^^^^^^\n\nwarning: unused import: `crate::header::map::HeaderMap`\n   --> src/header/value.rs:482:9\n    |\n482 |     use crate::header::map::HeaderMap;\n    |         ^^^^^^^^^^^^^^^^^^^^^^^^^^^^^\n\nwarning: unused import: `crate::header::name`\n   --> src/header/value.rs:483:9\n    |\n483 |     use crate::header::name;\n    |         ^^^^^^^^^^^^^^^^^^^\n\nwarning: unused import: `super::*`\n   --> src/header/value.rs:568:9\n    |\n568 |     use super::*;\n    |         ^^^^^^^^\n\nwarning: unused import: `crate::header::name`\n   --> src/header/value.rs:569:9\n    |\n569 |     use crate::header::name;\n    |         ^^^^^^^^^^^^^^^^^^^\n\nwarning: unused import: `super::*`\n   --> src/method.rs:424:9\n    |\n424 |     use super::*;\n    |         ^^^^^^^^\n\nwarning: unused import: `super::*`\n    --> src/request.rs:1063:9\n     |\n1063 |     use super::*;\n     |         ^^^^^^^^\n\nwarning: unused import: `ntest::timeout`\n    --> src/request.rs:1078:8\n     |\n1078 |    use ntest::timeout;\n     |        ^^^^^^^^^^^^^^\n\nwarning: unused import: `super::*`\n   --> src/response.rs:776:9\n    |\n776 |     use super::*;\n    |         ^^^^^^^^\n\nwarning: unused import: `super::*`\n   --> src/uri/authority.rs:533:9\n    |\n533 |     use super::*;\n    |         ^^^^^^^^\n\nwarning: unused import: `super::*`\n   --> src/uri/builder.rs:165:9\n    |\n165 |     use super::*;\n    |         ^^^^^^^^\n\nwarning: unused import: `super::*`\n   --> src/uri/port.rs:115:9\n    |\n115 |     use super::*;\n    |         ^^^^^^^^\n\nwarning: unused import: `super::*`\n   --> src/error.rs:143:9\n    |\n143 |     use super::*;\n    |         ^^^^^^^^\n\nwarning: unused import: `super::*`\n   --> src/lib.rs:197:9\n    |\n197 |     use super::*;\n    |         ^^^^^^^^\n\nerror[E0425]: cannot find function, tuple struct or tuple variant `Inner` in this scope\n    --> src/request.rs:1083:36\n     |\n1083 |     *request.method_mut() = Method(Inner(\"OPTIONS\".to_string()));\n     |                                    ^^^^^ not found in this scope\n\nerror[E0425]: cannot find function, tuple struct or tuple variant `Inner` in this scope\n    --> src/request.rs:1086:26\n     |\n1086 |     *method_ref = Method(Inner(\"OPTIONS\".to_string()));\n     |                          ^^^^^ not found in this scope\n\nerror[E0425]: cannot find function, tuple struct or tuple variant `Inner` in this scope\n    --> src/request.rs:1087:42\n     |\n1087 |     assert_ne!(*request.method(), Method(Inner(\"POST\".to_string())));\n     |                                          ^^^^^ not found in this scope\n\nSome errors have detailed explanations: E0423, E0425.\nFor more information about an error, try `rustc --explain E0423`.\nwarning: `http` (lib test) generated 15 warnings\nerror: could not compile `http` (lib test) due to 6 previous errors; 15 warnings emitted\n"
                }
              ],
              "repaired": [
                false,
                false,
                false
              ]
            },
            {
              "attrs": [],
              "prefix": [
                "{",
                "    let mut request: Request<()> = Request::new(());",
                "    *request.method_mut() = Method(Inner(\"CONNECT\".to_string()));",
                "}"
              ],
              "oracles": [
                [
                  "    let mut request: Request<()> = Request::new(());",
                  "    *request.method_mut() = Method(Inner(\"CONNECT\".to_string()));",
                  "    assert_eq!(*request.method(), Method(Inner(\"CONNECT\".to_string())));"
                ]
              ],
              "codes": [
                [
                  "{",
                  "    let mut request: Request<()> = Request::new(());",
                  "    *request.method_mut() = Method(Inner(\"CONNECT\".to_string()));",
                  "    let mut request: Request<()> = Request::new(());",
                  "    *request.method_mut() = Method(Inner(\"CONNECT\".to_string()));",
                  "    assert_eq!(*request.method(), Method(Inner(\"CONNECT\".to_string())));",
                  "}"
                ]
              ],
              "can_compile": [
                {
                  "Err": "   Compiling proc-macro2 v1.0.95\n   Compiling libc v0.2.172\n   Compiling zerocopy v0.8.25\n   Compiling syn v1.0.109\n   Compiling serde v1.0.219\n   Compiling serde_json v1.0.140\n   Compiling doc-comment v0.3.3\n   Compiling quote v1.0.40\n   Compiling getrandom v0.2.16\n   Compiling rand_core v0.6.4\n   Compiling ppv-lite86 v0.2.21\n   Compiling rand_chacha v0.3.1\n   Compiling rand v0.8.5\n   Compiling quickcheck v1.0.3\n   Compiling ntest_timeout v0.9.3\n   Compiling ntest_test_cases v0.9.3\n   Compiling ntest v0.9.3\n   Compiling http v1.3.1 (/home/abezbm/rust-utgen-test-crates/http)\nerror[E0423]: cannot initialize a tuple struct which contains private fields\n    --> src/request.rs:1083:29\n     |\n1083 |     *request.method_mut() = Method(Inner(\"CONNECT\".to_string()));\n     |                             ^^^^^^\n     |\nnote: constructor is not visible here due to private fields\n    --> src/method.rs:45:19\n     |\n45   | pub struct Method(Inner);\n     |                   ^^^^^ private field\nnote: tuple variant `crate::error::ErrorKind::Method` exists but is inaccessible\n    --> src/error.rs:26:5\n     |\n26   |     Method(method::InvalidMethod),\n     |     ^^^^^^^^^^^^^^^^^^^^^^^^^^^^^ not accessible\nhelp: consider making the field publicly accessible\n    -->  src/method.rs:45:19\n     |\n45   | pub struct Method(pub Inner);\n     |                   +++\n\nerror[E0423]: cannot initialize a tuple struct which contains private fields\n    --> src/request.rs:1085:29\n     |\n1085 |     *request.method_mut() = Method(Inner(\"CONNECT\".to_string()));\n     |                             ^^^^^^\n     |\nnote: constructor is not visible here due to private fields\n    --> src/method.rs:45:19\n     |\n45   | pub struct Method(Inner);\n     |                   ^^^^^ private field\nnote: tuple variant `crate::error::ErrorKind::Method` exists but is inaccessible\n    --> src/error.rs:26:5\n     |\n26   |     Method(method::InvalidMethod),\n     |     ^^^^^^^^^^^^^^^^^^^^^^^^^^^^^ not accessible\nhelp: consider making the field publicly accessible\n    -->  src/method.rs:45:19\n     |\n45   | pub struct Method(pub Inner);\n     |                   +++\n\nerror[E0423]: cannot initialize a tuple struct which contains private fields\n    --> src/request.rs:1086:35\n     |\n1086 |     assert_eq!(*request.method(), Method(Inner(\"CONNECT\".to_string())));\n     |                                   ^^^^^^\n     |\nnote: constructor is not visible here due to private fields\n    --> src/method.rs:45:19\n     |\n45   | pub struct Method(Inner);\n     |                   ^^^^^ private field\nnote: tuple variant `crate::error::ErrorKind::Method` exists but is inaccessible\n    --> src/error.rs:26:5\n     |\n26   |     Method(method::InvalidMethod),\n     |     ^^^^^^^^^^^^^^^^^^^^^^^^^^^^^ not accessible\nhelp: consider making the field publicly accessible\n    -->  src/method.rs:45:19\n     |\n45   | pub struct Method(pub Inner);\n     |                   +++\n\nwarning: unused import: `self::StandardHeader::Vary`\n    --> src/header/name.rs:1676:9\n     |\n1676 |     use self::StandardHeader::Vary;\n     |         ^^^^^^^^^^^^^^^^^^^^^^^^^^\n     |\n     = note: `#[warn(unused_imports)]` on by default\n\nwarning: unused import: `super::*`\n   --> src/header/value.rs:481:9\n    |\n481 |     use super::*;\n    |         ^^^^^^^^\n\nwarning: unused import: `crate::header::map::HeaderMap`\n   --> src/header/value.rs:482:9\n    |\n482 |     use crate::header::map::HeaderMap;\n    |         ^^^^^^^^^^^^^^^^^^^^^^^^^^^^^\n\nwarning: unused import: `crate::header::name`\n   --> src/header/value.rs:483:9\n    |\n483 |     use crate::header::name;\n    |         ^^^^^^^^^^^^^^^^^^^\n\nwarning: unused import: `super::*`\n   --> src/header/value.rs:568:9\n    |\n568 |     use super::*;\n    |         ^^^^^^^^\n\nwarning: unused import: `crate::header::name`\n   --> src/header/value.rs:569:9\n    |\n569 |     use crate::header::name;\n    |         ^^^^^^^^^^^^^^^^^^^\n\nwarning: unused import: `super::*`\n   --> src/method.rs:424:9\n    |\n424 |     use super::*;\n    |         ^^^^^^^^\n\nwarning: unused import: `super::*`\n    --> src/request.rs:1063:9\n     |\n1063 |     use super::*;\n     |         ^^^^^^^^\n\nwarning: unused import: `ntest::timeout`\n    --> src/request.rs:1078:8\n     |\n1078 |    use ntest::timeout;\n     |        ^^^^^^^^^^^^^^\n\nwarning: unused import: `super::*`\n   --> src/response.rs:776:9\n    |\n776 |     use super::*;\n    |         ^^^^^^^^\n\nwarning: unused import: `super::*`\n   --> src/uri/authority.rs:533:9\n    |\n533 |     use super::*;\n    |         ^^^^^^^^\n\nwarning: unused import: `super::*`\n   --> src/uri/builder.rs:165:9\n    |\n165 |     use super::*;\n    |         ^^^^^^^^\n\nwarning: unused import: `super::*`\n   --> src/uri/port.rs:115:9\n    |\n115 |     use super::*;\n    |         ^^^^^^^^\n\nwarning: unused import: `super::*`\n   --> src/error.rs:143:9\n    |\n143 |     use super::*;\n    |         ^^^^^^^^\n\nwarning: unused import: `super::*`\n   --> src/lib.rs:197:9\n    |\n197 |     use super::*;\n    |         ^^^^^^^^\n\nerror[E0425]: cannot find function, tuple struct or tuple variant `Inner` in this scope\n    --> src/request.rs:1083:36\n     |\n1083 |     *request.method_mut() = Method(Inner(\"CONNECT\".to_string()));\n     |                                    ^^^^^ not found in this scope\n\nerror[E0425]: cannot find function, tuple struct or tuple variant `Inner` in this scope\n    --> src/request.rs:1085:36\n     |\n1085 |     *request.method_mut() = Method(Inner(\"CONNECT\".to_string()));\n     |                                    ^^^^^ not found in this scope\n\nerror[E0425]: cannot find function, tuple struct or tuple variant `Inner` in this scope\n    --> src/request.rs:1086:42\n     |\n1086 |     assert_eq!(*request.method(), Method(Inner(\"CONNECT\".to_string())));\n     |                                          ^^^^^ not found in this scope\n\nSome errors have detailed explanations: E0423, E0425.\nFor more information about an error, try `rustc --explain E0423`.\nwarning: `http` (lib test) generated 15 warnings\nerror: could not compile `http` (lib test) due to 6 previous errors; 15 warnings emitted\n"
                }
              ],
              "repaired": [
                false
              ]
            },
            {
              "attrs": [],
              "prefix": [
                "{",
                "    let mut request: Request<()> = Request::new(());",
                "    *request.method_mut() = Method(Inner(\"TRACE\".to_string()));",
                "}"
              ],
              "oracles": [
                [
                  "    let mut request: Request<()> = Request::new(());",
                  "    let method_ref = request.method_mut();",
                  "    assert!(method_ref.is_mut());"
                ],
                [
                  "    let mut request: Request<()> = Request::new(());",
                  "    let method_ref = request.method_mut();",
                  "    *method_ref = Method(Inner(\"TRACE\".to_string()));",
                  "    assert_eq!(*request.method(), Method(Inner(\"TRACE\".to_string())));"
                ],
                [
                  "    let mut request: Request<()> = Request::new(());",
                  "    let method_ref = request.method_mut();",
                  "    *method_ref = Method(Inner(\"TRACE\".to_string()));",
                  "    assert_eq!(request.method_mut(), method_ref);"
                ]
              ],
              "codes": [
                [
                  "{",
                  "    let mut request: Request<()> = Request::new(());",
                  "    *request.method_mut() = Method(Inner(\"TRACE\".to_string()));",
                  "    let mut request: Request<()> = Request::new(());",
                  "    let method_ref = request.method_mut();",
                  "    assert!(method_ref.is_mut());",
                  "}"
                ],
                [
                  "{",
                  "    let mut request: Request<()> = Request::new(());",
                  "    *request.method_mut() = Method(Inner(\"TRACE\".to_string()));",
                  "    let mut request: Request<()> = Request::new(());",
                  "    let method_ref = request.method_mut();",
                  "    *method_ref = Method(Inner(\"TRACE\".to_string()));",
                  "    assert_eq!(*request.method(), Method(Inner(\"TRACE\".to_string())));",
                  "}"
                ],
                [
                  "{",
                  "    let mut request: Request<()> = Request::new(());",
                  "    *request.method_mut() = Method(Inner(\"TRACE\".to_string()));",
                  "    let mut request: Request<()> = Request::new(());",
                  "    let method_ref = request.method_mut();",
                  "    *method_ref = Method(Inner(\"TRACE\".to_string()));",
                  "    assert_eq!(request.method_mut(), method_ref);",
                  "}"
                ]
              ],
              "can_compile": [
                {
                  "Err": "   Compiling proc-macro2 v1.0.95\n   Compiling libc v0.2.172\n   Compiling zerocopy v0.8.25\n   Compiling syn v1.0.109\n   Compiling serde v1.0.219\n   Compiling serde_json v1.0.140\n   Compiling doc-comment v0.3.3\n   Compiling quote v1.0.40\n   Compiling getrandom v0.2.16\n   Compiling rand_core v0.6.4\n   Compiling ppv-lite86 v0.2.21\n   Compiling rand_chacha v0.3.1\n   Compiling rand v0.8.5\n   Compiling quickcheck v1.0.3\n   Compiling ntest_timeout v0.9.3\n   Compiling ntest_test_cases v0.9.3\n   Compiling ntest v0.9.3\n   Compiling http v1.3.1 (/home/abezbm/rust-utgen-test-crates/http)\nerror[E0423]: cannot initialize a tuple struct which contains private fields\n    --> src/request.rs:1083:29\n     |\n1083 |     *request.method_mut() = Method(Inner(\"TRACE\".to_string()));\n     |                             ^^^^^^\n     |\nnote: constructor is not visible here due to private fields\n    --> src/method.rs:45:19\n     |\n45   | pub struct Method(Inner);\n     |                   ^^^^^ private field\nnote: tuple variant `crate::error::ErrorKind::Method` exists but is inaccessible\n    --> src/error.rs:26:5\n     |\n26   |     Method(method::InvalidMethod),\n     |     ^^^^^^^^^^^^^^^^^^^^^^^^^^^^^ not accessible\nhelp: consider making the field publicly accessible\n    -->  src/method.rs:45:19\n     |\n45   | pub struct Method(pub Inner);\n     |                   +++\n\nwarning: unused import: `self::StandardHeader::Vary`\n    --> src/header/name.rs:1676:9\n     |\n1676 |     use self::StandardHeader::Vary;\n     |         ^^^^^^^^^^^^^^^^^^^^^^^^^^\n     |\n     = note: `#[warn(unused_imports)]` on by default\n\nwarning: unused import: `super::*`\n   --> src/header/value.rs:481:9\n    |\n481 |     use super::*;\n    |         ^^^^^^^^\n\nwarning: unused import: `crate::header::map::HeaderMap`\n   --> src/header/value.rs:482:9\n    |\n482 |     use crate::header::map::HeaderMap;\n    |         ^^^^^^^^^^^^^^^^^^^^^^^^^^^^^\n\nwarning: unused import: `crate::header::name`\n   --> src/header/value.rs:483:9\n    |\n483 |     use crate::header::name;\n    |         ^^^^^^^^^^^^^^^^^^^\n\nwarning: unused import: `super::*`\n   --> src/header/value.rs:568:9\n    |\n568 |     use super::*;\n    |         ^^^^^^^^\n\nwarning: unused import: `crate::header::name`\n   --> src/header/value.rs:569:9\n    |\n569 |     use crate::header::name;\n    |         ^^^^^^^^^^^^^^^^^^^\n\nwarning: unused import: `super::*`\n   --> src/method.rs:424:9\n    |\n424 |     use super::*;\n    |         ^^^^^^^^\n\nwarning: unused import: `super::*`\n    --> src/request.rs:1063:9\n     |\n1063 |     use super::*;\n     |         ^^^^^^^^\n\nwarning: unused import: `ntest::timeout`\n    --> src/request.rs:1078:8\n     |\n1078 |    use ntest::timeout;\n     |        ^^^^^^^^^^^^^^\n\nwarning: unused import: `super::*`\n   --> src/response.rs:776:9\n    |\n776 |     use super::*;\n    |         ^^^^^^^^\n\nwarning: unused import: `super::*`\n   --> src/uri/authority.rs:533:9\n    |\n533 |     use super::*;\n    |         ^^^^^^^^\n\nwarning: unused import: `super::*`\n   --> src/uri/builder.rs:165:9\n    |\n165 |     use super::*;\n    |         ^^^^^^^^\n\nwarning: unused import: `super::*`\n   --> src/uri/port.rs:115:9\n    |\n115 |     use super::*;\n    |         ^^^^^^^^\n\nwarning: unused import: `super::*`\n   --> src/error.rs:143:9\n    |\n143 |     use super::*;\n    |         ^^^^^^^^\n\nwarning: unused import: `super::*`\n   --> src/lib.rs:197:9\n    |\n197 |     use super::*;\n    |         ^^^^^^^^\n\nerror[E0425]: cannot find function, tuple struct or tuple variant `Inner` in this scope\n    --> src/request.rs:1083:36\n     |\n1083 |     *request.method_mut() = Method(Inner(\"TRACE\".to_string()));\n     |                                    ^^^^^ not found in this scope\n\nerror[E0599]: no method named `is_mut` found for mutable reference `&mut method::Method` in the current scope\n    --> src/request.rs:1086:24\n     |\n1086 |     assert!(method_ref.is_mut());\n     |                        ^^^^^^ method not found in `&mut Method`\n\nSome errors have detailed explanations: E0423, E0425, E0599.\nFor more information about an error, try `rustc --explain E0423`.\nwarning: `http` (lib test) generated 15 warnings\nerror: could not compile `http` (lib test) due to 3 previous errors; 15 warnings emitted\n"
                },
                {
                  "Err": "   Compiling proc-macro2 v1.0.95\n   Compiling libc v0.2.172\n   Compiling zerocopy v0.8.25\n   Compiling syn v1.0.109\n   Compiling serde v1.0.219\n   Compiling doc-comment v0.3.3\n   Compiling serde_json v1.0.140\n   Compiling quote v1.0.40\n   Compiling getrandom v0.2.16\n   Compiling rand_core v0.6.4\n   Compiling ppv-lite86 v0.2.21\n   Compiling rand_chacha v0.3.1\n   Compiling rand v0.8.5\n   Compiling quickcheck v1.0.3\n   Compiling ntest_test_cases v0.9.3\n   Compiling ntest_timeout v0.9.3\n   Compiling ntest v0.9.3\n   Compiling http v1.3.1 (/home/abezbm/rust-utgen-test-crates/http)\nerror[E0423]: cannot initialize a tuple struct which contains private fields\n    --> src/request.rs:1083:29\n     |\n1083 |     *request.method_mut() = Method(Inner(\"TRACE\".to_string()));\n     |                             ^^^^^^\n     |\nnote: constructor is not visible here due to private fields\n    --> src/method.rs:45:19\n     |\n45   | pub struct Method(Inner);\n     |                   ^^^^^ private field\nnote: tuple variant `crate::error::ErrorKind::Method` exists but is inaccessible\n    --> src/error.rs:26:5\n     |\n26   |     Method(method::InvalidMethod),\n     |     ^^^^^^^^^^^^^^^^^^^^^^^^^^^^^ not accessible\nhelp: consider making the field publicly accessible\n    -->  src/method.rs:45:19\n     |\n45   | pub struct Method(pub Inner);\n     |                   +++\n\nerror[E0423]: cannot initialize a tuple struct which contains private fields\n    --> src/request.rs:1086:19\n     |\n1086 |     *method_ref = Method(Inner(\"TRACE\".to_string()));\n     |                   ^^^^^^\n     |\nnote: constructor is not visible here due to private fields\n    --> src/method.rs:45:19\n     |\n45   | pub struct Method(Inner);\n     |                   ^^^^^ private field\nnote: tuple variant `crate::error::ErrorKind::Method` exists but is inaccessible\n    --> src/error.rs:26:5\n     |\n26   |     Method(method::InvalidMethod),\n     |     ^^^^^^^^^^^^^^^^^^^^^^^^^^^^^ not accessible\nhelp: consider making the field publicly accessible\n    -->  src/method.rs:45:19\n     |\n45   | pub struct Method(pub Inner);\n     |                   +++\n\nerror[E0423]: cannot initialize a tuple struct which contains private fields\n    --> src/request.rs:1087:35\n     |\n1087 |     assert_eq!(*request.method(), Method(Inner(\"TRACE\".to_string())));\n     |                                   ^^^^^^\n     |\nnote: constructor is not visible here due to private fields\n    --> src/method.rs:45:19\n     |\n45   | pub struct Method(Inner);\n     |                   ^^^^^ private field\nnote: tuple variant `crate::error::ErrorKind::Method` exists but is inaccessible\n    --> src/error.rs:26:5\n     |\n26   |     Method(method::InvalidMethod),\n     |     ^^^^^^^^^^^^^^^^^^^^^^^^^^^^^ not accessible\nhelp: consider making the field publicly accessible\n    -->  src/method.rs:45:19\n     |\n45   | pub struct Method(pub Inner);\n     |                   +++\n\nwarning: unused import: `self::StandardHeader::Vary`\n    --> src/header/name.rs:1676:9\n     |\n1676 |     use self::StandardHeader::Vary;\n     |         ^^^^^^^^^^^^^^^^^^^^^^^^^^\n     |\n     = note: `#[warn(unused_imports)]` on by default\n\nwarning: unused import: `super::*`\n   --> src/header/value.rs:481:9\n    |\n481 |     use super::*;\n    |         ^^^^^^^^\n\nwarning: unused import: `crate::header::map::HeaderMap`\n   --> src/header/value.rs:482:9\n    |\n482 |     use crate::header::map::HeaderMap;\n    |         ^^^^^^^^^^^^^^^^^^^^^^^^^^^^^\n\nwarning: unused import: `crate::header::name`\n   --> src/header/value.rs:483:9\n    |\n483 |     use crate::header::name;\n    |         ^^^^^^^^^^^^^^^^^^^\n\nwarning: unused import: `super::*`\n   --> src/header/value.rs:568:9\n    |\n568 |     use super::*;\n    |         ^^^^^^^^\n\nwarning: unused import: `crate::header::name`\n   --> src/header/value.rs:569:9\n    |\n569 |     use crate::header::name;\n    |         ^^^^^^^^^^^^^^^^^^^\n\nwarning: unused import: `super::*`\n   --> src/method.rs:424:9\n    |\n424 |     use super::*;\n    |         ^^^^^^^^\n\nwarning: unused import: `super::*`\n    --> src/request.rs:1063:9\n     |\n1063 |     use super::*;\n     |         ^^^^^^^^\n\nwarning: unused import: `ntest::timeout`\n    --> src/request.rs:1078:8\n     |\n1078 |    use ntest::timeout;\n     |        ^^^^^^^^^^^^^^\n\nwarning: unused import: `super::*`\n   --> src/response.rs:776:9\n    |\n776 |     use super::*;\n    |         ^^^^^^^^\n\nwarning: unused import: `super::*`\n   --> src/uri/authority.rs:533:9\n    |\n533 |     use super::*;\n    |         ^^^^^^^^\n\nwarning: unused import: `super::*`\n   --> src/uri/builder.rs:165:9\n    |\n165 |     use super::*;\n    |         ^^^^^^^^\n\nwarning: unused import: `super::*`\n   --> src/uri/port.rs:115:9\n    |\n115 |     use super::*;\n    |         ^^^^^^^^\n\nwarning: unused import: `super::*`\n   --> src/error.rs:143:9\n    |\n143 |     use super::*;\n    |         ^^^^^^^^\n\nwarning: unused import: `super::*`\n   --> src/lib.rs:197:9\n    |\n197 |     use super::*;\n    |         ^^^^^^^^\n\nerror[E0425]: cannot find function, tuple struct or tuple variant `Inner` in this scope\n    --> src/request.rs:1083:36\n     |\n1083 |     *request.method_mut() = Method(Inner(\"TRACE\".to_string()));\n     |                                    ^^^^^ not found in this scope\n\nerror[E0425]: cannot find function, tuple struct or tuple variant `Inner` in this scope\n    --> src/request.rs:1086:26\n     |\n1086 |     *method_ref = Method(Inner(\"TRACE\".to_string()));\n     |                          ^^^^^ not found in this scope\n\nerror[E0425]: cannot find function, tuple struct or tuple variant `Inner` in this scope\n    --> src/request.rs:1087:42\n     |\n1087 |     assert_eq!(*request.method(), Method(Inner(\"TRACE\".to_string())));\n     |                                          ^^^^^ not found in this scope\n\nSome errors have detailed explanations: E0423, E0425.\nFor more information about an error, try `rustc --explain E0423`.\nwarning: `http` (lib test) generated 15 warnings\nerror: could not compile `http` (lib test) due to 6 previous errors; 15 warnings emitted\n"
                },
                {
                  "Err": "   Compiling libc v0.2.172\n   Compiling proc-macro2 v1.0.95\n   Compiling zerocopy v0.8.25\n   Compiling syn v1.0.109\n   Compiling serde v1.0.219\n   Compiling serde_json v1.0.140\n   Compiling doc-comment v0.3.3\n   Compiling quote v1.0.40\n   Compiling getrandom v0.2.16\n   Compiling rand_core v0.6.4\n   Compiling ppv-lite86 v0.2.21\n   Compiling rand_chacha v0.3.1\n   Compiling rand v0.8.5\n   Compiling quickcheck v1.0.3\n   Compiling ntest_timeout v0.9.3\n   Compiling ntest_test_cases v0.9.3\n   Compiling ntest v0.9.3\n   Compiling http v1.3.1 (/home/abezbm/rust-utgen-test-crates/http)\nerror[E0423]: cannot initialize a tuple struct which contains private fields\n    --> src/request.rs:1083:29\n     |\n1083 |     *request.method_mut() = Method(Inner(\"TRACE\".to_string()));\n     |                             ^^^^^^\n     |\nnote: constructor is not visible here due to private fields\n    --> src/method.rs:45:19\n     |\n45   | pub struct Method(Inner);\n     |                   ^^^^^ private field\nnote: tuple variant `crate::error::ErrorKind::Method` exists but is inaccessible\n    --> src/error.rs:26:5\n     |\n26   |     Method(method::InvalidMethod),\n     |     ^^^^^^^^^^^^^^^^^^^^^^^^^^^^^ not accessible\nhelp: consider making the field publicly accessible\n    -->  src/method.rs:45:19\n     |\n45   | pub struct Method(pub Inner);\n     |                   +++\n\nerror[E0423]: cannot initialize a tuple struct which contains private fields\n    --> src/request.rs:1086:19\n     |\n1086 |     *method_ref = Method(Inner(\"TRACE\".to_string()));\n     |                   ^^^^^^\n     |\nnote: constructor is not visible here due to private fields\n    --> src/method.rs:45:19\n     |\n45   | pub struct Method(Inner);\n     |                   ^^^^^ private field\nnote: tuple variant `crate::error::ErrorKind::Method` exists but is inaccessible\n    --> src/error.rs:26:5\n     |\n26   |     Method(method::InvalidMethod),\n     |     ^^^^^^^^^^^^^^^^^^^^^^^^^^^^^ not accessible\nhelp: consider making the field publicly accessible\n    -->  src/method.rs:45:19\n     |\n45   | pub struct Method(pub Inner);\n     |                   +++\n\nwarning: unused import: `self::StandardHeader::Vary`\n    --> src/header/name.rs:1676:9\n     |\n1676 |     use self::StandardHeader::Vary;\n     |         ^^^^^^^^^^^^^^^^^^^^^^^^^^\n     |\n     = note: `#[warn(unused_imports)]` on by default\n\nwarning: unused import: `super::*`\n   --> src/header/value.rs:481:9\n    |\n481 |     use super::*;\n    |         ^^^^^^^^\n\nwarning: unused import: `crate::header::map::HeaderMap`\n   --> src/header/value.rs:482:9\n    |\n482 |     use crate::header::map::HeaderMap;\n    |         ^^^^^^^^^^^^^^^^^^^^^^^^^^^^^\n\nwarning: unused import: `crate::header::name`\n   --> src/header/value.rs:483:9\n    |\n483 |     use crate::header::name;\n    |         ^^^^^^^^^^^^^^^^^^^\n\nwarning: unused import: `super::*`\n   --> src/header/value.rs:568:9\n    |\n568 |     use super::*;\n    |         ^^^^^^^^\n\nwarning: unused import: `crate::header::name`\n   --> src/header/value.rs:569:9\n    |\n569 |     use crate::header::name;\n    |         ^^^^^^^^^^^^^^^^^^^\n\nwarning: unused import: `super::*`\n   --> src/method.rs:424:9\n    |\n424 |     use super::*;\n    |         ^^^^^^^^\n\nwarning: unused import: `super::*`\n    --> src/request.rs:1063:9\n     |\n1063 |     use super::*;\n     |         ^^^^^^^^\n\nwarning: unused import: `ntest::timeout`\n    --> src/request.rs:1078:8\n     |\n1078 |    use ntest::timeout;\n     |        ^^^^^^^^^^^^^^\n\nwarning: unused import: `super::*`\n   --> src/response.rs:776:9\n    |\n776 |     use super::*;\n    |         ^^^^^^^^\n\nwarning: unused import: `super::*`\n   --> src/uri/authority.rs:533:9\n    |\n533 |     use super::*;\n    |         ^^^^^^^^\n\nwarning: unused import: `super::*`\n   --> src/uri/builder.rs:165:9\n    |\n165 |     use super::*;\n    |         ^^^^^^^^\n\nwarning: unused import: `super::*`\n   --> src/uri/port.rs:115:9\n    |\n115 |     use super::*;\n    |         ^^^^^^^^\n\nwarning: unused import: `super::*`\n   --> src/error.rs:143:9\n    |\n143 |     use super::*;\n    |         ^^^^^^^^\n\nwarning: unused import: `super::*`\n   --> src/lib.rs:197:9\n    |\n197 |     use super::*;\n    |         ^^^^^^^^\n\nerror[E0425]: cannot find function, tuple struct or tuple variant `Inner` in this scope\n    --> src/request.rs:1083:36\n     |\n1083 |     *request.method_mut() = Method(Inner(\"TRACE\".to_string()));\n     |                                    ^^^^^ not found in this scope\n\nerror[E0425]: cannot find function, tuple struct or tuple variant `Inner` in this scope\n    --> src/request.rs:1086:26\n     |\n1086 |     *method_ref = Method(Inner(\"TRACE\".to_string()));\n     |                          ^^^^^ not found in this scope\n\nSome errors have detailed explanations: E0423, E0425.\nFor more information about an error, try `rustc --explain E0423`.\nwarning: `http` (lib test) generated 15 warnings\nerror: could not compile `http` (lib test) due to 4 previous errors; 15 warnings emitted\n"
                }
              ],
              "repaired": [
                false,
                false,
                false
              ]
            }
          ]
        }
      ]
    }
  ]
}