{
  "name": "http::request::request::Builder::header",
  "name_with_impl": "http::request::{impl#6}::header",
  "mod_info": {
    "name": "request",
    "loc": "src/lib.rs:174:1:174:17"
  },
  "visible": true,
  "loc": "src/request.rs:901:5:914:6",
  "fn_tests": [
    {
      "chain_id": 1,
      "prompt_conds": [],
      "input_infer": "K: valid header names (e.g., \"Accept\", \"X-Custom-Foo\", length between 1 and 256), V: valid header values (e.g., \"text/html\", \"bar\", length between 1 and 4096), ensure headers do not contain invalid characters or exceed length limits.\n",
      "answers": [
        {
          "uses": [],
          "has_test_mod": false,
          "common": [],
          "chain_tests": [
            {
              "attrs": [],
              "prefix": [
                "{",
                "    let builder = Builder::new();",
                "    let req_builder = builder.header(\"Accept\", \"text/html\");",
                "}"
              ],
              "oracles": [
                [
                  "    let builder = Builder::new();",
                  "    let req_builder = builder.header(\"Accept\", \"text/html\");",
                  "    assert!(req_builder.headers_ref().is_some());"
                ],
                [
                  "    let builder = Builder::new();",
                  "    let req_builder = builder.header(\"Accept\", \"text/html\");",
                  "    assert!(req_builder.headers_ref().unwrap().get(\"Accept\").is_some());"
                ],
                [
                  "    let builder = Builder::new();",
                  "    let req_builder = builder.header(\"Accept\", \"text/html\");",
                  "    assert_eq!(req_builder.headers_ref().unwrap().get(\"Accept\").unwrap(), \"text/html\");"
                ]
              ],
              "codes": [
                [
                  "{",
                  "    let builder = Builder::new();",
                  "    let req_builder = builder.header(\"Accept\", \"text/html\");",
                  "    let builder = Builder::new();",
                  "    let req_builder = builder.header(\"Accept\", \"text/html\");",
                  "    assert!(req_builder.headers_ref().is_some());",
                  "}"
                ],
                [
                  "{",
                  "    let builder = Builder::new();",
                  "    let req_builder = builder.header(\"Accept\", \"text/html\");",
                  "    let builder = Builder::new();",
                  "    let req_builder = builder.header(\"Accept\", \"text/html\");",
                  "    assert!(req_builder.headers_ref().unwrap().get(\"Accept\").is_some());",
                  "}"
                ],
                [
                  "{",
                  "    let builder = Builder::new();",
                  "    let req_builder = builder.header(\"Accept\", \"text/html\");",
                  "    let builder = Builder::new();",
                  "    let req_builder = builder.header(\"Accept\", \"text/html\");",
                  "    assert_eq!(req_builder.headers_ref().unwrap().get(\"Accept\").unwrap(), \"text/html\");",
                  "}"
                ]
              ],
              "can_compile": [
                {
                  "Ok": null
                },
                {
                  "Ok": null
                },
                {
                  "Ok": null
                }
              ],
              "repaired": [
                false,
                false,
                false
              ]
            },
            {
              "attrs": [],
              "prefix": [
                "{",
                "    let builder = Builder::new();",
                "    let req_builder = builder.header(\"X-Custom-Foo\", \"bar\");",
                "}"
              ],
              "oracles": [
                [
                  "    let builder = Builder::new();",
                  "    let req_builder = builder.header(\"X-Custom-Foo\", \"bar\");",
                  "    assert!(req_builder.headers_ref().is_some());"
                ],
                [
                  "    let builder = Builder::new();",
                  "    let req_builder = builder.header(\"X-Custom-Foo\", \"bar\");",
                  "    assert_eq!(req_builder.headers_ref().unwrap().len(), 1);"
                ],
                [
                  "    let builder = Builder::new();",
                  "    let req_builder = builder.header(\"X-Custom-Foo\", \"bar\");",
                  "    assert!(req_builder.headers_ref().unwrap().get(\"X-Custom-Foo\").is_some());"
                ],
                [
                  "    let builder = Builder::new();",
                  "    let req_builder = builder.header(\"X-Custom-Foo\", \"bar\");",
                  "    assert_eq!(req_builder.headers_ref().unwrap().get(\"X-Custom-Foo\").unwrap(), \"bar\");"
                ]
              ],
              "codes": [
                [
                  "{",
                  "    let builder = Builder::new();",
                  "    let req_builder = builder.header(\"X-Custom-Foo\", \"bar\");",
                  "    let builder = Builder::new();",
                  "    let req_builder = builder.header(\"X-Custom-Foo\", \"bar\");",
                  "    assert!(req_builder.headers_ref().is_some());",
                  "}"
                ],
                [
                  "{",
                  "    let builder = Builder::new();",
                  "    let req_builder = builder.header(\"X-Custom-Foo\", \"bar\");",
                  "    let builder = Builder::new();",
                  "    let req_builder = builder.header(\"X-Custom-Foo\", \"bar\");",
                  "    assert_eq!(req_builder.headers_ref().unwrap().len(), 1);",
                  "}"
                ],
                [
                  "{",
                  "    let builder = Builder::new();",
                  "    let req_builder = builder.header(\"X-Custom-Foo\", \"bar\");",
                  "    let builder = Builder::new();",
                  "    let req_builder = builder.header(\"X-Custom-Foo\", \"bar\");",
                  "    assert!(req_builder.headers_ref().unwrap().get(\"X-Custom-Foo\").is_some());",
                  "}"
                ],
                [
                  "{",
                  "    let builder = Builder::new();",
                  "    let req_builder = builder.header(\"X-Custom-Foo\", \"bar\");",
                  "    let builder = Builder::new();",
                  "    let req_builder = builder.header(\"X-Custom-Foo\", \"bar\");",
                  "    assert_eq!(req_builder.headers_ref().unwrap().get(\"X-Custom-Foo\").unwrap(), \"bar\");",
                  "}"
                ]
              ],
              "can_compile": [
                {
                  "Ok": null
                },
                {
                  "Ok": null
                },
                {
                  "Ok": null
                },
                {
                  "Ok": null
                }
              ],
              "repaired": [
                false,
                false,
                false,
                false
              ]
            },
            {
              "attrs": [],
              "prefix": [
                "{",
                "    let long_name = \"A\".repeat(256);",
                "    let builder = Builder::new();",
                "    let req_builder = builder.header(long_name, \"valid_value\");",
                "}"
              ],
              "oracles": [
                [
                  "    let long_name = \"A\".repeat(256);",
                  "    let builder = Builder::new();",
                  "    let req_builder = builder.header(long_name, \"valid_value\");",
                  "    assert!(req_builder.inner.is_err());"
                ],
                [
                  "    let long_name = \"A\".repeat(256);",
                  "    let builder = Builder::new();",
                  "    let req_builder = builder.header(long_name, \"valid_value\");",
                  "    assert_eq!(req_builder.inner.unwrap_err().kind(), crate::ErrorKind::HeaderTooLong);"
                ]
              ],
              "codes": [
                [
                  "{",
                  "    let long_name = \"A\".repeat(256);",
                  "    let builder = Builder::new();",
                  "    let req_builder = builder.header(long_name, \"valid_value\");",
                  "    let long_name = \"A\".repeat(256);",
                  "    let builder = Builder::new();",
                  "    let req_builder = builder.header(long_name, \"valid_value\");",
                  "    assert!(req_builder.inner.is_err());",
                  "}"
                ],
                [
                  "{",
                  "    let long_name = \"A\".repeat(256);",
                  "    let builder = Builder::new();",
                  "    let req_builder = builder.header(long_name, \"valid_value\");",
                  "    let long_name = \"A\".repeat(256);",
                  "    let builder = Builder::new();",
                  "    let req_builder = builder.header(long_name, \"valid_value\");",
                  "    assert_eq!(req_builder.inner.unwrap_err().kind(), crate::ErrorKind::HeaderTooLong);",
                  "}"
                ]
              ],
              "can_compile": [
                {
                  "Ok": null
                },
                {
                  "Err": "   Compiling libc v0.2.172\n   Compiling proc-macro2 v1.0.95\n   Compiling zerocopy v0.8.25\n   Compiling syn v1.0.109\n   Compiling serde v1.0.219\n   Compiling serde_json v1.0.140\n   Compiling doc-comment v0.3.3\n   Compiling quote v1.0.40\n   Compiling getrandom v0.2.16\n   Compiling rand_core v0.6.4\n   Compiling ppv-lite86 v0.2.21\n   Compiling rand_chacha v0.3.1\n   Compiling rand v0.8.5\n   Compiling quickcheck v1.0.3\n   Compiling ntest_test_cases v0.9.3\n   Compiling ntest_timeout v0.9.3\n   Compiling ntest v0.9.3\n   Compiling http v1.3.1 (/home/abezbm/rust-utgen-test-crates/http)\nerror[E0433]: failed to resolve: could not find `ErrorKind` in the crate root\n    --> src/request.rs:1088:62\n     |\n1088 |     assert_eq!(req_builder.inner.unwrap_err().kind(), crate::ErrorKind::HeaderTooLong);\n     |                                                              ^^^^^^^^^ could not find `ErrorKind` in the crate root\n     |\nhelp: consider importing this enum\n     |\n1077 +    use std::io::ErrorKind;\n     |\nhelp: if you import `ErrorKind`, refer to it directly\n     |\n1088 -     assert_eq!(req_builder.inner.unwrap_err().kind(), crate::ErrorKind::HeaderTooLong);\n1088 +     assert_eq!(req_builder.inner.unwrap_err().kind(), ErrorKind::HeaderTooLong);\n     |\n\nwarning: unused import: `self::StandardHeader::Vary`\n    --> src/header/name.rs:1676:9\n     |\n1676 |     use self::StandardHeader::Vary;\n     |         ^^^^^^^^^^^^^^^^^^^^^^^^^^\n     |\n     = note: `#[warn(unused_imports)]` on by default\n\nwarning: unused import: `super::*`\n   --> src/header/value.rs:481:9\n    |\n481 |     use super::*;\n    |         ^^^^^^^^\n\nwarning: unused import: `crate::header::map::HeaderMap`\n   --> src/header/value.rs:482:9\n    |\n482 |     use crate::header::map::HeaderMap;\n    |         ^^^^^^^^^^^^^^^^^^^^^^^^^^^^^\n\nwarning: unused import: `crate::header::name`\n   --> src/header/value.rs:483:9\n    |\n483 |     use crate::header::name;\n    |         ^^^^^^^^^^^^^^^^^^^\n\nwarning: unused import: `super::*`\n   --> src/header/value.rs:568:9\n    |\n568 |     use super::*;\n    |         ^^^^^^^^\n\nwarning: unused import: `crate::header::name`\n   --> src/header/value.rs:569:9\n    |\n569 |     use crate::header::name;\n    |         ^^^^^^^^^^^^^^^^^^^\n\nwarning: unused import: `super::*`\n   --> src/method.rs:424:9\n    |\n424 |     use super::*;\n    |         ^^^^^^^^\n\nwarning: unused import: `super::*`\n    --> src/request.rs:1063:9\n     |\n1063 |     use super::*;\n     |         ^^^^^^^^\n\nwarning: unused import: `ntest::timeout`\n    --> src/request.rs:1078:8\n     |\n1078 |    use ntest::timeout;\n     |        ^^^^^^^^^^^^^^\n\nwarning: unused import: `super::*`\n   --> src/response.rs:776:9\n    |\n776 |     use super::*;\n    |         ^^^^^^^^\n\nwarning: unused import: `super::*`\n   --> src/uri/authority.rs:533:9\n    |\n533 |     use super::*;\n    |         ^^^^^^^^\n\nwarning: unused import: `super::*`\n   --> src/uri/builder.rs:165:9\n    |\n165 |     use super::*;\n    |         ^^^^^^^^\n\nwarning: unused import: `super::*`\n   --> src/uri/port.rs:115:9\n    |\n115 |     use super::*;\n    |         ^^^^^^^^\n\nwarning: unused import: `super::*`\n   --> src/error.rs:143:9\n    |\n143 |     use super::*;\n    |         ^^^^^^^^\n\nwarning: unused import: `super::*`\n   --> src/lib.rs:197:9\n    |\n197 |     use super::*;\n    |         ^^^^^^^^\n\nerror[E0599]: no method named `kind` found for struct `error::Error` in the current scope\n    --> src/request.rs:1088:47\n     |\n1088 |     assert_eq!(req_builder.inner.unwrap_err().kind(), crate::ErrorKind::HeaderTooLong);\n     |                                               ^^^^ method not found in `Error`\n     |\n    ::: src/error.rs:17:1\n     |\n17   | pub struct Error {\n     | ---------------- method `kind` not found for this struct\n\nSome errors have detailed explanations: E0433, E0599.\nFor more information about an error, try `rustc --explain E0433`.\nwarning: `http` (lib test) generated 15 warnings\nerror: could not compile `http` (lib test) due to 2 previous errors; 15 warnings emitted\n"
                }
              ],
              "repaired": [
                false,
                false
              ]
            },
            {
              "attrs": [],
              "prefix": [
                "{",
                "    let builder = Builder::new();",
                "    let long_value = \"B\".repeat(4096);",
                "    let req_builder = builder.header(\"Valid-Name\", long_value);",
                "}"
              ],
              "oracles": [
                [
                  "    let builder = Builder::new();",
                  "    let long_value = \"B\".repeat(4096);",
                  "    let req_builder = builder.header(\"Valid-Name\", long_value);",
                  "    assert!(req_builder.headers_ref().is_some());"
                ],
                [
                  "    let builder = Builder::new();",
                  "    let long_value = \"B\".repeat(4096);",
                  "    let req_builder = builder.header(\"Valid-Name\", long_value);",
                  "    assert_eq!(req_builder.headers_ref().unwrap().get(\"Valid-Name\").unwrap().to_str().unwrap(), long_value);"
                ]
              ],
              "codes": [
                [
                  "{",
                  "    let builder = Builder::new();",
                  "    let long_value = \"B\".repeat(4096);",
                  "    let req_builder = builder.header(\"Valid-Name\", long_value);",
                  "    let builder = Builder::new();",
                  "    let long_value = \"B\".repeat(4096);",
                  "    let req_builder = builder.header(\"Valid-Name\", long_value);",
                  "    assert!(req_builder.headers_ref().is_some());",
                  "}"
                ],
                [
                  "{",
                  "    let builder = Builder::new();",
                  "    let long_value = \"B\".repeat(4096);",
                  "    let req_builder = builder.header(\"Valid-Name\", long_value);",
                  "    let builder = Builder::new();",
                  "    let long_value = \"B\".repeat(4096);",
                  "    let req_builder = builder.header(\"Valid-Name\", long_value);",
                  "    assert_eq!(req_builder.headers_ref().unwrap().get(\"Valid-Name\").unwrap().to_str().unwrap(), long_value);",
                  "}"
                ]
              ],
              "can_compile": [
                {
                  "Ok": null
                },
                {
                  "Err": "   Compiling proc-macro2 v1.0.95\n   Compiling libc v0.2.172\n   Compiling zerocopy v0.8.25\n   Compiling syn v1.0.109\n   Compiling serde v1.0.219\n   Compiling serde_json v1.0.140\n   Compiling doc-comment v0.3.3\n   Compiling quote v1.0.40\n   Compiling getrandom v0.2.16\n   Compiling rand_core v0.6.4\n   Compiling ppv-lite86 v0.2.21\n   Compiling rand_chacha v0.3.1\n   Compiling rand v0.8.5\n   Compiling quickcheck v1.0.3\n   Compiling ntest_test_cases v0.9.3\n   Compiling ntest_timeout v0.9.3\n   Compiling ntest v0.9.3\n   Compiling http v1.3.1 (/home/abezbm/rust-utgen-test-crates/http)\nwarning: unused import: `self::StandardHeader::Vary`\n    --> src/header/name.rs:1676:9\n     |\n1676 |     use self::StandardHeader::Vary;\n     |         ^^^^^^^^^^^^^^^^^^^^^^^^^^\n     |\n     = note: `#[warn(unused_imports)]` on by default\n\nwarning: unused import: `super::*`\n   --> src/header/value.rs:481:9\n    |\n481 |     use super::*;\n    |         ^^^^^^^^\n\nwarning: unused import: `crate::header::map::HeaderMap`\n   --> src/header/value.rs:482:9\n    |\n482 |     use crate::header::map::HeaderMap;\n    |         ^^^^^^^^^^^^^^^^^^^^^^^^^^^^^\n\nwarning: unused import: `crate::header::name`\n   --> src/header/value.rs:483:9\n    |\n483 |     use crate::header::name;\n    |         ^^^^^^^^^^^^^^^^^^^\n\nwarning: unused import: `super::*`\n   --> src/header/value.rs:568:9\n    |\n568 |     use super::*;\n    |         ^^^^^^^^\n\nwarning: unused import: `crate::header::name`\n   --> src/header/value.rs:569:9\n    |\n569 |     use crate::header::name;\n    |         ^^^^^^^^^^^^^^^^^^^\n\nwarning: unused import: `super::*`\n   --> src/method.rs:424:9\n    |\n424 |     use super::*;\n    |         ^^^^^^^^\n\nwarning: unused import: `super::*`\n    --> src/request.rs:1063:9\n     |\n1063 |     use super::*;\n     |         ^^^^^^^^\n\nwarning: unused import: `ntest::timeout`\n    --> src/request.rs:1078:8\n     |\n1078 |    use ntest::timeout;\n     |        ^^^^^^^^^^^^^^\n\nwarning: unused import: `super::*`\n   --> src/response.rs:776:9\n    |\n776 |     use super::*;\n    |         ^^^^^^^^\n\nwarning: unused import: `super::*`\n   --> src/uri/authority.rs:533:9\n    |\n533 |     use super::*;\n    |         ^^^^^^^^\n\nwarning: unused import: `super::*`\n   --> src/uri/builder.rs:165:9\n    |\n165 |     use super::*;\n    |         ^^^^^^^^\n\nwarning: unused import: `super::*`\n   --> src/uri/port.rs:115:9\n    |\n115 |     use super::*;\n    |         ^^^^^^^^\n\nwarning: unused import: `super::*`\n   --> src/error.rs:143:9\n    |\n143 |     use super::*;\n    |         ^^^^^^^^\n\nwarning: unused import: `super::*`\n   --> src/lib.rs:197:9\n    |\n197 |     use super::*;\n    |         ^^^^^^^^\n\nwarning: unused variable: `req_builder`\n    --> src/request.rs:1084:9\n     |\n1084 |     let req_builder = builder.header(\"Valid-Name\", long_value);\n     |         ^^^^^^^^^^^ help: if this is intentional, prefix it with an underscore: `_req_builder`\n     |\n     = note: `#[warn(unused_variables)]` on by default\n\nerror[E0382]: borrow of moved value: `long_value`\n    --> src/request.rs:1088:5\n     |\n1086 |     let long_value = \"B\".repeat(4096);\n     |         ---------- move occurs because `long_value` has type `String`, which does not implement the `Copy` trait\n1087 |     let req_builder = builder.header(\"Valid-Name\", long_value);\n     |                                                    ---------- value moved here\n1088 |     assert_eq!(req_builder.headers_ref().unwrap().get(\"Valid-Name\").unwrap().to_str().unwrap(), long_value);\n     |     ^^^^^^^^^^^^^^^^^^^^^^^^^^^^^^^^^^^^^^^^^^^^^^^^^^^^^^^^^^^^^^^^^^^^^^^^^^^^^^^^^^^^^^^^^^^^^^^^^^^^^^^ value borrowed here after move\n     |\nnote: consider changing this parameter type in method `header` to borrow instead if owning the value isn't necessary\n    --> src/request.rs:901:46\n     |\n901  |     pub fn header<K, V>(self, key: K, value: V) -> Builder\n     |            ------ in this method             ^ this parameter takes ownership of the value\n     = note: this error originates in the macro `assert_eq` (in Nightly builds, run with -Z macro-backtrace for more info)\nhelp: consider cloning the value if the performance cost is acceptable\n     |\n1087 |     let req_builder = builder.header(\"Valid-Name\", long_value.clone());\n     |                                                              ++++++++\n\nFor more information about this error, try `rustc --explain E0382`.\nwarning: `http` (lib test) generated 16 warnings\nerror: could not compile `http` (lib test) due to 1 previous error; 16 warnings emitted\n"
                }
              ],
              "repaired": [
                false,
                false
              ]
            },
            {
              "attrs": [],
              "prefix": [
                "{",
                "    let builder = Builder::new();",
                "    let req_builder = builder.header(\"\", \"value\");",
                "}"
              ],
              "oracles": [
                [
                  "    let builder = Builder::new();",
                  "    let req_builder = builder.header(\"\", \"value\");",
                  "    assert!(req_builder.is_err());"
                ],
                [
                  "    let builder = Builder::new();",
                  "    let req_builder = builder.header(\"\", \"value\");",
                  "    assert_eq!(req_builder.unwrap_err().to_string(), \"Invalid header name\");"
                ]
              ],
              "codes": [
                [
                  "{",
                  "    let builder = Builder::new();",
                  "    let req_builder = builder.header(\"\", \"value\");",
                  "    let builder = Builder::new();",
                  "    let req_builder = builder.header(\"\", \"value\");",
                  "    assert!(req_builder.is_err());",
                  "}"
                ],
                [
                  "{",
                  "    let builder = Builder::new();",
                  "    let req_builder = builder.header(\"\", \"value\");",
                  "    let builder = Builder::new();",
                  "    let req_builder = builder.header(\"\", \"value\");",
                  "    assert_eq!(req_builder.unwrap_err().to_string(), \"Invalid header name\");",
                  "}"
                ]
              ],
              "can_compile": [
                {
                  "Err": "   Compiling proc-macro2 v1.0.95\n   Compiling libc v0.2.172\n   Compiling zerocopy v0.8.25\n   Compiling syn v1.0.109\n   Compiling serde v1.0.219\n   Compiling doc-comment v0.3.3\n   Compiling serde_json v1.0.140\n   Compiling quote v1.0.40\n   Compiling getrandom v0.2.16\n   Compiling rand_core v0.6.4\n   Compiling ppv-lite86 v0.2.21\n   Compiling rand_chacha v0.3.1\n   Compiling rand v0.8.5\n   Compiling quickcheck v1.0.3\n   Compiling ntest_test_cases v0.9.3\n   Compiling ntest_timeout v0.9.3\n   Compiling ntest v0.9.3\n   Compiling http v1.3.1 (/home/abezbm/rust-utgen-test-crates/http)\nwarning: unused import: `self::StandardHeader::Vary`\n    --> src/header/name.rs:1676:9\n     |\n1676 |     use self::StandardHeader::Vary;\n     |         ^^^^^^^^^^^^^^^^^^^^^^^^^^\n     |\n     = note: `#[warn(unused_imports)]` on by default\n\nwarning: unused import: `super::*`\n   --> src/header/value.rs:481:9\n    |\n481 |     use super::*;\n    |         ^^^^^^^^\n\nwarning: unused import: `crate::header::map::HeaderMap`\n   --> src/header/value.rs:482:9\n    |\n482 |     use crate::header::map::HeaderMap;\n    |         ^^^^^^^^^^^^^^^^^^^^^^^^^^^^^\n\nwarning: unused import: `crate::header::name`\n   --> src/header/value.rs:483:9\n    |\n483 |     use crate::header::name;\n    |         ^^^^^^^^^^^^^^^^^^^\n\nwarning: unused import: `super::*`\n   --> src/header/value.rs:568:9\n    |\n568 |     use super::*;\n    |         ^^^^^^^^\n\nwarning: unused import: `crate::header::name`\n   --> src/header/value.rs:569:9\n    |\n569 |     use crate::header::name;\n    |         ^^^^^^^^^^^^^^^^^^^\n\nwarning: unused import: `super::*`\n   --> src/method.rs:424:9\n    |\n424 |     use super::*;\n    |         ^^^^^^^^\n\nwarning: unused import: `super::*`\n    --> src/request.rs:1063:9\n     |\n1063 |     use super::*;\n     |         ^^^^^^^^\n\nwarning: unused import: `ntest::timeout`\n    --> src/request.rs:1078:8\n     |\n1078 |    use ntest::timeout;\n     |        ^^^^^^^^^^^^^^\n\nwarning: unused import: `super::*`\n   --> src/response.rs:776:9\n    |\n776 |     use super::*;\n    |         ^^^^^^^^\n\nwarning: unused import: `super::*`\n   --> src/uri/authority.rs:533:9\n    |\n533 |     use super::*;\n    |         ^^^^^^^^\n\nwarning: unused import: `super::*`\n   --> src/uri/builder.rs:165:9\n    |\n165 |     use super::*;\n    |         ^^^^^^^^\n\nwarning: unused import: `super::*`\n   --> src/uri/port.rs:115:9\n    |\n115 |     use super::*;\n    |         ^^^^^^^^\n\nwarning: unused import: `super::*`\n   --> src/error.rs:143:9\n    |\n143 |     use super::*;\n    |         ^^^^^^^^\n\nwarning: unused import: `super::*`\n   --> src/lib.rs:197:9\n    |\n197 |     use super::*;\n    |         ^^^^^^^^\n\nerror[E0599]: no method named `is_err` found for struct `request::Builder` in the current scope\n    --> src/request.rs:1086:25\n     |\n192  | pub struct Builder {\n     | ------------------ method `is_err` not found for this struct\n...\n1086 |     assert!(req_builder.is_err());\n     |                         ^^^^^^ method not found in `Builder`\n     |\nhelp: one of the expressions' fields has a method of the same name\n     |\n1086 |     assert!(req_builder.inner.is_err());\n     |                         ++++++\n\nFor more information about this error, try `rustc --explain E0599`.\nwarning: `http` (lib test) generated 15 warnings\nerror: could not compile `http` (lib test) due to 1 previous error; 15 warnings emitted\n"
                },
                {
                  "Err": "   Compiling proc-macro2 v1.0.95\n   Compiling libc v0.2.172\n   Compiling zerocopy v0.8.25\n   Compiling syn v1.0.109\n   Compiling serde v1.0.219\n   Compiling doc-comment v0.3.3\n   Compiling serde_json v1.0.140\n   Compiling quote v1.0.40\n   Compiling getrandom v0.2.16\n   Compiling rand_core v0.6.4\n   Compiling ppv-lite86 v0.2.21\n   Compiling rand_chacha v0.3.1\n   Compiling rand v0.8.5\n   Compiling quickcheck v1.0.3\n   Compiling ntest_timeout v0.9.3\n   Compiling ntest_test_cases v0.9.3\n   Compiling ntest v0.9.3\n   Compiling http v1.3.1 (/home/abezbm/rust-utgen-test-crates/http)\nwarning: unused import: `self::StandardHeader::Vary`\n    --> src/header/name.rs:1676:9\n     |\n1676 |     use self::StandardHeader::Vary;\n     |         ^^^^^^^^^^^^^^^^^^^^^^^^^^\n     |\n     = note: `#[warn(unused_imports)]` on by default\n\nwarning: unused import: `super::*`\n   --> src/header/value.rs:481:9\n    |\n481 |     use super::*;\n    |         ^^^^^^^^\n\nwarning: unused import: `crate::header::map::HeaderMap`\n   --> src/header/value.rs:482:9\n    |\n482 |     use crate::header::map::HeaderMap;\n    |         ^^^^^^^^^^^^^^^^^^^^^^^^^^^^^\n\nwarning: unused import: `crate::header::name`\n   --> src/header/value.rs:483:9\n    |\n483 |     use crate::header::name;\n    |         ^^^^^^^^^^^^^^^^^^^\n\nwarning: unused import: `super::*`\n   --> src/header/value.rs:568:9\n    |\n568 |     use super::*;\n    |         ^^^^^^^^\n\nwarning: unused import: `crate::header::name`\n   --> src/header/value.rs:569:9\n    |\n569 |     use crate::header::name;\n    |         ^^^^^^^^^^^^^^^^^^^\n\nwarning: unused import: `super::*`\n   --> src/method.rs:424:9\n    |\n424 |     use super::*;\n    |         ^^^^^^^^\n\nwarning: unused import: `super::*`\n    --> src/request.rs:1063:9\n     |\n1063 |     use super::*;\n     |         ^^^^^^^^\n\nwarning: unused import: `ntest::timeout`\n    --> src/request.rs:1078:8\n     |\n1078 |    use ntest::timeout;\n     |        ^^^^^^^^^^^^^^\n\nwarning: unused import: `super::*`\n   --> src/response.rs:776:9\n    |\n776 |     use super::*;\n    |         ^^^^^^^^\n\nwarning: unused import: `super::*`\n   --> src/uri/authority.rs:533:9\n    |\n533 |     use super::*;\n    |         ^^^^^^^^\n\nwarning: unused import: `super::*`\n   --> src/uri/builder.rs:165:9\n    |\n165 |     use super::*;\n    |         ^^^^^^^^\n\nwarning: unused import: `super::*`\n   --> src/uri/port.rs:115:9\n    |\n115 |     use super::*;\n    |         ^^^^^^^^\n\nwarning: unused import: `super::*`\n   --> src/error.rs:143:9\n    |\n143 |     use super::*;\n    |         ^^^^^^^^\n\nwarning: unused import: `super::*`\n   --> src/lib.rs:197:9\n    |\n197 |     use super::*;\n    |         ^^^^^^^^\n\nerror[E0599]: no method named `unwrap_err` found for struct `request::Builder` in the current scope\n    --> src/request.rs:1086:28\n     |\n192  | pub struct Builder {\n     | ------------------ method `unwrap_err` not found for this struct\n...\n1086 |     assert_eq!(req_builder.unwrap_err().to_string(), \"Invalid header name\");\n     |                            ^^^^^^^^^^ method not found in `Builder`\n     |\nhelp: one of the expressions' fields has a method of the same name\n     |\n1086 |     assert_eq!(req_builder.inner.unwrap_err().to_string(), \"Invalid header name\");\n     |                            ++++++\n\nFor more information about this error, try `rustc --explain E0599`.\nwarning: `http` (lib test) generated 15 warnings\nerror: could not compile `http` (lib test) due to 1 previous error; 15 warnings emitted\n"
                }
              ],
              "repaired": [
                false,
                false
              ]
            },
            {
              "attrs": [
                "#[should_panic]"
              ],
              "prefix": [
                "{",
                "    let builder = Builder::new();",
                "    let req_builder = builder.header(\"Invalid\\x00Name\", \"value\");",
                "}"
              ],
              "oracles": [
                [
                  "    let builder = Builder::new();",
                  "    let req_builder = builder.header(\"Invalid\\x00Name\", \"value\");",
                  "    assert!(req_builder.is_err());"
                ]
              ],
              "codes": [
                [
                  "{",
                  "    let builder = Builder::new();",
                  "    let req_builder = builder.header(\"Invalid\\x00Name\", \"value\");",
                  "    let builder = Builder::new();",
                  "    let req_builder = builder.header(\"Invalid\\x00Name\", \"value\");",
                  "    assert!(req_builder.is_err());",
                  "}"
                ]
              ],
              "can_compile": [
                {
                  "Err": "   Compiling proc-macro2 v1.0.95\n   Compiling libc v0.2.172\n   Compiling zerocopy v0.8.25\n   Compiling syn v1.0.109\n   Compiling serde v1.0.219\n   Compiling doc-comment v0.3.3\n   Compiling serde_json v1.0.140\n   Compiling quote v1.0.40\n   Compiling getrandom v0.2.16\n   Compiling rand_core v0.6.4\n   Compiling ppv-lite86 v0.2.21\n   Compiling rand_chacha v0.3.1\n   Compiling rand v0.8.5\n   Compiling quickcheck v1.0.3\n   Compiling ntest_test_cases v0.9.3\n   Compiling ntest_timeout v0.9.3\n   Compiling ntest v0.9.3\n   Compiling http v1.3.1 (/home/abezbm/rust-utgen-test-crates/http)\nwarning: unused import: `self::StandardHeader::Vary`\n    --> src/header/name.rs:1676:9\n     |\n1676 |     use self::StandardHeader::Vary;\n     |         ^^^^^^^^^^^^^^^^^^^^^^^^^^\n     |\n     = note: `#[warn(unused_imports)]` on by default\n\nwarning: unused import: `super::*`\n   --> src/header/value.rs:481:9\n    |\n481 |     use super::*;\n    |         ^^^^^^^^\n\nwarning: unused import: `crate::header::map::HeaderMap`\n   --> src/header/value.rs:482:9\n    |\n482 |     use crate::header::map::HeaderMap;\n    |         ^^^^^^^^^^^^^^^^^^^^^^^^^^^^^\n\nwarning: unused import: `crate::header::name`\n   --> src/header/value.rs:483:9\n    |\n483 |     use crate::header::name;\n    |         ^^^^^^^^^^^^^^^^^^^\n\nwarning: unused import: `super::*`\n   --> src/header/value.rs:568:9\n    |\n568 |     use super::*;\n    |         ^^^^^^^^\n\nwarning: unused import: `crate::header::name`\n   --> src/header/value.rs:569:9\n    |\n569 |     use crate::header::name;\n    |         ^^^^^^^^^^^^^^^^^^^\n\nwarning: unused import: `super::*`\n   --> src/method.rs:424:9\n    |\n424 |     use super::*;\n    |         ^^^^^^^^\n\nwarning: unused import: `super::*`\n    --> src/request.rs:1063:9\n     |\n1063 |     use super::*;\n     |         ^^^^^^^^\n\nwarning: unused import: `ntest::timeout`\n    --> src/request.rs:1078:8\n     |\n1078 |    use ntest::timeout;\n     |        ^^^^^^^^^^^^^^\n\nwarning: unused import: `super::*`\n   --> src/response.rs:776:9\n    |\n776 |     use super::*;\n    |         ^^^^^^^^\n\nwarning: unused import: `super::*`\n   --> src/uri/authority.rs:533:9\n    |\n533 |     use super::*;\n    |         ^^^^^^^^\n\nwarning: unused import: `super::*`\n   --> src/uri/builder.rs:165:9\n    |\n165 |     use super::*;\n    |         ^^^^^^^^\n\nwarning: unused import: `super::*`\n   --> src/uri/port.rs:115:9\n    |\n115 |     use super::*;\n    |         ^^^^^^^^\n\nwarning: unused import: `super::*`\n   --> src/error.rs:143:9\n    |\n143 |     use super::*;\n    |         ^^^^^^^^\n\nwarning: unused import: `super::*`\n   --> src/lib.rs:197:9\n    |\n197 |     use super::*;\n    |         ^^^^^^^^\n\nerror[E0599]: no method named `is_err` found for struct `request::Builder` in the current scope\n    --> src/request.rs:1087:25\n     |\n192  | pub struct Builder {\n     | ------------------ method `is_err` not found for this struct\n...\n1087 |     assert!(req_builder.is_err());\n     |                         ^^^^^^ method not found in `Builder`\n     |\nhelp: one of the expressions' fields has a method of the same name\n     |\n1087 |     assert!(req_builder.inner.is_err());\n     |                         ++++++\n\nFor more information about this error, try `rustc --explain E0599`.\nwarning: `http` (lib test) generated 15 warnings\nerror: could not compile `http` (lib test) due to 1 previous error; 15 warnings emitted\n"
                }
              ],
              "repaired": [
                false
              ]
            },
            {
              "attrs": [
                "#[should_panic]"
              ],
              "prefix": [
                "{",
                "    let builder = Builder::new();",
                "    let req_builder = builder.header(\"Valid-Name\", \"Invalid\\x00Value\");",
                "}"
              ],
              "oracles": [
                [
                  "    let builder = Builder::new();",
                  "    let req_builder = builder.header(\"Valid-Name\", \"Invalid\\x00Value\");",
                  "    assert!(req_builder.is_err());"
                ],
                [
                  "    let builder = Builder::new();",
                  "    let req_builder = builder.header(\"Valid-Name\", \"Invalid\\x00Value\");",
                  "    assert_eq!(req_builder.unwrap_err().to_string(), \"Invalid header value\");"
                ]
              ],
              "codes": [
                [
                  "{",
                  "    let builder = Builder::new();",
                  "    let req_builder = builder.header(\"Valid-Name\", \"Invalid\\x00Value\");",
                  "    let builder = Builder::new();",
                  "    let req_builder = builder.header(\"Valid-Name\", \"Invalid\\x00Value\");",
                  "    assert!(req_builder.is_err());",
                  "}"
                ],
                [
                  "{",
                  "    let builder = Builder::new();",
                  "    let req_builder = builder.header(\"Valid-Name\", \"Invalid\\x00Value\");",
                  "    let builder = Builder::new();",
                  "    let req_builder = builder.header(\"Valid-Name\", \"Invalid\\x00Value\");",
                  "    assert_eq!(req_builder.unwrap_err().to_string(), \"Invalid header value\");",
                  "}"
                ]
              ],
              "can_compile": [
                {
                  "Err": "   Compiling proc-macro2 v1.0.95\n   Compiling libc v0.2.172\n   Compiling zerocopy v0.8.25\n   Compiling syn v1.0.109\n   Compiling serde v1.0.219\n   Compiling serde_json v1.0.140\n   Compiling doc-comment v0.3.3\n   Compiling quote v1.0.40\n   Compiling getrandom v0.2.16\n   Compiling rand_core v0.6.4\n   Compiling ppv-lite86 v0.2.21\n   Compiling rand_chacha v0.3.1\n   Compiling rand v0.8.5\n   Compiling quickcheck v1.0.3\n   Compiling ntest_timeout v0.9.3\n   Compiling ntest_test_cases v0.9.3\n   Compiling ntest v0.9.3\n   Compiling http v1.3.1 (/home/abezbm/rust-utgen-test-crates/http)\nwarning: unused import: `self::StandardHeader::Vary`\n    --> src/header/name.rs:1676:9\n     |\n1676 |     use self::StandardHeader::Vary;\n     |         ^^^^^^^^^^^^^^^^^^^^^^^^^^\n     |\n     = note: `#[warn(unused_imports)]` on by default\n\nwarning: unused import: `super::*`\n   --> src/header/value.rs:481:9\n    |\n481 |     use super::*;\n    |         ^^^^^^^^\n\nwarning: unused import: `crate::header::map::HeaderMap`\n   --> src/header/value.rs:482:9\n    |\n482 |     use crate::header::map::HeaderMap;\n    |         ^^^^^^^^^^^^^^^^^^^^^^^^^^^^^\n\nwarning: unused import: `crate::header::name`\n   --> src/header/value.rs:483:9\n    |\n483 |     use crate::header::name;\n    |         ^^^^^^^^^^^^^^^^^^^\n\nwarning: unused import: `super::*`\n   --> src/header/value.rs:568:9\n    |\n568 |     use super::*;\n    |         ^^^^^^^^\n\nwarning: unused import: `crate::header::name`\n   --> src/header/value.rs:569:9\n    |\n569 |     use crate::header::name;\n    |         ^^^^^^^^^^^^^^^^^^^\n\nwarning: unused import: `super::*`\n   --> src/method.rs:424:9\n    |\n424 |     use super::*;\n    |         ^^^^^^^^\n\nwarning: unused import: `super::*`\n    --> src/request.rs:1063:9\n     |\n1063 |     use super::*;\n     |         ^^^^^^^^\n\nwarning: unused import: `ntest::timeout`\n    --> src/request.rs:1078:8\n     |\n1078 |    use ntest::timeout;\n     |        ^^^^^^^^^^^^^^\n\nwarning: unused import: `super::*`\n   --> src/response.rs:776:9\n    |\n776 |     use super::*;\n    |         ^^^^^^^^\n\nwarning: unused import: `super::*`\n   --> src/uri/authority.rs:533:9\n    |\n533 |     use super::*;\n    |         ^^^^^^^^\n\nwarning: unused import: `super::*`\n   --> src/uri/builder.rs:165:9\n    |\n165 |     use super::*;\n    |         ^^^^^^^^\n\nwarning: unused import: `super::*`\n   --> src/uri/port.rs:115:9\n    |\n115 |     use super::*;\n    |         ^^^^^^^^\n\nwarning: unused import: `super::*`\n   --> src/error.rs:143:9\n    |\n143 |     use super::*;\n    |         ^^^^^^^^\n\nwarning: unused import: `super::*`\n   --> src/lib.rs:197:9\n    |\n197 |     use super::*;\n    |         ^^^^^^^^\n\nerror[E0599]: no method named `is_err` found for struct `request::Builder` in the current scope\n    --> src/request.rs:1087:25\n     |\n192  | pub struct Builder {\n     | ------------------ method `is_err` not found for this struct\n...\n1087 |     assert!(req_builder.is_err());\n     |                         ^^^^^^ method not found in `Builder`\n     |\nhelp: one of the expressions' fields has a method of the same name\n     |\n1087 |     assert!(req_builder.inner.is_err());\n     |                         ++++++\n\nFor more information about this error, try `rustc --explain E0599`.\nwarning: `http` (lib test) generated 15 warnings\nerror: could not compile `http` (lib test) due to 1 previous error; 15 warnings emitted\n"
                },
                {
                  "Err": "   Compiling libc v0.2.172\n   Compiling proc-macro2 v1.0.95\n   Compiling zerocopy v0.8.25\n   Compiling syn v1.0.109\n   Compiling serde v1.0.219\n   Compiling serde_json v1.0.140\n   Compiling doc-comment v0.3.3\n   Compiling quote v1.0.40\n   Compiling getrandom v0.2.16\n   Compiling rand_core v0.6.4\n   Compiling ppv-lite86 v0.2.21\n   Compiling rand_chacha v0.3.1\n   Compiling rand v0.8.5\n   Compiling quickcheck v1.0.3\n   Compiling ntest_timeout v0.9.3\n   Compiling ntest_test_cases v0.9.3\n   Compiling ntest v0.9.3\n   Compiling http v1.3.1 (/home/abezbm/rust-utgen-test-crates/http)\nwarning: unused import: `self::StandardHeader::Vary`\n    --> src/header/name.rs:1676:9\n     |\n1676 |     use self::StandardHeader::Vary;\n     |         ^^^^^^^^^^^^^^^^^^^^^^^^^^\n     |\n     = note: `#[warn(unused_imports)]` on by default\n\nwarning: unused import: `super::*`\n   --> src/header/value.rs:481:9\n    |\n481 |     use super::*;\n    |         ^^^^^^^^\n\nwarning: unused import: `crate::header::map::HeaderMap`\n   --> src/header/value.rs:482:9\n    |\n482 |     use crate::header::map::HeaderMap;\n    |         ^^^^^^^^^^^^^^^^^^^^^^^^^^^^^\n\nwarning: unused import: `crate::header::name`\n   --> src/header/value.rs:483:9\n    |\n483 |     use crate::header::name;\n    |         ^^^^^^^^^^^^^^^^^^^\n\nwarning: unused import: `super::*`\n   --> src/header/value.rs:568:9\n    |\n568 |     use super::*;\n    |         ^^^^^^^^\n\nwarning: unused import: `crate::header::name`\n   --> src/header/value.rs:569:9\n    |\n569 |     use crate::header::name;\n    |         ^^^^^^^^^^^^^^^^^^^\n\nwarning: unused import: `super::*`\n   --> src/method.rs:424:9\n    |\n424 |     use super::*;\n    |         ^^^^^^^^\n\nwarning: unused import: `super::*`\n    --> src/request.rs:1063:9\n     |\n1063 |     use super::*;\n     |         ^^^^^^^^\n\nwarning: unused import: `ntest::timeout`\n    --> src/request.rs:1078:8\n     |\n1078 |    use ntest::timeout;\n     |        ^^^^^^^^^^^^^^\n\nwarning: unused import: `super::*`\n   --> src/response.rs:776:9\n    |\n776 |     use super::*;\n    |         ^^^^^^^^\n\nwarning: unused import: `super::*`\n   --> src/uri/authority.rs:533:9\n    |\n533 |     use super::*;\n    |         ^^^^^^^^\n\nwarning: unused import: `super::*`\n   --> src/uri/builder.rs:165:9\n    |\n165 |     use super::*;\n    |         ^^^^^^^^\n\nwarning: unused import: `super::*`\n   --> src/uri/port.rs:115:9\n    |\n115 |     use super::*;\n    |         ^^^^^^^^\n\nwarning: unused import: `super::*`\n   --> src/error.rs:143:9\n    |\n143 |     use super::*;\n    |         ^^^^^^^^\n\nwarning: unused import: `super::*`\n   --> src/lib.rs:197:9\n    |\n197 |     use super::*;\n    |         ^^^^^^^^\n\nerror[E0599]: no method named `unwrap_err` found for struct `request::Builder` in the current scope\n    --> src/request.rs:1087:28\n     |\n192  | pub struct Builder {\n     | ------------------ method `unwrap_err` not found for this struct\n...\n1087 |     assert_eq!(req_builder.unwrap_err().to_string(), \"Invalid header value\");\n     |                            ^^^^^^^^^^ method not found in `Builder`\n     |\nhelp: one of the expressions' fields has a method of the same name\n     |\n1087 |     assert_eq!(req_builder.inner.unwrap_err().to_string(), \"Invalid header value\");\n     |                            ++++++\n\nFor more information about this error, try `rustc --explain E0599`.\nwarning: `http` (lib test) generated 15 warnings\nerror: could not compile `http` (lib test) due to 1 previous error; 15 warnings emitted\n"
                }
              ],
              "repaired": [
                false,
                false
              ]
            }
          ]
        }
      ]
    }
  ]
}