{
  "name": "serde_json::value::de::<value::de::VariantDeserializer as serde::de::VariantAccess<'de>>::tuple_variant",
  "name_with_impl": "serde_json::value::de::{impl#7}::tuple_variant",
  "mod_info": {
    "name": "value::de",
    "loc": "src/value/mod.rs:927:1:927:8"
  },
  "visible": true,
  "loc": "src/value/de.rs:569:5:590:6",
  "fn_tests": [
    {
      "chain_id": 1,
      "prompt_conds": [
        "// constraint: self.value matches Some(Value::Array(v)) or Some(other) is true\n",
        "// constraint: self.value matches Some(Value::Array(v)) is false\n",
        "// constraint: self.value matches Some(other) is false\n",
        "// constraint: self.value matches None is false\n",
        "// constraint: self.value matches Some(other) is true\n",
        "// expected return value/type: Err(serde::de::Error::invalid_type(\n                other.unexpected(),\n                &\"tuple variant\",\n            ))\n"
      ],
      "input_infer": "",
      "answers": [
        {
          "uses": [],
          "has_test_mod": false,
          "common": [],
          "chain_tests": [
            {
              "attrs": [],
              "prefix": [],
              "oracles": [],
              "codes": [
                [
                  "{",
                  "    struct TestVisitor;",
                  "",
                  "    impl<'de> Visitor<'de> for TestVisitor {",
                  "        type Value = ();",
                  "",
                  "        fn visit_unit(self) -> Result<Self::Value, Error> {",
                  "            Ok(())",
                  "        }",
                  "",
                  "        // Other required methods should be defined as no-op or returning errors.",
                  "        fn expecting(&self, formatter: &mut fmt::Formatter) -> fmt::Result {",
                  "            formatter.write_str(\"unit variant\")",
                  "        }",
                  "    }",
                  "",
                  "    let deserializer = VariantDeserializer { value: Some(Value::Array(vec![])) };",
                  "    let result = deserializer.tuple_variant(0, TestVisitor);",
                  "    assert!(result.is_ok());",
                  "}"
                ]
              ],
              "can_compile": [
                {
                  "Err": "   Compiling proc-macro2 v1.0.95\n   Compiling serde v1.0.219\n   Compiling syn v1.0.109\n   Compiling libc v0.2.172\n   Compiling target-triple v0.1.4\n   Compiling serde_json v1.0.140\n   Compiling ref-cast v1.0.24\n   Compiling rustversion v1.0.20\n   Compiling serde_json v1.0.140 (/home/abezbm/rust-utgen-test-crates-new/json)\n   Compiling psm v0.1.26\n   Compiling stacker v0.1.21\n   Compiling quote v1.0.40\n   Compiling syn v2.0.101\n   Compiling serde_derive v1.0.219\n   Compiling ref-cast-impl v1.0.24\n   Compiling automod v1.0.15\n   Compiling ntest_timeout v0.9.3\n   Compiling ntest_test_cases v0.9.3\n   Compiling ntest v0.9.3\n   Compiling toml_datetime v0.6.9\n   Compiling serde_spanned v0.6.8\n   Compiling serde_bytes v0.11.17\n   Compiling serde_stacker v0.1.12\n   Compiling toml_edit v0.22.25\n   Compiling toml v0.8.21\n   Compiling trybuild v1.0.104\nwarning: unused import: `ntest::timeout`\n    --> src/value/de.rs:1504:8\n     |\n1504 |    use ntest::timeout;\n     |        ^^^^^^^^^^^^^^\n     |\n     = note: `#[warn(unused_imports)]` on by default\n\nerror[E0049]: method `visit_unit` has 0 type parameters but its trait declaration has 1 type parameter\n    --> src/value/de.rs:1513:22\n     |\n1513 |           fn visit_unit(self) -> Result<Self::Value, Error> {\n     |                        ^ found 0 type parameters\n     |\n    ::: /home/abezbm/.cargo/registry/src/index.crates.io-6f17d22bba15001f/serde-1.0.219/src/de/mod.rs:1625:5\n     |\n1625 | /     fn visit_unit<E>(self) -> Result<Self::Value, E>\n1626 | |     where\n1627 | |         E: Error,\n     | |_________________- expected 1 type parameter\n\nFor more information about this error, try `rustc --explain E0049`.\nwarning: `serde_json` (lib test) generated 1 warning\nerror: could not compile `serde_json` (lib test) due to 1 previous error; 1 warning emitted\n"
                }
              ],
              "repaired": [
                false
              ]
            },
            {
              "attrs": [],
              "prefix": [],
              "oracles": [],
              "codes": [
                [
                  "{",
                  "    struct TestVisitor;",
                  "",
                  "    impl<'de> Visitor<'de> for TestVisitor {",
                  "        type Value = Vec<u8>; // Arbitrary suitable type",
                  "",
                  "        fn visit_seq<V>(self, _seq: &mut V) -> Result<Self::Value, Error>",
                  "        where",
                  "            V: SeqAccess<'de>,",
                  "        {",
                  "            Ok(vec![1, 2, 3])",
                  "        }",
                  "",
                  "        fn expecting(&self, formatter: &mut fmt::Formatter) -> fmt::Result {",
                  "            formatter.write_str(\"sequence\")",
                  "        }",
                  "    }",
                  "",
                  "    let deserializer = VariantDeserializer { value: Some(Value::Array(vec![Value::Number(Number::from(1))])) };",
                  "    let result = deserializer.tuple_variant(1, TestVisitor);",
                  "    assert!(result.is_ok());",
                  "}"
                ]
              ],
              "can_compile": [
                {
                  "Err": "   Compiling proc-macro2 v1.0.95\n   Compiling serde v1.0.219\n   Compiling syn v1.0.109\n   Compiling libc v0.2.172\n   Compiling target-triple v0.1.4\n   Compiling serde_json v1.0.140\n   Compiling ref-cast v1.0.24\n   Compiling rustversion v1.0.20\n   Compiling serde_json v1.0.140 (/home/abezbm/rust-utgen-test-crates-new/json)\n   Compiling psm v0.1.26\n   Compiling stacker v0.1.21\n   Compiling quote v1.0.40\n   Compiling syn v2.0.101\n   Compiling serde_derive v1.0.219\n   Compiling ref-cast-impl v1.0.24\n   Compiling automod v1.0.15\n   Compiling ntest_timeout v0.9.3\n   Compiling ntest_test_cases v0.9.3\n   Compiling ntest v0.9.3\n   Compiling serde_spanned v0.6.8\n   Compiling toml_datetime v0.6.9\n   Compiling serde_stacker v0.1.12\n   Compiling serde_bytes v0.11.17\n   Compiling toml_edit v0.22.25\n   Compiling toml v0.8.21\n   Compiling trybuild v1.0.104\nwarning: unused import: `ntest::timeout`\n    --> src/value/de.rs:1504:8\n     |\n1504 |    use ntest::timeout;\n     |        ^^^^^^^^^^^^^^\n     |\n     = note: `#[warn(unused_imports)]` on by default\n\nerror[E0053]: method `visit_seq` has an incompatible type for trait\n    --> src/value/de.rs:1513:37\n     |\n1513 |         fn visit_seq<V>(self, _seq: &mut V) -> Result<Self::Value, Error>\n     |                      -              ^^^^^^ expected type parameter `V`, found `&mut V`\n     |                      |\n     |                      expected this type parameter\n     |\n     = note: expected signature `fn(TestVisitor, _) -> std::result::Result<_, <V as serde::de::SeqAccess<'de>>::Error>`\n                found signature `fn(TestVisitor, &mut _) -> std::result::Result<_, error::Error>`\nhelp: change the parameter type to match the trait\n     |\n1513 |         fn visit_seq<V>(self, _seq: V) -> Result<Self::Value, Error>\n     |                                     ~\n\nFor more information about this error, try `rustc --explain E0053`.\nwarning: `serde_json` (lib test) generated 1 warning\nerror: could not compile `serde_json` (lib test) due to 1 previous error; 1 warning emitted\n"
                }
              ],
              "repaired": [
                false
              ]
            },
            {
              "attrs": [],
              "prefix": [],
              "oracles": [],
              "codes": [
                [
                  "{",
                  "    struct TestVisitor;",
                  "",
                  "    impl<'de> Visitor<'de> for TestVisitor {",
                  "        type Value = ();",
                  "",
                  "        fn expecting(&self, formatter: &mut fmt::Formatter) -> fmt::Result {",
                  "            formatter.write_str(\"unit variant\")",
                  "        }",
                  "    }",
                  "",
                  "    let deserializer = VariantDeserializer { value: Some(Value::Bool(true)) };",
                  "    let result = deserializer.tuple_variant(1, TestVisitor);",
                  "    assert!(result.is_err());",
                  "}"
                ]
              ],
              "can_compile": [
                {
                  "Ok": null
                }
              ],
              "repaired": [
                false
              ]
            },
            {
              "attrs": [],
              "prefix": [],
              "oracles": [],
              "codes": [
                [
                  "{",
                  "    struct TestVisitor;",
                  "",
                  "    impl<'de> Visitor<'de> for TestVisitor {",
                  "        type Value = ();",
                  "",
                  "        fn expecting(&self, formatter: &mut fmt::Formatter) -> fmt::Result {",
                  "            formatter.write_str(\"unit variant\")",
                  "        }",
                  "    }",
                  "",
                  "    let deserializer = VariantDeserializer { value: None };",
                  "    let result = deserializer.tuple_variant(1, TestVisitor);",
                  "    assert!(result.is_err());",
                  "}"
                ]
              ],
              "can_compile": [
                {
                  "Ok": null
                }
              ],
              "repaired": [
                false
              ]
            }
          ]
        }
      ]
    },
    {
      "chain_id": 2,
      "prompt_conds": [
        "// constraint: self.value matches Some(Value::Array(v)) or Some(other) is true\n",
        "// constraint: self.value matches  is true\n",
        "// constraint: self.value matches Some(Value::Array(v)) is true\n",
        "// constraint: v.is_empty() is true\n"
      ],
      "input_infer": "",
      "answers": [
        {
          "uses": [],
          "has_test_mod": false,
          "common": [],
          "chain_tests": [
            {
              "attrs": [],
              "prefix": [],
              "oracles": [],
              "codes": [
                [
                  "{",
                  "    struct TestVisitor;",
                  "",
                  "    impl<'de> Visitor<'de> for TestVisitor {",
                  "        type Value = ();",
                  "        ",
                  "        fn visit_unit(self) -> Result<Self::Value, Error> {",
                  "            Ok(())",
                  "        }",
                  "",
                  "        // Other required methods should be dummy implementations",
                  "        forward_to_deserialize_any! {bool i8 i16 i32 i64 u8 u16 u32 u64 f32 f64 char str string bytes byte_buf option seq map enum identifier newtype_struct tuple tuple_struct struct unit_variant}",
                  "    }",
                  "",
                  "    let variant = VariantDeserializer {",
                  "        value: Some(Value::Array(vec![])),",
                  "    };",
                  "    ",
                  "    let result = variant.tuple_variant(0, TestVisitor);",
                  "    assert_eq!(result, Ok(()));",
                  "}"
                ]
              ],
              "can_compile": [
                {
                  "Err": "   Compiling proc-macro2 v1.0.95\n   Compiling serde v1.0.219\n   Compiling syn v1.0.109\n   Compiling libc v0.2.172\n   Compiling target-triple v0.1.4\n   Compiling serde_json v1.0.140\n   Compiling rustversion v1.0.20\n   Compiling ref-cast v1.0.24\n   Compiling serde_json v1.0.140 (/home/abezbm/rust-utgen-test-crates-new/json)\n   Compiling psm v0.1.26\n   Compiling stacker v0.1.21\n   Compiling quote v1.0.40\n   Compiling syn v2.0.101\n   Compiling serde_derive v1.0.219\n   Compiling ref-cast-impl v1.0.24\n   Compiling automod v1.0.15\n   Compiling ntest_test_cases v0.9.3\n   Compiling ntest_timeout v0.9.3\n   Compiling ntest v0.9.3\n   Compiling toml_datetime v0.6.9\n   Compiling serde_spanned v0.6.8\n   Compiling serde_stacker v0.1.12\n   Compiling serde_bytes v0.11.17\n   Compiling toml_edit v0.22.25\n   Compiling toml v0.8.21\n   Compiling trybuild v1.0.104\nerror: no rules expected the token `unit_variant`\n    --> src/value/de.rs:1518:9\n     |\n1518 | ...   forward_to_deserialize_any! {bool i8 i16 i32 i64 u8 u16 u32 u64 f32 f64 char str string bytes byte_buf option seq map enum identifier newtype_struct tuple tuple_struct struct unit_variant}\n     |       ^^^^^^^^^^^^^^^^^^^^^^^^^^^^^^^^^^^^^^^^^^^^^^^^^^^^^^^^^^^^^^^^^^^^^^^^^^^^^^^^^^^^^^^^^^^^^^^^^^^^^^^^^^^^^^^^^^^^^^^^^^^^^^^^^^^^^^^^^^^^^^^^^^^^^^^^^^^^^^^^^^^^^^^^^^^^^^^^^^^^^^^^^^^^ no rules expected this token in macro call\n     |\nnote: while trying to match `bool`\n    --> /home/abezbm/.cargo/registry/src/index.crates.io-6f17d22bba15001f/serde-1.0.219/src/macros.rs:141:6\n     |\n141  |     (bool<$l:tt, $v:ident>) => {\n     |      ^^^^\n     = note: this error originates in the macro `forward_to_deserialize_any` (in Nightly builds, run with -Z macro-backtrace for more info)\n\nerror[E0407]: method `deserialize_bool` is not a member of trait `Visitor`\n    --> src/value/de.rs:1518:9\n     |\n1518 | ...   forward_to_deserialize_any! {bool i8 i16 i32 i64 u8 u16 u32 u64 f32 f64 char str string bytes byte_buf option seq map enum identifier newtype_struct tuple tuple_struct struct unit_variant}\n     |       ^^^^^^^^^^^^^^^^^^^^^^^^^^^^^^^^^^^^^^^^^^^^^^^^^^^^^^^^^^^^^^^^^^^^^^^^^^^^^^^^^^^^^^^^^^^^^^^^^^^^^^^^^^^^^^^^^^^^^^^^^^^^^^^^^^^^^^^^^^^^^^^^^^^^^^^^^^^^^^^^^^^^^^^^^^^^^^^^^^^^^^^^^^^^ not a member of trait `Visitor`\n     |\n     = note: this error originates in the macro `forward_to_deserialize_any_method` which comes from the expansion of the macro `forward_to_deserialize_any` (in Nightly builds, run with -Z macro-backtrace for more info)\n\nerror[E0407]: method `deserialize_i8` is not a member of trait `Visitor`\n    --> src/value/de.rs:1518:9\n     |\n1518 | ...   forward_to_deserialize_any! {bool i8 i16 i32 i64 u8 u16 u32 u64 f32 f64 char str string bytes byte_buf option seq map enum identifier newtype_struct tuple tuple_struct struct unit_variant}\n     |       ^^^^^^^^^^^^^^^^^^^^^^^^^^^^^^^^^^^^^^^^^^^^^^^^^^^^^^^^^^^^^^^^^^^^^^^^^^^^^^^^^^^^^^^^^^^^^^^^^^^^^^^^^^^^^^^^^^^^^^^^^^^^^^^^^^^^^^^^^^^^^^^^^^^^^^^^^^^^^^^^^^^^^^^^^^^^^^^^^^^^^^^^^^^^ not a member of trait `Visitor`\n     |\n     = note: this error originates in the macro `forward_to_deserialize_any_method` which comes from the expansion of the macro `forward_to_deserialize_any` (in Nightly builds, run with -Z macro-backtrace for more info)\n\nerror[E0407]: method `deserialize_i16` is not a member of trait `Visitor`\n    --> src/value/de.rs:1518:9\n     |\n1518 | ...   forward_to_deserialize_any! {bool i8 i16 i32 i64 u8 u16 u32 u64 f32 f64 char str string bytes byte_buf option seq map enum identifier newtype_struct tuple tuple_struct struct unit_variant}\n     |       ^^^^^^^^^^^^^^^^^^^^^^^^^^^^^^^^^^^^^^^^^^^^^^^^^^^^^^^^^^^^^^^^^^^^^^^^^^^^^^^^^^^^^^^^^^^^^^^^^^^^^^^^^^^^^^^^^^^^^^^^^^^^^^^^^^^^^^^^^^^^^^^^^^^^^^^^^^^^^^^^^^^^^^^^^^^^^^^^^^^^^^^^^^^^ not a member of trait `Visitor`\n     |\n     = note: this error originates in the macro `forward_to_deserialize_any_method` which comes from the expansion of the macro `forward_to_deserialize_any` (in Nightly builds, run with -Z macro-backtrace for more info)\n\nerror[E0407]: method `deserialize_i32` is not a member of trait `Visitor`\n    --> src/value/de.rs:1518:9\n     |\n1518 | ...   forward_to_deserialize_any! {bool i8 i16 i32 i64 u8 u16 u32 u64 f32 f64 char str string bytes byte_buf option seq map enum identifier newtype_struct tuple tuple_struct struct unit_variant}\n     |       ^^^^^^^^^^^^^^^^^^^^^^^^^^^^^^^^^^^^^^^^^^^^^^^^^^^^^^^^^^^^^^^^^^^^^^^^^^^^^^^^^^^^^^^^^^^^^^^^^^^^^^^^^^^^^^^^^^^^^^^^^^^^^^^^^^^^^^^^^^^^^^^^^^^^^^^^^^^^^^^^^^^^^^^^^^^^^^^^^^^^^^^^^^^^ not a member of trait `Visitor`\n     |\n     = note: this error originates in the macro `forward_to_deserialize_any_method` which comes from the expansion of the macro `forward_to_deserialize_any` (in Nightly builds, run with -Z macro-backtrace for more info)\n\nerror[E0407]: method `deserialize_i64` is not a member of trait `Visitor`\n    --> src/value/de.rs:1518:9\n     |\n1518 | ...   forward_to_deserialize_any! {bool i8 i16 i32 i64 u8 u16 u32 u64 f32 f64 char str string bytes byte_buf option seq map enum identifier newtype_struct tuple tuple_struct struct unit_variant}\n     |       ^^^^^^^^^^^^^^^^^^^^^^^^^^^^^^^^^^^^^^^^^^^^^^^^^^^^^^^^^^^^^^^^^^^^^^^^^^^^^^^^^^^^^^^^^^^^^^^^^^^^^^^^^^^^^^^^^^^^^^^^^^^^^^^^^^^^^^^^^^^^^^^^^^^^^^^^^^^^^^^^^^^^^^^^^^^^^^^^^^^^^^^^^^^^ not a member of trait `Visitor`\n     |\n     = note: this error originates in the macro `forward_to_deserialize_any_method` which comes from the expansion of the macro `forward_to_deserialize_any` (in Nightly builds, run with -Z macro-backtrace for more info)\n\nerror[E0407]: method `deserialize_u8` is not a member of trait `Visitor`\n    --> src/value/de.rs:1518:9\n     |\n1518 | ...   forward_to_deserialize_any! {bool i8 i16 i32 i64 u8 u16 u32 u64 f32 f64 char str string bytes byte_buf option seq map enum identifier newtype_struct tuple tuple_struct struct unit_variant}\n     |       ^^^^^^^^^^^^^^^^^^^^^^^^^^^^^^^^^^^^^^^^^^^^^^^^^^^^^^^^^^^^^^^^^^^^^^^^^^^^^^^^^^^^^^^^^^^^^^^^^^^^^^^^^^^^^^^^^^^^^^^^^^^^^^^^^^^^^^^^^^^^^^^^^^^^^^^^^^^^^^^^^^^^^^^^^^^^^^^^^^^^^^^^^^^^ not a member of trait `Visitor`\n     |\n     = note: this error originates in the macro `forward_to_deserialize_any_method` which comes from the expansion of the macro `forward_to_deserialize_any` (in Nightly builds, run with -Z macro-backtrace for more info)\n\nerror[E0407]: method `deserialize_u16` is not a member of trait `Visitor`\n    --> src/value/de.rs:1518:9\n     |\n1518 | ...   forward_to_deserialize_any! {bool i8 i16 i32 i64 u8 u16 u32 u64 f32 f64 char str string bytes byte_buf option seq map enum identifier newtype_struct tuple tuple_struct struct unit_variant}\n     |       ^^^^^^^^^^^^^^^^^^^^^^^^^^^^^^^^^^^^^^^^^^^^^^^^^^^^^^^^^^^^^^^^^^^^^^^^^^^^^^^^^^^^^^^^^^^^^^^^^^^^^^^^^^^^^^^^^^^^^^^^^^^^^^^^^^^^^^^^^^^^^^^^^^^^^^^^^^^^^^^^^^^^^^^^^^^^^^^^^^^^^^^^^^^^ not a member of trait `Visitor`\n     |\n     = note: this error originates in the macro `forward_to_deserialize_any_method` which comes from the expansion of the macro `forward_to_deserialize_any` (in Nightly builds, run with -Z macro-backtrace for more info)\n\nerror[E0407]: method `deserialize_u32` is not a member of trait `Visitor`\n    --> src/value/de.rs:1518:9\n     |\n1518 | ...   forward_to_deserialize_any! {bool i8 i16 i32 i64 u8 u16 u32 u64 f32 f64 char str string bytes byte_buf option seq map enum identifier newtype_struct tuple tuple_struct struct unit_variant}\n     |       ^^^^^^^^^^^^^^^^^^^^^^^^^^^^^^^^^^^^^^^^^^^^^^^^^^^^^^^^^^^^^^^^^^^^^^^^^^^^^^^^^^^^^^^^^^^^^^^^^^^^^^^^^^^^^^^^^^^^^^^^^^^^^^^^^^^^^^^^^^^^^^^^^^^^^^^^^^^^^^^^^^^^^^^^^^^^^^^^^^^^^^^^^^^^ not a member of trait `Visitor`\n     |\n     = note: this error originates in the macro `forward_to_deserialize_any_method` which comes from the expansion of the macro `forward_to_deserialize_any` (in Nightly builds, run with -Z macro-backtrace for more info)\n\nerror[E0407]: method `deserialize_u64` is not a member of trait `Visitor`\n    --> src/value/de.rs:1518:9\n     |\n1518 | ...   forward_to_deserialize_any! {bool i8 i16 i32 i64 u8 u16 u32 u64 f32 f64 char str string bytes byte_buf option seq map enum identifier newtype_struct tuple tuple_struct struct unit_variant}\n     |       ^^^^^^^^^^^^^^^^^^^^^^^^^^^^^^^^^^^^^^^^^^^^^^^^^^^^^^^^^^^^^^^^^^^^^^^^^^^^^^^^^^^^^^^^^^^^^^^^^^^^^^^^^^^^^^^^^^^^^^^^^^^^^^^^^^^^^^^^^^^^^^^^^^^^^^^^^^^^^^^^^^^^^^^^^^^^^^^^^^^^^^^^^^^^ not a member of trait `Visitor`\n     |\n     = note: this error originates in the macro `forward_to_deserialize_any_method` which comes from the expansion of the macro `forward_to_deserialize_any` (in Nightly builds, run with -Z macro-backtrace for more info)\n\nerror[E0407]: method `deserialize_f32` is not a member of trait `Visitor`\n    --> src/value/de.rs:1518:9\n     |\n1518 | ...   forward_to_deserialize_any! {bool i8 i16 i32 i64 u8 u16 u32 u64 f32 f64 char str string bytes byte_buf option seq map enum identifier newtype_struct tuple tuple_struct struct unit_variant}\n     |       ^^^^^^^^^^^^^^^^^^^^^^^^^^^^^^^^^^^^^^^^^^^^^^^^^^^^^^^^^^^^^^^^^^^^^^^^^^^^^^^^^^^^^^^^^^^^^^^^^^^^^^^^^^^^^^^^^^^^^^^^^^^^^^^^^^^^^^^^^^^^^^^^^^^^^^^^^^^^^^^^^^^^^^^^^^^^^^^^^^^^^^^^^^^^ not a member of trait `Visitor`\n     |\n     = note: this error originates in the macro `forward_to_deserialize_any_method` which comes from the expansion of the macro `forward_to_deserialize_any` (in Nightly builds, run with -Z macro-backtrace for more info)\n\nerror[E0407]: method `deserialize_f64` is not a member of trait `Visitor`\n    --> src/value/de.rs:1518:9\n     |\n1518 | ...   forward_to_deserialize_any! {bool i8 i16 i32 i64 u8 u16 u32 u64 f32 f64 char str string bytes byte_buf option seq map enum identifier newtype_struct tuple tuple_struct struct unit_variant}\n     |       ^^^^^^^^^^^^^^^^^^^^^^^^^^^^^^^^^^^^^^^^^^^^^^^^^^^^^^^^^^^^^^^^^^^^^^^^^^^^^^^^^^^^^^^^^^^^^^^^^^^^^^^^^^^^^^^^^^^^^^^^^^^^^^^^^^^^^^^^^^^^^^^^^^^^^^^^^^^^^^^^^^^^^^^^^^^^^^^^^^^^^^^^^^^^ not a member of trait `Visitor`\n     |\n     = note: this error originates in the macro `forward_to_deserialize_any_method` which comes from the expansion of the macro `forward_to_deserialize_any` (in Nightly builds, run with -Z macro-backtrace for more info)\n\nerror[E0407]: method `deserialize_char` is not a member of trait `Visitor`\n    --> src/value/de.rs:1518:9\n     |\n1518 | ...   forward_to_deserialize_any! {bool i8 i16 i32 i64 u8 u16 u32 u64 f32 f64 char str string bytes byte_buf option seq map enum identifier newtype_struct tuple tuple_struct struct unit_variant}\n     |       ^^^^^^^^^^^^^^^^^^^^^^^^^^^^^^^^^^^^^^^^^^^^^^^^^^^^^^^^^^^^^^^^^^^^^^^^^^^^^^^^^^^^^^^^^^^^^^^^^^^^^^^^^^^^^^^^^^^^^^^^^^^^^^^^^^^^^^^^^^^^^^^^^^^^^^^^^^^^^^^^^^^^^^^^^^^^^^^^^^^^^^^^^^^^ not a member of trait `Visitor`\n     |\n     = note: this error originates in the macro `forward_to_deserialize_any_method` which comes from the expansion of the macro `forward_to_deserialize_any` (in Nightly builds, run with -Z macro-backtrace for more info)\n\nerror[E0407]: method `deserialize_str` is not a member of trait `Visitor`\n    --> src/value/de.rs:1518:9\n     |\n1518 | ...   forward_to_deserialize_any! {bool i8 i16 i32 i64 u8 u16 u32 u64 f32 f64 char str string bytes byte_buf option seq map enum identifier newtype_struct tuple tuple_struct struct unit_variant}\n     |       ^^^^^^^^^^^^^^^^^^^^^^^^^^^^^^^^^^^^^^^^^^^^^^^^^^^^^^^^^^^^^^^^^^^^^^^^^^^^^^^^^^^^^^^^^^^^^^^^^^^^^^^^^^^^^^^^^^^^^^^^^^^^^^^^^^^^^^^^^^^^^^^^^^^^^^^^^^^^^^^^^^^^^^^^^^^^^^^^^^^^^^^^^^^^ not a member of trait `Visitor`\n     |\n     = note: this error originates in the macro `forward_to_deserialize_any_method` which comes from the expansion of the macro `forward_to_deserialize_any` (in Nightly builds, run with -Z macro-backtrace for more info)\n\nerror[E0407]: method `deserialize_string` is not a member of trait `Visitor`\n    --> src/value/de.rs:1518:9\n     |\n1518 | ...   forward_to_deserialize_any! {bool i8 i16 i32 i64 u8 u16 u32 u64 f32 f64 char str string bytes byte_buf option seq map enum identifier newtype_struct tuple tuple_struct struct unit_variant}\n     |       ^^^^^^^^^^^^^^^^^^^^^^^^^^^^^^^^^^^^^^^^^^^^^^^^^^^^^^^^^^^^^^^^^^^^^^^^^^^^^^^^^^^^^^^^^^^^^^^^^^^^^^^^^^^^^^^^^^^^^^^^^^^^^^^^^^^^^^^^^^^^^^^^^^^^^^^^^^^^^^^^^^^^^^^^^^^^^^^^^^^^^^^^^^^^ not a member of trait `Visitor`\n     |\n     = note: this error originates in the macro `forward_to_deserialize_any_method` which comes from the expansion of the macro `forward_to_deserialize_any` (in Nightly builds, run with -Z macro-backtrace for more info)\n\nerror[E0407]: method `deserialize_bytes` is not a member of trait `Visitor`\n    --> src/value/de.rs:1518:9\n     |\n1518 | ...   forward_to_deserialize_any! {bool i8 i16 i32 i64 u8 u16 u32 u64 f32 f64 char str string bytes byte_buf option seq map enum identifier newtype_struct tuple tuple_struct struct unit_variant}\n     |       ^^^^^^^^^^^^^^^^^^^^^^^^^^^^^^^^^^^^^^^^^^^^^^^^^^^^^^^^^^^^^^^^^^^^^^^^^^^^^^^^^^^^^^^^^^^^^^^^^^^^^^^^^^^^^^^^^^^^^^^^^^^^^^^^^^^^^^^^^^^^^^^^^^^^^^^^^^^^^^^^^^^^^^^^^^^^^^^^^^^^^^^^^^^^ not a member of trait `Visitor`\n     |\n     = note: this error originates in the macro `forward_to_deserialize_any_method` which comes from the expansion of the macro `forward_to_deserialize_any` (in Nightly builds, run with -Z macro-backtrace for more info)\n\nerror[E0407]: method `deserialize_byte_buf` is not a member of trait `Visitor`\n    --> src/value/de.rs:1518:9\n     |\n1518 | ...   forward_to_deserialize_any! {bool i8 i16 i32 i64 u8 u16 u32 u64 f32 f64 char str string bytes byte_buf option seq map enum identifier newtype_struct tuple tuple_struct struct unit_variant}\n     |       ^^^^^^^^^^^^^^^^^^^^^^^^^^^^^^^^^^^^^^^^^^^^^^^^^^^^^^^^^^^^^^^^^^^^^^^^^^^^^^^^^^^^^^^^^^^^^^^^^^^^^^^^^^^^^^^^^^^^^^^^^^^^^^^^^^^^^^^^^^^^^^^^^^^^^^^^^^^^^^^^^^^^^^^^^^^^^^^^^^^^^^^^^^^^ not a member of trait `Visitor`\n     |\n     = note: this error originates in the macro `forward_to_deserialize_any_method` which comes from the expansion of the macro `forward_to_deserialize_any` (in Nightly builds, run with -Z macro-backtrace for more info)\n\nerror[E0407]: method `deserialize_option` is not a member of trait `Visitor`\n    --> src/value/de.rs:1518:9\n     |\n1518 | ...   forward_to_deserialize_any! {bool i8 i16 i32 i64 u8 u16 u32 u64 f32 f64 char str string bytes byte_buf option seq map enum identifier newtype_struct tuple tuple_struct struct unit_variant}\n     |       ^^^^^^^^^^^^^^^^^^^^^^^^^^^^^^^^^^^^^^^^^^^^^^^^^^^^^^^^^^^^^^^^^^^^^^^^^^^^^^^^^^^^^^^^^^^^^^^^^^^^^^^^^^^^^^^^^^^^^^^^^^^^^^^^^^^^^^^^^^^^^^^^^^^^^^^^^^^^^^^^^^^^^^^^^^^^^^^^^^^^^^^^^^^^ not a member of trait `Visitor`\n     |\n     = note: this error originates in the macro `forward_to_deserialize_any_method` which comes from the expansion of the macro `forward_to_deserialize_any` (in Nightly builds, run with -Z macro-backtrace for more info)\n\nerror[E0407]: method `deserialize_seq` is not a member of trait `Visitor`\n    --> src/value/de.rs:1518:9\n     |\n1518 | ...   forward_to_deserialize_any! {bool i8 i16 i32 i64 u8 u16 u32 u64 f32 f64 char str string bytes byte_buf option seq map enum identifier newtype_struct tuple tuple_struct struct unit_variant}\n     |       ^^^^^^^^^^^^^^^^^^^^^^^^^^^^^^^^^^^^^^^^^^^^^^^^^^^^^^^^^^^^^^^^^^^^^^^^^^^^^^^^^^^^^^^^^^^^^^^^^^^^^^^^^^^^^^^^^^^^^^^^^^^^^^^^^^^^^^^^^^^^^^^^^^^^^^^^^^^^^^^^^^^^^^^^^^^^^^^^^^^^^^^^^^^^ not a member of trait `Visitor`\n     |\n     = note: this error originates in the macro `forward_to_deserialize_any_method` which comes from the expansion of the macro `forward_to_deserialize_any` (in Nightly builds, run with -Z macro-backtrace for more info)\n\nerror[E0407]: method `deserialize_map` is not a member of trait `Visitor`\n    --> src/value/de.rs:1518:9\n     |\n1518 | ...   forward_to_deserialize_any! {bool i8 i16 i32 i64 u8 u16 u32 u64 f32 f64 char str string bytes byte_buf option seq map enum identifier newtype_struct tuple tuple_struct struct unit_variant}\n     |       ^^^^^^^^^^^^^^^^^^^^^^^^^^^^^^^^^^^^^^^^^^^^^^^^^^^^^^^^^^^^^^^^^^^^^^^^^^^^^^^^^^^^^^^^^^^^^^^^^^^^^^^^^^^^^^^^^^^^^^^^^^^^^^^^^^^^^^^^^^^^^^^^^^^^^^^^^^^^^^^^^^^^^^^^^^^^^^^^^^^^^^^^^^^^ not a member of trait `Visitor`\n     |\n     = note: this error originates in the macro `forward_to_deserialize_any_method` which comes from the expansion of the macro `forward_to_deserialize_any` (in Nightly builds, run with -Z macro-backtrace for more info)\n\nerror[E0407]: method `deserialize_enum` is not a member of trait `Visitor`\n    --> src/value/de.rs:1518:9\n     |\n1518 | ...   forward_to_deserialize_any! {bool i8 i16 i32 i64 u8 u16 u32 u64 f32 f64 char str string bytes byte_buf option seq map enum identifier newtype_struct tuple tuple_struct struct unit_variant}\n     |       ^^^^^^^^^^^^^^^^^^^^^^^^^^^^^^^^^^^^^^^^^^^^^^^^^^^^^^^^^^^^^^^^^^^^^^^^^^^^^^^^^^^^^^^^^^^^^^^^^^^^^^^^^^^^^^^^^^^^^^^^^^^^^^^^^^^^^^^^^^^^^^^^^^^^^^^^^^^^^^^^^^^^^^^^^^^^^^^^^^^^^^^^^^^^ not a member of trait `Visitor`\n     |\n     = note: this error originates in the macro `forward_to_deserialize_any_method` which comes from the expansion of the macro `forward_to_deserialize_any` (in Nightly builds, run with -Z macro-backtrace for more info)\n\nerror[E0407]: method `deserialize_identifier` is not a member of trait `Visitor`\n    --> src/value/de.rs:1518:9\n     |\n1518 | ...   forward_to_deserialize_any! {bool i8 i16 i32 i64 u8 u16 u32 u64 f32 f64 char str string bytes byte_buf option seq map enum identifier newtype_struct tuple tuple_struct struct unit_variant}\n     |       ^^^^^^^^^^^^^^^^^^^^^^^^^^^^^^^^^^^^^^^^^^^^^^^^^^^^^^^^^^^^^^^^^^^^^^^^^^^^^^^^^^^^^^^^^^^^^^^^^^^^^^^^^^^^^^^^^^^^^^^^^^^^^^^^^^^^^^^^^^^^^^^^^^^^^^^^^^^^^^^^^^^^^^^^^^^^^^^^^^^^^^^^^^^^ not a member of trait `Visitor`\n     |\n     = note: this error originates in the macro `forward_to_deserialize_any_method` which comes from the expansion of the macro `forward_to_deserialize_any` (in Nightly builds, run with -Z macro-backtrace for more info)\n\nerror[E0407]: method `deserialize_newtype_struct` is not a member of trait `Visitor`\n    --> src/value/de.rs:1518:9\n     |\n1518 | ...   forward_to_deserialize_any! {bool i8 i16 i32 i64 u8 u16 u32 u64 f32 f64 char str string bytes byte_buf option seq map enum identifier newtype_struct tuple tuple_struct struct unit_variant}\n     |       ^^^^^^^^^^^^^^^^^^^^^^^^^^^^^^^^^^^^^^^^^^^^^^^^^^^^^^^^^^^^^^^^^^^^^^^^^^^^^^^^^^^^^^^^^^^^^^^^^^^^^^^^^^^^^^^^^^^^^^^^^^^^^^^^^^^^^^^^^^^^^^^^^^^^^^^^^^^^^^^^^^^^^^^^^^^^^^^^^^^^^^^^^^^^ not a member of trait `Visitor`\n     |\n     = note: this error originates in the macro `forward_to_deserialize_any_method` which comes from the expansion of the macro `forward_to_deserialize_any` (in Nightly builds, run with -Z macro-backtrace for more info)\n\nerror[E0407]: method `deserialize_tuple` is not a member of trait `Visitor`\n    --> src/value/de.rs:1518:9\n     |\n1518 | ...   forward_to_deserialize_any! {bool i8 i16 i32 i64 u8 u16 u32 u64 f32 f64 char str string bytes byte_buf option seq map enum identifier newtype_struct tuple tuple_struct struct unit_variant}\n     |       ^^^^^^^^^^^^^^^^^^^^^^^^^^^^^^^^^^^^^^^^^^^^^^^^^^^^^^^^^^^^^^^^^^^^^^^^^^^^^^^^^^^^^^^^^^^^^^^^^^^^^^^^^^^^^^^^^^^^^^^^^^^^^^^^^^^^^^^^^^^^^^^^^^^^^^^^^^^^^^^^^^^^^^^^^^^^^^^^^^^^^^^^^^^^ not a member of trait `Visitor`\n     |\n     = note: this error originates in the macro `forward_to_deserialize_any_method` which comes from the expansion of the macro `forward_to_deserialize_any` (in Nightly builds, run with -Z macro-backtrace for more info)\n\nerror[E0407]: method `deserialize_tuple_struct` is not a member of trait `Visitor`\n    --> src/value/de.rs:1518:9\n     |\n1518 | ...   forward_to_deserialize_any! {bool i8 i16 i32 i64 u8 u16 u32 u64 f32 f64 char str string bytes byte_buf option seq map enum identifier newtype_struct tuple tuple_struct struct unit_variant}\n     |       ^^^^^^^^^^^^^^^^^^^^^^^^^^^^^^^^^^^^^^^^^^^^^^^^^^^^^^^^^^^^^^^^^^^^^^^^^^^^^^^^^^^^^^^^^^^^^^^^^^^^^^^^^^^^^^^^^^^^^^^^^^^^^^^^^^^^^^^^^^^^^^^^^^^^^^^^^^^^^^^^^^^^^^^^^^^^^^^^^^^^^^^^^^^^ not a member of trait `Visitor`\n     |\n     = note: this error originates in the macro `forward_to_deserialize_any_method` which comes from the expansion of the macro `forward_to_deserialize_any` (in Nightly builds, run with -Z macro-backtrace for more info)\n\nerror[E0407]: method `deserialize_struct` is not a member of trait `Visitor`\n    --> src/value/de.rs:1518:9\n     |\n1518 | ...   forward_to_deserialize_any! {bool i8 i16 i32 i64 u8 u16 u32 u64 f32 f64 char str string bytes byte_buf option seq map enum identifier newtype_struct tuple tuple_struct struct unit_variant}\n     |       ^^^^^^^^^^^^^^^^^^^^^^^^^^^^^^^^^^^^^^^^^^^^^^^^^^^^^^^^^^^^^^^^^^^^^^^^^^^^^^^^^^^^^^^^^^^^^^^^^^^^^^^^^^^^^^^^^^^^^^^^^^^^^^^^^^^^^^^^^^^^^^^^^^^^^^^^^^^^^^^^^^^^^^^^^^^^^^^^^^^^^^^^^^^^ not a member of trait `Visitor`\n     |\n     = note: this error originates in the macro `forward_to_deserialize_any_method` which comes from the expansion of the macro `forward_to_deserialize_any` (in Nightly builds, run with -Z macro-backtrace for more info)\n\nwarning: unused import: `ntest::timeout`\n    --> src/value/de.rs:1504:8\n     |\n1504 |    use ntest::timeout;\n     |        ^^^^^^^^^^^^^^\n     |\n     = note: `#[warn(unused_imports)]` on by default\n\nerror[E0049]: method `visit_unit` has 0 type parameters but its trait declaration has 1 type parameter\n    --> src/value/de.rs:1513:22\n     |\n1513 |           fn visit_unit(self) -> Result<Self::Value, Error> {\n     |                        ^ found 0 type parameters\n     |\n    ::: /home/abezbm/.cargo/registry/src/index.crates.io-6f17d22bba15001f/serde-1.0.219/src/de/mod.rs:1625:5\n     |\n1625 | /     fn visit_unit<E>(self) -> Result<Self::Value, E>\n1626 | |     where\n1627 | |         E: Error,\n     | |_________________- expected 1 type parameter\n\nerror[E0046]: not all trait items implemented, missing: `expecting`\n    --> src/value/de.rs:1510:5\n     |\n1510 |     impl<'de> Visitor<'de> for TestVisitor {\n     |     ^^^^^^^^^^^^^^^^^^^^^^^^^^^^^^^^^^^^^^ missing `expecting` in implementation\n     |\n     = help: implement the missing item: `fn expecting(&self, _: &mut std::fmt::Formatter<'_>) -> std::result::Result<(), std::fmt::Error> { todo!() }`\n\nerror[E0277]: the trait bound `TestVisitor: serde::Deserializer<'de>` is not satisfied\n    --> src/value/de.rs:1518:9\n     |\n1518 | ...   forward_to_deserialize_any! {bool i8 i16 i32 i64 u8 u16 u32 u64 f32 f64 char str string bytes byte_buf option seq map enum identifier newtype_struct tuple tuple_struct struct unit_variant}\n     |       ^^^^^^^^^^^^^^^^^^^^^^^^^^^^^^^^^^^^^^^^^^^^^^^^^^^^^^^^^^^^^^^^^^^^^^^^^^^^^^^^^^^^^^^^^^^^^^^^^^^^^^^^^^^^^^^^^^^^^^^^^^^^^^^^^^^^^^^^^^^^^^^^^^^^^^^^^^^^^^^^^^^^^^^^^^^^^^^^^^^^^^^^^^^^ the trait `serde::Deserializer<'de>` is not implemented for `TestVisitor`\n     |\n     = help: the following other types implement trait `serde::Deserializer<'de>`:\n               &'de map::Map<std::string::String, value::Value>\n               &'de value::Value\n               &mut de::Deserializer<R>\n               &number::Number\n               BoolDeserializer<E>\n               BorrowedBytesDeserializer<'de, E>\n               BorrowedCowStrDeserializer<'de>\n               BytesDeserializer<'a, E>\n             and 34 others\n     = note: this error originates in the macro `forward_to_deserialize_any_method` which comes from the expansion of the macro `forward_to_deserialize_any` (in Nightly builds, run with -Z macro-backtrace for more info)\n\nerror[E0369]: binary operation `==` cannot be applied to type `std::result::Result<(), error::Error>`\n    --> src/value/de.rs:1526:5\n     |\n1526 |     assert_eq!(result, Ok(()));\n     |     ^^^^^^^^^^^^^^^^^^^^^^^^^^\n     |     |\n     |     std::result::Result<(), error::Error>\n     |     std::result::Result<(), error::Error>\n     |\nnote: an implementation of `PartialEq` might be missing for `error::Error`\n    --> src/error.rs:17:1\n     |\n17   | pub struct Error {\n     | ^^^^^^^^^^^^^^^^ must implement `PartialEq`\n     = note: this error originates in the macro `assert_eq` (in Nightly builds, run with -Z macro-backtrace for more info)\nhelp: consider annotating `error::Error` with `#[derive(PartialEq)]`\n    -->  src/error.rs:17:1\n     |\n17   + #[derive(PartialEq)]\n18   | pub struct Error {\n     |\n\nerror[E0599]: no method named `deserialize_any` found for struct `TestVisitor` in the current scope\n    --> src/value/de.rs:1518:9\n     |\n1508 |     struct TestVisitor;\n     |     ------------------ method `deserialize_any` not found for this struct\n...\n1518 |         forward_to_deserialize_any! {bool i8 i16 i32 i64 u8 u16 u32 u64 f32 f64 char str string bytes byte_buf option seq map enum identifier newtype_struct tuple tuple_struct struct unit_variant}\n     |         ^^^^^^^^^^^^^^^^^^^^^^^^^^^^^^^^^^^^^^^^^^^^^^^^^^^^^^^^^^^^^^^^^^^^^^^^^^^^^^^^^^^^^^^^^^^^^^^^^^^^^^^^^^^^^^^^^^^^^^^^^^^^^^^^^^^^^^^^^^^^^^^^^^^^^^^^^^^^^^^^^^^^^^^^^^^^^^^^^^^^^^^^^^^^ method not found in `TestVisitor`\n     |\n     = help: items from traits can only be used if the trait is implemented and in scope\n     = note: the following trait defines an item `deserialize_any`, perhaps you need to implement it:\n             candidate #1: `serde::Deserializer`\n     = note: this error originates in the macro `forward_to_deserialize_any_method` which comes from the expansion of the macro `forward_to_deserialize_any` (in Nightly builds, run with -Z macro-backtrace for more info)\n\nSome errors have detailed explanations: E0046, E0049, E0277, E0369, E0407, E0599.\nFor more information about an error, try `rustc --explain E0046`.\nwarning: `serde_json` (lib test) generated 1 warning\nerror: could not compile `serde_json` (lib test) due to 104 previous errors; 1 warning emitted\n"
                }
              ],
              "repaired": [
                false
              ]
            },
            {
              "attrs": [],
              "prefix": [],
              "oracles": [],
              "codes": [
                [
                  "{",
                  "    struct TestVisitor;",
                  "",
                  "    impl<'de> Visitor<'de> for TestVisitor {",
                  "        type Value = Vec<()>;",
                  "",
                  "        fn visit_seq<V>(self, _visitor: V) -> Result<Self::Value, Error>",
                  "        where",
                  "            V: SeqAccess<'de>,",
                  "        {",
                  "            Ok(vec![()])",
                  "        }",
                  "        ",
                  "        // Other required methods should be dummy implementations",
                  "        forward_to_deserialize_any! {bool i8 i16 i32 i64 u8 u16 u32 u64 f32 f64 char str string bytes byte_buf option map enum identifier newtype_struct tuple tuple_struct struct unit_variant}",
                  "    }",
                  "",
                  "    let variant = VariantDeserializer {",
                  "        value: Some(Value::Array(vec![Value::Null])),",
                  "    };",
                  "    ",
                  "    let result = variant.tuple_variant(1, TestVisitor);",
                  "    assert_eq!(result, Ok(vec![()]));",
                  "}"
                ]
              ],
              "can_compile": [
                {
                  "Err": "   Compiling proc-macro2 v1.0.95\n   Compiling serde v1.0.219\n   Compiling syn v1.0.109\n   Compiling libc v0.2.172\n   Compiling target-triple v0.1.4\n   Compiling serde_json v1.0.140\n   Compiling rustversion v1.0.20\n   Compiling ref-cast v1.0.24\n   Compiling serde_json v1.0.140 (/home/abezbm/rust-utgen-test-crates-new/json)\n   Compiling psm v0.1.26\n   Compiling stacker v0.1.21\n   Compiling quote v1.0.40\n   Compiling syn v2.0.101\n   Compiling serde_derive v1.0.219\n   Compiling ref-cast-impl v1.0.24\n   Compiling automod v1.0.15\n   Compiling ntest_timeout v0.9.3\n   Compiling ntest_test_cases v0.9.3\n   Compiling ntest v0.9.3\n   Compiling toml_datetime v0.6.9\n   Compiling serde_spanned v0.6.8\n   Compiling serde_bytes v0.11.17\n   Compiling serde_stacker v0.1.12\n   Compiling toml_edit v0.22.25\n   Compiling toml v0.8.21\n   Compiling trybuild v1.0.104\nerror: no rules expected the token `unit_variant`\n    --> src/value/de.rs:1521:9\n     |\n1521 | ...   forward_to_deserialize_any! {bool i8 i16 i32 i64 u8 u16 u32 u64 f32 f64 char str string bytes byte_buf option map enum identifier newtype_struct tuple tuple_struct struct unit_variant}\n     |       ^^^^^^^^^^^^^^^^^^^^^^^^^^^^^^^^^^^^^^^^^^^^^^^^^^^^^^^^^^^^^^^^^^^^^^^^^^^^^^^^^^^^^^^^^^^^^^^^^^^^^^^^^^^^^^^^^^^^^^^^^^^^^^^^^^^^^^^^^^^^^^^^^^^^^^^^^^^^^^^^^^^^^^^^^^^^^^^^^^^^^^^^ no rules expected this token in macro call\n     |\nnote: while trying to match `bool`\n    --> /home/abezbm/.cargo/registry/src/index.crates.io-6f17d22bba15001f/serde-1.0.219/src/macros.rs:141:6\n     |\n141  |     (bool<$l:tt, $v:ident>) => {\n     |      ^^^^\n     = note: this error originates in the macro `forward_to_deserialize_any` (in Nightly builds, run with -Z macro-backtrace for more info)\n\nerror[E0407]: method `deserialize_bool` is not a member of trait `Visitor`\n    --> src/value/de.rs:1521:9\n     |\n1521 | ...   forward_to_deserialize_any! {bool i8 i16 i32 i64 u8 u16 u32 u64 f32 f64 char str string bytes byte_buf option map enum identifier newtype_struct tuple tuple_struct struct unit_variant}\n     |       ^^^^^^^^^^^^^^^^^^^^^^^^^^^^^^^^^^^^^^^^^^^^^^^^^^^^^^^^^^^^^^^^^^^^^^^^^^^^^^^^^^^^^^^^^^^^^^^^^^^^^^^^^^^^^^^^^^^^^^^^^^^^^^^^^^^^^^^^^^^^^^^^^^^^^^^^^^^^^^^^^^^^^^^^^^^^^^^^^^^^^^^^ not a member of trait `Visitor`\n     |\n     = note: this error originates in the macro `forward_to_deserialize_any_method` which comes from the expansion of the macro `forward_to_deserialize_any` (in Nightly builds, run with -Z macro-backtrace for more info)\n\nerror[E0407]: method `deserialize_i8` is not a member of trait `Visitor`\n    --> src/value/de.rs:1521:9\n     |\n1521 | ...   forward_to_deserialize_any! {bool i8 i16 i32 i64 u8 u16 u32 u64 f32 f64 char str string bytes byte_buf option map enum identifier newtype_struct tuple tuple_struct struct unit_variant}\n     |       ^^^^^^^^^^^^^^^^^^^^^^^^^^^^^^^^^^^^^^^^^^^^^^^^^^^^^^^^^^^^^^^^^^^^^^^^^^^^^^^^^^^^^^^^^^^^^^^^^^^^^^^^^^^^^^^^^^^^^^^^^^^^^^^^^^^^^^^^^^^^^^^^^^^^^^^^^^^^^^^^^^^^^^^^^^^^^^^^^^^^^^^^ not a member of trait `Visitor`\n     |\n     = note: this error originates in the macro `forward_to_deserialize_any_method` which comes from the expansion of the macro `forward_to_deserialize_any` (in Nightly builds, run with -Z macro-backtrace for more info)\n\nerror[E0407]: method `deserialize_i16` is not a member of trait `Visitor`\n    --> src/value/de.rs:1521:9\n     |\n1521 | ...   forward_to_deserialize_any! {bool i8 i16 i32 i64 u8 u16 u32 u64 f32 f64 char str string bytes byte_buf option map enum identifier newtype_struct tuple tuple_struct struct unit_variant}\n     |       ^^^^^^^^^^^^^^^^^^^^^^^^^^^^^^^^^^^^^^^^^^^^^^^^^^^^^^^^^^^^^^^^^^^^^^^^^^^^^^^^^^^^^^^^^^^^^^^^^^^^^^^^^^^^^^^^^^^^^^^^^^^^^^^^^^^^^^^^^^^^^^^^^^^^^^^^^^^^^^^^^^^^^^^^^^^^^^^^^^^^^^^^ not a member of trait `Visitor`\n     |\n     = note: this error originates in the macro `forward_to_deserialize_any_method` which comes from the expansion of the macro `forward_to_deserialize_any` (in Nightly builds, run with -Z macro-backtrace for more info)\n\nerror[E0407]: method `deserialize_i32` is not a member of trait `Visitor`\n    --> src/value/de.rs:1521:9\n     |\n1521 | ...   forward_to_deserialize_any! {bool i8 i16 i32 i64 u8 u16 u32 u64 f32 f64 char str string bytes byte_buf option map enum identifier newtype_struct tuple tuple_struct struct unit_variant}\n     |       ^^^^^^^^^^^^^^^^^^^^^^^^^^^^^^^^^^^^^^^^^^^^^^^^^^^^^^^^^^^^^^^^^^^^^^^^^^^^^^^^^^^^^^^^^^^^^^^^^^^^^^^^^^^^^^^^^^^^^^^^^^^^^^^^^^^^^^^^^^^^^^^^^^^^^^^^^^^^^^^^^^^^^^^^^^^^^^^^^^^^^^^^ not a member of trait `Visitor`\n     |\n     = note: this error originates in the macro `forward_to_deserialize_any_method` which comes from the expansion of the macro `forward_to_deserialize_any` (in Nightly builds, run with -Z macro-backtrace for more info)\n\nerror[E0407]: method `deserialize_i64` is not a member of trait `Visitor`\n    --> src/value/de.rs:1521:9\n     |\n1521 | ...   forward_to_deserialize_any! {bool i8 i16 i32 i64 u8 u16 u32 u64 f32 f64 char str string bytes byte_buf option map enum identifier newtype_struct tuple tuple_struct struct unit_variant}\n     |       ^^^^^^^^^^^^^^^^^^^^^^^^^^^^^^^^^^^^^^^^^^^^^^^^^^^^^^^^^^^^^^^^^^^^^^^^^^^^^^^^^^^^^^^^^^^^^^^^^^^^^^^^^^^^^^^^^^^^^^^^^^^^^^^^^^^^^^^^^^^^^^^^^^^^^^^^^^^^^^^^^^^^^^^^^^^^^^^^^^^^^^^^ not a member of trait `Visitor`\n     |\n     = note: this error originates in the macro `forward_to_deserialize_any_method` which comes from the expansion of the macro `forward_to_deserialize_any` (in Nightly builds, run with -Z macro-backtrace for more info)\n\nerror[E0407]: method `deserialize_u8` is not a member of trait `Visitor`\n    --> src/value/de.rs:1521:9\n     |\n1521 | ...   forward_to_deserialize_any! {bool i8 i16 i32 i64 u8 u16 u32 u64 f32 f64 char str string bytes byte_buf option map enum identifier newtype_struct tuple tuple_struct struct unit_variant}\n     |       ^^^^^^^^^^^^^^^^^^^^^^^^^^^^^^^^^^^^^^^^^^^^^^^^^^^^^^^^^^^^^^^^^^^^^^^^^^^^^^^^^^^^^^^^^^^^^^^^^^^^^^^^^^^^^^^^^^^^^^^^^^^^^^^^^^^^^^^^^^^^^^^^^^^^^^^^^^^^^^^^^^^^^^^^^^^^^^^^^^^^^^^^ not a member of trait `Visitor`\n     |\n     = note: this error originates in the macro `forward_to_deserialize_any_method` which comes from the expansion of the macro `forward_to_deserialize_any` (in Nightly builds, run with -Z macro-backtrace for more info)\n\nerror[E0407]: method `deserialize_u16` is not a member of trait `Visitor`\n    --> src/value/de.rs:1521:9\n     |\n1521 | ...   forward_to_deserialize_any! {bool i8 i16 i32 i64 u8 u16 u32 u64 f32 f64 char str string bytes byte_buf option map enum identifier newtype_struct tuple tuple_struct struct unit_variant}\n     |       ^^^^^^^^^^^^^^^^^^^^^^^^^^^^^^^^^^^^^^^^^^^^^^^^^^^^^^^^^^^^^^^^^^^^^^^^^^^^^^^^^^^^^^^^^^^^^^^^^^^^^^^^^^^^^^^^^^^^^^^^^^^^^^^^^^^^^^^^^^^^^^^^^^^^^^^^^^^^^^^^^^^^^^^^^^^^^^^^^^^^^^^^ not a member of trait `Visitor`\n     |\n     = note: this error originates in the macro `forward_to_deserialize_any_method` which comes from the expansion of the macro `forward_to_deserialize_any` (in Nightly builds, run with -Z macro-backtrace for more info)\n\nerror[E0407]: method `deserialize_u32` is not a member of trait `Visitor`\n    --> src/value/de.rs:1521:9\n     |\n1521 | ...   forward_to_deserialize_any! {bool i8 i16 i32 i64 u8 u16 u32 u64 f32 f64 char str string bytes byte_buf option map enum identifier newtype_struct tuple tuple_struct struct unit_variant}\n     |       ^^^^^^^^^^^^^^^^^^^^^^^^^^^^^^^^^^^^^^^^^^^^^^^^^^^^^^^^^^^^^^^^^^^^^^^^^^^^^^^^^^^^^^^^^^^^^^^^^^^^^^^^^^^^^^^^^^^^^^^^^^^^^^^^^^^^^^^^^^^^^^^^^^^^^^^^^^^^^^^^^^^^^^^^^^^^^^^^^^^^^^^^ not a member of trait `Visitor`\n     |\n     = note: this error originates in the macro `forward_to_deserialize_any_method` which comes from the expansion of the macro `forward_to_deserialize_any` (in Nightly builds, run with -Z macro-backtrace for more info)\n\nerror[E0407]: method `deserialize_u64` is not a member of trait `Visitor`\n    --> src/value/de.rs:1521:9\n     |\n1521 | ...   forward_to_deserialize_any! {bool i8 i16 i32 i64 u8 u16 u32 u64 f32 f64 char str string bytes byte_buf option map enum identifier newtype_struct tuple tuple_struct struct unit_variant}\n     |       ^^^^^^^^^^^^^^^^^^^^^^^^^^^^^^^^^^^^^^^^^^^^^^^^^^^^^^^^^^^^^^^^^^^^^^^^^^^^^^^^^^^^^^^^^^^^^^^^^^^^^^^^^^^^^^^^^^^^^^^^^^^^^^^^^^^^^^^^^^^^^^^^^^^^^^^^^^^^^^^^^^^^^^^^^^^^^^^^^^^^^^^^ not a member of trait `Visitor`\n     |\n     = note: this error originates in the macro `forward_to_deserialize_any_method` which comes from the expansion of the macro `forward_to_deserialize_any` (in Nightly builds, run with -Z macro-backtrace for more info)\n\nerror[E0407]: method `deserialize_f32` is not a member of trait `Visitor`\n    --> src/value/de.rs:1521:9\n     |\n1521 | ...   forward_to_deserialize_any! {bool i8 i16 i32 i64 u8 u16 u32 u64 f32 f64 char str string bytes byte_buf option map enum identifier newtype_struct tuple tuple_struct struct unit_variant}\n     |       ^^^^^^^^^^^^^^^^^^^^^^^^^^^^^^^^^^^^^^^^^^^^^^^^^^^^^^^^^^^^^^^^^^^^^^^^^^^^^^^^^^^^^^^^^^^^^^^^^^^^^^^^^^^^^^^^^^^^^^^^^^^^^^^^^^^^^^^^^^^^^^^^^^^^^^^^^^^^^^^^^^^^^^^^^^^^^^^^^^^^^^^^ not a member of trait `Visitor`\n     |\n     = note: this error originates in the macro `forward_to_deserialize_any_method` which comes from the expansion of the macro `forward_to_deserialize_any` (in Nightly builds, run with -Z macro-backtrace for more info)\n\nerror[E0407]: method `deserialize_f64` is not a member of trait `Visitor`\n    --> src/value/de.rs:1521:9\n     |\n1521 | ...   forward_to_deserialize_any! {bool i8 i16 i32 i64 u8 u16 u32 u64 f32 f64 char str string bytes byte_buf option map enum identifier newtype_struct tuple tuple_struct struct unit_variant}\n     |       ^^^^^^^^^^^^^^^^^^^^^^^^^^^^^^^^^^^^^^^^^^^^^^^^^^^^^^^^^^^^^^^^^^^^^^^^^^^^^^^^^^^^^^^^^^^^^^^^^^^^^^^^^^^^^^^^^^^^^^^^^^^^^^^^^^^^^^^^^^^^^^^^^^^^^^^^^^^^^^^^^^^^^^^^^^^^^^^^^^^^^^^^ not a member of trait `Visitor`\n     |\n     = note: this error originates in the macro `forward_to_deserialize_any_method` which comes from the expansion of the macro `forward_to_deserialize_any` (in Nightly builds, run with -Z macro-backtrace for more info)\n\nerror[E0407]: method `deserialize_char` is not a member of trait `Visitor`\n    --> src/value/de.rs:1521:9\n     |\n1521 | ...   forward_to_deserialize_any! {bool i8 i16 i32 i64 u8 u16 u32 u64 f32 f64 char str string bytes byte_buf option map enum identifier newtype_struct tuple tuple_struct struct unit_variant}\n     |       ^^^^^^^^^^^^^^^^^^^^^^^^^^^^^^^^^^^^^^^^^^^^^^^^^^^^^^^^^^^^^^^^^^^^^^^^^^^^^^^^^^^^^^^^^^^^^^^^^^^^^^^^^^^^^^^^^^^^^^^^^^^^^^^^^^^^^^^^^^^^^^^^^^^^^^^^^^^^^^^^^^^^^^^^^^^^^^^^^^^^^^^^ not a member of trait `Visitor`\n     |\n     = note: this error originates in the macro `forward_to_deserialize_any_method` which comes from the expansion of the macro `forward_to_deserialize_any` (in Nightly builds, run with -Z macro-backtrace for more info)\n\nerror[E0407]: method `deserialize_str` is not a member of trait `Visitor`\n    --> src/value/de.rs:1521:9\n     |\n1521 | ...   forward_to_deserialize_any! {bool i8 i16 i32 i64 u8 u16 u32 u64 f32 f64 char str string bytes byte_buf option map enum identifier newtype_struct tuple tuple_struct struct unit_variant}\n     |       ^^^^^^^^^^^^^^^^^^^^^^^^^^^^^^^^^^^^^^^^^^^^^^^^^^^^^^^^^^^^^^^^^^^^^^^^^^^^^^^^^^^^^^^^^^^^^^^^^^^^^^^^^^^^^^^^^^^^^^^^^^^^^^^^^^^^^^^^^^^^^^^^^^^^^^^^^^^^^^^^^^^^^^^^^^^^^^^^^^^^^^^^ not a member of trait `Visitor`\n     |\n     = note: this error originates in the macro `forward_to_deserialize_any_method` which comes from the expansion of the macro `forward_to_deserialize_any` (in Nightly builds, run with -Z macro-backtrace for more info)\n\nerror[E0407]: method `deserialize_string` is not a member of trait `Visitor`\n    --> src/value/de.rs:1521:9\n     |\n1521 | ...   forward_to_deserialize_any! {bool i8 i16 i32 i64 u8 u16 u32 u64 f32 f64 char str string bytes byte_buf option map enum identifier newtype_struct tuple tuple_struct struct unit_variant}\n     |       ^^^^^^^^^^^^^^^^^^^^^^^^^^^^^^^^^^^^^^^^^^^^^^^^^^^^^^^^^^^^^^^^^^^^^^^^^^^^^^^^^^^^^^^^^^^^^^^^^^^^^^^^^^^^^^^^^^^^^^^^^^^^^^^^^^^^^^^^^^^^^^^^^^^^^^^^^^^^^^^^^^^^^^^^^^^^^^^^^^^^^^^^ not a member of trait `Visitor`\n     |\n     = note: this error originates in the macro `forward_to_deserialize_any_method` which comes from the expansion of the macro `forward_to_deserialize_any` (in Nightly builds, run with -Z macro-backtrace for more info)\n\nerror[E0407]: method `deserialize_bytes` is not a member of trait `Visitor`\n    --> src/value/de.rs:1521:9\n     |\n1521 | ...   forward_to_deserialize_any! {bool i8 i16 i32 i64 u8 u16 u32 u64 f32 f64 char str string bytes byte_buf option map enum identifier newtype_struct tuple tuple_struct struct unit_variant}\n     |       ^^^^^^^^^^^^^^^^^^^^^^^^^^^^^^^^^^^^^^^^^^^^^^^^^^^^^^^^^^^^^^^^^^^^^^^^^^^^^^^^^^^^^^^^^^^^^^^^^^^^^^^^^^^^^^^^^^^^^^^^^^^^^^^^^^^^^^^^^^^^^^^^^^^^^^^^^^^^^^^^^^^^^^^^^^^^^^^^^^^^^^^^ not a member of trait `Visitor`\n     |\n     = note: this error originates in the macro `forward_to_deserialize_any_method` which comes from the expansion of the macro `forward_to_deserialize_any` (in Nightly builds, run with -Z macro-backtrace for more info)\n\nerror[E0407]: method `deserialize_byte_buf` is not a member of trait `Visitor`\n    --> src/value/de.rs:1521:9\n     |\n1521 | ...   forward_to_deserialize_any! {bool i8 i16 i32 i64 u8 u16 u32 u64 f32 f64 char str string bytes byte_buf option map enum identifier newtype_struct tuple tuple_struct struct unit_variant}\n     |       ^^^^^^^^^^^^^^^^^^^^^^^^^^^^^^^^^^^^^^^^^^^^^^^^^^^^^^^^^^^^^^^^^^^^^^^^^^^^^^^^^^^^^^^^^^^^^^^^^^^^^^^^^^^^^^^^^^^^^^^^^^^^^^^^^^^^^^^^^^^^^^^^^^^^^^^^^^^^^^^^^^^^^^^^^^^^^^^^^^^^^^^^ not a member of trait `Visitor`\n     |\n     = note: this error originates in the macro `forward_to_deserialize_any_method` which comes from the expansion of the macro `forward_to_deserialize_any` (in Nightly builds, run with -Z macro-backtrace for more info)\n\nerror[E0407]: method `deserialize_option` is not a member of trait `Visitor`\n    --> src/value/de.rs:1521:9\n     |\n1521 | ...   forward_to_deserialize_any! {bool i8 i16 i32 i64 u8 u16 u32 u64 f32 f64 char str string bytes byte_buf option map enum identifier newtype_struct tuple tuple_struct struct unit_variant}\n     |       ^^^^^^^^^^^^^^^^^^^^^^^^^^^^^^^^^^^^^^^^^^^^^^^^^^^^^^^^^^^^^^^^^^^^^^^^^^^^^^^^^^^^^^^^^^^^^^^^^^^^^^^^^^^^^^^^^^^^^^^^^^^^^^^^^^^^^^^^^^^^^^^^^^^^^^^^^^^^^^^^^^^^^^^^^^^^^^^^^^^^^^^^ not a member of trait `Visitor`\n     |\n     = note: this error originates in the macro `forward_to_deserialize_any_method` which comes from the expansion of the macro `forward_to_deserialize_any` (in Nightly builds, run with -Z macro-backtrace for more info)\n\nerror[E0407]: method `deserialize_map` is not a member of trait `Visitor`\n    --> src/value/de.rs:1521:9\n     |\n1521 | ...   forward_to_deserialize_any! {bool i8 i16 i32 i64 u8 u16 u32 u64 f32 f64 char str string bytes byte_buf option map enum identifier newtype_struct tuple tuple_struct struct unit_variant}\n     |       ^^^^^^^^^^^^^^^^^^^^^^^^^^^^^^^^^^^^^^^^^^^^^^^^^^^^^^^^^^^^^^^^^^^^^^^^^^^^^^^^^^^^^^^^^^^^^^^^^^^^^^^^^^^^^^^^^^^^^^^^^^^^^^^^^^^^^^^^^^^^^^^^^^^^^^^^^^^^^^^^^^^^^^^^^^^^^^^^^^^^^^^^ not a member of trait `Visitor`\n     |\n     = note: this error originates in the macro `forward_to_deserialize_any_method` which comes from the expansion of the macro `forward_to_deserialize_any` (in Nightly builds, run with -Z macro-backtrace for more info)\n\nerror[E0407]: method `deserialize_enum` is not a member of trait `Visitor`\n    --> src/value/de.rs:1521:9\n     |\n1521 | ...   forward_to_deserialize_any! {bool i8 i16 i32 i64 u8 u16 u32 u64 f32 f64 char str string bytes byte_buf option map enum identifier newtype_struct tuple tuple_struct struct unit_variant}\n     |       ^^^^^^^^^^^^^^^^^^^^^^^^^^^^^^^^^^^^^^^^^^^^^^^^^^^^^^^^^^^^^^^^^^^^^^^^^^^^^^^^^^^^^^^^^^^^^^^^^^^^^^^^^^^^^^^^^^^^^^^^^^^^^^^^^^^^^^^^^^^^^^^^^^^^^^^^^^^^^^^^^^^^^^^^^^^^^^^^^^^^^^^^ not a member of trait `Visitor`\n     |\n     = note: this error originates in the macro `forward_to_deserialize_any_method` which comes from the expansion of the macro `forward_to_deserialize_any` (in Nightly builds, run with -Z macro-backtrace for more info)\n\nerror[E0407]: method `deserialize_identifier` is not a member of trait `Visitor`\n    --> src/value/de.rs:1521:9\n     |\n1521 | ...   forward_to_deserialize_any! {bool i8 i16 i32 i64 u8 u16 u32 u64 f32 f64 char str string bytes byte_buf option map enum identifier newtype_struct tuple tuple_struct struct unit_variant}\n     |       ^^^^^^^^^^^^^^^^^^^^^^^^^^^^^^^^^^^^^^^^^^^^^^^^^^^^^^^^^^^^^^^^^^^^^^^^^^^^^^^^^^^^^^^^^^^^^^^^^^^^^^^^^^^^^^^^^^^^^^^^^^^^^^^^^^^^^^^^^^^^^^^^^^^^^^^^^^^^^^^^^^^^^^^^^^^^^^^^^^^^^^^^ not a member of trait `Visitor`\n     |\n     = note: this error originates in the macro `forward_to_deserialize_any_method` which comes from the expansion of the macro `forward_to_deserialize_any` (in Nightly builds, run with -Z macro-backtrace for more info)\n\nerror[E0407]: method `deserialize_newtype_struct` is not a member of trait `Visitor`\n    --> src/value/de.rs:1521:9\n     |\n1521 | ...   forward_to_deserialize_any! {bool i8 i16 i32 i64 u8 u16 u32 u64 f32 f64 char str string bytes byte_buf option map enum identifier newtype_struct tuple tuple_struct struct unit_variant}\n     |       ^^^^^^^^^^^^^^^^^^^^^^^^^^^^^^^^^^^^^^^^^^^^^^^^^^^^^^^^^^^^^^^^^^^^^^^^^^^^^^^^^^^^^^^^^^^^^^^^^^^^^^^^^^^^^^^^^^^^^^^^^^^^^^^^^^^^^^^^^^^^^^^^^^^^^^^^^^^^^^^^^^^^^^^^^^^^^^^^^^^^^^^^ not a member of trait `Visitor`\n     |\n     = note: this error originates in the macro `forward_to_deserialize_any_method` which comes from the expansion of the macro `forward_to_deserialize_any` (in Nightly builds, run with -Z macro-backtrace for more info)\n\nerror[E0407]: method `deserialize_tuple` is not a member of trait `Visitor`\n    --> src/value/de.rs:1521:9\n     |\n1521 | ...   forward_to_deserialize_any! {bool i8 i16 i32 i64 u8 u16 u32 u64 f32 f64 char str string bytes byte_buf option map enum identifier newtype_struct tuple tuple_struct struct unit_variant}\n     |       ^^^^^^^^^^^^^^^^^^^^^^^^^^^^^^^^^^^^^^^^^^^^^^^^^^^^^^^^^^^^^^^^^^^^^^^^^^^^^^^^^^^^^^^^^^^^^^^^^^^^^^^^^^^^^^^^^^^^^^^^^^^^^^^^^^^^^^^^^^^^^^^^^^^^^^^^^^^^^^^^^^^^^^^^^^^^^^^^^^^^^^^^ not a member of trait `Visitor`\n     |\n     = note: this error originates in the macro `forward_to_deserialize_any_method` which comes from the expansion of the macro `forward_to_deserialize_any` (in Nightly builds, run with -Z macro-backtrace for more info)\n\nerror[E0407]: method `deserialize_tuple_struct` is not a member of trait `Visitor`\n    --> src/value/de.rs:1521:9\n     |\n1521 | ...   forward_to_deserialize_any! {bool i8 i16 i32 i64 u8 u16 u32 u64 f32 f64 char str string bytes byte_buf option map enum identifier newtype_struct tuple tuple_struct struct unit_variant}\n     |       ^^^^^^^^^^^^^^^^^^^^^^^^^^^^^^^^^^^^^^^^^^^^^^^^^^^^^^^^^^^^^^^^^^^^^^^^^^^^^^^^^^^^^^^^^^^^^^^^^^^^^^^^^^^^^^^^^^^^^^^^^^^^^^^^^^^^^^^^^^^^^^^^^^^^^^^^^^^^^^^^^^^^^^^^^^^^^^^^^^^^^^^^ not a member of trait `Visitor`\n     |\n     = note: this error originates in the macro `forward_to_deserialize_any_method` which comes from the expansion of the macro `forward_to_deserialize_any` (in Nightly builds, run with -Z macro-backtrace for more info)\n\nerror[E0407]: method `deserialize_struct` is not a member of trait `Visitor`\n    --> src/value/de.rs:1521:9\n     |\n1521 | ...   forward_to_deserialize_any! {bool i8 i16 i32 i64 u8 u16 u32 u64 f32 f64 char str string bytes byte_buf option map enum identifier newtype_struct tuple tuple_struct struct unit_variant}\n     |       ^^^^^^^^^^^^^^^^^^^^^^^^^^^^^^^^^^^^^^^^^^^^^^^^^^^^^^^^^^^^^^^^^^^^^^^^^^^^^^^^^^^^^^^^^^^^^^^^^^^^^^^^^^^^^^^^^^^^^^^^^^^^^^^^^^^^^^^^^^^^^^^^^^^^^^^^^^^^^^^^^^^^^^^^^^^^^^^^^^^^^^^^ not a member of trait `Visitor`\n     |\n     = note: this error originates in the macro `forward_to_deserialize_any_method` which comes from the expansion of the macro `forward_to_deserialize_any` (in Nightly builds, run with -Z macro-backtrace for more info)\n\nwarning: unused import: `ntest::timeout`\n    --> src/value/de.rs:1504:8\n     |\n1504 |    use ntest::timeout;\n     |        ^^^^^^^^^^^^^^\n     |\n     = note: `#[warn(unused_imports)]` on by default\n\nerror[E0053]: method `visit_seq` has an incompatible type for trait\n    --> src/value/de.rs:1513:47\n     |\n1513 |         fn visit_seq<V>(self, _visitor: V) -> Result<Self::Value, Error>\n     |                                               ^^^^^^^^^^^^^^^^^^^^^^^^^^ expected associated type, found `error::Error`\n     |\n     = note: expected signature `fn(TestVisitor, _) -> std::result::Result<_, <V as serde::de::SeqAccess<'de>>::Error>`\n                found signature `fn(TestVisitor, _) -> std::result::Result<_, error::Error>`\nhelp: change the output type to match the trait\n     |\n1513 |         fn visit_seq<V>(self, _visitor: V) -> std::result::Result<std::vec::Vec<()>, <V as serde::de::SeqAccess<'de>>::Error>\n     |                                               ~~~~~~~~~~~~~~~~~~~~~~~~~~~~~~~~~~~~~~~~~~~~~~~~~~~~~~~~~~~~~~~~~~~~~~~~~~~~~~~\n\nerror[E0046]: not all trait items implemented, missing: `expecting`\n    --> src/value/de.rs:1510:5\n     |\n1510 |     impl<'de> Visitor<'de> for TestVisitor {\n     |     ^^^^^^^^^^^^^^^^^^^^^^^^^^^^^^^^^^^^^^ missing `expecting` in implementation\n     |\n     = help: implement the missing item: `fn expecting(&self, _: &mut std::fmt::Formatter<'_>) -> std::result::Result<(), std::fmt::Error> { todo!() }`\n\nerror[E0277]: the trait bound `TestVisitor: serde::Deserializer<'de>` is not satisfied\n    --> src/value/de.rs:1521:9\n     |\n1521 | ...   forward_to_deserialize_any! {bool i8 i16 i32 i64 u8 u16 u32 u64 f32 f64 char str string bytes byte_buf option map enum identifier newtype_struct tuple tuple_struct struct unit_variant}\n     |       ^^^^^^^^^^^^^^^^^^^^^^^^^^^^^^^^^^^^^^^^^^^^^^^^^^^^^^^^^^^^^^^^^^^^^^^^^^^^^^^^^^^^^^^^^^^^^^^^^^^^^^^^^^^^^^^^^^^^^^^^^^^^^^^^^^^^^^^^^^^^^^^^^^^^^^^^^^^^^^^^^^^^^^^^^^^^^^^^^^^^^^^^ the trait `serde::Deserializer<'de>` is not implemented for `TestVisitor`\n     |\n     = help: the following other types implement trait `serde::Deserializer<'de>`:\n               &'de map::Map<std::string::String, value::Value>\n               &'de value::Value\n               &mut de::Deserializer<R>\n               &number::Number\n               BoolDeserializer<E>\n               BorrowedBytesDeserializer<'de, E>\n               BorrowedCowStrDeserializer<'de>\n               BytesDeserializer<'a, E>\n             and 34 others\n     = note: this error originates in the macro `forward_to_deserialize_any_method` which comes from the expansion of the macro `forward_to_deserialize_any` (in Nightly builds, run with -Z macro-backtrace for more info)\n\nerror[E0369]: binary operation `==` cannot be applied to type `std::result::Result<std::vec::Vec<()>, error::Error>`\n    --> src/value/de.rs:1529:5\n     |\n1529 |     assert_eq!(result, Ok(vec![()]));\n     |     ^^^^^^^^^^^^^^^^^^^^^^^^^^^^^^^^\n     |     |\n     |     std::result::Result<std::vec::Vec<()>, error::Error>\n     |     std::result::Result<std::vec::Vec<()>, error::Error>\n     |\nnote: an implementation of `PartialEq` might be missing for `error::Error`\n    --> src/error.rs:17:1\n     |\n17   | pub struct Error {\n     | ^^^^^^^^^^^^^^^^ must implement `PartialEq`\n     = note: this error originates in the macro `assert_eq` (in Nightly builds, run with -Z macro-backtrace for more info)\nhelp: consider annotating `error::Error` with `#[derive(PartialEq)]`\n    -->  src/error.rs:17:1\n     |\n17   + #[derive(PartialEq)]\n18   | pub struct Error {\n     |\n\nerror[E0599]: no method named `deserialize_any` found for struct `TestVisitor` in the current scope\n    --> src/value/de.rs:1521:9\n     |\n1508 |     struct TestVisitor;\n     |     ------------------ method `deserialize_any` not found for this struct\n...\n1521 |         forward_to_deserialize_any! {bool i8 i16 i32 i64 u8 u16 u32 u64 f32 f64 char str string bytes byte_buf option map enum identifier newtype_struct tuple tuple_struct struct unit_variant}\n     |         ^^^^^^^^^^^^^^^^^^^^^^^^^^^^^^^^^^^^^^^^^^^^^^^^^^^^^^^^^^^^^^^^^^^^^^^^^^^^^^^^^^^^^^^^^^^^^^^^^^^^^^^^^^^^^^^^^^^^^^^^^^^^^^^^^^^^^^^^^^^^^^^^^^^^^^^^^^^^^^^^^^^^^^^^^^^^^^^^^^^^^^^^ method not found in `TestVisitor`\n     |\n     = help: items from traits can only be used if the trait is implemented and in scope\n     = note: the following trait defines an item `deserialize_any`, perhaps you need to implement it:\n             candidate #1: `serde::Deserializer`\n     = note: this error originates in the macro `forward_to_deserialize_any_method` which comes from the expansion of the macro `forward_to_deserialize_any` (in Nightly builds, run with -Z macro-backtrace for more info)\n\nSome errors have detailed explanations: E0046, E0053, E0277, E0369, E0407, E0599.\nFor more information about an error, try `rustc --explain E0046`.\nwarning: `serde_json` (lib test) generated 1 warning\nerror: could not compile `serde_json` (lib test) due to 100 previous errors; 1 warning emitted\n"
                }
              ],
              "repaired": [
                false
              ]
            },
            {
              "attrs": [
                "#[should_panic]"
              ],
              "prefix": [],
              "oracles": [],
              "codes": [
                [
                  "{",
                  "    struct TestVisitor;",
                  "",
                  "    impl<'de> Visitor<'de> for TestVisitor {",
                  "        type Value = ();",
                  "",
                  "        fn visit_unit(self) -> Result<Self::Value, Error> {",
                  "            Ok(())",
                  "        }",
                  "",
                  "        // Other required methods should be dummy implementations",
                  "        forward_to_deserialize_any! {bool i8 i16 i32 i64 u8 u16 u32 u64 f32 f64 char str string bytes byte_buf option seq map enum identifier newtype_struct tuple tuple_struct struct unit_variant}",
                  "    }",
                  "",
                  "    let variant = VariantDeserializer {",
                  "        value: Some(Value::Bool(true)),",
                  "    };",
                  "    ",
                  "    let _result = variant.tuple_variant(0, TestVisitor);",
                  "}"
                ]
              ],
              "can_compile": [
                {
                  "Err": "   Compiling proc-macro2 v1.0.95\n   Compiling serde v1.0.219\n   Compiling syn v1.0.109\n   Compiling libc v0.2.172\n   Compiling target-triple v0.1.4\n   Compiling serde_json v1.0.140\n   Compiling ref-cast v1.0.24\n   Compiling rustversion v1.0.20\n   Compiling serde_json v1.0.140 (/home/abezbm/rust-utgen-test-crates-new/json)\n   Compiling psm v0.1.26\n   Compiling stacker v0.1.21\n   Compiling quote v1.0.40\n   Compiling syn v2.0.101\n   Compiling serde_derive v1.0.219\n   Compiling ref-cast-impl v1.0.24\n   Compiling automod v1.0.15\n   Compiling ntest_timeout v0.9.3\n   Compiling ntest_test_cases v0.9.3\n   Compiling ntest v0.9.3\n   Compiling serde_spanned v0.6.8\n   Compiling toml_datetime v0.6.9\n   Compiling serde_bytes v0.11.17\n   Compiling serde_stacker v0.1.12\n   Compiling toml_edit v0.22.25\n   Compiling toml v0.8.21\n   Compiling trybuild v1.0.104\nerror: no rules expected the token `unit_variant`\n    --> src/value/de.rs:1519:9\n     |\n1519 | ...   forward_to_deserialize_any! {bool i8 i16 i32 i64 u8 u16 u32 u64 f32 f64 char str string bytes byte_buf option seq map enum identifier newtype_struct tuple tuple_struct struct unit_variant}\n     |       ^^^^^^^^^^^^^^^^^^^^^^^^^^^^^^^^^^^^^^^^^^^^^^^^^^^^^^^^^^^^^^^^^^^^^^^^^^^^^^^^^^^^^^^^^^^^^^^^^^^^^^^^^^^^^^^^^^^^^^^^^^^^^^^^^^^^^^^^^^^^^^^^^^^^^^^^^^^^^^^^^^^^^^^^^^^^^^^^^^^^^^^^^^^^ no rules expected this token in macro call\n     |\nnote: while trying to match `bool`\n    --> /home/abezbm/.cargo/registry/src/index.crates.io-6f17d22bba15001f/serde-1.0.219/src/macros.rs:141:6\n     |\n141  |     (bool<$l:tt, $v:ident>) => {\n     |      ^^^^\n     = note: this error originates in the macro `forward_to_deserialize_any` (in Nightly builds, run with -Z macro-backtrace for more info)\n\nerror[E0407]: method `deserialize_bool` is not a member of trait `Visitor`\n    --> src/value/de.rs:1519:9\n     |\n1519 | ...   forward_to_deserialize_any! {bool i8 i16 i32 i64 u8 u16 u32 u64 f32 f64 char str string bytes byte_buf option seq map enum identifier newtype_struct tuple tuple_struct struct unit_variant}\n     |       ^^^^^^^^^^^^^^^^^^^^^^^^^^^^^^^^^^^^^^^^^^^^^^^^^^^^^^^^^^^^^^^^^^^^^^^^^^^^^^^^^^^^^^^^^^^^^^^^^^^^^^^^^^^^^^^^^^^^^^^^^^^^^^^^^^^^^^^^^^^^^^^^^^^^^^^^^^^^^^^^^^^^^^^^^^^^^^^^^^^^^^^^^^^^ not a member of trait `Visitor`\n     |\n     = note: this error originates in the macro `forward_to_deserialize_any_method` which comes from the expansion of the macro `forward_to_deserialize_any` (in Nightly builds, run with -Z macro-backtrace for more info)\n\nerror[E0407]: method `deserialize_i8` is not a member of trait `Visitor`\n    --> src/value/de.rs:1519:9\n     |\n1519 | ...   forward_to_deserialize_any! {bool i8 i16 i32 i64 u8 u16 u32 u64 f32 f64 char str string bytes byte_buf option seq map enum identifier newtype_struct tuple tuple_struct struct unit_variant}\n     |       ^^^^^^^^^^^^^^^^^^^^^^^^^^^^^^^^^^^^^^^^^^^^^^^^^^^^^^^^^^^^^^^^^^^^^^^^^^^^^^^^^^^^^^^^^^^^^^^^^^^^^^^^^^^^^^^^^^^^^^^^^^^^^^^^^^^^^^^^^^^^^^^^^^^^^^^^^^^^^^^^^^^^^^^^^^^^^^^^^^^^^^^^^^^^ not a member of trait `Visitor`\n     |\n     = note: this error originates in the macro `forward_to_deserialize_any_method` which comes from the expansion of the macro `forward_to_deserialize_any` (in Nightly builds, run with -Z macro-backtrace for more info)\n\nerror[E0407]: method `deserialize_i16` is not a member of trait `Visitor`\n    --> src/value/de.rs:1519:9\n     |\n1519 | ...   forward_to_deserialize_any! {bool i8 i16 i32 i64 u8 u16 u32 u64 f32 f64 char str string bytes byte_buf option seq map enum identifier newtype_struct tuple tuple_struct struct unit_variant}\n     |       ^^^^^^^^^^^^^^^^^^^^^^^^^^^^^^^^^^^^^^^^^^^^^^^^^^^^^^^^^^^^^^^^^^^^^^^^^^^^^^^^^^^^^^^^^^^^^^^^^^^^^^^^^^^^^^^^^^^^^^^^^^^^^^^^^^^^^^^^^^^^^^^^^^^^^^^^^^^^^^^^^^^^^^^^^^^^^^^^^^^^^^^^^^^^ not a member of trait `Visitor`\n     |\n     = note: this error originates in the macro `forward_to_deserialize_any_method` which comes from the expansion of the macro `forward_to_deserialize_any` (in Nightly builds, run with -Z macro-backtrace for more info)\n\nerror[E0407]: method `deserialize_i32` is not a member of trait `Visitor`\n    --> src/value/de.rs:1519:9\n     |\n1519 | ...   forward_to_deserialize_any! {bool i8 i16 i32 i64 u8 u16 u32 u64 f32 f64 char str string bytes byte_buf option seq map enum identifier newtype_struct tuple tuple_struct struct unit_variant}\n     |       ^^^^^^^^^^^^^^^^^^^^^^^^^^^^^^^^^^^^^^^^^^^^^^^^^^^^^^^^^^^^^^^^^^^^^^^^^^^^^^^^^^^^^^^^^^^^^^^^^^^^^^^^^^^^^^^^^^^^^^^^^^^^^^^^^^^^^^^^^^^^^^^^^^^^^^^^^^^^^^^^^^^^^^^^^^^^^^^^^^^^^^^^^^^^ not a member of trait `Visitor`\n     |\n     = note: this error originates in the macro `forward_to_deserialize_any_method` which comes from the expansion of the macro `forward_to_deserialize_any` (in Nightly builds, run with -Z macro-backtrace for more info)\n\nerror[E0407]: method `deserialize_i64` is not a member of trait `Visitor`\n    --> src/value/de.rs:1519:9\n     |\n1519 | ...   forward_to_deserialize_any! {bool i8 i16 i32 i64 u8 u16 u32 u64 f32 f64 char str string bytes byte_buf option seq map enum identifier newtype_struct tuple tuple_struct struct unit_variant}\n     |       ^^^^^^^^^^^^^^^^^^^^^^^^^^^^^^^^^^^^^^^^^^^^^^^^^^^^^^^^^^^^^^^^^^^^^^^^^^^^^^^^^^^^^^^^^^^^^^^^^^^^^^^^^^^^^^^^^^^^^^^^^^^^^^^^^^^^^^^^^^^^^^^^^^^^^^^^^^^^^^^^^^^^^^^^^^^^^^^^^^^^^^^^^^^^ not a member of trait `Visitor`\n     |\n     = note: this error originates in the macro `forward_to_deserialize_any_method` which comes from the expansion of the macro `forward_to_deserialize_any` (in Nightly builds, run with -Z macro-backtrace for more info)\n\nerror[E0407]: method `deserialize_u8` is not a member of trait `Visitor`\n    --> src/value/de.rs:1519:9\n     |\n1519 | ...   forward_to_deserialize_any! {bool i8 i16 i32 i64 u8 u16 u32 u64 f32 f64 char str string bytes byte_buf option seq map enum identifier newtype_struct tuple tuple_struct struct unit_variant}\n     |       ^^^^^^^^^^^^^^^^^^^^^^^^^^^^^^^^^^^^^^^^^^^^^^^^^^^^^^^^^^^^^^^^^^^^^^^^^^^^^^^^^^^^^^^^^^^^^^^^^^^^^^^^^^^^^^^^^^^^^^^^^^^^^^^^^^^^^^^^^^^^^^^^^^^^^^^^^^^^^^^^^^^^^^^^^^^^^^^^^^^^^^^^^^^^ not a member of trait `Visitor`\n     |\n     = note: this error originates in the macro `forward_to_deserialize_any_method` which comes from the expansion of the macro `forward_to_deserialize_any` (in Nightly builds, run with -Z macro-backtrace for more info)\n\nerror[E0407]: method `deserialize_u16` is not a member of trait `Visitor`\n    --> src/value/de.rs:1519:9\n     |\n1519 | ...   forward_to_deserialize_any! {bool i8 i16 i32 i64 u8 u16 u32 u64 f32 f64 char str string bytes byte_buf option seq map enum identifier newtype_struct tuple tuple_struct struct unit_variant}\n     |       ^^^^^^^^^^^^^^^^^^^^^^^^^^^^^^^^^^^^^^^^^^^^^^^^^^^^^^^^^^^^^^^^^^^^^^^^^^^^^^^^^^^^^^^^^^^^^^^^^^^^^^^^^^^^^^^^^^^^^^^^^^^^^^^^^^^^^^^^^^^^^^^^^^^^^^^^^^^^^^^^^^^^^^^^^^^^^^^^^^^^^^^^^^^^ not a member of trait `Visitor`\n     |\n     = note: this error originates in the macro `forward_to_deserialize_any_method` which comes from the expansion of the macro `forward_to_deserialize_any` (in Nightly builds, run with -Z macro-backtrace for more info)\n\nerror[E0407]: method `deserialize_u32` is not a member of trait `Visitor`\n    --> src/value/de.rs:1519:9\n     |\n1519 | ...   forward_to_deserialize_any! {bool i8 i16 i32 i64 u8 u16 u32 u64 f32 f64 char str string bytes byte_buf option seq map enum identifier newtype_struct tuple tuple_struct struct unit_variant}\n     |       ^^^^^^^^^^^^^^^^^^^^^^^^^^^^^^^^^^^^^^^^^^^^^^^^^^^^^^^^^^^^^^^^^^^^^^^^^^^^^^^^^^^^^^^^^^^^^^^^^^^^^^^^^^^^^^^^^^^^^^^^^^^^^^^^^^^^^^^^^^^^^^^^^^^^^^^^^^^^^^^^^^^^^^^^^^^^^^^^^^^^^^^^^^^^ not a member of trait `Visitor`\n     |\n     = note: this error originates in the macro `forward_to_deserialize_any_method` which comes from the expansion of the macro `forward_to_deserialize_any` (in Nightly builds, run with -Z macro-backtrace for more info)\n\nerror[E0407]: method `deserialize_u64` is not a member of trait `Visitor`\n    --> src/value/de.rs:1519:9\n     |\n1519 | ...   forward_to_deserialize_any! {bool i8 i16 i32 i64 u8 u16 u32 u64 f32 f64 char str string bytes byte_buf option seq map enum identifier newtype_struct tuple tuple_struct struct unit_variant}\n     |       ^^^^^^^^^^^^^^^^^^^^^^^^^^^^^^^^^^^^^^^^^^^^^^^^^^^^^^^^^^^^^^^^^^^^^^^^^^^^^^^^^^^^^^^^^^^^^^^^^^^^^^^^^^^^^^^^^^^^^^^^^^^^^^^^^^^^^^^^^^^^^^^^^^^^^^^^^^^^^^^^^^^^^^^^^^^^^^^^^^^^^^^^^^^^ not a member of trait `Visitor`\n     |\n     = note: this error originates in the macro `forward_to_deserialize_any_method` which comes from the expansion of the macro `forward_to_deserialize_any` (in Nightly builds, run with -Z macro-backtrace for more info)\n\nerror[E0407]: method `deserialize_f32` is not a member of trait `Visitor`\n    --> src/value/de.rs:1519:9\n     |\n1519 | ...   forward_to_deserialize_any! {bool i8 i16 i32 i64 u8 u16 u32 u64 f32 f64 char str string bytes byte_buf option seq map enum identifier newtype_struct tuple tuple_struct struct unit_variant}\n     |       ^^^^^^^^^^^^^^^^^^^^^^^^^^^^^^^^^^^^^^^^^^^^^^^^^^^^^^^^^^^^^^^^^^^^^^^^^^^^^^^^^^^^^^^^^^^^^^^^^^^^^^^^^^^^^^^^^^^^^^^^^^^^^^^^^^^^^^^^^^^^^^^^^^^^^^^^^^^^^^^^^^^^^^^^^^^^^^^^^^^^^^^^^^^^ not a member of trait `Visitor`\n     |\n     = note: this error originates in the macro `forward_to_deserialize_any_method` which comes from the expansion of the macro `forward_to_deserialize_any` (in Nightly builds, run with -Z macro-backtrace for more info)\n\nerror[E0407]: method `deserialize_f64` is not a member of trait `Visitor`\n    --> src/value/de.rs:1519:9\n     |\n1519 | ...   forward_to_deserialize_any! {bool i8 i16 i32 i64 u8 u16 u32 u64 f32 f64 char str string bytes byte_buf option seq map enum identifier newtype_struct tuple tuple_struct struct unit_variant}\n     |       ^^^^^^^^^^^^^^^^^^^^^^^^^^^^^^^^^^^^^^^^^^^^^^^^^^^^^^^^^^^^^^^^^^^^^^^^^^^^^^^^^^^^^^^^^^^^^^^^^^^^^^^^^^^^^^^^^^^^^^^^^^^^^^^^^^^^^^^^^^^^^^^^^^^^^^^^^^^^^^^^^^^^^^^^^^^^^^^^^^^^^^^^^^^^ not a member of trait `Visitor`\n     |\n     = note: this error originates in the macro `forward_to_deserialize_any_method` which comes from the expansion of the macro `forward_to_deserialize_any` (in Nightly builds, run with -Z macro-backtrace for more info)\n\nerror[E0407]: method `deserialize_char` is not a member of trait `Visitor`\n    --> src/value/de.rs:1519:9\n     |\n1519 | ...   forward_to_deserialize_any! {bool i8 i16 i32 i64 u8 u16 u32 u64 f32 f64 char str string bytes byte_buf option seq map enum identifier newtype_struct tuple tuple_struct struct unit_variant}\n     |       ^^^^^^^^^^^^^^^^^^^^^^^^^^^^^^^^^^^^^^^^^^^^^^^^^^^^^^^^^^^^^^^^^^^^^^^^^^^^^^^^^^^^^^^^^^^^^^^^^^^^^^^^^^^^^^^^^^^^^^^^^^^^^^^^^^^^^^^^^^^^^^^^^^^^^^^^^^^^^^^^^^^^^^^^^^^^^^^^^^^^^^^^^^^^ not a member of trait `Visitor`\n     |\n     = note: this error originates in the macro `forward_to_deserialize_any_method` which comes from the expansion of the macro `forward_to_deserialize_any` (in Nightly builds, run with -Z macro-backtrace for more info)\n\nerror[E0407]: method `deserialize_str` is not a member of trait `Visitor`\n    --> src/value/de.rs:1519:9\n     |\n1519 | ...   forward_to_deserialize_any! {bool i8 i16 i32 i64 u8 u16 u32 u64 f32 f64 char str string bytes byte_buf option seq map enum identifier newtype_struct tuple tuple_struct struct unit_variant}\n     |       ^^^^^^^^^^^^^^^^^^^^^^^^^^^^^^^^^^^^^^^^^^^^^^^^^^^^^^^^^^^^^^^^^^^^^^^^^^^^^^^^^^^^^^^^^^^^^^^^^^^^^^^^^^^^^^^^^^^^^^^^^^^^^^^^^^^^^^^^^^^^^^^^^^^^^^^^^^^^^^^^^^^^^^^^^^^^^^^^^^^^^^^^^^^^ not a member of trait `Visitor`\n     |\n     = note: this error originates in the macro `forward_to_deserialize_any_method` which comes from the expansion of the macro `forward_to_deserialize_any` (in Nightly builds, run with -Z macro-backtrace for more info)\n\nerror[E0407]: method `deserialize_string` is not a member of trait `Visitor`\n    --> src/value/de.rs:1519:9\n     |\n1519 | ...   forward_to_deserialize_any! {bool i8 i16 i32 i64 u8 u16 u32 u64 f32 f64 char str string bytes byte_buf option seq map enum identifier newtype_struct tuple tuple_struct struct unit_variant}\n     |       ^^^^^^^^^^^^^^^^^^^^^^^^^^^^^^^^^^^^^^^^^^^^^^^^^^^^^^^^^^^^^^^^^^^^^^^^^^^^^^^^^^^^^^^^^^^^^^^^^^^^^^^^^^^^^^^^^^^^^^^^^^^^^^^^^^^^^^^^^^^^^^^^^^^^^^^^^^^^^^^^^^^^^^^^^^^^^^^^^^^^^^^^^^^^ not a member of trait `Visitor`\n     |\n     = note: this error originates in the macro `forward_to_deserialize_any_method` which comes from the expansion of the macro `forward_to_deserialize_any` (in Nightly builds, run with -Z macro-backtrace for more info)\n\nerror[E0407]: method `deserialize_bytes` is not a member of trait `Visitor`\n    --> src/value/de.rs:1519:9\n     |\n1519 | ...   forward_to_deserialize_any! {bool i8 i16 i32 i64 u8 u16 u32 u64 f32 f64 char str string bytes byte_buf option seq map enum identifier newtype_struct tuple tuple_struct struct unit_variant}\n     |       ^^^^^^^^^^^^^^^^^^^^^^^^^^^^^^^^^^^^^^^^^^^^^^^^^^^^^^^^^^^^^^^^^^^^^^^^^^^^^^^^^^^^^^^^^^^^^^^^^^^^^^^^^^^^^^^^^^^^^^^^^^^^^^^^^^^^^^^^^^^^^^^^^^^^^^^^^^^^^^^^^^^^^^^^^^^^^^^^^^^^^^^^^^^^ not a member of trait `Visitor`\n     |\n     = note: this error originates in the macro `forward_to_deserialize_any_method` which comes from the expansion of the macro `forward_to_deserialize_any` (in Nightly builds, run with -Z macro-backtrace for more info)\n\nerror[E0407]: method `deserialize_byte_buf` is not a member of trait `Visitor`\n    --> src/value/de.rs:1519:9\n     |\n1519 | ...   forward_to_deserialize_any! {bool i8 i16 i32 i64 u8 u16 u32 u64 f32 f64 char str string bytes byte_buf option seq map enum identifier newtype_struct tuple tuple_struct struct unit_variant}\n     |       ^^^^^^^^^^^^^^^^^^^^^^^^^^^^^^^^^^^^^^^^^^^^^^^^^^^^^^^^^^^^^^^^^^^^^^^^^^^^^^^^^^^^^^^^^^^^^^^^^^^^^^^^^^^^^^^^^^^^^^^^^^^^^^^^^^^^^^^^^^^^^^^^^^^^^^^^^^^^^^^^^^^^^^^^^^^^^^^^^^^^^^^^^^^^ not a member of trait `Visitor`\n     |\n     = note: this error originates in the macro `forward_to_deserialize_any_method` which comes from the expansion of the macro `forward_to_deserialize_any` (in Nightly builds, run with -Z macro-backtrace for more info)\n\nerror[E0407]: method `deserialize_option` is not a member of trait `Visitor`\n    --> src/value/de.rs:1519:9\n     |\n1519 | ...   forward_to_deserialize_any! {bool i8 i16 i32 i64 u8 u16 u32 u64 f32 f64 char str string bytes byte_buf option seq map enum identifier newtype_struct tuple tuple_struct struct unit_variant}\n     |       ^^^^^^^^^^^^^^^^^^^^^^^^^^^^^^^^^^^^^^^^^^^^^^^^^^^^^^^^^^^^^^^^^^^^^^^^^^^^^^^^^^^^^^^^^^^^^^^^^^^^^^^^^^^^^^^^^^^^^^^^^^^^^^^^^^^^^^^^^^^^^^^^^^^^^^^^^^^^^^^^^^^^^^^^^^^^^^^^^^^^^^^^^^^^ not a member of trait `Visitor`\n     |\n     = note: this error originates in the macro `forward_to_deserialize_any_method` which comes from the expansion of the macro `forward_to_deserialize_any` (in Nightly builds, run with -Z macro-backtrace for more info)\n\nerror[E0407]: method `deserialize_seq` is not a member of trait `Visitor`\n    --> src/value/de.rs:1519:9\n     |\n1519 | ...   forward_to_deserialize_any! {bool i8 i16 i32 i64 u8 u16 u32 u64 f32 f64 char str string bytes byte_buf option seq map enum identifier newtype_struct tuple tuple_struct struct unit_variant}\n     |       ^^^^^^^^^^^^^^^^^^^^^^^^^^^^^^^^^^^^^^^^^^^^^^^^^^^^^^^^^^^^^^^^^^^^^^^^^^^^^^^^^^^^^^^^^^^^^^^^^^^^^^^^^^^^^^^^^^^^^^^^^^^^^^^^^^^^^^^^^^^^^^^^^^^^^^^^^^^^^^^^^^^^^^^^^^^^^^^^^^^^^^^^^^^^ not a member of trait `Visitor`\n     |\n     = note: this error originates in the macro `forward_to_deserialize_any_method` which comes from the expansion of the macro `forward_to_deserialize_any` (in Nightly builds, run with -Z macro-backtrace for more info)\n\nerror[E0407]: method `deserialize_map` is not a member of trait `Visitor`\n    --> src/value/de.rs:1519:9\n     |\n1519 | ...   forward_to_deserialize_any! {bool i8 i16 i32 i64 u8 u16 u32 u64 f32 f64 char str string bytes byte_buf option seq map enum identifier newtype_struct tuple tuple_struct struct unit_variant}\n     |       ^^^^^^^^^^^^^^^^^^^^^^^^^^^^^^^^^^^^^^^^^^^^^^^^^^^^^^^^^^^^^^^^^^^^^^^^^^^^^^^^^^^^^^^^^^^^^^^^^^^^^^^^^^^^^^^^^^^^^^^^^^^^^^^^^^^^^^^^^^^^^^^^^^^^^^^^^^^^^^^^^^^^^^^^^^^^^^^^^^^^^^^^^^^^ not a member of trait `Visitor`\n     |\n     = note: this error originates in the macro `forward_to_deserialize_any_method` which comes from the expansion of the macro `forward_to_deserialize_any` (in Nightly builds, run with -Z macro-backtrace for more info)\n\nerror[E0407]: method `deserialize_enum` is not a member of trait `Visitor`\n    --> src/value/de.rs:1519:9\n     |\n1519 | ...   forward_to_deserialize_any! {bool i8 i16 i32 i64 u8 u16 u32 u64 f32 f64 char str string bytes byte_buf option seq map enum identifier newtype_struct tuple tuple_struct struct unit_variant}\n     |       ^^^^^^^^^^^^^^^^^^^^^^^^^^^^^^^^^^^^^^^^^^^^^^^^^^^^^^^^^^^^^^^^^^^^^^^^^^^^^^^^^^^^^^^^^^^^^^^^^^^^^^^^^^^^^^^^^^^^^^^^^^^^^^^^^^^^^^^^^^^^^^^^^^^^^^^^^^^^^^^^^^^^^^^^^^^^^^^^^^^^^^^^^^^^ not a member of trait `Visitor`\n     |\n     = note: this error originates in the macro `forward_to_deserialize_any_method` which comes from the expansion of the macro `forward_to_deserialize_any` (in Nightly builds, run with -Z macro-backtrace for more info)\n\nerror[E0407]: method `deserialize_identifier` is not a member of trait `Visitor`\n    --> src/value/de.rs:1519:9\n     |\n1519 | ...   forward_to_deserialize_any! {bool i8 i16 i32 i64 u8 u16 u32 u64 f32 f64 char str string bytes byte_buf option seq map enum identifier newtype_struct tuple tuple_struct struct unit_variant}\n     |       ^^^^^^^^^^^^^^^^^^^^^^^^^^^^^^^^^^^^^^^^^^^^^^^^^^^^^^^^^^^^^^^^^^^^^^^^^^^^^^^^^^^^^^^^^^^^^^^^^^^^^^^^^^^^^^^^^^^^^^^^^^^^^^^^^^^^^^^^^^^^^^^^^^^^^^^^^^^^^^^^^^^^^^^^^^^^^^^^^^^^^^^^^^^^ not a member of trait `Visitor`\n     |\n     = note: this error originates in the macro `forward_to_deserialize_any_method` which comes from the expansion of the macro `forward_to_deserialize_any` (in Nightly builds, run with -Z macro-backtrace for more info)\n\nerror[E0407]: method `deserialize_newtype_struct` is not a member of trait `Visitor`\n    --> src/value/de.rs:1519:9\n     |\n1519 | ...   forward_to_deserialize_any! {bool i8 i16 i32 i64 u8 u16 u32 u64 f32 f64 char str string bytes byte_buf option seq map enum identifier newtype_struct tuple tuple_struct struct unit_variant}\n     |       ^^^^^^^^^^^^^^^^^^^^^^^^^^^^^^^^^^^^^^^^^^^^^^^^^^^^^^^^^^^^^^^^^^^^^^^^^^^^^^^^^^^^^^^^^^^^^^^^^^^^^^^^^^^^^^^^^^^^^^^^^^^^^^^^^^^^^^^^^^^^^^^^^^^^^^^^^^^^^^^^^^^^^^^^^^^^^^^^^^^^^^^^^^^^ not a member of trait `Visitor`\n     |\n     = note: this error originates in the macro `forward_to_deserialize_any_method` which comes from the expansion of the macro `forward_to_deserialize_any` (in Nightly builds, run with -Z macro-backtrace for more info)\n\nerror[E0407]: method `deserialize_tuple` is not a member of trait `Visitor`\n    --> src/value/de.rs:1519:9\n     |\n1519 | ...   forward_to_deserialize_any! {bool i8 i16 i32 i64 u8 u16 u32 u64 f32 f64 char str string bytes byte_buf option seq map enum identifier newtype_struct tuple tuple_struct struct unit_variant}\n     |       ^^^^^^^^^^^^^^^^^^^^^^^^^^^^^^^^^^^^^^^^^^^^^^^^^^^^^^^^^^^^^^^^^^^^^^^^^^^^^^^^^^^^^^^^^^^^^^^^^^^^^^^^^^^^^^^^^^^^^^^^^^^^^^^^^^^^^^^^^^^^^^^^^^^^^^^^^^^^^^^^^^^^^^^^^^^^^^^^^^^^^^^^^^^^ not a member of trait `Visitor`\n     |\n     = note: this error originates in the macro `forward_to_deserialize_any_method` which comes from the expansion of the macro `forward_to_deserialize_any` (in Nightly builds, run with -Z macro-backtrace for more info)\n\nerror[E0407]: method `deserialize_tuple_struct` is not a member of trait `Visitor`\n    --> src/value/de.rs:1519:9\n     |\n1519 | ...   forward_to_deserialize_any! {bool i8 i16 i32 i64 u8 u16 u32 u64 f32 f64 char str string bytes byte_buf option seq map enum identifier newtype_struct tuple tuple_struct struct unit_variant}\n     |       ^^^^^^^^^^^^^^^^^^^^^^^^^^^^^^^^^^^^^^^^^^^^^^^^^^^^^^^^^^^^^^^^^^^^^^^^^^^^^^^^^^^^^^^^^^^^^^^^^^^^^^^^^^^^^^^^^^^^^^^^^^^^^^^^^^^^^^^^^^^^^^^^^^^^^^^^^^^^^^^^^^^^^^^^^^^^^^^^^^^^^^^^^^^^ not a member of trait `Visitor`\n     |\n     = note: this error originates in the macro `forward_to_deserialize_any_method` which comes from the expansion of the macro `forward_to_deserialize_any` (in Nightly builds, run with -Z macro-backtrace for more info)\n\nerror[E0407]: method `deserialize_struct` is not a member of trait `Visitor`\n    --> src/value/de.rs:1519:9\n     |\n1519 | ...   forward_to_deserialize_any! {bool i8 i16 i32 i64 u8 u16 u32 u64 f32 f64 char str string bytes byte_buf option seq map enum identifier newtype_struct tuple tuple_struct struct unit_variant}\n     |       ^^^^^^^^^^^^^^^^^^^^^^^^^^^^^^^^^^^^^^^^^^^^^^^^^^^^^^^^^^^^^^^^^^^^^^^^^^^^^^^^^^^^^^^^^^^^^^^^^^^^^^^^^^^^^^^^^^^^^^^^^^^^^^^^^^^^^^^^^^^^^^^^^^^^^^^^^^^^^^^^^^^^^^^^^^^^^^^^^^^^^^^^^^^^ not a member of trait `Visitor`\n     |\n     = note: this error originates in the macro `forward_to_deserialize_any_method` which comes from the expansion of the macro `forward_to_deserialize_any` (in Nightly builds, run with -Z macro-backtrace for more info)\n\nwarning: unused import: `ntest::timeout`\n    --> src/value/de.rs:1504:8\n     |\n1504 |    use ntest::timeout;\n     |        ^^^^^^^^^^^^^^\n     |\n     = note: `#[warn(unused_imports)]` on by default\n\nerror[E0049]: method `visit_unit` has 0 type parameters but its trait declaration has 1 type parameter\n    --> src/value/de.rs:1514:22\n     |\n1514 |           fn visit_unit(self) -> Result<Self::Value, Error> {\n     |                        ^ found 0 type parameters\n     |\n    ::: /home/abezbm/.cargo/registry/src/index.crates.io-6f17d22bba15001f/serde-1.0.219/src/de/mod.rs:1625:5\n     |\n1625 | /     fn visit_unit<E>(self) -> Result<Self::Value, E>\n1626 | |     where\n1627 | |         E: Error,\n     | |_________________- expected 1 type parameter\n\nerror[E0046]: not all trait items implemented, missing: `expecting`\n    --> src/value/de.rs:1511:5\n     |\n1511 |     impl<'de> Visitor<'de> for TestVisitor {\n     |     ^^^^^^^^^^^^^^^^^^^^^^^^^^^^^^^^^^^^^^ missing `expecting` in implementation\n     |\n     = help: implement the missing item: `fn expecting(&self, _: &mut std::fmt::Formatter<'_>) -> std::result::Result<(), std::fmt::Error> { todo!() }`\n\nerror[E0277]: the trait bound `TestVisitor: serde::Deserializer<'de>` is not satisfied\n    --> src/value/de.rs:1519:9\n     |\n1519 | ...   forward_to_deserialize_any! {bool i8 i16 i32 i64 u8 u16 u32 u64 f32 f64 char str string bytes byte_buf option seq map enum identifier newtype_struct tuple tuple_struct struct unit_variant}\n     |       ^^^^^^^^^^^^^^^^^^^^^^^^^^^^^^^^^^^^^^^^^^^^^^^^^^^^^^^^^^^^^^^^^^^^^^^^^^^^^^^^^^^^^^^^^^^^^^^^^^^^^^^^^^^^^^^^^^^^^^^^^^^^^^^^^^^^^^^^^^^^^^^^^^^^^^^^^^^^^^^^^^^^^^^^^^^^^^^^^^^^^^^^^^^^ the trait `serde::Deserializer<'de>` is not implemented for `TestVisitor`\n     |\n     = help: the following other types implement trait `serde::Deserializer<'de>`:\n               &'de map::Map<std::string::String, value::Value>\n               &'de value::Value\n               &mut de::Deserializer<R>\n               &number::Number\n               BoolDeserializer<E>\n               BorrowedBytesDeserializer<'de, E>\n               BorrowedCowStrDeserializer<'de>\n               BytesDeserializer<'a, E>\n             and 34 others\n     = note: this error originates in the macro `forward_to_deserialize_any_method` which comes from the expansion of the macro `forward_to_deserialize_any` (in Nightly builds, run with -Z macro-backtrace for more info)\n\nerror[E0599]: no method named `deserialize_any` found for struct `TestVisitor` in the current scope\n    --> src/value/de.rs:1519:9\n     |\n1509 |     struct TestVisitor;\n     |     ------------------ method `deserialize_any` not found for this struct\n...\n1519 |         forward_to_deserialize_any! {bool i8 i16 i32 i64 u8 u16 u32 u64 f32 f64 char str string bytes byte_buf option seq map enum identifier newtype_struct tuple tuple_struct struct unit_variant}\n     |         ^^^^^^^^^^^^^^^^^^^^^^^^^^^^^^^^^^^^^^^^^^^^^^^^^^^^^^^^^^^^^^^^^^^^^^^^^^^^^^^^^^^^^^^^^^^^^^^^^^^^^^^^^^^^^^^^^^^^^^^^^^^^^^^^^^^^^^^^^^^^^^^^^^^^^^^^^^^^^^^^^^^^^^^^^^^^^^^^^^^^^^^^^^^^ method not found in `TestVisitor`\n     |\n     = help: items from traits can only be used if the trait is implemented and in scope\n     = note: the following trait defines an item `deserialize_any`, perhaps you need to implement it:\n             candidate #1: `serde::Deserializer`\n     = note: this error originates in the macro `forward_to_deserialize_any_method` which comes from the expansion of the macro `forward_to_deserialize_any` (in Nightly builds, run with -Z macro-backtrace for more info)\n\nSome errors have detailed explanations: E0046, E0049, E0277, E0407, E0599.\nFor more information about an error, try `rustc --explain E0046`.\nwarning: `serde_json` (lib test) generated 1 warning\nerror: could not compile `serde_json` (lib test) due to 103 previous errors; 1 warning emitted\n"
                }
              ],
              "repaired": [
                false
              ]
            },
            {
              "attrs": [
                "#[should_panic]"
              ],
              "prefix": [],
              "oracles": [],
              "codes": [
                [
                  "{",
                  "    struct TestVisitor;",
                  "",
                  "    impl<'de> Visitor<'de> for TestVisitor {",
                  "        type Value = ();",
                  "",
                  "        fn visit_unit(self) -> Result<Self::Value, Error> {",
                  "            Ok(())",
                  "        }",
                  "",
                  "        // Other required methods should be dummy implementations",
                  "        forward_to_deserialize_any! {bool i8 i16 i32 i64 u8 u16 u32 u64 f32 f64 char str string bytes byte_buf option seq map enum identifier newtype_struct tuple tuple_struct struct unit_variant}",
                  "    }",
                  "",
                  "    let variant = VariantDeserializer {",
                  "        value: None,",
                  "    };",
                  "    ",
                  "    let _result = variant.tuple_variant(0, TestVisitor);",
                  "}"
                ]
              ],
              "can_compile": [
                {
                  "Err": "   Compiling proc-macro2 v1.0.95\n   Compiling serde v1.0.219\n   Compiling syn v1.0.109\n   Compiling libc v0.2.172\n   Compiling target-triple v0.1.4\n   Compiling serde_json v1.0.140\n   Compiling rustversion v1.0.20\n   Compiling ref-cast v1.0.24\n   Compiling serde_json v1.0.140 (/home/abezbm/rust-utgen-test-crates-new/json)\n   Compiling psm v0.1.26\n   Compiling stacker v0.1.21\n   Compiling quote v1.0.40\n   Compiling syn v2.0.101\n   Compiling serde_derive v1.0.219\n   Compiling ref-cast-impl v1.0.24\n   Compiling automod v1.0.15\n   Compiling ntest_timeout v0.9.3\n   Compiling ntest_test_cases v0.9.3\n   Compiling ntest v0.9.3\n   Compiling serde_spanned v0.6.8\n   Compiling toml_datetime v0.6.9\n   Compiling serde_stacker v0.1.12\n   Compiling serde_bytes v0.11.17\n   Compiling toml_edit v0.22.25\n   Compiling toml v0.8.21\n   Compiling trybuild v1.0.104\nerror: no rules expected the token `unit_variant`\n    --> src/value/de.rs:1519:9\n     |\n1519 | ...   forward_to_deserialize_any! {bool i8 i16 i32 i64 u8 u16 u32 u64 f32 f64 char str string bytes byte_buf option seq map enum identifier newtype_struct tuple tuple_struct struct unit_variant}\n     |       ^^^^^^^^^^^^^^^^^^^^^^^^^^^^^^^^^^^^^^^^^^^^^^^^^^^^^^^^^^^^^^^^^^^^^^^^^^^^^^^^^^^^^^^^^^^^^^^^^^^^^^^^^^^^^^^^^^^^^^^^^^^^^^^^^^^^^^^^^^^^^^^^^^^^^^^^^^^^^^^^^^^^^^^^^^^^^^^^^^^^^^^^^^^^ no rules expected this token in macro call\n     |\nnote: while trying to match `bool`\n    --> /home/abezbm/.cargo/registry/src/index.crates.io-6f17d22bba15001f/serde-1.0.219/src/macros.rs:141:6\n     |\n141  |     (bool<$l:tt, $v:ident>) => {\n     |      ^^^^\n     = note: this error originates in the macro `forward_to_deserialize_any` (in Nightly builds, run with -Z macro-backtrace for more info)\n\nerror[E0407]: method `deserialize_bool` is not a member of trait `Visitor`\n    --> src/value/de.rs:1519:9\n     |\n1519 | ...   forward_to_deserialize_any! {bool i8 i16 i32 i64 u8 u16 u32 u64 f32 f64 char str string bytes byte_buf option seq map enum identifier newtype_struct tuple tuple_struct struct unit_variant}\n     |       ^^^^^^^^^^^^^^^^^^^^^^^^^^^^^^^^^^^^^^^^^^^^^^^^^^^^^^^^^^^^^^^^^^^^^^^^^^^^^^^^^^^^^^^^^^^^^^^^^^^^^^^^^^^^^^^^^^^^^^^^^^^^^^^^^^^^^^^^^^^^^^^^^^^^^^^^^^^^^^^^^^^^^^^^^^^^^^^^^^^^^^^^^^^^ not a member of trait `Visitor`\n     |\n     = note: this error originates in the macro `forward_to_deserialize_any_method` which comes from the expansion of the macro `forward_to_deserialize_any` (in Nightly builds, run with -Z macro-backtrace for more info)\n\nerror[E0407]: method `deserialize_i8` is not a member of trait `Visitor`\n    --> src/value/de.rs:1519:9\n     |\n1519 | ...   forward_to_deserialize_any! {bool i8 i16 i32 i64 u8 u16 u32 u64 f32 f64 char str string bytes byte_buf option seq map enum identifier newtype_struct tuple tuple_struct struct unit_variant}\n     |       ^^^^^^^^^^^^^^^^^^^^^^^^^^^^^^^^^^^^^^^^^^^^^^^^^^^^^^^^^^^^^^^^^^^^^^^^^^^^^^^^^^^^^^^^^^^^^^^^^^^^^^^^^^^^^^^^^^^^^^^^^^^^^^^^^^^^^^^^^^^^^^^^^^^^^^^^^^^^^^^^^^^^^^^^^^^^^^^^^^^^^^^^^^^^ not a member of trait `Visitor`\n     |\n     = note: this error originates in the macro `forward_to_deserialize_any_method` which comes from the expansion of the macro `forward_to_deserialize_any` (in Nightly builds, run with -Z macro-backtrace for more info)\n\nerror[E0407]: method `deserialize_i16` is not a member of trait `Visitor`\n    --> src/value/de.rs:1519:9\n     |\n1519 | ...   forward_to_deserialize_any! {bool i8 i16 i32 i64 u8 u16 u32 u64 f32 f64 char str string bytes byte_buf option seq map enum identifier newtype_struct tuple tuple_struct struct unit_variant}\n     |       ^^^^^^^^^^^^^^^^^^^^^^^^^^^^^^^^^^^^^^^^^^^^^^^^^^^^^^^^^^^^^^^^^^^^^^^^^^^^^^^^^^^^^^^^^^^^^^^^^^^^^^^^^^^^^^^^^^^^^^^^^^^^^^^^^^^^^^^^^^^^^^^^^^^^^^^^^^^^^^^^^^^^^^^^^^^^^^^^^^^^^^^^^^^^ not a member of trait `Visitor`\n     |\n     = note: this error originates in the macro `forward_to_deserialize_any_method` which comes from the expansion of the macro `forward_to_deserialize_any` (in Nightly builds, run with -Z macro-backtrace for more info)\n\nerror[E0407]: method `deserialize_i32` is not a member of trait `Visitor`\n    --> src/value/de.rs:1519:9\n     |\n1519 | ...   forward_to_deserialize_any! {bool i8 i16 i32 i64 u8 u16 u32 u64 f32 f64 char str string bytes byte_buf option seq map enum identifier newtype_struct tuple tuple_struct struct unit_variant}\n     |       ^^^^^^^^^^^^^^^^^^^^^^^^^^^^^^^^^^^^^^^^^^^^^^^^^^^^^^^^^^^^^^^^^^^^^^^^^^^^^^^^^^^^^^^^^^^^^^^^^^^^^^^^^^^^^^^^^^^^^^^^^^^^^^^^^^^^^^^^^^^^^^^^^^^^^^^^^^^^^^^^^^^^^^^^^^^^^^^^^^^^^^^^^^^^ not a member of trait `Visitor`\n     |\n     = note: this error originates in the macro `forward_to_deserialize_any_method` which comes from the expansion of the macro `forward_to_deserialize_any` (in Nightly builds, run with -Z macro-backtrace for more info)\n\nerror[E0407]: method `deserialize_i64` is not a member of trait `Visitor`\n    --> src/value/de.rs:1519:9\n     |\n1519 | ...   forward_to_deserialize_any! {bool i8 i16 i32 i64 u8 u16 u32 u64 f32 f64 char str string bytes byte_buf option seq map enum identifier newtype_struct tuple tuple_struct struct unit_variant}\n     |       ^^^^^^^^^^^^^^^^^^^^^^^^^^^^^^^^^^^^^^^^^^^^^^^^^^^^^^^^^^^^^^^^^^^^^^^^^^^^^^^^^^^^^^^^^^^^^^^^^^^^^^^^^^^^^^^^^^^^^^^^^^^^^^^^^^^^^^^^^^^^^^^^^^^^^^^^^^^^^^^^^^^^^^^^^^^^^^^^^^^^^^^^^^^^ not a member of trait `Visitor`\n     |\n     = note: this error originates in the macro `forward_to_deserialize_any_method` which comes from the expansion of the macro `forward_to_deserialize_any` (in Nightly builds, run with -Z macro-backtrace for more info)\n\nerror[E0407]: method `deserialize_u8` is not a member of trait `Visitor`\n    --> src/value/de.rs:1519:9\n     |\n1519 | ...   forward_to_deserialize_any! {bool i8 i16 i32 i64 u8 u16 u32 u64 f32 f64 char str string bytes byte_buf option seq map enum identifier newtype_struct tuple tuple_struct struct unit_variant}\n     |       ^^^^^^^^^^^^^^^^^^^^^^^^^^^^^^^^^^^^^^^^^^^^^^^^^^^^^^^^^^^^^^^^^^^^^^^^^^^^^^^^^^^^^^^^^^^^^^^^^^^^^^^^^^^^^^^^^^^^^^^^^^^^^^^^^^^^^^^^^^^^^^^^^^^^^^^^^^^^^^^^^^^^^^^^^^^^^^^^^^^^^^^^^^^^ not a member of trait `Visitor`\n     |\n     = note: this error originates in the macro `forward_to_deserialize_any_method` which comes from the expansion of the macro `forward_to_deserialize_any` (in Nightly builds, run with -Z macro-backtrace for more info)\n\nerror[E0407]: method `deserialize_u16` is not a member of trait `Visitor`\n    --> src/value/de.rs:1519:9\n     |\n1519 | ...   forward_to_deserialize_any! {bool i8 i16 i32 i64 u8 u16 u32 u64 f32 f64 char str string bytes byte_buf option seq map enum identifier newtype_struct tuple tuple_struct struct unit_variant}\n     |       ^^^^^^^^^^^^^^^^^^^^^^^^^^^^^^^^^^^^^^^^^^^^^^^^^^^^^^^^^^^^^^^^^^^^^^^^^^^^^^^^^^^^^^^^^^^^^^^^^^^^^^^^^^^^^^^^^^^^^^^^^^^^^^^^^^^^^^^^^^^^^^^^^^^^^^^^^^^^^^^^^^^^^^^^^^^^^^^^^^^^^^^^^^^^ not a member of trait `Visitor`\n     |\n     = note: this error originates in the macro `forward_to_deserialize_any_method` which comes from the expansion of the macro `forward_to_deserialize_any` (in Nightly builds, run with -Z macro-backtrace for more info)\n\nerror[E0407]: method `deserialize_u32` is not a member of trait `Visitor`\n    --> src/value/de.rs:1519:9\n     |\n1519 | ...   forward_to_deserialize_any! {bool i8 i16 i32 i64 u8 u16 u32 u64 f32 f64 char str string bytes byte_buf option seq map enum identifier newtype_struct tuple tuple_struct struct unit_variant}\n     |       ^^^^^^^^^^^^^^^^^^^^^^^^^^^^^^^^^^^^^^^^^^^^^^^^^^^^^^^^^^^^^^^^^^^^^^^^^^^^^^^^^^^^^^^^^^^^^^^^^^^^^^^^^^^^^^^^^^^^^^^^^^^^^^^^^^^^^^^^^^^^^^^^^^^^^^^^^^^^^^^^^^^^^^^^^^^^^^^^^^^^^^^^^^^^ not a member of trait `Visitor`\n     |\n     = note: this error originates in the macro `forward_to_deserialize_any_method` which comes from the expansion of the macro `forward_to_deserialize_any` (in Nightly builds, run with -Z macro-backtrace for more info)\n\nerror[E0407]: method `deserialize_u64` is not a member of trait `Visitor`\n    --> src/value/de.rs:1519:9\n     |\n1519 | ...   forward_to_deserialize_any! {bool i8 i16 i32 i64 u8 u16 u32 u64 f32 f64 char str string bytes byte_buf option seq map enum identifier newtype_struct tuple tuple_struct struct unit_variant}\n     |       ^^^^^^^^^^^^^^^^^^^^^^^^^^^^^^^^^^^^^^^^^^^^^^^^^^^^^^^^^^^^^^^^^^^^^^^^^^^^^^^^^^^^^^^^^^^^^^^^^^^^^^^^^^^^^^^^^^^^^^^^^^^^^^^^^^^^^^^^^^^^^^^^^^^^^^^^^^^^^^^^^^^^^^^^^^^^^^^^^^^^^^^^^^^^ not a member of trait `Visitor`\n     |\n     = note: this error originates in the macro `forward_to_deserialize_any_method` which comes from the expansion of the macro `forward_to_deserialize_any` (in Nightly builds, run with -Z macro-backtrace for more info)\n\nerror[E0407]: method `deserialize_f32` is not a member of trait `Visitor`\n    --> src/value/de.rs:1519:9\n     |\n1519 | ...   forward_to_deserialize_any! {bool i8 i16 i32 i64 u8 u16 u32 u64 f32 f64 char str string bytes byte_buf option seq map enum identifier newtype_struct tuple tuple_struct struct unit_variant}\n     |       ^^^^^^^^^^^^^^^^^^^^^^^^^^^^^^^^^^^^^^^^^^^^^^^^^^^^^^^^^^^^^^^^^^^^^^^^^^^^^^^^^^^^^^^^^^^^^^^^^^^^^^^^^^^^^^^^^^^^^^^^^^^^^^^^^^^^^^^^^^^^^^^^^^^^^^^^^^^^^^^^^^^^^^^^^^^^^^^^^^^^^^^^^^^^ not a member of trait `Visitor`\n     |\n     = note: this error originates in the macro `forward_to_deserialize_any_method` which comes from the expansion of the macro `forward_to_deserialize_any` (in Nightly builds, run with -Z macro-backtrace for more info)\n\nerror[E0407]: method `deserialize_f64` is not a member of trait `Visitor`\n    --> src/value/de.rs:1519:9\n     |\n1519 | ...   forward_to_deserialize_any! {bool i8 i16 i32 i64 u8 u16 u32 u64 f32 f64 char str string bytes byte_buf option seq map enum identifier newtype_struct tuple tuple_struct struct unit_variant}\n     |       ^^^^^^^^^^^^^^^^^^^^^^^^^^^^^^^^^^^^^^^^^^^^^^^^^^^^^^^^^^^^^^^^^^^^^^^^^^^^^^^^^^^^^^^^^^^^^^^^^^^^^^^^^^^^^^^^^^^^^^^^^^^^^^^^^^^^^^^^^^^^^^^^^^^^^^^^^^^^^^^^^^^^^^^^^^^^^^^^^^^^^^^^^^^^ not a member of trait `Visitor`\n     |\n     = note: this error originates in the macro `forward_to_deserialize_any_method` which comes from the expansion of the macro `forward_to_deserialize_any` (in Nightly builds, run with -Z macro-backtrace for more info)\n\nerror[E0407]: method `deserialize_char` is not a member of trait `Visitor`\n    --> src/value/de.rs:1519:9\n     |\n1519 | ...   forward_to_deserialize_any! {bool i8 i16 i32 i64 u8 u16 u32 u64 f32 f64 char str string bytes byte_buf option seq map enum identifier newtype_struct tuple tuple_struct struct unit_variant}\n     |       ^^^^^^^^^^^^^^^^^^^^^^^^^^^^^^^^^^^^^^^^^^^^^^^^^^^^^^^^^^^^^^^^^^^^^^^^^^^^^^^^^^^^^^^^^^^^^^^^^^^^^^^^^^^^^^^^^^^^^^^^^^^^^^^^^^^^^^^^^^^^^^^^^^^^^^^^^^^^^^^^^^^^^^^^^^^^^^^^^^^^^^^^^^^^ not a member of trait `Visitor`\n     |\n     = note: this error originates in the macro `forward_to_deserialize_any_method` which comes from the expansion of the macro `forward_to_deserialize_any` (in Nightly builds, run with -Z macro-backtrace for more info)\n\nerror[E0407]: method `deserialize_str` is not a member of trait `Visitor`\n    --> src/value/de.rs:1519:9\n     |\n1519 | ...   forward_to_deserialize_any! {bool i8 i16 i32 i64 u8 u16 u32 u64 f32 f64 char str string bytes byte_buf option seq map enum identifier newtype_struct tuple tuple_struct struct unit_variant}\n     |       ^^^^^^^^^^^^^^^^^^^^^^^^^^^^^^^^^^^^^^^^^^^^^^^^^^^^^^^^^^^^^^^^^^^^^^^^^^^^^^^^^^^^^^^^^^^^^^^^^^^^^^^^^^^^^^^^^^^^^^^^^^^^^^^^^^^^^^^^^^^^^^^^^^^^^^^^^^^^^^^^^^^^^^^^^^^^^^^^^^^^^^^^^^^^ not a member of trait `Visitor`\n     |\n     = note: this error originates in the macro `forward_to_deserialize_any_method` which comes from the expansion of the macro `forward_to_deserialize_any` (in Nightly builds, run with -Z macro-backtrace for more info)\n\nerror[E0407]: method `deserialize_string` is not a member of trait `Visitor`\n    --> src/value/de.rs:1519:9\n     |\n1519 | ...   forward_to_deserialize_any! {bool i8 i16 i32 i64 u8 u16 u32 u64 f32 f64 char str string bytes byte_buf option seq map enum identifier newtype_struct tuple tuple_struct struct unit_variant}\n     |       ^^^^^^^^^^^^^^^^^^^^^^^^^^^^^^^^^^^^^^^^^^^^^^^^^^^^^^^^^^^^^^^^^^^^^^^^^^^^^^^^^^^^^^^^^^^^^^^^^^^^^^^^^^^^^^^^^^^^^^^^^^^^^^^^^^^^^^^^^^^^^^^^^^^^^^^^^^^^^^^^^^^^^^^^^^^^^^^^^^^^^^^^^^^^ not a member of trait `Visitor`\n     |\n     = note: this error originates in the macro `forward_to_deserialize_any_method` which comes from the expansion of the macro `forward_to_deserialize_any` (in Nightly builds, run with -Z macro-backtrace for more info)\n\nerror[E0407]: method `deserialize_bytes` is not a member of trait `Visitor`\n    --> src/value/de.rs:1519:9\n     |\n1519 | ...   forward_to_deserialize_any! {bool i8 i16 i32 i64 u8 u16 u32 u64 f32 f64 char str string bytes byte_buf option seq map enum identifier newtype_struct tuple tuple_struct struct unit_variant}\n     |       ^^^^^^^^^^^^^^^^^^^^^^^^^^^^^^^^^^^^^^^^^^^^^^^^^^^^^^^^^^^^^^^^^^^^^^^^^^^^^^^^^^^^^^^^^^^^^^^^^^^^^^^^^^^^^^^^^^^^^^^^^^^^^^^^^^^^^^^^^^^^^^^^^^^^^^^^^^^^^^^^^^^^^^^^^^^^^^^^^^^^^^^^^^^^ not a member of trait `Visitor`\n     |\n     = note: this error originates in the macro `forward_to_deserialize_any_method` which comes from the expansion of the macro `forward_to_deserialize_any` (in Nightly builds, run with -Z macro-backtrace for more info)\n\nerror[E0407]: method `deserialize_byte_buf` is not a member of trait `Visitor`\n    --> src/value/de.rs:1519:9\n     |\n1519 | ...   forward_to_deserialize_any! {bool i8 i16 i32 i64 u8 u16 u32 u64 f32 f64 char str string bytes byte_buf option seq map enum identifier newtype_struct tuple tuple_struct struct unit_variant}\n     |       ^^^^^^^^^^^^^^^^^^^^^^^^^^^^^^^^^^^^^^^^^^^^^^^^^^^^^^^^^^^^^^^^^^^^^^^^^^^^^^^^^^^^^^^^^^^^^^^^^^^^^^^^^^^^^^^^^^^^^^^^^^^^^^^^^^^^^^^^^^^^^^^^^^^^^^^^^^^^^^^^^^^^^^^^^^^^^^^^^^^^^^^^^^^^ not a member of trait `Visitor`\n     |\n     = note: this error originates in the macro `forward_to_deserialize_any_method` which comes from the expansion of the macro `forward_to_deserialize_any` (in Nightly builds, run with -Z macro-backtrace for more info)\n\nerror[E0407]: method `deserialize_option` is not a member of trait `Visitor`\n    --> src/value/de.rs:1519:9\n     |\n1519 | ...   forward_to_deserialize_any! {bool i8 i16 i32 i64 u8 u16 u32 u64 f32 f64 char str string bytes byte_buf option seq map enum identifier newtype_struct tuple tuple_struct struct unit_variant}\n     |       ^^^^^^^^^^^^^^^^^^^^^^^^^^^^^^^^^^^^^^^^^^^^^^^^^^^^^^^^^^^^^^^^^^^^^^^^^^^^^^^^^^^^^^^^^^^^^^^^^^^^^^^^^^^^^^^^^^^^^^^^^^^^^^^^^^^^^^^^^^^^^^^^^^^^^^^^^^^^^^^^^^^^^^^^^^^^^^^^^^^^^^^^^^^^ not a member of trait `Visitor`\n     |\n     = note: this error originates in the macro `forward_to_deserialize_any_method` which comes from the expansion of the macro `forward_to_deserialize_any` (in Nightly builds, run with -Z macro-backtrace for more info)\n\nerror[E0407]: method `deserialize_seq` is not a member of trait `Visitor`\n    --> src/value/de.rs:1519:9\n     |\n1519 | ...   forward_to_deserialize_any! {bool i8 i16 i32 i64 u8 u16 u32 u64 f32 f64 char str string bytes byte_buf option seq map enum identifier newtype_struct tuple tuple_struct struct unit_variant}\n     |       ^^^^^^^^^^^^^^^^^^^^^^^^^^^^^^^^^^^^^^^^^^^^^^^^^^^^^^^^^^^^^^^^^^^^^^^^^^^^^^^^^^^^^^^^^^^^^^^^^^^^^^^^^^^^^^^^^^^^^^^^^^^^^^^^^^^^^^^^^^^^^^^^^^^^^^^^^^^^^^^^^^^^^^^^^^^^^^^^^^^^^^^^^^^^ not a member of trait `Visitor`\n     |\n     = note: this error originates in the macro `forward_to_deserialize_any_method` which comes from the expansion of the macro `forward_to_deserialize_any` (in Nightly builds, run with -Z macro-backtrace for more info)\n\nerror[E0407]: method `deserialize_map` is not a member of trait `Visitor`\n    --> src/value/de.rs:1519:9\n     |\n1519 | ...   forward_to_deserialize_any! {bool i8 i16 i32 i64 u8 u16 u32 u64 f32 f64 char str string bytes byte_buf option seq map enum identifier newtype_struct tuple tuple_struct struct unit_variant}\n     |       ^^^^^^^^^^^^^^^^^^^^^^^^^^^^^^^^^^^^^^^^^^^^^^^^^^^^^^^^^^^^^^^^^^^^^^^^^^^^^^^^^^^^^^^^^^^^^^^^^^^^^^^^^^^^^^^^^^^^^^^^^^^^^^^^^^^^^^^^^^^^^^^^^^^^^^^^^^^^^^^^^^^^^^^^^^^^^^^^^^^^^^^^^^^^ not a member of trait `Visitor`\n     |\n     = note: this error originates in the macro `forward_to_deserialize_any_method` which comes from the expansion of the macro `forward_to_deserialize_any` (in Nightly builds, run with -Z macro-backtrace for more info)\n\nerror[E0407]: method `deserialize_enum` is not a member of trait `Visitor`\n    --> src/value/de.rs:1519:9\n     |\n1519 | ...   forward_to_deserialize_any! {bool i8 i16 i32 i64 u8 u16 u32 u64 f32 f64 char str string bytes byte_buf option seq map enum identifier newtype_struct tuple tuple_struct struct unit_variant}\n     |       ^^^^^^^^^^^^^^^^^^^^^^^^^^^^^^^^^^^^^^^^^^^^^^^^^^^^^^^^^^^^^^^^^^^^^^^^^^^^^^^^^^^^^^^^^^^^^^^^^^^^^^^^^^^^^^^^^^^^^^^^^^^^^^^^^^^^^^^^^^^^^^^^^^^^^^^^^^^^^^^^^^^^^^^^^^^^^^^^^^^^^^^^^^^^ not a member of trait `Visitor`\n     |\n     = note: this error originates in the macro `forward_to_deserialize_any_method` which comes from the expansion of the macro `forward_to_deserialize_any` (in Nightly builds, run with -Z macro-backtrace for more info)\n\nerror[E0407]: method `deserialize_identifier` is not a member of trait `Visitor`\n    --> src/value/de.rs:1519:9\n     |\n1519 | ...   forward_to_deserialize_any! {bool i8 i16 i32 i64 u8 u16 u32 u64 f32 f64 char str string bytes byte_buf option seq map enum identifier newtype_struct tuple tuple_struct struct unit_variant}\n     |       ^^^^^^^^^^^^^^^^^^^^^^^^^^^^^^^^^^^^^^^^^^^^^^^^^^^^^^^^^^^^^^^^^^^^^^^^^^^^^^^^^^^^^^^^^^^^^^^^^^^^^^^^^^^^^^^^^^^^^^^^^^^^^^^^^^^^^^^^^^^^^^^^^^^^^^^^^^^^^^^^^^^^^^^^^^^^^^^^^^^^^^^^^^^^ not a member of trait `Visitor`\n     |\n     = note: this error originates in the macro `forward_to_deserialize_any_method` which comes from the expansion of the macro `forward_to_deserialize_any` (in Nightly builds, run with -Z macro-backtrace for more info)\n\nerror[E0407]: method `deserialize_newtype_struct` is not a member of trait `Visitor`\n    --> src/value/de.rs:1519:9\n     |\n1519 | ...   forward_to_deserialize_any! {bool i8 i16 i32 i64 u8 u16 u32 u64 f32 f64 char str string bytes byte_buf option seq map enum identifier newtype_struct tuple tuple_struct struct unit_variant}\n     |       ^^^^^^^^^^^^^^^^^^^^^^^^^^^^^^^^^^^^^^^^^^^^^^^^^^^^^^^^^^^^^^^^^^^^^^^^^^^^^^^^^^^^^^^^^^^^^^^^^^^^^^^^^^^^^^^^^^^^^^^^^^^^^^^^^^^^^^^^^^^^^^^^^^^^^^^^^^^^^^^^^^^^^^^^^^^^^^^^^^^^^^^^^^^^ not a member of trait `Visitor`\n     |\n     = note: this error originates in the macro `forward_to_deserialize_any_method` which comes from the expansion of the macro `forward_to_deserialize_any` (in Nightly builds, run with -Z macro-backtrace for more info)\n\nerror[E0407]: method `deserialize_tuple` is not a member of trait `Visitor`\n    --> src/value/de.rs:1519:9\n     |\n1519 | ...   forward_to_deserialize_any! {bool i8 i16 i32 i64 u8 u16 u32 u64 f32 f64 char str string bytes byte_buf option seq map enum identifier newtype_struct tuple tuple_struct struct unit_variant}\n     |       ^^^^^^^^^^^^^^^^^^^^^^^^^^^^^^^^^^^^^^^^^^^^^^^^^^^^^^^^^^^^^^^^^^^^^^^^^^^^^^^^^^^^^^^^^^^^^^^^^^^^^^^^^^^^^^^^^^^^^^^^^^^^^^^^^^^^^^^^^^^^^^^^^^^^^^^^^^^^^^^^^^^^^^^^^^^^^^^^^^^^^^^^^^^^ not a member of trait `Visitor`\n     |\n     = note: this error originates in the macro `forward_to_deserialize_any_method` which comes from the expansion of the macro `forward_to_deserialize_any` (in Nightly builds, run with -Z macro-backtrace for more info)\n\nerror[E0407]: method `deserialize_tuple_struct` is not a member of trait `Visitor`\n    --> src/value/de.rs:1519:9\n     |\n1519 | ...   forward_to_deserialize_any! {bool i8 i16 i32 i64 u8 u16 u32 u64 f32 f64 char str string bytes byte_buf option seq map enum identifier newtype_struct tuple tuple_struct struct unit_variant}\n     |       ^^^^^^^^^^^^^^^^^^^^^^^^^^^^^^^^^^^^^^^^^^^^^^^^^^^^^^^^^^^^^^^^^^^^^^^^^^^^^^^^^^^^^^^^^^^^^^^^^^^^^^^^^^^^^^^^^^^^^^^^^^^^^^^^^^^^^^^^^^^^^^^^^^^^^^^^^^^^^^^^^^^^^^^^^^^^^^^^^^^^^^^^^^^^ not a member of trait `Visitor`\n     |\n     = note: this error originates in the macro `forward_to_deserialize_any_method` which comes from the expansion of the macro `forward_to_deserialize_any` (in Nightly builds, run with -Z macro-backtrace for more info)\n\nerror[E0407]: method `deserialize_struct` is not a member of trait `Visitor`\n    --> src/value/de.rs:1519:9\n     |\n1519 | ...   forward_to_deserialize_any! {bool i8 i16 i32 i64 u8 u16 u32 u64 f32 f64 char str string bytes byte_buf option seq map enum identifier newtype_struct tuple tuple_struct struct unit_variant}\n     |       ^^^^^^^^^^^^^^^^^^^^^^^^^^^^^^^^^^^^^^^^^^^^^^^^^^^^^^^^^^^^^^^^^^^^^^^^^^^^^^^^^^^^^^^^^^^^^^^^^^^^^^^^^^^^^^^^^^^^^^^^^^^^^^^^^^^^^^^^^^^^^^^^^^^^^^^^^^^^^^^^^^^^^^^^^^^^^^^^^^^^^^^^^^^^ not a member of trait `Visitor`\n     |\n     = note: this error originates in the macro `forward_to_deserialize_any_method` which comes from the expansion of the macro `forward_to_deserialize_any` (in Nightly builds, run with -Z macro-backtrace for more info)\n\nwarning: unused import: `ntest::timeout`\n    --> src/value/de.rs:1504:8\n     |\n1504 |    use ntest::timeout;\n     |        ^^^^^^^^^^^^^^\n     |\n     = note: `#[warn(unused_imports)]` on by default\n\nerror[E0049]: method `visit_unit` has 0 type parameters but its trait declaration has 1 type parameter\n    --> src/value/de.rs:1514:22\n     |\n1514 |           fn visit_unit(self) -> Result<Self::Value, Error> {\n     |                        ^ found 0 type parameters\n     |\n    ::: /home/abezbm/.cargo/registry/src/index.crates.io-6f17d22bba15001f/serde-1.0.219/src/de/mod.rs:1625:5\n     |\n1625 | /     fn visit_unit<E>(self) -> Result<Self::Value, E>\n1626 | |     where\n1627 | |         E: Error,\n     | |_________________- expected 1 type parameter\n\nerror[E0046]: not all trait items implemented, missing: `expecting`\n    --> src/value/de.rs:1511:5\n     |\n1511 |     impl<'de> Visitor<'de> for TestVisitor {\n     |     ^^^^^^^^^^^^^^^^^^^^^^^^^^^^^^^^^^^^^^ missing `expecting` in implementation\n     |\n     = help: implement the missing item: `fn expecting(&self, _: &mut std::fmt::Formatter<'_>) -> std::result::Result<(), std::fmt::Error> { todo!() }`\n\nerror[E0277]: the trait bound `TestVisitor: serde::Deserializer<'de>` is not satisfied\n    --> src/value/de.rs:1519:9\n     |\n1519 | ...   forward_to_deserialize_any! {bool i8 i16 i32 i64 u8 u16 u32 u64 f32 f64 char str string bytes byte_buf option seq map enum identifier newtype_struct tuple tuple_struct struct unit_variant}\n     |       ^^^^^^^^^^^^^^^^^^^^^^^^^^^^^^^^^^^^^^^^^^^^^^^^^^^^^^^^^^^^^^^^^^^^^^^^^^^^^^^^^^^^^^^^^^^^^^^^^^^^^^^^^^^^^^^^^^^^^^^^^^^^^^^^^^^^^^^^^^^^^^^^^^^^^^^^^^^^^^^^^^^^^^^^^^^^^^^^^^^^^^^^^^^^ the trait `serde::Deserializer<'de>` is not implemented for `TestVisitor`\n     |\n     = help: the following other types implement trait `serde::Deserializer<'de>`:\n               &'de Value\n               &'de map::Map<std::string::String, Value>\n               &mut de::Deserializer<R>\n               &number::Number\n               BoolDeserializer<E>\n               BorrowedBytesDeserializer<'de, E>\n               BorrowedCowStrDeserializer<'de>\n               BytesDeserializer<'a, E>\n             and 34 others\n     = note: this error originates in the macro `forward_to_deserialize_any_method` which comes from the expansion of the macro `forward_to_deserialize_any` (in Nightly builds, run with -Z macro-backtrace for more info)\n\nerror[E0599]: no method named `deserialize_any` found for struct `TestVisitor` in the current scope\n    --> src/value/de.rs:1519:9\n     |\n1509 |     struct TestVisitor;\n     |     ------------------ method `deserialize_any` not found for this struct\n...\n1519 |         forward_to_deserialize_any! {bool i8 i16 i32 i64 u8 u16 u32 u64 f32 f64 char str string bytes byte_buf option seq map enum identifier newtype_struct tuple tuple_struct struct unit_variant}\n     |         ^^^^^^^^^^^^^^^^^^^^^^^^^^^^^^^^^^^^^^^^^^^^^^^^^^^^^^^^^^^^^^^^^^^^^^^^^^^^^^^^^^^^^^^^^^^^^^^^^^^^^^^^^^^^^^^^^^^^^^^^^^^^^^^^^^^^^^^^^^^^^^^^^^^^^^^^^^^^^^^^^^^^^^^^^^^^^^^^^^^^^^^^^^^^ method not found in `TestVisitor`\n     |\n     = help: items from traits can only be used if the trait is implemented and in scope\n     = note: the following trait defines an item `deserialize_any`, perhaps you need to implement it:\n             candidate #1: `serde::Deserializer`\n     = note: this error originates in the macro `forward_to_deserialize_any_method` which comes from the expansion of the macro `forward_to_deserialize_any` (in Nightly builds, run with -Z macro-backtrace for more info)\n\nSome errors have detailed explanations: E0046, E0049, E0277, E0407, E0599.\nFor more information about an error, try `rustc --explain E0046`.\nwarning: `serde_json` (lib test) generated 1 warning\nerror: could not compile `serde_json` (lib test) due to 103 previous errors; 1 warning emitted\n"
                }
              ],
              "repaired": [
                false
              ]
            }
          ]
        }
      ]
    },
    {
      "chain_id": 3,
      "prompt_conds": [
        "// constraint: self.value matches Some(Value::Array(v)) or Some(other) is true\n",
        "// constraint: self.value matches  is true\n",
        "// constraint: self.value matches Some(Value::Array(v)) is true\n",
        "// constraint: v.is_empty() is false\n"
      ],
      "input_infer": "",
      "answers": [
        {
          "uses": [],
          "has_test_mod": false,
          "common": [],
          "chain_tests": [
            {
              "attrs": [],
              "prefix": [],
              "oracles": [],
              "codes": [
                [
                  "{",
                  "    struct TestVisitor;",
                  "",
                  "    impl<'de> Visitor<'de> for TestVisitor {",
                  "        type Value = String;",
                  "",
                  "        fn visit_unit(self) -> Result<Self::Value, Error> {",
                  "            Ok(\"visited unit\".to_string())",
                  "        }",
                  "",
                  "        fn visit_seq<V>(self, _: &mut V) -> Result<Self::Value, Error>",
                  "        where",
                  "            V: SeqAccess<'de>,",
                  "        {",
                  "            Ok(\"visited sequence\".to_string())",
                  "        }",
                  "",
                  "        // Implement other required methods if needed, to satisfy Trait bounds",
                  "    }",
                  "",
                  "    let value = Value::Array(vec![Value::Bool(true), Value::Bool(false)]);",
                  "    let deserializer = VariantDeserializer { value: Some(value) };",
                  "    ",
                  "    let result = deserializer.tuple_variant(2, TestVisitor);",
                  "    assert_eq!(result.unwrap(), \"visited sequence\");",
                  "}"
                ]
              ],
              "can_compile": [
                {
                  "Err": "   Compiling proc-macro2 v1.0.95\n   Compiling serde v1.0.219\n   Compiling syn v1.0.109\n   Compiling libc v0.2.172\n   Compiling target-triple v0.1.4\n   Compiling serde_json v1.0.140\n   Compiling ref-cast v1.0.24\n   Compiling rustversion v1.0.20\n   Compiling serde_json v1.0.140 (/home/abezbm/rust-utgen-test-crates-new/json)\n   Compiling psm v0.1.26\n   Compiling stacker v0.1.21\n   Compiling quote v1.0.40\n   Compiling syn v2.0.101\n   Compiling serde_derive v1.0.219\n   Compiling ref-cast-impl v1.0.24\n   Compiling automod v1.0.15\n   Compiling ntest_timeout v0.9.3\n   Compiling ntest_test_cases v0.9.3\n   Compiling ntest v0.9.3\n   Compiling toml_datetime v0.6.9\n   Compiling serde_spanned v0.6.8\n   Compiling serde_bytes v0.11.17\n   Compiling serde_stacker v0.1.12\n   Compiling toml_edit v0.22.25\n   Compiling toml v0.8.21\n   Compiling trybuild v1.0.104\nwarning: unused import: `ntest::timeout`\n    --> src/value/de.rs:1504:8\n     |\n1504 |    use ntest::timeout;\n     |        ^^^^^^^^^^^^^^\n     |\n     = note: `#[warn(unused_imports)]` on by default\n\nerror[E0049]: method `visit_unit` has 0 type parameters but its trait declaration has 1 type parameter\n    --> src/value/de.rs:1513:22\n     |\n1513 |           fn visit_unit(self) -> Result<Self::Value, Error> {\n     |                        ^ found 0 type parameters\n     |\n    ::: /home/abezbm/.cargo/registry/src/index.crates.io-6f17d22bba15001f/serde-1.0.219/src/de/mod.rs:1625:5\n     |\n1625 | /     fn visit_unit<E>(self) -> Result<Self::Value, E>\n1626 | |     where\n1627 | |         E: Error,\n     | |_________________- expected 1 type parameter\n\nerror[E0053]: method `visit_seq` has an incompatible type for trait\n    --> src/value/de.rs:1517:34\n     |\n1517 |         fn visit_seq<V>(self, _: &mut V) -> Result<Self::Value, Error>\n     |                      -           ^^^^^^ expected type parameter `V`, found `&mut V`\n     |                      |\n     |                      expected this type parameter\n     |\n     = note: expected signature `fn(TestVisitor, _) -> std::result::Result<_, <V as serde::de::SeqAccess<'de>>::Error>`\n                found signature `fn(TestVisitor, &mut _) -> std::result::Result<_, error::Error>`\nhelp: change the parameter type to match the trait\n     |\n1517 |         fn visit_seq<V>(self, _: V) -> Result<Self::Value, Error>\n     |                                  ~\n\nerror[E0046]: not all trait items implemented, missing: `expecting`\n    --> src/value/de.rs:1510:5\n     |\n1510 |     impl<'de> Visitor<'de> for TestVisitor {\n     |     ^^^^^^^^^^^^^^^^^^^^^^^^^^^^^^^^^^^^^^ missing `expecting` in implementation\n     |\n     = help: implement the missing item: `fn expecting(&self, _: &mut std::fmt::Formatter<'_>) -> std::result::Result<(), std::fmt::Error> { todo!() }`\n\nSome errors have detailed explanations: E0046, E0049, E0053.\nFor more information about an error, try `rustc --explain E0046`.\nwarning: `serde_json` (lib test) generated 1 warning\nerror: could not compile `serde_json` (lib test) due to 3 previous errors; 1 warning emitted\n"
                }
              ],
              "repaired": [
                false
              ]
            },
            {
              "attrs": [],
              "prefix": [],
              "oracles": [],
              "codes": [
                [
                  "{",
                  "    struct TestVisitor;",
                  "",
                  "    impl<'de> Visitor<'de> for TestVisitor {",
                  "        type Value = String;",
                  "",
                  "        fn visit_unit(self) -> Result<Self::Value, Error> {",
                  "            Ok(\"visited unit\".to_string())",
                  "        }",
                  "",
                  "        fn visit_seq<V>(self, _: &mut V) -> Result<Self::Value, Error>",
                  "        where",
                  "            V: SeqAccess<'de>,",
                  "        {",
                  "            Ok(\"visited sequence\".to_string())",
                  "        }",
                  "",
                  "        // Implement other required methods if needed, to satisfy Trait bounds",
                  "    }",
                  "    ",
                  "    let value = Value::Array(vec![]);",
                  "    let deserializer = VariantDeserializer { value: Some(value) };",
                  "    ",
                  "    let result = deserializer.tuple_variant(0, TestVisitor);",
                  "    assert_eq!(result.unwrap(), \"visited unit\");",
                  "}"
                ]
              ],
              "can_compile": [
                {
                  "Err": "   Compiling proc-macro2 v1.0.95\n   Compiling serde v1.0.219\n   Compiling syn v1.0.109\n   Compiling libc v0.2.172\n   Compiling serde_json v1.0.140\n   Compiling target-triple v0.1.4\n   Compiling ref-cast v1.0.24\n   Compiling rustversion v1.0.20\n   Compiling serde_json v1.0.140 (/home/abezbm/rust-utgen-test-crates-new/json)\n   Compiling psm v0.1.26\n   Compiling stacker v0.1.21\n   Compiling quote v1.0.40\n   Compiling syn v2.0.101\n   Compiling serde_derive v1.0.219\n   Compiling ref-cast-impl v1.0.24\n   Compiling automod v1.0.15\n   Compiling ntest_timeout v0.9.3\n   Compiling ntest_test_cases v0.9.3\n   Compiling ntest v0.9.3\n   Compiling serde_spanned v0.6.8\n   Compiling toml_datetime v0.6.9\n   Compiling serde_bytes v0.11.17\n   Compiling serde_stacker v0.1.12\n   Compiling toml_edit v0.22.25\n   Compiling toml v0.8.21\n   Compiling trybuild v1.0.104\nwarning: unused import: `ntest::timeout`\n    --> src/value/de.rs:1504:8\n     |\n1504 |    use ntest::timeout;\n     |        ^^^^^^^^^^^^^^\n     |\n     = note: `#[warn(unused_imports)]` on by default\n\nerror[E0049]: method `visit_unit` has 0 type parameters but its trait declaration has 1 type parameter\n    --> src/value/de.rs:1513:22\n     |\n1513 |           fn visit_unit(self) -> Result<Self::Value, Error> {\n     |                        ^ found 0 type parameters\n     |\n    ::: /home/abezbm/.cargo/registry/src/index.crates.io-6f17d22bba15001f/serde-1.0.219/src/de/mod.rs:1625:5\n     |\n1625 | /     fn visit_unit<E>(self) -> Result<Self::Value, E>\n1626 | |     where\n1627 | |         E: Error,\n     | |_________________- expected 1 type parameter\n\nerror[E0053]: method `visit_seq` has an incompatible type for trait\n    --> src/value/de.rs:1517:34\n     |\n1517 |         fn visit_seq<V>(self, _: &mut V) -> Result<Self::Value, Error>\n     |                      -           ^^^^^^ expected type parameter `V`, found `&mut V`\n     |                      |\n     |                      expected this type parameter\n     |\n     = note: expected signature `fn(TestVisitor, _) -> std::result::Result<_, <V as serde::de::SeqAccess<'de>>::Error>`\n                found signature `fn(TestVisitor, &mut _) -> std::result::Result<_, error::Error>`\nhelp: change the parameter type to match the trait\n     |\n1517 |         fn visit_seq<V>(self, _: V) -> Result<Self::Value, Error>\n     |                                  ~\n\nerror[E0046]: not all trait items implemented, missing: `expecting`\n    --> src/value/de.rs:1510:5\n     |\n1510 |     impl<'de> Visitor<'de> for TestVisitor {\n     |     ^^^^^^^^^^^^^^^^^^^^^^^^^^^^^^^^^^^^^^ missing `expecting` in implementation\n     |\n     = help: implement the missing item: `fn expecting(&self, _: &mut std::fmt::Formatter<'_>) -> std::result::Result<(), std::fmt::Error> { todo!() }`\n\nSome errors have detailed explanations: E0046, E0049, E0053.\nFor more information about an error, try `rustc --explain E0046`.\nwarning: `serde_json` (lib test) generated 1 warning\nerror: could not compile `serde_json` (lib test) due to 3 previous errors; 1 warning emitted\n"
                }
              ],
              "repaired": [
                false
              ]
            },
            {
              "attrs": [],
              "prefix": [],
              "oracles": [],
              "codes": [
                [
                  "{",
                  "    struct TestVisitor;",
                  "",
                  "    impl<'de> Visitor<'de> for TestVisitor {",
                  "        type Value = String;",
                  "",
                  "        fn visit_unit(self) -> Result<Self::Value, Error> {",
                  "            Ok(\"visited unit\".to_string())",
                  "        }",
                  "",
                  "        fn visit_seq<V>(self, _: &mut V) -> Result<Self::Value, Error>",
                  "        where",
                  "            V: SeqAccess<'de>,",
                  "        {",
                  "            Ok(\"visited sequence\".to_string())",
                  "        }",
                  "",
                  "        // Implement other required methods if needed, to satisfy Trait bounds",
                  "    }",
                  "",
                  "    let value = Value::String(\"not an array\".to_string());",
                  "    let deserializer = VariantDeserializer { value: Some(value) };",
                  "",
                  "    let result = deserializer.tuple_variant(0, TestVisitor);",
                  "    assert!(result.is_err());",
                  "}"
                ]
              ],
              "can_compile": [
                {
                  "Err": "   Compiling proc-macro2 v1.0.95\n   Compiling serde v1.0.219\n   Compiling syn v1.0.109\n   Compiling libc v0.2.172\n   Compiling target-triple v0.1.4\n   Compiling serde_json v1.0.140\n   Compiling ref-cast v1.0.24\n   Compiling rustversion v1.0.20\n   Compiling serde_json v1.0.140 (/home/abezbm/rust-utgen-test-crates-new/json)\n   Compiling psm v0.1.26\n   Compiling stacker v0.1.21\n   Compiling quote v1.0.40\n   Compiling syn v2.0.101\n   Compiling serde_derive v1.0.219\n   Compiling ref-cast-impl v1.0.24\n   Compiling automod v1.0.15\n   Compiling ntest_test_cases v0.9.3\n   Compiling ntest_timeout v0.9.3\n   Compiling ntest v0.9.3\n   Compiling serde_spanned v0.6.8\n   Compiling toml_datetime v0.6.9\n   Compiling serde_stacker v0.1.12\n   Compiling serde_bytes v0.11.17\n   Compiling toml_edit v0.22.25\n   Compiling toml v0.8.21\n   Compiling trybuild v1.0.104\nwarning: unused import: `ntest::timeout`\n    --> src/value/de.rs:1504:8\n     |\n1504 |    use ntest::timeout;\n     |        ^^^^^^^^^^^^^^\n     |\n     = note: `#[warn(unused_imports)]` on by default\n\nerror[E0049]: method `visit_unit` has 0 type parameters but its trait declaration has 1 type parameter\n    --> src/value/de.rs:1513:22\n     |\n1513 |           fn visit_unit(self) -> Result<Self::Value, Error> {\n     |                        ^ found 0 type parameters\n     |\n    ::: /home/abezbm/.cargo/registry/src/index.crates.io-6f17d22bba15001f/serde-1.0.219/src/de/mod.rs:1625:5\n     |\n1625 | /     fn visit_unit<E>(self) -> Result<Self::Value, E>\n1626 | |     where\n1627 | |         E: Error,\n     | |_________________- expected 1 type parameter\n\nerror[E0053]: method `visit_seq` has an incompatible type for trait\n    --> src/value/de.rs:1517:34\n     |\n1517 |         fn visit_seq<V>(self, _: &mut V) -> Result<Self::Value, Error>\n     |                      -           ^^^^^^ expected type parameter `V`, found `&mut V`\n     |                      |\n     |                      expected this type parameter\n     |\n     = note: expected signature `fn(TestVisitor, _) -> std::result::Result<_, <V as serde::de::SeqAccess<'de>>::Error>`\n                found signature `fn(TestVisitor, &mut _) -> std::result::Result<_, error::Error>`\nhelp: change the parameter type to match the trait\n     |\n1517 |         fn visit_seq<V>(self, _: V) -> Result<Self::Value, Error>\n     |                                  ~\n\nerror[E0046]: not all trait items implemented, missing: `expecting`\n    --> src/value/de.rs:1510:5\n     |\n1510 |     impl<'de> Visitor<'de> for TestVisitor {\n     |     ^^^^^^^^^^^^^^^^^^^^^^^^^^^^^^^^^^^^^^ missing `expecting` in implementation\n     |\n     = help: implement the missing item: `fn expecting(&self, _: &mut std::fmt::Formatter<'_>) -> std::result::Result<(), std::fmt::Error> { todo!() }`\n\nSome errors have detailed explanations: E0046, E0049, E0053.\nFor more information about an error, try `rustc --explain E0046`.\nwarning: `serde_json` (lib test) generated 1 warning\nerror: could not compile `serde_json` (lib test) due to 3 previous errors; 1 warning emitted\n"
                }
              ],
              "repaired": [
                false
              ]
            },
            {
              "attrs": [],
              "prefix": [],
              "oracles": [],
              "codes": [
                [
                  "{",
                  "    struct TestVisitor;",
                  "",
                  "    impl<'de> Visitor<'de> for TestVisitor {",
                  "        type Value = String;",
                  "",
                  "        fn visit_unit(self) -> Result<Self::Value, Error> {",
                  "            Ok(\"visited unit\".to_string())",
                  "        }",
                  "",
                  "        fn visit_seq<V>(self, _: &mut V) -> Result<Self::Value, Error>",
                  "        where",
                  "            V: SeqAccess<'de>,",
                  "        {",
                  "            Ok(\"visited sequence\".to_string())",
                  "        }",
                  "",
                  "        // Implement other required methods if needed, to satisfy Trait bounds",
                  "    }",
                  "",
                  "    let deserializer = VariantDeserializer { value: None };",
                  "",
                  "    let result = deserializer.tuple_variant(0, TestVisitor);",
                  "    assert!(result.is_err());",
                  "}"
                ]
              ],
              "can_compile": [
                {
                  "Err": "   Compiling proc-macro2 v1.0.95\n   Compiling serde v1.0.219\n   Compiling syn v1.0.109\n   Compiling libc v0.2.172\n   Compiling serde_json v1.0.140\n   Compiling target-triple v0.1.4\n   Compiling ref-cast v1.0.24\n   Compiling rustversion v1.0.20\n   Compiling serde_json v1.0.140 (/home/abezbm/rust-utgen-test-crates-new/json)\n   Compiling psm v0.1.26\n   Compiling stacker v0.1.21\n   Compiling quote v1.0.40\n   Compiling syn v2.0.101\n   Compiling serde_derive v1.0.219\n   Compiling ref-cast-impl v1.0.24\n   Compiling automod v1.0.15\n   Compiling ntest_timeout v0.9.3\n   Compiling ntest_test_cases v0.9.3\n   Compiling ntest v0.9.3\n   Compiling toml_datetime v0.6.9\n   Compiling serde_spanned v0.6.8\n   Compiling serde_bytes v0.11.17\n   Compiling serde_stacker v0.1.12\n   Compiling toml_edit v0.22.25\n   Compiling toml v0.8.21\n   Compiling trybuild v1.0.104\nwarning: unused import: `ntest::timeout`\n    --> src/value/de.rs:1504:8\n     |\n1504 |    use ntest::timeout;\n     |        ^^^^^^^^^^^^^^\n     |\n     = note: `#[warn(unused_imports)]` on by default\n\nerror[E0049]: method `visit_unit` has 0 type parameters but its trait declaration has 1 type parameter\n    --> src/value/de.rs:1513:22\n     |\n1513 |           fn visit_unit(self) -> Result<Self::Value, Error> {\n     |                        ^ found 0 type parameters\n     |\n    ::: /home/abezbm/.cargo/registry/src/index.crates.io-6f17d22bba15001f/serde-1.0.219/src/de/mod.rs:1625:5\n     |\n1625 | /     fn visit_unit<E>(self) -> Result<Self::Value, E>\n1626 | |     where\n1627 | |         E: Error,\n     | |_________________- expected 1 type parameter\n\nerror[E0053]: method `visit_seq` has an incompatible type for trait\n    --> src/value/de.rs:1517:34\n     |\n1517 |         fn visit_seq<V>(self, _: &mut V) -> Result<Self::Value, Error>\n     |                      -           ^^^^^^ expected type parameter `V`, found `&mut V`\n     |                      |\n     |                      expected this type parameter\n     |\n     = note: expected signature `fn(TestVisitor, _) -> std::result::Result<_, <V as serde::de::SeqAccess<'de>>::Error>`\n                found signature `fn(TestVisitor, &mut _) -> std::result::Result<_, error::Error>`\nhelp: change the parameter type to match the trait\n     |\n1517 |         fn visit_seq<V>(self, _: V) -> Result<Self::Value, Error>\n     |                                  ~\n\nerror[E0046]: not all trait items implemented, missing: `expecting`\n    --> src/value/de.rs:1510:5\n     |\n1510 |     impl<'de> Visitor<'de> for TestVisitor {\n     |     ^^^^^^^^^^^^^^^^^^^^^^^^^^^^^^^^^^^^^^ missing `expecting` in implementation\n     |\n     = help: implement the missing item: `fn expecting(&self, _: &mut std::fmt::Formatter<'_>) -> std::result::Result<(), std::fmt::Error> { todo!() }`\n\nSome errors have detailed explanations: E0046, E0049, E0053.\nFor more information about an error, try `rustc --explain E0046`.\nwarning: `serde_json` (lib test) generated 1 warning\nerror: could not compile `serde_json` (lib test) due to 3 previous errors; 1 warning emitted\n"
                }
              ],
              "repaired": [
                false
              ]
            }
          ]
        }
      ]
    },
    {
      "chain_id": 4,
      "prompt_conds": [
        "// constraint: self.value matches None is true\n",
        "// expected return value/type: Err(serde::de::Error::invalid_type(\n                Unexpected::UnitVariant,\n                &\"tuple variant\",\n            ))\n"
      ],
      "input_infer": "",
      "answers": [
        {
          "uses": [],
          "has_test_mod": false,
          "common": [],
          "chain_tests": [
            {
              "attrs": [],
              "prefix": [],
              "oracles": [],
              "codes": [
                [
                  "{",
                  "    struct TestVisitor;",
                  "",
                  "    impl<'de> Visitor<'de> for TestVisitor {",
                  "        type Value = Result<(), Error>;",
                  "",
                  "        fn visit_unit(self) -> Self::Value {",
                  "            Ok(())",
                  "        }",
                  "",
                  "        fn visit_seq<V>(self, _visitor: V) -> Result<Self::Value, Error>",
                  "        where",
                  "            V: serde::de::SeqAccess<'de>,",
                  "        {",
                  "            Err(Error)",
                  "        }",
                  "    }",
                  "",
                  "    let variant_deserializer = VariantDeserializer { value: None };",
                  "    let result = variant_deserializer.tuple_variant(0, TestVisitor);",
                  "",
                  "    assert!(result.is_err());",
                  "    match result {",
                  "        Err(e) => {",
                  "            let expected_error = Error::invalid_type(Unexpected::UnitVariant, &\"tuple variant\");",
                  "            assert_eq!(format!(\"{:?}\", e), format!(\"{:?}\", expected_error));",
                  "        }",
                  "        _ => panic!(\"Expected an error but got a valid value\"),",
                  "    }",
                  "}"
                ]
              ],
              "can_compile": [
                {
                  "Err": "   Compiling proc-macro2 v1.0.95\n   Compiling serde v1.0.219\n   Compiling syn v1.0.109\n   Compiling libc v0.2.172\n   Compiling target-triple v0.1.4\n   Compiling serde_json v1.0.140\n   Compiling rustversion v1.0.20\n   Compiling ref-cast v1.0.24\n   Compiling serde_json v1.0.140 (/home/abezbm/rust-utgen-test-crates-new/json)\n   Compiling psm v0.1.26\n   Compiling stacker v0.1.21\n   Compiling quote v1.0.40\n   Compiling syn v2.0.101\n   Compiling serde_derive v1.0.219\n   Compiling ref-cast-impl v1.0.24\n   Compiling automod v1.0.15\n   Compiling ntest_timeout v0.9.3\n   Compiling ntest_test_cases v0.9.3\n   Compiling ntest v0.9.3\n   Compiling serde_spanned v0.6.8\n   Compiling toml_datetime v0.6.9\n   Compiling serde_stacker v0.1.12\n   Compiling serde_bytes v0.11.17\n   Compiling toml_edit v0.22.25\n   Compiling toml v0.8.21\n   Compiling trybuild v1.0.104\nerror[E0423]: expected value, found struct `Error`\n    --> src/value/de.rs:1521:17\n     |\n1521 |               Err(Error)\n     |                   ^^^^^\n     |\n    ::: src/error.rs:17:1\n     |\n17   | / pub struct Error {\n18   | |     /// This `Box` allows us to keep the size of `Error` as small as possible. A\n19   | |     /// larger `Error` type was substantially slower due to all the functions\n20   | |     /// that pass around `Result<T, Error>`.\n21   | |     err: Box<ErrorImpl>,\n22   | | }\n     | |_- `Error` defined here\n     |\nhelp: use struct literal syntax instead\n     |\n1521 |             Err(Error { err: val })\n     |                 ~~~~~~~~~~~~~~~~~~\nhelp: consider importing one of these unit structs instead\n     |\n1503 +    use crate::value::fmt::Error;\n     |\n1503 +    use std::fmt::Error;\n     |\n1503 +    use alloc::fmt::Error;\n     |\n\nwarning: unused import: `ntest::timeout`\n    --> src/value/de.rs:1504:8\n     |\n1504 |    use ntest::timeout;\n     |        ^^^^^^^^^^^^^^\n     |\n     = note: `#[warn(unused_imports)]` on by default\n\nerror[E0049]: method `visit_unit` has 0 type parameters but its trait declaration has 1 type parameter\n    --> src/value/de.rs:1513:22\n     |\n1513 |           fn visit_unit(self) -> Self::Value {\n     |                        ^ found 0 type parameters\n     |\n    ::: /home/abezbm/.cargo/registry/src/index.crates.io-6f17d22bba15001f/serde-1.0.219/src/de/mod.rs:1625:5\n     |\n1625 | /     fn visit_unit<E>(self) -> Result<Self::Value, E>\n1626 | |     where\n1627 | |         E: Error,\n     | |_________________- expected 1 type parameter\n\nerror[E0053]: method `visit_seq` has an incompatible type for trait\n    --> src/value/de.rs:1517:47\n     |\n1517 |         fn visit_seq<V>(self, _visitor: V) -> Result<Self::Value, Error>\n     |                                               ^^^^^^^^^^^^^^^^^^^^^^^^^^ expected associated type, found `error::Error`\n     |\n     = note: expected signature `fn(TestVisitor, _) -> std::result::Result<_, <V as serde::de::SeqAccess<'de>>::Error>`\n                found signature `fn(TestVisitor, _) -> std::result::Result<_, error::Error>`\nhelp: change the output type to match the trait\n     |\n1517 |         fn visit_seq<V>(self, _visitor: V) -> std::result::Result<std::result::Result<(), error::Error>, <V as serde::de::SeqAccess<'de>>::Error>\n     |                                               ~~~~~~~~~~~~~~~~~~~~~~~~~~~~~~~~~~~~~~~~~~~~~~~~~~~~~~~~~~~~~~~~~~~~~~~~~~~~~~~~~~~~~~~~~~~~~~~~~~~\n\nerror[E0046]: not all trait items implemented, missing: `expecting`\n    --> src/value/de.rs:1510:5\n     |\n1510 |     impl<'de> Visitor<'de> for TestVisitor {\n     |     ^^^^^^^^^^^^^^^^^^^^^^^^^^^^^^^^^^^^^^ missing `expecting` in implementation\n     |\n     = help: implement the missing item: `fn expecting(&self, _: &mut std::fmt::Formatter<'_>) -> std::result::Result<(), std::fmt::Error> { todo!() }`\n\nerror[E0599]: no function or associated item named `invalid_type` found for struct `error::Error` in the current scope\n    --> src/value/de.rs:1531:41\n     |\n1531 |             let expected_error = Error::invalid_type(Unexpected::UnitVariant, &\"tuple variant\");\n     |                                         ^^^^^^^^^^^^ function or associated item not found in `Error`\n     |\n    ::: src/error.rs:17:1\n     |\n17   | pub struct Error {\n     | ---------------- function or associated item `invalid_type` not found for this struct\n     |\nnote: if you're trying to build a new `error::Error` consider using one of the following associated functions:\n      error::Error::syntax\n      error::Error::io\n    --> src/error.rs:315:5\n     |\n315  |     pub(crate) fn syntax(code: ErrorCode, line: usize, column: usize) -> Self {\n     |     ^^^^^^^^^^^^^^^^^^^^^^^^^^^^^^^^^^^^^^^^^^^^^^^^^^^^^^^^^^^^^^^^^^^^^^^^^\n...\n326  |     pub fn io(error: io::Error) -> Self {\n     |     ^^^^^^^^^^^^^^^^^^^^^^^^^^^^^^^^^^^\n     = help: items from traits can only be used if the trait is in scope\nhelp: trait `Error` which provides `invalid_type` is implemented but not in scope; perhaps you want to import it\n     |\n1503 +    use serde::de::Error;\n     |\nhelp: there is an associated function `invalid_value` with a similar name\n     |\n1531 |             let expected_error = Error::invalid_value(Unexpected::UnitVariant, &\"tuple variant\");\n     |                                         ~~~~~~~~~~~~~\n\nSome errors have detailed explanations: E0046, E0049, E0053, E0423, E0599.\nFor more information about an error, try `rustc --explain E0046`.\nwarning: `serde_json` (lib test) generated 1 warning\nerror: could not compile `serde_json` (lib test) due to 5 previous errors; 1 warning emitted\n"
                }
              ],
              "repaired": [
                false
              ]
            }
          ]
        }
      ]
    }
  ]
}