{
  "name": "serde_json::value::de::value::de::<impl serde::Deserializer<'de> for value::Value>::deserialize_enum",
  "name_with_impl": "serde_json::value::de::{impl#3}::deserialize_enum",
  "mod_info": {
    "name": "value::de",
    "loc": "src/value/mod.rs:927:1:927:8"
  },
  "visible": true,
  "loc": "src/value/de.rs:321:5:341:6",
  "fn_tests": [
    {
      "chain_id": 1,
      "prompt_conds": [
        "// constraint: self matches Value::Object(value) is false\n",
        "// constraint: self matches Value::String(variant) is false\n",
        "// expected return value/type: Err(serde::de::Error::invalid_type(\n                other.unexpected(),\n                &\"string or map\",\n            ))\n"
      ],
      "input_infer": "",
      "answers": [
        {
          "uses": [],
          "has_test_mod": false,
          "common": [
            "struct MyVisitor {}",
            "",
            "impl<'de> Visitor<'de> for MyVisitor {",
            "    type Value = ();",
            "",
            "    fn expecting(&self, formatter: &mut fmt::Formatter) -> fmt::Result {",
            "        formatter.write_str(\"an enum\")",
            "    }",
            "",
            "    // Implement other required methods by not actually using them for this test",
            "    fn visit_enum<V>(self, _enum: V) -> Result<Self::Value, Error>",
            "    where",
            "        V: EnumAccess<'de>,",
            "    {",
            "        Ok(())",
            "    }",
            "    // Other methods like visit_bool, visit_str, etc., can be added as no-op.",
            "}"
          ],
          "chain_tests": [
            {
              "attrs": [],
              "prefix": [],
              "oracles": [],
              "codes": [
                [
                  "{",
                  "    // Create a Value that does not match Value::Object or Value::String",
                  "    let value = Value::Null; // This violates both constraints",
                  "",
                  "    let result: Result<(), Error> = value.deserialize_enum(\"enum_name\", &[\"variant1\", \"variant2\"], MyVisitor {});",
                  "",
                  "    assert!(result.is_err()); // We expect an error",
                  "}"
                ]
              ],
              "can_compile": [
                {
                  "Err": "   Compiling proc-macro2 v1.0.95\n   Compiling serde v1.0.219\n   Compiling syn v1.0.109\n   Compiling libc v0.2.172\n   Compiling target-triple v0.1.4\n   Compiling serde_json v1.0.140\n   Compiling rustversion v1.0.20\n   Compiling ref-cast v1.0.24\n   Compiling serde_json v1.0.140 (/home/abezbm/rust-utgen-test-crates-new/json)\n   Compiling psm v0.1.26\n   Compiling stacker v0.1.21\n   Compiling quote v1.0.40\n   Compiling syn v2.0.101\n   Compiling serde_derive v1.0.219\n   Compiling ref-cast-impl v1.0.24\n   Compiling automod v1.0.15\n   Compiling ntest_test_cases v0.9.3\n   Compiling ntest_timeout v0.9.3\n   Compiling ntest v0.9.3\n   Compiling serde_spanned v0.6.8\n   Compiling toml_datetime v0.6.9\n   Compiling serde_bytes v0.11.17\n   Compiling serde_stacker v0.1.12\n   Compiling toml_edit v0.22.25\n   Compiling toml v0.8.21\n   Compiling trybuild v1.0.104\nwarning: unused import: `ntest::timeout`\n    --> src/value/de.rs:1504:8\n     |\n1504 |    use ntest::timeout;\n     |        ^^^^^^^^^^^^^^\n     |\n     = note: `#[warn(unused_imports)]` on by default\n\nerror[E0053]: method `visit_enum` has an incompatible type for trait\n    --> src/value/de.rs:1515:41\n     |\n1515 |     fn visit_enum<V>(self, _enum: V) -> Result<Self::Value, Error>\n     |                                         ^^^^^^^^^^^^^^^^^^^^^^^^^^ expected associated type, found `error::Error`\n     |\n     = note: expected signature `fn(MyVisitor, _) -> std::result::Result<_, <V as serde::de::EnumAccess<'de>>::Error>`\n                found signature `fn(MyVisitor, _) -> std::result::Result<_, error::Error>`\nhelp: change the output type to match the trait\n     |\n1515 |     fn visit_enum<V>(self, _enum: V) -> std::result::Result<(), <V as serde::de::EnumAccess<'de>>::Error>\n     |                                         ~~~~~~~~~~~~~~~~~~~~~~~~~~~~~~~~~~~~~~~~~~~~~~~~~~~~~~~~~~~~~~~~~\n\nFor more information about this error, try `rustc --explain E0053`.\nwarning: `serde_json` (lib test) generated 1 warning\nerror: could not compile `serde_json` (lib test) due to 1 previous error; 1 warning emitted\n"
                }
              ],
              "repaired": [
                false
              ]
            },
            {
              "attrs": [],
              "prefix": [],
              "oracles": [],
              "codes": [
                [
                  "{",
                  "    // Create a Value that does not match Value::Object or Value::String",
                  "    let value = Value::Array(vec![Value::Bool(true)]); // This violates both constraints",
                  "",
                  "    let result: Result<(), Error> = value.deserialize_enum(\"enum_name\", &[\"variant1\", \"variant2\"], MyVisitor {});",
                  "",
                  "    assert!(result.is_err()); // We expect an error",
                  "}"
                ]
              ],
              "can_compile": [
                {
                  "Err": "   Compiling proc-macro2 v1.0.95\n   Compiling serde v1.0.219\n   Compiling syn v1.0.109\n   Compiling libc v0.2.172\n   Compiling target-triple v0.1.4\n   Compiling serde_json v1.0.140\n   Compiling rustversion v1.0.20\n   Compiling ref-cast v1.0.24\n   Compiling serde_json v1.0.140 (/home/abezbm/rust-utgen-test-crates-new/json)\n   Compiling psm v0.1.26\n   Compiling stacker v0.1.21\n   Compiling quote v1.0.40\n   Compiling syn v2.0.101\n   Compiling serde_derive v1.0.219\n   Compiling ref-cast-impl v1.0.24\n   Compiling automod v1.0.15\n   Compiling ntest_test_cases v0.9.3\n   Compiling ntest_timeout v0.9.3\n   Compiling ntest v0.9.3\n   Compiling toml_datetime v0.6.9\n   Compiling serde_spanned v0.6.8\n   Compiling serde_bytes v0.11.17\n   Compiling serde_stacker v0.1.12\n   Compiling toml_edit v0.22.25\n   Compiling toml v0.8.21\n   Compiling trybuild v1.0.104\nwarning: unused import: `ntest::timeout`\n    --> src/value/de.rs:1504:8\n     |\n1504 |    use ntest::timeout;\n     |        ^^^^^^^^^^^^^^\n     |\n     = note: `#[warn(unused_imports)]` on by default\n\nerror[E0053]: method `visit_enum` has an incompatible type for trait\n    --> src/value/de.rs:1515:41\n     |\n1515 |     fn visit_enum<V>(self, _enum: V) -> Result<Self::Value, Error>\n     |                                         ^^^^^^^^^^^^^^^^^^^^^^^^^^ expected associated type, found `error::Error`\n     |\n     = note: expected signature `fn(MyVisitor, _) -> std::result::Result<_, <V as serde::de::EnumAccess<'de>>::Error>`\n                found signature `fn(MyVisitor, _) -> std::result::Result<_, error::Error>`\nhelp: change the output type to match the trait\n     |\n1515 |     fn visit_enum<V>(self, _enum: V) -> std::result::Result<(), <V as serde::de::EnumAccess<'de>>::Error>\n     |                                         ~~~~~~~~~~~~~~~~~~~~~~~~~~~~~~~~~~~~~~~~~~~~~~~~~~~~~~~~~~~~~~~~~\n\nFor more information about this error, try `rustc --explain E0053`.\nwarning: `serde_json` (lib test) generated 1 warning\nerror: could not compile `serde_json` (lib test) due to 1 previous error; 1 warning emitted\n"
                }
              ],
              "repaired": [
                false
              ]
            },
            {
              "attrs": [],
              "prefix": [],
              "oracles": [],
              "codes": [
                [
                  "{",
                  "    // Create a Value::Object but will handle that case in the expected way",
                  "    let value = Value::Object(Map { map: MapImpl::new() }); // This is technically a valid object",
                  "    let result: Result<(), Error> = value.deserialize_enum(\"enum_name\", &[\"variant1\", \"variant2\"], MyVisitor {});",
                  "",
                  "    assert!(result.is_ok()); // This should invoke the correct internal logic",
                  "}"
                ]
              ],
              "can_compile": [
                {
                  "Err": "   Compiling proc-macro2 v1.0.95\n   Compiling serde v1.0.219\n   Compiling syn v1.0.109\n   Compiling libc v0.2.172\n   Compiling target-triple v0.1.4\n   Compiling serde_json v1.0.140\n   Compiling rustversion v1.0.20\n   Compiling ref-cast v1.0.24\n   Compiling serde_json v1.0.140 (/home/abezbm/rust-utgen-test-crates-new/json)\n   Compiling psm v0.1.26\n   Compiling stacker v0.1.21\n   Compiling quote v1.0.40\n   Compiling syn v2.0.101\n   Compiling serde_derive v1.0.219\n   Compiling ref-cast-impl v1.0.24\n   Compiling automod v1.0.15\n   Compiling ntest_test_cases v0.9.3\n   Compiling ntest_timeout v0.9.3\n   Compiling ntest v0.9.3\n   Compiling toml_datetime v0.6.9\n   Compiling serde_spanned v0.6.8\n   Compiling serde_bytes v0.11.17\n   Compiling serde_stacker v0.1.12\n   Compiling toml_edit v0.22.25\n   Compiling toml v0.8.21\n   Compiling trybuild v1.0.104\nerror[E0433]: failed to resolve: use of undeclared type `MapImpl`\n    --> src/value/de.rs:1528:42\n     |\n1528 |     let value = Value::Object(Map { map: MapImpl::new() }); // This is technically a valid object\n     |                                          ^^^^^^^ use of undeclared type `MapImpl`\n     |\nnote: type alias `crate::map::MapImpl` exists but is inaccessible\n    --> src/map.rs:34:1\n     |\n34   | type MapImpl<K, V> = BTreeMap<K, V>;\n     | ^^^^^^^^^^^^^^^^^^^^^^^^^^^^^^^^^^^^ not accessible\n\nwarning: unused import: `ntest::timeout`\n    --> src/value/de.rs:1504:8\n     |\n1504 |    use ntest::timeout;\n     |        ^^^^^^^^^^^^^^\n     |\n     = note: `#[warn(unused_imports)]` on by default\n\nerror[E0053]: method `visit_enum` has an incompatible type for trait\n    --> src/value/de.rs:1515:41\n     |\n1515 |     fn visit_enum<V>(self, _enum: V) -> Result<Self::Value, Error>\n     |                                         ^^^^^^^^^^^^^^^^^^^^^^^^^^ expected associated type, found `error::Error`\n     |\n     = note: expected signature `fn(MyVisitor, _) -> std::result::Result<_, <V as serde::de::EnumAccess<'de>>::Error>`\n                found signature `fn(MyVisitor, _) -> std::result::Result<_, error::Error>`\nhelp: change the output type to match the trait\n     |\n1515 |     fn visit_enum<V>(self, _enum: V) -> std::result::Result<(), <V as serde::de::EnumAccess<'de>>::Error>\n     |                                         ~~~~~~~~~~~~~~~~~~~~~~~~~~~~~~~~~~~~~~~~~~~~~~~~~~~~~~~~~~~~~~~~~\n\nSome errors have detailed explanations: E0053, E0433.\nFor more information about an error, try `rustc --explain E0053`.\nwarning: `serde_json` (lib test) generated 1 warning\nerror: could not compile `serde_json` (lib test) due to 2 previous errors; 1 warning emitted\n"
                }
              ],
              "repaired": [
                false
              ]
            }
          ]
        }
      ]
    },
    {
      "chain_id": 2,
      "prompt_conds": [
        "// constraint: self matches Value::Object(value) is true\n",
        "// constraint: self matches Value::Object(value) is true\n"
      ],
      "input_infer": "",
      "answers": [
        {
          "uses": [],
          "has_test_mod": false,
          "common": [],
          "chain_tests": [
            {
              "attrs": [],
              "prefix": [],
              "oracles": [],
              "codes": [
                [
                  "{",
                  "    struct DummyVisitor;",
                  "",
                  "    impl<'de> Visitor<'de> for DummyVisitor {",
                  "        type Value = String;",
                  "",
                  "        fn visit_enum<V>(self, _enum: V) -> Result<Self::Value, Error>",
                  "        where",
                  "            V: EnumAccess<'de>,",
                  "        {",
                  "            Ok(\"visited enum\".to_string())",
                  "        }",
                  "",
                  "        // Implement other required methods of Visitor with default behavior",
                  "        // as we are only testing deserialize_enum functionality",
                  "    }",
                  "",
                  "    let value = Value::Object(Map {",
                  "        map: MapImpl::new(), // assuming MapImpl::new() initializes an empty map",
                  "    });",
                  "",
                  "    let result = value.deserialize_enum(\"test_enum\", &[\"variant1\", \"variant2\"], DummyVisitor);",
                  "    assert!(result.is_ok());",
                  "    assert_eq!(result.unwrap(), \"visited enum\".to_string());",
                  "}"
                ]
              ],
              "can_compile": [
                {
                  "Err": "   Compiling proc-macro2 v1.0.95\n   Compiling serde v1.0.219\n   Compiling syn v1.0.109\n   Compiling libc v0.2.172\n   Compiling target-triple v0.1.4\n   Compiling serde_json v1.0.140\n   Compiling rustversion v1.0.20\n   Compiling ref-cast v1.0.24\n   Compiling serde_json v1.0.140 (/home/abezbm/rust-utgen-test-crates-new/json)\n   Compiling psm v0.1.26\n   Compiling stacker v0.1.21\n   Compiling quote v1.0.40\n   Compiling syn v2.0.101\n   Compiling serde_derive v1.0.219\n   Compiling ref-cast-impl v1.0.24\n   Compiling automod v1.0.15\n   Compiling ntest_timeout v0.9.3\n   Compiling ntest_test_cases v0.9.3\n   Compiling ntest v0.9.3\n   Compiling serde_spanned v0.6.8\n   Compiling toml_datetime v0.6.9\n   Compiling serde_bytes v0.11.17\n   Compiling serde_stacker v0.1.12\n   Compiling toml_edit v0.22.25\n   Compiling toml v0.8.21\n   Compiling trybuild v1.0.104\nerror[E0433]: failed to resolve: use of undeclared type `MapImpl`\n    --> src/value/de.rs:1525:14\n     |\n1525 |         map: MapImpl::new(), // assuming MapImpl::new() initializes an empty map\n     |              ^^^^^^^ use of undeclared type `MapImpl`\n     |\nnote: type alias `crate::map::MapImpl` exists but is inaccessible\n    --> src/map.rs:34:1\n     |\n34   | type MapImpl<K, V> = BTreeMap<K, V>;\n     | ^^^^^^^^^^^^^^^^^^^^^^^^^^^^^^^^^^^^ not accessible\n\nwarning: unused import: `ntest::timeout`\n    --> src/value/de.rs:1504:8\n     |\n1504 |    use ntest::timeout;\n     |        ^^^^^^^^^^^^^^\n     |\n     = note: `#[warn(unused_imports)]` on by default\n\nerror[E0053]: method `visit_enum` has an incompatible type for trait\n    --> src/value/de.rs:1513:45\n     |\n1513 |         fn visit_enum<V>(self, _enum: V) -> Result<Self::Value, Error>\n     |                                             ^^^^^^^^^^^^^^^^^^^^^^^^^^ expected associated type, found `error::Error`\n     |\n     = note: expected signature `fn(DummyVisitor, _) -> std::result::Result<_, <V as serde::de::EnumAccess<'de>>::Error>`\n                found signature `fn(DummyVisitor, _) -> std::result::Result<_, error::Error>`\nhelp: change the output type to match the trait\n     |\n1513 |         fn visit_enum<V>(self, _enum: V) -> std::result::Result<std::string::String, <V as serde::de::EnumAccess<'de>>::Error>\n     |                                             ~~~~~~~~~~~~~~~~~~~~~~~~~~~~~~~~~~~~~~~~~~~~~~~~~~~~~~~~~~~~~~~~~~~~~~~~~~~~~~~~~~\n\nerror[E0046]: not all trait items implemented, missing: `expecting`\n    --> src/value/de.rs:1510:5\n     |\n1510 |     impl<'de> Visitor<'de> for DummyVisitor {\n     |     ^^^^^^^^^^^^^^^^^^^^^^^^^^^^^^^^^^^^^^^ missing `expecting` in implementation\n     |\n     = help: implement the missing item: `fn expecting(&self, _: &mut std::fmt::Formatter<'_>) -> std::result::Result<(), std::fmt::Error> { todo!() }`\n\nSome errors have detailed explanations: E0046, E0053, E0433.\nFor more information about an error, try `rustc --explain E0046`.\nwarning: `serde_json` (lib test) generated 1 warning\nerror: could not compile `serde_json` (lib test) due to 3 previous errors; 1 warning emitted\n"
                }
              ],
              "repaired": [
                false
              ]
            },
            {
              "attrs": [],
              "prefix": [],
              "oracles": [],
              "codes": [
                [
                  "{",
                  "    struct DummyVisitor;",
                  "",
                  "    impl<'de> Visitor<'de> for DummyVisitor {",
                  "        type Value = String;",
                  "",
                  "        fn visit_enum<V>(self, enum_access: V) -> Result<Self::Value, Error>",
                  "        where",
                  "            V: EnumAccess<'de>,",
                  "        {",
                  "            Ok(\"visited enum\".to_string())",
                  "        }",
                  "",
                  "        // Implement other required methods of Visitor with default behavior",
                  "    }",
                  "",
                  "    let value = Value::String(\"variant1\".to_string());",
                  "",
                  "    let result = value.deserialize_enum(\"test_enum\", &[\"variant1\", \"variant2\"], DummyVisitor);",
                  "    assert!(result.is_ok());",
                  "    assert_eq!(result.unwrap(), \"visited enum\".to_string());",
                  "}"
                ]
              ],
              "can_compile": [
                {
                  "Err": "   Compiling proc-macro2 v1.0.95\n   Compiling serde v1.0.219\n   Compiling syn v1.0.109\n   Compiling libc v0.2.172\n   Compiling target-triple v0.1.4\n   Compiling serde_json v1.0.140\n   Compiling ref-cast v1.0.24\n   Compiling rustversion v1.0.20\n   Compiling serde_json v1.0.140 (/home/abezbm/rust-utgen-test-crates-new/json)\n   Compiling psm v0.1.26\n   Compiling stacker v0.1.21\n   Compiling quote v1.0.40\n   Compiling syn v2.0.101\n   Compiling serde_derive v1.0.219\n   Compiling ref-cast-impl v1.0.24\n   Compiling automod v1.0.15\n   Compiling ntest_timeout v0.9.3\n   Compiling ntest_test_cases v0.9.3\n   Compiling ntest v0.9.3\n   Compiling toml_datetime v0.6.9\n   Compiling serde_spanned v0.6.8\n   Compiling serde_bytes v0.11.17\n   Compiling serde_stacker v0.1.12\n   Compiling toml_edit v0.22.25\n   Compiling toml v0.8.21\n   Compiling trybuild v1.0.104\nwarning: unused import: `ntest::timeout`\n    --> src/value/de.rs:1504:8\n     |\n1504 |    use ntest::timeout;\n     |        ^^^^^^^^^^^^^^\n     |\n     = note: `#[warn(unused_imports)]` on by default\n\nerror[E0053]: method `visit_enum` has an incompatible type for trait\n    --> src/value/de.rs:1513:51\n     |\n1513 |         fn visit_enum<V>(self, enum_access: V) -> Result<Self::Value, Error>\n     |                                                   ^^^^^^^^^^^^^^^^^^^^^^^^^^ expected associated type, found `error::Error`\n     |\n     = note: expected signature `fn(DummyVisitor, _) -> std::result::Result<_, <V as serde::de::EnumAccess<'de>>::Error>`\n                found signature `fn(DummyVisitor, _) -> std::result::Result<_, error::Error>`\nhelp: change the output type to match the trait\n     |\n1513 |         fn visit_enum<V>(self, enum_access: V) -> std::result::Result<std::string::String, <V as serde::de::EnumAccess<'de>>::Error>\n     |                                                   ~~~~~~~~~~~~~~~~~~~~~~~~~~~~~~~~~~~~~~~~~~~~~~~~~~~~~~~~~~~~~~~~~~~~~~~~~~~~~~~~~~\n\nerror[E0046]: not all trait items implemented, missing: `expecting`\n    --> src/value/de.rs:1510:5\n     |\n1510 |     impl<'de> Visitor<'de> for DummyVisitor {\n     |     ^^^^^^^^^^^^^^^^^^^^^^^^^^^^^^^^^^^^^^^ missing `expecting` in implementation\n     |\n     = help: implement the missing item: `fn expecting(&self, _: &mut std::fmt::Formatter<'_>) -> std::result::Result<(), std::fmt::Error> { todo!() }`\n\nwarning: unused variable: `enum_access`\n    --> src/value/de.rs:1513:32\n     |\n1513 |         fn visit_enum<V>(self, enum_access: V) -> Result<Self::Value, Error>\n     |                                ^^^^^^^^^^^ help: if this is intentional, prefix it with an underscore: `_enum_access`\n     |\n     = note: `#[warn(unused_variables)]` on by default\n\nSome errors have detailed explanations: E0046, E0053.\nFor more information about an error, try `rustc --explain E0046`.\nwarning: `serde_json` (lib test) generated 2 warnings\nerror: could not compile `serde_json` (lib test) due to 2 previous errors; 2 warnings emitted\n"
                }
              ],
              "repaired": [
                false
              ]
            },
            {
              "attrs": [
                "#[should_panic]"
              ],
              "prefix": [],
              "oracles": [],
              "codes": [
                [
                  "{",
                  "    struct DummyVisitor;",
                  "",
                  "    impl<'de> Visitor<'de> for DummyVisitor {",
                  "        type Value = String;",
                  "",
                  "        fn visit_enum<V>(self, _enum: V) -> Result<Self::Value, Error>",
                  "        where",
                  "            V: EnumAccess<'de>,",
                  "        {",
                  "            Ok(\"visited enum\".to_string())",
                  "        }",
                  "",
                  "        // Implement other required methods of Visitor with default behavior",
                  "    }",
                  "",
                  "    let value = Value::Null; // `Value::Null` should trigger a panic",
                  "",
                  "    let _ = value.deserialize_enum(\"test_enum\", &[\"variant1\", \"variant2\"], DummyVisitor);",
                  "}"
                ]
              ],
              "can_compile": [
                {
                  "Err": "   Compiling proc-macro2 v1.0.95\n   Compiling serde v1.0.219\n   Compiling syn v1.0.109\n   Compiling libc v0.2.172\n   Compiling serde_json v1.0.140\n   Compiling target-triple v0.1.4\n   Compiling ref-cast v1.0.24\n   Compiling rustversion v1.0.20\n   Compiling serde_json v1.0.140 (/home/abezbm/rust-utgen-test-crates-new/json)\n   Compiling psm v0.1.26\n   Compiling stacker v0.1.21\n   Compiling quote v1.0.40\n   Compiling syn v2.0.101\n   Compiling serde_derive v1.0.219\n   Compiling ref-cast-impl v1.0.24\n   Compiling automod v1.0.15\n   Compiling ntest_timeout v0.9.3\n   Compiling ntest_test_cases v0.9.3\n   Compiling ntest v0.9.3\n   Compiling serde_spanned v0.6.8\n   Compiling toml_datetime v0.6.9\n   Compiling serde_stacker v0.1.12\n   Compiling serde_bytes v0.11.17\n   Compiling toml_edit v0.22.25\n   Compiling toml v0.8.21\n   Compiling trybuild v1.0.104\nwarning: unused import: `ntest::timeout`\n    --> src/value/de.rs:1504:8\n     |\n1504 |    use ntest::timeout;\n     |        ^^^^^^^^^^^^^^\n     |\n     = note: `#[warn(unused_imports)]` on by default\n\nerror[E0053]: method `visit_enum` has an incompatible type for trait\n    --> src/value/de.rs:1514:45\n     |\n1514 |         fn visit_enum<V>(self, _enum: V) -> Result<Self::Value, Error>\n     |                                             ^^^^^^^^^^^^^^^^^^^^^^^^^^ expected associated type, found `error::Error`\n     |\n     = note: expected signature `fn(DummyVisitor, _) -> std::result::Result<_, <V as serde::de::EnumAccess<'de>>::Error>`\n                found signature `fn(DummyVisitor, _) -> std::result::Result<_, error::Error>`\nhelp: change the output type to match the trait\n     |\n1514 |         fn visit_enum<V>(self, _enum: V) -> std::result::Result<std::string::String, <V as serde::de::EnumAccess<'de>>::Error>\n     |                                             ~~~~~~~~~~~~~~~~~~~~~~~~~~~~~~~~~~~~~~~~~~~~~~~~~~~~~~~~~~~~~~~~~~~~~~~~~~~~~~~~~~\n\nerror[E0046]: not all trait items implemented, missing: `expecting`\n    --> src/value/de.rs:1511:5\n     |\n1511 |     impl<'de> Visitor<'de> for DummyVisitor {\n     |     ^^^^^^^^^^^^^^^^^^^^^^^^^^^^^^^^^^^^^^^ missing `expecting` in implementation\n     |\n     = help: implement the missing item: `fn expecting(&self, _: &mut std::fmt::Formatter<'_>) -> std::result::Result<(), std::fmt::Error> { todo!() }`\n\nSome errors have detailed explanations: E0046, E0053.\nFor more information about an error, try `rustc --explain E0046`.\nwarning: `serde_json` (lib test) generated 1 warning\nerror: could not compile `serde_json` (lib test) due to 2 previous errors; 1 warning emitted\n"
                }
              ],
              "repaired": [
                false
              ]
            }
          ]
        }
      ]
    },
    {
      "chain_id": 3,
      "prompt_conds": [
        "// constraint: self matches Value::String(variant) is true\n",
        "// constraint: self matches Value::String(variant) is true\n"
      ],
      "input_infer": "",
      "answers": [
        {
          "uses": [
            "use serde::de::Visitor;",
            "use serde::de;"
          ],
          "has_test_mod": false,
          "common": [],
          "chain_tests": [
            {
              "attrs": [],
              "prefix": [],
              "oracles": [],
              "codes": [
                [
                  "{",
                  "    use serde::de::{self, Visitor};",
                  "",
                  "    struct MockVisitor {",
                  "        expected_variant: &'static str,",
                  "        visited_variant: Option<String>,",
                  "    }",
                  "",
                  "    impl<'de> Visitor<'de> for MockVisitor {",
                  "        type Value = &'de str;",
                  "",
                  "        fn visit_enum<E>(self, data: EnumDeserializer) -> Result<Self::Value, E> {",
                  "            self.visited_variant = Some(data.variant);",
                  "            Ok(self.expected_variant)",
                  "        }",
                  "",
                  "        // Implement required methods with dummy outputs",
                  "        fn expecting(&self, formatter: &mut fmt::Formatter) -> fmt::Result {",
                  "            write!(formatter, \"an enum variant\")",
                  "        }",
                  "    }",
                  "",
                  "    let value = Value::String(\"VariantA\".to_string());",
                  "    let variants = [\"VariantA\", \"VariantB\", \"VariantC\"];",
                  "",
                  "    let mut visitor = MockVisitor {",
                  "        expected_variant: \"VariantA\",",
                  "        visited_variant: None,",
                  "    };",
                  "",
                  "    let result: Result<&str, Error> = value.deserialize_enum(\"TestEnum\", &variants, visitor);",
                  "    ",
                  "    assert!(result.is_ok());",
                  "    assert_eq!(result.unwrap(), \"VariantA\");",
                  "}"
                ]
              ],
              "can_compile": [
                {
                  "Err": "   Compiling proc-macro2 v1.0.95\n   Compiling serde v1.0.219\n   Compiling syn v1.0.109\n   Compiling libc v0.2.172\n   Compiling target-triple v0.1.4\n   Compiling serde_json v1.0.140\n   Compiling rustversion v1.0.20\n   Compiling ref-cast v1.0.24\n   Compiling serde_json v1.0.140 (/home/abezbm/rust-utgen-test-crates-new/json)\n   Compiling psm v0.1.26\n   Compiling stacker v0.1.21\n   Compiling quote v1.0.40\n   Compiling syn v2.0.101\n   Compiling serde_derive v1.0.219\n   Compiling ref-cast-impl v1.0.24\n   Compiling automod v1.0.15\n   Compiling ntest_timeout v0.9.3\n   Compiling ntest_test_cases v0.9.3\n   Compiling ntest v0.9.3\n   Compiling serde_spanned v0.6.8\n   Compiling toml_datetime v0.6.9\n   Compiling serde_bytes v0.11.17\n   Compiling serde_stacker v0.1.12\n   Compiling toml_edit v0.22.25\n   Compiling toml v0.8.21\n   Compiling trybuild v1.0.104\nwarning: unused import: `ntest::timeout`\n    --> src/value/de.rs:1504:8\n     |\n1504 |    use ntest::timeout;\n     |        ^^^^^^^^^^^^^^\n     |\n     = note: `#[warn(unused_imports)]` on by default\n\nwarning: unused import: `self`\n    --> src/value/de.rs:1508:21\n     |\n1508 |     use serde::de::{self, Visitor};\n     |                     ^^^^\n\nerror[E0053]: method `visit_enum` has an incompatible type for trait\n    --> src/value/de.rs:1518:38\n     |\n1518 |         fn visit_enum<E>(self, data: EnumDeserializer) -> Result<Self::Value, E> {\n     |                       -              ^^^^^^^^^^^^^^^^ expected type parameter `E`, found `value::de::EnumDeserializer`\n     |                       |\n     |                       expected this type parameter\n     |\n     = note: expected signature `fn(MockVisitor, E) -> std::result::Result<_, <E as serde::de::EnumAccess<'de>>::Error>`\n                found signature `fn(MockVisitor, value::de::EnumDeserializer) -> std::result::Result<_, E>`\nhelp: change the parameter type to match the trait\n     |\n1518 |         fn visit_enum<E>(self, data: E) -> Result<Self::Value, E> {\n     |                                      ~\n\nwarning: variable does not need to be mutable\n    --> src/value/de.rs:1532:9\n     |\n1532 |     let mut visitor = MockVisitor {\n     |         ----^^^^^^^\n     |         |\n     |         help: remove this `mut`\n     |\n     = note: `#[warn(unused_mut)]` on by default\n\nerror[E0597]: `variants` does not live long enough\n    --> src/value/de.rs:1537:74\n     |\n1530 |     let variants = [\"VariantA\", \"VariantB\", \"VariantC\"];\n     |         -------- binding `variants` declared here\n...\n1537 |     let result: Result<&str, Error> = value.deserialize_enum(\"TestEnum\", &variants, visitor);\n     |                                                                          ^^^^^^^^^\n     |                                                                          |\n     |                                                                          borrowed value does not live long enough\n     |                                                                          cast requires that `variants` is borrowed for `'static`\n...\n1541 | }\n     | - `variants` dropped here while still borrowed\n\nerror[E0594]: cannot assign to `self.visited_variant`, as `self` is not declared as mutable\n    --> src/value/de.rs:1519:13\n     |\n1519 |             self.visited_variant = Some(data.variant);\n     |             ^^^^^^^^^^^^^^^^^^^^ cannot assign\n     |\nhelp: consider changing this to be mutable\n     |\n1518 |         fn visit_enum<E>(mut self, data: EnumDeserializer) -> Result<Self::Value, E> {\n     |                          +++\n\nSome errors have detailed explanations: E0053, E0594, E0597.\nFor more information about an error, try `rustc --explain E0053`.\nwarning: `serde_json` (lib test) generated 3 warnings\nerror: could not compile `serde_json` (lib test) due to 3 previous errors; 3 warnings emitted\n"
                }
              ],
              "repaired": [
                false
              ]
            },
            {
              "attrs": [],
              "prefix": [],
              "oracles": [],
              "codes": [
                [
                  "{",
                  "    use serde::de::{self, Visitor};",
                  "",
                  "    struct MockVisitor {",
                  "        visited_variant: Option<String>,",
                  "    }",
                  "",
                  "    impl<'de> Visitor<'de> for MockVisitor {",
                  "        type Value = ();",
                  "",
                  "        fn visit_enum<E>(self, _data: EnumDeserializer) -> Result<Self::Value, E> {",
                  "            self.visited_variant = Some(\"visited\".to_string());",
                  "            Ok(())",
                  "        }",
                  "",
                  "        fn expecting(&self, formatter: &mut fmt::Formatter) -> fmt::Result {",
                  "            write!(formatter, \"an enum variant\")",
                  "        }",
                  "    }",
                  "",
                  "    let inner_map = Map {",
                  "        map: MapImpl::new(),",
                  "    };",
                  "    let value = Value::Object(inner_map);",
                  "    let variants = [\"VariantA\", \"VariantB\", \"VariantC\"];",
                  "",
                  "    let visitor = MockVisitor {",
                  "        visited_variant: None,",
                  "    };",
                  "",
                  "    let result: Result<(), Error> = value.deserialize_enum(\"TestEnum\", &variants, visitor);",
                  "    ",
                  "    assert!(result.is_ok());",
                  "}"
                ]
              ],
              "can_compile": [
                {
                  "Err": "   Compiling proc-macro2 v1.0.95\n   Compiling serde v1.0.219\n   Compiling syn v1.0.109\n   Compiling libc v0.2.172\n   Compiling serde_json v1.0.140\n   Compiling target-triple v0.1.4\n   Compiling rustversion v1.0.20\n   Compiling ref-cast v1.0.24\n   Compiling serde_json v1.0.140 (/home/abezbm/rust-utgen-test-crates-new/json)\n   Compiling psm v0.1.26\n   Compiling stacker v0.1.21\n   Compiling quote v1.0.40\n   Compiling syn v2.0.101\n   Compiling serde_derive v1.0.219\n   Compiling ref-cast-impl v1.0.24\n   Compiling automod v1.0.15\n   Compiling ntest_test_cases v0.9.3\n   Compiling ntest_timeout v0.9.3\n   Compiling ntest v0.9.3\n   Compiling toml_datetime v0.6.9\n   Compiling serde_spanned v0.6.8\n   Compiling serde_bytes v0.11.17\n   Compiling serde_stacker v0.1.12\n   Compiling toml_edit v0.22.25\n   Compiling toml v0.8.21\n   Compiling trybuild v1.0.104\nerror[E0433]: failed to resolve: use of undeclared type `MapImpl`\n    --> src/value/de.rs:1528:14\n     |\n1528 |         map: MapImpl::new(),\n     |              ^^^^^^^ use of undeclared type `MapImpl`\n     |\nnote: type alias `crate::map::MapImpl` exists but is inaccessible\n    --> src/map.rs:34:1\n     |\n34   | type MapImpl<K, V> = BTreeMap<K, V>;\n     | ^^^^^^^^^^^^^^^^^^^^^^^^^^^^^^^^^^^^ not accessible\n\nwarning: unused import: `ntest::timeout`\n    --> src/value/de.rs:1504:8\n     |\n1504 |    use ntest::timeout;\n     |        ^^^^^^^^^^^^^^\n     |\n     = note: `#[warn(unused_imports)]` on by default\n\nwarning: unused import: `self`\n    --> src/value/de.rs:1508:21\n     |\n1508 |     use serde::de::{self, Visitor};\n     |                     ^^^^\n\nerror[E0053]: method `visit_enum` has an incompatible type for trait\n    --> src/value/de.rs:1517:39\n     |\n1517 |         fn visit_enum<E>(self, _data: EnumDeserializer) -> Result<Self::Value, E> {\n     |                       -               ^^^^^^^^^^^^^^^^ expected type parameter `E`, found `value::de::EnumDeserializer`\n     |                       |\n     |                       expected this type parameter\n     |\n     = note: expected signature `fn(MockVisitor, E) -> std::result::Result<_, <E as EnumAccess<'de>>::Error>`\n                found signature `fn(MockVisitor, value::de::EnumDeserializer) -> std::result::Result<_, E>`\nhelp: change the parameter type to match the trait\n     |\n1517 |         fn visit_enum<E>(self, _data: E) -> Result<Self::Value, E> {\n     |                                       ~\n\nerror[E0594]: cannot assign to `self.visited_variant`, as `self` is not declared as mutable\n    --> src/value/de.rs:1518:13\n     |\n1518 |             self.visited_variant = Some(\"visited\".to_string());\n     |             ^^^^^^^^^^^^^^^^^^^^ cannot assign\n     |\nhelp: consider changing this to be mutable\n     |\n1517 |         fn visit_enum<E>(mut self, _data: EnumDeserializer) -> Result<Self::Value, E> {\n     |                          +++\n\nSome errors have detailed explanations: E0053, E0433, E0594.\nFor more information about an error, try `rustc --explain E0053`.\nwarning: `serde_json` (lib test) generated 2 warnings\nerror: could not compile `serde_json` (lib test) due to 3 previous errors; 2 warnings emitted\n"
                }
              ],
              "repaired": [
                false
              ]
            },
            {
              "attrs": [],
              "prefix": [],
              "oracles": [],
              "codes": [
                [
                  "{",
                  "    let value = Value::Array(vec![]);",
                  "    let variants = [\"VariantA\", \"VariantB\", \"VariantC\"];",
                  "",
                  "    let visitor = MockVisitor {",
                  "        visited_variant: None,",
                  "    };",
                  "",
                  "    let result: Result<(), Error> = value.deserialize_enum(\"TestEnum\", &variants, visitor);",
                  "    ",
                  "    assert!(result.is_err());",
                  "}"
                ]
              ],
              "can_compile": [
                {
                  "Err": "   Compiling proc-macro2 v1.0.95\n   Compiling serde v1.0.219\n   Compiling syn v1.0.109\n   Compiling libc v0.2.172\n   Compiling target-triple v0.1.4\n   Compiling serde_json v1.0.140\n   Compiling rustversion v1.0.20\n   Compiling ref-cast v1.0.24\n   Compiling serde_json v1.0.140 (/home/abezbm/rust-utgen-test-crates-new/json)\n   Compiling psm v0.1.26\n   Compiling stacker v0.1.21\n   Compiling quote v1.0.40\n   Compiling syn v2.0.101\n   Compiling serde_derive v1.0.219\n   Compiling ref-cast-impl v1.0.24\n   Compiling automod v1.0.15\n   Compiling ntest_test_cases v0.9.3\n   Compiling ntest_timeout v0.9.3\n   Compiling ntest v0.9.3\n   Compiling serde_spanned v0.6.8\n   Compiling toml_datetime v0.6.9\n   Compiling serde_stacker v0.1.12\n   Compiling serde_bytes v0.11.17\n   Compiling toml_edit v0.22.25\n   Compiling toml v0.8.21\n   Compiling trybuild v1.0.104\nerror[E0422]: cannot find struct, variant or union type `MockVisitor` in this scope\n    --> src/value/de.rs:1511:19\n     |\n1511 |     let visitor = MockVisitor {\n     |                   ^^^^^^^^^^^ not found in this scope\n\nwarning: unused import: `ntest::timeout`\n    --> src/value/de.rs:1504:8\n     |\n1504 |    use ntest::timeout;\n     |        ^^^^^^^^^^^^^^\n     |\n     = note: `#[warn(unused_imports)]` on by default\n\nFor more information about this error, try `rustc --explain E0422`.\nwarning: `serde_json` (lib test) generated 1 warning\nerror: could not compile `serde_json` (lib test) due to 1 previous error; 1 warning emitted\n"
                }
              ],
              "repaired": [
                false
              ]
            }
          ]
        }
      ]
    }
  ]
}