{
  "name": "serde_json::error::<error::Error as std::fmt::Display>::fmt",
  "name_with_impl": "serde_json::error::{impl#5}::fmt",
  "mod_info": {
    "name": "error",
    "loc": "src/lib.rs:419:1:419:15"
  },
  "visible": true,
  "loc": "src/error.rs:400:5:402:6",
  "fn_tests": [
    {
      "chain_id": 1,
      "prompt_conds": [],
      "input_infer": "",
      "answers": [
        {
          "uses": [],
          "has_test_mod": false,
          "common": [],
          "chain_tests": [
            {
              "attrs": [],
              "prefix": [],
              "oracles": [],
              "codes": [
                [
                  "{",
                  "    struct TestErrorImpl {",
                  "        code: ErrorCode,",
                  "        line: usize,",
                  "        column: usize,",
                  "    }",
                  "",
                  "    struct TestError {",
                  "        err: Box<TestErrorImpl>,",
                  "    }",
                  "",
                  "    impl Display for TestErrorImpl {",
                  "        fn fmt(&self, f: &mut fmt::Formatter) -> fmt::Result {",
                  "            write!(f, \"Error code: {:?}, Line: {}, Column: {}\", self.code, self.line, self.column)",
                  "        }",
                  "    }",
                  "    ",
                  "    let error_impl = TestErrorImpl {",
                  "        code: ErrorCode::unknown(),",
                  "        line: 0,",
                  "        column: 0,",
                  "    };",
                  "    let error = TestError {",
                  "        err: Box::new(error_impl),",
                  "    };",
                  "",
                  "    let mut buffer = String::new();",
                  "    let result = write!(&mut buffer, \"{}\", error);",
                  "    assert!(result.is_ok());",
                  "    assert_eq!(buffer, \"Error code: Unknown, Line: 0, Column: 0\");",
                  "}"
                ]
              ],
              "can_compile": [
                {
                  "Err": "   Compiling proc-macro2 v1.0.95\n   Compiling serde v1.0.219\n   Compiling syn v1.0.109\n   Compiling libc v0.2.172\n   Compiling serde_json v1.0.140\n   Compiling target-triple v0.1.4\n   Compiling rustversion v1.0.20\n   Compiling ref-cast v1.0.24\n   Compiling serde_json v1.0.140 (/home/abezbm/rust-utgen-test-crates-new/json)\n   Compiling psm v0.1.26\n   Compiling stacker v0.1.21\n   Compiling quote v1.0.40\n   Compiling syn v2.0.101\n   Compiling serde_derive v1.0.219\n   Compiling ref-cast-impl v1.0.24\n   Compiling automod v1.0.15\n   Compiling ntest_test_cases v0.9.3\n   Compiling ntest_timeout v0.9.3\n   Compiling ntest v0.9.3\n   Compiling toml_datetime v0.6.9\n   Compiling serde_spanned v0.6.8\n   Compiling serde_bytes v0.11.17\n   Compiling serde_stacker v0.1.12\n   Compiling toml_edit v0.22.25\n   Compiling toml v0.8.21\n   Compiling trybuild v1.0.104\nwarning: unused import: `ntest::timeout`\n   --> src/error.rs:545:8\n    |\n545 |    use ntest::timeout;\n    |        ^^^^^^^^^^^^^^\n    |\n    = note: `#[warn(unused_imports)]` on by default\n\nerror[E0599]: no variant or associated item named `unknown` found for enum `error::ErrorCode` in the current scope\n   --> src/error.rs:566:26\n    |\n236 | pub(crate) enum ErrorCode {\n    | ------------------------- variant or associated item `unknown` not found for this enum\n...\n566 |         code: ErrorCode::unknown(),\n    |                          ^^^^^^^ variant or associated item not found in `ErrorCode`\n\nerror[E0599]: cannot write into `&mut std::string::String`\n   --> src/error.rs:575:25\n    |\n575 |     let result = write!(&mut buffer, \"{}\", error);\n    |                         ^^^^^^^^^^^\n    |\nnote: must implement `io::Write`, `fmt::Write`, or have a `write_fmt` method\n   --> src/error.rs:575:25\n    |\n575 |     let result = write!(&mut buffer, \"{}\", error);\n    |                         ^^^^^^^^^^^\n    = help: items from traits can only be used if the trait is in scope\nhelp: trait `Write` which provides `write_fmt` is implemented but not in scope; perhaps you want to import it\n    |\n544 +    use std::fmt::Write;\n    |\nhelp: there is a method `write_str` with a similar name\n   --> /home/abezbm/.rustup/toolchains/nightly-2024-07-21-x86_64-unknown-linux-gnu/lib/rustlib/src/rust/library/core/src/macros/mod.rs:632:14\n    |\n632 |         $dst.write_str($crate::format_args!($($arg)*))\n    |              ~~~~~~~~~\n\nerror[E0277]: `TestError` doesn't implement `std::fmt::Display`\n   --> src/error.rs:575:44\n    |\n575 |     let result = write!(&mut buffer, \"{}\", error);\n    |                                            ^^^^^ `TestError` cannot be formatted with the default formatter\n    |\n    = help: the trait `std::fmt::Display` is not implemented for `TestError`\n    = note: in format strings you may be able to use `{:?}` (or {:#?} for pretty-print) instead\n    = note: this error originates in the macro `$crate::format_args` which comes from the expansion of the macro `write` (in Nightly builds, run with -Z macro-backtrace for more info)\n\nerror[E0277]: `error::ErrorCode` doesn't implement `Debug`\n   --> src/error.rs:561:65\n    |\n561 |             write!(f, \"Error code: {:?}, Line: {}, Column: {}\", self.code, self.line, self.column)\n    |                                                                 ^^^^^^^^^ `error::ErrorCode` cannot be formatted using `{:?}`\n    |\n    = help: the trait `Debug` is not implemented for `error::ErrorCode`\n    = note: add `#[derive(Debug)]` to `error::ErrorCode` or manually `impl Debug for error::ErrorCode`\n    = note: this error originates in the macro `$crate::format_args` which comes from the expansion of the macro `write` (in Nightly builds, run with -Z macro-backtrace for more info)\nhelp: consider annotating `error::ErrorCode` with `#[derive(Debug)]`\n    |\n236 + #[derive(Debug)]\n237 | pub(crate) enum ErrorCode {\n    |\n\nSome errors have detailed explanations: E0277, E0599.\nFor more information about an error, try `rustc --explain E0277`.\nwarning: `serde_json` (lib test) generated 1 warning\nerror: could not compile `serde_json` (lib test) due to 4 previous errors; 1 warning emitted\n"
                }
              ],
              "repaired": [
                false
              ]
            },
            {
              "attrs": [],
              "prefix": [],
              "oracles": [],
              "codes": [
                [
                  "{",
                  "    struct TestErrorImpl {",
                  "        code: ErrorCode,",
                  "        line: usize,",
                  "        column: usize,",
                  "    }",
                  "",
                  "    struct TestError {",
                  "        err: Box<TestErrorImpl>,",
                  "    }",
                  "",
                  "    impl Display for TestErrorImpl {",
                  "        fn fmt(&self, f: &mut fmt::Formatter) -> fmt::Result {",
                  "            write!(f, \"Error code: {:?}, Line: {}, Column: {}\", self.code, self.line, self.column)",
                  "        }",
                  "    }",
                  "",
                  "    let error_impl = TestErrorImpl {",
                  "        code: ErrorCode::InvalidData,",
                  "        line: 12,",
                  "        column: 5,",
                  "    };",
                  "    let error = TestError {",
                  "        err: Box::new(error_impl),",
                  "    };",
                  "",
                  "    let mut buffer = String::new();",
                  "    let result = write!(&mut buffer, \"{}\", error);",
                  "    assert!(result.is_ok());",
                  "    assert_eq!(buffer, \"Error code: InvalidData, Line: 12, Column: 5\");",
                  "}"
                ]
              ],
              "can_compile": [
                {
                  "Err": "   Compiling proc-macro2 v1.0.95\n   Compiling serde v1.0.219\n   Compiling syn v1.0.109\n   Compiling libc v0.2.172\n   Compiling serde_json v1.0.140\n   Compiling target-triple v0.1.4\n   Compiling rustversion v1.0.20\n   Compiling ref-cast v1.0.24\n   Compiling serde_json v1.0.140 (/home/abezbm/rust-utgen-test-crates-new/json)\n   Compiling psm v0.1.26\n   Compiling stacker v0.1.21\n   Compiling quote v1.0.40\n   Compiling syn v2.0.101\n   Compiling serde_derive v1.0.219\n   Compiling ref-cast-impl v1.0.24\n   Compiling automod v1.0.15\n   Compiling ntest_timeout v0.9.3\n   Compiling ntest_test_cases v0.9.3\n   Compiling ntest v0.9.3\n   Compiling toml_datetime v0.6.9\n   Compiling serde_spanned v0.6.8\n   Compiling serde_stacker v0.1.12\n   Compiling serde_bytes v0.11.17\n   Compiling toml_edit v0.22.25\n   Compiling toml v0.8.21\n   Compiling trybuild v1.0.104\nwarning: unused import: `ntest::timeout`\n   --> src/error.rs:545:8\n    |\n545 |    use ntest::timeout;\n    |        ^^^^^^^^^^^^^^\n    |\n    = note: `#[warn(unused_imports)]` on by default\n\nerror[E0599]: no variant or associated item named `InvalidData` found for enum `error::ErrorCode` in the current scope\n   --> src/error.rs:566:26\n    |\n236 | pub(crate) enum ErrorCode {\n    | ------------------------- variant or associated item `InvalidData` not found for this enum\n...\n566 |         code: ErrorCode::InvalidData,\n    |                          ^^^^^^^^^^^ variant or associated item not found in `ErrorCode`\n\nerror[E0599]: cannot write into `&mut std::string::String`\n   --> src/error.rs:575:25\n    |\n575 |     let result = write!(&mut buffer, \"{}\", error);\n    |                         ^^^^^^^^^^^\n    |\nnote: must implement `io::Write`, `fmt::Write`, or have a `write_fmt` method\n   --> src/error.rs:575:25\n    |\n575 |     let result = write!(&mut buffer, \"{}\", error);\n    |                         ^^^^^^^^^^^\n    = help: items from traits can only be used if the trait is in scope\nhelp: trait `Write` which provides `write_fmt` is implemented but not in scope; perhaps you want to import it\n    |\n544 +    use std::fmt::Write;\n    |\nhelp: there is a method `write_str` with a similar name\n   --> /home/abezbm/.rustup/toolchains/nightly-2024-07-21-x86_64-unknown-linux-gnu/lib/rustlib/src/rust/library/core/src/macros/mod.rs:632:14\n    |\n632 |         $dst.write_str($crate::format_args!($($arg)*))\n    |              ~~~~~~~~~\n\nerror[E0277]: `TestError` doesn't implement `std::fmt::Display`\n   --> src/error.rs:575:44\n    |\n575 |     let result = write!(&mut buffer, \"{}\", error);\n    |                                            ^^^^^ `TestError` cannot be formatted with the default formatter\n    |\n    = help: the trait `std::fmt::Display` is not implemented for `TestError`\n    = note: in format strings you may be able to use `{:?}` (or {:#?} for pretty-print) instead\n    = note: this error originates in the macro `$crate::format_args` which comes from the expansion of the macro `write` (in Nightly builds, run with -Z macro-backtrace for more info)\n\nerror[E0277]: `error::ErrorCode` doesn't implement `Debug`\n   --> src/error.rs:561:65\n    |\n561 |             write!(f, \"Error code: {:?}, Line: {}, Column: {}\", self.code, self.line, self.column)\n    |                                                                 ^^^^^^^^^ `error::ErrorCode` cannot be formatted using `{:?}`\n    |\n    = help: the trait `Debug` is not implemented for `error::ErrorCode`\n    = note: add `#[derive(Debug)]` to `error::ErrorCode` or manually `impl Debug for error::ErrorCode`\n    = note: this error originates in the macro `$crate::format_args` which comes from the expansion of the macro `write` (in Nightly builds, run with -Z macro-backtrace for more info)\nhelp: consider annotating `error::ErrorCode` with `#[derive(Debug)]`\n    |\n236 + #[derive(Debug)]\n237 | pub(crate) enum ErrorCode {\n    |\n\nSome errors have detailed explanations: E0277, E0599.\nFor more information about an error, try `rustc --explain E0277`.\nwarning: `serde_json` (lib test) generated 1 warning\nerror: could not compile `serde_json` (lib test) due to 4 previous errors; 1 warning emitted\n"
                }
              ],
              "repaired": [
                false
              ]
            }
          ]
        }
      ]
    }
  ]
}