{
  "name": "serde_json::map::map::Entry<'a>::key",
  "name_with_impl": "serde_json::map::{impl#15}::key",
  "mod_info": {
    "name": "map",
    "loc": "src/lib.rs:420:1:420:13"
  },
  "visible": true,
  "loc": "src/map.rs:659:5:664:6",
  "fn_tests": [
    {
      "chain_id": 1,
      "prompt_conds": [
        "// constraint: self matches Entry::Occupied(e) is true\n",
        "// expected return value/type: match self {\n            Entry::Vacant(e) => e.key(),\n            Entry::Occupied(e) => e.key(),\n        }\n"
      ],
      "input_infer": "OccupiedEntryImpl<'a> = btree_map::OccupiedEntry<'a, String, Value>; String key = \"test_key\";\n",
      "answers": [
        {
          "uses": [],
          "has_test_mod": false,
          "common": [],
          "chain_tests": [
            {
              "attrs": [],
              "prefix": [
                "{",
                "    // Initialize a BTreeMap to create an OccupiedEntry",
                "    let mut map: BTreeMap<String, Value> = BTreeMap::new();",
                "    let key = String::from(\"test_key\");",
                "    let value = Value::Null; // Use an appropriate Value type",
                "    map.insert(key.clone(), value);",
                "    ",
                "    // Get the occupied entry",
                "    let entry = Entry::Occupied(OccupiedEntry { occupied: map.get_key_value(&key).unwrap() });",
                "",
                "    // Call the key function",
                "    let _result = entry.key();",
                "}"
              ],
              "oracles": [
                [
                  "    let mut map: BTreeMap<String, Value> = BTreeMap::new();",
                  "    let key = String::from(\"test_key\");",
                  "    let value = Value::Null;",
                  "    map.insert(key.clone(), value);",
                  "    let entry = Entry::Occupied(OccupiedEntry { occupied: map.get_key_value(&key).unwrap() });",
                  "    assert_eq!(entry.key(), &key);"
                ]
              ],
              "codes": [
                [
                  "{",
                  "    // Initialize a BTreeMap to create an OccupiedEntry",
                  "    let mut map: BTreeMap<String, Value> = BTreeMap::new();",
                  "    let key = String::from(\"test_key\");",
                  "    let value = Value::Null; // Use an appropriate Value type",
                  "    map.insert(key.clone(), value);",
                  "    ",
                  "    // Get the occupied entry",
                  "    let entry = Entry::Occupied(OccupiedEntry { occupied: map.get_key_value(&key).unwrap() });",
                  "",
                  "    // Call the key function",
                  "    let _result = entry.key();",
                  "    let mut map: BTreeMap<String, Value> = BTreeMap::new();",
                  "    let key = String::from(\"test_key\");",
                  "    let value = Value::Null;",
                  "    map.insert(key.clone(), value);",
                  "    let entry = Entry::Occupied(OccupiedEntry { occupied: map.get_key_value(&key).unwrap() });",
                  "    assert_eq!(entry.key(), &key);",
                  "}"
                ]
              ],
              "can_compile": [
                {
                  "Err": "   Compiling proc-macro2 v1.0.95\n   Compiling serde v1.0.219\n   Compiling syn v1.0.109\n   Compiling libc v0.2.172\n   Compiling serde_json v1.0.140\n   Compiling target-triple v0.1.4\n   Compiling ref-cast v1.0.24\n   Compiling rustversion v1.0.20\n   Compiling serde_json v1.0.140 (/home/abezbm/rust-utgen-test-crates-new/json)\n   Compiling psm v0.1.26\n   Compiling stacker v0.1.21\n   Compiling quote v1.0.40\n   Compiling syn v2.0.101\n   Compiling serde_derive v1.0.219\n   Compiling ref-cast-impl v1.0.24\n   Compiling automod v1.0.15\n   Compiling ntest_test_cases v0.9.3\n   Compiling ntest_timeout v0.9.3\n   Compiling ntest v0.9.3\n   Compiling serde_spanned v0.6.8\n   Compiling toml_datetime v0.6.9\n   Compiling serde_bytes v0.11.17\n   Compiling serde_stacker v0.1.12\n   Compiling toml_edit v0.22.25\n   Compiling toml v0.8.21\n   Compiling trybuild v1.0.104\nwarning: unused import: `ntest::timeout`\n    --> src/map.rs:1178:8\n     |\n1178 |    use ntest::timeout;\n     |        ^^^^^^^^^^^^^^\n     |\n     = note: `#[warn(unused_imports)]` on by default\n\nerror[E0308]: mismatched types\n    --> src/map.rs:1189:59\n     |\n1189 |     let entry = Entry::Occupied(OccupiedEntry { occupied: map.get_key_value(&key).unwrap() });\n     |                                                           ^^^^^^^^^^^^^^^^^^^^^^^^^^^^^^^^ expected `OccupiedEntry<'_, String, Value>`, found `(&String, &Value)`\n     |\n     = note: expected struct `std::collections::btree_map::OccupiedEntry<'_, std::string::String, value::Value>`\n                 found tuple `(&std::string::String, &value::Value)`\n\nerror[E0308]: mismatched types\n    --> src/map.rs:1197:59\n     |\n1197 |     let entry = Entry::Occupied(OccupiedEntry { occupied: map.get_key_value(&key).unwrap() });\n     |                                                           ^^^^^^^^^^^^^^^^^^^^^^^^^^^^^^^^ expected `OccupiedEntry<'_, String, Value>`, found `(&String, &Value)`\n     |\n     = note: expected struct `std::collections::btree_map::OccupiedEntry<'_, std::string::String, value::Value>`\n                 found tuple `(&std::string::String, &value::Value)`\n\nFor more information about this error, try `rustc --explain E0308`.\nwarning: `serde_json` (lib test) generated 1 warning\nerror: could not compile `serde_json` (lib test) due to 2 previous errors; 1 warning emitted\n"
                }
              ],
              "repaired": [
                false
              ]
            },
            {
              "attrs": [],
              "prefix": [
                "{",
                "    // Test with another occupied entry",
                "    let mut map: BTreeMap<String, Value> = BTreeMap::new();",
                "    let key = String::from(\"unique_key\");",
                "    let value = Value::Null; // Use an appropriate Value type",
                "    map.insert(key.clone(), value);",
                "    ",
                "    // Get the occupied entry",
                "    let entry = Entry::Occupied(OccupiedEntry { occupied: map.get_key_value(&key).unwrap() });",
                "",
                "    // Call the key function",
                "    let _result = entry.key();",
                "}"
              ],
              "oracles": [
                [
                  "    let key = String::from(\"unique_key\");",
                  "    let value = Value::Null;",
                  "    assert_eq!(entry.key(), &key);"
                ]
              ],
              "codes": [
                [
                  "{",
                  "    // Test with another occupied entry",
                  "    let mut map: BTreeMap<String, Value> = BTreeMap::new();",
                  "    let key = String::from(\"unique_key\");",
                  "    let value = Value::Null; // Use an appropriate Value type",
                  "    map.insert(key.clone(), value);",
                  "    ",
                  "    // Get the occupied entry",
                  "    let entry = Entry::Occupied(OccupiedEntry { occupied: map.get_key_value(&key).unwrap() });",
                  "",
                  "    // Call the key function",
                  "    let _result = entry.key();",
                  "    let key = String::from(\"unique_key\");",
                  "    let value = Value::Null;",
                  "    assert_eq!(entry.key(), &key);",
                  "}"
                ]
              ],
              "can_compile": [
                {
                  "Err": "   Compiling proc-macro2 v1.0.95\n   Compiling serde v1.0.219\n   Compiling syn v1.0.109\n   Compiling libc v0.2.172\n   Compiling target-triple v0.1.4\n   Compiling serde_json v1.0.140\n   Compiling ref-cast v1.0.24\n   Compiling rustversion v1.0.20\n   Compiling serde_json v1.0.140 (/home/abezbm/rust-utgen-test-crates-new/json)\n   Compiling psm v0.1.26\n   Compiling stacker v0.1.21\n   Compiling quote v1.0.40\n   Compiling syn v2.0.101\n   Compiling serde_derive v1.0.219\n   Compiling ref-cast-impl v1.0.24\n   Compiling automod v1.0.15\n   Compiling ntest_test_cases v0.9.3\n   Compiling ntest_timeout v0.9.3\n   Compiling ntest v0.9.3\n   Compiling serde_spanned v0.6.8\n   Compiling toml_datetime v0.6.9\n   Compiling serde_stacker v0.1.12\n   Compiling serde_bytes v0.11.17\n   Compiling toml_edit v0.22.25\n   Compiling toml v0.8.21\n   Compiling trybuild v1.0.104\nwarning: unused import: `ntest::timeout`\n    --> src/map.rs:1178:8\n     |\n1178 |    use ntest::timeout;\n     |        ^^^^^^^^^^^^^^\n     |\n     = note: `#[warn(unused_imports)]` on by default\n\nerror[E0308]: mismatched types\n    --> src/map.rs:1189:59\n     |\n1189 |     let entry = Entry::Occupied(OccupiedEntry { occupied: map.get_key_value(&key).unwrap() });\n     |                                                           ^^^^^^^^^^^^^^^^^^^^^^^^^^^^^^^^ expected `OccupiedEntry<'_, String, Value>`, found `(&String, &Value)`\n     |\n     = note: expected struct `std::collections::btree_map::OccupiedEntry<'_, std::string::String, value::Value>`\n                 found tuple `(&std::string::String, &value::Value)`\n\nFor more information about this error, try `rustc --explain E0308`.\nwarning: `serde_json` (lib test) generated 1 warning\nerror: could not compile `serde_json` (lib test) due to 1 previous error; 1 warning emitted\n"
                }
              ],
              "repaired": [
                false
              ]
            }
          ]
        }
      ]
    },
    {
      "chain_id": 2,
      "prompt_conds": [
        "// constraint: self matches Entry::Vacant(e) is true\n",
        "// constraint: self matches Entry::Vacant(e) is true\n",
        "// expected return value/type: match self {\n            Entry::Vacant(e) => e.key(),\n            Entry::Occupied(e) => e.key(),\n        }\n"
      ],
      "input_infer": "\"0 to 1\"\n",
      "answers": [
        {
          "uses": [
            "use serde_json::Map;",
            "use serde_json::Value;"
          ],
          "has_test_mod": false,
          "common": [],
          "chain_tests": [
            {
              "attrs": [],
              "prefix": [
                "{",
                "    use serde_json::Map;",
                "    use serde_json::Value;",
                "",
                "    let mut map = Map::new();",
                "    ",
                "    let vacant_entry = map.entry(String::from(\"test_key\"));",
                "    let key = vacant_entry.key();",
                "}"
              ],
              "oracles": [
                [
                  "    let vacant_entry = map.entry(String::from(\"test_key\"));",
                  "    assert!(matches!(vacant_entry, Entry::Vacant(_)));"
                ],
                [
                  "    let vacant_entry = map.entry(String::from(\"test_key\"));",
                  "    let key = vacant_entry.key();",
                  "    assert_eq!(key, &String::from(\"test_key\"));"
                ]
              ],
              "codes": [
                [
                  "{",
                  "    use serde_json::Map;",
                  "    use serde_json::Value;",
                  "",
                  "    let mut map = Map::new();",
                  "    ",
                  "    let vacant_entry = map.entry(String::from(\"test_key\"));",
                  "    let key = vacant_entry.key();",
                  "    let vacant_entry = map.entry(String::from(\"test_key\"));",
                  "    assert!(matches!(vacant_entry, Entry::Vacant(_)));",
                  "}"
                ],
                [
                  "{",
                  "    use serde_json::Map;",
                  "    use serde_json::Value;",
                  "",
                  "    let mut map = Map::new();",
                  "    ",
                  "    let vacant_entry = map.entry(String::from(\"test_key\"));",
                  "    let key = vacant_entry.key();",
                  "    let vacant_entry = map.entry(String::from(\"test_key\"));",
                  "    let key = vacant_entry.key();",
                  "    assert_eq!(key, &String::from(\"test_key\"));",
                  "}"
                ]
              ],
              "can_compile": [
                {
                  "Err": "   Compiling proc-macro2 v1.0.95\n   Compiling serde v1.0.219\n   Compiling syn v1.0.109\n   Compiling libc v0.2.172\n   Compiling serde_json v1.0.140\n   Compiling target-triple v0.1.4\n   Compiling rustversion v1.0.20\n   Compiling ref-cast v1.0.24\n   Compiling serde_json v1.0.140 (/home/abezbm/rust-utgen-test-crates-new/json)\n   Compiling psm v0.1.26\n   Compiling stacker v0.1.21\n   Compiling quote v1.0.40\n   Compiling syn v2.0.101\n   Compiling serde_derive v1.0.219\n   Compiling ref-cast-impl v1.0.24\n   Compiling automod v1.0.15\n   Compiling ntest_test_cases v0.9.3\n   Compiling ntest_timeout v0.9.3\n   Compiling ntest v0.9.3\n   Compiling serde_spanned v0.6.8\n   Compiling toml_datetime v0.6.9\n   Compiling serde_stacker v0.1.12\n   Compiling serde_bytes v0.11.17\n   Compiling toml_edit v0.22.25\n   Compiling toml v0.8.21\n   Compiling trybuild v1.0.104\nerror[E0432]: unresolved import `serde_json`\n    --> src/map.rs:1182:9\n     |\n1182 |     use serde_json::Map;\n     |         ^^^^^^^^^^ use of undeclared crate or module `serde_json`\n\nerror[E0432]: unresolved import `serde_json`\n    --> src/map.rs:1183:9\n     |\n1183 |     use serde_json::Value;\n     |         ^^^^^^^^^^ use of undeclared crate or module `serde_json`\n\nwarning: unused import: `ntest::timeout`\n    --> src/map.rs:1178:8\n     |\n1178 |    use ntest::timeout;\n     |        ^^^^^^^^^^^^^^\n     |\n     = note: `#[warn(unused_imports)]` on by default\n\nFor more information about this error, try `rustc --explain E0432`.\nwarning: `serde_json` (lib test) generated 1 warning\nerror: could not compile `serde_json` (lib test) due to 2 previous errors; 1 warning emitted\n"
                },
                {
                  "Err": "   Compiling proc-macro2 v1.0.95\n   Compiling serde v1.0.219\n   Compiling syn v1.0.109\n   Compiling libc v0.2.172\n   Compiling target-triple v0.1.4\n   Compiling serde_json v1.0.140\n   Compiling ref-cast v1.0.24\n   Compiling rustversion v1.0.20\n   Compiling serde_json v1.0.140 (/home/abezbm/rust-utgen-test-crates-new/json)\n   Compiling psm v0.1.26\n   Compiling stacker v0.1.21\n   Compiling quote v1.0.40\n   Compiling syn v2.0.101\n   Compiling serde_derive v1.0.219\n   Compiling ref-cast-impl v1.0.24\n   Compiling automod v1.0.15\n   Compiling ntest_timeout v0.9.3\n   Compiling ntest_test_cases v0.9.3\n   Compiling ntest v0.9.3\n   Compiling serde_spanned v0.6.8\n   Compiling toml_datetime v0.6.9\n   Compiling serde_bytes v0.11.17\n   Compiling serde_stacker v0.1.12\n   Compiling toml_edit v0.22.25\n   Compiling toml v0.8.21\n   Compiling trybuild v1.0.104\nerror[E0432]: unresolved import `serde_json`\n    --> src/map.rs:1182:9\n     |\n1182 |     use serde_json::Map;\n     |         ^^^^^^^^^^ use of undeclared crate or module `serde_json`\n\nerror[E0432]: unresolved import `serde_json`\n    --> src/map.rs:1183:9\n     |\n1183 |     use serde_json::Value;\n     |         ^^^^^^^^^^ use of undeclared crate or module `serde_json`\n\nwarning: unused import: `ntest::timeout`\n    --> src/map.rs:1178:8\n     |\n1178 |    use ntest::timeout;\n     |        ^^^^^^^^^^^^^^\n     |\n     = note: `#[warn(unused_imports)]` on by default\n\nFor more information about this error, try `rustc --explain E0432`.\nwarning: `serde_json` (lib test) generated 1 warning\nerror: could not compile `serde_json` (lib test) due to 2 previous errors; 1 warning emitted\n"
                }
              ],
              "repaired": [
                false,
                false
              ]
            },
            {
              "attrs": [],
              "prefix": [
                "{",
                "    use serde_json::Map;",
                "    use serde_json::Value;",
                "",
                "    let mut map = Map::new();",
                "    ",
                "    map.insert(String::from(\"occupied_key\"), Value::String(String::from(\"occupied_value\")));",
                "    let occupied_entry = map.entry(String::from(\"occupied_key\"));",
                "    let key = occupied_entry.key();",
                "}"
              ],
              "oracles": [
                [
                  "    let mut map = Map::new();",
                  "    map.insert(String::from(\"occupied_key\"), Value::String(String::from(\"occupied_value\")));",
                  "    let occupied_entry = map.entry(String::from(\"occupied_key\"));",
                  "    assert_eq!(occupied_entry.key(), &String::from(\"occupied_key\"));"
                ],
                [
                  "    let mut map = Map::new();",
                  "    map.insert(String::from(\"occupied_key\"), Value::String(String::from(\"occupied_value\")));",
                  "    let occupied_entry = map.entry(String::from(\"occupied_key\"));",
                  "    assert!(matches!(occupied_entry, Entry::Occupied(_)));"
                ],
                [
                  "    let mut map = Map::new();",
                  "    map.insert(String::from(\"occupied_key\"), Value::String(String::from(\"occupied_value\")));",
                  "    let occupied_entry = map.entry(String::from(\"occupied_key\"));",
                  "    assert!(occupied_entry.key().is_some());"
                ]
              ],
              "codes": [
                [
                  "{",
                  "    use serde_json::Map;",
                  "    use serde_json::Value;",
                  "",
                  "    let mut map = Map::new();",
                  "    ",
                  "    map.insert(String::from(\"occupied_key\"), Value::String(String::from(\"occupied_value\")));",
                  "    let occupied_entry = map.entry(String::from(\"occupied_key\"));",
                  "    let key = occupied_entry.key();",
                  "    let mut map = Map::new();",
                  "    map.insert(String::from(\"occupied_key\"), Value::String(String::from(\"occupied_value\")));",
                  "    let occupied_entry = map.entry(String::from(\"occupied_key\"));",
                  "    assert_eq!(occupied_entry.key(), &String::from(\"occupied_key\"));",
                  "}"
                ],
                [
                  "{",
                  "    use serde_json::Map;",
                  "    use serde_json::Value;",
                  "",
                  "    let mut map = Map::new();",
                  "    ",
                  "    map.insert(String::from(\"occupied_key\"), Value::String(String::from(\"occupied_value\")));",
                  "    let occupied_entry = map.entry(String::from(\"occupied_key\"));",
                  "    let key = occupied_entry.key();",
                  "    let mut map = Map::new();",
                  "    map.insert(String::from(\"occupied_key\"), Value::String(String::from(\"occupied_value\")));",
                  "    let occupied_entry = map.entry(String::from(\"occupied_key\"));",
                  "    assert!(matches!(occupied_entry, Entry::Occupied(_)));",
                  "}"
                ],
                [
                  "{",
                  "    use serde_json::Map;",
                  "    use serde_json::Value;",
                  "",
                  "    let mut map = Map::new();",
                  "    ",
                  "    map.insert(String::from(\"occupied_key\"), Value::String(String::from(\"occupied_value\")));",
                  "    let occupied_entry = map.entry(String::from(\"occupied_key\"));",
                  "    let key = occupied_entry.key();",
                  "    let mut map = Map::new();",
                  "    map.insert(String::from(\"occupied_key\"), Value::String(String::from(\"occupied_value\")));",
                  "    let occupied_entry = map.entry(String::from(\"occupied_key\"));",
                  "    assert!(occupied_entry.key().is_some());",
                  "}"
                ]
              ],
              "can_compile": [
                {
                  "Err": "   Compiling proc-macro2 v1.0.95\n   Compiling serde v1.0.219\n   Compiling syn v1.0.109\n   Compiling libc v0.2.172\n   Compiling serde_json v1.0.140\n   Compiling target-triple v0.1.4\n   Compiling ref-cast v1.0.24\n   Compiling rustversion v1.0.20\n   Compiling serde_json v1.0.140 (/home/abezbm/rust-utgen-test-crates-new/json)\n   Compiling psm v0.1.26\n   Compiling stacker v0.1.21\n   Compiling quote v1.0.40\n   Compiling syn v2.0.101\n   Compiling serde_derive v1.0.219\n   Compiling ref-cast-impl v1.0.24\n   Compiling automod v1.0.15\n   Compiling ntest_test_cases v0.9.3\n   Compiling ntest_timeout v0.9.3\n   Compiling ntest v0.9.3\n   Compiling serde_spanned v0.6.8\n   Compiling toml_datetime v0.6.9\n   Compiling serde_bytes v0.11.17\n   Compiling serde_stacker v0.1.12\n   Compiling toml_edit v0.22.25\n   Compiling toml v0.8.21\n   Compiling trybuild v1.0.104\nerror[E0432]: unresolved import `serde_json`\n    --> src/map.rs:1182:9\n     |\n1182 |     use serde_json::Map;\n     |         ^^^^^^^^^^ use of undeclared crate or module `serde_json`\n\nerror[E0432]: unresolved import `serde_json`\n    --> src/map.rs:1183:9\n     |\n1183 |     use serde_json::Value;\n     |         ^^^^^^^^^^ use of undeclared crate or module `serde_json`\n\nwarning: unused import: `ntest::timeout`\n    --> src/map.rs:1178:8\n     |\n1178 |    use ntest::timeout;\n     |        ^^^^^^^^^^^^^^\n     |\n     = note: `#[warn(unused_imports)]` on by default\n\nFor more information about this error, try `rustc --explain E0432`.\nwarning: `serde_json` (lib test) generated 1 warning\nerror: could not compile `serde_json` (lib test) due to 2 previous errors; 1 warning emitted\n"
                },
                {
                  "Err": "   Compiling proc-macro2 v1.0.95\n   Compiling serde v1.0.219\n   Compiling syn v1.0.109\n   Compiling libc v0.2.172\n   Compiling target-triple v0.1.4\n   Compiling serde_json v1.0.140\n   Compiling ref-cast v1.0.24\n   Compiling rustversion v1.0.20\n   Compiling serde_json v1.0.140 (/home/abezbm/rust-utgen-test-crates-new/json)\n   Compiling psm v0.1.26\n   Compiling stacker v0.1.21\n   Compiling quote v1.0.40\n   Compiling syn v2.0.101\n   Compiling serde_derive v1.0.219\n   Compiling ref-cast-impl v1.0.24\n   Compiling automod v1.0.15\n   Compiling ntest_timeout v0.9.3\n   Compiling ntest_test_cases v0.9.3\n   Compiling ntest v0.9.3\n   Compiling toml_datetime v0.6.9\n   Compiling serde_spanned v0.6.8\n   Compiling serde_stacker v0.1.12\n   Compiling serde_bytes v0.11.17\n   Compiling toml_edit v0.22.25\n   Compiling toml v0.8.21\n   Compiling trybuild v1.0.104\nerror[E0432]: unresolved import `serde_json`\n    --> src/map.rs:1182:9\n     |\n1182 |     use serde_json::Map;\n     |         ^^^^^^^^^^ use of undeclared crate or module `serde_json`\n\nerror[E0432]: unresolved import `serde_json`\n    --> src/map.rs:1183:9\n     |\n1183 |     use serde_json::Value;\n     |         ^^^^^^^^^^ use of undeclared crate or module `serde_json`\n\nwarning: unused import: `ntest::timeout`\n    --> src/map.rs:1178:8\n     |\n1178 |    use ntest::timeout;\n     |        ^^^^^^^^^^^^^^\n     |\n     = note: `#[warn(unused_imports)]` on by default\n\nFor more information about this error, try `rustc --explain E0432`.\nwarning: `serde_json` (lib test) generated 1 warning\nerror: could not compile `serde_json` (lib test) due to 2 previous errors; 1 warning emitted\n"
                },
                {
                  "Err": "   Compiling proc-macro2 v1.0.95\n   Compiling serde v1.0.219\n   Compiling syn v1.0.109\n   Compiling libc v0.2.172\n   Compiling target-triple v0.1.4\n   Compiling serde_json v1.0.140\n   Compiling ref-cast v1.0.24\n   Compiling rustversion v1.0.20\n   Compiling serde_json v1.0.140 (/home/abezbm/rust-utgen-test-crates-new/json)\n   Compiling psm v0.1.26\n   Compiling stacker v0.1.21\n   Compiling quote v1.0.40\n   Compiling syn v2.0.101\n   Compiling serde_derive v1.0.219\n   Compiling ref-cast-impl v1.0.24\n   Compiling automod v1.0.15\n   Compiling ntest_test_cases v0.9.3\n   Compiling ntest_timeout v0.9.3\n   Compiling ntest v0.9.3\n   Compiling toml_datetime v0.6.9\n   Compiling serde_spanned v0.6.8\n   Compiling serde_bytes v0.11.17\n   Compiling serde_stacker v0.1.12\n   Compiling toml_edit v0.22.25\n   Compiling toml v0.8.21\n   Compiling trybuild v1.0.104\nerror[E0432]: unresolved import `serde_json`\n    --> src/map.rs:1182:9\n     |\n1182 |     use serde_json::Map;\n     |         ^^^^^^^^^^ use of undeclared crate or module `serde_json`\n\nerror[E0432]: unresolved import `serde_json`\n    --> src/map.rs:1183:9\n     |\n1183 |     use serde_json::Value;\n     |         ^^^^^^^^^^ use of undeclared crate or module `serde_json`\n\nwarning: unused import: `ntest::timeout`\n    --> src/map.rs:1178:8\n     |\n1178 |    use ntest::timeout;\n     |        ^^^^^^^^^^^^^^\n     |\n     = note: `#[warn(unused_imports)]` on by default\n\nFor more information about this error, try `rustc --explain E0432`.\nwarning: `serde_json` (lib test) generated 1 warning\nerror: could not compile `serde_json` (lib test) due to 2 previous errors; 1 warning emitted\n"
                }
              ],
              "repaired": [
                false,
                false,
                false
              ]
            }
          ]
        }
      ]
    }
  ]
}