{
  "name": "serde_json::value::de::<value::de::UnitOnly as serde::de::VariantAccess<'de>>::unit_variant",
  "name_with_impl": "serde_json::value::de::{impl#27}::unit_variant",
  "mod_info": {
    "name": "value::de",
    "loc": "src/value/mod.rs:927:1:927:8"
  },
  "visible": true,
  "loc": "src/value/de.rs:1463:5:1465:6",
  "fn_tests": [
    {
      "chain_id": 1,
      "prompt_conds": [
        "// expected return value/type: Ok(())\n"
      ],
      "input_infer": "self must be a valid instance of VariantAccess, where the variant is properly defined and the function does not encounter any unreachable paths or type mismatches.\n",
      "answers": [
        {
          "uses": [],
          "has_test_mod": false,
          "common": [],
          "chain_tests": [
            {
              "attrs": [],
              "prefix": [
                "{",
                "    let mut deserializer = Deserializer::from_str(\"{}\");",
                "    let variant_access = VariantAccess { de: &mut deserializer };",
                "    let result = variant_access.unit_variant();",
                "}"
              ],
              "oracles": [
                [
                  "    let mut deserializer = Deserializer::from_str(\"{}\");",
                  "    let variant_access = VariantAccess { de: &mut deserializer };",
                  "    let result = variant_access.unit_variant();",
                  "    assert!(result.is_ok());"
                ],
                [
                  "    let mut deserializer = Deserializer::from_str(\"{}\");",
                  "    let variant_access = VariantAccess { de: &mut deserializer };",
                  "    let result = variant_access.unit_variant();",
                  "    assert_eq!(result.unwrap(), ());"
                ]
              ],
              "codes": [
                [
                  "{",
                  "    let mut deserializer = Deserializer::from_str(\"{}\");",
                  "    let variant_access = VariantAccess { de: &mut deserializer };",
                  "    let result = variant_access.unit_variant();",
                  "    let mut deserializer = Deserializer::from_str(\"{}\");",
                  "    let variant_access = VariantAccess { de: &mut deserializer };",
                  "    let result = variant_access.unit_variant();",
                  "    assert!(result.is_ok());",
                  "}"
                ],
                [
                  "{",
                  "    let mut deserializer = Deserializer::from_str(\"{}\");",
                  "    let variant_access = VariantAccess { de: &mut deserializer };",
                  "    let result = variant_access.unit_variant();",
                  "    let mut deserializer = Deserializer::from_str(\"{}\");",
                  "    let variant_access = VariantAccess { de: &mut deserializer };",
                  "    let result = variant_access.unit_variant();",
                  "    assert_eq!(result.unwrap(), ());",
                  "}"
                ]
              ],
              "can_compile": [
                {
                  "Err": "   Compiling proc-macro2 v1.0.95\n   Compiling serde v1.0.219\n   Compiling syn v1.0.109\n   Compiling libc v0.2.172\n   Compiling target-triple v0.1.4\n   Compiling serde_json v1.0.140\n   Compiling rustversion v1.0.20\n   Compiling ref-cast v1.0.24\n   Compiling serde_json v1.0.140 (/home/abezbm/rust-utgen-test-crates-new/json)\n   Compiling psm v0.1.26\n   Compiling stacker v0.1.21\n   Compiling quote v1.0.40\n   Compiling syn v2.0.101\n   Compiling serde_derive v1.0.219\n   Compiling ref-cast-impl v1.0.24\n   Compiling automod v1.0.15\n   Compiling ntest_test_cases v0.9.3\n   Compiling ntest_timeout v0.9.3\n   Compiling ntest v0.9.3\n   Compiling serde_spanned v0.6.8\n   Compiling toml_datetime v0.6.9\n   Compiling serde_stacker v0.1.12\n   Compiling serde_bytes v0.11.17\n   Compiling toml_edit v0.22.25\n   Compiling toml v0.8.21\n   Compiling trybuild v1.0.104\nerror[E0433]: failed to resolve: use of undeclared type `Deserializer`\n    --> src/value/de.rs:1508:28\n     |\n1508 |     let mut deserializer = Deserializer::from_str(\"{}\");\n     |                            ^^^^^^^^^^^^ use of undeclared type `Deserializer`\n     |\nhelp: a trait with a similar name exists\n     |\n1508 |     let mut deserializer = Deserialize::from_str(\"{}\");\n     |                            ~~~~~~~~~~~\nhelp: consider importing one of these items\n     |\n1503 +    use crate::Deserializer;\n     |\n1503 +    use crate::value::de::de::Deserializer;\n     |\n1503 +    use serde::Deserializer;\n     |\n1503 +    use serde_stacker::Deserializer;\n     |\n\nerror[E0574]: expected struct, variant or union type, found trait `VariantAccess`\n    --> src/value/de.rs:1509:26\n     |\n1509 |     let variant_access = VariantAccess { de: &mut deserializer };\n     |                          ^^^^^^^^^^^^^ not a struct, variant or union type\n     |\nnote: struct `crate::de::VariantAccess` exists but is inaccessible\n    --> src/de.rs:2035:1\n     |\n2035 | struct VariantAccess<'a, R: 'a> {\n     | ^^^^^^^^^^^^^^^^^^^^^^^^^^^^^^^ not accessible\n\nerror[E0433]: failed to resolve: use of undeclared type `Deserializer`\n    --> src/value/de.rs:1511:28\n     |\n1511 |     let mut deserializer = Deserializer::from_str(\"{}\");\n     |                            ^^^^^^^^^^^^ use of undeclared type `Deserializer`\n     |\nhelp: a trait with a similar name exists\n     |\n1511 |     let mut deserializer = Deserialize::from_str(\"{}\");\n     |                            ~~~~~~~~~~~\nhelp: consider importing one of these items\n     |\n1503 +    use crate::Deserializer;\n     |\n1503 +    use crate::value::de::de::Deserializer;\n     |\n1503 +    use serde::Deserializer;\n     |\n1503 +    use serde_stacker::Deserializer;\n     |\n\nerror[E0574]: expected struct, variant or union type, found trait `VariantAccess`\n    --> src/value/de.rs:1512:26\n     |\n1512 |     let variant_access = VariantAccess { de: &mut deserializer };\n     |                          ^^^^^^^^^^^^^ not a struct, variant or union type\n     |\nnote: struct `crate::de::VariantAccess` exists but is inaccessible\n    --> src/de.rs:2035:1\n     |\n2035 | struct VariantAccess<'a, R: 'a> {\n     | ^^^^^^^^^^^^^^^^^^^^^^^^^^^^^^^ not accessible\n\nwarning: unused import: `ntest::timeout`\n    --> src/value/de.rs:1504:8\n     |\n1504 |    use ntest::timeout;\n     |        ^^^^^^^^^^^^^^\n     |\n     = note: `#[warn(unused_imports)]` on by default\n\nSome errors have detailed explanations: E0433, E0574.\nFor more information about an error, try `rustc --explain E0433`.\nwarning: `serde_json` (lib test) generated 1 warning\nerror: could not compile `serde_json` (lib test) due to 4 previous errors; 1 warning emitted\n"
                },
                {
                  "Err": "   Compiling proc-macro2 v1.0.95\n   Compiling serde v1.0.219\n   Compiling syn v1.0.109\n   Compiling libc v0.2.172\n   Compiling target-triple v0.1.4\n   Compiling serde_json v1.0.140\n   Compiling ref-cast v1.0.24\n   Compiling rustversion v1.0.20\n   Compiling serde_json v1.0.140 (/home/abezbm/rust-utgen-test-crates-new/json)\n   Compiling psm v0.1.26\n   Compiling stacker v0.1.21\n   Compiling quote v1.0.40\n   Compiling syn v2.0.101\n   Compiling serde_derive v1.0.219\n   Compiling ref-cast-impl v1.0.24\n   Compiling automod v1.0.15\n   Compiling ntest_test_cases v0.9.3\n   Compiling ntest_timeout v0.9.3\n   Compiling ntest v0.9.3\n   Compiling serde_spanned v0.6.8\n   Compiling toml_datetime v0.6.9\n   Compiling serde_bytes v0.11.17\n   Compiling serde_stacker v0.1.12\n   Compiling toml_edit v0.22.25\n   Compiling toml v0.8.21\n   Compiling trybuild v1.0.104\nerror[E0433]: failed to resolve: use of undeclared type `Deserializer`\n    --> src/value/de.rs:1508:28\n     |\n1508 |     let mut deserializer = Deserializer::from_str(\"{}\");\n     |                            ^^^^^^^^^^^^ use of undeclared type `Deserializer`\n     |\nhelp: a trait with a similar name exists\n     |\n1508 |     let mut deserializer = Deserialize::from_str(\"{}\");\n     |                            ~~~~~~~~~~~\nhelp: consider importing one of these items\n     |\n1503 +    use crate::Deserializer;\n     |\n1503 +    use crate::value::de::de::Deserializer;\n     |\n1503 +    use serde::Deserializer;\n     |\n1503 +    use serde_stacker::Deserializer;\n     |\n\nerror[E0574]: expected struct, variant or union type, found trait `VariantAccess`\n    --> src/value/de.rs:1509:26\n     |\n1509 |     let variant_access = VariantAccess { de: &mut deserializer };\n     |                          ^^^^^^^^^^^^^ not a struct, variant or union type\n     |\nnote: struct `crate::de::VariantAccess` exists but is inaccessible\n    --> src/de.rs:2035:1\n     |\n2035 | struct VariantAccess<'a, R: 'a> {\n     | ^^^^^^^^^^^^^^^^^^^^^^^^^^^^^^^ not accessible\n\nerror[E0433]: failed to resolve: use of undeclared type `Deserializer`\n    --> src/value/de.rs:1511:28\n     |\n1511 |     let mut deserializer = Deserializer::from_str(\"{}\");\n     |                            ^^^^^^^^^^^^ use of undeclared type `Deserializer`\n     |\nhelp: a trait with a similar name exists\n     |\n1511 |     let mut deserializer = Deserialize::from_str(\"{}\");\n     |                            ~~~~~~~~~~~\nhelp: consider importing one of these items\n     |\n1503 +    use crate::Deserializer;\n     |\n1503 +    use crate::value::de::de::Deserializer;\n     |\n1503 +    use serde::Deserializer;\n     |\n1503 +    use serde_stacker::Deserializer;\n     |\n\nerror[E0574]: expected struct, variant or union type, found trait `VariantAccess`\n    --> src/value/de.rs:1512:26\n     |\n1512 |     let variant_access = VariantAccess { de: &mut deserializer };\n     |                          ^^^^^^^^^^^^^ not a struct, variant or union type\n     |\nnote: struct `crate::de::VariantAccess` exists but is inaccessible\n    --> src/de.rs:2035:1\n     |\n2035 | struct VariantAccess<'a, R: 'a> {\n     | ^^^^^^^^^^^^^^^^^^^^^^^^^^^^^^^ not accessible\n\nwarning: unused import: `ntest::timeout`\n    --> src/value/de.rs:1504:8\n     |\n1504 |    use ntest::timeout;\n     |        ^^^^^^^^^^^^^^\n     |\n     = note: `#[warn(unused_imports)]` on by default\n\nSome errors have detailed explanations: E0433, E0574.\nFor more information about an error, try `rustc --explain E0433`.\nwarning: `serde_json` (lib test) generated 1 warning\nerror: could not compile `serde_json` (lib test) due to 4 previous errors; 1 warning emitted\n"
                }
              ],
              "repaired": [
                false,
                false
              ]
            },
            {
              "attrs": [
                "#[should_panic]"
              ],
              "prefix": [
                "{",
                "    let mut deserializer = Deserializer::from_str(\"{ invalid json }\");",
                "    let variant_access = VariantAccess { de: &mut deserializer };",
                "    let _result = variant_access.unit_variant();",
                "}"
              ],
              "oracles": [
                [
                  "    let mut deserializer = Deserializer::from_str(\"{ invalid json }\");",
                  "    let variant_access = VariantAccess { de: &mut deserializer };",
                  "    assert_eq!(variant_access.unit_variant(), Ok(()));"
                ],
                [
                  "    let mut deserializer = Deserializer::from_str(\"{ invalid json }\");",
                  "    let variant_access = VariantAccess { de: &mut deserializer };",
                  "    assert!(matches!(variant_access.unit_variant(), Err(_)));"
                ],
                [
                  "    let mut deserializer = Deserializer::from_str(\"{ invalid json }\");",
                  "    let variant_access = VariantAccess { de: &mut deserializer };",
                  "    assert!(deserializer.is_invalid());"
                ],
                [
                  "    let mut deserializer = Deserializer::from_str(\"{ invalid json }\");",
                  "    let variant_access = VariantAccess { de: &mut deserializer };",
                  "    assert!(variant_access.de.has_error());"
                ]
              ],
              "codes": [
                [
                  "{",
                  "    let mut deserializer = Deserializer::from_str(\"{ invalid json }\");",
                  "    let variant_access = VariantAccess { de: &mut deserializer };",
                  "    let _result = variant_access.unit_variant();",
                  "    let mut deserializer = Deserializer::from_str(\"{ invalid json }\");",
                  "    let variant_access = VariantAccess { de: &mut deserializer };",
                  "    assert_eq!(variant_access.unit_variant(), Ok(()));",
                  "}"
                ],
                [
                  "{",
                  "    let mut deserializer = Deserializer::from_str(\"{ invalid json }\");",
                  "    let variant_access = VariantAccess { de: &mut deserializer };",
                  "    let _result = variant_access.unit_variant();",
                  "    let mut deserializer = Deserializer::from_str(\"{ invalid json }\");",
                  "    let variant_access = VariantAccess { de: &mut deserializer };",
                  "    assert!(matches!(variant_access.unit_variant(), Err(_)));",
                  "}"
                ],
                [
                  "{",
                  "    let mut deserializer = Deserializer::from_str(\"{ invalid json }\");",
                  "    let variant_access = VariantAccess { de: &mut deserializer };",
                  "    let _result = variant_access.unit_variant();",
                  "    let mut deserializer = Deserializer::from_str(\"{ invalid json }\");",
                  "    let variant_access = VariantAccess { de: &mut deserializer };",
                  "    assert!(deserializer.is_invalid());",
                  "}"
                ],
                [
                  "{",
                  "    let mut deserializer = Deserializer::from_str(\"{ invalid json }\");",
                  "    let variant_access = VariantAccess { de: &mut deserializer };",
                  "    let _result = variant_access.unit_variant();",
                  "    let mut deserializer = Deserializer::from_str(\"{ invalid json }\");",
                  "    let variant_access = VariantAccess { de: &mut deserializer };",
                  "    assert!(variant_access.de.has_error());",
                  "}"
                ]
              ],
              "can_compile": [
                {
                  "Err": "   Compiling proc-macro2 v1.0.95\n   Compiling serde v1.0.219\n   Compiling syn v1.0.109\n   Compiling libc v0.2.172\n   Compiling serde_json v1.0.140\n   Compiling target-triple v0.1.4\n   Compiling ref-cast v1.0.24\n   Compiling rustversion v1.0.20\n   Compiling serde_json v1.0.140 (/home/abezbm/rust-utgen-test-crates-new/json)\n   Compiling psm v0.1.26\n   Compiling stacker v0.1.21\n   Compiling quote v1.0.40\n   Compiling syn v2.0.101\n   Compiling serde_derive v1.0.219\n   Compiling ref-cast-impl v1.0.24\n   Compiling automod v1.0.15\n   Compiling ntest_timeout v0.9.3\n   Compiling ntest_test_cases v0.9.3\n   Compiling ntest v0.9.3\n   Compiling serde_spanned v0.6.8\n   Compiling toml_datetime v0.6.9\n   Compiling serde_stacker v0.1.12\n   Compiling serde_bytes v0.11.17\n   Compiling toml_edit v0.22.25\n   Compiling toml v0.8.21\n   Compiling trybuild v1.0.104\nerror[E0433]: failed to resolve: use of undeclared type `Deserializer`\n    --> src/value/de.rs:1509:28\n     |\n1509 |     let mut deserializer = Deserializer::from_str(\"{ invalid json }\");\n     |                            ^^^^^^^^^^^^ use of undeclared type `Deserializer`\n     |\nhelp: a trait with a similar name exists\n     |\n1509 |     let mut deserializer = Deserialize::from_str(\"{ invalid json }\");\n     |                            ~~~~~~~~~~~\nhelp: consider importing one of these items\n     |\n1503 +    use crate::Deserializer;\n     |\n1503 +    use crate::value::de::de::Deserializer;\n     |\n1503 +    use serde::Deserializer;\n     |\n1503 +    use serde_stacker::Deserializer;\n     |\n\nerror[E0574]: expected struct, variant or union type, found trait `VariantAccess`\n    --> src/value/de.rs:1510:26\n     |\n1510 |     let variant_access = VariantAccess { de: &mut deserializer };\n     |                          ^^^^^^^^^^^^^ not a struct, variant or union type\n     |\nnote: struct `crate::de::VariantAccess` exists but is inaccessible\n    --> src/de.rs:2035:1\n     |\n2035 | struct VariantAccess<'a, R: 'a> {\n     | ^^^^^^^^^^^^^^^^^^^^^^^^^^^^^^^ not accessible\n\nerror[E0433]: failed to resolve: use of undeclared type `Deserializer`\n    --> src/value/de.rs:1512:28\n     |\n1512 |     let mut deserializer = Deserializer::from_str(\"{ invalid json }\");\n     |                            ^^^^^^^^^^^^ use of undeclared type `Deserializer`\n     |\nhelp: a trait with a similar name exists\n     |\n1512 |     let mut deserializer = Deserialize::from_str(\"{ invalid json }\");\n     |                            ~~~~~~~~~~~\nhelp: consider importing one of these items\n     |\n1503 +    use crate::Deserializer;\n     |\n1503 +    use crate::value::de::de::Deserializer;\n     |\n1503 +    use serde::Deserializer;\n     |\n1503 +    use serde_stacker::Deserializer;\n     |\n\nerror[E0574]: expected struct, variant or union type, found trait `VariantAccess`\n    --> src/value/de.rs:1513:26\n     |\n1513 |     let variant_access = VariantAccess { de: &mut deserializer };\n     |                          ^^^^^^^^^^^^^ not a struct, variant or union type\n     |\nnote: struct `crate::de::VariantAccess` exists but is inaccessible\n    --> src/de.rs:2035:1\n     |\n2035 | struct VariantAccess<'a, R: 'a> {\n     | ^^^^^^^^^^^^^^^^^^^^^^^^^^^^^^^ not accessible\n\nwarning: unused import: `ntest::timeout`\n    --> src/value/de.rs:1504:8\n     |\n1504 |    use ntest::timeout;\n     |        ^^^^^^^^^^^^^^\n     |\n     = note: `#[warn(unused_imports)]` on by default\n\nSome errors have detailed explanations: E0433, E0574.\nFor more information about an error, try `rustc --explain E0433`.\nwarning: `serde_json` (lib test) generated 1 warning\nerror: could not compile `serde_json` (lib test) due to 4 previous errors; 1 warning emitted\n"
                },
                {
                  "Err": "   Compiling proc-macro2 v1.0.95\n   Compiling serde v1.0.219\n   Compiling syn v1.0.109\n   Compiling libc v0.2.172\n   Compiling serde_json v1.0.140\n   Compiling target-triple v0.1.4\n   Compiling ref-cast v1.0.24\n   Compiling rustversion v1.0.20\n   Compiling serde_json v1.0.140 (/home/abezbm/rust-utgen-test-crates-new/json)\n   Compiling psm v0.1.26\n   Compiling stacker v0.1.21\n   Compiling quote v1.0.40\n   Compiling syn v2.0.101\n   Compiling serde_derive v1.0.219\n   Compiling ref-cast-impl v1.0.24\n   Compiling automod v1.0.15\n   Compiling ntest_timeout v0.9.3\n   Compiling ntest_test_cases v0.9.3\n   Compiling ntest v0.9.3\n   Compiling serde_spanned v0.6.8\n   Compiling toml_datetime v0.6.9\n   Compiling serde_stacker v0.1.12\n   Compiling serde_bytes v0.11.17\n   Compiling toml_edit v0.22.25\n   Compiling toml v0.8.21\n   Compiling trybuild v1.0.104\nerror[E0433]: failed to resolve: use of undeclared type `Deserializer`\n    --> src/value/de.rs:1509:28\n     |\n1509 |     let mut deserializer = Deserializer::from_str(\"{ invalid json }\");\n     |                            ^^^^^^^^^^^^ use of undeclared type `Deserializer`\n     |\nhelp: a trait with a similar name exists\n     |\n1509 |     let mut deserializer = Deserialize::from_str(\"{ invalid json }\");\n     |                            ~~~~~~~~~~~\nhelp: consider importing one of these items\n     |\n1503 +    use crate::Deserializer;\n     |\n1503 +    use crate::value::de::de::Deserializer;\n     |\n1503 +    use serde::Deserializer;\n     |\n1503 +    use serde_stacker::Deserializer;\n     |\n\nerror[E0574]: expected struct, variant or union type, found trait `VariantAccess`\n    --> src/value/de.rs:1510:26\n     |\n1510 |     let variant_access = VariantAccess { de: &mut deserializer };\n     |                          ^^^^^^^^^^^^^ not a struct, variant or union type\n     |\nnote: struct `crate::de::VariantAccess` exists but is inaccessible\n    --> src/de.rs:2035:1\n     |\n2035 | struct VariantAccess<'a, R: 'a> {\n     | ^^^^^^^^^^^^^^^^^^^^^^^^^^^^^^^ not accessible\n\nerror[E0433]: failed to resolve: use of undeclared type `Deserializer`\n    --> src/value/de.rs:1512:28\n     |\n1512 |     let mut deserializer = Deserializer::from_str(\"{ invalid json }\");\n     |                            ^^^^^^^^^^^^ use of undeclared type `Deserializer`\n     |\nhelp: a trait with a similar name exists\n     |\n1512 |     let mut deserializer = Deserialize::from_str(\"{ invalid json }\");\n     |                            ~~~~~~~~~~~\nhelp: consider importing one of these items\n     |\n1503 +    use crate::Deserializer;\n     |\n1503 +    use crate::value::de::de::Deserializer;\n     |\n1503 +    use serde::Deserializer;\n     |\n1503 +    use serde_stacker::Deserializer;\n     |\n\nerror[E0574]: expected struct, variant or union type, found trait `VariantAccess`\n    --> src/value/de.rs:1513:26\n     |\n1513 |     let variant_access = VariantAccess { de: &mut deserializer };\n     |                          ^^^^^^^^^^^^^ not a struct, variant or union type\n     |\nnote: struct `crate::de::VariantAccess` exists but is inaccessible\n    --> src/de.rs:2035:1\n     |\n2035 | struct VariantAccess<'a, R: 'a> {\n     | ^^^^^^^^^^^^^^^^^^^^^^^^^^^^^^^ not accessible\n\nwarning: unused import: `ntest::timeout`\n    --> src/value/de.rs:1504:8\n     |\n1504 |    use ntest::timeout;\n     |        ^^^^^^^^^^^^^^\n     |\n     = note: `#[warn(unused_imports)]` on by default\n\nSome errors have detailed explanations: E0433, E0574.\nFor more information about an error, try `rustc --explain E0433`.\nwarning: `serde_json` (lib test) generated 1 warning\nerror: could not compile `serde_json` (lib test) due to 4 previous errors; 1 warning emitted\n"
                },
                {
                  "Err": "   Compiling proc-macro2 v1.0.95\n   Compiling serde v1.0.219\n   Compiling syn v1.0.109\n   Compiling libc v0.2.172\n   Compiling serde_json v1.0.140\n   Compiling target-triple v0.1.4\n   Compiling rustversion v1.0.20\n   Compiling ref-cast v1.0.24\n   Compiling serde_json v1.0.140 (/home/abezbm/rust-utgen-test-crates-new/json)\n   Compiling psm v0.1.26\n   Compiling stacker v0.1.21\n   Compiling quote v1.0.40\n   Compiling syn v2.0.101\n   Compiling serde_derive v1.0.219\n   Compiling ref-cast-impl v1.0.24\n   Compiling automod v1.0.15\n   Compiling ntest_test_cases v0.9.3\n   Compiling ntest_timeout v0.9.3\n   Compiling ntest v0.9.3\n   Compiling serde_spanned v0.6.8\n   Compiling toml_datetime v0.6.9\n   Compiling serde_bytes v0.11.17\n   Compiling serde_stacker v0.1.12\n   Compiling toml_edit v0.22.25\n   Compiling toml v0.8.21\n   Compiling trybuild v1.0.104\nerror[E0433]: failed to resolve: use of undeclared type `Deserializer`\n    --> src/value/de.rs:1509:28\n     |\n1509 |     let mut deserializer = Deserializer::from_str(\"{ invalid json }\");\n     |                            ^^^^^^^^^^^^ use of undeclared type `Deserializer`\n     |\nhelp: a trait with a similar name exists\n     |\n1509 |     let mut deserializer = Deserialize::from_str(\"{ invalid json }\");\n     |                            ~~~~~~~~~~~\nhelp: consider importing one of these items\n     |\n1503 +    use crate::Deserializer;\n     |\n1503 +    use crate::value::de::de::Deserializer;\n     |\n1503 +    use serde::Deserializer;\n     |\n1503 +    use serde_stacker::Deserializer;\n     |\n\nerror[E0574]: expected struct, variant or union type, found trait `VariantAccess`\n    --> src/value/de.rs:1510:26\n     |\n1510 |     let variant_access = VariantAccess { de: &mut deserializer };\n     |                          ^^^^^^^^^^^^^ not a struct, variant or union type\n     |\nnote: struct `crate::de::VariantAccess` exists but is inaccessible\n    --> src/de.rs:2035:1\n     |\n2035 | struct VariantAccess<'a, R: 'a> {\n     | ^^^^^^^^^^^^^^^^^^^^^^^^^^^^^^^ not accessible\n\nerror[E0433]: failed to resolve: use of undeclared type `Deserializer`\n    --> src/value/de.rs:1512:28\n     |\n1512 |     let mut deserializer = Deserializer::from_str(\"{ invalid json }\");\n     |                            ^^^^^^^^^^^^ use of undeclared type `Deserializer`\n     |\nhelp: a trait with a similar name exists\n     |\n1512 |     let mut deserializer = Deserialize::from_str(\"{ invalid json }\");\n     |                            ~~~~~~~~~~~\nhelp: consider importing one of these items\n     |\n1503 +    use crate::Deserializer;\n     |\n1503 +    use crate::value::de::de::Deserializer;\n     |\n1503 +    use serde::Deserializer;\n     |\n1503 +    use serde_stacker::Deserializer;\n     |\n\nerror[E0574]: expected struct, variant or union type, found trait `VariantAccess`\n    --> src/value/de.rs:1513:26\n     |\n1513 |     let variant_access = VariantAccess { de: &mut deserializer };\n     |                          ^^^^^^^^^^^^^ not a struct, variant or union type\n     |\nnote: struct `crate::de::VariantAccess` exists but is inaccessible\n    --> src/de.rs:2035:1\n     |\n2035 | struct VariantAccess<'a, R: 'a> {\n     | ^^^^^^^^^^^^^^^^^^^^^^^^^^^^^^^ not accessible\n\nwarning: unused import: `ntest::timeout`\n    --> src/value/de.rs:1504:8\n     |\n1504 |    use ntest::timeout;\n     |        ^^^^^^^^^^^^^^\n     |\n     = note: `#[warn(unused_imports)]` on by default\n\nSome errors have detailed explanations: E0433, E0574.\nFor more information about an error, try `rustc --explain E0433`.\nwarning: `serde_json` (lib test) generated 1 warning\nerror: could not compile `serde_json` (lib test) due to 4 previous errors; 1 warning emitted\n"
                },
                {
                  "Err": "   Compiling proc-macro2 v1.0.95\n   Compiling serde v1.0.219\n   Compiling syn v1.0.109\n   Compiling libc v0.2.172\n   Compiling target-triple v0.1.4\n   Compiling serde_json v1.0.140\n   Compiling ref-cast v1.0.24\n   Compiling rustversion v1.0.20\n   Compiling serde_json v1.0.140 (/home/abezbm/rust-utgen-test-crates-new/json)\n   Compiling psm v0.1.26\n   Compiling stacker v0.1.21\n   Compiling quote v1.0.40\n   Compiling syn v2.0.101\n   Compiling serde_derive v1.0.219\n   Compiling ref-cast-impl v1.0.24\n   Compiling automod v1.0.15\n   Compiling ntest_test_cases v0.9.3\n   Compiling ntest_timeout v0.9.3\n   Compiling ntest v0.9.3\n   Compiling toml_datetime v0.6.9\n   Compiling serde_spanned v0.6.8\n   Compiling serde_stacker v0.1.12\n   Compiling serde_bytes v0.11.17\n   Compiling toml_edit v0.22.25\n   Compiling toml v0.8.21\n   Compiling trybuild v1.0.104\nerror[E0433]: failed to resolve: use of undeclared type `Deserializer`\n    --> src/value/de.rs:1509:28\n     |\n1509 |     let mut deserializer = Deserializer::from_str(\"{ invalid json }\");\n     |                            ^^^^^^^^^^^^ use of undeclared type `Deserializer`\n     |\nhelp: a trait with a similar name exists\n     |\n1509 |     let mut deserializer = Deserialize::from_str(\"{ invalid json }\");\n     |                            ~~~~~~~~~~~\nhelp: consider importing one of these items\n     |\n1503 +    use crate::Deserializer;\n     |\n1503 +    use crate::value::de::de::Deserializer;\n     |\n1503 +    use serde::Deserializer;\n     |\n1503 +    use serde_stacker::Deserializer;\n     |\n\nerror[E0574]: expected struct, variant or union type, found trait `VariantAccess`\n    --> src/value/de.rs:1510:26\n     |\n1510 |     let variant_access = VariantAccess { de: &mut deserializer };\n     |                          ^^^^^^^^^^^^^ not a struct, variant or union type\n     |\nnote: struct `crate::de::VariantAccess` exists but is inaccessible\n    --> src/de.rs:2035:1\n     |\n2035 | struct VariantAccess<'a, R: 'a> {\n     | ^^^^^^^^^^^^^^^^^^^^^^^^^^^^^^^ not accessible\n\nerror[E0433]: failed to resolve: use of undeclared type `Deserializer`\n    --> src/value/de.rs:1512:28\n     |\n1512 |     let mut deserializer = Deserializer::from_str(\"{ invalid json }\");\n     |                            ^^^^^^^^^^^^ use of undeclared type `Deserializer`\n     |\nhelp: a trait with a similar name exists\n     |\n1512 |     let mut deserializer = Deserialize::from_str(\"{ invalid json }\");\n     |                            ~~~~~~~~~~~\nhelp: consider importing one of these items\n     |\n1503 +    use crate::Deserializer;\n     |\n1503 +    use crate::value::de::de::Deserializer;\n     |\n1503 +    use serde::Deserializer;\n     |\n1503 +    use serde_stacker::Deserializer;\n     |\n\nerror[E0574]: expected struct, variant or union type, found trait `VariantAccess`\n    --> src/value/de.rs:1513:26\n     |\n1513 |     let variant_access = VariantAccess { de: &mut deserializer };\n     |                          ^^^^^^^^^^^^^ not a struct, variant or union type\n     |\nnote: struct `crate::de::VariantAccess` exists but is inaccessible\n    --> src/de.rs:2035:1\n     |\n2035 | struct VariantAccess<'a, R: 'a> {\n     | ^^^^^^^^^^^^^^^^^^^^^^^^^^^^^^^ not accessible\n\nwarning: unused import: `ntest::timeout`\n    --> src/value/de.rs:1504:8\n     |\n1504 |    use ntest::timeout;\n     |        ^^^^^^^^^^^^^^\n     |\n     = note: `#[warn(unused_imports)]` on by default\n\nSome errors have detailed explanations: E0433, E0574.\nFor more information about an error, try `rustc --explain E0433`.\nwarning: `serde_json` (lib test) generated 1 warning\nerror: could not compile `serde_json` (lib test) due to 4 previous errors; 1 warning emitted\n"
                }
              ],
              "repaired": [
                false,
                false,
                false,
                false
              ]
            },
            {
              "attrs": [],
              "prefix": [
                "{",
                "    let mut deserializer = Deserializer::from_str(\"{ \\\"unit_variant\\\": null }\");",
                "    let variant_access = VariantAccess { de: &mut deserializer };",
                "    let result = variant_access.unit_variant();",
                "}"
              ],
              "oracles": [
                [
                  "    let mut deserializer = Deserializer::from_str(\"{ \\\"unit_variant\\\": null }\");",
                  "    let variant_access = VariantAccess { de: &mut deserializer };",
                  "    let result = variant_access.unit_variant();",
                  "    assert!(result.is_ok());"
                ],
                [
                  "    let mut deserializer = Deserializer::from_str(\"{ \\\"unit_variant\\\": null }\");",
                  "    let variant_access = VariantAccess { de: &mut deserializer };",
                  "    let result = variant_access.unit_variant();",
                  "    assert_eq!(result.unwrap(), ());"
                ]
              ],
              "codes": [
                [
                  "{",
                  "    let mut deserializer = Deserializer::from_str(\"{ \\\"unit_variant\\\": null }\");",
                  "    let variant_access = VariantAccess { de: &mut deserializer };",
                  "    let result = variant_access.unit_variant();",
                  "    let mut deserializer = Deserializer::from_str(\"{ \\\"unit_variant\\\": null }\");",
                  "    let variant_access = VariantAccess { de: &mut deserializer };",
                  "    let result = variant_access.unit_variant();",
                  "    assert!(result.is_ok());",
                  "}"
                ],
                [
                  "{",
                  "    let mut deserializer = Deserializer::from_str(\"{ \\\"unit_variant\\\": null }\");",
                  "    let variant_access = VariantAccess { de: &mut deserializer };",
                  "    let result = variant_access.unit_variant();",
                  "    let mut deserializer = Deserializer::from_str(\"{ \\\"unit_variant\\\": null }\");",
                  "    let variant_access = VariantAccess { de: &mut deserializer };",
                  "    let result = variant_access.unit_variant();",
                  "    assert_eq!(result.unwrap(), ());",
                  "}"
                ]
              ],
              "can_compile": [
                {
                  "Err": "   Compiling proc-macro2 v1.0.95\n   Compiling serde v1.0.219\n   Compiling syn v1.0.109\n   Compiling libc v0.2.172\n   Compiling target-triple v0.1.4\n   Compiling serde_json v1.0.140\n   Compiling rustversion v1.0.20\n   Compiling ref-cast v1.0.24\n   Compiling serde_json v1.0.140 (/home/abezbm/rust-utgen-test-crates-new/json)\n   Compiling psm v0.1.26\n   Compiling stacker v0.1.21\n   Compiling quote v1.0.40\n   Compiling syn v2.0.101\n   Compiling serde_derive v1.0.219\n   Compiling ref-cast-impl v1.0.24\n   Compiling automod v1.0.15\n   Compiling ntest_test_cases v0.9.3\n   Compiling ntest_timeout v0.9.3\n   Compiling ntest v0.9.3\n   Compiling toml_datetime v0.6.9\n   Compiling serde_spanned v0.6.8\n   Compiling serde_bytes v0.11.17\n   Compiling serde_stacker v0.1.12\n   Compiling toml_edit v0.22.25\n   Compiling toml v0.8.21\n   Compiling trybuild v1.0.104\nerror[E0433]: failed to resolve: use of undeclared type `Deserializer`\n    --> src/value/de.rs:1508:28\n     |\n1508 |     let mut deserializer = Deserializer::from_str(\"{ \\\"unit_variant\\\": null }\");\n     |                            ^^^^^^^^^^^^ use of undeclared type `Deserializer`\n     |\nhelp: a trait with a similar name exists\n     |\n1508 |     let mut deserializer = Deserialize::from_str(\"{ \\\"unit_variant\\\": null }\");\n     |                            ~~~~~~~~~~~\nhelp: consider importing one of these items\n     |\n1503 +    use crate::Deserializer;\n     |\n1503 +    use crate::value::de::de::Deserializer;\n     |\n1503 +    use serde::Deserializer;\n     |\n1503 +    use serde_stacker::Deserializer;\n     |\n\nerror[E0574]: expected struct, variant or union type, found trait `VariantAccess`\n    --> src/value/de.rs:1509:26\n     |\n1509 |     let variant_access = VariantAccess { de: &mut deserializer };\n     |                          ^^^^^^^^^^^^^ not a struct, variant or union type\n     |\nnote: struct `crate::de::VariantAccess` exists but is inaccessible\n    --> src/de.rs:2035:1\n     |\n2035 | struct VariantAccess<'a, R: 'a> {\n     | ^^^^^^^^^^^^^^^^^^^^^^^^^^^^^^^ not accessible\n\nerror[E0433]: failed to resolve: use of undeclared type `Deserializer`\n    --> src/value/de.rs:1511:28\n     |\n1511 |     let mut deserializer = Deserializer::from_str(\"{ \\\"unit_variant\\\": null }\");\n     |                            ^^^^^^^^^^^^ use of undeclared type `Deserializer`\n     |\nhelp: a trait with a similar name exists\n     |\n1511 |     let mut deserializer = Deserialize::from_str(\"{ \\\"unit_variant\\\": null }\");\n     |                            ~~~~~~~~~~~\nhelp: consider importing one of these items\n     |\n1503 +    use crate::Deserializer;\n     |\n1503 +    use crate::value::de::de::Deserializer;\n     |\n1503 +    use serde::Deserializer;\n     |\n1503 +    use serde_stacker::Deserializer;\n     |\n\nerror[E0574]: expected struct, variant or union type, found trait `VariantAccess`\n    --> src/value/de.rs:1512:26\n     |\n1512 |     let variant_access = VariantAccess { de: &mut deserializer };\n     |                          ^^^^^^^^^^^^^ not a struct, variant or union type\n     |\nnote: struct `crate::de::VariantAccess` exists but is inaccessible\n    --> src/de.rs:2035:1\n     |\n2035 | struct VariantAccess<'a, R: 'a> {\n     | ^^^^^^^^^^^^^^^^^^^^^^^^^^^^^^^ not accessible\n\nwarning: unused import: `ntest::timeout`\n    --> src/value/de.rs:1504:8\n     |\n1504 |    use ntest::timeout;\n     |        ^^^^^^^^^^^^^^\n     |\n     = note: `#[warn(unused_imports)]` on by default\n\nSome errors have detailed explanations: E0433, E0574.\nFor more information about an error, try `rustc --explain E0433`.\nwarning: `serde_json` (lib test) generated 1 warning\nerror: could not compile `serde_json` (lib test) due to 4 previous errors; 1 warning emitted\n"
                },
                {
                  "Err": "   Compiling proc-macro2 v1.0.95\n   Compiling serde v1.0.219\n   Compiling syn v1.0.109\n   Compiling libc v0.2.172\n   Compiling serde_json v1.0.140\n   Compiling target-triple v0.1.4\n   Compiling ref-cast v1.0.24\n   Compiling rustversion v1.0.20\n   Compiling serde_json v1.0.140 (/home/abezbm/rust-utgen-test-crates-new/json)\n   Compiling psm v0.1.26\n   Compiling stacker v0.1.21\n   Compiling quote v1.0.40\n   Compiling syn v2.0.101\n   Compiling serde_derive v1.0.219\n   Compiling ref-cast-impl v1.0.24\n   Compiling automod v1.0.15\n   Compiling ntest_timeout v0.9.3\n   Compiling ntest_test_cases v0.9.3\n   Compiling ntest v0.9.3\n   Compiling toml_datetime v0.6.9\n   Compiling serde_spanned v0.6.8\n   Compiling serde_bytes v0.11.17\n   Compiling serde_stacker v0.1.12\n   Compiling toml_edit v0.22.25\n   Compiling toml v0.8.21\n   Compiling trybuild v1.0.104\nerror[E0433]: failed to resolve: use of undeclared type `Deserializer`\n    --> src/value/de.rs:1508:28\n     |\n1508 |     let mut deserializer = Deserializer::from_str(\"{ \\\"unit_variant\\\": null }\");\n     |                            ^^^^^^^^^^^^ use of undeclared type `Deserializer`\n     |\nhelp: a trait with a similar name exists\n     |\n1508 |     let mut deserializer = Deserialize::from_str(\"{ \\\"unit_variant\\\": null }\");\n     |                            ~~~~~~~~~~~\nhelp: consider importing one of these items\n     |\n1503 +    use crate::Deserializer;\n     |\n1503 +    use crate::value::de::de::Deserializer;\n     |\n1503 +    use serde::Deserializer;\n     |\n1503 +    use serde_stacker::Deserializer;\n     |\n\nerror[E0574]: expected struct, variant or union type, found trait `VariantAccess`\n    --> src/value/de.rs:1509:26\n     |\n1509 |     let variant_access = VariantAccess { de: &mut deserializer };\n     |                          ^^^^^^^^^^^^^ not a struct, variant or union type\n     |\nnote: struct `crate::de::VariantAccess` exists but is inaccessible\n    --> src/de.rs:2035:1\n     |\n2035 | struct VariantAccess<'a, R: 'a> {\n     | ^^^^^^^^^^^^^^^^^^^^^^^^^^^^^^^ not accessible\n\nerror[E0433]: failed to resolve: use of undeclared type `Deserializer`\n    --> src/value/de.rs:1511:28\n     |\n1511 |     let mut deserializer = Deserializer::from_str(\"{ \\\"unit_variant\\\": null }\");\n     |                            ^^^^^^^^^^^^ use of undeclared type `Deserializer`\n     |\nhelp: a trait with a similar name exists\n     |\n1511 |     let mut deserializer = Deserialize::from_str(\"{ \\\"unit_variant\\\": null }\");\n     |                            ~~~~~~~~~~~\nhelp: consider importing one of these items\n     |\n1503 +    use crate::Deserializer;\n     |\n1503 +    use crate::value::de::de::Deserializer;\n     |\n1503 +    use serde::Deserializer;\n     |\n1503 +    use serde_stacker::Deserializer;\n     |\n\nerror[E0574]: expected struct, variant or union type, found trait `VariantAccess`\n    --> src/value/de.rs:1512:26\n     |\n1512 |     let variant_access = VariantAccess { de: &mut deserializer };\n     |                          ^^^^^^^^^^^^^ not a struct, variant or union type\n     |\nnote: struct `crate::de::VariantAccess` exists but is inaccessible\n    --> src/de.rs:2035:1\n     |\n2035 | struct VariantAccess<'a, R: 'a> {\n     | ^^^^^^^^^^^^^^^^^^^^^^^^^^^^^^^ not accessible\n\nwarning: unused import: `ntest::timeout`\n    --> src/value/de.rs:1504:8\n     |\n1504 |    use ntest::timeout;\n     |        ^^^^^^^^^^^^^^\n     |\n     = note: `#[warn(unused_imports)]` on by default\n\nSome errors have detailed explanations: E0433, E0574.\nFor more information about an error, try `rustc --explain E0433`.\nwarning: `serde_json` (lib test) generated 1 warning\nerror: could not compile `serde_json` (lib test) due to 4 previous errors; 1 warning emitted\n"
                }
              ],
              "repaired": [
                false,
                false
              ]
            },
            {
              "attrs": [],
              "prefix": [
                "{",
                "    let mut deserializer = Deserializer::from_str(\"{ \\\"unit_variant\\\": true }\");",
                "    let variant_access = VariantAccess { de: &mut deserializer };",
                "    let result = variant_access.unit_variant();",
                "}"
              ],
              "oracles": [
                [
                  "    let mut deserializer = Deserializer::from_str(\"{ \\\"unit_variant\\\": true }\");",
                  "    let variant_access = VariantAccess { de: &mut deserializer };",
                  "    let result = variant_access.unit_variant();",
                  "    assert!(result.is_ok());"
                ],
                [
                  "    let mut deserializer = Deserializer::from_str(\"{ \\\"unit_variant\\\": true }\");",
                  "    let variant_access = VariantAccess { de: &mut deserializer };",
                  "    let result = variant_access.unit_variant();",
                  "    assert_eq!(result, Ok(()));"
                ]
              ],
              "codes": [
                [
                  "{",
                  "    let mut deserializer = Deserializer::from_str(\"{ \\\"unit_variant\\\": true }\");",
                  "    let variant_access = VariantAccess { de: &mut deserializer };",
                  "    let result = variant_access.unit_variant();",
                  "    let mut deserializer = Deserializer::from_str(\"{ \\\"unit_variant\\\": true }\");",
                  "    let variant_access = VariantAccess { de: &mut deserializer };",
                  "    let result = variant_access.unit_variant();",
                  "    assert!(result.is_ok());",
                  "}"
                ],
                [
                  "{",
                  "    let mut deserializer = Deserializer::from_str(\"{ \\\"unit_variant\\\": true }\");",
                  "    let variant_access = VariantAccess { de: &mut deserializer };",
                  "    let result = variant_access.unit_variant();",
                  "    let mut deserializer = Deserializer::from_str(\"{ \\\"unit_variant\\\": true }\");",
                  "    let variant_access = VariantAccess { de: &mut deserializer };",
                  "    let result = variant_access.unit_variant();",
                  "    assert_eq!(result, Ok(()));",
                  "}"
                ]
              ],
              "can_compile": [
                {
                  "Err": "   Compiling proc-macro2 v1.0.95\n   Compiling serde v1.0.219\n   Compiling syn v1.0.109\n   Compiling libc v0.2.172\n   Compiling serde_json v1.0.140\n   Compiling target-triple v0.1.4\n   Compiling rustversion v1.0.20\n   Compiling ref-cast v1.0.24\n   Compiling serde_json v1.0.140 (/home/abezbm/rust-utgen-test-crates-new/json)\n   Compiling psm v0.1.26\n   Compiling stacker v0.1.21\n   Compiling quote v1.0.40\n   Compiling syn v2.0.101\n   Compiling serde_derive v1.0.219\n   Compiling ref-cast-impl v1.0.24\n   Compiling automod v1.0.15\n   Compiling ntest_test_cases v0.9.3\n   Compiling ntest_timeout v0.9.3\n   Compiling ntest v0.9.3\n   Compiling toml_datetime v0.6.9\n   Compiling serde_spanned v0.6.8\n   Compiling serde_stacker v0.1.12\n   Compiling serde_bytes v0.11.17\n   Compiling toml_edit v0.22.25\n   Compiling toml v0.8.21\n   Compiling trybuild v1.0.104\nerror[E0433]: failed to resolve: use of undeclared type `Deserializer`\n    --> src/value/de.rs:1508:28\n     |\n1508 |     let mut deserializer = Deserializer::from_str(\"{ \\\"unit_variant\\\": true }\");\n     |                            ^^^^^^^^^^^^ use of undeclared type `Deserializer`\n     |\nhelp: a trait with a similar name exists\n     |\n1508 |     let mut deserializer = Deserialize::from_str(\"{ \\\"unit_variant\\\": true }\");\n     |                            ~~~~~~~~~~~\nhelp: consider importing one of these items\n     |\n1503 +    use crate::Deserializer;\n     |\n1503 +    use crate::value::de::de::Deserializer;\n     |\n1503 +    use serde::Deserializer;\n     |\n1503 +    use serde_stacker::Deserializer;\n     |\n\nerror[E0574]: expected struct, variant or union type, found trait `VariantAccess`\n    --> src/value/de.rs:1509:26\n     |\n1509 |     let variant_access = VariantAccess { de: &mut deserializer };\n     |                          ^^^^^^^^^^^^^ not a struct, variant or union type\n     |\nnote: struct `crate::de::VariantAccess` exists but is inaccessible\n    --> src/de.rs:2035:1\n     |\n2035 | struct VariantAccess<'a, R: 'a> {\n     | ^^^^^^^^^^^^^^^^^^^^^^^^^^^^^^^ not accessible\n\nerror[E0433]: failed to resolve: use of undeclared type `Deserializer`\n    --> src/value/de.rs:1511:28\n     |\n1511 |     let mut deserializer = Deserializer::from_str(\"{ \\\"unit_variant\\\": true }\");\n     |                            ^^^^^^^^^^^^ use of undeclared type `Deserializer`\n     |\nhelp: a trait with a similar name exists\n     |\n1511 |     let mut deserializer = Deserialize::from_str(\"{ \\\"unit_variant\\\": true }\");\n     |                            ~~~~~~~~~~~\nhelp: consider importing one of these items\n     |\n1503 +    use crate::Deserializer;\n     |\n1503 +    use crate::value::de::de::Deserializer;\n     |\n1503 +    use serde::Deserializer;\n     |\n1503 +    use serde_stacker::Deserializer;\n     |\n\nerror[E0574]: expected struct, variant or union type, found trait `VariantAccess`\n    --> src/value/de.rs:1512:26\n     |\n1512 |     let variant_access = VariantAccess { de: &mut deserializer };\n     |                          ^^^^^^^^^^^^^ not a struct, variant or union type\n     |\nnote: struct `crate::de::VariantAccess` exists but is inaccessible\n    --> src/de.rs:2035:1\n     |\n2035 | struct VariantAccess<'a, R: 'a> {\n     | ^^^^^^^^^^^^^^^^^^^^^^^^^^^^^^^ not accessible\n\nwarning: unused import: `ntest::timeout`\n    --> src/value/de.rs:1504:8\n     |\n1504 |    use ntest::timeout;\n     |        ^^^^^^^^^^^^^^\n     |\n     = note: `#[warn(unused_imports)]` on by default\n\nSome errors have detailed explanations: E0433, E0574.\nFor more information about an error, try `rustc --explain E0433`.\nwarning: `serde_json` (lib test) generated 1 warning\nerror: could not compile `serde_json` (lib test) due to 4 previous errors; 1 warning emitted\n"
                },
                {
                  "Err": "   Compiling proc-macro2 v1.0.95\n   Compiling serde v1.0.219\n   Compiling syn v1.0.109\n   Compiling libc v0.2.172\n   Compiling target-triple v0.1.4\n   Compiling serde_json v1.0.140\n   Compiling ref-cast v1.0.24\n   Compiling rustversion v1.0.20\n   Compiling serde_json v1.0.140 (/home/abezbm/rust-utgen-test-crates-new/json)\n   Compiling psm v0.1.26\n   Compiling stacker v0.1.21\n   Compiling quote v1.0.40\n   Compiling syn v2.0.101\n   Compiling serde_derive v1.0.219\n   Compiling ref-cast-impl v1.0.24\n   Compiling automod v1.0.15\n   Compiling ntest_timeout v0.9.3\n   Compiling ntest_test_cases v0.9.3\n   Compiling ntest v0.9.3\n   Compiling toml_datetime v0.6.9\n   Compiling serde_spanned v0.6.8\n   Compiling serde_stacker v0.1.12\n   Compiling serde_bytes v0.11.17\n   Compiling toml_edit v0.22.25\n   Compiling toml v0.8.21\n   Compiling trybuild v1.0.104\nerror[E0433]: failed to resolve: use of undeclared type `Deserializer`\n    --> src/value/de.rs:1508:28\n     |\n1508 |     let mut deserializer = Deserializer::from_str(\"{ \\\"unit_variant\\\": true }\");\n     |                            ^^^^^^^^^^^^ use of undeclared type `Deserializer`\n     |\nhelp: a trait with a similar name exists\n     |\n1508 |     let mut deserializer = Deserialize::from_str(\"{ \\\"unit_variant\\\": true }\");\n     |                            ~~~~~~~~~~~\nhelp: consider importing one of these items\n     |\n1503 +    use crate::Deserializer;\n     |\n1503 +    use crate::value::de::de::Deserializer;\n     |\n1503 +    use serde::Deserializer;\n     |\n1503 +    use serde_stacker::Deserializer;\n     |\n\nerror[E0574]: expected struct, variant or union type, found trait `VariantAccess`\n    --> src/value/de.rs:1509:26\n     |\n1509 |     let variant_access = VariantAccess { de: &mut deserializer };\n     |                          ^^^^^^^^^^^^^ not a struct, variant or union type\n     |\nnote: struct `crate::de::VariantAccess` exists but is inaccessible\n    --> src/de.rs:2035:1\n     |\n2035 | struct VariantAccess<'a, R: 'a> {\n     | ^^^^^^^^^^^^^^^^^^^^^^^^^^^^^^^ not accessible\n\nerror[E0433]: failed to resolve: use of undeclared type `Deserializer`\n    --> src/value/de.rs:1511:28\n     |\n1511 |     let mut deserializer = Deserializer::from_str(\"{ \\\"unit_variant\\\": true }\");\n     |                            ^^^^^^^^^^^^ use of undeclared type `Deserializer`\n     |\nhelp: a trait with a similar name exists\n     |\n1511 |     let mut deserializer = Deserialize::from_str(\"{ \\\"unit_variant\\\": true }\");\n     |                            ~~~~~~~~~~~\nhelp: consider importing one of these items\n     |\n1503 +    use crate::Deserializer;\n     |\n1503 +    use crate::value::de::de::Deserializer;\n     |\n1503 +    use serde::Deserializer;\n     |\n1503 +    use serde_stacker::Deserializer;\n     |\n\nerror[E0574]: expected struct, variant or union type, found trait `VariantAccess`\n    --> src/value/de.rs:1512:26\n     |\n1512 |     let variant_access = VariantAccess { de: &mut deserializer };\n     |                          ^^^^^^^^^^^^^ not a struct, variant or union type\n     |\nnote: struct `crate::de::VariantAccess` exists but is inaccessible\n    --> src/de.rs:2035:1\n     |\n2035 | struct VariantAccess<'a, R: 'a> {\n     | ^^^^^^^^^^^^^^^^^^^^^^^^^^^^^^^ not accessible\n\nwarning: unused import: `ntest::timeout`\n    --> src/value/de.rs:1504:8\n     |\n1504 |    use ntest::timeout;\n     |        ^^^^^^^^^^^^^^\n     |\n     = note: `#[warn(unused_imports)]` on by default\n\nSome errors have detailed explanations: E0433, E0574.\nFor more information about an error, try `rustc --explain E0433`.\nwarning: `serde_json` (lib test) generated 1 warning\nerror: could not compile `serde_json` (lib test) due to 4 previous errors; 1 warning emitted\n"
                }
              ],
              "repaired": [
                false,
                false
              ]
            }
          ]
        }
      ]
    }
  ]
}