{
  "name": "serde_json::value::ser::<value::ser::SerializeStructVariant as serde::ser::SerializeStructVariant>::end",
  "name_with_impl": "serde_json::value::ser::{impl#9}::end",
  "mod_info": {
    "name": "value::ser",
    "loc": "src/value/mod.rs:931:1:931:9"
  },
  "visible": true,
  "loc": "src/value/ser.rs:708:5:714:6",
  "fn_tests": [
    {
      "chain_id": 1,
      "prompt_conds": [
        "// expected return value/type: Ok(Value::Object(object))\n"
      ],
      "input_infer": "name: non-empty string of length 1 to 255; map: non-empty Map<String, Value> containing at least 1 entry with String keys and Value values of types (Null, Bool, Number, String, Array, Object)\n",
      "answers": [
        {
          "uses": [],
          "has_test_mod": false,
          "common": [],
          "chain_tests": [
            {
              "attrs": [],
              "prefix": [
                "{",
                "    let name = String::from(\"variant1\");",
                "    let mut map = Map::new();",
                "    map.insert(String::from(\"key1\"), Value::Null);",
                "    let variant = SerializeStructVariant { name, map };",
                "    let _ = variant.end();",
                "}"
              ],
              "oracles": [
                [
                  "    let name = String::from(\"variant1\");",
                  "    let mut map = Map::new();",
                  "    map.insert(String::from(\"key1\"), Value::Null);",
                  "    let variant = SerializeStructVariant { name, map };",
                  "    let result = variant.end();",
                  "    assert!(result.is_ok());"
                ],
                [
                  "    let name = String::from(\"variant1\");",
                  "    let mut map = Map::new();",
                  "    map.insert(String::from(\"key1\"), Value::Null);",
                  "    let variant = SerializeStructVariant { name, map };",
                  "    let result = variant.end();",
                  "    assert_eq!(result.unwrap(), Value::Object(Map::new().insert(String::from(\"variant1\"), Value::Object(Map::new().insert(String::from(\"key1\"), Value::Null)))));"
                ]
              ],
              "codes": [
                [
                  "{",
                  "    let name = String::from(\"variant1\");",
                  "    let mut map = Map::new();",
                  "    map.insert(String::from(\"key1\"), Value::Null);",
                  "    let variant = SerializeStructVariant { name, map };",
                  "    let _ = variant.end();",
                  "    let name = String::from(\"variant1\");",
                  "    let mut map = Map::new();",
                  "    map.insert(String::from(\"key1\"), Value::Null);",
                  "    let variant = SerializeStructVariant { name, map };",
                  "    let result = variant.end();",
                  "    assert!(result.is_ok());",
                  "}"
                ],
                [
                  "{",
                  "    let name = String::from(\"variant1\");",
                  "    let mut map = Map::new();",
                  "    map.insert(String::from(\"key1\"), Value::Null);",
                  "    let variant = SerializeStructVariant { name, map };",
                  "    let _ = variant.end();",
                  "    let name = String::from(\"variant1\");",
                  "    let mut map = Map::new();",
                  "    map.insert(String::from(\"key1\"), Value::Null);",
                  "    let variant = SerializeStructVariant { name, map };",
                  "    let result = variant.end();",
                  "    assert_eq!(result.unwrap(), Value::Object(Map::new().insert(String::from(\"variant1\"), Value::Object(Map::new().insert(String::from(\"key1\"), Value::Null)))));",
                  "}"
                ]
              ],
              "can_compile": [
                {
                  "Err": "   Compiling proc-macro2 v1.0.95\n   Compiling serde v1.0.219\n   Compiling syn v1.0.109\n   Compiling libc v0.2.172\n   Compiling target-triple v0.1.4\n   Compiling serde_json v1.0.140\n   Compiling rustversion v1.0.20\n   Compiling ref-cast v1.0.24\n   Compiling serde_json v1.0.140 (/home/abezbm/rust-utgen-test-crates-new/json)\n   Compiling psm v0.1.26\n   Compiling stacker v0.1.21\n   Compiling quote v1.0.40\n   Compiling syn v2.0.101\n   Compiling serde_derive v1.0.219\n   Compiling ref-cast-impl v1.0.24\n   Compiling automod v1.0.15\n   Compiling ntest_test_cases v0.9.3\n   Compiling ntest_timeout v0.9.3\n   Compiling ntest v0.9.3\n   Compiling toml_datetime v0.6.9\n   Compiling serde_spanned v0.6.8\n   Compiling serde_bytes v0.11.17\n   Compiling serde_stacker v0.1.12\n   Compiling toml_edit v0.22.25\n   Compiling toml v0.8.21\n   Compiling trybuild v1.0.104\nwarning: unused import: `ntest::timeout`\n    --> src/value/ser.rs:1067:8\n     |\n1067 |    use ntest::timeout;\n     |        ^^^^^^^^^^^^^^\n     |\n     = note: `#[warn(unused_imports)]` on by default\n\nerror[E0599]: no method named `end` found for struct `value::ser::SerializeStructVariant` in the current scope\n    --> src/value/ser.rs:1075:21\n     |\n322  | pub struct SerializeStructVariant {\n     | --------------------------------- method `end` not found for this struct\n...\n1075 |     let _ = variant.end();\n     |                     ^^^ method not found in `SerializeStructVariant`\n     |\n    ::: /home/abezbm/.cargo/registry/src/index.crates.io-6f17d22bba15001f/serde-1.0.219/src/ser/mod.rs:1942:8\n     |\n1942 |     fn end(self) -> Result<Self::Ok, Self::Error>;\n     |        --- the method is available for `value::ser::SerializeStructVariant` here\n     |\n     = help: items from traits can only be used if the trait is in scope\nhelp: trait `SerializeStructVariant` which provides `end` is implemented but not in scope; perhaps you want to import it\n     |\n1066 +    use serde::ser::SerializeStructVariant;\n     |\n\nerror[E0599]: no method named `end` found for struct `value::ser::SerializeStructVariant` in the current scope\n    --> src/value/ser.rs:1080:26\n     |\n322  | pub struct SerializeStructVariant {\n     | --------------------------------- method `end` not found for this struct\n...\n1080 |     let result = variant.end();\n     |                          ^^^ method not found in `SerializeStructVariant`\n     |\n    ::: /home/abezbm/.cargo/registry/src/index.crates.io-6f17d22bba15001f/serde-1.0.219/src/ser/mod.rs:1942:8\n     |\n1942 |     fn end(self) -> Result<Self::Ok, Self::Error>;\n     |        --- the method is available for `value::ser::SerializeStructVariant` here\n     |\n     = help: items from traits can only be used if the trait is in scope\nhelp: trait `SerializeStructVariant` which provides `end` is implemented but not in scope; perhaps you want to import it\n     |\n1066 +    use serde::ser::SerializeStructVariant;\n     |\n\nFor more information about this error, try `rustc --explain E0599`.\nwarning: `serde_json` (lib test) generated 1 warning\nerror: could not compile `serde_json` (lib test) due to 2 previous errors; 1 warning emitted\n"
                },
                {
                  "Err": "   Compiling proc-macro2 v1.0.95\n   Compiling serde v1.0.219\n   Compiling syn v1.0.109\n   Compiling libc v0.2.172\n   Compiling target-triple v0.1.4\n   Compiling serde_json v1.0.140\n   Compiling ref-cast v1.0.24\n   Compiling rustversion v1.0.20\n   Compiling serde_json v1.0.140 (/home/abezbm/rust-utgen-test-crates-new/json)\n   Compiling psm v0.1.26\n   Compiling stacker v0.1.21\n   Compiling quote v1.0.40\n   Compiling syn v2.0.101\n   Compiling serde_derive v1.0.219\n   Compiling ref-cast-impl v1.0.24\n   Compiling automod v1.0.15\n   Compiling ntest_timeout v0.9.3\n   Compiling ntest_test_cases v0.9.3\n   Compiling ntest v0.9.3\n   Compiling serde_spanned v0.6.8\n   Compiling toml_datetime v0.6.9\n   Compiling serde_bytes v0.11.17\n   Compiling serde_stacker v0.1.12\n   Compiling toml_edit v0.22.25\n   Compiling toml v0.8.21\n   Compiling trybuild v1.0.104\nwarning: unused import: `ntest::timeout`\n    --> src/value/ser.rs:1067:8\n     |\n1067 |    use ntest::timeout;\n     |        ^^^^^^^^^^^^^^\n     |\n     = note: `#[warn(unused_imports)]` on by default\n\nerror[E0599]: no method named `end` found for struct `value::ser::SerializeStructVariant` in the current scope\n    --> src/value/ser.rs:1075:21\n     |\n322  | pub struct SerializeStructVariant {\n     | --------------------------------- method `end` not found for this struct\n...\n1075 |     let _ = variant.end();\n     |                     ^^^ method not found in `SerializeStructVariant`\n     |\n    ::: /home/abezbm/.cargo/registry/src/index.crates.io-6f17d22bba15001f/serde-1.0.219/src/ser/mod.rs:1942:8\n     |\n1942 |     fn end(self) -> Result<Self::Ok, Self::Error>;\n     |        --- the method is available for `value::ser::SerializeStructVariant` here\n     |\n     = help: items from traits can only be used if the trait is in scope\nhelp: trait `SerializeStructVariant` which provides `end` is implemented but not in scope; perhaps you want to import it\n     |\n1066 +    use serde::ser::SerializeStructVariant;\n     |\n\nerror[E0599]: no method named `end` found for struct `value::ser::SerializeStructVariant` in the current scope\n    --> src/value/ser.rs:1080:26\n     |\n322  | pub struct SerializeStructVariant {\n     | --------------------------------- method `end` not found for this struct\n...\n1080 |     let result = variant.end();\n     |                          ^^^ method not found in `SerializeStructVariant`\n     |\n    ::: /home/abezbm/.cargo/registry/src/index.crates.io-6f17d22bba15001f/serde-1.0.219/src/ser/mod.rs:1942:8\n     |\n1942 |     fn end(self) -> Result<Self::Ok, Self::Error>;\n     |        --- the method is available for `value::ser::SerializeStructVariant` here\n     |\n     = help: items from traits can only be used if the trait is in scope\nhelp: trait `SerializeStructVariant` which provides `end` is implemented but not in scope; perhaps you want to import it\n     |\n1066 +    use serde::ser::SerializeStructVariant;\n     |\n\nerror[E0308]: mismatched types\n    --> src/value/ser.rs:1081:105\n     |\n1081 | ...nt1\"), Value::Object(Map::new().insert(String::from(\"key1\"), Value::Null)))));\n     |           ------------- ^^^^^^^^^^^^^^^^^^^^^^^^^^^^^^^^^^^^^^^^^^^^^^^^^^^^ expected `Map<String, Value>`, found `Option<Value>`\n     |           |\n     |           arguments to this enum variant are incorrect\n     |\n     = note: expected struct `map::Map<std::string::String, value::Value>`\n                  found enum `std::option::Option<value::Value>`\nnote: tuple variant defined here\n    --> src/value/mod.rs:175:5\n     |\n175  |     Object(Map<String, Value>),\n     |     ^^^^^^\n\nerror[E0308]: mismatched types\n    --> src/value/ser.rs:1081:47\n     |\n1081 | ...), Value::Object(Map::new().insert(String::from(\"variant1\"), Value::Object(Map::new().insert(String::from(\"key1\"), Value::Null)))));\n     |       ------------- ^^^^^^^^^^^^^^^^^^^^^^^^^^^^^^^^^^^^^^^^^^^^^^^^^^^^^^^^^^^^^^^^^^^^^^^^^^^^^^^^^^^^^^^^^^^^^^^^^^^^^^^^^^^^^^^^ expected `Map<String, Value>`, found `Option<Value>`\n     |       |\n     |       arguments to this enum variant are incorrect\n     |\n     = note: expected struct `map::Map<std::string::String, value::Value>`\n                  found enum `std::option::Option<value::Value>`\nnote: tuple variant defined here\n    --> src/value/mod.rs:175:5\n     |\n175  |     Object(Map<String, Value>),\n     |     ^^^^^^\n\nSome errors have detailed explanations: E0308, E0599.\nFor more information about an error, try `rustc --explain E0308`.\nwarning: `serde_json` (lib test) generated 1 warning\nerror: could not compile `serde_json` (lib test) due to 4 previous errors; 1 warning emitted\n"
                }
              ],
              "repaired": [
                false,
                false
              ]
            },
            {
              "attrs": [],
              "prefix": [
                "{",
                "    let name = String::from(\"variant2\");",
                "    let mut map = Map::new();",
                "    map.insert(String::from(\"key2\"), Value::Bool(true));",
                "    let variant = SerializeStructVariant { name, map };",
                "    let _ = variant.end();",
                "}"
              ],
              "oracles": [
                [
                  "    let name = String::from(\"variant2\");",
                  "    let mut map = Map::new();",
                  "    map.insert(String::from(\"key2\"), Value::Bool(true));",
                  "    let variant = SerializeStructVariant { name, map };",
                  "    let result = variant.end();",
                  "    assert!(result.is_ok());"
                ],
                [
                  "    let name = String::from(\"variant2\");",
                  "    let mut map = Map::new();",
                  "    map.insert(String::from(\"key2\"), Value::Bool(true));",
                  "    let variant = SerializeStructVariant { name, map };",
                  "    let result = variant.end();",
                  "    if let Ok(value) = result {",
                  "    assert!(matches!(value, Value::Object(_)));"
                ]
              ],
              "codes": [
                [
                  "{",
                  "    let name = String::from(\"variant2\");",
                  "    let mut map = Map::new();",
                  "    map.insert(String::from(\"key2\"), Value::Bool(true));",
                  "    let variant = SerializeStructVariant { name, map };",
                  "    let _ = variant.end();",
                  "    let name = String::from(\"variant2\");",
                  "    let mut map = Map::new();",
                  "    map.insert(String::from(\"key2\"), Value::Bool(true));",
                  "    let variant = SerializeStructVariant { name, map };",
                  "    let result = variant.end();",
                  "    assert!(result.is_ok());",
                  "}"
                ],
                [
                  "{",
                  "    let name = String::from(\"variant2\");",
                  "    let mut map = Map::new();",
                  "    map.insert(String::from(\"key2\"), Value::Bool(true));",
                  "    let variant = SerializeStructVariant { name, map };",
                  "    let _ = variant.end();",
                  "    let name = String::from(\"variant2\");",
                  "    let mut map = Map::new();",
                  "    map.insert(String::from(\"key2\"), Value::Bool(true));",
                  "    let variant = SerializeStructVariant { name, map };",
                  "    let result = variant.end();",
                  "    if let Ok(value) = result {",
                  "    assert!(matches!(value, Value::Object(_)));",
                  "}"
                ]
              ],
              "can_compile": [
                {
                  "Err": "   Compiling proc-macro2 v1.0.95\n   Compiling serde v1.0.219\n   Compiling syn v1.0.109\n   Compiling libc v0.2.172\n   Compiling target-triple v0.1.4\n   Compiling serde_json v1.0.140\n   Compiling rustversion v1.0.20\n   Compiling ref-cast v1.0.24\n   Compiling serde_json v1.0.140 (/home/abezbm/rust-utgen-test-crates-new/json)\n   Compiling psm v0.1.26\n   Compiling stacker v0.1.21\n   Compiling quote v1.0.40\n   Compiling syn v2.0.101\n   Compiling serde_derive v1.0.219\n   Compiling ref-cast-impl v1.0.24\n   Compiling automod v1.0.15\n   Compiling ntest_test_cases v0.9.3\n   Compiling ntest_timeout v0.9.3\n   Compiling ntest v0.9.3\n   Compiling serde_spanned v0.6.8\n   Compiling toml_datetime v0.6.9\n   Compiling serde_stacker v0.1.12\n   Compiling serde_bytes v0.11.17\n   Compiling toml_edit v0.22.25\n   Compiling toml v0.8.21\n   Compiling trybuild v1.0.104\nwarning: unused import: `ntest::timeout`\n    --> src/value/ser.rs:1067:8\n     |\n1067 |    use ntest::timeout;\n     |        ^^^^^^^^^^^^^^\n     |\n     = note: `#[warn(unused_imports)]` on by default\n\nerror[E0599]: no method named `end` found for struct `value::ser::SerializeStructVariant` in the current scope\n    --> src/value/ser.rs:1075:21\n     |\n322  | pub struct SerializeStructVariant {\n     | --------------------------------- method `end` not found for this struct\n...\n1075 |     let _ = variant.end();\n     |                     ^^^ method not found in `SerializeStructVariant`\n     |\n    ::: /home/abezbm/.cargo/registry/src/index.crates.io-6f17d22bba15001f/serde-1.0.219/src/ser/mod.rs:1942:8\n     |\n1942 |     fn end(self) -> Result<Self::Ok, Self::Error>;\n     |        --- the method is available for `value::ser::SerializeStructVariant` here\n     |\n     = help: items from traits can only be used if the trait is in scope\nhelp: trait `SerializeStructVariant` which provides `end` is implemented but not in scope; perhaps you want to import it\n     |\n1066 +    use serde::ser::SerializeStructVariant;\n     |\n\nerror[E0599]: no method named `end` found for struct `value::ser::SerializeStructVariant` in the current scope\n    --> src/value/ser.rs:1080:26\n     |\n322  | pub struct SerializeStructVariant {\n     | --------------------------------- method `end` not found for this struct\n...\n1080 |     let result = variant.end();\n     |                          ^^^ method not found in `SerializeStructVariant`\n     |\n    ::: /home/abezbm/.cargo/registry/src/index.crates.io-6f17d22bba15001f/serde-1.0.219/src/ser/mod.rs:1942:8\n     |\n1942 |     fn end(self) -> Result<Self::Ok, Self::Error>;\n     |        --- the method is available for `value::ser::SerializeStructVariant` here\n     |\n     = help: items from traits can only be used if the trait is in scope\nhelp: trait `SerializeStructVariant` which provides `end` is implemented but not in scope; perhaps you want to import it\n     |\n1066 +    use serde::ser::SerializeStructVariant;\n     |\n\nFor more information about this error, try `rustc --explain E0599`.\nwarning: `serde_json` (lib test) generated 1 warning\nerror: could not compile `serde_json` (lib test) due to 2 previous errors; 1 warning emitted\n"
                },
                {
                  "Err": "   Compiling proc-macro2 v1.0.95\n   Compiling serde v1.0.219\n   Compiling syn v1.0.109\n   Compiling libc v0.2.172\n   Compiling serde_json v1.0.140\n   Compiling target-triple v0.1.4\n   Compiling rustversion v1.0.20\n   Compiling ref-cast v1.0.24\n   Compiling serde_json v1.0.140 (/home/abezbm/rust-utgen-test-crates-new/json)\n   Compiling psm v0.1.26\n   Compiling stacker v0.1.21\n   Compiling quote v1.0.40\n   Compiling syn v2.0.101\n   Compiling serde_derive v1.0.219\n   Compiling ref-cast-impl v1.0.24\n   Compiling automod v1.0.15\n   Compiling ntest_test_cases v0.9.3\n   Compiling ntest_timeout v0.9.3\n   Compiling ntest v0.9.3\n   Compiling serde_spanned v0.6.8\n   Compiling toml_datetime v0.6.9\n   Compiling serde_stacker v0.1.12\n   Compiling serde_bytes v0.11.17\n   Compiling toml_edit v0.22.25\n   Compiling toml v0.8.21\n   Compiling trybuild v1.0.104\nerror: this file contains an unclosed delimiter\n    --> src/value/ser.rs:1084:3\n     |\n1065 | mod llmtests {\n     |              - unclosed delimiter\n...\n1084 | }\n     |   ^\n\nerror: could not compile `serde_json` (lib test) due to 1 previous error\n"
                }
              ],
              "repaired": [
                false,
                false
              ]
            },
            {
              "attrs": [],
              "prefix": [
                "{",
                "    let name = String::from(\"variant3\");",
                "    let mut map = Map::new();",
                "    map.insert(String::from(\"key3\"), Value::Number(Number::from(42)));",
                "    let variant = SerializeStructVariant { name, map };",
                "    let _ = variant.end();",
                "}"
              ],
              "oracles": [
                [
                  "    let name = String::from(\"variant3\");",
                  "    let mut map = Map::new();",
                  "    map.insert(String::from(\"key3\"), Value::Number(Number::from(42)));",
                  "    let variant = SerializeStructVariant { name, map };",
                  "    let result = variant.end();",
                  "    assert!(result.is_ok());"
                ],
                [
                  "    let name = String::from(\"variant3\");",
                  "    let mut map = Map::new();",
                  "    map.insert(String::from(\"key3\"), Value::Number(Number::from(42)));",
                  "    let variant = SerializeStructVariant { name, map };",
                  "    let result = variant.end();",
                  "    let value = result.unwrap();",
                  "    if let Value::Object(obj) = value {",
                  "    assert!(obj.contains_key(\"variant3\"));"
                ],
                [
                  "    let name = String::from(\"variant3\");",
                  "    let mut map = Map::new();",
                  "    map.insert(String::from(\"key3\"), Value::Number(Number::from(42)));",
                  "    let variant = SerializeStructVariant { name, map };",
                  "    let result = variant.end();",
                  "    let value = result.unwrap();",
                  "    if let Value::Object(obj) = value {",
                  "    if let Some(inner_value) = obj.get(\"variant3\") {",
                  "    match inner_value {",
                  "    Value::Object(inner_map) => {",
                  "    assert!(inner_map.contains_key(\"key3\"));"
                ],
                [
                  "    let name = String::from(\"variant3\");",
                  "    let mut map = Map::new();",
                  "    map.insert(String::from(\"key3\"), Value::Number(Number::from(42)));",
                  "    let variant = SerializeStructVariant { name, map };",
                  "    let result = variant.end();",
                  "    let value = result.unwrap();",
                  "    if let Value::Object(obj) = value {",
                  "    if let Some(inner_value) = obj.get(\"variant3\") {",
                  "    match inner_value {",
                  "    Value::Object(inner_map) => {",
                  "    assert_eq!(inner_map.get(\"key3\"), Some(&Value::Number(Number::from(42))));"
                ]
              ],
              "codes": [
                [
                  "{",
                  "    let name = String::from(\"variant3\");",
                  "    let mut map = Map::new();",
                  "    map.insert(String::from(\"key3\"), Value::Number(Number::from(42)));",
                  "    let variant = SerializeStructVariant { name, map };",
                  "    let _ = variant.end();",
                  "    let name = String::from(\"variant3\");",
                  "    let mut map = Map::new();",
                  "    map.insert(String::from(\"key3\"), Value::Number(Number::from(42)));",
                  "    let variant = SerializeStructVariant { name, map };",
                  "    let result = variant.end();",
                  "    assert!(result.is_ok());",
                  "}"
                ],
                [
                  "{",
                  "    let name = String::from(\"variant3\");",
                  "    let mut map = Map::new();",
                  "    map.insert(String::from(\"key3\"), Value::Number(Number::from(42)));",
                  "    let variant = SerializeStructVariant { name, map };",
                  "    let _ = variant.end();",
                  "    let name = String::from(\"variant3\");",
                  "    let mut map = Map::new();",
                  "    map.insert(String::from(\"key3\"), Value::Number(Number::from(42)));",
                  "    let variant = SerializeStructVariant { name, map };",
                  "    let result = variant.end();",
                  "    let value = result.unwrap();",
                  "    if let Value::Object(obj) = value {",
                  "    assert!(obj.contains_key(\"variant3\"));",
                  "}"
                ],
                [
                  "{",
                  "    let name = String::from(\"variant3\");",
                  "    let mut map = Map::new();",
                  "    map.insert(String::from(\"key3\"), Value::Number(Number::from(42)));",
                  "    let variant = SerializeStructVariant { name, map };",
                  "    let _ = variant.end();",
                  "    let name = String::from(\"variant3\");",
                  "    let mut map = Map::new();",
                  "    map.insert(String::from(\"key3\"), Value::Number(Number::from(42)));",
                  "    let variant = SerializeStructVariant { name, map };",
                  "    let result = variant.end();",
                  "    let value = result.unwrap();",
                  "    if let Value::Object(obj) = value {",
                  "    if let Some(inner_value) = obj.get(\"variant3\") {",
                  "    match inner_value {",
                  "    Value::Object(inner_map) => {",
                  "    assert!(inner_map.contains_key(\"key3\"));",
                  "}"
                ],
                [
                  "{",
                  "    let name = String::from(\"variant3\");",
                  "    let mut map = Map::new();",
                  "    map.insert(String::from(\"key3\"), Value::Number(Number::from(42)));",
                  "    let variant = SerializeStructVariant { name, map };",
                  "    let _ = variant.end();",
                  "    let name = String::from(\"variant3\");",
                  "    let mut map = Map::new();",
                  "    map.insert(String::from(\"key3\"), Value::Number(Number::from(42)));",
                  "    let variant = SerializeStructVariant { name, map };",
                  "    let result = variant.end();",
                  "    let value = result.unwrap();",
                  "    if let Value::Object(obj) = value {",
                  "    if let Some(inner_value) = obj.get(\"variant3\") {",
                  "    match inner_value {",
                  "    Value::Object(inner_map) => {",
                  "    assert_eq!(inner_map.get(\"key3\"), Some(&Value::Number(Number::from(42))));",
                  "}"
                ]
              ],
              "can_compile": [
                {
                  "Err": "   Compiling proc-macro2 v1.0.95\n   Compiling serde v1.0.219\n   Compiling syn v1.0.109\n   Compiling libc v0.2.172\n   Compiling serde_json v1.0.140\n   Compiling target-triple v0.1.4\n   Compiling rustversion v1.0.20\n   Compiling ref-cast v1.0.24\n   Compiling serde_json v1.0.140 (/home/abezbm/rust-utgen-test-crates-new/json)\n   Compiling psm v0.1.26\n   Compiling stacker v0.1.21\n   Compiling quote v1.0.40\n   Compiling syn v2.0.101\n   Compiling serde_derive v1.0.219\n   Compiling ref-cast-impl v1.0.24\n   Compiling automod v1.0.15\n   Compiling ntest_timeout v0.9.3\n   Compiling ntest_test_cases v0.9.3\n   Compiling ntest v0.9.3\n   Compiling serde_spanned v0.6.8\n   Compiling toml_datetime v0.6.9\n   Compiling serde_bytes v0.11.17\n   Compiling serde_stacker v0.1.12\n   Compiling toml_edit v0.22.25\n   Compiling toml v0.8.21\n   Compiling trybuild v1.0.104\nerror[E0433]: failed to resolve: use of undeclared type `Number`\n    --> src/value/ser.rs:1073:52\n     |\n1073 |     map.insert(String::from(\"key3\"), Value::Number(Number::from(42)));\n     |                                                    ^^^^^^ use of undeclared type `Number`\n     |\nhelp: consider importing this struct\n     |\n1066 +    use crate::number::Number;\n     |\n\nerror[E0433]: failed to resolve: use of undeclared type `Number`\n    --> src/value/ser.rs:1078:52\n     |\n1078 |     map.insert(String::from(\"key3\"), Value::Number(Number::from(42)));\n     |                                                    ^^^^^^ use of undeclared type `Number`\n     |\nhelp: consider importing this struct\n     |\n1066 +    use crate::number::Number;\n     |\n\nwarning: unused import: `ntest::timeout`\n    --> src/value/ser.rs:1067:8\n     |\n1067 |    use ntest::timeout;\n     |        ^^^^^^^^^^^^^^\n     |\n     = note: `#[warn(unused_imports)]` on by default\n\nerror[E0599]: no method named `end` found for struct `value::ser::SerializeStructVariant` in the current scope\n    --> src/value/ser.rs:1075:21\n     |\n322  | pub struct SerializeStructVariant {\n     | --------------------------------- method `end` not found for this struct\n...\n1075 |     let _ = variant.end();\n     |                     ^^^ method not found in `SerializeStructVariant`\n     |\n    ::: /home/abezbm/.cargo/registry/src/index.crates.io-6f17d22bba15001f/serde-1.0.219/src/ser/mod.rs:1942:8\n     |\n1942 |     fn end(self) -> Result<Self::Ok, Self::Error>;\n     |        --- the method is available for `value::ser::SerializeStructVariant` here\n     |\n     = help: items from traits can only be used if the trait is in scope\nhelp: trait `SerializeStructVariant` which provides `end` is implemented but not in scope; perhaps you want to import it\n     |\n1066 +    use serde::ser::SerializeStructVariant;\n     |\n\nerror[E0599]: no method named `end` found for struct `value::ser::SerializeStructVariant` in the current scope\n    --> src/value/ser.rs:1080:26\n     |\n322  | pub struct SerializeStructVariant {\n     | --------------------------------- method `end` not found for this struct\n...\n1080 |     let result = variant.end();\n     |                          ^^^ method not found in `SerializeStructVariant`\n     |\n    ::: /home/abezbm/.cargo/registry/src/index.crates.io-6f17d22bba15001f/serde-1.0.219/src/ser/mod.rs:1942:8\n     |\n1942 |     fn end(self) -> Result<Self::Ok, Self::Error>;\n     |        --- the method is available for `value::ser::SerializeStructVariant` here\n     |\n     = help: items from traits can only be used if the trait is in scope\nhelp: trait `SerializeStructVariant` which provides `end` is implemented but not in scope; perhaps you want to import it\n     |\n1066 +    use serde::ser::SerializeStructVariant;\n     |\n\nSome errors have detailed explanations: E0433, E0599.\nFor more information about an error, try `rustc --explain E0433`.\nwarning: `serde_json` (lib test) generated 1 warning\nerror: could not compile `serde_json` (lib test) due to 4 previous errors; 1 warning emitted\n"
                },
                {
                  "Err": "   Compiling proc-macro2 v1.0.95\n   Compiling serde v1.0.219\n   Compiling syn v1.0.109\n   Compiling libc v0.2.172\n   Compiling serde_json v1.0.140\n   Compiling target-triple v0.1.4\n   Compiling rustversion v1.0.20\n   Compiling ref-cast v1.0.24\n   Compiling serde_json v1.0.140 (/home/abezbm/rust-utgen-test-crates-new/json)\n   Compiling psm v0.1.26\n   Compiling stacker v0.1.21\n   Compiling quote v1.0.40\n   Compiling syn v2.0.101\n   Compiling serde_derive v1.0.219\n   Compiling ref-cast-impl v1.0.24\n   Compiling automod v1.0.15\n   Compiling ntest_timeout v0.9.3\n   Compiling ntest_test_cases v0.9.3\n   Compiling ntest v0.9.3\n   Compiling toml_datetime v0.6.9\n   Compiling serde_spanned v0.6.8\n   Compiling serde_stacker v0.1.12\n   Compiling serde_bytes v0.11.17\n   Compiling toml_edit v0.22.25\n   Compiling toml v0.8.21\n   Compiling trybuild v1.0.104\nerror: this file contains an unclosed delimiter\n    --> src/value/ser.rs:1085:3\n     |\n1065 | mod llmtests {\n     |              - unclosed delimiter\n...\n1085 | }\n     |   ^\n\nerror: could not compile `serde_json` (lib test) due to 1 previous error\n"
                },
                {
                  "Err": "   Compiling proc-macro2 v1.0.95\n   Compiling serde v1.0.219\n   Compiling syn v1.0.109\n   Compiling libc v0.2.172\n   Compiling target-triple v0.1.4\n   Compiling serde_json v1.0.140\n   Compiling ref-cast v1.0.24\n   Compiling rustversion v1.0.20\n   Compiling serde_json v1.0.140 (/home/abezbm/rust-utgen-test-crates-new/json)\n   Compiling psm v0.1.26\n   Compiling stacker v0.1.21\n   Compiling quote v1.0.40\n   Compiling syn v2.0.101\n   Compiling serde_derive v1.0.219\n   Compiling ref-cast-impl v1.0.24\n   Compiling automod v1.0.15\n   Compiling ntest_timeout v0.9.3\n   Compiling ntest_test_cases v0.9.3\n   Compiling ntest v0.9.3\n   Compiling serde_spanned v0.6.8\n   Compiling toml_datetime v0.6.9\n   Compiling serde_stacker v0.1.12\n   Compiling serde_bytes v0.11.17\n   Compiling toml_edit v0.22.25\n   Compiling toml v0.8.21\n   Compiling trybuild v1.0.104\nerror: this file contains an unclosed delimiter\n    --> src/value/ser.rs:1088:3\n     |\n1065 | mod llmtests {\n     |              - unclosed delimiter\n...\n1070 | {\n     | - unclosed delimiter\n...\n1082 |     if let Value::Object(obj) = value {\n     |                                       - unclosed delimiter\n1083 |     if let Some(inner_value) = obj.get(\"variant3\") {\n     |                                                    - unclosed delimiter\n1084 |     match inner_value {\n1085 |     Value::Object(inner_map) => {\n     |                                 - this delimiter might not be properly closed...\n1086 |     assert!(inner_map.contains_key(\"key3\"));\n1087 | }\n     | - ...as it matches this but it has different indentation\n1088 | }\n     |   ^\n\nerror: could not compile `serde_json` (lib test) due to 1 previous error\n"
                },
                {
                  "Err": "   Compiling proc-macro2 v1.0.95\n   Compiling serde v1.0.219\n   Compiling syn v1.0.109\n   Compiling libc v0.2.172\n   Compiling serde_json v1.0.140\n   Compiling target-triple v0.1.4\n   Compiling rustversion v1.0.20\n   Compiling ref-cast v1.0.24\n   Compiling serde_json v1.0.140 (/home/abezbm/rust-utgen-test-crates-new/json)\n   Compiling psm v0.1.26\n   Compiling stacker v0.1.21\n   Compiling quote v1.0.40\n   Compiling syn v2.0.101\n   Compiling serde_derive v1.0.219\n   Compiling ref-cast-impl v1.0.24\n   Compiling automod v1.0.15\n   Compiling ntest_timeout v0.9.3\n   Compiling ntest_test_cases v0.9.3\n   Compiling ntest v0.9.3\n   Compiling toml_datetime v0.6.9\n   Compiling serde_spanned v0.6.8\n   Compiling serde_bytes v0.11.17\n   Compiling serde_stacker v0.1.12\n   Compiling toml_edit v0.22.25\n   Compiling toml v0.8.21\n   Compiling trybuild v1.0.104\nerror: this file contains an unclosed delimiter\n    --> src/value/ser.rs:1088:3\n     |\n1065 | mod llmtests {\n     |              - unclosed delimiter\n...\n1070 | {\n     | - unclosed delimiter\n...\n1082 |     if let Value::Object(obj) = value {\n     |                                       - unclosed delimiter\n1083 |     if let Some(inner_value) = obj.get(\"variant3\") {\n     |                                                    - unclosed delimiter\n1084 |     match inner_value {\n1085 |     Value::Object(inner_map) => {\n     |                                 - this delimiter might not be properly closed...\n1086 |     assert_eq!(inner_map.get(\"key3\"), Some(&Value::Number(Number::from(42))));\n1087 | }\n     | - ...as it matches this but it has different indentation\n1088 | }\n     |   ^\n\nerror: could not compile `serde_json` (lib test) due to 1 previous error\n"
                }
              ],
              "repaired": [
                false,
                false,
                false,
                false
              ]
            },
            {
              "attrs": [],
              "prefix": [
                "{",
                "    let name = String::from(\"variant4\");",
                "    let mut map = Map::new();",
                "    map.insert(String::from(\"key4\"), Value::String(String::from(\"value\")));",
                "    let variant = SerializeStructVariant { name, map };",
                "    let _ = variant.end();",
                "}"
              ],
              "oracles": [
                [
                  "    let name = String::from(\"variant4\");",
                  "    let mut map = Map::new();",
                  "    map.insert(String::from(\"key4\"), Value::String(String::from(\"value\")));",
                  "    let variant = SerializeStructVariant { name, map };",
                  "    let result = variant.end();",
                  "    assert!(result.is_ok());"
                ],
                [
                  "    let name = String::from(\"variant4\");",
                  "    let mut map = Map::new();",
                  "    map.insert(String::from(\"key4\"), Value::String(String::from(\"value\")));",
                  "    let variant = SerializeStructVariant { name, map };",
                  "    let result = variant.end();",
                  "    if let Ok(value) = result {",
                  "    assert!(matches!(value, Value::Object(_)));"
                ],
                [
                  "    let name = String::from(\"variant4\");",
                  "    let mut map = Map::new();",
                  "    map.insert(String::from(\"key4\"), Value::String(String::from(\"value\")));",
                  "    let variant = SerializeStructVariant { name, map };",
                  "    let result = variant.end();",
                  "    if let Ok(value) = result {",
                  "    }",
                  "    assert_eq!(result.unwrap().len(), 1);"
                ],
                [
                  "    let name = String::from(\"variant4\");",
                  "    let mut map = Map::new();",
                  "    map.insert(String::from(\"key4\"), Value::String(String::from(\"value\")));",
                  "    let variant = SerializeStructVariant { name, map };",
                  "    let result = variant.end();",
                  "    if let Ok(value) = result {",
                  "    }",
                  "    assert!(result.unwrap().contains_key(\"variant4\"));"
                ],
                [
                  "    let name = String::from(\"variant4\");",
                  "    let mut map = Map::new();",
                  "    map.insert(String::from(\"key4\"), Value::String(String::from(\"value\")));",
                  "    let variant = SerializeStructVariant { name, map };",
                  "    let result = variant.end();",
                  "    if let Ok(value) = result {",
                  "    }",
                  "    if let Value::Object(obj) = result.unwrap() {",
                  "    assert!(obj.get(\"variant4\").is_some());"
                ]
              ],
              "codes": [
                [
                  "{",
                  "    let name = String::from(\"variant4\");",
                  "    let mut map = Map::new();",
                  "    map.insert(String::from(\"key4\"), Value::String(String::from(\"value\")));",
                  "    let variant = SerializeStructVariant { name, map };",
                  "    let _ = variant.end();",
                  "    let name = String::from(\"variant4\");",
                  "    let mut map = Map::new();",
                  "    map.insert(String::from(\"key4\"), Value::String(String::from(\"value\")));",
                  "    let variant = SerializeStructVariant { name, map };",
                  "    let result = variant.end();",
                  "    assert!(result.is_ok());",
                  "}"
                ],
                [
                  "{",
                  "    let name = String::from(\"variant4\");",
                  "    let mut map = Map::new();",
                  "    map.insert(String::from(\"key4\"), Value::String(String::from(\"value\")));",
                  "    let variant = SerializeStructVariant { name, map };",
                  "    let _ = variant.end();",
                  "    let name = String::from(\"variant4\");",
                  "    let mut map = Map::new();",
                  "    map.insert(String::from(\"key4\"), Value::String(String::from(\"value\")));",
                  "    let variant = SerializeStructVariant { name, map };",
                  "    let result = variant.end();",
                  "    if let Ok(value) = result {",
                  "    assert!(matches!(value, Value::Object(_)));",
                  "}"
                ],
                [
                  "{",
                  "    let name = String::from(\"variant4\");",
                  "    let mut map = Map::new();",
                  "    map.insert(String::from(\"key4\"), Value::String(String::from(\"value\")));",
                  "    let variant = SerializeStructVariant { name, map };",
                  "    let _ = variant.end();",
                  "    let name = String::from(\"variant4\");",
                  "    let mut map = Map::new();",
                  "    map.insert(String::from(\"key4\"), Value::String(String::from(\"value\")));",
                  "    let variant = SerializeStructVariant { name, map };",
                  "    let result = variant.end();",
                  "    if let Ok(value) = result {",
                  "    }",
                  "    assert_eq!(result.unwrap().len(), 1);",
                  "}"
                ],
                [
                  "{",
                  "    let name = String::from(\"variant4\");",
                  "    let mut map = Map::new();",
                  "    map.insert(String::from(\"key4\"), Value::String(String::from(\"value\")));",
                  "    let variant = SerializeStructVariant { name, map };",
                  "    let _ = variant.end();",
                  "    let name = String::from(\"variant4\");",
                  "    let mut map = Map::new();",
                  "    map.insert(String::from(\"key4\"), Value::String(String::from(\"value\")));",
                  "    let variant = SerializeStructVariant { name, map };",
                  "    let result = variant.end();",
                  "    if let Ok(value) = result {",
                  "    }",
                  "    assert!(result.unwrap().contains_key(\"variant4\"));",
                  "}"
                ],
                [
                  "{",
                  "    let name = String::from(\"variant4\");",
                  "    let mut map = Map::new();",
                  "    map.insert(String::from(\"key4\"), Value::String(String::from(\"value\")));",
                  "    let variant = SerializeStructVariant { name, map };",
                  "    let _ = variant.end();",
                  "    let name = String::from(\"variant4\");",
                  "    let mut map = Map::new();",
                  "    map.insert(String::from(\"key4\"), Value::String(String::from(\"value\")));",
                  "    let variant = SerializeStructVariant { name, map };",
                  "    let result = variant.end();",
                  "    if let Ok(value) = result {",
                  "    }",
                  "    if let Value::Object(obj) = result.unwrap() {",
                  "    assert!(obj.get(\"variant4\").is_some());",
                  "}"
                ]
              ],
              "can_compile": [
                {
                  "Err": "   Compiling proc-macro2 v1.0.95\n   Compiling serde v1.0.219\n   Compiling syn v1.0.109\n   Compiling libc v0.2.172\n   Compiling serde_json v1.0.140\n   Compiling target-triple v0.1.4\n   Compiling rustversion v1.0.20\n   Compiling ref-cast v1.0.24\n   Compiling serde_json v1.0.140 (/home/abezbm/rust-utgen-test-crates-new/json)\n   Compiling psm v0.1.26\n   Compiling stacker v0.1.21\n   Compiling quote v1.0.40\n   Compiling syn v2.0.101\n   Compiling serde_derive v1.0.219\n   Compiling ref-cast-impl v1.0.24\n   Compiling automod v1.0.15\n   Compiling ntest_test_cases v0.9.3\n   Compiling ntest_timeout v0.9.3\n   Compiling ntest v0.9.3\n   Compiling toml_datetime v0.6.9\n   Compiling serde_spanned v0.6.8\n   Compiling serde_stacker v0.1.12\n   Compiling serde_bytes v0.11.17\n   Compiling toml_edit v0.22.25\n   Compiling toml v0.8.21\n   Compiling trybuild v1.0.104\nwarning: unused import: `ntest::timeout`\n    --> src/value/ser.rs:1067:8\n     |\n1067 |    use ntest::timeout;\n     |        ^^^^^^^^^^^^^^\n     |\n     = note: `#[warn(unused_imports)]` on by default\n\nerror[E0599]: no method named `end` found for struct `value::ser::SerializeStructVariant` in the current scope\n    --> src/value/ser.rs:1075:21\n     |\n322  | pub struct SerializeStructVariant {\n     | --------------------------------- method `end` not found for this struct\n...\n1075 |     let _ = variant.end();\n     |                     ^^^ method not found in `SerializeStructVariant`\n     |\n    ::: /home/abezbm/.cargo/registry/src/index.crates.io-6f17d22bba15001f/serde-1.0.219/src/ser/mod.rs:1942:8\n     |\n1942 |     fn end(self) -> Result<Self::Ok, Self::Error>;\n     |        --- the method is available for `value::ser::SerializeStructVariant` here\n     |\n     = help: items from traits can only be used if the trait is in scope\nhelp: trait `SerializeStructVariant` which provides `end` is implemented but not in scope; perhaps you want to import it\n     |\n1066 +    use serde::ser::SerializeStructVariant;\n     |\n\nerror[E0599]: no method named `end` found for struct `value::ser::SerializeStructVariant` in the current scope\n    --> src/value/ser.rs:1080:26\n     |\n322  | pub struct SerializeStructVariant {\n     | --------------------------------- method `end` not found for this struct\n...\n1080 |     let result = variant.end();\n     |                          ^^^ method not found in `SerializeStructVariant`\n     |\n    ::: /home/abezbm/.cargo/registry/src/index.crates.io-6f17d22bba15001f/serde-1.0.219/src/ser/mod.rs:1942:8\n     |\n1942 |     fn end(self) -> Result<Self::Ok, Self::Error>;\n     |        --- the method is available for `value::ser::SerializeStructVariant` here\n     |\n     = help: items from traits can only be used if the trait is in scope\nhelp: trait `SerializeStructVariant` which provides `end` is implemented but not in scope; perhaps you want to import it\n     |\n1066 +    use serde::ser::SerializeStructVariant;\n     |\n\nFor more information about this error, try `rustc --explain E0599`.\nwarning: `serde_json` (lib test) generated 1 warning\nerror: could not compile `serde_json` (lib test) due to 2 previous errors; 1 warning emitted\n"
                },
                {
                  "Err": "   Compiling proc-macro2 v1.0.95\n   Compiling serde v1.0.219\n   Compiling syn v1.0.109\n   Compiling libc v0.2.172\n   Compiling serde_json v1.0.140\n   Compiling target-triple v0.1.4\n   Compiling rustversion v1.0.20\n   Compiling ref-cast v1.0.24\n   Compiling serde_json v1.0.140 (/home/abezbm/rust-utgen-test-crates-new/json)\n   Compiling psm v0.1.26\n   Compiling stacker v0.1.21\n   Compiling quote v1.0.40\n   Compiling syn v2.0.101\n   Compiling serde_derive v1.0.219\n   Compiling ref-cast-impl v1.0.24\n   Compiling automod v1.0.15\n   Compiling ntest_timeout v0.9.3\n   Compiling ntest_test_cases v0.9.3\n   Compiling ntest v0.9.3\n   Compiling toml_datetime v0.6.9\n   Compiling serde_spanned v0.6.8\n   Compiling serde_stacker v0.1.12\n   Compiling serde_bytes v0.11.17\n   Compiling toml_edit v0.22.25\n   Compiling toml v0.8.21\n   Compiling trybuild v1.0.104\nerror: this file contains an unclosed delimiter\n    --> src/value/ser.rs:1084:3\n     |\n1065 | mod llmtests {\n     |              - unclosed delimiter\n...\n1084 | }\n     |   ^\n\nerror: could not compile `serde_json` (lib test) due to 1 previous error\n"
                },
                {
                  "Err": "   Compiling proc-macro2 v1.0.95\n   Compiling serde v1.0.219\n   Compiling syn v1.0.109\n   Compiling libc v0.2.172\n   Compiling target-triple v0.1.4\n   Compiling serde_json v1.0.140\n   Compiling ref-cast v1.0.24\n   Compiling rustversion v1.0.20\n   Compiling psm v0.1.26\n   Compiling stacker v0.1.21\n   Compiling serde_json v1.0.140 (/home/abezbm/rust-utgen-test-crates-new/json)\n   Compiling quote v1.0.40\n   Compiling syn v2.0.101\n   Compiling serde_derive v1.0.219\n   Compiling ref-cast-impl v1.0.24\n   Compiling automod v1.0.15\n   Compiling ntest_test_cases v0.9.3\n   Compiling ntest_timeout v0.9.3\n   Compiling ntest v0.9.3\n   Compiling toml_datetime v0.6.9\n   Compiling serde_spanned v0.6.8\n   Compiling serde_stacker v0.1.12\n   Compiling serde_bytes v0.11.17\n   Compiling toml_edit v0.22.25\n   Compiling toml v0.8.21\n   Compiling trybuild v1.0.104\nwarning: unused import: `ntest::timeout`\n    --> src/value/ser.rs:1067:8\n     |\n1067 |    use ntest::timeout;\n     |        ^^^^^^^^^^^^^^\n     |\n     = note: `#[warn(unused_imports)]` on by default\n\nerror[E0599]: no method named `end` found for struct `value::ser::SerializeStructVariant` in the current scope\n    --> src/value/ser.rs:1075:21\n     |\n322  | pub struct SerializeStructVariant {\n     | --------------------------------- method `end` not found for this struct\n...\n1075 |     let _ = variant.end();\n     |                     ^^^ method not found in `SerializeStructVariant`\n     |\n    ::: /home/abezbm/.cargo/registry/src/index.crates.io-6f17d22bba15001f/serde-1.0.219/src/ser/mod.rs:1942:8\n     |\n1942 |     fn end(self) -> Result<Self::Ok, Self::Error>;\n     |        --- the method is available for `value::ser::SerializeStructVariant` here\n     |\n     = help: items from traits can only be used if the trait is in scope\nhelp: trait `SerializeStructVariant` which provides `end` is implemented but not in scope; perhaps you want to import it\n     |\n1066 +    use serde::ser::SerializeStructVariant;\n     |\n\nerror[E0599]: no method named `end` found for struct `value::ser::SerializeStructVariant` in the current scope\n    --> src/value/ser.rs:1080:26\n     |\n322  | pub struct SerializeStructVariant {\n     | --------------------------------- method `end` not found for this struct\n...\n1080 |     let result = variant.end();\n     |                          ^^^ method not found in `SerializeStructVariant`\n     |\n    ::: /home/abezbm/.cargo/registry/src/index.crates.io-6f17d22bba15001f/serde-1.0.219/src/ser/mod.rs:1942:8\n     |\n1942 |     fn end(self) -> Result<Self::Ok, Self::Error>;\n     |        --- the method is available for `value::ser::SerializeStructVariant` here\n     |\n     = help: items from traits can only be used if the trait is in scope\nhelp: trait `SerializeStructVariant` which provides `end` is implemented but not in scope; perhaps you want to import it\n     |\n1066 +    use serde::ser::SerializeStructVariant;\n     |\n\nFor more information about this error, try `rustc --explain E0599`.\nwarning: `serde_json` (lib test) generated 1 warning\nerror: could not compile `serde_json` (lib test) due to 2 previous errors; 1 warning emitted\n"
                },
                {
                  "Err": "   Compiling proc-macro2 v1.0.95\n   Compiling serde v1.0.219\n   Compiling syn v1.0.109\n   Compiling libc v0.2.172\n   Compiling serde_json v1.0.140\n   Compiling target-triple v0.1.4\n   Compiling rustversion v1.0.20\n   Compiling ref-cast v1.0.24\n   Compiling serde_json v1.0.140 (/home/abezbm/rust-utgen-test-crates-new/json)\n   Compiling psm v0.1.26\n   Compiling stacker v0.1.21\n   Compiling quote v1.0.40\n   Compiling syn v2.0.101\n   Compiling serde_derive v1.0.219\n   Compiling ref-cast-impl v1.0.24\n   Compiling automod v1.0.15\n   Compiling ntest_timeout v0.9.3\n   Compiling ntest_test_cases v0.9.3\n   Compiling ntest v0.9.3\n   Compiling serde_spanned v0.6.8\n   Compiling toml_datetime v0.6.9\n   Compiling serde_stacker v0.1.12\n   Compiling serde_bytes v0.11.17\n   Compiling toml_edit v0.22.25\n   Compiling toml v0.8.21\n   Compiling trybuild v1.0.104\nwarning: unused import: `ntest::timeout`\n    --> src/value/ser.rs:1067:8\n     |\n1067 |    use ntest::timeout;\n     |        ^^^^^^^^^^^^^^\n     |\n     = note: `#[warn(unused_imports)]` on by default\n\nerror[E0599]: no method named `end` found for struct `value::ser::SerializeStructVariant` in the current scope\n    --> src/value/ser.rs:1075:21\n     |\n322  | pub struct SerializeStructVariant {\n     | --------------------------------- method `end` not found for this struct\n...\n1075 |     let _ = variant.end();\n     |                     ^^^ method not found in `SerializeStructVariant`\n     |\n    ::: /home/abezbm/.cargo/registry/src/index.crates.io-6f17d22bba15001f/serde-1.0.219/src/ser/mod.rs:1942:8\n     |\n1942 |     fn end(self) -> Result<Self::Ok, Self::Error>;\n     |        --- the method is available for `value::ser::SerializeStructVariant` here\n     |\n     = help: items from traits can only be used if the trait is in scope\nhelp: trait `SerializeStructVariant` which provides `end` is implemented but not in scope; perhaps you want to import it\n     |\n1066 +    use serde::ser::SerializeStructVariant;\n     |\n\nerror[E0599]: no method named `end` found for struct `value::ser::SerializeStructVariant` in the current scope\n    --> src/value/ser.rs:1080:26\n     |\n322  | pub struct SerializeStructVariant {\n     | --------------------------------- method `end` not found for this struct\n...\n1080 |     let result = variant.end();\n     |                          ^^^ method not found in `SerializeStructVariant`\n     |\n    ::: /home/abezbm/.cargo/registry/src/index.crates.io-6f17d22bba15001f/serde-1.0.219/src/ser/mod.rs:1942:8\n     |\n1942 |     fn end(self) -> Result<Self::Ok, Self::Error>;\n     |        --- the method is available for `value::ser::SerializeStructVariant` here\n     |\n     = help: items from traits can only be used if the trait is in scope\nhelp: trait `SerializeStructVariant` which provides `end` is implemented but not in scope; perhaps you want to import it\n     |\n1066 +    use serde::ser::SerializeStructVariant;\n     |\n\nFor more information about this error, try `rustc --explain E0599`.\nwarning: `serde_json` (lib test) generated 1 warning\nerror: could not compile `serde_json` (lib test) due to 2 previous errors; 1 warning emitted\n"
                },
                {
                  "Err": "   Compiling proc-macro2 v1.0.95\n   Compiling serde v1.0.219\n   Compiling syn v1.0.109\n   Compiling libc v0.2.172\n   Compiling target-triple v0.1.4\n   Compiling serde_json v1.0.140\n   Compiling rustversion v1.0.20\n   Compiling ref-cast v1.0.24\n   Compiling serde_json v1.0.140 (/home/abezbm/rust-utgen-test-crates-new/json)\n   Compiling psm v0.1.26\n   Compiling stacker v0.1.21\n   Compiling quote v1.0.40\n   Compiling syn v2.0.101\n   Compiling serde_derive v1.0.219\n   Compiling ref-cast-impl v1.0.24\n   Compiling automod v1.0.15\n   Compiling ntest_test_cases v0.9.3\n   Compiling ntest_timeout v0.9.3\n   Compiling ntest v0.9.3\n   Compiling serde_spanned v0.6.8\n   Compiling toml_datetime v0.6.9\n   Compiling serde_stacker v0.1.12\n   Compiling serde_bytes v0.11.17\n   Compiling toml_edit v0.22.25\n   Compiling toml v0.8.21\n   Compiling trybuild v1.0.104\nerror: this file contains an unclosed delimiter\n    --> src/value/ser.rs:1086:3\n     |\n1065 | mod llmtests {\n     |              - unclosed delimiter\n...\n1086 | }\n     |   ^\n\nerror: could not compile `serde_json` (lib test) due to 1 previous error\n"
                }
              ],
              "repaired": [
                false,
                false,
                false,
                false,
                false
              ]
            },
            {
              "attrs": [],
              "prefix": [
                "{",
                "    let name = String::from(\"variant5\");",
                "    let mut map = Map::new();",
                "    map.insert(String::from(\"key5\"), Value::Array(vec![Value::String(String::from(\"item1\")), Value::String(String::from(\"item2\"))]));",
                "    let variant = SerializeStructVariant { name, map };",
                "    let _ = variant.end();",
                "}"
              ],
              "oracles": [
                [
                  "    let name = String::from(\"variant5\");",
                  "    let mut map = Map::new();",
                  "    map.insert(String::from(\"key5\"), Value::Array(vec![Value::String(String::from(\"item1\")), Value::String(String::from(\"item2\"))]));",
                  "    let variant = SerializeStructVariant { name, map };",
                  "    let result = variant.end();",
                  "    match result {",
                  "    Ok(Value::Object(object)) => {",
                  "    assert!(object.contains_key(\"variant5\"));"
                ],
                [
                  "    let name = String::from(\"variant5\");",
                  "    let mut map = Map::new();",
                  "    map.insert(String::from(\"key5\"), Value::Array(vec![Value::String(String::from(\"item1\")), Value::String(String::from(\"item2\"))]));",
                  "    let variant = SerializeStructVariant { name, map };",
                  "    let result = variant.end();",
                  "    match result {",
                  "    Ok(Value::Object(object)) => {",
                  "    if let Some(Value::Object(obj_map)) = object.get(\"variant5\") {",
                  "    assert_eq!(obj_map, &variant.map);"
                ]
              ],
              "codes": [
                [
                  "{",
                  "    let name = String::from(\"variant5\");",
                  "    let mut map = Map::new();",
                  "    map.insert(String::from(\"key5\"), Value::Array(vec![Value::String(String::from(\"item1\")), Value::String(String::from(\"item2\"))]));",
                  "    let variant = SerializeStructVariant { name, map };",
                  "    let _ = variant.end();",
                  "    let name = String::from(\"variant5\");",
                  "    let mut map = Map::new();",
                  "    map.insert(String::from(\"key5\"), Value::Array(vec![Value::String(String::from(\"item1\")), Value::String(String::from(\"item2\"))]));",
                  "    let variant = SerializeStructVariant { name, map };",
                  "    let result = variant.end();",
                  "    match result {",
                  "    Ok(Value::Object(object)) => {",
                  "    assert!(object.contains_key(\"variant5\"));",
                  "}"
                ],
                [
                  "{",
                  "    let name = String::from(\"variant5\");",
                  "    let mut map = Map::new();",
                  "    map.insert(String::from(\"key5\"), Value::Array(vec![Value::String(String::from(\"item1\")), Value::String(String::from(\"item2\"))]));",
                  "    let variant = SerializeStructVariant { name, map };",
                  "    let _ = variant.end();",
                  "    let name = String::from(\"variant5\");",
                  "    let mut map = Map::new();",
                  "    map.insert(String::from(\"key5\"), Value::Array(vec![Value::String(String::from(\"item1\")), Value::String(String::from(\"item2\"))]));",
                  "    let variant = SerializeStructVariant { name, map };",
                  "    let result = variant.end();",
                  "    match result {",
                  "    Ok(Value::Object(object)) => {",
                  "    if let Some(Value::Object(obj_map)) = object.get(\"variant5\") {",
                  "    assert_eq!(obj_map, &variant.map);",
                  "}"
                ]
              ],
              "can_compile": [
                {
                  "Err": "   Compiling proc-macro2 v1.0.95\n   Compiling serde v1.0.219\n   Compiling syn v1.0.109\n   Compiling libc v0.2.172\n   Compiling serde_json v1.0.140\n   Compiling target-triple v0.1.4\n   Compiling ref-cast v1.0.24\n   Compiling rustversion v1.0.20\n   Compiling serde_json v1.0.140 (/home/abezbm/rust-utgen-test-crates-new/json)\n   Compiling psm v0.1.26\n   Compiling stacker v0.1.21\n   Compiling quote v1.0.40\n   Compiling syn v2.0.101\n   Compiling serde_derive v1.0.219\n   Compiling ref-cast-impl v1.0.24\n   Compiling automod v1.0.15\n   Compiling ntest_timeout v0.9.3\n   Compiling ntest_test_cases v0.9.3\n   Compiling ntest v0.9.3\n   Compiling serde_spanned v0.6.8\n   Compiling toml_datetime v0.6.9\n   Compiling serde_stacker v0.1.12\n   Compiling serde_bytes v0.11.17\n   Compiling toml_edit v0.22.25\n   Compiling toml v0.8.21\n   Compiling trybuild v1.0.104\nerror: this file contains an unclosed delimiter\n    --> src/value/ser.rs:1085:3\n     |\n1065 | mod llmtests {\n     |              - unclosed delimiter\n...\n1070 | {\n     | - unclosed delimiter\n...\n1082 |     Ok(Value::Object(object)) => {\n     |                                  - this delimiter might not be properly closed...\n1083 |     assert!(object.contains_key(\"variant5\"));\n1084 | }\n     | - ...as it matches this but it has different indentation\n1085 | }\n     |   ^\n\nerror: could not compile `serde_json` (lib test) due to 1 previous error\n"
                },
                {
                  "Err": "   Compiling proc-macro2 v1.0.95\n   Compiling serde v1.0.219\n   Compiling syn v1.0.109\n   Compiling libc v0.2.172\n   Compiling serde_json v1.0.140\n   Compiling target-triple v0.1.4\n   Compiling rustversion v1.0.20\n   Compiling ref-cast v1.0.24\n   Compiling serde_json v1.0.140 (/home/abezbm/rust-utgen-test-crates-new/json)\n   Compiling psm v0.1.26\n   Compiling stacker v0.1.21\n   Compiling quote v1.0.40\n   Compiling syn v2.0.101\n   Compiling serde_derive v1.0.219\n   Compiling ref-cast-impl v1.0.24\n   Compiling automod v1.0.15\n   Compiling ntest_test_cases v0.9.3\n   Compiling ntest_timeout v0.9.3\n   Compiling ntest v0.9.3\n   Compiling toml_datetime v0.6.9\n   Compiling serde_spanned v0.6.8\n   Compiling serde_bytes v0.11.17\n   Compiling serde_stacker v0.1.12\n   Compiling toml_edit v0.22.25\n   Compiling toml v0.8.21\n   Compiling trybuild v1.0.104\nerror: this file contains an unclosed delimiter\n    --> src/value/ser.rs:1086:3\n     |\n1065 | mod llmtests {\n     |              - unclosed delimiter\n...\n1070 | {\n     | - unclosed delimiter\n...\n1081 |     match result {\n     |                  - unclosed delimiter\n1082 |     Ok(Value::Object(object)) => {\n1083 |     if let Some(Value::Object(obj_map)) = object.get(\"variant5\") {\n     |                                                                  - this delimiter might not be properly closed...\n1084 |     assert_eq!(obj_map, &variant.map);\n1085 | }\n     | - ...as it matches this but it has different indentation\n1086 | }\n     |   ^\n\nerror: could not compile `serde_json` (lib test) due to 1 previous error\n"
                }
              ],
              "repaired": [
                false,
                false
              ]
            },
            {
              "attrs": [],
              "prefix": [
                "{",
                "    let name = String::from(\"variant6\");",
                "    let mut inner_map = Map::new();",
                "    inner_map.insert(String::from(\"inner_key\"), Value::Bool(false));",
                "    let mut map = Map::new();",
                "    map.insert(String::from(\"key6\"), Value::Object(inner_map));",
                "    let variant = SerializeStructVariant { name, map };",
                "    let _ = variant.end();",
                "}"
              ],
              "oracles": [
                [
                  "    let name = String::from(\"variant6\");",
                  "    let mut inner_map = Map::new();",
                  "    inner_map.insert(String::from(\"inner_key\"), Value::Bool(false));",
                  "    let mut map = Map::new();",
                  "    map.insert(String::from(\"key6\"), Value::Object(inner_map));",
                  "    let variant = SerializeStructVariant { name, map };",
                  "    let result = variant.end();",
                  "    assert!(result.is_ok());"
                ],
                [
                  "    let name = String::from(\"variant6\");",
                  "    let mut inner_map = Map::new();",
                  "    inner_map.insert(String::from(\"inner_key\"), Value::Bool(false));",
                  "    let mut map = Map::new();",
                  "    map.insert(String::from(\"key6\"), Value::Object(inner_map));",
                  "    let variant = SerializeStructVariant { name, map };",
                  "    let result = variant.end();",
                  "    if let Ok(Value::Object(object)) = result {",
                  "    assert!(object.len() == 1);"
                ],
                [
                  "    let name = String::from(\"variant6\");",
                  "    let mut inner_map = Map::new();",
                  "    inner_map.insert(String::from(\"inner_key\"), Value::Bool(false));",
                  "    let mut map = Map::new();",
                  "    map.insert(String::from(\"key6\"), Value::Object(inner_map));",
                  "    let variant = SerializeStructVariant { name, map };",
                  "    let result = variant.end();",
                  "    if let Ok(Value::Object(object)) = result {",
                  "    assert!(object.contains_key(\"variant6\"));"
                ],
                [
                  "    let name = String::from(\"variant6\");",
                  "    let mut inner_map = Map::new();",
                  "    inner_map.insert(String::from(\"inner_key\"), Value::Bool(false));",
                  "    let mut map = Map::new();",
                  "    map.insert(String::from(\"key6\"), Value::Object(inner_map));",
                  "    let variant = SerializeStructVariant { name, map };",
                  "    let result = variant.end();",
                  "    if let Ok(Value::Object(object)) = result {",
                  "    assert!(matches!(object.get(\"variant6\"), Some(Value::Object(_))));"
                ]
              ],
              "codes": [
                [
                  "{",
                  "    let name = String::from(\"variant6\");",
                  "    let mut inner_map = Map::new();",
                  "    inner_map.insert(String::from(\"inner_key\"), Value::Bool(false));",
                  "    let mut map = Map::new();",
                  "    map.insert(String::from(\"key6\"), Value::Object(inner_map));",
                  "    let variant = SerializeStructVariant { name, map };",
                  "    let _ = variant.end();",
                  "    let name = String::from(\"variant6\");",
                  "    let mut inner_map = Map::new();",
                  "    inner_map.insert(String::from(\"inner_key\"), Value::Bool(false));",
                  "    let mut map = Map::new();",
                  "    map.insert(String::from(\"key6\"), Value::Object(inner_map));",
                  "    let variant = SerializeStructVariant { name, map };",
                  "    let result = variant.end();",
                  "    assert!(result.is_ok());",
                  "}"
                ],
                [
                  "{",
                  "    let name = String::from(\"variant6\");",
                  "    let mut inner_map = Map::new();",
                  "    inner_map.insert(String::from(\"inner_key\"), Value::Bool(false));",
                  "    let mut map = Map::new();",
                  "    map.insert(String::from(\"key6\"), Value::Object(inner_map));",
                  "    let variant = SerializeStructVariant { name, map };",
                  "    let _ = variant.end();",
                  "    let name = String::from(\"variant6\");",
                  "    let mut inner_map = Map::new();",
                  "    inner_map.insert(String::from(\"inner_key\"), Value::Bool(false));",
                  "    let mut map = Map::new();",
                  "    map.insert(String::from(\"key6\"), Value::Object(inner_map));",
                  "    let variant = SerializeStructVariant { name, map };",
                  "    let result = variant.end();",
                  "    if let Ok(Value::Object(object)) = result {",
                  "    assert!(object.len() == 1);",
                  "}"
                ],
                [
                  "{",
                  "    let name = String::from(\"variant6\");",
                  "    let mut inner_map = Map::new();",
                  "    inner_map.insert(String::from(\"inner_key\"), Value::Bool(false));",
                  "    let mut map = Map::new();",
                  "    map.insert(String::from(\"key6\"), Value::Object(inner_map));",
                  "    let variant = SerializeStructVariant { name, map };",
                  "    let _ = variant.end();",
                  "    let name = String::from(\"variant6\");",
                  "    let mut inner_map = Map::new();",
                  "    inner_map.insert(String::from(\"inner_key\"), Value::Bool(false));",
                  "    let mut map = Map::new();",
                  "    map.insert(String::from(\"key6\"), Value::Object(inner_map));",
                  "    let variant = SerializeStructVariant { name, map };",
                  "    let result = variant.end();",
                  "    if let Ok(Value::Object(object)) = result {",
                  "    assert!(object.contains_key(\"variant6\"));",
                  "}"
                ],
                [
                  "{",
                  "    let name = String::from(\"variant6\");",
                  "    let mut inner_map = Map::new();",
                  "    inner_map.insert(String::from(\"inner_key\"), Value::Bool(false));",
                  "    let mut map = Map::new();",
                  "    map.insert(String::from(\"key6\"), Value::Object(inner_map));",
                  "    let variant = SerializeStructVariant { name, map };",
                  "    let _ = variant.end();",
                  "    let name = String::from(\"variant6\");",
                  "    let mut inner_map = Map::new();",
                  "    inner_map.insert(String::from(\"inner_key\"), Value::Bool(false));",
                  "    let mut map = Map::new();",
                  "    map.insert(String::from(\"key6\"), Value::Object(inner_map));",
                  "    let variant = SerializeStructVariant { name, map };",
                  "    let result = variant.end();",
                  "    if let Ok(Value::Object(object)) = result {",
                  "    assert!(matches!(object.get(\"variant6\"), Some(Value::Object(_))));",
                  "}"
                ]
              ],
              "can_compile": [
                {
                  "Err": "   Compiling proc-macro2 v1.0.95\n   Compiling serde v1.0.219\n   Compiling syn v1.0.109\n   Compiling libc v0.2.172\n   Compiling serde_json v1.0.140\n   Compiling target-triple v0.1.4\n   Compiling ref-cast v1.0.24\n   Compiling rustversion v1.0.20\n   Compiling serde_json v1.0.140 (/home/abezbm/rust-utgen-test-crates-new/json)\n   Compiling psm v0.1.26\n   Compiling stacker v0.1.21\n   Compiling quote v1.0.40\n   Compiling syn v2.0.101\n   Compiling serde_derive v1.0.219\n   Compiling ref-cast-impl v1.0.24\n   Compiling automod v1.0.15\n   Compiling ntest_timeout v0.9.3\n   Compiling ntest_test_cases v0.9.3\n   Compiling ntest v0.9.3\n   Compiling toml_datetime v0.6.9\n   Compiling serde_spanned v0.6.8\n   Compiling serde_bytes v0.11.17\n   Compiling serde_stacker v0.1.12\n   Compiling toml_edit v0.22.25\n   Compiling toml v0.8.21\n   Compiling trybuild v1.0.104\nwarning: unused import: `ntest::timeout`\n    --> src/value/ser.rs:1067:8\n     |\n1067 |    use ntest::timeout;\n     |        ^^^^^^^^^^^^^^\n     |\n     = note: `#[warn(unused_imports)]` on by default\n\nerror[E0599]: no method named `end` found for struct `value::ser::SerializeStructVariant` in the current scope\n    --> src/value/ser.rs:1077:21\n     |\n322  | pub struct SerializeStructVariant {\n     | --------------------------------- method `end` not found for this struct\n...\n1077 |     let _ = variant.end();\n     |                     ^^^ method not found in `SerializeStructVariant`\n     |\n    ::: /home/abezbm/.cargo/registry/src/index.crates.io-6f17d22bba15001f/serde-1.0.219/src/ser/mod.rs:1942:8\n     |\n1942 |     fn end(self) -> Result<Self::Ok, Self::Error>;\n     |        --- the method is available for `value::ser::SerializeStructVariant` here\n     |\n     = help: items from traits can only be used if the trait is in scope\nhelp: trait `SerializeStructVariant` which provides `end` is implemented but not in scope; perhaps you want to import it\n     |\n1066 +    use serde::ser::SerializeStructVariant;\n     |\n\nerror[E0599]: no method named `end` found for struct `value::ser::SerializeStructVariant` in the current scope\n    --> src/value/ser.rs:1084:26\n     |\n322  | pub struct SerializeStructVariant {\n     | --------------------------------- method `end` not found for this struct\n...\n1084 |     let result = variant.end();\n     |                          ^^^ method not found in `SerializeStructVariant`\n     |\n    ::: /home/abezbm/.cargo/registry/src/index.crates.io-6f17d22bba15001f/serde-1.0.219/src/ser/mod.rs:1942:8\n     |\n1942 |     fn end(self) -> Result<Self::Ok, Self::Error>;\n     |        --- the method is available for `value::ser::SerializeStructVariant` here\n     |\n     = help: items from traits can only be used if the trait is in scope\nhelp: trait `SerializeStructVariant` which provides `end` is implemented but not in scope; perhaps you want to import it\n     |\n1066 +    use serde::ser::SerializeStructVariant;\n     |\n\nFor more information about this error, try `rustc --explain E0599`.\nwarning: `serde_json` (lib test) generated 1 warning\nerror: could not compile `serde_json` (lib test) due to 2 previous errors; 1 warning emitted\n"
                },
                {
                  "Err": "   Compiling proc-macro2 v1.0.95\n   Compiling serde v1.0.219\n   Compiling syn v1.0.109\n   Compiling libc v0.2.172\n   Compiling serde_json v1.0.140\n   Compiling target-triple v0.1.4\n   Compiling rustversion v1.0.20\n   Compiling ref-cast v1.0.24\n   Compiling serde_json v1.0.140 (/home/abezbm/rust-utgen-test-crates-new/json)\n   Compiling psm v0.1.26\n   Compiling stacker v0.1.21\n   Compiling quote v1.0.40\n   Compiling syn v2.0.101\n   Compiling serde_derive v1.0.219\n   Compiling ref-cast-impl v1.0.24\n   Compiling automod v1.0.15\n   Compiling ntest_test_cases v0.9.3\n   Compiling ntest_timeout v0.9.3\n   Compiling ntest v0.9.3\n   Compiling serde_spanned v0.6.8\n   Compiling toml_datetime v0.6.9\n   Compiling serde_stacker v0.1.12\n   Compiling serde_bytes v0.11.17\n   Compiling toml_edit v0.22.25\n   Compiling toml v0.8.21\n   Compiling trybuild v1.0.104\nerror: this file contains an unclosed delimiter\n    --> src/value/ser.rs:1088:3\n     |\n1065 | mod llmtests {\n     |              - unclosed delimiter\n...\n1088 | }\n     |   ^\n\nerror: could not compile `serde_json` (lib test) due to 1 previous error\n"
                },
                {
                  "Err": "   Compiling proc-macro2 v1.0.95\n   Compiling serde v1.0.219\n   Compiling syn v1.0.109\n   Compiling libc v0.2.172\n   Compiling serde_json v1.0.140\n   Compiling target-triple v0.1.4\n   Compiling rustversion v1.0.20\n   Compiling ref-cast v1.0.24\n   Compiling serde_json v1.0.140 (/home/abezbm/rust-utgen-test-crates-new/json)\n   Compiling psm v0.1.26\n   Compiling stacker v0.1.21\n   Compiling quote v1.0.40\n   Compiling syn v2.0.101\n   Compiling serde_derive v1.0.219\n   Compiling ref-cast-impl v1.0.24\n   Compiling automod v1.0.15\n   Compiling ntest_timeout v0.9.3\n   Compiling ntest_test_cases v0.9.3\n   Compiling ntest v0.9.3\n   Compiling toml_datetime v0.6.9\n   Compiling serde_spanned v0.6.8\n   Compiling serde_stacker v0.1.12\n   Compiling serde_bytes v0.11.17\n   Compiling toml_edit v0.22.25\n   Compiling toml v0.8.21\n   Compiling trybuild v1.0.104\nerror: this file contains an unclosed delimiter\n    --> src/value/ser.rs:1088:3\n     |\n1065 | mod llmtests {\n     |              - unclosed delimiter\n...\n1088 | }\n     |   ^\n\nerror: could not compile `serde_json` (lib test) due to 1 previous error\n"
                },
                {
                  "Err": "   Compiling proc-macro2 v1.0.95\n   Compiling serde v1.0.219\n   Compiling syn v1.0.109\n   Compiling libc v0.2.172\n   Compiling serde_json v1.0.140\n   Compiling target-triple v0.1.4\n   Compiling rustversion v1.0.20\n   Compiling ref-cast v1.0.24\n   Compiling serde_json v1.0.140 (/home/abezbm/rust-utgen-test-crates-new/json)\n   Compiling psm v0.1.26\n   Compiling stacker v0.1.21\n   Compiling quote v1.0.40\n   Compiling syn v2.0.101\n   Compiling serde_derive v1.0.219\n   Compiling ref-cast-impl v1.0.24\n   Compiling automod v1.0.15\n   Compiling ntest_timeout v0.9.3\n   Compiling ntest_test_cases v0.9.3\n   Compiling ntest v0.9.3\n   Compiling toml_datetime v0.6.9\n   Compiling serde_spanned v0.6.8\n   Compiling serde_stacker v0.1.12\n   Compiling serde_bytes v0.11.17\n   Compiling toml_edit v0.22.25\n   Compiling toml v0.8.21\n   Compiling trybuild v1.0.104\nerror: this file contains an unclosed delimiter\n    --> src/value/ser.rs:1088:3\n     |\n1065 | mod llmtests {\n     |              - unclosed delimiter\n...\n1088 | }\n     |   ^\n\nerror: could not compile `serde_json` (lib test) due to 1 previous error\n"
                }
              ],
              "repaired": [
                false,
                false,
                false,
                false
              ]
            },
            {
              "attrs": [],
              "prefix": [
                "{",
                "    let name = String::from(\"a\".repeat(255));",
                "    let mut map = Map::new();",
                "    map.insert(String::from(\"key_max\"), Value::String(String::from(\"max_length_test\")));",
                "    let variant = SerializeStructVariant { name, map };",
                "    let _ = variant.end();",
                "}"
              ],
              "oracles": [
                [
                  "    let name = String::from(\"a\".repeat(255));",
                  "    let mut map = Map::new();",
                  "    map.insert(String::from(\"key_max\"), Value::String(String::from(\"max_length_test\")));",
                  "    let variant = SerializeStructVariant { name, map };",
                  "    let result = variant.end();",
                  "    assert!(result.is_ok());"
                ],
                [
                  "    let name = String::from(\"a\".repeat(255));",
                  "    let mut map = Map::new();",
                  "    map.insert(String::from(\"key_max\"), Value::String(String::from(\"max_length_test\")));",
                  "    let variant = SerializeStructVariant { name, map };",
                  "    let result = variant.end();",
                  "    let value = result.unwrap();",
                  "    assert!(matches!(value, Value::Object(_)));"
                ]
              ],
              "codes": [
                [
                  "{",
                  "    let name = String::from(\"a\".repeat(255));",
                  "    let mut map = Map::new();",
                  "    map.insert(String::from(\"key_max\"), Value::String(String::from(\"max_length_test\")));",
                  "    let variant = SerializeStructVariant { name, map };",
                  "    let _ = variant.end();",
                  "    let name = String::from(\"a\".repeat(255));",
                  "    let mut map = Map::new();",
                  "    map.insert(String::from(\"key_max\"), Value::String(String::from(\"max_length_test\")));",
                  "    let variant = SerializeStructVariant { name, map };",
                  "    let result = variant.end();",
                  "    assert!(result.is_ok());",
                  "}"
                ],
                [
                  "{",
                  "    let name = String::from(\"a\".repeat(255));",
                  "    let mut map = Map::new();",
                  "    map.insert(String::from(\"key_max\"), Value::String(String::from(\"max_length_test\")));",
                  "    let variant = SerializeStructVariant { name, map };",
                  "    let _ = variant.end();",
                  "    let name = String::from(\"a\".repeat(255));",
                  "    let mut map = Map::new();",
                  "    map.insert(String::from(\"key_max\"), Value::String(String::from(\"max_length_test\")));",
                  "    let variant = SerializeStructVariant { name, map };",
                  "    let result = variant.end();",
                  "    let value = result.unwrap();",
                  "    assert!(matches!(value, Value::Object(_)));",
                  "}"
                ]
              ],
              "can_compile": [
                {
                  "Err": "   Compiling proc-macro2 v1.0.95\n   Compiling serde v1.0.219\n   Compiling syn v1.0.109\n   Compiling libc v0.2.172\n   Compiling serde_json v1.0.140\n   Compiling target-triple v0.1.4\n   Compiling rustversion v1.0.20\n   Compiling psm v0.1.26\n   Compiling stacker v0.1.21\n   Compiling ref-cast v1.0.24\n   Compiling serde_json v1.0.140 (/home/abezbm/rust-utgen-test-crates-new/json)\n   Compiling quote v1.0.40\n   Compiling syn v2.0.101\n   Compiling serde_derive v1.0.219\n   Compiling ref-cast-impl v1.0.24\n   Compiling automod v1.0.15\n   Compiling ntest_test_cases v0.9.3\n   Compiling ntest_timeout v0.9.3\n   Compiling ntest v0.9.3\n   Compiling serde_spanned v0.6.8\n   Compiling toml_datetime v0.6.9\n   Compiling serde_bytes v0.11.17\n   Compiling serde_stacker v0.1.12\n   Compiling toml_edit v0.22.25\n   Compiling toml v0.8.21\n   Compiling trybuild v1.0.104\nwarning: unused import: `ntest::timeout`\n    --> src/value/ser.rs:1067:8\n     |\n1067 |    use ntest::timeout;\n     |        ^^^^^^^^^^^^^^\n     |\n     = note: `#[warn(unused_imports)]` on by default\n\nerror[E0599]: no method named `end` found for struct `value::ser::SerializeStructVariant` in the current scope\n    --> src/value/ser.rs:1075:21\n     |\n322  | pub struct SerializeStructVariant {\n     | --------------------------------- method `end` not found for this struct\n...\n1075 |     let _ = variant.end();\n     |                     ^^^ method not found in `SerializeStructVariant`\n     |\n    ::: /home/abezbm/.cargo/registry/src/index.crates.io-6f17d22bba15001f/serde-1.0.219/src/ser/mod.rs:1942:8\n     |\n1942 |     fn end(self) -> Result<Self::Ok, Self::Error>;\n     |        --- the method is available for `value::ser::SerializeStructVariant` here\n     |\n     = help: items from traits can only be used if the trait is in scope\nhelp: trait `SerializeStructVariant` which provides `end` is implemented but not in scope; perhaps you want to import it\n     |\n1066 +    use serde::ser::SerializeStructVariant;\n     |\n\nerror[E0599]: no method named `end` found for struct `value::ser::SerializeStructVariant` in the current scope\n    --> src/value/ser.rs:1080:26\n     |\n322  | pub struct SerializeStructVariant {\n     | --------------------------------- method `end` not found for this struct\n...\n1080 |     let result = variant.end();\n     |                          ^^^ method not found in `SerializeStructVariant`\n     |\n    ::: /home/abezbm/.cargo/registry/src/index.crates.io-6f17d22bba15001f/serde-1.0.219/src/ser/mod.rs:1942:8\n     |\n1942 |     fn end(self) -> Result<Self::Ok, Self::Error>;\n     |        --- the method is available for `value::ser::SerializeStructVariant` here\n     |\n     = help: items from traits can only be used if the trait is in scope\nhelp: trait `SerializeStructVariant` which provides `end` is implemented but not in scope; perhaps you want to import it\n     |\n1066 +    use serde::ser::SerializeStructVariant;\n     |\n\nFor more information about this error, try `rustc --explain E0599`.\nwarning: `serde_json` (lib test) generated 1 warning\nerror: could not compile `serde_json` (lib test) due to 2 previous errors; 1 warning emitted\n"
                },
                {
                  "Err": "   Compiling proc-macro2 v1.0.95\n   Compiling serde v1.0.219\n   Compiling syn v1.0.109\n   Compiling libc v0.2.172\n   Compiling serde_json v1.0.140\n   Compiling target-triple v0.1.4\n   Compiling ref-cast v1.0.24\n   Compiling rustversion v1.0.20\n   Compiling serde_json v1.0.140 (/home/abezbm/rust-utgen-test-crates-new/json)\n   Compiling psm v0.1.26\n   Compiling stacker v0.1.21\n   Compiling quote v1.0.40\n   Compiling syn v2.0.101\n   Compiling serde_derive v1.0.219\n   Compiling ref-cast-impl v1.0.24\n   Compiling automod v1.0.15\n   Compiling ntest_timeout v0.9.3\n   Compiling ntest_test_cases v0.9.3\n   Compiling ntest v0.9.3\n   Compiling serde_spanned v0.6.8\n   Compiling toml_datetime v0.6.9\n   Compiling serde_bytes v0.11.17\n   Compiling serde_stacker v0.1.12\n   Compiling toml_edit v0.22.25\n   Compiling toml v0.8.21\n   Compiling trybuild v1.0.104\nwarning: unused import: `ntest::timeout`\n    --> src/value/ser.rs:1067:8\n     |\n1067 |    use ntest::timeout;\n     |        ^^^^^^^^^^^^^^\n     |\n     = note: `#[warn(unused_imports)]` on by default\n\nerror[E0599]: no method named `end` found for struct `value::ser::SerializeStructVariant` in the current scope\n    --> src/value/ser.rs:1075:21\n     |\n322  | pub struct SerializeStructVariant {\n     | --------------------------------- method `end` not found for this struct\n...\n1075 |     let _ = variant.end();\n     |                     ^^^ method not found in `SerializeStructVariant`\n     |\n    ::: /home/abezbm/.cargo/registry/src/index.crates.io-6f17d22bba15001f/serde-1.0.219/src/ser/mod.rs:1942:8\n     |\n1942 |     fn end(self) -> Result<Self::Ok, Self::Error>;\n     |        --- the method is available for `value::ser::SerializeStructVariant` here\n     |\n     = help: items from traits can only be used if the trait is in scope\nhelp: trait `SerializeStructVariant` which provides `end` is implemented but not in scope; perhaps you want to import it\n     |\n1066 +    use serde::ser::SerializeStructVariant;\n     |\n\nerror[E0599]: no method named `end` found for struct `value::ser::SerializeStructVariant` in the current scope\n    --> src/value/ser.rs:1080:26\n     |\n322  | pub struct SerializeStructVariant {\n     | --------------------------------- method `end` not found for this struct\n...\n1080 |     let result = variant.end();\n     |                          ^^^ method not found in `SerializeStructVariant`\n     |\n    ::: /home/abezbm/.cargo/registry/src/index.crates.io-6f17d22bba15001f/serde-1.0.219/src/ser/mod.rs:1942:8\n     |\n1942 |     fn end(self) -> Result<Self::Ok, Self::Error>;\n     |        --- the method is available for `value::ser::SerializeStructVariant` here\n     |\n     = help: items from traits can only be used if the trait is in scope\nhelp: trait `SerializeStructVariant` which provides `end` is implemented but not in scope; perhaps you want to import it\n     |\n1066 +    use serde::ser::SerializeStructVariant;\n     |\n\nFor more information about this error, try `rustc --explain E0599`.\nwarning: `serde_json` (lib test) generated 1 warning\nerror: could not compile `serde_json` (lib test) due to 2 previous errors; 1 warning emitted\n"
                }
              ],
              "repaired": [
                false,
                false
              ]
            }
          ]
        }
      ]
    }
  ]
}