{
  "name": "serde_json::value::<value::Value as std::fmt::Display>::fmt",
  "name_with_impl": "serde_json::value::{impl#1}::fmt",
  "mod_info": {
    "name": "value",
    "loc": "src/lib.rs:426:1:426:15"
  },
  "visible": true,
  "loc": "src/value/mod.rs:222:5:256:6",
  "fn_tests": [
    {
      "chain_id": 1,
      "prompt_conds": [
        "// constraint: alternate is true\n"
      ],
      "input_infer": "Test input ranges: { \"city\": \"Valid City Name\", \"street\": \"Valid Street Name\" } where both field values are non-empty valid UTF-8 strings.\n",
      "answers": [
        {
          "uses": [],
          "has_test_mod": false,
          "common": [],
          "chain_tests": [
            {
              "attrs": [],
              "prefix": [
                "{",
                "    let json = Value::Object(Map {",
                "        map: MapImpl::new(vec![",
                "            (String::from(\"city\"), Value::String(String::from(\"London\"))),",
                "            (String::from(\"street\"), Value::String(String::from(\"10 Downing Street\"))),",
                "        ]),",
                "    });",
                "    let _ = format!(\"{:#}\", json);",
                "}"
              ],
              "oracles": [
                [
                  "    let json = Value::Object(Map { map: MapImpl::new(vec![(String::from(\"city\"), Value::String(String::from(\"London\"))), (String::from(\"street\"), Value::String(String::from(\"10 Downing Street\")))]) });",
                  "    let pretty = format!(\"{:#}\", json);",
                  "    assert_eq!(pretty, \"{\\n  \\\"city\\\": \\\"London\\\",\\n  \\\"street\\\": \\\"10 Downing Street\\\"\\n}\");"
                ]
              ],
              "codes": [
                [
                  "{",
                  "    let json = Value::Object(Map {",
                  "        map: MapImpl::new(vec![",
                  "            (String::from(\"city\"), Value::String(String::from(\"London\"))),",
                  "            (String::from(\"street\"), Value::String(String::from(\"10 Downing Street\"))),",
                  "        ]),",
                  "    });",
                  "    let _ = format!(\"{:#}\", json);",
                  "    let json = Value::Object(Map { map: MapImpl::new(vec![(String::from(\"city\"), Value::String(String::from(\"London\"))), (String::from(\"street\"), Value::String(String::from(\"10 Downing Street\")))]) });",
                  "    let pretty = format!(\"{:#}\", json);",
                  "    assert_eq!(pretty, \"{\\n  \\\"city\\\": \\\"London\\\",\\n  \\\"street\\\": \\\"10 Downing Street\\\"\\n}\");",
                  "}"
                ]
              ],
              "can_compile": [
                {
                  "Err": "   Compiling proc-macro2 v1.0.95\n   Compiling serde v1.0.219\n   Compiling syn v1.0.109\n   Compiling libc v0.2.172\n   Compiling serde_json v1.0.140\n   Compiling target-triple v0.1.4\n   Compiling ref-cast v1.0.24\n   Compiling rustversion v1.0.20\n   Compiling serde_json v1.0.140 (/home/abezbm/rust-utgen-test-crates-new/json)\n   Compiling psm v0.1.26\n   Compiling stacker v0.1.21\n   Compiling quote v1.0.40\n   Compiling syn v2.0.101\n   Compiling serde_derive v1.0.219\n   Compiling ref-cast-impl v1.0.24\n   Compiling automod v1.0.15\n   Compiling ntest_test_cases v0.9.3\n   Compiling ntest_timeout v0.9.3\n   Compiling ntest v0.9.3\n   Compiling serde_spanned v0.6.8\n   Compiling toml_datetime v0.6.9\n   Compiling serde_bytes v0.11.17\n   Compiling serde_stacker v0.1.12\n   Compiling toml_edit v0.22.25\n   Compiling toml v0.8.21\n   Compiling trybuild v1.0.104\nerror[E0433]: failed to resolve: use of undeclared type `MapImpl`\n    --> src/value/mod.rs:1044:14\n     |\n1044 |         map: MapImpl::new(vec![\n     |              ^^^^^^^ use of undeclared type `MapImpl`\n     |\nnote: type alias `crate::map::MapImpl` exists but is inaccessible\n    --> src/map.rs:34:1\n     |\n34   | type MapImpl<K, V> = BTreeMap<K, V>;\n     | ^^^^^^^^^^^^^^^^^^^^^^^^^^^^^^^^^^^^ not accessible\n\nerror[E0433]: failed to resolve: use of undeclared type `MapImpl`\n    --> src/value/mod.rs:1050:41\n     |\n1050 |     let json = Value::Object(Map { map: MapImpl::new(vec![(String::from(\"city\"), Value::String(String::from(\"London\"))), (String::from(\"s...\n     |                                         ^^^^^^^ use of undeclared type `MapImpl`\n     |\nnote: type alias `crate::map::MapImpl` exists but is inaccessible\n    --> src/map.rs:34:1\n     |\n34   | type MapImpl<K, V> = BTreeMap<K, V>;\n     | ^^^^^^^^^^^^^^^^^^^^^^^^^^^^^^^^^^^^ not accessible\n\nwarning: unused import: `ntest::timeout`\n    --> src/value/mod.rs:1039:8\n     |\n1039 |    use ntest::timeout;\n     |        ^^^^^^^^^^^^^^\n     |\n     = note: `#[warn(unused_imports)]` on by default\n\nFor more information about this error, try `rustc --explain E0433`.\nwarning: `serde_json` (lib test) generated 1 warning\nerror: could not compile `serde_json` (lib test) due to 2 previous errors; 1 warning emitted\n"
                }
              ],
              "repaired": [
                false
              ]
            },
            {
              "attrs": [],
              "prefix": [
                "{",
                "    let json = Value::Object(Map {",
                "        map: MapImpl::new(vec![",
                "            (String::from(\"city\"), Value::String(String::from(\"New York\"))),",
                "            (String::from(\"street\"), Value::String(String::from(\"5th Avenue\"))),",
                "        ]),",
                "    });",
                "    let _ = format!(\"{:#}\", json);",
                "}"
              ],
              "oracles": [
                [
                  "    let json = Value::Object(Map { map: MapImpl::new(vec![(String::from(\"city\"), Value::String(String::from(\"New York\"))), (String::from(\"street\"), Value::String(String::from(\"5th Avenue\")))]) });",
                  "    let pretty = format!(\"{:#}\", json);",
                  "    assert_eq!(pretty, \"{\\n  \\\"city\\\": \\\"New York\\\",\\n  \\\"street\\\": \\\"5th Avenue\\\"\\n}\");"
                ]
              ],
              "codes": [
                [
                  "{",
                  "    let json = Value::Object(Map {",
                  "        map: MapImpl::new(vec![",
                  "            (String::from(\"city\"), Value::String(String::from(\"New York\"))),",
                  "            (String::from(\"street\"), Value::String(String::from(\"5th Avenue\"))),",
                  "        ]),",
                  "    });",
                  "    let _ = format!(\"{:#}\", json);",
                  "    let json = Value::Object(Map { map: MapImpl::new(vec![(String::from(\"city\"), Value::String(String::from(\"New York\"))), (String::from(\"street\"), Value::String(String::from(\"5th Avenue\")))]) });",
                  "    let pretty = format!(\"{:#}\", json);",
                  "    assert_eq!(pretty, \"{\\n  \\\"city\\\": \\\"New York\\\",\\n  \\\"street\\\": \\\"5th Avenue\\\"\\n}\");",
                  "}"
                ]
              ],
              "can_compile": [
                {
                  "Err": "   Compiling proc-macro2 v1.0.95\n   Compiling serde v1.0.219\n   Compiling syn v1.0.109\n   Compiling libc v0.2.172\n   Compiling target-triple v0.1.4\n   Compiling serde_json v1.0.140\n   Compiling ref-cast v1.0.24\n   Compiling rustversion v1.0.20\n   Compiling serde_json v1.0.140 (/home/abezbm/rust-utgen-test-crates-new/json)\n   Compiling psm v0.1.26\n   Compiling stacker v0.1.21\n   Compiling quote v1.0.40\n   Compiling syn v2.0.101\n   Compiling serde_derive v1.0.219\n   Compiling ref-cast-impl v1.0.24\n   Compiling automod v1.0.15\n   Compiling ntest_test_cases v0.9.3\n   Compiling ntest_timeout v0.9.3\n   Compiling ntest v0.9.3\n   Compiling toml_datetime v0.6.9\n   Compiling serde_spanned v0.6.8\n   Compiling serde_bytes v0.11.17\n   Compiling serde_stacker v0.1.12\n   Compiling toml_edit v0.22.25\n   Compiling toml v0.8.21\n   Compiling trybuild v1.0.104\nerror[E0433]: failed to resolve: use of undeclared type `MapImpl`\n    --> src/value/mod.rs:1044:14\n     |\n1044 |         map: MapImpl::new(vec![\n     |              ^^^^^^^ use of undeclared type `MapImpl`\n     |\nnote: type alias `crate::map::MapImpl` exists but is inaccessible\n    --> src/map.rs:34:1\n     |\n34   | type MapImpl<K, V> = BTreeMap<K, V>;\n     | ^^^^^^^^^^^^^^^^^^^^^^^^^^^^^^^^^^^^ not accessible\n\nerror[E0433]: failed to resolve: use of undeclared type `MapImpl`\n    --> src/value/mod.rs:1050:41\n     |\n1050 |     let json = Value::Object(Map { map: MapImpl::new(vec![(String::from(\"city\"), Value::String(String::from(\"New York\"))), (String::from(...\n     |                                         ^^^^^^^ use of undeclared type `MapImpl`\n     |\nnote: type alias `crate::map::MapImpl` exists but is inaccessible\n    --> src/map.rs:34:1\n     |\n34   | type MapImpl<K, V> = BTreeMap<K, V>;\n     | ^^^^^^^^^^^^^^^^^^^^^^^^^^^^^^^^^^^^ not accessible\n\nwarning: unused import: `ntest::timeout`\n    --> src/value/mod.rs:1039:8\n     |\n1039 |    use ntest::timeout;\n     |        ^^^^^^^^^^^^^^\n     |\n     = note: `#[warn(unused_imports)]` on by default\n\nFor more information about this error, try `rustc --explain E0433`.\nwarning: `serde_json` (lib test) generated 1 warning\nerror: could not compile `serde_json` (lib test) due to 2 previous errors; 1 warning emitted\n"
                }
              ],
              "repaired": [
                false
              ]
            },
            {
              "attrs": [],
              "prefix": [
                "{",
                "    let json = Value::Object(Map {",
                "        map: MapImpl::new(vec![",
                "            (String::from(\"city\"), Value::String(String::from(\"\"))),",
                "            (String::from(\"street\"), Value::String(String::from(\"\"))),",
                "        ]),",
                "    });",
                "    let _ = format!(\"{:#}\", json);",
                "}"
              ],
              "oracles": [
                [
                  "    let json = Value::Object(Map { map: MapImpl::new(vec![(String::from(\"city\"), Value::String(String::from(\"\"))), (String::from(\"street\"), Value::String(String::from(\"\")))]) });",
                  "    assert_eq!(format!(\"{:#}\", json), \"{\\n  \\\"city\\\": \\\"\\\",\\n  \\\"street\\\": \\\"\\\"\\n}\");"
                ]
              ],
              "codes": [
                [
                  "{",
                  "    let json = Value::Object(Map {",
                  "        map: MapImpl::new(vec![",
                  "            (String::from(\"city\"), Value::String(String::from(\"\"))),",
                  "            (String::from(\"street\"), Value::String(String::from(\"\"))),",
                  "        ]),",
                  "    });",
                  "    let _ = format!(\"{:#}\", json);",
                  "    let json = Value::Object(Map { map: MapImpl::new(vec![(String::from(\"city\"), Value::String(String::from(\"\"))), (String::from(\"street\"), Value::String(String::from(\"\")))]) });",
                  "    assert_eq!(format!(\"{:#}\", json), \"{\\n  \\\"city\\\": \\\"\\\",\\n  \\\"street\\\": \\\"\\\"\\n}\");",
                  "}"
                ]
              ],
              "can_compile": [
                {
                  "Err": "   Compiling proc-macro2 v1.0.95\n   Compiling serde v1.0.219\n   Compiling syn v1.0.109\n   Compiling libc v0.2.172\n   Compiling target-triple v0.1.4\n   Compiling serde_json v1.0.140\n   Compiling rustversion v1.0.20\n   Compiling ref-cast v1.0.24\n   Compiling serde_json v1.0.140 (/home/abezbm/rust-utgen-test-crates-new/json)\n   Compiling psm v0.1.26\n   Compiling stacker v0.1.21\n   Compiling quote v1.0.40\n   Compiling syn v2.0.101\n   Compiling serde_derive v1.0.219\n   Compiling ref-cast-impl v1.0.24\n   Compiling automod v1.0.15\n   Compiling ntest_test_cases v0.9.3\n   Compiling ntest_timeout v0.9.3\n   Compiling ntest v0.9.3\n   Compiling serde_spanned v0.6.8\n   Compiling toml_datetime v0.6.9\n   Compiling serde_bytes v0.11.17\n   Compiling serde_stacker v0.1.12\n   Compiling toml_edit v0.22.25\n   Compiling toml v0.8.21\n   Compiling trybuild v1.0.104\nerror[E0433]: failed to resolve: use of undeclared type `MapImpl`\n    --> src/value/mod.rs:1044:14\n     |\n1044 |         map: MapImpl::new(vec![\n     |              ^^^^^^^ use of undeclared type `MapImpl`\n     |\nnote: type alias `crate::map::MapImpl` exists but is inaccessible\n    --> src/map.rs:34:1\n     |\n34   | type MapImpl<K, V> = BTreeMap<K, V>;\n     | ^^^^^^^^^^^^^^^^^^^^^^^^^^^^^^^^^^^^ not accessible\n\nerror[E0433]: failed to resolve: use of undeclared type `MapImpl`\n    --> src/value/mod.rs:1050:41\n     |\n1050 |     let json = Value::Object(Map { map: MapImpl::new(vec![(String::from(\"city\"), Value::String(String::from(\"\"))), (String::from(\"street\"...\n     |                                         ^^^^^^^ use of undeclared type `MapImpl`\n     |\nnote: type alias `crate::map::MapImpl` exists but is inaccessible\n    --> src/map.rs:34:1\n     |\n34   | type MapImpl<K, V> = BTreeMap<K, V>;\n     | ^^^^^^^^^^^^^^^^^^^^^^^^^^^^^^^^^^^^ not accessible\n\nwarning: unused import: `ntest::timeout`\n    --> src/value/mod.rs:1039:8\n     |\n1039 |    use ntest::timeout;\n     |        ^^^^^^^^^^^^^^\n     |\n     = note: `#[warn(unused_imports)]` on by default\n\nFor more information about this error, try `rustc --explain E0433`.\nwarning: `serde_json` (lib test) generated 1 warning\nerror: could not compile `serde_json` (lib test) due to 2 previous errors; 1 warning emitted\n"
                }
              ],
              "repaired": [
                false
              ]
            },
            {
              "attrs": [],
              "prefix": [
                "{",
                "    let json = Value::Object(Map {",
                "        map: MapImpl::new(vec![",
                "            (String::from(\"city\"), Value::String(String::from(\"Café\"))),",
                "            (String::from(\"street\"), Value::String(String::from(\"Baker St.\"))),",
                "        ]),",
                "    });",
                "    let _ = format!(\"{:#}\", json);",
                "}"
              ],
              "oracles": [
                [
                  "    let json = Value::Object(Map {",
                  "    map: MapImpl::new(vec![",
                  "    (String::from(\"city\"), Value::String(String::from(\"Café\"))),",
                  "    (String::from(\"street\"), Value::String(String::from(\"Baker St.\"))),",
                  "    ]),",
                  "    });",
                  "    let pretty = format!(\"{:#}\", json);",
                  "    assert_eq!(pretty, \"{\\n  \\\"city\\\": \\\"Café\\\",\\n  \\\"street\\\": \\\"Baker St.\\\"\\n}\");"
                ]
              ],
              "codes": [
                [
                  "{",
                  "    let json = Value::Object(Map {",
                  "        map: MapImpl::new(vec![",
                  "            (String::from(\"city\"), Value::String(String::from(\"Café\"))),",
                  "            (String::from(\"street\"), Value::String(String::from(\"Baker St.\"))),",
                  "        ]),",
                  "    });",
                  "    let _ = format!(\"{:#}\", json);",
                  "    let json = Value::Object(Map {",
                  "    map: MapImpl::new(vec![",
                  "    (String::from(\"city\"), Value::String(String::from(\"Café\"))),",
                  "    (String::from(\"street\"), Value::String(String::from(\"Baker St.\"))),",
                  "    ]),",
                  "    });",
                  "    let pretty = format!(\"{:#}\", json);",
                  "    assert_eq!(pretty, \"{\\n  \\\"city\\\": \\\"Café\\\",\\n  \\\"street\\\": \\\"Baker St.\\\"\\n}\");",
                  "}"
                ]
              ],
              "can_compile": [
                {
                  "Err": "   Compiling proc-macro2 v1.0.95\n   Compiling serde v1.0.219\n   Compiling syn v1.0.109\n   Compiling libc v0.2.172\n   Compiling target-triple v0.1.4\n   Compiling serde_json v1.0.140\n   Compiling rustversion v1.0.20\n   Compiling ref-cast v1.0.24\n   Compiling serde_json v1.0.140 (/home/abezbm/rust-utgen-test-crates-new/json)\n   Compiling psm v0.1.26\n   Compiling stacker v0.1.21\n   Compiling quote v1.0.40\n   Compiling syn v2.0.101\n   Compiling serde_derive v1.0.219\n   Compiling ref-cast-impl v1.0.24\n   Compiling automod v1.0.15\n   Compiling ntest_test_cases v0.9.3\n   Compiling ntest_timeout v0.9.3\n   Compiling ntest v0.9.3\n   Compiling toml_datetime v0.6.9\n   Compiling serde_spanned v0.6.8\n   Compiling serde_bytes v0.11.17\n   Compiling serde_stacker v0.1.12\n   Compiling toml_edit v0.22.25\n   Compiling toml v0.8.21\n   Compiling trybuild v1.0.104\nerror[E0433]: failed to resolve: use of undeclared type `MapImpl`\n    --> src/value/mod.rs:1044:14\n     |\n1044 |         map: MapImpl::new(vec![\n     |              ^^^^^^^ use of undeclared type `MapImpl`\n     |\nnote: type alias `crate::map::MapImpl` exists but is inaccessible\n    --> src/map.rs:34:1\n     |\n34   | type MapImpl<K, V> = BTreeMap<K, V>;\n     | ^^^^^^^^^^^^^^^^^^^^^^^^^^^^^^^^^^^^ not accessible\n\nerror[E0433]: failed to resolve: use of undeclared type `MapImpl`\n    --> src/value/mod.rs:1051:10\n     |\n1051 |     map: MapImpl::new(vec![\n     |          ^^^^^^^ use of undeclared type `MapImpl`\n     |\nnote: type alias `crate::map::MapImpl` exists but is inaccessible\n    --> src/map.rs:34:1\n     |\n34   | type MapImpl<K, V> = BTreeMap<K, V>;\n     | ^^^^^^^^^^^^^^^^^^^^^^^^^^^^^^^^^^^^ not accessible\n\nwarning: unused import: `ntest::timeout`\n    --> src/value/mod.rs:1039:8\n     |\n1039 |    use ntest::timeout;\n     |        ^^^^^^^^^^^^^^\n     |\n     = note: `#[warn(unused_imports)]` on by default\n\nFor more information about this error, try `rustc --explain E0433`.\nwarning: `serde_json` (lib test) generated 1 warning\nerror: could not compile `serde_json` (lib test) due to 2 previous errors; 1 warning emitted\n"
                }
              ],
              "repaired": [
                false
              ]
            },
            {
              "attrs": [],
              "prefix": [
                "{",
                "    let json = Value::Object(Map {",
                "        map: MapImpl::new(vec![",
                "            (String::from(\"city\"), Value::String(String::from(\"A Very Long City Name That Exceeds Usual Length\"))),",
                "            (String::from(\"street\"), Value::String(String::from(\"A Very Long Street Name That Exceeds Usual Length\"))),",
                "        ]),",
                "    });",
                "    let _ = format!(\"{:#}\", json);",
                "}"
              ],
              "oracles": [
                [
                  "    let json = Value::Object(Map { map: MapImpl::new(vec![(String::from(\"city\"), Value::String(String::from(\"A Very Long City Name That Exceeds Usual Length\"))), (String::from(\"street\"), Value::String(String::from(\"A Very Long Street Name That Exceeds Usual Length\")))]) });",
                  "    let result = format!(\"{:#}\", json);",
                  "    assert!(result.contains(\"\\\"city\\\": \\\"A Very Long City Name That Exceeds Usual Length\\\"\"));"
                ],
                [
                  "    let json = Value::Object(Map { map: MapImpl::new(vec![(String::from(\"city\"), Value::String(String::from(\"A Very Long City Name That Exceeds Usual Length\"))), (String::from(\"street\"), Value::String(String::from(\"A Very Long Street Name That Exceeds Usual Length\")))]) });",
                  "    let result = format!(\"{:#}\", json);",
                  "    assert!(result.contains(\"\\\"street\\\": \\\"A Very Long Street Name That Exceeds Usual Length\\\"\"));"
                ],
                [
                  "    let json = Value::Object(Map { map: MapImpl::new(vec![(String::from(\"city\"), Value::String(String::from(\"A Very Long City Name That Exceeds Usual Length\"))), (String::from(\"street\"), Value::String(String::from(\"A Very Long Street Name That Exceeds Usual Length\")))]) });",
                  "    let result = format!(\"{:#}\", json);",
                  "    assert!(result.starts_with(\"{\\n  \"));"
                ],
                [
                  "    let json = Value::Object(Map { map: MapImpl::new(vec![(String::from(\"city\"), Value::String(String::from(\"A Very Long City Name That Exceeds Usual Length\"))), (String::from(\"street\"), Value::String(String::from(\"A Very Long Street Name That Exceeds Usual Length\")))]) });",
                  "    let result = format!(\"{:#}\", json);",
                  "    assert!(result.ends_with(\"\\n}\"));"
                ]
              ],
              "codes": [
                [
                  "{",
                  "    let json = Value::Object(Map {",
                  "        map: MapImpl::new(vec![",
                  "            (String::from(\"city\"), Value::String(String::from(\"A Very Long City Name That Exceeds Usual Length\"))),",
                  "            (String::from(\"street\"), Value::String(String::from(\"A Very Long Street Name That Exceeds Usual Length\"))),",
                  "        ]),",
                  "    });",
                  "    let _ = format!(\"{:#}\", json);",
                  "    let json = Value::Object(Map { map: MapImpl::new(vec![(String::from(\"city\"), Value::String(String::from(\"A Very Long City Name That Exceeds Usual Length\"))), (String::from(\"street\"), Value::String(String::from(\"A Very Long Street Name That Exceeds Usual Length\")))]) });",
                  "    let result = format!(\"{:#}\", json);",
                  "    assert!(result.contains(\"\\\"city\\\": \\\"A Very Long City Name That Exceeds Usual Length\\\"\"));",
                  "}"
                ],
                [
                  "{",
                  "    let json = Value::Object(Map {",
                  "        map: MapImpl::new(vec![",
                  "            (String::from(\"city\"), Value::String(String::from(\"A Very Long City Name That Exceeds Usual Length\"))),",
                  "            (String::from(\"street\"), Value::String(String::from(\"A Very Long Street Name That Exceeds Usual Length\"))),",
                  "        ]),",
                  "    });",
                  "    let _ = format!(\"{:#}\", json);",
                  "    let json = Value::Object(Map { map: MapImpl::new(vec![(String::from(\"city\"), Value::String(String::from(\"A Very Long City Name That Exceeds Usual Length\"))), (String::from(\"street\"), Value::String(String::from(\"A Very Long Street Name That Exceeds Usual Length\")))]) });",
                  "    let result = format!(\"{:#}\", json);",
                  "    assert!(result.contains(\"\\\"street\\\": \\\"A Very Long Street Name That Exceeds Usual Length\\\"\"));",
                  "}"
                ],
                [
                  "{",
                  "    let json = Value::Object(Map {",
                  "        map: MapImpl::new(vec![",
                  "            (String::from(\"city\"), Value::String(String::from(\"A Very Long City Name That Exceeds Usual Length\"))),",
                  "            (String::from(\"street\"), Value::String(String::from(\"A Very Long Street Name That Exceeds Usual Length\"))),",
                  "        ]),",
                  "    });",
                  "    let _ = format!(\"{:#}\", json);",
                  "    let json = Value::Object(Map { map: MapImpl::new(vec![(String::from(\"city\"), Value::String(String::from(\"A Very Long City Name That Exceeds Usual Length\"))), (String::from(\"street\"), Value::String(String::from(\"A Very Long Street Name That Exceeds Usual Length\")))]) });",
                  "    let result = format!(\"{:#}\", json);",
                  "    assert!(result.starts_with(\"{\\n  \"));",
                  "}"
                ],
                [
                  "{",
                  "    let json = Value::Object(Map {",
                  "        map: MapImpl::new(vec![",
                  "            (String::from(\"city\"), Value::String(String::from(\"A Very Long City Name That Exceeds Usual Length\"))),",
                  "            (String::from(\"street\"), Value::String(String::from(\"A Very Long Street Name That Exceeds Usual Length\"))),",
                  "        ]),",
                  "    });",
                  "    let _ = format!(\"{:#}\", json);",
                  "    let json = Value::Object(Map { map: MapImpl::new(vec![(String::from(\"city\"), Value::String(String::from(\"A Very Long City Name That Exceeds Usual Length\"))), (String::from(\"street\"), Value::String(String::from(\"A Very Long Street Name That Exceeds Usual Length\")))]) });",
                  "    let result = format!(\"{:#}\", json);",
                  "    assert!(result.ends_with(\"\\n}\"));",
                  "}"
                ]
              ],
              "can_compile": [
                {
                  "Err": "   Compiling proc-macro2 v1.0.95\n   Compiling serde v1.0.219\n   Compiling syn v1.0.109\n   Compiling libc v0.2.172\n   Compiling serde_json v1.0.140\n   Compiling target-triple v0.1.4\n   Compiling rustversion v1.0.20\n   Compiling ref-cast v1.0.24\n   Compiling serde_json v1.0.140 (/home/abezbm/rust-utgen-test-crates-new/json)\n   Compiling psm v0.1.26\n   Compiling stacker v0.1.21\n   Compiling quote v1.0.40\n   Compiling syn v2.0.101\n   Compiling serde_derive v1.0.219\n   Compiling ref-cast-impl v1.0.24\n   Compiling automod v1.0.15\n   Compiling ntest_timeout v0.9.3\n   Compiling ntest_test_cases v0.9.3\n   Compiling ntest v0.9.3\n   Compiling serde_spanned v0.6.8\n   Compiling toml_datetime v0.6.9\n   Compiling serde_stacker v0.1.12\n   Compiling serde_bytes v0.11.17\n   Compiling toml_edit v0.22.25\n   Compiling toml v0.8.21\n   Compiling trybuild v1.0.104\nerror[E0433]: failed to resolve: use of undeclared type `MapImpl`\n    --> src/value/mod.rs:1044:14\n     |\n1044 |         map: MapImpl::new(vec![\n     |              ^^^^^^^ use of undeclared type `MapImpl`\n     |\nnote: type alias `crate::map::MapImpl` exists but is inaccessible\n    --> src/map.rs:34:1\n     |\n34   | type MapImpl<K, V> = BTreeMap<K, V>;\n     | ^^^^^^^^^^^^^^^^^^^^^^^^^^^^^^^^^^^^ not accessible\n\nerror[E0433]: failed to resolve: use of undeclared type `MapImpl`\n    --> src/value/mod.rs:1050:41\n     |\n1050 |     let json = Value::Object(Map { map: MapImpl::new(vec![(String::from(\"city\"), Value::String(String::from(\"A Very Long City Name That E...\n     |                                         ^^^^^^^ use of undeclared type `MapImpl`\n     |\nnote: type alias `crate::map::MapImpl` exists but is inaccessible\n    --> src/map.rs:34:1\n     |\n34   | type MapImpl<K, V> = BTreeMap<K, V>;\n     | ^^^^^^^^^^^^^^^^^^^^^^^^^^^^^^^^^^^^ not accessible\n\nwarning: unused import: `ntest::timeout`\n    --> src/value/mod.rs:1039:8\n     |\n1039 |    use ntest::timeout;\n     |        ^^^^^^^^^^^^^^\n     |\n     = note: `#[warn(unused_imports)]` on by default\n\nFor more information about this error, try `rustc --explain E0433`.\nwarning: `serde_json` (lib test) generated 1 warning\nerror: could not compile `serde_json` (lib test) due to 2 previous errors; 1 warning emitted\n"
                },
                {
                  "Err": "   Compiling proc-macro2 v1.0.95\n   Compiling serde v1.0.219\n   Compiling syn v1.0.109\n   Compiling libc v0.2.172\n   Compiling serde_json v1.0.140\n   Compiling target-triple v0.1.4\n   Compiling ref-cast v1.0.24\n   Compiling rustversion v1.0.20\n   Compiling serde_json v1.0.140 (/home/abezbm/rust-utgen-test-crates-new/json)\n   Compiling psm v0.1.26\n   Compiling stacker v0.1.21\n   Compiling quote v1.0.40\n   Compiling syn v2.0.101\n   Compiling serde_derive v1.0.219\n   Compiling ref-cast-impl v1.0.24\n   Compiling automod v1.0.15\n   Compiling ntest_test_cases v0.9.3\n   Compiling ntest_timeout v0.9.3\n   Compiling ntest v0.9.3\n   Compiling serde_spanned v0.6.8\n   Compiling toml_datetime v0.6.9\n   Compiling serde_stacker v0.1.12\n   Compiling serde_bytes v0.11.17\n   Compiling toml_edit v0.22.25\n   Compiling toml v0.8.21\n   Compiling trybuild v1.0.104\nerror[E0433]: failed to resolve: use of undeclared type `MapImpl`\n    --> src/value/mod.rs:1044:14\n     |\n1044 |         map: MapImpl::new(vec![\n     |              ^^^^^^^ use of undeclared type `MapImpl`\n     |\nnote: type alias `crate::map::MapImpl` exists but is inaccessible\n    --> src/map.rs:34:1\n     |\n34   | type MapImpl<K, V> = BTreeMap<K, V>;\n     | ^^^^^^^^^^^^^^^^^^^^^^^^^^^^^^^^^^^^ not accessible\n\nerror[E0433]: failed to resolve: use of undeclared type `MapImpl`\n    --> src/value/mod.rs:1050:41\n     |\n1050 |     let json = Value::Object(Map { map: MapImpl::new(vec![(String::from(\"city\"), Value::String(String::from(\"A Very Long City Name That E...\n     |                                         ^^^^^^^ use of undeclared type `MapImpl`\n     |\nnote: type alias `crate::map::MapImpl` exists but is inaccessible\n    --> src/map.rs:34:1\n     |\n34   | type MapImpl<K, V> = BTreeMap<K, V>;\n     | ^^^^^^^^^^^^^^^^^^^^^^^^^^^^^^^^^^^^ not accessible\n\nwarning: unused import: `ntest::timeout`\n    --> src/value/mod.rs:1039:8\n     |\n1039 |    use ntest::timeout;\n     |        ^^^^^^^^^^^^^^\n     |\n     = note: `#[warn(unused_imports)]` on by default\n\nFor more information about this error, try `rustc --explain E0433`.\nwarning: `serde_json` (lib test) generated 1 warning\nerror: could not compile `serde_json` (lib test) due to 2 previous errors; 1 warning emitted\n"
                },
                {
                  "Err": "   Compiling proc-macro2 v1.0.95\n   Compiling serde v1.0.219\n   Compiling syn v1.0.109\n   Compiling libc v0.2.172\n   Compiling target-triple v0.1.4\n   Compiling serde_json v1.0.140\n   Compiling ref-cast v1.0.24\n   Compiling rustversion v1.0.20\n   Compiling serde_json v1.0.140 (/home/abezbm/rust-utgen-test-crates-new/json)\n   Compiling psm v0.1.26\n   Compiling stacker v0.1.21\n   Compiling quote v1.0.40\n   Compiling syn v2.0.101\n   Compiling serde_derive v1.0.219\n   Compiling ref-cast-impl v1.0.24\n   Compiling automod v1.0.15\n   Compiling ntest_timeout v0.9.3\n   Compiling ntest_test_cases v0.9.3\n   Compiling ntest v0.9.3\n   Compiling toml_datetime v0.6.9\n   Compiling serde_spanned v0.6.8\n   Compiling serde_stacker v0.1.12\n   Compiling serde_bytes v0.11.17\n   Compiling toml_edit v0.22.25\n   Compiling toml v0.8.21\n   Compiling trybuild v1.0.104\nerror[E0433]: failed to resolve: use of undeclared type `MapImpl`\n    --> src/value/mod.rs:1044:14\n     |\n1044 |         map: MapImpl::new(vec![\n     |              ^^^^^^^ use of undeclared type `MapImpl`\n     |\nnote: type alias `crate::map::MapImpl` exists but is inaccessible\n    --> src/map.rs:34:1\n     |\n34   | type MapImpl<K, V> = BTreeMap<K, V>;\n     | ^^^^^^^^^^^^^^^^^^^^^^^^^^^^^^^^^^^^ not accessible\n\nerror[E0433]: failed to resolve: use of undeclared type `MapImpl`\n    --> src/value/mod.rs:1050:41\n     |\n1050 |     let json = Value::Object(Map { map: MapImpl::new(vec![(String::from(\"city\"), Value::String(String::from(\"A Very Long City Name That E...\n     |                                         ^^^^^^^ use of undeclared type `MapImpl`\n     |\nnote: type alias `crate::map::MapImpl` exists but is inaccessible\n    --> src/map.rs:34:1\n     |\n34   | type MapImpl<K, V> = BTreeMap<K, V>;\n     | ^^^^^^^^^^^^^^^^^^^^^^^^^^^^^^^^^^^^ not accessible\n\nwarning: unused import: `ntest::timeout`\n    --> src/value/mod.rs:1039:8\n     |\n1039 |    use ntest::timeout;\n     |        ^^^^^^^^^^^^^^\n     |\n     = note: `#[warn(unused_imports)]` on by default\n\nFor more information about this error, try `rustc --explain E0433`.\nwarning: `serde_json` (lib test) generated 1 warning\nerror: could not compile `serde_json` (lib test) due to 2 previous errors; 1 warning emitted\n"
                },
                {
                  "Err": "   Compiling proc-macro2 v1.0.95\n   Compiling serde v1.0.219\n   Compiling syn v1.0.109\n   Compiling libc v0.2.172\n   Compiling serde_json v1.0.140\n   Compiling target-triple v0.1.4\n   Compiling rustversion v1.0.20\n   Compiling ref-cast v1.0.24\n   Compiling serde_json v1.0.140 (/home/abezbm/rust-utgen-test-crates-new/json)\n   Compiling psm v0.1.26\n   Compiling stacker v0.1.21\n   Compiling quote v1.0.40\n   Compiling syn v2.0.101\n   Compiling serde_derive v1.0.219\n   Compiling ref-cast-impl v1.0.24\n   Compiling automod v1.0.15\n   Compiling ntest_timeout v0.9.3\n   Compiling ntest_test_cases v0.9.3\n   Compiling ntest v0.9.3\n   Compiling toml_datetime v0.6.9\n   Compiling serde_spanned v0.6.8\n   Compiling serde_bytes v0.11.17\n   Compiling serde_stacker v0.1.12\n   Compiling toml_edit v0.22.25\n   Compiling toml v0.8.21\n   Compiling trybuild v1.0.104\nerror[E0433]: failed to resolve: use of undeclared type `MapImpl`\n    --> src/value/mod.rs:1044:14\n     |\n1044 |         map: MapImpl::new(vec![\n     |              ^^^^^^^ use of undeclared type `MapImpl`\n     |\nnote: type alias `crate::map::MapImpl` exists but is inaccessible\n    --> src/map.rs:34:1\n     |\n34   | type MapImpl<K, V> = BTreeMap<K, V>;\n     | ^^^^^^^^^^^^^^^^^^^^^^^^^^^^^^^^^^^^ not accessible\n\nerror[E0433]: failed to resolve: use of undeclared type `MapImpl`\n    --> src/value/mod.rs:1050:41\n     |\n1050 |     let json = Value::Object(Map { map: MapImpl::new(vec![(String::from(\"city\"), Value::String(String::from(\"A Very Long City Name That E...\n     |                                         ^^^^^^^ use of undeclared type `MapImpl`\n     |\nnote: type alias `crate::map::MapImpl` exists but is inaccessible\n    --> src/map.rs:34:1\n     |\n34   | type MapImpl<K, V> = BTreeMap<K, V>;\n     | ^^^^^^^^^^^^^^^^^^^^^^^^^^^^^^^^^^^^ not accessible\n\nwarning: unused import: `ntest::timeout`\n    --> src/value/mod.rs:1039:8\n     |\n1039 |    use ntest::timeout;\n     |        ^^^^^^^^^^^^^^\n     |\n     = note: `#[warn(unused_imports)]` on by default\n\nFor more information about this error, try `rustc --explain E0433`.\nwarning: `serde_json` (lib test) generated 1 warning\nerror: could not compile `serde_json` (lib test) due to 2 previous errors; 1 warning emitted\n"
                }
              ],
              "repaired": [
                false,
                false,
                false,
                false
              ]
            }
          ]
        }
      ]
    },
    {
      "chain_id": 2,
      "prompt_conds": [
        "// constraint: alternate is false\n"
      ],
      "input_infer": "{\"compact\": \"{\\\"city\\\":\\\"London\\\",\\\"street\\\":\\\"10 Downing Street\\\"}\"}\n",
      "answers": [
        {
          "uses": [],
          "has_test_mod": false,
          "common": [],
          "chain_tests": [
            {
              "attrs": [],
              "prefix": [
                "{",
                "    let value = Value::Null;",
                "    format!(\"{}\", value);",
                "}"
              ],
              "oracles": [
                [
                  "    let value = Value::Null;",
                  "    let compact = format!(\"{}\", value);",
                  "    assert_eq!(compact, \"null\");"
                ]
              ],
              "codes": [
                [
                  "{",
                  "    let value = Value::Null;",
                  "    format!(\"{}\", value);",
                  "    let value = Value::Null;",
                  "    let compact = format!(\"{}\", value);",
                  "    assert_eq!(compact, \"null\");",
                  "}"
                ]
              ],
              "can_compile": [
                {
                  "Ok": null
                }
              ],
              "repaired": [
                false
              ]
            },
            {
              "attrs": [],
              "prefix": [
                "{",
                "    let value = Value::Bool(true);",
                "    format!(\"{}\", value);",
                "}"
              ],
              "oracles": [
                [
                  "    let value = Value::Bool(true);",
                  "    let compact = format!(\"{}\", value);",
                  "    assert_eq!(compact, \"true\");"
                ]
              ],
              "codes": [
                [
                  "{",
                  "    let value = Value::Bool(true);",
                  "    format!(\"{}\", value);",
                  "    let value = Value::Bool(true);",
                  "    let compact = format!(\"{}\", value);",
                  "    assert_eq!(compact, \"true\");",
                  "}"
                ]
              ],
              "can_compile": [
                {
                  "Ok": null
                }
              ],
              "repaired": [
                false
              ]
            },
            {
              "attrs": [],
              "prefix": [
                "{",
                "    let number_value = Number { n: 42 }; // Example number",
                "    let value = Value::Number(number_value);",
                "    format!(\"{}\", value);",
                "}"
              ],
              "oracles": [
                [
                  "    let number_value = Number { n: 42 };",
                  "    let value = Value::Number(number_value);",
                  "    let result = format!(\"{}\", value);",
                  "    assert_eq!(result, \"42\");"
                ]
              ],
              "codes": [
                [
                  "{",
                  "    let number_value = Number { n: 42 }; // Example number",
                  "    let value = Value::Number(number_value);",
                  "    format!(\"{}\", value);",
                  "    let number_value = Number { n: 42 };",
                  "    let value = Value::Number(number_value);",
                  "    let result = format!(\"{}\", value);",
                  "    assert_eq!(result, \"42\");",
                  "}"
                ]
              ],
              "can_compile": [
                {
                  "Err": "   Compiling proc-macro2 v1.0.95\n   Compiling serde v1.0.219\n   Compiling syn v1.0.109\n   Compiling libc v0.2.172\n   Compiling target-triple v0.1.4\n   Compiling serde_json v1.0.140\n   Compiling ref-cast v1.0.24\n   Compiling rustversion v1.0.20\n   Compiling serde_json v1.0.140 (/home/abezbm/rust-utgen-test-crates-new/json)\n   Compiling psm v0.1.26\n   Compiling stacker v0.1.21\n   Compiling quote v1.0.40\n   Compiling syn v2.0.101\n   Compiling serde_derive v1.0.219\n   Compiling ref-cast-impl v1.0.24\n   Compiling automod v1.0.15\n   Compiling ntest_test_cases v0.9.3\n   Compiling ntest_timeout v0.9.3\n   Compiling ntest v0.9.3\n   Compiling serde_spanned v0.6.8\n   Compiling toml_datetime v0.6.9\n   Compiling serde_stacker v0.1.12\n   Compiling serde_bytes v0.11.17\n   Compiling toml_edit v0.22.25\n   Compiling toml v0.8.21\n   Compiling trybuild v1.0.104\nwarning: unused import: `ntest::timeout`\n    --> src/value/mod.rs:1039:8\n     |\n1039 |    use ntest::timeout;\n     |        ^^^^^^^^^^^^^^\n     |\n     = note: `#[warn(unused_imports)]` on by default\n\nerror[E0308]: mismatched types\n    --> src/value/mod.rs:1043:36\n     |\n1043 |     let number_value = Number { n: 42 }; // Example number\n     |                                    ^^ expected `N`, found integer\n     |\nhelp: try wrapping the expression in a variant of `N`\n     |\n1043 |     let number_value = Number { n: number::N::PosInt(42) }; // Example number\n     |                                    ++++++++++++++++++  +\n1043 |     let number_value = Number { n: number::N::NegInt(42) }; // Example number\n     |                                    ++++++++++++++++++  +\n\nerror[E0308]: mismatched types\n    --> src/value/mod.rs:1046:36\n     |\n1046 |     let number_value = Number { n: 42 };\n     |                                    ^^ expected `N`, found integer\n     |\nhelp: try wrapping the expression in a variant of `N`\n     |\n1046 |     let number_value = Number { n: number::N::PosInt(42) };\n     |                                    ++++++++++++++++++  +\n1046 |     let number_value = Number { n: number::N::NegInt(42) };\n     |                                    ++++++++++++++++++  +\n\nFor more information about this error, try `rustc --explain E0308`.\nwarning: `serde_json` (lib test) generated 1 warning\nerror: could not compile `serde_json` (lib test) due to 2 previous errors; 1 warning emitted\n"
                }
              ],
              "repaired": [
                false
              ]
            },
            {
              "attrs": [],
              "prefix": [
                "{",
                "    let value = Value::String(String::from(\"a string\"));",
                "    format!(\"{}\", value);",
                "}"
              ],
              "oracles": [
                [
                  "    let value = Value::String(String::from(\"a string\"));",
                  "    let result = format!(\"{}\", value);",
                  "    assert_eq!(result, \"\\\"a string\\\"\");"
                ]
              ],
              "codes": [
                [
                  "{",
                  "    let value = Value::String(String::from(\"a string\"));",
                  "    format!(\"{}\", value);",
                  "    let value = Value::String(String::from(\"a string\"));",
                  "    let result = format!(\"{}\", value);",
                  "    assert_eq!(result, \"\\\"a string\\\"\");",
                  "}"
                ]
              ],
              "can_compile": [
                {
                  "Ok": null
                }
              ],
              "repaired": [
                false
              ]
            },
            {
              "attrs": [],
              "prefix": [
                "{",
                "    let value = Value::Array(vec![",
                "        Value::String(String::from(\"an\")),",
                "        Value::String(String::from(\"array\")),",
                "    ]);",
                "    format!(\"{}\", value);",
                "}"
              ],
              "oracles": [
                [
                  "    let value = Value::Array(vec![",
                  "    Value::String(String::from(\"an\")),",
                  "    Value::String(String::from(\"array\")),",
                  "    ]);",
                  "    let expected_compact = \"[\\\"an\\\",\\\"array\\\"]\";",
                  "    assert_eq!(format!(\"{}\", value), expected_compact);"
                ]
              ],
              "codes": [
                [
                  "{",
                  "    let value = Value::Array(vec![",
                  "        Value::String(String::from(\"an\")),",
                  "        Value::String(String::from(\"array\")),",
                  "    ]);",
                  "    format!(\"{}\", value);",
                  "    let value = Value::Array(vec![",
                  "    Value::String(String::from(\"an\")),",
                  "    Value::String(String::from(\"array\")),",
                  "    ]);",
                  "    let expected_compact = \"[\\\"an\\\",\\\"array\\\"]\";",
                  "    assert_eq!(format!(\"{}\", value), expected_compact);",
                  "}"
                ]
              ],
              "can_compile": [
                {
                  "Ok": null
                }
              ],
              "repaired": [
                false
              ]
            },
            {
              "attrs": [],
              "prefix": [
                "{",
                "    let mut map = Map { map: MapImpl::new() };",
                "    map.insert(String::from(\"city\"), Value::String(String::from(\"London\")));",
                "    map.insert(String::from(\"street\"), Value::String(String::from(\"10 Downing Street\")));",
                "    let value = Value::Object(map);",
                "    format!(\"{}\", value);",
                "}"
              ],
              "oracles": [
                [
                  "    let mut map = Map { map: MapImpl::new() };",
                  "    map.insert(String::from(\"city\"), Value::String(String::from(\"London\")));",
                  "    map.insert(String::from(\"street\"), Value::String(String::from(\"10 Downing Street\")));",
                  "    let value = Value::Object(map);",
                  "    let compact = format!(\"{}\", value);",
                  "    assert_eq!(compact, \"{\\\"city\\\":\\\"London\\\",\\\"street\\\":\\\"10 Downing Street\\\"}\");"
                ]
              ],
              "codes": [
                [
                  "{",
                  "    let mut map = Map { map: MapImpl::new() };",
                  "    map.insert(String::from(\"city\"), Value::String(String::from(\"London\")));",
                  "    map.insert(String::from(\"street\"), Value::String(String::from(\"10 Downing Street\")));",
                  "    let value = Value::Object(map);",
                  "    format!(\"{}\", value);",
                  "    let mut map = Map { map: MapImpl::new() };",
                  "    map.insert(String::from(\"city\"), Value::String(String::from(\"London\")));",
                  "    map.insert(String::from(\"street\"), Value::String(String::from(\"10 Downing Street\")));",
                  "    let value = Value::Object(map);",
                  "    let compact = format!(\"{}\", value);",
                  "    assert_eq!(compact, \"{\\\"city\\\":\\\"London\\\",\\\"street\\\":\\\"10 Downing Street\\\"}\");",
                  "}"
                ]
              ],
              "can_compile": [
                {
                  "Err": "   Compiling proc-macro2 v1.0.95\n   Compiling serde v1.0.219\n   Compiling syn v1.0.109\n   Compiling libc v0.2.172\n   Compiling serde_json v1.0.140\n   Compiling target-triple v0.1.4\n   Compiling rustversion v1.0.20\n   Compiling ref-cast v1.0.24\n   Compiling psm v0.1.26\n   Compiling stacker v0.1.21\n   Compiling serde_json v1.0.140 (/home/abezbm/rust-utgen-test-crates-new/json)\n   Compiling quote v1.0.40\n   Compiling syn v2.0.101\n   Compiling serde_derive v1.0.219\n   Compiling ref-cast-impl v1.0.24\n   Compiling automod v1.0.15\n   Compiling ntest_timeout v0.9.3\n   Compiling ntest_test_cases v0.9.3\n   Compiling ntest v0.9.3\n   Compiling toml_datetime v0.6.9\n   Compiling serde_spanned v0.6.8\n   Compiling serde_stacker v0.1.12\n   Compiling serde_bytes v0.11.17\n   Compiling toml_edit v0.22.25\n   Compiling toml v0.8.21\n   Compiling trybuild v1.0.104\nerror[E0433]: failed to resolve: use of undeclared type `MapImpl`\n    --> src/value/mod.rs:1043:30\n     |\n1043 |     let mut map = Map { map: MapImpl::new() };\n     |                              ^^^^^^^ use of undeclared type `MapImpl`\n     |\nnote: type alias `crate::map::MapImpl` exists but is inaccessible\n    --> src/map.rs:34:1\n     |\n34   | type MapImpl<K, V> = BTreeMap<K, V>;\n     | ^^^^^^^^^^^^^^^^^^^^^^^^^^^^^^^^^^^^ not accessible\n\nerror[E0433]: failed to resolve: use of undeclared type `MapImpl`\n    --> src/value/mod.rs:1048:30\n     |\n1048 |     let mut map = Map { map: MapImpl::new() };\n     |                              ^^^^^^^ use of undeclared type `MapImpl`\n     |\nnote: type alias `crate::map::MapImpl` exists but is inaccessible\n    --> src/map.rs:34:1\n     |\n34   | type MapImpl<K, V> = BTreeMap<K, V>;\n     | ^^^^^^^^^^^^^^^^^^^^^^^^^^^^^^^^^^^^ not accessible\n\nwarning: unused import: `ntest::timeout`\n    --> src/value/mod.rs:1039:8\n     |\n1039 |    use ntest::timeout;\n     |        ^^^^^^^^^^^^^^\n     |\n     = note: `#[warn(unused_imports)]` on by default\n\nFor more information about this error, try `rustc --explain E0433`.\nwarning: `serde_json` (lib test) generated 1 warning\nerror: could not compile `serde_json` (lib test) due to 2 previous errors; 1 warning emitted\n"
                }
              ],
              "repaired": [
                false
              ]
            },
            {
              "attrs": [],
              "prefix": [
                "{",
                "    let map = Map { map: MapImpl::new() };",
                "    let value = Value::Object(map);",
                "    format!(\"{}\", value);",
                "}"
              ],
              "oracles": [
                [
                  "    let compact_output = format!(\"{}\", value);",
                  "    assert_eq!(compact_output, \"{}\");"
                ],
                [
                  "    let compact_output = format!(\"{}\", value);",
                  "    let value_null = Value::Null;",
                  "    let compact_output_null = format!(\"{}\", value_null);",
                  "    assert_eq!(compact_output_null, \"null\");"
                ],
                [
                  "    let compact_output = format!(\"{}\", value);",
                  "    let value_null = Value::Null;",
                  "    let compact_output_null = format!(\"{}\", value_null);",
                  "    let value_bool_true = Value::Bool(true);",
                  "    let compact_output_bool_true = format!(\"{}\", value_bool_true);",
                  "    assert_eq!(compact_output_bool_true, \"true\");"
                ],
                [
                  "    let compact_output = format!(\"{}\", value);",
                  "    let value_null = Value::Null;",
                  "    let compact_output_null = format!(\"{}\", value_null);",
                  "    let value_bool_true = Value::Bool(true);",
                  "    let compact_output_bool_true = format!(\"{}\", value_bool_true);",
                  "    let value_bool_false = Value::Bool(false);",
                  "    let compact_output_bool_false = format!(\"{}\", value_bool_false);",
                  "    assert_eq!(compact_output_bool_false, \"false\");"
                ],
                [
                  "    let compact_output = format!(\"{}\", value);",
                  "    let value_null = Value::Null;",
                  "    let compact_output_null = format!(\"{}\", value_null);",
                  "    let value_bool_true = Value::Bool(true);",
                  "    let compact_output_bool_true = format!(\"{}\", value_bool_true);",
                  "    let value_bool_false = Value::Bool(false);",
                  "    let compact_output_bool_false = format!(\"{}\", value_bool_false);",
                  "    let value_number = Value::Number(Number { n: 12 });",
                  "    let compact_output_number = format!(\"{}\", value_number);",
                  "    assert_eq!(compact_output_number, \"12\");"
                ],
                [
                  "    let compact_output = format!(\"{}\", value);",
                  "    let value_null = Value::Null;",
                  "    let compact_output_null = format!(\"{}\", value_null);",
                  "    let value_bool_true = Value::Bool(true);",
                  "    let compact_output_bool_true = format!(\"{}\", value_bool_true);",
                  "    let value_bool_false = Value::Bool(false);",
                  "    let compact_output_bool_false = format!(\"{}\", value_bool_false);",
                  "    let value_number = Value::Number(Number { n: 12 });",
                  "    let compact_output_number = format!(\"{}\", value_number);",
                  "    let value_string = Value::String(String::from(\"Hello World\"));",
                  "    let compact_output_string = format!(\"{}\", value_string);",
                  "    assert_eq!(compact_output_string, \"\\\"Hello World\\\"\");"
                ],
                [
                  "    let compact_output = format!(\"{}\", value);",
                  "    let value_null = Value::Null;",
                  "    let compact_output_null = format!(\"{}\", value_null);",
                  "    let value_bool_true = Value::Bool(true);",
                  "    let compact_output_bool_true = format!(\"{}\", value_bool_true);",
                  "    let value_bool_false = Value::Bool(false);",
                  "    let compact_output_bool_false = format!(\"{}\", value_bool_false);",
                  "    let value_number = Value::Number(Number { n: 12 });",
                  "    let compact_output_number = format!(\"{}\", value_number);",
                  "    let value_string = Value::String(String::from(\"Hello World\"));",
                  "    let compact_output_string = format!(\"{}\", value_string);",
                  "    let value_array = Value::Array(vec![Value::Bool(true), Value::Bool(false)]);",
                  "    let compact_output_array = format!(\"{}\", value_array);",
                  "    assert_eq!(compact_output_array, \"[true,false]\");"
                ],
                [
                  "    let compact_output = format!(\"{}\", value);",
                  "    let value_null = Value::Null;",
                  "    let compact_output_null = format!(\"{}\", value_null);",
                  "    let value_bool_true = Value::Bool(true);",
                  "    let compact_output_bool_true = format!(\"{}\", value_bool_true);",
                  "    let value_bool_false = Value::Bool(false);",
                  "    let compact_output_bool_false = format!(\"{}\", value_bool_false);",
                  "    let value_number = Value::Number(Number { n: 12 });",
                  "    let compact_output_number = format!(\"{}\", value_number);",
                  "    let value_string = Value::String(String::from(\"Hello World\"));",
                  "    let compact_output_string = format!(\"{}\", value_string);",
                  "    let value_array = Value::Array(vec![Value::Bool(true), Value::Bool(false)]);",
                  "    let compact_output_array = format!(\"{}\", value_array);",
                  "    let object = Map { map: MapImpl::new() };",
                  "    let value_object = Value::Object(object);",
                  "    let compact_output_object = format!(\"{}\", value_object);",
                  "    assert_eq!(compact_output_object, \"{}\");"
                ]
              ],
              "codes": [
                [
                  "{",
                  "    let map = Map { map: MapImpl::new() };",
                  "    let value = Value::Object(map);",
                  "    format!(\"{}\", value);",
                  "    let compact_output = format!(\"{}\", value);",
                  "    assert_eq!(compact_output, \"{}\");",
                  "}"
                ],
                [
                  "{",
                  "    let map = Map { map: MapImpl::new() };",
                  "    let value = Value::Object(map);",
                  "    format!(\"{}\", value);",
                  "    let compact_output = format!(\"{}\", value);",
                  "    let value_null = Value::Null;",
                  "    let compact_output_null = format!(\"{}\", value_null);",
                  "    assert_eq!(compact_output_null, \"null\");",
                  "}"
                ],
                [
                  "{",
                  "    let map = Map { map: MapImpl::new() };",
                  "    let value = Value::Object(map);",
                  "    format!(\"{}\", value);",
                  "    let compact_output = format!(\"{}\", value);",
                  "    let value_null = Value::Null;",
                  "    let compact_output_null = format!(\"{}\", value_null);",
                  "    let value_bool_true = Value::Bool(true);",
                  "    let compact_output_bool_true = format!(\"{}\", value_bool_true);",
                  "    assert_eq!(compact_output_bool_true, \"true\");",
                  "}"
                ],
                [
                  "{",
                  "    let map = Map { map: MapImpl::new() };",
                  "    let value = Value::Object(map);",
                  "    format!(\"{}\", value);",
                  "    let compact_output = format!(\"{}\", value);",
                  "    let value_null = Value::Null;",
                  "    let compact_output_null = format!(\"{}\", value_null);",
                  "    let value_bool_true = Value::Bool(true);",
                  "    let compact_output_bool_true = format!(\"{}\", value_bool_true);",
                  "    let value_bool_false = Value::Bool(false);",
                  "    let compact_output_bool_false = format!(\"{}\", value_bool_false);",
                  "    assert_eq!(compact_output_bool_false, \"false\");",
                  "}"
                ],
                [
                  "{",
                  "    let map = Map { map: MapImpl::new() };",
                  "    let value = Value::Object(map);",
                  "    format!(\"{}\", value);",
                  "    let compact_output = format!(\"{}\", value);",
                  "    let value_null = Value::Null;",
                  "    let compact_output_null = format!(\"{}\", value_null);",
                  "    let value_bool_true = Value::Bool(true);",
                  "    let compact_output_bool_true = format!(\"{}\", value_bool_true);",
                  "    let value_bool_false = Value::Bool(false);",
                  "    let compact_output_bool_false = format!(\"{}\", value_bool_false);",
                  "    let value_number = Value::Number(Number { n: 12 });",
                  "    let compact_output_number = format!(\"{}\", value_number);",
                  "    assert_eq!(compact_output_number, \"12\");",
                  "}"
                ],
                [
                  "{",
                  "    let map = Map { map: MapImpl::new() };",
                  "    let value = Value::Object(map);",
                  "    format!(\"{}\", value);",
                  "    let compact_output = format!(\"{}\", value);",
                  "    let value_null = Value::Null;",
                  "    let compact_output_null = format!(\"{}\", value_null);",
                  "    let value_bool_true = Value::Bool(true);",
                  "    let compact_output_bool_true = format!(\"{}\", value_bool_true);",
                  "    let value_bool_false = Value::Bool(false);",
                  "    let compact_output_bool_false = format!(\"{}\", value_bool_false);",
                  "    let value_number = Value::Number(Number { n: 12 });",
                  "    let compact_output_number = format!(\"{}\", value_number);",
                  "    let value_string = Value::String(String::from(\"Hello World\"));",
                  "    let compact_output_string = format!(\"{}\", value_string);",
                  "    assert_eq!(compact_output_string, \"\\\"Hello World\\\"\");",
                  "}"
                ],
                [
                  "{",
                  "    let map = Map { map: MapImpl::new() };",
                  "    let value = Value::Object(map);",
                  "    format!(\"{}\", value);",
                  "    let compact_output = format!(\"{}\", value);",
                  "    let value_null = Value::Null;",
                  "    let compact_output_null = format!(\"{}\", value_null);",
                  "    let value_bool_true = Value::Bool(true);",
                  "    let compact_output_bool_true = format!(\"{}\", value_bool_true);",
                  "    let value_bool_false = Value::Bool(false);",
                  "    let compact_output_bool_false = format!(\"{}\", value_bool_false);",
                  "    let value_number = Value::Number(Number { n: 12 });",
                  "    let compact_output_number = format!(\"{}\", value_number);",
                  "    let value_string = Value::String(String::from(\"Hello World\"));",
                  "    let compact_output_string = format!(\"{}\", value_string);",
                  "    let value_array = Value::Array(vec![Value::Bool(true), Value::Bool(false)]);",
                  "    let compact_output_array = format!(\"{}\", value_array);",
                  "    assert_eq!(compact_output_array, \"[true,false]\");",
                  "}"
                ],
                [
                  "{",
                  "    let map = Map { map: MapImpl::new() };",
                  "    let value = Value::Object(map);",
                  "    format!(\"{}\", value);",
                  "    let compact_output = format!(\"{}\", value);",
                  "    let value_null = Value::Null;",
                  "    let compact_output_null = format!(\"{}\", value_null);",
                  "    let value_bool_true = Value::Bool(true);",
                  "    let compact_output_bool_true = format!(\"{}\", value_bool_true);",
                  "    let value_bool_false = Value::Bool(false);",
                  "    let compact_output_bool_false = format!(\"{}\", value_bool_false);",
                  "    let value_number = Value::Number(Number { n: 12 });",
                  "    let compact_output_number = format!(\"{}\", value_number);",
                  "    let value_string = Value::String(String::from(\"Hello World\"));",
                  "    let compact_output_string = format!(\"{}\", value_string);",
                  "    let value_array = Value::Array(vec![Value::Bool(true), Value::Bool(false)]);",
                  "    let compact_output_array = format!(\"{}\", value_array);",
                  "    let object = Map { map: MapImpl::new() };",
                  "    let value_object = Value::Object(object);",
                  "    let compact_output_object = format!(\"{}\", value_object);",
                  "    assert_eq!(compact_output_object, \"{}\");",
                  "}"
                ]
              ],
              "can_compile": [
                {
                  "Err": "   Compiling proc-macro2 v1.0.95\n   Compiling serde v1.0.219\n   Compiling syn v1.0.109\n   Compiling libc v0.2.172\n   Compiling target-triple v0.1.4\n   Compiling serde_json v1.0.140\n   Compiling ref-cast v1.0.24\n   Compiling rustversion v1.0.20\n   Compiling serde_json v1.0.140 (/home/abezbm/rust-utgen-test-crates-new/json)\n   Compiling psm v0.1.26\n   Compiling stacker v0.1.21\n   Compiling quote v1.0.40\n   Compiling syn v2.0.101\n   Compiling serde_derive v1.0.219\n   Compiling ref-cast-impl v1.0.24\n   Compiling automod v1.0.15\n   Compiling ntest_test_cases v0.9.3\n   Compiling ntest_timeout v0.9.3\n   Compiling ntest v0.9.3\n   Compiling toml_datetime v0.6.9\n   Compiling serde_spanned v0.6.8\n   Compiling serde_bytes v0.11.17\n   Compiling serde_stacker v0.1.12\n   Compiling toml_edit v0.22.25\n   Compiling toml v0.8.21\n   Compiling trybuild v1.0.104\nerror[E0433]: failed to resolve: use of undeclared type `MapImpl`\n    --> src/value/mod.rs:1043:26\n     |\n1043 |     let map = Map { map: MapImpl::new() };\n     |                          ^^^^^^^ use of undeclared type `MapImpl`\n     |\nnote: type alias `crate::map::MapImpl` exists but is inaccessible\n    --> src/map.rs:34:1\n     |\n34   | type MapImpl<K, V> = BTreeMap<K, V>;\n     | ^^^^^^^^^^^^^^^^^^^^^^^^^^^^^^^^^^^^ not accessible\n\nwarning: unused import: `ntest::timeout`\n    --> src/value/mod.rs:1039:8\n     |\n1039 |    use ntest::timeout;\n     |        ^^^^^^^^^^^^^^\n     |\n     = note: `#[warn(unused_imports)]` on by default\n\nFor more information about this error, try `rustc --explain E0433`.\nwarning: `serde_json` (lib test) generated 1 warning\nerror: could not compile `serde_json` (lib test) due to 1 previous error; 1 warning emitted\n"
                },
                {
                  "Err": "   Compiling proc-macro2 v1.0.95\n   Compiling serde v1.0.219\n   Compiling syn v1.0.109\n   Compiling libc v0.2.172\n   Compiling serde_json v1.0.140\n   Compiling target-triple v0.1.4\n   Compiling ref-cast v1.0.24\n   Compiling psm v0.1.26\n   Compiling stacker v0.1.21\n   Compiling rustversion v1.0.20\n   Compiling serde_json v1.0.140 (/home/abezbm/rust-utgen-test-crates-new/json)\n   Compiling quote v1.0.40\n   Compiling syn v2.0.101\n   Compiling serde_derive v1.0.219\n   Compiling ref-cast-impl v1.0.24\n   Compiling automod v1.0.15\n   Compiling ntest_test_cases v0.9.3\n   Compiling ntest_timeout v0.9.3\n   Compiling ntest v0.9.3\n   Compiling serde_spanned v0.6.8\n   Compiling toml_datetime v0.6.9\n   Compiling serde_bytes v0.11.17\n   Compiling serde_stacker v0.1.12\n   Compiling toml_edit v0.22.25\n   Compiling toml v0.8.21\n   Compiling trybuild v1.0.104\nerror[E0433]: failed to resolve: use of undeclared type `MapImpl`\n    --> src/value/mod.rs:1043:26\n     |\n1043 |     let map = Map { map: MapImpl::new() };\n     |                          ^^^^^^^ use of undeclared type `MapImpl`\n     |\nnote: type alias `crate::map::MapImpl` exists but is inaccessible\n    --> src/map.rs:34:1\n     |\n34   | type MapImpl<K, V> = BTreeMap<K, V>;\n     | ^^^^^^^^^^^^^^^^^^^^^^^^^^^^^^^^^^^^ not accessible\n\nwarning: unused import: `ntest::timeout`\n    --> src/value/mod.rs:1039:8\n     |\n1039 |    use ntest::timeout;\n     |        ^^^^^^^^^^^^^^\n     |\n     = note: `#[warn(unused_imports)]` on by default\n\nFor more information about this error, try `rustc --explain E0433`.\nwarning: `serde_json` (lib test) generated 1 warning\nerror: could not compile `serde_json` (lib test) due to 1 previous error; 1 warning emitted\n"
                },
                {
                  "Err": "   Compiling proc-macro2 v1.0.95\n   Compiling serde v1.0.219\n   Compiling syn v1.0.109\n   Compiling libc v0.2.172\n   Compiling target-triple v0.1.4\n   Compiling serde_json v1.0.140\n   Compiling rustversion v1.0.20\n   Compiling ref-cast v1.0.24\n   Compiling serde_json v1.0.140 (/home/abezbm/rust-utgen-test-crates-new/json)\n   Compiling psm v0.1.26\n   Compiling stacker v0.1.21\n   Compiling quote v1.0.40\n   Compiling syn v2.0.101\n   Compiling serde_derive v1.0.219\n   Compiling ref-cast-impl v1.0.24\n   Compiling automod v1.0.15\n   Compiling ntest_test_cases v0.9.3\n   Compiling ntest_timeout v0.9.3\n   Compiling ntest v0.9.3\n   Compiling serde_spanned v0.6.8\n   Compiling toml_datetime v0.6.9\n   Compiling serde_stacker v0.1.12\n   Compiling serde_bytes v0.11.17\n   Compiling toml_edit v0.22.25\n   Compiling toml v0.8.21\n   Compiling trybuild v1.0.104\nerror[E0433]: failed to resolve: use of undeclared type `MapImpl`\n    --> src/value/mod.rs:1043:26\n     |\n1043 |     let map = Map { map: MapImpl::new() };\n     |                          ^^^^^^^ use of undeclared type `MapImpl`\n     |\nnote: type alias `crate::map::MapImpl` exists but is inaccessible\n    --> src/map.rs:34:1\n     |\n34   | type MapImpl<K, V> = BTreeMap<K, V>;\n     | ^^^^^^^^^^^^^^^^^^^^^^^^^^^^^^^^^^^^ not accessible\n\nwarning: unused import: `ntest::timeout`\n    --> src/value/mod.rs:1039:8\n     |\n1039 |    use ntest::timeout;\n     |        ^^^^^^^^^^^^^^\n     |\n     = note: `#[warn(unused_imports)]` on by default\n\nFor more information about this error, try `rustc --explain E0433`.\nwarning: `serde_json` (lib test) generated 1 warning\nerror: could not compile `serde_json` (lib test) due to 1 previous error; 1 warning emitted\n"
                },
                {
                  "Err": "   Compiling proc-macro2 v1.0.95\n   Compiling serde v1.0.219\n   Compiling syn v1.0.109\n   Compiling libc v0.2.172\n   Compiling target-triple v0.1.4\n   Compiling serde_json v1.0.140\n   Compiling ref-cast v1.0.24\n   Compiling rustversion v1.0.20\n   Compiling serde_json v1.0.140 (/home/abezbm/rust-utgen-test-crates-new/json)\n   Compiling psm v0.1.26\n   Compiling stacker v0.1.21\n   Compiling quote v1.0.40\n   Compiling syn v2.0.101\n   Compiling serde_derive v1.0.219\n   Compiling ref-cast-impl v1.0.24\n   Compiling automod v1.0.15\n   Compiling ntest_timeout v0.9.3\n   Compiling ntest_test_cases v0.9.3\n   Compiling ntest v0.9.3\n   Compiling serde_spanned v0.6.8\n   Compiling toml_datetime v0.6.9\n   Compiling serde_bytes v0.11.17\n   Compiling serde_stacker v0.1.12\n   Compiling toml_edit v0.22.25\n   Compiling toml v0.8.21\n   Compiling trybuild v1.0.104\nerror[E0433]: failed to resolve: use of undeclared type `MapImpl`\n    --> src/value/mod.rs:1043:26\n     |\n1043 |     let map = Map { map: MapImpl::new() };\n     |                          ^^^^^^^ use of undeclared type `MapImpl`\n     |\nnote: type alias `crate::map::MapImpl` exists but is inaccessible\n    --> src/map.rs:34:1\n     |\n34   | type MapImpl<K, V> = BTreeMap<K, V>;\n     | ^^^^^^^^^^^^^^^^^^^^^^^^^^^^^^^^^^^^ not accessible\n\nwarning: unused import: `ntest::timeout`\n    --> src/value/mod.rs:1039:8\n     |\n1039 |    use ntest::timeout;\n     |        ^^^^^^^^^^^^^^\n     |\n     = note: `#[warn(unused_imports)]` on by default\n\nFor more information about this error, try `rustc --explain E0433`.\nwarning: `serde_json` (lib test) generated 1 warning\nerror: could not compile `serde_json` (lib test) due to 1 previous error; 1 warning emitted\n"
                },
                {
                  "Err": "   Compiling proc-macro2 v1.0.95\n   Compiling serde v1.0.219\n   Compiling syn v1.0.109\n   Compiling libc v0.2.172\n   Compiling serde_json v1.0.140\n   Compiling target-triple v0.1.4\n   Compiling rustversion v1.0.20\n   Compiling ref-cast v1.0.24\n   Compiling serde_json v1.0.140 (/home/abezbm/rust-utgen-test-crates-new/json)\n   Compiling psm v0.1.26\n   Compiling stacker v0.1.21\n   Compiling quote v1.0.40\n   Compiling syn v2.0.101\n   Compiling serde_derive v1.0.219\n   Compiling ref-cast-impl v1.0.24\n   Compiling automod v1.0.15\n   Compiling ntest_test_cases v0.9.3\n   Compiling ntest_timeout v0.9.3\n   Compiling ntest v0.9.3\n   Compiling toml_datetime v0.6.9\n   Compiling serde_spanned v0.6.8\n   Compiling serde_stacker v0.1.12\n   Compiling serde_bytes v0.11.17\n   Compiling toml_edit v0.22.25\n   Compiling toml v0.8.21\n   Compiling trybuild v1.0.104\nerror[E0433]: failed to resolve: use of undeclared type `MapImpl`\n    --> src/value/mod.rs:1043:26\n     |\n1043 |     let map = Map { map: MapImpl::new() };\n     |                          ^^^^^^^ use of undeclared type `MapImpl`\n     |\nnote: type alias `crate::map::MapImpl` exists but is inaccessible\n    --> src/map.rs:34:1\n     |\n34   | type MapImpl<K, V> = BTreeMap<K, V>;\n     | ^^^^^^^^^^^^^^^^^^^^^^^^^^^^^^^^^^^^ not accessible\n\nwarning: unused import: `ntest::timeout`\n    --> src/value/mod.rs:1039:8\n     |\n1039 |    use ntest::timeout;\n     |        ^^^^^^^^^^^^^^\n     |\n     = note: `#[warn(unused_imports)]` on by default\n\nerror[E0308]: mismatched types\n    --> src/value/mod.rs:1053:50\n     |\n1053 |     let value_number = Value::Number(Number { n: 12 });\n     |                                                  ^^ expected `N`, found integer\n     |\nhelp: try wrapping the expression in a variant of `N`\n     |\n1053 |     let value_number = Value::Number(Number { n: number::N::PosInt(12) });\n     |                                                  ++++++++++++++++++  +\n1053 |     let value_number = Value::Number(Number { n: number::N::NegInt(12) });\n     |                                                  ++++++++++++++++++  +\n\nSome errors have detailed explanations: E0308, E0433.\nFor more information about an error, try `rustc --explain E0308`.\nwarning: `serde_json` (lib test) generated 1 warning\nerror: could not compile `serde_json` (lib test) due to 2 previous errors; 1 warning emitted\n"
                },
                {
                  "Err": "   Compiling proc-macro2 v1.0.95\n   Compiling serde v1.0.219\n   Compiling syn v1.0.109\n   Compiling libc v0.2.172\n   Compiling target-triple v0.1.4\n   Compiling serde_json v1.0.140\n   Compiling ref-cast v1.0.24\n   Compiling rustversion v1.0.20\n   Compiling psm v0.1.26\n   Compiling stacker v0.1.21\n   Compiling serde_json v1.0.140 (/home/abezbm/rust-utgen-test-crates-new/json)\n   Compiling quote v1.0.40\n   Compiling syn v2.0.101\n   Compiling serde_derive v1.0.219\n   Compiling ref-cast-impl v1.0.24\n   Compiling automod v1.0.15\n   Compiling ntest_timeout v0.9.3\n   Compiling ntest_test_cases v0.9.3\n   Compiling ntest v0.9.3\n   Compiling serde_spanned v0.6.8\n   Compiling toml_datetime v0.6.9\n   Compiling serde_stacker v0.1.12\n   Compiling serde_bytes v0.11.17\n   Compiling toml_edit v0.22.25\n   Compiling toml v0.8.21\n   Compiling trybuild v1.0.104\nerror[E0433]: failed to resolve: use of undeclared type `MapImpl`\n    --> src/value/mod.rs:1043:26\n     |\n1043 |     let map = Map { map: MapImpl::new() };\n     |                          ^^^^^^^ use of undeclared type `MapImpl`\n     |\nnote: type alias `crate::map::MapImpl` exists but is inaccessible\n    --> src/map.rs:34:1\n     |\n34   | type MapImpl<K, V> = BTreeMap<K, V>;\n     | ^^^^^^^^^^^^^^^^^^^^^^^^^^^^^^^^^^^^ not accessible\n\nwarning: unused import: `ntest::timeout`\n    --> src/value/mod.rs:1039:8\n     |\n1039 |    use ntest::timeout;\n     |        ^^^^^^^^^^^^^^\n     |\n     = note: `#[warn(unused_imports)]` on by default\n\nerror[E0308]: mismatched types\n    --> src/value/mod.rs:1053:50\n     |\n1053 |     let value_number = Value::Number(Number { n: 12 });\n     |                                                  ^^ expected `N`, found integer\n     |\nhelp: try wrapping the expression in a variant of `N`\n     |\n1053 |     let value_number = Value::Number(Number { n: number::N::PosInt(12) });\n     |                                                  ++++++++++++++++++  +\n1053 |     let value_number = Value::Number(Number { n: number::N::NegInt(12) });\n     |                                                  ++++++++++++++++++  +\n\nSome errors have detailed explanations: E0308, E0433.\nFor more information about an error, try `rustc --explain E0308`.\nwarning: `serde_json` (lib test) generated 1 warning\nerror: could not compile `serde_json` (lib test) due to 2 previous errors; 1 warning emitted\n"
                },
                {
                  "Err": "   Compiling proc-macro2 v1.0.95\n   Compiling serde v1.0.219\n   Compiling syn v1.0.109\n   Compiling libc v0.2.172\n   Compiling serde_json v1.0.140\n   Compiling target-triple v0.1.4\n   Compiling rustversion v1.0.20\n   Compiling ref-cast v1.0.24\n   Compiling serde_json v1.0.140 (/home/abezbm/rust-utgen-test-crates-new/json)\n   Compiling psm v0.1.26\n   Compiling stacker v0.1.21\n   Compiling quote v1.0.40\n   Compiling syn v2.0.101\n   Compiling serde_derive v1.0.219\n   Compiling ref-cast-impl v1.0.24\n   Compiling automod v1.0.15\n   Compiling ntest_timeout v0.9.3\n   Compiling ntest_test_cases v0.9.3\n   Compiling ntest v0.9.3\n   Compiling toml_datetime v0.6.9\n   Compiling serde_spanned v0.6.8\n   Compiling serde_bytes v0.11.17\n   Compiling serde_stacker v0.1.12\n   Compiling toml_edit v0.22.25\n   Compiling toml v0.8.21\n   Compiling trybuild v1.0.104\nerror[E0433]: failed to resolve: use of undeclared type `MapImpl`\n    --> src/value/mod.rs:1043:26\n     |\n1043 |     let map = Map { map: MapImpl::new() };\n     |                          ^^^^^^^ use of undeclared type `MapImpl`\n     |\nnote: type alias `crate::map::MapImpl` exists but is inaccessible\n    --> src/map.rs:34:1\n     |\n34   | type MapImpl<K, V> = BTreeMap<K, V>;\n     | ^^^^^^^^^^^^^^^^^^^^^^^^^^^^^^^^^^^^ not accessible\n\nwarning: unused import: `ntest::timeout`\n    --> src/value/mod.rs:1039:8\n     |\n1039 |    use ntest::timeout;\n     |        ^^^^^^^^^^^^^^\n     |\n     = note: `#[warn(unused_imports)]` on by default\n\nerror[E0308]: mismatched types\n    --> src/value/mod.rs:1053:50\n     |\n1053 |     let value_number = Value::Number(Number { n: 12 });\n     |                                                  ^^ expected `N`, found integer\n     |\nhelp: try wrapping the expression in a variant of `N`\n     |\n1053 |     let value_number = Value::Number(Number { n: number::N::PosInt(12) });\n     |                                                  ++++++++++++++++++  +\n1053 |     let value_number = Value::Number(Number { n: number::N::NegInt(12) });\n     |                                                  ++++++++++++++++++  +\n\nSome errors have detailed explanations: E0308, E0433.\nFor more information about an error, try `rustc --explain E0308`.\nwarning: `serde_json` (lib test) generated 1 warning\nerror: could not compile `serde_json` (lib test) due to 2 previous errors; 1 warning emitted\n"
                },
                {
                  "Err": "   Compiling proc-macro2 v1.0.95\n   Compiling serde v1.0.219\n   Compiling syn v1.0.109\n   Compiling libc v0.2.172\n   Compiling target-triple v0.1.4\n   Compiling serde_json v1.0.140\n   Compiling ref-cast v1.0.24\n   Compiling rustversion v1.0.20\n   Compiling serde_json v1.0.140 (/home/abezbm/rust-utgen-test-crates-new/json)\n   Compiling psm v0.1.26\n   Compiling stacker v0.1.21\n   Compiling quote v1.0.40\n   Compiling syn v2.0.101\n   Compiling serde_derive v1.0.219\n   Compiling ref-cast-impl v1.0.24\n   Compiling automod v1.0.15\n   Compiling ntest_timeout v0.9.3\n   Compiling ntest_test_cases v0.9.3\n   Compiling ntest v0.9.3\n   Compiling toml_datetime v0.6.9\n   Compiling serde_spanned v0.6.8\n   Compiling serde_stacker v0.1.12\n   Compiling serde_bytes v0.11.17\n   Compiling toml_edit v0.22.25\n   Compiling toml v0.8.21\n   Compiling trybuild v1.0.104\nerror[E0433]: failed to resolve: use of undeclared type `MapImpl`\n    --> src/value/mod.rs:1043:26\n     |\n1043 |     let map = Map { map: MapImpl::new() };\n     |                          ^^^^^^^ use of undeclared type `MapImpl`\n     |\nnote: type alias `crate::map::MapImpl` exists but is inaccessible\n    --> src/map.rs:34:1\n     |\n34   | type MapImpl<K, V> = BTreeMap<K, V>;\n     | ^^^^^^^^^^^^^^^^^^^^^^^^^^^^^^^^^^^^ not accessible\n\nerror[E0433]: failed to resolve: use of undeclared type `MapImpl`\n    --> src/value/mod.rs:1059:29\n     |\n1059 |     let object = Map { map: MapImpl::new() };\n     |                             ^^^^^^^ use of undeclared type `MapImpl`\n     |\nnote: type alias `crate::map::MapImpl` exists but is inaccessible\n    --> src/map.rs:34:1\n     |\n34   | type MapImpl<K, V> = BTreeMap<K, V>;\n     | ^^^^^^^^^^^^^^^^^^^^^^^^^^^^^^^^^^^^ not accessible\n\nwarning: unused import: `ntest::timeout`\n    --> src/value/mod.rs:1039:8\n     |\n1039 |    use ntest::timeout;\n     |        ^^^^^^^^^^^^^^\n     |\n     = note: `#[warn(unused_imports)]` on by default\n\nerror[E0308]: mismatched types\n    --> src/value/mod.rs:1053:50\n     |\n1053 |     let value_number = Value::Number(Number { n: 12 });\n     |                                                  ^^ expected `N`, found integer\n     |\nhelp: try wrapping the expression in a variant of `N`\n     |\n1053 |     let value_number = Value::Number(Number { n: number::N::PosInt(12) });\n     |                                                  ++++++++++++++++++  +\n1053 |     let value_number = Value::Number(Number { n: number::N::NegInt(12) });\n     |                                                  ++++++++++++++++++  +\n\nSome errors have detailed explanations: E0308, E0433.\nFor more information about an error, try `rustc --explain E0308`.\nwarning: `serde_json` (lib test) generated 1 warning\nerror: could not compile `serde_json` (lib test) due to 3 previous errors; 1 warning emitted\n"
                }
              ],
              "repaired": [
                false,
                false,
                false,
                false,
                false,
                false,
                false,
                false
              ]
            },
            {
              "attrs": [],
              "prefix": [
                "{",
                "    let mut inner_map = Map { map: MapImpl::new() };",
                "    inner_map.insert(String::from(\"inner_key\"), Value::String(String::from(\"inner_value\")));",
                "",
                "    let mut outer_map = Map { map: MapImpl::new() };",
                "    outer_map.insert(String::from(\"outer_key\"), Value::Object(inner_map));",
                "    ",
                "    let value = Value::Object(outer_map);",
                "    format!(\"{}\", value);",
                "}"
              ],
              "oracles": [
                [
                  "    let inner_map = Map { map: MapImpl::new() };",
                  "    inner_map.insert(String::from(\"inner_key\"), Value::String(String::from(\"inner_value\")));",
                  "    let outer_map = Map { map: MapImpl::new() };",
                  "    outer_map.insert(String::from(\"outer_key\"), Value::Object(inner_map));",
                  "    let value = Value::Object(outer_map);",
                  "    let compact = format!(\"{}\", value);",
                  "    assert_eq!(compact, \"{\\\"outer_key\\\":{\\\"inner_key\\\":\\\"inner_value\\\"}}\");"
                ]
              ],
              "codes": [
                [
                  "{",
                  "    let mut inner_map = Map { map: MapImpl::new() };",
                  "    inner_map.insert(String::from(\"inner_key\"), Value::String(String::from(\"inner_value\")));",
                  "",
                  "    let mut outer_map = Map { map: MapImpl::new() };",
                  "    outer_map.insert(String::from(\"outer_key\"), Value::Object(inner_map));",
                  "    ",
                  "    let value = Value::Object(outer_map);",
                  "    format!(\"{}\", value);",
                  "    let inner_map = Map { map: MapImpl::new() };",
                  "    inner_map.insert(String::from(\"inner_key\"), Value::String(String::from(\"inner_value\")));",
                  "    let outer_map = Map { map: MapImpl::new() };",
                  "    outer_map.insert(String::from(\"outer_key\"), Value::Object(inner_map));",
                  "    let value = Value::Object(outer_map);",
                  "    let compact = format!(\"{}\", value);",
                  "    assert_eq!(compact, \"{\\\"outer_key\\\":{\\\"inner_key\\\":\\\"inner_value\\\"}}\");",
                  "}"
                ]
              ],
              "can_compile": [
                {
                  "Err": "   Compiling proc-macro2 v1.0.95\n   Compiling serde v1.0.219\n   Compiling syn v1.0.109\n   Compiling libc v0.2.172\n   Compiling target-triple v0.1.4\n   Compiling serde_json v1.0.140\n   Compiling rustversion v1.0.20\n   Compiling ref-cast v1.0.24\n   Compiling serde_json v1.0.140 (/home/abezbm/rust-utgen-test-crates-new/json)\n   Compiling psm v0.1.26\n   Compiling stacker v0.1.21\n   Compiling quote v1.0.40\n   Compiling syn v2.0.101\n   Compiling serde_derive v1.0.219\n   Compiling ref-cast-impl v1.0.24\n   Compiling automod v1.0.15\n   Compiling ntest_test_cases v0.9.3\n   Compiling ntest_timeout v0.9.3\n   Compiling ntest v0.9.3\n   Compiling toml_datetime v0.6.9\n   Compiling serde_spanned v0.6.8\n   Compiling serde_bytes v0.11.17\n   Compiling serde_stacker v0.1.12\n   Compiling toml_edit v0.22.25\n   Compiling toml v0.8.21\n   Compiling trybuild v1.0.104\nerror[E0433]: failed to resolve: use of undeclared type `MapImpl`\n    --> src/value/mod.rs:1043:36\n     |\n1043 |     let mut inner_map = Map { map: MapImpl::new() };\n     |                                    ^^^^^^^ use of undeclared type `MapImpl`\n     |\nnote: type alias `crate::map::MapImpl` exists but is inaccessible\n    --> src/map.rs:34:1\n     |\n34   | type MapImpl<K, V> = BTreeMap<K, V>;\n     | ^^^^^^^^^^^^^^^^^^^^^^^^^^^^^^^^^^^^ not accessible\n\nerror[E0433]: failed to resolve: use of undeclared type `MapImpl`\n    --> src/value/mod.rs:1046:36\n     |\n1046 |     let mut outer_map = Map { map: MapImpl::new() };\n     |                                    ^^^^^^^ use of undeclared type `MapImpl`\n     |\nnote: type alias `crate::map::MapImpl` exists but is inaccessible\n    --> src/map.rs:34:1\n     |\n34   | type MapImpl<K, V> = BTreeMap<K, V>;\n     | ^^^^^^^^^^^^^^^^^^^^^^^^^^^^^^^^^^^^ not accessible\n\nerror[E0433]: failed to resolve: use of undeclared type `MapImpl`\n    --> src/value/mod.rs:1051:32\n     |\n1051 |     let inner_map = Map { map: MapImpl::new() };\n     |                                ^^^^^^^ use of undeclared type `MapImpl`\n     |\nnote: type alias `crate::map::MapImpl` exists but is inaccessible\n    --> src/map.rs:34:1\n     |\n34   | type MapImpl<K, V> = BTreeMap<K, V>;\n     | ^^^^^^^^^^^^^^^^^^^^^^^^^^^^^^^^^^^^ not accessible\n\nerror[E0433]: failed to resolve: use of undeclared type `MapImpl`\n    --> src/value/mod.rs:1053:32\n     |\n1053 |     let outer_map = Map { map: MapImpl::new() };\n     |                                ^^^^^^^ use of undeclared type `MapImpl`\n     |\nnote: type alias `crate::map::MapImpl` exists but is inaccessible\n    --> src/map.rs:34:1\n     |\n34   | type MapImpl<K, V> = BTreeMap<K, V>;\n     | ^^^^^^^^^^^^^^^^^^^^^^^^^^^^^^^^^^^^ not accessible\n\nwarning: unused import: `ntest::timeout`\n    --> src/value/mod.rs:1039:8\n     |\n1039 |    use ntest::timeout;\n     |        ^^^^^^^^^^^^^^\n     |\n     = note: `#[warn(unused_imports)]` on by default\n\nFor more information about this error, try `rustc --explain E0433`.\nwarning: `serde_json` (lib test) generated 1 warning\nerror: could not compile `serde_json` (lib test) due to 4 previous errors; 1 warning emitted\n"
                }
              ],
              "repaired": [
                false
              ]
            }
          ]
        }
      ]
    }
  ]
}