{
  "name": "serde_json::ser::<ser::MapKeySerializer<'a, W, F> as serde::Serializer>::serialize_unit",
  "name_with_impl": "serde_json::ser::{impl#11}::serialize_unit",
  "mod_info": {
    "name": "ser",
    "loc": "src/lib.rs:423:1:423:13"
  },
  "visible": true,
  "loc": "src/ser.rs:1069:5:1071:6",
  "fn_tests": [
    {
      "chain_id": 1,
      "prompt_conds": [
        "// expected return value/type: Err(key_must_be_a_string())\n"
      ],
      "input_infer": "self: any instance of Serializer, value: any value that is not a string\n",
      "answers": [
        {
          "uses": [],
          "has_test_mod": false,
          "common": [],
          "chain_tests": [
            {
              "attrs": [],
              "prefix": [
                "{",
                "    let writer = Vec::new();",
                "    let formatter = CompactFormatter; ",
                "    let serializer = Serializer { writer, formatter };",
                "    let _ = serializer.serialize_unit();",
                "}"
              ],
              "oracles": [
                [
                  "    let writer = Vec::new();",
                  "    let formatter = CompactFormatter;",
                  "    let serializer = Serializer { writer, formatter };",
                  "    let result = serializer.serialize_unit();",
                  "    assert!(result.is_err());"
                ],
                [
                  "    let writer = Vec::new();",
                  "    let formatter = CompactFormatter;",
                  "    let serializer = Serializer { writer, formatter };",
                  "    let result = serializer.serialize_unit();",
                  "    assert_eq!(result.err().unwrap(), key_must_be_a_string());"
                ]
              ],
              "codes": [
                [
                  "{",
                  "    let writer = Vec::new();",
                  "    let formatter = CompactFormatter; ",
                  "    let serializer = Serializer { writer, formatter };",
                  "    let _ = serializer.serialize_unit();",
                  "    let writer = Vec::new();",
                  "    let formatter = CompactFormatter;",
                  "    let serializer = Serializer { writer, formatter };",
                  "    let result = serializer.serialize_unit();",
                  "    assert!(result.is_err());",
                  "}"
                ],
                [
                  "{",
                  "    let writer = Vec::new();",
                  "    let formatter = CompactFormatter; ",
                  "    let serializer = Serializer { writer, formatter };",
                  "    let _ = serializer.serialize_unit();",
                  "    let writer = Vec::new();",
                  "    let formatter = CompactFormatter;",
                  "    let serializer = Serializer { writer, formatter };",
                  "    let result = serializer.serialize_unit();",
                  "    assert_eq!(result.err().unwrap(), key_must_be_a_string());",
                  "}"
                ]
              ],
              "can_compile": [
                {
                  "Err": "   Compiling proc-macro2 v1.0.95\n   Compiling serde v1.0.219\n   Compiling syn v1.0.109\n   Compiling libc v0.2.172\n   Compiling serde_json v1.0.140\n   Compiling target-triple v0.1.4\n   Compiling rustversion v1.0.20\n   Compiling ref-cast v1.0.24\n   Compiling serde_json v1.0.140 (/home/abezbm/rust-utgen-test-crates-new/json)\n   Compiling psm v0.1.26\n   Compiling stacker v0.1.21\n   Compiling quote v1.0.40\n   Compiling syn v2.0.101\n   Compiling serde_derive v1.0.219\n   Compiling ref-cast-impl v1.0.24\n   Compiling automod v1.0.15\n   Compiling ntest_timeout v0.9.3\n   Compiling ntest_test_cases v0.9.3\n   Compiling ntest v0.9.3\n   Compiling toml_datetime v0.6.9\n   Compiling serde_spanned v0.6.8\n   Compiling serde_stacker v0.1.12\n   Compiling serde_bytes v0.11.17\n   Compiling toml_edit v0.22.25\n   Compiling toml v0.8.21\n   Compiling trybuild v1.0.104\nwarning: unused import: `ntest::timeout`\n    --> src/ser.rs:2281:8\n     |\n2281 |    use ntest::timeout;\n     |        ^^^^^^^^^^^^^^\n     |\n     = note: `#[warn(unused_imports)]` on by default\n\nerror[E0599]: no method named `serialize_unit` found for struct `ser::Serializer` in the current scope\n    --> src/ser.rs:2288:24\n     |\n15   | pub struct Serializer<W, F = CompactFormatter> {\n     | ---------------------------------------------- method `serialize_unit` not found for this struct\n...\n2288 |     let _ = serializer.serialize_unit();\n     |                        ^^^^^^^^^^^^^^\n     |\n    ::: /home/abezbm/.cargo/registry/src/index.crates.io-6f17d22bba15001f/serde-1.0.219/src/ser/mod.rs:826:8\n     |\n826  |     fn serialize_unit(self) -> Result<Self::Ok, Self::Error>;\n     |        -------------- the method is available for `ser::Serializer<std::vec::Vec<_>>` here\n     |\n     = help: items from traits can only be used if the trait is in scope\nhelp: there is a method `serialize_unit_struct` with a similar name, but with different arguments\n    --> /home/abezbm/.cargo/registry/src/index.crates.io-6f17d22bba15001f/serde-1.0.219/src/ser/mod.rs:846:5\n     |\n846  |     fn serialize_unit_struct(self, name: &'static str) -> Result<Self::Ok, Self::Error>;\n     |     ^^^^^^^^^^^^^^^^^^^^^^^^^^^^^^^^^^^^^^^^^^^^^^^^^^^^^^^^^^^^^^^^^^^^^^^^^^^^^^^^^^^^\nhelp: trait `Serializer` which provides `serialize_unit` is implemented but not in scope; perhaps you want to import it\n     |\n2280 +    use serde::Serializer;\n     |\n\nerror[E0599]: no method named `serialize_unit` found for struct `ser::Serializer` in the current scope\n    --> src/ser.rs:2292:29\n     |\n15   | pub struct Serializer<W, F = CompactFormatter> {\n     | ---------------------------------------------- method `serialize_unit` not found for this struct\n...\n2292 |     let result = serializer.serialize_unit();\n     |                             ^^^^^^^^^^^^^^\n     |\n    ::: /home/abezbm/.cargo/registry/src/index.crates.io-6f17d22bba15001f/serde-1.0.219/src/ser/mod.rs:826:8\n     |\n826  |     fn serialize_unit(self) -> Result<Self::Ok, Self::Error>;\n     |        -------------- the method is available for `ser::Serializer<std::vec::Vec<_>>` here\n     |\n     = help: items from traits can only be used if the trait is in scope\nhelp: there is a method `serialize_unit_struct` with a similar name, but with different arguments\n    --> /home/abezbm/.cargo/registry/src/index.crates.io-6f17d22bba15001f/serde-1.0.219/src/ser/mod.rs:846:5\n     |\n846  |     fn serialize_unit_struct(self, name: &'static str) -> Result<Self::Ok, Self::Error>;\n     |     ^^^^^^^^^^^^^^^^^^^^^^^^^^^^^^^^^^^^^^^^^^^^^^^^^^^^^^^^^^^^^^^^^^^^^^^^^^^^^^^^^^^^\nhelp: trait `Serializer` which provides `serialize_unit` is implemented but not in scope; perhaps you want to import it\n     |\n2280 +    use serde::Serializer;\n     |\n\nFor more information about this error, try `rustc --explain E0599`.\nwarning: `serde_json` (lib test) generated 1 warning\nerror: could not compile `serde_json` (lib test) due to 2 previous errors; 1 warning emitted\n"
                },
                {
                  "Err": "   Compiling proc-macro2 v1.0.95\n   Compiling serde v1.0.219\n   Compiling syn v1.0.109\n   Compiling libc v0.2.172\n   Compiling serde_json v1.0.140\n   Compiling target-triple v0.1.4\n   Compiling ref-cast v1.0.24\n   Compiling rustversion v1.0.20\n   Compiling serde_json v1.0.140 (/home/abezbm/rust-utgen-test-crates-new/json)\n   Compiling psm v0.1.26\n   Compiling stacker v0.1.21\n   Compiling quote v1.0.40\n   Compiling syn v2.0.101\n   Compiling serde_derive v1.0.219\n   Compiling ref-cast-impl v1.0.24\n   Compiling automod v1.0.15\n   Compiling ntest_test_cases v0.9.3\n   Compiling ntest_timeout v0.9.3\n   Compiling ntest v0.9.3\n   Compiling toml_datetime v0.6.9\n   Compiling serde_spanned v0.6.8\n   Compiling serde_stacker v0.1.12\n   Compiling serde_bytes v0.11.17\n   Compiling toml_edit v0.22.25\n   Compiling toml v0.8.21\n   Compiling trybuild v1.0.104\nwarning: unused import: `ntest::timeout`\n    --> src/ser.rs:2281:8\n     |\n2281 |    use ntest::timeout;\n     |        ^^^^^^^^^^^^^^\n     |\n     = note: `#[warn(unused_imports)]` on by default\n\nerror[E0599]: no method named `serialize_unit` found for struct `ser::Serializer` in the current scope\n    --> src/ser.rs:2288:24\n     |\n15   | pub struct Serializer<W, F = CompactFormatter> {\n     | ---------------------------------------------- method `serialize_unit` not found for this struct\n...\n2288 |     let _ = serializer.serialize_unit();\n     |                        ^^^^^^^^^^^^^^\n     |\n    ::: /home/abezbm/.cargo/registry/src/index.crates.io-6f17d22bba15001f/serde-1.0.219/src/ser/mod.rs:826:8\n     |\n826  |     fn serialize_unit(self) -> Result<Self::Ok, Self::Error>;\n     |        -------------- the method is available for `ser::Serializer<std::vec::Vec<_>>` here\n     |\n     = help: items from traits can only be used if the trait is in scope\nhelp: there is a method `serialize_unit_struct` with a similar name, but with different arguments\n    --> /home/abezbm/.cargo/registry/src/index.crates.io-6f17d22bba15001f/serde-1.0.219/src/ser/mod.rs:846:5\n     |\n846  |     fn serialize_unit_struct(self, name: &'static str) -> Result<Self::Ok, Self::Error>;\n     |     ^^^^^^^^^^^^^^^^^^^^^^^^^^^^^^^^^^^^^^^^^^^^^^^^^^^^^^^^^^^^^^^^^^^^^^^^^^^^^^^^^^^^\nhelp: trait `Serializer` which provides `serialize_unit` is implemented but not in scope; perhaps you want to import it\n     |\n2280 +    use serde::Serializer;\n     |\n\nerror[E0599]: no method named `serialize_unit` found for struct `ser::Serializer` in the current scope\n    --> src/ser.rs:2292:29\n     |\n15   | pub struct Serializer<W, F = CompactFormatter> {\n     | ---------------------------------------------- method `serialize_unit` not found for this struct\n...\n2292 |     let result = serializer.serialize_unit();\n     |                             ^^^^^^^^^^^^^^\n     |\n    ::: /home/abezbm/.cargo/registry/src/index.crates.io-6f17d22bba15001f/serde-1.0.219/src/ser/mod.rs:826:8\n     |\n826  |     fn serialize_unit(self) -> Result<Self::Ok, Self::Error>;\n     |        -------------- the method is available for `ser::Serializer<std::vec::Vec<_>>` here\n     |\n     = help: items from traits can only be used if the trait is in scope\nhelp: there is a method `serialize_unit_struct` with a similar name, but with different arguments\n    --> /home/abezbm/.cargo/registry/src/index.crates.io-6f17d22bba15001f/serde-1.0.219/src/ser/mod.rs:846:5\n     |\n846  |     fn serialize_unit_struct(self, name: &'static str) -> Result<Self::Ok, Self::Error>;\n     |     ^^^^^^^^^^^^^^^^^^^^^^^^^^^^^^^^^^^^^^^^^^^^^^^^^^^^^^^^^^^^^^^^^^^^^^^^^^^^^^^^^^^^\nhelp: trait `Serializer` which provides `serialize_unit` is implemented but not in scope; perhaps you want to import it\n     |\n2280 +    use serde::Serializer;\n     |\n\nFor more information about this error, try `rustc --explain E0599`.\nwarning: `serde_json` (lib test) generated 1 warning\nerror: could not compile `serde_json` (lib test) due to 2 previous errors; 1 warning emitted\n"
                }
              ],
              "repaired": [
                false,
                false
              ]
            },
            {
              "attrs": [],
              "prefix": [
                "{",
                "    let writer = Vec::new();",
                "    let formatter = CompactFormatter; ",
                "    let serializer = Serializer { writer, formatter };",
                "    let _ = serializer.serialize_unit_struct(\"EmptyStruct\");",
                "}"
              ],
              "oracles": [
                [
                  "    let writer = Vec::new();",
                  "    let formatter = CompactFormatter;",
                  "    let serializer = Serializer { writer, formatter };",
                  "    let result = serializer.serialize_unit_struct(\"EmptyStruct\");",
                  "    assert!(result.is_err());"
                ],
                [
                  "    let writer = Vec::new();",
                  "    let formatter = CompactFormatter;",
                  "    let serializer = Serializer { writer, formatter };",
                  "    let result = serializer.serialize_unit_struct(\"EmptyStruct\");",
                  "    assert_eq!(result.unwrap_err().kind(), ErrorCode::KeyMustBeAString);"
                ]
              ],
              "codes": [
                [
                  "{",
                  "    let writer = Vec::new();",
                  "    let formatter = CompactFormatter; ",
                  "    let serializer = Serializer { writer, formatter };",
                  "    let _ = serializer.serialize_unit_struct(\"EmptyStruct\");",
                  "    let writer = Vec::new();",
                  "    let formatter = CompactFormatter;",
                  "    let serializer = Serializer { writer, formatter };",
                  "    let result = serializer.serialize_unit_struct(\"EmptyStruct\");",
                  "    assert!(result.is_err());",
                  "}"
                ],
                [
                  "{",
                  "    let writer = Vec::new();",
                  "    let formatter = CompactFormatter; ",
                  "    let serializer = Serializer { writer, formatter };",
                  "    let _ = serializer.serialize_unit_struct(\"EmptyStruct\");",
                  "    let writer = Vec::new();",
                  "    let formatter = CompactFormatter;",
                  "    let serializer = Serializer { writer, formatter };",
                  "    let result = serializer.serialize_unit_struct(\"EmptyStruct\");",
                  "    assert_eq!(result.unwrap_err().kind(), ErrorCode::KeyMustBeAString);",
                  "}"
                ]
              ],
              "can_compile": [
                {
                  "Err": "   Compiling proc-macro2 v1.0.95\n   Compiling serde v1.0.219\n   Compiling syn v1.0.109\n   Compiling libc v0.2.172\n   Compiling target-triple v0.1.4\n   Compiling serde_json v1.0.140\n   Compiling rustversion v1.0.20\n   Compiling ref-cast v1.0.24\n   Compiling serde_json v1.0.140 (/home/abezbm/rust-utgen-test-crates-new/json)\n   Compiling psm v0.1.26\n   Compiling stacker v0.1.21\n   Compiling quote v1.0.40\n   Compiling syn v2.0.101\n   Compiling serde_derive v1.0.219\n   Compiling ref-cast-impl v1.0.24\n   Compiling automod v1.0.15\n   Compiling ntest_test_cases v0.9.3\n   Compiling ntest_timeout v0.9.3\n   Compiling ntest v0.9.3\n   Compiling toml_datetime v0.6.9\n   Compiling serde_spanned v0.6.8\n   Compiling serde_bytes v0.11.17\n   Compiling serde_stacker v0.1.12\n   Compiling toml_edit v0.22.25\n   Compiling toml v0.8.21\n   Compiling trybuild v1.0.104\nwarning: unused import: `ntest::timeout`\n    --> src/ser.rs:2281:8\n     |\n2281 |    use ntest::timeout;\n     |        ^^^^^^^^^^^^^^\n     |\n     = note: `#[warn(unused_imports)]` on by default\n\nerror[E0599]: no method named `serialize_unit_struct` found for struct `ser::Serializer` in the current scope\n    --> src/ser.rs:2288:24\n     |\n15   | pub struct Serializer<W, F = CompactFormatter> {\n     | ---------------------------------------------- method `serialize_unit_struct` not found for this struct\n...\n2288 |     let _ = serializer.serialize_unit_struct(\"EmptyStruct\");\n     |                        ^^^^^^^^^^^^^^^^^^^^^\n     |\n    ::: /home/abezbm/.cargo/registry/src/index.crates.io-6f17d22bba15001f/serde-1.0.219/src/ser/mod.rs:846:8\n     |\n846  |     fn serialize_unit_struct(self, name: &'static str) -> Result<Self::Ok, Self::Error>;\n     |        --------------------- the method is available for `ser::Serializer<std::vec::Vec<_>>` here\n     |\n     = help: items from traits can only be used if the trait is in scope\nhelp: there is a method `serialize_struct` with a similar name, but with different arguments\n    --> /home/abezbm/.cargo/registry/src/index.crates.io-6f17d22bba15001f/serde-1.0.219/src/ser/mod.rs:1205:5\n     |\n1205 | /     fn serialize_struct(\n1206 | |         self,\n1207 | |         name: &'static str,\n1208 | |         len: usize,\n1209 | |     ) -> Result<Self::SerializeStruct, Self::Error>;\n     | |____________________________________________________^\nhelp: trait `Serializer` which provides `serialize_unit_struct` is implemented but not in scope; perhaps you want to import it\n     |\n2280 +    use serde::Serializer;\n     |\n\nerror[E0599]: no method named `serialize_unit_struct` found for struct `ser::Serializer` in the current scope\n    --> src/ser.rs:2292:29\n     |\n15   | pub struct Serializer<W, F = CompactFormatter> {\n     | ---------------------------------------------- method `serialize_unit_struct` not found for this struct\n...\n2292 |     let result = serializer.serialize_unit_struct(\"EmptyStruct\");\n     |                             ^^^^^^^^^^^^^^^^^^^^^\n     |\n    ::: /home/abezbm/.cargo/registry/src/index.crates.io-6f17d22bba15001f/serde-1.0.219/src/ser/mod.rs:846:8\n     |\n846  |     fn serialize_unit_struct(self, name: &'static str) -> Result<Self::Ok, Self::Error>;\n     |        --------------------- the method is available for `ser::Serializer<std::vec::Vec<_>>` here\n     |\n     = help: items from traits can only be used if the trait is in scope\nhelp: there is a method `serialize_struct` with a similar name, but with different arguments\n    --> /home/abezbm/.cargo/registry/src/index.crates.io-6f17d22bba15001f/serde-1.0.219/src/ser/mod.rs:1205:5\n     |\n1205 | /     fn serialize_struct(\n1206 | |         self,\n1207 | |         name: &'static str,\n1208 | |         len: usize,\n1209 | |     ) -> Result<Self::SerializeStruct, Self::Error>;\n     | |____________________________________________________^\nhelp: trait `Serializer` which provides `serialize_unit_struct` is implemented but not in scope; perhaps you want to import it\n     |\n2280 +    use serde::Serializer;\n     |\n\nFor more information about this error, try `rustc --explain E0599`.\nwarning: `serde_json` (lib test) generated 1 warning\nerror: could not compile `serde_json` (lib test) due to 2 previous errors; 1 warning emitted\n"
                },
                {
                  "Err": "   Compiling proc-macro2 v1.0.95\n   Compiling serde v1.0.219\n   Compiling syn v1.0.109\n   Compiling libc v0.2.172\n   Compiling target-triple v0.1.4\n   Compiling serde_json v1.0.140\n   Compiling rustversion v1.0.20\n   Compiling ref-cast v1.0.24\n   Compiling serde_json v1.0.140 (/home/abezbm/rust-utgen-test-crates-new/json)\n   Compiling psm v0.1.26\n   Compiling stacker v0.1.21\n   Compiling quote v1.0.40\n   Compiling syn v2.0.101\n   Compiling serde_derive v1.0.219\n   Compiling ref-cast-impl v1.0.24\n   Compiling automod v1.0.15\n   Compiling ntest_test_cases v0.9.3\n   Compiling ntest_timeout v0.9.3\n   Compiling ntest v0.9.3\n   Compiling serde_spanned v0.6.8\n   Compiling toml_datetime v0.6.9\n   Compiling serde_stacker v0.1.12\n   Compiling serde_bytes v0.11.17\n   Compiling toml_edit v0.22.25\n   Compiling toml v0.8.21\n   Compiling trybuild v1.0.104\nwarning: unused import: `ntest::timeout`\n    --> src/ser.rs:2281:8\n     |\n2281 |    use ntest::timeout;\n     |        ^^^^^^^^^^^^^^\n     |\n     = note: `#[warn(unused_imports)]` on by default\n\nerror[E0599]: no method named `serialize_unit_struct` found for struct `ser::Serializer` in the current scope\n    --> src/ser.rs:2288:24\n     |\n15   | pub struct Serializer<W, F = CompactFormatter> {\n     | ---------------------------------------------- method `serialize_unit_struct` not found for this struct\n...\n2288 |     let _ = serializer.serialize_unit_struct(\"EmptyStruct\");\n     |                        ^^^^^^^^^^^^^^^^^^^^^\n     |\n    ::: /home/abezbm/.cargo/registry/src/index.crates.io-6f17d22bba15001f/serde-1.0.219/src/ser/mod.rs:846:8\n     |\n846  |     fn serialize_unit_struct(self, name: &'static str) -> Result<Self::Ok, Self::Error>;\n     |        --------------------- the method is available for `ser::Serializer<std::vec::Vec<_>>` here\n     |\n     = help: items from traits can only be used if the trait is in scope\nhelp: there is a method `serialize_struct` with a similar name, but with different arguments\n    --> /home/abezbm/.cargo/registry/src/index.crates.io-6f17d22bba15001f/serde-1.0.219/src/ser/mod.rs:1205:5\n     |\n1205 | /     fn serialize_struct(\n1206 | |         self,\n1207 | |         name: &'static str,\n1208 | |         len: usize,\n1209 | |     ) -> Result<Self::SerializeStruct, Self::Error>;\n     | |____________________________________________________^\nhelp: trait `Serializer` which provides `serialize_unit_struct` is implemented but not in scope; perhaps you want to import it\n     |\n2280 +    use serde::Serializer;\n     |\n\nerror[E0599]: no method named `serialize_unit_struct` found for struct `ser::Serializer` in the current scope\n    --> src/ser.rs:2292:29\n     |\n15   | pub struct Serializer<W, F = CompactFormatter> {\n     | ---------------------------------------------- method `serialize_unit_struct` not found for this struct\n...\n2292 |     let result = serializer.serialize_unit_struct(\"EmptyStruct\");\n     |                             ^^^^^^^^^^^^^^^^^^^^^\n     |\n    ::: /home/abezbm/.cargo/registry/src/index.crates.io-6f17d22bba15001f/serde-1.0.219/src/ser/mod.rs:846:8\n     |\n846  |     fn serialize_unit_struct(self, name: &'static str) -> Result<Self::Ok, Self::Error>;\n     |        --------------------- the method is available for `ser::Serializer<std::vec::Vec<_>>` here\n     |\n     = help: items from traits can only be used if the trait is in scope\nhelp: there is a method `serialize_struct` with a similar name, but with different arguments\n    --> /home/abezbm/.cargo/registry/src/index.crates.io-6f17d22bba15001f/serde-1.0.219/src/ser/mod.rs:1205:5\n     |\n1205 | /     fn serialize_struct(\n1206 | |         self,\n1207 | |         name: &'static str,\n1208 | |         len: usize,\n1209 | |     ) -> Result<Self::SerializeStruct, Self::Error>;\n     | |____________________________________________________^\nhelp: trait `Serializer` which provides `serialize_unit_struct` is implemented but not in scope; perhaps you want to import it\n     |\n2280 +    use serde::Serializer;\n     |\n\nFor more information about this error, try `rustc --explain E0599`.\nwarning: `serde_json` (lib test) generated 1 warning\nerror: could not compile `serde_json` (lib test) due to 2 previous errors; 1 warning emitted\n"
                }
              ],
              "repaired": [
                false,
                false
              ]
            },
            {
              "attrs": [],
              "prefix": [
                "{",
                "    let writer = Vec::new();",
                "    let formatter = CompactFormatter; ",
                "    let serializer = Serializer { writer, formatter };",
                "    let _ = serializer.serialize_unit_variant(\"UnitVariantName\", 0, \"Variant\");",
                "}"
              ],
              "oracles": [
                [
                  "    let writer = Vec::new();",
                  "    let formatter = CompactFormatter;",
                  "    let serializer = Serializer { writer, formatter };",
                  "    let result = serializer.serialize_unit_variant(\"UnitVariantName\", 0, \"Variant\");",
                  "    assert!(result.is_err());"
                ],
                [
                  "    let writer = Vec::new();",
                  "    let formatter = CompactFormatter;",
                  "    let serializer = Serializer { writer, formatter };",
                  "    let result = serializer.serialize_unit_variant(\"UnitVariantName\", 0, \"Variant\");",
                  "    assert_eq!(result.err().unwrap(), key_must_be_a_string());"
                ]
              ],
              "codes": [
                [
                  "{",
                  "    let writer = Vec::new();",
                  "    let formatter = CompactFormatter; ",
                  "    let serializer = Serializer { writer, formatter };",
                  "    let _ = serializer.serialize_unit_variant(\"UnitVariantName\", 0, \"Variant\");",
                  "    let writer = Vec::new();",
                  "    let formatter = CompactFormatter;",
                  "    let serializer = Serializer { writer, formatter };",
                  "    let result = serializer.serialize_unit_variant(\"UnitVariantName\", 0, \"Variant\");",
                  "    assert!(result.is_err());",
                  "}"
                ],
                [
                  "{",
                  "    let writer = Vec::new();",
                  "    let formatter = CompactFormatter; ",
                  "    let serializer = Serializer { writer, formatter };",
                  "    let _ = serializer.serialize_unit_variant(\"UnitVariantName\", 0, \"Variant\");",
                  "    let writer = Vec::new();",
                  "    let formatter = CompactFormatter;",
                  "    let serializer = Serializer { writer, formatter };",
                  "    let result = serializer.serialize_unit_variant(\"UnitVariantName\", 0, \"Variant\");",
                  "    assert_eq!(result.err().unwrap(), key_must_be_a_string());",
                  "}"
                ]
              ],
              "can_compile": [
                {
                  "Err": "   Compiling proc-macro2 v1.0.95\n   Compiling serde v1.0.219\n   Compiling syn v1.0.109\n   Compiling libc v0.2.172\n   Compiling serde_json v1.0.140\n   Compiling target-triple v0.1.4\n   Compiling ref-cast v1.0.24\n   Compiling rustversion v1.0.20\n   Compiling serde_json v1.0.140 (/home/abezbm/rust-utgen-test-crates-new/json)\n   Compiling psm v0.1.26\n   Compiling stacker v0.1.21\n   Compiling quote v1.0.40\n   Compiling syn v2.0.101\n   Compiling serde_derive v1.0.219\n   Compiling ref-cast-impl v1.0.24\n   Compiling automod v1.0.15\n   Compiling ntest_test_cases v0.9.3\n   Compiling ntest_timeout v0.9.3\n   Compiling ntest v0.9.3\n   Compiling serde_spanned v0.6.8\n   Compiling toml_datetime v0.6.9\n   Compiling serde_bytes v0.11.17\n   Compiling serde_stacker v0.1.12\n   Compiling toml_edit v0.22.25\n   Compiling toml v0.8.21\n   Compiling trybuild v1.0.104\nwarning: unused import: `ntest::timeout`\n    --> src/ser.rs:2281:8\n     |\n2281 |    use ntest::timeout;\n     |        ^^^^^^^^^^^^^^\n     |\n     = note: `#[warn(unused_imports)]` on by default\n\nerror[E0599]: no method named `serialize_unit_variant` found for struct `ser::Serializer` in the current scope\n    --> src/ser.rs:2288:24\n     |\n15   | pub struct Serializer<W, F = CompactFormatter> {\n     | ---------------------------------------------- method `serialize_unit_variant` not found for this struct\n...\n2288 |     let _ = serializer.serialize_unit_variant(\"UnitVariantName\", 0, \"Variant\");\n     |                        ^^^^^^^^^^^^^^^^^^^^^^\n     |\n    ::: /home/abezbm/.cargo/registry/src/index.crates.io-6f17d22bba15001f/serde-1.0.219/src/ser/mod.rs:874:8\n     |\n874  |     fn serialize_unit_variant(\n     |        ---------------------- the method is available for `ser::Serializer<std::vec::Vec<_>>` here\n     |\n     = help: items from traits can only be used if the trait is in scope\nhelp: there is a method `serialize_unit` with a similar name, but with different arguments\n    --> /home/abezbm/.cargo/registry/src/index.crates.io-6f17d22bba15001f/serde-1.0.219/src/ser/mod.rs:826:5\n     |\n826  |     fn serialize_unit(self) -> Result<Self::Ok, Self::Error>;\n     |     ^^^^^^^^^^^^^^^^^^^^^^^^^^^^^^^^^^^^^^^^^^^^^^^^^^^^^^^^^\nhelp: trait `Serializer` which provides `serialize_unit_variant` is implemented but not in scope; perhaps you want to import it\n     |\n2280 +    use serde::Serializer;\n     |\n\nerror[E0599]: no method named `serialize_unit_variant` found for struct `ser::Serializer` in the current scope\n    --> src/ser.rs:2292:29\n     |\n15   | pub struct Serializer<W, F = CompactFormatter> {\n     | ---------------------------------------------- method `serialize_unit_variant` not found for this struct\n...\n2292 |     let result = serializer.serialize_unit_variant(\"UnitVariantName\", 0, \"Variant\");\n     |                             ^^^^^^^^^^^^^^^^^^^^^^\n     |\n    ::: /home/abezbm/.cargo/registry/src/index.crates.io-6f17d22bba15001f/serde-1.0.219/src/ser/mod.rs:874:8\n     |\n874  |     fn serialize_unit_variant(\n     |        ---------------------- the method is available for `ser::Serializer<std::vec::Vec<_>>` here\n     |\n     = help: items from traits can only be used if the trait is in scope\nhelp: there is a method `serialize_unit` with a similar name, but with different arguments\n    --> /home/abezbm/.cargo/registry/src/index.crates.io-6f17d22bba15001f/serde-1.0.219/src/ser/mod.rs:826:5\n     |\n826  |     fn serialize_unit(self) -> Result<Self::Ok, Self::Error>;\n     |     ^^^^^^^^^^^^^^^^^^^^^^^^^^^^^^^^^^^^^^^^^^^^^^^^^^^^^^^^^\nhelp: trait `Serializer` which provides `serialize_unit_variant` is implemented but not in scope; perhaps you want to import it\n     |\n2280 +    use serde::Serializer;\n     |\n\nFor more information about this error, try `rustc --explain E0599`.\nwarning: `serde_json` (lib test) generated 1 warning\nerror: could not compile `serde_json` (lib test) due to 2 previous errors; 1 warning emitted\n"
                },
                {
                  "Err": "   Compiling proc-macro2 v1.0.95\n   Compiling serde v1.0.219\n   Compiling syn v1.0.109\n   Compiling libc v0.2.172\n   Compiling serde_json v1.0.140\n   Compiling target-triple v0.1.4\n   Compiling rustversion v1.0.20\n   Compiling ref-cast v1.0.24\n   Compiling serde_json v1.0.140 (/home/abezbm/rust-utgen-test-crates-new/json)\n   Compiling psm v0.1.26\n   Compiling stacker v0.1.21\n   Compiling quote v1.0.40\n   Compiling syn v2.0.101\n   Compiling serde_derive v1.0.219\n   Compiling ref-cast-impl v1.0.24\n   Compiling automod v1.0.15\n   Compiling ntest_test_cases v0.9.3\n   Compiling ntest_timeout v0.9.3\n   Compiling ntest v0.9.3\n   Compiling serde_spanned v0.6.8\n   Compiling toml_datetime v0.6.9\n   Compiling serde_stacker v0.1.12\n   Compiling serde_bytes v0.11.17\n   Compiling toml_edit v0.22.25\n   Compiling toml v0.8.21\n   Compiling trybuild v1.0.104\nwarning: unused import: `ntest::timeout`\n    --> src/ser.rs:2281:8\n     |\n2281 |    use ntest::timeout;\n     |        ^^^^^^^^^^^^^^\n     |\n     = note: `#[warn(unused_imports)]` on by default\n\nerror[E0599]: no method named `serialize_unit_variant` found for struct `ser::Serializer` in the current scope\n    --> src/ser.rs:2288:24\n     |\n15   | pub struct Serializer<W, F = CompactFormatter> {\n     | ---------------------------------------------- method `serialize_unit_variant` not found for this struct\n...\n2288 |     let _ = serializer.serialize_unit_variant(\"UnitVariantName\", 0, \"Variant\");\n     |                        ^^^^^^^^^^^^^^^^^^^^^^\n     |\n    ::: /home/abezbm/.cargo/registry/src/index.crates.io-6f17d22bba15001f/serde-1.0.219/src/ser/mod.rs:874:8\n     |\n874  |     fn serialize_unit_variant(\n     |        ---------------------- the method is available for `ser::Serializer<std::vec::Vec<_>>` here\n     |\n     = help: items from traits can only be used if the trait is in scope\nhelp: there is a method `serialize_unit` with a similar name, but with different arguments\n    --> /home/abezbm/.cargo/registry/src/index.crates.io-6f17d22bba15001f/serde-1.0.219/src/ser/mod.rs:826:5\n     |\n826  |     fn serialize_unit(self) -> Result<Self::Ok, Self::Error>;\n     |     ^^^^^^^^^^^^^^^^^^^^^^^^^^^^^^^^^^^^^^^^^^^^^^^^^^^^^^^^^\nhelp: trait `Serializer` which provides `serialize_unit_variant` is implemented but not in scope; perhaps you want to import it\n     |\n2280 +    use serde::Serializer;\n     |\n\nerror[E0599]: no method named `serialize_unit_variant` found for struct `ser::Serializer` in the current scope\n    --> src/ser.rs:2292:29\n     |\n15   | pub struct Serializer<W, F = CompactFormatter> {\n     | ---------------------------------------------- method `serialize_unit_variant` not found for this struct\n...\n2292 |     let result = serializer.serialize_unit_variant(\"UnitVariantName\", 0, \"Variant\");\n     |                             ^^^^^^^^^^^^^^^^^^^^^^\n     |\n    ::: /home/abezbm/.cargo/registry/src/index.crates.io-6f17d22bba15001f/serde-1.0.219/src/ser/mod.rs:874:8\n     |\n874  |     fn serialize_unit_variant(\n     |        ---------------------- the method is available for `ser::Serializer<std::vec::Vec<_>>` here\n     |\n     = help: items from traits can only be used if the trait is in scope\nhelp: there is a method `serialize_unit` with a similar name, but with different arguments\n    --> /home/abezbm/.cargo/registry/src/index.crates.io-6f17d22bba15001f/serde-1.0.219/src/ser/mod.rs:826:5\n     |\n826  |     fn serialize_unit(self) -> Result<Self::Ok, Self::Error>;\n     |     ^^^^^^^^^^^^^^^^^^^^^^^^^^^^^^^^^^^^^^^^^^^^^^^^^^^^^^^^^\nhelp: trait `Serializer` which provides `serialize_unit_variant` is implemented but not in scope; perhaps you want to import it\n     |\n2280 +    use serde::Serializer;\n     |\n\nFor more information about this error, try `rustc --explain E0599`.\nwarning: `serde_json` (lib test) generated 1 warning\nerror: could not compile `serde_json` (lib test) due to 2 previous errors; 1 warning emitted\n"
                }
              ],
              "repaired": [
                false,
                false
              ]
            },
            {
              "attrs": [],
              "prefix": [
                "{",
                "    let writer = Vec::new();",
                "    let formatter = CompactFormatter; ",
                "    let serializer = Serializer { writer, formatter };",
                "    let _ = serializer.serialize_some(&());",
                "}"
              ],
              "oracles": [
                [
                  "    let writer = Vec::new();",
                  "    let formatter = CompactFormatter;",
                  "    let serializer = Serializer { writer, formatter };",
                  "    assert_eq!(serializer.serialize_some(&()), Err(key_must_be_a_string()));"
                ]
              ],
              "codes": [
                [
                  "{",
                  "    let writer = Vec::new();",
                  "    let formatter = CompactFormatter; ",
                  "    let serializer = Serializer { writer, formatter };",
                  "    let _ = serializer.serialize_some(&());",
                  "    let writer = Vec::new();",
                  "    let formatter = CompactFormatter;",
                  "    let serializer = Serializer { writer, formatter };",
                  "    assert_eq!(serializer.serialize_some(&()), Err(key_must_be_a_string()));",
                  "}"
                ]
              ],
              "can_compile": [
                {
                  "Err": "   Compiling proc-macro2 v1.0.95\n   Compiling serde v1.0.219\n   Compiling syn v1.0.109\n   Compiling libc v0.2.172\n   Compiling target-triple v0.1.4\n   Compiling serde_json v1.0.140\n   Compiling rustversion v1.0.20\n   Compiling ref-cast v1.0.24\n   Compiling serde_json v1.0.140 (/home/abezbm/rust-utgen-test-crates-new/json)\n   Compiling psm v0.1.26\n   Compiling stacker v0.1.21\n   Compiling quote v1.0.40\n   Compiling syn v2.0.101\n   Compiling serde_derive v1.0.219\n   Compiling ref-cast-impl v1.0.24\n   Compiling automod v1.0.15\n   Compiling ntest_test_cases v0.9.3\n   Compiling ntest_timeout v0.9.3\n   Compiling ntest v0.9.3\n   Compiling toml_datetime v0.6.9\n   Compiling serde_spanned v0.6.8\n   Compiling serde_stacker v0.1.12\n   Compiling serde_bytes v0.11.17\n   Compiling toml_edit v0.22.25\n   Compiling toml v0.8.21\n   Compiling trybuild v1.0.104\nwarning: unused import: `ntest::timeout`\n    --> src/ser.rs:2281:8\n     |\n2281 |    use ntest::timeout;\n     |        ^^^^^^^^^^^^^^\n     |\n     = note: `#[warn(unused_imports)]` on by default\n\nerror[E0599]: no method named `serialize_some` found for struct `ser::Serializer` in the current scope\n    --> src/ser.rs:2288:24\n     |\n15   | pub struct Serializer<W, F = CompactFormatter> {\n     | ---------------------------------------------- method `serialize_some` not found for this struct\n...\n2288 |     let _ = serializer.serialize_some(&());\n     |                        ^^^^^^^^^^^^^^\n     |\n    ::: /home/abezbm/.cargo/registry/src/index.crates.io-6f17d22bba15001f/serde-1.0.219/src/ser/mod.rs:806:8\n     |\n806  |     fn serialize_some<T>(self, value: &T) -> Result<Self::Ok, Self::Error>\n     |        -------------- the method is available for `ser::Serializer<std::vec::Vec<_>>` here\n     |\n     = help: items from traits can only be used if the trait is in scope\nhelp: there is a method `serialize_none` with a similar name, but with different arguments\n    --> /home/abezbm/.cargo/registry/src/index.crates.io-6f17d22bba15001f/serde-1.0.219/src/ser/mod.rs:773:5\n     |\n773  |     fn serialize_none(self) -> Result<Self::Ok, Self::Error>;\n     |     ^^^^^^^^^^^^^^^^^^^^^^^^^^^^^^^^^^^^^^^^^^^^^^^^^^^^^^^^^\nhelp: trait `Serializer` which provides `serialize_some` is implemented but not in scope; perhaps you want to import it\n     |\n2280 +    use serde::Serializer;\n     |\n\nerror[E0599]: no method named `serialize_some` found for struct `ser::Serializer` in the current scope\n    --> src/ser.rs:2292:27\n     |\n15   | pub struct Serializer<W, F = CompactFormatter> {\n     | ---------------------------------------------- method `serialize_some` not found for this struct\n...\n2292 |     assert_eq!(serializer.serialize_some(&()), Err(key_must_be_a_string()));\n     |                           ^^^^^^^^^^^^^^\n     |\n    ::: /home/abezbm/.cargo/registry/src/index.crates.io-6f17d22bba15001f/serde-1.0.219/src/ser/mod.rs:806:8\n     |\n806  |     fn serialize_some<T>(self, value: &T) -> Result<Self::Ok, Self::Error>\n     |        -------------- the method is available for `ser::Serializer<std::vec::Vec<_>>` here\n     |\n     = help: items from traits can only be used if the trait is in scope\nhelp: there is a method `serialize_none` with a similar name, but with different arguments\n    --> /home/abezbm/.cargo/registry/src/index.crates.io-6f17d22bba15001f/serde-1.0.219/src/ser/mod.rs:773:5\n     |\n773  |     fn serialize_none(self) -> Result<Self::Ok, Self::Error>;\n     |     ^^^^^^^^^^^^^^^^^^^^^^^^^^^^^^^^^^^^^^^^^^^^^^^^^^^^^^^^^\nhelp: trait `Serializer` which provides `serialize_some` is implemented but not in scope; perhaps you want to import it\n     |\n2280 +    use serde::Serializer;\n     |\n\nFor more information about this error, try `rustc --explain E0599`.\nwarning: `serde_json` (lib test) generated 1 warning\nerror: could not compile `serde_json` (lib test) due to 2 previous errors; 1 warning emitted\n"
                }
              ],
              "repaired": [
                false
              ]
            },
            {
              "attrs": [],
              "prefix": [
                "{",
                "    let writer = Vec::new();",
                "    let formatter = CompactFormatter; ",
                "    let serializer = Serializer { writer, formatter };",
                "    let _ = serializer.serialize_none();",
                "}"
              ],
              "oracles": [
                [
                  "    let writer = Vec::new();",
                  "    let formatter = CompactFormatter;",
                  "    let serializer = Serializer { writer, formatter };",
                  "    assert!(serializer.serialize_none().is_err());"
                ],
                [
                  "    let writer = Vec::new();",
                  "    let formatter = CompactFormatter;",
                  "    let serializer = Serializer { writer, formatter };",
                  "    assert_eq!(serializer.serialize_none().unwrap_err(), key_must_be_a_string());"
                ]
              ],
              "codes": [
                [
                  "{",
                  "    let writer = Vec::new();",
                  "    let formatter = CompactFormatter; ",
                  "    let serializer = Serializer { writer, formatter };",
                  "    let _ = serializer.serialize_none();",
                  "    let writer = Vec::new();",
                  "    let formatter = CompactFormatter;",
                  "    let serializer = Serializer { writer, formatter };",
                  "    assert!(serializer.serialize_none().is_err());",
                  "}"
                ],
                [
                  "{",
                  "    let writer = Vec::new();",
                  "    let formatter = CompactFormatter; ",
                  "    let serializer = Serializer { writer, formatter };",
                  "    let _ = serializer.serialize_none();",
                  "    let writer = Vec::new();",
                  "    let formatter = CompactFormatter;",
                  "    let serializer = Serializer { writer, formatter };",
                  "    assert_eq!(serializer.serialize_none().unwrap_err(), key_must_be_a_string());",
                  "}"
                ]
              ],
              "can_compile": [
                {
                  "Err": "   Compiling proc-macro2 v1.0.95\n   Compiling serde v1.0.219\n   Compiling syn v1.0.109\n   Compiling libc v0.2.172\n   Compiling serde_json v1.0.140\n   Compiling target-triple v0.1.4\n   Compiling rustversion v1.0.20\n   Compiling ref-cast v1.0.24\n   Compiling serde_json v1.0.140 (/home/abezbm/rust-utgen-test-crates-new/json)\n   Compiling psm v0.1.26\n   Compiling stacker v0.1.21\n   Compiling quote v1.0.40\n   Compiling syn v2.0.101\n   Compiling serde_derive v1.0.219\n   Compiling ref-cast-impl v1.0.24\n   Compiling automod v1.0.15\n   Compiling ntest_timeout v0.9.3\n   Compiling ntest_test_cases v0.9.3\n   Compiling ntest v0.9.3\n   Compiling serde_spanned v0.6.8\n   Compiling toml_datetime v0.6.9\n   Compiling serde_bytes v0.11.17\n   Compiling serde_stacker v0.1.12\n   Compiling toml_edit v0.22.25\n   Compiling toml v0.8.21\n   Compiling trybuild v1.0.104\nwarning: unused import: `ntest::timeout`\n    --> src/ser.rs:2281:8\n     |\n2281 |    use ntest::timeout;\n     |        ^^^^^^^^^^^^^^\n     |\n     = note: `#[warn(unused_imports)]` on by default\n\nerror[E0599]: no method named `serialize_none` found for struct `ser::Serializer` in the current scope\n    --> src/ser.rs:2288:24\n     |\n15   | pub struct Serializer<W, F = CompactFormatter> {\n     | ---------------------------------------------- method `serialize_none` not found for this struct\n...\n2288 |     let _ = serializer.serialize_none();\n     |                        ^^^^^^^^^^^^^^\n     |\n    ::: /home/abezbm/.cargo/registry/src/index.crates.io-6f17d22bba15001f/serde-1.0.219/src/ser/mod.rs:773:8\n     |\n773  |     fn serialize_none(self) -> Result<Self::Ok, Self::Error>;\n     |        -------------- the method is available for `ser::Serializer<std::vec::Vec<_>>` here\n     |\n     = help: items from traits can only be used if the trait is in scope\nhelp: there is a method `serialize_some` with a similar name, but with different arguments\n    --> /home/abezbm/.cargo/registry/src/index.crates.io-6f17d22bba15001f/serde-1.0.219/src/ser/mod.rs:806:5\n     |\n806  | /     fn serialize_some<T>(self, value: &T) -> Result<Self::Ok, Self::Error>\n807  | |     where\n808  | |         T: ?Sized + Serialize;\n     | |______________________________^\nhelp: trait `Serializer` which provides `serialize_none` is implemented but not in scope; perhaps you want to import it\n     |\n2280 +    use serde::Serializer;\n     |\n\nerror[E0599]: no method named `serialize_none` found for struct `ser::Serializer` in the current scope\n    --> src/ser.rs:2292:24\n     |\n15   | pub struct Serializer<W, F = CompactFormatter> {\n     | ---------------------------------------------- method `serialize_none` not found for this struct\n...\n2292 |     assert!(serializer.serialize_none().is_err());\n     |                        ^^^^^^^^^^^^^^\n     |\n    ::: /home/abezbm/.cargo/registry/src/index.crates.io-6f17d22bba15001f/serde-1.0.219/src/ser/mod.rs:773:8\n     |\n773  |     fn serialize_none(self) -> Result<Self::Ok, Self::Error>;\n     |        -------------- the method is available for `ser::Serializer<std::vec::Vec<_>>` here\n     |\n     = help: items from traits can only be used if the trait is in scope\nhelp: there is a method `serialize_some` with a similar name, but with different arguments\n    --> /home/abezbm/.cargo/registry/src/index.crates.io-6f17d22bba15001f/serde-1.0.219/src/ser/mod.rs:806:5\n     |\n806  | /     fn serialize_some<T>(self, value: &T) -> Result<Self::Ok, Self::Error>\n807  | |     where\n808  | |         T: ?Sized + Serialize;\n     | |______________________________^\nhelp: trait `Serializer` which provides `serialize_none` is implemented but not in scope; perhaps you want to import it\n     |\n2280 +    use serde::Serializer;\n     |\n\nFor more information about this error, try `rustc --explain E0599`.\nwarning: `serde_json` (lib test) generated 1 warning\nerror: could not compile `serde_json` (lib test) due to 2 previous errors; 1 warning emitted\n"
                },
                {
                  "Err": "   Compiling proc-macro2 v1.0.95\n   Compiling serde v1.0.219\n   Compiling syn v1.0.109\n   Compiling libc v0.2.172\n   Compiling serde_json v1.0.140\n   Compiling target-triple v0.1.4\n   Compiling rustversion v1.0.20\n   Compiling ref-cast v1.0.24\n   Compiling serde_json v1.0.140 (/home/abezbm/rust-utgen-test-crates-new/json)\n   Compiling psm v0.1.26\n   Compiling stacker v0.1.21\n   Compiling quote v1.0.40\n   Compiling syn v2.0.101\n   Compiling serde_derive v1.0.219\n   Compiling ref-cast-impl v1.0.24\n   Compiling automod v1.0.15\n   Compiling ntest_test_cases v0.9.3\n   Compiling ntest_timeout v0.9.3\n   Compiling ntest v0.9.3\n   Compiling serde_spanned v0.6.8\n   Compiling toml_datetime v0.6.9\n   Compiling serde_bytes v0.11.17\n   Compiling serde_stacker v0.1.12\n   Compiling toml_edit v0.22.25\n   Compiling toml v0.8.21\n   Compiling trybuild v1.0.104\nwarning: unused import: `ntest::timeout`\n    --> src/ser.rs:2281:8\n     |\n2281 |    use ntest::timeout;\n     |        ^^^^^^^^^^^^^^\n     |\n     = note: `#[warn(unused_imports)]` on by default\n\nerror[E0599]: no method named `serialize_none` found for struct `ser::Serializer` in the current scope\n    --> src/ser.rs:2288:24\n     |\n15   | pub struct Serializer<W, F = CompactFormatter> {\n     | ---------------------------------------------- method `serialize_none` not found for this struct\n...\n2288 |     let _ = serializer.serialize_none();\n     |                        ^^^^^^^^^^^^^^\n     |\n    ::: /home/abezbm/.cargo/registry/src/index.crates.io-6f17d22bba15001f/serde-1.0.219/src/ser/mod.rs:773:8\n     |\n773  |     fn serialize_none(self) -> Result<Self::Ok, Self::Error>;\n     |        -------------- the method is available for `ser::Serializer<std::vec::Vec<_>>` here\n     |\n     = help: items from traits can only be used if the trait is in scope\nhelp: there is a method `serialize_some` with a similar name, but with different arguments\n    --> /home/abezbm/.cargo/registry/src/index.crates.io-6f17d22bba15001f/serde-1.0.219/src/ser/mod.rs:806:5\n     |\n806  | /     fn serialize_some<T>(self, value: &T) -> Result<Self::Ok, Self::Error>\n807  | |     where\n808  | |         T: ?Sized + Serialize;\n     | |______________________________^\nhelp: trait `Serializer` which provides `serialize_none` is implemented but not in scope; perhaps you want to import it\n     |\n2280 +    use serde::Serializer;\n     |\n\nerror[E0599]: no method named `serialize_none` found for struct `ser::Serializer` in the current scope\n    --> src/ser.rs:2292:27\n     |\n15   | pub struct Serializer<W, F = CompactFormatter> {\n     | ---------------------------------------------- method `serialize_none` not found for this struct\n...\n2292 |     assert_eq!(serializer.serialize_none().unwrap_err(), key_must_be_a_string());\n     |                           ^^^^^^^^^^^^^^\n     |\n    ::: /home/abezbm/.cargo/registry/src/index.crates.io-6f17d22bba15001f/serde-1.0.219/src/ser/mod.rs:773:8\n     |\n773  |     fn serialize_none(self) -> Result<Self::Ok, Self::Error>;\n     |        -------------- the method is available for `ser::Serializer<std::vec::Vec<_>>` here\n     |\n     = help: items from traits can only be used if the trait is in scope\nhelp: there is a method `serialize_some` with a similar name, but with different arguments\n    --> /home/abezbm/.cargo/registry/src/index.crates.io-6f17d22bba15001f/serde-1.0.219/src/ser/mod.rs:806:5\n     |\n806  | /     fn serialize_some<T>(self, value: &T) -> Result<Self::Ok, Self::Error>\n807  | |     where\n808  | |         T: ?Sized + Serialize;\n     | |______________________________^\nhelp: trait `Serializer` which provides `serialize_none` is implemented but not in scope; perhaps you want to import it\n     |\n2280 +    use serde::Serializer;\n     |\n\nFor more information about this error, try `rustc --explain E0599`.\nwarning: `serde_json` (lib test) generated 1 warning\nerror: could not compile `serde_json` (lib test) due to 2 previous errors; 1 warning emitted\n"
                }
              ],
              "repaired": [
                false,
                false
              ]
            },
            {
              "attrs": [],
              "prefix": [
                "{",
                "    let writer = Vec::new();",
                "    let formatter = CompactFormatter; ",
                "    let serializer = Serializer { writer, formatter };",
                "    let _ = serializer.serialize_seq(None);",
                "}"
              ],
              "oracles": [
                [
                  "    let writer = Vec::new();",
                  "    let formatter = CompactFormatter;",
                  "    let serializer = Serializer { writer, formatter };",
                  "    let result = serializer.serialize_unit();",
                  "    assert!(result.is_err());"
                ],
                [
                  "    let writer = Vec::new();",
                  "    let formatter = CompactFormatter;",
                  "    let serializer = Serializer { writer, formatter };",
                  "    let result = serializer.serialize_unit();",
                  "    assert_eq!(result.unwrap_err(), key_must_be_a_string());"
                ]
              ],
              "codes": [
                [
                  "{",
                  "    let writer = Vec::new();",
                  "    let formatter = CompactFormatter; ",
                  "    let serializer = Serializer { writer, formatter };",
                  "    let _ = serializer.serialize_seq(None);",
                  "    let writer = Vec::new();",
                  "    let formatter = CompactFormatter;",
                  "    let serializer = Serializer { writer, formatter };",
                  "    let result = serializer.serialize_unit();",
                  "    assert!(result.is_err());",
                  "}"
                ],
                [
                  "{",
                  "    let writer = Vec::new();",
                  "    let formatter = CompactFormatter; ",
                  "    let serializer = Serializer { writer, formatter };",
                  "    let _ = serializer.serialize_seq(None);",
                  "    let writer = Vec::new();",
                  "    let formatter = CompactFormatter;",
                  "    let serializer = Serializer { writer, formatter };",
                  "    let result = serializer.serialize_unit();",
                  "    assert_eq!(result.unwrap_err(), key_must_be_a_string());",
                  "}"
                ]
              ],
              "can_compile": [
                {
                  "Err": "   Compiling proc-macro2 v1.0.95\n   Compiling serde v1.0.219\n   Compiling syn v1.0.109\n   Compiling libc v0.2.172\n   Compiling serde_json v1.0.140\n   Compiling target-triple v0.1.4\n   Compiling ref-cast v1.0.24\n   Compiling rustversion v1.0.20\n   Compiling serde_json v1.0.140 (/home/abezbm/rust-utgen-test-crates-new/json)\n   Compiling psm v0.1.26\n   Compiling stacker v0.1.21\n   Compiling quote v1.0.40\n   Compiling syn v2.0.101\n   Compiling serde_derive v1.0.219\n   Compiling ref-cast-impl v1.0.24\n   Compiling automod v1.0.15\n   Compiling ntest_timeout v0.9.3\n   Compiling ntest_test_cases v0.9.3\n   Compiling ntest v0.9.3\n   Compiling serde_spanned v0.6.8\n   Compiling toml_datetime v0.6.9\n   Compiling serde_bytes v0.11.17\n   Compiling serde_stacker v0.1.12\n   Compiling toml_edit v0.22.25\n   Compiling toml v0.8.21\n   Compiling trybuild v1.0.104\nwarning: unused import: `ntest::timeout`\n    --> src/ser.rs:2281:8\n     |\n2281 |    use ntest::timeout;\n     |        ^^^^^^^^^^^^^^\n     |\n     = note: `#[warn(unused_imports)]` on by default\n\nerror[E0599]: no method named `serialize_seq` found for struct `ser::Serializer` in the current scope\n    --> src/ser.rs:2288:24\n     |\n15   | pub struct Serializer<W, F = CompactFormatter> {\n     | ---------------------------------------------- method `serialize_seq` not found for this struct\n...\n2288 |     let _ = serializer.serialize_seq(None);\n     |                        ^^^^^^^^^^^^^\n     |\n    ::: /home/abezbm/.cargo/registry/src/index.crates.io-6f17d22bba15001f/serde-1.0.219/src/ser/mod.rs:991:8\n     |\n991  |     fn serialize_seq(self, len: Option<usize>) -> Result<Self::SerializeSeq, Self::Error>;\n     |        ------------- the method is available for `ser::Serializer<std::vec::Vec<_>>` here\n     |\n     = help: items from traits can only be used if the trait is in scope\nhelp: trait `Serializer` which provides `serialize_seq` is implemented but not in scope; perhaps you want to import it\n     |\n2280 +    use serde::Serializer;\n     |\nhelp: there is a method `serialize_str` with a similar name\n     |\n2288 |     let _ = serializer.serialize_str(None);\n     |                        ~~~~~~~~~~~~~\n\nerror[E0599]: no method named `serialize_unit` found for struct `ser::Serializer` in the current scope\n    --> src/ser.rs:2292:29\n     |\n15   | pub struct Serializer<W, F = CompactFormatter> {\n     | ---------------------------------------------- method `serialize_unit` not found for this struct\n...\n2292 |     let result = serializer.serialize_unit();\n     |                             ^^^^^^^^^^^^^^\n     |\n    ::: /home/abezbm/.cargo/registry/src/index.crates.io-6f17d22bba15001f/serde-1.0.219/src/ser/mod.rs:826:8\n     |\n826  |     fn serialize_unit(self) -> Result<Self::Ok, Self::Error>;\n     |        -------------- the method is available for `ser::Serializer<std::vec::Vec<_>>` here\n     |\n     = help: items from traits can only be used if the trait is in scope\nhelp: there is a method `serialize_unit_struct` with a similar name, but with different arguments\n    --> /home/abezbm/.cargo/registry/src/index.crates.io-6f17d22bba15001f/serde-1.0.219/src/ser/mod.rs:846:5\n     |\n846  |     fn serialize_unit_struct(self, name: &'static str) -> Result<Self::Ok, Self::Error>;\n     |     ^^^^^^^^^^^^^^^^^^^^^^^^^^^^^^^^^^^^^^^^^^^^^^^^^^^^^^^^^^^^^^^^^^^^^^^^^^^^^^^^^^^^\nhelp: trait `Serializer` which provides `serialize_unit` is implemented but not in scope; perhaps you want to import it\n     |\n2280 +    use serde::Serializer;\n     |\n\nFor more information about this error, try `rustc --explain E0599`.\nwarning: `serde_json` (lib test) generated 1 warning\nerror: could not compile `serde_json` (lib test) due to 2 previous errors; 1 warning emitted\n"
                },
                {
                  "Err": "   Compiling proc-macro2 v1.0.95\n   Compiling serde v1.0.219\n   Compiling syn v1.0.109\n   Compiling libc v0.2.172\n   Compiling serde_json v1.0.140\n   Compiling target-triple v0.1.4\n   Compiling ref-cast v1.0.24\n   Compiling rustversion v1.0.20\n   Compiling serde_json v1.0.140 (/home/abezbm/rust-utgen-test-crates-new/json)\n   Compiling psm v0.1.26\n   Compiling stacker v0.1.21\n   Compiling quote v1.0.40\n   Compiling syn v2.0.101\n   Compiling serde_derive v1.0.219\n   Compiling ref-cast-impl v1.0.24\n   Compiling automod v1.0.15\n   Compiling ntest_test_cases v0.9.3\n   Compiling ntest_timeout v0.9.3\n   Compiling ntest v0.9.3\n   Compiling toml_datetime v0.6.9\n   Compiling serde_spanned v0.6.8\n   Compiling serde_bytes v0.11.17\n   Compiling serde_stacker v0.1.12\n   Compiling toml_edit v0.22.25\n   Compiling toml v0.8.21\n   Compiling trybuild v1.0.104\nwarning: unused import: `ntest::timeout`\n    --> src/ser.rs:2281:8\n     |\n2281 |    use ntest::timeout;\n     |        ^^^^^^^^^^^^^^\n     |\n     = note: `#[warn(unused_imports)]` on by default\n\nerror[E0599]: no method named `serialize_seq` found for struct `ser::Serializer` in the current scope\n    --> src/ser.rs:2288:24\n     |\n15   | pub struct Serializer<W, F = CompactFormatter> {\n     | ---------------------------------------------- method `serialize_seq` not found for this struct\n...\n2288 |     let _ = serializer.serialize_seq(None);\n     |                        ^^^^^^^^^^^^^\n     |\n    ::: /home/abezbm/.cargo/registry/src/index.crates.io-6f17d22bba15001f/serde-1.0.219/src/ser/mod.rs:991:8\n     |\n991  |     fn serialize_seq(self, len: Option<usize>) -> Result<Self::SerializeSeq, Self::Error>;\n     |        ------------- the method is available for `ser::Serializer<std::vec::Vec<_>>` here\n     |\n     = help: items from traits can only be used if the trait is in scope\nhelp: trait `Serializer` which provides `serialize_seq` is implemented but not in scope; perhaps you want to import it\n     |\n2280 +    use serde::Serializer;\n     |\nhelp: there is a method `serialize_str` with a similar name\n     |\n2288 |     let _ = serializer.serialize_str(None);\n     |                        ~~~~~~~~~~~~~\n\nerror[E0599]: no method named `serialize_unit` found for struct `ser::Serializer` in the current scope\n    --> src/ser.rs:2292:29\n     |\n15   | pub struct Serializer<W, F = CompactFormatter> {\n     | ---------------------------------------------- method `serialize_unit` not found for this struct\n...\n2292 |     let result = serializer.serialize_unit();\n     |                             ^^^^^^^^^^^^^^\n     |\n    ::: /home/abezbm/.cargo/registry/src/index.crates.io-6f17d22bba15001f/serde-1.0.219/src/ser/mod.rs:826:8\n     |\n826  |     fn serialize_unit(self) -> Result<Self::Ok, Self::Error>;\n     |        -------------- the method is available for `ser::Serializer<std::vec::Vec<_>>` here\n     |\n     = help: items from traits can only be used if the trait is in scope\nhelp: there is a method `serialize_unit_struct` with a similar name, but with different arguments\n    --> /home/abezbm/.cargo/registry/src/index.crates.io-6f17d22bba15001f/serde-1.0.219/src/ser/mod.rs:846:5\n     |\n846  |     fn serialize_unit_struct(self, name: &'static str) -> Result<Self::Ok, Self::Error>;\n     |     ^^^^^^^^^^^^^^^^^^^^^^^^^^^^^^^^^^^^^^^^^^^^^^^^^^^^^^^^^^^^^^^^^^^^^^^^^^^^^^^^^^^^\nhelp: trait `Serializer` which provides `serialize_unit` is implemented but not in scope; perhaps you want to import it\n     |\n2280 +    use serde::Serializer;\n     |\n\nFor more information about this error, try `rustc --explain E0599`.\nwarning: `serde_json` (lib test) generated 1 warning\nerror: could not compile `serde_json` (lib test) due to 2 previous errors; 1 warning emitted\n"
                }
              ],
              "repaired": [
                false,
                false
              ]
            },
            {
              "attrs": [],
              "prefix": [
                "{",
                "    let writer = Vec::new();",
                "    let formatter = CompactFormatter; ",
                "    let serializer = Serializer { writer, formatter };",
                "    let _ = serializer.serialize_tuple(2);",
                "}"
              ],
              "oracles": [
                [
                  "    let writer = Vec::new();",
                  "    let formatter = CompactFormatter;",
                  "    let serializer = Serializer { writer, formatter };",
                  "    let result = serializer.serialize_tuple(2);",
                  "    assert!(result.is_err());"
                ],
                [
                  "    let writer = Vec::new();",
                  "    let formatter = CompactFormatter;",
                  "    let serializer = Serializer { writer, formatter };",
                  "    let result = serializer.serialize_tuple(2);",
                  "    assert_eq!(result.err().unwrap(), key_must_be_a_string());"
                ]
              ],
              "codes": [
                [
                  "{",
                  "    let writer = Vec::new();",
                  "    let formatter = CompactFormatter; ",
                  "    let serializer = Serializer { writer, formatter };",
                  "    let _ = serializer.serialize_tuple(2);",
                  "    let writer = Vec::new();",
                  "    let formatter = CompactFormatter;",
                  "    let serializer = Serializer { writer, formatter };",
                  "    let result = serializer.serialize_tuple(2);",
                  "    assert!(result.is_err());",
                  "}"
                ],
                [
                  "{",
                  "    let writer = Vec::new();",
                  "    let formatter = CompactFormatter; ",
                  "    let serializer = Serializer { writer, formatter };",
                  "    let _ = serializer.serialize_tuple(2);",
                  "    let writer = Vec::new();",
                  "    let formatter = CompactFormatter;",
                  "    let serializer = Serializer { writer, formatter };",
                  "    let result = serializer.serialize_tuple(2);",
                  "    assert_eq!(result.err().unwrap(), key_must_be_a_string());",
                  "}"
                ]
              ],
              "can_compile": [
                {
                  "Err": "   Compiling proc-macro2 v1.0.95\n   Compiling serde v1.0.219\n   Compiling syn v1.0.109\n   Compiling libc v0.2.172\n   Compiling serde_json v1.0.140\n   Compiling target-triple v0.1.4\n   Compiling ref-cast v1.0.24\n   Compiling rustversion v1.0.20\n   Compiling serde_json v1.0.140 (/home/abezbm/rust-utgen-test-crates-new/json)\n   Compiling psm v0.1.26\n   Compiling stacker v0.1.21\n   Compiling quote v1.0.40\n   Compiling syn v2.0.101\n   Compiling serde_derive v1.0.219\n   Compiling ref-cast-impl v1.0.24\n   Compiling automod v1.0.15\n   Compiling ntest_test_cases v0.9.3\n   Compiling ntest_timeout v0.9.3\n   Compiling ntest v0.9.3\n   Compiling serde_spanned v0.6.8\n   Compiling toml_datetime v0.6.9\n   Compiling serde_stacker v0.1.12\n   Compiling serde_bytes v0.11.17\n   Compiling toml_edit v0.22.25\n   Compiling toml v0.8.21\n   Compiling trybuild v1.0.104\nwarning: unused import: `ntest::timeout`\n    --> src/ser.rs:2281:8\n     |\n2281 |    use ntest::timeout;\n     |        ^^^^^^^^^^^^^^\n     |\n     = note: `#[warn(unused_imports)]` on by default\n\nerror[E0599]: no method named `serialize_tuple` found for struct `ser::Serializer` in the current scope\n    --> src/ser.rs:2288:24\n     |\n15   | pub struct Serializer<W, F = CompactFormatter> {\n     | ---------------------------------------------- method `serialize_tuple` not found for this struct\n...\n2288 |     let _ = serializer.serialize_tuple(2);\n     |                        ^^^^^^^^^^^^^^^\n     |\n    ::: /home/abezbm/.cargo/registry/src/index.crates.io-6f17d22bba15001f/serde-1.0.219/src/ser/mod.rs:1047:8\n     |\n1047 |     fn serialize_tuple(self, len: usize) -> Result<Self::SerializeTuple, Self::Error>;\n     |        --------------- the method is available for `ser::Serializer<std::vec::Vec<_>>` here\n     |\n     = help: items from traits can only be used if the trait is in scope\nhelp: there is a method `serialize_tuple_struct` with a similar name, but with different arguments\n    --> /home/abezbm/.cargo/registry/src/index.crates.io-6f17d22bba15001f/serde-1.0.219/src/ser/mod.rs:1074:5\n     |\n1074 | /     fn serialize_tuple_struct(\n1075 | |         self,\n1076 | |         name: &'static str,\n1077 | |         len: usize,\n1078 | |     ) -> Result<Self::SerializeTupleStruct, Self::Error>;\n     | |_________________________________________________________^\nhelp: trait `Serializer` which provides `serialize_tuple` is implemented but not in scope; perhaps you want to import it\n     |\n2280 +    use serde::Serializer;\n     |\n\nerror[E0599]: no method named `serialize_tuple` found for struct `ser::Serializer` in the current scope\n    --> src/ser.rs:2292:29\n     |\n15   | pub struct Serializer<W, F = CompactFormatter> {\n     | ---------------------------------------------- method `serialize_tuple` not found for this struct\n...\n2292 |     let result = serializer.serialize_tuple(2);\n     |                             ^^^^^^^^^^^^^^^\n     |\n    ::: /home/abezbm/.cargo/registry/src/index.crates.io-6f17d22bba15001f/serde-1.0.219/src/ser/mod.rs:1047:8\n     |\n1047 |     fn serialize_tuple(self, len: usize) -> Result<Self::SerializeTuple, Self::Error>;\n     |        --------------- the method is available for `ser::Serializer<std::vec::Vec<_>>` here\n     |\n     = help: items from traits can only be used if the trait is in scope\nhelp: there is a method `serialize_tuple_struct` with a similar name, but with different arguments\n    --> /home/abezbm/.cargo/registry/src/index.crates.io-6f17d22bba15001f/serde-1.0.219/src/ser/mod.rs:1074:5\n     |\n1074 | /     fn serialize_tuple_struct(\n1075 | |         self,\n1076 | |         name: &'static str,\n1077 | |         len: usize,\n1078 | |     ) -> Result<Self::SerializeTupleStruct, Self::Error>;\n     | |_________________________________________________________^\nhelp: trait `Serializer` which provides `serialize_tuple` is implemented but not in scope; perhaps you want to import it\n     |\n2280 +    use serde::Serializer;\n     |\n\nFor more information about this error, try `rustc --explain E0599`.\nwarning: `serde_json` (lib test) generated 1 warning\nerror: could not compile `serde_json` (lib test) due to 2 previous errors; 1 warning emitted\n"
                },
                {
                  "Err": "   Compiling proc-macro2 v1.0.95\n   Compiling serde v1.0.219\n   Compiling syn v1.0.109\n   Compiling libc v0.2.172\n   Compiling target-triple v0.1.4\n   Compiling serde_json v1.0.140\n   Compiling rustversion v1.0.20\n   Compiling ref-cast v1.0.24\n   Compiling serde_json v1.0.140 (/home/abezbm/rust-utgen-test-crates-new/json)\n   Compiling psm v0.1.26\n   Compiling stacker v0.1.21\n   Compiling quote v1.0.40\n   Compiling syn v2.0.101\n   Compiling serde_derive v1.0.219\n   Compiling ref-cast-impl v1.0.24\n   Compiling automod v1.0.15\n   Compiling ntest_test_cases v0.9.3\n   Compiling ntest_timeout v0.9.3\n   Compiling ntest v0.9.3\n   Compiling serde_spanned v0.6.8\n   Compiling toml_datetime v0.6.9\n   Compiling serde_bytes v0.11.17\n   Compiling serde_stacker v0.1.12\n   Compiling toml_edit v0.22.25\n   Compiling toml v0.8.21\n   Compiling trybuild v1.0.104\nwarning: unused import: `ntest::timeout`\n    --> src/ser.rs:2281:8\n     |\n2281 |    use ntest::timeout;\n     |        ^^^^^^^^^^^^^^\n     |\n     = note: `#[warn(unused_imports)]` on by default\n\nerror[E0599]: no method named `serialize_tuple` found for struct `ser::Serializer` in the current scope\n    --> src/ser.rs:2288:24\n     |\n15   | pub struct Serializer<W, F = CompactFormatter> {\n     | ---------------------------------------------- method `serialize_tuple` not found for this struct\n...\n2288 |     let _ = serializer.serialize_tuple(2);\n     |                        ^^^^^^^^^^^^^^^\n     |\n    ::: /home/abezbm/.cargo/registry/src/index.crates.io-6f17d22bba15001f/serde-1.0.219/src/ser/mod.rs:1047:8\n     |\n1047 |     fn serialize_tuple(self, len: usize) -> Result<Self::SerializeTuple, Self::Error>;\n     |        --------------- the method is available for `ser::Serializer<std::vec::Vec<_>>` here\n     |\n     = help: items from traits can only be used if the trait is in scope\nhelp: there is a method `serialize_tuple_struct` with a similar name, but with different arguments\n    --> /home/abezbm/.cargo/registry/src/index.crates.io-6f17d22bba15001f/serde-1.0.219/src/ser/mod.rs:1074:5\n     |\n1074 | /     fn serialize_tuple_struct(\n1075 | |         self,\n1076 | |         name: &'static str,\n1077 | |         len: usize,\n1078 | |     ) -> Result<Self::SerializeTupleStruct, Self::Error>;\n     | |_________________________________________________________^\nhelp: trait `Serializer` which provides `serialize_tuple` is implemented but not in scope; perhaps you want to import it\n     |\n2280 +    use serde::Serializer;\n     |\n\nerror[E0599]: no method named `serialize_tuple` found for struct `ser::Serializer` in the current scope\n    --> src/ser.rs:2292:29\n     |\n15   | pub struct Serializer<W, F = CompactFormatter> {\n     | ---------------------------------------------- method `serialize_tuple` not found for this struct\n...\n2292 |     let result = serializer.serialize_tuple(2);\n     |                             ^^^^^^^^^^^^^^^\n     |\n    ::: /home/abezbm/.cargo/registry/src/index.crates.io-6f17d22bba15001f/serde-1.0.219/src/ser/mod.rs:1047:8\n     |\n1047 |     fn serialize_tuple(self, len: usize) -> Result<Self::SerializeTuple, Self::Error>;\n     |        --------------- the method is available for `ser::Serializer<std::vec::Vec<_>>` here\n     |\n     = help: items from traits can only be used if the trait is in scope\nhelp: there is a method `serialize_tuple_struct` with a similar name, but with different arguments\n    --> /home/abezbm/.cargo/registry/src/index.crates.io-6f17d22bba15001f/serde-1.0.219/src/ser/mod.rs:1074:5\n     |\n1074 | /     fn serialize_tuple_struct(\n1075 | |         self,\n1076 | |         name: &'static str,\n1077 | |         len: usize,\n1078 | |     ) -> Result<Self::SerializeTupleStruct, Self::Error>;\n     | |_________________________________________________________^\nhelp: trait `Serializer` which provides `serialize_tuple` is implemented but not in scope; perhaps you want to import it\n     |\n2280 +    use serde::Serializer;\n     |\n\nFor more information about this error, try `rustc --explain E0599`.\nwarning: `serde_json` (lib test) generated 1 warning\nerror: could not compile `serde_json` (lib test) due to 2 previous errors; 1 warning emitted\n"
                }
              ],
              "repaired": [
                false,
                false
              ]
            },
            {
              "attrs": [],
              "prefix": [
                "{",
                "    let writer = Vec::new();",
                "    let formatter = CompactFormatter; ",
                "    let serializer = Serializer { writer, formatter };",
                "    let _ = serializer.serialize_map(Some(0));",
                "}"
              ],
              "oracles": [
                [
                  "    let writer = Vec::new();",
                  "    let formatter = CompactFormatter;",
                  "    let serializer = Serializer { writer, formatter };",
                  "    let result = serializer.serialize_unit();",
                  "    assert!(result.is_err());"
                ],
                [
                  "    let writer = Vec::new();",
                  "    let formatter = CompactFormatter;",
                  "    let serializer = Serializer { writer, formatter };",
                  "    let result = serializer.serialize_unit();",
                  "    assert_eq!(result.unwrap_err(), key_must_be_a_string());"
                ]
              ],
              "codes": [
                [
                  "{",
                  "    let writer = Vec::new();",
                  "    let formatter = CompactFormatter; ",
                  "    let serializer = Serializer { writer, formatter };",
                  "    let _ = serializer.serialize_map(Some(0));",
                  "    let writer = Vec::new();",
                  "    let formatter = CompactFormatter;",
                  "    let serializer = Serializer { writer, formatter };",
                  "    let result = serializer.serialize_unit();",
                  "    assert!(result.is_err());",
                  "}"
                ],
                [
                  "{",
                  "    let writer = Vec::new();",
                  "    let formatter = CompactFormatter; ",
                  "    let serializer = Serializer { writer, formatter };",
                  "    let _ = serializer.serialize_map(Some(0));",
                  "    let writer = Vec::new();",
                  "    let formatter = CompactFormatter;",
                  "    let serializer = Serializer { writer, formatter };",
                  "    let result = serializer.serialize_unit();",
                  "    assert_eq!(result.unwrap_err(), key_must_be_a_string());",
                  "}"
                ]
              ],
              "can_compile": [
                {
                  "Err": "   Compiling proc-macro2 v1.0.95\n   Compiling serde v1.0.219\n   Compiling syn v1.0.109\n   Compiling libc v0.2.172\n   Compiling target-triple v0.1.4\n   Compiling serde_json v1.0.140\n   Compiling ref-cast v1.0.24\n   Compiling rustversion v1.0.20\n   Compiling serde_json v1.0.140 (/home/abezbm/rust-utgen-test-crates-new/json)\n   Compiling psm v0.1.26\n   Compiling stacker v0.1.21\n   Compiling quote v1.0.40\n   Compiling syn v2.0.101\n   Compiling serde_derive v1.0.219\n   Compiling ref-cast-impl v1.0.24\n   Compiling automod v1.0.15\n   Compiling ntest_test_cases v0.9.3\n   Compiling ntest_timeout v0.9.3\n   Compiling ntest v0.9.3\n   Compiling serde_spanned v0.6.8\n   Compiling toml_datetime v0.6.9\n   Compiling serde_bytes v0.11.17\n   Compiling serde_stacker v0.1.12\n   Compiling toml_edit v0.22.25\n   Compiling toml v0.8.21\n   Compiling trybuild v1.0.104\nwarning: unused import: `ntest::timeout`\n    --> src/ser.rs:2281:8\n     |\n2281 |    use ntest::timeout;\n     |        ^^^^^^^^^^^^^^\n     |\n     = note: `#[warn(unused_imports)]` on by default\n\nerror[E0599]: no method named `serialize_map` found for struct `ser::Serializer` in the current scope\n    --> src/ser.rs:2288:24\n     |\n15   | pub struct Serializer<W, F = CompactFormatter> {\n     | ---------------------------------------------- method `serialize_map` not found for this struct\n...\n2288 |     let _ = serializer.serialize_map(Some(0));\n     |                        ^^^^^^^^^^^^^\n     |\n    ::: /home/abezbm/.cargo/registry/src/index.crates.io-6f17d22bba15001f/serde-1.0.219/src/ser/mod.rs:1173:8\n     |\n1173 |     fn serialize_map(self, len: Option<usize>) -> Result<Self::SerializeMap, Self::Error>;\n     |        ------------- the method is available for `ser::Serializer<std::vec::Vec<_>>` here\n     |\n     = help: items from traits can only be used if the trait is in scope\nhelp: trait `Serializer` which provides `serialize_map` is implemented but not in scope; perhaps you want to import it\n     |\n2280 +    use serde::Serializer;\n     |\nhelp: there is a method `serialize_char` with a similar name\n     |\n2288 |     let _ = serializer.serialize_char(Some(0));\n     |                        ~~~~~~~~~~~~~~\n\nerror[E0599]: no method named `serialize_unit` found for struct `ser::Serializer` in the current scope\n    --> src/ser.rs:2292:29\n     |\n15   | pub struct Serializer<W, F = CompactFormatter> {\n     | ---------------------------------------------- method `serialize_unit` not found for this struct\n...\n2292 |     let result = serializer.serialize_unit();\n     |                             ^^^^^^^^^^^^^^\n     |\n    ::: /home/abezbm/.cargo/registry/src/index.crates.io-6f17d22bba15001f/serde-1.0.219/src/ser/mod.rs:826:8\n     |\n826  |     fn serialize_unit(self) -> Result<Self::Ok, Self::Error>;\n     |        -------------- the method is available for `ser::Serializer<std::vec::Vec<_>>` here\n     |\n     = help: items from traits can only be used if the trait is in scope\nhelp: there is a method `serialize_unit_struct` with a similar name, but with different arguments\n    --> /home/abezbm/.cargo/registry/src/index.crates.io-6f17d22bba15001f/serde-1.0.219/src/ser/mod.rs:846:5\n     |\n846  |     fn serialize_unit_struct(self, name: &'static str) -> Result<Self::Ok, Self::Error>;\n     |     ^^^^^^^^^^^^^^^^^^^^^^^^^^^^^^^^^^^^^^^^^^^^^^^^^^^^^^^^^^^^^^^^^^^^^^^^^^^^^^^^^^^^\nhelp: trait `Serializer` which provides `serialize_unit` is implemented but not in scope; perhaps you want to import it\n     |\n2280 +    use serde::Serializer;\n     |\n\nFor more information about this error, try `rustc --explain E0599`.\nwarning: `serde_json` (lib test) generated 1 warning\nerror: could not compile `serde_json` (lib test) due to 2 previous errors; 1 warning emitted\n"
                },
                {
                  "Err": "   Compiling proc-macro2 v1.0.95\n   Compiling serde v1.0.219\n   Compiling syn v1.0.109\n   Compiling libc v0.2.172\n   Compiling target-triple v0.1.4\n   Compiling serde_json v1.0.140\n   Compiling rustversion v1.0.20\n   Compiling ref-cast v1.0.24\n   Compiling serde_json v1.0.140 (/home/abezbm/rust-utgen-test-crates-new/json)\n   Compiling psm v0.1.26\n   Compiling stacker v0.1.21\n   Compiling quote v1.0.40\n   Compiling syn v2.0.101\n   Compiling serde_derive v1.0.219\n   Compiling ref-cast-impl v1.0.24\n   Compiling automod v1.0.15\n   Compiling ntest_timeout v0.9.3\n   Compiling ntest_test_cases v0.9.3\n   Compiling ntest v0.9.3\n   Compiling toml_datetime v0.6.9\n   Compiling serde_spanned v0.6.8\n   Compiling serde_stacker v0.1.12\n   Compiling serde_bytes v0.11.17\n   Compiling toml_edit v0.22.25\n   Compiling toml v0.8.21\n   Compiling trybuild v1.0.104\nwarning: unused import: `ntest::timeout`\n    --> src/ser.rs:2281:8\n     |\n2281 |    use ntest::timeout;\n     |        ^^^^^^^^^^^^^^\n     |\n     = note: `#[warn(unused_imports)]` on by default\n\nerror[E0599]: no method named `serialize_map` found for struct `ser::Serializer` in the current scope\n    --> src/ser.rs:2288:24\n     |\n15   | pub struct Serializer<W, F = CompactFormatter> {\n     | ---------------------------------------------- method `serialize_map` not found for this struct\n...\n2288 |     let _ = serializer.serialize_map(Some(0));\n     |                        ^^^^^^^^^^^^^\n     |\n    ::: /home/abezbm/.cargo/registry/src/index.crates.io-6f17d22bba15001f/serde-1.0.219/src/ser/mod.rs:1173:8\n     |\n1173 |     fn serialize_map(self, len: Option<usize>) -> Result<Self::SerializeMap, Self::Error>;\n     |        ------------- the method is available for `ser::Serializer<std::vec::Vec<_>>` here\n     |\n     = help: items from traits can only be used if the trait is in scope\nhelp: trait `Serializer` which provides `serialize_map` is implemented but not in scope; perhaps you want to import it\n     |\n2280 +    use serde::Serializer;\n     |\nhelp: there is a method `serialize_char` with a similar name\n     |\n2288 |     let _ = serializer.serialize_char(Some(0));\n     |                        ~~~~~~~~~~~~~~\n\nerror[E0599]: no method named `serialize_unit` found for struct `ser::Serializer` in the current scope\n    --> src/ser.rs:2292:29\n     |\n15   | pub struct Serializer<W, F = CompactFormatter> {\n     | ---------------------------------------------- method `serialize_unit` not found for this struct\n...\n2292 |     let result = serializer.serialize_unit();\n     |                             ^^^^^^^^^^^^^^\n     |\n    ::: /home/abezbm/.cargo/registry/src/index.crates.io-6f17d22bba15001f/serde-1.0.219/src/ser/mod.rs:826:8\n     |\n826  |     fn serialize_unit(self) -> Result<Self::Ok, Self::Error>;\n     |        -------------- the method is available for `ser::Serializer<std::vec::Vec<_>>` here\n     |\n     = help: items from traits can only be used if the trait is in scope\nhelp: there is a method `serialize_unit_struct` with a similar name, but with different arguments\n    --> /home/abezbm/.cargo/registry/src/index.crates.io-6f17d22bba15001f/serde-1.0.219/src/ser/mod.rs:846:5\n     |\n846  |     fn serialize_unit_struct(self, name: &'static str) -> Result<Self::Ok, Self::Error>;\n     |     ^^^^^^^^^^^^^^^^^^^^^^^^^^^^^^^^^^^^^^^^^^^^^^^^^^^^^^^^^^^^^^^^^^^^^^^^^^^^^^^^^^^^\nhelp: trait `Serializer` which provides `serialize_unit` is implemented but not in scope; perhaps you want to import it\n     |\n2280 +    use serde::Serializer;\n     |\n\nFor more information about this error, try `rustc --explain E0599`.\nwarning: `serde_json` (lib test) generated 1 warning\nerror: could not compile `serde_json` (lib test) due to 2 previous errors; 1 warning emitted\n"
                }
              ],
              "repaired": [
                false,
                false
              ]
            }
          ]
        }
      ]
    }
  ]
}