{
  "name": "serde_json::ser::float_key_must_be_finite",
  "name_with_impl": "serde_json::ser::float_key_must_be_finite",
  "mod_info": {
    "name": "ser",
    "loc": "src/lib.rs:423:1:423:13"
  },
  "visible": false,
  "loc": "src/ser.rs:789:1:791:2",
  "fn_tests": [
    {
      "chain_id": 1,
      "prompt_conds": [],
      "input_infer": "",
      "answers": [
        {
          "uses": [
            "use serde_json::Error;",
            "use serde_json::error::ErrorCode;"
          ],
          "has_test_mod": false,
          "common": [
            "#[should_panic]",
            "fn test_float_key_must_be_finite_panic() {",
            "    // Since the `float_key_must_be_finite` function does not have any inputs",
            "    // or side effects that would produce a panic, we won't write a specific test",
            "    // that should panic. However, we include this for completeness to maintain ",
            "    // a placeholder in case of future modifications that may introduce panic conditions.",
            "    panic!(\"This test is a placeholder for potential future panic conditions.\");",
            "}"
          ],
          "chain_tests": [
            {
              "attrs": [],
              "prefix": [],
              "oracles": [],
              "codes": [
                [
                  "{",
                  "    use serde_json::Error;",
                  "    use serde_json::error::ErrorCode;",
                  "",
                  "    // Invoke the function and check for the expected error type",
                  "    let result = float_key_must_be_finite();",
                  "",
                  "    assert_eq!(result, Error::syntax(ErrorCode::FloatKeyMustBeFinite, 0, 0));",
                  "}"
                ]
              ],
              "can_compile": [
                {
                  "Err": "   Compiling proc-macro2 v1.0.95\n   Compiling serde v1.0.219\n   Compiling syn v1.0.109\n   Compiling libc v0.2.172\n   Compiling target-triple v0.1.4\n   Compiling serde_json v1.0.140\n   Compiling rustversion v1.0.20\n   Compiling ref-cast v1.0.24\n   Compiling serde_json v1.0.140 (/home/abezbm/rust-utgen-test-crates-new/json)\n   Compiling psm v0.1.26\n   Compiling stacker v0.1.21\n   Compiling quote v1.0.40\n   Compiling syn v2.0.101\n   Compiling serde_derive v1.0.219\n   Compiling ref-cast-impl v1.0.24\n   Compiling automod v1.0.15\n   Compiling ntest_test_cases v0.9.3\n   Compiling ntest_timeout v0.9.3\n   Compiling ntest v0.9.3\n   Compiling toml_datetime v0.6.9\n   Compiling serde_spanned v0.6.8\n   Compiling serde_stacker v0.1.12\n   Compiling serde_bytes v0.11.17\n   Compiling toml_edit v0.22.26\n   Compiling toml v0.8.22\n   Compiling trybuild v1.0.104\nerror[E0433]: failed to resolve: use of undeclared crate or module `serde_json`\n    --> src/ser.rs:2295:9\n     |\n2295 |     use serde_json::error::ErrorCode;\n     |         ^^^^^^^^^^ use of undeclared crate or module `serde_json`\n\nerror[E0432]: unresolved import `serde_json`\n    --> src/ser.rs:2294:9\n     |\n2294 |     use serde_json::Error;\n     |         ^^^^^^^^^^ use of undeclared crate or module `serde_json`\n\nwarning: unused import: `ntest::timeout`\n    --> src/ser.rs:2281:8\n     |\n2281 |    use ntest::timeout;\n     |        ^^^^^^^^^^^^^^\n     |\n     = note: `#[warn(unused_imports)]` on by default\n\nSome errors have detailed explanations: E0432, E0433.\nFor more information about an error, try `rustc --explain E0432`.\nwarning: `serde_json` (lib test) generated 1 warning\nerror: could not compile `serde_json` (lib test) due to 2 previous errors; 1 warning emitted\n"
                }
              ],
              "repaired": [
                false
              ]
            }
          ]
        }
      ]
    }
  ]
}