{
  "name": "serde_json::read::<read::IoRead<R> as read::Read<'de>>::set_failed",
  "name_with_impl": "serde_json::read::{impl#4}::set_failed",
  "mod_info": {
    "name": "read",
    "loc": "src/lib.rs:434:1:434:10"
  },
  "visible": true,
  "loc": "src/read.rs:403:5:405:6",
  "fn_tests": [
    {
      "chain_id": 1,
      "prompt_conds": [],
      "input_infer": "",
      "answers": [
        {
          "uses": [],
          "has_test_mod": false,
          "common": [],
          "chain_tests": [
            {
              "attrs": [],
              "prefix": [],
              "oracles": [],
              "codes": [
                [
                  "{",
                  "    // Arrange",
                  "    let mut failed = false;",
                  "    let mut result = false;",
                  "",
                  "    // Act",
                  "    {",
                  "        let mut context = &mut result;",
                  "        set_failed(&mut context, &mut failed);",
                  "    }",
                  "",
                  "    // Assert",
                  "    assert!(failed);",
                  "}"
                ]
              ],
              "can_compile": [
                {
                  "Err": "   Compiling proc-macro2 v1.0.95\n   Compiling serde v1.0.219\n   Compiling syn v1.0.109\n   Compiling libc v0.2.172\n   Compiling target-triple v0.1.4\n   Compiling serde_json v1.0.140\n   Compiling rustversion v1.0.20\n   Compiling ref-cast v1.0.24\n   Compiling serde_json v1.0.140 (/home/abezbm/rust-utgen-test-crates-new/json)\n   Compiling psm v0.1.26\n   Compiling stacker v0.1.21\n   Compiling quote v1.0.40\n   Compiling syn v2.0.101\n   Compiling serde_derive v1.0.219\n   Compiling ref-cast-impl v1.0.24\n   Compiling automod v1.0.15\n   Compiling ntest_timeout v0.9.3\n   Compiling ntest_test_cases v0.9.3\n   Compiling ntest v0.9.3\n   Compiling toml_datetime v0.6.9\n   Compiling serde_spanned v0.6.8\n   Compiling serde_bytes v0.11.17\n   Compiling serde_stacker v0.1.12\n   Compiling toml_edit v0.22.26\n   Compiling toml v0.8.22\n   Compiling trybuild v1.0.104\nwarning: unused import: `super::*`\n    --> src/read.rs:1092:8\n     |\n1092 |    use super::*;\n     |        ^^^^^^^^\n     |\n     = note: `#[warn(unused_imports)]` on by default\n\nwarning: unused import: `ntest::timeout`\n    --> src/read.rs:1093:8\n     |\n1093 |    use ntest::timeout;\n     |        ^^^^^^^^^^^^^^\n\nerror[E0425]: cannot find function `set_failed` in this scope\n    --> src/read.rs:1104:9\n     |\n1104 |         set_failed(&mut context, &mut failed);\n     |         ^^^^^^^^^^ not found in this scope\n\nFor more information about this error, try `rustc --explain E0425`.\nwarning: `serde_json` (lib test) generated 2 warnings\nerror: could not compile `serde_json` (lib test) due to 1 previous error; 2 warnings emitted\n"
                }
              ],
              "repaired": [
                false
              ]
            },
            {
              "attrs": [
                "#[should_panic]"
              ],
              "prefix": [],
              "oracles": [],
              "codes": [
                [
                  "{",
                  "    // Arrange",
                  "    let mut failed: &mut bool = &mut false;",
                  "",
                  "    // Act",
                  "    // This test intentionally uses a reference that will cause a panic",
                  "    set_failed(&mut false, failed);",
                  "}"
                ]
              ],
              "can_compile": [
                {
                  "Err": "   Compiling proc-macro2 v1.0.95\n   Compiling serde v1.0.219\n   Compiling syn v1.0.109\n   Compiling libc v0.2.172\n   Compiling serde_json v1.0.140\n   Compiling target-triple v0.1.4\n   Compiling rustversion v1.0.20\n   Compiling ref-cast v1.0.24\n   Compiling serde_json v1.0.140 (/home/abezbm/rust-utgen-test-crates-new/json)\n   Compiling psm v0.1.26\n   Compiling stacker v0.1.21\n   Compiling quote v1.0.40\n   Compiling syn v2.0.101\n   Compiling serde_derive v1.0.219\n   Compiling ref-cast-impl v1.0.24\n   Compiling automod v1.0.15\n   Compiling ntest_test_cases v0.9.3\n   Compiling ntest_timeout v0.9.3\n   Compiling ntest v0.9.3\n   Compiling serde_spanned v0.6.8\n   Compiling toml_datetime v0.6.9\n   Compiling serde_stacker v0.1.12\n   Compiling serde_bytes v0.11.17\n   Compiling toml_edit v0.22.26\n   Compiling toml v0.8.22\n   Compiling trybuild v1.0.104\nwarning: unused import: `super::*`\n    --> src/read.rs:1092:8\n     |\n1092 |    use super::*;\n     |        ^^^^^^^^\n     |\n     = note: `#[warn(unused_imports)]` on by default\n\nwarning: unused import: `ntest::timeout`\n    --> src/read.rs:1093:8\n     |\n1093 |    use ntest::timeout;\n     |        ^^^^^^^^^^^^^^\n\nerror[E0425]: cannot find function `set_failed` in this scope\n    --> src/read.rs:1103:5\n     |\n1103 |     set_failed(&mut false, failed);\n     |     ^^^^^^^^^^ not found in this scope\n\nFor more information about this error, try `rustc --explain E0425`.\nwarning: `serde_json` (lib test) generated 2 warnings\nerror: could not compile `serde_json` (lib test) due to 1 previous error; 2 warnings emitted\n"
                }
              ],
              "repaired": [
                false
              ]
            }
          ]
        }
      ]
    }
  ]
}