{
  "name": "serde_json::value::ser::<value::ser::Serializer as serde::Serializer>::serialize_tuple_struct",
  "name_with_impl": "serde_json::value::ser::{impl#1}::serialize_tuple_struct",
  "mod_info": {
    "name": "value::ser",
    "loc": "src/value/mod.rs:931:1:931:9"
  },
  "visible": true,
  "loc": "src/value/ser.rs:243:5:249:6",
  "fn_tests": [
    {
      "chain_id": 1,
      "prompt_conds": [],
      "input_infer": "",
      "answers": [
        {
          "uses": [],
          "has_test_mod": false,
          "common": [
            "#[derive(Serialize)]",
            "struct MyTupleStruct(i32, String);"
          ],
          "chain_tests": [
            {
              "attrs": [],
              "prefix": [],
              "oracles": [],
              "codes": [
                [
                  "{",
                  "    let tuple_struct = MyTupleStruct(42, \"Hello\".to_string());",
                  "    let result = tuple_struct.serialize_tuple_struct(\"MyTupleStruct\", 2);",
                  "    assert!(result.is_ok());",
                  "}"
                ]
              ],
              "can_compile": [
                {
                  "Err": "   Compiling proc-macro2 v1.0.95\n   Compiling serde v1.0.219\n   Compiling syn v1.0.109\n   Compiling libc v0.2.172\n   Compiling serde_json v1.0.140\n   Compiling target-triple v0.1.4\n   Compiling ref-cast v1.0.24\n   Compiling rustversion v1.0.20\n   Compiling serde_json v1.0.140 (/home/abezbm/rust-utgen-test-crates-new/json)\n   Compiling psm v0.1.26\n   Compiling stacker v0.1.21\n   Compiling quote v1.0.40\n   Compiling syn v2.0.101\n   Compiling serde_derive v1.0.219\n   Compiling ref-cast-impl v1.0.24\n   Compiling automod v1.0.15\n   Compiling ntest_test_cases v0.9.3\n   Compiling ntest_timeout v0.9.3\n   Compiling ntest v0.9.3\n   Compiling serde_spanned v0.6.8\n   Compiling toml_datetime v0.6.9\n   Compiling serde_bytes v0.11.17\n   Compiling serde_stacker v0.1.12\n   Compiling toml_edit v0.22.26\n   Compiling toml v0.8.22\n   Compiling trybuild v1.0.104\nerror: cannot find derive macro `Serialize` in this scope\n    --> src/value/ser.rs:1068:10\n     |\n1068 | #[derive(Serialize)]\n     |          ^^^^^^^^^\n     |\nnote: `Serialize` is imported here, but it is only a trait, without a derive macro\n    --> src/value/ser.rs:1066:8\n     |\n1066 |    use super::*;\n     |        ^^^^^^^^\nhelp: consider importing one of these derive macros\n     |\n1066 +    use serde::Serialize;\n     |\n1066 +    use serde_derive::Serialize;\n     |\n\nwarning: unused import: `ntest::timeout`\n    --> src/value/ser.rs:1067:8\n     |\n1067 |    use ntest::timeout;\n     |        ^^^^^^^^^^^^^^\n     |\n     = note: `#[warn(unused_imports)]` on by default\n\nerror[E0599]: no method named `serialize_tuple_struct` found for struct `MyTupleStruct` in the current scope\n    --> src/value/ser.rs:1075:31\n     |\n1069 | struct MyTupleStruct(i32, String);\n     | -------------------- method `serialize_tuple_struct` not found for this struct\n...\n1075 |     let result = tuple_struct.serialize_tuple_struct(\"MyTupleStruct\", 2);\n     |                               ^^^^^^^^^^^^^^^^^^^^^^ method not found in `MyTupleStruct`\n     |\n     = help: items from traits can only be used if the trait is implemented and in scope\n     = note: the following trait defines an item `serialize_tuple_struct`, perhaps you need to implement it:\n             candidate #1: `serde::Serializer`\n\nFor more information about this error, try `rustc --explain E0599`.\nwarning: `serde_json` (lib test) generated 1 warning\nerror: could not compile `serde_json` (lib test) due to 2 previous errors; 1 warning emitted\n"
                }
              ],
              "repaired": [
                false
              ]
            },
            {
              "attrs": [
                "#[should_panic]"
              ],
              "prefix": [],
              "oracles": [],
              "codes": [
                [
                  "{",
                  "    let tuple_struct = MyTupleStruct(42, \"Hello\".to_string());",
                  "    let _ = tuple_struct.serialize_tuple_struct(\"MyTupleStruct\", 0);",
                  "}"
                ]
              ],
              "can_compile": [
                {
                  "Err": "   Compiling proc-macro2 v1.0.95\n   Compiling serde v1.0.219\n   Compiling syn v1.0.109\n   Compiling libc v0.2.172\n   Compiling serde_json v1.0.140\n   Compiling target-triple v0.1.4\n   Compiling rustversion v1.0.20\n   Compiling ref-cast v1.0.24\n   Compiling serde_json v1.0.140 (/home/abezbm/rust-utgen-test-crates-new/json)\n   Compiling psm v0.1.26\n   Compiling stacker v0.1.21\n   Compiling quote v1.0.40\n   Compiling syn v2.0.101\n   Compiling serde_derive v1.0.219\n   Compiling ref-cast-impl v1.0.24\n   Compiling automod v1.0.15\n   Compiling ntest_test_cases v0.9.3\n   Compiling ntest_timeout v0.9.3\n   Compiling ntest v0.9.3\n   Compiling toml_datetime v0.6.9\n   Compiling serde_spanned v0.6.8\n   Compiling serde_bytes v0.11.17\n   Compiling serde_stacker v0.1.12\n   Compiling toml_edit v0.22.26\n   Compiling toml v0.8.22\n   Compiling trybuild v1.0.104\nerror: cannot find derive macro `Serialize` in this scope\n    --> src/value/ser.rs:1068:10\n     |\n1068 | #[derive(Serialize)]\n     |          ^^^^^^^^^\n     |\nnote: `Serialize` is imported here, but it is only a trait, without a derive macro\n    --> src/value/ser.rs:1066:8\n     |\n1066 |    use super::*;\n     |        ^^^^^^^^\nhelp: consider importing one of these derive macros\n     |\n1066 +    use serde::Serialize;\n     |\n1066 +    use serde_derive::Serialize;\n     |\n\nwarning: unused import: `ntest::timeout`\n    --> src/value/ser.rs:1067:8\n     |\n1067 |    use ntest::timeout;\n     |        ^^^^^^^^^^^^^^\n     |\n     = note: `#[warn(unused_imports)]` on by default\n\nerror[E0599]: no method named `serialize_tuple_struct` found for struct `MyTupleStruct` in the current scope\n    --> src/value/ser.rs:1076:26\n     |\n1069 | struct MyTupleStruct(i32, String);\n     | -------------------- method `serialize_tuple_struct` not found for this struct\n...\n1076 |     let _ = tuple_struct.serialize_tuple_struct(\"MyTupleStruct\", 0);\n     |                          ^^^^^^^^^^^^^^^^^^^^^^ method not found in `MyTupleStruct`\n     |\n     = help: items from traits can only be used if the trait is implemented and in scope\n     = note: the following trait defines an item `serialize_tuple_struct`, perhaps you need to implement it:\n             candidate #1: `serde::Serializer`\n\nFor more information about this error, try `rustc --explain E0599`.\nwarning: `serde_json` (lib test) generated 1 warning\nerror: could not compile `serde_json` (lib test) due to 2 previous errors; 1 warning emitted\n"
                }
              ],
              "repaired": [
                false
              ]
            },
            {
              "attrs": [],
              "prefix": [],
              "oracles": [],
              "codes": [
                [
                  "{",
                  "    let tuple_struct = MyTupleStruct(42, \"Hello\".to_string());",
                  "    let result = tuple_struct.serialize_tuple_struct(\"MyTupleStruct\", 3);",
                  "    assert!(result.is_err());",
                  "}"
                ]
              ],
              "can_compile": [
                {
                  "Err": "   Compiling proc-macro2 v1.0.95\n   Compiling serde v1.0.219\n   Compiling syn v1.0.109\n   Compiling libc v0.2.172\n   Compiling target-triple v0.1.4\n   Compiling serde_json v1.0.140\n   Compiling rustversion v1.0.20\n   Compiling ref-cast v1.0.24\n   Compiling serde_json v1.0.140 (/home/abezbm/rust-utgen-test-crates-new/json)\n   Compiling psm v0.1.26\n   Compiling stacker v0.1.21\n   Compiling quote v1.0.40\n   Compiling syn v2.0.101\n   Compiling serde_derive v1.0.219\n   Compiling ref-cast-impl v1.0.24\n   Compiling automod v1.0.15\n   Compiling ntest_test_cases v0.9.3\n   Compiling ntest_timeout v0.9.3\n   Compiling ntest v0.9.3\n   Compiling toml_datetime v0.6.9\n   Compiling serde_spanned v0.6.8\n   Compiling serde_stacker v0.1.12\n   Compiling serde_bytes v0.11.17\n   Compiling toml_edit v0.22.26\n   Compiling toml v0.8.22\n   Compiling trybuild v1.0.104\nerror: cannot find derive macro `Serialize` in this scope\n    --> src/value/ser.rs:1068:10\n     |\n1068 | #[derive(Serialize)]\n     |          ^^^^^^^^^\n     |\nnote: `Serialize` is imported here, but it is only a trait, without a derive macro\n    --> src/value/ser.rs:1066:8\n     |\n1066 |    use super::*;\n     |        ^^^^^^^^\nhelp: consider importing one of these derive macros\n     |\n1066 +    use serde::Serialize;\n     |\n1066 +    use serde_derive::Serialize;\n     |\n\nwarning: unused import: `ntest::timeout`\n    --> src/value/ser.rs:1067:8\n     |\n1067 |    use ntest::timeout;\n     |        ^^^^^^^^^^^^^^\n     |\n     = note: `#[warn(unused_imports)]` on by default\n\nerror[E0599]: no method named `serialize_tuple_struct` found for struct `MyTupleStruct` in the current scope\n    --> src/value/ser.rs:1075:31\n     |\n1069 | struct MyTupleStruct(i32, String);\n     | -------------------- method `serialize_tuple_struct` not found for this struct\n...\n1075 |     let result = tuple_struct.serialize_tuple_struct(\"MyTupleStruct\", 3);\n     |                               ^^^^^^^^^^^^^^^^^^^^^^ method not found in `MyTupleStruct`\n     |\n     = help: items from traits can only be used if the trait is implemented and in scope\n     = note: the following trait defines an item `serialize_tuple_struct`, perhaps you need to implement it:\n             candidate #1: `serde::Serializer`\n\nFor more information about this error, try `rustc --explain E0599`.\nwarning: `serde_json` (lib test) generated 1 warning\nerror: could not compile `serde_json` (lib test) due to 2 previous errors; 1 warning emitted\n"
                }
              ],
              "repaired": [
                false
              ]
            }
          ]
        }
      ]
    }
  ]
}