{
  "name": "serde_json::value::ser::<value::ser::SerializeStructVariant as serde::ser::SerializeStructVariant>::end",
  "name_with_impl": "serde_json::value::ser::{impl#9}::end",
  "mod_info": {
    "name": "value::ser",
    "loc": "src/value/mod.rs:931:1:931:9"
  },
  "visible": true,
  "loc": "src/value/ser.rs:708:5:714:6",
  "fn_tests": [
    {
      "chain_id": 1,
      "prompt_conds": [
        "// expected return value/type: Ok(Value::Object(object))\n"
      ],
      "input_infer": "",
      "answers": [
        {
          "uses": [
            "use serde_json::Map;",
            "use serde_json::Value;"
          ],
          "has_test_mod": false,
          "common": [],
          "chain_tests": [
            {
              "attrs": [],
              "prefix": [],
              "oracles": [],
              "codes": [
                [
                  "{",
                  "    use serde_json::{Value, Map};",
                  "",
                  "    // Define a struct to test with",
                  "    struct TestStruct {",
                  "        name: String,",
                  "        map: Map<String, Value>,",
                  "    }",
                  "",
                  "    // Create an instance of the struct to test with",
                  "    let mut test_struct = TestStruct {",
                  "        name: \"test_name\".to_string(),",
                  "        map: Map::new(),",
                  "    };",
                  "",
                  "    // Add an entry to the map to satisfy the necessary conditions for the test",
                  "    test_struct.map.insert(\"key1\".to_string(), Value::String(\"value1\".to_string()));",
                  "",
                  "    // Call the end method (assuming it's converted into an inherent method for this test)",
                  "    let result = end(test_struct); // Replace with the actual call if necessary",
                  "",
                  "    // Check that the result is as expected",
                  "    let mut expected_object = Map::new();",
                  "    expected_object.insert(\"test_name\".to_string(), Value::Object(test_struct.map));",
                  "",
                  "    assert_eq!(result, Ok(Value::Object(expected_object)));",
                  "}"
                ]
              ],
              "can_compile": [
                {
                  "Err": "   Compiling proc-macro2 v1.0.95\n   Compiling serde v1.0.219\n   Compiling syn v1.0.109\n   Compiling libc v0.2.172\n   Compiling target-triple v0.1.4\n   Compiling serde_json v1.0.140\n   Compiling rustversion v1.0.20\n   Compiling ref-cast v1.0.24\n   Compiling serde_json v1.0.140 (/home/abezbm/rust-utgen-test-crates-new/json)\n   Compiling psm v0.1.26\n   Compiling stacker v0.1.21\n   Compiling quote v1.0.40\n   Compiling syn v2.0.101\n   Compiling serde_derive v1.0.219\n   Compiling ref-cast-impl v1.0.24\n   Compiling automod v1.0.15\n   Compiling ntest_test_cases v0.9.3\n   Compiling ntest_timeout v0.9.3\n   Compiling ntest v0.9.3\n   Compiling toml_datetime v0.6.9\n   Compiling serde_spanned v0.6.8\n   Compiling serde_stacker v0.1.12\n   Compiling serde_bytes v0.11.17\n   Compiling toml_edit v0.22.26\n   Compiling toml v0.8.22\n   Compiling trybuild v1.0.104\nerror[E0432]: unresolved import `serde_json`\n    --> src/value/ser.rs:1071:9\n     |\n1071 |     use serde_json::{Value, Map};\n     |         ^^^^^^^^^^ use of undeclared crate or module `serde_json`\n\nwarning: unused import: `ntest::timeout`\n    --> src/value/ser.rs:1067:8\n     |\n1067 |    use ntest::timeout;\n     |        ^^^^^^^^^^^^^^\n     |\n     = note: `#[warn(unused_imports)]` on by default\n\nerror[E0425]: cannot find function `end` in this scope\n    --> src/value/ser.rs:1089:18\n     |\n1089 |     let result = end(test_struct); // Replace with the actual call if necessary\n     |                  ^^^ not found in this scope\n\nSome errors have detailed explanations: E0425, E0432.\nFor more information about an error, try `rustc --explain E0425`.\nwarning: `serde_json` (lib test) generated 1 warning\nerror: could not compile `serde_json` (lib test) due to 2 previous errors; 1 warning emitted\n"
                }
              ],
              "repaired": [
                false
              ]
            }
          ]
        }
      ]
    }
  ]
}