{
  "name": "serde_json::number::<number::N as std::hash::Hash>::hash",
  "name_with_impl": "serde_json::number::{impl#2}::hash",
  "mod_info": {
    "name": "number",
    "loc": "src/lib.rs:433:1:433:12"
  },
  "visible": true,
  "loc": "src/number.rs:54:5:69:6",
  "fn_tests": [
    {
      "chain_id": 1,
      "prompt_conds": [
        "// constraint: *self matches N::Float(f) is true\n",
        "// constraint: f == 0.0f64 is true\n"
      ],
      "input_infer": "",
      "answers": [
        {
          "uses": [
            "use std::hash::Hasher;",
            "use std::hash::Hash;"
          ],
          "has_test_mod": false,
          "common": [
            "#[derive(Debug)]",
            "enum N {",
            "    PosInt(i32),",
            "    NegInt(i32),",
            "    Float(f64),",
            "}",
            "",
            "",
            "struct TestHasher(u64);",
            "",
            "impl Hasher for TestHasher {",
            "    fn finish(&self) -> u64 {",
            "        self.0",
            "    }",
            "",
            "    fn write(&mut self, bytes: &[u8]) {",
            "        for byte in bytes {",
            "            self.0 = self.0.wrapping_mul(31).wrapping_add(*byte as u64);",
            "        }",
            "    }",
            "",
            "    fn write_u64(&mut self, i: u64) {",
            "        self.write(&i.to_le_bytes());",
            "    }",
            "}"
          ],
          "chain_tests": [
            {
              "attrs": [],
              "prefix": [],
              "oracles": [],
              "codes": [
                [
                  "{",
                  "    let float_value = N::Float(0.0);",
                  "    let mut hasher = TestHasher(0);",
                  "    float_value.hash(&mut hasher);",
                  "    assert_eq!(hasher.finish(), TestHasher(0).finish());",
                  "}"
                ]
              ],
              "can_compile": [
                {
                  "Err": "   Compiling proc-macro2 v1.0.95\n   Compiling serde v1.0.219\n   Compiling syn v1.0.109\n   Compiling libc v0.2.172\n   Compiling target-triple v0.1.4\n   Compiling serde_json v1.0.140\n   Compiling ref-cast v1.0.24\n   Compiling rustversion v1.0.20\n   Compiling serde_json v1.0.140 (/home/abezbm/rust-utgen-test-crates-new/json)\n   Compiling psm v0.1.26\n   Compiling stacker v0.1.21\n   Compiling quote v1.0.40\n   Compiling syn v2.0.101\n   Compiling serde_derive v1.0.219\n   Compiling ref-cast-impl v1.0.24\n   Compiling automod v1.0.15\n   Compiling ntest_test_cases v0.9.3\n   Compiling ntest_timeout v0.9.3\n   Compiling ntest v0.9.3\n   Compiling toml_datetime v0.6.9\n   Compiling serde_spanned v0.6.8\n   Compiling serde_bytes v0.11.17\n   Compiling serde_stacker v0.1.12\n   Compiling toml_edit v0.22.26\n   Compiling toml v0.8.22\n   Compiling trybuild v1.0.104\nwarning: unused import: `ntest::timeout`\n   --> src/number.rs:815:8\n    |\n815 |    use ntest::timeout;\n    |        ^^^^^^^^^^^^^^\n    |\n    = note: `#[warn(unused_imports)]` on by default\n\nerror[E0599]: no method named `hash` found for enum `llmtests::N` in the current scope\n   --> src/number.rs:847:17\n    |\n817 | enum N {\n    | ------ method `hash` not found for this enum\n...\n847 |     float_value.hash(&mut hasher);\n    |                 ^^^^ method not found in `N`\n    |\n    = help: items from traits can only be used if the trait is implemented and in scope\n    = note: the following trait defines an item `hash`, perhaps you need to implement it:\n            candidate #1: `std::hash::Hash`\n\nFor more information about this error, try `rustc --explain E0599`.\nwarning: `serde_json` (lib test) generated 1 warning\nerror: could not compile `serde_json` (lib test) due to 1 previous error; 1 warning emitted\n"
                }
              ],
              "repaired": [
                false
              ]
            },
            {
              "attrs": [],
              "prefix": [],
              "oracles": [],
              "codes": [
                [
                  "{",
                  "    let float_value = N::Float(-0.0);",
                  "    let mut hasher = TestHasher(0);",
                  "    float_value.hash(&mut hasher);",
                  "    assert_eq!(hasher.finish(), TestHasher(0).finish());",
                  "}"
                ]
              ],
              "can_compile": [
                {
                  "Err": "   Compiling proc-macro2 v1.0.95\n   Compiling serde v1.0.219\n   Compiling syn v1.0.109\n   Compiling libc v0.2.172\n   Compiling target-triple v0.1.4\n   Compiling serde_json v1.0.140\n   Compiling ref-cast v1.0.24\n   Compiling rustversion v1.0.20\n   Compiling serde_json v1.0.140 (/home/abezbm/rust-utgen-test-crates-new/json)\n   Compiling psm v0.1.26\n   Compiling stacker v0.1.21\n   Compiling quote v1.0.40\n   Compiling syn v2.0.101\n   Compiling serde_derive v1.0.219\n   Compiling ref-cast-impl v1.0.24\n   Compiling automod v1.0.15\n   Compiling ntest_timeout v0.9.3\n   Compiling ntest_test_cases v0.9.3\n   Compiling ntest v0.9.3\n   Compiling toml_datetime v0.6.9\n   Compiling serde_spanned v0.6.8\n   Compiling serde_stacker v0.1.12\n   Compiling serde_bytes v0.11.17\n   Compiling toml_edit v0.22.26\n   Compiling toml v0.8.22\n   Compiling trybuild v1.0.104\nwarning: unused import: `ntest::timeout`\n   --> src/number.rs:815:8\n    |\n815 |    use ntest::timeout;\n    |        ^^^^^^^^^^^^^^\n    |\n    = note: `#[warn(unused_imports)]` on by default\n\nerror[E0599]: no method named `hash` found for enum `llmtests::N` in the current scope\n   --> src/number.rs:847:17\n    |\n817 | enum N {\n    | ------ method `hash` not found for this enum\n...\n847 |     float_value.hash(&mut hasher);\n    |                 ^^^^ method not found in `N`\n    |\n    = help: items from traits can only be used if the trait is implemented and in scope\n    = note: the following trait defines an item `hash`, perhaps you need to implement it:\n            candidate #1: `std::hash::Hash`\n\nFor more information about this error, try `rustc --explain E0599`.\nwarning: `serde_json` (lib test) generated 1 warning\nerror: could not compile `serde_json` (lib test) due to 1 previous error; 1 warning emitted\n"
                }
              ],
              "repaired": [
                false
              ]
            }
          ]
        }
      ]
    },
    {
      "chain_id": 2,
      "prompt_conds": [
        "// constraint: *self matches N::Float(f) is true\n",
        "// constraint: f == 0.0f64 is false\n"
      ],
      "input_infer": "",
      "answers": [
        {
          "uses": [
            "use std::hash::Hash;",
            "use std::hash::Hasher;"
          ],
          "has_test_mod": false,
          "common": [
            "#[derive(Debug)]",
            "enum N {",
            "    PosInt(i32),",
            "    NegInt(i32),",
            "    Float(f64),",
            "}",
            "",
            "",
            "struct TestHasher {",
            "    value: usize,",
            "}",
            "",
            "impl Hasher for TestHasher {",
            "    fn finish(&self) -> u64 {",
            "        self.value as u64",
            "    }",
            "",
            "    fn write(&mut self, bytes: &[u8]) {",
            "        self.value = bytes.len();",
            "    }",
            "}",
            "",
            "impl N {",
            "    fn hash<H: Hasher>(&self, h: &mut H) {",
            "        match *self {",
            "            N::PosInt(i) => i.hash(h),",
            "            N::NegInt(i) => i.hash(h),",
            "            N::Float(f) => {",
            "                if f == 0.0f64 {",
            "                    0.0f64.to_bits().hash(h);",
            "                } else {",
            "                    f.to_bits().hash(h);",
            "                }",
            "            }",
            "        }",
            "    }",
            "}"
          ],
          "chain_tests": [
            {
              "attrs": [],
              "prefix": [],
              "oracles": [],
              "codes": [
                [
                  "{",
                  "    let mut hasher = TestHasher { value: 0 };",
                  "    let n = N::Float(3.14);",
                  "    n.hash(&mut hasher);",
                  "    assert!(hasher.value > 0);",
                  "}"
                ]
              ],
              "can_compile": [
                {
                  "Ok": null
                }
              ],
              "repaired": [
                false
              ]
            },
            {
              "attrs": [],
              "prefix": [],
              "oracles": [],
              "codes": [
                [
                  "{",
                  "    let mut hasher = TestHasher { value: 0 };",
                  "    let n = N::Float(-2.71);",
                  "    n.hash(&mut hasher);",
                  "    assert!(hasher.value > 0);",
                  "}"
                ]
              ],
              "can_compile": [
                {
                  "Ok": null
                }
              ],
              "repaired": [
                false
              ]
            },
            {
              "attrs": [],
              "prefix": [],
              "oracles": [],
              "codes": [
                [
                  "{",
                  "    let mut hasher = TestHasher { value: 0 };",
                  "    let n = N::Float(1e10);",
                  "    n.hash(&mut hasher);",
                  "    assert!(hasher.value > 0);",
                  "}"
                ]
              ],
              "can_compile": [
                {
                  "Ok": null
                }
              ],
              "repaired": [
                false
              ]
            },
            {
              "attrs": [],
              "prefix": [],
              "oracles": [],
              "codes": [
                [
                  "{",
                  "    let mut hasher = TestHasher { value: 0 };",
                  "    let n = N::Float(1e-10);",
                  "    n.hash(&mut hasher);",
                  "    assert!(hasher.value > 0);",
                  "}"
                ]
              ],
              "can_compile": [
                {
                  "Ok": null
                }
              ],
              "repaired": [
                false
              ]
            }
          ]
        }
      ]
    },
    {
      "chain_id": 3,
      "prompt_conds": [
        "// constraint: *self matches N::NegInt(i) is true\n",
        "// constraint: *self matches N::NegInt(i) is true\n"
      ],
      "input_infer": "",
      "answers": [
        {
          "uses": [
            "use std::collections::hash_map::DefaultHasher;",
            "use std::hash::Hash;",
            "use std::hash::Hasher;"
          ],
          "has_test_mod": false,
          "common": [],
          "chain_tests": [
            {
              "attrs": [],
              "prefix": [],
              "oracles": [],
              "codes": [
                [
                  "{",
                  "    use std::collections::hash_map::DefaultHasher;",
                  "    use std::hash::{Hash, Hasher};",
                  "",
                  "    #[derive(Debug)]",
                  "    enum N {",
                  "        PosInt(i32),",
                  "        NegInt(i32),",
                  "        Float(f64),",
                  "    }",
                  "",
                  "    let mut hasher = DefaultHasher::new();",
                  "",
                  "    // Testing with a negative integer",
                  "    let neg_int_value = -42;",
                  "    let neg_int = N::NegInt(neg_int_value);",
                  "    neg_int.hash(&mut hasher);",
                  "    // Here you can assert the resulting hash value if needed or check behavior",
                  "    let hash_value = hasher.finish();",
                  "",
                  "    // Assert the hash would not be a specific value (example) ",
                  "    // (this is just for illustrative purposes, feel free to change the assertion as needed)",
                  "    assert!(hash_value != 0); // Ensuring the hash is not zero, for example.",
                  "}"
                ]
              ],
              "can_compile": [
                {
                  "Err": "   Compiling proc-macro2 v1.0.95\n   Compiling serde v1.0.219\n   Compiling syn v1.0.109\n   Compiling libc v0.2.172\n   Compiling serde_json v1.0.140\n   Compiling target-triple v0.1.4\n   Compiling rustversion v1.0.20\n   Compiling ref-cast v1.0.24\n   Compiling serde_json v1.0.140 (/home/abezbm/rust-utgen-test-crates-new/json)\n   Compiling psm v0.1.26\n   Compiling stacker v0.1.21\n   Compiling quote v1.0.40\n   Compiling syn v2.0.101\n   Compiling serde_derive v1.0.219\n   Compiling ref-cast-impl v1.0.24\n   Compiling automod v1.0.15\n   Compiling ntest_test_cases v0.9.3\n   Compiling ntest_timeout v0.9.3\n   Compiling ntest v0.9.3\n   Compiling serde_spanned v0.6.8\n   Compiling toml_datetime v0.6.9\n   Compiling serde_stacker v0.1.12\n   Compiling serde_bytes v0.11.17\n   Compiling toml_edit v0.22.26\n   Compiling toml v0.8.22\n   Compiling trybuild v1.0.104\nwarning: unused import: `ntest::timeout`\n   --> src/number.rs:815:8\n    |\n815 |    use ntest::timeout;\n    |        ^^^^^^^^^^^^^^\n    |\n    = note: `#[warn(unused_imports)]` on by default\n\nerror[E0599]: no method named `hash` found for enum `llmtests::test_hash_06::N` in the current scope\n   --> src/number.rs:834:13\n    |\n823 |     enum N {\n    |     ------ method `hash` not found for this enum\n...\n834 |     neg_int.hash(&mut hasher);\n    |             ^^^^ method not found in `N`\n    |\n    = help: items from traits can only be used if the trait is implemented and in scope\n    = note: the following trait defines an item `hash`, perhaps you need to implement it:\n            candidate #1: `std::hash::Hash`\n\nwarning: unused import: `Hash`\n   --> src/number.rs:820:21\n    |\n820 |     use std::hash::{Hash, Hasher};\n    |                     ^^^^\n\nFor more information about this error, try `rustc --explain E0599`.\nwarning: `serde_json` (lib test) generated 2 warnings\nerror: could not compile `serde_json` (lib test) due to 1 previous error; 2 warnings emitted\n"
                }
              ],
              "repaired": [
                false
              ]
            },
            {
              "attrs": [],
              "prefix": [],
              "oracles": [],
              "codes": [
                [
                  "{",
                  "    use std::collections::hash_map::DefaultHasher;",
                  "    use std::hash::{Hash, Hasher};",
                  "",
                  "    #[derive(Debug)]",
                  "    enum N {",
                  "        PosInt(i32),",
                  "        NegInt(i32),",
                  "        Float(f64),",
                  "    }",
                  "",
                  "    let mut hasher = DefaultHasher::new();",
                  "",
                  "    // Testing the minimum negative integer value",
                  "    let min_neg_int_value = i32::MIN;",
                  "    let min_neg_int = N::NegInt(min_neg_int_value);",
                  "    min_neg_int.hash(&mut hasher);",
                  "    let hash_value = hasher.finish();",
                  "",
                  "    // Assert the hash is not zero.",
                  "    assert!(hash_value != 0);",
                  "}"
                ]
              ],
              "can_compile": [
                {
                  "Err": "   Compiling proc-macro2 v1.0.95\n   Compiling serde v1.0.219\n   Compiling syn v1.0.109\n   Compiling libc v0.2.172\n   Compiling target-triple v0.1.4\n   Compiling serde_json v1.0.140\n   Compiling rustversion v1.0.20\n   Compiling ref-cast v1.0.24\n   Compiling serde_json v1.0.140 (/home/abezbm/rust-utgen-test-crates-new/json)\n   Compiling psm v0.1.26\n   Compiling stacker v0.1.21\n   Compiling quote v1.0.40\n   Compiling syn v2.0.101\n   Compiling serde_derive v1.0.219\n   Compiling ref-cast-impl v1.0.24\n   Compiling automod v1.0.15\n   Compiling ntest_test_cases v0.9.3\n   Compiling ntest_timeout v0.9.3\n   Compiling ntest v0.9.3\n   Compiling serde_spanned v0.6.8\n   Compiling toml_datetime v0.6.9\n   Compiling serde_bytes v0.11.17\n   Compiling serde_stacker v0.1.12\n   Compiling toml_edit v0.22.26\n   Compiling toml v0.8.22\n   Compiling trybuild v1.0.104\nwarning: unused import: `ntest::timeout`\n   --> src/number.rs:815:8\n    |\n815 |    use ntest::timeout;\n    |        ^^^^^^^^^^^^^^\n    |\n    = note: `#[warn(unused_imports)]` on by default\n\nerror[E0599]: no method named `hash` found for enum `llmtests::test_hash_07::N` in the current scope\n   --> src/number.rs:834:17\n    |\n823 |     enum N {\n    |     ------ method `hash` not found for this enum\n...\n834 |     min_neg_int.hash(&mut hasher);\n    |                 ^^^^ method not found in `N`\n    |\n    = help: items from traits can only be used if the trait is implemented and in scope\n    = note: the following trait defines an item `hash`, perhaps you need to implement it:\n            candidate #1: `std::hash::Hash`\n\nwarning: unused import: `Hash`\n   --> src/number.rs:820:21\n    |\n820 |     use std::hash::{Hash, Hasher};\n    |                     ^^^^\n\nFor more information about this error, try `rustc --explain E0599`.\nwarning: `serde_json` (lib test) generated 2 warnings\nerror: could not compile `serde_json` (lib test) due to 1 previous error; 2 warnings emitted\n"
                }
              ],
              "repaired": [
                false
              ]
            },
            {
              "attrs": [],
              "prefix": [],
              "oracles": [],
              "codes": [
                [
                  "{",
                  "    use std::collections::hash_map::DefaultHasher;",
                  "    use std::hash::{Hash, Hasher};",
                  "",
                  "    #[derive(Debug)]",
                  "    enum N {",
                  "        PosInt(i32),",
                  "        NegInt(i32),",
                  "        Float(f64),",
                  "    }",
                  "",
                  "    let mut hasher = DefaultHasher::new();",
                  "    ",
                  "    // Testing with zero as a negative integer, just for completeness (though normally, zero isn't negative)",
                  "    let neg_zero_int = N::NegInt(0);",
                  "    neg_zero_int.hash(&mut hasher);",
                  "    let hash_value = hasher.finish();",
                  "",
                  "    // Assert the hash is not zero.",
                  "    assert!(hash_value != 0);",
                  "}"
                ]
              ],
              "can_compile": [
                {
                  "Err": "   Compiling proc-macro2 v1.0.95\n   Compiling serde v1.0.219\n   Compiling syn v1.0.109\n   Compiling libc v0.2.172\n   Compiling serde_json v1.0.140\n   Compiling target-triple v0.1.4\n   Compiling rustversion v1.0.20\n   Compiling ref-cast v1.0.24\n   Compiling serde_json v1.0.140 (/home/abezbm/rust-utgen-test-crates-new/json)\n   Compiling psm v0.1.26\n   Compiling stacker v0.1.21\n   Compiling quote v1.0.40\n   Compiling syn v2.0.101\n   Compiling serde_derive v1.0.219\n   Compiling ref-cast-impl v1.0.24\n   Compiling automod v1.0.15\n   Compiling ntest_test_cases v0.9.3\n   Compiling ntest_timeout v0.9.3\n   Compiling ntest v0.9.3\n   Compiling serde_spanned v0.6.8\n   Compiling toml_datetime v0.6.9\n   Compiling serde_bytes v0.11.17\n   Compiling serde_stacker v0.1.12\n   Compiling toml_edit v0.22.26\n   Compiling toml v0.8.22\n   Compiling trybuild v1.0.104\nwarning: unused import: `ntest::timeout`\n   --> src/number.rs:815:8\n    |\n815 |    use ntest::timeout;\n    |        ^^^^^^^^^^^^^^\n    |\n    = note: `#[warn(unused_imports)]` on by default\n\nerror[E0599]: no method named `hash` found for enum `llmtests::test_hash_08::N` in the current scope\n   --> src/number.rs:833:18\n    |\n823 |     enum N {\n    |     ------ method `hash` not found for this enum\n...\n833 |     neg_zero_int.hash(&mut hasher);\n    |                  ^^^^ method not found in `N`\n    |\n    = help: items from traits can only be used if the trait is implemented and in scope\n    = note: the following trait defines an item `hash`, perhaps you need to implement it:\n            candidate #1: `std::hash::Hash`\n\nwarning: unused import: `Hash`\n   --> src/number.rs:820:21\n    |\n820 |     use std::hash::{Hash, Hasher};\n    |                     ^^^^\n\nFor more information about this error, try `rustc --explain E0599`.\nwarning: `serde_json` (lib test) generated 2 warnings\nerror: could not compile `serde_json` (lib test) due to 1 previous error; 2 warnings emitted\n"
                }
              ],
              "repaired": [
                false
              ]
            }
          ]
        }
      ]
    },
    {
      "chain_id": 4,
      "prompt_conds": [
        "// constraint: *self matches N::PosInt(i) is true\n",
        "// constraint: *self matches N::PosInt(i) is true\n"
      ],
      "input_infer": "",
      "answers": [
        {
          "uses": [
            "use std::hash::Hash;",
            "use std::hash::Hasher;"
          ],
          "has_test_mod": false,
          "common": [
            "#[derive(Debug)]",
            "enum N {",
            "    PosInt(u64),",
            "    NegInt(i64),",
            "    Float(f64),",
            "}",
            "",
            "",
            "struct TestHasher(u64);",
            "",
            "impl Hasher for TestHasher {",
            "    fn finish(&self) -> u64 {",
            "        self.0",
            "    }",
            "",
            "    fn write(&mut self, bytes: &[u8]) {",
            "        for &b in bytes {",
            "            self.0 = self.0.wrapping_mul(31).wrapping_add(b as u64);",
            "        }",
            "    }",
            "}",
            "",
            "impl N {",
            "    fn hash<H: Hasher>(&self, h: &mut H) {",
            "        match *self {",
            "            N::PosInt(i) => i.hash(h),",
            "            N::NegInt(i) => i.hash(h),",
            "            N::Float(f) => {",
            "                if f == 0.0f64 {",
            "                    0.0f64.to_bits().hash(h);",
            "                } else {",
            "                    f.to_bits().hash(h);",
            "                }",
            "            }",
            "        }",
            "    }",
            "}"
          ],
          "chain_tests": [
            {
              "attrs": [],
              "prefix": [],
              "oracles": [],
              "codes": [
                [
                  "{",
                  "    let pos_int = N::PosInt(42);",
                  "    let mut hasher = TestHasher(0);",
                  "    pos_int.hash(&mut hasher);",
                  "    assert_eq!(hasher.finish(), 42);",
                  "}"
                ]
              ],
              "can_compile": [
                {
                  "Ok": null
                }
              ],
              "repaired": [
                false
              ]
            },
            {
              "attrs": [],
              "prefix": [],
              "oracles": [],
              "codes": [
                [
                  "{",
                  "    let pos_int = N::PosInt(100);",
                  "    let mut hasher = TestHasher(0);",
                  "    pos_int.hash(&mut hasher);",
                  "    assert_eq!(hasher.finish(), 100);",
                  "}"
                ]
              ],
              "can_compile": [
                {
                  "Ok": null
                }
              ],
              "repaired": [
                false
              ]
            },
            {
              "attrs": [],
              "prefix": [],
              "oracles": [],
              "codes": [
                [
                  "{",
                  "    let zero_float = N::Float(0.0);",
                  "    let mut hasher = TestHasher(0);",
                  "    zero_float.hash(&mut hasher);",
                  "    assert_eq!(hasher.finish(), 0);",
                  "}"
                ]
              ],
              "can_compile": [
                {
                  "Ok": null
                }
              ],
              "repaired": [
                false
              ]
            },
            {
              "attrs": [],
              "prefix": [],
              "oracles": [],
              "codes": [
                [
                  "{",
                  "    let neg_float = N::Float(-1.5);",
                  "    let mut hasher = TestHasher(0);",
                  "    neg_float.hash(&mut hasher);",
                  "    assert_eq!(hasher.finish(), (-1.5f64.to_bits()));",
                  "}"
                ]
              ],
              "can_compile": [
                {
                  "Err": "   Compiling proc-macro2 v1.0.95\n   Compiling serde v1.0.219\n   Compiling syn v1.0.109\n   Compiling libc v0.2.172\n   Compiling serde_json v1.0.140\n   Compiling target-triple v0.1.4\n   Compiling rustversion v1.0.20\n   Compiling ref-cast v1.0.24\n   Compiling serde_json v1.0.140 (/home/abezbm/rust-utgen-test-crates-new/json)\n   Compiling psm v0.1.26\n   Compiling stacker v0.1.21\n   Compiling quote v1.0.40\n   Compiling syn v2.0.101\n   Compiling serde_derive v1.0.219\n   Compiling ref-cast-impl v1.0.24\n   Compiling automod v1.0.15\n   Compiling ntest_timeout v0.9.3\n   Compiling ntest_test_cases v0.9.3\n   Compiling ntest v0.9.3\n   Compiling serde_spanned v0.6.8\n   Compiling toml_datetime v0.6.9\n   Compiling serde_stacker v0.1.12\n   Compiling serde_bytes v0.11.17\n   Compiling toml_edit v0.22.26\n   Compiling toml v0.8.22\n   Compiling trybuild v1.0.104\nwarning: unused import: `ntest::timeout`\n   --> src/number.rs:815:8\n    |\n815 |    use ntest::timeout;\n    |        ^^^^^^^^^^^^^^\n    |\n    = note: `#[warn(unused_imports)]` on by default\n\nerror[E0600]: cannot apply unary operator `-` to type `u64`\n   --> src/number.rs:860:33\n    |\n860 |     assert_eq!(hasher.finish(), (-1.5f64.to_bits()));\n    |                                 ^^^^^^^^^^^^^^^^^^^ cannot apply unary operator `-`\n    |\n    = note: unsigned values cannot be negated\n\nFor more information about this error, try `rustc --explain E0600`.\nwarning: `serde_json` (lib test) generated 1 warning\nerror: could not compile `serde_json` (lib test) due to 1 previous error; 1 warning emitted\n"
                }
              ],
              "repaired": [
                false
              ]
            },
            {
              "attrs": [],
              "prefix": [],
              "oracles": [],
              "codes": [
                [
                  "{",
                  "    let pos_float = N::Float(3.14);",
                  "    let mut hasher = TestHasher(0);",
                  "    pos_float.hash(&mut hasher);",
                  "    assert_eq!(hasher.finish(), (3.14f64.to_bits()));",
                  "}"
                ]
              ],
              "can_compile": [
                {
                  "Ok": null
                }
              ],
              "repaired": [
                false
              ]
            }
          ]
        }
      ]
    }
  ]
}