{
  "name": "serde_json::value::value::Value::is_object",
  "name_with_impl": "serde_json::value::{impl#2}::is_object",
  "mod_info": {
    "name": "value",
    "loc": "src/lib.rs:426:1:426:15"
  },
  "visible": true,
  "loc": "src/value/mod.rs:348:5:350:6",
  "fn_tests": [
    {
      "chain_id": 1,
      "prompt_conds": [],
      "input_infer": "",
      "answers": [
        {
          "uses": [],
          "has_test_mod": false,
          "common": [],
          "chain_tests": [
            {
              "attrs": [],
              "prefix": [],
              "oracles": [],
              "codes": [
                [
                  "{",
                  "    let obj = serde_json::json!({ \"key\": \"value\" });",
                  "    assert!(obj.is_object());",
                  "}"
                ]
              ],
              "can_compile": [
                {
                  "Err": "   Compiling proc-macro2 v1.0.95\n   Compiling serde v1.0.219\n   Compiling syn v1.0.109\n   Compiling libc v0.2.172\n   Compiling target-triple v0.1.4\n   Compiling serde_json v1.0.140\n   Compiling ref-cast v1.0.24\n   Compiling rustversion v1.0.20\n   Compiling psm v0.1.26\n   Compiling stacker v0.1.21\n   Compiling serde_json v1.0.140 (/home/abezbm/rust-utgen-test-crates-new/json)\n   Compiling quote v1.0.40\n   Compiling syn v2.0.101\n   Compiling serde_derive v1.0.219\n   Compiling ref-cast-impl v1.0.24\n   Compiling automod v1.0.15\n   Compiling ntest_test_cases v0.9.3\n   Compiling ntest_timeout v0.9.3\n   Compiling ntest v0.9.3\n   Compiling serde_spanned v0.6.8\n   Compiling toml_datetime v0.6.9\n   Compiling serde_stacker v0.1.12\n   Compiling serde_bytes v0.11.17\n   Compiling toml_edit v0.22.26\n   Compiling toml v0.8.22\n   Compiling trybuild v1.0.104\nerror[E0433]: failed to resolve: use of undeclared crate or module `serde_json`\n    --> src/value/mod.rs:1043:15\n     |\n1043 |     let obj = serde_json::json!({ \"key\": \"value\" });\n     |               ^^^^^^^^^^ use of undeclared crate or module `serde_json`\n\nwarning: unused import: `super::*`\n    --> src/value/mod.rs:1038:8\n     |\n1038 |    use super::*;\n     |        ^^^^^^^^\n     |\n     = note: `#[warn(unused_imports)]` on by default\n\nwarning: unused import: `ntest::timeout`\n    --> src/value/mod.rs:1039:8\n     |\n1039 |    use ntest::timeout;\n     |        ^^^^^^^^^^^^^^\n\nFor more information about this error, try `rustc --explain E0433`.\nwarning: `serde_json` (lib test) generated 2 warnings\nerror: could not compile `serde_json` (lib test) due to 1 previous error; 2 warnings emitted\n"
                }
              ],
              "repaired": [
                false
              ]
            },
            {
              "attrs": [],
              "prefix": [],
              "oracles": [],
              "codes": [
                [
                  "{",
                  "    let obj = serde_json::json!({ \"outer\": { \"inner\": \"value\" } });",
                  "    assert!(obj.is_object());",
                  "    assert!(obj[\"outer\"].is_object());",
                  "}"
                ]
              ],
              "can_compile": [
                {
                  "Err": "   Compiling proc-macro2 v1.0.95\n   Compiling serde v1.0.219\n   Compiling syn v1.0.109\n   Compiling libc v0.2.172\n   Compiling serde_json v1.0.140\n   Compiling target-triple v0.1.4\n   Compiling ref-cast v1.0.24\n   Compiling rustversion v1.0.20\n   Compiling serde_json v1.0.140 (/home/abezbm/rust-utgen-test-crates-new/json)\n   Compiling psm v0.1.26\n   Compiling stacker v0.1.21\n   Compiling quote v1.0.40\n   Compiling syn v2.0.101\n   Compiling serde_derive v1.0.219\n   Compiling ref-cast-impl v1.0.24\n   Compiling automod v1.0.15\n   Compiling ntest_timeout v0.9.3\n   Compiling ntest_test_cases v0.9.3\n   Compiling ntest v0.9.3\n   Compiling toml_datetime v0.6.9\n   Compiling serde_spanned v0.6.8\n   Compiling serde_bytes v0.11.17\n   Compiling serde_stacker v0.1.12\n   Compiling toml_edit v0.22.26\n   Compiling toml v0.8.22\n   Compiling trybuild v1.0.104\nerror[E0433]: failed to resolve: use of undeclared crate or module `serde_json`\n    --> src/value/mod.rs:1043:15\n     |\n1043 |     let obj = serde_json::json!({ \"outer\": { \"inner\": \"value\" } });\n     |               ^^^^^^^^^^ use of undeclared crate or module `serde_json`\n\nwarning: unused import: `super::*`\n    --> src/value/mod.rs:1038:8\n     |\n1038 |    use super::*;\n     |        ^^^^^^^^\n     |\n     = note: `#[warn(unused_imports)]` on by default\n\nwarning: unused import: `ntest::timeout`\n    --> src/value/mod.rs:1039:8\n     |\n1039 |    use ntest::timeout;\n     |        ^^^^^^^^^^^^^^\n\nFor more information about this error, try `rustc --explain E0433`.\nwarning: `serde_json` (lib test) generated 2 warnings\nerror: could not compile `serde_json` (lib test) due to 1 previous error; 2 warnings emitted\n"
                }
              ],
              "repaired": [
                false
              ]
            },
            {
              "attrs": [],
              "prefix": [],
              "oracles": [],
              "codes": [
                [
                  "{",
                  "    let obj = serde_json::json!([1, 2, 3]);",
                  "    assert!(!obj.is_object());",
                  "}"
                ]
              ],
              "can_compile": [
                {
                  "Err": "   Compiling proc-macro2 v1.0.95\n   Compiling serde v1.0.219\n   Compiling syn v1.0.109\n   Compiling libc v0.2.172\n   Compiling serde_json v1.0.140\n   Compiling target-triple v0.1.4\n   Compiling rustversion v1.0.20\n   Compiling ref-cast v1.0.24\n   Compiling serde_json v1.0.140 (/home/abezbm/rust-utgen-test-crates-new/json)\n   Compiling psm v0.1.26\n   Compiling stacker v0.1.21\n   Compiling quote v1.0.40\n   Compiling syn v2.0.101\n   Compiling serde_derive v1.0.219\n   Compiling ref-cast-impl v1.0.24\n   Compiling automod v1.0.15\n   Compiling ntest_test_cases v0.9.3\n   Compiling ntest_timeout v0.9.3\n   Compiling ntest v0.9.3\n   Compiling serde_spanned v0.6.8\n   Compiling toml_datetime v0.6.9\n   Compiling serde_stacker v0.1.12\n   Compiling serde_bytes v0.11.17\n   Compiling toml_edit v0.22.26\n   Compiling toml v0.8.22\n   Compiling trybuild v1.0.104\nerror[E0433]: failed to resolve: use of undeclared crate or module `serde_json`\n    --> src/value/mod.rs:1043:15\n     |\n1043 |     let obj = serde_json::json!([1, 2, 3]);\n     |               ^^^^^^^^^^ use of undeclared crate or module `serde_json`\n\nwarning: unused import: `super::*`\n    --> src/value/mod.rs:1038:8\n     |\n1038 |    use super::*;\n     |        ^^^^^^^^\n     |\n     = note: `#[warn(unused_imports)]` on by default\n\nwarning: unused import: `ntest::timeout`\n    --> src/value/mod.rs:1039:8\n     |\n1039 |    use ntest::timeout;\n     |        ^^^^^^^^^^^^^^\n\nFor more information about this error, try `rustc --explain E0433`.\nwarning: `serde_json` (lib test) generated 2 warnings\nerror: could not compile `serde_json` (lib test) due to 1 previous error; 2 warnings emitted\n"
                }
              ],
              "repaired": [
                false
              ]
            },
            {
              "attrs": [],
              "prefix": [],
              "oracles": [],
              "codes": [
                [
                  "{",
                  "    let obj = serde_json::json!({});",
                  "    assert!(obj.is_object());",
                  "}"
                ]
              ],
              "can_compile": [
                {
                  "Err": "   Compiling proc-macro2 v1.0.95\n   Compiling serde v1.0.219\n   Compiling syn v1.0.109\n   Compiling libc v0.2.172\n   Compiling target-triple v0.1.4\n   Compiling serde_json v1.0.140\n   Compiling ref-cast v1.0.24\n   Compiling rustversion v1.0.20\n   Compiling psm v0.1.26\n   Compiling stacker v0.1.21\n   Compiling serde_json v1.0.140 (/home/abezbm/rust-utgen-test-crates-new/json)\n   Compiling quote v1.0.40\n   Compiling syn v2.0.101\n   Compiling serde_derive v1.0.219\n   Compiling ref-cast-impl v1.0.24\n   Compiling automod v1.0.15\n   Compiling ntest_timeout v0.9.3\n   Compiling ntest_test_cases v0.9.3\n   Compiling ntest v0.9.3\n   Compiling toml_datetime v0.6.9\n   Compiling serde_spanned v0.6.8\n   Compiling serde_stacker v0.1.12\n   Compiling serde_bytes v0.11.17\n   Compiling toml_edit v0.22.26\n   Compiling toml v0.8.22\n   Compiling trybuild v1.0.104\nerror[E0433]: failed to resolve: use of undeclared crate or module `serde_json`\n    --> src/value/mod.rs:1043:15\n     |\n1043 |     let obj = serde_json::json!({});\n     |               ^^^^^^^^^^ use of undeclared crate or module `serde_json`\n\nwarning: unused import: `super::*`\n    --> src/value/mod.rs:1038:8\n     |\n1038 |    use super::*;\n     |        ^^^^^^^^\n     |\n     = note: `#[warn(unused_imports)]` on by default\n\nwarning: unused import: `ntest::timeout`\n    --> src/value/mod.rs:1039:8\n     |\n1039 |    use ntest::timeout;\n     |        ^^^^^^^^^^^^^^\n\nFor more information about this error, try `rustc --explain E0433`.\nwarning: `serde_json` (lib test) generated 2 warnings\nerror: could not compile `serde_json` (lib test) due to 1 previous error; 2 warnings emitted\n"
                }
              ],
              "repaired": [
                false
              ]
            },
            {
              "attrs": [],
              "prefix": [],
              "oracles": [],
              "codes": [
                [
                  "{",
                  "    let obj = serde_json::json!(\"string_value\");",
                  "    assert!(!obj.is_object());",
                  "}"
                ]
              ],
              "can_compile": [
                {
                  "Err": "   Compiling proc-macro2 v1.0.95\n   Compiling serde v1.0.219\n   Compiling syn v1.0.109\n   Compiling libc v0.2.172\n   Compiling serde_json v1.0.140\n   Compiling target-triple v0.1.4\n   Compiling ref-cast v1.0.24\n   Compiling rustversion v1.0.20\n   Compiling serde_json v1.0.140 (/home/abezbm/rust-utgen-test-crates-new/json)\n   Compiling psm v0.1.26\n   Compiling stacker v0.1.21\n   Compiling quote v1.0.40\n   Compiling syn v2.0.101\n   Compiling serde_derive v1.0.219\n   Compiling ref-cast-impl v1.0.24\n   Compiling automod v1.0.15\n   Compiling ntest_timeout v0.9.3\n   Compiling ntest_test_cases v0.9.3\n   Compiling ntest v0.9.3\n   Compiling toml_datetime v0.6.9\n   Compiling serde_spanned v0.6.8\n   Compiling serde_bytes v0.11.17\n   Compiling serde_stacker v0.1.12\n   Compiling toml_edit v0.22.26\n   Compiling toml v0.8.22\n   Compiling trybuild v1.0.104\nerror[E0433]: failed to resolve: use of undeclared crate or module `serde_json`\n    --> src/value/mod.rs:1043:15\n     |\n1043 |     let obj = serde_json::json!(\"string_value\");\n     |               ^^^^^^^^^^ use of undeclared crate or module `serde_json`\n\nwarning: unused import: `super::*`\n    --> src/value/mod.rs:1038:8\n     |\n1038 |    use super::*;\n     |        ^^^^^^^^\n     |\n     = note: `#[warn(unused_imports)]` on by default\n\nwarning: unused import: `ntest::timeout`\n    --> src/value/mod.rs:1039:8\n     |\n1039 |    use ntest::timeout;\n     |        ^^^^^^^^^^^^^^\n\nFor more information about this error, try `rustc --explain E0433`.\nwarning: `serde_json` (lib test) generated 2 warnings\nerror: could not compile `serde_json` (lib test) due to 1 previous error; 2 warnings emitted\n"
                }
              ],
              "repaired": [
                false
              ]
            },
            {
              "attrs": [],
              "prefix": [],
              "oracles": [],
              "codes": [
                [
                  "{",
                  "    let obj = serde_json::json!(true);",
                  "    assert!(!obj.is_object());",
                  "}"
                ]
              ],
              "can_compile": [
                {
                  "Err": "   Compiling proc-macro2 v1.0.95\n   Compiling serde v1.0.219\n   Compiling syn v1.0.109\n   Compiling libc v0.2.172\n   Compiling target-triple v0.1.4\n   Compiling serde_json v1.0.140\n   Compiling ref-cast v1.0.24\n   Compiling rustversion v1.0.20\n   Compiling psm v0.1.26\n   Compiling stacker v0.1.21\n   Compiling serde_json v1.0.140 (/home/abezbm/rust-utgen-test-crates-new/json)\n   Compiling quote v1.0.40\n   Compiling syn v2.0.101\n   Compiling serde_derive v1.0.219\n   Compiling ref-cast-impl v1.0.24\n   Compiling automod v1.0.15\n   Compiling ntest_timeout v0.9.3\n   Compiling ntest_test_cases v0.9.3\n   Compiling ntest v0.9.3\n   Compiling serde_spanned v0.6.8\n   Compiling toml_datetime v0.6.9\n   Compiling serde_stacker v0.1.12\n   Compiling serde_bytes v0.11.17\n   Compiling toml_edit v0.22.26\n   Compiling toml v0.8.22\n   Compiling trybuild v1.0.104\nerror[E0433]: failed to resolve: use of undeclared crate or module `serde_json`\n    --> src/value/mod.rs:1043:15\n     |\n1043 |     let obj = serde_json::json!(true);\n     |               ^^^^^^^^^^ use of undeclared crate or module `serde_json`\n\nwarning: unused import: `super::*`\n    --> src/value/mod.rs:1038:8\n     |\n1038 |    use super::*;\n     |        ^^^^^^^^\n     |\n     = note: `#[warn(unused_imports)]` on by default\n\nwarning: unused import: `ntest::timeout`\n    --> src/value/mod.rs:1039:8\n     |\n1039 |    use ntest::timeout;\n     |        ^^^^^^^^^^^^^^\n\nFor more information about this error, try `rustc --explain E0433`.\nwarning: `serde_json` (lib test) generated 2 warnings\nerror: could not compile `serde_json` (lib test) due to 1 previous error; 2 warnings emitted\n"
                }
              ],
              "repaired": [
                false
              ]
            },
            {
              "attrs": [],
              "prefix": [],
              "oracles": [],
              "codes": [
                [
                  "{",
                  "    let obj = serde_json::json!(null);",
                  "    assert!(!obj.is_object());",
                  "}"
                ]
              ],
              "can_compile": [
                {
                  "Err": "   Compiling proc-macro2 v1.0.95\n   Compiling serde v1.0.219\n   Compiling syn v1.0.109\n   Compiling libc v0.2.172\n   Compiling serde_json v1.0.140\n   Compiling target-triple v0.1.4\n   Compiling rustversion v1.0.20\n   Compiling ref-cast v1.0.24\n   Compiling serde_json v1.0.140 (/home/abezbm/rust-utgen-test-crates-new/json)\n   Compiling psm v0.1.26\n   Compiling stacker v0.1.21\n   Compiling quote v1.0.40\n   Compiling syn v2.0.101\n   Compiling serde_derive v1.0.219\n   Compiling ref-cast-impl v1.0.24\n   Compiling automod v1.0.15\n   Compiling ntest_test_cases v0.9.3\n   Compiling ntest_timeout v0.9.3\n   Compiling ntest v0.9.3\n   Compiling serde_spanned v0.6.8\n   Compiling toml_datetime v0.6.9\n   Compiling serde_stacker v0.1.12\n   Compiling serde_bytes v0.11.17\n   Compiling toml_edit v0.22.26\n   Compiling toml v0.8.22\n   Compiling trybuild v1.0.104\nerror[E0433]: failed to resolve: use of undeclared crate or module `serde_json`\n    --> src/value/mod.rs:1043:15\n     |\n1043 |     let obj = serde_json::json!(null);\n     |               ^^^^^^^^^^ use of undeclared crate or module `serde_json`\n\nwarning: unused import: `super::*`\n    --> src/value/mod.rs:1038:8\n     |\n1038 |    use super::*;\n     |        ^^^^^^^^\n     |\n     = note: `#[warn(unused_imports)]` on by default\n\nwarning: unused import: `ntest::timeout`\n    --> src/value/mod.rs:1039:8\n     |\n1039 |    use ntest::timeout;\n     |        ^^^^^^^^^^^^^^\n\nFor more information about this error, try `rustc --explain E0433`.\nwarning: `serde_json` (lib test) generated 2 warnings\nerror: could not compile `serde_json` (lib test) due to 1 previous error; 2 warnings emitted\n"
                }
              ],
              "repaired": [
                false
              ]
            },
            {
              "attrs": [],
              "prefix": [],
              "oracles": [],
              "codes": [
                [
                  "{",
                  "    let obj = serde_json::json!({ \"array\": [1, 2], \"bool\": false });",
                  "    assert!(obj.is_object());",
                  "    assert!(!obj[\"array\"].is_object());",
                  "    assert!(!obj[\"bool\"].is_object());",
                  "}"
                ]
              ],
              "can_compile": [
                {
                  "Err": "   Compiling proc-macro2 v1.0.95\n   Compiling serde v1.0.219\n   Compiling syn v1.0.109\n   Compiling libc v0.2.172\n   Compiling serde_json v1.0.140\n   Compiling target-triple v0.1.4\n   Compiling rustversion v1.0.20\n   Compiling ref-cast v1.0.24\n   Compiling serde_json v1.0.140 (/home/abezbm/rust-utgen-test-crates-new/json)\n   Compiling psm v0.1.26\n   Compiling stacker v0.1.21\n   Compiling quote v1.0.40\n   Compiling syn v2.0.101\n   Compiling serde_derive v1.0.219\n   Compiling ref-cast-impl v1.0.24\n   Compiling automod v1.0.15\n   Compiling ntest_timeout v0.9.3\n   Compiling ntest_test_cases v0.9.3\n   Compiling ntest v0.9.3\n   Compiling serde_spanned v0.6.8\n   Compiling toml_datetime v0.6.9\n   Compiling serde_stacker v0.1.12\n   Compiling serde_bytes v0.11.17\n   Compiling toml_edit v0.22.26\n   Compiling toml v0.8.22\n   Compiling trybuild v1.0.104\nerror[E0433]: failed to resolve: use of undeclared crate or module `serde_json`\n    --> src/value/mod.rs:1043:15\n     |\n1043 |     let obj = serde_json::json!({ \"array\": [1, 2], \"bool\": false });\n     |               ^^^^^^^^^^ use of undeclared crate or module `serde_json`\n\nwarning: unused import: `super::*`\n    --> src/value/mod.rs:1038:8\n     |\n1038 |    use super::*;\n     |        ^^^^^^^^\n     |\n     = note: `#[warn(unused_imports)]` on by default\n\nwarning: unused import: `ntest::timeout`\n    --> src/value/mod.rs:1039:8\n     |\n1039 |    use ntest::timeout;\n     |        ^^^^^^^^^^^^^^\n\nFor more information about this error, try `rustc --explain E0433`.\nwarning: `serde_json` (lib test) generated 2 warnings\nerror: could not compile `serde_json` (lib test) due to 1 previous error; 2 warnings emitted\n"
                }
              ],
              "repaired": [
                false
              ]
            },
            {
              "attrs": [],
              "prefix": [],
              "oracles": [],
              "codes": [
                [
                  "{",
                  "    let obj = serde_json::json!({ \"special!@#$\": \"value\" });",
                  "    assert!(obj.is_object());",
                  "}"
                ]
              ],
              "can_compile": [
                {
                  "Err": "   Compiling proc-macro2 v1.0.95\n   Compiling serde v1.0.219\n   Compiling syn v1.0.109\n   Compiling libc v0.2.172\n   Compiling serde_json v1.0.140\n   Compiling target-triple v0.1.4\n   Compiling ref-cast v1.0.24\n   Compiling rustversion v1.0.20\n   Compiling serde_json v1.0.140 (/home/abezbm/rust-utgen-test-crates-new/json)\n   Compiling psm v0.1.26\n   Compiling stacker v0.1.21\n   Compiling quote v1.0.40\n   Compiling syn v2.0.101\n   Compiling serde_derive v1.0.219\n   Compiling ref-cast-impl v1.0.24\n   Compiling automod v1.0.15\n   Compiling ntest_timeout v0.9.3\n   Compiling ntest_test_cases v0.9.3\n   Compiling ntest v0.9.3\n   Compiling toml_datetime v0.6.9\n   Compiling serde_spanned v0.6.8\n   Compiling serde_bytes v0.11.17\n   Compiling serde_stacker v0.1.12\n   Compiling toml_edit v0.22.26\n   Compiling toml v0.8.22\n   Compiling trybuild v1.0.104\nerror[E0433]: failed to resolve: use of undeclared crate or module `serde_json`\n    --> src/value/mod.rs:1043:15\n     |\n1043 |     let obj = serde_json::json!({ \"special!@#$\": \"value\" });\n     |               ^^^^^^^^^^ use of undeclared crate or module `serde_json`\n\nwarning: unused import: `super::*`\n    --> src/value/mod.rs:1038:8\n     |\n1038 |    use super::*;\n     |        ^^^^^^^^\n     |\n     = note: `#[warn(unused_imports)]` on by default\n\nwarning: unused import: `ntest::timeout`\n    --> src/value/mod.rs:1039:8\n     |\n1039 |    use ntest::timeout;\n     |        ^^^^^^^^^^^^^^\n\nFor more information about this error, try `rustc --explain E0433`.\nwarning: `serde_json` (lib test) generated 2 warnings\nerror: could not compile `serde_json` (lib test) due to 1 previous error; 2 warnings emitted\n"
                }
              ],
              "repaired": [
                false
              ]
            }
          ]
        }
      ]
    }
  ]
}