{
  "name": "serde_json::map::map::Map<std::string::String, value::Value>::get_key_value",
  "name_with_impl": "serde_json::map::{impl#0}::get_key_value",
  "mod_info": {
    "name": "map",
    "loc": "src/lib.rs:420:1:420:13"
  },
  "visible": true,
  "loc": "src/map.rs:112:5:118:6",
  "fn_tests": [
    {
      "chain_id": 1,
      "prompt_conds": [],
      "input_infer": "",
      "answers": [
        {
          "uses": [],
          "has_test_mod": false,
          "common": [
            "#[derive(Debug)]",
            "struct TestMap {",
            "    map: std::collections::HashMap<String, serde_json::Value>,",
            "}",
            "",
            "impl TestMap {",
            "    fn new() -> Self {",
            "        TestMap {",
            "            map: std::collections::HashMap::new(),",
            "        }",
            "    }",
            "",
            "    fn insert(&mut self, key: String, value: serde_json::Value) {",
            "        self.map.insert(key, value);",
            "    }",
            "",
            "    fn get_key_value<Q>(&self, key: &Q) -> Option<(&String, &serde_json::Value)>",
            "    where",
            "        String: std::borrow::Borrow<Q>,",
            "        Q: ?Sized + Ord + Eq + std::hash::Hash,",
            "    {",
            "        self.map.get_key_value(key)",
            "    }",
            "}"
          ],
          "chain_tests": [
            {
              "attrs": [],
              "prefix": [],
              "oracles": [],
              "codes": [
                [
                  "{",
                  "    let mut test_map = TestMap::new();",
                  "    test_map.insert(\"key1\".to_string(), serde_json::json!(1));",
                  "    ",
                  "    let result = test_map.get_key_value(\"key1\");",
                  "    assert!(result.is_some());",
                  "    let (key, value) = result.unwrap();",
                  "    assert_eq!(key, &\"key1\".to_string());",
                  "    assert_eq!(value, &serde_json::json!(1));",
                  "}"
                ]
              ],
              "can_compile": [
                {
                  "Err": "   Compiling proc-macro2 v1.0.95\n   Compiling serde v1.0.219\n   Compiling syn v1.0.109\n   Compiling libc v0.2.172\n   Compiling target-triple v0.1.4\n   Compiling serde_json v1.0.140\n   Compiling rustversion v1.0.20\n   Compiling ref-cast v1.0.24\n   Compiling serde_json v1.0.140 (/home/abezbm/rust-utgen-test-crates-new/json)\n   Compiling psm v0.1.26\n   Compiling stacker v0.1.21\n   Compiling quote v1.0.40\n   Compiling syn v2.0.101\n   Compiling serde_derive v1.0.219\n   Compiling ref-cast-impl v1.0.24\n   Compiling automod v1.0.15\n   Compiling ntest_timeout v0.9.3\n   Compiling ntest_test_cases v0.9.3\n   Compiling ntest v0.9.3\n   Compiling serde_spanned v0.6.8\n   Compiling toml_datetime v0.6.9\n   Compiling serde_stacker v0.1.12\n   Compiling serde_bytes v0.11.17\n   Compiling toml_edit v0.22.26\n   Compiling toml v0.8.22\n   Compiling trybuild v1.0.104\nerror[E0433]: failed to resolve: use of undeclared crate or module `serde_json`\n    --> src/map.rs:1214:24\n     |\n1214 |     assert_eq!(value, &serde_json::json!(1));\n     |                        ^^^^^^^^^^ use of undeclared crate or module `serde_json`\n\nerror[E0433]: failed to resolve: use of undeclared crate or module `serde_json`\n    --> src/map.rs:1208:41\n     |\n1208 |     test_map.insert(\"key1\".to_string(), serde_json::json!(1));\n     |                                         ^^^^^^^^^^ use of undeclared crate or module `serde_json`\n\nwarning: unused import: `ntest::timeout`\n    --> src/map.rs:1178:8\n     |\n1178 |    use ntest::timeout;\n     |        ^^^^^^^^^^^^^^\n     |\n     = note: `#[warn(unused_imports)]` on by default\n\nerror[E0433]: failed to resolve: use of undeclared crate or module `serde_json`\n    --> src/map.rs:1181:44\n     |\n1181 |     map: std::collections::HashMap<String, serde_json::Value>,\n     |                                            ^^^^^^^^^^ use of undeclared crate or module `serde_json`\n\nerror[E0433]: failed to resolve: use of undeclared crate or module `serde_json`\n    --> src/map.rs:1191:46\n     |\n1191 |     fn insert(&mut self, key: String, value: serde_json::Value) {\n     |                                              ^^^^^^^^^^ use of undeclared crate or module `serde_json`\n\nerror[E0433]: failed to resolve: use of undeclared crate or module `serde_json`\n    --> src/map.rs:1195:62\n     |\n1195 |     fn get_key_value<Q>(&self, key: &Q) -> Option<(&String, &serde_json::Value)>\n     |                                                              ^^^^^^^^^^ use of undeclared crate or module `serde_json`\n\nFor more information about this error, try `rustc --explain E0433`.\nwarning: `serde_json` (lib test) generated 1 warning\nerror: could not compile `serde_json` (lib test) due to 5 previous errors; 1 warning emitted\n"
                }
              ],
              "repaired": [
                false
              ]
            },
            {
              "attrs": [],
              "prefix": [],
              "oracles": [],
              "codes": [
                [
                  "{",
                  "    let mut test_map = TestMap::new();",
                  "    test_map.insert(\"key1\".to_string(), serde_json::json!(1));",
                  "    ",
                  "    let result = test_map.get_key_value(\"key2\");",
                  "    assert!(result.is_none());",
                  "}"
                ]
              ],
              "can_compile": [
                {
                  "Err": "   Compiling proc-macro2 v1.0.95\n   Compiling serde v1.0.219\n   Compiling syn v1.0.109\n   Compiling libc v0.2.172\n   Compiling target-triple v0.1.4\n   Compiling serde_json v1.0.140\n   Compiling rustversion v1.0.20\n   Compiling ref-cast v1.0.24\n   Compiling serde_json v1.0.140 (/home/abezbm/rust-utgen-test-crates-new/json)\n   Compiling psm v0.1.26\n   Compiling stacker v0.1.21\n   Compiling quote v1.0.40\n   Compiling syn v2.0.101\n   Compiling serde_derive v1.0.219\n   Compiling ref-cast-impl v1.0.24\n   Compiling automod v1.0.15\n   Compiling ntest_test_cases v0.9.3\n   Compiling ntest_timeout v0.9.3\n   Compiling ntest v0.9.3\n   Compiling toml_datetime v0.6.9\n   Compiling serde_spanned v0.6.8\n   Compiling serde_bytes v0.11.17\n   Compiling serde_stacker v0.1.12\n   Compiling toml_edit v0.22.26\n   Compiling toml v0.8.22\n   Compiling trybuild v1.0.104\nerror[E0433]: failed to resolve: use of undeclared crate or module `serde_json`\n    --> src/map.rs:1208:41\n     |\n1208 |     test_map.insert(\"key1\".to_string(), serde_json::json!(1));\n     |                                         ^^^^^^^^^^ use of undeclared crate or module `serde_json`\n\nwarning: unused import: `ntest::timeout`\n    --> src/map.rs:1178:8\n     |\n1178 |    use ntest::timeout;\n     |        ^^^^^^^^^^^^^^\n     |\n     = note: `#[warn(unused_imports)]` on by default\n\nerror[E0433]: failed to resolve: use of undeclared crate or module `serde_json`\n    --> src/map.rs:1181:44\n     |\n1181 |     map: std::collections::HashMap<String, serde_json::Value>,\n     |                                            ^^^^^^^^^^ use of undeclared crate or module `serde_json`\n\nerror[E0433]: failed to resolve: use of undeclared crate or module `serde_json`\n    --> src/map.rs:1191:46\n     |\n1191 |     fn insert(&mut self, key: String, value: serde_json::Value) {\n     |                                              ^^^^^^^^^^ use of undeclared crate or module `serde_json`\n\nerror[E0433]: failed to resolve: use of undeclared crate or module `serde_json`\n    --> src/map.rs:1195:62\n     |\n1195 |     fn get_key_value<Q>(&self, key: &Q) -> Option<(&String, &serde_json::Value)>\n     |                                                              ^^^^^^^^^^ use of undeclared crate or module `serde_json`\n\nFor more information about this error, try `rustc --explain E0433`.\nwarning: `serde_json` (lib test) generated 1 warning\nerror: could not compile `serde_json` (lib test) due to 4 previous errors; 1 warning emitted\n"
                }
              ],
              "repaired": [
                false
              ]
            },
            {
              "attrs": [],
              "prefix": [],
              "oracles": [],
              "codes": [
                [
                  "{",
                  "    let test_map = TestMap::new();",
                  "    ",
                  "    let result = test_map.get_key_value(\"anykey\");",
                  "    assert!(result.is_none());",
                  "}"
                ]
              ],
              "can_compile": [
                {
                  "Err": "   Compiling proc-macro2 v1.0.95\n   Compiling serde v1.0.219\n   Compiling syn v1.0.109\n   Compiling libc v0.2.172\n   Compiling serde_json v1.0.140\n   Compiling target-triple v0.1.4\n   Compiling rustversion v1.0.20\n   Compiling ref-cast v1.0.24\n   Compiling serde_json v1.0.140 (/home/abezbm/rust-utgen-test-crates-new/json)\n   Compiling psm v0.1.26\n   Compiling stacker v0.1.21\n   Compiling quote v1.0.40\n   Compiling syn v2.0.101\n   Compiling serde_derive v1.0.219\n   Compiling ref-cast-impl v1.0.24\n   Compiling automod v1.0.15\n   Compiling ntest_timeout v0.9.3\n   Compiling ntest_test_cases v0.9.3\n   Compiling ntest v0.9.3\n   Compiling toml_datetime v0.6.9\n   Compiling serde_spanned v0.6.8\n   Compiling serde_stacker v0.1.12\n   Compiling serde_bytes v0.11.17\n   Compiling toml_edit v0.22.26\n   Compiling toml v0.8.22\n   Compiling trybuild v1.0.104\nwarning: unused import: `ntest::timeout`\n    --> src/map.rs:1178:8\n     |\n1178 |    use ntest::timeout;\n     |        ^^^^^^^^^^^^^^\n     |\n     = note: `#[warn(unused_imports)]` on by default\n\nerror[E0433]: failed to resolve: use of undeclared crate or module `serde_json`\n    --> src/map.rs:1181:44\n     |\n1181 |     map: std::collections::HashMap<String, serde_json::Value>,\n     |                                            ^^^^^^^^^^ use of undeclared crate or module `serde_json`\n\nerror[E0433]: failed to resolve: use of undeclared crate or module `serde_json`\n    --> src/map.rs:1191:46\n     |\n1191 |     fn insert(&mut self, key: String, value: serde_json::Value) {\n     |                                              ^^^^^^^^^^ use of undeclared crate or module `serde_json`\n\nerror[E0433]: failed to resolve: use of undeclared crate or module `serde_json`\n    --> src/map.rs:1195:62\n     |\n1195 |     fn get_key_value<Q>(&self, key: &Q) -> Option<(&String, &serde_json::Value)>\n     |                                                              ^^^^^^^^^^ use of undeclared crate or module `serde_json`\n\nFor more information about this error, try `rustc --explain E0433`.\nwarning: `serde_json` (lib test) generated 1 warning\nerror: could not compile `serde_json` (lib test) due to 3 previous errors; 1 warning emitted\n"
                }
              ],
              "repaired": [
                false
              ]
            },
            {
              "attrs": [],
              "prefix": [],
              "oracles": [],
              "codes": [
                [
                  "{",
                  "    let mut test_map = TestMap::new();",
                  "    test_map.insert(\"key1\".to_string(), serde_json::json!(1));",
                  "    ",
                  "    let key: &str = \"key1\";",
                  "    let result = test_map.get_key_value(key);",
                  "    assert!(result.is_some());",
                  "    let (found_key, found_value) = result.unwrap();",
                  "    assert_eq!(found_key, &\"key1\".to_string());",
                  "    assert_eq!(found_value, &serde_json::json!(1));",
                  "}"
                ]
              ],
              "can_compile": [
                {
                  "Err": "   Compiling proc-macro2 v1.0.95\n   Compiling serde v1.0.219\n   Compiling syn v1.0.109\n   Compiling libc v0.2.172\n   Compiling serde_json v1.0.140\n   Compiling target-triple v0.1.4\n   Compiling ref-cast v1.0.24\n   Compiling rustversion v1.0.20\n   Compiling serde_json v1.0.140 (/home/abezbm/rust-utgen-test-crates-new/json)\n   Compiling psm v0.1.26\n   Compiling stacker v0.1.21\n   Compiling quote v1.0.40\n   Compiling syn v2.0.101\n   Compiling serde_derive v1.0.219\n   Compiling ref-cast-impl v1.0.24\n   Compiling automod v1.0.15\n   Compiling ntest_test_cases v0.9.3\n   Compiling ntest_timeout v0.9.3\n   Compiling ntest v0.9.3\n   Compiling toml_datetime v0.6.9\n   Compiling serde_spanned v0.6.8\n   Compiling serde_stacker v0.1.12\n   Compiling serde_bytes v0.11.17\n   Compiling toml_edit v0.22.26\n   Compiling toml v0.8.22\n   Compiling trybuild v1.0.104\nerror[E0433]: failed to resolve: use of undeclared crate or module `serde_json`\n    --> src/map.rs:1215:30\n     |\n1215 |     assert_eq!(found_value, &serde_json::json!(1));\n     |                              ^^^^^^^^^^ use of undeclared crate or module `serde_json`\n\nerror[E0433]: failed to resolve: use of undeclared crate or module `serde_json`\n    --> src/map.rs:1208:41\n     |\n1208 |     test_map.insert(\"key1\".to_string(), serde_json::json!(1));\n     |                                         ^^^^^^^^^^ use of undeclared crate or module `serde_json`\n\nwarning: unused import: `ntest::timeout`\n    --> src/map.rs:1178:8\n     |\n1178 |    use ntest::timeout;\n     |        ^^^^^^^^^^^^^^\n     |\n     = note: `#[warn(unused_imports)]` on by default\n\nerror[E0433]: failed to resolve: use of undeclared crate or module `serde_json`\n    --> src/map.rs:1181:44\n     |\n1181 |     map: std::collections::HashMap<String, serde_json::Value>,\n     |                                            ^^^^^^^^^^ use of undeclared crate or module `serde_json`\n\nerror[E0433]: failed to resolve: use of undeclared crate or module `serde_json`\n    --> src/map.rs:1191:46\n     |\n1191 |     fn insert(&mut self, key: String, value: serde_json::Value) {\n     |                                              ^^^^^^^^^^ use of undeclared crate or module `serde_json`\n\nerror[E0433]: failed to resolve: use of undeclared crate or module `serde_json`\n    --> src/map.rs:1195:62\n     |\n1195 |     fn get_key_value<Q>(&self, key: &Q) -> Option<(&String, &serde_json::Value)>\n     |                                                              ^^^^^^^^^^ use of undeclared crate or module `serde_json`\n\nFor more information about this error, try `rustc --explain E0433`.\nwarning: `serde_json` (lib test) generated 1 warning\nerror: could not compile `serde_json` (lib test) due to 5 previous errors; 1 warning emitted\n"
                }
              ],
              "repaired": [
                false
              ]
            },
            {
              "attrs": [],
              "prefix": [],
              "oracles": [],
              "codes": [
                [
                  "{",
                  "    let mut test_map = TestMap::new();",
                  "    test_map.insert(\"key1\".to_string(), serde_json::json!(1));",
                  "    test_map.insert(\"key2\".to_string(), serde_json::json!(2));",
                  "",
                  "    let key: &str = \"key2\"; // Testing existing key",
                  "    let result = test_map.get_key_value(key);",
                  "    assert!(result.is_some());",
                  "    ",
                  "    let key_non_existing: &str = \"key3\"; // Testing non-existing key",
                  "    let result_non_existing = test_map.get_key_value(key_non_existing);",
                  "    assert!(result_non_existing.is_none());",
                  "}"
                ]
              ],
              "can_compile": [
                {
                  "Err": "   Compiling proc-macro2 v1.0.95\n   Compiling serde v1.0.219\n   Compiling syn v1.0.109\n   Compiling libc v0.2.172\n   Compiling target-triple v0.1.4\n   Compiling serde_json v1.0.140\n   Compiling ref-cast v1.0.24\n   Compiling rustversion v1.0.20\n   Compiling serde_json v1.0.140 (/home/abezbm/rust-utgen-test-crates-new/json)\n   Compiling psm v0.1.26\n   Compiling stacker v0.1.21\n   Compiling quote v1.0.40\n   Compiling syn v2.0.101\n   Compiling serde_derive v1.0.219\n   Compiling ref-cast-impl v1.0.24\n   Compiling automod v1.0.15\n   Compiling ntest_timeout v0.9.3\n   Compiling ntest_test_cases v0.9.3\n   Compiling ntest v0.9.3\n   Compiling serde_spanned v0.6.8\n   Compiling toml_datetime v0.6.9\n   Compiling serde_stacker v0.1.12\n   Compiling serde_bytes v0.11.17\n   Compiling toml_edit v0.22.26\n   Compiling toml v0.8.22\n   Compiling trybuild v1.0.104\nerror[E0433]: failed to resolve: use of undeclared crate or module `serde_json`\n    --> src/map.rs:1209:41\n     |\n1209 |     test_map.insert(\"key2\".to_string(), serde_json::json!(2));\n     |                                         ^^^^^^^^^^ use of undeclared crate or module `serde_json`\n\nerror[E0433]: failed to resolve: use of undeclared crate or module `serde_json`\n    --> src/map.rs:1208:41\n     |\n1208 |     test_map.insert(\"key1\".to_string(), serde_json::json!(1));\n     |                                         ^^^^^^^^^^ use of undeclared crate or module `serde_json`\n\nwarning: unused import: `ntest::timeout`\n    --> src/map.rs:1178:8\n     |\n1178 |    use ntest::timeout;\n     |        ^^^^^^^^^^^^^^\n     |\n     = note: `#[warn(unused_imports)]` on by default\n\nerror[E0433]: failed to resolve: use of undeclared crate or module `serde_json`\n    --> src/map.rs:1181:44\n     |\n1181 |     map: std::collections::HashMap<String, serde_json::Value>,\n     |                                            ^^^^^^^^^^ use of undeclared crate or module `serde_json`\n\nerror[E0433]: failed to resolve: use of undeclared crate or module `serde_json`\n    --> src/map.rs:1191:46\n     |\n1191 |     fn insert(&mut self, key: String, value: serde_json::Value) {\n     |                                              ^^^^^^^^^^ use of undeclared crate or module `serde_json`\n\nerror[E0433]: failed to resolve: use of undeclared crate or module `serde_json`\n    --> src/map.rs:1195:62\n     |\n1195 |     fn get_key_value<Q>(&self, key: &Q) -> Option<(&String, &serde_json::Value)>\n     |                                                              ^^^^^^^^^^ use of undeclared crate or module `serde_json`\n\nFor more information about this error, try `rustc --explain E0433`.\nwarning: `serde_json` (lib test) generated 1 warning\nerror: could not compile `serde_json` (lib test) due to 5 previous errors; 1 warning emitted\n"
                }
              ],
              "repaired": [
                false
              ]
            }
          ]
        }
      ]
    }
  ]
}