{
  "name": "serde_json::value::ser::<value::ser::Serializer as serde::Serializer>::serialize_str",
  "name_with_impl": "serde_json::value::ser::{impl#1}::serialize_str",
  "mod_info": {
    "name": "value::ser",
    "loc": "src/value/mod.rs:931:1:931:9"
  },
  "visible": true,
  "loc": "src/value/ser.rs:168:5:170:6",
  "fn_tests": [
    {
      "chain_id": 1,
      "prompt_conds": [
        "// expected return value/type: Ok(Value::String(value.to_owned()))\n"
      ],
      "input_infer": "",
      "answers": [
        {
          "uses": [],
          "has_test_mod": false,
          "common": [],
          "chain_tests": [
            {
              "attrs": [],
              "prefix": [],
              "oracles": [],
              "codes": [
                [
                  "{",
                  "    let value = \"test string\";",
                  "    let result = serialize_str(value);",
                  "    assert_eq!(result, Ok(Value::String(\"test string\".to_owned())));",
                  "}"
                ]
              ],
              "can_compile": [
                {
                  "Err": "   Compiling proc-macro2 v1.0.95\n   Compiling serde v1.0.219\n   Compiling syn v1.0.109\n   Compiling libc v0.2.172\n   Compiling serde_json v1.0.140\n   Compiling target-triple v0.1.4\n   Compiling rustversion v1.0.20\n   Compiling ref-cast v1.0.24\n   Compiling serde_json v1.0.140 (/home/abezbm/rust-utgen-test-crates-new/json)\n   Compiling psm v0.1.26\n   Compiling stacker v0.1.21\n   Compiling quote v1.0.40\n   Compiling syn v2.0.101\n   Compiling serde_derive v1.0.219\n   Compiling ref-cast-impl v1.0.24\n   Compiling automod v1.0.15\n   Compiling ntest_timeout v0.9.3\n   Compiling ntest_test_cases v0.9.3\n   Compiling ntest v0.9.3\n   Compiling serde_spanned v0.6.8\n   Compiling toml_datetime v0.6.9\n   Compiling serde_stacker v0.1.12\n   Compiling serde_bytes v0.11.17\n   Compiling toml_edit v0.22.26\n   Compiling toml v0.8.22\n   Compiling trybuild v1.0.104\nwarning: unused import: `ntest::timeout`\n    --> src/value/ser.rs:1067:8\n     |\n1067 |    use ntest::timeout;\n     |        ^^^^^^^^^^^^^^\n     |\n     = note: `#[warn(unused_imports)]` on by default\n\nerror[E0425]: cannot find function `serialize_str` in this scope\n    --> src/value/ser.rs:1072:18\n     |\n58   | pub struct Serializer;\n     | ---------------------- similarly named unit struct `Serializer` defined here\n...\n1072 |     let result = serialize_str(value);\n     |                  ^^^^^^^^^^^^^ help: a unit struct with a similar name exists: `Serializer`\n\nFor more information about this error, try `rustc --explain E0425`.\nwarning: `serde_json` (lib test) generated 1 warning\nerror: could not compile `serde_json` (lib test) due to 1 previous error; 1 warning emitted\n"
                }
              ],
              "repaired": [
                false
              ]
            },
            {
              "attrs": [],
              "prefix": [],
              "oracles": [],
              "codes": [
                [
                  "{",
                  "    let value = \"\";",
                  "    let result = serialize_str(value);",
                  "    assert_eq!(result, Ok(Value::String(\"\".to_owned())));",
                  "}"
                ]
              ],
              "can_compile": [
                {
                  "Err": "   Compiling proc-macro2 v1.0.95\n   Compiling serde v1.0.219\n   Compiling syn v1.0.109\n   Compiling libc v0.2.172\n   Compiling target-triple v0.1.4\n   Compiling serde_json v1.0.140\n   Compiling ref-cast v1.0.24\n   Compiling rustversion v1.0.20\n   Compiling serde_json v1.0.140 (/home/abezbm/rust-utgen-test-crates-new/json)\n   Compiling psm v0.1.26\n   Compiling stacker v0.1.21\n   Compiling quote v1.0.40\n   Compiling syn v2.0.101\n   Compiling serde_derive v1.0.219\n   Compiling ref-cast-impl v1.0.24\n   Compiling automod v1.0.15\n   Compiling ntest_test_cases v0.9.3\n   Compiling ntest_timeout v0.9.3\n   Compiling ntest v0.9.3\n   Compiling toml_datetime v0.6.9\n   Compiling serde_spanned v0.6.8\n   Compiling serde_stacker v0.1.12\n   Compiling serde_bytes v0.11.17\n   Compiling toml_edit v0.22.26\n   Compiling toml v0.8.22\n   Compiling trybuild v1.0.104\nwarning: unused import: `ntest::timeout`\n    --> src/value/ser.rs:1067:8\n     |\n1067 |    use ntest::timeout;\n     |        ^^^^^^^^^^^^^^\n     |\n     = note: `#[warn(unused_imports)]` on by default\n\nerror[E0425]: cannot find function `serialize_str` in this scope\n    --> src/value/ser.rs:1072:18\n     |\n58   | pub struct Serializer;\n     | ---------------------- similarly named unit struct `Serializer` defined here\n...\n1072 |     let result = serialize_str(value);\n     |                  ^^^^^^^^^^^^^ help: a unit struct with a similar name exists: `Serializer`\n\nFor more information about this error, try `rustc --explain E0425`.\nwarning: `serde_json` (lib test) generated 1 warning\nerror: could not compile `serde_json` (lib test) due to 1 previous error; 1 warning emitted\n"
                }
              ],
              "repaired": [
                false
              ]
            },
            {
              "attrs": [],
              "prefix": [],
              "oracles": [],
              "codes": [
                [
                  "{",
                  "    let value = \"   \";",
                  "    let result = serialize_str(value);",
                  "    assert_eq!(result, Ok(Value::String(\"   \".to_owned())));",
                  "}"
                ]
              ],
              "can_compile": [
                {
                  "Err": "   Compiling proc-macro2 v1.0.95\n   Compiling serde v1.0.219\n   Compiling syn v1.0.109\n   Compiling libc v0.2.172\n   Compiling target-triple v0.1.4\n   Compiling serde_json v1.0.140\n   Compiling rustversion v1.0.20\n   Compiling ref-cast v1.0.24\n   Compiling serde_json v1.0.140 (/home/abezbm/rust-utgen-test-crates-new/json)\n   Compiling psm v0.1.26\n   Compiling stacker v0.1.21\n   Compiling quote v1.0.40\n   Compiling syn v2.0.101\n   Compiling serde_derive v1.0.219\n   Compiling ref-cast-impl v1.0.24\n   Compiling automod v1.0.15\n   Compiling ntest_test_cases v0.9.3\n   Compiling ntest_timeout v0.9.3\n   Compiling ntest v0.9.3\n   Compiling serde_spanned v0.6.8\n   Compiling toml_datetime v0.6.9\n   Compiling serde_stacker v0.1.12\n   Compiling serde_bytes v0.11.17\n   Compiling toml_edit v0.22.26\n   Compiling toml v0.8.22\n   Compiling trybuild v1.0.104\nwarning: unused import: `ntest::timeout`\n    --> src/value/ser.rs:1067:8\n     |\n1067 |    use ntest::timeout;\n     |        ^^^^^^^^^^^^^^\n     |\n     = note: `#[warn(unused_imports)]` on by default\n\nerror[E0425]: cannot find function `serialize_str` in this scope\n    --> src/value/ser.rs:1072:18\n     |\n58   | pub struct Serializer;\n     | ---------------------- similarly named unit struct `Serializer` defined here\n...\n1072 |     let result = serialize_str(value);\n     |                  ^^^^^^^^^^^^^ help: a unit struct with a similar name exists: `Serializer`\n\nFor more information about this error, try `rustc --explain E0425`.\nwarning: `serde_json` (lib test) generated 1 warning\nerror: could not compile `serde_json` (lib test) due to 1 previous error; 1 warning emitted\n"
                }
              ],
              "repaired": [
                false
              ]
            },
            {
              "attrs": [],
              "prefix": [],
              "oracles": [],
              "codes": [
                [
                  "{",
                  "    let value = \"!@#$%^&*()_+-=~\";",
                  "    let result = serialize_str(value);",
                  "    assert_eq!(result, Ok(Value::String(\"!@#$%^&*()_+-=~\".to_owned())));",
                  "}"
                ]
              ],
              "can_compile": [
                {
                  "Err": "   Compiling proc-macro2 v1.0.95\n   Compiling serde v1.0.219\n   Compiling syn v1.0.109\n   Compiling libc v0.2.172\n   Compiling serde_json v1.0.140\n   Compiling target-triple v0.1.4\n   Compiling rustversion v1.0.20\n   Compiling ref-cast v1.0.24\n   Compiling psm v0.1.26\n   Compiling stacker v0.1.21\n   Compiling serde_json v1.0.140 (/home/abezbm/rust-utgen-test-crates-new/json)\n   Compiling quote v1.0.40\n   Compiling syn v2.0.101\n   Compiling serde_derive v1.0.219\n   Compiling ref-cast-impl v1.0.24\n   Compiling automod v1.0.15\n   Compiling ntest_timeout v0.9.3\n   Compiling ntest_test_cases v0.9.3\n   Compiling ntest v0.9.3\n   Compiling serde_spanned v0.6.8\n   Compiling toml_datetime v0.6.9\n   Compiling serde_stacker v0.1.12\n   Compiling serde_bytes v0.11.17\n   Compiling toml_edit v0.22.26\n   Compiling toml v0.8.22\n   Compiling trybuild v1.0.104\nwarning: unused import: `ntest::timeout`\n    --> src/value/ser.rs:1067:8\n     |\n1067 |    use ntest::timeout;\n     |        ^^^^^^^^^^^^^^\n     |\n     = note: `#[warn(unused_imports)]` on by default\n\nerror[E0425]: cannot find function `serialize_str` in this scope\n    --> src/value/ser.rs:1072:18\n     |\n58   | pub struct Serializer;\n     | ---------------------- similarly named unit struct `Serializer` defined here\n...\n1072 |     let result = serialize_str(value);\n     |                  ^^^^^^^^^^^^^ help: a unit struct with a similar name exists: `Serializer`\n\nFor more information about this error, try `rustc --explain E0425`.\nwarning: `serde_json` (lib test) generated 1 warning\nerror: could not compile `serde_json` (lib test) due to 1 previous error; 1 warning emitted\n"
                }
              ],
              "repaired": [
                false
              ]
            },
            {
              "attrs": [],
              "prefix": [],
              "oracles": [],
              "codes": [
                [
                  "{",
                  "    let value = \"你好世界\";",
                  "    let result = serialize_str(value);",
                  "    assert_eq!(result, Ok(Value::String(\"你好世界\".to_owned())));",
                  "}"
                ]
              ],
              "can_compile": [
                {
                  "Err": "   Compiling proc-macro2 v1.0.95\n   Compiling serde v1.0.219\n   Compiling syn v1.0.109\n   Compiling libc v0.2.172\n   Compiling serde_json v1.0.140\n   Compiling target-triple v0.1.4\n   Compiling ref-cast v1.0.24\n   Compiling rustversion v1.0.20\n   Compiling serde_json v1.0.140 (/home/abezbm/rust-utgen-test-crates-new/json)\n   Compiling psm v0.1.26\n   Compiling stacker v0.1.21\n   Compiling quote v1.0.40\n   Compiling syn v2.0.101\n   Compiling serde_derive v1.0.219\n   Compiling ref-cast-impl v1.0.24\n   Compiling automod v1.0.15\n   Compiling ntest_test_cases v0.9.3\n   Compiling ntest_timeout v0.9.3\n   Compiling ntest v0.9.3\n   Compiling toml_datetime v0.6.9\n   Compiling serde_spanned v0.6.8\n   Compiling serde_bytes v0.11.17\n   Compiling serde_stacker v0.1.12\n   Compiling toml_edit v0.22.26\n   Compiling toml v0.8.22\n   Compiling trybuild v1.0.104\nwarning: unused import: `ntest::timeout`\n    --> src/value/ser.rs:1067:8\n     |\n1067 |    use ntest::timeout;\n     |        ^^^^^^^^^^^^^^\n     |\n     = note: `#[warn(unused_imports)]` on by default\n\nerror[E0425]: cannot find function `serialize_str` in this scope\n    --> src/value/ser.rs:1072:18\n     |\n58   | pub struct Serializer;\n     | ---------------------- similarly named unit struct `Serializer` defined here\n...\n1072 |     let result = serialize_str(value);\n     |                  ^^^^^^^^^^^^^ help: a unit struct with a similar name exists: `Serializer`\n\nFor more information about this error, try `rustc --explain E0425`.\nwarning: `serde_json` (lib test) generated 1 warning\nerror: could not compile `serde_json` (lib test) due to 1 previous error; 1 warning emitted\n"
                }
              ],
              "repaired": [
                false
              ]
            }
          ]
        }
      ]
    }
  ]
}