{
  "name": "serde_json::value::de::value::de::<impl serde::Deserializer<'de> for value::Value>::deserialize_tuple_struct",
  "name_with_impl": "serde_json::value::de::{impl#3}::deserialize_tuple_struct",
  "mod_info": {
    "name": "value::de",
    "loc": "src/value/mod.rs:927:1:927:8"
  },
  "visible": true,
  "loc": "src/value/de.rs:453:5:463:6",
  "fn_tests": [
    {
      "chain_id": 1,
      "prompt_conds": [],
      "input_infer": "",
      "answers": [
        {
          "uses": [],
          "has_test_mod": false,
          "common": [],
          "chain_tests": [
            {
              "attrs": [],
              "prefix": [],
              "oracles": [],
              "codes": [
                [
                  "{",
                  "    struct TestVisitor;",
                  "",
                  "    impl<'de> serde::de::Visitor<'de> for TestVisitor {",
                  "        type Value = Vec<i32>;",
                  "",
                  "        fn expecting(&self, formatter: &mut std::fmt::Formatter) -> std::fmt::Result {",
                  "            formatter.write_str(\"a sequence of i32\")",
                  "        }",
                  "",
                  "        fn visit_seq<V>(self, mut seq: V) -> Result<Self::Value, serde::de::Error>",
                  "        where",
                  "            V: serde::de::SeqAccess<'de>,",
                  "        {",
                  "            let mut vec = Vec::new();",
                  "            while let Some(value) = seq.next_element()? {",
                  "                vec.push(value);",
                  "            }",
                  "            Ok(vec)",
                  "        }",
                  "    }",
                  "",
                  "    let input_data = r#\" [1, 2, 3] \"#;",
                  "    let deserializer = serde_json::Deserializer::from_str(input_data);",
                  "    ",
                  "    let result: Result<Vec<i32>, serde_json::Error> = ",
                  "        deserializer.deserialize_tuple_struct(\"TupleStruct\", 3, TestVisitor);",
                  "",
                  "    assert!(result.is_ok());",
                  "    assert_eq!(result.unwrap(), vec![1, 2, 3]);",
                  "}"
                ]
              ],
              "can_compile": [
                {
                  "Err": "   Compiling proc-macro2 v1.0.95\n   Compiling serde v1.0.219\n   Compiling syn v1.0.109\n   Compiling libc v0.2.172\n   Compiling serde_json v1.0.140\n   Compiling target-triple v0.1.4\n   Compiling rustversion v1.0.20\n   Compiling ref-cast v1.0.24\n   Compiling serde_json v1.0.140 (/home/abezbm/rust-utgen-test-crates-new/json)\n   Compiling psm v0.1.26\n   Compiling stacker v0.1.21\n   Compiling quote v1.0.40\n   Compiling syn v2.0.101\n   Compiling serde_derive v1.0.219\n   Compiling ref-cast-impl v1.0.24\n   Compiling automod v1.0.15\n   Compiling ntest_timeout v0.9.3\n   Compiling ntest_test_cases v0.9.3\n   Compiling ntest v0.9.3\n   Compiling toml_datetime v0.6.9\n   Compiling serde_spanned v0.6.8\n   Compiling serde_stacker v0.1.12\n   Compiling serde_bytes v0.11.17\n   Compiling toml_edit v0.22.26\n   Compiling toml v0.8.22\n   Compiling trybuild v1.0.104\nerror[E0433]: failed to resolve: use of undeclared crate or module `serde_json`\n    --> src/value/de.rs:1530:24\n     |\n1530 |     let deserializer = serde_json::Deserializer::from_str(input_data);\n     |                        ^^^^^^^^^^ use of undeclared crate or module `serde_json`\n     |\nhelp: consider importing one of these items\n     |\n1503 +    use crate::Deserializer;\n     |\n1503 +    use crate::value::de::de::Deserializer;\n     |\n1503 +    use serde::Deserializer;\n     |\n1503 +    use serde_stacker::Deserializer;\n     |\nhelp: if you import `Deserializer`, refer to it directly\n     |\n1530 -     let deserializer = serde_json::Deserializer::from_str(input_data);\n1530 +     let deserializer = Deserializer::from_str(input_data);\n     |\n\nwarning: unused import: `ntest::timeout`\n    --> src/value/de.rs:1504:8\n     |\n1504 |    use ntest::timeout;\n     |        ^^^^^^^^^^^^^^\n     |\n     = note: `#[warn(unused_imports)]` on by default\n\nerror[E0053]: method `visit_seq` has an incompatible type for trait\n    --> src/value/de.rs:1517:46\n     |\n1517 |         fn visit_seq<V>(self, mut seq: V) -> Result<Self::Value, serde::de::Error>\n     |                                              ^^^^^^^^^^^^^^^^^^^^^^^^^^^^^^^^^^^^^ expected associated type, found `dyn serde::de::Error`\n     |\n     = note: expected signature `fn(TestVisitor, _) -> std::result::Result<_, <V as serde::de::SeqAccess<'de>>::Error>`\n                found signature `fn(TestVisitor, _) -> std::result::Result<_, (dyn serde::de::Error + 'static)>`\nhelp: change the output type to match the trait\n     |\n1517 |         fn visit_seq<V>(self, mut seq: V) -> std::result::Result<std::vec::Vec<i32>, <V as serde::de::SeqAccess<'de>>::Error>\n     |                                              ~~~~~~~~~~~~~~~~~~~~~~~~~~~~~~~~~~~~~~~~~~~~~~~~~~~~~~~~~~~~~~~~~~~~~~~~~~~~~~~~\n\nerror[E0038]: the trait `serde::de::Error` cannot be made into an object\n    --> src/value/de.rs:1517:66\n     |\n1517 |         fn visit_seq<V>(self, mut seq: V) -> Result<Self::Value, serde::de::Error>\n     |                                                                  ^^^^^^^^^^^^^^^^ `serde::de::Error` cannot be made into an object\n     |\n     = note: the trait cannot be made into an object because it requires `Self: Sized`\n     = note: for a trait to be \"object safe\" it needs to allow building a vtable to allow the call to be resolvable dynamically; for more information visit <https://doc.rust-lang.org/reference/items/traits.html#object-safety>\n     = help: the following types implement the trait, consider defining an enum where each variant holds one of these types, implementing `serde::de::Error` for this new enum and using it instead:\n               error::Error\n               serde::de::value::Error\n               serde_json::Error\n               toml::de::Error\n               toml_edit::de::Error\n\nerror[E0277]: the size for values of type `(dyn serde::de::Error + 'static)` cannot be known at compilation time\n    --> src/value/de.rs:1517:46\n     |\n1517 |         fn visit_seq<V>(self, mut seq: V) -> Result<Self::Value, serde::de::Error>\n     |                                              ^^^^^^^^^^^^^^^^^^^^^^^^^^^^^^^^^^^^^ doesn't have a size known at compile-time\n     |\n     = help: the trait `Sized` is not implemented for `(dyn serde::de::Error + 'static)`\nnote: required by an implicit `Sized` bound in `std::result::Result`\n    --> /home/abezbm/.rustup/toolchains/nightly-2024-07-21-x86_64-unknown-linux-gnu/lib/rustlib/src/rust/library/core/src/result.rs:527:20\n     |\n527  | pub enum Result<T, E> {\n     |                    ^ required by the implicit `Sized` requirement on this type parameter in `Result`\n\nerror[E0277]: `?` couldn't convert the error to `dyn serde::de::Error`\n    --> src/value/de.rs:1522:55\n     |\n1522 |             while let Some(value) = seq.next_element()? {\n     |                                                       ^ the trait `From<<V as serde::de::SeqAccess<'de>>::Error>` is not implemented for `dyn serde::de::Error`, which is required by `std::result::Result<std::vec::Vec<i32>, dyn serde::de::Error>: FromResidual<std::result::Result<Infallible, <V as serde::de::SeqAccess<'de>>::Error>>`\n     |\n     = note: the question mark operation (`?`) implicitly performs a conversion on the error value using the `From` trait\n     = help: the following other types implement trait `FromResidual<R>`:\n               `std::result::Result<T, F>` implements `FromResidual<Yeet<E>>`\n               `std::result::Result<T, F>` implements `FromResidual<std::result::Result<Infallible, E>>`\n     = note: required for `std::result::Result<std::vec::Vec<i32>, dyn serde::de::Error>` to implement `FromResidual<std::result::Result<Infallible, <V as serde::de::SeqAccess<'de>>::Error>>`\n\nerror[E0038]: the trait `serde::de::Error` cannot be made into an object\n    --> src/value/de.rs:1522:37\n     |\n1522 |             while let Some(value) = seq.next_element()? {\n     |                                     ^^^^^^^^^^^^^^^^^^^ `serde::de::Error` cannot be made into an object\n     |\n     = note: the trait cannot be made into an object because it requires `Self: Sized`\n     = note: for a trait to be \"object safe\" it needs to allow building a vtable to allow the call to be resolvable dynamically; for more information visit <https://doc.rust-lang.org/reference/items/traits.html#object-safety>\n     = help: the following types implement the trait, consider defining an enum where each variant holds one of these types, implementing `serde::de::Error` for this new enum and using it instead:\n               error::Error\n               serde::de::value::Error\n               serde_json::Error\n               toml::de::Error\n               toml_edit::de::Error\n\nerror[E0038]: the trait `serde::de::Error` cannot be made into an object\n    --> src/value/de.rs:1525:13\n     |\n1525 |             Ok(vec)\n     |             ^^ `serde::de::Error` cannot be made into an object\n     |\n     = note: the trait cannot be made into an object because it requires `Self: Sized`\n     = note: for a trait to be \"object safe\" it needs to allow building a vtable to allow the call to be resolvable dynamically; for more information visit <https://doc.rust-lang.org/reference/items/traits.html#object-safety>\n     = help: the following types implement the trait, consider defining an enum where each variant holds one of these types, implementing `serde::de::Error` for this new enum and using it instead:\n               error::Error\n               serde::de::value::Error\n               serde_json::Error\n               toml::de::Error\n               toml_edit::de::Error\n\nerror[E0277]: the size for values of type `dyn serde::de::Error` cannot be known at compilation time\n    --> src/value/de.rs:1525:13\n     |\n1525 |             Ok(vec)\n     |             ^^^^^^^ doesn't have a size known at compile-time\n     |\n     = help: the trait `Sized` is not implemented for `dyn serde::de::Error`\nnote: required by a bound in `Ok`\n    --> /home/abezbm/.rustup/toolchains/nightly-2024-07-21-x86_64-unknown-linux-gnu/lib/rustlib/src/rust/library/core/src/result.rs:527:20\n     |\n527  | pub enum Result<T, E> {\n     |                    ^ required by this bound in `Ok`\n...\n531  |     Ok(#[stable(feature = \"rust1\", since = \"1.0.0\")] T),\n     |     -- required by a bound in this tuple variant\n\nerror[E0433]: failed to resolve: use of undeclared crate or module `serde_json`\n    --> src/value/de.rs:1532:34\n     |\n1532 |     let result: Result<Vec<i32>, serde_json::Error> = \n     |                                  ^^^^^^^^^^ use of undeclared crate or module `serde_json`\n\nerror[E0782]: trait objects must include the `dyn` keyword\n    --> src/value/de.rs:1517:66\n     |\n1517 |         fn visit_seq<V>(self, mut seq: V) -> Result<Self::Value, serde::de::Error>\n     |                                                                  ^^^^^^^^^^^^^^^^\n     |\nhelp: add `dyn` keyword before this trait\n     |\n1517 |         fn visit_seq<V>(self, mut seq: V) -> Result<Self::Value, dyn serde::de::Error>\n     |                                                                  +++\n\nSome errors have detailed explanations: E0038, E0053, E0277, E0433, E0782.\nFor more information about an error, try `rustc --explain E0038`.\nwarning: `serde_json` (lib test) generated 1 warning\nerror: could not compile `serde_json` (lib test) due to 10 previous errors; 1 warning emitted\n"
                }
              ],
              "repaired": [
                false
              ]
            },
            {
              "attrs": [],
              "prefix": [],
              "oracles": [],
              "codes": [
                [
                  "{",
                  "    struct TestVisitor;",
                  "",
                  "    impl<'de> serde::de::Visitor<'de> for TestVisitor {",
                  "        type Value = Vec<i32>;",
                  "",
                  "        fn expecting(&self, formatter: &mut std::fmt::Formatter) -> std::fmt::Result {",
                  "            formatter.write_str(\"a sequence of i32\")",
                  "        }",
                  "",
                  "        fn visit_seq<V>(self, seq: V) -> Result<Self::Value, serde::de::Error>",
                  "        where",
                  "            V: serde::de::SeqAccess<'de>,",
                  "        {",
                  "            let len = seq.size_hint().0;",
                  "            Err(serde::de::Error::invalid_length(len, &self))",
                  "        }",
                  "    }",
                  "",
                  "    let input_data = r#\" [1, 2] \"#; // Length is less than expected",
                  "    let deserializer = serde_json::Deserializer::from_str(input_data);",
                  "    ",
                  "    let result: Result<Vec<i32>, serde_json::Error> = ",
                  "        deserializer.deserialize_tuple_struct(\"TupleStruct\", 3, TestVisitor);",
                  "",
                  "    assert!(result.is_err());",
                  "}"
                ]
              ],
              "can_compile": [
                {
                  "Err": "   Compiling proc-macro2 v1.0.95\n   Compiling serde v1.0.219\n   Compiling syn v1.0.109\n   Compiling libc v0.2.172\n   Compiling serde_json v1.0.140\n   Compiling target-triple v0.1.4\n   Compiling ref-cast v1.0.24\n   Compiling rustversion v1.0.20\n   Compiling serde_json v1.0.140 (/home/abezbm/rust-utgen-test-crates-new/json)\n   Compiling psm v0.1.26\n   Compiling stacker v0.1.21\n   Compiling quote v1.0.40\n   Compiling syn v2.0.101\n   Compiling serde_derive v1.0.219\n   Compiling ref-cast-impl v1.0.24\n   Compiling automod v1.0.15\n   Compiling ntest_test_cases v0.9.3\n   Compiling ntest_timeout v0.9.3\n   Compiling ntest v0.9.3\n   Compiling serde_spanned v0.6.8\n   Compiling toml_datetime v0.6.9\n   Compiling serde_bytes v0.11.17\n   Compiling serde_stacker v0.1.12\n   Compiling toml_edit v0.22.26\n   Compiling toml v0.8.22\n   Compiling trybuild v1.0.104\nerror[E0433]: failed to resolve: use of undeclared crate or module `serde_json`\n    --> src/value/de.rs:1527:24\n     |\n1527 |     let deserializer = serde_json::Deserializer::from_str(input_data);\n     |                        ^^^^^^^^^^ use of undeclared crate or module `serde_json`\n     |\nhelp: consider importing one of these items\n     |\n1503 +    use crate::Deserializer;\n     |\n1503 +    use crate::value::de::de::Deserializer;\n     |\n1503 +    use serde::Deserializer;\n     |\n1503 +    use serde_stacker::Deserializer;\n     |\nhelp: if you import `Deserializer`, refer to it directly\n     |\n1527 -     let deserializer = serde_json::Deserializer::from_str(input_data);\n1527 +     let deserializer = Deserializer::from_str(input_data);\n     |\n\nwarning: unused import: `ntest::timeout`\n    --> src/value/de.rs:1504:8\n     |\n1504 |    use ntest::timeout;\n     |        ^^^^^^^^^^^^^^\n     |\n     = note: `#[warn(unused_imports)]` on by default\n\nerror[E0053]: method `visit_seq` has an incompatible type for trait\n    --> src/value/de.rs:1517:42\n     |\n1517 |         fn visit_seq<V>(self, seq: V) -> Result<Self::Value, serde::de::Error>\n     |                                          ^^^^^^^^^^^^^^^^^^^^^^^^^^^^^^^^^^^^^ expected associated type, found `dyn serde::de::Error`\n     |\n     = note: expected signature `fn(TestVisitor, _) -> std::result::Result<_, <V as serde::de::SeqAccess<'de>>::Error>`\n                found signature `fn(TestVisitor, _) -> std::result::Result<_, (dyn serde::de::Error + 'static)>`\nhelp: change the output type to match the trait\n     |\n1517 |         fn visit_seq<V>(self, seq: V) -> std::result::Result<std::vec::Vec<i32>, <V as serde::de::SeqAccess<'de>>::Error>\n     |                                          ~~~~~~~~~~~~~~~~~~~~~~~~~~~~~~~~~~~~~~~~~~~~~~~~~~~~~~~~~~~~~~~~~~~~~~~~~~~~~~~~\n\nerror[E0038]: the trait `serde::de::Error` cannot be made into an object\n    --> src/value/de.rs:1517:62\n     |\n1517 |         fn visit_seq<V>(self, seq: V) -> Result<Self::Value, serde::de::Error>\n     |                                                              ^^^^^^^^^^^^^^^^ `serde::de::Error` cannot be made into an object\n     |\n     = note: the trait cannot be made into an object because it requires `Self: Sized`\n     = note: for a trait to be \"object safe\" it needs to allow building a vtable to allow the call to be resolvable dynamically; for more information visit <https://doc.rust-lang.org/reference/items/traits.html#object-safety>\n     = help: the following types implement the trait, consider defining an enum where each variant holds one of these types, implementing `serde::de::Error` for this new enum and using it instead:\n               error::Error\n               serde::de::value::Error\n               serde_json::Error\n               toml::de::Error\n               toml_edit::de::Error\n\nerror[E0277]: the size for values of type `(dyn serde::de::Error + 'static)` cannot be known at compilation time\n    --> src/value/de.rs:1517:42\n     |\n1517 |         fn visit_seq<V>(self, seq: V) -> Result<Self::Value, serde::de::Error>\n     |                                          ^^^^^^^^^^^^^^^^^^^^^^^^^^^^^^^^^^^^^ doesn't have a size known at compile-time\n     |\n     = help: the trait `Sized` is not implemented for `(dyn serde::de::Error + 'static)`\nnote: required by an implicit `Sized` bound in `std::result::Result`\n    --> /home/abezbm/.rustup/toolchains/nightly-2024-07-21-x86_64-unknown-linux-gnu/lib/rustlib/src/rust/library/core/src/result.rs:527:20\n     |\n527  | pub enum Result<T, E> {\n     |                    ^ required by the implicit `Sized` requirement on this type parameter in `Result`\n\nerror[E0609]: no field `0` on type `std::option::Option<usize>`\n    --> src/value/de.rs:1521:39\n     |\n1521 |             let len = seq.size_hint().0;\n     |                                       ^ unknown field\n\nerror[E0038]: the trait `serde::de::Error` cannot be made into an object\n    --> src/value/de.rs:1522:13\n     |\n1522 |             Err(serde::de::Error::invalid_length(len, &self))\n     |             ^^^ `serde::de::Error` cannot be made into an object\n     |\n     = note: the trait cannot be made into an object because it requires `Self: Sized`\n     = note: for a trait to be \"object safe\" it needs to allow building a vtable to allow the call to be resolvable dynamically; for more information visit <https://doc.rust-lang.org/reference/items/traits.html#object-safety>\n     = help: the following types implement the trait, consider defining an enum where each variant holds one of these types, implementing `serde::de::Error` for this new enum and using it instead:\n               error::Error\n               serde::de::value::Error\n               serde_json::Error\n               toml::de::Error\n               toml_edit::de::Error\n\nerror[E0038]: the trait `serde::de::Error` cannot be made into an object\n    --> src/value/de.rs:1522:17\n     |\n1522 |             Err(serde::de::Error::invalid_length(len, &self))\n     |                 ^^^^^^^^^^^^^^^^^^^^^^^^^^^^^^^^ `serde::de::Error` cannot be made into an object\n     |\n     = note: the trait cannot be made into an object because it requires `Self: Sized`\n     = note: for a trait to be \"object safe\" it needs to allow building a vtable to allow the call to be resolvable dynamically; for more information visit <https://doc.rust-lang.org/reference/items/traits.html#object-safety>\n     = help: the following types implement the trait, consider defining an enum where each variant holds one of these types, implementing `serde::de::Error` for this new enum and using it instead:\n               error::Error\n               serde::de::value::Error\n               serde_json::Error\n               toml::de::Error\n               toml_edit::de::Error\n\nerror[E0277]: the size for values of type `dyn serde::de::Error` cannot be known at compilation time\n    --> src/value/de.rs:1522:17\n     |\n1522 |             Err(serde::de::Error::invalid_length(len, &self))\n     |             --- ^^^^^^^^^^^^^^^^^^^^^^^^^^^^^^^^^^^^^^^^^^^^ doesn't have a size known at compile-time\n     |             |\n     |             required by a bound introduced by this call\n     |\n     = help: the trait `Sized` is not implemented for `dyn serde::de::Error`\nnote: required by a bound in `Err`\n    --> /home/abezbm/.rustup/toolchains/nightly-2024-07-21-x86_64-unknown-linux-gnu/lib/rustlib/src/rust/library/core/src/result.rs:527:20\n     |\n527  | pub enum Result<T, E> {\n     |                    ^ required by this bound in `Err`\n...\n536  |     Err(#[stable(feature = \"rust1\", since = \"1.0.0\")] E),\n     |     --- required by a bound in this tuple variant\n\nerror[E0433]: failed to resolve: use of undeclared crate or module `serde_json`\n    --> src/value/de.rs:1529:34\n     |\n1529 |     let result: Result<Vec<i32>, serde_json::Error> = \n     |                                  ^^^^^^^^^^ use of undeclared crate or module `serde_json`\n\nerror[E0782]: trait objects must include the `dyn` keyword\n    --> src/value/de.rs:1517:62\n     |\n1517 |         fn visit_seq<V>(self, seq: V) -> Result<Self::Value, serde::de::Error>\n     |                                                              ^^^^^^^^^^^^^^^^\n     |\nhelp: add `dyn` keyword before this trait\n     |\n1517 |         fn visit_seq<V>(self, seq: V) -> Result<Self::Value, dyn serde::de::Error>\n     |                                                              +++\n\nSome errors have detailed explanations: E0038, E0053, E0277, E0433, E0609, E0782.\nFor more information about an error, try `rustc --explain E0038`.\nwarning: `serde_json` (lib test) generated 1 warning\nerror: could not compile `serde_json` (lib test) due to 10 previous errors; 1 warning emitted\n"
                }
              ],
              "repaired": [
                false
              ]
            },
            {
              "attrs": [],
              "prefix": [],
              "oracles": [],
              "codes": [
                [
                  "{",
                  "    struct TestVisitor;",
                  "",
                  "    impl<'de> serde::de::Visitor<'de> for TestVisitor {",
                  "        type Value = Vec<i32>;",
                  "",
                  "        fn expecting(&self, formatter: &mut std::fmt::Formatter) -> std::fmt::Result {",
                  "            formatter.write_str(\"a sequence of i32\")",
                  "        }",
                  "",
                  "        fn visit_seq<V>(self, mut seq: V) -> Result<Self::Value, serde::de::Error>",
                  "        where",
                  "            V: serde::de::SeqAccess<'de>,",
                  "        {",
                  "            let mut vec = Vec::new();",
                  "            while let Some(value) = seq.next_element()? {",
                  "                vec.push(value);",
                  "            }",
                  "            Ok(vec)",
                  "        }",
                  "    }",
                  "",
                  "    let input_data = r#\" [\"1\", \"2\", \"3\"] \"#; // invalid type, expects i32",
                  "    let deserializer = serde_json::Deserializer::from_str(input_data);",
                  "    ",
                  "    let result: Result<Vec<i32>, serde_json::Error> = ",
                  "        deserializer.deserialize_tuple_struct(\"TupleStruct\", 3, TestVisitor);",
                  "",
                  "    assert!(result.is_err());",
                  "}"
                ]
              ],
              "can_compile": [
                {
                  "Err": "   Compiling proc-macro2 v1.0.95\n   Compiling serde v1.0.219\n   Compiling syn v1.0.109\n   Compiling libc v0.2.172\n   Compiling serde_json v1.0.140\n   Compiling target-triple v0.1.4\n   Compiling ref-cast v1.0.24\n   Compiling rustversion v1.0.20\n   Compiling psm v0.1.26\n   Compiling stacker v0.1.21\n   Compiling serde_json v1.0.140 (/home/abezbm/rust-utgen-test-crates-new/json)\n   Compiling quote v1.0.40\n   Compiling syn v2.0.101\n   Compiling serde_derive v1.0.219\n   Compiling ref-cast-impl v1.0.24\n   Compiling automod v1.0.15\n   Compiling ntest_timeout v0.9.3\n   Compiling ntest_test_cases v0.9.3\n   Compiling ntest v0.9.3\n   Compiling serde_spanned v0.6.8\n   Compiling toml_datetime v0.6.9\n   Compiling serde_bytes v0.11.17\n   Compiling serde_stacker v0.1.12\n   Compiling toml_edit v0.22.26\n   Compiling toml v0.8.22\n   Compiling trybuild v1.0.104\nerror[E0433]: failed to resolve: use of undeclared crate or module `serde_json`\n    --> src/value/de.rs:1530:24\n     |\n1530 |     let deserializer = serde_json::Deserializer::from_str(input_data);\n     |                        ^^^^^^^^^^ use of undeclared crate or module `serde_json`\n     |\nhelp: consider importing one of these items\n     |\n1503 +    use crate::Deserializer;\n     |\n1503 +    use crate::value::de::de::Deserializer;\n     |\n1503 +    use serde::Deserializer;\n     |\n1503 +    use serde_stacker::Deserializer;\n     |\nhelp: if you import `Deserializer`, refer to it directly\n     |\n1530 -     let deserializer = serde_json::Deserializer::from_str(input_data);\n1530 +     let deserializer = Deserializer::from_str(input_data);\n     |\n\nwarning: unused import: `ntest::timeout`\n    --> src/value/de.rs:1504:8\n     |\n1504 |    use ntest::timeout;\n     |        ^^^^^^^^^^^^^^\n     |\n     = note: `#[warn(unused_imports)]` on by default\n\nerror[E0053]: method `visit_seq` has an incompatible type for trait\n    --> src/value/de.rs:1517:46\n     |\n1517 |         fn visit_seq<V>(self, mut seq: V) -> Result<Self::Value, serde::de::Error>\n     |                                              ^^^^^^^^^^^^^^^^^^^^^^^^^^^^^^^^^^^^^ expected associated type, found `dyn serde::de::Error`\n     |\n     = note: expected signature `fn(TestVisitor, _) -> std::result::Result<_, <V as serde::de::SeqAccess<'de>>::Error>`\n                found signature `fn(TestVisitor, _) -> std::result::Result<_, (dyn serde::de::Error + 'static)>`\nhelp: change the output type to match the trait\n     |\n1517 |         fn visit_seq<V>(self, mut seq: V) -> std::result::Result<std::vec::Vec<i32>, <V as serde::de::SeqAccess<'de>>::Error>\n     |                                              ~~~~~~~~~~~~~~~~~~~~~~~~~~~~~~~~~~~~~~~~~~~~~~~~~~~~~~~~~~~~~~~~~~~~~~~~~~~~~~~~\n\nerror[E0038]: the trait `serde::de::Error` cannot be made into an object\n    --> src/value/de.rs:1517:66\n     |\n1517 |         fn visit_seq<V>(self, mut seq: V) -> Result<Self::Value, serde::de::Error>\n     |                                                                  ^^^^^^^^^^^^^^^^ `serde::de::Error` cannot be made into an object\n     |\n     = note: the trait cannot be made into an object because it requires `Self: Sized`\n     = note: for a trait to be \"object safe\" it needs to allow building a vtable to allow the call to be resolvable dynamically; for more information visit <https://doc.rust-lang.org/reference/items/traits.html#object-safety>\n     = help: the following types implement the trait, consider defining an enum where each variant holds one of these types, implementing `serde::de::Error` for this new enum and using it instead:\n               error::Error\n               serde::de::value::Error\n               serde_json::Error\n               toml::de::Error\n               toml_edit::de::Error\n\nerror[E0277]: the size for values of type `(dyn serde::de::Error + 'static)` cannot be known at compilation time\n    --> src/value/de.rs:1517:46\n     |\n1517 |         fn visit_seq<V>(self, mut seq: V) -> Result<Self::Value, serde::de::Error>\n     |                                              ^^^^^^^^^^^^^^^^^^^^^^^^^^^^^^^^^^^^^ doesn't have a size known at compile-time\n     |\n     = help: the trait `Sized` is not implemented for `(dyn serde::de::Error + 'static)`\nnote: required by an implicit `Sized` bound in `std::result::Result`\n    --> /home/abezbm/.rustup/toolchains/nightly-2024-07-21-x86_64-unknown-linux-gnu/lib/rustlib/src/rust/library/core/src/result.rs:527:20\n     |\n527  | pub enum Result<T, E> {\n     |                    ^ required by the implicit `Sized` requirement on this type parameter in `Result`\n\nerror[E0277]: `?` couldn't convert the error to `dyn serde::de::Error`\n    --> src/value/de.rs:1522:55\n     |\n1522 |             while let Some(value) = seq.next_element()? {\n     |                                                       ^ the trait `From<<V as serde::de::SeqAccess<'de>>::Error>` is not implemented for `dyn serde::de::Error`, which is required by `std::result::Result<std::vec::Vec<i32>, dyn serde::de::Error>: FromResidual<std::result::Result<Infallible, <V as serde::de::SeqAccess<'de>>::Error>>`\n     |\n     = note: the question mark operation (`?`) implicitly performs a conversion on the error value using the `From` trait\n     = help: the following other types implement trait `FromResidual<R>`:\n               `std::result::Result<T, F>` implements `FromResidual<Yeet<E>>`\n               `std::result::Result<T, F>` implements `FromResidual<std::result::Result<Infallible, E>>`\n     = note: required for `std::result::Result<std::vec::Vec<i32>, dyn serde::de::Error>` to implement `FromResidual<std::result::Result<Infallible, <V as serde::de::SeqAccess<'de>>::Error>>`\n\nerror[E0038]: the trait `serde::de::Error` cannot be made into an object\n    --> src/value/de.rs:1522:37\n     |\n1522 |             while let Some(value) = seq.next_element()? {\n     |                                     ^^^^^^^^^^^^^^^^^^^ `serde::de::Error` cannot be made into an object\n     |\n     = note: the trait cannot be made into an object because it requires `Self: Sized`\n     = note: for a trait to be \"object safe\" it needs to allow building a vtable to allow the call to be resolvable dynamically; for more information visit <https://doc.rust-lang.org/reference/items/traits.html#object-safety>\n     = help: the following types implement the trait, consider defining an enum where each variant holds one of these types, implementing `serde::de::Error` for this new enum and using it instead:\n               error::Error\n               serde::de::value::Error\n               serde_json::Error\n               toml::de::Error\n               toml_edit::de::Error\n\nerror[E0038]: the trait `serde::de::Error` cannot be made into an object\n    --> src/value/de.rs:1525:13\n     |\n1525 |             Ok(vec)\n     |             ^^ `serde::de::Error` cannot be made into an object\n     |\n     = note: the trait cannot be made into an object because it requires `Self: Sized`\n     = note: for a trait to be \"object safe\" it needs to allow building a vtable to allow the call to be resolvable dynamically; for more information visit <https://doc.rust-lang.org/reference/items/traits.html#object-safety>\n     = help: the following types implement the trait, consider defining an enum where each variant holds one of these types, implementing `serde::de::Error` for this new enum and using it instead:\n               error::Error\n               serde::de::value::Error\n               serde_json::Error\n               toml::de::Error\n               toml_edit::de::Error\n\nerror[E0277]: the size for values of type `dyn serde::de::Error` cannot be known at compilation time\n    --> src/value/de.rs:1525:13\n     |\n1525 |             Ok(vec)\n     |             ^^^^^^^ doesn't have a size known at compile-time\n     |\n     = help: the trait `Sized` is not implemented for `dyn serde::de::Error`\nnote: required by a bound in `Ok`\n    --> /home/abezbm/.rustup/toolchains/nightly-2024-07-21-x86_64-unknown-linux-gnu/lib/rustlib/src/rust/library/core/src/result.rs:527:20\n     |\n527  | pub enum Result<T, E> {\n     |                    ^ required by this bound in `Ok`\n...\n531  |     Ok(#[stable(feature = \"rust1\", since = \"1.0.0\")] T),\n     |     -- required by a bound in this tuple variant\n\nerror[E0433]: failed to resolve: use of undeclared crate or module `serde_json`\n    --> src/value/de.rs:1532:34\n     |\n1532 |     let result: Result<Vec<i32>, serde_json::Error> = \n     |                                  ^^^^^^^^^^ use of undeclared crate or module `serde_json`\n\nerror[E0782]: trait objects must include the `dyn` keyword\n    --> src/value/de.rs:1517:66\n     |\n1517 |         fn visit_seq<V>(self, mut seq: V) -> Result<Self::Value, serde::de::Error>\n     |                                                                  ^^^^^^^^^^^^^^^^\n     |\nhelp: add `dyn` keyword before this trait\n     |\n1517 |         fn visit_seq<V>(self, mut seq: V) -> Result<Self::Value, dyn serde::de::Error>\n     |                                                                  +++\n\nSome errors have detailed explanations: E0038, E0053, E0277, E0433, E0782.\nFor more information about an error, try `rustc --explain E0038`.\nwarning: `serde_json` (lib test) generated 1 warning\nerror: could not compile `serde_json` (lib test) due to 10 previous errors; 1 warning emitted\n"
                }
              ],
              "repaired": [
                false
              ]
            }
          ]
        }
      ]
    }
  ]
}