{
  "name": "serde_json::de::de::Deserializer<read::SliceRead<'a>>::from_slice",
  "name_with_impl": "serde_json::de::{impl#2}::from_slice",
  "mod_info": {
    "name": "de",
    "loc": "src/lib.rs:418:1:418:12"
  },
  "visible": true,
  "loc": "src/de.rs:89:5:91:6",
  "fn_tests": [
    {
      "chain_id": 1,
      "prompt_conds": [],
      "input_infer": "",
      "answers": [
        {
          "uses": [],
          "has_test_mod": false,
          "common": [],
          "chain_tests": [
            {
              "attrs": [],
              "prefix": [],
              "oracles": [],
              "codes": [
                [
                  "{",
                  "    let input: &[u8] = b\"{\\\"key\\\": \\\"value\\\"}\";",
                  "    let deserializer = serde_json::from_slice(input);",
                  "    assert!(deserializer.is_ok());",
                  "}"
                ]
              ],
              "can_compile": [
                {
                  "Err": "   Compiling proc-macro2 v1.0.95\n   Compiling serde v1.0.219\n   Compiling syn v1.0.109\n   Compiling libc v0.2.172\n   Compiling target-triple v0.1.4\n   Compiling serde_json v1.0.140\n   Compiling rustversion v1.0.20\n   Compiling ref-cast v1.0.24\n   Compiling psm v0.1.26\n   Compiling stacker v0.1.21\n   Compiling serde_json v1.0.140 (/home/abezbm/rust-utgen-test-crates-new/json)\n   Compiling quote v1.0.40\n   Compiling syn v2.0.101\n   Compiling serde_derive v1.0.219\n   Compiling ref-cast-impl v1.0.24\n   Compiling automod v1.0.15\n   Compiling ntest_timeout v0.9.3\n   Compiling ntest_test_cases v0.9.3\n   Compiling ntest v0.9.3\n   Compiling toml_datetime v0.6.9\n   Compiling serde_spanned v0.6.8\n   Compiling serde_bytes v0.11.17\n   Compiling serde_stacker v0.1.12\n   Compiling toml_edit v0.22.26\n   Compiling toml v0.8.22\n   Compiling trybuild v1.0.104\nwarning: unused import: `super::*`\n    --> src/de.rs:2705:8\n     |\n2705 |    use super::*;\n     |        ^^^^^^^^\n     |\n     = note: `#[warn(unused_imports)]` on by default\n\nwarning: unused import: `ntest::timeout`\n    --> src/de.rs:2706:8\n     |\n2706 |    use ntest::timeout;\n     |        ^^^^^^^^^^^^^^\n\nerror[E0433]: failed to resolve: use of undeclared crate or module `serde_json`\n    --> src/de.rs:2711:24\n     |\n2711 |     let deserializer = serde_json::from_slice(input);\n     |                        ^^^^^^^^^^ use of undeclared crate or module `serde_json`\n\nFor more information about this error, try `rustc --explain E0433`.\nwarning: `serde_json` (lib test) generated 2 warnings\nerror: could not compile `serde_json` (lib test) due to 1 previous error; 2 warnings emitted\n"
                }
              ],
              "repaired": [
                false
              ]
            },
            {
              "attrs": [],
              "prefix": [],
              "oracles": [],
              "codes": [
                [
                  "{",
                  "    let input: &[u8] = b\"\";",
                  "    let deserializer = serde_json::from_slice(input);",
                  "    assert!(deserializer.is_ok());",
                  "}"
                ]
              ],
              "can_compile": [
                {
                  "Err": "   Compiling proc-macro2 v1.0.95\n   Compiling serde v1.0.219\n   Compiling syn v1.0.109\n   Compiling libc v0.2.172\n   Compiling serde_json v1.0.140\n   Compiling target-triple v0.1.4\n   Compiling ref-cast v1.0.24\n   Compiling rustversion v1.0.20\n   Compiling serde_json v1.0.140 (/home/abezbm/rust-utgen-test-crates-new/json)\n   Compiling psm v0.1.26\n   Compiling stacker v0.1.21\n   Compiling quote v1.0.40\n   Compiling syn v2.0.101\n   Compiling serde_derive v1.0.219\n   Compiling ref-cast-impl v1.0.24\n   Compiling automod v1.0.15\n   Compiling ntest_timeout v0.9.3\n   Compiling ntest_test_cases v0.9.3\n   Compiling ntest v0.9.3\n   Compiling serde_spanned v0.6.8\n   Compiling toml_datetime v0.6.9\n   Compiling serde_stacker v0.1.12\n   Compiling serde_bytes v0.11.17\n   Compiling toml_edit v0.22.26\n   Compiling toml v0.8.22\n   Compiling trybuild v1.0.104\nwarning: unused import: `super::*`\n    --> src/de.rs:2705:8\n     |\n2705 |    use super::*;\n     |        ^^^^^^^^\n     |\n     = note: `#[warn(unused_imports)]` on by default\n\nwarning: unused import: `ntest::timeout`\n    --> src/de.rs:2706:8\n     |\n2706 |    use ntest::timeout;\n     |        ^^^^^^^^^^^^^^\n\nerror[E0433]: failed to resolve: use of undeclared crate or module `serde_json`\n    --> src/de.rs:2711:24\n     |\n2711 |     let deserializer = serde_json::from_slice(input);\n     |                        ^^^^^^^^^^ use of undeclared crate or module `serde_json`\n\nFor more information about this error, try `rustc --explain E0433`.\nwarning: `serde_json` (lib test) generated 2 warnings\nerror: could not compile `serde_json` (lib test) due to 1 previous error; 2 warnings emitted\n"
                }
              ],
              "repaired": [
                false
              ]
            },
            {
              "attrs": [
                "#[should_panic]"
              ],
              "prefix": [],
              "oracles": [],
              "codes": [
                [
                  "{",
                  "    let input: &[u8] = b\"{key: value}\";",
                  "    let deserializer = serde_json::from_slice(input);",
                  "    // Expect this to panic due to invalid JSON",
                  "    let _: serde_json::Value = deserializer.unwrap();",
                  "}"
                ]
              ],
              "can_compile": [
                {
                  "Err": "   Compiling proc-macro2 v1.0.95\n   Compiling serde v1.0.219\n   Compiling syn v1.0.109\n   Compiling libc v0.2.172\n   Compiling target-triple v0.1.4\n   Compiling serde_json v1.0.140\n   Compiling rustversion v1.0.20\n   Compiling ref-cast v1.0.24\n   Compiling psm v0.1.26\n   Compiling stacker v0.1.21\n   Compiling serde_json v1.0.140 (/home/abezbm/rust-utgen-test-crates-new/json)\n   Compiling quote v1.0.40\n   Compiling syn v2.0.101\n   Compiling serde_derive v1.0.219\n   Compiling ref-cast-impl v1.0.24\n   Compiling automod v1.0.15\n   Compiling ntest_timeout v0.9.3\n   Compiling ntest_test_cases v0.9.3\n   Compiling ntest v0.9.3\n   Compiling toml_datetime v0.6.9\n   Compiling serde_spanned v0.6.8\n   Compiling serde_bytes v0.11.17\n   Compiling serde_stacker v0.1.12\n   Compiling toml_edit v0.22.26\n   Compiling toml v0.8.22\n   Compiling trybuild v1.0.104\nwarning: unused import: `super::*`\n    --> src/de.rs:2705:8\n     |\n2705 |    use super::*;\n     |        ^^^^^^^^\n     |\n     = note: `#[warn(unused_imports)]` on by default\n\nwarning: unused import: `ntest::timeout`\n    --> src/de.rs:2706:8\n     |\n2706 |    use ntest::timeout;\n     |        ^^^^^^^^^^^^^^\n\nerror[E0433]: failed to resolve: use of undeclared crate or module `serde_json`\n    --> src/de.rs:2712:24\n     |\n2712 |     let deserializer = serde_json::from_slice(input);\n     |                        ^^^^^^^^^^ use of undeclared crate or module `serde_json`\n\nerror[E0433]: failed to resolve: use of undeclared crate or module `serde_json`\n    --> src/de.rs:2714:12\n     |\n2714 |     let _: serde_json::Value = deserializer.unwrap();\n     |            ^^^^^^^^^^ use of undeclared crate or module `serde_json`\n\nFor more information about this error, try `rustc --explain E0433`.\nwarning: `serde_json` (lib test) generated 2 warnings\nerror: could not compile `serde_json` (lib test) due to 2 previous errors; 2 warnings emitted\n"
                }
              ],
              "repaired": [
                false
              ]
            },
            {
              "attrs": [],
              "prefix": [],
              "oracles": [],
              "codes": [
                [
                  "{",
                  "    let input: &[u8] = b\"{\\\"large_key\\\": \\\"\"; ",
                  "    let large_value: String = \"a\".repeat(10000); // creating a large string",
                  "    let complete_input = format!(\"{}{}\\\"}}\", input_str, large_value);",
                  "    let deserializer = serde_json::from_slice(complete_input.as_bytes());",
                  "    assert!(deserializer.is_ok());",
                  "}"
                ]
              ],
              "can_compile": [
                {
                  "Err": "   Compiling proc-macro2 v1.0.95\n   Compiling serde v1.0.219\n   Compiling syn v1.0.109\n   Compiling libc v0.2.172\n   Compiling serde_json v1.0.140\n   Compiling target-triple v0.1.4\n   Compiling ref-cast v1.0.24\n   Compiling rustversion v1.0.20\n   Compiling serde_json v1.0.140 (/home/abezbm/rust-utgen-test-crates-new/json)\n   Compiling psm v0.1.26\n   Compiling stacker v0.1.21\n   Compiling quote v1.0.40\n   Compiling syn v2.0.101\n   Compiling serde_derive v1.0.219\n   Compiling ref-cast-impl v1.0.24\n   Compiling automod v1.0.15\n   Compiling ntest_test_cases v0.9.3\n   Compiling ntest_timeout v0.9.3\n   Compiling ntest v0.9.3\n   Compiling serde_spanned v0.6.8\n   Compiling toml_datetime v0.6.9\n   Compiling serde_bytes v0.11.17\n   Compiling serde_stacker v0.1.12\n   Compiling toml_edit v0.22.26\n   Compiling toml v0.8.22\n   Compiling trybuild v1.0.104\nerror[E0425]: cannot find value `input_str` in this scope\n    --> src/de.rs:2712:46\n     |\n2712 |     let complete_input = format!(\"{}{}\\\"}}\", input_str, large_value);\n     |                                              ^^^^^^^^^ not found in this scope\n\nwarning: unused import: `ntest::timeout`\n    --> src/de.rs:2706:8\n     |\n2706 |    use ntest::timeout;\n     |        ^^^^^^^^^^^^^^\n     |\n     = note: `#[warn(unused_imports)]` on by default\n\nerror[E0433]: failed to resolve: use of undeclared crate or module `serde_json`\n    --> src/de.rs:2713:24\n     |\n2713 |     let deserializer = serde_json::from_slice(complete_input.as_bytes());\n     |                        ^^^^^^^^^^ use of undeclared crate or module `serde_json`\n\nSome errors have detailed explanations: E0425, E0433.\nFor more information about an error, try `rustc --explain E0425`.\nwarning: `serde_json` (lib test) generated 1 warning\nerror: could not compile `serde_json` (lib test) due to 2 previous errors; 1 warning emitted\n"
                }
              ],
              "repaired": [
                false
              ]
            },
            {
              "attrs": [],
              "prefix": [],
              "oracles": [],
              "codes": [
                [
                  "{",
                  "    let input: &[u8] = b\"[\\\"element\\\"]\";",
                  "    let deserializer = serde_json::from_slice(input);",
                  "    assert!(deserializer.is_ok());",
                  "}"
                ]
              ],
              "can_compile": [
                {
                  "Err": "   Compiling proc-macro2 v1.0.95\n   Compiling serde v1.0.219\n   Compiling syn v1.0.109\n   Compiling libc v0.2.172\n   Compiling serde_json v1.0.140\n   Compiling target-triple v0.1.4\n   Compiling ref-cast v1.0.24\n   Compiling rustversion v1.0.20\n   Compiling serde_json v1.0.140 (/home/abezbm/rust-utgen-test-crates-new/json)\n   Compiling psm v0.1.26\n   Compiling stacker v0.1.21\n   Compiling quote v1.0.40\n   Compiling syn v2.0.101\n   Compiling serde_derive v1.0.219\n   Compiling ref-cast-impl v1.0.24\n   Compiling automod v1.0.15\n   Compiling ntest_timeout v0.9.3\n   Compiling ntest_test_cases v0.9.3\n   Compiling ntest v0.9.3\n   Compiling toml_datetime v0.6.9\n   Compiling serde_spanned v0.6.8\n   Compiling serde_stacker v0.1.12\n   Compiling serde_bytes v0.11.17\n   Compiling toml_edit v0.22.26\n   Compiling toml v0.8.22\n   Compiling trybuild v1.0.104\nwarning: unused import: `super::*`\n    --> src/de.rs:2705:8\n     |\n2705 |    use super::*;\n     |        ^^^^^^^^\n     |\n     = note: `#[warn(unused_imports)]` on by default\n\nwarning: unused import: `ntest::timeout`\n    --> src/de.rs:2706:8\n     |\n2706 |    use ntest::timeout;\n     |        ^^^^^^^^^^^^^^\n\nerror[E0433]: failed to resolve: use of undeclared crate or module `serde_json`\n    --> src/de.rs:2711:24\n     |\n2711 |     let deserializer = serde_json::from_slice(input);\n     |                        ^^^^^^^^^^ use of undeclared crate or module `serde_json`\n\nFor more information about this error, try `rustc --explain E0433`.\nwarning: `serde_json` (lib test) generated 2 warnings\nerror: could not compile `serde_json` (lib test) due to 1 previous error; 2 warnings emitted\n"
                }
              ],
              "repaired": [
                false
              ]
            },
            {
              "attrs": [],
              "prefix": [],
              "oracles": [],
              "codes": [
                [
                  "{",
                  "    let input: &[u8] = b\"{\\\"number\\\": 123}\";",
                  "    let deserializer = serde_json::from_slice(input);",
                  "    assert!(deserializer.is_ok());",
                  "}"
                ]
              ],
              "can_compile": [
                {
                  "Err": "   Compiling proc-macro2 v1.0.95\n   Compiling serde v1.0.219\n   Compiling syn v1.0.109\n   Compiling libc v0.2.172\n   Compiling serde_json v1.0.140\n   Compiling target-triple v0.1.4\n   Compiling rustversion v1.0.20\n   Compiling ref-cast v1.0.24\n   Compiling serde_json v1.0.140 (/home/abezbm/rust-utgen-test-crates-new/json)\n   Compiling psm v0.1.26\n   Compiling stacker v0.1.21\n   Compiling quote v1.0.40\n   Compiling syn v2.0.101\n   Compiling serde_derive v1.0.219\n   Compiling ref-cast-impl v1.0.24\n   Compiling automod v1.0.15\n   Compiling ntest_timeout v0.9.3\n   Compiling ntest_test_cases v0.9.3\n   Compiling ntest v0.9.3\n   Compiling serde_spanned v0.6.8\n   Compiling toml_datetime v0.6.9\n   Compiling serde_stacker v0.1.12\n   Compiling serde_bytes v0.11.17\n   Compiling toml_edit v0.22.26\n   Compiling toml v0.8.22\n   Compiling trybuild v1.0.104\nwarning: unused import: `super::*`\n    --> src/de.rs:2705:8\n     |\n2705 |    use super::*;\n     |        ^^^^^^^^\n     |\n     = note: `#[warn(unused_imports)]` on by default\n\nwarning: unused import: `ntest::timeout`\n    --> src/de.rs:2706:8\n     |\n2706 |    use ntest::timeout;\n     |        ^^^^^^^^^^^^^^\n\nerror[E0433]: failed to resolve: use of undeclared crate or module `serde_json`\n    --> src/de.rs:2711:24\n     |\n2711 |     let deserializer = serde_json::from_slice(input);\n     |                        ^^^^^^^^^^ use of undeclared crate or module `serde_json`\n\nFor more information about this error, try `rustc --explain E0433`.\nwarning: `serde_json` (lib test) generated 2 warnings\nerror: could not compile `serde_json` (lib test) due to 1 previous error; 2 warnings emitted\n"
                }
              ],
              "repaired": [
                false
              ]
            }
          ]
        }
      ]
    }
  ]
}