{
  "name": "serde_json::value::de::value::de::<impl serde::Deserializer<'de> for value::Value>::deserialize_any",
  "name_with_impl": "serde_json::value::de::{impl#3}::deserialize_any",
  "mod_info": {
    "name": "value::de",
    "loc": "src/value/mod.rs:927:1:927:8"
  },
  "visible": true,
  "loc": "src/value/de.rs:279:5:294:6",
  "fn_tests": [
    {
      "chain_id": 1,
      "prompt_conds": [
        "// constraint: self matches Value::Object(v) is true\n"
      ],
      "input_infer": "",
      "answers": [
        {
          "uses": [
            "use serde_json::Value;",
            "use serde::de::Visitor;",
            "use serde::de;"
          ],
          "has_test_mod": false,
          "common": [],
          "chain_tests": [
            {
              "attrs": [],
              "prefix": [],
              "oracles": [],
              "codes": [
                [
                  "{",
                  "    use serde_json::Value;",
                  "    use serde::de::{self, Visitor};",
                  "    ",
                  "    struct MockVisitor {",
                  "        pub value: Option<Value>,",
                  "    }",
                  "",
                  "    impl<'de> Visitor<'de> for MockVisitor {",
                  "        type Value = Value;",
                  "        ",
                  "        fn visit_unit(self) -> Result<Self::Value, de::Error> {",
                  "            Ok(Value::Null)",
                  "        }",
                  "",
                  "        fn visit_bool(self, v: bool) -> Result<Self::Value, de::Error> {",
                  "            Ok(Value::Bool(v))",
                  "        }",
                  "",
                  "        fn visit_string(self, v: String) -> Result<Self::Value, de::Error> {",
                  "            Ok(Value::String(v))",
                  "        }",
                  "",
                  "        fn visit_array(self, _v: &[Value]) -> Result<Self::Value, de::Error> {",
                  "            Ok(Value::Array(vec![]))",
                  "        }",
                  "",
                  "        fn visit_map<V>(self, _visitor: V) -> Result<Self::Value, de::Error>",
                  "        where",
                  "            V: serde::de::MapAccess<'de>,",
                  "        {",
                  "            Ok(Value::Object(serde_json::Map::new()))",
                  "        }",
                  "    }",
                  "",
                  "    let object_val = Value::Object(serde_json::Map::new());",
                  "    let visitor = MockVisitor { value: None };",
                  "    ",
                  "    let result = object_val.deserialize_any(visitor);",
                  "    assert!(result.is_ok());",
                  "    assert_eq!(result.unwrap(), Value::Object(serde_json::Map::new()));",
                  "}"
                ]
              ],
              "can_compile": [
                {
                  "Err": "   Compiling proc-macro2 v1.0.95\n   Compiling serde v1.0.219\n   Compiling syn v1.0.109\n   Compiling libc v0.2.172\n   Compiling serde_json v1.0.140\n   Compiling target-triple v0.1.4\n   Compiling rustversion v1.0.20\n   Compiling ref-cast v1.0.24\n   Compiling serde_json v1.0.140 (/home/abezbm/rust-utgen-test-crates-new/json)\n   Compiling psm v0.1.26\n   Compiling stacker v0.1.21\n   Compiling quote v1.0.40\n   Compiling syn v2.0.101\n   Compiling serde_derive v1.0.219\n   Compiling ref-cast-impl v1.0.24\n   Compiling automod v1.0.15\n   Compiling ntest_timeout v0.9.3\n   Compiling ntest_test_cases v0.9.3\n   Compiling ntest v0.9.3\n   Compiling serde_spanned v0.6.8\n   Compiling toml_datetime v0.6.9\n   Compiling serde_bytes v0.11.17\n   Compiling serde_stacker v0.1.12\n   Compiling toml_edit v0.22.26\n   Compiling toml v0.8.22\n   Compiling trybuild v1.0.104\nerror[E0432]: unresolved import `serde_json`\n    --> src/value/de.rs:1508:9\n     |\n1508 |     use serde_json::Value;\n     |         ^^^^^^^^^^ use of undeclared crate or module `serde_json`\n\nerror[E0407]: method `visit_array` is not a member of trait `Visitor`\n    --> src/value/de.rs:1530:9\n     |\n1530 | /         fn visit_array(self, _v: &[Value]) -> Result<Self::Value, de::Error> {\n1531 | |             Ok(Value::Array(vec![]))\n1532 | |         }\n     | |_________^ not a member of trait `Visitor`\n\nerror[E0433]: failed to resolve: use of undeclared crate or module `serde_json`\n    --> src/value/de.rs:1538:30\n     |\n1538 |             Ok(Value::Object(serde_json::Map::new()))\n     |                              ^^^^^^^^^^ use of undeclared crate or module `serde_json`\n     |\nhelp: consider importing one of these structs\n     |\n1503 +    use crate::value::Map;\n     |\n1503 +    use std::iter::Map;\n     |\nhelp: if you import `Map`, refer to it directly\n     |\n1538 -             Ok(Value::Object(serde_json::Map::new()))\n1538 +             Ok(Value::Object(Map::new()))\n     |\n\nerror[E0433]: failed to resolve: use of undeclared crate or module `serde_json`\n    --> src/value/de.rs:1542:36\n     |\n1542 |     let object_val = Value::Object(serde_json::Map::new());\n     |                                    ^^^^^^^^^^ use of undeclared crate or module `serde_json`\n     |\nhelp: consider importing one of these structs\n     |\n1503 +    use crate::value::Map;\n     |\n1503 +    use std::iter::Map;\n     |\nhelp: if you import `Map`, refer to it directly\n     |\n1542 -     let object_val = Value::Object(serde_json::Map::new());\n1542 +     let object_val = Value::Object(Map::new());\n     |\n\nerror[E0433]: failed to resolve: use of undeclared crate or module `serde_json`\n    --> src/value/de.rs:1547:47\n     |\n1547 |     assert_eq!(result.unwrap(), Value::Object(serde_json::Map::new()));\n     |                                               ^^^^^^^^^^ use of undeclared crate or module `serde_json`\n     |\nhelp: consider importing one of these structs\n     |\n1503 +    use crate::value::Map;\n     |\n1503 +    use std::iter::Map;\n     |\nhelp: if you import `Map`, refer to it directly\n     |\n1547 -     assert_eq!(result.unwrap(), Value::Object(serde_json::Map::new()));\n1547 +     assert_eq!(result.unwrap(), Value::Object(Map::new()));\n     |\n\nwarning: unused import: `ntest::timeout`\n    --> src/value/de.rs:1504:8\n     |\n1504 |    use ntest::timeout;\n     |        ^^^^^^^^^^^^^^\n     |\n     = note: `#[warn(unused_imports)]` on by default\n\nerror[E0049]: method `visit_unit` has 0 type parameters but its trait declaration has 1 type parameter\n    --> src/value/de.rs:1518:22\n     |\n1518 |           fn visit_unit(self) -> Result<Self::Value, de::Error> {\n     |                        ^ found 0 type parameters\n     |\n    ::: /home/abezbm/.cargo/registry/src/index.crates.io-6f17d22bba15001f/serde-1.0.219/src/de/mod.rs:1625:5\n     |\n1625 | /     fn visit_unit<E>(self) -> Result<Self::Value, E>\n1626 | |     where\n1627 | |         E: Error,\n     | |_________________- expected 1 type parameter\n\nerror[E0049]: method `visit_bool` has 0 type parameters but its trait declaration has 1 type parameter\n    --> src/value/de.rs:1522:22\n     |\n1522 |           fn visit_bool(self, v: bool) -> Result<Self::Value, de::Error> {\n     |                        ^ found 0 type parameters\n     |\n    ::: /home/abezbm/.cargo/registry/src/index.crates.io-6f17d22bba15001f/serde-1.0.219/src/de/mod.rs:1315:5\n     |\n1315 | /     fn visit_bool<E>(self, v: bool) -> Result<Self::Value, E>\n1316 | |     where\n1317 | |         E: Error,\n     | |_________________- expected 1 type parameter\n\nerror[E0049]: method `visit_string` has 0 type parameters but its trait declaration has 1 type parameter\n    --> src/value/de.rs:1526:24\n     |\n1526 |           fn visit_string(self, v: String) -> Result<Self::Value, de::Error> {\n     |                          ^ found 0 type parameters\n     |\n    ::: /home/abezbm/.cargo/registry/src/index.crates.io-6f17d22bba15001f/serde-1.0.219/src/de/mod.rs:1535:5\n     |\n1535 | /     fn visit_string<E>(self, v: String) -> Result<Self::Value, E>\n1536 | |     where\n1537 | |         E: Error,\n     | |_________________- expected 1 type parameter\n\nerror[E0046]: not all trait items implemented, missing: `expecting`\n    --> src/value/de.rs:1515:5\n     |\n1515 |     impl<'de> Visitor<'de> for MockVisitor {\n     |     ^^^^^^^^^^^^^^^^^^^^^^^^^^^^^^^^^^^^^^ missing `expecting` in implementation\n     |\n     = help: implement the missing item: `fn expecting(&self, _: &mut std::fmt::Formatter<'_>) -> std::result::Result<(), std::fmt::Error> { todo!() }`\n\nerror[E0038]: the trait `serde::de::Error` cannot be made into an object\n    --> src/value/de.rs:1518:52\n     |\n1518 |         fn visit_unit(self) -> Result<Self::Value, de::Error> {\n     |                                                    ^^^^^^^^^ `serde::de::Error` cannot be made into an object\n     |\n     = note: the trait cannot be made into an object because it requires `Self: Sized`\n     = note: for a trait to be \"object safe\" it needs to allow building a vtable to allow the call to be resolvable dynamically; for more information visit <https://doc.rust-lang.org/reference/items/traits.html#object-safety>\n     = help: the following types implement the trait, consider defining an enum where each variant holds one of these types, implementing `serde::de::Error` for this new enum and using it instead:\n               error::Error\n               serde::de::value::Error\n               serde_json::Error\n               toml::de::Error\n               toml_edit::de::Error\n\nerror[E0038]: the trait `serde::de::Error` cannot be made into an object\n    --> src/value/de.rs:1522:61\n     |\n1522 |         fn visit_bool(self, v: bool) -> Result<Self::Value, de::Error> {\n     |                                                             ^^^^^^^^^ `serde::de::Error` cannot be made into an object\n     |\n     = note: the trait cannot be made into an object because it requires `Self: Sized`\n     = note: for a trait to be \"object safe\" it needs to allow building a vtable to allow the call to be resolvable dynamically; for more information visit <https://doc.rust-lang.org/reference/items/traits.html#object-safety>\n     = help: the following types implement the trait, consider defining an enum where each variant holds one of these types, implementing `serde::de::Error` for this new enum and using it instead:\n               error::Error\n               serde::de::value::Error\n               serde_json::Error\n               toml::de::Error\n               toml_edit::de::Error\n\nerror[E0038]: the trait `serde::de::Error` cannot be made into an object\n    --> src/value/de.rs:1526:65\n     |\n1526 |         fn visit_string(self, v: String) -> Result<Self::Value, de::Error> {\n     |                                                                 ^^^^^^^^^ `serde::de::Error` cannot be made into an object\n     |\n     = note: the trait cannot be made into an object because it requires `Self: Sized`\n     = note: for a trait to be \"object safe\" it needs to allow building a vtable to allow the call to be resolvable dynamically; for more information visit <https://doc.rust-lang.org/reference/items/traits.html#object-safety>\n     = help: the following types implement the trait, consider defining an enum where each variant holds one of these types, implementing `serde::de::Error` for this new enum and using it instead:\n               error::Error\n               serde::de::value::Error\n               serde_json::Error\n               toml::de::Error\n               toml_edit::de::Error\n\nerror[E0038]: the trait `serde::de::Error` cannot be made into an object\n    --> src/value/de.rs:1530:67\n     |\n1530 |         fn visit_array(self, _v: &[Value]) -> Result<Self::Value, de::Error> {\n     |                                                                   ^^^^^^^^^ `serde::de::Error` cannot be made into an object\n     |\n     = note: the trait cannot be made into an object because it requires `Self: Sized`\n     = note: for a trait to be \"object safe\" it needs to allow building a vtable to allow the call to be resolvable dynamically; for more information visit <https://doc.rust-lang.org/reference/items/traits.html#object-safety>\n     = help: the following types implement the trait, consider defining an enum where each variant holds one of these types, implementing `serde::de::Error` for this new enum and using it instead:\n               error::Error\n               serde::de::value::Error\n               serde_json::Error\n               toml::de::Error\n               toml_edit::de::Error\n\nerror[E0277]: the size for values of type `(dyn serde::de::Error + 'static)` cannot be known at compilation time\n    --> src/value/de.rs:1530:47\n     |\n1530 |         fn visit_array(self, _v: &[Value]) -> Result<Self::Value, de::Error> {\n     |                                               ^^^^^^^^^^^^^^^^^^^^^^^^^^^^^^ doesn't have a size known at compile-time\n     |\n     = help: the trait `Sized` is not implemented for `(dyn serde::de::Error + 'static)`\nnote: required by an implicit `Sized` bound in `std::result::Result`\n    --> /home/abezbm/.rustup/toolchains/nightly-2024-07-21-x86_64-unknown-linux-gnu/lib/rustlib/src/rust/library/core/src/result.rs:527:20\n     |\n527  | pub enum Result<T, E> {\n     |                    ^ required by the implicit `Sized` requirement on this type parameter in `Result`\n\nerror[E0038]: the trait `serde::de::Error` cannot be made into an object\n    --> src/value/de.rs:1534:67\n     |\n1534 |         fn visit_map<V>(self, _visitor: V) -> Result<Self::Value, de::Error>\n     |                                                                   ^^^^^^^^^ `serde::de::Error` cannot be made into an object\n     |\n     = note: the trait cannot be made into an object because it requires `Self: Sized`\n     = note: for a trait to be \"object safe\" it needs to allow building a vtable to allow the call to be resolvable dynamically; for more information visit <https://doc.rust-lang.org/reference/items/traits.html#object-safety>\n     = help: the following types implement the trait, consider defining an enum where each variant holds one of these types, implementing `serde::de::Error` for this new enum and using it instead:\n               error::Error\n               serde::de::value::Error\n               serde_json::Error\n               toml::de::Error\n               toml_edit::de::Error\n\nerror[E0782]: trait objects must include the `dyn` keyword\n    --> src/value/de.rs:1518:52\n     |\n1518 |         fn visit_unit(self) -> Result<Self::Value, de::Error> {\n     |                                                    ^^^^^^^^^\n     |\nhelp: add `dyn` keyword before this trait\n     |\n1518 |         fn visit_unit(self) -> Result<Self::Value, dyn de::Error> {\n     |                                                    +++\n\nerror[E0782]: trait objects must include the `dyn` keyword\n    --> src/value/de.rs:1522:61\n     |\n1522 |         fn visit_bool(self, v: bool) -> Result<Self::Value, de::Error> {\n     |                                                             ^^^^^^^^^\n     |\nhelp: add `dyn` keyword before this trait\n     |\n1522 |         fn visit_bool(self, v: bool) -> Result<Self::Value, dyn de::Error> {\n     |                                                             +++\n\nerror[E0782]: trait objects must include the `dyn` keyword\n    --> src/value/de.rs:1526:65\n     |\n1526 |         fn visit_string(self, v: String) -> Result<Self::Value, de::Error> {\n     |                                                                 ^^^^^^^^^\n     |\nhelp: add `dyn` keyword before this trait\n     |\n1526 |         fn visit_string(self, v: String) -> Result<Self::Value, dyn de::Error> {\n     |                                                                 +++\n\nerror[E0782]: trait objects must include the `dyn` keyword\n    --> src/value/de.rs:1530:67\n     |\n1530 |         fn visit_array(self, _v: &[Value]) -> Result<Self::Value, de::Error> {\n     |                                                                   ^^^^^^^^^\n     |\nhelp: add `dyn` keyword before this trait\n     |\n1530 |         fn visit_array(self, _v: &[Value]) -> Result<Self::Value, dyn de::Error> {\n     |                                                                   +++\n\nerror[E0782]: trait objects must include the `dyn` keyword\n    --> src/value/de.rs:1534:67\n     |\n1534 |         fn visit_map<V>(self, _visitor: V) -> Result<Self::Value, de::Error>\n     |                                                                   ^^^^^^^^^\n     |\nhelp: add `dyn` keyword before this trait\n     |\n1534 |         fn visit_map<V>(self, _visitor: V) -> Result<Self::Value, dyn de::Error>\n     |                                                                   +++\n\nSome errors have detailed explanations: E0038, E0046, E0049, E0277, E0407, E0432, E0433, E0782.\nFor more information about an error, try `rustc --explain E0038`.\nwarning: `serde_json` (lib test) generated 1 warning\nerror: could not compile `serde_json` (lib test) due to 20 previous errors; 1 warning emitted\n"
                }
              ],
              "repaired": [
                false
              ]
            }
          ]
        }
      ]
    },
    {
      "chain_id": 2,
      "prompt_conds": [
        "// constraint: self matches Value::Array(v) is true\n",
        "// constraint: self matches Value::Array(v) is true\n"
      ],
      "input_infer": "",
      "answers": [
        {
          "uses": [
            "use serde::de::Deserializer;",
            "use serde::de::Visitor;",
            "use serde_json::Value;"
          ],
          "has_test_mod": false,
          "common": [],
          "chain_tests": [
            {
              "attrs": [],
              "prefix": [],
              "oracles": [],
              "codes": [
                [
                  "{",
                  "    use serde::de::{Visitor, Deserializer};",
                  "    use serde_json::Value;",
                  "    ",
                  "    struct MockVisitor {",
                  "        result: Vec<Value>,",
                  "    }",
                  "",
                  "    impl<'de> Visitor<'de> for MockVisitor {",
                  "        type Value = Vec<Value>;",
                  "",
                  "        fn visit_unit(self) -> Result<Self::Value, serde::de::Error> {",
                  "            Ok(vec![])",
                  "        }",
                  "",
                  "        fn visit_bool(self, v: bool) -> Result<Self::Value, serde::de::Error> {",
                  "            self.result.push(Value::Bool(v));",
                  "            Ok(self.result.clone())",
                  "        }",
                  "",
                  "        fn visit_string(self, v: String) -> Result<Self::Value, serde::de::Error> {",
                  "            self.result.push(Value::String(v));",
                  "            Ok(self.result.clone())",
                  "        }",
                  "",
                  "        fn visit_array(self, _: &mut dyn FnMut() -> Value) -> Result<Self::Value, serde::de::Error> {",
                  "            Ok(self.result)",
                  "        }",
                  "",
                  "        // Add other required trait methods as necessary...",
                  "    }",
                  "",
                  "    let array_value = Value::Array(vec![",
                  "        Value::Bool(true),",
                  "        Value::String(\"test\".to_string()),",
                  "    ]);",
                  "",
                  "    let mock_visitor = MockVisitor { result: Vec::new() };",
                  "    let result = array_value.deserialize_any(mock_visitor).unwrap();",
                  "",
                  "    assert_eq!(result.len(), 2);",
                  "    assert_eq!(result[0], Value::Bool(true));",
                  "    assert_eq!(result[1], Value::String(\"test\".to_string()));",
                  "}"
                ]
              ],
              "can_compile": [
                {
                  "Err": "   Compiling proc-macro2 v1.0.95\n   Compiling serde v1.0.219\n   Compiling syn v1.0.109\n   Compiling libc v0.2.172\n   Compiling target-triple v0.1.4\n   Compiling serde_json v1.0.140\n   Compiling rustversion v1.0.20\n   Compiling ref-cast v1.0.24\n   Compiling serde_json v1.0.140 (/home/abezbm/rust-utgen-test-crates-new/json)\n   Compiling psm v0.1.26\n   Compiling stacker v0.1.21\n   Compiling quote v1.0.40\n   Compiling syn v2.0.101\n   Compiling serde_derive v1.0.219\n   Compiling ref-cast-impl v1.0.24\n   Compiling automod v1.0.15\n   Compiling ntest_test_cases v0.9.3\n   Compiling ntest_timeout v0.9.3\n   Compiling ntest v0.9.3\n   Compiling serde_spanned v0.6.8\n   Compiling toml_datetime v0.6.9\n   Compiling serde_bytes v0.11.17\n   Compiling serde_stacker v0.1.12\n   Compiling toml_edit v0.22.26\n   Compiling toml v0.8.22\n   Compiling trybuild v1.0.104\nerror[E0432]: unresolved import `serde_json`\n    --> src/value/de.rs:1509:9\n     |\n1509 |     use serde_json::Value;\n     |         ^^^^^^^^^^ use of undeclared crate or module `serde_json`\n\nerror[E0407]: method `visit_array` is not a member of trait `Visitor`\n    --> src/value/de.rs:1532:9\n     |\n1532 | /         fn visit_array(self, _: &mut dyn FnMut() -> Value) -> Result<Self::Value, serde::de::Error> {\n1533 | |             Ok(self.result)\n1534 | |         }\n     | |_________^ not a member of trait `Visitor`\n\nwarning: unused import: `ntest::timeout`\n    --> src/value/de.rs:1504:8\n     |\n1504 |    use ntest::timeout;\n     |        ^^^^^^^^^^^^^^\n     |\n     = note: `#[warn(unused_imports)]` on by default\n\nerror[E0049]: method `visit_unit` has 0 type parameters but its trait declaration has 1 type parameter\n    --> src/value/de.rs:1518:22\n     |\n1518 |           fn visit_unit(self) -> Result<Self::Value, serde::de::Error> {\n     |                        ^ found 0 type parameters\n     |\n    ::: /home/abezbm/.cargo/registry/src/index.crates.io-6f17d22bba15001f/serde-1.0.219/src/de/mod.rs:1625:5\n     |\n1625 | /     fn visit_unit<E>(self) -> Result<Self::Value, E>\n1626 | |     where\n1627 | |         E: Error,\n     | |_________________- expected 1 type parameter\n\nerror[E0049]: method `visit_bool` has 0 type parameters but its trait declaration has 1 type parameter\n    --> src/value/de.rs:1522:22\n     |\n1522 |           fn visit_bool(self, v: bool) -> Result<Self::Value, serde::de::Error> {\n     |                        ^ found 0 type parameters\n     |\n    ::: /home/abezbm/.cargo/registry/src/index.crates.io-6f17d22bba15001f/serde-1.0.219/src/de/mod.rs:1315:5\n     |\n1315 | /     fn visit_bool<E>(self, v: bool) -> Result<Self::Value, E>\n1316 | |     where\n1317 | |         E: Error,\n     | |_________________- expected 1 type parameter\n\nerror[E0049]: method `visit_string` has 0 type parameters but its trait declaration has 1 type parameter\n    --> src/value/de.rs:1527:24\n     |\n1527 |           fn visit_string(self, v: String) -> Result<Self::Value, serde::de::Error> {\n     |                          ^ found 0 type parameters\n     |\n    ::: /home/abezbm/.cargo/registry/src/index.crates.io-6f17d22bba15001f/serde-1.0.219/src/de/mod.rs:1535:5\n     |\n1535 | /     fn visit_string<E>(self, v: String) -> Result<Self::Value, E>\n1536 | |     where\n1537 | |         E: Error,\n     | |_________________- expected 1 type parameter\n\nerror[E0046]: not all trait items implemented, missing: `expecting`\n    --> src/value/de.rs:1515:5\n     |\n1515 |     impl<'de> Visitor<'de> for MockVisitor {\n     |     ^^^^^^^^^^^^^^^^^^^^^^^^^^^^^^^^^^^^^^ missing `expecting` in implementation\n     |\n     = help: implement the missing item: `fn expecting(&self, _: &mut std::fmt::Formatter<'_>) -> std::result::Result<(), std::fmt::Error> { todo!() }`\n\nerror[E0038]: the trait `serde::de::Error` cannot be made into an object\n    --> src/value/de.rs:1518:52\n     |\n1518 |         fn visit_unit(self) -> Result<Self::Value, serde::de::Error> {\n     |                                                    ^^^^^^^^^^^^^^^^ `serde::de::Error` cannot be made into an object\n     |\n     = note: the trait cannot be made into an object because it requires `Self: Sized`\n     = note: for a trait to be \"object safe\" it needs to allow building a vtable to allow the call to be resolvable dynamically; for more information visit <https://doc.rust-lang.org/reference/items/traits.html#object-safety>\n     = help: the following types implement the trait, consider defining an enum where each variant holds one of these types, implementing `serde::de::Error` for this new enum and using it instead:\n               error::Error\n               serde::de::value::Error\n               serde_json::Error\n               toml::de::Error\n               toml_edit::de::Error\n\nerror[E0277]: the size for values of type `(dyn serde::de::Error + 'static)` cannot be known at compilation time\n    --> src/value/de.rs:1518:32\n     |\n1518 |         fn visit_unit(self) -> Result<Self::Value, serde::de::Error> {\n     |                                ^^^^^^^^^^^^^^^^^^^^^^^^^^^^^^^^^^^^^ doesn't have a size known at compile-time\n     |\n     = help: the trait `Sized` is not implemented for `(dyn serde::de::Error + 'static)`\nnote: required by an implicit `Sized` bound in `std::result::Result`\n    --> /home/abezbm/.rustup/toolchains/nightly-2024-07-21-x86_64-unknown-linux-gnu/lib/rustlib/src/rust/library/core/src/result.rs:527:20\n     |\n527  | pub enum Result<T, E> {\n     |                    ^ required by the implicit `Sized` requirement on this type parameter in `Result`\n\nerror[E0038]: the trait `serde::de::Error` cannot be made into an object\n    --> src/value/de.rs:1522:61\n     |\n1522 |         fn visit_bool(self, v: bool) -> Result<Self::Value, serde::de::Error> {\n     |                                                             ^^^^^^^^^^^^^^^^ `serde::de::Error` cannot be made into an object\n     |\n     = note: the trait cannot be made into an object because it requires `Self: Sized`\n     = note: for a trait to be \"object safe\" it needs to allow building a vtable to allow the call to be resolvable dynamically; for more information visit <https://doc.rust-lang.org/reference/items/traits.html#object-safety>\n     = help: the following types implement the trait, consider defining an enum where each variant holds one of these types, implementing `serde::de::Error` for this new enum and using it instead:\n               error::Error\n               serde::de::value::Error\n               serde_json::Error\n               toml::de::Error\n               toml_edit::de::Error\n\nerror[E0277]: the size for values of type `(dyn serde::de::Error + 'static)` cannot be known at compilation time\n    --> src/value/de.rs:1522:41\n     |\n1522 |         fn visit_bool(self, v: bool) -> Result<Self::Value, serde::de::Error> {\n     |                                         ^^^^^^^^^^^^^^^^^^^^^^^^^^^^^^^^^^^^^ doesn't have a size known at compile-time\n     |\n     = help: the trait `Sized` is not implemented for `(dyn serde::de::Error + 'static)`\nnote: required by an implicit `Sized` bound in `std::result::Result`\n    --> /home/abezbm/.rustup/toolchains/nightly-2024-07-21-x86_64-unknown-linux-gnu/lib/rustlib/src/rust/library/core/src/result.rs:527:20\n     |\n527  | pub enum Result<T, E> {\n     |                    ^ required by the implicit `Sized` requirement on this type parameter in `Result`\n\nerror[E0038]: the trait `serde::de::Error` cannot be made into an object\n    --> src/value/de.rs:1527:65\n     |\n1527 |         fn visit_string(self, v: String) -> Result<Self::Value, serde::de::Error> {\n     |                                                                 ^^^^^^^^^^^^^^^^ `serde::de::Error` cannot be made into an object\n     |\n     = note: the trait cannot be made into an object because it requires `Self: Sized`\n     = note: for a trait to be \"object safe\" it needs to allow building a vtable to allow the call to be resolvable dynamically; for more information visit <https://doc.rust-lang.org/reference/items/traits.html#object-safety>\n     = help: the following types implement the trait, consider defining an enum where each variant holds one of these types, implementing `serde::de::Error` for this new enum and using it instead:\n               error::Error\n               serde::de::value::Error\n               serde_json::Error\n               toml::de::Error\n               toml_edit::de::Error\n\nerror[E0277]: the size for values of type `(dyn serde::de::Error + 'static)` cannot be known at compilation time\n    --> src/value/de.rs:1527:45\n     |\n1527 |         fn visit_string(self, v: String) -> Result<Self::Value, serde::de::Error> {\n     |                                             ^^^^^^^^^^^^^^^^^^^^^^^^^^^^^^^^^^^^^ doesn't have a size known at compile-time\n     |\n     = help: the trait `Sized` is not implemented for `(dyn serde::de::Error + 'static)`\nnote: required by an implicit `Sized` bound in `std::result::Result`\n    --> /home/abezbm/.rustup/toolchains/nightly-2024-07-21-x86_64-unknown-linux-gnu/lib/rustlib/src/rust/library/core/src/result.rs:527:20\n     |\n527  | pub enum Result<T, E> {\n     |                    ^ required by the implicit `Sized` requirement on this type parameter in `Result`\n\nerror[E0038]: the trait `serde::de::Error` cannot be made into an object\n    --> src/value/de.rs:1532:83\n     |\n1532 |         fn visit_array(self, _: &mut dyn FnMut() -> Value) -> Result<Self::Value, serde::de::Error> {\n     |                                                                                   ^^^^^^^^^^^^^^^^ `serde::de::Error` cannot be made into an object\n     |\n     = note: the trait cannot be made into an object because it requires `Self: Sized`\n     = note: for a trait to be \"object safe\" it needs to allow building a vtable to allow the call to be resolvable dynamically; for more information visit <https://doc.rust-lang.org/reference/items/traits.html#object-safety>\n     = help: the following types implement the trait, consider defining an enum where each variant holds one of these types, implementing `serde::de::Error` for this new enum and using it instead:\n               error::Error\n               serde::de::value::Error\n               serde_json::Error\n               toml::de::Error\n               toml_edit::de::Error\n\nerror[E0277]: the size for values of type `(dyn serde::de::Error + 'static)` cannot be known at compilation time\n    --> src/value/de.rs:1532:63\n     |\n1532 |         fn visit_array(self, _: &mut dyn FnMut() -> Value) -> Result<Self::Value, serde::de::Error> {\n     |                                                               ^^^^^^^^^^^^^^^^^^^^^^^^^^^^^^^^^^^^^ doesn't have a size known at compile-time\n     |\n     = help: the trait `Sized` is not implemented for `(dyn serde::de::Error + 'static)`\nnote: required by an implicit `Sized` bound in `std::result::Result`\n    --> /home/abezbm/.rustup/toolchains/nightly-2024-07-21-x86_64-unknown-linux-gnu/lib/rustlib/src/rust/library/core/src/result.rs:527:20\n     |\n527  | pub enum Result<T, E> {\n     |                    ^ required by the implicit `Sized` requirement on this type parameter in `Result`\n\nwarning: unused import: `Deserializer`\n    --> src/value/de.rs:1508:30\n     |\n1508 |     use serde::de::{Visitor, Deserializer};\n     |                              ^^^^^^^^^^^^\n\nerror[E0782]: trait objects must include the `dyn` keyword\n    --> src/value/de.rs:1518:52\n     |\n1518 |         fn visit_unit(self) -> Result<Self::Value, serde::de::Error> {\n     |                                                    ^^^^^^^^^^^^^^^^\n     |\nhelp: add `dyn` keyword before this trait\n     |\n1518 |         fn visit_unit(self) -> Result<Self::Value, dyn serde::de::Error> {\n     |                                                    +++\n\nerror[E0782]: trait objects must include the `dyn` keyword\n    --> src/value/de.rs:1522:61\n     |\n1522 |         fn visit_bool(self, v: bool) -> Result<Self::Value, serde::de::Error> {\n     |                                                             ^^^^^^^^^^^^^^^^\n     |\nhelp: add `dyn` keyword before this trait\n     |\n1522 |         fn visit_bool(self, v: bool) -> Result<Self::Value, dyn serde::de::Error> {\n     |                                                             +++\n\nerror[E0782]: trait objects must include the `dyn` keyword\n    --> src/value/de.rs:1527:65\n     |\n1527 |         fn visit_string(self, v: String) -> Result<Self::Value, serde::de::Error> {\n     |                                                                 ^^^^^^^^^^^^^^^^\n     |\nhelp: add `dyn` keyword before this trait\n     |\n1527 |         fn visit_string(self, v: String) -> Result<Self::Value, dyn serde::de::Error> {\n     |                                                                 +++\n\nerror[E0782]: trait objects must include the `dyn` keyword\n    --> src/value/de.rs:1532:83\n     |\n1532 |         fn visit_array(self, _: &mut dyn FnMut() -> Value) -> Result<Self::Value, serde::de::Error> {\n     |                                                                                   ^^^^^^^^^^^^^^^^\n     |\nhelp: add `dyn` keyword before this trait\n     |\n1532 |         fn visit_array(self, _: &mut dyn FnMut() -> Value) -> Result<Self::Value, dyn serde::de::Error> {\n     |                                                                                   +++\n\nSome errors have detailed explanations: E0038, E0046, E0049, E0277, E0407, E0432, E0782.\nFor more information about an error, try `rustc --explain E0038`.\nwarning: `serde_json` (lib test) generated 2 warnings\nerror: could not compile `serde_json` (lib test) due to 18 previous errors; 2 warnings emitted\n"
                }
              ],
              "repaired": [
                false
              ]
            }
          ]
        }
      ]
    },
    {
      "chain_id": 3,
      "prompt_conds": [
        "// constraint: self matches Value::String(v) is true\n",
        "// constraint: self matches Value::String(v) is true\n"
      ],
      "input_infer": "",
      "answers": [
        {
          "uses": [
            "use serde::de;",
            "use serde::de::Visitor;",
            "use serde_json::Value;"
          ],
          "has_test_mod": false,
          "common": [],
          "chain_tests": [
            {
              "attrs": [],
              "prefix": [],
              "oracles": [],
              "codes": [
                [
                  "{",
                  "    use serde::de::{self, Visitor};",
                  "    use serde_json::Value;",
                  "",
                  "    struct StringVisitor;",
                  "",
                  "    impl<'de> Visitor<'de> for StringVisitor {",
                  "        type Value = String;",
                  "",
                  "        fn visit_unit(self) -> Result<Self::Value, de::Error> {",
                  "            Ok(String::from(\"null\"))",
                  "        }",
                  "",
                  "        fn visit_bool(self, _: bool) -> Result<Self::Value, de::Error> {",
                  "            Ok(String::from(\"bool\"))",
                  "        }",
                  "",
                  "        fn visit_string(self, value: String) -> Result<Self::Value, de::Error> {",
                  "            Ok(value)",
                  "        }",
                  "",
                  "        fn visit_array<V>(self, _: V) -> Result<Self::Value, de::Error>",
                  "        where",
                  "            V: serde::de::SeqAccess<'de>,",
                  "        {",
                  "            Ok(String::from(\"array\"))",
                  "        }",
                  "",
                  "        fn visit_map<V>(self, _: V) -> Result<Self::Value, de::Error>",
                  "        where",
                  "            V: serde::de::MapAccess<'de>,",
                  "        {",
                  "            Ok(String::from(\"object\"))",
                  "        }",
                  "    }",
                  "",
                  "    let value = Value::String(String::from(\"test string\"));",
                  "    let visitor = StringVisitor;",
                  "    let result = value.deserialize_any(visitor).unwrap();",
                  "    assert_eq!(result, \"test string\");",
                  "}"
                ]
              ],
              "can_compile": [
                {
                  "Err": "   Compiling proc-macro2 v1.0.95\n   Compiling serde v1.0.219\n   Compiling syn v1.0.109\n   Compiling libc v0.2.172\n   Compiling serde_json v1.0.140\n   Compiling target-triple v0.1.4\n   Compiling ref-cast v1.0.24\n   Compiling rustversion v1.0.20\n   Compiling serde_json v1.0.140 (/home/abezbm/rust-utgen-test-crates-new/json)\n   Compiling psm v0.1.26\n   Compiling stacker v0.1.21\n   Compiling quote v1.0.40\n   Compiling syn v2.0.101\n   Compiling serde_derive v1.0.219\n   Compiling ref-cast-impl v1.0.24\n   Compiling automod v1.0.15\n   Compiling ntest_test_cases v0.9.3\n   Compiling ntest_timeout v0.9.3\n   Compiling ntest v0.9.3\n   Compiling serde_spanned v0.6.8\n   Compiling toml_datetime v0.6.9\n   Compiling serde_stacker v0.1.12\n   Compiling serde_bytes v0.11.17\n   Compiling toml_edit v0.22.26\n   Compiling toml v0.8.22\n   Compiling trybuild v1.0.104\nerror[E0432]: unresolved import `serde_json`\n    --> src/value/de.rs:1509:9\n     |\n1509 |     use serde_json::Value;\n     |         ^^^^^^^^^^ use of undeclared crate or module `serde_json`\n\nerror[E0407]: method `visit_array` is not a member of trait `Visitor`\n    --> src/value/de.rs:1528:9\n     |\n1528 | /         fn visit_array<V>(self, _: V) -> Result<Self::Value, de::Error>\n1529 | |         where\n1530 | |             V: serde::de::SeqAccess<'de>,\n1531 | |         {\n1532 | |             Ok(String::from(\"array\"))\n1533 | |         }\n     | |_________^ not a member of trait `Visitor`\n\nwarning: unused import: `ntest::timeout`\n    --> src/value/de.rs:1504:8\n     |\n1504 |    use ntest::timeout;\n     |        ^^^^^^^^^^^^^^\n     |\n     = note: `#[warn(unused_imports)]` on by default\n\nerror[E0049]: method `visit_unit` has 0 type parameters but its trait declaration has 1 type parameter\n    --> src/value/de.rs:1516:22\n     |\n1516 |           fn visit_unit(self) -> Result<Self::Value, de::Error> {\n     |                        ^ found 0 type parameters\n     |\n    ::: /home/abezbm/.cargo/registry/src/index.crates.io-6f17d22bba15001f/serde-1.0.219/src/de/mod.rs:1625:5\n     |\n1625 | /     fn visit_unit<E>(self) -> Result<Self::Value, E>\n1626 | |     where\n1627 | |         E: Error,\n     | |_________________- expected 1 type parameter\n\nerror[E0049]: method `visit_bool` has 0 type parameters but its trait declaration has 1 type parameter\n    --> src/value/de.rs:1520:22\n     |\n1520 |           fn visit_bool(self, _: bool) -> Result<Self::Value, de::Error> {\n     |                        ^ found 0 type parameters\n     |\n    ::: /home/abezbm/.cargo/registry/src/index.crates.io-6f17d22bba15001f/serde-1.0.219/src/de/mod.rs:1315:5\n     |\n1315 | /     fn visit_bool<E>(self, v: bool) -> Result<Self::Value, E>\n1316 | |     where\n1317 | |         E: Error,\n     | |_________________- expected 1 type parameter\n\nerror[E0049]: method `visit_string` has 0 type parameters but its trait declaration has 1 type parameter\n    --> src/value/de.rs:1524:24\n     |\n1524 |           fn visit_string(self, value: String) -> Result<Self::Value, de::Error> {\n     |                          ^ found 0 type parameters\n     |\n    ::: /home/abezbm/.cargo/registry/src/index.crates.io-6f17d22bba15001f/serde-1.0.219/src/de/mod.rs:1535:5\n     |\n1535 | /     fn visit_string<E>(self, v: String) -> Result<Self::Value, E>\n1536 | |     where\n1537 | |         E: Error,\n     | |_________________- expected 1 type parameter\n\nerror[E0053]: method `visit_map` has an incompatible type for trait\n    --> src/value/de.rs:1535:40\n     |\n1535 |         fn visit_map<V>(self, _: V) -> Result<Self::Value, de::Error>\n     |                                        ^^^^^^^^^^^^^^^^^^^^^^^^^^^^^^ expected associated type, found `dyn serde::de::Error`\n     |\n     = note: expected signature `fn(StringVisitor, _) -> std::result::Result<_, <V as serde::de::MapAccess<'de>>::Error>`\n                found signature `fn(StringVisitor, _) -> std::result::Result<_, (dyn serde::de::Error + 'static)>`\nhelp: change the output type to match the trait\n     |\n1535 |         fn visit_map<V>(self, _: V) -> std::result::Result<std::string::String, <V as serde::de::MapAccess<'de>>::Error>\n     |                                        ~~~~~~~~~~~~~~~~~~~~~~~~~~~~~~~~~~~~~~~~~~~~~~~~~~~~~~~~~~~~~~~~~~~~~~~~~~~~~~~~~\n\nerror[E0046]: not all trait items implemented, missing: `expecting`\n    --> src/value/de.rs:1513:5\n     |\n1513 |     impl<'de> Visitor<'de> for StringVisitor {\n     |     ^^^^^^^^^^^^^^^^^^^^^^^^^^^^^^^^^^^^^^^^ missing `expecting` in implementation\n     |\n     = help: implement the missing item: `fn expecting(&self, _: &mut std::fmt::Formatter<'_>) -> std::result::Result<(), std::fmt::Error> { todo!() }`\n\nerror[E0038]: the trait `serde::de::Error` cannot be made into an object\n    --> src/value/de.rs:1516:52\n     |\n1516 |         fn visit_unit(self) -> Result<Self::Value, de::Error> {\n     |                                                    ^^^^^^^^^ `serde::de::Error` cannot be made into an object\n     |\n     = note: the trait cannot be made into an object because it requires `Self: Sized`\n     = note: for a trait to be \"object safe\" it needs to allow building a vtable to allow the call to be resolvable dynamically; for more information visit <https://doc.rust-lang.org/reference/items/traits.html#object-safety>\n     = help: the following types implement the trait, consider defining an enum where each variant holds one of these types, implementing `serde::de::Error` for this new enum and using it instead:\n               error::Error\n               serde::de::value::Error\n               serde_json::Error\n               toml::de::Error\n               toml_edit::de::Error\n\nerror[E0277]: the size for values of type `(dyn serde::de::Error + 'static)` cannot be known at compilation time\n    --> src/value/de.rs:1516:32\n     |\n1516 |         fn visit_unit(self) -> Result<Self::Value, de::Error> {\n     |                                ^^^^^^^^^^^^^^^^^^^^^^^^^^^^^^ doesn't have a size known at compile-time\n     |\n     = help: the trait `Sized` is not implemented for `(dyn serde::de::Error + 'static)`\nnote: required by an implicit `Sized` bound in `std::result::Result`\n    --> /home/abezbm/.rustup/toolchains/nightly-2024-07-21-x86_64-unknown-linux-gnu/lib/rustlib/src/rust/library/core/src/result.rs:527:20\n     |\n527  | pub enum Result<T, E> {\n     |                    ^ required by the implicit `Sized` requirement on this type parameter in `Result`\n\nerror[E0038]: the trait `serde::de::Error` cannot be made into an object\n    --> src/value/de.rs:1520:61\n     |\n1520 |         fn visit_bool(self, _: bool) -> Result<Self::Value, de::Error> {\n     |                                                             ^^^^^^^^^ `serde::de::Error` cannot be made into an object\n     |\n     = note: the trait cannot be made into an object because it requires `Self: Sized`\n     = note: for a trait to be \"object safe\" it needs to allow building a vtable to allow the call to be resolvable dynamically; for more information visit <https://doc.rust-lang.org/reference/items/traits.html#object-safety>\n     = help: the following types implement the trait, consider defining an enum where each variant holds one of these types, implementing `serde::de::Error` for this new enum and using it instead:\n               error::Error\n               serde::de::value::Error\n               serde_json::Error\n               toml::de::Error\n               toml_edit::de::Error\n\nerror[E0277]: the size for values of type `(dyn serde::de::Error + 'static)` cannot be known at compilation time\n    --> src/value/de.rs:1520:41\n     |\n1520 |         fn visit_bool(self, _: bool) -> Result<Self::Value, de::Error> {\n     |                                         ^^^^^^^^^^^^^^^^^^^^^^^^^^^^^^ doesn't have a size known at compile-time\n     |\n     = help: the trait `Sized` is not implemented for `(dyn serde::de::Error + 'static)`\nnote: required by an implicit `Sized` bound in `std::result::Result`\n    --> /home/abezbm/.rustup/toolchains/nightly-2024-07-21-x86_64-unknown-linux-gnu/lib/rustlib/src/rust/library/core/src/result.rs:527:20\n     |\n527  | pub enum Result<T, E> {\n     |                    ^ required by the implicit `Sized` requirement on this type parameter in `Result`\n\nerror[E0038]: the trait `serde::de::Error` cannot be made into an object\n    --> src/value/de.rs:1524:69\n     |\n1524 |         fn visit_string(self, value: String) -> Result<Self::Value, de::Error> {\n     |                                                                     ^^^^^^^^^ `serde::de::Error` cannot be made into an object\n     |\n     = note: the trait cannot be made into an object because it requires `Self: Sized`\n     = note: for a trait to be \"object safe\" it needs to allow building a vtable to allow the call to be resolvable dynamically; for more information visit <https://doc.rust-lang.org/reference/items/traits.html#object-safety>\n     = help: the following types implement the trait, consider defining an enum where each variant holds one of these types, implementing `serde::de::Error` for this new enum and using it instead:\n               error::Error\n               serde::de::value::Error\n               serde_json::Error\n               toml::de::Error\n               toml_edit::de::Error\n\nerror[E0277]: the size for values of type `(dyn serde::de::Error + 'static)` cannot be known at compilation time\n    --> src/value/de.rs:1524:49\n     |\n1524 |         fn visit_string(self, value: String) -> Result<Self::Value, de::Error> {\n     |                                                 ^^^^^^^^^^^^^^^^^^^^^^^^^^^^^^ doesn't have a size known at compile-time\n     |\n     = help: the trait `Sized` is not implemented for `(dyn serde::de::Error + 'static)`\nnote: required by an implicit `Sized` bound in `std::result::Result`\n    --> /home/abezbm/.rustup/toolchains/nightly-2024-07-21-x86_64-unknown-linux-gnu/lib/rustlib/src/rust/library/core/src/result.rs:527:20\n     |\n527  | pub enum Result<T, E> {\n     |                    ^ required by the implicit `Sized` requirement on this type parameter in `Result`\n\nerror[E0038]: the trait `serde::de::Error` cannot be made into an object\n    --> src/value/de.rs:1528:62\n     |\n1528 |         fn visit_array<V>(self, _: V) -> Result<Self::Value, de::Error>\n     |                                                              ^^^^^^^^^ `serde::de::Error` cannot be made into an object\n     |\n     = note: the trait cannot be made into an object because it requires `Self: Sized`\n     = note: for a trait to be \"object safe\" it needs to allow building a vtable to allow the call to be resolvable dynamically; for more information visit <https://doc.rust-lang.org/reference/items/traits.html#object-safety>\n     = help: the following types implement the trait, consider defining an enum where each variant holds one of these types, implementing `serde::de::Error` for this new enum and using it instead:\n               error::Error\n               serde::de::value::Error\n               serde_json::Error\n               toml::de::Error\n               toml_edit::de::Error\n\nerror[E0277]: the size for values of type `(dyn serde::de::Error + 'static)` cannot be known at compilation time\n    --> src/value/de.rs:1528:42\n     |\n1528 |         fn visit_array<V>(self, _: V) -> Result<Self::Value, de::Error>\n     |                                          ^^^^^^^^^^^^^^^^^^^^^^^^^^^^^^ doesn't have a size known at compile-time\n     |\n     = help: the trait `Sized` is not implemented for `(dyn serde::de::Error + 'static)`\nnote: required by an implicit `Sized` bound in `std::result::Result`\n    --> /home/abezbm/.rustup/toolchains/nightly-2024-07-21-x86_64-unknown-linux-gnu/lib/rustlib/src/rust/library/core/src/result.rs:527:20\n     |\n527  | pub enum Result<T, E> {\n     |                    ^ required by the implicit `Sized` requirement on this type parameter in `Result`\n\nerror[E0038]: the trait `serde::de::Error` cannot be made into an object\n    --> src/value/de.rs:1535:60\n     |\n1535 |         fn visit_map<V>(self, _: V) -> Result<Self::Value, de::Error>\n     |                                                            ^^^^^^^^^ `serde::de::Error` cannot be made into an object\n     |\n     = note: the trait cannot be made into an object because it requires `Self: Sized`\n     = note: for a trait to be \"object safe\" it needs to allow building a vtable to allow the call to be resolvable dynamically; for more information visit <https://doc.rust-lang.org/reference/items/traits.html#object-safety>\n     = help: the following types implement the trait, consider defining an enum where each variant holds one of these types, implementing `serde::de::Error` for this new enum and using it instead:\n               error::Error\n               serde::de::value::Error\n               serde_json::Error\n               toml::de::Error\n               toml_edit::de::Error\n\nerror[E0277]: the size for values of type `(dyn serde::de::Error + 'static)` cannot be known at compilation time\n    --> src/value/de.rs:1535:40\n     |\n1535 |         fn visit_map<V>(self, _: V) -> Result<Self::Value, de::Error>\n     |                                        ^^^^^^^^^^^^^^^^^^^^^^^^^^^^^^ doesn't have a size known at compile-time\n     |\n     = help: the trait `Sized` is not implemented for `(dyn serde::de::Error + 'static)`\nnote: required by an implicit `Sized` bound in `std::result::Result`\n    --> /home/abezbm/.rustup/toolchains/nightly-2024-07-21-x86_64-unknown-linux-gnu/lib/rustlib/src/rust/library/core/src/result.rs:527:20\n     |\n527  | pub enum Result<T, E> {\n     |                    ^ required by the implicit `Sized` requirement on this type parameter in `Result`\n\nerror[E0038]: the trait `serde::de::Error` cannot be made into an object\n    --> src/value/de.rs:1517:13\n     |\n1517 |             Ok(String::from(\"null\"))\n     |             ^^ `serde::de::Error` cannot be made into an object\n     |\n     = note: the trait cannot be made into an object because it requires `Self: Sized`\n     = note: for a trait to be \"object safe\" it needs to allow building a vtable to allow the call to be resolvable dynamically; for more information visit <https://doc.rust-lang.org/reference/items/traits.html#object-safety>\n     = help: the following types implement the trait, consider defining an enum where each variant holds one of these types, implementing `serde::de::Error` for this new enum and using it instead:\n               error::Error\n               serde::de::value::Error\n               serde_json::Error\n               toml::de::Error\n               toml_edit::de::Error\n\nerror[E0277]: the size for values of type `dyn serde::de::Error` cannot be known at compilation time\n    --> src/value/de.rs:1517:13\n     |\n1517 |             Ok(String::from(\"null\"))\n     |             ^^^^^^^^^^^^^^^^^^^^^^^^ doesn't have a size known at compile-time\n     |\n     = help: the trait `Sized` is not implemented for `dyn serde::de::Error`\nnote: required by a bound in `Ok`\n    --> /home/abezbm/.rustup/toolchains/nightly-2024-07-21-x86_64-unknown-linux-gnu/lib/rustlib/src/rust/library/core/src/result.rs:527:20\n     |\n527  | pub enum Result<T, E> {\n     |                    ^ required by this bound in `Ok`\n...\n531  |     Ok(#[stable(feature = \"rust1\", since = \"1.0.0\")] T),\n     |     -- required by a bound in this tuple variant\n\nerror[E0038]: the trait `serde::de::Error` cannot be made into an object\n    --> src/value/de.rs:1521:13\n     |\n1521 |             Ok(String::from(\"bool\"))\n     |             ^^ `serde::de::Error` cannot be made into an object\n     |\n     = note: the trait cannot be made into an object because it requires `Self: Sized`\n     = note: for a trait to be \"object safe\" it needs to allow building a vtable to allow the call to be resolvable dynamically; for more information visit <https://doc.rust-lang.org/reference/items/traits.html#object-safety>\n     = help: the following types implement the trait, consider defining an enum where each variant holds one of these types, implementing `serde::de::Error` for this new enum and using it instead:\n               error::Error\n               serde::de::value::Error\n               serde_json::Error\n               toml::de::Error\n               toml_edit::de::Error\n\nerror[E0277]: the size for values of type `dyn serde::de::Error` cannot be known at compilation time\n    --> src/value/de.rs:1521:13\n     |\n1521 |             Ok(String::from(\"bool\"))\n     |             ^^^^^^^^^^^^^^^^^^^^^^^^ doesn't have a size known at compile-time\n     |\n     = help: the trait `Sized` is not implemented for `dyn serde::de::Error`\nnote: required by a bound in `Ok`\n    --> /home/abezbm/.rustup/toolchains/nightly-2024-07-21-x86_64-unknown-linux-gnu/lib/rustlib/src/rust/library/core/src/result.rs:527:20\n     |\n527  | pub enum Result<T, E> {\n     |                    ^ required by this bound in `Ok`\n...\n531  |     Ok(#[stable(feature = \"rust1\", since = \"1.0.0\")] T),\n     |     -- required by a bound in this tuple variant\n\nerror[E0038]: the trait `serde::de::Error` cannot be made into an object\n    --> src/value/de.rs:1525:13\n     |\n1525 |             Ok(value)\n     |             ^^ `serde::de::Error` cannot be made into an object\n     |\n     = note: the trait cannot be made into an object because it requires `Self: Sized`\n     = note: for a trait to be \"object safe\" it needs to allow building a vtable to allow the call to be resolvable dynamically; for more information visit <https://doc.rust-lang.org/reference/items/traits.html#object-safety>\n     = help: the following types implement the trait, consider defining an enum where each variant holds one of these types, implementing `serde::de::Error` for this new enum and using it instead:\n               error::Error\n               serde::de::value::Error\n               serde_json::Error\n               toml::de::Error\n               toml_edit::de::Error\n\nerror[E0277]: the size for values of type `dyn serde::de::Error` cannot be known at compilation time\n    --> src/value/de.rs:1525:13\n     |\n1525 |             Ok(value)\n     |             ^^^^^^^^^ doesn't have a size known at compile-time\n     |\n     = help: the trait `Sized` is not implemented for `dyn serde::de::Error`\nnote: required by a bound in `Ok`\n    --> /home/abezbm/.rustup/toolchains/nightly-2024-07-21-x86_64-unknown-linux-gnu/lib/rustlib/src/rust/library/core/src/result.rs:527:20\n     |\n527  | pub enum Result<T, E> {\n     |                    ^ required by this bound in `Ok`\n...\n531  |     Ok(#[stable(feature = \"rust1\", since = \"1.0.0\")] T),\n     |     -- required by a bound in this tuple variant\n\nerror[E0038]: the trait `serde::de::Error` cannot be made into an object\n    --> src/value/de.rs:1532:13\n     |\n1532 |             Ok(String::from(\"array\"))\n     |             ^^ `serde::de::Error` cannot be made into an object\n     |\n     = note: the trait cannot be made into an object because it requires `Self: Sized`\n     = note: for a trait to be \"object safe\" it needs to allow building a vtable to allow the call to be resolvable dynamically; for more information visit <https://doc.rust-lang.org/reference/items/traits.html#object-safety>\n     = help: the following types implement the trait, consider defining an enum where each variant holds one of these types, implementing `serde::de::Error` for this new enum and using it instead:\n               error::Error\n               serde::de::value::Error\n               serde_json::Error\n               toml::de::Error\n               toml_edit::de::Error\n\nerror[E0277]: the size for values of type `dyn serde::de::Error` cannot be known at compilation time\n    --> src/value/de.rs:1532:13\n     |\n1532 |             Ok(String::from(\"array\"))\n     |             ^^^^^^^^^^^^^^^^^^^^^^^^^ doesn't have a size known at compile-time\n     |\n     = help: the trait `Sized` is not implemented for `dyn serde::de::Error`\nnote: required by a bound in `Ok`\n    --> /home/abezbm/.rustup/toolchains/nightly-2024-07-21-x86_64-unknown-linux-gnu/lib/rustlib/src/rust/library/core/src/result.rs:527:20\n     |\n527  | pub enum Result<T, E> {\n     |                    ^ required by this bound in `Ok`\n...\n531  |     Ok(#[stable(feature = \"rust1\", since = \"1.0.0\")] T),\n     |     -- required by a bound in this tuple variant\n\nerror[E0038]: the trait `serde::de::Error` cannot be made into an object\n    --> src/value/de.rs:1539:13\n     |\n1539 |             Ok(String::from(\"object\"))\n     |             ^^ `serde::de::Error` cannot be made into an object\n     |\n     = note: the trait cannot be made into an object because it requires `Self: Sized`\n     = note: for a trait to be \"object safe\" it needs to allow building a vtable to allow the call to be resolvable dynamically; for more information visit <https://doc.rust-lang.org/reference/items/traits.html#object-safety>\n     = help: the following types implement the trait, consider defining an enum where each variant holds one of these types, implementing `serde::de::Error` for this new enum and using it instead:\n               error::Error\n               serde::de::value::Error\n               serde_json::Error\n               toml::de::Error\n               toml_edit::de::Error\n\nerror[E0277]: the size for values of type `dyn serde::de::Error` cannot be known at compilation time\n    --> src/value/de.rs:1539:13\n     |\n1539 |             Ok(String::from(\"object\"))\n     |             ^^^^^^^^^^^^^^^^^^^^^^^^^^ doesn't have a size known at compile-time\n     |\n     = help: the trait `Sized` is not implemented for `dyn serde::de::Error`\nnote: required by a bound in `Ok`\n    --> /home/abezbm/.rustup/toolchains/nightly-2024-07-21-x86_64-unknown-linux-gnu/lib/rustlib/src/rust/library/core/src/result.rs:527:20\n     |\n527  | pub enum Result<T, E> {\n     |                    ^ required by this bound in `Ok`\n...\n531  |     Ok(#[stable(feature = \"rust1\", since = \"1.0.0\")] T),\n     |     -- required by a bound in this tuple variant\n\nerror[E0782]: trait objects must include the `dyn` keyword\n    --> src/value/de.rs:1516:52\n     |\n1516 |         fn visit_unit(self) -> Result<Self::Value, de::Error> {\n     |                                                    ^^^^^^^^^\n     |\nhelp: add `dyn` keyword before this trait\n     |\n1516 |         fn visit_unit(self) -> Result<Self::Value, dyn de::Error> {\n     |                                                    +++\n\nerror[E0782]: trait objects must include the `dyn` keyword\n    --> src/value/de.rs:1520:61\n     |\n1520 |         fn visit_bool(self, _: bool) -> Result<Self::Value, de::Error> {\n     |                                                             ^^^^^^^^^\n     |\nhelp: add `dyn` keyword before this trait\n     |\n1520 |         fn visit_bool(self, _: bool) -> Result<Self::Value, dyn de::Error> {\n     |                                                             +++\n\nerror[E0782]: trait objects must include the `dyn` keyword\n    --> src/value/de.rs:1524:69\n     |\n1524 |         fn visit_string(self, value: String) -> Result<Self::Value, de::Error> {\n     |                                                                     ^^^^^^^^^\n     |\nhelp: add `dyn` keyword before this trait\n     |\n1524 |         fn visit_string(self, value: String) -> Result<Self::Value, dyn de::Error> {\n     |                                                                     +++\n\nerror[E0782]: trait objects must include the `dyn` keyword\n    --> src/value/de.rs:1528:62\n     |\n1528 |         fn visit_array<V>(self, _: V) -> Result<Self::Value, de::Error>\n     |                                                              ^^^^^^^^^\n     |\nhelp: add `dyn` keyword before this trait\n     |\n1528 |         fn visit_array<V>(self, _: V) -> Result<Self::Value, dyn de::Error>\n     |                                                              +++\n\nerror[E0782]: trait objects must include the `dyn` keyword\n    --> src/value/de.rs:1535:60\n     |\n1535 |         fn visit_map<V>(self, _: V) -> Result<Self::Value, de::Error>\n     |                                                            ^^^^^^^^^\n     |\nhelp: add `dyn` keyword before this trait\n     |\n1535 |         fn visit_map<V>(self, _: V) -> Result<Self::Value, dyn de::Error>\n     |                                                            +++\n\nSome errors have detailed explanations: E0038, E0046, E0049, E0053, E0277, E0407, E0432, E0782.\nFor more information about an error, try `rustc --explain E0038`.\nwarning: `serde_json` (lib test) generated 1 warning\nerror: could not compile `serde_json` (lib test) due to 32 previous errors; 1 warning emitted\n"
                }
              ],
              "repaired": [
                false
              ]
            },
            {
              "attrs": [
                "#[should_panic]"
              ],
              "prefix": [],
              "oracles": [],
              "codes": [
                [
                  "{",
                  "    use serde_json::Value;",
                  "",
                  "    let value = Value::String(String::from(\"should not reach this point\"));",
                  "    ",
                  "    // This test is intentionally designed to panic in a no-std environment.",
                  "    // In reality, it should not be executed in such environments, hence the panic.",
                  "    // Under normal conditions, this should not be reached, hence the expectation of a panic.",
                  "    assert_eq!(value.deserialize_any(StringVisitor).is_ok(), true);",
                  "}"
                ]
              ],
              "can_compile": [
                {
                  "Err": "   Compiling proc-macro2 v1.0.95\n   Compiling serde v1.0.219\n   Compiling syn v1.0.109\n   Compiling libc v0.2.172\n   Compiling serde_json v1.0.140\n   Compiling target-triple v0.1.4\n   Compiling rustversion v1.0.20\n   Compiling ref-cast v1.0.24\n   Compiling serde_json v1.0.140 (/home/abezbm/rust-utgen-test-crates-new/json)\n   Compiling psm v0.1.26\n   Compiling stacker v0.1.21\n   Compiling quote v1.0.40\n   Compiling syn v2.0.101\n   Compiling serde_derive v1.0.219\n   Compiling ref-cast-impl v1.0.24\n   Compiling automod v1.0.15\n   Compiling ntest_test_cases v0.9.3\n   Compiling ntest_timeout v0.9.3\n   Compiling ntest v0.9.3\n   Compiling toml_datetime v0.6.9\n   Compiling serde_spanned v0.6.8\n   Compiling serde_bytes v0.11.17\n   Compiling serde_stacker v0.1.12\n   Compiling toml_edit v0.22.26\n   Compiling toml v0.8.22\n   Compiling trybuild v1.0.104\nerror[E0432]: unresolved import `serde_json`\n    --> src/value/de.rs:1509:9\n     |\n1509 |     use serde_json::Value;\n     |         ^^^^^^^^^^ use of undeclared crate or module `serde_json`\n\nerror[E0425]: cannot find value `StringVisitor` in this scope\n    --> src/value/de.rs:1516:38\n     |\n1516 |     assert_eq!(value.deserialize_any(StringVisitor).is_ok(), true);\n     |                                      ^^^^^^^^^^^^^ not found in this scope\n\nwarning: unused import: `ntest::timeout`\n    --> src/value/de.rs:1504:8\n     |\n1504 |    use ntest::timeout;\n     |        ^^^^^^^^^^^^^^\n     |\n     = note: `#[warn(unused_imports)]` on by default\n\nSome errors have detailed explanations: E0425, E0432.\nFor more information about an error, try `rustc --explain E0425`.\nwarning: `serde_json` (lib test) generated 1 warning\nerror: could not compile `serde_json` (lib test) due to 2 previous errors; 1 warning emitted\n"
                }
              ],
              "repaired": [
                false
              ]
            }
          ]
        }
      ]
    },
    {
      "chain_id": 4,
      "prompt_conds": [
        "// constraint: self matches Value::Number(n) is true\n",
        "// constraint: self matches Value::Number(n) is true\n"
      ],
      "input_infer": "",
      "answers": [
        {
          "uses": [],
          "has_test_mod": false,
          "common": [
            "#[derive(Debug)]",
            "struct MockVisitor {",
            "    value: Option<i64>,",
            "}",
            "",
            "impl<'de> Visitor<'de> for MockVisitor {",
            "    type Value = Result<i64, Error>;",
            "",
            "    fn visit_unit(self) -> Self::Value {",
            "        Ok(0)",
            "    }",
            "",
            "    fn visit_bool(self, v: bool) -> Self::Value {",
            "        Ok(if v { 1 } else { 0 })",
            "    }",
            "",
            "    fn visit_string(self, v: &str) -> Self::Value {",
            "        Ok(v.parse().unwrap_or_default())",
            "    }",
            "",
            "    fn visit_number(self, n: i64) -> Self::Value {",
            "        Ok(n)",
            "    }",
            "}"
          ],
          "chain_tests": [
            {
              "attrs": [],
              "prefix": [],
              "oracles": [],
              "codes": [
                [
                  "{",
                  "    let value = Value::Null;",
                  "    let visitor = MockVisitor { value: None };",
                  "    let result = value.deserialize_any(visitor);",
                  "    assert_eq!(result, Ok(0));",
                  "}"
                ]
              ],
              "can_compile": [
                {
                  "Err": "   Compiling proc-macro2 v1.0.95\n   Compiling serde v1.0.219\n   Compiling syn v1.0.109\n   Compiling libc v0.2.172\n   Compiling target-triple v0.1.4\n   Compiling serde_json v1.0.140\n   Compiling ref-cast v1.0.24\n   Compiling rustversion v1.0.20\n   Compiling serde_json v1.0.140 (/home/abezbm/rust-utgen-test-crates-new/json)\n   Compiling psm v0.1.26\n   Compiling stacker v0.1.21\n   Compiling quote v1.0.40\n   Compiling syn v2.0.101\n   Compiling serde_derive v1.0.219\n   Compiling ref-cast-impl v1.0.24\n   Compiling automod v1.0.15\n   Compiling ntest_test_cases v0.9.3\n   Compiling ntest_timeout v0.9.3\n   Compiling ntest v0.9.3\n   Compiling serde_spanned v0.6.8\n   Compiling toml_datetime v0.6.9\n   Compiling serde_stacker v0.1.12\n   Compiling serde_bytes v0.11.17\n   Compiling toml_edit v0.22.26\n   Compiling toml v0.8.22\n   Compiling trybuild v1.0.104\nerror[E0407]: method `visit_number` is not a member of trait `Visitor`\n    --> src/value/de.rs:1525:5\n     |\n1525 |       fn visit_number(self, n: i64) -> Self::Value {\n     |       ^  ------------ help: there is an associated function with a similar name: `visit_none`\n     |  _____|\n     | |\n1526 | |         Ok(n)\n1527 | |     }\n     | |_____^ not a member of trait `Visitor`\n\nwarning: unused import: `ntest::timeout`\n    --> src/value/de.rs:1504:8\n     |\n1504 |    use ntest::timeout;\n     |        ^^^^^^^^^^^^^^\n     |\n     = note: `#[warn(unused_imports)]` on by default\n\nerror[E0049]: method `visit_unit` has 0 type parameters but its trait declaration has 1 type parameter\n    --> src/value/de.rs:1513:18\n     |\n1513 |       fn visit_unit(self) -> Self::Value {\n     |                    ^ found 0 type parameters\n     |\n    ::: /home/abezbm/.cargo/registry/src/index.crates.io-6f17d22bba15001f/serde-1.0.219/src/de/mod.rs:1625:5\n     |\n1625 | /     fn visit_unit<E>(self) -> Result<Self::Value, E>\n1626 | |     where\n1627 | |         E: Error,\n     | |_________________- expected 1 type parameter\n\nerror[E0049]: method `visit_bool` has 0 type parameters but its trait declaration has 1 type parameter\n    --> src/value/de.rs:1517:18\n     |\n1517 |       fn visit_bool(self, v: bool) -> Self::Value {\n     |                    ^ found 0 type parameters\n     |\n    ::: /home/abezbm/.cargo/registry/src/index.crates.io-6f17d22bba15001f/serde-1.0.219/src/de/mod.rs:1315:5\n     |\n1315 | /     fn visit_bool<E>(self, v: bool) -> Result<Self::Value, E>\n1316 | |     where\n1317 | |         E: Error,\n     | |_________________- expected 1 type parameter\n\nerror[E0049]: method `visit_string` has 0 type parameters but its trait declaration has 1 type parameter\n    --> src/value/de.rs:1521:20\n     |\n1521 |       fn visit_string(self, v: &str) -> Self::Value {\n     |                      ^ found 0 type parameters\n     |\n    ::: /home/abezbm/.cargo/registry/src/index.crates.io-6f17d22bba15001f/serde-1.0.219/src/de/mod.rs:1535:5\n     |\n1535 | /     fn visit_string<E>(self, v: String) -> Result<Self::Value, E>\n1536 | |     where\n1537 | |         E: Error,\n     | |_________________- expected 1 type parameter\n\nerror[E0046]: not all trait items implemented, missing: `expecting`\n    --> src/value/de.rs:1510:1\n     |\n1510 | impl<'de> Visitor<'de> for MockVisitor {\n     | ^^^^^^^^^^^^^^^^^^^^^^^^^^^^^^^^^^^^^^ missing `expecting` in implementation\n     |\n     = help: implement the missing item: `fn expecting(&self, _: &mut std::fmt::Formatter<'_>) -> std::result::Result<(), std::fmt::Error> { todo!() }`\n\nerror[E0369]: binary operation `==` cannot be applied to type `std::result::Result<std::result::Result<i64, error::Error>, error::Error>`\n    --> src/value/de.rs:1536:5\n     |\n1536 |     assert_eq!(result, Ok(0));\n     |     ^^^^^^^^^^^^^^^^^^^^^^^^^\n     |     |\n     |     std::result::Result<std::result::Result<i64, error::Error>, error::Error>\n     |     std::result::Result<{integer}, _>\n     |\nnote: the foreign item type `std::result::Result<std::result::Result<i64, error::Error>, error::Error>` doesn't implement `PartialEq<std::result::Result<{integer}, _>>`\n    --> /home/abezbm/.rustup/toolchains/nightly-2024-07-21-x86_64-unknown-linux-gnu/lib/rustlib/src/rust/library/core/src/result.rs:527:1\n     |\n527  | pub enum Result<T, E> {\n     | ^^^^^^^^^^^^^^^^^^^^^ not implement `PartialEq<std::result::Result<{integer}, _>>`\n     = note: this error originates in the macro `assert_eq` (in Nightly builds, run with -Z macro-backtrace for more info)\n\nSome errors have detailed explanations: E0046, E0049, E0369, E0407.\nFor more information about an error, try `rustc --explain E0046`.\nwarning: `serde_json` (lib test) generated 1 warning\nerror: could not compile `serde_json` (lib test) due to 6 previous errors; 1 warning emitted\n"
                }
              ],
              "repaired": [
                false
              ]
            },
            {
              "attrs": [],
              "prefix": [],
              "oracles": [],
              "codes": [
                [
                  "{",
                  "    let value = Value::Bool(true);",
                  "    let visitor = MockVisitor { value: None };",
                  "    let result = value.deserialize_any(visitor);",
                  "    assert_eq!(result, Ok(1));",
                  "}"
                ]
              ],
              "can_compile": [
                {
                  "Err": "   Compiling proc-macro2 v1.0.95\n   Compiling serde v1.0.219\n   Compiling syn v1.0.109\n   Compiling libc v0.2.172\n   Compiling target-triple v0.1.4\n   Compiling serde_json v1.0.140\n   Compiling ref-cast v1.0.24\n   Compiling rustversion v1.0.20\n   Compiling serde_json v1.0.140 (/home/abezbm/rust-utgen-test-crates-new/json)\n   Compiling psm v0.1.26\n   Compiling stacker v0.1.21\n   Compiling quote v1.0.40\n   Compiling syn v2.0.101\n   Compiling serde_derive v1.0.219\n   Compiling ref-cast-impl v1.0.24\n   Compiling automod v1.0.15\n   Compiling ntest_test_cases v0.9.3\n   Compiling ntest_timeout v0.9.3\n   Compiling ntest v0.9.3\n   Compiling serde_spanned v0.6.8\n   Compiling toml_datetime v0.6.9\n   Compiling serde_stacker v0.1.12\n   Compiling serde_bytes v0.11.17\n   Compiling toml_edit v0.22.26\n   Compiling toml v0.8.22\n   Compiling trybuild v1.0.104\nerror[E0407]: method `visit_number` is not a member of trait `Visitor`\n    --> src/value/de.rs:1525:5\n     |\n1525 |       fn visit_number(self, n: i64) -> Self::Value {\n     |       ^  ------------ help: there is an associated function with a similar name: `visit_none`\n     |  _____|\n     | |\n1526 | |         Ok(n)\n1527 | |     }\n     | |_____^ not a member of trait `Visitor`\n\nwarning: unused import: `ntest::timeout`\n    --> src/value/de.rs:1504:8\n     |\n1504 |    use ntest::timeout;\n     |        ^^^^^^^^^^^^^^\n     |\n     = note: `#[warn(unused_imports)]` on by default\n\nerror[E0049]: method `visit_unit` has 0 type parameters but its trait declaration has 1 type parameter\n    --> src/value/de.rs:1513:18\n     |\n1513 |       fn visit_unit(self) -> Self::Value {\n     |                    ^ found 0 type parameters\n     |\n    ::: /home/abezbm/.cargo/registry/src/index.crates.io-6f17d22bba15001f/serde-1.0.219/src/de/mod.rs:1625:5\n     |\n1625 | /     fn visit_unit<E>(self) -> Result<Self::Value, E>\n1626 | |     where\n1627 | |         E: Error,\n     | |_________________- expected 1 type parameter\n\nerror[E0049]: method `visit_bool` has 0 type parameters but its trait declaration has 1 type parameter\n    --> src/value/de.rs:1517:18\n     |\n1517 |       fn visit_bool(self, v: bool) -> Self::Value {\n     |                    ^ found 0 type parameters\n     |\n    ::: /home/abezbm/.cargo/registry/src/index.crates.io-6f17d22bba15001f/serde-1.0.219/src/de/mod.rs:1315:5\n     |\n1315 | /     fn visit_bool<E>(self, v: bool) -> Result<Self::Value, E>\n1316 | |     where\n1317 | |         E: Error,\n     | |_________________- expected 1 type parameter\n\nerror[E0049]: method `visit_string` has 0 type parameters but its trait declaration has 1 type parameter\n    --> src/value/de.rs:1521:20\n     |\n1521 |       fn visit_string(self, v: &str) -> Self::Value {\n     |                      ^ found 0 type parameters\n     |\n    ::: /home/abezbm/.cargo/registry/src/index.crates.io-6f17d22bba15001f/serde-1.0.219/src/de/mod.rs:1535:5\n     |\n1535 | /     fn visit_string<E>(self, v: String) -> Result<Self::Value, E>\n1536 | |     where\n1537 | |         E: Error,\n     | |_________________- expected 1 type parameter\n\nerror[E0046]: not all trait items implemented, missing: `expecting`\n    --> src/value/de.rs:1510:1\n     |\n1510 | impl<'de> Visitor<'de> for MockVisitor {\n     | ^^^^^^^^^^^^^^^^^^^^^^^^^^^^^^^^^^^^^^ missing `expecting` in implementation\n     |\n     = help: implement the missing item: `fn expecting(&self, _: &mut std::fmt::Formatter<'_>) -> std::result::Result<(), std::fmt::Error> { todo!() }`\n\nerror[E0369]: binary operation `==` cannot be applied to type `std::result::Result<std::result::Result<i64, error::Error>, error::Error>`\n    --> src/value/de.rs:1536:5\n     |\n1536 |     assert_eq!(result, Ok(1));\n     |     ^^^^^^^^^^^^^^^^^^^^^^^^^\n     |     |\n     |     std::result::Result<std::result::Result<i64, error::Error>, error::Error>\n     |     std::result::Result<{integer}, _>\n     |\nnote: the foreign item type `std::result::Result<std::result::Result<i64, error::Error>, error::Error>` doesn't implement `PartialEq<std::result::Result<{integer}, _>>`\n    --> /home/abezbm/.rustup/toolchains/nightly-2024-07-21-x86_64-unknown-linux-gnu/lib/rustlib/src/rust/library/core/src/result.rs:527:1\n     |\n527  | pub enum Result<T, E> {\n     | ^^^^^^^^^^^^^^^^^^^^^ not implement `PartialEq<std::result::Result<{integer}, _>>`\n     = note: this error originates in the macro `assert_eq` (in Nightly builds, run with -Z macro-backtrace for more info)\n\nSome errors have detailed explanations: E0046, E0049, E0369, E0407.\nFor more information about an error, try `rustc --explain E0046`.\nwarning: `serde_json` (lib test) generated 1 warning\nerror: could not compile `serde_json` (lib test) due to 6 previous errors; 1 warning emitted\n"
                }
              ],
              "repaired": [
                false
              ]
            },
            {
              "attrs": [],
              "prefix": [],
              "oracles": [],
              "codes": [
                [
                  "{",
                  "    let value = Value::Bool(false);",
                  "    let visitor = MockVisitor { value: None };",
                  "    let result = value.deserialize_any(visitor);",
                  "    assert_eq!(result, Ok(0));",
                  "}"
                ]
              ],
              "can_compile": [
                {
                  "Err": "   Compiling proc-macro2 v1.0.95\n   Compiling serde v1.0.219\n   Compiling syn v1.0.109\n   Compiling libc v0.2.172\n   Compiling serde_json v1.0.140\n   Compiling target-triple v0.1.4\n   Compiling ref-cast v1.0.24\n   Compiling rustversion v1.0.20\n   Compiling serde_json v1.0.140 (/home/abezbm/rust-utgen-test-crates-new/json)\n   Compiling psm v0.1.26\n   Compiling stacker v0.1.21\n   Compiling quote v1.0.40\n   Compiling syn v2.0.101\n   Compiling serde_derive v1.0.219\n   Compiling ref-cast-impl v1.0.24\n   Compiling automod v1.0.15\n   Compiling ntest_timeout v0.9.3\n   Compiling ntest_test_cases v0.9.3\n   Compiling ntest v0.9.3\n   Compiling serde_spanned v0.6.8\n   Compiling toml_datetime v0.6.9\n   Compiling serde_bytes v0.11.17\n   Compiling serde_stacker v0.1.12\n   Compiling toml_edit v0.22.26\n   Compiling toml v0.8.22\n   Compiling trybuild v1.0.104\nerror[E0407]: method `visit_number` is not a member of trait `Visitor`\n    --> src/value/de.rs:1525:5\n     |\n1525 |       fn visit_number(self, n: i64) -> Self::Value {\n     |       ^  ------------ help: there is an associated function with a similar name: `visit_none`\n     |  _____|\n     | |\n1526 | |         Ok(n)\n1527 | |     }\n     | |_____^ not a member of trait `Visitor`\n\nwarning: unused import: `ntest::timeout`\n    --> src/value/de.rs:1504:8\n     |\n1504 |    use ntest::timeout;\n     |        ^^^^^^^^^^^^^^\n     |\n     = note: `#[warn(unused_imports)]` on by default\n\nerror[E0049]: method `visit_unit` has 0 type parameters but its trait declaration has 1 type parameter\n    --> src/value/de.rs:1513:18\n     |\n1513 |       fn visit_unit(self) -> Self::Value {\n     |                    ^ found 0 type parameters\n     |\n    ::: /home/abezbm/.cargo/registry/src/index.crates.io-6f17d22bba15001f/serde-1.0.219/src/de/mod.rs:1625:5\n     |\n1625 | /     fn visit_unit<E>(self) -> Result<Self::Value, E>\n1626 | |     where\n1627 | |         E: Error,\n     | |_________________- expected 1 type parameter\n\nerror[E0049]: method `visit_bool` has 0 type parameters but its trait declaration has 1 type parameter\n    --> src/value/de.rs:1517:18\n     |\n1517 |       fn visit_bool(self, v: bool) -> Self::Value {\n     |                    ^ found 0 type parameters\n     |\n    ::: /home/abezbm/.cargo/registry/src/index.crates.io-6f17d22bba15001f/serde-1.0.219/src/de/mod.rs:1315:5\n     |\n1315 | /     fn visit_bool<E>(self, v: bool) -> Result<Self::Value, E>\n1316 | |     where\n1317 | |         E: Error,\n     | |_________________- expected 1 type parameter\n\nerror[E0049]: method `visit_string` has 0 type parameters but its trait declaration has 1 type parameter\n    --> src/value/de.rs:1521:20\n     |\n1521 |       fn visit_string(self, v: &str) -> Self::Value {\n     |                      ^ found 0 type parameters\n     |\n    ::: /home/abezbm/.cargo/registry/src/index.crates.io-6f17d22bba15001f/serde-1.0.219/src/de/mod.rs:1535:5\n     |\n1535 | /     fn visit_string<E>(self, v: String) -> Result<Self::Value, E>\n1536 | |     where\n1537 | |         E: Error,\n     | |_________________- expected 1 type parameter\n\nerror[E0046]: not all trait items implemented, missing: `expecting`\n    --> src/value/de.rs:1510:1\n     |\n1510 | impl<'de> Visitor<'de> for MockVisitor {\n     | ^^^^^^^^^^^^^^^^^^^^^^^^^^^^^^^^^^^^^^ missing `expecting` in implementation\n     |\n     = help: implement the missing item: `fn expecting(&self, _: &mut std::fmt::Formatter<'_>) -> std::result::Result<(), std::fmt::Error> { todo!() }`\n\nerror[E0369]: binary operation `==` cannot be applied to type `std::result::Result<std::result::Result<i64, error::Error>, error::Error>`\n    --> src/value/de.rs:1536:5\n     |\n1536 |     assert_eq!(result, Ok(0));\n     |     ^^^^^^^^^^^^^^^^^^^^^^^^^\n     |     |\n     |     std::result::Result<std::result::Result<i64, error::Error>, error::Error>\n     |     std::result::Result<{integer}, _>\n     |\nnote: the foreign item type `std::result::Result<std::result::Result<i64, error::Error>, error::Error>` doesn't implement `PartialEq<std::result::Result<{integer}, _>>`\n    --> /home/abezbm/.rustup/toolchains/nightly-2024-07-21-x86_64-unknown-linux-gnu/lib/rustlib/src/rust/library/core/src/result.rs:527:1\n     |\n527  | pub enum Result<T, E> {\n     | ^^^^^^^^^^^^^^^^^^^^^ not implement `PartialEq<std::result::Result<{integer}, _>>`\n     = note: this error originates in the macro `assert_eq` (in Nightly builds, run with -Z macro-backtrace for more info)\n\nSome errors have detailed explanations: E0046, E0049, E0369, E0407.\nFor more information about an error, try `rustc --explain E0046`.\nwarning: `serde_json` (lib test) generated 1 warning\nerror: could not compile `serde_json` (lib test) due to 6 previous errors; 1 warning emitted\n"
                }
              ],
              "repaired": [
                false
              ]
            },
            {
              "attrs": [],
              "prefix": [],
              "oracles": [],
              "codes": [
                [
                  "{",
                  "    let value = Value::Number(42);",
                  "    let visitor = MockVisitor { value: None };",
                  "    let result = value.deserialize_any(visitor);",
                  "    assert_eq!(result, Ok(42));",
                  "}"
                ]
              ],
              "can_compile": [
                {
                  "Err": "   Compiling proc-macro2 v1.0.95\n   Compiling serde v1.0.219\n   Compiling syn v1.0.109\n   Compiling libc v0.2.172\n   Compiling target-triple v0.1.4\n   Compiling serde_json v1.0.140\n   Compiling rustversion v1.0.20\n   Compiling ref-cast v1.0.24\n   Compiling serde_json v1.0.140 (/home/abezbm/rust-utgen-test-crates-new/json)\n   Compiling psm v0.1.26\n   Compiling stacker v0.1.21\n   Compiling quote v1.0.40\n   Compiling syn v2.0.101\n   Compiling serde_derive v1.0.219\n   Compiling ref-cast-impl v1.0.24\n   Compiling automod v1.0.15\n   Compiling ntest_timeout v0.9.3\n   Compiling ntest_test_cases v0.9.3\n   Compiling ntest v0.9.3\n   Compiling serde_spanned v0.6.8\n   Compiling toml_datetime v0.6.9\n   Compiling serde_stacker v0.1.12\n   Compiling serde_bytes v0.11.17\n   Compiling toml_edit v0.22.26\n   Compiling toml v0.8.22\n   Compiling trybuild v1.0.104\nerror[E0407]: method `visit_number` is not a member of trait `Visitor`\n    --> src/value/de.rs:1525:5\n     |\n1525 |       fn visit_number(self, n: i64) -> Self::Value {\n     |       ^  ------------ help: there is an associated function with a similar name: `visit_none`\n     |  _____|\n     | |\n1526 | |         Ok(n)\n1527 | |     }\n     | |_____^ not a member of trait `Visitor`\n\nwarning: unused import: `ntest::timeout`\n    --> src/value/de.rs:1504:8\n     |\n1504 |    use ntest::timeout;\n     |        ^^^^^^^^^^^^^^\n     |\n     = note: `#[warn(unused_imports)]` on by default\n\nerror[E0049]: method `visit_unit` has 0 type parameters but its trait declaration has 1 type parameter\n    --> src/value/de.rs:1513:18\n     |\n1513 |       fn visit_unit(self) -> Self::Value {\n     |                    ^ found 0 type parameters\n     |\n    ::: /home/abezbm/.cargo/registry/src/index.crates.io-6f17d22bba15001f/serde-1.0.219/src/de/mod.rs:1625:5\n     |\n1625 | /     fn visit_unit<E>(self) -> Result<Self::Value, E>\n1626 | |     where\n1627 | |         E: Error,\n     | |_________________- expected 1 type parameter\n\nerror[E0049]: method `visit_bool` has 0 type parameters but its trait declaration has 1 type parameter\n    --> src/value/de.rs:1517:18\n     |\n1517 |       fn visit_bool(self, v: bool) -> Self::Value {\n     |                    ^ found 0 type parameters\n     |\n    ::: /home/abezbm/.cargo/registry/src/index.crates.io-6f17d22bba15001f/serde-1.0.219/src/de/mod.rs:1315:5\n     |\n1315 | /     fn visit_bool<E>(self, v: bool) -> Result<Self::Value, E>\n1316 | |     where\n1317 | |         E: Error,\n     | |_________________- expected 1 type parameter\n\nerror[E0049]: method `visit_string` has 0 type parameters but its trait declaration has 1 type parameter\n    --> src/value/de.rs:1521:20\n     |\n1521 |       fn visit_string(self, v: &str) -> Self::Value {\n     |                      ^ found 0 type parameters\n     |\n    ::: /home/abezbm/.cargo/registry/src/index.crates.io-6f17d22bba15001f/serde-1.0.219/src/de/mod.rs:1535:5\n     |\n1535 | /     fn visit_string<E>(self, v: String) -> Result<Self::Value, E>\n1536 | |     where\n1537 | |         E: Error,\n     | |_________________- expected 1 type parameter\n\nerror[E0046]: not all trait items implemented, missing: `expecting`\n    --> src/value/de.rs:1510:1\n     |\n1510 | impl<'de> Visitor<'de> for MockVisitor {\n     | ^^^^^^^^^^^^^^^^^^^^^^^^^^^^^^^^^^^^^^ missing `expecting` in implementation\n     |\n     = help: implement the missing item: `fn expecting(&self, _: &mut std::fmt::Formatter<'_>) -> std::result::Result<(), std::fmt::Error> { todo!() }`\n\nerror[E0308]: mismatched types\n    --> src/value/de.rs:1533:31\n     |\n1533 |     let value = Value::Number(42);\n     |                 ------------- ^^ expected `Number`, found integer\n     |                 |\n     |                 arguments to this enum variant are incorrect\n     |\nnote: tuple variant defined here\n    --> src/value/mod.rs:142:5\n     |\n142  |     Number(Number),\n     |     ^^^^^^\n\nerror[E0369]: binary operation `==` cannot be applied to type `std::result::Result<std::result::Result<i64, error::Error>, error::Error>`\n    --> src/value/de.rs:1536:5\n     |\n1536 |     assert_eq!(result, Ok(42));\n     |     ^^^^^^^^^^^^^^^^^^^^^^^^^^\n     |     |\n     |     std::result::Result<std::result::Result<i64, error::Error>, error::Error>\n     |     std::result::Result<{integer}, _>\n     |\nnote: the foreign item type `std::result::Result<std::result::Result<i64, error::Error>, error::Error>` doesn't implement `PartialEq<std::result::Result<{integer}, _>>`\n    --> /home/abezbm/.rustup/toolchains/nightly-2024-07-21-x86_64-unknown-linux-gnu/lib/rustlib/src/rust/library/core/src/result.rs:527:1\n     |\n527  | pub enum Result<T, E> {\n     | ^^^^^^^^^^^^^^^^^^^^^ not implement `PartialEq<std::result::Result<{integer}, _>>`\n     = note: this error originates in the macro `assert_eq` (in Nightly builds, run with -Z macro-backtrace for more info)\n\nSome errors have detailed explanations: E0046, E0049, E0308, E0369, E0407.\nFor more information about an error, try `rustc --explain E0046`.\nwarning: `serde_json` (lib test) generated 1 warning\nerror: could not compile `serde_json` (lib test) due to 7 previous errors; 1 warning emitted\n"
                }
              ],
              "repaired": [
                false
              ]
            },
            {
              "attrs": [
                "#[cfg(any(feature = \"std\", feature = \"alloc\"))]"
              ],
              "prefix": [],
              "oracles": [],
              "codes": [
                [
                  "{",
                  "    let value = Value::String(\"123\".to_string());",
                  "    let visitor = MockVisitor { value: None };",
                  "    let result = value.deserialize_any(visitor);",
                  "    assert_eq!(result, Ok(123));",
                  "}"
                ]
              ],
              "can_compile": [
                {
                  "Err": "   Compiling proc-macro2 v1.0.95\n   Compiling serde v1.0.219\n   Compiling syn v1.0.109\n   Compiling libc v0.2.172\n   Compiling target-triple v0.1.4\n   Compiling serde_json v1.0.140\n   Compiling rustversion v1.0.20\n   Compiling ref-cast v1.0.24\n   Compiling serde_json v1.0.140 (/home/abezbm/rust-utgen-test-crates-new/json)\n   Compiling psm v0.1.26\n   Compiling stacker v0.1.21\n   Compiling quote v1.0.40\n   Compiling syn v2.0.101\n   Compiling serde_derive v1.0.219\n   Compiling ref-cast-impl v1.0.24\n   Compiling automod v1.0.15\n   Compiling ntest_timeout v0.9.3\n   Compiling ntest_test_cases v0.9.3\n   Compiling ntest v0.9.3\n   Compiling serde_spanned v0.6.8\n   Compiling toml_datetime v0.6.9\n   Compiling serde_bytes v0.11.17\n   Compiling serde_stacker v0.1.12\n   Compiling toml_edit v0.22.26\n   Compiling toml v0.8.22\n   Compiling trybuild v1.0.104\nerror[E0407]: method `visit_number` is not a member of trait `Visitor`\n    --> src/value/de.rs:1525:5\n     |\n1525 |       fn visit_number(self, n: i64) -> Self::Value {\n     |       ^  ------------ help: there is an associated function with a similar name: `visit_none`\n     |  _____|\n     | |\n1526 | |         Ok(n)\n1527 | |     }\n     | |_____^ not a member of trait `Visitor`\n\nwarning: unused import: `ntest::timeout`\n    --> src/value/de.rs:1504:8\n     |\n1504 |    use ntest::timeout;\n     |        ^^^^^^^^^^^^^^\n     |\n     = note: `#[warn(unused_imports)]` on by default\n\nerror[E0049]: method `visit_unit` has 0 type parameters but its trait declaration has 1 type parameter\n    --> src/value/de.rs:1513:18\n     |\n1513 |       fn visit_unit(self) -> Self::Value {\n     |                    ^ found 0 type parameters\n     |\n    ::: /home/abezbm/.cargo/registry/src/index.crates.io-6f17d22bba15001f/serde-1.0.219/src/de/mod.rs:1625:5\n     |\n1625 | /     fn visit_unit<E>(self) -> Result<Self::Value, E>\n1626 | |     where\n1627 | |         E: Error,\n     | |_________________- expected 1 type parameter\n\nerror[E0049]: method `visit_bool` has 0 type parameters but its trait declaration has 1 type parameter\n    --> src/value/de.rs:1517:18\n     |\n1517 |       fn visit_bool(self, v: bool) -> Self::Value {\n     |                    ^ found 0 type parameters\n     |\n    ::: /home/abezbm/.cargo/registry/src/index.crates.io-6f17d22bba15001f/serde-1.0.219/src/de/mod.rs:1315:5\n     |\n1315 | /     fn visit_bool<E>(self, v: bool) -> Result<Self::Value, E>\n1316 | |     where\n1317 | |         E: Error,\n     | |_________________- expected 1 type parameter\n\nerror[E0049]: method `visit_string` has 0 type parameters but its trait declaration has 1 type parameter\n    --> src/value/de.rs:1521:20\n     |\n1521 |       fn visit_string(self, v: &str) -> Self::Value {\n     |                      ^ found 0 type parameters\n     |\n    ::: /home/abezbm/.cargo/registry/src/index.crates.io-6f17d22bba15001f/serde-1.0.219/src/de/mod.rs:1535:5\n     |\n1535 | /     fn visit_string<E>(self, v: String) -> Result<Self::Value, E>\n1536 | |     where\n1537 | |         E: Error,\n     | |_________________- expected 1 type parameter\n\nerror[E0046]: not all trait items implemented, missing: `expecting`\n    --> src/value/de.rs:1510:1\n     |\n1510 | impl<'de> Visitor<'de> for MockVisitor {\n     | ^^^^^^^^^^^^^^^^^^^^^^^^^^^^^^^^^^^^^^ missing `expecting` in implementation\n     |\n     = help: implement the missing item: `fn expecting(&self, _: &mut std::fmt::Formatter<'_>) -> std::result::Result<(), std::fmt::Error> { todo!() }`\n\nerror[E0369]: binary operation `==` cannot be applied to type `std::result::Result<std::result::Result<i64, error::Error>, error::Error>`\n    --> src/value/de.rs:1537:5\n     |\n1537 |     assert_eq!(result, Ok(123));\n     |     ^^^^^^^^^^^^^^^^^^^^^^^^^^^\n     |     |\n     |     std::result::Result<std::result::Result<i64, error::Error>, error::Error>\n     |     std::result::Result<{integer}, _>\n     |\nnote: the foreign item type `std::result::Result<std::result::Result<i64, error::Error>, error::Error>` doesn't implement `PartialEq<std::result::Result<{integer}, _>>`\n    --> /home/abezbm/.rustup/toolchains/nightly-2024-07-21-x86_64-unknown-linux-gnu/lib/rustlib/src/rust/library/core/src/result.rs:527:1\n     |\n527  | pub enum Result<T, E> {\n     | ^^^^^^^^^^^^^^^^^^^^^ not implement `PartialEq<std::result::Result<{integer}, _>>`\n     = note: this error originates in the macro `assert_eq` (in Nightly builds, run with -Z macro-backtrace for more info)\n\nSome errors have detailed explanations: E0046, E0049, E0369, E0407.\nFor more information about an error, try `rustc --explain E0046`.\nwarning: `serde_json` (lib test) generated 1 warning\nerror: could not compile `serde_json` (lib test) due to 6 previous errors; 1 warning emitted\n"
                }
              ],
              "repaired": [
                false
              ]
            },
            {
              "attrs": [],
              "prefix": [],
              "oracles": [],
              "codes": [
                [
                  "{",
                  "    let value = Value::Array(vec![]);",
                  "    let visitor = MockVisitor { value: None };",
                  "    let result = value.deserialize_any(visitor);",
                  "    // Assuming visit_array returns a Result::Ok(...)",
                  "    assert!(result.is_ok());",
                  "}"
                ]
              ],
              "can_compile": [
                {
                  "Err": "   Compiling proc-macro2 v1.0.95\n   Compiling serde v1.0.219\n   Compiling syn v1.0.109\n   Compiling libc v0.2.172\n   Compiling serde_json v1.0.140\n   Compiling target-triple v0.1.4\n   Compiling ref-cast v1.0.24\n   Compiling rustversion v1.0.20\n   Compiling serde_json v1.0.140 (/home/abezbm/rust-utgen-test-crates-new/json)\n   Compiling psm v0.1.26\n   Compiling stacker v0.1.21\n   Compiling quote v1.0.40\n   Compiling syn v2.0.101\n   Compiling serde_derive v1.0.219\n   Compiling ref-cast-impl v1.0.24\n   Compiling automod v1.0.15\n   Compiling ntest_timeout v0.9.3\n   Compiling ntest_test_cases v0.9.3\n   Compiling ntest v0.9.3\n   Compiling toml_datetime v0.6.9\n   Compiling serde_spanned v0.6.8\n   Compiling serde_bytes v0.11.17\n   Compiling serde_stacker v0.1.12\n   Compiling toml_edit v0.22.26\n   Compiling toml v0.8.22\n   Compiling trybuild v1.0.104\nerror[E0407]: method `visit_number` is not a member of trait `Visitor`\n    --> src/value/de.rs:1525:5\n     |\n1525 |       fn visit_number(self, n: i64) -> Self::Value {\n     |       ^  ------------ help: there is an associated function with a similar name: `visit_none`\n     |  _____|\n     | |\n1526 | |         Ok(n)\n1527 | |     }\n     | |_____^ not a member of trait `Visitor`\n\nwarning: unused import: `ntest::timeout`\n    --> src/value/de.rs:1504:8\n     |\n1504 |    use ntest::timeout;\n     |        ^^^^^^^^^^^^^^\n     |\n     = note: `#[warn(unused_imports)]` on by default\n\nerror[E0049]: method `visit_unit` has 0 type parameters but its trait declaration has 1 type parameter\n    --> src/value/de.rs:1513:18\n     |\n1513 |       fn visit_unit(self) -> Self::Value {\n     |                    ^ found 0 type parameters\n     |\n    ::: /home/abezbm/.cargo/registry/src/index.crates.io-6f17d22bba15001f/serde-1.0.219/src/de/mod.rs:1625:5\n     |\n1625 | /     fn visit_unit<E>(self) -> Result<Self::Value, E>\n1626 | |     where\n1627 | |         E: Error,\n     | |_________________- expected 1 type parameter\n\nerror[E0049]: method `visit_bool` has 0 type parameters but its trait declaration has 1 type parameter\n    --> src/value/de.rs:1517:18\n     |\n1517 |       fn visit_bool(self, v: bool) -> Self::Value {\n     |                    ^ found 0 type parameters\n     |\n    ::: /home/abezbm/.cargo/registry/src/index.crates.io-6f17d22bba15001f/serde-1.0.219/src/de/mod.rs:1315:5\n     |\n1315 | /     fn visit_bool<E>(self, v: bool) -> Result<Self::Value, E>\n1316 | |     where\n1317 | |         E: Error,\n     | |_________________- expected 1 type parameter\n\nerror[E0049]: method `visit_string` has 0 type parameters but its trait declaration has 1 type parameter\n    --> src/value/de.rs:1521:20\n     |\n1521 |       fn visit_string(self, v: &str) -> Self::Value {\n     |                      ^ found 0 type parameters\n     |\n    ::: /home/abezbm/.cargo/registry/src/index.crates.io-6f17d22bba15001f/serde-1.0.219/src/de/mod.rs:1535:5\n     |\n1535 | /     fn visit_string<E>(self, v: String) -> Result<Self::Value, E>\n1536 | |     where\n1537 | |         E: Error,\n     | |_________________- expected 1 type parameter\n\nerror[E0046]: not all trait items implemented, missing: `expecting`\n    --> src/value/de.rs:1510:1\n     |\n1510 | impl<'de> Visitor<'de> for MockVisitor {\n     | ^^^^^^^^^^^^^^^^^^^^^^^^^^^^^^^^^^^^^^ missing `expecting` in implementation\n     |\n     = help: implement the missing item: `fn expecting(&self, _: &mut std::fmt::Formatter<'_>) -> std::result::Result<(), std::fmt::Error> { todo!() }`\n\nSome errors have detailed explanations: E0046, E0049, E0407.\nFor more information about an error, try `rustc --explain E0046`.\nwarning: `serde_json` (lib test) generated 1 warning\nerror: could not compile `serde_json` (lib test) due to 5 previous errors; 1 warning emitted\n"
                }
              ],
              "repaired": [
                false
              ]
            },
            {
              "attrs": [],
              "prefix": [],
              "oracles": [],
              "codes": [
                [
                  "{",
                  "    let value = Value::Object(vec![/* mock objects here */]);",
                  "    let visitor = MockVisitor { value: None };",
                  "    let result = value.deserialize_any(visitor);",
                  "    // Assuming Object has a similar deserialize_any method that we would test against",
                  "    assert!(result.is_ok());",
                  "}"
                ]
              ],
              "can_compile": [
                {
                  "Err": "   Compiling proc-macro2 v1.0.95\n   Compiling serde v1.0.219\n   Compiling syn v1.0.109\n   Compiling libc v0.2.172\n   Compiling serde_json v1.0.140\n   Compiling target-triple v0.1.4\n   Compiling ref-cast v1.0.24\n   Compiling rustversion v1.0.20\n   Compiling serde_json v1.0.140 (/home/abezbm/rust-utgen-test-crates-new/json)\n   Compiling psm v0.1.26\n   Compiling stacker v0.1.21\n   Compiling quote v1.0.40\n   Compiling syn v2.0.101\n   Compiling serde_derive v1.0.219\n   Compiling ref-cast-impl v1.0.24\n   Compiling automod v1.0.15\n   Compiling ntest_test_cases v0.9.3\n   Compiling ntest_timeout v0.9.3\n   Compiling ntest v0.9.3\n   Compiling serde_spanned v0.6.8\n   Compiling toml_datetime v0.6.9\n   Compiling serde_stacker v0.1.12\n   Compiling serde_bytes v0.11.17\n   Compiling toml_edit v0.22.26\n   Compiling toml v0.8.22\n   Compiling trybuild v1.0.104\nerror[E0407]: method `visit_number` is not a member of trait `Visitor`\n    --> src/value/de.rs:1525:5\n     |\n1525 |       fn visit_number(self, n: i64) -> Self::Value {\n     |       ^  ------------ help: there is an associated function with a similar name: `visit_none`\n     |  _____|\n     | |\n1526 | |         Ok(n)\n1527 | |     }\n     | |_____^ not a member of trait `Visitor`\n\nwarning: unused import: `ntest::timeout`\n    --> src/value/de.rs:1504:8\n     |\n1504 |    use ntest::timeout;\n     |        ^^^^^^^^^^^^^^\n     |\n     = note: `#[warn(unused_imports)]` on by default\n\nerror[E0049]: method `visit_unit` has 0 type parameters but its trait declaration has 1 type parameter\n    --> src/value/de.rs:1513:18\n     |\n1513 |       fn visit_unit(self) -> Self::Value {\n     |                    ^ found 0 type parameters\n     |\n    ::: /home/abezbm/.cargo/registry/src/index.crates.io-6f17d22bba15001f/serde-1.0.219/src/de/mod.rs:1625:5\n     |\n1625 | /     fn visit_unit<E>(self) -> Result<Self::Value, E>\n1626 | |     where\n1627 | |         E: Error,\n     | |_________________- expected 1 type parameter\n\nerror[E0049]: method `visit_bool` has 0 type parameters but its trait declaration has 1 type parameter\n    --> src/value/de.rs:1517:18\n     |\n1517 |       fn visit_bool(self, v: bool) -> Self::Value {\n     |                    ^ found 0 type parameters\n     |\n    ::: /home/abezbm/.cargo/registry/src/index.crates.io-6f17d22bba15001f/serde-1.0.219/src/de/mod.rs:1315:5\n     |\n1315 | /     fn visit_bool<E>(self, v: bool) -> Result<Self::Value, E>\n1316 | |     where\n1317 | |         E: Error,\n     | |_________________- expected 1 type parameter\n\nerror[E0049]: method `visit_string` has 0 type parameters but its trait declaration has 1 type parameter\n    --> src/value/de.rs:1521:20\n     |\n1521 |       fn visit_string(self, v: &str) -> Self::Value {\n     |                      ^ found 0 type parameters\n     |\n    ::: /home/abezbm/.cargo/registry/src/index.crates.io-6f17d22bba15001f/serde-1.0.219/src/de/mod.rs:1535:5\n     |\n1535 | /     fn visit_string<E>(self, v: String) -> Result<Self::Value, E>\n1536 | |     where\n1537 | |         E: Error,\n     | |_________________- expected 1 type parameter\n\nerror[E0046]: not all trait items implemented, missing: `expecting`\n    --> src/value/de.rs:1510:1\n     |\n1510 | impl<'de> Visitor<'de> for MockVisitor {\n     | ^^^^^^^^^^^^^^^^^^^^^^^^^^^^^^^^^^^^^^ missing `expecting` in implementation\n     |\n     = help: implement the missing item: `fn expecting(&self, _: &mut std::fmt::Formatter<'_>) -> std::result::Result<(), std::fmt::Error> { todo!() }`\n\nerror[E0308]: mismatched types\n    --> src/value/de.rs:1533:31\n     |\n1533 |     let value = Value::Object(vec![/* mock objects here */]);\n     |                 ------------- ^^^^^^^^^^^^^^^^^^^^^^^^^^^^^ expected `Map<String, Value>`, found `Vec<_>`\n     |                 |\n     |                 arguments to this enum variant are incorrect\n     |\n     = note: expected struct `map::Map<std::string::String, value::Value>`\n                found struct `Vec<_>`\nnote: tuple variant defined here\n    --> src/value/mod.rs:175:5\n     |\n175  |     Object(Map<String, Value>),\n     |     ^^^^^^\n\nSome errors have detailed explanations: E0046, E0049, E0308, E0407.\nFor more information about an error, try `rustc --explain E0046`.\nwarning: `serde_json` (lib test) generated 1 warning\nerror: could not compile `serde_json` (lib test) due to 6 previous errors; 1 warning emitted\n"
                }
              ],
              "repaired": [
                false
              ]
            }
          ]
        }
      ]
    },
    {
      "chain_id": 5,
      "prompt_conds": [
        "// constraint: self matches Value::Bool(v) is true\n",
        "// constraint: self matches Value::Bool(v) is true\n"
      ],
      "input_infer": "",
      "answers": [
        {
          "uses": [
            "use serde_json::Value;",
            "use serde::de::Visitor;",
            "use serde::de::Deserialize;"
          ],
          "has_test_mod": false,
          "common": [],
          "chain_tests": [
            {
              "attrs": [],
              "prefix": [],
              "oracles": [],
              "codes": [
                [
                  "{",
                  "    use serde_json::Value;",
                  "    use serde::de::Visitor;",
                  "    use serde::de::Deserialize;",
                  "",
                  "    struct BoolVisitor;",
                  "",
                  "    impl<'de> Visitor<'de> for BoolVisitor {",
                  "        type Value = bool;",
                  "",
                  "        fn visit_bool<E>(self, value: bool) -> Result<Self::Value, E> {",
                  "            assert_eq!(value, true);",
                  "            Ok(value)",
                  "        }",
                  "",
                  "        fn visit_unit<E>(self) -> Result<Self::Value, E> {",
                  "            panic!(\"Expected a boolean value, but found null.\");",
                  "        }",
                  "",
                  "        fn visit_string<E>(self, _value: String) -> Result<Self::Value, E> {",
                  "            panic!(\"Expected a boolean value, but found a string.\");",
                  "        }",
                  "",
                  "        fn visit_array<E>(self, _value: &[Self::Value]) -> Result<Self::Value, E> {",
                  "            panic!(\"Expected a boolean value, but found an array.\");",
                  "        }",
                  "",
                  "        fn visit_object<E>(self, _value: &serde_json::Map<String, Value>) -> Result<Self::Value, E> {",
                  "            panic!(\"Expected a boolean value, but found an object.\");",
                  "        }",
                  "    }",
                  "",
                  "    let value = Value::Bool(true);",
                  "    let result = value.deserialize_any(BoolVisitor);",
                  "    assert_eq!(result, Ok(true));",
                  "}"
                ]
              ],
              "can_compile": [
                {
                  "Err": "   Compiling proc-macro2 v1.0.95\n   Compiling serde v1.0.219\n   Compiling syn v1.0.109\n   Compiling libc v0.2.172\n   Compiling serde_json v1.0.140\n   Compiling target-triple v0.1.4\n   Compiling ref-cast v1.0.24\n   Compiling rustversion v1.0.20\n   Compiling serde_json v1.0.140 (/home/abezbm/rust-utgen-test-crates-new/json)\n   Compiling psm v0.1.26\n   Compiling stacker v0.1.21\n   Compiling quote v1.0.40\n   Compiling syn v2.0.101\n   Compiling serde_derive v1.0.219\n   Compiling ref-cast-impl v1.0.24\n   Compiling automod v1.0.15\n   Compiling ntest_timeout v0.9.3\n   Compiling ntest_test_cases v0.9.3\n   Compiling ntest v0.9.3\n   Compiling toml_datetime v0.6.9\n   Compiling serde_spanned v0.6.8\n   Compiling serde_bytes v0.11.17\n   Compiling serde_stacker v0.1.12\n   Compiling toml_edit v0.22.26\n   Compiling toml v0.8.22\n   Compiling trybuild v1.0.104\nerror[E0432]: unresolved import `serde_json`\n    --> src/value/de.rs:1508:9\n     |\n1508 |     use serde_json::Value;\n     |         ^^^^^^^^^^ use of undeclared crate or module `serde_json`\n\nerror[E0407]: method `visit_array` is not a member of trait `Visitor`\n    --> src/value/de.rs:1530:9\n     |\n1530 | /         fn visit_array<E>(self, _value: &[Self::Value]) -> Result<Self::Value, E> {\n1531 | |             panic!(\"Expected a boolean value, but found an array.\");\n1532 | |         }\n     | |_________^ not a member of trait `Visitor`\n\nerror[E0407]: method `visit_object` is not a member of trait `Visitor`\n    --> src/value/de.rs:1534:9\n     |\n1534 | /         fn visit_object<E>(self, _value: &serde_json::Map<String, Value>) -> Result<Self::Value, E> {\n1535 | |             panic!(\"Expected a boolean value, but found an object.\");\n1536 | |         }\n     | |_________^ not a member of trait `Visitor`\n\nwarning: unused import: `ntest::timeout`\n    --> src/value/de.rs:1504:8\n     |\n1504 |    use ntest::timeout;\n     |        ^^^^^^^^^^^^^^\n     |\n     = note: `#[warn(unused_imports)]` on by default\n\nwarning: unused import: `serde::de::Deserialize`\n    --> src/value/de.rs:1510:9\n     |\n1510 |     use serde::de::Deserialize;\n     |         ^^^^^^^^^^^^^^^^^^^^^^\n\nerror[E0046]: not all trait items implemented, missing: `expecting`\n    --> src/value/de.rs:1514:5\n     |\n1514 |     impl<'de> Visitor<'de> for BoolVisitor {\n     |     ^^^^^^^^^^^^^^^^^^^^^^^^^^^^^^^^^^^^^^ missing `expecting` in implementation\n     |\n     = help: implement the missing item: `fn expecting(&self, _: &mut std::fmt::Formatter<'_>) -> std::result::Result<(), std::fmt::Error> { todo!() }`\n\nerror[E0433]: failed to resolve: use of undeclared crate or module `serde_json`\n    --> src/value/de.rs:1534:43\n     |\n1534 |         fn visit_object<E>(self, _value: &serde_json::Map<String, Value>) -> Result<Self::Value, E> {\n     |                                           ^^^^^^^^^^ use of undeclared crate or module `serde_json`\n\nSome errors have detailed explanations: E0046, E0407, E0432, E0433.\nFor more information about an error, try `rustc --explain E0046`.\nwarning: `serde_json` (lib test) generated 2 warnings\nerror: could not compile `serde_json` (lib test) due to 5 previous errors; 2 warnings emitted\n"
                }
              ],
              "repaired": [
                false
              ]
            },
            {
              "attrs": [],
              "prefix": [],
              "oracles": [],
              "codes": [
                [
                  "{",
                  "    use serde_json::Value;",
                  "    use serde::de::Visitor;",
                  "",
                  "    struct BoolVisitor;",
                  "",
                  "    impl<'de> Visitor<'de> for BoolVisitor {",
                  "        type Value = bool;",
                  "",
                  "        fn visit_bool<E>(self, value: bool) -> Result<Self::Value, E> {",
                  "            assert_eq!(value, false);",
                  "            Ok(value)",
                  "        }",
                  "",
                  "        fn visit_unit<E>(self) -> Result<Self::Value, E> {",
                  "            panic!(\"Expected a boolean value, but found null.\");",
                  "        }",
                  "",
                  "        fn visit_string<E>(self, _value: String) -> Result<Self::Value, E> {",
                  "            panic!(\"Expected a boolean value, but found a string.\");",
                  "        }",
                  "",
                  "        fn visit_array<E>(self, _value: &[Self::Value]) -> Result<Self::Value, E> {",
                  "            panic!(\"Expected a boolean value, but found an array.\");",
                  "        }",
                  "",
                  "        fn visit_object<E>(self, _value: &serde_json::Map<String, Value>) -> Result<Self::Value, E> {",
                  "            panic!(\"Expected a boolean value, but found an object.\");",
                  "        }",
                  "    }",
                  "",
                  "    let value = Value::Bool(false);",
                  "    let result = value.deserialize_any(BoolVisitor);",
                  "    assert_eq!(result, Ok(false));",
                  "}"
                ]
              ],
              "can_compile": [
                {
                  "Err": "   Compiling proc-macro2 v1.0.95\n   Compiling serde v1.0.219\n   Compiling syn v1.0.109\n   Compiling libc v0.2.172\n   Compiling serde_json v1.0.140\n   Compiling target-triple v0.1.4\n   Compiling ref-cast v1.0.24\n   Compiling rustversion v1.0.20\n   Compiling serde_json v1.0.140 (/home/abezbm/rust-utgen-test-crates-new/json)\n   Compiling psm v0.1.26\n   Compiling stacker v0.1.21\n   Compiling quote v1.0.40\n   Compiling syn v2.0.101\n   Compiling serde_derive v1.0.219\n   Compiling ref-cast-impl v1.0.24\n   Compiling automod v1.0.15\n   Compiling ntest_timeout v0.9.3\n   Compiling ntest_test_cases v0.9.3\n   Compiling ntest v0.9.3\n   Compiling serde_spanned v0.6.8\n   Compiling toml_datetime v0.6.9\n   Compiling serde_bytes v0.11.17\n   Compiling serde_stacker v0.1.12\n   Compiling toml_edit v0.22.26\n   Compiling toml v0.8.22\n   Compiling trybuild v1.0.104\nerror[E0432]: unresolved import `serde_json`\n    --> src/value/de.rs:1508:9\n     |\n1508 |     use serde_json::Value;\n     |         ^^^^^^^^^^ use of undeclared crate or module `serde_json`\n\nerror[E0407]: method `visit_array` is not a member of trait `Visitor`\n    --> src/value/de.rs:1529:9\n     |\n1529 | /         fn visit_array<E>(self, _value: &[Self::Value]) -> Result<Self::Value, E> {\n1530 | |             panic!(\"Expected a boolean value, but found an array.\");\n1531 | |         }\n     | |_________^ not a member of trait `Visitor`\n\nerror[E0407]: method `visit_object` is not a member of trait `Visitor`\n    --> src/value/de.rs:1533:9\n     |\n1533 | /         fn visit_object<E>(self, _value: &serde_json::Map<String, Value>) -> Result<Self::Value, E> {\n1534 | |             panic!(\"Expected a boolean value, but found an object.\");\n1535 | |         }\n     | |_________^ not a member of trait `Visitor`\n\nwarning: unused import: `ntest::timeout`\n    --> src/value/de.rs:1504:8\n     |\n1504 |    use ntest::timeout;\n     |        ^^^^^^^^^^^^^^\n     |\n     = note: `#[warn(unused_imports)]` on by default\n\nerror[E0046]: not all trait items implemented, missing: `expecting`\n    --> src/value/de.rs:1513:5\n     |\n1513 |     impl<'de> Visitor<'de> for BoolVisitor {\n     |     ^^^^^^^^^^^^^^^^^^^^^^^^^^^^^^^^^^^^^^ missing `expecting` in implementation\n     |\n     = help: implement the missing item: `fn expecting(&self, _: &mut std::fmt::Formatter<'_>) -> std::result::Result<(), std::fmt::Error> { todo!() }`\n\nerror[E0433]: failed to resolve: use of undeclared crate or module `serde_json`\n    --> src/value/de.rs:1533:43\n     |\n1533 |         fn visit_object<E>(self, _value: &serde_json::Map<String, Value>) -> Result<Self::Value, E> {\n     |                                           ^^^^^^^^^^ use of undeclared crate or module `serde_json`\n\nSome errors have detailed explanations: E0046, E0407, E0432, E0433.\nFor more information about an error, try `rustc --explain E0046`.\nwarning: `serde_json` (lib test) generated 1 warning\nerror: could not compile `serde_json` (lib test) due to 5 previous errors; 1 warning emitted\n"
                }
              ],
              "repaired": [
                false
              ]
            }
          ]
        }
      ]
    },
    {
      "chain_id": 6,
      "prompt_conds": [
        "// constraint: self matches Value::Null is true\n",
        "// constraint: self matches Value::Null is true\n"
      ],
      "input_infer": "",
      "answers": [
        {
          "uses": [
            "use serde::de::MapAccess;",
            "use serde_json::Value;",
            "use serde::de::Error;",
            "use serde::de::Visitor;"
          ],
          "has_test_mod": false,
          "common": [],
          "chain_tests": [
            {
              "attrs": [],
              "prefix": [],
              "oracles": [],
              "codes": [
                [
                  "{",
                  "    use serde_json::Value;",
                  "    use serde::de::Visitor;",
                  "    use serde::de::Error;",
                  "",
                  "    struct TestVisitor;",
                  "",
                  "    impl<'de> Visitor<'de> for TestVisitor {",
                  "        type Value = ();",
                  "",
                  "        fn visit_unit(self) -> Result<Self::Value, Error> {",
                  "            Ok(())",
                  "        }",
                  "",
                  "        fn visit_bool(self, _: bool) -> Result<Self::Value, Error> {",
                  "            panic!(\"Should not receive a bool\");",
                  "        }",
                  "",
                  "        fn visit_string(self, _: String) -> Result<Self::Value, Error> {",
                  "            panic!(\"Should not receive a string\");",
                  "        }",
                  "",
                  "        fn visit_array(self, _: Vec<Self::Value>) -> Result<Self::Value, Error> {",
                  "            panic!(\"Should not receive an array\");",
                  "        }",
                  "",
                  "        fn visit_object<V>(self, _: V) -> Result<Self::Value, Error>",
                  "        where",
                  "            V: serde::de::MapAccess<'de>,",
                  "        {",
                  "            panic!(\"Should not receive an object\");",
                  "        }",
                  "",
                  "        fn visit_number(self, _: serde_json::Number) -> Result<Self::Value, Error> {",
                  "            panic!(\"Should not receive a number\");",
                  "        }",
                  "    }",
                  "",
                  "    let value = Value::Null;",
                  "    let visitor = TestVisitor;",
                  "    let result = value.deserialize_any(visitor);",
                  "    assert!(result.is_ok());",
                  "}"
                ]
              ],
              "can_compile": [
                {
                  "Err": "   Compiling proc-macro2 v1.0.95\n   Compiling serde v1.0.219\n   Compiling syn v1.0.109\n   Compiling libc v0.2.172\n   Compiling target-triple v0.1.4\n   Compiling serde_json v1.0.140\n   Compiling rustversion v1.0.20\n   Compiling ref-cast v1.0.24\n   Compiling serde_json v1.0.140 (/home/abezbm/rust-utgen-test-crates-new/json)\n   Compiling psm v0.1.26\n   Compiling stacker v0.1.21\n   Compiling quote v1.0.40\n   Compiling syn v2.0.101\n   Compiling serde_derive v1.0.219\n   Compiling ref-cast-impl v1.0.24\n   Compiling automod v1.0.15\n   Compiling ntest_timeout v0.9.3\n   Compiling ntest_test_cases v0.9.3\n   Compiling ntest v0.9.3\n   Compiling toml_datetime v0.6.9\n   Compiling serde_spanned v0.6.8\n   Compiling serde_bytes v0.11.17\n   Compiling serde_stacker v0.1.12\n   Compiling toml_edit v0.22.26\n   Compiling toml v0.8.22\n   Compiling trybuild v1.0.104\nerror[E0432]: unresolved import `serde_json`\n    --> src/value/de.rs:1508:9\n     |\n1508 |     use serde_json::Value;\n     |         ^^^^^^^^^^ use of undeclared crate or module `serde_json`\n\nerror[E0407]: method `visit_array` is not a member of trait `Visitor`\n    --> src/value/de.rs:1529:9\n     |\n1529 | /         fn visit_array(self, _: Vec<Self::Value>) -> Result<Self::Value, Error> {\n1530 | |             panic!(\"Should not receive an array\");\n1531 | |         }\n     | |_________^ not a member of trait `Visitor`\n\nerror[E0407]: method `visit_object` is not a member of trait `Visitor`\n    --> src/value/de.rs:1533:9\n     |\n1533 | /         fn visit_object<V>(self, _: V) -> Result<Self::Value, Error>\n1534 | |         where\n1535 | |             V: serde::de::MapAccess<'de>,\n1536 | |         {\n1537 | |             panic!(\"Should not receive an object\");\n1538 | |         }\n     | |_________^ not a member of trait `Visitor`\n\nerror[E0407]: method `visit_number` is not a member of trait `Visitor`\n    --> src/value/de.rs:1540:9\n     |\n1540 |           fn visit_number(self, _: serde_json::Number) -> Result<Self::Value, Error> {\n     |           ^  ------------ help: there is an associated function with a similar name: `visit_none`\n     |  _________|\n     | |\n1541 | |             panic!(\"Should not receive a number\");\n1542 | |         }\n     | |_________^ not a member of trait `Visitor`\n\nwarning: unused import: `ntest::timeout`\n    --> src/value/de.rs:1504:8\n     |\n1504 |    use ntest::timeout;\n     |        ^^^^^^^^^^^^^^\n     |\n     = note: `#[warn(unused_imports)]` on by default\n\nerror[E0049]: method `visit_unit` has 0 type parameters but its trait declaration has 1 type parameter\n    --> src/value/de.rs:1517:22\n     |\n1517 |           fn visit_unit(self) -> Result<Self::Value, Error> {\n     |                        ^ found 0 type parameters\n     |\n    ::: /home/abezbm/.cargo/registry/src/index.crates.io-6f17d22bba15001f/serde-1.0.219/src/de/mod.rs:1625:5\n     |\n1625 | /     fn visit_unit<E>(self) -> Result<Self::Value, E>\n1626 | |     where\n1627 | |         E: Error,\n     | |_________________- expected 1 type parameter\n\nerror[E0049]: method `visit_bool` has 0 type parameters but its trait declaration has 1 type parameter\n    --> src/value/de.rs:1521:22\n     |\n1521 |           fn visit_bool(self, _: bool) -> Result<Self::Value, Error> {\n     |                        ^ found 0 type parameters\n     |\n    ::: /home/abezbm/.cargo/registry/src/index.crates.io-6f17d22bba15001f/serde-1.0.219/src/de/mod.rs:1315:5\n     |\n1315 | /     fn visit_bool<E>(self, v: bool) -> Result<Self::Value, E>\n1316 | |     where\n1317 | |         E: Error,\n     | |_________________- expected 1 type parameter\n\nerror[E0049]: method `visit_string` has 0 type parameters but its trait declaration has 1 type parameter\n    --> src/value/de.rs:1525:24\n     |\n1525 |           fn visit_string(self, _: String) -> Result<Self::Value, Error> {\n     |                          ^ found 0 type parameters\n     |\n    ::: /home/abezbm/.cargo/registry/src/index.crates.io-6f17d22bba15001f/serde-1.0.219/src/de/mod.rs:1535:5\n     |\n1535 | /     fn visit_string<E>(self, v: String) -> Result<Self::Value, E>\n1536 | |     where\n1537 | |         E: Error,\n     | |_________________- expected 1 type parameter\n\nerror[E0046]: not all trait items implemented, missing: `expecting`\n    --> src/value/de.rs:1514:5\n     |\n1514 |     impl<'de> Visitor<'de> for TestVisitor {\n     |     ^^^^^^^^^^^^^^^^^^^^^^^^^^^^^^^^^^^^^^ missing `expecting` in implementation\n     |\n     = help: implement the missing item: `fn expecting(&self, _: &mut std::fmt::Formatter<'_>) -> std::result::Result<(), std::fmt::Error> { todo!() }`\n\nerror[E0038]: the trait `serde::de::Error` cannot be made into an object\n    --> src/value/de.rs:1517:52\n     |\n1517 |         fn visit_unit(self) -> Result<Self::Value, Error> {\n     |                                                    ^^^^^ `serde::de::Error` cannot be made into an object\n     |\n     = note: the trait cannot be made into an object because it requires `Self: Sized`\n     = note: for a trait to be \"object safe\" it needs to allow building a vtable to allow the call to be resolvable dynamically; for more information visit <https://doc.rust-lang.org/reference/items/traits.html#object-safety>\n     = help: the following types implement the trait, consider defining an enum where each variant holds one of these types, implementing `serde::de::Error` for this new enum and using it instead:\n               error::Error\n               serde::de::value::Error\n               serde_json::Error\n               toml::de::Error\n               toml_edit::de::Error\n\nerror[E0277]: the size for values of type `(dyn serde::de::Error + 'static)` cannot be known at compilation time\n    --> src/value/de.rs:1517:32\n     |\n1517 |         fn visit_unit(self) -> Result<Self::Value, Error> {\n     |                                ^^^^^^^^^^^^^^^^^^^^^^^^^^ doesn't have a size known at compile-time\n     |\n     = help: the trait `Sized` is not implemented for `(dyn serde::de::Error + 'static)`\nnote: required by an implicit `Sized` bound in `std::result::Result`\n    --> /home/abezbm/.rustup/toolchains/nightly-2024-07-21-x86_64-unknown-linux-gnu/lib/rustlib/src/rust/library/core/src/result.rs:527:20\n     |\n527  | pub enum Result<T, E> {\n     |                    ^ required by the implicit `Sized` requirement on this type parameter in `Result`\n\nerror[E0038]: the trait `serde::de::Error` cannot be made into an object\n    --> src/value/de.rs:1521:61\n     |\n1521 |         fn visit_bool(self, _: bool) -> Result<Self::Value, Error> {\n     |                                                             ^^^^^ `serde::de::Error` cannot be made into an object\n     |\n     = note: the trait cannot be made into an object because it requires `Self: Sized`\n     = note: for a trait to be \"object safe\" it needs to allow building a vtable to allow the call to be resolvable dynamically; for more information visit <https://doc.rust-lang.org/reference/items/traits.html#object-safety>\n     = help: the following types implement the trait, consider defining an enum where each variant holds one of these types, implementing `serde::de::Error` for this new enum and using it instead:\n               error::Error\n               serde::de::value::Error\n               serde_json::Error\n               toml::de::Error\n               toml_edit::de::Error\n\nerror[E0277]: the size for values of type `(dyn serde::de::Error + 'static)` cannot be known at compilation time\n    --> src/value/de.rs:1521:41\n     |\n1521 |         fn visit_bool(self, _: bool) -> Result<Self::Value, Error> {\n     |                                         ^^^^^^^^^^^^^^^^^^^^^^^^^^ doesn't have a size known at compile-time\n     |\n     = help: the trait `Sized` is not implemented for `(dyn serde::de::Error + 'static)`\nnote: required by an implicit `Sized` bound in `std::result::Result`\n    --> /home/abezbm/.rustup/toolchains/nightly-2024-07-21-x86_64-unknown-linux-gnu/lib/rustlib/src/rust/library/core/src/result.rs:527:20\n     |\n527  | pub enum Result<T, E> {\n     |                    ^ required by the implicit `Sized` requirement on this type parameter in `Result`\n\nerror[E0038]: the trait `serde::de::Error` cannot be made into an object\n    --> src/value/de.rs:1525:65\n     |\n1525 |         fn visit_string(self, _: String) -> Result<Self::Value, Error> {\n     |                                                                 ^^^^^ `serde::de::Error` cannot be made into an object\n     |\n     = note: the trait cannot be made into an object because it requires `Self: Sized`\n     = note: for a trait to be \"object safe\" it needs to allow building a vtable to allow the call to be resolvable dynamically; for more information visit <https://doc.rust-lang.org/reference/items/traits.html#object-safety>\n     = help: the following types implement the trait, consider defining an enum where each variant holds one of these types, implementing `serde::de::Error` for this new enum and using it instead:\n               error::Error\n               serde::de::value::Error\n               serde_json::Error\n               toml::de::Error\n               toml_edit::de::Error\n\nerror[E0277]: the size for values of type `(dyn serde::de::Error + 'static)` cannot be known at compilation time\n    --> src/value/de.rs:1525:45\n     |\n1525 |         fn visit_string(self, _: String) -> Result<Self::Value, Error> {\n     |                                             ^^^^^^^^^^^^^^^^^^^^^^^^^^ doesn't have a size known at compile-time\n     |\n     = help: the trait `Sized` is not implemented for `(dyn serde::de::Error + 'static)`\nnote: required by an implicit `Sized` bound in `std::result::Result`\n    --> /home/abezbm/.rustup/toolchains/nightly-2024-07-21-x86_64-unknown-linux-gnu/lib/rustlib/src/rust/library/core/src/result.rs:527:20\n     |\n527  | pub enum Result<T, E> {\n     |                    ^ required by the implicit `Sized` requirement on this type parameter in `Result`\n\nerror[E0038]: the trait `serde::de::Error` cannot be made into an object\n    --> src/value/de.rs:1529:74\n     |\n1529 |         fn visit_array(self, _: Vec<Self::Value>) -> Result<Self::Value, Error> {\n     |                                                                          ^^^^^ `serde::de::Error` cannot be made into an object\n     |\n     = note: the trait cannot be made into an object because it requires `Self: Sized`\n     = note: for a trait to be \"object safe\" it needs to allow building a vtable to allow the call to be resolvable dynamically; for more information visit <https://doc.rust-lang.org/reference/items/traits.html#object-safety>\n     = help: the following types implement the trait, consider defining an enum where each variant holds one of these types, implementing `serde::de::Error` for this new enum and using it instead:\n               error::Error\n               serde::de::value::Error\n               serde_json::Error\n               toml::de::Error\n               toml_edit::de::Error\n\nerror[E0277]: the size for values of type `(dyn serde::de::Error + 'static)` cannot be known at compilation time\n    --> src/value/de.rs:1529:54\n     |\n1529 |         fn visit_array(self, _: Vec<Self::Value>) -> Result<Self::Value, Error> {\n     |                                                      ^^^^^^^^^^^^^^^^^^^^^^^^^^ doesn't have a size known at compile-time\n     |\n     = help: the trait `Sized` is not implemented for `(dyn serde::de::Error + 'static)`\nnote: required by an implicit `Sized` bound in `std::result::Result`\n    --> /home/abezbm/.rustup/toolchains/nightly-2024-07-21-x86_64-unknown-linux-gnu/lib/rustlib/src/rust/library/core/src/result.rs:527:20\n     |\n527  | pub enum Result<T, E> {\n     |                    ^ required by the implicit `Sized` requirement on this type parameter in `Result`\n\nerror[E0038]: the trait `serde::de::Error` cannot be made into an object\n    --> src/value/de.rs:1533:63\n     |\n1533 |         fn visit_object<V>(self, _: V) -> Result<Self::Value, Error>\n     |                                                               ^^^^^ `serde::de::Error` cannot be made into an object\n     |\n     = note: the trait cannot be made into an object because it requires `Self: Sized`\n     = note: for a trait to be \"object safe\" it needs to allow building a vtable to allow the call to be resolvable dynamically; for more information visit <https://doc.rust-lang.org/reference/items/traits.html#object-safety>\n     = help: the following types implement the trait, consider defining an enum where each variant holds one of these types, implementing `serde::de::Error` for this new enum and using it instead:\n               error::Error\n               serde::de::value::Error\n               serde_json::Error\n               toml::de::Error\n               toml_edit::de::Error\n\nerror[E0277]: the size for values of type `(dyn serde::de::Error + 'static)` cannot be known at compilation time\n    --> src/value/de.rs:1533:43\n     |\n1533 |         fn visit_object<V>(self, _: V) -> Result<Self::Value, Error>\n     |                                           ^^^^^^^^^^^^^^^^^^^^^^^^^^ doesn't have a size known at compile-time\n     |\n     = help: the trait `Sized` is not implemented for `(dyn serde::de::Error + 'static)`\nnote: required by an implicit `Sized` bound in `std::result::Result`\n    --> /home/abezbm/.rustup/toolchains/nightly-2024-07-21-x86_64-unknown-linux-gnu/lib/rustlib/src/rust/library/core/src/result.rs:527:20\n     |\n527  | pub enum Result<T, E> {\n     |                    ^ required by the implicit `Sized` requirement on this type parameter in `Result`\n\nerror[E0038]: the trait `serde::de::Error` cannot be made into an object\n    --> src/value/de.rs:1540:77\n     |\n1540 |         fn visit_number(self, _: serde_json::Number) -> Result<Self::Value, Error> {\n     |                                                                             ^^^^^ `serde::de::Error` cannot be made into an object\n     |\n     = note: the trait cannot be made into an object because it requires `Self: Sized`\n     = note: for a trait to be \"object safe\" it needs to allow building a vtable to allow the call to be resolvable dynamically; for more information visit <https://doc.rust-lang.org/reference/items/traits.html#object-safety>\n     = help: the following types implement the trait, consider defining an enum where each variant holds one of these types, implementing `serde::de::Error` for this new enum and using it instead:\n               error::Error\n               serde::de::value::Error\n               serde_json::Error\n               toml::de::Error\n               toml_edit::de::Error\n\nerror[E0277]: the size for values of type `(dyn serde::de::Error + 'static)` cannot be known at compilation time\n    --> src/value/de.rs:1540:57\n     |\n1540 |         fn visit_number(self, _: serde_json::Number) -> Result<Self::Value, Error> {\n     |                                                         ^^^^^^^^^^^^^^^^^^^^^^^^^^ doesn't have a size known at compile-time\n     |\n     = help: the trait `Sized` is not implemented for `(dyn serde::de::Error + 'static)`\nnote: required by an implicit `Sized` bound in `std::result::Result`\n    --> /home/abezbm/.rustup/toolchains/nightly-2024-07-21-x86_64-unknown-linux-gnu/lib/rustlib/src/rust/library/core/src/result.rs:527:20\n     |\n527  | pub enum Result<T, E> {\n     |                    ^ required by the implicit `Sized` requirement on this type parameter in `Result`\n\nerror[E0038]: the trait `serde::de::Error` cannot be made into an object\n    --> src/value/de.rs:1518:13\n     |\n1518 |             Ok(())\n     |             ^^ `serde::de::Error` cannot be made into an object\n     |\n     = note: the trait cannot be made into an object because it requires `Self: Sized`\n     = note: for a trait to be \"object safe\" it needs to allow building a vtable to allow the call to be resolvable dynamically; for more information visit <https://doc.rust-lang.org/reference/items/traits.html#object-safety>\n     = help: the following types implement the trait, consider defining an enum where each variant holds one of these types, implementing `serde::de::Error` for this new enum and using it instead:\n               error::Error\n               serde::de::value::Error\n               serde_json::Error\n               toml::de::Error\n               toml_edit::de::Error\n\nerror[E0277]: the size for values of type `dyn serde::de::Error` cannot be known at compilation time\n    --> src/value/de.rs:1518:13\n     |\n1518 |             Ok(())\n     |             ^^^^^^ doesn't have a size known at compile-time\n     |\n     = help: the trait `Sized` is not implemented for `dyn serde::de::Error`\nnote: required by a bound in `Ok`\n    --> /home/abezbm/.rustup/toolchains/nightly-2024-07-21-x86_64-unknown-linux-gnu/lib/rustlib/src/rust/library/core/src/result.rs:527:20\n     |\n527  | pub enum Result<T, E> {\n     |                    ^ required by this bound in `Ok`\n...\n531  |     Ok(#[stable(feature = \"rust1\", since = \"1.0.0\")] T),\n     |     -- required by a bound in this tuple variant\n\nerror[E0433]: failed to resolve: use of undeclared crate or module `serde_json`\n    --> src/value/de.rs:1540:34\n     |\n1540 |         fn visit_number(self, _: serde_json::Number) -> Result<Self::Value, Error> {\n     |                                  ^^^^^^^^^^ use of undeclared crate or module `serde_json`\n\nerror[E0782]: trait objects must include the `dyn` keyword\n    --> src/value/de.rs:1517:52\n     |\n1517 |         fn visit_unit(self) -> Result<Self::Value, Error> {\n     |                                                    ^^^^^\n     |\nhelp: add `dyn` keyword before this trait\n     |\n1517 |         fn visit_unit(self) -> Result<Self::Value, dyn Error> {\n     |                                                    +++\n\nerror[E0782]: trait objects must include the `dyn` keyword\n    --> src/value/de.rs:1521:61\n     |\n1521 |         fn visit_bool(self, _: bool) -> Result<Self::Value, Error> {\n     |                                                             ^^^^^\n     |\nhelp: add `dyn` keyword before this trait\n     |\n1521 |         fn visit_bool(self, _: bool) -> Result<Self::Value, dyn Error> {\n     |                                                             +++\n\nerror[E0782]: trait objects must include the `dyn` keyword\n    --> src/value/de.rs:1525:65\n     |\n1525 |         fn visit_string(self, _: String) -> Result<Self::Value, Error> {\n     |                                                                 ^^^^^\n     |\nhelp: add `dyn` keyword before this trait\n     |\n1525 |         fn visit_string(self, _: String) -> Result<Self::Value, dyn Error> {\n     |                                                                 +++\n\nerror[E0782]: trait objects must include the `dyn` keyword\n    --> src/value/de.rs:1529:74\n     |\n1529 |         fn visit_array(self, _: Vec<Self::Value>) -> Result<Self::Value, Error> {\n     |                                                                          ^^^^^\n     |\nhelp: add `dyn` keyword before this trait\n     |\n1529 |         fn visit_array(self, _: Vec<Self::Value>) -> Result<Self::Value, dyn Error> {\n     |                                                                          +++\n\nerror[E0782]: trait objects must include the `dyn` keyword\n    --> src/value/de.rs:1533:63\n     |\n1533 |         fn visit_object<V>(self, _: V) -> Result<Self::Value, Error>\n     |                                                               ^^^^^\n     |\nhelp: add `dyn` keyword before this trait\n     |\n1533 |         fn visit_object<V>(self, _: V) -> Result<Self::Value, dyn Error>\n     |                                                               +++\n\nerror[E0782]: trait objects must include the `dyn` keyword\n    --> src/value/de.rs:1540:77\n     |\n1540 |         fn visit_number(self, _: serde_json::Number) -> Result<Self::Value, Error> {\n     |                                                                             ^^^^^\n     |\nhelp: add `dyn` keyword before this trait\n     |\n1540 |         fn visit_number(self, _: serde_json::Number) -> Result<Self::Value, dyn Error> {\n     |                                                                             +++\n\nSome errors have detailed explanations: E0038, E0046, E0049, E0277, E0407, E0432, E0433, E0782.\nFor more information about an error, try `rustc --explain E0038`.\nwarning: `serde_json` (lib test) generated 1 warning\nerror: could not compile `serde_json` (lib test) due to 29 previous errors; 1 warning emitted\n"
                }
              ],
              "repaired": [
                false
              ]
            },
            {
              "attrs": [],
              "prefix": [],
              "oracles": [],
              "codes": [
                [
                  "{",
                  "    use serde_json::Value;",
                  "    use serde::de::Visitor;",
                  "    use serde::de::Error;",
                  "",
                  "    struct TestVisitor {",
                  "        received: bool,",
                  "    }",
                  "",
                  "    impl<'de> Visitor<'de> for TestVisitor {",
                  "        type Value = ();",
                  "",
                  "        fn visit_unit(self) -> Result<Self::Value, Error> {",
                  "            panic!(\"Should not receive a unit\");",
                  "        }",
                  "",
                  "        fn visit_bool(self, _: bool) -> Result<Self::Value, Error> {",
                  "            self.received = true;",
                  "            Ok(())",
                  "        }",
                  "",
                  "        fn visit_string(self, _: String) -> Result<Self::Value, Error> {",
                  "            panic!(\"Should not receive a string\");",
                  "        }",
                  "",
                  "        fn visit_array(self, _: Vec<Self::Value>) -> Result<Self::Value, Error> {",
                  "            panic!(\"Should not receive an array\");",
                  "        }",
                  "",
                  "        fn visit_object<V>(self, _: V) -> Result<Self::Value, Error>",
                  "        where",
                  "            V: serde::de::MapAccess<'de>,",
                  "        {",
                  "            panic!(\"Should not receive an object\");",
                  "        }",
                  "",
                  "        fn visit_number(self, _: serde_json::Number) -> Result<Self::Value, Error> {",
                  "            panic!(\"Should not receive a number\");",
                  "        }",
                  "    }",
                  "",
                  "    let value = Value::Bool(true);",
                  "    let mut visitor = TestVisitor { received: false };",
                  "    let result = value.deserialize_any(visitor);",
                  "    assert!(result.is_ok());",
                  "    assert!(visitor.received);",
                  "}"
                ]
              ],
              "can_compile": [
                {
                  "Err": "   Compiling proc-macro2 v1.0.95\n   Compiling serde v1.0.219\n   Compiling syn v1.0.109\n   Compiling libc v0.2.172\n   Compiling serde_json v1.0.140\n   Compiling target-triple v0.1.4\n   Compiling rustversion v1.0.20\n   Compiling ref-cast v1.0.24\n   Compiling serde_json v1.0.140 (/home/abezbm/rust-utgen-test-crates-new/json)\n   Compiling psm v0.1.26\n   Compiling stacker v0.1.21\n   Compiling quote v1.0.40\n   Compiling syn v2.0.101\n   Compiling serde_derive v1.0.219\n   Compiling ref-cast-impl v1.0.24\n   Compiling automod v1.0.15\n   Compiling ntest_timeout v0.9.3\n   Compiling ntest_test_cases v0.9.3\n   Compiling ntest v0.9.3\n   Compiling serde_spanned v0.6.8\n   Compiling toml_datetime v0.6.9\n   Compiling serde_bytes v0.11.17\n   Compiling serde_stacker v0.1.12\n   Compiling toml_edit v0.22.26\n   Compiling toml v0.8.22\n   Compiling trybuild v1.0.104\nerror[E0432]: unresolved import `serde_json`\n    --> src/value/de.rs:1508:9\n     |\n1508 |     use serde_json::Value;\n     |         ^^^^^^^^^^ use of undeclared crate or module `serde_json`\n\nerror[E0407]: method `visit_array` is not a member of trait `Visitor`\n    --> src/value/de.rs:1532:9\n     |\n1532 | /         fn visit_array(self, _: Vec<Self::Value>) -> Result<Self::Value, Error> {\n1533 | |             panic!(\"Should not receive an array\");\n1534 | |         }\n     | |_________^ not a member of trait `Visitor`\n\nerror[E0407]: method `visit_object` is not a member of trait `Visitor`\n    --> src/value/de.rs:1536:9\n     |\n1536 | /         fn visit_object<V>(self, _: V) -> Result<Self::Value, Error>\n1537 | |         where\n1538 | |             V: serde::de::MapAccess<'de>,\n1539 | |         {\n1540 | |             panic!(\"Should not receive an object\");\n1541 | |         }\n     | |_________^ not a member of trait `Visitor`\n\nerror[E0407]: method `visit_number` is not a member of trait `Visitor`\n    --> src/value/de.rs:1543:9\n     |\n1543 |           fn visit_number(self, _: serde_json::Number) -> Result<Self::Value, Error> {\n     |           ^  ------------ help: there is an associated function with a similar name: `visit_none`\n     |  _________|\n     | |\n1544 | |             panic!(\"Should not receive a number\");\n1545 | |         }\n     | |_________^ not a member of trait `Visitor`\n\nwarning: unused import: `ntest::timeout`\n    --> src/value/de.rs:1504:8\n     |\n1504 |    use ntest::timeout;\n     |        ^^^^^^^^^^^^^^\n     |\n     = note: `#[warn(unused_imports)]` on by default\n\nerror[E0049]: method `visit_unit` has 0 type parameters but its trait declaration has 1 type parameter\n    --> src/value/de.rs:1519:22\n     |\n1519 |           fn visit_unit(self) -> Result<Self::Value, Error> {\n     |                        ^ found 0 type parameters\n     |\n    ::: /home/abezbm/.cargo/registry/src/index.crates.io-6f17d22bba15001f/serde-1.0.219/src/de/mod.rs:1625:5\n     |\n1625 | /     fn visit_unit<E>(self) -> Result<Self::Value, E>\n1626 | |     where\n1627 | |         E: Error,\n     | |_________________- expected 1 type parameter\n\nerror[E0049]: method `visit_bool` has 0 type parameters but its trait declaration has 1 type parameter\n    --> src/value/de.rs:1523:22\n     |\n1523 |           fn visit_bool(self, _: bool) -> Result<Self::Value, Error> {\n     |                        ^ found 0 type parameters\n     |\n    ::: /home/abezbm/.cargo/registry/src/index.crates.io-6f17d22bba15001f/serde-1.0.219/src/de/mod.rs:1315:5\n     |\n1315 | /     fn visit_bool<E>(self, v: bool) -> Result<Self::Value, E>\n1316 | |     where\n1317 | |         E: Error,\n     | |_________________- expected 1 type parameter\n\nerror[E0049]: method `visit_string` has 0 type parameters but its trait declaration has 1 type parameter\n    --> src/value/de.rs:1528:24\n     |\n1528 |           fn visit_string(self, _: String) -> Result<Self::Value, Error> {\n     |                          ^ found 0 type parameters\n     |\n    ::: /home/abezbm/.cargo/registry/src/index.crates.io-6f17d22bba15001f/serde-1.0.219/src/de/mod.rs:1535:5\n     |\n1535 | /     fn visit_string<E>(self, v: String) -> Result<Self::Value, E>\n1536 | |     where\n1537 | |         E: Error,\n     | |_________________- expected 1 type parameter\n\nerror[E0046]: not all trait items implemented, missing: `expecting`\n    --> src/value/de.rs:1516:5\n     |\n1516 |     impl<'de> Visitor<'de> for TestVisitor {\n     |     ^^^^^^^^^^^^^^^^^^^^^^^^^^^^^^^^^^^^^^ missing `expecting` in implementation\n     |\n     = help: implement the missing item: `fn expecting(&self, _: &mut std::fmt::Formatter<'_>) -> std::result::Result<(), std::fmt::Error> { todo!() }`\n\nerror[E0038]: the trait `serde::de::Error` cannot be made into an object\n    --> src/value/de.rs:1519:52\n     |\n1519 |         fn visit_unit(self) -> Result<Self::Value, Error> {\n     |                                                    ^^^^^ `serde::de::Error` cannot be made into an object\n     |\n     = note: the trait cannot be made into an object because it requires `Self: Sized`\n     = note: for a trait to be \"object safe\" it needs to allow building a vtable to allow the call to be resolvable dynamically; for more information visit <https://doc.rust-lang.org/reference/items/traits.html#object-safety>\n     = help: the following types implement the trait, consider defining an enum where each variant holds one of these types, implementing `serde::de::Error` for this new enum and using it instead:\n               error::Error\n               serde::de::value::Error\n               serde_json::Error\n               toml::de::Error\n               toml_edit::de::Error\n\nerror[E0277]: the size for values of type `(dyn serde::de::Error + 'static)` cannot be known at compilation time\n    --> src/value/de.rs:1519:32\n     |\n1519 |         fn visit_unit(self) -> Result<Self::Value, Error> {\n     |                                ^^^^^^^^^^^^^^^^^^^^^^^^^^ doesn't have a size known at compile-time\n     |\n     = help: the trait `Sized` is not implemented for `(dyn serde::de::Error + 'static)`\nnote: required by an implicit `Sized` bound in `std::result::Result`\n    --> /home/abezbm/.rustup/toolchains/nightly-2024-07-21-x86_64-unknown-linux-gnu/lib/rustlib/src/rust/library/core/src/result.rs:527:20\n     |\n527  | pub enum Result<T, E> {\n     |                    ^ required by the implicit `Sized` requirement on this type parameter in `Result`\n\nerror[E0038]: the trait `serde::de::Error` cannot be made into an object\n    --> src/value/de.rs:1523:61\n     |\n1523 |         fn visit_bool(self, _: bool) -> Result<Self::Value, Error> {\n     |                                                             ^^^^^ `serde::de::Error` cannot be made into an object\n     |\n     = note: the trait cannot be made into an object because it requires `Self: Sized`\n     = note: for a trait to be \"object safe\" it needs to allow building a vtable to allow the call to be resolvable dynamically; for more information visit <https://doc.rust-lang.org/reference/items/traits.html#object-safety>\n     = help: the following types implement the trait, consider defining an enum where each variant holds one of these types, implementing `serde::de::Error` for this new enum and using it instead:\n               error::Error\n               serde::de::value::Error\n               serde_json::Error\n               toml::de::Error\n               toml_edit::de::Error\n\nerror[E0277]: the size for values of type `(dyn serde::de::Error + 'static)` cannot be known at compilation time\n    --> src/value/de.rs:1523:41\n     |\n1523 |         fn visit_bool(self, _: bool) -> Result<Self::Value, Error> {\n     |                                         ^^^^^^^^^^^^^^^^^^^^^^^^^^ doesn't have a size known at compile-time\n     |\n     = help: the trait `Sized` is not implemented for `(dyn serde::de::Error + 'static)`\nnote: required by an implicit `Sized` bound in `std::result::Result`\n    --> /home/abezbm/.rustup/toolchains/nightly-2024-07-21-x86_64-unknown-linux-gnu/lib/rustlib/src/rust/library/core/src/result.rs:527:20\n     |\n527  | pub enum Result<T, E> {\n     |                    ^ required by the implicit `Sized` requirement on this type parameter in `Result`\n\nerror[E0038]: the trait `serde::de::Error` cannot be made into an object\n    --> src/value/de.rs:1528:65\n     |\n1528 |         fn visit_string(self, _: String) -> Result<Self::Value, Error> {\n     |                                                                 ^^^^^ `serde::de::Error` cannot be made into an object\n     |\n     = note: the trait cannot be made into an object because it requires `Self: Sized`\n     = note: for a trait to be \"object safe\" it needs to allow building a vtable to allow the call to be resolvable dynamically; for more information visit <https://doc.rust-lang.org/reference/items/traits.html#object-safety>\n     = help: the following types implement the trait, consider defining an enum where each variant holds one of these types, implementing `serde::de::Error` for this new enum and using it instead:\n               error::Error\n               serde::de::value::Error\n               serde_json::Error\n               toml::de::Error\n               toml_edit::de::Error\n\nerror[E0277]: the size for values of type `(dyn serde::de::Error + 'static)` cannot be known at compilation time\n    --> src/value/de.rs:1528:45\n     |\n1528 |         fn visit_string(self, _: String) -> Result<Self::Value, Error> {\n     |                                             ^^^^^^^^^^^^^^^^^^^^^^^^^^ doesn't have a size known at compile-time\n     |\n     = help: the trait `Sized` is not implemented for `(dyn serde::de::Error + 'static)`\nnote: required by an implicit `Sized` bound in `std::result::Result`\n    --> /home/abezbm/.rustup/toolchains/nightly-2024-07-21-x86_64-unknown-linux-gnu/lib/rustlib/src/rust/library/core/src/result.rs:527:20\n     |\n527  | pub enum Result<T, E> {\n     |                    ^ required by the implicit `Sized` requirement on this type parameter in `Result`\n\nerror[E0038]: the trait `serde::de::Error` cannot be made into an object\n    --> src/value/de.rs:1532:74\n     |\n1532 |         fn visit_array(self, _: Vec<Self::Value>) -> Result<Self::Value, Error> {\n     |                                                                          ^^^^^ `serde::de::Error` cannot be made into an object\n     |\n     = note: the trait cannot be made into an object because it requires `Self: Sized`\n     = note: for a trait to be \"object safe\" it needs to allow building a vtable to allow the call to be resolvable dynamically; for more information visit <https://doc.rust-lang.org/reference/items/traits.html#object-safety>\n     = help: the following types implement the trait, consider defining an enum where each variant holds one of these types, implementing `serde::de::Error` for this new enum and using it instead:\n               error::Error\n               serde::de::value::Error\n               serde_json::Error\n               toml::de::Error\n               toml_edit::de::Error\n\nerror[E0277]: the size for values of type `(dyn serde::de::Error + 'static)` cannot be known at compilation time\n    --> src/value/de.rs:1532:54\n     |\n1532 |         fn visit_array(self, _: Vec<Self::Value>) -> Result<Self::Value, Error> {\n     |                                                      ^^^^^^^^^^^^^^^^^^^^^^^^^^ doesn't have a size known at compile-time\n     |\n     = help: the trait `Sized` is not implemented for `(dyn serde::de::Error + 'static)`\nnote: required by an implicit `Sized` bound in `std::result::Result`\n    --> /home/abezbm/.rustup/toolchains/nightly-2024-07-21-x86_64-unknown-linux-gnu/lib/rustlib/src/rust/library/core/src/result.rs:527:20\n     |\n527  | pub enum Result<T, E> {\n     |                    ^ required by the implicit `Sized` requirement on this type parameter in `Result`\n\nerror[E0038]: the trait `serde::de::Error` cannot be made into an object\n    --> src/value/de.rs:1536:63\n     |\n1536 |         fn visit_object<V>(self, _: V) -> Result<Self::Value, Error>\n     |                                                               ^^^^^ `serde::de::Error` cannot be made into an object\n     |\n     = note: the trait cannot be made into an object because it requires `Self: Sized`\n     = note: for a trait to be \"object safe\" it needs to allow building a vtable to allow the call to be resolvable dynamically; for more information visit <https://doc.rust-lang.org/reference/items/traits.html#object-safety>\n     = help: the following types implement the trait, consider defining an enum where each variant holds one of these types, implementing `serde::de::Error` for this new enum and using it instead:\n               error::Error\n               serde::de::value::Error\n               serde_json::Error\n               toml::de::Error\n               toml_edit::de::Error\n\nerror[E0277]: the size for values of type `(dyn serde::de::Error + 'static)` cannot be known at compilation time\n    --> src/value/de.rs:1536:43\n     |\n1536 |         fn visit_object<V>(self, _: V) -> Result<Self::Value, Error>\n     |                                           ^^^^^^^^^^^^^^^^^^^^^^^^^^ doesn't have a size known at compile-time\n     |\n     = help: the trait `Sized` is not implemented for `(dyn serde::de::Error + 'static)`\nnote: required by an implicit `Sized` bound in `std::result::Result`\n    --> /home/abezbm/.rustup/toolchains/nightly-2024-07-21-x86_64-unknown-linux-gnu/lib/rustlib/src/rust/library/core/src/result.rs:527:20\n     |\n527  | pub enum Result<T, E> {\n     |                    ^ required by the implicit `Sized` requirement on this type parameter in `Result`\n\nerror[E0038]: the trait `serde::de::Error` cannot be made into an object\n    --> src/value/de.rs:1543:77\n     |\n1543 |         fn visit_number(self, _: serde_json::Number) -> Result<Self::Value, Error> {\n     |                                                                             ^^^^^ `serde::de::Error` cannot be made into an object\n     |\n     = note: the trait cannot be made into an object because it requires `Self: Sized`\n     = note: for a trait to be \"object safe\" it needs to allow building a vtable to allow the call to be resolvable dynamically; for more information visit <https://doc.rust-lang.org/reference/items/traits.html#object-safety>\n     = help: the following types implement the trait, consider defining an enum where each variant holds one of these types, implementing `serde::de::Error` for this new enum and using it instead:\n               error::Error\n               serde::de::value::Error\n               serde_json::Error\n               toml::de::Error\n               toml_edit::de::Error\n\nerror[E0277]: the size for values of type `(dyn serde::de::Error + 'static)` cannot be known at compilation time\n    --> src/value/de.rs:1543:57\n     |\n1543 |         fn visit_number(self, _: serde_json::Number) -> Result<Self::Value, Error> {\n     |                                                         ^^^^^^^^^^^^^^^^^^^^^^^^^^ doesn't have a size known at compile-time\n     |\n     = help: the trait `Sized` is not implemented for `(dyn serde::de::Error + 'static)`\nnote: required by an implicit `Sized` bound in `std::result::Result`\n    --> /home/abezbm/.rustup/toolchains/nightly-2024-07-21-x86_64-unknown-linux-gnu/lib/rustlib/src/rust/library/core/src/result.rs:527:20\n     |\n527  | pub enum Result<T, E> {\n     |                    ^ required by the implicit `Sized` requirement on this type parameter in `Result`\n\nerror[E0038]: the trait `serde::de::Error` cannot be made into an object\n    --> src/value/de.rs:1525:13\n     |\n1525 |             Ok(())\n     |             ^^ `serde::de::Error` cannot be made into an object\n     |\n     = note: the trait cannot be made into an object because it requires `Self: Sized`\n     = note: for a trait to be \"object safe\" it needs to allow building a vtable to allow the call to be resolvable dynamically; for more information visit <https://doc.rust-lang.org/reference/items/traits.html#object-safety>\n     = help: the following types implement the trait, consider defining an enum where each variant holds one of these types, implementing `serde::de::Error` for this new enum and using it instead:\n               error::Error\n               serde::de::value::Error\n               serde_json::Error\n               toml::de::Error\n               toml_edit::de::Error\n\nerror[E0277]: the size for values of type `dyn serde::de::Error` cannot be known at compilation time\n    --> src/value/de.rs:1525:13\n     |\n1525 |             Ok(())\n     |             ^^^^^^ doesn't have a size known at compile-time\n     |\n     = help: the trait `Sized` is not implemented for `dyn serde::de::Error`\nnote: required by a bound in `Ok`\n    --> /home/abezbm/.rustup/toolchains/nightly-2024-07-21-x86_64-unknown-linux-gnu/lib/rustlib/src/rust/library/core/src/result.rs:527:20\n     |\n527  | pub enum Result<T, E> {\n     |                    ^ required by this bound in `Ok`\n...\n531  |     Ok(#[stable(feature = \"rust1\", since = \"1.0.0\")] T),\n     |     -- required by a bound in this tuple variant\n\nerror[E0433]: failed to resolve: use of undeclared crate or module `serde_json`\n    --> src/value/de.rs:1543:34\n     |\n1543 |         fn visit_number(self, _: serde_json::Number) -> Result<Self::Value, Error> {\n     |                                  ^^^^^^^^^^ use of undeclared crate or module `serde_json`\n\nerror[E0782]: trait objects must include the `dyn` keyword\n    --> src/value/de.rs:1519:52\n     |\n1519 |         fn visit_unit(self) -> Result<Self::Value, Error> {\n     |                                                    ^^^^^\n     |\nhelp: add `dyn` keyword before this trait\n     |\n1519 |         fn visit_unit(self) -> Result<Self::Value, dyn Error> {\n     |                                                    +++\n\nerror[E0782]: trait objects must include the `dyn` keyword\n    --> src/value/de.rs:1523:61\n     |\n1523 |         fn visit_bool(self, _: bool) -> Result<Self::Value, Error> {\n     |                                                             ^^^^^\n     |\nhelp: add `dyn` keyword before this trait\n     |\n1523 |         fn visit_bool(self, _: bool) -> Result<Self::Value, dyn Error> {\n     |                                                             +++\n\nerror[E0782]: trait objects must include the `dyn` keyword\n    --> src/value/de.rs:1528:65\n     |\n1528 |         fn visit_string(self, _: String) -> Result<Self::Value, Error> {\n     |                                                                 ^^^^^\n     |\nhelp: add `dyn` keyword before this trait\n     |\n1528 |         fn visit_string(self, _: String) -> Result<Self::Value, dyn Error> {\n     |                                                                 +++\n\nerror[E0782]: trait objects must include the `dyn` keyword\n    --> src/value/de.rs:1532:74\n     |\n1532 |         fn visit_array(self, _: Vec<Self::Value>) -> Result<Self::Value, Error> {\n     |                                                                          ^^^^^\n     |\nhelp: add `dyn` keyword before this trait\n     |\n1532 |         fn visit_array(self, _: Vec<Self::Value>) -> Result<Self::Value, dyn Error> {\n     |                                                                          +++\n\nerror[E0782]: trait objects must include the `dyn` keyword\n    --> src/value/de.rs:1536:63\n     |\n1536 |         fn visit_object<V>(self, _: V) -> Result<Self::Value, Error>\n     |                                                               ^^^^^\n     |\nhelp: add `dyn` keyword before this trait\n     |\n1536 |         fn visit_object<V>(self, _: V) -> Result<Self::Value, dyn Error>\n     |                                                               +++\n\nerror[E0782]: trait objects must include the `dyn` keyword\n    --> src/value/de.rs:1543:77\n     |\n1543 |         fn visit_number(self, _: serde_json::Number) -> Result<Self::Value, Error> {\n     |                                                                             ^^^^^\n     |\nhelp: add `dyn` keyword before this trait\n     |\n1543 |         fn visit_number(self, _: serde_json::Number) -> Result<Self::Value, dyn Error> {\n     |                                                                             +++\n\nSome errors have detailed explanations: E0038, E0046, E0049, E0277, E0407, E0432, E0433, E0782.\nFor more information about an error, try `rustc --explain E0038`.\nwarning: `serde_json` (lib test) generated 1 warning\nerror: could not compile `serde_json` (lib test) due to 29 previous errors; 1 warning emitted\n"
                }
              ],
              "repaired": [
                false
              ]
            },
            {
              "attrs": [],
              "prefix": [],
              "oracles": [],
              "codes": [
                [
                  "{",
                  "    use serde_json::Value;",
                  "    use serde::de::Visitor;",
                  "    use serde::de::Error;",
                  "",
                  "    struct TestVisitor {",
                  "        received: bool,",
                  "    }",
                  "",
                  "    impl<'de> Visitor<'de> for TestVisitor {",
                  "        type Value = ();",
                  "",
                  "        fn visit_unit(self) -> Result<Self::Value, Error> {",
                  "            panic!(\"Should not receive a unit\");",
                  "        }",
                  "",
                  "        fn visit_bool(self, _: bool) -> Result<Self::Value, Error> {",
                  "            panic!(\"Should not receive a bool\");",
                  "        }",
                  "",
                  "        fn visit_string(self, _: String) -> Result<Self::Value, Error> {",
                  "            panic!(\"Should not receive a string\");",
                  "        }",
                  "",
                  "        fn visit_array(self, _: Vec<Self::Value>) -> Result<Self::Value, Error> {",
                  "            panic!(\"Should not receive an array\");",
                  "        }",
                  "",
                  "        fn visit_object<V>(self, _: V) -> Result<Self::Value, Error>",
                  "        where",
                  "            V: serde::de::MapAccess<'de>,",
                  "        {",
                  "            panic!(\"Should not receive an object\");",
                  "        }",
                  "",
                  "        fn visit_number(self, _: serde_json::Number) -> Result<Self::Value, Error> {",
                  "            self.received = true;",
                  "            Ok(())",
                  "        }",
                  "    }",
                  "",
                  "    let value = Value::Number(serde_json::Number::from(42));",
                  "    let mut visitor = TestVisitor { received: false };",
                  "    let result = value.deserialize_any(visitor);",
                  "    assert!(result.is_ok());",
                  "}"
                ]
              ],
              "can_compile": [
                {
                  "Err": "   Compiling proc-macro2 v1.0.95\n   Compiling serde v1.0.219\n   Compiling syn v1.0.109\n   Compiling libc v0.2.172\n   Compiling target-triple v0.1.4\n   Compiling serde_json v1.0.140\n   Compiling rustversion v1.0.20\n   Compiling ref-cast v1.0.24\n   Compiling serde_json v1.0.140 (/home/abezbm/rust-utgen-test-crates-new/json)\n   Compiling psm v0.1.26\n   Compiling stacker v0.1.21\n   Compiling quote v1.0.40\n   Compiling syn v2.0.101\n   Compiling serde_derive v1.0.219\n   Compiling ref-cast-impl v1.0.24\n   Compiling automod v1.0.15\n   Compiling ntest_timeout v0.9.3\n   Compiling ntest_test_cases v0.9.3\n   Compiling ntest v0.9.3\n   Compiling toml_datetime v0.6.9\n   Compiling serde_spanned v0.6.8\n   Compiling serde_stacker v0.1.12\n   Compiling serde_bytes v0.11.17\n   Compiling toml_edit v0.22.26\n   Compiling toml v0.8.22\n   Compiling trybuild v1.0.104\nerror[E0432]: unresolved import `serde_json`\n    --> src/value/de.rs:1508:9\n     |\n1508 |     use serde_json::Value;\n     |         ^^^^^^^^^^ use of undeclared crate or module `serde_json`\n\nerror[E0407]: method `visit_array` is not a member of trait `Visitor`\n    --> src/value/de.rs:1531:9\n     |\n1531 | /         fn visit_array(self, _: Vec<Self::Value>) -> Result<Self::Value, Error> {\n1532 | |             panic!(\"Should not receive an array\");\n1533 | |         }\n     | |_________^ not a member of trait `Visitor`\n\nerror[E0407]: method `visit_object` is not a member of trait `Visitor`\n    --> src/value/de.rs:1535:9\n     |\n1535 | /         fn visit_object<V>(self, _: V) -> Result<Self::Value, Error>\n1536 | |         where\n1537 | |             V: serde::de::MapAccess<'de>,\n1538 | |         {\n1539 | |             panic!(\"Should not receive an object\");\n1540 | |         }\n     | |_________^ not a member of trait `Visitor`\n\nerror[E0407]: method `visit_number` is not a member of trait `Visitor`\n    --> src/value/de.rs:1542:9\n     |\n1542 |           fn visit_number(self, _: serde_json::Number) -> Result<Self::Value, Error> {\n     |           ^  ------------ help: there is an associated function with a similar name: `visit_none`\n     |  _________|\n     | |\n1543 | |             self.received = true;\n1544 | |             Ok(())\n1545 | |         }\n     | |_________^ not a member of trait `Visitor`\n\nerror[E0433]: failed to resolve: use of undeclared crate or module `serde_json`\n    --> src/value/de.rs:1548:31\n     |\n1548 |     let value = Value::Number(serde_json::Number::from(42));\n     |                               ^^^^^^^^^^ use of undeclared crate or module `serde_json`\n     |\nhelp: consider importing this struct\n     |\n1503 +    use crate::number::Number;\n     |\nhelp: if you import `Number`, refer to it directly\n     |\n1548 -     let value = Value::Number(serde_json::Number::from(42));\n1548 +     let value = Value::Number(Number::from(42));\n     |\n\nwarning: unused import: `ntest::timeout`\n    --> src/value/de.rs:1504:8\n     |\n1504 |    use ntest::timeout;\n     |        ^^^^^^^^^^^^^^\n     |\n     = note: `#[warn(unused_imports)]` on by default\n\nerror[E0049]: method `visit_unit` has 0 type parameters but its trait declaration has 1 type parameter\n    --> src/value/de.rs:1519:22\n     |\n1519 |           fn visit_unit(self) -> Result<Self::Value, Error> {\n     |                        ^ found 0 type parameters\n     |\n    ::: /home/abezbm/.cargo/registry/src/index.crates.io-6f17d22bba15001f/serde-1.0.219/src/de/mod.rs:1625:5\n     |\n1625 | /     fn visit_unit<E>(self) -> Result<Self::Value, E>\n1626 | |     where\n1627 | |         E: Error,\n     | |_________________- expected 1 type parameter\n\nerror[E0049]: method `visit_bool` has 0 type parameters but its trait declaration has 1 type parameter\n    --> src/value/de.rs:1523:22\n     |\n1523 |           fn visit_bool(self, _: bool) -> Result<Self::Value, Error> {\n     |                        ^ found 0 type parameters\n     |\n    ::: /home/abezbm/.cargo/registry/src/index.crates.io-6f17d22bba15001f/serde-1.0.219/src/de/mod.rs:1315:5\n     |\n1315 | /     fn visit_bool<E>(self, v: bool) -> Result<Self::Value, E>\n1316 | |     where\n1317 | |         E: Error,\n     | |_________________- expected 1 type parameter\n\nerror[E0049]: method `visit_string` has 0 type parameters but its trait declaration has 1 type parameter\n    --> src/value/de.rs:1527:24\n     |\n1527 |           fn visit_string(self, _: String) -> Result<Self::Value, Error> {\n     |                          ^ found 0 type parameters\n     |\n    ::: /home/abezbm/.cargo/registry/src/index.crates.io-6f17d22bba15001f/serde-1.0.219/src/de/mod.rs:1535:5\n     |\n1535 | /     fn visit_string<E>(self, v: String) -> Result<Self::Value, E>\n1536 | |     where\n1537 | |         E: Error,\n     | |_________________- expected 1 type parameter\n\nerror[E0046]: not all trait items implemented, missing: `expecting`\n    --> src/value/de.rs:1516:5\n     |\n1516 |     impl<'de> Visitor<'de> for TestVisitor {\n     |     ^^^^^^^^^^^^^^^^^^^^^^^^^^^^^^^^^^^^^^ missing `expecting` in implementation\n     |\n     = help: implement the missing item: `fn expecting(&self, _: &mut std::fmt::Formatter<'_>) -> std::result::Result<(), std::fmt::Error> { todo!() }`\n\nerror[E0038]: the trait `serde::de::Error` cannot be made into an object\n    --> src/value/de.rs:1519:52\n     |\n1519 |         fn visit_unit(self) -> Result<Self::Value, Error> {\n     |                                                    ^^^^^ `serde::de::Error` cannot be made into an object\n     |\n     = note: the trait cannot be made into an object because it requires `Self: Sized`\n     = note: for a trait to be \"object safe\" it needs to allow building a vtable to allow the call to be resolvable dynamically; for more information visit <https://doc.rust-lang.org/reference/items/traits.html#object-safety>\n     = help: the following types implement the trait, consider defining an enum where each variant holds one of these types, implementing `serde::de::Error` for this new enum and using it instead:\n               error::Error\n               serde::de::value::Error\n               serde_json::Error\n               toml::de::Error\n               toml_edit::de::Error\n\nerror[E0277]: the size for values of type `(dyn serde::de::Error + 'static)` cannot be known at compilation time\n    --> src/value/de.rs:1519:32\n     |\n1519 |         fn visit_unit(self) -> Result<Self::Value, Error> {\n     |                                ^^^^^^^^^^^^^^^^^^^^^^^^^^ doesn't have a size known at compile-time\n     |\n     = help: the trait `Sized` is not implemented for `(dyn serde::de::Error + 'static)`\nnote: required by an implicit `Sized` bound in `std::result::Result`\n    --> /home/abezbm/.rustup/toolchains/nightly-2024-07-21-x86_64-unknown-linux-gnu/lib/rustlib/src/rust/library/core/src/result.rs:527:20\n     |\n527  | pub enum Result<T, E> {\n     |                    ^ required by the implicit `Sized` requirement on this type parameter in `Result`\n\nerror[E0038]: the trait `serde::de::Error` cannot be made into an object\n    --> src/value/de.rs:1523:61\n     |\n1523 |         fn visit_bool(self, _: bool) -> Result<Self::Value, Error> {\n     |                                                             ^^^^^ `serde::de::Error` cannot be made into an object\n     |\n     = note: the trait cannot be made into an object because it requires `Self: Sized`\n     = note: for a trait to be \"object safe\" it needs to allow building a vtable to allow the call to be resolvable dynamically; for more information visit <https://doc.rust-lang.org/reference/items/traits.html#object-safety>\n     = help: the following types implement the trait, consider defining an enum where each variant holds one of these types, implementing `serde::de::Error` for this new enum and using it instead:\n               error::Error\n               serde::de::value::Error\n               serde_json::Error\n               toml::de::Error\n               toml_edit::de::Error\n\nerror[E0277]: the size for values of type `(dyn serde::de::Error + 'static)` cannot be known at compilation time\n    --> src/value/de.rs:1523:41\n     |\n1523 |         fn visit_bool(self, _: bool) -> Result<Self::Value, Error> {\n     |                                         ^^^^^^^^^^^^^^^^^^^^^^^^^^ doesn't have a size known at compile-time\n     |\n     = help: the trait `Sized` is not implemented for `(dyn serde::de::Error + 'static)`\nnote: required by an implicit `Sized` bound in `std::result::Result`\n    --> /home/abezbm/.rustup/toolchains/nightly-2024-07-21-x86_64-unknown-linux-gnu/lib/rustlib/src/rust/library/core/src/result.rs:527:20\n     |\n527  | pub enum Result<T, E> {\n     |                    ^ required by the implicit `Sized` requirement on this type parameter in `Result`\n\nerror[E0038]: the trait `serde::de::Error` cannot be made into an object\n    --> src/value/de.rs:1527:65\n     |\n1527 |         fn visit_string(self, _: String) -> Result<Self::Value, Error> {\n     |                                                                 ^^^^^ `serde::de::Error` cannot be made into an object\n     |\n     = note: the trait cannot be made into an object because it requires `Self: Sized`\n     = note: for a trait to be \"object safe\" it needs to allow building a vtable to allow the call to be resolvable dynamically; for more information visit <https://doc.rust-lang.org/reference/items/traits.html#object-safety>\n     = help: the following types implement the trait, consider defining an enum where each variant holds one of these types, implementing `serde::de::Error` for this new enum and using it instead:\n               error::Error\n               serde::de::value::Error\n               serde_json::Error\n               toml::de::Error\n               toml_edit::de::Error\n\nerror[E0277]: the size for values of type `(dyn serde::de::Error + 'static)` cannot be known at compilation time\n    --> src/value/de.rs:1527:45\n     |\n1527 |         fn visit_string(self, _: String) -> Result<Self::Value, Error> {\n     |                                             ^^^^^^^^^^^^^^^^^^^^^^^^^^ doesn't have a size known at compile-time\n     |\n     = help: the trait `Sized` is not implemented for `(dyn serde::de::Error + 'static)`\nnote: required by an implicit `Sized` bound in `std::result::Result`\n    --> /home/abezbm/.rustup/toolchains/nightly-2024-07-21-x86_64-unknown-linux-gnu/lib/rustlib/src/rust/library/core/src/result.rs:527:20\n     |\n527  | pub enum Result<T, E> {\n     |                    ^ required by the implicit `Sized` requirement on this type parameter in `Result`\n\nerror[E0038]: the trait `serde::de::Error` cannot be made into an object\n    --> src/value/de.rs:1531:74\n     |\n1531 |         fn visit_array(self, _: Vec<Self::Value>) -> Result<Self::Value, Error> {\n     |                                                                          ^^^^^ `serde::de::Error` cannot be made into an object\n     |\n     = note: the trait cannot be made into an object because it requires `Self: Sized`\n     = note: for a trait to be \"object safe\" it needs to allow building a vtable to allow the call to be resolvable dynamically; for more information visit <https://doc.rust-lang.org/reference/items/traits.html#object-safety>\n     = help: the following types implement the trait, consider defining an enum where each variant holds one of these types, implementing `serde::de::Error` for this new enum and using it instead:\n               error::Error\n               serde::de::value::Error\n               serde_json::Error\n               toml::de::Error\n               toml_edit::de::Error\n\nerror[E0277]: the size for values of type `(dyn serde::de::Error + 'static)` cannot be known at compilation time\n    --> src/value/de.rs:1531:54\n     |\n1531 |         fn visit_array(self, _: Vec<Self::Value>) -> Result<Self::Value, Error> {\n     |                                                      ^^^^^^^^^^^^^^^^^^^^^^^^^^ doesn't have a size known at compile-time\n     |\n     = help: the trait `Sized` is not implemented for `(dyn serde::de::Error + 'static)`\nnote: required by an implicit `Sized` bound in `std::result::Result`\n    --> /home/abezbm/.rustup/toolchains/nightly-2024-07-21-x86_64-unknown-linux-gnu/lib/rustlib/src/rust/library/core/src/result.rs:527:20\n     |\n527  | pub enum Result<T, E> {\n     |                    ^ required by the implicit `Sized` requirement on this type parameter in `Result`\n\nerror[E0038]: the trait `serde::de::Error` cannot be made into an object\n    --> src/value/de.rs:1535:63\n     |\n1535 |         fn visit_object<V>(self, _: V) -> Result<Self::Value, Error>\n     |                                                               ^^^^^ `serde::de::Error` cannot be made into an object\n     |\n     = note: the trait cannot be made into an object because it requires `Self: Sized`\n     = note: for a trait to be \"object safe\" it needs to allow building a vtable to allow the call to be resolvable dynamically; for more information visit <https://doc.rust-lang.org/reference/items/traits.html#object-safety>\n     = help: the following types implement the trait, consider defining an enum where each variant holds one of these types, implementing `serde::de::Error` for this new enum and using it instead:\n               error::Error\n               serde::de::value::Error\n               serde_json::Error\n               toml::de::Error\n               toml_edit::de::Error\n\nerror[E0277]: the size for values of type `(dyn serde::de::Error + 'static)` cannot be known at compilation time\n    --> src/value/de.rs:1535:43\n     |\n1535 |         fn visit_object<V>(self, _: V) -> Result<Self::Value, Error>\n     |                                           ^^^^^^^^^^^^^^^^^^^^^^^^^^ doesn't have a size known at compile-time\n     |\n     = help: the trait `Sized` is not implemented for `(dyn serde::de::Error + 'static)`\nnote: required by an implicit `Sized` bound in `std::result::Result`\n    --> /home/abezbm/.rustup/toolchains/nightly-2024-07-21-x86_64-unknown-linux-gnu/lib/rustlib/src/rust/library/core/src/result.rs:527:20\n     |\n527  | pub enum Result<T, E> {\n     |                    ^ required by the implicit `Sized` requirement on this type parameter in `Result`\n\nerror[E0038]: the trait `serde::de::Error` cannot be made into an object\n    --> src/value/de.rs:1542:77\n     |\n1542 |         fn visit_number(self, _: serde_json::Number) -> Result<Self::Value, Error> {\n     |                                                                             ^^^^^ `serde::de::Error` cannot be made into an object\n     |\n     = note: the trait cannot be made into an object because it requires `Self: Sized`\n     = note: for a trait to be \"object safe\" it needs to allow building a vtable to allow the call to be resolvable dynamically; for more information visit <https://doc.rust-lang.org/reference/items/traits.html#object-safety>\n     = help: the following types implement the trait, consider defining an enum where each variant holds one of these types, implementing `serde::de::Error` for this new enum and using it instead:\n               error::Error\n               serde::de::value::Error\n               serde_json::Error\n               toml::de::Error\n               toml_edit::de::Error\n\nerror[E0277]: the size for values of type `(dyn serde::de::Error + 'static)` cannot be known at compilation time\n    --> src/value/de.rs:1542:57\n     |\n1542 |         fn visit_number(self, _: serde_json::Number) -> Result<Self::Value, Error> {\n     |                                                         ^^^^^^^^^^^^^^^^^^^^^^^^^^ doesn't have a size known at compile-time\n     |\n     = help: the trait `Sized` is not implemented for `(dyn serde::de::Error + 'static)`\nnote: required by an implicit `Sized` bound in `std::result::Result`\n    --> /home/abezbm/.rustup/toolchains/nightly-2024-07-21-x86_64-unknown-linux-gnu/lib/rustlib/src/rust/library/core/src/result.rs:527:20\n     |\n527  | pub enum Result<T, E> {\n     |                    ^ required by the implicit `Sized` requirement on this type parameter in `Result`\n\nerror[E0038]: the trait `serde::de::Error` cannot be made into an object\n    --> src/value/de.rs:1544:13\n     |\n1544 |             Ok(())\n     |             ^^ `serde::de::Error` cannot be made into an object\n     |\n     = note: the trait cannot be made into an object because it requires `Self: Sized`\n     = note: for a trait to be \"object safe\" it needs to allow building a vtable to allow the call to be resolvable dynamically; for more information visit <https://doc.rust-lang.org/reference/items/traits.html#object-safety>\n     = help: the following types implement the trait, consider defining an enum where each variant holds one of these types, implementing `serde::de::Error` for this new enum and using it instead:\n               error::Error\n               serde::de::value::Error\n               serde_json::Error\n               toml::de::Error\n               toml_edit::de::Error\n\nerror[E0277]: the size for values of type `dyn serde::de::Error` cannot be known at compilation time\n    --> src/value/de.rs:1544:13\n     |\n1544 |             Ok(())\n     |             ^^^^^^ doesn't have a size known at compile-time\n     |\n     = help: the trait `Sized` is not implemented for `dyn serde::de::Error`\nnote: required by a bound in `Ok`\n    --> /home/abezbm/.rustup/toolchains/nightly-2024-07-21-x86_64-unknown-linux-gnu/lib/rustlib/src/rust/library/core/src/result.rs:527:20\n     |\n527  | pub enum Result<T, E> {\n     |                    ^ required by this bound in `Ok`\n...\n531  |     Ok(#[stable(feature = \"rust1\", since = \"1.0.0\")] T),\n     |     -- required by a bound in this tuple variant\n\nerror[E0433]: failed to resolve: use of undeclared crate or module `serde_json`\n    --> src/value/de.rs:1542:34\n     |\n1542 |         fn visit_number(self, _: serde_json::Number) -> Result<Self::Value, Error> {\n     |                                  ^^^^^^^^^^ use of undeclared crate or module `serde_json`\n\nerror[E0782]: trait objects must include the `dyn` keyword\n    --> src/value/de.rs:1519:52\n     |\n1519 |         fn visit_unit(self) -> Result<Self::Value, Error> {\n     |                                                    ^^^^^\n     |\nhelp: add `dyn` keyword before this trait\n     |\n1519 |         fn visit_unit(self) -> Result<Self::Value, dyn Error> {\n     |                                                    +++\n\nerror[E0782]: trait objects must include the `dyn` keyword\n    --> src/value/de.rs:1523:61\n     |\n1523 |         fn visit_bool(self, _: bool) -> Result<Self::Value, Error> {\n     |                                                             ^^^^^\n     |\nhelp: add `dyn` keyword before this trait\n     |\n1523 |         fn visit_bool(self, _: bool) -> Result<Self::Value, dyn Error> {\n     |                                                             +++\n\nerror[E0782]: trait objects must include the `dyn` keyword\n    --> src/value/de.rs:1527:65\n     |\n1527 |         fn visit_string(self, _: String) -> Result<Self::Value, Error> {\n     |                                                                 ^^^^^\n     |\nhelp: add `dyn` keyword before this trait\n     |\n1527 |         fn visit_string(self, _: String) -> Result<Self::Value, dyn Error> {\n     |                                                                 +++\n\nerror[E0782]: trait objects must include the `dyn` keyword\n    --> src/value/de.rs:1531:74\n     |\n1531 |         fn visit_array(self, _: Vec<Self::Value>) -> Result<Self::Value, Error> {\n     |                                                                          ^^^^^\n     |\nhelp: add `dyn` keyword before this trait\n     |\n1531 |         fn visit_array(self, _: Vec<Self::Value>) -> Result<Self::Value, dyn Error> {\n     |                                                                          +++\n\nerror[E0782]: trait objects must include the `dyn` keyword\n    --> src/value/de.rs:1535:63\n     |\n1535 |         fn visit_object<V>(self, _: V) -> Result<Self::Value, Error>\n     |                                                               ^^^^^\n     |\nhelp: add `dyn` keyword before this trait\n     |\n1535 |         fn visit_object<V>(self, _: V) -> Result<Self::Value, dyn Error>\n     |                                                               +++\n\nerror[E0782]: trait objects must include the `dyn` keyword\n    --> src/value/de.rs:1542:77\n     |\n1542 |         fn visit_number(self, _: serde_json::Number) -> Result<Self::Value, Error> {\n     |                                                                             ^^^^^\n     |\nhelp: add `dyn` keyword before this trait\n     |\n1542 |         fn visit_number(self, _: serde_json::Number) -> Result<Self::Value, dyn Error> {\n     |                                                                             +++\n\nSome errors have detailed explanations: E0038, E0046, E0049, E0277, E0407, E0432, E0433, E0782.\nFor more information about an error, try `rustc --explain E0038`.\nwarning: `serde_json` (lib test) generated 1 warning\nerror: could not compile `serde_json` (lib test) due to 30 previous errors; 1 warning emitted\n"
                }
              ],
              "repaired": [
                false
              ]
            },
            {
              "attrs": [],
              "prefix": [],
              "oracles": [],
              "codes": [
                [
                  "{",
                  "    use serde_json::Value;",
                  "    use serde::de::Visitor;",
                  "    use serde::de::Error;",
                  "",
                  "    struct TestVisitor {",
                  "        received: bool,",
                  "    }",
                  "",
                  "    impl<'de> Visitor<'de> for TestVisitor {",
                  "        type Value = ();",
                  "",
                  "        fn visit_unit(self) -> Result<Self::Value, Error> {",
                  "            panic!(\"Should not receive a unit\");",
                  "        }",
                  "",
                  "        fn visit_bool(self, _: bool) -> Result<Self::Value, Error> {",
                  "            panic!(\"Should not receive a bool\");",
                  "        }",
                  "",
                  "        fn visit_string(self, _: String) -> Result<Self::Value, Error> {",
                  "            panic!(\"Should not receive a string\");",
                  "        }",
                  "",
                  "        fn visit_array(self, _: Vec<Self::Value>) -> Result<Self::Value, Error> {",
                  "            self.received = true;",
                  "            Ok(())",
                  "        }",
                  "",
                  "        fn visit_object<V>(self, _: V) -> Result<Self::Value, Error>",
                  "        where",
                  "            V: serde::de::MapAccess<'de>,",
                  "        {",
                  "            panic!(\"Should not receive an object\");",
                  "        }",
                  "",
                  "        fn visit_number(self, _: serde_json::Number) -> Result<Self::Value, Error> {",
                  "            panic!(\"Should not receive a number\");",
                  "        }",
                  "    }",
                  "",
                  "    let value = Value::Array(vec![Value::Number(serde_json::Number::from(1)), Value::Bool(true)]);",
                  "    let mut visitor = TestVisitor { received: false };",
                  "    let result = value.deserialize_any(visitor);",
                  "    assert!(result.is_ok());",
                  "}"
                ]
              ],
              "can_compile": [
                {
                  "Err": "   Compiling proc-macro2 v1.0.95\n   Compiling serde v1.0.219\n   Compiling syn v1.0.109\n   Compiling libc v0.2.172\n   Compiling serde_json v1.0.140\n   Compiling target-triple v0.1.4\n   Compiling ref-cast v1.0.24\n   Compiling rustversion v1.0.20\n   Compiling serde_json v1.0.140 (/home/abezbm/rust-utgen-test-crates-new/json)\n   Compiling psm v0.1.26\n   Compiling stacker v0.1.21\n   Compiling quote v1.0.40\n   Compiling syn v2.0.101\n   Compiling serde_derive v1.0.219\n   Compiling ref-cast-impl v1.0.24\n   Compiling automod v1.0.15\n   Compiling ntest_test_cases v0.9.3\n   Compiling ntest_timeout v0.9.3\n   Compiling ntest v0.9.3\n   Compiling serde_spanned v0.6.8\n   Compiling toml_datetime v0.6.9\n   Compiling serde_bytes v0.11.17\n   Compiling serde_stacker v0.1.12\n   Compiling toml_edit v0.22.26\n   Compiling toml v0.8.22\n   Compiling trybuild v1.0.104\nerror[E0432]: unresolved import `serde_json`\n    --> src/value/de.rs:1508:9\n     |\n1508 |     use serde_json::Value;\n     |         ^^^^^^^^^^ use of undeclared crate or module `serde_json`\n\nerror[E0407]: method `visit_array` is not a member of trait `Visitor`\n    --> src/value/de.rs:1531:9\n     |\n1531 | /         fn visit_array(self, _: Vec<Self::Value>) -> Result<Self::Value, Error> {\n1532 | |             self.received = true;\n1533 | |             Ok(())\n1534 | |         }\n     | |_________^ not a member of trait `Visitor`\n\nerror[E0407]: method `visit_object` is not a member of trait `Visitor`\n    --> src/value/de.rs:1536:9\n     |\n1536 | /         fn visit_object<V>(self, _: V) -> Result<Self::Value, Error>\n1537 | |         where\n1538 | |             V: serde::de::MapAccess<'de>,\n1539 | |         {\n1540 | |             panic!(\"Should not receive an object\");\n1541 | |         }\n     | |_________^ not a member of trait `Visitor`\n\nerror[E0407]: method `visit_number` is not a member of trait `Visitor`\n    --> src/value/de.rs:1543:9\n     |\n1543 |           fn visit_number(self, _: serde_json::Number) -> Result<Self::Value, Error> {\n     |           ^  ------------ help: there is an associated function with a similar name: `visit_none`\n     |  _________|\n     | |\n1544 | |             panic!(\"Should not receive a number\");\n1545 | |         }\n     | |_________^ not a member of trait `Visitor`\n\nerror[E0433]: failed to resolve: use of undeclared crate or module `serde_json`\n    --> src/value/de.rs:1548:49\n     |\n1548 |     let value = Value::Array(vec![Value::Number(serde_json::Number::from(1)), Value::Bool(true)]);\n     |                                                 ^^^^^^^^^^ use of undeclared crate or module `serde_json`\n     |\nhelp: consider importing this struct\n     |\n1503 +    use crate::number::Number;\n     |\nhelp: if you import `Number`, refer to it directly\n     |\n1548 -     let value = Value::Array(vec![Value::Number(serde_json::Number::from(1)), Value::Bool(true)]);\n1548 +     let value = Value::Array(vec![Value::Number(Number::from(1)), Value::Bool(true)]);\n     |\n\nwarning: unused import: `ntest::timeout`\n    --> src/value/de.rs:1504:8\n     |\n1504 |    use ntest::timeout;\n     |        ^^^^^^^^^^^^^^\n     |\n     = note: `#[warn(unused_imports)]` on by default\n\nerror[E0049]: method `visit_unit` has 0 type parameters but its trait declaration has 1 type parameter\n    --> src/value/de.rs:1519:22\n     |\n1519 |           fn visit_unit(self) -> Result<Self::Value, Error> {\n     |                        ^ found 0 type parameters\n     |\n    ::: /home/abezbm/.cargo/registry/src/index.crates.io-6f17d22bba15001f/serde-1.0.219/src/de/mod.rs:1625:5\n     |\n1625 | /     fn visit_unit<E>(self) -> Result<Self::Value, E>\n1626 | |     where\n1627 | |         E: Error,\n     | |_________________- expected 1 type parameter\n\nerror[E0049]: method `visit_bool` has 0 type parameters but its trait declaration has 1 type parameter\n    --> src/value/de.rs:1523:22\n     |\n1523 |           fn visit_bool(self, _: bool) -> Result<Self::Value, Error> {\n     |                        ^ found 0 type parameters\n     |\n    ::: /home/abezbm/.cargo/registry/src/index.crates.io-6f17d22bba15001f/serde-1.0.219/src/de/mod.rs:1315:5\n     |\n1315 | /     fn visit_bool<E>(self, v: bool) -> Result<Self::Value, E>\n1316 | |     where\n1317 | |         E: Error,\n     | |_________________- expected 1 type parameter\n\nerror[E0049]: method `visit_string` has 0 type parameters but its trait declaration has 1 type parameter\n    --> src/value/de.rs:1527:24\n     |\n1527 |           fn visit_string(self, _: String) -> Result<Self::Value, Error> {\n     |                          ^ found 0 type parameters\n     |\n    ::: /home/abezbm/.cargo/registry/src/index.crates.io-6f17d22bba15001f/serde-1.0.219/src/de/mod.rs:1535:5\n     |\n1535 | /     fn visit_string<E>(self, v: String) -> Result<Self::Value, E>\n1536 | |     where\n1537 | |         E: Error,\n     | |_________________- expected 1 type parameter\n\nerror[E0046]: not all trait items implemented, missing: `expecting`\n    --> src/value/de.rs:1516:5\n     |\n1516 |     impl<'de> Visitor<'de> for TestVisitor {\n     |     ^^^^^^^^^^^^^^^^^^^^^^^^^^^^^^^^^^^^^^ missing `expecting` in implementation\n     |\n     = help: implement the missing item: `fn expecting(&self, _: &mut std::fmt::Formatter<'_>) -> std::result::Result<(), std::fmt::Error> { todo!() }`\n\nerror[E0038]: the trait `serde::de::Error` cannot be made into an object\n    --> src/value/de.rs:1519:52\n     |\n1519 |         fn visit_unit(self) -> Result<Self::Value, Error> {\n     |                                                    ^^^^^ `serde::de::Error` cannot be made into an object\n     |\n     = note: the trait cannot be made into an object because it requires `Self: Sized`\n     = note: for a trait to be \"object safe\" it needs to allow building a vtable to allow the call to be resolvable dynamically; for more information visit <https://doc.rust-lang.org/reference/items/traits.html#object-safety>\n     = help: the following types implement the trait, consider defining an enum where each variant holds one of these types, implementing `serde::de::Error` for this new enum and using it instead:\n               error::Error\n               serde::de::value::Error\n               serde_json::Error\n               toml::de::Error\n               toml_edit::de::Error\n\nerror[E0277]: the size for values of type `(dyn serde::de::Error + 'static)` cannot be known at compilation time\n    --> src/value/de.rs:1519:32\n     |\n1519 |         fn visit_unit(self) -> Result<Self::Value, Error> {\n     |                                ^^^^^^^^^^^^^^^^^^^^^^^^^^ doesn't have a size known at compile-time\n     |\n     = help: the trait `Sized` is not implemented for `(dyn serde::de::Error + 'static)`\nnote: required by an implicit `Sized` bound in `std::result::Result`\n    --> /home/abezbm/.rustup/toolchains/nightly-2024-07-21-x86_64-unknown-linux-gnu/lib/rustlib/src/rust/library/core/src/result.rs:527:20\n     |\n527  | pub enum Result<T, E> {\n     |                    ^ required by the implicit `Sized` requirement on this type parameter in `Result`\n\nerror[E0038]: the trait `serde::de::Error` cannot be made into an object\n    --> src/value/de.rs:1523:61\n     |\n1523 |         fn visit_bool(self, _: bool) -> Result<Self::Value, Error> {\n     |                                                             ^^^^^ `serde::de::Error` cannot be made into an object\n     |\n     = note: the trait cannot be made into an object because it requires `Self: Sized`\n     = note: for a trait to be \"object safe\" it needs to allow building a vtable to allow the call to be resolvable dynamically; for more information visit <https://doc.rust-lang.org/reference/items/traits.html#object-safety>\n     = help: the following types implement the trait, consider defining an enum where each variant holds one of these types, implementing `serde::de::Error` for this new enum and using it instead:\n               error::Error\n               serde::de::value::Error\n               serde_json::Error\n               toml::de::Error\n               toml_edit::de::Error\n\nerror[E0277]: the size for values of type `(dyn serde::de::Error + 'static)` cannot be known at compilation time\n    --> src/value/de.rs:1523:41\n     |\n1523 |         fn visit_bool(self, _: bool) -> Result<Self::Value, Error> {\n     |                                         ^^^^^^^^^^^^^^^^^^^^^^^^^^ doesn't have a size known at compile-time\n     |\n     = help: the trait `Sized` is not implemented for `(dyn serde::de::Error + 'static)`\nnote: required by an implicit `Sized` bound in `std::result::Result`\n    --> /home/abezbm/.rustup/toolchains/nightly-2024-07-21-x86_64-unknown-linux-gnu/lib/rustlib/src/rust/library/core/src/result.rs:527:20\n     |\n527  | pub enum Result<T, E> {\n     |                    ^ required by the implicit `Sized` requirement on this type parameter in `Result`\n\nerror[E0038]: the trait `serde::de::Error` cannot be made into an object\n    --> src/value/de.rs:1527:65\n     |\n1527 |         fn visit_string(self, _: String) -> Result<Self::Value, Error> {\n     |                                                                 ^^^^^ `serde::de::Error` cannot be made into an object\n     |\n     = note: the trait cannot be made into an object because it requires `Self: Sized`\n     = note: for a trait to be \"object safe\" it needs to allow building a vtable to allow the call to be resolvable dynamically; for more information visit <https://doc.rust-lang.org/reference/items/traits.html#object-safety>\n     = help: the following types implement the trait, consider defining an enum where each variant holds one of these types, implementing `serde::de::Error` for this new enum and using it instead:\n               error::Error\n               serde::de::value::Error\n               serde_json::Error\n               toml::de::Error\n               toml_edit::de::Error\n\nerror[E0277]: the size for values of type `(dyn serde::de::Error + 'static)` cannot be known at compilation time\n    --> src/value/de.rs:1527:45\n     |\n1527 |         fn visit_string(self, _: String) -> Result<Self::Value, Error> {\n     |                                             ^^^^^^^^^^^^^^^^^^^^^^^^^^ doesn't have a size known at compile-time\n     |\n     = help: the trait `Sized` is not implemented for `(dyn serde::de::Error + 'static)`\nnote: required by an implicit `Sized` bound in `std::result::Result`\n    --> /home/abezbm/.rustup/toolchains/nightly-2024-07-21-x86_64-unknown-linux-gnu/lib/rustlib/src/rust/library/core/src/result.rs:527:20\n     |\n527  | pub enum Result<T, E> {\n     |                    ^ required by the implicit `Sized` requirement on this type parameter in `Result`\n\nerror[E0038]: the trait `serde::de::Error` cannot be made into an object\n    --> src/value/de.rs:1531:74\n     |\n1531 |         fn visit_array(self, _: Vec<Self::Value>) -> Result<Self::Value, Error> {\n     |                                                                          ^^^^^ `serde::de::Error` cannot be made into an object\n     |\n     = note: the trait cannot be made into an object because it requires `Self: Sized`\n     = note: for a trait to be \"object safe\" it needs to allow building a vtable to allow the call to be resolvable dynamically; for more information visit <https://doc.rust-lang.org/reference/items/traits.html#object-safety>\n     = help: the following types implement the trait, consider defining an enum where each variant holds one of these types, implementing `serde::de::Error` for this new enum and using it instead:\n               error::Error\n               serde::de::value::Error\n               serde_json::Error\n               toml::de::Error\n               toml_edit::de::Error\n\nerror[E0277]: the size for values of type `(dyn serde::de::Error + 'static)` cannot be known at compilation time\n    --> src/value/de.rs:1531:54\n     |\n1531 |         fn visit_array(self, _: Vec<Self::Value>) -> Result<Self::Value, Error> {\n     |                                                      ^^^^^^^^^^^^^^^^^^^^^^^^^^ doesn't have a size known at compile-time\n     |\n     = help: the trait `Sized` is not implemented for `(dyn serde::de::Error + 'static)`\nnote: required by an implicit `Sized` bound in `std::result::Result`\n    --> /home/abezbm/.rustup/toolchains/nightly-2024-07-21-x86_64-unknown-linux-gnu/lib/rustlib/src/rust/library/core/src/result.rs:527:20\n     |\n527  | pub enum Result<T, E> {\n     |                    ^ required by the implicit `Sized` requirement on this type parameter in `Result`\n\nerror[E0038]: the trait `serde::de::Error` cannot be made into an object\n    --> src/value/de.rs:1536:63\n     |\n1536 |         fn visit_object<V>(self, _: V) -> Result<Self::Value, Error>\n     |                                                               ^^^^^ `serde::de::Error` cannot be made into an object\n     |\n     = note: the trait cannot be made into an object because it requires `Self: Sized`\n     = note: for a trait to be \"object safe\" it needs to allow building a vtable to allow the call to be resolvable dynamically; for more information visit <https://doc.rust-lang.org/reference/items/traits.html#object-safety>\n     = help: the following types implement the trait, consider defining an enum where each variant holds one of these types, implementing `serde::de::Error` for this new enum and using it instead:\n               error::Error\n               serde::de::value::Error\n               serde_json::Error\n               toml::de::Error\n               toml_edit::de::Error\n\nerror[E0277]: the size for values of type `(dyn serde::de::Error + 'static)` cannot be known at compilation time\n    --> src/value/de.rs:1536:43\n     |\n1536 |         fn visit_object<V>(self, _: V) -> Result<Self::Value, Error>\n     |                                           ^^^^^^^^^^^^^^^^^^^^^^^^^^ doesn't have a size known at compile-time\n     |\n     = help: the trait `Sized` is not implemented for `(dyn serde::de::Error + 'static)`\nnote: required by an implicit `Sized` bound in `std::result::Result`\n    --> /home/abezbm/.rustup/toolchains/nightly-2024-07-21-x86_64-unknown-linux-gnu/lib/rustlib/src/rust/library/core/src/result.rs:527:20\n     |\n527  | pub enum Result<T, E> {\n     |                    ^ required by the implicit `Sized` requirement on this type parameter in `Result`\n\nerror[E0038]: the trait `serde::de::Error` cannot be made into an object\n    --> src/value/de.rs:1543:77\n     |\n1543 |         fn visit_number(self, _: serde_json::Number) -> Result<Self::Value, Error> {\n     |                                                                             ^^^^^ `serde::de::Error` cannot be made into an object\n     |\n     = note: the trait cannot be made into an object because it requires `Self: Sized`\n     = note: for a trait to be \"object safe\" it needs to allow building a vtable to allow the call to be resolvable dynamically; for more information visit <https://doc.rust-lang.org/reference/items/traits.html#object-safety>\n     = help: the following types implement the trait, consider defining an enum where each variant holds one of these types, implementing `serde::de::Error` for this new enum and using it instead:\n               error::Error\n               serde::de::value::Error\n               serde_json::Error\n               toml::de::Error\n               toml_edit::de::Error\n\nerror[E0277]: the size for values of type `(dyn serde::de::Error + 'static)` cannot be known at compilation time\n    --> src/value/de.rs:1543:57\n     |\n1543 |         fn visit_number(self, _: serde_json::Number) -> Result<Self::Value, Error> {\n     |                                                         ^^^^^^^^^^^^^^^^^^^^^^^^^^ doesn't have a size known at compile-time\n     |\n     = help: the trait `Sized` is not implemented for `(dyn serde::de::Error + 'static)`\nnote: required by an implicit `Sized` bound in `std::result::Result`\n    --> /home/abezbm/.rustup/toolchains/nightly-2024-07-21-x86_64-unknown-linux-gnu/lib/rustlib/src/rust/library/core/src/result.rs:527:20\n     |\n527  | pub enum Result<T, E> {\n     |                    ^ required by the implicit `Sized` requirement on this type parameter in `Result`\n\nerror[E0038]: the trait `serde::de::Error` cannot be made into an object\n    --> src/value/de.rs:1533:13\n     |\n1533 |             Ok(())\n     |             ^^ `serde::de::Error` cannot be made into an object\n     |\n     = note: the trait cannot be made into an object because it requires `Self: Sized`\n     = note: for a trait to be \"object safe\" it needs to allow building a vtable to allow the call to be resolvable dynamically; for more information visit <https://doc.rust-lang.org/reference/items/traits.html#object-safety>\n     = help: the following types implement the trait, consider defining an enum where each variant holds one of these types, implementing `serde::de::Error` for this new enum and using it instead:\n               error::Error\n               serde::de::value::Error\n               serde_json::Error\n               toml::de::Error\n               toml_edit::de::Error\n\nerror[E0277]: the size for values of type `dyn serde::de::Error` cannot be known at compilation time\n    --> src/value/de.rs:1533:13\n     |\n1533 |             Ok(())\n     |             ^^^^^^ doesn't have a size known at compile-time\n     |\n     = help: the trait `Sized` is not implemented for `dyn serde::de::Error`\nnote: required by a bound in `Ok`\n    --> /home/abezbm/.rustup/toolchains/nightly-2024-07-21-x86_64-unknown-linux-gnu/lib/rustlib/src/rust/library/core/src/result.rs:527:20\n     |\n527  | pub enum Result<T, E> {\n     |                    ^ required by this bound in `Ok`\n...\n531  |     Ok(#[stable(feature = \"rust1\", since = \"1.0.0\")] T),\n     |     -- required by a bound in this tuple variant\n\nerror[E0433]: failed to resolve: use of undeclared crate or module `serde_json`\n    --> src/value/de.rs:1543:34\n     |\n1543 |         fn visit_number(self, _: serde_json::Number) -> Result<Self::Value, Error> {\n     |                                  ^^^^^^^^^^ use of undeclared crate or module `serde_json`\n\nerror[E0782]: trait objects must include the `dyn` keyword\n    --> src/value/de.rs:1519:52\n     |\n1519 |         fn visit_unit(self) -> Result<Self::Value, Error> {\n     |                                                    ^^^^^\n     |\nhelp: add `dyn` keyword before this trait\n     |\n1519 |         fn visit_unit(self) -> Result<Self::Value, dyn Error> {\n     |                                                    +++\n\nerror[E0782]: trait objects must include the `dyn` keyword\n    --> src/value/de.rs:1523:61\n     |\n1523 |         fn visit_bool(self, _: bool) -> Result<Self::Value, Error> {\n     |                                                             ^^^^^\n     |\nhelp: add `dyn` keyword before this trait\n     |\n1523 |         fn visit_bool(self, _: bool) -> Result<Self::Value, dyn Error> {\n     |                                                             +++\n\nerror[E0782]: trait objects must include the `dyn` keyword\n    --> src/value/de.rs:1527:65\n     |\n1527 |         fn visit_string(self, _: String) -> Result<Self::Value, Error> {\n     |                                                                 ^^^^^\n     |\nhelp: add `dyn` keyword before this trait\n     |\n1527 |         fn visit_string(self, _: String) -> Result<Self::Value, dyn Error> {\n     |                                                                 +++\n\nerror[E0782]: trait objects must include the `dyn` keyword\n    --> src/value/de.rs:1531:74\n     |\n1531 |         fn visit_array(self, _: Vec<Self::Value>) -> Result<Self::Value, Error> {\n     |                                                                          ^^^^^\n     |\nhelp: add `dyn` keyword before this trait\n     |\n1531 |         fn visit_array(self, _: Vec<Self::Value>) -> Result<Self::Value, dyn Error> {\n     |                                                                          +++\n\nerror[E0782]: trait objects must include the `dyn` keyword\n    --> src/value/de.rs:1536:63\n     |\n1536 |         fn visit_object<V>(self, _: V) -> Result<Self::Value, Error>\n     |                                                               ^^^^^\n     |\nhelp: add `dyn` keyword before this trait\n     |\n1536 |         fn visit_object<V>(self, _: V) -> Result<Self::Value, dyn Error>\n     |                                                               +++\n\nerror[E0782]: trait objects must include the `dyn` keyword\n    --> src/value/de.rs:1543:77\n     |\n1543 |         fn visit_number(self, _: serde_json::Number) -> Result<Self::Value, Error> {\n     |                                                                             ^^^^^\n     |\nhelp: add `dyn` keyword before this trait\n     |\n1543 |         fn visit_number(self, _: serde_json::Number) -> Result<Self::Value, dyn Error> {\n     |                                                                             +++\n\nSome errors have detailed explanations: E0038, E0046, E0049, E0277, E0407, E0432, E0433, E0782.\nFor more information about an error, try `rustc --explain E0038`.\nwarning: `serde_json` (lib test) generated 1 warning\nerror: could not compile `serde_json` (lib test) due to 30 previous errors; 1 warning emitted\n"
                }
              ],
              "repaired": [
                false
              ]
            },
            {
              "attrs": [],
              "prefix": [],
              "oracles": [],
              "codes": [
                [
                  "{",
                  "    use serde_json::Value;",
                  "    use serde::de::Visitor;",
                  "    use serde::de::Error;",
                  "    use serde::de::MapAccess;",
                  "",
                  "    struct TestVisitor {",
                  "        received: bool,",
                  "    }",
                  "",
                  "    impl<'de> Visitor<'de> for TestVisitor {",
                  "        type Value = ();",
                  "",
                  "        fn visit_unit(self) -> Result<Self::Value, Error> {",
                  "            panic!(\"Should not receive a unit\");",
                  "        }",
                  "",
                  "        fn visit_bool(self, _: bool) -> Result<Self::Value, Error> {",
                  "            panic!(\"Should not receive a bool\");",
                  "        }",
                  "",
                  "        fn visit_string(self, _: String) -> Result<Self::Value, Error> {",
                  "            panic!(\"Should not receive a string\");",
                  "        }",
                  "",
                  "        fn visit_array(self, _: Vec<Self::Value>) -> Result<Self::Value, Error> {",
                  "            panic!(\"Should not receive an array\");",
                  "        }",
                  "",
                  "        fn visit_object<V>(self, _: V) -> Result<Self::Value, Error>",
                  "        where",
                  "            V: MapAccess<'de>,",
                  "        {",
                  "            self.received = true;",
                  "            Ok(())",
                  "        }",
                  "",
                  "        fn visit_number(self, _: serde_json::Number) -> Result<Self::Value, Error> {",
                  "            panic!(\"Should not receive a number\");",
                  "        }",
                  "    }",
                  "",
                  "    let value = Value::Object(serde_json::Map::new());",
                  "    let mut visitor = TestVisitor { received: false };",
                  "    let result = value.deserialize_any(visitor);",
                  "    assert!(result.is_ok());",
                  "}"
                ]
              ],
              "can_compile": [
                {
                  "Err": "   Compiling proc-macro2 v1.0.95\n   Compiling serde v1.0.219\n   Compiling syn v1.0.109\n   Compiling libc v0.2.172\n   Compiling target-triple v0.1.4\n   Compiling serde_json v1.0.140\n   Compiling rustversion v1.0.20\n   Compiling ref-cast v1.0.24\n   Compiling serde_json v1.0.140 (/home/abezbm/rust-utgen-test-crates-new/json)\n   Compiling psm v0.1.26\n   Compiling stacker v0.1.21\n   Compiling quote v1.0.40\n   Compiling syn v2.0.101\n   Compiling serde_derive v1.0.219\n   Compiling ref-cast-impl v1.0.24\n   Compiling automod v1.0.15\n   Compiling ntest_timeout v0.9.3\n   Compiling ntest_test_cases v0.9.3\n   Compiling ntest v0.9.3\n   Compiling toml_datetime v0.6.9\n   Compiling serde_spanned v0.6.8\n   Compiling serde_bytes v0.11.17\n   Compiling serde_stacker v0.1.12\n   Compiling toml_edit v0.22.26\n   Compiling toml v0.8.22\n   Compiling trybuild v1.0.104\nerror[E0432]: unresolved import `serde_json`\n    --> src/value/de.rs:1508:9\n     |\n1508 |     use serde_json::Value;\n     |         ^^^^^^^^^^ use of undeclared crate or module `serde_json`\n\nerror[E0407]: method `visit_array` is not a member of trait `Visitor`\n    --> src/value/de.rs:1532:9\n     |\n1532 | /         fn visit_array(self, _: Vec<Self::Value>) -> Result<Self::Value, Error> {\n1533 | |             panic!(\"Should not receive an array\");\n1534 | |         }\n     | |_________^ not a member of trait `Visitor`\n\nerror[E0407]: method `visit_object` is not a member of trait `Visitor`\n    --> src/value/de.rs:1536:9\n     |\n1536 | /         fn visit_object<V>(self, _: V) -> Result<Self::Value, Error>\n1537 | |         where\n1538 | |             V: MapAccess<'de>,\n1539 | |         {\n1540 | |             self.received = true;\n1541 | |             Ok(())\n1542 | |         }\n     | |_________^ not a member of trait `Visitor`\n\nerror[E0407]: method `visit_number` is not a member of trait `Visitor`\n    --> src/value/de.rs:1544:9\n     |\n1544 |           fn visit_number(self, _: serde_json::Number) -> Result<Self::Value, Error> {\n     |           ^  ------------ help: there is an associated function with a similar name: `visit_none`\n     |  _________|\n     | |\n1545 | |             panic!(\"Should not receive a number\");\n1546 | |         }\n     | |_________^ not a member of trait `Visitor`\n\nerror[E0433]: failed to resolve: use of undeclared crate or module `serde_json`\n    --> src/value/de.rs:1549:31\n     |\n1549 |     let value = Value::Object(serde_json::Map::new());\n     |                               ^^^^^^^^^^ use of undeclared crate or module `serde_json`\n     |\nhelp: consider importing one of these structs\n     |\n1503 +    use crate::value::Map;\n     |\n1503 +    use std::iter::Map;\n     |\nhelp: if you import `Map`, refer to it directly\n     |\n1549 -     let value = Value::Object(serde_json::Map::new());\n1549 +     let value = Value::Object(Map::new());\n     |\n\nwarning: unused import: `ntest::timeout`\n    --> src/value/de.rs:1504:8\n     |\n1504 |    use ntest::timeout;\n     |        ^^^^^^^^^^^^^^\n     |\n     = note: `#[warn(unused_imports)]` on by default\n\nerror[E0049]: method `visit_unit` has 0 type parameters but its trait declaration has 1 type parameter\n    --> src/value/de.rs:1520:22\n     |\n1520 |           fn visit_unit(self) -> Result<Self::Value, Error> {\n     |                        ^ found 0 type parameters\n     |\n    ::: /home/abezbm/.cargo/registry/src/index.crates.io-6f17d22bba15001f/serde-1.0.219/src/de/mod.rs:1625:5\n     |\n1625 | /     fn visit_unit<E>(self) -> Result<Self::Value, E>\n1626 | |     where\n1627 | |         E: Error,\n     | |_________________- expected 1 type parameter\n\nerror[E0049]: method `visit_bool` has 0 type parameters but its trait declaration has 1 type parameter\n    --> src/value/de.rs:1524:22\n     |\n1524 |           fn visit_bool(self, _: bool) -> Result<Self::Value, Error> {\n     |                        ^ found 0 type parameters\n     |\n    ::: /home/abezbm/.cargo/registry/src/index.crates.io-6f17d22bba15001f/serde-1.0.219/src/de/mod.rs:1315:5\n     |\n1315 | /     fn visit_bool<E>(self, v: bool) -> Result<Self::Value, E>\n1316 | |     where\n1317 | |         E: Error,\n     | |_________________- expected 1 type parameter\n\nerror[E0049]: method `visit_string` has 0 type parameters but its trait declaration has 1 type parameter\n    --> src/value/de.rs:1528:24\n     |\n1528 |           fn visit_string(self, _: String) -> Result<Self::Value, Error> {\n     |                          ^ found 0 type parameters\n     |\n    ::: /home/abezbm/.cargo/registry/src/index.crates.io-6f17d22bba15001f/serde-1.0.219/src/de/mod.rs:1535:5\n     |\n1535 | /     fn visit_string<E>(self, v: String) -> Result<Self::Value, E>\n1536 | |     where\n1537 | |         E: Error,\n     | |_________________- expected 1 type parameter\n\nerror[E0046]: not all trait items implemented, missing: `expecting`\n    --> src/value/de.rs:1517:5\n     |\n1517 |     impl<'de> Visitor<'de> for TestVisitor {\n     |     ^^^^^^^^^^^^^^^^^^^^^^^^^^^^^^^^^^^^^^ missing `expecting` in implementation\n     |\n     = help: implement the missing item: `fn expecting(&self, _: &mut std::fmt::Formatter<'_>) -> std::result::Result<(), std::fmt::Error> { todo!() }`\n\nerror[E0038]: the trait `serde::de::Error` cannot be made into an object\n    --> src/value/de.rs:1520:52\n     |\n1520 |         fn visit_unit(self) -> Result<Self::Value, Error> {\n     |                                                    ^^^^^ `serde::de::Error` cannot be made into an object\n     |\n     = note: the trait cannot be made into an object because it requires `Self: Sized`\n     = note: for a trait to be \"object safe\" it needs to allow building a vtable to allow the call to be resolvable dynamically; for more information visit <https://doc.rust-lang.org/reference/items/traits.html#object-safety>\n     = help: the following types implement the trait, consider defining an enum where each variant holds one of these types, implementing `serde::de::Error` for this new enum and using it instead:\n               error::Error\n               serde::de::value::Error\n               serde_json::Error\n               toml::de::Error\n               toml_edit::de::Error\n\nerror[E0277]: the size for values of type `(dyn serde::de::Error + 'static)` cannot be known at compilation time\n    --> src/value/de.rs:1520:32\n     |\n1520 |         fn visit_unit(self) -> Result<Self::Value, Error> {\n     |                                ^^^^^^^^^^^^^^^^^^^^^^^^^^ doesn't have a size known at compile-time\n     |\n     = help: the trait `Sized` is not implemented for `(dyn serde::de::Error + 'static)`\nnote: required by an implicit `Sized` bound in `std::result::Result`\n    --> /home/abezbm/.rustup/toolchains/nightly-2024-07-21-x86_64-unknown-linux-gnu/lib/rustlib/src/rust/library/core/src/result.rs:527:20\n     |\n527  | pub enum Result<T, E> {\n     |                    ^ required by the implicit `Sized` requirement on this type parameter in `Result`\n\nerror[E0038]: the trait `serde::de::Error` cannot be made into an object\n    --> src/value/de.rs:1524:61\n     |\n1524 |         fn visit_bool(self, _: bool) -> Result<Self::Value, Error> {\n     |                                                             ^^^^^ `serde::de::Error` cannot be made into an object\n     |\n     = note: the trait cannot be made into an object because it requires `Self: Sized`\n     = note: for a trait to be \"object safe\" it needs to allow building a vtable to allow the call to be resolvable dynamically; for more information visit <https://doc.rust-lang.org/reference/items/traits.html#object-safety>\n     = help: the following types implement the trait, consider defining an enum where each variant holds one of these types, implementing `serde::de::Error` for this new enum and using it instead:\n               error::Error\n               serde::de::value::Error\n               serde_json::Error\n               toml::de::Error\n               toml_edit::de::Error\n\nerror[E0277]: the size for values of type `(dyn serde::de::Error + 'static)` cannot be known at compilation time\n    --> src/value/de.rs:1524:41\n     |\n1524 |         fn visit_bool(self, _: bool) -> Result<Self::Value, Error> {\n     |                                         ^^^^^^^^^^^^^^^^^^^^^^^^^^ doesn't have a size known at compile-time\n     |\n     = help: the trait `Sized` is not implemented for `(dyn serde::de::Error + 'static)`\nnote: required by an implicit `Sized` bound in `std::result::Result`\n    --> /home/abezbm/.rustup/toolchains/nightly-2024-07-21-x86_64-unknown-linux-gnu/lib/rustlib/src/rust/library/core/src/result.rs:527:20\n     |\n527  | pub enum Result<T, E> {\n     |                    ^ required by the implicit `Sized` requirement on this type parameter in `Result`\n\nerror[E0038]: the trait `serde::de::Error` cannot be made into an object\n    --> src/value/de.rs:1528:65\n     |\n1528 |         fn visit_string(self, _: String) -> Result<Self::Value, Error> {\n     |                                                                 ^^^^^ `serde::de::Error` cannot be made into an object\n     |\n     = note: the trait cannot be made into an object because it requires `Self: Sized`\n     = note: for a trait to be \"object safe\" it needs to allow building a vtable to allow the call to be resolvable dynamically; for more information visit <https://doc.rust-lang.org/reference/items/traits.html#object-safety>\n     = help: the following types implement the trait, consider defining an enum where each variant holds one of these types, implementing `serde::de::Error` for this new enum and using it instead:\n               error::Error\n               serde::de::value::Error\n               serde_json::Error\n               toml::de::Error\n               toml_edit::de::Error\n\nerror[E0277]: the size for values of type `(dyn serde::de::Error + 'static)` cannot be known at compilation time\n    --> src/value/de.rs:1528:45\n     |\n1528 |         fn visit_string(self, _: String) -> Result<Self::Value, Error> {\n     |                                             ^^^^^^^^^^^^^^^^^^^^^^^^^^ doesn't have a size known at compile-time\n     |\n     = help: the trait `Sized` is not implemented for `(dyn serde::de::Error + 'static)`\nnote: required by an implicit `Sized` bound in `std::result::Result`\n    --> /home/abezbm/.rustup/toolchains/nightly-2024-07-21-x86_64-unknown-linux-gnu/lib/rustlib/src/rust/library/core/src/result.rs:527:20\n     |\n527  | pub enum Result<T, E> {\n     |                    ^ required by the implicit `Sized` requirement on this type parameter in `Result`\n\nerror[E0038]: the trait `serde::de::Error` cannot be made into an object\n    --> src/value/de.rs:1532:74\n     |\n1532 |         fn visit_array(self, _: Vec<Self::Value>) -> Result<Self::Value, Error> {\n     |                                                                          ^^^^^ `serde::de::Error` cannot be made into an object\n     |\n     = note: the trait cannot be made into an object because it requires `Self: Sized`\n     = note: for a trait to be \"object safe\" it needs to allow building a vtable to allow the call to be resolvable dynamically; for more information visit <https://doc.rust-lang.org/reference/items/traits.html#object-safety>\n     = help: the following types implement the trait, consider defining an enum where each variant holds one of these types, implementing `serde::de::Error` for this new enum and using it instead:\n               error::Error\n               serde::de::value::Error\n               serde_json::Error\n               toml::de::Error\n               toml_edit::de::Error\n\nerror[E0277]: the size for values of type `(dyn serde::de::Error + 'static)` cannot be known at compilation time\n    --> src/value/de.rs:1532:54\n     |\n1532 |         fn visit_array(self, _: Vec<Self::Value>) -> Result<Self::Value, Error> {\n     |                                                      ^^^^^^^^^^^^^^^^^^^^^^^^^^ doesn't have a size known at compile-time\n     |\n     = help: the trait `Sized` is not implemented for `(dyn serde::de::Error + 'static)`\nnote: required by an implicit `Sized` bound in `std::result::Result`\n    --> /home/abezbm/.rustup/toolchains/nightly-2024-07-21-x86_64-unknown-linux-gnu/lib/rustlib/src/rust/library/core/src/result.rs:527:20\n     |\n527  | pub enum Result<T, E> {\n     |                    ^ required by the implicit `Sized` requirement on this type parameter in `Result`\n\nerror[E0038]: the trait `serde::de::Error` cannot be made into an object\n    --> src/value/de.rs:1536:63\n     |\n1536 |         fn visit_object<V>(self, _: V) -> Result<Self::Value, Error>\n     |                                                               ^^^^^ `serde::de::Error` cannot be made into an object\n     |\n     = note: the trait cannot be made into an object because it requires `Self: Sized`\n     = note: for a trait to be \"object safe\" it needs to allow building a vtable to allow the call to be resolvable dynamically; for more information visit <https://doc.rust-lang.org/reference/items/traits.html#object-safety>\n     = help: the following types implement the trait, consider defining an enum where each variant holds one of these types, implementing `serde::de::Error` for this new enum and using it instead:\n               error::Error\n               serde::de::value::Error\n               serde_json::Error\n               toml::de::Error\n               toml_edit::de::Error\n\nerror[E0277]: the size for values of type `(dyn serde::de::Error + 'static)` cannot be known at compilation time\n    --> src/value/de.rs:1536:43\n     |\n1536 |         fn visit_object<V>(self, _: V) -> Result<Self::Value, Error>\n     |                                           ^^^^^^^^^^^^^^^^^^^^^^^^^^ doesn't have a size known at compile-time\n     |\n     = help: the trait `Sized` is not implemented for `(dyn serde::de::Error + 'static)`\nnote: required by an implicit `Sized` bound in `std::result::Result`\n    --> /home/abezbm/.rustup/toolchains/nightly-2024-07-21-x86_64-unknown-linux-gnu/lib/rustlib/src/rust/library/core/src/result.rs:527:20\n     |\n527  | pub enum Result<T, E> {\n     |                    ^ required by the implicit `Sized` requirement on this type parameter in `Result`\n\nerror[E0038]: the trait `serde::de::Error` cannot be made into an object\n    --> src/value/de.rs:1544:77\n     |\n1544 |         fn visit_number(self, _: serde_json::Number) -> Result<Self::Value, Error> {\n     |                                                                             ^^^^^ `serde::de::Error` cannot be made into an object\n     |\n     = note: the trait cannot be made into an object because it requires `Self: Sized`\n     = note: for a trait to be \"object safe\" it needs to allow building a vtable to allow the call to be resolvable dynamically; for more information visit <https://doc.rust-lang.org/reference/items/traits.html#object-safety>\n     = help: the following types implement the trait, consider defining an enum where each variant holds one of these types, implementing `serde::de::Error` for this new enum and using it instead:\n               error::Error\n               serde::de::value::Error\n               serde_json::Error\n               toml::de::Error\n               toml_edit::de::Error\n\nerror[E0277]: the size for values of type `(dyn serde::de::Error + 'static)` cannot be known at compilation time\n    --> src/value/de.rs:1544:57\n     |\n1544 |         fn visit_number(self, _: serde_json::Number) -> Result<Self::Value, Error> {\n     |                                                         ^^^^^^^^^^^^^^^^^^^^^^^^^^ doesn't have a size known at compile-time\n     |\n     = help: the trait `Sized` is not implemented for `(dyn serde::de::Error + 'static)`\nnote: required by an implicit `Sized` bound in `std::result::Result`\n    --> /home/abezbm/.rustup/toolchains/nightly-2024-07-21-x86_64-unknown-linux-gnu/lib/rustlib/src/rust/library/core/src/result.rs:527:20\n     |\n527  | pub enum Result<T, E> {\n     |                    ^ required by the implicit `Sized` requirement on this type parameter in `Result`\n\nerror[E0038]: the trait `serde::de::Error` cannot be made into an object\n    --> src/value/de.rs:1541:13\n     |\n1541 |             Ok(())\n     |             ^^ `serde::de::Error` cannot be made into an object\n     |\n     = note: the trait cannot be made into an object because it requires `Self: Sized`\n     = note: for a trait to be \"object safe\" it needs to allow building a vtable to allow the call to be resolvable dynamically; for more information visit <https://doc.rust-lang.org/reference/items/traits.html#object-safety>\n     = help: the following types implement the trait, consider defining an enum where each variant holds one of these types, implementing `serde::de::Error` for this new enum and using it instead:\n               error::Error\n               serde::de::value::Error\n               serde_json::Error\n               toml::de::Error\n               toml_edit::de::Error\n\nerror[E0277]: the size for values of type `dyn serde::de::Error` cannot be known at compilation time\n    --> src/value/de.rs:1541:13\n     |\n1541 |             Ok(())\n     |             ^^^^^^ doesn't have a size known at compile-time\n     |\n     = help: the trait `Sized` is not implemented for `dyn serde::de::Error`\nnote: required by a bound in `Ok`\n    --> /home/abezbm/.rustup/toolchains/nightly-2024-07-21-x86_64-unknown-linux-gnu/lib/rustlib/src/rust/library/core/src/result.rs:527:20\n     |\n527  | pub enum Result<T, E> {\n     |                    ^ required by this bound in `Ok`\n...\n531  |     Ok(#[stable(feature = \"rust1\", since = \"1.0.0\")] T),\n     |     -- required by a bound in this tuple variant\n\nerror[E0433]: failed to resolve: use of undeclared crate or module `serde_json`\n    --> src/value/de.rs:1544:34\n     |\n1544 |         fn visit_number(self, _: serde_json::Number) -> Result<Self::Value, Error> {\n     |                                  ^^^^^^^^^^ use of undeclared crate or module `serde_json`\n\nerror[E0782]: trait objects must include the `dyn` keyword\n    --> src/value/de.rs:1520:52\n     |\n1520 |         fn visit_unit(self) -> Result<Self::Value, Error> {\n     |                                                    ^^^^^\n     |\nhelp: add `dyn` keyword before this trait\n     |\n1520 |         fn visit_unit(self) -> Result<Self::Value, dyn Error> {\n     |                                                    +++\n\nerror[E0782]: trait objects must include the `dyn` keyword\n    --> src/value/de.rs:1524:61\n     |\n1524 |         fn visit_bool(self, _: bool) -> Result<Self::Value, Error> {\n     |                                                             ^^^^^\n     |\nhelp: add `dyn` keyword before this trait\n     |\n1524 |         fn visit_bool(self, _: bool) -> Result<Self::Value, dyn Error> {\n     |                                                             +++\n\nerror[E0782]: trait objects must include the `dyn` keyword\n    --> src/value/de.rs:1528:65\n     |\n1528 |         fn visit_string(self, _: String) -> Result<Self::Value, Error> {\n     |                                                                 ^^^^^\n     |\nhelp: add `dyn` keyword before this trait\n     |\n1528 |         fn visit_string(self, _: String) -> Result<Self::Value, dyn Error> {\n     |                                                                 +++\n\nerror[E0782]: trait objects must include the `dyn` keyword\n    --> src/value/de.rs:1532:74\n     |\n1532 |         fn visit_array(self, _: Vec<Self::Value>) -> Result<Self::Value, Error> {\n     |                                                                          ^^^^^\n     |\nhelp: add `dyn` keyword before this trait\n     |\n1532 |         fn visit_array(self, _: Vec<Self::Value>) -> Result<Self::Value, dyn Error> {\n     |                                                                          +++\n\nerror[E0782]: trait objects must include the `dyn` keyword\n    --> src/value/de.rs:1536:63\n     |\n1536 |         fn visit_object<V>(self, _: V) -> Result<Self::Value, Error>\n     |                                                               ^^^^^\n     |\nhelp: add `dyn` keyword before this trait\n     |\n1536 |         fn visit_object<V>(self, _: V) -> Result<Self::Value, dyn Error>\n     |                                                               +++\n\nerror[E0782]: trait objects must include the `dyn` keyword\n    --> src/value/de.rs:1544:77\n     |\n1544 |         fn visit_number(self, _: serde_json::Number) -> Result<Self::Value, Error> {\n     |                                                                             ^^^^^\n     |\nhelp: add `dyn` keyword before this trait\n     |\n1544 |         fn visit_number(self, _: serde_json::Number) -> Result<Self::Value, dyn Error> {\n     |                                                                             +++\n\nSome errors have detailed explanations: E0038, E0046, E0049, E0277, E0407, E0432, E0433, E0782.\nFor more information about an error, try `rustc --explain E0038`.\nwarning: `serde_json` (lib test) generated 1 warning\nerror: could not compile `serde_json` (lib test) due to 30 previous errors; 1 warning emitted\n"
                }
              ],
              "repaired": [
                false
              ]
            }
          ]
        }
      ]
    }
  ]
}