{
  "name": "serde_json::read::<read::SliceRead<'a> as read::Read<'a>>::parse_str_raw",
  "name_with_impl": "serde_json::read::{impl#7}::parse_str_raw",
  "mod_info": {
    "name": "read",
    "loc": "src/lib.rs:434:1:434:10"
  },
  "visible": true,
  "loc": "src/read.rs:591:5:596:6",
  "fn_tests": [
    {
      "chain_id": 1,
      "prompt_conds": [],
      "input_infer": "",
      "answers": [
        {
          "uses": [],
          "has_test_mod": false,
          "common": [],
          "chain_tests": [
            {
              "attrs": [],
              "prefix": [],
              "oracles": [],
              "codes": [
                [
                  "{",
                  "    struct TestStruct;",
                  "",
                  "    impl TestStruct {",
                  "        fn parse_str_bytes<'a, 's>(",
                  "            &mut self,",
                  "            scratch: &'s mut Vec<u8>,",
                  "            _: bool,",
                  "            parse_fn: fn(&'a usize, &'s [u8]) -> Result<&'s [u8], ()>,",
                  "        ) -> Result<Reference<'a, 's, [u8]>, ()> {",
                  "            parse_fn(&0, scratch.as_slice())",
                  "        }",
                  "        ",
                  "        fn parse_str_raw<'s>(",
                  "            &'s mut self,",
                  "            scratch: &'s mut Vec<u8>,",
                  "        ) -> Result<Reference<'_, 's, [u8]>, ()> {",
                  "            self.parse_str_bytes(scratch, false, |_, bytes| Ok(bytes))",
                  "        }",
                  "    }",
                  "",
                  "    let mut test_struct = TestStruct;",
                  "    ",
                  "    // Test with a normal case",
                  "    let mut scratch = vec![1, 2, 3, 4];",
                  "    let result = test_struct.parse_str_raw(&mut scratch);",
                  "    assert!(result.is_ok());",
                  "    ",
                  "    // Test when scratch is empty",
                  "    scratch.clear();",
                  "    let result_empty = test_struct.parse_str_raw(&mut scratch);",
                  "    assert!(result_empty.is_ok());",
                  "    ",
                  "    // Test with larger capacity",
                  "    scratch.extend_from_slice(&[5; 1000]);",
                  "    let result_large = test_struct.parse_str_raw(&mut scratch);",
                  "    assert!(result_large.is_ok());",
                  "}"
                ]
              ],
              "can_compile": [
                {
                  "Err": "   Compiling proc-macro2 v1.0.95\n   Compiling serde v1.0.219\n   Compiling syn v1.0.109\n   Compiling libc v0.2.172\n   Compiling target-triple v0.1.4\n   Compiling serde_json v1.0.140\n   Compiling ref-cast v1.0.24\n   Compiling rustversion v1.0.20\n   Compiling serde_json v1.0.140 (/home/abezbm/rust-utgen-test-crates-new/json)\n   Compiling psm v0.1.26\n   Compiling stacker v0.1.21\n   Compiling quote v1.0.40\n   Compiling syn v2.0.101\n   Compiling serde_derive v1.0.219\n   Compiling ref-cast-impl v1.0.24\n   Compiling automod v1.0.15\n   Compiling ntest_timeout v0.9.3\n   Compiling ntest_test_cases v0.9.3\n   Compiling ntest v0.9.3\n   Compiling toml_datetime v0.6.9\n   Compiling serde_spanned v0.6.8\n   Compiling serde_bytes v0.11.17\n   Compiling serde_stacker v0.1.12\n   Compiling toml_edit v0.22.26\n   Compiling toml v0.8.22\n   Compiling trybuild v1.0.104\nwarning: unused import: `ntest::timeout`\n    --> src/read.rs:1093:8\n     |\n1093 |    use ntest::timeout;\n     |        ^^^^^^^^^^^^^^\n     |\n     = note: `#[warn(unused_imports)]` on by default\n\nerror[E0107]: type alias takes 1 generic argument but 2 generic arguments were supplied\n    --> src/read.rs:1104:50\n     |\n1104 |             parse_fn: fn(&'a usize, &'s [u8]) -> Result<&'s [u8], ()>,\n     |                                                  ^^^^^^           -- help: remove this generic argument\n     |                                                  |\n     |                                                  expected 1 generic argument\n     |\nnote: type alias defined here, with 1 generic parameter: `T`\n    --> src/error.rs:25:10\n     |\n25   | pub type Result<T> = result::Result<T, Error>;\n     |          ^^^^^^ -\n\nerror[E0107]: type alias takes 1 generic argument but 2 generic arguments were supplied\n    --> src/read.rs:1105:14\n     |\n1105 |         ) -> Result<Reference<'a, 's, [u8]>, ()> {\n     |              ^^^^^^                          -- help: remove this generic argument\n     |              |\n     |              expected 1 generic argument\n     |\nnote: type alias defined here, with 1 generic parameter: `T`\n    --> src/error.rs:25:10\n     |\n25   | pub type Result<T> = result::Result<T, Error>;\n     |          ^^^^^^ -\n\nerror[E0107]: type alias takes 1 generic argument but 2 generic arguments were supplied\n    --> src/read.rs:1112:14\n     |\n1112 |         ) -> Result<Reference<'_, 's, [u8]>, ()> {\n     |              ^^^^^^                          -- help: remove this generic argument\n     |              |\n     |              expected 1 generic argument\n     |\nnote: type alias defined here, with 1 generic parameter: `T`\n    --> src/error.rs:25:10\n     |\n25   | pub type Result<T> = result::Result<T, Error>;\n     |          ^^^^^^ -\n\nerror[E0308]: mismatched types\n    --> src/read.rs:1106:13\n     |\n1105 |         ) -> Result<Reference<'a, 's, [u8]>, ()> {\n     |              ----------------------------------- expected `std::result::Result<read::Reference<'a, 's, [u8]>, error::Error>` because of return type\n1106 |             parse_fn(&0, scratch.as_slice())\n     |             ^^^^^^^^^^^^^^^^^^^^^^^^^^^^^^^^ expected `Result<Reference<'_, '_, ...>, ...>`, found `Result<&[u8], Error>`\n     |\n     = note: expected enum `std::result::Result<read::Reference<'a, 's, [u8]>, _>`\n                found enum `std::result::Result<&'s [u8], _>`\n\nSome errors have detailed explanations: E0107, E0308.\nFor more information about an error, try `rustc --explain E0107`.\nwarning: `serde_json` (lib test) generated 1 warning\nerror: could not compile `serde_json` (lib test) due to 4 previous errors; 1 warning emitted\n"
                }
              ],
              "repaired": [
                false
              ]
            }
          ]
        }
      ]
    }
  ]
}