{
  "name": "serde_json::read::error",
  "name_with_impl": "serde_json::read::error",
  "mod_info": {
    "name": "read",
    "loc": "src/lib.rs:434:1:434:10"
  },
  "visible": false,
  "loc": "src/read.rs:860:1:866:2",
  "fn_tests": [
    {
      "chain_id": 1,
      "prompt_conds": [
        "// expected return value/type: Err(Error::syntax(reason, position.line, position.column))\n"
      ],
      "input_infer": "",
      "answers": [
        {
          "uses": [],
          "has_test_mod": false,
          "common": [],
          "chain_tests": [
            {
              "attrs": [],
              "prefix": [],
              "oracles": [],
              "codes": [
                [
                  "{",
                  "    struct MockRead {",
                  "        position: Position,",
                  "    }",
                  "",
                  "    impl<'de> Read<'de> for MockRead {",
                  "        fn position(&self) -> Position {",
                  "            self.position",
                  "        }",
                  "        // Dummy implementations for the other required methods",
                  "    }",
                  "",
                  "    let mock_read = MockRead { position: Position { line: 10, column: 5 } };",
                  "    let reason = ErrorCode::InvalidValue;",
                  "",
                  "    let result: Result<()> = error(&mock_read, reason);",
                  "",
                  "    assert!(result.is_err());",
                  "    if let Err(Error::Syntax(reason_value, line, column)) = result {",
                  "        assert_eq!(reason_value, reason);",
                  "        assert_eq!(line, 10);",
                  "        assert_eq!(column, 5);",
                  "    } else {",
                  "        panic!(\"Expected an error variant with matching values\");",
                  "    }",
                  "}"
                ]
              ],
              "can_compile": [
                {
                  "Err": "   Compiling proc-macro2 v1.0.95\n   Compiling serde v1.0.219\n   Compiling syn v1.0.109\n   Compiling libc v0.2.172\n   Compiling serde_json v1.0.140\n   Compiling target-triple v0.1.4\n   Compiling ref-cast v1.0.24\n   Compiling rustversion v1.0.20\n   Compiling serde_json v1.0.140 (/home/abezbm/rust-utgen-test-crates-new/json)\n   Compiling psm v0.1.26\n   Compiling stacker v0.1.21\n   Compiling quote v1.0.40\n   Compiling syn v2.0.101\n   Compiling serde_derive v1.0.219\n   Compiling ref-cast-impl v1.0.24\n   Compiling automod v1.0.15\n   Compiling ntest_test_cases v0.9.3\n   Compiling ntest_timeout v0.9.3\n   Compiling ntest v0.9.3\n   Compiling toml_datetime v0.6.9\n   Compiling serde_spanned v0.6.8\n   Compiling serde_stacker v0.1.12\n   Compiling serde_bytes v0.11.17\n   Compiling toml_edit v0.22.26\n   Compiling toml v0.8.22\n   Compiling trybuild v1.0.104\nwarning: unused import: `ntest::timeout`\n    --> src/read.rs:1093:8\n     |\n1093 |    use ntest::timeout;\n     |        ^^^^^^^^^^^^^^\n     |\n     = note: `#[warn(unused_imports)]` on by default\n\nerror[E0277]: the trait bound `MockRead: read::private::Sealed` is not satisfied\n    --> src/read.rs:1101:29\n     |\n1101 |     impl<'de> Read<'de> for MockRead {\n     |                             ^^^^^^^^ the trait `read::private::Sealed` is not implemented for `MockRead`\n     |\n     = help: the following other types implement trait `read::private::Sealed`:\n               &mut R\n               IoRead<R>\n               SliceRead<'a>\n               StrRead<'a>\nnote: required by a bound in `read::Read`\n    --> src/read.rs:28:22\n     |\n28   | pub trait Read<'de>: private::Sealed {\n     |                      ^^^^^^^^^^^^^^^ required by this bound in `Read`\n     = note: `Read` is a \"sealed trait\", because to implement it you also need to implement `read::private::Sealed`, which is not accessible; this is usually done to force you to use one of the provided types that already implement it\n     = help: the following types implement the trait:\n               read::IoRead<R>\n               read::SliceRead<'a>\n               read::StrRead<'a>\n               &mut R\n\nerror[E0046]: not all trait items implemented, missing: `next`, `peek`, `discard`, `peek_position`, `byte_offset`, `parse_str`, `parse_str_raw`, `ignore_str`, `decode_hex_escape`, `should_early_return_if_failed`, `set_failed`\n    --> src/read.rs:1101:5\n     |\n30   |       fn next(&mut self) -> Result<Option<u8>>;\n     |       ----------------------------------------- `next` from trait\n31   |       #[doc(hidden)]\n32   |       fn peek(&mut self) -> Result<Option<u8>>;\n     |       ----------------------------------------- `peek` from trait\n...\n36   |       fn discard(&mut self);\n     |       ---------------------- `discard` from trait\n...\n56   |       fn peek_position(&self) -> Position;\n     |       ------------------------------------ `peek_position` from trait\n...\n61   |       fn byte_offset(&self) -> usize;\n     |       ------------------------------- `byte_offset` from trait\n...\n67   |       fn parse_str<'s>(&'s mut self, scratch: &'s mut Vec<u8>) -> Result<Reference<'de, 's, str>>;\n     |       -------------------------------------------------------------------------------------------- `parse_str` from trait\n...\n76   | /     fn parse_str_raw<'s>(\n77   | |         &'s mut self,\n78   | |         scratch: &'s mut Vec<u8>,\n79   | |     ) -> Result<Reference<'de, 's, [u8]>>;\n     | |__________________________________________- `parse_str_raw` from trait\n...\n84   |       fn ignore_str(&mut self) -> Result<()>;\n     |       --------------------------------------- `ignore_str` from trait\n...\n89   |       fn decode_hex_escape(&mut self) -> Result<u16>;\n     |       ----------------------------------------------- `decode_hex_escape` from trait\n...\n111  |       const should_early_return_if_failed: bool;\n     |       ----------------------------------------- `should_early_return_if_failed` from trait\n...\n116  |       fn set_failed(&mut self, failed: &mut bool);\n     |       -------------------------------------------- `set_failed` from trait\n...\n1101 |       impl<'de> Read<'de> for MockRead {\n     |       ^^^^^^^^^^^^^^^^^^^^^^^^^^^^^^^^ missing `next`, `peek`, `discard`, `peek_position`, `byte_offset`, `parse_str`, `parse_str_raw`, `ignore_str`, `decode_hex_escape`, `should_early_return_if_failed`, `set_failed` in implementation\n\nerror[E0599]: no variant or associated item named `InvalidValue` found for enum `error::ErrorCode` in the current scope\n    --> src/read.rs:1109:29\n     |\n1109 |     let reason = ErrorCode::InvalidValue;\n     |                             ^^^^^^^^^^^^ variant or associated item not found in `ErrorCode`\n     |\n    ::: src/error.rs:236:1\n     |\n236  | pub(crate) enum ErrorCode {\n     | ------------------------- variant or associated item `InvalidValue` not found for this enum\n\nerror[E0599]: no associated item named `Syntax` found for struct `error::Error` in the current scope\n    --> src/read.rs:1114:23\n     |\n1114 |     if let Err(Error::Syntax(reason_value, line, column)) = result {\n     |                       ^^^^^^ associated item not found in `Error`\n     |\n    ::: src/error.rs:17:1\n     |\n17   | pub struct Error {\n     | ---------------- associated item `Syntax` not found for this struct\n     |\nhelp: there is an associated function `syntax` with a similar name\n    --> src/error.rs:315:5\n     |\n315  |     pub(crate) fn syntax(code: ErrorCode, line: usize, column: usize) -> Self {\n     |     ^^^^^^^^^^^^^^^^^^^^^^^^^^^^^^^^^^^^^^^^^^^^^^^^^^^^^^^^^^^^^^^^^^^^^^^^^\n\nerror[E0507]: cannot move out of `self.position` which is behind a shared reference\n    --> src/read.rs:1103:13\n     |\n1103 |             self.position\n     |             ^^^^^^^^^^^^^ move occurs because `self.position` has type `read::Position`, which does not implement the `Copy` trait\n     |\nnote: if `read::Position` implemented `Clone`, you could clone the value\n    --> src/read.rs:119:1\n     |\n119  | pub struct Position {\n     | ^^^^^^^^^^^^^^^^^^^ consider implementing `Clone` for this type\n...\n1103 |             self.position\n     |             ------------- you could clone this value\n\nSome errors have detailed explanations: E0046, E0277, E0507, E0599.\nFor more information about an error, try `rustc --explain E0046`.\nwarning: `serde_json` (lib test) generated 1 warning\nerror: could not compile `serde_json` (lib test) due to 5 previous errors; 1 warning emitted\n"
                }
              ],
              "repaired": [
                false
              ]
            },
            {
              "attrs": [],
              "prefix": [],
              "oracles": [],
              "codes": [
                [
                  "{",
                  "    struct MockRead {",
                  "        position: Position,",
                  "    }",
                  "",
                  "    impl<'de> Read<'de> for MockRead {",
                  "        fn position(&self) -> Position {",
                  "            self.position",
                  "        }",
                  "        // Dummy implementations for the other required methods",
                  "    }",
                  "",
                  "    let mock_read = MockRead { position: Position { line: 20, column: 15 } };",
                  "    let reason = ErrorCode::UnexpectedEnd;",
                  "",
                  "    let result: Result<()> = error(&mock_read, reason);",
                  "",
                  "    assert!(result.is_err());",
                  "    if let Err(Error::Syntax(reason_value, line, column)) = result {",
                  "        assert_eq!(reason_value, reason);",
                  "        assert_eq!(line, 20);",
                  "        assert_eq!(column, 15);",
                  "    } else {",
                  "        panic!(\"Expected an error variant with matching values\");",
                  "    }",
                  "}"
                ]
              ],
              "can_compile": [
                {
                  "Err": "   Compiling proc-macro2 v1.0.95\n   Compiling serde v1.0.219\n   Compiling syn v1.0.109\n   Compiling libc v0.2.172\n   Compiling target-triple v0.1.4\n   Compiling serde_json v1.0.140\n   Compiling rustversion v1.0.20\n   Compiling ref-cast v1.0.24\n   Compiling serde_json v1.0.140 (/home/abezbm/rust-utgen-test-crates-new/json)\n   Compiling psm v0.1.26\n   Compiling stacker v0.1.21\n   Compiling quote v1.0.40\n   Compiling syn v2.0.101\n   Compiling serde_derive v1.0.219\n   Compiling ref-cast-impl v1.0.24\n   Compiling automod v1.0.15\n   Compiling ntest_timeout v0.9.3\n   Compiling ntest_test_cases v0.9.3\n   Compiling ntest v0.9.3\n   Compiling toml_datetime v0.6.9\n   Compiling serde_spanned v0.6.8\n   Compiling serde_bytes v0.11.17\n   Compiling serde_stacker v0.1.12\n   Compiling toml_edit v0.22.26\n   Compiling toml v0.8.22\n   Compiling trybuild v1.0.104\nwarning: unused import: `ntest::timeout`\n    --> src/read.rs:1093:8\n     |\n1093 |    use ntest::timeout;\n     |        ^^^^^^^^^^^^^^\n     |\n     = note: `#[warn(unused_imports)]` on by default\n\nerror[E0277]: the trait bound `MockRead: read::private::Sealed` is not satisfied\n    --> src/read.rs:1101:29\n     |\n1101 |     impl<'de> Read<'de> for MockRead {\n     |                             ^^^^^^^^ the trait `read::private::Sealed` is not implemented for `MockRead`\n     |\n     = help: the following other types implement trait `read::private::Sealed`:\n               &mut R\n               IoRead<R>\n               SliceRead<'a>\n               StrRead<'a>\nnote: required by a bound in `read::Read`\n    --> src/read.rs:28:22\n     |\n28   | pub trait Read<'de>: private::Sealed {\n     |                      ^^^^^^^^^^^^^^^ required by this bound in `Read`\n     = note: `Read` is a \"sealed trait\", because to implement it you also need to implement `read::private::Sealed`, which is not accessible; this is usually done to force you to use one of the provided types that already implement it\n     = help: the following types implement the trait:\n               read::IoRead<R>\n               read::SliceRead<'a>\n               read::StrRead<'a>\n               &mut R\n\nerror[E0046]: not all trait items implemented, missing: `next`, `peek`, `discard`, `peek_position`, `byte_offset`, `parse_str`, `parse_str_raw`, `ignore_str`, `decode_hex_escape`, `should_early_return_if_failed`, `set_failed`\n    --> src/read.rs:1101:5\n     |\n30   |       fn next(&mut self) -> Result<Option<u8>>;\n     |       ----------------------------------------- `next` from trait\n31   |       #[doc(hidden)]\n32   |       fn peek(&mut self) -> Result<Option<u8>>;\n     |       ----------------------------------------- `peek` from trait\n...\n36   |       fn discard(&mut self);\n     |       ---------------------- `discard` from trait\n...\n56   |       fn peek_position(&self) -> Position;\n     |       ------------------------------------ `peek_position` from trait\n...\n61   |       fn byte_offset(&self) -> usize;\n     |       ------------------------------- `byte_offset` from trait\n...\n67   |       fn parse_str<'s>(&'s mut self, scratch: &'s mut Vec<u8>) -> Result<Reference<'de, 's, str>>;\n     |       -------------------------------------------------------------------------------------------- `parse_str` from trait\n...\n76   | /     fn parse_str_raw<'s>(\n77   | |         &'s mut self,\n78   | |         scratch: &'s mut Vec<u8>,\n79   | |     ) -> Result<Reference<'de, 's, [u8]>>;\n     | |__________________________________________- `parse_str_raw` from trait\n...\n84   |       fn ignore_str(&mut self) -> Result<()>;\n     |       --------------------------------------- `ignore_str` from trait\n...\n89   |       fn decode_hex_escape(&mut self) -> Result<u16>;\n     |       ----------------------------------------------- `decode_hex_escape` from trait\n...\n111  |       const should_early_return_if_failed: bool;\n     |       ----------------------------------------- `should_early_return_if_failed` from trait\n...\n116  |       fn set_failed(&mut self, failed: &mut bool);\n     |       -------------------------------------------- `set_failed` from trait\n...\n1101 |       impl<'de> Read<'de> for MockRead {\n     |       ^^^^^^^^^^^^^^^^^^^^^^^^^^^^^^^^ missing `next`, `peek`, `discard`, `peek_position`, `byte_offset`, `parse_str`, `parse_str_raw`, `ignore_str`, `decode_hex_escape`, `should_early_return_if_failed`, `set_failed` in implementation\n\nerror[E0599]: no variant or associated item named `UnexpectedEnd` found for enum `error::ErrorCode` in the current scope\n    --> src/read.rs:1109:29\n     |\n1109 |     let reason = ErrorCode::UnexpectedEnd;\n     |                             ^^^^^^^^^^^^^ variant or associated item not found in `ErrorCode`\n     |\n    ::: src/error.rs:236:1\n     |\n236  | pub(crate) enum ErrorCode {\n     | ------------------------- variant or associated item `UnexpectedEnd` not found for this enum\n\nerror[E0599]: no associated item named `Syntax` found for struct `error::Error` in the current scope\n    --> src/read.rs:1114:23\n     |\n1114 |     if let Err(Error::Syntax(reason_value, line, column)) = result {\n     |                       ^^^^^^ associated item not found in `Error`\n     |\n    ::: src/error.rs:17:1\n     |\n17   | pub struct Error {\n     | ---------------- associated item `Syntax` not found for this struct\n     |\nhelp: there is an associated function `syntax` with a similar name\n    --> src/error.rs:315:5\n     |\n315  |     pub(crate) fn syntax(code: ErrorCode, line: usize, column: usize) -> Self {\n     |     ^^^^^^^^^^^^^^^^^^^^^^^^^^^^^^^^^^^^^^^^^^^^^^^^^^^^^^^^^^^^^^^^^^^^^^^^^\n\nerror[E0507]: cannot move out of `self.position` which is behind a shared reference\n    --> src/read.rs:1103:13\n     |\n1103 |             self.position\n     |             ^^^^^^^^^^^^^ move occurs because `self.position` has type `read::Position`, which does not implement the `Copy` trait\n     |\nnote: if `read::Position` implemented `Clone`, you could clone the value\n    --> src/read.rs:119:1\n     |\n119  | pub struct Position {\n     | ^^^^^^^^^^^^^^^^^^^ consider implementing `Clone` for this type\n...\n1103 |             self.position\n     |             ------------- you could clone this value\n\nSome errors have detailed explanations: E0046, E0277, E0507, E0599.\nFor more information about an error, try `rustc --explain E0046`.\nwarning: `serde_json` (lib test) generated 1 warning\nerror: could not compile `serde_json` (lib test) due to 5 previous errors; 1 warning emitted\n"
                }
              ],
              "repaired": [
                false
              ]
            }
          ]
        }
      ]
    }
  ]
}