{
  "name": "bytes::buf::chain::buf::chain::Chain<T, U>::first_mut",
  "name_with_impl": "bytes::buf::chain::{impl#0}::first_mut",
  "mod_info": {
    "name": "buf::chain",
    "loc": "src/buf/mod.rs:19:1:19:11"
  },
  "visible": true,
  "loc": "src/buf/chain.rs:72:5:74:6",
  "fn_tests": [
    {
      "chain_id": 1,
      "prompt_conds": [
        "// expected return value/type: &mut self.a\n"
      ],
      "input_infer": "Test input ranges: non-null mutable references of type T within valid memory bounds ensuring T implements Buf, ensuring U is a valid type to be used in Chain, T and U having sizes greater than zero.\n",
      "answers": [
        {
          "uses": [],
          "has_test_mod": false,
          "common": [],
          "chain_tests": [
            {
              "attrs": [],
              "prefix": [
                "{",
                "    struct TestBuf {",
                "        data: Vec<u8>,",
                "    }",
                "",
                "    impl Buf for TestBuf {",
                "        // Implement necessary methods for the Buf trait.",
                "    }",
                "    ",
                "    let mut buf_a = TestBuf { data: vec![1, 2, 3] };",
                "    let buf_b = TestBuf { data: vec![4, 5, 6] };",
                "    let mut chain = Chain::new(buf_a, buf_b);",
                "    ",
                "    let first_mut_reference = chain.first_mut();",
                "}"
              ],
              "oracles": [
                [
                  "    let mut buf_a = TestBuf { data: vec![1, 2, 3] };",
                  "    let buf_b = TestBuf { data: vec![4, 5, 6] };",
                  "    let mut chain = Chain::new(buf_a, buf_b);",
                  "    let first_mut_reference = chain.first_mut();",
                  "    assert!(first_mut_reference.is_some());"
                ],
                [
                  "    let mut buf_a = TestBuf { data: vec![1, 2, 3] };",
                  "    let buf_b = TestBuf { data: vec![4, 5, 6] };",
                  "    let mut chain = Chain::new(buf_a, buf_b);",
                  "    let first_mut_reference = chain.first_mut();",
                  "    assert_eq!(first_mut_reference.data, vec![1, 2, 3]);"
                ],
                [
                  "    let mut buf_a = TestBuf { data: vec![1, 2, 3] };",
                  "    let buf_b = TestBuf { data: vec![4, 5, 6] };",
                  "    let mut chain = Chain::new(buf_a, buf_b);",
                  "    let first_mut_reference = chain.first_mut();",
                  "    first_mut_reference.advance(1);",
                  "    assert_eq!(first_mut_reference.data, vec![2, 3]);"
                ]
              ],
              "codes": [
                [
                  "{",
                  "    struct TestBuf {",
                  "        data: Vec<u8>,",
                  "    }",
                  "",
                  "    impl Buf for TestBuf {",
                  "        // Implement necessary methods for the Buf trait.",
                  "    }",
                  "    ",
                  "    let mut buf_a = TestBuf { data: vec![1, 2, 3] };",
                  "    let buf_b = TestBuf { data: vec![4, 5, 6] };",
                  "    let mut chain = Chain::new(buf_a, buf_b);",
                  "    ",
                  "    let first_mut_reference = chain.first_mut();",
                  "    let mut buf_a = TestBuf { data: vec![1, 2, 3] };",
                  "    let buf_b = TestBuf { data: vec![4, 5, 6] };",
                  "    let mut chain = Chain::new(buf_a, buf_b);",
                  "    let first_mut_reference = chain.first_mut();",
                  "    assert!(first_mut_reference.is_some());",
                  "}"
                ],
                [
                  "{",
                  "    struct TestBuf {",
                  "        data: Vec<u8>,",
                  "    }",
                  "",
                  "    impl Buf for TestBuf {",
                  "        // Implement necessary methods for the Buf trait.",
                  "    }",
                  "    ",
                  "    let mut buf_a = TestBuf { data: vec![1, 2, 3] };",
                  "    let buf_b = TestBuf { data: vec![4, 5, 6] };",
                  "    let mut chain = Chain::new(buf_a, buf_b);",
                  "    ",
                  "    let first_mut_reference = chain.first_mut();",
                  "    let mut buf_a = TestBuf { data: vec![1, 2, 3] };",
                  "    let buf_b = TestBuf { data: vec![4, 5, 6] };",
                  "    let mut chain = Chain::new(buf_a, buf_b);",
                  "    let first_mut_reference = chain.first_mut();",
                  "    assert_eq!(first_mut_reference.data, vec![1, 2, 3]);",
                  "}"
                ],
                [
                  "{",
                  "    struct TestBuf {",
                  "        data: Vec<u8>,",
                  "    }",
                  "",
                  "    impl Buf for TestBuf {",
                  "        // Implement necessary methods for the Buf trait.",
                  "    }",
                  "    ",
                  "    let mut buf_a = TestBuf { data: vec![1, 2, 3] };",
                  "    let buf_b = TestBuf { data: vec![4, 5, 6] };",
                  "    let mut chain = Chain::new(buf_a, buf_b);",
                  "    ",
                  "    let first_mut_reference = chain.first_mut();",
                  "    let mut buf_a = TestBuf { data: vec![1, 2, 3] };",
                  "    let buf_b = TestBuf { data: vec![4, 5, 6] };",
                  "    let mut chain = Chain::new(buf_a, buf_b);",
                  "    let first_mut_reference = chain.first_mut();",
                  "    first_mut_reference.advance(1);",
                  "    assert_eq!(first_mut_reference.data, vec![2, 3]);",
                  "}"
                ]
              ],
              "can_compile": [
                {
                  "Err": "   Compiling proc-macro2 v1.0.95\n   Compiling unicode-ident v1.0.18\n   Compiling hashbrown v0.15.2\n   Compiling equivalent v1.0.2\n   Compiling syn v1.0.109\n   Compiling winnow v0.7.6\n   Compiling toml_datetime v0.6.8\n   Compiling serde v1.0.219\n   Compiling indexmap v2.9.0\n   Compiling quote v1.0.40\n   Compiling toml_edit v0.22.24\n   Compiling serde_test v1.0.177\n   Compiling proc-macro-crate v3.3.0\n   Compiling ntest_test_cases v0.9.3\n   Compiling ntest_timeout v0.9.3\n   Compiling ntest v0.9.3\n   Compiling bytes v1.10.1 (/home/abezbm/rust-utgen-test-crates-new/bytes)\nerror: cannot find macro `vec` in this scope\n   --> src/buf/chain.rs:262:33\n    |\n262 |     let buf_b = TestBuf { data: vec![4, 5, 6] };\n    |                                 ^^^\n    |\nhelp: consider importing one of these macros\n    |\n243 +    use std::vec;\n    |\n243 +    use alloc::vec;\n    |\n\nerror: cannot find macro `vec` in this scope\n   --> src/buf/chain.rs:261:37\n    |\n261 |     let mut buf_a = TestBuf { data: vec![1, 2, 3] };\n    |                                     ^^^\n    |\nhelp: consider importing one of these macros\n    |\n243 +    use std::vec;\n    |\n243 +    use alloc::vec;\n    |\n\nerror: cannot find macro `vec` in this scope\n   --> src/buf/chain.rs:257:33\n    |\n257 |     let buf_b = TestBuf { data: vec![4, 5, 6] };\n    |                                 ^^^\n    |\nhelp: consider importing one of these macros\n    |\n243 +    use std::vec;\n    |\n243 +    use alloc::vec;\n    |\n\nerror: cannot find macro `vec` in this scope\n   --> src/buf/chain.rs:256:37\n    |\n256 |     let mut buf_a = TestBuf { data: vec![1, 2, 3] };\n    |                                     ^^^\n    |\nhelp: consider importing one of these macros\n    |\n243 +    use std::vec;\n    |\n243 +    use alloc::vec;\n    |\n\nerror[E0412]: cannot find type `Vec` in this scope\n   --> src/buf/chain.rs:249:15\n    |\n249 |         data: Vec<u8>,\n    |               ^^^ not found in this scope\n    |\nhelp: consider importing one of these structs\n    |\n243 +    use std::vec::Vec;\n    |\n243 +    use alloc::vec::Vec;\n    |\n\nwarning: unused import: `ntest::timeout`\n   --> src/buf/chain.rs:244:8\n    |\n244 |    use ntest::timeout;\n    |        ^^^^^^^^^^^^^^\n    |\n    = note: `#[warn(unused_imports)]` on by default\n\nwarning: unused import: `super::*`\n    --> src/bytes_mut.rs:1500:9\n     |\n1500 |     use super::*;\n     |         ^^^^^^^^\n\nerror[E0046]: not all trait items implemented, missing: `remaining`, `chunk`, `advance`\n   --> src/buf/chain.rs:252:5\n    |\n252 |     impl Buf for TestBuf {\n    |     ^^^^^^^^^^^^^^^^^^^^ missing `remaining`, `chunk`, `advance` in implementation\n    |\n   ::: src/buf/buf_impl.rs:143:5\n    |\n143 |     fn remaining(&self) -> usize;\n    |     ----------------------------- `remaining` from trait\n...\n176 |     fn chunk(&self) -> &[u8];\n    |     ------------------------- `chunk` from trait\n...\n250 |     fn advance(&mut self, cnt: usize);\n    |     ---------------------------------- `advance` from trait\n\nerror[E0599]: the method `first_mut` exists for struct `Chain<TestBuf, TestBuf>`, but its trait bounds were not satisfied\n   --> src/buf/chain.rs:260:37\n    |\n30  | pub struct Chain<T, U> {\n    | ---------------------- method `first_mut` not found for this struct\n...\n248 |     struct TestBuf {\n    |     -------------- doesn't satisfy `TestBuf: Sized`\n...\n260 |     let first_mut_reference = chain.first_mut();\n    |                                     ^^^^^^^^^ method cannot be called on `Chain<TestBuf, TestBuf>` due to unsatisfied trait bounds\n    |\n    = note: the following trait bounds were not satisfied:\n            `{type error}: Sized`\n            which is required by `TestBuf: Sized`\n\nerror[E0599]: the method `first_mut` exists for struct `Chain<TestBuf, TestBuf>`, but its trait bounds were not satisfied\n   --> src/buf/chain.rs:264:37\n    |\n30  | pub struct Chain<T, U> {\n    | ---------------------- method `first_mut` not found for this struct\n...\n248 |     struct TestBuf {\n    |     -------------- doesn't satisfy `TestBuf: Sized`\n...\n264 |     let first_mut_reference = chain.first_mut();\n    |                                     ^^^^^^^^^ method cannot be called on `Chain<TestBuf, TestBuf>` due to unsatisfied trait bounds\n    |\n    = note: the following trait bounds were not satisfied:\n            `{type error}: Sized`\n            which is required by `TestBuf: Sized`\n\nSome errors have detailed explanations: E0046, E0412, E0599.\nFor more information about an error, try `rustc --explain E0046`.\nwarning: `bytes` (lib test) generated 2 warnings\nerror: could not compile `bytes` (lib test) due to 8 previous errors; 2 warnings emitted\n"
                },
                {
                  "Err": "   Compiling proc-macro2 v1.0.95\n   Compiling unicode-ident v1.0.18\n   Compiling syn v1.0.109\n   Compiling hashbrown v0.15.2\n   Compiling equivalent v1.0.2\n   Compiling toml_datetime v0.6.8\n   Compiling winnow v0.7.6\n   Compiling serde v1.0.219\n   Compiling indexmap v2.9.0\n   Compiling quote v1.0.40\n   Compiling toml_edit v0.22.24\n   Compiling serde_test v1.0.177\n   Compiling proc-macro-crate v3.3.0\n   Compiling ntest_test_cases v0.9.3\n   Compiling ntest_timeout v0.9.3\n   Compiling ntest v0.9.3\n   Compiling bytes v1.10.1 (/home/abezbm/rust-utgen-test-crates-new/bytes)\nerror: cannot find macro `vec` in this scope\n   --> src/buf/chain.rs:265:42\n    |\n265 |     assert_eq!(first_mut_reference.data, vec![1, 2, 3]);\n    |                                          ^^^\n    |\nhelp: consider importing one of these macros\n    |\n243 +    use std::vec;\n    |\n243 +    use alloc::vec;\n    |\n\nerror: cannot find macro `vec` in this scope\n   --> src/buf/chain.rs:262:33\n    |\n262 |     let buf_b = TestBuf { data: vec![4, 5, 6] };\n    |                                 ^^^\n    |\nhelp: consider importing one of these macros\n    |\n243 +    use std::vec;\n    |\n243 +    use alloc::vec;\n    |\n\nerror: cannot find macro `vec` in this scope\n   --> src/buf/chain.rs:261:37\n    |\n261 |     let mut buf_a = TestBuf { data: vec![1, 2, 3] };\n    |                                     ^^^\n    |\nhelp: consider importing one of these macros\n    |\n243 +    use std::vec;\n    |\n243 +    use alloc::vec;\n    |\n\nerror: cannot find macro `vec` in this scope\n   --> src/buf/chain.rs:257:33\n    |\n257 |     let buf_b = TestBuf { data: vec![4, 5, 6] };\n    |                                 ^^^\n    |\nhelp: consider importing one of these macros\n    |\n243 +    use std::vec;\n    |\n243 +    use alloc::vec;\n    |\n\nerror: cannot find macro `vec` in this scope\n   --> src/buf/chain.rs:256:37\n    |\n256 |     let mut buf_a = TestBuf { data: vec![1, 2, 3] };\n    |                                     ^^^\n    |\nhelp: consider importing one of these macros\n    |\n243 +    use std::vec;\n    |\n243 +    use alloc::vec;\n    |\n\nerror[E0412]: cannot find type `Vec` in this scope\n   --> src/buf/chain.rs:249:15\n    |\n249 |         data: Vec<u8>,\n    |               ^^^ not found in this scope\n    |\nhelp: consider importing one of these structs\n    |\n243 +    use std::vec::Vec;\n    |\n243 +    use alloc::vec::Vec;\n    |\n\nwarning: unused import: `ntest::timeout`\n   --> src/buf/chain.rs:244:8\n    |\n244 |    use ntest::timeout;\n    |        ^^^^^^^^^^^^^^\n    |\n    = note: `#[warn(unused_imports)]` on by default\n\nwarning: unused import: `super::*`\n    --> src/bytes_mut.rs:1500:9\n     |\n1500 |     use super::*;\n     |         ^^^^^^^^\n\nerror[E0046]: not all trait items implemented, missing: `remaining`, `chunk`, `advance`\n   --> src/buf/chain.rs:252:5\n    |\n252 |     impl Buf for TestBuf {\n    |     ^^^^^^^^^^^^^^^^^^^^ missing `remaining`, `chunk`, `advance` in implementation\n    |\n   ::: src/buf/buf_impl.rs:143:5\n    |\n143 |     fn remaining(&self) -> usize;\n    |     ----------------------------- `remaining` from trait\n...\n176 |     fn chunk(&self) -> &[u8];\n    |     ------------------------- `chunk` from trait\n...\n250 |     fn advance(&mut self, cnt: usize);\n    |     ---------------------------------- `advance` from trait\n\nerror[E0599]: the method `first_mut` exists for struct `Chain<TestBuf, TestBuf>`, but its trait bounds were not satisfied\n   --> src/buf/chain.rs:260:37\n    |\n30  | pub struct Chain<T, U> {\n    | ---------------------- method `first_mut` not found for this struct\n...\n248 |     struct TestBuf {\n    |     -------------- doesn't satisfy `TestBuf: Sized`\n...\n260 |     let first_mut_reference = chain.first_mut();\n    |                                     ^^^^^^^^^ method cannot be called on `Chain<TestBuf, TestBuf>` due to unsatisfied trait bounds\n    |\n    = note: the following trait bounds were not satisfied:\n            `{type error}: Sized`\n            which is required by `TestBuf: Sized`\n\nerror[E0599]: the method `first_mut` exists for struct `Chain<TestBuf, TestBuf>`, but its trait bounds were not satisfied\n   --> src/buf/chain.rs:264:37\n    |\n30  | pub struct Chain<T, U> {\n    | ---------------------- method `first_mut` not found for this struct\n...\n248 |     struct TestBuf {\n    |     -------------- doesn't satisfy `TestBuf: Sized`\n...\n264 |     let first_mut_reference = chain.first_mut();\n    |                                     ^^^^^^^^^ method cannot be called on `Chain<TestBuf, TestBuf>` due to unsatisfied trait bounds\n    |\n    = note: the following trait bounds were not satisfied:\n            `{type error}: Sized`\n            which is required by `TestBuf: Sized`\n\nSome errors have detailed explanations: E0046, E0412, E0599.\nFor more information about an error, try `rustc --explain E0046`.\nwarning: `bytes` (lib test) generated 2 warnings\nerror: could not compile `bytes` (lib test) due to 9 previous errors; 2 warnings emitted\n"
                },
                {
                  "Err": "   Compiling proc-macro2 v1.0.95\n   Compiling unicode-ident v1.0.18\n   Compiling equivalent v1.0.2\n   Compiling syn v1.0.109\n   Compiling hashbrown v0.15.2\n   Compiling winnow v0.7.6\n   Compiling toml_datetime v0.6.8\n   Compiling serde v1.0.219\n   Compiling indexmap v2.9.0\n   Compiling quote v1.0.40\n   Compiling toml_edit v0.22.24\n   Compiling serde_test v1.0.177\n   Compiling proc-macro-crate v3.3.0\n   Compiling ntest_test_cases v0.9.3\n   Compiling ntest_timeout v0.9.3\n   Compiling ntest v0.9.3\n   Compiling bytes v1.10.1 (/home/abezbm/rust-utgen-test-crates-new/bytes)\nerror: cannot find macro `vec` in this scope\n   --> src/buf/chain.rs:266:42\n    |\n266 |     assert_eq!(first_mut_reference.data, vec![2, 3]);\n    |                                          ^^^\n    |\nhelp: consider importing one of these macros\n    |\n243 +    use std::vec;\n    |\n243 +    use alloc::vec;\n    |\n\nerror: cannot find macro `vec` in this scope\n   --> src/buf/chain.rs:262:33\n    |\n262 |     let buf_b = TestBuf { data: vec![4, 5, 6] };\n    |                                 ^^^\n    |\nhelp: consider importing one of these macros\n    |\n243 +    use std::vec;\n    |\n243 +    use alloc::vec;\n    |\n\nerror: cannot find macro `vec` in this scope\n   --> src/buf/chain.rs:261:37\n    |\n261 |     let mut buf_a = TestBuf { data: vec![1, 2, 3] };\n    |                                     ^^^\n    |\nhelp: consider importing one of these macros\n    |\n243 +    use std::vec;\n    |\n243 +    use alloc::vec;\n    |\n\nerror: cannot find macro `vec` in this scope\n   --> src/buf/chain.rs:257:33\n    |\n257 |     let buf_b = TestBuf { data: vec![4, 5, 6] };\n    |                                 ^^^\n    |\nhelp: consider importing one of these macros\n    |\n243 +    use std::vec;\n    |\n243 +    use alloc::vec;\n    |\n\nerror: cannot find macro `vec` in this scope\n   --> src/buf/chain.rs:256:37\n    |\n256 |     let mut buf_a = TestBuf { data: vec![1, 2, 3] };\n    |                                     ^^^\n    |\nhelp: consider importing one of these macros\n    |\n243 +    use std::vec;\n    |\n243 +    use alloc::vec;\n    |\n\nerror[E0412]: cannot find type `Vec` in this scope\n   --> src/buf/chain.rs:249:15\n    |\n249 |         data: Vec<u8>,\n    |               ^^^ not found in this scope\n    |\nhelp: consider importing one of these structs\n    |\n243 +    use std::vec::Vec;\n    |\n243 +    use alloc::vec::Vec;\n    |\n\nwarning: unused import: `ntest::timeout`\n   --> src/buf/chain.rs:244:8\n    |\n244 |    use ntest::timeout;\n    |        ^^^^^^^^^^^^^^\n    |\n    = note: `#[warn(unused_imports)]` on by default\n\nwarning: unused import: `super::*`\n    --> src/bytes_mut.rs:1500:9\n     |\n1500 |     use super::*;\n     |         ^^^^^^^^\n\nerror[E0046]: not all trait items implemented, missing: `remaining`, `chunk`, `advance`\n   --> src/buf/chain.rs:252:5\n    |\n252 |     impl Buf for TestBuf {\n    |     ^^^^^^^^^^^^^^^^^^^^ missing `remaining`, `chunk`, `advance` in implementation\n    |\n   ::: src/buf/buf_impl.rs:143:5\n    |\n143 |     fn remaining(&self) -> usize;\n    |     ----------------------------- `remaining` from trait\n...\n176 |     fn chunk(&self) -> &[u8];\n    |     ------------------------- `chunk` from trait\n...\n250 |     fn advance(&mut self, cnt: usize);\n    |     ---------------------------------- `advance` from trait\n\nerror[E0599]: the method `first_mut` exists for struct `Chain<TestBuf, TestBuf>`, but its trait bounds were not satisfied\n   --> src/buf/chain.rs:260:37\n    |\n30  | pub struct Chain<T, U> {\n    | ---------------------- method `first_mut` not found for this struct\n...\n248 |     struct TestBuf {\n    |     -------------- doesn't satisfy `TestBuf: Sized`\n...\n260 |     let first_mut_reference = chain.first_mut();\n    |                                     ^^^^^^^^^ method cannot be called on `Chain<TestBuf, TestBuf>` due to unsatisfied trait bounds\n    |\n    = note: the following trait bounds were not satisfied:\n            `{type error}: Sized`\n            which is required by `TestBuf: Sized`\n\nerror[E0599]: the method `first_mut` exists for struct `Chain<TestBuf, TestBuf>`, but its trait bounds were not satisfied\n   --> src/buf/chain.rs:264:37\n    |\n30  | pub struct Chain<T, U> {\n    | ---------------------- method `first_mut` not found for this struct\n...\n248 |     struct TestBuf {\n    |     -------------- doesn't satisfy `TestBuf: Sized`\n...\n264 |     let first_mut_reference = chain.first_mut();\n    |                                     ^^^^^^^^^ method cannot be called on `Chain<TestBuf, TestBuf>` due to unsatisfied trait bounds\n    |\n    = note: the following trait bounds were not satisfied:\n            `{type error}: Sized`\n            which is required by `TestBuf: Sized`\n\nSome errors have detailed explanations: E0046, E0412, E0599.\nFor more information about an error, try `rustc --explain E0046`.\nwarning: `bytes` (lib test) generated 2 warnings\nerror: could not compile `bytes` (lib test) due to 9 previous errors; 2 warnings emitted\n"
                }
              ],
              "repaired": [
                false,
                false,
                false
              ]
            },
            {
              "attrs": [],
              "prefix": [
                "{",
                "    struct BufferA {",
                "        data: Vec<u8>,",
                "    }",
                "",
                "    struct BufferB {",
                "        data: Vec<u8>,",
                "    }",
                "",
                "    impl Buf for BufferA {",
                "        // Implement necessary methods for the Buf trait.",
                "    }",
                "    ",
                "    impl Buf for BufferB {",
                "        // Implement necessary methods for the Buf trait.",
                "    }",
                "",
                "    let mut buf_a = BufferA { data: vec![7, 8, 9] };",
                "    let buf_b = BufferB { data: vec![10, 11, 12] };",
                "    let mut chain = Chain::new(buf_a, buf_b);",
                "",
                "    let first_mut_reference = chain.first_mut();",
                "}"
              ],
              "oracles": [
                [
                  "    let buf_a_initial = vec![7, 8, 9];",
                  "    let buf_b_initial = vec![10, 11, 12];",
                  "    assert_eq!(chain.a.data, buf_a_initial);"
                ],
                [
                  "    let buf_a_initial = vec![7, 8, 9];",
                  "    let buf_b_initial = vec![10, 11, 12];",
                  "    assert_eq!(chain.b.data, buf_b_initial);"
                ],
                [
                  "    let buf_a_initial = vec![7, 8, 9];",
                  "    let buf_b_initial = vec![10, 11, 12];",
                  "    let first_mut_reference = chain.first_mut();",
                  "    assert_eq!(first_mut_reference.data, buf_a_initial);"
                ],
                [
                  "    let buf_a_initial = vec![7, 8, 9];",
                  "    let buf_b_initial = vec![10, 11, 12];",
                  "    let first_mut_reference = chain.first_mut();",
                  "    first_mut_reference.data.push(13);",
                  "    assert_eq!(first_mut_reference.data, vec![7, 8, 9, 13]);"
                ],
                [
                  "    let buf_a_initial = vec![7, 8, 9];",
                  "    let buf_b_initial = vec![10, 11, 12];",
                  "    let first_mut_reference = chain.first_mut();",
                  "    first_mut_reference.data.push(13);",
                  "    assert_eq!(chain.a.data, vec![7, 8, 9, 13]);"
                ]
              ],
              "codes": [
                [
                  "{",
                  "    struct BufferA {",
                  "        data: Vec<u8>,",
                  "    }",
                  "",
                  "    struct BufferB {",
                  "        data: Vec<u8>,",
                  "    }",
                  "",
                  "    impl Buf for BufferA {",
                  "        // Implement necessary methods for the Buf trait.",
                  "    }",
                  "    ",
                  "    impl Buf for BufferB {",
                  "        // Implement necessary methods for the Buf trait.",
                  "    }",
                  "",
                  "    let mut buf_a = BufferA { data: vec![7, 8, 9] };",
                  "    let buf_b = BufferB { data: vec![10, 11, 12] };",
                  "    let mut chain = Chain::new(buf_a, buf_b);",
                  "",
                  "    let first_mut_reference = chain.first_mut();",
                  "    let buf_a_initial = vec![7, 8, 9];",
                  "    let buf_b_initial = vec![10, 11, 12];",
                  "    assert_eq!(chain.a.data, buf_a_initial);",
                  "}"
                ],
                [
                  "{",
                  "    struct BufferA {",
                  "        data: Vec<u8>,",
                  "    }",
                  "",
                  "    struct BufferB {",
                  "        data: Vec<u8>,",
                  "    }",
                  "",
                  "    impl Buf for BufferA {",
                  "        // Implement necessary methods for the Buf trait.",
                  "    }",
                  "    ",
                  "    impl Buf for BufferB {",
                  "        // Implement necessary methods for the Buf trait.",
                  "    }",
                  "",
                  "    let mut buf_a = BufferA { data: vec![7, 8, 9] };",
                  "    let buf_b = BufferB { data: vec![10, 11, 12] };",
                  "    let mut chain = Chain::new(buf_a, buf_b);",
                  "",
                  "    let first_mut_reference = chain.first_mut();",
                  "    let buf_a_initial = vec![7, 8, 9];",
                  "    let buf_b_initial = vec![10, 11, 12];",
                  "    assert_eq!(chain.b.data, buf_b_initial);",
                  "}"
                ],
                [
                  "{",
                  "    struct BufferA {",
                  "        data: Vec<u8>,",
                  "    }",
                  "",
                  "    struct BufferB {",
                  "        data: Vec<u8>,",
                  "    }",
                  "",
                  "    impl Buf for BufferA {",
                  "        // Implement necessary methods for the Buf trait.",
                  "    }",
                  "    ",
                  "    impl Buf for BufferB {",
                  "        // Implement necessary methods for the Buf trait.",
                  "    }",
                  "",
                  "    let mut buf_a = BufferA { data: vec![7, 8, 9] };",
                  "    let buf_b = BufferB { data: vec![10, 11, 12] };",
                  "    let mut chain = Chain::new(buf_a, buf_b);",
                  "",
                  "    let first_mut_reference = chain.first_mut();",
                  "    let buf_a_initial = vec![7, 8, 9];",
                  "    let buf_b_initial = vec![10, 11, 12];",
                  "    let first_mut_reference = chain.first_mut();",
                  "    assert_eq!(first_mut_reference.data, buf_a_initial);",
                  "}"
                ],
                [
                  "{",
                  "    struct BufferA {",
                  "        data: Vec<u8>,",
                  "    }",
                  "",
                  "    struct BufferB {",
                  "        data: Vec<u8>,",
                  "    }",
                  "",
                  "    impl Buf for BufferA {",
                  "        // Implement necessary methods for the Buf trait.",
                  "    }",
                  "    ",
                  "    impl Buf for BufferB {",
                  "        // Implement necessary methods for the Buf trait.",
                  "    }",
                  "",
                  "    let mut buf_a = BufferA { data: vec![7, 8, 9] };",
                  "    let buf_b = BufferB { data: vec![10, 11, 12] };",
                  "    let mut chain = Chain::new(buf_a, buf_b);",
                  "",
                  "    let first_mut_reference = chain.first_mut();",
                  "    let buf_a_initial = vec![7, 8, 9];",
                  "    let buf_b_initial = vec![10, 11, 12];",
                  "    let first_mut_reference = chain.first_mut();",
                  "    first_mut_reference.data.push(13);",
                  "    assert_eq!(first_mut_reference.data, vec![7, 8, 9, 13]);",
                  "}"
                ],
                [
                  "{",
                  "    struct BufferA {",
                  "        data: Vec<u8>,",
                  "    }",
                  "",
                  "    struct BufferB {",
                  "        data: Vec<u8>,",
                  "    }",
                  "",
                  "    impl Buf for BufferA {",
                  "        // Implement necessary methods for the Buf trait.",
                  "    }",
                  "    ",
                  "    impl Buf for BufferB {",
                  "        // Implement necessary methods for the Buf trait.",
                  "    }",
                  "",
                  "    let mut buf_a = BufferA { data: vec![7, 8, 9] };",
                  "    let buf_b = BufferB { data: vec![10, 11, 12] };",
                  "    let mut chain = Chain::new(buf_a, buf_b);",
                  "",
                  "    let first_mut_reference = chain.first_mut();",
                  "    let buf_a_initial = vec![7, 8, 9];",
                  "    let buf_b_initial = vec![10, 11, 12];",
                  "    let first_mut_reference = chain.first_mut();",
                  "    first_mut_reference.data.push(13);",
                  "    assert_eq!(chain.a.data, vec![7, 8, 9, 13]);",
                  "}"
                ]
              ],
              "can_compile": [
                {
                  "Err": "   Compiling proc-macro2 v1.0.95\n   Compiling unicode-ident v1.0.18\n   Compiling hashbrown v0.15.2\n   Compiling syn v1.0.109\n   Compiling equivalent v1.0.2\n   Compiling toml_datetime v0.6.8\n   Compiling winnow v0.7.6\n   Compiling serde v1.0.219\n   Compiling indexmap v2.9.0\n   Compiling quote v1.0.40\n   Compiling toml_edit v0.22.24\n   Compiling serde_test v1.0.177\n   Compiling proc-macro-crate v3.3.0\n   Compiling ntest_test_cases v0.9.3\n   Compiling ntest_timeout v0.9.3\n   Compiling ntest v0.9.3\n   Compiling bytes v1.10.1 (/home/abezbm/rust-utgen-test-crates-new/bytes)\nerror: cannot find macro `vec` in this scope\n   --> src/buf/chain.rs:270:25\n    |\n270 |     let buf_b_initial = vec![10, 11, 12];\n    |                         ^^^\n    |\nhelp: consider importing one of these macros\n    |\n243 +    use std::vec;\n    |\n243 +    use alloc::vec;\n    |\n\nerror: cannot find macro `vec` in this scope\n   --> src/buf/chain.rs:269:25\n    |\n269 |     let buf_a_initial = vec![7, 8, 9];\n    |                         ^^^\n    |\nhelp: consider importing one of these macros\n    |\n243 +    use std::vec;\n    |\n243 +    use alloc::vec;\n    |\n\nerror: cannot find macro `vec` in this scope\n   --> src/buf/chain.rs:265:33\n    |\n265 |     let buf_b = BufferB { data: vec![10, 11, 12] };\n    |                                 ^^^\n    |\nhelp: consider importing one of these macros\n    |\n243 +    use std::vec;\n    |\n243 +    use alloc::vec;\n    |\n\nerror: cannot find macro `vec` in this scope\n   --> src/buf/chain.rs:264:37\n    |\n264 |     let mut buf_a = BufferA { data: vec![7, 8, 9] };\n    |                                     ^^^\n    |\nhelp: consider importing one of these macros\n    |\n243 +    use std::vec;\n    |\n243 +    use alloc::vec;\n    |\n\nerror[E0412]: cannot find type `Vec` in this scope\n   --> src/buf/chain.rs:249:15\n    |\n249 |         data: Vec<u8>,\n    |               ^^^ not found in this scope\n    |\nhelp: consider importing one of these structs\n    |\n243 +    use std::vec::Vec;\n    |\n243 +    use alloc::vec::Vec;\n    |\n\nerror[E0412]: cannot find type `Vec` in this scope\n   --> src/buf/chain.rs:253:15\n    |\n253 |         data: Vec<u8>,\n    |               ^^^ not found in this scope\n    |\nhelp: consider importing one of these structs\n    |\n243 +    use std::vec::Vec;\n    |\n243 +    use alloc::vec::Vec;\n    |\n\nwarning: unused import: `ntest::timeout`\n   --> src/buf/chain.rs:244:8\n    |\n244 |    use ntest::timeout;\n    |        ^^^^^^^^^^^^^^\n    |\n    = note: `#[warn(unused_imports)]` on by default\n\nwarning: unused import: `super::*`\n    --> src/bytes_mut.rs:1500:9\n     |\n1500 |     use super::*;\n     |         ^^^^^^^^\n\nerror[E0046]: not all trait items implemented, missing: `remaining`, `chunk`, `advance`\n   --> src/buf/chain.rs:256:5\n    |\n256 |     impl Buf for BufferA {\n    |     ^^^^^^^^^^^^^^^^^^^^ missing `remaining`, `chunk`, `advance` in implementation\n    |\n   ::: src/buf/buf_impl.rs:143:5\n    |\n143 |     fn remaining(&self) -> usize;\n    |     ----------------------------- `remaining` from trait\n...\n176 |     fn chunk(&self) -> &[u8];\n    |     ------------------------- `chunk` from trait\n...\n250 |     fn advance(&mut self, cnt: usize);\n    |     ---------------------------------- `advance` from trait\n\nerror[E0046]: not all trait items implemented, missing: `remaining`, `chunk`, `advance`\n   --> src/buf/chain.rs:260:5\n    |\n260 |     impl Buf for BufferB {\n    |     ^^^^^^^^^^^^^^^^^^^^ missing `remaining`, `chunk`, `advance` in implementation\n    |\n   ::: src/buf/buf_impl.rs:143:5\n    |\n143 |     fn remaining(&self) -> usize;\n    |     ----------------------------- `remaining` from trait\n...\n176 |     fn chunk(&self) -> &[u8];\n    |     ------------------------- `chunk` from trait\n...\n250 |     fn advance(&mut self, cnt: usize);\n    |     ---------------------------------- `advance` from trait\n\nerror[E0599]: the method `first_mut` exists for struct `Chain<BufferA, BufferB>`, but its trait bounds were not satisfied\n   --> src/buf/chain.rs:268:37\n    |\n30  | pub struct Chain<T, U> {\n    | ---------------------- method `first_mut` not found for this struct\n...\n248 |     struct BufferA {\n    |     -------------- doesn't satisfy `BufferA: Sized`\n...\n268 |     let first_mut_reference = chain.first_mut();\n    |                                     ^^^^^^^^^ method cannot be called on `Chain<BufferA, BufferB>` due to unsatisfied trait bounds\n    |\n    = note: the following trait bounds were not satisfied:\n            `{type error}: Sized`\n            which is required by `BufferA: Sized`\n\nSome errors have detailed explanations: E0046, E0412, E0599.\nFor more information about an error, try `rustc --explain E0046`.\nwarning: `bytes` (lib test) generated 2 warnings\nerror: could not compile `bytes` (lib test) due to 9 previous errors; 2 warnings emitted\n"
                },
                {
                  "Err": "   Compiling proc-macro2 v1.0.95\n   Compiling unicode-ident v1.0.18\n   Compiling syn v1.0.109\n   Compiling hashbrown v0.15.2\n   Compiling equivalent v1.0.2\n   Compiling winnow v0.7.6\n   Compiling toml_datetime v0.6.8\n   Compiling serde v1.0.219\n   Compiling indexmap v2.9.0\n   Compiling quote v1.0.40\n   Compiling toml_edit v0.22.24\n   Compiling serde_test v1.0.177\n   Compiling proc-macro-crate v3.3.0\n   Compiling ntest_test_cases v0.9.3\n   Compiling ntest_timeout v0.9.3\n   Compiling ntest v0.9.3\n   Compiling bytes v1.10.1 (/home/abezbm/rust-utgen-test-crates-new/bytes)\nerror: cannot find macro `vec` in this scope\n   --> src/buf/chain.rs:270:25\n    |\n270 |     let buf_b_initial = vec![10, 11, 12];\n    |                         ^^^\n    |\nhelp: consider importing one of these macros\n    |\n243 +    use std::vec;\n    |\n243 +    use alloc::vec;\n    |\n\nerror: cannot find macro `vec` in this scope\n   --> src/buf/chain.rs:269:25\n    |\n269 |     let buf_a_initial = vec![7, 8, 9];\n    |                         ^^^\n    |\nhelp: consider importing one of these macros\n    |\n243 +    use std::vec;\n    |\n243 +    use alloc::vec;\n    |\n\nerror: cannot find macro `vec` in this scope\n   --> src/buf/chain.rs:265:33\n    |\n265 |     let buf_b = BufferB { data: vec![10, 11, 12] };\n    |                                 ^^^\n    |\nhelp: consider importing one of these macros\n    |\n243 +    use std::vec;\n    |\n243 +    use alloc::vec;\n    |\n\nerror: cannot find macro `vec` in this scope\n   --> src/buf/chain.rs:264:37\n    |\n264 |     let mut buf_a = BufferA { data: vec![7, 8, 9] };\n    |                                     ^^^\n    |\nhelp: consider importing one of these macros\n    |\n243 +    use std::vec;\n    |\n243 +    use alloc::vec;\n    |\n\nerror[E0412]: cannot find type `Vec` in this scope\n   --> src/buf/chain.rs:249:15\n    |\n249 |         data: Vec<u8>,\n    |               ^^^ not found in this scope\n    |\nhelp: consider importing one of these structs\n    |\n243 +    use std::vec::Vec;\n    |\n243 +    use alloc::vec::Vec;\n    |\n\nerror[E0412]: cannot find type `Vec` in this scope\n   --> src/buf/chain.rs:253:15\n    |\n253 |         data: Vec<u8>,\n    |               ^^^ not found in this scope\n    |\nhelp: consider importing one of these structs\n    |\n243 +    use std::vec::Vec;\n    |\n243 +    use alloc::vec::Vec;\n    |\n\nwarning: unused import: `ntest::timeout`\n   --> src/buf/chain.rs:244:8\n    |\n244 |    use ntest::timeout;\n    |        ^^^^^^^^^^^^^^\n    |\n    = note: `#[warn(unused_imports)]` on by default\n\nwarning: unused import: `super::*`\n    --> src/bytes_mut.rs:1500:9\n     |\n1500 |     use super::*;\n     |         ^^^^^^^^\n\nerror[E0046]: not all trait items implemented, missing: `remaining`, `chunk`, `advance`\n   --> src/buf/chain.rs:256:5\n    |\n256 |     impl Buf for BufferA {\n    |     ^^^^^^^^^^^^^^^^^^^^ missing `remaining`, `chunk`, `advance` in implementation\n    |\n   ::: src/buf/buf_impl.rs:143:5\n    |\n143 |     fn remaining(&self) -> usize;\n    |     ----------------------------- `remaining` from trait\n...\n176 |     fn chunk(&self) -> &[u8];\n    |     ------------------------- `chunk` from trait\n...\n250 |     fn advance(&mut self, cnt: usize);\n    |     ---------------------------------- `advance` from trait\n\nerror[E0046]: not all trait items implemented, missing: `remaining`, `chunk`, `advance`\n   --> src/buf/chain.rs:260:5\n    |\n260 |     impl Buf for BufferB {\n    |     ^^^^^^^^^^^^^^^^^^^^ missing `remaining`, `chunk`, `advance` in implementation\n    |\n   ::: src/buf/buf_impl.rs:143:5\n    |\n143 |     fn remaining(&self) -> usize;\n    |     ----------------------------- `remaining` from trait\n...\n176 |     fn chunk(&self) -> &[u8];\n    |     ------------------------- `chunk` from trait\n...\n250 |     fn advance(&mut self, cnt: usize);\n    |     ---------------------------------- `advance` from trait\n\nerror[E0599]: the method `first_mut` exists for struct `Chain<BufferA, BufferB>`, but its trait bounds were not satisfied\n   --> src/buf/chain.rs:268:37\n    |\n30  | pub struct Chain<T, U> {\n    | ---------------------- method `first_mut` not found for this struct\n...\n248 |     struct BufferA {\n    |     -------------- doesn't satisfy `BufferA: Sized`\n...\n268 |     let first_mut_reference = chain.first_mut();\n    |                                     ^^^^^^^^^ method cannot be called on `Chain<BufferA, BufferB>` due to unsatisfied trait bounds\n    |\n    = note: the following trait bounds were not satisfied:\n            `{type error}: Sized`\n            which is required by `BufferA: Sized`\n\nSome errors have detailed explanations: E0046, E0412, E0599.\nFor more information about an error, try `rustc --explain E0046`.\nwarning: `bytes` (lib test) generated 2 warnings\nerror: could not compile `bytes` (lib test) due to 9 previous errors; 2 warnings emitted\n"
                },
                {
                  "Err": "   Compiling proc-macro2 v1.0.95\n   Compiling unicode-ident v1.0.18\n   Compiling syn v1.0.109\n   Compiling hashbrown v0.15.2\n   Compiling equivalent v1.0.2\n   Compiling toml_datetime v0.6.8\n   Compiling winnow v0.7.6\n   Compiling serde v1.0.219\n   Compiling indexmap v2.9.0\n   Compiling quote v1.0.40\n   Compiling toml_edit v0.22.24\n   Compiling serde_test v1.0.177\n   Compiling proc-macro-crate v3.3.0\n   Compiling ntest_test_cases v0.9.3\n   Compiling ntest_timeout v0.9.3\n   Compiling ntest v0.9.3\n   Compiling bytes v1.10.1 (/home/abezbm/rust-utgen-test-crates-new/bytes)\nerror: cannot find macro `vec` in this scope\n   --> src/buf/chain.rs:270:25\n    |\n270 |     let buf_b_initial = vec![10, 11, 12];\n    |                         ^^^\n    |\nhelp: consider importing one of these macros\n    |\n243 +    use std::vec;\n    |\n243 +    use alloc::vec;\n    |\n\nerror: cannot find macro `vec` in this scope\n   --> src/buf/chain.rs:269:25\n    |\n269 |     let buf_a_initial = vec![7, 8, 9];\n    |                         ^^^\n    |\nhelp: consider importing one of these macros\n    |\n243 +    use std::vec;\n    |\n243 +    use alloc::vec;\n    |\n\nerror: cannot find macro `vec` in this scope\n   --> src/buf/chain.rs:265:33\n    |\n265 |     let buf_b = BufferB { data: vec![10, 11, 12] };\n    |                                 ^^^\n    |\nhelp: consider importing one of these macros\n    |\n243 +    use std::vec;\n    |\n243 +    use alloc::vec;\n    |\n\nerror: cannot find macro `vec` in this scope\n   --> src/buf/chain.rs:264:37\n    |\n264 |     let mut buf_a = BufferA { data: vec![7, 8, 9] };\n    |                                     ^^^\n    |\nhelp: consider importing one of these macros\n    |\n243 +    use std::vec;\n    |\n243 +    use alloc::vec;\n    |\n\nerror[E0412]: cannot find type `Vec` in this scope\n   --> src/buf/chain.rs:249:15\n    |\n249 |         data: Vec<u8>,\n    |               ^^^ not found in this scope\n    |\nhelp: consider importing one of these structs\n    |\n243 +    use std::vec::Vec;\n    |\n243 +    use alloc::vec::Vec;\n    |\n\nerror[E0412]: cannot find type `Vec` in this scope\n   --> src/buf/chain.rs:253:15\n    |\n253 |         data: Vec<u8>,\n    |               ^^^ not found in this scope\n    |\nhelp: consider importing one of these structs\n    |\n243 +    use std::vec::Vec;\n    |\n243 +    use alloc::vec::Vec;\n    |\n\nwarning: unused import: `ntest::timeout`\n   --> src/buf/chain.rs:244:8\n    |\n244 |    use ntest::timeout;\n    |        ^^^^^^^^^^^^^^\n    |\n    = note: `#[warn(unused_imports)]` on by default\n\nwarning: unused import: `super::*`\n    --> src/bytes_mut.rs:1500:9\n     |\n1500 |     use super::*;\n     |         ^^^^^^^^\n\nerror[E0046]: not all trait items implemented, missing: `remaining`, `chunk`, `advance`\n   --> src/buf/chain.rs:256:5\n    |\n256 |     impl Buf for BufferA {\n    |     ^^^^^^^^^^^^^^^^^^^^ missing `remaining`, `chunk`, `advance` in implementation\n    |\n   ::: src/buf/buf_impl.rs:143:5\n    |\n143 |     fn remaining(&self) -> usize;\n    |     ----------------------------- `remaining` from trait\n...\n176 |     fn chunk(&self) -> &[u8];\n    |     ------------------------- `chunk` from trait\n...\n250 |     fn advance(&mut self, cnt: usize);\n    |     ---------------------------------- `advance` from trait\n\nerror[E0046]: not all trait items implemented, missing: `remaining`, `chunk`, `advance`\n   --> src/buf/chain.rs:260:5\n    |\n260 |     impl Buf for BufferB {\n    |     ^^^^^^^^^^^^^^^^^^^^ missing `remaining`, `chunk`, `advance` in implementation\n    |\n   ::: src/buf/buf_impl.rs:143:5\n    |\n143 |     fn remaining(&self) -> usize;\n    |     ----------------------------- `remaining` from trait\n...\n176 |     fn chunk(&self) -> &[u8];\n    |     ------------------------- `chunk` from trait\n...\n250 |     fn advance(&mut self, cnt: usize);\n    |     ---------------------------------- `advance` from trait\n\nerror[E0599]: the method `first_mut` exists for struct `Chain<BufferA, BufferB>`, but its trait bounds were not satisfied\n   --> src/buf/chain.rs:268:37\n    |\n30  | pub struct Chain<T, U> {\n    | ---------------------- method `first_mut` not found for this struct\n...\n248 |     struct BufferA {\n    |     -------------- doesn't satisfy `BufferA: Sized`\n...\n268 |     let first_mut_reference = chain.first_mut();\n    |                                     ^^^^^^^^^ method cannot be called on `Chain<BufferA, BufferB>` due to unsatisfied trait bounds\n    |\n    = note: the following trait bounds were not satisfied:\n            `{type error}: Sized`\n            which is required by `BufferA: Sized`\n\nerror[E0599]: the method `first_mut` exists for struct `Chain<BufferA, BufferB>`, but its trait bounds were not satisfied\n   --> src/buf/chain.rs:271:37\n    |\n30  | pub struct Chain<T, U> {\n    | ---------------------- method `first_mut` not found for this struct\n...\n248 |     struct BufferA {\n    |     -------------- doesn't satisfy `BufferA: Sized`\n...\n271 |     let first_mut_reference = chain.first_mut();\n    |                                     ^^^^^^^^^ method cannot be called on `Chain<BufferA, BufferB>` due to unsatisfied trait bounds\n    |\n    = note: the following trait bounds were not satisfied:\n            `{type error}: Sized`\n            which is required by `BufferA: Sized`\n\nSome errors have detailed explanations: E0046, E0412, E0599.\nFor more information about an error, try `rustc --explain E0046`.\nwarning: `bytes` (lib test) generated 2 warnings\nerror: could not compile `bytes` (lib test) due to 10 previous errors; 2 warnings emitted\n"
                },
                {
                  "Err": "   Compiling proc-macro2 v1.0.95\n   Compiling unicode-ident v1.0.18\n   Compiling syn v1.0.109\n   Compiling equivalent v1.0.2\n   Compiling hashbrown v0.15.2\n   Compiling toml_datetime v0.6.8\n   Compiling winnow v0.7.6\n   Compiling serde v1.0.219\n   Compiling indexmap v2.9.0\n   Compiling quote v1.0.40\n   Compiling toml_edit v0.22.24\n   Compiling serde_test v1.0.177\n   Compiling proc-macro-crate v3.3.0\n   Compiling ntest_test_cases v0.9.3\n   Compiling ntest_timeout v0.9.3\n   Compiling ntest v0.9.3\n   Compiling bytes v1.10.1 (/home/abezbm/rust-utgen-test-crates-new/bytes)\nerror: cannot find macro `vec` in this scope\n   --> src/buf/chain.rs:273:42\n    |\n273 |     assert_eq!(first_mut_reference.data, vec![7, 8, 9, 13]);\n    |                                          ^^^\n    |\nhelp: consider importing one of these macros\n    |\n243 +    use std::vec;\n    |\n243 +    use alloc::vec;\n    |\n\nerror: cannot find macro `vec` in this scope\n   --> src/buf/chain.rs:270:25\n    |\n270 |     let buf_b_initial = vec![10, 11, 12];\n    |                         ^^^\n    |\nhelp: consider importing one of these macros\n    |\n243 +    use std::vec;\n    |\n243 +    use alloc::vec;\n    |\n\nerror: cannot find macro `vec` in this scope\n   --> src/buf/chain.rs:269:25\n    |\n269 |     let buf_a_initial = vec![7, 8, 9];\n    |                         ^^^\n    |\nhelp: consider importing one of these macros\n    |\n243 +    use std::vec;\n    |\n243 +    use alloc::vec;\n    |\n\nerror: cannot find macro `vec` in this scope\n   --> src/buf/chain.rs:265:33\n    |\n265 |     let buf_b = BufferB { data: vec![10, 11, 12] };\n    |                                 ^^^\n    |\nhelp: consider importing one of these macros\n    |\n243 +    use std::vec;\n    |\n243 +    use alloc::vec;\n    |\n\nerror: cannot find macro `vec` in this scope\n   --> src/buf/chain.rs:264:37\n    |\n264 |     let mut buf_a = BufferA { data: vec![7, 8, 9] };\n    |                                     ^^^\n    |\nhelp: consider importing one of these macros\n    |\n243 +    use std::vec;\n    |\n243 +    use alloc::vec;\n    |\n\nerror[E0412]: cannot find type `Vec` in this scope\n   --> src/buf/chain.rs:249:15\n    |\n249 |         data: Vec<u8>,\n    |               ^^^ not found in this scope\n    |\nhelp: consider importing one of these structs\n    |\n243 +    use std::vec::Vec;\n    |\n243 +    use alloc::vec::Vec;\n    |\n\nerror[E0412]: cannot find type `Vec` in this scope\n   --> src/buf/chain.rs:253:15\n    |\n253 |         data: Vec<u8>,\n    |               ^^^ not found in this scope\n    |\nhelp: consider importing one of these structs\n    |\n243 +    use std::vec::Vec;\n    |\n243 +    use alloc::vec::Vec;\n    |\n\nwarning: unused import: `ntest::timeout`\n   --> src/buf/chain.rs:244:8\n    |\n244 |    use ntest::timeout;\n    |        ^^^^^^^^^^^^^^\n    |\n    = note: `#[warn(unused_imports)]` on by default\n\nwarning: unused import: `super::*`\n    --> src/bytes_mut.rs:1500:9\n     |\n1500 |     use super::*;\n     |         ^^^^^^^^\n\nerror[E0046]: not all trait items implemented, missing: `remaining`, `chunk`, `advance`\n   --> src/buf/chain.rs:256:5\n    |\n256 |     impl Buf for BufferA {\n    |     ^^^^^^^^^^^^^^^^^^^^ missing `remaining`, `chunk`, `advance` in implementation\n    |\n   ::: src/buf/buf_impl.rs:143:5\n    |\n143 |     fn remaining(&self) -> usize;\n    |     ----------------------------- `remaining` from trait\n...\n176 |     fn chunk(&self) -> &[u8];\n    |     ------------------------- `chunk` from trait\n...\n250 |     fn advance(&mut self, cnt: usize);\n    |     ---------------------------------- `advance` from trait\n\nerror[E0046]: not all trait items implemented, missing: `remaining`, `chunk`, `advance`\n   --> src/buf/chain.rs:260:5\n    |\n260 |     impl Buf for BufferB {\n    |     ^^^^^^^^^^^^^^^^^^^^ missing `remaining`, `chunk`, `advance` in implementation\n    |\n   ::: src/buf/buf_impl.rs:143:5\n    |\n143 |     fn remaining(&self) -> usize;\n    |     ----------------------------- `remaining` from trait\n...\n176 |     fn chunk(&self) -> &[u8];\n    |     ------------------------- `chunk` from trait\n...\n250 |     fn advance(&mut self, cnt: usize);\n    |     ---------------------------------- `advance` from trait\n\nerror[E0599]: the method `first_mut` exists for struct `Chain<BufferA, BufferB>`, but its trait bounds were not satisfied\n   --> src/buf/chain.rs:268:37\n    |\n30  | pub struct Chain<T, U> {\n    | ---------------------- method `first_mut` not found for this struct\n...\n248 |     struct BufferA {\n    |     -------------- doesn't satisfy `BufferA: Sized`\n...\n268 |     let first_mut_reference = chain.first_mut();\n    |                                     ^^^^^^^^^ method cannot be called on `Chain<BufferA, BufferB>` due to unsatisfied trait bounds\n    |\n    = note: the following trait bounds were not satisfied:\n            `{type error}: Sized`\n            which is required by `BufferA: Sized`\n\nerror[E0599]: the method `first_mut` exists for struct `Chain<BufferA, BufferB>`, but its trait bounds were not satisfied\n   --> src/buf/chain.rs:271:37\n    |\n30  | pub struct Chain<T, U> {\n    | ---------------------- method `first_mut` not found for this struct\n...\n248 |     struct BufferA {\n    |     -------------- doesn't satisfy `BufferA: Sized`\n...\n271 |     let first_mut_reference = chain.first_mut();\n    |                                     ^^^^^^^^^ method cannot be called on `Chain<BufferA, BufferB>` due to unsatisfied trait bounds\n    |\n    = note: the following trait bounds were not satisfied:\n            `{type error}: Sized`\n            which is required by `BufferA: Sized`\n\nSome errors have detailed explanations: E0046, E0412, E0599.\nFor more information about an error, try `rustc --explain E0046`.\nwarning: `bytes` (lib test) generated 2 warnings\nerror: could not compile `bytes` (lib test) due to 11 previous errors; 2 warnings emitted\n"
                },
                {
                  "Err": "   Compiling proc-macro2 v1.0.95\n   Compiling unicode-ident v1.0.18\n   Compiling equivalent v1.0.2\n   Compiling hashbrown v0.15.2\n   Compiling syn v1.0.109\n   Compiling winnow v0.7.6\n   Compiling toml_datetime v0.6.8\n   Compiling serde v1.0.219\n   Compiling indexmap v2.9.0\n   Compiling quote v1.0.40\n   Compiling toml_edit v0.22.24\n   Compiling serde_test v1.0.177\n   Compiling proc-macro-crate v3.3.0\n   Compiling ntest_test_cases v0.9.3\n   Compiling ntest_timeout v0.9.3\n   Compiling ntest v0.9.3\n   Compiling bytes v1.10.1 (/home/abezbm/rust-utgen-test-crates-new/bytes)\nerror: cannot find macro `vec` in this scope\n   --> src/buf/chain.rs:273:30\n    |\n273 |     assert_eq!(chain.a.data, vec![7, 8, 9, 13]);\n    |                              ^^^\n    |\nhelp: consider importing one of these macros\n    |\n243 +    use std::vec;\n    |\n243 +    use alloc::vec;\n    |\n\nerror: cannot find macro `vec` in this scope\n   --> src/buf/chain.rs:270:25\n    |\n270 |     let buf_b_initial = vec![10, 11, 12];\n    |                         ^^^\n    |\nhelp: consider importing one of these macros\n    |\n243 +    use std::vec;\n    |\n243 +    use alloc::vec;\n    |\n\nerror: cannot find macro `vec` in this scope\n   --> src/buf/chain.rs:269:25\n    |\n269 |     let buf_a_initial = vec![7, 8, 9];\n    |                         ^^^\n    |\nhelp: consider importing one of these macros\n    |\n243 +    use std::vec;\n    |\n243 +    use alloc::vec;\n    |\n\nerror: cannot find macro `vec` in this scope\n   --> src/buf/chain.rs:265:33\n    |\n265 |     let buf_b = BufferB { data: vec![10, 11, 12] };\n    |                                 ^^^\n    |\nhelp: consider importing one of these macros\n    |\n243 +    use std::vec;\n    |\n243 +    use alloc::vec;\n    |\n\nerror: cannot find macro `vec` in this scope\n   --> src/buf/chain.rs:264:37\n    |\n264 |     let mut buf_a = BufferA { data: vec![7, 8, 9] };\n    |                                     ^^^\n    |\nhelp: consider importing one of these macros\n    |\n243 +    use std::vec;\n    |\n243 +    use alloc::vec;\n    |\n\nerror[E0412]: cannot find type `Vec` in this scope\n   --> src/buf/chain.rs:249:15\n    |\n249 |         data: Vec<u8>,\n    |               ^^^ not found in this scope\n    |\nhelp: consider importing one of these structs\n    |\n243 +    use std::vec::Vec;\n    |\n243 +    use alloc::vec::Vec;\n    |\n\nerror[E0412]: cannot find type `Vec` in this scope\n   --> src/buf/chain.rs:253:15\n    |\n253 |         data: Vec<u8>,\n    |               ^^^ not found in this scope\n    |\nhelp: consider importing one of these structs\n    |\n243 +    use std::vec::Vec;\n    |\n243 +    use alloc::vec::Vec;\n    |\n\nwarning: unused import: `ntest::timeout`\n   --> src/buf/chain.rs:244:8\n    |\n244 |    use ntest::timeout;\n    |        ^^^^^^^^^^^^^^\n    |\n    = note: `#[warn(unused_imports)]` on by default\n\nwarning: unused import: `super::*`\n    --> src/bytes_mut.rs:1500:9\n     |\n1500 |     use super::*;\n     |         ^^^^^^^^\n\nerror[E0046]: not all trait items implemented, missing: `remaining`, `chunk`, `advance`\n   --> src/buf/chain.rs:256:5\n    |\n256 |     impl Buf for BufferA {\n    |     ^^^^^^^^^^^^^^^^^^^^ missing `remaining`, `chunk`, `advance` in implementation\n    |\n   ::: src/buf/buf_impl.rs:143:5\n    |\n143 |     fn remaining(&self) -> usize;\n    |     ----------------------------- `remaining` from trait\n...\n176 |     fn chunk(&self) -> &[u8];\n    |     ------------------------- `chunk` from trait\n...\n250 |     fn advance(&mut self, cnt: usize);\n    |     ---------------------------------- `advance` from trait\n\nerror[E0046]: not all trait items implemented, missing: `remaining`, `chunk`, `advance`\n   --> src/buf/chain.rs:260:5\n    |\n260 |     impl Buf for BufferB {\n    |     ^^^^^^^^^^^^^^^^^^^^ missing `remaining`, `chunk`, `advance` in implementation\n    |\n   ::: src/buf/buf_impl.rs:143:5\n    |\n143 |     fn remaining(&self) -> usize;\n    |     ----------------------------- `remaining` from trait\n...\n176 |     fn chunk(&self) -> &[u8];\n    |     ------------------------- `chunk` from trait\n...\n250 |     fn advance(&mut self, cnt: usize);\n    |     ---------------------------------- `advance` from trait\n\nerror[E0599]: the method `first_mut` exists for struct `Chain<BufferA, BufferB>`, but its trait bounds were not satisfied\n   --> src/buf/chain.rs:268:37\n    |\n30  | pub struct Chain<T, U> {\n    | ---------------------- method `first_mut` not found for this struct\n...\n248 |     struct BufferA {\n    |     -------------- doesn't satisfy `BufferA: Sized`\n...\n268 |     let first_mut_reference = chain.first_mut();\n    |                                     ^^^^^^^^^ method cannot be called on `Chain<BufferA, BufferB>` due to unsatisfied trait bounds\n    |\n    = note: the following trait bounds were not satisfied:\n            `{type error}: Sized`\n            which is required by `BufferA: Sized`\n\nerror[E0599]: the method `first_mut` exists for struct `Chain<BufferA, BufferB>`, but its trait bounds were not satisfied\n   --> src/buf/chain.rs:271:37\n    |\n30  | pub struct Chain<T, U> {\n    | ---------------------- method `first_mut` not found for this struct\n...\n248 |     struct BufferA {\n    |     -------------- doesn't satisfy `BufferA: Sized`\n...\n271 |     let first_mut_reference = chain.first_mut();\n    |                                     ^^^^^^^^^ method cannot be called on `Chain<BufferA, BufferB>` due to unsatisfied trait bounds\n    |\n    = note: the following trait bounds were not satisfied:\n            `{type error}: Sized`\n            which is required by `BufferA: Sized`\n\nSome errors have detailed explanations: E0046, E0412, E0599.\nFor more information about an error, try `rustc --explain E0046`.\nwarning: `bytes` (lib test) generated 2 warnings\nerror: could not compile `bytes` (lib test) due to 11 previous errors; 2 warnings emitted\n"
                }
              ],
              "repaired": [
                false,
                false,
                false,
                false,
                false
              ]
            },
            {
              "attrs": [],
              "prefix": [
                "{",
                "    struct EmptyBuf;",
                "",
                "    impl Buf for EmptyBuf {",
                "        // Implement necessary methods for the Buf trait.",
                "    }",
                "",
                "    let mut buf_a = EmptyBuf;",
                "    let buf_b = EmptyBuf;",
                "    let mut chain = Chain::new(buf_a, buf_b);",
                "",
                "    let first_mut_reference = chain.first_mut();",
                "}"
              ],
              "oracles": [
                [
                  "    let mut buf_a = EmptyBuf;",
                  "    let buf_b = EmptyBuf;",
                  "    let mut chain = Chain::new(buf_a, buf_b);",
                  "    let first_mut_reference = chain.first_mut();",
                  "    assert!(std::ptr::addr_of!(*first_mut_reference) == std::ptr::addr_of!(chain.a));"
                ],
                [
                  "    let mut buf_a = EmptyBuf;",
                  "    let buf_b = EmptyBuf;",
                  "    let mut chain = Chain::new(buf_a, buf_b);",
                  "    let first_mut_reference = chain.first_mut();",
                  "    assert!(std::mem::size_of_val(first_mut_reference) == std::mem::size_of::<EmptyBuf>());"
                ],
                [
                  "    let mut buf_a = EmptyBuf;",
                  "    let buf_b = EmptyBuf;",
                  "    let mut chain = Chain::new(buf_a, buf_b);",
                  "    let first_mut_reference = chain.first_mut();",
                  "    assert_eq!(first_mut_reference as *mut _, &mut chain.a as *mut _);"
                ]
              ],
              "codes": [
                [
                  "{",
                  "    struct EmptyBuf;",
                  "",
                  "    impl Buf for EmptyBuf {",
                  "        // Implement necessary methods for the Buf trait.",
                  "    }",
                  "",
                  "    let mut buf_a = EmptyBuf;",
                  "    let buf_b = EmptyBuf;",
                  "    let mut chain = Chain::new(buf_a, buf_b);",
                  "",
                  "    let first_mut_reference = chain.first_mut();",
                  "    let mut buf_a = EmptyBuf;",
                  "    let buf_b = EmptyBuf;",
                  "    let mut chain = Chain::new(buf_a, buf_b);",
                  "    let first_mut_reference = chain.first_mut();",
                  "    assert!(std::ptr::addr_of!(*first_mut_reference) == std::ptr::addr_of!(chain.a));",
                  "}"
                ],
                [
                  "{",
                  "    struct EmptyBuf;",
                  "",
                  "    impl Buf for EmptyBuf {",
                  "        // Implement necessary methods for the Buf trait.",
                  "    }",
                  "",
                  "    let mut buf_a = EmptyBuf;",
                  "    let buf_b = EmptyBuf;",
                  "    let mut chain = Chain::new(buf_a, buf_b);",
                  "",
                  "    let first_mut_reference = chain.first_mut();",
                  "    let mut buf_a = EmptyBuf;",
                  "    let buf_b = EmptyBuf;",
                  "    let mut chain = Chain::new(buf_a, buf_b);",
                  "    let first_mut_reference = chain.first_mut();",
                  "    assert!(std::mem::size_of_val(first_mut_reference) == std::mem::size_of::<EmptyBuf>());",
                  "}"
                ],
                [
                  "{",
                  "    struct EmptyBuf;",
                  "",
                  "    impl Buf for EmptyBuf {",
                  "        // Implement necessary methods for the Buf trait.",
                  "    }",
                  "",
                  "    let mut buf_a = EmptyBuf;",
                  "    let buf_b = EmptyBuf;",
                  "    let mut chain = Chain::new(buf_a, buf_b);",
                  "",
                  "    let first_mut_reference = chain.first_mut();",
                  "    let mut buf_a = EmptyBuf;",
                  "    let buf_b = EmptyBuf;",
                  "    let mut chain = Chain::new(buf_a, buf_b);",
                  "    let first_mut_reference = chain.first_mut();",
                  "    assert_eq!(first_mut_reference as *mut _, &mut chain.a as *mut _);",
                  "}"
                ]
              ],
              "can_compile": [
                {
                  "Err": "   Compiling proc-macro2 v1.0.95\n   Compiling unicode-ident v1.0.18\n   Compiling syn v1.0.109\n   Compiling equivalent v1.0.2\n   Compiling hashbrown v0.15.2\n   Compiling toml_datetime v0.6.8\n   Compiling winnow v0.7.6\n   Compiling serde v1.0.219\n   Compiling indexmap v2.9.0\n   Compiling quote v1.0.40\n   Compiling toml_edit v0.22.24\n   Compiling serde_test v1.0.177\n   Compiling proc-macro-crate v3.3.0\n   Compiling ntest_test_cases v0.9.3\n   Compiling ntest_timeout v0.9.3\n   Compiling ntest v0.9.3\n   Compiling bytes v1.10.1 (/home/abezbm/rust-utgen-test-crates-new/bytes)\nwarning: unused import: `ntest::timeout`\n   --> src/buf/chain.rs:244:8\n    |\n244 |    use ntest::timeout;\n    |        ^^^^^^^^^^^^^^\n    |\n    = note: `#[warn(unused_imports)]` on by default\n\nwarning: unused import: `super::*`\n    --> src/bytes_mut.rs:1500:9\n     |\n1500 |     use super::*;\n     |         ^^^^^^^^\n\nerror[E0046]: not all trait items implemented, missing: `remaining`, `chunk`, `advance`\n   --> src/buf/chain.rs:250:5\n    |\n250 |     impl Buf for EmptyBuf {\n    |     ^^^^^^^^^^^^^^^^^^^^^ missing `remaining`, `chunk`, `advance` in implementation\n    |\n   ::: src/buf/buf_impl.rs:143:5\n    |\n143 |     fn remaining(&self) -> usize;\n    |     ----------------------------- `remaining` from trait\n...\n176 |     fn chunk(&self) -> &[u8];\n    |     ------------------------- `chunk` from trait\n...\n250 |     fn advance(&mut self, cnt: usize);\n    |     ---------------------------------- `advance` from trait\n\nwarning: unused variable: `first_mut_reference`\n   --> src/buf/chain.rs:258:9\n    |\n258 |     let first_mut_reference = chain.first_mut();\n    |         ^^^^^^^^^^^^^^^^^^^ help: if this is intentional, prefix it with an underscore: `_first_mut_reference`\n    |\n    = note: `#[warn(unused_variables)]` on by default\n\nwarning: variable does not need to be mutable\n   --> src/buf/chain.rs:254:9\n    |\n254 |     let mut buf_a = EmptyBuf;\n    |         ----^^^^^\n    |         |\n    |         help: remove this `mut`\n    |\n    = note: `#[warn(unused_mut)]` on by default\n\nwarning: variable does not need to be mutable\n   --> src/buf/chain.rs:259:9\n    |\n259 |     let mut buf_a = EmptyBuf;\n    |         ----^^^^^\n    |         |\n    |         help: remove this `mut`\n\nFor more information about this error, try `rustc --explain E0046`.\nwarning: `bytes` (lib test) generated 5 warnings\nerror: could not compile `bytes` (lib test) due to 1 previous error; 5 warnings emitted\n"
                },
                {
                  "Err": "   Compiling proc-macro2 v1.0.95\n   Compiling unicode-ident v1.0.18\n   Compiling syn v1.0.109\n   Compiling equivalent v1.0.2\n   Compiling hashbrown v0.15.2\n   Compiling winnow v0.7.6\n   Compiling toml_datetime v0.6.8\n   Compiling serde v1.0.219\n   Compiling indexmap v2.9.0\n   Compiling quote v1.0.40\n   Compiling toml_edit v0.22.24\n   Compiling serde_test v1.0.177\n   Compiling proc-macro-crate v3.3.0\n   Compiling ntest_test_cases v0.9.3\n   Compiling ntest_timeout v0.9.3\n   Compiling ntest v0.9.3\n   Compiling bytes v1.10.1 (/home/abezbm/rust-utgen-test-crates-new/bytes)\nwarning: unused import: `ntest::timeout`\n   --> src/buf/chain.rs:244:8\n    |\n244 |    use ntest::timeout;\n    |        ^^^^^^^^^^^^^^\n    |\n    = note: `#[warn(unused_imports)]` on by default\n\nwarning: unused import: `super::*`\n    --> src/bytes_mut.rs:1500:9\n     |\n1500 |     use super::*;\n     |         ^^^^^^^^\n\nerror[E0046]: not all trait items implemented, missing: `remaining`, `chunk`, `advance`\n   --> src/buf/chain.rs:250:5\n    |\n250 |     impl Buf for EmptyBuf {\n    |     ^^^^^^^^^^^^^^^^^^^^^ missing `remaining`, `chunk`, `advance` in implementation\n    |\n   ::: src/buf/buf_impl.rs:143:5\n    |\n143 |     fn remaining(&self) -> usize;\n    |     ----------------------------- `remaining` from trait\n...\n176 |     fn chunk(&self) -> &[u8];\n    |     ------------------------- `chunk` from trait\n...\n250 |     fn advance(&mut self, cnt: usize);\n    |     ---------------------------------- `advance` from trait\n\nwarning: unused variable: `first_mut_reference`\n   --> src/buf/chain.rs:258:9\n    |\n258 |     let first_mut_reference = chain.first_mut();\n    |         ^^^^^^^^^^^^^^^^^^^ help: if this is intentional, prefix it with an underscore: `_first_mut_reference`\n    |\n    = note: `#[warn(unused_variables)]` on by default\n\nwarning: variable does not need to be mutable\n   --> src/buf/chain.rs:254:9\n    |\n254 |     let mut buf_a = EmptyBuf;\n    |         ----^^^^^\n    |         |\n    |         help: remove this `mut`\n    |\n    = note: `#[warn(unused_mut)]` on by default\n\nwarning: variable does not need to be mutable\n   --> src/buf/chain.rs:259:9\n    |\n259 |     let mut buf_a = EmptyBuf;\n    |         ----^^^^^\n    |         |\n    |         help: remove this `mut`\n\nFor more information about this error, try `rustc --explain E0046`.\nwarning: `bytes` (lib test) generated 5 warnings\nerror: could not compile `bytes` (lib test) due to 1 previous error; 5 warnings emitted\n"
                },
                {
                  "Err": "   Compiling proc-macro2 v1.0.95\n   Compiling unicode-ident v1.0.18\n   Compiling hashbrown v0.15.2\n   Compiling syn v1.0.109\n   Compiling equivalent v1.0.2\n   Compiling toml_datetime v0.6.8\n   Compiling winnow v0.7.6\n   Compiling serde v1.0.219\n   Compiling indexmap v2.9.0\n   Compiling quote v1.0.40\n   Compiling toml_edit v0.22.24\n   Compiling serde_test v1.0.177\n   Compiling proc-macro-crate v3.3.0\n   Compiling ntest_test_cases v0.9.3\n   Compiling ntest_timeout v0.9.3\n   Compiling ntest v0.9.3\n   Compiling bytes v1.10.1 (/home/abezbm/rust-utgen-test-crates-new/bytes)\nwarning: unused import: `ntest::timeout`\n   --> src/buf/chain.rs:244:8\n    |\n244 |    use ntest::timeout;\n    |        ^^^^^^^^^^^^^^\n    |\n    = note: `#[warn(unused_imports)]` on by default\n\nwarning: unused import: `super::*`\n    --> src/bytes_mut.rs:1500:9\n     |\n1500 |     use super::*;\n     |         ^^^^^^^^\n\nerror[E0046]: not all trait items implemented, missing: `remaining`, `chunk`, `advance`\n   --> src/buf/chain.rs:250:5\n    |\n250 |     impl Buf for EmptyBuf {\n    |     ^^^^^^^^^^^^^^^^^^^^^ missing `remaining`, `chunk`, `advance` in implementation\n    |\n   ::: src/buf/buf_impl.rs:143:5\n    |\n143 |     fn remaining(&self) -> usize;\n    |     ----------------------------- `remaining` from trait\n...\n176 |     fn chunk(&self) -> &[u8];\n    |     ------------------------- `chunk` from trait\n...\n250 |     fn advance(&mut self, cnt: usize);\n    |     ---------------------------------- `advance` from trait\n\nwarning: unused variable: `first_mut_reference`\n   --> src/buf/chain.rs:258:9\n    |\n258 |     let first_mut_reference = chain.first_mut();\n    |         ^^^^^^^^^^^^^^^^^^^ help: if this is intentional, prefix it with an underscore: `_first_mut_reference`\n    |\n    = note: `#[warn(unused_variables)]` on by default\n\nwarning: variable does not need to be mutable\n   --> src/buf/chain.rs:254:9\n    |\n254 |     let mut buf_a = EmptyBuf;\n    |         ----^^^^^\n    |         |\n    |         help: remove this `mut`\n    |\n    = note: `#[warn(unused_mut)]` on by default\n\nwarning: variable does not need to be mutable\n   --> src/buf/chain.rs:259:9\n    |\n259 |     let mut buf_a = EmptyBuf;\n    |         ----^^^^^\n    |         |\n    |         help: remove this `mut`\n\nFor more information about this error, try `rustc --explain E0046`.\nwarning: `bytes` (lib test) generated 5 warnings\nerror: could not compile `bytes` (lib test) due to 1 previous error; 5 warnings emitted\n"
                }
              ],
              "repaired": [
                false,
                false,
                false
              ]
            }
          ]
        }
      ]
    }
  ]
}