{
  "name": "bytes::bytes_mut::_split_off_must_use",
  "name_with_impl": "bytes::bytes_mut::_split_off_must_use",
  "mod_info": {
    "name": "bytes_mut",
    "loc": "src/lib.rs:83:1:83:15"
  },
  "visible": false,
  "loc": "src/bytes_mut.rs:1876:1:1876:28",
  "fn_tests": [
    {
      "chain_id": 1,
      "prompt_conds": [],
      "input_infer": "0 <= input_length <= 1024, 1 <= split_index <= input_length\n",
      "answers": [
        {
          "uses": [],
          "has_test_mod": false,
          "common": [
            "#[should_panic]",
            "fn test_split_off_panic_index_zero() {",
            "    let mut b1 = BytesMut::from(\"hello world\");",
            "    b1.split_off(0);",
            "}",
            "",
            "#[should_panic]",
            "fn test_split_off_panic_out_of_bounds() {",
            "    let mut b1 = BytesMut::from(\"hello world\");",
            "    b1.split_off(12);",
            "}",
            "",
            "",
            "",
            "#[should_panic]",
            "fn test_split_off_large_input_zero_index() {",
            "    let mut b1 = BytesMut::from(\"A\".repeat(1024));",
            "    b1.split_off(0);",
            "}"
          ],
          "chain_tests": [
            {
              "attrs": [],
              "prefix": [
                "{",
                "    let mut b1 = BytesMut::from(\"hello world\");",
                "    b1.split_off(6);",
                "}"
              ],
              "oracles": [
                [
                  "    let mut b1 = BytesMut::from(\"hello world\");",
                  "    assert!(std::panic::catch_unwind(|| b1.split_off(0)).is_err());"
                ],
                [
                  "    let mut b1 = BytesMut::from(\"hello world\");",
                  "    let mut b1 = BytesMut::from(\"hello world\");",
                  "    assert!(std::panic::catch_unwind(|| b1.split_off(12)).is_err());"
                ],
                [
                  "    let mut b1 = BytesMut::from(\"hello world\");",
                  "    let mut b1 = BytesMut::from(\"hello world\");",
                  "    let mut b1 = BytesMut::from(\"A\".repeat(1024));",
                  "    assert!(std::panic::catch_unwind(|| b1.split_off(0)).is_err());"
                ],
                [
                  "    let mut b1 = BytesMut::from(\"hello world\");",
                  "    let mut b1 = BytesMut::from(\"hello world\");",
                  "    let mut b1 = BytesMut::from(\"A\".repeat(1024));",
                  "    let mut b1 = BytesMut::from(\"hello world\");",
                  "    let result = b1.split_off(6);",
                  "    assert_eq!(result, BytesMut::from(\"world\"));"
                ]
              ],
              "codes": [
                [
                  "{",
                  "    let mut b1 = BytesMut::from(\"hello world\");",
                  "    b1.split_off(6);",
                  "    let mut b1 = BytesMut::from(\"hello world\");",
                  "    assert!(std::panic::catch_unwind(|| b1.split_off(0)).is_err());",
                  "}"
                ],
                [
                  "{",
                  "    let mut b1 = BytesMut::from(\"hello world\");",
                  "    b1.split_off(6);",
                  "    let mut b1 = BytesMut::from(\"hello world\");",
                  "    let mut b1 = BytesMut::from(\"hello world\");",
                  "    assert!(std::panic::catch_unwind(|| b1.split_off(12)).is_err());",
                  "}"
                ],
                [
                  "{",
                  "    let mut b1 = BytesMut::from(\"hello world\");",
                  "    b1.split_off(6);",
                  "    let mut b1 = BytesMut::from(\"hello world\");",
                  "    let mut b1 = BytesMut::from(\"hello world\");",
                  "    let mut b1 = BytesMut::from(\"A\".repeat(1024));",
                  "    assert!(std::panic::catch_unwind(|| b1.split_off(0)).is_err());",
                  "}"
                ],
                [
                  "{",
                  "    let mut b1 = BytesMut::from(\"hello world\");",
                  "    b1.split_off(6);",
                  "    let mut b1 = BytesMut::from(\"hello world\");",
                  "    let mut b1 = BytesMut::from(\"hello world\");",
                  "    let mut b1 = BytesMut::from(\"A\".repeat(1024));",
                  "    let mut b1 = BytesMut::from(\"hello world\");",
                  "    let result = b1.split_off(6);",
                  "    assert_eq!(result, BytesMut::from(\"world\"));",
                  "}"
                ]
              ],
              "can_compile": [
                {
                  "Err": "   Compiling proc-macro2 v1.0.95\n   Compiling unicode-ident v1.0.18\n   Compiling equivalent v1.0.2\n   Compiling syn v1.0.109\n   Compiling hashbrown v0.15.2\n   Compiling toml_datetime v0.6.8\n   Compiling winnow v0.7.6\n   Compiling serde v1.0.219\n   Compiling indexmap v2.9.0\n   Compiling quote v1.0.40\n   Compiling toml_edit v0.22.24\n   Compiling serde_test v1.0.177\n   Compiling proc-macro-crate v3.3.0\n   Compiling ntest_test_cases v0.9.3\n   Compiling ntest_timeout v0.9.3\n   Compiling ntest v0.9.3\n   Compiling bytes v1.10.1 (/home/abezbm/rust-utgen-test-crates-new/bytes)\nwarning: unused import: `super::*`\n    --> src/bytes_mut.rs:1500:9\n     |\n1500 |     use super::*;\n     |         ^^^^^^^^\n     |\n     = note: `#[warn(unused_imports)]` on by default\n\nwarning: unused import: `ntest::timeout`\n    --> src/bytes_mut.rs:1925:8\n     |\n1925 |    use ntest::timeout;\n     |        ^^^^^^^^^^^^^^\n\nerror[E0277]: the trait bound `bytes_mut::BytesMut: From<String>` is not satisfied\n    --> src/bytes_mut.rs:1942:18\n     |\n1942 |     let mut b1 = BytesMut::from(\"A\".repeat(1024));\n     |                  ^^^^^^^^ the trait `From<String>` is not implemented for `bytes_mut::BytesMut`\n     |\n     = help: the following other types implement trait `From<T>`:\n               `bytes_mut::BytesMut` implements `From<&'a [u8]>`\n               `bytes_mut::BytesMut` implements `From<&'a str>`\n               `bytes_mut::BytesMut` implements `From<bytes::Bytes>`\n\nerror[E0277]: the type `&mut bytes_mut::BytesMut` may not be safely transferred across an unwind boundary\n    --> src/bytes_mut.rs:1952:38\n     |\n1952 |     assert!(std::panic::catch_unwind(|| b1.split_off(0)).is_err());\n     |             ------------------------ --^^^^^^^^^^^^^^^^\n     |             |                        |\n     |             |                        `&mut bytes_mut::BytesMut` may not be safely transferred across an unwind boundary\n     |             |                        within this `{closure@src/bytes_mut.rs:1952:38: 1952:40}`\n     |             required by a bound introduced by this call\n     |\n     = help: within `{closure@src/bytes_mut.rs:1952:38: 1952:40}`, the trait `UnwindSafe` is not implemented for `&mut bytes_mut::BytesMut`, which is required by `{closure@src/bytes_mut.rs:1952:38: 1952:40}: UnwindSafe`\n     = note: `UnwindSafe` is implemented for `&bytes_mut::BytesMut`, but not for `&mut bytes_mut::BytesMut`\nnote: required because it's used within this closure\n    --> src/bytes_mut.rs:1952:38\n     |\n1952 |     assert!(std::panic::catch_unwind(|| b1.split_off(0)).is_err());\n     |                                      ^^\nnote: required by a bound in `std::panic::catch_unwind`\n    --> /home/abezbm/.rustup/toolchains/nightly-2024-07-21-x86_64-unknown-linux-gnu/lib/rustlib/src/rust/library/std/src/panic.rs:349:40\n     |\n349  | pub fn catch_unwind<F: FnOnce() -> R + UnwindSafe, R>(f: F) -> Result<R> {\n     |                                        ^^^^^^^^^^ required by this bound in `catch_unwind`\n\nFor more information about this error, try `rustc --explain E0277`.\nwarning: `bytes` (lib test) generated 2 warnings\nerror: could not compile `bytes` (lib test) due to 2 previous errors; 2 warnings emitted\n"
                },
                {
                  "Err": "   Compiling proc-macro2 v1.0.95\n   Compiling unicode-ident v1.0.18\n   Compiling hashbrown v0.15.2\n   Compiling syn v1.0.109\n   Compiling equivalent v1.0.2\n   Compiling toml_datetime v0.6.8\n   Compiling winnow v0.7.6\n   Compiling serde v1.0.219\n   Compiling indexmap v2.9.0\n   Compiling quote v1.0.40\n   Compiling toml_edit v0.22.24\n   Compiling serde_test v1.0.177\n   Compiling proc-macro-crate v3.3.0\n   Compiling ntest_test_cases v0.9.3\n   Compiling ntest_timeout v0.9.3\n   Compiling ntest v0.9.3\n   Compiling bytes v1.10.1 (/home/abezbm/rust-utgen-test-crates-new/bytes)\nwarning: unused import: `super::*`\n    --> src/bytes_mut.rs:1500:9\n     |\n1500 |     use super::*;\n     |         ^^^^^^^^\n     |\n     = note: `#[warn(unused_imports)]` on by default\n\nwarning: unused import: `ntest::timeout`\n    --> src/bytes_mut.rs:1925:8\n     |\n1925 |    use ntest::timeout;\n     |        ^^^^^^^^^^^^^^\n\nerror[E0277]: the trait bound `bytes_mut::BytesMut: From<String>` is not satisfied\n    --> src/bytes_mut.rs:1942:18\n     |\n1942 |     let mut b1 = BytesMut::from(\"A\".repeat(1024));\n     |                  ^^^^^^^^ the trait `From<String>` is not implemented for `bytes_mut::BytesMut`\n     |\n     = help: the following other types implement trait `From<T>`:\n               `bytes_mut::BytesMut` implements `From<&'a [u8]>`\n               `bytes_mut::BytesMut` implements `From<&'a str>`\n               `bytes_mut::BytesMut` implements `From<bytes::Bytes>`\n\nerror[E0277]: the type `&mut bytes_mut::BytesMut` may not be safely transferred across an unwind boundary\n    --> src/bytes_mut.rs:1953:38\n     |\n1953 |     assert!(std::panic::catch_unwind(|| b1.split_off(12)).is_err());\n     |             ------------------------ --^^^^^^^^^^^^^^^^^\n     |             |                        |\n     |             |                        `&mut bytes_mut::BytesMut` may not be safely transferred across an unwind boundary\n     |             |                        within this `{closure@src/bytes_mut.rs:1953:38: 1953:40}`\n     |             required by a bound introduced by this call\n     |\n     = help: within `{closure@src/bytes_mut.rs:1953:38: 1953:40}`, the trait `UnwindSafe` is not implemented for `&mut bytes_mut::BytesMut`, which is required by `{closure@src/bytes_mut.rs:1953:38: 1953:40}: UnwindSafe`\n     = note: `UnwindSafe` is implemented for `&bytes_mut::BytesMut`, but not for `&mut bytes_mut::BytesMut`\nnote: required because it's used within this closure\n    --> src/bytes_mut.rs:1953:38\n     |\n1953 |     assert!(std::panic::catch_unwind(|| b1.split_off(12)).is_err());\n     |                                      ^^\nnote: required by a bound in `std::panic::catch_unwind`\n    --> /home/abezbm/.rustup/toolchains/nightly-2024-07-21-x86_64-unknown-linux-gnu/lib/rustlib/src/rust/library/std/src/panic.rs:349:40\n     |\n349  | pub fn catch_unwind<F: FnOnce() -> R + UnwindSafe, R>(f: F) -> Result<R> {\n     |                                        ^^^^^^^^^^ required by this bound in `catch_unwind`\n\nFor more information about this error, try `rustc --explain E0277`.\nwarning: `bytes` (lib test) generated 2 warnings\nerror: could not compile `bytes` (lib test) due to 2 previous errors; 2 warnings emitted\n"
                },
                {
                  "Err": "   Compiling proc-macro2 v1.0.95\n   Compiling unicode-ident v1.0.18\n   Compiling hashbrown v0.15.2\n   Compiling syn v1.0.109\n   Compiling equivalent v1.0.2\n   Compiling winnow v0.7.6\n   Compiling toml_datetime v0.6.8\n   Compiling serde v1.0.219\n   Compiling indexmap v2.9.0\n   Compiling quote v1.0.40\n   Compiling toml_edit v0.22.24\n   Compiling serde_test v1.0.177\n   Compiling proc-macro-crate v3.3.0\n   Compiling ntest_test_cases v0.9.3\n   Compiling ntest_timeout v0.9.3\n   Compiling ntest v0.9.3\n   Compiling bytes v1.10.1 (/home/abezbm/rust-utgen-test-crates-new/bytes)\nwarning: unused import: `super::*`\n    --> src/bytes_mut.rs:1500:9\n     |\n1500 |     use super::*;\n     |         ^^^^^^^^\n     |\n     = note: `#[warn(unused_imports)]` on by default\n\nwarning: unused import: `ntest::timeout`\n    --> src/bytes_mut.rs:1925:8\n     |\n1925 |    use ntest::timeout;\n     |        ^^^^^^^^^^^^^^\n\nerror[E0277]: the trait bound `bytes_mut::BytesMut: From<String>` is not satisfied\n    --> src/bytes_mut.rs:1942:18\n     |\n1942 |     let mut b1 = BytesMut::from(\"A\".repeat(1024));\n     |                  ^^^^^^^^ the trait `From<String>` is not implemented for `bytes_mut::BytesMut`\n     |\n     = help: the following other types implement trait `From<T>`:\n               `bytes_mut::BytesMut` implements `From<&'a [u8]>`\n               `bytes_mut::BytesMut` implements `From<&'a str>`\n               `bytes_mut::BytesMut` implements `From<bytes::Bytes>`\n\nerror[E0277]: the trait bound `bytes_mut::BytesMut: From<String>` is not satisfied\n    --> src/bytes_mut.rs:1953:18\n     |\n1953 |     let mut b1 = BytesMut::from(\"A\".repeat(1024));\n     |                  ^^^^^^^^ the trait `From<String>` is not implemented for `bytes_mut::BytesMut`\n     |\n     = help: the following other types implement trait `From<T>`:\n               `bytes_mut::BytesMut` implements `From<&'a [u8]>`\n               `bytes_mut::BytesMut` implements `From<&'a str>`\n               `bytes_mut::BytesMut` implements `From<bytes::Bytes>`\n\nFor more information about this error, try `rustc --explain E0277`.\nwarning: `bytes` (lib test) generated 2 warnings\nerror: could not compile `bytes` (lib test) due to 2 previous errors; 2 warnings emitted\n"
                },
                {
                  "Err": "   Compiling proc-macro2 v1.0.95\n   Compiling unicode-ident v1.0.18\n   Compiling hashbrown v0.15.2\n   Compiling equivalent v1.0.2\n   Compiling syn v1.0.109\n   Compiling winnow v0.7.6\n   Compiling toml_datetime v0.6.8\n   Compiling serde v1.0.219\n   Compiling indexmap v2.9.0\n   Compiling quote v1.0.40\n   Compiling toml_edit v0.22.24\n   Compiling serde_test v1.0.177\n   Compiling proc-macro-crate v3.3.0\n   Compiling ntest_test_cases v0.9.3\n   Compiling ntest_timeout v0.9.3\n   Compiling ntest v0.9.3\n   Compiling bytes v1.10.1 (/home/abezbm/rust-utgen-test-crates-new/bytes)\nwarning: unused import: `super::*`\n    --> src/bytes_mut.rs:1500:9\n     |\n1500 |     use super::*;\n     |         ^^^^^^^^\n     |\n     = note: `#[warn(unused_imports)]` on by default\n\nwarning: unused import: `ntest::timeout`\n    --> src/bytes_mut.rs:1925:8\n     |\n1925 |    use ntest::timeout;\n     |        ^^^^^^^^^^^^^^\n\nerror[E0277]: the trait bound `bytes_mut::BytesMut: From<String>` is not satisfied\n    --> src/bytes_mut.rs:1942:18\n     |\n1942 |     let mut b1 = BytesMut::from(\"A\".repeat(1024));\n     |                  ^^^^^^^^ the trait `From<String>` is not implemented for `bytes_mut::BytesMut`\n     |\n     = help: the following other types implement trait `From<T>`:\n               `bytes_mut::BytesMut` implements `From<&'a [u8]>`\n               `bytes_mut::BytesMut` implements `From<&'a str>`\n               `bytes_mut::BytesMut` implements `From<bytes::Bytes>`\n\nerror[E0277]: the trait bound `bytes_mut::BytesMut: From<String>` is not satisfied\n    --> src/bytes_mut.rs:1953:18\n     |\n1953 |     let mut b1 = BytesMut::from(\"A\".repeat(1024));\n     |                  ^^^^^^^^ the trait `From<String>` is not implemented for `bytes_mut::BytesMut`\n     |\n     = help: the following other types implement trait `From<T>`:\n               `bytes_mut::BytesMut` implements `From<&'a [u8]>`\n               `bytes_mut::BytesMut` implements `From<&'a str>`\n               `bytes_mut::BytesMut` implements `From<bytes::Bytes>`\n\nFor more information about this error, try `rustc --explain E0277`.\nwarning: `bytes` (lib test) generated 2 warnings\nerror: could not compile `bytes` (lib test) due to 2 previous errors; 2 warnings emitted\n"
                }
              ],
              "repaired": [
                false,
                false,
                false,
                false
              ]
            },
            {
              "attrs": [],
              "prefix": [
                "{",
                "    let mut b1 = BytesMut::from(\"hello world\");",
                "    b1.split_off(1);",
                "}"
              ],
              "oracles": [
                [
                  "    let mut b1 = BytesMut::from(\"hello world\");",
                  "    let result = b1.split_off(0);",
                  "    assert!(result.is_err());"
                ],
                [
                  "    let mut b1 = BytesMut::from(\"hello world\");",
                  "    let result = b1.split_off(0);",
                  "    let mut b1 = BytesMut::from(\"hello world\");",
                  "    let result = b1.split_off(12);",
                  "    assert!(result.is_err());"
                ],
                [
                  "    let mut b1 = BytesMut::from(\"hello world\");",
                  "    let result = b1.split_off(0);",
                  "    let mut b1 = BytesMut::from(\"hello world\");",
                  "    let result = b1.split_off(12);",
                  "    let mut b1 = BytesMut::from(\"A\".repeat(1024));",
                  "    let result = b1.split_off(0);",
                  "    assert!(result.is_err());"
                ],
                [
                  "    let mut b1 = BytesMut::from(\"hello world\");",
                  "    let result = b1.split_off(0);",
                  "    let mut b1 = BytesMut::from(\"hello world\");",
                  "    let result = b1.split_off(12);",
                  "    let mut b1 = BytesMut::from(\"A\".repeat(1024));",
                  "    let result = b1.split_off(0);",
                  "    let mut b1 = BytesMut::from(\"hello world\");",
                  "    let result = b1.split_off(1);",
                  "    assert_eq!(result.len(), 10);"
                ]
              ],
              "codes": [
                [
                  "{",
                  "    let mut b1 = BytesMut::from(\"hello world\");",
                  "    b1.split_off(1);",
                  "    let mut b1 = BytesMut::from(\"hello world\");",
                  "    let result = b1.split_off(0);",
                  "    assert!(result.is_err());",
                  "}"
                ],
                [
                  "{",
                  "    let mut b1 = BytesMut::from(\"hello world\");",
                  "    b1.split_off(1);",
                  "    let mut b1 = BytesMut::from(\"hello world\");",
                  "    let result = b1.split_off(0);",
                  "    let mut b1 = BytesMut::from(\"hello world\");",
                  "    let result = b1.split_off(12);",
                  "    assert!(result.is_err());",
                  "}"
                ],
                [
                  "{",
                  "    let mut b1 = BytesMut::from(\"hello world\");",
                  "    b1.split_off(1);",
                  "    let mut b1 = BytesMut::from(\"hello world\");",
                  "    let result = b1.split_off(0);",
                  "    let mut b1 = BytesMut::from(\"hello world\");",
                  "    let result = b1.split_off(12);",
                  "    let mut b1 = BytesMut::from(\"A\".repeat(1024));",
                  "    let result = b1.split_off(0);",
                  "    assert!(result.is_err());",
                  "}"
                ],
                [
                  "{",
                  "    let mut b1 = BytesMut::from(\"hello world\");",
                  "    b1.split_off(1);",
                  "    let mut b1 = BytesMut::from(\"hello world\");",
                  "    let result = b1.split_off(0);",
                  "    let mut b1 = BytesMut::from(\"hello world\");",
                  "    let result = b1.split_off(12);",
                  "    let mut b1 = BytesMut::from(\"A\".repeat(1024));",
                  "    let result = b1.split_off(0);",
                  "    let mut b1 = BytesMut::from(\"hello world\");",
                  "    let result = b1.split_off(1);",
                  "    assert_eq!(result.len(), 10);",
                  "}"
                ]
              ],
              "can_compile": [
                {
                  "Err": "   Compiling proc-macro2 v1.0.95\n   Compiling unicode-ident v1.0.18\n   Compiling equivalent v1.0.2\n   Compiling syn v1.0.109\n   Compiling hashbrown v0.15.2\n   Compiling toml_datetime v0.6.8\n   Compiling winnow v0.7.6\n   Compiling serde v1.0.219\n   Compiling indexmap v2.9.0\n   Compiling quote v1.0.40\n   Compiling toml_edit v0.22.24\n   Compiling serde_test v1.0.177\n   Compiling proc-macro-crate v3.3.0\n   Compiling ntest_test_cases v0.9.3\n   Compiling ntest_timeout v0.9.3\n   Compiling ntest v0.9.3\n   Compiling bytes v1.10.1 (/home/abezbm/rust-utgen-test-crates-new/bytes)\nwarning: unused import: `super::*`\n    --> src/bytes_mut.rs:1500:9\n     |\n1500 |     use super::*;\n     |         ^^^^^^^^\n     |\n     = note: `#[warn(unused_imports)]` on by default\n\nwarning: unused import: `ntest::timeout`\n    --> src/bytes_mut.rs:1925:8\n     |\n1925 |    use ntest::timeout;\n     |        ^^^^^^^^^^^^^^\n\nerror[E0277]: the trait bound `bytes_mut::BytesMut: From<String>` is not satisfied\n    --> src/bytes_mut.rs:1942:18\n     |\n1942 |     let mut b1 = BytesMut::from(\"A\".repeat(1024));\n     |                  ^^^^^^^^ the trait `From<String>` is not implemented for `bytes_mut::BytesMut`\n     |\n     = help: the following other types implement trait `From<T>`:\n               `bytes_mut::BytesMut` implements `From<&'a [u8]>`\n               `bytes_mut::BytesMut` implements `From<&'a str>`\n               `bytes_mut::BytesMut` implements `From<bytes::Bytes>`\n\nerror[E0599]: no method named `is_err` found for struct `bytes_mut::BytesMut` in the current scope\n    --> src/bytes_mut.rs:1953:20\n     |\n61   | pub struct BytesMut {\n     | ------------------- method `is_err` not found for this struct\n...\n1953 |     assert!(result.is_err());\n     |                    ^^^^^^\n     |\nhelp: there is a method `iter` with a similar name\n     |\n1953 |     assert!(result.iter());\n     |                    ~~~~\n\nSome errors have detailed explanations: E0277, E0599.\nFor more information about an error, try `rustc --explain E0277`.\nwarning: `bytes` (lib test) generated 2 warnings\nerror: could not compile `bytes` (lib test) due to 2 previous errors; 2 warnings emitted\n"
                },
                {
                  "Err": "   Compiling proc-macro2 v1.0.95\n   Compiling unicode-ident v1.0.18\n   Compiling equivalent v1.0.2\n   Compiling hashbrown v0.15.2\n   Compiling syn v1.0.109\n   Compiling toml_datetime v0.6.8\n   Compiling winnow v0.7.6\n   Compiling serde v1.0.219\n   Compiling indexmap v2.9.0\n   Compiling quote v1.0.40\n   Compiling toml_edit v0.22.24\n   Compiling serde_test v1.0.177\n   Compiling proc-macro-crate v3.3.0\n   Compiling ntest_test_cases v0.9.3\n   Compiling ntest_timeout v0.9.3\n   Compiling ntest v0.9.3\n   Compiling bytes v1.10.1 (/home/abezbm/rust-utgen-test-crates-new/bytes)\nwarning: unused import: `super::*`\n    --> src/bytes_mut.rs:1500:9\n     |\n1500 |     use super::*;\n     |         ^^^^^^^^\n     |\n     = note: `#[warn(unused_imports)]` on by default\n\nwarning: unused import: `ntest::timeout`\n    --> src/bytes_mut.rs:1925:8\n     |\n1925 |    use ntest::timeout;\n     |        ^^^^^^^^^^^^^^\n\nerror[E0277]: the trait bound `bytes_mut::BytesMut: From<String>` is not satisfied\n    --> src/bytes_mut.rs:1942:18\n     |\n1942 |     let mut b1 = BytesMut::from(\"A\".repeat(1024));\n     |                  ^^^^^^^^ the trait `From<String>` is not implemented for `bytes_mut::BytesMut`\n     |\n     = help: the following other types implement trait `From<T>`:\n               `bytes_mut::BytesMut` implements `From<&'a [u8]>`\n               `bytes_mut::BytesMut` implements `From<&'a str>`\n               `bytes_mut::BytesMut` implements `From<bytes::Bytes>`\n\nerror[E0599]: no method named `is_err` found for struct `bytes_mut::BytesMut` in the current scope\n    --> src/bytes_mut.rs:1955:20\n     |\n61   | pub struct BytesMut {\n     | ------------------- method `is_err` not found for this struct\n...\n1955 |     assert!(result.is_err());\n     |                    ^^^^^^\n     |\nhelp: there is a method `iter` with a similar name\n     |\n1955 |     assert!(result.iter());\n     |                    ~~~~\n\nSome errors have detailed explanations: E0277, E0599.\nFor more information about an error, try `rustc --explain E0277`.\nwarning: `bytes` (lib test) generated 2 warnings\nerror: could not compile `bytes` (lib test) due to 2 previous errors; 2 warnings emitted\n"
                },
                {
                  "Err": "   Compiling proc-macro2 v1.0.95\n   Compiling unicode-ident v1.0.18\n   Compiling syn v1.0.109\n   Compiling equivalent v1.0.2\n   Compiling hashbrown v0.15.2\n   Compiling winnow v0.7.6\n   Compiling toml_datetime v0.6.8\n   Compiling serde v1.0.219\n   Compiling indexmap v2.9.0\n   Compiling quote v1.0.40\n   Compiling toml_edit v0.22.24\n   Compiling serde_test v1.0.177\n   Compiling proc-macro-crate v3.3.0\n   Compiling ntest_test_cases v0.9.3\n   Compiling ntest_timeout v0.9.3\n   Compiling ntest v0.9.3\n   Compiling bytes v1.10.1 (/home/abezbm/rust-utgen-test-crates-new/bytes)\nwarning: unused import: `super::*`\n    --> src/bytes_mut.rs:1500:9\n     |\n1500 |     use super::*;\n     |         ^^^^^^^^\n     |\n     = note: `#[warn(unused_imports)]` on by default\n\nwarning: unused import: `ntest::timeout`\n    --> src/bytes_mut.rs:1925:8\n     |\n1925 |    use ntest::timeout;\n     |        ^^^^^^^^^^^^^^\n\nerror[E0277]: the trait bound `bytes_mut::BytesMut: From<String>` is not satisfied\n    --> src/bytes_mut.rs:1942:18\n     |\n1942 |     let mut b1 = BytesMut::from(\"A\".repeat(1024));\n     |                  ^^^^^^^^ the trait `From<String>` is not implemented for `bytes_mut::BytesMut`\n     |\n     = help: the following other types implement trait `From<T>`:\n               `bytes_mut::BytesMut` implements `From<&'a [u8]>`\n               `bytes_mut::BytesMut` implements `From<&'a str>`\n               `bytes_mut::BytesMut` implements `From<bytes::Bytes>`\n\nerror[E0277]: the trait bound `bytes_mut::BytesMut: From<String>` is not satisfied\n    --> src/bytes_mut.rs:1955:18\n     |\n1955 |     let mut b1 = BytesMut::from(\"A\".repeat(1024));\n     |                  ^^^^^^^^ the trait `From<String>` is not implemented for `bytes_mut::BytesMut`\n     |\n     = help: the following other types implement trait `From<T>`:\n               `bytes_mut::BytesMut` implements `From<&'a [u8]>`\n               `bytes_mut::BytesMut` implements `From<&'a str>`\n               `bytes_mut::BytesMut` implements `From<bytes::Bytes>`\n\nerror[E0599]: no method named `is_err` found for struct `bytes_mut::BytesMut` in the current scope\n    --> src/bytes_mut.rs:1957:20\n     |\n61   | pub struct BytesMut {\n     | ------------------- method `is_err` not found for this struct\n...\n1957 |     assert!(result.is_err());\n     |                    ^^^^^^\n     |\nhelp: there is a method `iter` with a similar name\n     |\n1957 |     assert!(result.iter());\n     |                    ~~~~\n\nSome errors have detailed explanations: E0277, E0599.\nFor more information about an error, try `rustc --explain E0277`.\nwarning: `bytes` (lib test) generated 2 warnings\nerror: could not compile `bytes` (lib test) due to 3 previous errors; 2 warnings emitted\n"
                },
                {
                  "Err": "   Compiling proc-macro2 v1.0.95\n   Compiling unicode-ident v1.0.18\n   Compiling syn v1.0.109\n   Compiling equivalent v1.0.2\n   Compiling hashbrown v0.15.2\n   Compiling toml_datetime v0.6.8\n   Compiling winnow v0.7.6\n   Compiling serde v1.0.219\n   Compiling indexmap v2.9.0\n   Compiling quote v1.0.40\n   Compiling toml_edit v0.22.24\n   Compiling serde_test v1.0.177\n   Compiling proc-macro-crate v3.3.0\n   Compiling ntest_test_cases v0.9.3\n   Compiling ntest_timeout v0.9.3\n   Compiling ntest v0.9.3\n   Compiling bytes v1.10.1 (/home/abezbm/rust-utgen-test-crates-new/bytes)\nwarning: unused import: `super::*`\n    --> src/bytes_mut.rs:1500:9\n     |\n1500 |     use super::*;\n     |         ^^^^^^^^\n     |\n     = note: `#[warn(unused_imports)]` on by default\n\nwarning: unused import: `ntest::timeout`\n    --> src/bytes_mut.rs:1925:8\n     |\n1925 |    use ntest::timeout;\n     |        ^^^^^^^^^^^^^^\n\nerror[E0277]: the trait bound `bytes_mut::BytesMut: From<String>` is not satisfied\n    --> src/bytes_mut.rs:1942:18\n     |\n1942 |     let mut b1 = BytesMut::from(\"A\".repeat(1024));\n     |                  ^^^^^^^^ the trait `From<String>` is not implemented for `bytes_mut::BytesMut`\n     |\n     = help: the following other types implement trait `From<T>`:\n               `bytes_mut::BytesMut` implements `From<&'a [u8]>`\n               `bytes_mut::BytesMut` implements `From<&'a str>`\n               `bytes_mut::BytesMut` implements `From<bytes::Bytes>`\n\nerror[E0277]: the trait bound `bytes_mut::BytesMut: From<String>` is not satisfied\n    --> src/bytes_mut.rs:1955:18\n     |\n1955 |     let mut b1 = BytesMut::from(\"A\".repeat(1024));\n     |                  ^^^^^^^^ the trait `From<String>` is not implemented for `bytes_mut::BytesMut`\n     |\n     = help: the following other types implement trait `From<T>`:\n               `bytes_mut::BytesMut` implements `From<&'a [u8]>`\n               `bytes_mut::BytesMut` implements `From<&'a str>`\n               `bytes_mut::BytesMut` implements `From<bytes::Bytes>`\n\nFor more information about this error, try `rustc --explain E0277`.\nwarning: `bytes` (lib test) generated 2 warnings\nerror: could not compile `bytes` (lib test) due to 2 previous errors; 2 warnings emitted\n"
                }
              ],
              "repaired": [
                false,
                false,
                false,
                false
              ]
            },
            {
              "attrs": [],
              "prefix": [
                "{",
                "    let mut b1 = BytesMut::from(\"hello world\");",
                "    b1.split_off(11);",
                "}"
              ],
              "oracles": [
                [
                  "    let mut b1 = BytesMut::from(\"hello world\");",
                  "    assert!(std::panic::catch_unwind(|| b1.split_off(0)).is_err());"
                ],
                [
                  "    let mut b1 = BytesMut::from(\"hello world\");",
                  "    let mut b1 = BytesMut::from(\"hello world\");",
                  "    assert!(std::panic::catch_unwind(|| b1.split_off(12)).is_err());"
                ],
                [
                  "    let mut b1 = BytesMut::from(\"hello world\");",
                  "    let mut b1 = BytesMut::from(\"hello world\");",
                  "    let mut b1 = BytesMut::from(\"A\".repeat(1024));",
                  "    assert!(std::panic::catch_unwind(|| b1.split_off(0)).is_err());"
                ],
                [
                  "    let mut b1 = BytesMut::from(\"hello world\");",
                  "    let mut b1 = BytesMut::from(\"hello world\");",
                  "    let mut b1 = BytesMut::from(\"A\".repeat(1024));",
                  "    let mut b1 = BytesMut::from(\"hello world\");",
                  "    assert_eq!(b1.split_off(11).len(), 0);"
                ]
              ],
              "codes": [
                [
                  "{",
                  "    let mut b1 = BytesMut::from(\"hello world\");",
                  "    b1.split_off(11);",
                  "    let mut b1 = BytesMut::from(\"hello world\");",
                  "    assert!(std::panic::catch_unwind(|| b1.split_off(0)).is_err());",
                  "}"
                ],
                [
                  "{",
                  "    let mut b1 = BytesMut::from(\"hello world\");",
                  "    b1.split_off(11);",
                  "    let mut b1 = BytesMut::from(\"hello world\");",
                  "    let mut b1 = BytesMut::from(\"hello world\");",
                  "    assert!(std::panic::catch_unwind(|| b1.split_off(12)).is_err());",
                  "}"
                ],
                [
                  "{",
                  "    let mut b1 = BytesMut::from(\"hello world\");",
                  "    b1.split_off(11);",
                  "    let mut b1 = BytesMut::from(\"hello world\");",
                  "    let mut b1 = BytesMut::from(\"hello world\");",
                  "    let mut b1 = BytesMut::from(\"A\".repeat(1024));",
                  "    assert!(std::panic::catch_unwind(|| b1.split_off(0)).is_err());",
                  "}"
                ],
                [
                  "{",
                  "    let mut b1 = BytesMut::from(\"hello world\");",
                  "    b1.split_off(11);",
                  "    let mut b1 = BytesMut::from(\"hello world\");",
                  "    let mut b1 = BytesMut::from(\"hello world\");",
                  "    let mut b1 = BytesMut::from(\"A\".repeat(1024));",
                  "    let mut b1 = BytesMut::from(\"hello world\");",
                  "    assert_eq!(b1.split_off(11).len(), 0);",
                  "}"
                ]
              ],
              "can_compile": [
                {
                  "Err": "   Compiling proc-macro2 v1.0.95\n   Compiling unicode-ident v1.0.18\n   Compiling hashbrown v0.15.2\n   Compiling syn v1.0.109\n   Compiling equivalent v1.0.2\n   Compiling winnow v0.7.6\n   Compiling toml_datetime v0.6.8\n   Compiling serde v1.0.219\n   Compiling indexmap v2.9.0\n   Compiling quote v1.0.40\n   Compiling toml_edit v0.22.24\n   Compiling serde_test v1.0.177\n   Compiling proc-macro-crate v3.3.0\n   Compiling ntest_test_cases v0.9.3\n   Compiling ntest_timeout v0.9.3\n   Compiling ntest v0.9.3\n   Compiling bytes v1.10.1 (/home/abezbm/rust-utgen-test-crates-new/bytes)\nwarning: unused import: `super::*`\n    --> src/bytes_mut.rs:1500:9\n     |\n1500 |     use super::*;\n     |         ^^^^^^^^\n     |\n     = note: `#[warn(unused_imports)]` on by default\n\nwarning: unused import: `ntest::timeout`\n    --> src/bytes_mut.rs:1925:8\n     |\n1925 |    use ntest::timeout;\n     |        ^^^^^^^^^^^^^^\n\nerror[E0277]: the trait bound `bytes_mut::BytesMut: From<String>` is not satisfied\n    --> src/bytes_mut.rs:1942:18\n     |\n1942 |     let mut b1 = BytesMut::from(\"A\".repeat(1024));\n     |                  ^^^^^^^^ the trait `From<String>` is not implemented for `bytes_mut::BytesMut`\n     |\n     = help: the following other types implement trait `From<T>`:\n               `bytes_mut::BytesMut` implements `From<&'a [u8]>`\n               `bytes_mut::BytesMut` implements `From<&'a str>`\n               `bytes_mut::BytesMut` implements `From<bytes::Bytes>`\n\nerror[E0277]: the type `&mut bytes_mut::BytesMut` may not be safely transferred across an unwind boundary\n    --> src/bytes_mut.rs:1952:38\n     |\n1952 |     assert!(std::panic::catch_unwind(|| b1.split_off(0)).is_err());\n     |             ------------------------ --^^^^^^^^^^^^^^^^\n     |             |                        |\n     |             |                        `&mut bytes_mut::BytesMut` may not be safely transferred across an unwind boundary\n     |             |                        within this `{closure@src/bytes_mut.rs:1952:38: 1952:40}`\n     |             required by a bound introduced by this call\n     |\n     = help: within `{closure@src/bytes_mut.rs:1952:38: 1952:40}`, the trait `UnwindSafe` is not implemented for `&mut bytes_mut::BytesMut`, which is required by `{closure@src/bytes_mut.rs:1952:38: 1952:40}: UnwindSafe`\n     = note: `UnwindSafe` is implemented for `&bytes_mut::BytesMut`, but not for `&mut bytes_mut::BytesMut`\nnote: required because it's used within this closure\n    --> src/bytes_mut.rs:1952:38\n     |\n1952 |     assert!(std::panic::catch_unwind(|| b1.split_off(0)).is_err());\n     |                                      ^^\nnote: required by a bound in `std::panic::catch_unwind`\n    --> /home/abezbm/.rustup/toolchains/nightly-2024-07-21-x86_64-unknown-linux-gnu/lib/rustlib/src/rust/library/std/src/panic.rs:349:40\n     |\n349  | pub fn catch_unwind<F: FnOnce() -> R + UnwindSafe, R>(f: F) -> Result<R> {\n     |                                        ^^^^^^^^^^ required by this bound in `catch_unwind`\n\nFor more information about this error, try `rustc --explain E0277`.\nwarning: `bytes` (lib test) generated 2 warnings\nerror: could not compile `bytes` (lib test) due to 2 previous errors; 2 warnings emitted\n"
                },
                {
                  "Err": "   Compiling proc-macro2 v1.0.95\n   Compiling unicode-ident v1.0.18\n   Compiling equivalent v1.0.2\n   Compiling syn v1.0.109\n   Compiling hashbrown v0.15.2\n   Compiling toml_datetime v0.6.8\n   Compiling winnow v0.7.6\n   Compiling serde v1.0.219\n   Compiling indexmap v2.9.0\n   Compiling quote v1.0.40\n   Compiling toml_edit v0.22.24\n   Compiling serde_test v1.0.177\n   Compiling proc-macro-crate v3.3.0\n   Compiling ntest_test_cases v0.9.3\n   Compiling ntest_timeout v0.9.3\n   Compiling ntest v0.9.3\n   Compiling bytes v1.10.1 (/home/abezbm/rust-utgen-test-crates-new/bytes)\nwarning: unused import: `super::*`\n    --> src/bytes_mut.rs:1500:9\n     |\n1500 |     use super::*;\n     |         ^^^^^^^^\n     |\n     = note: `#[warn(unused_imports)]` on by default\n\nwarning: unused import: `ntest::timeout`\n    --> src/bytes_mut.rs:1925:8\n     |\n1925 |    use ntest::timeout;\n     |        ^^^^^^^^^^^^^^\n\nerror[E0277]: the trait bound `bytes_mut::BytesMut: From<String>` is not satisfied\n    --> src/bytes_mut.rs:1942:18\n     |\n1942 |     let mut b1 = BytesMut::from(\"A\".repeat(1024));\n     |                  ^^^^^^^^ the trait `From<String>` is not implemented for `bytes_mut::BytesMut`\n     |\n     = help: the following other types implement trait `From<T>`:\n               `bytes_mut::BytesMut` implements `From<&'a [u8]>`\n               `bytes_mut::BytesMut` implements `From<&'a str>`\n               `bytes_mut::BytesMut` implements `From<bytes::Bytes>`\n\nerror[E0277]: the type `&mut bytes_mut::BytesMut` may not be safely transferred across an unwind boundary\n    --> src/bytes_mut.rs:1953:38\n     |\n1953 |     assert!(std::panic::catch_unwind(|| b1.split_off(12)).is_err());\n     |             ------------------------ --^^^^^^^^^^^^^^^^^\n     |             |                        |\n     |             |                        `&mut bytes_mut::BytesMut` may not be safely transferred across an unwind boundary\n     |             |                        within this `{closure@src/bytes_mut.rs:1953:38: 1953:40}`\n     |             required by a bound introduced by this call\n     |\n     = help: within `{closure@src/bytes_mut.rs:1953:38: 1953:40}`, the trait `UnwindSafe` is not implemented for `&mut bytes_mut::BytesMut`, which is required by `{closure@src/bytes_mut.rs:1953:38: 1953:40}: UnwindSafe`\n     = note: `UnwindSafe` is implemented for `&bytes_mut::BytesMut`, but not for `&mut bytes_mut::BytesMut`\nnote: required because it's used within this closure\n    --> src/bytes_mut.rs:1953:38\n     |\n1953 |     assert!(std::panic::catch_unwind(|| b1.split_off(12)).is_err());\n     |                                      ^^\nnote: required by a bound in `std::panic::catch_unwind`\n    --> /home/abezbm/.rustup/toolchains/nightly-2024-07-21-x86_64-unknown-linux-gnu/lib/rustlib/src/rust/library/std/src/panic.rs:349:40\n     |\n349  | pub fn catch_unwind<F: FnOnce() -> R + UnwindSafe, R>(f: F) -> Result<R> {\n     |                                        ^^^^^^^^^^ required by this bound in `catch_unwind`\n\nFor more information about this error, try `rustc --explain E0277`.\nwarning: `bytes` (lib test) generated 2 warnings\nerror: could not compile `bytes` (lib test) due to 2 previous errors; 2 warnings emitted\n"
                },
                {
                  "Err": "   Compiling proc-macro2 v1.0.95\n   Compiling unicode-ident v1.0.18\n   Compiling hashbrown v0.15.2\n   Compiling syn v1.0.109\n   Compiling equivalent v1.0.2\n   Compiling toml_datetime v0.6.8\n   Compiling winnow v0.7.6\n   Compiling serde v1.0.219\n   Compiling indexmap v2.9.0\n   Compiling quote v1.0.40\n   Compiling toml_edit v0.22.24\n   Compiling serde_test v1.0.177\n   Compiling proc-macro-crate v3.3.0\n   Compiling ntest_test_cases v0.9.3\n   Compiling ntest_timeout v0.9.3\n   Compiling ntest v0.9.3\n   Compiling bytes v1.10.1 (/home/abezbm/rust-utgen-test-crates-new/bytes)\nwarning: unused import: `super::*`\n    --> src/bytes_mut.rs:1500:9\n     |\n1500 |     use super::*;\n     |         ^^^^^^^^\n     |\n     = note: `#[warn(unused_imports)]` on by default\n\nwarning: unused import: `ntest::timeout`\n    --> src/bytes_mut.rs:1925:8\n     |\n1925 |    use ntest::timeout;\n     |        ^^^^^^^^^^^^^^\n\nerror[E0277]: the trait bound `bytes_mut::BytesMut: From<String>` is not satisfied\n    --> src/bytes_mut.rs:1942:18\n     |\n1942 |     let mut b1 = BytesMut::from(\"A\".repeat(1024));\n     |                  ^^^^^^^^ the trait `From<String>` is not implemented for `bytes_mut::BytesMut`\n     |\n     = help: the following other types implement trait `From<T>`:\n               `bytes_mut::BytesMut` implements `From<&'a [u8]>`\n               `bytes_mut::BytesMut` implements `From<&'a str>`\n               `bytes_mut::BytesMut` implements `From<bytes::Bytes>`\n\nerror[E0277]: the trait bound `bytes_mut::BytesMut: From<String>` is not satisfied\n    --> src/bytes_mut.rs:1953:18\n     |\n1953 |     let mut b1 = BytesMut::from(\"A\".repeat(1024));\n     |                  ^^^^^^^^ the trait `From<String>` is not implemented for `bytes_mut::BytesMut`\n     |\n     = help: the following other types implement trait `From<T>`:\n               `bytes_mut::BytesMut` implements `From<&'a [u8]>`\n               `bytes_mut::BytesMut` implements `From<&'a str>`\n               `bytes_mut::BytesMut` implements `From<bytes::Bytes>`\n\nFor more information about this error, try `rustc --explain E0277`.\nwarning: `bytes` (lib test) generated 2 warnings\nerror: could not compile `bytes` (lib test) due to 2 previous errors; 2 warnings emitted\n"
                },
                {
                  "Err": "   Compiling proc-macro2 v1.0.95\n   Compiling unicode-ident v1.0.18\n   Compiling syn v1.0.109\n   Compiling hashbrown v0.15.2\n   Compiling equivalent v1.0.2\n   Compiling winnow v0.7.6\n   Compiling toml_datetime v0.6.8\n   Compiling serde v1.0.219\n   Compiling indexmap v2.9.0\n   Compiling quote v1.0.40\n   Compiling toml_edit v0.22.24\n   Compiling serde_test v1.0.177\n   Compiling proc-macro-crate v3.3.0\n   Compiling ntest_test_cases v0.9.3\n   Compiling ntest_timeout v0.9.3\n   Compiling ntest v0.9.3\n   Compiling bytes v1.10.1 (/home/abezbm/rust-utgen-test-crates-new/bytes)\nwarning: unused import: `super::*`\n    --> src/bytes_mut.rs:1500:9\n     |\n1500 |     use super::*;\n     |         ^^^^^^^^\n     |\n     = note: `#[warn(unused_imports)]` on by default\n\nwarning: unused import: `ntest::timeout`\n    --> src/bytes_mut.rs:1925:8\n     |\n1925 |    use ntest::timeout;\n     |        ^^^^^^^^^^^^^^\n\nerror[E0277]: the trait bound `bytes_mut::BytesMut: From<String>` is not satisfied\n    --> src/bytes_mut.rs:1942:18\n     |\n1942 |     let mut b1 = BytesMut::from(\"A\".repeat(1024));\n     |                  ^^^^^^^^ the trait `From<String>` is not implemented for `bytes_mut::BytesMut`\n     |\n     = help: the following other types implement trait `From<T>`:\n               `bytes_mut::BytesMut` implements `From<&'a [u8]>`\n               `bytes_mut::BytesMut` implements `From<&'a str>`\n               `bytes_mut::BytesMut` implements `From<bytes::Bytes>`\n\nerror[E0277]: the trait bound `bytes_mut::BytesMut: From<String>` is not satisfied\n    --> src/bytes_mut.rs:1953:18\n     |\n1953 |     let mut b1 = BytesMut::from(\"A\".repeat(1024));\n     |                  ^^^^^^^^ the trait `From<String>` is not implemented for `bytes_mut::BytesMut`\n     |\n     = help: the following other types implement trait `From<T>`:\n               `bytes_mut::BytesMut` implements `From<&'a [u8]>`\n               `bytes_mut::BytesMut` implements `From<&'a str>`\n               `bytes_mut::BytesMut` implements `From<bytes::Bytes>`\n\nFor more information about this error, try `rustc --explain E0277`.\nwarning: `bytes` (lib test) generated 2 warnings\nerror: could not compile `bytes` (lib test) due to 2 previous errors; 2 warnings emitted\n"
                }
              ],
              "repaired": [
                false,
                false,
                false,
                false
              ]
            },
            {
              "attrs": [],
              "prefix": [
                "{",
                "    let mut b1 = BytesMut::from(\"hello world\");",
                "    b1.split_off(5);",
                "}"
              ],
              "oracles": [
                [
                  "    let mut b1 = BytesMut::from(\"hello world\");",
                  "    b1.split_off(0);",
                  "    assert!(std::panic::catch_unwind(|| { b1.split_off(0); }).is_err());"
                ],
                [
                  "    let mut b1 = BytesMut::from(\"hello world\");",
                  "    b1.split_off(0);",
                  "    let mut b2 = BytesMut::from(\"hello world\");",
                  "    b2.split_off(12);",
                  "    assert!(std::panic::catch_unwind(|| { b2.split_off(12); }).is_err());"
                ],
                [
                  "    let mut b1 = BytesMut::from(\"hello world\");",
                  "    b1.split_off(0);",
                  "    let mut b2 = BytesMut::from(\"hello world\");",
                  "    b2.split_off(12);",
                  "    let mut b3 = BytesMut::from(\"A\".repeat(1024));",
                  "    b3.split_off(0);",
                  "    assert!(std::panic::catch_unwind(|| { b3.split_off(0); }).is_err());"
                ],
                [
                  "    let mut b1 = BytesMut::from(\"hello world\");",
                  "    b1.split_off(0);",
                  "    let mut b2 = BytesMut::from(\"hello world\");",
                  "    b2.split_off(12);",
                  "    let mut b3 = BytesMut::from(\"A\".repeat(1024));",
                  "    b3.split_off(0);",
                  "    let mut b4 = BytesMut::from(\"hello world\");",
                  "    let result = b4.split_off(5);",
                  "    assert_eq!(result, BytesMut::from(\" world\"));"
                ],
                [
                  "    let mut b1 = BytesMut::from(\"hello world\");",
                  "    b1.split_off(0);",
                  "    let mut b2 = BytesMut::from(\"hello world\");",
                  "    b2.split_off(12);",
                  "    let mut b3 = BytesMut::from(\"A\".repeat(1024));",
                  "    b3.split_off(0);",
                  "    let mut b4 = BytesMut::from(\"hello world\");",
                  "    let result = b4.split_off(5);",
                  "    assert_eq!(b4, BytesMut::from(\"hello\"));"
                ]
              ],
              "codes": [
                [
                  "{",
                  "    let mut b1 = BytesMut::from(\"hello world\");",
                  "    b1.split_off(5);",
                  "    let mut b1 = BytesMut::from(\"hello world\");",
                  "    b1.split_off(0);",
                  "    assert!(std::panic::catch_unwind(|| { b1.split_off(0); }).is_err());",
                  "}"
                ],
                [
                  "{",
                  "    let mut b1 = BytesMut::from(\"hello world\");",
                  "    b1.split_off(5);",
                  "    let mut b1 = BytesMut::from(\"hello world\");",
                  "    b1.split_off(0);",
                  "    let mut b2 = BytesMut::from(\"hello world\");",
                  "    b2.split_off(12);",
                  "    assert!(std::panic::catch_unwind(|| { b2.split_off(12); }).is_err());",
                  "}"
                ],
                [
                  "{",
                  "    let mut b1 = BytesMut::from(\"hello world\");",
                  "    b1.split_off(5);",
                  "    let mut b1 = BytesMut::from(\"hello world\");",
                  "    b1.split_off(0);",
                  "    let mut b2 = BytesMut::from(\"hello world\");",
                  "    b2.split_off(12);",
                  "    let mut b3 = BytesMut::from(\"A\".repeat(1024));",
                  "    b3.split_off(0);",
                  "    assert!(std::panic::catch_unwind(|| { b3.split_off(0); }).is_err());",
                  "}"
                ],
                [
                  "{",
                  "    let mut b1 = BytesMut::from(\"hello world\");",
                  "    b1.split_off(5);",
                  "    let mut b1 = BytesMut::from(\"hello world\");",
                  "    b1.split_off(0);",
                  "    let mut b2 = BytesMut::from(\"hello world\");",
                  "    b2.split_off(12);",
                  "    let mut b3 = BytesMut::from(\"A\".repeat(1024));",
                  "    b3.split_off(0);",
                  "    let mut b4 = BytesMut::from(\"hello world\");",
                  "    let result = b4.split_off(5);",
                  "    assert_eq!(result, BytesMut::from(\" world\"));",
                  "}"
                ],
                [
                  "{",
                  "    let mut b1 = BytesMut::from(\"hello world\");",
                  "    b1.split_off(5);",
                  "    let mut b1 = BytesMut::from(\"hello world\");",
                  "    b1.split_off(0);",
                  "    let mut b2 = BytesMut::from(\"hello world\");",
                  "    b2.split_off(12);",
                  "    let mut b3 = BytesMut::from(\"A\".repeat(1024));",
                  "    b3.split_off(0);",
                  "    let mut b4 = BytesMut::from(\"hello world\");",
                  "    let result = b4.split_off(5);",
                  "    assert_eq!(b4, BytesMut::from(\"hello\"));",
                  "}"
                ]
              ],
              "can_compile": [
                {
                  "Err": "   Compiling proc-macro2 v1.0.95\n   Compiling unicode-ident v1.0.18\n   Compiling syn v1.0.109\n   Compiling equivalent v1.0.2\n   Compiling hashbrown v0.15.2\n   Compiling winnow v0.7.6\n   Compiling toml_datetime v0.6.8\n   Compiling serde v1.0.219\n   Compiling indexmap v2.9.0\n   Compiling quote v1.0.40\n   Compiling toml_edit v0.22.24\n   Compiling serde_test v1.0.177\n   Compiling proc-macro-crate v3.3.0\n   Compiling ntest_timeout v0.9.3\n   Compiling ntest_test_cases v0.9.3\n   Compiling ntest v0.9.3\n   Compiling bytes v1.10.1 (/home/abezbm/rust-utgen-test-crates-new/bytes)\nwarning: unused import: `super::*`\n    --> src/bytes_mut.rs:1500:9\n     |\n1500 |     use super::*;\n     |         ^^^^^^^^\n     |\n     = note: `#[warn(unused_imports)]` on by default\n\nwarning: unused import: `ntest::timeout`\n    --> src/bytes_mut.rs:1925:8\n     |\n1925 |    use ntest::timeout;\n     |        ^^^^^^^^^^^^^^\n\nerror[E0277]: the trait bound `bytes_mut::BytesMut: From<String>` is not satisfied\n    --> src/bytes_mut.rs:1942:18\n     |\n1942 |     let mut b1 = BytesMut::from(\"A\".repeat(1024));\n     |                  ^^^^^^^^ the trait `From<String>` is not implemented for `bytes_mut::BytesMut`\n     |\n     = help: the following other types implement trait `From<T>`:\n               `bytes_mut::BytesMut` implements `From<&'a [u8]>`\n               `bytes_mut::BytesMut` implements `From<&'a str>`\n               `bytes_mut::BytesMut` implements `From<bytes::Bytes>`\n\nerror[E0277]: the type `&mut bytes_mut::BytesMut` may not be safely transferred across an unwind boundary\n    --> src/bytes_mut.rs:1953:38\n     |\n1953 |     assert!(std::panic::catch_unwind(|| { b1.split_off(0); }).is_err());\n     |             ------------------------ --^^^^^^^^^^^^^^^^^^^^^\n     |             |                        |\n     |             |                        `&mut bytes_mut::BytesMut` may not be safely transferred across an unwind boundary\n     |             |                        within this `{closure@src/bytes_mut.rs:1953:38: 1953:40}`\n     |             required by a bound introduced by this call\n     |\n     = help: within `{closure@src/bytes_mut.rs:1953:38: 1953:40}`, the trait `UnwindSafe` is not implemented for `&mut bytes_mut::BytesMut`, which is required by `{closure@src/bytes_mut.rs:1953:38: 1953:40}: UnwindSafe`\n     = note: `UnwindSafe` is implemented for `&bytes_mut::BytesMut`, but not for `&mut bytes_mut::BytesMut`\nnote: required because it's used within this closure\n    --> src/bytes_mut.rs:1953:38\n     |\n1953 |     assert!(std::panic::catch_unwind(|| { b1.split_off(0); }).is_err());\n     |                                      ^^\nnote: required by a bound in `std::panic::catch_unwind`\n    --> /home/abezbm/.rustup/toolchains/nightly-2024-07-21-x86_64-unknown-linux-gnu/lib/rustlib/src/rust/library/std/src/panic.rs:349:40\n     |\n349  | pub fn catch_unwind<F: FnOnce() -> R + UnwindSafe, R>(f: F) -> Result<R> {\n     |                                        ^^^^^^^^^^ required by this bound in `catch_unwind`\n\nFor more information about this error, try `rustc --explain E0277`.\nwarning: `bytes` (lib test) generated 2 warnings\nerror: could not compile `bytes` (lib test) due to 2 previous errors; 2 warnings emitted\n"
                },
                {
                  "Err": "   Compiling proc-macro2 v1.0.95\n   Compiling unicode-ident v1.0.18\n   Compiling syn v1.0.109\n   Compiling equivalent v1.0.2\n   Compiling hashbrown v0.15.2\n   Compiling toml_datetime v0.6.8\n   Compiling winnow v0.7.6\n   Compiling serde v1.0.219\n   Compiling indexmap v2.9.0\n   Compiling quote v1.0.40\n   Compiling toml_edit v0.22.24\n   Compiling serde_test v1.0.177\n   Compiling proc-macro-crate v3.3.0\n   Compiling ntest_test_cases v0.9.3\n   Compiling ntest_timeout v0.9.3\n   Compiling ntest v0.9.3\n   Compiling bytes v1.10.1 (/home/abezbm/rust-utgen-test-crates-new/bytes)\nwarning: unused import: `super::*`\n    --> src/bytes_mut.rs:1500:9\n     |\n1500 |     use super::*;\n     |         ^^^^^^^^\n     |\n     = note: `#[warn(unused_imports)]` on by default\n\nwarning: unused import: `ntest::timeout`\n    --> src/bytes_mut.rs:1925:8\n     |\n1925 |    use ntest::timeout;\n     |        ^^^^^^^^^^^^^^\n\nerror[E0277]: the trait bound `bytes_mut::BytesMut: From<String>` is not satisfied\n    --> src/bytes_mut.rs:1942:18\n     |\n1942 |     let mut b1 = BytesMut::from(\"A\".repeat(1024));\n     |                  ^^^^^^^^ the trait `From<String>` is not implemented for `bytes_mut::BytesMut`\n     |\n     = help: the following other types implement trait `From<T>`:\n               `bytes_mut::BytesMut` implements `From<&'a [u8]>`\n               `bytes_mut::BytesMut` implements `From<&'a str>`\n               `bytes_mut::BytesMut` implements `From<bytes::Bytes>`\n\nerror[E0277]: the type `&mut bytes_mut::BytesMut` may not be safely transferred across an unwind boundary\n    --> src/bytes_mut.rs:1955:38\n     |\n1955 |     assert!(std::panic::catch_unwind(|| { b2.split_off(12); }).is_err());\n     |             ------------------------ --^^^^^^^^^^^^^^^^^^^^^^\n     |             |                        |\n     |             |                        `&mut bytes_mut::BytesMut` may not be safely transferred across an unwind boundary\n     |             |                        within this `{closure@src/bytes_mut.rs:1955:38: 1955:40}`\n     |             required by a bound introduced by this call\n     |\n     = help: within `{closure@src/bytes_mut.rs:1955:38: 1955:40}`, the trait `UnwindSafe` is not implemented for `&mut bytes_mut::BytesMut`, which is required by `{closure@src/bytes_mut.rs:1955:38: 1955:40}: UnwindSafe`\n     = note: `UnwindSafe` is implemented for `&bytes_mut::BytesMut`, but not for `&mut bytes_mut::BytesMut`\nnote: required because it's used within this closure\n    --> src/bytes_mut.rs:1955:38\n     |\n1955 |     assert!(std::panic::catch_unwind(|| { b2.split_off(12); }).is_err());\n     |                                      ^^\nnote: required by a bound in `std::panic::catch_unwind`\n    --> /home/abezbm/.rustup/toolchains/nightly-2024-07-21-x86_64-unknown-linux-gnu/lib/rustlib/src/rust/library/std/src/panic.rs:349:40\n     |\n349  | pub fn catch_unwind<F: FnOnce() -> R + UnwindSafe, R>(f: F) -> Result<R> {\n     |                                        ^^^^^^^^^^ required by this bound in `catch_unwind`\n\nFor more information about this error, try `rustc --explain E0277`.\nwarning: `bytes` (lib test) generated 2 warnings\nerror: could not compile `bytes` (lib test) due to 2 previous errors; 2 warnings emitted\n"
                },
                {
                  "Err": "   Compiling proc-macro2 v1.0.95\n   Compiling unicode-ident v1.0.18\n   Compiling equivalent v1.0.2\n   Compiling syn v1.0.109\n   Compiling hashbrown v0.15.2\n   Compiling toml_datetime v0.6.8\n   Compiling winnow v0.7.6\n   Compiling serde v1.0.219\n   Compiling indexmap v2.9.0\n   Compiling quote v1.0.40\n   Compiling toml_edit v0.22.24\n   Compiling serde_test v1.0.177\n   Compiling proc-macro-crate v3.3.0\n   Compiling ntest_test_cases v0.9.3\n   Compiling ntest_timeout v0.9.3\n   Compiling ntest v0.9.3\n   Compiling bytes v1.10.1 (/home/abezbm/rust-utgen-test-crates-new/bytes)\nwarning: unused import: `super::*`\n    --> src/bytes_mut.rs:1500:9\n     |\n1500 |     use super::*;\n     |         ^^^^^^^^\n     |\n     = note: `#[warn(unused_imports)]` on by default\n\nwarning: unused import: `ntest::timeout`\n    --> src/bytes_mut.rs:1925:8\n     |\n1925 |    use ntest::timeout;\n     |        ^^^^^^^^^^^^^^\n\nerror[E0277]: the trait bound `bytes_mut::BytesMut: From<String>` is not satisfied\n    --> src/bytes_mut.rs:1942:18\n     |\n1942 |     let mut b1 = BytesMut::from(\"A\".repeat(1024));\n     |                  ^^^^^^^^ the trait `From<String>` is not implemented for `bytes_mut::BytesMut`\n     |\n     = help: the following other types implement trait `From<T>`:\n               `bytes_mut::BytesMut` implements `From<&'a [u8]>`\n               `bytes_mut::BytesMut` implements `From<&'a str>`\n               `bytes_mut::BytesMut` implements `From<bytes::Bytes>`\n\nerror[E0277]: the trait bound `bytes_mut::BytesMut: From<String>` is not satisfied\n    --> src/bytes_mut.rs:1955:18\n     |\n1955 |     let mut b3 = BytesMut::from(\"A\".repeat(1024));\n     |                  ^^^^^^^^ the trait `From<String>` is not implemented for `bytes_mut::BytesMut`\n     |\n     = help: the following other types implement trait `From<T>`:\n               `bytes_mut::BytesMut` implements `From<&'a [u8]>`\n               `bytes_mut::BytesMut` implements `From<&'a str>`\n               `bytes_mut::BytesMut` implements `From<bytes::Bytes>`\n\nFor more information about this error, try `rustc --explain E0277`.\nwarning: `bytes` (lib test) generated 2 warnings\nerror: could not compile `bytes` (lib test) due to 2 previous errors; 2 warnings emitted\n"
                },
                {
                  "Err": "   Compiling proc-macro2 v1.0.95\n   Compiling unicode-ident v1.0.18\n   Compiling equivalent v1.0.2\n   Compiling hashbrown v0.15.2\n   Compiling syn v1.0.109\n   Compiling winnow v0.7.6\n   Compiling toml_datetime v0.6.8\n   Compiling serde v1.0.219\n   Compiling indexmap v2.9.0\n   Compiling quote v1.0.40\n   Compiling toml_edit v0.22.24\n   Compiling serde_test v1.0.177\n   Compiling proc-macro-crate v3.3.0\n   Compiling ntest_timeout v0.9.3\n   Compiling ntest_test_cases v0.9.3\n   Compiling ntest v0.9.3\n   Compiling bytes v1.10.1 (/home/abezbm/rust-utgen-test-crates-new/bytes)\nwarning: unused import: `super::*`\n    --> src/bytes_mut.rs:1500:9\n     |\n1500 |     use super::*;\n     |         ^^^^^^^^\n     |\n     = note: `#[warn(unused_imports)]` on by default\n\nwarning: unused import: `ntest::timeout`\n    --> src/bytes_mut.rs:1925:8\n     |\n1925 |    use ntest::timeout;\n     |        ^^^^^^^^^^^^^^\n\nerror[E0277]: the trait bound `bytes_mut::BytesMut: From<String>` is not satisfied\n    --> src/bytes_mut.rs:1942:18\n     |\n1942 |     let mut b1 = BytesMut::from(\"A\".repeat(1024));\n     |                  ^^^^^^^^ the trait `From<String>` is not implemented for `bytes_mut::BytesMut`\n     |\n     = help: the following other types implement trait `From<T>`:\n               `bytes_mut::BytesMut` implements `From<&'a [u8]>`\n               `bytes_mut::BytesMut` implements `From<&'a str>`\n               `bytes_mut::BytesMut` implements `From<bytes::Bytes>`\n\nerror[E0277]: the trait bound `bytes_mut::BytesMut: From<String>` is not satisfied\n    --> src/bytes_mut.rs:1955:18\n     |\n1955 |     let mut b3 = BytesMut::from(\"A\".repeat(1024));\n     |                  ^^^^^^^^ the trait `From<String>` is not implemented for `bytes_mut::BytesMut`\n     |\n     = help: the following other types implement trait `From<T>`:\n               `bytes_mut::BytesMut` implements `From<&'a [u8]>`\n               `bytes_mut::BytesMut` implements `From<&'a str>`\n               `bytes_mut::BytesMut` implements `From<bytes::Bytes>`\n\nFor more information about this error, try `rustc --explain E0277`.\nwarning: `bytes` (lib test) generated 2 warnings\nerror: could not compile `bytes` (lib test) due to 2 previous errors; 2 warnings emitted\n"
                },
                {
                  "Err": "   Compiling proc-macro2 v1.0.95\n   Compiling unicode-ident v1.0.18\n   Compiling syn v1.0.109\n   Compiling equivalent v1.0.2\n   Compiling hashbrown v0.15.2\n   Compiling winnow v0.7.6\n   Compiling toml_datetime v0.6.8\n   Compiling serde v1.0.219\n   Compiling indexmap v2.9.0\n   Compiling quote v1.0.40\n   Compiling toml_edit v0.22.24\n   Compiling serde_test v1.0.177\n   Compiling proc-macro-crate v3.3.0\n   Compiling ntest_test_cases v0.9.3\n   Compiling ntest_timeout v0.9.3\n   Compiling ntest v0.9.3\n   Compiling bytes v1.10.1 (/home/abezbm/rust-utgen-test-crates-new/bytes)\nwarning: unused import: `super::*`\n    --> src/bytes_mut.rs:1500:9\n     |\n1500 |     use super::*;\n     |         ^^^^^^^^\n     |\n     = note: `#[warn(unused_imports)]` on by default\n\nwarning: unused import: `ntest::timeout`\n    --> src/bytes_mut.rs:1925:8\n     |\n1925 |    use ntest::timeout;\n     |        ^^^^^^^^^^^^^^\n\nerror[E0277]: the trait bound `bytes_mut::BytesMut: From<String>` is not satisfied\n    --> src/bytes_mut.rs:1942:18\n     |\n1942 |     let mut b1 = BytesMut::from(\"A\".repeat(1024));\n     |                  ^^^^^^^^ the trait `From<String>` is not implemented for `bytes_mut::BytesMut`\n     |\n     = help: the following other types implement trait `From<T>`:\n               `bytes_mut::BytesMut` implements `From<&'a [u8]>`\n               `bytes_mut::BytesMut` implements `From<&'a str>`\n               `bytes_mut::BytesMut` implements `From<bytes::Bytes>`\n\nerror[E0277]: the trait bound `bytes_mut::BytesMut: From<String>` is not satisfied\n    --> src/bytes_mut.rs:1955:18\n     |\n1955 |     let mut b3 = BytesMut::from(\"A\".repeat(1024));\n     |                  ^^^^^^^^ the trait `From<String>` is not implemented for `bytes_mut::BytesMut`\n     |\n     = help: the following other types implement trait `From<T>`:\n               `bytes_mut::BytesMut` implements `From<&'a [u8]>`\n               `bytes_mut::BytesMut` implements `From<&'a str>`\n               `bytes_mut::BytesMut` implements `From<bytes::Bytes>`\n\nFor more information about this error, try `rustc --explain E0277`.\nwarning: `bytes` (lib test) generated 2 warnings\nerror: could not compile `bytes` (lib test) due to 2 previous errors; 2 warnings emitted\n"
                }
              ],
              "repaired": [
                false,
                false,
                false,
                false,
                false
              ]
            },
            {
              "attrs": [],
              "prefix": [
                "{",
                "    let mut b1 = BytesMut::from(\"\");",
                "    b1.split_off(1);",
                "}"
              ],
              "oracles": [
                [
                  "    let mut b1 = BytesMut::from(\"hello world\");",
                  "    b1.split_off(0);",
                  "    assert!(std::panic::catch_unwind(|| b1.split_off(0)).is_err());"
                ],
                [
                  "    let mut b1 = BytesMut::from(\"hello world\");",
                  "    b1.split_off(0);",
                  "    let mut b1 = BytesMut::from(\"hello world\");",
                  "    b1.split_off(12);",
                  "    assert!(std::panic::catch_unwind(|| b1.split_off(12)).is_err());"
                ],
                [
                  "    let mut b1 = BytesMut::from(\"hello world\");",
                  "    b1.split_off(0);",
                  "    let mut b1 = BytesMut::from(\"hello world\");",
                  "    b1.split_off(12);",
                  "    let mut b1 = BytesMut::from(\"A\".repeat(1024));",
                  "    b1.split_off(0);",
                  "    assert!(std::panic::catch_unwind(|| b1.split_off(0)).is_err());"
                ],
                [
                  "    let mut b1 = BytesMut::from(\"hello world\");",
                  "    b1.split_off(0);",
                  "    let mut b1 = BytesMut::from(\"hello world\");",
                  "    b1.split_off(12);",
                  "    let mut b1 = BytesMut::from(\"A\".repeat(1024));",
                  "    b1.split_off(0);",
                  "    let mut b1 = BytesMut::from(\"\");",
                  "    b1.split_off(1);",
                  "    assert!(std::panic::catch_unwind(|| b1.split_off(1)).is_err());"
                ]
              ],
              "codes": [
                [
                  "{",
                  "    let mut b1 = BytesMut::from(\"\");",
                  "    b1.split_off(1);",
                  "    let mut b1 = BytesMut::from(\"hello world\");",
                  "    b1.split_off(0);",
                  "    assert!(std::panic::catch_unwind(|| b1.split_off(0)).is_err());",
                  "}"
                ],
                [
                  "{",
                  "    let mut b1 = BytesMut::from(\"\");",
                  "    b1.split_off(1);",
                  "    let mut b1 = BytesMut::from(\"hello world\");",
                  "    b1.split_off(0);",
                  "    let mut b1 = BytesMut::from(\"hello world\");",
                  "    b1.split_off(12);",
                  "    assert!(std::panic::catch_unwind(|| b1.split_off(12)).is_err());",
                  "}"
                ],
                [
                  "{",
                  "    let mut b1 = BytesMut::from(\"\");",
                  "    b1.split_off(1);",
                  "    let mut b1 = BytesMut::from(\"hello world\");",
                  "    b1.split_off(0);",
                  "    let mut b1 = BytesMut::from(\"hello world\");",
                  "    b1.split_off(12);",
                  "    let mut b1 = BytesMut::from(\"A\".repeat(1024));",
                  "    b1.split_off(0);",
                  "    assert!(std::panic::catch_unwind(|| b1.split_off(0)).is_err());",
                  "}"
                ],
                [
                  "{",
                  "    let mut b1 = BytesMut::from(\"\");",
                  "    b1.split_off(1);",
                  "    let mut b1 = BytesMut::from(\"hello world\");",
                  "    b1.split_off(0);",
                  "    let mut b1 = BytesMut::from(\"hello world\");",
                  "    b1.split_off(12);",
                  "    let mut b1 = BytesMut::from(\"A\".repeat(1024));",
                  "    b1.split_off(0);",
                  "    let mut b1 = BytesMut::from(\"\");",
                  "    b1.split_off(1);",
                  "    assert!(std::panic::catch_unwind(|| b1.split_off(1)).is_err());",
                  "}"
                ]
              ],
              "can_compile": [
                {
                  "Err": "   Compiling proc-macro2 v1.0.95\n   Compiling unicode-ident v1.0.18\n   Compiling equivalent v1.0.2\n   Compiling hashbrown v0.15.2\n   Compiling syn v1.0.109\n   Compiling toml_datetime v0.6.8\n   Compiling winnow v0.7.6\n   Compiling serde v1.0.219\n   Compiling indexmap v2.9.0\n   Compiling quote v1.0.40\n   Compiling toml_edit v0.22.24\n   Compiling serde_test v1.0.177\n   Compiling proc-macro-crate v3.3.0\n   Compiling ntest_test_cases v0.9.3\n   Compiling ntest_timeout v0.9.3\n   Compiling ntest v0.9.3\n   Compiling bytes v1.10.1 (/home/abezbm/rust-utgen-test-crates-new/bytes)\nwarning: unused import: `super::*`\n    --> src/bytes_mut.rs:1500:9\n     |\n1500 |     use super::*;\n     |         ^^^^^^^^\n     |\n     = note: `#[warn(unused_imports)]` on by default\n\nwarning: unused import: `ntest::timeout`\n    --> src/bytes_mut.rs:1925:8\n     |\n1925 |    use ntest::timeout;\n     |        ^^^^^^^^^^^^^^\n\nerror[E0277]: the trait bound `bytes_mut::BytesMut: From<String>` is not satisfied\n    --> src/bytes_mut.rs:1942:18\n     |\n1942 |     let mut b1 = BytesMut::from(\"A\".repeat(1024));\n     |                  ^^^^^^^^ the trait `From<String>` is not implemented for `bytes_mut::BytesMut`\n     |\n     = help: the following other types implement trait `From<T>`:\n               `bytes_mut::BytesMut` implements `From<&'a [u8]>`\n               `bytes_mut::BytesMut` implements `From<&'a str>`\n               `bytes_mut::BytesMut` implements `From<bytes::Bytes>`\n\nerror[E0277]: the type `&mut bytes_mut::BytesMut` may not be safely transferred across an unwind boundary\n    --> src/bytes_mut.rs:1953:38\n     |\n1953 |     assert!(std::panic::catch_unwind(|| b1.split_off(0)).is_err());\n     |             ------------------------ --^^^^^^^^^^^^^^^^\n     |             |                        |\n     |             |                        `&mut bytes_mut::BytesMut` may not be safely transferred across an unwind boundary\n     |             |                        within this `{closure@src/bytes_mut.rs:1953:38: 1953:40}`\n     |             required by a bound introduced by this call\n     |\n     = help: within `{closure@src/bytes_mut.rs:1953:38: 1953:40}`, the trait `UnwindSafe` is not implemented for `&mut bytes_mut::BytesMut`, which is required by `{closure@src/bytes_mut.rs:1953:38: 1953:40}: UnwindSafe`\n     = note: `UnwindSafe` is implemented for `&bytes_mut::BytesMut`, but not for `&mut bytes_mut::BytesMut`\nnote: required because it's used within this closure\n    --> src/bytes_mut.rs:1953:38\n     |\n1953 |     assert!(std::panic::catch_unwind(|| b1.split_off(0)).is_err());\n     |                                      ^^\nnote: required by a bound in `std::panic::catch_unwind`\n    --> /home/abezbm/.rustup/toolchains/nightly-2024-07-21-x86_64-unknown-linux-gnu/lib/rustlib/src/rust/library/std/src/panic.rs:349:40\n     |\n349  | pub fn catch_unwind<F: FnOnce() -> R + UnwindSafe, R>(f: F) -> Result<R> {\n     |                                        ^^^^^^^^^^ required by this bound in `catch_unwind`\n\nFor more information about this error, try `rustc --explain E0277`.\nwarning: `bytes` (lib test) generated 2 warnings\nerror: could not compile `bytes` (lib test) due to 2 previous errors; 2 warnings emitted\n"
                },
                {
                  "Err": "   Compiling proc-macro2 v1.0.95\n   Compiling unicode-ident v1.0.18\n   Compiling equivalent v1.0.2\n   Compiling syn v1.0.109\n   Compiling hashbrown v0.15.2\n   Compiling winnow v0.7.6\n   Compiling toml_datetime v0.6.8\n   Compiling serde v1.0.219\n   Compiling indexmap v2.9.0\n   Compiling quote v1.0.40\n   Compiling toml_edit v0.22.24\n   Compiling serde_test v1.0.177\n   Compiling proc-macro-crate v3.3.0\n   Compiling ntest_test_cases v0.9.3\n   Compiling ntest_timeout v0.9.3\n   Compiling ntest v0.9.3\n   Compiling bytes v1.10.1 (/home/abezbm/rust-utgen-test-crates-new/bytes)\nwarning: unused import: `super::*`\n    --> src/bytes_mut.rs:1500:9\n     |\n1500 |     use super::*;\n     |         ^^^^^^^^\n     |\n     = note: `#[warn(unused_imports)]` on by default\n\nwarning: unused import: `ntest::timeout`\n    --> src/bytes_mut.rs:1925:8\n     |\n1925 |    use ntest::timeout;\n     |        ^^^^^^^^^^^^^^\n\nerror[E0277]: the trait bound `bytes_mut::BytesMut: From<String>` is not satisfied\n    --> src/bytes_mut.rs:1942:18\n     |\n1942 |     let mut b1 = BytesMut::from(\"A\".repeat(1024));\n     |                  ^^^^^^^^ the trait `From<String>` is not implemented for `bytes_mut::BytesMut`\n     |\n     = help: the following other types implement trait `From<T>`:\n               `bytes_mut::BytesMut` implements `From<&'a [u8]>`\n               `bytes_mut::BytesMut` implements `From<&'a str>`\n               `bytes_mut::BytesMut` implements `From<bytes::Bytes>`\n\nerror[E0277]: the type `&mut bytes_mut::BytesMut` may not be safely transferred across an unwind boundary\n    --> src/bytes_mut.rs:1955:38\n     |\n1955 |     assert!(std::panic::catch_unwind(|| b1.split_off(12)).is_err());\n     |             ------------------------ --^^^^^^^^^^^^^^^^^\n     |             |                        |\n     |             |                        `&mut bytes_mut::BytesMut` may not be safely transferred across an unwind boundary\n     |             |                        within this `{closure@src/bytes_mut.rs:1955:38: 1955:40}`\n     |             required by a bound introduced by this call\n     |\n     = help: within `{closure@src/bytes_mut.rs:1955:38: 1955:40}`, the trait `UnwindSafe` is not implemented for `&mut bytes_mut::BytesMut`, which is required by `{closure@src/bytes_mut.rs:1955:38: 1955:40}: UnwindSafe`\n     = note: `UnwindSafe` is implemented for `&bytes_mut::BytesMut`, but not for `&mut bytes_mut::BytesMut`\nnote: required because it's used within this closure\n    --> src/bytes_mut.rs:1955:38\n     |\n1955 |     assert!(std::panic::catch_unwind(|| b1.split_off(12)).is_err());\n     |                                      ^^\nnote: required by a bound in `std::panic::catch_unwind`\n    --> /home/abezbm/.rustup/toolchains/nightly-2024-07-21-x86_64-unknown-linux-gnu/lib/rustlib/src/rust/library/std/src/panic.rs:349:40\n     |\n349  | pub fn catch_unwind<F: FnOnce() -> R + UnwindSafe, R>(f: F) -> Result<R> {\n     |                                        ^^^^^^^^^^ required by this bound in `catch_unwind`\n\nFor more information about this error, try `rustc --explain E0277`.\nwarning: `bytes` (lib test) generated 2 warnings\nerror: could not compile `bytes` (lib test) due to 2 previous errors; 2 warnings emitted\n"
                },
                {
                  "Err": "   Compiling proc-macro2 v1.0.95\n   Compiling unicode-ident v1.0.18\n   Compiling syn v1.0.109\n   Compiling equivalent v1.0.2\n   Compiling hashbrown v0.15.2\n   Compiling winnow v0.7.6\n   Compiling toml_datetime v0.6.8\n   Compiling serde v1.0.219\n   Compiling indexmap v2.9.0\n   Compiling quote v1.0.40\n   Compiling toml_edit v0.22.24\n   Compiling serde_test v1.0.177\n   Compiling proc-macro-crate v3.3.0\n   Compiling ntest_timeout v0.9.3\n   Compiling ntest_test_cases v0.9.3\n   Compiling ntest v0.9.3\n   Compiling bytes v1.10.1 (/home/abezbm/rust-utgen-test-crates-new/bytes)\nwarning: unused import: `super::*`\n    --> src/bytes_mut.rs:1500:9\n     |\n1500 |     use super::*;\n     |         ^^^^^^^^\n     |\n     = note: `#[warn(unused_imports)]` on by default\n\nwarning: unused import: `ntest::timeout`\n    --> src/bytes_mut.rs:1925:8\n     |\n1925 |    use ntest::timeout;\n     |        ^^^^^^^^^^^^^^\n\nerror[E0277]: the trait bound `bytes_mut::BytesMut: From<String>` is not satisfied\n    --> src/bytes_mut.rs:1942:18\n     |\n1942 |     let mut b1 = BytesMut::from(\"A\".repeat(1024));\n     |                  ^^^^^^^^ the trait `From<String>` is not implemented for `bytes_mut::BytesMut`\n     |\n     = help: the following other types implement trait `From<T>`:\n               `bytes_mut::BytesMut` implements `From<&'a [u8]>`\n               `bytes_mut::BytesMut` implements `From<&'a str>`\n               `bytes_mut::BytesMut` implements `From<bytes::Bytes>`\n\nerror[E0277]: the trait bound `bytes_mut::BytesMut: From<String>` is not satisfied\n    --> src/bytes_mut.rs:1955:18\n     |\n1955 |     let mut b1 = BytesMut::from(\"A\".repeat(1024));\n     |                  ^^^^^^^^ the trait `From<String>` is not implemented for `bytes_mut::BytesMut`\n     |\n     = help: the following other types implement trait `From<T>`:\n               `bytes_mut::BytesMut` implements `From<&'a [u8]>`\n               `bytes_mut::BytesMut` implements `From<&'a str>`\n               `bytes_mut::BytesMut` implements `From<bytes::Bytes>`\n\nFor more information about this error, try `rustc --explain E0277`.\nwarning: `bytes` (lib test) generated 2 warnings\nerror: could not compile `bytes` (lib test) due to 2 previous errors; 2 warnings emitted\n"
                },
                {
                  "Err": "   Compiling proc-macro2 v1.0.95\n   Compiling unicode-ident v1.0.18\n   Compiling syn v1.0.109\n   Compiling equivalent v1.0.2\n   Compiling hashbrown v0.15.2\n   Compiling toml_datetime v0.6.8\n   Compiling winnow v0.7.6\n   Compiling serde v1.0.219\n   Compiling indexmap v2.9.0\n   Compiling quote v1.0.40\n   Compiling toml_edit v0.22.24\n   Compiling serde_test v1.0.177\n   Compiling proc-macro-crate v3.3.0\n   Compiling ntest_test_cases v0.9.3\n   Compiling ntest_timeout v0.9.3\n   Compiling ntest v0.9.3\n   Compiling bytes v1.10.1 (/home/abezbm/rust-utgen-test-crates-new/bytes)\nwarning: unused import: `super::*`\n    --> src/bytes_mut.rs:1500:9\n     |\n1500 |     use super::*;\n     |         ^^^^^^^^\n     |\n     = note: `#[warn(unused_imports)]` on by default\n\nwarning: unused import: `ntest::timeout`\n    --> src/bytes_mut.rs:1925:8\n     |\n1925 |    use ntest::timeout;\n     |        ^^^^^^^^^^^^^^\n\nerror[E0277]: the trait bound `bytes_mut::BytesMut: From<String>` is not satisfied\n    --> src/bytes_mut.rs:1942:18\n     |\n1942 |     let mut b1 = BytesMut::from(\"A\".repeat(1024));\n     |                  ^^^^^^^^ the trait `From<String>` is not implemented for `bytes_mut::BytesMut`\n     |\n     = help: the following other types implement trait `From<T>`:\n               `bytes_mut::BytesMut` implements `From<&'a [u8]>`\n               `bytes_mut::BytesMut` implements `From<&'a str>`\n               `bytes_mut::BytesMut` implements `From<bytes::Bytes>`\n\nerror[E0277]: the trait bound `bytes_mut::BytesMut: From<String>` is not satisfied\n    --> src/bytes_mut.rs:1955:18\n     |\n1955 |     let mut b1 = BytesMut::from(\"A\".repeat(1024));\n     |                  ^^^^^^^^ the trait `From<String>` is not implemented for `bytes_mut::BytesMut`\n     |\n     = help: the following other types implement trait `From<T>`:\n               `bytes_mut::BytesMut` implements `From<&'a [u8]>`\n               `bytes_mut::BytesMut` implements `From<&'a str>`\n               `bytes_mut::BytesMut` implements `From<bytes::Bytes>`\n\nFor more information about this error, try `rustc --explain E0277`.\nwarning: `bytes` (lib test) generated 2 warnings\nerror: could not compile `bytes` (lib test) due to 2 previous errors; 2 warnings emitted\n"
                }
              ],
              "repaired": [
                false,
                false,
                false,
                false
              ]
            },
            {
              "attrs": [],
              "prefix": [
                "{",
                "    let mut b1 = BytesMut::from(\"A\".repeat(1024));",
                "    b1.split_off(512);",
                "}"
              ],
              "oracles": [
                [
                  "    let mut b1 = BytesMut::from(\"hello world\");",
                  "    assert!(std::panic::catch_unwind(|| b1.split_off(0)).is_err());"
                ],
                [
                  "    let mut b1 = BytesMut::from(\"hello world\");",
                  "    let mut b1 = BytesMut::from(\"hello world\");",
                  "    assert!(std::panic::catch_unwind(|| b1.split_off(12)).is_err());"
                ],
                [
                  "    let mut b1 = BytesMut::from(\"hello world\");",
                  "    let mut b1 = BytesMut::from(\"hello world\");",
                  "    let mut b1 = BytesMut::from(\"A\".repeat(1024));",
                  "    assert!(std::panic::catch_unwind(|| b1.split_off(0)).is_err());"
                ],
                [
                  "    let mut b1 = BytesMut::from(\"hello world\");",
                  "    let mut b1 = BytesMut::from(\"hello world\");",
                  "    let mut b1 = BytesMut::from(\"A\".repeat(1024));",
                  "    let mut b1 = BytesMut::from(\"A\".repeat(1024));",
                  "    let result = std::panic::catch_unwind(|| b1.split_off(512));",
                  "    assert!(result.is_ok());"
                ]
              ],
              "codes": [
                [
                  "{",
                  "    let mut b1 = BytesMut::from(\"A\".repeat(1024));",
                  "    b1.split_off(512);",
                  "    let mut b1 = BytesMut::from(\"hello world\");",
                  "    assert!(std::panic::catch_unwind(|| b1.split_off(0)).is_err());",
                  "}"
                ],
                [
                  "{",
                  "    let mut b1 = BytesMut::from(\"A\".repeat(1024));",
                  "    b1.split_off(512);",
                  "    let mut b1 = BytesMut::from(\"hello world\");",
                  "    let mut b1 = BytesMut::from(\"hello world\");",
                  "    assert!(std::panic::catch_unwind(|| b1.split_off(12)).is_err());",
                  "}"
                ],
                [
                  "{",
                  "    let mut b1 = BytesMut::from(\"A\".repeat(1024));",
                  "    b1.split_off(512);",
                  "    let mut b1 = BytesMut::from(\"hello world\");",
                  "    let mut b1 = BytesMut::from(\"hello world\");",
                  "    let mut b1 = BytesMut::from(\"A\".repeat(1024));",
                  "    assert!(std::panic::catch_unwind(|| b1.split_off(0)).is_err());",
                  "}"
                ],
                [
                  "{",
                  "    let mut b1 = BytesMut::from(\"A\".repeat(1024));",
                  "    b1.split_off(512);",
                  "    let mut b1 = BytesMut::from(\"hello world\");",
                  "    let mut b1 = BytesMut::from(\"hello world\");",
                  "    let mut b1 = BytesMut::from(\"A\".repeat(1024));",
                  "    let mut b1 = BytesMut::from(\"A\".repeat(1024));",
                  "    let result = std::panic::catch_unwind(|| b1.split_off(512));",
                  "    assert!(result.is_ok());",
                  "}"
                ]
              ],
              "can_compile": [
                {
                  "Err": "   Compiling proc-macro2 v1.0.95\n   Compiling unicode-ident v1.0.18\n   Compiling syn v1.0.109\n   Compiling equivalent v1.0.2\n   Compiling hashbrown v0.15.2\n   Compiling winnow v0.7.6\n   Compiling toml_datetime v0.6.8\n   Compiling serde v1.0.219\n   Compiling indexmap v2.9.0\n   Compiling quote v1.0.40\n   Compiling toml_edit v0.22.24\n   Compiling proc-macro-crate v3.3.0\n   Compiling serde_test v1.0.177\n   Compiling ntest_test_cases v0.9.3\n   Compiling ntest_timeout v0.9.3\n   Compiling ntest v0.9.3\n   Compiling bytes v1.10.1 (/home/abezbm/rust-utgen-test-crates-new/bytes)\nwarning: unused import: `super::*`\n    --> src/bytes_mut.rs:1500:9\n     |\n1500 |     use super::*;\n     |         ^^^^^^^^\n     |\n     = note: `#[warn(unused_imports)]` on by default\n\nwarning: unused import: `ntest::timeout`\n    --> src/bytes_mut.rs:1925:8\n     |\n1925 |    use ntest::timeout;\n     |        ^^^^^^^^^^^^^^\n\nerror[E0277]: the trait bound `bytes_mut::BytesMut: From<String>` is not satisfied\n    --> src/bytes_mut.rs:1942:18\n     |\n1942 |     let mut b1 = BytesMut::from(\"A\".repeat(1024));\n     |                  ^^^^^^^^ the trait `From<String>` is not implemented for `bytes_mut::BytesMut`\n     |\n     = help: the following other types implement trait `From<T>`:\n               `bytes_mut::BytesMut` implements `From<&'a [u8]>`\n               `bytes_mut::BytesMut` implements `From<&'a str>`\n               `bytes_mut::BytesMut` implements `From<bytes::Bytes>`\n\nerror[E0277]: the trait bound `bytes_mut::BytesMut: From<String>` is not satisfied\n    --> src/bytes_mut.rs:1949:18\n     |\n1949 |     let mut b1 = BytesMut::from(\"A\".repeat(1024));\n     |                  ^^^^^^^^ the trait `From<String>` is not implemented for `bytes_mut::BytesMut`\n     |\n     = help: the following other types implement trait `From<T>`:\n               `bytes_mut::BytesMut` implements `From<&'a [u8]>`\n               `bytes_mut::BytesMut` implements `From<&'a str>`\n               `bytes_mut::BytesMut` implements `From<bytes::Bytes>`\n\nFor more information about this error, try `rustc --explain E0277`.\nwarning: `bytes` (lib test) generated 2 warnings\nerror: could not compile `bytes` (lib test) due to 2 previous errors; 2 warnings emitted\n"
                },
                {
                  "Err": "   Compiling proc-macro2 v1.0.95\n   Compiling unicode-ident v1.0.18\n   Compiling hashbrown v0.15.2\n   Compiling syn v1.0.109\n   Compiling equivalent v1.0.2\n   Compiling winnow v0.7.6\n   Compiling toml_datetime v0.6.8\n   Compiling serde v1.0.219\n   Compiling indexmap v2.9.0\n   Compiling quote v1.0.40\n   Compiling toml_edit v0.22.24\n   Compiling proc-macro-crate v3.3.0\n   Compiling serde_test v1.0.177\n   Compiling ntest_timeout v0.9.3\n   Compiling ntest_test_cases v0.9.3\n   Compiling ntest v0.9.3\n   Compiling bytes v1.10.1 (/home/abezbm/rust-utgen-test-crates-new/bytes)\nwarning: unused import: `super::*`\n    --> src/bytes_mut.rs:1500:9\n     |\n1500 |     use super::*;\n     |         ^^^^^^^^\n     |\n     = note: `#[warn(unused_imports)]` on by default\n\nwarning: unused import: `ntest::timeout`\n    --> src/bytes_mut.rs:1925:8\n     |\n1925 |    use ntest::timeout;\n     |        ^^^^^^^^^^^^^^\n\nerror[E0277]: the trait bound `bytes_mut::BytesMut: From<String>` is not satisfied\n    --> src/bytes_mut.rs:1942:18\n     |\n1942 |     let mut b1 = BytesMut::from(\"A\".repeat(1024));\n     |                  ^^^^^^^^ the trait `From<String>` is not implemented for `bytes_mut::BytesMut`\n     |\n     = help: the following other types implement trait `From<T>`:\n               `bytes_mut::BytesMut` implements `From<&'a [u8]>`\n               `bytes_mut::BytesMut` implements `From<&'a str>`\n               `bytes_mut::BytesMut` implements `From<bytes::Bytes>`\n\nerror[E0277]: the trait bound `bytes_mut::BytesMut: From<String>` is not satisfied\n    --> src/bytes_mut.rs:1949:18\n     |\n1949 |     let mut b1 = BytesMut::from(\"A\".repeat(1024));\n     |                  ^^^^^^^^ the trait `From<String>` is not implemented for `bytes_mut::BytesMut`\n     |\n     = help: the following other types implement trait `From<T>`:\n               `bytes_mut::BytesMut` implements `From<&'a [u8]>`\n               `bytes_mut::BytesMut` implements `From<&'a str>`\n               `bytes_mut::BytesMut` implements `From<bytes::Bytes>`\n\nFor more information about this error, try `rustc --explain E0277`.\nwarning: `bytes` (lib test) generated 2 warnings\nerror: could not compile `bytes` (lib test) due to 2 previous errors; 2 warnings emitted\n"
                },
                {
                  "Err": "   Compiling proc-macro2 v1.0.95\n   Compiling unicode-ident v1.0.18\n   Compiling syn v1.0.109\n   Compiling hashbrown v0.15.2\n   Compiling equivalent v1.0.2\n   Compiling toml_datetime v0.6.8\n   Compiling winnow v0.7.6\n   Compiling serde v1.0.219\n   Compiling indexmap v2.9.0\n   Compiling quote v1.0.40\n   Compiling toml_edit v0.22.24\n   Compiling serde_test v1.0.177\n   Compiling proc-macro-crate v3.3.0\n   Compiling ntest_test_cases v0.9.3\n   Compiling ntest_timeout v0.9.3\n   Compiling ntest v0.9.3\n   Compiling bytes v1.10.1 (/home/abezbm/rust-utgen-test-crates-new/bytes)\nwarning: unused import: `super::*`\n    --> src/bytes_mut.rs:1500:9\n     |\n1500 |     use super::*;\n     |         ^^^^^^^^\n     |\n     = note: `#[warn(unused_imports)]` on by default\n\nwarning: unused import: `ntest::timeout`\n    --> src/bytes_mut.rs:1925:8\n     |\n1925 |    use ntest::timeout;\n     |        ^^^^^^^^^^^^^^\n\nerror[E0277]: the trait bound `bytes_mut::BytesMut: From<String>` is not satisfied\n    --> src/bytes_mut.rs:1942:18\n     |\n1942 |     let mut b1 = BytesMut::from(\"A\".repeat(1024));\n     |                  ^^^^^^^^ the trait `From<String>` is not implemented for `bytes_mut::BytesMut`\n     |\n     = help: the following other types implement trait `From<T>`:\n               `bytes_mut::BytesMut` implements `From<&'a [u8]>`\n               `bytes_mut::BytesMut` implements `From<&'a str>`\n               `bytes_mut::BytesMut` implements `From<bytes::Bytes>`\n\nerror[E0277]: the trait bound `bytes_mut::BytesMut: From<String>` is not satisfied\n    --> src/bytes_mut.rs:1949:18\n     |\n1949 |     let mut b1 = BytesMut::from(\"A\".repeat(1024));\n     |                  ^^^^^^^^ the trait `From<String>` is not implemented for `bytes_mut::BytesMut`\n     |\n     = help: the following other types implement trait `From<T>`:\n               `bytes_mut::BytesMut` implements `From<&'a [u8]>`\n               `bytes_mut::BytesMut` implements `From<&'a str>`\n               `bytes_mut::BytesMut` implements `From<bytes::Bytes>`\n\nerror[E0277]: the trait bound `bytes_mut::BytesMut: From<String>` is not satisfied\n    --> src/bytes_mut.rs:1953:18\n     |\n1953 |     let mut b1 = BytesMut::from(\"A\".repeat(1024));\n     |                  ^^^^^^^^ the trait `From<String>` is not implemented for `bytes_mut::BytesMut`\n     |\n     = help: the following other types implement trait `From<T>`:\n               `bytes_mut::BytesMut` implements `From<&'a [u8]>`\n               `bytes_mut::BytesMut` implements `From<&'a str>`\n               `bytes_mut::BytesMut` implements `From<bytes::Bytes>`\n\nFor more information about this error, try `rustc --explain E0277`.\nwarning: `bytes` (lib test) generated 2 warnings\nerror: could not compile `bytes` (lib test) due to 3 previous errors; 2 warnings emitted\n"
                },
                {
                  "Err": "   Compiling proc-macro2 v1.0.95\n   Compiling unicode-ident v1.0.18\n   Compiling hashbrown v0.15.2\n   Compiling syn v1.0.109\n   Compiling equivalent v1.0.2\n   Compiling toml_datetime v0.6.8\n   Compiling winnow v0.7.6\n   Compiling serde v1.0.219\n   Compiling quote v1.0.40\n   Compiling indexmap v2.9.0\n   Compiling toml_edit v0.22.24\n   Compiling serde_test v1.0.177\n   Compiling proc-macro-crate v3.3.0\n   Compiling ntest_timeout v0.9.3\n   Compiling ntest_test_cases v0.9.3\n   Compiling ntest v0.9.3\n   Compiling bytes v1.10.1 (/home/abezbm/rust-utgen-test-crates-new/bytes)\nwarning: unused import: `super::*`\n    --> src/bytes_mut.rs:1500:9\n     |\n1500 |     use super::*;\n     |         ^^^^^^^^\n     |\n     = note: `#[warn(unused_imports)]` on by default\n\nwarning: unused import: `ntest::timeout`\n    --> src/bytes_mut.rs:1925:8\n     |\n1925 |    use ntest::timeout;\n     |        ^^^^^^^^^^^^^^\n\nerror[E0277]: the trait bound `bytes_mut::BytesMut: From<String>` is not satisfied\n    --> src/bytes_mut.rs:1942:18\n     |\n1942 |     let mut b1 = BytesMut::from(\"A\".repeat(1024));\n     |                  ^^^^^^^^ the trait `From<String>` is not implemented for `bytes_mut::BytesMut`\n     |\n     = help: the following other types implement trait `From<T>`:\n               `bytes_mut::BytesMut` implements `From<&'a [u8]>`\n               `bytes_mut::BytesMut` implements `From<&'a str>`\n               `bytes_mut::BytesMut` implements `From<bytes::Bytes>`\n\nerror[E0277]: the trait bound `bytes_mut::BytesMut: From<String>` is not satisfied\n    --> src/bytes_mut.rs:1949:18\n     |\n1949 |     let mut b1 = BytesMut::from(\"A\".repeat(1024));\n     |                  ^^^^^^^^ the trait `From<String>` is not implemented for `bytes_mut::BytesMut`\n     |\n     = help: the following other types implement trait `From<T>`:\n               `bytes_mut::BytesMut` implements `From<&'a [u8]>`\n               `bytes_mut::BytesMut` implements `From<&'a str>`\n               `bytes_mut::BytesMut` implements `From<bytes::Bytes>`\n\nerror[E0277]: the trait bound `bytes_mut::BytesMut: From<String>` is not satisfied\n    --> src/bytes_mut.rs:1953:18\n     |\n1953 |     let mut b1 = BytesMut::from(\"A\".repeat(1024));\n     |                  ^^^^^^^^ the trait `From<String>` is not implemented for `bytes_mut::BytesMut`\n     |\n     = help: the following other types implement trait `From<T>`:\n               `bytes_mut::BytesMut` implements `From<&'a [u8]>`\n               `bytes_mut::BytesMut` implements `From<&'a str>`\n               `bytes_mut::BytesMut` implements `From<bytes::Bytes>`\n\nerror[E0277]: the trait bound `bytes_mut::BytesMut: From<String>` is not satisfied\n    --> src/bytes_mut.rs:1954:18\n     |\n1954 |     let mut b1 = BytesMut::from(\"A\".repeat(1024));\n     |                  ^^^^^^^^ the trait `From<String>` is not implemented for `bytes_mut::BytesMut`\n     |\n     = help: the following other types implement trait `From<T>`:\n               `bytes_mut::BytesMut` implements `From<&'a [u8]>`\n               `bytes_mut::BytesMut` implements `From<&'a str>`\n               `bytes_mut::BytesMut` implements `From<bytes::Bytes>`\n\nFor more information about this error, try `rustc --explain E0277`.\nwarning: `bytes` (lib test) generated 2 warnings\nerror: could not compile `bytes` (lib test) due to 4 previous errors; 2 warnings emitted\n"
                }
              ],
              "repaired": [
                false,
                false,
                false,
                false
              ]
            }
          ]
        }
      ]
    }
  ]
}