{
  "name": "http::version::<version::Version as std::fmt::Debug>::fmt",
  "name_with_impl": "http::version::{impl#2}::fmt",
  "mod_info": {
    "name": "version",
    "loc": "src/lib.rs:178:1:178:17"
  },
  "visible": true,
  "loc": "src/version.rs:63:5:74:6",
  "fn_tests": [
    {
      "chain_id": 1,
      "prompt_conds": [
        "// constraint: self.0 matches __NonExhaustive is true\n"
      ],
      "input_infer": "",
      "answers": [
        {
          "uses": [],
          "has_test_mod": false,
          "common": [],
          "chain_tests": [
            {
              "attrs": [],
              "prefix": [],
              "oracles": [],
              "codes": [
                [
                  "{",
                  "    let version = Version(Http::Http09);",
                  "    let result = format!(\"{:?}\", version);",
                  "    assert_eq!(result, \"HTTP/0.9\");",
                  "}"
                ]
              ],
              "can_compile": [
                {
                  "Ok": null
                }
              ],
              "repaired": [
                false
              ]
            },
            {
              "attrs": [],
              "prefix": [],
              "oracles": [],
              "codes": [
                [
                  "{",
                  "    let version = Version(Http::Http10);",
                  "    let result = format!(\"{:?}\", version);",
                  "    assert_eq!(result, \"HTTP/1.0\");",
                  "}"
                ]
              ],
              "can_compile": [
                {
                  "Ok": null
                }
              ],
              "repaired": [
                false
              ]
            },
            {
              "attrs": [],
              "prefix": [],
              "oracles": [],
              "codes": [
                [
                  "{",
                  "    let version = Version(Http::Http11);",
                  "    let result = format!(\"{:?}\", version);",
                  "    assert_eq!(result, \"HTTP/1.1\");",
                  "}"
                ]
              ],
              "can_compile": [
                {
                  "Ok": null
                }
              ],
              "repaired": [
                false
              ]
            },
            {
              "attrs": [],
              "prefix": [],
              "oracles": [],
              "codes": [
                [
                  "{",
                  "    let version = Version(Http::H2);",
                  "    let result = format!(\"{:?}\", version);",
                  "    assert_eq!(result, \"HTTP/2.0\");",
                  "}"
                ]
              ],
              "can_compile": [
                {
                  "Ok": null
                }
              ],
              "repaired": [
                false
              ]
            },
            {
              "attrs": [],
              "prefix": [],
              "oracles": [],
              "codes": [
                [
                  "{",
                  "    let version = Version(Http::H3);",
                  "    let result = format!(\"{:?}\", version);",
                  "    assert_eq!(result, \"HTTP/3.0\");",
                  "}"
                ]
              ],
              "can_compile": [
                {
                  "Ok": null
                }
              ],
              "repaired": [
                false
              ]
            },
            {
              "attrs": [
                "#[should_panic]"
              ],
              "prefix": [],
              "oracles": [],
              "codes": [
                [
                  "{",
                  "    let version = Version(Http::__NonExhaustive);",
                  "    format!(\"{:?}\", version); // This should panic",
                  "}"
                ]
              ],
              "can_compile": [
                {
                  "Ok": null
                }
              ],
              "repaired": [
                false
              ]
            }
          ]
        }
      ]
    },
    {
      "chain_id": 2,
      "prompt_conds": [
        "// constraint: self.0 matches H3 is true\n",
        "// constraint: self.0 matches H3 is true\n"
      ],
      "input_infer": "",
      "answers": [
        {
          "uses": [],
          "has_test_mod": false,
          "common": [],
          "chain_tests": [
            {
              "attrs": [],
              "prefix": [],
              "oracles": [],
              "codes": [
                [
                  "{",
                  "    struct VersionWrapper(Version);",
                  "    ",
                  "    let version = VersionWrapper(Version(Http::H3));",
                  "    let mut output = String::new();",
                  "    let result = version.0.fmt(&mut output);",
                  "",
                  "    assert!(result.is_ok());",
                  "    assert_eq!(output, \"HTTP/3.0\");",
                  "}"
                ]
              ],
              "can_compile": [
                {
                  "Err": "   Compiling proc-macro2 v1.0.95\n   Compiling libc v0.2.172\n   Compiling zerocopy v0.8.25\n   Compiling syn v1.0.109\n   Compiling serde v1.0.219\n   Compiling serde_json v1.0.140\n   Compiling doc-comment v0.3.3\n   Compiling quote v1.0.40\n   Compiling getrandom v0.2.16\n   Compiling rand_core v0.6.4\n   Compiling ppv-lite86 v0.2.21\n   Compiling rand_chacha v0.3.1\n   Compiling rand v0.8.5\n   Compiling quickcheck v1.0.3\n   Compiling ntest_timeout v0.9.3\n   Compiling ntest_test_cases v0.9.3\n   Compiling ntest v0.9.3\n   Compiling http v1.3.1 (/home/abezbm/rust-utgen-test-crates-new/http)\nwarning: unused import: `self::StandardHeader::Vary`\n    --> src/header/name.rs:1676:9\n     |\n1676 |     use self::StandardHeader::Vary;\n     |         ^^^^^^^^^^^^^^^^^^^^^^^^^^\n     |\n     = note: `#[warn(unused_imports)]` on by default\n\nwarning: unused import: `super::*`\n   --> src/header/value.rs:481:9\n    |\n481 |     use super::*;\n    |         ^^^^^^^^\n\nwarning: unused import: `crate::header::map::HeaderMap`\n   --> src/header/value.rs:482:9\n    |\n482 |     use crate::header::map::HeaderMap;\n    |         ^^^^^^^^^^^^^^^^^^^^^^^^^^^^^\n\nwarning: unused import: `crate::header::name`\n   --> src/header/value.rs:483:9\n    |\n483 |     use crate::header::name;\n    |         ^^^^^^^^^^^^^^^^^^^\n\nwarning: unused import: `super::*`\n   --> src/header/value.rs:568:9\n    |\n568 |     use super::*;\n    |         ^^^^^^^^\n\nwarning: unused import: `crate::header::name`\n   --> src/header/value.rs:569:9\n    |\n569 |     use crate::header::name;\n    |         ^^^^^^^^^^^^^^^^^^^\n\nwarning: unused import: `super::*`\n   --> src/method.rs:424:9\n    |\n424 |     use super::*;\n    |         ^^^^^^^^\n\nwarning: unused import: `super::*`\n    --> src/request.rs:1063:9\n     |\n1063 |     use super::*;\n     |         ^^^^^^^^\n\nwarning: unused import: `super::*`\n   --> src/response.rs:776:9\n    |\n776 |     use super::*;\n    |         ^^^^^^^^\n\nwarning: unused import: `super::*`\n   --> src/uri/authority.rs:533:9\n    |\n533 |     use super::*;\n    |         ^^^^^^^^\n\nwarning: unused import: `super::*`\n   --> src/uri/builder.rs:165:9\n    |\n165 |     use super::*;\n    |         ^^^^^^^^\n\nwarning: unused import: `super::*`\n   --> src/uri/port.rs:115:9\n    |\n115 |     use super::*;\n    |         ^^^^^^^^\n\nwarning: unused import: `ntest::timeout`\n  --> src/version.rs:79:8\n   |\n79 |    use ntest::timeout;\n   |        ^^^^^^^^^^^^^^\n\nwarning: unused import: `super::*`\n   --> src/error.rs:143:9\n    |\n143 |     use super::*;\n    |         ^^^^^^^^\n\nwarning: unused import: `super::*`\n   --> src/lib.rs:197:9\n    |\n197 |     use super::*;\n    |         ^^^^^^^^\n\nerror[E0599]: no method named `fmt` found for struct `version::Version` in the current scope\n   --> src/version.rs:87:28\n    |\n26  | pub struct Version(Http);\n    | ------------------ method `fmt` not found for this struct\n...\n87  |     let result = version.0.fmt(&mut output);\n    |                            ^^^ method not found in `Version`\n    |\n   ::: /home/abezbm/.rustup/toolchains/nightly-2024-07-21-x86_64-unknown-linux-gnu/lib/rustlib/src/rust/library/core/src/fmt/mod.rs:642:8\n    |\n642 |     fn fmt(&self, f: &mut Formatter<'_>) -> Result;\n    |        --- the method is available for `version::Version` here\n    |\n    = help: items from traits can only be used if the trait is in scope\nhelp: trait `Debug` which provides `fmt` is implemented but not in scope; perhaps you want to import it\n    |\n78  +    use std::fmt::Debug;\n    |\n\nFor more information about this error, try `rustc --explain E0599`.\nwarning: `http` (lib test) generated 15 warnings\nerror: could not compile `http` (lib test) due to 1 previous error; 15 warnings emitted\n"
                }
              ],
              "repaired": [
                false
              ]
            },
            {
              "attrs": [],
              "prefix": [],
              "oracles": [],
              "codes": [
                [
                  "{",
                  "    struct VersionWrapper(Version);",
                  "    ",
                  "    let version = VersionWrapper(Version(Http::H2));",
                  "    let mut output = String::new();",
                  "    let result = version.0.fmt(&mut output);",
                  "",
                  "    assert!(result.is_ok());",
                  "    assert_eq!(output, \"HTTP/2.0\");",
                  "}"
                ]
              ],
              "can_compile": [
                {
                  "Err": "   Compiling proc-macro2 v1.0.95\n   Compiling libc v0.2.172\n   Compiling zerocopy v0.8.25\n   Compiling syn v1.0.109\n   Compiling serde v1.0.219\n   Compiling doc-comment v0.3.3\n   Compiling serde_json v1.0.140\n   Compiling quote v1.0.40\n   Compiling getrandom v0.2.16\n   Compiling rand_core v0.6.4\n   Compiling ppv-lite86 v0.2.21\n   Compiling rand_chacha v0.3.1\n   Compiling rand v0.8.5\n   Compiling quickcheck v1.0.3\n   Compiling ntest_timeout v0.9.3\n   Compiling ntest_test_cases v0.9.3\n   Compiling ntest v0.9.3\n   Compiling http v1.3.1 (/home/abezbm/rust-utgen-test-crates-new/http)\nwarning: unused import: `self::StandardHeader::Vary`\n    --> src/header/name.rs:1676:9\n     |\n1676 |     use self::StandardHeader::Vary;\n     |         ^^^^^^^^^^^^^^^^^^^^^^^^^^\n     |\n     = note: `#[warn(unused_imports)]` on by default\n\nwarning: unused import: `super::*`\n   --> src/header/value.rs:481:9\n    |\n481 |     use super::*;\n    |         ^^^^^^^^\n\nwarning: unused import: `crate::header::map::HeaderMap`\n   --> src/header/value.rs:482:9\n    |\n482 |     use crate::header::map::HeaderMap;\n    |         ^^^^^^^^^^^^^^^^^^^^^^^^^^^^^\n\nwarning: unused import: `crate::header::name`\n   --> src/header/value.rs:483:9\n    |\n483 |     use crate::header::name;\n    |         ^^^^^^^^^^^^^^^^^^^\n\nwarning: unused import: `super::*`\n   --> src/header/value.rs:568:9\n    |\n568 |     use super::*;\n    |         ^^^^^^^^\n\nwarning: unused import: `crate::header::name`\n   --> src/header/value.rs:569:9\n    |\n569 |     use crate::header::name;\n    |         ^^^^^^^^^^^^^^^^^^^\n\nwarning: unused import: `super::*`\n   --> src/method.rs:424:9\n    |\n424 |     use super::*;\n    |         ^^^^^^^^\n\nwarning: unused import: `super::*`\n    --> src/request.rs:1063:9\n     |\n1063 |     use super::*;\n     |         ^^^^^^^^\n\nwarning: unused import: `super::*`\n   --> src/response.rs:776:9\n    |\n776 |     use super::*;\n    |         ^^^^^^^^\n\nwarning: unused import: `super::*`\n   --> src/uri/authority.rs:533:9\n    |\n533 |     use super::*;\n    |         ^^^^^^^^\n\nwarning: unused import: `super::*`\n   --> src/uri/builder.rs:165:9\n    |\n165 |     use super::*;\n    |         ^^^^^^^^\n\nwarning: unused import: `super::*`\n   --> src/uri/port.rs:115:9\n    |\n115 |     use super::*;\n    |         ^^^^^^^^\n\nwarning: unused import: `ntest::timeout`\n  --> src/version.rs:79:8\n   |\n79 |    use ntest::timeout;\n   |        ^^^^^^^^^^^^^^\n\nwarning: unused import: `super::*`\n   --> src/error.rs:143:9\n    |\n143 |     use super::*;\n    |         ^^^^^^^^\n\nwarning: unused import: `super::*`\n   --> src/lib.rs:197:9\n    |\n197 |     use super::*;\n    |         ^^^^^^^^\n\nerror[E0599]: no method named `fmt` found for struct `version::Version` in the current scope\n   --> src/version.rs:87:28\n    |\n26  | pub struct Version(Http);\n    | ------------------ method `fmt` not found for this struct\n...\n87  |     let result = version.0.fmt(&mut output);\n    |                            ^^^ method not found in `Version`\n    |\n   ::: /home/abezbm/.rustup/toolchains/nightly-2024-07-21-x86_64-unknown-linux-gnu/lib/rustlib/src/rust/library/core/src/fmt/mod.rs:642:8\n    |\n642 |     fn fmt(&self, f: &mut Formatter<'_>) -> Result;\n    |        --- the method is available for `version::Version` here\n    |\n    = help: items from traits can only be used if the trait is in scope\nhelp: trait `Debug` which provides `fmt` is implemented but not in scope; perhaps you want to import it\n    |\n78  +    use std::fmt::Debug;\n    |\n\nFor more information about this error, try `rustc --explain E0599`.\nwarning: `http` (lib test) generated 15 warnings\nerror: could not compile `http` (lib test) due to 1 previous error; 15 warnings emitted\n"
                }
              ],
              "repaired": [
                false
              ]
            },
            {
              "attrs": [],
              "prefix": [],
              "oracles": [],
              "codes": [
                [
                  "{",
                  "    struct VersionWrapper(Version);",
                  "    ",
                  "    let version = VersionWrapper(Version(Http::Http11));",
                  "    let mut output = String::new();",
                  "    let result = version.0.fmt(&mut output);",
                  "",
                  "    assert!(result.is_ok());",
                  "    assert_eq!(output, \"HTTP/1.1\");",
                  "}"
                ]
              ],
              "can_compile": [
                {
                  "Err": "   Compiling libc v0.2.172\n   Compiling proc-macro2 v1.0.95\n   Compiling zerocopy v0.8.25\n   Compiling syn v1.0.109\n   Compiling serde v1.0.219\n   Compiling serde_json v1.0.140\n   Compiling doc-comment v0.3.3\n   Compiling quote v1.0.40\n   Compiling getrandom v0.2.16\n   Compiling rand_core v0.6.4\n   Compiling ppv-lite86 v0.2.21\n   Compiling rand_chacha v0.3.1\n   Compiling rand v0.8.5\n   Compiling quickcheck v1.0.3\n   Compiling ntest_test_cases v0.9.3\n   Compiling ntest_timeout v0.9.3\n   Compiling ntest v0.9.3\n   Compiling http v1.3.1 (/home/abezbm/rust-utgen-test-crates-new/http)\nwarning: unused import: `self::StandardHeader::Vary`\n    --> src/header/name.rs:1676:9\n     |\n1676 |     use self::StandardHeader::Vary;\n     |         ^^^^^^^^^^^^^^^^^^^^^^^^^^\n     |\n     = note: `#[warn(unused_imports)]` on by default\n\nwarning: unused import: `super::*`\n   --> src/header/value.rs:481:9\n    |\n481 |     use super::*;\n    |         ^^^^^^^^\n\nwarning: unused import: `crate::header::map::HeaderMap`\n   --> src/header/value.rs:482:9\n    |\n482 |     use crate::header::map::HeaderMap;\n    |         ^^^^^^^^^^^^^^^^^^^^^^^^^^^^^\n\nwarning: unused import: `crate::header::name`\n   --> src/header/value.rs:483:9\n    |\n483 |     use crate::header::name;\n    |         ^^^^^^^^^^^^^^^^^^^\n\nwarning: unused import: `super::*`\n   --> src/header/value.rs:568:9\n    |\n568 |     use super::*;\n    |         ^^^^^^^^\n\nwarning: unused import: `crate::header::name`\n   --> src/header/value.rs:569:9\n    |\n569 |     use crate::header::name;\n    |         ^^^^^^^^^^^^^^^^^^^\n\nwarning: unused import: `super::*`\n   --> src/method.rs:424:9\n    |\n424 |     use super::*;\n    |         ^^^^^^^^\n\nwarning: unused import: `super::*`\n    --> src/request.rs:1063:9\n     |\n1063 |     use super::*;\n     |         ^^^^^^^^\n\nwarning: unused import: `super::*`\n   --> src/response.rs:776:9\n    |\n776 |     use super::*;\n    |         ^^^^^^^^\n\nwarning: unused import: `super::*`\n   --> src/uri/authority.rs:533:9\n    |\n533 |     use super::*;\n    |         ^^^^^^^^\n\nwarning: unused import: `super::*`\n   --> src/uri/builder.rs:165:9\n    |\n165 |     use super::*;\n    |         ^^^^^^^^\n\nwarning: unused import: `super::*`\n   --> src/uri/port.rs:115:9\n    |\n115 |     use super::*;\n    |         ^^^^^^^^\n\nwarning: unused import: `ntest::timeout`\n  --> src/version.rs:79:8\n   |\n79 |    use ntest::timeout;\n   |        ^^^^^^^^^^^^^^\n\nwarning: unused import: `super::*`\n   --> src/error.rs:143:9\n    |\n143 |     use super::*;\n    |         ^^^^^^^^\n\nwarning: unused import: `super::*`\n   --> src/lib.rs:197:9\n    |\n197 |     use super::*;\n    |         ^^^^^^^^\n\nerror[E0599]: no method named `fmt` found for struct `version::Version` in the current scope\n   --> src/version.rs:87:28\n    |\n26  | pub struct Version(Http);\n    | ------------------ method `fmt` not found for this struct\n...\n87  |     let result = version.0.fmt(&mut output);\n    |                            ^^^ method not found in `Version`\n    |\n   ::: /home/abezbm/.rustup/toolchains/nightly-2024-07-21-x86_64-unknown-linux-gnu/lib/rustlib/src/rust/library/core/src/fmt/mod.rs:642:8\n    |\n642 |     fn fmt(&self, f: &mut Formatter<'_>) -> Result;\n    |        --- the method is available for `version::Version` here\n    |\n    = help: items from traits can only be used if the trait is in scope\nhelp: trait `Debug` which provides `fmt` is implemented but not in scope; perhaps you want to import it\n    |\n78  +    use std::fmt::Debug;\n    |\n\nFor more information about this error, try `rustc --explain E0599`.\nwarning: `http` (lib test) generated 15 warnings\nerror: could not compile `http` (lib test) due to 1 previous error; 15 warnings emitted\n"
                }
              ],
              "repaired": [
                false
              ]
            },
            {
              "attrs": [],
              "prefix": [],
              "oracles": [],
              "codes": [
                [
                  "{",
                  "    struct VersionWrapper(Version);",
                  "    ",
                  "    let version = VersionWrapper(Version(Http::Http10));",
                  "    let mut output = String::new();",
                  "    let result = version.0.fmt(&mut output);",
                  "",
                  "    assert!(result.is_ok());",
                  "    assert_eq!(output, \"HTTP/1.0\");",
                  "}"
                ]
              ],
              "can_compile": [
                {
                  "Err": "   Compiling proc-macro2 v1.0.95\n   Compiling libc v0.2.172\n   Compiling zerocopy v0.8.25\n   Compiling syn v1.0.109\n   Compiling serde v1.0.219\n   Compiling doc-comment v0.3.3\n   Compiling serde_json v1.0.140\n   Compiling quote v1.0.40\n   Compiling getrandom v0.2.16\n   Compiling rand_core v0.6.4\n   Compiling ppv-lite86 v0.2.21\n   Compiling rand_chacha v0.3.1\n   Compiling rand v0.8.5\n   Compiling quickcheck v1.0.3\n   Compiling ntest_test_cases v0.9.3\n   Compiling ntest_timeout v0.9.3\n   Compiling ntest v0.9.3\n   Compiling http v1.3.1 (/home/abezbm/rust-utgen-test-crates-new/http)\nwarning: unused import: `self::StandardHeader::Vary`\n    --> src/header/name.rs:1676:9\n     |\n1676 |     use self::StandardHeader::Vary;\n     |         ^^^^^^^^^^^^^^^^^^^^^^^^^^\n     |\n     = note: `#[warn(unused_imports)]` on by default\n\nwarning: unused import: `super::*`\n   --> src/header/value.rs:481:9\n    |\n481 |     use super::*;\n    |         ^^^^^^^^\n\nwarning: unused import: `crate::header::map::HeaderMap`\n   --> src/header/value.rs:482:9\n    |\n482 |     use crate::header::map::HeaderMap;\n    |         ^^^^^^^^^^^^^^^^^^^^^^^^^^^^^\n\nwarning: unused import: `crate::header::name`\n   --> src/header/value.rs:483:9\n    |\n483 |     use crate::header::name;\n    |         ^^^^^^^^^^^^^^^^^^^\n\nwarning: unused import: `super::*`\n   --> src/header/value.rs:568:9\n    |\n568 |     use super::*;\n    |         ^^^^^^^^\n\nwarning: unused import: `crate::header::name`\n   --> src/header/value.rs:569:9\n    |\n569 |     use crate::header::name;\n    |         ^^^^^^^^^^^^^^^^^^^\n\nwarning: unused import: `super::*`\n   --> src/method.rs:424:9\n    |\n424 |     use super::*;\n    |         ^^^^^^^^\n\nwarning: unused import: `super::*`\n    --> src/request.rs:1063:9\n     |\n1063 |     use super::*;\n     |         ^^^^^^^^\n\nwarning: unused import: `super::*`\n   --> src/response.rs:776:9\n    |\n776 |     use super::*;\n    |         ^^^^^^^^\n\nwarning: unused import: `super::*`\n   --> src/uri/authority.rs:533:9\n    |\n533 |     use super::*;\n    |         ^^^^^^^^\n\nwarning: unused import: `super::*`\n   --> src/uri/builder.rs:165:9\n    |\n165 |     use super::*;\n    |         ^^^^^^^^\n\nwarning: unused import: `super::*`\n   --> src/uri/port.rs:115:9\n    |\n115 |     use super::*;\n    |         ^^^^^^^^\n\nwarning: unused import: `ntest::timeout`\n  --> src/version.rs:79:8\n   |\n79 |    use ntest::timeout;\n   |        ^^^^^^^^^^^^^^\n\nwarning: unused import: `super::*`\n   --> src/error.rs:143:9\n    |\n143 |     use super::*;\n    |         ^^^^^^^^\n\nwarning: unused import: `super::*`\n   --> src/lib.rs:197:9\n    |\n197 |     use super::*;\n    |         ^^^^^^^^\n\nerror[E0599]: no method named `fmt` found for struct `version::Version` in the current scope\n   --> src/version.rs:87:28\n    |\n26  | pub struct Version(Http);\n    | ------------------ method `fmt` not found for this struct\n...\n87  |     let result = version.0.fmt(&mut output);\n    |                            ^^^ method not found in `Version`\n    |\n   ::: /home/abezbm/.rustup/toolchains/nightly-2024-07-21-x86_64-unknown-linux-gnu/lib/rustlib/src/rust/library/core/src/fmt/mod.rs:642:8\n    |\n642 |     fn fmt(&self, f: &mut Formatter<'_>) -> Result;\n    |        --- the method is available for `version::Version` here\n    |\n    = help: items from traits can only be used if the trait is in scope\nhelp: trait `Debug` which provides `fmt` is implemented but not in scope; perhaps you want to import it\n    |\n78  +    use std::fmt::Debug;\n    |\n\nFor more information about this error, try `rustc --explain E0599`.\nwarning: `http` (lib test) generated 15 warnings\nerror: could not compile `http` (lib test) due to 1 previous error; 15 warnings emitted\n"
                }
              ],
              "repaired": [
                false
              ]
            },
            {
              "attrs": [],
              "prefix": [],
              "oracles": [],
              "codes": [
                [
                  "{",
                  "    struct VersionWrapper(Version);",
                  "    ",
                  "    let version = VersionWrapper(Version(Http::Http09));",
                  "    let mut output = String::new();",
                  "    let result = version.0.fmt(&mut output);",
                  "",
                  "    assert!(result.is_ok());",
                  "    assert_eq!(output, \"HTTP/0.9\");",
                  "}"
                ]
              ],
              "can_compile": [
                {
                  "Err": "   Compiling proc-macro2 v1.0.95\n   Compiling libc v0.2.172\n   Compiling zerocopy v0.8.25\n   Compiling syn v1.0.109\n   Compiling serde v1.0.219\n   Compiling doc-comment v0.3.3\n   Compiling serde_json v1.0.140\n   Compiling quote v1.0.40\n   Compiling getrandom v0.2.16\n   Compiling rand_core v0.6.4\n   Compiling ppv-lite86 v0.2.21\n   Compiling rand_chacha v0.3.1\n   Compiling rand v0.8.5\n   Compiling quickcheck v1.0.3\n   Compiling ntest_test_cases v0.9.3\n   Compiling ntest_timeout v0.9.3\n   Compiling ntest v0.9.3\n   Compiling http v1.3.1 (/home/abezbm/rust-utgen-test-crates-new/http)\nwarning: unused import: `self::StandardHeader::Vary`\n    --> src/header/name.rs:1676:9\n     |\n1676 |     use self::StandardHeader::Vary;\n     |         ^^^^^^^^^^^^^^^^^^^^^^^^^^\n     |\n     = note: `#[warn(unused_imports)]` on by default\n\nwarning: unused import: `super::*`\n   --> src/header/value.rs:481:9\n    |\n481 |     use super::*;\n    |         ^^^^^^^^\n\nwarning: unused import: `crate::header::map::HeaderMap`\n   --> src/header/value.rs:482:9\n    |\n482 |     use crate::header::map::HeaderMap;\n    |         ^^^^^^^^^^^^^^^^^^^^^^^^^^^^^\n\nwarning: unused import: `crate::header::name`\n   --> src/header/value.rs:483:9\n    |\n483 |     use crate::header::name;\n    |         ^^^^^^^^^^^^^^^^^^^\n\nwarning: unused import: `super::*`\n   --> src/header/value.rs:568:9\n    |\n568 |     use super::*;\n    |         ^^^^^^^^\n\nwarning: unused import: `crate::header::name`\n   --> src/header/value.rs:569:9\n    |\n569 |     use crate::header::name;\n    |         ^^^^^^^^^^^^^^^^^^^\n\nwarning: unused import: `super::*`\n   --> src/method.rs:424:9\n    |\n424 |     use super::*;\n    |         ^^^^^^^^\n\nwarning: unused import: `super::*`\n    --> src/request.rs:1063:9\n     |\n1063 |     use super::*;\n     |         ^^^^^^^^\n\nwarning: unused import: `super::*`\n   --> src/response.rs:776:9\n    |\n776 |     use super::*;\n    |         ^^^^^^^^\n\nwarning: unused import: `super::*`\n   --> src/uri/authority.rs:533:9\n    |\n533 |     use super::*;\n    |         ^^^^^^^^\n\nwarning: unused import: `super::*`\n   --> src/uri/builder.rs:165:9\n    |\n165 |     use super::*;\n    |         ^^^^^^^^\n\nwarning: unused import: `super::*`\n   --> src/uri/port.rs:115:9\n    |\n115 |     use super::*;\n    |         ^^^^^^^^\n\nwarning: unused import: `ntest::timeout`\n  --> src/version.rs:79:8\n   |\n79 |    use ntest::timeout;\n   |        ^^^^^^^^^^^^^^\n\nwarning: unused import: `super::*`\n   --> src/error.rs:143:9\n    |\n143 |     use super::*;\n    |         ^^^^^^^^\n\nwarning: unused import: `super::*`\n   --> src/lib.rs:197:9\n    |\n197 |     use super::*;\n    |         ^^^^^^^^\n\nerror[E0599]: no method named `fmt` found for struct `version::Version` in the current scope\n   --> src/version.rs:87:28\n    |\n26  | pub struct Version(Http);\n    | ------------------ method `fmt` not found for this struct\n...\n87  |     let result = version.0.fmt(&mut output);\n    |                            ^^^ method not found in `Version`\n    |\n   ::: /home/abezbm/.rustup/toolchains/nightly-2024-07-21-x86_64-unknown-linux-gnu/lib/rustlib/src/rust/library/core/src/fmt/mod.rs:642:8\n    |\n642 |     fn fmt(&self, f: &mut Formatter<'_>) -> Result;\n    |        --- the method is available for `version::Version` here\n    |\n    = help: items from traits can only be used if the trait is in scope\nhelp: trait `Debug` which provides `fmt` is implemented but not in scope; perhaps you want to import it\n    |\n78  +    use std::fmt::Debug;\n    |\n\nFor more information about this error, try `rustc --explain E0599`.\nwarning: `http` (lib test) generated 15 warnings\nerror: could not compile `http` (lib test) due to 1 previous error; 15 warnings emitted\n"
                }
              ],
              "repaired": [
                false
              ]
            }
          ]
        }
      ]
    },
    {
      "chain_id": 3,
      "prompt_conds": [
        "// constraint: self.0 matches H2 is true\n",
        "// constraint: self.0 matches H2 is true\n"
      ],
      "input_infer": "",
      "answers": [
        {
          "uses": [],
          "has_test_mod": false,
          "common": [],
          "chain_tests": [
            {
              "attrs": [],
              "prefix": [],
              "oracles": [],
              "codes": [
                [
                  "{",
                  "    let version = Version(Http::H2);",
                  "    let mut output = String::new();",
                  "    let result = version.fmt(&mut output);",
                  "    assert!(result.is_ok());",
                  "    assert_eq!(output, \"HTTP/2.0\");",
                  "}"
                ]
              ],
              "can_compile": [
                {
                  "Err": "   Compiling libc v0.2.172\n   Compiling proc-macro2 v1.0.95\n   Compiling zerocopy v0.8.25\n   Compiling syn v1.0.109\n   Compiling serde v1.0.219\n   Compiling serde_json v1.0.140\n   Compiling doc-comment v0.3.3\n   Compiling quote v1.0.40\n   Compiling getrandom v0.2.16\n   Compiling rand_core v0.6.4\n   Compiling ppv-lite86 v0.2.21\n   Compiling rand_chacha v0.3.1\n   Compiling rand v0.8.5\n   Compiling quickcheck v1.0.3\n   Compiling ntest_timeout v0.9.3\n   Compiling ntest_test_cases v0.9.3\n   Compiling ntest v0.9.3\n   Compiling http v1.3.1 (/home/abezbm/rust-utgen-test-crates-new/http)\nwarning: unused import: `self::StandardHeader::Vary`\n    --> src/header/name.rs:1676:9\n     |\n1676 |     use self::StandardHeader::Vary;\n     |         ^^^^^^^^^^^^^^^^^^^^^^^^^^\n     |\n     = note: `#[warn(unused_imports)]` on by default\n\nwarning: unused import: `super::*`\n   --> src/header/value.rs:481:9\n    |\n481 |     use super::*;\n    |         ^^^^^^^^\n\nwarning: unused import: `crate::header::map::HeaderMap`\n   --> src/header/value.rs:482:9\n    |\n482 |     use crate::header::map::HeaderMap;\n    |         ^^^^^^^^^^^^^^^^^^^^^^^^^^^^^\n\nwarning: unused import: `crate::header::name`\n   --> src/header/value.rs:483:9\n    |\n483 |     use crate::header::name;\n    |         ^^^^^^^^^^^^^^^^^^^\n\nwarning: unused import: `super::*`\n   --> src/header/value.rs:568:9\n    |\n568 |     use super::*;\n    |         ^^^^^^^^\n\nwarning: unused import: `crate::header::name`\n   --> src/header/value.rs:569:9\n    |\n569 |     use crate::header::name;\n    |         ^^^^^^^^^^^^^^^^^^^\n\nwarning: unused import: `super::*`\n   --> src/method.rs:424:9\n    |\n424 |     use super::*;\n    |         ^^^^^^^^\n\nwarning: unused import: `super::*`\n    --> src/request.rs:1063:9\n     |\n1063 |     use super::*;\n     |         ^^^^^^^^\n\nwarning: unused import: `super::*`\n   --> src/response.rs:776:9\n    |\n776 |     use super::*;\n    |         ^^^^^^^^\n\nwarning: unused import: `super::*`\n   --> src/uri/authority.rs:533:9\n    |\n533 |     use super::*;\n    |         ^^^^^^^^\n\nwarning: unused import: `super::*`\n   --> src/uri/builder.rs:165:9\n    |\n165 |     use super::*;\n    |         ^^^^^^^^\n\nwarning: unused import: `super::*`\n   --> src/uri/port.rs:115:9\n    |\n115 |     use super::*;\n    |         ^^^^^^^^\n\nwarning: unused import: `ntest::timeout`\n  --> src/version.rs:79:8\n   |\n79 |    use ntest::timeout;\n   |        ^^^^^^^^^^^^^^\n\nwarning: unused import: `super::*`\n   --> src/error.rs:143:9\n    |\n143 |     use super::*;\n    |         ^^^^^^^^\n\nwarning: unused import: `super::*`\n   --> src/lib.rs:197:9\n    |\n197 |     use super::*;\n    |         ^^^^^^^^\n\nerror[E0599]: no method named `fmt` found for struct `version::Version` in the current scope\n   --> src/version.rs:85:26\n    |\n26  | pub struct Version(Http);\n    | ------------------ method `fmt` not found for this struct\n...\n85  |     let result = version.fmt(&mut output);\n    |                          ^^^ method not found in `Version`\n    |\n   ::: /home/abezbm/.rustup/toolchains/nightly-2024-07-21-x86_64-unknown-linux-gnu/lib/rustlib/src/rust/library/core/src/fmt/mod.rs:642:8\n    |\n642 |     fn fmt(&self, f: &mut Formatter<'_>) -> Result;\n    |        --- the method is available for `version::Version` here\n    |\n    = help: items from traits can only be used if the trait is in scope\nhelp: trait `Debug` which provides `fmt` is implemented but not in scope; perhaps you want to import it\n    |\n78  +    use std::fmt::Debug;\n    |\n\nFor more information about this error, try `rustc --explain E0599`.\nwarning: `http` (lib test) generated 15 warnings\nerror: could not compile `http` (lib test) due to 1 previous error; 15 warnings emitted\n"
                }
              ],
              "repaired": [
                false
              ]
            },
            {
              "attrs": [],
              "prefix": [],
              "oracles": [],
              "codes": [
                [
                  "{",
                  "    let version = Version(Http::H3);",
                  "    let mut output = String::new();",
                  "    let result = version.fmt(&mut output);",
                  "    assert!(result.is_ok());",
                  "    assert_eq!(output, \"HTTP/3.0\");",
                  "}"
                ]
              ],
              "can_compile": [
                {
                  "Err": "   Compiling proc-macro2 v1.0.95\n   Compiling libc v0.2.172\n   Compiling zerocopy v0.8.25\n   Compiling syn v1.0.109\n   Compiling serde v1.0.219\n   Compiling serde_json v1.0.140\n   Compiling doc-comment v0.3.3\n   Compiling quote v1.0.40\n   Compiling getrandom v0.2.16\n   Compiling rand_core v0.6.4\n   Compiling ppv-lite86 v0.2.21\n   Compiling rand_chacha v0.3.1\n   Compiling rand v0.8.5\n   Compiling quickcheck v1.0.3\n   Compiling ntest_test_cases v0.9.3\n   Compiling ntest_timeout v0.9.3\n   Compiling ntest v0.9.3\n   Compiling http v1.3.1 (/home/abezbm/rust-utgen-test-crates-new/http)\nwarning: unused import: `self::StandardHeader::Vary`\n    --> src/header/name.rs:1676:9\n     |\n1676 |     use self::StandardHeader::Vary;\n     |         ^^^^^^^^^^^^^^^^^^^^^^^^^^\n     |\n     = note: `#[warn(unused_imports)]` on by default\n\nwarning: unused import: `super::*`\n   --> src/header/value.rs:481:9\n    |\n481 |     use super::*;\n    |         ^^^^^^^^\n\nwarning: unused import: `crate::header::map::HeaderMap`\n   --> src/header/value.rs:482:9\n    |\n482 |     use crate::header::map::HeaderMap;\n    |         ^^^^^^^^^^^^^^^^^^^^^^^^^^^^^\n\nwarning: unused import: `crate::header::name`\n   --> src/header/value.rs:483:9\n    |\n483 |     use crate::header::name;\n    |         ^^^^^^^^^^^^^^^^^^^\n\nwarning: unused import: `super::*`\n   --> src/header/value.rs:568:9\n    |\n568 |     use super::*;\n    |         ^^^^^^^^\n\nwarning: unused import: `crate::header::name`\n   --> src/header/value.rs:569:9\n    |\n569 |     use crate::header::name;\n    |         ^^^^^^^^^^^^^^^^^^^\n\nwarning: unused import: `super::*`\n   --> src/method.rs:424:9\n    |\n424 |     use super::*;\n    |         ^^^^^^^^\n\nwarning: unused import: `super::*`\n    --> src/request.rs:1063:9\n     |\n1063 |     use super::*;\n     |         ^^^^^^^^\n\nwarning: unused import: `super::*`\n   --> src/response.rs:776:9\n    |\n776 |     use super::*;\n    |         ^^^^^^^^\n\nwarning: unused import: `super::*`\n   --> src/uri/authority.rs:533:9\n    |\n533 |     use super::*;\n    |         ^^^^^^^^\n\nwarning: unused import: `super::*`\n   --> src/uri/builder.rs:165:9\n    |\n165 |     use super::*;\n    |         ^^^^^^^^\n\nwarning: unused import: `super::*`\n   --> src/uri/port.rs:115:9\n    |\n115 |     use super::*;\n    |         ^^^^^^^^\n\nwarning: unused import: `ntest::timeout`\n  --> src/version.rs:79:8\n   |\n79 |    use ntest::timeout;\n   |        ^^^^^^^^^^^^^^\n\nwarning: unused import: `super::*`\n   --> src/error.rs:143:9\n    |\n143 |     use super::*;\n    |         ^^^^^^^^\n\nwarning: unused import: `super::*`\n   --> src/lib.rs:197:9\n    |\n197 |     use super::*;\n    |         ^^^^^^^^\n\nerror[E0599]: no method named `fmt` found for struct `version::Version` in the current scope\n   --> src/version.rs:85:26\n    |\n26  | pub struct Version(Http);\n    | ------------------ method `fmt` not found for this struct\n...\n85  |     let result = version.fmt(&mut output);\n    |                          ^^^ method not found in `Version`\n    |\n   ::: /home/abezbm/.rustup/toolchains/nightly-2024-07-21-x86_64-unknown-linux-gnu/lib/rustlib/src/rust/library/core/src/fmt/mod.rs:642:8\n    |\n642 |     fn fmt(&self, f: &mut Formatter<'_>) -> Result;\n    |        --- the method is available for `version::Version` here\n    |\n    = help: items from traits can only be used if the trait is in scope\nhelp: trait `Debug` which provides `fmt` is implemented but not in scope; perhaps you want to import it\n    |\n78  +    use std::fmt::Debug;\n    |\n\nFor more information about this error, try `rustc --explain E0599`.\nwarning: `http` (lib test) generated 15 warnings\nerror: could not compile `http` (lib test) due to 1 previous error; 15 warnings emitted\n"
                }
              ],
              "repaired": [
                false
              ]
            },
            {
              "attrs": [],
              "prefix": [],
              "oracles": [],
              "codes": [
                [
                  "{",
                  "    let version = Version(Http::Http09);",
                  "    let mut output = String::new();",
                  "    let result = version.fmt(&mut output);",
                  "    assert!(result.is_ok());",
                  "    assert_eq!(output, \"HTTP/0.9\");",
                  "}"
                ]
              ],
              "can_compile": [
                {
                  "Err": "   Compiling libc v0.2.172\n   Compiling proc-macro2 v1.0.95\n   Compiling zerocopy v0.8.25\n   Compiling syn v1.0.109\n   Compiling serde v1.0.219\n   Compiling doc-comment v0.3.3\n   Compiling serde_json v1.0.140\n   Compiling quote v1.0.40\n   Compiling getrandom v0.2.16\n   Compiling rand_core v0.6.4\n   Compiling ppv-lite86 v0.2.21\n   Compiling rand_chacha v0.3.1\n   Compiling rand v0.8.5\n   Compiling quickcheck v1.0.3\n   Compiling ntest_timeout v0.9.3\n   Compiling ntest_test_cases v0.9.3\n   Compiling ntest v0.9.3\n   Compiling http v1.3.1 (/home/abezbm/rust-utgen-test-crates-new/http)\nwarning: unused import: `self::StandardHeader::Vary`\n    --> src/header/name.rs:1676:9\n     |\n1676 |     use self::StandardHeader::Vary;\n     |         ^^^^^^^^^^^^^^^^^^^^^^^^^^\n     |\n     = note: `#[warn(unused_imports)]` on by default\n\nwarning: unused import: `super::*`\n   --> src/header/value.rs:481:9\n    |\n481 |     use super::*;\n    |         ^^^^^^^^\n\nwarning: unused import: `crate::header::map::HeaderMap`\n   --> src/header/value.rs:482:9\n    |\n482 |     use crate::header::map::HeaderMap;\n    |         ^^^^^^^^^^^^^^^^^^^^^^^^^^^^^\n\nwarning: unused import: `crate::header::name`\n   --> src/header/value.rs:483:9\n    |\n483 |     use crate::header::name;\n    |         ^^^^^^^^^^^^^^^^^^^\n\nwarning: unused import: `super::*`\n   --> src/header/value.rs:568:9\n    |\n568 |     use super::*;\n    |         ^^^^^^^^\n\nwarning: unused import: `crate::header::name`\n   --> src/header/value.rs:569:9\n    |\n569 |     use crate::header::name;\n    |         ^^^^^^^^^^^^^^^^^^^\n\nwarning: unused import: `super::*`\n   --> src/method.rs:424:9\n    |\n424 |     use super::*;\n    |         ^^^^^^^^\n\nwarning: unused import: `super::*`\n    --> src/request.rs:1063:9\n     |\n1063 |     use super::*;\n     |         ^^^^^^^^\n\nwarning: unused import: `super::*`\n   --> src/response.rs:776:9\n    |\n776 |     use super::*;\n    |         ^^^^^^^^\n\nwarning: unused import: `super::*`\n   --> src/uri/authority.rs:533:9\n    |\n533 |     use super::*;\n    |         ^^^^^^^^\n\nwarning: unused import: `super::*`\n   --> src/uri/builder.rs:165:9\n    |\n165 |     use super::*;\n    |         ^^^^^^^^\n\nwarning: unused import: `super::*`\n   --> src/uri/port.rs:115:9\n    |\n115 |     use super::*;\n    |         ^^^^^^^^\n\nwarning: unused import: `ntest::timeout`\n  --> src/version.rs:79:8\n   |\n79 |    use ntest::timeout;\n   |        ^^^^^^^^^^^^^^\n\nwarning: unused import: `super::*`\n   --> src/error.rs:143:9\n    |\n143 |     use super::*;\n    |         ^^^^^^^^\n\nwarning: unused import: `super::*`\n   --> src/lib.rs:197:9\n    |\n197 |     use super::*;\n    |         ^^^^^^^^\n\nerror[E0599]: no method named `fmt` found for struct `version::Version` in the current scope\n   --> src/version.rs:85:26\n    |\n26  | pub struct Version(Http);\n    | ------------------ method `fmt` not found for this struct\n...\n85  |     let result = version.fmt(&mut output);\n    |                          ^^^ method not found in `Version`\n    |\n   ::: /home/abezbm/.rustup/toolchains/nightly-2024-07-21-x86_64-unknown-linux-gnu/lib/rustlib/src/rust/library/core/src/fmt/mod.rs:642:8\n    |\n642 |     fn fmt(&self, f: &mut Formatter<'_>) -> Result;\n    |        --- the method is available for `version::Version` here\n    |\n    = help: items from traits can only be used if the trait is in scope\nhelp: trait `Debug` which provides `fmt` is implemented but not in scope; perhaps you want to import it\n    |\n78  +    use std::fmt::Debug;\n    |\n\nFor more information about this error, try `rustc --explain E0599`.\nwarning: `http` (lib test) generated 15 warnings\nerror: could not compile `http` (lib test) due to 1 previous error; 15 warnings emitted\n"
                }
              ],
              "repaired": [
                false
              ]
            },
            {
              "attrs": [],
              "prefix": [],
              "oracles": [],
              "codes": [
                [
                  "{",
                  "    let version = Version(Http::Http10);",
                  "    let mut output = String::new();",
                  "    let result = version.fmt(&mut output);",
                  "    assert!(result.is_ok());",
                  "    assert_eq!(output, \"HTTP/1.0\");",
                  "}"
                ]
              ],
              "can_compile": [
                {
                  "Err": "   Compiling proc-macro2 v1.0.95\n   Compiling libc v0.2.172\n   Compiling zerocopy v0.8.25\n   Compiling syn v1.0.109\n   Compiling serde v1.0.219\n   Compiling doc-comment v0.3.3\n   Compiling serde_json v1.0.140\n   Compiling quote v1.0.40\n   Compiling getrandom v0.2.16\n   Compiling rand_core v0.6.4\n   Compiling ppv-lite86 v0.2.21\n   Compiling rand_chacha v0.3.1\n   Compiling rand v0.8.5\n   Compiling quickcheck v1.0.3\n   Compiling ntest_timeout v0.9.3\n   Compiling ntest_test_cases v0.9.3\n   Compiling ntest v0.9.3\n   Compiling http v1.3.1 (/home/abezbm/rust-utgen-test-crates-new/http)\nwarning: unused import: `self::StandardHeader::Vary`\n    --> src/header/name.rs:1676:9\n     |\n1676 |     use self::StandardHeader::Vary;\n     |         ^^^^^^^^^^^^^^^^^^^^^^^^^^\n     |\n     = note: `#[warn(unused_imports)]` on by default\n\nwarning: unused import: `super::*`\n   --> src/header/value.rs:481:9\n    |\n481 |     use super::*;\n    |         ^^^^^^^^\n\nwarning: unused import: `crate::header::map::HeaderMap`\n   --> src/header/value.rs:482:9\n    |\n482 |     use crate::header::map::HeaderMap;\n    |         ^^^^^^^^^^^^^^^^^^^^^^^^^^^^^\n\nwarning: unused import: `crate::header::name`\n   --> src/header/value.rs:483:9\n    |\n483 |     use crate::header::name;\n    |         ^^^^^^^^^^^^^^^^^^^\n\nwarning: unused import: `super::*`\n   --> src/header/value.rs:568:9\n    |\n568 |     use super::*;\n    |         ^^^^^^^^\n\nwarning: unused import: `crate::header::name`\n   --> src/header/value.rs:569:9\n    |\n569 |     use crate::header::name;\n    |         ^^^^^^^^^^^^^^^^^^^\n\nwarning: unused import: `super::*`\n   --> src/method.rs:424:9\n    |\n424 |     use super::*;\n    |         ^^^^^^^^\n\nwarning: unused import: `super::*`\n    --> src/request.rs:1063:9\n     |\n1063 |     use super::*;\n     |         ^^^^^^^^\n\nwarning: unused import: `super::*`\n   --> src/response.rs:776:9\n    |\n776 |     use super::*;\n    |         ^^^^^^^^\n\nwarning: unused import: `super::*`\n   --> src/uri/authority.rs:533:9\n    |\n533 |     use super::*;\n    |         ^^^^^^^^\n\nwarning: unused import: `super::*`\n   --> src/uri/builder.rs:165:9\n    |\n165 |     use super::*;\n    |         ^^^^^^^^\n\nwarning: unused import: `super::*`\n   --> src/uri/port.rs:115:9\n    |\n115 |     use super::*;\n    |         ^^^^^^^^\n\nwarning: unused import: `ntest::timeout`\n  --> src/version.rs:79:8\n   |\n79 |    use ntest::timeout;\n   |        ^^^^^^^^^^^^^^\n\nwarning: unused import: `super::*`\n   --> src/error.rs:143:9\n    |\n143 |     use super::*;\n    |         ^^^^^^^^\n\nwarning: unused import: `super::*`\n   --> src/lib.rs:197:9\n    |\n197 |     use super::*;\n    |         ^^^^^^^^\n\nerror[E0599]: no method named `fmt` found for struct `version::Version` in the current scope\n   --> src/version.rs:85:26\n    |\n26  | pub struct Version(Http);\n    | ------------------ method `fmt` not found for this struct\n...\n85  |     let result = version.fmt(&mut output);\n    |                          ^^^ method not found in `Version`\n    |\n   ::: /home/abezbm/.rustup/toolchains/nightly-2024-07-21-x86_64-unknown-linux-gnu/lib/rustlib/src/rust/library/core/src/fmt/mod.rs:642:8\n    |\n642 |     fn fmt(&self, f: &mut Formatter<'_>) -> Result;\n    |        --- the method is available for `version::Version` here\n    |\n    = help: items from traits can only be used if the trait is in scope\nhelp: trait `Debug` which provides `fmt` is implemented but not in scope; perhaps you want to import it\n    |\n78  +    use std::fmt::Debug;\n    |\n\nFor more information about this error, try `rustc --explain E0599`.\nwarning: `http` (lib test) generated 15 warnings\nerror: could not compile `http` (lib test) due to 1 previous error; 15 warnings emitted\n"
                }
              ],
              "repaired": [
                false
              ]
            },
            {
              "attrs": [],
              "prefix": [],
              "oracles": [],
              "codes": [
                [
                  "{",
                  "    let version = Version(Http::Http11);",
                  "    let mut output = String::new();",
                  "    let result = version.fmt(&mut output);",
                  "    assert!(result.is_ok());",
                  "    assert_eq!(output, \"HTTP/1.1\");",
                  "}"
                ]
              ],
              "can_compile": [
                {
                  "Err": "   Compiling proc-macro2 v1.0.95\n   Compiling libc v0.2.172\n   Compiling zerocopy v0.8.25\n   Compiling syn v1.0.109\n   Compiling serde v1.0.219\n   Compiling serde_json v1.0.140\n   Compiling doc-comment v0.3.3\n   Compiling quote v1.0.40\n   Compiling getrandom v0.2.16\n   Compiling rand_core v0.6.4\n   Compiling ppv-lite86 v0.2.21\n   Compiling rand_chacha v0.3.1\n   Compiling rand v0.8.5\n   Compiling quickcheck v1.0.3\n   Compiling ntest_timeout v0.9.3\n   Compiling ntest_test_cases v0.9.3\n   Compiling ntest v0.9.3\n   Compiling http v1.3.1 (/home/abezbm/rust-utgen-test-crates-new/http)\nwarning: unused import: `self::StandardHeader::Vary`\n    --> src/header/name.rs:1676:9\n     |\n1676 |     use self::StandardHeader::Vary;\n     |         ^^^^^^^^^^^^^^^^^^^^^^^^^^\n     |\n     = note: `#[warn(unused_imports)]` on by default\n\nwarning: unused import: `super::*`\n   --> src/header/value.rs:481:9\n    |\n481 |     use super::*;\n    |         ^^^^^^^^\n\nwarning: unused import: `crate::header::map::HeaderMap`\n   --> src/header/value.rs:482:9\n    |\n482 |     use crate::header::map::HeaderMap;\n    |         ^^^^^^^^^^^^^^^^^^^^^^^^^^^^^\n\nwarning: unused import: `crate::header::name`\n   --> src/header/value.rs:483:9\n    |\n483 |     use crate::header::name;\n    |         ^^^^^^^^^^^^^^^^^^^\n\nwarning: unused import: `super::*`\n   --> src/header/value.rs:568:9\n    |\n568 |     use super::*;\n    |         ^^^^^^^^\n\nwarning: unused import: `crate::header::name`\n   --> src/header/value.rs:569:9\n    |\n569 |     use crate::header::name;\n    |         ^^^^^^^^^^^^^^^^^^^\n\nwarning: unused import: `super::*`\n   --> src/method.rs:424:9\n    |\n424 |     use super::*;\n    |         ^^^^^^^^\n\nwarning: unused import: `super::*`\n    --> src/request.rs:1063:9\n     |\n1063 |     use super::*;\n     |         ^^^^^^^^\n\nwarning: unused import: `super::*`\n   --> src/response.rs:776:9\n    |\n776 |     use super::*;\n    |         ^^^^^^^^\n\nwarning: unused import: `super::*`\n   --> src/uri/authority.rs:533:9\n    |\n533 |     use super::*;\n    |         ^^^^^^^^\n\nwarning: unused import: `super::*`\n   --> src/uri/builder.rs:165:9\n    |\n165 |     use super::*;\n    |         ^^^^^^^^\n\nwarning: unused import: `super::*`\n   --> src/uri/port.rs:115:9\n    |\n115 |     use super::*;\n    |         ^^^^^^^^\n\nwarning: unused import: `ntest::timeout`\n  --> src/version.rs:79:8\n   |\n79 |    use ntest::timeout;\n   |        ^^^^^^^^^^^^^^\n\nwarning: unused import: `super::*`\n   --> src/error.rs:143:9\n    |\n143 |     use super::*;\n    |         ^^^^^^^^\n\nwarning: unused import: `super::*`\n   --> src/lib.rs:197:9\n    |\n197 |     use super::*;\n    |         ^^^^^^^^\n\nerror[E0599]: no method named `fmt` found for struct `version::Version` in the current scope\n   --> src/version.rs:85:26\n    |\n26  | pub struct Version(Http);\n    | ------------------ method `fmt` not found for this struct\n...\n85  |     let result = version.fmt(&mut output);\n    |                          ^^^ method not found in `Version`\n    |\n   ::: /home/abezbm/.rustup/toolchains/nightly-2024-07-21-x86_64-unknown-linux-gnu/lib/rustlib/src/rust/library/core/src/fmt/mod.rs:642:8\n    |\n642 |     fn fmt(&self, f: &mut Formatter<'_>) -> Result;\n    |        --- the method is available for `version::Version` here\n    |\n    = help: items from traits can only be used if the trait is in scope\nhelp: trait `Debug` which provides `fmt` is implemented but not in scope; perhaps you want to import it\n    |\n78  +    use std::fmt::Debug;\n    |\n\nFor more information about this error, try `rustc --explain E0599`.\nwarning: `http` (lib test) generated 15 warnings\nerror: could not compile `http` (lib test) due to 1 previous error; 15 warnings emitted\n"
                }
              ],
              "repaired": [
                false
              ]
            }
          ]
        }
      ]
    },
    {
      "chain_id": 4,
      "prompt_conds": [
        "// constraint: self.0 matches Http11 is true\n",
        "// constraint: self.0 matches Http11 is true\n"
      ],
      "input_infer": "",
      "answers": [
        {
          "uses": [
            "use std::fmt;",
            "use self::Http::*;"
          ],
          "has_test_mod": false,
          "common": [],
          "chain_tests": [
            {
              "attrs": [],
              "prefix": [],
              "oracles": [],
              "codes": [
                [
                  "{",
                  "    use std::fmt;",
                  "    ",
                  "    #[derive(PartialEq, PartialOrd, Copy, Clone, Eq, Ord, Hash)]",
                  "    enum Http {",
                  "        Http09,",
                  "        Http10,",
                  "        Http11,",
                  "        H2,",
                  "        H3,",
                  "        __NonExhaustive,",
                  "    }",
                  "    ",
                  "    #[derive(PartialEq, PartialOrd, Copy, Clone, Eq, Ord, Hash)]",
                  "    pub struct Version(Http);",
                  "    ",
                  "    impl fmt::Debug for Version {",
                  "        fn fmt(&self, f: &mut fmt::Formatter<'_>) -> fmt::Result {",
                  "            use self::Http::*;",
                  "            f.write_str(",
                  "                match self.0 {",
                  "                    Http09 => \"HTTP/0.9\",",
                  "                    Http10 => \"HTTP/1.0\",",
                  "                    Http11 => \"HTTP/1.1\",",
                  "                    H2 => \"HTTP/2.0\",",
                  "                    H3 => \"HTTP/3.0\",",
                  "                    __NonExhaustive => unreachable!(),",
                  "                },",
                  "            )",
                  "        }",
                  "    }",
                  "    ",
                  "    let version = Version(Http::Http11);",
                  "    let mut output = Vec::new();",
                  "    let result = version.fmt(&mut fmt::Formatter::new(&mut output));",
                  "    assert!(result.is_ok());",
                  "    assert_eq!(String::from_utf8(output).unwrap(), \"HTTP/1.1\");",
                  "}"
                ]
              ],
              "can_compile": [
                {
                  "Err": "   Compiling proc-macro2 v1.0.95\n   Compiling libc v0.2.172\n   Compiling zerocopy v0.8.25\n   Compiling syn v1.0.109\n   Compiling serde v1.0.219\n   Compiling serde_json v1.0.140\n   Compiling doc-comment v0.3.3\n   Compiling quote v1.0.40\n   Compiling getrandom v0.2.16\n   Compiling rand_core v0.6.4\n   Compiling ppv-lite86 v0.2.21\n   Compiling rand_chacha v0.3.1\n   Compiling rand v0.8.5\n   Compiling quickcheck v1.0.3\n   Compiling ntest_test_cases v0.9.3\n   Compiling ntest_timeout v0.9.3\n   Compiling ntest v0.9.3\n   Compiling http v1.3.1 (/home/abezbm/rust-utgen-test-crates-new/http)\nwarning: unused import: `self::StandardHeader::Vary`\n    --> src/header/name.rs:1676:9\n     |\n1676 |     use self::StandardHeader::Vary;\n     |         ^^^^^^^^^^^^^^^^^^^^^^^^^^\n     |\n     = note: `#[warn(unused_imports)]` on by default\n\nwarning: unused import: `super::*`\n   --> src/header/value.rs:481:9\n    |\n481 |     use super::*;\n    |         ^^^^^^^^\n\nwarning: unused import: `crate::header::map::HeaderMap`\n   --> src/header/value.rs:482:9\n    |\n482 |     use crate::header::map::HeaderMap;\n    |         ^^^^^^^^^^^^^^^^^^^^^^^^^^^^^\n\nwarning: unused import: `crate::header::name`\n   --> src/header/value.rs:483:9\n    |\n483 |     use crate::header::name;\n    |         ^^^^^^^^^^^^^^^^^^^\n\nwarning: unused import: `super::*`\n   --> src/header/value.rs:568:9\n    |\n568 |     use super::*;\n    |         ^^^^^^^^\n\nwarning: unused import: `crate::header::name`\n   --> src/header/value.rs:569:9\n    |\n569 |     use crate::header::name;\n    |         ^^^^^^^^^^^^^^^^^^^\n\nwarning: unused import: `super::*`\n   --> src/method.rs:424:9\n    |\n424 |     use super::*;\n    |         ^^^^^^^^\n\nwarning: unused import: `super::*`\n    --> src/request.rs:1063:9\n     |\n1063 |     use super::*;\n     |         ^^^^^^^^\n\nwarning: unused import: `super::*`\n   --> src/response.rs:776:9\n    |\n776 |     use super::*;\n    |         ^^^^^^^^\n\nwarning: unused import: `super::*`\n   --> src/uri/authority.rs:533:9\n    |\n533 |     use super::*;\n    |         ^^^^^^^^\n\nwarning: unused import: `super::*`\n   --> src/uri/builder.rs:165:9\n    |\n165 |     use super::*;\n    |         ^^^^^^^^\n\nwarning: unused import: `super::*`\n   --> src/uri/port.rs:115:9\n    |\n115 |     use super::*;\n    |         ^^^^^^^^\n\nwarning: unused import: `ntest::timeout`\n  --> src/version.rs:79:8\n   |\n79 |    use ntest::timeout;\n   |        ^^^^^^^^^^^^^^\n\nwarning: unused import: `super::*`\n   --> src/error.rs:143:9\n    |\n143 |     use super::*;\n    |         ^^^^^^^^\n\nwarning: unused import: `super::*`\n   --> src/lib.rs:197:9\n    |\n197 |     use super::*;\n    |         ^^^^^^^^\n\nerror[E0599]: no method named `fmt` found for struct `llmtests::test_fmt_16::Version` in the current scope\n   --> src/version.rs:116:26\n    |\n96  |     pub struct Version(Http);\n    |     ------------------ method `fmt` not found for this struct\n...\n116 |     let result = version.fmt(&mut fmt::Formatter::new(&mut output));\n    |                          ^^^ method not found in `Version`\n    |\n   ::: /home/abezbm/.rustup/toolchains/nightly-2024-07-21-x86_64-unknown-linux-gnu/lib/rustlib/src/rust/library/core/src/fmt/mod.rs:642:8\n    |\n642 |     fn fmt(&self, f: &mut Formatter<'_>) -> Result;\n    |        --- the method is available for `llmtests::test_fmt_16::Version` here\n    |\n    = help: items from traits can only be used if the trait is in scope\nhelp: trait `Debug` which provides `fmt` is implemented but not in scope; perhaps you want to import it\n    |\n78  +    use std::fmt::Debug;\n    |\n\nerror[E0658]: use of unstable library feature 'fmt_internals': internal to standard library\n   --> src/version.rs:116:35\n    |\n116 |     let result = version.fmt(&mut fmt::Formatter::new(&mut output));\n    |                                   ^^^^^^^^^^^^^^^^^^^\n    |\n    = help: add `#![feature(fmt_internals)]` to the crate attributes to enable\n    = note: this compiler was built on 2024-07-20; consider upgrading it if it is out of date\n\nerror[E0277]: the trait bound `Vec<_>: std::fmt::Write` is not satisfied\n   --> src/version.rs:116:55\n    |\n116 |     let result = version.fmt(&mut fmt::Formatter::new(&mut output));\n    |                                                       ^^^^^^^^^^^ the trait `std::fmt::Write` is not implemented for `Vec<_>`\n    |\n    = help: the following other types implement trait `std::fmt::Write`:\n              &mut W\n              BytesMut\n              Formatter<'_>\n              OsString\n              String\n              core::net::display_buffer::DisplayBuffer<SIZE>\n    = note: required for the cast from `&mut Vec<_>` to `&mut dyn std::fmt::Write`\n\nerror[E0308]: mismatched types\n   --> src/version.rs:103:21\n    |\n47  |     Http09,\n    |     ------ unit variant defined here\n...\n102 |                 match self.0 {\n    |                       ------ this expression has type `llmtests::test_fmt_16::Http`\n103 |                     Http09 => \"HTTP/0.9\",\n    |                     ^^^^^^\n    |                     |\n    |                     expected `llmtests::test_fmt_16::Http`, found `version::Http`\n    |                     `Http09` is interpreted as a unit variant, not a new binding\n    |                     help: introduce a new binding instead: `other_http09`\n    |\n    = note: `version::Http` and `llmtests::test_fmt_16::Http` have similar names, but are actually distinct types\nnote: `version::Http` is defined in module `crate::version` of the current crate\n   --> src/version.rs:46:1\n    |\n46  | enum Http {\n    | ^^^^^^^^^\nnote: `llmtests::test_fmt_16::Http` is defined in module `crate::version::llmtests` of the current crate\n   --> src/version.rs:86:5\n    |\n86  |     enum Http {\n    |     ^^^^^^^^^\n\nerror[E0308]: mismatched types\n   --> src/version.rs:104:21\n    |\n48  |     Http10,\n    |     ------ unit variant defined here\n...\n102 |                 match self.0 {\n    |                       ------ this expression has type `llmtests::test_fmt_16::Http`\n103 |                     Http09 => \"HTTP/0.9\",\n104 |                     Http10 => \"HTTP/1.0\",\n    |                     ^^^^^^\n    |                     |\n    |                     expected `llmtests::test_fmt_16::Http`, found `version::Http`\n    |                     `Http10` is interpreted as a unit variant, not a new binding\n    |                     help: introduce a new binding instead: `other_http10`\n    |\n    = note: `version::Http` and `llmtests::test_fmt_16::Http` have similar names, but are actually distinct types\nnote: `version::Http` is defined in module `crate::version` of the current crate\n   --> src/version.rs:46:1\n    |\n46  | enum Http {\n    | ^^^^^^^^^\nnote: `llmtests::test_fmt_16::Http` is defined in module `crate::version::llmtests` of the current crate\n   --> src/version.rs:86:5\n    |\n86  |     enum Http {\n    |     ^^^^^^^^^\n\nerror[E0308]: mismatched types\n   --> src/version.rs:105:21\n    |\n49  |     Http11,\n    |     ------ unit variant defined here\n...\n102 |                 match self.0 {\n    |                       ------ this expression has type `llmtests::test_fmt_16::Http`\n...\n105 |                     Http11 => \"HTTP/1.1\",\n    |                     ^^^^^^\n    |                     |\n    |                     expected `llmtests::test_fmt_16::Http`, found `version::Http`\n    |                     `Http11` is interpreted as a unit variant, not a new binding\n    |                     help: introduce a new binding instead: `other_http11`\n    |\n    = note: `version::Http` and `llmtests::test_fmt_16::Http` have similar names, but are actually distinct types\nnote: `version::Http` is defined in module `crate::version` of the current crate\n   --> src/version.rs:46:1\n    |\n46  | enum Http {\n    | ^^^^^^^^^\nnote: `llmtests::test_fmt_16::Http` is defined in module `crate::version::llmtests` of the current crate\n   --> src/version.rs:86:5\n    |\n86  |     enum Http {\n    |     ^^^^^^^^^\n\nerror[E0308]: mismatched types\n   --> src/version.rs:106:21\n    |\n50  |     H2,\n    |     -- unit variant defined here\n...\n102 |                 match self.0 {\n    |                       ------ this expression has type `llmtests::test_fmt_16::Http`\n...\n106 |                     H2 => \"HTTP/2.0\",\n    |                     ^^\n    |                     |\n    |                     expected `llmtests::test_fmt_16::Http`, found `version::Http`\n    |                     `H2` is interpreted as a unit variant, not a new binding\n    |                     help: introduce a new binding instead: `other_h2`\n    |\n    = note: `version::Http` and `llmtests::test_fmt_16::Http` have similar names, but are actually distinct types\nnote: `version::Http` is defined in module `crate::version` of the current crate\n   --> src/version.rs:46:1\n    |\n46  | enum Http {\n    | ^^^^^^^^^\nnote: `llmtests::test_fmt_16::Http` is defined in module `crate::version::llmtests` of the current crate\n   --> src/version.rs:86:5\n    |\n86  |     enum Http {\n    |     ^^^^^^^^^\n\nerror[E0308]: mismatched types\n   --> src/version.rs:107:21\n    |\n51  |     H3,\n    |     -- unit variant defined here\n...\n102 |                 match self.0 {\n    |                       ------ this expression has type `llmtests::test_fmt_16::Http`\n...\n107 |                     H3 => \"HTTP/3.0\",\n    |                     ^^\n    |                     |\n    |                     expected `llmtests::test_fmt_16::Http`, found `version::Http`\n    |                     `H3` is interpreted as a unit variant, not a new binding\n    |                     help: introduce a new binding instead: `other_h3`\n    |\n    = note: `version::Http` and `llmtests::test_fmt_16::Http` have similar names, but are actually distinct types\nnote: `version::Http` is defined in module `crate::version` of the current crate\n   --> src/version.rs:46:1\n    |\n46  | enum Http {\n    | ^^^^^^^^^\nnote: `llmtests::test_fmt_16::Http` is defined in module `crate::version::llmtests` of the current crate\n   --> src/version.rs:86:5\n    |\n86  |     enum Http {\n    |     ^^^^^^^^^\n\nerror[E0308]: mismatched types\n   --> src/version.rs:108:21\n    |\n52  |     __NonExhaustive,\n    |     --------------- unit variant defined here\n...\n102 |                 match self.0 {\n    |                       ------ this expression has type `llmtests::test_fmt_16::Http`\n...\n108 |                     __NonExhaustive => unreachable!(),\n    |                     ^^^^^^^^^^^^^^^\n    |                     |\n    |                     expected `llmtests::test_fmt_16::Http`, found `version::Http`\n    |                     `__NonExhaustive` is interpreted as a unit variant, not a new binding\n    |                     help: introduce a new binding instead: `other___nonexhaustive`\n    |\n    = note: `version::Http` and `llmtests::test_fmt_16::Http` have similar names, but are actually distinct types\nnote: `version::Http` is defined in module `crate::version` of the current crate\n   --> src/version.rs:46:1\n    |\n46  | enum Http {\n    | ^^^^^^^^^\nnote: `llmtests::test_fmt_16::Http` is defined in module `crate::version::llmtests` of the current crate\n   --> src/version.rs:86:5\n    |\n86  |     enum Http {\n    |     ^^^^^^^^^\n\nSome errors have detailed explanations: E0277, E0308, E0599, E0658.\nFor more information about an error, try `rustc --explain E0277`.\nwarning: `http` (lib test) generated 15 warnings\nerror: could not compile `http` (lib test) due to 9 previous errors; 15 warnings emitted\n"
                }
              ],
              "repaired": [
                false
              ]
            },
            {
              "attrs": [],
              "prefix": [],
              "oracles": [],
              "codes": [
                [
                  "{",
                  "    use std::fmt;",
                  "",
                  "    #[derive(PartialEq, PartialOrd, Copy, Clone, Eq, Ord, Hash)]",
                  "    enum Http {",
                  "        Http09,",
                  "        Http10,",
                  "        Http11,",
                  "        H2,",
                  "        H3,",
                  "        __NonExhaustive,",
                  "    }",
                  "",
                  "    #[derive(PartialEq, PartialOrd, Copy, Clone, Eq, Ord, Hash)]",
                  "    pub struct Version(Http);",
                  "",
                  "    impl fmt::Debug for Version {",
                  "        fn fmt(&self, f: &mut fmt::Formatter<'_>) -> fmt::Result {",
                  "            use self::Http::*;",
                  "            f.write_str(",
                  "                match self.0 {",
                  "                    Http09 => \"HTTP/0.9\",",
                  "                    Http10 => \"HTTP/1.0\",",
                  "                    Http11 => \"HTTP/1.1\",",
                  "                    H2 => \"HTTP/2.0\",",
                  "                    H3 => \"HTTP/3.0\",",
                  "                    __NonExhaustive => unreachable!(),",
                  "                },",
                  "            )",
                  "        }",
                  "    }",
                  "",
                  "    let version = Version(Http::Http09);",
                  "    let mut output = Vec::new();",
                  "    let result = version.fmt(&mut fmt::Formatter::new(&mut output));",
                  "    assert!(result.is_ok());",
                  "    assert_eq!(String::from_utf8(output).unwrap(), \"HTTP/0.9\");",
                  "}"
                ]
              ],
              "can_compile": [
                {
                  "Err": "   Compiling proc-macro2 v1.0.95\n   Compiling libc v0.2.172\n   Compiling zerocopy v0.8.25\n   Compiling syn v1.0.109\n   Compiling serde v1.0.219\n   Compiling doc-comment v0.3.3\n   Compiling serde_json v1.0.140\n   Compiling quote v1.0.40\n   Compiling getrandom v0.2.16\n   Compiling rand_core v0.6.4\n   Compiling ppv-lite86 v0.2.21\n   Compiling rand_chacha v0.3.1\n   Compiling rand v0.8.5\n   Compiling quickcheck v1.0.3\n   Compiling ntest_test_cases v0.9.3\n   Compiling ntest_timeout v0.9.3\n   Compiling ntest v0.9.3\n   Compiling http v1.3.1 (/home/abezbm/rust-utgen-test-crates-new/http)\nwarning: unused import: `self::StandardHeader::Vary`\n    --> src/header/name.rs:1676:9\n     |\n1676 |     use self::StandardHeader::Vary;\n     |         ^^^^^^^^^^^^^^^^^^^^^^^^^^\n     |\n     = note: `#[warn(unused_imports)]` on by default\n\nwarning: unused import: `super::*`\n   --> src/header/value.rs:481:9\n    |\n481 |     use super::*;\n    |         ^^^^^^^^\n\nwarning: unused import: `crate::header::map::HeaderMap`\n   --> src/header/value.rs:482:9\n    |\n482 |     use crate::header::map::HeaderMap;\n    |         ^^^^^^^^^^^^^^^^^^^^^^^^^^^^^\n\nwarning: unused import: `crate::header::name`\n   --> src/header/value.rs:483:9\n    |\n483 |     use crate::header::name;\n    |         ^^^^^^^^^^^^^^^^^^^\n\nwarning: unused import: `super::*`\n   --> src/header/value.rs:568:9\n    |\n568 |     use super::*;\n    |         ^^^^^^^^\n\nwarning: unused import: `crate::header::name`\n   --> src/header/value.rs:569:9\n    |\n569 |     use crate::header::name;\n    |         ^^^^^^^^^^^^^^^^^^^\n\nwarning: unused import: `super::*`\n   --> src/method.rs:424:9\n    |\n424 |     use super::*;\n    |         ^^^^^^^^\n\nwarning: unused import: `super::*`\n    --> src/request.rs:1063:9\n     |\n1063 |     use super::*;\n     |         ^^^^^^^^\n\nwarning: unused import: `super::*`\n   --> src/response.rs:776:9\n    |\n776 |     use super::*;\n    |         ^^^^^^^^\n\nwarning: unused import: `super::*`\n   --> src/uri/authority.rs:533:9\n    |\n533 |     use super::*;\n    |         ^^^^^^^^\n\nwarning: unused import: `super::*`\n   --> src/uri/builder.rs:165:9\n    |\n165 |     use super::*;\n    |         ^^^^^^^^\n\nwarning: unused import: `super::*`\n   --> src/uri/port.rs:115:9\n    |\n115 |     use super::*;\n    |         ^^^^^^^^\n\nwarning: unused import: `ntest::timeout`\n  --> src/version.rs:79:8\n   |\n79 |    use ntest::timeout;\n   |        ^^^^^^^^^^^^^^\n\nwarning: unused import: `super::*`\n   --> src/error.rs:143:9\n    |\n143 |     use super::*;\n    |         ^^^^^^^^\n\nwarning: unused import: `super::*`\n   --> src/lib.rs:197:9\n    |\n197 |     use super::*;\n    |         ^^^^^^^^\n\nerror[E0599]: no method named `fmt` found for struct `llmtests::test_fmt_17::Version` in the current scope\n   --> src/version.rs:116:26\n    |\n96  |     pub struct Version(Http);\n    |     ------------------ method `fmt` not found for this struct\n...\n116 |     let result = version.fmt(&mut fmt::Formatter::new(&mut output));\n    |                          ^^^ method not found in `Version`\n    |\n   ::: /home/abezbm/.rustup/toolchains/nightly-2024-07-21-x86_64-unknown-linux-gnu/lib/rustlib/src/rust/library/core/src/fmt/mod.rs:642:8\n    |\n642 |     fn fmt(&self, f: &mut Formatter<'_>) -> Result;\n    |        --- the method is available for `llmtests::test_fmt_17::Version` here\n    |\n    = help: items from traits can only be used if the trait is in scope\nhelp: trait `Debug` which provides `fmt` is implemented but not in scope; perhaps you want to import it\n    |\n78  +    use std::fmt::Debug;\n    |\n\nerror[E0658]: use of unstable library feature 'fmt_internals': internal to standard library\n   --> src/version.rs:116:35\n    |\n116 |     let result = version.fmt(&mut fmt::Formatter::new(&mut output));\n    |                                   ^^^^^^^^^^^^^^^^^^^\n    |\n    = help: add `#![feature(fmt_internals)]` to the crate attributes to enable\n    = note: this compiler was built on 2024-07-20; consider upgrading it if it is out of date\n\nerror[E0277]: the trait bound `Vec<_>: std::fmt::Write` is not satisfied\n   --> src/version.rs:116:55\n    |\n116 |     let result = version.fmt(&mut fmt::Formatter::new(&mut output));\n    |                                                       ^^^^^^^^^^^ the trait `std::fmt::Write` is not implemented for `Vec<_>`\n    |\n    = help: the following other types implement trait `std::fmt::Write`:\n              &mut W\n              BytesMut\n              Formatter<'_>\n              OsString\n              String\n              core::net::display_buffer::DisplayBuffer<SIZE>\n    = note: required for the cast from `&mut Vec<_>` to `&mut dyn std::fmt::Write`\n\nerror[E0308]: mismatched types\n   --> src/version.rs:103:21\n    |\n47  |     Http09,\n    |     ------ unit variant defined here\n...\n102 |                 match self.0 {\n    |                       ------ this expression has type `llmtests::test_fmt_17::Http`\n103 |                     Http09 => \"HTTP/0.9\",\n    |                     ^^^^^^\n    |                     |\n    |                     expected `llmtests::test_fmt_17::Http`, found `version::Http`\n    |                     `Http09` is interpreted as a unit variant, not a new binding\n    |                     help: introduce a new binding instead: `other_http09`\n    |\n    = note: `version::Http` and `llmtests::test_fmt_17::Http` have similar names, but are actually distinct types\nnote: `version::Http` is defined in module `crate::version` of the current crate\n   --> src/version.rs:46:1\n    |\n46  | enum Http {\n    | ^^^^^^^^^\nnote: `llmtests::test_fmt_17::Http` is defined in module `crate::version::llmtests` of the current crate\n   --> src/version.rs:86:5\n    |\n86  |     enum Http {\n    |     ^^^^^^^^^\n\nerror[E0308]: mismatched types\n   --> src/version.rs:104:21\n    |\n48  |     Http10,\n    |     ------ unit variant defined here\n...\n102 |                 match self.0 {\n    |                       ------ this expression has type `llmtests::test_fmt_17::Http`\n103 |                     Http09 => \"HTTP/0.9\",\n104 |                     Http10 => \"HTTP/1.0\",\n    |                     ^^^^^^\n    |                     |\n    |                     expected `llmtests::test_fmt_17::Http`, found `version::Http`\n    |                     `Http10` is interpreted as a unit variant, not a new binding\n    |                     help: introduce a new binding instead: `other_http10`\n    |\n    = note: `version::Http` and `llmtests::test_fmt_17::Http` have similar names, but are actually distinct types\nnote: `version::Http` is defined in module `crate::version` of the current crate\n   --> src/version.rs:46:1\n    |\n46  | enum Http {\n    | ^^^^^^^^^\nnote: `llmtests::test_fmt_17::Http` is defined in module `crate::version::llmtests` of the current crate\n   --> src/version.rs:86:5\n    |\n86  |     enum Http {\n    |     ^^^^^^^^^\n\nerror[E0308]: mismatched types\n   --> src/version.rs:105:21\n    |\n49  |     Http11,\n    |     ------ unit variant defined here\n...\n102 |                 match self.0 {\n    |                       ------ this expression has type `llmtests::test_fmt_17::Http`\n...\n105 |                     Http11 => \"HTTP/1.1\",\n    |                     ^^^^^^\n    |                     |\n    |                     expected `llmtests::test_fmt_17::Http`, found `version::Http`\n    |                     `Http11` is interpreted as a unit variant, not a new binding\n    |                     help: introduce a new binding instead: `other_http11`\n    |\n    = note: `version::Http` and `llmtests::test_fmt_17::Http` have similar names, but are actually distinct types\nnote: `version::Http` is defined in module `crate::version` of the current crate\n   --> src/version.rs:46:1\n    |\n46  | enum Http {\n    | ^^^^^^^^^\nnote: `llmtests::test_fmt_17::Http` is defined in module `crate::version::llmtests` of the current crate\n   --> src/version.rs:86:5\n    |\n86  |     enum Http {\n    |     ^^^^^^^^^\n\nerror[E0308]: mismatched types\n   --> src/version.rs:106:21\n    |\n50  |     H2,\n    |     -- unit variant defined here\n...\n102 |                 match self.0 {\n    |                       ------ this expression has type `llmtests::test_fmt_17::Http`\n...\n106 |                     H2 => \"HTTP/2.0\",\n    |                     ^^\n    |                     |\n    |                     expected `llmtests::test_fmt_17::Http`, found `version::Http`\n    |                     `H2` is interpreted as a unit variant, not a new binding\n    |                     help: introduce a new binding instead: `other_h2`\n    |\n    = note: `version::Http` and `llmtests::test_fmt_17::Http` have similar names, but are actually distinct types\nnote: `version::Http` is defined in module `crate::version` of the current crate\n   --> src/version.rs:46:1\n    |\n46  | enum Http {\n    | ^^^^^^^^^\nnote: `llmtests::test_fmt_17::Http` is defined in module `crate::version::llmtests` of the current crate\n   --> src/version.rs:86:5\n    |\n86  |     enum Http {\n    |     ^^^^^^^^^\n\nerror[E0308]: mismatched types\n   --> src/version.rs:107:21\n    |\n51  |     H3,\n    |     -- unit variant defined here\n...\n102 |                 match self.0 {\n    |                       ------ this expression has type `llmtests::test_fmt_17::Http`\n...\n107 |                     H3 => \"HTTP/3.0\",\n    |                     ^^\n    |                     |\n    |                     expected `llmtests::test_fmt_17::Http`, found `version::Http`\n    |                     `H3` is interpreted as a unit variant, not a new binding\n    |                     help: introduce a new binding instead: `other_h3`\n    |\n    = note: `version::Http` and `llmtests::test_fmt_17::Http` have similar names, but are actually distinct types\nnote: `version::Http` is defined in module `crate::version` of the current crate\n   --> src/version.rs:46:1\n    |\n46  | enum Http {\n    | ^^^^^^^^^\nnote: `llmtests::test_fmt_17::Http` is defined in module `crate::version::llmtests` of the current crate\n   --> src/version.rs:86:5\n    |\n86  |     enum Http {\n    |     ^^^^^^^^^\n\nerror[E0308]: mismatched types\n   --> src/version.rs:108:21\n    |\n52  |     __NonExhaustive,\n    |     --------------- unit variant defined here\n...\n102 |                 match self.0 {\n    |                       ------ this expression has type `llmtests::test_fmt_17::Http`\n...\n108 |                     __NonExhaustive => unreachable!(),\n    |                     ^^^^^^^^^^^^^^^\n    |                     |\n    |                     expected `llmtests::test_fmt_17::Http`, found `version::Http`\n    |                     `__NonExhaustive` is interpreted as a unit variant, not a new binding\n    |                     help: introduce a new binding instead: `other___nonexhaustive`\n    |\n    = note: `version::Http` and `llmtests::test_fmt_17::Http` have similar names, but are actually distinct types\nnote: `version::Http` is defined in module `crate::version` of the current crate\n   --> src/version.rs:46:1\n    |\n46  | enum Http {\n    | ^^^^^^^^^\nnote: `llmtests::test_fmt_17::Http` is defined in module `crate::version::llmtests` of the current crate\n   --> src/version.rs:86:5\n    |\n86  |     enum Http {\n    |     ^^^^^^^^^\n\nSome errors have detailed explanations: E0277, E0308, E0599, E0658.\nFor more information about an error, try `rustc --explain E0277`.\nwarning: `http` (lib test) generated 15 warnings\nerror: could not compile `http` (lib test) due to 9 previous errors; 15 warnings emitted\n"
                }
              ],
              "repaired": [
                false
              ]
            },
            {
              "attrs": [],
              "prefix": [],
              "oracles": [],
              "codes": [
                [
                  "{",
                  "    use std::fmt;",
                  "",
                  "    #[derive(PartialEq, PartialOrd, Copy, Clone, Eq, Ord, Hash)]",
                  "    enum Http {",
                  "        Http09,",
                  "        Http10,",
                  "        Http11,",
                  "        H2,",
                  "        H3,",
                  "        __NonExhaustive,",
                  "    }",
                  "",
                  "    #[derive(PartialEq, PartialOrd, Copy, Clone, Eq, Ord, Hash)]",
                  "    pub struct Version(Http);",
                  "",
                  "    impl fmt::Debug for Version {",
                  "        fn fmt(&self, f: &mut fmt::Formatter<'_>) -> fmt::Result {",
                  "            use self::Http::*;",
                  "            f.write_str(",
                  "                match self.0 {",
                  "                    Http09 => \"HTTP/0.9\",",
                  "                    Http10 => \"HTTP/1.0\",",
                  "                    Http11 => \"HTTP/1.1\",",
                  "                    H2 => \"HTTP/2.0\",",
                  "                    H3 => \"HTTP/3.0\",",
                  "                    __NonExhaustive => unreachable!(),",
                  "                },",
                  "            )",
                  "        }",
                  "    }",
                  "",
                  "    let version = Version(Http::Http10);",
                  "    let mut output = Vec::new();",
                  "    let result = version.fmt(&mut fmt::Formatter::new(&mut output));",
                  "    assert!(result.is_ok());",
                  "    assert_eq!(String::from_utf8(output).unwrap(), \"HTTP/1.0\");",
                  "}"
                ]
              ],
              "can_compile": [
                {
                  "Err": "   Compiling libc v0.2.172\n   Compiling proc-macro2 v1.0.95\n   Compiling zerocopy v0.8.25\n   Compiling syn v1.0.109\n   Compiling serde v1.0.219\n   Compiling doc-comment v0.3.3\n   Compiling serde_json v1.0.140\n   Compiling quote v1.0.40\n   Compiling getrandom v0.2.16\n   Compiling rand_core v0.6.4\n   Compiling ppv-lite86 v0.2.21\n   Compiling rand_chacha v0.3.1\n   Compiling rand v0.8.5\n   Compiling quickcheck v1.0.3\n   Compiling ntest_timeout v0.9.3\n   Compiling ntest_test_cases v0.9.3\n   Compiling ntest v0.9.3\n   Compiling http v1.3.1 (/home/abezbm/rust-utgen-test-crates-new/http)\nwarning: unused import: `self::StandardHeader::Vary`\n    --> src/header/name.rs:1676:9\n     |\n1676 |     use self::StandardHeader::Vary;\n     |         ^^^^^^^^^^^^^^^^^^^^^^^^^^\n     |\n     = note: `#[warn(unused_imports)]` on by default\n\nwarning: unused import: `super::*`\n   --> src/header/value.rs:481:9\n    |\n481 |     use super::*;\n    |         ^^^^^^^^\n\nwarning: unused import: `crate::header::map::HeaderMap`\n   --> src/header/value.rs:482:9\n    |\n482 |     use crate::header::map::HeaderMap;\n    |         ^^^^^^^^^^^^^^^^^^^^^^^^^^^^^\n\nwarning: unused import: `crate::header::name`\n   --> src/header/value.rs:483:9\n    |\n483 |     use crate::header::name;\n    |         ^^^^^^^^^^^^^^^^^^^\n\nwarning: unused import: `super::*`\n   --> src/header/value.rs:568:9\n    |\n568 |     use super::*;\n    |         ^^^^^^^^\n\nwarning: unused import: `crate::header::name`\n   --> src/header/value.rs:569:9\n    |\n569 |     use crate::header::name;\n    |         ^^^^^^^^^^^^^^^^^^^\n\nwarning: unused import: `super::*`\n   --> src/method.rs:424:9\n    |\n424 |     use super::*;\n    |         ^^^^^^^^\n\nwarning: unused import: `super::*`\n    --> src/request.rs:1063:9\n     |\n1063 |     use super::*;\n     |         ^^^^^^^^\n\nwarning: unused import: `super::*`\n   --> src/response.rs:776:9\n    |\n776 |     use super::*;\n    |         ^^^^^^^^\n\nwarning: unused import: `super::*`\n   --> src/uri/authority.rs:533:9\n    |\n533 |     use super::*;\n    |         ^^^^^^^^\n\nwarning: unused import: `super::*`\n   --> src/uri/builder.rs:165:9\n    |\n165 |     use super::*;\n    |         ^^^^^^^^\n\nwarning: unused import: `super::*`\n   --> src/uri/port.rs:115:9\n    |\n115 |     use super::*;\n    |         ^^^^^^^^\n\nwarning: unused import: `ntest::timeout`\n  --> src/version.rs:79:8\n   |\n79 |    use ntest::timeout;\n   |        ^^^^^^^^^^^^^^\n\nwarning: unused import: `super::*`\n   --> src/error.rs:143:9\n    |\n143 |     use super::*;\n    |         ^^^^^^^^\n\nwarning: unused import: `super::*`\n   --> src/lib.rs:197:9\n    |\n197 |     use super::*;\n    |         ^^^^^^^^\n\nerror[E0599]: no method named `fmt` found for struct `llmtests::test_fmt_18::Version` in the current scope\n   --> src/version.rs:116:26\n    |\n96  |     pub struct Version(Http);\n    |     ------------------ method `fmt` not found for this struct\n...\n116 |     let result = version.fmt(&mut fmt::Formatter::new(&mut output));\n    |                          ^^^ method not found in `Version`\n    |\n   ::: /home/abezbm/.rustup/toolchains/nightly-2024-07-21-x86_64-unknown-linux-gnu/lib/rustlib/src/rust/library/core/src/fmt/mod.rs:642:8\n    |\n642 |     fn fmt(&self, f: &mut Formatter<'_>) -> Result;\n    |        --- the method is available for `llmtests::test_fmt_18::Version` here\n    |\n    = help: items from traits can only be used if the trait is in scope\nhelp: trait `Debug` which provides `fmt` is implemented but not in scope; perhaps you want to import it\n    |\n78  +    use std::fmt::Debug;\n    |\n\nerror[E0658]: use of unstable library feature 'fmt_internals': internal to standard library\n   --> src/version.rs:116:35\n    |\n116 |     let result = version.fmt(&mut fmt::Formatter::new(&mut output));\n    |                                   ^^^^^^^^^^^^^^^^^^^\n    |\n    = help: add `#![feature(fmt_internals)]` to the crate attributes to enable\n    = note: this compiler was built on 2024-07-20; consider upgrading it if it is out of date\n\nerror[E0277]: the trait bound `Vec<_>: std::fmt::Write` is not satisfied\n   --> src/version.rs:116:55\n    |\n116 |     let result = version.fmt(&mut fmt::Formatter::new(&mut output));\n    |                                                       ^^^^^^^^^^^ the trait `std::fmt::Write` is not implemented for `Vec<_>`\n    |\n    = help: the following other types implement trait `std::fmt::Write`:\n              &mut W\n              BytesMut\n              Formatter<'_>\n              OsString\n              String\n              core::net::display_buffer::DisplayBuffer<SIZE>\n    = note: required for the cast from `&mut Vec<_>` to `&mut dyn std::fmt::Write`\n\nerror[E0308]: mismatched types\n   --> src/version.rs:103:21\n    |\n47  |     Http09,\n    |     ------ unit variant defined here\n...\n102 |                 match self.0 {\n    |                       ------ this expression has type `llmtests::test_fmt_18::Http`\n103 |                     Http09 => \"HTTP/0.9\",\n    |                     ^^^^^^\n    |                     |\n    |                     expected `llmtests::test_fmt_18::Http`, found `version::Http`\n    |                     `Http09` is interpreted as a unit variant, not a new binding\n    |                     help: introduce a new binding instead: `other_http09`\n    |\n    = note: `version::Http` and `llmtests::test_fmt_18::Http` have similar names, but are actually distinct types\nnote: `version::Http` is defined in module `crate::version` of the current crate\n   --> src/version.rs:46:1\n    |\n46  | enum Http {\n    | ^^^^^^^^^\nnote: `llmtests::test_fmt_18::Http` is defined in module `crate::version::llmtests` of the current crate\n   --> src/version.rs:86:5\n    |\n86  |     enum Http {\n    |     ^^^^^^^^^\n\nerror[E0308]: mismatched types\n   --> src/version.rs:104:21\n    |\n48  |     Http10,\n    |     ------ unit variant defined here\n...\n102 |                 match self.0 {\n    |                       ------ this expression has type `llmtests::test_fmt_18::Http`\n103 |                     Http09 => \"HTTP/0.9\",\n104 |                     Http10 => \"HTTP/1.0\",\n    |                     ^^^^^^\n    |                     |\n    |                     expected `llmtests::test_fmt_18::Http`, found `version::Http`\n    |                     `Http10` is interpreted as a unit variant, not a new binding\n    |                     help: introduce a new binding instead: `other_http10`\n    |\n    = note: `version::Http` and `llmtests::test_fmt_18::Http` have similar names, but are actually distinct types\nnote: `version::Http` is defined in module `crate::version` of the current crate\n   --> src/version.rs:46:1\n    |\n46  | enum Http {\n    | ^^^^^^^^^\nnote: `llmtests::test_fmt_18::Http` is defined in module `crate::version::llmtests` of the current crate\n   --> src/version.rs:86:5\n    |\n86  |     enum Http {\n    |     ^^^^^^^^^\n\nerror[E0308]: mismatched types\n   --> src/version.rs:105:21\n    |\n49  |     Http11,\n    |     ------ unit variant defined here\n...\n102 |                 match self.0 {\n    |                       ------ this expression has type `llmtests::test_fmt_18::Http`\n...\n105 |                     Http11 => \"HTTP/1.1\",\n    |                     ^^^^^^\n    |                     |\n    |                     expected `llmtests::test_fmt_18::Http`, found `version::Http`\n    |                     `Http11` is interpreted as a unit variant, not a new binding\n    |                     help: introduce a new binding instead: `other_http11`\n    |\n    = note: `version::Http` and `llmtests::test_fmt_18::Http` have similar names, but are actually distinct types\nnote: `version::Http` is defined in module `crate::version` of the current crate\n   --> src/version.rs:46:1\n    |\n46  | enum Http {\n    | ^^^^^^^^^\nnote: `llmtests::test_fmt_18::Http` is defined in module `crate::version::llmtests` of the current crate\n   --> src/version.rs:86:5\n    |\n86  |     enum Http {\n    |     ^^^^^^^^^\n\nerror[E0308]: mismatched types\n   --> src/version.rs:106:21\n    |\n50  |     H2,\n    |     -- unit variant defined here\n...\n102 |                 match self.0 {\n    |                       ------ this expression has type `llmtests::test_fmt_18::Http`\n...\n106 |                     H2 => \"HTTP/2.0\",\n    |                     ^^\n    |                     |\n    |                     expected `llmtests::test_fmt_18::Http`, found `version::Http`\n    |                     `H2` is interpreted as a unit variant, not a new binding\n    |                     help: introduce a new binding instead: `other_h2`\n    |\n    = note: `version::Http` and `llmtests::test_fmt_18::Http` have similar names, but are actually distinct types\nnote: `version::Http` is defined in module `crate::version` of the current crate\n   --> src/version.rs:46:1\n    |\n46  | enum Http {\n    | ^^^^^^^^^\nnote: `llmtests::test_fmt_18::Http` is defined in module `crate::version::llmtests` of the current crate\n   --> src/version.rs:86:5\n    |\n86  |     enum Http {\n    |     ^^^^^^^^^\n\nerror[E0308]: mismatched types\n   --> src/version.rs:107:21\n    |\n51  |     H3,\n    |     -- unit variant defined here\n...\n102 |                 match self.0 {\n    |                       ------ this expression has type `llmtests::test_fmt_18::Http`\n...\n107 |                     H3 => \"HTTP/3.0\",\n    |                     ^^\n    |                     |\n    |                     expected `llmtests::test_fmt_18::Http`, found `version::Http`\n    |                     `H3` is interpreted as a unit variant, not a new binding\n    |                     help: introduce a new binding instead: `other_h3`\n    |\n    = note: `version::Http` and `llmtests::test_fmt_18::Http` have similar names, but are actually distinct types\nnote: `version::Http` is defined in module `crate::version` of the current crate\n   --> src/version.rs:46:1\n    |\n46  | enum Http {\n    | ^^^^^^^^^\nnote: `llmtests::test_fmt_18::Http` is defined in module `crate::version::llmtests` of the current crate\n   --> src/version.rs:86:5\n    |\n86  |     enum Http {\n    |     ^^^^^^^^^\n\nerror[E0308]: mismatched types\n   --> src/version.rs:108:21\n    |\n52  |     __NonExhaustive,\n    |     --------------- unit variant defined here\n...\n102 |                 match self.0 {\n    |                       ------ this expression has type `llmtests::test_fmt_18::Http`\n...\n108 |                     __NonExhaustive => unreachable!(),\n    |                     ^^^^^^^^^^^^^^^\n    |                     |\n    |                     expected `llmtests::test_fmt_18::Http`, found `version::Http`\n    |                     `__NonExhaustive` is interpreted as a unit variant, not a new binding\n    |                     help: introduce a new binding instead: `other___nonexhaustive`\n    |\n    = note: `version::Http` and `llmtests::test_fmt_18::Http` have similar names, but are actually distinct types\nnote: `version::Http` is defined in module `crate::version` of the current crate\n   --> src/version.rs:46:1\n    |\n46  | enum Http {\n    | ^^^^^^^^^\nnote: `llmtests::test_fmt_18::Http` is defined in module `crate::version::llmtests` of the current crate\n   --> src/version.rs:86:5\n    |\n86  |     enum Http {\n    |     ^^^^^^^^^\n\nSome errors have detailed explanations: E0277, E0308, E0599, E0658.\nFor more information about an error, try `rustc --explain E0277`.\nwarning: `http` (lib test) generated 15 warnings\nerror: could not compile `http` (lib test) due to 9 previous errors; 15 warnings emitted\n"
                }
              ],
              "repaired": [
                false
              ]
            },
            {
              "attrs": [],
              "prefix": [],
              "oracles": [],
              "codes": [
                [
                  "{",
                  "    use std::fmt;",
                  "",
                  "    #[derive(PartialEq, PartialOrd, Copy, Clone, Eq, Ord, Hash)]",
                  "    enum Http {",
                  "        Http09,",
                  "        Http10,",
                  "        Http11,",
                  "        H2,",
                  "        H3,",
                  "        __NonExhaustive,",
                  "    }",
                  "",
                  "    #[derive(PartialEq, PartialOrd, Copy, Clone, Eq, Ord, Hash)]",
                  "    pub struct Version(Http);",
                  "",
                  "    impl fmt::Debug for Version {",
                  "        fn fmt(&self, f: &mut fmt::Formatter<'_>) -> fmt::Result {",
                  "            use self::Http::*;",
                  "            f.write_str(",
                  "                match self.0 {",
                  "                    Http09 => \"HTTP/0.9\",",
                  "                    Http10 => \"HTTP/1.0\",",
                  "                    Http11 => \"HTTP/1.1\",",
                  "                    H2 => \"HTTP/2.0\",",
                  "                    H3 => \"HTTP/3.0\",",
                  "                    __NonExhaustive => unreachable!(),",
                  "                },",
                  "            )",
                  "        }",
                  "    }",
                  "",
                  "    let version = Version(Http::H2);",
                  "    let mut output = Vec::new();",
                  "    let result = version.fmt(&mut fmt::Formatter::new(&mut output));",
                  "    assert!(result.is_ok());",
                  "    assert_eq!(String::from_utf8(output).unwrap(), \"HTTP/2.0\");",
                  "}"
                ]
              ],
              "can_compile": [
                {
                  "Err": "   Compiling libc v0.2.172\n   Compiling proc-macro2 v1.0.95\n   Compiling zerocopy v0.8.25\n   Compiling syn v1.0.109\n   Compiling serde v1.0.219\n   Compiling serde_json v1.0.140\n   Compiling doc-comment v0.3.3\n   Compiling quote v1.0.40\n   Compiling getrandom v0.2.16\n   Compiling rand_core v0.6.4\n   Compiling ppv-lite86 v0.2.21\n   Compiling rand_chacha v0.3.1\n   Compiling rand v0.8.5\n   Compiling quickcheck v1.0.3\n   Compiling ntest_timeout v0.9.3\n   Compiling ntest_test_cases v0.9.3\n   Compiling ntest v0.9.3\n   Compiling http v1.3.1 (/home/abezbm/rust-utgen-test-crates-new/http)\nwarning: unused import: `self::StandardHeader::Vary`\n    --> src/header/name.rs:1676:9\n     |\n1676 |     use self::StandardHeader::Vary;\n     |         ^^^^^^^^^^^^^^^^^^^^^^^^^^\n     |\n     = note: `#[warn(unused_imports)]` on by default\n\nwarning: unused import: `super::*`\n   --> src/header/value.rs:481:9\n    |\n481 |     use super::*;\n    |         ^^^^^^^^\n\nwarning: unused import: `crate::header::map::HeaderMap`\n   --> src/header/value.rs:482:9\n    |\n482 |     use crate::header::map::HeaderMap;\n    |         ^^^^^^^^^^^^^^^^^^^^^^^^^^^^^\n\nwarning: unused import: `crate::header::name`\n   --> src/header/value.rs:483:9\n    |\n483 |     use crate::header::name;\n    |         ^^^^^^^^^^^^^^^^^^^\n\nwarning: unused import: `super::*`\n   --> src/header/value.rs:568:9\n    |\n568 |     use super::*;\n    |         ^^^^^^^^\n\nwarning: unused import: `crate::header::name`\n   --> src/header/value.rs:569:9\n    |\n569 |     use crate::header::name;\n    |         ^^^^^^^^^^^^^^^^^^^\n\nwarning: unused import: `super::*`\n   --> src/method.rs:424:9\n    |\n424 |     use super::*;\n    |         ^^^^^^^^\n\nwarning: unused import: `super::*`\n    --> src/request.rs:1063:9\n     |\n1063 |     use super::*;\n     |         ^^^^^^^^\n\nwarning: unused import: `super::*`\n   --> src/response.rs:776:9\n    |\n776 |     use super::*;\n    |         ^^^^^^^^\n\nwarning: unused import: `super::*`\n   --> src/uri/authority.rs:533:9\n    |\n533 |     use super::*;\n    |         ^^^^^^^^\n\nwarning: unused import: `super::*`\n   --> src/uri/builder.rs:165:9\n    |\n165 |     use super::*;\n    |         ^^^^^^^^\n\nwarning: unused import: `super::*`\n   --> src/uri/port.rs:115:9\n    |\n115 |     use super::*;\n    |         ^^^^^^^^\n\nwarning: unused import: `ntest::timeout`\n  --> src/version.rs:79:8\n   |\n79 |    use ntest::timeout;\n   |        ^^^^^^^^^^^^^^\n\nwarning: unused import: `super::*`\n   --> src/error.rs:143:9\n    |\n143 |     use super::*;\n    |         ^^^^^^^^\n\nwarning: unused import: `super::*`\n   --> src/lib.rs:197:9\n    |\n197 |     use super::*;\n    |         ^^^^^^^^\n\nerror[E0599]: no method named `fmt` found for struct `llmtests::test_fmt_19::Version` in the current scope\n   --> src/version.rs:116:26\n    |\n96  |     pub struct Version(Http);\n    |     ------------------ method `fmt` not found for this struct\n...\n116 |     let result = version.fmt(&mut fmt::Formatter::new(&mut output));\n    |                          ^^^ method not found in `Version`\n    |\n   ::: /home/abezbm/.rustup/toolchains/nightly-2024-07-21-x86_64-unknown-linux-gnu/lib/rustlib/src/rust/library/core/src/fmt/mod.rs:642:8\n    |\n642 |     fn fmt(&self, f: &mut Formatter<'_>) -> Result;\n    |        --- the method is available for `llmtests::test_fmt_19::Version` here\n    |\n    = help: items from traits can only be used if the trait is in scope\nhelp: trait `Debug` which provides `fmt` is implemented but not in scope; perhaps you want to import it\n    |\n78  +    use std::fmt::Debug;\n    |\n\nerror[E0658]: use of unstable library feature 'fmt_internals': internal to standard library\n   --> src/version.rs:116:35\n    |\n116 |     let result = version.fmt(&mut fmt::Formatter::new(&mut output));\n    |                                   ^^^^^^^^^^^^^^^^^^^\n    |\n    = help: add `#![feature(fmt_internals)]` to the crate attributes to enable\n    = note: this compiler was built on 2024-07-20; consider upgrading it if it is out of date\n\nerror[E0277]: the trait bound `Vec<_>: std::fmt::Write` is not satisfied\n   --> src/version.rs:116:55\n    |\n116 |     let result = version.fmt(&mut fmt::Formatter::new(&mut output));\n    |                                                       ^^^^^^^^^^^ the trait `std::fmt::Write` is not implemented for `Vec<_>`\n    |\n    = help: the following other types implement trait `std::fmt::Write`:\n              &mut W\n              BytesMut\n              Formatter<'_>\n              OsString\n              String\n              core::net::display_buffer::DisplayBuffer<SIZE>\n    = note: required for the cast from `&mut Vec<_>` to `&mut dyn std::fmt::Write`\n\nerror[E0308]: mismatched types\n   --> src/version.rs:103:21\n    |\n47  |     Http09,\n    |     ------ unit variant defined here\n...\n102 |                 match self.0 {\n    |                       ------ this expression has type `llmtests::test_fmt_19::Http`\n103 |                     Http09 => \"HTTP/0.9\",\n    |                     ^^^^^^\n    |                     |\n    |                     expected `llmtests::test_fmt_19::Http`, found `version::Http`\n    |                     `Http09` is interpreted as a unit variant, not a new binding\n    |                     help: introduce a new binding instead: `other_http09`\n    |\n    = note: `version::Http` and `llmtests::test_fmt_19::Http` have similar names, but are actually distinct types\nnote: `version::Http` is defined in module `crate::version` of the current crate\n   --> src/version.rs:46:1\n    |\n46  | enum Http {\n    | ^^^^^^^^^\nnote: `llmtests::test_fmt_19::Http` is defined in module `crate::version::llmtests` of the current crate\n   --> src/version.rs:86:5\n    |\n86  |     enum Http {\n    |     ^^^^^^^^^\n\nerror[E0308]: mismatched types\n   --> src/version.rs:104:21\n    |\n48  |     Http10,\n    |     ------ unit variant defined here\n...\n102 |                 match self.0 {\n    |                       ------ this expression has type `llmtests::test_fmt_19::Http`\n103 |                     Http09 => \"HTTP/0.9\",\n104 |                     Http10 => \"HTTP/1.0\",\n    |                     ^^^^^^\n    |                     |\n    |                     expected `llmtests::test_fmt_19::Http`, found `version::Http`\n    |                     `Http10` is interpreted as a unit variant, not a new binding\n    |                     help: introduce a new binding instead: `other_http10`\n    |\n    = note: `version::Http` and `llmtests::test_fmt_19::Http` have similar names, but are actually distinct types\nnote: `version::Http` is defined in module `crate::version` of the current crate\n   --> src/version.rs:46:1\n    |\n46  | enum Http {\n    | ^^^^^^^^^\nnote: `llmtests::test_fmt_19::Http` is defined in module `crate::version::llmtests` of the current crate\n   --> src/version.rs:86:5\n    |\n86  |     enum Http {\n    |     ^^^^^^^^^\n\nerror[E0308]: mismatched types\n   --> src/version.rs:105:21\n    |\n49  |     Http11,\n    |     ------ unit variant defined here\n...\n102 |                 match self.0 {\n    |                       ------ this expression has type `llmtests::test_fmt_19::Http`\n...\n105 |                     Http11 => \"HTTP/1.1\",\n    |                     ^^^^^^\n    |                     |\n    |                     expected `llmtests::test_fmt_19::Http`, found `version::Http`\n    |                     `Http11` is interpreted as a unit variant, not a new binding\n    |                     help: introduce a new binding instead: `other_http11`\n    |\n    = note: `version::Http` and `llmtests::test_fmt_19::Http` have similar names, but are actually distinct types\nnote: `version::Http` is defined in module `crate::version` of the current crate\n   --> src/version.rs:46:1\n    |\n46  | enum Http {\n    | ^^^^^^^^^\nnote: `llmtests::test_fmt_19::Http` is defined in module `crate::version::llmtests` of the current crate\n   --> src/version.rs:86:5\n    |\n86  |     enum Http {\n    |     ^^^^^^^^^\n\nerror[E0308]: mismatched types\n   --> src/version.rs:106:21\n    |\n50  |     H2,\n    |     -- unit variant defined here\n...\n102 |                 match self.0 {\n    |                       ------ this expression has type `llmtests::test_fmt_19::Http`\n...\n106 |                     H2 => \"HTTP/2.0\",\n    |                     ^^\n    |                     |\n    |                     expected `llmtests::test_fmt_19::Http`, found `version::Http`\n    |                     `H2` is interpreted as a unit variant, not a new binding\n    |                     help: introduce a new binding instead: `other_h2`\n    |\n    = note: `version::Http` and `llmtests::test_fmt_19::Http` have similar names, but are actually distinct types\nnote: `version::Http` is defined in module `crate::version` of the current crate\n   --> src/version.rs:46:1\n    |\n46  | enum Http {\n    | ^^^^^^^^^\nnote: `llmtests::test_fmt_19::Http` is defined in module `crate::version::llmtests` of the current crate\n   --> src/version.rs:86:5\n    |\n86  |     enum Http {\n    |     ^^^^^^^^^\n\nerror[E0308]: mismatched types\n   --> src/version.rs:107:21\n    |\n51  |     H3,\n    |     -- unit variant defined here\n...\n102 |                 match self.0 {\n    |                       ------ this expression has type `llmtests::test_fmt_19::Http`\n...\n107 |                     H3 => \"HTTP/3.0\",\n    |                     ^^\n    |                     |\n    |                     expected `llmtests::test_fmt_19::Http`, found `version::Http`\n    |                     `H3` is interpreted as a unit variant, not a new binding\n    |                     help: introduce a new binding instead: `other_h3`\n    |\n    = note: `version::Http` and `llmtests::test_fmt_19::Http` have similar names, but are actually distinct types\nnote: `version::Http` is defined in module `crate::version` of the current crate\n   --> src/version.rs:46:1\n    |\n46  | enum Http {\n    | ^^^^^^^^^\nnote: `llmtests::test_fmt_19::Http` is defined in module `crate::version::llmtests` of the current crate\n   --> src/version.rs:86:5\n    |\n86  |     enum Http {\n    |     ^^^^^^^^^\n\nerror[E0308]: mismatched types\n   --> src/version.rs:108:21\n    |\n52  |     __NonExhaustive,\n    |     --------------- unit variant defined here\n...\n102 |                 match self.0 {\n    |                       ------ this expression has type `llmtests::test_fmt_19::Http`\n...\n108 |                     __NonExhaustive => unreachable!(),\n    |                     ^^^^^^^^^^^^^^^\n    |                     |\n    |                     expected `llmtests::test_fmt_19::Http`, found `version::Http`\n    |                     `__NonExhaustive` is interpreted as a unit variant, not a new binding\n    |                     help: introduce a new binding instead: `other___nonexhaustive`\n    |\n    = note: `version::Http` and `llmtests::test_fmt_19::Http` have similar names, but are actually distinct types\nnote: `version::Http` is defined in module `crate::version` of the current crate\n   --> src/version.rs:46:1\n    |\n46  | enum Http {\n    | ^^^^^^^^^\nnote: `llmtests::test_fmt_19::Http` is defined in module `crate::version::llmtests` of the current crate\n   --> src/version.rs:86:5\n    |\n86  |     enum Http {\n    |     ^^^^^^^^^\n\nSome errors have detailed explanations: E0277, E0308, E0599, E0658.\nFor more information about an error, try `rustc --explain E0277`.\nwarning: `http` (lib test) generated 15 warnings\nerror: could not compile `http` (lib test) due to 9 previous errors; 15 warnings emitted\n"
                }
              ],
              "repaired": [
                false
              ]
            },
            {
              "attrs": [],
              "prefix": [],
              "oracles": [],
              "codes": [
                [
                  "{",
                  "    use std::fmt;",
                  "",
                  "    #[derive(PartialEq, PartialOrd, Copy, Clone, Eq, Ord, Hash)]",
                  "    enum Http {",
                  "        Http09,",
                  "        Http10,",
                  "        Http11,",
                  "        H2,",
                  "        H3,",
                  "        __NonExhaustive,",
                  "    }",
                  "",
                  "    #[derive(PartialEq, PartialOrd, Copy, Clone, Eq, Ord, Hash)]",
                  "    pub struct Version(Http);",
                  "",
                  "    impl fmt::Debug for Version {",
                  "        fn fmt(&self, f: &mut fmt::Formatter<'_>) -> fmt::Result {",
                  "            use self::Http::*;",
                  "            f.write_str(",
                  "                match self.0 {",
                  "                    Http09 => \"HTTP/0.9\",",
                  "                    Http10 => \"HTTP/1.0\",",
                  "                    Http11 => \"HTTP/1.1\",",
                  "                    H2 => \"HTTP/2.0\",",
                  "                    H3 => \"HTTP/3.0\",",
                  "                    __NonExhaustive => unreachable!(),",
                  "                },",
                  "            )",
                  "        }",
                  "    }",
                  "",
                  "    let version = Version(Http::H3);",
                  "    let mut output = Vec::new();",
                  "    let result = version.fmt(&mut fmt::Formatter::new(&mut output));",
                  "    assert!(result.is_ok());",
                  "    assert_eq!(String::from_utf8(output).unwrap(), \"HTTP/3.0\");",
                  "}"
                ]
              ],
              "can_compile": [
                {
                  "Err": "   Compiling proc-macro2 v1.0.95\n   Compiling libc v0.2.172\n   Compiling zerocopy v0.8.25\n   Compiling syn v1.0.109\n   Compiling serde v1.0.219\n   Compiling serde_json v1.0.140\n   Compiling doc-comment v0.3.3\n   Compiling quote v1.0.40\n   Compiling getrandom v0.2.16\n   Compiling rand_core v0.6.4\n   Compiling ppv-lite86 v0.2.21\n   Compiling rand_chacha v0.3.1\n   Compiling rand v0.8.5\n   Compiling quickcheck v1.0.3\n   Compiling ntest_timeout v0.9.3\n   Compiling ntest_test_cases v0.9.3\n   Compiling ntest v0.9.3\n   Compiling http v1.3.1 (/home/abezbm/rust-utgen-test-crates-new/http)\nwarning: unused import: `self::StandardHeader::Vary`\n    --> src/header/name.rs:1676:9\n     |\n1676 |     use self::StandardHeader::Vary;\n     |         ^^^^^^^^^^^^^^^^^^^^^^^^^^\n     |\n     = note: `#[warn(unused_imports)]` on by default\n\nwarning: unused import: `super::*`\n   --> src/header/value.rs:481:9\n    |\n481 |     use super::*;\n    |         ^^^^^^^^\n\nwarning: unused import: `crate::header::map::HeaderMap`\n   --> src/header/value.rs:482:9\n    |\n482 |     use crate::header::map::HeaderMap;\n    |         ^^^^^^^^^^^^^^^^^^^^^^^^^^^^^\n\nwarning: unused import: `crate::header::name`\n   --> src/header/value.rs:483:9\n    |\n483 |     use crate::header::name;\n    |         ^^^^^^^^^^^^^^^^^^^\n\nwarning: unused import: `super::*`\n   --> src/header/value.rs:568:9\n    |\n568 |     use super::*;\n    |         ^^^^^^^^\n\nwarning: unused import: `crate::header::name`\n   --> src/header/value.rs:569:9\n    |\n569 |     use crate::header::name;\n    |         ^^^^^^^^^^^^^^^^^^^\n\nwarning: unused import: `super::*`\n   --> src/method.rs:424:9\n    |\n424 |     use super::*;\n    |         ^^^^^^^^\n\nwarning: unused import: `super::*`\n    --> src/request.rs:1063:9\n     |\n1063 |     use super::*;\n     |         ^^^^^^^^\n\nwarning: unused import: `super::*`\n   --> src/response.rs:776:9\n    |\n776 |     use super::*;\n    |         ^^^^^^^^\n\nwarning: unused import: `super::*`\n   --> src/uri/authority.rs:533:9\n    |\n533 |     use super::*;\n    |         ^^^^^^^^\n\nwarning: unused import: `super::*`\n   --> src/uri/builder.rs:165:9\n    |\n165 |     use super::*;\n    |         ^^^^^^^^\n\nwarning: unused import: `super::*`\n   --> src/uri/port.rs:115:9\n    |\n115 |     use super::*;\n    |         ^^^^^^^^\n\nwarning: unused import: `ntest::timeout`\n  --> src/version.rs:79:8\n   |\n79 |    use ntest::timeout;\n   |        ^^^^^^^^^^^^^^\n\nwarning: unused import: `super::*`\n   --> src/error.rs:143:9\n    |\n143 |     use super::*;\n    |         ^^^^^^^^\n\nwarning: unused import: `super::*`\n   --> src/lib.rs:197:9\n    |\n197 |     use super::*;\n    |         ^^^^^^^^\n\nerror[E0599]: no method named `fmt` found for struct `llmtests::test_fmt_20::Version` in the current scope\n   --> src/version.rs:116:26\n    |\n96  |     pub struct Version(Http);\n    |     ------------------ method `fmt` not found for this struct\n...\n116 |     let result = version.fmt(&mut fmt::Formatter::new(&mut output));\n    |                          ^^^ method not found in `Version`\n    |\n   ::: /home/abezbm/.rustup/toolchains/nightly-2024-07-21-x86_64-unknown-linux-gnu/lib/rustlib/src/rust/library/core/src/fmt/mod.rs:642:8\n    |\n642 |     fn fmt(&self, f: &mut Formatter<'_>) -> Result;\n    |        --- the method is available for `llmtests::test_fmt_20::Version` here\n    |\n    = help: items from traits can only be used if the trait is in scope\nhelp: trait `Debug` which provides `fmt` is implemented but not in scope; perhaps you want to import it\n    |\n78  +    use std::fmt::Debug;\n    |\n\nerror[E0658]: use of unstable library feature 'fmt_internals': internal to standard library\n   --> src/version.rs:116:35\n    |\n116 |     let result = version.fmt(&mut fmt::Formatter::new(&mut output));\n    |                                   ^^^^^^^^^^^^^^^^^^^\n    |\n    = help: add `#![feature(fmt_internals)]` to the crate attributes to enable\n    = note: this compiler was built on 2024-07-20; consider upgrading it if it is out of date\n\nerror[E0277]: the trait bound `Vec<_>: std::fmt::Write` is not satisfied\n   --> src/version.rs:116:55\n    |\n116 |     let result = version.fmt(&mut fmt::Formatter::new(&mut output));\n    |                                                       ^^^^^^^^^^^ the trait `std::fmt::Write` is not implemented for `Vec<_>`\n    |\n    = help: the following other types implement trait `std::fmt::Write`:\n              &mut W\n              BytesMut\n              Formatter<'_>\n              OsString\n              String\n              core::net::display_buffer::DisplayBuffer<SIZE>\n    = note: required for the cast from `&mut Vec<_>` to `&mut dyn std::fmt::Write`\n\nerror[E0308]: mismatched types\n   --> src/version.rs:103:21\n    |\n47  |     Http09,\n    |     ------ unit variant defined here\n...\n102 |                 match self.0 {\n    |                       ------ this expression has type `llmtests::test_fmt_20::Http`\n103 |                     Http09 => \"HTTP/0.9\",\n    |                     ^^^^^^\n    |                     |\n    |                     expected `llmtests::test_fmt_20::Http`, found `version::Http`\n    |                     `Http09` is interpreted as a unit variant, not a new binding\n    |                     help: introduce a new binding instead: `other_http09`\n    |\n    = note: `version::Http` and `llmtests::test_fmt_20::Http` have similar names, but are actually distinct types\nnote: `version::Http` is defined in module `crate::version` of the current crate\n   --> src/version.rs:46:1\n    |\n46  | enum Http {\n    | ^^^^^^^^^\nnote: `llmtests::test_fmt_20::Http` is defined in module `crate::version::llmtests` of the current crate\n   --> src/version.rs:86:5\n    |\n86  |     enum Http {\n    |     ^^^^^^^^^\n\nerror[E0308]: mismatched types\n   --> src/version.rs:104:21\n    |\n48  |     Http10,\n    |     ------ unit variant defined here\n...\n102 |                 match self.0 {\n    |                       ------ this expression has type `llmtests::test_fmt_20::Http`\n103 |                     Http09 => \"HTTP/0.9\",\n104 |                     Http10 => \"HTTP/1.0\",\n    |                     ^^^^^^\n    |                     |\n    |                     expected `llmtests::test_fmt_20::Http`, found `version::Http`\n    |                     `Http10` is interpreted as a unit variant, not a new binding\n    |                     help: introduce a new binding instead: `other_http10`\n    |\n    = note: `version::Http` and `llmtests::test_fmt_20::Http` have similar names, but are actually distinct types\nnote: `version::Http` is defined in module `crate::version` of the current crate\n   --> src/version.rs:46:1\n    |\n46  | enum Http {\n    | ^^^^^^^^^\nnote: `llmtests::test_fmt_20::Http` is defined in module `crate::version::llmtests` of the current crate\n   --> src/version.rs:86:5\n    |\n86  |     enum Http {\n    |     ^^^^^^^^^\n\nerror[E0308]: mismatched types\n   --> src/version.rs:105:21\n    |\n49  |     Http11,\n    |     ------ unit variant defined here\n...\n102 |                 match self.0 {\n    |                       ------ this expression has type `llmtests::test_fmt_20::Http`\n...\n105 |                     Http11 => \"HTTP/1.1\",\n    |                     ^^^^^^\n    |                     |\n    |                     expected `llmtests::test_fmt_20::Http`, found `version::Http`\n    |                     `Http11` is interpreted as a unit variant, not a new binding\n    |                     help: introduce a new binding instead: `other_http11`\n    |\n    = note: `version::Http` and `llmtests::test_fmt_20::Http` have similar names, but are actually distinct types\nnote: `version::Http` is defined in module `crate::version` of the current crate\n   --> src/version.rs:46:1\n    |\n46  | enum Http {\n    | ^^^^^^^^^\nnote: `llmtests::test_fmt_20::Http` is defined in module `crate::version::llmtests` of the current crate\n   --> src/version.rs:86:5\n    |\n86  |     enum Http {\n    |     ^^^^^^^^^\n\nerror[E0308]: mismatched types\n   --> src/version.rs:106:21\n    |\n50  |     H2,\n    |     -- unit variant defined here\n...\n102 |                 match self.0 {\n    |                       ------ this expression has type `llmtests::test_fmt_20::Http`\n...\n106 |                     H2 => \"HTTP/2.0\",\n    |                     ^^\n    |                     |\n    |                     expected `llmtests::test_fmt_20::Http`, found `version::Http`\n    |                     `H2` is interpreted as a unit variant, not a new binding\n    |                     help: introduce a new binding instead: `other_h2`\n    |\n    = note: `version::Http` and `llmtests::test_fmt_20::Http` have similar names, but are actually distinct types\nnote: `version::Http` is defined in module `crate::version` of the current crate\n   --> src/version.rs:46:1\n    |\n46  | enum Http {\n    | ^^^^^^^^^\nnote: `llmtests::test_fmt_20::Http` is defined in module `crate::version::llmtests` of the current crate\n   --> src/version.rs:86:5\n    |\n86  |     enum Http {\n    |     ^^^^^^^^^\n\nerror[E0308]: mismatched types\n   --> src/version.rs:107:21\n    |\n51  |     H3,\n    |     -- unit variant defined here\n...\n102 |                 match self.0 {\n    |                       ------ this expression has type `llmtests::test_fmt_20::Http`\n...\n107 |                     H3 => \"HTTP/3.0\",\n    |                     ^^\n    |                     |\n    |                     expected `llmtests::test_fmt_20::Http`, found `version::Http`\n    |                     `H3` is interpreted as a unit variant, not a new binding\n    |                     help: introduce a new binding instead: `other_h3`\n    |\n    = note: `version::Http` and `llmtests::test_fmt_20::Http` have similar names, but are actually distinct types\nnote: `version::Http` is defined in module `crate::version` of the current crate\n   --> src/version.rs:46:1\n    |\n46  | enum Http {\n    | ^^^^^^^^^\nnote: `llmtests::test_fmt_20::Http` is defined in module `crate::version::llmtests` of the current crate\n   --> src/version.rs:86:5\n    |\n86  |     enum Http {\n    |     ^^^^^^^^^\n\nerror[E0308]: mismatched types\n   --> src/version.rs:108:21\n    |\n52  |     __NonExhaustive,\n    |     --------------- unit variant defined here\n...\n102 |                 match self.0 {\n    |                       ------ this expression has type `llmtests::test_fmt_20::Http`\n...\n108 |                     __NonExhaustive => unreachable!(),\n    |                     ^^^^^^^^^^^^^^^\n    |                     |\n    |                     expected `llmtests::test_fmt_20::Http`, found `version::Http`\n    |                     `__NonExhaustive` is interpreted as a unit variant, not a new binding\n    |                     help: introduce a new binding instead: `other___nonexhaustive`\n    |\n    = note: `version::Http` and `llmtests::test_fmt_20::Http` have similar names, but are actually distinct types\nnote: `version::Http` is defined in module `crate::version` of the current crate\n   --> src/version.rs:46:1\n    |\n46  | enum Http {\n    | ^^^^^^^^^\nnote: `llmtests::test_fmt_20::Http` is defined in module `crate::version::llmtests` of the current crate\n   --> src/version.rs:86:5\n    |\n86  |     enum Http {\n    |     ^^^^^^^^^\n\nSome errors have detailed explanations: E0277, E0308, E0599, E0658.\nFor more information about an error, try `rustc --explain E0277`.\nwarning: `http` (lib test) generated 15 warnings\nerror: could not compile `http` (lib test) due to 9 previous errors; 15 warnings emitted\n"
                }
              ],
              "repaired": [
                false
              ]
            }
          ]
        }
      ]
    },
    {
      "chain_id": 5,
      "prompt_conds": [
        "// constraint: self.0 matches Http10 is true\n",
        "// constraint: self.0 matches Http10 is true\n"
      ],
      "input_infer": "",
      "answers": [
        {
          "uses": [],
          "has_test_mod": false,
          "common": [],
          "chain_tests": [
            {
              "attrs": [],
              "prefix": [],
              "oracles": [],
              "codes": [
                [
                  "{",
                  "    struct VersionWrapper(Version);",
                  "",
                  "    let version = VersionWrapper(Version(Http::Http10));",
                  "    ",
                  "    let mut output = String::new();",
                  "    let result = version.0.fmt(&mut output);",
                  "",
                  "    assert!(result.is_ok());",
                  "    assert_eq!(output, \"HTTP/1.0\");",
                  "}"
                ]
              ],
              "can_compile": [
                {
                  "Err": "   Compiling libc v0.2.172\n   Compiling proc-macro2 v1.0.95\n   Compiling zerocopy v0.8.25\n   Compiling syn v1.0.109\n   Compiling serde v1.0.219\n   Compiling doc-comment v0.3.3\n   Compiling serde_json v1.0.140\n   Compiling quote v1.0.40\n   Compiling getrandom v0.2.16\n   Compiling rand_core v0.6.4\n   Compiling ppv-lite86 v0.2.21\n   Compiling rand_chacha v0.3.1\n   Compiling rand v0.8.5\n   Compiling quickcheck v1.0.3\n   Compiling ntest_test_cases v0.9.3\n   Compiling ntest_timeout v0.9.3\n   Compiling ntest v0.9.3\n   Compiling http v1.3.1 (/home/abezbm/rust-utgen-test-crates-new/http)\nwarning: unused import: `self::StandardHeader::Vary`\n    --> src/header/name.rs:1676:9\n     |\n1676 |     use self::StandardHeader::Vary;\n     |         ^^^^^^^^^^^^^^^^^^^^^^^^^^\n     |\n     = note: `#[warn(unused_imports)]` on by default\n\nwarning: unused import: `super::*`\n   --> src/header/value.rs:481:9\n    |\n481 |     use super::*;\n    |         ^^^^^^^^\n\nwarning: unused import: `crate::header::map::HeaderMap`\n   --> src/header/value.rs:482:9\n    |\n482 |     use crate::header::map::HeaderMap;\n    |         ^^^^^^^^^^^^^^^^^^^^^^^^^^^^^\n\nwarning: unused import: `crate::header::name`\n   --> src/header/value.rs:483:9\n    |\n483 |     use crate::header::name;\n    |         ^^^^^^^^^^^^^^^^^^^\n\nwarning: unused import: `super::*`\n   --> src/header/value.rs:568:9\n    |\n568 |     use super::*;\n    |         ^^^^^^^^\n\nwarning: unused import: `crate::header::name`\n   --> src/header/value.rs:569:9\n    |\n569 |     use crate::header::name;\n    |         ^^^^^^^^^^^^^^^^^^^\n\nwarning: unused import: `super::*`\n   --> src/method.rs:424:9\n    |\n424 |     use super::*;\n    |         ^^^^^^^^\n\nwarning: unused import: `super::*`\n    --> src/request.rs:1063:9\n     |\n1063 |     use super::*;\n     |         ^^^^^^^^\n\nwarning: unused import: `super::*`\n   --> src/response.rs:776:9\n    |\n776 |     use super::*;\n    |         ^^^^^^^^\n\nwarning: unused import: `super::*`\n   --> src/uri/authority.rs:533:9\n    |\n533 |     use super::*;\n    |         ^^^^^^^^\n\nwarning: unused import: `super::*`\n   --> src/uri/builder.rs:165:9\n    |\n165 |     use super::*;\n    |         ^^^^^^^^\n\nwarning: unused import: `super::*`\n   --> src/uri/port.rs:115:9\n    |\n115 |     use super::*;\n    |         ^^^^^^^^\n\nwarning: unused import: `ntest::timeout`\n  --> src/version.rs:79:8\n   |\n79 |    use ntest::timeout;\n   |        ^^^^^^^^^^^^^^\n\nwarning: unused import: `super::*`\n   --> src/error.rs:143:9\n    |\n143 |     use super::*;\n    |         ^^^^^^^^\n\nwarning: unused import: `super::*`\n   --> src/lib.rs:197:9\n    |\n197 |     use super::*;\n    |         ^^^^^^^^\n\nerror[E0599]: no method named `fmt` found for struct `version::Version` in the current scope\n   --> src/version.rs:88:28\n    |\n26  | pub struct Version(Http);\n    | ------------------ method `fmt` not found for this struct\n...\n88  |     let result = version.0.fmt(&mut output);\n    |                            ^^^ method not found in `Version`\n    |\n   ::: /home/abezbm/.rustup/toolchains/nightly-2024-07-21-x86_64-unknown-linux-gnu/lib/rustlib/src/rust/library/core/src/fmt/mod.rs:642:8\n    |\n642 |     fn fmt(&self, f: &mut Formatter<'_>) -> Result;\n    |        --- the method is available for `version::Version` here\n    |\n    = help: items from traits can only be used if the trait is in scope\nhelp: trait `Debug` which provides `fmt` is implemented but not in scope; perhaps you want to import it\n    |\n78  +    use std::fmt::Debug;\n    |\n\nFor more information about this error, try `rustc --explain E0599`.\nwarning: `http` (lib test) generated 15 warnings\nerror: could not compile `http` (lib test) due to 1 previous error; 15 warnings emitted\n"
                }
              ],
              "repaired": [
                false
              ]
            },
            {
              "attrs": [],
              "prefix": [],
              "oracles": [],
              "codes": [
                [
                  "{",
                  "    struct VersionWrapper(Version);",
                  "",
                  "    let version = VersionWrapper(Version(Http::Http11));",
                  "    ",
                  "    let mut output = String::new();",
                  "    let result = version.0.fmt(&mut output);",
                  "",
                  "    assert!(result.is_ok());",
                  "    assert_eq!(output, \"HTTP/1.1\");",
                  "}"
                ]
              ],
              "can_compile": [
                {
                  "Err": "   Compiling proc-macro2 v1.0.95\n   Compiling libc v0.2.172\n   Compiling zerocopy v0.8.25\n   Compiling syn v1.0.109\n   Compiling serde v1.0.219\n   Compiling serde_json v1.0.140\n   Compiling doc-comment v0.3.3\n   Compiling quote v1.0.40\n   Compiling getrandom v0.2.16\n   Compiling rand_core v0.6.4\n   Compiling ppv-lite86 v0.2.21\n   Compiling rand_chacha v0.3.1\n   Compiling rand v0.8.5\n   Compiling quickcheck v1.0.3\n   Compiling ntest_test_cases v0.9.3\n   Compiling ntest_timeout v0.9.3\n   Compiling ntest v0.9.3\n   Compiling http v1.3.1 (/home/abezbm/rust-utgen-test-crates-new/http)\nwarning: unused import: `self::StandardHeader::Vary`\n    --> src/header/name.rs:1676:9\n     |\n1676 |     use self::StandardHeader::Vary;\n     |         ^^^^^^^^^^^^^^^^^^^^^^^^^^\n     |\n     = note: `#[warn(unused_imports)]` on by default\n\nwarning: unused import: `super::*`\n   --> src/header/value.rs:481:9\n    |\n481 |     use super::*;\n    |         ^^^^^^^^\n\nwarning: unused import: `crate::header::map::HeaderMap`\n   --> src/header/value.rs:482:9\n    |\n482 |     use crate::header::map::HeaderMap;\n    |         ^^^^^^^^^^^^^^^^^^^^^^^^^^^^^\n\nwarning: unused import: `crate::header::name`\n   --> src/header/value.rs:483:9\n    |\n483 |     use crate::header::name;\n    |         ^^^^^^^^^^^^^^^^^^^\n\nwarning: unused import: `super::*`\n   --> src/header/value.rs:568:9\n    |\n568 |     use super::*;\n    |         ^^^^^^^^\n\nwarning: unused import: `crate::header::name`\n   --> src/header/value.rs:569:9\n    |\n569 |     use crate::header::name;\n    |         ^^^^^^^^^^^^^^^^^^^\n\nwarning: unused import: `super::*`\n   --> src/method.rs:424:9\n    |\n424 |     use super::*;\n    |         ^^^^^^^^\n\nwarning: unused import: `super::*`\n    --> src/request.rs:1063:9\n     |\n1063 |     use super::*;\n     |         ^^^^^^^^\n\nwarning: unused import: `super::*`\n   --> src/response.rs:776:9\n    |\n776 |     use super::*;\n    |         ^^^^^^^^\n\nwarning: unused import: `super::*`\n   --> src/uri/authority.rs:533:9\n    |\n533 |     use super::*;\n    |         ^^^^^^^^\n\nwarning: unused import: `super::*`\n   --> src/uri/builder.rs:165:9\n    |\n165 |     use super::*;\n    |         ^^^^^^^^\n\nwarning: unused import: `super::*`\n   --> src/uri/port.rs:115:9\n    |\n115 |     use super::*;\n    |         ^^^^^^^^\n\nwarning: unused import: `ntest::timeout`\n  --> src/version.rs:79:8\n   |\n79 |    use ntest::timeout;\n   |        ^^^^^^^^^^^^^^\n\nwarning: unused import: `super::*`\n   --> src/error.rs:143:9\n    |\n143 |     use super::*;\n    |         ^^^^^^^^\n\nwarning: unused import: `super::*`\n   --> src/lib.rs:197:9\n    |\n197 |     use super::*;\n    |         ^^^^^^^^\n\nerror[E0599]: no method named `fmt` found for struct `version::Version` in the current scope\n   --> src/version.rs:88:28\n    |\n26  | pub struct Version(Http);\n    | ------------------ method `fmt` not found for this struct\n...\n88  |     let result = version.0.fmt(&mut output);\n    |                            ^^^ method not found in `Version`\n    |\n   ::: /home/abezbm/.rustup/toolchains/nightly-2024-07-21-x86_64-unknown-linux-gnu/lib/rustlib/src/rust/library/core/src/fmt/mod.rs:642:8\n    |\n642 |     fn fmt(&self, f: &mut Formatter<'_>) -> Result;\n    |        --- the method is available for `version::Version` here\n    |\n    = help: items from traits can only be used if the trait is in scope\nhelp: trait `Debug` which provides `fmt` is implemented but not in scope; perhaps you want to import it\n    |\n78  +    use std::fmt::Debug;\n    |\n\nFor more information about this error, try `rustc --explain E0599`.\nwarning: `http` (lib test) generated 15 warnings\nerror: could not compile `http` (lib test) due to 1 previous error; 15 warnings emitted\n"
                }
              ],
              "repaired": [
                false
              ]
            },
            {
              "attrs": [],
              "prefix": [],
              "oracles": [],
              "codes": [
                [
                  "{",
                  "    struct VersionWrapper(Version);",
                  "",
                  "    let version = VersionWrapper(Version(Http::Http09));",
                  "    ",
                  "    let mut output = String::new();",
                  "    let result = version.0.fmt(&mut output);",
                  "",
                  "    assert!(result.is_ok());",
                  "    assert_eq!(output, \"HTTP/0.9\");",
                  "}"
                ]
              ],
              "can_compile": [
                {
                  "Err": "   Compiling libc v0.2.172\n   Compiling proc-macro2 v1.0.95\n   Compiling zerocopy v0.8.25\n   Compiling syn v1.0.109\n   Compiling serde v1.0.219\n   Compiling serde_json v1.0.140\n   Compiling doc-comment v0.3.3\n   Compiling quote v1.0.40\n   Compiling getrandom v0.2.16\n   Compiling rand_core v0.6.4\n   Compiling ppv-lite86 v0.2.21\n   Compiling rand_chacha v0.3.1\n   Compiling rand v0.8.5\n   Compiling quickcheck v1.0.3\n   Compiling ntest_test_cases v0.9.3\n   Compiling ntest_timeout v0.9.3\n   Compiling ntest v0.9.3\n   Compiling http v1.3.1 (/home/abezbm/rust-utgen-test-crates-new/http)\nwarning: unused import: `self::StandardHeader::Vary`\n    --> src/header/name.rs:1676:9\n     |\n1676 |     use self::StandardHeader::Vary;\n     |         ^^^^^^^^^^^^^^^^^^^^^^^^^^\n     |\n     = note: `#[warn(unused_imports)]` on by default\n\nwarning: unused import: `super::*`\n   --> src/header/value.rs:481:9\n    |\n481 |     use super::*;\n    |         ^^^^^^^^\n\nwarning: unused import: `crate::header::map::HeaderMap`\n   --> src/header/value.rs:482:9\n    |\n482 |     use crate::header::map::HeaderMap;\n    |         ^^^^^^^^^^^^^^^^^^^^^^^^^^^^^\n\nwarning: unused import: `crate::header::name`\n   --> src/header/value.rs:483:9\n    |\n483 |     use crate::header::name;\n    |         ^^^^^^^^^^^^^^^^^^^\n\nwarning: unused import: `super::*`\n   --> src/header/value.rs:568:9\n    |\n568 |     use super::*;\n    |         ^^^^^^^^\n\nwarning: unused import: `crate::header::name`\n   --> src/header/value.rs:569:9\n    |\n569 |     use crate::header::name;\n    |         ^^^^^^^^^^^^^^^^^^^\n\nwarning: unused import: `super::*`\n   --> src/method.rs:424:9\n    |\n424 |     use super::*;\n    |         ^^^^^^^^\n\nwarning: unused import: `super::*`\n    --> src/request.rs:1063:9\n     |\n1063 |     use super::*;\n     |         ^^^^^^^^\n\nwarning: unused import: `super::*`\n   --> src/response.rs:776:9\n    |\n776 |     use super::*;\n    |         ^^^^^^^^\n\nwarning: unused import: `super::*`\n   --> src/uri/authority.rs:533:9\n    |\n533 |     use super::*;\n    |         ^^^^^^^^\n\nwarning: unused import: `super::*`\n   --> src/uri/builder.rs:165:9\n    |\n165 |     use super::*;\n    |         ^^^^^^^^\n\nwarning: unused import: `super::*`\n   --> src/uri/port.rs:115:9\n    |\n115 |     use super::*;\n    |         ^^^^^^^^\n\nwarning: unused import: `ntest::timeout`\n  --> src/version.rs:79:8\n   |\n79 |    use ntest::timeout;\n   |        ^^^^^^^^^^^^^^\n\nwarning: unused import: `super::*`\n   --> src/error.rs:143:9\n    |\n143 |     use super::*;\n    |         ^^^^^^^^\n\nwarning: unused import: `super::*`\n   --> src/lib.rs:197:9\n    |\n197 |     use super::*;\n    |         ^^^^^^^^\n\nerror[E0599]: no method named `fmt` found for struct `version::Version` in the current scope\n   --> src/version.rs:88:28\n    |\n26  | pub struct Version(Http);\n    | ------------------ method `fmt` not found for this struct\n...\n88  |     let result = version.0.fmt(&mut output);\n    |                            ^^^ method not found in `Version`\n    |\n   ::: /home/abezbm/.rustup/toolchains/nightly-2024-07-21-x86_64-unknown-linux-gnu/lib/rustlib/src/rust/library/core/src/fmt/mod.rs:642:8\n    |\n642 |     fn fmt(&self, f: &mut Formatter<'_>) -> Result;\n    |        --- the method is available for `version::Version` here\n    |\n    = help: items from traits can only be used if the trait is in scope\nhelp: trait `Debug` which provides `fmt` is implemented but not in scope; perhaps you want to import it\n    |\n78  +    use std::fmt::Debug;\n    |\n\nFor more information about this error, try `rustc --explain E0599`.\nwarning: `http` (lib test) generated 15 warnings\nerror: could not compile `http` (lib test) due to 1 previous error; 15 warnings emitted\n"
                }
              ],
              "repaired": [
                false
              ]
            },
            {
              "attrs": [],
              "prefix": [],
              "oracles": [],
              "codes": [
                [
                  "{",
                  "    struct VersionWrapper(Version);",
                  "",
                  "    let version = VersionWrapper(Version(Http::H2));",
                  "    ",
                  "    let mut output = String::new();",
                  "    let result = version.0.fmt(&mut output);",
                  "",
                  "    assert!(result.is_ok());",
                  "    assert_eq!(output, \"HTTP/2.0\");",
                  "}"
                ]
              ],
              "can_compile": [
                {
                  "Err": "   Compiling libc v0.2.172\n   Compiling proc-macro2 v1.0.95\n   Compiling zerocopy v0.8.25\n   Compiling syn v1.0.109\n   Compiling serde v1.0.219\n   Compiling serde_json v1.0.140\n   Compiling doc-comment v0.3.3\n   Compiling quote v1.0.40\n   Compiling getrandom v0.2.16\n   Compiling rand_core v0.6.4\n   Compiling ppv-lite86 v0.2.21\n   Compiling rand_chacha v0.3.1\n   Compiling rand v0.8.5\n   Compiling quickcheck v1.0.3\n   Compiling ntest_timeout v0.9.3\n   Compiling ntest_test_cases v0.9.3\n   Compiling ntest v0.9.3\n   Compiling http v1.3.1 (/home/abezbm/rust-utgen-test-crates-new/http)\nwarning: unused import: `self::StandardHeader::Vary`\n    --> src/header/name.rs:1676:9\n     |\n1676 |     use self::StandardHeader::Vary;\n     |         ^^^^^^^^^^^^^^^^^^^^^^^^^^\n     |\n     = note: `#[warn(unused_imports)]` on by default\n\nwarning: unused import: `super::*`\n   --> src/header/value.rs:481:9\n    |\n481 |     use super::*;\n    |         ^^^^^^^^\n\nwarning: unused import: `crate::header::map::HeaderMap`\n   --> src/header/value.rs:482:9\n    |\n482 |     use crate::header::map::HeaderMap;\n    |         ^^^^^^^^^^^^^^^^^^^^^^^^^^^^^\n\nwarning: unused import: `crate::header::name`\n   --> src/header/value.rs:483:9\n    |\n483 |     use crate::header::name;\n    |         ^^^^^^^^^^^^^^^^^^^\n\nwarning: unused import: `super::*`\n   --> src/header/value.rs:568:9\n    |\n568 |     use super::*;\n    |         ^^^^^^^^\n\nwarning: unused import: `crate::header::name`\n   --> src/header/value.rs:569:9\n    |\n569 |     use crate::header::name;\n    |         ^^^^^^^^^^^^^^^^^^^\n\nwarning: unused import: `super::*`\n   --> src/method.rs:424:9\n    |\n424 |     use super::*;\n    |         ^^^^^^^^\n\nwarning: unused import: `super::*`\n    --> src/request.rs:1063:9\n     |\n1063 |     use super::*;\n     |         ^^^^^^^^\n\nwarning: unused import: `super::*`\n   --> src/response.rs:776:9\n    |\n776 |     use super::*;\n    |         ^^^^^^^^\n\nwarning: unused import: `super::*`\n   --> src/uri/authority.rs:533:9\n    |\n533 |     use super::*;\n    |         ^^^^^^^^\n\nwarning: unused import: `super::*`\n   --> src/uri/builder.rs:165:9\n    |\n165 |     use super::*;\n    |         ^^^^^^^^\n\nwarning: unused import: `super::*`\n   --> src/uri/port.rs:115:9\n    |\n115 |     use super::*;\n    |         ^^^^^^^^\n\nwarning: unused import: `ntest::timeout`\n  --> src/version.rs:79:8\n   |\n79 |    use ntest::timeout;\n   |        ^^^^^^^^^^^^^^\n\nwarning: unused import: `super::*`\n   --> src/error.rs:143:9\n    |\n143 |     use super::*;\n    |         ^^^^^^^^\n\nwarning: unused import: `super::*`\n   --> src/lib.rs:197:9\n    |\n197 |     use super::*;\n    |         ^^^^^^^^\n\nerror[E0599]: no method named `fmt` found for struct `version::Version` in the current scope\n   --> src/version.rs:88:28\n    |\n26  | pub struct Version(Http);\n    | ------------------ method `fmt` not found for this struct\n...\n88  |     let result = version.0.fmt(&mut output);\n    |                            ^^^ method not found in `Version`\n    |\n   ::: /home/abezbm/.rustup/toolchains/nightly-2024-07-21-x86_64-unknown-linux-gnu/lib/rustlib/src/rust/library/core/src/fmt/mod.rs:642:8\n    |\n642 |     fn fmt(&self, f: &mut Formatter<'_>) -> Result;\n    |        --- the method is available for `version::Version` here\n    |\n    = help: items from traits can only be used if the trait is in scope\nhelp: trait `Debug` which provides `fmt` is implemented but not in scope; perhaps you want to import it\n    |\n78  +    use std::fmt::Debug;\n    |\n\nFor more information about this error, try `rustc --explain E0599`.\nwarning: `http` (lib test) generated 15 warnings\nerror: could not compile `http` (lib test) due to 1 previous error; 15 warnings emitted\n"
                }
              ],
              "repaired": [
                false
              ]
            },
            {
              "attrs": [],
              "prefix": [],
              "oracles": [],
              "codes": [
                [
                  "{",
                  "    struct VersionWrapper(Version);",
                  "",
                  "    let version = VersionWrapper(Version(Http::H3));",
                  "    ",
                  "    let mut output = String::new();",
                  "    let result = version.0.fmt(&mut output);",
                  "",
                  "    assert!(result.is_ok());",
                  "    assert_eq!(output, \"HTTP/3.0\");",
                  "}"
                ]
              ],
              "can_compile": [
                {
                  "Err": "   Compiling libc v0.2.172\n   Compiling proc-macro2 v1.0.95\n   Compiling zerocopy v0.8.25\n   Compiling syn v1.0.109\n   Compiling serde v1.0.219\n   Compiling doc-comment v0.3.3\n   Compiling serde_json v1.0.140\n   Compiling quote v1.0.40\n   Compiling getrandom v0.2.16\n   Compiling rand_core v0.6.4\n   Compiling ppv-lite86 v0.2.21\n   Compiling rand_chacha v0.3.1\n   Compiling rand v0.8.5\n   Compiling quickcheck v1.0.3\n   Compiling ntest_test_cases v0.9.3\n   Compiling ntest_timeout v0.9.3\n   Compiling ntest v0.9.3\n   Compiling http v1.3.1 (/home/abezbm/rust-utgen-test-crates-new/http)\nwarning: unused import: `self::StandardHeader::Vary`\n    --> src/header/name.rs:1676:9\n     |\n1676 |     use self::StandardHeader::Vary;\n     |         ^^^^^^^^^^^^^^^^^^^^^^^^^^\n     |\n     = note: `#[warn(unused_imports)]` on by default\n\nwarning: unused import: `super::*`\n   --> src/header/value.rs:481:9\n    |\n481 |     use super::*;\n    |         ^^^^^^^^\n\nwarning: unused import: `crate::header::map::HeaderMap`\n   --> src/header/value.rs:482:9\n    |\n482 |     use crate::header::map::HeaderMap;\n    |         ^^^^^^^^^^^^^^^^^^^^^^^^^^^^^\n\nwarning: unused import: `crate::header::name`\n   --> src/header/value.rs:483:9\n    |\n483 |     use crate::header::name;\n    |         ^^^^^^^^^^^^^^^^^^^\n\nwarning: unused import: `super::*`\n   --> src/header/value.rs:568:9\n    |\n568 |     use super::*;\n    |         ^^^^^^^^\n\nwarning: unused import: `crate::header::name`\n   --> src/header/value.rs:569:9\n    |\n569 |     use crate::header::name;\n    |         ^^^^^^^^^^^^^^^^^^^\n\nwarning: unused import: `super::*`\n   --> src/method.rs:424:9\n    |\n424 |     use super::*;\n    |         ^^^^^^^^\n\nwarning: unused import: `super::*`\n    --> src/request.rs:1063:9\n     |\n1063 |     use super::*;\n     |         ^^^^^^^^\n\nwarning: unused import: `super::*`\n   --> src/response.rs:776:9\n    |\n776 |     use super::*;\n    |         ^^^^^^^^\n\nwarning: unused import: `super::*`\n   --> src/uri/authority.rs:533:9\n    |\n533 |     use super::*;\n    |         ^^^^^^^^\n\nwarning: unused import: `super::*`\n   --> src/uri/builder.rs:165:9\n    |\n165 |     use super::*;\n    |         ^^^^^^^^\n\nwarning: unused import: `super::*`\n   --> src/uri/port.rs:115:9\n    |\n115 |     use super::*;\n    |         ^^^^^^^^\n\nwarning: unused import: `ntest::timeout`\n  --> src/version.rs:79:8\n   |\n79 |    use ntest::timeout;\n   |        ^^^^^^^^^^^^^^\n\nwarning: unused import: `super::*`\n   --> src/error.rs:143:9\n    |\n143 |     use super::*;\n    |         ^^^^^^^^\n\nwarning: unused import: `super::*`\n   --> src/lib.rs:197:9\n    |\n197 |     use super::*;\n    |         ^^^^^^^^\n\nerror[E0599]: no method named `fmt` found for struct `version::Version` in the current scope\n   --> src/version.rs:88:28\n    |\n26  | pub struct Version(Http);\n    | ------------------ method `fmt` not found for this struct\n...\n88  |     let result = version.0.fmt(&mut output);\n    |                            ^^^ method not found in `Version`\n    |\n   ::: /home/abezbm/.rustup/toolchains/nightly-2024-07-21-x86_64-unknown-linux-gnu/lib/rustlib/src/rust/library/core/src/fmt/mod.rs:642:8\n    |\n642 |     fn fmt(&self, f: &mut Formatter<'_>) -> Result;\n    |        --- the method is available for `version::Version` here\n    |\n    = help: items from traits can only be used if the trait is in scope\nhelp: trait `Debug` which provides `fmt` is implemented but not in scope; perhaps you want to import it\n    |\n78  +    use std::fmt::Debug;\n    |\n\nFor more information about this error, try `rustc --explain E0599`.\nwarning: `http` (lib test) generated 15 warnings\nerror: could not compile `http` (lib test) due to 1 previous error; 15 warnings emitted\n"
                }
              ],
              "repaired": [
                false
              ]
            }
          ]
        }
      ]
    },
    {
      "chain_id": 6,
      "prompt_conds": [
        "// constraint: self.0 matches Http09 is true\n",
        "// constraint: self.0 matches Http09 is true\n"
      ],
      "input_infer": "",
      "answers": [
        {
          "uses": [],
          "has_test_mod": false,
          "common": [
            "// Since __NonExhaustive should never be called in normal circumstances,",
            "// we won't create a test for that case, as it should trigger unreachable!() and panic."
          ],
          "chain_tests": [
            {
              "attrs": [],
              "prefix": [],
              "oracles": [],
              "codes": [
                [
                  "{",
                  "    // Create an instance of Version with the Http enum variant Http09",
                  "    let version = Version(Http::Http09);",
                  "    let mut output = String::new();",
                  "    let result = version.fmt(&mut output);",
                  "",
                  "    // Assert that the operation is successful",
                  "    assert!(result.is_ok());",
                  "    // Check that the output is as expected",
                  "    assert_eq!(output, \"HTTP/0.9\");",
                  "}"
                ]
              ],
              "can_compile": [
                {
                  "Err": "   Compiling proc-macro2 v1.0.95\n   Compiling libc v0.2.172\n   Compiling zerocopy v0.8.25\n   Compiling syn v1.0.109\n   Compiling serde v1.0.219\n   Compiling serde_json v1.0.140\n   Compiling doc-comment v0.3.3\n   Compiling quote v1.0.40\n   Compiling getrandom v0.2.16\n   Compiling rand_core v0.6.4\n   Compiling ppv-lite86 v0.2.21\n   Compiling rand_chacha v0.3.1\n   Compiling rand v0.8.5\n   Compiling quickcheck v1.0.3\n   Compiling ntest_test_cases v0.9.3\n   Compiling ntest_timeout v0.9.3\n   Compiling ntest v0.9.3\n   Compiling http v1.3.1 (/home/abezbm/rust-utgen-test-crates-new/http)\nwarning: unused import: `self::StandardHeader::Vary`\n    --> src/header/name.rs:1676:9\n     |\n1676 |     use self::StandardHeader::Vary;\n     |         ^^^^^^^^^^^^^^^^^^^^^^^^^^\n     |\n     = note: `#[warn(unused_imports)]` on by default\n\nwarning: unused import: `super::*`\n   --> src/header/value.rs:481:9\n    |\n481 |     use super::*;\n    |         ^^^^^^^^\n\nwarning: unused import: `crate::header::map::HeaderMap`\n   --> src/header/value.rs:482:9\n    |\n482 |     use crate::header::map::HeaderMap;\n    |         ^^^^^^^^^^^^^^^^^^^^^^^^^^^^^\n\nwarning: unused import: `crate::header::name`\n   --> src/header/value.rs:483:9\n    |\n483 |     use crate::header::name;\n    |         ^^^^^^^^^^^^^^^^^^^\n\nwarning: unused import: `super::*`\n   --> src/header/value.rs:568:9\n    |\n568 |     use super::*;\n    |         ^^^^^^^^\n\nwarning: unused import: `crate::header::name`\n   --> src/header/value.rs:569:9\n    |\n569 |     use crate::header::name;\n    |         ^^^^^^^^^^^^^^^^^^^\n\nwarning: unused import: `super::*`\n   --> src/method.rs:424:9\n    |\n424 |     use super::*;\n    |         ^^^^^^^^\n\nwarning: unused import: `super::*`\n    --> src/request.rs:1063:9\n     |\n1063 |     use super::*;\n     |         ^^^^^^^^\n\nwarning: unused import: `super::*`\n   --> src/response.rs:776:9\n    |\n776 |     use super::*;\n    |         ^^^^^^^^\n\nwarning: unused import: `super::*`\n   --> src/uri/authority.rs:533:9\n    |\n533 |     use super::*;\n    |         ^^^^^^^^\n\nwarning: unused import: `super::*`\n   --> src/uri/builder.rs:165:9\n    |\n165 |     use super::*;\n    |         ^^^^^^^^\n\nwarning: unused import: `super::*`\n   --> src/uri/port.rs:115:9\n    |\n115 |     use super::*;\n    |         ^^^^^^^^\n\nwarning: unused import: `ntest::timeout`\n  --> src/version.rs:79:8\n   |\n79 |    use ntest::timeout;\n   |        ^^^^^^^^^^^^^^\n\nwarning: unused import: `super::*`\n   --> src/error.rs:143:9\n    |\n143 |     use super::*;\n    |         ^^^^^^^^\n\nwarning: unused import: `super::*`\n   --> src/lib.rs:197:9\n    |\n197 |     use super::*;\n    |         ^^^^^^^^\n\nerror[E0599]: no method named `fmt` found for struct `version::Version` in the current scope\n   --> src/version.rs:89:26\n    |\n26  | pub struct Version(Http);\n    | ------------------ method `fmt` not found for this struct\n...\n89  |     let result = version.fmt(&mut output);\n    |                          ^^^ method not found in `Version`\n    |\n   ::: /home/abezbm/.rustup/toolchains/nightly-2024-07-21-x86_64-unknown-linux-gnu/lib/rustlib/src/rust/library/core/src/fmt/mod.rs:642:8\n    |\n642 |     fn fmt(&self, f: &mut Formatter<'_>) -> Result;\n    |        --- the method is available for `version::Version` here\n    |\n    = help: items from traits can only be used if the trait is in scope\nhelp: trait `Debug` which provides `fmt` is implemented but not in scope; perhaps you want to import it\n    |\n78  +    use std::fmt::Debug;\n    |\n\nFor more information about this error, try `rustc --explain E0599`.\nwarning: `http` (lib test) generated 15 warnings\nerror: could not compile `http` (lib test) due to 1 previous error; 15 warnings emitted\n"
                }
              ],
              "repaired": [
                false
              ]
            },
            {
              "attrs": [],
              "prefix": [],
              "oracles": [],
              "codes": [
                [
                  "{",
                  "    let version = Version(Http::Http10);",
                  "    let mut output = String::new();",
                  "    let result = version.fmt(&mut output);",
                  "",
                  "    assert!(result.is_ok());",
                  "    assert_eq!(output, \"HTTP/1.0\");",
                  "}"
                ]
              ],
              "can_compile": [
                {
                  "Err": "   Compiling libc v0.2.172\n   Compiling proc-macro2 v1.0.95\n   Compiling zerocopy v0.8.25\n   Compiling syn v1.0.109\n   Compiling serde v1.0.219\n   Compiling doc-comment v0.3.3\n   Compiling serde_json v1.0.140\n   Compiling quote v1.0.40\n   Compiling getrandom v0.2.16\n   Compiling rand_core v0.6.4\n   Compiling ppv-lite86 v0.2.21\n   Compiling rand_chacha v0.3.1\n   Compiling rand v0.8.5\n   Compiling quickcheck v1.0.3\n   Compiling ntest_test_cases v0.9.3\n   Compiling ntest_timeout v0.9.3\n   Compiling ntest v0.9.3\n   Compiling http v1.3.1 (/home/abezbm/rust-utgen-test-crates-new/http)\nwarning: unused import: `self::StandardHeader::Vary`\n    --> src/header/name.rs:1676:9\n     |\n1676 |     use self::StandardHeader::Vary;\n     |         ^^^^^^^^^^^^^^^^^^^^^^^^^^\n     |\n     = note: `#[warn(unused_imports)]` on by default\n\nwarning: unused import: `super::*`\n   --> src/header/value.rs:481:9\n    |\n481 |     use super::*;\n    |         ^^^^^^^^\n\nwarning: unused import: `crate::header::map::HeaderMap`\n   --> src/header/value.rs:482:9\n    |\n482 |     use crate::header::map::HeaderMap;\n    |         ^^^^^^^^^^^^^^^^^^^^^^^^^^^^^\n\nwarning: unused import: `crate::header::name`\n   --> src/header/value.rs:483:9\n    |\n483 |     use crate::header::name;\n    |         ^^^^^^^^^^^^^^^^^^^\n\nwarning: unused import: `super::*`\n   --> src/header/value.rs:568:9\n    |\n568 |     use super::*;\n    |         ^^^^^^^^\n\nwarning: unused import: `crate::header::name`\n   --> src/header/value.rs:569:9\n    |\n569 |     use crate::header::name;\n    |         ^^^^^^^^^^^^^^^^^^^\n\nwarning: unused import: `super::*`\n   --> src/method.rs:424:9\n    |\n424 |     use super::*;\n    |         ^^^^^^^^\n\nwarning: unused import: `super::*`\n    --> src/request.rs:1063:9\n     |\n1063 |     use super::*;\n     |         ^^^^^^^^\n\nwarning: unused import: `super::*`\n   --> src/response.rs:776:9\n    |\n776 |     use super::*;\n    |         ^^^^^^^^\n\nwarning: unused import: `super::*`\n   --> src/uri/authority.rs:533:9\n    |\n533 |     use super::*;\n    |         ^^^^^^^^\n\nwarning: unused import: `super::*`\n   --> src/uri/builder.rs:165:9\n    |\n165 |     use super::*;\n    |         ^^^^^^^^\n\nwarning: unused import: `super::*`\n   --> src/uri/port.rs:115:9\n    |\n115 |     use super::*;\n    |         ^^^^^^^^\n\nwarning: unused import: `ntest::timeout`\n  --> src/version.rs:79:8\n   |\n79 |    use ntest::timeout;\n   |        ^^^^^^^^^^^^^^\n\nwarning: unused import: `super::*`\n   --> src/error.rs:143:9\n    |\n143 |     use super::*;\n    |         ^^^^^^^^\n\nwarning: unused import: `super::*`\n   --> src/lib.rs:197:9\n    |\n197 |     use super::*;\n    |         ^^^^^^^^\n\nerror[E0599]: no method named `fmt` found for struct `version::Version` in the current scope\n   --> src/version.rs:88:26\n    |\n26  | pub struct Version(Http);\n    | ------------------ method `fmt` not found for this struct\n...\n88  |     let result = version.fmt(&mut output);\n    |                          ^^^ method not found in `Version`\n    |\n   ::: /home/abezbm/.rustup/toolchains/nightly-2024-07-21-x86_64-unknown-linux-gnu/lib/rustlib/src/rust/library/core/src/fmt/mod.rs:642:8\n    |\n642 |     fn fmt(&self, f: &mut Formatter<'_>) -> Result;\n    |        --- the method is available for `version::Version` here\n    |\n    = help: items from traits can only be used if the trait is in scope\nhelp: trait `Debug` which provides `fmt` is implemented but not in scope; perhaps you want to import it\n    |\n78  +    use std::fmt::Debug;\n    |\n\nFor more information about this error, try `rustc --explain E0599`.\nwarning: `http` (lib test) generated 15 warnings\nerror: could not compile `http` (lib test) due to 1 previous error; 15 warnings emitted\n"
                }
              ],
              "repaired": [
                false
              ]
            },
            {
              "attrs": [],
              "prefix": [],
              "oracles": [],
              "codes": [
                [
                  "{",
                  "    let version = Version(Http::Http11);",
                  "    let mut output = String::new();",
                  "    let result = version.fmt(&mut output);",
                  "",
                  "    assert!(result.is_ok());",
                  "    assert_eq!(output, \"HTTP/1.1\");",
                  "}"
                ]
              ],
              "can_compile": [
                {
                  "Err": "   Compiling libc v0.2.172\n   Compiling proc-macro2 v1.0.95\n   Compiling zerocopy v0.8.25\n   Compiling syn v1.0.109\n   Compiling serde v1.0.219\n   Compiling doc-comment v0.3.3\n   Compiling serde_json v1.0.140\n   Compiling quote v1.0.40\n   Compiling getrandom v0.2.16\n   Compiling rand_core v0.6.4\n   Compiling ppv-lite86 v0.2.21\n   Compiling rand_chacha v0.3.1\n   Compiling rand v0.8.5\n   Compiling quickcheck v1.0.3\n   Compiling ntest_timeout v0.9.3\n   Compiling ntest_test_cases v0.9.3\n   Compiling ntest v0.9.3\n   Compiling http v1.3.1 (/home/abezbm/rust-utgen-test-crates-new/http)\nwarning: unused import: `self::StandardHeader::Vary`\n    --> src/header/name.rs:1676:9\n     |\n1676 |     use self::StandardHeader::Vary;\n     |         ^^^^^^^^^^^^^^^^^^^^^^^^^^\n     |\n     = note: `#[warn(unused_imports)]` on by default\n\nwarning: unused import: `super::*`\n   --> src/header/value.rs:481:9\n    |\n481 |     use super::*;\n    |         ^^^^^^^^\n\nwarning: unused import: `crate::header::map::HeaderMap`\n   --> src/header/value.rs:482:9\n    |\n482 |     use crate::header::map::HeaderMap;\n    |         ^^^^^^^^^^^^^^^^^^^^^^^^^^^^^\n\nwarning: unused import: `crate::header::name`\n   --> src/header/value.rs:483:9\n    |\n483 |     use crate::header::name;\n    |         ^^^^^^^^^^^^^^^^^^^\n\nwarning: unused import: `super::*`\n   --> src/header/value.rs:568:9\n    |\n568 |     use super::*;\n    |         ^^^^^^^^\n\nwarning: unused import: `crate::header::name`\n   --> src/header/value.rs:569:9\n    |\n569 |     use crate::header::name;\n    |         ^^^^^^^^^^^^^^^^^^^\n\nwarning: unused import: `super::*`\n   --> src/method.rs:424:9\n    |\n424 |     use super::*;\n    |         ^^^^^^^^\n\nwarning: unused import: `super::*`\n    --> src/request.rs:1063:9\n     |\n1063 |     use super::*;\n     |         ^^^^^^^^\n\nwarning: unused import: `super::*`\n   --> src/response.rs:776:9\n    |\n776 |     use super::*;\n    |         ^^^^^^^^\n\nwarning: unused import: `super::*`\n   --> src/uri/authority.rs:533:9\n    |\n533 |     use super::*;\n    |         ^^^^^^^^\n\nwarning: unused import: `super::*`\n   --> src/uri/builder.rs:165:9\n    |\n165 |     use super::*;\n    |         ^^^^^^^^\n\nwarning: unused import: `super::*`\n   --> src/uri/port.rs:115:9\n    |\n115 |     use super::*;\n    |         ^^^^^^^^\n\nwarning: unused import: `ntest::timeout`\n  --> src/version.rs:79:8\n   |\n79 |    use ntest::timeout;\n   |        ^^^^^^^^^^^^^^\n\nwarning: unused import: `super::*`\n   --> src/error.rs:143:9\n    |\n143 |     use super::*;\n    |         ^^^^^^^^\n\nwarning: unused import: `super::*`\n   --> src/lib.rs:197:9\n    |\n197 |     use super::*;\n    |         ^^^^^^^^\n\nerror[E0599]: no method named `fmt` found for struct `version::Version` in the current scope\n   --> src/version.rs:88:26\n    |\n26  | pub struct Version(Http);\n    | ------------------ method `fmt` not found for this struct\n...\n88  |     let result = version.fmt(&mut output);\n    |                          ^^^ method not found in `Version`\n    |\n   ::: /home/abezbm/.rustup/toolchains/nightly-2024-07-21-x86_64-unknown-linux-gnu/lib/rustlib/src/rust/library/core/src/fmt/mod.rs:642:8\n    |\n642 |     fn fmt(&self, f: &mut Formatter<'_>) -> Result;\n    |        --- the method is available for `version::Version` here\n    |\n    = help: items from traits can only be used if the trait is in scope\nhelp: trait `Debug` which provides `fmt` is implemented but not in scope; perhaps you want to import it\n    |\n78  +    use std::fmt::Debug;\n    |\n\nFor more information about this error, try `rustc --explain E0599`.\nwarning: `http` (lib test) generated 15 warnings\nerror: could not compile `http` (lib test) due to 1 previous error; 15 warnings emitted\n"
                }
              ],
              "repaired": [
                false
              ]
            },
            {
              "attrs": [],
              "prefix": [],
              "oracles": [],
              "codes": [
                [
                  "{",
                  "    let version = Version(Http::H2);",
                  "    let mut output = String::new();",
                  "    let result = version.fmt(&mut output);",
                  "",
                  "    assert!(result.is_ok());",
                  "    assert_eq!(output, \"HTTP/2.0\");",
                  "}"
                ]
              ],
              "can_compile": [
                {
                  "Err": "   Compiling proc-macro2 v1.0.95\n   Compiling libc v0.2.172\n   Compiling zerocopy v0.8.25\n   Compiling syn v1.0.109\n   Compiling serde v1.0.219\n   Compiling serde_json v1.0.140\n   Compiling doc-comment v0.3.3\n   Compiling quote v1.0.40\n   Compiling getrandom v0.2.16\n   Compiling rand_core v0.6.4\n   Compiling ppv-lite86 v0.2.21\n   Compiling rand_chacha v0.3.1\n   Compiling rand v0.8.5\n   Compiling quickcheck v1.0.3\n   Compiling ntest_timeout v0.9.3\n   Compiling ntest_test_cases v0.9.3\n   Compiling ntest v0.9.3\n   Compiling http v1.3.1 (/home/abezbm/rust-utgen-test-crates-new/http)\nwarning: unused import: `self::StandardHeader::Vary`\n    --> src/header/name.rs:1676:9\n     |\n1676 |     use self::StandardHeader::Vary;\n     |         ^^^^^^^^^^^^^^^^^^^^^^^^^^\n     |\n     = note: `#[warn(unused_imports)]` on by default\n\nwarning: unused import: `super::*`\n   --> src/header/value.rs:481:9\n    |\n481 |     use super::*;\n    |         ^^^^^^^^\n\nwarning: unused import: `crate::header::map::HeaderMap`\n   --> src/header/value.rs:482:9\n    |\n482 |     use crate::header::map::HeaderMap;\n    |         ^^^^^^^^^^^^^^^^^^^^^^^^^^^^^\n\nwarning: unused import: `crate::header::name`\n   --> src/header/value.rs:483:9\n    |\n483 |     use crate::header::name;\n    |         ^^^^^^^^^^^^^^^^^^^\n\nwarning: unused import: `super::*`\n   --> src/header/value.rs:568:9\n    |\n568 |     use super::*;\n    |         ^^^^^^^^\n\nwarning: unused import: `crate::header::name`\n   --> src/header/value.rs:569:9\n    |\n569 |     use crate::header::name;\n    |         ^^^^^^^^^^^^^^^^^^^\n\nwarning: unused import: `super::*`\n   --> src/method.rs:424:9\n    |\n424 |     use super::*;\n    |         ^^^^^^^^\n\nwarning: unused import: `super::*`\n    --> src/request.rs:1063:9\n     |\n1063 |     use super::*;\n     |         ^^^^^^^^\n\nwarning: unused import: `super::*`\n   --> src/response.rs:776:9\n    |\n776 |     use super::*;\n    |         ^^^^^^^^\n\nwarning: unused import: `super::*`\n   --> src/uri/authority.rs:533:9\n    |\n533 |     use super::*;\n    |         ^^^^^^^^\n\nwarning: unused import: `super::*`\n   --> src/uri/builder.rs:165:9\n    |\n165 |     use super::*;\n    |         ^^^^^^^^\n\nwarning: unused import: `super::*`\n   --> src/uri/port.rs:115:9\n    |\n115 |     use super::*;\n    |         ^^^^^^^^\n\nwarning: unused import: `ntest::timeout`\n  --> src/version.rs:79:8\n   |\n79 |    use ntest::timeout;\n   |        ^^^^^^^^^^^^^^\n\nwarning: unused import: `super::*`\n   --> src/error.rs:143:9\n    |\n143 |     use super::*;\n    |         ^^^^^^^^\n\nwarning: unused import: `super::*`\n   --> src/lib.rs:197:9\n    |\n197 |     use super::*;\n    |         ^^^^^^^^\n\nerror[E0599]: no method named `fmt` found for struct `version::Version` in the current scope\n   --> src/version.rs:88:26\n    |\n26  | pub struct Version(Http);\n    | ------------------ method `fmt` not found for this struct\n...\n88  |     let result = version.fmt(&mut output);\n    |                          ^^^ method not found in `Version`\n    |\n   ::: /home/abezbm/.rustup/toolchains/nightly-2024-07-21-x86_64-unknown-linux-gnu/lib/rustlib/src/rust/library/core/src/fmt/mod.rs:642:8\n    |\n642 |     fn fmt(&self, f: &mut Formatter<'_>) -> Result;\n    |        --- the method is available for `version::Version` here\n    |\n    = help: items from traits can only be used if the trait is in scope\nhelp: trait `Debug` which provides `fmt` is implemented but not in scope; perhaps you want to import it\n    |\n78  +    use std::fmt::Debug;\n    |\n\nFor more information about this error, try `rustc --explain E0599`.\nwarning: `http` (lib test) generated 15 warnings\nerror: could not compile `http` (lib test) due to 1 previous error; 15 warnings emitted\n"
                }
              ],
              "repaired": [
                false
              ]
            },
            {
              "attrs": [],
              "prefix": [],
              "oracles": [],
              "codes": [
                [
                  "{",
                  "    let version = Version(Http::H3);",
                  "    let mut output = String::new();",
                  "    let result = version.fmt(&mut output);",
                  "",
                  "    assert!(result.is_ok());",
                  "    assert_eq!(output, \"HTTP/3.0\");",
                  "}"
                ]
              ],
              "can_compile": [
                {
                  "Err": "   Compiling proc-macro2 v1.0.95\n   Compiling libc v0.2.172\n   Compiling zerocopy v0.8.25\n   Compiling syn v1.0.109\n   Compiling serde v1.0.219\n   Compiling serde_json v1.0.140\n   Compiling doc-comment v0.3.3\n   Compiling quote v1.0.40\n   Compiling getrandom v0.2.16\n   Compiling rand_core v0.6.4\n   Compiling ppv-lite86 v0.2.21\n   Compiling rand_chacha v0.3.1\n   Compiling rand v0.8.5\n   Compiling quickcheck v1.0.3\n   Compiling ntest_timeout v0.9.3\n   Compiling ntest_test_cases v0.9.3\n   Compiling ntest v0.9.3\n   Compiling http v1.3.1 (/home/abezbm/rust-utgen-test-crates-new/http)\nwarning: unused import: `self::StandardHeader::Vary`\n    --> src/header/name.rs:1676:9\n     |\n1676 |     use self::StandardHeader::Vary;\n     |         ^^^^^^^^^^^^^^^^^^^^^^^^^^\n     |\n     = note: `#[warn(unused_imports)]` on by default\n\nwarning: unused import: `super::*`\n   --> src/header/value.rs:481:9\n    |\n481 |     use super::*;\n    |         ^^^^^^^^\n\nwarning: unused import: `crate::header::map::HeaderMap`\n   --> src/header/value.rs:482:9\n    |\n482 |     use crate::header::map::HeaderMap;\n    |         ^^^^^^^^^^^^^^^^^^^^^^^^^^^^^\n\nwarning: unused import: `crate::header::name`\n   --> src/header/value.rs:483:9\n    |\n483 |     use crate::header::name;\n    |         ^^^^^^^^^^^^^^^^^^^\n\nwarning: unused import: `super::*`\n   --> src/header/value.rs:568:9\n    |\n568 |     use super::*;\n    |         ^^^^^^^^\n\nwarning: unused import: `crate::header::name`\n   --> src/header/value.rs:569:9\n    |\n569 |     use crate::header::name;\n    |         ^^^^^^^^^^^^^^^^^^^\n\nwarning: unused import: `super::*`\n   --> src/method.rs:424:9\n    |\n424 |     use super::*;\n    |         ^^^^^^^^\n\nwarning: unused import: `super::*`\n    --> src/request.rs:1063:9\n     |\n1063 |     use super::*;\n     |         ^^^^^^^^\n\nwarning: unused import: `super::*`\n   --> src/response.rs:776:9\n    |\n776 |     use super::*;\n    |         ^^^^^^^^\n\nwarning: unused import: `super::*`\n   --> src/uri/authority.rs:533:9\n    |\n533 |     use super::*;\n    |         ^^^^^^^^\n\nwarning: unused import: `super::*`\n   --> src/uri/builder.rs:165:9\n    |\n165 |     use super::*;\n    |         ^^^^^^^^\n\nwarning: unused import: `super::*`\n   --> src/uri/port.rs:115:9\n    |\n115 |     use super::*;\n    |         ^^^^^^^^\n\nwarning: unused import: `ntest::timeout`\n  --> src/version.rs:79:8\n   |\n79 |    use ntest::timeout;\n   |        ^^^^^^^^^^^^^^\n\nwarning: unused import: `super::*`\n   --> src/error.rs:143:9\n    |\n143 |     use super::*;\n    |         ^^^^^^^^\n\nwarning: unused import: `super::*`\n   --> src/lib.rs:197:9\n    |\n197 |     use super::*;\n    |         ^^^^^^^^\n\nerror[E0599]: no method named `fmt` found for struct `version::Version` in the current scope\n   --> src/version.rs:88:26\n    |\n26  | pub struct Version(Http);\n    | ------------------ method `fmt` not found for this struct\n...\n88  |     let result = version.fmt(&mut output);\n    |                          ^^^ method not found in `Version`\n    |\n   ::: /home/abezbm/.rustup/toolchains/nightly-2024-07-21-x86_64-unknown-linux-gnu/lib/rustlib/src/rust/library/core/src/fmt/mod.rs:642:8\n    |\n642 |     fn fmt(&self, f: &mut Formatter<'_>) -> Result;\n    |        --- the method is available for `version::Version` here\n    |\n    = help: items from traits can only be used if the trait is in scope\nhelp: trait `Debug` which provides `fmt` is implemented but not in scope; perhaps you want to import it\n    |\n78  +    use std::fmt::Debug;\n    |\n\nFor more information about this error, try `rustc --explain E0599`.\nwarning: `http` (lib test) generated 15 warnings\nerror: could not compile `http` (lib test) due to 1 previous error; 15 warnings emitted\n"
                }
              ],
              "repaired": [
                false
              ]
            }
          ]
        }
      ]
    }
  ]
}