<?xml version="1.0" ?>
<!DOCTYPE coverage SYSTEM "https://cobertura.sourceforge.net/xml/coverage-04.dtd">
<coverage branch-rate="0.07142857142857142" branches-covered="1" branches-valid="14" complexity="0" line-rate="0.34946236559139787" lines-covered="65" lines-valid="186" timestamp="1748617646" version="2.0.3">
    <sources>
        <source>/home/abezbm/rust-utgen-test-crates-rug/itoa</source>
    </sources>
    <packages>
        <package line-rate="0.34946236559139787" branch-rate="0.07142857142857142" name="src" complexity="0">
            <classes>
                <class branch-rate="0" complexity="0" filename="src/lib.rs" line-rate="0.1386861313868613" name="src.lib.rs">
                    <methods>
                        <method name="&lt;itoa::Buffer&gt;::format::&lt;_&gt;" signature="" complexity="0" line-rate="0" branch-rate="0">
                            <lines>
                                <line hits="0" number="97" branch="false"/>
                            </lines>
                        </method>
                        <method name="&lt;itoa::Buffer&gt;::format::&lt;i128&gt;" signature="" complexity="0" line-rate="0" branch-rate="0">
                            <lines>
                                <line hits="0" number="97" branch="false"/>
                            </lines>
                        </method>
                        <method name="&lt;itoa::Buffer&gt;::format::&lt;u128&gt;" signature="" complexity="0" line-rate="0" branch-rate="0">
                            <lines>
                                <line hits="0" number="97" branch="false"/>
                            </lines>
                        </method>
                        <method name="&lt;itoa::Buffer&gt;::format::&lt;i16&gt;" signature="" complexity="0" line-rate="0" branch-rate="0">
                            <lines>
                                <line hits="0" number="97" branch="false"/>
                            </lines>
                        </method>
                        <method name="&lt;itoa::Buffer&gt;::format::&lt;i64&gt;" signature="" complexity="0" line-rate="0" branch-rate="0">
                            <lines>
                                <line hits="0" number="97" branch="false"/>
                            </lines>
                        </method>
                        <method name="&lt;itoa::Buffer&gt;::format::&lt;u64&gt;" signature="" complexity="0" line-rate="0" branch-rate="0">
                            <lines>
                                <line hits="0" number="97" branch="false"/>
                            </lines>
                        </method>
                        <method name="&lt;itoa::Buffer&gt;::new" signature="" complexity="0" line-rate="1" branch-rate="1">
                            <lines>
                                <line hits="3" number="89" branch="false"/>
                            </lines>
                        </method>
                        <method name="&lt;itoa::Buffer&gt;::new" signature="" complexity="0" line-rate="0" branch-rate="0">
                            <lines>
                                <line hits="0" number="89" branch="false"/>
                            </lines>
                        </method>
                        <method name="itoa::tests_llm_16_1::test_buffer_clone" signature="" complexity="0" line-rate="1" branch-rate="1">
                            <lines>
                                <line hits="1" number="339" branch="false"/>
                            </lines>
                        </method>
                        <method name="itoa::tests_llm_16_16::test_buffer_new" signature="" complexity="0" line-rate="1" branch-rate="1">
                            <lines>
                                <line hits="1" number="359" branch="false"/>
                            </lines>
                        </method>
                        <method name="&lt;itoa::Buffer as core::default::Default&gt;::default" signature="" complexity="0" line-rate="0" branch-rate="0">
                            <lines>
                                <line hits="0" number="69" branch="false"/>
                            </lines>
                        </method>
                        <method name="&lt;itoa::Buffer as core::clone::Clone&gt;::clone" signature="" complexity="0" line-rate="1" branch-rate="1">
                            <lines>
                                <line hits="1" number="79" branch="false"/>
                            </lines>
                        </method>
                        <method name="&lt;i8 as itoa::private::Sealed&gt;::write" signature="" complexity="0" line-rate="0" branch-rate="0">
                            <lines>
                                <line hits="0" number="149" branch="false"/>
                            </lines>
                        </method>
                        <method name="&lt;u8 as itoa::private::Sealed&gt;::write" signature="" complexity="0" line-rate="0" branch-rate="0">
                            <lines>
                                <line hits="0" number="149" branch="false"/>
                            </lines>
                        </method>
                        <method name="&lt;i16 as itoa::private::Sealed&gt;::write" signature="" complexity="0" line-rate="0" branch-rate="0">
                            <lines>
                                <line hits="0" number="149" branch="false"/>
                            </lines>
                        </method>
                        <method name="&lt;i16 as itoa::private::Sealed&gt;::write" signature="" complexity="0" line-rate="0" branch-rate="0">
                            <lines>
                                <line hits="0" number="149" branch="false"/>
                            </lines>
                        </method>
                        <method name="&lt;u16 as itoa::private::Sealed&gt;::write" signature="" complexity="0" line-rate="0" branch-rate="0">
                            <lines>
                                <line hits="0" number="149" branch="false"/>
                            </lines>
                        </method>
                        <method name="&lt;i32 as itoa::private::Sealed&gt;::write" signature="" complexity="0" line-rate="0" branch-rate="0">
                            <lines>
                                <line hits="0" number="149" branch="false"/>
                            </lines>
                        </method>
                        <method name="&lt;u32 as itoa::private::Sealed&gt;::write" signature="" complexity="0" line-rate="0" branch-rate="0">
                            <lines>
                                <line hits="0" number="149" branch="false"/>
                            </lines>
                        </method>
                        <method name="&lt;i64 as itoa::private::Sealed&gt;::write" signature="" complexity="0" line-rate="0" branch-rate="0">
                            <lines>
                                <line hits="0" number="149" branch="false"/>
                            </lines>
                        </method>
                        <method name="&lt;i64 as itoa::private::Sealed&gt;::write" signature="" complexity="0" line-rate="0" branch-rate="0">
                            <lines>
                                <line hits="0" number="149" branch="false"/>
                            </lines>
                        </method>
                        <method name="&lt;u64 as itoa::private::Sealed&gt;::write" signature="" complexity="0" line-rate="0" branch-rate="0">
                            <lines>
                                <line hits="0" number="149" branch="false"/>
                            </lines>
                        </method>
                        <method name="&lt;u64 as itoa::private::Sealed&gt;::write" signature="" complexity="0" line-rate="0" branch-rate="0">
                            <lines>
                                <line hits="0" number="149" branch="false"/>
                            </lines>
                        </method>
                        <method name="&lt;isize as itoa::private::Sealed&gt;::write" signature="" complexity="0" line-rate="0" branch-rate="0">
                            <lines>
                                <line hits="0" number="236" branch="false"/>
                            </lines>
                        </method>
                        <method name="&lt;usize as itoa::private::Sealed&gt;::write" signature="" complexity="0" line-rate="0" branch-rate="0">
                            <lines>
                                <line hits="0" number="236" branch="false"/>
                            </lines>
                        </method>
                        <method name="&lt;i128 as itoa::private::Sealed&gt;::write" signature="" complexity="0" line-rate="0" branch-rate="0">
                            <lines>
                                <line hits="0" number="262" branch="false"/>
                            </lines>
                        </method>
                        <method name="&lt;i128 as itoa::private::Sealed&gt;::write" signature="" complexity="0" line-rate="0" branch-rate="0">
                            <lines>
                                <line hits="0" number="262" branch="false"/>
                            </lines>
                        </method>
                        <method name="&lt;u128 as itoa::private::Sealed&gt;::write" signature="" complexity="0" line-rate="0" branch-rate="0">
                            <lines>
                                <line hits="0" number="262" branch="false"/>
                            </lines>
                        </method>
                        <method name="&lt;u128 as itoa::private::Sealed&gt;::write" signature="" complexity="0" line-rate="0" branch-rate="0">
                            <lines>
                                <line hits="0" number="262" branch="false"/>
                            </lines>
                        </method>
                    </methods>
                    <lines>
                        <line branch="false" hits="0" number="69"/>
                        <line branch="false" hits="0" number="70"/>
                        <line branch="false" hits="0" number="71"/>
                        <line branch="false" hits="1" number="79"/>
                        <line branch="false" hits="1" number="80"/>
                        <line branch="false" hits="1" number="81"/>
                        <line branch="false" hits="3" number="89"/>
                        <line branch="false" hits="3" number="90"/>
                        <line branch="false" hits="3" number="91"/>
                        <line branch="false" hits="3" number="92"/>
                        <line branch="false" hits="0" number="97"/>
                        <line branch="false" hits="0" number="98"/>
                        <line branch="false" hits="0" number="99"/>
                        <line branch="false" hits="0" number="100"/>
                        <line branch="false" hits="0" number="101"/>
                        <line branch="true" hits="0" number="102" condition-coverage="0% (0/10)"/>
                        <line branch="false" hits="0" number="103"/>
                        <line branch="false" hits="0" number="104"/>
                        <line branch="false" hits="0" number="105"/>
                        <line branch="false" hits="0" number="106"/>
                        <line branch="false" hits="0" number="149"/>
                        <line branch="false" hits="0" number="150"/>
                        <line branch="false" hits="0" number="151"/>
                        <line branch="false" hits="0" number="152"/>
                        <line branch="false" hits="0" number="155"/>
                        <line branch="false" hits="0" number="157"/>
                        <line branch="false" hits="0" number="158"/>
                        <line branch="false" hits="0" number="159"/>
                        <line branch="false" hits="0" number="162"/>
                        <line branch="false" hits="0" number="163"/>
                        <line branch="false" hits="0" number="164"/>
                        <line branch="false" hits="0" number="165"/>
                        <line branch="false" hits="0" number="166"/>
                        <line branch="false" hits="0" number="167"/>
                        <line branch="false" hits="0" number="168"/>
                        <line branch="false" hits="0" number="169"/>
                        <line branch="false" hits="0" number="170"/>
                        <line branch="false" hits="0" number="171"/>
                        <line branch="false" hits="0" number="172"/>
                        <line branch="false" hits="0" number="176"/>
                        <line branch="false" hits="0" number="177"/>
                        <line branch="false" hits="0" number="178"/>
                        <line branch="false" hits="0" number="179"/>
                        <line branch="false" hits="0" number="180"/>
                        <line branch="false" hits="0" number="181"/>
                        <line branch="false" hits="0" number="182"/>
                        <line branch="false" hits="0" number="183"/>
                        <line branch="false" hits="0" number="186"/>
                        <line branch="false" hits="0" number="187"/>
                        <line branch="false" hits="0" number="188"/>
                        <line branch="false" hits="0" number="189"/>
                        <line branch="false" hits="0" number="190"/>
                        <line branch="false" hits="0" number="192"/>
                        <line branch="false" hits="0" number="193"/>
                        <line branch="false" hits="0" number="194"/>
                        <line branch="false" hits="0" number="195"/>
                        <line branch="false" hits="0" number="196"/>
                        <line branch="false" hits="0" number="199"/>
                        <line branch="false" hits="0" number="200"/>
                        <line branch="false" hits="0" number="201"/>
                        <line branch="false" hits="0" number="202"/>
                        <line branch="false" hits="0" number="203"/>
                        <line branch="false" hits="0" number="204"/>
                        <line branch="false" hits="0" number="206"/>
                        <line branch="false" hits="0" number="207"/>
                        <line branch="false" hits="0" number="208"/>
                        <line branch="false" hits="0" number="209"/>
                        <line branch="false" hits="0" number="236"/>
                        <line branch="false" hits="0" number="237"/>
                        <line branch="false" hits="0" number="238"/>
                        <line branch="false" hits="0" number="262"/>
                        <line branch="false" hits="0" number="263"/>
                        <line branch="false" hits="0" number="264"/>
                        <line branch="false" hits="0" number="265"/>
                        <line branch="false" hits="0" number="268"/>
                        <line branch="false" hits="0" number="270"/>
                        <line branch="false" hits="0" number="271"/>
                        <line branch="false" hits="0" number="272"/>
                        <line branch="false" hits="0" number="273"/>
                        <line branch="false" hits="0" number="274"/>
                        <line branch="false" hits="0" number="275"/>
                        <line branch="false" hits="0" number="276"/>
                        <line branch="false" hits="0" number="277"/>
                        <line branch="false" hits="0" number="278"/>
                        <line branch="false" hits="0" number="279"/>
                        <line branch="false" hits="0" number="280"/>
                        <line branch="false" hits="0" number="282"/>
                        <line branch="false" hits="0" number="283"/>
                        <line branch="false" hits="0" number="284"/>
                        <line branch="false" hits="0" number="285"/>
                        <line branch="false" hits="0" number="286"/>
                        <line branch="false" hits="0" number="287"/>
                        <line branch="false" hits="0" number="288"/>
                        <line branch="false" hits="0" number="289"/>
                        <line branch="false" hits="0" number="290"/>
                        <line branch="false" hits="0" number="291"/>
                        <line branch="false" hits="0" number="292"/>
                        <line branch="false" hits="0" number="293"/>
                        <line branch="false" hits="0" number="294"/>
                        <line branch="false" hits="0" number="295"/>
                        <line branch="false" hits="0" number="296"/>
                        <line branch="false" hits="0" number="298"/>
                        <line branch="false" hits="0" number="299"/>
                        <line branch="false" hits="0" number="300"/>
                        <line branch="false" hits="0" number="301"/>
                        <line branch="false" hits="0" number="302"/>
                        <line branch="false" hits="0" number="303"/>
                        <line branch="false" hits="0" number="304"/>
                        <line branch="false" hits="0" number="305"/>
                        <line branch="false" hits="0" number="306"/>
                        <line branch="false" hits="0" number="307"/>
                        <line branch="false" hits="0" number="308"/>
                        <line branch="false" hits="0" number="309"/>
                        <line branch="false" hits="0" number="310"/>
                        <line branch="false" hits="0" number="311"/>
                        <line branch="false" hits="0" number="313"/>
                        <line branch="false" hits="0" number="314"/>
                        <line branch="false" hits="0" number="315"/>
                        <line branch="false" hits="0" number="316"/>
                        <line branch="false" hits="0" number="317"/>
                        <line branch="false" hits="0" number="318"/>
                        <line branch="false" hits="0" number="320"/>
                        <line branch="false" hits="0" number="321"/>
                        <line branch="false" hits="0" number="322"/>
                        <line branch="false" hits="0" number="323"/>
                        <line branch="false" hits="1" number="339"/>
                        <line branch="false" hits="1" number="340"/>
                        <line branch="false" hits="1" number="341"/>
                        <line branch="false" hits="1" number="342"/>
                        <line branch="false" hits="1" number="343"/>
                        <line branch="false" hits="1" number="344"/>
                        <line branch="false" hits="1" number="347"/>
                        <line branch="false" hits="1" number="348"/>
                        <line branch="false" hits="1" number="359"/>
                        <line branch="false" hits="1" number="360"/>
                        <line branch="false" hits="1" number="361"/>
                        <line branch="false" hits="1" number="362"/>
                    </lines>
                </class>
                <class branch-rate="0.25" complexity="0" filename="src/udiv128.rs" line-rate="0.9387755102040817" name="src.udiv128.rs">
                    <methods>
                        <method name="itoa::udiv128::u128_mulhi" signature="" complexity="0" line-rate="1" branch-rate="1">
                            <lines>
                                <line hits="5" number="7" branch="false"/>
                            </lines>
                        </method>
                        <method name="itoa::udiv128::udivmod_1e19" signature="" complexity="0" line-rate="1" branch-rate="1">
                            <lines>
                                <line hits="3" number="34" branch="false"/>
                            </lines>
                        </method>
                        <method name="itoa::udiv128::u128_mulhi" signature="" complexity="0" line-rate="0" branch-rate="0">
                            <lines>
                                <line hits="0" number="7" branch="false"/>
                            </lines>
                        </method>
                        <method name="itoa::udiv128::udivmod_1e19" signature="" complexity="0" line-rate="0" branch-rate="0">
                            <lines>
                                <line hits="0" number="34" branch="false"/>
                            </lines>
                        </method>
                        <method name="itoa::udiv128::tests_llm_16_17::test_u128_mulhi" signature="" complexity="0" line-rate="1" branch-rate="1">
                            <lines>
                                <line hits="1" number="55" branch="false"/>
                            </lines>
                        </method>
                        <method name="itoa::udiv128::tests_llm_16_18::test_udivmod_1e19" signature="" complexity="0" line-rate="1" branch-rate="1">
                            <lines>
                                <line hits="1" number="69" branch="false"/>
                            </lines>
                        </method>
                    </methods>
                    <lines>
                        <line branch="false" hits="5" number="7"/>
                        <line branch="false" hits="5" number="8"/>
                        <line branch="false" hits="5" number="9"/>
                        <line branch="false" hits="5" number="10"/>
                        <line branch="false" hits="5" number="11"/>
                        <line branch="false" hits="5" number="12"/>
                        <line branch="false" hits="5" number="13"/>
                        <line branch="false" hits="5" number="14"/>
                        <line branch="false" hits="5" number="15"/>
                        <line branch="false" hits="5" number="16"/>
                        <line branch="false" hits="5" number="17"/>
                        <line branch="false" hits="5" number="18"/>
                        <line branch="false" hits="5" number="19"/>
                        <line branch="false" hits="5" number="20"/>
                        <line branch="false" hits="5" number="21"/>
                        <line branch="false" hits="5" number="22"/>
                        <line branch="false" hits="3" number="34"/>
                        <line branch="false" hits="3" number="35"/>
                        <line branch="true" hits="3" number="37" condition-coverage="25% (1/4)"/>
                        <line branch="false" hits="3" number="38"/>
                        <line branch="false" hits="0" number="40"/>
                        <line branch="false" hits="3" number="43"/>
                        <line branch="false" hits="3" number="44"/>
                        <line branch="false" hits="3" number="45"/>
                        <line branch="false" hits="3" number="47"/>
                        <line branch="false" hits="3" number="48"/>
                        <line branch="false" hits="1" number="55"/>
                        <line branch="false" hits="1" number="56"/>
                        <line branch="false" hits="1" number="57"/>
                        <line branch="false" hits="1" number="58"/>
                        <line branch="false" hits="1" number="59"/>
                        <line branch="false" hits="1" number="60"/>
                        <line branch="false" hits="0" number="61"/>
                        <line branch="false" hits="1" number="69"/>
                        <line branch="false" hits="1" number="70"/>
                        <line branch="false" hits="1" number="71"/>
                        <line branch="false" hits="1" number="72"/>
                        <line branch="false" hits="1" number="73"/>
                        <line branch="false" hits="1" number="74"/>
                        <line branch="false" hits="1" number="75"/>
                        <line branch="false" hits="1" number="76"/>
                        <line branch="false" hits="1" number="77"/>
                        <line branch="false" hits="1" number="78"/>
                        <line branch="false" hits="1" number="79"/>
                        <line branch="false" hits="3" number="81"/>
                        <line branch="false" hits="3" number="82"/>
                        <line branch="false" hits="3" number="83"/>
                        <line branch="false" hits="3" number="84"/>
                        <line branch="false" hits="0" number="86"/>
                    </lines>
                </class>
            </classes>
        </package>
    </packages>
</coverage>