{
  "name": "indexmap::map::map::IndexMap<K, V, S>::retain",
  "name_with_impl": "indexmap::map::{impl#7}::retain",
  "mod_info": {
    "name": "map",
    "loc": "src/lib.rs:122:1:122:13"
  },
  "visible": true,
  "loc": "src/map.rs:995:5:1000:6",
  "fn_tests": [
    {
      "chain_id": 0,
      "prompt_conds": [],
      "input_infer": "",
      "answers": [
        {
          "uses": [],
          "has_test_mod": false,
          "common": [],
          "chain_tests": [
            {
              "attrs": [],
              "prefix": [],
              "oracles": [],
              "codes": [
                [
                  "{",
                  "    struct DummyHashBuilder;",
                  "",
                  "    let mut map = IndexMap::<i32, String, DummyHashBuilder> {",
                  "        core: IndexMapCore {",
                  "            indices: Indices::new(),",
                  "            entries: Entries::new(),",
                  "        },",
                  "        hash_builder: DummyHashBuilder,",
                  "    };",
                  "",
                  "    map.insert(1, \"one\".to_string());",
                  "    map.insert(2, \"two\".to_string());",
                  "    map.insert(3, \"three\".to_string());",
                  "",
                  "    map.retain(|_, _| true);",
                  "",
                  "    assert_eq!(map.len(), 3);",
                  "}"
                ]
              ],
              "can_compile": [
                {
                  "Err": "   Compiling libc v0.2.172\n   Compiling proc-macro2 v1.0.95\n   Compiling zerocopy v0.8.25\n   Compiling getrandom v0.3.2\n   Compiling syn v1.0.109\n   Compiling quote v1.0.40\n   Compiling syn v2.0.101\n   Compiling getrandom v0.2.16\n   Compiling rand_core v0.6.4\n   Compiling rand_core v0.9.3\n   Compiling rand v0.8.5\n   Compiling quickcheck v1.0.3\n   Compiling ppv-lite86 v0.2.21\n   Compiling rand_chacha v0.9.0\n   Compiling rand v0.9.1\n   Compiling serde_derive v1.0.219\n   Compiling ntest_timeout v0.9.3\n   Compiling ntest_test_cases v0.9.3\n   Compiling ntest v0.9.3\n   Compiling indexmap v2.9.0 (/home/abezbm/rust-utgen-test-crates-new/indexmap)\nerror[E0433]: failed to resolve: use of undeclared type `Indices`\n    --> src/map.rs:1663:22\n     |\n1663 |             indices: Indices::new(),\n     |                      ^^^^^^^ use of undeclared type `Indices`\n     |\nnote: type alias `crate::map::core::Indices` exists but is inaccessible\n    --> src/map/core.rs:24:1\n     |\n24   | type Indices = hash_table::HashTable<usize>;\n     | ^^^^^^^^^^^^^^^^^^^^^^^^^^^^^^^^^^^^^^^^^^^^ not accessible\n\nwarning: unused import: `super::*`\n   --> src/map/slice.rs:520:9\n    |\n520 |     use super::*;\n    |         ^^^^^^^^\n    |\n    = note: `#[warn(unused_imports)]` on by default\n\nwarning: unused import: `super::*`\n --> src/map/tests.rs:1:5\n  |\n1 | use super::*;\n  |     ^^^^^^^^\n\nwarning: unused import: `std::string::String`\n --> src/map/tests.rs:2:5\n  |\n2 | use std::string::String;\n  |     ^^^^^^^^^^^^^^^^^^^\n\nwarning: unused macro definition: `move_index_oob`\n   --> src/map/tests.rs:817:14\n    |\n817 | macro_rules! move_index_oob {\n    |              ^^^^^^^^^^^^^^\n    |\n    = note: `#[warn(unused_macros)]` on by default\n\nwarning: unused import: `ntest::timeout`\n    --> src/map.rs:1655:8\n     |\n1655 |    use ntest::timeout;\n     |        ^^^^^^^^^^^^^^\n\nwarning: unused import: `super::*`\n   --> src/set/slice.rs:334:9\n    |\n334 |     use super::*;\n    |         ^^^^^^^^\n\nwarning: unused import: `super::*`\n --> src/set/tests.rs:1:5\n  |\n1 | use super::*;\n  |     ^^^^^^^^\n\nwarning: unused import: `std::string::String`\n --> src/set/tests.rs:2:5\n  |\n2 | use std::string::String;\n  |     ^^^^^^^^^^^^^^^^^^^\n\nerror[E0191]: the value of the associated type `Entry` in `Entries` must be specified\n    --> src/map.rs:1664:22\n     |\n1664 |             entries: Entries::new(),\n     |                      ^^^^^^^ help: specify the associated type: `Entries::<Entry = Type>`\n     |\n    ::: src/lib.rs:207:5\n     |\n207  |     type Entry;\n     |     ---------- `Entry` defined here\n\nerror[E0782]: trait objects must include the `dyn` keyword\n    --> src/map.rs:1664:22\n     |\n1664 |             entries: Entries::new(),\n     |                      ^^^^^^^\n     |\nhelp: add `dyn` keyword before this trait\n     |\n1664 |             entries: <dyn Entries>::new(),\n     |                      ++++        +\n\nerror[E0599]: no function or associated item named `new` found for trait `Entries`\n    --> src/map.rs:1664:31\n     |\n1664 |             entries: Entries::new(),\n     |                               ^^^ function or associated item not found in `Entries`\n     |\n     = note: the following traits define an item `new`, perhaps you need to implement one of them:\n             candidate #1: `itertools::adaptors::coalesce::CountItem`\n             candidate #2: `rand::distr::uniform::UniformSampler`\n             candidate #3: `rand::distributions::uniform::UniformSampler`\n\nerror[E0599]: the method `insert` exists for struct `IndexMap<i32, String, DummyHashBuilder>`, but its trait bounds were not satisfied\n    --> src/map.rs:1669:9\n     |\n87   | pub struct IndexMap<K, V, S = RandomState> {\n     | ------------------------------------------ method `insert` not found for this struct\n...\n1659 |     struct DummyHashBuilder;\n     |     ----------------------- doesn't satisfy `DummyHashBuilder: BuildHasher`\n...\n1669 |     map.insert(1, \"one\".to_string());\n     |         ^^^^^^\n     |\nnote: trait bound `DummyHashBuilder: BuildHasher` was not satisfied\n    --> src/map.rs:384:8\n     |\n381  | impl<K, V, S> IndexMap<K, V, S>\n     |               -----------------\n...\n384  |     S: BuildHasher,\n     |        ^^^^^^^^^^^ unsatisfied trait bound introduced here\nnote: the trait `BuildHasher` must be implemented\n    --> /home/abezbm/.rustup/toolchains/nightly-2024-07-21-x86_64-unknown-linux-gnu/lib/rustlib/src/rust/library/core/src/hash/mod.rs:640:1\n     |\n640  | pub trait BuildHasher {\n     | ^^^^^^^^^^^^^^^^^^^^^\n     = help: items from traits can only be used if the trait is implemented and in scope\n     = note: the following traits define an item `insert`, perhaps you need to implement one of them:\n             candidate #1: `ppv_lite86::Vec2`\n             candidate #2: `ppv_lite86::Vec4`\n\nerror[E0599]: the method `insert` exists for struct `IndexMap<i32, String, DummyHashBuilder>`, but its trait bounds were not satisfied\n    --> src/map.rs:1670:9\n     |\n87   | pub struct IndexMap<K, V, S = RandomState> {\n     | ------------------------------------------ method `insert` not found for this struct\n...\n1659 |     struct DummyHashBuilder;\n     |     ----------------------- doesn't satisfy `DummyHashBuilder: BuildHasher`\n...\n1670 |     map.insert(2, \"two\".to_string());\n     |         ^^^^^^\n     |\nnote: trait bound `DummyHashBuilder: BuildHasher` was not satisfied\n    --> src/map.rs:384:8\n     |\n381  | impl<K, V, S> IndexMap<K, V, S>\n     |               -----------------\n...\n384  |     S: BuildHasher,\n     |        ^^^^^^^^^^^ unsatisfied trait bound introduced here\nnote: the trait `BuildHasher` must be implemented\n    --> /home/abezbm/.rustup/toolchains/nightly-2024-07-21-x86_64-unknown-linux-gnu/lib/rustlib/src/rust/library/core/src/hash/mod.rs:640:1\n     |\n640  | pub trait BuildHasher {\n     | ^^^^^^^^^^^^^^^^^^^^^\n     = help: items from traits can only be used if the trait is implemented and in scope\n     = note: the following traits define an item `insert`, perhaps you need to implement one of them:\n             candidate #1: `ppv_lite86::Vec2`\n             candidate #2: `ppv_lite86::Vec4`\n\nerror[E0599]: the method `insert` exists for struct `IndexMap<i32, String, DummyHashBuilder>`, but its trait bounds were not satisfied\n    --> src/map.rs:1671:9\n     |\n87   | pub struct IndexMap<K, V, S = RandomState> {\n     | ------------------------------------------ method `insert` not found for this struct\n...\n1659 |     struct DummyHashBuilder;\n     |     ----------------------- doesn't satisfy `DummyHashBuilder: BuildHasher`\n...\n1671 |     map.insert(3, \"three\".to_string());\n     |         ^^^^^^\n     |\nnote: trait bound `DummyHashBuilder: BuildHasher` was not satisfied\n    --> src/map.rs:384:8\n     |\n381  | impl<K, V, S> IndexMap<K, V, S>\n     |               -----------------\n...\n384  |     S: BuildHasher,\n     |        ^^^^^^^^^^^ unsatisfied trait bound introduced here\nnote: the trait `BuildHasher` must be implemented\n    --> /home/abezbm/.rustup/toolchains/nightly-2024-07-21-x86_64-unknown-linux-gnu/lib/rustlib/src/rust/library/core/src/hash/mod.rs:640:1\n     |\n640  | pub trait BuildHasher {\n     | ^^^^^^^^^^^^^^^^^^^^^\n     = help: items from traits can only be used if the trait is implemented and in scope\n     = note: the following traits define an item `insert`, perhaps you need to implement one of them:\n             candidate #1: `ppv_lite86::Vec2`\n             candidate #2: `ppv_lite86::Vec4`\n\nSome errors have detailed explanations: E0191, E0433, E0599, E0782.\nFor more information about an error, try `rustc --explain E0191`.\nwarning: `indexmap` (lib test) generated 8 warnings\nerror: could not compile `indexmap` (lib test) due to 7 previous errors; 8 warnings emitted\n"
                }
              ],
              "repaired": [
                false
              ]
            },
            {
              "attrs": [],
              "prefix": [],
              "oracles": [],
              "codes": [
                [
                  "{",
                  "    struct DummyHashBuilder;",
                  "",
                  "    let mut map = IndexMap::<i32, String, DummyHashBuilder> {",
                  "        core: IndexMapCore {",
                  "            indices: Indices::new(),",
                  "            entries: Entries::new(),",
                  "        },",
                  "        hash_builder: DummyHashBuilder,",
                  "    };",
                  "",
                  "    map.insert(1, \"one\".to_string());",
                  "    map.insert(2, \"two\".to_string());",
                  "    map.insert(3, \"three\".to_string());",
                  "",
                  "    map.retain(|_, _| false);",
                  "",
                  "    assert_eq!(map.len(), 0);",
                  "}"
                ]
              ],
              "can_compile": [
                {
                  "Err": "   Compiling libc v0.2.172\n   Compiling proc-macro2 v1.0.95\n   Compiling getrandom v0.3.2\n   Compiling syn v1.0.109\n   Compiling zerocopy v0.8.25\n   Compiling quote v1.0.40\n   Compiling syn v2.0.101\n   Compiling getrandom v0.2.16\n   Compiling rand_core v0.9.3\n   Compiling rand_core v0.6.4\n   Compiling rand v0.8.5\n   Compiling quickcheck v1.0.3\n   Compiling ppv-lite86 v0.2.21\n   Compiling rand_chacha v0.9.0\n   Compiling rand v0.9.1\n   Compiling serde_derive v1.0.219\n   Compiling ntest_test_cases v0.9.3\n   Compiling ntest_timeout v0.9.3\n   Compiling ntest v0.9.3\n   Compiling indexmap v2.9.0 (/home/abezbm/rust-utgen-test-crates-new/indexmap)\nerror[E0433]: failed to resolve: use of undeclared type `Indices`\n    --> src/map.rs:1663:22\n     |\n1663 |             indices: Indices::new(),\n     |                      ^^^^^^^ use of undeclared type `Indices`\n     |\nnote: type alias `crate::map::core::Indices` exists but is inaccessible\n    --> src/map/core.rs:24:1\n     |\n24   | type Indices = hash_table::HashTable<usize>;\n     | ^^^^^^^^^^^^^^^^^^^^^^^^^^^^^^^^^^^^^^^^^^^^ not accessible\n\nwarning: unused import: `super::*`\n   --> src/map/slice.rs:520:9\n    |\n520 |     use super::*;\n    |         ^^^^^^^^\n    |\n    = note: `#[warn(unused_imports)]` on by default\n\nwarning: unused import: `super::*`\n --> src/map/tests.rs:1:5\n  |\n1 | use super::*;\n  |     ^^^^^^^^\n\nwarning: unused import: `std::string::String`\n --> src/map/tests.rs:2:5\n  |\n2 | use std::string::String;\n  |     ^^^^^^^^^^^^^^^^^^^\n\nwarning: unused macro definition: `move_index_oob`\n   --> src/map/tests.rs:817:14\n    |\n817 | macro_rules! move_index_oob {\n    |              ^^^^^^^^^^^^^^\n    |\n    = note: `#[warn(unused_macros)]` on by default\n\nwarning: unused import: `ntest::timeout`\n    --> src/map.rs:1655:8\n     |\n1655 |    use ntest::timeout;\n     |        ^^^^^^^^^^^^^^\n\nwarning: unused import: `super::*`\n   --> src/set/slice.rs:334:9\n    |\n334 |     use super::*;\n    |         ^^^^^^^^\n\nwarning: unused import: `super::*`\n --> src/set/tests.rs:1:5\n  |\n1 | use super::*;\n  |     ^^^^^^^^\n\nwarning: unused import: `std::string::String`\n --> src/set/tests.rs:2:5\n  |\n2 | use std::string::String;\n  |     ^^^^^^^^^^^^^^^^^^^\n\nerror[E0191]: the value of the associated type `Entry` in `Entries` must be specified\n    --> src/map.rs:1664:22\n     |\n1664 |             entries: Entries::new(),\n     |                      ^^^^^^^ help: specify the associated type: `Entries::<Entry = Type>`\n     |\n    ::: src/lib.rs:207:5\n     |\n207  |     type Entry;\n     |     ---------- `Entry` defined here\n\nerror[E0782]: trait objects must include the `dyn` keyword\n    --> src/map.rs:1664:22\n     |\n1664 |             entries: Entries::new(),\n     |                      ^^^^^^^\n     |\nhelp: add `dyn` keyword before this trait\n     |\n1664 |             entries: <dyn Entries>::new(),\n     |                      ++++        +\n\nerror[E0599]: no function or associated item named `new` found for trait `Entries`\n    --> src/map.rs:1664:31\n     |\n1664 |             entries: Entries::new(),\n     |                               ^^^ function or associated item not found in `Entries`\n     |\n     = note: the following traits define an item `new`, perhaps you need to implement one of them:\n             candidate #1: `itertools::adaptors::coalesce::CountItem`\n             candidate #2: `rand::distr::uniform::UniformSampler`\n             candidate #3: `rand::distributions::uniform::UniformSampler`\n\nerror[E0599]: the method `insert` exists for struct `IndexMap<i32, String, DummyHashBuilder>`, but its trait bounds were not satisfied\n    --> src/map.rs:1669:9\n     |\n87   | pub struct IndexMap<K, V, S = RandomState> {\n     | ------------------------------------------ method `insert` not found for this struct\n...\n1659 |     struct DummyHashBuilder;\n     |     ----------------------- doesn't satisfy `DummyHashBuilder: BuildHasher`\n...\n1669 |     map.insert(1, \"one\".to_string());\n     |         ^^^^^^\n     |\nnote: trait bound `DummyHashBuilder: BuildHasher` was not satisfied\n    --> src/map.rs:384:8\n     |\n381  | impl<K, V, S> IndexMap<K, V, S>\n     |               -----------------\n...\n384  |     S: BuildHasher,\n     |        ^^^^^^^^^^^ unsatisfied trait bound introduced here\nnote: the trait `BuildHasher` must be implemented\n    --> /home/abezbm/.rustup/toolchains/nightly-2024-07-21-x86_64-unknown-linux-gnu/lib/rustlib/src/rust/library/core/src/hash/mod.rs:640:1\n     |\n640  | pub trait BuildHasher {\n     | ^^^^^^^^^^^^^^^^^^^^^\n     = help: items from traits can only be used if the trait is implemented and in scope\n     = note: the following traits define an item `insert`, perhaps you need to implement one of them:\n             candidate #1: `ppv_lite86::Vec2`\n             candidate #2: `ppv_lite86::Vec4`\n\nerror[E0599]: the method `insert` exists for struct `IndexMap<i32, String, DummyHashBuilder>`, but its trait bounds were not satisfied\n    --> src/map.rs:1670:9\n     |\n87   | pub struct IndexMap<K, V, S = RandomState> {\n     | ------------------------------------------ method `insert` not found for this struct\n...\n1659 |     struct DummyHashBuilder;\n     |     ----------------------- doesn't satisfy `DummyHashBuilder: BuildHasher`\n...\n1670 |     map.insert(2, \"two\".to_string());\n     |         ^^^^^^\n     |\nnote: trait bound `DummyHashBuilder: BuildHasher` was not satisfied\n    --> src/map.rs:384:8\n     |\n381  | impl<K, V, S> IndexMap<K, V, S>\n     |               -----------------\n...\n384  |     S: BuildHasher,\n     |        ^^^^^^^^^^^ unsatisfied trait bound introduced here\nnote: the trait `BuildHasher` must be implemented\n    --> /home/abezbm/.rustup/toolchains/nightly-2024-07-21-x86_64-unknown-linux-gnu/lib/rustlib/src/rust/library/core/src/hash/mod.rs:640:1\n     |\n640  | pub trait BuildHasher {\n     | ^^^^^^^^^^^^^^^^^^^^^\n     = help: items from traits can only be used if the trait is implemented and in scope\n     = note: the following traits define an item `insert`, perhaps you need to implement one of them:\n             candidate #1: `ppv_lite86::Vec2`\n             candidate #2: `ppv_lite86::Vec4`\n\nerror[E0599]: the method `insert` exists for struct `IndexMap<i32, String, DummyHashBuilder>`, but its trait bounds were not satisfied\n    --> src/map.rs:1671:9\n     |\n87   | pub struct IndexMap<K, V, S = RandomState> {\n     | ------------------------------------------ method `insert` not found for this struct\n...\n1659 |     struct DummyHashBuilder;\n     |     ----------------------- doesn't satisfy `DummyHashBuilder: BuildHasher`\n...\n1671 |     map.insert(3, \"three\".to_string());\n     |         ^^^^^^\n     |\nnote: trait bound `DummyHashBuilder: BuildHasher` was not satisfied\n    --> src/map.rs:384:8\n     |\n381  | impl<K, V, S> IndexMap<K, V, S>\n     |               -----------------\n...\n384  |     S: BuildHasher,\n     |        ^^^^^^^^^^^ unsatisfied trait bound introduced here\nnote: the trait `BuildHasher` must be implemented\n    --> /home/abezbm/.rustup/toolchains/nightly-2024-07-21-x86_64-unknown-linux-gnu/lib/rustlib/src/rust/library/core/src/hash/mod.rs:640:1\n     |\n640  | pub trait BuildHasher {\n     | ^^^^^^^^^^^^^^^^^^^^^\n     = help: items from traits can only be used if the trait is implemented and in scope\n     = note: the following traits define an item `insert`, perhaps you need to implement one of them:\n             candidate #1: `ppv_lite86::Vec2`\n             candidate #2: `ppv_lite86::Vec4`\n\nSome errors have detailed explanations: E0191, E0433, E0599, E0782.\nFor more information about an error, try `rustc --explain E0191`.\nwarning: `indexmap` (lib test) generated 8 warnings\nerror: could not compile `indexmap` (lib test) due to 7 previous errors; 8 warnings emitted\n"
                }
              ],
              "repaired": [
                false
              ]
            },
            {
              "attrs": [],
              "prefix": [],
              "oracles": [],
              "codes": [
                [
                  "{",
                  "    struct DummyHashBuilder;",
                  "",
                  "    let mut map = IndexMap::<i32, String, DummyHashBuilder> {",
                  "        core: IndexMapCore {",
                  "            indices: Indices::new(),",
                  "            entries: Entries::new(),",
                  "        },",
                  "        hash_builder: DummyHashBuilder,",
                  "    };",
                  "",
                  "    map.insert(1, \"one\".to_string());",
                  "    map.insert(2, \"two\".to_string());",
                  "    map.insert(3, \"three\".to_string());",
                  "",
                  "    map.retain(|k, _| *k != 2);",
                  "",
                  "    assert_eq!(map.len(), 2);",
                  "    assert!(map.contains_key(&1));",
                  "    assert!(map.contains_key(&3));",
                  "    assert!(!map.contains_key(&2));",
                  "}"
                ]
              ],
              "can_compile": [
                {
                  "Err": "   Compiling libc v0.2.172\n   Compiling proc-macro2 v1.0.95\n   Compiling syn v1.0.109\n   Compiling zerocopy v0.8.25\n   Compiling getrandom v0.3.2\n   Compiling quote v1.0.40\n   Compiling syn v2.0.101\n   Compiling getrandom v0.2.16\n   Compiling rand_core v0.6.4\n   Compiling rand_core v0.9.3\n   Compiling rand v0.8.5\n   Compiling quickcheck v1.0.3\n   Compiling ppv-lite86 v0.2.21\n   Compiling rand_chacha v0.9.0\n   Compiling rand v0.9.1\n   Compiling serde_derive v1.0.219\n   Compiling ntest_test_cases v0.9.3\n   Compiling ntest_timeout v0.9.3\n   Compiling ntest v0.9.3\n   Compiling indexmap v2.9.0 (/home/abezbm/rust-utgen-test-crates-new/indexmap)\nerror[E0433]: failed to resolve: use of undeclared type `Indices`\n    --> src/map.rs:1663:22\n     |\n1663 |             indices: Indices::new(),\n     |                      ^^^^^^^ use of undeclared type `Indices`\n     |\nnote: type alias `crate::map::core::Indices` exists but is inaccessible\n    --> src/map/core.rs:24:1\n     |\n24   | type Indices = hash_table::HashTable<usize>;\n     | ^^^^^^^^^^^^^^^^^^^^^^^^^^^^^^^^^^^^^^^^^^^^ not accessible\n\nwarning: unused import: `super::*`\n   --> src/map/slice.rs:520:9\n    |\n520 |     use super::*;\n    |         ^^^^^^^^\n    |\n    = note: `#[warn(unused_imports)]` on by default\n\nwarning: unused import: `super::*`\n --> src/map/tests.rs:1:5\n  |\n1 | use super::*;\n  |     ^^^^^^^^\n\nwarning: unused import: `std::string::String`\n --> src/map/tests.rs:2:5\n  |\n2 | use std::string::String;\n  |     ^^^^^^^^^^^^^^^^^^^\n\nwarning: unused macro definition: `move_index_oob`\n   --> src/map/tests.rs:817:14\n    |\n817 | macro_rules! move_index_oob {\n    |              ^^^^^^^^^^^^^^\n    |\n    = note: `#[warn(unused_macros)]` on by default\n\nwarning: unused import: `ntest::timeout`\n    --> src/map.rs:1655:8\n     |\n1655 |    use ntest::timeout;\n     |        ^^^^^^^^^^^^^^\n\nwarning: unused import: `super::*`\n   --> src/set/slice.rs:334:9\n    |\n334 |     use super::*;\n    |         ^^^^^^^^\n\nwarning: unused import: `super::*`\n --> src/set/tests.rs:1:5\n  |\n1 | use super::*;\n  |     ^^^^^^^^\n\nwarning: unused import: `std::string::String`\n --> src/set/tests.rs:2:5\n  |\n2 | use std::string::String;\n  |     ^^^^^^^^^^^^^^^^^^^\n\nerror[E0191]: the value of the associated type `Entry` in `Entries` must be specified\n    --> src/map.rs:1664:22\n     |\n1664 |             entries: Entries::new(),\n     |                      ^^^^^^^ help: specify the associated type: `Entries::<Entry = Type>`\n     |\n    ::: src/lib.rs:207:5\n     |\n207  |     type Entry;\n     |     ---------- `Entry` defined here\n\nerror[E0782]: trait objects must include the `dyn` keyword\n    --> src/map.rs:1664:22\n     |\n1664 |             entries: Entries::new(),\n     |                      ^^^^^^^\n     |\nhelp: add `dyn` keyword before this trait\n     |\n1664 |             entries: <dyn Entries>::new(),\n     |                      ++++        +\n\nerror[E0599]: no function or associated item named `new` found for trait `Entries`\n    --> src/map.rs:1664:31\n     |\n1664 |             entries: Entries::new(),\n     |                               ^^^ function or associated item not found in `Entries`\n     |\n     = note: the following traits define an item `new`, perhaps you need to implement one of them:\n             candidate #1: `itertools::adaptors::coalesce::CountItem`\n             candidate #2: `rand::distr::uniform::UniformSampler`\n             candidate #3: `rand::distributions::uniform::UniformSampler`\n\nerror[E0599]: the method `insert` exists for struct `IndexMap<i32, String, DummyHashBuilder>`, but its trait bounds were not satisfied\n    --> src/map.rs:1669:9\n     |\n87   | pub struct IndexMap<K, V, S = RandomState> {\n     | ------------------------------------------ method `insert` not found for this struct\n...\n1659 |     struct DummyHashBuilder;\n     |     ----------------------- doesn't satisfy `DummyHashBuilder: BuildHasher`\n...\n1669 |     map.insert(1, \"one\".to_string());\n     |         ^^^^^^\n     |\nnote: trait bound `DummyHashBuilder: BuildHasher` was not satisfied\n    --> src/map.rs:384:8\n     |\n381  | impl<K, V, S> IndexMap<K, V, S>\n     |               -----------------\n...\n384  |     S: BuildHasher,\n     |        ^^^^^^^^^^^ unsatisfied trait bound introduced here\nnote: the trait `BuildHasher` must be implemented\n    --> /home/abezbm/.rustup/toolchains/nightly-2024-07-21-x86_64-unknown-linux-gnu/lib/rustlib/src/rust/library/core/src/hash/mod.rs:640:1\n     |\n640  | pub trait BuildHasher {\n     | ^^^^^^^^^^^^^^^^^^^^^\n     = help: items from traits can only be used if the trait is implemented and in scope\n     = note: the following traits define an item `insert`, perhaps you need to implement one of them:\n             candidate #1: `ppv_lite86::Vec2`\n             candidate #2: `ppv_lite86::Vec4`\n\nerror[E0599]: the method `insert` exists for struct `IndexMap<i32, String, DummyHashBuilder>`, but its trait bounds were not satisfied\n    --> src/map.rs:1670:9\n     |\n87   | pub struct IndexMap<K, V, S = RandomState> {\n     | ------------------------------------------ method `insert` not found for this struct\n...\n1659 |     struct DummyHashBuilder;\n     |     ----------------------- doesn't satisfy `DummyHashBuilder: BuildHasher`\n...\n1670 |     map.insert(2, \"two\".to_string());\n     |         ^^^^^^\n     |\nnote: trait bound `DummyHashBuilder: BuildHasher` was not satisfied\n    --> src/map.rs:384:8\n     |\n381  | impl<K, V, S> IndexMap<K, V, S>\n     |               -----------------\n...\n384  |     S: BuildHasher,\n     |        ^^^^^^^^^^^ unsatisfied trait bound introduced here\nnote: the trait `BuildHasher` must be implemented\n    --> /home/abezbm/.rustup/toolchains/nightly-2024-07-21-x86_64-unknown-linux-gnu/lib/rustlib/src/rust/library/core/src/hash/mod.rs:640:1\n     |\n640  | pub trait BuildHasher {\n     | ^^^^^^^^^^^^^^^^^^^^^\n     = help: items from traits can only be used if the trait is implemented and in scope\n     = note: the following traits define an item `insert`, perhaps you need to implement one of them:\n             candidate #1: `ppv_lite86::Vec2`\n             candidate #2: `ppv_lite86::Vec4`\n\nerror[E0599]: the method `insert` exists for struct `IndexMap<i32, String, DummyHashBuilder>`, but its trait bounds were not satisfied\n    --> src/map.rs:1671:9\n     |\n87   | pub struct IndexMap<K, V, S = RandomState> {\n     | ------------------------------------------ method `insert` not found for this struct\n...\n1659 |     struct DummyHashBuilder;\n     |     ----------------------- doesn't satisfy `DummyHashBuilder: BuildHasher`\n...\n1671 |     map.insert(3, \"three\".to_string());\n     |         ^^^^^^\n     |\nnote: trait bound `DummyHashBuilder: BuildHasher` was not satisfied\n    --> src/map.rs:384:8\n     |\n381  | impl<K, V, S> IndexMap<K, V, S>\n     |               -----------------\n...\n384  |     S: BuildHasher,\n     |        ^^^^^^^^^^^ unsatisfied trait bound introduced here\nnote: the trait `BuildHasher` must be implemented\n    --> /home/abezbm/.rustup/toolchains/nightly-2024-07-21-x86_64-unknown-linux-gnu/lib/rustlib/src/rust/library/core/src/hash/mod.rs:640:1\n     |\n640  | pub trait BuildHasher {\n     | ^^^^^^^^^^^^^^^^^^^^^\n     = help: items from traits can only be used if the trait is implemented and in scope\n     = note: the following traits define an item `insert`, perhaps you need to implement one of them:\n             candidate #1: `ppv_lite86::Vec2`\n             candidate #2: `ppv_lite86::Vec4`\n\nerror[E0599]: the method `contains_key` exists for struct `IndexMap<i32, String, DummyHashBuilder>`, but its trait bounds were not satisfied\n    --> src/map.rs:1676:17\n     |\n87   | pub struct IndexMap<K, V, S = RandomState> {\n     | ------------------------------------------ method `contains_key` not found for this struct\n...\n1659 |     struct DummyHashBuilder;\n     |     ----------------------- doesn't satisfy `DummyHashBuilder: BuildHasher`\n...\n1676 |     assert!(map.contains_key(&1));\n     |                 ^^^^^^^^^^^^ method cannot be called on `IndexMap<i32, String, DummyHashBuilder>` due to unsatisfied trait bounds\n     |\nnote: trait bound `DummyHashBuilder: BuildHasher` was not satisfied\n    --> src/map.rs:689:8\n     |\n687  | impl<K, V, S> IndexMap<K, V, S>\n     |               -----------------\n688  | where\n689  |     S: BuildHasher,\n     |        ^^^^^^^^^^^ unsatisfied trait bound introduced here\nnote: the trait `BuildHasher` must be implemented\n    --> /home/abezbm/.rustup/toolchains/nightly-2024-07-21-x86_64-unknown-linux-gnu/lib/rustlib/src/rust/library/core/src/hash/mod.rs:640:1\n     |\n640  | pub trait BuildHasher {\n     | ^^^^^^^^^^^^^^^^^^^^^\n\nerror[E0599]: the method `contains_key` exists for struct `IndexMap<i32, String, DummyHashBuilder>`, but its trait bounds were not satisfied\n    --> src/map.rs:1677:17\n     |\n87   | pub struct IndexMap<K, V, S = RandomState> {\n     | ------------------------------------------ method `contains_key` not found for this struct\n...\n1659 |     struct DummyHashBuilder;\n     |     ----------------------- doesn't satisfy `DummyHashBuilder: BuildHasher`\n...\n1677 |     assert!(map.contains_key(&3));\n     |                 ^^^^^^^^^^^^ method cannot be called on `IndexMap<i32, String, DummyHashBuilder>` due to unsatisfied trait bounds\n     |\nnote: trait bound `DummyHashBuilder: BuildHasher` was not satisfied\n    --> src/map.rs:689:8\n     |\n687  | impl<K, V, S> IndexMap<K, V, S>\n     |               -----------------\n688  | where\n689  |     S: BuildHasher,\n     |        ^^^^^^^^^^^ unsatisfied trait bound introduced here\nnote: the trait `BuildHasher` must be implemented\n    --> /home/abezbm/.rustup/toolchains/nightly-2024-07-21-x86_64-unknown-linux-gnu/lib/rustlib/src/rust/library/core/src/hash/mod.rs:640:1\n     |\n640  | pub trait BuildHasher {\n     | ^^^^^^^^^^^^^^^^^^^^^\n\nerror[E0599]: the method `contains_key` exists for struct `IndexMap<i32, String, DummyHashBuilder>`, but its trait bounds were not satisfied\n    --> src/map.rs:1678:18\n     |\n87   | pub struct IndexMap<K, V, S = RandomState> {\n     | ------------------------------------------ method `contains_key` not found for this struct\n...\n1659 |     struct DummyHashBuilder;\n     |     ----------------------- doesn't satisfy `DummyHashBuilder: BuildHasher`\n...\n1678 |     assert!(!map.contains_key(&2));\n     |                  ^^^^^^^^^^^^ method cannot be called on `IndexMap<i32, String, DummyHashBuilder>` due to unsatisfied trait bounds\n     |\nnote: trait bound `DummyHashBuilder: BuildHasher` was not satisfied\n    --> src/map.rs:689:8\n     |\n687  | impl<K, V, S> IndexMap<K, V, S>\n     |               -----------------\n688  | where\n689  |     S: BuildHasher,\n     |        ^^^^^^^^^^^ unsatisfied trait bound introduced here\nnote: the trait `BuildHasher` must be implemented\n    --> /home/abezbm/.rustup/toolchains/nightly-2024-07-21-x86_64-unknown-linux-gnu/lib/rustlib/src/rust/library/core/src/hash/mod.rs:640:1\n     |\n640  | pub trait BuildHasher {\n     | ^^^^^^^^^^^^^^^^^^^^^\n\nSome errors have detailed explanations: E0191, E0433, E0599, E0782.\nFor more information about an error, try `rustc --explain E0191`.\nwarning: `indexmap` (lib test) generated 8 warnings\nerror: could not compile `indexmap` (lib test) due to 10 previous errors; 8 warnings emitted\n"
                }
              ],
              "repaired": [
                false
              ]
            }
          ]
        }
      ]
    }
  ]
}