{
  "name": "indexmap::map::map::IndexMap<K, V, S>::sort_unstable_by",
  "name_with_impl": "indexmap::map::{impl#7}::sort_unstable_by",
  "mod_info": {
    "name": "map",
    "loc": "src/lib.rs:122:1:122:13"
  },
  "visible": true,
  "loc": "src/map.rs:1069:5:1076:6",
  "fn_tests": [
    {
      "chain_id": 0,
      "prompt_conds": [],
      "input_infer": "",
      "answers": [
        {
          "uses": [],
          "has_test_mod": false,
          "common": [],
          "chain_tests": [
            {
              "attrs": [],
              "prefix": [],
              "oracles": [],
              "codes": [
                [
                  "{",
                  "    struct TestMap {",
                  "        core: IndexMapCore<i32, String>,",
                  "    }",
                  "",
                  "    impl TestMap {",
                  "        fn new() -> Self {",
                  "            Self {",
                  "                core: IndexMapCore {",
                  "                    indices: Indices::new(),",
                  "                    entries: Entries::new(),",
                  "                },",
                  "            }",
                  "        }",
                  "",
                  "        fn as_mut_slice(&mut self) -> &mut Slice<i32, String> {",
                  "            self.core.entries.as_mut_slice()",
                  "        }",
                  "",
                  "        fn with_entries<F>(&mut self, f: F)",
                  "        where",
                  "            F: FnOnce(&mut [Entry<i32, String>]),",
                  "        {",
                  "            f(self.as_mut_slice());",
                  "        }",
                  "    }",
                  "",
                  "    let mut map = TestMap::new();",
                  "    map.core.entries.push(Entry::new(3, \"three\".to_string()));",
                  "    map.core.entries.push(Entry::new(1, \"one\".to_string()));",
                  "    map.core.entries.push(Entry::new(2, \"two\".to_string()));",
                  "",
                  "    map.sort_unstable_by(|k1, v1, k2, v2| k1.cmp(k2));",
                  "",
                  "    assert_eq!(map.core.entries[0].key, 1);",
                  "    assert_eq!(map.core.entries[1].key, 2);",
                  "    assert_eq!(map.core.entries[2].key, 3);",
                  "}"
                ]
              ],
              "can_compile": [
                {
                  "Err": "   Compiling libc v0.2.172\n   Compiling proc-macro2 v1.0.95\n   Compiling syn v1.0.109\n   Compiling getrandom v0.3.2\n   Compiling zerocopy v0.8.25\n   Compiling quote v1.0.40\n   Compiling syn v2.0.101\n   Compiling getrandom v0.2.16\n   Compiling rand_core v0.6.4\n   Compiling rand_core v0.9.3\n   Compiling rand v0.8.5\n   Compiling quickcheck v1.0.3\n   Compiling ppv-lite86 v0.2.21\n   Compiling rand_chacha v0.9.0\n   Compiling rand v0.9.1\n   Compiling serde_derive v1.0.219\n   Compiling ntest_timeout v0.9.3\n   Compiling ntest_test_cases v0.9.3\n   Compiling ntest v0.9.3\n   Compiling indexmap v2.9.0 (/home/abezbm/rust-utgen-test-crates-new/indexmap)\nerror[E0433]: failed to resolve: use of undeclared type `Indices`\n    --> src/map.rs:1667:30\n     |\n1667 |                     indices: Indices::new(),\n     |                              ^^^^^^^ use of undeclared type `Indices`\n     |\nnote: type alias `crate::map::core::Indices` exists but is inaccessible\n    --> src/map/core.rs:24:1\n     |\n24   | type Indices = hash_table::HashTable<usize>;\n     | ^^^^^^^^^^^^^^^^^^^^^^^^^^^^^^^^^^^^^^^^^^^^ not accessible\n\nwarning: unused import: `super::*`\n   --> src/map/slice.rs:520:9\n    |\n520 |     use super::*;\n    |         ^^^^^^^^\n    |\n    = note: `#[warn(unused_imports)]` on by default\n\nwarning: unused import: `super::*`\n --> src/map/tests.rs:1:5\n  |\n1 | use super::*;\n  |     ^^^^^^^^\n\nwarning: unused import: `std::string::String`\n --> src/map/tests.rs:2:5\n  |\n2 | use std::string::String;\n  |     ^^^^^^^^^^^^^^^^^^^\n\nwarning: unused macro definition: `move_index_oob`\n   --> src/map/tests.rs:817:14\n    |\n817 | macro_rules! move_index_oob {\n    |              ^^^^^^^^^^^^^^\n    |\n    = note: `#[warn(unused_macros)]` on by default\n\nwarning: unused import: `ntest::timeout`\n    --> src/map.rs:1655:8\n     |\n1655 |    use ntest::timeout;\n     |        ^^^^^^^^^^^^^^\n\nwarning: hidden lifetime parameters in types are deprecated\n    --> src/map.rs:1679:34\n     |\n1679 |             F: FnOnce(&mut [Entry<i32, String>]),\n     |                             -----^------------ expected lifetime parameter\n     |\nnote: the lint level is defined here\n    --> src/lib.rs:3:9\n     |\n3    | #![warn(rust_2018_idioms)]\n     |         ^^^^^^^^^^^^^^^^\n     = note: `#[warn(elided_lifetimes_in_paths)]` implied by `#[warn(rust_2018_idioms)]`\nhelp: indicate the anonymous lifetime\n     |\n1679 |             F: FnOnce(&mut [Entry<'_, i32, String>]),\n     |                                   +++\n\nwarning: unused import: `super::*`\n   --> src/set/slice.rs:334:9\n    |\n334 |     use super::*;\n    |         ^^^^^^^^\n\nwarning: unused import: `super::*`\n --> src/set/tests.rs:1:5\n  |\n1 | use super::*;\n  |     ^^^^^^^^\n\nwarning: unused import: `std::string::String`\n --> src/set/tests.rs:2:5\n  |\n2 | use std::string::String;\n  |     ^^^^^^^^^^^^^^^^^^^\n\nerror[E0616]: field `entries` of struct `core::IndexMapCore` is private\n    --> src/map.rs:1686:14\n     |\n1686 |     map.core.entries.push(Entry::new(3, \"three\".to_string()));\n     |              ^^^^^^^ private field\n\nerror[E0599]: no variant or associated item named `new` found for enum `entry::Entry` in the current scope\n    --> src/map.rs:1686:34\n     |\n1686 |     map.core.entries.push(Entry::new(3, \"three\".to_string()));\n     |                                  ^^^ variant or associated item not found in `Entry<'_, _, _>`\n     |\n    ::: src/map/core/entry.rs:26:1\n     |\n26   | pub enum Entry<'a, K, V> {\n     | ------------------------ variant or associated item `new` not found for this enum\n     |\n     = help: items from traits can only be used if the trait is implemented and in scope\n     = note: the following traits define an item `new`, perhaps you need to implement one of them:\n             candidate #1: `itertools::adaptors::coalesce::CountItem`\n             candidate #2: `rand::distr::uniform::UniformSampler`\n             candidate #3: `rand::distributions::uniform::UniformSampler`\n\nerror[E0616]: field `entries` of struct `core::IndexMapCore` is private\n    --> src/map.rs:1687:14\n     |\n1687 |     map.core.entries.push(Entry::new(1, \"one\".to_string()));\n     |              ^^^^^^^ private field\n\nerror[E0599]: no variant or associated item named `new` found for enum `entry::Entry` in the current scope\n    --> src/map.rs:1687:34\n     |\n1687 |     map.core.entries.push(Entry::new(1, \"one\".to_string()));\n     |                                  ^^^ variant or associated item not found in `Entry<'_, _, _>`\n     |\n    ::: src/map/core/entry.rs:26:1\n     |\n26   | pub enum Entry<'a, K, V> {\n     | ------------------------ variant or associated item `new` not found for this enum\n     |\n     = help: items from traits can only be used if the trait is implemented and in scope\n     = note: the following traits define an item `new`, perhaps you need to implement one of them:\n             candidate #1: `itertools::adaptors::coalesce::CountItem`\n             candidate #2: `rand::distr::uniform::UniformSampler`\n             candidate #3: `rand::distributions::uniform::UniformSampler`\n\nerror[E0616]: field `entries` of struct `core::IndexMapCore` is private\n    --> src/map.rs:1688:14\n     |\n1688 |     map.core.entries.push(Entry::new(2, \"two\".to_string()));\n     |              ^^^^^^^ private field\n\nerror[E0599]: no variant or associated item named `new` found for enum `entry::Entry` in the current scope\n    --> src/map.rs:1688:34\n     |\n1688 |     map.core.entries.push(Entry::new(2, \"two\".to_string()));\n     |                                  ^^^ variant or associated item not found in `Entry<'_, _, _>`\n     |\n    ::: src/map/core/entry.rs:26:1\n     |\n26   | pub enum Entry<'a, K, V> {\n     | ------------------------ variant or associated item `new` not found for this enum\n     |\n     = help: items from traits can only be used if the trait is implemented and in scope\n     = note: the following traits define an item `new`, perhaps you need to implement one of them:\n             candidate #1: `itertools::adaptors::coalesce::CountItem`\n             candidate #2: `rand::distr::uniform::UniformSampler`\n             candidate #3: `rand::distributions::uniform::UniformSampler`\n\nerror[E0599]: no method named `sort_unstable_by` found for struct `TestMap` in the current scope\n    --> src/map.rs:1690:9\n     |\n1659 |     struct TestMap {\n     |     -------------- method `sort_unstable_by` not found for this struct\n...\n1690 |     map.sort_unstable_by(|k1, v1, k2, v2| k1.cmp(k2));\n     |         ^^^^^^^^^^^^^^^^ method not found in `TestMap`\n\nerror[E0616]: field `entries` of struct `core::IndexMapCore` is private\n    --> src/map.rs:1692:25\n     |\n1692 |     assert_eq!(map.core.entries[0].key, 1);\n     |                         ^^^^^^^ private field\n\nerror[E0616]: field `entries` of struct `core::IndexMapCore` is private\n    --> src/map.rs:1693:25\n     |\n1693 |     assert_eq!(map.core.entries[1].key, 2);\n     |                         ^^^^^^^ private field\n\nerror[E0616]: field `entries` of struct `core::IndexMapCore` is private\n    --> src/map.rs:1694:25\n     |\n1694 |     assert_eq!(map.core.entries[2].key, 3);\n     |                         ^^^^^^^ private field\n\nerror[E0191]: the value of the associated type `Entry` in `Entries` must be specified\n    --> src/map.rs:1668:30\n     |\n1668 |                     entries: Entries::new(),\n     |                              ^^^^^^^ help: specify the associated type: `Entries::<Entry = Type>`\n     |\n    ::: src/lib.rs:207:5\n     |\n207  |     type Entry;\n     |     ---------- `Entry` defined here\n\nerror[E0782]: trait objects must include the `dyn` keyword\n    --> src/map.rs:1668:30\n     |\n1668 |                     entries: Entries::new(),\n     |                              ^^^^^^^\n     |\nhelp: add `dyn` keyword before this trait\n     |\n1668 |                     entries: <dyn Entries>::new(),\n     |                              ++++        +\n\nerror[E0599]: no function or associated item named `new` found for trait `Entries`\n    --> src/map.rs:1668:39\n     |\n1668 |                     entries: Entries::new(),\n     |                                       ^^^ function or associated item not found in `Entries`\n     |\n     = note: the following traits define an item `new`, perhaps you need to implement one of them:\n             candidate #1: `itertools::adaptors::coalesce::CountItem`\n             candidate #2: `rand::distr::uniform::UniformSampler`\n             candidate #3: `rand::distributions::uniform::UniformSampler`\n\nerror[E0616]: field `entries` of struct `core::IndexMapCore` is private\n    --> src/map.rs:1674:23\n     |\n1674 |             self.core.entries.as_mut_slice()\n     |                       ^^^^^^^ private field\n\nerror[E0308]: mismatched types\n    --> src/map.rs:1681:15\n     |\n1681 |             f(self.as_mut_slice());\n     |             - ^^^^^^^^^^^^^^^^^^^ expected `&mut [Entry<'_, i32, String>]`, found `&mut Slice<i32, String>`\n     |             |\n     |             arguments to this function are incorrect\n     |\n     = note: expected mutable reference `&mut [entry::Entry<'_, i32, String>]`\n                found mutable reference `&mut map::slice::Slice<i32, String>`\nnote: callable defined here\n    --> src/map.rs:1679:16\n     |\n1679 |             F: FnOnce(&mut [Entry<i32, String>]),\n     |                ^^^^^^^^^^^^^^^^^^^^^^^^^^^^^^^^^\n\nSome errors have detailed explanations: E0191, E0308, E0433, E0599, E0616, E0782.\nFor more information about an error, try `rustc --explain E0191`.\nwarning: `indexmap` (lib test) generated 9 warnings\nerror: could not compile `indexmap` (lib test) due to 16 previous errors; 9 warnings emitted\n"
                }
              ],
              "repaired": [
                false
              ]
            },
            {
              "attrs": [],
              "prefix": [],
              "oracles": [],
              "codes": [
                [
                  "{",
                  "    struct TestMap {",
                  "        core: IndexMapCore<i32, String>,",
                  "    }",
                  "",
                  "    impl TestMap {",
                  "        fn new() -> Self {",
                  "            Self {",
                  "                core: IndexMapCore {",
                  "                    indices: Indices::new(),",
                  "                    entries: Entries::new(),",
                  "                },",
                  "            }",
                  "        }",
                  "",
                  "        fn as_mut_slice(&mut self) -> &mut Slice<i32, String> {",
                  "            self.core.entries.as_mut_slice()",
                  "        }",
                  "",
                  "        fn with_entries<F>(&mut self, f: F)",
                  "        where",
                  "            F: FnOnce(&mut [Entry<i32, String>]),",
                  "        {",
                  "            f(self.as_mut_slice());",
                  "        }",
                  "    }",
                  "",
                  "    let mut map = TestMap::new();",
                  "    map.core.entries.push(Entry::new(1, \"one\".to_string()));",
                  "    map.core.entries.push(Entry::new(3, \"three\".to_string()));",
                  "    map.core.entries.push(Entry::new(2, \"two\".to_string()));",
                  "",
                  "    map.sort_unstable_by(|k1, v1, k2, v2| k2.cmp(k1));",
                  "",
                  "    assert_eq!(map.core.entries[0].key, 3);",
                  "    assert_eq!(map.core.entries[1].key, 2);",
                  "    assert_eq!(map.core.entries[2].key, 1);",
                  "}"
                ]
              ],
              "can_compile": [
                {
                  "Err": "   Compiling libc v0.2.172\n   Compiling proc-macro2 v1.0.95\n   Compiling getrandom v0.3.2\n   Compiling syn v1.0.109\n   Compiling zerocopy v0.8.25\n   Compiling quote v1.0.40\n   Compiling syn v2.0.101\n   Compiling getrandom v0.2.16\n   Compiling rand_core v0.6.4\n   Compiling rand_core v0.9.3\n   Compiling rand v0.8.5\n   Compiling quickcheck v1.0.3\n   Compiling ppv-lite86 v0.2.21\n   Compiling rand_chacha v0.9.0\n   Compiling rand v0.9.1\n   Compiling serde_derive v1.0.219\n   Compiling ntest_test_cases v0.9.3\n   Compiling ntest_timeout v0.9.3\n   Compiling ntest v0.9.3\n   Compiling indexmap v2.9.0 (/home/abezbm/rust-utgen-test-crates-new/indexmap)\nerror[E0433]: failed to resolve: use of undeclared type `Indices`\n    --> src/map.rs:1667:30\n     |\n1667 |                     indices: Indices::new(),\n     |                              ^^^^^^^ use of undeclared type `Indices`\n     |\nnote: type alias `crate::map::core::Indices` exists but is inaccessible\n    --> src/map/core.rs:24:1\n     |\n24   | type Indices = hash_table::HashTable<usize>;\n     | ^^^^^^^^^^^^^^^^^^^^^^^^^^^^^^^^^^^^^^^^^^^^ not accessible\n\nwarning: unused import: `super::*`\n   --> src/map/slice.rs:520:9\n    |\n520 |     use super::*;\n    |         ^^^^^^^^\n    |\n    = note: `#[warn(unused_imports)]` on by default\n\nwarning: unused import: `super::*`\n --> src/map/tests.rs:1:5\n  |\n1 | use super::*;\n  |     ^^^^^^^^\n\nwarning: unused import: `std::string::String`\n --> src/map/tests.rs:2:5\n  |\n2 | use std::string::String;\n  |     ^^^^^^^^^^^^^^^^^^^\n\nwarning: unused macro definition: `move_index_oob`\n   --> src/map/tests.rs:817:14\n    |\n817 | macro_rules! move_index_oob {\n    |              ^^^^^^^^^^^^^^\n    |\n    = note: `#[warn(unused_macros)]` on by default\n\nwarning: unused import: `ntest::timeout`\n    --> src/map.rs:1655:8\n     |\n1655 |    use ntest::timeout;\n     |        ^^^^^^^^^^^^^^\n\nwarning: hidden lifetime parameters in types are deprecated\n    --> src/map.rs:1679:34\n     |\n1679 |             F: FnOnce(&mut [Entry<i32, String>]),\n     |                             -----^------------ expected lifetime parameter\n     |\nnote: the lint level is defined here\n    --> src/lib.rs:3:9\n     |\n3    | #![warn(rust_2018_idioms)]\n     |         ^^^^^^^^^^^^^^^^\n     = note: `#[warn(elided_lifetimes_in_paths)]` implied by `#[warn(rust_2018_idioms)]`\nhelp: indicate the anonymous lifetime\n     |\n1679 |             F: FnOnce(&mut [Entry<'_, i32, String>]),\n     |                                   +++\n\nwarning: unused import: `super::*`\n   --> src/set/slice.rs:334:9\n    |\n334 |     use super::*;\n    |         ^^^^^^^^\n\nwarning: unused import: `super::*`\n --> src/set/tests.rs:1:5\n  |\n1 | use super::*;\n  |     ^^^^^^^^\n\nwarning: unused import: `std::string::String`\n --> src/set/tests.rs:2:5\n  |\n2 | use std::string::String;\n  |     ^^^^^^^^^^^^^^^^^^^\n\nerror[E0616]: field `entries` of struct `core::IndexMapCore` is private\n    --> src/map.rs:1686:14\n     |\n1686 |     map.core.entries.push(Entry::new(1, \"one\".to_string()));\n     |              ^^^^^^^ private field\n\nerror[E0599]: no variant or associated item named `new` found for enum `entry::Entry` in the current scope\n    --> src/map.rs:1686:34\n     |\n1686 |     map.core.entries.push(Entry::new(1, \"one\".to_string()));\n     |                                  ^^^ variant or associated item not found in `Entry<'_, _, _>`\n     |\n    ::: src/map/core/entry.rs:26:1\n     |\n26   | pub enum Entry<'a, K, V> {\n     | ------------------------ variant or associated item `new` not found for this enum\n     |\n     = help: items from traits can only be used if the trait is implemented and in scope\n     = note: the following traits define an item `new`, perhaps you need to implement one of them:\n             candidate #1: `itertools::adaptors::coalesce::CountItem`\n             candidate #2: `rand::distr::uniform::UniformSampler`\n             candidate #3: `rand::distributions::uniform::UniformSampler`\n\nerror[E0616]: field `entries` of struct `core::IndexMapCore` is private\n    --> src/map.rs:1687:14\n     |\n1687 |     map.core.entries.push(Entry::new(3, \"three\".to_string()));\n     |              ^^^^^^^ private field\n\nerror[E0599]: no variant or associated item named `new` found for enum `entry::Entry` in the current scope\n    --> src/map.rs:1687:34\n     |\n1687 |     map.core.entries.push(Entry::new(3, \"three\".to_string()));\n     |                                  ^^^ variant or associated item not found in `Entry<'_, _, _>`\n     |\n    ::: src/map/core/entry.rs:26:1\n     |\n26   | pub enum Entry<'a, K, V> {\n     | ------------------------ variant or associated item `new` not found for this enum\n     |\n     = help: items from traits can only be used if the trait is implemented and in scope\n     = note: the following traits define an item `new`, perhaps you need to implement one of them:\n             candidate #1: `itertools::adaptors::coalesce::CountItem`\n             candidate #2: `rand::distr::uniform::UniformSampler`\n             candidate #3: `rand::distributions::uniform::UniformSampler`\n\nerror[E0616]: field `entries` of struct `core::IndexMapCore` is private\n    --> src/map.rs:1688:14\n     |\n1688 |     map.core.entries.push(Entry::new(2, \"two\".to_string()));\n     |              ^^^^^^^ private field\n\nerror[E0599]: no variant or associated item named `new` found for enum `entry::Entry` in the current scope\n    --> src/map.rs:1688:34\n     |\n1688 |     map.core.entries.push(Entry::new(2, \"two\".to_string()));\n     |                                  ^^^ variant or associated item not found in `Entry<'_, _, _>`\n     |\n    ::: src/map/core/entry.rs:26:1\n     |\n26   | pub enum Entry<'a, K, V> {\n     | ------------------------ variant or associated item `new` not found for this enum\n     |\n     = help: items from traits can only be used if the trait is implemented and in scope\n     = note: the following traits define an item `new`, perhaps you need to implement one of them:\n             candidate #1: `itertools::adaptors::coalesce::CountItem`\n             candidate #2: `rand::distr::uniform::UniformSampler`\n             candidate #3: `rand::distributions::uniform::UniformSampler`\n\nerror[E0599]: no method named `sort_unstable_by` found for struct `TestMap` in the current scope\n    --> src/map.rs:1690:9\n     |\n1659 |     struct TestMap {\n     |     -------------- method `sort_unstable_by` not found for this struct\n...\n1690 |     map.sort_unstable_by(|k1, v1, k2, v2| k2.cmp(k1));\n     |         ^^^^^^^^^^^^^^^^ method not found in `TestMap`\n\nerror[E0616]: field `entries` of struct `core::IndexMapCore` is private\n    --> src/map.rs:1692:25\n     |\n1692 |     assert_eq!(map.core.entries[0].key, 3);\n     |                         ^^^^^^^ private field\n\nerror[E0616]: field `entries` of struct `core::IndexMapCore` is private\n    --> src/map.rs:1693:25\n     |\n1693 |     assert_eq!(map.core.entries[1].key, 2);\n     |                         ^^^^^^^ private field\n\nerror[E0616]: field `entries` of struct `core::IndexMapCore` is private\n    --> src/map.rs:1694:25\n     |\n1694 |     assert_eq!(map.core.entries[2].key, 1);\n     |                         ^^^^^^^ private field\n\nerror[E0191]: the value of the associated type `Entry` in `Entries` must be specified\n    --> src/map.rs:1668:30\n     |\n1668 |                     entries: Entries::new(),\n     |                              ^^^^^^^ help: specify the associated type: `Entries::<Entry = Type>`\n     |\n    ::: src/lib.rs:207:5\n     |\n207  |     type Entry;\n     |     ---------- `Entry` defined here\n\nerror[E0782]: trait objects must include the `dyn` keyword\n    --> src/map.rs:1668:30\n     |\n1668 |                     entries: Entries::new(),\n     |                              ^^^^^^^\n     |\nhelp: add `dyn` keyword before this trait\n     |\n1668 |                     entries: <dyn Entries>::new(),\n     |                              ++++        +\n\nerror[E0599]: no function or associated item named `new` found for trait `Entries`\n    --> src/map.rs:1668:39\n     |\n1668 |                     entries: Entries::new(),\n     |                                       ^^^ function or associated item not found in `Entries`\n     |\n     = note: the following traits define an item `new`, perhaps you need to implement one of them:\n             candidate #1: `itertools::adaptors::coalesce::CountItem`\n             candidate #2: `rand::distr::uniform::UniformSampler`\n             candidate #3: `rand::distributions::uniform::UniformSampler`\n\nerror[E0616]: field `entries` of struct `core::IndexMapCore` is private\n    --> src/map.rs:1674:23\n     |\n1674 |             self.core.entries.as_mut_slice()\n     |                       ^^^^^^^ private field\n\nerror[E0308]: mismatched types\n    --> src/map.rs:1681:15\n     |\n1681 |             f(self.as_mut_slice());\n     |             - ^^^^^^^^^^^^^^^^^^^ expected `&mut [Entry<'_, i32, String>]`, found `&mut Slice<i32, String>`\n     |             |\n     |             arguments to this function are incorrect\n     |\n     = note: expected mutable reference `&mut [entry::Entry<'_, i32, String>]`\n                found mutable reference `&mut map::slice::Slice<i32, String>`\nnote: callable defined here\n    --> src/map.rs:1679:16\n     |\n1679 |             F: FnOnce(&mut [Entry<i32, String>]),\n     |                ^^^^^^^^^^^^^^^^^^^^^^^^^^^^^^^^^\n\nSome errors have detailed explanations: E0191, E0308, E0433, E0599, E0616, E0782.\nFor more information about an error, try `rustc --explain E0191`.\nwarning: `indexmap` (lib test) generated 9 warnings\nerror: could not compile `indexmap` (lib test) due to 16 previous errors; 9 warnings emitted\n"
                }
              ],
              "repaired": [
                false
              ]
            }
          ]
        }
      ]
    }
  ]
}