{
  "name": "indexmap::map::core::entry::map::core::entry::IndexedEntry<'a, K, V>::get",
  "name_with_impl": "indexmap::map::core::entry::{impl#8}::get",
  "mod_info": {
    "name": "map::core::entry",
    "loc": "src/map/core.rs:10:1:10:11"
  },
  "visible": true,
  "loc": "src/map/core/entry.rs:457:5:459:6",
  "fn_tests": [
    {
      "chain_id": 0,
      "prompt_conds": [],
      "input_infer": "",
      "answers": [
        {
          "uses": [],
          "has_test_mod": false,
          "common": [],
          "chain_tests": [
            {
              "attrs": [],
              "prefix": [],
              "oracles": [],
              "codes": [
                [
                  "{",
                  "    #[derive(Debug)]",
                  "    struct TestKey(u32);",
                  "    #[derive(Debug)]",
                  "    struct TestValue(u32);",
                  "",
                  "    let mut entries = vec![",
                  "        Bucket {",
                  "            hash: HashValue::default(),",
                  "            key: TestKey(1),",
                  "            value: TestValue(10),",
                  "        },",
                  "        Bucket {",
                  "            hash: HashValue::default(),",
                  "            key: TestKey(2),",
                  "            value: TestValue(20),",
                  "        },",
                  "    ];",
                  "",
                  "    let mut indices = // Initialize indices as appropriate for testing",
                  "",
                  "    let mut map = IndexMapCore {",
                  "        entries,",
                  "        // Initialize other necessary fields",
                  "    };",
                  "",
                  "    let entry = IndexedEntry::new(&mut map, 1);",
                  "",
                  "    assert_eq!(entry.get(), &TestValue(20));",
                  "}"
                ]
              ],
              "can_compile": [
                {
                  "Err": "   Compiling libc v0.2.172\n   Compiling proc-macro2 v1.0.95\n   Compiling zerocopy v0.8.25\n   Compiling syn v1.0.109\n   Compiling getrandom v0.3.2\n   Compiling quote v1.0.40\n   Compiling syn v2.0.101\n   Compiling getrandom v0.2.16\n   Compiling rand_core v0.6.4\n   Compiling rand_core v0.9.3\n   Compiling rand v0.8.5\n   Compiling quickcheck v1.0.3\n   Compiling ppv-lite86 v0.2.21\n   Compiling rand_chacha v0.9.0\n   Compiling rand v0.9.1\n   Compiling serde_derive v1.0.219\n   Compiling ntest_test_cases v0.9.3\n   Compiling ntest_timeout v0.9.3\n   Compiling ntest v0.9.3\n   Compiling indexmap v2.9.0 (/home/abezbm/rust-utgen-test-crates-new/indexmap)\nerror: expected expression, found `let` statement\n   --> src/map/core/entry.rs:599:5\n    |\n599 |     let mut map = IndexMapCore {\n    |     ^^^\n    |\n    = note: only supported directly in conditions of `if` and `while` expressions\n\nerror[E0422]: cannot find struct, variant or union type `Bucket` in this scope\n   --> src/map/core/entry.rs:585:9\n    |\n585 |         Bucket {\n    |         ^^^^^^ not found in this scope\n    |\nhelp: consider importing this struct\n    |\n574 +    use crate::Bucket;\n    |\n\nerror[E0422]: cannot find struct, variant or union type `Bucket` in this scope\n   --> src/map/core/entry.rs:590:9\n    |\n590 |         Bucket {\n    |         ^^^^^^ not found in this scope\n    |\nhelp: consider importing this struct\n    |\n574 +    use crate::Bucket;\n    |\n\nwarning: unused import: `ntest::timeout`\n   --> src/map/core/entry.rs:575:8\n    |\n575 |    use ntest::timeout;\n    |        ^^^^^^^^^^^^^^\n    |\n    = note: `#[warn(unused_imports)]` on by default\n\nwarning: unused import: `super::*`\n   --> src/map/slice.rs:520:9\n    |\n520 |     use super::*;\n    |         ^^^^^^^^\n\nwarning: unused import: `super::*`\n --> src/map/tests.rs:1:5\n  |\n1 | use super::*;\n  |     ^^^^^^^^\n\nwarning: unused import: `std::string::String`\n --> src/map/tests.rs:2:5\n  |\n2 | use std::string::String;\n  |     ^^^^^^^^^^^^^^^^^^^\n\nwarning: unused macro definition: `move_index_oob`\n   --> src/map/tests.rs:817:14\n    |\n817 | macro_rules! move_index_oob {\n    |              ^^^^^^^^^^^^^^\n    |\n    = note: `#[warn(unused_macros)]` on by default\n\nwarning: unused import: `super::*`\n   --> src/set/slice.rs:334:9\n    |\n334 |     use super::*;\n    |         ^^^^^^^^\n\nwarning: unused import: `super::*`\n --> src/set/tests.rs:1:5\n  |\n1 | use super::*;\n  |     ^^^^^^^^\n\nwarning: unused import: `std::string::String`\n --> src/set/tests.rs:2:5\n  |\n2 | use std::string::String;\n  |     ^^^^^^^^^^^^^^^^^^^\n\nerror[E0599]: no function or associated item named `default` found for struct `HashValue` in the current scope\n   --> src/map/core/entry.rs:586:30\n    |\n586 |             hash: HashValue::default(),\n    |                              ^^^^^^^ function or associated item not found in `HashValue`\n    |\n   ::: src/lib.rs:139:1\n    |\n139 | struct HashValue(usize);\n    | ---------------- function or associated item `default` not found for this struct\n    |\n    = help: items from traits can only be used if the trait is implemented and in scope\n    = note: the following trait defines an item `default`, perhaps you need to implement it:\n            candidate #1: `Default`\n\nerror[E0599]: no function or associated item named `default` found for struct `HashValue` in the current scope\n   --> src/map/core/entry.rs:591:30\n    |\n591 |             hash: HashValue::default(),\n    |                              ^^^^^^^ function or associated item not found in `HashValue`\n    |\n   ::: src/lib.rs:139:1\n    |\n139 | struct HashValue(usize);\n    | ---------------- function or associated item `default` not found for this struct\n    |\n    = help: items from traits can only be used if the trait is implemented and in scope\n    = note: the following trait defines an item `default`, perhaps you need to implement it:\n            candidate #1: `Default`\n\nerror[E0063]: missing field `indices` in initializer of `core::IndexMapCore<_, _>`\n   --> src/map/core/entry.rs:599:19\n    |\n599 |     let mut map = IndexMapCore {\n    |                   ^^^^^^^^^^^^ missing `indices`\n\nSome errors have detailed explanations: E0063, E0422, E0599.\nFor more information about an error, try `rustc --explain E0063`.\nwarning: `indexmap` (lib test) generated 8 warnings\nerror: could not compile `indexmap` (lib test) due to 6 previous errors; 8 warnings emitted\n"
                }
              ],
              "repaired": [
                false
              ]
            },
            {
              "attrs": [],
              "prefix": [],
              "oracles": [],
              "codes": [
                [
                  "{",
                  "    #[derive(Debug)]",
                  "    struct TestKey(u32);",
                  "    #[derive(Debug)]",
                  "    struct TestValue(u32);",
                  "",
                  "    let mut entries = vec![",
                  "        Bucket {",
                  "            hash: HashValue::default(),",
                  "            key: TestKey(1),",
                  "            value: TestValue(10),",
                  "        },",
                  "    ];",
                  "",
                  "    let mut indices = // Initialize indices as appropriate for testing",
                  "",
                  "    let mut map = IndexMapCore {",
                  "        entries,",
                  "        // Initialize other necessary fields",
                  "    };",
                  "",
                  "    let entry = IndexedEntry::new(&mut map, 0);",
                  "",
                  "    assert_eq!(entry.get(), &TestValue(10));",
                  "}"
                ]
              ],
              "can_compile": [
                {
                  "Err": "   Compiling libc v0.2.172\n   Compiling proc-macro2 v1.0.95\n   Compiling syn v1.0.109\n   Compiling zerocopy v0.8.25\n   Compiling getrandom v0.3.2\n   Compiling quote v1.0.40\n   Compiling syn v2.0.101\n   Compiling getrandom v0.2.16\n   Compiling rand_core v0.6.4\n   Compiling rand_core v0.9.3\n   Compiling rand v0.8.5\n   Compiling quickcheck v1.0.3\n   Compiling ppv-lite86 v0.2.21\n   Compiling rand_chacha v0.9.0\n   Compiling rand v0.9.1\n   Compiling serde_derive v1.0.219\n   Compiling ntest_test_cases v0.9.3\n   Compiling ntest_timeout v0.9.3\n   Compiling ntest v0.9.3\n   Compiling indexmap v2.9.0 (/home/abezbm/rust-utgen-test-crates-new/indexmap)\nerror: expected expression, found `let` statement\n   --> src/map/core/entry.rs:594:5\n    |\n594 |     let mut map = IndexMapCore {\n    |     ^^^\n    |\n    = note: only supported directly in conditions of `if` and `while` expressions\n\nerror[E0422]: cannot find struct, variant or union type `Bucket` in this scope\n   --> src/map/core/entry.rs:585:9\n    |\n585 |         Bucket {\n    |         ^^^^^^ not found in this scope\n    |\nhelp: consider importing this struct\n    |\n574 +    use crate::Bucket;\n    |\n\nwarning: unused import: `ntest::timeout`\n   --> src/map/core/entry.rs:575:8\n    |\n575 |    use ntest::timeout;\n    |        ^^^^^^^^^^^^^^\n    |\n    = note: `#[warn(unused_imports)]` on by default\n\nwarning: unused import: `super::*`\n   --> src/map/slice.rs:520:9\n    |\n520 |     use super::*;\n    |         ^^^^^^^^\n\nwarning: unused import: `super::*`\n --> src/map/tests.rs:1:5\n  |\n1 | use super::*;\n  |     ^^^^^^^^\n\nwarning: unused import: `std::string::String`\n --> src/map/tests.rs:2:5\n  |\n2 | use std::string::String;\n  |     ^^^^^^^^^^^^^^^^^^^\n\nwarning: unused macro definition: `move_index_oob`\n   --> src/map/tests.rs:817:14\n    |\n817 | macro_rules! move_index_oob {\n    |              ^^^^^^^^^^^^^^\n    |\n    = note: `#[warn(unused_macros)]` on by default\n\nwarning: unused import: `super::*`\n   --> src/set/slice.rs:334:9\n    |\n334 |     use super::*;\n    |         ^^^^^^^^\n\nwarning: unused import: `super::*`\n --> src/set/tests.rs:1:5\n  |\n1 | use super::*;\n  |     ^^^^^^^^\n\nwarning: unused import: `std::string::String`\n --> src/set/tests.rs:2:5\n  |\n2 | use std::string::String;\n  |     ^^^^^^^^^^^^^^^^^^^\n\nerror[E0599]: no function or associated item named `default` found for struct `HashValue` in the current scope\n   --> src/map/core/entry.rs:586:30\n    |\n586 |             hash: HashValue::default(),\n    |                              ^^^^^^^ function or associated item not found in `HashValue`\n    |\n   ::: src/lib.rs:139:1\n    |\n139 | struct HashValue(usize);\n    | ---------------- function or associated item `default` not found for this struct\n    |\n    = help: items from traits can only be used if the trait is implemented and in scope\n    = note: the following trait defines an item `default`, perhaps you need to implement it:\n            candidate #1: `Default`\n\nerror[E0063]: missing field `indices` in initializer of `core::IndexMapCore<_, _>`\n   --> src/map/core/entry.rs:594:19\n    |\n594 |     let mut map = IndexMapCore {\n    |                   ^^^^^^^^^^^^ missing `indices`\n\nSome errors have detailed explanations: E0063, E0422, E0599.\nFor more information about an error, try `rustc --explain E0063`.\nwarning: `indexmap` (lib test) generated 8 warnings\nerror: could not compile `indexmap` (lib test) due to 4 previous errors; 8 warnings emitted\n"
                }
              ],
              "repaired": [
                false
              ]
            }
          ]
        }
      ]
    }
  ]
}