{
  "name": "indexmap::map::map::IndexMap<K, V, S>::shrink_to_fit",
  "name_with_impl": "indexmap::map::{impl#4}::shrink_to_fit",
  "mod_info": {
    "name": "map",
    "loc": "src/lib.rs:122:1:122:13"
  },
  "visible": true,
  "loc": "src/map.rs:369:5:371:6",
  "fn_tests": [
    {
      "chain_id": 0,
      "prompt_conds": [],
      "input_infer": "",
      "answers": [
        {
          "uses": [],
          "has_test_mod": false,
          "common": [],
          "chain_tests": [
            {
              "attrs": [],
              "prefix": [],
              "oracles": [],
              "codes": [
                [
                  "{",
                  "    struct TestHasher;",
                  "",
                  "    impl BuildHasher for TestHasher {",
                  "        type Hasher = std::hash::RandomState; // Placeholder",
                  "        fn build_hasher(&self) -> Self::Hasher {",
                  "            std::hash::RandomState::new()",
                  "        }",
                  "    }",
                  "",
                  "    let mut map: IndexMap<i32, i32, TestHasher> = IndexMap::with_capacity_and_hasher(0, TestHasher);",
                  "    map.shrink_to_fit();",
                  "    assert_eq!(map.capacity(), 0);",
                  "}"
                ]
              ],
              "can_compile": [
                {
                  "Err": "   Compiling libc v0.2.172\n   Compiling proc-macro2 v1.0.95\n   Compiling getrandom v0.3.2\n   Compiling zerocopy v0.8.25\n   Compiling syn v1.0.109\n   Compiling quote v1.0.40\n   Compiling syn v2.0.101\n   Compiling getrandom v0.2.16\n   Compiling rand_core v0.6.4\n   Compiling rand_core v0.9.3\n   Compiling rand v0.8.5\n   Compiling quickcheck v1.0.3\n   Compiling ppv-lite86 v0.2.21\n   Compiling rand_chacha v0.9.0\n   Compiling rand v0.9.1\n   Compiling serde_derive v1.0.219\n   Compiling ntest_test_cases v0.9.3\n   Compiling ntest_timeout v0.9.3\n   Compiling ntest v0.9.3\n   Compiling indexmap v2.9.0 (/home/abezbm/rust-utgen-test-crates-new/indexmap)\nwarning: unused import: `super::*`\n   --> src/map/slice.rs:520:9\n    |\n520 |     use super::*;\n    |         ^^^^^^^^\n    |\n    = note: `#[warn(unused_imports)]` on by default\n\nwarning: unused import: `super::*`\n --> src/map/tests.rs:1:5\n  |\n1 | use super::*;\n  |     ^^^^^^^^\n\nwarning: unused import: `std::string::String`\n --> src/map/tests.rs:2:5\n  |\n2 | use std::string::String;\n  |     ^^^^^^^^^^^^^^^^^^^\n\nwarning: unused macro definition: `move_index_oob`\n   --> src/map/tests.rs:817:14\n    |\n817 | macro_rules! move_index_oob {\n    |              ^^^^^^^^^^^^^^\n    |\n    = note: `#[warn(unused_macros)]` on by default\n\nwarning: unused import: `ntest::timeout`\n    --> src/map.rs:1655:8\n     |\n1655 |    use ntest::timeout;\n     |        ^^^^^^^^^^^^^^\n\nwarning: unused import: `super::*`\n   --> src/set/slice.rs:334:9\n    |\n334 |     use super::*;\n    |         ^^^^^^^^\n\nwarning: unused import: `super::*`\n --> src/set/tests.rs:1:5\n  |\n1 | use super::*;\n  |     ^^^^^^^^\n\nwarning: unused import: `std::string::String`\n --> src/set/tests.rs:2:5\n  |\n2 | use std::string::String;\n  |     ^^^^^^^^^^^^^^^^^^^\n\nerror[E0277]: the trait bound `RandomState: Hasher` is not satisfied\n    --> src/map.rs:1662:23\n     |\n1662 |         type Hasher = std::hash::RandomState; // Placeholder\n     |                       ^^^^^^^^^^^^^^^^^^^^^^ the trait `Hasher` is not implemented for `RandomState`\n     |\n     = help: the following other types implement trait `Hasher`:\n               &mut H\n               Box<T, A>\n               DefaultHasher\n               SipHasher\n               SipHasher13\n               adler::Adler32\nnote: required by a bound in `std::hash::BuildHasher::Hasher`\n    --> /home/abezbm/.rustup/toolchains/nightly-2024-07-21-x86_64-unknown-linux-gnu/lib/rustlib/src/rust/library/core/src/hash/mod.rs:643:18\n     |\n643  |     type Hasher: Hasher;\n     |                  ^^^^^^ required by this bound in `BuildHasher::Hasher`\n\nFor more information about this error, try `rustc --explain E0277`.\nwarning: `indexmap` (lib test) generated 8 warnings\nerror: could not compile `indexmap` (lib test) due to 1 previous error; 8 warnings emitted\n"
                }
              ],
              "repaired": [
                false
              ]
            },
            {
              "attrs": [],
              "prefix": [],
              "oracles": [],
              "codes": [
                [
                  "{",
                  "    struct TestHasher;",
                  "",
                  "    impl BuildHasher for TestHasher {",
                  "        type Hasher = std::hash::RandomState; // Placeholder",
                  "        fn build_hasher(&self) -> Self::Hasher {",
                  "            std::hash::RandomState::new()",
                  "        }",
                  "    }",
                  "",
                  "    let mut map: IndexMap<i32, i32, TestHasher> = IndexMap::with_capacity_and_hasher(10, TestHasher);",
                  "    // Assuming we have a method to insert values",
                  "    // map.insert(1, 10);",
                  "    // map.insert(2, 20);",
                  "    // For this example, we assume we simulate an insert function",
                  "    map.core.entries.push((1, 10)); ",
                  "    map.core.entries.push((2, 20));",
                  "    ",
                  "    assert!(map.len() > 0);",
                  "    assert!(map.capacity() > 0);",
                  "    ",
                  "    map.shrink_to_fit();",
                  "    assert!(map.capacity() >= map.len());",
                  "}"
                ]
              ],
              "can_compile": [
                {
                  "Err": "   Compiling libc v0.2.172\n   Compiling proc-macro2 v1.0.95\n   Compiling zerocopy v0.8.25\n   Compiling getrandom v0.3.2\n   Compiling syn v1.0.109\n   Compiling quote v1.0.40\n   Compiling syn v2.0.101\n   Compiling getrandom v0.2.16\n   Compiling rand_core v0.9.3\n   Compiling rand_core v0.6.4\n   Compiling rand v0.8.5\n   Compiling quickcheck v1.0.3\n   Compiling ppv-lite86 v0.2.21\n   Compiling rand_chacha v0.9.0\n   Compiling rand v0.9.1\n   Compiling serde_derive v1.0.219\n   Compiling ntest_test_cases v0.9.3\n   Compiling ntest_timeout v0.9.3\n   Compiling ntest v0.9.3\n   Compiling indexmap v2.9.0 (/home/abezbm/rust-utgen-test-crates-new/indexmap)\nwarning: unused import: `super::*`\n   --> src/map/slice.rs:520:9\n    |\n520 |     use super::*;\n    |         ^^^^^^^^\n    |\n    = note: `#[warn(unused_imports)]` on by default\n\nwarning: unused import: `super::*`\n --> src/map/tests.rs:1:5\n  |\n1 | use super::*;\n  |     ^^^^^^^^\n\nwarning: unused import: `std::string::String`\n --> src/map/tests.rs:2:5\n  |\n2 | use std::string::String;\n  |     ^^^^^^^^^^^^^^^^^^^\n\nwarning: unused macro definition: `move_index_oob`\n   --> src/map/tests.rs:817:14\n    |\n817 | macro_rules! move_index_oob {\n    |              ^^^^^^^^^^^^^^\n    |\n    = note: `#[warn(unused_macros)]` on by default\n\nwarning: unused import: `ntest::timeout`\n    --> src/map.rs:1655:8\n     |\n1655 |    use ntest::timeout;\n     |        ^^^^^^^^^^^^^^\n\nwarning: unused import: `super::*`\n   --> src/set/slice.rs:334:9\n    |\n334 |     use super::*;\n    |         ^^^^^^^^\n\nwarning: unused import: `super::*`\n --> src/set/tests.rs:1:5\n  |\n1 | use super::*;\n  |     ^^^^^^^^\n\nwarning: unused import: `std::string::String`\n --> src/set/tests.rs:2:5\n  |\n2 | use std::string::String;\n  |     ^^^^^^^^^^^^^^^^^^^\n\nerror[E0277]: the trait bound `RandomState: Hasher` is not satisfied\n    --> src/map.rs:1662:23\n     |\n1662 |         type Hasher = std::hash::RandomState; // Placeholder\n     |                       ^^^^^^^^^^^^^^^^^^^^^^ the trait `Hasher` is not implemented for `RandomState`\n     |\n     = help: the following other types implement trait `Hasher`:\n               &mut H\n               Box<T, A>\n               DefaultHasher\n               SipHasher\n               SipHasher13\n               adler::Adler32\nnote: required by a bound in `std::hash::BuildHasher::Hasher`\n    --> /home/abezbm/.rustup/toolchains/nightly-2024-07-21-x86_64-unknown-linux-gnu/lib/rustlib/src/rust/library/core/src/hash/mod.rs:643:18\n     |\n643  |     type Hasher: Hasher;\n     |                  ^^^^^^ required by this bound in `BuildHasher::Hasher`\n\nerror[E0616]: field `entries` of struct `IndexMapCore` is private\n    --> src/map.rs:1673:14\n     |\n1673 |     map.core.entries.push((1, 10)); \n     |              ^^^^^^^ private field\n\nerror[E0616]: field `entries` of struct `IndexMapCore` is private\n    --> src/map.rs:1674:14\n     |\n1674 |     map.core.entries.push((2, 20));\n     |              ^^^^^^^ private field\n\nSome errors have detailed explanations: E0277, E0616.\nFor more information about an error, try `rustc --explain E0277`.\nwarning: `indexmap` (lib test) generated 8 warnings\nerror: could not compile `indexmap` (lib test) due to 3 previous errors; 8 warnings emitted\n"
                }
              ],
              "repaired": [
                false
              ]
            },
            {
              "attrs": [],
              "prefix": [],
              "oracles": [],
              "codes": [
                [
                  "{",
                  "    struct TestHasher;",
                  "",
                  "    impl BuildHasher for TestHasher {",
                  "        type Hasher = std::hash::RandomState; // Placeholder",
                  "        fn build_hasher(&self) -> Self::Hasher {",
                  "            std::hash::RandomState::new()",
                  "        }",
                  "    }",
                  "",
                  "// Test shrinking to exact size when one element is present",
                  "    let mut map: IndexMap<i32, i32, TestHasher> = IndexMap::with_capacity_and_hasher(1, TestHasher);",
                  "    map.core.entries.push((1, 10)); ",
                  "",
                  "    assert_eq!(map.len(), 1);",
                  "    assert!(map.capacity() >= map.len());",
                  "",
                  "    map.shrink_to_fit();",
                  "    assert_eq!(map.capacity(), 1);",
                  "}"
                ]
              ],
              "can_compile": [
                {
                  "Err": "   Compiling libc v0.2.172\n   Compiling proc-macro2 v1.0.95\n   Compiling zerocopy v0.8.25\n   Compiling syn v1.0.109\n   Compiling getrandom v0.3.2\n   Compiling quote v1.0.40\n   Compiling syn v2.0.101\n   Compiling getrandom v0.2.16\n   Compiling rand_core v0.6.4\n   Compiling rand_core v0.9.3\n   Compiling rand v0.8.5\n   Compiling quickcheck v1.0.3\n   Compiling ppv-lite86 v0.2.21\n   Compiling rand_chacha v0.9.0\n   Compiling rand v0.9.1\n   Compiling serde_derive v1.0.219\n   Compiling ntest_test_cases v0.9.3\n   Compiling ntest_timeout v0.9.3\n   Compiling ntest v0.9.3\n   Compiling indexmap v2.9.0 (/home/abezbm/rust-utgen-test-crates-new/indexmap)\nwarning: unused import: `super::*`\n   --> src/map/slice.rs:520:9\n    |\n520 |     use super::*;\n    |         ^^^^^^^^\n    |\n    = note: `#[warn(unused_imports)]` on by default\n\nwarning: unused import: `super::*`\n --> src/map/tests.rs:1:5\n  |\n1 | use super::*;\n  |     ^^^^^^^^\n\nwarning: unused import: `std::string::String`\n --> src/map/tests.rs:2:5\n  |\n2 | use std::string::String;\n  |     ^^^^^^^^^^^^^^^^^^^\n\nwarning: unused macro definition: `move_index_oob`\n   --> src/map/tests.rs:817:14\n    |\n817 | macro_rules! move_index_oob {\n    |              ^^^^^^^^^^^^^^\n    |\n    = note: `#[warn(unused_macros)]` on by default\n\nwarning: unused import: `ntest::timeout`\n    --> src/map.rs:1655:8\n     |\n1655 |    use ntest::timeout;\n     |        ^^^^^^^^^^^^^^\n\nwarning: unused import: `super::*`\n   --> src/set/slice.rs:334:9\n    |\n334 |     use super::*;\n    |         ^^^^^^^^\n\nwarning: unused import: `super::*`\n --> src/set/tests.rs:1:5\n  |\n1 | use super::*;\n  |     ^^^^^^^^\n\nwarning: unused import: `std::string::String`\n --> src/set/tests.rs:2:5\n  |\n2 | use std::string::String;\n  |     ^^^^^^^^^^^^^^^^^^^\n\nerror[E0277]: the trait bound `RandomState: Hasher` is not satisfied\n    --> src/map.rs:1662:23\n     |\n1662 |         type Hasher = std::hash::RandomState; // Placeholder\n     |                       ^^^^^^^^^^^^^^^^^^^^^^ the trait `Hasher` is not implemented for `RandomState`\n     |\n     = help: the following other types implement trait `Hasher`:\n               &mut H\n               Box<T, A>\n               DefaultHasher\n               SipHasher\n               SipHasher13\n               adler::Adler32\nnote: required by a bound in `std::hash::BuildHasher::Hasher`\n    --> /home/abezbm/.rustup/toolchains/nightly-2024-07-21-x86_64-unknown-linux-gnu/lib/rustlib/src/rust/library/core/src/hash/mod.rs:643:18\n     |\n643  |     type Hasher: Hasher;\n     |                  ^^^^^^ required by this bound in `BuildHasher::Hasher`\n\nerror[E0616]: field `entries` of struct `IndexMapCore` is private\n    --> src/map.rs:1670:14\n     |\n1670 |     map.core.entries.push((1, 10)); \n     |              ^^^^^^^ private field\n\nSome errors have detailed explanations: E0277, E0616.\nFor more information about an error, try `rustc --explain E0277`.\nwarning: `indexmap` (lib test) generated 8 warnings\nerror: could not compile `indexmap` (lib test) due to 2 previous errors; 8 warnings emitted\n"
                }
              ],
              "repaired": [
                false
              ]
            }
          ]
        }
      ]
    }
  ]
}