{
  "name": "bytes::bytes::shared_drop",
  "name_with_impl": "bytes::bytes::shared_drop",
  "mod_info": {
    "name": "bytes",
    "loc": "src/lib.rs:82:1:82:11"
  },
  "visible": false,
  "loc": "src/bytes.rs:1471:1:1475:2",
  "fn_tests": [
    {
      "chain_id": 1,
      "prompt_conds": [],
      "input_infer": "",
      "answers": [
        {
          "uses": [
            "use core::ptr::null_mut;"
          ],
          "has_test_mod": false,
          "common": [
            "#[should_panic]",
            "fn test_shared_drop_null_pointer() {",
            "",
            "    struct TestAtomicPtr {",
            "        ptr: AtomicPtr<()>,",
            "    }",
            "",
            "    let atomic_ptr = AtomicPtr::new(null_mut());",
            "    let mut data = TestAtomicPtr { ptr: atomic_ptr };",
            "",
            "    unsafe {",
            "        shared_drop(&mut data.ptr, null_mut(), 0);",
            "    }",
            "}",
            "",
            "#[should_panic]",
            "fn test_shared_drop_invalid_length() {",
            "",
            "    struct TestAtomicPtr {",
            "        ptr: AtomicPtr<()>,",
            "    }",
            "",
            "    let valid_ptr: *const u8 = &10 as *const _ as *const u8;",
            "    let atomic_ptr = AtomicPtr::new(valid_ptr as *mut _);",
            "    let mut data = TestAtomicPtr { ptr: atomic_ptr };",
            "",
            "    unsafe {",
            "        shared_drop(&mut data.ptr, valid_ptr, usize::MAX);",
            "    }",
            "}"
          ],
          "chain_tests": [
            {
              "attrs": [],
              "prefix": [],
              "oracles": [],
              "codes": [
                [
                  "{",
                  "    use core::ptr::null_mut;",
                  "",
                  "    struct TestAtomicPtr {",
                  "        ptr: AtomicPtr<()>,",
                  "    }",
                  "",
                  "    let valid_ptr: *const u8 = &10 as *const _ as *const u8;",
                  "    let atomic_ptr = AtomicPtr::new(valid_ptr as *mut _);",
                  "    let mut data = TestAtomicPtr { ptr: atomic_ptr };",
                  "",
                  "    unsafe {",
                  "        shared_drop(&mut data.ptr, valid_ptr, 0);",
                  "    }",
                  "",
                  "    // Assuming no panic and valid drop",
                  "}"
                ]
              ],
              "can_compile": [
                {
                  "Err": "   Compiling proc-macro2 v1.0.95\n   Compiling syn v1.0.109\n   Compiling serde v1.0.219\n   Compiling quote v1.0.40\n   Compiling serde_test v1.0.177\n   Compiling ntest_timeout v0.9.3\n   Compiling ntest_test_cases v0.9.3\n   Compiling ntest v0.9.3\n   Compiling bytes v1.10.1 (/home/abezbm/rust-utgen-test-crates-new/bytes)\nerror[E0425]: cannot find function `null_mut` in this scope\n    --> src/bytes.rs:1692:37\n     |\n1692 |     let atomic_ptr = AtomicPtr::new(null_mut());\n     |                                     ^^^^^^^^ not found in this scope\n     |\nhelp: consider importing this function\n     |\n1683 +    use std::ptr::null_mut;\n     |\n\nerror[E0425]: cannot find function `null_mut` in this scope\n    --> src/bytes.rs:1696:36\n     |\n1696 |         shared_drop(&mut data.ptr, null_mut(), 0);\n     |                                    ^^^^^^^^ not found in this scope\n     |\nhelp: consider importing this function\n     |\n1683 +    use std::ptr::null_mut;\n     |\n\nwarning: unused import: `ntest::timeout`\n    --> src/bytes.rs:1684:8\n     |\n1684 |    use ntest::timeout;\n     |        ^^^^^^^^^^^^^^\n     |\n     = note: `#[warn(unused_imports)]` on by default\n\nwarning: unused import: `core::ptr::null_mut`\n    --> src/bytes.rs:1719:9\n     |\n1719 |     use core::ptr::null_mut;\n     |         ^^^^^^^^^^^^^^^^^^^\n\nwarning: unused import: `super::*`\n    --> src/bytes_mut.rs:1500:9\n     |\n1500 |     use super::*;\n     |         ^^^^^^^^\n\nFor more information about this error, try `rustc --explain E0425`.\nwarning: `bytes` (lib test) generated 3 warnings\nerror: could not compile `bytes` (lib test) due to 2 previous errors; 3 warnings emitted\n"
                }
              ],
              "repaired": [
                false
              ]
            }
          ]
        }
      ]
    }
  ]
}