{
  "name": "indexmap::map::slice::map::slice::Slice<K, V>::len",
  "name_with_impl": "indexmap::map::slice::{impl#1}::len",
  "mod_info": {
    "name": "map::slice",
    "loc": "src/map.rs:7:1:7:11"
  },
  "visible": true,
  "loc": "src/map/slice.rs:65:5:67:6",
  "fn_tests": [
    {
      "chain_id": 1,
      "prompt_conds": [],
      "input_infer": "",
      "answers": [
        {
          "uses": [],
          "has_test_mod": false,
          "common": [],
          "chain_tests": [
            {
              "attrs": [],
              "prefix": [],
              "oracles": [],
              "codes": [
                [
                  "{",
                  "    let slice: Slice<u32, u32> = Slice { entries: [] };",
                  "    assert_eq!(slice.len(), 0);",
                  "}"
                ]
              ],
              "can_compile": [
                {
                  "Err": "   Compiling libc v0.2.172\n   Compiling proc-macro2 v1.0.95\n   Compiling zerocopy v0.8.25\n   Compiling getrandom v0.3.2\n   Compiling syn v1.0.109\n   Compiling quote v1.0.40\n   Compiling syn v2.0.101\n   Compiling getrandom v0.2.16\n   Compiling rand_core v0.6.4\n   Compiling rand_core v0.9.3\n   Compiling rand v0.8.5\n   Compiling quickcheck v1.0.3\n   Compiling ppv-lite86 v0.2.21\n   Compiling rand_chacha v0.9.0\n   Compiling rand v0.9.1\n   Compiling serde_derive v1.0.219\n   Compiling ntest_timeout v0.9.3\n   Compiling ntest_test_cases v0.9.3\n   Compiling ntest v0.9.3\n   Compiling indexmap v2.9.0 (/home/abezbm/rust-utgen-test-crates-new/indexmap)\nwarning: unused import: `super::*`\n   --> src/map/slice.rs:520:9\n    |\n520 |     use super::*;\n    |         ^^^^^^^^\n    |\n    = note: `#[warn(unused_imports)]` on by default\n\nwarning: unused import: `ntest::timeout`\n   --> src/map/slice.rs:635:8\n    |\n635 |    use ntest::timeout;\n    |        ^^^^^^^^^^^^^^\n\nwarning: unused import: `super::*`\n --> src/map/tests.rs:1:5\n  |\n1 | use super::*;\n  |     ^^^^^^^^\n\nwarning: unused import: `std::string::String`\n --> src/map/tests.rs:2:5\n  |\n2 | use std::string::String;\n  |     ^^^^^^^^^^^^^^^^^^^\n\nwarning: unused macro definition: `move_index_oob`\n   --> src/map/tests.rs:817:14\n    |\n817 | macro_rules! move_index_oob {\n    |              ^^^^^^^^^^^^^^\n    |\n    = note: `#[warn(unused_macros)]` on by default\n\nwarning: unused import: `super::*`\n   --> src/set/slice.rs:334:9\n    |\n334 |     use super::*;\n    |         ^^^^^^^^\n\nwarning: unused import: `super::*`\n --> src/set/tests.rs:1:5\n  |\n1 | use super::*;\n  |     ^^^^^^^^\n\nwarning: unused import: `std::string::String`\n --> src/set/tests.rs:2:5\n  |\n2 | use std::string::String;\n  |     ^^^^^^^^^^^^^^^^^^^\n\nerror[E0308]: mismatched types\n   --> src/map/slice.rs:639:51\n    |\n639 |     let slice: Slice<u32, u32> = Slice { entries: [] };\n    |                                                   ^^ expected `[Bucket<u32, u32>]`, found `[_; 0]`\n    |\n    = note: expected slice `[Bucket<u32, u32>]`\n               found array `[_; 0]`\n\nerror[E0277]: the size for values of type `[Bucket<u32, u32>]` cannot be known at compilation time\n   --> src/map/slice.rs:639:9\n    |\n639 |     let slice: Slice<u32, u32> = Slice { entries: [] };\n    |         ^^^^^ doesn't have a size known at compile-time\n    |\n    = help: within `map::slice::Slice<u32, u32>`, the trait `Sized` is not implemented for `[Bucket<u32, u32>]`, which is required by `map::slice::Slice<u32, u32>: Sized`\nnote: required because it appears within the type `map::slice::Slice<u32, u32>`\n   --> src/map/slice.rs:23:12\n    |\n23  | pub struct Slice<K, V> {\n    |            ^^^^^\n    = note: all local variables must have a statically known size\n    = help: unsized locals are gated as an unstable feature\nhelp: consider borrowing here\n    |\n639 |     let slice: &Slice<u32, u32> = Slice { entries: [] };\n    |                +\n\nSome errors have detailed explanations: E0277, E0308.\nFor more information about an error, try `rustc --explain E0277`.\nwarning: `indexmap` (lib test) generated 8 warnings\nerror: could not compile `indexmap` (lib test) due to 2 previous errors; 8 warnings emitted\n"
                }
              ],
              "repaired": [
                false
              ]
            },
            {
              "attrs": [],
              "prefix": [],
              "oracles": [],
              "codes": [
                [
                  "{",
                  "    let entries = [",
                  "        Bucket { hash: HashValue::default(), key: 1, value: 10 },",
                  "        Bucket { hash: HashValue::default(), key: 2, value: 20 },",
                  "    ];",
                  "    let slice: Slice<u32, u32> = Slice { entries };",
                  "    assert_eq!(slice.len(), 2);",
                  "}"
                ]
              ],
              "can_compile": [
                {
                  "Err": "   Compiling libc v0.2.172\n   Compiling proc-macro2 v1.0.95\n   Compiling getrandom v0.3.2\n   Compiling zerocopy v0.8.25\n   Compiling syn v1.0.109\n   Compiling quote v1.0.40\n   Compiling syn v2.0.101\n   Compiling getrandom v0.2.16\n   Compiling rand_core v0.9.3\n   Compiling rand_core v0.6.4\n   Compiling rand v0.8.5\n   Compiling quickcheck v1.0.3\n   Compiling ppv-lite86 v0.2.21\n   Compiling rand_chacha v0.9.0\n   Compiling rand v0.9.1\n   Compiling serde_derive v1.0.219\n   Compiling ntest_test_cases v0.9.3\n   Compiling ntest_timeout v0.9.3\n   Compiling ntest v0.9.3\n   Compiling indexmap v2.9.0 (/home/abezbm/rust-utgen-test-crates-new/indexmap)\nerror[E0433]: failed to resolve: use of undeclared type `HashValue`\n   --> src/map/slice.rs:640:24\n    |\n640 |         Bucket { hash: HashValue::default(), key: 1, value: 10 },\n    |                        ^^^^^^^^^ use of undeclared type `HashValue`\n    |\nhelp: consider importing this struct\n    |\n634 +    use crate::HashValue;\n    |\n\nerror[E0433]: failed to resolve: use of undeclared type `HashValue`\n   --> src/map/slice.rs:641:24\n    |\n641 |         Bucket { hash: HashValue::default(), key: 2, value: 20 },\n    |                        ^^^^^^^^^ use of undeclared type `HashValue`\n    |\nhelp: consider importing this struct\n    |\n634 +    use crate::HashValue;\n    |\n\nwarning: unused import: `super::*`\n   --> src/map/slice.rs:520:9\n    |\n520 |     use super::*;\n    |         ^^^^^^^^\n    |\n    = note: `#[warn(unused_imports)]` on by default\n\nwarning: unused import: `ntest::timeout`\n   --> src/map/slice.rs:635:8\n    |\n635 |    use ntest::timeout;\n    |        ^^^^^^^^^^^^^^\n\nwarning: unused import: `super::*`\n --> src/map/tests.rs:1:5\n  |\n1 | use super::*;\n  |     ^^^^^^^^\n\nwarning: unused import: `std::string::String`\n --> src/map/tests.rs:2:5\n  |\n2 | use std::string::String;\n  |     ^^^^^^^^^^^^^^^^^^^\n\nwarning: unused macro definition: `move_index_oob`\n   --> src/map/tests.rs:817:14\n    |\n817 | macro_rules! move_index_oob {\n    |              ^^^^^^^^^^^^^^\n    |\n    = note: `#[warn(unused_macros)]` on by default\n\nwarning: unused import: `super::*`\n   --> src/set/slice.rs:334:9\n    |\n334 |     use super::*;\n    |         ^^^^^^^^\n\nwarning: unused import: `super::*`\n --> src/set/tests.rs:1:5\n  |\n1 | use super::*;\n  |     ^^^^^^^^\n\nwarning: unused import: `std::string::String`\n --> src/set/tests.rs:2:5\n  |\n2 | use std::string::String;\n  |     ^^^^^^^^^^^^^^^^^^^\n\nerror[E0308]: mismatched types\n   --> src/map/slice.rs:643:42\n    |\n643 |     let slice: Slice<u32, u32> = Slice { entries };\n    |                                          ^^^^^^^ expected `[Bucket<u32, u32>]`, found `[Bucket<{integer}, {integer}>; 2]`\n    |\n    = note: expected slice `[Bucket<u32, u32>]`\n               found array `[Bucket<{integer}, {integer}>; 2]`\n\nerror[E0277]: the size for values of type `[Bucket<u32, u32>]` cannot be known at compilation time\n   --> src/map/slice.rs:643:9\n    |\n643 |     let slice: Slice<u32, u32> = Slice { entries };\n    |         ^^^^^ doesn't have a size known at compile-time\n    |\n    = help: within `map::slice::Slice<u32, u32>`, the trait `Sized` is not implemented for `[Bucket<u32, u32>]`, which is required by `map::slice::Slice<u32, u32>: Sized`\nnote: required because it appears within the type `map::slice::Slice<u32, u32>`\n   --> src/map/slice.rs:23:12\n    |\n23  | pub struct Slice<K, V> {\n    |            ^^^^^\n    = note: all local variables must have a statically known size\n    = help: unsized locals are gated as an unstable feature\nhelp: consider borrowing here\n    |\n643 |     let slice: &Slice<u32, u32> = Slice { entries };\n    |                +\n\nSome errors have detailed explanations: E0277, E0308, E0433.\nFor more information about an error, try `rustc --explain E0277`.\nwarning: `indexmap` (lib test) generated 8 warnings\nerror: could not compile `indexmap` (lib test) due to 4 previous errors; 8 warnings emitted\n"
                }
              ],
              "repaired": [
                false
              ]
            },
            {
              "attrs": [],
              "prefix": [],
              "oracles": [],
              "codes": [
                [
                  "{",
                  "    let entries = (0..1000)",
                  "        .map(|i| Bucket { hash: HashValue::default(), key: i, value: i * 10 })",
                  "        .collect::<Vec<_>>();",
                  "    let slice: Slice<u32, u32> = Slice { entries: entries.try_into().unwrap() };",
                  "    assert_eq!(slice.len(), 1000);",
                  "}"
                ]
              ],
              "can_compile": [
                {
                  "Err": "   Compiling libc v0.2.172\n   Compiling proc-macro2 v1.0.95\n   Compiling zerocopy v0.8.25\n   Compiling syn v1.0.109\n   Compiling getrandom v0.3.2\n   Compiling quote v1.0.40\n   Compiling syn v2.0.101\n   Compiling getrandom v0.2.16\n   Compiling rand_core v0.6.4\n   Compiling rand_core v0.9.3\n   Compiling rand v0.8.5\n   Compiling quickcheck v1.0.3\n   Compiling ppv-lite86 v0.2.21\n   Compiling rand_chacha v0.9.0\n   Compiling rand v0.9.1\n   Compiling serde_derive v1.0.219\n   Compiling ntest_timeout v0.9.3\n   Compiling ntest_test_cases v0.9.3\n   Compiling ntest v0.9.3\n   Compiling indexmap v2.9.0 (/home/abezbm/rust-utgen-test-crates-new/indexmap)\nerror[E0433]: failed to resolve: use of undeclared type `HashValue`\n   --> src/map/slice.rs:640:33\n    |\n640 |         .map(|i| Bucket { hash: HashValue::default(), key: i, value: i * 10 })\n    |                                 ^^^^^^^^^ use of undeclared type `HashValue`\n    |\nhelp: consider importing this struct\n    |\n634 +    use crate::HashValue;\n    |\n\nwarning: unused import: `super::*`\n   --> src/map/slice.rs:520:9\n    |\n520 |     use super::*;\n    |         ^^^^^^^^\n    |\n    = note: `#[warn(unused_imports)]` on by default\n\nwarning: unused import: `ntest::timeout`\n   --> src/map/slice.rs:635:8\n    |\n635 |    use ntest::timeout;\n    |        ^^^^^^^^^^^^^^\n\nwarning: unused import: `super::*`\n --> src/map/tests.rs:1:5\n  |\n1 | use super::*;\n  |     ^^^^^^^^\n\nwarning: unused import: `std::string::String`\n --> src/map/tests.rs:2:5\n  |\n2 | use std::string::String;\n  |     ^^^^^^^^^^^^^^^^^^^\n\nwarning: unused macro definition: `move_index_oob`\n   --> src/map/tests.rs:817:14\n    |\n817 | macro_rules! move_index_oob {\n    |              ^^^^^^^^^^^^^^\n    |\n    = note: `#[warn(unused_macros)]` on by default\n\nwarning: unused import: `super::*`\n   --> src/set/slice.rs:334:9\n    |\n334 |     use super::*;\n    |         ^^^^^^^^\n\nwarning: unused import: `super::*`\n --> src/set/tests.rs:1:5\n  |\n1 | use super::*;\n  |     ^^^^^^^^\n\nwarning: unused import: `std::string::String`\n --> src/set/tests.rs:2:5\n  |\n2 | use std::string::String;\n  |     ^^^^^^^^^^^^^^^^^^^\n\nerror[E0277]: the trait bound `[Bucket<u32, u32>]: TryFrom<std::vec::Vec<Bucket<{integer}, {integer}>>>` is not satisfied\n   --> src/map/slice.rs:642:59\n    |\n642 |     let slice: Slice<u32, u32> = Slice { entries: entries.try_into().unwrap() };\n    |                                                           ^^^^^^^^ the trait `From<std::vec::Vec<Bucket<{integer}, {integer}>>>` is not implemented for `[Bucket<u32, u32>]`, which is required by `std::vec::Vec<Bucket<{integer}, {integer}>>: TryInto<_>`\n    |\n    = help: the following other types implement trait `From<T>`:\n              `&'a [u32; 4]` implements `From<&'a ppv_lite86::vec128_storage>`\n              `[T; 10]` implements `From<(T, T, T, T, T, T, T, T, T, T)>`\n              `[T; 11]` implements `From<(T, T, T, T, T, T, T, T, T, T, T)>`\n              `[T; 12]` implements `From<(T, T, T, T, T, T, T, T, T, T, T, T)>`\n              `[T; 1]` implements `From<(T,)>`\n              `[T; 2]` implements `From<(T, T)>`\n              `[T; 3]` implements `From<(T, T, T)>`\n              `[T; 4]` implements `From<(T, T, T, T)>`\n            and 28 others\n    = note: required for `std::vec::Vec<Bucket<{integer}, {integer}>>` to implement `Into<[Bucket<u32, u32>]>`\n    = note: required for `[Bucket<u32, u32>]` to implement `TryFrom<std::vec::Vec<Bucket<{integer}, {integer}>>>`\n    = note: required for `std::vec::Vec<Bucket<{integer}, {integer}>>` to implement `TryInto<[Bucket<u32, u32>]>`\n\nerror[E0277]: the size for values of type `[Bucket<u32, u32>]` cannot be known at compilation time\n    --> src/map/slice.rs:642:70\n     |\n642  |     let slice: Slice<u32, u32> = Slice { entries: entries.try_into().unwrap() };\n     |                                                                      ^^^^^^ doesn't have a size known at compile-time\n     |\n     = help: the trait `Sized` is not implemented for `[Bucket<u32, u32>]`\nnote: required by a bound in `Result::<T, E>::unwrap`\n    --> /home/abezbm/.rustup/toolchains/nightly-2024-07-21-x86_64-unknown-linux-gnu/lib/rustlib/src/rust/library/core/src/result.rs:543:6\n     |\n543  | impl<T, E> Result<T, E> {\n     |      ^ required by this bound in `Result::<T, E>::unwrap`\n...\n1096 |     pub fn unwrap(self) -> T\n     |            ------ required by a bound in this associated function\nhelp: consider removing this method call, as the receiver has type `std::vec::Vec<Bucket<{integer}, {integer}>>` and `std::vec::Vec<Bucket<{integer}, {integer}>>: Sized` trivially holds\n     |\n642  -     let slice: Slice<u32, u32> = Slice { entries: entries.try_into().unwrap() };\n642  +     let slice: Slice<u32, u32> = Slice { entries: entries.unwrap() };\n     |\n\nerror[E0277]: the size for values of type `[Bucket<u32, u32>]` cannot be known at compilation time\n   --> src/map/slice.rs:642:9\n    |\n642 |     let slice: Slice<u32, u32> = Slice { entries: entries.try_into().unwrap() };\n    |         ^^^^^ doesn't have a size known at compile-time\n    |\n    = help: within `map::slice::Slice<u32, u32>`, the trait `Sized` is not implemented for `[Bucket<u32, u32>]`, which is required by `map::slice::Slice<u32, u32>: Sized`\nnote: required because it appears within the type `map::slice::Slice<u32, u32>`\n   --> src/map/slice.rs:23:12\n    |\n23  | pub struct Slice<K, V> {\n    |            ^^^^^\n    = note: all local variables must have a statically known size\n    = help: unsized locals are gated as an unstable feature\nhelp: consider borrowing here\n    |\n642 |     let slice: &Slice<u32, u32> = Slice { entries: entries.try_into().unwrap() };\n    |                +\n\nerror[E0277]: the size for values of type `[Bucket<u32, u32>]` cannot be known at compilation time\n   --> src/map/slice.rs:642:59\n    |\n642 |     let slice: Slice<u32, u32> = Slice { entries: entries.try_into().unwrap() };\n    |                                                           ^^^^^^^^ doesn't have a size known at compile-time\n    |\n    = help: the trait `Sized` is not implemented for `[Bucket<u32, u32>]`, which is required by `std::vec::Vec<Bucket<{integer}, {integer}>>: TryInto<_>`\n    = note: required for `std::vec::Vec<Bucket<{integer}, {integer}>>` to implement `TryInto<[Bucket<u32, u32>]>`\n\nSome errors have detailed explanations: E0277, E0433.\nFor more information about an error, try `rustc --explain E0277`.\nwarning: `indexmap` (lib test) generated 8 warnings\nerror: could not compile `indexmap` (lib test) due to 5 previous errors; 8 warnings emitted\n"
                }
              ],
              "repaired": [
                false
              ]
            }
          ]
        }
      ]
    }
  ]
}