{
  "name": "indexmap::map::core::equivalent",
  "name_with_impl": "indexmap::map::core::equivalent",
  "mod_info": {
    "name": "map::core",
    "loc": "src/map.rs:4:1:4:10"
  },
  "visible": false,
  "loc": "src/map/core.rs:55:1:60:2",
  "fn_tests": [
    {
      "chain_id": 0,
      "prompt_conds": [],
      "input_infer": "",
      "answers": [
        {
          "uses": [],
          "has_test_mod": false,
          "common": [],
          "chain_tests": [
            {
              "attrs": [],
              "prefix": [],
              "oracles": [],
              "codes": [
                [
                  "{",
                  "    struct IntEquivalent;",
                  "    ",
                  "    impl Equivalent<usize> for IntEquivalent {",
                  "        fn equivalent(&self, other: &usize) -> bool {",
                  "            // Implement a simple equivalency check (e.g., checking for equality)",
                  "            *other == 42",
                  "        }",
                  "    }",
                  "    ",
                  "    let entries = vec![",
                  "        Bucket { hash: HashValue::default(), key: 41, value: \"Value1\" },",
                  "        Bucket { hash: HashValue::default(), key: 42, value: \"Value2\" },",
                  "        Bucket { hash: HashValue::default(), key: 43, value: \"Value3\" },",
                  "    ];",
                  "    ",
                  "    let eq_fn = equivalent(&IntEquivalent, &entries);",
                  "    ",
                  "    assert!(!eq_fn(&0)); // 41 vs 42 -> false",
                  "    assert!(eq_fn(&1));  // 42 vs 42 -> true",
                  "    assert!(!eq_fn(&2)); // 43 vs 42 -> false",
                  "}"
                ]
              ],
              "can_compile": [
                {
                  "Err": "   Compiling libc v0.2.172\n   Compiling proc-macro2 v1.0.95\n   Compiling syn v1.0.109\n   Compiling zerocopy v0.8.25\n   Compiling getrandom v0.3.2\n   Compiling quote v1.0.40\n   Compiling syn v2.0.101\n   Compiling getrandom v0.2.16\n   Compiling rand_core v0.6.4\n   Compiling rand_core v0.9.3\n   Compiling rand v0.8.5\n   Compiling quickcheck v1.0.3\n   Compiling ppv-lite86 v0.2.21\n   Compiling rand_chacha v0.9.0\n   Compiling rand v0.9.1\n   Compiling serde_derive v1.0.219\n   Compiling ntest_timeout v0.9.3\n   Compiling ntest_test_cases v0.9.3\n   Compiling ntest v0.9.3\n   Compiling indexmap v2.9.0 (/home/abezbm/rust-utgen-test-crates-new/indexmap)\nwarning: unused import: `ntest::timeout`\n   --> src/map/core.rs:742:8\n    |\n742 |    use ntest::timeout;\n    |        ^^^^^^^^^^^^^^\n    |\n    = note: `#[warn(unused_imports)]` on by default\n\nwarning: unused import: `super::*`\n   --> src/map/slice.rs:520:9\n    |\n520 |     use super::*;\n    |         ^^^^^^^^\n\nwarning: unused import: `super::*`\n --> src/map/tests.rs:1:5\n  |\n1 | use super::*;\n  |     ^^^^^^^^\n\nwarning: unused import: `std::string::String`\n --> src/map/tests.rs:2:5\n  |\n2 | use std::string::String;\n  |     ^^^^^^^^^^^^^^^^^^^\n\nwarning: unused macro definition: `move_index_oob`\n   --> src/map/tests.rs:817:14\n    |\n817 | macro_rules! move_index_oob {\n    |              ^^^^^^^^^^^^^^\n    |\n    = note: `#[warn(unused_macros)]` on by default\n\nwarning: unused import: `super::*`\n   --> src/set/slice.rs:334:9\n    |\n334 |     use super::*;\n    |         ^^^^^^^^\n\nwarning: unused import: `super::*`\n --> src/set/tests.rs:1:5\n  |\n1 | use super::*;\n  |     ^^^^^^^^\n\nwarning: unused import: `std::string::String`\n --> src/set/tests.rs:2:5\n  |\n2 | use std::string::String;\n  |     ^^^^^^^^^^^^^^^^^^^\n\nerror[E0599]: no function or associated item named `default` found for struct `HashValue` in the current scope\n   --> src/map/core.rs:756:35\n    |\n756 |         Bucket { hash: HashValue::default(), key: 41, value: \"Value1\" },\n    |                                   ^^^^^^^ function or associated item not found in `HashValue`\n    |\n   ::: src/lib.rs:139:1\n    |\n139 | struct HashValue(usize);\n    | ---------------- function or associated item `default` not found for this struct\n    |\n    = help: items from traits can only be used if the trait is implemented and in scope\n    = note: the following trait defines an item `default`, perhaps you need to implement it:\n            candidate #1: `Default`\n\nerror[E0599]: no function or associated item named `default` found for struct `HashValue` in the current scope\n   --> src/map/core.rs:757:35\n    |\n757 |         Bucket { hash: HashValue::default(), key: 42, value: \"Value2\" },\n    |                                   ^^^^^^^ function or associated item not found in `HashValue`\n    |\n   ::: src/lib.rs:139:1\n    |\n139 | struct HashValue(usize);\n    | ---------------- function or associated item `default` not found for this struct\n    |\n    = help: items from traits can only be used if the trait is implemented and in scope\n    = note: the following trait defines an item `default`, perhaps you need to implement it:\n            candidate #1: `Default`\n\nerror[E0599]: no function or associated item named `default` found for struct `HashValue` in the current scope\n   --> src/map/core.rs:758:35\n    |\n758 |         Bucket { hash: HashValue::default(), key: 43, value: \"Value3\" },\n    |                                   ^^^^^^^ function or associated item not found in `HashValue`\n    |\n   ::: src/lib.rs:139:1\n    |\n139 | struct HashValue(usize);\n    | ---------------- function or associated item `default` not found for this struct\n    |\n    = help: items from traits can only be used if the trait is implemented and in scope\n    = note: the following trait defines an item `default`, perhaps you need to implement it:\n            candidate #1: `Default`\n\nFor more information about this error, try `rustc --explain E0599`.\nwarning: `indexmap` (lib test) generated 8 warnings\nerror: could not compile `indexmap` (lib test) due to 3 previous errors; 8 warnings emitted\n"
                }
              ],
              "repaired": [
                false
              ]
            },
            {
              "attrs": [],
              "prefix": [],
              "oracles": [],
              "codes": [
                [
                  "{",
                  "    struct StrEquivalent;",
                  "",
                  "    impl Equivalent<str> for StrEquivalent {",
                  "        fn equivalent(&self, other: &str) -> bool {",
                  "            // Check if the other string is \"hello\"",
                  "            other == \"hello\"",
                  "        }",
                  "    }",
                  "",
                  "    let entries = vec![",
                  "        Bucket { hash: HashValue::default(), key: \"world\", value: \"Value1\" },",
                  "        Bucket { hash: HashValue::default(), key: \"hello\", value: \"Value2\" },",
                  "        Bucket { hash: HashValue::default(), key: \"rust\", value: \"Value3\" },",
                  "    ];",
                  "",
                  "    let eq_fn = equivalent(&StrEquivalent, &entries);",
                  "    ",
                  "    assert!(!eq_fn(&0)); // \"world\" vs \"hello\" -> false",
                  "    assert!(eq_fn(&1));  // \"hello\" vs \"hello\" -> true",
                  "    assert!(!eq_fn(&2)); // \"rust\" vs \"hello\" -> false",
                  "}"
                ]
              ],
              "can_compile": [
                {
                  "Err": "   Compiling libc v0.2.172\n   Compiling proc-macro2 v1.0.95\n   Compiling getrandom v0.3.2\n   Compiling syn v1.0.109\n   Compiling zerocopy v0.8.25\n   Compiling quote v1.0.40\n   Compiling syn v2.0.101\n   Compiling getrandom v0.2.16\n   Compiling rand_core v0.6.4\n   Compiling rand_core v0.9.3\n   Compiling rand v0.8.5\n   Compiling quickcheck v1.0.3\n   Compiling ppv-lite86 v0.2.21\n   Compiling rand_chacha v0.9.0\n   Compiling rand v0.9.1\n   Compiling serde_derive v1.0.219\n   Compiling ntest_test_cases v0.9.3\n   Compiling ntest_timeout v0.9.3\n   Compiling ntest v0.9.3\n   Compiling indexmap v2.9.0 (/home/abezbm/rust-utgen-test-crates-new/indexmap)\nwarning: unused import: `ntest::timeout`\n   --> src/map/core.rs:742:8\n    |\n742 |    use ntest::timeout;\n    |        ^^^^^^^^^^^^^^\n    |\n    = note: `#[warn(unused_imports)]` on by default\n\nwarning: unused import: `super::*`\n   --> src/map/slice.rs:520:9\n    |\n520 |     use super::*;\n    |         ^^^^^^^^\n\nwarning: unused import: `super::*`\n --> src/map/tests.rs:1:5\n  |\n1 | use super::*;\n  |     ^^^^^^^^\n\nwarning: unused import: `std::string::String`\n --> src/map/tests.rs:2:5\n  |\n2 | use std::string::String;\n  |     ^^^^^^^^^^^^^^^^^^^\n\nwarning: unused macro definition: `move_index_oob`\n   --> src/map/tests.rs:817:14\n    |\n817 | macro_rules! move_index_oob {\n    |              ^^^^^^^^^^^^^^\n    |\n    = note: `#[warn(unused_macros)]` on by default\n\nwarning: unused import: `super::*`\n   --> src/set/slice.rs:334:9\n    |\n334 |     use super::*;\n    |         ^^^^^^^^\n\nwarning: unused import: `super::*`\n --> src/set/tests.rs:1:5\n  |\n1 | use super::*;\n  |     ^^^^^^^^\n\nwarning: unused import: `std::string::String`\n --> src/set/tests.rs:2:5\n  |\n2 | use std::string::String;\n  |     ^^^^^^^^^^^^^^^^^^^\n\nerror[E0599]: no function or associated item named `default` found for struct `HashValue` in the current scope\n   --> src/map/core.rs:756:35\n    |\n756 |         Bucket { hash: HashValue::default(), key: \"world\", value: \"Value1\" },\n    |                                   ^^^^^^^ function or associated item not found in `HashValue`\n    |\n   ::: src/lib.rs:139:1\n    |\n139 | struct HashValue(usize);\n    | ---------------- function or associated item `default` not found for this struct\n    |\n    = help: items from traits can only be used if the trait is implemented and in scope\n    = note: the following trait defines an item `default`, perhaps you need to implement it:\n            candidate #1: `Default`\n\nerror[E0599]: no function or associated item named `default` found for struct `HashValue` in the current scope\n   --> src/map/core.rs:757:35\n    |\n757 |         Bucket { hash: HashValue::default(), key: \"hello\", value: \"Value2\" },\n    |                                   ^^^^^^^ function or associated item not found in `HashValue`\n    |\n   ::: src/lib.rs:139:1\n    |\n139 | struct HashValue(usize);\n    | ---------------- function or associated item `default` not found for this struct\n    |\n    = help: items from traits can only be used if the trait is implemented and in scope\n    = note: the following trait defines an item `default`, perhaps you need to implement it:\n            candidate #1: `Default`\n\nerror[E0599]: no function or associated item named `default` found for struct `HashValue` in the current scope\n   --> src/map/core.rs:758:35\n    |\n758 |         Bucket { hash: HashValue::default(), key: \"rust\", value: \"Value3\" },\n    |                                   ^^^^^^^ function or associated item not found in `HashValue`\n    |\n   ::: src/lib.rs:139:1\n    |\n139 | struct HashValue(usize);\n    | ---------------- function or associated item `default` not found for this struct\n    |\n    = help: items from traits can only be used if the trait is implemented and in scope\n    = note: the following trait defines an item `default`, perhaps you need to implement it:\n            candidate #1: `Default`\n\nerror[E0277]: the size for values of type `str` cannot be known at compilation time\n   --> src/map/core.rs:761:44\n    |\n761 |     let eq_fn = equivalent(&StrEquivalent, &entries);\n    |                 ----------                 ^^^^^^^^ doesn't have a size known at compile-time\n    |                 |\n    |                 required by a bound introduced by this call\n    |\n    = help: the trait `Sized` is not implemented for `str`\nnote: required by an implicit `Sized` bound in `core::equivalent`\n   --> src/map/core.rs:55:19\n    |\n55  | fn equivalent<'a, K, V, Q: ?Sized + Equivalent<K>>(\n    |                   ^ required by the implicit `Sized` requirement on this type parameter in `equivalent`\nhelp: consider relaxing the implicit `Sized` restriction\n    |\n55  | fn equivalent<'a, K: ?Sized, V, Q: ?Sized + Equivalent<K>>(\n    |                    ++++++++\n\nerror[E0308]: mismatched types\n   --> src/map/core.rs:761:44\n    |\n761 |     let eq_fn = equivalent(&StrEquivalent, &entries);\n    |                 ----------                 ^^^^^^^^ expected `&[Bucket<str, _>]`, found `&Vec<Bucket<&str, &str>>`\n    |                 |\n    |                 arguments to this function are incorrect\n    |\n    = note: expected reference `&[Bucket<str, _>]`\n               found reference `&Vec<Bucket<&str, &str>>`\nnote: function defined here\n   --> src/map/core.rs:55:4\n    |\n55  | fn equivalent<'a, K, V, Q: ?Sized + Equivalent<K>>(\n    |    ^^^^^^^^^^\n56  |     key: &'a Q,\n57  |     entries: &'a [Bucket<K, V>],\n    |     ---------------------------\n\nerror[E0277]: the size for values of type `str` cannot be known at compilation time\n   --> src/map/core.rs:761:17\n    |\n761 |     let eq_fn = equivalent(&StrEquivalent, &entries);\n    |                 ^^^^^^^^^^^^^^^^^^^^^^^^^^^^^^^^^^^^ doesn't have a size known at compile-time\n    |\n    = help: the trait `Sized` is not implemented for `str`\nnote: required by an implicit `Sized` bound in `core::equivalent`\n   --> src/map/core.rs:55:19\n    |\n55  | fn equivalent<'a, K, V, Q: ?Sized + Equivalent<K>>(\n    |                   ^ required by the implicit `Sized` requirement on this type parameter in `equivalent`\nhelp: consider relaxing the implicit `Sized` restriction\n    |\n55  | fn equivalent<'a, K: ?Sized, V, Q: ?Sized + Equivalent<K>>(\n    |                    ++++++++\n\nerror[E0277]: the size for values of type `str` cannot be known at compilation time\n   --> src/map/core.rs:763:14\n    |\n763 |     assert!(!eq_fn(&0)); // \"world\" vs \"hello\" -> false\n    |              ^^^^^^^^^ doesn't have a size known at compile-time\n    |\n    = help: the trait `Sized` is not implemented for `str`\nnote: required by an implicit `Sized` bound in `core::equivalent`\n   --> src/map/core.rs:55:19\n    |\n55  | fn equivalent<'a, K, V, Q: ?Sized + Equivalent<K>>(\n    |                   ^ required by the implicit `Sized` requirement on this type parameter in `equivalent`\nhelp: consider relaxing the implicit `Sized` restriction\n    |\n55  | fn equivalent<'a, K: ?Sized, V, Q: ?Sized + Equivalent<K>>(\n    |                    ++++++++\n\nerror[E0277]: the size for values of type `str` cannot be known at compilation time\n   --> src/map/core.rs:764:13\n    |\n764 |     assert!(eq_fn(&1));  // \"hello\" vs \"hello\" -> true\n    |             ^^^^^^^^^ doesn't have a size known at compile-time\n    |\n    = help: the trait `Sized` is not implemented for `str`\nnote: required by an implicit `Sized` bound in `core::equivalent`\n   --> src/map/core.rs:55:19\n    |\n55  | fn equivalent<'a, K, V, Q: ?Sized + Equivalent<K>>(\n    |                   ^ required by the implicit `Sized` requirement on this type parameter in `equivalent`\nhelp: consider relaxing the implicit `Sized` restriction\n    |\n55  | fn equivalent<'a, K: ?Sized, V, Q: ?Sized + Equivalent<K>>(\n    |                    ++++++++\n\nerror[E0277]: the size for values of type `str` cannot be known at compilation time\n   --> src/map/core.rs:765:14\n    |\n765 |     assert!(!eq_fn(&2)); // \"rust\" vs \"hello\" -> false\n    |              ^^^^^^^^^ doesn't have a size known at compile-time\n    |\n    = help: the trait `Sized` is not implemented for `str`\nnote: required by an implicit `Sized` bound in `core::equivalent`\n   --> src/map/core.rs:55:19\n    |\n55  | fn equivalent<'a, K, V, Q: ?Sized + Equivalent<K>>(\n    |                   ^ required by the implicit `Sized` requirement on this type parameter in `equivalent`\nhelp: consider relaxing the implicit `Sized` restriction\n    |\n55  | fn equivalent<'a, K: ?Sized, V, Q: ?Sized + Equivalent<K>>(\n    |                    ++++++++\n\nSome errors have detailed explanations: E0277, E0308, E0599.\nFor more information about an error, try `rustc --explain E0277`.\nwarning: `indexmap` (lib test) generated 8 warnings\nerror: could not compile `indexmap` (lib test) due to 9 previous errors; 8 warnings emitted\n"
                }
              ],
              "repaired": [
                false
              ]
            },
            {
              "attrs": [],
              "prefix": [],
              "oracles": [],
              "codes": [
                [
                  "{",
                  "    struct AlwaysFalseEquivalent;",
                  "",
                  "    impl Equivalent<usize> for AlwaysFalseEquivalent {",
                  "        fn equivalent(&self, _: &usize) -> bool {",
                  "            false",
                  "        }",
                  "    }",
                  "",
                  "    let entries: Vec<Bucket<usize, &str>> = vec![];",
                  "",
                  "    let eq_fn = equivalent(&AlwaysFalseEquivalent, &entries);",
                  "    ",
                  "    // There are no entries, so any index should not be equivalent",
                  "    assert!(!(eq_fn(&0))); // No entry to compare -> false",
                  "}"
                ]
              ],
              "can_compile": [
                {
                  "Ok": null
                }
              ],
              "repaired": [
                false
              ]
            },
            {
              "attrs": [],
              "prefix": [],
              "oracles": [],
              "codes": [
                [
                  "{",
                  "    struct IdentityEquivalent;",
                  "",
                  "    impl Equivalent<usize> for IdentityEquivalent {",
                  "        fn equivalent(&self, other: &usize) -> bool {",
                  "            // Check if both keys are equivalent (here assuming identity)",
                  "            *other == *other",
                  "        }",
                  "    }",
                  "",
                  "    let entries = vec![",
                  "        Bucket { hash: HashValue::default(), key: 1, value: \"Value1\" },",
                  "        Bucket { hash: HashValue::default(), key: 2, value: \"Value2\" },",
                  "    ];",
                  "",
                  "    let eq_fn = equivalent(&IdentityEquivalent, &entries);",
                  "    ",
                  "    assert!(eq_fn(&0)); // 1 vs 1 -> true",
                  "    assert!(eq_fn(&1)); // 2 vs 2 -> true",
                  "}"
                ]
              ],
              "can_compile": [
                {
                  "Err": "   Compiling libc v0.2.172\n   Compiling proc-macro2 v1.0.95\n   Compiling zerocopy v0.8.25\n   Compiling syn v1.0.109\n   Compiling getrandom v0.3.2\n   Compiling quote v1.0.40\n   Compiling syn v2.0.101\n   Compiling getrandom v0.2.16\n   Compiling rand_core v0.6.4\n   Compiling rand_core v0.9.3\n   Compiling rand v0.8.5\n   Compiling quickcheck v1.0.3\n   Compiling ppv-lite86 v0.2.21\n   Compiling rand_chacha v0.9.0\n   Compiling rand v0.9.1\n   Compiling serde_derive v1.0.219\n   Compiling ntest_timeout v0.9.3\n   Compiling ntest_test_cases v0.9.3\n   Compiling ntest v0.9.3\n   Compiling indexmap v2.9.0 (/home/abezbm/rust-utgen-test-crates-new/indexmap)\nwarning: unused import: `ntest::timeout`\n   --> src/map/core.rs:742:8\n    |\n742 |    use ntest::timeout;\n    |        ^^^^^^^^^^^^^^\n    |\n    = note: `#[warn(unused_imports)]` on by default\n\nwarning: unused import: `super::*`\n   --> src/map/slice.rs:520:9\n    |\n520 |     use super::*;\n    |         ^^^^^^^^\n\nwarning: unused import: `super::*`\n --> src/map/tests.rs:1:5\n  |\n1 | use super::*;\n  |     ^^^^^^^^\n\nwarning: unused import: `std::string::String`\n --> src/map/tests.rs:2:5\n  |\n2 | use std::string::String;\n  |     ^^^^^^^^^^^^^^^^^^^\n\nwarning: unused macro definition: `move_index_oob`\n   --> src/map/tests.rs:817:14\n    |\n817 | macro_rules! move_index_oob {\n    |              ^^^^^^^^^^^^^^\n    |\n    = note: `#[warn(unused_macros)]` on by default\n\nwarning: unused import: `super::*`\n   --> src/set/slice.rs:334:9\n    |\n334 |     use super::*;\n    |         ^^^^^^^^\n\nwarning: unused import: `super::*`\n --> src/set/tests.rs:1:5\n  |\n1 | use super::*;\n  |     ^^^^^^^^\n\nwarning: unused import: `std::string::String`\n --> src/set/tests.rs:2:5\n  |\n2 | use std::string::String;\n  |     ^^^^^^^^^^^^^^^^^^^\n\nerror[E0599]: no function or associated item named `default` found for struct `HashValue` in the current scope\n   --> src/map/core.rs:756:35\n    |\n756 |         Bucket { hash: HashValue::default(), key: 1, value: \"Value1\" },\n    |                                   ^^^^^^^ function or associated item not found in `HashValue`\n    |\n   ::: src/lib.rs:139:1\n    |\n139 | struct HashValue(usize);\n    | ---------------- function or associated item `default` not found for this struct\n    |\n    = help: items from traits can only be used if the trait is implemented and in scope\n    = note: the following trait defines an item `default`, perhaps you need to implement it:\n            candidate #1: `Default`\n\nerror[E0599]: no function or associated item named `default` found for struct `HashValue` in the current scope\n   --> src/map/core.rs:757:35\n    |\n757 |         Bucket { hash: HashValue::default(), key: 2, value: \"Value2\" },\n    |                                   ^^^^^^^ function or associated item not found in `HashValue`\n    |\n   ::: src/lib.rs:139:1\n    |\n139 | struct HashValue(usize);\n    | ---------------- function or associated item `default` not found for this struct\n    |\n    = help: items from traits can only be used if the trait is implemented and in scope\n    = note: the following trait defines an item `default`, perhaps you need to implement it:\n            candidate #1: `Default`\n\nFor more information about this error, try `rustc --explain E0599`.\nwarning: `indexmap` (lib test) generated 8 warnings\nerror: could not compile `indexmap` (lib test) due to 2 previous errors; 8 warnings emitted\n"
                }
              ],
              "repaired": [
                false
              ]
            }
          ]
        }
      ]
    }
  ]
}