{
  "name": "indexmap::map::core::raw_entry_v1::map::core::raw_entry_v1::RawEntryBuilder<'a, K, V, S>::from_key",
  "name_with_impl": "indexmap::map::core::raw_entry_v1::{impl#2}::from_key",
  "mod_info": {
    "name": "map::core::raw_entry_v1",
    "loc": "src/map/core.rs:12:1:12:22"
  },
  "visible": true,
  "loc": "src/map/core/raw_entry_v1.rs:201:5:207:6",
  "fn_tests": [
    {
      "chain_id": 0,
      "prompt_conds": [],
      "input_infer": "",
      "answers": [
        {
          "uses": [
            "use std::collections::hash_map::DefaultHasher;",
            "use super::IndexMap;",
            "use super::RawEntryBuilder;",
            "use std::hash::Hasher;"
          ],
          "has_test_mod": false,
          "common": [],
          "chain_tests": [
            {
              "attrs": [],
              "prefix": [],
              "oracles": [],
              "codes": [
                [
                  "{",
                  "    use std::collections::hash_map::DefaultHasher;",
                  "    use std::hash::Hasher;",
                  "    use super::{IndexMap, RawEntryBuilder};",
                  "    ",
                  "    let mut map: IndexMap<i32, &str, _> = IndexMap::with_hasher(DefaultHasher::new());",
                  "    map.insert(1, \"one\");",
                  "    map.insert(2, \"two\");",
                  "",
                  "    let builder = RawEntryBuilder { map: &map };",
                  "    let result = builder.from_key(&1);",
                  "    ",
                  "    assert_eq!(result, Some((&1, &\"one\")));",
                  "}"
                ]
              ],
              "can_compile": [
                {
                  "Err": "   Compiling libc v0.2.172\n   Compiling proc-macro2 v1.0.95\n   Compiling syn v1.0.109\n   Compiling getrandom v0.3.2\n   Compiling zerocopy v0.8.25\n   Compiling quote v1.0.40\n   Compiling syn v2.0.101\n   Compiling getrandom v0.2.16\n   Compiling rand_core v0.6.4\n   Compiling rand_core v0.9.3\n   Compiling rand v0.8.5\n   Compiling quickcheck v1.0.3\n   Compiling ppv-lite86 v0.2.21\n   Compiling rand_chacha v0.9.0\n   Compiling rand v0.9.1\n   Compiling serde_derive v1.0.219\n   Compiling ntest_test_cases v0.9.3\n   Compiling ntest_timeout v0.9.3\n   Compiling ntest v0.9.3\n   Compiling indexmap v2.9.0 (/home/abezbm/rust-utgen-test-crates-new/indexmap)\nwarning: unused import: `super::*`\n   --> src/map/core/raw_entry_v1.rs:668:8\n    |\n668 |    use super::*;\n    |        ^^^^^^^^\n    |\n    = note: `#[warn(unused_imports)]` on by default\n\nwarning: unused import: `ntest::timeout`\n   --> src/map/core/raw_entry_v1.rs:669:8\n    |\n669 |    use ntest::timeout;\n    |        ^^^^^^^^^^^^^^\n\nwarning: unused import: `std::hash::Hasher`\n   --> src/map/core/raw_entry_v1.rs:674:9\n    |\n674 |     use std::hash::Hasher;\n    |         ^^^^^^^^^^^^^^^^^\n\nwarning: unused import: `super::*`\n   --> src/map/slice.rs:520:9\n    |\n520 |     use super::*;\n    |         ^^^^^^^^\n\nwarning: unused import: `super::*`\n --> src/map/tests.rs:1:5\n  |\n1 | use super::*;\n  |     ^^^^^^^^\n\nwarning: unused import: `std::string::String`\n --> src/map/tests.rs:2:5\n  |\n2 | use std::string::String;\n  |     ^^^^^^^^^^^^^^^^^^^\n\nwarning: unused macro definition: `move_index_oob`\n   --> src/map/tests.rs:817:14\n    |\n817 | macro_rules! move_index_oob {\n    |              ^^^^^^^^^^^^^^\n    |\n    = note: `#[warn(unused_macros)]` on by default\n\nwarning: unused import: `super::*`\n   --> src/set/slice.rs:334:9\n    |\n334 |     use super::*;\n    |         ^^^^^^^^\n\nwarning: unused import: `super::*`\n --> src/set/tests.rs:1:5\n  |\n1 | use super::*;\n  |     ^^^^^^^^\n\nwarning: unused import: `std::string::String`\n --> src/set/tests.rs:2:5\n  |\n2 | use std::string::String;\n  |     ^^^^^^^^^^^^^^^^^^^\n\nerror[E0599]: the method `insert` exists for struct `IndexMap<i32, &str, DefaultHasher>`, but its trait bounds were not satisfied\n    |\n   ::: /home/abezbm/.rustup/toolchains/nightly-2024-07-21-x86_64-unknown-linux-gnu/lib/rustlib/src/rust/library/std/src/hash/random.rs:97:1\n    |\n97  | pub struct DefaultHasher(SipHasher13);\n    | ------------------------ doesn't satisfy `DefaultHasher: BuildHasher`\n    |\n   ::: src/map.rs:87:1\n    |\n87  | pub struct IndexMap<K, V, S = RandomState> {\n    | ------------------------------------------ method `insert` not found for this struct\n   --> src/map/core/raw_entry_v1.rs:678:9\n    |\n678 |     map.insert(1, \"one\");\n    |         ^^^^^^\n    |\nnote: trait bound `DefaultHasher: BuildHasher` was not satisfied\n   --> src/map.rs:384:8\n    |\n381 | impl<K, V, S> IndexMap<K, V, S>\n    |               -----------------\n...\n384 |     S: BuildHasher,\n    |        ^^^^^^^^^^^ unsatisfied trait bound introduced here\n\nerror[E0599]: the method `insert` exists for struct `IndexMap<i32, &str, DefaultHasher>`, but its trait bounds were not satisfied\n    |\n   ::: /home/abezbm/.rustup/toolchains/nightly-2024-07-21-x86_64-unknown-linux-gnu/lib/rustlib/src/rust/library/std/src/hash/random.rs:97:1\n    |\n97  | pub struct DefaultHasher(SipHasher13);\n    | ------------------------ doesn't satisfy `DefaultHasher: BuildHasher`\n    |\n   ::: src/map.rs:87:1\n    |\n87  | pub struct IndexMap<K, V, S = RandomState> {\n    | ------------------------------------------ method `insert` not found for this struct\n   --> src/map/core/raw_entry_v1.rs:679:9\n    |\n679 |     map.insert(2, \"two\");\n    |         ^^^^^^\n    |\nnote: trait bound `DefaultHasher: BuildHasher` was not satisfied\n   --> src/map.rs:384:8\n    |\n381 | impl<K, V, S> IndexMap<K, V, S>\n    |               -----------------\n...\n384 |     S: BuildHasher,\n    |        ^^^^^^^^^^^ unsatisfied trait bound introduced here\n\nerror[E0277]: the trait bound `DefaultHasher: BuildHasher` is not satisfied\n   --> src/map/core/raw_entry_v1.rs:682:26\n    |\n682 |     let result = builder.from_key(&1);\n    |                          ^^^^^^^^ the trait `BuildHasher` is not implemented for `DefaultHasher`\n    |\n    = help: the following other types implement trait `BuildHasher`:\n              BuildHasherDefault<H>\n              RandomState\nnote: required by a bound in `raw_entry_v1::RawEntryBuilder::<'a, K, V, S>::from_key`\n   --> src/map/core/raw_entry_v1.rs:203:12\n    |\n201 |     pub fn from_key<Q>(self, key: &Q) -> Option<(&'a K, &'a V)>\n    |            -------- required by a bound in this associated function\n202 |     where\n203 |         S: BuildHasher,\n    |            ^^^^^^^^^^^ required by this bound in `RawEntryBuilder::<'a, K, V, S>::from_key`\n\nSome errors have detailed explanations: E0277, E0599.\nFor more information about an error, try `rustc --explain E0277`.\nwarning: `indexmap` (lib test) generated 10 warnings\nerror: could not compile `indexmap` (lib test) due to 3 previous errors; 10 warnings emitted\n"
                }
              ],
              "repaired": [
                false
              ]
            },
            {
              "attrs": [],
              "prefix": [],
              "oracles": [],
              "codes": [
                [
                  "{",
                  "    use std::collections::hash_map::DefaultHasher;",
                  "    use std::hash::Hasher;",
                  "    use super::{IndexMap, RawEntryBuilder};",
                  "    ",
                  "    let mut map: IndexMap<i32, &str, _> = IndexMap::with_hasher(DefaultHasher::new());",
                  "    map.insert(1, \"one\");",
                  "",
                  "    let builder = RawEntryBuilder { map: &map };",
                  "    let result = builder.from_key(&2);",
                  "    ",
                  "    assert_eq!(result, None);",
                  "}"
                ]
              ],
              "can_compile": [
                {
                  "Err": "   Compiling libc v0.2.172\n   Compiling proc-macro2 v1.0.95\n   Compiling getrandom v0.3.2\n   Compiling zerocopy v0.8.25\n   Compiling syn v1.0.109\n   Compiling quote v1.0.40\n   Compiling syn v2.0.101\n   Compiling getrandom v0.2.16\n   Compiling rand_core v0.6.4\n   Compiling rand_core v0.9.3\n   Compiling rand v0.8.5\n   Compiling quickcheck v1.0.3\n   Compiling ppv-lite86 v0.2.21\n   Compiling rand_chacha v0.9.0\n   Compiling rand v0.9.1\n   Compiling serde_derive v1.0.219\n   Compiling ntest_timeout v0.9.3\n   Compiling ntest_test_cases v0.9.3\n   Compiling ntest v0.9.3\n   Compiling indexmap v2.9.0 (/home/abezbm/rust-utgen-test-crates-new/indexmap)\nwarning: unused import: `super::*`\n   --> src/map/core/raw_entry_v1.rs:668:8\n    |\n668 |    use super::*;\n    |        ^^^^^^^^\n    |\n    = note: `#[warn(unused_imports)]` on by default\n\nwarning: unused import: `ntest::timeout`\n   --> src/map/core/raw_entry_v1.rs:669:8\n    |\n669 |    use ntest::timeout;\n    |        ^^^^^^^^^^^^^^\n\nwarning: unused import: `std::hash::Hasher`\n   --> src/map/core/raw_entry_v1.rs:674:9\n    |\n674 |     use std::hash::Hasher;\n    |         ^^^^^^^^^^^^^^^^^\n\nwarning: unused import: `super::*`\n   --> src/map/slice.rs:520:9\n    |\n520 |     use super::*;\n    |         ^^^^^^^^\n\nwarning: unused import: `super::*`\n --> src/map/tests.rs:1:5\n  |\n1 | use super::*;\n  |     ^^^^^^^^\n\nwarning: unused import: `std::string::String`\n --> src/map/tests.rs:2:5\n  |\n2 | use std::string::String;\n  |     ^^^^^^^^^^^^^^^^^^^\n\nwarning: unused macro definition: `move_index_oob`\n   --> src/map/tests.rs:817:14\n    |\n817 | macro_rules! move_index_oob {\n    |              ^^^^^^^^^^^^^^\n    |\n    = note: `#[warn(unused_macros)]` on by default\n\nwarning: unused import: `super::*`\n   --> src/set/slice.rs:334:9\n    |\n334 |     use super::*;\n    |         ^^^^^^^^\n\nwarning: unused import: `super::*`\n --> src/set/tests.rs:1:5\n  |\n1 | use super::*;\n  |     ^^^^^^^^\n\nwarning: unused import: `std::string::String`\n --> src/set/tests.rs:2:5\n  |\n2 | use std::string::String;\n  |     ^^^^^^^^^^^^^^^^^^^\n\nerror[E0599]: the method `insert` exists for struct `IndexMap<i32, &str, DefaultHasher>`, but its trait bounds were not satisfied\n    |\n   ::: /home/abezbm/.rustup/toolchains/nightly-2024-07-21-x86_64-unknown-linux-gnu/lib/rustlib/src/rust/library/std/src/hash/random.rs:97:1\n    |\n97  | pub struct DefaultHasher(SipHasher13);\n    | ------------------------ doesn't satisfy `DefaultHasher: BuildHasher`\n    |\n   ::: src/map.rs:87:1\n    |\n87  | pub struct IndexMap<K, V, S = RandomState> {\n    | ------------------------------------------ method `insert` not found for this struct\n   --> src/map/core/raw_entry_v1.rs:678:9\n    |\n678 |     map.insert(1, \"one\");\n    |         ^^^^^^\n    |\nnote: trait bound `DefaultHasher: BuildHasher` was not satisfied\n   --> src/map.rs:384:8\n    |\n381 | impl<K, V, S> IndexMap<K, V, S>\n    |               -----------------\n...\n384 |     S: BuildHasher,\n    |        ^^^^^^^^^^^ unsatisfied trait bound introduced here\n\nerror[E0277]: the trait bound `DefaultHasher: BuildHasher` is not satisfied\n   --> src/map/core/raw_entry_v1.rs:681:26\n    |\n681 |     let result = builder.from_key(&2);\n    |                          ^^^^^^^^ the trait `BuildHasher` is not implemented for `DefaultHasher`\n    |\n    = help: the following other types implement trait `BuildHasher`:\n              BuildHasherDefault<H>\n              RandomState\nnote: required by a bound in `raw_entry_v1::RawEntryBuilder::<'a, K, V, S>::from_key`\n   --> src/map/core/raw_entry_v1.rs:203:12\n    |\n201 |     pub fn from_key<Q>(self, key: &Q) -> Option<(&'a K, &'a V)>\n    |            -------- required by a bound in this associated function\n202 |     where\n203 |         S: BuildHasher,\n    |            ^^^^^^^^^^^ required by this bound in `RawEntryBuilder::<'a, K, V, S>::from_key`\n\nSome errors have detailed explanations: E0277, E0599.\nFor more information about an error, try `rustc --explain E0277`.\nwarning: `indexmap` (lib test) generated 10 warnings\nerror: could not compile `indexmap` (lib test) due to 2 previous errors; 10 warnings emitted\n"
                }
              ],
              "repaired": [
                false
              ]
            },
            {
              "attrs": [],
              "prefix": [],
              "oracles": [],
              "codes": [
                [
                  "{",
                  "    use std::collections::hash_map::DefaultHasher;",
                  "    use std::hash::Hasher;",
                  "    use super::{IndexMap, RawEntryBuilder};",
                  "    ",
                  "    let mut map: IndexMap<String, i32, _> = IndexMap::with_hasher(DefaultHasher::new());",
                  "    map.insert(\"first\".to_string(), 10);",
                  "    ",
                  "    let builder = RawEntryBuilder { map: &map };",
                  "    let key: &str = \"first\";",
                  "    let result = builder.from_key(&key);",
                  "    ",
                  "    assert_eq!(result, Some((&\"first\".to_string(), &10)));",
                  "}"
                ]
              ],
              "can_compile": [
                {
                  "Err": "   Compiling libc v0.2.172\n   Compiling proc-macro2 v1.0.95\n   Compiling syn v1.0.109\n   Compiling getrandom v0.3.2\n   Compiling zerocopy v0.8.25\n   Compiling quote v1.0.40\n   Compiling syn v2.0.101\n   Compiling getrandom v0.2.16\n   Compiling rand_core v0.6.4\n   Compiling rand_core v0.9.3\n   Compiling rand v0.8.5\n   Compiling quickcheck v1.0.3\n   Compiling ppv-lite86 v0.2.21\n   Compiling rand_chacha v0.9.0\n   Compiling rand v0.9.1\n   Compiling serde_derive v1.0.219\n   Compiling ntest_test_cases v0.9.3\n   Compiling ntest_timeout v0.9.3\n   Compiling ntest v0.9.3\n   Compiling indexmap v2.9.0 (/home/abezbm/rust-utgen-test-crates-new/indexmap)\nwarning: unused import: `super::*`\n   --> src/map/core/raw_entry_v1.rs:668:8\n    |\n668 |    use super::*;\n    |        ^^^^^^^^\n    |\n    = note: `#[warn(unused_imports)]` on by default\n\nwarning: unused import: `ntest::timeout`\n   --> src/map/core/raw_entry_v1.rs:669:8\n    |\n669 |    use ntest::timeout;\n    |        ^^^^^^^^^^^^^^\n\nwarning: unused import: `std::hash::Hasher`\n   --> src/map/core/raw_entry_v1.rs:674:9\n    |\n674 |     use std::hash::Hasher;\n    |         ^^^^^^^^^^^^^^^^^\n\nwarning: unused import: `super::*`\n   --> src/map/slice.rs:520:9\n    |\n520 |     use super::*;\n    |         ^^^^^^^^\n\nwarning: unused import: `super::*`\n --> src/map/tests.rs:1:5\n  |\n1 | use super::*;\n  |     ^^^^^^^^\n\nwarning: unused import: `std::string::String`\n --> src/map/tests.rs:2:5\n  |\n2 | use std::string::String;\n  |     ^^^^^^^^^^^^^^^^^^^\n\nwarning: unused macro definition: `move_index_oob`\n   --> src/map/tests.rs:817:14\n    |\n817 | macro_rules! move_index_oob {\n    |              ^^^^^^^^^^^^^^\n    |\n    = note: `#[warn(unused_macros)]` on by default\n\nwarning: unused import: `super::*`\n   --> src/set/slice.rs:334:9\n    |\n334 |     use super::*;\n    |         ^^^^^^^^\n\nwarning: unused import: `super::*`\n --> src/set/tests.rs:1:5\n  |\n1 | use super::*;\n  |     ^^^^^^^^\n\nwarning: unused import: `std::string::String`\n --> src/set/tests.rs:2:5\n  |\n2 | use std::string::String;\n  |     ^^^^^^^^^^^^^^^^^^^\n\nerror[E0599]: the method `insert` exists for struct `IndexMap<String, i32, DefaultHasher>`, but its trait bounds were not satisfied\n    |\n   ::: /home/abezbm/.rustup/toolchains/nightly-2024-07-21-x86_64-unknown-linux-gnu/lib/rustlib/src/rust/library/std/src/hash/random.rs:97:1\n    |\n97  | pub struct DefaultHasher(SipHasher13);\n    | ------------------------ doesn't satisfy `DefaultHasher: BuildHasher`\n    |\n   ::: src/map.rs:87:1\n    |\n87  | pub struct IndexMap<K, V, S = RandomState> {\n    | ------------------------------------------ method `insert` not found for this struct\n   --> src/map/core/raw_entry_v1.rs:678:9\n    |\n678 |     map.insert(\"first\".to_string(), 10);\n    |         ^^^^^^\n    |\nnote: trait bound `DefaultHasher: BuildHasher` was not satisfied\n   --> src/map.rs:384:8\n    |\n381 | impl<K, V, S> IndexMap<K, V, S>\n    |               -----------------\n...\n384 |     S: BuildHasher,\n    |        ^^^^^^^^^^^ unsatisfied trait bound introduced here\n\nerror[E0277]: the trait bound `DefaultHasher: BuildHasher` is not satisfied\n   --> src/map/core/raw_entry_v1.rs:682:26\n    |\n682 |     let result = builder.from_key(&key);\n    |                          ^^^^^^^^ the trait `BuildHasher` is not implemented for `DefaultHasher`\n    |\n    = help: the following other types implement trait `BuildHasher`:\n              BuildHasherDefault<H>\n              RandomState\nnote: required by a bound in `raw_entry_v1::RawEntryBuilder::<'a, K, V, S>::from_key`\n   --> src/map/core/raw_entry_v1.rs:203:12\n    |\n201 |     pub fn from_key<Q>(self, key: &Q) -> Option<(&'a K, &'a V)>\n    |            -------- required by a bound in this associated function\n202 |     where\n203 |         S: BuildHasher,\n    |            ^^^^^^^^^^^ required by this bound in `RawEntryBuilder::<'a, K, V, S>::from_key`\n\nerror[E0277]: the trait bound `String: Borrow<&str>` is not satisfied\n   --> src/map/core/raw_entry_v1.rs:682:35\n    |\n682 |     let result = builder.from_key(&key);\n    |                          -------- ^^^^ the trait `Borrow<&str>` is not implemented for `String`, which is required by `&str: equivalent::Equivalent<String>`\n    |                          |\n    |                          required by a bound introduced by this call\n    |\n    = help: the trait `Borrow<str>` is implemented for `String`\n    = help: for that trait implementation, expected `str`, found `&str`\n    = note: required for `&str` to implement `equivalent::Equivalent<String>`\nnote: required by a bound in `raw_entry_v1::RawEntryBuilder::<'a, K, V, S>::from_key`\n   --> src/map/core/raw_entry_v1.rs:204:28\n    |\n201 |     pub fn from_key<Q>(self, key: &Q) -> Option<(&'a K, &'a V)>\n    |            -------- required by a bound in this associated function\n...\n204 |         Q: ?Sized + Hash + Equivalent<K>,\n    |                            ^^^^^^^^^^^^^ required by this bound in `RawEntryBuilder::<'a, K, V, S>::from_key`\n\nSome errors have detailed explanations: E0277, E0599.\nFor more information about an error, try `rustc --explain E0277`.\nwarning: `indexmap` (lib test) generated 10 warnings\nerror: could not compile `indexmap` (lib test) due to 3 previous errors; 10 warnings emitted\n"
                }
              ],
              "repaired": [
                false
              ]
            },
            {
              "attrs": [],
              "prefix": [],
              "oracles": [],
              "codes": [
                [
                  "{",
                  "    use std::collections::hash_map::DefaultHasher;",
                  "    use std::hash::Hasher;",
                  "    use super::{IndexMap, RawEntryBuilder};",
                  "    ",
                  "    let map: IndexMap<i32, &str, _> = IndexMap::with_hasher(DefaultHasher::new());",
                  "",
                  "    let builder = RawEntryBuilder { map: &map };",
                  "    let result = builder.from_key(&1);",
                  "    ",
                  "    assert_eq!(result, None);",
                  "}"
                ]
              ],
              "can_compile": [
                {
                  "Err": "   Compiling libc v0.2.172\n   Compiling proc-macro2 v1.0.95\n   Compiling getrandom v0.3.2\n   Compiling zerocopy v0.8.25\n   Compiling syn v1.0.109\n   Compiling quote v1.0.40\n   Compiling syn v2.0.101\n   Compiling getrandom v0.2.16\n   Compiling rand_core v0.6.4\n   Compiling rand_core v0.9.3\n   Compiling rand v0.8.5\n   Compiling quickcheck v1.0.3\n   Compiling ppv-lite86 v0.2.21\n   Compiling rand_chacha v0.9.0\n   Compiling rand v0.9.1\n   Compiling serde_derive v1.0.219\n   Compiling ntest_test_cases v0.9.3\n   Compiling ntest_timeout v0.9.3\n   Compiling ntest v0.9.3\n   Compiling indexmap v2.9.0 (/home/abezbm/rust-utgen-test-crates-new/indexmap)\nwarning: unused import: `super::*`\n   --> src/map/core/raw_entry_v1.rs:668:8\n    |\n668 |    use super::*;\n    |        ^^^^^^^^\n    |\n    = note: `#[warn(unused_imports)]` on by default\n\nwarning: unused import: `ntest::timeout`\n   --> src/map/core/raw_entry_v1.rs:669:8\n    |\n669 |    use ntest::timeout;\n    |        ^^^^^^^^^^^^^^\n\nwarning: unused import: `std::hash::Hasher`\n   --> src/map/core/raw_entry_v1.rs:674:9\n    |\n674 |     use std::hash::Hasher;\n    |         ^^^^^^^^^^^^^^^^^\n\nwarning: unused import: `super::*`\n   --> src/map/slice.rs:520:9\n    |\n520 |     use super::*;\n    |         ^^^^^^^^\n\nwarning: unused import: `super::*`\n --> src/map/tests.rs:1:5\n  |\n1 | use super::*;\n  |     ^^^^^^^^\n\nwarning: unused import: `std::string::String`\n --> src/map/tests.rs:2:5\n  |\n2 | use std::string::String;\n  |     ^^^^^^^^^^^^^^^^^^^\n\nwarning: unused macro definition: `move_index_oob`\n   --> src/map/tests.rs:817:14\n    |\n817 | macro_rules! move_index_oob {\n    |              ^^^^^^^^^^^^^^\n    |\n    = note: `#[warn(unused_macros)]` on by default\n\nwarning: unused import: `super::*`\n   --> src/set/slice.rs:334:9\n    |\n334 |     use super::*;\n    |         ^^^^^^^^\n\nwarning: unused import: `super::*`\n --> src/set/tests.rs:1:5\n  |\n1 | use super::*;\n  |     ^^^^^^^^\n\nwarning: unused import: `std::string::String`\n --> src/set/tests.rs:2:5\n  |\n2 | use std::string::String;\n  |     ^^^^^^^^^^^^^^^^^^^\n\nerror[E0277]: the trait bound `DefaultHasher: BuildHasher` is not satisfied\n   --> src/map/core/raw_entry_v1.rs:680:26\n    |\n680 |     let result = builder.from_key(&1);\n    |                          ^^^^^^^^ the trait `BuildHasher` is not implemented for `DefaultHasher`\n    |\n    = help: the following other types implement trait `BuildHasher`:\n              BuildHasherDefault<H>\n              RandomState\nnote: required by a bound in `raw_entry_v1::RawEntryBuilder::<'a, K, V, S>::from_key`\n   --> src/map/core/raw_entry_v1.rs:203:12\n    |\n201 |     pub fn from_key<Q>(self, key: &Q) -> Option<(&'a K, &'a V)>\n    |            -------- required by a bound in this associated function\n202 |     where\n203 |         S: BuildHasher,\n    |            ^^^^^^^^^^^ required by this bound in `RawEntryBuilder::<'a, K, V, S>::from_key`\n\nFor more information about this error, try `rustc --explain E0277`.\nwarning: `indexmap` (lib test) generated 10 warnings\nerror: could not compile `indexmap` (lib test) due to 1 previous error; 10 warnings emitted\n"
                }
              ],
              "repaired": [
                false
              ]
            }
          ]
        }
      ]
    }
  ]
}