{
  "name": "indexmap::map::iter::<map::iter::Iter<'_, K, V> as std::fmt::Debug>::fmt",
  "name_with_impl": "indexmap::map::iter::{impl#9}::fmt",
  "mod_info": {
    "name": "map::iter",
    "loc": "src/map.rs:5:1:5:10"
  },
  "visible": true,
  "loc": "src/map/iter.rs:87:5:89:6",
  "fn_tests": [
    {
      "chain_id": 0,
      "prompt_conds": [],
      "input_infer": "",
      "answers": [
        {
          "uses": [
            "use core::fmt;"
          ],
          "has_test_mod": false,
          "common": [],
          "chain_tests": [
            {
              "attrs": [],
              "prefix": [],
              "oracles": [],
              "codes": [
                [
                  "{",
                  "    use core::fmt;",
                  "    ",
                  "    // Define a suitable Bucket struct for testing.",
                  "    #[derive(Copy, Debug)]",
                  "    struct Bucket<K, V> {",
                  "        hash: u64, // Assuming HashValue is a u64 for the sake of testing",
                  "        key: K,",
                  "        value: V,",
                  "    }",
                  "",
                  "    // Define a simple Iter struct to test the fmt implementation.",
                  "    struct Iter<'a, K, V> {",
                  "        iter: &'a [Bucket<K, V>],",
                  "    }",
                  "",
                  "    impl<K: fmt::Debug, V: fmt::Debug> fmt::Debug for Iter<'_, K, V> {",
                  "        fn fmt(&self, f: &mut fmt::Formatter<'_>) -> fmt::Result {",
                  "            f.debug_list().entries(self.iter.iter().copied()).finish()",
                  "        }",
                  "    }",
                  "",
                  "    // Create a test bucket array for the iteration.",
                  "    let buckets = [",
                  "        Bucket { hash: 1, key: \"key1\", value: \"value1\" },",
                  "        Bucket { hash: 2, key: \"key2\", value: \"value2\" },",
                  "    ];",
                  "",
                  "    // Initialize the Iter instance with the defined buckets.",
                  "    let iter = Iter { iter: &buckets };",
                  "",
                  "    // Capture the output of the fmt::Debug implementation.",
                  "    let output = format!(\"{:?}\", iter);",
                  "",
                  "    // Check that the output contains expected debug formatting.",
                  "    assert!(output.contains(\"key1\") && output.contains(\"value1\"));",
                  "    assert!(output.contains(\"key2\") && output.contains(\"value2\"));",
                  "}"
                ]
              ],
              "can_compile": [
                {
                  "Err": "   Compiling libc v0.2.172\n   Compiling proc-macro2 v1.0.95\n   Compiling syn v1.0.109\n   Compiling zerocopy v0.8.25\n   Compiling getrandom v0.3.2\n   Compiling quote v1.0.40\n   Compiling syn v2.0.101\n   Compiling getrandom v0.2.16\n   Compiling rand_core v0.6.4\n   Compiling rand_core v0.9.3\n   Compiling rand v0.8.5\n   Compiling quickcheck v1.0.3\n   Compiling ppv-lite86 v0.2.21\n   Compiling rand_chacha v0.9.0\n   Compiling rand v0.9.1\n   Compiling serde_derive v1.0.219\n   Compiling ntest_test_cases v0.9.3\n   Compiling ntest_timeout v0.9.3\n   Compiling ntest v0.9.3\n   Compiling indexmap v2.9.0 (/home/abezbm/rust-utgen-test-crates-new/indexmap)\nwarning: unused import: `ntest::timeout`\n   --> src/map/iter.rs:780:8\n    |\n780 |    use ntest::timeout;\n    |        ^^^^^^^^^^^^^^\n    |\n    = note: `#[warn(unused_imports)]` on by default\n\nwarning: unused import: `super::*`\n   --> src/map/slice.rs:520:9\n    |\n520 |     use super::*;\n    |         ^^^^^^^^\n\nwarning: unused import: `super::*`\n --> src/map/tests.rs:1:5\n  |\n1 | use super::*;\n  |     ^^^^^^^^\n\nwarning: unused import: `std::string::String`\n --> src/map/tests.rs:2:5\n  |\n2 | use std::string::String;\n  |     ^^^^^^^^^^^^^^^^^^^\n\nwarning: unused macro definition: `move_index_oob`\n   --> src/map/tests.rs:817:14\n    |\n817 | macro_rules! move_index_oob {\n    |              ^^^^^^^^^^^^^^\n    |\n    = note: `#[warn(unused_macros)]` on by default\n\nwarning: unused import: `super::*`\n   --> src/set/slice.rs:334:9\n    |\n334 |     use super::*;\n    |         ^^^^^^^^\n\nwarning: unused import: `super::*`\n --> src/set/tests.rs:1:5\n  |\n1 | use super::*;\n  |     ^^^^^^^^\n\nwarning: unused import: `std::string::String`\n --> src/set/tests.rs:2:5\n  |\n2 | use std::string::String;\n  |     ^^^^^^^^^^^^^^^^^^^\n\nerror[E0277]: the trait bound `llmtests::test_fmt_00::Bucket<K, V>: Clone` is not satisfied\n   --> src/map/iter.rs:787:14\n    |\n787 |     #[derive(Copy, Debug)]\n    |              ^^^^ the trait `Clone` is not implemented for `llmtests::test_fmt_00::Bucket<K, V>`\n    |\nnote: required by a bound in `std::marker::Copy`\n   --> /home/abezbm/.rustup/toolchains/nightly-2024-07-21-x86_64-unknown-linux-gnu/lib/rustlib/src/rust/library/core/src/marker.rs:403:17\n    |\n403 | pub trait Copy: Clone {\n    |                 ^^^^^ required by this bound in `Copy`\n    = note: this error originates in the derive macro `Copy` (in Nightly builds, run with -Z macro-backtrace for more info)\nhelp: consider annotating `llmtests::test_fmt_00::Bucket<K, V>` with `#[derive(Clone)]`\n    |\n788 +     #[derive(Clone)]\n789 |     struct Bucket<K, V> {\n    |\n\nerror[E0277]: the trait bound `K: std::marker::Copy` is not satisfied\n    --> src/map/iter.rs:801:53\n     |\n801  |             f.debug_list().entries(self.iter.iter().copied()).finish()\n     |                                                     ^^^^^^ the trait `std::marker::Copy` is not implemented for `K`, which is required by `llmtests::test_fmt_00::Bucket<K, V>: std::marker::Copy`\n     |\nnote: required for `llmtests::test_fmt_00::Bucket<K, V>` to implement `std::marker::Copy`\n    --> src/map/iter.rs:787:14\n     |\n787  |     #[derive(Copy, Debug)]\n     |              ^^^^ unsatisfied trait bound introduced in this `derive` macro\nnote: required by a bound in `copied`\n    --> /home/abezbm/.rustup/toolchains/nightly-2024-07-21-x86_64-unknown-linux-gnu/lib/rustlib/src/rust/library/core/src/iter/traits/iterator.rs:3423:12\n     |\n3420 |     fn copied<'a, T: 'a>(self) -> Copied<Self>\n     |        ------ required by a bound in this associated function\n...\n3423 |         T: Copy,\n     |            ^^^^ required by this bound in `Iterator::copied`\n     = note: this error originates in the derive macro `Copy` (in Nightly builds, run with -Z macro-backtrace for more info)\nhelp: consider further restricting this bound\n     |\n799  |     impl<K: fmt::Debug + std::marker::Copy, V: fmt::Debug> fmt::Debug for Iter<'_, K, V> {\n     |                        +++++++++++++++++++\n\nerror[E0277]: the trait bound `V: std::marker::Copy` is not satisfied\n    --> src/map/iter.rs:801:53\n     |\n801  |             f.debug_list().entries(self.iter.iter().copied()).finish()\n     |                                                     ^^^^^^ the trait `std::marker::Copy` is not implemented for `V`, which is required by `llmtests::test_fmt_00::Bucket<K, V>: std::marker::Copy`\n     |\nnote: required for `llmtests::test_fmt_00::Bucket<K, V>` to implement `std::marker::Copy`\n    --> src/map/iter.rs:787:14\n     |\n787  |     #[derive(Copy, Debug)]\n     |              ^^^^ unsatisfied trait bound introduced in this `derive` macro\nnote: required by a bound in `copied`\n    --> /home/abezbm/.rustup/toolchains/nightly-2024-07-21-x86_64-unknown-linux-gnu/lib/rustlib/src/rust/library/core/src/iter/traits/iterator.rs:3423:12\n     |\n3420 |     fn copied<'a, T: 'a>(self) -> Copied<Self>\n     |        ------ required by a bound in this associated function\n...\n3423 |         T: Copy,\n     |            ^^^^ required by this bound in `Iterator::copied`\n     = note: this error originates in the derive macro `Copy` (in Nightly builds, run with -Z macro-backtrace for more info)\nhelp: consider further restricting this bound\n     |\n799  |     impl<K: fmt::Debug, V: fmt::Debug + std::marker::Copy> fmt::Debug for Iter<'_, K, V> {\n     |                                       +++++++++++++++++++\n\nerror[E0277]: the trait bound `llmtests::test_fmt_00::Bucket<K, V>: std::marker::Copy` is not satisfied\n   --> src/map/iter.rs:801:36\n    |\n801 |             f.debug_list().entries(self.iter.iter().copied()).finish()\n    |                            ------- ^^^^^^^^^^^^^^^^^^^^^^^^^ the trait `std::marker::Copy` is not implemented for `llmtests::test_fmt_00::Bucket<K, V>`\n    |                            |\n    |                            required by a bound introduced by this call\n    |\nnote: required for `llmtests::test_fmt_00::Bucket<K, V>` to implement `std::marker::Copy`\n   --> src/map/iter.rs:787:14\n    |\n787 |     #[derive(Copy, Debug)]\n    |              ^^^^ unsatisfied trait bound introduced in this `derive` macro\n    = note: required for `Copied<std::slice::Iter<'_, llmtests::test_fmt_00::Bucket<K, V>>>` to implement `Iterator`\nnote: required by a bound in `DebugList::<'a, 'b>::entries`\n   --> /home/abezbm/.rustup/toolchains/nightly-2024-07-21-x86_64-unknown-linux-gnu/lib/rustlib/src/rust/library/core/src/fmt/builders.rs:692:25\n    |\n689 |     pub fn entries<D, I>(&mut self, entries: I) -> &mut Self\n    |            ------- required by a bound in this associated function\n...\n692 |         I: IntoIterator<Item = D>,\n    |                         ^^^^^^^^ required by this bound in `DebugList::<'a, 'b>::entries`\n    = note: this error originates in the derive macro `Copy` (in Nightly builds, run with -Z macro-backtrace for more info)\nhelp: consider borrowing here\n    |\n801 |             f.debug_list().entries(&self.iter.iter().copied()).finish()\n    |                                    +\n\nwarning: unused import: `super`\n   --> src/map/iter.rs:779:8\n    |\n779 |    use super::*;\n    |        ^^^^^\n\nFor more information about this error, try `rustc --explain E0277`.\nwarning: `indexmap` (lib test) generated 9 warnings\nerror: could not compile `indexmap` (lib test) due to 4 previous errors; 9 warnings emitted\n"
                }
              ],
              "repaired": [
                false
              ]
            }
          ]
        }
      ]
    }
  ]
}