{
  "name": "serde::__private::de::content::<__private::de::content::Content<'de> as de::IntoDeserializer<'de, E>>::into_deserializer",
  "name_with_impl": "serde::__private::de::content::{impl#2}::into_deserializer",
  "mod_info": {
    "name": "__private::de::content",
    "loc": "serde/src/private/de.rs:198:1:2358:2"
  },
  "visible": true,
  "loc": "serde/src/private/de.rs:311:9:313:10",
  "fn_tests": [
    {
      "chain_id": 1,
      "prompt_conds": [],
      "input_infer": "",
      "answers": [
        {
          "uses": [],
          "has_test_mod": false,
          "common": [],
          "chain_tests": [
            {
              "attrs": [],
              "prefix": [],
              "oracles": [],
              "codes": [
                [
                  "{",
                  "    let content = Content::Bool(true);",
                  "    let deserializer = content.into_deserializer();",
                  "    assert_eq!(deserializer.content, Content::Bool(true));",
                  "}"
                ]
              ],
              "can_compile": [
                {
                  "Err": "   Compiling proc-macro2 v1.0.95\n   Compiling syn v1.0.109\n   Compiling serde_derive v1.0.219 (/home/abezbm/rust-utgen-test-crates-new/serde/serde_derive)\n   Compiling serde v1.0.219 (/home/abezbm/rust-utgen-test-crates-new/serde/serde)\n   Compiling quote v1.0.40\n   Compiling syn v2.0.100\n   Compiling ntest_test_cases v0.9.3\n   Compiling ntest_timeout v0.9.3\n   Compiling ntest v0.9.3\nwarning: unused import: `ntest::timeout`\n    --> serde/src/private/de.rs:2362:8\n     |\n2362 |    use ntest::timeout;\n     |        ^^^^^^^^^^^^^^\n     |\n     = note: `#[warn(unused_imports)]` on by default\n\nerror[E0599]: no method named `into_deserializer` found for enum `__private::de::content::Content` in the current scope\n    --> serde/src/private/de.rs:2367:32\n     |\n223  |     pub enum Content<'de> {\n     |     --------------------- method `into_deserializer` not found for this enum\n...\n2367 |     let deserializer = content.into_deserializer();\n     |                                ^^^^^^^^^^^^^^^^^ method not found in `Content<'_>`\n     |\n    ::: serde/src/de/mod.rs:2264:8\n     |\n2264 |     fn into_deserializer(self) -> Self::Deserializer;\n     |        ----------------- the method is available for `__private::de::content::Content<'_>` here\n     |\n     = help: items from traits can only be used if the trait is in scope\nhelp: trait `IntoDeserializer` which provides `into_deserializer` is implemented but not in scope; perhaps you want to import it\n     |\n2361 +    use crate::de::IntoDeserializer;\n     |\n\nFor more information about this error, try `rustc --explain E0599`.\nwarning: `serde` (lib test) generated 1 warning\nerror: could not compile `serde` (lib test) due to 1 previous error; 1 warning emitted\n"
                }
              ],
              "repaired": [
                false
              ]
            },
            {
              "attrs": [],
              "prefix": [],
              "oracles": [],
              "codes": [
                [
                  "{",
                  "    let content = Content::U8(255);",
                  "    let deserializer = content.into_deserializer();",
                  "    assert_eq!(deserializer.content, Content::U8(255));",
                  "}"
                ]
              ],
              "can_compile": [
                {
                  "Err": "   Compiling proc-macro2 v1.0.95\n   Compiling syn v1.0.109\n   Compiling serde_derive v1.0.219 (/home/abezbm/rust-utgen-test-crates-new/serde/serde_derive)\n   Compiling serde v1.0.219 (/home/abezbm/rust-utgen-test-crates-new/serde/serde)\n   Compiling quote v1.0.40\n   Compiling syn v2.0.100\n   Compiling ntest_test_cases v0.9.3\n   Compiling ntest_timeout v0.9.3\n   Compiling ntest v0.9.3\nwarning: unused import: `ntest::timeout`\n    --> serde/src/private/de.rs:2362:8\n     |\n2362 |    use ntest::timeout;\n     |        ^^^^^^^^^^^^^^\n     |\n     = note: `#[warn(unused_imports)]` on by default\n\nerror[E0599]: no method named `into_deserializer` found for enum `__private::de::content::Content` in the current scope\n    --> serde/src/private/de.rs:2367:32\n     |\n223  |     pub enum Content<'de> {\n     |     --------------------- method `into_deserializer` not found for this enum\n...\n2367 |     let deserializer = content.into_deserializer();\n     |                                ^^^^^^^^^^^^^^^^^ method not found in `Content<'_>`\n     |\n    ::: serde/src/de/mod.rs:2264:8\n     |\n2264 |     fn into_deserializer(self) -> Self::Deserializer;\n     |        ----------------- the method is available for `__private::de::content::Content<'_>` here\n     |\n     = help: items from traits can only be used if the trait is in scope\nhelp: trait `IntoDeserializer` which provides `into_deserializer` is implemented but not in scope; perhaps you want to import it\n     |\n2361 +    use crate::de::IntoDeserializer;\n     |\n\nFor more information about this error, try `rustc --explain E0599`.\nwarning: `serde` (lib test) generated 1 warning\nerror: could not compile `serde` (lib test) due to 1 previous error; 1 warning emitted\n"
                }
              ],
              "repaired": [
                false
              ]
            },
            {
              "attrs": [],
              "prefix": [],
              "oracles": [],
              "codes": [
                [
                  "{",
                  "    let content = Content::String(String::from(\"test\"));",
                  "    let deserializer = content.into_deserializer();",
                  "    assert_eq!(deserializer.content, Content::String(String::from(\"test\")));",
                  "}"
                ]
              ],
              "can_compile": [
                {
                  "Err": "   Compiling proc-macro2 v1.0.95\n   Compiling syn v1.0.109\n   Compiling serde_derive v1.0.219 (/home/abezbm/rust-utgen-test-crates-new/serde/serde_derive)\n   Compiling serde v1.0.219 (/home/abezbm/rust-utgen-test-crates-new/serde/serde)\n   Compiling quote v1.0.40\n   Compiling syn v2.0.100\n   Compiling ntest_timeout v0.9.3\n   Compiling ntest_test_cases v0.9.3\n   Compiling ntest v0.9.3\nwarning: unused import: `ntest::timeout`\n    --> serde/src/private/de.rs:2362:8\n     |\n2362 |    use ntest::timeout;\n     |        ^^^^^^^^^^^^^^\n     |\n     = note: `#[warn(unused_imports)]` on by default\n\nerror[E0599]: no method named `into_deserializer` found for enum `__private::de::content::Content` in the current scope\n    --> serde/src/private/de.rs:2367:32\n     |\n223  |     pub enum Content<'de> {\n     |     --------------------- method `into_deserializer` not found for this enum\n...\n2367 |     let deserializer = content.into_deserializer();\n     |                                ^^^^^^^^^^^^^^^^^ method not found in `Content<'_>`\n     |\n    ::: serde/src/de/mod.rs:2264:8\n     |\n2264 |     fn into_deserializer(self) -> Self::Deserializer;\n     |        ----------------- the method is available for `__private::de::content::Content<'_>` here\n     |\n     = help: items from traits can only be used if the trait is in scope\nhelp: trait `IntoDeserializer` which provides `into_deserializer` is implemented but not in scope; perhaps you want to import it\n     |\n2361 +    use crate::de::IntoDeserializer;\n     |\n\nFor more information about this error, try `rustc --explain E0599`.\nwarning: `serde` (lib test) generated 1 warning\nerror: could not compile `serde` (lib test) due to 1 previous error; 1 warning emitted\n"
                }
              ],
              "repaired": [
                false
              ]
            },
            {
              "attrs": [],
              "prefix": [],
              "oracles": [],
              "codes": [
                [
                  "{",
                  "    let content = Content::Seq(vec![Content::U32(1), Content::U32(2)]);",
                  "    let deserializer = content.into_deserializer();",
                  "    assert_eq!(deserializer.content, Content::Seq(vec![Content::U32(1), Content::U32(2)]));",
                  "}"
                ]
              ],
              "can_compile": [
                {
                  "Err": "   Compiling proc-macro2 v1.0.95\n   Compiling syn v1.0.109\n   Compiling serde_derive v1.0.219 (/home/abezbm/rust-utgen-test-crates-new/serde/serde_derive)\n   Compiling serde v1.0.219 (/home/abezbm/rust-utgen-test-crates-new/serde/serde)\n   Compiling quote v1.0.40\n   Compiling syn v2.0.100\n   Compiling ntest_timeout v0.9.3\n   Compiling ntest_test_cases v0.9.3\n   Compiling ntest v0.9.3\nwarning: unused import: `ntest::timeout`\n    --> serde/src/private/de.rs:2362:8\n     |\n2362 |    use ntest::timeout;\n     |        ^^^^^^^^^^^^^^\n     |\n     = note: `#[warn(unused_imports)]` on by default\n\nerror[E0599]: no method named `into_deserializer` found for enum `__private::de::content::Content` in the current scope\n    --> serde/src/private/de.rs:2367:32\n     |\n223  |     pub enum Content<'de> {\n     |     --------------------- method `into_deserializer` not found for this enum\n...\n2367 |     let deserializer = content.into_deserializer();\n     |                                ^^^^^^^^^^^^^^^^^ method not found in `Content<'_>`\n     |\n    ::: serde/src/de/mod.rs:2264:8\n     |\n2264 |     fn into_deserializer(self) -> Self::Deserializer;\n     |        ----------------- the method is available for `__private::de::content::Content<'_>` here\n     |\n     = help: items from traits can only be used if the trait is in scope\nhelp: trait `IntoDeserializer` which provides `into_deserializer` is implemented but not in scope; perhaps you want to import it\n     |\n2361 +    use crate::de::IntoDeserializer;\n     |\n\nFor more information about this error, try `rustc --explain E0599`.\nwarning: `serde` (lib test) generated 1 warning\nerror: could not compile `serde` (lib test) due to 1 previous error; 1 warning emitted\n"
                }
              ],
              "repaired": [
                false
              ]
            },
            {
              "attrs": [],
              "prefix": [],
              "oracles": [],
              "codes": [
                [
                  "{",
                  "    let content = Content::Map(vec![",
                  "        (Content::String(String::from(\"key\")), Content::U32(10)),",
                  "        (Content::String(String::from(\"key2\")), Content::U32(20)),",
                  "    ]);",
                  "    let deserializer = content.into_deserializer();",
                  "    assert_eq!(deserializer.content, Content::Map(vec![",
                  "        (Content::String(String::from(\"key\")), Content::U32(10)),",
                  "        (Content::String(String::from(\"key2\")), Content::U32(20)),",
                  "    ]));",
                  "}"
                ]
              ],
              "can_compile": [
                {
                  "Err": "   Compiling proc-macro2 v1.0.95\n   Compiling syn v1.0.109\n   Compiling serde_derive v1.0.219 (/home/abezbm/rust-utgen-test-crates-new/serde/serde_derive)\n   Compiling serde v1.0.219 (/home/abezbm/rust-utgen-test-crates-new/serde/serde)\n   Compiling quote v1.0.40\n   Compiling syn v2.0.100\n   Compiling ntest_test_cases v0.9.3\n   Compiling ntest_timeout v0.9.3\n   Compiling ntest v0.9.3\nwarning: unused import: `ntest::timeout`\n    --> serde/src/private/de.rs:2362:8\n     |\n2362 |    use ntest::timeout;\n     |        ^^^^^^^^^^^^^^\n     |\n     = note: `#[warn(unused_imports)]` on by default\n\nerror[E0599]: no method named `into_deserializer` found for enum `__private::de::content::Content` in the current scope\n    --> serde/src/private/de.rs:2370:32\n     |\n223  |     pub enum Content<'de> {\n     |     --------------------- method `into_deserializer` not found for this enum\n...\n2370 |     let deserializer = content.into_deserializer();\n     |                                ^^^^^^^^^^^^^^^^^ method not found in `Content<'_>`\n     |\n    ::: serde/src/de/mod.rs:2264:8\n     |\n2264 |     fn into_deserializer(self) -> Self::Deserializer;\n     |        ----------------- the method is available for `__private::de::content::Content<'_>` here\n     |\n     = help: items from traits can only be used if the trait is in scope\nhelp: trait `IntoDeserializer` which provides `into_deserializer` is implemented but not in scope; perhaps you want to import it\n     |\n2361 +    use crate::de::IntoDeserializer;\n     |\n\nFor more information about this error, try `rustc --explain E0599`.\nwarning: `serde` (lib test) generated 1 warning\nerror: could not compile `serde` (lib test) due to 1 previous error; 1 warning emitted\n"
                }
              ],
              "repaired": [
                false
              ]
            },
            {
              "attrs": [],
              "prefix": [],
              "oracles": [],
              "codes": [
                [
                  "{",
                  "    let content = Content::None;",
                  "    let deserializer = content.into_deserializer();",
                  "    assert_eq!(deserializer.content, Content::None);",
                  "}"
                ]
              ],
              "can_compile": [
                {
                  "Err": "   Compiling proc-macro2 v1.0.95\n   Compiling syn v1.0.109\n   Compiling serde_derive v1.0.219 (/home/abezbm/rust-utgen-test-crates-new/serde/serde_derive)\n   Compiling serde v1.0.219 (/home/abezbm/rust-utgen-test-crates-new/serde/serde)\n   Compiling quote v1.0.40\n   Compiling syn v2.0.100\n   Compiling ntest_test_cases v0.9.3\n   Compiling ntest_timeout v0.9.3\n   Compiling ntest v0.9.3\nwarning: unused import: `ntest::timeout`\n    --> serde/src/private/de.rs:2362:8\n     |\n2362 |    use ntest::timeout;\n     |        ^^^^^^^^^^^^^^\n     |\n     = note: `#[warn(unused_imports)]` on by default\n\nerror[E0599]: no method named `into_deserializer` found for enum `__private::de::content::Content` in the current scope\n    --> serde/src/private/de.rs:2367:32\n     |\n223  |     pub enum Content<'de> {\n     |     --------------------- method `into_deserializer` not found for this enum\n...\n2367 |     let deserializer = content.into_deserializer();\n     |                                ^^^^^^^^^^^^^^^^^ method not found in `Content<'_>`\n     |\n    ::: serde/src/de/mod.rs:2264:8\n     |\n2264 |     fn into_deserializer(self) -> Self::Deserializer;\n     |        ----------------- the method is available for `__private::de::content::Content<'_>` here\n     |\n     = help: items from traits can only be used if the trait is in scope\nhelp: trait `IntoDeserializer` which provides `into_deserializer` is implemented but not in scope; perhaps you want to import it\n     |\n2361 +    use crate::de::IntoDeserializer;\n     |\n\nFor more information about this error, try `rustc --explain E0599`.\nwarning: `serde` (lib test) generated 1 warning\nerror: could not compile `serde` (lib test) due to 1 previous error; 1 warning emitted\n"
                }
              ],
              "repaired": [
                false
              ]
            },
            {
              "attrs": [],
              "prefix": [],
              "oracles": [],
              "codes": [
                [
                  "{",
                  "    let content = Content::Unit;",
                  "    let deserializer = content.into_deserializer();",
                  "    assert_eq!(deserializer.content, Content::Unit);",
                  "}"
                ]
              ],
              "can_compile": [
                {
                  "Err": "   Compiling proc-macro2 v1.0.95\n   Compiling syn v1.0.109\n   Compiling serde_derive v1.0.219 (/home/abezbm/rust-utgen-test-crates-new/serde/serde_derive)\n   Compiling serde v1.0.219 (/home/abezbm/rust-utgen-test-crates-new/serde/serde)\n   Compiling quote v1.0.40\n   Compiling syn v2.0.100\n   Compiling ntest_timeout v0.9.3\n   Compiling ntest_test_cases v0.9.3\n   Compiling ntest v0.9.3\nwarning: unused import: `ntest::timeout`\n    --> serde/src/private/de.rs:2362:8\n     |\n2362 |    use ntest::timeout;\n     |        ^^^^^^^^^^^^^^\n     |\n     = note: `#[warn(unused_imports)]` on by default\n\nerror[E0599]: no method named `into_deserializer` found for enum `__private::de::content::Content` in the current scope\n    --> serde/src/private/de.rs:2367:32\n     |\n223  |     pub enum Content<'de> {\n     |     --------------------- method `into_deserializer` not found for this enum\n...\n2367 |     let deserializer = content.into_deserializer();\n     |                                ^^^^^^^^^^^^^^^^^ method not found in `Content<'_>`\n     |\n    ::: serde/src/de/mod.rs:2264:8\n     |\n2264 |     fn into_deserializer(self) -> Self::Deserializer;\n     |        ----------------- the method is available for `__private::de::content::Content<'_>` here\n     |\n     = help: items from traits can only be used if the trait is in scope\nhelp: trait `IntoDeserializer` which provides `into_deserializer` is implemented but not in scope; perhaps you want to import it\n     |\n2361 +    use crate::de::IntoDeserializer;\n     |\n\nFor more information about this error, try `rustc --explain E0599`.\nwarning: `serde` (lib test) generated 1 warning\nerror: could not compile `serde` (lib test) due to 1 previous error; 1 warning emitted\n"
                }
              ],
              "repaired": [
                false
              ]
            }
          ]
        }
      ]
    }
  ]
}