{
  "name": "serde::de::value::<de::value::BorrowedStrDeserializer<'de, E> as de::EnumAccess<'de>>::variant_seed",
  "name_with_impl": "serde::de::value::{impl#25}::variant_seed",
  "mod_info": {
    "name": "de::value",
    "loc": "serde/src/de/mod.rs:119:1:119:15"
  },
  "visible": true,
  "loc": "serde/src/de/value.rs:614:5:619:6",
  "fn_tests": [
    {
      "chain_id": 1,
      "prompt_conds": [],
      "input_infer": "",
      "answers": [
        {
          "uses": [],
          "has_test_mod": false,
          "common": [],
          "chain_tests": [
            {
              "attrs": [],
              "prefix": [],
              "oracles": [],
              "codes": [
                [
                  "{",
                  "    struct MockSeed;",
                  "",
                  "    impl<'de> de::DeserializeSeed<'de> for MockSeed {",
                  "        type Value = ();",
                  "        fn deserialize<T>(self, _deserializer: T) -> Result<Self::Value, T::Error>",
                  "        where",
                  "            T: de::Deserializer<'de>,",
                  "        {",
                  "            Ok(())",
                  "        }",
                  "    }",
                  "",
                  "    let deserializer = BorrowedStrDeserializer {",
                  "        value: \"some_value\",",
                  "        marker: PhantomData,",
                  "    };",
                  "",
                  "    let result: Result<((), private::UnitOnly<()>,), Box<str>> = deserializer.variant_seed(MockSeed);",
                  "    assert!(result.is_ok());",
                  "}"
                ]
              ],
              "can_compile": [
                {
                  "Err": "   Compiling proc-macro2 v1.0.95\n   Compiling syn v1.0.109\n   Compiling serde_derive v1.0.219 (/home/abezbm/rust-utgen-test-crates-new/serde/serde_derive)\n   Compiling serde v1.0.219 (/home/abezbm/rust-utgen-test-crates-new/serde/serde)\n   Compiling quote v1.0.40\n   Compiling syn v2.0.100\n   Compiling ntest_test_cases v0.9.3\n   Compiling ntest_timeout v0.9.3\n   Compiling ntest v0.9.3\nwarning: unused import: `ntest::timeout`\n    --> serde/src/de/value.rs:1901:8\n     |\n1901 |    use ntest::timeout;\n     |        ^^^^^^^^^^^^^^\n     |\n     = note: `#[warn(unused_imports)]` on by default\n\nerror[E0599]: no method named `variant_seed` found for struct `value::BorrowedStrDeserializer` in the current scope\n    --> serde/src/de/value.rs:1922:79\n     |\n545  | pub struct BorrowedStrDeserializer<'de, E> {\n     | ------------------------------------------ method `variant_seed` not found for this struct\n...\n1922 |     let result: Result<((), private::UnitOnly<()>,), Box<str>> = deserializer.variant_seed(MockSeed);\n     |                                                                               ^^^^^^^^^^^^\n     |\n     = help: items from traits can only be used if the trait is in scope\nhelp: there is a method `variant` with a similar name, but with different arguments\n    --> serde/src/de/mod.rs:2005:5\n     |\n2005 | /     fn variant<V>(self) -> Result<(V, Self::Variant), Self::Error>\n2006 | |     where\n2007 | |         V: Deserialize<'de>,\n     | |____________________________^\nhelp: trait `EnumAccess` which provides `variant_seed` is implemented but not in scope; perhaps you want to import it\n     |\n1900 +    use crate::de::EnumAccess;\n     |\n\nFor more information about this error, try `rustc --explain E0599`.\nwarning: `serde` (lib test) generated 1 warning\nerror: could not compile `serde` (lib test) due to 1 previous error; 1 warning emitted\n"
                }
              ],
              "repaired": [
                false
              ]
            },
            {
              "attrs": [
                "#[should_panic]"
              ],
              "prefix": [],
              "oracles": [],
              "codes": [
                [
                  "{",
                  "    struct FailingSeed;",
                  "",
                  "    impl<'de> de::DeserializeSeed<'de> for FailingSeed {",
                  "        type Value = ();",
                  "        fn deserialize<T>(self, _deserializer: T) -> Result<Self::Value, T::Error>",
                  "        where",
                  "            T: de::Deserializer<'de>,",
                  "        {",
                  "            Err(de::Error::custom(\"Deserialization error\"))",
                  "        }",
                  "    }",
                  "",
                  "    let deserializer = BorrowedStrDeserializer {",
                  "        value: \"some_value\",",
                  "        marker: PhantomData,",
                  "    };",
                  "",
                  "    let _result = deserializer.variant_seed(FailingSeed);",
                  "}"
                ]
              ],
              "can_compile": [
                {
                  "Err": "   Compiling proc-macro2 v1.0.95\n   Compiling syn v1.0.109\n   Compiling serde_derive v1.0.219 (/home/abezbm/rust-utgen-test-crates-new/serde/serde_derive)\n   Compiling serde v1.0.219 (/home/abezbm/rust-utgen-test-crates-new/serde/serde)\n   Compiling quote v1.0.40\n   Compiling syn v2.0.100\n   Compiling ntest_timeout v0.9.3\n   Compiling ntest_test_cases v0.9.3\n   Compiling ntest v0.9.3\nwarning: unused import: `ntest::timeout`\n    --> serde/src/de/value.rs:1901:8\n     |\n1901 |    use ntest::timeout;\n     |        ^^^^^^^^^^^^^^\n     |\n     = note: `#[warn(unused_imports)]` on by default\n\nerror[E0599]: no method named `variant_seed` found for struct `value::BorrowedStrDeserializer` in the current scope\n    --> serde/src/de/value.rs:1923:32\n     |\n545  | pub struct BorrowedStrDeserializer<'de, E> {\n     | ------------------------------------------ method `variant_seed` not found for this struct\n...\n1923 |     let _result = deserializer.variant_seed(FailingSeed);\n     |                                ^^^^^^^^^^^^\n     |\n    ::: serde/src/de/mod.rs:1996:8\n     |\n1996 |     fn variant_seed<V>(self, seed: V) -> Result<(V::Value, Self::Variant), Self::Error>\n     |        ------------ the method is available for `value::BorrowedStrDeserializer<'_, _>` here\n     |\n     = help: items from traits can only be used if the trait is in scope\nhelp: there is a method `variant` with a similar name, but with different arguments\n    --> serde/src/de/mod.rs:2005:5\n     |\n2005 | /     fn variant<V>(self) -> Result<(V, Self::Variant), Self::Error>\n2006 | |     where\n2007 | |         V: Deserialize<'de>,\n     | |____________________________^\nhelp: trait `EnumAccess` which provides `variant_seed` is implemented but not in scope; perhaps you want to import it\n     |\n1900 +    use crate::de::EnumAccess;\n     |\n\nFor more information about this error, try `rustc --explain E0599`.\nwarning: `serde` (lib test) generated 1 warning\nerror: could not compile `serde` (lib test) due to 1 previous error; 1 warning emitted\n"
                }
              ],
              "repaired": [
                false
              ]
            },
            {
              "attrs": [],
              "prefix": [],
              "oracles": [],
              "codes": [
                [
                  "{",
                  "    struct CustomSeed;",
                  "",
                  "    #[derive(Debug)]",
                  "    struct CustomError;",
                  "",
                  "    impl<'de> de::DeserializeSeed<'de> for CustomSeed {",
                  "        type Value = ();",
                  "        fn deserialize<T>(self, _deserializer: T) -> Result<Self::Value, T::Error>",
                  "        where",
                  "            T: de::Deserializer<'de>,",
                  "        {",
                  "            Err(T::Error::custom(\"Custom deserialization error\"))",
                  "        }",
                  "    }",
                  "",
                  "    let deserializer = BorrowedStrDeserializer {",
                  "        value: \"some_value\",",
                  "        marker: PhantomData,",
                  "    };",
                  "",
                  "    let result: Result<((), private::UnitOnly<CustomError>), CustomError> = deserializer.variant_seed(CustomSeed);",
                  "    assert!(result.is_err());",
                  "}"
                ]
              ],
              "can_compile": [
                {
                  "Err": "   Compiling proc-macro2 v1.0.95\n   Compiling syn v1.0.109\n   Compiling serde_derive v1.0.219 (/home/abezbm/rust-utgen-test-crates-new/serde/serde_derive)\n   Compiling serde v1.0.219 (/home/abezbm/rust-utgen-test-crates-new/serde/serde)\n   Compiling quote v1.0.40\n   Compiling syn v2.0.100\n   Compiling ntest_test_cases v0.9.3\n   Compiling ntest_timeout v0.9.3\n   Compiling ntest v0.9.3\nwarning: unused import: `ntest::timeout`\n    --> serde/src/de/value.rs:1901:8\n     |\n1901 |    use ntest::timeout;\n     |        ^^^^^^^^^^^^^^\n     |\n     = note: `#[warn(unused_imports)]` on by default\n\nerror[E0599]: no method named `variant_seed` found for struct `value::BorrowedStrDeserializer` in the current scope\n    --> serde/src/de/value.rs:1925:90\n     |\n545  | pub struct BorrowedStrDeserializer<'de, E> {\n     | ------------------------------------------ method `variant_seed` not found for this struct\n...\n1925 |     let result: Result<((), private::UnitOnly<CustomError>), CustomError> = deserializer.variant_seed(CustomSeed);\n     |                                                                                          ^^^^^^^^^^^^\n     |\n     = help: items from traits can only be used if the trait is in scope\nhelp: there is a method `variant` with a similar name, but with different arguments\n    --> serde/src/de/mod.rs:2005:5\n     |\n2005 | /     fn variant<V>(self) -> Result<(V, Self::Variant), Self::Error>\n2006 | |     where\n2007 | |         V: Deserialize<'de>,\n     | |____________________________^\nhelp: trait `EnumAccess` which provides `variant_seed` is implemented but not in scope; perhaps you want to import it\n     |\n1900 +    use crate::de::EnumAccess;\n     |\n\nerror[E0599]: no function or associated item named `custom` found for associated type `<T as Deserializer<'de>>::Error` in the current scope\n    --> serde/src/de/value.rs:1916:27\n     |\n1916 |             Err(T::Error::custom(\"Custom deserialization error\"))\n     |                           ^^^^^^ function or associated item not found in `<T as Deserializer<'de>>::Error`\n     |\n     = help: items from traits can only be used if the trait is in scope\nhelp: trait `Error` which provides `custom` is implemented but not in scope; perhaps you want to import it\n     |\n1900 +    use crate::de::Error;\n     |\n\nFor more information about this error, try `rustc --explain E0599`.\nwarning: `serde` (lib test) generated 1 warning\nerror: could not compile `serde` (lib test) due to 2 previous errors; 1 warning emitted\n"
                }
              ],
              "repaired": [
                false
              ]
            }
          ]
        }
      ]
    }
  ]
}