{
  "name": "serde::__private::de::content::<__private::de::content::ContentVisitor<'de> as de::Visitor<'de>>::visit_enum",
  "name_with_impl": "serde::__private::de::content::{impl#5}::visit_enum",
  "mod_info": {
    "name": "__private::de::content",
    "loc": "serde/src/private/de.rs:198:1:2358:2"
  },
  "visible": true,
  "loc": "serde/src/private/de.rs:528:9:535:10",
  "fn_tests": [
    {
      "chain_id": 1,
      "prompt_conds": [
        "// expected return value/type: Err(de::Error::custom(\n                \"untagged and internally tagged enums do not support enum input\",\n            ))\n"
      ],
      "input_infer": "",
      "answers": [
        {
          "uses": [],
          "has_test_mod": false,
          "common": [],
          "chain_tests": [
            {
              "attrs": [],
              "prefix": [],
              "oracles": [],
              "codes": [
                [
                  "{",
                  "    struct DummyEnumAccess<'de> {",
                  "        _marker: PhantomData<&'de ()>,",
                  "    }",
                  "",
                  "    impl<'de> EnumAccess<'de> for DummyEnumAccess<'de> {",
                  "        type Error = serde::de::Error;",
                  "        type Vars = ();",
                  "        ",
                  "        fn variant<V>(self) -> Result<(Self::Vars, V), Self::Error>",
                  "        where",
                  "            V: Deserializer<'de>,",
                  "        {",
                  "            unimplemented!()",
                  "        }",
                  "    }",
                  "",
                  "    let visitor = DummyEnumAccess { _marker: PhantomData };",
                  "    let content_visitor = ContentVisitor { value: PhantomData };",
                  "",
                  "    let result: Result<Content, serde::de::Error> = content_visitor.visit_enum(visitor);",
                  "    ",
                  "    match result {",
                  "        Err(err) => assert_eq!(err.to_string(), \"untagged and internally tagged enums do not support enum input\"),",
                  "        _ => panic!(\"Expected an error return, but got: {:?}\", result),",
                  "    }",
                  "}"
                ]
              ],
              "can_compile": [
                {
                  "Err": "   Compiling proc-macro2 v1.0.95\n   Compiling syn v1.0.109\n   Compiling serde_derive v1.0.219 (/home/abezbm/rust-utgen-test-crates-new/serde/serde_derive)\n   Compiling serde v1.0.219 (/home/abezbm/rust-utgen-test-crates-new/serde/serde)\n   Compiling quote v1.0.40\n   Compiling syn v2.0.100\n   Compiling ntest_test_cases v0.9.3\n   Compiling ntest_timeout v0.9.3\n   Compiling ntest v0.9.3\nerror[E0437]: type `Vars` is not a member of trait `EnumAccess`\n    --> serde/src/private/de.rs:2372:9\n     |\n2372 |         type Vars = ();\n     |         ^^^^^^^^^^^^^^^ not a member of trait `EnumAccess`\n\nerror[E0433]: failed to resolve: use of undeclared crate or module `serde`\n    --> serde/src/private/de.rs:2371:22\n     |\n2371 |         type Error = serde::de::Error;\n     |                      ^^^^^ use of undeclared crate or module `serde`\n     |\nhelp: consider importing one of these modules\n     |\n2361 +    use crate::__private::de;\n     |\n2361 +    use crate::de;\n     |\nhelp: if you import `de`, refer to it directly\n     |\n2371 -         type Error = serde::de::Error;\n2371 +         type Error = de::Error;\n     |\n\nerror[E0433]: failed to resolve: use of undeclared crate or module `serde`\n    --> serde/src/private/de.rs:2385:33\n     |\n2385 |     let result: Result<Content, serde::de::Error> = content_visitor.visit_enum(visitor);\n     |                                 ^^^^^ use of undeclared crate or module `serde`\n     |\nhelp: consider importing one of these modules\n     |\n2361 +    use crate::__private::de;\n     |\n2361 +    use crate::de;\n     |\nhelp: if you import `de`, refer to it directly\n     |\n2385 -     let result: Result<Content, serde::de::Error> = content_visitor.visit_enum(visitor);\n2385 +     let result: Result<Content, de::Error> = content_visitor.visit_enum(visitor);\n     |\n\nwarning: unused import: `ntest::timeout`\n    --> serde/src/private/de.rs:2362:8\n     |\n2362 |    use ntest::timeout;\n     |        ^^^^^^^^^^^^^^\n     |\n     = note: `#[warn(unused_imports)]` on by default\n\nerror[E0220]: associated type `Vars` not found for `Self`\n    --> serde/src/private/de.rs:2374:46\n     |\n2374 |         fn variant<V>(self) -> Result<(Self::Vars, V), Self::Error>\n     |                                              ^^^^ associated type `Vars` not found\n\nerror[E0276]: impl has stricter requirements than trait\n    --> serde/src/private/de.rs:2376:16\n     |\n2376 |               V: Deserializer<'de>,\n     |                  ^^^^^^^^^^^^^^^^^ impl has extra requirement `V: de::Deserializer<'de>`\n     |\n    ::: serde/src/de/mod.rs:2005:5\n     |\n2005 | /     fn variant<V>(self) -> Result<(V, Self::Variant), Self::Error>\n2006 | |     where\n2007 | |         V: Deserialize<'de>,\n     | |____________________________- definition of `variant` from trait\n\nerror[E0046]: not all trait items implemented, missing: `Variant`, `variant_seed`\n    --> serde/src/private/de.rs:2370:5\n     |\n2370 |       impl<'de> EnumAccess<'de> for DummyEnumAccess<'de> {\n     |       ^^^^^^^^^^^^^^^^^^^^^^^^^^^^^^^^^^^^^^^^^^^^^^^^^^ missing `Variant`, `variant_seed` in implementation\n     |\n    ::: serde/src/de/mod.rs:1990:5\n     |\n1990 |       type Variant: VariantAccess<'de, Error = Self::Error>;\n     |       ----------------------------------------------------- `Variant` from trait\n...\n1996 | /     fn variant_seed<V>(self, seed: V) -> Result<(V::Value, Self::Variant), Self::Error>\n1997 | |     where\n1998 | |         V: DeserializeSeed<'de>;\n     | |________________________________- `variant_seed` from trait\n\nSome errors have detailed explanations: E0046, E0220, E0276, E0433, E0437.\nFor more information about an error, try `rustc --explain E0046`.\nwarning: `serde` (lib test) generated 1 warning\nerror: could not compile `serde` (lib test) due to 6 previous errors; 1 warning emitted\n"
                }
              ],
              "repaired": [
                false
              ]
            }
          ]
        }
      ]
    }
  ]
}