{
  "name": "bytes::buf::buf_mut::<alloc::vec::Vec<u8> as buf::buf_mut::BufMut>::put",
  "name_with_impl": "bytes::buf::buf_mut::{impl#4}::put",
  "mod_info": {
    "name": "buf::buf_mut",
    "loc": "src/buf/mod.rs:18:1:18:13"
  },
  "visible": true,
  "loc": "src/buf/buf_mut.rs:1641:5:1654:6",
  "fn_tests": [
    {
      "chain_id": 0,
      "prompt_conds": [],
      "input_infer": "",
      "answers": [
        {
          "uses": [],
          "has_test_mod": false,
          "common": [],
          "chain_tests": [
            {
              "attrs": [],
              "prefix": [],
              "oracles": [],
              "codes": [
                [
                  "{",
                  "    struct TestBuf {",
                  "        data: Vec<u8>,",
                  "        position: usize,",
                  "    }",
                  "",
                  "    impl TestBuf {",
                  "        fn new() -> Self {",
                  "            TestBuf {",
                  "                data: vec![1, 2, 3, 4, 5],",
                  "                position: 0,",
                  "            }",
                  "        }",
                  "",
                  "        fn remaining(&self) -> usize {",
                  "            self.data.len() - self.position",
                  "        }",
                  "",
                  "        fn has_remaining(&self) -> bool {",
                  "            self.position < self.data.len()",
                  "        }",
                  "",
                  "        fn chunk(&mut self) -> &[u8] {",
                  "            &self.data[self.position..]",
                  "        }",
                  "",
                  "        fn advance(&mut self, n: usize) {",
                  "            self.position += n;",
                  "        }",
                  "    }",
                  "",
                  "    let mut destination = Vec::new();",
                  "    let mut source = TestBuf::new();",
                  "",
                  "    let remaining_before = source.remaining();",
                  "    destination.put(source);",
                  "    ",
                  "    assert_eq!(destination.len(), remaining_before);",
                  "    assert_eq!(destination, vec![1, 2, 3, 4, 5]);",
                  "}"
                ]
              ],
              "can_compile": [
                {
                  "Err": "   Compiling proc-macro2 v1.0.95\n   Compiling syn v1.0.109\n   Compiling serde v1.0.219\n   Compiling quote v1.0.40\n   Compiling serde_test v1.0.177\n   Compiling ntest_test_cases v0.9.3\n   Compiling ntest_timeout v0.9.3\n   Compiling ntest v0.9.3\n   Compiling bytes v1.10.1 (/home/abezbm/rust-utgen-test-crates-new/bytes)\nwarning: unused import: `ntest::timeout`\n    --> src/buf/buf_mut.rs:1675:8\n     |\n1675 |    use ntest::timeout;\n     |        ^^^^^^^^^^^^^^\n     |\n     = note: `#[warn(unused_imports)]` on by default\n\nwarning: unused import: `super::*`\n    --> src/bytes_mut.rs:1500:9\n     |\n1500 |     use super::*;\n     |         ^^^^^^^^\n\nerror[E0277]: the trait bound `TestBuf: Buf` is not satisfied\n    --> src/buf/buf_mut.rs:1713:21\n     |\n1713 |     destination.put(source);\n     |                 --- ^^^^^^ the trait `Buf` is not implemented for `TestBuf`\n     |                 |\n     |                 required by a bound introduced by this call\n     |\n     = help: the following other types implement trait `Buf`:\n               &[u8]\n               &mut T\n               Box<T>\n               BytesMut\n               VecDeque<u8>\n               bytes::Bytes\n               chain::Chain<T, U>\n               std::io::Cursor<T>\n               take::Take<T>\nnote: required by a bound in `buf_mut::BufMut::put`\n    --> src/buf/buf_mut.rs:202:15\n     |\n202  |     fn put<T: super::Buf>(&mut self, mut src: T)\n     |               ^^^^^^^^^^ required by this bound in `BufMut::put`\n\nFor more information about this error, try `rustc --explain E0277`.\nwarning: `bytes` (lib test) generated 2 warnings\nerror: could not compile `bytes` (lib test) due to 1 previous error; 2 warnings emitted\n"
                }
              ],
              "repaired": [
                false
              ]
            },
            {
              "attrs": [],
              "prefix": [],
              "oracles": [],
              "codes": [
                [
                  "{",
                  "    struct TestBuf {",
                  "        data: Vec<u8>,",
                  "        position: usize,",
                  "    }",
                  "",
                  "    impl TestBuf {",
                  "        fn new() -> Self {",
                  "            TestBuf {",
                  "                data: Vec::new(),",
                  "                position: 0,",
                  "            }",
                  "        }",
                  "",
                  "        fn remaining(&self) -> usize {",
                  "            self.data.len() - self.position",
                  "        }",
                  "",
                  "        fn has_remaining(&self) -> bool {",
                  "            self.position < self.data.len()",
                  "        }",
                  "",
                  "        fn chunk(&mut self) -> &[u8] {",
                  "            &self.data[self.position..]",
                  "        }",
                  "",
                  "        fn advance(&mut self, n: usize) {",
                  "            self.position += n;",
                  "        }",
                  "    }",
                  "",
                  "    let mut destination = Vec::new();",
                  "    let mut source = TestBuf::new();",
                  "",
                  "    destination.put(source);",
                  "    ",
                  "    assert!(destination.is_empty());",
                  "}"
                ]
              ],
              "can_compile": [
                {
                  "Err": "   Compiling proc-macro2 v1.0.95\n   Compiling syn v1.0.109\n   Compiling serde v1.0.219\n   Compiling quote v1.0.40\n   Compiling serde_test v1.0.177\n   Compiling ntest_test_cases v0.9.3\n   Compiling ntest_timeout v0.9.3\n   Compiling ntest v0.9.3\n   Compiling bytes v1.10.1 (/home/abezbm/rust-utgen-test-crates-new/bytes)\nwarning: unused import: `ntest::timeout`\n    --> src/buf/buf_mut.rs:1675:8\n     |\n1675 |    use ntest::timeout;\n     |        ^^^^^^^^^^^^^^\n     |\n     = note: `#[warn(unused_imports)]` on by default\n\nwarning: unused import: `super::*`\n    --> src/bytes_mut.rs:1500:9\n     |\n1500 |     use super::*;\n     |         ^^^^^^^^\n\nerror[E0277]: the trait bound `TestBuf: Buf` is not satisfied\n    --> src/buf/buf_mut.rs:1712:21\n     |\n1712 |     destination.put(source);\n     |                 --- ^^^^^^ the trait `Buf` is not implemented for `TestBuf`\n     |                 |\n     |                 required by a bound introduced by this call\n     |\n     = help: the following other types implement trait `Buf`:\n               &[u8]\n               &mut T\n               Box<T>\n               BytesMut\n               VecDeque<u8>\n               bytes::Bytes\n               chain::Chain<T, U>\n               std::io::Cursor<T>\n               take::Take<T>\nnote: required by a bound in `buf_mut::BufMut::put`\n    --> src/buf/buf_mut.rs:202:15\n     |\n202  |     fn put<T: super::Buf>(&mut self, mut src: T)\n     |               ^^^^^^^^^^ required by this bound in `BufMut::put`\n\nFor more information about this error, try `rustc --explain E0277`.\nwarning: `bytes` (lib test) generated 2 warnings\nerror: could not compile `bytes` (lib test) due to 1 previous error; 2 warnings emitted\n"
                }
              ],
              "repaired": [
                false
              ]
            }
          ]
        }
      ]
    }
  ]
}