{
  "name": "bytes::bytes::<bytes::Bytes as buf::buf_impl::Buf>::remaining",
  "name_with_impl": "bytes::bytes::{impl#5}::remaining",
  "mod_info": {
    "name": "bytes",
    "loc": "src/lib.rs:82:1:82:11"
  },
  "visible": true,
  "loc": "src/bytes.rs:700:5:702:6",
  "fn_tests": [
    {
      "chain_id": 0,
      "prompt_conds": [],
      "input_infer": "",
      "answers": [
        {
          "uses": [],
          "has_test_mod": false,
          "common": [],
          "chain_tests": [
            {
              "attrs": [],
              "prefix": [],
              "oracles": [],
              "codes": [
                [
                  "{",
                  "    struct TestBytes {",
                  "        data: Vec<u8>,",
                  "    }",
                  "",
                  "    impl TestBytes {",
                  "        fn len(&self) -> usize {",
                  "            self.data.len()",
                  "        }",
                  "",
                  "        fn new(data: Vec<u8>) -> Self {",
                  "            TestBytes { data }",
                  "        }",
                  "    }",
                  "",
                  "    let bytes = TestBytes::new(vec![1, 2, 3, 4, 5]);",
                  "    assert_eq!(bytes.len(), 5);",
                  "    assert_eq!(bytes.remaining(), 5); // Assuming remaining function is called here",
                  "}"
                ]
              ],
              "can_compile": [
                {
                  "Err": "   Compiling proc-macro2 v1.0.95\n   Compiling syn v1.0.109\n   Compiling serde v1.0.219\n   Compiling quote v1.0.40\n   Compiling serde_test v1.0.177\n   Compiling ntest_timeout v0.9.3\n   Compiling ntest_test_cases v0.9.3\n   Compiling ntest v0.9.3\n   Compiling bytes v1.10.1 (/home/abezbm/rust-utgen-test-crates-new/bytes)\nwarning: unused import: `ntest::timeout`\n    --> src/bytes.rs:1684:8\n     |\n1684 |    use ntest::timeout;\n     |        ^^^^^^^^^^^^^^\n     |\n     = note: `#[warn(unused_imports)]` on by default\n\nwarning: unused import: `super::*`\n    --> src/bytes_mut.rs:1500:9\n     |\n1500 |     use super::*;\n     |         ^^^^^^^^\n\nerror[E0599]: no method named `remaining` found for struct `TestBytes` in the current scope\n    --> src/bytes.rs:1704:22\n     |\n1688 |     struct TestBytes {\n     |     ---------------- method `remaining` not found for this struct\n...\n1704 |     assert_eq!(bytes.remaining(), 5); // Assuming remaining function is called here\n     |                      ^^^^^^^^^ method not found in `TestBytes`\n     |\n     = help: items from traits can only be used if the trait is implemented and in scope\nnote: `buf_impl::Buf` defines an item `remaining`, perhaps you need to implement it\n    --> src/buf/buf_impl.rs:117:1\n     |\n117  | pub trait Buf {\n     | ^^^^^^^^^^^^^\n\nFor more information about this error, try `rustc --explain E0599`.\nwarning: `bytes` (lib test) generated 2 warnings\nerror: could not compile `bytes` (lib test) due to 1 previous error; 2 warnings emitted\n"
                }
              ],
              "repaired": [
                false
              ]
            },
            {
              "attrs": [],
              "prefix": [],
              "oracles": [],
              "codes": [
                [
                  "{",
                  "    struct TestBytes {",
                  "        data: Vec<u8>,",
                  "    }",
                  "",
                  "    impl TestBytes {",
                  "        fn len(&self) -> usize {",
                  "            self.data.len()",
                  "        }",
                  "",
                  "        fn new(data: Vec<u8>) -> Self {",
                  "            TestBytes { data }",
                  "        }",
                  "    }",
                  "",
                  "    let bytes = TestBytes::new(vec![]);",
                  "    assert_eq!(bytes.len(), 0);",
                  "    assert_eq!(bytes.remaining(), 0); // Assuming remaining function is called here",
                  "}"
                ]
              ],
              "can_compile": [
                {
                  "Err": "   Compiling proc-macro2 v1.0.95\n   Compiling syn v1.0.109\n   Compiling serde v1.0.219\n   Compiling quote v1.0.40\n   Compiling serde_test v1.0.177\n   Compiling ntest_timeout v0.9.3\n   Compiling ntest_test_cases v0.9.3\n   Compiling ntest v0.9.3\n   Compiling bytes v1.10.1 (/home/abezbm/rust-utgen-test-crates-new/bytes)\nwarning: unused import: `ntest::timeout`\n    --> src/bytes.rs:1684:8\n     |\n1684 |    use ntest::timeout;\n     |        ^^^^^^^^^^^^^^\n     |\n     = note: `#[warn(unused_imports)]` on by default\n\nwarning: unused import: `super::*`\n    --> src/bytes_mut.rs:1500:9\n     |\n1500 |     use super::*;\n     |         ^^^^^^^^\n\nerror[E0599]: no method named `remaining` found for struct `TestBytes` in the current scope\n    --> src/bytes.rs:1704:22\n     |\n1688 |     struct TestBytes {\n     |     ---------------- method `remaining` not found for this struct\n...\n1704 |     assert_eq!(bytes.remaining(), 0); // Assuming remaining function is called here\n     |                      ^^^^^^^^^ method not found in `TestBytes`\n     |\n     = help: items from traits can only be used if the trait is implemented and in scope\nnote: `buf_impl::Buf` defines an item `remaining`, perhaps you need to implement it\n    --> src/buf/buf_impl.rs:117:1\n     |\n117  | pub trait Buf {\n     | ^^^^^^^^^^^^^\n\nFor more information about this error, try `rustc --explain E0599`.\nwarning: `bytes` (lib test) generated 2 warnings\nerror: could not compile `bytes` (lib test) due to 1 previous error; 2 warnings emitted\n"
                }
              ],
              "repaired": [
                false
              ]
            }
          ]
        }
      ]
    }
  ]
}