{
  "name": "bytes::buf::take::buf::take::Take<T>::limit",
  "name_with_impl": "bytes::buf::take::{impl#0}::limit",
  "mod_info": {
    "name": "buf::take",
    "loc": "src/buf/mod.rs:24:1:24:10"
  },
  "visible": true,
  "loc": "src/buf/take.rs:102:5:104:6",
  "fn_tests": [
    {
      "chain_id": 1,
      "prompt_conds": [
        "// expected return value/type: self.limit\n"
      ],
      "input_infer": "0 to usize::MAX\n",
      "answers": [
        {
          "uses": [],
          "has_test_mod": false,
          "common": [],
          "chain_tests": [
            {
              "attrs": [],
              "prefix": [
                "{",
                "    struct TestBuf {",
                "        data: Vec<u8>,",
                "        position: usize,",
                "    }",
                "    ",
                "    impl Buf for TestBuf {",
                "        // Implement necessary Buf methods here",
                "    }",
                "",
                "    let test_buf = TestBuf { data: b\"hello\".to_vec(), position: 0 };",
                "    let mut take = Take { inner: test_buf, limit: 5 };",
                "    take.limit();",
                "}"
              ],
              "oracles": [
                [
                  "    let test_buf = TestBuf { data: b\"hello\".to_vec(), position: 0 };",
                  "    let mut take = Take { inner: test_buf, limit: 5 };",
                  "    assert_eq!(take.limit(), 5);"
                ]
              ],
              "codes": [
                [
                  "{",
                  "    struct TestBuf {",
                  "        data: Vec<u8>,",
                  "        position: usize,",
                  "    }",
                  "    ",
                  "    impl Buf for TestBuf {",
                  "        // Implement necessary Buf methods here",
                  "    }",
                  "",
                  "    let test_buf = TestBuf { data: b\"hello\".to_vec(), position: 0 };",
                  "    let mut take = Take { inner: test_buf, limit: 5 };",
                  "    take.limit();",
                  "    let test_buf = TestBuf { data: b\"hello\".to_vec(), position: 0 };",
                  "    let mut take = Take { inner: test_buf, limit: 5 };",
                  "    assert_eq!(take.limit(), 5);",
                  "}"
                ]
              ],
              "can_compile": [
                {
                  "Err": "   Compiling proc-macro2 v1.0.95\n   Compiling unicode-ident v1.0.18\n   Compiling syn v1.0.109\n   Compiling equivalent v1.0.2\n   Compiling hashbrown v0.15.2\n   Compiling toml_datetime v0.6.8\n   Compiling winnow v0.7.6\n   Compiling serde v1.0.219\n   Compiling indexmap v2.9.0\n   Compiling quote v1.0.40\n   Compiling toml_edit v0.22.24\n   Compiling serde_test v1.0.177\n   Compiling proc-macro-crate v3.3.0\n   Compiling ntest_test_cases v0.9.3\n   Compiling ntest_timeout v0.9.3\n   Compiling ntest v0.9.3\n   Compiling bytes v1.10.1 (/home/abezbm/rust-utgen-test-crates-new/bytes)\nerror[E0412]: cannot find type `Vec` in this scope\n   --> src/buf/take.rs:213:15\n    |\n213 |         data: Vec<u8>,\n    |               ^^^ not found in this scope\n    |\nhelp: consider importing one of these structs\n    |\n207 +    use std::vec::Vec;\n    |\n207 +    use alloc::vec::Vec;\n    |\n\nwarning: unused import: `ntest::timeout`\n   --> src/buf/take.rs:208:8\n    |\n208 |    use ntest::timeout;\n    |        ^^^^^^^^^^^^^^\n    |\n    = note: `#[warn(unused_imports)]` on by default\n\nwarning: unused import: `super::*`\n    --> src/bytes_mut.rs:1500:9\n     |\n1500 |     use super::*;\n     |         ^^^^^^^^\n\nerror[E0046]: not all trait items implemented, missing: `remaining`, `chunk`, `advance`\n   --> src/buf/take.rs:217:5\n    |\n217 |     impl Buf for TestBuf {\n    |     ^^^^^^^^^^^^^^^^^^^^ missing `remaining`, `chunk`, `advance` in implementation\n    |\n   ::: src/buf/buf_impl.rs:143:5\n    |\n143 |     fn remaining(&self) -> usize;\n    |     ----------------------------- `remaining` from trait\n...\n176 |     fn chunk(&self) -> &[u8];\n    |     ------------------------- `chunk` from trait\n...\n250 |     fn advance(&mut self, cnt: usize);\n    |     ---------------------------------- `advance` from trait\n\nSome errors have detailed explanations: E0046, E0412.\nFor more information about an error, try `rustc --explain E0046`.\nwarning: `bytes` (lib test) generated 2 warnings\nerror: could not compile `bytes` (lib test) due to 2 previous errors; 2 warnings emitted\n"
                }
              ],
              "repaired": [
                false
              ]
            },
            {
              "attrs": [],
              "prefix": [
                "{",
                "    struct TestBuf {",
                "        data: Vec<u8>,",
                "        position: usize,",
                "    }",
                "    ",
                "    impl Buf for TestBuf {",
                "        // Implement necessary Buf methods here",
                "    }",
                "",
                "    let test_buf = TestBuf { data: b\"world\".to_vec(), position: 0 };",
                "    let mut take = Take { inner: test_buf, limit: 0 };",
                "    take.limit();",
                "}"
              ],
              "oracles": [
                [
                  "    let test_buf = TestBuf { data: b\"world\".to_vec(), position: 0 };",
                  "    let mut take = Take { inner: test_buf, limit: 0 };",
                  "    take.set_limit(5);",
                  "    assert_eq!(take.limit(), 5);"
                ],
                [
                  "    let test_buf = TestBuf { data: b\"world\".to_vec(), position: 0 };",
                  "    let mut take = Take { inner: test_buf, limit: 0 };",
                  "    take.set_limit(5);",
                  "    take.set_limit(3);",
                  "    assert_eq!(take.limit(), 3);"
                ],
                [
                  "    let test_buf = TestBuf { data: b\"world\".to_vec(), position: 0 };",
                  "    let mut take = Take { inner: test_buf, limit: 0 };",
                  "    take.set_limit(5);",
                  "    take.set_limit(3);",
                  "    take.set_limit(0);",
                  "    assert_eq!(take.limit(), 0);"
                ],
                [
                  "    let test_buf = TestBuf { data: b\"world\".to_vec(), position: 0 };",
                  "    let mut take = Take { inner: test_buf, limit: 0 };",
                  "    take.set_limit(5);",
                  "    take.set_limit(3);",
                  "    take.set_limit(0);",
                  "    take.set_limit(10);",
                  "    assert_eq!(take.limit(), 10);"
                ]
              ],
              "codes": [
                [
                  "{",
                  "    struct TestBuf {",
                  "        data: Vec<u8>,",
                  "        position: usize,",
                  "    }",
                  "    ",
                  "    impl Buf for TestBuf {",
                  "        // Implement necessary Buf methods here",
                  "    }",
                  "",
                  "    let test_buf = TestBuf { data: b\"world\".to_vec(), position: 0 };",
                  "    let mut take = Take { inner: test_buf, limit: 0 };",
                  "    take.limit();",
                  "    let test_buf = TestBuf { data: b\"world\".to_vec(), position: 0 };",
                  "    let mut take = Take { inner: test_buf, limit: 0 };",
                  "    take.set_limit(5);",
                  "    assert_eq!(take.limit(), 5);",
                  "}"
                ],
                [
                  "{",
                  "    struct TestBuf {",
                  "        data: Vec<u8>,",
                  "        position: usize,",
                  "    }",
                  "    ",
                  "    impl Buf for TestBuf {",
                  "        // Implement necessary Buf methods here",
                  "    }",
                  "",
                  "    let test_buf = TestBuf { data: b\"world\".to_vec(), position: 0 };",
                  "    let mut take = Take { inner: test_buf, limit: 0 };",
                  "    take.limit();",
                  "    let test_buf = TestBuf { data: b\"world\".to_vec(), position: 0 };",
                  "    let mut take = Take { inner: test_buf, limit: 0 };",
                  "    take.set_limit(5);",
                  "    take.set_limit(3);",
                  "    assert_eq!(take.limit(), 3);",
                  "}"
                ],
                [
                  "{",
                  "    struct TestBuf {",
                  "        data: Vec<u8>,",
                  "        position: usize,",
                  "    }",
                  "    ",
                  "    impl Buf for TestBuf {",
                  "        // Implement necessary Buf methods here",
                  "    }",
                  "",
                  "    let test_buf = TestBuf { data: b\"world\".to_vec(), position: 0 };",
                  "    let mut take = Take { inner: test_buf, limit: 0 };",
                  "    take.limit();",
                  "    let test_buf = TestBuf { data: b\"world\".to_vec(), position: 0 };",
                  "    let mut take = Take { inner: test_buf, limit: 0 };",
                  "    take.set_limit(5);",
                  "    take.set_limit(3);",
                  "    take.set_limit(0);",
                  "    assert_eq!(take.limit(), 0);",
                  "}"
                ],
                [
                  "{",
                  "    struct TestBuf {",
                  "        data: Vec<u8>,",
                  "        position: usize,",
                  "    }",
                  "    ",
                  "    impl Buf for TestBuf {",
                  "        // Implement necessary Buf methods here",
                  "    }",
                  "",
                  "    let test_buf = TestBuf { data: b\"world\".to_vec(), position: 0 };",
                  "    let mut take = Take { inner: test_buf, limit: 0 };",
                  "    take.limit();",
                  "    let test_buf = TestBuf { data: b\"world\".to_vec(), position: 0 };",
                  "    let mut take = Take { inner: test_buf, limit: 0 };",
                  "    take.set_limit(5);",
                  "    take.set_limit(3);",
                  "    take.set_limit(0);",
                  "    take.set_limit(10);",
                  "    assert_eq!(take.limit(), 10);",
                  "}"
                ]
              ],
              "can_compile": [
                {
                  "Err": "   Compiling proc-macro2 v1.0.95\n   Compiling unicode-ident v1.0.18\n   Compiling syn v1.0.109\n   Compiling equivalent v1.0.2\n   Compiling hashbrown v0.15.2\n   Compiling toml_datetime v0.6.8\n   Compiling winnow v0.7.6\n   Compiling serde v1.0.219\n   Compiling indexmap v2.9.0\n   Compiling quote v1.0.40\n   Compiling toml_edit v0.22.24\n   Compiling serde_test v1.0.177\n   Compiling proc-macro-crate v3.3.0\n   Compiling ntest_test_cases v0.9.3\n   Compiling ntest_timeout v0.9.3\n   Compiling ntest v0.9.3\n   Compiling bytes v1.10.1 (/home/abezbm/rust-utgen-test-crates-new/bytes)\nerror[E0412]: cannot find type `Vec` in this scope\n   --> src/buf/take.rs:213:15\n    |\n213 |         data: Vec<u8>,\n    |               ^^^ not found in this scope\n    |\nhelp: consider importing one of these structs\n    |\n207 +    use std::vec::Vec;\n    |\n207 +    use alloc::vec::Vec;\n    |\n\nwarning: unused import: `ntest::timeout`\n   --> src/buf/take.rs:208:8\n    |\n208 |    use ntest::timeout;\n    |        ^^^^^^^^^^^^^^\n    |\n    = note: `#[warn(unused_imports)]` on by default\n\nwarning: unused import: `super::*`\n    --> src/bytes_mut.rs:1500:9\n     |\n1500 |     use super::*;\n     |         ^^^^^^^^\n\nerror[E0046]: not all trait items implemented, missing: `remaining`, `chunk`, `advance`\n   --> src/buf/take.rs:217:5\n    |\n217 |     impl Buf for TestBuf {\n    |     ^^^^^^^^^^^^^^^^^^^^ missing `remaining`, `chunk`, `advance` in implementation\n    |\n   ::: src/buf/buf_impl.rs:143:5\n    |\n143 |     fn remaining(&self) -> usize;\n    |     ----------------------------- `remaining` from trait\n...\n176 |     fn chunk(&self) -> &[u8];\n    |     ------------------------- `chunk` from trait\n...\n250 |     fn advance(&mut self, cnt: usize);\n    |     ---------------------------------- `advance` from trait\n\nSome errors have detailed explanations: E0046, E0412.\nFor more information about an error, try `rustc --explain E0046`.\nwarning: `bytes` (lib test) generated 2 warnings\nerror: could not compile `bytes` (lib test) due to 2 previous errors; 2 warnings emitted\n"
                },
                {
                  "Err": "   Compiling proc-macro2 v1.0.95\n   Compiling unicode-ident v1.0.18\n   Compiling syn v1.0.109\n   Compiling hashbrown v0.15.2\n   Compiling equivalent v1.0.2\n   Compiling winnow v0.7.6\n   Compiling toml_datetime v0.6.8\n   Compiling serde v1.0.219\n   Compiling indexmap v2.9.0\n   Compiling quote v1.0.40\n   Compiling toml_edit v0.22.24\n   Compiling serde_test v1.0.177\n   Compiling proc-macro-crate v3.3.0\n   Compiling ntest_test_cases v0.9.3\n   Compiling ntest_timeout v0.9.3\n   Compiling ntest v0.9.3\n   Compiling bytes v1.10.1 (/home/abezbm/rust-utgen-test-crates-new/bytes)\nerror[E0412]: cannot find type `Vec` in this scope\n   --> src/buf/take.rs:213:15\n    |\n213 |         data: Vec<u8>,\n    |               ^^^ not found in this scope\n    |\nhelp: consider importing one of these structs\n    |\n207 +    use std::vec::Vec;\n    |\n207 +    use alloc::vec::Vec;\n    |\n\nwarning: unused import: `ntest::timeout`\n   --> src/buf/take.rs:208:8\n    |\n208 |    use ntest::timeout;\n    |        ^^^^^^^^^^^^^^\n    |\n    = note: `#[warn(unused_imports)]` on by default\n\nwarning: unused import: `super::*`\n    --> src/bytes_mut.rs:1500:9\n     |\n1500 |     use super::*;\n     |         ^^^^^^^^\n\nerror[E0046]: not all trait items implemented, missing: `remaining`, `chunk`, `advance`\n   --> src/buf/take.rs:217:5\n    |\n217 |     impl Buf for TestBuf {\n    |     ^^^^^^^^^^^^^^^^^^^^ missing `remaining`, `chunk`, `advance` in implementation\n    |\n   ::: src/buf/buf_impl.rs:143:5\n    |\n143 |     fn remaining(&self) -> usize;\n    |     ----------------------------- `remaining` from trait\n...\n176 |     fn chunk(&self) -> &[u8];\n    |     ------------------------- `chunk` from trait\n...\n250 |     fn advance(&mut self, cnt: usize);\n    |     ---------------------------------- `advance` from trait\n\nSome errors have detailed explanations: E0046, E0412.\nFor more information about an error, try `rustc --explain E0046`.\nwarning: `bytes` (lib test) generated 2 warnings\nerror: could not compile `bytes` (lib test) due to 2 previous errors; 2 warnings emitted\n"
                },
                {
                  "Err": "   Compiling proc-macro2 v1.0.95\n   Compiling unicode-ident v1.0.18\n   Compiling syn v1.0.109\n   Compiling equivalent v1.0.2\n   Compiling hashbrown v0.15.2\n   Compiling toml_datetime v0.6.8\n   Compiling winnow v0.7.6\n   Compiling serde v1.0.219\n   Compiling indexmap v2.9.0\n   Compiling quote v1.0.40\n   Compiling toml_edit v0.22.24\n   Compiling serde_test v1.0.177\n   Compiling proc-macro-crate v3.3.0\n   Compiling ntest_test_cases v0.9.3\n   Compiling ntest_timeout v0.9.3\n   Compiling ntest v0.9.3\n   Compiling bytes v1.10.1 (/home/abezbm/rust-utgen-test-crates-new/bytes)\nerror[E0412]: cannot find type `Vec` in this scope\n   --> src/buf/take.rs:213:15\n    |\n213 |         data: Vec<u8>,\n    |               ^^^ not found in this scope\n    |\nhelp: consider importing one of these structs\n    |\n207 +    use std::vec::Vec;\n    |\n207 +    use alloc::vec::Vec;\n    |\n\nwarning: unused import: `ntest::timeout`\n   --> src/buf/take.rs:208:8\n    |\n208 |    use ntest::timeout;\n    |        ^^^^^^^^^^^^^^\n    |\n    = note: `#[warn(unused_imports)]` on by default\n\nwarning: unused import: `super::*`\n    --> src/bytes_mut.rs:1500:9\n     |\n1500 |     use super::*;\n     |         ^^^^^^^^\n\nerror[E0046]: not all trait items implemented, missing: `remaining`, `chunk`, `advance`\n   --> src/buf/take.rs:217:5\n    |\n217 |     impl Buf for TestBuf {\n    |     ^^^^^^^^^^^^^^^^^^^^ missing `remaining`, `chunk`, `advance` in implementation\n    |\n   ::: src/buf/buf_impl.rs:143:5\n    |\n143 |     fn remaining(&self) -> usize;\n    |     ----------------------------- `remaining` from trait\n...\n176 |     fn chunk(&self) -> &[u8];\n    |     ------------------------- `chunk` from trait\n...\n250 |     fn advance(&mut self, cnt: usize);\n    |     ---------------------------------- `advance` from trait\n\nSome errors have detailed explanations: E0046, E0412.\nFor more information about an error, try `rustc --explain E0046`.\nwarning: `bytes` (lib test) generated 2 warnings\nerror: could not compile `bytes` (lib test) due to 2 previous errors; 2 warnings emitted\n"
                },
                {
                  "Err": "   Compiling proc-macro2 v1.0.95\n   Compiling unicode-ident v1.0.18\n   Compiling syn v1.0.109\n   Compiling hashbrown v0.15.2\n   Compiling equivalent v1.0.2\n   Compiling toml_datetime v0.6.8\n   Compiling winnow v0.7.6\n   Compiling serde v1.0.219\n   Compiling indexmap v2.9.0\n   Compiling quote v1.0.40\n   Compiling toml_edit v0.22.24\n   Compiling serde_test v1.0.177\n   Compiling proc-macro-crate v3.3.0\n   Compiling ntest_test_cases v0.9.3\n   Compiling ntest_timeout v0.9.3\n   Compiling ntest v0.9.3\n   Compiling bytes v1.10.1 (/home/abezbm/rust-utgen-test-crates-new/bytes)\nerror[E0412]: cannot find type `Vec` in this scope\n   --> src/buf/take.rs:213:15\n    |\n213 |         data: Vec<u8>,\n    |               ^^^ not found in this scope\n    |\nhelp: consider importing one of these structs\n    |\n207 +    use std::vec::Vec;\n    |\n207 +    use alloc::vec::Vec;\n    |\n\nwarning: unused import: `ntest::timeout`\n   --> src/buf/take.rs:208:8\n    |\n208 |    use ntest::timeout;\n    |        ^^^^^^^^^^^^^^\n    |\n    = note: `#[warn(unused_imports)]` on by default\n\nwarning: unused import: `super::*`\n    --> src/bytes_mut.rs:1500:9\n     |\n1500 |     use super::*;\n     |         ^^^^^^^^\n\nerror[E0046]: not all trait items implemented, missing: `remaining`, `chunk`, `advance`\n   --> src/buf/take.rs:217:5\n    |\n217 |     impl Buf for TestBuf {\n    |     ^^^^^^^^^^^^^^^^^^^^ missing `remaining`, `chunk`, `advance` in implementation\n    |\n   ::: src/buf/buf_impl.rs:143:5\n    |\n143 |     fn remaining(&self) -> usize;\n    |     ----------------------------- `remaining` from trait\n...\n176 |     fn chunk(&self) -> &[u8];\n    |     ------------------------- `chunk` from trait\n...\n250 |     fn advance(&mut self, cnt: usize);\n    |     ---------------------------------- `advance` from trait\n\nSome errors have detailed explanations: E0046, E0412.\nFor more information about an error, try `rustc --explain E0046`.\nwarning: `bytes` (lib test) generated 2 warnings\nerror: could not compile `bytes` (lib test) due to 2 previous errors; 2 warnings emitted\n"
                }
              ],
              "repaired": [
                false,
                false,
                false,
                false
              ]
            },
            {
              "attrs": [],
              "prefix": [
                "{",
                "    struct TestBuf {",
                "        data: Vec<u8>,",
                "        position: usize,",
                "    }",
                "    ",
                "    impl Buf for TestBuf {",
                "        // Implement necessary Buf methods here",
                "    }",
                "",
                "    let test_buf = TestBuf { data: vec![0; usize::MAX], position: 0 };",
                "    let mut take = Take { inner: test_buf, limit: usize::MAX };",
                "    take.limit();",
                "}"
              ],
              "oracles": [
                [
                  "    let test_buf = TestBuf { data: vec![0; usize::MAX], position: 0 };",
                  "    let mut take = Take { inner: test_buf, limit: usize::MAX };",
                  "    let limit_value = take.limit();",
                  "    assert_eq!(limit_value, usize::MAX);"
                ]
              ],
              "codes": [
                [
                  "{",
                  "    struct TestBuf {",
                  "        data: Vec<u8>,",
                  "        position: usize,",
                  "    }",
                  "    ",
                  "    impl Buf for TestBuf {",
                  "        // Implement necessary Buf methods here",
                  "    }",
                  "",
                  "    let test_buf = TestBuf { data: vec![0; usize::MAX], position: 0 };",
                  "    let mut take = Take { inner: test_buf, limit: usize::MAX };",
                  "    take.limit();",
                  "    let test_buf = TestBuf { data: vec![0; usize::MAX], position: 0 };",
                  "    let mut take = Take { inner: test_buf, limit: usize::MAX };",
                  "    let limit_value = take.limit();",
                  "    assert_eq!(limit_value, usize::MAX);",
                  "}"
                ]
              ],
              "can_compile": [
                {
                  "Err": "   Compiling proc-macro2 v1.0.95\n   Compiling unicode-ident v1.0.18\n   Compiling syn v1.0.109\n   Compiling hashbrown v0.15.2\n   Compiling equivalent v1.0.2\n   Compiling winnow v0.7.6\n   Compiling toml_datetime v0.6.8\n   Compiling serde v1.0.219\n   Compiling indexmap v2.9.0\n   Compiling quote v1.0.40\n   Compiling toml_edit v0.22.24\n   Compiling serde_test v1.0.177\n   Compiling proc-macro-crate v3.3.0\n   Compiling ntest_test_cases v0.9.3\n   Compiling ntest_timeout v0.9.3\n   Compiling ntest v0.9.3\n   Compiling bytes v1.10.1 (/home/abezbm/rust-utgen-test-crates-new/bytes)\nerror: cannot find macro `vec` in this scope\n   --> src/buf/take.rs:224:36\n    |\n224 |     let test_buf = TestBuf { data: vec![0; usize::MAX], position: 0 };\n    |                                    ^^^\n    |\nhelp: consider importing one of these macros\n    |\n207 +    use std::vec;\n    |\n207 +    use alloc::vec;\n    |\n\nerror: cannot find macro `vec` in this scope\n   --> src/buf/take.rs:221:36\n    |\n221 |     let test_buf = TestBuf { data: vec![0; usize::MAX], position: 0 };\n    |                                    ^^^\n    |\nhelp: consider importing one of these macros\n    |\n207 +    use std::vec;\n    |\n207 +    use alloc::vec;\n    |\n\nerror[E0412]: cannot find type `Vec` in this scope\n   --> src/buf/take.rs:213:15\n    |\n213 |         data: Vec<u8>,\n    |               ^^^ not found in this scope\n    |\nhelp: consider importing one of these structs\n    |\n207 +    use std::vec::Vec;\n    |\n207 +    use alloc::vec::Vec;\n    |\n\nwarning: unused import: `ntest::timeout`\n   --> src/buf/take.rs:208:8\n    |\n208 |    use ntest::timeout;\n    |        ^^^^^^^^^^^^^^\n    |\n    = note: `#[warn(unused_imports)]` on by default\n\nwarning: unused import: `super::*`\n    --> src/bytes_mut.rs:1500:9\n     |\n1500 |     use super::*;\n     |         ^^^^^^^^\n\nerror[E0046]: not all trait items implemented, missing: `remaining`, `chunk`, `advance`\n   --> src/buf/take.rs:217:5\n    |\n217 |     impl Buf for TestBuf {\n    |     ^^^^^^^^^^^^^^^^^^^^ missing `remaining`, `chunk`, `advance` in implementation\n    |\n   ::: src/buf/buf_impl.rs:143:5\n    |\n143 |     fn remaining(&self) -> usize;\n    |     ----------------------------- `remaining` from trait\n...\n176 |     fn chunk(&self) -> &[u8];\n    |     ------------------------- `chunk` from trait\n...\n250 |     fn advance(&mut self, cnt: usize);\n    |     ---------------------------------- `advance` from trait\n\nSome errors have detailed explanations: E0046, E0412.\nFor more information about an error, try `rustc --explain E0046`.\nwarning: `bytes` (lib test) generated 2 warnings\nerror: could not compile `bytes` (lib test) due to 4 previous errors; 2 warnings emitted\n"
                }
              ],
              "repaired": [
                false
              ]
            },
            {
              "attrs": [],
              "prefix": [
                "{",
                "    struct TestBuf {",
                "        data: Vec<u8>,",
                "        position: usize,",
                "    }",
                "    ",
                "    impl Buf for TestBuf {",
                "        // Implement necessary Buf methods here",
                "    }",
                "",
                "    let test_buf = TestBuf { data: b\"panic\".to_vec(), position: 0 };",
                "    let mut take = Take { inner: test_buf, limit: usize::MAX }; // Assuming limit is set here to some negative or invalid threshold to trigger panic (notably depending on the implementation).",
                "    take.set_limit(!0); // This invocation assumes that the set_limit can lead to an invalid state for the test case purpose.",
                "}"
              ],
              "oracles": [
                [
                  "    let test_buf = TestBuf { data: b\"panic\".to_vec(), position: 0 };",
                  "    let mut take = Take { inner: test_buf, limit: usize::MAX };",
                  "    take.set_limit(!0);",
                  "    assert_eq!(take.limit(), usize::MAX);"
                ],
                [
                  "    let test_buf = TestBuf { data: b\"panic\".to_vec(), position: 0 };",
                  "    let mut take = Take { inner: test_buf, limit: usize::MAX };",
                  "    take.set_limit(!0);",
                  "    assert!(take.get_ref().data.len() <= take.limit());"
                ],
                [
                  "    let test_buf = TestBuf { data: b\"panic\".to_vec(), position: 0 };",
                  "    let mut take = Take { inner: test_buf, limit: usize::MAX };",
                  "    take.set_limit(!0);",
                  "    assert!(take.get_mut().data.len() <= take.limit());"
                ],
                [
                  "    let test_buf = TestBuf { data: b\"panic\".to_vec(), position: 0 };",
                  "    let mut take = Take { inner: test_buf, limit: usize::MAX };",
                  "    take.set_limit(!0);",
                  "    assert_eq!(take.into_inner().data, b\"panic\".to_vec());"
                ]
              ],
              "codes": [
                [
                  "{",
                  "    struct TestBuf {",
                  "        data: Vec<u8>,",
                  "        position: usize,",
                  "    }",
                  "    ",
                  "    impl Buf for TestBuf {",
                  "        // Implement necessary Buf methods here",
                  "    }",
                  "",
                  "    let test_buf = TestBuf { data: b\"panic\".to_vec(), position: 0 };",
                  "    let mut take = Take { inner: test_buf, limit: usize::MAX }; // Assuming limit is set here to some negative or invalid threshold to trigger panic (notably depending on the implementation).",
                  "    take.set_limit(!0); // This invocation assumes that the set_limit can lead to an invalid state for the test case purpose.",
                  "    let test_buf = TestBuf { data: b\"panic\".to_vec(), position: 0 };",
                  "    let mut take = Take { inner: test_buf, limit: usize::MAX };",
                  "    take.set_limit(!0);",
                  "    assert_eq!(take.limit(), usize::MAX);",
                  "}"
                ],
                [
                  "{",
                  "    struct TestBuf {",
                  "        data: Vec<u8>,",
                  "        position: usize,",
                  "    }",
                  "    ",
                  "    impl Buf for TestBuf {",
                  "        // Implement necessary Buf methods here",
                  "    }",
                  "",
                  "    let test_buf = TestBuf { data: b\"panic\".to_vec(), position: 0 };",
                  "    let mut take = Take { inner: test_buf, limit: usize::MAX }; // Assuming limit is set here to some negative or invalid threshold to trigger panic (notably depending on the implementation).",
                  "    take.set_limit(!0); // This invocation assumes that the set_limit can lead to an invalid state for the test case purpose.",
                  "    let test_buf = TestBuf { data: b\"panic\".to_vec(), position: 0 };",
                  "    let mut take = Take { inner: test_buf, limit: usize::MAX };",
                  "    take.set_limit(!0);",
                  "    assert!(take.get_ref().data.len() <= take.limit());",
                  "}"
                ],
                [
                  "{",
                  "    struct TestBuf {",
                  "        data: Vec<u8>,",
                  "        position: usize,",
                  "    }",
                  "    ",
                  "    impl Buf for TestBuf {",
                  "        // Implement necessary Buf methods here",
                  "    }",
                  "",
                  "    let test_buf = TestBuf { data: b\"panic\".to_vec(), position: 0 };",
                  "    let mut take = Take { inner: test_buf, limit: usize::MAX }; // Assuming limit is set here to some negative or invalid threshold to trigger panic (notably depending on the implementation).",
                  "    take.set_limit(!0); // This invocation assumes that the set_limit can lead to an invalid state for the test case purpose.",
                  "    let test_buf = TestBuf { data: b\"panic\".to_vec(), position: 0 };",
                  "    let mut take = Take { inner: test_buf, limit: usize::MAX };",
                  "    take.set_limit(!0);",
                  "    assert!(take.get_mut().data.len() <= take.limit());",
                  "}"
                ],
                [
                  "{",
                  "    struct TestBuf {",
                  "        data: Vec<u8>,",
                  "        position: usize,",
                  "    }",
                  "    ",
                  "    impl Buf for TestBuf {",
                  "        // Implement necessary Buf methods here",
                  "    }",
                  "",
                  "    let test_buf = TestBuf { data: b\"panic\".to_vec(), position: 0 };",
                  "    let mut take = Take { inner: test_buf, limit: usize::MAX }; // Assuming limit is set here to some negative or invalid threshold to trigger panic (notably depending on the implementation).",
                  "    take.set_limit(!0); // This invocation assumes that the set_limit can lead to an invalid state for the test case purpose.",
                  "    let test_buf = TestBuf { data: b\"panic\".to_vec(), position: 0 };",
                  "    let mut take = Take { inner: test_buf, limit: usize::MAX };",
                  "    take.set_limit(!0);",
                  "    assert_eq!(take.into_inner().data, b\"panic\".to_vec());",
                  "}"
                ]
              ],
              "can_compile": [
                {
                  "Err": "   Compiling proc-macro2 v1.0.95\n   Compiling unicode-ident v1.0.18\n   Compiling syn v1.0.109\n   Compiling equivalent v1.0.2\n   Compiling hashbrown v0.15.2\n   Compiling toml_datetime v0.6.8\n   Compiling winnow v0.7.6\n   Compiling serde v1.0.219\n   Compiling indexmap v2.9.0\n   Compiling quote v1.0.40\n   Compiling toml_edit v0.22.24\n   Compiling serde_test v1.0.177\n   Compiling proc-macro-crate v3.3.0\n   Compiling ntest_test_cases v0.9.3\n   Compiling ntest_timeout v0.9.3\n   Compiling ntest v0.9.3\n   Compiling bytes v1.10.1 (/home/abezbm/rust-utgen-test-crates-new/bytes)\nerror[E0412]: cannot find type `Vec` in this scope\n   --> src/buf/take.rs:213:15\n    |\n213 |         data: Vec<u8>,\n    |               ^^^ not found in this scope\n    |\nhelp: consider importing one of these structs\n    |\n207 +    use std::vec::Vec;\n    |\n207 +    use alloc::vec::Vec;\n    |\n\nwarning: unused import: `ntest::timeout`\n   --> src/buf/take.rs:208:8\n    |\n208 |    use ntest::timeout;\n    |        ^^^^^^^^^^^^^^\n    |\n    = note: `#[warn(unused_imports)]` on by default\n\nwarning: unused import: `super::*`\n    --> src/bytes_mut.rs:1500:9\n     |\n1500 |     use super::*;\n     |         ^^^^^^^^\n\nerror[E0046]: not all trait items implemented, missing: `remaining`, `chunk`, `advance`\n   --> src/buf/take.rs:217:5\n    |\n217 |     impl Buf for TestBuf {\n    |     ^^^^^^^^^^^^^^^^^^^^ missing `remaining`, `chunk`, `advance` in implementation\n    |\n   ::: src/buf/buf_impl.rs:143:5\n    |\n143 |     fn remaining(&self) -> usize;\n    |     ----------------------------- `remaining` from trait\n...\n176 |     fn chunk(&self) -> &[u8];\n    |     ------------------------- `chunk` from trait\n...\n250 |     fn advance(&mut self, cnt: usize);\n    |     ---------------------------------- `advance` from trait\n\nSome errors have detailed explanations: E0046, E0412.\nFor more information about an error, try `rustc --explain E0046`.\nwarning: `bytes` (lib test) generated 2 warnings\nerror: could not compile `bytes` (lib test) due to 2 previous errors; 2 warnings emitted\n"
                },
                {
                  "Err": "   Compiling proc-macro2 v1.0.95\n   Compiling unicode-ident v1.0.18\n   Compiling equivalent v1.0.2\n   Compiling syn v1.0.109\n   Compiling hashbrown v0.15.2\n   Compiling toml_datetime v0.6.8\n   Compiling winnow v0.7.6\n   Compiling serde v1.0.219\n   Compiling indexmap v2.9.0\n   Compiling quote v1.0.40\n   Compiling toml_edit v0.22.24\n   Compiling serde_test v1.0.177\n   Compiling proc-macro-crate v3.3.0\n   Compiling ntest_test_cases v0.9.3\n   Compiling ntest_timeout v0.9.3\n   Compiling ntest v0.9.3\n   Compiling bytes v1.10.1 (/home/abezbm/rust-utgen-test-crates-new/bytes)\nerror[E0412]: cannot find type `Vec` in this scope\n   --> src/buf/take.rs:213:15\n    |\n213 |         data: Vec<u8>,\n    |               ^^^ not found in this scope\n    |\nhelp: consider importing one of these structs\n    |\n207 +    use std::vec::Vec;\n    |\n207 +    use alloc::vec::Vec;\n    |\n\nwarning: unused import: `ntest::timeout`\n   --> src/buf/take.rs:208:8\n    |\n208 |    use ntest::timeout;\n    |        ^^^^^^^^^^^^^^\n    |\n    = note: `#[warn(unused_imports)]` on by default\n\nwarning: unused import: `super::*`\n    --> src/bytes_mut.rs:1500:9\n     |\n1500 |     use super::*;\n     |         ^^^^^^^^\n\nerror[E0046]: not all trait items implemented, missing: `remaining`, `chunk`, `advance`\n   --> src/buf/take.rs:217:5\n    |\n217 |     impl Buf for TestBuf {\n    |     ^^^^^^^^^^^^^^^^^^^^ missing `remaining`, `chunk`, `advance` in implementation\n    |\n   ::: src/buf/buf_impl.rs:143:5\n    |\n143 |     fn remaining(&self) -> usize;\n    |     ----------------------------- `remaining` from trait\n...\n176 |     fn chunk(&self) -> &[u8];\n    |     ------------------------- `chunk` from trait\n...\n250 |     fn advance(&mut self, cnt: usize);\n    |     ---------------------------------- `advance` from trait\n\nSome errors have detailed explanations: E0046, E0412.\nFor more information about an error, try `rustc --explain E0046`.\nwarning: `bytes` (lib test) generated 2 warnings\nerror: could not compile `bytes` (lib test) due to 2 previous errors; 2 warnings emitted\n"
                },
                {
                  "Err": "   Compiling proc-macro2 v1.0.95\n   Compiling unicode-ident v1.0.18\n   Compiling syn v1.0.109\n   Compiling equivalent v1.0.2\n   Compiling hashbrown v0.15.2\n   Compiling toml_datetime v0.6.8\n   Compiling winnow v0.7.6\n   Compiling serde v1.0.219\n   Compiling indexmap v2.9.0\n   Compiling quote v1.0.40\n   Compiling toml_edit v0.22.24\n   Compiling serde_test v1.0.177\n   Compiling proc-macro-crate v3.3.0\n   Compiling ntest_test_cases v0.9.3\n   Compiling ntest_timeout v0.9.3\n   Compiling ntest v0.9.3\n   Compiling bytes v1.10.1 (/home/abezbm/rust-utgen-test-crates-new/bytes)\nerror[E0412]: cannot find type `Vec` in this scope\n   --> src/buf/take.rs:213:15\n    |\n213 |         data: Vec<u8>,\n    |               ^^^ not found in this scope\n    |\nhelp: consider importing one of these structs\n    |\n207 +    use std::vec::Vec;\n    |\n207 +    use alloc::vec::Vec;\n    |\n\nwarning: unused import: `ntest::timeout`\n   --> src/buf/take.rs:208:8\n    |\n208 |    use ntest::timeout;\n    |        ^^^^^^^^^^^^^^\n    |\n    = note: `#[warn(unused_imports)]` on by default\n\nwarning: unused import: `super::*`\n    --> src/bytes_mut.rs:1500:9\n     |\n1500 |     use super::*;\n     |         ^^^^^^^^\n\nerror[E0046]: not all trait items implemented, missing: `remaining`, `chunk`, `advance`\n   --> src/buf/take.rs:217:5\n    |\n217 |     impl Buf for TestBuf {\n    |     ^^^^^^^^^^^^^^^^^^^^ missing `remaining`, `chunk`, `advance` in implementation\n    |\n   ::: src/buf/buf_impl.rs:143:5\n    |\n143 |     fn remaining(&self) -> usize;\n    |     ----------------------------- `remaining` from trait\n...\n176 |     fn chunk(&self) -> &[u8];\n    |     ------------------------- `chunk` from trait\n...\n250 |     fn advance(&mut self, cnt: usize);\n    |     ---------------------------------- `advance` from trait\n\nSome errors have detailed explanations: E0046, E0412.\nFor more information about an error, try `rustc --explain E0046`.\nwarning: `bytes` (lib test) generated 2 warnings\nerror: could not compile `bytes` (lib test) due to 2 previous errors; 2 warnings emitted\n"
                },
                {
                  "Err": "   Compiling proc-macro2 v1.0.95\n   Compiling unicode-ident v1.0.18\n   Compiling hashbrown v0.15.2\n   Compiling syn v1.0.109\n   Compiling equivalent v1.0.2\n   Compiling winnow v0.7.6\n   Compiling toml_datetime v0.6.8\n   Compiling serde v1.0.219\n   Compiling indexmap v2.9.0\n   Compiling quote v1.0.40\n   Compiling toml_edit v0.22.24\n   Compiling serde_test v1.0.177\n   Compiling proc-macro-crate v3.3.0\n   Compiling ntest_test_cases v0.9.3\n   Compiling ntest_timeout v0.9.3\n   Compiling ntest v0.9.3\n   Compiling bytes v1.10.1 (/home/abezbm/rust-utgen-test-crates-new/bytes)\nerror[E0412]: cannot find type `Vec` in this scope\n   --> src/buf/take.rs:213:15\n    |\n213 |         data: Vec<u8>,\n    |               ^^^ not found in this scope\n    |\nhelp: consider importing one of these structs\n    |\n207 +    use std::vec::Vec;\n    |\n207 +    use alloc::vec::Vec;\n    |\n\nwarning: unused import: `ntest::timeout`\n   --> src/buf/take.rs:208:8\n    |\n208 |    use ntest::timeout;\n    |        ^^^^^^^^^^^^^^\n    |\n    = note: `#[warn(unused_imports)]` on by default\n\nwarning: unused import: `super::*`\n    --> src/bytes_mut.rs:1500:9\n     |\n1500 |     use super::*;\n     |         ^^^^^^^^\n\nerror[E0046]: not all trait items implemented, missing: `remaining`, `chunk`, `advance`\n   --> src/buf/take.rs:217:5\n    |\n217 |     impl Buf for TestBuf {\n    |     ^^^^^^^^^^^^^^^^^^^^ missing `remaining`, `chunk`, `advance` in implementation\n    |\n   ::: src/buf/buf_impl.rs:143:5\n    |\n143 |     fn remaining(&self) -> usize;\n    |     ----------------------------- `remaining` from trait\n...\n176 |     fn chunk(&self) -> &[u8];\n    |     ------------------------- `chunk` from trait\n...\n250 |     fn advance(&mut self, cnt: usize);\n    |     ---------------------------------- `advance` from trait\n\nSome errors have detailed explanations: E0046, E0412.\nFor more information about an error, try `rustc --explain E0046`.\nwarning: `bytes` (lib test) generated 2 warnings\nerror: could not compile `bytes` (lib test) due to 2 previous errors; 2 warnings emitted\n"
                }
              ],
              "repaired": [
                false,
                false,
                false,
                false
              ]
            }
          ]
        }
      ]
    }
  ]
}