{
  "name": "bytes::bytes::owned_drop_impl",
  "name_with_impl": "bytes::bytes::owned_drop_impl",
  "mod_info": {
    "name": "bytes",
    "loc": "src/lib.rs:82:1:82:11"
  },
  "visible": false,
  "loc": "src/bytes.rs:1159:1:1175:2",
  "fn_tests": [
    {
      "chain_id": 1,
      "prompt_conds": [
        "// constraint: old_cnt > 0 is true\n",
        "// constraint: old_cnt <= usize::MAX >> 1 is true, with bound old_cnt == usize::MAX >> 1\n",
        "// constraint: old_cnt != 1 is true\n"
      ],
      "input_infer": "2 <= old_cnt <= 4611686018427387903\n",
      "answers": [
        {
          "uses": [],
          "has_test_mod": false,
          "common": [],
          "chain_tests": [
            {
              "attrs": [],
              "prefix": [
                "{",
                "    struct TestLifetime {",
                "        ref_cnt: AtomicUsize,",
                "        drop: unsafe fn(*mut ()),",
                "    }",
                "",
                "    unsafe fn test_drop(_: *mut ()) {}",
                "",
                "    let mut test_instance = TestLifetime {",
                "        ref_cnt: AtomicUsize::new(2),",
                "        drop: test_drop,",
                "    };",
                "    let owned: *mut () = &mut test_instance as *mut _ as *mut ();",
                "",
                "    owned_drop_impl(owned);",
                "}"
              ],
              "oracles": [
                [
                  "    let mut test_instance = TestLifetime { ref_cnt: AtomicUsize::new(2), drop: test_drop };",
                  "    assert_eq!(test_instance.ref_cnt.load(Ordering::SeqCst), 1);"
                ],
                [
                  "    let mut test_instance = TestLifetime { ref_cnt: AtomicUsize::new(2), drop: test_drop };",
                  "    assert_eq!(test_instance.ref_cnt.fetch_sub(1, Ordering::Release), 2);"
                ],
                [
                  "    let mut test_instance = TestLifetime { ref_cnt: AtomicUsize::new(2), drop: test_drop };",
                  "    assert!(!test_instance.ref_cnt.fetch_sub(1, Ordering::Release) == 0);"
                ],
                [
                  "    let mut test_instance = TestLifetime { ref_cnt: AtomicUsize::new(2), drop: test_drop };",
                  "    assert!(test_instance.ref_cnt.load(Ordering::SeqCst) <= usize::MAX >> 1);"
                ]
              ],
              "codes": [
                [
                  "{",
                  "    struct TestLifetime {",
                  "        ref_cnt: AtomicUsize,",
                  "        drop: unsafe fn(*mut ()),",
                  "    }",
                  "",
                  "    unsafe fn test_drop(_: *mut ()) {}",
                  "",
                  "    let mut test_instance = TestLifetime {",
                  "        ref_cnt: AtomicUsize::new(2),",
                  "        drop: test_drop,",
                  "    };",
                  "    let owned: *mut () = &mut test_instance as *mut _ as *mut ();",
                  "",
                  "    owned_drop_impl(owned);",
                  "    let mut test_instance = TestLifetime { ref_cnt: AtomicUsize::new(2), drop: test_drop };",
                  "    assert_eq!(test_instance.ref_cnt.load(Ordering::SeqCst), 1);",
                  "}"
                ],
                [
                  "{",
                  "    struct TestLifetime {",
                  "        ref_cnt: AtomicUsize,",
                  "        drop: unsafe fn(*mut ()),",
                  "    }",
                  "",
                  "    unsafe fn test_drop(_: *mut ()) {}",
                  "",
                  "    let mut test_instance = TestLifetime {",
                  "        ref_cnt: AtomicUsize::new(2),",
                  "        drop: test_drop,",
                  "    };",
                  "    let owned: *mut () = &mut test_instance as *mut _ as *mut ();",
                  "",
                  "    owned_drop_impl(owned);",
                  "    let mut test_instance = TestLifetime { ref_cnt: AtomicUsize::new(2), drop: test_drop };",
                  "    assert_eq!(test_instance.ref_cnt.fetch_sub(1, Ordering::Release), 2);",
                  "}"
                ],
                [
                  "{",
                  "    struct TestLifetime {",
                  "        ref_cnt: AtomicUsize,",
                  "        drop: unsafe fn(*mut ()),",
                  "    }",
                  "",
                  "    unsafe fn test_drop(_: *mut ()) {}",
                  "",
                  "    let mut test_instance = TestLifetime {",
                  "        ref_cnt: AtomicUsize::new(2),",
                  "        drop: test_drop,",
                  "    };",
                  "    let owned: *mut () = &mut test_instance as *mut _ as *mut ();",
                  "",
                  "    owned_drop_impl(owned);",
                  "    let mut test_instance = TestLifetime { ref_cnt: AtomicUsize::new(2), drop: test_drop };",
                  "    assert!(!test_instance.ref_cnt.fetch_sub(1, Ordering::Release) == 0);",
                  "}"
                ],
                [
                  "{",
                  "    struct TestLifetime {",
                  "        ref_cnt: AtomicUsize,",
                  "        drop: unsafe fn(*mut ()),",
                  "    }",
                  "",
                  "    unsafe fn test_drop(_: *mut ()) {}",
                  "",
                  "    let mut test_instance = TestLifetime {",
                  "        ref_cnt: AtomicUsize::new(2),",
                  "        drop: test_drop,",
                  "    };",
                  "    let owned: *mut () = &mut test_instance as *mut _ as *mut ();",
                  "",
                  "    owned_drop_impl(owned);",
                  "    let mut test_instance = TestLifetime { ref_cnt: AtomicUsize::new(2), drop: test_drop };",
                  "    assert!(test_instance.ref_cnt.load(Ordering::SeqCst) <= usize::MAX >> 1);",
                  "}"
                ]
              ],
              "can_compile": [
                {
                  "Err": "   Compiling proc-macro2 v1.0.95\n   Compiling unicode-ident v1.0.18\n   Compiling syn v1.0.109\n   Compiling hashbrown v0.15.2\n   Compiling equivalent v1.0.2\n   Compiling toml_datetime v0.6.8\n   Compiling winnow v0.7.6\n   Compiling serde v1.0.219\n   Compiling indexmap v2.9.0\n   Compiling quote v1.0.40\n   Compiling toml_edit v0.22.24\n   Compiling serde_test v1.0.177\n   Compiling proc-macro-crate v3.3.0\n   Compiling ntest_test_cases v0.9.3\n   Compiling ntest_timeout v0.9.3\n   Compiling ntest v0.9.3\n   Compiling bytes v1.10.1 (/home/abezbm/rust-utgen-test-crates-new/bytes)\nwarning: unused import: `ntest::timeout`\n    --> src/bytes.rs:1684:8\n     |\n1684 |    use ntest::timeout;\n     |        ^^^^^^^^^^^^^^\n     |\n     = note: `#[warn(unused_imports)]` on by default\n\nwarning: unused import: `super::*`\n    --> src/bytes_mut.rs:1500:9\n     |\n1500 |     use super::*;\n     |         ^^^^^^^^\n\nerror[E0133]: call to unsafe function `bytes::owned_drop_impl` is unsafe and requires unsafe function or block\n    --> src/bytes.rs:1701:5\n     |\n1701 |     owned_drop_impl(owned);\n     |     ^^^^^^^^^^^^^^^^^^^^^^ call to unsafe function\n     |\n     = note: consult the function's documentation for information on how to avoid undefined behavior\n\nwarning: variable does not need to be mutable\n    --> src/bytes.rs:1702:9\n     |\n1702 |     let mut test_instance = TestLifetime { ref_cnt: AtomicUsize::new(2), drop: test_drop };\n     |         ----^^^^^^^^^^^^^\n     |         |\n     |         help: remove this `mut`\n     |\n     = note: `#[warn(unused_mut)]` on by default\n\nFor more information about this error, try `rustc --explain E0133`.\nwarning: `bytes` (lib test) generated 3 warnings\nerror: could not compile `bytes` (lib test) due to 1 previous error; 3 warnings emitted\n"
                },
                {
                  "Err": "   Compiling proc-macro2 v1.0.95\n   Compiling unicode-ident v1.0.18\n   Compiling syn v1.0.109\n   Compiling equivalent v1.0.2\n   Compiling hashbrown v0.15.2\n   Compiling toml_datetime v0.6.8\n   Compiling winnow v0.7.6\n   Compiling serde v1.0.219\n   Compiling indexmap v2.9.0\n   Compiling quote v1.0.40\n   Compiling toml_edit v0.22.24\n   Compiling serde_test v1.0.177\n   Compiling proc-macro-crate v3.3.0\n   Compiling ntest_test_cases v0.9.3\n   Compiling ntest_timeout v0.9.3\n   Compiling ntest v0.9.3\n   Compiling bytes v1.10.1 (/home/abezbm/rust-utgen-test-crates-new/bytes)\nwarning: unused import: `ntest::timeout`\n    --> src/bytes.rs:1684:8\n     |\n1684 |    use ntest::timeout;\n     |        ^^^^^^^^^^^^^^\n     |\n     = note: `#[warn(unused_imports)]` on by default\n\nwarning: unused import: `super::*`\n    --> src/bytes_mut.rs:1500:9\n     |\n1500 |     use super::*;\n     |         ^^^^^^^^\n\nerror[E0133]: call to unsafe function `bytes::owned_drop_impl` is unsafe and requires unsafe function or block\n    --> src/bytes.rs:1701:5\n     |\n1701 |     owned_drop_impl(owned);\n     |     ^^^^^^^^^^^^^^^^^^^^^^ call to unsafe function\n     |\n     = note: consult the function's documentation for information on how to avoid undefined behavior\n\nwarning: variable does not need to be mutable\n    --> src/bytes.rs:1702:9\n     |\n1702 |     let mut test_instance = TestLifetime { ref_cnt: AtomicUsize::new(2), drop: test_drop };\n     |         ----^^^^^^^^^^^^^\n     |         |\n     |         help: remove this `mut`\n     |\n     = note: `#[warn(unused_mut)]` on by default\n\nFor more information about this error, try `rustc --explain E0133`.\nwarning: `bytes` (lib test) generated 3 warnings\nerror: could not compile `bytes` (lib test) due to 1 previous error; 3 warnings emitted\n"
                },
                {
                  "Err": "   Compiling proc-macro2 v1.0.95\n   Compiling unicode-ident v1.0.18\n   Compiling syn v1.0.109\n   Compiling equivalent v1.0.2\n   Compiling hashbrown v0.15.2\n   Compiling winnow v0.7.6\n   Compiling toml_datetime v0.6.8\n   Compiling serde v1.0.219\n   Compiling indexmap v2.9.0\n   Compiling quote v1.0.40\n   Compiling toml_edit v0.22.24\n   Compiling serde_test v1.0.177\n   Compiling proc-macro-crate v3.3.0\n   Compiling ntest_test_cases v0.9.3\n   Compiling ntest_timeout v0.9.3\n   Compiling ntest v0.9.3\n   Compiling bytes v1.10.1 (/home/abezbm/rust-utgen-test-crates-new/bytes)\nwarning: unused import: `ntest::timeout`\n    --> src/bytes.rs:1684:8\n     |\n1684 |    use ntest::timeout;\n     |        ^^^^^^^^^^^^^^\n     |\n     = note: `#[warn(unused_imports)]` on by default\n\nwarning: unused import: `super::*`\n    --> src/bytes_mut.rs:1500:9\n     |\n1500 |     use super::*;\n     |         ^^^^^^^^\n\nerror[E0133]: call to unsafe function `bytes::owned_drop_impl` is unsafe and requires unsafe function or block\n    --> src/bytes.rs:1701:5\n     |\n1701 |     owned_drop_impl(owned);\n     |     ^^^^^^^^^^^^^^^^^^^^^^ call to unsafe function\n     |\n     = note: consult the function's documentation for information on how to avoid undefined behavior\n\nwarning: variable does not need to be mutable\n    --> src/bytes.rs:1702:9\n     |\n1702 |     let mut test_instance = TestLifetime { ref_cnt: AtomicUsize::new(2), drop: test_drop };\n     |         ----^^^^^^^^^^^^^\n     |         |\n     |         help: remove this `mut`\n     |\n     = note: `#[warn(unused_mut)]` on by default\n\nFor more information about this error, try `rustc --explain E0133`.\nwarning: `bytes` (lib test) generated 3 warnings\nerror: could not compile `bytes` (lib test) due to 1 previous error; 3 warnings emitted\n"
                },
                {
                  "Err": "   Compiling proc-macro2 v1.0.95\n   Compiling unicode-ident v1.0.18\n   Compiling equivalent v1.0.2\n   Compiling syn v1.0.109\n   Compiling hashbrown v0.15.2\n   Compiling winnow v0.7.6\n   Compiling toml_datetime v0.6.8\n   Compiling serde v1.0.219\n   Compiling indexmap v2.9.0\n   Compiling quote v1.0.40\n   Compiling toml_edit v0.22.24\n   Compiling serde_test v1.0.177\n   Compiling proc-macro-crate v3.3.0\n   Compiling ntest_test_cases v0.9.3\n   Compiling ntest_timeout v0.9.3\n   Compiling ntest v0.9.3\n   Compiling bytes v1.10.1 (/home/abezbm/rust-utgen-test-crates-new/bytes)\nwarning: unused import: `ntest::timeout`\n    --> src/bytes.rs:1684:8\n     |\n1684 |    use ntest::timeout;\n     |        ^^^^^^^^^^^^^^\n     |\n     = note: `#[warn(unused_imports)]` on by default\n\nwarning: unused import: `super::*`\n    --> src/bytes_mut.rs:1500:9\n     |\n1500 |     use super::*;\n     |         ^^^^^^^^\n\nerror[E0133]: call to unsafe function `bytes::owned_drop_impl` is unsafe and requires unsafe function or block\n    --> src/bytes.rs:1701:5\n     |\n1701 |     owned_drop_impl(owned);\n     |     ^^^^^^^^^^^^^^^^^^^^^^ call to unsafe function\n     |\n     = note: consult the function's documentation for information on how to avoid undefined behavior\n\nwarning: variable does not need to be mutable\n    --> src/bytes.rs:1702:9\n     |\n1702 |     let mut test_instance = TestLifetime { ref_cnt: AtomicUsize::new(2), drop: test_drop };\n     |         ----^^^^^^^^^^^^^\n     |         |\n     |         help: remove this `mut`\n     |\n     = note: `#[warn(unused_mut)]` on by default\n\nFor more information about this error, try `rustc --explain E0133`.\nwarning: `bytes` (lib test) generated 3 warnings\nerror: could not compile `bytes` (lib test) due to 1 previous error; 3 warnings emitted\n"
                }
              ],
              "repaired": [
                false,
                false,
                false,
                false
              ]
            },
            {
              "attrs": [],
              "prefix": [
                "{",
                "    struct TestLifetime {",
                "        ref_cnt: AtomicUsize,",
                "        drop: unsafe fn(*mut ()),",
                "    }",
                "",
                "    unsafe fn test_drop(_: *mut ()) {}",
                "",
                "    let mut test_instance = TestLifetime {",
                "        ref_cnt: AtomicUsize::new(4611686018427387903),",
                "        drop: test_drop,",
                "    };",
                "    let owned: *mut () = &mut test_instance as *mut _ as *mut ();",
                "",
                "    owned_drop_impl(owned);",
                "}"
              ],
              "oracles": [
                [
                  "    let mut test_instance = TestLifetime { ref_cnt: AtomicUsize::new(4611686018427387903), drop: test_drop };",
                  "    let owned: *mut () = &mut test_instance as *mut _ as *mut ();",
                  "    assert_eq!(test_instance.ref_cnt.load(Ordering::Relaxed), 4611686018427387902);"
                ],
                [
                  "    let mut test_instance = TestLifetime { ref_cnt: AtomicUsize::new(4611686018427387903), drop: test_drop };",
                  "    let owned: *mut () = &mut test_instance as *mut _ as *mut ();",
                  "    assert!(test_instance.ref_cnt.load(Ordering::Relaxed) > 0);"
                ],
                [
                  "    let mut test_instance = TestLifetime { ref_cnt: AtomicUsize::new(4611686018427387903), drop: test_drop };",
                  "    let owned: *mut () = &mut test_instance as *mut _ as *mut ();",
                  "    assert!(test_instance.ref_cnt.load(Ordering::Relaxed) <= usize::MAX >> 1);"
                ],
                [
                  "    let mut test_instance = TestLifetime { ref_cnt: AtomicUsize::new(4611686018427387903), drop: test_drop };",
                  "    let owned: *mut () = &mut test_instance as *mut _ as *mut ();",
                  "    assert!(test_instance.ref_cnt.load(Ordering::Relaxed) != 1);"
                ]
              ],
              "codes": [
                [
                  "{",
                  "    struct TestLifetime {",
                  "        ref_cnt: AtomicUsize,",
                  "        drop: unsafe fn(*mut ()),",
                  "    }",
                  "",
                  "    unsafe fn test_drop(_: *mut ()) {}",
                  "",
                  "    let mut test_instance = TestLifetime {",
                  "        ref_cnt: AtomicUsize::new(4611686018427387903),",
                  "        drop: test_drop,",
                  "    };",
                  "    let owned: *mut () = &mut test_instance as *mut _ as *mut ();",
                  "",
                  "    owned_drop_impl(owned);",
                  "    let mut test_instance = TestLifetime { ref_cnt: AtomicUsize::new(4611686018427387903), drop: test_drop };",
                  "    let owned: *mut () = &mut test_instance as *mut _ as *mut ();",
                  "    assert_eq!(test_instance.ref_cnt.load(Ordering::Relaxed), 4611686018427387902);",
                  "}"
                ],
                [
                  "{",
                  "    struct TestLifetime {",
                  "        ref_cnt: AtomicUsize,",
                  "        drop: unsafe fn(*mut ()),",
                  "    }",
                  "",
                  "    unsafe fn test_drop(_: *mut ()) {}",
                  "",
                  "    let mut test_instance = TestLifetime {",
                  "        ref_cnt: AtomicUsize::new(4611686018427387903),",
                  "        drop: test_drop,",
                  "    };",
                  "    let owned: *mut () = &mut test_instance as *mut _ as *mut ();",
                  "",
                  "    owned_drop_impl(owned);",
                  "    let mut test_instance = TestLifetime { ref_cnt: AtomicUsize::new(4611686018427387903), drop: test_drop };",
                  "    let owned: *mut () = &mut test_instance as *mut _ as *mut ();",
                  "    assert!(test_instance.ref_cnt.load(Ordering::Relaxed) > 0);",
                  "}"
                ],
                [
                  "{",
                  "    struct TestLifetime {",
                  "        ref_cnt: AtomicUsize,",
                  "        drop: unsafe fn(*mut ()),",
                  "    }",
                  "",
                  "    unsafe fn test_drop(_: *mut ()) {}",
                  "",
                  "    let mut test_instance = TestLifetime {",
                  "        ref_cnt: AtomicUsize::new(4611686018427387903),",
                  "        drop: test_drop,",
                  "    };",
                  "    let owned: *mut () = &mut test_instance as *mut _ as *mut ();",
                  "",
                  "    owned_drop_impl(owned);",
                  "    let mut test_instance = TestLifetime { ref_cnt: AtomicUsize::new(4611686018427387903), drop: test_drop };",
                  "    let owned: *mut () = &mut test_instance as *mut _ as *mut ();",
                  "    assert!(test_instance.ref_cnt.load(Ordering::Relaxed) <= usize::MAX >> 1);",
                  "}"
                ],
                [
                  "{",
                  "    struct TestLifetime {",
                  "        ref_cnt: AtomicUsize,",
                  "        drop: unsafe fn(*mut ()),",
                  "    }",
                  "",
                  "    unsafe fn test_drop(_: *mut ()) {}",
                  "",
                  "    let mut test_instance = TestLifetime {",
                  "        ref_cnt: AtomicUsize::new(4611686018427387903),",
                  "        drop: test_drop,",
                  "    };",
                  "    let owned: *mut () = &mut test_instance as *mut _ as *mut ();",
                  "",
                  "    owned_drop_impl(owned);",
                  "    let mut test_instance = TestLifetime { ref_cnt: AtomicUsize::new(4611686018427387903), drop: test_drop };",
                  "    let owned: *mut () = &mut test_instance as *mut _ as *mut ();",
                  "    assert!(test_instance.ref_cnt.load(Ordering::Relaxed) != 1);",
                  "}"
                ]
              ],
              "can_compile": [
                {
                  "Err": "   Compiling proc-macro2 v1.0.95\n   Compiling unicode-ident v1.0.18\n   Compiling syn v1.0.109\n   Compiling equivalent v1.0.2\n   Compiling hashbrown v0.15.2\n   Compiling toml_datetime v0.6.8\n   Compiling winnow v0.7.6\n   Compiling serde v1.0.219\n   Compiling indexmap v2.9.0\n   Compiling quote v1.0.40\n   Compiling toml_edit v0.22.24\n   Compiling serde_test v1.0.177\n   Compiling proc-macro-crate v3.3.0\n   Compiling ntest_test_cases v0.9.3\n   Compiling ntest_timeout v0.9.3\n   Compiling ntest v0.9.3\n   Compiling bytes v1.10.1 (/home/abezbm/rust-utgen-test-crates-new/bytes)\nwarning: unused import: `ntest::timeout`\n    --> src/bytes.rs:1684:8\n     |\n1684 |    use ntest::timeout;\n     |        ^^^^^^^^^^^^^^\n     |\n     = note: `#[warn(unused_imports)]` on by default\n\nwarning: unused import: `super::*`\n    --> src/bytes_mut.rs:1500:9\n     |\n1500 |     use super::*;\n     |         ^^^^^^^^\n\nwarning: unused variable: `owned`\n    --> src/bytes.rs:1703:9\n     |\n1703 |     let owned: *mut () = &mut test_instance as *mut _ as *mut ();\n     |         ^^^^^ help: if this is intentional, prefix it with an underscore: `_owned`\n     |\n     = note: `#[warn(unused_variables)]` on by default\n\nerror[E0133]: call to unsafe function `bytes::owned_drop_impl` is unsafe and requires unsafe function or block\n    --> src/bytes.rs:1701:5\n     |\n1701 |     owned_drop_impl(owned);\n     |     ^^^^^^^^^^^^^^^^^^^^^^ call to unsafe function\n     |\n     = note: consult the function's documentation for information on how to avoid undefined behavior\n\nFor more information about this error, try `rustc --explain E0133`.\nwarning: `bytes` (lib test) generated 3 warnings\nerror: could not compile `bytes` (lib test) due to 1 previous error; 3 warnings emitted\n"
                },
                {
                  "Err": "    Blocking waiting for file lock on package cache\n    Blocking waiting for file lock on package cache\n   Compiling proc-macro2 v1.0.95\n   Compiling unicode-ident v1.0.18\n   Compiling hashbrown v0.15.2\n   Compiling syn v1.0.109\n   Compiling equivalent v1.0.2\n   Compiling toml_datetime v0.6.8\n   Compiling winnow v0.7.6\n   Compiling serde v1.0.219\n   Compiling indexmap v2.9.0\n   Compiling quote v1.0.40\n   Compiling toml_edit v0.22.24\n   Compiling serde_test v1.0.177\n   Compiling proc-macro-crate v3.3.0\n   Compiling ntest_test_cases v0.9.3\n   Compiling ntest_timeout v0.9.3\n   Compiling ntest v0.9.3\n   Compiling bytes v1.10.1 (/home/abezbm/rust-utgen-test-crates-new/bytes)\nwarning: unused import: `ntest::timeout`\n    --> src/bytes.rs:1684:8\n     |\n1684 |    use ntest::timeout;\n     |        ^^^^^^^^^^^^^^\n     |\n     = note: `#[warn(unused_imports)]` on by default\n\nwarning: unused import: `super::*`\n    --> src/bytes_mut.rs:1500:9\n     |\n1500 |     use super::*;\n     |         ^^^^^^^^\n\nwarning: unused variable: `owned`\n    --> src/bytes.rs:1703:9\n     |\n1703 |     let owned: *mut () = &mut test_instance as *mut _ as *mut ();\n     |         ^^^^^ help: if this is intentional, prefix it with an underscore: `_owned`\n     |\n     = note: `#[warn(unused_variables)]` on by default\n\nerror[E0133]: call to unsafe function `bytes::owned_drop_impl` is unsafe and requires unsafe function or block\n    --> src/bytes.rs:1701:5\n     |\n1701 |     owned_drop_impl(owned);\n     |     ^^^^^^^^^^^^^^^^^^^^^^ call to unsafe function\n     |\n     = note: consult the function's documentation for information on how to avoid undefined behavior\n\nFor more information about this error, try `rustc --explain E0133`.\nwarning: `bytes` (lib test) generated 3 warnings\nerror: could not compile `bytes` (lib test) due to 1 previous error; 3 warnings emitted\n"
                },
                {
                  "Err": "   Compiling proc-macro2 v1.0.95\n   Compiling unicode-ident v1.0.18\n   Compiling syn v1.0.109\n   Compiling equivalent v1.0.2\n   Compiling hashbrown v0.15.2\n   Compiling toml_datetime v0.6.8\n   Compiling winnow v0.7.6\n   Compiling serde v1.0.219\n   Compiling indexmap v2.9.0\n   Compiling quote v1.0.40\n   Compiling toml_edit v0.22.24\n   Compiling serde_test v1.0.177\n   Compiling proc-macro-crate v3.3.0\n   Compiling ntest_test_cases v0.9.3\n   Compiling ntest_timeout v0.9.3\n   Compiling ntest v0.9.3\n   Compiling bytes v1.10.1 (/home/abezbm/rust-utgen-test-crates-new/bytes)\nwarning: unused import: `ntest::timeout`\n    --> src/bytes.rs:1684:8\n     |\n1684 |    use ntest::timeout;\n     |        ^^^^^^^^^^^^^^\n     |\n     = note: `#[warn(unused_imports)]` on by default\n\nwarning: unused import: `super::*`\n    --> src/bytes_mut.rs:1500:9\n     |\n1500 |     use super::*;\n     |         ^^^^^^^^\n\nwarning: unused variable: `owned`\n    --> src/bytes.rs:1703:9\n     |\n1703 |     let owned: *mut () = &mut test_instance as *mut _ as *mut ();\n     |         ^^^^^ help: if this is intentional, prefix it with an underscore: `_owned`\n     |\n     = note: `#[warn(unused_variables)]` on by default\n\nerror[E0133]: call to unsafe function `bytes::owned_drop_impl` is unsafe and requires unsafe function or block\n    --> src/bytes.rs:1701:5\n     |\n1701 |     owned_drop_impl(owned);\n     |     ^^^^^^^^^^^^^^^^^^^^^^ call to unsafe function\n     |\n     = note: consult the function's documentation for information on how to avoid undefined behavior\n\nFor more information about this error, try `rustc --explain E0133`.\nwarning: `bytes` (lib test) generated 3 warnings\nerror: could not compile `bytes` (lib test) due to 1 previous error; 3 warnings emitted\n"
                },
                {
                  "Err": "   Compiling proc-macro2 v1.0.95\n   Compiling unicode-ident v1.0.18\n   Compiling hashbrown v0.15.2\n   Compiling equivalent v1.0.2\n   Compiling syn v1.0.109\n   Compiling toml_datetime v0.6.8\n   Compiling winnow v0.7.6\n   Compiling serde v1.0.219\n   Compiling indexmap v2.9.0\n   Compiling quote v1.0.40\n   Compiling toml_edit v0.22.24\n   Compiling serde_test v1.0.177\n   Compiling proc-macro-crate v3.3.0\n   Compiling ntest_test_cases v0.9.3\n   Compiling ntest_timeout v0.9.3\n   Compiling ntest v0.9.3\n   Compiling bytes v1.10.1 (/home/abezbm/rust-utgen-test-crates-new/bytes)\nwarning: unused import: `ntest::timeout`\n    --> src/bytes.rs:1684:8\n     |\n1684 |    use ntest::timeout;\n     |        ^^^^^^^^^^^^^^\n     |\n     = note: `#[warn(unused_imports)]` on by default\n\nwarning: unused import: `super::*`\n    --> src/bytes_mut.rs:1500:9\n     |\n1500 |     use super::*;\n     |         ^^^^^^^^\n\nwarning: unused variable: `owned`\n    --> src/bytes.rs:1703:9\n     |\n1703 |     let owned: *mut () = &mut test_instance as *mut _ as *mut ();\n     |         ^^^^^ help: if this is intentional, prefix it with an underscore: `_owned`\n     |\n     = note: `#[warn(unused_variables)]` on by default\n\nerror[E0133]: call to unsafe function `bytes::owned_drop_impl` is unsafe and requires unsafe function or block\n    --> src/bytes.rs:1701:5\n     |\n1701 |     owned_drop_impl(owned);\n     |     ^^^^^^^^^^^^^^^^^^^^^^ call to unsafe function\n     |\n     = note: consult the function's documentation for information on how to avoid undefined behavior\n\nFor more information about this error, try `rustc --explain E0133`.\nwarning: `bytes` (lib test) generated 3 warnings\nerror: could not compile `bytes` (lib test) due to 1 previous error; 3 warnings emitted\n"
                }
              ],
              "repaired": [
                false,
                false,
                false,
                false
              ]
            },
            {
              "attrs": [],
              "prefix": [
                "{",
                "    struct TestLifetime {",
                "        ref_cnt: AtomicUsize,",
                "        drop: unsafe fn(*mut ()),",
                "    }",
                "",
                "    unsafe fn test_drop(_: *mut ()) {}",
                "",
                "    let mut test_instance = TestLifetime {",
                "        ref_cnt: AtomicUsize::new(4611686018427387901),",
                "        drop: test_drop,",
                "    };",
                "    let owned: *mut () = &mut test_instance as *mut _ as *mut ();",
                "",
                "    owned_drop_impl(owned);",
                "}"
              ],
              "oracles": [
                [
                  "    let lifetime = owned.cast::<OwnedLifetime>();",
                  "    let ref_cnt = &(*lifetime).ref_cnt;",
                  "    let old_cnt = ref_cnt.fetch_sub(1, Ordering::Release);",
                  "    debug_assert!(old_cnt > 0 && old_cnt <= usize::MAX >> 1, \"expected non-zero refcount and no underflow\");",
                  "    assert!(old_cnt == 4611686018427387901);"
                ],
                [
                  "    let lifetime = owned.cast::<OwnedLifetime>();",
                  "    let ref_cnt = &(*lifetime).ref_cnt;",
                  "    let old_cnt = ref_cnt.fetch_sub(1, Ordering::Release);",
                  "    debug_assert!(old_cnt > 0 && old_cnt <= usize::MAX >> 1, \"expected non-zero refcount and no underflow\");",
                  "    assert!(old_cnt <= usize::MAX >> 1);"
                ],
                [
                  "    let lifetime = owned.cast::<OwnedLifetime>();",
                  "    let ref_cnt = &(*lifetime).ref_cnt;",
                  "    let old_cnt = ref_cnt.fetch_sub(1, Ordering::Release);",
                  "    debug_assert!(old_cnt > 0 && old_cnt <= usize::MAX >> 1, \"expected non-zero refcount and no underflow\");",
                  "    assert!(old_cnt != 1);"
                ]
              ],
              "codes": [
                [
                  "{",
                  "    struct TestLifetime {",
                  "        ref_cnt: AtomicUsize,",
                  "        drop: unsafe fn(*mut ()),",
                  "    }",
                  "",
                  "    unsafe fn test_drop(_: *mut ()) {}",
                  "",
                  "    let mut test_instance = TestLifetime {",
                  "        ref_cnt: AtomicUsize::new(4611686018427387901),",
                  "        drop: test_drop,",
                  "    };",
                  "    let owned: *mut () = &mut test_instance as *mut _ as *mut ();",
                  "",
                  "    owned_drop_impl(owned);",
                  "    let lifetime = owned.cast::<OwnedLifetime>();",
                  "    let ref_cnt = &(*lifetime).ref_cnt;",
                  "    let old_cnt = ref_cnt.fetch_sub(1, Ordering::Release);",
                  "    debug_assert!(old_cnt > 0 && old_cnt <= usize::MAX >> 1, \"expected non-zero refcount and no underflow\");",
                  "    assert!(old_cnt == 4611686018427387901);",
                  "}"
                ],
                [
                  "{",
                  "    struct TestLifetime {",
                  "        ref_cnt: AtomicUsize,",
                  "        drop: unsafe fn(*mut ()),",
                  "    }",
                  "",
                  "    unsafe fn test_drop(_: *mut ()) {}",
                  "",
                  "    let mut test_instance = TestLifetime {",
                  "        ref_cnt: AtomicUsize::new(4611686018427387901),",
                  "        drop: test_drop,",
                  "    };",
                  "    let owned: *mut () = &mut test_instance as *mut _ as *mut ();",
                  "",
                  "    owned_drop_impl(owned);",
                  "    let lifetime = owned.cast::<OwnedLifetime>();",
                  "    let ref_cnt = &(*lifetime).ref_cnt;",
                  "    let old_cnt = ref_cnt.fetch_sub(1, Ordering::Release);",
                  "    debug_assert!(old_cnt > 0 && old_cnt <= usize::MAX >> 1, \"expected non-zero refcount and no underflow\");",
                  "    assert!(old_cnt <= usize::MAX >> 1);",
                  "}"
                ],
                [
                  "{",
                  "    struct TestLifetime {",
                  "        ref_cnt: AtomicUsize,",
                  "        drop: unsafe fn(*mut ()),",
                  "    }",
                  "",
                  "    unsafe fn test_drop(_: *mut ()) {}",
                  "",
                  "    let mut test_instance = TestLifetime {",
                  "        ref_cnt: AtomicUsize::new(4611686018427387901),",
                  "        drop: test_drop,",
                  "    };",
                  "    let owned: *mut () = &mut test_instance as *mut _ as *mut ();",
                  "",
                  "    owned_drop_impl(owned);",
                  "    let lifetime = owned.cast::<OwnedLifetime>();",
                  "    let ref_cnt = &(*lifetime).ref_cnt;",
                  "    let old_cnt = ref_cnt.fetch_sub(1, Ordering::Release);",
                  "    debug_assert!(old_cnt > 0 && old_cnt <= usize::MAX >> 1, \"expected non-zero refcount and no underflow\");",
                  "    assert!(old_cnt != 1);",
                  "}"
                ]
              ],
              "can_compile": [
                {
                  "Err": "   Compiling proc-macro2 v1.0.95\n   Compiling unicode-ident v1.0.18\n   Compiling syn v1.0.109\n   Compiling hashbrown v0.15.2\n   Compiling equivalent v1.0.2\n   Compiling toml_datetime v0.6.8\n   Compiling winnow v0.7.6\n   Compiling serde v1.0.219\n   Compiling indexmap v2.9.0\n   Compiling quote v1.0.40\n   Compiling toml_edit v0.22.24\n   Compiling serde_test v1.0.177\n   Compiling proc-macro-crate v3.3.0\n   Compiling ntest_test_cases v0.9.3\n   Compiling ntest_timeout v0.9.3\n   Compiling ntest v0.9.3\n   Compiling bytes v1.10.1 (/home/abezbm/rust-utgen-test-crates-new/bytes)\nwarning: unused import: `ntest::timeout`\n    --> src/bytes.rs:1684:8\n     |\n1684 |    use ntest::timeout;\n     |        ^^^^^^^^^^^^^^\n     |\n     = note: `#[warn(unused_imports)]` on by default\n\nwarning: unused import: `super::*`\n    --> src/bytes_mut.rs:1500:9\n     |\n1500 |     use super::*;\n     |         ^^^^^^^^\n\nerror[E0133]: call to unsafe function `bytes::owned_drop_impl` is unsafe and requires unsafe function or block\n    --> src/bytes.rs:1701:5\n     |\n1701 |     owned_drop_impl(owned);\n     |     ^^^^^^^^^^^^^^^^^^^^^^ call to unsafe function\n     |\n     = note: consult the function's documentation for information on how to avoid undefined behavior\n\nerror[E0133]: dereference of raw pointer is unsafe and requires unsafe function or block\n    --> src/bytes.rs:1703:20\n     |\n1703 |     let ref_cnt = &(*lifetime).ref_cnt;\n     |                    ^^^^^^^^^^^ dereference of raw pointer\n     |\n     = note: raw pointers may be null, dangling or unaligned; they can violate aliasing rules and cause data races: all of these are undefined behavior\n\nFor more information about this error, try `rustc --explain E0133`.\nwarning: `bytes` (lib test) generated 2 warnings\nerror: could not compile `bytes` (lib test) due to 2 previous errors; 2 warnings emitted\n"
                },
                {
                  "Err": "   Compiling proc-macro2 v1.0.95\n   Compiling unicode-ident v1.0.18\n   Compiling hashbrown v0.15.2\n   Compiling equivalent v1.0.2\n   Compiling syn v1.0.109\n   Compiling winnow v0.7.6\n   Compiling toml_datetime v0.6.8\n   Compiling serde v1.0.219\n   Compiling indexmap v2.9.0\n   Compiling quote v1.0.40\n   Compiling toml_edit v0.22.24\n   Compiling serde_test v1.0.177\n   Compiling proc-macro-crate v3.3.0\n   Compiling ntest_test_cases v0.9.3\n   Compiling ntest_timeout v0.9.3\n   Compiling ntest v0.9.3\n   Compiling bytes v1.10.1 (/home/abezbm/rust-utgen-test-crates-new/bytes)\nwarning: unused import: `ntest::timeout`\n    --> src/bytes.rs:1684:8\n     |\n1684 |    use ntest::timeout;\n     |        ^^^^^^^^^^^^^^\n     |\n     = note: `#[warn(unused_imports)]` on by default\n\nwarning: unused import: `super::*`\n    --> src/bytes_mut.rs:1500:9\n     |\n1500 |     use super::*;\n     |         ^^^^^^^^\n\nerror[E0133]: call to unsafe function `bytes::owned_drop_impl` is unsafe and requires unsafe function or block\n    --> src/bytes.rs:1701:5\n     |\n1701 |     owned_drop_impl(owned);\n     |     ^^^^^^^^^^^^^^^^^^^^^^ call to unsafe function\n     |\n     = note: consult the function's documentation for information on how to avoid undefined behavior\n\nerror[E0133]: dereference of raw pointer is unsafe and requires unsafe function or block\n    --> src/bytes.rs:1703:20\n     |\n1703 |     let ref_cnt = &(*lifetime).ref_cnt;\n     |                    ^^^^^^^^^^^ dereference of raw pointer\n     |\n     = note: raw pointers may be null, dangling or unaligned; they can violate aliasing rules and cause data races: all of these are undefined behavior\n\nFor more information about this error, try `rustc --explain E0133`.\nwarning: `bytes` (lib test) generated 2 warnings\nerror: could not compile `bytes` (lib test) due to 2 previous errors; 2 warnings emitted\n"
                },
                {
                  "Err": "   Compiling proc-macro2 v1.0.95\n   Compiling unicode-ident v1.0.18\n   Compiling equivalent v1.0.2\n   Compiling hashbrown v0.15.2\n   Compiling syn v1.0.109\n   Compiling toml_datetime v0.6.8\n   Compiling winnow v0.7.6\n   Compiling serde v1.0.219\n   Compiling indexmap v2.9.0\n   Compiling quote v1.0.40\n   Compiling toml_edit v0.22.24\n   Compiling serde_test v1.0.177\n   Compiling proc-macro-crate v3.3.0\n   Compiling ntest_test_cases v0.9.3\n   Compiling ntest_timeout v0.9.3\n   Compiling ntest v0.9.3\n   Compiling bytes v1.10.1 (/home/abezbm/rust-utgen-test-crates-new/bytes)\nwarning: unused import: `ntest::timeout`\n    --> src/bytes.rs:1684:8\n     |\n1684 |    use ntest::timeout;\n     |        ^^^^^^^^^^^^^^\n     |\n     = note: `#[warn(unused_imports)]` on by default\n\nwarning: unused import: `super::*`\n    --> src/bytes_mut.rs:1500:9\n     |\n1500 |     use super::*;\n     |         ^^^^^^^^\n\nerror[E0133]: call to unsafe function `bytes::owned_drop_impl` is unsafe and requires unsafe function or block\n    --> src/bytes.rs:1701:5\n     |\n1701 |     owned_drop_impl(owned);\n     |     ^^^^^^^^^^^^^^^^^^^^^^ call to unsafe function\n     |\n     = note: consult the function's documentation for information on how to avoid undefined behavior\n\nerror[E0133]: dereference of raw pointer is unsafe and requires unsafe function or block\n    --> src/bytes.rs:1703:20\n     |\n1703 |     let ref_cnt = &(*lifetime).ref_cnt;\n     |                    ^^^^^^^^^^^ dereference of raw pointer\n     |\n     = note: raw pointers may be null, dangling or unaligned; they can violate aliasing rules and cause data races: all of these are undefined behavior\n\nFor more information about this error, try `rustc --explain E0133`.\nwarning: `bytes` (lib test) generated 2 warnings\nerror: could not compile `bytes` (lib test) due to 2 previous errors; 2 warnings emitted\n"
                }
              ],
              "repaired": [
                false,
                false,
                false
              ]
            }
          ]
        }
      ]
    },
    {
      "chain_id": 2,
      "prompt_conds": [
        "// constraint: old_cnt > 0 is true\n",
        "// constraint: old_cnt <= usize::MAX >> 1 is true, with bound old_cnt == usize::MAX >> 1\n",
        "// constraint: old_cnt != 1 is false\n"
      ],
      "input_infer": "1 < old_cnt <= 2^63 - 1\n",
      "answers": [
        {
          "uses": [],
          "has_test_mod": false,
          "common": [],
          "chain_tests": [
            {
              "attrs": [],
              "prefix": [
                "{",
                "    struct TestOwnedLifetime {",
                "        ref_cnt: AtomicUsize,",
                "        drop: unsafe fn(*mut ()),",
                "    }",
                "",
                "    unsafe fn drop_fn(_: *mut ()) {}",
                "",
                "    let owned_lifetime = Box::into_raw(Box::new(TestOwnedLifetime {",
                "        ref_cnt: AtomicUsize::new(usize::MAX >> 1),",
                "        drop: drop_fn,",
                "    }));",
                "",
                "    owned_drop_impl(owned_lifetime as *mut ());",
                "}"
              ],
              "oracles": [
                [
                  "    let owned_lifetime = Box::into_raw(Box::new(TestOwnedLifetime { ref_cnt: AtomicUsize::new(usize::MAX >> 1), drop: drop_fn, }));",
                  "    let old_cnt = owned_lifetime.ref_cnt.fetch_sub(1, Ordering::Release);",
                  "    let is_old_cnt_valid = old_cnt > 0 && old_cnt <= usize::MAX >> 1;",
                  "    assert!(is_old_cnt_valid);"
                ],
                [
                  "    let owned_lifetime = Box::into_raw(Box::new(TestOwnedLifetime { ref_cnt: AtomicUsize::new(usize::MAX >> 1), drop: drop_fn, }));",
                  "    let old_cnt = owned_lifetime.ref_cnt.fetch_sub(1, Ordering::Release);",
                  "    let is_old_cnt_valid = old_cnt > 0 && old_cnt <= usize::MAX >> 1;",
                  "    assert_eq!(old_cnt, 1);"
                ]
              ],
              "codes": [
                [
                  "{",
                  "    struct TestOwnedLifetime {",
                  "        ref_cnt: AtomicUsize,",
                  "        drop: unsafe fn(*mut ()),",
                  "    }",
                  "",
                  "    unsafe fn drop_fn(_: *mut ()) {}",
                  "",
                  "    let owned_lifetime = Box::into_raw(Box::new(TestOwnedLifetime {",
                  "        ref_cnt: AtomicUsize::new(usize::MAX >> 1),",
                  "        drop: drop_fn,",
                  "    }));",
                  "",
                  "    owned_drop_impl(owned_lifetime as *mut ());",
                  "    let owned_lifetime = Box::into_raw(Box::new(TestOwnedLifetime { ref_cnt: AtomicUsize::new(usize::MAX >> 1), drop: drop_fn, }));",
                  "    let old_cnt = owned_lifetime.ref_cnt.fetch_sub(1, Ordering::Release);",
                  "    let is_old_cnt_valid = old_cnt > 0 && old_cnt <= usize::MAX >> 1;",
                  "    assert!(is_old_cnt_valid);",
                  "}"
                ],
                [
                  "{",
                  "    struct TestOwnedLifetime {",
                  "        ref_cnt: AtomicUsize,",
                  "        drop: unsafe fn(*mut ()),",
                  "    }",
                  "",
                  "    unsafe fn drop_fn(_: *mut ()) {}",
                  "",
                  "    let owned_lifetime = Box::into_raw(Box::new(TestOwnedLifetime {",
                  "        ref_cnt: AtomicUsize::new(usize::MAX >> 1),",
                  "        drop: drop_fn,",
                  "    }));",
                  "",
                  "    owned_drop_impl(owned_lifetime as *mut ());",
                  "    let owned_lifetime = Box::into_raw(Box::new(TestOwnedLifetime { ref_cnt: AtomicUsize::new(usize::MAX >> 1), drop: drop_fn, }));",
                  "    let old_cnt = owned_lifetime.ref_cnt.fetch_sub(1, Ordering::Release);",
                  "    let is_old_cnt_valid = old_cnt > 0 && old_cnt <= usize::MAX >> 1;",
                  "    assert_eq!(old_cnt, 1);",
                  "}"
                ]
              ],
              "can_compile": [
                {
                  "Err": "   Compiling proc-macro2 v1.0.95\n   Compiling unicode-ident v1.0.18\n   Compiling hashbrown v0.15.2\n   Compiling equivalent v1.0.2\n   Compiling syn v1.0.109\n   Compiling toml_datetime v0.6.8\n   Compiling winnow v0.7.6\n   Compiling serde v1.0.219\n   Compiling indexmap v2.9.0\n   Compiling quote v1.0.40\n   Compiling toml_edit v0.22.24\n   Compiling serde_test v1.0.177\n   Compiling proc-macro-crate v3.3.0\n   Compiling ntest_test_cases v0.9.3\n   Compiling ntest_timeout v0.9.3\n   Compiling ntest v0.9.3\n   Compiling bytes v1.10.1 (/home/abezbm/rust-utgen-test-crates-new/bytes)\nwarning: unused import: `ntest::timeout`\n    --> src/bytes.rs:1684:8\n     |\n1684 |    use ntest::timeout;\n     |        ^^^^^^^^^^^^^^\n     |\n     = note: `#[warn(unused_imports)]` on by default\n\nwarning: unused import: `super::*`\n    --> src/bytes_mut.rs:1500:9\n     |\n1500 |     use super::*;\n     |         ^^^^^^^^\n\nerror[E0609]: no field `ref_cnt` on type `*mut TestOwnedLifetime`\n    --> src/bytes.rs:1702:34\n     |\n1702 |     let old_cnt = owned_lifetime.ref_cnt.fetch_sub(1, Ordering::Release);\n     |                                  ^^^^^^^ unknown field\n     |\nhelp: `owned_lifetime` is a raw pointer; try dereferencing it\n     |\n1702 |     let old_cnt = (*owned_lifetime).ref_cnt.fetch_sub(1, Ordering::Release);\n     |                   ++              +\n\nFor more information about this error, try `rustc --explain E0609`.\nwarning: `bytes` (lib test) generated 2 warnings\nerror: could not compile `bytes` (lib test) due to 1 previous error; 2 warnings emitted\n"
                },
                {
                  "Err": "   Compiling proc-macro2 v1.0.95\n   Compiling unicode-ident v1.0.18\n   Compiling syn v1.0.109\n   Compiling equivalent v1.0.2\n   Compiling hashbrown v0.15.2\n   Compiling winnow v0.7.6\n   Compiling toml_datetime v0.6.8\n   Compiling serde v1.0.219\n   Compiling indexmap v2.9.0\n   Compiling quote v1.0.40\n   Compiling toml_edit v0.22.24\n   Compiling serde_test v1.0.177\n   Compiling proc-macro-crate v3.3.0\n   Compiling ntest_timeout v0.9.3\n   Compiling ntest_test_cases v0.9.3\n   Compiling ntest v0.9.3\n   Compiling bytes v1.10.1 (/home/abezbm/rust-utgen-test-crates-new/bytes)\nwarning: unused import: `ntest::timeout`\n    --> src/bytes.rs:1684:8\n     |\n1684 |    use ntest::timeout;\n     |        ^^^^^^^^^^^^^^\n     |\n     = note: `#[warn(unused_imports)]` on by default\n\nwarning: unused import: `super::*`\n    --> src/bytes_mut.rs:1500:9\n     |\n1500 |     use super::*;\n     |         ^^^^^^^^\n\nerror[E0609]: no field `ref_cnt` on type `*mut TestOwnedLifetime`\n    --> src/bytes.rs:1702:34\n     |\n1702 |     let old_cnt = owned_lifetime.ref_cnt.fetch_sub(1, Ordering::Release);\n     |                                  ^^^^^^^ unknown field\n     |\nhelp: `owned_lifetime` is a raw pointer; try dereferencing it\n     |\n1702 |     let old_cnt = (*owned_lifetime).ref_cnt.fetch_sub(1, Ordering::Release);\n     |                   ++              +\n\nFor more information about this error, try `rustc --explain E0609`.\nwarning: `bytes` (lib test) generated 2 warnings\nerror: could not compile `bytes` (lib test) due to 1 previous error; 2 warnings emitted\n"
                }
              ],
              "repaired": [
                false,
                false
              ]
            },
            {
              "attrs": [],
              "prefix": [
                "{",
                "    struct TestOwnedLifetime {",
                "        ref_cnt: AtomicUsize,",
                "        drop: unsafe fn(*mut ()),",
                "    }",
                "",
                "    unsafe fn drop_fn(_: *mut ()) {}",
                "",
                "    let owned_lifetime = Box::into_raw(Box::new(TestOwnedLifetime {",
                "        ref_cnt: AtomicUsize::new(2),",
                "        drop: drop_fn,",
                "    }));",
                "",
                "    owned_drop_impl(owned_lifetime as *mut ());",
                "}"
              ],
              "oracles": [
                [
                  "    let owned_lifetime = Box::into_raw(Box::new(TestOwnedLifetime {",
                  "    ref_cnt: AtomicUsize::new(2),",
                  "    drop: drop_fn,",
                  "    }));",
                  "    assert_eq!(owned_lifetime.is_null(), false);"
                ],
                [
                  "    let owned_lifetime = Box::into_raw(Box::new(TestOwnedLifetime {",
                  "    ref_cnt: AtomicUsize::new(2),",
                  "    drop: drop_fn,",
                  "    }));",
                  "    let ref_cnt = &(*owned_lifetime).ref_cnt;",
                  "    assert_eq!(ref_cnt.load(Ordering::SeqCst), 2);"
                ],
                [
                  "    let owned_lifetime = Box::into_raw(Box::new(TestOwnedLifetime {",
                  "    ref_cnt: AtomicUsize::new(2),",
                  "    drop: drop_fn,",
                  "    }));",
                  "    let ref_cnt = &(*owned_lifetime).ref_cnt;",
                  "    assert!(unsafe { owned_drop_impl(owned_lifetime as *mut ()) }.is_none());"
                ]
              ],
              "codes": [
                [
                  "{",
                  "    struct TestOwnedLifetime {",
                  "        ref_cnt: AtomicUsize,",
                  "        drop: unsafe fn(*mut ()),",
                  "    }",
                  "",
                  "    unsafe fn drop_fn(_: *mut ()) {}",
                  "",
                  "    let owned_lifetime = Box::into_raw(Box::new(TestOwnedLifetime {",
                  "        ref_cnt: AtomicUsize::new(2),",
                  "        drop: drop_fn,",
                  "    }));",
                  "",
                  "    owned_drop_impl(owned_lifetime as *mut ());",
                  "    let owned_lifetime = Box::into_raw(Box::new(TestOwnedLifetime {",
                  "    ref_cnt: AtomicUsize::new(2),",
                  "    drop: drop_fn,",
                  "    }));",
                  "    assert_eq!(owned_lifetime.is_null(), false);",
                  "}"
                ],
                [
                  "{",
                  "    struct TestOwnedLifetime {",
                  "        ref_cnt: AtomicUsize,",
                  "        drop: unsafe fn(*mut ()),",
                  "    }",
                  "",
                  "    unsafe fn drop_fn(_: *mut ()) {}",
                  "",
                  "    let owned_lifetime = Box::into_raw(Box::new(TestOwnedLifetime {",
                  "        ref_cnt: AtomicUsize::new(2),",
                  "        drop: drop_fn,",
                  "    }));",
                  "",
                  "    owned_drop_impl(owned_lifetime as *mut ());",
                  "    let owned_lifetime = Box::into_raw(Box::new(TestOwnedLifetime {",
                  "    ref_cnt: AtomicUsize::new(2),",
                  "    drop: drop_fn,",
                  "    }));",
                  "    let ref_cnt = &(*owned_lifetime).ref_cnt;",
                  "    assert_eq!(ref_cnt.load(Ordering::SeqCst), 2);",
                  "}"
                ],
                [
                  "{",
                  "    struct TestOwnedLifetime {",
                  "        ref_cnt: AtomicUsize,",
                  "        drop: unsafe fn(*mut ()),",
                  "    }",
                  "",
                  "    unsafe fn drop_fn(_: *mut ()) {}",
                  "",
                  "    let owned_lifetime = Box::into_raw(Box::new(TestOwnedLifetime {",
                  "        ref_cnt: AtomicUsize::new(2),",
                  "        drop: drop_fn,",
                  "    }));",
                  "",
                  "    owned_drop_impl(owned_lifetime as *mut ());",
                  "    let owned_lifetime = Box::into_raw(Box::new(TestOwnedLifetime {",
                  "    ref_cnt: AtomicUsize::new(2),",
                  "    drop: drop_fn,",
                  "    }));",
                  "    let ref_cnt = &(*owned_lifetime).ref_cnt;",
                  "    assert!(unsafe { owned_drop_impl(owned_lifetime as *mut ()) }.is_none());",
                  "}"
                ]
              ],
              "can_compile": [
                {
                  "Err": "    Blocking waiting for file lock on package cache\n   Compiling proc-macro2 v1.0.95\n   Compiling unicode-ident v1.0.18\n   Compiling hashbrown v0.15.2\n   Compiling syn v1.0.109\n   Compiling equivalent v1.0.2\n   Compiling toml_datetime v0.6.8\n   Compiling winnow v0.7.6\n   Compiling serde v1.0.219\n   Compiling indexmap v2.9.0\n   Compiling quote v1.0.40\n   Compiling toml_edit v0.22.24\n   Compiling serde_test v1.0.177\n   Compiling proc-macro-crate v3.3.0\n   Compiling ntest_test_cases v0.9.3\n   Compiling ntest_timeout v0.9.3\n   Compiling ntest v0.9.3\n   Compiling bytes v1.10.1 (/home/abezbm/rust-utgen-test-crates-new/bytes)\nwarning: unused import: `ntest::timeout`\n    --> src/bytes.rs:1684:8\n     |\n1684 |    use ntest::timeout;\n     |        ^^^^^^^^^^^^^^\n     |\n     = note: `#[warn(unused_imports)]` on by default\n\nwarning: unused import: `super::*`\n    --> src/bytes_mut.rs:1500:9\n     |\n1500 |     use super::*;\n     |         ^^^^^^^^\n\nerror[E0133]: call to unsafe function `bytes::owned_drop_impl` is unsafe and requires unsafe function or block\n    --> src/bytes.rs:1700:5\n     |\n1700 |     owned_drop_impl(owned_lifetime as *mut ());\n     |     ^^^^^^^^^^^^^^^^^^^^^^^^^^^^^^^^^^^^^^^^^^ call to unsafe function\n     |\n     = note: consult the function's documentation for information on how to avoid undefined behavior\n\nFor more information about this error, try `rustc --explain E0133`.\nwarning: `bytes` (lib test) generated 2 warnings\nerror: could not compile `bytes` (lib test) due to 1 previous error; 2 warnings emitted\n"
                },
                {
                  "Err": "   Compiling proc-macro2 v1.0.95\n   Compiling unicode-ident v1.0.18\n   Compiling syn v1.0.109\n   Compiling hashbrown v0.15.2\n   Compiling equivalent v1.0.2\n   Compiling winnow v0.7.6\n   Compiling toml_datetime v0.6.8\n   Compiling serde v1.0.219\n   Compiling indexmap v2.9.0\n   Compiling quote v1.0.40\n   Compiling toml_edit v0.22.24\n   Compiling serde_test v1.0.177\n   Compiling proc-macro-crate v3.3.0\n   Compiling ntest_test_cases v0.9.3\n   Compiling ntest_timeout v0.9.3\n   Compiling ntest v0.9.3\n   Compiling bytes v1.10.1 (/home/abezbm/rust-utgen-test-crates-new/bytes)\nwarning: unused import: `ntest::timeout`\n    --> src/bytes.rs:1684:8\n     |\n1684 |    use ntest::timeout;\n     |        ^^^^^^^^^^^^^^\n     |\n     = note: `#[warn(unused_imports)]` on by default\n\nwarning: unused import: `super::*`\n    --> src/bytes_mut.rs:1500:9\n     |\n1500 |     use super::*;\n     |         ^^^^^^^^\n\nerror[E0133]: call to unsafe function `bytes::owned_drop_impl` is unsafe and requires unsafe function or block\n    --> src/bytes.rs:1700:5\n     |\n1700 |     owned_drop_impl(owned_lifetime as *mut ());\n     |     ^^^^^^^^^^^^^^^^^^^^^^^^^^^^^^^^^^^^^^^^^^ call to unsafe function\n     |\n     = note: consult the function's documentation for information on how to avoid undefined behavior\n\nerror[E0133]: dereference of raw pointer is unsafe and requires unsafe function or block\n    --> src/bytes.rs:1705:20\n     |\n1705 |     let ref_cnt = &(*owned_lifetime).ref_cnt;\n     |                    ^^^^^^^^^^^^^^^^^ dereference of raw pointer\n     |\n     = note: raw pointers may be null, dangling or unaligned; they can violate aliasing rules and cause data races: all of these are undefined behavior\n\nFor more information about this error, try `rustc --explain E0133`.\nwarning: `bytes` (lib test) generated 2 warnings\nerror: could not compile `bytes` (lib test) due to 2 previous errors; 2 warnings emitted\n"
                },
                {
                  "Err": "   Compiling proc-macro2 v1.0.95\n   Compiling unicode-ident v1.0.18\n   Compiling equivalent v1.0.2\n   Compiling hashbrown v0.15.2\n   Compiling syn v1.0.109\n   Compiling winnow v0.7.6\n   Compiling toml_datetime v0.6.8\n   Compiling serde v1.0.219\n   Compiling indexmap v2.9.0\n   Compiling quote v1.0.40\n   Compiling toml_edit v0.22.24\n   Compiling serde_test v1.0.177\n   Compiling proc-macro-crate v3.3.0\n   Compiling ntest_test_cases v0.9.3\n   Compiling ntest_timeout v0.9.3\n   Compiling ntest v0.9.3\n   Compiling bytes v1.10.1 (/home/abezbm/rust-utgen-test-crates-new/bytes)\nwarning: unused import: `ntest::timeout`\n    --> src/bytes.rs:1684:8\n     |\n1684 |    use ntest::timeout;\n     |        ^^^^^^^^^^^^^^\n     |\n     = note: `#[warn(unused_imports)]` on by default\n\nwarning: unused import: `super::*`\n    --> src/bytes_mut.rs:1500:9\n     |\n1500 |     use super::*;\n     |         ^^^^^^^^\n\nerror[E0599]: no method named `is_none` found for unit type `()` in the current scope\n    --> src/bytes.rs:1706:67\n     |\n1706 |     assert!(unsafe { owned_drop_impl(owned_lifetime as *mut ()) }.is_none());\n     |                                                                   ^^^^^^^ method not found in `()`\n\nFor more information about this error, try `rustc --explain E0599`.\nwarning: `bytes` (lib test) generated 2 warnings\nerror: could not compile `bytes` (lib test) due to 1 previous error; 2 warnings emitted\n"
                }
              ],
              "repaired": [
                false,
                false,
                false
              ]
            },
            {
              "attrs": [
                "#[should_panic]"
              ],
              "prefix": [
                "{",
                "    struct TestOwnedLifetime {",
                "        ref_cnt: AtomicUsize,",
                "        drop: unsafe fn(*mut ()),",
                "    }",
                "",
                "    unsafe fn drop_fn(_: *mut ()) {}",
                "",
                "    let owned_lifetime = Box::into_raw(Box::new(TestOwnedLifetime {",
                "        ref_cnt: AtomicUsize::new(0),",
                "        drop: drop_fn,",
                "    }));",
                "",
                "    owned_drop_impl(owned_lifetime as *mut ());",
                "}"
              ],
              "oracles": [
                [
                  "    let owned_lifetime = Box::into_raw(Box::new(TestOwnedLifetime { ref_cnt: AtomicUsize::new(1), drop: drop_fn }));",
                  "    let ref_cnt = &(*owned_lifetime).ref_cnt;",
                  "    let old_cnt = ref_cnt.fetch_sub(1, Ordering::Release);",
                  "    assert!(old_cnt > 0, \"expected non-zero refcount and no underflow\");"
                ],
                [
                  "    let owned_lifetime = Box::into_raw(Box::new(TestOwnedLifetime { ref_cnt: AtomicUsize::new(1), drop: drop_fn }));",
                  "    let ref_cnt = &(*owned_lifetime).ref_cnt;",
                  "    let old_cnt = ref_cnt.fetch_sub(1, Ordering::Release);",
                  "    assert!(old_cnt <= usize::MAX >> 1, \"expected non-overflow\");"
                ],
                [
                  "    let owned_lifetime = Box::into_raw(Box::new(TestOwnedLifetime { ref_cnt: AtomicUsize::new(1), drop: drop_fn }));",
                  "    let ref_cnt = &(*owned_lifetime).ref_cnt;",
                  "    let old_cnt = ref_cnt.fetch_sub(1, Ordering::Release);",
                  "    assert_eq!(old_cnt, 1, \"expected old_count not to equal one\");"
                ]
              ],
              "codes": [
                [
                  "{",
                  "    struct TestOwnedLifetime {",
                  "        ref_cnt: AtomicUsize,",
                  "        drop: unsafe fn(*mut ()),",
                  "    }",
                  "",
                  "    unsafe fn drop_fn(_: *mut ()) {}",
                  "",
                  "    let owned_lifetime = Box::into_raw(Box::new(TestOwnedLifetime {",
                  "        ref_cnt: AtomicUsize::new(0),",
                  "        drop: drop_fn,",
                  "    }));",
                  "",
                  "    owned_drop_impl(owned_lifetime as *mut ());",
                  "    let owned_lifetime = Box::into_raw(Box::new(TestOwnedLifetime { ref_cnt: AtomicUsize::new(1), drop: drop_fn }));",
                  "    let ref_cnt = &(*owned_lifetime).ref_cnt;",
                  "    let old_cnt = ref_cnt.fetch_sub(1, Ordering::Release);",
                  "    assert!(old_cnt > 0, \"expected non-zero refcount and no underflow\");",
                  "}"
                ],
                [
                  "{",
                  "    struct TestOwnedLifetime {",
                  "        ref_cnt: AtomicUsize,",
                  "        drop: unsafe fn(*mut ()),",
                  "    }",
                  "",
                  "    unsafe fn drop_fn(_: *mut ()) {}",
                  "",
                  "    let owned_lifetime = Box::into_raw(Box::new(TestOwnedLifetime {",
                  "        ref_cnt: AtomicUsize::new(0),",
                  "        drop: drop_fn,",
                  "    }));",
                  "",
                  "    owned_drop_impl(owned_lifetime as *mut ());",
                  "    let owned_lifetime = Box::into_raw(Box::new(TestOwnedLifetime { ref_cnt: AtomicUsize::new(1), drop: drop_fn }));",
                  "    let ref_cnt = &(*owned_lifetime).ref_cnt;",
                  "    let old_cnt = ref_cnt.fetch_sub(1, Ordering::Release);",
                  "    assert!(old_cnt <= usize::MAX >> 1, \"expected non-overflow\");",
                  "}"
                ],
                [
                  "{",
                  "    struct TestOwnedLifetime {",
                  "        ref_cnt: AtomicUsize,",
                  "        drop: unsafe fn(*mut ()),",
                  "    }",
                  "",
                  "    unsafe fn drop_fn(_: *mut ()) {}",
                  "",
                  "    let owned_lifetime = Box::into_raw(Box::new(TestOwnedLifetime {",
                  "        ref_cnt: AtomicUsize::new(0),",
                  "        drop: drop_fn,",
                  "    }));",
                  "",
                  "    owned_drop_impl(owned_lifetime as *mut ());",
                  "    let owned_lifetime = Box::into_raw(Box::new(TestOwnedLifetime { ref_cnt: AtomicUsize::new(1), drop: drop_fn }));",
                  "    let ref_cnt = &(*owned_lifetime).ref_cnt;",
                  "    let old_cnt = ref_cnt.fetch_sub(1, Ordering::Release);",
                  "    assert_eq!(old_cnt, 1, \"expected old_count not to equal one\");",
                  "}"
                ]
              ],
              "can_compile": [
                {
                  "Err": "   Compiling proc-macro2 v1.0.95\n   Compiling unicode-ident v1.0.18\n   Compiling syn v1.0.109\n   Compiling hashbrown v0.15.2\n   Compiling equivalent v1.0.2\n   Compiling winnow v0.7.6\n   Compiling toml_datetime v0.6.8\n   Compiling serde v1.0.219\n   Compiling indexmap v2.9.0\n   Compiling quote v1.0.40\n   Compiling toml_edit v0.22.24\n   Compiling serde_test v1.0.177\n   Compiling proc-macro-crate v3.3.0\n   Compiling ntest_test_cases v0.9.3\n   Compiling ntest_timeout v0.9.3\n   Compiling ntest v0.9.3\n   Compiling bytes v1.10.1 (/home/abezbm/rust-utgen-test-crates-new/bytes)\nwarning: unused import: `ntest::timeout`\n    --> src/bytes.rs:1684:8\n     |\n1684 |    use ntest::timeout;\n     |        ^^^^^^^^^^^^^^\n     |\n     = note: `#[warn(unused_imports)]` on by default\n\nwarning: unused import: `super::*`\n    --> src/bytes_mut.rs:1500:9\n     |\n1500 |     use super::*;\n     |         ^^^^^^^^\n\nerror[E0133]: call to unsafe function `bytes::owned_drop_impl` is unsafe and requires unsafe function or block\n    --> src/bytes.rs:1701:5\n     |\n1701 |     owned_drop_impl(owned_lifetime as *mut ());\n     |     ^^^^^^^^^^^^^^^^^^^^^^^^^^^^^^^^^^^^^^^^^^ call to unsafe function\n     |\n     = note: consult the function's documentation for information on how to avoid undefined behavior\n\nerror[E0133]: dereference of raw pointer is unsafe and requires unsafe function or block\n    --> src/bytes.rs:1703:20\n     |\n1703 |     let ref_cnt = &(*owned_lifetime).ref_cnt;\n     |                    ^^^^^^^^^^^^^^^^^ dereference of raw pointer\n     |\n     = note: raw pointers may be null, dangling or unaligned; they can violate aliasing rules and cause data races: all of these are undefined behavior\n\nFor more information about this error, try `rustc --explain E0133`.\nwarning: `bytes` (lib test) generated 2 warnings\nerror: could not compile `bytes` (lib test) due to 2 previous errors; 2 warnings emitted\n"
                },
                {
                  "Err": "   Compiling proc-macro2 v1.0.95\n   Compiling unicode-ident v1.0.18\n   Compiling hashbrown v0.15.2\n   Compiling equivalent v1.0.2\n   Compiling syn v1.0.109\n   Compiling winnow v0.7.6\n   Compiling toml_datetime v0.6.8\n   Compiling serde v1.0.219\n   Compiling indexmap v2.9.0\n   Compiling quote v1.0.40\n   Compiling toml_edit v0.22.24\n   Compiling serde_test v1.0.177\n   Compiling proc-macro-crate v3.3.0\n   Compiling ntest_test_cases v0.9.3\n   Compiling ntest_timeout v0.9.3\n   Compiling ntest v0.9.3\n   Compiling bytes v1.10.1 (/home/abezbm/rust-utgen-test-crates-new/bytes)\nwarning: unused import: `ntest::timeout`\n    --> src/bytes.rs:1684:8\n     |\n1684 |    use ntest::timeout;\n     |        ^^^^^^^^^^^^^^\n     |\n     = note: `#[warn(unused_imports)]` on by default\n\nwarning: unused import: `super::*`\n    --> src/bytes_mut.rs:1500:9\n     |\n1500 |     use super::*;\n     |         ^^^^^^^^\n\nerror[E0133]: call to unsafe function `bytes::owned_drop_impl` is unsafe and requires unsafe function or block\n    --> src/bytes.rs:1701:5\n     |\n1701 |     owned_drop_impl(owned_lifetime as *mut ());\n     |     ^^^^^^^^^^^^^^^^^^^^^^^^^^^^^^^^^^^^^^^^^^ call to unsafe function\n     |\n     = note: consult the function's documentation for information on how to avoid undefined behavior\n\nerror[E0133]: dereference of raw pointer is unsafe and requires unsafe function or block\n    --> src/bytes.rs:1703:20\n     |\n1703 |     let ref_cnt = &(*owned_lifetime).ref_cnt;\n     |                    ^^^^^^^^^^^^^^^^^ dereference of raw pointer\n     |\n     = note: raw pointers may be null, dangling or unaligned; they can violate aliasing rules and cause data races: all of these are undefined behavior\n\nFor more information about this error, try `rustc --explain E0133`.\nwarning: `bytes` (lib test) generated 2 warnings\nerror: could not compile `bytes` (lib test) due to 2 previous errors; 2 warnings emitted\n"
                },
                {
                  "Err": "   Compiling proc-macro2 v1.0.95\n   Compiling unicode-ident v1.0.18\n   Compiling syn v1.0.109\n   Compiling hashbrown v0.15.2\n   Compiling equivalent v1.0.2\n   Compiling toml_datetime v0.6.8\n   Compiling winnow v0.7.6\n   Compiling serde v1.0.219\n   Compiling indexmap v2.9.0\n   Compiling quote v1.0.40\n   Compiling toml_edit v0.22.24\n   Compiling serde_test v1.0.177\n   Compiling proc-macro-crate v3.3.0\n   Compiling ntest_test_cases v0.9.3\n   Compiling ntest_timeout v0.9.3\n   Compiling ntest v0.9.3\n   Compiling bytes v1.10.1 (/home/abezbm/rust-utgen-test-crates-new/bytes)\nwarning: unused import: `ntest::timeout`\n    --> src/bytes.rs:1684:8\n     |\n1684 |    use ntest::timeout;\n     |        ^^^^^^^^^^^^^^\n     |\n     = note: `#[warn(unused_imports)]` on by default\n\nwarning: unused import: `super::*`\n    --> src/bytes_mut.rs:1500:9\n     |\n1500 |     use super::*;\n     |         ^^^^^^^^\n\nerror[E0133]: call to unsafe function `bytes::owned_drop_impl` is unsafe and requires unsafe function or block\n    --> src/bytes.rs:1701:5\n     |\n1701 |     owned_drop_impl(owned_lifetime as *mut ());\n     |     ^^^^^^^^^^^^^^^^^^^^^^^^^^^^^^^^^^^^^^^^^^ call to unsafe function\n     |\n     = note: consult the function's documentation for information on how to avoid undefined behavior\n\nerror[E0133]: dereference of raw pointer is unsafe and requires unsafe function or block\n    --> src/bytes.rs:1703:20\n     |\n1703 |     let ref_cnt = &(*owned_lifetime).ref_cnt;\n     |                    ^^^^^^^^^^^^^^^^^ dereference of raw pointer\n     |\n     = note: raw pointers may be null, dangling or unaligned; they can violate aliasing rules and cause data races: all of these are undefined behavior\n\nFor more information about this error, try `rustc --explain E0133`.\nwarning: `bytes` (lib test) generated 2 warnings\nerror: could not compile `bytes` (lib test) due to 2 previous errors; 2 warnings emitted\n"
                }
              ],
              "repaired": [
                false,
                false,
                false
              ]
            },
            {
              "attrs": [],
              "prefix": [
                "{",
                "    struct TestOwnedLifetime {",
                "        ref_cnt: AtomicUsize,",
                "        drop: unsafe fn(*mut ()),",
                "    }",
                "",
                "    unsafe fn drop_fn(_: *mut ()) {}",
                "",
                "    let owned_lifetime = Box::into_raw(Box::new(TestOwnedLifetime {",
                "        ref_cnt: AtomicUsize::new(1),",
                "        drop: drop_fn,",
                "    }));",
                "",
                "    owned_drop_impl(owned_lifetime as *mut ());",
                "}"
              ],
              "oracles": [
                [
                  "    let owned_lifetime = Box::into_raw(Box::new(TestOwnedLifetime {",
                  "    ref_cnt: AtomicUsize::new(1),",
                  "    drop: drop_fn,",
                  "    }));",
                  "    let old_cnt = owned_lifetime.ref_cnt.fetch_sub(1, Ordering::Release);",
                  "    assert!(old_cnt > 0, \"expected non-zero refcount and no underflow\");"
                ],
                [
                  "    let owned_lifetime = Box::into_raw(Box::new(TestOwnedLifetime {",
                  "    ref_cnt: AtomicUsize::new(1),",
                  "    drop: drop_fn,",
                  "    }));",
                  "    let old_cnt = owned_lifetime.ref_cnt.fetch_sub(1, Ordering::Release);",
                  "    assert!(old_cnt <= usize::MAX >> 1, \"expected old_cnt to be less than or equal to usize::MAX >> 1\");"
                ],
                [
                  "    let owned_lifetime = Box::into_raw(Box::new(TestOwnedLifetime {",
                  "    ref_cnt: AtomicUsize::new(1),",
                  "    drop: drop_fn,",
                  "    }));",
                  "    let old_cnt = owned_lifetime.ref_cnt.fetch_sub(1, Ordering::Release);",
                  "    assert_eq!(old_cnt, 1, \"expected old_cnt to be 1\");"
                ]
              ],
              "codes": [
                [
                  "{",
                  "    struct TestOwnedLifetime {",
                  "        ref_cnt: AtomicUsize,",
                  "        drop: unsafe fn(*mut ()),",
                  "    }",
                  "",
                  "    unsafe fn drop_fn(_: *mut ()) {}",
                  "",
                  "    let owned_lifetime = Box::into_raw(Box::new(TestOwnedLifetime {",
                  "        ref_cnt: AtomicUsize::new(1),",
                  "        drop: drop_fn,",
                  "    }));",
                  "",
                  "    owned_drop_impl(owned_lifetime as *mut ());",
                  "    let owned_lifetime = Box::into_raw(Box::new(TestOwnedLifetime {",
                  "    ref_cnt: AtomicUsize::new(1),",
                  "    drop: drop_fn,",
                  "    }));",
                  "    let old_cnt = owned_lifetime.ref_cnt.fetch_sub(1, Ordering::Release);",
                  "    assert!(old_cnt > 0, \"expected non-zero refcount and no underflow\");",
                  "}"
                ],
                [
                  "{",
                  "    struct TestOwnedLifetime {",
                  "        ref_cnt: AtomicUsize,",
                  "        drop: unsafe fn(*mut ()),",
                  "    }",
                  "",
                  "    unsafe fn drop_fn(_: *mut ()) {}",
                  "",
                  "    let owned_lifetime = Box::into_raw(Box::new(TestOwnedLifetime {",
                  "        ref_cnt: AtomicUsize::new(1),",
                  "        drop: drop_fn,",
                  "    }));",
                  "",
                  "    owned_drop_impl(owned_lifetime as *mut ());",
                  "    let owned_lifetime = Box::into_raw(Box::new(TestOwnedLifetime {",
                  "    ref_cnt: AtomicUsize::new(1),",
                  "    drop: drop_fn,",
                  "    }));",
                  "    let old_cnt = owned_lifetime.ref_cnt.fetch_sub(1, Ordering::Release);",
                  "    assert!(old_cnt <= usize::MAX >> 1, \"expected old_cnt to be less than or equal to usize::MAX >> 1\");",
                  "}"
                ],
                [
                  "{",
                  "    struct TestOwnedLifetime {",
                  "        ref_cnt: AtomicUsize,",
                  "        drop: unsafe fn(*mut ()),",
                  "    }",
                  "",
                  "    unsafe fn drop_fn(_: *mut ()) {}",
                  "",
                  "    let owned_lifetime = Box::into_raw(Box::new(TestOwnedLifetime {",
                  "        ref_cnt: AtomicUsize::new(1),",
                  "        drop: drop_fn,",
                  "    }));",
                  "",
                  "    owned_drop_impl(owned_lifetime as *mut ());",
                  "    let owned_lifetime = Box::into_raw(Box::new(TestOwnedLifetime {",
                  "    ref_cnt: AtomicUsize::new(1),",
                  "    drop: drop_fn,",
                  "    }));",
                  "    let old_cnt = owned_lifetime.ref_cnt.fetch_sub(1, Ordering::Release);",
                  "    assert_eq!(old_cnt, 1, \"expected old_cnt to be 1\");",
                  "}"
                ]
              ],
              "can_compile": [
                {
                  "Err": "   Compiling proc-macro2 v1.0.95\n   Compiling unicode-ident v1.0.18\n   Compiling syn v1.0.109\n   Compiling hashbrown v0.15.2\n   Compiling equivalent v1.0.2\n   Compiling winnow v0.7.6\n   Compiling toml_datetime v0.6.8\n   Compiling serde v1.0.219\n   Compiling indexmap v2.9.0\n   Compiling quote v1.0.40\n   Compiling toml_edit v0.22.24\n   Compiling serde_test v1.0.177\n   Compiling proc-macro-crate v3.3.0\n   Compiling ntest_test_cases v0.9.3\n   Compiling ntest_timeout v0.9.3\n   Compiling ntest v0.9.3\n   Compiling bytes v1.10.1 (/home/abezbm/rust-utgen-test-crates-new/bytes)\nwarning: unused import: `ntest::timeout`\n    --> src/bytes.rs:1684:8\n     |\n1684 |    use ntest::timeout;\n     |        ^^^^^^^^^^^^^^\n     |\n     = note: `#[warn(unused_imports)]` on by default\n\nwarning: unused import: `super::*`\n    --> src/bytes_mut.rs:1500:9\n     |\n1500 |     use super::*;\n     |         ^^^^^^^^\n\nerror[E0609]: no field `ref_cnt` on type `*mut TestOwnedLifetime`\n    --> src/bytes.rs:1705:34\n     |\n1705 |     let old_cnt = owned_lifetime.ref_cnt.fetch_sub(1, Ordering::Release);\n     |                                  ^^^^^^^ unknown field\n     |\nhelp: `owned_lifetime` is a raw pointer; try dereferencing it\n     |\n1705 |     let old_cnt = (*owned_lifetime).ref_cnt.fetch_sub(1, Ordering::Release);\n     |                   ++              +\n\nFor more information about this error, try `rustc --explain E0609`.\nwarning: `bytes` (lib test) generated 2 warnings\nerror: could not compile `bytes` (lib test) due to 1 previous error; 2 warnings emitted\n"
                },
                {
                  "Err": "   Compiling proc-macro2 v1.0.95\n   Compiling unicode-ident v1.0.18\n   Compiling syn v1.0.109\n   Compiling equivalent v1.0.2\n   Compiling hashbrown v0.15.2\n   Compiling winnow v0.7.6\n   Compiling toml_datetime v0.6.8\n   Compiling serde v1.0.219\n   Compiling indexmap v2.9.0\n   Compiling quote v1.0.40\n   Compiling toml_edit v0.22.24\n   Compiling serde_test v1.0.177\n   Compiling proc-macro-crate v3.3.0\n   Compiling ntest_test_cases v0.9.3\n   Compiling ntest_timeout v0.9.3\n   Compiling ntest v0.9.3\n   Compiling bytes v1.10.1 (/home/abezbm/rust-utgen-test-crates-new/bytes)\nwarning: unused import: `ntest::timeout`\n    --> src/bytes.rs:1684:8\n     |\n1684 |    use ntest::timeout;\n     |        ^^^^^^^^^^^^^^\n     |\n     = note: `#[warn(unused_imports)]` on by default\n\nwarning: unused import: `super::*`\n    --> src/bytes_mut.rs:1500:9\n     |\n1500 |     use super::*;\n     |         ^^^^^^^^\n\nerror[E0609]: no field `ref_cnt` on type `*mut TestOwnedLifetime`\n    --> src/bytes.rs:1705:34\n     |\n1705 |     let old_cnt = owned_lifetime.ref_cnt.fetch_sub(1, Ordering::Release);\n     |                                  ^^^^^^^ unknown field\n     |\nhelp: `owned_lifetime` is a raw pointer; try dereferencing it\n     |\n1705 |     let old_cnt = (*owned_lifetime).ref_cnt.fetch_sub(1, Ordering::Release);\n     |                   ++              +\n\nFor more information about this error, try `rustc --explain E0609`.\nwarning: `bytes` (lib test) generated 2 warnings\nerror: could not compile `bytes` (lib test) due to 1 previous error; 2 warnings emitted\n"
                },
                {
                  "Err": "   Compiling proc-macro2 v1.0.95\n   Compiling unicode-ident v1.0.18\n   Compiling hashbrown v0.15.2\n   Compiling syn v1.0.109\n   Compiling equivalent v1.0.2\n   Compiling winnow v0.7.6\n   Compiling toml_datetime v0.6.8\n   Compiling serde v1.0.219\n   Compiling indexmap v2.9.0\n   Compiling quote v1.0.40\n   Compiling toml_edit v0.22.24\n   Compiling serde_test v1.0.177\n   Compiling proc-macro-crate v3.3.0\n   Compiling ntest_test_cases v0.9.3\n   Compiling ntest_timeout v0.9.3\n   Compiling ntest v0.9.3\n   Compiling bytes v1.10.1 (/home/abezbm/rust-utgen-test-crates-new/bytes)\nwarning: unused import: `ntest::timeout`\n    --> src/bytes.rs:1684:8\n     |\n1684 |    use ntest::timeout;\n     |        ^^^^^^^^^^^^^^\n     |\n     = note: `#[warn(unused_imports)]` on by default\n\nwarning: unused import: `super::*`\n    --> src/bytes_mut.rs:1500:9\n     |\n1500 |     use super::*;\n     |         ^^^^^^^^\n\nerror[E0609]: no field `ref_cnt` on type `*mut TestOwnedLifetime`\n    --> src/bytes.rs:1705:34\n     |\n1705 |     let old_cnt = owned_lifetime.ref_cnt.fetch_sub(1, Ordering::Release);\n     |                                  ^^^^^^^ unknown field\n     |\nhelp: `owned_lifetime` is a raw pointer; try dereferencing it\n     |\n1705 |     let old_cnt = (*owned_lifetime).ref_cnt.fetch_sub(1, Ordering::Release);\n     |                   ++              +\n\nFor more information about this error, try `rustc --explain E0609`.\nwarning: `bytes` (lib test) generated 2 warnings\nerror: could not compile `bytes` (lib test) due to 1 previous error; 2 warnings emitted\n"
                }
              ],
              "repaired": [
                false,
                false,
                false
              ]
            }
          ]
        }
      ]
    },
    {
      "chain_id": 3,
      "prompt_conds": [
        "// constraint: old_cnt > 0 is true\n",
        "// constraint: old_cnt <= usize::MAX >> 1 is false\n"
      ],
      "input_infer": "1 < old_cnt <= 2^(size_of::<usize>() - 1)\n",
      "answers": [
        {
          "uses": [],
          "has_test_mod": false,
          "common": [],
          "chain_tests": [
            {
              "attrs": [],
              "prefix": [
                "{",
                "    struct TestLifetime {",
                "        ref_cnt: AtomicUsize,",
                "        drop: unsafe fn(*mut ()),",
                "    }",
                "",
                "    unsafe extern \"C\" fn dummy_drop(_: *mut ()) {}",
                "",
                "    let test_data = TestLifetime {",
                "        ref_cnt: AtomicUsize::new(2), // old_cnt will be 2 for this case",
                "        drop: dummy_drop,",
                "    };",
                "",
                "    let owned: *mut () = &test_data as *const _ as *mut ();",
                "    unsafe {",
                "        owned_drop_impl(owned);",
                "    }",
                "}"
              ],
              "oracles": [
                [
                  "    let test_data = TestLifetime { ref_cnt: AtomicUsize::new(2), drop: dummy_drop };",
                  "    let old_cnt = test_data.ref_cnt.fetch_sub(1, Ordering::Release);",
                  "    assert!(old_cnt == 2);"
                ],
                [
                  "    let test_data = TestLifetime { ref_cnt: AtomicUsize::new(2), drop: dummy_drop };",
                  "    let old_cnt = test_data.ref_cnt.fetch_sub(1, Ordering::Release);",
                  "    assert!(test_data.ref_cnt.load(Ordering::Acquire) == 1);"
                ],
                [
                  "    let test_data = TestLifetime { ref_cnt: AtomicUsize::new(2), drop: dummy_drop };",
                  "    let old_cnt = test_data.ref_cnt.fetch_sub(1, Ordering::Release);",
                  "    assert!(test_data.ref_cnt.load(Ordering::Acquire) <= usize::MAX >> 1);"
                ]
              ],
              "codes": [
                [
                  "{",
                  "    struct TestLifetime {",
                  "        ref_cnt: AtomicUsize,",
                  "        drop: unsafe fn(*mut ()),",
                  "    }",
                  "",
                  "    unsafe extern \"C\" fn dummy_drop(_: *mut ()) {}",
                  "",
                  "    let test_data = TestLifetime {",
                  "        ref_cnt: AtomicUsize::new(2), // old_cnt will be 2 for this case",
                  "        drop: dummy_drop,",
                  "    };",
                  "",
                  "    let owned: *mut () = &test_data as *const _ as *mut ();",
                  "    unsafe {",
                  "        owned_drop_impl(owned);",
                  "    }",
                  "    let test_data = TestLifetime { ref_cnt: AtomicUsize::new(2), drop: dummy_drop };",
                  "    let old_cnt = test_data.ref_cnt.fetch_sub(1, Ordering::Release);",
                  "    assert!(old_cnt == 2);",
                  "}"
                ],
                [
                  "{",
                  "    struct TestLifetime {",
                  "        ref_cnt: AtomicUsize,",
                  "        drop: unsafe fn(*mut ()),",
                  "    }",
                  "",
                  "    unsafe extern \"C\" fn dummy_drop(_: *mut ()) {}",
                  "",
                  "    let test_data = TestLifetime {",
                  "        ref_cnt: AtomicUsize::new(2), // old_cnt will be 2 for this case",
                  "        drop: dummy_drop,",
                  "    };",
                  "",
                  "    let owned: *mut () = &test_data as *const _ as *mut ();",
                  "    unsafe {",
                  "        owned_drop_impl(owned);",
                  "    }",
                  "    let test_data = TestLifetime { ref_cnt: AtomicUsize::new(2), drop: dummy_drop };",
                  "    let old_cnt = test_data.ref_cnt.fetch_sub(1, Ordering::Release);",
                  "    assert!(test_data.ref_cnt.load(Ordering::Acquire) == 1);",
                  "}"
                ],
                [
                  "{",
                  "    struct TestLifetime {",
                  "        ref_cnt: AtomicUsize,",
                  "        drop: unsafe fn(*mut ()),",
                  "    }",
                  "",
                  "    unsafe extern \"C\" fn dummy_drop(_: *mut ()) {}",
                  "",
                  "    let test_data = TestLifetime {",
                  "        ref_cnt: AtomicUsize::new(2), // old_cnt will be 2 for this case",
                  "        drop: dummy_drop,",
                  "    };",
                  "",
                  "    let owned: *mut () = &test_data as *const _ as *mut ();",
                  "    unsafe {",
                  "        owned_drop_impl(owned);",
                  "    }",
                  "    let test_data = TestLifetime { ref_cnt: AtomicUsize::new(2), drop: dummy_drop };",
                  "    let old_cnt = test_data.ref_cnt.fetch_sub(1, Ordering::Release);",
                  "    assert!(test_data.ref_cnt.load(Ordering::Acquire) <= usize::MAX >> 1);",
                  "}"
                ]
              ],
              "can_compile": [
                {
                  "Err": "   Compiling proc-macro2 v1.0.95\n   Compiling unicode-ident v1.0.18\n   Compiling hashbrown v0.15.2\n   Compiling syn v1.0.109\n   Compiling equivalent v1.0.2\n   Compiling toml_datetime v0.6.8\n   Compiling winnow v0.7.6\n   Compiling serde v1.0.219\n   Compiling indexmap v2.9.0\n   Compiling quote v1.0.40\n   Compiling toml_edit v0.22.24\n   Compiling serde_test v1.0.177\n   Compiling proc-macro-crate v3.3.0\n   Compiling ntest_test_cases v0.9.3\n   Compiling ntest_timeout v0.9.3\n   Compiling ntest v0.9.3\n   Compiling bytes v1.10.1 (/home/abezbm/rust-utgen-test-crates-new/bytes)\nwarning: unused import: `ntest::timeout`\n    --> src/bytes.rs:1684:8\n     |\n1684 |    use ntest::timeout;\n     |        ^^^^^^^^^^^^^^\n     |\n     = note: `#[warn(unused_imports)]` on by default\n\nwarning: unused import: `super::*`\n    --> src/bytes_mut.rs:1500:9\n     |\n1500 |     use super::*;\n     |         ^^^^^^^^\n\nerror[E0308]: mismatched types\n    --> src/bytes.rs:1697:15\n     |\n1697 |         drop: dummy_drop,\n     |               ^^^^^^^^^^ expected \"Rust\" fn, found \"C\" fn\n     |\n     = note: expected fn pointer `unsafe fn(_)`\n                   found fn item `unsafe extern \"C\" fn(_) {dummy_drop}`\n\nerror[E0308]: mismatched types\n    --> src/bytes.rs:1704:72\n     |\n1704 |     let test_data = TestLifetime { ref_cnt: AtomicUsize::new(2), drop: dummy_drop };\n     |                                                                        ^^^^^^^^^^ expected \"Rust\" fn, found \"C\" fn\n     |\n     = note: expected fn pointer `unsafe fn(_)`\n                   found fn item `unsafe extern \"C\" fn(_) {dummy_drop}`\n\nFor more information about this error, try `rustc --explain E0308`.\nwarning: `bytes` (lib test) generated 2 warnings\nerror: could not compile `bytes` (lib test) due to 2 previous errors; 2 warnings emitted\n"
                },
                {
                  "Err": "   Compiling proc-macro2 v1.0.95\n   Compiling unicode-ident v1.0.18\n   Compiling syn v1.0.109\n   Compiling equivalent v1.0.2\n   Compiling hashbrown v0.15.2\n   Compiling toml_datetime v0.6.8\n   Compiling winnow v0.7.6\n   Compiling serde v1.0.219\n   Compiling indexmap v2.9.0\n   Compiling quote v1.0.40\n   Compiling toml_edit v0.22.24\n   Compiling serde_test v1.0.177\n   Compiling proc-macro-crate v3.3.0\n   Compiling ntest_test_cases v0.9.3\n   Compiling ntest_timeout v0.9.3\n   Compiling ntest v0.9.3\n   Compiling bytes v1.10.1 (/home/abezbm/rust-utgen-test-crates-new/bytes)\nwarning: unused import: `ntest::timeout`\n    --> src/bytes.rs:1684:8\n     |\n1684 |    use ntest::timeout;\n     |        ^^^^^^^^^^^^^^\n     |\n     = note: `#[warn(unused_imports)]` on by default\n\nwarning: unused import: `super::*`\n    --> src/bytes_mut.rs:1500:9\n     |\n1500 |     use super::*;\n     |         ^^^^^^^^\n\nerror[E0308]: mismatched types\n    --> src/bytes.rs:1697:15\n     |\n1697 |         drop: dummy_drop,\n     |               ^^^^^^^^^^ expected \"Rust\" fn, found \"C\" fn\n     |\n     = note: expected fn pointer `unsafe fn(_)`\n                   found fn item `unsafe extern \"C\" fn(_) {dummy_drop}`\n\nerror[E0308]: mismatched types\n    --> src/bytes.rs:1704:72\n     |\n1704 |     let test_data = TestLifetime { ref_cnt: AtomicUsize::new(2), drop: dummy_drop };\n     |                                                                        ^^^^^^^^^^ expected \"Rust\" fn, found \"C\" fn\n     |\n     = note: expected fn pointer `unsafe fn(_)`\n                   found fn item `unsafe extern \"C\" fn(_) {dummy_drop}`\n\nFor more information about this error, try `rustc --explain E0308`.\nwarning: `bytes` (lib test) generated 2 warnings\nerror: could not compile `bytes` (lib test) due to 2 previous errors; 2 warnings emitted\n"
                },
                {
                  "Err": "   Compiling proc-macro2 v1.0.95\n   Compiling unicode-ident v1.0.18\n   Compiling syn v1.0.109\n   Compiling equivalent v1.0.2\n   Compiling hashbrown v0.15.2\n   Compiling winnow v0.7.6\n   Compiling toml_datetime v0.6.8\n   Compiling serde v1.0.219\n   Compiling indexmap v2.9.0\n   Compiling quote v1.0.40\n   Compiling toml_edit v0.22.24\n   Compiling serde_test v1.0.177\n   Compiling proc-macro-crate v3.3.0\n   Compiling ntest_test_cases v0.9.3\n   Compiling ntest_timeout v0.9.3\n   Compiling ntest v0.9.3\n   Compiling bytes v1.10.1 (/home/abezbm/rust-utgen-test-crates-new/bytes)\nwarning: unused import: `ntest::timeout`\n    --> src/bytes.rs:1684:8\n     |\n1684 |    use ntest::timeout;\n     |        ^^^^^^^^^^^^^^\n     |\n     = note: `#[warn(unused_imports)]` on by default\n\nwarning: unused import: `super::*`\n    --> src/bytes_mut.rs:1500:9\n     |\n1500 |     use super::*;\n     |         ^^^^^^^^\n\nerror[E0308]: mismatched types\n    --> src/bytes.rs:1697:15\n     |\n1697 |         drop: dummy_drop,\n     |               ^^^^^^^^^^ expected \"Rust\" fn, found \"C\" fn\n     |\n     = note: expected fn pointer `unsafe fn(_)`\n                   found fn item `unsafe extern \"C\" fn(_) {dummy_drop}`\n\nerror[E0308]: mismatched types\n    --> src/bytes.rs:1704:72\n     |\n1704 |     let test_data = TestLifetime { ref_cnt: AtomicUsize::new(2), drop: dummy_drop };\n     |                                                                        ^^^^^^^^^^ expected \"Rust\" fn, found \"C\" fn\n     |\n     = note: expected fn pointer `unsafe fn(_)`\n                   found fn item `unsafe extern \"C\" fn(_) {dummy_drop}`\n\nFor more information about this error, try `rustc --explain E0308`.\nwarning: `bytes` (lib test) generated 2 warnings\nerror: could not compile `bytes` (lib test) due to 2 previous errors; 2 warnings emitted\n"
                }
              ],
              "repaired": [
                false,
                false,
                false
              ]
            },
            {
              "attrs": [
                "#[should_panic(expected = \"expected non-zero refcount and no underflow\")]"
              ],
              "prefix": [
                "{",
                "    struct TestLifetime {",
                "        ref_cnt: AtomicUsize,",
                "        drop: unsafe fn(*mut ()),",
                "    }",
                "",
                "    unsafe extern \"C\" fn dummy_drop(_: *mut ()) {}",
                "",
                "    let test_data = TestLifetime {",
                "        ref_cnt: AtomicUsize::new(0), // This will trigger a panic",
                "        drop: dummy_drop,",
                "    };",
                "",
                "    let owned: *mut () = &test_data as *const _ as *mut ();",
                "    unsafe {",
                "        owned_drop_impl(owned);",
                "    }",
                "}"
              ],
              "oracles": [
                [
                  "    let test_data = TestLifetime { ref_cnt: AtomicUsize::new(0), drop: dummy_drop };",
                  "    let owned: *mut () = &test_data as *const _ as *mut ();",
                  "    assert!(std::panic::catch_unwind(|| { unsafe { owned_drop_impl(owned) } }).is_err());"
                ],
                [
                  "    let test_data = TestLifetime { ref_cnt: AtomicUsize::new(0), drop: dummy_drop };",
                  "    let owned: *mut () = &test_data as *const _ as *mut ();",
                  "    assert!(std::panic::catch_unwind(|| { unsafe { owned_drop_impl(owned) } }).unwrap_err().downcast_ref::<&str>().map_or(false, |s| *s == \"expected non-zero refcount and no underflow\"));"
                ]
              ],
              "codes": [
                [
                  "{",
                  "    struct TestLifetime {",
                  "        ref_cnt: AtomicUsize,",
                  "        drop: unsafe fn(*mut ()),",
                  "    }",
                  "",
                  "    unsafe extern \"C\" fn dummy_drop(_: *mut ()) {}",
                  "",
                  "    let test_data = TestLifetime {",
                  "        ref_cnt: AtomicUsize::new(0), // This will trigger a panic",
                  "        drop: dummy_drop,",
                  "    };",
                  "",
                  "    let owned: *mut () = &test_data as *const _ as *mut ();",
                  "    unsafe {",
                  "        owned_drop_impl(owned);",
                  "    }",
                  "    let test_data = TestLifetime { ref_cnt: AtomicUsize::new(0), drop: dummy_drop };",
                  "    let owned: *mut () = &test_data as *const _ as *mut ();",
                  "    assert!(std::panic::catch_unwind(|| { unsafe { owned_drop_impl(owned) } }).is_err());",
                  "}"
                ],
                [
                  "{",
                  "    struct TestLifetime {",
                  "        ref_cnt: AtomicUsize,",
                  "        drop: unsafe fn(*mut ()),",
                  "    }",
                  "",
                  "    unsafe extern \"C\" fn dummy_drop(_: *mut ()) {}",
                  "",
                  "    let test_data = TestLifetime {",
                  "        ref_cnt: AtomicUsize::new(0), // This will trigger a panic",
                  "        drop: dummy_drop,",
                  "    };",
                  "",
                  "    let owned: *mut () = &test_data as *const _ as *mut ();",
                  "    unsafe {",
                  "        owned_drop_impl(owned);",
                  "    }",
                  "    let test_data = TestLifetime { ref_cnt: AtomicUsize::new(0), drop: dummy_drop };",
                  "    let owned: *mut () = &test_data as *const _ as *mut ();",
                  "    assert!(std::panic::catch_unwind(|| { unsafe { owned_drop_impl(owned) } }).unwrap_err().downcast_ref::<&str>().map_or(false, |s| *s == \"expected non-zero refcount and no underflow\"));",
                  "}"
                ]
              ],
              "can_compile": [
                {
                  "Err": "   Compiling proc-macro2 v1.0.95\n   Compiling unicode-ident v1.0.18\n   Compiling syn v1.0.109\n   Compiling hashbrown v0.15.2\n   Compiling equivalent v1.0.2\n   Compiling winnow v0.7.6\n   Compiling toml_datetime v0.6.8\n   Compiling serde v1.0.219\n   Compiling indexmap v2.9.0\n   Compiling quote v1.0.40\n   Compiling toml_edit v0.22.24\n   Compiling serde_test v1.0.177\n   Compiling proc-macro-crate v3.3.0\n   Compiling ntest_test_cases v0.9.3\n   Compiling ntest_timeout v0.9.3\n   Compiling ntest v0.9.3\n   Compiling bytes v1.10.1 (/home/abezbm/rust-utgen-test-crates-new/bytes)\nwarning: unused import: `ntest::timeout`\n    --> src/bytes.rs:1684:8\n     |\n1684 |    use ntest::timeout;\n     |        ^^^^^^^^^^^^^^\n     |\n     = note: `#[warn(unused_imports)]` on by default\n\nwarning: unused import: `super::*`\n    --> src/bytes_mut.rs:1500:9\n     |\n1500 |     use super::*;\n     |         ^^^^^^^^\n\nerror[E0308]: mismatched types\n    --> src/bytes.rs:1698:15\n     |\n1698 |         drop: dummy_drop,\n     |               ^^^^^^^^^^ expected \"Rust\" fn, found \"C\" fn\n     |\n     = note: expected fn pointer `unsafe fn(_)`\n                   found fn item `unsafe extern \"C\" fn(_) {dummy_drop}`\n\nerror[E0308]: mismatched types\n    --> src/bytes.rs:1705:72\n     |\n1705 |     let test_data = TestLifetime { ref_cnt: AtomicUsize::new(0), drop: dummy_drop };\n     |                                                                        ^^^^^^^^^^ expected \"Rust\" fn, found \"C\" fn\n     |\n     = note: expected fn pointer `unsafe fn(_)`\n                   found fn item `unsafe extern \"C\" fn(_) {dummy_drop}`\n\nFor more information about this error, try `rustc --explain E0308`.\nwarning: `bytes` (lib test) generated 2 warnings\nerror: could not compile `bytes` (lib test) due to 2 previous errors; 2 warnings emitted\n"
                },
                {
                  "Err": "   Compiling proc-macro2 v1.0.95\n   Compiling unicode-ident v1.0.18\n   Compiling equivalent v1.0.2\n   Compiling hashbrown v0.15.2\n   Compiling syn v1.0.109\n   Compiling winnow v0.7.6\n   Compiling toml_datetime v0.6.8\n   Compiling serde v1.0.219\n   Compiling indexmap v2.9.0\n   Compiling quote v1.0.40\n   Compiling toml_edit v0.22.24\n   Compiling serde_test v1.0.177\n   Compiling proc-macro-crate v3.3.0\n   Compiling ntest_test_cases v0.9.3\n   Compiling ntest_timeout v0.9.3\n   Compiling ntest v0.9.3\n   Compiling bytes v1.10.1 (/home/abezbm/rust-utgen-test-crates-new/bytes)\nwarning: unused import: `ntest::timeout`\n    --> src/bytes.rs:1684:8\n     |\n1684 |    use ntest::timeout;\n     |        ^^^^^^^^^^^^^^\n     |\n     = note: `#[warn(unused_imports)]` on by default\n\nwarning: unused import: `super::*`\n    --> src/bytes_mut.rs:1500:9\n     |\n1500 |     use super::*;\n     |         ^^^^^^^^\n\nerror[E0308]: mismatched types\n    --> src/bytes.rs:1698:15\n     |\n1698 |         drop: dummy_drop,\n     |               ^^^^^^^^^^ expected \"Rust\" fn, found \"C\" fn\n     |\n     = note: expected fn pointer `unsafe fn(_)`\n                   found fn item `unsafe extern \"C\" fn(_) {dummy_drop}`\n\nerror[E0308]: mismatched types\n    --> src/bytes.rs:1705:72\n     |\n1705 |     let test_data = TestLifetime { ref_cnt: AtomicUsize::new(0), drop: dummy_drop };\n     |                                                                        ^^^^^^^^^^ expected \"Rust\" fn, found \"C\" fn\n     |\n     = note: expected fn pointer `unsafe fn(_)`\n                   found fn item `unsafe extern \"C\" fn(_) {dummy_drop}`\n\nFor more information about this error, try `rustc --explain E0308`.\nwarning: `bytes` (lib test) generated 2 warnings\nerror: could not compile `bytes` (lib test) due to 2 previous errors; 2 warnings emitted\n"
                }
              ],
              "repaired": [
                false,
                false
              ]
            },
            {
              "attrs": [],
              "prefix": [
                "{",
                "    struct TestLifetime {",
                "        ref_cnt: AtomicUsize,",
                "        drop: unsafe fn(*mut ()),",
                "    }",
                "",
                "    unsafe extern \"C\" fn dummy_drop(_: *mut ()) {}",
                "",
                "    let test_data = TestLifetime {",
                "        ref_cnt: AtomicUsize::new(usize::MAX >> 1), // old_cnt will be the boundary value",
                "        drop: dummy_drop,",
                "    };",
                "",
                "    let owned: *mut () = &test_data as *const _ as *mut ();",
                "    unsafe {",
                "        owned_drop_impl(owned);",
                "    }",
                "}"
              ],
              "oracles": [
                [
                  "    let test_data = TestLifetime {",
                  "    ref_cnt: AtomicUsize::new(usize::MAX >> 1),",
                  "    drop: dummy_drop,",
                  "    };",
                  "    assert_eq!(test_data.ref_cnt.load(Ordering::Relaxed), usize::MAX >> 1 - 1);"
                ],
                [
                  "    let test_data = TestLifetime {",
                  "    ref_cnt: AtomicUsize::new(usize::MAX >> 1),",
                  "    drop: dummy_drop,",
                  "    };",
                  "    assert_eq!(test_data.ref_cnt.load(Ordering::Relaxed), 0);  // Check for no underflow"
                ],
                [
                  "    let test_data = TestLifetime {",
                  "    ref_cnt: AtomicUsize::new(usize::MAX >> 1),",
                  "    drop: dummy_drop,",
                  "    };",
                  "    assert_eq!(test_data.ref_cnt.load(Ordering::Acquire), 0); // Check ref count after load"
                ]
              ],
              "codes": [
                [
                  "{",
                  "    struct TestLifetime {",
                  "        ref_cnt: AtomicUsize,",
                  "        drop: unsafe fn(*mut ()),",
                  "    }",
                  "",
                  "    unsafe extern \"C\" fn dummy_drop(_: *mut ()) {}",
                  "",
                  "    let test_data = TestLifetime {",
                  "        ref_cnt: AtomicUsize::new(usize::MAX >> 1), // old_cnt will be the boundary value",
                  "        drop: dummy_drop,",
                  "    };",
                  "",
                  "    let owned: *mut () = &test_data as *const _ as *mut ();",
                  "    unsafe {",
                  "        owned_drop_impl(owned);",
                  "    }",
                  "    let test_data = TestLifetime {",
                  "    ref_cnt: AtomicUsize::new(usize::MAX >> 1),",
                  "    drop: dummy_drop,",
                  "    };",
                  "    assert_eq!(test_data.ref_cnt.load(Ordering::Relaxed), usize::MAX >> 1 - 1);",
                  "}"
                ],
                [
                  "{",
                  "    struct TestLifetime {",
                  "        ref_cnt: AtomicUsize,",
                  "        drop: unsafe fn(*mut ()),",
                  "    }",
                  "",
                  "    unsafe extern \"C\" fn dummy_drop(_: *mut ()) {}",
                  "",
                  "    let test_data = TestLifetime {",
                  "        ref_cnt: AtomicUsize::new(usize::MAX >> 1), // old_cnt will be the boundary value",
                  "        drop: dummy_drop,",
                  "    };",
                  "",
                  "    let owned: *mut () = &test_data as *const _ as *mut ();",
                  "    unsafe {",
                  "        owned_drop_impl(owned);",
                  "    }",
                  "    let test_data = TestLifetime {",
                  "    ref_cnt: AtomicUsize::new(usize::MAX >> 1),",
                  "    drop: dummy_drop,",
                  "    };",
                  "    assert_eq!(test_data.ref_cnt.load(Ordering::Relaxed), 0);  // Check for no underflow",
                  "}"
                ],
                [
                  "{",
                  "    struct TestLifetime {",
                  "        ref_cnt: AtomicUsize,",
                  "        drop: unsafe fn(*mut ()),",
                  "    }",
                  "",
                  "    unsafe extern \"C\" fn dummy_drop(_: *mut ()) {}",
                  "",
                  "    let test_data = TestLifetime {",
                  "        ref_cnt: AtomicUsize::new(usize::MAX >> 1), // old_cnt will be the boundary value",
                  "        drop: dummy_drop,",
                  "    };",
                  "",
                  "    let owned: *mut () = &test_data as *const _ as *mut ();",
                  "    unsafe {",
                  "        owned_drop_impl(owned);",
                  "    }",
                  "    let test_data = TestLifetime {",
                  "    ref_cnt: AtomicUsize::new(usize::MAX >> 1),",
                  "    drop: dummy_drop,",
                  "    };",
                  "    assert_eq!(test_data.ref_cnt.load(Ordering::Acquire), 0); // Check ref count after load",
                  "}"
                ]
              ],
              "can_compile": [
                {
                  "Err": "    Blocking waiting for file lock on package cache\n    Blocking waiting for file lock on package cache\n   Compiling proc-macro2 v1.0.95\n   Compiling unicode-ident v1.0.18\n   Compiling syn v1.0.109\n   Compiling equivalent v1.0.2\n   Compiling hashbrown v0.15.2\n   Compiling toml_datetime v0.6.8\n   Compiling winnow v0.7.6\n   Compiling serde v1.0.219\n   Compiling indexmap v2.9.0\n   Compiling quote v1.0.40\n   Compiling toml_edit v0.22.24\n   Compiling serde_test v1.0.177\n   Compiling proc-macro-crate v3.3.0\n   Compiling ntest_test_cases v0.9.3\n   Compiling ntest_timeout v0.9.3\n   Compiling ntest v0.9.3\n   Compiling bytes v1.10.1 (/home/abezbm/rust-utgen-test-crates-new/bytes)\nwarning: unused import: `ntest::timeout`\n    --> src/bytes.rs:1684:8\n     |\n1684 |    use ntest::timeout;\n     |        ^^^^^^^^^^^^^^\n     |\n     = note: `#[warn(unused_imports)]` on by default\n\nwarning: unused import: `super::*`\n    --> src/bytes_mut.rs:1500:9\n     |\n1500 |     use super::*;\n     |         ^^^^^^^^\n\nerror[E0308]: mismatched types\n    --> src/bytes.rs:1697:15\n     |\n1697 |         drop: dummy_drop,\n     |               ^^^^^^^^^^ expected \"Rust\" fn, found \"C\" fn\n     |\n     = note: expected fn pointer `unsafe fn(_)`\n                   found fn item `unsafe extern \"C\" fn(_) {dummy_drop}`\n\nerror[E0308]: mismatched types\n    --> src/bytes.rs:1706:11\n     |\n1706 |     drop: dummy_drop,\n     |           ^^^^^^^^^^ expected \"Rust\" fn, found \"C\" fn\n     |\n     = note: expected fn pointer `unsafe fn(_)`\n                   found fn item `unsafe extern \"C\" fn(_) {dummy_drop}`\n\nFor more information about this error, try `rustc --explain E0308`.\nwarning: `bytes` (lib test) generated 2 warnings\nerror: could not compile `bytes` (lib test) due to 2 previous errors; 2 warnings emitted\n"
                },
                {
                  "Err": "   Compiling proc-macro2 v1.0.95\n   Compiling unicode-ident v1.0.18\n   Compiling syn v1.0.109\n   Compiling equivalent v1.0.2\n   Compiling hashbrown v0.15.2\n   Compiling winnow v0.7.6\n   Compiling toml_datetime v0.6.8\n   Compiling serde v1.0.219\n   Compiling indexmap v2.9.0\n   Compiling quote v1.0.40\n   Compiling toml_edit v0.22.24\n   Compiling serde_test v1.0.177\n   Compiling proc-macro-crate v3.3.0\n   Compiling ntest_timeout v0.9.3\n   Compiling ntest_test_cases v0.9.3\n   Compiling ntest v0.9.3\n   Compiling bytes v1.10.1 (/home/abezbm/rust-utgen-test-crates-new/bytes)\nwarning: unused import: `ntest::timeout`\n    --> src/bytes.rs:1684:8\n     |\n1684 |    use ntest::timeout;\n     |        ^^^^^^^^^^^^^^\n     |\n     = note: `#[warn(unused_imports)]` on by default\n\nwarning: unused import: `super::*`\n    --> src/bytes_mut.rs:1500:9\n     |\n1500 |     use super::*;\n     |         ^^^^^^^^\n\nerror[E0308]: mismatched types\n    --> src/bytes.rs:1697:15\n     |\n1697 |         drop: dummy_drop,\n     |               ^^^^^^^^^^ expected \"Rust\" fn, found \"C\" fn\n     |\n     = note: expected fn pointer `unsafe fn(_)`\n                   found fn item `unsafe extern \"C\" fn(_) {dummy_drop}`\n\nerror[E0308]: mismatched types\n    --> src/bytes.rs:1706:11\n     |\n1706 |     drop: dummy_drop,\n     |           ^^^^^^^^^^ expected \"Rust\" fn, found \"C\" fn\n     |\n     = note: expected fn pointer `unsafe fn(_)`\n                   found fn item `unsafe extern \"C\" fn(_) {dummy_drop}`\n\nFor more information about this error, try `rustc --explain E0308`.\nwarning: `bytes` (lib test) generated 2 warnings\nerror: could not compile `bytes` (lib test) due to 2 previous errors; 2 warnings emitted\n"
                },
                {
                  "Err": "   Compiling proc-macro2 v1.0.95\n   Compiling unicode-ident v1.0.18\n   Compiling syn v1.0.109\n   Compiling hashbrown v0.15.2\n   Compiling equivalent v1.0.2\n   Compiling toml_datetime v0.6.8\n   Compiling winnow v0.7.6\n   Compiling serde v1.0.219\n   Compiling indexmap v2.9.0\n   Compiling quote v1.0.40\n   Compiling toml_edit v0.22.24\n   Compiling serde_test v1.0.177\n   Compiling proc-macro-crate v3.3.0\n   Compiling ntest_timeout v0.9.3\n   Compiling ntest_test_cases v0.9.3\n   Compiling ntest v0.9.3\n   Compiling bytes v1.10.1 (/home/abezbm/rust-utgen-test-crates-new/bytes)\nwarning: unused import: `ntest::timeout`\n    --> src/bytes.rs:1684:8\n     |\n1684 |    use ntest::timeout;\n     |        ^^^^^^^^^^^^^^\n     |\n     = note: `#[warn(unused_imports)]` on by default\n\nwarning: unused import: `super::*`\n    --> src/bytes_mut.rs:1500:9\n     |\n1500 |     use super::*;\n     |         ^^^^^^^^\n\nerror[E0308]: mismatched types\n    --> src/bytes.rs:1697:15\n     |\n1697 |         drop: dummy_drop,\n     |               ^^^^^^^^^^ expected \"Rust\" fn, found \"C\" fn\n     |\n     = note: expected fn pointer `unsafe fn(_)`\n                   found fn item `unsafe extern \"C\" fn(_) {dummy_drop}`\n\nerror[E0308]: mismatched types\n    --> src/bytes.rs:1706:11\n     |\n1706 |     drop: dummy_drop,\n     |           ^^^^^^^^^^ expected \"Rust\" fn, found \"C\" fn\n     |\n     = note: expected fn pointer `unsafe fn(_)`\n                   found fn item `unsafe extern \"C\" fn(_) {dummy_drop}`\n\nFor more information about this error, try `rustc --explain E0308`.\nwarning: `bytes` (lib test) generated 2 warnings\nerror: could not compile `bytes` (lib test) due to 2 previous errors; 2 warnings emitted\n"
                }
              ],
              "repaired": [
                false,
                false,
                false
              ]
            },
            {
              "attrs": [],
              "prefix": [
                "{",
                "    struct TestLifetime {",
                "        ref_cnt: AtomicUsize,",
                "        drop: unsafe fn(*mut ()),",
                "    }",
                "",
                "    unsafe extern \"C\" fn dummy_drop(_: *mut ()) {}",
                "",
                "    let test_data = TestLifetime {",
                "        ref_cnt: AtomicUsize::new(usize::MAX >> 1 + 1), // This will satisfy old_cnt <= usize::MAX >> 1 is false",
                "        drop: dummy_drop,",
                "    };",
                "",
                "    let owned: *mut () = &test_data as *const _ as *mut ();",
                "    unsafe {",
                "        owned_drop_impl(owned);",
                "    }",
                "}"
              ],
              "oracles": [
                [
                  "    let lifetime = owned.cast::<OwnedLifetime>();",
                  "    let ref_cnt = &(*lifetime).ref_cnt;",
                  "    let old_cnt = ref_cnt.fetch_sub(1, Ordering::Release);",
                  "    assert!(old_cnt > 0);"
                ],
                [
                  "    let lifetime = owned.cast::<OwnedLifetime>();",
                  "    let ref_cnt = &(*lifetime).ref_cnt;",
                  "    let old_cnt = ref_cnt.fetch_sub(1, Ordering::Release);",
                  "    assert!(!(old_cnt <= usize::MAX >> 1));"
                ]
              ],
              "codes": [
                [
                  "{",
                  "    struct TestLifetime {",
                  "        ref_cnt: AtomicUsize,",
                  "        drop: unsafe fn(*mut ()),",
                  "    }",
                  "",
                  "    unsafe extern \"C\" fn dummy_drop(_: *mut ()) {}",
                  "",
                  "    let test_data = TestLifetime {",
                  "        ref_cnt: AtomicUsize::new(usize::MAX >> 1 + 1), // This will satisfy old_cnt <= usize::MAX >> 1 is false",
                  "        drop: dummy_drop,",
                  "    };",
                  "",
                  "    let owned: *mut () = &test_data as *const _ as *mut ();",
                  "    unsafe {",
                  "        owned_drop_impl(owned);",
                  "    }",
                  "    let lifetime = owned.cast::<OwnedLifetime>();",
                  "    let ref_cnt = &(*lifetime).ref_cnt;",
                  "    let old_cnt = ref_cnt.fetch_sub(1, Ordering::Release);",
                  "    assert!(old_cnt > 0);",
                  "}"
                ],
                [
                  "{",
                  "    struct TestLifetime {",
                  "        ref_cnt: AtomicUsize,",
                  "        drop: unsafe fn(*mut ()),",
                  "    }",
                  "",
                  "    unsafe extern \"C\" fn dummy_drop(_: *mut ()) {}",
                  "",
                  "    let test_data = TestLifetime {",
                  "        ref_cnt: AtomicUsize::new(usize::MAX >> 1 + 1), // This will satisfy old_cnt <= usize::MAX >> 1 is false",
                  "        drop: dummy_drop,",
                  "    };",
                  "",
                  "    let owned: *mut () = &test_data as *const _ as *mut ();",
                  "    unsafe {",
                  "        owned_drop_impl(owned);",
                  "    }",
                  "    let lifetime = owned.cast::<OwnedLifetime>();",
                  "    let ref_cnt = &(*lifetime).ref_cnt;",
                  "    let old_cnt = ref_cnt.fetch_sub(1, Ordering::Release);",
                  "    assert!(!(old_cnt <= usize::MAX >> 1));",
                  "}"
                ]
              ],
              "can_compile": [
                {
                  "Err": "   Compiling proc-macro2 v1.0.95\n   Compiling unicode-ident v1.0.18\n   Compiling equivalent v1.0.2\n   Compiling hashbrown v0.15.2\n   Compiling syn v1.0.109\n   Compiling winnow v0.7.6\n   Compiling toml_datetime v0.6.8\n   Compiling serde v1.0.219\n   Compiling indexmap v2.9.0\n   Compiling quote v1.0.40\n   Compiling toml_edit v0.22.24\n   Compiling serde_test v1.0.177\n   Compiling proc-macro-crate v3.3.0\n   Compiling ntest_test_cases v0.9.3\n   Compiling ntest_timeout v0.9.3\n   Compiling ntest v0.9.3\n   Compiling bytes v1.10.1 (/home/abezbm/rust-utgen-test-crates-new/bytes)\nwarning: unused import: `ntest::timeout`\n    --> src/bytes.rs:1684:8\n     |\n1684 |    use ntest::timeout;\n     |        ^^^^^^^^^^^^^^\n     |\n     = note: `#[warn(unused_imports)]` on by default\n\nwarning: unused import: `super::*`\n    --> src/bytes_mut.rs:1500:9\n     |\n1500 |     use super::*;\n     |         ^^^^^^^^\n\nerror[E0308]: mismatched types\n    --> src/bytes.rs:1697:15\n     |\n1697 |         drop: dummy_drop,\n     |               ^^^^^^^^^^ expected \"Rust\" fn, found \"C\" fn\n     |\n     = note: expected fn pointer `unsafe fn(_)`\n                   found fn item `unsafe extern \"C\" fn(_) {dummy_drop}`\n\nFor more information about this error, try `rustc --explain E0308`.\nwarning: `bytes` (lib test) generated 2 warnings\nerror: could not compile `bytes` (lib test) due to 1 previous error; 2 warnings emitted\n"
                },
                {
                  "Err": "   Compiling proc-macro2 v1.0.95\n   Compiling unicode-ident v1.0.18\n   Compiling hashbrown v0.15.2\n   Compiling syn v1.0.109\n   Compiling equivalent v1.0.2\n   Compiling toml_datetime v0.6.8\n   Compiling winnow v0.7.6\n   Compiling serde v1.0.219\n   Compiling indexmap v2.9.0\n   Compiling quote v1.0.40\n   Compiling toml_edit v0.22.24\n   Compiling serde_test v1.0.177\n   Compiling proc-macro-crate v3.3.0\n   Compiling ntest_test_cases v0.9.3\n   Compiling ntest_timeout v0.9.3\n   Compiling ntest v0.9.3\n   Compiling bytes v1.10.1 (/home/abezbm/rust-utgen-test-crates-new/bytes)\nwarning: unused import: `ntest::timeout`\n    --> src/bytes.rs:1684:8\n     |\n1684 |    use ntest::timeout;\n     |        ^^^^^^^^^^^^^^\n     |\n     = note: `#[warn(unused_imports)]` on by default\n\nwarning: unused import: `super::*`\n    --> src/bytes_mut.rs:1500:9\n     |\n1500 |     use super::*;\n     |         ^^^^^^^^\n\nerror[E0308]: mismatched types\n    --> src/bytes.rs:1697:15\n     |\n1697 |         drop: dummy_drop,\n     |               ^^^^^^^^^^ expected \"Rust\" fn, found \"C\" fn\n     |\n     = note: expected fn pointer `unsafe fn(_)`\n                   found fn item `unsafe extern \"C\" fn(_) {dummy_drop}`\n\nFor more information about this error, try `rustc --explain E0308`.\nwarning: `bytes` (lib test) generated 2 warnings\nerror: could not compile `bytes` (lib test) due to 1 previous error; 2 warnings emitted\n"
                }
              ],
              "repaired": [
                false,
                false
              ]
            }
          ]
        }
      ]
    },
    {
      "chain_id": 4,
      "prompt_conds": [
        "// constraint: old_cnt > 0 is false, with bound old_cnt == 0\n"
      ],
      "input_infer": "0\n",
      "answers": [
        {
          "uses": [],
          "has_test_mod": false,
          "common": [
            "unsafe fn drop_function(_ptr: *mut ()) {",
            "    // Custom drop logic (if needed)",
            "}"
          ],
          "chain_tests": [
            {
              "attrs": [
                "#[should_panic]"
              ],
              "prefix": [
                "{",
                "    let layout = Layout::new::<OwnedLifetime>();",
                "    let ptr = unsafe { alloc::alloc::alloc(layout) };",
                "    if ptr.is_null() {",
                "        panic!(\"Allocation failed\");",
                "    }",
                "",
                "    let lifetime = &mut *(ptr as *mut OwnedLifetime);",
                "    lifetime.ref_cnt = AtomicUsize::new(0); // Set reference count to 0",
                "    lifetime.drop = drop_function; // Assuming a drop function is defined",
                "",
                "    unsafe { owned_drop_impl(ptr as *mut ()) };",
                "",
                "    unsafe { alloc::alloc::dealloc(ptr, layout) };",
                "}"
              ],
              "oracles": [
                [
                  "    let layout = Layout::new::<OwnedLifetime>();",
                  "    let ptr = unsafe { alloc::alloc::alloc(layout) };",
                  "    assert!(!ptr.is_null());"
                ],
                [
                  "    let layout = Layout::new::<OwnedLifetime>();",
                  "    let ptr = unsafe { alloc::alloc::alloc(layout) };",
                  "    let lifetime = &mut *(ptr as *mut OwnedLifetime);",
                  "    lifetime.ref_cnt = AtomicUsize::new(0);",
                  "    lifetime.drop = drop_function;",
                  "    let old_cnt = lifetime.ref_cnt.load(Ordering::Relaxed);",
                  "    assert_eq!(old_cnt, 0);"
                ]
              ],
              "codes": [
                [
                  "{",
                  "    let layout = Layout::new::<OwnedLifetime>();",
                  "    let ptr = unsafe { alloc::alloc::alloc(layout) };",
                  "    if ptr.is_null() {",
                  "        panic!(\"Allocation failed\");",
                  "    }",
                  "",
                  "    let lifetime = &mut *(ptr as *mut OwnedLifetime);",
                  "    lifetime.ref_cnt = AtomicUsize::new(0); // Set reference count to 0",
                  "    lifetime.drop = drop_function; // Assuming a drop function is defined",
                  "",
                  "    unsafe { owned_drop_impl(ptr as *mut ()) };",
                  "",
                  "    unsafe { alloc::alloc::dealloc(ptr, layout) };",
                  "    let layout = Layout::new::<OwnedLifetime>();",
                  "    let ptr = unsafe { alloc::alloc::alloc(layout) };",
                  "    assert!(!ptr.is_null());",
                  "}"
                ],
                [
                  "{",
                  "    let layout = Layout::new::<OwnedLifetime>();",
                  "    let ptr = unsafe { alloc::alloc::alloc(layout) };",
                  "    if ptr.is_null() {",
                  "        panic!(\"Allocation failed\");",
                  "    }",
                  "",
                  "    let lifetime = &mut *(ptr as *mut OwnedLifetime);",
                  "    lifetime.ref_cnt = AtomicUsize::new(0); // Set reference count to 0",
                  "    lifetime.drop = drop_function; // Assuming a drop function is defined",
                  "",
                  "    unsafe { owned_drop_impl(ptr as *mut ()) };",
                  "",
                  "    unsafe { alloc::alloc::dealloc(ptr, layout) };",
                  "    let layout = Layout::new::<OwnedLifetime>();",
                  "    let ptr = unsafe { alloc::alloc::alloc(layout) };",
                  "    let lifetime = &mut *(ptr as *mut OwnedLifetime);",
                  "    lifetime.ref_cnt = AtomicUsize::new(0);",
                  "    lifetime.drop = drop_function;",
                  "    let old_cnt = lifetime.ref_cnt.load(Ordering::Relaxed);",
                  "    assert_eq!(old_cnt, 0);",
                  "}"
                ]
              ],
              "can_compile": [
                {
                  "Err": "   Compiling proc-macro2 v1.0.95\n   Compiling unicode-ident v1.0.18\n   Compiling syn v1.0.109\n   Compiling hashbrown v0.15.2\n   Compiling equivalent v1.0.2\n   Compiling toml_datetime v0.6.8\n   Compiling winnow v0.7.6\n   Compiling serde v1.0.219\n   Compiling indexmap v2.9.0\n   Compiling quote v1.0.40\n   Compiling toml_edit v0.22.24\n   Compiling serde_test v1.0.177\n   Compiling proc-macro-crate v3.3.0\n   Compiling ntest_test_cases v0.9.3\n   Compiling ntest_timeout v0.9.3\n   Compiling ntest v0.9.3\n   Compiling bytes v1.10.1 (/home/abezbm/rust-utgen-test-crates-new/bytes)\nwarning: unused import: `ntest::timeout`\n    --> src/bytes.rs:1684:8\n     |\n1684 |    use ntest::timeout;\n     |        ^^^^^^^^^^^^^^\n     |\n     = note: `#[warn(unused_imports)]` on by default\n\nwarning: unused import: `super::*`\n    --> src/bytes_mut.rs:1500:9\n     |\n1500 |     use super::*;\n     |         ^^^^^^^^\n\nerror[E0133]: dereference of raw pointer is unsafe and requires unsafe function or block\n    --> src/bytes.rs:1699:25\n     |\n1699 |     let lifetime = &mut *(ptr as *mut OwnedLifetime);\n     |                         ^^^^^^^^^^^^^^^^^^^^^^^^^^^^ dereference of raw pointer\n     |\n     = note: raw pointers may be null, dangling or unaligned; they can violate aliasing rules and cause data races: all of these are undefined behavior\n\nFor more information about this error, try `rustc --explain E0133`.\nwarning: `bytes` (lib test) generated 2 warnings\nerror: could not compile `bytes` (lib test) due to 1 previous error; 2 warnings emitted\n"
                },
                {
                  "Err": "   Compiling proc-macro2 v1.0.95\n   Compiling unicode-ident v1.0.18\n   Compiling syn v1.0.109\n   Compiling equivalent v1.0.2\n   Compiling hashbrown v0.15.2\n   Compiling toml_datetime v0.6.8\n   Compiling winnow v0.7.6\n   Compiling serde v1.0.219\n   Compiling indexmap v2.9.0\n   Compiling quote v1.0.40\n   Compiling toml_edit v0.22.24\n   Compiling serde_test v1.0.177\n   Compiling proc-macro-crate v3.3.0\n   Compiling ntest_timeout v0.9.3\n   Compiling ntest_test_cases v0.9.3\n   Compiling ntest v0.9.3\n   Compiling bytes v1.10.1 (/home/abezbm/rust-utgen-test-crates-new/bytes)\nwarning: unused import: `ntest::timeout`\n    --> src/bytes.rs:1684:8\n     |\n1684 |    use ntest::timeout;\n     |        ^^^^^^^^^^^^^^\n     |\n     = note: `#[warn(unused_imports)]` on by default\n\nwarning: unused import: `super::*`\n    --> src/bytes_mut.rs:1500:9\n     |\n1500 |     use super::*;\n     |         ^^^^^^^^\n\nerror[E0133]: dereference of raw pointer is unsafe and requires unsafe function or block\n    --> src/bytes.rs:1699:25\n     |\n1699 |     let lifetime = &mut *(ptr as *mut OwnedLifetime);\n     |                         ^^^^^^^^^^^^^^^^^^^^^^^^^^^^ dereference of raw pointer\n     |\n     = note: raw pointers may be null, dangling or unaligned; they can violate aliasing rules and cause data races: all of these are undefined behavior\n\nerror[E0133]: dereference of raw pointer is unsafe and requires unsafe function or block\n    --> src/bytes.rs:1708:25\n     |\n1708 |     let lifetime = &mut *(ptr as *mut OwnedLifetime);\n     |                         ^^^^^^^^^^^^^^^^^^^^^^^^^^^^ dereference of raw pointer\n     |\n     = note: raw pointers may be null, dangling or unaligned; they can violate aliasing rules and cause data races: all of these are undefined behavior\n\nFor more information about this error, try `rustc --explain E0133`.\nwarning: `bytes` (lib test) generated 2 warnings\nerror: could not compile `bytes` (lib test) due to 2 previous errors; 2 warnings emitted\n"
                }
              ],
              "repaired": [
                false,
                false
              ]
            }
          ]
        }
      ]
    }
  ]
}