{
  "name": "rand::distr::uniform::distr::uniform::Uniform<X>::new_inclusive",
  "name_with_impl": "rand::distr::uniform::{impl#2}::new_inclusive",
  "mod_info": {
    "name": "distr::uniform",
    "loc": "src/distr/mod.rs:101:1:101:17"
  },
  "visible": true,
  "loc": "src/distr/uniform.rs:246:5:252:6",
  "fn_tests": [
    {
      "chain_id": 0,
      "prompt_conds": [],
      "input_infer": "",
      "answers": [
        {
          "uses": [],
          "has_test_mod": false,
          "common": [],
          "chain_tests": [
            {
              "attrs": [],
              "prefix": [],
              "oracles": [],
              "codes": [
                [
                  "{",
                  "    struct SampleUniformImpl;",
                  "    impl SampleUniform for SampleUniformImpl {",
                  "        type Sampler = Self;",
                  "    }",
                  "    impl SampleBorrow<SampleUniformImpl> for SampleUniformImpl {",
                  "        // Providing necessary implementation details for sample borrowing",
                  "    }",
                  "    impl SampleUniformImpl {",
                  "        fn new_inclusive<B1, B2>(low: B1, high: B2) -> Result<SampleUniformImpl, Error> ",
                  "        where",
                  "            B1: SampleBorrow<SampleUniformImpl> + Sized,",
                  "            B2: SampleBorrow<SampleUniformImpl> + Sized,",
                  "        {",
                  "            // This should succeed",
                  "            Ok(SampleUniformImpl)",
                  "        }",
                  "    }",
                  "",
                  "    let result = Uniform::<SampleUniformImpl>::new_inclusive(1, 10);",
                  "    assert!(result.is_ok());",
                  "}"
                ]
              ],
              "can_compile": [
                {
                  "Err": "   Compiling proc-macro2 v1.0.95\n   Compiling syn v1.0.109\n   Compiling crossbeam-utils v0.8.21\n   Compiling libc v0.2.172\n   Compiling getrandom v0.3.2\n   Compiling zerocopy v0.8.24\n   Compiling rayon-core v1.12.1\n   Compiling serde v1.0.219\n   Compiling crossbeam-epoch v0.9.18\n   Compiling quote v1.0.40\n   Compiling crossbeam-deque v0.8.6\n   Compiling rayon v1.10.0\n   Compiling ppv-lite86 v0.2.21\n   Compiling bincode v1.3.3\n   Compiling ntest_timeout v0.9.3\n   Compiling ntest_test_cases v0.9.3\n   Compiling ntest v0.9.3\n   Compiling rand_core v0.9.3 (/home/utgen/workspace/rand/rand_core)\n   Compiling rand_chacha v0.9.0 (/home/utgen/workspace/rand/rand_chacha)\n   Compiling rand_pcg v0.9.0 (/home/utgen/workspace/rand/rand_pcg)\n   Compiling rand v0.9.1 (/home/utgen/workspace/rand)\nwarning: unused import: `super::Bernoulli`\n   --> src/distr/bernoulli.rs:167:9\n    |\n167 |     use super::Bernoulli;\n    |         ^^^^^^^^^^^^^^^^\n    |\n    = note: `#[warn(unused_imports)]` on by default\n\nwarning: unused import: `crate::distr::Distribution`\n   --> src/distr/bernoulli.rs:168:9\n    |\n168 |     use crate::distr::Distribution;\n    |         ^^^^^^^^^^^^^^^^^^^^^^^^^^\n\nwarning: unused import: `crate::Rng`\n   --> src/distr/bernoulli.rs:169:9\n    |\n169 |     use crate::Rng;\n    |         ^^^^^^^^^^\n\nwarning: unused imports: `Distribution` and `Uniform`\n   --> src/distr/distribution.rs:206:24\n    |\n206 |     use crate::distr::{Distribution, Uniform};\n    |                        ^^^^^^^^^^^^  ^^^^^^^\n\nwarning: unused import: `crate::Rng`\n   --> src/distr/distribution.rs:207:9\n    |\n207 |     use crate::Rng;\n    |         ^^^^^^^^^^\n\nwarning: unused import: `super::*`\n   --> src/distr/float.rs:177:9\n    |\n177 |     use super::*;\n    |         ^^^^^^^^\n\nwarning: unused import: `crate::test::const_rng`\n   --> src/distr/float.rs:178:9\n    |\n178 |     use crate::test::const_rng;\n    |         ^^^^^^^^^^^^^^^^^^^^^^\n\nwarning: unused macro definition: `test_f32`\n   --> src/distr/float.rs:183:18\n    |\n183 |     macro_rules! test_f32 {\n    |                  ^^^^^^^^\n    |\n    = note: `#[warn(unused_macros)]` on by default\n\nwarning: unused macro definition: `test_f64`\n   --> src/distr/float.rs:231:18\n    |\n231 |     macro_rules! test_f64 {\n    |                  ^^^^^^^^\n\nwarning: unused import: `super::*`\n   --> src/distr/integer.rs:182:9\n    |\n182 |     use super::*;\n    |         ^^^^^^^^\n\nwarning: unused import: `super::*`\n   --> src/distr/other.rs:317:9\n    |\n317 |     use super::*;\n    |         ^^^^^^^^\n\nwarning: unused import: `crate::RngCore`\n   --> src/distr/other.rs:318:9\n    |\n318 |     use crate::RngCore;\n    |         ^^^^^^^^^^^^^^\n\nwarning: unused import: `super::*`\n   --> src/distr/slice.rs:157:9\n    |\n157 |     use super::*;\n    |         ^^^^^^^^\n\nwarning: unused import: `core::iter`\n   --> src/distr/slice.rs:158:9\n    |\n158 |     use core::iter;\n    |         ^^^^^^^^^^\n\nwarning: unused import: `super::*`\n   --> src/distr/uniform_float.rs:220:9\n    |\n220 |     use super::*;\n    |         ^^^^^^^^\n\nwarning: unused imports: `Uniform` and `utils::FloatSIMDScalarUtils`\n   --> src/distr/uniform_float.rs:221:24\n    |\n221 |     use crate::distr::{utils::FloatSIMDScalarUtils, Uniform};\n    |                        ^^^^^^^^^^^^^^^^^^^^^^^^^^^  ^^^^^^^\n\nwarning: unused imports: `const_rng` and `step_rng`\n   --> src/distr/uniform_float.rs:222:23\n    |\n222 |     use crate::test::{const_rng, step_rng};\n    |                       ^^^^^^^^^  ^^^^^^^^\n\nwarning: unused import: `super::*`\n   --> src/distr/uniform_int.rs:572:9\n    |\n572 |     use super::*;\n    |         ^^^^^^^^\n\nwarning: unused imports: `Distribution` and `Uniform`\n   --> src/distr/uniform_int.rs:573:24\n    |\n573 |     use crate::distr::{Distribution, Uniform};\n    |                        ^^^^^^^^^^^^  ^^^^^^^\n\nwarning: unused import: `core::fmt::Debug`\n   --> src/distr/uniform_int.rs:574:9\n    |\n574 |     use core::fmt::Debug;\n    |         ^^^^^^^^^^^^^^^^\n\nwarning: unused import: `core::ops::Add`\n   --> src/distr/uniform_int.rs:575:9\n    |\n575 |     use core::ops::Add;\n    |         ^^^^^^^^^^^^^^\n\nwarning: unused import: `super::*`\n   --> src/distr/uniform_other.rs:248:9\n    |\n248 |     use super::*;\n    |         ^^^^^^^^\n\nwarning: unused import: `super::*`\n   --> src/distr/uniform.rs:491:9\n    |\n491 |     use super::*;\n    |         ^^^^^^^^\n\nwarning: unused import: `core::time::Duration`\n   --> src/distr/uniform.rs:492:9\n    |\n492 |     use core::time::Duration;\n    |         ^^^^^^^^^^^^^^^^^^^^\n\nwarning: unused import: `ntest::timeout`\n   --> src/distr/uniform.rs:628:8\n    |\n628 |    use ntest::timeout;\n    |        ^^^^^^^^^^^^^^\n\nwarning: unused import: `super::*`\n   --> src/distr/weighted/weighted_index.rs:372:9\n    |\n372 |     use super::*;\n    |         ^^^^^^^^\n\nwarning: unused import: `super::*`\n   --> src/rng.rs:481:9\n    |\n481 |     use super::*;\n    |         ^^^^^^^^\n\nwarning: unused imports: `const_rng` and `rng`\n   --> src/rng.rs:482:23\n    |\n482 |     use crate::test::{const_rng, rng};\n    |                       ^^^^^^^^^  ^^^\n\nwarning: unused import: `alloc::boxed::Box`\n   --> src/rng.rs:484:9\n    |\n484 |     use alloc::boxed::Box;\n    |         ^^^^^^^^^^^^^^^^^\n\nwarning: unused import: `crate::rngs::std::Core`\n   --> src/rngs/reseeding.rs:256:9\n    |\n256 |     use crate::rngs::std::Core;\n    |         ^^^^^^^^^^^^^^^^^^^^^^\n\nwarning: unused import: `crate::test::const_rng`\n   --> src/rngs/reseeding.rs:257:9\n    |\n257 |     use crate::test::const_rng;\n    |         ^^^^^^^^^^^^^^^^^^^^^^\n\nwarning: unused import: `crate::Rng`\n   --> src/rngs/reseeding.rs:258:9\n    |\n258 |     use crate::Rng;\n    |         ^^^^^^^^^^\n\nwarning: unused import: `super::ReseedingRng`\n   --> src/rngs/reseeding.rs:260:9\n    |\n260 |     use super::ReseedingRng;\n    |         ^^^^^^^^^^^^^^^^^^^\n\nwarning: unused import: `super::Xoshiro256PlusPlus`\n   --> src/rngs/xoshiro256plusplus.rs:106:9\n    |\n106 |     use super::Xoshiro256PlusPlus;\n    |         ^^^^^^^^^^^^^^^^^^^^^^^^^\n\nwarning: unused imports: `RngCore` and `SeedableRng`\n   --> src/rngs/xoshiro256plusplus.rs:107:21\n    |\n107 |     use rand_core::{RngCore, SeedableRng};\n    |                     ^^^^^^^  ^^^^^^^^^^^\n\nwarning: unused import: `crate::rngs::StdRng`\n   --> src/rngs/std.rs:103:9\n    |\n103 |     use crate::rngs::StdRng;\n    |         ^^^^^^^^^^^^^^^^^^^\n\nwarning: unused imports: `RngCore` and `SeedableRng`\n   --> src/rngs/std.rs:104:17\n    |\n104 |     use crate::{RngCore, SeedableRng};\n    |                 ^^^^^^^  ^^^^^^^^^^^\n\nwarning: unused import: `super::*`\n   --> src/seq/slice.rs:449:9\n    |\n449 |     use super::*;\n    |         ^^^^^^^^\n\nwarning: unused import: `alloc::vec::Vec`\n   --> src/seq/slice.rs:451:9\n    |\n451 |     use alloc::vec::Vec;\n    |         ^^^^^^^^^^^^^^^\n\nwarning: unused import: `super::*`\n   --> src/seq/index.rs:565:9\n    |\n565 |     use super::*;\n    |         ^^^^^^^^\n\nwarning: unused import: `alloc::vec`\n   --> src/seq/index.rs:566:9\n    |\n566 |     use alloc::vec;\n    |         ^^^^^^^^^^\n\nerror[E0119]: conflicting implementations of trait `uniform::SampleBorrow<SampleUniformImpl>` for type `SampleUniformImpl`\n   --> src/distr/uniform.rs:636:5\n    |\n399 | / impl<Borrowed> SampleBorrow<Borrowed> for Borrowed\n400 | | where\n401 | |     Borrowed: SampleUniform,\n    | |____________________________- first implementation here\n...\n636 |       impl SampleBorrow<SampleUniformImpl> for SampleUniformImpl {\n    |       ^^^^^^^^^^^^^^^^^^^^^^^^^^^^^^^^^^^^^^^^^^^^^^^^^^^^^^^^^^ conflicting implementation for `SampleUniformImpl`\n\nerror[E0277]: the trait bound `SampleUniformImpl: uniform::UniformSampler` is not satisfied\n   --> src/distr/uniform.rs:634:24\n    |\n634 |         type Sampler = Self;\n    |                        ^^^^ the trait `uniform::UniformSampler` is not implemented for `SampleUniformImpl`\n    |\n    = help: the following other types implement trait `uniform::UniformSampler`:\n              UniformChar\n              UniformDuration\n              UniformFloat<f32>\n              UniformFloat<f64>\n              UniformInt<i128>\n              UniformInt<i16>\n              UniformInt<i32>\n              UniformInt<i64>\n            and 7 others\nnote: required by a bound in `uniform::SampleUniform::Sampler`\n   --> src/distr/uniform.rs:270:19\n    |\n270 |     type Sampler: UniformSampler<X = Self>;\n    |                   ^^^^^^^^^^^^^^^^^^^^^^^^ required by this bound in `SampleUniform::Sampler`\n\nerror[E0277]: the trait bound `{integer}: uniform::SampleBorrow<SampleUniformImpl>` is not satisfied\n   --> src/distr/uniform.rs:650:62\n    |\n650 |     let result = Uniform::<SampleUniformImpl>::new_inclusive(1, 10);\n    |                  ------------------------------------------- ^ the trait `uniform::SampleBorrow<SampleUniformImpl>` is not implemented for `{integer}`\n    |                  |\n    |                  required by a bound introduced by this call\n    |\n    = help: the following other types implement trait `uniform::SampleBorrow<Borrowed>`:\n              `&Borrowed` implements `uniform::SampleBorrow<Borrowed>`\n              `SampleUniformImpl` implements `uniform::SampleBorrow<SampleUniformImpl>`\nnote: required by a bound in `uniform::Uniform::<X>::new_inclusive`\n   --> src/distr/uniform.rs:248:13\n    |\n246 |     pub fn new_inclusive<B1, B2>(low: B1, high: B2) -> Result<Uniform<X>, Error>\n    |            ------------- required by a bound in this associated function\n247 |     where\n248 |         B1: SampleBorrow<X> + Sized,\n    |             ^^^^^^^^^^^^^^^ required by this bound in `Uniform::<X>::new_inclusive`\n\nerror[E0277]: the trait bound `{integer}: uniform::SampleBorrow<SampleUniformImpl>` is not satisfied\n   --> src/distr/uniform.rs:650:65\n    |\n650 |     let result = Uniform::<SampleUniformImpl>::new_inclusive(1, 10);\n    |                  -------------------------------------------    ^^ the trait `uniform::SampleBorrow<SampleUniformImpl>` is not implemented for `{integer}`\n    |                  |\n    |                  required by a bound introduced by this call\n    |\n    = help: the following other types implement trait `uniform::SampleBorrow<Borrowed>`:\n              `&Borrowed` implements `uniform::SampleBorrow<Borrowed>`\n              `SampleUniformImpl` implements `uniform::SampleBorrow<SampleUniformImpl>`\nnote: required by a bound in `uniform::Uniform::<X>::new_inclusive`\n   --> src/distr/uniform.rs:249:13\n    |\n246 |     pub fn new_inclusive<B1, B2>(low: B1, high: B2) -> Result<Uniform<X>, Error>\n    |            ------------- required by a bound in this associated function\n...\n249 |         B2: SampleBorrow<X> + Sized,\n    |             ^^^^^^^^^^^^^^^ required by this bound in `Uniform::<X>::new_inclusive`\n\nwarning: unused import: `super`\n   --> src/seq/iterator.rs:271:9\n    |\n271 |     use super::*;\n    |         ^^^^^\n\nwarning: unused variable: `low`\n   --> src/distr/uniform.rs:640:34\n    |\n640 |         fn new_inclusive<B1, B2>(low: B1, high: B2) -> Result<SampleUniformImpl, Error> \n    |                                  ^^^ help: if this is intentional, prefix it with an underscore: `_low`\n    |\n    = note: `#[warn(unused_variables)]` on by default\n\nwarning: unused variable: `high`\n   --> src/distr/uniform.rs:640:43\n    |\n640 |         fn new_inclusive<B1, B2>(low: B1, high: B2) -> Result<SampleUniformImpl, Error> \n    |                                           ^^^^ help: if this is intentional, prefix it with an underscore: `_high`\n\nSome errors have detailed explanations: E0119, E0277.\nFor more information about an error, try `rustc --explain E0119`.\nwarning: `rand` (lib test) generated 44 warnings\nerror: could not compile `rand` (lib test) due to 4 previous errors; 44 warnings emitted\n"
                }
              ],
              "repaired": [
                false
              ]
            },
            {
              "attrs": [],
              "prefix": [],
              "oracles": [],
              "codes": [
                [
                  "{",
                  "    struct SampleUniformImpl;",
                  "    impl SampleUniform for SampleUniformImpl {",
                  "        type Sampler = Self;",
                  "    }",
                  "    impl SampleBorrow<SampleUniformImpl> for SampleUniformImpl {",
                  "        // Providing necessary implementation details for sample borrowing",
                  "    }",
                  "  ",
                  "    let result = Uniform::<SampleUniformImpl>::new_inclusive(10, 1);",
                  "    assert!(matches!(result, Err(Error::EmptyRange)));",
                  "}"
                ]
              ],
              "can_compile": [
                {
                  "Err": "   Compiling proc-macro2 v1.0.95\n   Compiling syn v1.0.109\n   Compiling libc v0.2.172\n   Compiling crossbeam-utils v0.8.21\n   Compiling getrandom v0.3.2\n   Compiling zerocopy v0.8.24\n   Compiling rayon-core v1.12.1\n   Compiling serde v1.0.219\n   Compiling crossbeam-epoch v0.9.18\n   Compiling quote v1.0.40\n   Compiling crossbeam-deque v0.8.6\n   Compiling rayon v1.10.0\n   Compiling ppv-lite86 v0.2.21\n   Compiling bincode v1.3.3\n   Compiling ntest_test_cases v0.9.3\n   Compiling ntest_timeout v0.9.3\n   Compiling ntest v0.9.3\n   Compiling rand_core v0.9.3 (/home/utgen/workspace/rand/rand_core)\n   Compiling rand_pcg v0.9.0 (/home/utgen/workspace/rand/rand_pcg)\n   Compiling rand_chacha v0.9.0 (/home/utgen/workspace/rand/rand_chacha)\n   Compiling rand v0.9.1 (/home/utgen/workspace/rand)\nwarning: unused import: `super::Bernoulli`\n   --> src/distr/bernoulli.rs:167:9\n    |\n167 |     use super::Bernoulli;\n    |         ^^^^^^^^^^^^^^^^\n    |\n    = note: `#[warn(unused_imports)]` on by default\n\nwarning: unused import: `crate::distr::Distribution`\n   --> src/distr/bernoulli.rs:168:9\n    |\n168 |     use crate::distr::Distribution;\n    |         ^^^^^^^^^^^^^^^^^^^^^^^^^^\n\nwarning: unused import: `crate::Rng`\n   --> src/distr/bernoulli.rs:169:9\n    |\n169 |     use crate::Rng;\n    |         ^^^^^^^^^^\n\nwarning: unused imports: `Distribution` and `Uniform`\n   --> src/distr/distribution.rs:206:24\n    |\n206 |     use crate::distr::{Distribution, Uniform};\n    |                        ^^^^^^^^^^^^  ^^^^^^^\n\nwarning: unused import: `crate::Rng`\n   --> src/distr/distribution.rs:207:9\n    |\n207 |     use crate::Rng;\n    |         ^^^^^^^^^^\n\nwarning: unused import: `super::*`\n   --> src/distr/float.rs:177:9\n    |\n177 |     use super::*;\n    |         ^^^^^^^^\n\nwarning: unused import: `crate::test::const_rng`\n   --> src/distr/float.rs:178:9\n    |\n178 |     use crate::test::const_rng;\n    |         ^^^^^^^^^^^^^^^^^^^^^^\n\nwarning: unused macro definition: `test_f32`\n   --> src/distr/float.rs:183:18\n    |\n183 |     macro_rules! test_f32 {\n    |                  ^^^^^^^^\n    |\n    = note: `#[warn(unused_macros)]` on by default\n\nwarning: unused macro definition: `test_f64`\n   --> src/distr/float.rs:231:18\n    |\n231 |     macro_rules! test_f64 {\n    |                  ^^^^^^^^\n\nwarning: unused import: `super::*`\n   --> src/distr/integer.rs:182:9\n    |\n182 |     use super::*;\n    |         ^^^^^^^^\n\nwarning: unused import: `super::*`\n   --> src/distr/other.rs:317:9\n    |\n317 |     use super::*;\n    |         ^^^^^^^^\n\nwarning: unused import: `crate::RngCore`\n   --> src/distr/other.rs:318:9\n    |\n318 |     use crate::RngCore;\n    |         ^^^^^^^^^^^^^^\n\nwarning: unused import: `super::*`\n   --> src/distr/slice.rs:157:9\n    |\n157 |     use super::*;\n    |         ^^^^^^^^\n\nwarning: unused import: `core::iter`\n   --> src/distr/slice.rs:158:9\n    |\n158 |     use core::iter;\n    |         ^^^^^^^^^^\n\nwarning: unused import: `super::*`\n   --> src/distr/uniform_float.rs:220:9\n    |\n220 |     use super::*;\n    |         ^^^^^^^^\n\nwarning: unused imports: `Uniform` and `utils::FloatSIMDScalarUtils`\n   --> src/distr/uniform_float.rs:221:24\n    |\n221 |     use crate::distr::{utils::FloatSIMDScalarUtils, Uniform};\n    |                        ^^^^^^^^^^^^^^^^^^^^^^^^^^^  ^^^^^^^\n\nwarning: unused imports: `const_rng` and `step_rng`\n   --> src/distr/uniform_float.rs:222:23\n    |\n222 |     use crate::test::{const_rng, step_rng};\n    |                       ^^^^^^^^^  ^^^^^^^^\n\nwarning: unused import: `super::*`\n   --> src/distr/uniform_int.rs:572:9\n    |\n572 |     use super::*;\n    |         ^^^^^^^^\n\nwarning: unused imports: `Distribution` and `Uniform`\n   --> src/distr/uniform_int.rs:573:24\n    |\n573 |     use crate::distr::{Distribution, Uniform};\n    |                        ^^^^^^^^^^^^  ^^^^^^^\n\nwarning: unused import: `core::fmt::Debug`\n   --> src/distr/uniform_int.rs:574:9\n    |\n574 |     use core::fmt::Debug;\n    |         ^^^^^^^^^^^^^^^^\n\nwarning: unused import: `core::ops::Add`\n   --> src/distr/uniform_int.rs:575:9\n    |\n575 |     use core::ops::Add;\n    |         ^^^^^^^^^^^^^^\n\nwarning: unused import: `super::*`\n   --> src/distr/uniform_other.rs:248:9\n    |\n248 |     use super::*;\n    |         ^^^^^^^^\n\nwarning: unused import: `super::*`\n   --> src/distr/uniform.rs:491:9\n    |\n491 |     use super::*;\n    |         ^^^^^^^^\n\nwarning: unused import: `core::time::Duration`\n   --> src/distr/uniform.rs:492:9\n    |\n492 |     use core::time::Duration;\n    |         ^^^^^^^^^^^^^^^^^^^^\n\nwarning: unused import: `ntest::timeout`\n   --> src/distr/uniform.rs:628:8\n    |\n628 |    use ntest::timeout;\n    |        ^^^^^^^^^^^^^^\n\nwarning: unused import: `super::*`\n   --> src/distr/weighted/weighted_index.rs:372:9\n    |\n372 |     use super::*;\n    |         ^^^^^^^^\n\nwarning: unused import: `super::*`\n   --> src/rng.rs:481:9\n    |\n481 |     use super::*;\n    |         ^^^^^^^^\n\nwarning: unused imports: `const_rng` and `rng`\n   --> src/rng.rs:482:23\n    |\n482 |     use crate::test::{const_rng, rng};\n    |                       ^^^^^^^^^  ^^^\n\nwarning: unused import: `alloc::boxed::Box`\n   --> src/rng.rs:484:9\n    |\n484 |     use alloc::boxed::Box;\n    |         ^^^^^^^^^^^^^^^^^\n\nwarning: unused import: `crate::rngs::std::Core`\n   --> src/rngs/reseeding.rs:256:9\n    |\n256 |     use crate::rngs::std::Core;\n    |         ^^^^^^^^^^^^^^^^^^^^^^\n\nwarning: unused import: `crate::test::const_rng`\n   --> src/rngs/reseeding.rs:257:9\n    |\n257 |     use crate::test::const_rng;\n    |         ^^^^^^^^^^^^^^^^^^^^^^\n\nwarning: unused import: `crate::Rng`\n   --> src/rngs/reseeding.rs:258:9\n    |\n258 |     use crate::Rng;\n    |         ^^^^^^^^^^\n\nwarning: unused import: `super::ReseedingRng`\n   --> src/rngs/reseeding.rs:260:9\n    |\n260 |     use super::ReseedingRng;\n    |         ^^^^^^^^^^^^^^^^^^^\n\nwarning: unused import: `super::Xoshiro256PlusPlus`\n   --> src/rngs/xoshiro256plusplus.rs:106:9\n    |\n106 |     use super::Xoshiro256PlusPlus;\n    |         ^^^^^^^^^^^^^^^^^^^^^^^^^\n\nwarning: unused imports: `RngCore` and `SeedableRng`\n   --> src/rngs/xoshiro256plusplus.rs:107:21\n    |\n107 |     use rand_core::{RngCore, SeedableRng};\n    |                     ^^^^^^^  ^^^^^^^^^^^\n\nwarning: unused import: `crate::rngs::StdRng`\n   --> src/rngs/std.rs:103:9\n    |\n103 |     use crate::rngs::StdRng;\n    |         ^^^^^^^^^^^^^^^^^^^\n\nwarning: unused imports: `RngCore` and `SeedableRng`\n   --> src/rngs/std.rs:104:17\n    |\n104 |     use crate::{RngCore, SeedableRng};\n    |                 ^^^^^^^  ^^^^^^^^^^^\n\nwarning: unused import: `super::*`\n   --> src/seq/slice.rs:449:9\n    |\n449 |     use super::*;\n    |         ^^^^^^^^\n\nwarning: unused import: `alloc::vec::Vec`\n   --> src/seq/slice.rs:451:9\n    |\n451 |     use alloc::vec::Vec;\n    |         ^^^^^^^^^^^^^^^\n\nwarning: unused import: `super::*`\n   --> src/seq/index.rs:565:9\n    |\n565 |     use super::*;\n    |         ^^^^^^^^\n\nwarning: unused import: `alloc::vec`\n   --> src/seq/index.rs:566:9\n    |\n566 |     use alloc::vec;\n    |         ^^^^^^^^^^\n\nerror[E0119]: conflicting implementations of trait `uniform::SampleBorrow<SampleUniformImpl>` for type `SampleUniformImpl`\n   --> src/distr/uniform.rs:636:5\n    |\n399 | / impl<Borrowed> SampleBorrow<Borrowed> for Borrowed\n400 | | where\n401 | |     Borrowed: SampleUniform,\n    | |____________________________- first implementation here\n...\n636 |       impl SampleBorrow<SampleUniformImpl> for SampleUniformImpl {\n    |       ^^^^^^^^^^^^^^^^^^^^^^^^^^^^^^^^^^^^^^^^^^^^^^^^^^^^^^^^^^ conflicting implementation for `SampleUniformImpl`\n\nerror[E0277]: the trait bound `SampleUniformImpl: uniform::UniformSampler` is not satisfied\n   --> src/distr/uniform.rs:634:24\n    |\n634 |         type Sampler = Self;\n    |                        ^^^^ the trait `uniform::UniformSampler` is not implemented for `SampleUniformImpl`\n    |\n    = help: the following other types implement trait `uniform::UniformSampler`:\n              UniformChar\n              UniformDuration\n              UniformFloat<f32>\n              UniformFloat<f64>\n              UniformInt<i128>\n              UniformInt<i16>\n              UniformInt<i32>\n              UniformInt<i64>\n            and 7 others\nnote: required by a bound in `uniform::SampleUniform::Sampler`\n   --> src/distr/uniform.rs:270:19\n    |\n270 |     type Sampler: UniformSampler<X = Self>;\n    |                   ^^^^^^^^^^^^^^^^^^^^^^^^ required by this bound in `SampleUniform::Sampler`\n\nerror[E0277]: the trait bound `{integer}: uniform::SampleBorrow<SampleUniformImpl>` is not satisfied\n   --> src/distr/uniform.rs:640:62\n    |\n640 |     let result = Uniform::<SampleUniformImpl>::new_inclusive(10, 1);\n    |                  ------------------------------------------- ^^ the trait `uniform::SampleBorrow<SampleUniformImpl>` is not implemented for `{integer}`\n    |                  |\n    |                  required by a bound introduced by this call\n    |\n    = help: the following other types implement trait `uniform::SampleBorrow<Borrowed>`:\n              `&Borrowed` implements `uniform::SampleBorrow<Borrowed>`\n              `SampleUniformImpl` implements `uniform::SampleBorrow<SampleUniformImpl>`\nnote: required by a bound in `uniform::Uniform::<X>::new_inclusive`\n   --> src/distr/uniform.rs:248:13\n    |\n246 |     pub fn new_inclusive<B1, B2>(low: B1, high: B2) -> Result<Uniform<X>, Error>\n    |            ------------- required by a bound in this associated function\n247 |     where\n248 |         B1: SampleBorrow<X> + Sized,\n    |             ^^^^^^^^^^^^^^^ required by this bound in `Uniform::<X>::new_inclusive`\n\nerror[E0277]: the trait bound `{integer}: uniform::SampleBorrow<SampleUniformImpl>` is not satisfied\n   --> src/distr/uniform.rs:640:66\n    |\n640 |     let result = Uniform::<SampleUniformImpl>::new_inclusive(10, 1);\n    |                  -------------------------------------------     ^ the trait `uniform::SampleBorrow<SampleUniformImpl>` is not implemented for `{integer}`\n    |                  |\n    |                  required by a bound introduced by this call\n    |\n    = help: the following other types implement trait `uniform::SampleBorrow<Borrowed>`:\n              `&Borrowed` implements `uniform::SampleBorrow<Borrowed>`\n              `SampleUniformImpl` implements `uniform::SampleBorrow<SampleUniformImpl>`\nnote: required by a bound in `uniform::Uniform::<X>::new_inclusive`\n   --> src/distr/uniform.rs:249:13\n    |\n246 |     pub fn new_inclusive<B1, B2>(low: B1, high: B2) -> Result<Uniform<X>, Error>\n    |            ------------- required by a bound in this associated function\n...\n249 |         B2: SampleBorrow<X> + Sized,\n    |             ^^^^^^^^^^^^^^^ required by this bound in `Uniform::<X>::new_inclusive`\n\nwarning: unused import: `super`\n   --> src/seq/iterator.rs:271:9\n    |\n271 |     use super::*;\n    |         ^^^^^\n\nSome errors have detailed explanations: E0119, E0277.\nFor more information about an error, try `rustc --explain E0119`.\nwarning: `rand` (lib test) generated 42 warnings\nerror: could not compile `rand` (lib test) due to 4 previous errors; 42 warnings emitted\n"
                }
              ],
              "repaired": [
                false
              ]
            },
            {
              "attrs": [],
              "prefix": [],
              "oracles": [],
              "codes": [
                [
                  "{",
                  "    struct SampleUniformImpl;",
                  "    impl SampleUniform for SampleUniformImpl {",
                  "        type Sampler = Self;",
                  "    }",
                  "    impl SampleBorrow<SampleUniformImpl> for SampleUniformImpl {",
                  "        // Providing necessary implementation details for sample borrowing",
                  "    }",
                  "",
                  "    let result = Uniform::<SampleUniformImpl>::new_inclusive(f32::NAN, 10);",
                  "    assert!(matches!(result, Err(Error::NonFinite)));",
                  "}"
                ]
              ],
              "can_compile": [
                {
                  "Err": "   Compiling proc-macro2 v1.0.95\n   Compiling syn v1.0.109\n   Compiling libc v0.2.172\n   Compiling crossbeam-utils v0.8.21\n   Compiling getrandom v0.3.2\n   Compiling zerocopy v0.8.24\n   Compiling rayon-core v1.12.1\n   Compiling serde v1.0.219\n   Compiling crossbeam-epoch v0.9.18\n   Compiling quote v1.0.40\n   Compiling crossbeam-deque v0.8.6\n   Compiling rayon v1.10.0\n   Compiling ppv-lite86 v0.2.21\n   Compiling bincode v1.3.3\n   Compiling ntest_timeout v0.9.3\n   Compiling ntest_test_cases v0.9.3\n   Compiling ntest v0.9.3\n   Compiling rand_core v0.9.3 (/home/utgen/workspace/rand/rand_core)\n   Compiling rand_chacha v0.9.0 (/home/utgen/workspace/rand/rand_chacha)\n   Compiling rand_pcg v0.9.0 (/home/utgen/workspace/rand/rand_pcg)\n   Compiling rand v0.9.1 (/home/utgen/workspace/rand)\nwarning: unused import: `super::Bernoulli`\n   --> src/distr/bernoulli.rs:167:9\n    |\n167 |     use super::Bernoulli;\n    |         ^^^^^^^^^^^^^^^^\n    |\n    = note: `#[warn(unused_imports)]` on by default\n\nwarning: unused import: `crate::distr::Distribution`\n   --> src/distr/bernoulli.rs:168:9\n    |\n168 |     use crate::distr::Distribution;\n    |         ^^^^^^^^^^^^^^^^^^^^^^^^^^\n\nwarning: unused import: `crate::Rng`\n   --> src/distr/bernoulli.rs:169:9\n    |\n169 |     use crate::Rng;\n    |         ^^^^^^^^^^\n\nwarning: unused imports: `Distribution` and `Uniform`\n   --> src/distr/distribution.rs:206:24\n    |\n206 |     use crate::distr::{Distribution, Uniform};\n    |                        ^^^^^^^^^^^^  ^^^^^^^\n\nwarning: unused import: `crate::Rng`\n   --> src/distr/distribution.rs:207:9\n    |\n207 |     use crate::Rng;\n    |         ^^^^^^^^^^\n\nwarning: unused import: `super::*`\n   --> src/distr/float.rs:177:9\n    |\n177 |     use super::*;\n    |         ^^^^^^^^\n\nwarning: unused import: `crate::test::const_rng`\n   --> src/distr/float.rs:178:9\n    |\n178 |     use crate::test::const_rng;\n    |         ^^^^^^^^^^^^^^^^^^^^^^\n\nwarning: unused macro definition: `test_f32`\n   --> src/distr/float.rs:183:18\n    |\n183 |     macro_rules! test_f32 {\n    |                  ^^^^^^^^\n    |\n    = note: `#[warn(unused_macros)]` on by default\n\nwarning: unused macro definition: `test_f64`\n   --> src/distr/float.rs:231:18\n    |\n231 |     macro_rules! test_f64 {\n    |                  ^^^^^^^^\n\nwarning: unused import: `super::*`\n   --> src/distr/integer.rs:182:9\n    |\n182 |     use super::*;\n    |         ^^^^^^^^\n\nwarning: unused import: `super::*`\n   --> src/distr/other.rs:317:9\n    |\n317 |     use super::*;\n    |         ^^^^^^^^\n\nwarning: unused import: `crate::RngCore`\n   --> src/distr/other.rs:318:9\n    |\n318 |     use crate::RngCore;\n    |         ^^^^^^^^^^^^^^\n\nwarning: unused import: `super::*`\n   --> src/distr/slice.rs:157:9\n    |\n157 |     use super::*;\n    |         ^^^^^^^^\n\nwarning: unused import: `core::iter`\n   --> src/distr/slice.rs:158:9\n    |\n158 |     use core::iter;\n    |         ^^^^^^^^^^\n\nwarning: unused import: `super::*`\n   --> src/distr/uniform_float.rs:220:9\n    |\n220 |     use super::*;\n    |         ^^^^^^^^\n\nwarning: unused imports: `Uniform` and `utils::FloatSIMDScalarUtils`\n   --> src/distr/uniform_float.rs:221:24\n    |\n221 |     use crate::distr::{utils::FloatSIMDScalarUtils, Uniform};\n    |                        ^^^^^^^^^^^^^^^^^^^^^^^^^^^  ^^^^^^^\n\nwarning: unused imports: `const_rng` and `step_rng`\n   --> src/distr/uniform_float.rs:222:23\n    |\n222 |     use crate::test::{const_rng, step_rng};\n    |                       ^^^^^^^^^  ^^^^^^^^\n\nwarning: unused import: `super::*`\n   --> src/distr/uniform_int.rs:572:9\n    |\n572 |     use super::*;\n    |         ^^^^^^^^\n\nwarning: unused imports: `Distribution` and `Uniform`\n   --> src/distr/uniform_int.rs:573:24\n    |\n573 |     use crate::distr::{Distribution, Uniform};\n    |                        ^^^^^^^^^^^^  ^^^^^^^\n\nwarning: unused import: `core::fmt::Debug`\n   --> src/distr/uniform_int.rs:574:9\n    |\n574 |     use core::fmt::Debug;\n    |         ^^^^^^^^^^^^^^^^\n\nwarning: unused import: `core::ops::Add`\n   --> src/distr/uniform_int.rs:575:9\n    |\n575 |     use core::ops::Add;\n    |         ^^^^^^^^^^^^^^\n\nwarning: unused import: `super::*`\n   --> src/distr/uniform_other.rs:248:9\n    |\n248 |     use super::*;\n    |         ^^^^^^^^\n\nwarning: unused import: `super::*`\n   --> src/distr/uniform.rs:491:9\n    |\n491 |     use super::*;\n    |         ^^^^^^^^\n\nwarning: unused import: `core::time::Duration`\n   --> src/distr/uniform.rs:492:9\n    |\n492 |     use core::time::Duration;\n    |         ^^^^^^^^^^^^^^^^^^^^\n\nwarning: unused import: `ntest::timeout`\n   --> src/distr/uniform.rs:628:8\n    |\n628 |    use ntest::timeout;\n    |        ^^^^^^^^^^^^^^\n\nwarning: unused import: `super::*`\n   --> src/distr/weighted/weighted_index.rs:372:9\n    |\n372 |     use super::*;\n    |         ^^^^^^^^\n\nwarning: unused import: `super::*`\n   --> src/rng.rs:481:9\n    |\n481 |     use super::*;\n    |         ^^^^^^^^\n\nwarning: unused imports: `const_rng` and `rng`\n   --> src/rng.rs:482:23\n    |\n482 |     use crate::test::{const_rng, rng};\n    |                       ^^^^^^^^^  ^^^\n\nwarning: unused import: `alloc::boxed::Box`\n   --> src/rng.rs:484:9\n    |\n484 |     use alloc::boxed::Box;\n    |         ^^^^^^^^^^^^^^^^^\n\nwarning: unused import: `crate::rngs::std::Core`\n   --> src/rngs/reseeding.rs:256:9\n    |\n256 |     use crate::rngs::std::Core;\n    |         ^^^^^^^^^^^^^^^^^^^^^^\n\nwarning: unused import: `crate::test::const_rng`\n   --> src/rngs/reseeding.rs:257:9\n    |\n257 |     use crate::test::const_rng;\n    |         ^^^^^^^^^^^^^^^^^^^^^^\n\nwarning: unused import: `crate::Rng`\n   --> src/rngs/reseeding.rs:258:9\n    |\n258 |     use crate::Rng;\n    |         ^^^^^^^^^^\n\nwarning: unused import: `super::ReseedingRng`\n   --> src/rngs/reseeding.rs:260:9\n    |\n260 |     use super::ReseedingRng;\n    |         ^^^^^^^^^^^^^^^^^^^\n\nwarning: unused import: `super::Xoshiro256PlusPlus`\n   --> src/rngs/xoshiro256plusplus.rs:106:9\n    |\n106 |     use super::Xoshiro256PlusPlus;\n    |         ^^^^^^^^^^^^^^^^^^^^^^^^^\n\nwarning: unused imports: `RngCore` and `SeedableRng`\n   --> src/rngs/xoshiro256plusplus.rs:107:21\n    |\n107 |     use rand_core::{RngCore, SeedableRng};\n    |                     ^^^^^^^  ^^^^^^^^^^^\n\nwarning: unused import: `crate::rngs::StdRng`\n   --> src/rngs/std.rs:103:9\n    |\n103 |     use crate::rngs::StdRng;\n    |         ^^^^^^^^^^^^^^^^^^^\n\nwarning: unused imports: `RngCore` and `SeedableRng`\n   --> src/rngs/std.rs:104:17\n    |\n104 |     use crate::{RngCore, SeedableRng};\n    |                 ^^^^^^^  ^^^^^^^^^^^\n\nwarning: unused import: `super::*`\n   --> src/seq/slice.rs:449:9\n    |\n449 |     use super::*;\n    |         ^^^^^^^^\n\nwarning: unused import: `alloc::vec::Vec`\n   --> src/seq/slice.rs:451:9\n    |\n451 |     use alloc::vec::Vec;\n    |         ^^^^^^^^^^^^^^^\n\nwarning: unused import: `super::*`\n   --> src/seq/index.rs:565:9\n    |\n565 |     use super::*;\n    |         ^^^^^^^^\n\nwarning: unused import: `alloc::vec`\n   --> src/seq/index.rs:566:9\n    |\n566 |     use alloc::vec;\n    |         ^^^^^^^^^^\n\nerror[E0119]: conflicting implementations of trait `uniform::SampleBorrow<SampleUniformImpl>` for type `SampleUniformImpl`\n   --> src/distr/uniform.rs:636:5\n    |\n399 | / impl<Borrowed> SampleBorrow<Borrowed> for Borrowed\n400 | | where\n401 | |     Borrowed: SampleUniform,\n    | |____________________________- first implementation here\n...\n636 |       impl SampleBorrow<SampleUniformImpl> for SampleUniformImpl {\n    |       ^^^^^^^^^^^^^^^^^^^^^^^^^^^^^^^^^^^^^^^^^^^^^^^^^^^^^^^^^^ conflicting implementation for `SampleUniformImpl`\n\nerror[E0277]: the trait bound `SampleUniformImpl: uniform::UniformSampler` is not satisfied\n   --> src/distr/uniform.rs:634:24\n    |\n634 |         type Sampler = Self;\n    |                        ^^^^ the trait `uniform::UniformSampler` is not implemented for `SampleUniformImpl`\n    |\n    = help: the following other types implement trait `uniform::UniformSampler`:\n              UniformChar\n              UniformDuration\n              UniformFloat<f32>\n              UniformFloat<f64>\n              UniformInt<i128>\n              UniformInt<i16>\n              UniformInt<i32>\n              UniformInt<i64>\n            and 7 others\nnote: required by a bound in `uniform::SampleUniform::Sampler`\n   --> src/distr/uniform.rs:270:19\n    |\n270 |     type Sampler: UniformSampler<X = Self>;\n    |                   ^^^^^^^^^^^^^^^^^^^^^^^^ required by this bound in `SampleUniform::Sampler`\n\nerror[E0277]: the trait bound `f32: uniform::SampleBorrow<SampleUniformImpl>` is not satisfied\n   --> src/distr/uniform.rs:640:62\n    |\n640 |     let result = Uniform::<SampleUniformImpl>::new_inclusive(f32::NAN, 10);\n    |                  ------------------------------------------- ^^^^^^^^ the trait `uniform::SampleBorrow<SampleUniformImpl>` is not implemented for `f32`\n    |                  |\n    |                  required by a bound introduced by this call\n    |\n    = help: the following other types implement trait `uniform::SampleBorrow<Borrowed>`:\n              `&Borrowed` implements `uniform::SampleBorrow<Borrowed>`\n              `SampleUniformImpl` implements `uniform::SampleBorrow<SampleUniformImpl>`\nnote: required by a bound in `uniform::Uniform::<X>::new_inclusive`\n   --> src/distr/uniform.rs:248:13\n    |\n246 |     pub fn new_inclusive<B1, B2>(low: B1, high: B2) -> Result<Uniform<X>, Error>\n    |            ------------- required by a bound in this associated function\n247 |     where\n248 |         B1: SampleBorrow<X> + Sized,\n    |             ^^^^^^^^^^^^^^^ required by this bound in `Uniform::<X>::new_inclusive`\n\nerror[E0277]: the trait bound `{integer}: uniform::SampleBorrow<SampleUniformImpl>` is not satisfied\n   --> src/distr/uniform.rs:640:72\n    |\n640 |     let result = Uniform::<SampleUniformImpl>::new_inclusive(f32::NAN, 10);\n    |                  -------------------------------------------           ^^ the trait `uniform::SampleBorrow<SampleUniformImpl>` is not implemented for `{integer}`\n    |                  |\n    |                  required by a bound introduced by this call\n    |\n    = help: the following other types implement trait `uniform::SampleBorrow<Borrowed>`:\n              `&Borrowed` implements `uniform::SampleBorrow<Borrowed>`\n              `SampleUniformImpl` implements `uniform::SampleBorrow<SampleUniformImpl>`\nnote: required by a bound in `uniform::Uniform::<X>::new_inclusive`\n   --> src/distr/uniform.rs:249:13\n    |\n246 |     pub fn new_inclusive<B1, B2>(low: B1, high: B2) -> Result<Uniform<X>, Error>\n    |            ------------- required by a bound in this associated function\n...\n249 |         B2: SampleBorrow<X> + Sized,\n    |             ^^^^^^^^^^^^^^^ required by this bound in `Uniform::<X>::new_inclusive`\n\nwarning: unused import: `super`\n   --> src/seq/iterator.rs:271:9\n    |\n271 |     use super::*;\n    |         ^^^^^\n\nSome errors have detailed explanations: E0119, E0277.\nFor more information about an error, try `rustc --explain E0119`.\nwarning: `rand` (lib test) generated 42 warnings\nerror: could not compile `rand` (lib test) due to 4 previous errors; 42 warnings emitted\n"
                }
              ],
              "repaired": [
                false
              ]
            },
            {
              "attrs": [],
              "prefix": [],
              "oracles": [],
              "codes": [
                [
                  "{",
                  "    struct SampleUniformImpl;",
                  "    impl SampleUniform for SampleUniformImpl {",
                  "        type Sampler = Self;",
                  "    }",
                  "    impl SampleBorrow<SampleUniformImpl> for SampleUniformImpl {",
                  "        // Providing necessary implementation details for sample borrowing",
                  "    }",
                  "",
                  "    let result = Uniform::<SampleUniformImpl>::new_inclusive(1, f32::INFINITY);",
                  "    assert!(matches!(result, Err(Error::NonFinite)));",
                  "}"
                ]
              ],
              "can_compile": [
                {
                  "Err": "   Compiling proc-macro2 v1.0.95\n   Compiling syn v1.0.109\n   Compiling crossbeam-utils v0.8.21\n   Compiling libc v0.2.172\n   Compiling getrandom v0.3.2\n   Compiling zerocopy v0.8.24\n   Compiling serde v1.0.219\n   Compiling rayon-core v1.12.1\n   Compiling crossbeam-epoch v0.9.18\n   Compiling quote v1.0.40\n   Compiling crossbeam-deque v0.8.6\n   Compiling rayon v1.10.0\n   Compiling ppv-lite86 v0.2.21\n   Compiling bincode v1.3.3\n   Compiling ntest_timeout v0.9.3\n   Compiling ntest_test_cases v0.9.3\n   Compiling ntest v0.9.3\n   Compiling rand_core v0.9.3 (/home/utgen/workspace/rand/rand_core)\n   Compiling rand_chacha v0.9.0 (/home/utgen/workspace/rand/rand_chacha)\n   Compiling rand_pcg v0.9.0 (/home/utgen/workspace/rand/rand_pcg)\n   Compiling rand v0.9.1 (/home/utgen/workspace/rand)\nwarning: unused import: `super::Bernoulli`\n   --> src/distr/bernoulli.rs:167:9\n    |\n167 |     use super::Bernoulli;\n    |         ^^^^^^^^^^^^^^^^\n    |\n    = note: `#[warn(unused_imports)]` on by default\n\nwarning: unused import: `crate::distr::Distribution`\n   --> src/distr/bernoulli.rs:168:9\n    |\n168 |     use crate::distr::Distribution;\n    |         ^^^^^^^^^^^^^^^^^^^^^^^^^^\n\nwarning: unused import: `crate::Rng`\n   --> src/distr/bernoulli.rs:169:9\n    |\n169 |     use crate::Rng;\n    |         ^^^^^^^^^^\n\nwarning: unused imports: `Distribution` and `Uniform`\n   --> src/distr/distribution.rs:206:24\n    |\n206 |     use crate::distr::{Distribution, Uniform};\n    |                        ^^^^^^^^^^^^  ^^^^^^^\n\nwarning: unused import: `crate::Rng`\n   --> src/distr/distribution.rs:207:9\n    |\n207 |     use crate::Rng;\n    |         ^^^^^^^^^^\n\nwarning: unused import: `super::*`\n   --> src/distr/float.rs:177:9\n    |\n177 |     use super::*;\n    |         ^^^^^^^^\n\nwarning: unused import: `crate::test::const_rng`\n   --> src/distr/float.rs:178:9\n    |\n178 |     use crate::test::const_rng;\n    |         ^^^^^^^^^^^^^^^^^^^^^^\n\nwarning: unused macro definition: `test_f32`\n   --> src/distr/float.rs:183:18\n    |\n183 |     macro_rules! test_f32 {\n    |                  ^^^^^^^^\n    |\n    = note: `#[warn(unused_macros)]` on by default\n\nwarning: unused macro definition: `test_f64`\n   --> src/distr/float.rs:231:18\n    |\n231 |     macro_rules! test_f64 {\n    |                  ^^^^^^^^\n\nwarning: unused import: `super::*`\n   --> src/distr/integer.rs:182:9\n    |\n182 |     use super::*;\n    |         ^^^^^^^^\n\nwarning: unused import: `super::*`\n   --> src/distr/other.rs:317:9\n    |\n317 |     use super::*;\n    |         ^^^^^^^^\n\nwarning: unused import: `crate::RngCore`\n   --> src/distr/other.rs:318:9\n    |\n318 |     use crate::RngCore;\n    |         ^^^^^^^^^^^^^^\n\nwarning: unused import: `super::*`\n   --> src/distr/slice.rs:157:9\n    |\n157 |     use super::*;\n    |         ^^^^^^^^\n\nwarning: unused import: `core::iter`\n   --> src/distr/slice.rs:158:9\n    |\n158 |     use core::iter;\n    |         ^^^^^^^^^^\n\nwarning: unused import: `super::*`\n   --> src/distr/uniform_float.rs:220:9\n    |\n220 |     use super::*;\n    |         ^^^^^^^^\n\nwarning: unused imports: `Uniform` and `utils::FloatSIMDScalarUtils`\n   --> src/distr/uniform_float.rs:221:24\n    |\n221 |     use crate::distr::{utils::FloatSIMDScalarUtils, Uniform};\n    |                        ^^^^^^^^^^^^^^^^^^^^^^^^^^^  ^^^^^^^\n\nwarning: unused imports: `const_rng` and `step_rng`\n   --> src/distr/uniform_float.rs:222:23\n    |\n222 |     use crate::test::{const_rng, step_rng};\n    |                       ^^^^^^^^^  ^^^^^^^^\n\nwarning: unused import: `super::*`\n   --> src/distr/uniform_int.rs:572:9\n    |\n572 |     use super::*;\n    |         ^^^^^^^^\n\nwarning: unused imports: `Distribution` and `Uniform`\n   --> src/distr/uniform_int.rs:573:24\n    |\n573 |     use crate::distr::{Distribution, Uniform};\n    |                        ^^^^^^^^^^^^  ^^^^^^^\n\nwarning: unused import: `core::fmt::Debug`\n   --> src/distr/uniform_int.rs:574:9\n    |\n574 |     use core::fmt::Debug;\n    |         ^^^^^^^^^^^^^^^^\n\nwarning: unused import: `core::ops::Add`\n   --> src/distr/uniform_int.rs:575:9\n    |\n575 |     use core::ops::Add;\n    |         ^^^^^^^^^^^^^^\n\nwarning: unused import: `super::*`\n   --> src/distr/uniform_other.rs:248:9\n    |\n248 |     use super::*;\n    |         ^^^^^^^^\n\nwarning: unused import: `super::*`\n   --> src/distr/uniform.rs:491:9\n    |\n491 |     use super::*;\n    |         ^^^^^^^^\n\nwarning: unused import: `core::time::Duration`\n   --> src/distr/uniform.rs:492:9\n    |\n492 |     use core::time::Duration;\n    |         ^^^^^^^^^^^^^^^^^^^^\n\nwarning: unused import: `ntest::timeout`\n   --> src/distr/uniform.rs:628:8\n    |\n628 |    use ntest::timeout;\n    |        ^^^^^^^^^^^^^^\n\nwarning: unused import: `super::*`\n   --> src/distr/weighted/weighted_index.rs:372:9\n    |\n372 |     use super::*;\n    |         ^^^^^^^^\n\nwarning: unused import: `super::*`\n   --> src/rng.rs:481:9\n    |\n481 |     use super::*;\n    |         ^^^^^^^^\n\nwarning: unused imports: `const_rng` and `rng`\n   --> src/rng.rs:482:23\n    |\n482 |     use crate::test::{const_rng, rng};\n    |                       ^^^^^^^^^  ^^^\n\nwarning: unused import: `alloc::boxed::Box`\n   --> src/rng.rs:484:9\n    |\n484 |     use alloc::boxed::Box;\n    |         ^^^^^^^^^^^^^^^^^\n\nwarning: unused import: `crate::rngs::std::Core`\n   --> src/rngs/reseeding.rs:256:9\n    |\n256 |     use crate::rngs::std::Core;\n    |         ^^^^^^^^^^^^^^^^^^^^^^\n\nwarning: unused import: `crate::test::const_rng`\n   --> src/rngs/reseeding.rs:257:9\n    |\n257 |     use crate::test::const_rng;\n    |         ^^^^^^^^^^^^^^^^^^^^^^\n\nwarning: unused import: `crate::Rng`\n   --> src/rngs/reseeding.rs:258:9\n    |\n258 |     use crate::Rng;\n    |         ^^^^^^^^^^\n\nwarning: unused import: `super::ReseedingRng`\n   --> src/rngs/reseeding.rs:260:9\n    |\n260 |     use super::ReseedingRng;\n    |         ^^^^^^^^^^^^^^^^^^^\n\nwarning: unused import: `super::Xoshiro256PlusPlus`\n   --> src/rngs/xoshiro256plusplus.rs:106:9\n    |\n106 |     use super::Xoshiro256PlusPlus;\n    |         ^^^^^^^^^^^^^^^^^^^^^^^^^\n\nwarning: unused imports: `RngCore` and `SeedableRng`\n   --> src/rngs/xoshiro256plusplus.rs:107:21\n    |\n107 |     use rand_core::{RngCore, SeedableRng};\n    |                     ^^^^^^^  ^^^^^^^^^^^\n\nwarning: unused import: `crate::rngs::StdRng`\n   --> src/rngs/std.rs:103:9\n    |\n103 |     use crate::rngs::StdRng;\n    |         ^^^^^^^^^^^^^^^^^^^\n\nwarning: unused imports: `RngCore` and `SeedableRng`\n   --> src/rngs/std.rs:104:17\n    |\n104 |     use crate::{RngCore, SeedableRng};\n    |                 ^^^^^^^  ^^^^^^^^^^^\n\nwarning: unused import: `super::*`\n   --> src/seq/slice.rs:449:9\n    |\n449 |     use super::*;\n    |         ^^^^^^^^\n\nwarning: unused import: `alloc::vec::Vec`\n   --> src/seq/slice.rs:451:9\n    |\n451 |     use alloc::vec::Vec;\n    |         ^^^^^^^^^^^^^^^\n\nwarning: unused import: `super::*`\n   --> src/seq/index.rs:565:9\n    |\n565 |     use super::*;\n    |         ^^^^^^^^\n\nwarning: unused import: `alloc::vec`\n   --> src/seq/index.rs:566:9\n    |\n566 |     use alloc::vec;\n    |         ^^^^^^^^^^\n\nerror[E0119]: conflicting implementations of trait `uniform::SampleBorrow<SampleUniformImpl>` for type `SampleUniformImpl`\n   --> src/distr/uniform.rs:636:5\n    |\n399 | / impl<Borrowed> SampleBorrow<Borrowed> for Borrowed\n400 | | where\n401 | |     Borrowed: SampleUniform,\n    | |____________________________- first implementation here\n...\n636 |       impl SampleBorrow<SampleUniformImpl> for SampleUniformImpl {\n    |       ^^^^^^^^^^^^^^^^^^^^^^^^^^^^^^^^^^^^^^^^^^^^^^^^^^^^^^^^^^ conflicting implementation for `SampleUniformImpl`\n\nerror[E0277]: the trait bound `SampleUniformImpl: uniform::UniformSampler` is not satisfied\n   --> src/distr/uniform.rs:634:24\n    |\n634 |         type Sampler = Self;\n    |                        ^^^^ the trait `uniform::UniformSampler` is not implemented for `SampleUniformImpl`\n    |\n    = help: the following other types implement trait `uniform::UniformSampler`:\n              UniformChar\n              UniformDuration\n              UniformFloat<f32>\n              UniformFloat<f64>\n              UniformInt<i128>\n              UniformInt<i16>\n              UniformInt<i32>\n              UniformInt<i64>\n            and 7 others\nnote: required by a bound in `uniform::SampleUniform::Sampler`\n   --> src/distr/uniform.rs:270:19\n    |\n270 |     type Sampler: UniformSampler<X = Self>;\n    |                   ^^^^^^^^^^^^^^^^^^^^^^^^ required by this bound in `SampleUniform::Sampler`\n\nerror[E0277]: the trait bound `{integer}: uniform::SampleBorrow<SampleUniformImpl>` is not satisfied\n   --> src/distr/uniform.rs:640:62\n    |\n640 |     let result = Uniform::<SampleUniformImpl>::new_inclusive(1, f32::INFINITY);\n    |                  ------------------------------------------- ^ the trait `uniform::SampleBorrow<SampleUniformImpl>` is not implemented for `{integer}`\n    |                  |\n    |                  required by a bound introduced by this call\n    |\n    = help: the following other types implement trait `uniform::SampleBorrow<Borrowed>`:\n              `&Borrowed` implements `uniform::SampleBorrow<Borrowed>`\n              `SampleUniformImpl` implements `uniform::SampleBorrow<SampleUniformImpl>`\nnote: required by a bound in `uniform::Uniform::<X>::new_inclusive`\n   --> src/distr/uniform.rs:248:13\n    |\n246 |     pub fn new_inclusive<B1, B2>(low: B1, high: B2) -> Result<Uniform<X>, Error>\n    |            ------------- required by a bound in this associated function\n247 |     where\n248 |         B1: SampleBorrow<X> + Sized,\n    |             ^^^^^^^^^^^^^^^ required by this bound in `Uniform::<X>::new_inclusive`\n\nerror[E0277]: the trait bound `f32: uniform::SampleBorrow<SampleUniformImpl>` is not satisfied\n   --> src/distr/uniform.rs:640:65\n    |\n640 |     let result = Uniform::<SampleUniformImpl>::new_inclusive(1, f32::INFINITY);\n    |                  -------------------------------------------    ^^^^^^^^^^^^^ the trait `uniform::SampleBorrow<SampleUniformImpl>` is not implemented for `f32`\n    |                  |\n    |                  required by a bound introduced by this call\n    |\n    = help: the following other types implement trait `uniform::SampleBorrow<Borrowed>`:\n              `&Borrowed` implements `uniform::SampleBorrow<Borrowed>`\n              `SampleUniformImpl` implements `uniform::SampleBorrow<SampleUniformImpl>`\nnote: required by a bound in `uniform::Uniform::<X>::new_inclusive`\n   --> src/distr/uniform.rs:249:13\n    |\n246 |     pub fn new_inclusive<B1, B2>(low: B1, high: B2) -> Result<Uniform<X>, Error>\n    |            ------------- required by a bound in this associated function\n...\n249 |         B2: SampleBorrow<X> + Sized,\n    |             ^^^^^^^^^^^^^^^ required by this bound in `Uniform::<X>::new_inclusive`\n\nwarning: unused import: `super`\n   --> src/seq/iterator.rs:271:9\n    |\n271 |     use super::*;\n    |         ^^^^^\n\nSome errors have detailed explanations: E0119, E0277.\nFor more information about an error, try `rustc --explain E0119`.\nwarning: `rand` (lib test) generated 42 warnings\nerror: could not compile `rand` (lib test) due to 4 previous errors; 42 warnings emitted\n"
                }
              ],
              "repaired": [
                false
              ]
            }
          ]
        }
      ]
    }
  ]
}