{
  "name": "once_cell::sync::sync::OnceCell<T>::get_or_try_init",
  "name_with_impl": "once_cell::sync::{impl#6}::get_or_try_init",
  "mod_info": {
    "name": "sync",
    "loc": "src/lib.rs:863:1:1409:2"
  },
  "visible": true,
  "loc": "src/lib.rs:1152:9:1166:10",
  "fn_tests": [
    {
      "chain_id": 1,
      "prompt_conds": [
        "// constraint: let Some(value) = self.get() is true\n",
        "// constraint: self.0.initialize(f)? is Err/None\n"
      ],
      "input_infer": "let value = cell.get_or_try_init(|| Err(()));\n",
      "answers": [
        {
          "uses": [],
          "has_test_mod": false,
          "common": [],
          "chain_tests": [
            {
              "attrs": [],
              "prefix": [
                "{",
                "    let cell = OnceCell::with_value(42);",
                "    let result = cell.get_or_try_init(|| Ok(100));",
                "}"
              ],
              "oracles": [
                [
                  "    let cell = OnceCell::with_value(42);",
                  "    let result = cell.get_or_try_init(|| Ok(100));",
                  "    assert_eq!(result, Ok(&42));"
                ],
                [
                  "    let cell = OnceCell::with_value(42);",
                  "    let result = cell.get_or_try_init(|| Ok(100));",
                  "    assert_eq!(cell.get(), Some(&42));"
                ]
              ],
              "codes": [
                [
                  "{",
                  "    let cell = OnceCell::with_value(42);",
                  "    let result = cell.get_or_try_init(|| Ok(100));",
                  "    let cell = OnceCell::with_value(42);",
                  "    let result = cell.get_or_try_init(|| Ok(100));",
                  "    assert_eq!(result, Ok(&42));",
                  "}"
                ],
                [
                  "{",
                  "    let cell = OnceCell::with_value(42);",
                  "    let result = cell.get_or_try_init(|| Ok(100));",
                  "    let cell = OnceCell::with_value(42);",
                  "    let result = cell.get_or_try_init(|| Ok(100));",
                  "    assert_eq!(cell.get(), Some(&42));",
                  "}"
                ]
              ],
              "can_compile": [
                {
                  "Err": "   Compiling proc-macro2 v1.0.95\n   Compiling unicode-ident v1.0.18\n   Compiling hashbrown v0.15.2\n   Compiling syn v1.0.109\n   Compiling equivalent v1.0.2\n   Compiling toml_datetime v0.6.8\n   Compiling winnow v0.7.6\n   Compiling memchr v2.7.4\n   Compiling regex-syntax v0.8.5\n   Compiling critical-section v1.2.0\n   Compiling aho-corasick v1.1.3\n   Compiling indexmap v2.9.0\n   Compiling quote v1.0.40\n   Compiling toml_edit v0.22.24\n   Compiling regex-automata v0.4.9\n   Compiling proc-macro-crate v3.3.0\n   Compiling ntest_test_cases v0.9.3\n   Compiling ntest_timeout v0.9.3\n   Compiling regex v1.11.1\n   Compiling ntest v0.9.3\n   Compiling once_cell v1.21.3 (/home/abezbm/rust-utgen-test-crates-new/once_cell)\nwarning: unused import: `std::panic`\n   --> src/imp_std.rs:292:9\n    |\n292 |     use std::panic;\n    |         ^^^^^^^^^^\n    |\n    = note: `#[warn(unused_imports)]` on by default\n\nwarning: unused imports: `sync::mpsc::channel` and `thread`\n   --> src/imp_std.rs:293:15\n    |\n293 |     use std::{sync::mpsc::channel, thread};\n    |               ^^^^^^^^^^^^^^^^^^^  ^^^^^^\n\nwarning: unused import: `ntest::timeout`\n    --> src/lib.rs:1413:8\n     |\n1413 |    use ntest::timeout;\n     |        ^^^^^^^^^^^^^^\n\nerror[E0282]: type annotations needed for `Result<&i32, _>`\n    --> src/lib.rs:1418:9\n     |\n1418 |     let result = cell.get_or_try_init(|| Ok(100));\n     |         ^^^^^^                           ------- type must be known at this point\n     |\nhelp: consider giving `result` an explicit type, where the type for type parameter `E` is specified\n     |\n1418 |     let result: Result<&i32, E> = cell.get_or_try_init(|| Ok(100));\n     |               +++++++++++++++++\n\nFor more information about this error, try `rustc --explain E0282`.\nwarning: `once_cell` (lib test) generated 3 warnings\nerror: could not compile `once_cell` (lib test) due to 1 previous error; 3 warnings emitted\n"
                },
                {
                  "Err": "   Compiling proc-macro2 v1.0.95\n   Compiling unicode-ident v1.0.18\n   Compiling equivalent v1.0.2\n   Compiling hashbrown v0.15.2\n   Compiling syn v1.0.109\n   Compiling winnow v0.7.6\n   Compiling toml_datetime v0.6.8\n   Compiling memchr v2.7.4\n   Compiling regex-syntax v0.8.5\n   Compiling critical-section v1.2.0\n   Compiling aho-corasick v1.1.3\n   Compiling indexmap v2.9.0\n   Compiling quote v1.0.40\n   Compiling toml_edit v0.22.24\n   Compiling regex-automata v0.4.9\n   Compiling proc-macro-crate v3.3.0\n   Compiling ntest_test_cases v0.9.3\n   Compiling ntest_timeout v0.9.3\n   Compiling ntest v0.9.3\n   Compiling regex v1.11.1\n   Compiling once_cell v1.21.3 (/home/abezbm/rust-utgen-test-crates-new/once_cell)\nwarning: unused import: `std::panic`\n   --> src/imp_std.rs:292:9\n    |\n292 |     use std::panic;\n    |         ^^^^^^^^^^\n    |\n    = note: `#[warn(unused_imports)]` on by default\n\nwarning: unused imports: `sync::mpsc::channel` and `thread`\n   --> src/imp_std.rs:293:15\n    |\n293 |     use std::{sync::mpsc::channel, thread};\n    |               ^^^^^^^^^^^^^^^^^^^  ^^^^^^\n\nwarning: unused import: `ntest::timeout`\n    --> src/lib.rs:1413:8\n     |\n1413 |    use ntest::timeout;\n     |        ^^^^^^^^^^^^^^\n\nerror[E0282]: type annotations needed for `Result<&i32, _>`\n    --> src/lib.rs:1418:9\n     |\n1418 |     let result = cell.get_or_try_init(|| Ok(100));\n     |         ^^^^^^                           ------- type must be known at this point\n     |\nhelp: consider giving `result` an explicit type, where the type for type parameter `E` is specified\n     |\n1418 |     let result: Result<&i32, E> = cell.get_or_try_init(|| Ok(100));\n     |               +++++++++++++++++\n\nFor more information about this error, try `rustc --explain E0282`.\nwarning: `once_cell` (lib test) generated 3 warnings\nerror: could not compile `once_cell` (lib test) due to 1 previous error; 3 warnings emitted\n"
                }
              ],
              "repaired": [
                false,
                false
              ]
            },
            {
              "attrs": [],
              "prefix": [
                "{",
                "    let cell = OnceCell::new();",
                "    let result = cell.get_or_try_init(|| Err(()));",
                "}"
              ],
              "oracles": [
                [
                  "    let cell = OnceCell::new();",
                  "    assert_eq!(result, Err(()));"
                ],
                [
                  "    let cell = OnceCell::new();",
                  "    assert!(cell.get().is_none());"
                ]
              ],
              "codes": [
                [
                  "{",
                  "    let cell = OnceCell::new();",
                  "    let result = cell.get_or_try_init(|| Err(()));",
                  "    let cell = OnceCell::new();",
                  "    assert_eq!(result, Err(()));",
                  "}"
                ],
                [
                  "{",
                  "    let cell = OnceCell::new();",
                  "    let result = cell.get_or_try_init(|| Err(()));",
                  "    let cell = OnceCell::new();",
                  "    assert!(cell.get().is_none());",
                  "}"
                ]
              ],
              "can_compile": [
                {
                  "Err": "   Compiling proc-macro2 v1.0.95\n   Compiling unicode-ident v1.0.18\n   Compiling syn v1.0.109\n   Compiling hashbrown v0.15.2\n   Compiling equivalent v1.0.2\n   Compiling winnow v0.7.6\n   Compiling toml_datetime v0.6.8\n   Compiling memchr v2.7.4\n   Compiling regex-syntax v0.8.5\n   Compiling critical-section v1.2.0\n   Compiling aho-corasick v1.1.3\n   Compiling indexmap v2.9.0\n   Compiling quote v1.0.40\n   Compiling toml_edit v0.22.24\n   Compiling regex-automata v0.4.9\n   Compiling proc-macro-crate v3.3.0\n   Compiling ntest_test_cases v0.9.3\n   Compiling ntest_timeout v0.9.3\n   Compiling regex v1.11.1\n   Compiling ntest v0.9.3\n   Compiling once_cell v1.21.3 (/home/abezbm/rust-utgen-test-crates-new/once_cell)\nwarning: unused import: `std::panic`\n   --> src/imp_std.rs:292:9\n    |\n292 |     use std::panic;\n    |         ^^^^^^^^^^\n    |\n    = note: `#[warn(unused_imports)]` on by default\n\nwarning: unused imports: `sync::mpsc::channel` and `thread`\n   --> src/imp_std.rs:293:15\n    |\n293 |     use std::{sync::mpsc::channel, thread};\n    |               ^^^^^^^^^^^^^^^^^^^  ^^^^^^\n\nwarning: unused import: `ntest::timeout`\n    --> src/lib.rs:1413:8\n     |\n1413 |    use ntest::timeout;\n     |        ^^^^^^^^^^^^^^\n\nerror[E0282]: type annotations needed for `sync::OnceCell<_>`\n    --> src/lib.rs:1417:9\n     |\n1417 |     let cell = OnceCell::new();\n     |         ^^^^\n1418 |     let result = cell.get_or_try_init(|| Err(()));\n     |                                          ------- type must be known at this point\n     |\nhelp: consider giving `cell` an explicit type, where the type for type parameter `T` is specified\n     |\n1417 |     let cell: sync::OnceCell<T> = OnceCell::new();\n     |             +++++++++++++++++++\n\nFor more information about this error, try `rustc --explain E0282`.\nwarning: `once_cell` (lib test) generated 3 warnings\nerror: could not compile `once_cell` (lib test) due to 1 previous error; 3 warnings emitted\n"
                },
                {
                  "Err": "   Compiling proc-macro2 v1.0.95\n   Compiling unicode-ident v1.0.18\n   Compiling hashbrown v0.15.2\n   Compiling syn v1.0.109\n   Compiling equivalent v1.0.2\n   Compiling toml_datetime v0.6.8\n   Compiling winnow v0.7.6\n   Compiling memchr v2.7.4\n   Compiling regex-syntax v0.8.5\n   Compiling critical-section v1.2.0\n   Compiling aho-corasick v1.1.3\n   Compiling indexmap v2.9.0\n   Compiling quote v1.0.40\n   Compiling toml_edit v0.22.24\n   Compiling regex-automata v0.4.9\n   Compiling proc-macro-crate v3.3.0\n   Compiling ntest_test_cases v0.9.3\n   Compiling ntest_timeout v0.9.3\n   Compiling regex v1.11.1\n   Compiling ntest v0.9.3\n   Compiling once_cell v1.21.3 (/home/abezbm/rust-utgen-test-crates-new/once_cell)\nwarning: unused import: `std::panic`\n   --> src/imp_std.rs:292:9\n    |\n292 |     use std::panic;\n    |         ^^^^^^^^^^\n    |\n    = note: `#[warn(unused_imports)]` on by default\n\nwarning: unused imports: `sync::mpsc::channel` and `thread`\n   --> src/imp_std.rs:293:15\n    |\n293 |     use std::{sync::mpsc::channel, thread};\n    |               ^^^^^^^^^^^^^^^^^^^  ^^^^^^\n\nwarning: unused import: `ntest::timeout`\n    --> src/lib.rs:1413:8\n     |\n1413 |    use ntest::timeout;\n     |        ^^^^^^^^^^^^^^\n\nerror[E0282]: type annotations needed for `sync::OnceCell<_>`\n    --> src/lib.rs:1417:9\n     |\n1417 |     let cell = OnceCell::new();\n     |         ^^^^\n1418 |     let result = cell.get_or_try_init(|| Err(()));\n     |                                          ------- type must be known at this point\n     |\nhelp: consider giving `cell` an explicit type, where the type for type parameter `T` is specified\n     |\n1417 |     let cell: sync::OnceCell<T> = OnceCell::new();\n     |             +++++++++++++++++++\n\nFor more information about this error, try `rustc --explain E0282`.\nwarning: `once_cell` (lib test) generated 3 warnings\nerror: could not compile `once_cell` (lib test) due to 1 previous error; 3 warnings emitted\n"
                }
              ],
              "repaired": [
                false,
                false
              ]
            },
            {
              "attrs": [],
              "prefix": [
                "{",
                "    let cell = OnceCell::new();",
                "    let value = cell.get_or_try_init(|| Ok(99));",
                "}"
              ],
              "oracles": [
                [
                  "    let cell = OnceCell::new();",
                  "    let value = cell.get_or_try_init(|| Ok(99));",
                  "    assert_eq!(value, Ok(&99));"
                ],
                [
                  "    let cell = OnceCell::new();",
                  "    let value = cell.get_or_try_init(|| Ok(99));",
                  "    assert_eq!(cell.get(), Some(&99));"
                ]
              ],
              "codes": [
                [
                  "{",
                  "    let cell = OnceCell::new();",
                  "    let value = cell.get_or_try_init(|| Ok(99));",
                  "    let cell = OnceCell::new();",
                  "    let value = cell.get_or_try_init(|| Ok(99));",
                  "    assert_eq!(value, Ok(&99));",
                  "}"
                ],
                [
                  "{",
                  "    let cell = OnceCell::new();",
                  "    let value = cell.get_or_try_init(|| Ok(99));",
                  "    let cell = OnceCell::new();",
                  "    let value = cell.get_or_try_init(|| Ok(99));",
                  "    assert_eq!(cell.get(), Some(&99));",
                  "}"
                ]
              ],
              "can_compile": [
                {
                  "Err": "   Compiling proc-macro2 v1.0.95\n   Compiling unicode-ident v1.0.18\n   Compiling equivalent v1.0.2\n   Compiling syn v1.0.109\n   Compiling hashbrown v0.15.2\n   Compiling toml_datetime v0.6.8\n   Compiling winnow v0.7.6\n   Compiling memchr v2.7.4\n   Compiling regex-syntax v0.8.5\n   Compiling critical-section v1.2.0\n   Compiling aho-corasick v1.1.3\n   Compiling indexmap v2.9.0\n   Compiling quote v1.0.40\n   Compiling toml_edit v0.22.24\n   Compiling regex-automata v0.4.9\n   Compiling proc-macro-crate v3.3.0\n   Compiling ntest_test_cases v0.9.3\n   Compiling ntest_timeout v0.9.3\n   Compiling ntest v0.9.3\n   Compiling regex v1.11.1\n   Compiling once_cell v1.21.3 (/home/abezbm/rust-utgen-test-crates-new/once_cell)\nwarning: unused import: `std::panic`\n   --> src/imp_std.rs:292:9\n    |\n292 |     use std::panic;\n    |         ^^^^^^^^^^\n    |\n    = note: `#[warn(unused_imports)]` on by default\n\nwarning: unused imports: `sync::mpsc::channel` and `thread`\n   --> src/imp_std.rs:293:15\n    |\n293 |     use std::{sync::mpsc::channel, thread};\n    |               ^^^^^^^^^^^^^^^^^^^  ^^^^^^\n\nwarning: unused import: `ntest::timeout`\n    --> src/lib.rs:1413:8\n     |\n1413 |    use ntest::timeout;\n     |        ^^^^^^^^^^^^^^\n\nerror[E0282]: type annotations needed for `Result<&i32, _>`\n    --> src/lib.rs:1418:9\n     |\n1418 |     let value = cell.get_or_try_init(|| Ok(99));\n     |         ^^^^^                           ------ type must be known at this point\n     |\nhelp: consider giving `value` an explicit type, where the type for type parameter `E` is specified\n     |\n1418 |     let value: Result<&i32, E> = cell.get_or_try_init(|| Ok(99));\n     |              +++++++++++++++++\n\nFor more information about this error, try `rustc --explain E0282`.\nwarning: `once_cell` (lib test) generated 3 warnings\nerror: could not compile `once_cell` (lib test) due to 1 previous error; 3 warnings emitted\n"
                },
                {
                  "Err": "   Compiling proc-macro2 v1.0.95\n   Compiling unicode-ident v1.0.18\n   Compiling hashbrown v0.15.2\n   Compiling syn v1.0.109\n   Compiling equivalent v1.0.2\n   Compiling winnow v0.7.6\n   Compiling toml_datetime v0.6.8\n   Compiling memchr v2.7.4\n   Compiling regex-syntax v0.8.5\n   Compiling critical-section v1.2.0\n   Compiling aho-corasick v1.1.3\n   Compiling indexmap v2.9.0\n   Compiling quote v1.0.40\n   Compiling regex-automata v0.4.9\n   Compiling toml_edit v0.22.24\n   Compiling proc-macro-crate v3.3.0\n   Compiling ntest_test_cases v0.9.3\n   Compiling ntest_timeout v0.9.3\n   Compiling regex v1.11.1\n   Compiling ntest v0.9.3\n   Compiling once_cell v1.21.3 (/home/abezbm/rust-utgen-test-crates-new/once_cell)\nwarning: unused import: `std::panic`\n   --> src/imp_std.rs:292:9\n    |\n292 |     use std::panic;\n    |         ^^^^^^^^^^\n    |\n    = note: `#[warn(unused_imports)]` on by default\n\nwarning: unused imports: `sync::mpsc::channel` and `thread`\n   --> src/imp_std.rs:293:15\n    |\n293 |     use std::{sync::mpsc::channel, thread};\n    |               ^^^^^^^^^^^^^^^^^^^  ^^^^^^\n\nwarning: unused import: `ntest::timeout`\n    --> src/lib.rs:1413:8\n     |\n1413 |    use ntest::timeout;\n     |        ^^^^^^^^^^^^^^\n\nerror[E0282]: type annotations needed for `Result<&i32, _>`\n    --> src/lib.rs:1418:9\n     |\n1418 |     let value = cell.get_or_try_init(|| Ok(99));\n     |         ^^^^^                           ------ type must be known at this point\n     |\nhelp: consider giving `value` an explicit type, where the type for type parameter `E` is specified\n     |\n1418 |     let value: Result<&i32, E> = cell.get_or_try_init(|| Ok(99));\n     |              +++++++++++++++++\n\nFor more information about this error, try `rustc --explain E0282`.\nwarning: `once_cell` (lib test) generated 3 warnings\nerror: could not compile `once_cell` (lib test) due to 1 previous error; 3 warnings emitted\n"
                }
              ],
              "repaired": [
                false,
                false
              ]
            },
            {
              "attrs": [
                "#[should_panic]"
              ],
              "prefix": [
                "{",
                "    let cell = OnceCell::new();",
                "    let _result = cell.get_or_try_init(|| panic!(\"Initialization panic\"));",
                "}"
              ],
              "oracles": [
                [
                  "    let cell = OnceCell::new();",
                  "    let _result = cell.get_or_try_init(|| panic!(\"Initialization panic\"));",
                  "    assert!(cell.get().is_none());"
                ]
              ],
              "codes": [
                [
                  "{",
                  "    let cell = OnceCell::new();",
                  "    let _result = cell.get_or_try_init(|| panic!(\"Initialization panic\"));",
                  "    let cell = OnceCell::new();",
                  "    let _result = cell.get_or_try_init(|| panic!(\"Initialization panic\"));",
                  "    assert!(cell.get().is_none());",
                  "}"
                ]
              ],
              "can_compile": [
                {
                  "Err": "   Compiling proc-macro2 v1.0.95\n   Compiling unicode-ident v1.0.18\n   Compiling syn v1.0.109\n   Compiling equivalent v1.0.2\n   Compiling hashbrown v0.15.2\n   Compiling toml_datetime v0.6.8\n   Compiling winnow v0.7.6\n   Compiling memchr v2.7.4\n   Compiling regex-syntax v0.8.5\n   Compiling critical-section v1.2.0\n   Compiling aho-corasick v1.1.3\n   Compiling indexmap v2.9.0\n   Compiling quote v1.0.40\n   Compiling toml_edit v0.22.24\n   Compiling regex-automata v0.4.9\n   Compiling proc-macro-crate v3.3.0\n   Compiling ntest_test_cases v0.9.3\n   Compiling ntest_timeout v0.9.3\n   Compiling regex v1.11.1\n   Compiling ntest v0.9.3\n   Compiling once_cell v1.21.3 (/home/abezbm/rust-utgen-test-crates-new/once_cell)\nwarning: unused import: `std::panic`\n   --> src/imp_std.rs:292:9\n    |\n292 |     use std::panic;\n    |         ^^^^^^^^^^\n    |\n    = note: `#[warn(unused_imports)]` on by default\n\nwarning: unused imports: `sync::mpsc::channel` and `thread`\n   --> src/imp_std.rs:293:15\n    |\n293 |     use std::{sync::mpsc::channel, thread};\n    |               ^^^^^^^^^^^^^^^^^^^  ^^^^^^\n\nwarning: unused import: `ntest::timeout`\n    --> src/lib.rs:1413:8\n     |\n1413 |    use ntest::timeout;\n     |        ^^^^^^^^^^^^^^\n\nerror[E0282]: type annotations needed for `sync::OnceCell<_>`\n    --> src/lib.rs:1418:9\n     |\n1418 |     let cell = OnceCell::new();\n     |         ^^^^\n1419 |     let _result = cell.get_or_try_init(|| panic!(\"Initialization panic\"));\n     |                   ------------------------------------------------------- type must be known at this point\n     |\nhelp: consider giving `cell` an explicit type, where the type for type parameter `T` is specified\n     |\n1418 |     let cell: sync::OnceCell<T> = OnceCell::new();\n     |             +++++++++++++++++++\n\nFor more information about this error, try `rustc --explain E0282`.\nwarning: `once_cell` (lib test) generated 3 warnings\nerror: could not compile `once_cell` (lib test) due to 1 previous error; 3 warnings emitted\n"
                }
              ],
              "repaired": [
                false
              ]
            }
          ]
        }
      ]
    },
    {
      "chain_id": 2,
      "prompt_conds": [
        "// constraint: let Some(value) = self.get() is true\n",
        "// constraint: self.0.initialize(f)? is Ok/Some\n",
        "// constraint: self.0.is_initialized() is true\n",
        "// constraint: self.get_unchecked() is \n",
        "// expected return value/type: Ok(unsafe { self.get_unchecked() })\n"
      ],
      "input_infer": "test input ranges: f can return Result<T, E> where T is any value (e.g., i32, String) and E is any error type (e.g., () or String); the OnceCell<T> should be initialized only once with f succeeding without panic and T being non-empty; the value for f should be something that does not cause reinitialization, ensuring it complies with the expected success path.\n",
      "answers": [
        {
          "uses": [],
          "has_test_mod": false,
          "common": [],
          "chain_tests": [
            {
              "attrs": [],
              "prefix": [
                "{",
                "    let cell = OnceCell::new();",
                "    let value = cell.get_or_try_init(|| Ok(42));",
                "}"
              ],
              "oracles": [
                [
                  "    let cell = OnceCell::new();",
                  "    let result = cell.get_or_try_init(|| Ok(42));",
                  "    assert_eq!(result, Ok(unsafe { cell.get_unchecked() }));"
                ],
                [
                  "    let cell = OnceCell::new();",
                  "    let result = cell.get_or_try_init(|| Ok(42));",
                  "    assert!(cell.get().is_some());"
                ],
                [
                  "    let cell = OnceCell::new();",
                  "    let result = cell.get_or_try_init(|| Ok(42));",
                  "    assert_eq!(cell.get(), Some(&42));"
                ],
                [
                  "    let cell = OnceCell::new();",
                  "    let result = cell.get_or_try_init(|| Ok(42));",
                  "    assert!(cell.0.is_initialized());"
                ],
                [
                  "    let cell = OnceCell::new();",
                  "    let result = cell.get_or_try_init(|| Ok(42));",
                  "    assert_eq!(cell.get_or_init(|| Ok(1)), &42);"
                ]
              ],
              "codes": [
                [
                  "{",
                  "    let cell = OnceCell::new();",
                  "    let value = cell.get_or_try_init(|| Ok(42));",
                  "    let cell = OnceCell::new();",
                  "    let result = cell.get_or_try_init(|| Ok(42));",
                  "    assert_eq!(result, Ok(unsafe { cell.get_unchecked() }));",
                  "}"
                ],
                [
                  "{",
                  "    let cell = OnceCell::new();",
                  "    let value = cell.get_or_try_init(|| Ok(42));",
                  "    let cell = OnceCell::new();",
                  "    let result = cell.get_or_try_init(|| Ok(42));",
                  "    assert!(cell.get().is_some());",
                  "}"
                ],
                [
                  "{",
                  "    let cell = OnceCell::new();",
                  "    let value = cell.get_or_try_init(|| Ok(42));",
                  "    let cell = OnceCell::new();",
                  "    let result = cell.get_or_try_init(|| Ok(42));",
                  "    assert_eq!(cell.get(), Some(&42));",
                  "}"
                ],
                [
                  "{",
                  "    let cell = OnceCell::new();",
                  "    let value = cell.get_or_try_init(|| Ok(42));",
                  "    let cell = OnceCell::new();",
                  "    let result = cell.get_or_try_init(|| Ok(42));",
                  "    assert!(cell.0.is_initialized());",
                  "}"
                ],
                [
                  "{",
                  "    let cell = OnceCell::new();",
                  "    let value = cell.get_or_try_init(|| Ok(42));",
                  "    let cell = OnceCell::new();",
                  "    let result = cell.get_or_try_init(|| Ok(42));",
                  "    assert_eq!(cell.get_or_init(|| Ok(1)), &42);",
                  "}"
                ]
              ],
              "can_compile": [
                {
                  "Err": "   Compiling proc-macro2 v1.0.95\n   Compiling unicode-ident v1.0.18\n   Compiling hashbrown v0.15.2\n   Compiling syn v1.0.109\n   Compiling equivalent v1.0.2\n   Compiling winnow v0.7.6\n   Compiling toml_datetime v0.6.8\n   Compiling memchr v2.7.4\n   Compiling regex-syntax v0.8.5\n   Compiling critical-section v1.2.0\n   Compiling aho-corasick v1.1.3\n   Compiling indexmap v2.9.0\n   Compiling quote v1.0.40\n   Compiling toml_edit v0.22.24\n   Compiling regex-automata v0.4.9\n   Compiling proc-macro-crate v3.3.0\n   Compiling ntest_timeout v0.9.3\n   Compiling ntest_test_cases v0.9.3\n   Compiling regex v1.11.1\n   Compiling ntest v0.9.3\n   Compiling once_cell v1.21.3 (/home/abezbm/rust-utgen-test-crates-new/once_cell)\nwarning: unused import: `std::panic`\n   --> src/imp_std.rs:292:9\n    |\n292 |     use std::panic;\n    |         ^^^^^^^^^^\n    |\n    = note: `#[warn(unused_imports)]` on by default\n\nwarning: unused imports: `sync::mpsc::channel` and `thread`\n   --> src/imp_std.rs:293:15\n    |\n293 |     use std::{sync::mpsc::channel, thread};\n    |               ^^^^^^^^^^^^^^^^^^^  ^^^^^^\n\nwarning: unused import: `ntest::timeout`\n    --> src/lib.rs:1413:8\n     |\n1413 |    use ntest::timeout;\n     |        ^^^^^^^^^^^^^^\n\nerror[E0282]: type annotations needed for `Result<&i32, _>`\n    --> src/lib.rs:1418:9\n     |\n1418 |     let value = cell.get_or_try_init(|| Ok(42));\n     |         ^^^^^                           ------ type must be known at this point\n     |\nhelp: consider giving `value` an explicit type, where the type for type parameter `E` is specified\n     |\n1418 |     let value: Result<&i32, E> = cell.get_or_try_init(|| Ok(42));\n     |              +++++++++++++++++\n\nFor more information about this error, try `rustc --explain E0282`.\nwarning: `once_cell` (lib test) generated 3 warnings\nerror: could not compile `once_cell` (lib test) due to 1 previous error; 3 warnings emitted\n"
                },
                {
                  "Err": "   Compiling proc-macro2 v1.0.95\n   Compiling unicode-ident v1.0.18\n   Compiling syn v1.0.109\n   Compiling hashbrown v0.15.2\n   Compiling equivalent v1.0.2\n   Compiling winnow v0.7.6\n   Compiling toml_datetime v0.6.8\n   Compiling memchr v2.7.4\n   Compiling regex-syntax v0.8.5\n   Compiling critical-section v1.2.0\n   Compiling aho-corasick v1.1.3\n   Compiling indexmap v2.9.0\n   Compiling quote v1.0.40\n   Compiling toml_edit v0.22.24\n   Compiling regex-automata v0.4.9\n   Compiling proc-macro-crate v3.3.0\n   Compiling ntest_timeout v0.9.3\n   Compiling ntest_test_cases v0.9.3\n   Compiling regex v1.11.1\n   Compiling ntest v0.9.3\n   Compiling once_cell v1.21.3 (/home/abezbm/rust-utgen-test-crates-new/once_cell)\nwarning: unused import: `std::panic`\n   --> src/imp_std.rs:292:9\n    |\n292 |     use std::panic;\n    |         ^^^^^^^^^^\n    |\n    = note: `#[warn(unused_imports)]` on by default\n\nwarning: unused imports: `sync::mpsc::channel` and `thread`\n   --> src/imp_std.rs:293:15\n    |\n293 |     use std::{sync::mpsc::channel, thread};\n    |               ^^^^^^^^^^^^^^^^^^^  ^^^^^^\n\nwarning: unused import: `ntest::timeout`\n    --> src/lib.rs:1413:8\n     |\n1413 |    use ntest::timeout;\n     |        ^^^^^^^^^^^^^^\n\nerror[E0282]: type annotations needed for `Result<&i32, _>`\n    --> src/lib.rs:1418:9\n     |\n1418 |     let value = cell.get_or_try_init(|| Ok(42));\n     |         ^^^^^                           ------ type must be known at this point\n     |\nhelp: consider giving `value` an explicit type, where the type for type parameter `E` is specified\n     |\n1418 |     let value: Result<&i32, E> = cell.get_or_try_init(|| Ok(42));\n     |              +++++++++++++++++\n\nFor more information about this error, try `rustc --explain E0282`.\nwarning: `once_cell` (lib test) generated 3 warnings\nerror: could not compile `once_cell` (lib test) due to 1 previous error; 3 warnings emitted\n"
                },
                {
                  "Err": "   Compiling proc-macro2 v1.0.95\n   Compiling unicode-ident v1.0.18\n   Compiling syn v1.0.109\n   Compiling equivalent v1.0.2\n   Compiling hashbrown v0.15.2\n   Compiling winnow v0.7.6\n   Compiling toml_datetime v0.6.8\n   Compiling memchr v2.7.4\n   Compiling regex-syntax v0.8.5\n   Compiling critical-section v1.2.0\n   Compiling aho-corasick v1.1.3\n   Compiling indexmap v2.9.0\n   Compiling quote v1.0.40\n   Compiling regex-automata v0.4.9\n   Compiling toml_edit v0.22.24\n   Compiling proc-macro-crate v3.3.0\n   Compiling ntest_test_cases v0.9.3\n   Compiling ntest_timeout v0.9.3\n   Compiling regex v1.11.1\n   Compiling ntest v0.9.3\n   Compiling once_cell v1.21.3 (/home/abezbm/rust-utgen-test-crates-new/once_cell)\nwarning: unused import: `std::panic`\n   --> src/imp_std.rs:292:9\n    |\n292 |     use std::panic;\n    |         ^^^^^^^^^^\n    |\n    = note: `#[warn(unused_imports)]` on by default\n\nwarning: unused imports: `sync::mpsc::channel` and `thread`\n   --> src/imp_std.rs:293:15\n    |\n293 |     use std::{sync::mpsc::channel, thread};\n    |               ^^^^^^^^^^^^^^^^^^^  ^^^^^^\n\nwarning: unused import: `ntest::timeout`\n    --> src/lib.rs:1413:8\n     |\n1413 |    use ntest::timeout;\n     |        ^^^^^^^^^^^^^^\n\nerror[E0282]: type annotations needed for `Result<&i32, _>`\n    --> src/lib.rs:1418:9\n     |\n1418 |     let value = cell.get_or_try_init(|| Ok(42));\n     |         ^^^^^                           ------ type must be known at this point\n     |\nhelp: consider giving `value` an explicit type, where the type for type parameter `E` is specified\n     |\n1418 |     let value: Result<&i32, E> = cell.get_or_try_init(|| Ok(42));\n     |              +++++++++++++++++\n\nFor more information about this error, try `rustc --explain E0282`.\nwarning: `once_cell` (lib test) generated 3 warnings\nerror: could not compile `once_cell` (lib test) due to 1 previous error; 3 warnings emitted\n"
                },
                {
                  "Err": "   Compiling proc-macro2 v1.0.95\n   Compiling unicode-ident v1.0.18\n   Compiling syn v1.0.109\n   Compiling equivalent v1.0.2\n   Compiling hashbrown v0.15.2\n   Compiling toml_datetime v0.6.8\n   Compiling winnow v0.7.6\n   Compiling memchr v2.7.4\n   Compiling regex-syntax v0.8.5\n   Compiling critical-section v1.2.0\n   Compiling aho-corasick v1.1.3\n   Compiling indexmap v2.9.0\n   Compiling quote v1.0.40\n   Compiling toml_edit v0.22.24\n   Compiling regex-automata v0.4.9\n   Compiling proc-macro-crate v3.3.0\n   Compiling ntest_timeout v0.9.3\n   Compiling ntest_test_cases v0.9.3\n   Compiling regex v1.11.1\n   Compiling ntest v0.9.3\n   Compiling once_cell v1.21.3 (/home/abezbm/rust-utgen-test-crates-new/once_cell)\nwarning: unused import: `std::panic`\n   --> src/imp_std.rs:292:9\n    |\n292 |     use std::panic;\n    |         ^^^^^^^^^^\n    |\n    = note: `#[warn(unused_imports)]` on by default\n\nwarning: unused imports: `sync::mpsc::channel` and `thread`\n   --> src/imp_std.rs:293:15\n    |\n293 |     use std::{sync::mpsc::channel, thread};\n    |               ^^^^^^^^^^^^^^^^^^^  ^^^^^^\n\nwarning: unused import: `ntest::timeout`\n    --> src/lib.rs:1413:8\n     |\n1413 |    use ntest::timeout;\n     |        ^^^^^^^^^^^^^^\n\nerror[E0282]: type annotations needed for `Result<&i32, _>`\n    --> src/lib.rs:1418:9\n     |\n1418 |     let value = cell.get_or_try_init(|| Ok(42));\n     |         ^^^^^                           ------ type must be known at this point\n     |\nhelp: consider giving `value` an explicit type, where the type for type parameter `E` is specified\n     |\n1418 |     let value: Result<&i32, E> = cell.get_or_try_init(|| Ok(42));\n     |              +++++++++++++++++\n\nFor more information about this error, try `rustc --explain E0282`.\nwarning: `once_cell` (lib test) generated 3 warnings\nerror: could not compile `once_cell` (lib test) due to 1 previous error; 3 warnings emitted\n"
                },
                {
                  "Err": "   Compiling proc-macro2 v1.0.95\n   Compiling unicode-ident v1.0.18\n   Compiling hashbrown v0.15.2\n   Compiling equivalent v1.0.2\n   Compiling syn v1.0.109\n   Compiling toml_datetime v0.6.8\n   Compiling winnow v0.7.6\n   Compiling memchr v2.7.4\n   Compiling regex-syntax v0.8.5\n   Compiling critical-section v1.2.0\n   Compiling aho-corasick v1.1.3\n   Compiling indexmap v2.9.0\n   Compiling quote v1.0.40\n   Compiling toml_edit v0.22.24\n   Compiling regex-automata v0.4.9\n   Compiling proc-macro-crate v3.3.0\n   Compiling ntest_test_cases v0.9.3\n   Compiling ntest_timeout v0.9.3\n   Compiling regex v1.11.1\n   Compiling ntest v0.9.3\n   Compiling once_cell v1.21.3 (/home/abezbm/rust-utgen-test-crates-new/once_cell)\nwarning: unused import: `std::panic`\n   --> src/imp_std.rs:292:9\n    |\n292 |     use std::panic;\n    |         ^^^^^^^^^^\n    |\n    = note: `#[warn(unused_imports)]` on by default\n\nwarning: unused imports: `sync::mpsc::channel` and `thread`\n   --> src/imp_std.rs:293:15\n    |\n293 |     use std::{sync::mpsc::channel, thread};\n    |               ^^^^^^^^^^^^^^^^^^^  ^^^^^^\n\nwarning: unused import: `ntest::timeout`\n    --> src/lib.rs:1413:8\n     |\n1413 |    use ntest::timeout;\n     |        ^^^^^^^^^^^^^^\n\nerror[E0308]: mismatched types\n    --> src/lib.rs:1421:36\n     |\n1421 |     assert_eq!(cell.get_or_init(|| Ok(1)), &42);\n     |                                    ^^^^^ expected integer, found `Result<{integer}, _>`\n     |\n     = note: expected type `{integer}`\n                found enum `Result<{integer}, _>`\n\nFor more information about this error, try `rustc --explain E0308`.\nwarning: `once_cell` (lib test) generated 3 warnings\nerror: could not compile `once_cell` (lib test) due to 1 previous error; 3 warnings emitted\n"
                }
              ],
              "repaired": [
                false,
                false,
                false,
                false,
                false
              ]
            },
            {
              "attrs": [],
              "prefix": [
                "{",
                "    let cell = OnceCell::new();",
                "    let value = cell.get_or_try_init(|| Ok(String::from(\"Hello\")));",
                "}"
              ],
              "oracles": [
                [
                  "    let cell = OnceCell::new();",
                  "    let result = cell.get_or_try_init(|| Ok(String::from(\"Hello\")));",
                  "    assert!(result.is_ok());"
                ],
                [
                  "    let cell = OnceCell::new();",
                  "    let result = cell.get_or_try_init(|| Ok(String::from(\"Hello\")));",
                  "    assert_eq!(result.unwrap(), cell.get_unchecked());"
                ],
                [
                  "    let cell = OnceCell::new();",
                  "    let result = cell.get_or_try_init(|| Ok(String::from(\"Hello\")));",
                  "    assert!(cell.get().is_some());"
                ],
                [
                  "    let cell = OnceCell::new();",
                  "    let result = cell.get_or_try_init(|| Ok(String::from(\"Hello\")));",
                  "    assert_eq!(cell.get(), Some(&String::from(\"Hello\")));"
                ],
                [
                  "    let cell = OnceCell::new();",
                  "    let result = cell.get_or_try_init(|| Ok(String::from(\"Hello\")));",
                  "    assert!(cell.0.is_initialized());"
                ],
                [
                  "    let cell = OnceCell::new();",
                  "    let result = cell.get_or_try_init(|| Ok(String::from(\"Hello\")));",
                  "    assert!(cell.get().unwrap() == &String::from(\"Hello\"));"
                ]
              ],
              "codes": [
                [
                  "{",
                  "    let cell = OnceCell::new();",
                  "    let value = cell.get_or_try_init(|| Ok(String::from(\"Hello\")));",
                  "    let cell = OnceCell::new();",
                  "    let result = cell.get_or_try_init(|| Ok(String::from(\"Hello\")));",
                  "    assert!(result.is_ok());",
                  "}"
                ],
                [
                  "{",
                  "    let cell = OnceCell::new();",
                  "    let value = cell.get_or_try_init(|| Ok(String::from(\"Hello\")));",
                  "    let cell = OnceCell::new();",
                  "    let result = cell.get_or_try_init(|| Ok(String::from(\"Hello\")));",
                  "    assert_eq!(result.unwrap(), cell.get_unchecked());",
                  "}"
                ],
                [
                  "{",
                  "    let cell = OnceCell::new();",
                  "    let value = cell.get_or_try_init(|| Ok(String::from(\"Hello\")));",
                  "    let cell = OnceCell::new();",
                  "    let result = cell.get_or_try_init(|| Ok(String::from(\"Hello\")));",
                  "    assert!(cell.get().is_some());",
                  "}"
                ],
                [
                  "{",
                  "    let cell = OnceCell::new();",
                  "    let value = cell.get_or_try_init(|| Ok(String::from(\"Hello\")));",
                  "    let cell = OnceCell::new();",
                  "    let result = cell.get_or_try_init(|| Ok(String::from(\"Hello\")));",
                  "    assert_eq!(cell.get(), Some(&String::from(\"Hello\")));",
                  "}"
                ],
                [
                  "{",
                  "    let cell = OnceCell::new();",
                  "    let value = cell.get_or_try_init(|| Ok(String::from(\"Hello\")));",
                  "    let cell = OnceCell::new();",
                  "    let result = cell.get_or_try_init(|| Ok(String::from(\"Hello\")));",
                  "    assert!(cell.0.is_initialized());",
                  "}"
                ],
                [
                  "{",
                  "    let cell = OnceCell::new();",
                  "    let value = cell.get_or_try_init(|| Ok(String::from(\"Hello\")));",
                  "    let cell = OnceCell::new();",
                  "    let result = cell.get_or_try_init(|| Ok(String::from(\"Hello\")));",
                  "    assert!(cell.get().unwrap() == &String::from(\"Hello\"));",
                  "}"
                ]
              ],
              "can_compile": [
                {
                  "Err": "   Compiling proc-macro2 v1.0.95\n   Compiling unicode-ident v1.0.18\n   Compiling hashbrown v0.15.2\n   Compiling equivalent v1.0.2\n   Compiling syn v1.0.109\n   Compiling winnow v0.7.6\n   Compiling toml_datetime v0.6.8\n   Compiling memchr v2.7.4\n   Compiling regex-syntax v0.8.5\n   Compiling critical-section v1.2.0\n   Compiling aho-corasick v1.1.3\n   Compiling indexmap v2.9.0\n   Compiling quote v1.0.40\n   Compiling regex-automata v0.4.9\n   Compiling toml_edit v0.22.24\n   Compiling proc-macro-crate v3.3.0\n   Compiling ntest_test_cases v0.9.3\n   Compiling ntest_timeout v0.9.3\n   Compiling regex v1.11.1\n   Compiling ntest v0.9.3\n   Compiling once_cell v1.21.3 (/home/abezbm/rust-utgen-test-crates-new/once_cell)\nwarning: unused import: `std::panic`\n   --> src/imp_std.rs:292:9\n    |\n292 |     use std::panic;\n    |         ^^^^^^^^^^\n    |\n    = note: `#[warn(unused_imports)]` on by default\n\nwarning: unused imports: `sync::mpsc::channel` and `thread`\n   --> src/imp_std.rs:293:15\n    |\n293 |     use std::{sync::mpsc::channel, thread};\n    |               ^^^^^^^^^^^^^^^^^^^  ^^^^^^\n\nwarning: unused import: `ntest::timeout`\n    --> src/lib.rs:1413:8\n     |\n1413 |    use ntest::timeout;\n     |        ^^^^^^^^^^^^^^\n\nerror[E0282]: type annotations needed for `Result<&String, _>`\n    --> src/lib.rs:1418:9\n     |\n1418 |     let value = cell.get_or_try_init(|| Ok(String::from(\"Hello\")));\n     |         ^^^^^                           ------------------------- type must be known at this point\n     |\nhelp: consider giving `value` an explicit type, where the type for type parameter `E` is specified\n     |\n1418 |     let value: Result<&String, E> = cell.get_or_try_init(|| Ok(String::from(\"Hello\")));\n     |              ++++++++++++++++++++\n\nFor more information about this error, try `rustc --explain E0282`.\nwarning: `once_cell` (lib test) generated 3 warnings\nerror: could not compile `once_cell` (lib test) due to 1 previous error; 3 warnings emitted\n"
                },
                {
                  "Err": "   Compiling proc-macro2 v1.0.95\n   Compiling unicode-ident v1.0.18\n   Compiling syn v1.0.109\n   Compiling equivalent v1.0.2\n   Compiling hashbrown v0.15.2\n   Compiling toml_datetime v0.6.8\n   Compiling winnow v0.7.6\n   Compiling memchr v2.7.4\n   Compiling regex-syntax v0.8.5\n   Compiling critical-section v1.2.0\n   Compiling aho-corasick v1.1.3\n   Compiling indexmap v2.9.0\n   Compiling quote v1.0.40\n   Compiling regex-automata v0.4.9\n   Compiling toml_edit v0.22.24\n   Compiling proc-macro-crate v3.3.0\n   Compiling ntest_test_cases v0.9.3\n   Compiling ntest_timeout v0.9.3\n   Compiling regex v1.11.1\n   Compiling ntest v0.9.3\n   Compiling once_cell v1.21.3 (/home/abezbm/rust-utgen-test-crates-new/once_cell)\nwarning: unused import: `std::panic`\n   --> src/imp_std.rs:292:9\n    |\n292 |     use std::panic;\n    |         ^^^^^^^^^^\n    |\n    = note: `#[warn(unused_imports)]` on by default\n\nwarning: unused imports: `sync::mpsc::channel` and `thread`\n   --> src/imp_std.rs:293:15\n    |\n293 |     use std::{sync::mpsc::channel, thread};\n    |               ^^^^^^^^^^^^^^^^^^^  ^^^^^^\n\nwarning: unused import: `ntest::timeout`\n    --> src/lib.rs:1413:8\n     |\n1413 |    use ntest::timeout;\n     |        ^^^^^^^^^^^^^^\n\nerror[E0282]: type annotations needed for `Result<&String, _>`\n    --> src/lib.rs:1418:9\n     |\n1418 |     let value = cell.get_or_try_init(|| Ok(String::from(\"Hello\")));\n     |         ^^^^^                           ------------------------- type must be known at this point\n     |\nhelp: consider giving `value` an explicit type, where the type for type parameter `E` is specified\n     |\n1418 |     let value: Result<&String, E> = cell.get_or_try_init(|| Ok(String::from(\"Hello\")));\n     |              ++++++++++++++++++++\n\nFor more information about this error, try `rustc --explain E0282`.\nwarning: `once_cell` (lib test) generated 3 warnings\nerror: could not compile `once_cell` (lib test) due to 1 previous error; 3 warnings emitted\n"
                },
                {
                  "Err": "   Compiling proc-macro2 v1.0.95\n   Compiling unicode-ident v1.0.18\n   Compiling hashbrown v0.15.2\n   Compiling syn v1.0.109\n   Compiling equivalent v1.0.2\n   Compiling toml_datetime v0.6.8\n   Compiling winnow v0.7.6\n   Compiling memchr v2.7.4\n   Compiling regex-syntax v0.8.5\n   Compiling critical-section v1.2.0\n   Compiling aho-corasick v1.1.3\n   Compiling indexmap v2.9.0\n   Compiling quote v1.0.40\n   Compiling toml_edit v0.22.24\n   Compiling regex-automata v0.4.9\n   Compiling proc-macro-crate v3.3.0\n   Compiling ntest_test_cases v0.9.3\n   Compiling ntest_timeout v0.9.3\n   Compiling ntest v0.9.3\n   Compiling regex v1.11.1\n   Compiling once_cell v1.21.3 (/home/abezbm/rust-utgen-test-crates-new/once_cell)\nwarning: unused import: `std::panic`\n   --> src/imp_std.rs:292:9\n    |\n292 |     use std::panic;\n    |         ^^^^^^^^^^\n    |\n    = note: `#[warn(unused_imports)]` on by default\n\nwarning: unused imports: `sync::mpsc::channel` and `thread`\n   --> src/imp_std.rs:293:15\n    |\n293 |     use std::{sync::mpsc::channel, thread};\n    |               ^^^^^^^^^^^^^^^^^^^  ^^^^^^\n\nwarning: unused import: `ntest::timeout`\n    --> src/lib.rs:1413:8\n     |\n1413 |    use ntest::timeout;\n     |        ^^^^^^^^^^^^^^\n\nerror[E0282]: type annotations needed for `Result<&String, _>`\n    --> src/lib.rs:1418:9\n     |\n1418 |     let value = cell.get_or_try_init(|| Ok(String::from(\"Hello\")));\n     |         ^^^^^                           ------------------------- type must be known at this point\n     |\nhelp: consider giving `value` an explicit type, where the type for type parameter `E` is specified\n     |\n1418 |     let value: Result<&String, E> = cell.get_or_try_init(|| Ok(String::from(\"Hello\")));\n     |              ++++++++++++++++++++\n\nFor more information about this error, try `rustc --explain E0282`.\nwarning: `once_cell` (lib test) generated 3 warnings\nerror: could not compile `once_cell` (lib test) due to 1 previous error; 3 warnings emitted\n"
                },
                {
                  "Err": "   Compiling proc-macro2 v1.0.95\n   Compiling unicode-ident v1.0.18\n   Compiling syn v1.0.109\n   Compiling hashbrown v0.15.2\n   Compiling equivalent v1.0.2\n   Compiling toml_datetime v0.6.8\n   Compiling winnow v0.7.6\n   Compiling memchr v2.7.4\n   Compiling regex-syntax v0.8.5\n   Compiling critical-section v1.2.0\n   Compiling aho-corasick v1.1.3\n   Compiling indexmap v2.9.0\n   Compiling quote v1.0.40\n   Compiling toml_edit v0.22.24\n   Compiling regex-automata v0.4.9\n   Compiling proc-macro-crate v3.3.0\n   Compiling ntest_test_cases v0.9.3\n   Compiling ntest_timeout v0.9.3\n   Compiling regex v1.11.1\n   Compiling ntest v0.9.3\n   Compiling once_cell v1.21.3 (/home/abezbm/rust-utgen-test-crates-new/once_cell)\nwarning: unused import: `std::panic`\n   --> src/imp_std.rs:292:9\n    |\n292 |     use std::panic;\n    |         ^^^^^^^^^^\n    |\n    = note: `#[warn(unused_imports)]` on by default\n\nwarning: unused imports: `sync::mpsc::channel` and `thread`\n   --> src/imp_std.rs:293:15\n    |\n293 |     use std::{sync::mpsc::channel, thread};\n    |               ^^^^^^^^^^^^^^^^^^^  ^^^^^^\n\nwarning: unused import: `ntest::timeout`\n    --> src/lib.rs:1413:8\n     |\n1413 |    use ntest::timeout;\n     |        ^^^^^^^^^^^^^^\n\nerror[E0282]: type annotations needed for `Result<&String, _>`\n    --> src/lib.rs:1418:9\n     |\n1418 |     let value = cell.get_or_try_init(|| Ok(String::from(\"Hello\")));\n     |         ^^^^^                           ------------------------- type must be known at this point\n     |\nhelp: consider giving `value` an explicit type, where the type for type parameter `E` is specified\n     |\n1418 |     let value: Result<&String, E> = cell.get_or_try_init(|| Ok(String::from(\"Hello\")));\n     |              ++++++++++++++++++++\n\nFor more information about this error, try `rustc --explain E0282`.\nwarning: `once_cell` (lib test) generated 3 warnings\nerror: could not compile `once_cell` (lib test) due to 1 previous error; 3 warnings emitted\n"
                },
                {
                  "Err": "   Compiling proc-macro2 v1.0.95\n   Compiling unicode-ident v1.0.18\n   Compiling hashbrown v0.15.2\n   Compiling equivalent v1.0.2\n   Compiling syn v1.0.109\n   Compiling toml_datetime v0.6.8\n   Compiling winnow v0.7.6\n   Compiling memchr v2.7.4\n   Compiling regex-syntax v0.8.5\n   Compiling critical-section v1.2.0\n   Compiling aho-corasick v1.1.3\n   Compiling indexmap v2.9.0\n   Compiling quote v1.0.40\n   Compiling toml_edit v0.22.24\n   Compiling regex-automata v0.4.9\n   Compiling proc-macro-crate v3.3.0\n   Compiling ntest_test_cases v0.9.3\n   Compiling ntest_timeout v0.9.3\n   Compiling regex v1.11.1\n   Compiling ntest v0.9.3\n   Compiling once_cell v1.21.3 (/home/abezbm/rust-utgen-test-crates-new/once_cell)\nwarning: unused import: `std::panic`\n   --> src/imp_std.rs:292:9\n    |\n292 |     use std::panic;\n    |         ^^^^^^^^^^\n    |\n    = note: `#[warn(unused_imports)]` on by default\n\nwarning: unused imports: `sync::mpsc::channel` and `thread`\n   --> src/imp_std.rs:293:15\n    |\n293 |     use std::{sync::mpsc::channel, thread};\n    |               ^^^^^^^^^^^^^^^^^^^  ^^^^^^\n\nwarning: unused import: `ntest::timeout`\n    --> src/lib.rs:1413:8\n     |\n1413 |    use ntest::timeout;\n     |        ^^^^^^^^^^^^^^\n\nerror[E0282]: type annotations needed for `Result<&String, _>`\n    --> src/lib.rs:1418:9\n     |\n1418 |     let value = cell.get_or_try_init(|| Ok(String::from(\"Hello\")));\n     |         ^^^^^                           ------------------------- type must be known at this point\n     |\nhelp: consider giving `value` an explicit type, where the type for type parameter `E` is specified\n     |\n1418 |     let value: Result<&String, E> = cell.get_or_try_init(|| Ok(String::from(\"Hello\")));\n     |              ++++++++++++++++++++\n\nFor more information about this error, try `rustc --explain E0282`.\nwarning: `once_cell` (lib test) generated 3 warnings\nerror: could not compile `once_cell` (lib test) due to 1 previous error; 3 warnings emitted\n"
                },
                {
                  "Err": "   Compiling proc-macro2 v1.0.95\n   Compiling unicode-ident v1.0.18\n   Compiling syn v1.0.109\n   Compiling equivalent v1.0.2\n   Compiling hashbrown v0.15.2\n   Compiling toml_datetime v0.6.8\n   Compiling winnow v0.7.6\n   Compiling memchr v2.7.4\n   Compiling regex-syntax v0.8.5\n   Compiling critical-section v1.2.0\n   Compiling aho-corasick v1.1.3\n   Compiling indexmap v2.9.0\n   Compiling quote v1.0.40\n   Compiling regex-automata v0.4.9\n   Compiling toml_edit v0.22.24\n   Compiling proc-macro-crate v3.3.0\n   Compiling ntest_test_cases v0.9.3\n   Compiling ntest_timeout v0.9.3\n   Compiling regex v1.11.1\n   Compiling ntest v0.9.3\n   Compiling once_cell v1.21.3 (/home/abezbm/rust-utgen-test-crates-new/once_cell)\nwarning: unused import: `std::panic`\n   --> src/imp_std.rs:292:9\n    |\n292 |     use std::panic;\n    |         ^^^^^^^^^^\n    |\n    = note: `#[warn(unused_imports)]` on by default\n\nwarning: unused imports: `sync::mpsc::channel` and `thread`\n   --> src/imp_std.rs:293:15\n    |\n293 |     use std::{sync::mpsc::channel, thread};\n    |               ^^^^^^^^^^^^^^^^^^^  ^^^^^^\n\nwarning: unused import: `ntest::timeout`\n    --> src/lib.rs:1413:8\n     |\n1413 |    use ntest::timeout;\n     |        ^^^^^^^^^^^^^^\n\nerror[E0282]: type annotations needed for `Result<&String, _>`\n    --> src/lib.rs:1418:9\n     |\n1418 |     let value = cell.get_or_try_init(|| Ok(String::from(\"Hello\")));\n     |         ^^^^^                           ------------------------- type must be known at this point\n     |\nhelp: consider giving `value` an explicit type, where the type for type parameter `E` is specified\n     |\n1418 |     let value: Result<&String, E> = cell.get_or_try_init(|| Ok(String::from(\"Hello\")));\n     |              ++++++++++++++++++++\n\nFor more information about this error, try `rustc --explain E0282`.\nwarning: `once_cell` (lib test) generated 3 warnings\nerror: could not compile `once_cell` (lib test) due to 1 previous error; 3 warnings emitted\n"
                }
              ],
              "repaired": [
                false,
                false,
                false,
                false,
                false,
                false
              ]
            },
            {
              "attrs": [],
              "prefix": [
                "{",
                "    let cell = OnceCell::new();",
                "    let value = cell.get_or_try_init(|| Ok((1, \"Tuple\")));",
                "}"
              ],
              "oracles": [
                [
                  "    let cell = OnceCell::new();",
                  "    let value = cell.get_or_try_init(|| Ok((1, \"Tuple\")));",
                  "    assert!(value.is_ok());"
                ],
                [
                  "    let cell = OnceCell::new();",
                  "    let value = cell.get_or_try_init(|| Ok((1, \"Tuple\")));",
                  "    assert_eq!(value.unwrap(), &(1, \"Tuple\"));"
                ],
                [
                  "    let cell = OnceCell::new();",
                  "    let value = cell.get_or_try_init(|| Ok((1, \"Tuple\")));",
                  "    assert!(cell.get().is_some());"
                ],
                [
                  "    let cell = OnceCell::new();",
                  "    let value = cell.get_or_try_init(|| Ok((1, \"Tuple\")));",
                  "    assert_eq!(cell.get().unwrap(), &(1, \"Tuple\"));"
                ]
              ],
              "codes": [
                [
                  "{",
                  "    let cell = OnceCell::new();",
                  "    let value = cell.get_or_try_init(|| Ok((1, \"Tuple\")));",
                  "    let cell = OnceCell::new();",
                  "    let value = cell.get_or_try_init(|| Ok((1, \"Tuple\")));",
                  "    assert!(value.is_ok());",
                  "}"
                ],
                [
                  "{",
                  "    let cell = OnceCell::new();",
                  "    let value = cell.get_or_try_init(|| Ok((1, \"Tuple\")));",
                  "    let cell = OnceCell::new();",
                  "    let value = cell.get_or_try_init(|| Ok((1, \"Tuple\")));",
                  "    assert_eq!(value.unwrap(), &(1, \"Tuple\"));",
                  "}"
                ],
                [
                  "{",
                  "    let cell = OnceCell::new();",
                  "    let value = cell.get_or_try_init(|| Ok((1, \"Tuple\")));",
                  "    let cell = OnceCell::new();",
                  "    let value = cell.get_or_try_init(|| Ok((1, \"Tuple\")));",
                  "    assert!(cell.get().is_some());",
                  "}"
                ],
                [
                  "{",
                  "    let cell = OnceCell::new();",
                  "    let value = cell.get_or_try_init(|| Ok((1, \"Tuple\")));",
                  "    let cell = OnceCell::new();",
                  "    let value = cell.get_or_try_init(|| Ok((1, \"Tuple\")));",
                  "    assert_eq!(cell.get().unwrap(), &(1, \"Tuple\"));",
                  "}"
                ]
              ],
              "can_compile": [
                {
                  "Err": "   Compiling proc-macro2 v1.0.95\n   Compiling unicode-ident v1.0.18\n   Compiling syn v1.0.109\n   Compiling hashbrown v0.15.2\n   Compiling equivalent v1.0.2\n   Compiling winnow v0.7.6\n   Compiling toml_datetime v0.6.8\n   Compiling memchr v2.7.4\n   Compiling regex-syntax v0.8.5\n   Compiling critical-section v1.2.0\n   Compiling aho-corasick v1.1.3\n   Compiling indexmap v2.9.0\n   Compiling quote v1.0.40\n   Compiling toml_edit v0.22.24\n   Compiling regex-automata v0.4.9\n   Compiling proc-macro-crate v3.3.0\n   Compiling ntest_test_cases v0.9.3\n   Compiling ntest_timeout v0.9.3\n   Compiling regex v1.11.1\n   Compiling ntest v0.9.3\n   Compiling once_cell v1.21.3 (/home/abezbm/rust-utgen-test-crates-new/once_cell)\nwarning: unused import: `std::panic`\n   --> src/imp_std.rs:292:9\n    |\n292 |     use std::panic;\n    |         ^^^^^^^^^^\n    |\n    = note: `#[warn(unused_imports)]` on by default\n\nwarning: unused imports: `sync::mpsc::channel` and `thread`\n   --> src/imp_std.rs:293:15\n    |\n293 |     use std::{sync::mpsc::channel, thread};\n    |               ^^^^^^^^^^^^^^^^^^^  ^^^^^^\n\nwarning: unused import: `ntest::timeout`\n    --> src/lib.rs:1413:8\n     |\n1413 |    use ntest::timeout;\n     |        ^^^^^^^^^^^^^^\n\nerror[E0282]: type annotations needed for `Result<&(i32, &str), _>`\n    --> src/lib.rs:1418:9\n     |\n1418 |     let value = cell.get_or_try_init(|| Ok((1, \"Tuple\")));\n     |         ^^^^^                           ---------------- type must be known at this point\n     |\nhelp: consider giving `value` an explicit type, where the type for type parameter `E` is specified\n     |\n1418 |     let value: Result<&(i32, &str), E> = cell.get_or_try_init(|| Ok((1, \"Tuple\")));\n     |              +++++++++++++++++++++++++\n\nFor more information about this error, try `rustc --explain E0282`.\nwarning: `once_cell` (lib test) generated 3 warnings\nerror: could not compile `once_cell` (lib test) due to 1 previous error; 3 warnings emitted\n"
                },
                {
                  "Err": "   Compiling proc-macro2 v1.0.95\n   Compiling unicode-ident v1.0.18\n   Compiling equivalent v1.0.2\n   Compiling hashbrown v0.15.2\n   Compiling syn v1.0.109\n   Compiling toml_datetime v0.6.8\n   Compiling winnow v0.7.6\n   Compiling memchr v2.7.4\n   Compiling regex-syntax v0.8.5\n   Compiling critical-section v1.2.0\n   Compiling aho-corasick v1.1.3\n   Compiling indexmap v2.9.0\n   Compiling quote v1.0.40\n   Compiling regex-automata v0.4.9\n   Compiling toml_edit v0.22.24\n   Compiling proc-macro-crate v3.3.0\n   Compiling ntest_test_cases v0.9.3\n   Compiling regex v1.11.1\n   Compiling ntest_timeout v0.9.3\n   Compiling ntest v0.9.3\n   Compiling once_cell v1.21.3 (/home/abezbm/rust-utgen-test-crates-new/once_cell)\nwarning: unused import: `std::panic`\n   --> src/imp_std.rs:292:9\n    |\n292 |     use std::panic;\n    |         ^^^^^^^^^^\n    |\n    = note: `#[warn(unused_imports)]` on by default\n\nwarning: unused imports: `sync::mpsc::channel` and `thread`\n   --> src/imp_std.rs:293:15\n    |\n293 |     use std::{sync::mpsc::channel, thread};\n    |               ^^^^^^^^^^^^^^^^^^^  ^^^^^^\n\nwarning: unused import: `ntest::timeout`\n    --> src/lib.rs:1413:8\n     |\n1413 |    use ntest::timeout;\n     |        ^^^^^^^^^^^^^^\n\nerror[E0282]: type annotations needed for `Result<&(i32, &str), _>`\n    --> src/lib.rs:1418:9\n     |\n1418 |     let value = cell.get_or_try_init(|| Ok((1, \"Tuple\")));\n     |         ^^^^^                           ---------------- type must be known at this point\n     |\nhelp: consider giving `value` an explicit type, where the type for type parameter `E` is specified\n     |\n1418 |     let value: Result<&(i32, &str), E> = cell.get_or_try_init(|| Ok((1, \"Tuple\")));\n     |              +++++++++++++++++++++++++\n\nFor more information about this error, try `rustc --explain E0282`.\nwarning: `once_cell` (lib test) generated 3 warnings\nerror: could not compile `once_cell` (lib test) due to 1 previous error; 3 warnings emitted\n"
                },
                {
                  "Err": "   Compiling proc-macro2 v1.0.95\n   Compiling unicode-ident v1.0.18\n   Compiling hashbrown v0.15.2\n   Compiling syn v1.0.109\n   Compiling equivalent v1.0.2\n   Compiling toml_datetime v0.6.8\n   Compiling winnow v0.7.6\n   Compiling memchr v2.7.4\n   Compiling regex-syntax v0.8.5\n   Compiling critical-section v1.2.0\n   Compiling aho-corasick v1.1.3\n   Compiling indexmap v2.9.0\n   Compiling quote v1.0.40\n   Compiling toml_edit v0.22.24\n   Compiling regex-automata v0.4.9\n   Compiling proc-macro-crate v3.3.0\n   Compiling ntest_test_cases v0.9.3\n   Compiling ntest_timeout v0.9.3\n   Compiling regex v1.11.1\n   Compiling ntest v0.9.3\n   Compiling once_cell v1.21.3 (/home/abezbm/rust-utgen-test-crates-new/once_cell)\nwarning: unused import: `std::panic`\n   --> src/imp_std.rs:292:9\n    |\n292 |     use std::panic;\n    |         ^^^^^^^^^^\n    |\n    = note: `#[warn(unused_imports)]` on by default\n\nwarning: unused imports: `sync::mpsc::channel` and `thread`\n   --> src/imp_std.rs:293:15\n    |\n293 |     use std::{sync::mpsc::channel, thread};\n    |               ^^^^^^^^^^^^^^^^^^^  ^^^^^^\n\nwarning: unused import: `ntest::timeout`\n    --> src/lib.rs:1413:8\n     |\n1413 |    use ntest::timeout;\n     |        ^^^^^^^^^^^^^^\n\nerror[E0282]: type annotations needed for `Result<&(i32, &str), _>`\n    --> src/lib.rs:1418:9\n     |\n1418 |     let value = cell.get_or_try_init(|| Ok((1, \"Tuple\")));\n     |         ^^^^^                           ---------------- type must be known at this point\n     |\nhelp: consider giving `value` an explicit type, where the type for type parameter `E` is specified\n     |\n1418 |     let value: Result<&(i32, &str), E> = cell.get_or_try_init(|| Ok((1, \"Tuple\")));\n     |              +++++++++++++++++++++++++\n\nFor more information about this error, try `rustc --explain E0282`.\nwarning: `once_cell` (lib test) generated 3 warnings\nerror: could not compile `once_cell` (lib test) due to 1 previous error; 3 warnings emitted\n"
                },
                {
                  "Err": "   Compiling proc-macro2 v1.0.95\n   Compiling unicode-ident v1.0.18\n   Compiling hashbrown v0.15.2\n   Compiling syn v1.0.109\n   Compiling equivalent v1.0.2\n   Compiling toml_datetime v0.6.8\n   Compiling winnow v0.7.6\n   Compiling memchr v2.7.4\n   Compiling regex-syntax v0.8.5\n   Compiling critical-section v1.2.0\n   Compiling aho-corasick v1.1.3\n   Compiling indexmap v2.9.0\n   Compiling quote v1.0.40\n   Compiling toml_edit v0.22.24\n   Compiling regex-automata v0.4.9\n   Compiling proc-macro-crate v3.3.0\n   Compiling ntest_test_cases v0.9.3\n   Compiling ntest_timeout v0.9.3\n   Compiling regex v1.11.1\n   Compiling ntest v0.9.3\n   Compiling once_cell v1.21.3 (/home/abezbm/rust-utgen-test-crates-new/once_cell)\nwarning: unused import: `std::panic`\n   --> src/imp_std.rs:292:9\n    |\n292 |     use std::panic;\n    |         ^^^^^^^^^^\n    |\n    = note: `#[warn(unused_imports)]` on by default\n\nwarning: unused imports: `sync::mpsc::channel` and `thread`\n   --> src/imp_std.rs:293:15\n    |\n293 |     use std::{sync::mpsc::channel, thread};\n    |               ^^^^^^^^^^^^^^^^^^^  ^^^^^^\n\nwarning: unused import: `ntest::timeout`\n    --> src/lib.rs:1413:8\n     |\n1413 |    use ntest::timeout;\n     |        ^^^^^^^^^^^^^^\n\nerror[E0282]: type annotations needed for `Result<&(i32, &str), _>`\n    --> src/lib.rs:1418:9\n     |\n1418 |     let value = cell.get_or_try_init(|| Ok((1, \"Tuple\")));\n     |         ^^^^^                           ---------------- type must be known at this point\n     |\nhelp: consider giving `value` an explicit type, where the type for type parameter `E` is specified\n     |\n1418 |     let value: Result<&(i32, &str), E> = cell.get_or_try_init(|| Ok((1, \"Tuple\")));\n     |              +++++++++++++++++++++++++\n\nFor more information about this error, try `rustc --explain E0282`.\nwarning: `once_cell` (lib test) generated 3 warnings\nerror: could not compile `once_cell` (lib test) due to 1 previous error; 3 warnings emitted\n"
                }
              ],
              "repaired": [
                false,
                false,
                false,
                false
              ]
            },
            {
              "attrs": [],
              "prefix": [
                "{",
                "    let cell = OnceCell::new();",
                "    let first_value = cell.get_or_try_init(|| Ok(100));",
                "    let second_value = cell.get_or_try_init(|| Ok(200));",
                "}"
              ],
              "oracles": [
                [
                  "    let cell = OnceCell::new();",
                  "    let first_value = cell.get_or_try_init(|| Ok(100));",
                  "    assert_eq!(first_value, Ok(unsafe { cell.get_unchecked() }));"
                ],
                [
                  "    let cell = OnceCell::new();",
                  "    let first_value = cell.get_or_try_init(|| Ok(100));",
                  "    assert_eq!(cell.get(), Some(unsafe { cell.get_unchecked() }));"
                ],
                [
                  "    let cell = OnceCell::new();",
                  "    let first_value = cell.get_or_try_init(|| Ok(100));",
                  "    let second_value = cell.get_or_try_init(|| Ok(200));",
                  "    assert_eq!(second_value, Ok(unsafe { cell.get_unchecked() }));"
                ],
                [
                  "    let cell = OnceCell::new();",
                  "    let first_value = cell.get_or_try_init(|| Ok(100));",
                  "    let second_value = cell.get_or_try_init(|| Ok(200));",
                  "    assert_eq!(cell.get(), Some(unsafe { cell.get_unchecked() }));"
                ]
              ],
              "codes": [
                [
                  "{",
                  "    let cell = OnceCell::new();",
                  "    let first_value = cell.get_or_try_init(|| Ok(100));",
                  "    let second_value = cell.get_or_try_init(|| Ok(200));",
                  "    let cell = OnceCell::new();",
                  "    let first_value = cell.get_or_try_init(|| Ok(100));",
                  "    assert_eq!(first_value, Ok(unsafe { cell.get_unchecked() }));",
                  "}"
                ],
                [
                  "{",
                  "    let cell = OnceCell::new();",
                  "    let first_value = cell.get_or_try_init(|| Ok(100));",
                  "    let second_value = cell.get_or_try_init(|| Ok(200));",
                  "    let cell = OnceCell::new();",
                  "    let first_value = cell.get_or_try_init(|| Ok(100));",
                  "    assert_eq!(cell.get(), Some(unsafe { cell.get_unchecked() }));",
                  "}"
                ],
                [
                  "{",
                  "    let cell = OnceCell::new();",
                  "    let first_value = cell.get_or_try_init(|| Ok(100));",
                  "    let second_value = cell.get_or_try_init(|| Ok(200));",
                  "    let cell = OnceCell::new();",
                  "    let first_value = cell.get_or_try_init(|| Ok(100));",
                  "    let second_value = cell.get_or_try_init(|| Ok(200));",
                  "    assert_eq!(second_value, Ok(unsafe { cell.get_unchecked() }));",
                  "}"
                ],
                [
                  "{",
                  "    let cell = OnceCell::new();",
                  "    let first_value = cell.get_or_try_init(|| Ok(100));",
                  "    let second_value = cell.get_or_try_init(|| Ok(200));",
                  "    let cell = OnceCell::new();",
                  "    let first_value = cell.get_or_try_init(|| Ok(100));",
                  "    let second_value = cell.get_or_try_init(|| Ok(200));",
                  "    assert_eq!(cell.get(), Some(unsafe { cell.get_unchecked() }));",
                  "}"
                ]
              ],
              "can_compile": [
                {
                  "Err": "   Compiling proc-macro2 v1.0.95\n   Compiling unicode-ident v1.0.18\n   Compiling syn v1.0.109\n   Compiling hashbrown v0.15.2\n   Compiling equivalent v1.0.2\n   Compiling toml_datetime v0.6.8\n   Compiling winnow v0.7.6\n   Compiling memchr v2.7.4\n   Compiling regex-syntax v0.8.5\n   Compiling critical-section v1.2.0\n   Compiling aho-corasick v1.1.3\n   Compiling indexmap v2.9.0\n   Compiling quote v1.0.40\n   Compiling toml_edit v0.22.24\n   Compiling regex-automata v0.4.9\n   Compiling proc-macro-crate v3.3.0\n   Compiling ntest_test_cases v0.9.3\n   Compiling ntest_timeout v0.9.3\n   Compiling regex v1.11.1\n   Compiling ntest v0.9.3\n   Compiling once_cell v1.21.3 (/home/abezbm/rust-utgen-test-crates-new/once_cell)\nwarning: unused import: `std::panic`\n   --> src/imp_std.rs:292:9\n    |\n292 |     use std::panic;\n    |         ^^^^^^^^^^\n    |\n    = note: `#[warn(unused_imports)]` on by default\n\nwarning: unused imports: `sync::mpsc::channel` and `thread`\n   --> src/imp_std.rs:293:15\n    |\n293 |     use std::{sync::mpsc::channel, thread};\n    |               ^^^^^^^^^^^^^^^^^^^  ^^^^^^\n\nwarning: unused import: `ntest::timeout`\n    --> src/lib.rs:1413:8\n     |\n1413 |    use ntest::timeout;\n     |        ^^^^^^^^^^^^^^\n\nerror[E0282]: type annotations needed for `Result<&i32, _>`\n    --> src/lib.rs:1418:9\n     |\n1418 |     let first_value = cell.get_or_try_init(|| Ok(100));\n     |         ^^^^^^^^^^^                           ------- type must be known at this point\n     |\nhelp: consider giving `first_value` an explicit type, where the type for type parameter `E` is specified\n     |\n1418 |     let first_value: Result<&i32, E> = cell.get_or_try_init(|| Ok(100));\n     |                    +++++++++++++++++\n\nFor more information about this error, try `rustc --explain E0282`.\nwarning: `once_cell` (lib test) generated 3 warnings\nerror: could not compile `once_cell` (lib test) due to 1 previous error; 3 warnings emitted\n"
                },
                {
                  "Err": "   Compiling proc-macro2 v1.0.95\n   Compiling unicode-ident v1.0.18\n   Compiling syn v1.0.109\n   Compiling equivalent v1.0.2\n   Compiling hashbrown v0.15.2\n   Compiling toml_datetime v0.6.8\n   Compiling winnow v0.7.6\n   Compiling memchr v2.7.4\n   Compiling regex-syntax v0.8.5\n   Compiling critical-section v1.2.0\n   Compiling aho-corasick v1.1.3\n   Compiling indexmap v2.9.0\n   Compiling quote v1.0.40\n   Compiling regex-automata v0.4.9\n   Compiling toml_edit v0.22.24\n   Compiling proc-macro-crate v3.3.0\n   Compiling ntest_timeout v0.9.3\n   Compiling ntest_test_cases v0.9.3\n   Compiling regex v1.11.1\n   Compiling ntest v0.9.3\n   Compiling once_cell v1.21.3 (/home/abezbm/rust-utgen-test-crates-new/once_cell)\nwarning: unused import: `std::panic`\n   --> src/imp_std.rs:292:9\n    |\n292 |     use std::panic;\n    |         ^^^^^^^^^^\n    |\n    = note: `#[warn(unused_imports)]` on by default\n\nwarning: unused imports: `sync::mpsc::channel` and `thread`\n   --> src/imp_std.rs:293:15\n    |\n293 |     use std::{sync::mpsc::channel, thread};\n    |               ^^^^^^^^^^^^^^^^^^^  ^^^^^^\n\nwarning: unused import: `ntest::timeout`\n    --> src/lib.rs:1413:8\n     |\n1413 |    use ntest::timeout;\n     |        ^^^^^^^^^^^^^^\n\nerror[E0282]: type annotations needed for `Result<&i32, _>`\n    --> src/lib.rs:1418:9\n     |\n1418 |     let first_value = cell.get_or_try_init(|| Ok(100));\n     |         ^^^^^^^^^^^                           ------- type must be known at this point\n     |\nhelp: consider giving `first_value` an explicit type, where the type for type parameter `E` is specified\n     |\n1418 |     let first_value: Result<&i32, E> = cell.get_or_try_init(|| Ok(100));\n     |                    +++++++++++++++++\n\nFor more information about this error, try `rustc --explain E0282`.\nwarning: `once_cell` (lib test) generated 3 warnings\nerror: could not compile `once_cell` (lib test) due to 1 previous error; 3 warnings emitted\n"
                },
                {
                  "Err": "   Compiling proc-macro2 v1.0.95\n   Compiling unicode-ident v1.0.18\n   Compiling syn v1.0.109\n   Compiling hashbrown v0.15.2\n   Compiling equivalent v1.0.2\n   Compiling toml_datetime v0.6.8\n   Compiling winnow v0.7.6\n   Compiling memchr v2.7.4\n   Compiling regex-syntax v0.8.5\n   Compiling critical-section v1.2.0\n   Compiling aho-corasick v1.1.3\n   Compiling indexmap v2.9.0\n   Compiling quote v1.0.40\n   Compiling regex-automata v0.4.9\n   Compiling toml_edit v0.22.24\n   Compiling proc-macro-crate v3.3.0\n   Compiling ntest_test_cases v0.9.3\n   Compiling ntest_timeout v0.9.3\n   Compiling ntest v0.9.3\n   Compiling regex v1.11.1\n   Compiling once_cell v1.21.3 (/home/abezbm/rust-utgen-test-crates-new/once_cell)\nwarning: unused import: `std::panic`\n   --> src/imp_std.rs:292:9\n    |\n292 |     use std::panic;\n    |         ^^^^^^^^^^\n    |\n    = note: `#[warn(unused_imports)]` on by default\n\nwarning: unused imports: `sync::mpsc::channel` and `thread`\n   --> src/imp_std.rs:293:15\n    |\n293 |     use std::{sync::mpsc::channel, thread};\n    |               ^^^^^^^^^^^^^^^^^^^  ^^^^^^\n\nwarning: unused import: `ntest::timeout`\n    --> src/lib.rs:1413:8\n     |\n1413 |    use ntest::timeout;\n     |        ^^^^^^^^^^^^^^\n\nerror[E0282]: type annotations needed for `Result<&i32, _>`\n    --> src/lib.rs:1418:9\n     |\n1418 |     let first_value = cell.get_or_try_init(|| Ok(100));\n     |         ^^^^^^^^^^^                           ------- type must be known at this point\n     |\nhelp: consider giving `first_value` an explicit type, where the type for type parameter `E` is specified\n     |\n1418 |     let first_value: Result<&i32, E> = cell.get_or_try_init(|| Ok(100));\n     |                    +++++++++++++++++\n\nFor more information about this error, try `rustc --explain E0282`.\nwarning: `once_cell` (lib test) generated 3 warnings\nerror: could not compile `once_cell` (lib test) due to 1 previous error; 3 warnings emitted\n"
                },
                {
                  "Err": "   Compiling proc-macro2 v1.0.95\n   Compiling unicode-ident v1.0.18\n   Compiling syn v1.0.109\n   Compiling equivalent v1.0.2\n   Compiling hashbrown v0.15.2\n   Compiling winnow v0.7.6\n   Compiling toml_datetime v0.6.8\n   Compiling memchr v2.7.4\n   Compiling regex-syntax v0.8.5\n   Compiling critical-section v1.2.0\n   Compiling aho-corasick v1.1.3\n   Compiling indexmap v2.9.0\n   Compiling quote v1.0.40\n   Compiling regex-automata v0.4.9\n   Compiling toml_edit v0.22.24\n   Compiling proc-macro-crate v3.3.0\n   Compiling ntest_test_cases v0.9.3\n   Compiling ntest_timeout v0.9.3\n   Compiling regex v1.11.1\n   Compiling ntest v0.9.3\n   Compiling once_cell v1.21.3 (/home/abezbm/rust-utgen-test-crates-new/once_cell)\nwarning: unused import: `std::panic`\n   --> src/imp_std.rs:292:9\n    |\n292 |     use std::panic;\n    |         ^^^^^^^^^^\n    |\n    = note: `#[warn(unused_imports)]` on by default\n\nwarning: unused imports: `sync::mpsc::channel` and `thread`\n   --> src/imp_std.rs:293:15\n    |\n293 |     use std::{sync::mpsc::channel, thread};\n    |               ^^^^^^^^^^^^^^^^^^^  ^^^^^^\n\nwarning: unused import: `ntest::timeout`\n    --> src/lib.rs:1413:8\n     |\n1413 |    use ntest::timeout;\n     |        ^^^^^^^^^^^^^^\n\nerror[E0282]: type annotations needed for `Result<&i32, _>`\n    --> src/lib.rs:1418:9\n     |\n1418 |     let first_value = cell.get_or_try_init(|| Ok(100));\n     |         ^^^^^^^^^^^                           ------- type must be known at this point\n     |\nhelp: consider giving `first_value` an explicit type, where the type for type parameter `E` is specified\n     |\n1418 |     let first_value: Result<&i32, E> = cell.get_or_try_init(|| Ok(100));\n     |                    +++++++++++++++++\n\nFor more information about this error, try `rustc --explain E0282`.\nwarning: `once_cell` (lib test) generated 3 warnings\nerror: could not compile `once_cell` (lib test) due to 1 previous error; 3 warnings emitted\n"
                }
              ],
              "repaired": [
                false,
                false,
                false,
                false
              ]
            },
            {
              "attrs": [],
              "prefix": [
                "{",
                "    let cell = OnceCell::new();",
                "    let _ = cell.get_or_try_init(|| Ok(99));",
                "    let value = cell.get_or_try_init(|| Ok(123));",
                "}"
              ],
              "oracles": [
                [
                  "    let cell = OnceCell::new();",
                  "    assert!(cell.get().is_none());"
                ],
                [
                  "    let cell = OnceCell::new();",
                  "    let _ = cell.get_or_try_init(|| Ok(99));",
                  "    assert_eq!(cell.get(), Some(&99));"
                ],
                [
                  "    let cell = OnceCell::new();",
                  "    let _ = cell.get_or_try_init(|| Ok(99));",
                  "    let value = cell.get_or_try_init(|| Ok(123));",
                  "    assert_eq!(value, Ok(&99));"
                ]
              ],
              "codes": [
                [
                  "{",
                  "    let cell = OnceCell::new();",
                  "    let _ = cell.get_or_try_init(|| Ok(99));",
                  "    let value = cell.get_or_try_init(|| Ok(123));",
                  "    let cell = OnceCell::new();",
                  "    assert!(cell.get().is_none());",
                  "}"
                ],
                [
                  "{",
                  "    let cell = OnceCell::new();",
                  "    let _ = cell.get_or_try_init(|| Ok(99));",
                  "    let value = cell.get_or_try_init(|| Ok(123));",
                  "    let cell = OnceCell::new();",
                  "    let _ = cell.get_or_try_init(|| Ok(99));",
                  "    assert_eq!(cell.get(), Some(&99));",
                  "}"
                ],
                [
                  "{",
                  "    let cell = OnceCell::new();",
                  "    let _ = cell.get_or_try_init(|| Ok(99));",
                  "    let value = cell.get_or_try_init(|| Ok(123));",
                  "    let cell = OnceCell::new();",
                  "    let _ = cell.get_or_try_init(|| Ok(99));",
                  "    let value = cell.get_or_try_init(|| Ok(123));",
                  "    assert_eq!(value, Ok(&99));",
                  "}"
                ]
              ],
              "can_compile": [
                {
                  "Err": "   Compiling proc-macro2 v1.0.95\n   Compiling unicode-ident v1.0.18\n   Compiling equivalent v1.0.2\n   Compiling hashbrown v0.15.2\n   Compiling syn v1.0.109\n   Compiling winnow v0.7.6\n   Compiling toml_datetime v0.6.8\n   Compiling memchr v2.7.4\n   Compiling regex-syntax v0.8.5\n   Compiling critical-section v1.2.0\n   Compiling aho-corasick v1.1.3\n   Compiling indexmap v2.9.0\n   Compiling quote v1.0.40\n   Compiling toml_edit v0.22.24\n   Compiling regex-automata v0.4.9\n   Compiling proc-macro-crate v3.3.0\n   Compiling ntest_test_cases v0.9.3\n   Compiling ntest_timeout v0.9.3\n   Compiling regex v1.11.1\n   Compiling ntest v0.9.3\n   Compiling once_cell v1.21.3 (/home/abezbm/rust-utgen-test-crates-new/once_cell)\nwarning: unused import: `std::panic`\n   --> src/imp_std.rs:292:9\n    |\n292 |     use std::panic;\n    |         ^^^^^^^^^^\n    |\n    = note: `#[warn(unused_imports)]` on by default\n\nwarning: unused imports: `sync::mpsc::channel` and `thread`\n   --> src/imp_std.rs:293:15\n    |\n293 |     use std::{sync::mpsc::channel, thread};\n    |               ^^^^^^^^^^^^^^^^^^^  ^^^^^^\n\nwarning: unused import: `ntest::timeout`\n    --> src/lib.rs:1413:8\n     |\n1413 |    use ntest::timeout;\n     |        ^^^^^^^^^^^^^^\n\nerror[E0282]: type annotations needed for `Result<&i32, _>`\n    --> src/lib.rs:1418:9\n     |\n1418 |     let _ = cell.get_or_try_init(|| Ok(99));\n     |         ^                           ------ type must be known at this point\n     |\nhelp: consider giving this pattern a type, where the type for type parameter `E` is specified\n     |\n1418 |     let _: Result<&i32, E> = cell.get_or_try_init(|| Ok(99));\n     |          +++++++++++++++++\n\nFor more information about this error, try `rustc --explain E0282`.\nwarning: `once_cell` (lib test) generated 3 warnings\nerror: could not compile `once_cell` (lib test) due to 1 previous error; 3 warnings emitted\n"
                },
                {
                  "Err": "   Compiling proc-macro2 v1.0.95\n   Compiling unicode-ident v1.0.18\n   Compiling equivalent v1.0.2\n   Compiling hashbrown v0.15.2\n   Compiling syn v1.0.109\n   Compiling toml_datetime v0.6.8\n   Compiling winnow v0.7.6\n   Compiling memchr v2.7.4\n   Compiling regex-syntax v0.8.5\n   Compiling critical-section v1.2.0\n   Compiling aho-corasick v1.1.3\n   Compiling indexmap v2.9.0\n   Compiling quote v1.0.40\n   Compiling regex-automata v0.4.9\n   Compiling toml_edit v0.22.24\n   Compiling proc-macro-crate v3.3.0\n   Compiling ntest_timeout v0.9.3\n   Compiling ntest_test_cases v0.9.3\n   Compiling regex v1.11.1\n   Compiling ntest v0.9.3\n   Compiling once_cell v1.21.3 (/home/abezbm/rust-utgen-test-crates-new/once_cell)\nwarning: unused import: `std::panic`\n   --> src/imp_std.rs:292:9\n    |\n292 |     use std::panic;\n    |         ^^^^^^^^^^\n    |\n    = note: `#[warn(unused_imports)]` on by default\n\nwarning: unused imports: `sync::mpsc::channel` and `thread`\n   --> src/imp_std.rs:293:15\n    |\n293 |     use std::{sync::mpsc::channel, thread};\n    |               ^^^^^^^^^^^^^^^^^^^  ^^^^^^\n\nwarning: unused import: `ntest::timeout`\n    --> src/lib.rs:1413:8\n     |\n1413 |    use ntest::timeout;\n     |        ^^^^^^^^^^^^^^\n\nerror[E0282]: type annotations needed for `Result<&i32, _>`\n    --> src/lib.rs:1418:9\n     |\n1418 |     let _ = cell.get_or_try_init(|| Ok(99));\n     |         ^                           ------ type must be known at this point\n     |\nhelp: consider giving this pattern a type, where the type for type parameter `E` is specified\n     |\n1418 |     let _: Result<&i32, E> = cell.get_or_try_init(|| Ok(99));\n     |          +++++++++++++++++\n\nFor more information about this error, try `rustc --explain E0282`.\nwarning: `once_cell` (lib test) generated 3 warnings\nerror: could not compile `once_cell` (lib test) due to 1 previous error; 3 warnings emitted\n"
                },
                {
                  "Err": "   Compiling proc-macro2 v1.0.95\n   Compiling unicode-ident v1.0.18\n   Compiling syn v1.0.109\n   Compiling equivalent v1.0.2\n   Compiling hashbrown v0.15.2\n   Compiling toml_datetime v0.6.8\n   Compiling winnow v0.7.6\n   Compiling memchr v2.7.4\n   Compiling regex-syntax v0.8.5\n   Compiling critical-section v1.2.0\n   Compiling aho-corasick v1.1.3\n   Compiling indexmap v2.9.0\n   Compiling quote v1.0.40\n   Compiling regex-automata v0.4.9\n   Compiling toml_edit v0.22.24\n   Compiling proc-macro-crate v3.3.0\n   Compiling ntest_test_cases v0.9.3\n   Compiling ntest_timeout v0.9.3\n   Compiling regex v1.11.1\n   Compiling ntest v0.9.3\n   Compiling once_cell v1.21.3 (/home/abezbm/rust-utgen-test-crates-new/once_cell)\nwarning: unused import: `std::panic`\n   --> src/imp_std.rs:292:9\n    |\n292 |     use std::panic;\n    |         ^^^^^^^^^^\n    |\n    = note: `#[warn(unused_imports)]` on by default\n\nwarning: unused imports: `sync::mpsc::channel` and `thread`\n   --> src/imp_std.rs:293:15\n    |\n293 |     use std::{sync::mpsc::channel, thread};\n    |               ^^^^^^^^^^^^^^^^^^^  ^^^^^^\n\nwarning: unused import: `ntest::timeout`\n    --> src/lib.rs:1413:8\n     |\n1413 |    use ntest::timeout;\n     |        ^^^^^^^^^^^^^^\n\nerror[E0282]: type annotations needed for `Result<&i32, _>`\n    --> src/lib.rs:1418:9\n     |\n1418 |     let _ = cell.get_or_try_init(|| Ok(99));\n     |         ^                           ------ type must be known at this point\n     |\nhelp: consider giving this pattern a type, where the type for type parameter `E` is specified\n     |\n1418 |     let _: Result<&i32, E> = cell.get_or_try_init(|| Ok(99));\n     |          +++++++++++++++++\n\nFor more information about this error, try `rustc --explain E0282`.\nwarning: `once_cell` (lib test) generated 3 warnings\nerror: could not compile `once_cell` (lib test) due to 1 previous error; 3 warnings emitted\n"
                }
              ],
              "repaired": [
                false,
                false,
                false
              ]
            },
            {
              "attrs": [],
              "prefix": [
                "{",
                "    let cell = OnceCell::new();",
                "    let result = cell.get_or_try_init(|| Err(String::from(\"An error occurred\")));",
                "}"
              ],
              "oracles": [
                [
                  "    let cell = OnceCell::new();",
                  "    let result = cell.get_or_try_init(|| Err(String::from(\"An error occurred\")));",
                  "    assert_eq!(result, Err(String::from(\"An error occurred\")));"
                ],
                [
                  "    let cell = OnceCell::new();",
                  "    let result = cell.get_or_try_init(|| Err(String::from(\"An error occurred\")));",
                  "    assert!(cell.get().is_none());"
                ]
              ],
              "codes": [
                [
                  "{",
                  "    let cell = OnceCell::new();",
                  "    let result = cell.get_or_try_init(|| Err(String::from(\"An error occurred\")));",
                  "    let cell = OnceCell::new();",
                  "    let result = cell.get_or_try_init(|| Err(String::from(\"An error occurred\")));",
                  "    assert_eq!(result, Err(String::from(\"An error occurred\")));",
                  "}"
                ],
                [
                  "{",
                  "    let cell = OnceCell::new();",
                  "    let result = cell.get_or_try_init(|| Err(String::from(\"An error occurred\")));",
                  "    let cell = OnceCell::new();",
                  "    let result = cell.get_or_try_init(|| Err(String::from(\"An error occurred\")));",
                  "    assert!(cell.get().is_none());",
                  "}"
                ]
              ],
              "can_compile": [
                {
                  "Err": "   Compiling proc-macro2 v1.0.95\n   Compiling unicode-ident v1.0.18\n   Compiling syn v1.0.109\n   Compiling equivalent v1.0.2\n   Compiling hashbrown v0.15.2\n   Compiling toml_datetime v0.6.8\n   Compiling winnow v0.7.6\n   Compiling memchr v2.7.4\n   Compiling regex-syntax v0.8.5\n   Compiling critical-section v1.2.0\n   Compiling aho-corasick v1.1.3\n   Compiling indexmap v2.9.0\n   Compiling quote v1.0.40\n   Compiling toml_edit v0.22.24\n   Compiling regex-automata v0.4.9\n   Compiling proc-macro-crate v3.3.0\n   Compiling ntest_test_cases v0.9.3\n   Compiling ntest_timeout v0.9.3\n   Compiling ntest v0.9.3\n   Compiling regex v1.11.1\n   Compiling once_cell v1.21.3 (/home/abezbm/rust-utgen-test-crates-new/once_cell)\nwarning: unused import: `std::panic`\n   --> src/imp_std.rs:292:9\n    |\n292 |     use std::panic;\n    |         ^^^^^^^^^^\n    |\n    = note: `#[warn(unused_imports)]` on by default\n\nwarning: unused imports: `sync::mpsc::channel` and `thread`\n   --> src/imp_std.rs:293:15\n    |\n293 |     use std::{sync::mpsc::channel, thread};\n    |               ^^^^^^^^^^^^^^^^^^^  ^^^^^^\n\nwarning: unused import: `ntest::timeout`\n    --> src/lib.rs:1413:8\n     |\n1413 |    use ntest::timeout;\n     |        ^^^^^^^^^^^^^^\n\nerror[E0282]: type annotations needed for `sync::OnceCell<_>`\n    --> src/lib.rs:1417:9\n     |\n1417 |     let cell = OnceCell::new();\n     |         ^^^^\n1418 |     let result = cell.get_or_try_init(|| Err(String::from(\"An error occurred\")));\n     |                                          -------------------------------------- type must be known at this point\n     |\nhelp: consider giving `cell` an explicit type, where the type for type parameter `T` is specified\n     |\n1417 |     let cell: sync::OnceCell<T> = OnceCell::new();\n     |             +++++++++++++++++++\n\nFor more information about this error, try `rustc --explain E0282`.\nwarning: `once_cell` (lib test) generated 3 warnings\nerror: could not compile `once_cell` (lib test) due to 1 previous error; 3 warnings emitted\n"
                },
                {
                  "Err": "   Compiling proc-macro2 v1.0.95\n   Compiling unicode-ident v1.0.18\n   Compiling syn v1.0.109\n   Compiling hashbrown v0.15.2\n   Compiling equivalent v1.0.2\n   Compiling toml_datetime v0.6.8\n   Compiling winnow v0.7.6\n   Compiling memchr v2.7.4\n   Compiling regex-syntax v0.8.5\n   Compiling critical-section v1.2.0\n   Compiling aho-corasick v1.1.3\n   Compiling indexmap v2.9.0\n   Compiling quote v1.0.40\n   Compiling regex-automata v0.4.9\n   Compiling toml_edit v0.22.24\n   Compiling proc-macro-crate v3.3.0\n   Compiling ntest_test_cases v0.9.3\n   Compiling ntest_timeout v0.9.3\n   Compiling regex v1.11.1\n   Compiling ntest v0.9.3\n   Compiling once_cell v1.21.3 (/home/abezbm/rust-utgen-test-crates-new/once_cell)\nwarning: unused import: `std::panic`\n   --> src/imp_std.rs:292:9\n    |\n292 |     use std::panic;\n    |         ^^^^^^^^^^\n    |\n    = note: `#[warn(unused_imports)]` on by default\n\nwarning: unused imports: `sync::mpsc::channel` and `thread`\n   --> src/imp_std.rs:293:15\n    |\n293 |     use std::{sync::mpsc::channel, thread};\n    |               ^^^^^^^^^^^^^^^^^^^  ^^^^^^\n\nwarning: unused import: `ntest::timeout`\n    --> src/lib.rs:1413:8\n     |\n1413 |    use ntest::timeout;\n     |        ^^^^^^^^^^^^^^\n\nerror[E0282]: type annotations needed for `sync::OnceCell<_>`\n    --> src/lib.rs:1417:9\n     |\n1417 |     let cell = OnceCell::new();\n     |         ^^^^\n1418 |     let result = cell.get_or_try_init(|| Err(String::from(\"An error occurred\")));\n     |                                          -------------------------------------- type must be known at this point\n     |\nhelp: consider giving `cell` an explicit type, where the type for type parameter `T` is specified\n     |\n1417 |     let cell: sync::OnceCell<T> = OnceCell::new();\n     |             +++++++++++++++++++\n\nFor more information about this error, try `rustc --explain E0282`.\nwarning: `once_cell` (lib test) generated 3 warnings\nerror: could not compile `once_cell` (lib test) due to 1 previous error; 3 warnings emitted\n"
                }
              ],
              "repaired": [
                false,
                false
              ]
            },
            {
              "attrs": [],
              "prefix": [
                "{",
                "    let cell = OnceCell::new();",
                "    let result = cell.get_or_try_init(|| Err(()));",
                "}"
              ],
              "oracles": [
                [
                  "    let cell = OnceCell::new();",
                  "    let result = cell.get_or_try_init(|| Err(()));",
                  "    assert_eq!(result, Err(()));"
                ],
                [
                  "    let cell = OnceCell::new();",
                  "    let result = cell.get_or_try_init(|| Err(()));",
                  "    assert!(cell.get().is_none());"
                ]
              ],
              "codes": [
                [
                  "{",
                  "    let cell = OnceCell::new();",
                  "    let result = cell.get_or_try_init(|| Err(()));",
                  "    let cell = OnceCell::new();",
                  "    let result = cell.get_or_try_init(|| Err(()));",
                  "    assert_eq!(result, Err(()));",
                  "}"
                ],
                [
                  "{",
                  "    let cell = OnceCell::new();",
                  "    let result = cell.get_or_try_init(|| Err(()));",
                  "    let cell = OnceCell::new();",
                  "    let result = cell.get_or_try_init(|| Err(()));",
                  "    assert!(cell.get().is_none());",
                  "}"
                ]
              ],
              "can_compile": [
                {
                  "Err": "   Compiling proc-macro2 v1.0.95\n   Compiling unicode-ident v1.0.18\n   Compiling equivalent v1.0.2\n   Compiling syn v1.0.109\n   Compiling hashbrown v0.15.2\n   Compiling toml_datetime v0.6.8\n   Compiling winnow v0.7.6\n   Compiling memchr v2.7.4\n   Compiling regex-syntax v0.8.5\n   Compiling critical-section v1.2.0\n   Compiling indexmap v2.9.0\n   Compiling aho-corasick v1.1.3\n   Compiling quote v1.0.40\n   Compiling toml_edit v0.22.24\n   Compiling regex-automata v0.4.9\n   Compiling proc-macro-crate v3.3.0\n   Compiling ntest_test_cases v0.9.3\n   Compiling ntest_timeout v0.9.3\n   Compiling regex v1.11.1\n   Compiling ntest v0.9.3\n   Compiling once_cell v1.21.3 (/home/abezbm/rust-utgen-test-crates-new/once_cell)\nwarning: unused import: `std::panic`\n   --> src/imp_std.rs:292:9\n    |\n292 |     use std::panic;\n    |         ^^^^^^^^^^\n    |\n    = note: `#[warn(unused_imports)]` on by default\n\nwarning: unused imports: `sync::mpsc::channel` and `thread`\n   --> src/imp_std.rs:293:15\n    |\n293 |     use std::{sync::mpsc::channel, thread};\n    |               ^^^^^^^^^^^^^^^^^^^  ^^^^^^\n\nwarning: unused import: `ntest::timeout`\n    --> src/lib.rs:1413:8\n     |\n1413 |    use ntest::timeout;\n     |        ^^^^^^^^^^^^^^\n\nerror[E0282]: type annotations needed for `sync::OnceCell<_>`\n    --> src/lib.rs:1417:9\n     |\n1417 |     let cell = OnceCell::new();\n     |         ^^^^\n1418 |     let result = cell.get_or_try_init(|| Err(()));\n     |                                          ------- type must be known at this point\n     |\nhelp: consider giving `cell` an explicit type, where the type for type parameter `T` is specified\n     |\n1417 |     let cell: sync::OnceCell<T> = OnceCell::new();\n     |             +++++++++++++++++++\n\nFor more information about this error, try `rustc --explain E0282`.\nwarning: `once_cell` (lib test) generated 3 warnings\nerror: could not compile `once_cell` (lib test) due to 1 previous error; 3 warnings emitted\n"
                },
                {
                  "Err": "   Compiling proc-macro2 v1.0.95\n   Compiling unicode-ident v1.0.18\n   Compiling equivalent v1.0.2\n   Compiling syn v1.0.109\n   Compiling hashbrown v0.15.2\n   Compiling winnow v0.7.6\n   Compiling toml_datetime v0.6.8\n   Compiling memchr v2.7.4\n   Compiling regex-syntax v0.8.5\n   Compiling critical-section v1.2.0\n   Compiling aho-corasick v1.1.3\n   Compiling indexmap v2.9.0\n   Compiling quote v1.0.40\n   Compiling regex-automata v0.4.9\n   Compiling toml_edit v0.22.24\n   Compiling proc-macro-crate v3.3.0\n   Compiling ntest_test_cases v0.9.3\n   Compiling ntest_timeout v0.9.3\n   Compiling regex v1.11.1\n   Compiling ntest v0.9.3\n   Compiling once_cell v1.21.3 (/home/abezbm/rust-utgen-test-crates-new/once_cell)\nwarning: unused import: `std::panic`\n   --> src/imp_std.rs:292:9\n    |\n292 |     use std::panic;\n    |         ^^^^^^^^^^\n    |\n    = note: `#[warn(unused_imports)]` on by default\n\nwarning: unused imports: `sync::mpsc::channel` and `thread`\n   --> src/imp_std.rs:293:15\n    |\n293 |     use std::{sync::mpsc::channel, thread};\n    |               ^^^^^^^^^^^^^^^^^^^  ^^^^^^\n\nwarning: unused import: `ntest::timeout`\n    --> src/lib.rs:1413:8\n     |\n1413 |    use ntest::timeout;\n     |        ^^^^^^^^^^^^^^\n\nerror[E0282]: type annotations needed for `sync::OnceCell<_>`\n    --> src/lib.rs:1417:9\n     |\n1417 |     let cell = OnceCell::new();\n     |         ^^^^\n1418 |     let result = cell.get_or_try_init(|| Err(()));\n     |                                          ------- type must be known at this point\n     |\nhelp: consider giving `cell` an explicit type, where the type for type parameter `T` is specified\n     |\n1417 |     let cell: sync::OnceCell<T> = OnceCell::new();\n     |             +++++++++++++++++++\n\nFor more information about this error, try `rustc --explain E0282`.\nwarning: `once_cell` (lib test) generated 3 warnings\nerror: could not compile `once_cell` (lib test) due to 1 previous error; 3 warnings emitted\n"
                }
              ],
              "repaired": [
                false,
                false
              ]
            },
            {
              "attrs": [
                "#[should_panic]"
              ],
              "prefix": [
                "{",
                "    let cell = OnceCell::new();",
                "    let _ = cell.get_or_try_init(|| Ok(1));",
                "    let _ = cell.get_or_try_init(|| panic!(\"This should panic\"));",
                "}"
              ],
              "oracles": [
                [
                  "    let cell = OnceCell::new();",
                  "    let result = cell.get_or_try_init(|| Ok(1));",
                  "    assert_eq!(result, Ok(&1));"
                ],
                [
                  "    let cell = OnceCell::new();",
                  "    let result = cell.get_or_try_init(|| Ok(1));",
                  "    assert!(cell.get().is_some());"
                ],
                [
                  "    let cell = OnceCell::new();",
                  "    let result = cell.get_or_try_init(|| Ok(1));",
                  "    let result = std::panic::catch_unwind(|| {",
                  "    let _ = cell.get_or_try_init(|| panic!(\"This should panic\"));",
                  "    });",
                  "    assert!(result.is_err());"
                ]
              ],
              "codes": [
                [
                  "{",
                  "    let cell = OnceCell::new();",
                  "    let _ = cell.get_or_try_init(|| Ok(1));",
                  "    let _ = cell.get_or_try_init(|| panic!(\"This should panic\"));",
                  "    let cell = OnceCell::new();",
                  "    let result = cell.get_or_try_init(|| Ok(1));",
                  "    assert_eq!(result, Ok(&1));",
                  "}"
                ],
                [
                  "{",
                  "    let cell = OnceCell::new();",
                  "    let _ = cell.get_or_try_init(|| Ok(1));",
                  "    let _ = cell.get_or_try_init(|| panic!(\"This should panic\"));",
                  "    let cell = OnceCell::new();",
                  "    let result = cell.get_or_try_init(|| Ok(1));",
                  "    assert!(cell.get().is_some());",
                  "}"
                ],
                [
                  "{",
                  "    let cell = OnceCell::new();",
                  "    let _ = cell.get_or_try_init(|| Ok(1));",
                  "    let _ = cell.get_or_try_init(|| panic!(\"This should panic\"));",
                  "    let cell = OnceCell::new();",
                  "    let result = cell.get_or_try_init(|| Ok(1));",
                  "    let result = std::panic::catch_unwind(|| {",
                  "    let _ = cell.get_or_try_init(|| panic!(\"This should panic\"));",
                  "    });",
                  "    assert!(result.is_err());",
                  "}"
                ]
              ],
              "can_compile": [
                {
                  "Err": "   Compiling proc-macro2 v1.0.95\n   Compiling unicode-ident v1.0.18\n   Compiling equivalent v1.0.2\n   Compiling syn v1.0.109\n   Compiling hashbrown v0.15.2\n   Compiling winnow v0.7.6\n   Compiling toml_datetime v0.6.8\n   Compiling memchr v2.7.4\n   Compiling regex-syntax v0.8.5\n   Compiling critical-section v1.2.0\n   Compiling aho-corasick v1.1.3\n   Compiling indexmap v2.9.0\n   Compiling quote v1.0.40\n   Compiling toml_edit v0.22.24\n   Compiling regex-automata v0.4.9\n   Compiling proc-macro-crate v3.3.0\n   Compiling ntest_test_cases v0.9.3\n   Compiling ntest_timeout v0.9.3\n   Compiling regex v1.11.1\n   Compiling ntest v0.9.3\n   Compiling once_cell v1.21.3 (/home/abezbm/rust-utgen-test-crates-new/once_cell)\nwarning: unused import: `std::panic`\n   --> src/imp_std.rs:292:9\n    |\n292 |     use std::panic;\n    |         ^^^^^^^^^^\n    |\n    = note: `#[warn(unused_imports)]` on by default\n\nwarning: unused imports: `sync::mpsc::channel` and `thread`\n   --> src/imp_std.rs:293:15\n    |\n293 |     use std::{sync::mpsc::channel, thread};\n    |               ^^^^^^^^^^^^^^^^^^^  ^^^^^^\n\nwarning: unused import: `ntest::timeout`\n    --> src/lib.rs:1413:8\n     |\n1413 |    use ntest::timeout;\n     |        ^^^^^^^^^^^^^^\n\nerror[E0282]: type annotations needed for `Result<&i32, _>`\n    --> src/lib.rs:1419:9\n     |\n1419 |     let _ = cell.get_or_try_init(|| Ok(1));\n     |         ^                           ----- type must be known at this point\n     |\nhelp: consider giving this pattern a type, where the type for type parameter `E` is specified\n     |\n1419 |     let _: Result<&i32, E> = cell.get_or_try_init(|| Ok(1));\n     |          +++++++++++++++++\n\nFor more information about this error, try `rustc --explain E0282`.\nwarning: `once_cell` (lib test) generated 3 warnings\nerror: could not compile `once_cell` (lib test) due to 1 previous error; 3 warnings emitted\n"
                },
                {
                  "Err": "   Compiling proc-macro2 v1.0.95\n   Compiling unicode-ident v1.0.18\n   Compiling equivalent v1.0.2\n   Compiling syn v1.0.109\n   Compiling hashbrown v0.15.2\n   Compiling winnow v0.7.6\n   Compiling toml_datetime v0.6.8\n   Compiling memchr v2.7.4\n   Compiling regex-syntax v0.8.5\n   Compiling critical-section v1.2.0\n   Compiling indexmap v2.9.0\n   Compiling aho-corasick v1.1.3\n   Compiling quote v1.0.40\n   Compiling toml_edit v0.22.24\n   Compiling regex-automata v0.4.9\n   Compiling proc-macro-crate v3.3.0\n   Compiling ntest_test_cases v0.9.3\n   Compiling ntest_timeout v0.9.3\n   Compiling regex v1.11.1\n   Compiling ntest v0.9.3\n   Compiling once_cell v1.21.3 (/home/abezbm/rust-utgen-test-crates-new/once_cell)\nwarning: unused import: `std::panic`\n   --> src/imp_std.rs:292:9\n    |\n292 |     use std::panic;\n    |         ^^^^^^^^^^\n    |\n    = note: `#[warn(unused_imports)]` on by default\n\nwarning: unused imports: `sync::mpsc::channel` and `thread`\n   --> src/imp_std.rs:293:15\n    |\n293 |     use std::{sync::mpsc::channel, thread};\n    |               ^^^^^^^^^^^^^^^^^^^  ^^^^^^\n\nwarning: unused import: `ntest::timeout`\n    --> src/lib.rs:1413:8\n     |\n1413 |    use ntest::timeout;\n     |        ^^^^^^^^^^^^^^\n\nerror[E0282]: type annotations needed for `Result<&i32, _>`\n    --> src/lib.rs:1419:9\n     |\n1419 |     let _ = cell.get_or_try_init(|| Ok(1));\n     |         ^                           ----- type must be known at this point\n     |\nhelp: consider giving this pattern a type, where the type for type parameter `E` is specified\n     |\n1419 |     let _: Result<&i32, E> = cell.get_or_try_init(|| Ok(1));\n     |          +++++++++++++++++\n\nFor more information about this error, try `rustc --explain E0282`.\nwarning: `once_cell` (lib test) generated 3 warnings\nerror: could not compile `once_cell` (lib test) due to 1 previous error; 3 warnings emitted\n"
                },
                {
                  "Err": "   Compiling proc-macro2 v1.0.95\n   Compiling unicode-ident v1.0.18\n   Compiling syn v1.0.109\n   Compiling hashbrown v0.15.2\n   Compiling equivalent v1.0.2\n   Compiling toml_datetime v0.6.8\n   Compiling winnow v0.7.6\n   Compiling memchr v2.7.4\n   Compiling regex-syntax v0.8.5\n   Compiling critical-section v1.2.0\n   Compiling aho-corasick v1.1.3\n   Compiling indexmap v2.9.0\n   Compiling quote v1.0.40\n   Compiling toml_edit v0.22.24\n   Compiling regex-automata v0.4.9\n   Compiling proc-macro-crate v3.3.0\n   Compiling regex v1.11.1\n   Compiling ntest_test_cases v0.9.3\n   Compiling ntest_timeout v0.9.3\n   Compiling ntest v0.9.3\n   Compiling once_cell v1.21.3 (/home/abezbm/rust-utgen-test-crates-new/once_cell)\nwarning: unused import: `std::panic`\n   --> src/imp_std.rs:292:9\n    |\n292 |     use std::panic;\n    |         ^^^^^^^^^^\n    |\n    = note: `#[warn(unused_imports)]` on by default\n\nwarning: unused imports: `sync::mpsc::channel` and `thread`\n   --> src/imp_std.rs:293:15\n    |\n293 |     use std::{sync::mpsc::channel, thread};\n    |               ^^^^^^^^^^^^^^^^^^^  ^^^^^^\n\nwarning: unused import: `ntest::timeout`\n    --> src/lib.rs:1413:8\n     |\n1413 |    use ntest::timeout;\n     |        ^^^^^^^^^^^^^^\n\nerror[E0282]: type annotations needed for `Result<&i32, _>`\n    --> src/lib.rs:1419:9\n     |\n1419 |     let _ = cell.get_or_try_init(|| Ok(1));\n     |         ^                           ----- type must be known at this point\n     |\nhelp: consider giving this pattern a type, where the type for type parameter `E` is specified\n     |\n1419 |     let _: Result<&i32, E> = cell.get_or_try_init(|| Ok(1));\n     |          +++++++++++++++++\n\nFor more information about this error, try `rustc --explain E0282`.\nwarning: `once_cell` (lib test) generated 3 warnings\nerror: could not compile `once_cell` (lib test) due to 1 previous error; 3 warnings emitted\n"
                }
              ],
              "repaired": [
                false,
                false,
                false
              ]
            }
          ]
        }
      ]
    },
    {
      "chain_id": 3,
      "prompt_conds": [
        "// constraint: let Some(value) = self.get() is true\n",
        "// constraint: self.0.initialize(f)? is Ok/Some\n",
        "// constraint: self.0.is_initialized() is false\n"
      ],
      "input_infer": "Test input ranges: F: [0, 1]; E: [0, 1]; T: [1, 100]; Result: { Ok/Some, Err/None }\n",
      "answers": [
        {
          "uses": [],
          "has_test_mod": false,
          "common": [],
          "chain_tests": [
            {
              "attrs": [],
              "prefix": [
                "{",
                "    let cell = OnceCell::with_value(42);",
                "    let result = cell.get_or_try_init(|| Ok(100));",
                "}"
              ],
              "oracles": [
                [
                  "    let cell = OnceCell::with_value(42);",
                  "    let result = cell.get_or_try_init(|| Ok(100));",
                  "    assert_eq!(result, Ok(&42));"
                ],
                [
                  "    let cell = OnceCell::with_value(42);",
                  "    let result = cell.get_or_try_init(|| Ok(100));",
                  "    assert!(cell.get().is_some());"
                ],
                [
                  "    let cell = OnceCell::with_value(42);",
                  "    let result = cell.get_or_try_init(|| Ok(100));",
                  "    assert_eq!(cell.get(), Some(&42));"
                ]
              ],
              "codes": [
                [
                  "{",
                  "    let cell = OnceCell::with_value(42);",
                  "    let result = cell.get_or_try_init(|| Ok(100));",
                  "    let cell = OnceCell::with_value(42);",
                  "    let result = cell.get_or_try_init(|| Ok(100));",
                  "    assert_eq!(result, Ok(&42));",
                  "}"
                ],
                [
                  "{",
                  "    let cell = OnceCell::with_value(42);",
                  "    let result = cell.get_or_try_init(|| Ok(100));",
                  "    let cell = OnceCell::with_value(42);",
                  "    let result = cell.get_or_try_init(|| Ok(100));",
                  "    assert!(cell.get().is_some());",
                  "}"
                ],
                [
                  "{",
                  "    let cell = OnceCell::with_value(42);",
                  "    let result = cell.get_or_try_init(|| Ok(100));",
                  "    let cell = OnceCell::with_value(42);",
                  "    let result = cell.get_or_try_init(|| Ok(100));",
                  "    assert_eq!(cell.get(), Some(&42));",
                  "}"
                ]
              ],
              "can_compile": [
                {
                  "Err": "   Compiling proc-macro2 v1.0.95\n   Compiling unicode-ident v1.0.18\n   Compiling equivalent v1.0.2\n   Compiling hashbrown v0.15.2\n   Compiling syn v1.0.109\n   Compiling toml_datetime v0.6.8\n   Compiling winnow v0.7.6\n   Compiling memchr v2.7.4\n   Compiling regex-syntax v0.8.5\n   Compiling critical-section v1.2.0\n   Compiling aho-corasick v1.1.3\n   Compiling indexmap v2.9.0\n   Compiling quote v1.0.40\n   Compiling toml_edit v0.22.24\n   Compiling regex-automata v0.4.9\n   Compiling proc-macro-crate v3.3.0\n   Compiling ntest_test_cases v0.9.3\n   Compiling ntest_timeout v0.9.3\n   Compiling regex v1.11.1\n   Compiling ntest v0.9.3\n   Compiling once_cell v1.21.3 (/home/abezbm/rust-utgen-test-crates-new/once_cell)\nwarning: unused import: `std::panic`\n   --> src/imp_std.rs:292:9\n    |\n292 |     use std::panic;\n    |         ^^^^^^^^^^\n    |\n    = note: `#[warn(unused_imports)]` on by default\n\nwarning: unused imports: `sync::mpsc::channel` and `thread`\n   --> src/imp_std.rs:293:15\n    |\n293 |     use std::{sync::mpsc::channel, thread};\n    |               ^^^^^^^^^^^^^^^^^^^  ^^^^^^\n\nwarning: unused import: `ntest::timeout`\n    --> src/lib.rs:1413:8\n     |\n1413 |    use ntest::timeout;\n     |        ^^^^^^^^^^^^^^\n\nerror[E0282]: type annotations needed for `Result<&i32, _>`\n    --> src/lib.rs:1418:9\n     |\n1418 |     let result = cell.get_or_try_init(|| Ok(100));\n     |         ^^^^^^                           ------- type must be known at this point\n     |\nhelp: consider giving `result` an explicit type, where the type for type parameter `E` is specified\n     |\n1418 |     let result: Result<&i32, E> = cell.get_or_try_init(|| Ok(100));\n     |               +++++++++++++++++\n\nFor more information about this error, try `rustc --explain E0282`.\nwarning: `once_cell` (lib test) generated 3 warnings\nerror: could not compile `once_cell` (lib test) due to 1 previous error; 3 warnings emitted\n"
                },
                {
                  "Err": "   Compiling proc-macro2 v1.0.95\n   Compiling unicode-ident v1.0.18\n   Compiling equivalent v1.0.2\n   Compiling syn v1.0.109\n   Compiling hashbrown v0.15.2\n   Compiling winnow v0.7.6\n   Compiling toml_datetime v0.6.8\n   Compiling memchr v2.7.4\n   Compiling regex-syntax v0.8.5\n   Compiling critical-section v1.2.0\n   Compiling aho-corasick v1.1.3\n   Compiling indexmap v2.9.0\n   Compiling quote v1.0.40\n   Compiling regex-automata v0.4.9\n   Compiling toml_edit v0.22.24\n   Compiling ntest_test_cases v0.9.3\n   Compiling proc-macro-crate v3.3.0\n   Compiling regex v1.11.1\n   Compiling ntest_timeout v0.9.3\n   Compiling ntest v0.9.3\n   Compiling once_cell v1.21.3 (/home/abezbm/rust-utgen-test-crates-new/once_cell)\nwarning: unused import: `std::panic`\n   --> src/imp_std.rs:292:9\n    |\n292 |     use std::panic;\n    |         ^^^^^^^^^^\n    |\n    = note: `#[warn(unused_imports)]` on by default\n\nwarning: unused imports: `sync::mpsc::channel` and `thread`\n   --> src/imp_std.rs:293:15\n    |\n293 |     use std::{sync::mpsc::channel, thread};\n    |               ^^^^^^^^^^^^^^^^^^^  ^^^^^^\n\nwarning: unused import: `ntest::timeout`\n    --> src/lib.rs:1413:8\n     |\n1413 |    use ntest::timeout;\n     |        ^^^^^^^^^^^^^^\n\nerror[E0282]: type annotations needed for `Result<&i32, _>`\n    --> src/lib.rs:1418:9\n     |\n1418 |     let result = cell.get_or_try_init(|| Ok(100));\n     |         ^^^^^^                           ------- type must be known at this point\n     |\nhelp: consider giving `result` an explicit type, where the type for type parameter `E` is specified\n     |\n1418 |     let result: Result<&i32, E> = cell.get_or_try_init(|| Ok(100));\n     |               +++++++++++++++++\n\nFor more information about this error, try `rustc --explain E0282`.\nwarning: `once_cell` (lib test) generated 3 warnings\nerror: could not compile `once_cell` (lib test) due to 1 previous error; 3 warnings emitted\n"
                },
                {
                  "Err": "   Compiling proc-macro2 v1.0.95\n   Compiling unicode-ident v1.0.18\n   Compiling hashbrown v0.15.2\n   Compiling syn v1.0.109\n   Compiling equivalent v1.0.2\n   Compiling winnow v0.7.6\n   Compiling toml_datetime v0.6.8\n   Compiling memchr v2.7.4\n   Compiling regex-syntax v0.8.5\n   Compiling critical-section v1.2.0\n   Compiling aho-corasick v1.1.3\n   Compiling indexmap v2.9.0\n   Compiling quote v1.0.40\n   Compiling toml_edit v0.22.24\n   Compiling regex-automata v0.4.9\n   Compiling proc-macro-crate v3.3.0\n   Compiling ntest_timeout v0.9.3\n   Compiling ntest_test_cases v0.9.3\n   Compiling regex v1.11.1\n   Compiling ntest v0.9.3\n   Compiling once_cell v1.21.3 (/home/abezbm/rust-utgen-test-crates-new/once_cell)\nwarning: unused import: `std::panic`\n   --> src/imp_std.rs:292:9\n    |\n292 |     use std::panic;\n    |         ^^^^^^^^^^\n    |\n    = note: `#[warn(unused_imports)]` on by default\n\nwarning: unused imports: `sync::mpsc::channel` and `thread`\n   --> src/imp_std.rs:293:15\n    |\n293 |     use std::{sync::mpsc::channel, thread};\n    |               ^^^^^^^^^^^^^^^^^^^  ^^^^^^\n\nwarning: unused import: `ntest::timeout`\n    --> src/lib.rs:1413:8\n     |\n1413 |    use ntest::timeout;\n     |        ^^^^^^^^^^^^^^\n\nerror[E0282]: type annotations needed for `Result<&i32, _>`\n    --> src/lib.rs:1418:9\n     |\n1418 |     let result = cell.get_or_try_init(|| Ok(100));\n     |         ^^^^^^                           ------- type must be known at this point\n     |\nhelp: consider giving `result` an explicit type, where the type for type parameter `E` is specified\n     |\n1418 |     let result: Result<&i32, E> = cell.get_or_try_init(|| Ok(100));\n     |               +++++++++++++++++\n\nFor more information about this error, try `rustc --explain E0282`.\nwarning: `once_cell` (lib test) generated 3 warnings\nerror: could not compile `once_cell` (lib test) due to 1 previous error; 3 warnings emitted\n"
                }
              ],
              "repaired": [
                false,
                false,
                false
              ]
            },
            {
              "attrs": [],
              "prefix": [
                "{",
                "    let cell = OnceCell::new();",
                "    let result = cell.get_or_try_init(|| Ok(50));",
                "}"
              ],
              "oracles": [
                [
                  "    let cell = OnceCell::new();",
                  "    let result = cell.get_or_try_init(|| Ok(50));",
                  "    assert!(result.is_ok());"
                ],
                [
                  "    let cell = OnceCell::new();",
                  "    let result = cell.get_or_try_init(|| Ok(50));",
                  "    assert_eq!(result.unwrap(), &50);"
                ],
                [
                  "    let cell = OnceCell::new();",
                  "    let result = cell.get_or_try_init(|| Ok(50));",
                  "    assert!(cell.get().is_some());"
                ],
                [
                  "    let cell = OnceCell::new();",
                  "    let result = cell.get_or_try_init(|| Ok(50));",
                  "    assert_eq!(cell.get(), Some(&50));"
                ]
              ],
              "codes": [
                [
                  "{",
                  "    let cell = OnceCell::new();",
                  "    let result = cell.get_or_try_init(|| Ok(50));",
                  "    let cell = OnceCell::new();",
                  "    let result = cell.get_or_try_init(|| Ok(50));",
                  "    assert!(result.is_ok());",
                  "}"
                ],
                [
                  "{",
                  "    let cell = OnceCell::new();",
                  "    let result = cell.get_or_try_init(|| Ok(50));",
                  "    let cell = OnceCell::new();",
                  "    let result = cell.get_or_try_init(|| Ok(50));",
                  "    assert_eq!(result.unwrap(), &50);",
                  "}"
                ],
                [
                  "{",
                  "    let cell = OnceCell::new();",
                  "    let result = cell.get_or_try_init(|| Ok(50));",
                  "    let cell = OnceCell::new();",
                  "    let result = cell.get_or_try_init(|| Ok(50));",
                  "    assert!(cell.get().is_some());",
                  "}"
                ],
                [
                  "{",
                  "    let cell = OnceCell::new();",
                  "    let result = cell.get_or_try_init(|| Ok(50));",
                  "    let cell = OnceCell::new();",
                  "    let result = cell.get_or_try_init(|| Ok(50));",
                  "    assert_eq!(cell.get(), Some(&50));",
                  "}"
                ]
              ],
              "can_compile": [
                {
                  "Err": "   Compiling proc-macro2 v1.0.95\n   Compiling unicode-ident v1.0.18\n   Compiling hashbrown v0.15.2\n   Compiling equivalent v1.0.2\n   Compiling syn v1.0.109\n   Compiling winnow v0.7.6\n   Compiling toml_datetime v0.6.8\n   Compiling memchr v2.7.4\n   Compiling regex-syntax v0.8.5\n   Compiling critical-section v1.2.0\n   Compiling indexmap v2.9.0\n   Compiling aho-corasick v1.1.3\n   Compiling quote v1.0.40\n   Compiling toml_edit v0.22.24\n   Compiling regex-automata v0.4.9\n   Compiling proc-macro-crate v3.3.0\n   Compiling ntest_test_cases v0.9.3\n   Compiling ntest_timeout v0.9.3\n   Compiling regex v1.11.1\n   Compiling ntest v0.9.3\n   Compiling once_cell v1.21.3 (/home/abezbm/rust-utgen-test-crates-new/once_cell)\nwarning: unused import: `std::panic`\n   --> src/imp_std.rs:292:9\n    |\n292 |     use std::panic;\n    |         ^^^^^^^^^^\n    |\n    = note: `#[warn(unused_imports)]` on by default\n\nwarning: unused imports: `sync::mpsc::channel` and `thread`\n   --> src/imp_std.rs:293:15\n    |\n293 |     use std::{sync::mpsc::channel, thread};\n    |               ^^^^^^^^^^^^^^^^^^^  ^^^^^^\n\nwarning: unused import: `ntest::timeout`\n    --> src/lib.rs:1413:8\n     |\n1413 |    use ntest::timeout;\n     |        ^^^^^^^^^^^^^^\n\nerror[E0282]: type annotations needed for `Result<&i32, _>`\n    --> src/lib.rs:1418:9\n     |\n1418 |     let result = cell.get_or_try_init(|| Ok(50));\n     |         ^^^^^^                           ------ type must be known at this point\n     |\nhelp: consider giving `result` an explicit type, where the type for type parameter `E` is specified\n     |\n1418 |     let result: Result<&i32, E> = cell.get_or_try_init(|| Ok(50));\n     |               +++++++++++++++++\n\nFor more information about this error, try `rustc --explain E0282`.\nwarning: `once_cell` (lib test) generated 3 warnings\nerror: could not compile `once_cell` (lib test) due to 1 previous error; 3 warnings emitted\n"
                },
                {
                  "Err": "   Compiling proc-macro2 v1.0.95\n   Compiling unicode-ident v1.0.18\n   Compiling hashbrown v0.15.2\n   Compiling equivalent v1.0.2\n   Compiling syn v1.0.109\n   Compiling winnow v0.7.6\n   Compiling toml_datetime v0.6.8\n   Compiling memchr v2.7.4\n   Compiling regex-syntax v0.8.5\n   Compiling critical-section v1.2.0\n   Compiling aho-corasick v1.1.3\n   Compiling indexmap v2.9.0\n   Compiling quote v1.0.40\n   Compiling toml_edit v0.22.24\n   Compiling regex-automata v0.4.9\n   Compiling proc-macro-crate v3.3.0\n   Compiling ntest_test_cases v0.9.3\n   Compiling ntest_timeout v0.9.3\n   Compiling ntest v0.9.3\n   Compiling regex v1.11.1\n   Compiling once_cell v1.21.3 (/home/abezbm/rust-utgen-test-crates-new/once_cell)\nwarning: unused import: `std::panic`\n   --> src/imp_std.rs:292:9\n    |\n292 |     use std::panic;\n    |         ^^^^^^^^^^\n    |\n    = note: `#[warn(unused_imports)]` on by default\n\nwarning: unused imports: `sync::mpsc::channel` and `thread`\n   --> src/imp_std.rs:293:15\n    |\n293 |     use std::{sync::mpsc::channel, thread};\n    |               ^^^^^^^^^^^^^^^^^^^  ^^^^^^\n\nwarning: unused import: `ntest::timeout`\n    --> src/lib.rs:1413:8\n     |\n1413 |    use ntest::timeout;\n     |        ^^^^^^^^^^^^^^\n\nerror[E0282]: type annotations needed for `Result<&i32, _>`\n    --> src/lib.rs:1418:9\n     |\n1418 |     let result = cell.get_or_try_init(|| Ok(50));\n     |         ^^^^^^                           ------ type must be known at this point\n     |\nhelp: consider giving `result` an explicit type, where the type for type parameter `E` is specified\n     |\n1418 |     let result: Result<&i32, E> = cell.get_or_try_init(|| Ok(50));\n     |               +++++++++++++++++\n\nFor more information about this error, try `rustc --explain E0282`.\nwarning: `once_cell` (lib test) generated 3 warnings\nerror: could not compile `once_cell` (lib test) due to 1 previous error; 3 warnings emitted\n"
                },
                {
                  "Err": "   Compiling proc-macro2 v1.0.95\n   Compiling unicode-ident v1.0.18\n   Compiling hashbrown v0.15.2\n   Compiling equivalent v1.0.2\n   Compiling syn v1.0.109\n   Compiling toml_datetime v0.6.8\n   Compiling winnow v0.7.6\n   Compiling memchr v2.7.4\n   Compiling regex-syntax v0.8.5\n   Compiling critical-section v1.2.0\n   Compiling aho-corasick v1.1.3\n   Compiling indexmap v2.9.0\n   Compiling quote v1.0.40\n   Compiling regex-automata v0.4.9\n   Compiling toml_edit v0.22.24\n   Compiling proc-macro-crate v3.3.0\n   Compiling ntest_test_cases v0.9.3\n   Compiling ntest_timeout v0.9.3\n   Compiling regex v1.11.1\n   Compiling ntest v0.9.3\n   Compiling once_cell v1.21.3 (/home/abezbm/rust-utgen-test-crates-new/once_cell)\nwarning: unused import: `std::panic`\n   --> src/imp_std.rs:292:9\n    |\n292 |     use std::panic;\n    |         ^^^^^^^^^^\n    |\n    = note: `#[warn(unused_imports)]` on by default\n\nwarning: unused imports: `sync::mpsc::channel` and `thread`\n   --> src/imp_std.rs:293:15\n    |\n293 |     use std::{sync::mpsc::channel, thread};\n    |               ^^^^^^^^^^^^^^^^^^^  ^^^^^^\n\nwarning: unused import: `ntest::timeout`\n    --> src/lib.rs:1413:8\n     |\n1413 |    use ntest::timeout;\n     |        ^^^^^^^^^^^^^^\n\nerror[E0282]: type annotations needed for `Result<&i32, _>`\n    --> src/lib.rs:1418:9\n     |\n1418 |     let result = cell.get_or_try_init(|| Ok(50));\n     |         ^^^^^^                           ------ type must be known at this point\n     |\nhelp: consider giving `result` an explicit type, where the type for type parameter `E` is specified\n     |\n1418 |     let result: Result<&i32, E> = cell.get_or_try_init(|| Ok(50));\n     |               +++++++++++++++++\n\nFor more information about this error, try `rustc --explain E0282`.\nwarning: `once_cell` (lib test) generated 3 warnings\nerror: could not compile `once_cell` (lib test) due to 1 previous error; 3 warnings emitted\n"
                },
                {
                  "Err": "   Compiling proc-macro2 v1.0.95\n   Compiling unicode-ident v1.0.18\n   Compiling syn v1.0.109\n   Compiling equivalent v1.0.2\n   Compiling hashbrown v0.15.2\n   Compiling toml_datetime v0.6.8\n   Compiling winnow v0.7.6\n   Compiling memchr v2.7.4\n   Compiling regex-syntax v0.8.5\n   Compiling critical-section v1.2.0\n   Compiling aho-corasick v1.1.3\n   Compiling indexmap v2.9.0\n   Compiling quote v1.0.40\n   Compiling toml_edit v0.22.24\n   Compiling regex-automata v0.4.9\n   Compiling proc-macro-crate v3.3.0\n   Compiling ntest_test_cases v0.9.3\n   Compiling ntest_timeout v0.9.3\n   Compiling ntest v0.9.3\n   Compiling regex v1.11.1\n   Compiling once_cell v1.21.3 (/home/abezbm/rust-utgen-test-crates-new/once_cell)\nwarning: unused import: `std::panic`\n   --> src/imp_std.rs:292:9\n    |\n292 |     use std::panic;\n    |         ^^^^^^^^^^\n    |\n    = note: `#[warn(unused_imports)]` on by default\n\nwarning: unused imports: `sync::mpsc::channel` and `thread`\n   --> src/imp_std.rs:293:15\n    |\n293 |     use std::{sync::mpsc::channel, thread};\n    |               ^^^^^^^^^^^^^^^^^^^  ^^^^^^\n\nwarning: unused import: `ntest::timeout`\n    --> src/lib.rs:1413:8\n     |\n1413 |    use ntest::timeout;\n     |        ^^^^^^^^^^^^^^\n\nerror[E0282]: type annotations needed for `Result<&i32, _>`\n    --> src/lib.rs:1418:9\n     |\n1418 |     let result = cell.get_or_try_init(|| Ok(50));\n     |         ^^^^^^                           ------ type must be known at this point\n     |\nhelp: consider giving `result` an explicit type, where the type for type parameter `E` is specified\n     |\n1418 |     let result: Result<&i32, E> = cell.get_or_try_init(|| Ok(50));\n     |               +++++++++++++++++\n\nFor more information about this error, try `rustc --explain E0282`.\nwarning: `once_cell` (lib test) generated 3 warnings\nerror: could not compile `once_cell` (lib test) due to 1 previous error; 3 warnings emitted\n"
                }
              ],
              "repaired": [
                false,
                false,
                false,
                false
              ]
            },
            {
              "attrs": [],
              "prefix": [
                "{",
                "    let cell = OnceCell::new();",
                "    let result = cell.get_or_try_init(|| Err(()));",
                "}"
              ],
              "oracles": [
                [
                  "    let cell = OnceCell::new();",
                  "    assert_eq!(cell.get_or_try_init(|| Err(())), Err(()));"
                ],
                [
                  "    let cell = OnceCell::new();",
                  "    assert!(cell.get().is_none());"
                ],
                [
                  "    let cell = OnceCell::new();",
                  "    let value = cell.get_or_try_init(|| -> Result<i32, ()> { Ok(92) });",
                  "    assert_eq!(value, Ok(&92));"
                ],
                [
                  "    let cell = OnceCell::new();",
                  "    let value = cell.get_or_try_init(|| -> Result<i32, ()> { Ok(92) });",
                  "    assert_eq!(cell.get(), Some(&92));"
                ]
              ],
              "codes": [
                [
                  "{",
                  "    let cell = OnceCell::new();",
                  "    let result = cell.get_or_try_init(|| Err(()));",
                  "    let cell = OnceCell::new();",
                  "    assert_eq!(cell.get_or_try_init(|| Err(())), Err(()));",
                  "}"
                ],
                [
                  "{",
                  "    let cell = OnceCell::new();",
                  "    let result = cell.get_or_try_init(|| Err(()));",
                  "    let cell = OnceCell::new();",
                  "    assert!(cell.get().is_none());",
                  "}"
                ],
                [
                  "{",
                  "    let cell = OnceCell::new();",
                  "    let result = cell.get_or_try_init(|| Err(()));",
                  "    let cell = OnceCell::new();",
                  "    let value = cell.get_or_try_init(|| -> Result<i32, ()> { Ok(92) });",
                  "    assert_eq!(value, Ok(&92));",
                  "}"
                ],
                [
                  "{",
                  "    let cell = OnceCell::new();",
                  "    let result = cell.get_or_try_init(|| Err(()));",
                  "    let cell = OnceCell::new();",
                  "    let value = cell.get_or_try_init(|| -> Result<i32, ()> { Ok(92) });",
                  "    assert_eq!(cell.get(), Some(&92));",
                  "}"
                ]
              ],
              "can_compile": [
                {
                  "Err": "   Compiling proc-macro2 v1.0.95\n   Compiling unicode-ident v1.0.18\n   Compiling syn v1.0.109\n   Compiling hashbrown v0.15.2\n   Compiling equivalent v1.0.2\n   Compiling toml_datetime v0.6.8\n   Compiling winnow v0.7.6\n   Compiling memchr v2.7.4\n   Compiling regex-syntax v0.8.5\n   Compiling critical-section v1.2.0\n   Compiling aho-corasick v1.1.3\n   Compiling indexmap v2.9.0\n   Compiling quote v1.0.40\n   Compiling toml_edit v0.22.24\n   Compiling regex-automata v0.4.9\n   Compiling proc-macro-crate v3.3.0\n   Compiling regex v1.11.1\n   Compiling ntest_timeout v0.9.3\n   Compiling ntest_test_cases v0.9.3\n   Compiling ntest v0.9.3\n   Compiling once_cell v1.21.3 (/home/abezbm/rust-utgen-test-crates-new/once_cell)\nwarning: unused import: `std::panic`\n   --> src/imp_std.rs:292:9\n    |\n292 |     use std::panic;\n    |         ^^^^^^^^^^\n    |\n    = note: `#[warn(unused_imports)]` on by default\n\nwarning: unused imports: `sync::mpsc::channel` and `thread`\n   --> src/imp_std.rs:293:15\n    |\n293 |     use std::{sync::mpsc::channel, thread};\n    |               ^^^^^^^^^^^^^^^^^^^  ^^^^^^\n\nwarning: unused import: `ntest::timeout`\n    --> src/lib.rs:1413:8\n     |\n1413 |    use ntest::timeout;\n     |        ^^^^^^^^^^^^^^\n\nerror[E0282]: type annotations needed for `sync::OnceCell<_>`\n    --> src/lib.rs:1417:9\n     |\n1417 |     let cell = OnceCell::new();\n     |         ^^^^\n1418 |     let result = cell.get_or_try_init(|| Err(()));\n     |                                          ------- type must be known at this point\n     |\nhelp: consider giving `cell` an explicit type, where the type for type parameter `T` is specified\n     |\n1417 |     let cell: sync::OnceCell<T> = OnceCell::new();\n     |             +++++++++++++++++++\n\nFor more information about this error, try `rustc --explain E0282`.\nwarning: `once_cell` (lib test) generated 3 warnings\nerror: could not compile `once_cell` (lib test) due to 1 previous error; 3 warnings emitted\n"
                },
                {
                  "Err": "   Compiling proc-macro2 v1.0.95\n   Compiling unicode-ident v1.0.18\n   Compiling equivalent v1.0.2\n   Compiling hashbrown v0.15.2\n   Compiling syn v1.0.109\n   Compiling winnow v0.7.6\n   Compiling toml_datetime v0.6.8\n   Compiling memchr v2.7.4\n   Compiling regex-syntax v0.8.5\n   Compiling critical-section v1.2.0\n   Compiling aho-corasick v1.1.3\n   Compiling indexmap v2.9.0\n   Compiling quote v1.0.40\n   Compiling toml_edit v0.22.24\n   Compiling regex-automata v0.4.9\n   Compiling proc-macro-crate v3.3.0\n   Compiling ntest_test_cases v0.9.3\n   Compiling ntest_timeout v0.9.3\n   Compiling regex v1.11.1\n   Compiling ntest v0.9.3\n   Compiling once_cell v1.21.3 (/home/abezbm/rust-utgen-test-crates-new/once_cell)\nwarning: unused import: `std::panic`\n   --> src/imp_std.rs:292:9\n    |\n292 |     use std::panic;\n    |         ^^^^^^^^^^\n    |\n    = note: `#[warn(unused_imports)]` on by default\n\nwarning: unused imports: `sync::mpsc::channel` and `thread`\n   --> src/imp_std.rs:293:15\n    |\n293 |     use std::{sync::mpsc::channel, thread};\n    |               ^^^^^^^^^^^^^^^^^^^  ^^^^^^\n\nwarning: unused import: `ntest::timeout`\n    --> src/lib.rs:1413:8\n     |\n1413 |    use ntest::timeout;\n     |        ^^^^^^^^^^^^^^\n\nerror[E0282]: type annotations needed for `sync::OnceCell<_>`\n    --> src/lib.rs:1417:9\n     |\n1417 |     let cell = OnceCell::new();\n     |         ^^^^\n1418 |     let result = cell.get_or_try_init(|| Err(()));\n     |                                          ------- type must be known at this point\n     |\nhelp: consider giving `cell` an explicit type, where the type for type parameter `T` is specified\n     |\n1417 |     let cell: sync::OnceCell<T> = OnceCell::new();\n     |             +++++++++++++++++++\n\nFor more information about this error, try `rustc --explain E0282`.\nwarning: `once_cell` (lib test) generated 3 warnings\nerror: could not compile `once_cell` (lib test) due to 1 previous error; 3 warnings emitted\n"
                },
                {
                  "Err": "   Compiling proc-macro2 v1.0.95\n   Compiling unicode-ident v1.0.18\n   Compiling equivalent v1.0.2\n   Compiling syn v1.0.109\n   Compiling hashbrown v0.15.2\n   Compiling toml_datetime v0.6.8\n   Compiling winnow v0.7.6\n   Compiling memchr v2.7.4\n   Compiling regex-syntax v0.8.5\n   Compiling critical-section v1.2.0\n   Compiling aho-corasick v1.1.3\n   Compiling indexmap v2.9.0\n   Compiling quote v1.0.40\n   Compiling regex-automata v0.4.9\n   Compiling toml_edit v0.22.24\n   Compiling proc-macro-crate v3.3.0\n   Compiling ntest_test_cases v0.9.3\n   Compiling ntest_timeout v0.9.3\n   Compiling regex v1.11.1\n   Compiling ntest v0.9.3\n   Compiling once_cell v1.21.3 (/home/abezbm/rust-utgen-test-crates-new/once_cell)\nwarning: unused import: `std::panic`\n   --> src/imp_std.rs:292:9\n    |\n292 |     use std::panic;\n    |         ^^^^^^^^^^\n    |\n    = note: `#[warn(unused_imports)]` on by default\n\nwarning: unused imports: `sync::mpsc::channel` and `thread`\n   --> src/imp_std.rs:293:15\n    |\n293 |     use std::{sync::mpsc::channel, thread};\n    |               ^^^^^^^^^^^^^^^^^^^  ^^^^^^\n\nwarning: unused import: `ntest::timeout`\n    --> src/lib.rs:1413:8\n     |\n1413 |    use ntest::timeout;\n     |        ^^^^^^^^^^^^^^\n\nerror[E0282]: type annotations needed for `sync::OnceCell<_>`\n    --> src/lib.rs:1417:9\n     |\n1417 |     let cell = OnceCell::new();\n     |         ^^^^\n1418 |     let result = cell.get_or_try_init(|| Err(()));\n     |                                          ------- type must be known at this point\n     |\nhelp: consider giving `cell` an explicit type, where the type for type parameter `T` is specified\n     |\n1417 |     let cell: sync::OnceCell<T> = OnceCell::new();\n     |             +++++++++++++++++++\n\nFor more information about this error, try `rustc --explain E0282`.\nwarning: `once_cell` (lib test) generated 3 warnings\nerror: could not compile `once_cell` (lib test) due to 1 previous error; 3 warnings emitted\n"
                },
                {
                  "Err": "   Compiling proc-macro2 v1.0.95\n   Compiling unicode-ident v1.0.18\n   Compiling equivalent v1.0.2\n   Compiling syn v1.0.109\n   Compiling hashbrown v0.15.2\n   Compiling toml_datetime v0.6.8\n   Compiling winnow v0.7.6\n   Compiling memchr v2.7.4\n   Compiling regex-syntax v0.8.5\n   Compiling critical-section v1.2.0\n   Compiling aho-corasick v1.1.3\n   Compiling indexmap v2.9.0\n   Compiling quote v1.0.40\n   Compiling toml_edit v0.22.24\n   Compiling regex-automata v0.4.9\n   Compiling proc-macro-crate v3.3.0\n   Compiling regex v1.11.1\n   Compiling ntest_timeout v0.9.3\n   Compiling ntest_test_cases v0.9.3\n   Compiling ntest v0.9.3\n   Compiling once_cell v1.21.3 (/home/abezbm/rust-utgen-test-crates-new/once_cell)\nwarning: unused import: `std::panic`\n   --> src/imp_std.rs:292:9\n    |\n292 |     use std::panic;\n    |         ^^^^^^^^^^\n    |\n    = note: `#[warn(unused_imports)]` on by default\n\nwarning: unused imports: `sync::mpsc::channel` and `thread`\n   --> src/imp_std.rs:293:15\n    |\n293 |     use std::{sync::mpsc::channel, thread};\n    |               ^^^^^^^^^^^^^^^^^^^  ^^^^^^\n\nwarning: unused import: `ntest::timeout`\n    --> src/lib.rs:1413:8\n     |\n1413 |    use ntest::timeout;\n     |        ^^^^^^^^^^^^^^\n\nerror[E0282]: type annotations needed for `sync::OnceCell<_>`\n    --> src/lib.rs:1417:9\n     |\n1417 |     let cell = OnceCell::new();\n     |         ^^^^\n1418 |     let result = cell.get_or_try_init(|| Err(()));\n     |                                          ------- type must be known at this point\n     |\nhelp: consider giving `cell` an explicit type, where the type for type parameter `T` is specified\n     |\n1417 |     let cell: sync::OnceCell<T> = OnceCell::new();\n     |             +++++++++++++++++++\n\nFor more information about this error, try `rustc --explain E0282`.\nwarning: `once_cell` (lib test) generated 3 warnings\nerror: could not compile `once_cell` (lib test) due to 1 previous error; 3 warnings emitted\n"
                }
              ],
              "repaired": [
                false,
                false,
                false,
                false
              ]
            },
            {
              "attrs": [],
              "prefix": [
                "{",
                "    let cell = OnceCell::new();",
                "    let _ = cell.get_or_try_init(|| Err(()));",
                "    let result = cell.get_or_try_init(|| Ok(75));",
                "}"
              ],
              "oracles": [
                [
                  "    let cell = OnceCell::new();",
                  "    assert!(cell.get().is_none());"
                ],
                [
                  "    let cell = OnceCell::new();",
                  "    let result = cell.get_or_try_init(|| Err(()));",
                  "    assert_eq!(result, Err(()));"
                ],
                [
                  "    let cell = OnceCell::new();",
                  "    let result = cell.get_or_try_init(|| Err(()));",
                  "    assert!(cell.get().is_none());"
                ],
                [
                  "    let cell = OnceCell::new();",
                  "    let result = cell.get_or_try_init(|| Err(()));",
                  "    let result = cell.get_or_try_init(|| Ok(75));",
                  "    assert_eq!(result, Ok(&75));"
                ],
                [
                  "    let cell = OnceCell::new();",
                  "    let result = cell.get_or_try_init(|| Err(()));",
                  "    let result = cell.get_or_try_init(|| Ok(75));",
                  "    assert_eq!(cell.get(), Some(&75));"
                ]
              ],
              "codes": [
                [
                  "{",
                  "    let cell = OnceCell::new();",
                  "    let _ = cell.get_or_try_init(|| Err(()));",
                  "    let result = cell.get_or_try_init(|| Ok(75));",
                  "    let cell = OnceCell::new();",
                  "    assert!(cell.get().is_none());",
                  "}"
                ],
                [
                  "{",
                  "    let cell = OnceCell::new();",
                  "    let _ = cell.get_or_try_init(|| Err(()));",
                  "    let result = cell.get_or_try_init(|| Ok(75));",
                  "    let cell = OnceCell::new();",
                  "    let result = cell.get_or_try_init(|| Err(()));",
                  "    assert_eq!(result, Err(()));",
                  "}"
                ],
                [
                  "{",
                  "    let cell = OnceCell::new();",
                  "    let _ = cell.get_or_try_init(|| Err(()));",
                  "    let result = cell.get_or_try_init(|| Ok(75));",
                  "    let cell = OnceCell::new();",
                  "    let result = cell.get_or_try_init(|| Err(()));",
                  "    assert!(cell.get().is_none());",
                  "}"
                ],
                [
                  "{",
                  "    let cell = OnceCell::new();",
                  "    let _ = cell.get_or_try_init(|| Err(()));",
                  "    let result = cell.get_or_try_init(|| Ok(75));",
                  "    let cell = OnceCell::new();",
                  "    let result = cell.get_or_try_init(|| Err(()));",
                  "    let result = cell.get_or_try_init(|| Ok(75));",
                  "    assert_eq!(result, Ok(&75));",
                  "}"
                ],
                [
                  "{",
                  "    let cell = OnceCell::new();",
                  "    let _ = cell.get_or_try_init(|| Err(()));",
                  "    let result = cell.get_or_try_init(|| Ok(75));",
                  "    let cell = OnceCell::new();",
                  "    let result = cell.get_or_try_init(|| Err(()));",
                  "    let result = cell.get_or_try_init(|| Ok(75));",
                  "    assert_eq!(cell.get(), Some(&75));",
                  "}"
                ]
              ],
              "can_compile": [
                {
                  "Err": "   Compiling proc-macro2 v1.0.95\n   Compiling unicode-ident v1.0.18\n   Compiling syn v1.0.109\n   Compiling equivalent v1.0.2\n   Compiling hashbrown v0.15.2\n   Compiling winnow v0.7.6\n   Compiling toml_datetime v0.6.8\n   Compiling memchr v2.7.4\n   Compiling regex-syntax v0.8.5\n   Compiling critical-section v1.2.0\n   Compiling aho-corasick v1.1.3\n   Compiling indexmap v2.9.0\n   Compiling quote v1.0.40\n   Compiling toml_edit v0.22.24\n   Compiling regex-automata v0.4.9\n   Compiling proc-macro-crate v3.3.0\n   Compiling ntest_test_cases v0.9.3\n   Compiling ntest_timeout v0.9.3\n   Compiling regex v1.11.1\n   Compiling ntest v0.9.3\n   Compiling once_cell v1.21.3 (/home/abezbm/rust-utgen-test-crates-new/once_cell)\nwarning: unused import: `std::panic`\n   --> src/imp_std.rs:292:9\n    |\n292 |     use std::panic;\n    |         ^^^^^^^^^^\n    |\n    = note: `#[warn(unused_imports)]` on by default\n\nwarning: unused imports: `sync::mpsc::channel` and `thread`\n   --> src/imp_std.rs:293:15\n    |\n293 |     use std::{sync::mpsc::channel, thread};\n    |               ^^^^^^^^^^^^^^^^^^^  ^^^^^^\n\nwarning: unused import: `ntest::timeout`\n    --> src/lib.rs:1413:8\n     |\n1413 |    use ntest::timeout;\n     |        ^^^^^^^^^^^^^^\n\nerror[E0282]: type annotations needed for `Result<&i32, _>`\n    --> src/lib.rs:1419:9\n     |\n1419 |     let result = cell.get_or_try_init(|| Ok(75));\n     |         ^^^^^^                           ------ type must be known at this point\n     |\nhelp: consider giving `result` an explicit type, where the type for type parameter `E` is specified\n     |\n1419 |     let result: Result<&i32, E> = cell.get_or_try_init(|| Ok(75));\n     |               +++++++++++++++++\n\nFor more information about this error, try `rustc --explain E0282`.\nwarning: `once_cell` (lib test) generated 3 warnings\nerror: could not compile `once_cell` (lib test) due to 1 previous error; 3 warnings emitted\n"
                },
                {
                  "Err": "   Compiling proc-macro2 v1.0.95\n   Compiling unicode-ident v1.0.18\n   Compiling hashbrown v0.15.2\n   Compiling equivalent v1.0.2\n   Compiling syn v1.0.109\n   Compiling toml_datetime v0.6.8\n   Compiling winnow v0.7.6\n   Compiling memchr v2.7.4\n   Compiling regex-syntax v0.8.5\n   Compiling critical-section v1.2.0\n   Compiling aho-corasick v1.1.3\n   Compiling indexmap v2.9.0\n   Compiling quote v1.0.40\n   Compiling toml_edit v0.22.24\n   Compiling regex-automata v0.4.9\n   Compiling proc-macro-crate v3.3.0\n   Compiling ntest_test_cases v0.9.3\n   Compiling ntest_timeout v0.9.3\n   Compiling regex v1.11.1\n   Compiling ntest v0.9.3\n   Compiling once_cell v1.21.3 (/home/abezbm/rust-utgen-test-crates-new/once_cell)\nwarning: unused import: `std::panic`\n   --> src/imp_std.rs:292:9\n    |\n292 |     use std::panic;\n    |         ^^^^^^^^^^\n    |\n    = note: `#[warn(unused_imports)]` on by default\n\nwarning: unused imports: `sync::mpsc::channel` and `thread`\n   --> src/imp_std.rs:293:15\n    |\n293 |     use std::{sync::mpsc::channel, thread};\n    |               ^^^^^^^^^^^^^^^^^^^  ^^^^^^\n\nwarning: unused import: `ntest::timeout`\n    --> src/lib.rs:1413:8\n     |\n1413 |    use ntest::timeout;\n     |        ^^^^^^^^^^^^^^\n\nerror[E0282]: type annotations needed for `Result<&i32, _>`\n    --> src/lib.rs:1419:9\n     |\n1419 |     let result = cell.get_or_try_init(|| Ok(75));\n     |         ^^^^^^                           ------ type must be known at this point\n     |\nhelp: consider giving `result` an explicit type, where the type for type parameter `E` is specified\n     |\n1419 |     let result: Result<&i32, E> = cell.get_or_try_init(|| Ok(75));\n     |               +++++++++++++++++\n\nFor more information about this error, try `rustc --explain E0282`.\nwarning: `once_cell` (lib test) generated 3 warnings\nerror: could not compile `once_cell` (lib test) due to 1 previous error; 3 warnings emitted\n"
                },
                {
                  "Err": "   Compiling proc-macro2 v1.0.95\n   Compiling unicode-ident v1.0.18\n   Compiling equivalent v1.0.2\n   Compiling hashbrown v0.15.2\n   Compiling syn v1.0.109\n   Compiling toml_datetime v0.6.8\n   Compiling winnow v0.7.6\n   Compiling memchr v2.7.4\n   Compiling regex-syntax v0.8.5\n   Compiling critical-section v1.2.0\n   Compiling aho-corasick v1.1.3\n   Compiling indexmap v2.9.0\n   Compiling quote v1.0.40\n   Compiling toml_edit v0.22.24\n   Compiling regex-automata v0.4.9\n   Compiling proc-macro-crate v3.3.0\n   Compiling ntest_timeout v0.9.3\n   Compiling ntest_test_cases v0.9.3\n   Compiling regex v1.11.1\n   Compiling ntest v0.9.3\n   Compiling once_cell v1.21.3 (/home/abezbm/rust-utgen-test-crates-new/once_cell)\nwarning: unused import: `std::panic`\n   --> src/imp_std.rs:292:9\n    |\n292 |     use std::panic;\n    |         ^^^^^^^^^^\n    |\n    = note: `#[warn(unused_imports)]` on by default\n\nwarning: unused imports: `sync::mpsc::channel` and `thread`\n   --> src/imp_std.rs:293:15\n    |\n293 |     use std::{sync::mpsc::channel, thread};\n    |               ^^^^^^^^^^^^^^^^^^^  ^^^^^^\n\nwarning: unused import: `ntest::timeout`\n    --> src/lib.rs:1413:8\n     |\n1413 |    use ntest::timeout;\n     |        ^^^^^^^^^^^^^^\n\nerror[E0282]: type annotations needed for `Result<&i32, _>`\n    --> src/lib.rs:1419:9\n     |\n1419 |     let result = cell.get_or_try_init(|| Ok(75));\n     |         ^^^^^^                           ------ type must be known at this point\n     |\nhelp: consider giving `result` an explicit type, where the type for type parameter `E` is specified\n     |\n1419 |     let result: Result<&i32, E> = cell.get_or_try_init(|| Ok(75));\n     |               +++++++++++++++++\n\nFor more information about this error, try `rustc --explain E0282`.\nwarning: `once_cell` (lib test) generated 3 warnings\nerror: could not compile `once_cell` (lib test) due to 1 previous error; 3 warnings emitted\n"
                },
                {
                  "Err": "   Compiling proc-macro2 v1.0.95\n   Compiling unicode-ident v1.0.18\n   Compiling syn v1.0.109\n   Compiling hashbrown v0.15.2\n   Compiling equivalent v1.0.2\n   Compiling winnow v0.7.6\n   Compiling toml_datetime v0.6.8\n   Compiling memchr v2.7.4\n   Compiling regex-syntax v0.8.5\n   Compiling critical-section v1.2.0\n   Compiling aho-corasick v1.1.3\n   Compiling indexmap v2.9.0\n   Compiling quote v1.0.40\n   Compiling regex-automata v0.4.9\n   Compiling toml_edit v0.22.24\n   Compiling proc-macro-crate v3.3.0\n   Compiling ntest_test_cases v0.9.3\n   Compiling ntest_timeout v0.9.3\n   Compiling regex v1.11.1\n   Compiling ntest v0.9.3\n   Compiling once_cell v1.21.3 (/home/abezbm/rust-utgen-test-crates-new/once_cell)\nwarning: unused import: `std::panic`\n   --> src/imp_std.rs:292:9\n    |\n292 |     use std::panic;\n    |         ^^^^^^^^^^\n    |\n    = note: `#[warn(unused_imports)]` on by default\n\nwarning: unused imports: `sync::mpsc::channel` and `thread`\n   --> src/imp_std.rs:293:15\n    |\n293 |     use std::{sync::mpsc::channel, thread};\n    |               ^^^^^^^^^^^^^^^^^^^  ^^^^^^\n\nwarning: unused import: `ntest::timeout`\n    --> src/lib.rs:1413:8\n     |\n1413 |    use ntest::timeout;\n     |        ^^^^^^^^^^^^^^\n\nerror[E0282]: type annotations needed for `Result<&i32, _>`\n    --> src/lib.rs:1419:9\n     |\n1419 |     let result = cell.get_or_try_init(|| Ok(75));\n     |         ^^^^^^                           ------ type must be known at this point\n     |\nhelp: consider giving `result` an explicit type, where the type for type parameter `E` is specified\n     |\n1419 |     let result: Result<&i32, E> = cell.get_or_try_init(|| Ok(75));\n     |               +++++++++++++++++\n\nFor more information about this error, try `rustc --explain E0282`.\nwarning: `once_cell` (lib test) generated 3 warnings\nerror: could not compile `once_cell` (lib test) due to 1 previous error; 3 warnings emitted\n"
                },
                {
                  "Err": "   Compiling proc-macro2 v1.0.95\n   Compiling unicode-ident v1.0.18\n   Compiling syn v1.0.109\n   Compiling equivalent v1.0.2\n   Compiling hashbrown v0.15.2\n   Compiling winnow v0.7.6\n   Compiling toml_datetime v0.6.8\n   Compiling memchr v2.7.4\n   Compiling regex-syntax v0.8.5\n   Compiling critical-section v1.2.0\n   Compiling aho-corasick v1.1.3\n   Compiling indexmap v2.9.0\n   Compiling quote v1.0.40\n   Compiling regex-automata v0.4.9\n   Compiling toml_edit v0.22.24\n   Compiling proc-macro-crate v3.3.0\n   Compiling ntest_test_cases v0.9.3\n   Compiling ntest_timeout v0.9.3\n   Compiling regex v1.11.1\n   Compiling ntest v0.9.3\n   Compiling once_cell v1.21.3 (/home/abezbm/rust-utgen-test-crates-new/once_cell)\nwarning: unused import: `std::panic`\n   --> src/imp_std.rs:292:9\n    |\n292 |     use std::panic;\n    |         ^^^^^^^^^^\n    |\n    = note: `#[warn(unused_imports)]` on by default\n\nwarning: unused imports: `sync::mpsc::channel` and `thread`\n   --> src/imp_std.rs:293:15\n    |\n293 |     use std::{sync::mpsc::channel, thread};\n    |               ^^^^^^^^^^^^^^^^^^^  ^^^^^^\n\nwarning: unused import: `ntest::timeout`\n    --> src/lib.rs:1413:8\n     |\n1413 |    use ntest::timeout;\n     |        ^^^^^^^^^^^^^^\n\nerror[E0282]: type annotations needed for `Result<&i32, _>`\n    --> src/lib.rs:1419:9\n     |\n1419 |     let result = cell.get_or_try_init(|| Ok(75));\n     |         ^^^^^^                           ------ type must be known at this point\n     |\nhelp: consider giving `result` an explicit type, where the type for type parameter `E` is specified\n     |\n1419 |     let result: Result<&i32, E> = cell.get_or_try_init(|| Ok(75));\n     |               +++++++++++++++++\n\nFor more information about this error, try `rustc --explain E0282`.\nwarning: `once_cell` (lib test) generated 3 warnings\nerror: could not compile `once_cell` (lib test) due to 1 previous error; 3 warnings emitted\n"
                }
              ],
              "repaired": [
                false,
                false,
                false,
                false,
                false
              ]
            },
            {
              "attrs": [
                "#[should_panic]"
              ],
              "prefix": [
                "{",
                "    let cell = OnceCell::new();",
                "    let _ = cell.get_or_try_init(|| panic!(\"This will panic\"));",
                "}"
              ],
              "oracles": [
                [
                  "    let cell = OnceCell::new();",
                  "    let result = std::panic::catch_unwind(|| cell.get_or_try_init(|| panic!(\"This will panic\")));",
                  "    assert!(result.is_err());"
                ],
                [
                  "    let cell = OnceCell::new();",
                  "    let result = std::panic::catch_unwind(|| cell.get_or_try_init(|| panic!(\"This will panic\")));",
                  "    assert!(cell.get().is_none());"
                ]
              ],
              "codes": [
                [
                  "{",
                  "    let cell = OnceCell::new();",
                  "    let _ = cell.get_or_try_init(|| panic!(\"This will panic\"));",
                  "    let cell = OnceCell::new();",
                  "    let result = std::panic::catch_unwind(|| cell.get_or_try_init(|| panic!(\"This will panic\")));",
                  "    assert!(result.is_err());",
                  "}"
                ],
                [
                  "{",
                  "    let cell = OnceCell::new();",
                  "    let _ = cell.get_or_try_init(|| panic!(\"This will panic\"));",
                  "    let cell = OnceCell::new();",
                  "    let result = std::panic::catch_unwind(|| cell.get_or_try_init(|| panic!(\"This will panic\")));",
                  "    assert!(cell.get().is_none());",
                  "}"
                ]
              ],
              "can_compile": [
                {
                  "Err": "   Compiling proc-macro2 v1.0.95\n   Compiling unicode-ident v1.0.18\n   Compiling equivalent v1.0.2\n   Compiling hashbrown v0.15.2\n   Compiling syn v1.0.109\n   Compiling winnow v0.7.6\n   Compiling toml_datetime v0.6.8\n   Compiling memchr v2.7.4\n   Compiling regex-syntax v0.8.5\n   Compiling critical-section v1.2.0\n   Compiling aho-corasick v1.1.3\n   Compiling indexmap v2.9.0\n   Compiling quote v1.0.40\n   Compiling regex-automata v0.4.9\n   Compiling toml_edit v0.22.24\n   Compiling proc-macro-crate v3.3.0\n   Compiling ntest_timeout v0.9.3\n   Compiling ntest_test_cases v0.9.3\n   Compiling regex v1.11.1\n   Compiling ntest v0.9.3\n   Compiling once_cell v1.21.3 (/home/abezbm/rust-utgen-test-crates-new/once_cell)\nwarning: unused import: `std::panic`\n   --> src/imp_std.rs:292:9\n    |\n292 |     use std::panic;\n    |         ^^^^^^^^^^\n    |\n    = note: `#[warn(unused_imports)]` on by default\n\nwarning: unused imports: `sync::mpsc::channel` and `thread`\n   --> src/imp_std.rs:293:15\n    |\n293 |     use std::{sync::mpsc::channel, thread};\n    |               ^^^^^^^^^^^^^^^^^^^  ^^^^^^\n\nwarning: unused import: `ntest::timeout`\n    --> src/lib.rs:1413:8\n     |\n1413 |    use ntest::timeout;\n     |        ^^^^^^^^^^^^^^\n\nerror[E0282]: type annotations needed for `sync::OnceCell<_>`\n    --> src/lib.rs:1418:9\n     |\n1418 |     let cell = OnceCell::new();\n     |         ^^^^\n1419 |     let _ = cell.get_or_try_init(|| panic!(\"This will panic\"));\n     |             -------------------------------------------------- type must be known at this point\n     |\nhelp: consider giving `cell` an explicit type, where the type for type parameter `T` is specified\n     |\n1418 |     let cell: sync::OnceCell<T> = OnceCell::new();\n     |             +++++++++++++++++++\n\nFor more information about this error, try `rustc --explain E0282`.\nwarning: `once_cell` (lib test) generated 3 warnings\nerror: could not compile `once_cell` (lib test) due to 1 previous error; 3 warnings emitted\n"
                },
                {
                  "Err": "   Compiling proc-macro2 v1.0.95\n   Compiling unicode-ident v1.0.18\n   Compiling syn v1.0.109\n   Compiling hashbrown v0.15.2\n   Compiling equivalent v1.0.2\n   Compiling winnow v0.7.6\n   Compiling toml_datetime v0.6.8\n   Compiling memchr v2.7.4\n   Compiling regex-syntax v0.8.5\n   Compiling critical-section v1.2.0\n   Compiling aho-corasick v1.1.3\n   Compiling indexmap v2.9.0\n   Compiling quote v1.0.40\n   Compiling toml_edit v0.22.24\n   Compiling regex-automata v0.4.9\n   Compiling proc-macro-crate v3.3.0\n   Compiling regex v1.11.1\n   Compiling ntest_test_cases v0.9.3\n   Compiling ntest_timeout v0.9.3\n   Compiling ntest v0.9.3\n   Compiling once_cell v1.21.3 (/home/abezbm/rust-utgen-test-crates-new/once_cell)\nwarning: unused import: `std::panic`\n   --> src/imp_std.rs:292:9\n    |\n292 |     use std::panic;\n    |         ^^^^^^^^^^\n    |\n    = note: `#[warn(unused_imports)]` on by default\n\nwarning: unused imports: `sync::mpsc::channel` and `thread`\n   --> src/imp_std.rs:293:15\n    |\n293 |     use std::{sync::mpsc::channel, thread};\n    |               ^^^^^^^^^^^^^^^^^^^  ^^^^^^\n\nwarning: unused import: `ntest::timeout`\n    --> src/lib.rs:1413:8\n     |\n1413 |    use ntest::timeout;\n     |        ^^^^^^^^^^^^^^\n\nerror[E0282]: type annotations needed for `sync::OnceCell<_>`\n    --> src/lib.rs:1418:9\n     |\n1418 |     let cell = OnceCell::new();\n     |         ^^^^\n1419 |     let _ = cell.get_or_try_init(|| panic!(\"This will panic\"));\n     |             -------------------------------------------------- type must be known at this point\n     |\nhelp: consider giving `cell` an explicit type, where the type for type parameter `T` is specified\n     |\n1418 |     let cell: sync::OnceCell<T> = OnceCell::new();\n     |             +++++++++++++++++++\n\nFor more information about this error, try `rustc --explain E0282`.\nwarning: `once_cell` (lib test) generated 3 warnings\nerror: could not compile `once_cell` (lib test) due to 1 previous error; 3 warnings emitted\n"
                }
              ],
              "repaired": [
                false,
                false
              ]
            },
            {
              "attrs": [],
              "prefix": [
                "{",
                "    let cell = OnceCell::new();",
                "    let result = cell.get_or_try_init(|| Ok(1));",
                "    let retrieved = cell.get();",
                "}"
              ],
              "oracles": [
                [
                  "    let cell = OnceCell::new();",
                  "    let result = cell.get_or_try_init(|| Ok(1));",
                  "    assert!(result.is_ok());"
                ],
                [
                  "    let cell = OnceCell::new();",
                  "    let result = cell.get_or_try_init(|| Ok(1));",
                  "    assert_eq!(result.unwrap(), &1);"
                ],
                [
                  "    let cell = OnceCell::new();",
                  "    let result = cell.get_or_try_init(|| Ok(1));",
                  "    assert!(cell.get().is_some());"
                ],
                [
                  "    let cell = OnceCell::new();",
                  "    let result = cell.get_or_try_init(|| Ok(1));",
                  "    assert_eq!(cell.get(), Some(&1));"
                ]
              ],
              "codes": [
                [
                  "{",
                  "    let cell = OnceCell::new();",
                  "    let result = cell.get_or_try_init(|| Ok(1));",
                  "    let retrieved = cell.get();",
                  "    let cell = OnceCell::new();",
                  "    let result = cell.get_or_try_init(|| Ok(1));",
                  "    assert!(result.is_ok());",
                  "}"
                ],
                [
                  "{",
                  "    let cell = OnceCell::new();",
                  "    let result = cell.get_or_try_init(|| Ok(1));",
                  "    let retrieved = cell.get();",
                  "    let cell = OnceCell::new();",
                  "    let result = cell.get_or_try_init(|| Ok(1));",
                  "    assert_eq!(result.unwrap(), &1);",
                  "}"
                ],
                [
                  "{",
                  "    let cell = OnceCell::new();",
                  "    let result = cell.get_or_try_init(|| Ok(1));",
                  "    let retrieved = cell.get();",
                  "    let cell = OnceCell::new();",
                  "    let result = cell.get_or_try_init(|| Ok(1));",
                  "    assert!(cell.get().is_some());",
                  "}"
                ],
                [
                  "{",
                  "    let cell = OnceCell::new();",
                  "    let result = cell.get_or_try_init(|| Ok(1));",
                  "    let retrieved = cell.get();",
                  "    let cell = OnceCell::new();",
                  "    let result = cell.get_or_try_init(|| Ok(1));",
                  "    assert_eq!(cell.get(), Some(&1));",
                  "}"
                ]
              ],
              "can_compile": [
                {
                  "Err": "   Compiling proc-macro2 v1.0.95\n   Compiling unicode-ident v1.0.18\n   Compiling syn v1.0.109\n   Compiling equivalent v1.0.2\n   Compiling hashbrown v0.15.2\n   Compiling toml_datetime v0.6.8\n   Compiling winnow v0.7.6\n   Compiling memchr v2.7.4\n   Compiling regex-syntax v0.8.5\n   Compiling critical-section v1.2.0\n   Compiling aho-corasick v1.1.3\n   Compiling indexmap v2.9.0\n   Compiling quote v1.0.40\n   Compiling toml_edit v0.22.24\n   Compiling regex-automata v0.4.9\n   Compiling ntest_test_cases v0.9.3\n   Compiling proc-macro-crate v3.3.0\n   Compiling ntest_timeout v0.9.3\n   Compiling regex v1.11.1\n   Compiling ntest v0.9.3\n   Compiling once_cell v1.21.3 (/home/abezbm/rust-utgen-test-crates-new/once_cell)\nwarning: unused import: `std::panic`\n   --> src/imp_std.rs:292:9\n    |\n292 |     use std::panic;\n    |         ^^^^^^^^^^\n    |\n    = note: `#[warn(unused_imports)]` on by default\n\nwarning: unused imports: `sync::mpsc::channel` and `thread`\n   --> src/imp_std.rs:293:15\n    |\n293 |     use std::{sync::mpsc::channel, thread};\n    |               ^^^^^^^^^^^^^^^^^^^  ^^^^^^\n\nwarning: unused import: `ntest::timeout`\n    --> src/lib.rs:1413:8\n     |\n1413 |    use ntest::timeout;\n     |        ^^^^^^^^^^^^^^\n\nerror[E0282]: type annotations needed for `Result<&i32, _>`\n    --> src/lib.rs:1418:9\n     |\n1418 |     let result = cell.get_or_try_init(|| Ok(1));\n     |         ^^^^^^                           ----- type must be known at this point\n     |\nhelp: consider giving `result` an explicit type, where the type for type parameter `E` is specified\n     |\n1418 |     let result: Result<&i32, E> = cell.get_or_try_init(|| Ok(1));\n     |               +++++++++++++++++\n\nFor more information about this error, try `rustc --explain E0282`.\nwarning: `once_cell` (lib test) generated 3 warnings\nerror: could not compile `once_cell` (lib test) due to 1 previous error; 3 warnings emitted\n"
                },
                {
                  "Err": "   Compiling proc-macro2 v1.0.95\n   Compiling unicode-ident v1.0.18\n   Compiling equivalent v1.0.2\n   Compiling hashbrown v0.15.2\n   Compiling syn v1.0.109\n   Compiling winnow v0.7.6\n   Compiling toml_datetime v0.6.8\n   Compiling memchr v2.7.4\n   Compiling regex-syntax v0.8.5\n   Compiling critical-section v1.2.0\n   Compiling aho-corasick v1.1.3\n   Compiling indexmap v2.9.0\n   Compiling quote v1.0.40\n   Compiling toml_edit v0.22.24\n   Compiling regex-automata v0.4.9\n   Compiling proc-macro-crate v3.3.0\n   Compiling ntest_test_cases v0.9.3\n   Compiling ntest_timeout v0.9.3\n   Compiling ntest v0.9.3\n   Compiling regex v1.11.1\n   Compiling once_cell v1.21.3 (/home/abezbm/rust-utgen-test-crates-new/once_cell)\nwarning: unused import: `std::panic`\n   --> src/imp_std.rs:292:9\n    |\n292 |     use std::panic;\n    |         ^^^^^^^^^^\n    |\n    = note: `#[warn(unused_imports)]` on by default\n\nwarning: unused imports: `sync::mpsc::channel` and `thread`\n   --> src/imp_std.rs:293:15\n    |\n293 |     use std::{sync::mpsc::channel, thread};\n    |               ^^^^^^^^^^^^^^^^^^^  ^^^^^^\n\nwarning: unused import: `ntest::timeout`\n    --> src/lib.rs:1413:8\n     |\n1413 |    use ntest::timeout;\n     |        ^^^^^^^^^^^^^^\n\nerror[E0282]: type annotations needed for `Result<&i32, _>`\n    --> src/lib.rs:1418:9\n     |\n1418 |     let result = cell.get_or_try_init(|| Ok(1));\n     |         ^^^^^^                           ----- type must be known at this point\n     |\nhelp: consider giving `result` an explicit type, where the type for type parameter `E` is specified\n     |\n1418 |     let result: Result<&i32, E> = cell.get_or_try_init(|| Ok(1));\n     |               +++++++++++++++++\n\nFor more information about this error, try `rustc --explain E0282`.\nwarning: `once_cell` (lib test) generated 3 warnings\nerror: could not compile `once_cell` (lib test) due to 1 previous error; 3 warnings emitted\n"
                },
                {
                  "Err": "   Compiling proc-macro2 v1.0.95\n   Compiling unicode-ident v1.0.18\n   Compiling hashbrown v0.15.2\n   Compiling equivalent v1.0.2\n   Compiling syn v1.0.109\n   Compiling winnow v0.7.6\n   Compiling toml_datetime v0.6.8\n   Compiling memchr v2.7.4\n   Compiling regex-syntax v0.8.5\n   Compiling critical-section v1.2.0\n   Compiling aho-corasick v1.1.3\n   Compiling indexmap v2.9.0\n   Compiling quote v1.0.40\n   Compiling toml_edit v0.22.24\n   Compiling regex-automata v0.4.9\n   Compiling proc-macro-crate v3.3.0\n   Compiling ntest_test_cases v0.9.3\n   Compiling ntest_timeout v0.9.3\n   Compiling regex v1.11.1\n   Compiling ntest v0.9.3\n   Compiling once_cell v1.21.3 (/home/abezbm/rust-utgen-test-crates-new/once_cell)\nwarning: unused import: `std::panic`\n   --> src/imp_std.rs:292:9\n    |\n292 |     use std::panic;\n    |         ^^^^^^^^^^\n    |\n    = note: `#[warn(unused_imports)]` on by default\n\nwarning: unused imports: `sync::mpsc::channel` and `thread`\n   --> src/imp_std.rs:293:15\n    |\n293 |     use std::{sync::mpsc::channel, thread};\n    |               ^^^^^^^^^^^^^^^^^^^  ^^^^^^\n\nwarning: unused import: `ntest::timeout`\n    --> src/lib.rs:1413:8\n     |\n1413 |    use ntest::timeout;\n     |        ^^^^^^^^^^^^^^\n\nerror[E0282]: type annotations needed for `Result<&i32, _>`\n    --> src/lib.rs:1418:9\n     |\n1418 |     let result = cell.get_or_try_init(|| Ok(1));\n     |         ^^^^^^                           ----- type must be known at this point\n     |\nhelp: consider giving `result` an explicit type, where the type for type parameter `E` is specified\n     |\n1418 |     let result: Result<&i32, E> = cell.get_or_try_init(|| Ok(1));\n     |               +++++++++++++++++\n\nFor more information about this error, try `rustc --explain E0282`.\nwarning: `once_cell` (lib test) generated 3 warnings\nerror: could not compile `once_cell` (lib test) due to 1 previous error; 3 warnings emitted\n"
                },
                {
                  "Err": "   Compiling proc-macro2 v1.0.95\n   Compiling unicode-ident v1.0.18\n   Compiling syn v1.0.109\n   Compiling equivalent v1.0.2\n   Compiling hashbrown v0.15.2\n   Compiling toml_datetime v0.6.8\n   Compiling winnow v0.7.6\n   Compiling memchr v2.7.4\n   Compiling regex-syntax v0.8.5\n   Compiling critical-section v1.2.0\n   Compiling aho-corasick v1.1.3\n   Compiling indexmap v2.9.0\n   Compiling quote v1.0.40\n   Compiling toml_edit v0.22.24\n   Compiling regex-automata v0.4.9\n   Compiling proc-macro-crate v3.3.0\n   Compiling ntest_test_cases v0.9.3\n   Compiling ntest_timeout v0.9.3\n   Compiling regex v1.11.1\n   Compiling ntest v0.9.3\n   Compiling once_cell v1.21.3 (/home/abezbm/rust-utgen-test-crates-new/once_cell)\nwarning: unused import: `std::panic`\n   --> src/imp_std.rs:292:9\n    |\n292 |     use std::panic;\n    |         ^^^^^^^^^^\n    |\n    = note: `#[warn(unused_imports)]` on by default\n\nwarning: unused imports: `sync::mpsc::channel` and `thread`\n   --> src/imp_std.rs:293:15\n    |\n293 |     use std::{sync::mpsc::channel, thread};\n    |               ^^^^^^^^^^^^^^^^^^^  ^^^^^^\n\nwarning: unused import: `ntest::timeout`\n    --> src/lib.rs:1413:8\n     |\n1413 |    use ntest::timeout;\n     |        ^^^^^^^^^^^^^^\n\nerror[E0282]: type annotations needed for `Result<&i32, _>`\n    --> src/lib.rs:1418:9\n     |\n1418 |     let result = cell.get_or_try_init(|| Ok(1));\n     |         ^^^^^^                           ----- type must be known at this point\n     |\nhelp: consider giving `result` an explicit type, where the type for type parameter `E` is specified\n     |\n1418 |     let result: Result<&i32, E> = cell.get_or_try_init(|| Ok(1));\n     |               +++++++++++++++++\n\nFor more information about this error, try `rustc --explain E0282`.\nwarning: `once_cell` (lib test) generated 3 warnings\nerror: could not compile `once_cell` (lib test) due to 1 previous error; 3 warnings emitted\n"
                }
              ],
              "repaired": [
                false,
                false,
                false,
                false
              ]
            }
          ]
        }
      ]
    }
  ]
}