{
  "name": "http::uri::builder::uri::builder::Builder::path_and_query",
  "name_with_impl": "http::uri::builder::{impl#0}::path_and_query",
  "mod_info": {
    "name": "uri::builder",
    "loc": "src/uri/mod.rs:44:1:44:13"
  },
  "visible": true,
  "loc": "src/uri/builder.rs:93:5:103:6",
  "fn_tests": [
    {
      "chain_id": 1,
      "prompt_conds": [],
      "input_infer": "",
      "answers": [
        {
          "uses": [],
          "has_test_mod": false,
          "common": [],
          "chain_tests": [
            {
              "attrs": [],
              "prefix": [],
              "oracles": [],
              "codes": [
                [
                  "{",
                  "    struct TestUriBuilder;",
                  "",
                  "    impl TestUriBuilder {",
                  "        fn new() -> Self {",
                  "            TestUriBuilder",
                  "        }",
                  "",
                  "        fn path_and_query<T>(self, p_and_q: T) -> Self",
                  "        where",
                  "            T: TryInto<PathAndQuery>,",
                  "            <T as TryInto<PathAndQuery>>::Error: Into<crate::Error>,",
                  "        {",
                  "            // Dummy implementation for testing.",
                  "            self",
                  "        }",
                  "",
                  "        fn build(self) -> Result<(), crate::Error> {",
                  "            Ok(())",
                  "        }",
                  "    }",
                  "",
                  "    struct ValidPathAndQuery(String);",
                  "",
                  "    impl TryInto<PathAndQuery> for ValidPathAndQuery {",
                  "        type Error = crate::Error;",
                  "",
                  "        fn try_into(self) -> Result<PathAndQuery, Self::Error> {",
                  "            Ok(PathAndQuery(self.0))",
                  "        }",
                  "    }",
                  "",
                  "    let uri = TestUriBuilder::new()",
                  "        .path_and_query(ValidPathAndQuery(String::from(\"/hello?foo=bar\")))",
                  "        .build()",
                  "        .unwrap();",
                  "}"
                ]
              ],
              "can_compile": [
                {
                  "Err": "   Compiling proc-macro2 v1.0.95\n   Compiling libc v0.2.172\n   Compiling zerocopy v0.8.25\n   Compiling syn v1.0.109\n   Compiling serde v1.0.219\n   Compiling serde_json v1.0.140\n   Compiling doc-comment v0.3.3\n   Compiling quote v1.0.40\n   Compiling getrandom v0.2.16\n   Compiling rand_core v0.6.4\n   Compiling ppv-lite86 v0.2.21\n   Compiling rand_chacha v0.3.1\n   Compiling rand v0.8.5\n   Compiling quickcheck v1.0.3\n   Compiling ntest_test_cases v0.9.3\n   Compiling ntest_timeout v0.9.3\n   Compiling ntest v0.9.3\n   Compiling http v1.3.1 (/home/abezbm/rust-utgen-test-crates-new/http)\nwarning: unused import: `self::StandardHeader::Vary`\n    --> src/header/name.rs:1676:9\n     |\n1676 |     use self::StandardHeader::Vary;\n     |         ^^^^^^^^^^^^^^^^^^^^^^^^^^\n     |\n     = note: `#[warn(unused_imports)]` on by default\n\nwarning: unused import: `super::*`\n   --> src/header/value.rs:481:9\n    |\n481 |     use super::*;\n    |         ^^^^^^^^\n\nwarning: unused import: `crate::header::map::HeaderMap`\n   --> src/header/value.rs:482:9\n    |\n482 |     use crate::header::map::HeaderMap;\n    |         ^^^^^^^^^^^^^^^^^^^^^^^^^^^^^\n\nwarning: unused import: `crate::header::name`\n   --> src/header/value.rs:483:9\n    |\n483 |     use crate::header::name;\n    |         ^^^^^^^^^^^^^^^^^^^\n\nwarning: unused import: `super::*`\n   --> src/header/value.rs:568:9\n    |\n568 |     use super::*;\n    |         ^^^^^^^^\n\nwarning: unused import: `crate::header::name`\n   --> src/header/value.rs:569:9\n    |\n569 |     use crate::header::name;\n    |         ^^^^^^^^^^^^^^^^^^^\n\nwarning: unused import: `super::*`\n   --> src/method.rs:424:9\n    |\n424 |     use super::*;\n    |         ^^^^^^^^\n\nwarning: unused import: `super::*`\n    --> src/request.rs:1063:9\n     |\n1063 |     use super::*;\n     |         ^^^^^^^^\n\nwarning: unused import: `super::*`\n   --> src/response.rs:776:9\n    |\n776 |     use super::*;\n    |         ^^^^^^^^\n\nwarning: unused import: `super::*`\n   --> src/uri/authority.rs:533:9\n    |\n533 |     use super::*;\n    |         ^^^^^^^^\n\nwarning: unused import: `super::*`\n   --> src/uri/builder.rs:165:9\n    |\n165 |     use super::*;\n    |         ^^^^^^^^\n\nwarning: unused import: `ntest::timeout`\n   --> src/uri/builder.rs:215:8\n    |\n215 |    use ntest::timeout;\n    |        ^^^^^^^^^^^^^^\n\nwarning: unused import: `super::*`\n   --> src/uri/port.rs:115:9\n    |\n115 |     use super::*;\n    |         ^^^^^^^^\n\nwarning: unused import: `super::*`\n   --> src/error.rs:143:9\n    |\n143 |     use super::*;\n    |         ^^^^^^^^\n\nwarning: unused import: `super::*`\n   --> src/lib.rs:197:9\n    |\n197 |     use super::*;\n    |         ^^^^^^^^\n\nerror[E0423]: expected function, tuple struct or tuple variant, found struct `PathAndQuery`\n   --> src/uri/builder.rs:246:16\n    |\n246 |               Ok(PathAndQuery(self.0))\n    |                  ^^^^^^^^^^^^^^^^^^^^ help: use struct literal syntax instead: `PathAndQuery { data: val, query: val }`\n    |\n   ::: src/uri/path.rs:12:1\n    |\n12  | / pub struct PathAndQuery {\n13  | |     pub(super) data: ByteStr,\n14  | |     pub(super) query: u16,\n15  | | }\n    | |_- `PathAndQuery` defined here\n\nwarning: unused variable: `uri`\n   --> src/uri/builder.rs:250:9\n    |\n250 |     let uri = TestUriBuilder::new()\n    |         ^^^ help: if this is intentional, prefix it with an underscore: `_uri`\n    |\n    = note: `#[warn(unused_variables)]` on by default\n\nwarning: unused variable: `p_and_q`\n   --> src/uri/builder.rs:226:36\n    |\n226 |         fn path_and_query<T>(self, p_and_q: T) -> Self\n    |                                    ^^^^^^^ help: if this is intentional, prefix it with an underscore: `_p_and_q`\n\nFor more information about this error, try `rustc --explain E0423`.\nwarning: `http` (lib test) generated 17 warnings\nerror: could not compile `http` (lib test) due to 1 previous error; 17 warnings emitted\n"
                }
              ],
              "repaired": [
                false
              ]
            },
            {
              "attrs": [
                "#[should_panic]"
              ],
              "prefix": [],
              "oracles": [],
              "codes": [
                [
                  "{",
                  "    struct TestUriBuilder;",
                  "",
                  "    impl TestUriBuilder {",
                  "        fn new() -> Self {",
                  "            TestUriBuilder",
                  "        }",
                  "",
                  "        fn path_and_query<T>(self, p_and_q: T) -> Self",
                  "        where",
                  "            T: TryInto<PathAndQuery>,",
                  "            <T as TryInto<PathAndQuery>>::Error: Into<crate::Error>,",
                  "        {",
                  "            // Dummy implementation for testing.",
                  "            self",
                  "        }",
                  "",
                  "        fn build(self) -> Result<(), crate::Error> {",
                  "            // Simulate panic scenario",
                  "            panic!(\"Expected panic due to invalid PathAndQuery\");",
                  "        }",
                  "    }",
                  "",
                  "    struct InvalidPathAndQuery;",
                  "",
                  "    impl TryInto<PathAndQuery> for InvalidPathAndQuery {",
                  "        type Error = crate::Error;",
                  "",
                  "        fn try_into(self) -> Result<PathAndQuery, Self::Error> {",
                  "            Err(crate::Error::new(\"Invalid PathAndQuery\"))",
                  "        }",
                  "    }",
                  "",
                  "    let _uri = TestUriBuilder::new()",
                  "        .path_and_query(InvalidPathAndQuery)",
                  "        .build()",
                  "        .unwrap();",
                  "}"
                ]
              ],
              "can_compile": [
                {
                  "Err": "   Compiling libc v0.2.172\n   Compiling proc-macro2 v1.0.95\n   Compiling zerocopy v0.8.25\n   Compiling syn v1.0.109\n   Compiling serde v1.0.219\n   Compiling doc-comment v0.3.3\n   Compiling serde_json v1.0.140\n   Compiling quote v1.0.40\n   Compiling getrandom v0.2.16\n   Compiling rand_core v0.6.4\n   Compiling ppv-lite86 v0.2.21\n   Compiling rand_chacha v0.3.1\n   Compiling rand v0.8.5\n   Compiling quickcheck v1.0.3\n   Compiling ntest_test_cases v0.9.3\n   Compiling ntest_timeout v0.9.3\n   Compiling ntest v0.9.3\n   Compiling http v1.3.1 (/home/abezbm/rust-utgen-test-crates-new/http)\nwarning: unused import: `self::StandardHeader::Vary`\n    --> src/header/name.rs:1676:9\n     |\n1676 |     use self::StandardHeader::Vary;\n     |         ^^^^^^^^^^^^^^^^^^^^^^^^^^\n     |\n     = note: `#[warn(unused_imports)]` on by default\n\nwarning: unused import: `super::*`\n   --> src/header/value.rs:481:9\n    |\n481 |     use super::*;\n    |         ^^^^^^^^\n\nwarning: unused import: `crate::header::map::HeaderMap`\n   --> src/header/value.rs:482:9\n    |\n482 |     use crate::header::map::HeaderMap;\n    |         ^^^^^^^^^^^^^^^^^^^^^^^^^^^^^\n\nwarning: unused import: `crate::header::name`\n   --> src/header/value.rs:483:9\n    |\n483 |     use crate::header::name;\n    |         ^^^^^^^^^^^^^^^^^^^\n\nwarning: unused import: `super::*`\n   --> src/header/value.rs:568:9\n    |\n568 |     use super::*;\n    |         ^^^^^^^^\n\nwarning: unused import: `crate::header::name`\n   --> src/header/value.rs:569:9\n    |\n569 |     use crate::header::name;\n    |         ^^^^^^^^^^^^^^^^^^^\n\nwarning: unused import: `super::*`\n   --> src/method.rs:424:9\n    |\n424 |     use super::*;\n    |         ^^^^^^^^\n\nwarning: unused import: `super::*`\n    --> src/request.rs:1063:9\n     |\n1063 |     use super::*;\n     |         ^^^^^^^^\n\nwarning: unused import: `super::*`\n   --> src/response.rs:776:9\n    |\n776 |     use super::*;\n    |         ^^^^^^^^\n\nwarning: unused import: `super::*`\n   --> src/uri/authority.rs:533:9\n    |\n533 |     use super::*;\n    |         ^^^^^^^^\n\nwarning: unused import: `super::*`\n   --> src/uri/builder.rs:165:9\n    |\n165 |     use super::*;\n    |         ^^^^^^^^\n\nwarning: unused import: `ntest::timeout`\n   --> src/uri/builder.rs:215:8\n    |\n215 |    use ntest::timeout;\n    |        ^^^^^^^^^^^^^^\n\nwarning: unused import: `super::*`\n   --> src/uri/port.rs:115:9\n    |\n115 |     use super::*;\n    |         ^^^^^^^^\n\nwarning: unused import: `super::*`\n   --> src/error.rs:143:9\n    |\n143 |     use super::*;\n    |         ^^^^^^^^\n\nwarning: unused import: `super::*`\n   --> src/lib.rs:197:9\n    |\n197 |     use super::*;\n    |         ^^^^^^^^\n\nerror[E0599]: no function or associated item named `new` found for struct `error::Error` in the current scope\n   --> src/uri/builder.rs:248:31\n    |\n248 |             Err(crate::Error::new(\"Invalid PathAndQuery\"))\n    |                               ^^^ function or associated item not found in `Error`\n    |\n   ::: src/error.rs:17:1\n    |\n17  | pub struct Error {\n    | ---------------- function or associated item `new` not found for this struct\n\nwarning: unused variable: `p_and_q`\n   --> src/uri/builder.rs:227:36\n    |\n227 |         fn path_and_query<T>(self, p_and_q: T) -> Self\n    |                                    ^^^^^^^ help: if this is intentional, prefix it with an underscore: `_p_and_q`\n    |\n    = note: `#[warn(unused_variables)]` on by default\n\nFor more information about this error, try `rustc --explain E0599`.\nwarning: `http` (lib test) generated 16 warnings\nerror: could not compile `http` (lib test) due to 1 previous error; 16 warnings emitted\n"
                }
              ],
              "repaired": [
                false
              ]
            }
          ]
        }
      ]
    }
  ]
}