{
  "name": "http::header::map::header::map::HeaderMap<T>::clear",
  "name_with_impl": "http::header::map::{impl#1}::clear",
  "mod_info": {
    "name": "header::map",
    "loc": "src/header/mod.rs:73:1:73:9"
  },
  "visible": true,
  "loc": "src/header/map.rs:620:5:628:6",
  "fn_tests": [
    {
      "chain_id": 1,
      "prompt_conds": [
        "// constraint: e in self.indices.iter_mut() is true\n",
        "// constraint: e in self.indices.iter_mut() is false\n"
      ],
      "input_infer": "",
      "answers": [
        {
          "uses": [],
          "has_test_mod": false,
          "common": [
            "#[derive(Default)]",
            "struct HeaderMap {",
            "    entries: Vec<(String, String)>,",
            "    extra_values: Vec<String>,",
            "    danger: Danger,",
            "    indices: Vec<Pos>,",
            "}",
            "",
            "#[derive(Default)]",
            "struct Pos {",
            "    // Assume Pos structure has necessary fields and methods",
            "}",
            "",
            "impl Pos {",
            "    pub fn none() -> Self {",
            "        Pos {}",
            "    }",
            "}",
            "",
            "#[derive(PartialEq)]",
            "enum Danger {",
            "    Green,",
            "    Yellow,",
            "    Red,",
            "}",
            "",
            "impl HeaderMap {",
            "    pub fn new() -> Self {",
            "        HeaderMap {",
            "            entries: Vec::new(),",
            "            extra_values: Vec::new(),",
            "            danger: Danger::Green,",
            "            indices: vec![Pos::none(); 10], // Initialized with 10 positions",
            "        }",
            "    }",
            "",
            "    pub fn clear(&mut self) {",
            "        self.entries.clear();",
            "        self.extra_values.clear();",
            "        self.danger = Danger::Green;",
            "",
            "        for e in self.indices.iter_mut() {",
            "            *e = Pos::none();",
            "        }",
            "    }",
            "",
            "    pub fn is_empty(&self) -> bool {",
            "        self.entries.is_empty() && self.extra_values.is_empty()",
            "    }",
            "",
            "    pub fn capacity(&self) -> usize {",
            "        self.entries.capacity()",
            "    }",
            "}"
          ],
          "chain_tests": [
            {
              "attrs": [],
              "prefix": [],
              "oracles": [],
              "codes": [
                [
                  "{",
                  "    let mut map = HeaderMap::new();",
                  "    map.clear();",
                  "    ",
                  "    assert!(map.is_empty());",
                  "    assert!(map.capacity() > 0);",
                  "}"
                ]
              ],
              "can_compile": [
                {
                  "Err": "   Compiling libc v0.2.172\n   Compiling proc-macro2 v1.0.95\n   Compiling zerocopy v0.8.25\n   Compiling syn v1.0.109\n   Compiling serde v1.0.219\n   Compiling doc-comment v0.3.3\n   Compiling serde_json v1.0.140\n   Compiling quote v1.0.40\n   Compiling getrandom v0.2.16\n   Compiling rand_core v0.6.4\n   Compiling ppv-lite86 v0.2.21\n   Compiling rand_chacha v0.3.1\n   Compiling rand v0.8.5\n   Compiling quickcheck v1.0.3\n   Compiling ntest_timeout v0.9.3\n   Compiling ntest_test_cases v0.9.3\n   Compiling ntest v0.9.3\n   Compiling http v1.3.1 (/home/abezbm/rust-utgen-test-crates-new/http)\nwarning: unused import: `ntest::timeout`\n    --> src/header/map.rs:3907:8\n     |\n3907 |    use ntest::timeout;\n     |        ^^^^^^^^^^^^^^\n     |\n     = note: `#[warn(unused_imports)]` on by default\n\nwarning: unused import: `self::StandardHeader::Vary`\n    --> src/header/name.rs:1676:9\n     |\n1676 |     use self::StandardHeader::Vary;\n     |         ^^^^^^^^^^^^^^^^^^^^^^^^^^\n\nwarning: unused import: `super::*`\n   --> src/header/value.rs:481:9\n    |\n481 |     use super::*;\n    |         ^^^^^^^^\n\nwarning: unused import: `crate::header::map::HeaderMap`\n   --> src/header/value.rs:482:9\n    |\n482 |     use crate::header::map::HeaderMap;\n    |         ^^^^^^^^^^^^^^^^^^^^^^^^^^^^^\n\nwarning: unused import: `crate::header::name`\n   --> src/header/value.rs:483:9\n    |\n483 |     use crate::header::name;\n    |         ^^^^^^^^^^^^^^^^^^^\n\nwarning: unused import: `super::*`\n   --> src/header/value.rs:568:9\n    |\n568 |     use super::*;\n    |         ^^^^^^^^\n\nwarning: unused import: `crate::header::name`\n   --> src/header/value.rs:569:9\n    |\n569 |     use crate::header::name;\n    |         ^^^^^^^^^^^^^^^^^^^\n\nwarning: unused import: `super::*`\n   --> src/method.rs:424:9\n    |\n424 |     use super::*;\n    |         ^^^^^^^^\n\nwarning: unused import: `super::*`\n    --> src/request.rs:1063:9\n     |\n1063 |     use super::*;\n     |         ^^^^^^^^\n\nwarning: unused import: `super::*`\n   --> src/response.rs:776:9\n    |\n776 |     use super::*;\n    |         ^^^^^^^^\n\nwarning: unused import: `super::*`\n   --> src/uri/authority.rs:533:9\n    |\n533 |     use super::*;\n    |         ^^^^^^^^\n\nwarning: unused import: `super::*`\n   --> src/uri/builder.rs:165:9\n    |\n165 |     use super::*;\n    |         ^^^^^^^^\n\nwarning: unused import: `super::*`\n   --> src/uri/port.rs:115:9\n    |\n115 |     use super::*;\n    |         ^^^^^^^^\n\nwarning: unused import: `super::*`\n   --> src/error.rs:143:9\n    |\n143 |     use super::*;\n    |         ^^^^^^^^\n\nwarning: unused import: `super::*`\n   --> src/lib.rs:197:9\n    |\n197 |     use super::*;\n    |         ^^^^^^^^\n\nerror[E0277]: the trait bound `llmtests::Danger: Default` is not satisfied\n    --> src/header/map.rs:3912:5\n     |\n3908 | #[derive(Default)]\n     |          ------- in this derive macro expansion\n...\n3912 |     danger: Danger,\n     |     ^^^^^^^^^^^^^^ the trait `Default` is not implemented for `llmtests::Danger`\n     |\n     = note: this error originates in the derive macro `Default` (in Nightly builds, run with -Z macro-backtrace for more info)\n\nerror[E0277]: the trait bound `llmtests::Pos: Clone` is not satisfied\n    --> src/header/map.rs:3940:27\n     |\n3940 |             indices: vec![Pos::none(); 10], // Initialized with 10 positions\n     |                      -----^^^^^^^^^^^-----\n     |                      |    |\n     |                      |    the trait `Clone` is not implemented for `llmtests::Pos`\n     |                      required by a bound introduced by this call\n     |\nnote: required by a bound in `from_elem`\n    --> /home/abezbm/.rustup/toolchains/nightly-2024-07-21-x86_64-unknown-linux-gnu/lib/rustlib/src/rust/library/alloc/src/vec/mod.rs:2743:21\n     |\n2743 | pub fn from_elem<T: Clone>(elem: T, n: usize) -> Vec<T> {\n     |                     ^^^^^ required by this bound in `from_elem`\nhelp: consider annotating `llmtests::Pos` with `#[derive(Clone)]`\n     |\n3917 + #[derive(Clone)]\n3918 | struct Pos {\n     |\n\nFor more information about this error, try `rustc --explain E0277`.\nwarning: `http` (lib test) generated 15 warnings\nerror: could not compile `http` (lib test) due to 2 previous errors; 15 warnings emitted\n"
                }
              ],
              "repaired": [
                false
              ]
            },
            {
              "attrs": [],
              "prefix": [],
              "oracles": [],
              "codes": [
                [
                  "{",
                  "    let mut map = HeaderMap::new();",
                  "    map.entries.push((\"key1\".to_string(), \"value1\".to_string()));",
                  "    map.extra_values.push(\"extraValue\".to_string());",
                  "",
                  "    map.clear();",
                  "",
                  "    assert!(map.is_empty());",
                  "    assert!(map.capacity() > 0);",
                  "}"
                ]
              ],
              "can_compile": [
                {
                  "Err": "   Compiling proc-macro2 v1.0.95\n   Compiling libc v0.2.172\n   Compiling zerocopy v0.8.25\n   Compiling syn v1.0.109\n   Compiling serde v1.0.219\n   Compiling doc-comment v0.3.3\n   Compiling serde_json v1.0.140\n   Compiling quote v1.0.40\n   Compiling getrandom v0.2.16\n   Compiling rand_core v0.6.4\n   Compiling ppv-lite86 v0.2.21\n   Compiling rand_chacha v0.3.1\n   Compiling rand v0.8.5\n   Compiling quickcheck v1.0.3\n   Compiling ntest_test_cases v0.9.3\n   Compiling ntest_timeout v0.9.3\n   Compiling ntest v0.9.3\n   Compiling http v1.3.1 (/home/abezbm/rust-utgen-test-crates-new/http)\nwarning: unused import: `ntest::timeout`\n    --> src/header/map.rs:3907:8\n     |\n3907 |    use ntest::timeout;\n     |        ^^^^^^^^^^^^^^\n     |\n     = note: `#[warn(unused_imports)]` on by default\n\nwarning: unused import: `self::StandardHeader::Vary`\n    --> src/header/name.rs:1676:9\n     |\n1676 |     use self::StandardHeader::Vary;\n     |         ^^^^^^^^^^^^^^^^^^^^^^^^^^\n\nwarning: unused import: `super::*`\n   --> src/header/value.rs:481:9\n    |\n481 |     use super::*;\n    |         ^^^^^^^^\n\nwarning: unused import: `crate::header::map::HeaderMap`\n   --> src/header/value.rs:482:9\n    |\n482 |     use crate::header::map::HeaderMap;\n    |         ^^^^^^^^^^^^^^^^^^^^^^^^^^^^^\n\nwarning: unused import: `crate::header::name`\n   --> src/header/value.rs:483:9\n    |\n483 |     use crate::header::name;\n    |         ^^^^^^^^^^^^^^^^^^^\n\nwarning: unused import: `super::*`\n   --> src/header/value.rs:568:9\n    |\n568 |     use super::*;\n    |         ^^^^^^^^\n\nwarning: unused import: `crate::header::name`\n   --> src/header/value.rs:569:9\n    |\n569 |     use crate::header::name;\n    |         ^^^^^^^^^^^^^^^^^^^\n\nwarning: unused import: `super::*`\n   --> src/method.rs:424:9\n    |\n424 |     use super::*;\n    |         ^^^^^^^^\n\nwarning: unused import: `super::*`\n    --> src/request.rs:1063:9\n     |\n1063 |     use super::*;\n     |         ^^^^^^^^\n\nwarning: unused import: `super::*`\n   --> src/response.rs:776:9\n    |\n776 |     use super::*;\n    |         ^^^^^^^^\n\nwarning: unused import: `super::*`\n   --> src/uri/authority.rs:533:9\n    |\n533 |     use super::*;\n    |         ^^^^^^^^\n\nwarning: unused import: `super::*`\n   --> src/uri/builder.rs:165:9\n    |\n165 |     use super::*;\n    |         ^^^^^^^^\n\nwarning: unused import: `super::*`\n   --> src/uri/port.rs:115:9\n    |\n115 |     use super::*;\n    |         ^^^^^^^^\n\nwarning: unused import: `super::*`\n   --> src/error.rs:143:9\n    |\n143 |     use super::*;\n    |         ^^^^^^^^\n\nwarning: unused import: `super::*`\n   --> src/lib.rs:197:9\n    |\n197 |     use super::*;\n    |         ^^^^^^^^\n\nerror[E0277]: the trait bound `llmtests::Danger: Default` is not satisfied\n    --> src/header/map.rs:3912:5\n     |\n3908 | #[derive(Default)]\n     |          ------- in this derive macro expansion\n...\n3912 |     danger: Danger,\n     |     ^^^^^^^^^^^^^^ the trait `Default` is not implemented for `llmtests::Danger`\n     |\n     = note: this error originates in the derive macro `Default` (in Nightly builds, run with -Z macro-backtrace for more info)\n\nerror[E0277]: the trait bound `llmtests::Pos: Clone` is not satisfied\n    --> src/header/map.rs:3940:27\n     |\n3940 |             indices: vec![Pos::none(); 10], // Initialized with 10 positions\n     |                      -----^^^^^^^^^^^-----\n     |                      |    |\n     |                      |    the trait `Clone` is not implemented for `llmtests::Pos`\n     |                      required by a bound introduced by this call\n     |\nnote: required by a bound in `from_elem`\n    --> /home/abezbm/.rustup/toolchains/nightly-2024-07-21-x86_64-unknown-linux-gnu/lib/rustlib/src/rust/library/alloc/src/vec/mod.rs:2743:21\n     |\n2743 | pub fn from_elem<T: Clone>(elem: T, n: usize) -> Vec<T> {\n     |                     ^^^^^ required by this bound in `from_elem`\nhelp: consider annotating `llmtests::Pos` with `#[derive(Clone)]`\n     |\n3917 + #[derive(Clone)]\n3918 | struct Pos {\n     |\n\nFor more information about this error, try `rustc --explain E0277`.\nwarning: `http` (lib test) generated 15 warnings\nerror: could not compile `http` (lib test) due to 2 previous errors; 15 warnings emitted\n"
                }
              ],
              "repaired": [
                false
              ]
            },
            {
              "attrs": [],
              "prefix": [],
              "oracles": [],
              "codes": [
                [
                  "{",
                  "    let mut map = HeaderMap::new();",
                  "    map.indices = vec![Pos {}, Pos {}, Pos {}]; // Set to non-default state",
                  "",
                  "    map.clear();",
                  "",
                  "    assert!(map.indices.iter().all(|e| *e == Pos::none()));",
                  "}"
                ]
              ],
              "can_compile": [
                {
                  "Err": "   Compiling proc-macro2 v1.0.95\n   Compiling libc v0.2.172\n   Compiling zerocopy v0.8.25\n   Compiling syn v1.0.109\n   Compiling serde v1.0.219\n   Compiling doc-comment v0.3.3\n   Compiling serde_json v1.0.140\n   Compiling quote v1.0.40\n   Compiling getrandom v0.2.16\n   Compiling rand_core v0.6.4\n   Compiling ppv-lite86 v0.2.21\n   Compiling rand_chacha v0.3.1\n   Compiling rand v0.8.5\n   Compiling quickcheck v1.0.3\n   Compiling ntest_test_cases v0.9.3\n   Compiling ntest_timeout v0.9.3\n   Compiling ntest v0.9.3\n   Compiling http v1.3.1 (/home/abezbm/rust-utgen-test-crates-new/http)\nwarning: unused import: `ntest::timeout`\n    --> src/header/map.rs:3907:8\n     |\n3907 |    use ntest::timeout;\n     |        ^^^^^^^^^^^^^^\n     |\n     = note: `#[warn(unused_imports)]` on by default\n\nwarning: unused import: `self::StandardHeader::Vary`\n    --> src/header/name.rs:1676:9\n     |\n1676 |     use self::StandardHeader::Vary;\n     |         ^^^^^^^^^^^^^^^^^^^^^^^^^^\n\nwarning: unused import: `super::*`\n   --> src/header/value.rs:481:9\n    |\n481 |     use super::*;\n    |         ^^^^^^^^\n\nwarning: unused import: `crate::header::map::HeaderMap`\n   --> src/header/value.rs:482:9\n    |\n482 |     use crate::header::map::HeaderMap;\n    |         ^^^^^^^^^^^^^^^^^^^^^^^^^^^^^\n\nwarning: unused import: `crate::header::name`\n   --> src/header/value.rs:483:9\n    |\n483 |     use crate::header::name;\n    |         ^^^^^^^^^^^^^^^^^^^\n\nwarning: unused import: `super::*`\n   --> src/header/value.rs:568:9\n    |\n568 |     use super::*;\n    |         ^^^^^^^^\n\nwarning: unused import: `crate::header::name`\n   --> src/header/value.rs:569:9\n    |\n569 |     use crate::header::name;\n    |         ^^^^^^^^^^^^^^^^^^^\n\nwarning: unused import: `super::*`\n   --> src/method.rs:424:9\n    |\n424 |     use super::*;\n    |         ^^^^^^^^\n\nwarning: unused import: `super::*`\n    --> src/request.rs:1063:9\n     |\n1063 |     use super::*;\n     |         ^^^^^^^^\n\nwarning: unused import: `super::*`\n   --> src/response.rs:776:9\n    |\n776 |     use super::*;\n    |         ^^^^^^^^\n\nwarning: unused import: `super::*`\n   --> src/uri/authority.rs:533:9\n    |\n533 |     use super::*;\n    |         ^^^^^^^^\n\nwarning: unused import: `super::*`\n   --> src/uri/builder.rs:165:9\n    |\n165 |     use super::*;\n    |         ^^^^^^^^\n\nwarning: unused import: `super::*`\n   --> src/uri/port.rs:115:9\n    |\n115 |     use super::*;\n    |         ^^^^^^^^\n\nwarning: unused import: `super::*`\n   --> src/error.rs:143:9\n    |\n143 |     use super::*;\n    |         ^^^^^^^^\n\nwarning: unused import: `super::*`\n   --> src/lib.rs:197:9\n    |\n197 |     use super::*;\n    |         ^^^^^^^^\n\nerror[E0277]: the trait bound `llmtests::Danger: Default` is not satisfied\n    --> src/header/map.rs:3912:5\n     |\n3908 | #[derive(Default)]\n     |          ------- in this derive macro expansion\n...\n3912 |     danger: Danger,\n     |     ^^^^^^^^^^^^^^ the trait `Default` is not implemented for `llmtests::Danger`\n     |\n     = note: this error originates in the derive macro `Default` (in Nightly builds, run with -Z macro-backtrace for more info)\n\nerror[E0277]: the trait bound `llmtests::Pos: Clone` is not satisfied\n    --> src/header/map.rs:3940:27\n     |\n3940 |             indices: vec![Pos::none(); 10], // Initialized with 10 positions\n     |                      -----^^^^^^^^^^^-----\n     |                      |    |\n     |                      |    the trait `Clone` is not implemented for `llmtests::Pos`\n     |                      required by a bound introduced by this call\n     |\nnote: required by a bound in `from_elem`\n    --> /home/abezbm/.rustup/toolchains/nightly-2024-07-21-x86_64-unknown-linux-gnu/lib/rustlib/src/rust/library/alloc/src/vec/mod.rs:2743:21\n     |\n2743 | pub fn from_elem<T: Clone>(elem: T, n: usize) -> Vec<T> {\n     |                     ^^^^^ required by this bound in `from_elem`\nhelp: consider annotating `llmtests::Pos` with `#[derive(Clone)]`\n     |\n3917 + #[derive(Clone)]\n3918 | struct Pos {\n     |\n\nerror[E0369]: binary operation `==` cannot be applied to type `llmtests::Pos`\n    --> src/header/map.rs:3971:43\n     |\n3971 |     assert!(map.indices.iter().all(|e| *e == Pos::none()));\n     |                                        -- ^^ ----------- llmtests::Pos\n     |                                        |\n     |                                        llmtests::Pos\n     |\nnote: an implementation of `PartialEq` might be missing for `llmtests::Pos`\n    --> src/header/map.rs:3917:1\n     |\n3917 | struct Pos {\n     | ^^^^^^^^^^ must implement `PartialEq`\nhelp: consider annotating `llmtests::Pos` with `#[derive(PartialEq)]`\n     |\n3917 + #[derive(PartialEq)]\n3918 | struct Pos {\n     |\n\nSome errors have detailed explanations: E0277, E0369.\nFor more information about an error, try `rustc --explain E0277`.\nwarning: `http` (lib test) generated 15 warnings\nerror: could not compile `http` (lib test) due to 3 previous errors; 15 warnings emitted\n"
                }
              ],
              "repaired": [
                false
              ]
            }
          ]
        }
      ]
    },
    {
      "chain_id": 2,
      "prompt_conds": [
        "// constraint: e in self.indices.iter_mut() is false\n"
      ],
      "input_infer": "",
      "answers": [
        {
          "uses": [
            "use http::header::USER_AGENT;",
            "use http::HeaderMap;",
            "use http::header::CONTENT_TYPE;",
            "use http::header::HOST;"
          ],
          "has_test_mod": false,
          "common": [],
          "chain_tests": [
            {
              "attrs": [],
              "prefix": [],
              "oracles": [],
              "codes": [
                [
                  "{",
                  "    use http::HeaderMap;",
                  "    use http::header::HOST;",
                  "",
                  "    let mut map = HeaderMap::new();",
                  "    map.clear();",
                  "    assert!(map.is_empty());",
                  "    assert!(map.capacity() > 0);",
                  "}"
                ]
              ],
              "can_compile": [
                {
                  "Err": "   Compiling proc-macro2 v1.0.95\n   Compiling libc v0.2.172\n   Compiling zerocopy v0.8.25\n   Compiling syn v1.0.109\n   Compiling serde v1.0.219\n   Compiling doc-comment v0.3.3\n   Compiling serde_json v1.0.140\n   Compiling quote v1.0.40\n   Compiling getrandom v0.2.16\n   Compiling rand_core v0.6.4\n   Compiling ppv-lite86 v0.2.21\n   Compiling rand_chacha v0.3.1\n   Compiling rand v0.8.5\n   Compiling quickcheck v1.0.3\n   Compiling ntest_test_cases v0.9.3\n   Compiling ntest_timeout v0.9.3\n   Compiling ntest v0.9.3\n   Compiling http v1.3.1 (/home/abezbm/rust-utgen-test-crates-new/http)\nerror[E0433]: failed to resolve: use of undeclared crate or module `http`\n    --> src/header/map.rs:3912:9\n     |\n3912 |     use http::header::HOST;\n     |         ^^^^ use of undeclared crate or module `http`\n\nerror[E0432]: unresolved import `http`\n    --> src/header/map.rs:3911:9\n     |\n3911 |     use http::HeaderMap;\n     |         ^^^^ use of undeclared crate or module `http`\n\nwarning: unused import: `super::*`\n    --> src/header/map.rs:3906:8\n     |\n3906 |    use super::*;\n     |        ^^^^^^^^\n     |\n     = note: `#[warn(unused_imports)]` on by default\n\nwarning: unused import: `ntest::timeout`\n    --> src/header/map.rs:3907:8\n     |\n3907 |    use ntest::timeout;\n     |        ^^^^^^^^^^^^^^\n\nwarning: unused import: `self::StandardHeader::Vary`\n    --> src/header/name.rs:1676:9\n     |\n1676 |     use self::StandardHeader::Vary;\n     |         ^^^^^^^^^^^^^^^^^^^^^^^^^^\n\nwarning: unused import: `super::*`\n   --> src/header/value.rs:481:9\n    |\n481 |     use super::*;\n    |         ^^^^^^^^\n\nwarning: unused import: `crate::header::map::HeaderMap`\n   --> src/header/value.rs:482:9\n    |\n482 |     use crate::header::map::HeaderMap;\n    |         ^^^^^^^^^^^^^^^^^^^^^^^^^^^^^\n\nwarning: unused import: `crate::header::name`\n   --> src/header/value.rs:483:9\n    |\n483 |     use crate::header::name;\n    |         ^^^^^^^^^^^^^^^^^^^\n\nwarning: unused import: `super::*`\n   --> src/header/value.rs:568:9\n    |\n568 |     use super::*;\n    |         ^^^^^^^^\n\nwarning: unused import: `crate::header::name`\n   --> src/header/value.rs:569:9\n    |\n569 |     use crate::header::name;\n    |         ^^^^^^^^^^^^^^^^^^^\n\nwarning: unused import: `super::*`\n   --> src/method.rs:424:9\n    |\n424 |     use super::*;\n    |         ^^^^^^^^\n\nwarning: unused import: `super::*`\n    --> src/request.rs:1063:9\n     |\n1063 |     use super::*;\n     |         ^^^^^^^^\n\nwarning: unused import: `super::*`\n   --> src/response.rs:776:9\n    |\n776 |     use super::*;\n    |         ^^^^^^^^\n\nwarning: unused import: `super::*`\n   --> src/uri/authority.rs:533:9\n    |\n533 |     use super::*;\n    |         ^^^^^^^^\n\nwarning: unused import: `super::*`\n   --> src/uri/builder.rs:165:9\n    |\n165 |     use super::*;\n    |         ^^^^^^^^\n\nwarning: unused import: `super::*`\n   --> src/uri/port.rs:115:9\n    |\n115 |     use super::*;\n    |         ^^^^^^^^\n\nwarning: unused import: `super::*`\n   --> src/error.rs:143:9\n    |\n143 |     use super::*;\n    |         ^^^^^^^^\n\nwarning: unused import: `super::*`\n   --> src/lib.rs:197:9\n    |\n197 |     use super::*;\n    |         ^^^^^^^^\n\nSome errors have detailed explanations: E0432, E0433.\nFor more information about an error, try `rustc --explain E0432`.\nwarning: `http` (lib test) generated 16 warnings\nerror: could not compile `http` (lib test) due to 2 previous errors; 16 warnings emitted\n"
                }
              ],
              "repaired": [
                false
              ]
            },
            {
              "attrs": [],
              "prefix": [],
              "oracles": [],
              "codes": [
                [
                  "{",
                  "    use http::HeaderMap;",
                  "    use http::header::{HOST, USER_AGENT};",
                  "",
                  "    let mut map = HeaderMap::new();",
                  "    map.insert(HOST, \"example.com\".parse().unwrap());",
                  "    map.insert(USER_AGENT, \"test-agent\".parse().unwrap());",
                  "",
                  "    map.clear();",
                  "    assert!(map.is_empty());",
                  "    assert!(map.capacity() > 0);",
                  "}"
                ]
              ],
              "can_compile": [
                {
                  "Err": "   Compiling proc-macro2 v1.0.95\n   Compiling libc v0.2.172\n   Compiling zerocopy v0.8.25\n   Compiling syn v1.0.109\n   Compiling serde v1.0.219\n   Compiling serde_json v1.0.140\n   Compiling doc-comment v0.3.3\n   Compiling quote v1.0.40\n   Compiling getrandom v0.2.16\n   Compiling rand_core v0.6.4\n   Compiling ppv-lite86 v0.2.21\n   Compiling rand_chacha v0.3.1\n   Compiling rand v0.8.5\n   Compiling quickcheck v1.0.3\n   Compiling ntest_test_cases v0.9.3\n   Compiling ntest_timeout v0.9.3\n   Compiling ntest v0.9.3\n   Compiling http v1.3.1 (/home/abezbm/rust-utgen-test-crates-new/http)\nerror[E0433]: failed to resolve: use of undeclared crate or module `http`\n    --> src/header/map.rs:3912:9\n     |\n3912 |     use http::header::{HOST, USER_AGENT};\n     |         ^^^^ use of undeclared crate or module `http`\n\nerror[E0432]: unresolved import `http`\n    --> src/header/map.rs:3911:9\n     |\n3911 |     use http::HeaderMap;\n     |         ^^^^ use of undeclared crate or module `http`\n\nwarning: unused import: `super::*`\n    --> src/header/map.rs:3906:8\n     |\n3906 |    use super::*;\n     |        ^^^^^^^^\n     |\n     = note: `#[warn(unused_imports)]` on by default\n\nwarning: unused import: `ntest::timeout`\n    --> src/header/map.rs:3907:8\n     |\n3907 |    use ntest::timeout;\n     |        ^^^^^^^^^^^^^^\n\nwarning: unused import: `self::StandardHeader::Vary`\n    --> src/header/name.rs:1676:9\n     |\n1676 |     use self::StandardHeader::Vary;\n     |         ^^^^^^^^^^^^^^^^^^^^^^^^^^\n\nwarning: unused import: `super::*`\n   --> src/header/value.rs:481:9\n    |\n481 |     use super::*;\n    |         ^^^^^^^^\n\nwarning: unused import: `crate::header::map::HeaderMap`\n   --> src/header/value.rs:482:9\n    |\n482 |     use crate::header::map::HeaderMap;\n    |         ^^^^^^^^^^^^^^^^^^^^^^^^^^^^^\n\nwarning: unused import: `crate::header::name`\n   --> src/header/value.rs:483:9\n    |\n483 |     use crate::header::name;\n    |         ^^^^^^^^^^^^^^^^^^^\n\nwarning: unused import: `super::*`\n   --> src/header/value.rs:568:9\n    |\n568 |     use super::*;\n    |         ^^^^^^^^\n\nwarning: unused import: `crate::header::name`\n   --> src/header/value.rs:569:9\n    |\n569 |     use crate::header::name;\n    |         ^^^^^^^^^^^^^^^^^^^\n\nwarning: unused import: `super::*`\n   --> src/method.rs:424:9\n    |\n424 |     use super::*;\n    |         ^^^^^^^^\n\nwarning: unused import: `super::*`\n    --> src/request.rs:1063:9\n     |\n1063 |     use super::*;\n     |         ^^^^^^^^\n\nwarning: unused import: `super::*`\n   --> src/response.rs:776:9\n    |\n776 |     use super::*;\n    |         ^^^^^^^^\n\nwarning: unused import: `super::*`\n   --> src/uri/authority.rs:533:9\n    |\n533 |     use super::*;\n    |         ^^^^^^^^\n\nwarning: unused import: `super::*`\n   --> src/uri/builder.rs:165:9\n    |\n165 |     use super::*;\n    |         ^^^^^^^^\n\nwarning: unused import: `super::*`\n   --> src/uri/port.rs:115:9\n    |\n115 |     use super::*;\n    |         ^^^^^^^^\n\nwarning: unused import: `super::*`\n   --> src/error.rs:143:9\n    |\n143 |     use super::*;\n    |         ^^^^^^^^\n\nwarning: unused import: `super::*`\n   --> src/lib.rs:197:9\n    |\n197 |     use super::*;\n    |         ^^^^^^^^\n\nSome errors have detailed explanations: E0432, E0433.\nFor more information about an error, try `rustc --explain E0432`.\nwarning: `http` (lib test) generated 16 warnings\nerror: could not compile `http` (lib test) due to 2 previous errors; 16 warnings emitted\n"
                }
              ],
              "repaired": [
                false
              ]
            },
            {
              "attrs": [],
              "prefix": [],
              "oracles": [],
              "codes": [
                [
                  "{",
                  "    use http::HeaderMap;",
                  "    use http::header::{HOST, CONTENT_TYPE};",
                  "",
                  "    let mut map = HeaderMap::new();",
                  "    for i in 0..1000 {",
                  "        map.insert(",
                  "            HOST,",
                  "            format!(\"example{}.com\", i).parse().unwrap(),",
                  "        );",
                  "        map.insert(",
                  "            CONTENT_TYPE,",
                  "            format!(\"text/plain; charset=utf-{}\", i).parse().unwrap(),",
                  "        );",
                  "    }",
                  "",
                  "    map.clear();",
                  "    assert!(map.is_empty());",
                  "    assert!(map.capacity() > 0);",
                  "}"
                ]
              ],
              "can_compile": [
                {
                  "Err": "   Compiling libc v0.2.172\n   Compiling proc-macro2 v1.0.95\n   Compiling zerocopy v0.8.25\n   Compiling syn v1.0.109\n   Compiling serde v1.0.219\n   Compiling doc-comment v0.3.3\n   Compiling serde_json v1.0.140\n   Compiling quote v1.0.40\n   Compiling getrandom v0.2.16\n   Compiling rand_core v0.6.4\n   Compiling ppv-lite86 v0.2.21\n   Compiling rand_chacha v0.3.1\n   Compiling rand v0.8.5\n   Compiling quickcheck v1.0.3\n   Compiling ntest_test_cases v0.9.3\n   Compiling ntest_timeout v0.9.3\n   Compiling ntest v0.9.3\n   Compiling http v1.3.1 (/home/abezbm/rust-utgen-test-crates-new/http)\nerror[E0433]: failed to resolve: use of undeclared crate or module `http`\n    --> src/header/map.rs:3912:9\n     |\n3912 |     use http::header::{HOST, CONTENT_TYPE};\n     |         ^^^^ use of undeclared crate or module `http`\n\nerror[E0432]: unresolved import `http`\n    --> src/header/map.rs:3911:9\n     |\n3911 |     use http::HeaderMap;\n     |         ^^^^ use of undeclared crate or module `http`\n\nwarning: unused import: `super::*`\n    --> src/header/map.rs:3906:8\n     |\n3906 |    use super::*;\n     |        ^^^^^^^^\n     |\n     = note: `#[warn(unused_imports)]` on by default\n\nwarning: unused import: `ntest::timeout`\n    --> src/header/map.rs:3907:8\n     |\n3907 |    use ntest::timeout;\n     |        ^^^^^^^^^^^^^^\n\nwarning: unused import: `self::StandardHeader::Vary`\n    --> src/header/name.rs:1676:9\n     |\n1676 |     use self::StandardHeader::Vary;\n     |         ^^^^^^^^^^^^^^^^^^^^^^^^^^\n\nwarning: unused import: `super::*`\n   --> src/header/value.rs:481:9\n    |\n481 |     use super::*;\n    |         ^^^^^^^^\n\nwarning: unused import: `crate::header::map::HeaderMap`\n   --> src/header/value.rs:482:9\n    |\n482 |     use crate::header::map::HeaderMap;\n    |         ^^^^^^^^^^^^^^^^^^^^^^^^^^^^^\n\nwarning: unused import: `crate::header::name`\n   --> src/header/value.rs:483:9\n    |\n483 |     use crate::header::name;\n    |         ^^^^^^^^^^^^^^^^^^^\n\nwarning: unused import: `super::*`\n   --> src/header/value.rs:568:9\n    |\n568 |     use super::*;\n    |         ^^^^^^^^\n\nwarning: unused import: `crate::header::name`\n   --> src/header/value.rs:569:9\n    |\n569 |     use crate::header::name;\n    |         ^^^^^^^^^^^^^^^^^^^\n\nwarning: unused import: `super::*`\n   --> src/method.rs:424:9\n    |\n424 |     use super::*;\n    |         ^^^^^^^^\n\nwarning: unused import: `super::*`\n    --> src/request.rs:1063:9\n     |\n1063 |     use super::*;\n     |         ^^^^^^^^\n\nwarning: unused import: `super::*`\n   --> src/response.rs:776:9\n    |\n776 |     use super::*;\n    |         ^^^^^^^^\n\nwarning: unused import: `super::*`\n   --> src/uri/authority.rs:533:9\n    |\n533 |     use super::*;\n    |         ^^^^^^^^\n\nwarning: unused import: `super::*`\n   --> src/uri/builder.rs:165:9\n    |\n165 |     use super::*;\n    |         ^^^^^^^^\n\nwarning: unused import: `super::*`\n   --> src/uri/port.rs:115:9\n    |\n115 |     use super::*;\n    |         ^^^^^^^^\n\nwarning: unused import: `super::*`\n   --> src/error.rs:143:9\n    |\n143 |     use super::*;\n    |         ^^^^^^^^\n\nwarning: unused import: `super::*`\n   --> src/lib.rs:197:9\n    |\n197 |     use super::*;\n    |         ^^^^^^^^\n\nSome errors have detailed explanations: E0432, E0433.\nFor more information about an error, try `rustc --explain E0432`.\nwarning: `http` (lib test) generated 16 warnings\nerror: could not compile `http` (lib test) due to 2 previous errors; 16 warnings emitted\n"
                }
              ],
              "repaired": [
                false
              ]
            },
            {
              "attrs": [],
              "prefix": [],
              "oracles": [],
              "codes": [
                [
                  "{",
                  "    use http::HeaderMap;",
                  "",
                  "    let mut map = HeaderMap::new();",
                  "    map.clear(); // Already empty, should not panic",
                  "    assert!(map.is_empty());",
                  "    assert!(map.capacity() > 0);",
                  "}"
                ]
              ],
              "can_compile": [
                {
                  "Err": "   Compiling libc v0.2.172\n   Compiling proc-macro2 v1.0.95\n   Compiling zerocopy v0.8.25\n   Compiling syn v1.0.109\n   Compiling serde v1.0.219\n   Compiling doc-comment v0.3.3\n   Compiling serde_json v1.0.140\n   Compiling quote v1.0.40\n   Compiling getrandom v0.2.16\n   Compiling rand_core v0.6.4\n   Compiling ppv-lite86 v0.2.21\n   Compiling rand_chacha v0.3.1\n   Compiling rand v0.8.5\n   Compiling quickcheck v1.0.3\n   Compiling ntest_timeout v0.9.3\n   Compiling ntest_test_cases v0.9.3\n   Compiling ntest v0.9.3\n   Compiling http v1.3.1 (/home/abezbm/rust-utgen-test-crates-new/http)\nerror[E0432]: unresolved import `http`\n    --> src/header/map.rs:3911:9\n     |\n3911 |     use http::HeaderMap;\n     |         ^^^^ use of undeclared crate or module `http`\n\nwarning: unused import: `super::*`\n    --> src/header/map.rs:3906:8\n     |\n3906 |    use super::*;\n     |        ^^^^^^^^\n     |\n     = note: `#[warn(unused_imports)]` on by default\n\nwarning: unused import: `ntest::timeout`\n    --> src/header/map.rs:3907:8\n     |\n3907 |    use ntest::timeout;\n     |        ^^^^^^^^^^^^^^\n\nwarning: unused import: `self::StandardHeader::Vary`\n    --> src/header/name.rs:1676:9\n     |\n1676 |     use self::StandardHeader::Vary;\n     |         ^^^^^^^^^^^^^^^^^^^^^^^^^^\n\nwarning: unused import: `super::*`\n   --> src/header/value.rs:481:9\n    |\n481 |     use super::*;\n    |         ^^^^^^^^\n\nwarning: unused import: `crate::header::map::HeaderMap`\n   --> src/header/value.rs:482:9\n    |\n482 |     use crate::header::map::HeaderMap;\n    |         ^^^^^^^^^^^^^^^^^^^^^^^^^^^^^\n\nwarning: unused import: `crate::header::name`\n   --> src/header/value.rs:483:9\n    |\n483 |     use crate::header::name;\n    |         ^^^^^^^^^^^^^^^^^^^\n\nwarning: unused import: `super::*`\n   --> src/header/value.rs:568:9\n    |\n568 |     use super::*;\n    |         ^^^^^^^^\n\nwarning: unused import: `crate::header::name`\n   --> src/header/value.rs:569:9\n    |\n569 |     use crate::header::name;\n    |         ^^^^^^^^^^^^^^^^^^^\n\nwarning: unused import: `super::*`\n   --> src/method.rs:424:9\n    |\n424 |     use super::*;\n    |         ^^^^^^^^\n\nwarning: unused import: `super::*`\n    --> src/request.rs:1063:9\n     |\n1063 |     use super::*;\n     |         ^^^^^^^^\n\nwarning: unused import: `super::*`\n   --> src/response.rs:776:9\n    |\n776 |     use super::*;\n    |         ^^^^^^^^\n\nwarning: unused import: `super::*`\n   --> src/uri/authority.rs:533:9\n    |\n533 |     use super::*;\n    |         ^^^^^^^^\n\nwarning: unused import: `super::*`\n   --> src/uri/builder.rs:165:9\n    |\n165 |     use super::*;\n    |         ^^^^^^^^\n\nwarning: unused import: `super::*`\n   --> src/uri/port.rs:115:9\n    |\n115 |     use super::*;\n    |         ^^^^^^^^\n\nwarning: unused import: `super::*`\n   --> src/error.rs:143:9\n    |\n143 |     use super::*;\n    |         ^^^^^^^^\n\nwarning: unused import: `super::*`\n   --> src/lib.rs:197:9\n    |\n197 |     use super::*;\n    |         ^^^^^^^^\n\nFor more information about this error, try `rustc --explain E0432`.\nwarning: `http` (lib test) generated 16 warnings\nerror: could not compile `http` (lib test) due to 1 previous error; 16 warnings emitted\n"
                }
              ],
              "repaired": [
                false
              ]
            }
          ]
        }
      ]
    }
  ]
}