{
  "name": "http::response::response::Builder::and_then",
  "name_with_impl": "http::response::{impl#6}::and_then",
  "mod_info": {
    "name": "response",
    "loc": "src/lib.rs:175:1:175:18"
  },
  "visible": false,
  "loc": "src/response.rs:755:5:762:6",
  "fn_tests": [
    {
      "chain_id": 1,
      "prompt_conds": [
        "// expected return value/type: Builder {\n            inner: self.inner.and_then(func),\n        }\n"
      ],
      "input_infer": "",
      "answers": [
        {
          "uses": [],
          "has_test_mod": false,
          "common": [
            "#[derive(Debug)]",
            "struct Parts;",
            "",
            "#[derive(Debug)]",
            "struct Inner {",
            "    value: Option<Parts>,",
            "}",
            "",
            "impl Inner {",
            "    fn and_then<F>(&self, func: F) -> Result<Parts, &'static str>",
            "    where",
            "        F: FnOnce(Parts) -> Result<Parts, &'static str>,",
            "    {",
            "        match &self.value {",
            "            Some(parts) => func(parts.clone()),",
            "            None => Err(\"Inner is None\"),",
            "        }",
            "    }",
            "}",
            "",
            "#[derive(Debug)]",
            "struct Builder {",
            "    inner: Inner,",
            "}",
            "",
            "impl Builder {",
            "    fn new(inner: Inner) -> Self {",
            "        Builder { inner }",
            "    }",
            "",
            "    fn and_then<F>(self, func: F) -> Self",
            "    where",
            "        F: FnOnce(Parts) -> Result<Parts, &'static str>,",
            "    {",
            "        Builder {",
            "            inner: self.inner.and_then(func).unwrap_or_else(|_| Parts),",
            "        }",
            "    }",
            "}"
          ],
          "chain_tests": [
            {
              "attrs": [],
              "prefix": [],
              "oracles": [],
              "codes": [
                [
                  "{",
                  "    let parts = Parts;",
                  "    let inner = Inner { value: Some(parts) };",
                  "    let builder = Builder::new(inner);",
                  "",
                  "    let new_builder = builder.and_then(|_| Ok(Parts));",
                  "    assert!(new_builder.inner.value.is_some());",
                  "}"
                ]
              ],
              "can_compile": [
                {
                  "Err": "   Compiling proc-macro2 v1.0.95\n   Compiling libc v0.2.172\n   Compiling zerocopy v0.8.25\n   Compiling syn v1.0.109\n   Compiling serde v1.0.219\n   Compiling doc-comment v0.3.3\n   Compiling serde_json v1.0.140\n   Compiling quote v1.0.40\n   Compiling getrandom v0.2.16\n   Compiling rand_core v0.6.4\n   Compiling ppv-lite86 v0.2.21\n   Compiling rand_chacha v0.3.1\n   Compiling rand v0.8.5\n   Compiling quickcheck v1.0.3\n   Compiling ntest_timeout v0.9.3\n   Compiling ntest_test_cases v0.9.3\n   Compiling ntest v0.9.3\n   Compiling http v1.3.1 (/home/abezbm/rust-utgen-test-crates-new/http)\nwarning: unused import: `self::StandardHeader::Vary`\n    --> src/header/name.rs:1676:9\n     |\n1676 |     use self::StandardHeader::Vary;\n     |         ^^^^^^^^^^^^^^^^^^^^^^^^^^\n     |\n     = note: `#[warn(unused_imports)]` on by default\n\nwarning: unused import: `super::*`\n   --> src/header/value.rs:481:9\n    |\n481 |     use super::*;\n    |         ^^^^^^^^\n\nwarning: unused import: `crate::header::map::HeaderMap`\n   --> src/header/value.rs:482:9\n    |\n482 |     use crate::header::map::HeaderMap;\n    |         ^^^^^^^^^^^^^^^^^^^^^^^^^^^^^\n\nwarning: unused import: `crate::header::name`\n   --> src/header/value.rs:483:9\n    |\n483 |     use crate::header::name;\n    |         ^^^^^^^^^^^^^^^^^^^\n\nwarning: unused import: `super::*`\n   --> src/header/value.rs:568:9\n    |\n568 |     use super::*;\n    |         ^^^^^^^^\n\nwarning: unused import: `crate::header::name`\n   --> src/header/value.rs:569:9\n    |\n569 |     use crate::header::name;\n    |         ^^^^^^^^^^^^^^^^^^^\n\nwarning: unused import: `super::*`\n   --> src/method.rs:424:9\n    |\n424 |     use super::*;\n    |         ^^^^^^^^\n\nwarning: unused import: `super::*`\n    --> src/request.rs:1063:9\n     |\n1063 |     use super::*;\n     |         ^^^^^^^^\n\nwarning: unused import: `super::*`\n   --> src/response.rs:776:9\n    |\n776 |     use super::*;\n    |         ^^^^^^^^\n\nwarning: unused import: `ntest::timeout`\n   --> src/response.rs:791:8\n    |\n791 |    use ntest::timeout;\n    |        ^^^^^^^^^^^^^^\n\nwarning: unused import: `super::*`\n   --> src/uri/authority.rs:533:9\n    |\n533 |     use super::*;\n    |         ^^^^^^^^\n\nwarning: unused import: `super::*`\n   --> src/uri/builder.rs:165:9\n    |\n165 |     use super::*;\n    |         ^^^^^^^^\n\nwarning: unused import: `super::*`\n   --> src/uri/port.rs:115:9\n    |\n115 |     use super::*;\n    |         ^^^^^^^^\n\nwarning: unused import: `super::*`\n   --> src/error.rs:143:9\n    |\n143 |     use super::*;\n    |         ^^^^^^^^\n\nwarning: unused import: `super::*`\n   --> src/lib.rs:197:9\n    |\n197 |     use super::*;\n    |         ^^^^^^^^\n\nerror[E0107]: type alias takes 1 generic argument but 2 generic arguments were supplied\n   --> src/response.rs:801:39\n    |\n801 |     fn and_then<F>(&self, func: F) -> Result<Parts, &'static str>\n    |                                       ^^^^^^        ------------ help: remove this generic argument\n    |                                       |\n    |                                       expected 1 generic argument\n    |\nnote: type alias defined here, with 1 generic parameter: `T`\n   --> src/error.rs:22:10\n    |\n22  | pub type Result<T> = result::Result<T, Error>;\n    |          ^^^^^^ -\n\nerror[E0107]: type alias takes 1 generic argument but 2 generic arguments were supplied\n   --> src/response.rs:803:29\n    |\n803 |         F: FnOnce(Parts) -> Result<Parts, &'static str>,\n    |                             ^^^^^^        ------------ help: remove this generic argument\n    |                             |\n    |                             expected 1 generic argument\n    |\nnote: type alias defined here, with 1 generic parameter: `T`\n   --> src/error.rs:22:10\n    |\n22  | pub type Result<T> = result::Result<T, Error>;\n    |          ^^^^^^ -\n\nerror[E0107]: type alias takes 1 generic argument but 2 generic arguments were supplied\n   --> src/response.rs:824:29\n    |\n824 |         F: FnOnce(Parts) -> Result<Parts, &'static str>,\n    |                             ^^^^^^        ------------ help: remove this generic argument\n    |                             |\n    |                             expected 1 generic argument\n    |\nnote: type alias defined here, with 1 generic parameter: `T`\n   --> src/error.rs:22:10\n    |\n22  | pub type Result<T> = result::Result<T, Error>;\n    |          ^^^^^^ -\n\nerror[E0308]: mismatched types\n   --> src/response.rs:806:33\n    |\n806 |             Some(parts) => func(parts.clone()),\n    |                            ---- ^^^^^^^^^^^^^ expected `Parts`, found `&Parts`\n    |                            |\n    |                            arguments to this function are incorrect\n    |\nnote: `llmtests::Parts` does not implement `Clone`, so `&llmtests::Parts` was cloned instead\n   --> src/response.rs:806:33\n    |\n806 |             Some(parts) => func(parts.clone()),\n    |                                 ^^^^^\nnote: callable defined here\n   --> src/response.rs:803:12\n    |\n803 |         F: FnOnce(Parts) -> Result<Parts, &'static str>,\n    |            ^^^^^^^^^^^^^^^^^^^^^^^^^^^^^^^^^^^^^^^^^^^^\nhelp: consider annotating `llmtests::Parts` with `#[derive(Clone)]`\n    |\n793 + #[derive(Clone)]\n794 | struct Parts;\n    |\n\nerror[E0308]: mismatched types\n   --> src/response.rs:807:25\n    |\n807 |             None => Err(\"Inner is None\"),\n    |                     --- ^^^^^^^^^^^^^^^ expected `Error`, found `&str`\n    |                     |\n    |                     arguments to this enum variant are incorrect\n    |\nhelp: the type constructed contains `&'static str` due to the type of the argument passed\n   --> src/response.rs:807:21\n    |\n807 |             None => Err(\"Inner is None\"),\n    |                     ^^^^---------------^\n    |                         |\n    |                         this argument influences the type of `Err`\nnote: tuple variant defined here\n   --> /home/abezbm/.rustup/toolchains/nightly-2024-07-21-x86_64-unknown-linux-gnu/lib/rustlib/src/rust/library/core/src/result.rs:536:5\n    |\n536 |     Err(#[stable(feature = \"rust1\", since = \"1.0.0\")] E),\n    |     ^^^\n\nerror[E0308]: mismatched types\n   --> src/response.rs:827:20\n    |\n827 |             inner: self.inner.and_then(func).unwrap_or_else(|_| Parts),\n    |                    ^^^^^^^^^^^^^^^^^^^^^^^^^^^^^^^^^^^^^^^^^^^^^^^^^^^ expected `Inner`, found `Parts`\n\nSome errors have detailed explanations: E0107, E0308.\nFor more information about an error, try `rustc --explain E0107`.\nwarning: `http` (lib test) generated 15 warnings\nerror: could not compile `http` (lib test) due to 6 previous errors; 15 warnings emitted\n"
                }
              ],
              "repaired": [
                false
              ]
            },
            {
              "attrs": [],
              "prefix": [],
              "oracles": [],
              "codes": [
                [
                  "{",
                  "    let inner = Inner { value: None };",
                  "    let builder = Builder::new(inner);",
                  "",
                  "    let new_builder = builder.and_then(|_| Ok(Parts));",
                  "    assert!(new_builder.inner.value.is_some()); // Should still be some Parts",
                  "}"
                ]
              ],
              "can_compile": [
                {
                  "Err": "   Compiling libc v0.2.172\n   Compiling proc-macro2 v1.0.95\n   Compiling zerocopy v0.8.25\n   Compiling syn v1.0.109\n   Compiling serde v1.0.219\n   Compiling doc-comment v0.3.3\n   Compiling serde_json v1.0.140\n   Compiling quote v1.0.40\n   Compiling getrandom v0.2.16\n   Compiling rand_core v0.6.4\n   Compiling ppv-lite86 v0.2.21\n   Compiling rand_chacha v0.3.1\n   Compiling rand v0.8.5\n   Compiling quickcheck v1.0.3\n   Compiling ntest_test_cases v0.9.3\n   Compiling ntest_timeout v0.9.3\n   Compiling ntest v0.9.3\n   Compiling http v1.3.1 (/home/abezbm/rust-utgen-test-crates-new/http)\nwarning: unused import: `self::StandardHeader::Vary`\n    --> src/header/name.rs:1676:9\n     |\n1676 |     use self::StandardHeader::Vary;\n     |         ^^^^^^^^^^^^^^^^^^^^^^^^^^\n     |\n     = note: `#[warn(unused_imports)]` on by default\n\nwarning: unused import: `super::*`\n   --> src/header/value.rs:481:9\n    |\n481 |     use super::*;\n    |         ^^^^^^^^\n\nwarning: unused import: `crate::header::map::HeaderMap`\n   --> src/header/value.rs:482:9\n    |\n482 |     use crate::header::map::HeaderMap;\n    |         ^^^^^^^^^^^^^^^^^^^^^^^^^^^^^\n\nwarning: unused import: `crate::header::name`\n   --> src/header/value.rs:483:9\n    |\n483 |     use crate::header::name;\n    |         ^^^^^^^^^^^^^^^^^^^\n\nwarning: unused import: `super::*`\n   --> src/header/value.rs:568:9\n    |\n568 |     use super::*;\n    |         ^^^^^^^^\n\nwarning: unused import: `crate::header::name`\n   --> src/header/value.rs:569:9\n    |\n569 |     use crate::header::name;\n    |         ^^^^^^^^^^^^^^^^^^^\n\nwarning: unused import: `super::*`\n   --> src/method.rs:424:9\n    |\n424 |     use super::*;\n    |         ^^^^^^^^\n\nwarning: unused import: `super::*`\n    --> src/request.rs:1063:9\n     |\n1063 |     use super::*;\n     |         ^^^^^^^^\n\nwarning: unused import: `super::*`\n   --> src/response.rs:776:9\n    |\n776 |     use super::*;\n    |         ^^^^^^^^\n\nwarning: unused import: `ntest::timeout`\n   --> src/response.rs:791:8\n    |\n791 |    use ntest::timeout;\n    |        ^^^^^^^^^^^^^^\n\nwarning: unused import: `super::*`\n   --> src/uri/authority.rs:533:9\n    |\n533 |     use super::*;\n    |         ^^^^^^^^\n\nwarning: unused import: `super::*`\n   --> src/uri/builder.rs:165:9\n    |\n165 |     use super::*;\n    |         ^^^^^^^^\n\nwarning: unused import: `super::*`\n   --> src/uri/port.rs:115:9\n    |\n115 |     use super::*;\n    |         ^^^^^^^^\n\nwarning: unused import: `super::*`\n   --> src/error.rs:143:9\n    |\n143 |     use super::*;\n    |         ^^^^^^^^\n\nwarning: unused import: `super::*`\n   --> src/lib.rs:197:9\n    |\n197 |     use super::*;\n    |         ^^^^^^^^\n\nerror[E0107]: type alias takes 1 generic argument but 2 generic arguments were supplied\n   --> src/response.rs:801:39\n    |\n801 |     fn and_then<F>(&self, func: F) -> Result<Parts, &'static str>\n    |                                       ^^^^^^        ------------ help: remove this generic argument\n    |                                       |\n    |                                       expected 1 generic argument\n    |\nnote: type alias defined here, with 1 generic parameter: `T`\n   --> src/error.rs:22:10\n    |\n22  | pub type Result<T> = result::Result<T, Error>;\n    |          ^^^^^^ -\n\nerror[E0107]: type alias takes 1 generic argument but 2 generic arguments were supplied\n   --> src/response.rs:803:29\n    |\n803 |         F: FnOnce(Parts) -> Result<Parts, &'static str>,\n    |                             ^^^^^^        ------------ help: remove this generic argument\n    |                             |\n    |                             expected 1 generic argument\n    |\nnote: type alias defined here, with 1 generic parameter: `T`\n   --> src/error.rs:22:10\n    |\n22  | pub type Result<T> = result::Result<T, Error>;\n    |          ^^^^^^ -\n\nerror[E0107]: type alias takes 1 generic argument but 2 generic arguments were supplied\n   --> src/response.rs:824:29\n    |\n824 |         F: FnOnce(Parts) -> Result<Parts, &'static str>,\n    |                             ^^^^^^        ------------ help: remove this generic argument\n    |                             |\n    |                             expected 1 generic argument\n    |\nnote: type alias defined here, with 1 generic parameter: `T`\n   --> src/error.rs:22:10\n    |\n22  | pub type Result<T> = result::Result<T, Error>;\n    |          ^^^^^^ -\n\nerror[E0308]: mismatched types\n   --> src/response.rs:806:33\n    |\n806 |             Some(parts) => func(parts.clone()),\n    |                            ---- ^^^^^^^^^^^^^ expected `Parts`, found `&Parts`\n    |                            |\n    |                            arguments to this function are incorrect\n    |\nnote: `llmtests::Parts` does not implement `Clone`, so `&llmtests::Parts` was cloned instead\n   --> src/response.rs:806:33\n    |\n806 |             Some(parts) => func(parts.clone()),\n    |                                 ^^^^^\nnote: callable defined here\n   --> src/response.rs:803:12\n    |\n803 |         F: FnOnce(Parts) -> Result<Parts, &'static str>,\n    |            ^^^^^^^^^^^^^^^^^^^^^^^^^^^^^^^^^^^^^^^^^^^^\nhelp: consider annotating `llmtests::Parts` with `#[derive(Clone)]`\n    |\n793 + #[derive(Clone)]\n794 | struct Parts;\n    |\n\nerror[E0308]: mismatched types\n   --> src/response.rs:807:25\n    |\n807 |             None => Err(\"Inner is None\"),\n    |                     --- ^^^^^^^^^^^^^^^ expected `Error`, found `&str`\n    |                     |\n    |                     arguments to this enum variant are incorrect\n    |\nhelp: the type constructed contains `&'static str` due to the type of the argument passed\n   --> src/response.rs:807:21\n    |\n807 |             None => Err(\"Inner is None\"),\n    |                     ^^^^---------------^\n    |                         |\n    |                         this argument influences the type of `Err`\nnote: tuple variant defined here\n   --> /home/abezbm/.rustup/toolchains/nightly-2024-07-21-x86_64-unknown-linux-gnu/lib/rustlib/src/rust/library/core/src/result.rs:536:5\n    |\n536 |     Err(#[stable(feature = \"rust1\", since = \"1.0.0\")] E),\n    |     ^^^\n\nerror[E0308]: mismatched types\n   --> src/response.rs:827:20\n    |\n827 |             inner: self.inner.and_then(func).unwrap_or_else(|_| Parts),\n    |                    ^^^^^^^^^^^^^^^^^^^^^^^^^^^^^^^^^^^^^^^^^^^^^^^^^^^ expected `Inner`, found `Parts`\n\nSome errors have detailed explanations: E0107, E0308.\nFor more information about an error, try `rustc --explain E0107`.\nwarning: `http` (lib test) generated 15 warnings\nerror: could not compile `http` (lib test) due to 6 previous errors; 15 warnings emitted\n"
                }
              ],
              "repaired": [
                false
              ]
            },
            {
              "attrs": [],
              "prefix": [],
              "oracles": [],
              "codes": [
                [
                  "{",
                  "    let parts = Parts;",
                  "    let inner = Inner { value: Some(parts) };",
                  "    let builder = Builder::new(inner);",
                  "",
                  "    let result = std::panic::catch_unwind(|| {",
                  "        builder.and_then(|_| panic!(\"Simulated panic\"));",
                  "    });",
                  "",
                  "    assert!(result.is_err());",
                  "}"
                ]
              ],
              "can_compile": [
                {
                  "Err": "   Compiling proc-macro2 v1.0.95\n   Compiling libc v0.2.172\n   Compiling zerocopy v0.8.25\n   Compiling syn v1.0.109\n   Compiling serde v1.0.219\n   Compiling doc-comment v0.3.3\n   Compiling serde_json v1.0.140\n   Compiling quote v1.0.40\n   Compiling getrandom v0.2.16\n   Compiling rand_core v0.6.4\n   Compiling ppv-lite86 v0.2.21\n   Compiling rand_chacha v0.3.1\n   Compiling rand v0.8.5\n   Compiling quickcheck v1.0.3\n   Compiling ntest_test_cases v0.9.3\n   Compiling ntest_timeout v0.9.3\n   Compiling ntest v0.9.3\n   Compiling http v1.3.1 (/home/abezbm/rust-utgen-test-crates-new/http)\nwarning: unused import: `self::StandardHeader::Vary`\n    --> src/header/name.rs:1676:9\n     |\n1676 |     use self::StandardHeader::Vary;\n     |         ^^^^^^^^^^^^^^^^^^^^^^^^^^\n     |\n     = note: `#[warn(unused_imports)]` on by default\n\nwarning: unused import: `super::*`\n   --> src/header/value.rs:481:9\n    |\n481 |     use super::*;\n    |         ^^^^^^^^\n\nwarning: unused import: `crate::header::map::HeaderMap`\n   --> src/header/value.rs:482:9\n    |\n482 |     use crate::header::map::HeaderMap;\n    |         ^^^^^^^^^^^^^^^^^^^^^^^^^^^^^\n\nwarning: unused import: `crate::header::name`\n   --> src/header/value.rs:483:9\n    |\n483 |     use crate::header::name;\n    |         ^^^^^^^^^^^^^^^^^^^\n\nwarning: unused import: `super::*`\n   --> src/header/value.rs:568:9\n    |\n568 |     use super::*;\n    |         ^^^^^^^^\n\nwarning: unused import: `crate::header::name`\n   --> src/header/value.rs:569:9\n    |\n569 |     use crate::header::name;\n    |         ^^^^^^^^^^^^^^^^^^^\n\nwarning: unused import: `super::*`\n   --> src/method.rs:424:9\n    |\n424 |     use super::*;\n    |         ^^^^^^^^\n\nwarning: unused import: `super::*`\n    --> src/request.rs:1063:9\n     |\n1063 |     use super::*;\n     |         ^^^^^^^^\n\nwarning: unused import: `super::*`\n   --> src/response.rs:776:9\n    |\n776 |     use super::*;\n    |         ^^^^^^^^\n\nwarning: unused import: `ntest::timeout`\n   --> src/response.rs:791:8\n    |\n791 |    use ntest::timeout;\n    |        ^^^^^^^^^^^^^^\n\nwarning: unused import: `super::*`\n   --> src/uri/authority.rs:533:9\n    |\n533 |     use super::*;\n    |         ^^^^^^^^\n\nwarning: unused import: `super::*`\n   --> src/uri/builder.rs:165:9\n    |\n165 |     use super::*;\n    |         ^^^^^^^^\n\nwarning: unused import: `super::*`\n   --> src/uri/port.rs:115:9\n    |\n115 |     use super::*;\n    |         ^^^^^^^^\n\nwarning: unused import: `super::*`\n   --> src/error.rs:143:9\n    |\n143 |     use super::*;\n    |         ^^^^^^^^\n\nwarning: unused import: `super::*`\n   --> src/lib.rs:197:9\n    |\n197 |     use super::*;\n    |         ^^^^^^^^\n\nerror[E0107]: type alias takes 1 generic argument but 2 generic arguments were supplied\n   --> src/response.rs:801:39\n    |\n801 |     fn and_then<F>(&self, func: F) -> Result<Parts, &'static str>\n    |                                       ^^^^^^        ------------ help: remove this generic argument\n    |                                       |\n    |                                       expected 1 generic argument\n    |\nnote: type alias defined here, with 1 generic parameter: `T`\n   --> src/error.rs:22:10\n    |\n22  | pub type Result<T> = result::Result<T, Error>;\n    |          ^^^^^^ -\n\nerror[E0107]: type alias takes 1 generic argument but 2 generic arguments were supplied\n   --> src/response.rs:803:29\n    |\n803 |         F: FnOnce(Parts) -> Result<Parts, &'static str>,\n    |                             ^^^^^^        ------------ help: remove this generic argument\n    |                             |\n    |                             expected 1 generic argument\n    |\nnote: type alias defined here, with 1 generic parameter: `T`\n   --> src/error.rs:22:10\n    |\n22  | pub type Result<T> = result::Result<T, Error>;\n    |          ^^^^^^ -\n\nerror[E0107]: type alias takes 1 generic argument but 2 generic arguments were supplied\n   --> src/response.rs:824:29\n    |\n824 |         F: FnOnce(Parts) -> Result<Parts, &'static str>,\n    |                             ^^^^^^        ------------ help: remove this generic argument\n    |                             |\n    |                             expected 1 generic argument\n    |\nnote: type alias defined here, with 1 generic parameter: `T`\n   --> src/error.rs:22:10\n    |\n22  | pub type Result<T> = result::Result<T, Error>;\n    |          ^^^^^^ -\n\nerror[E0308]: mismatched types\n   --> src/response.rs:806:33\n    |\n806 |             Some(parts) => func(parts.clone()),\n    |                            ---- ^^^^^^^^^^^^^ expected `Parts`, found `&Parts`\n    |                            |\n    |                            arguments to this function are incorrect\n    |\nnote: `llmtests::Parts` does not implement `Clone`, so `&llmtests::Parts` was cloned instead\n   --> src/response.rs:806:33\n    |\n806 |             Some(parts) => func(parts.clone()),\n    |                                 ^^^^^\nnote: callable defined here\n   --> src/response.rs:803:12\n    |\n803 |         F: FnOnce(Parts) -> Result<Parts, &'static str>,\n    |            ^^^^^^^^^^^^^^^^^^^^^^^^^^^^^^^^^^^^^^^^^^^^\nhelp: consider annotating `llmtests::Parts` with `#[derive(Clone)]`\n    |\n793 + #[derive(Clone)]\n794 | struct Parts;\n    |\n\nerror[E0308]: mismatched types\n   --> src/response.rs:807:25\n    |\n807 |             None => Err(\"Inner is None\"),\n    |                     --- ^^^^^^^^^^^^^^^ expected `Error`, found `&str`\n    |                     |\n    |                     arguments to this enum variant are incorrect\n    |\nhelp: the type constructed contains `&'static str` due to the type of the argument passed\n   --> src/response.rs:807:21\n    |\n807 |             None => Err(\"Inner is None\"),\n    |                     ^^^^---------------^\n    |                         |\n    |                         this argument influences the type of `Err`\nnote: tuple variant defined here\n   --> /home/abezbm/.rustup/toolchains/nightly-2024-07-21-x86_64-unknown-linux-gnu/lib/rustlib/src/rust/library/core/src/result.rs:536:5\n    |\n536 |     Err(#[stable(feature = \"rust1\", since = \"1.0.0\")] E),\n    |     ^^^\n\nerror[E0308]: mismatched types\n   --> src/response.rs:827:20\n    |\n827 |             inner: self.inner.and_then(func).unwrap_or_else(|_| Parts),\n    |                    ^^^^^^^^^^^^^^^^^^^^^^^^^^^^^^^^^^^^^^^^^^^^^^^^^^^ expected `Inner`, found `Parts`\n\nSome errors have detailed explanations: E0107, E0308.\nFor more information about an error, try `rustc --explain E0107`.\nwarning: `http` (lib test) generated 15 warnings\nerror: could not compile `http` (lib test) due to 6 previous errors; 15 warnings emitted\n"
                }
              ],
              "repaired": [
                false
              ]
            }
          ]
        }
      ]
    }
  ]
}