{
  "name": "once_cell::unsync::unsync::OnceCell<T>::get",
  "name_with_impl": "once_cell::unsync::{impl#8}::get",
  "mod_info": {
    "name": "unsync",
    "loc": "src/lib.rs:383:1:859:2"
  },
  "visible": true,
  "loc": "src/lib.rs:483:9:489:10",
  "fn_tests": [
    {
      "chain_id": 0,
      "prompt_conds": [],
      "input_infer": "",
      "answers": [
        {
          "uses": [],
          "has_test_mod": false,
          "common": [],
          "chain_tests": [
            {
              "attrs": [],
              "prefix": [],
              "oracles": [],
              "codes": [
                [
                  "{",
                  "    struct TestType;",
                  "    let cell: OnceCell<TestType> = OnceCell::new();",
                  "    assert_eq!(cell.get(), None);",
                  "}"
                ]
              ],
              "can_compile": [
                {
                  "Err": "   Compiling proc-macro2 v1.0.95\n   Compiling syn v1.0.109\n   Compiling quote v1.0.40\n   Compiling ntest_timeout v0.9.3\n   Compiling ntest_test_cases v0.9.3\n   Compiling ntest v0.9.3\n   Compiling once_cell v1.21.3 (/home/abezbm/rust-utgen-test-crates-new/once_cell)\nwarning: unused import: `std::panic`\n   --> src/imp_std.rs:292:9\n    |\n292 |     use std::panic;\n    |         ^^^^^^^^^^\n    |\n    = note: `#[warn(unused_imports)]` on by default\n\nwarning: unused imports: `sync::mpsc::channel` and `thread`\n   --> src/imp_std.rs:293:15\n    |\n293 |     use std::{sync::mpsc::channel, thread};\n    |               ^^^^^^^^^^^^^^^^^^^  ^^^^^^\n\nwarning: unused import: `ntest::timeout`\n   --> src/lib.rs:863:8\n    |\n863 |    use ntest::timeout;\n    |        ^^^^^^^^^^^^^^\n\nerror[E0369]: binary operation `==` cannot be applied to type `Option<&llmtests::test_get_00::TestType>`\n   --> src/lib.rs:869:5\n    |\n869 |     assert_eq!(cell.get(), None);\n    |     ^^^^^^^^^^^^^^^^^^^^^^^^^^^^\n    |     |\n    |     Option<&llmtests::test_get_00::TestType>\n    |     Option<&llmtests::test_get_00::TestType>\n    |\nnote: an implementation of `PartialEq` might be missing for `llmtests::test_get_00::TestType`\n   --> src/lib.rs:867:5\n    |\n867 |     struct TestType;\n    |     ^^^^^^^^^^^^^^^ must implement `PartialEq`\n    = note: this error originates in the macro `assert_eq` (in Nightly builds, run with -Z macro-backtrace for more info)\nhelp: consider annotating `llmtests::test_get_00::TestType` with `#[derive(PartialEq)]`\n    |\n867 +     #[derive(PartialEq)]\n868 |     struct TestType;\n    |\n\nerror[E0277]: `llmtests::test_get_00::TestType` doesn't implement `Debug`\n   --> src/lib.rs:869:5\n    |\n869 |     assert_eq!(cell.get(), None);\n    |     ^^^^^^^^^^^^^^^^^^^^^^^^^^^^ `llmtests::test_get_00::TestType` cannot be formatted using `{:?}`\n    |\n    = help: the trait `Debug` is not implemented for `llmtests::test_get_00::TestType`, which is required by `Option<&llmtests::test_get_00::TestType>: Debug`\n    = note: add `#[derive(Debug)]` to `llmtests::test_get_00::TestType` or manually `impl Debug for llmtests::test_get_00::TestType`\n    = help: the trait `Debug` is implemented for `Option<T>`\n    = note: this error originates in the macro `assert_eq` (in Nightly builds, run with -Z macro-backtrace for more info)\nhelp: consider annotating `llmtests::test_get_00::TestType` with `#[derive(Debug)]`\n    |\n867 +     #[derive(Debug)]\n868 |     struct TestType;\n    |\n\nSome errors have detailed explanations: E0277, E0369.\nFor more information about an error, try `rustc --explain E0277`.\nwarning: `once_cell` (lib test) generated 3 warnings\nerror: could not compile `once_cell` (lib test) due to 3 previous errors; 3 warnings emitted\n"
                }
              ],
              "repaired": [
                false
              ]
            },
            {
              "attrs": [],
              "prefix": [],
              "oracles": [],
              "codes": [
                [
                  "{",
                  "    struct TestType;",
                  "    let cell: OnceCell<TestType> = OnceCell::with_value(TestType);",
                  "    assert!(cell.get().is_some());",
                  "}"
                ]
              ],
              "can_compile": [
                {
                  "Ok": null
                }
              ],
              "repaired": [
                false
              ]
            },
            {
              "attrs": [],
              "prefix": [],
              "oracles": [],
              "codes": [
                [
                  "{",
                  "    struct TestType;",
                  "    let cell: OnceCell<TestType> = OnceCell::new();",
                  "    let _ = cell.set(TestType);",
                  "    assert!(cell.get().is_some());",
                  "}"
                ]
              ],
              "can_compile": [
                {
                  "Ok": null
                }
              ],
              "repaired": [
                false
              ]
            }
          ]
        }
      ]
    }
  ]
}