{
  "name": "rand_pcg::pcg64::pcg64::Lcg64Xsh32::new",
  "name_with_impl": "rand_pcg::pcg64::{impl#0}::new",
  "mod_info": {
    "name": "pcg64",
    "loc": "rand_pcg/src/lib.rs:94:1:94:11"
  },
  "visible": true,
  "loc": "rand_pcg/src/pcg64.rs:92:5:96:6",
  "fn_tests": [
    {
      "chain_id": 1,
      "prompt_conds": [],
      "input_infer": "",
      "answers": [
        {
          "uses": [],
          "has_test_mod": false,
          "common": [],
          "chain_tests": [
            {
              "attrs": [],
              "prefix": [],
              "oracles": [],
              "codes": [
                [
                  "{",
                  "    let state = 0xcafef00dd15ea5e5;",
                  "    let stream = 0xa02bdbf7bb3c0a7;",
                  "    let generator = new(state, stream);",
                  "    assert_eq!(generator.state(), state);",
                  "    assert_eq!(generator.stream(), stream);",
                  "}"
                ]
              ],
              "can_compile": [
                {
                  "Err": "   Compiling proc-macro2 v1.0.95\n   Compiling syn v1.0.109\n   Compiling libc v0.2.172\n   Compiling serde v1.0.219\n   Compiling getrandom v0.3.2\n   Compiling quote v1.0.40\n   Compiling bincode v1.3.3\n   Compiling ntest_timeout v0.9.3\n   Compiling ntest_test_cases v0.9.3\n   Compiling ntest v0.9.3\n   Compiling rand_core v0.9.3 (/home/utgen/workspace/rand/rand_core)\n   Compiling rand_pcg v0.9.0 (/home/utgen/workspace/rand/rand_pcg)\nwarning: unused import: `super::*`\n   --> rand_pcg/src/pcg64.rs:169:8\n    |\n169 |    use super::*;\n    |        ^^^^^^^^\n    |\n    = note: `#[warn(unused_imports)]` on by default\n\nwarning: unused import: `ntest::timeout`\n   --> rand_pcg/src/pcg64.rs:170:8\n    |\n170 |    use ntest::timeout;\n    |        ^^^^^^^^^^^^^^\n\nerror[E0425]: cannot find function `new` in this scope\n   --> rand_pcg/src/pcg64.rs:176:21\n    |\n176 |     let generator = new(state, stream);\n    |                     ^^^ not found in this scope\n\nFor more information about this error, try `rustc --explain E0425`.\nwarning: `rand_pcg` (lib test) generated 2 warnings\nerror: could not compile `rand_pcg` (lib test) due to 1 previous error; 2 warnings emitted\n"
                }
              ],
              "repaired": [
                false
              ]
            },
            {
              "attrs": [],
              "prefix": [],
              "oracles": [],
              "codes": [
                [
                  "{",
                  "    let state = 0;",
                  "    let stream = 0;",
                  "    let generator = new(state, stream);",
                  "    assert_eq!(generator.state(), state);",
                  "    let expected_stream = (stream << 1) | 1; // should be 1",
                  "    assert_eq!(generator.stream(), expected_stream);",
                  "}"
                ]
              ],
              "can_compile": [
                {
                  "Err": "   Compiling proc-macro2 v1.0.95\n   Compiling syn v1.0.109\n   Compiling libc v0.2.172\n   Compiling getrandom v0.3.2\n   Compiling serde v1.0.219\n   Compiling quote v1.0.40\n   Compiling bincode v1.3.3\n   Compiling ntest_test_cases v0.9.3\n   Compiling ntest_timeout v0.9.3\n   Compiling ntest v0.9.3\n   Compiling rand_core v0.9.3 (/home/utgen/workspace/rand/rand_core)\n   Compiling rand_pcg v0.9.0 (/home/utgen/workspace/rand/rand_pcg)\nwarning: unused import: `super::*`\n   --> rand_pcg/src/pcg64.rs:169:8\n    |\n169 |    use super::*;\n    |        ^^^^^^^^\n    |\n    = note: `#[warn(unused_imports)]` on by default\n\nwarning: unused import: `ntest::timeout`\n   --> rand_pcg/src/pcg64.rs:170:8\n    |\n170 |    use ntest::timeout;\n    |        ^^^^^^^^^^^^^^\n\nerror[E0425]: cannot find function `new` in this scope\n   --> rand_pcg/src/pcg64.rs:176:21\n    |\n176 |     let generator = new(state, stream);\n    |                     ^^^ not found in this scope\n\nFor more information about this error, try `rustc --explain E0425`.\nwarning: `rand_pcg` (lib test) generated 2 warnings\nerror: could not compile `rand_pcg` (lib test) due to 1 previous error; 2 warnings emitted\n"
                }
              ],
              "repaired": [
                false
              ]
            },
            {
              "attrs": [],
              "prefix": [],
              "oracles": [],
              "codes": [
                [
                  "{",
                  "    let state = u64::MAX; // 0xffffffffffffffff",
                  "    let stream = u64::MAX; // 0xffffffffffffffff",
                  "    let generator = new(state, stream);",
                  "    assert_eq!(generator.state(), state);",
                  "    let expected_stream = (stream << 1) | 1; // should be 0xffffffffffffffff (0x1ffffffffffffff)",
                  "    assert_eq!(generator.stream(), expected_stream);",
                  "}"
                ]
              ],
              "can_compile": [
                {
                  "Err": "   Compiling proc-macro2 v1.0.95\n   Compiling syn v1.0.109\n   Compiling libc v0.2.172\n   Compiling serde v1.0.219\n   Compiling getrandom v0.3.2\n   Compiling quote v1.0.40\n   Compiling bincode v1.3.3\n   Compiling ntest_timeout v0.9.3\n   Compiling ntest_test_cases v0.9.3\n   Compiling ntest v0.9.3\n   Compiling rand_core v0.9.3 (/home/utgen/workspace/rand/rand_core)\n   Compiling rand_pcg v0.9.0 (/home/utgen/workspace/rand/rand_pcg)\nwarning: unused import: `super::*`\n   --> rand_pcg/src/pcg64.rs:169:8\n    |\n169 |    use super::*;\n    |        ^^^^^^^^\n    |\n    = note: `#[warn(unused_imports)]` on by default\n\nwarning: unused import: `ntest::timeout`\n   --> rand_pcg/src/pcg64.rs:170:8\n    |\n170 |    use ntest::timeout;\n    |        ^^^^^^^^^^^^^^\n\nerror[E0425]: cannot find function `new` in this scope\n   --> rand_pcg/src/pcg64.rs:176:21\n    |\n176 |     let generator = new(state, stream);\n    |                     ^^^ not found in this scope\n\nFor more information about this error, try `rustc --explain E0425`.\nwarning: `rand_pcg` (lib test) generated 2 warnings\nerror: could not compile `rand_pcg` (lib test) due to 1 previous error; 2 warnings emitted\n"
                }
              ],
              "repaired": [
                false
              ]
            },
            {
              "attrs": [],
              "prefix": [],
              "oracles": [],
              "codes": [
                [
                  "{",
                  "    let state = 0x1234567890abcdef;",
                  "    let stream = 0x1; // an odd value",
                  "    let generator = new(state, stream);",
                  "    assert_eq!(generator.state(), state);",
                  "    let expected_stream = (stream << 1) | 1; // should be 0x3",
                  "    assert_eq!(generator.stream(), expected_stream);",
                  "}"
                ]
              ],
              "can_compile": [
                {
                  "Err": "   Compiling proc-macro2 v1.0.95\n   Compiling syn v1.0.109\n   Compiling libc v0.2.172\n   Compiling serde v1.0.219\n   Compiling getrandom v0.3.2\n   Compiling quote v1.0.40\n   Compiling bincode v1.3.3\n   Compiling ntest_test_cases v0.9.3\n   Compiling ntest_timeout v0.9.3\n   Compiling ntest v0.9.3\n   Compiling rand_core v0.9.3 (/home/utgen/workspace/rand/rand_core)\n   Compiling rand_pcg v0.9.0 (/home/utgen/workspace/rand/rand_pcg)\nwarning: unused import: `super::*`\n   --> rand_pcg/src/pcg64.rs:169:8\n    |\n169 |    use super::*;\n    |        ^^^^^^^^\n    |\n    = note: `#[warn(unused_imports)]` on by default\n\nwarning: unused import: `ntest::timeout`\n   --> rand_pcg/src/pcg64.rs:170:8\n    |\n170 |    use ntest::timeout;\n    |        ^^^^^^^^^^^^^^\n\nerror[E0425]: cannot find function `new` in this scope\n   --> rand_pcg/src/pcg64.rs:176:21\n    |\n176 |     let generator = new(state, stream);\n    |                     ^^^ not found in this scope\n\nFor more information about this error, try `rustc --explain E0425`.\nwarning: `rand_pcg` (lib test) generated 2 warnings\nerror: could not compile `rand_pcg` (lib test) due to 1 previous error; 2 warnings emitted\n"
                }
              ],
              "repaired": [
                false
              ]
            },
            {
              "attrs": [
                "#[should_panic]"
              ],
              "prefix": [],
              "oracles": [],
              "codes": [
                [
                  "{",
                  "    let state = 0x1234567890abcdef;",
                  "    let stream = 0x8000000000000000; // highest bit set, should be discarded",
                  "    let generator = new(state, stream);",
                  "    let expected_stream = (stream << 1) | 1; // should be 0x1fffffffffffffff",
                  "    assert_eq!(generator.stream(), expected_stream);",
                  "}"
                ]
              ],
              "can_compile": [
                {
                  "Err": "   Compiling proc-macro2 v1.0.95\n   Compiling syn v1.0.109\n   Compiling libc v0.2.172\n   Compiling serde v1.0.219\n   Compiling getrandom v0.3.2\n   Compiling quote v1.0.40\n   Compiling bincode v1.3.3\n   Compiling ntest_test_cases v0.9.3\n   Compiling ntest_timeout v0.9.3\n   Compiling ntest v0.9.3\n   Compiling rand_core v0.9.3 (/home/utgen/workspace/rand/rand_core)\n   Compiling rand_pcg v0.9.0 (/home/utgen/workspace/rand/rand_pcg)\nwarning: unused import: `super::*`\n   --> rand_pcg/src/pcg64.rs:169:8\n    |\n169 |    use super::*;\n    |        ^^^^^^^^\n    |\n    = note: `#[warn(unused_imports)]` on by default\n\nwarning: unused import: `ntest::timeout`\n   --> rand_pcg/src/pcg64.rs:170:8\n    |\n170 |    use ntest::timeout;\n    |        ^^^^^^^^^^^^^^\n\nerror[E0425]: cannot find function `new` in this scope\n   --> rand_pcg/src/pcg64.rs:177:21\n    |\n177 |     let generator = new(state, stream);\n    |                     ^^^ not found in this scope\n\nFor more information about this error, try `rustc --explain E0425`.\nwarning: `rand_pcg` (lib test) generated 2 warnings\nerror: could not compile `rand_pcg` (lib test) due to 1 previous error; 2 warnings emitted\n"
                }
              ],
              "repaired": [
                false
              ]
            }
          ]
        }
      ]
    }
  ]
}