{
  "name": "serde::__private::ser::content::<__private::ser::content::SerializeTupleVariant<E> as ser::SerializeTupleVariant>::serialize_field",
  "name_with_impl": "serde::__private::ser::content::{impl#10}::serialize_field",
  "mod_info": {
    "name": "__private::ser::content",
    "loc": "serde/src/private/ser.rs:337:1:987:2"
  },
  "visible": true,
  "loc": "serde/src/private/ser.rs:857:9:864:10",
  "fn_tests": [
    {
      "chain_id": 1,
      "prompt_conds": [
        "// constraint: value.serialize(ContentSerializer::<E>::new()) matches Err(err) is true\n",
        "// expected return value/type: Err(err)\n"
      ],
      "input_infer": "value: &T that results in a serialization error (e.g., T being a type that does not implement Serialize, value: &T having mismatched types, or value: &T being None)\n",
      "answers": [
        {
          "uses": [],
          "has_test_mod": false,
          "common": [],
          "chain_tests": [
            {
              "attrs": [],
              "prefix": [
                "{",
                "    struct NonSerializable;",
                "",
                "    let mut tuple_variant = SerializeTupleVariant::<()> {",
                "        name: \"test\",",
                "        variant_index: 0,",
                "        variant: \"TestVariant\",",
                "        fields: vec![],",
                "        error: PhantomData,",
                "    };",
                "",
                "    let result = tuple_variant.serialize_field(&NonSerializable);",
                "}"
              ],
              "oracles": [
                [
                  "    let mut tuple_variant = SerializeTupleVariant::<()> {",
                  "    name: \"test\",",
                  "    variant_index: 0,",
                  "    variant: \"TestVariant\",",
                  "    fields: vec![],",
                  "    error: PhantomData,",
                  "    };",
                  "    let result = tuple_variant.serialize_field(&NonSerializable);",
                  "    assert!(result.is_err());"
                ]
              ],
              "codes": [
                [
                  "{",
                  "    struct NonSerializable;",
                  "",
                  "    let mut tuple_variant = SerializeTupleVariant::<()> {",
                  "        name: \"test\",",
                  "        variant_index: 0,",
                  "        variant: \"TestVariant\",",
                  "        fields: vec![],",
                  "        error: PhantomData,",
                  "    };",
                  "",
                  "    let result = tuple_variant.serialize_field(&NonSerializable);",
                  "    let mut tuple_variant = SerializeTupleVariant::<()> {",
                  "    name: \"test\",",
                  "    variant_index: 0,",
                  "    variant: \"TestVariant\",",
                  "    fields: vec![],",
                  "    error: PhantomData,",
                  "    };",
                  "    let result = tuple_variant.serialize_field(&NonSerializable);",
                  "    assert!(result.is_err());",
                  "}"
                ]
              ],
              "can_compile": [
                {
                  "Err": "   Compiling proc-macro2 v1.0.95\n   Compiling syn v1.0.109\n   Compiling serde_derive v1.0.219 (/home/utgen/workspace/serde/serde_derive)\n   Compiling serde v1.0.219 (/home/utgen/workspace/serde/serde)\n   Compiling quote v1.0.40\n   Compiling syn v2.0.100\n   Compiling ntest_timeout v0.9.3\n   Compiling ntest_test_cases v0.9.3\n   Compiling ntest v0.9.3\nerror: unused import: `ntest::timeout`\n   --> serde/src/private/ser.rs:991:8\n    |\n991 |    use ntest::timeout;\n    |        ^^^^^^^^^^^^^^\n    |\nnote: the lint level is defined here\n   --> serde/src/lib.rs:159:23\n    |\n159 | #![deny(missing_docs, unused_imports)]\n    |                       ^^^^^^^^^^^^^^\n\nerror[E0599]: no method named `serialize_field` found for struct `__private::ser::content::SerializeTupleVariant` in the current scope\n    --> serde/src/private/ser.rs:1005:32\n     |\n842  |     pub struct SerializeTupleVariant<E> {\n     |     ----------------------------------- method `serialize_field` not found for this struct\n...\n1005 |     let result = tuple_variant.serialize_field(&NonSerializable);\n     |                                ^^^^^^^^^^^^^^^ method not found in `SerializeTupleVariant<()>`\n     |\n     = help: items from traits can only be used if the trait is implemented and in scope\n     = note: the following traits define an item `serialize_field`, perhaps you need to implement one of them:\n             candidate #1: `ser::SerializeStruct`\n             candidate #2: `ser::SerializeStructVariant`\n             candidate #3: `ser::SerializeTupleStruct`\n             candidate #4: `ser::SerializeTupleVariant`\n\nerror[E0599]: no method named `serialize_field` found for struct `__private::ser::content::SerializeTupleVariant` in the current scope\n    --> serde/src/private/ser.rs:1013:32\n     |\n842  |     pub struct SerializeTupleVariant<E> {\n     |     ----------------------------------- method `serialize_field` not found for this struct\n...\n1013 |     let result = tuple_variant.serialize_field(&NonSerializable);\n     |                                ^^^^^^^^^^^^^^^ method not found in `SerializeTupleVariant<()>`\n     |\n     = help: items from traits can only be used if the trait is implemented and in scope\n     = note: the following traits define an item `serialize_field`, perhaps you need to implement one of them:\n             candidate #1: `ser::SerializeStruct`\n             candidate #2: `ser::SerializeStructVariant`\n             candidate #3: `ser::SerializeTupleStruct`\n             candidate #4: `ser::SerializeTupleVariant`\n\nFor more information about this error, try `rustc --explain E0599`.\nerror: could not compile `serde` (lib test) due to 3 previous errors\n"
                }
              ],
              "repaired": [
                false
              ]
            },
            {
              "attrs": [],
              "prefix": [
                "{",
                "    let mut tuple_variant = SerializeTupleVariant::<()> {",
                "        name: \"test\",",
                "        variant_index: 0,",
                "        variant: \"TestVariant\",",
                "        fields: vec![],",
                "        error: PhantomData,",
                "    };",
                "",
                "    let result = tuple_variant.serialize_field(&None::<u8>);",
                "}"
              ],
              "oracles": [
                [
                  "    let mut tuple_variant = SerializeTupleVariant::<()> {",
                  "    name: \"test\",",
                  "    variant_index: 0,",
                  "    variant: \"TestVariant\",",
                  "    fields: vec![],",
                  "    error: PhantomData,",
                  "    };",
                  "    let result = tuple_variant.serialize_field(&None::<u8>);",
                  "    assert!(result.is_err());"
                ],
                [
                  "    let mut tuple_variant = SerializeTupleVariant::<()> {",
                  "    name: \"test\",",
                  "    variant_index: 0,",
                  "    variant: \"TestVariant\",",
                  "    fields: vec![],",
                  "    error: PhantomData,",
                  "    };",
                  "    let result = tuple_variant.serialize_field(&None::<u8>);",
                  "    assert_eq!(result.unwrap_err(), expected_error);"
                ]
              ],
              "codes": [
                [
                  "{",
                  "    let mut tuple_variant = SerializeTupleVariant::<()> {",
                  "        name: \"test\",",
                  "        variant_index: 0,",
                  "        variant: \"TestVariant\",",
                  "        fields: vec![],",
                  "        error: PhantomData,",
                  "    };",
                  "",
                  "    let result = tuple_variant.serialize_field(&None::<u8>);",
                  "    let mut tuple_variant = SerializeTupleVariant::<()> {",
                  "    name: \"test\",",
                  "    variant_index: 0,",
                  "    variant: \"TestVariant\",",
                  "    fields: vec![],",
                  "    error: PhantomData,",
                  "    };",
                  "    let result = tuple_variant.serialize_field(&None::<u8>);",
                  "    assert!(result.is_err());",
                  "}"
                ],
                [
                  "{",
                  "    let mut tuple_variant = SerializeTupleVariant::<()> {",
                  "        name: \"test\",",
                  "        variant_index: 0,",
                  "        variant: \"TestVariant\",",
                  "        fields: vec![],",
                  "        error: PhantomData,",
                  "    };",
                  "",
                  "    let result = tuple_variant.serialize_field(&None::<u8>);",
                  "    let mut tuple_variant = SerializeTupleVariant::<()> {",
                  "    name: \"test\",",
                  "    variant_index: 0,",
                  "    variant: \"TestVariant\",",
                  "    fields: vec![],",
                  "    error: PhantomData,",
                  "    };",
                  "    let result = tuple_variant.serialize_field(&None::<u8>);",
                  "    assert_eq!(result.unwrap_err(), expected_error);",
                  "}"
                ]
              ],
              "can_compile": [
                {
                  "Err": "   Compiling proc-macro2 v1.0.95\n   Compiling syn v1.0.109\n   Compiling serde_derive v1.0.219 (/home/utgen/workspace/serde/serde_derive)\n   Compiling serde v1.0.219 (/home/utgen/workspace/serde/serde)\n   Compiling quote v1.0.40\n   Compiling syn v2.0.100\n   Compiling ntest_timeout v0.9.3\n   Compiling ntest_test_cases v0.9.3\n   Compiling ntest v0.9.3\nerror: unused import: `ntest::timeout`\n   --> serde/src/private/ser.rs:991:8\n    |\n991 |    use ntest::timeout;\n    |        ^^^^^^^^^^^^^^\n    |\nnote: the lint level is defined here\n   --> serde/src/lib.rs:159:23\n    |\n159 | #![deny(missing_docs, unused_imports)]\n    |                       ^^^^^^^^^^^^^^\n\nerror[E0599]: no method named `serialize_field` found for struct `__private::ser::content::SerializeTupleVariant` in the current scope\n    --> serde/src/private/ser.rs:1003:32\n     |\n842  |     pub struct SerializeTupleVariant<E> {\n     |     ----------------------------------- method `serialize_field` not found for this struct\n...\n1003 |     let result = tuple_variant.serialize_field(&None::<u8>);\n     |                                ^^^^^^^^^^^^^^^ method not found in `SerializeTupleVariant<()>`\n     |\n     = help: items from traits can only be used if the trait is implemented and in scope\n     = note: the following traits define an item `serialize_field`, perhaps you need to implement one of them:\n             candidate #1: `ser::SerializeStruct`\n             candidate #2: `ser::SerializeStructVariant`\n             candidate #3: `ser::SerializeTupleStruct`\n             candidate #4: `ser::SerializeTupleVariant`\n\nerror[E0599]: no method named `serialize_field` found for struct `__private::ser::content::SerializeTupleVariant` in the current scope\n    --> serde/src/private/ser.rs:1011:32\n     |\n842  |     pub struct SerializeTupleVariant<E> {\n     |     ----------------------------------- method `serialize_field` not found for this struct\n...\n1011 |     let result = tuple_variant.serialize_field(&None::<u8>);\n     |                                ^^^^^^^^^^^^^^^ method not found in `SerializeTupleVariant<()>`\n     |\n     = help: items from traits can only be used if the trait is implemented and in scope\n     = note: the following traits define an item `serialize_field`, perhaps you need to implement one of them:\n             candidate #1: `ser::SerializeStruct`\n             candidate #2: `ser::SerializeStructVariant`\n             candidate #3: `ser::SerializeTupleStruct`\n             candidate #4: `ser::SerializeTupleVariant`\n\nFor more information about this error, try `rustc --explain E0599`.\nerror: could not compile `serde` (lib test) due to 3 previous errors\n"
                },
                {
                  "Err": "   Compiling proc-macro2 v1.0.95\n   Compiling syn v1.0.109\n   Compiling serde_derive v1.0.219 (/home/utgen/workspace/serde/serde_derive)\n   Compiling serde v1.0.219 (/home/utgen/workspace/serde/serde)\n   Compiling quote v1.0.40\n   Compiling syn v2.0.100\n   Compiling ntest_timeout v0.9.3\n   Compiling ntest_test_cases v0.9.3\n   Compiling ntest v0.9.3\nerror[E0425]: cannot find value `expected_error` in this scope\n    --> serde/src/private/ser.rs:1012:37\n     |\n1012 |     assert_eq!(result.unwrap_err(), expected_error);\n     |                                     ^^^^^^^^^^^^^^ not found in this scope\n\nerror: unused import: `ntest::timeout`\n   --> serde/src/private/ser.rs:991:8\n    |\n991 |    use ntest::timeout;\n    |        ^^^^^^^^^^^^^^\n    |\nnote: the lint level is defined here\n   --> serde/src/lib.rs:159:23\n    |\n159 | #![deny(missing_docs, unused_imports)]\n    |                       ^^^^^^^^^^^^^^\n\nerror[E0599]: no method named `serialize_field` found for struct `__private::ser::content::SerializeTupleVariant` in the current scope\n    --> serde/src/private/ser.rs:1003:32\n     |\n842  |     pub struct SerializeTupleVariant<E> {\n     |     ----------------------------------- method `serialize_field` not found for this struct\n...\n1003 |     let result = tuple_variant.serialize_field(&None::<u8>);\n     |                                ^^^^^^^^^^^^^^^ method not found in `SerializeTupleVariant<()>`\n     |\n     = help: items from traits can only be used if the trait is implemented and in scope\n     = note: the following traits define an item `serialize_field`, perhaps you need to implement one of them:\n             candidate #1: `ser::SerializeStruct`\n             candidate #2: `ser::SerializeStructVariant`\n             candidate #3: `ser::SerializeTupleStruct`\n             candidate #4: `ser::SerializeTupleVariant`\n\nerror[E0599]: no method named `serialize_field` found for struct `__private::ser::content::SerializeTupleVariant` in the current scope\n    --> serde/src/private/ser.rs:1011:32\n     |\n842  |     pub struct SerializeTupleVariant<E> {\n     |     ----------------------------------- method `serialize_field` not found for this struct\n...\n1011 |     let result = tuple_variant.serialize_field(&None::<u8>);\n     |                                ^^^^^^^^^^^^^^^ method not found in `SerializeTupleVariant<()>`\n     |\n     = help: items from traits can only be used if the trait is implemented and in scope\n     = note: the following traits define an item `serialize_field`, perhaps you need to implement one of them:\n             candidate #1: `ser::SerializeStruct`\n             candidate #2: `ser::SerializeStructVariant`\n             candidate #3: `ser::SerializeTupleStruct`\n             candidate #4: `ser::SerializeTupleVariant`\n\nSome errors have detailed explanations: E0425, E0599.\nFor more information about an error, try `rustc --explain E0425`.\nerror: could not compile `serde` (lib test) due to 4 previous errors\n"
                }
              ],
              "repaired": [
                false,
                false
              ]
            },
            {
              "attrs": [],
              "prefix": [
                "{",
                "    struct MismatchedType;",
                "",
                "    impl Serialize for MismatchedType {",
                "        fn serialize<S>(&self, _serializer: S) -> Result<(), S::Error>",
                "        where",
                "            S: Serializer,",
                "        {",
                "            Err(\"Not implemented\".into()) // mock failure",
                "        }",
                "    }",
                "",
                "    let mut tuple_variant = SerializeTupleVariant::<String> {",
                "        name: \"test\",",
                "        variant_index: 0,",
                "        variant: \"TestVariant\",",
                "        fields: vec![],",
                "        error: PhantomData,",
                "    };",
                "",
                "    let result = tuple_variant.serialize_field(&MismatchedType);",
                "}"
              ],
              "oracles": [
                [
                  "    let mut tuple_variant = SerializeTupleVariant::<String> { name: \"test\", variant_index: 0, variant: \"TestVariant\", fields: vec![], error: PhantomData, };",
                  "    let result = tuple_variant.serialize_field(&MismatchedType);",
                  "    assert!(result.is_err());"
                ],
                [
                  "    let mut tuple_variant = SerializeTupleVariant::<String> { name: \"test\", variant_index: 0, variant: \"TestVariant\", fields: vec![], error: PhantomData, };",
                  "    let result = tuple_variant.serialize_field(&MismatchedType);",
                  "    assert_eq!(result.unwrap_err(), \"Not implemented\".into());"
                ]
              ],
              "codes": [
                [
                  "{",
                  "    struct MismatchedType;",
                  "",
                  "    impl Serialize for MismatchedType {",
                  "        fn serialize<S>(&self, _serializer: S) -> Result<(), S::Error>",
                  "        where",
                  "            S: Serializer,",
                  "        {",
                  "            Err(\"Not implemented\".into()) // mock failure",
                  "        }",
                  "    }",
                  "",
                  "    let mut tuple_variant = SerializeTupleVariant::<String> {",
                  "        name: \"test\",",
                  "        variant_index: 0,",
                  "        variant: \"TestVariant\",",
                  "        fields: vec![],",
                  "        error: PhantomData,",
                  "    };",
                  "",
                  "    let result = tuple_variant.serialize_field(&MismatchedType);",
                  "    let mut tuple_variant = SerializeTupleVariant::<String> { name: \"test\", variant_index: 0, variant: \"TestVariant\", fields: vec![], error: PhantomData, };",
                  "    let result = tuple_variant.serialize_field(&MismatchedType);",
                  "    assert!(result.is_err());",
                  "}"
                ],
                [
                  "{",
                  "    struct MismatchedType;",
                  "",
                  "    impl Serialize for MismatchedType {",
                  "        fn serialize<S>(&self, _serializer: S) -> Result<(), S::Error>",
                  "        where",
                  "            S: Serializer,",
                  "        {",
                  "            Err(\"Not implemented\".into()) // mock failure",
                  "        }",
                  "    }",
                  "",
                  "    let mut tuple_variant = SerializeTupleVariant::<String> {",
                  "        name: \"test\",",
                  "        variant_index: 0,",
                  "        variant: \"TestVariant\",",
                  "        fields: vec![],",
                  "        error: PhantomData,",
                  "    };",
                  "",
                  "    let result = tuple_variant.serialize_field(&MismatchedType);",
                  "    let mut tuple_variant = SerializeTupleVariant::<String> { name: \"test\", variant_index: 0, variant: \"TestVariant\", fields: vec![], error: PhantomData, };",
                  "    let result = tuple_variant.serialize_field(&MismatchedType);",
                  "    assert_eq!(result.unwrap_err(), \"Not implemented\".into());",
                  "}"
                ]
              ],
              "can_compile": [
                {
                  "Err": "   Compiling proc-macro2 v1.0.95\n   Compiling syn v1.0.109\n   Compiling serde_derive v1.0.219 (/home/utgen/workspace/serde/serde_derive)\n   Compiling serde v1.0.219 (/home/utgen/workspace/serde/serde)\n   Compiling quote v1.0.40\n   Compiling syn v2.0.100\n   Compiling ntest_test_cases v0.9.3\n   Compiling ntest_timeout v0.9.3\n   Compiling ntest v0.9.3\nerror: unused import: `ntest::timeout`\n   --> serde/src/private/ser.rs:991:8\n    |\n991 |    use ntest::timeout;\n    |        ^^^^^^^^^^^^^^\n    |\nnote: the lint level is defined here\n   --> serde/src/lib.rs:159:23\n    |\n159 | #![deny(missing_docs, unused_imports)]\n    |                       ^^^^^^^^^^^^^^\n\nerror[E0053]: method `serialize` has an incompatible type for trait\n   --> serde/src/private/ser.rs:998:51\n    |\n998 |         fn serialize<S>(&self, _serializer: S) -> Result<(), S::Error>\n    |                                                   ^^^^^^^^^^^^^^^^^^^^ expected associated type, found `()`\n    |\nnote: type in trait\n   --> serde/src/ser/mod.rs:256:46\n    |\n256 |     fn serialize<S>(&self, serializer: S) -> Result<S::Ok, S::Error>\n    |                                              ^^^^^^^^^^^^^^^^^^^^^^^\n    = note: expected signature `fn(&MismatchedType, _) -> Result<<S as ser::Serializer>::Ok, _>`\n               found signature `fn(&MismatchedType, _) -> Result<(), _>`\nhelp: change the output type to match the trait\n    |\n998 |         fn serialize<S>(&self, _serializer: S) -> Result<<S as ser::Serializer>::Ok, <S as ser::Serializer>::Error>\n    |                                                   ~~~~~~~~~~~~~~~~~~~~~~~~~~~~~~~~~~~~~~~~~~~~~~~~~~~~~~~~~~~~~~~~~\n\nerror[E0599]: no method named `serialize_field` found for struct `__private::ser::content::SerializeTupleVariant` in the current scope\n    --> serde/src/private/ser.rs:1014:32\n     |\n842  |     pub struct SerializeTupleVariant<E> {\n     |     ----------------------------------- method `serialize_field` not found for this struct\n...\n1014 |     let result = tuple_variant.serialize_field(&MismatchedType);\n     |                                ^^^^^^^^^^^^^^^ method not found in `SerializeTupleVariant<String>`\n     |\n     = help: items from traits can only be used if the trait is implemented and in scope\n     = note: the following traits define an item `serialize_field`, perhaps you need to implement one of them:\n             candidate #1: `ser::SerializeStruct`\n             candidate #2: `ser::SerializeStructVariant`\n             candidate #3: `ser::SerializeTupleStruct`\n             candidate #4: `ser::SerializeTupleVariant`\n\nerror[E0599]: no method named `serialize_field` found for struct `__private::ser::content::SerializeTupleVariant` in the current scope\n    --> serde/src/private/ser.rs:1016:32\n     |\n842  |     pub struct SerializeTupleVariant<E> {\n     |     ----------------------------------- method `serialize_field` not found for this struct\n...\n1016 |     let result = tuple_variant.serialize_field(&MismatchedType);\n     |                                ^^^^^^^^^^^^^^^ method not found in `SerializeTupleVariant<String>`\n     |\n     = help: items from traits can only be used if the trait is implemented and in scope\n     = note: the following traits define an item `serialize_field`, perhaps you need to implement one of them:\n             candidate #1: `ser::SerializeStruct`\n             candidate #2: `ser::SerializeStructVariant`\n             candidate #3: `ser::SerializeTupleStruct`\n             candidate #4: `ser::SerializeTupleVariant`\n\nerror[E0277]: the trait bound `<S as ser::Serializer>::Error: From<&str>` is not satisfied\n    --> serde/src/private/ser.rs:1002:35\n     |\n1002 |             Err(\"Not implemented\".into()) // mock failure\n     |                                   ^^^^ the trait `From<&str>` is not implemented for `<S as ser::Serializer>::Error`, which is required by `&str: Into<_>`\n     |\n     = note: required for `&str` to implement `Into<<S as ser::Serializer>::Error>`\nhelp: consider further restricting the associated type\n     |\n1000 |             S: Serializer, <S as ser::Serializer>::Error: From<&str>\n     |                          ~~~~~~~~~~~~~~~~~~~~~~~~~~~~~~~~~~~~~~~~~~~\n\nSome errors have detailed explanations: E0053, E0277, E0599.\nFor more information about an error, try `rustc --explain E0053`.\nerror: could not compile `serde` (lib test) due to 5 previous errors\n"
                },
                {
                  "Err": "   Compiling proc-macro2 v1.0.95\n   Compiling syn v1.0.109\n   Compiling serde_derive v1.0.219 (/home/utgen/workspace/serde/serde_derive)\n   Compiling serde v1.0.219 (/home/utgen/workspace/serde/serde)\n   Compiling quote v1.0.40\n   Compiling syn v2.0.100\n   Compiling ntest_timeout v0.9.3\n   Compiling ntest_test_cases v0.9.3\n   Compiling ntest v0.9.3\nerror: unused import: `ntest::timeout`\n   --> serde/src/private/ser.rs:991:8\n    |\n991 |    use ntest::timeout;\n    |        ^^^^^^^^^^^^^^\n    |\nnote: the lint level is defined here\n   --> serde/src/lib.rs:159:23\n    |\n159 | #![deny(missing_docs, unused_imports)]\n    |                       ^^^^^^^^^^^^^^\n\nerror[E0053]: method `serialize` has an incompatible type for trait\n   --> serde/src/private/ser.rs:998:51\n    |\n998 |         fn serialize<S>(&self, _serializer: S) -> Result<(), S::Error>\n    |                                                   ^^^^^^^^^^^^^^^^^^^^ expected associated type, found `()`\n    |\nnote: type in trait\n   --> serde/src/ser/mod.rs:256:46\n    |\n256 |     fn serialize<S>(&self, serializer: S) -> Result<S::Ok, S::Error>\n    |                                              ^^^^^^^^^^^^^^^^^^^^^^^\n    = note: expected signature `fn(&MismatchedType, _) -> Result<<S as ser::Serializer>::Ok, _>`\n               found signature `fn(&MismatchedType, _) -> Result<(), _>`\nhelp: change the output type to match the trait\n    |\n998 |         fn serialize<S>(&self, _serializer: S) -> Result<<S as ser::Serializer>::Ok, <S as ser::Serializer>::Error>\n    |                                                   ~~~~~~~~~~~~~~~~~~~~~~~~~~~~~~~~~~~~~~~~~~~~~~~~~~~~~~~~~~~~~~~~~\n\nerror[E0599]: no method named `serialize_field` found for struct `__private::ser::content::SerializeTupleVariant` in the current scope\n    --> serde/src/private/ser.rs:1014:32\n     |\n842  |     pub struct SerializeTupleVariant<E> {\n     |     ----------------------------------- method `serialize_field` not found for this struct\n...\n1014 |     let result = tuple_variant.serialize_field(&MismatchedType);\n     |                                ^^^^^^^^^^^^^^^ method not found in `SerializeTupleVariant<String>`\n     |\n     = help: items from traits can only be used if the trait is implemented and in scope\n     = note: the following traits define an item `serialize_field`, perhaps you need to implement one of them:\n             candidate #1: `ser::SerializeStruct`\n             candidate #2: `ser::SerializeStructVariant`\n             candidate #3: `ser::SerializeTupleStruct`\n             candidate #4: `ser::SerializeTupleVariant`\n\nerror[E0599]: no method named `serialize_field` found for struct `__private::ser::content::SerializeTupleVariant` in the current scope\n    --> serde/src/private/ser.rs:1016:32\n     |\n842  |     pub struct SerializeTupleVariant<E> {\n     |     ----------------------------------- method `serialize_field` not found for this struct\n...\n1016 |     let result = tuple_variant.serialize_field(&MismatchedType);\n     |                                ^^^^^^^^^^^^^^^ method not found in `SerializeTupleVariant<String>`\n     |\n     = help: items from traits can only be used if the trait is implemented and in scope\n     = note: the following traits define an item `serialize_field`, perhaps you need to implement one of them:\n             candidate #1: `ser::SerializeStruct`\n             candidate #2: `ser::SerializeStructVariant`\n             candidate #3: `ser::SerializeTupleStruct`\n             candidate #4: `ser::SerializeTupleVariant`\n\nerror[E0277]: the trait bound `<S as ser::Serializer>::Error: From<&str>` is not satisfied\n    --> serde/src/private/ser.rs:1002:35\n     |\n1002 |             Err(\"Not implemented\".into()) // mock failure\n     |                                   ^^^^ the trait `From<&str>` is not implemented for `<S as ser::Serializer>::Error`, which is required by `&str: Into<_>`\n     |\n     = note: required for `&str` to implement `Into<<S as ser::Serializer>::Error>`\nhelp: consider further restricting the associated type\n     |\n1000 |             S: Serializer, <S as ser::Serializer>::Error: From<&str>\n     |                          ~~~~~~~~~~~~~~~~~~~~~~~~~~~~~~~~~~~~~~~~~~~\n\nSome errors have detailed explanations: E0053, E0277, E0599.\nFor more information about an error, try `rustc --explain E0053`.\nerror: could not compile `serde` (lib test) due to 5 previous errors\n"
                }
              ],
              "repaired": [
                false,
                false
              ]
            },
            {
              "attrs": [],
              "prefix": [
                "{",
                "    trait NotSerialize {}",
                "",
                "    struct NotSerializeImpl;",
                "",
                "    impl NotSerialize for NotSerializeImpl {}",
                "",
                "    let mut tuple_variant = SerializeTupleVariant::<String> {",
                "        name: \"test\",",
                "        variant_index: 0,",
                "        variant: \"TestVariant\",",
                "        fields: vec![],",
                "        error: PhantomData,",
                "    };",
                "",
                "    let result = tuple_variant.serialize_field(&NotSerializeImpl);",
                "}"
              ],
              "oracles": [
                [
                  "    let mut tuple_variant = SerializeTupleVariant::<String> {",
                  "    name: \"test\",",
                  "    variant_index: 0,",
                  "    variant: \"TestVariant\",",
                  "    fields: vec![],",
                  "    error: PhantomData,",
                  "    };",
                  "    let result = tuple_variant.serialize_field(&NotSerializeImpl);",
                  "    assert!(result.is_err());"
                ],
                [
                  "    let mut tuple_variant = SerializeTupleVariant::<String> {",
                  "    name: \"test\",",
                  "    variant_index: 0,",
                  "    variant: \"TestVariant\",",
                  "    fields: vec![],",
                  "    error: PhantomData,",
                  "    };",
                  "    let result = tuple_variant.serialize_field(&NotSerializeImpl);",
                  "    assert_eq!(result.unwrap_err(), expected_error);"
                ]
              ],
              "codes": [
                [
                  "{",
                  "    trait NotSerialize {}",
                  "",
                  "    struct NotSerializeImpl;",
                  "",
                  "    impl NotSerialize for NotSerializeImpl {}",
                  "",
                  "    let mut tuple_variant = SerializeTupleVariant::<String> {",
                  "        name: \"test\",",
                  "        variant_index: 0,",
                  "        variant: \"TestVariant\",",
                  "        fields: vec![],",
                  "        error: PhantomData,",
                  "    };",
                  "",
                  "    let result = tuple_variant.serialize_field(&NotSerializeImpl);",
                  "    let mut tuple_variant = SerializeTupleVariant::<String> {",
                  "    name: \"test\",",
                  "    variant_index: 0,",
                  "    variant: \"TestVariant\",",
                  "    fields: vec![],",
                  "    error: PhantomData,",
                  "    };",
                  "    let result = tuple_variant.serialize_field(&NotSerializeImpl);",
                  "    assert!(result.is_err());",
                  "}"
                ],
                [
                  "{",
                  "    trait NotSerialize {}",
                  "",
                  "    struct NotSerializeImpl;",
                  "",
                  "    impl NotSerialize for NotSerializeImpl {}",
                  "",
                  "    let mut tuple_variant = SerializeTupleVariant::<String> {",
                  "        name: \"test\",",
                  "        variant_index: 0,",
                  "        variant: \"TestVariant\",",
                  "        fields: vec![],",
                  "        error: PhantomData,",
                  "    };",
                  "",
                  "    let result = tuple_variant.serialize_field(&NotSerializeImpl);",
                  "    let mut tuple_variant = SerializeTupleVariant::<String> {",
                  "    name: \"test\",",
                  "    variant_index: 0,",
                  "    variant: \"TestVariant\",",
                  "    fields: vec![],",
                  "    error: PhantomData,",
                  "    };",
                  "    let result = tuple_variant.serialize_field(&NotSerializeImpl);",
                  "    assert_eq!(result.unwrap_err(), expected_error);",
                  "}"
                ]
              ],
              "can_compile": [
                {
                  "Err": "   Compiling proc-macro2 v1.0.95\n   Compiling syn v1.0.109\n   Compiling serde_derive v1.0.219 (/home/utgen/workspace/serde/serde_derive)\n   Compiling serde v1.0.219 (/home/utgen/workspace/serde/serde)\n   Compiling quote v1.0.40\n   Compiling syn v2.0.100\n   Compiling ntest_timeout v0.9.3\n   Compiling ntest_test_cases v0.9.3\n   Compiling ntest v0.9.3\nerror: unused import: `ntest::timeout`\n   --> serde/src/private/ser.rs:991:8\n    |\n991 |    use ntest::timeout;\n    |        ^^^^^^^^^^^^^^\n    |\nnote: the lint level is defined here\n   --> serde/src/lib.rs:159:23\n    |\n159 | #![deny(missing_docs, unused_imports)]\n    |                       ^^^^^^^^^^^^^^\n\nerror[E0599]: no method named `serialize_field` found for struct `__private::ser::content::SerializeTupleVariant` in the current scope\n    --> serde/src/private/ser.rs:1009:32\n     |\n842  |     pub struct SerializeTupleVariant<E> {\n     |     ----------------------------------- method `serialize_field` not found for this struct\n...\n1009 |     let result = tuple_variant.serialize_field(&NotSerializeImpl);\n     |                                ^^^^^^^^^^^^^^^ method not found in `SerializeTupleVariant<String>`\n     |\n     = help: items from traits can only be used if the trait is implemented and in scope\n     = note: the following traits define an item `serialize_field`, perhaps you need to implement one of them:\n             candidate #1: `ser::SerializeStruct`\n             candidate #2: `ser::SerializeStructVariant`\n             candidate #3: `ser::SerializeTupleStruct`\n             candidate #4: `ser::SerializeTupleVariant`\n\nerror[E0599]: no method named `serialize_field` found for struct `__private::ser::content::SerializeTupleVariant` in the current scope\n    --> serde/src/private/ser.rs:1017:32\n     |\n842  |     pub struct SerializeTupleVariant<E> {\n     |     ----------------------------------- method `serialize_field` not found for this struct\n...\n1017 |     let result = tuple_variant.serialize_field(&NotSerializeImpl);\n     |                                ^^^^^^^^^^^^^^^ method not found in `SerializeTupleVariant<String>`\n     |\n     = help: items from traits can only be used if the trait is implemented and in scope\n     = note: the following traits define an item `serialize_field`, perhaps you need to implement one of them:\n             candidate #1: `ser::SerializeStruct`\n             candidate #2: `ser::SerializeStructVariant`\n             candidate #3: `ser::SerializeTupleStruct`\n             candidate #4: `ser::SerializeTupleVariant`\n\nFor more information about this error, try `rustc --explain E0599`.\nerror: could not compile `serde` (lib test) due to 3 previous errors\n"
                },
                {
                  "Err": "   Compiling proc-macro2 v1.0.95\n   Compiling syn v1.0.109\n   Compiling serde_derive v1.0.219 (/home/utgen/workspace/serde/serde_derive)\n   Compiling serde v1.0.219 (/home/utgen/workspace/serde/serde)\n   Compiling quote v1.0.40\n   Compiling syn v2.0.100\n   Compiling ntest_timeout v0.9.3\n   Compiling ntest_test_cases v0.9.3\n   Compiling ntest v0.9.3\nerror[E0425]: cannot find value `expected_error` in this scope\n    --> serde/src/private/ser.rs:1018:37\n     |\n1018 |     assert_eq!(result.unwrap_err(), expected_error);\n     |                                     ^^^^^^^^^^^^^^ not found in this scope\n\nerror: unused import: `ntest::timeout`\n   --> serde/src/private/ser.rs:991:8\n    |\n991 |    use ntest::timeout;\n    |        ^^^^^^^^^^^^^^\n    |\nnote: the lint level is defined here\n   --> serde/src/lib.rs:159:23\n    |\n159 | #![deny(missing_docs, unused_imports)]\n    |                       ^^^^^^^^^^^^^^\n\nerror[E0599]: no method named `serialize_field` found for struct `__private::ser::content::SerializeTupleVariant` in the current scope\n    --> serde/src/private/ser.rs:1009:32\n     |\n842  |     pub struct SerializeTupleVariant<E> {\n     |     ----------------------------------- method `serialize_field` not found for this struct\n...\n1009 |     let result = tuple_variant.serialize_field(&NotSerializeImpl);\n     |                                ^^^^^^^^^^^^^^^ method not found in `SerializeTupleVariant<String>`\n     |\n     = help: items from traits can only be used if the trait is implemented and in scope\n     = note: the following traits define an item `serialize_field`, perhaps you need to implement one of them:\n             candidate #1: `ser::SerializeStruct`\n             candidate #2: `ser::SerializeStructVariant`\n             candidate #3: `ser::SerializeTupleStruct`\n             candidate #4: `ser::SerializeTupleVariant`\n\nerror[E0599]: no method named `serialize_field` found for struct `__private::ser::content::SerializeTupleVariant` in the current scope\n    --> serde/src/private/ser.rs:1017:32\n     |\n842  |     pub struct SerializeTupleVariant<E> {\n     |     ----------------------------------- method `serialize_field` not found for this struct\n...\n1017 |     let result = tuple_variant.serialize_field(&NotSerializeImpl);\n     |                                ^^^^^^^^^^^^^^^ method not found in `SerializeTupleVariant<String>`\n     |\n     = help: items from traits can only be used if the trait is implemented and in scope\n     = note: the following traits define an item `serialize_field`, perhaps you need to implement one of them:\n             candidate #1: `ser::SerializeStruct`\n             candidate #2: `ser::SerializeStructVariant`\n             candidate #3: `ser::SerializeTupleStruct`\n             candidate #4: `ser::SerializeTupleVariant`\n\nSome errors have detailed explanations: E0425, E0599.\nFor more information about an error, try `rustc --explain E0425`.\nerror: could not compile `serde` (lib test) due to 4 previous errors\n"
                }
              ],
              "repaired": [
                false,
                false
              ]
            }
          ]
        }
      ]
    },
    {
      "chain_id": 2,
      "prompt_conds": [
        "// constraint: value.serialize(ContentSerializer::<E>::new()) matches Ok(val) is true\n",
        "// expected return value/type: Ok(())\n"
      ],
      "input_infer": "Test input ranges: 1 to 256 for u8, 1 to 65535 for u16, 1 to 4294967295 for u32, 1 to 18446744073709551615 for u64, -128 to 127 for i8, -32768 to 32767 for i16, -2147483648 to 2147483647 for i32, -9223372036854775808 to 9223372036854775807 for i64, float values in the range of -3.4028235E+38 to 3.4028235E+38 for f32, double values in the range of -1.7976931348623157E+308 to 1.7976931348623157E+308 for f64, valid single UTF-8 character for char, alphanumerically valid strings for String (0 to 1024 characters), valid byte arrays for Bytes (0 to 1024 bytes), to match Content enum variants consistently without triggering panic.\n",
      "answers": [
        {
          "uses": [],
          "has_test_mod": false,
          "common": [
            "#[derive(Debug)]",
            "struct DummyError;",
            "",
            "impl ser::Error for DummyError {",
            "    fn custom<T>(_msg: T) -> Self {",
            "        DummyError",
            "    }",
            "}"
          ],
          "chain_tests": [
            {
              "attrs": [],
              "prefix": [
                "{",
                "    let mut variant = SerializeTupleVariant::<DummyError> {",
                "        name: \"test\",",
                "        variant_index: 0,",
                "        variant: \"variant\",",
                "        fields: vec![],",
                "        error: PhantomData,",
                "    };",
                "    variant.serialize_field(&true).unwrap();",
                "}"
              ],
              "oracles": [
                [
                  "    let mut variant = SerializeTupleVariant::<DummyError> { name: \"test\", variant_index: 0, variant: \"variant\", fields: vec![], error: PhantomData };",
                  "    let value = tri!(true.serialize(ContentSerializer::<DummyError>::new()));",
                  "    assert_eq!(variant.fields.len(), 1);"
                ],
                [
                  "    let mut variant = SerializeTupleVariant::<DummyError> { name: \"test\", variant_index: 0, variant: \"variant\", fields: vec![], error: PhantomData };",
                  "    let value = tri!(true.serialize(ContentSerializer::<DummyError>::new()));",
                  "    assert!(matches!(variant.fields[0], Content::Bool(true)));"
                ]
              ],
              "codes": [
                [
                  "{",
                  "    let mut variant = SerializeTupleVariant::<DummyError> {",
                  "        name: \"test\",",
                  "        variant_index: 0,",
                  "        variant: \"variant\",",
                  "        fields: vec![],",
                  "        error: PhantomData,",
                  "    };",
                  "    variant.serialize_field(&true).unwrap();",
                  "    let mut variant = SerializeTupleVariant::<DummyError> { name: \"test\", variant_index: 0, variant: \"variant\", fields: vec![], error: PhantomData };",
                  "    let value = tri!(true.serialize(ContentSerializer::<DummyError>::new()));",
                  "    assert_eq!(variant.fields.len(), 1);",
                  "}"
                ],
                [
                  "{",
                  "    let mut variant = SerializeTupleVariant::<DummyError> {",
                  "        name: \"test\",",
                  "        variant_index: 0,",
                  "        variant: \"variant\",",
                  "        fields: vec![],",
                  "        error: PhantomData,",
                  "    };",
                  "    variant.serialize_field(&true).unwrap();",
                  "    let mut variant = SerializeTupleVariant::<DummyError> { name: \"test\", variant_index: 0, variant: \"variant\", fields: vec![], error: PhantomData };",
                  "    let value = tri!(true.serialize(ContentSerializer::<DummyError>::new()));",
                  "    assert!(matches!(variant.fields[0], Content::Bool(true)));",
                  "}"
                ]
              ],
              "can_compile": [
                {
                  "Err": "   Compiling proc-macro2 v1.0.95\n   Compiling syn v1.0.109\n   Compiling serde_derive v1.0.219 (/home/utgen/workspace/serde/serde_derive)\n   Compiling serde v1.0.219 (/home/utgen/workspace/serde/serde)\n   Compiling quote v1.0.40\n   Compiling syn v2.0.100\n   Compiling ntest_timeout v0.9.3\n   Compiling ntest_test_cases v0.9.3\n   Compiling ntest v0.9.3\nerror: unused import: `ntest::timeout`\n   --> serde/src/private/ser.rs:991:8\n    |\n991 |    use ntest::timeout;\n    |        ^^^^^^^^^^^^^^\n    |\nnote: the lint level is defined here\n   --> serde/src/lib.rs:159:23\n    |\n159 | #![deny(missing_docs, unused_imports)]\n    |                       ^^^^^^^^^^^^^^\n\nerror[E0277]: the trait bound `DummyError: std::error::Error` is not satisfied\n   --> serde/src/private/ser.rs:995:21\n    |\n995 | impl ser::Error for DummyError {\n    |                     ^^^^^^^^^^ the trait `std::error::Error` is not implemented for `DummyError`\n    |\nnote: required by a bound in `ser::Error`\n   --> serde/src/ser/mod.rs:142:38\n    |\n142 |         pub trait Error: Sized $(+ $($supertrait)::+)* {\n    |                                      ^^^^^^^^^^^ required by this bound in `Error`\n...\n186 | declare_error_trait!(Error: Sized + StdError);\n    | --------------------------------------------- in this macro invocation\n    = note: this error originates in the macro `declare_error_trait` (in Nightly builds, run with -Z macro-backtrace for more info)\n\nerror[E0599]: no method named `serialize_field` found for struct `__private::ser::content::SerializeTupleVariant` in the current scope\n    --> serde/src/private/ser.rs:1011:13\n     |\n842  |     pub struct SerializeTupleVariant<E> {\n     |     ----------------------------------- method `serialize_field` not found for this struct\n...\n1011 |     variant.serialize_field(&true).unwrap();\n     |             ^^^^^^^^^^^^^^^ method not found in `SerializeTupleVariant<DummyError>`\n     |\n    ::: serde/src/ser/mod.rs:1708:8\n     |\n1708 |     fn serialize_field<T>(&mut self, value: &T) -> Result<(), Self::Error>\n     |        --------------- the method is available for `__private::ser::content::SerializeTupleVariant<DummyError>` here\n     |\n     = help: items from traits can only be used if the trait is in scope\nhelp: trait `SerializeTupleVariant` which provides `serialize_field` is implemented but not in scope; perhaps you want to import it\n     |\n990  +    use crate::ser::SerializeTupleVariant;\n     |\n\nerror[E0308]: mismatched types\n    --> serde/src/lib.rs:298:32\n     |\n298  |             Err(err) => return Err(err),\n     |                                ^^^^^^^^ expected `()`, found `Result<_, DummyError>`\n     |\n    ::: serde/src/private/ser.rs:1013:17\n     |\n1013 |     let value = tri!(true.serialize(ContentSerializer::<DummyError>::new()));\n     |                 ------------------------------------------------------------ in this macro invocation\n     |\n     = note: expected unit type `()`\n                     found enum `Result<_, DummyError>`\n     = note: this error originates in the macro `tri` (in Nightly builds, run with -Z macro-backtrace for more info)\n\nSome errors have detailed explanations: E0277, E0308, E0599.\nFor more information about an error, try `rustc --explain E0277`.\nerror: could not compile `serde` (lib test) due to 4 previous errors\n"
                },
                {
                  "Err": "   Compiling proc-macro2 v1.0.95\n   Compiling syn v1.0.109\n   Compiling serde_derive v1.0.219 (/home/utgen/workspace/serde/serde_derive)\n   Compiling serde v1.0.219 (/home/utgen/workspace/serde/serde)\n   Compiling quote v1.0.40\n   Compiling syn v2.0.100\n   Compiling ntest_timeout v0.9.3\n   Compiling ntest_test_cases v0.9.3\n   Compiling ntest v0.9.3\nerror: unused import: `ntest::timeout`\n   --> serde/src/private/ser.rs:991:8\n    |\n991 |    use ntest::timeout;\n    |        ^^^^^^^^^^^^^^\n    |\nnote: the lint level is defined here\n   --> serde/src/lib.rs:159:23\n    |\n159 | #![deny(missing_docs, unused_imports)]\n    |                       ^^^^^^^^^^^^^^\n\nerror[E0277]: the trait bound `DummyError: std::error::Error` is not satisfied\n   --> serde/src/private/ser.rs:995:21\n    |\n995 | impl ser::Error for DummyError {\n    |                     ^^^^^^^^^^ the trait `std::error::Error` is not implemented for `DummyError`\n    |\nnote: required by a bound in `ser::Error`\n   --> serde/src/ser/mod.rs:142:38\n    |\n142 |         pub trait Error: Sized $(+ $($supertrait)::+)* {\n    |                                      ^^^^^^^^^^^ required by this bound in `Error`\n...\n186 | declare_error_trait!(Error: Sized + StdError);\n    | --------------------------------------------- in this macro invocation\n    = note: this error originates in the macro `declare_error_trait` (in Nightly builds, run with -Z macro-backtrace for more info)\n\nerror[E0599]: no method named `serialize_field` found for struct `__private::ser::content::SerializeTupleVariant` in the current scope\n    --> serde/src/private/ser.rs:1011:13\n     |\n842  |     pub struct SerializeTupleVariant<E> {\n     |     ----------------------------------- method `serialize_field` not found for this struct\n...\n1011 |     variant.serialize_field(&true).unwrap();\n     |             ^^^^^^^^^^^^^^^ method not found in `SerializeTupleVariant<DummyError>`\n     |\n    ::: serde/src/ser/mod.rs:1708:8\n     |\n1708 |     fn serialize_field<T>(&mut self, value: &T) -> Result<(), Self::Error>\n     |        --------------- the method is available for `__private::ser::content::SerializeTupleVariant<DummyError>` here\n     |\n     = help: items from traits can only be used if the trait is in scope\nhelp: trait `SerializeTupleVariant` which provides `serialize_field` is implemented but not in scope; perhaps you want to import it\n     |\n990  +    use crate::ser::SerializeTupleVariant;\n     |\n\nerror[E0308]: mismatched types\n    --> serde/src/lib.rs:298:32\n     |\n298  |             Err(err) => return Err(err),\n     |                                ^^^^^^^^ expected `()`, found `Result<_, DummyError>`\n     |\n    ::: serde/src/private/ser.rs:1013:17\n     |\n1013 |     let value = tri!(true.serialize(ContentSerializer::<DummyError>::new()));\n     |                 ------------------------------------------------------------ in this macro invocation\n     |\n     = note: expected unit type `()`\n                     found enum `Result<_, DummyError>`\n     = note: this error originates in the macro `tri` (in Nightly builds, run with -Z macro-backtrace for more info)\n\nSome errors have detailed explanations: E0277, E0308, E0599.\nFor more information about an error, try `rustc --explain E0277`.\nerror: could not compile `serde` (lib test) due to 4 previous errors\n"
                }
              ],
              "repaired": [
                false,
                false
              ]
            },
            {
              "attrs": [],
              "prefix": [
                "{",
                "    let mut variant = SerializeTupleVariant::<DummyError> {",
                "        name: \"test\",",
                "        variant_index: 1,",
                "        variant: \"variant\",",
                "        fields: vec![],",
                "        error: PhantomData,",
                "    };",
                "    variant.serialize_field(&(128u8)).unwrap();",
                "}"
              ],
              "oracles": [
                [
                  "    let mut variant = SerializeTupleVariant::<DummyError> { name: \"test\", variant_index: 1, variant: \"variant\", fields: vec![], error: PhantomData };",
                  "    assert!(variant.fields.len() == 1);"
                ],
                [
                  "    let mut variant = SerializeTupleVariant::<DummyError> { name: \"test\", variant_index: 1, variant: \"variant\", fields: vec![], error: PhantomData };",
                  "    assert!(matches!(variant.fields[0], Content::U8(128)));"
                ],
                [
                  "    let mut variant = SerializeTupleVariant::<DummyError> { name: \"test\", variant_index: 1, variant: \"variant\", fields: vec![], error: PhantomData };",
                  "    assert!(variant.serialize_field(&(128u8)).is_ok());"
                ]
              ],
              "codes": [
                [
                  "{",
                  "    let mut variant = SerializeTupleVariant::<DummyError> {",
                  "        name: \"test\",",
                  "        variant_index: 1,",
                  "        variant: \"variant\",",
                  "        fields: vec![],",
                  "        error: PhantomData,",
                  "    };",
                  "    variant.serialize_field(&(128u8)).unwrap();",
                  "    let mut variant = SerializeTupleVariant::<DummyError> { name: \"test\", variant_index: 1, variant: \"variant\", fields: vec![], error: PhantomData };",
                  "    assert!(variant.fields.len() == 1);",
                  "}"
                ],
                [
                  "{",
                  "    let mut variant = SerializeTupleVariant::<DummyError> {",
                  "        name: \"test\",",
                  "        variant_index: 1,",
                  "        variant: \"variant\",",
                  "        fields: vec![],",
                  "        error: PhantomData,",
                  "    };",
                  "    variant.serialize_field(&(128u8)).unwrap();",
                  "    let mut variant = SerializeTupleVariant::<DummyError> { name: \"test\", variant_index: 1, variant: \"variant\", fields: vec![], error: PhantomData };",
                  "    assert!(matches!(variant.fields[0], Content::U8(128)));",
                  "}"
                ],
                [
                  "{",
                  "    let mut variant = SerializeTupleVariant::<DummyError> {",
                  "        name: \"test\",",
                  "        variant_index: 1,",
                  "        variant: \"variant\",",
                  "        fields: vec![],",
                  "        error: PhantomData,",
                  "    };",
                  "    variant.serialize_field(&(128u8)).unwrap();",
                  "    let mut variant = SerializeTupleVariant::<DummyError> { name: \"test\", variant_index: 1, variant: \"variant\", fields: vec![], error: PhantomData };",
                  "    assert!(variant.serialize_field(&(128u8)).is_ok());",
                  "}"
                ]
              ],
              "can_compile": [
                {
                  "Err": "   Compiling proc-macro2 v1.0.95\n   Compiling syn v1.0.109\n   Compiling serde_derive v1.0.219 (/home/utgen/workspace/serde/serde_derive)\n   Compiling serde v1.0.219 (/home/utgen/workspace/serde/serde)\n   Compiling quote v1.0.40\n   Compiling syn v2.0.100\n   Compiling ntest_test_cases v0.9.3\n   Compiling ntest_timeout v0.9.3\n   Compiling ntest v0.9.3\nerror: unused import: `ntest::timeout`\n   --> serde/src/private/ser.rs:991:8\n    |\n991 |    use ntest::timeout;\n    |        ^^^^^^^^^^^^^^\n    |\nnote: the lint level is defined here\n   --> serde/src/lib.rs:159:23\n    |\n159 | #![deny(missing_docs, unused_imports)]\n    |                       ^^^^^^^^^^^^^^\n\nerror[E0277]: the trait bound `DummyError: std::error::Error` is not satisfied\n   --> serde/src/private/ser.rs:995:21\n    |\n995 | impl ser::Error for DummyError {\n    |                     ^^^^^^^^^^ the trait `std::error::Error` is not implemented for `DummyError`\n    |\nnote: required by a bound in `ser::Error`\n   --> serde/src/ser/mod.rs:142:38\n    |\n142 |         pub trait Error: Sized $(+ $($supertrait)::+)* {\n    |                                      ^^^^^^^^^^^ required by this bound in `Error`\n...\n186 | declare_error_trait!(Error: Sized + StdError);\n    | --------------------------------------------- in this macro invocation\n    = note: this error originates in the macro `declare_error_trait` (in Nightly builds, run with -Z macro-backtrace for more info)\n\nerror[E0599]: no method named `serialize_field` found for struct `__private::ser::content::SerializeTupleVariant` in the current scope\n    --> serde/src/private/ser.rs:1011:13\n     |\n842  |     pub struct SerializeTupleVariant<E> {\n     |     ----------------------------------- method `serialize_field` not found for this struct\n...\n1011 |     variant.serialize_field(&(128u8)).unwrap();\n     |             ^^^^^^^^^^^^^^^ method not found in `SerializeTupleVariant<DummyError>`\n     |\n    ::: serde/src/ser/mod.rs:1708:8\n     |\n1708 |     fn serialize_field<T>(&mut self, value: &T) -> Result<(), Self::Error>\n     |        --------------- the method is available for `__private::ser::content::SerializeTupleVariant<DummyError>` here\n     |\n     = help: items from traits can only be used if the trait is in scope\nhelp: trait `SerializeTupleVariant` which provides `serialize_field` is implemented but not in scope; perhaps you want to import it\n     |\n990  +    use crate::ser::SerializeTupleVariant;\n     |\n\nSome errors have detailed explanations: E0277, E0599.\nFor more information about an error, try `rustc --explain E0277`.\nerror: could not compile `serde` (lib test) due to 3 previous errors\n"
                },
                {
                  "Err": "   Compiling proc-macro2 v1.0.95\n   Compiling syn v1.0.109\n   Compiling serde_derive v1.0.219 (/home/utgen/workspace/serde/serde_derive)\n   Compiling serde v1.0.219 (/home/utgen/workspace/serde/serde)\n   Compiling quote v1.0.40\n   Compiling syn v2.0.100\n   Compiling ntest_test_cases v0.9.3\n   Compiling ntest_timeout v0.9.3\n   Compiling ntest v0.9.3\nerror: unused import: `ntest::timeout`\n   --> serde/src/private/ser.rs:991:8\n    |\n991 |    use ntest::timeout;\n    |        ^^^^^^^^^^^^^^\n    |\nnote: the lint level is defined here\n   --> serde/src/lib.rs:159:23\n    |\n159 | #![deny(missing_docs, unused_imports)]\n    |                       ^^^^^^^^^^^^^^\n\nerror[E0277]: the trait bound `DummyError: std::error::Error` is not satisfied\n   --> serde/src/private/ser.rs:995:21\n    |\n995 | impl ser::Error for DummyError {\n    |                     ^^^^^^^^^^ the trait `std::error::Error` is not implemented for `DummyError`\n    |\nnote: required by a bound in `ser::Error`\n   --> serde/src/ser/mod.rs:142:38\n    |\n142 |         pub trait Error: Sized $(+ $($supertrait)::+)* {\n    |                                      ^^^^^^^^^^^ required by this bound in `Error`\n...\n186 | declare_error_trait!(Error: Sized + StdError);\n    | --------------------------------------------- in this macro invocation\n    = note: this error originates in the macro `declare_error_trait` (in Nightly builds, run with -Z macro-backtrace for more info)\n\nerror[E0599]: no method named `serialize_field` found for struct `__private::ser::content::SerializeTupleVariant` in the current scope\n    --> serde/src/private/ser.rs:1011:13\n     |\n842  |     pub struct SerializeTupleVariant<E> {\n     |     ----------------------------------- method `serialize_field` not found for this struct\n...\n1011 |     variant.serialize_field(&(128u8)).unwrap();\n     |             ^^^^^^^^^^^^^^^ method not found in `SerializeTupleVariant<DummyError>`\n     |\n    ::: serde/src/ser/mod.rs:1708:8\n     |\n1708 |     fn serialize_field<T>(&mut self, value: &T) -> Result<(), Self::Error>\n     |        --------------- the method is available for `__private::ser::content::SerializeTupleVariant<DummyError>` here\n     |\n     = help: items from traits can only be used if the trait is in scope\nhelp: trait `SerializeTupleVariant` which provides `serialize_field` is implemented but not in scope; perhaps you want to import it\n     |\n990  +    use crate::ser::SerializeTupleVariant;\n     |\n\nSome errors have detailed explanations: E0277, E0599.\nFor more information about an error, try `rustc --explain E0277`.\nerror: could not compile `serde` (lib test) due to 3 previous errors\n"
                },
                {
                  "Err": "   Compiling proc-macro2 v1.0.95\n   Compiling syn v1.0.109\n   Compiling serde_derive v1.0.219 (/home/utgen/workspace/serde/serde_derive)\n   Compiling serde v1.0.219 (/home/utgen/workspace/serde/serde)\n   Compiling quote v1.0.40\n   Compiling syn v2.0.100\n   Compiling ntest_timeout v0.9.3\n   Compiling ntest_test_cases v0.9.3\n   Compiling ntest v0.9.3\nerror: unused import: `ntest::timeout`\n   --> serde/src/private/ser.rs:991:8\n    |\n991 |    use ntest::timeout;\n    |        ^^^^^^^^^^^^^^\n    |\nnote: the lint level is defined here\n   --> serde/src/lib.rs:159:23\n    |\n159 | #![deny(missing_docs, unused_imports)]\n    |                       ^^^^^^^^^^^^^^\n\nerror[E0277]: the trait bound `DummyError: std::error::Error` is not satisfied\n   --> serde/src/private/ser.rs:995:21\n    |\n995 | impl ser::Error for DummyError {\n    |                     ^^^^^^^^^^ the trait `std::error::Error` is not implemented for `DummyError`\n    |\nnote: required by a bound in `ser::Error`\n   --> serde/src/ser/mod.rs:142:38\n    |\n142 |         pub trait Error: Sized $(+ $($supertrait)::+)* {\n    |                                      ^^^^^^^^^^^ required by this bound in `Error`\n...\n186 | declare_error_trait!(Error: Sized + StdError);\n    | --------------------------------------------- in this macro invocation\n    = note: this error originates in the macro `declare_error_trait` (in Nightly builds, run with -Z macro-backtrace for more info)\n\nerror[E0599]: no method named `serialize_field` found for struct `__private::ser::content::SerializeTupleVariant` in the current scope\n    --> serde/src/private/ser.rs:1011:13\n     |\n842  |     pub struct SerializeTupleVariant<E> {\n     |     ----------------------------------- method `serialize_field` not found for this struct\n...\n1011 |     variant.serialize_field(&(128u8)).unwrap();\n     |             ^^^^^^^^^^^^^^^ method not found in `SerializeTupleVariant<DummyError>`\n     |\n    ::: serde/src/ser/mod.rs:1708:8\n     |\n1708 |     fn serialize_field<T>(&mut self, value: &T) -> Result<(), Self::Error>\n     |        --------------- the method is available for `__private::ser::content::SerializeTupleVariant<DummyError>` here\n     |\n     = help: items from traits can only be used if the trait is in scope\nhelp: trait `SerializeTupleVariant` which provides `serialize_field` is implemented but not in scope; perhaps you want to import it\n     |\n990  +    use crate::ser::SerializeTupleVariant;\n     |\n\nerror[E0599]: no method named `serialize_field` found for struct `__private::ser::content::SerializeTupleVariant` in the current scope\n    --> serde/src/private/ser.rs:1013:21\n     |\n842  |     pub struct SerializeTupleVariant<E> {\n     |     ----------------------------------- method `serialize_field` not found for this struct\n...\n1013 |     assert!(variant.serialize_field(&(128u8)).is_ok());\n     |                     ^^^^^^^^^^^^^^^ method not found in `SerializeTupleVariant<DummyError>`\n     |\n    ::: serde/src/ser/mod.rs:1708:8\n     |\n1708 |     fn serialize_field<T>(&mut self, value: &T) -> Result<(), Self::Error>\n     |        --------------- the method is available for `__private::ser::content::SerializeTupleVariant<DummyError>` here\n     |\n     = help: items from traits can only be used if the trait is in scope\nhelp: trait `SerializeTupleVariant` which provides `serialize_field` is implemented but not in scope; perhaps you want to import it\n     |\n990  +    use crate::ser::SerializeTupleVariant;\n     |\n\nSome errors have detailed explanations: E0277, E0599.\nFor more information about an error, try `rustc --explain E0277`.\nerror: could not compile `serde` (lib test) due to 4 previous errors\n"
                }
              ],
              "repaired": [
                false,
                false,
                false
              ]
            },
            {
              "attrs": [],
              "prefix": [
                "{",
                "    let mut variant = SerializeTupleVariant::<DummyError> {",
                "        name: \"test\",",
                "        variant_index: 2,",
                "        variant: \"variant\",",
                "        fields: vec![],",
                "        error: PhantomData,",
                "    };",
                "    variant.serialize_field(&(50000u16)).unwrap();",
                "}"
              ],
              "oracles": [
                [
                  "    let mut variant = SerializeTupleVariant::<DummyError> { name: \"test\", variant_index: 2, variant: \"variant\", fields: vec![], error: PhantomData };",
                  "    let result = variant.serialize_field(&(50000u16));",
                  "    assert!(result.is_ok());"
                ],
                [
                  "    let mut variant = SerializeTupleVariant::<DummyError> { name: \"test\", variant_index: 2, variant: \"variant\", fields: vec![], error: PhantomData };",
                  "    let result = variant.serialize_field(&(50000u16));",
                  "    assert_eq!(variant.fields.len(), 1);"
                ],
                [
                  "    let mut variant = SerializeTupleVariant::<DummyError> { name: \"test\", variant_index: 2, variant: \"variant\", fields: vec![], error: PhantomData };",
                  "    let result = variant.serialize_field(&(50000u16));",
                  "    if let Ok(content) = result {",
                  "    assert!(matches!(content, Content::U16(50000)));"
                ]
              ],
              "codes": [
                [
                  "{",
                  "    let mut variant = SerializeTupleVariant::<DummyError> {",
                  "        name: \"test\",",
                  "        variant_index: 2,",
                  "        variant: \"variant\",",
                  "        fields: vec![],",
                  "        error: PhantomData,",
                  "    };",
                  "    variant.serialize_field(&(50000u16)).unwrap();",
                  "    let mut variant = SerializeTupleVariant::<DummyError> { name: \"test\", variant_index: 2, variant: \"variant\", fields: vec![], error: PhantomData };",
                  "    let result = variant.serialize_field(&(50000u16));",
                  "    assert!(result.is_ok());",
                  "}"
                ],
                [
                  "{",
                  "    let mut variant = SerializeTupleVariant::<DummyError> {",
                  "        name: \"test\",",
                  "        variant_index: 2,",
                  "        variant: \"variant\",",
                  "        fields: vec![],",
                  "        error: PhantomData,",
                  "    };",
                  "    variant.serialize_field(&(50000u16)).unwrap();",
                  "    let mut variant = SerializeTupleVariant::<DummyError> { name: \"test\", variant_index: 2, variant: \"variant\", fields: vec![], error: PhantomData };",
                  "    let result = variant.serialize_field(&(50000u16));",
                  "    assert_eq!(variant.fields.len(), 1);",
                  "}"
                ],
                [
                  "{",
                  "    let mut variant = SerializeTupleVariant::<DummyError> {",
                  "        name: \"test\",",
                  "        variant_index: 2,",
                  "        variant: \"variant\",",
                  "        fields: vec![],",
                  "        error: PhantomData,",
                  "    };",
                  "    variant.serialize_field(&(50000u16)).unwrap();",
                  "    let mut variant = SerializeTupleVariant::<DummyError> { name: \"test\", variant_index: 2, variant: \"variant\", fields: vec![], error: PhantomData };",
                  "    let result = variant.serialize_field(&(50000u16));",
                  "    if let Ok(content) = result {",
                  "    assert!(matches!(content, Content::U16(50000)));",
                  "}"
                ]
              ],
              "can_compile": [
                {
                  "Err": "   Compiling proc-macro2 v1.0.95\n   Compiling syn v1.0.109\n   Compiling serde_derive v1.0.219 (/home/utgen/workspace/serde/serde_derive)\n   Compiling serde v1.0.219 (/home/utgen/workspace/serde/serde)\n   Compiling quote v1.0.40\n   Compiling syn v2.0.100\n   Compiling ntest_timeout v0.9.3\n   Compiling ntest_test_cases v0.9.3\n   Compiling ntest v0.9.3\nerror: unused import: `ntest::timeout`\n   --> serde/src/private/ser.rs:991:8\n    |\n991 |    use ntest::timeout;\n    |        ^^^^^^^^^^^^^^\n    |\nnote: the lint level is defined here\n   --> serde/src/lib.rs:159:23\n    |\n159 | #![deny(missing_docs, unused_imports)]\n    |                       ^^^^^^^^^^^^^^\n\nerror[E0277]: the trait bound `DummyError: std::error::Error` is not satisfied\n   --> serde/src/private/ser.rs:995:21\n    |\n995 | impl ser::Error for DummyError {\n    |                     ^^^^^^^^^^ the trait `std::error::Error` is not implemented for `DummyError`\n    |\nnote: required by a bound in `ser::Error`\n   --> serde/src/ser/mod.rs:142:38\n    |\n142 |         pub trait Error: Sized $(+ $($supertrait)::+)* {\n    |                                      ^^^^^^^^^^^ required by this bound in `Error`\n...\n186 | declare_error_trait!(Error: Sized + StdError);\n    | --------------------------------------------- in this macro invocation\n    = note: this error originates in the macro `declare_error_trait` (in Nightly builds, run with -Z macro-backtrace for more info)\n\nerror[E0599]: no method named `serialize_field` found for struct `__private::ser::content::SerializeTupleVariant` in the current scope\n    --> serde/src/private/ser.rs:1011:13\n     |\n842  |     pub struct SerializeTupleVariant<E> {\n     |     ----------------------------------- method `serialize_field` not found for this struct\n...\n1011 |     variant.serialize_field(&(50000u16)).unwrap();\n     |             ^^^^^^^^^^^^^^^ method not found in `SerializeTupleVariant<DummyError>`\n     |\n    ::: serde/src/ser/mod.rs:1708:8\n     |\n1708 |     fn serialize_field<T>(&mut self, value: &T) -> Result<(), Self::Error>\n     |        --------------- the method is available for `__private::ser::content::SerializeTupleVariant<DummyError>` here\n     |\n     = help: items from traits can only be used if the trait is in scope\nhelp: trait `SerializeTupleVariant` which provides `serialize_field` is implemented but not in scope; perhaps you want to import it\n     |\n990  +    use crate::ser::SerializeTupleVariant;\n     |\n\nerror[E0599]: no method named `serialize_field` found for struct `__private::ser::content::SerializeTupleVariant` in the current scope\n    --> serde/src/private/ser.rs:1013:26\n     |\n842  |     pub struct SerializeTupleVariant<E> {\n     |     ----------------------------------- method `serialize_field` not found for this struct\n...\n1013 |     let result = variant.serialize_field(&(50000u16));\n     |                          ^^^^^^^^^^^^^^^ method not found in `SerializeTupleVariant<DummyError>`\n     |\n    ::: serde/src/ser/mod.rs:1708:8\n     |\n1708 |     fn serialize_field<T>(&mut self, value: &T) -> Result<(), Self::Error>\n     |        --------------- the method is available for `__private::ser::content::SerializeTupleVariant<DummyError>` here\n     |\n     = help: items from traits can only be used if the trait is in scope\nhelp: trait `SerializeTupleVariant` which provides `serialize_field` is implemented but not in scope; perhaps you want to import it\n     |\n990  +    use crate::ser::SerializeTupleVariant;\n     |\n\nSome errors have detailed explanations: E0277, E0599.\nFor more information about an error, try `rustc --explain E0277`.\nerror: could not compile `serde` (lib test) due to 4 previous errors\n"
                },
                {
                  "Err": "   Compiling proc-macro2 v1.0.95\n   Compiling syn v1.0.109\n   Compiling serde_derive v1.0.219 (/home/utgen/workspace/serde/serde_derive)\n   Compiling serde v1.0.219 (/home/utgen/workspace/serde/serde)\n   Compiling quote v1.0.40\n   Compiling syn v2.0.100\n   Compiling ntest_timeout v0.9.3\n   Compiling ntest_test_cases v0.9.3\n   Compiling ntest v0.9.3\nerror: unused import: `ntest::timeout`\n   --> serde/src/private/ser.rs:991:8\n    |\n991 |    use ntest::timeout;\n    |        ^^^^^^^^^^^^^^\n    |\nnote: the lint level is defined here\n   --> serde/src/lib.rs:159:23\n    |\n159 | #![deny(missing_docs, unused_imports)]\n    |                       ^^^^^^^^^^^^^^\n\nerror[E0277]: the trait bound `DummyError: std::error::Error` is not satisfied\n   --> serde/src/private/ser.rs:995:21\n    |\n995 | impl ser::Error for DummyError {\n    |                     ^^^^^^^^^^ the trait `std::error::Error` is not implemented for `DummyError`\n    |\nnote: required by a bound in `ser::Error`\n   --> serde/src/ser/mod.rs:142:38\n    |\n142 |         pub trait Error: Sized $(+ $($supertrait)::+)* {\n    |                                      ^^^^^^^^^^^ required by this bound in `Error`\n...\n186 | declare_error_trait!(Error: Sized + StdError);\n    | --------------------------------------------- in this macro invocation\n    = note: this error originates in the macro `declare_error_trait` (in Nightly builds, run with -Z macro-backtrace for more info)\n\nerror[E0599]: no method named `serialize_field` found for struct `__private::ser::content::SerializeTupleVariant` in the current scope\n    --> serde/src/private/ser.rs:1011:13\n     |\n842  |     pub struct SerializeTupleVariant<E> {\n     |     ----------------------------------- method `serialize_field` not found for this struct\n...\n1011 |     variant.serialize_field(&(50000u16)).unwrap();\n     |             ^^^^^^^^^^^^^^^ method not found in `SerializeTupleVariant<DummyError>`\n     |\n    ::: serde/src/ser/mod.rs:1708:8\n     |\n1708 |     fn serialize_field<T>(&mut self, value: &T) -> Result<(), Self::Error>\n     |        --------------- the method is available for `__private::ser::content::SerializeTupleVariant<DummyError>` here\n     |\n     = help: items from traits can only be used if the trait is in scope\nhelp: trait `SerializeTupleVariant` which provides `serialize_field` is implemented but not in scope; perhaps you want to import it\n     |\n990  +    use crate::ser::SerializeTupleVariant;\n     |\n\nerror[E0599]: no method named `serialize_field` found for struct `__private::ser::content::SerializeTupleVariant` in the current scope\n    --> serde/src/private/ser.rs:1013:26\n     |\n842  |     pub struct SerializeTupleVariant<E> {\n     |     ----------------------------------- method `serialize_field` not found for this struct\n...\n1013 |     let result = variant.serialize_field(&(50000u16));\n     |                          ^^^^^^^^^^^^^^^ method not found in `SerializeTupleVariant<DummyError>`\n     |\n    ::: serde/src/ser/mod.rs:1708:8\n     |\n1708 |     fn serialize_field<T>(&mut self, value: &T) -> Result<(), Self::Error>\n     |        --------------- the method is available for `__private::ser::content::SerializeTupleVariant<DummyError>` here\n     |\n     = help: items from traits can only be used if the trait is in scope\nhelp: trait `SerializeTupleVariant` which provides `serialize_field` is implemented but not in scope; perhaps you want to import it\n     |\n990  +    use crate::ser::SerializeTupleVariant;\n     |\n\nSome errors have detailed explanations: E0277, E0599.\nFor more information about an error, try `rustc --explain E0277`.\nerror: could not compile `serde` (lib test) due to 4 previous errors\n"
                },
                {
                  "Err": "   Compiling proc-macro2 v1.0.95\n   Compiling syn v1.0.109\n   Compiling serde_derive v1.0.219 (/home/utgen/workspace/serde/serde_derive)\n   Compiling serde v1.0.219 (/home/utgen/workspace/serde/serde)\n   Compiling quote v1.0.40\n   Compiling syn v2.0.100\n   Compiling ntest_timeout v0.9.3\n   Compiling ntest_test_cases v0.9.3\n   Compiling ntest v0.9.3\nerror: this file contains an unclosed delimiter\n    --> serde/src/private/ser.rs:1393:2\n     |\n337  | mod content {\n     |             - unclosed delimiter\n...\n1393 | }\n     |  ^\n\nerror: could not compile `serde` (lib test) due to 1 previous error\n"
                }
              ],
              "repaired": [
                false,
                false,
                false
              ]
            },
            {
              "attrs": [],
              "prefix": [
                "{",
                "    let mut variant = SerializeTupleVariant::<DummyError> {",
                "        name: \"test\",",
                "        variant_index: 3,",
                "        variant: \"variant\",",
                "        fields: vec![],",
                "        error: PhantomData,",
                "    };",
                "    variant.serialize_field(&(3000000000u32)).unwrap();",
                "}"
              ],
              "oracles": [
                [
                  "    let mut variant = SerializeTupleVariant::<DummyError> { name: \"test\", variant_index: 3, variant: \"variant\", fields: vec![], error: PhantomData };",
                  "    assert_eq!(variant.fields.len(), 0);"
                ],
                [
                  "    let mut variant = SerializeTupleVariant::<DummyError> { name: \"test\", variant_index: 3, variant: \"variant\", fields: vec![], error: PhantomData };",
                  "    variant.serialize_field(&(3000000000u32)).unwrap();",
                  "    assert_eq!(variant.fields.len(), 1);"
                ],
                [
                  "    let mut variant = SerializeTupleVariant::<DummyError> { name: \"test\", variant_index: 3, variant: \"variant\", fields: vec![], error: PhantomData };",
                  "    variant.serialize_field(&(3000000000u32)).unwrap();",
                  "    assert!(matches!(variant.fields[0], Content::U32(3000000000)));"
                ]
              ],
              "codes": [
                [
                  "{",
                  "    let mut variant = SerializeTupleVariant::<DummyError> {",
                  "        name: \"test\",",
                  "        variant_index: 3,",
                  "        variant: \"variant\",",
                  "        fields: vec![],",
                  "        error: PhantomData,",
                  "    };",
                  "    variant.serialize_field(&(3000000000u32)).unwrap();",
                  "    let mut variant = SerializeTupleVariant::<DummyError> { name: \"test\", variant_index: 3, variant: \"variant\", fields: vec![], error: PhantomData };",
                  "    assert_eq!(variant.fields.len(), 0);",
                  "}"
                ],
                [
                  "{",
                  "    let mut variant = SerializeTupleVariant::<DummyError> {",
                  "        name: \"test\",",
                  "        variant_index: 3,",
                  "        variant: \"variant\",",
                  "        fields: vec![],",
                  "        error: PhantomData,",
                  "    };",
                  "    variant.serialize_field(&(3000000000u32)).unwrap();",
                  "    let mut variant = SerializeTupleVariant::<DummyError> { name: \"test\", variant_index: 3, variant: \"variant\", fields: vec![], error: PhantomData };",
                  "    variant.serialize_field(&(3000000000u32)).unwrap();",
                  "    assert_eq!(variant.fields.len(), 1);",
                  "}"
                ],
                [
                  "{",
                  "    let mut variant = SerializeTupleVariant::<DummyError> {",
                  "        name: \"test\",",
                  "        variant_index: 3,",
                  "        variant: \"variant\",",
                  "        fields: vec![],",
                  "        error: PhantomData,",
                  "    };",
                  "    variant.serialize_field(&(3000000000u32)).unwrap();",
                  "    let mut variant = SerializeTupleVariant::<DummyError> { name: \"test\", variant_index: 3, variant: \"variant\", fields: vec![], error: PhantomData };",
                  "    variant.serialize_field(&(3000000000u32)).unwrap();",
                  "    assert!(matches!(variant.fields[0], Content::U32(3000000000)));",
                  "}"
                ]
              ],
              "can_compile": [
                {
                  "Err": "   Compiling proc-macro2 v1.0.95\n   Compiling syn v1.0.109\n   Compiling serde_derive v1.0.219 (/home/utgen/workspace/serde/serde_derive)\n   Compiling serde v1.0.219 (/home/utgen/workspace/serde/serde)\n   Compiling quote v1.0.40\n   Compiling syn v2.0.100\n   Compiling ntest_test_cases v0.9.3\n   Compiling ntest_timeout v0.9.3\n   Compiling ntest v0.9.3\nerror: unused import: `ntest::timeout`\n   --> serde/src/private/ser.rs:991:8\n    |\n991 |    use ntest::timeout;\n    |        ^^^^^^^^^^^^^^\n    |\nnote: the lint level is defined here\n   --> serde/src/lib.rs:159:23\n    |\n159 | #![deny(missing_docs, unused_imports)]\n    |                       ^^^^^^^^^^^^^^\n\nerror[E0277]: the trait bound `DummyError: std::error::Error` is not satisfied\n   --> serde/src/private/ser.rs:995:21\n    |\n995 | impl ser::Error for DummyError {\n    |                     ^^^^^^^^^^ the trait `std::error::Error` is not implemented for `DummyError`\n    |\nnote: required by a bound in `ser::Error`\n   --> serde/src/ser/mod.rs:142:38\n    |\n142 |         pub trait Error: Sized $(+ $($supertrait)::+)* {\n    |                                      ^^^^^^^^^^^ required by this bound in `Error`\n...\n186 | declare_error_trait!(Error: Sized + StdError);\n    | --------------------------------------------- in this macro invocation\n    = note: this error originates in the macro `declare_error_trait` (in Nightly builds, run with -Z macro-backtrace for more info)\n\nerror[E0599]: no method named `serialize_field` found for struct `__private::ser::content::SerializeTupleVariant` in the current scope\n    --> serde/src/private/ser.rs:1011:13\n     |\n842  |     pub struct SerializeTupleVariant<E> {\n     |     ----------------------------------- method `serialize_field` not found for this struct\n...\n1011 |     variant.serialize_field(&(3000000000u32)).unwrap();\n     |             ^^^^^^^^^^^^^^^ method not found in `SerializeTupleVariant<DummyError>`\n     |\n    ::: serde/src/ser/mod.rs:1708:8\n     |\n1708 |     fn serialize_field<T>(&mut self, value: &T) -> Result<(), Self::Error>\n     |        --------------- the method is available for `__private::ser::content::SerializeTupleVariant<DummyError>` here\n     |\n     = help: items from traits can only be used if the trait is in scope\nhelp: trait `SerializeTupleVariant` which provides `serialize_field` is implemented but not in scope; perhaps you want to import it\n     |\n990  +    use crate::ser::SerializeTupleVariant;\n     |\n\nSome errors have detailed explanations: E0277, E0599.\nFor more information about an error, try `rustc --explain E0277`.\nerror: could not compile `serde` (lib test) due to 3 previous errors\n"
                },
                {
                  "Err": "   Compiling proc-macro2 v1.0.95\n   Compiling syn v1.0.109\n   Compiling serde_derive v1.0.219 (/home/utgen/workspace/serde/serde_derive)\n   Compiling serde v1.0.219 (/home/utgen/workspace/serde/serde)\n   Compiling quote v1.0.40\n   Compiling syn v2.0.100\n   Compiling ntest_test_cases v0.9.3\n   Compiling ntest_timeout v0.9.3\n   Compiling ntest v0.9.3\nerror: unused import: `ntest::timeout`\n   --> serde/src/private/ser.rs:991:8\n    |\n991 |    use ntest::timeout;\n    |        ^^^^^^^^^^^^^^\n    |\nnote: the lint level is defined here\n   --> serde/src/lib.rs:159:23\n    |\n159 | #![deny(missing_docs, unused_imports)]\n    |                       ^^^^^^^^^^^^^^\n\nerror[E0277]: the trait bound `DummyError: std::error::Error` is not satisfied\n   --> serde/src/private/ser.rs:995:21\n    |\n995 | impl ser::Error for DummyError {\n    |                     ^^^^^^^^^^ the trait `std::error::Error` is not implemented for `DummyError`\n    |\nnote: required by a bound in `ser::Error`\n   --> serde/src/ser/mod.rs:142:38\n    |\n142 |         pub trait Error: Sized $(+ $($supertrait)::+)* {\n    |                                      ^^^^^^^^^^^ required by this bound in `Error`\n...\n186 | declare_error_trait!(Error: Sized + StdError);\n    | --------------------------------------------- in this macro invocation\n    = note: this error originates in the macro `declare_error_trait` (in Nightly builds, run with -Z macro-backtrace for more info)\n\nerror[E0599]: no method named `serialize_field` found for struct `__private::ser::content::SerializeTupleVariant` in the current scope\n    --> serde/src/private/ser.rs:1011:13\n     |\n842  |     pub struct SerializeTupleVariant<E> {\n     |     ----------------------------------- method `serialize_field` not found for this struct\n...\n1011 |     variant.serialize_field(&(3000000000u32)).unwrap();\n     |             ^^^^^^^^^^^^^^^ method not found in `SerializeTupleVariant<DummyError>`\n     |\n    ::: serde/src/ser/mod.rs:1708:8\n     |\n1708 |     fn serialize_field<T>(&mut self, value: &T) -> Result<(), Self::Error>\n     |        --------------- the method is available for `__private::ser::content::SerializeTupleVariant<DummyError>` here\n     |\n     = help: items from traits can only be used if the trait is in scope\nhelp: trait `SerializeTupleVariant` which provides `serialize_field` is implemented but not in scope; perhaps you want to import it\n     |\n990  +    use crate::ser::SerializeTupleVariant;\n     |\n\nerror[E0599]: no method named `serialize_field` found for struct `__private::ser::content::SerializeTupleVariant` in the current scope\n    --> serde/src/private/ser.rs:1013:13\n     |\n842  |     pub struct SerializeTupleVariant<E> {\n     |     ----------------------------------- method `serialize_field` not found for this struct\n...\n1013 |     variant.serialize_field(&(3000000000u32)).unwrap();\n     |             ^^^^^^^^^^^^^^^ method not found in `SerializeTupleVariant<DummyError>`\n     |\n    ::: serde/src/ser/mod.rs:1708:8\n     |\n1708 |     fn serialize_field<T>(&mut self, value: &T) -> Result<(), Self::Error>\n     |        --------------- the method is available for `__private::ser::content::SerializeTupleVariant<DummyError>` here\n     |\n     = help: items from traits can only be used if the trait is in scope\nhelp: trait `SerializeTupleVariant` which provides `serialize_field` is implemented but not in scope; perhaps you want to import it\n     |\n990  +    use crate::ser::SerializeTupleVariant;\n     |\n\nSome errors have detailed explanations: E0277, E0599.\nFor more information about an error, try `rustc --explain E0277`.\nerror: could not compile `serde` (lib test) due to 4 previous errors\n"
                },
                {
                  "Err": "   Compiling proc-macro2 v1.0.95\n   Compiling syn v1.0.109\n   Compiling serde_derive v1.0.219 (/home/utgen/workspace/serde/serde_derive)\n   Compiling serde v1.0.219 (/home/utgen/workspace/serde/serde)\n   Compiling quote v1.0.40\n   Compiling syn v2.0.100\n   Compiling ntest_timeout v0.9.3\n   Compiling ntest_test_cases v0.9.3\n   Compiling ntest v0.9.3\nerror: unused import: `ntest::timeout`\n   --> serde/src/private/ser.rs:991:8\n    |\n991 |    use ntest::timeout;\n    |        ^^^^^^^^^^^^^^\n    |\nnote: the lint level is defined here\n   --> serde/src/lib.rs:159:23\n    |\n159 | #![deny(missing_docs, unused_imports)]\n    |                       ^^^^^^^^^^^^^^\n\nerror[E0277]: the trait bound `DummyError: std::error::Error` is not satisfied\n   --> serde/src/private/ser.rs:995:21\n    |\n995 | impl ser::Error for DummyError {\n    |                     ^^^^^^^^^^ the trait `std::error::Error` is not implemented for `DummyError`\n    |\nnote: required by a bound in `ser::Error`\n   --> serde/src/ser/mod.rs:142:38\n    |\n142 |         pub trait Error: Sized $(+ $($supertrait)::+)* {\n    |                                      ^^^^^^^^^^^ required by this bound in `Error`\n...\n186 | declare_error_trait!(Error: Sized + StdError);\n    | --------------------------------------------- in this macro invocation\n    = note: this error originates in the macro `declare_error_trait` (in Nightly builds, run with -Z macro-backtrace for more info)\n\nerror[E0599]: no method named `serialize_field` found for struct `__private::ser::content::SerializeTupleVariant` in the current scope\n    --> serde/src/private/ser.rs:1011:13\n     |\n842  |     pub struct SerializeTupleVariant<E> {\n     |     ----------------------------------- method `serialize_field` not found for this struct\n...\n1011 |     variant.serialize_field(&(3000000000u32)).unwrap();\n     |             ^^^^^^^^^^^^^^^ method not found in `SerializeTupleVariant<DummyError>`\n     |\n    ::: serde/src/ser/mod.rs:1708:8\n     |\n1708 |     fn serialize_field<T>(&mut self, value: &T) -> Result<(), Self::Error>\n     |        --------------- the method is available for `__private::ser::content::SerializeTupleVariant<DummyError>` here\n     |\n     = help: items from traits can only be used if the trait is in scope\nhelp: trait `SerializeTupleVariant` which provides `serialize_field` is implemented but not in scope; perhaps you want to import it\n     |\n990  +    use crate::ser::SerializeTupleVariant;\n     |\n\nerror[E0599]: no method named `serialize_field` found for struct `__private::ser::content::SerializeTupleVariant` in the current scope\n    --> serde/src/private/ser.rs:1013:13\n     |\n842  |     pub struct SerializeTupleVariant<E> {\n     |     ----------------------------------- method `serialize_field` not found for this struct\n...\n1013 |     variant.serialize_field(&(3000000000u32)).unwrap();\n     |             ^^^^^^^^^^^^^^^ method not found in `SerializeTupleVariant<DummyError>`\n     |\n    ::: serde/src/ser/mod.rs:1708:8\n     |\n1708 |     fn serialize_field<T>(&mut self, value: &T) -> Result<(), Self::Error>\n     |        --------------- the method is available for `__private::ser::content::SerializeTupleVariant<DummyError>` here\n     |\n     = help: items from traits can only be used if the trait is in scope\nhelp: trait `SerializeTupleVariant` which provides `serialize_field` is implemented but not in scope; perhaps you want to import it\n     |\n990  +    use crate::ser::SerializeTupleVariant;\n     |\n\nSome errors have detailed explanations: E0277, E0599.\nFor more information about an error, try `rustc --explain E0277`.\nerror: could not compile `serde` (lib test) due to 4 previous errors\n"
                }
              ],
              "repaired": [
                false,
                false,
                false
              ]
            },
            {
              "attrs": [],
              "prefix": [
                "{",
                "    let mut variant = SerializeTupleVariant::<DummyError> {",
                "        name: \"test\",",
                "        variant_index: 4,",
                "        variant: \"variant\",",
                "        fields: vec![],",
                "        error: PhantomData,",
                "    };",
                "    variant.serialize_field(&(1000000000000u64)).unwrap();",
                "}"
              ],
              "oracles": [
                [
                  "    let mut variant = SerializeTupleVariant::<DummyError> { name: \"test\", variant_index: 4, variant: \"variant\", fields: vec![], error: PhantomData };",
                  "    assert_eq!(variant.fields.len(), 0);"
                ],
                [
                  "    let mut variant = SerializeTupleVariant::<DummyError> { name: \"test\", variant_index: 4, variant: \"variant\", fields: vec![], error: PhantomData };",
                  "    variant.serialize_field(&(1000000000000u64)).unwrap();",
                  "    assert_eq!(variant.fields.len(), 1);"
                ],
                [
                  "    let mut variant = SerializeTupleVariant::<DummyError> { name: \"test\", variant_index: 4, variant: \"variant\", fields: vec![], error: PhantomData };",
                  "    variant.serialize_field(&(1000000000000u64)).unwrap();",
                  "    assert!(matches!(variant.fields[0], Content::U64(1000000000000u64)));"
                ]
              ],
              "codes": [
                [
                  "{",
                  "    let mut variant = SerializeTupleVariant::<DummyError> {",
                  "        name: \"test\",",
                  "        variant_index: 4,",
                  "        variant: \"variant\",",
                  "        fields: vec![],",
                  "        error: PhantomData,",
                  "    };",
                  "    variant.serialize_field(&(1000000000000u64)).unwrap();",
                  "    let mut variant = SerializeTupleVariant::<DummyError> { name: \"test\", variant_index: 4, variant: \"variant\", fields: vec![], error: PhantomData };",
                  "    assert_eq!(variant.fields.len(), 0);",
                  "}"
                ],
                [
                  "{",
                  "    let mut variant = SerializeTupleVariant::<DummyError> {",
                  "        name: \"test\",",
                  "        variant_index: 4,",
                  "        variant: \"variant\",",
                  "        fields: vec![],",
                  "        error: PhantomData,",
                  "    };",
                  "    variant.serialize_field(&(1000000000000u64)).unwrap();",
                  "    let mut variant = SerializeTupleVariant::<DummyError> { name: \"test\", variant_index: 4, variant: \"variant\", fields: vec![], error: PhantomData };",
                  "    variant.serialize_field(&(1000000000000u64)).unwrap();",
                  "    assert_eq!(variant.fields.len(), 1);",
                  "}"
                ],
                [
                  "{",
                  "    let mut variant = SerializeTupleVariant::<DummyError> {",
                  "        name: \"test\",",
                  "        variant_index: 4,",
                  "        variant: \"variant\",",
                  "        fields: vec![],",
                  "        error: PhantomData,",
                  "    };",
                  "    variant.serialize_field(&(1000000000000u64)).unwrap();",
                  "    let mut variant = SerializeTupleVariant::<DummyError> { name: \"test\", variant_index: 4, variant: \"variant\", fields: vec![], error: PhantomData };",
                  "    variant.serialize_field(&(1000000000000u64)).unwrap();",
                  "    assert!(matches!(variant.fields[0], Content::U64(1000000000000u64)));",
                  "}"
                ]
              ],
              "can_compile": [
                {
                  "Err": "   Compiling proc-macro2 v1.0.95\n   Compiling syn v1.0.109\n   Compiling serde_derive v1.0.219 (/home/utgen/workspace/serde/serde_derive)\n   Compiling serde v1.0.219 (/home/utgen/workspace/serde/serde)\n   Compiling quote v1.0.40\n   Compiling syn v2.0.100\n   Compiling ntest_test_cases v0.9.3\n   Compiling ntest_timeout v0.9.3\n   Compiling ntest v0.9.3\nerror: unused import: `ntest::timeout`\n   --> serde/src/private/ser.rs:991:8\n    |\n991 |    use ntest::timeout;\n    |        ^^^^^^^^^^^^^^\n    |\nnote: the lint level is defined here\n   --> serde/src/lib.rs:159:23\n    |\n159 | #![deny(missing_docs, unused_imports)]\n    |                       ^^^^^^^^^^^^^^\n\nerror[E0277]: the trait bound `DummyError: std::error::Error` is not satisfied\n   --> serde/src/private/ser.rs:995:21\n    |\n995 | impl ser::Error for DummyError {\n    |                     ^^^^^^^^^^ the trait `std::error::Error` is not implemented for `DummyError`\n    |\nnote: required by a bound in `ser::Error`\n   --> serde/src/ser/mod.rs:142:38\n    |\n142 |         pub trait Error: Sized $(+ $($supertrait)::+)* {\n    |                                      ^^^^^^^^^^^ required by this bound in `Error`\n...\n186 | declare_error_trait!(Error: Sized + StdError);\n    | --------------------------------------------- in this macro invocation\n    = note: this error originates in the macro `declare_error_trait` (in Nightly builds, run with -Z macro-backtrace for more info)\n\nerror[E0599]: no method named `serialize_field` found for struct `__private::ser::content::SerializeTupleVariant` in the current scope\n    --> serde/src/private/ser.rs:1011:13\n     |\n842  |     pub struct SerializeTupleVariant<E> {\n     |     ----------------------------------- method `serialize_field` not found for this struct\n...\n1011 |     variant.serialize_field(&(1000000000000u64)).unwrap();\n     |             ^^^^^^^^^^^^^^^ method not found in `SerializeTupleVariant<DummyError>`\n     |\n    ::: serde/src/ser/mod.rs:1708:8\n     |\n1708 |     fn serialize_field<T>(&mut self, value: &T) -> Result<(), Self::Error>\n     |        --------------- the method is available for `__private::ser::content::SerializeTupleVariant<DummyError>` here\n     |\n     = help: items from traits can only be used if the trait is in scope\nhelp: trait `SerializeTupleVariant` which provides `serialize_field` is implemented but not in scope; perhaps you want to import it\n     |\n990  +    use crate::ser::SerializeTupleVariant;\n     |\n\nSome errors have detailed explanations: E0277, E0599.\nFor more information about an error, try `rustc --explain E0277`.\nerror: could not compile `serde` (lib test) due to 3 previous errors\n"
                },
                {
                  "Err": "   Compiling proc-macro2 v1.0.95\n   Compiling syn v1.0.109\n   Compiling serde_derive v1.0.219 (/home/utgen/workspace/serde/serde_derive)\n   Compiling serde v1.0.219 (/home/utgen/workspace/serde/serde)\n   Compiling quote v1.0.40\n   Compiling syn v2.0.100\n   Compiling ntest_timeout v0.9.3\n   Compiling ntest_test_cases v0.9.3\n   Compiling ntest v0.9.3\nerror: unused import: `ntest::timeout`\n   --> serde/src/private/ser.rs:991:8\n    |\n991 |    use ntest::timeout;\n    |        ^^^^^^^^^^^^^^\n    |\nnote: the lint level is defined here\n   --> serde/src/lib.rs:159:23\n    |\n159 | #![deny(missing_docs, unused_imports)]\n    |                       ^^^^^^^^^^^^^^\n\nerror[E0277]: the trait bound `DummyError: std::error::Error` is not satisfied\n   --> serde/src/private/ser.rs:995:21\n    |\n995 | impl ser::Error for DummyError {\n    |                     ^^^^^^^^^^ the trait `std::error::Error` is not implemented for `DummyError`\n    |\nnote: required by a bound in `ser::Error`\n   --> serde/src/ser/mod.rs:142:38\n    |\n142 |         pub trait Error: Sized $(+ $($supertrait)::+)* {\n    |                                      ^^^^^^^^^^^ required by this bound in `Error`\n...\n186 | declare_error_trait!(Error: Sized + StdError);\n    | --------------------------------------------- in this macro invocation\n    = note: this error originates in the macro `declare_error_trait` (in Nightly builds, run with -Z macro-backtrace for more info)\n\nerror[E0599]: no method named `serialize_field` found for struct `__private::ser::content::SerializeTupleVariant` in the current scope\n    --> serde/src/private/ser.rs:1011:13\n     |\n842  |     pub struct SerializeTupleVariant<E> {\n     |     ----------------------------------- method `serialize_field` not found for this struct\n...\n1011 |     variant.serialize_field(&(1000000000000u64)).unwrap();\n     |             ^^^^^^^^^^^^^^^ method not found in `SerializeTupleVariant<DummyError>`\n     |\n    ::: serde/src/ser/mod.rs:1708:8\n     |\n1708 |     fn serialize_field<T>(&mut self, value: &T) -> Result<(), Self::Error>\n     |        --------------- the method is available for `__private::ser::content::SerializeTupleVariant<DummyError>` here\n     |\n     = help: items from traits can only be used if the trait is in scope\nhelp: trait `SerializeTupleVariant` which provides `serialize_field` is implemented but not in scope; perhaps you want to import it\n     |\n990  +    use crate::ser::SerializeTupleVariant;\n     |\n\nerror[E0599]: no method named `serialize_field` found for struct `__private::ser::content::SerializeTupleVariant` in the current scope\n    --> serde/src/private/ser.rs:1013:13\n     |\n842  |     pub struct SerializeTupleVariant<E> {\n     |     ----------------------------------- method `serialize_field` not found for this struct\n...\n1013 |     variant.serialize_field(&(1000000000000u64)).unwrap();\n     |             ^^^^^^^^^^^^^^^ method not found in `SerializeTupleVariant<DummyError>`\n     |\n    ::: serde/src/ser/mod.rs:1708:8\n     |\n1708 |     fn serialize_field<T>(&mut self, value: &T) -> Result<(), Self::Error>\n     |        --------------- the method is available for `__private::ser::content::SerializeTupleVariant<DummyError>` here\n     |\n     = help: items from traits can only be used if the trait is in scope\nhelp: trait `SerializeTupleVariant` which provides `serialize_field` is implemented but not in scope; perhaps you want to import it\n     |\n990  +    use crate::ser::SerializeTupleVariant;\n     |\n\nSome errors have detailed explanations: E0277, E0599.\nFor more information about an error, try `rustc --explain E0277`.\nerror: could not compile `serde` (lib test) due to 4 previous errors\n"
                },
                {
                  "Err": "   Compiling proc-macro2 v1.0.95\n   Compiling syn v1.0.109\n   Compiling serde_derive v1.0.219 (/home/utgen/workspace/serde/serde_derive)\n   Compiling serde v1.0.219 (/home/utgen/workspace/serde/serde)\n   Compiling quote v1.0.40\n   Compiling syn v2.0.100\n   Compiling ntest_test_cases v0.9.3\n   Compiling ntest_timeout v0.9.3\n   Compiling ntest v0.9.3\nerror: unused import: `ntest::timeout`\n   --> serde/src/private/ser.rs:991:8\n    |\n991 |    use ntest::timeout;\n    |        ^^^^^^^^^^^^^^\n    |\nnote: the lint level is defined here\n   --> serde/src/lib.rs:159:23\n    |\n159 | #![deny(missing_docs, unused_imports)]\n    |                       ^^^^^^^^^^^^^^\n\nerror[E0277]: the trait bound `DummyError: std::error::Error` is not satisfied\n   --> serde/src/private/ser.rs:995:21\n    |\n995 | impl ser::Error for DummyError {\n    |                     ^^^^^^^^^^ the trait `std::error::Error` is not implemented for `DummyError`\n    |\nnote: required by a bound in `ser::Error`\n   --> serde/src/ser/mod.rs:142:38\n    |\n142 |         pub trait Error: Sized $(+ $($supertrait)::+)* {\n    |                                      ^^^^^^^^^^^ required by this bound in `Error`\n...\n186 | declare_error_trait!(Error: Sized + StdError);\n    | --------------------------------------------- in this macro invocation\n    = note: this error originates in the macro `declare_error_trait` (in Nightly builds, run with -Z macro-backtrace for more info)\n\nerror[E0599]: no method named `serialize_field` found for struct `__private::ser::content::SerializeTupleVariant` in the current scope\n    --> serde/src/private/ser.rs:1011:13\n     |\n842  |     pub struct SerializeTupleVariant<E> {\n     |     ----------------------------------- method `serialize_field` not found for this struct\n...\n1011 |     variant.serialize_field(&(1000000000000u64)).unwrap();\n     |             ^^^^^^^^^^^^^^^ method not found in `SerializeTupleVariant<DummyError>`\n     |\n    ::: serde/src/ser/mod.rs:1708:8\n     |\n1708 |     fn serialize_field<T>(&mut self, value: &T) -> Result<(), Self::Error>\n     |        --------------- the method is available for `__private::ser::content::SerializeTupleVariant<DummyError>` here\n     |\n     = help: items from traits can only be used if the trait is in scope\nhelp: trait `SerializeTupleVariant` which provides `serialize_field` is implemented but not in scope; perhaps you want to import it\n     |\n990  +    use crate::ser::SerializeTupleVariant;\n     |\n\nerror[E0599]: no method named `serialize_field` found for struct `__private::ser::content::SerializeTupleVariant` in the current scope\n    --> serde/src/private/ser.rs:1013:13\n     |\n842  |     pub struct SerializeTupleVariant<E> {\n     |     ----------------------------------- method `serialize_field` not found for this struct\n...\n1013 |     variant.serialize_field(&(1000000000000u64)).unwrap();\n     |             ^^^^^^^^^^^^^^^ method not found in `SerializeTupleVariant<DummyError>`\n     |\n    ::: serde/src/ser/mod.rs:1708:8\n     |\n1708 |     fn serialize_field<T>(&mut self, value: &T) -> Result<(), Self::Error>\n     |        --------------- the method is available for `__private::ser::content::SerializeTupleVariant<DummyError>` here\n     |\n     = help: items from traits can only be used if the trait is in scope\nhelp: trait `SerializeTupleVariant` which provides `serialize_field` is implemented but not in scope; perhaps you want to import it\n     |\n990  +    use crate::ser::SerializeTupleVariant;\n     |\n\nSome errors have detailed explanations: E0277, E0599.\nFor more information about an error, try `rustc --explain E0277`.\nerror: could not compile `serde` (lib test) due to 4 previous errors\n"
                }
              ],
              "repaired": [
                false,
                false,
                false
              ]
            },
            {
              "attrs": [],
              "prefix": [
                "{",
                "    let mut variant = SerializeTupleVariant::<DummyError> {",
                "        name: \"test\",",
                "        variant_index: 5,",
                "        variant: \"variant\",",
                "        fields: vec![],",
                "        error: PhantomData,",
                "    };",
                "    variant.serialize_field(&(-100i8)).unwrap();",
                "}"
              ],
              "oracles": [
                [
                  "    let mut variant = SerializeTupleVariant::<DummyError> { name: \"test\", variant_index: 5, variant: \"variant\", fields: vec![], error: PhantomData };",
                  "    assert!(variant.fields.len() == 0);"
                ],
                [
                  "    let mut variant = SerializeTupleVariant::<DummyError> { name: \"test\", variant_index: 5, variant: \"variant\", fields: vec![], error: PhantomData };",
                  "    variant.serialize_field(&(-100i8)).unwrap();",
                  "    assert!(variant.fields.len() == 1);"
                ],
                [
                  "    let mut variant = SerializeTupleVariant::<DummyError> { name: \"test\", variant_index: 5, variant: \"variant\", fields: vec![], error: PhantomData };",
                  "    variant.serialize_field(&(-100i8)).unwrap();",
                  "    assert!(matches!(variant.fields[0], Content::I8(-100)));"
                ]
              ],
              "codes": [
                [
                  "{",
                  "    let mut variant = SerializeTupleVariant::<DummyError> {",
                  "        name: \"test\",",
                  "        variant_index: 5,",
                  "        variant: \"variant\",",
                  "        fields: vec![],",
                  "        error: PhantomData,",
                  "    };",
                  "    variant.serialize_field(&(-100i8)).unwrap();",
                  "    let mut variant = SerializeTupleVariant::<DummyError> { name: \"test\", variant_index: 5, variant: \"variant\", fields: vec![], error: PhantomData };",
                  "    assert!(variant.fields.len() == 0);",
                  "}"
                ],
                [
                  "{",
                  "    let mut variant = SerializeTupleVariant::<DummyError> {",
                  "        name: \"test\",",
                  "        variant_index: 5,",
                  "        variant: \"variant\",",
                  "        fields: vec![],",
                  "        error: PhantomData,",
                  "    };",
                  "    variant.serialize_field(&(-100i8)).unwrap();",
                  "    let mut variant = SerializeTupleVariant::<DummyError> { name: \"test\", variant_index: 5, variant: \"variant\", fields: vec![], error: PhantomData };",
                  "    variant.serialize_field(&(-100i8)).unwrap();",
                  "    assert!(variant.fields.len() == 1);",
                  "}"
                ],
                [
                  "{",
                  "    let mut variant = SerializeTupleVariant::<DummyError> {",
                  "        name: \"test\",",
                  "        variant_index: 5,",
                  "        variant: \"variant\",",
                  "        fields: vec![],",
                  "        error: PhantomData,",
                  "    };",
                  "    variant.serialize_field(&(-100i8)).unwrap();",
                  "    let mut variant = SerializeTupleVariant::<DummyError> { name: \"test\", variant_index: 5, variant: \"variant\", fields: vec![], error: PhantomData };",
                  "    variant.serialize_field(&(-100i8)).unwrap();",
                  "    assert!(matches!(variant.fields[0], Content::I8(-100)));",
                  "}"
                ]
              ],
              "can_compile": [
                {
                  "Err": "   Compiling proc-macro2 v1.0.95\n   Compiling syn v1.0.109\n   Compiling serde_derive v1.0.219 (/home/utgen/workspace/serde/serde_derive)\n   Compiling serde v1.0.219 (/home/utgen/workspace/serde/serde)\n   Compiling quote v1.0.40\n   Compiling syn v2.0.100\n   Compiling ntest_timeout v0.9.3\n   Compiling ntest_test_cases v0.9.3\n   Compiling ntest v0.9.3\nerror: unused import: `ntest::timeout`\n   --> serde/src/private/ser.rs:991:8\n    |\n991 |    use ntest::timeout;\n    |        ^^^^^^^^^^^^^^\n    |\nnote: the lint level is defined here\n   --> serde/src/lib.rs:159:23\n    |\n159 | #![deny(missing_docs, unused_imports)]\n    |                       ^^^^^^^^^^^^^^\n\nerror[E0277]: the trait bound `DummyError: std::error::Error` is not satisfied\n   --> serde/src/private/ser.rs:995:21\n    |\n995 | impl ser::Error for DummyError {\n    |                     ^^^^^^^^^^ the trait `std::error::Error` is not implemented for `DummyError`\n    |\nnote: required by a bound in `ser::Error`\n   --> serde/src/ser/mod.rs:142:38\n    |\n142 |         pub trait Error: Sized $(+ $($supertrait)::+)* {\n    |                                      ^^^^^^^^^^^ required by this bound in `Error`\n...\n186 | declare_error_trait!(Error: Sized + StdError);\n    | --------------------------------------------- in this macro invocation\n    = note: this error originates in the macro `declare_error_trait` (in Nightly builds, run with -Z macro-backtrace for more info)\n\nerror[E0599]: no method named `serialize_field` found for struct `__private::ser::content::SerializeTupleVariant` in the current scope\n    --> serde/src/private/ser.rs:1011:13\n     |\n842  |     pub struct SerializeTupleVariant<E> {\n     |     ----------------------------------- method `serialize_field` not found for this struct\n...\n1011 |     variant.serialize_field(&(-100i8)).unwrap();\n     |             ^^^^^^^^^^^^^^^ method not found in `SerializeTupleVariant<DummyError>`\n     |\n    ::: serde/src/ser/mod.rs:1708:8\n     |\n1708 |     fn serialize_field<T>(&mut self, value: &T) -> Result<(), Self::Error>\n     |        --------------- the method is available for `__private::ser::content::SerializeTupleVariant<DummyError>` here\n     |\n     = help: items from traits can only be used if the trait is in scope\nhelp: trait `SerializeTupleVariant` which provides `serialize_field` is implemented but not in scope; perhaps you want to import it\n     |\n990  +    use crate::ser::SerializeTupleVariant;\n     |\n\nSome errors have detailed explanations: E0277, E0599.\nFor more information about an error, try `rustc --explain E0277`.\nerror: could not compile `serde` (lib test) due to 3 previous errors\n"
                },
                {
                  "Err": "   Compiling proc-macro2 v1.0.95\n   Compiling syn v1.0.109\n   Compiling serde_derive v1.0.219 (/home/utgen/workspace/serde/serde_derive)\n   Compiling serde v1.0.219 (/home/utgen/workspace/serde/serde)\n   Compiling quote v1.0.40\n   Compiling syn v2.0.100\n   Compiling ntest_timeout v0.9.3\n   Compiling ntest_test_cases v0.9.3\n   Compiling ntest v0.9.3\nerror: unused import: `ntest::timeout`\n   --> serde/src/private/ser.rs:991:8\n    |\n991 |    use ntest::timeout;\n    |        ^^^^^^^^^^^^^^\n    |\nnote: the lint level is defined here\n   --> serde/src/lib.rs:159:23\n    |\n159 | #![deny(missing_docs, unused_imports)]\n    |                       ^^^^^^^^^^^^^^\n\nerror[E0277]: the trait bound `DummyError: std::error::Error` is not satisfied\n   --> serde/src/private/ser.rs:995:21\n    |\n995 | impl ser::Error for DummyError {\n    |                     ^^^^^^^^^^ the trait `std::error::Error` is not implemented for `DummyError`\n    |\nnote: required by a bound in `ser::Error`\n   --> serde/src/ser/mod.rs:142:38\n    |\n142 |         pub trait Error: Sized $(+ $($supertrait)::+)* {\n    |                                      ^^^^^^^^^^^ required by this bound in `Error`\n...\n186 | declare_error_trait!(Error: Sized + StdError);\n    | --------------------------------------------- in this macro invocation\n    = note: this error originates in the macro `declare_error_trait` (in Nightly builds, run with -Z macro-backtrace for more info)\n\nerror[E0599]: no method named `serialize_field` found for struct `__private::ser::content::SerializeTupleVariant` in the current scope\n    --> serde/src/private/ser.rs:1011:13\n     |\n842  |     pub struct SerializeTupleVariant<E> {\n     |     ----------------------------------- method `serialize_field` not found for this struct\n...\n1011 |     variant.serialize_field(&(-100i8)).unwrap();\n     |             ^^^^^^^^^^^^^^^ method not found in `SerializeTupleVariant<DummyError>`\n     |\n    ::: serde/src/ser/mod.rs:1708:8\n     |\n1708 |     fn serialize_field<T>(&mut self, value: &T) -> Result<(), Self::Error>\n     |        --------------- the method is available for `__private::ser::content::SerializeTupleVariant<DummyError>` here\n     |\n     = help: items from traits can only be used if the trait is in scope\nhelp: trait `SerializeTupleVariant` which provides `serialize_field` is implemented but not in scope; perhaps you want to import it\n     |\n990  +    use crate::ser::SerializeTupleVariant;\n     |\n\nerror[E0599]: no method named `serialize_field` found for struct `__private::ser::content::SerializeTupleVariant` in the current scope\n    --> serde/src/private/ser.rs:1013:13\n     |\n842  |     pub struct SerializeTupleVariant<E> {\n     |     ----------------------------------- method `serialize_field` not found for this struct\n...\n1013 |     variant.serialize_field(&(-100i8)).unwrap();\n     |             ^^^^^^^^^^^^^^^ method not found in `SerializeTupleVariant<DummyError>`\n     |\n    ::: serde/src/ser/mod.rs:1708:8\n     |\n1708 |     fn serialize_field<T>(&mut self, value: &T) -> Result<(), Self::Error>\n     |        --------------- the method is available for `__private::ser::content::SerializeTupleVariant<DummyError>` here\n     |\n     = help: items from traits can only be used if the trait is in scope\nhelp: trait `SerializeTupleVariant` which provides `serialize_field` is implemented but not in scope; perhaps you want to import it\n     |\n990  +    use crate::ser::SerializeTupleVariant;\n     |\n\nSome errors have detailed explanations: E0277, E0599.\nFor more information about an error, try `rustc --explain E0277`.\nerror: could not compile `serde` (lib test) due to 4 previous errors\n"
                },
                {
                  "Err": "   Compiling proc-macro2 v1.0.95\n   Compiling syn v1.0.109\n   Compiling serde_derive v1.0.219 (/home/utgen/workspace/serde/serde_derive)\n   Compiling serde v1.0.219 (/home/utgen/workspace/serde/serde)\n   Compiling quote v1.0.40\n   Compiling syn v2.0.100\n   Compiling ntest_test_cases v0.9.3\n   Compiling ntest_timeout v0.9.3\n   Compiling ntest v0.9.3\nerror: unused import: `ntest::timeout`\n   --> serde/src/private/ser.rs:991:8\n    |\n991 |    use ntest::timeout;\n    |        ^^^^^^^^^^^^^^\n    |\nnote: the lint level is defined here\n   --> serde/src/lib.rs:159:23\n    |\n159 | #![deny(missing_docs, unused_imports)]\n    |                       ^^^^^^^^^^^^^^\n\nerror[E0277]: the trait bound `DummyError: std::error::Error` is not satisfied\n   --> serde/src/private/ser.rs:995:21\n    |\n995 | impl ser::Error for DummyError {\n    |                     ^^^^^^^^^^ the trait `std::error::Error` is not implemented for `DummyError`\n    |\nnote: required by a bound in `ser::Error`\n   --> serde/src/ser/mod.rs:142:38\n    |\n142 |         pub trait Error: Sized $(+ $($supertrait)::+)* {\n    |                                      ^^^^^^^^^^^ required by this bound in `Error`\n...\n186 | declare_error_trait!(Error: Sized + StdError);\n    | --------------------------------------------- in this macro invocation\n    = note: this error originates in the macro `declare_error_trait` (in Nightly builds, run with -Z macro-backtrace for more info)\n\nerror[E0599]: no method named `serialize_field` found for struct `__private::ser::content::SerializeTupleVariant` in the current scope\n    --> serde/src/private/ser.rs:1011:13\n     |\n842  |     pub struct SerializeTupleVariant<E> {\n     |     ----------------------------------- method `serialize_field` not found for this struct\n...\n1011 |     variant.serialize_field(&(-100i8)).unwrap();\n     |             ^^^^^^^^^^^^^^^ method not found in `SerializeTupleVariant<DummyError>`\n     |\n    ::: serde/src/ser/mod.rs:1708:8\n     |\n1708 |     fn serialize_field<T>(&mut self, value: &T) -> Result<(), Self::Error>\n     |        --------------- the method is available for `__private::ser::content::SerializeTupleVariant<DummyError>` here\n     |\n     = help: items from traits can only be used if the trait is in scope\nhelp: trait `SerializeTupleVariant` which provides `serialize_field` is implemented but not in scope; perhaps you want to import it\n     |\n990  +    use crate::ser::SerializeTupleVariant;\n     |\n\nerror[E0599]: no method named `serialize_field` found for struct `__private::ser::content::SerializeTupleVariant` in the current scope\n    --> serde/src/private/ser.rs:1013:13\n     |\n842  |     pub struct SerializeTupleVariant<E> {\n     |     ----------------------------------- method `serialize_field` not found for this struct\n...\n1013 |     variant.serialize_field(&(-100i8)).unwrap();\n     |             ^^^^^^^^^^^^^^^ method not found in `SerializeTupleVariant<DummyError>`\n     |\n    ::: serde/src/ser/mod.rs:1708:8\n     |\n1708 |     fn serialize_field<T>(&mut self, value: &T) -> Result<(), Self::Error>\n     |        --------------- the method is available for `__private::ser::content::SerializeTupleVariant<DummyError>` here\n     |\n     = help: items from traits can only be used if the trait is in scope\nhelp: trait `SerializeTupleVariant` which provides `serialize_field` is implemented but not in scope; perhaps you want to import it\n     |\n990  +    use crate::ser::SerializeTupleVariant;\n     |\n\nSome errors have detailed explanations: E0277, E0599.\nFor more information about an error, try `rustc --explain E0277`.\nerror: could not compile `serde` (lib test) due to 4 previous errors\n"
                }
              ],
              "repaired": [
                false,
                false,
                false
              ]
            },
            {
              "attrs": [],
              "prefix": [
                "{",
                "    let mut variant = SerializeTupleVariant::<DummyError> {",
                "        name: \"test\",",
                "        variant_index: 6,",
                "        variant: \"variant\",",
                "        fields: vec![],",
                "        error: PhantomData,",
                "    };",
                "    variant.serialize_field(&(-30000i16)).unwrap();",
                "}"
              ],
              "oracles": [
                [
                  "    let mut variant = SerializeTupleVariant::<DummyError> {",
                  "    name: \"test\",",
                  "    variant_index: 6,",
                  "    variant: \"variant\",",
                  "    fields: vec![],",
                  "    error: PhantomData,",
                  "    };",
                  "    assert!(variant.fields.len() == 0);"
                ],
                [
                  "    let mut variant = SerializeTupleVariant::<DummyError> {",
                  "    name: \"test\",",
                  "    variant_index: 6,",
                  "    variant: \"variant\",",
                  "    fields: vec![],",
                  "    error: PhantomData,",
                  "    };",
                  "    assert!(variant.serialize_field(&(-30000i16)).is_ok());"
                ],
                [
                  "    let mut variant = SerializeTupleVariant::<DummyError> {",
                  "    name: \"test\",",
                  "    variant_index: 6,",
                  "    variant: \"variant\",",
                  "    fields: vec![],",
                  "    error: PhantomData,",
                  "    };",
                  "    assert!(variant.fields.len() == 1);"
                ],
                [
                  "    let mut variant = SerializeTupleVariant::<DummyError> {",
                  "    name: \"test\",",
                  "    variant_index: 6,",
                  "    variant: \"variant\",",
                  "    fields: vec![],",
                  "    error: PhantomData,",
                  "    };",
                  "    assert!(match variant.fields[0] { Content::I16(-30000) => true, _ => false });"
                ]
              ],
              "codes": [
                [
                  "{",
                  "    let mut variant = SerializeTupleVariant::<DummyError> {",
                  "        name: \"test\",",
                  "        variant_index: 6,",
                  "        variant: \"variant\",",
                  "        fields: vec![],",
                  "        error: PhantomData,",
                  "    };",
                  "    variant.serialize_field(&(-30000i16)).unwrap();",
                  "    let mut variant = SerializeTupleVariant::<DummyError> {",
                  "    name: \"test\",",
                  "    variant_index: 6,",
                  "    variant: \"variant\",",
                  "    fields: vec![],",
                  "    error: PhantomData,",
                  "    };",
                  "    assert!(variant.fields.len() == 0);",
                  "}"
                ],
                [
                  "{",
                  "    let mut variant = SerializeTupleVariant::<DummyError> {",
                  "        name: \"test\",",
                  "        variant_index: 6,",
                  "        variant: \"variant\",",
                  "        fields: vec![],",
                  "        error: PhantomData,",
                  "    };",
                  "    variant.serialize_field(&(-30000i16)).unwrap();",
                  "    let mut variant = SerializeTupleVariant::<DummyError> {",
                  "    name: \"test\",",
                  "    variant_index: 6,",
                  "    variant: \"variant\",",
                  "    fields: vec![],",
                  "    error: PhantomData,",
                  "    };",
                  "    assert!(variant.serialize_field(&(-30000i16)).is_ok());",
                  "}"
                ],
                [
                  "{",
                  "    let mut variant = SerializeTupleVariant::<DummyError> {",
                  "        name: \"test\",",
                  "        variant_index: 6,",
                  "        variant: \"variant\",",
                  "        fields: vec![],",
                  "        error: PhantomData,",
                  "    };",
                  "    variant.serialize_field(&(-30000i16)).unwrap();",
                  "    let mut variant = SerializeTupleVariant::<DummyError> {",
                  "    name: \"test\",",
                  "    variant_index: 6,",
                  "    variant: \"variant\",",
                  "    fields: vec![],",
                  "    error: PhantomData,",
                  "    };",
                  "    assert!(variant.fields.len() == 1);",
                  "}"
                ],
                [
                  "{",
                  "    let mut variant = SerializeTupleVariant::<DummyError> {",
                  "        name: \"test\",",
                  "        variant_index: 6,",
                  "        variant: \"variant\",",
                  "        fields: vec![],",
                  "        error: PhantomData,",
                  "    };",
                  "    variant.serialize_field(&(-30000i16)).unwrap();",
                  "    let mut variant = SerializeTupleVariant::<DummyError> {",
                  "    name: \"test\",",
                  "    variant_index: 6,",
                  "    variant: \"variant\",",
                  "    fields: vec![],",
                  "    error: PhantomData,",
                  "    };",
                  "    assert!(match variant.fields[0] { Content::I16(-30000) => true, _ => false });",
                  "}"
                ]
              ],
              "can_compile": [
                {
                  "Err": "   Compiling proc-macro2 v1.0.95\n   Compiling syn v1.0.109\n   Compiling serde_derive v1.0.219 (/home/utgen/workspace/serde/serde_derive)\n   Compiling serde v1.0.219 (/home/utgen/workspace/serde/serde)\n   Compiling quote v1.0.40\n   Compiling syn v2.0.100\n   Compiling ntest_timeout v0.9.3\n   Compiling ntest_test_cases v0.9.3\n   Compiling ntest v0.9.3\nerror: unused import: `ntest::timeout`\n   --> serde/src/private/ser.rs:991:8\n    |\n991 |    use ntest::timeout;\n    |        ^^^^^^^^^^^^^^\n    |\nnote: the lint level is defined here\n   --> serde/src/lib.rs:159:23\n    |\n159 | #![deny(missing_docs, unused_imports)]\n    |                       ^^^^^^^^^^^^^^\n\nerror[E0277]: the trait bound `DummyError: std::error::Error` is not satisfied\n   --> serde/src/private/ser.rs:995:21\n    |\n995 | impl ser::Error for DummyError {\n    |                     ^^^^^^^^^^ the trait `std::error::Error` is not implemented for `DummyError`\n    |\nnote: required by a bound in `ser::Error`\n   --> serde/src/ser/mod.rs:142:38\n    |\n142 |         pub trait Error: Sized $(+ $($supertrait)::+)* {\n    |                                      ^^^^^^^^^^^ required by this bound in `Error`\n...\n186 | declare_error_trait!(Error: Sized + StdError);\n    | --------------------------------------------- in this macro invocation\n    = note: this error originates in the macro `declare_error_trait` (in Nightly builds, run with -Z macro-backtrace for more info)\n\nerror[E0599]: no method named `serialize_field` found for struct `__private::ser::content::SerializeTupleVariant` in the current scope\n    --> serde/src/private/ser.rs:1011:13\n     |\n842  |     pub struct SerializeTupleVariant<E> {\n     |     ----------------------------------- method `serialize_field` not found for this struct\n...\n1011 |     variant.serialize_field(&(-30000i16)).unwrap();\n     |             ^^^^^^^^^^^^^^^ method not found in `SerializeTupleVariant<DummyError>`\n     |\n    ::: serde/src/ser/mod.rs:1708:8\n     |\n1708 |     fn serialize_field<T>(&mut self, value: &T) -> Result<(), Self::Error>\n     |        --------------- the method is available for `__private::ser::content::SerializeTupleVariant<DummyError>` here\n     |\n     = help: items from traits can only be used if the trait is in scope\nhelp: trait `SerializeTupleVariant` which provides `serialize_field` is implemented but not in scope; perhaps you want to import it\n     |\n990  +    use crate::ser::SerializeTupleVariant;\n     |\n\nSome errors have detailed explanations: E0277, E0599.\nFor more information about an error, try `rustc --explain E0277`.\nerror: could not compile `serde` (lib test) due to 3 previous errors\n"
                },
                {
                  "Err": "   Compiling proc-macro2 v1.0.95\n   Compiling syn v1.0.109\n   Compiling serde_derive v1.0.219 (/home/utgen/workspace/serde/serde_derive)\n   Compiling serde v1.0.219 (/home/utgen/workspace/serde/serde)\n   Compiling quote v1.0.40\n   Compiling syn v2.0.100\n   Compiling ntest_timeout v0.9.3\n   Compiling ntest_test_cases v0.9.3\n   Compiling ntest v0.9.3\nerror: unused import: `ntest::timeout`\n   --> serde/src/private/ser.rs:991:8\n    |\n991 |    use ntest::timeout;\n    |        ^^^^^^^^^^^^^^\n    |\nnote: the lint level is defined here\n   --> serde/src/lib.rs:159:23\n    |\n159 | #![deny(missing_docs, unused_imports)]\n    |                       ^^^^^^^^^^^^^^\n\nerror[E0277]: the trait bound `DummyError: std::error::Error` is not satisfied\n   --> serde/src/private/ser.rs:995:21\n    |\n995 | impl ser::Error for DummyError {\n    |                     ^^^^^^^^^^ the trait `std::error::Error` is not implemented for `DummyError`\n    |\nnote: required by a bound in `ser::Error`\n   --> serde/src/ser/mod.rs:142:38\n    |\n142 |         pub trait Error: Sized $(+ $($supertrait)::+)* {\n    |                                      ^^^^^^^^^^^ required by this bound in `Error`\n...\n186 | declare_error_trait!(Error: Sized + StdError);\n    | --------------------------------------------- in this macro invocation\n    = note: this error originates in the macro `declare_error_trait` (in Nightly builds, run with -Z macro-backtrace for more info)\n\nerror[E0599]: no method named `serialize_field` found for struct `__private::ser::content::SerializeTupleVariant` in the current scope\n    --> serde/src/private/ser.rs:1011:13\n     |\n842  |     pub struct SerializeTupleVariant<E> {\n     |     ----------------------------------- method `serialize_field` not found for this struct\n...\n1011 |     variant.serialize_field(&(-30000i16)).unwrap();\n     |             ^^^^^^^^^^^^^^^ method not found in `SerializeTupleVariant<DummyError>`\n     |\n    ::: serde/src/ser/mod.rs:1708:8\n     |\n1708 |     fn serialize_field<T>(&mut self, value: &T) -> Result<(), Self::Error>\n     |        --------------- the method is available for `__private::ser::content::SerializeTupleVariant<DummyError>` here\n     |\n     = help: items from traits can only be used if the trait is in scope\nhelp: trait `SerializeTupleVariant` which provides `serialize_field` is implemented but not in scope; perhaps you want to import it\n     |\n990  +    use crate::ser::SerializeTupleVariant;\n     |\n\nerror[E0599]: no method named `serialize_field` found for struct `__private::ser::content::SerializeTupleVariant` in the current scope\n    --> serde/src/private/ser.rs:1019:21\n     |\n842  |     pub struct SerializeTupleVariant<E> {\n     |     ----------------------------------- method `serialize_field` not found for this struct\n...\n1019 |     assert!(variant.serialize_field(&(-30000i16)).is_ok());\n     |                     ^^^^^^^^^^^^^^^ method not found in `SerializeTupleVariant<DummyError>`\n     |\n    ::: serde/src/ser/mod.rs:1708:8\n     |\n1708 |     fn serialize_field<T>(&mut self, value: &T) -> Result<(), Self::Error>\n     |        --------------- the method is available for `__private::ser::content::SerializeTupleVariant<DummyError>` here\n     |\n     = help: items from traits can only be used if the trait is in scope\nhelp: trait `SerializeTupleVariant` which provides `serialize_field` is implemented but not in scope; perhaps you want to import it\n     |\n990  +    use crate::ser::SerializeTupleVariant;\n     |\n\nSome errors have detailed explanations: E0277, E0599.\nFor more information about an error, try `rustc --explain E0277`.\nerror: could not compile `serde` (lib test) due to 4 previous errors\n"
                },
                {
                  "Err": "   Compiling proc-macro2 v1.0.95\n   Compiling syn v1.0.109\n   Compiling serde_derive v1.0.219 (/home/utgen/workspace/serde/serde_derive)\n   Compiling serde v1.0.219 (/home/utgen/workspace/serde/serde)\n   Compiling quote v1.0.40\n   Compiling syn v2.0.100\n   Compiling ntest_test_cases v0.9.3\n   Compiling ntest_timeout v0.9.3\n   Compiling ntest v0.9.3\nerror: unused import: `ntest::timeout`\n   --> serde/src/private/ser.rs:991:8\n    |\n991 |    use ntest::timeout;\n    |        ^^^^^^^^^^^^^^\n    |\nnote: the lint level is defined here\n   --> serde/src/lib.rs:159:23\n    |\n159 | #![deny(missing_docs, unused_imports)]\n    |                       ^^^^^^^^^^^^^^\n\nerror[E0277]: the trait bound `DummyError: std::error::Error` is not satisfied\n   --> serde/src/private/ser.rs:995:21\n    |\n995 | impl ser::Error for DummyError {\n    |                     ^^^^^^^^^^ the trait `std::error::Error` is not implemented for `DummyError`\n    |\nnote: required by a bound in `ser::Error`\n   --> serde/src/ser/mod.rs:142:38\n    |\n142 |         pub trait Error: Sized $(+ $($supertrait)::+)* {\n    |                                      ^^^^^^^^^^^ required by this bound in `Error`\n...\n186 | declare_error_trait!(Error: Sized + StdError);\n    | --------------------------------------------- in this macro invocation\n    = note: this error originates in the macro `declare_error_trait` (in Nightly builds, run with -Z macro-backtrace for more info)\n\nerror[E0599]: no method named `serialize_field` found for struct `__private::ser::content::SerializeTupleVariant` in the current scope\n    --> serde/src/private/ser.rs:1011:13\n     |\n842  |     pub struct SerializeTupleVariant<E> {\n     |     ----------------------------------- method `serialize_field` not found for this struct\n...\n1011 |     variant.serialize_field(&(-30000i16)).unwrap();\n     |             ^^^^^^^^^^^^^^^ method not found in `SerializeTupleVariant<DummyError>`\n     |\n    ::: serde/src/ser/mod.rs:1708:8\n     |\n1708 |     fn serialize_field<T>(&mut self, value: &T) -> Result<(), Self::Error>\n     |        --------------- the method is available for `__private::ser::content::SerializeTupleVariant<DummyError>` here\n     |\n     = help: items from traits can only be used if the trait is in scope\nhelp: trait `SerializeTupleVariant` which provides `serialize_field` is implemented but not in scope; perhaps you want to import it\n     |\n990  +    use crate::ser::SerializeTupleVariant;\n     |\n\nSome errors have detailed explanations: E0277, E0599.\nFor more information about an error, try `rustc --explain E0277`.\nerror: could not compile `serde` (lib test) due to 3 previous errors\n"
                },
                {
                  "Err": "   Compiling proc-macro2 v1.0.95\n   Compiling syn v1.0.109\n   Compiling serde_derive v1.0.219 (/home/utgen/workspace/serde/serde_derive)\n   Compiling serde v1.0.219 (/home/utgen/workspace/serde/serde)\n   Compiling quote v1.0.40\n   Compiling syn v2.0.100\n   Compiling ntest_test_cases v0.9.3\n   Compiling ntest_timeout v0.9.3\n   Compiling ntest v0.9.3\nerror: unused import: `ntest::timeout`\n   --> serde/src/private/ser.rs:991:8\n    |\n991 |    use ntest::timeout;\n    |        ^^^^^^^^^^^^^^\n    |\nnote: the lint level is defined here\n   --> serde/src/lib.rs:159:23\n    |\n159 | #![deny(missing_docs, unused_imports)]\n    |                       ^^^^^^^^^^^^^^\n\nerror[E0277]: the trait bound `DummyError: std::error::Error` is not satisfied\n   --> serde/src/private/ser.rs:995:21\n    |\n995 | impl ser::Error for DummyError {\n    |                     ^^^^^^^^^^ the trait `std::error::Error` is not implemented for `DummyError`\n    |\nnote: required by a bound in `ser::Error`\n   --> serde/src/ser/mod.rs:142:38\n    |\n142 |         pub trait Error: Sized $(+ $($supertrait)::+)* {\n    |                                      ^^^^^^^^^^^ required by this bound in `Error`\n...\n186 | declare_error_trait!(Error: Sized + StdError);\n    | --------------------------------------------- in this macro invocation\n    = note: this error originates in the macro `declare_error_trait` (in Nightly builds, run with -Z macro-backtrace for more info)\n\nerror[E0599]: no method named `serialize_field` found for struct `__private::ser::content::SerializeTupleVariant` in the current scope\n    --> serde/src/private/ser.rs:1011:13\n     |\n842  |     pub struct SerializeTupleVariant<E> {\n     |     ----------------------------------- method `serialize_field` not found for this struct\n...\n1011 |     variant.serialize_field(&(-30000i16)).unwrap();\n     |             ^^^^^^^^^^^^^^^ method not found in `SerializeTupleVariant<DummyError>`\n     |\n    ::: serde/src/ser/mod.rs:1708:8\n     |\n1708 |     fn serialize_field<T>(&mut self, value: &T) -> Result<(), Self::Error>\n     |        --------------- the method is available for `__private::ser::content::SerializeTupleVariant<DummyError>` here\n     |\n     = help: items from traits can only be used if the trait is in scope\nhelp: trait `SerializeTupleVariant` which provides `serialize_field` is implemented but not in scope; perhaps you want to import it\n     |\n990  +    use crate::ser::SerializeTupleVariant;\n     |\n\nSome errors have detailed explanations: E0277, E0599.\nFor more information about an error, try `rustc --explain E0277`.\nerror: could not compile `serde` (lib test) due to 3 previous errors\n"
                }
              ],
              "repaired": [
                false,
                false,
                false,
                false
              ]
            },
            {
              "attrs": [],
              "prefix": [
                "{",
                "    let mut variant = SerializeTupleVariant::<DummyError> {",
                "        name: \"test\",",
                "        variant_index: 7,",
                "        variant: \"variant\",",
                "        fields: vec![],",
                "        error: PhantomData,",
                "    };",
                "    variant.serialize_field(&(-2000000000i32)).unwrap();",
                "}"
              ],
              "oracles": [
                [
                  "    let mut variant = SerializeTupleVariant::<DummyError> { name: \"test\", variant_index: 7, variant: \"variant\", fields: vec![], error: PhantomData };",
                  "    let result = variant.serialize_field(&(-2000000000i32));",
                  "    assert!(result.is_ok());"
                ],
                [
                  "    let mut variant = SerializeTupleVariant::<DummyError> { name: \"test\", variant_index: 7, variant: \"variant\", fields: vec![], error: PhantomData };",
                  "    let result = variant.serialize_field(&(-2000000000i32));",
                  "    assert_eq!(variant.fields.len(), 1);"
                ],
                [
                  "    let mut variant = SerializeTupleVariant::<DummyError> { name: \"test\", variant_index: 7, variant: \"variant\", fields: vec![], error: PhantomData };",
                  "    let result = variant.serialize_field(&(-2000000000i32));",
                  "    assert!(matches!(variant.fields[0], Content::I32(-2000000000)));"
                ]
              ],
              "codes": [
                [
                  "{",
                  "    let mut variant = SerializeTupleVariant::<DummyError> {",
                  "        name: \"test\",",
                  "        variant_index: 7,",
                  "        variant: \"variant\",",
                  "        fields: vec![],",
                  "        error: PhantomData,",
                  "    };",
                  "    variant.serialize_field(&(-2000000000i32)).unwrap();",
                  "    let mut variant = SerializeTupleVariant::<DummyError> { name: \"test\", variant_index: 7, variant: \"variant\", fields: vec![], error: PhantomData };",
                  "    let result = variant.serialize_field(&(-2000000000i32));",
                  "    assert!(result.is_ok());",
                  "}"
                ],
                [
                  "{",
                  "    let mut variant = SerializeTupleVariant::<DummyError> {",
                  "        name: \"test\",",
                  "        variant_index: 7,",
                  "        variant: \"variant\",",
                  "        fields: vec![],",
                  "        error: PhantomData,",
                  "    };",
                  "    variant.serialize_field(&(-2000000000i32)).unwrap();",
                  "    let mut variant = SerializeTupleVariant::<DummyError> { name: \"test\", variant_index: 7, variant: \"variant\", fields: vec![], error: PhantomData };",
                  "    let result = variant.serialize_field(&(-2000000000i32));",
                  "    assert_eq!(variant.fields.len(), 1);",
                  "}"
                ],
                [
                  "{",
                  "    let mut variant = SerializeTupleVariant::<DummyError> {",
                  "        name: \"test\",",
                  "        variant_index: 7,",
                  "        variant: \"variant\",",
                  "        fields: vec![],",
                  "        error: PhantomData,",
                  "    };",
                  "    variant.serialize_field(&(-2000000000i32)).unwrap();",
                  "    let mut variant = SerializeTupleVariant::<DummyError> { name: \"test\", variant_index: 7, variant: \"variant\", fields: vec![], error: PhantomData };",
                  "    let result = variant.serialize_field(&(-2000000000i32));",
                  "    assert!(matches!(variant.fields[0], Content::I32(-2000000000)));",
                  "}"
                ]
              ],
              "can_compile": [
                {
                  "Err": "   Compiling proc-macro2 v1.0.95\n   Compiling syn v1.0.109\n   Compiling serde_derive v1.0.219 (/home/utgen/workspace/serde/serde_derive)\n   Compiling serde v1.0.219 (/home/utgen/workspace/serde/serde)\n   Compiling quote v1.0.40\n   Compiling syn v2.0.100\n   Compiling ntest_test_cases v0.9.3\n   Compiling ntest_timeout v0.9.3\n   Compiling ntest v0.9.3\nerror: unused import: `ntest::timeout`\n   --> serde/src/private/ser.rs:991:8\n    |\n991 |    use ntest::timeout;\n    |        ^^^^^^^^^^^^^^\n    |\nnote: the lint level is defined here\n   --> serde/src/lib.rs:159:23\n    |\n159 | #![deny(missing_docs, unused_imports)]\n    |                       ^^^^^^^^^^^^^^\n\nerror[E0277]: the trait bound `DummyError: std::error::Error` is not satisfied\n   --> serde/src/private/ser.rs:995:21\n    |\n995 | impl ser::Error for DummyError {\n    |                     ^^^^^^^^^^ the trait `std::error::Error` is not implemented for `DummyError`\n    |\nnote: required by a bound in `ser::Error`\n   --> serde/src/ser/mod.rs:142:38\n    |\n142 |         pub trait Error: Sized $(+ $($supertrait)::+)* {\n    |                                      ^^^^^^^^^^^ required by this bound in `Error`\n...\n186 | declare_error_trait!(Error: Sized + StdError);\n    | --------------------------------------------- in this macro invocation\n    = note: this error originates in the macro `declare_error_trait` (in Nightly builds, run with -Z macro-backtrace for more info)\n\nerror[E0599]: no method named `serialize_field` found for struct `__private::ser::content::SerializeTupleVariant` in the current scope\n    --> serde/src/private/ser.rs:1011:13\n     |\n842  |     pub struct SerializeTupleVariant<E> {\n     |     ----------------------------------- method `serialize_field` not found for this struct\n...\n1011 |     variant.serialize_field(&(-2000000000i32)).unwrap();\n     |             ^^^^^^^^^^^^^^^ method not found in `SerializeTupleVariant<DummyError>`\n     |\n    ::: serde/src/ser/mod.rs:1708:8\n     |\n1708 |     fn serialize_field<T>(&mut self, value: &T) -> Result<(), Self::Error>\n     |        --------------- the method is available for `__private::ser::content::SerializeTupleVariant<DummyError>` here\n     |\n     = help: items from traits can only be used if the trait is in scope\nhelp: trait `SerializeTupleVariant` which provides `serialize_field` is implemented but not in scope; perhaps you want to import it\n     |\n990  +    use crate::ser::SerializeTupleVariant;\n     |\n\nerror[E0599]: no method named `serialize_field` found for struct `__private::ser::content::SerializeTupleVariant` in the current scope\n    --> serde/src/private/ser.rs:1013:26\n     |\n842  |     pub struct SerializeTupleVariant<E> {\n     |     ----------------------------------- method `serialize_field` not found for this struct\n...\n1013 |     let result = variant.serialize_field(&(-2000000000i32));\n     |                          ^^^^^^^^^^^^^^^ method not found in `SerializeTupleVariant<DummyError>`\n     |\n    ::: serde/src/ser/mod.rs:1708:8\n     |\n1708 |     fn serialize_field<T>(&mut self, value: &T) -> Result<(), Self::Error>\n     |        --------------- the method is available for `__private::ser::content::SerializeTupleVariant<DummyError>` here\n     |\n     = help: items from traits can only be used if the trait is in scope\nhelp: trait `SerializeTupleVariant` which provides `serialize_field` is implemented but not in scope; perhaps you want to import it\n     |\n990  +    use crate::ser::SerializeTupleVariant;\n     |\n\nSome errors have detailed explanations: E0277, E0599.\nFor more information about an error, try `rustc --explain E0277`.\nerror: could not compile `serde` (lib test) due to 4 previous errors\n"
                },
                {
                  "Err": "   Compiling proc-macro2 v1.0.95\n   Compiling syn v1.0.109\n   Compiling serde_derive v1.0.219 (/home/utgen/workspace/serde/serde_derive)\n   Compiling serde v1.0.219 (/home/utgen/workspace/serde/serde)\n   Compiling quote v1.0.40\n   Compiling syn v2.0.100\n   Compiling ntest_timeout v0.9.3\n   Compiling ntest_test_cases v0.9.3\n   Compiling ntest v0.9.3\nerror: unused import: `ntest::timeout`\n   --> serde/src/private/ser.rs:991:8\n    |\n991 |    use ntest::timeout;\n    |        ^^^^^^^^^^^^^^\n    |\nnote: the lint level is defined here\n   --> serde/src/lib.rs:159:23\n    |\n159 | #![deny(missing_docs, unused_imports)]\n    |                       ^^^^^^^^^^^^^^\n\nerror[E0277]: the trait bound `DummyError: std::error::Error` is not satisfied\n   --> serde/src/private/ser.rs:995:21\n    |\n995 | impl ser::Error for DummyError {\n    |                     ^^^^^^^^^^ the trait `std::error::Error` is not implemented for `DummyError`\n    |\nnote: required by a bound in `ser::Error`\n   --> serde/src/ser/mod.rs:142:38\n    |\n142 |         pub trait Error: Sized $(+ $($supertrait)::+)* {\n    |                                      ^^^^^^^^^^^ required by this bound in `Error`\n...\n186 | declare_error_trait!(Error: Sized + StdError);\n    | --------------------------------------------- in this macro invocation\n    = note: this error originates in the macro `declare_error_trait` (in Nightly builds, run with -Z macro-backtrace for more info)\n\nerror[E0599]: no method named `serialize_field` found for struct `__private::ser::content::SerializeTupleVariant` in the current scope\n    --> serde/src/private/ser.rs:1011:13\n     |\n842  |     pub struct SerializeTupleVariant<E> {\n     |     ----------------------------------- method `serialize_field` not found for this struct\n...\n1011 |     variant.serialize_field(&(-2000000000i32)).unwrap();\n     |             ^^^^^^^^^^^^^^^ method not found in `SerializeTupleVariant<DummyError>`\n     |\n    ::: serde/src/ser/mod.rs:1708:8\n     |\n1708 |     fn serialize_field<T>(&mut self, value: &T) -> Result<(), Self::Error>\n     |        --------------- the method is available for `__private::ser::content::SerializeTupleVariant<DummyError>` here\n     |\n     = help: items from traits can only be used if the trait is in scope\nhelp: trait `SerializeTupleVariant` which provides `serialize_field` is implemented but not in scope; perhaps you want to import it\n     |\n990  +    use crate::ser::SerializeTupleVariant;\n     |\n\nerror[E0599]: no method named `serialize_field` found for struct `__private::ser::content::SerializeTupleVariant` in the current scope\n    --> serde/src/private/ser.rs:1013:26\n     |\n842  |     pub struct SerializeTupleVariant<E> {\n     |     ----------------------------------- method `serialize_field` not found for this struct\n...\n1013 |     let result = variant.serialize_field(&(-2000000000i32));\n     |                          ^^^^^^^^^^^^^^^ method not found in `SerializeTupleVariant<DummyError>`\n     |\n    ::: serde/src/ser/mod.rs:1708:8\n     |\n1708 |     fn serialize_field<T>(&mut self, value: &T) -> Result<(), Self::Error>\n     |        --------------- the method is available for `__private::ser::content::SerializeTupleVariant<DummyError>` here\n     |\n     = help: items from traits can only be used if the trait is in scope\nhelp: trait `SerializeTupleVariant` which provides `serialize_field` is implemented but not in scope; perhaps you want to import it\n     |\n990  +    use crate::ser::SerializeTupleVariant;\n     |\n\nSome errors have detailed explanations: E0277, E0599.\nFor more information about an error, try `rustc --explain E0277`.\nerror: could not compile `serde` (lib test) due to 4 previous errors\n"
                },
                {
                  "Err": "   Compiling proc-macro2 v1.0.95\n   Compiling syn v1.0.109\n   Compiling serde_derive v1.0.219 (/home/utgen/workspace/serde/serde_derive)\n   Compiling serde v1.0.219 (/home/utgen/workspace/serde/serde)\n   Compiling quote v1.0.40\n   Compiling syn v2.0.100\n   Compiling ntest_test_cases v0.9.3\n   Compiling ntest_timeout v0.9.3\n   Compiling ntest v0.9.3\nerror: unused import: `ntest::timeout`\n   --> serde/src/private/ser.rs:991:8\n    |\n991 |    use ntest::timeout;\n    |        ^^^^^^^^^^^^^^\n    |\nnote: the lint level is defined here\n   --> serde/src/lib.rs:159:23\n    |\n159 | #![deny(missing_docs, unused_imports)]\n    |                       ^^^^^^^^^^^^^^\n\nerror[E0277]: the trait bound `DummyError: std::error::Error` is not satisfied\n   --> serde/src/private/ser.rs:995:21\n    |\n995 | impl ser::Error for DummyError {\n    |                     ^^^^^^^^^^ the trait `std::error::Error` is not implemented for `DummyError`\n    |\nnote: required by a bound in `ser::Error`\n   --> serde/src/ser/mod.rs:142:38\n    |\n142 |         pub trait Error: Sized $(+ $($supertrait)::+)* {\n    |                                      ^^^^^^^^^^^ required by this bound in `Error`\n...\n186 | declare_error_trait!(Error: Sized + StdError);\n    | --------------------------------------------- in this macro invocation\n    = note: this error originates in the macro `declare_error_trait` (in Nightly builds, run with -Z macro-backtrace for more info)\n\nerror[E0599]: no method named `serialize_field` found for struct `__private::ser::content::SerializeTupleVariant` in the current scope\n    --> serde/src/private/ser.rs:1011:13\n     |\n842  |     pub struct SerializeTupleVariant<E> {\n     |     ----------------------------------- method `serialize_field` not found for this struct\n...\n1011 |     variant.serialize_field(&(-2000000000i32)).unwrap();\n     |             ^^^^^^^^^^^^^^^ method not found in `SerializeTupleVariant<DummyError>`\n     |\n    ::: serde/src/ser/mod.rs:1708:8\n     |\n1708 |     fn serialize_field<T>(&mut self, value: &T) -> Result<(), Self::Error>\n     |        --------------- the method is available for `__private::ser::content::SerializeTupleVariant<DummyError>` here\n     |\n     = help: items from traits can only be used if the trait is in scope\nhelp: trait `SerializeTupleVariant` which provides `serialize_field` is implemented but not in scope; perhaps you want to import it\n     |\n990  +    use crate::ser::SerializeTupleVariant;\n     |\n\nerror[E0599]: no method named `serialize_field` found for struct `__private::ser::content::SerializeTupleVariant` in the current scope\n    --> serde/src/private/ser.rs:1013:26\n     |\n842  |     pub struct SerializeTupleVariant<E> {\n     |     ----------------------------------- method `serialize_field` not found for this struct\n...\n1013 |     let result = variant.serialize_field(&(-2000000000i32));\n     |                          ^^^^^^^^^^^^^^^ method not found in `SerializeTupleVariant<DummyError>`\n     |\n    ::: serde/src/ser/mod.rs:1708:8\n     |\n1708 |     fn serialize_field<T>(&mut self, value: &T) -> Result<(), Self::Error>\n     |        --------------- the method is available for `__private::ser::content::SerializeTupleVariant<DummyError>` here\n     |\n     = help: items from traits can only be used if the trait is in scope\nhelp: trait `SerializeTupleVariant` which provides `serialize_field` is implemented but not in scope; perhaps you want to import it\n     |\n990  +    use crate::ser::SerializeTupleVariant;\n     |\n\nSome errors have detailed explanations: E0277, E0599.\nFor more information about an error, try `rustc --explain E0277`.\nerror: could not compile `serde` (lib test) due to 4 previous errors\n"
                }
              ],
              "repaired": [
                false,
                false,
                false
              ]
            },
            {
              "attrs": [],
              "prefix": [
                "{",
                "    let mut variant = SerializeTupleVariant::<DummyError> {",
                "        name: \"test\",",
                "        variant_index: 8,",
                "        variant: \"variant\",",
                "        fields: vec![],",
                "        error: PhantomData,",
                "    };",
                "    variant.serialize_field(&(-9000000000000000000i64)).unwrap();",
                "}"
              ],
              "oracles": [
                [
                  "    let mut variant = SerializeTupleVariant::<DummyError> { name: \"test\", variant_index: 8, variant: \"variant\", fields: vec![], error: PhantomData };",
                  "    assert_eq!(variant.fields.len(), 0);"
                ],
                [
                  "    let mut variant = SerializeTupleVariant::<DummyError> { name: \"test\", variant_index: 8, variant: \"variant\", fields: vec![], error: PhantomData };",
                  "    variant.serialize_field(&(-9000000000000000000i64)).unwrap();",
                  "    assert_eq!(variant.fields.len(), 1);"
                ],
                [
                  "    let mut variant = SerializeTupleVariant::<DummyError> { name: \"test\", variant_index: 8, variant: \"variant\", fields: vec![], error: PhantomData };",
                  "    variant.serialize_field(&(-9000000000000000000i64)).unwrap();",
                  "    assert!(matches!(variant.fields[0], Content::I64(-9000000000000000000)));"
                ]
              ],
              "codes": [
                [
                  "{",
                  "    let mut variant = SerializeTupleVariant::<DummyError> {",
                  "        name: \"test\",",
                  "        variant_index: 8,",
                  "        variant: \"variant\",",
                  "        fields: vec![],",
                  "        error: PhantomData,",
                  "    };",
                  "    variant.serialize_field(&(-9000000000000000000i64)).unwrap();",
                  "    let mut variant = SerializeTupleVariant::<DummyError> { name: \"test\", variant_index: 8, variant: \"variant\", fields: vec![], error: PhantomData };",
                  "    assert_eq!(variant.fields.len(), 0);",
                  "}"
                ],
                [
                  "{",
                  "    let mut variant = SerializeTupleVariant::<DummyError> {",
                  "        name: \"test\",",
                  "        variant_index: 8,",
                  "        variant: \"variant\",",
                  "        fields: vec![],",
                  "        error: PhantomData,",
                  "    };",
                  "    variant.serialize_field(&(-9000000000000000000i64)).unwrap();",
                  "    let mut variant = SerializeTupleVariant::<DummyError> { name: \"test\", variant_index: 8, variant: \"variant\", fields: vec![], error: PhantomData };",
                  "    variant.serialize_field(&(-9000000000000000000i64)).unwrap();",
                  "    assert_eq!(variant.fields.len(), 1);",
                  "}"
                ],
                [
                  "{",
                  "    let mut variant = SerializeTupleVariant::<DummyError> {",
                  "        name: \"test\",",
                  "        variant_index: 8,",
                  "        variant: \"variant\",",
                  "        fields: vec![],",
                  "        error: PhantomData,",
                  "    };",
                  "    variant.serialize_field(&(-9000000000000000000i64)).unwrap();",
                  "    let mut variant = SerializeTupleVariant::<DummyError> { name: \"test\", variant_index: 8, variant: \"variant\", fields: vec![], error: PhantomData };",
                  "    variant.serialize_field(&(-9000000000000000000i64)).unwrap();",
                  "    assert!(matches!(variant.fields[0], Content::I64(-9000000000000000000)));",
                  "}"
                ]
              ],
              "can_compile": [
                {
                  "Err": "   Compiling proc-macro2 v1.0.95\n   Compiling syn v1.0.109\n   Compiling serde_derive v1.0.219 (/home/utgen/workspace/serde/serde_derive)\n   Compiling serde v1.0.219 (/home/utgen/workspace/serde/serde)\n   Compiling quote v1.0.40\n   Compiling syn v2.0.100\n   Compiling ntest_test_cases v0.9.3\n   Compiling ntest_timeout v0.9.3\n   Compiling ntest v0.9.3\nerror: unused import: `ntest::timeout`\n   --> serde/src/private/ser.rs:991:8\n    |\n991 |    use ntest::timeout;\n    |        ^^^^^^^^^^^^^^\n    |\nnote: the lint level is defined here\n   --> serde/src/lib.rs:159:23\n    |\n159 | #![deny(missing_docs, unused_imports)]\n    |                       ^^^^^^^^^^^^^^\n\nerror[E0277]: the trait bound `DummyError: std::error::Error` is not satisfied\n   --> serde/src/private/ser.rs:995:21\n    |\n995 | impl ser::Error for DummyError {\n    |                     ^^^^^^^^^^ the trait `std::error::Error` is not implemented for `DummyError`\n    |\nnote: required by a bound in `ser::Error`\n   --> serde/src/ser/mod.rs:142:38\n    |\n142 |         pub trait Error: Sized $(+ $($supertrait)::+)* {\n    |                                      ^^^^^^^^^^^ required by this bound in `Error`\n...\n186 | declare_error_trait!(Error: Sized + StdError);\n    | --------------------------------------------- in this macro invocation\n    = note: this error originates in the macro `declare_error_trait` (in Nightly builds, run with -Z macro-backtrace for more info)\n\nerror[E0599]: no method named `serialize_field` found for struct `__private::ser::content::SerializeTupleVariant` in the current scope\n    --> serde/src/private/ser.rs:1011:13\n     |\n842  |     pub struct SerializeTupleVariant<E> {\n     |     ----------------------------------- method `serialize_field` not found for this struct\n...\n1011 |     variant.serialize_field(&(-9000000000000000000i64)).unwrap();\n     |             ^^^^^^^^^^^^^^^ method not found in `SerializeTupleVariant<DummyError>`\n     |\n    ::: serde/src/ser/mod.rs:1708:8\n     |\n1708 |     fn serialize_field<T>(&mut self, value: &T) -> Result<(), Self::Error>\n     |        --------------- the method is available for `__private::ser::content::SerializeTupleVariant<DummyError>` here\n     |\n     = help: items from traits can only be used if the trait is in scope\nhelp: trait `SerializeTupleVariant` which provides `serialize_field` is implemented but not in scope; perhaps you want to import it\n     |\n990  +    use crate::ser::SerializeTupleVariant;\n     |\n\nSome errors have detailed explanations: E0277, E0599.\nFor more information about an error, try `rustc --explain E0277`.\nerror: could not compile `serde` (lib test) due to 3 previous errors\n"
                },
                {
                  "Err": "   Compiling proc-macro2 v1.0.95\n   Compiling syn v1.0.109\n   Compiling serde_derive v1.0.219 (/home/utgen/workspace/serde/serde_derive)\n   Compiling serde v1.0.219 (/home/utgen/workspace/serde/serde)\n   Compiling quote v1.0.40\n   Compiling syn v2.0.100\n   Compiling ntest_timeout v0.9.3\n   Compiling ntest_test_cases v0.9.3\n   Compiling ntest v0.9.3\nerror: unused import: `ntest::timeout`\n   --> serde/src/private/ser.rs:991:8\n    |\n991 |    use ntest::timeout;\n    |        ^^^^^^^^^^^^^^\n    |\nnote: the lint level is defined here\n   --> serde/src/lib.rs:159:23\n    |\n159 | #![deny(missing_docs, unused_imports)]\n    |                       ^^^^^^^^^^^^^^\n\nerror[E0277]: the trait bound `DummyError: std::error::Error` is not satisfied\n   --> serde/src/private/ser.rs:995:21\n    |\n995 | impl ser::Error for DummyError {\n    |                     ^^^^^^^^^^ the trait `std::error::Error` is not implemented for `DummyError`\n    |\nnote: required by a bound in `ser::Error`\n   --> serde/src/ser/mod.rs:142:38\n    |\n142 |         pub trait Error: Sized $(+ $($supertrait)::+)* {\n    |                                      ^^^^^^^^^^^ required by this bound in `Error`\n...\n186 | declare_error_trait!(Error: Sized + StdError);\n    | --------------------------------------------- in this macro invocation\n    = note: this error originates in the macro `declare_error_trait` (in Nightly builds, run with -Z macro-backtrace for more info)\n\nerror[E0599]: no method named `serialize_field` found for struct `__private::ser::content::SerializeTupleVariant` in the current scope\n    --> serde/src/private/ser.rs:1011:13\n     |\n842  |     pub struct SerializeTupleVariant<E> {\n     |     ----------------------------------- method `serialize_field` not found for this struct\n...\n1011 |     variant.serialize_field(&(-9000000000000000000i64)).unwrap();\n     |             ^^^^^^^^^^^^^^^ method not found in `SerializeTupleVariant<DummyError>`\n     |\n    ::: serde/src/ser/mod.rs:1708:8\n     |\n1708 |     fn serialize_field<T>(&mut self, value: &T) -> Result<(), Self::Error>\n     |        --------------- the method is available for `__private::ser::content::SerializeTupleVariant<DummyError>` here\n     |\n     = help: items from traits can only be used if the trait is in scope\nhelp: trait `SerializeTupleVariant` which provides `serialize_field` is implemented but not in scope; perhaps you want to import it\n     |\n990  +    use crate::ser::SerializeTupleVariant;\n     |\n\nerror[E0599]: no method named `serialize_field` found for struct `__private::ser::content::SerializeTupleVariant` in the current scope\n    --> serde/src/private/ser.rs:1013:13\n     |\n842  |     pub struct SerializeTupleVariant<E> {\n     |     ----------------------------------- method `serialize_field` not found for this struct\n...\n1013 |     variant.serialize_field(&(-9000000000000000000i64)).unwrap();\n     |             ^^^^^^^^^^^^^^^ method not found in `SerializeTupleVariant<DummyError>`\n     |\n    ::: serde/src/ser/mod.rs:1708:8\n     |\n1708 |     fn serialize_field<T>(&mut self, value: &T) -> Result<(), Self::Error>\n     |        --------------- the method is available for `__private::ser::content::SerializeTupleVariant<DummyError>` here\n     |\n     = help: items from traits can only be used if the trait is in scope\nhelp: trait `SerializeTupleVariant` which provides `serialize_field` is implemented but not in scope; perhaps you want to import it\n     |\n990  +    use crate::ser::SerializeTupleVariant;\n     |\n\nSome errors have detailed explanations: E0277, E0599.\nFor more information about an error, try `rustc --explain E0277`.\nerror: could not compile `serde` (lib test) due to 4 previous errors\n"
                },
                {
                  "Err": "   Compiling proc-macro2 v1.0.95\n   Compiling syn v1.0.109\n   Compiling serde_derive v1.0.219 (/home/utgen/workspace/serde/serde_derive)\n   Compiling serde v1.0.219 (/home/utgen/workspace/serde/serde)\n   Compiling quote v1.0.40\n   Compiling syn v2.0.100\n   Compiling ntest_test_cases v0.9.3\n   Compiling ntest_timeout v0.9.3\n   Compiling ntest v0.9.3\nerror: unused import: `ntest::timeout`\n   --> serde/src/private/ser.rs:991:8\n    |\n991 |    use ntest::timeout;\n    |        ^^^^^^^^^^^^^^\n    |\nnote: the lint level is defined here\n   --> serde/src/lib.rs:159:23\n    |\n159 | #![deny(missing_docs, unused_imports)]\n    |                       ^^^^^^^^^^^^^^\n\nerror[E0277]: the trait bound `DummyError: std::error::Error` is not satisfied\n   --> serde/src/private/ser.rs:995:21\n    |\n995 | impl ser::Error for DummyError {\n    |                     ^^^^^^^^^^ the trait `std::error::Error` is not implemented for `DummyError`\n    |\nnote: required by a bound in `ser::Error`\n   --> serde/src/ser/mod.rs:142:38\n    |\n142 |         pub trait Error: Sized $(+ $($supertrait)::+)* {\n    |                                      ^^^^^^^^^^^ required by this bound in `Error`\n...\n186 | declare_error_trait!(Error: Sized + StdError);\n    | --------------------------------------------- in this macro invocation\n    = note: this error originates in the macro `declare_error_trait` (in Nightly builds, run with -Z macro-backtrace for more info)\n\nerror[E0599]: no method named `serialize_field` found for struct `__private::ser::content::SerializeTupleVariant` in the current scope\n    --> serde/src/private/ser.rs:1011:13\n     |\n842  |     pub struct SerializeTupleVariant<E> {\n     |     ----------------------------------- method `serialize_field` not found for this struct\n...\n1011 |     variant.serialize_field(&(-9000000000000000000i64)).unwrap();\n     |             ^^^^^^^^^^^^^^^ method not found in `SerializeTupleVariant<DummyError>`\n     |\n    ::: serde/src/ser/mod.rs:1708:8\n     |\n1708 |     fn serialize_field<T>(&mut self, value: &T) -> Result<(), Self::Error>\n     |        --------------- the method is available for `__private::ser::content::SerializeTupleVariant<DummyError>` here\n     |\n     = help: items from traits can only be used if the trait is in scope\nhelp: trait `SerializeTupleVariant` which provides `serialize_field` is implemented but not in scope; perhaps you want to import it\n     |\n990  +    use crate::ser::SerializeTupleVariant;\n     |\n\nerror[E0599]: no method named `serialize_field` found for struct `__private::ser::content::SerializeTupleVariant` in the current scope\n    --> serde/src/private/ser.rs:1013:13\n     |\n842  |     pub struct SerializeTupleVariant<E> {\n     |     ----------------------------------- method `serialize_field` not found for this struct\n...\n1013 |     variant.serialize_field(&(-9000000000000000000i64)).unwrap();\n     |             ^^^^^^^^^^^^^^^ method not found in `SerializeTupleVariant<DummyError>`\n     |\n    ::: serde/src/ser/mod.rs:1708:8\n     |\n1708 |     fn serialize_field<T>(&mut self, value: &T) -> Result<(), Self::Error>\n     |        --------------- the method is available for `__private::ser::content::SerializeTupleVariant<DummyError>` here\n     |\n     = help: items from traits can only be used if the trait is in scope\nhelp: trait `SerializeTupleVariant` which provides `serialize_field` is implemented but not in scope; perhaps you want to import it\n     |\n990  +    use crate::ser::SerializeTupleVariant;\n     |\n\nSome errors have detailed explanations: E0277, E0599.\nFor more information about an error, try `rustc --explain E0277`.\nerror: could not compile `serde` (lib test) due to 4 previous errors\n"
                }
              ],
              "repaired": [
                false,
                false,
                false
              ]
            },
            {
              "attrs": [],
              "prefix": [
                "{",
                "    let mut variant = SerializeTupleVariant::<DummyError> {",
                "        name: \"test\",",
                "        variant_index: 9,",
                "        variant: \"variant\",",
                "        fields: vec![],",
                "        error: PhantomData,",
                "    };",
                "    variant.serialize_field(&(3.14f32)).unwrap();",
                "}"
              ],
              "oracles": [
                [
                  "    let mut variant = SerializeTupleVariant::<DummyError> {",
                  "    name: \"test\",",
                  "    variant_index: 9,",
                  "    variant: \"variant\",",
                  "    fields: vec![],",
                  "    error: PhantomData,",
                  "    };",
                  "    let value = tri!(&(3.14f32).serialize(ContentSerializer::<DummyError>::new()));",
                  "    assert_eq!(variant.fields.len(), 1);"
                ],
                [
                  "    let mut variant = SerializeTupleVariant::<DummyError> {",
                  "    name: \"test\",",
                  "    variant_index: 9,",
                  "    variant: \"variant\",",
                  "    fields: vec![],",
                  "    error: PhantomData,",
                  "    };",
                  "    let value = tri!(&(3.14f32).serialize(ContentSerializer::<DummyError>::new()));",
                  "    assert!(matches!(variant.fields[0], Content::F32(3.14)));"
                ],
                [
                  "    let mut variant = SerializeTupleVariant::<DummyError> {",
                  "    name: \"test\",",
                  "    variant_index: 9,",
                  "    variant: \"variant\",",
                  "    fields: vec![],",
                  "    error: PhantomData,",
                  "    };",
                  "    let value = tri!(&(3.14f32).serialize(ContentSerializer::<DummyError>::new()));",
                  "    assert!(variant.serialize_field(&(3.14f32)).is_ok());"
                ],
                [
                  "    let mut variant = SerializeTupleVariant::<DummyError> {",
                  "    name: \"test\",",
                  "    variant_index: 9,",
                  "    variant: \"variant\",",
                  "    fields: vec![],",
                  "    error: PhantomData,",
                  "    };",
                  "    let value = tri!(&(3.14f32).serialize(ContentSerializer::<DummyError>::new()));",
                  "    assert!(variant.fields.contains(&value));"
                ]
              ],
              "codes": [
                [
                  "{",
                  "    let mut variant = SerializeTupleVariant::<DummyError> {",
                  "        name: \"test\",",
                  "        variant_index: 9,",
                  "        variant: \"variant\",",
                  "        fields: vec![],",
                  "        error: PhantomData,",
                  "    };",
                  "    variant.serialize_field(&(3.14f32)).unwrap();",
                  "    let mut variant = SerializeTupleVariant::<DummyError> {",
                  "    name: \"test\",",
                  "    variant_index: 9,",
                  "    variant: \"variant\",",
                  "    fields: vec![],",
                  "    error: PhantomData,",
                  "    };",
                  "    let value = tri!(&(3.14f32).serialize(ContentSerializer::<DummyError>::new()));",
                  "    assert_eq!(variant.fields.len(), 1);",
                  "}"
                ],
                [
                  "{",
                  "    let mut variant = SerializeTupleVariant::<DummyError> {",
                  "        name: \"test\",",
                  "        variant_index: 9,",
                  "        variant: \"variant\",",
                  "        fields: vec![],",
                  "        error: PhantomData,",
                  "    };",
                  "    variant.serialize_field(&(3.14f32)).unwrap();",
                  "    let mut variant = SerializeTupleVariant::<DummyError> {",
                  "    name: \"test\",",
                  "    variant_index: 9,",
                  "    variant: \"variant\",",
                  "    fields: vec![],",
                  "    error: PhantomData,",
                  "    };",
                  "    let value = tri!(&(3.14f32).serialize(ContentSerializer::<DummyError>::new()));",
                  "    assert!(matches!(variant.fields[0], Content::F32(3.14)));",
                  "}"
                ],
                [
                  "{",
                  "    let mut variant = SerializeTupleVariant::<DummyError> {",
                  "        name: \"test\",",
                  "        variant_index: 9,",
                  "        variant: \"variant\",",
                  "        fields: vec![],",
                  "        error: PhantomData,",
                  "    };",
                  "    variant.serialize_field(&(3.14f32)).unwrap();",
                  "    let mut variant = SerializeTupleVariant::<DummyError> {",
                  "    name: \"test\",",
                  "    variant_index: 9,",
                  "    variant: \"variant\",",
                  "    fields: vec![],",
                  "    error: PhantomData,",
                  "    };",
                  "    let value = tri!(&(3.14f32).serialize(ContentSerializer::<DummyError>::new()));",
                  "    assert!(variant.serialize_field(&(3.14f32)).is_ok());",
                  "}"
                ],
                [
                  "{",
                  "    let mut variant = SerializeTupleVariant::<DummyError> {",
                  "        name: \"test\",",
                  "        variant_index: 9,",
                  "        variant: \"variant\",",
                  "        fields: vec![],",
                  "        error: PhantomData,",
                  "    };",
                  "    variant.serialize_field(&(3.14f32)).unwrap();",
                  "    let mut variant = SerializeTupleVariant::<DummyError> {",
                  "    name: \"test\",",
                  "    variant_index: 9,",
                  "    variant: \"variant\",",
                  "    fields: vec![],",
                  "    error: PhantomData,",
                  "    };",
                  "    let value = tri!(&(3.14f32).serialize(ContentSerializer::<DummyError>::new()));",
                  "    assert!(variant.fields.contains(&value));",
                  "}"
                ]
              ],
              "can_compile": [
                {
                  "Err": "   Compiling proc-macro2 v1.0.95\n   Compiling syn v1.0.109\n   Compiling serde_derive v1.0.219 (/home/utgen/workspace/serde/serde_derive)\n   Compiling serde v1.0.219 (/home/utgen/workspace/serde/serde)\n   Compiling quote v1.0.40\n   Compiling syn v2.0.100\n   Compiling ntest_timeout v0.9.3\n   Compiling ntest_test_cases v0.9.3\n   Compiling ntest v0.9.3\nerror: unused import: `ntest::timeout`\n   --> serde/src/private/ser.rs:991:8\n    |\n991 |    use ntest::timeout;\n    |        ^^^^^^^^^^^^^^\n    |\nnote: the lint level is defined here\n   --> serde/src/lib.rs:159:23\n    |\n159 | #![deny(missing_docs, unused_imports)]\n    |                       ^^^^^^^^^^^^^^\n\nerror[E0277]: the trait bound `DummyError: std::error::Error` is not satisfied\n   --> serde/src/private/ser.rs:995:21\n    |\n995 | impl ser::Error for DummyError {\n    |                     ^^^^^^^^^^ the trait `std::error::Error` is not implemented for `DummyError`\n    |\nnote: required by a bound in `ser::Error`\n   --> serde/src/ser/mod.rs:142:38\n    |\n142 |         pub trait Error: Sized $(+ $($supertrait)::+)* {\n    |                                      ^^^^^^^^^^^ required by this bound in `Error`\n...\n186 | declare_error_trait!(Error: Sized + StdError);\n    | --------------------------------------------- in this macro invocation\n    = note: this error originates in the macro `declare_error_trait` (in Nightly builds, run with -Z macro-backtrace for more info)\n\nerror[E0599]: no method named `serialize_field` found for struct `__private::ser::content::SerializeTupleVariant` in the current scope\n    --> serde/src/private/ser.rs:1011:13\n     |\n842  |     pub struct SerializeTupleVariant<E> {\n     |     ----------------------------------- method `serialize_field` not found for this struct\n...\n1011 |     variant.serialize_field(&(3.14f32)).unwrap();\n     |             ^^^^^^^^^^^^^^^ method not found in `SerializeTupleVariant<DummyError>`\n     |\n    ::: serde/src/ser/mod.rs:1708:8\n     |\n1708 |     fn serialize_field<T>(&mut self, value: &T) -> Result<(), Self::Error>\n     |        --------------- the method is available for `__private::ser::content::SerializeTupleVariant<DummyError>` here\n     |\n     = help: items from traits can only be used if the trait is in scope\nhelp: trait `SerializeTupleVariant` which provides `serialize_field` is implemented but not in scope; perhaps you want to import it\n     |\n990  +    use crate::ser::SerializeTupleVariant;\n     |\n\nerror[E0308]: mismatched types\n    --> serde/src/lib.rs:298:32\n     |\n298  |             Err(err) => return Err(err),\n     |                                ^^^^^^^^ expected `()`, found `Result<_, &DummyError>`\n     |\n    ::: serde/src/private/ser.rs:1019:17\n     |\n1019 |     let value = tri!(&(3.14f32).serialize(ContentSerializer::<DummyError>::new()));\n     |                 ------------------------------------------------------------------ in this macro invocation\n     |\n     = note: expected unit type `()`\n                     found enum `Result<_, &DummyError>`\n     = note: this error originates in the macro `tri` (in Nightly builds, run with -Z macro-backtrace for more info)\n\nSome errors have detailed explanations: E0277, E0308, E0599.\nFor more information about an error, try `rustc --explain E0277`.\nerror: could not compile `serde` (lib test) due to 4 previous errors\n"
                },
                {
                  "Err": "   Compiling proc-macro2 v1.0.95\n   Compiling syn v1.0.109\n   Compiling serde_derive v1.0.219 (/home/utgen/workspace/serde/serde_derive)\n   Compiling serde v1.0.219 (/home/utgen/workspace/serde/serde)\n   Compiling quote v1.0.40\n   Compiling syn v2.0.100\n   Compiling ntest_test_cases v0.9.3\n   Compiling ntest_timeout v0.9.3\n   Compiling ntest v0.9.3\nerror: unused import: `ntest::timeout`\n   --> serde/src/private/ser.rs:991:8\n    |\n991 |    use ntest::timeout;\n    |        ^^^^^^^^^^^^^^\n    |\nnote: the lint level is defined here\n   --> serde/src/lib.rs:159:23\n    |\n159 | #![deny(missing_docs, unused_imports)]\n    |                       ^^^^^^^^^^^^^^\n\nerror[E0277]: the trait bound `DummyError: std::error::Error` is not satisfied\n   --> serde/src/private/ser.rs:995:21\n    |\n995 | impl ser::Error for DummyError {\n    |                     ^^^^^^^^^^ the trait `std::error::Error` is not implemented for `DummyError`\n    |\nnote: required by a bound in `ser::Error`\n   --> serde/src/ser/mod.rs:142:38\n    |\n142 |         pub trait Error: Sized $(+ $($supertrait)::+)* {\n    |                                      ^^^^^^^^^^^ required by this bound in `Error`\n...\n186 | declare_error_trait!(Error: Sized + StdError);\n    | --------------------------------------------- in this macro invocation\n    = note: this error originates in the macro `declare_error_trait` (in Nightly builds, run with -Z macro-backtrace for more info)\n\nerror[E0599]: no method named `serialize_field` found for struct `__private::ser::content::SerializeTupleVariant` in the current scope\n    --> serde/src/private/ser.rs:1011:13\n     |\n842  |     pub struct SerializeTupleVariant<E> {\n     |     ----------------------------------- method `serialize_field` not found for this struct\n...\n1011 |     variant.serialize_field(&(3.14f32)).unwrap();\n     |             ^^^^^^^^^^^^^^^ method not found in `SerializeTupleVariant<DummyError>`\n     |\n    ::: serde/src/ser/mod.rs:1708:8\n     |\n1708 |     fn serialize_field<T>(&mut self, value: &T) -> Result<(), Self::Error>\n     |        --------------- the method is available for `__private::ser::content::SerializeTupleVariant<DummyError>` here\n     |\n     = help: items from traits can only be used if the trait is in scope\nhelp: trait `SerializeTupleVariant` which provides `serialize_field` is implemented but not in scope; perhaps you want to import it\n     |\n990  +    use crate::ser::SerializeTupleVariant;\n     |\n\nerror[E0308]: mismatched types\n    --> serde/src/lib.rs:298:32\n     |\n298  |             Err(err) => return Err(err),\n     |                                ^^^^^^^^ expected `()`, found `Result<_, &DummyError>`\n     |\n    ::: serde/src/private/ser.rs:1019:17\n     |\n1019 |     let value = tri!(&(3.14f32).serialize(ContentSerializer::<DummyError>::new()));\n     |                 ------------------------------------------------------------------ in this macro invocation\n     |\n     = note: expected unit type `()`\n                     found enum `Result<_, &DummyError>`\n     = note: this error originates in the macro `tri` (in Nightly builds, run with -Z macro-backtrace for more info)\n\nSome errors have detailed explanations: E0277, E0308, E0599.\nFor more information about an error, try `rustc --explain E0277`.\nerror: could not compile `serde` (lib test) due to 4 previous errors\n"
                },
                {
                  "Err": "   Compiling proc-macro2 v1.0.95\n   Compiling syn v1.0.109\n   Compiling serde_derive v1.0.219 (/home/utgen/workspace/serde/serde_derive)\n   Compiling serde v1.0.219 (/home/utgen/workspace/serde/serde)\n   Compiling quote v1.0.40\n   Compiling syn v2.0.100\n   Compiling ntest_test_cases v0.9.3\n   Compiling ntest_timeout v0.9.3\n   Compiling ntest v0.9.3\nerror: unused import: `ntest::timeout`\n   --> serde/src/private/ser.rs:991:8\n    |\n991 |    use ntest::timeout;\n    |        ^^^^^^^^^^^^^^\n    |\nnote: the lint level is defined here\n   --> serde/src/lib.rs:159:23\n    |\n159 | #![deny(missing_docs, unused_imports)]\n    |                       ^^^^^^^^^^^^^^\n\nerror[E0277]: the trait bound `DummyError: std::error::Error` is not satisfied\n   --> serde/src/private/ser.rs:995:21\n    |\n995 | impl ser::Error for DummyError {\n    |                     ^^^^^^^^^^ the trait `std::error::Error` is not implemented for `DummyError`\n    |\nnote: required by a bound in `ser::Error`\n   --> serde/src/ser/mod.rs:142:38\n    |\n142 |         pub trait Error: Sized $(+ $($supertrait)::+)* {\n    |                                      ^^^^^^^^^^^ required by this bound in `Error`\n...\n186 | declare_error_trait!(Error: Sized + StdError);\n    | --------------------------------------------- in this macro invocation\n    = note: this error originates in the macro `declare_error_trait` (in Nightly builds, run with -Z macro-backtrace for more info)\n\nerror[E0599]: no method named `serialize_field` found for struct `__private::ser::content::SerializeTupleVariant` in the current scope\n    --> serde/src/private/ser.rs:1011:13\n     |\n842  |     pub struct SerializeTupleVariant<E> {\n     |     ----------------------------------- method `serialize_field` not found for this struct\n...\n1011 |     variant.serialize_field(&(3.14f32)).unwrap();\n     |             ^^^^^^^^^^^^^^^ method not found in `SerializeTupleVariant<DummyError>`\n     |\n    ::: serde/src/ser/mod.rs:1708:8\n     |\n1708 |     fn serialize_field<T>(&mut self, value: &T) -> Result<(), Self::Error>\n     |        --------------- the method is available for `__private::ser::content::SerializeTupleVariant<DummyError>` here\n     |\n     = help: items from traits can only be used if the trait is in scope\nhelp: trait `SerializeTupleVariant` which provides `serialize_field` is implemented but not in scope; perhaps you want to import it\n     |\n990  +    use crate::ser::SerializeTupleVariant;\n     |\n\nerror[E0308]: mismatched types\n    --> serde/src/lib.rs:298:32\n     |\n298  |             Err(err) => return Err(err),\n     |                                ^^^^^^^^ expected `()`, found `Result<_, &DummyError>`\n     |\n    ::: serde/src/private/ser.rs:1019:17\n     |\n1019 |     let value = tri!(&(3.14f32).serialize(ContentSerializer::<DummyError>::new()));\n     |                 ------------------------------------------------------------------ in this macro invocation\n     |\n     = note: expected unit type `()`\n                     found enum `Result<_, &DummyError>`\n     = note: this error originates in the macro `tri` (in Nightly builds, run with -Z macro-backtrace for more info)\n\nerror[E0599]: no method named `serialize_field` found for struct `__private::ser::content::SerializeTupleVariant` in the current scope\n    --> serde/src/private/ser.rs:1020:21\n     |\n842  |     pub struct SerializeTupleVariant<E> {\n     |     ----------------------------------- method `serialize_field` not found for this struct\n...\n1020 |     assert!(variant.serialize_field(&(3.14f32)).is_ok());\n     |                     ^^^^^^^^^^^^^^^ method not found in `SerializeTupleVariant<DummyError>`\n     |\n    ::: serde/src/ser/mod.rs:1708:8\n     |\n1708 |     fn serialize_field<T>(&mut self, value: &T) -> Result<(), Self::Error>\n     |        --------------- the method is available for `__private::ser::content::SerializeTupleVariant<DummyError>` here\n     |\n     = help: items from traits can only be used if the trait is in scope\nhelp: trait `SerializeTupleVariant` which provides `serialize_field` is implemented but not in scope; perhaps you want to import it\n     |\n990  +    use crate::ser::SerializeTupleVariant;\n     |\n\nSome errors have detailed explanations: E0277, E0308, E0599.\nFor more information about an error, try `rustc --explain E0277`.\nerror: could not compile `serde` (lib test) due to 5 previous errors\n"
                },
                {
                  "Err": "   Compiling proc-macro2 v1.0.95\n   Compiling syn v1.0.109\n   Compiling serde_derive v1.0.219 (/home/utgen/workspace/serde/serde_derive)\n   Compiling serde v1.0.219 (/home/utgen/workspace/serde/serde)\n   Compiling quote v1.0.40\n   Compiling syn v2.0.100\n   Compiling ntest_test_cases v0.9.3\n   Compiling ntest_timeout v0.9.3\n   Compiling ntest v0.9.3\nerror: unused import: `ntest::timeout`\n   --> serde/src/private/ser.rs:991:8\n    |\n991 |    use ntest::timeout;\n    |        ^^^^^^^^^^^^^^\n    |\nnote: the lint level is defined here\n   --> serde/src/lib.rs:159:23\n    |\n159 | #![deny(missing_docs, unused_imports)]\n    |                       ^^^^^^^^^^^^^^\n\nerror[E0277]: the trait bound `DummyError: std::error::Error` is not satisfied\n   --> serde/src/private/ser.rs:995:21\n    |\n995 | impl ser::Error for DummyError {\n    |                     ^^^^^^^^^^ the trait `std::error::Error` is not implemented for `DummyError`\n    |\nnote: required by a bound in `ser::Error`\n   --> serde/src/ser/mod.rs:142:38\n    |\n142 |         pub trait Error: Sized $(+ $($supertrait)::+)* {\n    |                                      ^^^^^^^^^^^ required by this bound in `Error`\n...\n186 | declare_error_trait!(Error: Sized + StdError);\n    | --------------------------------------------- in this macro invocation\n    = note: this error originates in the macro `declare_error_trait` (in Nightly builds, run with -Z macro-backtrace for more info)\n\nerror[E0599]: no method named `serialize_field` found for struct `__private::ser::content::SerializeTupleVariant` in the current scope\n    --> serde/src/private/ser.rs:1011:13\n     |\n842  |     pub struct SerializeTupleVariant<E> {\n     |     ----------------------------------- method `serialize_field` not found for this struct\n...\n1011 |     variant.serialize_field(&(3.14f32)).unwrap();\n     |             ^^^^^^^^^^^^^^^ method not found in `SerializeTupleVariant<DummyError>`\n     |\n    ::: serde/src/ser/mod.rs:1708:8\n     |\n1708 |     fn serialize_field<T>(&mut self, value: &T) -> Result<(), Self::Error>\n     |        --------------- the method is available for `__private::ser::content::SerializeTupleVariant<DummyError>` here\n     |\n     = help: items from traits can only be used if the trait is in scope\nhelp: trait `SerializeTupleVariant` which provides `serialize_field` is implemented but not in scope; perhaps you want to import it\n     |\n990  +    use crate::ser::SerializeTupleVariant;\n     |\n\nerror[E0308]: mismatched types\n    --> serde/src/lib.rs:298:32\n     |\n298  |             Err(err) => return Err(err),\n     |                                ^^^^^^^^ expected `()`, found `Result<_, &DummyError>`\n     |\n    ::: serde/src/private/ser.rs:1019:17\n     |\n1019 |     let value = tri!(&(3.14f32).serialize(ContentSerializer::<DummyError>::new()));\n     |                 ------------------------------------------------------------------ in this macro invocation\n     |\n     = note: expected unit type `()`\n                     found enum `Result<_, &DummyError>`\n     = note: this error originates in the macro `tri` (in Nightly builds, run with -Z macro-backtrace for more info)\n\nerror[E0277]: can't compare `__private::ser::content::Content` with `__private::ser::content::Content`\n    --> serde/src/private/ser.rs:1020:28\n     |\n1020 |     assert!(variant.fields.contains(&value));\n     |                            ^^^^^^^^ no implementation for `__private::ser::content::Content == __private::ser::content::Content`\n     |\n     = help: the trait `PartialEq` is not implemented for `__private::ser::content::Content`\nnote: required by a bound in `core::slice::<impl [T]>::contains`\n    --> /rustc/5069856495870486134dd2ca0b0e2516308c5c2a/library/core/src/slice/mod.rs:2520:5\n\nSome errors have detailed explanations: E0277, E0308, E0599.\nFor more information about an error, try `rustc --explain E0277`.\nerror: could not compile `serde` (lib test) due to 5 previous errors\n"
                }
              ],
              "repaired": [
                false,
                false,
                false,
                false
              ]
            },
            {
              "attrs": [],
              "prefix": [
                "{",
                "    let mut variant = SerializeTupleVariant::<DummyError> {",
                "        name: \"test\",",
                "        variant_index: 10,",
                "        variant: \"variant\",",
                "        fields: vec![],",
                "        error: PhantomData,",
                "    };",
                "    variant.serialize_field(&(2.718281828459f64)).unwrap();",
                "}"
              ],
              "oracles": [
                [
                  "    let mut variant = SerializeTupleVariant::<DummyError> {",
                  "    name: \"test\",",
                  "    variant_index: 10,",
                  "    variant: \"variant\",",
                  "    fields: vec![],",
                  "    error: PhantomData,",
                  "    };",
                  "    let value = Content::F64(2.718281828459);",
                  "    assert_eq!(variant.fields.len(), 0);"
                ],
                [
                  "    let mut variant = SerializeTupleVariant::<DummyError> {",
                  "    name: \"test\",",
                  "    variant_index: 10,",
                  "    variant: \"variant\",",
                  "    fields: vec![],",
                  "    error: PhantomData,",
                  "    };",
                  "    let value = Content::F64(2.718281828459);",
                  "    variant.serialize_field(&(2.718281828459f64)).unwrap();",
                  "    assert_eq!(variant.fields.len(), 1);"
                ],
                [
                  "    let mut variant = SerializeTupleVariant::<DummyError> {",
                  "    name: \"test\",",
                  "    variant_index: 10,",
                  "    variant: \"variant\",",
                  "    fields: vec![],",
                  "    error: PhantomData,",
                  "    };",
                  "    let value = Content::F64(2.718281828459);",
                  "    variant.serialize_field(&(2.718281828459f64)).unwrap();",
                  "    assert_eq!(variant.fields[0], value);"
                ]
              ],
              "codes": [
                [
                  "{",
                  "    let mut variant = SerializeTupleVariant::<DummyError> {",
                  "        name: \"test\",",
                  "        variant_index: 10,",
                  "        variant: \"variant\",",
                  "        fields: vec![],",
                  "        error: PhantomData,",
                  "    };",
                  "    variant.serialize_field(&(2.718281828459f64)).unwrap();",
                  "    let mut variant = SerializeTupleVariant::<DummyError> {",
                  "    name: \"test\",",
                  "    variant_index: 10,",
                  "    variant: \"variant\",",
                  "    fields: vec![],",
                  "    error: PhantomData,",
                  "    };",
                  "    let value = Content::F64(2.718281828459);",
                  "    assert_eq!(variant.fields.len(), 0);",
                  "}"
                ],
                [
                  "{",
                  "    let mut variant = SerializeTupleVariant::<DummyError> {",
                  "        name: \"test\",",
                  "        variant_index: 10,",
                  "        variant: \"variant\",",
                  "        fields: vec![],",
                  "        error: PhantomData,",
                  "    };",
                  "    variant.serialize_field(&(2.718281828459f64)).unwrap();",
                  "    let mut variant = SerializeTupleVariant::<DummyError> {",
                  "    name: \"test\",",
                  "    variant_index: 10,",
                  "    variant: \"variant\",",
                  "    fields: vec![],",
                  "    error: PhantomData,",
                  "    };",
                  "    let value = Content::F64(2.718281828459);",
                  "    variant.serialize_field(&(2.718281828459f64)).unwrap();",
                  "    assert_eq!(variant.fields.len(), 1);",
                  "}"
                ],
                [
                  "{",
                  "    let mut variant = SerializeTupleVariant::<DummyError> {",
                  "        name: \"test\",",
                  "        variant_index: 10,",
                  "        variant: \"variant\",",
                  "        fields: vec![],",
                  "        error: PhantomData,",
                  "    };",
                  "    variant.serialize_field(&(2.718281828459f64)).unwrap();",
                  "    let mut variant = SerializeTupleVariant::<DummyError> {",
                  "    name: \"test\",",
                  "    variant_index: 10,",
                  "    variant: \"variant\",",
                  "    fields: vec![],",
                  "    error: PhantomData,",
                  "    };",
                  "    let value = Content::F64(2.718281828459);",
                  "    variant.serialize_field(&(2.718281828459f64)).unwrap();",
                  "    assert_eq!(variant.fields[0], value);",
                  "}"
                ]
              ],
              "can_compile": [
                {
                  "Err": "   Compiling proc-macro2 v1.0.95\n   Compiling syn v1.0.109\n   Compiling serde_derive v1.0.219 (/home/utgen/workspace/serde/serde_derive)\n   Compiling serde v1.0.219 (/home/utgen/workspace/serde/serde)\n   Compiling quote v1.0.40\n   Compiling syn v2.0.100\n   Compiling ntest_timeout v0.9.3\n   Compiling ntest_test_cases v0.9.3\n   Compiling ntest v0.9.3\nerror: unused import: `ntest::timeout`\n   --> serde/src/private/ser.rs:991:8\n    |\n991 |    use ntest::timeout;\n    |        ^^^^^^^^^^^^^^\n    |\nnote: the lint level is defined here\n   --> serde/src/lib.rs:159:23\n    |\n159 | #![deny(missing_docs, unused_imports)]\n    |                       ^^^^^^^^^^^^^^\n\nerror[E0277]: the trait bound `DummyError: std::error::Error` is not satisfied\n   --> serde/src/private/ser.rs:995:21\n    |\n995 | impl ser::Error for DummyError {\n    |                     ^^^^^^^^^^ the trait `std::error::Error` is not implemented for `DummyError`\n    |\nnote: required by a bound in `ser::Error`\n   --> serde/src/ser/mod.rs:142:38\n    |\n142 |         pub trait Error: Sized $(+ $($supertrait)::+)* {\n    |                                      ^^^^^^^^^^^ required by this bound in `Error`\n...\n186 | declare_error_trait!(Error: Sized + StdError);\n    | --------------------------------------------- in this macro invocation\n    = note: this error originates in the macro `declare_error_trait` (in Nightly builds, run with -Z macro-backtrace for more info)\n\nerror[E0599]: no method named `serialize_field` found for struct `__private::ser::content::SerializeTupleVariant` in the current scope\n    --> serde/src/private/ser.rs:1011:13\n     |\n842  |     pub struct SerializeTupleVariant<E> {\n     |     ----------------------------------- method `serialize_field` not found for this struct\n...\n1011 |     variant.serialize_field(&(2.718281828459f64)).unwrap();\n     |             ^^^^^^^^^^^^^^^ method not found in `SerializeTupleVariant<DummyError>`\n     |\n    ::: serde/src/ser/mod.rs:1708:8\n     |\n1708 |     fn serialize_field<T>(&mut self, value: &T) -> Result<(), Self::Error>\n     |        --------------- the method is available for `__private::ser::content::SerializeTupleVariant<DummyError>` here\n     |\n     = help: items from traits can only be used if the trait is in scope\nhelp: trait `SerializeTupleVariant` which provides `serialize_field` is implemented but not in scope; perhaps you want to import it\n     |\n990  +    use crate::ser::SerializeTupleVariant;\n     |\n\nSome errors have detailed explanations: E0277, E0599.\nFor more information about an error, try `rustc --explain E0277`.\nerror: could not compile `serde` (lib test) due to 3 previous errors\n"
                },
                {
                  "Err": "   Compiling proc-macro2 v1.0.95\n   Compiling syn v1.0.109\n   Compiling serde_derive v1.0.219 (/home/utgen/workspace/serde/serde_derive)\n   Compiling serde v1.0.219 (/home/utgen/workspace/serde/serde)\n   Compiling quote v1.0.40\n   Compiling syn v2.0.100\n   Compiling ntest_timeout v0.9.3\n   Compiling ntest_test_cases v0.9.3\n   Compiling ntest v0.9.3\nerror: unused import: `ntest::timeout`\n   --> serde/src/private/ser.rs:991:8\n    |\n991 |    use ntest::timeout;\n    |        ^^^^^^^^^^^^^^\n    |\nnote: the lint level is defined here\n   --> serde/src/lib.rs:159:23\n    |\n159 | #![deny(missing_docs, unused_imports)]\n    |                       ^^^^^^^^^^^^^^\n\nerror[E0277]: the trait bound `DummyError: std::error::Error` is not satisfied\n   --> serde/src/private/ser.rs:995:21\n    |\n995 | impl ser::Error for DummyError {\n    |                     ^^^^^^^^^^ the trait `std::error::Error` is not implemented for `DummyError`\n    |\nnote: required by a bound in `ser::Error`\n   --> serde/src/ser/mod.rs:142:38\n    |\n142 |         pub trait Error: Sized $(+ $($supertrait)::+)* {\n    |                                      ^^^^^^^^^^^ required by this bound in `Error`\n...\n186 | declare_error_trait!(Error: Sized + StdError);\n    | --------------------------------------------- in this macro invocation\n    = note: this error originates in the macro `declare_error_trait` (in Nightly builds, run with -Z macro-backtrace for more info)\n\nerror[E0599]: no method named `serialize_field` found for struct `__private::ser::content::SerializeTupleVariant` in the current scope\n    --> serde/src/private/ser.rs:1011:13\n     |\n842  |     pub struct SerializeTupleVariant<E> {\n     |     ----------------------------------- method `serialize_field` not found for this struct\n...\n1011 |     variant.serialize_field(&(2.718281828459f64)).unwrap();\n     |             ^^^^^^^^^^^^^^^ method not found in `SerializeTupleVariant<DummyError>`\n     |\n    ::: serde/src/ser/mod.rs:1708:8\n     |\n1708 |     fn serialize_field<T>(&mut self, value: &T) -> Result<(), Self::Error>\n     |        --------------- the method is available for `__private::ser::content::SerializeTupleVariant<DummyError>` here\n     |\n     = help: items from traits can only be used if the trait is in scope\nhelp: trait `SerializeTupleVariant` which provides `serialize_field` is implemented but not in scope; perhaps you want to import it\n     |\n990  +    use crate::ser::SerializeTupleVariant;\n     |\n\nerror[E0599]: no method named `serialize_field` found for struct `__private::ser::content::SerializeTupleVariant` in the current scope\n    --> serde/src/private/ser.rs:1020:13\n     |\n842  |     pub struct SerializeTupleVariant<E> {\n     |     ----------------------------------- method `serialize_field` not found for this struct\n...\n1020 |     variant.serialize_field(&(2.718281828459f64)).unwrap();\n     |             ^^^^^^^^^^^^^^^ method not found in `SerializeTupleVariant<DummyError>`\n     |\n    ::: serde/src/ser/mod.rs:1708:8\n     |\n1708 |     fn serialize_field<T>(&mut self, value: &T) -> Result<(), Self::Error>\n     |        --------------- the method is available for `__private::ser::content::SerializeTupleVariant<DummyError>` here\n     |\n     = help: items from traits can only be used if the trait is in scope\nhelp: trait `SerializeTupleVariant` which provides `serialize_field` is implemented but not in scope; perhaps you want to import it\n     |\n990  +    use crate::ser::SerializeTupleVariant;\n     |\n\nSome errors have detailed explanations: E0277, E0599.\nFor more information about an error, try `rustc --explain E0277`.\nerror: could not compile `serde` (lib test) due to 4 previous errors\n"
                },
                {
                  "Err": "   Compiling proc-macro2 v1.0.95\n   Compiling syn v1.0.109\n   Compiling serde_derive v1.0.219 (/home/utgen/workspace/serde/serde_derive)\n   Compiling serde v1.0.219 (/home/utgen/workspace/serde/serde)\n   Compiling quote v1.0.40\n   Compiling syn v2.0.100\n   Compiling ntest_timeout v0.9.3\n   Compiling ntest_test_cases v0.9.3\n   Compiling ntest v0.9.3\nerror: unused import: `ntest::timeout`\n   --> serde/src/private/ser.rs:991:8\n    |\n991 |    use ntest::timeout;\n    |        ^^^^^^^^^^^^^^\n    |\nnote: the lint level is defined here\n   --> serde/src/lib.rs:159:23\n    |\n159 | #![deny(missing_docs, unused_imports)]\n    |                       ^^^^^^^^^^^^^^\n\nerror[E0277]: the trait bound `DummyError: std::error::Error` is not satisfied\n   --> serde/src/private/ser.rs:995:21\n    |\n995 | impl ser::Error for DummyError {\n    |                     ^^^^^^^^^^ the trait `std::error::Error` is not implemented for `DummyError`\n    |\nnote: required by a bound in `ser::Error`\n   --> serde/src/ser/mod.rs:142:38\n    |\n142 |         pub trait Error: Sized $(+ $($supertrait)::+)* {\n    |                                      ^^^^^^^^^^^ required by this bound in `Error`\n...\n186 | declare_error_trait!(Error: Sized + StdError);\n    | --------------------------------------------- in this macro invocation\n    = note: this error originates in the macro `declare_error_trait` (in Nightly builds, run with -Z macro-backtrace for more info)\n\nerror[E0599]: no method named `serialize_field` found for struct `__private::ser::content::SerializeTupleVariant` in the current scope\n    --> serde/src/private/ser.rs:1011:13\n     |\n842  |     pub struct SerializeTupleVariant<E> {\n     |     ----------------------------------- method `serialize_field` not found for this struct\n...\n1011 |     variant.serialize_field(&(2.718281828459f64)).unwrap();\n     |             ^^^^^^^^^^^^^^^ method not found in `SerializeTupleVariant<DummyError>`\n     |\n    ::: serde/src/ser/mod.rs:1708:8\n     |\n1708 |     fn serialize_field<T>(&mut self, value: &T) -> Result<(), Self::Error>\n     |        --------------- the method is available for `__private::ser::content::SerializeTupleVariant<DummyError>` here\n     |\n     = help: items from traits can only be used if the trait is in scope\nhelp: trait `SerializeTupleVariant` which provides `serialize_field` is implemented but not in scope; perhaps you want to import it\n     |\n990  +    use crate::ser::SerializeTupleVariant;\n     |\n\nerror[E0599]: no method named `serialize_field` found for struct `__private::ser::content::SerializeTupleVariant` in the current scope\n    --> serde/src/private/ser.rs:1020:13\n     |\n842  |     pub struct SerializeTupleVariant<E> {\n     |     ----------------------------------- method `serialize_field` not found for this struct\n...\n1020 |     variant.serialize_field(&(2.718281828459f64)).unwrap();\n     |             ^^^^^^^^^^^^^^^ method not found in `SerializeTupleVariant<DummyError>`\n     |\n    ::: serde/src/ser/mod.rs:1708:8\n     |\n1708 |     fn serialize_field<T>(&mut self, value: &T) -> Result<(), Self::Error>\n     |        --------------- the method is available for `__private::ser::content::SerializeTupleVariant<DummyError>` here\n     |\n     = help: items from traits can only be used if the trait is in scope\nhelp: trait `SerializeTupleVariant` which provides `serialize_field` is implemented but not in scope; perhaps you want to import it\n     |\n990  +    use crate::ser::SerializeTupleVariant;\n     |\n\nerror[E0369]: binary operation `==` cannot be applied to type `__private::ser::content::Content`\n    --> serde/src/private/ser.rs:1021:5\n     |\n1021 |     assert_eq!(variant.fields[0], value);\n     |     ^^^^^^^^^^^^^^^^^^^^^^^^^^^^^^^^^^^^\n     |     |\n     |     __private::ser::content::Content\n     |     __private::ser::content::Content\n     |\nnote: an implementation of `PartialEq` might be missing for `__private::ser::content::Content`\n    --> serde/src/private/ser.rs:422:5\n     |\n422  |     pub enum Content {\n     |     ^^^^^^^^^^^^^^^^ must implement `PartialEq`\n     = note: this error originates in the macro `assert_eq` (in Nightly builds, run with -Z macro-backtrace for more info)\nhelp: consider annotating `__private::ser::content::Content` with `#[derive(PartialEq)]`\n     |\n422  +     #[derive(PartialEq)]\n423  |     pub enum Content {\n     |\n\nerror[E0277]: `__private::ser::content::Content` doesn't implement `std::fmt::Debug`\n    --> serde/src/private/ser.rs:1021:5\n     |\n1021 |     assert_eq!(variant.fields[0], value);\n     |     ^^^^^^^^^^^^^^^^^^^^^^^^^^^^^^^^^^^^ `__private::ser::content::Content` cannot be formatted using `{:?}`\n     |\n     = help: the trait `std::fmt::Debug` is not implemented for `__private::ser::content::Content`\n     = note: add `#[derive(Debug)]` to `__private::ser::content::Content` or manually `impl std::fmt::Debug for __private::ser::content::Content`\n     = note: this error originates in the macro `assert_eq` (in Nightly builds, run with -Z macro-backtrace for more info)\n\nSome errors have detailed explanations: E0277, E0369, E0599.\nFor more information about an error, try `rustc --explain E0277`.\nerror: could not compile `serde` (lib test) due to 7 previous errors\n"
                }
              ],
              "repaired": [
                false,
                false,
                false
              ]
            },
            {
              "attrs": [],
              "prefix": [
                "{",
                "    let mut variant = SerializeTupleVariant::<DummyError> {",
                "        name: \"test\",",
                "        variant_index: 11,",
                "        variant: \"variant\",",
                "        fields: vec![],",
                "        error: PhantomData,",
                "    };",
                "    variant.serialize_field(&('x')).unwrap();",
                "}"
              ],
              "oracles": [
                [
                  "    let mut variant = SerializeTupleVariant::<DummyError> { name: \"test\", variant_index: 11, variant: \"variant\", fields: vec![], error: PhantomData };",
                  "    let result = variant.serialize_field(&('x'));",
                  "    assert!(result.is_ok());"
                ],
                [
                  "    let mut variant = SerializeTupleVariant::<DummyError> { name: \"test\", variant_index: 11, variant: \"variant\", fields: vec![], error: PhantomData };",
                  "    let result = variant.serialize_field(&('x'));",
                  "    assert_eq!(variant.fields.len(), 1);"
                ],
                [
                  "    let mut variant = SerializeTupleVariant::<DummyError> { name: \"test\", variant_index: 11, variant: \"variant\", fields: vec![], error: PhantomData };",
                  "    let result = variant.serialize_field(&('x'));",
                  "    assert!(matches!(variant.fields[0], Content::Char('x')));"
                ]
              ],
              "codes": [
                [
                  "{",
                  "    let mut variant = SerializeTupleVariant::<DummyError> {",
                  "        name: \"test\",",
                  "        variant_index: 11,",
                  "        variant: \"variant\",",
                  "        fields: vec![],",
                  "        error: PhantomData,",
                  "    };",
                  "    variant.serialize_field(&('x')).unwrap();",
                  "    let mut variant = SerializeTupleVariant::<DummyError> { name: \"test\", variant_index: 11, variant: \"variant\", fields: vec![], error: PhantomData };",
                  "    let result = variant.serialize_field(&('x'));",
                  "    assert!(result.is_ok());",
                  "}"
                ],
                [
                  "{",
                  "    let mut variant = SerializeTupleVariant::<DummyError> {",
                  "        name: \"test\",",
                  "        variant_index: 11,",
                  "        variant: \"variant\",",
                  "        fields: vec![],",
                  "        error: PhantomData,",
                  "    };",
                  "    variant.serialize_field(&('x')).unwrap();",
                  "    let mut variant = SerializeTupleVariant::<DummyError> { name: \"test\", variant_index: 11, variant: \"variant\", fields: vec![], error: PhantomData };",
                  "    let result = variant.serialize_field(&('x'));",
                  "    assert_eq!(variant.fields.len(), 1);",
                  "}"
                ],
                [
                  "{",
                  "    let mut variant = SerializeTupleVariant::<DummyError> {",
                  "        name: \"test\",",
                  "        variant_index: 11,",
                  "        variant: \"variant\",",
                  "        fields: vec![],",
                  "        error: PhantomData,",
                  "    };",
                  "    variant.serialize_field(&('x')).unwrap();",
                  "    let mut variant = SerializeTupleVariant::<DummyError> { name: \"test\", variant_index: 11, variant: \"variant\", fields: vec![], error: PhantomData };",
                  "    let result = variant.serialize_field(&('x'));",
                  "    assert!(matches!(variant.fields[0], Content::Char('x')));",
                  "}"
                ]
              ],
              "can_compile": [
                {
                  "Err": "   Compiling proc-macro2 v1.0.95\n   Compiling syn v1.0.109\n   Compiling serde_derive v1.0.219 (/home/utgen/workspace/serde/serde_derive)\n   Compiling serde v1.0.219 (/home/utgen/workspace/serde/serde)\n   Compiling quote v1.0.40\n   Compiling syn v2.0.100\n   Compiling ntest_timeout v0.9.3\n   Compiling ntest_test_cases v0.9.3\n   Compiling ntest v0.9.3\nerror: unused import: `ntest::timeout`\n   --> serde/src/private/ser.rs:991:8\n    |\n991 |    use ntest::timeout;\n    |        ^^^^^^^^^^^^^^\n    |\nnote: the lint level is defined here\n   --> serde/src/lib.rs:159:23\n    |\n159 | #![deny(missing_docs, unused_imports)]\n    |                       ^^^^^^^^^^^^^^\n\nerror[E0277]: the trait bound `DummyError: std::error::Error` is not satisfied\n   --> serde/src/private/ser.rs:995:21\n    |\n995 | impl ser::Error for DummyError {\n    |                     ^^^^^^^^^^ the trait `std::error::Error` is not implemented for `DummyError`\n    |\nnote: required by a bound in `ser::Error`\n   --> serde/src/ser/mod.rs:142:38\n    |\n142 |         pub trait Error: Sized $(+ $($supertrait)::+)* {\n    |                                      ^^^^^^^^^^^ required by this bound in `Error`\n...\n186 | declare_error_trait!(Error: Sized + StdError);\n    | --------------------------------------------- in this macro invocation\n    = note: this error originates in the macro `declare_error_trait` (in Nightly builds, run with -Z macro-backtrace for more info)\n\nerror[E0599]: no method named `serialize_field` found for struct `__private::ser::content::SerializeTupleVariant` in the current scope\n    --> serde/src/private/ser.rs:1011:13\n     |\n842  |     pub struct SerializeTupleVariant<E> {\n     |     ----------------------------------- method `serialize_field` not found for this struct\n...\n1011 |     variant.serialize_field(&('x')).unwrap();\n     |             ^^^^^^^^^^^^^^^ method not found in `SerializeTupleVariant<DummyError>`\n     |\n    ::: serde/src/ser/mod.rs:1708:8\n     |\n1708 |     fn serialize_field<T>(&mut self, value: &T) -> Result<(), Self::Error>\n     |        --------------- the method is available for `__private::ser::content::SerializeTupleVariant<DummyError>` here\n     |\n     = help: items from traits can only be used if the trait is in scope\nhelp: trait `SerializeTupleVariant` which provides `serialize_field` is implemented but not in scope; perhaps you want to import it\n     |\n990  +    use crate::ser::SerializeTupleVariant;\n     |\n\nerror[E0599]: no method named `serialize_field` found for struct `__private::ser::content::SerializeTupleVariant` in the current scope\n    --> serde/src/private/ser.rs:1013:26\n     |\n842  |     pub struct SerializeTupleVariant<E> {\n     |     ----------------------------------- method `serialize_field` not found for this struct\n...\n1013 |     let result = variant.serialize_field(&('x'));\n     |                          ^^^^^^^^^^^^^^^ method not found in `SerializeTupleVariant<DummyError>`\n     |\n    ::: serde/src/ser/mod.rs:1708:8\n     |\n1708 |     fn serialize_field<T>(&mut self, value: &T) -> Result<(), Self::Error>\n     |        --------------- the method is available for `__private::ser::content::SerializeTupleVariant<DummyError>` here\n     |\n     = help: items from traits can only be used if the trait is in scope\nhelp: trait `SerializeTupleVariant` which provides `serialize_field` is implemented but not in scope; perhaps you want to import it\n     |\n990  +    use crate::ser::SerializeTupleVariant;\n     |\n\nSome errors have detailed explanations: E0277, E0599.\nFor more information about an error, try `rustc --explain E0277`.\nerror: could not compile `serde` (lib test) due to 4 previous errors\n"
                },
                {
                  "Err": "   Compiling proc-macro2 v1.0.95\n   Compiling syn v1.0.109\n   Compiling serde_derive v1.0.219 (/home/utgen/workspace/serde/serde_derive)\n   Compiling serde v1.0.219 (/home/utgen/workspace/serde/serde)\n   Compiling quote v1.0.40\n   Compiling syn v2.0.100\n   Compiling ntest_test_cases v0.9.3\n   Compiling ntest_timeout v0.9.3\n   Compiling ntest v0.9.3\nerror: unused import: `ntest::timeout`\n   --> serde/src/private/ser.rs:991:8\n    |\n991 |    use ntest::timeout;\n    |        ^^^^^^^^^^^^^^\n    |\nnote: the lint level is defined here\n   --> serde/src/lib.rs:159:23\n    |\n159 | #![deny(missing_docs, unused_imports)]\n    |                       ^^^^^^^^^^^^^^\n\nerror[E0277]: the trait bound `DummyError: std::error::Error` is not satisfied\n   --> serde/src/private/ser.rs:995:21\n    |\n995 | impl ser::Error for DummyError {\n    |                     ^^^^^^^^^^ the trait `std::error::Error` is not implemented for `DummyError`\n    |\nnote: required by a bound in `ser::Error`\n   --> serde/src/ser/mod.rs:142:38\n    |\n142 |         pub trait Error: Sized $(+ $($supertrait)::+)* {\n    |                                      ^^^^^^^^^^^ required by this bound in `Error`\n...\n186 | declare_error_trait!(Error: Sized + StdError);\n    | --------------------------------------------- in this macro invocation\n    = note: this error originates in the macro `declare_error_trait` (in Nightly builds, run with -Z macro-backtrace for more info)\n\nerror[E0599]: no method named `serialize_field` found for struct `__private::ser::content::SerializeTupleVariant` in the current scope\n    --> serde/src/private/ser.rs:1011:13\n     |\n842  |     pub struct SerializeTupleVariant<E> {\n     |     ----------------------------------- method `serialize_field` not found for this struct\n...\n1011 |     variant.serialize_field(&('x')).unwrap();\n     |             ^^^^^^^^^^^^^^^ method not found in `SerializeTupleVariant<DummyError>`\n     |\n    ::: serde/src/ser/mod.rs:1708:8\n     |\n1708 |     fn serialize_field<T>(&mut self, value: &T) -> Result<(), Self::Error>\n     |        --------------- the method is available for `__private::ser::content::SerializeTupleVariant<DummyError>` here\n     |\n     = help: items from traits can only be used if the trait is in scope\nhelp: trait `SerializeTupleVariant` which provides `serialize_field` is implemented but not in scope; perhaps you want to import it\n     |\n990  +    use crate::ser::SerializeTupleVariant;\n     |\n\nerror[E0599]: no method named `serialize_field` found for struct `__private::ser::content::SerializeTupleVariant` in the current scope\n    --> serde/src/private/ser.rs:1013:26\n     |\n842  |     pub struct SerializeTupleVariant<E> {\n     |     ----------------------------------- method `serialize_field` not found for this struct\n...\n1013 |     let result = variant.serialize_field(&('x'));\n     |                          ^^^^^^^^^^^^^^^ method not found in `SerializeTupleVariant<DummyError>`\n     |\n    ::: serde/src/ser/mod.rs:1708:8\n     |\n1708 |     fn serialize_field<T>(&mut self, value: &T) -> Result<(), Self::Error>\n     |        --------------- the method is available for `__private::ser::content::SerializeTupleVariant<DummyError>` here\n     |\n     = help: items from traits can only be used if the trait is in scope\nhelp: trait `SerializeTupleVariant` which provides `serialize_field` is implemented but not in scope; perhaps you want to import it\n     |\n990  +    use crate::ser::SerializeTupleVariant;\n     |\n\nSome errors have detailed explanations: E0277, E0599.\nFor more information about an error, try `rustc --explain E0277`.\nerror: could not compile `serde` (lib test) due to 4 previous errors\n"
                },
                {
                  "Err": "   Compiling proc-macro2 v1.0.95\n   Compiling syn v1.0.109\n   Compiling serde_derive v1.0.219 (/home/utgen/workspace/serde/serde_derive)\n   Compiling serde v1.0.219 (/home/utgen/workspace/serde/serde)\n   Compiling quote v1.0.40\n   Compiling syn v2.0.100\n   Compiling ntest_test_cases v0.9.3\n   Compiling ntest_timeout v0.9.3\n   Compiling ntest v0.9.3\nerror: unused import: `ntest::timeout`\n   --> serde/src/private/ser.rs:991:8\n    |\n991 |    use ntest::timeout;\n    |        ^^^^^^^^^^^^^^\n    |\nnote: the lint level is defined here\n   --> serde/src/lib.rs:159:23\n    |\n159 | #![deny(missing_docs, unused_imports)]\n    |                       ^^^^^^^^^^^^^^\n\nerror[E0277]: the trait bound `DummyError: std::error::Error` is not satisfied\n   --> serde/src/private/ser.rs:995:21\n    |\n995 | impl ser::Error for DummyError {\n    |                     ^^^^^^^^^^ the trait `std::error::Error` is not implemented for `DummyError`\n    |\nnote: required by a bound in `ser::Error`\n   --> serde/src/ser/mod.rs:142:38\n    |\n142 |         pub trait Error: Sized $(+ $($supertrait)::+)* {\n    |                                      ^^^^^^^^^^^ required by this bound in `Error`\n...\n186 | declare_error_trait!(Error: Sized + StdError);\n    | --------------------------------------------- in this macro invocation\n    = note: this error originates in the macro `declare_error_trait` (in Nightly builds, run with -Z macro-backtrace for more info)\n\nerror[E0599]: no method named `serialize_field` found for struct `__private::ser::content::SerializeTupleVariant` in the current scope\n    --> serde/src/private/ser.rs:1011:13\n     |\n842  |     pub struct SerializeTupleVariant<E> {\n     |     ----------------------------------- method `serialize_field` not found for this struct\n...\n1011 |     variant.serialize_field(&('x')).unwrap();\n     |             ^^^^^^^^^^^^^^^ method not found in `SerializeTupleVariant<DummyError>`\n     |\n    ::: serde/src/ser/mod.rs:1708:8\n     |\n1708 |     fn serialize_field<T>(&mut self, value: &T) -> Result<(), Self::Error>\n     |        --------------- the method is available for `__private::ser::content::SerializeTupleVariant<DummyError>` here\n     |\n     = help: items from traits can only be used if the trait is in scope\nhelp: trait `SerializeTupleVariant` which provides `serialize_field` is implemented but not in scope; perhaps you want to import it\n     |\n990  +    use crate::ser::SerializeTupleVariant;\n     |\n\nerror[E0599]: no method named `serialize_field` found for struct `__private::ser::content::SerializeTupleVariant` in the current scope\n    --> serde/src/private/ser.rs:1013:26\n     |\n842  |     pub struct SerializeTupleVariant<E> {\n     |     ----------------------------------- method `serialize_field` not found for this struct\n...\n1013 |     let result = variant.serialize_field(&('x'));\n     |                          ^^^^^^^^^^^^^^^ method not found in `SerializeTupleVariant<DummyError>`\n     |\n    ::: serde/src/ser/mod.rs:1708:8\n     |\n1708 |     fn serialize_field<T>(&mut self, value: &T) -> Result<(), Self::Error>\n     |        --------------- the method is available for `__private::ser::content::SerializeTupleVariant<DummyError>` here\n     |\n     = help: items from traits can only be used if the trait is in scope\nhelp: trait `SerializeTupleVariant` which provides `serialize_field` is implemented but not in scope; perhaps you want to import it\n     |\n990  +    use crate::ser::SerializeTupleVariant;\n     |\n\nSome errors have detailed explanations: E0277, E0599.\nFor more information about an error, try `rustc --explain E0277`.\nerror: could not compile `serde` (lib test) due to 4 previous errors\n"
                }
              ],
              "repaired": [
                false,
                false,
                false
              ]
            },
            {
              "attrs": [],
              "prefix": [
                "{",
                "    let mut variant = SerializeTupleVariant::<DummyError> {",
                "        name: \"test\",",
                "        variant_index: 12,",
                "        variant: \"variant\",",
                "        fields: vec![],",
                "        error: PhantomData,",
                "    };",
                "    variant.serialize_field(&(\"Hello, world!\".to_string())).unwrap();",
                "}"
              ],
              "oracles": [
                [
                  "    let mut variant = SerializeTupleVariant::<DummyError> { name: \"test\", variant_index: 12, variant: \"variant\", fields: vec![], error: PhantomData };",
                  "    let result = variant.serialize_field(&(\"Hello, world!\".to_string()));",
                  "    assert!(result.is_ok());"
                ],
                [
                  "    let mut variant = SerializeTupleVariant::<DummyError> { name: \"test\", variant_index: 12, variant: \"variant\", fields: vec![], error: PhantomData };",
                  "    let result = variant.serialize_field(&(\"Hello, world!\".to_string()));",
                  "    assert_eq!(variant.fields.len(), 1);"
                ],
                [
                  "    let mut variant = SerializeTupleVariant::<DummyError> { name: \"test\", variant_index: 12, variant: \"variant\", fields: vec![], error: PhantomData };",
                  "    let result = variant.serialize_field(&(\"Hello, world!\".to_string()));",
                  "    assert!(matches!(variant.fields[0], Content::String(ref s) if s == \"Hello, world!\"));"
                ]
              ],
              "codes": [
                [
                  "{",
                  "    let mut variant = SerializeTupleVariant::<DummyError> {",
                  "        name: \"test\",",
                  "        variant_index: 12,",
                  "        variant: \"variant\",",
                  "        fields: vec![],",
                  "        error: PhantomData,",
                  "    };",
                  "    variant.serialize_field(&(\"Hello, world!\".to_string())).unwrap();",
                  "    let mut variant = SerializeTupleVariant::<DummyError> { name: \"test\", variant_index: 12, variant: \"variant\", fields: vec![], error: PhantomData };",
                  "    let result = variant.serialize_field(&(\"Hello, world!\".to_string()));",
                  "    assert!(result.is_ok());",
                  "}"
                ],
                [
                  "{",
                  "    let mut variant = SerializeTupleVariant::<DummyError> {",
                  "        name: \"test\",",
                  "        variant_index: 12,",
                  "        variant: \"variant\",",
                  "        fields: vec![],",
                  "        error: PhantomData,",
                  "    };",
                  "    variant.serialize_field(&(\"Hello, world!\".to_string())).unwrap();",
                  "    let mut variant = SerializeTupleVariant::<DummyError> { name: \"test\", variant_index: 12, variant: \"variant\", fields: vec![], error: PhantomData };",
                  "    let result = variant.serialize_field(&(\"Hello, world!\".to_string()));",
                  "    assert_eq!(variant.fields.len(), 1);",
                  "}"
                ],
                [
                  "{",
                  "    let mut variant = SerializeTupleVariant::<DummyError> {",
                  "        name: \"test\",",
                  "        variant_index: 12,",
                  "        variant: \"variant\",",
                  "        fields: vec![],",
                  "        error: PhantomData,",
                  "    };",
                  "    variant.serialize_field(&(\"Hello, world!\".to_string())).unwrap();",
                  "    let mut variant = SerializeTupleVariant::<DummyError> { name: \"test\", variant_index: 12, variant: \"variant\", fields: vec![], error: PhantomData };",
                  "    let result = variant.serialize_field(&(\"Hello, world!\".to_string()));",
                  "    assert!(matches!(variant.fields[0], Content::String(ref s) if s == \"Hello, world!\"));",
                  "}"
                ]
              ],
              "can_compile": [
                {
                  "Err": "   Compiling proc-macro2 v1.0.95\n   Compiling syn v1.0.109\n   Compiling serde_derive v1.0.219 (/home/utgen/workspace/serde/serde_derive)\n   Compiling serde v1.0.219 (/home/utgen/workspace/serde/serde)\n   Compiling quote v1.0.40\n   Compiling syn v2.0.100\n   Compiling ntest_test_cases v0.9.3\n   Compiling ntest_timeout v0.9.3\n   Compiling ntest v0.9.3\nerror: unused import: `ntest::timeout`\n   --> serde/src/private/ser.rs:991:8\n    |\n991 |    use ntest::timeout;\n    |        ^^^^^^^^^^^^^^\n    |\nnote: the lint level is defined here\n   --> serde/src/lib.rs:159:23\n    |\n159 | #![deny(missing_docs, unused_imports)]\n    |                       ^^^^^^^^^^^^^^\n\nerror[E0277]: the trait bound `DummyError: std::error::Error` is not satisfied\n   --> serde/src/private/ser.rs:995:21\n    |\n995 | impl ser::Error for DummyError {\n    |                     ^^^^^^^^^^ the trait `std::error::Error` is not implemented for `DummyError`\n    |\nnote: required by a bound in `ser::Error`\n   --> serde/src/ser/mod.rs:142:38\n    |\n142 |         pub trait Error: Sized $(+ $($supertrait)::+)* {\n    |                                      ^^^^^^^^^^^ required by this bound in `Error`\n...\n186 | declare_error_trait!(Error: Sized + StdError);\n    | --------------------------------------------- in this macro invocation\n    = note: this error originates in the macro `declare_error_trait` (in Nightly builds, run with -Z macro-backtrace for more info)\n\nerror[E0599]: no method named `serialize_field` found for struct `__private::ser::content::SerializeTupleVariant` in the current scope\n    --> serde/src/private/ser.rs:1011:13\n     |\n842  |     pub struct SerializeTupleVariant<E> {\n     |     ----------------------------------- method `serialize_field` not found for this struct\n...\n1011 |     variant.serialize_field(&(\"Hello, world!\".to_string())).unwrap();\n     |             ^^^^^^^^^^^^^^^ method not found in `SerializeTupleVariant<DummyError>`\n     |\n    ::: serde/src/ser/mod.rs:1708:8\n     |\n1708 |     fn serialize_field<T>(&mut self, value: &T) -> Result<(), Self::Error>\n     |        --------------- the method is available for `__private::ser::content::SerializeTupleVariant<DummyError>` here\n     |\n     = help: items from traits can only be used if the trait is in scope\nhelp: trait `SerializeTupleVariant` which provides `serialize_field` is implemented but not in scope; perhaps you want to import it\n     |\n990  +    use crate::ser::SerializeTupleVariant;\n     |\n\nerror[E0599]: no method named `serialize_field` found for struct `__private::ser::content::SerializeTupleVariant` in the current scope\n    --> serde/src/private/ser.rs:1013:26\n     |\n842  |     pub struct SerializeTupleVariant<E> {\n     |     ----------------------------------- method `serialize_field` not found for this struct\n...\n1013 |     let result = variant.serialize_field(&(\"Hello, world!\".to_string()));\n     |                          ^^^^^^^^^^^^^^^ method not found in `SerializeTupleVariant<DummyError>`\n     |\n    ::: serde/src/ser/mod.rs:1708:8\n     |\n1708 |     fn serialize_field<T>(&mut self, value: &T) -> Result<(), Self::Error>\n     |        --------------- the method is available for `__private::ser::content::SerializeTupleVariant<DummyError>` here\n     |\n     = help: items from traits can only be used if the trait is in scope\nhelp: trait `SerializeTupleVariant` which provides `serialize_field` is implemented but not in scope; perhaps you want to import it\n     |\n990  +    use crate::ser::SerializeTupleVariant;\n     |\n\nSome errors have detailed explanations: E0277, E0599.\nFor more information about an error, try `rustc --explain E0277`.\nerror: could not compile `serde` (lib test) due to 4 previous errors\n"
                },
                {
                  "Err": "   Compiling proc-macro2 v1.0.95\n   Compiling syn v1.0.109\n   Compiling serde_derive v1.0.219 (/home/utgen/workspace/serde/serde_derive)\n   Compiling serde v1.0.219 (/home/utgen/workspace/serde/serde)\n   Compiling quote v1.0.40\n   Compiling syn v2.0.100\n   Compiling ntest_test_cases v0.9.3\n   Compiling ntest_timeout v0.9.3\n   Compiling ntest v0.9.3\nerror: unused import: `ntest::timeout`\n   --> serde/src/private/ser.rs:991:8\n    |\n991 |    use ntest::timeout;\n    |        ^^^^^^^^^^^^^^\n    |\nnote: the lint level is defined here\n   --> serde/src/lib.rs:159:23\n    |\n159 | #![deny(missing_docs, unused_imports)]\n    |                       ^^^^^^^^^^^^^^\n\nerror[E0277]: the trait bound `DummyError: std::error::Error` is not satisfied\n   --> serde/src/private/ser.rs:995:21\n    |\n995 | impl ser::Error for DummyError {\n    |                     ^^^^^^^^^^ the trait `std::error::Error` is not implemented for `DummyError`\n    |\nnote: required by a bound in `ser::Error`\n   --> serde/src/ser/mod.rs:142:38\n    |\n142 |         pub trait Error: Sized $(+ $($supertrait)::+)* {\n    |                                      ^^^^^^^^^^^ required by this bound in `Error`\n...\n186 | declare_error_trait!(Error: Sized + StdError);\n    | --------------------------------------------- in this macro invocation\n    = note: this error originates in the macro `declare_error_trait` (in Nightly builds, run with -Z macro-backtrace for more info)\n\nerror[E0599]: no method named `serialize_field` found for struct `__private::ser::content::SerializeTupleVariant` in the current scope\n    --> serde/src/private/ser.rs:1011:13\n     |\n842  |     pub struct SerializeTupleVariant<E> {\n     |     ----------------------------------- method `serialize_field` not found for this struct\n...\n1011 |     variant.serialize_field(&(\"Hello, world!\".to_string())).unwrap();\n     |             ^^^^^^^^^^^^^^^ method not found in `SerializeTupleVariant<DummyError>`\n     |\n    ::: serde/src/ser/mod.rs:1708:8\n     |\n1708 |     fn serialize_field<T>(&mut self, value: &T) -> Result<(), Self::Error>\n     |        --------------- the method is available for `__private::ser::content::SerializeTupleVariant<DummyError>` here\n     |\n     = help: items from traits can only be used if the trait is in scope\nhelp: trait `SerializeTupleVariant` which provides `serialize_field` is implemented but not in scope; perhaps you want to import it\n     |\n990  +    use crate::ser::SerializeTupleVariant;\n     |\n\nerror[E0599]: no method named `serialize_field` found for struct `__private::ser::content::SerializeTupleVariant` in the current scope\n    --> serde/src/private/ser.rs:1013:26\n     |\n842  |     pub struct SerializeTupleVariant<E> {\n     |     ----------------------------------- method `serialize_field` not found for this struct\n...\n1013 |     let result = variant.serialize_field(&(\"Hello, world!\".to_string()));\n     |                          ^^^^^^^^^^^^^^^ method not found in `SerializeTupleVariant<DummyError>`\n     |\n    ::: serde/src/ser/mod.rs:1708:8\n     |\n1708 |     fn serialize_field<T>(&mut self, value: &T) -> Result<(), Self::Error>\n     |        --------------- the method is available for `__private::ser::content::SerializeTupleVariant<DummyError>` here\n     |\n     = help: items from traits can only be used if the trait is in scope\nhelp: trait `SerializeTupleVariant` which provides `serialize_field` is implemented but not in scope; perhaps you want to import it\n     |\n990  +    use crate::ser::SerializeTupleVariant;\n     |\n\nSome errors have detailed explanations: E0277, E0599.\nFor more information about an error, try `rustc --explain E0277`.\nerror: could not compile `serde` (lib test) due to 4 previous errors\n"
                },
                {
                  "Err": "   Compiling proc-macro2 v1.0.95\n   Compiling syn v1.0.109\n   Compiling serde_derive v1.0.219 (/home/utgen/workspace/serde/serde_derive)\n   Compiling serde v1.0.219 (/home/utgen/workspace/serde/serde)\n   Compiling quote v1.0.40\n   Compiling syn v2.0.100\n   Compiling ntest_test_cases v0.9.3\n   Compiling ntest_timeout v0.9.3\n   Compiling ntest v0.9.3\nerror: unused import: `ntest::timeout`\n   --> serde/src/private/ser.rs:991:8\n    |\n991 |    use ntest::timeout;\n    |        ^^^^^^^^^^^^^^\n    |\nnote: the lint level is defined here\n   --> serde/src/lib.rs:159:23\n    |\n159 | #![deny(missing_docs, unused_imports)]\n    |                       ^^^^^^^^^^^^^^\n\nerror[E0277]: the trait bound `DummyError: std::error::Error` is not satisfied\n   --> serde/src/private/ser.rs:995:21\n    |\n995 | impl ser::Error for DummyError {\n    |                     ^^^^^^^^^^ the trait `std::error::Error` is not implemented for `DummyError`\n    |\nnote: required by a bound in `ser::Error`\n   --> serde/src/ser/mod.rs:142:38\n    |\n142 |         pub trait Error: Sized $(+ $($supertrait)::+)* {\n    |                                      ^^^^^^^^^^^ required by this bound in `Error`\n...\n186 | declare_error_trait!(Error: Sized + StdError);\n    | --------------------------------------------- in this macro invocation\n    = note: this error originates in the macro `declare_error_trait` (in Nightly builds, run with -Z macro-backtrace for more info)\n\nerror[E0599]: no method named `serialize_field` found for struct `__private::ser::content::SerializeTupleVariant` in the current scope\n    --> serde/src/private/ser.rs:1011:13\n     |\n842  |     pub struct SerializeTupleVariant<E> {\n     |     ----------------------------------- method `serialize_field` not found for this struct\n...\n1011 |     variant.serialize_field(&(\"Hello, world!\".to_string())).unwrap();\n     |             ^^^^^^^^^^^^^^^ method not found in `SerializeTupleVariant<DummyError>`\n     |\n    ::: serde/src/ser/mod.rs:1708:8\n     |\n1708 |     fn serialize_field<T>(&mut self, value: &T) -> Result<(), Self::Error>\n     |        --------------- the method is available for `__private::ser::content::SerializeTupleVariant<DummyError>` here\n     |\n     = help: items from traits can only be used if the trait is in scope\nhelp: trait `SerializeTupleVariant` which provides `serialize_field` is implemented but not in scope; perhaps you want to import it\n     |\n990  +    use crate::ser::SerializeTupleVariant;\n     |\n\nerror[E0599]: no method named `serialize_field` found for struct `__private::ser::content::SerializeTupleVariant` in the current scope\n    --> serde/src/private/ser.rs:1013:26\n     |\n842  |     pub struct SerializeTupleVariant<E> {\n     |     ----------------------------------- method `serialize_field` not found for this struct\n...\n1013 |     let result = variant.serialize_field(&(\"Hello, world!\".to_string()));\n     |                          ^^^^^^^^^^^^^^^ method not found in `SerializeTupleVariant<DummyError>`\n     |\n    ::: serde/src/ser/mod.rs:1708:8\n     |\n1708 |     fn serialize_field<T>(&mut self, value: &T) -> Result<(), Self::Error>\n     |        --------------- the method is available for `__private::ser::content::SerializeTupleVariant<DummyError>` here\n     |\n     = help: items from traits can only be used if the trait is in scope\nhelp: trait `SerializeTupleVariant` which provides `serialize_field` is implemented but not in scope; perhaps you want to import it\n     |\n990  +    use crate::ser::SerializeTupleVariant;\n     |\n\nSome errors have detailed explanations: E0277, E0599.\nFor more information about an error, try `rustc --explain E0277`.\nerror: could not compile `serde` (lib test) due to 4 previous errors\n"
                }
              ],
              "repaired": [
                false,
                false,
                false
              ]
            },
            {
              "attrs": [],
              "prefix": [
                "{",
                "    let mut variant = SerializeTupleVariant::<DummyError> {",
                "        name: \"test\",",
                "        variant_index: 13,",
                "        variant: \"variant\",",
                "        fields: vec![],",
                "        error: PhantomData,",
                "    };",
                "    variant.serialize_field(&(vec![1, 2, 3, 4, 5])).unwrap();",
                "}"
              ],
              "oracles": [],
              "codes": [],
              "can_compile": [],
              "repaired": []
            }
          ]
        }
      ]
    }
  ]
}