{
  "name": "serde::de::impls::<de::impls::StringVisitor as de::Visitor<'de>>::visit_bytes",
  "name_with_impl": "serde::de::impls::{impl#6}::visit_bytes",
  "mod_info": {
    "name": "de::impls",
    "loc": "serde/src/de/mod.rs:122:1:122:11"
  },
  "visible": true,
  "loc": "serde/src/de/impls.rs:607:5:615:6",
  "fn_tests": [
    {
      "chain_id": 0,
      "prompt_conds": [],
      "input_infer": "",
      "answers": [
        {
          "uses": [],
          "has_test_mod": false,
          "common": [],
          "chain_tests": [
            {
              "attrs": [],
              "prefix": [],
              "oracles": [],
              "codes": [
                [
                  "{",
                  "    struct FakeDeserializer;",
                  "",
                  "    impl serde::de::Deserializer<'_> for FakeDeserializer {",
                  "        type Error = serde::de::value::Error;",
                  "        // Here, we normally implement required methods, but we'll keep it minimal for this test",
                  "        fn is_human_readable(&self) -> bool {",
                  "            true",
                  "        }",
                  "        // Other required methods would go here ...",
                  "    }",
                  "",
                  "    let deserializer = FakeDeserializer;",
                  "    let bytes: &[u8] = b\"Hello, World!\";",
                  "    let result: Result<String, _> = deserializer.visit_bytes(bytes);",
                  "    assert_eq!(result, Ok(\"Hello, World!\".to_owned()));",
                  "}"
                ]
              ],
              "can_compile": [
                {
                  "Err": "   Compiling proc-macro2 v1.0.95\n   Compiling syn v1.0.109\n   Compiling serde_derive v1.0.219 (/home/abezbm/rust-utgen-test-crates-new/serde/serde_derive)\n   Compiling serde v1.0.219 (/home/abezbm/rust-utgen-test-crates-new/serde/serde)\n   Compiling quote v1.0.40\n   Compiling syn v2.0.101\n   Compiling ntest_test_cases v0.9.3\n   Compiling ntest_timeout v0.9.3\n   Compiling ntest v0.9.3\nerror[E0433]: failed to resolve: use of undeclared crate or module `serde`\n    --> serde/src/de/impls.rs:3183:10\n     |\n3183 |     impl serde::de::Deserializer<'_> for FakeDeserializer {\n     |          ^^^^^ use of undeclared crate or module `serde`\n     |\nhelp: consider importing one of these modules\n     |\n3176 +    use crate::__private::de;\n     |\n3176 +    use crate::de;\n     |\nhelp: if you import `de`, refer to it directly\n     |\n3183 -     impl serde::de::Deserializer<'_> for FakeDeserializer {\n3183 +     impl de::Deserializer<'_> for FakeDeserializer {\n     |\n\nerror[E0433]: failed to resolve: use of undeclared crate or module `serde`\n    --> serde/src/de/impls.rs:3184:22\n     |\n3184 |         type Error = serde::de::value::Error;\n     |                      ^^^^^ use of undeclared crate or module `serde`\n     |\nhelp: consider importing this module\n     |\n3176 +    use crate::de::value;\n     |\nhelp: if you import `value`, refer to it directly\n     |\n3184 -         type Error = serde::de::value::Error;\n3184 +         type Error = value::Error;\n     |\n\nwarning: unused import: `ntest::timeout`\n    --> serde/src/de/impls.rs:3177:8\n     |\n3177 |    use ntest::timeout;\n     |        ^^^^^^^^^^^^^^\n     |\n     = note: `#[warn(unused_imports)]` on by default\n\nFor more information about this error, try `rustc --explain E0433`.\nwarning: `serde` (lib test) generated 1 warning\nerror: could not compile `serde` (lib test) due to 2 previous errors; 1 warning emitted\n"
                }
              ],
              "repaired": [
                false
              ]
            },
            {
              "attrs": [],
              "prefix": [],
              "oracles": [],
              "codes": [
                [
                  "{",
                  "    struct FakeDeserializer;",
                  "",
                  "    impl serde::de::Deserializer<'_> for FakeDeserializer {",
                  "        type Error = serde::de::value::Error;",
                  "        // Here, we normally implement required methods, but we'll keep it minimal for this test",
                  "        fn is_human_readable(&self) -> bool {",
                  "            true",
                  "        }",
                  "        // Other required methods would go here ...",
                  "    }",
                  "",
                  "    let deserializer = FakeDeserializer;",
                  "    let bytes: &[u8] = &[0xff, 0xff]; // Invalid UTF-8 bytes",
                  "    let result: Result<String, _> = deserializer.visit_bytes(bytes);",
                  "    assert!(result.is_err());",
                  "}"
                ]
              ],
              "can_compile": [
                {
                  "Err": "   Compiling proc-macro2 v1.0.95\n   Compiling syn v1.0.109\n   Compiling serde_derive v1.0.219 (/home/abezbm/rust-utgen-test-crates-new/serde/serde_derive)\n   Compiling serde v1.0.219 (/home/abezbm/rust-utgen-test-crates-new/serde/serde)\n   Compiling quote v1.0.40\n   Compiling syn v2.0.101\n   Compiling ntest_timeout v0.9.3\n   Compiling ntest_test_cases v0.9.3\n   Compiling ntest v0.9.3\nerror[E0433]: failed to resolve: use of undeclared crate or module `serde`\n    --> serde/src/de/impls.rs:3183:10\n     |\n3183 |     impl serde::de::Deserializer<'_> for FakeDeserializer {\n     |          ^^^^^ use of undeclared crate or module `serde`\n     |\nhelp: consider importing one of these modules\n     |\n3176 +    use crate::__private::de;\n     |\n3176 +    use crate::de;\n     |\nhelp: if you import `de`, refer to it directly\n     |\n3183 -     impl serde::de::Deserializer<'_> for FakeDeserializer {\n3183 +     impl de::Deserializer<'_> for FakeDeserializer {\n     |\n\nerror[E0433]: failed to resolve: use of undeclared crate or module `serde`\n    --> serde/src/de/impls.rs:3184:22\n     |\n3184 |         type Error = serde::de::value::Error;\n     |                      ^^^^^ use of undeclared crate or module `serde`\n     |\nhelp: consider importing this module\n     |\n3176 +    use crate::de::value;\n     |\nhelp: if you import `value`, refer to it directly\n     |\n3184 -         type Error = serde::de::value::Error;\n3184 +         type Error = value::Error;\n     |\n\nwarning: unused import: `ntest::timeout`\n    --> serde/src/de/impls.rs:3177:8\n     |\n3177 |    use ntest::timeout;\n     |        ^^^^^^^^^^^^^^\n     |\n     = note: `#[warn(unused_imports)]` on by default\n\nFor more information about this error, try `rustc --explain E0433`.\nwarning: `serde` (lib test) generated 1 warning\nerror: could not compile `serde` (lib test) due to 2 previous errors; 1 warning emitted\n"
                }
              ],
              "repaired": [
                false
              ]
            }
          ]
        }
      ]
    }
  ]
}