{
  "name": "serde::__private::de::<__private::de::StrDeserializer<'a, E> as de::Deserializer<'de>>::deserialize_any",
  "name_with_impl": "serde::__private::de::{impl#1}::deserialize_any",
  "mod_info": {
    "name": "__private::de",
    "loc": "serde/src/private/mod.rs:2:1:2:12"
  },
  "visible": true,
  "loc": "serde/src/private/de.rs:2402:5:2407:6",
  "fn_tests": [
    {
      "chain_id": 1,
      "prompt_conds": [],
      "input_infer": "Test input ranges: \n- `self.value` as an empty string `\"\"` to represent the smallest valid input.\n- `self.value` as a very long string up to a typical limit, e.g., 65535 characters.\n- `visitor` being a valid implementation of the Visitor trait, including edge cases like a null reference or a visitor that doesn't handle strings properly (to check for panics).\n- `self.value` being a Unicode string, such as `\"Hello, 世界\"` to test character encoding handling.\n- `self.value` containing special characters, e.g., `\"Hello, @#$%^&*()!\"` to cover various character types.\n- `visitor` being a mock or stub implementation that returns an error for testing the error handling path.\n",
      "answers": [
        {
          "uses": [],
          "has_test_mod": false,
          "common": [],
          "chain_tests": [
            {
              "attrs": [],
              "prefix": [
                "{",
                "    struct MockVisitor;",
                "    impl<'de> Visitor<'de> for MockVisitor {",
                "        type Value = ();",
                "        fn visit_str<E>(self, _value: &str) -> Result<Self::Value, E> {",
                "            Ok(())",
                "        }",
                "    }",
                "",
                "    let deserializer = StrDeserializer {",
                "        value: \"\",",
                "        marker: PhantomData,",
                "    };",
                "    let _ = deserializer.deserialize_any(MockVisitor);",
                "}"
              ],
              "oracles": [
                [
                  "    let deserializer = StrDeserializer { value: \"\", marker: PhantomData };",
                  "    let result = deserializer.deserialize_any(MockVisitor);",
                  "    assert!(result.is_ok());"
                ],
                [
                  "    let deserializer = StrDeserializer { value: \"\", marker: PhantomData };",
                  "    let result = deserializer.deserialize_any(MockVisitor);",
                  "    assert_eq!(result.unwrap(), ());"
                ]
              ],
              "codes": [
                [
                  "{",
                  "    struct MockVisitor;",
                  "    impl<'de> Visitor<'de> for MockVisitor {",
                  "        type Value = ();",
                  "        fn visit_str<E>(self, _value: &str) -> Result<Self::Value, E> {",
                  "            Ok(())",
                  "        }",
                  "    }",
                  "",
                  "    let deserializer = StrDeserializer {",
                  "        value: \"\",",
                  "        marker: PhantomData,",
                  "    };",
                  "    let _ = deserializer.deserialize_any(MockVisitor);",
                  "    let deserializer = StrDeserializer { value: \"\", marker: PhantomData };",
                  "    let result = deserializer.deserialize_any(MockVisitor);",
                  "    assert!(result.is_ok());",
                  "}"
                ],
                [
                  "{",
                  "    struct MockVisitor;",
                  "    impl<'de> Visitor<'de> for MockVisitor {",
                  "        type Value = ();",
                  "        fn visit_str<E>(self, _value: &str) -> Result<Self::Value, E> {",
                  "            Ok(())",
                  "        }",
                  "    }",
                  "",
                  "    let deserializer = StrDeserializer {",
                  "        value: \"\",",
                  "        marker: PhantomData,",
                  "    };",
                  "    let _ = deserializer.deserialize_any(MockVisitor);",
                  "    let deserializer = StrDeserializer { value: \"\", marker: PhantomData };",
                  "    let result = deserializer.deserialize_any(MockVisitor);",
                  "    assert_eq!(result.unwrap(), ());",
                  "}"
                ]
              ],
              "can_compile": [
                {
                  "Err": "   Compiling proc-macro2 v1.0.95\n   Compiling syn v1.0.109\n   Compiling serde_derive v1.0.219 (/home/utgen/workspace/serde/serde_derive)\n   Compiling serde v1.0.219 (/home/utgen/workspace/serde/serde)\n   Compiling quote v1.0.40\n   Compiling syn v2.0.100\n   Compiling ntest_timeout v0.9.3\n   Compiling ntest_test_cases v0.9.3\n   Compiling ntest v0.9.3\nerror: unused import: `ntest::timeout`\n    --> serde/src/private/de.rs:2808:8\n     |\n2808 |    use ntest::timeout;\n     |        ^^^^^^^^^^^^^^\n     |\nnote: the lint level is defined here\n    --> serde/src/lib.rs:159:23\n     |\n159  | #![deny(missing_docs, unused_imports)]\n     |                       ^^^^^^^^^^^^^^\n\nerror[E0046]: not all trait items implemented, missing: `expecting`\n    --> serde/src/private/de.rs:2813:5\n     |\n2813 |     impl<'de> Visitor<'de> for MockVisitor {\n     |     ^^^^^^^^^^^^^^^^^^^^^^^^^^^^^^^^^^^^^^ missing `expecting` in implementation\n     |\n    ::: serde/src/de/mod.rs:1310:5\n     |\n1310 |     fn expecting(&self, formatter: &mut fmt::Formatter) -> fmt::Result;\n     |     ------------------------------------------------------------------- `expecting` from trait\n\nerror[E0282]: type annotations needed for `__private::de::StrDeserializer<'_, _>`\n    --> serde/src/private/de.rs:2820:9\n     |\n2820 |     let deserializer = StrDeserializer {\n     |         ^^^^^^^^^^^^\n2821 |         value: \"\",\n2822 |         marker: PhantomData,\n     |                 ----------- type must be known at this point\n     |\nhelp: consider giving `deserializer` an explicit type, where the type for type parameter `T` is specified\n     |\n2820 |     let deserializer: __private::de::StrDeserializer<'_, E> = StrDeserializer {\n     |                     +++++++++++++++++++++++++++++++++++++++\n\nSome errors have detailed explanations: E0046, E0282.\nFor more information about an error, try `rustc --explain E0046`.\nerror: could not compile `serde` (lib test) due to 3 previous errors\n"
                },
                {
                  "Err": "   Compiling proc-macro2 v1.0.95\n   Compiling syn v1.0.109\n   Compiling serde_derive v1.0.219 (/home/utgen/workspace/serde/serde_derive)\n   Compiling serde v1.0.219 (/home/utgen/workspace/serde/serde)\n   Compiling quote v1.0.40\n   Compiling syn v2.0.100\n   Compiling ntest_timeout v0.9.3\n   Compiling ntest_test_cases v0.9.3\n   Compiling ntest v0.9.3\nerror: unused import: `ntest::timeout`\n    --> serde/src/private/de.rs:2808:8\n     |\n2808 |    use ntest::timeout;\n     |        ^^^^^^^^^^^^^^\n     |\nnote: the lint level is defined here\n    --> serde/src/lib.rs:159:23\n     |\n159  | #![deny(missing_docs, unused_imports)]\n     |                       ^^^^^^^^^^^^^^\n\nerror[E0046]: not all trait items implemented, missing: `expecting`\n    --> serde/src/private/de.rs:2813:5\n     |\n2813 |     impl<'de> Visitor<'de> for MockVisitor {\n     |     ^^^^^^^^^^^^^^^^^^^^^^^^^^^^^^^^^^^^^^ missing `expecting` in implementation\n     |\n    ::: serde/src/de/mod.rs:1310:5\n     |\n1310 |     fn expecting(&self, formatter: &mut fmt::Formatter) -> fmt::Result;\n     |     ------------------------------------------------------------------- `expecting` from trait\n\nerror[E0282]: type annotations needed for `__private::de::StrDeserializer<'_, _>`\n    --> serde/src/private/de.rs:2820:9\n     |\n2820 |     let deserializer = StrDeserializer {\n     |         ^^^^^^^^^^^^\n2821 |         value: \"\",\n2822 |         marker: PhantomData,\n     |                 ----------- type must be known at this point\n     |\nhelp: consider giving `deserializer` an explicit type, where the type for type parameter `T` is specified\n     |\n2820 |     let deserializer: __private::de::StrDeserializer<'_, E> = StrDeserializer {\n     |                     +++++++++++++++++++++++++++++++++++++++\n\nSome errors have detailed explanations: E0046, E0282.\nFor more information about an error, try `rustc --explain E0046`.\nerror: could not compile `serde` (lib test) due to 3 previous errors\n"
                }
              ],
              "repaired": [
                false,
                false
              ]
            },
            {
              "attrs": [],
              "prefix": [
                "{",
                "    struct MockVisitor;",
                "    impl<'de> Visitor<'de> for MockVisitor {",
                "        type Value = ();",
                "        fn visit_str<E>(self, _value: &str) -> Result<Self::Value, E> {",
                "            Ok(())",
                "        }",
                "    }",
                "",
                "    let long_string = \"a\".repeat(65535);",
                "    let deserializer = StrDeserializer {",
                "        value: &long_string,",
                "        marker: PhantomData,",
                "    };",
                "    let _ = deserializer.deserialize_any(MockVisitor);",
                "}"
              ],
              "oracles": [
                [
                  "    let long_string = \"a\".repeat(65535);",
                  "    let deserializer = StrDeserializer { value: &long_string, marker: PhantomData };",
                  "    let result = deserializer.deserialize_any(MockVisitor);",
                  "    assert!(result.is_ok());"
                ]
              ],
              "codes": [
                [
                  "{",
                  "    struct MockVisitor;",
                  "    impl<'de> Visitor<'de> for MockVisitor {",
                  "        type Value = ();",
                  "        fn visit_str<E>(self, _value: &str) -> Result<Self::Value, E> {",
                  "            Ok(())",
                  "        }",
                  "    }",
                  "",
                  "    let long_string = \"a\".repeat(65535);",
                  "    let deserializer = StrDeserializer {",
                  "        value: &long_string,",
                  "        marker: PhantomData,",
                  "    };",
                  "    let _ = deserializer.deserialize_any(MockVisitor);",
                  "    let long_string = \"a\".repeat(65535);",
                  "    let deserializer = StrDeserializer { value: &long_string, marker: PhantomData };",
                  "    let result = deserializer.deserialize_any(MockVisitor);",
                  "    assert!(result.is_ok());",
                  "}"
                ]
              ],
              "can_compile": [
                {
                  "Err": "   Compiling proc-macro2 v1.0.95\n   Compiling syn v1.0.109\n   Compiling serde_derive v1.0.219 (/home/utgen/workspace/serde/serde_derive)\n   Compiling serde v1.0.219 (/home/utgen/workspace/serde/serde)\n   Compiling quote v1.0.40\n   Compiling syn v2.0.100\n   Compiling ntest_test_cases v0.9.3\n   Compiling ntest_timeout v0.9.3\n   Compiling ntest v0.9.3\nerror: unused import: `ntest::timeout`\n    --> serde/src/private/de.rs:2808:8\n     |\n2808 |    use ntest::timeout;\n     |        ^^^^^^^^^^^^^^\n     |\nnote: the lint level is defined here\n    --> serde/src/lib.rs:159:23\n     |\n159  | #![deny(missing_docs, unused_imports)]\n     |                       ^^^^^^^^^^^^^^\n\nerror[E0046]: not all trait items implemented, missing: `expecting`\n    --> serde/src/private/de.rs:2813:5\n     |\n2813 |     impl<'de> Visitor<'de> for MockVisitor {\n     |     ^^^^^^^^^^^^^^^^^^^^^^^^^^^^^^^^^^^^^^ missing `expecting` in implementation\n     |\n    ::: serde/src/de/mod.rs:1310:5\n     |\n1310 |     fn expecting(&self, formatter: &mut fmt::Formatter) -> fmt::Result;\n     |     ------------------------------------------------------------------- `expecting` from trait\n\nerror[E0282]: type annotations needed for `__private::de::StrDeserializer<'_, _>`\n    --> serde/src/private/de.rs:2821:9\n     |\n2821 |     let deserializer = StrDeserializer {\n     |         ^^^^^^^^^^^^\n2822 |         value: &long_string,\n2823 |         marker: PhantomData,\n     |                 ----------- type must be known at this point\n     |\nhelp: consider giving `deserializer` an explicit type, where the type for type parameter `T` is specified\n     |\n2821 |     let deserializer: __private::de::StrDeserializer<'_, E> = StrDeserializer {\n     |                     +++++++++++++++++++++++++++++++++++++++\n\nSome errors have detailed explanations: E0046, E0282.\nFor more information about an error, try `rustc --explain E0046`.\nerror: could not compile `serde` (lib test) due to 3 previous errors\n"
                }
              ],
              "repaired": [
                false
              ]
            },
            {
              "attrs": [],
              "prefix": [
                "{",
                "    struct MockVisitor;",
                "    impl<'de> Visitor<'de> for MockVisitor {",
                "        type Value = ();",
                "        fn visit_str<E>(self, _value: &str) -> Result<Self::Value, E> {",
                "            Ok(())",
                "        }",
                "    }",
                "",
                "    let deserializer = StrDeserializer {",
                "        value: \"Hello, 世界\",",
                "        marker: PhantomData,",
                "    };",
                "    let _ = deserializer.deserialize_any(MockVisitor);",
                "}"
              ],
              "oracles": [
                [
                  "    let deserializer = StrDeserializer { value: \"Hello, 世界\", marker: PhantomData };",
                  "    let result = deserializer.deserialize_any(MockVisitor);",
                  "    assert!(result.is_ok());"
                ]
              ],
              "codes": [
                [
                  "{",
                  "    struct MockVisitor;",
                  "    impl<'de> Visitor<'de> for MockVisitor {",
                  "        type Value = ();",
                  "        fn visit_str<E>(self, _value: &str) -> Result<Self::Value, E> {",
                  "            Ok(())",
                  "        }",
                  "    }",
                  "",
                  "    let deserializer = StrDeserializer {",
                  "        value: \"Hello, 世界\",",
                  "        marker: PhantomData,",
                  "    };",
                  "    let _ = deserializer.deserialize_any(MockVisitor);",
                  "    let deserializer = StrDeserializer { value: \"Hello, 世界\", marker: PhantomData };",
                  "    let result = deserializer.deserialize_any(MockVisitor);",
                  "    assert!(result.is_ok());",
                  "}"
                ]
              ],
              "can_compile": [
                {
                  "Err": "   Compiling proc-macro2 v1.0.95\n   Compiling syn v1.0.109\n   Compiling serde_derive v1.0.219 (/home/utgen/workspace/serde/serde_derive)\n   Compiling serde v1.0.219 (/home/utgen/workspace/serde/serde)\n   Compiling quote v1.0.40\n   Compiling syn v2.0.100\n   Compiling ntest_timeout v0.9.3\n   Compiling ntest_test_cases v0.9.3\n   Compiling ntest v0.9.3\nerror: unused import: `ntest::timeout`\n    --> serde/src/private/de.rs:2808:8\n     |\n2808 |    use ntest::timeout;\n     |        ^^^^^^^^^^^^^^\n     |\nnote: the lint level is defined here\n    --> serde/src/lib.rs:159:23\n     |\n159  | #![deny(missing_docs, unused_imports)]\n     |                       ^^^^^^^^^^^^^^\n\nerror[E0046]: not all trait items implemented, missing: `expecting`\n    --> serde/src/private/de.rs:2813:5\n     |\n2813 |     impl<'de> Visitor<'de> for MockVisitor {\n     |     ^^^^^^^^^^^^^^^^^^^^^^^^^^^^^^^^^^^^^^ missing `expecting` in implementation\n     |\n    ::: serde/src/de/mod.rs:1310:5\n     |\n1310 |     fn expecting(&self, formatter: &mut fmt::Formatter) -> fmt::Result;\n     |     ------------------------------------------------------------------- `expecting` from trait\n\nerror[E0282]: type annotations needed for `__private::de::StrDeserializer<'_, _>`\n    --> serde/src/private/de.rs:2820:9\n     |\n2820 |     let deserializer = StrDeserializer {\n     |         ^^^^^^^^^^^^\n2821 |         value: \"Hello, 世界\",\n2822 |         marker: PhantomData,\n     |                 ----------- type must be known at this point\n     |\nhelp: consider giving `deserializer` an explicit type, where the type for type parameter `T` is specified\n     |\n2820 |     let deserializer: __private::de::StrDeserializer<'_, E> = StrDeserializer {\n     |                     +++++++++++++++++++++++++++++++++++++++\n\nSome errors have detailed explanations: E0046, E0282.\nFor more information about an error, try `rustc --explain E0046`.\nerror: could not compile `serde` (lib test) due to 3 previous errors\n"
                }
              ],
              "repaired": [
                false
              ]
            },
            {
              "attrs": [],
              "prefix": [
                "{",
                "    struct MockVisitor;",
                "    impl<'de> Visitor<'de> for MockVisitor {",
                "        type Value = ();",
                "        fn visit_str<E>(self, _value: &str) -> Result<Self::Value, E> {",
                "            Ok(())",
                "        }",
                "    }",
                "",
                "    let deserializer = StrDeserializer {",
                "        value: \"Hello, @#$%^&*()!\",",
                "        marker: PhantomData,",
                "    };",
                "    let _ = deserializer.deserialize_any(MockVisitor);",
                "}"
              ],
              "oracles": [
                [
                  "    let deserializer = StrDeserializer { value: \"Hello, @#$%^&*()!\", marker: PhantomData };",
                  "    let result = deserializer.deserialize_any(MockVisitor);",
                  "    assert!(result.is_ok());"
                ],
                [
                  "    let deserializer = StrDeserializer { value: \"Hello, @#$%^&*()!\", marker: PhantomData };",
                  "    let result = deserializer.deserialize_any(MockVisitor);",
                  "    assert_eq!(result.unwrap(), ());"
                ]
              ],
              "codes": [
                [
                  "{",
                  "    struct MockVisitor;",
                  "    impl<'de> Visitor<'de> for MockVisitor {",
                  "        type Value = ();",
                  "        fn visit_str<E>(self, _value: &str) -> Result<Self::Value, E> {",
                  "            Ok(())",
                  "        }",
                  "    }",
                  "",
                  "    let deserializer = StrDeserializer {",
                  "        value: \"Hello, @#$%^&*()!\",",
                  "        marker: PhantomData,",
                  "    };",
                  "    let _ = deserializer.deserialize_any(MockVisitor);",
                  "    let deserializer = StrDeserializer { value: \"Hello, @#$%^&*()!\", marker: PhantomData };",
                  "    let result = deserializer.deserialize_any(MockVisitor);",
                  "    assert!(result.is_ok());",
                  "}"
                ],
                [
                  "{",
                  "    struct MockVisitor;",
                  "    impl<'de> Visitor<'de> for MockVisitor {",
                  "        type Value = ();",
                  "        fn visit_str<E>(self, _value: &str) -> Result<Self::Value, E> {",
                  "            Ok(())",
                  "        }",
                  "    }",
                  "",
                  "    let deserializer = StrDeserializer {",
                  "        value: \"Hello, @#$%^&*()!\",",
                  "        marker: PhantomData,",
                  "    };",
                  "    let _ = deserializer.deserialize_any(MockVisitor);",
                  "    let deserializer = StrDeserializer { value: \"Hello, @#$%^&*()!\", marker: PhantomData };",
                  "    let result = deserializer.deserialize_any(MockVisitor);",
                  "    assert_eq!(result.unwrap(), ());",
                  "}"
                ]
              ],
              "can_compile": [
                {
                  "Err": "   Compiling proc-macro2 v1.0.95\n   Compiling syn v1.0.109\n   Compiling serde_derive v1.0.219 (/home/utgen/workspace/serde/serde_derive)\n   Compiling serde v1.0.219 (/home/utgen/workspace/serde/serde)\n   Compiling quote v1.0.40\n   Compiling syn v2.0.100\n   Compiling ntest_timeout v0.9.3\n   Compiling ntest_test_cases v0.9.3\n   Compiling ntest v0.9.3\nerror: unused import: `ntest::timeout`\n    --> serde/src/private/de.rs:2808:8\n     |\n2808 |    use ntest::timeout;\n     |        ^^^^^^^^^^^^^^\n     |\nnote: the lint level is defined here\n    --> serde/src/lib.rs:159:23\n     |\n159  | #![deny(missing_docs, unused_imports)]\n     |                       ^^^^^^^^^^^^^^\n\nerror[E0046]: not all trait items implemented, missing: `expecting`\n    --> serde/src/private/de.rs:2813:5\n     |\n2813 |     impl<'de> Visitor<'de> for MockVisitor {\n     |     ^^^^^^^^^^^^^^^^^^^^^^^^^^^^^^^^^^^^^^ missing `expecting` in implementation\n     |\n    ::: serde/src/de/mod.rs:1310:5\n     |\n1310 |     fn expecting(&self, formatter: &mut fmt::Formatter) -> fmt::Result;\n     |     ------------------------------------------------------------------- `expecting` from trait\n\nerror[E0282]: type annotations needed for `__private::de::StrDeserializer<'_, _>`\n    --> serde/src/private/de.rs:2820:9\n     |\n2820 |     let deserializer = StrDeserializer {\n     |         ^^^^^^^^^^^^\n2821 |         value: \"Hello, @#$%^&*()!\",\n2822 |         marker: PhantomData,\n     |                 ----------- type must be known at this point\n     |\nhelp: consider giving `deserializer` an explicit type, where the type for type parameter `T` is specified\n     |\n2820 |     let deserializer: __private::de::StrDeserializer<'_, E> = StrDeserializer {\n     |                     +++++++++++++++++++++++++++++++++++++++\n\nSome errors have detailed explanations: E0046, E0282.\nFor more information about an error, try `rustc --explain E0046`.\nerror: could not compile `serde` (lib test) due to 3 previous errors\n"
                },
                {
                  "Err": "   Compiling proc-macro2 v1.0.95\n   Compiling syn v1.0.109\n   Compiling serde_derive v1.0.219 (/home/utgen/workspace/serde/serde_derive)\n   Compiling serde v1.0.219 (/home/utgen/workspace/serde/serde)\n   Compiling quote v1.0.40\n   Compiling syn v2.0.100\n   Compiling ntest_timeout v0.9.3\n   Compiling ntest_test_cases v0.9.3\n   Compiling ntest v0.9.3\nerror: unused import: `ntest::timeout`\n    --> serde/src/private/de.rs:2808:8\n     |\n2808 |    use ntest::timeout;\n     |        ^^^^^^^^^^^^^^\n     |\nnote: the lint level is defined here\n    --> serde/src/lib.rs:159:23\n     |\n159  | #![deny(missing_docs, unused_imports)]\n     |                       ^^^^^^^^^^^^^^\n\nerror[E0046]: not all trait items implemented, missing: `expecting`\n    --> serde/src/private/de.rs:2813:5\n     |\n2813 |     impl<'de> Visitor<'de> for MockVisitor {\n     |     ^^^^^^^^^^^^^^^^^^^^^^^^^^^^^^^^^^^^^^ missing `expecting` in implementation\n     |\n    ::: serde/src/de/mod.rs:1310:5\n     |\n1310 |     fn expecting(&self, formatter: &mut fmt::Formatter) -> fmt::Result;\n     |     ------------------------------------------------------------------- `expecting` from trait\n\nerror[E0282]: type annotations needed for `__private::de::StrDeserializer<'_, _>`\n    --> serde/src/private/de.rs:2820:9\n     |\n2820 |     let deserializer = StrDeserializer {\n     |         ^^^^^^^^^^^^\n2821 |         value: \"Hello, @#$%^&*()!\",\n2822 |         marker: PhantomData,\n     |                 ----------- type must be known at this point\n     |\nhelp: consider giving `deserializer` an explicit type, where the type for type parameter `T` is specified\n     |\n2820 |     let deserializer: __private::de::StrDeserializer<'_, E> = StrDeserializer {\n     |                     +++++++++++++++++++++++++++++++++++++++\n\nSome errors have detailed explanations: E0046, E0282.\nFor more information about an error, try `rustc --explain E0046`.\nerror: could not compile `serde` (lib test) due to 3 previous errors\n"
                }
              ],
              "repaired": [
                false,
                false
              ]
            },
            {
              "attrs": [
                "#[should_panic]"
              ],
              "prefix": [
                "{",
                "    struct NullVisitor;",
                "",
                "    let deserializer = StrDeserializer {",
                "        value: \"Hello, World\",",
                "        marker: PhantomData,",
                "    };",
                "    let _ = deserializer.deserialize_any(NullVisitor);",
                "}"
              ],
              "oracles": [
                [
                  "    let deserializer = StrDeserializer { value: \"Hello, World\", marker: PhantomData };",
                  "    let result = deserializer.deserialize_any(NullVisitor);",
                  "    assert!(result.is_err());"
                ],
                [
                  "    let deserializer = StrDeserializer { value: \"Hello, World\", marker: PhantomData };",
                  "    let result = deserializer.deserialize_any(NullVisitor);",
                  "    assert_eq!(result.unwrap_err().to_string(), \"expected a string\");"
                ]
              ],
              "codes": [
                [
                  "{",
                  "    struct NullVisitor;",
                  "",
                  "    let deserializer = StrDeserializer {",
                  "        value: \"Hello, World\",",
                  "        marker: PhantomData,",
                  "    };",
                  "    let _ = deserializer.deserialize_any(NullVisitor);",
                  "    let deserializer = StrDeserializer { value: \"Hello, World\", marker: PhantomData };",
                  "    let result = deserializer.deserialize_any(NullVisitor);",
                  "    assert!(result.is_err());",
                  "}"
                ],
                [
                  "{",
                  "    struct NullVisitor;",
                  "",
                  "    let deserializer = StrDeserializer {",
                  "        value: \"Hello, World\",",
                  "        marker: PhantomData,",
                  "    };",
                  "    let _ = deserializer.deserialize_any(NullVisitor);",
                  "    let deserializer = StrDeserializer { value: \"Hello, World\", marker: PhantomData };",
                  "    let result = deserializer.deserialize_any(NullVisitor);",
                  "    assert_eq!(result.unwrap_err().to_string(), \"expected a string\");",
                  "}"
                ]
              ],
              "can_compile": [
                {
                  "Err": "   Compiling proc-macro2 v1.0.95\n   Compiling syn v1.0.109\n   Compiling serde_derive v1.0.219 (/home/utgen/workspace/serde/serde_derive)\n   Compiling serde v1.0.219 (/home/utgen/workspace/serde/serde)\n   Compiling quote v1.0.40\n   Compiling syn v2.0.100\n   Compiling ntest_test_cases v0.9.3\n   Compiling ntest_timeout v0.9.3\n   Compiling ntest v0.9.3\nerror: unused import: `ntest::timeout`\n    --> serde/src/private/de.rs:2808:8\n     |\n2808 |    use ntest::timeout;\n     |        ^^^^^^^^^^^^^^\n     |\nnote: the lint level is defined here\n    --> serde/src/lib.rs:159:23\n     |\n159  | #![deny(missing_docs, unused_imports)]\n     |                       ^^^^^^^^^^^^^^\n\nerror[E0277]: the trait bound `NullVisitor: Visitor<'_>` is not satisfied\n    --> serde/src/private/de.rs:2819:42\n     |\n2819 |     let _ = deserializer.deserialize_any(NullVisitor);\n     |                          --------------- ^^^^^^^^^^^ the trait `Visitor<'_>` is not implemented for `NullVisitor`\n     |                          |\n     |                          required by a bound introduced by this call\n     |\n     = help: the following other types implement trait `Visitor<'de>`:\n               `AdjacentlyTaggedEnumVariantVisitor<F>` implements `Visitor<'de>`\n               `CowBytesVisitor` implements `Visitor<'a>`\n               `CowStrVisitor` implements `Visitor<'a>`\n               `IgnoredAny` implements `Visitor<'de>`\n               `InternallyTaggedUnitVisitor<'a>` implements `Visitor<'de>`\n               `RangeFromVisitor<Idx>` implements `Visitor<'de>`\n               `RangeToVisitor<Idx>` implements `Visitor<'de>`\n               `RangeVisitor<Idx>` implements `Visitor<'de>`\n             and 4 others\nnote: required by a bound in `de::Deserializer::deserialize_any`\n    --> serde/src/de/mod.rs:930:12\n     |\n928  |     fn deserialize_any<V>(self, visitor: V) -> Result<V::Value, Self::Error>\n     |        --------------- required by a bound in this associated function\n929  |     where\n930  |         V: Visitor<'de>;\n     |            ^^^^^^^^^^^^ required by this bound in `Deserializer::deserialize_any`\n\nerror[E0277]: the trait bound `NullVisitor: Visitor<'_>` is not satisfied\n    --> serde/src/private/de.rs:2821:47\n     |\n2821 |     let result = deserializer.deserialize_any(NullVisitor);\n     |                               --------------- ^^^^^^^^^^^ the trait `Visitor<'_>` is not implemented for `NullVisitor`\n     |                               |\n     |                               required by a bound introduced by this call\n     |\n     = help: the following other types implement trait `Visitor<'de>`:\n               `AdjacentlyTaggedEnumVariantVisitor<F>` implements `Visitor<'de>`\n               `CowBytesVisitor` implements `Visitor<'a>`\n               `CowStrVisitor` implements `Visitor<'a>`\n               `IgnoredAny` implements `Visitor<'de>`\n               `InternallyTaggedUnitVisitor<'a>` implements `Visitor<'de>`\n               `RangeFromVisitor<Idx>` implements `Visitor<'de>`\n               `RangeToVisitor<Idx>` implements `Visitor<'de>`\n               `RangeVisitor<Idx>` implements `Visitor<'de>`\n             and 4 others\nnote: required by a bound in `de::Deserializer::deserialize_any`\n    --> serde/src/de/mod.rs:930:12\n     |\n928  |     fn deserialize_any<V>(self, visitor: V) -> Result<V::Value, Self::Error>\n     |        --------------- required by a bound in this associated function\n929  |     where\n930  |         V: Visitor<'de>;\n     |            ^^^^^^^^^^^^ required by this bound in `Deserializer::deserialize_any`\n\nFor more information about this error, try `rustc --explain E0277`.\nerror: could not compile `serde` (lib test) due to 3 previous errors\n"
                },
                {
                  "Err": "   Compiling proc-macro2 v1.0.95\n   Compiling syn v1.0.109\n   Compiling serde_derive v1.0.219 (/home/utgen/workspace/serde/serde_derive)\n   Compiling serde v1.0.219 (/home/utgen/workspace/serde/serde)\n   Compiling quote v1.0.40\n   Compiling syn v2.0.100\n   Compiling ntest_timeout v0.9.3\n   Compiling ntest_test_cases v0.9.3\n   Compiling ntest v0.9.3\nerror: unused import: `ntest::timeout`\n    --> serde/src/private/de.rs:2808:8\n     |\n2808 |    use ntest::timeout;\n     |        ^^^^^^^^^^^^^^\n     |\nnote: the lint level is defined here\n    --> serde/src/lib.rs:159:23\n     |\n159  | #![deny(missing_docs, unused_imports)]\n     |                       ^^^^^^^^^^^^^^\n\nerror[E0277]: the trait bound `NullVisitor: Visitor<'_>` is not satisfied\n    --> serde/src/private/de.rs:2819:42\n     |\n2819 |     let _ = deserializer.deserialize_any(NullVisitor);\n     |                          --------------- ^^^^^^^^^^^ the trait `Visitor<'_>` is not implemented for `NullVisitor`\n     |                          |\n     |                          required by a bound introduced by this call\n     |\n     = help: the following other types implement trait `Visitor<'de>`:\n               `AdjacentlyTaggedEnumVariantVisitor<F>` implements `Visitor<'de>`\n               `CowBytesVisitor` implements `Visitor<'a>`\n               `CowStrVisitor` implements `Visitor<'a>`\n               `IgnoredAny` implements `Visitor<'de>`\n               `InternallyTaggedUnitVisitor<'a>` implements `Visitor<'de>`\n               `RangeFromVisitor<Idx>` implements `Visitor<'de>`\n               `RangeToVisitor<Idx>` implements `Visitor<'de>`\n               `RangeVisitor<Idx>` implements `Visitor<'de>`\n             and 4 others\nnote: required by a bound in `de::Deserializer::deserialize_any`\n    --> serde/src/de/mod.rs:930:12\n     |\n928  |     fn deserialize_any<V>(self, visitor: V) -> Result<V::Value, Self::Error>\n     |        --------------- required by a bound in this associated function\n929  |     where\n930  |         V: Visitor<'de>;\n     |            ^^^^^^^^^^^^ required by this bound in `Deserializer::deserialize_any`\n\nerror[E0277]: the trait bound `NullVisitor: Visitor<'_>` is not satisfied\n    --> serde/src/private/de.rs:2821:47\n     |\n2821 |     let result = deserializer.deserialize_any(NullVisitor);\n     |                               --------------- ^^^^^^^^^^^ the trait `Visitor<'_>` is not implemented for `NullVisitor`\n     |                               |\n     |                               required by a bound introduced by this call\n     |\n     = help: the following other types implement trait `Visitor<'de>`:\n               `AdjacentlyTaggedEnumVariantVisitor<F>` implements `Visitor<'de>`\n               `CowBytesVisitor` implements `Visitor<'a>`\n               `CowStrVisitor` implements `Visitor<'a>`\n               `IgnoredAny` implements `Visitor<'de>`\n               `InternallyTaggedUnitVisitor<'a>` implements `Visitor<'de>`\n               `RangeFromVisitor<Idx>` implements `Visitor<'de>`\n               `RangeToVisitor<Idx>` implements `Visitor<'de>`\n               `RangeVisitor<Idx>` implements `Visitor<'de>`\n             and 4 others\nnote: required by a bound in `de::Deserializer::deserialize_any`\n    --> serde/src/de/mod.rs:930:12\n     |\n928  |     fn deserialize_any<V>(self, visitor: V) -> Result<V::Value, Self::Error>\n     |        --------------- required by a bound in this associated function\n929  |     where\n930  |         V: Visitor<'de>;\n     |            ^^^^^^^^^^^^ required by this bound in `Deserializer::deserialize_any`\n\nFor more information about this error, try `rustc --explain E0277`.\nerror: could not compile `serde` (lib test) due to 3 previous errors\n"
                }
              ],
              "repaired": [
                false,
                false
              ]
            },
            {
              "attrs": [],
              "prefix": [
                "{",
                "    struct ErrorVisitor;",
                "    impl<'de> Visitor<'de> for ErrorVisitor {",
                "        type Value = ();",
                "        fn visit_str<E>(self, _value: &str) -> Result<Self::Value, E> {",
                "            Err(E::custom(\"Error while visiting string\"))",
                "        }",
                "    }",
                "",
                "    let deserializer = StrDeserializer {",
                "        value: \"Hello, Error\",",
                "        marker: PhantomData,",
                "    };",
                "    let _ = deserializer.deserialize_any(ErrorVisitor);",
                "}"
              ],
              "oracles": [
                [
                  "    let deserializer = StrDeserializer { value: \"Hello, Error\", marker: PhantomData };",
                  "    let result = deserializer.deserialize_any(ErrorVisitor);",
                  "    assert!(result.is_err());"
                ],
                [
                  "    let deserializer = StrDeserializer { value: \"Hello, Error\", marker: PhantomData };",
                  "    let result = deserializer.deserialize_any(ErrorVisitor);",
                  "    assert_eq!(result.err().unwrap().to_string(), \"Error while visiting string\");"
                ]
              ],
              "codes": [
                [
                  "{",
                  "    struct ErrorVisitor;",
                  "    impl<'de> Visitor<'de> for ErrorVisitor {",
                  "        type Value = ();",
                  "        fn visit_str<E>(self, _value: &str) -> Result<Self::Value, E> {",
                  "            Err(E::custom(\"Error while visiting string\"))",
                  "        }",
                  "    }",
                  "",
                  "    let deserializer = StrDeserializer {",
                  "        value: \"Hello, Error\",",
                  "        marker: PhantomData,",
                  "    };",
                  "    let _ = deserializer.deserialize_any(ErrorVisitor);",
                  "    let deserializer = StrDeserializer { value: \"Hello, Error\", marker: PhantomData };",
                  "    let result = deserializer.deserialize_any(ErrorVisitor);",
                  "    assert!(result.is_err());",
                  "}"
                ],
                [
                  "{",
                  "    struct ErrorVisitor;",
                  "    impl<'de> Visitor<'de> for ErrorVisitor {",
                  "        type Value = ();",
                  "        fn visit_str<E>(self, _value: &str) -> Result<Self::Value, E> {",
                  "            Err(E::custom(\"Error while visiting string\"))",
                  "        }",
                  "    }",
                  "",
                  "    let deserializer = StrDeserializer {",
                  "        value: \"Hello, Error\",",
                  "        marker: PhantomData,",
                  "    };",
                  "    let _ = deserializer.deserialize_any(ErrorVisitor);",
                  "    let deserializer = StrDeserializer { value: \"Hello, Error\", marker: PhantomData };",
                  "    let result = deserializer.deserialize_any(ErrorVisitor);",
                  "    assert_eq!(result.err().unwrap().to_string(), \"Error while visiting string\");",
                  "}"
                ]
              ],
              "can_compile": [
                {
                  "Err": "   Compiling proc-macro2 v1.0.95\n   Compiling syn v1.0.109\n   Compiling serde_derive v1.0.219 (/home/utgen/workspace/serde/serde_derive)\n   Compiling serde v1.0.219 (/home/utgen/workspace/serde/serde)\n   Compiling quote v1.0.40\n   Compiling syn v2.0.100\n   Compiling ntest_test_cases v0.9.3\n   Compiling ntest_timeout v0.9.3\n   Compiling ntest v0.9.3\nerror: unused import: `ntest::timeout`\n    --> serde/src/private/de.rs:2808:8\n     |\n2808 |    use ntest::timeout;\n     |        ^^^^^^^^^^^^^^\n     |\nnote: the lint level is defined here\n    --> serde/src/lib.rs:159:23\n     |\n159  | #![deny(missing_docs, unused_imports)]\n     |                       ^^^^^^^^^^^^^^\n\nerror[E0046]: not all trait items implemented, missing: `expecting`\n    --> serde/src/private/de.rs:2813:5\n     |\n2813 |     impl<'de> Visitor<'de> for ErrorVisitor {\n     |     ^^^^^^^^^^^^^^^^^^^^^^^^^^^^^^^^^^^^^^^ missing `expecting` in implementation\n     |\n    ::: serde/src/de/mod.rs:1310:5\n     |\n1310 |     fn expecting(&self, formatter: &mut fmt::Formatter) -> fmt::Result;\n     |     ------------------------------------------------------------------- `expecting` from trait\n\nerror[E0282]: type annotations needed for `__private::de::StrDeserializer<'_, _>`\n    --> serde/src/private/de.rs:2820:9\n     |\n2820 |     let deserializer = StrDeserializer {\n     |         ^^^^^^^^^^^^\n2821 |         value: \"Hello, Error\",\n2822 |         marker: PhantomData,\n     |                 ----------- type must be known at this point\n     |\nhelp: consider giving `deserializer` an explicit type, where the type for type parameter `T` is specified\n     |\n2820 |     let deserializer: __private::de::StrDeserializer<'_, E> = StrDeserializer {\n     |                     +++++++++++++++++++++++++++++++++++++++\n\nerror[E0599]: no function or associated item named `custom` found for type parameter `E` in the current scope\n    --> serde/src/private/de.rs:2816:20\n     |\n2815 |         fn visit_str<E>(self, _value: &str) -> Result<Self::Value, E> {\n     |                      - function or associated item `custom` not found for this type parameter\n2816 |             Err(E::custom(\"Error while visiting string\"))\n     |                    ^^^^^^ function or associated item not found in `E`\n     |\n     = help: items from traits can only be used if the type parameter is bounded by the trait\nhelp: the following traits define an item `custom`, perhaps you need to restrict type parameter `E` with one of them:\n     |\n2815 |         fn visit_str<E: de::Error>(self, _value: &str) -> Result<Self::Value, E> {\n     |                       +++++++++++\n2815 |         fn visit_str<E: ser::Error>(self, _value: &str) -> Result<Self::Value, E> {\n     |                       ++++++++++++\n\nSome errors have detailed explanations: E0046, E0282, E0599.\nFor more information about an error, try `rustc --explain E0046`.\nerror: could not compile `serde` (lib test) due to 4 previous errors\n"
                },
                {
                  "Err": "   Compiling proc-macro2 v1.0.95\n   Compiling syn v1.0.109\n   Compiling serde_derive v1.0.219 (/home/utgen/workspace/serde/serde_derive)\n   Compiling serde v1.0.219 (/home/utgen/workspace/serde/serde)\n   Compiling quote v1.0.40\n   Compiling syn v2.0.100\n   Compiling ntest_test_cases v0.9.3\n   Compiling ntest_timeout v0.9.3\n   Compiling ntest v0.9.3\nerror: unused import: `ntest::timeout`\n    --> serde/src/private/de.rs:2808:8\n     |\n2808 |    use ntest::timeout;\n     |        ^^^^^^^^^^^^^^\n     |\nnote: the lint level is defined here\n    --> serde/src/lib.rs:159:23\n     |\n159  | #![deny(missing_docs, unused_imports)]\n     |                       ^^^^^^^^^^^^^^\n\nerror[E0046]: not all trait items implemented, missing: `expecting`\n    --> serde/src/private/de.rs:2813:5\n     |\n2813 |     impl<'de> Visitor<'de> for ErrorVisitor {\n     |     ^^^^^^^^^^^^^^^^^^^^^^^^^^^^^^^^^^^^^^^ missing `expecting` in implementation\n     |\n    ::: serde/src/de/mod.rs:1310:5\n     |\n1310 |     fn expecting(&self, formatter: &mut fmt::Formatter) -> fmt::Result;\n     |     ------------------------------------------------------------------- `expecting` from trait\n\nerror[E0282]: type annotations needed for `__private::de::StrDeserializer<'_, _>`\n    --> serde/src/private/de.rs:2825:9\n     |\n2825 |     let deserializer = StrDeserializer { value: \"Hello, Error\", marker: PhantomData };\n     |         ^^^^^^^^^^^^\n2826 |     let result = deserializer.deserialize_any(ErrorVisitor);\n2827 |     assert_eq!(result.err().unwrap().to_string(), \"Error while visiting string\");\n     |                --------------------- type must be known at this point\n     |\nhelp: consider giving `deserializer` an explicit type, where the type for type parameter `T` is specified\n     |\n2825 |     let deserializer: __private::de::StrDeserializer<'_, E> = StrDeserializer { value: \"Hello, Error\", marker: PhantomData };\n     |                     +++++++++++++++++++++++++++++++++++++++\n\nerror[E0599]: no function or associated item named `custom` found for type parameter `E` in the current scope\n    --> serde/src/private/de.rs:2816:20\n     |\n2815 |         fn visit_str<E>(self, _value: &str) -> Result<Self::Value, E> {\n     |                      - function or associated item `custom` not found for this type parameter\n2816 |             Err(E::custom(\"Error while visiting string\"))\n     |                    ^^^^^^ function or associated item not found in `E`\n     |\n     = help: items from traits can only be used if the type parameter is bounded by the trait\nhelp: the following traits define an item `custom`, perhaps you need to restrict type parameter `E` with one of them:\n     |\n2815 |         fn visit_str<E: de::Error>(self, _value: &str) -> Result<Self::Value, E> {\n     |                       +++++++++++\n2815 |         fn visit_str<E: ser::Error>(self, _value: &str) -> Result<Self::Value, E> {\n     |                       ++++++++++++\n\nSome errors have detailed explanations: E0046, E0282, E0599.\nFor more information about an error, try `rustc --explain E0046`.\nerror: could not compile `serde` (lib test) due to 4 previous errors\n"
                }
              ],
              "repaired": [
                false,
                false
              ]
            }
          ]
        }
      ]
    }
  ]
}