{
  "name": "serde::__private::de::content::<__private::de::content::TagOrContentVisitor<'de> as de::Visitor<'de>>::visit_str",
  "name_with_impl": "serde::__private::de::content::{impl#8}::visit_str",
  "mod_info": {
    "name": "__private::de::content",
    "loc": "serde/src/private/de.rs:198:1:2358:2"
  },
  "visible": true,
  "loc": "serde/src/private/de.rs:690:9:701:10",
  "fn_tests": [
    {
      "chain_id": 1,
      "prompt_conds": [
        "// constraint: value == self.name is true\n",
        "// expected return value/type: Ok(TagOrContent::Tag)\n"
      ],
      "input_infer": "value: \"tag_name\"\n",
      "answers": [
        {
          "uses": [],
          "has_test_mod": false,
          "common": [],
          "chain_tests": [
            {
              "attrs": [],
              "prefix": [
                "{",
                "    let visitor = TagOrContentVisitor {",
                "        name: \"tag_name\",",
                "        value: PhantomData,",
                "    };",
                "    let _ = visitor.visit_str(\"tag_name\");",
                "}"
              ],
              "oracles": [
                [
                  "    let visitor = TagOrContentVisitor { name: \"tag_name\", value: PhantomData };",
                  "    let result = visitor.visit_str(\"tag_name\");",
                  "    assert!(result.is_ok());"
                ],
                [
                  "    let visitor = TagOrContentVisitor { name: \"tag_name\", value: PhantomData };",
                  "    let result = visitor.visit_str(\"tag_name\");",
                  "    assert_eq!(result.unwrap(), TagOrContent::Tag);"
                ]
              ],
              "codes": [
                [
                  "{",
                  "    let visitor = TagOrContentVisitor {",
                  "        name: \"tag_name\",",
                  "        value: PhantomData,",
                  "    };",
                  "    let _ = visitor.visit_str(\"tag_name\");",
                  "    let visitor = TagOrContentVisitor { name: \"tag_name\", value: PhantomData };",
                  "    let result = visitor.visit_str(\"tag_name\");",
                  "    assert!(result.is_ok());",
                  "}"
                ],
                [
                  "{",
                  "    let visitor = TagOrContentVisitor {",
                  "        name: \"tag_name\",",
                  "        value: PhantomData,",
                  "    };",
                  "    let _ = visitor.visit_str(\"tag_name\");",
                  "    let visitor = TagOrContentVisitor { name: \"tag_name\", value: PhantomData };",
                  "    let result = visitor.visit_str(\"tag_name\");",
                  "    assert_eq!(result.unwrap(), TagOrContent::Tag);",
                  "}"
                ]
              ],
              "can_compile": [
                {
                  "Err": "   Compiling proc-macro2 v1.0.95\n   Compiling syn v1.0.109\n   Compiling serde_derive v1.0.219 (/home/utgen/workspace/serde/serde_derive)\n   Compiling serde v1.0.219 (/home/utgen/workspace/serde/serde)\n   Compiling quote v1.0.40\n   Compiling syn v2.0.100\n   Compiling ntest_timeout v0.9.3\n   Compiling ntest_test_cases v0.9.3\n   Compiling ntest v0.9.3\nerror: unused import: `ntest::timeout`\n    --> serde/src/private/de.rs:2362:8\n     |\n2362 |    use ntest::timeout;\n     |        ^^^^^^^^^^^^^^\n     |\nnote: the lint level is defined here\n    --> serde/src/lib.rs:159:23\n     |\n159  | #![deny(missing_docs, unused_imports)]\n     |                       ^^^^^^^^^^^^^^\n\nerror[E0283]: type annotations needed\n    --> serde/src/private/de.rs:2370:21\n     |\n2370 |     let _ = visitor.visit_str(\"tag_name\");\n     |                     ^^^^^^^^^ cannot infer type of the type parameter `E` declared on the method `visit_str`\n     |\n     = note: cannot satisfy `_: de::Error`\n     = help: the trait `de::Error` is implemented for `value::Error`\nnote: required by a bound in `de::Visitor::visit_str`\n    --> serde/src/de/mod.rs:1495:12\n     |\n1493 |     fn visit_str<E>(self, v: &str) -> Result<Self::Value, E>\n     |        --------- required by a bound in this associated function\n1494 |     where\n1495 |         E: Error,\n     |            ^^^^^ required by this bound in `Visitor::visit_str`\nhelp: consider specifying the generic argument\n     |\n2370 |     let _ = visitor.visit_str::<E>(\"tag_name\");\n     |                              +++++\n\nFor more information about this error, try `rustc --explain E0283`.\nerror: could not compile `serde` (lib test) due to 2 previous errors\n"
                },
                {
                  "Err": "   Compiling proc-macro2 v1.0.95\n   Compiling syn v1.0.109\n   Compiling serde_derive v1.0.219 (/home/utgen/workspace/serde/serde_derive)\n   Compiling serde v1.0.219 (/home/utgen/workspace/serde/serde)\n   Compiling quote v1.0.40\n   Compiling syn v2.0.100\n   Compiling ntest_timeout v0.9.3\n   Compiling ntest_test_cases v0.9.3\n   Compiling ntest v0.9.3\nerror: unused import: `ntest::timeout`\n    --> serde/src/private/de.rs:2362:8\n     |\n2362 |    use ntest::timeout;\n     |        ^^^^^^^^^^^^^^\n     |\nnote: the lint level is defined here\n    --> serde/src/lib.rs:159:23\n     |\n159  | #![deny(missing_docs, unused_imports)]\n     |                       ^^^^^^^^^^^^^^\n\nerror[E0369]: binary operation `==` cannot be applied to type `__private::de::content::TagOrContent<'_>`\n    --> serde/src/private/de.rs:2373:5\n     |\n2373 |     assert_eq!(result.unwrap(), TagOrContent::Tag);\n     |     ^^^^^^^^^^^^^^^^^^^^^^^^^^^^^^^^^^^^^^^^^^^^^^\n     |     |\n     |     __private::de::content::TagOrContent<'_>\n     |     __private::de::content::TagOrContent<'_>\n     |\nnote: an implementation of `PartialEq<__private::de::content::TagOrContent<'_>>` might be missing for `__private::de::content::TagOrContent<'_>`\n    --> serde/src/private/de.rs:541:5\n     |\n541  |     pub enum TagOrContent<'de> {\n     |     ^^^^^^^^^^^^^^^^^^^^^^^^^^ must implement `PartialEq<__private::de::content::TagOrContent<'_>>`\n     = note: this error originates in the macro `assert_eq` (in Nightly builds, run with -Z macro-backtrace for more info)\nhelp: consider annotating `__private::de::content::TagOrContent<'_>` with `#[derive(PartialEq)]`\n     |\n541  +     #[derive(PartialEq)]\n542  |     pub enum TagOrContent<'de> {\n     |\n\nerror[E0277]: `__private::de::content::TagOrContent<'_>` doesn't implement `std::fmt::Debug`\n    --> serde/src/private/de.rs:2373:5\n     |\n2373 |     assert_eq!(result.unwrap(), TagOrContent::Tag);\n     |     ^^^^^^^^^^^^^^^^^^^^^^^^^^^^^^^^^^^^^^^^^^^^^^ `__private::de::content::TagOrContent<'_>` cannot be formatted using `{:?}`\n     |\n     = help: the trait `std::fmt::Debug` is not implemented for `__private::de::content::TagOrContent<'_>`\n     = note: add `#[derive(Debug)]` to `__private::de::content::TagOrContent<'_>` or manually `impl std::fmt::Debug for __private::de::content::TagOrContent<'_>`\n     = note: this error originates in the macro `assert_eq` (in Nightly builds, run with -Z macro-backtrace for more info)\nhelp: consider annotating `__private::de::content::TagOrContent<'_>` with `#[derive(Debug)]`\n     |\n541  +     #[derive(Debug)]\n542  |     pub enum TagOrContent<'de> {\n     |\n\nSome errors have detailed explanations: E0277, E0369.\nFor more information about an error, try `rustc --explain E0277`.\nerror: could not compile `serde` (lib test) due to 4 previous errors\n"
                }
              ],
              "repaired": [
                false,
                false
              ]
            },
            {
              "attrs": [],
              "prefix": [
                "{",
                "    let visitor = TagOrContentVisitor {",
                "        name: \"tag_name\",",
                "        value: PhantomData,",
                "    };",
                "    let _ = visitor.visit_str(\"different_name\");",
                "}"
              ],
              "oracles": [
                [
                  "    let visitor = TagOrContentVisitor { name: \"tag_name\", value: PhantomData };",
                  "    let result = visitor.visit_str(\"different_name\");",
                  "    assert!(result.is_err());"
                ],
                [
                  "    let visitor = TagOrContentVisitor { name: \"tag_name\", value: PhantomData };",
                  "    let result = visitor.visit_str(\"different_name\");",
                  "    assert!(result.unwrap_err().is::<de::Error>());"
                ]
              ],
              "codes": [
                [
                  "{",
                  "    let visitor = TagOrContentVisitor {",
                  "        name: \"tag_name\",",
                  "        value: PhantomData,",
                  "    };",
                  "    let _ = visitor.visit_str(\"different_name\");",
                  "    let visitor = TagOrContentVisitor { name: \"tag_name\", value: PhantomData };",
                  "    let result = visitor.visit_str(\"different_name\");",
                  "    assert!(result.is_err());",
                  "}"
                ],
                [
                  "{",
                  "    let visitor = TagOrContentVisitor {",
                  "        name: \"tag_name\",",
                  "        value: PhantomData,",
                  "    };",
                  "    let _ = visitor.visit_str(\"different_name\");",
                  "    let visitor = TagOrContentVisitor { name: \"tag_name\", value: PhantomData };",
                  "    let result = visitor.visit_str(\"different_name\");",
                  "    assert!(result.unwrap_err().is::<de::Error>());",
                  "}"
                ]
              ],
              "can_compile": [
                {
                  "Err": "   Compiling proc-macro2 v1.0.95\n   Compiling syn v1.0.109\n   Compiling serde_derive v1.0.219 (/home/utgen/workspace/serde/serde_derive)\n   Compiling serde v1.0.219 (/home/utgen/workspace/serde/serde)\n   Compiling quote v1.0.40\n   Compiling syn v2.0.100\n   Compiling ntest_timeout v0.9.3\n   Compiling ntest_test_cases v0.9.3\n   Compiling ntest v0.9.3\nerror: unused import: `ntest::timeout`\n    --> serde/src/private/de.rs:2362:8\n     |\n2362 |    use ntest::timeout;\n     |        ^^^^^^^^^^^^^^\n     |\nnote: the lint level is defined here\n    --> serde/src/lib.rs:159:23\n     |\n159  | #![deny(missing_docs, unused_imports)]\n     |                       ^^^^^^^^^^^^^^\n\nerror[E0283]: type annotations needed\n    --> serde/src/private/de.rs:2370:21\n     |\n2370 |     let _ = visitor.visit_str(\"different_name\");\n     |                     ^^^^^^^^^ cannot infer type of the type parameter `E` declared on the method `visit_str`\n     |\n     = note: cannot satisfy `_: de::Error`\n     = help: the trait `de::Error` is implemented for `value::Error`\nnote: required by a bound in `de::Visitor::visit_str`\n    --> serde/src/de/mod.rs:1495:12\n     |\n1493 |     fn visit_str<E>(self, v: &str) -> Result<Self::Value, E>\n     |        --------- required by a bound in this associated function\n1494 |     where\n1495 |         E: Error,\n     |            ^^^^^ required by this bound in `Visitor::visit_str`\nhelp: consider specifying the generic argument\n     |\n2370 |     let _ = visitor.visit_str::<E>(\"different_name\");\n     |                              +++++\n\nFor more information about this error, try `rustc --explain E0283`.\nerror: could not compile `serde` (lib test) due to 2 previous errors\n"
                },
                {
                  "Err": "   Compiling proc-macro2 v1.0.95\n   Compiling syn v1.0.109\n   Compiling serde_derive v1.0.219 (/home/utgen/workspace/serde/serde_derive)\n   Compiling serde v1.0.219 (/home/utgen/workspace/serde/serde)\n   Compiling quote v1.0.40\n   Compiling syn v2.0.100\n   Compiling ntest_timeout v0.9.3\n   Compiling ntest_test_cases v0.9.3\n   Compiling ntest v0.9.3\nerror: unused import: `ntest::timeout`\n    --> serde/src/private/de.rs:2362:8\n     |\n2362 |    use ntest::timeout;\n     |        ^^^^^^^^^^^^^^\n     |\nnote: the lint level is defined here\n    --> serde/src/lib.rs:159:23\n     |\n159  | #![deny(missing_docs, unused_imports)]\n     |                       ^^^^^^^^^^^^^^\n\nerror[E0277]: `TagOrContent<'_>` doesn't implement `std::fmt::Debug`\n    --> serde/src/private/de.rs:2373:20\n     |\n2373 |     assert!(result.unwrap_err().is::<de::Error>());\n     |                    ^^^^^^^^^^ `TagOrContent<'_>` cannot be formatted using `{:?}`\n     |\n     = help: the trait `std::fmt::Debug` is not implemented for `TagOrContent<'_>`\n     = note: add `#[derive(Debug)]` to `TagOrContent<'_>` or manually `impl std::fmt::Debug for TagOrContent<'_>`\nnote: required by a bound in `Result::<T, E>::unwrap_err`\n    --> /rustc/5069856495870486134dd2ca0b0e2516308c5c2a/library/core/src/result.rs:1191:5\nhelp: consider annotating `TagOrContent<'_>` with `#[derive(Debug)]`\n     |\n541  +     #[derive(Debug)]\n542  |     pub enum TagOrContent<'de> {\n     |\n\nFor more information about this error, try `rustc --explain E0277`.\nerror: could not compile `serde` (lib test) due to 2 previous errors\n"
                }
              ],
              "repaired": [
                false,
                false
              ]
            }
          ]
        }
      ]
    },
    {
      "chain_id": 2,
      "prompt_conds": [
        "// constraint: value == self.name is false\n"
      ],
      "input_infer": "test input ranges: string length: 1-255 characters; string contents: any ASCII characters except the specific name value; ensure no empty strings or strings containing only whitespace\n",
      "answers": [
        {
          "uses": [],
          "has_test_mod": false,
          "common": [],
          "chain_tests": [
            {
              "attrs": [],
              "prefix": [
                "{",
                "    let visitor = TagOrContentVisitor { name: \"test\", value: PhantomData };",
                "    let _ = visitor.visit_str(\"a\");",
                "}"
              ],
              "oracles": [
                [
                  "    let visitor = TagOrContentVisitor { name: \"test\", value: PhantomData };",
                  "    let result = visitor.visit_str(\"a\");",
                  "    assert!(result.is_ok());"
                ],
                [
                  "    let visitor = TagOrContentVisitor { name: \"test\", value: PhantomData };",
                  "    let result = visitor.visit_str(\"a\");",
                  "    assert!(matches!(result.unwrap(), TagOrContent::Content(_)));"
                ]
              ],
              "codes": [
                [
                  "{",
                  "    let visitor = TagOrContentVisitor { name: \"test\", value: PhantomData };",
                  "    let _ = visitor.visit_str(\"a\");",
                  "    let visitor = TagOrContentVisitor { name: \"test\", value: PhantomData };",
                  "    let result = visitor.visit_str(\"a\");",
                  "    assert!(result.is_ok());",
                  "}"
                ],
                [
                  "{",
                  "    let visitor = TagOrContentVisitor { name: \"test\", value: PhantomData };",
                  "    let _ = visitor.visit_str(\"a\");",
                  "    let visitor = TagOrContentVisitor { name: \"test\", value: PhantomData };",
                  "    let result = visitor.visit_str(\"a\");",
                  "    assert!(matches!(result.unwrap(), TagOrContent::Content(_)));",
                  "}"
                ]
              ],
              "can_compile": [
                {
                  "Err": "   Compiling proc-macro2 v1.0.95\n   Compiling syn v1.0.109\n   Compiling serde_derive v1.0.219 (/home/utgen/workspace/serde/serde_derive)\n   Compiling serde v1.0.219 (/home/utgen/workspace/serde/serde)\n   Compiling quote v1.0.40\n   Compiling syn v2.0.100\n   Compiling ntest_test_cases v0.9.3\n   Compiling ntest_timeout v0.9.3\n   Compiling ntest v0.9.3\nerror: unused import: `ntest::timeout`\n    --> serde/src/private/de.rs:2362:8\n     |\n2362 |    use ntest::timeout;\n     |        ^^^^^^^^^^^^^^\n     |\nnote: the lint level is defined here\n    --> serde/src/lib.rs:159:23\n     |\n159  | #![deny(missing_docs, unused_imports)]\n     |                       ^^^^^^^^^^^^^^\n\nerror[E0283]: type annotations needed\n    --> serde/src/private/de.rs:2367:21\n     |\n2367 |     let _ = visitor.visit_str(\"a\");\n     |                     ^^^^^^^^^ cannot infer type of the type parameter `E` declared on the method `visit_str`\n     |\n     = note: cannot satisfy `_: de::Error`\n     = help: the trait `de::Error` is implemented for `value::Error`\nnote: required by a bound in `de::Visitor::visit_str`\n    --> serde/src/de/mod.rs:1495:12\n     |\n1493 |     fn visit_str<E>(self, v: &str) -> Result<Self::Value, E>\n     |        --------- required by a bound in this associated function\n1494 |     where\n1495 |         E: Error,\n     |            ^^^^^ required by this bound in `Visitor::visit_str`\nhelp: consider specifying the generic argument\n     |\n2367 |     let _ = visitor.visit_str::<E>(\"a\");\n     |                              +++++\n\nFor more information about this error, try `rustc --explain E0283`.\nerror: could not compile `serde` (lib test) due to 2 previous errors\n"
                },
                {
                  "Err": "   Compiling proc-macro2 v1.0.95\n   Compiling syn v1.0.109\n   Compiling serde_derive v1.0.219 (/home/utgen/workspace/serde/serde_derive)\n   Compiling serde v1.0.219 (/home/utgen/workspace/serde/serde)\n   Compiling quote v1.0.40\n   Compiling syn v2.0.100\n   Compiling ntest_test_cases v0.9.3\n   Compiling ntest_timeout v0.9.3\n   Compiling ntest v0.9.3\nerror: unused import: `ntest::timeout`\n    --> serde/src/private/de.rs:2362:8\n     |\n2362 |    use ntest::timeout;\n     |        ^^^^^^^^^^^^^^\n     |\nnote: the lint level is defined here\n    --> serde/src/lib.rs:159:23\n     |\n159  | #![deny(missing_docs, unused_imports)]\n     |                       ^^^^^^^^^^^^^^\n\nerror[E0283]: type annotations needed\n    --> serde/src/private/de.rs:2367:21\n     |\n2367 |     let _ = visitor.visit_str(\"a\");\n     |                     ^^^^^^^^^ cannot infer type of the type parameter `E` declared on the method `visit_str`\n     |\n     = note: cannot satisfy `_: de::Error`\n     = help: the trait `de::Error` is implemented for `value::Error`\nnote: required by a bound in `de::Visitor::visit_str`\n    --> serde/src/de/mod.rs:1495:12\n     |\n1493 |     fn visit_str<E>(self, v: &str) -> Result<Self::Value, E>\n     |        --------- required by a bound in this associated function\n1494 |     where\n1495 |         E: Error,\n     |            ^^^^^ required by this bound in `Visitor::visit_str`\nhelp: consider specifying the generic argument\n     |\n2367 |     let _ = visitor.visit_str::<E>(\"a\");\n     |                              +++++\n\nFor more information about this error, try `rustc --explain E0283`.\nerror: could not compile `serde` (lib test) due to 2 previous errors\n"
                }
              ],
              "repaired": [
                false,
                false
              ]
            },
            {
              "attrs": [],
              "prefix": [
                "{",
                "    let visitor = TagOrContentVisitor { name: \"test\", value: PhantomData };",
                "    let _ = visitor.visit_str(\"ab\");",
                "}"
              ],
              "oracles": [
                [
                  "    let visitor = TagOrContentVisitor { name: \"test\", value: PhantomData };",
                  "    let result = visitor.visit_str(\"ab\");",
                  "    assert!(result.is_ok());"
                ],
                [
                  "    let visitor = TagOrContentVisitor { name: \"test\", value: PhantomData };",
                  "    let result = visitor.visit_str(\"ab\");",
                  "    assert!(matches!(result.unwrap(), TagOrContent::Content(_)));"
                ]
              ],
              "codes": [
                [
                  "{",
                  "    let visitor = TagOrContentVisitor { name: \"test\", value: PhantomData };",
                  "    let _ = visitor.visit_str(\"ab\");",
                  "    let visitor = TagOrContentVisitor { name: \"test\", value: PhantomData };",
                  "    let result = visitor.visit_str(\"ab\");",
                  "    assert!(result.is_ok());",
                  "}"
                ],
                [
                  "{",
                  "    let visitor = TagOrContentVisitor { name: \"test\", value: PhantomData };",
                  "    let _ = visitor.visit_str(\"ab\");",
                  "    let visitor = TagOrContentVisitor { name: \"test\", value: PhantomData };",
                  "    let result = visitor.visit_str(\"ab\");",
                  "    assert!(matches!(result.unwrap(), TagOrContent::Content(_)));",
                  "}"
                ]
              ],
              "can_compile": [
                {
                  "Err": "   Compiling proc-macro2 v1.0.95\n   Compiling syn v1.0.109\n   Compiling serde_derive v1.0.219 (/home/utgen/workspace/serde/serde_derive)\n   Compiling serde v1.0.219 (/home/utgen/workspace/serde/serde)\n   Compiling quote v1.0.40\n   Compiling syn v2.0.100\n   Compiling ntest_test_cases v0.9.3\n   Compiling ntest_timeout v0.9.3\n   Compiling ntest v0.9.3\nerror: unused import: `ntest::timeout`\n    --> serde/src/private/de.rs:2362:8\n     |\n2362 |    use ntest::timeout;\n     |        ^^^^^^^^^^^^^^\n     |\nnote: the lint level is defined here\n    --> serde/src/lib.rs:159:23\n     |\n159  | #![deny(missing_docs, unused_imports)]\n     |                       ^^^^^^^^^^^^^^\n\nerror[E0283]: type annotations needed\n    --> serde/src/private/de.rs:2367:21\n     |\n2367 |     let _ = visitor.visit_str(\"ab\");\n     |                     ^^^^^^^^^ cannot infer type of the type parameter `E` declared on the method `visit_str`\n     |\n     = note: cannot satisfy `_: de::Error`\n     = help: the trait `de::Error` is implemented for `value::Error`\nnote: required by a bound in `de::Visitor::visit_str`\n    --> serde/src/de/mod.rs:1495:12\n     |\n1493 |     fn visit_str<E>(self, v: &str) -> Result<Self::Value, E>\n     |        --------- required by a bound in this associated function\n1494 |     where\n1495 |         E: Error,\n     |            ^^^^^ required by this bound in `Visitor::visit_str`\nhelp: consider specifying the generic argument\n     |\n2367 |     let _ = visitor.visit_str::<E>(\"ab\");\n     |                              +++++\n\nFor more information about this error, try `rustc --explain E0283`.\nerror: could not compile `serde` (lib test) due to 2 previous errors\n"
                },
                {
                  "Err": "   Compiling proc-macro2 v1.0.95\n   Compiling syn v1.0.109\n   Compiling serde_derive v1.0.219 (/home/utgen/workspace/serde/serde_derive)\n   Compiling serde v1.0.219 (/home/utgen/workspace/serde/serde)\n   Compiling quote v1.0.40\n   Compiling syn v2.0.100\n   Compiling ntest_timeout v0.9.3\n   Compiling ntest_test_cases v0.9.3\n   Compiling ntest v0.9.3\nerror: unused import: `ntest::timeout`\n    --> serde/src/private/de.rs:2362:8\n     |\n2362 |    use ntest::timeout;\n     |        ^^^^^^^^^^^^^^\n     |\nnote: the lint level is defined here\n    --> serde/src/lib.rs:159:23\n     |\n159  | #![deny(missing_docs, unused_imports)]\n     |                       ^^^^^^^^^^^^^^\n\nerror[E0283]: type annotations needed\n    --> serde/src/private/de.rs:2367:21\n     |\n2367 |     let _ = visitor.visit_str(\"ab\");\n     |                     ^^^^^^^^^ cannot infer type of the type parameter `E` declared on the method `visit_str`\n     |\n     = note: cannot satisfy `_: de::Error`\n     = help: the trait `de::Error` is implemented for `value::Error`\nnote: required by a bound in `de::Visitor::visit_str`\n    --> serde/src/de/mod.rs:1495:12\n     |\n1493 |     fn visit_str<E>(self, v: &str) -> Result<Self::Value, E>\n     |        --------- required by a bound in this associated function\n1494 |     where\n1495 |         E: Error,\n     |            ^^^^^ required by this bound in `Visitor::visit_str`\nhelp: consider specifying the generic argument\n     |\n2367 |     let _ = visitor.visit_str::<E>(\"ab\");\n     |                              +++++\n\nFor more information about this error, try `rustc --explain E0283`.\nerror: could not compile `serde` (lib test) due to 2 previous errors\n"
                }
              ],
              "repaired": [
                false,
                false
              ]
            },
            {
              "attrs": [],
              "prefix": [
                "{",
                "    let visitor = TagOrContentVisitor { name: \"test\", value: PhantomData };",
                "    let _ = visitor.visit_str(\"a\".repeat(255).as_str());",
                "}"
              ],
              "oracles": [
                [
                  "    let visitor = TagOrContentVisitor { name: \"test\", value: PhantomData };",
                  "    let result = visitor.visit_str(\"a\".repeat(255).as_str());",
                  "    assert!(result.is_ok());"
                ],
                [
                  "    let visitor = TagOrContentVisitor { name: \"test\", value: PhantomData };",
                  "    let result = visitor.visit_str(\"a\".repeat(255).as_str());",
                  "    assert_eq!(result.unwrap(), TagOrContent::Content(Content::Str(\"a\".repeat(255).as_str())));"
                ]
              ],
              "codes": [
                [
                  "{",
                  "    let visitor = TagOrContentVisitor { name: \"test\", value: PhantomData };",
                  "    let _ = visitor.visit_str(\"a\".repeat(255).as_str());",
                  "    let visitor = TagOrContentVisitor { name: \"test\", value: PhantomData };",
                  "    let result = visitor.visit_str(\"a\".repeat(255).as_str());",
                  "    assert!(result.is_ok());",
                  "}"
                ],
                [
                  "{",
                  "    let visitor = TagOrContentVisitor { name: \"test\", value: PhantomData };",
                  "    let _ = visitor.visit_str(\"a\".repeat(255).as_str());",
                  "    let visitor = TagOrContentVisitor { name: \"test\", value: PhantomData };",
                  "    let result = visitor.visit_str(\"a\".repeat(255).as_str());",
                  "    assert_eq!(result.unwrap(), TagOrContent::Content(Content::Str(\"a\".repeat(255).as_str())));",
                  "}"
                ]
              ],
              "can_compile": [
                {
                  "Err": "   Compiling proc-macro2 v1.0.95\n   Compiling syn v1.0.109\n   Compiling serde_derive v1.0.219 (/home/utgen/workspace/serde/serde_derive)\n   Compiling serde v1.0.219 (/home/utgen/workspace/serde/serde)\n   Compiling quote v1.0.40\n   Compiling syn v2.0.100\n   Compiling ntest_timeout v0.9.3\n   Compiling ntest_test_cases v0.9.3\n   Compiling ntest v0.9.3\nerror: unused import: `ntest::timeout`\n    --> serde/src/private/de.rs:2362:8\n     |\n2362 |    use ntest::timeout;\n     |        ^^^^^^^^^^^^^^\n     |\nnote: the lint level is defined here\n    --> serde/src/lib.rs:159:23\n     |\n159  | #![deny(missing_docs, unused_imports)]\n     |                       ^^^^^^^^^^^^^^\n\nerror[E0283]: type annotations needed\n    --> serde/src/private/de.rs:2367:21\n     |\n2367 |     let _ = visitor.visit_str(\"a\".repeat(255).as_str());\n     |                     ^^^^^^^^^ cannot infer type of the type parameter `E` declared on the method `visit_str`\n     |\n     = note: cannot satisfy `_: de::Error`\n     = help: the trait `de::Error` is implemented for `value::Error`\nnote: required by a bound in `de::Visitor::visit_str`\n    --> serde/src/de/mod.rs:1495:12\n     |\n1493 |     fn visit_str<E>(self, v: &str) -> Result<Self::Value, E>\n     |        --------- required by a bound in this associated function\n1494 |     where\n1495 |         E: Error,\n     |            ^^^^^ required by this bound in `Visitor::visit_str`\nhelp: consider specifying the generic argument\n     |\n2367 |     let _ = visitor.visit_str::<E>(\"a\".repeat(255).as_str());\n     |                              +++++\n\nFor more information about this error, try `rustc --explain E0283`.\nerror: could not compile `serde` (lib test) due to 2 previous errors\n"
                },
                {
                  "Err": "   Compiling proc-macro2 v1.0.95\n   Compiling syn v1.0.109\n   Compiling serde_derive v1.0.219 (/home/utgen/workspace/serde/serde_derive)\n   Compiling serde v1.0.219 (/home/utgen/workspace/serde/serde)\n   Compiling quote v1.0.40\n   Compiling syn v2.0.100\n   Compiling ntest_timeout v0.9.3\n   Compiling ntest_test_cases v0.9.3\n   Compiling ntest v0.9.3\nerror: unused import: `ntest::timeout`\n    --> serde/src/private/de.rs:2362:8\n     |\n2362 |    use ntest::timeout;\n     |        ^^^^^^^^^^^^^^\n     |\nnote: the lint level is defined here\n    --> serde/src/lib.rs:159:23\n     |\n159  | #![deny(missing_docs, unused_imports)]\n     |                       ^^^^^^^^^^^^^^\n\nerror[E0369]: binary operation `==` cannot be applied to type `__private::de::content::TagOrContent<'_>`\n    --> serde/src/private/de.rs:2370:5\n     |\n2370 |     assert_eq!(result.unwrap(), TagOrContent::Content(Content::Str(\"a\".repeat(255).as_str())));\n     |     ^^^^^^^^^^^^^^^^^^^^^^^^^^^^^^^^^^^^^^^^^^^^^^^^^^^^^^^^^^^^^^^^^^^^^^^^^^^^^^^^^^^^^^^^^^\n     |     |\n     |     __private::de::content::TagOrContent<'_>\n     |     __private::de::content::TagOrContent<'_>\n     |\nnote: an implementation of `PartialEq<__private::de::content::TagOrContent<'_>>` might be missing for `__private::de::content::TagOrContent<'_>`\n    --> serde/src/private/de.rs:541:5\n     |\n541  |     pub enum TagOrContent<'de> {\n     |     ^^^^^^^^^^^^^^^^^^^^^^^^^^ must implement `PartialEq<__private::de::content::TagOrContent<'_>>`\n     = note: this error originates in the macro `assert_eq` (in Nightly builds, run with -Z macro-backtrace for more info)\nhelp: consider annotating `__private::de::content::TagOrContent<'_>` with `#[derive(PartialEq)]`\n     |\n541  +     #[derive(PartialEq)]\n542  |     pub enum TagOrContent<'de> {\n     |\n\nerror[E0277]: `__private::de::content::TagOrContent<'_>` doesn't implement `std::fmt::Debug`\n    --> serde/src/private/de.rs:2370:5\n     |\n2370 |     assert_eq!(result.unwrap(), TagOrContent::Content(Content::Str(\"a\".repeat(255).as_str())));\n     |     ^^^^^^^^^^^^^^^^^^^^^^^^^^^^^^^^^^^^^^^^^^^^^^^^^^^^^^^^^^^^^^^^^^^^^^^^^^^^^^^^^^^^^^^^^^ `__private::de::content::TagOrContent<'_>` cannot be formatted using `{:?}`\n     |\n     = help: the trait `std::fmt::Debug` is not implemented for `__private::de::content::TagOrContent<'_>`\n     = note: add `#[derive(Debug)]` to `__private::de::content::TagOrContent<'_>` or manually `impl std::fmt::Debug for __private::de::content::TagOrContent<'_>`\n     = note: this error originates in the macro `assert_eq` (in Nightly builds, run with -Z macro-backtrace for more info)\nhelp: consider annotating `__private::de::content::TagOrContent<'_>` with `#[derive(Debug)]`\n     |\n541  +     #[derive(Debug)]\n542  |     pub enum TagOrContent<'de> {\n     |\n\nSome errors have detailed explanations: E0277, E0369.\nFor more information about an error, try `rustc --explain E0277`.\nerror: could not compile `serde` (lib test) due to 4 previous errors\n"
                }
              ],
              "repaired": [
                false,
                false
              ]
            },
            {
              "attrs": [],
              "prefix": [
                "{",
                "    let visitor = TagOrContentVisitor { name: \"test\", value: PhantomData };",
                "    let _ = visitor.visit_str(\"hello_world\");",
                "}"
              ],
              "oracles": [
                [
                  "    let visitor = TagOrContentVisitor { name: \"test\", value: PhantomData };",
                  "    let result = visitor.visit_str(\"hello_world\");",
                  "    assert!(result.is_ok());"
                ],
                [
                  "    let visitor = TagOrContentVisitor { name: \"test\", value: PhantomData };",
                  "    let result = visitor.visit_str(\"hello_world\");",
                  "    assert_eq!(result.unwrap(), TagOrContent::Content(Content::Str(\"hello_world\")));"
                ]
              ],
              "codes": [
                [
                  "{",
                  "    let visitor = TagOrContentVisitor { name: \"test\", value: PhantomData };",
                  "    let _ = visitor.visit_str(\"hello_world\");",
                  "    let visitor = TagOrContentVisitor { name: \"test\", value: PhantomData };",
                  "    let result = visitor.visit_str(\"hello_world\");",
                  "    assert!(result.is_ok());",
                  "}"
                ],
                [
                  "{",
                  "    let visitor = TagOrContentVisitor { name: \"test\", value: PhantomData };",
                  "    let _ = visitor.visit_str(\"hello_world\");",
                  "    let visitor = TagOrContentVisitor { name: \"test\", value: PhantomData };",
                  "    let result = visitor.visit_str(\"hello_world\");",
                  "    assert_eq!(result.unwrap(), TagOrContent::Content(Content::Str(\"hello_world\")));",
                  "}"
                ]
              ],
              "can_compile": [
                {
                  "Err": "   Compiling proc-macro2 v1.0.95\n   Compiling syn v1.0.109\n   Compiling serde_derive v1.0.219 (/home/utgen/workspace/serde/serde_derive)\n   Compiling serde v1.0.219 (/home/utgen/workspace/serde/serde)\n   Compiling quote v1.0.40\n   Compiling syn v2.0.100\n   Compiling ntest_test_cases v0.9.3\n   Compiling ntest_timeout v0.9.3\n   Compiling ntest v0.9.3\nerror: unused import: `ntest::timeout`\n    --> serde/src/private/de.rs:2362:8\n     |\n2362 |    use ntest::timeout;\n     |        ^^^^^^^^^^^^^^\n     |\nnote: the lint level is defined here\n    --> serde/src/lib.rs:159:23\n     |\n159  | #![deny(missing_docs, unused_imports)]\n     |                       ^^^^^^^^^^^^^^\n\nerror[E0283]: type annotations needed\n    --> serde/src/private/de.rs:2367:21\n     |\n2367 |     let _ = visitor.visit_str(\"hello_world\");\n     |                     ^^^^^^^^^ cannot infer type of the type parameter `E` declared on the method `visit_str`\n     |\n     = note: cannot satisfy `_: de::Error`\n     = help: the trait `de::Error` is implemented for `value::Error`\nnote: required by a bound in `de::Visitor::visit_str`\n    --> serde/src/de/mod.rs:1495:12\n     |\n1493 |     fn visit_str<E>(self, v: &str) -> Result<Self::Value, E>\n     |        --------- required by a bound in this associated function\n1494 |     where\n1495 |         E: Error,\n     |            ^^^^^ required by this bound in `Visitor::visit_str`\nhelp: consider specifying the generic argument\n     |\n2367 |     let _ = visitor.visit_str::<E>(\"hello_world\");\n     |                              +++++\n\nFor more information about this error, try `rustc --explain E0283`.\nerror: could not compile `serde` (lib test) due to 2 previous errors\n"
                },
                {
                  "Err": "   Compiling proc-macro2 v1.0.95\n   Compiling syn v1.0.109\n   Compiling serde_derive v1.0.219 (/home/utgen/workspace/serde/serde_derive)\n   Compiling serde v1.0.219 (/home/utgen/workspace/serde/serde)\n   Compiling quote v1.0.40\n   Compiling syn v2.0.100\n   Compiling ntest_timeout v0.9.3\n   Compiling ntest_test_cases v0.9.3\n   Compiling ntest v0.9.3\nerror: unused import: `ntest::timeout`\n    --> serde/src/private/de.rs:2362:8\n     |\n2362 |    use ntest::timeout;\n     |        ^^^^^^^^^^^^^^\n     |\nnote: the lint level is defined here\n    --> serde/src/lib.rs:159:23\n     |\n159  | #![deny(missing_docs, unused_imports)]\n     |                       ^^^^^^^^^^^^^^\n\nerror[E0369]: binary operation `==` cannot be applied to type `__private::de::content::TagOrContent<'_>`\n    --> serde/src/private/de.rs:2370:5\n     |\n2370 |     assert_eq!(result.unwrap(), TagOrContent::Content(Content::Str(\"hello_world\")));\n     |     ^^^^^^^^^^^^^^^^^^^^^^^^^^^^^^^^^^^^^^^^^^^^^^^^^^^^^^^^^^^^^^^^^^^^^^^^^^^^^^^\n     |     |\n     |     __private::de::content::TagOrContent<'_>\n     |     __private::de::content::TagOrContent<'_>\n     |\nnote: an implementation of `PartialEq<__private::de::content::TagOrContent<'_>>` might be missing for `__private::de::content::TagOrContent<'_>`\n    --> serde/src/private/de.rs:541:5\n     |\n541  |     pub enum TagOrContent<'de> {\n     |     ^^^^^^^^^^^^^^^^^^^^^^^^^^ must implement `PartialEq<__private::de::content::TagOrContent<'_>>`\n     = note: this error originates in the macro `assert_eq` (in Nightly builds, run with -Z macro-backtrace for more info)\nhelp: consider annotating `__private::de::content::TagOrContent<'_>` with `#[derive(PartialEq)]`\n     |\n541  +     #[derive(PartialEq)]\n542  |     pub enum TagOrContent<'de> {\n     |\n\nerror[E0277]: `__private::de::content::TagOrContent<'_>` doesn't implement `std::fmt::Debug`\n    --> serde/src/private/de.rs:2370:5\n     |\n2370 |     assert_eq!(result.unwrap(), TagOrContent::Content(Content::Str(\"hello_world\")));\n     |     ^^^^^^^^^^^^^^^^^^^^^^^^^^^^^^^^^^^^^^^^^^^^^^^^^^^^^^^^^^^^^^^^^^^^^^^^^^^^^^^ `__private::de::content::TagOrContent<'_>` cannot be formatted using `{:?}`\n     |\n     = help: the trait `std::fmt::Debug` is not implemented for `__private::de::content::TagOrContent<'_>`\n     = note: add `#[derive(Debug)]` to `__private::de::content::TagOrContent<'_>` or manually `impl std::fmt::Debug for __private::de::content::TagOrContent<'_>`\n     = note: this error originates in the macro `assert_eq` (in Nightly builds, run with -Z macro-backtrace for more info)\nhelp: consider annotating `__private::de::content::TagOrContent<'_>` with `#[derive(Debug)]`\n     |\n541  +     #[derive(Debug)]\n542  |     pub enum TagOrContent<'de> {\n     |\n\nSome errors have detailed explanations: E0277, E0369.\nFor more information about an error, try `rustc --explain E0277`.\nerror: could not compile `serde` (lib test) due to 4 previous errors\n"
                }
              ],
              "repaired": [
                false,
                false
              ]
            },
            {
              "attrs": [],
              "prefix": [
                "{",
                "    let visitor = TagOrContentVisitor { name: \"test\", value: PhantomData };",
                "    let _ = visitor.visit_str(\"!@#$%^&*()_+\");",
                "}"
              ],
              "oracles": [
                [
                  "    let visitor = TagOrContentVisitor { name: \"test\", value: PhantomData };",
                  "    let result = visitor.visit_str(\"!@#$%^&*()_+\");",
                  "    assert!(result.is_ok());"
                ],
                [
                  "    let visitor = TagOrContentVisitor { name: \"test\", value: PhantomData };",
                  "    let result = visitor.visit_str(\"!@#$%^&*()_+\");",
                  "    assert_eq!(result.unwrap(), TagOrContent::Content(Content::Str(\"!@#$%^&*()_+\")));"
                ]
              ],
              "codes": [
                [
                  "{",
                  "    let visitor = TagOrContentVisitor { name: \"test\", value: PhantomData };",
                  "    let _ = visitor.visit_str(\"!@#$%^&*()_+\");",
                  "    let visitor = TagOrContentVisitor { name: \"test\", value: PhantomData };",
                  "    let result = visitor.visit_str(\"!@#$%^&*()_+\");",
                  "    assert!(result.is_ok());",
                  "}"
                ],
                [
                  "{",
                  "    let visitor = TagOrContentVisitor { name: \"test\", value: PhantomData };",
                  "    let _ = visitor.visit_str(\"!@#$%^&*()_+\");",
                  "    let visitor = TagOrContentVisitor { name: \"test\", value: PhantomData };",
                  "    let result = visitor.visit_str(\"!@#$%^&*()_+\");",
                  "    assert_eq!(result.unwrap(), TagOrContent::Content(Content::Str(\"!@#$%^&*()_+\")));",
                  "}"
                ]
              ],
              "can_compile": [
                {
                  "Err": "   Compiling proc-macro2 v1.0.95\n   Compiling syn v1.0.109\n   Compiling serde_derive v1.0.219 (/home/utgen/workspace/serde/serde_derive)\n   Compiling serde v1.0.219 (/home/utgen/workspace/serde/serde)\n   Compiling quote v1.0.40\n   Compiling syn v2.0.100\n   Compiling ntest_timeout v0.9.3\n   Compiling ntest_test_cases v0.9.3\n   Compiling ntest v0.9.3\nerror: unused import: `ntest::timeout`\n    --> serde/src/private/de.rs:2362:8\n     |\n2362 |    use ntest::timeout;\n     |        ^^^^^^^^^^^^^^\n     |\nnote: the lint level is defined here\n    --> serde/src/lib.rs:159:23\n     |\n159  | #![deny(missing_docs, unused_imports)]\n     |                       ^^^^^^^^^^^^^^\n\nerror[E0283]: type annotations needed\n    --> serde/src/private/de.rs:2367:21\n     |\n2367 |     let _ = visitor.visit_str(\"!@#$%^&*()_+\");\n     |                     ^^^^^^^^^ cannot infer type of the type parameter `E` declared on the method `visit_str`\n     |\n     = note: cannot satisfy `_: de::Error`\n     = help: the trait `de::Error` is implemented for `value::Error`\nnote: required by a bound in `de::Visitor::visit_str`\n    --> serde/src/de/mod.rs:1495:12\n     |\n1493 |     fn visit_str<E>(self, v: &str) -> Result<Self::Value, E>\n     |        --------- required by a bound in this associated function\n1494 |     where\n1495 |         E: Error,\n     |            ^^^^^ required by this bound in `Visitor::visit_str`\nhelp: consider specifying the generic argument\n     |\n2367 |     let _ = visitor.visit_str::<E>(\"!@#$%^&*()_+\");\n     |                              +++++\n\nFor more information about this error, try `rustc --explain E0283`.\nerror: could not compile `serde` (lib test) due to 2 previous errors\n"
                },
                {
                  "Err": "   Compiling proc-macro2 v1.0.95\n   Compiling syn v1.0.109\n   Compiling serde_derive v1.0.219 (/home/utgen/workspace/serde/serde_derive)\n   Compiling serde v1.0.219 (/home/utgen/workspace/serde/serde)\n   Compiling quote v1.0.40\n   Compiling syn v2.0.100\n   Compiling ntest_timeout v0.9.3\n   Compiling ntest_test_cases v0.9.3\n   Compiling ntest v0.9.3\nerror: unused import: `ntest::timeout`\n    --> serde/src/private/de.rs:2362:8\n     |\n2362 |    use ntest::timeout;\n     |        ^^^^^^^^^^^^^^\n     |\nnote: the lint level is defined here\n    --> serde/src/lib.rs:159:23\n     |\n159  | #![deny(missing_docs, unused_imports)]\n     |                       ^^^^^^^^^^^^^^\n\nerror[E0369]: binary operation `==` cannot be applied to type `__private::de::content::TagOrContent<'_>`\n    --> serde/src/private/de.rs:2370:5\n     |\n2370 |     assert_eq!(result.unwrap(), TagOrContent::Content(Content::Str(\"!@#$%^&*()_+\")));\n     |     ^^^^^^^^^^^^^^^^^^^^^^^^^^^^^^^^^^^^^^^^^^^^^^^^^^^^^^^^^^^^^^^^^^^^^^^^^^^^^^^^\n     |     |\n     |     __private::de::content::TagOrContent<'_>\n     |     __private::de::content::TagOrContent<'_>\n     |\nnote: an implementation of `PartialEq<__private::de::content::TagOrContent<'_>>` might be missing for `__private::de::content::TagOrContent<'_>`\n    --> serde/src/private/de.rs:541:5\n     |\n541  |     pub enum TagOrContent<'de> {\n     |     ^^^^^^^^^^^^^^^^^^^^^^^^^^ must implement `PartialEq<__private::de::content::TagOrContent<'_>>`\n     = note: this error originates in the macro `assert_eq` (in Nightly builds, run with -Z macro-backtrace for more info)\nhelp: consider annotating `__private::de::content::TagOrContent<'_>` with `#[derive(PartialEq)]`\n     |\n541  +     #[derive(PartialEq)]\n542  |     pub enum TagOrContent<'de> {\n     |\n\nerror[E0277]: `__private::de::content::TagOrContent<'_>` doesn't implement `std::fmt::Debug`\n    --> serde/src/private/de.rs:2370:5\n     |\n2370 |     assert_eq!(result.unwrap(), TagOrContent::Content(Content::Str(\"!@#$%^&*()_+\")));\n     |     ^^^^^^^^^^^^^^^^^^^^^^^^^^^^^^^^^^^^^^^^^^^^^^^^^^^^^^^^^^^^^^^^^^^^^^^^^^^^^^^^ `__private::de::content::TagOrContent<'_>` cannot be formatted using `{:?}`\n     |\n     = help: the trait `std::fmt::Debug` is not implemented for `__private::de::content::TagOrContent<'_>`\n     = note: add `#[derive(Debug)]` to `__private::de::content::TagOrContent<'_>` or manually `impl std::fmt::Debug for __private::de::content::TagOrContent<'_>`\n     = note: this error originates in the macro `assert_eq` (in Nightly builds, run with -Z macro-backtrace for more info)\nhelp: consider annotating `__private::de::content::TagOrContent<'_>` with `#[derive(Debug)]`\n     |\n541  +     #[derive(Debug)]\n542  |     pub enum TagOrContent<'de> {\n     |\n\nSome errors have detailed explanations: E0277, E0369.\nFor more information about an error, try `rustc --explain E0277`.\nerror: could not compile `serde` (lib test) due to 4 previous errors\n"
                }
              ],
              "repaired": [
                false,
                false
              ]
            },
            {
              "attrs": [],
              "prefix": [
                "{",
                "    let visitor = TagOrContentVisitor { name: \"test\", value: PhantomData };",
                "    let _ = visitor.visit_str(\"TeSt\");",
                "}"
              ],
              "oracles": [
                [
                  "    let visitor = TagOrContentVisitor { name: \"test\", value: PhantomData };",
                  "    let result = visitor.visit_str(\"TeSt\");",
                  "    assert!(result.is_ok());"
                ],
                [
                  "    let visitor = TagOrContentVisitor { name: \"test\", value: PhantomData };",
                  "    let result = visitor.visit_str(\"TeSt\");",
                  "    assert!(matches!(result.unwrap(), TagOrContent::Content(_)));"
                ]
              ],
              "codes": [
                [
                  "{",
                  "    let visitor = TagOrContentVisitor { name: \"test\", value: PhantomData };",
                  "    let _ = visitor.visit_str(\"TeSt\");",
                  "    let visitor = TagOrContentVisitor { name: \"test\", value: PhantomData };",
                  "    let result = visitor.visit_str(\"TeSt\");",
                  "    assert!(result.is_ok());",
                  "}"
                ],
                [
                  "{",
                  "    let visitor = TagOrContentVisitor { name: \"test\", value: PhantomData };",
                  "    let _ = visitor.visit_str(\"TeSt\");",
                  "    let visitor = TagOrContentVisitor { name: \"test\", value: PhantomData };",
                  "    let result = visitor.visit_str(\"TeSt\");",
                  "    assert!(matches!(result.unwrap(), TagOrContent::Content(_)));",
                  "}"
                ]
              ],
              "can_compile": [
                {
                  "Err": "   Compiling proc-macro2 v1.0.95\n   Compiling syn v1.0.109\n   Compiling serde_derive v1.0.219 (/home/utgen/workspace/serde/serde_derive)\n   Compiling serde v1.0.219 (/home/utgen/workspace/serde/serde)\n   Compiling quote v1.0.40\n   Compiling syn v2.0.100\n   Compiling ntest_timeout v0.9.3\n   Compiling ntest_test_cases v0.9.3\n   Compiling ntest v0.9.3\nerror: unused import: `ntest::timeout`\n    --> serde/src/private/de.rs:2362:8\n     |\n2362 |    use ntest::timeout;\n     |        ^^^^^^^^^^^^^^\n     |\nnote: the lint level is defined here\n    --> serde/src/lib.rs:159:23\n     |\n159  | #![deny(missing_docs, unused_imports)]\n     |                       ^^^^^^^^^^^^^^\n\nerror[E0283]: type annotations needed\n    --> serde/src/private/de.rs:2367:21\n     |\n2367 |     let _ = visitor.visit_str(\"TeSt\");\n     |                     ^^^^^^^^^ cannot infer type of the type parameter `E` declared on the method `visit_str`\n     |\n     = note: cannot satisfy `_: de::Error`\n     = help: the trait `de::Error` is implemented for `value::Error`\nnote: required by a bound in `de::Visitor::visit_str`\n    --> serde/src/de/mod.rs:1495:12\n     |\n1493 |     fn visit_str<E>(self, v: &str) -> Result<Self::Value, E>\n     |        --------- required by a bound in this associated function\n1494 |     where\n1495 |         E: Error,\n     |            ^^^^^ required by this bound in `Visitor::visit_str`\nhelp: consider specifying the generic argument\n     |\n2367 |     let _ = visitor.visit_str::<E>(\"TeSt\");\n     |                              +++++\n\nFor more information about this error, try `rustc --explain E0283`.\nerror: could not compile `serde` (lib test) due to 2 previous errors\n"
                },
                {
                  "Err": "   Compiling proc-macro2 v1.0.95\n   Compiling syn v1.0.109\n   Compiling serde_derive v1.0.219 (/home/utgen/workspace/serde/serde_derive)\n   Compiling serde v1.0.219 (/home/utgen/workspace/serde/serde)\n   Compiling quote v1.0.40\n   Compiling syn v2.0.100\n   Compiling ntest_test_cases v0.9.3\n   Compiling ntest_timeout v0.9.3\n   Compiling ntest v0.9.3\nerror: unused import: `ntest::timeout`\n    --> serde/src/private/de.rs:2362:8\n     |\n2362 |    use ntest::timeout;\n     |        ^^^^^^^^^^^^^^\n     |\nnote: the lint level is defined here\n    --> serde/src/lib.rs:159:23\n     |\n159  | #![deny(missing_docs, unused_imports)]\n     |                       ^^^^^^^^^^^^^^\n\nerror[E0283]: type annotations needed\n    --> serde/src/private/de.rs:2367:21\n     |\n2367 |     let _ = visitor.visit_str(\"TeSt\");\n     |                     ^^^^^^^^^ cannot infer type of the type parameter `E` declared on the method `visit_str`\n     |\n     = note: cannot satisfy `_: de::Error`\n     = help: the trait `de::Error` is implemented for `value::Error`\nnote: required by a bound in `de::Visitor::visit_str`\n    --> serde/src/de/mod.rs:1495:12\n     |\n1493 |     fn visit_str<E>(self, v: &str) -> Result<Self::Value, E>\n     |        --------- required by a bound in this associated function\n1494 |     where\n1495 |         E: Error,\n     |            ^^^^^ required by this bound in `Visitor::visit_str`\nhelp: consider specifying the generic argument\n     |\n2367 |     let _ = visitor.visit_str::<E>(\"TeSt\");\n     |                              +++++\n\nFor more information about this error, try `rustc --explain E0283`.\nerror: could not compile `serde` (lib test) due to 2 previous errors\n"
                }
              ],
              "repaired": [
                false,
                false
              ]
            },
            {
              "attrs": [],
              "prefix": [
                "{",
                "    let visitor = TagOrContentVisitor { name: \"test\", value: PhantomData };",
                "    let _ = visitor.visit_str(\"this_is_a_very_very_long_string_that_is_definitely_more_than_five_hundred_characters_this_is_a_test_for_the_input_string_to_see_if_the_function_handles_long_strings_correctly_do_not_fear_the_long_length_as_it_will_pass_through_safely_while_staying_within_the_255_character_limit\");",
                "}"
              ],
              "oracles": [
                [
                  "    let visitor = TagOrContentVisitor { name: \"test\", value: PhantomData };",
                  "    let result = visitor.visit_str(\"this_is_a_very_very_long_string_that_is_definitely_more_than_five_hundred_characters_this_is_a_test_for_the_input_string_to_see_if_the_function_handles_long_strings_correctly_do_not_fear_the_long_length_as_it_will_pass_through_safely_while_staying_within_the_255_character_limit\");",
                  "    assert!(result.is_ok());"
                ],
                [
                  "    let visitor = TagOrContentVisitor { name: \"test\", value: PhantomData };",
                  "    let result = visitor.visit_str(\"this_is_a_very_very_long_string_that_is_definitely_more_than_five_hundred_characters_this_is_a_test_for_the_input_string_to_see_if_the_function_handles_long_strings_correctly_do_not_fear_the_long_length_as_it_will_pass_through_safely_while_staying_within_the_255_character_limit\");",
                  "    assert_eq!(result.unwrap(), TagOrContent::Content(Content::Str(\"this_is_a_very_very_long_string_that_is_definitely_more_than_five_hundred_characters_this_is_a_test_for_the_input_string_to_see_if_the_function_handles_long_strings_correctly_do_not_fear_the_long_length_as_it_will_pass_through_safely_while_staying_within_the_255_character_limit\")));"
                ]
              ],
              "codes": [
                [
                  "{",
                  "    let visitor = TagOrContentVisitor { name: \"test\", value: PhantomData };",
                  "    let _ = visitor.visit_str(\"this_is_a_very_very_long_string_that_is_definitely_more_than_five_hundred_characters_this_is_a_test_for_the_input_string_to_see_if_the_function_handles_long_strings_correctly_do_not_fear_the_long_length_as_it_will_pass_through_safely_while_staying_within_the_255_character_limit\");",
                  "    let visitor = TagOrContentVisitor { name: \"test\", value: PhantomData };",
                  "    let result = visitor.visit_str(\"this_is_a_very_very_long_string_that_is_definitely_more_than_five_hundred_characters_this_is_a_test_for_the_input_string_to_see_if_the_function_handles_long_strings_correctly_do_not_fear_the_long_length_as_it_will_pass_through_safely_while_staying_within_the_255_character_limit\");",
                  "    assert!(result.is_ok());",
                  "}"
                ],
                [
                  "{",
                  "    let visitor = TagOrContentVisitor { name: \"test\", value: PhantomData };",
                  "    let _ = visitor.visit_str(\"this_is_a_very_very_long_string_that_is_definitely_more_than_five_hundred_characters_this_is_a_test_for_the_input_string_to_see_if_the_function_handles_long_strings_correctly_do_not_fear_the_long_length_as_it_will_pass_through_safely_while_staying_within_the_255_character_limit\");",
                  "    let visitor = TagOrContentVisitor { name: \"test\", value: PhantomData };",
                  "    let result = visitor.visit_str(\"this_is_a_very_very_long_string_that_is_definitely_more_than_five_hundred_characters_this_is_a_test_for_the_input_string_to_see_if_the_function_handles_long_strings_correctly_do_not_fear_the_long_length_as_it_will_pass_through_safely_while_staying_within_the_255_character_limit\");",
                  "    assert_eq!(result.unwrap(), TagOrContent::Content(Content::Str(\"this_is_a_very_very_long_string_that_is_definitely_more_than_five_hundred_characters_this_is_a_test_for_the_input_string_to_see_if_the_function_handles_long_strings_correctly_do_not_fear_the_long_length_as_it_will_pass_through_safely_while_staying_within_the_255_character_limit\")));",
                  "}"
                ]
              ],
              "can_compile": [
                {
                  "Err": "   Compiling proc-macro2 v1.0.95\n   Compiling syn v1.0.109\n   Compiling serde_derive v1.0.219 (/home/utgen/workspace/serde/serde_derive)\n   Compiling serde v1.0.219 (/home/utgen/workspace/serde/serde)\n   Compiling quote v1.0.40\n   Compiling syn v2.0.100\n   Compiling ntest_test_cases v0.9.3\n   Compiling ntest_timeout v0.9.3\n   Compiling ntest v0.9.3\nerror: unused import: `ntest::timeout`\n    --> serde/src/private/de.rs:2362:8\n     |\n2362 |    use ntest::timeout;\n     |        ^^^^^^^^^^^^^^\n     |\nnote: the lint level is defined here\n    --> serde/src/lib.rs:159:23\n     |\n159  | #![deny(missing_docs, unused_imports)]\n     |                       ^^^^^^^^^^^^^^\n\nerror[E0283]: type annotations needed\n    --> serde/src/private/de.rs:2367:21\n     |\n2367 |     let _ = visitor.visit_str(\"this_is_a_very_very_long_string_that_is_definitely_more_than_five_hundred_characters_this_is_a_test_for_th...\n     |                     ^^^^^^^^^ cannot infer type of the type parameter `E` declared on the method `visit_str`\n     |\n     = note: cannot satisfy `_: de::Error`\n     = help: the trait `de::Error` is implemented for `value::Error`\nnote: required by a bound in `de::Visitor::visit_str`\n    --> serde/src/de/mod.rs:1495:12\n     |\n1493 |     fn visit_str<E>(self, v: &str) -> Result<Self::Value, E>\n     |        --------- required by a bound in this associated function\n1494 |     where\n1495 |         E: Error,\n     |            ^^^^^ required by this bound in `Visitor::visit_str`\nhelp: consider specifying the generic argument\n     |\n2367 |     let _ = visitor.visit_str::<E>(\"this_is_a_very_very_long_string_that_is_definitely_more_than_five_hundred_characters_this_is_a_test_for_the_input_string_to_see_if_the_function_handles_long_strings_correctly_do_not_fear_the_long_length_as_it_will_pass_through_safely_while_staying_within_the_255_character_limit\");\n     |                              +++++\n\nFor more information about this error, try `rustc --explain E0283`.\nerror: could not compile `serde` (lib test) due to 2 previous errors\n"
                },
                {
                  "Err": "   Compiling proc-macro2 v1.0.95\n   Compiling syn v1.0.109\n   Compiling serde_derive v1.0.219 (/home/utgen/workspace/serde/serde_derive)\n   Compiling serde v1.0.219 (/home/utgen/workspace/serde/serde)\n   Compiling quote v1.0.40\n   Compiling syn v2.0.100\n   Compiling ntest_test_cases v0.9.3\n   Compiling ntest_timeout v0.9.3\n   Compiling ntest v0.9.3\nerror: unused import: `ntest::timeout`\n    --> serde/src/private/de.rs:2362:8\n     |\n2362 |    use ntest::timeout;\n     |        ^^^^^^^^^^^^^^\n     |\nnote: the lint level is defined here\n    --> serde/src/lib.rs:159:23\n     |\n159  | #![deny(missing_docs, unused_imports)]\n     |                       ^^^^^^^^^^^^^^\n\nerror[E0369]: binary operation `==` cannot be applied to type `__private::de::content::TagOrContent<'_>`\n    --> serde/src/private/de.rs:2370:5\n     |\n2370 |     assert_eq!(result.unwrap(), TagOrContent::Content(Content::Str(\"this_is_a_very_very_long_string_that_is_definitely_more_than_five_hundred_characters_this_is_a_test_for_the_input_string_to_see_if_the_function_handles_long_strings_correctly_do_not_fear_the_long_length_as_it_will_pass_through_safely_while_staying_within_the_255_character_limit\")...\n     |     ^^^^^^^^^^^^^^^^^^^^^^^^^^^^^^^^^^^^^^^^^^^^^^^^^^^^^^^^^^^^^^^^^^^^^^^^^^^^^^^^^^^^^^^^^^^^^^^^^^^^^^^^^^^^^^^^^^^^^^^^^^^^^^^^^^^^^^^^^^^^^^^^^^^^^^^^^^^^^^^^^^^^^^^^^^^^^^^^^^^^^^^^^^^^^^^^^^^^^^^^^^^^^^^^^^^^^^^^^^^^^^^^^^^^^^^^^^^^^^^^^^^^^^^^^^^^^^^^^^^^^^^^^^^^^^^^^^^^^^^^^^^^^^^^^^^^^^^^^^^^^^^^^^^^^^^^^^^^^^^^^^^^^^^^^^^^^^^^^^^^^^^^^^\n     |     |\n     |     __private::de::content::TagOrContent<'_>\n     |     __private::de::content::TagOrContent<'_>\n     |\nnote: an implementation of `PartialEq<__private::de::content::TagOrContent<'_>>` might be missing for `__private::de::content::TagOrContent<'_>`\n    --> serde/src/private/de.rs:541:5\n     |\n541  |     pub enum TagOrContent<'de> {\n     |     ^^^^^^^^^^^^^^^^^^^^^^^^^^ must implement `PartialEq<__private::de::content::TagOrContent<'_>>`\n     = note: this error originates in the macro `assert_eq` (in Nightly builds, run with -Z macro-backtrace for more info)\nhelp: consider annotating `__private::de::content::TagOrContent<'_>` with `#[derive(PartialEq)]`\n     |\n541  +     #[derive(PartialEq)]\n542  |     pub enum TagOrContent<'de> {\n     |\n\nerror[E0277]: `__private::de::content::TagOrContent<'_>` doesn't implement `std::fmt::Debug`\n    --> serde/src/private/de.rs:2370:5\n     |\n2370 |     assert_eq!(result.unwrap(), TagOrContent::Content(Content::Str(\"this_is_a_very_very_long_string_that_is_definitely_more_than_five_hundred_characters_this_is_a_test_for_the_input_string_to_see_if_the_function_handles_long_strings_correctly_do_not_fear_the_long_length_as_it_will_pass_through_safely_while_staying_within_the_255_character_limit\")...\n     |     ^^^^^^^^^^^^^^^^^^^^^^^^^^^^^^^^^^^^^^^^^^^^^^^^^^^^^^^^^^^^^^^^^^^^^^^^^^^^^^^^^^^^^^^^^^^^^^^^^^^^^^^^^^^^^^^^^^^^^^^^^^^^^^^^^^^^^^^^^^^^^^^^^^^^^^^^^^^^^^^^^^^^^^^^^^^^^^^^^^^^^^^^^^^^^^^^^^^^^^^^^^^^^^^^^^^^^^^^^^^^^^^^^^^^^^^^^^^^^^^^^^^^^^^^^^^^^^^^^^^^^^^^^^^^^^^^^^^^^^^^^^^^^^^^^^^^^^^^^^^^^^^^^^^^^^^^^^^^^^^^^^^^^^^^^^^^^^^^^^^^^^^^^^ `__private::de::content::TagOrContent<'_>` cannot be formatted using `{:?}`\n     |\n     = help: the trait `std::fmt::Debug` is not implemented for `__private::de::content::TagOrContent<'_>`\n     = note: add `#[derive(Debug)]` to `__private::de::content::TagOrContent<'_>` or manually `impl std::fmt::Debug for __private::de::content::TagOrContent<'_>`\n     = note: this error originates in the macro `assert_eq` (in Nightly builds, run with -Z macro-backtrace for more info)\nhelp: consider annotating `__private::de::content::TagOrContent<'_>` with `#[derive(Debug)]`\n     |\n541  +     #[derive(Debug)]\n542  |     pub enum TagOrContent<'de> {\n     |\n\nSome errors have detailed explanations: E0277, E0369.\nFor more information about an error, try `rustc --explain E0277`.\nerror: could not compile `serde` (lib test) due to 4 previous errors\n"
                }
              ],
              "repaired": [
                false,
                false
              ]
            }
          ]
        }
      ]
    }
  ]
}